YAL069W 15 500
YAL068W-A 11 3288
YAL068C 1 14
YAL067W-A 3 39
YAL067C 25 608
YAL066W 4 7
YAL065C 8 915
YAL064W-B 0 0
YAL064C-A 0 0
YAL064W 0 0
YAL063C-A 0 0
YAL063C 10 33
YAL062W 69 3557
YAL061W 49 2886
YAL060W 38 2752
YAL059C-A 5 259
YAL059W 8 507
YAL058W 46 2905
YAL056C-A 8 387
YAL056W 52 2665
YAL055W 10 383
YAL054C 54 3289
YAL053W 47 4224
YAL051W 50 1523
YAL049C 13 298
YAL048C 34 824
YAL047W-A 8 132
YAL047C 20 1570
YAL046C 10 111
YAL045C 5 104
YAL044W-A 9 337
YAL044C 17 472
YAL043C 32 1808
YAL042C-A 15 411
YAL042W 30 792
YAL041W 18 273
YAL040C 19 558
YAL039C 57 3257
YAL038W 28 1391
YAL037C-B 12 486
YAL037C-A 0 0
YAL037W 15 469
YAL036C 23 68197
YAL035W 30 922
YAL034C-B 11 268
YAL034W-A 9 357
YAL034C 25 1002
YAL033W 5 95
YAL032C 17 260
YAL031W-A 4 180
YAL031C 24 1355
YAL030W 9 1317
YAL029C 35 813
YAL028W 17 1308
YAL027W 14 458
YAL026C-A 7 106
YAL026C 32 1570
YAL025C 3 44
YAL024C 33 894
YAL023C 41 1272
YAL022C 14 195
YAL021C 35 1226
YAL020C 28 998
YAL019W-A 17 358
YAL019W 32 2442
YAL018C 7 165
YAL017W 52 3980
YAL016C-B 8 161
YAL016C-A 7 216
YAL016W 12 156
YAL015C 22 649
YAL014C 7 153
YAL013W 10 233
YAL012W 24 846
YAL011W 13 275
YAL010C 16 154
YAL009W 4 54
YAL008W 16 960
YAL007C 11 831
YAL005C 30 1811
YAL004W 10 144
YAL003W 11 115
YAL002W 57 29312
YAL001C 115 4437
YAR002W 58 3603
YAR002C-A 14 2879
YAR003W 51 3139
YAR007C 10 85
YAR008W 17 560
YAR014C 23 1314
YAR015W 10 416
YAR018C 12 668
YAR019C 25 11299
YAR019W-A 6 66
YAR020C 1 71
YAR023C 14 510
YAR027W 8 373
YAR028W 22 734
YAR029W 1 22
YAR030C 8 112
YAR031W 15 483
YAR033W 7 345
YAR035W 114 3543
YAR035C-A 3 20
YAR042W 47 2013
YAR047C 0 0
YAR050W 18 376
YAR053W 0 0
YAR060C 0 0
YAR064W 2 128
YAR066W 0 0
YAR068W 1 6
YAR069C 0 0
YAR070C 0 0
YAR071W 5 57
YAR073W 7 364
YAR075W 1 2
YBL113C 1 5
YBL113W-A 0 0
YBL112C 0 0
YBL111C 0 0
YBL109W 13 522
YBL108C-A 0 0
YBL108W 13 3268
YBL107W-A 0 0
YBL107C 12 252
YBL106C 31 762
YBL105C 31 432
YBL104C 74 3245
YBL103C 13 656
YBL102W 4 97
YBL101C 59 2130
YBL100W-C 7 32
YBL100C 3 7
YBL099W 15 199
YBL098W 25 693
YBL097W 30 665
YBL096C 12 126
YBL095W 19 143
YBL094C 2 3
YBL093C 16 505
YBL092W 2 10
YBL091C-A 10 298
YBL091C 24 1522
YBL090W 8 46
YBL089W 15 157
YBL088C 85 2444
YBL087C 14 266
YBL086C 6 42
YBL085W 23 1766
YBL084C 23 886
YBL083C 9 64
YBL082C 21 218
YBL081W 13 181
YBL080C 26 606
YBL079W 48 1797
YBL078C 0 0
YBL077W 13 392
YBL076C 28 1567
YBL075C 26 392
YBL074C 20 568
YBL073W 15 5019
YBL072C 7 151
YBL071C-B 0 0
YBL071W-A 7 54
YBL071C 6 169
YBL070C 11 157
YBL069W 28 1154
YBL068W-A 0 0
YBL068W 19 850
YBL067C 12 16430
YBL066C 47 1805
YBL065W 6 292
YBL064C 24 1092
YBL063W 36 1345
YBL062W 5 59
YBL061C 29 502
YBL060W 28 532
YBL059C-A 1 9
YBL059W 3 318
YBL058W 23 503
YBL057C 13 316
YBL056W 22 524
YBL055C 22 734
YBL054W 20 533
YBL053W 6 257
YBL052C 25 757
YBL051C 20 930
YBL050W 9 213
YBL049W 6 234
YBL048W 3 73
YBL047C 52 1175
YBL046W 15 927
YBL045C 20 456
YBL044W 37 10354
YBL043W 12 210
YBL042C 28 192
YBL041W 8 319
YBL040C 9 362
YBL039W-B 0 0
YBL039C 23 693
YBL039C-A 1 16
YBL038W 13 326
YBL037W 42 1292
YBL036C 10 56
YBL035C 33 538
YBL034C 40 805
YBL033C 17 395
YBL032W 21 239
YBL031W 27 1948
YBL030C 17 622
YBL029C-A 9 604
YBL029W 27 1098
YBL028C 3 14
YBL027W 2 50
YBL026W 5 61
YBL025W 7 164
YBL024W 18 5211
YBL023C 22 389
YBL022C 26 322
YBL021C 15 355
YBL020W 21 434
YBL019W 17 340
YBL018C 15 350
YBL017C 71 1774
YBL016W 30 889
YBL015W 60 2223
YBL014C 25 861
YBL013W 50 1120
YBL012C 8 335
YBL011W 23 813
YBL010C 8 246
YBL009W 25 453
YBL008W-A 2 46
YBL008W 21 271
YBL007C 31 461
YBL006C 10 1158
YBL006W-A 6 1116
YBL005W 37 496
YBL004W 37 776
YBL003C 5 63
YBL002W 28 1577
YBL001C 25 25382
YBR001C 102 6794
YBR002C 23 690
YBR003W 24 356
YBR004C 27 400
YBR005W 16 701
YBR006W 45 3105
YBR007C 34 1188
YBR008C 44 864
YBR009C 1 5
YBR010W 6 43
YBR011C 15 231
YBR012C 0 0
YBR013C 8 109
YBR014C 6 70
YBR015C 21 245
YBR016W 5 414
YBR017C 23 333
YBR018C 15 213
YBR019C 56 1054
YBR020W 38 872
YBR021W 34 615
YBR022W 13 264
YBR023C 48 1795
YBR024W 10 203
YBR025C 23 475
YBR026C 13 510
YBR027C 19 284
YBR028C 6 9
YBR029C 19 319
YBR030W 13 171
YBR031W 2 207
YBR032W 29 28647
YBR033W 39 1193
YBR034C 30 1379
YBR035C 25 384
YBR036C 10 1074
YBR037C 17 278
YBR038W 47 1739
YBR039W 6 83
YBR040W 4 34
YBR041W 11 342
YBR042C 10 244
YBR043C 24 948
YBR044C 16 394
YBR045C 15 553
YBR046C 11 183
YBR047W 9 125
YBR048W 3 141
YBR049C 33 631
YBR050C 13 489
YBR051W 7 75
YBR052C 14 215
YBR053C 22 1600
YBR054W 23 4574
YBR055C 39 1001
YBR056W 10 151
YBR056W-A 4 343
YBR056C-B 3 319
YBR057C 16 217
YBR058C 19 652
YBR058C-A 5 22
YBR059C 31 449
YBR060C 17 275
YBR061C 20 359
YBR062C 3 8
YBR063C 9 273
YBR064W 2 60
YBR065C 12 242
YBR066C 12 2139
YBR067C 2 7
YBR068C 38 1114
YBR069C 33 961
YBR070C 23 1208
YBR071W 8 218
YBR072W 11 702
YBR072C-A 14 551
YBR073W 19 200
YBR074W 31 619
YBR076W 18 582
YBR076C-A 11 791
YBR077C 11 378
YBR078W 43 3121
YBR079C 33 919
YBR080C 18 246
YBR081C 39 844
YBR082C 19 944
YBR083W 26 1415
YBR084W 21 446
YBR084C-A 4 46
YBR085W 12 199
YBR085C-A 5 135
YBR086C 30 928
YBR087W 13 335
YBR088C 11 106
YBR089W 9 45
YBR089C-A 16 986
YBR090C 27 1622
YBR091C 7 32
YBR092C 14 416
YBR093C 22 508
YBR094W 32 1771
YBR095C 13 559
YBR096W 6 50
YBR097W 25 324
YBR098W 24 1050
YBR099C 2 434
YBR101C 8 152
YBR102C 26 454
YBR103W 12 160
YBR103C-A 11 868
YBR104W 14 285
YBR105C 19 537
YBR106W 11 193
YBR107C 7 312
YBR108W 35 915
YBR109C 2 2
YBR109W-A 6 126
YBR110W 7 111
YBR111C 14 960
YBR111W-A 1 39
YBR112C 23 537
YBR113W 5 33
YBR114W 29 1623
YBR115C 60 1459
YBR116C 19 1344
YBR117C 49 1480
YBR118W 0 0
YBR119W 10 92
YBR120C 2 11
YBR121C 5 30
YBR121C-A 0 0
YBR122C 3 36
YBR123C 12 187
YBR124W 12 196
YBR125C 20 347
YBR126C 39 825
YBR126W-A 11 427
YBR126W-B 8 154
YBR127C 15 315
YBR128C 30 544
YBR129C 10 129
YBR130C 9 184
YBR131W 23 178
YBR131C-A 0 0
YBR132C 41 1387
YBR133C 51 1145
YBR134W 21 400
YBR135W 6 99
YBR136W 51 2418
YBR137W 11 665
YBR138C 30 815
YBR139W 29 711
YBR140C 93 3552
YBR141C 16 468
YBR141W-A 0 0
YBR142W 37 1020
YBR143C 8 223
YBR144C 13 188
YBR145W 19 239
YBR146W 11 290
YBR147W 14 497
YBR148W 21 393
YBR149W 25 328
YBR150C 38 593
YBR151W 23 941
YBR152W 10 187
YBR153W 7 67
YBR154C 1 3
YBR155W 11 166
YBR156C 19 268
YBR157C 20 2494
YBR158W 19 418
YBR159W 11 64
YBR160W 17 593
YBR161W 3 6
YBR162C 24 298
YBR162W-A 1 4
YBR163W 20 247
YBR164C 8 589
YBR165W 8 236
YBR166C 18 307
YBR167C 9 131
YBR168W 8 247
YBR169C 28 11151
YBR170C 29 575
YBR171W 8 104
YBR172C 17 336
YBR173C 2 65
YBR174C 5 103
YBR175W 14 924
YBR176W 11 5549
YBR177C 20 756
YBR178W 16 376
YBR179C 28 590
YBR180W 15 592
YBR181C 7 225
YBR182C 15 355
YBR182C-A 1 3
YBR183W 21 191
YBR184W 15 183
YBR185C 9 166
YBR186W 41 1895
YBR187W 6 115
YBR188C 9 135
YBR189W 7 97
YBR190W 1 2
YBR191W 2 5
YBR191W-A 0 0
YBR192W 11 168
YBR193C 7 408
YBR194W 8 167
YBR195C 13 204
YBR196C 15 458
YBR196C-A 10 1501
YBR196C-B 8 1111
YBR197C 30 1481
YBR198C 14 246
YBR199W 22 240
YBR200W 7 40
YBR200W-A 1 4
YBR201W 6 81
YBR201C-A 8 170
YBR202W 36 2075
YBR203W 46 1150
YBR204C 16 298
YBR205W 23 1854
YBR206W 10 129
YBR207W 23 829
YBR208C 72 1084
YBR209W 16 824
YBR210W 3 33
YBR211C 9 344
YBR212W 28 671
YBR213W 22 630
YBR214W 39 1407
YBR215W 19 611
YBR216C 17 688
YBR217W 3 11
YBR218C 54 992
YBR219C 32 2446
YBR220C 25 606
YBR221C 25 1537
YBR221W-A 7 244
YBR222C 26 328
YBR223C 21 232
YBR223W-A 5 45
YBR224W 8 199
YBR225W 18 219
YBR226C 3 35
YBR227C 4 60
YBR228W 16 247
YBR229C 36 816
YBR230C 8 275
YBR230W-A 18 1149
YBR231C 16 190
YBR232C 3 112
YBR233W 14 220
YBR233W-A 5 50
YBR234C 17 206
YBR235W 59 1714
YBR236C 14 363
YBR237W 24 365
YBR238C 22 920
YBR239C 51 1475
YBR240C 24 269
YBR241C 44 3601
YBR242W 26 2979
YBR243C 12 308
YBR244W 6 147
YBR245C 33 2230
YBR246W 18 478
YBR247C 5 104
YBR248C 28 512
YBR249C 13 367
YBR250W 19 876
YBR251W 12 136
YBR252W 9 51
YBR253W 3 26
YBR254C 3 115
YBR255W 44 1742
YBR255C-A 7 583
YBR256C 12 167
YBR257W 10 94
YBR258C 8 97
YBR259W 19 237
YBR260C 43 937
YBR261C 19 1083
YBR262C 13 325
YBR263W 18 298
YBR264C 11 110
YBR265W 11 596
YBR267W 10 260
YBR266C 0 0
YBR268W 4 32
YBR269C 7 150
YBR270C 13 139
YBR271W 26 420
YBR272C 17 618
YBR273C 15 633
YBR274W 11 324
YBR275C 68 1950
YBR276C 42 1038
YBR277C 12 502
YBR278W 17 791
YBR279W 10 393
YBR280C 32 2543
YBR281C 24 617
YBR282W 7 113
YBR283C 22 733
YBR284W 48 2175
YBR285W 0 0
YBR286W 52 1145
YBR287W 12 352
YBR288C 20 814
YBR289W 20 1406
YBR290W 12 340
YBR291C 27 471
YBR292C 6 82
YBR293W 16 836
YBR294W 41 977
YBR295W 50 2126
YBR296C 29 899
YBR296C-A 11 592
YBR297W 22 396
YBR298C 47 1272
YBR298C-A 13 212
YBR299W 9 727
YBR300C 2 4
YBR301W 2 64
YBR302C 0 0
YCL076W 13 290
YCL073C 6 105
YCL069W 2 86
YCL068C 0 0
YCL067C 0 0
YCL066W 0 0
YCL065W 2 60
YCL064C 14 200
YCL063W 16 391
YCL061C 20 347
YCL059C 8 165
YCL058C 12 407
YCL058W-A 8 314
YCL057C-A 12 383
YCL057W 23 1030
YCL056C 1 1
YCL055W 6 215
YCL054W 14 352
YCL052C 10 440
YCL051W 13 123
YCL050C 16 245
YCL049C 12 409
YCL048W-A 2 51
YCL048W 21 668
YCL047C 14 486
YCL045C 31 769
YCL046W 2 12
YCL044C 13 625
YCL043C 29 615
YCL041C 12 216
YCL042W 26 2024
YCL040W 102 10256
YCL039W 52 751
YCL038C 9 152
YCL037C 12 243
YCL036W 31 1074
YCL035C 9 368
YCL034W 23 356
YCL033C 5 79
YCL032W 15 956
YCL031C 11 251
YCL030C 44 1713
YCL029C 29 3770
YCL028W 12 281
YCL027W 23 477
YCL026C-B 3 226
YCL026C-A 6 103
YCL025C 58 2512
YCL023C 10 491
YCL024W 39 1657
YCL022C 7 362
YCL021W-A 7 66
YCL018W 15 363
YCL017C 19 469
YCL016C 13 150
YCL014W 42 1660
YCL012C 9 197
YCL011C 26 666
YCL010C 23 1100
YCL009C 19 188
YCL008C 21 776
YCL007C 6 62
YCL005W-A 7 75
YCL005W 9 256
YCL004W 22 451
YCL002C 18 395
YCL001W 4 50
YCL001W-A 2 9
YCL001W-B 1 113
YCR001W 11 637
YCR002C 13 280
YCR003W 10 193
YCR004C 8 742
YCR005C 48 1377
YCR006C 35 2495
YCR007C 9 132
YCR008W 26 643
YCR009C 7 328
YCR010C 20 536
YCR011C 70 2759
YCR012W 9 310
YCR013C 4 162
YCR014C 16 410
YCR015C 14 484
YCR016W 10 356
YCR017C 42 1830
YCR018C 8 318
YCR018C-A 5 108
YCR019W 20 510
YCR020C 12 471
YCR020C-A 4 69
YCR020W-B 0 0
YCR021C 35 1116
YCR022C 26 987
YCR023C 35 907
YCR024C 18 314
YCR024C-B 11 328
YCR024C-A 1 8
YCR025C 23 2665
YCR026C 35 1324
YCR027C 0 0
YCR028C 23 432
YCR028C-A 3 6
YCR030C 32 39460
YCR031C 20 221
YCR032W 66 2707
YCR033W 37 743
YCR034W 6 142
YCR035C 3 55
YCR036W 19 1035
YCR037C 21 424
YCR038C 7 12
YCR038W-A 0 0
YCR039C 0 0
YCR040W 0 0
YCR041W 3 48
YCR042C 46 851
YCR043C 7 1175
YCR044C 15 449
YCR045C 20 179
YCR045W-A 4 38
YCR046C 10 172
YCR047C 10 294
YCR047W-A 2 10
YCR049C 16 473
YCR048W 40 1620
YCR050C 4 53
YCR051W 16 311
YCR052W 19 598
YCR053W 19 643
YCR054C 7 91
YCR057C 22 426
YCR059C 24 462
YCR060W 7 82
YCR061W 54 1571
YCR064C 18 2700
YCR063W 25 3581
YCR065W 28 1502
YCR066W 12 565
YCR067C 42 1081
YCR068W 28 807
YCR069W 14 218
YCR071C 15 932
YCR072C 26 503
YCR073C 39 821
YCR073W-A 15 1685
YCR075C 11 1013
YCR075W-A 0 0
YCR076C 15 268
YCR077C 31 659
YCR079W 27 661
YCR081W 42 1099
YCR081C-A 3 10
YCR082W 14 383
YCR083W 10 150
YCR084C 24 581
YCR085W 3 37
YCR086W 13 142
YCR087W 18 3639
YCR087C-A 13 73
YCR088W 21 499
YCR089W 30 11479
YCR090C 11 321
YCR091W 34 1196
YCR092C 26 405
YCR093W 44 1093
YCR094W 8 141
YCR095C 6 194
YCR095W-A 1 10
YCR096C 0 0
YCR097W 1 1
YCR097W-A 2 11
YCR098C 20 322
YCR099C 4 165
YCR100C 19 575
YCR101C 8 273
YCR102C 26 554
YCR102W-A 0 0
YCR104W 5 47
YCR105W 26 987
YCR106W 20 938
YCR107W 11 211
YCR108C 8 304
YDL248W 2 2
YDL247W-A 0 0
YDL247W 0 0
YDL246C 0 0
YDL245C 0 0
YDL244W 8 216
YDL243C 10 273
YDL242W 19 776
YDL241W 4 87
YDL240C-A 18 2233
YDL240W 23 1703
YDL239C 13 367
YDL238C 35 1329
YDL237W 13 195
YDL236W 11 3724
YDL235C 3 17
YDL234C 23 1044
YDL233W 10 281
YDL232W 2 48
YDL231C 61 1598
YDL230W 18 308
YDL229W 15 321
YDL228C 4 253
YDL227C 9 586
YDL226C 13 201
YDL225W 16 213
YDL224C 15 122
YDL223C 55 1744
YDL222C 29 657
YDL221W 40 2719
YDL220C 73 3483
YDL219W 3 36
YDL218W 16 113
YDL217C 8 235
YDL216C 14 252
YDL215C 69 11402
YDL214C 45 852
YDL213C 13 113
YDL212W 2 24
YDL211C 6 45
YDL210W 22 405
YDL209C 9 115
YDL208W 4 9
YDL207W 11 135
YDL206W 23 409
YDL205C 22 530
YDL204W 41 585
YDL203C 16 365
YDL202W 4 77
YDL201W 18 468
YDL200C 9 813
YDL199C 14 266
YDL198C 23 368
YDL197C 41 2685
YDL196W 11 174
YDL195W 18 333
YDL194W 15 383
YDL193W 12 233
YDL192W 12 137
YDL191W 3 70
YDL190C 31 454
YDL189W 7 62
YDL188C 18 354
YDL187C 4 24
YDL186W 11 531
YDL185C-A 2 457
YDL185W 22 389
YDL184C 1 3
YDL183C 23 637
YDL182W 41 1515
YDL181W 7 313
YDL180W 12 578
YDL179W 6 28
YDL178W 30 544
YDL177C 6 200
YDL176W 16 488
YDL175C 13 1906
YDL174C 32 745
YDL173W 7 81
YDL172C 1 1
YDL171C 78 2215
YDL170W 34 643
YDL169C 15 191
YDL168W 15 547
YDL167C 16 1734
YDL166C 4 21
YDL165W 9 139
YDL164C 31 1163
YDL163W 4 31
YDL162C 11 493
YDL161W 12 330
YDL160C-A 7 259
YDL160C 15 147
YDL159W-A 5 128
YDL159W 20 833
YDL159C-B 1 1
YDL158C 2 83
YDL157C 4 23
YDL156W 38 2594
YDL155W 27 572
YDL154W 24 538
YDL153C 5 78
YDL152W 2 20
YDL151C 5 66
YDL150W 12 371
YDL149W 21 836
YDL148C 23 475
YDL147W 12 274
YDL146W 9 305
YDL145C 37 702
YDL144C 20 1051
YDL143W 20 239
YDL142C 14 3093
YDL141W 23 355
YDL140C 56 989
YDL139C 6 81
YDL138W 38 1019
YDL137W 28 5197
YDL136W 3 25
YDL135C 18 721
YDL134C 13 401
YDL133C-A 0 0
YDL133W 12 482
YDL132W 31 685
YDL131W 38 2039
YDL130W-A 3 46
YDL130W 8 185
YDL129W 9 87
YDL128W 17 1212
YDL127W 39 5992
YDL126C 27 646
YDL125C 16 137
YDL124W 24 1004
YDL123W 10 98
YDL122W 36 1476
YDL121C 6 124
YDL120W 6 58
YDL119C 14 814
YDL118W 6 557
YDL117W 31 2642
YDL116W 15 283
YDL115C 22 543
YDL114W-A 4 239
YDL114W 7 199
YDL113C 25 568
YDL112W 63 1514
YDL111C 23 405
YDL110C 17 135
YDL109C 27 559
YDL108W 14 290
YDL107W 17 251
YDL106C 25 806
YDL105W 7 37
YDL104C 23 898
YDL103C 12 437
YDL102W 27 460
YDL101C 13 278
YDL100C 11 268
YDL099W 11 332
YDL098C 10 255
YDL097C 15 314
YDL096C 4 141
YDL095W 36 1052
YDL094C 22 2118
YDL093W 27 1320
YDL092W 17 555
YDL091C 13 161
YDL090C 11 140
YDL089W 32 876
YDL088C 21 335
YDL087C 7 168
YDL086W 25 1033
YDL086C-A 20 958
YDL085C-A 7 265
YDL085W 31 474
YDL084W 11 120
YDL083C 3 60
YDL082W 8 242
YDL081C 0 0
YDL080C 25 261
YDL079C 31 1342
YDL078C 12 107
YDL077C 34 395
YDL076C 14 337
YDL075W 0 0
YDL074C 11 238
YDL073W 18 171
YDL072C 13 261
YDL071C 12 275
YDL070W 17 948
YDL069C 8 300
YDL068W 6 197
YDL067C 5 33
YDL066W 29 848
YDL065C 18 798
YDL064W 14 627
YDL063C 24 659
YDL062W 7 108
YDL061C 2 13
YDL060W 22 378
YDL059C 11 216
YDL058W 33 642
YDL057W 16 363
YDL056W 38 530
YDL055C 12 132
YDL054C 33 2183
YDL053C 4 99
YDL052C 24 793
YDL051W 14 1288
YDL050C 7 366
YDL049C 29 1069
YDL048C 51 1773
YDL047W 15 142
YDL046W 11 162
YDL045W-A 4 41
YDL045C 5 72
YDL044C 13 306
YDL043C 4 164
YDL042C 33 1936
YDL041W 14 1297
YDL040C 17 378
YDL039C 32 523
YDL037C 5 122
YDL036C 24 18443
YDL035C 16 241
YDL034W 4 20
YDL033C 18 1822
YDL032W 3 1653
YDL031W 22 460
YDL030W 11 164
YDL029W 9 63
YDL028C 17 391
YDL027C 7 549
YDL026W 2 21
YDL025C 17 278
YDL025W-A 0 0
YDL024C 28 985
YDL022C-A 5 105
YDL023C 6 59
YDL022W 20 727
YDL021W 18 382
YDL020C 13 201
YDL019C 60 2000
YDL018C 7 15
YDL017W 25 622
YDL016C 1 1
YDL015C 3 92
YDL014W 16 226
YDL013W 14 325
YDL012C 10 85
YDL011C 6 114
YDL010W 7 115
YDL009C 0 0
YDL008W 4 65
YDL007C-A 7 61
YDL007W 14 180
YDL006W 14 286
YDL005C 10 82
YDL004W 1 3
YDL003W 22 544
YDL002C 12 312
YDL001W 51 3931
YDR001C 96 4104
YDR002W 7 173
YDR003W 11 272
YDR003W-A 3 367
YDR004W 23 298
YDR005C 15 4782
YDR006C 27 595
YDR007W 13 1723
YDR008C 14 2412
YDR009W 41 1191
YDR010C 30 19769
YDR011W 84 2192
YDR012W 1 28
YDR013W 2 5
YDR014W 13 231
YDR014W-A 8 482
YDR015C 4 68
YDR016C 2 3
YDR017C 41 2929
YDR018C 20 216
YDR019C 20 527
YDR020C 16 603
YDR021W 4 74
YDR022C 19 298
YDR023W 11 71
YDR024W 10 105
YDR025W 1 16
YDR026C 31 2738
YDR027C 20 300
YDR028C 31 596
YDR029W 1 1
YDR030C 33 770
YDR031W 0 0
YDR032C 8 125
YDR033W 25 518
YDR034C 27 1270
YDR034C-A 1 35
YDR034W-B 0 0
YDR035W 17 324
YDR036C 14 183
YDR037W 28 450
YDR038C 7 63
YDR039C 0 0
YDR040C 4 46
YDR041W 8 248
YDR042C 1 95
YDR043C 11 82
YDR044W 7 591
YDR045C 6 73
YDR046C 30 578
YDR047W 18 1273
YDR048C 11 388
YDR049W 15 360
YDR050C 9 142
YDR051C 21 668
YDR052C 8 259
YDR053W 2 100
YDR054C 8 114
YDR055W 17 326
YDR056C 11 119
YDR057W 17 146
YDR058C 1 11
YDR059C 7 68
YDR060W 23 514
YDR061W 30 1303
YDR062W 22 252
YDR063W 3 108
YDR064W 6 159
YDR065W 11 402
YDR066C 14 1335
YDR067C 9 191
YDR068W 3 43
YDR069C 28 657
YDR070C 9 116
YDR071C 10 325
YDR072C 43 1885
YDR073W 12 165
YDR074W 43 662
YDR075W 13 1045
YDR076W 75 1407
YDR077W 26 654
YDR078C 18 460
YDR079W 5 510
YDR079C-A 3 24
YDR080W 31 592
YDR081C 15 226
YDR082W 21 478
YDR083W 13 164
YDR084C 10 45
YDR085C 22 608
YDR086C 1 6
YDR087C 5 39
YDR088C 14 287
YDR089W 34 427
YDR090C 11 202
YDR091C 18 290
YDR092W 8 203
YDR093W 119 8214
YDR094W 34 5946
YDR095C 29 1922
YDR096W 18 196
YDR097C 29 409
YDR098C 13 155
YDR099W 21 268
YDR100W 6 285
YDR101C 12 161
YDR102C 11 534
YDR103W 19 459
YDR104C 40 852
YDR105C 17 664
YDR106W 15 135
YDR107C 27 413
YDR108W 21 610
YDR109C 22 801
YDR110W 19 355
YDR111C 24 402
YDR112W 11 278
YDR113C 9 128
YDR114C 14 170
YDR115W 1 57
YDR116C 6 68
YDR117C 19 453
YDR118W 15 240
YDR118W-A 1 2
YDR119W 36 2269
YDR119W-A 9 1035
YDR120C 17 802
YDR121W 2 3
YDR122W 16 250
YDR123C 11 229
YDR124W 17 198
YDR125C 5 39
YDR126W 18 245
YDR127W 49 2108
YDR128W 44 1189
YDR129C 19 532
YDR130C 6 48
YDR131C 19 634
YDR132C 26 1030
YDR133C 1 2
YDR135C 55 1431
YDR136C 24 843
YDR137W 24 474
YDR138W 14 207
YDR139C 4 91
YDR140W 8 203
YDR141C 30 490
YDR142C 15 215
YDR143C 11 761
YDR144C 27 575
YDR145W 4 79
YDR146C 27 494
YDR147W 14 543
YDR148C 18 171
YDR149C 0 0
YDR150W 88 5397
YDR151C 15 2219
YDR152W 12 269
YDR153C 14 306
YDR154C 4 449
YDR155C 9 137
YDR156W 12 343
YDR157W 19 1007
YDR158W 11 149
YDR159W 25 927
YDR160W 24 379
YDR161W 6 18
YDR162C 4 94
YDR163W 10 455
YDR164C 20 663
YDR165W 10 157
YDR166C 19 988
YDR167W 4 98
YDR168W 15 363
YDR169C 6 192
YDR169C-A 8 1238
YDR170C 40 659
YDR171W 14 234
YDR172W 38 1192
YDR173C 8 141
YDR174W 16 197
YDR175C 12 251
YDR176W 28 492
YDR177W 16 105
YDR178W 15 89
YDR179C 8 148
YDR179W-A 14 148
YDR180W 29 1493
YDR181C 7 145
YDR182W 18 593
YDR182W-A 3 9
YDR183W 8 116
YDR183C-A 3 36
YDR184C 7 99
YDR185C 12 99
YDR186C 41 1274
YDR187C 25 956
YDR188W 40 1449
YDR189W 24 669
YDR190C 11 305
YDR191W 23 368
YDR192C 10 1621
YDR193W 6 1518
YDR194C 9 252
YDR194W-A 2 15
YDR195W 15 178
YDR196C 11 100
YDR197W 14 175
YDR198C 19 527
YDR199W 2 35
YDR200C 23 422
YDR201W 8 140
YDR202C 11 475
YDR203W 1 45
YDR204W 14 261
YDR205W 27 307
YDR206W 23 471
YDR207C 42 887
YDR208W 42 994
YDR209C 6 33
YDR210W 4 18
YDR211W 20 410
YDR212W 13 346
YDR213W 25 1614
YDR214W 48 1734
YDR215C 41 2924
YDR216W 44 612
YDR217C 37 1208
YDR218C 13 239
YDR219C 9 197
YDR220C 8 1167
YDR221W 29 455
YDR222W 9 75
YDR223W 15 2315
YDR224C 5 74
YDR225W 6 47
YDR226W 13 387
YDR227W 20 283
YDR228C 8 151
YDR229W 16 1251
YDR230W 9 183
YDR231C 16 233
YDR232W 23 320
YDR233C 16 155
YDR234W 42 2530
YDR235W 6 155
YDR236C 20 741
YDR237W 8 133
YDR238C 18 463
YDR239C 17 571
YDR240C 11 98
YDR241W 5 310
YDR242W 23 593
YDR243C 21 356
YDR244W 30 350
YDR245W 9 120
YDR246W 20 444
YDR246W-A 23 9060
YDR247W 17 473
YDR248C 10 129
YDR249C 22 426
YDR250C 17 1016
YDR251W 24 619
YDR252W 1 10
YDR253C 10 78
YDR254W 20 285
YDR255C 13 266
YDR256C 37 1098
YDR257C 11 137
YDR258C 42 2021
YDR259C 10 395
YDR260C 32 2656
YDR261C 30 1058
YDR262W 8 247
YDR263C 16 577
YDR264C 38 1797
YDR265W 6 98
YDR266C 22 278
YDR267C 15 347
YDR268W 15 284
YDR269C 2 5
YDR270W 35 890
YDR271C 8 277
YDR272W 11 271
YDR273W 9 99
YDR274C 44 14763
YDR275W 19 281
YDR276C 3 15
YDR277C 36 1504
YDR278C 8 396
YDR279W 6 123
YDR280W 7 41
YDR281C 0 0
YDR282C 21 546
YDR283C 61 1114
YDR284C 20 563
YDR285W 19 285
YDR286C 6 89
YDR287W 5 229
YDR288W 9 215
YDR289C 7 106
YDR290W 4 326
YDR291W 46 1857
YDR292C 15 285
YDR293C 56 1026
YDR294C 30 995
YDR295C 13 1201
YDR296W 6 65
YDR297W 18 421
YDR298C 2 11
YDR299W 12 213
YDR300C 22 341
YDR301W 38 831
YDR302W 3 13
YDR303C 26 806
YDR304C 25 615
YDR305C 18 908
YDR306C 15 326
YDR307W 15 266
YDR308C 3 34
YDR309C 12 198
YDR310C 38 667
YDR311W 24 461
YDR312W 11 336
YDR313C 16 253
YDR314C 22 282
YDR315C 7 260
YDR316W 18 536
YDR317W 16 264
YDR318W 11 104
YDR319C 8 205
YDR320C 16 359
YDR320C-A 1 27
YDR320W-B 3 53
YDR321W 17 314
YDR322W 26 910
YDR322C-A 2 19
YDR323C 38 863
YDR324C 14 252
YDR325W 21 607
YDR326C 58 1585
YDR327W 6 208
YDR328C 11 194
YDR329C 16 365
YDR330W 25 408
YDR331W 13 118
YDR332W 12 232
YDR333C 23 774
YDR334W 40 984
YDR335W 31 553
YDR336W 18 812
YDR337W 9 59
YDR338C 30 1315
YDR339C 6 129
YDR340W 3 54
YDR341C 15 339
YDR342C 2 1318
YDR343C 2 11
YDR344C 19 435
YDR345C 38 1422
YDR346C 27 538
YDR347W 13 255
YDR348C 27 695
YDR349C 22 360
YDR350C 14 345
YDR351W 23 292
YDR352W 7 84
YDR353W 21 927
YDR354W 18 280
YDR354C-A 1 36
YDR355C 4 11
YDR356W 20 497
YDR357C 19 1011
YDR358W 19 361
YDR359C 22 786
YDR360W 1 7
YDR361C 7 89
YDR362C 30 749
YDR363W 19 201
YDR363W-A 1 6
YDR364C 20 349
YDR365C 11 114
YDR366C 16 463
YDR367W 8 50
YDR368W 9 605
YDR369C 23 426
YDR370C 13 787
YDR371W 33 780
YDR371C-A 1 3
YDR372C 10 625
YDR373W 4 29
YDR374C 11 154
YDR374W-A 2 6
YDR375C 24 1018
YDR376W 30 679
YDR377W 14 418
YDR378C 3 16
YDR379W 43 20836
YDR379C-A 6 109
YDR380W 33 693
YDR381W 20 463
YDR381C-A 1 1
YDR382W 2 4
YDR383C 14 612
YDR384C 27 1392
YDR385W 5 83
YDR386W 24 1697
YDR387C 22 602
YDR388W 16 475
YDR389W 32 307
YDR390C 20 352
YDR391C 10 1957
YDR392W 19 370
YDR393W 17 381
YDR394W 17 416
YDR395W 31 629
YDR396W 20 460
YDR397C 22 462
YDR398W 13 308
YDR399W 13 394
YDR400W 26 1988
YDR401W 10 191
YDR402C 19 312
YDR403W 29 585
YDR404C 7 56
YDR405W 37 777
YDR406W 123 72528
YDR406W-A 2 19
YDR407C 36 974
YDR408C 7 108
YDR409W 30 1384
YDR410C 22 623
YDR411C 16 1021
YDR412W 0 0
YDR413C 0 0
YDR414C 21 696
YDR415C 24 1063
YDR416W 30 552
YDR417C 4 100
YDR418W 4 100
YDR419W 32 749
YDR420W 40 690
YDR421W 36 716
YDR422C 39 3993
YDR423C 32 2492
YDR424C 5 28
YDR425W 26 353
YDR426C 12 218
YDR427W 12 400
YDR428C 14 474
YDR429C 5 126
YDR430C 35 1214
YDR431W 4 48
YDR432W 30 603
YDR433W 13 218
YDR434W 10 149
YDR435C 17 459
YDR436W 45 1497
YDR437W 17 1021
YDR438W 14 163
YDR439W 2 35
YDR440W 25 627
YDR441C 12 2443
YDR442W 5 110
YDR443C 44 1723
YDR444W 25 593
YDR445C 19 5779
YDR446W 19 334
YDR447C 15 109
YDR448W 10 118
YDR449C 10 154
YDR450W 2 5
YDR451C 12 2996
YDR452W 45 1720
YDR453C 19 98115
YDR454C 4 52
YDR455C 13 242
YDR456W 30 606
YDR457W 118 2649
YDR458C 18 387
YDR459C 23 564
YDR460W 13 129
YDR461W 3 59
YDR461C-A 9 30
YDR462W 12 441
YDR463W 42 1195
YDR464W 25 338
YDR464C-A 0 0
YDR465C 11 198
YDR466W 26 494
YDR467C 9 595
YDR468C 10 180
YDR469W 5 92
YDR470C 23 941
YDR471W 11 298
YDR472W 13 445
YDR473C 13 332
YDR475C 49 1514
YDR476C 38 2453
YDR477W 35 772
YDR478W 13 239
YDR479C 23 439
YDR480W 22 440
YDR481C 40 1081
YDR482C 28 644
YDR483W 12 264
YDR484W 19 391
YDR485C 21 410
YDR486C 8 116
YDR487C 7 36
YDR488C 59 7287
YDR489W 14 632
YDR490C 42 4949
YDR491C 28 860
YDR492W 9 27
YDR493W 13 222
YDR494W 5 312
YDR495C 17 258
YDR496C 26 600
YDR497C 44 1989
YDR498C 6 258
YDR499W 22 332
YDR500C 3 8
YDR501W 8 146
YDR502C 32 412
YDR503C 8 288
YDR504C 2 2
YDR505C 22 1003
YDR506C 48 4124
YDR507C 41 875
YDR508C 27 275
YDR509W 7 81
YDR510W 5 60
YDR510C-A 1 4
YDR511W 8 181
YDR512C 28 853
YDR513W 5 96
YDR514C 23 3306
YDR515W 6 97
YDR516C 25 1607
YDR517W 32 553
YDR518W 24 1954
YDR519W 4 83
YDR520C 17 343
YDR521W 6 132
YDR522C 15 535
YDR523C 26 507
YDR524C 14 274
YDR524W-C 2 14
YDR524C-B 4 50
YDR524C-A 9 669
YDR525W 23 2242
YDR525W-A 16 732
YDR526C 9 397
YDR527W 32 2122
YDR528W 22 357
YDR529C 5 72
YDR530C 31 607
YDR531W 21 313
YDR532C 3 53
YDR533C 10 396
YDR534C 15 646
YDR535C 38 5070
YDR536W 30 506
YDR537C 6 32
YDR538W 9 52
YDR539W 20 235
YDR540C 4 66
YDR541C 21 741
YDR542W 2 90
YDR543C 11 1540
YDR544C 9 440
YDR545W 0 0
YDR545C-A 0 0
YEL077C 12 920
YEL077W-A 0 0
YEL076C-A 0 0
YEL076C 0 0
YEL075W-A 0 0
YEL075C 0 0
YEL074W 11 1061
YEL073C 4 61
YEL072W 25 874
YEL071W 26 790
YEL070W 14 276
YEL069C 28 442
YEL068C 4 93
YEL067C 35 4106
YEL066W 18 539
YEL065W 54 1565
YEL064C 17 179
YEL063C 16 689
YEL062W 22 571
YEL061C 28 1149
YEL060C 34 1224
YEL059C-A 4 29
YEL059W 26 6382
YEL058W 24 471
YEL057C 6 273
YEL056W 24 1159
YEL055C 32 476
YEL054C 2 23
YEL053W-A 2 23
YEL053C 10 108
YEL052W 12 196
YEL051W 3 90
YEL050W-A 0 0
YEL050C 19 546
YEL049W 4 60
YEL048C 1 1
YEL047C 21 341
YEL046C 23 810
YEL045C 30 1823
YEL044W 9 560
YEL043W 35 968
YEL042W 27 1905
YEL041W 23 566
YEL040W 48 1367
YEL039C 12 404
YEL038W 18 335
YEL037C 19 571
YEL036C 29 1202
YEL035C 34 3879
YEL034C-A 14 225
YEL034W 8 69
YEL033W 33 1214
YEL032W 53 1135
YEL032C-A 3 73
YEL031W 44 1212
YEL030C-A 2 8
YEL030W 7 23
YEL029C 6 465
YEL028W 5 150
YEL027W 4 51
YEL026W 2 65
YEL025C 39 1542
YEL024W 14 584
YEL023C 31 4800
YEL022W 39 865
YEL021W 58 1521
YEL020C-B 8 32
YEL020W-A 7 29
YEL020C 32 804
YEL019C 9 1696
YEL018C-A 8 69
YEL018W 11 193
YEL017C-A 1 2
YEL017W 10 301
YEL016C 32 1799
YEL015W 27 647
YEL014C 6 297
YEL013W 11 313
YEL012W 30 1467
YEL011W 60 15353
YEL010W 9 62
YEL009C-A 10 205
YEL009C 20 1153
YEL008W 37 4503
YEL008C-A 9 210
YEL007W 18 2044
YEL006W 20 1253
YEL005C 19 476
YEL004W 22 646
YEL003W 11 159
YEL002C 46 2830
YEL001C 17 1387
YER001W 70 48374
YER002W 2 27
YER003C 23 830
YER004W 29 2068
YER005W 49 8652
YER006W 22 569
YER006C-A 9 308
YER007W 13 275
YER007C-A 10 52
YER008C 25 583
YER009W 3 70
YER010C 15 269
YER011W 4 97
YER012W 3 8
YER013W 27 437
YER014W 6 140
YER014C-A 15 1064
YER015W 24 679
YER016W 13 508
YER017C 37 902
YER018C 23 875
YER019W 37 768
YER019C-A 3 40
YER020W 26 1086
YER021W 11 85
YER022W 24 529
YER023W 8 579
YER023C-A 2 23
YER024W 59 944
YER025W 2 16
YER026C 8 117
YER027C 13 369
YER028C 34 502
YER029C 4 497
YER030W 1 9
YER031C 8 84
YER032W 20 204
YER033C 29 388
YER034W 20 898
YER035W 16 186
YER036C 40 1004
YER037W 17 308
YER038C 15 194
YER038W-A 4 36
YER039C 7 115
YER039C-A 6 1885
YER040W 12 383
YER041W 27 670
YER042W 12 1122
YER043C 19 372
YER044C 13 310
YER044C-A 26 432
YER045C 13 232
YER046W 9 145
YER046W-A 5 178
YER047C 26 675
YER048C 21 307
YER048W-A 3 927
YER049W 14 203
YER050C 7 81
YER051W 22 368
YER052C 10 111
YER053C 17 633
YER053C-A 1 11
YER054C 37 1856
YER055C 17 294
YER056C 24 275
YER056C-A 6 66
YER057C 10 836
YER058W 6 21
YER059W 11 57
YER060W 14 665
YER060W-A 19 447
YER061C 15 208
YER062C 19 294
YER063W 15 884
YER064C 11 189
YER065C 59 2597
YER066W 13 284
YER066C-A 14 449
YER067W 12 54
YER067C-A 9 23
YER068W 20 701
YER068C-A 24 1758
YER069W 58 3038
YER070W 37 1264
YER071C 1 10
YER072W 12 361
YER073W 17 352
YER074W 1 11
YER074W-A 2 29
YER075C 29 785
YER076C 9 49
YER076W-A 3 20
YER077C 15 417
YER078C 24 1286
YER078W-A 11 1555
YER079W 12 2397
YER079C-A 4 165
YER080W 26 802
YER081W 40 1058
YER082C 6 74
YER083C 14 329
YER084W 12 230
YER084W-A 5 70
YER085C 5 70
YER086W 16 238
YER087W 24 676
YER087C-A 14 359
YER087C-B 0 0
YER088C 48 3101
YER088C-A 35 4539
YER088W-B 4 90
YER089C 44 3701
YER090W 13 159
YER090C-A 0 0
YER091C 14 203
YER091C-A 14 670
YER092W 13 1024
YER093C 25 587
YER093C-A 12 902
YER094C 7 115
YER095W 11 156
YER096W 13 498
YER097W 9 88
YER098W 27 966
YER099C 13 78
YER100W 9 39
YER101C 17 340
YER102W 7 31
YER103W 27 795
YER104W 10 101
YER105C 37 1349
YER106W 7 52
YER107C 6 118
YER107W-A 4 34
YER109C 14 150
YER110C 18 248
YER111C 36 1014
YER112W 0 0
YER113C 27 330
YER114C 43 703
YER115C 8 115
YER116C 11 308
YER117W 3 22
YER118C 10 95
YER119C 38 812
YER119C-A 19 2123
YER120W 9 651
YER121W 15 1569
YER122C 8 317
YER123W 24 262
YER124C 15 183
YER125W 29 587
YER126C 4 48
YER127W 7 46
YER128W 11 281
YER129W 57 1981
YER130C 25 1732
YER131W 4 56
YER132C 81 4095
YER133W 11 86
YER133W-A 1 3
YER134C 6 16
YER135C 4 26
YER136W 20 172
YER137C 10 209
YER137W-A 6 111
YER138W-A 1 23
YER139C 6 92
YER140W 38 5916
YER141W 15 344
YER142C 16 630
YER143W 13 553
YER144C 40 8223
YER145C 60 8049
YER145C-A 19 801
YER146W 9 52
YER147C 54 2186
YER147C-A 3 303
YER148W 5 322
YER148W-A 6 69
YER149C 18 345
YER150W 4 31
YER151C 34 786
YER152C 22 686
YER152W-A 6 142
YER153C 18 239
YER154W 20 221
YER155C 66 1885
YER156C 19 520
YER157W 22 343
YER158C 25 384
YER158W-A 7 195
YER159C 18 357
YER161C 7 228
YER162C 16 192
YER163C 21 1362
YER164W 33 815
YER165W 5 98
YER165C-A 4 153
YER166W 84 2530
YER167W 44 863
YER168C 24 740
YER169W 40 743
YER170W 9 84
YER171W 22 427
YER172C 57 1243
YER172C-A 2 18
YER173W 15 365
YER174C 10 499
YER175C 36 1127
YER175W-A 2 12
YER176W 89 8399
YER177W 15 255
YER178W 32 1178
YER179W 19 613
YER180C 7 141
YER180C-A 6 165
YER181C 4 64
YER182W 6 58
YER183C 22 666
YER184C 15 478
YER185W 18 489
YER186C 21 818
YER187W 7 174
YER188W 11 145
YER188C-A 7 1398
YER189W 0 0
YER190W 5 18
YER190C-A 0 0
YER190C-B 0 0
YFL068W 0 0
YFL067W 1 1
YFL066C 0 0
YFL065C 0 0
YFL064C 0 0
YFL063W 11 135
YFL062W 2 10
YFL061W 0 0
YFL060C 3 69
YFL059W 3 91
YFL058W 2 291
YFL057C 0 0
YFL056C 4 22
YFL055W 29 823
YFL054C 26 589
YFL053W 23 715
YFL052W 27 1810
YFL051C 20 365
YFL050C 31 1316
YFL049W 15 297
YFL048C 10 169
YFL047W 29 883
YFL046W 12 366
YFL045C 1 1
YFL044C 12 404
YFL042C 28 2666
YFL041W-A 5 147
YFL041W 25 409
YFL040W 28 716
YFL039C 16 143
YFL038C 22 680
YFL037W 30 1294
YFL036W 39 1476
YFL034C-B 8 303
YFL034C-A 13 276
YFL034W 35 1587
YFL033C 91 3325
YFL032W 9 1864
YFL031W 22 364
YFL031C-A 2 24
YFL030W 34 461
YFL029C 17 419
YFL028C 17 517
YFL027C 14 185
YFL026W 14 176
YFL025C 18 241
YFL024C 48 1818
YFL023W 17 297
YFL022C 17 452
YFL021C-A 44 1227
YFL021W 29 387
YFL020C 2 322
YFL019C 1 4
YFL018C 12 100
YFL017W-A 6 105
YFL017C 11 172
YFL016C 36 768
YFL015W-A 12 248
YFL015C 26 1250
YFL014W 9 1003
YFL013W-A 23 586
YFL013C 30 804
YFL012W-A 18 443
YFL012W 7 152
YFL011W 13 330
YFL010W-A 1 4
YFL010C 11 62
YFL009W 14 225
YFL008W 23 850
YFL007W 71 1288
YFL005W 12 84
YFL004W 23 504
YFL003C 71 1476
YFL002C 31 713
YFL001W 50 1281
YFR001W 2 126
YFR002W 26 573
YFR003C 10 219
YFR004W 9 76
YFR005C 19 542
YFR006W 45 6337
YFR007W 22 1398
YFR008W 7 171
YFR009W 35 899
YFR009W-A 1 3
YFR010W 30 916
YFR010W-A 2 6
YFR011C 9 96
YFR012W 6 69
YFR012W-A 1 20
YFR013W 25 699
YFR014C 25 1724
YFR015C 33 526
YFR016C 49 1061
YFR017C 32 1405
YFR018C 57 4171
YFR019W 73 1565
YFR020W 5 36
YFR021W 35 641
YFR022W 42 2286
YFR023W 11 1418
YFR024C-A 22 328
YFR025C 29 1414
YFR026C 10 72
YFR027W 12 199
YFR028C 15 380
YFR029W 33 1235
YFR030W 23 808
YFR031C 34 683
YFR031C-A 5 90
YFR032C 6 114
YFR032C-A 3 75
YFR032C-B 14 2025
YFR033C 20 579
YFR034C 64 9792
YFR034W-A 30 5397
YFR035C 31 5597
YFR036W 9 152
YFR036W-A 10 193
YFR037C 20 546
YFR038W 23 483
YFR039C 13 201
YFR040W 26 817
YFR041C 12 395
YFR042W 4 24
YFR043C 8 132
YFR044C 27 902
YFR045W 14 511
YFR046C 11 205
YFR047C 14 242
YFR048W 47 2479
YFR049W 10 610
YFR050C 16 532
YFR051C 40 1102
YFR052W 7 75
YFR052C-A 5 40
YFR053C 25 1149
YFR054C 6 61
YFR056C 15 2290
YFR055W 22 293
YFR057W 2 84
YGL263W 17 366
YGL262W 11 147
YGL261C 4 83
YGL260W 2 4
YGL259W 2 45
YGL258W-A 1 11
YGL258W 4 80
YGL257C 20 242
YGL256W 16 490
YGL255W 22 28714
YGL254W 27 1472
YGL253W 30 905
YGL252C 23 1044
YGL251C 37 1001
YGL250W 9 188
YGL249W 46 973
YGL248W 17 274
YGL247W 8 212
YGL246C 16 1475
YGL245W 27 683
YGL244W 14 545
YGL243W 11 91
YGL242C 10 362
YGL241W 35 862
YGL240W 7 39
YGL239C 7 129
YGL238W 26 855
YGL237C 5 117
YGL236C 43 2206
YGL235W 15 1385
YGL234W 34 1020
YGL233W 15 209
YGL232W 9 170
YGL231C 3 48
YGL230C 2 10
YGL229C 36 704
YGL228W 13 290
YGL227W 45 1081
YGL226C-A 3 14
YGL226W 5 1623
YGL225W 24 295
YGL224C 19 388
YGL223C 16 1300
YGL222C 4 41
YGL221C 9 123
YGL220W 6 158
YGL219C 18 723
YGL218W 13 522
YGL217C 6 22
YGL216W 46 1162
YGL215W 9 53
YGL214W 5 44
YGL213C 9 173
YGL212W 8 88
YGL211W 13 548
YGL210W 8 142
YGL209W 18 253
YGL208W 40 2266
YGL207W 29 772
YGL206C 43 958
YGL205W 38 1417
YGL204C 1 8
YGL203C 35 997
YGL202W 24 608
YGL201C 45 1364
YGL200C 15 175
YGL199C 8 118
YGL198W 13 163
YGL197W 35 498
YGL196W 21 312
YGL195W 86 1745
YGL194C-A 8 94
YGL194C 13 111
YGL193C 10 392
YGL192W 32 362
YGL191W 12 103
YGL190C 33 770
YGL189C 11 231
YGL188C-A 0 0
YGL188C 7 1993
YGL187C 20 399
YGL186C 26 389
YGL185C 22 487
YGL184C 29 754
YGL183C 8 200
YGL182C 4 20
YGL181W 13 424
YGL180W 43 1520
YGL179C 19 400
YGL178W 66 4789
YGL177W 18 3916
YGL176C 13 820
YGL175C 8 84
YGL174W 13 883
YGL173C 40 632
YGL172W 9 101
YGL171W 12 234
YGL170C 6 135
YGL169W 19 574
YGL168W 6 36
YGL167C 29 395
YGL166W 20 420
YGL165C 29 2723
YGL164C 13 262
YGL163C 32 6771
YGL162W 16 363
YGL161C 20 575
YGL160W 22 489
YGL159W 8 57
YGL158W 31 1287
YGL157W 23 3169
YGL156W 45 1902
YGL155W 13 341
YGL154C 6 88
YGL153W 19 454
YGL152C 22 4648
YGL151W 24 340
YGL150C 44 730
YGL149W 21 315
YGL148W 25 1266
YGL147C 12 132
YGL146C 26 550
YGL145W 17 731
YGL144C 24 359
YGL143C 17 294
YGL142C 15 249
YGL141W 34 1146
YGL140C 24 327
YGL139W 33 3245
YGL138C 8 111
YGL137W 23 362
YGL136C 21 871
YGL135W 6 87
YGL134W 24 458
YGL133W 42 777
YGL132W 1 1
YGL131C 35 509
YGL130W 4 79
YGL129C 8 67
YGL128C 2 33
YGL127C 9 280
YGL126W 106 41055
YGL125W 81 9394
YGL124C 20 13481
YGL123W 5 9
YGL123C-A 1 1
YGL122C 18 206
YGL121C 12 2459
YGL120C 24 369
YGL119W 19 192
YGL118C 14 1765
YGL117W 28 972
YGL116W 35 465
YGL115W 18 489
YGL114W 20 1161
YGL113W 14 394
YGL112C 3 8
YGL111W 17 327
YGL110C 21 588
YGL109W 11 197
YGL108C 11 57
YGL107C 19 271
YGL106W 3 4
YGL105W 12 230
YGL104C 13 59
YGL103W 14 299
YGL102C 9 261
YGL101W 7 90
YGL100W 12 238
YGL099W 11 142
YGL098W 5 71
YGL097W 30 385
YGL096W 12 696
YGL095C 19 359
YGL094C 39 1431
YGL093W 27 934
YGL092W 24 343
YGL091C 17 207
YGL090W 10 264
YGL089C 3 33
YGL088W 17 413
YGL087C 13 1654
YGL086W 25 1380
YGL085W 18 769
YGL084C 17 203
YGL083W 30 548
YGL082W 28 458
YGL081W 9 717
YGL080W 4 90
YGL079W 6 86
YGL078C 12 199
YGL077C 22 596
YGL076C 6 225
YGL075C 7 41
YGL074C 11 445
YGL073W 54 1604
YGL072C 18 374
YGL071W 38 976
YGL070C 3 22
YGL069C 2 42
YGL068W 2 42
YGL067W 12 190
YGL066W 25 800
YGL065C 14 602
YGL064C 31 319
YGL063W 96 11223
YGL063C-A 15 629
YGL062W 73 2067
YGL061C 8 190
YGL060W 26 328
YGL059W 22 449
YGL058W 8 146
YGL057C 9 310
YGL056C 20 1036
YGL055W 30 605
YGL054C 7 162
YGL053W 1 2
YGL052W 3 241
YGL051W 8 212
YGL050W 19 19578
YGL049C 24 714
YGL048C 3 3
YGL047W 8 279
YGL045W 49 2081
YGL044C 14 187
YGL043W 12 450
YGL042C 4 25
YGL041C-B 11 708
YGL041W-A 13 176
YGL041C 9 106
YGL040C 10 134
YGL039W 14 486
YGL038C 21 273
YGL037C 6 159
YGL036W 23 496
YGL035C 17 358
YGL034C 4 32
YGL033W 12 235
YGL032C 1 1
YGL031C 2 37
YGL030W 2 5
YGL029W 3 15
YGL028C 9 77
YGL027C 17 508
YGL026C 25 1625
YGL025C 11 184
YGL024W 5 110
YGL023C 24 640
YGL022W 46 1297
YGL021W 20 329
YGL020C 1 50
YGL019W 4 135
YGL018C 10 305
YGL017W 16 644
YGL016W 27 648
YGL015C 8 96
YGL014W 26 745
YGL014C-A 4 78
YGL013C 35 1769
YGL012W 31 651
YGL011C 4 29
YGL010W 10 271
YGL009C 34 1132
YGL008C 60 1345
YGL007C-A 1 27
YGL007W 22 6541
YGL006W-A 5 648
YGL006W 36 686
YGL005C 13 230
YGL004C 44 2934
YGL003C 43 1422
YGL002W 26 2072
YGL001C 41 2635
YGR001C 23 3386
YGR002C 30 3792
YGR003W 30 384
YGR004W 20 1229
YGR005C 12 528
YGR006W 18 338
YGR007W 20 820
YGR008C 16 1429
YGR009C 13 96
YGR010W 23 1322
YGR011W 3 32
YGR012W 13 919
YGR013W 53 1899
YGR014W 27 1019
YGR015C 18 264
YGR016W 16 468
YGR017W 6 113
YGR018C 2 30
YGR019W 45 1638
YGR020C 3 69
YGR021W 21 633
YGR022C 3 29
YGR023W 13 243
YGR024C 2 4
YGR025W 12 484
YGR026W 12 373
YGR027C 5 32
YGR028W 22 494
YGR029W 12 422
YGR030C 15 621
YGR031W 61 2924
YGR031C-A 25 1585
YGR032W 88 2711
YGR033C 9 118
YGR034W 9 489
YGR035C 5 43
YGR035W-A 9 1205
YGR036C 18 537
YGR037C 3 19
YGR038W 18 420
YGR039W 12 252
YGR040W 30 915
YGR041W 39 727
YGR042W 4 56
YGR043C 32 2098
YGR044C 9 123
YGR045C 33 1873
YGR046W 8 50
YGR047C 34 1208
YGR048W 15 427
YGR049W 19 485
YGR050C 24 1482
YGR051C 27 2172
YGR052W 35 609
YGR053C 14 117
YGR054W 20 865
YGR055W 18 681
YGR056W 38 1059
YGR057C 7 150
YGR058W 6 33
YGR059W 7 154
YGR060W 20 249
YGR061C 42 2643
YGR062C 5 92
YGR063C 8 83
YGR064W 10 414
YGR065C 13 244
YGR066C 8 168
YGR067C 40 836
YGR068C 98 6783
YGR068W-A 4 30
YGR069W 15 560
YGR070W 45 638
YGR071C 15 492
YGR072W 4 46
YGR073C 5 21
YGR074W 4 8
YGR075C 3 20
YGR076C 5 58
YGR077C 23 642
YGR078C 1 4
YGR079W 28 931
YGR080W 18 603
YGR081C 9 714
YGR082W 5 420
YGR083C 16 370
YGR084C 11 288
YGR085C 3 60
YGR086C 21 397
YGR087C 63 2354
YGR088W 17 438
YGR089W 24 413
YGR090W 28 788
YGR091W 11 138
YGR092W 18 383
YGR093W 26 1153
YGR094W 42 1092
YGR095C 10 278
YGR096W 29 3752
YGR097W 40 827
YGR098C 13 73
YGR099W 16 429
YGR100W 43 776
YGR101W 12 196
YGR102C 3 142
YGR103W 13 275
YGR104C 12 281
YGR105W 2 4
YGR106C 8 248
YGR107W 49 3113
YGR108W 12 218
YGR109C 15 434
YGR110W 7 121
YGR111W 19 1974
YGR112W 13 184
YGR113W 15 436
YGR114C 0 0
YGR115C 1 3
YGR116W 21 614
YGR117C 11 3224
YGR118W 5 26
YGR119C 11 275
YGR120C 5 71
YGR121C 55 1493
YGR121W-A 23 3022
YGR122W 20 690
YGR122C-A 1 36
YGR123C 17 372
YGR124W 35 2846
YGR125W 33 704
YGR126W 8 124
YGR127W 18 372
YGR128C 5 28
YGR129W 12 493
YGR130C 28 816
YGR131W 8 163
YGR132C 15 222
YGR133W 13 647
YGR134W 31 510
YGR135W 3 28
YGR136W 7 96
YGR137W 2 16
YGR138C 14 381
YGR139W 3 30
YGR140W 27 462
YGR141W 33 473
YGR142W 7 59
YGR143W 36 1062
YGR144W 14 111
YGR145W 9 549
YGR146C 7 1581
YGR146C-A 13 244
YGR147C 16 311
YGR148C 16 154
YGR149W 18 194
YGR150C 17 1100
YGR151C 2 81
YGR152C 8 162
YGR153W 15 317
YGR154C 9 399
YGR155W 20 249
YGR156W 24 899
YGR157W 21 254
YGR158C 7 130
YGR159C 14 284
YGR160W 2 23
YGR161C 18 291
YGR161W-C 10 314
YGR162W 24 539
YGR163W 9 150
YGR164W 15 2071
YGR165W 7 60
YGR166W 18 180
YGR167W 8 456
YGR168C 9 58
YGR169C 33 618
YGR169C-A 2 2
YGR170W 39 1592
YGR171C 16 237
YGR172C 5 205
YGR173W 21 496
YGR174C 7 127
YGR174W-A 1 1
YGR175C 20 258
YGR176W 21 800
YGR177C 51 1261
YGR178C 36 1571
YGR179C 18 475
YGR180C 20 652
YGR181W 10 352
YGR182C 14 330
YGR183C 5 183
YGR184C 76 1914
YGR185C 12 408
YGR186W 8 195
YGR187C 4 18
YGR188C 23 477
YGR189C 15 398
YGR190C 8 54
YGR191W 17 241
YGR192C 11 175
YGR193C 6 188
YGR194C 25 476
YGR195W 13 95
YGR196C 18 65970
YGR197C 34 1111
YGR198W 30 542
YGR199W 35 1757
YGR200C 26 759
YGR201C 14 2645
YGR202C 25 490
YGR203W 52 1941
YGR204W 79 3409
YGR204C-A 1 1
YGR205W 14 904
YGR206W 1 4
YGR207C 8 778
YGR208W 18 428
YGR209C 6 1202
YGR210C 57 2279
YGR211W 28 578
YGR212W 17 218
YGR213C 15 381
YGR214W 11 78
YGR215W 3 59
YGR216C 14 273
YGR217W 66 1686
YGR218W 20 412
YGR219W 7 243
YGR220C 13 320
YGR221C 38 989
YGR222W 16 246
YGR223C 13 266
YGR224W 19 971
YGR225W 17 311
YGR226C 3 19
YGR227W 4 12
YGR228W 6 24
YGR229C 19 575
YGR230W 17 2649
YGR231C 17 132
YGR232W 14 153
YGR233C 46 1079
YGR234W 15 129
YGR235C 13 226
YGR236C 9 738
YGR237C 39 1017
YGR238C 40 3480
YGR239C 28 3254
YGR240C 38 557
YGR240C-A 15 4527
YGR241C 29 5287
YGR242W 3 9
YGR243W 3 20
YGR244C 64 6994
YGR245C 37 1295
YGR246C 12 194
YGR247W 20 225
YGR248W 24 702
YGR249W 13 116
YGR250C 33 1173
YGR251W 13 485
YGR252W 21 458
YGR253C 5 187
YGR254W 27 744
YGR255C 27 298
YGR256W 22 436
YGR257C 19 230
YGR258C 45 1588
YGR259C 7 60
YGR260W 29 4188
YGR261C 22 881
YGR262C 12 262
YGR263C 22 555
YGR264C 14 390
YGR265W 10 1463
YGR266W 31 1100
YGR267C 19 392
YGR268C 21 1341
YGR269W 21 1022
YGR270W 55 1477
YGR270C-A 9 219
YGR271W 93 1898
YGR271C-A 1 114
YGR273C 1 15
YGR274C 17 324
YGR275W 4 215
YGR276C 14 650
YGR277C 11 127
YGR278W 13 140
YGR279C 12 775
YGR280C 15 443
YGR281W 79 1918
YGR282C 11 651
YGR283C 20 340
YGR284C 19 312
YGR285C 17 440
YGR286C 24 1207
YGR287C 36 934
YGR288W 25 275
YGR289C 16 265
YGR290W 0 0
YGR291C 6 191
YGR292W 2 159
YGR293C 0 0
YGR294W 2 3
YGR295C 12 115
YGR296W 0 0
YGR296C-A 0 0
YGR296C-B 0 0
YHL050C 2 19
YHL050W-A 2 19
YHL049C 0 0
YHL048C-A 3 82
YHL048W 7 68
YHL047C 23 528
YHL046W-A 6 65
YHL046C 2 5
YHL045W 9 235
YHL044W 13 375
YHL043W 8 103
YHL042W 23 726
YHL041W 24 1729
YHL040C 31 1175
YHL039W 22 501
YHL038C 12 107
YHL037C 11 374
YHL036W 49 4077
YHL035C 55 2040
YHL034W-A 6 57
YHL034C 7 60
YHL033C 9 201
YHL032C 49 26256
YHL031C 19 1395
YHL030W-A 9 312
YHL030W 58 1841
YHL029C 31 987
YHL028W 43 2560
YHL027W 51 2106
YHL026C 23 240
YHL025W 64 3176
YHL024W 47 1357
YHL023C 31 1005
YHL022C 8 72
YHL021C 33 1184
YHL020C 20 793
YHL019W-A 15 752
YHL019C 25 1092
YHL018W 8 492
YHL017W 20 435
YHL016C 36 800
YHL015W-A 3 58
YHL015W 0 0
YHL014C 21 1710
YHL013C 2 55
YHL012W 23 972
YHL011C 8 173
YHL010C 39 814
YHL009C 7 105
YHL008C 12 172
YHL007C 57 3595
YHL006W-A 20 1154
YHL006C 36 10997
YHL005C 34 5702
YHL004W 22 584
YHL003C 17 447
YHL002C-A 7 597
YHL002W 28 1176
YHL001W 10 118
YHR001W 55 1889
YHR001W-A 16 738
YHR002W 38 898
YHR003C 33 816
YHR004C 31 1026
YHR005C 9 202
YHR005C-A 6 112
YHR006W 11 207
YHR007C 15 317
YHR007C-A 20 5611
YHR008C 15 812
YHR009C 26 700
YHR010W 0 0
YHR011W 14 263
YHR012W 8 81
YHR013C 7 80
YHR014W 5 130
YHR015W 11 220
YHR016C 19 596
YHR017W 19 393
YHR018C 18 475
YHR019C 17 384
YHR020W 16 173
YHR021C 5 60
YHR021W-A 7 187
YHR022C 15 682
YHR022C-A 6 357
YHR023W 51 1250
YHR024C 17 185
YHR025W 6 24
YHR026W 5 55
YHR027C 24 282
YHR028C 25 2191
YHR028W-A 14 190
YHR029C 19 623
YHR030C 13 580
YHR031C 37 919
YHR032W 68 2425
YHR032W-A 7 3392
YHR032C-A 7 1572
YHR033W 73 3790
YHR034C 39 2438
YHR035W 32 925
YHR036W 19 2043
YHR037W 25 2739
YHR038W 2 23
YHR039C 23 384
YHR039C-A 4 60
YHR040W 20 358
YHR041C 17 221
YHR042W 23 466
YHR043C 12 121
YHR044C 19 294
YHR045W 18 252
YHR046C 14 891
YHR047C 31 978
YHR048W 32 727
YHR049W 26 852
YHR049C-A 10 2726
YHR050W 49 3782
YHR050W-A 5 65
YHR051W 4 54
YHR052W 4 156
YHR052W-A 0 0
YHR053C 0 0
YHR054C 0 0
YHR054W-A 0 0
YHR055C 0 0
YHR056C 32 4005
YHR056W-A 12 779
YHR057C 23 5145
YHR058C 8 136
YHR059W 4 115
YHR060W 5 28
YHR061C 18 393
YHR062C 16 280
YHR063C 10 282
YHR063W-A 6 432
YHR064C 8 188
YHR065C 16 571
YHR066W 13 1169
YHR067W 15 598
YHR068W 15 284
YHR069C 12 287
YHR069C-A 5 319
YHR070W 41 4448
YHR070C-A 31 3876
YHR071W 20 1773
YHR071C-A 9 270
YHR072W 34 836
YHR072W-A 4 23
YHR073W 46 1007
YHR073W-A 4 243
YHR073C-B 2 45
YHR074W 17 182
YHR075C 13 270
YHR076W 14 317
YHR077C 24 304
YHR078W 14 492
YHR079C 36 715
YHR079C-A 0 0
YHR080C 60 4296
YHR081W 2 46
YHR082C 44 827
YHR083W 15 298
YHR084W 32 1489
YHR085W 7 472
YHR086W 17 474
YHR086W-A 5 168
YHR087W 19 627
YHR088W 1 1
YHR089C 7 36
YHR090C 6 106
YHR091C 23 566
YHR092C 20 340
YHR093W 8 189
YHR094C 23 513
YHR095W 14 505
YHR096C 40 906
YHR097C 18 1396
YHR098C 31 985
YHR099W 88 1680
YHR100C 7 117
YHR101C 16 422
YHR102W 22 335
YHR103W 37 454
YHR104W 9 184
YHR105W 5 303
YHR106W 11 3984
YHR107C 7 108
YHR108W 36 1298
YHR109W 11 133
YHR110W 4 272
YHR111W 6 118
YHR112C 24 532
YHR113W 24 406
YHR114W 36 676
YHR115C 20 4116
YHR116W 15 1671
YHR117W 27 997
YHR118C 8 94
YHR119W 27 424
YHR120W 19 138
YHR121W 7 389
YHR122W 10 142
YHR123W 12 210
YHR124W 30 952
YHR125W 5 170
YHR126C 18 749
YHR127W 6 72
YHR128W 6 180
YHR129C 7 147
YHR130C 3 4900
YHR131C 27 442
YHR131W-A 3 54
YHR132C 36 4325
YHR132W-A 8 360
YHR133C 9 147
YHR134W 8 177
YHR135C 35 768
YHR136C 17 471
YHR137W 6 79
YHR137C-A 5 77
YHR138C 8 187
YHR139C 8 82
YHR139C-A 8 246
YHR140W 18 349
YHR141C 2 2
YHR142W 20 187
YHR143W 4 519
YHR143W-A 0 0
YHR144C 18 383
YHR145C 1 2
YHR146W 8 119
YHR147C 3 182
YHR148W 13 694
YHR149C 25 693
YHR150W 24 381
YHR151C 12 138
YHR152W 11 29
YHR153C 5 106
YHR154W 44 1010
YHR155W 29 703
YHR156C 32 1187
YHR157W 10 106
YHR158C 41 34502
YHR159W 18 1006
YHR160C 6 42
YHR161C 48 2184
YHR162W 0 0
YHR163W 9 333
YHR164C 26 919
YHR165C 63 981
YHR165W-A 6 8
YHR166C 29 386
YHR167W 10 168
YHR168W 22 614
YHR169W 15 518
YHR170W 12 350
YHR171W 17 226
YHR172W 32 2198
YHR173C 30 1587
YHR174W 38 1517
YHR175W 19 776
YHR175W-A 3 26
YHR176W 23 404
YHR177W 14 147
YHR178W 49 1140
YHR179W 9 259
YHR180W 9 58
YHR180W-A 1 4
YHR180C-B 1 4
YHR181W 6 202
YHR182W 40 1037
YHR182C-A 5 167
YHR183W 18 515
YHR184W 18 634
YHR185C 5 119
YHR186C 48 1140
YHR187W 6 576
YHR188C 23 534
YHR189W 19 434
YHR190W 22 394
YHR191C 2 90
YHR192W 16 492
YHR193C 9 528
YHR193C-A 9 403
YHR194W 46 1405
YHR195W 19 218
YHR196W 22 529
YHR197W 8 75
YHR198C 9 310
YHR199C 27 1231
YHR199C-A 4 176
YHR200W 10 196
YHR201C 8 179
YHR202W 28 545
YHR203C 7 225
YHR204W 50 2145
YHR205W 8 155
YHR206W 21 710
YHR207C 27 639
YHR208W 18 689
YHR209W 9 70
YHR210C 16 416
YHR211W 24 404
YHR212C 0 0
YHR212W-A 0 0
YHR213W 0 0
YHR213W-A 0 0
YHR213W-B 11 793
YHR214W 1 6
YHR214W-A 0 0
YHR214C-D 0 0
YHR214C-E 3 23
YHR215W 4 6
YHR216W 21 995
YHR217C 14 85
YHR218W 0 0
YHR218W-A 0 0
YHR219W 0 0
YHR219C-A 0 0
YIL177C 0 0
YIL177W-A 0 0
YIL176C 0 0
YIL173W 1 3
YIL172C 0 0
YIL171W-A 0 0
YIL169C 11 93
YIL166C 27 468
YIL165C 11 233
YIL164C 8 188
YIL163C 16 1122
YIL162W 37 2142
YIL161W 4 64
YIL160C 17 376
YIL159W 48 1384
YIL158W 9 374
YIL157C 8 738
YIL156W-A 10 271
YIL156W-B 5 277
YIL156W 40 1244
YIL155C 62 2987
YIL154C 72 22179
YIL153W 25 769
YIL152W 21 518
YIL151C 27 470
YIL150C 18 595
YIL149C 43 990
YIL148W 4 151
YIL147C 28 771
YIL146C 9 296
YIL145C 12 123
YIL144W 19 649
YIL143C 37 1065
YIL142C-A 5 55
YIL142W 28 708
YIL141W 6 204
YIL140W 24 280
YIL139C 12 304
YIL138C 3 117
YIL137C 45 1455
YIL136W 14 397
YIL135C 22 562
YIL134C-A 14 339
YIL134W 12 314
YIL133C 2 55
YIL132C 20 3953
YIL131C 29 1158
YIL130W 27 455
YIL129C 56 1057
YIL128W 25 689
YIL127C 6 89
YIL126W 32 2477
YIL125W 69 2379
YIL124W 5 112
YIL123W 36 2488
YIL122W 16 188
YIL121W 39 1194
YIL120W 43 2051
YIL119C 14 239
YIL118W 10 292
YIL117C 14 177
YIL116W 10 236
YIL115W-A 1 2
YIL115C 41 1229
YIL114C 4 66
YIL113W 20 866
YIL112W 42 849
YIL111W 6 153
YIL110W 11 300
YIL109C 29 698
YIL108W 38 797
YIL107C 29 1225
YIL106W 13 523
YIL105C 32 663
YIL105W-A 0 0
YIL104C 25 523
YIL103W 17 273
YIL102C-A 3 9
YIL102C 2 37
YIL101C 43 2985
YIL100C-A 31 2581
YIL100W 33 2795
YIL099W 25 628
YIL098C 4 242
YIL097W 15 239
YIL096C 8 225
YIL095W 26 403
YIL094C 13 3704
YIL093C 18 589
YIL092W 18 323
YIL091C 33 1114
YIL090W 8 48
YIL089W 9 538
YIL088C 24 424
YIL087C 5 36
YIL086C 19 220
YIL085C 36 1054
YIL084C 12 244
YIL083C 7 334
YIL082W 10 111
YIL079C 16 930
YIL078W 32 833
YIL077C 35 873
YIL076W 7 122
YIL075C 21 271
YIL074C 42 82424
YIL073C 27 706
YIL072W 14 229
YIL071W-A 4 300
YIL071C 12 2126
YIL070C 6 71
YIL069C 5 43
YIL068W-A 6 45
YIL068C 22 424
YIL067C 36 903
YIL066W-A 6 175
YIL066C 26 250
YIL065C 15 612
YIL064W 26 478
YIL063C 17 623
YIL062C 7 104
YIL061C 9 117
YIL060W 2 14
YIL059C 1 11
YIL058W 9 861
YIL057C 16 15599
YIL056W 32 827
YIL055C 43 1376
YIL054W 23 1530
YIL053W 16 482
YIL052C 1 2
YIL051C 16 678
YIL050W 5 27
YIL049W 10 186
YIL048W 29 454
YIL047C-A 9 318
YIL047C 47 1058
YIL046W-A 30 3711
YIL046W 39 1587
YIL045W 29 811
YIL044C 6 82
YIL043C 20 642
YIL042C 18 337
YIL041W 14 415
YIL040W 3 126
YIL039W 20 427
YIL038C 15 213
YIL037C 11 209
YIL036W 29 5909
YIL035C 20 478
YIL034C 20 505
YIL033C 23 475
YIL032C 8 39
YIL031W 28 760
YIL030W-A 2 22
YIL030C 38 2625
YIL029W-A 8 447
YIL029C 4 42
YIL028W 1 2
YIL027C 8 143
YIL026C 33 1169
YIL025C 2 71
YIL024C 8 96
YIL023C 25 1251
YIL022W 18 493
YIL021W 15 509
YIL021C-A 2 14
YIL020C-A 10 408
YIL020C 11 203
YIL019W 14 489
YIL018W 1 1
YIL017C 32 550
YIL016W 4 67
YIL015W 25 554
YIL014C-A 3 100
YIL014W 12 71
YIL013C 41 767
YIL012W 17 1230
YIL011W 7 171
YIL010W 10 172
YIL009C-A 9 326
YIL009W 38 1321
YIL008W 6 110
YIL007C 12 247
YIL006W 13 263
YIL005W 39 1511
YIL004C 7 107
YIL003W 40 914
YIL002W-A 8 153
YIL002C 70 9960
YIL001W 54 4658
YIR001C 32 1581
YIR002C 59 1383
YIR003W 38 1275
YIR004W 13 218
YIR005W 15 212
YIR006C 41 1928
YIR007W 17 311
YIR008C 6 120
YIR009W 2 29
YIR010W 16 335
YIR011C 3 9
YIR012W 8 209
YIR013C 5 108
YIR014W 16 307
YIR015W 19 6062
YIR016W 17 886
YIR017C 30 804
YIR017W-A 32 1249
YIR018W 14 430
YIR018C-A 9 157
YIR019C 26 2430
YIR020C 4 60
YIR020W-A 11 427
YIR020C-B 11 216
YIR021W 21 592
YIR021W-A 9 896
YIR022W 2 12
YIR023W 20 359
YIR023C-A 0 0
YIR024C 6 118
YIR025W 16 205
YIR026C 15 412
YIR027C 9 350
YIR028W 37 5576
YIR029W 16 286
YIR030C 6 42
YIR030W-A 7 282
YIR031C 18 692
YIR032C 12 598
YIR033W 24 324
YIR034C 25 4011
YIR035C 18 547
YIR036C 8 379
YIR036W-A 6 431
YIR037W 3 96
YIR038C 14 671
YIR039C 9 119
YIR040C 2 27
YIR041W 1 6
YIR042C 3 17
YJL225C 0 0
YJL225W-A 0 0
YJL223C 0 0
YJL222W-B 0 0
YJL222W-A 0 0
YJL222W 3 381
YJL221C 0 0
YJL220W 0 0
YJL219W 10 1070
YJL218W 7 68
YJL217W 13 614
YJL216C 22 711
YJL215C 7 46
YJL214W 19 234
YJL213W 21 7176
YJL212C 39 1232
YJL211C 31 1085
YJL210W 38 1338
YJL209W 24 1313
YJL208C 14 346
YJL207C 65 2150
YJL206C 27 657
YJL205C 9 219
YJL204C 14 316
YJL203W 4 71
YJL202C 5 211
YJL201W 23 530
YJL200C 47 1408
YJL199C 5 64
YJL198W 31 352
YJL197W 43 3628
YJL197C-A 2 3
YJL196C 19 444
YJL195C 15 303
YJL194W 24 530
YJL193W 6 112
YJL192C 13 187
YJL191W 35 1557
YJL190C 6 161
YJL189W 5 184
YJL188C 2 101
YJL187C 25 351
YJL186W 33 1380
YJL185C 13 334
YJL184W 9 70
YJL183W 26 1381
YJL182C 16 173
YJL181W 29 682
YJL180C 9 177
YJL179W 1 22
YJL178C 12 718
YJL177W 4 107
YJL176C 15 353
YJL175W 4 23
YJL174W 6 168
YJL173C 1 2
YJL172W 33 6166
YJL171C 14 239
YJL170C 14 262
YJL169W 4 13
YJL168C 26 1659
YJL167W 12 194
YJL166W 4 129
YJL165C 34 2115
YJL164C 16 724
YJL163C 23 542
YJL162C 24 994
YJL161W 19 1517
YJL160C 12 237
YJL159W 7 38
YJL158C 18 234
YJL157C 74 2578
YJL156W-A 27 928
YJL156C 53 2659
YJL155C 19 451
YJL154C 30 742
YJL153C 31 624
YJL152W 24 2389
YJL151C 16 1009
YJL150W 24 6844
YJL149W 25 934
YJL148W 8 275
YJL147C 6 102
YJL146W 16 223
YJL145W 16 408
YJL144W 4 78
YJL143W 5 59
YJL142C 6 69
YJL141C 49 1427
YJL140W 6 71
YJL139C 22 859
YJL138C 2 78
YJL137C 16 274
YJL136W-A 5 67
YJL136C 5 24
YJL135W 15 668
YJL134W 15 359
YJL133C-A 14 320
YJL133W 32 1593
YJL132W 34 1031
YJL131C 9 137
YJL130C 125 3722
YJL129C 34 823
YJL128C 29 1107
YJL127W-A 6 757
YJL127C-B 8 138
YJL127C 42 755
YJL126W 16 362
YJL125C 22 457
YJL124C 5 638
YJL123C 15 233
YJL122W 6 91
YJL121C 10 188
YJL120W 6 199
YJL119C 8 769
YJL118W 17 983
YJL117W 12 91
YJL116C 20 570
YJL115W 8 292
YJL112W 29 1306
YJL111W 13 112
YJL110C 8 651
YJL109C 44 744
YJL108C 11 301
YJL107C 20 781
YJL106W 16 198
YJL105W 14 81
YJL104W 1 52
YJL103C 21 1092
YJL102W 23 243
YJL101C 38 992
YJL100W 30 595
YJL099W 34 1100
YJL098W 44 956
YJL097W 13 193
YJL096W 1 4
YJL095W 36 653
YJL094C 29 292
YJL093C 23 579
YJL092W 31 478
YJL091C 7 58
YJL090C 15 345
YJL089W 23 482
YJL088W 18 368
YJL087C 13 423
YJL086C 11 180
YJL085W 13 211
YJL084C 22 391
YJL083W 35 1849
YJL082W 40 701
YJL081C 5 11
YJL080C 46 833
YJL079C 13 3313
YJL078C 69 4569
YJL077W-B 4 102
YJL077C 29 6038
YJL077W-A 2 59
YJL076W 30 559
YJL075C 0 0
YJL074C 19 415
YJL073W 21 1157
YJL072C 7 195
YJL071W 25 703
YJL070C 22 452
YJL069C 15 301
YJL068C 22 316
YJL067W 12 515
YJL066C 23 701
YJL065C 15 247
YJL064W 9 141
YJL063C 10 279
YJL062W-A 12 234
YJL062W 17 343
YJL061W 3 24
YJL060W 14 168
YJL059W 14 273
YJL058C 19 288
YJL057C 22 9685
YJL056C 35 809
YJL055W 8 47
YJL054W 11 393
YJL053W 9 76
YJL052C-A 16 10527
YJL052W 16 287
YJL051W 37 417
YJL050W 25 530
YJL049W 6 61
YJL048C 16 756
YJL047C-A 3 172
YJL047C 30 769
YJL046W 9 219
YJL045W 27 885
YJL044C 15 330
YJL043W 40 3940
YJL042W 55 1107
YJL041W 7 126
YJL039C 31 604
YJL038C 0 0
YJL037W 11 356
YJL036W 8 222
YJL035C 19 464
YJL034W 37 1010
YJL033W 19 266
YJL032W 3 22
YJL031C 4 34
YJL030W 10 1625
YJL029C 22 479
YJL028W 28 80318
YJL027C 35 16963
YJL026W 16 372
YJL026C-A 3 215
YJL025W 23 597
YJL024C 10 82
YJL023C 12 124
YJL022W 8 95
YJL020C 32 803
YJL020W-A 2 36
YJL019W 32 756
YJL016W 27 557
YJL015C 15 2675
YJL014W 8 158
YJL013C 8 55
YJL012C 40 964
YJL011C 4 195
YJL010C 5 292
YJL009W 4 36
YJL008C 11 100
YJL007C 9 559
YJL006C 8 300
YJL005W 53 875
YJL004C 27 907
YJL003W 5 46
YJL002C 31 1289
YJL001W 32 771
YJR001W 91 5883
YJR002W 30 530
YJR003C 34 682
YJR004C 38 1169
YJR005W 37 917
YJR005C-A 4 103
YJR006W 10 254
YJR007W 2 5
YJR008W 33 4051
YJR009C 12 189
YJR010W 32 944
YJR010C-A 3 22
YJR011C 15 280
YJR012C 15 925
YJR013W 10 505
YJR014W 8 85
YJR015W 25 866
YJR016C 13 132
YJR017C 7 131
YJR018W 9 83
YJR019C 26 676
YJR020W 11 211
YJR021C 24 329
YJR022W 1 8
YJR023C 3 242
YJR024C 17 648
YJR025C 5 119
YJR030C 40 833
YJR031C 34 572
YJR032W 8 99
YJR033C 32 651
YJR034W 13 289
YJR035W 41 1060
YJR036C 23 1031
YJR037W 3 107
YJR038C 7 130
YJR039W 31 712
YJR040W 15 212
YJR041C 10 122
YJR042W 7 158
YJR043C 9 182
YJR044C 7 166
YJR045C 13 137
YJR046W 23 316
YJR047C 8 192
YJR048W 11 447
YJR049C 29 667
YJR050W 9 129
YJR051W 27 270
YJR052W 14 490
YJR053W 19 398
YJR054W 15 197
YJR055W 2 66
YJR056C 4 96
YJR057W 6 159
YJR058C 10 431
YJR059W 29 879
YJR060W 16 135
YJR061W 44 898
YJR062C 11 103
YJR063W 2 53
YJR064W 36 994
YJR065C 26 474
YJR066W 71 3742
YJR067C 5 112
YJR068W 9 172
YJR069C 3 7
YJR070C 8 156
YJR071W 7 116
YJR072C 23 511
YJR073C 15 415
YJR074W 27 914
YJR075W 14 119
YJR076C 17 209
YJR077C 22 584
YJR078W 42 1853
YJR079W 18 945
YJR080C 12 1000
YJR082C 4 111
YJR083C 10 157
YJR084W 16 609
YJR085C 6 959
YJR086W 5 76
YJR087W 1 18
YJR088C 9 156
YJR089W 33 706
YJR090C 22 382
YJR091C 41 923
YJR092W 48 766
YJR093C 15 499
YJR094C 21 374
YJR094W-A 8 1337
YJR095W 22 334
YJR096W 14 402
YJR097W 3 49
YJR098C 20 235
YJR099W 5 36
YJR100C 16 1135
YJR101W 10 132
YJR102C 8 66
YJR103W 54 996
YJR104C 20 280
YJR105W 26 1037
YJR106W 20 371
YJR107W 18 612
YJR108W 15 105
YJR109C 51 1204
YJR110W 38 2019
YJR111C 17 233
YJR112W 8 128
YJR112W-A 15 4386
YJR113C 23 604
YJR114W 14 276
YJR115W 47 980
YJR116W 25 1598
YJR117W 28 1740
YJR118C 6 119
YJR119C 46 1325
YJR120W 8 841
YJR121W 31 667
YJR122W 29 535
YJR123W 0 0
YJR124C 24 779
YJR125C 9 198
YJR126C 28 908
YJR127C 60 2024
YJR128W 22 652
YJR129C 39 1404
YJR130C 17 370
YJR131W 28 607
YJR132W 22 484
YJR133W 10 359
YJR134C 12 161
YJR135C 16 211
YJR135W-A 2 3
YJR136C 4 22
YJR137C 66 2540
YJR138W 61 1809
YJR139C 18 535
YJR140C 34 776
YJR140W-A 1 5
YJR141W 2 3
YJR142W 23 1020
YJR143C 16 116
YJR144W 17 611
YJR145C 3 12
YJR146W 13 181
YJR147W 21 233
YJR148W 44 3764
YJR149W 20 694
YJR150C 6 54
YJR151C 14 451
YJR151W-A 1 10
YJR152W 18 476
YJR153W 9 258
YJR154W 11 230
YJR155W 9 372
YJR156C 5 161
YJR157W 0 0
YJR158W 0 0
YJR159W 0 0
YJR160C 0 0
YJR161C 1 1
YJR162C 5 32
YKL225W 4 87
YKL224C 2 11
YKL223W 3 191
YKL222C 11 649
YKL221W 18 607
YKL220C 31 1661
YKL219W 7 149
YKL218C 29 1393
YKL217W 47 1002
YKL216W 4 53
YKL215C 53 1532
YKL214C 9 155
YKL213C 29 610
YKL212W 17 537
YKL211C 23 435
YKL210W 36 909
YKL209C 58 1255
YKL208W 14 215
YKL207W 13 323
YKL206C 16 595
YKL205W 28 1899
YKL204W 9 268
YKL203C 77 2024
YKL202W 3 47
YKL201C 35 544
YKL198C 203 57384
YKL197C 47 847
YKL196C 7 148
YKL195W 8 71
YKL194C 11 454
YKL193C 9 245
YKL192C 6 144
YKL191W 26 579
YKL190W 2 173
YKL189W 12 98
YKL188C 28 1111
YKL187C 57 2187
YKL186C 30 4448
YKL185W 29 512
YKL184W 19 1285
YKL183C-A 23 8298
YKL183W 48 5289
YKL182W 130 2826
YKL181W 18 703
YKL180W 2 182
YKL179C 12 180
YKL178C 19 252
YKL177W 3 23
YKL176C 35 561
YKL175W 45 823
YKL174C 21 252
YKL173W 25 372
YKL172W 7 105
YKL171W 34 11302
YKL170W 9 297
YKL169C 9 297
YKL168C 29 5416
YKL167C 6 134
YKL166C 11 132
YKL165C-A 4 44
YKL165C 44 961
YKL164C 4 44
YKL163W 8 50
YKL162C-A 3 58
YKL162C 11 191
YKL161C 10 169
YKL160W 1 10
YKL159C 6 462
YKL157W 51 9687
YKL156W 3 57
YKL156C-A 1 2
YKL155C 23 276
YKL154W 13 235
YKL153W 17 363
YKL152C 23 438
YKL151C 41 1675
YKL150W 34 1766
YKL149C 11 184
YKL148C 73 1656
YKL147C 29 1856
YKL146W 39 1639
YKL145W 14 520
YKL145W-A 1 14
YKL144C 6 109
YKL143W 17 307
YKL142W 7 58
YKL141W 6 231
YKL140W 17 349
YKL139W 5 207
YKL138C-A 2 12
YKL138C 9 39
YKL137W 3 20
YKL136W 7 102
YKL135C 21 322
YKL134C 24 406
YKL133C 13 356
YKL132C 21 423
YKL131W 3 35
YKL130C 1 2
YKL129C 48 1837
YKL128C 26 850
YKL127W 30 639
YKL126W 10 235
YKL125W 15 190
YKL124W 18 373
YKL123W 9 191
YKL122C 8 140
YKL121W 25 543
YKL120W 16 336
YKL119C 6 65
YKL118W 7 2168
YKL117W 6 124
YKL116C 16 1020
YKL115C 5 30
YKL114C 18 657
YKL113C 15 206
YKL112W 27 1148
YKL111C 1 3
YKL110C 26 978
YKL109W 49 765
YKL108W 13 471
YKL107W 11 329
YKL106C-A 5 130
YKL106W 11 349
YKL105C 45 973
YKL104C 26 1083
YKL103C 39 1527
YKL102C 16 2414
YKL101W 68 868
YKL100C 27 453
YKL100W-A 3 20
YKL099C 13 279
YKL098W 16 170
YKL097C 28 2400
YKL096C-B 0 0
YKL096W-A 0 0
YKL096W 21 967
YKL095W 16 303
YKL094W 29 1031
YKL093W 18 236
YKL092C 10 128
YKL091C 11 162
YKL090W 28 623
YKL089W 16 141
YKL088W 15 303
YKL087C 23 444
YKL086W 45 1817
YKL085W 23 467
YKL084W 25 695
YKL083W 4 16
YKL082C 4 153
YKL081W 20 1120
YKL080W 9 242
YKL079W 24 1786
YKL078W 7 163
YKL077W 14 133
YKL076C 3 41
YKL075C 15 275
YKL074C 18 300
YKL073W 12 136
YKL072W 28 822
YKL071W 9 209
YKL070W 6 38
YKL069W 15 250
YKL068W-A 4 33
YKL068W 22 282
YKL067W 8 137
YKL066W 19 1029
YKL065W-A 3 71
YKL065C 9 73
YKL064W 38 1113
YKL063C 8 464
YKL062W 15 236
YKL061W 2 46
YKL060C 31 1957
YKL059C 24 417
YKL058W 1 31
YKL057C 30 829
YKL056C 6 89
YKL055C 10 82
YKL054C 12 136
YKL053C-A 3 14
YKL053W 10 348
YKL052C 25 471
YKL051W 17 640
YKL050C 34 779
YKL049C 10 67
YKL048C 8 55
YKL047W 21 481
YKL046C 21 1299
YKL045W 27 756
YKL044W 8 53
YKL043W 16 171
YKL042W 9 140
YKL041W 0 0
YKL040C 9 116
YKL039W 34 530
YKL038W 65 3701
YKL037W 30 922
YKL036C 19 517
YKL035W 22 664
YKL034W 35 873
YKL033W-A 8 123
YKL033W 26 481
YKL032C 25 375
YKL031W 26 669
YKL030W 37 624
YKL029C 109 5257
YKL028W 8 61
YKL027W 32 941
YKL026C 9 1128
YKL025C 26 506
YKL024C 14 314
YKL023C-A 3 13
YKL023W 13 285
YKL022C 42 1056
YKL021C 17 659
YKL020C 29 664
YKL019W 11 158
YKL018C-A 5 151
YKL018W 9 60
YKL017C 15 200
YKL016C 4 148
YKL015W 33 4600
YKL014C 33 474
YKL013C 2 4
YKL012W 18 225
YKL011C 15 193
YKL010C 54 1175
YKL009W 6 127
YKL008C 26 729
YKL007W 19 352
YKL006C-A 6 59
YKL006W 1 41
YKL005C 41 619
YKL004W 27 469
YKL003C 11 289
YKL002W 25 827
YKL001C 14 2113
YKR001C 30 1013
YKR002W 22 185
YKR003W 61 1739
YKR004C 23 352
YKR005C 32 796
YKR006C 10 204
YKR007W 1 24
YKR008W 10 303
YKR009C 58 2038
YKR010C 17 533
YKR011C 13 240
YKR012C 21 290
YKR013W 9 1640
YKR014C 1 16
YKR015C 21 300
YKR016W 16 342
YKR017C 13 1074
YKR018C 22 752
YKR019C 38 991
YKR020W 2 26
YKR021W 34 565
YKR022C 12 385
YKR023W 12 294
YKR024C 23 584
YKR025W 9 128
YKR026C 8 270
YKR027W 23 346
YKR028W 26 312
YKR029C 11 139
YKR030W 7 123
YKR031C 45 908
YKR032W 9 87
YKR033C 4 22
YKR034W 7 35
YKR035C 3 87
YKR035W-A 3 87
YKR036C 30 1025
YKR037C 19 586
YKR038C 16 419
YKR039W 20 343
YKR040C 35 979
YKR041W 59 4619
YKR042W 11 252
YKR043C 20 466
YKR044W 33 1019
YKR045C 12 188
YKR046C 22 1573
YKR047W 11 104
YKR048C 27 792
YKR049C 13 138
YKR050W 29 76974
YKR051W 24 2434
YKR052C 12 273
YKR053C 25 965
YKR054C 115 2586
YKR055W 14 433
YKR056W 22 331
YKR057W 9 40
YKR058W 25 382
YKR059W 5 68
YKR060W 9 249
YKR061W 43 1126
YKR062W 5 87
YKR063C 14 212
YKR064W 26 409
YKR065C 6 64
YKR066C 13 394
YKR067W 44 1631
YKR068C 10 160
YKR069W 31 1368
YKR070W 15 321
YKR071C 9 304
YKR072C 26 620
YKR073C 15 1018
YKR074W 13 605
YKR075C 23 898
YKR075W-A 14 767
YKR076W 37 623
YKR077W 5 53
YKR078W 26 531
YKR079C 32 741
YKR080W 21 502
YKR081C 11 293
YKR082W 28 553
YKR083C 3 72
YKR084C 20 394
YKR085C 6 145
YKR086W 27 384
YKR087C 16 346
YKR088C 21 465
YKR089C 27 342
YKR090W 32 1828
YKR091W 12 172
YKR092C 14 725
YKR093W 61 1761
YKR094C 4 188
YKR095W 29 614
YKR095W-A 7 75
YKR096W 52 17927
YKR097W 36 1202
YKR098C 29 638
YKR099W 26 1032
YKR100C 14 135
YKR101W 24 525
YKR102W 28 418
YKR103W 27 606
YKR104W 10 172
YKR105C 5 7
YKR106W 3 20
YLL067C 0 0
YLL067W-A 0 0
YLL066W-B 2 3
YLL066C 0 0
YLL066W-A 0 0
YLL065W 3 1148
YLL064C 0 0
YLL063C 25 2554
YLL062C 8 80
YLL061W 26 791
YLL060C 15 1104
YLL059C 31 1233
YLL058W 14 321
YLL057C 25 970
YLL056C 11 1270
YLL055W 15 212
YLL054C 20 582
YLL053C 9 171
YLL052C 9 471
YLL051C 36 849
YLL050C 9 118
YLL049W 7 82
YLL048C 52 1290
YLL047W 7 107
YLL046C 5 104
YLL045C 10 373
YLL044W 9 222
YLL043W 9 514
YLL042C 3 7
YLL041C 19 623
YLL040C 101 3384
YLL039C 33 603
YLL038C 17 210
YLL037W 3 39
YLL036C 8 198
YLL035W 9 134
YLL034C 16 205
YLL033W 6 66
YLL032C 22 1003
YLL031C 24 280
YLL030C 15 938
YLL029W 75 16484
YLL028W 55 5863
YLL027W 9 109
YLL026W 45 1757
YLL025W 9 2286
YLL024C 11 180
YLL023C 18 177
YLL022C 28 595
YLL021W 38 613
YLL020C 3 124
YLL019C 20 510
YLL019W-A 1 4
YLL018C-A 1 27
YLL018C 19 223
YLL015W 35 855
YLL014W 3 4
YLL013C 38 1082
YLL012W 36 963
YLL011W 18 315
YLL010C 28 635
YLL009C 1 28
YLL008W 15 294
YLL007C 7 105
YLL006W-A 6 90
YLL006W 10 1347
YLL005C 25 381
YLL004W 14 281
YLL003W 18 515
YLL002W 29 1744
YLL001W 65 1475
YLR001C 80 9130
YLR002C 20 661
YLR003C 3 92
YLR004C 46 1237
YLR005W 28 1060
YLR006C 28 2208
YLR007W 19 515
YLR008C 4 17
YLR009W 1 8
YLR010C 3 55
YLR011W 9 112
YLR012C 2 28
YLR013W 6 74
YLR014C 31 612
YLR015W 18 176
YLR016C 12 143
YLR017W 8 69
YLR018C 7 77
YLR019W 34 2268
YLR020C 18 897
YLR021W 12 212
YLR022C 14 296
YLR023C 26 517
YLR024C 99 7281
YLR025W 5 77
YLR026C 4 109
YLR027C 26 1070
YLR028C 51 1454
YLR029C 6 99
YLR030W 13 166
YLR031W 4 12
YLR032W 31 595
YLR033W 6 84
YLR034C 19 2932
YLR035C 18 224
YLR036C 8 53
YLR037C 6 164
YLR038C 4 209
YLR039C 25 1032
YLR040C 8 316
YLR041W 6 151
YLR042C 5 190
YLR043C 2 78
YLR044C 40 1337
YLR045C 51 1078
YLR046C 5 38
YLR047C 24 592
YLR048W 3 43
YLR049C 17 580
YLR050C 8 156
YLR051C 12 251
YLR052W 3 45
YLR053C 2 10
YLR054C 24 924
YLR055C 30 564
YLR056W 14 672
YLR057W 47 1338
YLR058C 22 743
YLR059C 55 7694
YLR060W 37 1109
YLR061W 4 48
YLR062C 3 33
YLR063W 6 37
YLR064W 3 339
YLR065C 0 0
YLR066W 7 133
YLR067C 29 395
YLR068W 6 205
YLR069C 32 763
YLR070C 24 851
YLR071C 25 519
YLR072W 25 1859
YLR073C 15 308
YLR074C 20 1210
YLR075W 5 43
YLR076C 1 13
YLR077W 34 763
YLR078C 20 332
YLR079W 9 417
YLR080W 42 498
YLR081W 55 9202
YLR082C 14 121
YLR083C 23 180
YLR084C 55 7924
YLR085C 27 2062
YLR086W 26 331
YLR087C 99 1870
YLR088W 19 310
YLR089C 12 93
YLR090W 21 705
YLR091W 35 736
YLR092W 54 2511
YLR093C 8 182
YLR094C 46 5618
YLR095C 39 859
YLR096W 24 312
YLR097C 15 210
YLR098C 24 821
YLR099C 27 283
YLR099W-A 16 254
YLR100W 22 405
YLR101C 10 786
YLR102C 8 36
YLR103C 13 167
YLR104W 4 23
YLR105C 14 155
YLR106C 92 1585
YLR107W 22 964
YLR108C 22 1360
YLR109W 15 171
YLR110C 2 41
YLR111W 7 260
YLR112W 32 1176
YLR113W 54 1655
YLR114C 25 619
YLR115W 18 344
YLR116W 17 711
YLR117C 19 501
YLR118C 3 20
YLR119W 15 642
YLR120C 29 571
YLR120W-A 9 1120
YLR121C 24 361
YLR122C 2 25
YLR123C 1 2
YLR124W 9 85
YLR125W 2 62
YLR126C 6 950
YLR127C 14 152
YLR128W 5 32
YLR129W 21 367
YLR130C 30 837
YLR131C 36 1164
YLR132C 12 103
YLR133W 12 213
YLR134W 19 510
YLR135W 18 911
YLR136C 7 75
YLR137W 39 1022
YLR138W 33 648
YLR139C 15 209
YLR140W 18 276
YLR141W 60 5687
YLR142W 22 370
YLR143W 14 83
YLR144C 26 730
YLR145W 6 93
YLR146C 14 308
YLR146W-A 1 54
YLR147C 2 3
YLR148W 24 697
YLR149C 15 420
YLR149C-A 3 58
YLR150W 3 27
YLR151C 9 97
YLR152C 11 114
YLR153C 38 700
YLR154C 9 36
YLR154W-A 0 0
YLR154W-B 0 0
YLR154W-C 0 0
YLR154W-E 0 0
YLR154W-F 0 0
YLR154C-G 0 0
YLR154C-H 0 0
YLR155C 0 0
YLR156W 0 0
YLR156C-A 0 0
YLR157C 0 0
YLR157W-D 0 0
YLR157W-E 0 0
YLR157C-C 0 0
YLR158C 0 0
YLR159W 0 0
YLR159C-A 0 0
YLR160C 0 0
YLR161W 0 0
YLR162W 2 4
YLR162W-A 2 57
YLR163C 19 183
YLR163W-A 0 0
YLR164W 4 56
YLR165C 3 20
YLR166C 15 295
YLR167W 10 201
YLR168C 14 197
YLR169W 23 885
YLR170C 17 388
YLR171W 10 284
YLR172C 25 627
YLR173W 39 1300
YLR174W 31 385
YLR175W 21 288
YLR176C 24 278
YLR177W 25 1107
YLR178C 18 257
YLR179C 25 2295
YLR180W 35 461
YLR181C 14 333
YLR182W 9 58
YLR183C 27 614
YLR184W 4 76
YLR185W 7 51
YLR186W 16 624
YLR187W 36 996
YLR188W 31 530
YLR189C 52 1344
YLR190W 19 408
YLR191W 12 151
YLR192C 5 26
YLR193C 8 64
YLR194C 17 273
YLR195C 14 228
YLR196W 31 834
YLR197W 7 241
YLR198C 0 0
YLR199C 21 331
YLR200W 1 4
YLR201C 13 187
YLR202C 20 896
YLR203C 22 438
YLR204W 3 17
YLR205C 37 667
YLR206W 20 585
YLR207W 48 1885
YLR208W 7 60
YLR209C 13 782
YLR210W 14 150
YLR211C 2 14
YLR212C 10 161
YLR213C 43 913
YLR214W 26 417
YLR215C 8 76
YLR216C 22 364
YLR217W 17 347
YLR218C 21 1766
YLR219W 18 599
YLR220W 12 742
YLR221C 5 64
YLR222C 16 491
YLR222C-A 1 2
YLR223C 33 653
YLR224W 14 449
YLR225C 13 343
YLR226W 11 106
YLR227C 12 300
YLR228C 21 403
YLR229C 5 57
YLR230W 2 42
YLR231C 28 759
YLR232W 6 314
YLR233C 25 656
YLR234W 68 1724
YLR235C 25 636
YLR236C 35 5256
YLR237W 37 1401
YLR238W 15 186
YLR239C 4 64
YLR240W 13 208
YLR241W 21 839
YLR242C 9 49
YLR243W 5 21
YLR244C 28 765
YLR245C 9 235
YLR246W 13 96
YLR247C 49 1312
YLR248W 29 984
YLR249W 31 510
YLR250W 10 183
YLR251W 4 29
YLR252W 2 16
YLR253W 26 472
YLR254C 8 556
YLR255C 28 3478
YLR256W 91 1816
YLR257W 24 454
YLR258W 47 964
YLR259C 23 942
YLR260W 40 948
YLR261C 4 109
YLR262C 8 190
YLR262C-A 2 6
YLR263W 33 682
YLR264W 2 13
YLR264C-A 2 2
YLR265C 2 8
YLR266C 24 329
YLR267W 20 8678
YLR268W 6 90
YLR269C 19 380
YLR270W 11 175
YLR271W 12 107
YLR272C 33 514
YLR273C 22 425
YLR274W 22 455
YLR275W 5 49
YLR276C 9 68
YLR277C 26 538
YLR278C 38 803
YLR279W 27 1961
YLR280C 19 1266
YLR281C 20 1274
YLR282C 8 229
YLR283W 11 180
YLR284C 2 21
YLR285W 4 151
YLR285C-A 5 58
YLR286C 5 692
YLR286W-A 0 0
YLR287C 6 17
YLR287C-A 3 20
YLR288C 24 655
YLR289W 21 291
YLR290C 5 93
YLR291C 11 177
YLR292C 12 229
YLR293C 8 29
YLR294C 13 283
YLR295C 7 88
YLR296W 18 1432
YLR297W 22 2923
YLR298C 23 1358
YLR299W 81 6378
YLR299C-A 6 106
YLR300W 29 562
YLR301W 12 444
YLR302C 29 1717
YLR303W 14 719
YLR304C 68 1349
YLR305C 71 1382
YLR306W 15 687
YLR307W 14 225
YLR307C-A 2 36
YLR308W 15 2269
YLR309C 16 330
YLR310C 26 493
YLR311C 7 36
YLR312C 17 543
YLR312W-A 18 236
YLR313C 32 949
YLR314C 26 593
YLR315W 6 19
YLR316C 28 929
YLR317W 8 144
YLR318W 40 954
YLR319C 14 364
YLR320W 24 476
YLR321C 17 330
YLR322W 7 51
YLR323C 4 18
YLR324W 17 324
YLR325C 4 125
YLR326W 24 1752
YLR327C 8 195
YLR328W 23 701
YLR329W 6 9
YLR330W 32 1371
YLR331C 1 1
YLR332W 11 384
YLR333C 23 305
YLR334C 7 153
YLR335W 9 1507
YLR336C 23 791
YLR337C 20 164
YLR338W 3 27
YLR339C 1 2
YLR340W 2 3
YLR341W 11 502
YLR342W 64 1012
YLR342W-A 2 9
YLR343W 26 707
YLR344W 3 674
YLR345W 31 1667
YLR346C 2 20
YLR347C 43 667
YLR347W-A 2 121
YLR348C 52 9376
YLR349W 24 1347
YLR350W 9 201
YLR351C 18 738
YLR352W 47 7276
YLR353W 29 392
YLR354C 20 229
YLR355C 47 2246
YLR356W 9 73
YLR357W 55 1633
YLR358C 18 192
YLR359W 13 140
YLR360W 23 620
YLR361C 39 1268
YLR361C-A 5 62
YLR362W 37 1123
YLR363C 4 30
YLR363W-A 2 41
YLR364W 4 140
YLR365W 8 56
YLR364C-A 10 394
YLR366W 27 845
YLR367W 34 1415
YLR368W 23 582
YLR369W 14 303
YLR370C 8 223
YLR371W 46 813
YLR372W 7 58
YLR373C 17 476
YLR374C 17 999
YLR375W 13 436
YLR376C 10 196
YLR377C 43 3229
YLR378C 36 634
YLR379W 6 156
YLR380W 23 611
YLR381W 19 483
YLR382C 39 704
YLR383W 30 593
YLR384C 34 709
YLR385C 3 53
YLR386W 17 476
YLR387C 24 379
YLR388W 6 36
YLR389C 70 1473
YLR390W 11 196
YLR390W-A 7 194
YLR392C 25 348
YLR393W 6 52
YLR394W 7 60
YLR395C 5 115
YLR396C 35 1202
YLR397C 31 715
YLR398C 48 662
YLR399C 30 371
YLR399W-A 2 4
YLR400W 25 953
YLR401C 44 2770
YLR402W 5 41
YLR403W 20 417
YLR404W 16 844
YLR405W 18 713
YLR406C 13 340
YLR406C-A 3 561
YLR407W 5 95
YLR408C 9 303
YLR409C 41 815
YLR410W 56 1191
YLR411W 13 443
YLR412W 10 138
YLR412C-A 0 0
YLR413W 34 1072
YLR414C 33 1516
YLR415C 42 4114
YLR416C 31 1446
YLR417W 29 647
YLR418C 9 42
YLR419W 33 3020
YLR420W 11 1556
YLR421C 6 48
YLR422W 46 719
YLR423C 4 55
YLR424W 21 263
YLR425W 39 717
YLR426W 10 34
YLR427W 24 409
YLR428C 15 213
YLR429W 54 1028
YLR430W 47 777
YLR431C 23 282
YLR432W 26 478
YLR433C 15 407
YLR434C 1 3
YLR435W 2 36
YLR436C 70 3937
YLR437C 21 823
YLR437C-A 5 151
YLR438W 47 2268
YLR438C-A 5 17
YLR439W 14 137
YLR440C 11 415
YLR441C 12 169
YLR442C 25 546
YLR443W 17 239
YLR444C 4 10
YLR445W 9 224
YLR446W 12 146
YLR447C 27 607
YLR448W 13 242
YLR449W 12 690
YLR450W 45 1582
YLR451W 23 994
YLR452C 30 1114
YLR453C 23 302
YLR454W 78 3064
YLR455W 13 527
YLR456W 11 183
YLR457C 18 335
YLR458W 6 101
YLR459W 7 76
YLR460C 20 613
YLR461W 3 57
YLR462W 0 0
YLR463C 0 0
YLR464W 0 0
YLR465C 0 0
YLR466W 1 2
YLR466C-A 0 0
YLR466C-B 2 283
YLR467W 0 0
YLR467C-A 0 0
YML133C 0 0
YML133W-B 0 0
YML133W-A 0 0
YML132W 0 0
YML131W 19 562
YML130C 23 565
YML129C 6 818
YML128C 22 496
YML127W 21 507
YML126C 28 1450
YML125C 22 331
YML124C 17 321
YML123C 26 572
YML122C 33 2880
YML121W 11 132
YML120C 32 580
YML119W 13 562
YML118W 20 467
YML117W 39 872
YML116W-A 8 150
YML116W 20 726
YML115C 17 502
YML114C 10 755
YML113W 14 451
YML112W 15 888
YML111W 39 792
YML110C 12 284
YML109W 30 2021
YML108W 3 19
YML107C 20 670
YML106W 13 353
YML105C 3 8
YML104C 32 1297
YML103C 46 978
YML102W 34 740
YML101C-A 11 456
YML101C 41 1365
YML100W-A 13 276
YML100W 94 3788
YML099W-A 5 112
YML099C 28 682
YML098W 1 23
YML097C 20 538
YML096W 18 397
YML095C 3 29
YML094C-A 9 400
YML094W 9 391
YML093W 37 998
YML092C 3 20
YML091C 52 1082
YML090W 8 166
YML089C 22 1668
YML088W 15 330
YML087C 14 2627
YML086C 21 391
YML085C 18 559
YML084W 12 357
YML083C 38 882
YML082W 31 1389
YML081C-A 1 2
YML081W 38 882
YML080W 8 155
YML079W 21 621
YML078W 11 634
YML077W 6 358
YML076C 44 1239
YML075C 54 1309
YML074C 4 16
YML073C 7 87
YML072C 79 1901
YML071C 21 763
YML070W 26 938
YML069W 2 7
YML068W 23 1947
YML067C 9 134
YML066C 15 385
YML065W 13 293
YML064C 9 164
YML063W 6 111
YML062C 19 1003
YML061C 10 101
YML060W 10 153
YML059C 47 2151
YML058W-A 3 83
YML058W 12 1257
YML057C-A 5 41
YML057W 26 407
YML056C 40 1217
YML055W 10 185
YML054C 57 1197
YML054C-A 22 15828
YML053C 15 587
YML052W 23 942
YML051W 47 1228
YML050W 7 67
YML049C 43 3353
YML048W 7 131
YML047W-A 2 14
YML047C 9 93
YML046W 10 97
YML043C 3 34
YML042W 31 6946
YML041C 7 207
YML038C 10 146
YML037C 7 200
YML036W 10 399
YML035C 39 1036
YML034C-A 10 87
YML034W 38 538
YML032C 21 487
YML031C-A 7 254
YML031W 25 716
YML030W 12 540
YML029W 34 1442
YML028W 15 258
YML027W 19 12096
YML026C 3 11
YML025C 10 903
YML024W 4 83
YML023C 23 434
YML022W 3 66
YML021C 26 825
YML020W 29 894
YML019W 8 1612
YML018C 36 1061
YML017W 35 405
YML016C 30 1180
YML015C 6 129
YML014W 16 490
YML013W 21 346
YML012C-A 10 173
YML012W 9 82
YML011C 12 1110
YML010W 21 405
YML009W-B 3 21
YML009C-A 2 53
YML009C 2 10
YML008C 9 134
YML007C-A 3 99
YML007W 24 1373
YML006C 32 553
YML005W 33 1573
YML004C 39 2233
YML003W 25 593
YML002W 29 4683
YML001W 14 199
YMR001C 42 2447
YMR001C-A 8 971
YMR002W 19 2766
YMR003W 12 337
YMR004W 35 3373
YMR005W 17 246
YMR006C 29 719
YMR007W 24 1126
YMR008C 13 300
YMR009W 6 220
YMR010W 19 356
YMR011W 33 555
YMR012W 33 740
YMR013C 15 180
YMR013C-A 2 47
YMR013W-A 2 7
YMR014W 4 27
YMR015C 39 2073
YMR016C 13 153
YMR017W 13 252
YMR018W 17 281
YMR019W 23 775
YMR020W 16 297
YMR021C 15 763
YMR022W 12 354
YMR023C 22 550
YMR024W 12 167
YMR025W 3 194
YMR026C 14 288
YMR027W 15 199
YMR028W 3 68
YMR029C 7 167
YMR030W 19 657
YMR031C 24 433
YMR031W-A 14 282
YMR032W 18 139
YMR030W-A 7 278
YMR033W 12 266
YMR034C 19 301
YMR035W 11 2613
YMR036C 17 353
YMR037C 24 429
YMR038C 14 405
YMR039C 13 377
YMR040W 18 991
YMR041C 5 11
YMR042W 54 48791
YMR043W 11 560
YMR044W 20 197
YMR046W-A 0 0
YMR047C 31 650
YMR048W 13 207
YMR049C 13 356
YMR052W 5 104
YMR052C-A 8 108
YMR053C 37 449
YMR054W 45 1072
YMR055C 29 1525
YMR056C 42 1888
YMR057C 32 8208
YMR058W 47 2859
YMR059W 4 22
YMR060C 11 191
YMR061W 9 106
YMR062C 31 880
YMR063W 25 2251
YMR064W 19 265
YMR065W 20 3351
YMR066W 19 394
YMR067C 14 564
YMR068W 6 61
YMR069W 68 3591
YMR070W 22 317
YMR071C 6 99
YMR072W 8 119
YMR073C 8 455
YMR074C 4 46
YMR075W 25 318
YMR075C-A 5 129
YMR076C 36 745
YMR077C 13 393
YMR078C 21 295
YMR079W 13 192
YMR080C 34 539
YMR081C 11 363
YMR082C 15 343
YMR083W 17 402
YMR084W 23 454
YMR085W 16 346
YMR086W 31 715
YMR086C-A 14 5073
YMR087W 21 2233
YMR088C 18 482
YMR089C 16 238
YMR090W 20 328
YMR091C 20 517
YMR092C 17 244
YMR093W 18 485
YMR094W 10 330
YMR095C 14 336
YMR096W 10 205
YMR097C 13 227
YMR098C 17 493
YMR099C 6 52
YMR100W 22 322
YMR101C 12 301
YMR102C 26 822
YMR103C 41 2357
YMR104C 38 991
YMR105C 12 85
YMR105W-A 6 306
YMR106C 48 1503
YMR107W 17 512
YMR108W 39 3749
YMR109W 39 4063
YMR110C 24 500
YMR111C 24 674
YMR112C 2 12
YMR113W 26 410
YMR114C 13 302
YMR115W 9 1554
YMR116C 27 945
YMR117C 4 39
YMR118C 12 235
YMR119W 10 232
YMR119W-A 2 23
YMR120C 25 1313
YMR121C 10 199
YMR122C 45 10590
YMR122W-A 9 81
YMR123W 0 0
YMR124W 25 502
YMR125W 18 251
YMR126C 4 150
YMR127C 14 244
YMR128W 25 883
YMR129W 37 1064
YMR130W 12 383
YMR131C 18 437
YMR132C 9 216
YMR133W 11 111
YMR134W 12 225
YMR135C 32 699
YMR135W-A 45 6669
YMR136W 49 1084
YMR137C 28 768
YMR138W 9 120
YMR139W 13 245
YMR140W 12 136
YMR141C 3 21
YMR142C 0 0
YMR141W-A 0 0
YMR143W 8 70
YMR144W 15 431
YMR145C 51 922
YMR146C 28 1324
YMR147W 14 490
YMR148W 13 257
YMR149W 19 685
YMR150C 25 619
YMR151W 16 1201
YMR152W 17 440
YMR153W 20 1061
YMR153C-A 0 0
YMR154C 21 1048
YMR155W 17 395
YMR156C 12 925
YMR157C 12 235
YMR158W 8 101
YMR158C-A 1 8
YMR158W-B 12 212
YMR159C 15 323
YMR160W 20 84
YMR161W 8 266
YMR162C 56 5020
YMR163C 9 483
YMR164C 26 637
YMR165C 51 766
YMR166C 11 458
YMR167W 24 568
YMR168C 24 1203
YMR169C 21 187
YMR170C 17 340
YMR171C 17 481
YMR172W 19 200
YMR172C-A 2 2
YMR173W 6 74
YMR173W-A 7 76
YMR174C 7 897
YMR175W 5 432
YMR175W-A 10 153
YMR176W 54 1186
YMR177W 15 585
YMR178W 17 241
YMR179W 25 583
YMR180C 37 1292
YMR181C 4 30
YMR182C 2 35
YMR182W-A 1 3
YMR183C 14 155
YMR184W 12 227
YMR185W 27 430
YMR186W 25 549
YMR187C 21 12755
YMR188C 11 507
YMR189W 38 1468
YMR190C 34 1709
YMR191W 17 269
YMR192W 17 315
YMR193W 5 41
YMR193C-A 9 143
YMR194W 9 209
YMR194C-B 22 1027
YMR194C-A 18 1508
YMR195W 12 447
YMR196W 41 1779
YMR197C 11 199
YMR198W 28 1104
YMR199W 17 357
YMR200W 12 314
YMR201C 22 342
YMR202W 22 481
YMR203W 15 547
YMR204C 5 28
YMR205C 27 326
YMR206W 26 906
YMR207C 59 1584
YMR208W 25 318
YMR209C 22 525
YMR210W 21 578
YMR211W 18 425
YMR212C 22 383
YMR213W 19 1164
YMR214W 9 111
YMR215W 21 488
YMR216C 26 216456
YMR217W 12 367
YMR218C 23 258
YMR219W 61 1820
YMR220W 16 481
YMR221C 17 415
YMR222C 6 209
YMR223W 16 141
YMR224C 37 749
YMR225C 9 103
YMR226C 15 281
YMR227C 15 323
YMR228W 14 458
YMR229C 39 626
YMR230W 11 239
YMR230W-A 14 452
YMR231W 28 533
YMR232W 19 204
YMR233W 10 210
YMR234W 12 141
YMR235C 16 220
YMR236W 6 149
YMR237W 21 618
YMR238W 24 3816
YMR239C 11 559
YMR240C 14 345
YMR241W 14 226
YMR242C 9 136
YMR242W-A 1 2
YMR243C 24 476
YMR244W 28 765
YMR244C-A 10 201
YMR245W 52 5207
YMR246W 70 4041
YMR247C 40 1093
YMR247W-A 4 232
YMR250W 30 1699
YMR251W 54 2653
YMR251W-A 0 0
YMR252C 18 650
YMR253C 26 797
YMR254C 14 297
YMR255W 3 25
YMR256C 2 24
YMR257C 21 395
YMR258C 23 1178
YMR259C 17 737
YMR260C 2 5
YMR261C 33 835
YMR262W 14 205
YMR263W 6 53
YMR264W 9 109
YMR265C 20 282
YMR266W 31 805
YMR267W 17 661
YMR268C 5 114
YMR269W 5 24
YMR270C 9 51
YMR271C 12 261
YMR272C 11 254
YMR272W-A 1 27
YMR272W-B 0 0
YMR273C 25 239
YMR274C 7 49
YMR275C 25 810
YMR276W 24 494
YMR277W 20 376
YMR278W 17 244
YMR279C 18 269
YMR280C 54 782
YMR281W 13 487
YMR282C 14 485
YMR283C 21 671
YMR284W 25 780
YMR285C 30 1750
YMR286W 2 187
YMR287C 28 564
YMR288W 22 238
YMR289W 18 937
YMR290C 2 25
YMR290W-A 4 282
YMR291W 24 349
YMR292W 9 44
YMR293C 25 393
YMR294W 11 242
YMR294W-A 1 13
YMR295C 7 77
YMR296C 42 704
YMR297W 32 711
YMR298W 7 135
YMR299C 12 344
YMR300C 21 163
YMR301C 28 718
YMR302C 20 231
YMR303C 7 93
YMR304W 42 1282
YMR304C-A 13 267
YMR305C 5 124
YMR306W 65 2464
YMR306C-A 7 644
YMR307W 29 923
YMR307C-A 2 40
YMR308C 29 657
YMR309C 20 543
YMR310C 9 1002
YMR311C 7 92
YMR312W 1 1
YMR313C 16 811
YMR314W 9 54
YMR315W 23 8485
YMR315W-A 7 206
YMR316W 13 439
YMR316C-A 11 138
YMR316C-B 0 0
YMR317W 11 855
YMR318C 35 866
YMR319C 45 1603
YMR320W 2 23
YMR321C 2 29
YMR322C 1 10
YMR323W 5 51
YMR324C 8 201
YMR325W 0 0
YMR326C 6 128
YNL339C 0 0
YNL339W-B 0 0
YNL339W-A 0 0
YNL338W 7 41
YNL337W 4 24
YNL336W 5 78
YNL335W 0 0
YNL334C 2 34
YNL333W 3 13
YNL332W 6 106
YNL331C 13 398
YNL330C 18 271
YNL329C 32 1197
YNL328C 15 290
YNL327W 19 320
YNL326C 23 586
YNL325C 34 851
YNL324W 3 92
YNL323W 20 861
YNL322C 2 97
YNL321W 25 944
YNL320W 15 198
YNL319W 4 11
YNL318C 15 75
YNL317W 23 678
YNL316C 18 784
YNL315C 6 403
YNL314W 22 508
YNL313C 12 197
YNL312W 5 49
YNL311C 26 752
YNL310C 8 143
YNL309W 23 639
YNL308C 14 263
YNL307C 17 228
YNL306W 11 105
YNL305C 11 278
YNL304W 22 1356
YNL303W 14 726
YNL302C 1 2
YNL301C 22 372
YNL300W 3 19
YNL299W 18 2119
YNL298W 33 642
YNL297C 30 612
YNL296W 2 4
YNL295W 17 319
YNL294C 24 628
YNL293W 29 734
YNL292W 14 148
YNL291C 15 133
YNL290W 18 297
YNL289W 21 339
YNL288W 19 252
YNL287W 20 560
YNL286W 11 516
YNL285W 20 1771
YNL284C 7 202
YNL283C 31 751
YNL282W 17 889
YNL281W 10 35
YNL280C 13 488
YNL279W 34 852
YNL278W 65 3006
YNL277W-A 19 1736
YNL277W 30 868
YNL276C 11 226
YNL275W 20 840
YNL274C 14 296
YNL273W 23 281
YNL272C 9 55
YNL271C 29 848
YNL270C 23 488
YNL269W 21 960
YNL268W 29 882
YNL267W 23 408
YNL266W 2 5
YNL265C 16 274
YNL264C 31 1840
YNL263C 12 274
YNL262W 66 2420
YNL261W 15 454
YNL260C 1 4
YNL259C 10 199
YNL258C 15 104
YNL257C 44 1430
YNL256W 18 195
YNL255C 1 12
YNL254C 15 340
YNL253W 18 34986
YNL252C 12 446
YNL251C 33 832
YNL250W 29 715
YNL249C 23 517
YNL248C 4 8
YNL247W 15 379
YNL246W 11 186
YNL245C 9 126
YNL244C 13 459
YNL243W 53 1484
YNL242W 56 2111
YNL241C 46 940
YNL240C 52 2308
YNL239W 19 218
YNL238W 20 482
YNL237W 19 477
YNL236W 24 610
YNL235C 7 61
YNL234W 26 1305
YNL233W 23 495
YNL232W 19 459
YNL231C 31 1738
YNL230C 33 1389
YNL229C 13 597
YNL228W 21 1249
YNL227C 22 1251
YNL226W 4 27
YNL225C 14 131
YNL224C 24 1157
YNL223W 15 139
YNL222W 11 387
YNL221C 32 755
YNL220W 21 377
YNL219C 20 522
YNL218W 25 544
YNL217W 31 985
YNL216W 40 738
YNL215W 5 134
YNL214W 8 52
YNL213C 8 556
YNL212W 23 488
YNL211C 6 129
YNL210W 2 56
YNL209W 19 11166
YNL208W 16 322
YNL207W 6 35
YNL206C 14 379
YNL205C 8 806
YNL204C 3 42
YNL203C 6 136
YNL202W 20 1291
YNL201C 25 487
YNL200C 8 28
YNL199C 16 512
YNL198C 3 34
YNL197C 13 131
YNL196C 25 515
YNL195C 21 404
YNL194C 20 238
YNL193W 23 872
YNL192W 54 1829
YNL191W 30 637
YNL190W 7 72
YNL189W 6 73
YNL188W 6 93
YNL187W 23 489
YNL186W 24 334
YNL185C 0 0
YNL184C 6 6
YNL183C 22 534
YNL182C 21 321
YNL181W 6 100
YNL180C 9 262
YNL179C 15 1144
YNL178W 1 1
YNL177C 3 105
YNL176C 17 366
YNL175C 13 147
YNL174W 3 15
YNL173C 19 774
YNL172W 43 512
YNL171C 6 27
YNL170W 3 98
YNL169C 18 218
YNL168C 20 1557
YNL167C 14 158
YNL166C 21 387
YNL165W 13 829
YNL164C 11 343
YNL163C 35 1010
YNL162W-A 1 2
YNL162W 2 6
YNL161W 21 216
YNL160W 15 275
YNL159C 8 258
YNL158W 21 344
YNL157W 10 545
YNL156C 15 245
YNL155W 14 329
YNL154C 32 2373
YNL153C 9 70
YNL152W 9 81
YNL151C 7 168
YNL150W 3 82
YNL149C 4 57
YNL148C 70 17928
YNL147W 3 21
YNL146C-A 6 178
YNL146W 8 217
YNL145W 2 75
YNL144C 38 793
YNL144W-A 1 5
YNL143C 11 522
YNL142W 36 628
YNL141W 16 147
YNL140C 5 146
YNL139C 33 569
YNL138W-A 10 88
YNL138W 14 604
YNL137C 21 206
YNL136W 17 459
YNL135C 3 15
YNL134C 17 325
YNL133C 9 50
YNL132W 10 132
YNL131W 1 4
YNL130C 13 589
YNL130C-A 5 103
YNL129W 8 136
YNL128W 15 525
YNL127W 30 534
YNL126W 19 350
YNL125C 26 695
YNL124W 19 412
YNL123W 37 814
YNL122C 8 147
YNL121C 11 345
YNL120C 4 81
YNL119W 26 583
YNL118C 22 345
YNL117W 37 1007
YNL116W 19 469
YNL115C 27 458
YNL114C 2 300
YNL113W 1 111
YNL112W 48 1209
YNL111C 3 16
YNL110C 7 93
YNL109W 6 98
YNL108C 20 2046
YNL107W 5 85
YNL106C 46 1529
YNL105W 6 189
YNL104C 43 4173
YNL103W-A 2 719
YNL103W 26 437
YNL102W 40 729
YNL101W 30 568
YNL100W 7 117
YNL099C 12 149
YNL098C 13 91
YNL097C-B 8 1700
YNL097C 23 355
YNL097W-A 4 85
YNL096C 15 436
YNL095C 22 399
YNL094W 22 330
YNL093W 9 341
YNL092W 31 397
YNL091W 26 357
YNL090W 2 27
YNL089C 2 27
YNL088W 31 1581
YNL087W 54 2318
YNL086W 3 32
YNL085W 35 817
YNL084C 8 141
YNL083W 18 1467
YNL082W 14 720
YNL081C 1 16
YNL080C 26 592
YNL079C 11 145
YNL078W 25 850
YNL077W 25 454
YNL076W 22 663
YNL075W 10 136
YNL074C 19 477
YNL073W 22 646
YNL072W 30 1724
YNL071W 12 129
YNL070W 5 245
YNL069C 5 119
YNL068C 33 1011
YNL067W-A 5 66
YNL067W-B 6 70
YNL067W 13 534
YNL066W 46 2868
YNL065W 25 473
YNL064C 24 532
YNL063W 14 279
YNL062C 11 581
YNL061W 32 762
YNL059C 14 217
YNL058C 10 184
YNL057W 1 6
YNL056W 6 283
YNL055C 19 660
YNL054W 29 385
YNL053W 41 2564
YNL052W 18 258
YNL051W 15 222
YNL050C 8 110
YNL049C 21 349
YNL048W 17 637
YNL047C 21 436
YNL046W 11 249
YNL045W 21 417
YNL044W 8 110
YNL043C 6 92
YNL042W-B 13 255
YNL042W 15 127
YNL041C 15 347
YNL040W 18 184
YNL039W 20 529
YNL038W 16 845
YNL037C 29 454
YNL036W 27 414
YNL035C 11 175
YNL034W 9 21
YNL033W 0 0
YNL032W 12 201
YNL031C 6 616
YNL030W 2 56
YNL029C 25 371
YNL028W 12 138
YNL027W 17 402
YNL026W 14 212
YNL025C 16 375
YNL024C-A 6 72
YNL024C 26 1623
YNL023C 49 1216
YNL022C 23 2996
YNL021W 17 259
YNL020C 38 811
YNL019C 1 1
YNL018C 15 2095
YNL017C 16 2268
YNL016W 12 292
YNL015W 0 0
YNL014W 24 937
YNL013C 0 0
YNL012W 36 538
YNL011C 9 237
YNL010W 7 745
YNL009W 23 1067
YNL008C 41 2270
YNL007C 6 152
YNL006W 15 799
YNL005C 20 494
YNL004W 60 6150
YNL003C 19 601
YNL002C 6 142
YNL001W 33 808
YNR001C 71 1573
YNR001W-A 4 310
YNR002C 60 3495
YNR003C 21 734
YNR003W-A 2 7
YNR004W 7 181
YNR005C 6 126
YNR006W 23 449
YNR007C 11 182
YNR008W 36 581
YNR009W 9 122
YNR010W 4 125
YNR011C 27 803
YNR012W 15 146
YNR013C 52 981
YNR014W 26 3828
YNR015W 56 3455
YNR016C 120 2908
YNR017W 22 475
YNR018W 26 1094
YNR019W 32 2534
YNR020C 18 407
YNR021W 15 160
YNR022C 1 16
YNR023W 7 141
YNR024W 1 12
YNR025C 4 175
YNR026C 11 157
YNR027W 16 1109
YNR028W 10 146
YNR029C 14 252
YNR030W 13 158
YNR031C 89 2398
YNR032W 31 1842
YNR032C-A 5 92
YNR033W 36 1568
YNR034W 22 582
YNR034W-A 7 119
YNR035C 10 439
YNR036C 11 113
YNR037C 7 293
YNR038W 12 710
YNR039C 38 871
YNR040W 21 458
YNR041C 16 390
YNR042W 3 17
YNR043W 4 29
YNR044W 24 1370
YNR045W 17 123
YNR046W 7 135
YNR047W 35 1326
YNR048W 18 564
YNR049C 14 183
YNR050C 22 394
YNR051C 12 207
YNR052C 27 625
YNR053C 14 99
YNR054C 13 347
YNR055C 29 1244
YNR056C 29 438
YNR057C 40 2404
YNR058W 21 630
YNR059W 29 590
YNR060W 28 888
YNR061C 7 113
YNR062C 4 12
YNR063W 16 251
YNR064C 27 12845
YNR065C 21 809
YNR066C 31 662
YNR067C 34 2074
YNR068C 4 35
YNR069C 19 427
YNR070W 33 450
YNR071C 23 664
YNR072W 16 160
YNR073C 16 424
YNR074C 15 242
YNR075W 24 495
YNR075C-A 6 392
YNR076W 0 0
YNR077C 1 4
YOL166W-A 4 97
YOL166C 6 80
YOL165C 6 17
YOL164W-A 1 6
YOL164W 34 750
YOL163W 9 133
YOL162W 1 408
YOL161C 4 7
YOL160W 7 48
YOL159C-A 7 122
YOL159C 13 171
YOL158C 24 1745
YOL157C 14 427
YOL156W 5 35
YOL155W-A 0 0
YOL155C 18 248
YOL154W 9 320
YOL152W 34 866
YOL151W 8 25
YOL150C 0 0
YOL149W 4 50
YOL148C 14 279
YOL147C 13 173
YOL146W 4 109
YOL145C 26 559
YOL144W 9 146
YOL143C 7 133
YOL142W 13 275
YOL141W 46 1733
YOL140W 21 899
YOL139C 0 0
YOL138C 51 941
YOL137W 20 338
YOL136C 8 56
YOL135C 4 178
YOL134C 12 284
YOL133W 2 21
YOL132W 17 158
YOL131W 4 134
YOL130W 21 449
YOL129W 10 248
YOL128C 17 565
YOL127W 0 0
YOL126C 24 846
YOL125W 23 4428
YOL124C 20 437
YOL123W 33 461
YOL122C 28 1575
YOL121C 4 76
YOL120C 13 529
YOL119C 21 221
YOL118C 20 435
YOL117W 14 720
YOL116W 21 1044
YOL115W 32 1006
YOL114C 11 229
YOL113W 20 409
YOL112W 34 918
YOL111C 20 370
YOL110W 51 69805
YOL109W 1 4
YOL108C 9 292
YOL107W 26 1544
YOL106W 5 36
YOL105C 10 149
YOL104C 4 65
YOL103W 21 1080
YOL102C 8 81
YOL101C 0 0
YOL100W 20 1692
YOL099C 3 51
YOL098C 48 1273
YOL097W-A 6 221
YOL097C 23 476
YOL096C 18 327
YOL095C 19 573
YOL094C 14 365
YOL093W 8 131
YOL092W 14 126
YOL091W 8 203
YOL090W 21 607
YOL089C 37 629
YOL088C 3 20
YOL087C 22 1456
YOL086W-A 10 323
YOL086C 24 789
YOL085W-A 8 673
YOL085C 25 879
YOL084W 58 1052
YOL083W 9 87
YOL083C-A 0 0
YOL082W 15 317
YOL081W 80 2163
YOL080C 5 293
YOL079W 2 9
YOL078W 36 502
YOL077W-A 8 292
YOL077C 12 270
YOL076W 11 106
YOL075C 31 911
YOL073C 11 406
YOL072W 11 155
YOL071W 4 61
YOL070C 20 1062
YOL069W 17 255
YOL068C 27 564
YOL067C 3 20
YOL066C 17 157
YOL065C 14 372
YOL064C 9 330
YOL063C 18 214
YOL062C 9 241
YOL061W 19 510
YOL060C 47 1696
YOL059W 42 1023
YOL058W 29 457
YOL057W 24 222
YOL056W 14 437
YOL055C 22 765
YOL054W 22 507
YOL053W 24 2441
YOL052C-A 2 4
YOL052C 35 1137
YOL051W 28 2322
YOL050C 4 1458
YOL049W 17 382
YOL048C 11 212
YOL047C 11 545
YOL046C 10 234
YOL045W 31 486
YOL044W 11 111
YOL043C 9 349
YOL042W 19 328
YOL041C 12 517
YOL040C 2 94
YOL039W 3 40
YOL038C-A 0 0
YOL038W 10 303
YOL037C 5 98
YOL036W 30 429
YOL035C 6 60
YOL034W 33 847
YOL033W 12 464
YOL032W 10 171
YOL031C 17 713
YOL030W 22 4600
YOL029C 11 215
YOL028C 9 557
YOL027C 8 154
YOL026C 17 1833
YOL025W 15 434
YOL024W 10 91
YOL023W 22 524
YOL022C 15 291
YOL021C 41 1208
YOL020W 35 961
YOL019W-A 14 620
YOL019W 20 376
YOL018C 21 1500
YOL017W 25 479
YOL016C 19 470
YOL015W 14 163
YOL014W 2 25
YOL013W-B 1 10
YOL013W-A 12 373
YOL013C 19 792
YOL012C 6 140
YOL011W 26 732
YOL010W 11 217
YOL009C 15 299
YOL008W 10 2005
YOL007C 23 1208
YOL006C 14 568
YOL005C 9 153
YOL004W 46 939
YOL003C 36 979
YOL002C 25 1022
YOL001W 26 2128
YOR001W 47 2263
YOR002W 47 2795
YOR003W 45 1031
YOR004W 18 449
YOR005C 51 1112
YOR006C 16 236
YOR007C 12 485
YOR008C 3 130
YOR008C-A 3 7
YOR008W-B 4 54
YOR009W 3 112
YOR010C 4 230
YOR011W 42 864
YOR011W-A 3 34
YOR012W 7 42
YOR013W 12 148
YOR014W 17 657
YOR015W 1 10
YOR016C 6 193
YOR017W 25 550
YOR018W 30 850
YOR019W 28 405
YOR020C 2 24
YOR020W-A 3 76
YOR021C 3 47
YOR022C 26 878
YOR023C 21 674
YOR024W 20 626
YOR025W 24 275
YOR026W 21 1782
YOR027W 33 639
YOR028C 17 164
YOR029W 15 5626
YOR030W 25 554
YOR031W 7 68
YOR032C 13 126
YOR032W-A 13 258
YOR033C 26 940
YOR034C 22 343
YOR034C-A 12 564
YOR035C 14 446
YOR036W 6 34
YOR037W 20 194
YOR038C 26 877
YOR039W 10 199
YOR040W 32 1090
YOR041C 9 493
YOR042W 26 630
YOR043W 7 131
YOR044W 8 201
YOR045W 0 0
YOR046C 18 258
YOR047C 0 0
YOR048C 14 171
YOR049C 10 156
YOR050C 13 263
YOR051C 10 307
YOR052C 12 157
YOR053W 3 54
YOR054C 29 563
YOR055W 8 332
YOR056C 22 495
YOR057W 15 268
YOR058C 25 655
YOR059C 23 401
YOR060C 21 688
YOR061W 17 432
YOR062C 18 364
YOR063W 7 133
YOR064C 16 188
YOR065W 18 242
YOR066W 25 1132
YOR067C 17 294
YOR069W 19 258
YOR068C 2 9
YOR070C 15 1038
YOR071C 30 646
YOR072W 13 940
YOR072W-A 9 105
YOR072W-B 3 4
YOR073W 14 242
YOR074C 10 162
YOR073W-A 4 87
YOR075W 5 91
YOR076C 25 491
YOR077W 18 303
YOR078W 8 277
YOR079C 18 806
YOR080W 16 199
YOR081C 35 516
YOR082C 9 116
YOR083W 42 1783
YOR084W 39 793
YOR085W 23 1976
YOR086C 30 649
YOR087W 30 7792
YOR089C 8 323
YOR090C 33 1042
YOR091W 41 2127
YOR092W 23 372
YOR093C 44 1523
YOR094W 4 27
YOR095C 11 116
YOR096W 5 241
YOR097C 9 488
YOR098C 32 446
YOR099W 32 1045
YOR100C 11 204
YOR101W 8 495
YOR102W 1 9
YOR103C 1 9
YOR104W 8 157
YOR105W 4 112
YOR106W 11 67
YOR107W 19 332
YOR108W 27 767
YOR108C-A 3 39
YOR109W 22 461
YOR110W 13 292
YOR111W 3 44
YOR112W 18 133
YOR113W 22 444
YOR114W 14 226
YOR115C 6 131
YOR116C 21 510
YOR117W 14 183
YOR118W 24 606
YOR119C 9 398
YOR120W 28 1413
YOR121C 9 412
YOR122C 15 195
YOR123C 17 465
YOR124C 36 1092
YOR125C 5 62
YOR126C 13 400
YOR127W 26 477
YOR128C 16 470
YOR129C 18 511
YOR130C 6 187
YOR131C 10 210
YOR132W 17 258
YOR133W 3 20
YOR134W 30 3933
YOR135C 8 154
YOR136W 17 657
YOR137C 22 419
YOR138C 42 1904
YOR139C 0 0
YOR140W 37 776
YOR141C 29 744
YOR142W 20 812
YOR143C 12 294
YOR144C 22 222
YOR145C 7 218
YOR146W 3 14
YOR147W 13 175
YOR148C 17 84
YOR149C 24 201
YOR150W 6 68
YOR151C 24 541
YOR152C 0 0
YOR153W 60 1625
YOR154W 10 107
YOR155C 14 604
YOR156C 15 234
YOR157C 11 214
YOR158W 11 55
YOR159C 10 127
YOR160W 21 253
YOR161C 28 853
YOR161W-A 1 2
YOR161W-B 2 118
YOR161C-C 14 298
YOR162C 50 2681
YOR163W 7 366
YOR164C 15 326
YOR165W 33 678
YOR166C 14 604
YOR167C 2 16
YOR168W 20 337
YOR169C 2 185
YOR170W 4 25
YOR171C 18 213
YOR172W 28 477
YOR173W 27 904
YOR174W 10 310
YOR175C 30 746
YOR176W 23 507
YOR177C 16 182
YOR178C 22 478
YOR179C 17 449
YOR180C 2 28
YOR181W 14 264
YOR182C 5 28
YOR183W 24 525
YOR184W 13 276
YOR185C 9 200
YOR186W 16 1685
YOR186C-A 13 1661
YOR187W 21 356
YOR188W 30 812
YOR189W 2 47
YOR190W 16 631
YOR191W 39 1111
YOR192C 22 479
YOR192C-C 0 0
YOR193W 11 518
YOR194C 7 344
YOR195W 19 642
YOR196C 14 351
YOR197W 19 545
YOR198C 13 178
YOR199W 16 159
YOR200W 6 69
YOR201C 13 235
YOR202W 19 756
YOR203W 19 1951
YOR204W 20 169
YOR205C 41 1189
YOR206W 13 349
YOR207C 31 641
YOR208W 5 109
YOR209C 25 461
YOR210W 2 3
YOR211C 34 851
YOR212W 22 846
YOR213C 10 155
YOR214C 7 77
YOR215C 10 332
YOR216C 32 1123
YOR217W 20 356
YOR218C 2 11
YOR219C 41 846
YOR220W 11 275
YOR221C 14 119
YOR222W 45 3229
YOR223W 25 474
YOR224C 6 120
YOR225W 6 87
YOR226C 10 426
YOR227W 59 4309
YOR228C 17 456
YOR229W 38 1282
YOR230W 23 505
YOR231W 26 1342
YOR231C-A 6 339
YOR232W 8 215
YOR233W 23 667
YOR234C 16 302
YOR235W 7 158
YOR236W 11 226
YOR237W 9 215
YOR238W 14 335
YOR239W 21 467
YOR241W 23 615
YOR242C 25 437
YOR243C 14 364
YOR244W 18 158
YOR245C 9 64
YOR246C 11 235
YOR247W 6 34
YOR248W 4 12
YOR249C 19 219
YOR250C 17 285
YOR251C 22 4566
YOR252W 12 385
YOR253W 4 290
YOR254C 19 276
YOR255W 3 293
YOR256C 26 477
YOR257W 1 9
YOR258W 3 47
YOR259C 16 524
YOR260W 21 460
YOR261C 11 162
YOR262W 13 142
YOR263C 2 3
YOR264W 11 141
YOR265W 5 1683
YOR266W 20 792
YOR267C 35 1241
YOR268C 35 2221
YOR269W 25 603
YOR270C 47 2526
YOR271C 22 760
YOR272W 13 618
YOR273C 41 983
YOR274W 35 1751
YOR275C 28 673
YOR276W 7 661
YOR277C 5 592
YOR278W 9 138
YOR279C 6 209
YOR280C 10 223
YOR281C 4 173
YOR282W 14 655
YOR283W 10 551
YOR284W 4 32
YOR285W 15 478
YOR286W 8 391
YOR287C 6 145
YOR288C 10 212
YOR289W 27 1369
YOR290C 15 159
YOR291W 52 935
YOR292C 16 410
YOR293W 8 43
YOR293C-A 5 129
YOR294W 4 89
YOR295W 19 393
YOR296W 40 845
YOR297C 3 106
YOR298W 32 1139
YOR298C-A 14 512
YOR299W 41 1691
YOR300W 10 1296
YOR301W 57 4831
YOR302W 4 37
YOR303W 29 706
YOR304W 48 2405
YOR304C-A 2 2
YOR305W 2 7
YOR306C 16 438
YOR307C 22 28078
YOR308C 10 390
YOR309C 1 5
YOR310C 7 68
YOR311C 10 138
YOR312C 3 23
YOR313C 9 150
YOR314W 7 159
YOR314W-A 5 4605
YOR315W 10 174
YOR316C 42 1724
YOR316C-A 20 2794
YOR317W 48 3068
YOR318C 52 3415
YOR319W 2 32
YOR320C 16 173
YOR321W 34 482
YOR322C 35 889
YOR323C 10 515
YOR324C 23 523
YOR325W 14 279
YOR326W 40 1475
YOR327C 7 310
YOR328W 65 2615
YOR329C 30 665
YOR329W-A 3 56
YOR330C 30 666
YOR331C 8 59
YOR332W 6 28
YOR333C 5 106
YOR334W 11 207
YOR335C 43 875
YOR335W-A 0 0
YOR336W 36 863
YOR337W 30 579
YOR338W 25 660
YOR339C 0 0
YOR340C 7 185
YOR341W 25 255
YOR342C 12 976
YOR343C 30 3278
YOR344C 19 4954
YOR345C 2 9
YOR346W 30 504
YOR347C 21 281
YOR348C 206 29013
YOR349W 66 1920
YOR350C 33 3390
YOR351C 22 491
YOR352W 12 343
YOR353C 26 547
YOR354C 28 709
YOR355W 11 216
YOR356W 32 1015
YOR357C 15 436
YOR358W 27 425
YOR359W 12 107
YOR360C 24 299
YOR361C 33 938
YOR362C 11 484
YOR363C 32 2240
YOR364W 25 1055
YOR365C 33 1191
YOR366W 2 9
YOR367W 8 205
YOR368W 19 671
YOR369C 12 153
YOR370C 28 670
YOR371C 63 15268
YOR372C 15 391
YOR373W 37 1052
YOR374W 35 932
YOR375C 26 927
YOR376W 17 2754
YOR376W-A 0 0
YOR377W 29 1498
YOR378W 15 700
YOR379C 6 587
YOR380W 31 1251
YOR381W 20 413
YOR381W-A 5 43
YOR382W 3 7
YOR383C 9 67
YOR384W 26 394
YOR385W 14 317
YOR386W 13 382
YOR387C 3 31
YOR388C 5 72
YOR389W 20 744
YOR390W 4 23
YOR391C 5 123
YOR392W 3 12
YOR393W 0 0
YOR394W 0 0
YOR394C-A 2 6
YOR396W 0 0
YOR396C-A 0 0
YPL283C 0 0
YPL283W-B 0 0
YPL283W-A 0 0
YPL282C 0 0
YPL281C 0 0
YPL280W 0 0
YPL279C 4 33
YPL278C 0 0
YPL277C 11 262
YPL274W 49 2722
YPL273W 8 239
YPL272C 5 105
YPL271W 0 0
YPL270W 33 564
YPL269W 29 1051
YPL268W 22 355
YPL267W 5 59
YPL266W 10 935
YPL265W 51 1800
YPL264C 17 528
YPL263C 26 585
YPL262W 34 1034
YPL261C 10 242
YPL260W 15 183
YPL259C 15 200
YPL258C 33 1105
YPL257W 7 57
YPL256C 38 861
YPL255W 18 810
YPL254W 18 215
YPL253C 23 649
YPL252C 5 48
YPL251W 2 26
YPL250C 18 754
YPL249C-A 3 16
YPL250W-A 3 16
YPL249C 29 778
YPL248C 28 634
YPL247C 37 9109
YPL246C 17 298
YPL245W 32 9173
YPL244C 30 1346
YPL243W 11 263
YPL242C 46 1364
YPL241C 5 81
YPL240C 31 1880
YPL239W 6 96
YPL238C 1 21
YPL237W 4 128
YPL236C 17 543
YPL235W 11 269
YPL234C 10 162
YPL233W 14 551
YPL232W 17 449
YPL231W 103 2737
YPL230W 29 264
YPL229W 13 217
YPL228W 17 193
YPL227C 10 137
YPL226W 31 567
YPL225W 0 0
YPL224C 43 1962
YPL223C 17 323
YPL222W 47 969
YPL222C-A 3 15
YPL221W 74 5873
YPL220W 3 100
YPL219W 41 1095
YPL218W 13 136
YPL217C 30 474
YPL216W 19 317
YPL215W 12 77
YPL214C 23 749
YPL213W 17 358
YPL212C 21 780
YPL211W 5 105
YPL210C 19 1033
YPL209C 6 104
YPL208W 37 922
YPL207W 37 1112
YPL206C 17 641
YPL205C 12 395
YPL204W 21 497
YPL203W 12 488
YPL202C 24 230
YPL201C 29 539
YPL200W 5 55
YPL199C 8 261
YPL198W 33 516
YPL197C 8 174
YPL196W 9 63
YPL195W 16 200
YPL194W 14 205
YPL193W 15 280
YPL192C 1 7
YPL191C 15 576
YPL190C 28 501
YPL189C-A 0 0
YPL189W 25 473
YPL188W 16 824
YPL187W 2 10
YPL186C 27 682
YPL185W 32 1746
YPL184C 29 812
YPL183W-A 6 140
YPL183C 30 618
YPL182C 12 358
YPL181W 21 661
YPL180W 20 409
YPL179W 20 1062
YPL178W 6 37
YPL177C 15 3819
YPL176C 35 850
YPL175W 20 567
YPL174C 12 132
YPL173W 9 63
YPL172C 11 105
YPL171C 27 940
YPL170W 17 1782
YPL169C 10 167
YPL168W 17 330
YPL167C 33 1015
YPL166W 8 142
YPL165C 3 16
YPL164C 29 1000
YPL163C 2 10
YPL162C 16 942
YPL161C 17 234
YPL160W 32 577
YPL159C 11 218
YPL158C 32 475
YPL157W 25 453
YPL156C 19 1214
YPL155C 52 4014
YPL154C 16 906
YPL153C 34 889
YPL152W-A 1 3
YPL152W 7 219
YPL151C 31 579
YPL150W 19 255
YPL149W 5 46
YPL148C 4 43
YPL147W 23 767
YPL146C 11 147
YPL145C 5 78
YPL144W 20 451
YPL143W 2 106
YPL142C 1 30
YPL141C 42 839
YPL140C 19 412
YPL139C 7 149
YPL138C 15 101
YPL137C 62 1576
YPL136W 2 33
YPL135W 19 363
YPL135C-A 6 144
YPL134C 29 458
YPL133C 31 895
YPL132W 17 800
YPL131W 4 244
YPL130W 3 120
YPL129W 0 0
YPL128C 10 314
YPL127C 8 317
YPL126W 18 437
YPL125W 27 564
YPL124W 16 161
YPL123C 11 487
YPL122C 10 111
YPL121C 6 165
YPL120W 11 145
YPL119C-A 3 24
YPL119C 23 1116
YPL118W 10 135
YPL117C 13 129
YPL116W 26 301
YPL115C 23 379
YPL114W 9 195
YPL113C 21 706
YPL112C 3 13
YPL111W 76 8936
YPL110C 45 58991
YPL109C 33 553
YPL108W 16 655
YPL107W 24 951
YPL106C 32 918
YPL105C 22 352
YPL104W 22 836
YPL103C 19 4478
YPL102C 9 195
YPL101W 12 384
YPL100W 18 324
YPL099C 3 131
YPL098C 5 21
YPL097W 15 436
YPL096C-A 3 69
YPL096W 26 460
YPL095C 26 962
YPL094C 20 343
YPL093W 25 349
YPL092W 28 1391
YPL091W 13 126
YPL090C 1 1
YPL089C 25 513
YPL088W 17 326
YPL087W 3 253
YPL086C 13 239
YPL085W 49 702
YPL084W 21 790
YPL083C 14 354
YPL082C 54 948
YPL081W 9 151
YPL080C 12 733
YPL079W 9 87
YPL078C 7 114
YPL077C 15 476
YPL076W 7 124
YPL075W 33 426
YPL074W 26 651
YPL073C 2 9
YPL072W 17 319
YPL071C 9 596
YPL070W 14 421
YPL069C 10 303
YPL068C 12 308
YPL067C 41 4949
YPL066W 27 669
YPL065W 10 229
YPL064C 16 345
YPL063W 26 623
YPL062W 41 2897
YPL061W 46 2257
YPL060W 23 445
YPL059W 5 102
YPL058C 65 3535
YPL057C 19 2290
YPL056C 16 3424
YPL055C 29 957
YPL054W 22 653
YPL053C 24 1264
YPL052W 8 94
YPL051W 7 443
YPL050C 4 74
YPL049C 21 310
YPL048W 17 287
YPL047W 4 42
YPL046C 3 11
YPL045W 24 200
YPL044C 9 246
YPL043W 23 575
YPL042C 22 402
YPL041C 15 262
YPL040C 21 542
YPL039W 5 50
YPL038W-A 4 28
YPL038W 16 387
YPL037C 1 14
YPL036W 31 648
YPL035C 2 37
YPL034W 3 78
YPL033C 5 85
YPL032C 22 217
YPL031C 27 465
YPL030W 20 771
YPL029W 21 334
YPL028W 17 431
YPL027W 4 56
YPL026C 18 777
YPL025C 16 1215
YPL024W 22 279
YPL023C 8 212
YPL022W 26 485
YPL021W 9 128
YPL020C 16 241
YPL019C 31 537
YPL018W 21 420
YPL017C 30 927
YPL016W 34 873
YPL015C 36 1333
YPL014W 30 693
YPL013C 5 61
YPL012W 27 594
YPL011C 16 327
YPL010W 4 154
YPL009C 21 709
YPL008W 14 457
YPL007C 10 320
YPL006W 57 9968
YPL005W 19 282
YPL004C 25 242
YPL003W 50 1910
YPL002C 39 1192
YPL001W 36 1062
YPR001W 80 2237
YPR002W 74 4400
YPR002C-A 2 42
YPR003C 35 1081
YPR004C 10 87
YPR005C 13 153
YPR006C 39 896
YPR007C 25 503
YPR008W 48 959
YPR009W 6 308
YPR010C 16 373
YPR010C-A 0 0
YPR011C 41 827
YPR012W 8 19520
YPR013C 17 336
YPR014C 11 99
YPR015C 22 320
YPR016C 7 79
YPR016W-A 6 190
YPR017C 3 41
YPR018W 11 146
YPR019W 42 1510
YPR020W 3 28
YPR021C 16 559
YPR022C 56 2575
YPR023C 24 377
YPR024W 10 212
YPR025C 7 219
YPR026W 59 1271
YPR027C 4 17
YPR028W 7 101
YPR029C 18 369
YPR030W 42 679
YPR031W 29 825
YPR032W 20 518
YPR033C 21 490
YPR034W 14 315
YPR035W 20 470
YPR036W 47 2182
YPR036W-A 7 285
YPR037C 22 401
YPR038W 11 287
YPR039W 11 174
YPR040W 27 460
YPR041W 22 579
YPR042C 27 457
YPR043W 5 29
YPR044C 2 9
YPR045C 14 164
YPR046W 2 29
YPR047W 20 489
YPR048W 12 299
YPR049C 29 1454
YPR050C 12 1477
YPR051W 16 2379
YPR052C 4 28
YPR053C 13 4967
YPR054W 24 749
YPR055W 24 261
YPR056W 8 287
YPR057W 10 233
YPR058W 6 121
YPR059C 1 1
YPR060C 6 391
YPR061C 15 245
YPR062W 25 582
YPR063C 7 258
YPR064W 28 512
YPR065W 7 130
YPR066W 20 510
YPR067W 17 270
YPR068C 25 592
YPR069C 9 590
YPR070W 18 165
YPR071W 12 147
YPR072W 11 568
YPR073C 11 383
YPR074C 36 768
YPR074W-A 12 185
YPR075C 6 329
YPR076W 0 0
YPR077C 12 329
YPR078C 24 540
YPR079W 21 477
YPR080W 5 94
YPR081C 32 1075
YPR082C 10 110
YPR083W 27 418
YPR084W 17 407
YPR085C 10 295
YPR086W 12 126
YPR087W 5 935
YPR088C 12 993
YPR089W 22 1323
YPR091C 17 511
YPR092W 10 575
YPR093C 21 466
YPR094W 5 81
YPR095C 45 1067
YPR096C 10 1117
YPR097W 49 1888
YPR098C 10 197
YPR099C 3 75
YPR100W 4 76
YPR101W 8 133
YPR102C 2 20
YPR103W 12 324
YPR104C 15 279
YPR105C 18 219
YPR106W 21 544
YPR107C 16 1090
YPR108W 12 251
YPR108W-A 12 1451
YPR109W 19 555
YPR110C 6 61
YPR111W 24 706
YPR112C 15 319
YPR113W 15 214
YPR114W 18 2133
YPR115W 25 731
YPR116W 8 36
YPR117W 84 2512
YPR118W 13 407
YPR119W 20 487
YPR120C 22 641
YPR121W 27 365
YPR122W 72 2979
YPR123C 9 30
YPR124W 27 558
YPR125W 16 472
YPR126C 5 55
YPR127W 22 852
YPR128C 10 804
YPR129W 4 232
YPR130C 4 1089
YPR131C 9 374
YPR132W 2 3
YPR133C 9 283
YPR133W-A 0 0
YPR134W 7 1422
YPR135W 27 610
YPR136C 4 102
YPR137W 9 147
YPR138C 26 1047
YPR139C 3 15
YPR140W 14 199
YPR141C 24 448
YPR142C 18 1003
YPR143W 3 15
YPR144C 21 508
YPR145W 54 3106
YPR145C-A 6 238
YPR146C 14 185
YPR147C 14 248
YPR148C 15 465
YPR149W 24 532
YPR150W 23 705
YPR151C 24 580
YPR152C 45 1251
YPR153W 18 428
YPR154W 5 66
YPR155C 24 606
YPR156C 29 745
YPR157W 37 780
YPR158W 19 292
YPR159W 41 862
YPR159C-A 4 49
YPR160W 66 9087
YPR160W-A 3 27
YPR160C-A 9 135
YPR161C 19 829
YPR162C 9 245
YPR163C 8 249
YPR164W 44 1662
YPR165W 8 42
YPR166C 3 12
YPR167C 15 391
YPR168W 17 2967
YPR169W 26 858
YPR170C 12 716
YPR169W-A 4 56
YPR170W-B 10 1444
YPR170W-A 6 1388
YPR171W 15 599
YPR172W 10 373
YPR173C 7 316
YPR174C 3 23
YPR175W 25 469
YPR176C 12 303
YPR177C 6 94
YPR178W 26 655
YPR179C 26 747
YPR180W 8 213
YPR181C 20 709
YPR182W 3 56
YPR183W 20 843
YPR184W 79 1912
YPR185W 29 743
YPR186C 16 376
YPR187W 3 37
YPR188C 5 215
YPR189W 38 903
YPR190C 24 490
YPR191W 12 121
YPR192W 49 3538
YPR193C 12 937
YPR194C 42 654
YPR195C 23 1041
YPR196W 22 289
YPR197C 6 82
YPR198W 13 351
YPR199C 16 714
YPR200C 2 33
YPR201W 23 1203
YPR202W 1 1
YPR203W 0 0
YPR204W 0 0
YPR204C-A 0 0
