YAL069W 6 252
YAL068W-A 5 417
YAL068C 0 0
YAL067W-A 7 1495
YAL067C 1 1
YAL066W 5 18496
YAL065C 3 58
YAL064W-B 3 58
YAL064C-A 3 151
YAL064W 0 0
YAL063C-A 0 0
YAL063C 1 8
YAL062W 11 310
YAL061W 5 17
YAL060W 1 22
YAL059C-A 1 1
YAL059W 5 5676
YAL058W 1 4
YAL056C-A 10 161
YAL056W 11 385
YAL055W 2 9
YAL054C 5 132
YAL053W 1 1
YAL051W 3 66
YAL049C 2 10
YAL048C 3 65
YAL047W-A 2 80
YAL047C 4 61
YAL046C 5 638
YAL045C 4 233
YAL044W-A 6 779
YAL044C 5 42
YAL043C 8 2277
YAL042C-A 4 74
YAL042W 11 234
YAL041W 0 0
YAL040C 2 14
YAL039C 11 2802
YAL038W 0 0
YAL037C-B 1 31
YAL037C-A 3 43
YAL037W 0 0
YAL036C 1 1
YAL035W 1 5
YAL034C-B 2 63
YAL034W-A 6 147
YAL034C 8 162
YAL033W 0 0
YAL032C 5 71
YAL031W-A 3 43
YAL031C 3 97
YAL030W 2 31
YAL029C 0 0
YAL028W 1 3
YAL027W 1 5
YAL026C-A 0 0
YAL026C 0 0
YAL025C 5 1396
YAL024C 1 2
YAL023C 0 0
YAL022C 1 4
YAL021C 5 207
YAL020C 4 179
YAL019W-A 4 60
YAL019W 0 0
YAL018C 0 0
YAL017W 2 34
YAL016C-B 4 47
YAL016C-A 1 2
YAL016W 3 28
YAL015C 6 224
YAL014C 6 602
YAL013W 4 70
YAL012W 6 228
YAL011W 4 2870
YAL010C 1 1
YAL009W 4 153
YAL008W 2 4
YAL007C 1 12
YAL005C 4 376
YAL004W 0 0
YAL003W 3 125
YAL002W 8 987
YAL001C 7 243
YAR002W 8 1108
YAR002C-A 9 1164
YAR003W 5 181
YAR007C 3 113
YAR008W 3 141
YAR014C 3 21
YAR015W 2 48
YAR018C 4 134
YAR019C 3 24
YAR019W-A 0 0
YAR020C 0 0
YAR023C 1 7
YAR027W 2 106
YAR028W 6 194
YAR029W 1 36
YAR030C 2 113
YAR031W 4 64
YAR033W 0 0
YAR035W 14 2237
YAR035C-A 6 69
YAR042W 1 323
YAR047C 0 0
YAR050W 1 5
YAR053W 0 0
YAR060C 0 0
YAR064W 0 0
YAR066W 0 0
YAR068W 0 0
YAR069C 0 0
YAR070C 0 0
YAR071W 0 0
YAR073W 0 0
YAR075W 2 11
YBL113C 0 0
YBL113W-A 0 0
YBL112C 0 0
YBL111C 0 0
YBL109W 0 0
YBL108C-A 0 0
YBL108W 0 0
YBL107W-A 0 0
YBL107C 12 772
YBL106C 1 14
YBL105C 0 0
YBL104C 6 281
YBL103C 0 0
YBL102W 4 39
YBL101C 6 107
YBL100W-C 9 153
YBL100C 2 49
YBL099W 0 0
YBL098W 0 0
YBL097W 0 0
YBL096C 2 33
YBL095W 7 116
YBL094C 2 99
YBL093C 3 14
YBL092W 0 0
YBL091C-A 1 78
YBL091C 5 16
YBL090W 0 0
YBL089W 5 238
YBL088C 1 100
YBL087C 5 238
YBL086C 1 10
YBL085W 2 23
YBL084C 0 0
YBL083C 1 11
YBL082C 4 112
YBL081W 1 3
YBL080C 1 12
YBL079W 2 8
YBL078C 2 9
YBL077W 3 29
YBL076C 0 0
YBL075C 3 4
YBL074C 3 54
YBL073W 0 0
YBL072C 0 0
YBL071C-B 2 7
YBL071W-A 8 4958
YBL071C 7 75
YBL070C 4 114
YBL069W 4 49
YBL068W-A 5 372
YBL068W 2 7
YBL067C 2 20
YBL066C 3 254
YBL065W 1 84
YBL064C 5 91
YBL063W 4 40
YBL062W 2 76
YBL061C 1 25
YBL060W 7 115
YBL059C-A 0 0
YBL059W 0 0
YBL058W 10 197
YBL057C 4 534
YBL056W 1 1
YBL055C 8 246
YBL054W 2 16
YBL053W 7 56
YBL052C 0 0
YBL051C 0 0
YBL050W 2 31
YBL049W 0 0
YBL048W 0 0
YBL047C 0 0
YBL046W 4 40
YBL045C 0 0
YBL044W 2 16
YBL043W 3 24
YBL042C 3 34
YBL041W 4 24
YBL040C 5 185
YBL039W-B 1 3
YBL039C 0 0
YBL039C-A 0 0
YBL038W 0 0
YBL037W 1 8
YBL036C 9 124
YBL035C 1 5
YBL034C 0 0
YBL033C 2 13
YBL032W 4 43
YBL031W 5 335
YBL030C 4 64
YBL029C-A 9 111
YBL029W 3 154
YBL028C 8 2485
YBL027W 1 3
YBL026W 0 0
YBL025W 0 0
YBL024W 5 44
YBL023C 0 0
YBL022C 2 26
YBL021C 8 1883
YBL020W 1 34
YBL019W 2 869
YBL018C 0 0
YBL017C 3 195
YBL016W 1 14
YBL015W 4 29
YBL014C 4 51
YBL013W 3 67
YBL012C 0 0
YBL011W 2 21
YBL010C 3 26
YBL009W 4 48
YBL008W-A 0 0
YBL008W 0 0
YBL007C 5 650
YBL006C 6 62
YBL006W-A 1 2
YBL005W 1 7
YBL004W 1 59
YBL003C 2 9
YBL002W 7 971
YBL001C 4 181
YBR001C 3 1942
YBR002C 4 244
YBR003W 3 83
YBR004C 2 10
YBR005W 1 3
YBR006W 1 2
YBR007C 5 152
YBR008C 1 2
YBR009C 4 66
YBR010W 1 1
YBR011C 4 188
YBR012C 0 0
YBR013C 0 0
YBR014C 2 56
YBR015C 1 38
YBR016W 0 0
YBR017C 3 16
YBR018C 3 79
YBR019C 1 2
YBR020W 3 31
YBR021W 1 4
YBR022W 0 0
YBR023C 3 36
YBR024W 3 34
YBR025C 4 11
YBR026C 7 105
YBR027C 0 0
YBR028C 2 3
YBR029C 2 35
YBR030W 0 0
YBR031W 7 26
YBR032W 1 32
YBR033W 2 25
YBR034C 3 33
YBR035C 3 65
YBR036C 4 105
YBR037C 7 245
YBR038W 1 2
YBR039W 1 2
YBR040W 1 93
YBR041W 2 101
YBR042C 1 1
YBR043C 0 0
YBR044C 0 0
YBR045C 0 0
YBR046C 5 61
YBR047W 4 21
YBR048W 1 27
YBR049C 5 1599
YBR050C 1 1
YBR051W 0 0
YBR052C 3 8
YBR053C 9 22
YBR054W 0 0
YBR055C 4 63
YBR056W 1 2
YBR056W-A 0 0
YBR056C-B 2 247
YBR057C 2 26
YBR058C 3 25
YBR058C-A 3 3
YBR059C 0 0
YBR060C 4 166
YBR061C 5 392
YBR062C 4 50
YBR063C 0 0
YBR064W 0 0
YBR065C 2 4
YBR066C 0 0
YBR067C 2 2
YBR068C 2 11
YBR069C 5 189
YBR070C 4 91
YBR071W 3 78
YBR072W 1 1
YBR072C-A 5 26
YBR073W 6 23
YBR074W 1 84
YBR076W 0 0
YBR076C-A 11 1243
YBR077C 0 0
YBR078W 2 8
YBR079C 4 124
YBR080C 1 54
YBR081C 1 2
YBR082C 7 519
YBR083W 3 210
YBR084W 2 1117
YBR084C-A 2 10
YBR085W 1 2
YBR085C-A 2 34
YBR086C 2 33
YBR087W 1 25
YBR088C 0 0
YBR089W 2 61
YBR089C-A 4 114
YBR090C 7 9262
YBR091C 4 954
YBR092C 0 0
YBR093C 4 39
YBR094W 1 12
YBR095C 9 154
YBR096W 0 0
YBR097W 1 4
YBR098W 12 823
YBR099C 4 53
YBR101C 5 79
YBR102C 2 453
YBR103W 0 0
YBR103C-A 4 96
YBR104W 0 0
YBR105C 1 38
YBR106W 1 17
YBR107C 3 125
YBR108W 6 1084
YBR109C 4 41
YBR109W-A 3 31
YBR110W 2 6
YBR111C 8 300
YBR111W-A 5 13
YBR112C 0 0
YBR113W 0 0
YBR114W 3 9
YBR115C 3 44
YBR116C 5 95
YBR117C 4 19
YBR118W 4 20
YBR119W 2 5
YBR120C 2 500
YBR121C 0 0
YBR121C-A 0 0
YBR122C 6 284
YBR123C 1 12
YBR124W 2 9
YBR125C 1 1
YBR126C 1 4
YBR126W-A 9 1295
YBR126W-B 6 308
YBR127C 2 59
YBR128C 4 217
YBR129C 5 66
YBR130C 0 0
YBR131W 2 204
YBR131C-A 1 1
YBR132C 2 17
YBR133C 5 18
YBR134W 0 0
YBR135W 2 67
YBR136W 2 12
YBR137W 0 0
YBR138C 1 2
YBR139W 6 238
YBR140C 3 66
YBR141C 2 10
YBR141W-A 3 69
YBR142W 1 4
YBR143C 4 665
YBR144C 6 583
YBR145W 3 39
YBR146W 1 3
YBR147W 1 5
YBR148W 1 108
YBR149W 9 652
YBR150C 8 112
YBR151W 2 24
YBR152W 0 0
YBR153W 1 18
YBR154C 1 53
YBR155W 2 32
YBR156C 1 5
YBR157C 4 121
YBR158W 0 0
YBR159W 1 50
YBR160W 0 0
YBR161W 0 0
YBR162C 2 299
YBR162W-A 9 2992
YBR163W 2 17
YBR164C 2 103
YBR165W 0 0
YBR166C 2 94
YBR167C 3 89
YBR168W 2 9
YBR169C 0 0
YBR170C 1 34
YBR171W 2 2
YBR172C 2 6
YBR173C 9 153
YBR174C 1 70
YBR175W 8 2835
YBR176W 2 14
YBR177C 1 34
YBR178W 1 2
YBR179C 2 22
YBR180W 3 12
YBR181C 5 31
YBR182C 2 273
YBR182C-A 8 1583
YBR183W 3 44
YBR184W 1 1
YBR185C 0 0
YBR186W 1 3
YBR187W 3 39
YBR188C 2 202
YBR189W 0 0
YBR190W 2 210
YBR191W 0 0
YBR191W-A 1 3
YBR192W 0 0
YBR193C 2 18
YBR194W 0 0
YBR195C 0 0
YBR196C 0 0
YBR196C-A 3 103
YBR196C-B 1 49
YBR197C 4 200
YBR198C 0 0
YBR199W 2 20
YBR200W 0 0
YBR200W-A 0 0
YBR201W 1 431
YBR201C-A 4 109
YBR202W 0 0
YBR203W 3 792
YBR204C 5 455
YBR205W 1 1
YBR206W 3 267
YBR207W 1 23
YBR208C 0 0
YBR209W 1 1
YBR210W 3 526
YBR211C 0 0
YBR212W 2 34
YBR213W 1 4
YBR214W 2 2
YBR215W 4 837
YBR216C 3 53
YBR217W 11 227
YBR218C 2 21
YBR219C 1 1
YBR220C 3 30
YBR221C 0 0
YBR221W-A 4 186
YBR222C 5 83
YBR223C 1 3
YBR223W-A 4 50
YBR224W 0 0
YBR225W 0 0
YBR226C 1 10
YBR227C 2 6
YBR228W 1 5
YBR229C 6 68
YBR230C 5 670
YBR230W-A 5 63
YBR231C 2 7
YBR232C 4 44
YBR233W 0 0
YBR233W-A 6 55
YBR234C 1 30
YBR235W 3 45
YBR236C 0 0
YBR237W 3 262
YBR238C 1 7
YBR239C 1 139
YBR240C 4 856
YBR241C 1 10
YBR242W 2 3
YBR243C 5 1008
YBR244W 0 0
YBR245C 3 128
YBR246W 5 178
YBR247C 1 180
YBR248C 0 0
YBR249C 2 22
YBR250W 1 2
YBR251W 1 3
YBR252W 2 10
YBR253W 2 87
YBR254C 8 1225
YBR255W 5 103
YBR255C-A 6 82
YBR256C 5 126
YBR257W 2 130
YBR258C 5 56
YBR259W 4 241
YBR260C 7 324
YBR261C 4 149
YBR262C 5 87
YBR263W 6 1245
YBR264C 2 3
YBR265W 1 36
YBR267W 2 13
YBR266C 2 63
YBR268W 4 45
YBR269C 8 784
YBR270C 2 5
YBR271W 2 263
YBR272C 4 422
YBR273C 2 170
YBR274W 1 1
YBR275C 0 0
YBR276C 0 0
YBR277C 2 107
YBR278W 4 63
YBR279W 1 1
YBR280C 2 20
YBR281C 6 2106
YBR282W 1 870
YBR283C 0 0
YBR284W 9 1721
YBR285W 4 43
YBR286W 2 14
YBR287W 0 0
YBR288C 4 75
YBR289W 3 151
YBR290W 3 711
YBR291C 0 0
YBR292C 0 0
YBR293W 3 47
YBR294W 0 0
YBR295W 3 10
YBR296C 7 134
YBR296C-A 4 302
YBR297W 5 512
YBR298C 1 1
YBR298C-A 2 12
YBR299W 3 18
YBR300C 0 0
YBR301W 0 0
YBR302C 0 0
YCL076W 0 0
YCL073C 1 1
YCL069W 0 0
YCL068C 0 0
YCL067C 0 0
YCL066W 0 0
YCL065W 0 0
YCL064C 6 326
YCL063W 8 312
YCL061C 1 1
YCL059C 4 7
YCL058C 6 238
YCL058W-A 2 103
YCL057C-A 4 91
YCL057W 0 0
YCL056C 3 177
YCL055W 1 5
YCL054W 3 91
YCL052C 1 28
YCL051W 0 0
YCL050C 2 7
YCL049C 5 2069
YCL048W-A 1 4
YCL048W 1 16
YCL047C 6 117
YCL045C 4 41
YCL046W 0 0
YCL044C 4 196
YCL043C 4 38
YCL041C 6 1023
YCL042W 0 0
YCL040W 7 520
YCL039W 5 44
YCL038C 0 0
YCL037C 7 152
YCL036W 10 146
YCL035C 5 586
YCL034W 5 532
YCL033C 2 63
YCL032W 0 0
YCL031C 3 38
YCL030C 4 91
YCL029C 8 459
YCL028W 5 688
YCL027W 0 0
YCL026C-B 4 171
YCL026C-A 1 3
YCL025C 6 292
YCL023C 1 2
YCL024W 4 37
YCL022C 1 17
YCL021W-A 0 0
YCL018W 3 24
YCL017C 1 2
YCL016C 8 143
YCL014W 1 1
YCL012C 2 16
YCL011C 2 81
YCL010C 9 2498
YCL009C 5 803
YCL008C 6 16
YCL007C 5 29
YCL005W-A 3 14
YCL005W 5 44
YCL004W 4 86
YCL002C 3 248
YCL001W 4 324
YCL001W-A 2 50
YCL001W-B 1 1
YCR001W 4 60
YCR002C 1 4
YCR003W 5 168
YCR004C 0 0
YCR005C 5 381
YCR006C 9 1108
YCR007C 2 166
YCR008W 0 0
YCR009C 2 8
YCR010C 4 30
YCR011C 1 106
YCR012W 4 123
YCR013C 7 1023
YCR014C 4 169
YCR015C 3 72
YCR016W 2 99
YCR017C 3 495
YCR018C 0 0
YCR018C-A 7 95
YCR019W 1 45
YCR020C 1 6
YCR020C-A 10 858
YCR020W-B 4 1198
YCR021C 0 0
YCR022C 8 295
YCR023C 2 41
YCR024C 3 138
YCR024C-B 3 6
YCR024C-A 0 0
YCR025C 14 2849
YCR026C 1 12
YCR027C 6 21
YCR028C 2 35
YCR028C-A 3 145
YCR030C 3 88
YCR031C 2 32
YCR032W 1 11
YCR033W 2 6
YCR034W 1 175
YCR035C 2 43
YCR036W 6 1094
YCR037C 2 39
YCR038C 0 0
YCR038W-A 0 0
YCR039C 0 0
YCR040W 0 0
YCR041W 0 0
YCR042C 2 20
YCR043C 6 462
YCR044C 5 1168
YCR045C 2 71
YCR045W-A 0 0
YCR046C 2 7
YCR047C 0 0
YCR047W-A 2 8
YCR049C 3 417
YCR048W 2 24
YCR050C 0 0
YCR051W 2 6
YCR052W 2 12
YCR053W 5 160
YCR054C 1 45
YCR057C 1 56
YCR059C 12 312
YCR060W 8 211
YCR061W 12 406
YCR064C 1 6
YCR063W 5 897
YCR065W 3 35
YCR066W 5 211
YCR067C 0 0
YCR068W 2 52
YCR069W 1 1
YCR071C 4 148
YCR072C 5 91
YCR073C 0 0
YCR073W-A 8 1177
YCR075C 5 553
YCR075W-A 2 122
YCR076C 7 212
YCR077C 10 1244
YCR079W 6 162
YCR081W 0 0
YCR081C-A 3 76
YCR082W 3 159
YCR083W 3 230
YCR084C 2 80
YCR085W 0 0
YCR086W 3 27
YCR087W 0 0
YCR087C-A 5 605
YCR088W 8 1257
YCR089W 1 4
YCR090C 4 23
YCR091W 3 154
YCR092C 2 175
YCR093W 3 106
YCR094W 1 1
YCR095C 4 113
YCR095W-A 1 1
YCR096C 0 0
YCR097W 1 1
YCR097W-A 1 12
YCR098C 0 0
YCR099C 2 84
YCR100C 3 220
YCR101C 3 20
YCR102C 3 216
YCR102W-A 1 41
YCR104W 0 0
YCR105W 0 0
YCR106W 6 268
YCR107W 3 40
YCR108C 6 87
YDL248W 3 401
YDL247W-A 0 0
YDL247W 0 0
YDL246C 0 0
YDL245C 0 0
YDL244W 0 0
YDL243C 2 96
YDL242W 7 1091
YDL241W 2 12
YDL240C-A 0 0
YDL240W 5 229
YDL239C 0 0
YDL238C 1 1
YDL237W 3 966
YDL236W 3 300
YDL235C 0 0
YDL234C 0 0
YDL233W 2 36
YDL232W 8 512
YDL231C 1 29
YDL230W 2 8
YDL229W 4 99
YDL228C 6 21
YDL227C 2 28
YDL226C 8 209
YDL225W 3 260
YDL224C 1 60
YDL223C 1 36
YDL222C 1 2
YDL221W 4 20
YDL220C 6 93
YDL219W 4 157
YDL218W 0 0
YDL217C 1 31
YDL216C 5 40
YDL215C 3 146
YDL214C 1 77
YDL213C 3 54
YDL212W 2 103
YDL211C 0 0
YDL210W 0 0
YDL209C 3 83
YDL208W 7 214
YDL207W 5 1454
YDL206W 1 78
YDL205C 2 4
YDL204W 4 79
YDL203C 3 40
YDL202W 1 20
YDL201W 1 1
YDL200C 10 1783
YDL199C 2 516
YDL198C 4 70
YDL197C 9 219
YDL196W 9 309
YDL195W 2 6
YDL194W 1 5
YDL193W 1 1
YDL192W 2 16
YDL191W 0 0
YDL190C 4 27
YDL189W 0 0
YDL188C 1 2
YDL187C 1 23
YDL186W 3 23
YDL185C-A 1 4
YDL185W 0 0
YDL184C 8 544
YDL183C 2 4
YDL182W 4 61
YDL181W 2 29
YDL180W 2 60
YDL179W 0 0
YDL178W 0 0
YDL177C 3 12
YDL176W 2 15
YDL175C 9 582
YDL174C 12 223
YDL173W 2 15
YDL172C 3 52
YDL171C 3 93
YDL170W 10 118
YDL169C 4 191
YDL168W 10 2642
YDL167C 2 41
YDL166C 1 1
YDL165W 1 128
YDL164C 4 144
YDL163W 2 12
YDL162C 3 113
YDL161W 5 72
YDL160C-A 4 20
YDL160C 0 0
YDL159W-A 0 0
YDL159W 9 757
YDL159C-B 1 10
YDL158C 0 0
YDL157C 9 820
YDL156W 2 6
YDL155W 1 2
YDL154W 1 13
YDL153C 1 2
YDL152W 1 1
YDL151C 1 208
YDL150W 0 0
YDL149W 3 22
YDL148C 0 0
YDL147W 1 20
YDL146W 1 6
YDL145C 2 6
YDL144C 3 1772
YDL143W 4 62
YDL142C 3 183
YDL141W 3 30
YDL140C 0 0
YDL139C 2 389
YDL138W 2 129
YDL137W 4 257
YDL136W 6 142
YDL135C 2 6
YDL134C 1 4
YDL133C-A 6 41
YDL133W 1 21
YDL132W 1 1
YDL131W 2 3
YDL130W-A 10 437
YDL130W 0 0
YDL129W 1 2
YDL128W 2 16
YDL127W 1 29
YDL126C 4 53
YDL125C 11 193
YDL124W 13 1312
YDL123W 4 689
YDL122W 0 0
YDL121C 8 209
YDL120W 0 0
YDL119C 1 5
YDL118W 0 0
YDL117W 1 4
YDL116W 0 0
YDL115C 0 0
YDL114W-A 1 23
YDL114W 0 0
YDL113C 0 0
YDL112W 1 1
YDL111C 3 169
YDL110C 4 290
YDL109C 2 229
YDL108W 1 51
YDL107W 0 0
YDL106C 2 262
YDL105W 6 86
YDL104C 2 25
YDL103C 3 29
YDL102W 3 57
YDL101C 2 16
YDL100C 4 183
YDL099W 2 122
YDL098C 3 17
YDL097C 0 0
YDL096C 1 4
YDL095W 4 91
YDL094C 0 0
YDL093W 4 799
YDL092W 4 1006
YDL091C 2 3
YDL090C 3 12
YDL089W 0 0
YDL088C 3 1594
YDL087C 3 115
YDL086W 4 238
YDL086C-A 0 0
YDL085C-A 6 163
YDL085W 2 11
YDL084W 0 0
YDL083C 2 12
YDL082W 2 41
YDL081C 0 0
YDL080C 1 32
YDL079C 6 32
YDL078C 2 2
YDL077C 2 38
YDL076C 0 0
YDL075W 1 4
YDL074C 3 105
YDL073W 4 75
YDL072C 5 351
YDL071C 0 0
YDL070W 4 12
YDL069C 1 177
YDL068W 2 103
YDL067C 1 1
YDL066W 7 187
YDL065C 1 9
YDL064W 3 38
YDL063C 0 0
YDL062W 2 8
YDL061C 5 68
YDL060W 4 37
YDL059C 1 1
YDL058W 3 70
YDL057W 3 45
YDL056W 3 32
YDL055C 0 0
YDL054C 1 67
YDL053C 3 108
YDL052C 3 150
YDL051W 1 4
YDL050C 2 3
YDL049C 2 19
YDL048C 6 108
YDL047W 2 4
YDL046W 0 0
YDL045W-A 3 18
YDL045C 0 0
YDL044C 5 312
YDL043C 3 25
YDL042C 7 360
YDL041W 2 36
YDL040C 1 1
YDL039C 2 15
YDL037C 5 320
YDL036C 4 52
YDL035C 0 0
YDL034W 1 1
YDL033C 2 8
YDL032W 5 85
YDL031W 2 3
YDL030W 2 29
YDL029W 3 35
YDL028C 5 228
YDL027C 1 20
YDL026W 1 4
YDL025C 1 11
YDL025W-A 0 0
YDL024C 3 98
YDL022C-A 2 6
YDL023C 3 84
YDL022W 1 17
YDL021W 4 58
YDL020C 2 30
YDL019C 2 7
YDL018C 2 29
YDL017W 3 54
YDL016C 1 22
YDL015C 1 1
YDL014W 0 0
YDL013W 1 10
YDL012C 10 482
YDL011C 0 0
YDL010W 4 101
YDL009C 2 94
YDL008W 4 114
YDL007C-A 0 0
YDL007W 3 9
YDL006W 2 7
YDL005C 0 0
YDL004W 3 31
YDL003W 0 0
YDL002C 1 1
YDL001W 3 23
YDR001C 1 13
YDR002W 1 13
YDR003W 3 96
YDR003W-A 1 34
YDR004W 6 110
YDR005C 2 168
YDR006C 0 0
YDR007W 4 182
YDR008C 3 187
YDR009W 3 8
YDR010C 8 77
YDR011W 0 0
YDR012W 2 4
YDR013W 2 5
YDR014W 2 240
YDR014W-A 7 56
YDR015C 0 0
YDR016C 3 202
YDR017C 2 38
YDR018C 7 251
YDR019C 4 1395
YDR020C 1 1
YDR021W 0 0
YDR022C 10 3559
YDR023W 1 1
YDR024W 0 0
YDR025W 1 2
YDR026C 5 73
YDR027C 0 0
YDR028C 0 0
YDR029W 0 0
YDR030C 4 24
YDR031W 6 188
YDR032C 0 0
YDR033W 1 3
YDR034C 2 64
YDR034C-A 2 47
YDR034W-B 0 0
YDR035W 9 424
YDR036C 7 97
YDR037W 0 0
YDR038C 0 0
YDR039C 0 0
YDR040C 0 0
YDR041W 3 134
YDR042C 1 4
YDR043C 0 0
YDR044W 3 5
YDR045C 2 15
YDR046C 2 212
YDR047W 2 27
YDR048C 2 11
YDR049W 4 218
YDR050C 2 70
YDR051C 5 246
YDR052C 0 0
YDR053W 1 7
YDR054C 0 0
YDR055W 4 401
YDR056C 5 47
YDR057W 4 93
YDR058C 6 2908
YDR059C 2 405
YDR060W 3 118
YDR061W 1 3
YDR062W 2 35
YDR063W 3 74
YDR064W 2 7
YDR065W 2 10
YDR066C 2 19
YDR067C 4 471
YDR068W 3 114
YDR069C 4 1183
YDR070C 1 7
YDR071C 1 1
YDR072C 2 20
YDR073W 2 5
YDR074W 2 57
YDR075W 2 6
YDR076W 0 0
YDR077W 3 55
YDR078C 2 5
YDR079W 2 50
YDR079C-A 6 154
YDR080W 4 456
YDR081C 0 0
YDR082W 2 38
YDR083W 3 131
YDR084C 1 2
YDR085C 1 6
YDR086C 0 0
YDR087C 8 98
YDR088C 1 1
YDR089W 5 379
YDR090C 2 84
YDR091C 2 8
YDR092W 3 84
YDR093W 0 0
YDR094W 12 659
YDR095C 7 69
YDR096W 1 1
YDR097C 0 0
YDR098C 13 521
YDR099W 4 43
YDR100W 8 155
YDR101C 2 15
YDR102C 2 42
YDR103W 1 2
YDR104C 0 0
YDR105C 1 3
YDR106W 4 84
YDR107C 3 9
YDR108W 2 68
YDR109C 9 1034
YDR110W 4 90
YDR111C 4 20
YDR112W 2 9
YDR113C 0 0
YDR114C 1 57
YDR115W 2 9
YDR116C 0 0
YDR117C 4 13
YDR118W 2 72
YDR118W-A 0 0
YDR119W 0 0
YDR119W-A 7 389
YDR120C 9 318
YDR121W 0 0
YDR122W 0 0
YDR123C 4 30
YDR124W 6 1188
YDR125C 2 30
YDR126W 3 21
YDR127W 5 69
YDR128W 3 26
YDR129C 4 45
YDR130C 3 8
YDR131C 2 19
YDR132C 2 33
YDR133C 0 0
YDR135C 2 189
YDR136C 1 45
YDR137W 1 6
YDR138W 3 7
YDR139C 2 5
YDR140W 8 297
YDR141C 4 28
YDR142C 5 30
YDR143C 0 0
YDR144C 0 0
YDR145W 3 73
YDR146C 1 9
YDR147W 1 196
YDR148C 1 4
YDR149C 2 79
YDR150W 2 48
YDR151C 3 22
YDR152W 3 20
YDR153C 8 204
YDR154C 3 55
YDR155C 1 806
YDR156W 2 4
YDR157W 4 234
YDR158W 3 29
YDR159W 0 0
YDR160W 1 5
YDR161W 0 0
YDR162C 0 0
YDR163W 2 23
YDR164C 2 15
YDR165W 1 7
YDR166C 2 24
YDR167W 1 61
YDR168W 4 232
YDR169C 2 140
YDR169C-A 6 192
YDR170C 0 0
YDR171W 4 233
YDR172W 5 1070
YDR173C 7 206
YDR174W 6 200
YDR175C 2 68
YDR176W 5 21
YDR177W 3 46
YDR178W 4 52
YDR179C 3 70
YDR179W-A 1 1
YDR180W 2 10
YDR181C 5 412
YDR182W 4 47
YDR182W-A 2 633
YDR183W 3 36
YDR183C-A 2 3
YDR184C 2 46
YDR185C 2 44
YDR186C 8 4528
YDR187C 5 184
YDR188W 7 61
YDR189W 3 32
YDR190C 0 0
YDR191W 2 64
YDR192C 2 39
YDR193W 0 0
YDR194C 1 17
YDR194W-A 1 17
YDR195W 0 0
YDR196C 4 432
YDR197W 4 173
YDR198C 5 961
YDR199W 1 1
YDR200C 2 3
YDR201W 11 719
YDR202C 4 410
YDR203W 1 1
YDR204W 3 517
YDR205W 6 529
YDR206W 1 1
YDR207C 0 0
YDR208W 1 16
YDR209C 0 0
YDR210W 0 0
YDR211W 1 133
YDR212W 0 0
YDR213W 1 1
YDR214W 1 2
YDR215C 5 55
YDR216W 0 0
YDR217C 3 10
YDR218C 3 23
YDR219C 0 0
YDR220C 0 0
YDR221W 2 137
YDR222W 0 0
YDR223W 0 0
YDR224C 8 371
YDR225W 6 52
YDR226W 1 1
YDR227W 0 0
YDR228C 1 3
YDR229W 0 0
YDR230W 0 0
YDR231C 13 3684
YDR232W 5 70
YDR233C 7 179
YDR234W 2 17
YDR235W 2 6
YDR236C 8 332
YDR237W 0 0
YDR238C 1 3
YDR239C 0 0
YDR240C 1 14
YDR241W 0 0
YDR242W 2 14
YDR243C 4 131
YDR244W 5 90
YDR245W 0 0
YDR246W 0 0
YDR246W-A 11 370
YDR247W 0 0
YDR248C 0 0
YDR249C 0 0
YDR250C 2 57
YDR251W 4 47
YDR252W 1 48
YDR253C 0 0
YDR254W 1 59
YDR255C 2 4
YDR256C 1 61
YDR257C 7 80
YDR258C 6 655
YDR259C 1 2
YDR260C 8 87
YDR261C 0 0
YDR262W 7 183
YDR263C 1 8
YDR264C 4 84
YDR265W 4 75
YDR266C 0 0
YDR267C 1 3
YDR268W 2 63
YDR269C 1 96
YDR270W 4 159
YDR271C 3 302
YDR272W 1 14
YDR273W 1 27
YDR274C 12 1057
YDR275W 13 1581
YDR276C 1 50
YDR277C 1 1
YDR278C 5 49
YDR279W 0 0
YDR280W 0 0
YDR281C 0 0
YDR282C 12 287
YDR283C 0 0
YDR284C 1 16
YDR285W 0 0
YDR286C 1 11
YDR287W 2 6
YDR288W 2 16
YDR289C 2 4
YDR290W 1 1
YDR291W 1 233
YDR292C 0 0
YDR293C 2 3
YDR294C 2 22
YDR295C 0 0
YDR296W 0 0
YDR297W 2 2
YDR298C 1 1
YDR299W 6 268
YDR300C 1 6
YDR301W 3 13
YDR302W 3 4
YDR303C 2 51
YDR304C 4 74
YDR305C 5 229
YDR306C 9 1194
YDR307W 3 34
YDR308C 2 40
YDR309C 5 79
YDR310C 0 0
YDR311W 3 4
YDR312W 1 2
YDR313C 3 171
YDR314C 4 50
YDR315C 6 234
YDR316W 3 63
YDR317W 3 11
YDR318W 2 68
YDR319C 1 4
YDR320C 0 0
YDR320C-A 3 53
YDR320W-B 1 27
YDR321W 6 818
YDR322W 3 77
YDR322C-A 4 24
YDR323C 2 34
YDR324C 1 3
YDR325W 8 248
YDR326C 0 0
YDR327W 12 1388
YDR328C 4 59
YDR329C 6 242
YDR330W 2 20
YDR331W 6 1077
YDR332W 3 251
YDR333C 6 325
YDR334W 2 21
YDR335W 0 0
YDR336W 3 9
YDR337W 2 2
YDR338C 4 74
YDR339C 1 1
YDR340W 2 10
YDR341C 2 4
YDR342C 0 0
YDR343C 0 0
YDR344C 3 44
YDR345C 0 0
YDR346C 1 3
YDR347W 1 3
YDR348C 0 0
YDR349C 2 22
YDR350C 3 14
YDR351W 1 2
YDR352W 2 19
YDR353W 0 0
YDR354W 2 6
YDR354C-A 0 0
YDR355C 0 0
YDR356W 9 857
YDR357C 6 220
YDR358W 1 1
YDR359C 1 7
YDR360W 0 0
YDR361C 3 75
YDR362C 1 3
YDR363W 3 141
YDR363W-A 8 2196
YDR364C 3 87
YDR365C 2 51
YDR366C 3 31
YDR367W 3 37
YDR368W 1 4
YDR369C 5 191
YDR370C 7 121
YDR371W 2 110
YDR371C-A 2 19
YDR372C 1 28
YDR373W 2 7
YDR374C 4 7
YDR374W-A 5 89
YDR375C 12 608
YDR376W 0 0
YDR377W 1 1
YDR378C 2 20
YDR379W 0 0
YDR379C-A 9 232
YDR380W 3 51
YDR381W 0 0
YDR381C-A 1 4
YDR382W 1 25
YDR383C 5 144
YDR384C 1 1
YDR385W 3 332
YDR386W 5 1078
YDR387C 2 2
YDR388W 6 308
YDR389W 0 0
YDR390C 7 613
YDR391C 7 255
YDR392W 8 312
YDR393W 6 95
YDR394W 2 30
YDR395W 0 0
YDR396W 6 139
YDR397C 8 557
YDR398W 2 8
YDR399W 6 125
YDR400W 2 16
YDR401W 2 7
YDR402C 0 0
YDR403W 0 0
YDR404C 1 9
YDR405W 5 57
YDR406W 8 155
YDR406W-A 0 0
YDR407C 1 1
YDR408C 0 0
YDR409W 2 23
YDR410C 2 25
YDR411C 5 174
YDR412W 3 57
YDR413C 2 45
YDR414C 1 19
YDR415C 0 0
YDR416W 3 94
YDR417C 0 0
YDR418W 2 10
YDR419W 3 1294
YDR420W 0 0
YDR421W 0 0
YDR422C 3 2447
YDR423C 5 40
YDR424C 3 844
YDR425W 4 4
YDR426C 6 118
YDR427W 7 77
YDR428C 3 10
YDR429C 3 60
YDR430C 0 0
YDR431W 1 75
YDR432W 1 2
YDR433W 3 4
YDR434W 0 0
YDR435C 2 2
YDR436W 2 27
YDR437W 0 0
YDR438W 7 234
YDR439W 0 0
YDR440W 0 0
YDR441C 5 64
YDR442W 4 2555
YDR443C 2 25
YDR444W 2 132
YDR445C 2 93
YDR446W 3 307
YDR447C 3 11
YDR448W 1 20
YDR449C 3 9
YDR450W 0 0
YDR451C 3 15
YDR452W 0 0
YDR453C 2 89
YDR454C 0 0
YDR455C 2 58
YDR456W 2 85
YDR457W 2 7
YDR458C 4 23
YDR459C 2 2
YDR460W 0 0
YDR461W 4 113
YDR461C-A 6 30
YDR462W 5 23
YDR463W 4 356
YDR464W 0 0
YDR464C-A 1 92
YDR465C 1 1
YDR466W 1 8
YDR467C 1 7
YDR468C 3 81
YDR469W 3 101
YDR470C 0 0
YDR471W 4 220
YDR472W 1 86
YDR473C 3 102
YDR475C 1 47
YDR476C 12 3462
YDR477W 0 0
YDR478W 2 100
YDR479C 6 170
YDR480W 0 0
YDR481C 2 182
YDR482C 10 547
YDR483W 2 52
YDR484W 0 0
YDR485C 3 107
YDR486C 4 394
YDR487C 2 101
YDR488C 2 138
YDR489W 0 0
YDR490C 2 31
YDR491C 0 0
YDR492W 1 1
YDR493W 2 4
YDR494W 0 0
YDR495C 4 281
YDR496C 2 30
YDR497C 1 37
YDR498C 3 13
YDR499W 2 25
YDR500C 7 185
YDR501W 0 0
YDR502C 7 124
YDR503C 0 0
YDR504C 0 0
YDR505C 2 55
YDR506C 3 3
YDR507C 1 1
YDR508C 3 71
YDR509W 1 6
YDR510W 3 69
YDR510C-A 9 102
YDR511W 0 0
YDR512C 2 39
YDR513W 6 191
YDR514C 1 14
YDR515W 0 0
YDR516C 9 250
YDR517W 2 13
YDR518W 3 33
YDR519W 5 189
YDR520C 0 0
YDR521W 0 0
YDR522C 6 371
YDR523C 0 0
YDR524C 6 186
YDR524W-C 3 185
YDR524C-B 2 20
YDR524C-A 8 487
YDR525W 2 20
YDR525W-A 11 366
YDR526C 6 151
YDR527W 2 3
YDR528W 1 1
YDR529C 7 37
YDR530C 9 230
YDR531W 1 9
YDR532C 3 98
YDR533C 3 77
YDR534C 1 1
YDR535C 3 2354
YDR536W 1 3
YDR537C 2 27
YDR538W 1 15
YDR539W 4 120
YDR540C 0 0
YDR541C 7 192
YDR542W 0 0
YDR543C 4 17
YDR544C 0 0
YDR545W 0 0
YDR545C-A 0 0
YEL077C 1 1
YEL077W-A 2 28
YEL076C-A 0 0
YEL076C 0 0
YEL075W-A 0 0
YEL075C 0 0
YEL074W 1 5
YEL073C 1 12
YEL072W 1 45
YEL071W 1 7
YEL070W 1 2
YEL069C 0 0
YEL068C 9 221
YEL067C 3 76
YEL066W 13 2939
YEL065W 2 328
YEL064C 1 7
YEL063C 2 5
YEL062W 4 174
YEL061C 0 0
YEL060C 6 279
YEL059C-A 4 407
YEL059W 1 12
YEL058W 2 10
YEL057C 2 83
YEL056W 1 32
YEL055C 2 22
YEL054C 1 2
YEL053W-A 0 0
YEL053C 0 0
YEL052W 4 27
YEL051W 4 125
YEL050W-A 4 557
YEL050C 6 313
YEL049W 1 12
YEL048C 1 1
YEL047C 4 153
YEL046C 5 194
YEL045C 3 31
YEL044W 4 50
YEL043W 4 177
YEL042W 3 61
YEL041W 1 30
YEL040W 3 177
YEL039C 5 57
YEL038W 8 98
YEL037C 3 132
YEL036C 0 0
YEL035C 8 1649
YEL034C-A 4 17
YEL034W 8 118
YEL033W 2 98
YEL032W 2 11
YEL032C-A 0 0
YEL031W 5 1517
YEL030C-A 1 1
YEL030W 0 0
YEL029C 2 28
YEL028W 3 164
YEL027W 1 4
YEL026W 0 0
YEL025C 6 402
YEL024W 0 0
YEL023C 2 13
YEL022W 1 3
YEL021W 7 105
YEL020C-B 0 0
YEL020W-A 5 293
YEL020C 3 1904
YEL019C 0 0
YEL018C-A 0 0
YEL018W 3 24
YEL017C-A 2 75
YEL017W 3 78
YEL016C 1 67
YEL015W 3 43
YEL014C 0 0
YEL013W 0 0
YEL012W 0 0
YEL011W 2 32
YEL010W 2 110
YEL009C-A 1 1
YEL009C 1 5
YEL008W 3 167
YEL008C-A 17 989
YEL007W 2 110
YEL006W 2 11
YEL005C 5 1157
YEL004W 4 644
YEL003W 3 98
YEL002C 5 1726
YEL001C 8 1015
YER001W 2 61
YER002W 3 12
YER003C 10 1805
YER004W 7 161
YER005W 1 120
YER006W 6 205
YER006C-A 2 67
YER007W 2 36
YER007C-A 3 101
YER008C 0 0
YER009W 2 37
YER010C 5 55
YER011W 0 0
YER012W 1 115
YER013W 3 99
YER014W 2 8
YER014C-A 1 13
YER015W 0 0
YER016W 4 14
YER017C 3 190
YER018C 1 14
YER019W 2 1653
YER019C-A 3 128
YER020W 3 24
YER021W 2 101
YER022W 0 0
YER023W 4 541
YER023C-A 1 1
YER024W 2 44
YER025W 2 26
YER026C 1 1
YER027C 2 133
YER028C 0 0
YER029C 1 27
YER030W 6 260
YER031C 3 91
YER032W 3 39
YER033C 7 109
YER034W 5 3119
YER035W 7 1159
YER036C 0 0
YER037W 5 89
YER038C 1 135
YER038W-A 2 13
YER039C 3 134
YER039C-A 7 278
YER040W 1 6
YER041W 1 21
YER042W 3 53
YER043C 3 19
YER044C 3 5
YER044C-A 2 19
YER045C 3 31
YER046W 2 40
YER046W-A 1 1
YER047C 0 0
YER048C 1 11
YER048W-A 0 0
YER049W 2 27
YER050C 4 139
YER051W 1 2
YER052C 1 1
YER053C 3 28
YER053C-A 3 156
YER054C 0 0
YER055C 0 0
YER056C 1 32
YER056C-A 3 17
YER057C 1 1
YER058W 5 50
YER059W 0 0
YER060W 0 0
YER060W-A 2 61
YER061C 4 78
YER062C 0 0
YER063W 1 14
YER064C 1 10
YER065C 1 1
YER066W 2 6
YER066C-A 3 31
YER067W 3 255
YER067C-A 5 223
YER068W 0 0
YER068C-A 1 11
YER069W 12 711
YER070W 0 0
YER071C 0 0
YER072W 2 53
YER073W 4 128
YER074W 1 2
YER074W-A 7 33
YER075C 2 18
YER076C 0 0
YER076W-A 0 0
YER077C 2 51
YER078C 1 2
YER078W-A 4 103
YER079W 2 28
YER079C-A 1 60
YER080W 6 263
YER081W 1 66
YER082C 2 704
YER083C 2 142
YER084W 1 3
YER084W-A 3 75
YER085C 1 2
YER086W 1 7
YER087W 2 530
YER087C-A 2 5
YER087C-B 4 66
YER088C 6 451
YER088C-A 3 45
YER088W-B 17 3078
YER089C 4 157
YER090W 1 2
YER090C-A 0 0
YER091C 2 2
YER091C-A 1 55
YER092W 8 2707
YER093C 1 3
YER093C-A 5 102
YER094C 3 56
YER095W 1 10
YER096W 0 0
YER097W 5 494
YER098W 2 15
YER099C 2 2
YER100W 0 0
YER101C 4 138
YER102W 3 67
YER103W 2 5
YER104W 1 10
YER105C 2 43
YER106W 1 59
YER107C 4 34
YER107W-A 0 0
YER109C 4 150
YER110C 4 45
YER111C 2 4
YER112W 0 0
YER113C 3 196
YER114C 0 0
YER115C 1 1
YER116C 1 9
YER117W 0 0
YER118C 1 10
YER119C 7 1596
YER119C-A 0 0
YER120W 7 65
YER121W 3 279
YER122C 1 4
YER123W 1 26
YER124C 3 21
YER125W 1 5
YER126C 2 168
YER127W 2 9
YER128W 6 49
YER129W 1 2
YER130C 2 75
YER131W 3 145
YER132C 3 11
YER133W 1 51
YER133W-A 0 0
YER134C 6 314
YER135C 2 15
YER136W 2 56
YER137C 4 143
YER137W-A 1 1
YER138W-A 0 0
YER139C 1 4
YER140W 1 2
YER141W 5 90
YER142C 3 124
YER143W 3 9
YER144C 6 543
YER145C 7 233
YER145C-A 5 34
YER146W 9 730
YER147C 3 43
YER147C-A 0 0
YER148W 0 0
YER148W-A 0 0
YER149C 3 34
YER150W 4 24
YER151C 1 1
YER152C 2 46
YER152W-A 5 241
YER153C 7 57
YER154W 9 487
YER155C 1 1
YER156C 7 1385
YER157W 4 31
YER158C 4 116
YER158W-A 10 2068
YER159C 10 927
YER161C 4 52
YER162C 5 2423
YER163C 1 1
YER164W 0 0
YER165W 0 0
YER165C-A 3 83
YER166W 0 0
YER167W 4 52
YER168C 6 77
YER169W 0 0
YER170W 7 84
YER171W 0 0
YER172C 2 23
YER172C-A 2 117
YER173W 2 18
YER174C 1 8
YER175C 4 164
YER175W-A 1 1
YER176W 8 306
YER177W 0 0
YER178W 6 120
YER179W 0 0
YER180C 2 83
YER180C-A 5 211
YER181C 0 0
YER182W 3 253
YER183C 2 3
YER184C 1 1
YER185W 3 532
YER186C 2 105
YER187W 4 69
YER188W 1 1
YER188C-A 5 320
YER189W 0 0
YER190W 0 0
YER190C-A 0 0
YER190C-B 0 0
YFL068W 0 0
YFL067W 0 0
YFL066C 0 0
YFL065C 0 0
YFL064C 0 0
YFL063W 2 86
YFL062W 1 1
YFL061W 0 0
YFL060C 0 0
YFL059W 5 484
YFL058W 1 2
YFL057C 0 0
YFL056C 0 0
YFL055W 2 4
YFL054C 4 318
YFL053W 0 0
YFL052W 3 192
YFL051C 4 62
YFL050C 1 5
YFL049W 7 758
YFL048C 6 100
YFL047W 6 46
YFL046W 2 174
YFL045C 1 1
YFL044C 0 0
YFL042C 3 62
YFL041W-A 0 0
YFL041W 1 4
YFL040W 0 0
YFL039C 3 101
YFL038C 8 150
YFL037W 5 125
YFL036W 1 9
YFL034C-B 1 5
YFL034C-A 1 2
YFL034W 0 0
YFL033C 2 65
YFL032W 0 0
YFL031W 2 19
YFL031C-A 0 0
YFL030W 1 2
YFL029C 0 0
YFL028C 4 1628
YFL027C 0 0
YFL026W 2 162
YFL025C 0 0
YFL024C 4 11
YFL023W 5 440
YFL022C 7 17
YFL021C-A 1 7
YFL021W 8 119
YFL020C 0 0
YFL019C 2 8
YFL018C 6 181
YFL017W-A 6 182
YFL017C 7 649
YFL016C 1 2
YFL015W-A 8 301
YFL015C 6 52
YFL014W 2 32
YFL013W-A 2 225
YFL013C 2 70
YFL012W-A 0 0
YFL012W 0 0
YFL011W 0 0
YFL010W-A 0 0
YFL010C 3 40820
YFL009W 0 0
YFL008W 2 6
YFL007W 0 0
YFL005W 3 108
YFL004W 2 13
YFL003C 1 1
YFL002C 4 55
YFL001W 7 585
YFR001W 1 49
YFR002W 0 0
YFR003C 3 214
YFR004W 3 86
YFR005C 1 41
YFR006W 5 136
YFR007W 2 75
YFR008W 0 0
YFR009W 2 3
YFR009W-A 1 22
YFR010W 2 8
YFR010W-A 2 2
YFR011C 7 313
YFR012W 2 7
YFR012W-A 1 5
YFR013W 4 57
YFR014C 1 1
YFR015C 7 83
YFR016C 0 0
YFR017C 5 94
YFR018C 2 147
YFR019W 4 226
YFR020W 0 0
YFR021W 0 0
YFR022W 4 37
YFR023W 0 0
YFR024C-A 9 455
YFR025C 3 214
YFR026C 1 12
YFR027W 4 43
YFR028C 3 97
YFR029W 6 745
YFR030W 2 83
YFR031C 5 281
YFR031C-A 4 119
YFR032C 2 1389
YFR032C-A 5 212
YFR032C-B 3 26
YFR033C 7 797
YFR034C 6 52
YFR034W-A 3 39
YFR035C 13 410
YFR036W 7 1180
YFR036W-A 10 782
YFR037C 8 37
YFR038W 5 32
YFR039C 0 0
YFR040W 0 0
YFR041C 1 6
YFR042W 3 73
YFR043C 4 91
YFR044C 7 280
YFR045W 1 4
YFR046C 4 25
YFR047C 7 448
YFR048W 5 81
YFR049W 1 5
YFR050C 2 20
YFR051C 1 38
YFR052W 3 216
YFR052C-A 0 0
YFR053C 1 1
YFR054C 0 0
YFR056C 1 8
YFR055W 0 0
YFR057W 0 0
YGL263W 5 249
YGL262W 2 34
YGL261C 0 0
YGL260W 2 63
YGL259W 1 3
YGL258W-A 0 0
YGL258W 0 0
YGL257C 0 0
YGL256W 0 0
YGL255W 1 1
YGL254W 4 704
YGL253W 5 1363
YGL252C 4 1007
YGL251C 2 44
YGL250W 0 0
YGL249W 2 49
YGL248W 1 7
YGL247W 0 0
YGL246C 5 65
YGL245W 2 6
YGL244W 2 15
YGL243W 1 150
YGL242C 6 435
YGL241W 12 2347
YGL240W 2 93
YGL239C 0 0
YGL238W 4 46
YGL237C 1 430
YGL236C 2 86
YGL235W 3 61
YGL234W 0 0
YGL233W 2 6
YGL232W 3 57
YGL231C 2 7
YGL230C 0 0
YGL229C 0 0
YGL228W 2 75
YGL227W 1 7
YGL226C-A 7 229
YGL226W 5 94
YGL225W 3 25
YGL224C 3 41
YGL223C 4 888
YGL222C 7 175
YGL221C 6 2021
YGL220W 5 2019
YGL219C 1 8
YGL218W 1 11
YGL217C 3 74
YGL216W 0 0
YGL215W 0 0
YGL214W 1 1
YGL213C 0 0
YGL212W 2 1163
YGL211W 6 2778
YGL210W 0 0
YGL209W 1 5
YGL208W 5 771
YGL207W 2 6
YGL206C 0 0
YGL205W 2 50
YGL204C 2 50
YGL203C 0 0
YGL202W 2 6
YGL201C 0 0
YGL200C 2 21
YGL199C 2 5
YGL198W 4 411
YGL197W 3 14
YGL196W 1 43
YGL195W 0 0
YGL194C-A 3 191
YGL194C 3 73
YGL193C 2 6
YGL192W 1 14
YGL191W 3 43
YGL190C 1 2
YGL189C 2 103
YGL188C-A 2 103
YGL188C 6 137
YGL187C 5 126
YGL186C 3 343
YGL185C 3 53
YGL184C 1 7
YGL183C 1 5
YGL182C 4 216
YGL181W 2 28
YGL180W 4 71
YGL179C 0 0
YGL178W 1 30
YGL177W 9 272
YGL176C 0 0
YGL175C 7 141
YGL174W 2 6
YGL173C 1 32
YGL172W 1 2
YGL171W 5 889
YGL170C 1 79
YGL169W 0 0
YGL168W 4 43
YGL167C 0 0
YGL166W 3 19
YGL165C 2 15
YGL164C 3 13
YGL163C 1 19
YGL162W 2 39
YGL161C 5 13
YGL160W 1 48
YGL159W 3 28
YGL158W 0 0
YGL157W 2 13
YGL156W 1 3
YGL155W 2 87
YGL154C 6 127
YGL153W 6 114
YGL152C 3 118
YGL151W 4 118
YGL150C 2 21
YGL149W 0 0
YGL148W 3 11
YGL147C 4 233
YGL146C 0 0
YGL145W 1 9
YGL144C 5 38
YGL143C 6 55
YGL142C 1 23
YGL141W 3 54
YGL140C 1 4
YGL139W 4 43
YGL138C 0 0
YGL137W 5 78
YGL136C 9 101
YGL135W 3 27
YGL134W 4 75
YGL133W 0 0
YGL132W 1 46
YGL131C 1 6
YGL130W 0 0
YGL129C 5 144
YGL128C 2 14
YGL127C 2 32
YGL126W 3 127
YGL125W 2 42
YGL124C 4 206
YGL123W 1 6
YGL123C-A 2 5
YGL122C 3 44
YGL121C 4 191
YGL120C 0 0
YGL119W 1 1
YGL118C 5 102
YGL117W 4 396
YGL116W 0 0
YGL115W 1 7
YGL114W 6 70
YGL113W 3 705
YGL112C 1 1
YGL111W 3 31
YGL110C 1 43
YGL109W 1 43
YGL108C 3 56
YGL107C 8 306
YGL106W 1 4
YGL105W 3 13
YGL104C 5 226
YGL103W 0 0
YGL102C 4 421
YGL101W 7 294
YGL100W 5 615
YGL099W 3 33
YGL098W 3 82
YGL097W 2 32
YGL096W 4 39
YGL095C 2 19
YGL094C 3 78
YGL093W 3 47
YGL092W 0 0
YGL091C 1 59
YGL090W 1 1
YGL089C 3 159
YGL088W 10 1444
YGL087C 0 0
YGL086W 3 17
YGL085W 3 22
YGL084C 5 198
YGL083W 3 39
YGL082W 0 0
YGL081W 1 19
YGL080W 2 33
YGL079W 2 172
YGL078C 1 4
YGL077C 0 0
YGL076C 2 35
YGL075C 6 51
YGL074C 6 19
YGL073W 2 245
YGL072C 6 545
YGL071W 0 0
YGL070C 8 133
YGL069C 0 0
YGL068W 6 66
YGL067W 0 0
YGL066W 3 154
YGL065C 4 64
YGL064C 2 81
YGL063W 4 161
YGL063C-A 12 837
YGL062W 5 59
YGL061C 0 0
YGL060W 0 0
YGL059W 6 2898
YGL058W 4 22
YGL057C 9 1061
YGL056C 4 106
YGL055W 8 80
YGL054C 11 174
YGL053W 2 28
YGL052W 0 0
YGL051W 1 237
YGL050W 3 130
YGL049C 2 39
YGL048C 3 14
YGL047W 0 0
YGL045W 1 3
YGL044C 2 13
YGL043W 6 1301
YGL042C 0 0
YGL041C-B 0 0
YGL041W-A 8 212
YGL041C 4 67
YGL040C 4 183
YGL039W 0 0
YGL038C 0 0
YGL037C 0 0
YGL036W 8 263
YGL035C 0 0
YGL034C 1 3
YGL033W 1 18
YGL032C 1 2
YGL031C 6 34
YGL030W 1 4
YGL029W 0 0
YGL028C 0 0
YGL027C 3 319
YGL026C 5 120
YGL025C 4 106
YGL024W 2 28
YGL023C 3 527
YGL022W 2 19
YGL021W 2 12
YGL020C 5 413
YGL019W 2 42
YGL018C 0 0
YGL017W 6 75
YGL016W 1 10
YGL015C 0 0
YGL014W 0 0
YGL014C-A 0 0
YGL013C 1 31
YGL012W 11 145
YGL011C 2 8
YGL010W 4 236
YGL009C 0 0
YGL008C 0 0
YGL007C-A 7 1130
YGL007W 4 91
YGL006W-A 3 189
YGL006W 6 139
YGL005C 3 40
YGL004C 3 82
YGL003C 0 0
YGL002W 4 25
YGL001C 4 104
YGR001C 3 76
YGR002C 6 340
YGR003W 8 775
YGR004W 2 94
YGR005C 2 28
YGR006W 5 104
YGR007W 9 2148
YGR008C 2 47
YGR009C 0 0
YGR010W 2 7
YGR011W 5 78
YGR012W 4 71
YGR013W 2 35
YGR014W 0 0
YGR015C 8 566
YGR016W 13 529
YGR017W 2 9
YGR018C 8 517
YGR019W 2 20
YGR020C 2 82
YGR021W 8 63
YGR022C 1 1
YGR023W 4 225
YGR024C 1 12
YGR025W 1 1
YGR026W 2 52
YGR027C 2 4
YGR028W 0 0
YGR029W 2 20
YGR030C 2 3
YGR031W 4 7175
YGR031C-A 8 761
YGR032W 2 16
YGR033C 0 0
YGR034W 2 15
YGR035C 3 160
YGR035W-A 5 519
YGR036C 2 11
YGR037C 4 471
YGR038W 2 77
YGR039W 2 30
YGR040W 1 22
YGR041W 0 0
YGR042W 10 198
YGR043C 3 801
YGR044C 2 31
YGR045C 10 578
YGR046W 2 7
YGR047C 6 789
YGR048W 1 3
YGR049W 2 14
YGR050C 4 212
YGR051C 5 137
YGR052W 2 93
YGR053C 1 2
YGR054W 1 222
YGR055W 0 0
YGR056W 4 137
YGR057C 1 8
YGR058W 7 31
YGR059W 2 7
YGR060W 2 6
YGR061C 0 0
YGR062C 3 23
YGR063C 4 132
YGR064W 3 19
YGR065C 4 27
YGR066C 2 29
YGR067C 6 717
YGR068C 5 123
YGR068W-A 6 119
YGR069W 2 12
YGR070W 4 42
YGR071C 7 659
YGR072W 3 49
YGR073C 0 0
YGR074W 1 13
YGR075C 1 9
YGR076C 5 121
YGR077C 2 32
YGR078C 0 0
YGR079W 5 117
YGR080W 6 876
YGR081C 3 361
YGR082W 2 3
YGR083C 2 7
YGR084C 5 185
YGR085C 5 26
YGR086C 1 3
YGR087C 2 3
YGR088W 3 18
YGR089W 0 0
YGR090W 0 0
YGR091W 1 7
YGR092W 3 164
YGR093W 2 19
YGR094W 12 441
YGR095C 3 5
YGR096W 5 179
YGR097W 1 7
YGR098C 0 0
YGR099W 3 814
YGR100W 0 0
YGR101W 7 946
YGR102C 7 1162
YGR103W 2 31
YGR104C 2 31
YGR105W 5 129
YGR106C 1 10
YGR107W 2 16
YGR108W 2 13
YGR109C 2 43
YGR110W 0 0
YGR111W 3 160
YGR112W 3 30
YGR113W 1 8
YGR114C 0 0
YGR115C 2 73
YGR116W 0 0
YGR117C 5 169
YGR118W 3 21
YGR119C 0 0
YGR120C 3 8
YGR121C 2 48
YGR121W-A 9 167
YGR122W 3 248
YGR122C-A 1 151
YGR123C 3 204
YGR124W 7 260
YGR125W 0 0
YGR126W 2 34
YGR127W 2 114
YGR128C 0 0
YGR129W 1 4
YGR130C 3 7
YGR131W 1 1
YGR132C 1 9
YGR133W 18 953
YGR134W 6 445
YGR135W 2 23
YGR136W 3 13
YGR137W 2 21
YGR138C 1 29
YGR139W 1 29
YGR140W 5 609
YGR141W 7 138
YGR142W 3 53
YGR143W 1 2
YGR144W 0 0
YGR145W 5 124
YGR146C 1 2
YGR146C-A 12 1392
YGR147C 1 19
YGR148C 5 16
YGR149W 1 39
YGR150C 4 260
YGR151C 0 0
YGR152C 2 14
YGR153W 3 22
YGR154C 2 6
YGR155W 1 53
YGR156W 1 55
YGR157W 3 18
YGR158C 2 27
YGR159C 2 8
YGR160W 0 0
YGR161C 3 13
YGR161W-C 10 226
YGR162W 1 1
YGR163W 1 48
YGR164W 5 251
YGR165W 1 8
YGR166W 1 1
YGR167W 1 8
YGR168C 4 66
YGR169C 0 0
YGR169C-A 2 5
YGR170W 2 66
YGR171C 2 5
YGR172C 3 90
YGR173W 2 8
YGR174C 6 1082
YGR174W-A 1 2
YGR175C 4 162
YGR176W 7 492
YGR177C 5 390
YGR178C 1 6
YGR179C 5 97
YGR180C 7 144
YGR181W 2 9
YGR182C 2 22
YGR183C 5 324
YGR184C 3 138
YGR185C 3 78
YGR186W 3 198
YGR187C 0 0
YGR188C 2 95
YGR189C 3 49
YGR190C 1 50
YGR191W 1 5
YGR192C 5 1061
YGR193C 0 0
YGR194C 12 798
YGR195W 0 0
YGR196C 5 298
YGR197C 2 28
YGR198W 17 1012
YGR199W 1 1
YGR200C 4 19
YGR201C 4 58
YGR202C 3 39
YGR203W 18 4717
YGR204W 7 987
YGR204C-A 0 0
YGR205W 0 0
YGR206W 3 97
YGR207C 6 245
YGR208W 2 7
YGR209C 7 79
YGR210C 1 2
YGR211W 5 49
YGR212W 3 1132
YGR213C 0 0
YGR214W 2 42
YGR215W 5 31
YGR216C 4 36
YGR217W 0 0
YGR218W 0 0
YGR219W 0 0
YGR220C 3 73
YGR221C 1 1
YGR222W 8 792
YGR223C 6 1477
YGR224W 3 667
YGR225W 0 0
YGR226C 0 0
YGR227W 1 2
YGR228W 0 0
YGR229C 2 109
YGR230W 4 35
YGR231C 2 116
YGR232W 5 108
YGR233C 0 0
YGR234W 4 23
YGR235C 3 50
YGR236C 3 62
YGR237C 0 0
YGR238C 6 53
YGR239C 1 1
YGR240C 0 0
YGR240C-A 1 6
YGR241C 0 0
YGR242W 0 0
YGR243W 0 0
YGR244C 0 0
YGR245C 1 1
YGR246C 4 10
YGR247W 2 26
YGR248W 3 276
YGR249W 5 153
YGR250C 0 0
YGR251W 0 0
YGR252W 1 1
YGR253C 3 21
YGR254W 1 2
YGR255C 2 16
YGR256W 0 0
YGR257C 0 0
YGR258C 2 1254
YGR259C 3 194
YGR260W 3 191
YGR261C 1 24
YGR262C 1 1
YGR263C 5 20
YGR264C 3 17
YGR265W 1 20
YGR266W 6 62
YGR267C 2 22
YGR268C 5 47
YGR269W 1 4
YGR270W 1 2
YGR270C-A 4 92
YGR271W 6 293
YGR271C-A 1 7
YGR273C 0 0
YGR274C 2 74
YGR275W 5 165
YGR276C 3 53
YGR277C 5 153
YGR278W 5 54
YGR279C 1 1
YGR280C 7 738
YGR281W 6 30
YGR282C 1 1
YGR283C 4 911
YGR284C 5 86
YGR285C 0 0
YGR286C 0 0
YGR287C 3 48
YGR288W 2 36
YGR289C 0 0
YGR290W 3 3
YGR291C 0 0
YGR292W 0 0
YGR293C 1 1
YGR294W 0 0
YGR295C 5 432
YGR296W 0 0
YGR296C-A 0 0
YGR296C-B 0 0
YHL050C 0 0
YHL050W-A 0 0
YHL049C 0 0
YHL048C-A 3 59
YHL048W 0 0
YHL047C 2 5
YHL046W-A 2 94
YHL046C 0 0
YHL045W 0 0
YHL044W 4 133
YHL043W 5 68
YHL042W 1 10
YHL041W 2 41
YHL040C 2 8396
YHL039W 5 128
YHL038C 7 545
YHL037C 2 27
YHL036W 5 177
YHL035C 7 92
YHL034W-A 3 793
YHL034C 0 0
YHL033C 7 220
YHL032C 2 11
YHL031C 3 123
YHL030W-A 3 46
YHL030W 3 22
YHL029C 2 220
YHL028W 4 338
YHL027W 1 1
YHL026C 8 885
YHL025W 4 304
YHL024W 1 1
YHL023C 6 411
YHL022C 2 19
YHL021C 4 41
YHL020C 1 1
YHL019W-A 5 337
YHL019C 3 36
YHL018W 7 679
YHL017W 0 0
YHL016C 4 143
YHL015W-A 5 38
YHL015W 0 0
YHL014C 5 324
YHL013C 6 2010
YHL012W 4 158
YHL011C 3 60
YHL010C 0 0
YHL009C 2 45
YHL008C 0 0
YHL007C 5 55
YHL006W-A 4 354
YHL006C 4 155
YHL005C 5 24
YHL004W 3 229
YHL003C 4 48
YHL002C-A 0 0
YHL002W 7 284
YHL001W 4 40
YHR001W 0 0
YHR001W-A 7 187
YHR002W 0 0
YHR003C 3 111
YHR004C 7 558
YHR005C 2 18
YHR005C-A 1 2
YHR006W 7 81
YHR007C 0 0
YHR007C-A 9 246
YHR008C 5 72
YHR009C 2 115
YHR010W 0 0
YHR011W 0 0
YHR012W 1 136
YHR013C 4 237
YHR014W 0 0
YHR015W 5 354
YHR016C 2 62
YHR017W 3 246
YHR018C 4 32
YHR019C 1 68
YHR020W 4 207
YHR021C 2 21
YHR021W-A 6 60
YHR022C 0 0
YHR022C-A 6 1130
YHR023W 1 4
YHR024C 5 1184
YHR025W 3 55
YHR026W 0 0
YHR027C 0 0
YHR028C 2 9
YHR028W-A 4 107
YHR029C 0 0
YHR030C 4 288
YHR031C 6 53
YHR032W 0 0
YHR032W-A 11 592
YHR032C-A 20 3893
YHR033W 11 2801
YHR034C 5 39
YHR035W 2 38
YHR036W 1 48
YHR037W 2 33
YHR038W 4 57
YHR039C 0 0
YHR039C-A 5 226
YHR040W 2 12
YHR041C 4 121
YHR042W 7 281
YHR043C 2 6
YHR044C 2 2
YHR045W 0 0
YHR046C 3 4
YHR047C 0 0
YHR048W 5 521
YHR049W 1 3
YHR049C-A 3 42
YHR050W 2 36
YHR050W-A 6 7167
YHR051W 1 3
YHR052W 2 27
YHR052W-A 0 0
YHR053C 0 0
YHR054C 0 0
YHR054W-A 0 0
YHR055C 0 0
YHR056C 1 7
YHR056W-A 1 23
YHR057C 8 13375
YHR058C 7 274
YHR059W 1 7
YHR060W 2 48
YHR061C 3 834
YHR062C 2 28
YHR063C 5 8156
YHR063W-A 4 57
YHR064C 3 69
YHR065C 1 23
YHR066W 3 162
YHR067W 1 21
YHR068W 1 12
YHR069C 4 150
YHR069C-A 0 0
YHR070W 5 126
YHR070C-A 7 137
YHR071W 1 15
YHR071C-A 2 31
YHR072W 0 0
YHR072W-A 1 2
YHR073W 5 54
YHR073W-A 2 9
YHR073C-B 1 2
YHR074W 3 10
YHR075C 2 14
YHR076W 4 127
YHR077C 2 428
YHR078W 3 328
YHR079C 1 26
YHR079C-A 0 0
YHR080C 6 171
YHR081W 3 165
YHR082C 0 0
YHR083W 9 262
YHR084W 2 45
YHR085W 7 230
YHR086W 5 511
YHR086W-A 5 18
YHR087W 2 60
YHR088W 3 84
YHR089C 4 267
YHR090C 3 174
YHR091C 6 98
YHR092C 0 0
YHR093W 2 29
YHR094C 0 0
YHR095W 1 12
YHR096C 0 0
YHR097C 2 11
YHR098C 0 0
YHR099W 2 42
YHR100C 9 127
YHR101C 0 0
YHR102W 0 0
YHR103W 1 17
YHR104W 1 2
YHR105W 1 1
YHR106W 1 4
YHR107C 2 2
YHR108W 4 82
YHR109W 3 36
YHR110W 9 879
YHR111W 3 21
YHR112C 4 183
YHR113W 3 47
YHR114W 4 136
YHR115C 6 26
YHR116W 1 18
YHR117W 3 91
YHR118C 1 3
YHR119W 1 2
YHR120W 3 5
YHR121W 3 21
YHR122W 5 152
YHR123W 3 304
YHR124W 0 0
YHR125W 1 1
YHR126C 0 0
YHR127W 5 10213
YHR128W 3 10
YHR129C 1 1
YHR130C 0 0
YHR131C 2 52
YHR131W-A 0 0
YHR132C 7 2509
YHR132W-A 3 1251
YHR133C 1 1
YHR134W 3 9
YHR135C 4 12
YHR136C 11 912
YHR137W 1 11
YHR137C-A 1 2
YHR138C 2 17
YHR139C 2 96
YHR139C-A 8 972
YHR140W 5 339
YHR141C 0 0
YHR142W 1 3
YHR143W 1 7
YHR143W-A 2 182
YHR144C 0 0
YHR145C 0 0
YHR146W 2 13
YHR147C 5 148
YHR148W 2 98
YHR149C 0 0
YHR150W 2 17
YHR151C 3 100
YHR152W 0 0
YHR153C 2 47
YHR154W 1 39
YHR155W 2 2
YHR156C 4 183
YHR157W 0 0
YHR158C 0 0
YHR159W 1 15
YHR160C 2 14
YHR161C 1 4
YHR162W 2 27
YHR163W 3 85
YHR164C 1 49
YHR165C 0 0
YHR165W-A 2 5
YHR166C 0 0
YHR167W 6 179
YHR168W 4 420
YHR169W 6 327
YHR170W 0 0
YHR171W 3 16
YHR172W 3 146
YHR173C 5 69
YHR174W 2 21
YHR175W 7 35
YHR175W-A 2 6
YHR176W 0 0
YHR177W 0 0
YHR178W 7 175
YHR179W 1 1
YHR180W 1 3
YHR180W-A 0 0
YHR180C-B 3 12
YHR181W 3 12
YHR182W 0 0
YHR182C-A 1 2
YHR183W 4 49
YHR184W 0 0
YHR185C 2 66
YHR186C 2 102
YHR187W 1 52
YHR188C 2 76
YHR189W 6 169
YHR190W 1 8
YHR191C 0 0
YHR192W 3 17
YHR193C 4 20
YHR193C-A 4 37
YHR194W 1 33
YHR195W 2 26
YHR196W 3 32
YHR197W 4 60
YHR198C 9 139
YHR199C 0 0
YHR199C-A 6 565
YHR200W 6 360
YHR201C 2 139
YHR202W 3 24
YHR203C 0 0
YHR204W 4 83
YHR205W 1 1
YHR206W 0 0
YHR207C 8 318
YHR208W 5 62
YHR209W 1 1
YHR210C 2 78
YHR211W 0 0
YHR212C 0 0
YHR212W-A 0 0
YHR213W 0 0
YHR213W-A 0 0
YHR213W-B 0 0
YHR214W 0 0
YHR214W-A 0 0
YHR214C-D 0 0
YHR214C-E 0 0
YHR215W 0 0
YHR216W 0 0
YHR217C 0 0
YHR218W 0 0
YHR218W-A 0 0
YHR219W 0 0
YHR219C-A 0 0
YIL177C 0 0
YIL177W-A 0 0
YIL176C 0 0
YIL173W 0 0
YIL172C 0 0
YIL171W-A 0 0
YIL169C 6 110
YIL166C 0 0
YIL165C 1 4
YIL164C 7 38
YIL163C 2 5
YIL162W 1 17
YIL161W 0 0
YIL160C 2 87
YIL159W 9 283
YIL158W 1 22
YIL157C 4 226
YIL156W-A 2 649
YIL156W-B 3 58
YIL156W 4 136
YIL155C 8 357
YIL154C 2 95
YIL153W 4 74
YIL152W 6 201
YIL151C 6 109
YIL150C 2 30
YIL149C 1 5
YIL148W 4 105
YIL147C 1 103
YIL146C 0 0
YIL145C 4 15
YIL144W 0 0
YIL143C 6 1453
YIL142C-A 3 110
YIL142W 4 152
YIL141W 3 1293
YIL140W 1 4
YIL139C 2 6
YIL138C 4 115
YIL137C 6 231
YIL136W 3 64
YIL135C 1 4
YIL134C-A 15 1802
YIL134W 6 17
YIL133C 6 104
YIL132C 5 63
YIL131C 4 136
YIL130W 0 0
YIL129C 0 0
YIL128W 1 2
YIL127C 0 0
YIL126W 1 1
YIL125W 1 1
YIL124W 3 10
YIL123W 1 11
YIL122W 0 0
YIL121W 0 0
YIL120W 1 4
YIL119C 0 0
YIL118W 3 50
YIL117C 0 0
YIL116W 2 142
YIL115W-A 1 1
YIL115C 1 1
YIL114C 2 21
YIL113W 7 212
YIL112W 4 102
YIL111W 2 16
YIL110W 1 2
YIL109C 0 0
YIL108W 3 16
YIL107C 1 15
YIL106W 3 116
YIL105C 2 74
YIL105W-A 1 55
YIL104C 4 42
YIL103W 4 241
YIL102C-A 2 6
YIL102C 1 9
YIL101C 5 116
YIL100C-A 8 272
YIL100W 6 133
YIL099W 3 38
YIL098C 3 52
YIL097W 5 9
YIL096C 5 72
YIL095W 1 16
YIL094C 1 1
YIL093C 2 56
YIL092W 3 68
YIL091C 7 144
YIL090W 1 12
YIL089W 0 0
YIL088C 1 1
YIL087C 5 34
YIL086C 1 39
YIL085C 3 808
YIL084C 1 16
YIL083C 2 22
YIL082W 0 0
YIL079C 0 0
YIL078W 0 0
YIL077C 11 1909
YIL076W 3 25
YIL075C 1 14
YIL074C 2 13
YIL073C 0 0
YIL072W 1 33
YIL071W-A 0 0
YIL071C 5 312
YIL070C 0 0
YIL069C 4 67
YIL068W-A 1 12
YIL068C 3 145
YIL067C 0 0
YIL066W-A 1 9
YIL066C 0 0
YIL065C 5 98
YIL064W 8 287
YIL063C 3 111
YIL062C 1 2
YIL061C 7 253
YIL060W 0 0
YIL059C 3 104
YIL058W 0 0
YIL057C 4 56
YIL056W 5 63
YIL055C 0 0
YIL054W 3 41
YIL053W 1 1
YIL052C 0 0
YIL051C 9 316
YIL050W 4 60
YIL049W 4 46
YIL048W 2 8
YIL047C-A 3 35
YIL047C 3 333
YIL046W-A 5 97
YIL046W 6 122
YIL045W 1 1
YIL044C 6 50
YIL043C 1 62
YIL042C 2 12
YIL041W 3 1973
YIL040W 1 1
YIL039W 2 12
YIL038C 0 0
YIL037C 0 0
YIL036W 1 59
YIL035C 2 16
YIL034C 6 154
YIL033C 2 73
YIL032C 2 13
YIL031W 8 71
YIL030W-A 0 0
YIL030C 1 2
YIL029W-A 0 0
YIL029C 1 7
YIL028W 0 0
YIL027C 2 95
YIL026C 3 39
YIL025C 2 36
YIL024C 5 241
YIL023C 1 28
YIL022W 0 0
YIL021W 3 242
YIL021C-A 1 2
YIL020C-A 3 79
YIL020C 2 22
YIL019W 6 1368
YIL018W 0 0
YIL017C 2 4
YIL016W 3 749
YIL015W 1 1
YIL014C-A 0 0
YIL014W 4 35
YIL013C 1 2
YIL012W 1 43
YIL011W 0 0
YIL010W 3 23
YIL009C-A 7 563
YIL009W 4 378
YIL008W 2 65
YIL007C 6 260
YIL006W 5 387
YIL005W 1 22
YIL004C 5 373
YIL003W 4 197
YIL002W-A 2 12
YIL002C 0 0
YIL001W 3 352
YIR001C 4 266
YIR002C 0 0
YIR003W 5 174
YIR004W 7 49
YIR005W 5 84
YIR006C 7 231
YIR007W 1 2
YIR008C 1 1
YIR009W 3 53
YIR010W 2 44
YIR011C 3 147
YIR012W 3 10
YIR013C 2 183
YIR014W 5 2235
YIR015W 8 261
YIR016W 5 88
YIR017C 9 656
YIR017W-A 11 587
YIR018W 12 2233
YIR018C-A 0 0
YIR019C 4 13
YIR020C 4 48
YIR020W-A 5 183
YIR020C-B 5 117
YIR021W 2 28
YIR021W-A 0 0
YIR022W 2 7
YIR023W 4 1091
YIR023C-A 1 14
YIR024C 3 113
YIR025W 8 329
YIR026C 0 0
YIR027C 4 24
YIR028W 0 0
YIR029W 3 43
YIR030C 3 149
YIR030W-A 3 149
YIR031C 3 11
YIR032C 3 142
YIR033W 3 314
YIR034C 0 0
YIR035C 0 0
YIR036C 2 55
YIR036W-A 0 0
YIR037W 3 17
YIR038C 3 84
YIR039C 3 29
YIR040C 0 0
YIR041W 0 0
YIR042C 2 48
YJL225C 0 0
YJL225W-A 0 0
YJL223C 0 0
YJL222W-B 0 0
YJL222W-A 0 0
YJL222W 0 0
YJL221C 0 0
YJL220W 0 0
YJL219W 0 0
YJL218W 1 2
YJL217W 2 8
YJL216C 1 33
YJL215C 0 0
YJL214W 1 8
YJL213W 6 279
YJL212C 3 424
YJL211C 2 50
YJL210W 6 142
YJL209W 2 35
YJL208C 1 1
YJL207C 3 13
YJL206C 6 42
YJL205C 13 1350
YJL204C 1 263
YJL203W 3 23
YJL202C 6 79
YJL201W 6 79
YJL200C 0 0
YJL199C 14 4852
YJL198W 4 132
YJL197W 0 0
YJL197C-A 0 0
YJL196C 4 44
YJL195C 3 47
YJL194W 3 65
YJL193W 4 26
YJL192C 5 56
YJL191W 6 706
YJL190C 4 31
YJL189W 2 51
YJL188C 2 11
YJL187C 0 0
YJL186W 3 26
YJL185C 5 72
YJL184W 3 14
YJL183W 3 107
YJL182C 1 24
YJL181W 8 62
YJL180C 0 0
YJL179W 1 25
YJL178C 11 977
YJL177W 2 20
YJL176C 2 76
YJL175W 1 1
YJL174W 1 1
YJL173C 5 188
YJL172W 6 286
YJL171C 3 98
YJL170C 2 41
YJL169W 2 19
YJL168C 2 38
YJL167W 1 87
YJL166W 4 18
YJL165C 2 40
YJL164C 1 1
YJL163C 4 20
YJL162C 2 56
YJL161W 3 20
YJL160C 7 112
YJL159W 3 40
YJL158C 7 75
YJL157C 4 104
YJL156W-A 10 1546
YJL156C 5 32
YJL155C 1 10
YJL154C 1 8
YJL153C 1 22
YJL152W 2 3
YJL151C 12 664
YJL150W 7 62
YJL149W 8 124
YJL148W 3 20
YJL147C 0 0
YJL146W 0 0
YJL145W 4 722
YJL144W 3 150
YJL143W 1 33
YJL142C 2 65
YJL141C 1 6
YJL140W 1 2
YJL139C 0 0
YJL138C 2 32
YJL137C 4 66
YJL136W-A 2 3
YJL136C 1 2
YJL135W 4 216
YJL134W 2 5
YJL133C-A 4 78
YJL133W 6 189
YJL132W 6 230
YJL131C 1 19
YJL130C 1 7
YJL129C 0 0
YJL128C 5 98
YJL127W-A 4 82
YJL127C-B 5 133
YJL127C 3 65
YJL126W 6 25
YJL125C 2 3
YJL124C 0 0
YJL123C 3 23
YJL122W 12 1212
YJL121C 3 181
YJL120W 1 3
YJL119C 3 4
YJL118W 6 1348
YJL117W 0 0
YJL116C 2 49
YJL115W 3 222
YJL112W 0 0
YJL111W 1 60
YJL110C 2 13
YJL109C 2 3
YJL108C 2 89
YJL107C 1 32
YJL106W 1 3
YJL105W 3 150
YJL104W 1 68
YJL103C 5 73
YJL102W 5 288
YJL101C 4 526
YJL100W 2 72
YJL099W 2 134
YJL098W 0 0
YJL097W 0 0
YJL096W 2 24
YJL095W 0 0
YJL094C 1 2
YJL093C 4 83
YJL092W 1 7
YJL091C 7 299
YJL090C 1 4
YJL089W 4 63
YJL088W 6 2022
YJL087C 1 7
YJL086C 0 0
YJL085W 2 28
YJL084C 0 0
YJL083W 3 13
YJL082W 4 322
YJL081C 2 20
YJL080C 0 0
YJL079C 4 79
YJL078C 4 130
YJL077W-B 3 64
YJL077C 4 38
YJL077W-A 7 75
YJL076W 1 3
YJL075C 0 0
YJL074C 1 1
YJL073W 0 0
YJL072C 3 106
YJL071W 2 19
YJL070C 2 23
YJL069C 1 1
YJL068C 6 32
YJL067W 8 534
YJL066C 4 124
YJL065C 6 184
YJL064W 5 79
YJL063C 2 24
YJL062W-A 11 2045
YJL062W 4 17
YJL061W 0 0
YJL060W 3 30
YJL059W 2 30
YJL058C 1 8
YJL057C 3 21
YJL056C 4 61
YJL055W 3 166
YJL054W 7 450
YJL053W 4 289
YJL052C-A 11 248
YJL052W 1 1
YJL051W 2 22
YJL050W 7 200
YJL049W 2 4
YJL048C 3 14
YJL047C-A 0 0
YJL047C 0 0
YJL046W 8 576
YJL045W 2 112
YJL044C 2 4
YJL043W 0 0
YJL042W 2 348
YJL041W 2 13
YJL039C 0 0
YJL038C 0 0
YJL037W 1 1
YJL036W 2 2
YJL035C 3 271
YJL034W 1 286
YJL033W 3 11
YJL032W 1 2
YJL031C 3 70
YJL030W 2 17
YJL029C 3 47
YJL028W 3 498
YJL027C 3 199
YJL026W 4 78
YJL026C-A 3 124
YJL025W 2 173
YJL024C 4 45
YJL023C 3 148
YJL022W 0 0
YJL020C 1 56
YJL020W-A 1 4
YJL019W 0 0
YJL016W 0 0
YJL015C 2 16
YJL014W 1 14
YJL013C 11 5737
YJL012C 1 8
YJL011C 2 25
YJL010C 1 1
YJL009W 4 27
YJL008C 5 416
YJL007C 5 309
YJL006C 3 232
YJL005W 0 0
YJL004C 6 955
YJL003W 6 83
YJL002C 2 252
YJL001W 5 217
YJR001W 9 284
YJR002W 5 102
YJR003C 3 35
YJR004C 1 52
YJR005W 7 530
YJR005C-A 2 31
YJR006W 1 4
YJR007W 0 0
YJR008W 3 31
YJR009C 3 32
YJR010W 1 1
YJR010C-A 1 1
YJR011C 2 28
YJR012C 0 0
YJR013W 3 81
YJR014W 1 45
YJR015W 4 287
YJR016C 2 7
YJR017C 7 68
YJR018W 1 1
YJR019C 3 162
YJR020W 2 6
YJR021C 5 130
YJR022W 2 28
YJR023C 0 0
YJR024C 5 56
YJR025C 0 0
YJR030C 1 12
YJR031C 0 0
YJR032W 3 81
YJR033C 4 81
YJR034W 5 47
YJR035W 2 4
YJR036C 0 0
YJR037W 2 41
YJR038C 0 0
YJR039W 4 41
YJR040W 4 106
YJR041C 2 46
YJR042W 5 76
YJR043C 7 236
YJR044C 7 323
YJR045C 1 2
YJR046W 3 16
YJR047C 2 35
YJR048W 7 25
YJR049C 5 32
YJR050W 5 169
YJR051W 7 361
YJR052W 2 45
YJR053W 2 10
YJR054W 1 10
YJR055W 5 467
YJR056C 0 0
YJR057W 3 10
YJR058C 5 338
YJR059W 3 50
YJR060W 1 24
YJR061W 0 0
YJR062C 11 207
YJR063W 1 142
YJR064W 4 15
YJR065C 3 27
YJR066W 5 32
YJR067C 5 14
YJR068W 5 104
YJR069C 2 117
YJR070C 2 17
YJR071W 0 0
YJR072C 5 51
YJR073C 5 63
YJR074W 16 902
YJR075W 4 37
YJR076C 9 294
YJR077C 8 78
YJR078W 3 13
YJR079W 5 79
YJR080C 3 29
YJR082C 2 69
YJR083C 4 86
YJR084W 9 166
YJR085C 3 31
YJR086W 6 212
YJR087W 2 53
YJR088C 3 80
YJR089W 3 606
YJR090C 0 0
YJR091C 10 303
YJR092W 2 4
YJR093C 3 38
YJR094C 0 0
YJR094W-A 4 33
YJR095W 2 23
YJR096W 7 250
YJR097W 0 0
YJR098C 0 0
YJR099W 4 47
YJR100C 7 451
YJR101W 1 3
YJR102C 2 19
YJR103W 2 54
YJR104C 7 303
YJR105W 6 759
YJR106W 2 45
YJR107W 1 2
YJR108W 3 52
YJR109C 4 41
YJR110W 0 0
YJR111C 1 46
YJR112W 5 216
YJR112W-A 4 32
YJR113C 9 1686
YJR114W 4 105
YJR115W 4 633
YJR116W 0 0
YJR117W 3 297
YJR118C 1 3
YJR119C 6 54
YJR120W 7 388
YJR121W 0 0
YJR122W 2 2
YJR123W 0 0
YJR124C 2 52
YJR125C 2 234
YJR126C 9 132
YJR127C 5 88
YJR128W 2 295
YJR129C 0 0
YJR130C 2 79
YJR131W 0 0
YJR132W 2 55
YJR133W 0 0
YJR134C 4 101
YJR135C 1 34
YJR135W-A 1 28
YJR136C 0 0
YJR137C 5 141
YJR138W 4 315
YJR139C 1 33
YJR140C 3 44
YJR140W-A 3 101
YJR141W 6 236
YJR142W 1 4
YJR143C 5 14
YJR144W 3 9
YJR145C 4 8
YJR146W 5 529
YJR147W 1 8
YJR148W 0 0
YJR149W 11 673
YJR150C 3 40
YJR151C 3 18
YJR151W-A 1 8
YJR152W 2 10
YJR153W 1 15
YJR154W 1 25
YJR155W 2 145
YJR156C 0 0
YJR157W 0 0
YJR158W 0 0
YJR159W 0 0
YJR160C 0 0
YJR161C 3 66
YJR162C 6 60
YKL225W 4 73
YKL224C 0 0
YKL223W 0 0
YKL222C 4 37
YKL221W 5 64
YKL220C 1 26
YKL219W 2 124
YKL218C 1 1
YKL217W 5 136
YKL216W 4 40
YKL215C 1 1
YKL214C 3 164
YKL213C 3 26
YKL212W 0 0
YKL211C 1 3
YKL210W 1 46
YKL209C 4 26
YKL208W 2 22
YKL207W 4 41
YKL206C 1 1
YKL205W 3 175
YKL204W 3 39
YKL203C 0 0
YKL202W 0 0
YKL201C 6 204
YKL198C 4 17
YKL197C 1 6
YKL196C 2 3
YKL195W 9 202
YKL194C 6 54
YKL193C 2 48
YKL192C 7 632
YKL191W 2 2
YKL190W 5 148
YKL189W 1 6
YKL188C 1 3
YKL187C 3 303
YKL186C 15 2881
YKL185W 0 0
YKL184W 0 0
YKL183C-A 1 13
YKL183W 2 21
YKL182W 0 0
YKL181W 2 179
YKL180W 0 0
YKL179C 9 770
YKL178C 1 318
YKL177W 0 0
YKL176C 3 14
YKL175W 5 232
YKL174C 2 57
YKL173W 5 52
YKL172W 1 2
YKL171W 1 1
YKL170W 3 51
YKL169C 0 0
YKL168C 3 203
YKL167C 7 270
YKL166C 2 10
YKL165C-A 9 227
YKL165C 2 22
YKL164C 2 79
YKL163W 2 23
YKL162C-A 1 18
YKL162C 0 0
YKL161C 0 0
YKL160W 2 8
YKL159C 4 58
YKL157W 4 568
YKL156W 8 2126
YKL156C-A 0 0
YKL155C 0 0
YKL154W 4 67
YKL153W 2 302
YKL152C 5 137
YKL151C 6 34
YKL150W 11 1185
YKL149C 3 25
YKL148C 3 54
YKL147C 4 52
YKL146W 7 864
YKL145W 4 673
YKL145W-A 0 0
YKL144C 1 8
YKL143W 4 354
YKL142W 4 48
YKL141W 1 2
YKL140W 2 78
YKL139W 0 0
YKL138C-A 5 218
YKL138C 1 1
YKL137W 2 172
YKL136W 3 74
YKL135C 2 11
YKL134C 3 4
YKL133C 3 10
YKL132C 0 0
YKL131W 1 9
YKL130C 2 43
YKL129C 1 32
YKL128C 4 1206
YKL127W 3 121
YKL126W 0 0
YKL125W 0 0
YKL124W 1 1
YKL123W 1 20
YKL122C 1 2
YKL121W 1 2
YKL120W 1 74
YKL119C 0 0
YKL118W 1 30
YKL117W 7 358
YKL116C 1 4
YKL115C 1 5
YKL114C 2 3029
YKL113C 3 55
YKL112W 0 0
YKL111C 2 9
YKL110C 2 50
YKL109W 4 66
YKL108W 1 2
YKL107W 1 15
YKL106C-A 4 125
YKL106W 0 0
YKL105C 0 0
YKL104C 0 0
YKL103C 2 11
YKL102C 7 230
YKL101W 2 9
YKL100C 8 222
YKL100W-A 0 0
YKL099C 5 65
YKL098W 3 1015
YKL097C 2 53
YKL096C-B 0 0
YKL096W-A 0 0
YKL096W 2 10
YKL095W 2 4
YKL094W 9 251
YKL093W 2 11
YKL092C 1 2
YKL091C 3 39
YKL090W 9 165
YKL089W 3 120
YKL088W 1 12
YKL087C 3 27
YKL086W 6 279
YKL085W 2 3
YKL084W 9 236
YKL083W 3 8
YKL082C 0 0
YKL081W 3 293
YKL080W 1 3
YKL079W 0 0
YKL078W 4 93
YKL077W 2 16
YKL076C 1 10
YKL075C 0 0
YKL074C 6 132
YKL073W 4 141
YKL072W 2 5
YKL071W 0 0
YKL070W 1 2
YKL069W 5 167
YKL068W-A 5 127
YKL068W 0 0
YKL067W 0 0
YKL066W 0 0
YKL065W-A 3 14
YKL065C 4 58
YKL064W 1 79
YKL063C 4 53
YKL062W 0 0
YKL061W 2 17
YKL060C 4 21
YKL059C 2 3
YKL058W 5 11
YKL057C 1 218
YKL056C 3 13
YKL055C 2 36
YKL054C 0 0
YKL053C-A 2 40
YKL053W 3 41
YKL052C 11 429
YKL051W 2 35
YKL050C 1 1
YKL049C 1 1
YKL048C 2 22
YKL047W 2 10
YKL046C 2 86
YKL045W 1 461
YKL044W 1 17
YKL043W 1 8
YKL042W 1 2
YKL041W 0 0
YKL040C 1 7
YKL039W 1 4
YKL038W 1 24
YKL037W 10 428
YKL036C 1 1
YKL035W 2 15
YKL034W 0 0
YKL033W-A 0 0
YKL033W 3 50
YKL032C 0 0
YKL031W 1 1
YKL030W 5 173
YKL029C 2 2
YKL028W 4 189
YKL027W 0 0
YKL026C 8 51
YKL025C 3 31
YKL024C 0 0
YKL023C-A 6 547
YKL023W 17 1628
YKL022C 1 54
YKL021C 0 0
YKL020C 3 33
YKL019W 5 2530
YKL018C-A 3 553
YKL018W 2 97
YKL017C 5 62
YKL016C 0 0
YKL015W 1 20
YKL014C 2 24
YKL013C 1 1
YKL012W 0 0
YKL011C 2 118
YKL010C 2 302
YKL009W 3 53
YKL008C 2 81
YKL007W 8 202
YKL006C-A 2 24
YKL006W 0 0
YKL005C 1 16
YKL004W 3 92
YKL003C 3 95
YKL002W 4 53
YKL001C 5 1606
YKR001C 1 17
YKR002W 0 0
YKR003W 1 24
YKR004C 3 96
YKR005C 2 35
YKR006C 3 44
YKR007W 4 464
YKR008W 3 34
YKR009C 6 15
YKR010C 0 0
YKR011C 0 0
YKR012C 2 1564
YKR013W 2 13
YKR014C 0 0
YKR015C 3 15
YKR016W 2 45
YKR017C 0 0
YKR018C 3 40
YKR019C 2 4
YKR020W 6 91
YKR021W 1 2
YKR022C 0 0
YKR023W 3 110
YKR024C 0 0
YKR025W 3 105
YKR026C 0 0
YKR027W 2 30
YKR028W 2 3
YKR029C 5 35
YKR030W 5 119
YKR031C 2 36
YKR032W 1 4
YKR033C 1 3
YKR034W 1 12
YKR035C 2 14
YKR035W-A 2 2
YKR036C 3 116
YKR037C 3 90
YKR038C 12 1345
YKR039W 3 21
YKR040C 6 98
YKR041W 4 57
YKR042W 0 0
YKR043C 3 89
YKR044W 0 0
YKR045C 0 0
YKR046C 7 151
YKR047W 5 76
YKR048C 1 11
YKR049C 2 11
YKR050W 5 518
YKR051W 0 0
YKR052C 2 376
YKR053C 1 6
YKR054C 2 545
YKR055W 1 6
YKR056W 1 30
YKR057W 5 149
YKR058W 3 162
YKR059W 0 0
YKR060W 1 506
YKR061W 1 32
YKR062W 1 4
YKR063C 4 390
YKR064W 0 0
YKR065C 6 188
YKR066C 13 709
YKR067W 3 36
YKR068C 5 163
YKR069W 1 5
YKR070W 3 16
YKR071C 2 2
YKR072C 3 60
YKR073C 3 46
YKR074W 3 897
YKR075C 4 55
YKR075W-A 2 11
YKR076W 1 11
YKR077W 1 29
YKR078W 6 101
YKR079C 0 0
YKR080W 2 160
YKR081C 4 149
YKR082W 2 9
YKR083C 0 0
YKR084C 1 2
YKR085C 2 39
YKR086W 1 50
YKR087C 3 57
YKR088C 4 175
YKR089C 2 17
YKR090W 0 0
YKR091W 1 15
YKR092C 3 7
YKR093W 2 9
YKR094C 1 14
YKR095W 1 7
YKR095W-A 8 299
YKR096W 1 1
YKR097W 0 0
YKR098C 2 21
YKR099W 0 0
YKR100C 2 47
YKR101W 7 209
YKR102W 1 2
YKR103W 1 1
YKR104W 1 17
YKR105C 1 1
YKR106W 0 0
YLL067C 0 0
YLL067W-A 0 0
YLL066W-B 0 0
YLL066C 0 0
YLL066W-A 0 0
YLL065W 4 173
YLL064C 0 0
YLL063C 6 1499
YLL062C 1 44
YLL061W 9 426
YLL060C 5 59
YLL059C 1 70
YLL058W 2 22
YLL057C 2 16
YLL056C 2 62
YLL055W 2 3
YLL054C 0 0
YLL053C 1 14
YLL052C 5 66
YLL051C 3 52
YLL050C 3 34
YLL049W 11 482
YLL048C 0 0
YLL047W 2 6
YLL046C 0 0
YLL045C 6 1308
YLL044W 0 0
YLL043W 1 20
YLL042C 2 14
YLL041C 5 80
YLL040C 0 0
YLL039C 4 44
YLL038C 5 41
YLL037W 2 2
YLL036C 1 1
YLL035W 1 1
YLL034C 1 41
YLL033W 9 329
YLL032C 0 0
YLL031C 6 106
YLL030C 0 0
YLL029W 1 1
YLL028W 4 44
YLL027W 0 0
YLL026W 4 32
YLL025W 0 0
YLL024C 0 0
YLL023C 4 1072
YLL022C 3 24
YLL021W 1 1
YLL020C 1 3
YLL019C 1 7
YLL019W-A 0 0
YLL018C-A 4 65
YLL018C 2 9
YLL015W 1 1
YLL014W 4 3284
YLL013C 0 0
YLL012W 2 5
YLL011W 2 203
YLL010C 0 0
YLL009C 3 283
YLL008W 1 2
YLL007C 0 0
YLL006W-A 1 1
YLL006W 5 116
YLL005C 1 28
YLL004W 6 192
YLL003W 1 24
YLL002W 4 335
YLL001W 6 151
YLR001C 6 80
YLR002C 2 10
YLR003C 2 256
YLR004C 5 115
YLR005W 5 55
YLR006C 0 0
YLR007W 6 456
YLR008C 1 173
YLR009W 1 10
YLR010C 1 4
YLR011W 0 0
YLR012C 2 19
YLR013W 0 0
YLR014C 3 38
YLR015W 2 29
YLR016C 4 16
YLR017W 3 10
YLR018C 1 2
YLR019W 1 15
YLR020C 6 54
YLR021W 5 336
YLR022C 2 18
YLR023C 2 9
YLR024C 1 2
YLR025W 0 0
YLR026C 1 1
YLR027C 8 385
YLR028C 6 172
YLR029C 1 2
YLR030W 2 23
YLR031W 1 27
YLR032W 5 120
YLR033W 4 103
YLR034C 4 39
YLR035C 5 164
YLR036C 7 571
YLR037C 1 22
YLR038C 8 177
YLR039C 1 4
YLR040C 2 24
YLR041W 0 0
YLR042C 1 1
YLR043C 9 775
YLR044C 3 29
YLR045C 1 407
YLR046C 2 25
YLR047C 1 2
YLR048W 1 1
YLR049C 7 17
YLR050C 2 97
YLR051C 0 0
YLR052W 4 7
YLR053C 2 90
YLR054C 0 0
YLR055C 3 123
YLR056W 1 11
YLR057W 4 82
YLR058C 2 17
YLR059C 6 829
YLR060W 5 75
YLR061W 5 86
YLR062C 0 0
YLR063W 6 231
YLR064W 3 63
YLR065C 1 86
YLR066W 3 39
YLR067C 1 2
YLR068W 2 59
YLR069C 4 31
YLR070C 4 211
YLR071C 3 105
YLR072W 4 216
YLR073C 5 22
YLR074C 4 161
YLR075W 2 102
YLR076C 1 28
YLR077W 5 22
YLR078C 2 26
YLR079W 3 26
YLR080W 0 0
YLR081W 5 452
YLR082C 4 489
YLR083C 0 0
YLR084C 3 12
YLR085C 1 1
YLR086W 3 54
YLR087C 3 14
YLR088W 0 0
YLR089C 1 1
YLR090W 5 52
YLR091W 4 56
YLR092W 6 157
YLR093C 3 23
YLR094C 8 116
YLR095C 10 428
YLR096W 0 0
YLR097C 0 0
YLR098C 5 218
YLR099C 5 110
YLR099W-A 5 39
YLR100W 2 36
YLR101C 4 8
YLR102C 2 8
YLR103C 2 58
YLR104W 5 486
YLR105C 2 17
YLR106C 0 0
YLR107W 1 1
YLR108C 4 21
YLR109W 7 115
YLR110C 1 2
YLR111W 11 521
YLR112W 10 1763
YLR113W 5 632
YLR114C 2 12
YLR115W 3 44
YLR116W 2 6
YLR117C 7 396
YLR118C 4 172
YLR119W 5 178
YLR120C 1 85
YLR120W-A 6 48
YLR121C 7 239
YLR122C 0 0
YLR123C 3 45
YLR124W 0 0
YLR125W 0 0
YLR126C 1 2
YLR127C 0 0
YLR128W 2 20
YLR129W 3 70
YLR130C 1 35
YLR131C 0 0
YLR132C 3 11
YLR133W 2 3
YLR134W 0 0
YLR135W 1 10
YLR136C 8 99
YLR137W 3 116
YLR138W 1 4
YLR139C 6 76
YLR140W 0 0
YLR141W 9 173
YLR142W 5 49
YLR143W 5 11
YLR144C 4 70
YLR145W 6 92
YLR146C 1 1
YLR146W-A 7 136
YLR147C 1 30
YLR148W 2 4
YLR149C 3 46
YLR149C-A 0 0
YLR150W 3 58
YLR151C 7 175
YLR152C 0 0
YLR153C 1 5
YLR154C 5 2539
YLR154W-A 0 0
YLR154W-B 0 0
YLR154W-C 0 0
YLR154W-E 0 0
YLR154W-F 0 0
YLR154C-G 0 0
YLR154C-H 0 0
YLR155C 0 0
YLR156W 0 0
YLR156C-A 0 0
YLR157C 0 0
YLR157W-D 0 0
YLR157W-E 0 0
YLR157C-C 0 0
YLR158C 0 0
YLR159W 0 0
YLR159C-A 0 0
YLR160C 0 0
YLR161W 0 0
YLR162W 2 3
YLR162W-A 0 0
YLR163C 6 70
YLR163W-A 5 46
YLR164W 1 12
YLR165C 5 89
YLR166C 1 2
YLR167W 2 2
YLR168C 2 42
YLR169W 0 0
YLR170C 6 174
YLR171W 2 2
YLR172C 4 64
YLR173W 2 121
YLR174W 9 313
YLR175W 6 118
YLR176C 2 6
YLR177W 2 29
YLR178C 3 29
YLR179C 3 62
YLR180W 1 7
YLR181C 1 44
YLR182W 2 91
YLR183C 0 0
YLR184W 0 0
YLR185W 1 16
YLR186W 2 19
YLR187W 0 0
YLR188W 0 0
YLR189C 2 29
YLR190W 1 9
YLR191W 1 1
YLR192C 3 107
YLR193C 0 0
YLR194C 2 41
YLR195C 2 2
YLR196W 3 33
YLR197W 0 0
YLR198C 1 5
YLR199C 3 90
YLR200W 1 3
YLR201C 4 433
YLR202C 2 34
YLR203C 3 9
YLR204W 9 3491
YLR205C 9 4047
YLR206W 8 140
YLR207W 2 8
YLR208W 2 17
YLR209C 2 145
YLR210W 0 0
YLR211C 2 6
YLR212C 4 59
YLR213C 0 0
YLR214W 5 43
YLR215C 3 6
YLR216C 6 1203
YLR217W 2 76
YLR218C 2 23
YLR219W 2 9
YLR220W 5 325
YLR221C 1 22
YLR222C 6 26
YLR222C-A 1 6
YLR223C 0 0
YLR224W 1 1
YLR225C 0 0
YLR226W 0 0
YLR227C 3 28
YLR228C 1 12
YLR229C 0 0
YLR230W 2 2
YLR231C 2 852
YLR232W 0 0
YLR233C 5 511
YLR234W 4 69
YLR235C 15 4504
YLR236C 2 12
YLR237W 5 431
YLR238W 0 0
YLR239C 5 123
YLR240W 0 0
YLR241W 6 41
YLR242C 0 0
YLR243W 1 1
YLR244C 6 112
YLR245C 7 99
YLR246W 2 8
YLR247C 2 29
YLR248W 4 63
YLR249W 1 18
YLR250W 2 9
YLR251W 1 32
YLR252W 0 0
YLR253W 2 310
YLR254C 3 10
YLR255C 0 0
YLR256W 1 1
YLR257W 2 30
YLR258W 3 6
YLR259C 5 138
YLR260W 1 1
YLR261C 0 0
YLR262C 3 1467
YLR262C-A 2 11
YLR263W 1 3
YLR264W 2 70
YLR264C-A 6 115
YLR265C 7 61
YLR266C 9 1041
YLR267W 0 0
YLR268W 5 206
YLR269C 1 39
YLR270W 0 0
YLR271W 3 199
YLR272C 1 8
YLR273C 0 0
YLR274W 1 17
YLR275W 5 437
YLR276C 0 0
YLR277C 5 66
YLR278C 1 1
YLR279W 7 2822
YLR280C 2 9
YLR281C 10 3838
YLR282C 0 0
YLR283W 4 201
YLR284C 0 0
YLR285W 0 0
YLR285C-A 7 315
YLR286C 0 0
YLR286W-A 2 526
YLR287C 0 0
YLR287C-A 5 10
YLR288C 6 203
YLR289W 3 30
YLR290C 0 0
YLR291C 4 134
YLR292C 3 219
YLR293C 1 7
YLR294C 3 60
YLR295C 5 40
YLR296W 9 189
YLR297W 4 92
YLR298C 8 422
YLR299W 5 18
YLR299C-A 6 372
YLR300W 1 2
YLR301W 2 14
YLR302C 2 3
YLR303W 11 415
YLR304C 5 123
YLR305C 5 82
YLR306W 1 22
YLR307W 0 0
YLR307C-A 1 13
YLR308W 1 28
YLR309C 2 37
YLR310C 1 43
YLR311C 3 211
YLR312C 4 18
YLR312W-A 8 1062
YLR313C 4 25
YLR314C 3 88
YLR315W 4 45
YLR316C 7 525
YLR317W 3 13
YLR318W 6 42
YLR319C 0 0
YLR320W 1 3
YLR321C 7 34
YLR322W 1 25
YLR323C 5 545
YLR324W 2 12
YLR325C 1 1
YLR326W 7 237
YLR327C 2 6
YLR328W 2 3
YLR329W 0 0
YLR330W 4 55
YLR331C 0 0
YLR332W 1 3
YLR333C 4 822
YLR334C 6 72
YLR335W 3 44
YLR336C 1 55
YLR337C 0 0
YLR338W 5 76
YLR339C 0 0
YLR340W 0 0
YLR341W 2 9
YLR342W 1 1
YLR342W-A 1 6
YLR343W 0 0
YLR344W 2 29
YLR345W 3 9
YLR346C 1 1
YLR347C 0 0
YLR347W-A 1 2
YLR348C 7 227
YLR349W 4 38
YLR350W 1 8051
YLR351C 5 134
YLR352W 4 696
YLR353W 1 5
YLR354C 7 777
YLR355C 3 66
YLR356W 3 189
YLR357W 8 229
YLR358C 5 43
YLR359W 1 1
YLR360W 0 0
YLR361C 2 159
YLR361C-A 3 21
YLR362W 5 74
YLR363C 0 0
YLR363W-A 0 0
YLR364W 1 7
YLR365W 4 480
YLR364C-A 8 214
YLR366W 1 7
YLR367W 9 237
YLR368W 2 39
YLR369W 1 3
YLR370C 4 236
YLR371W 1 50
YLR372W 0 0
YLR373C 7 859
YLR374C 1 4
YLR375W 5 195
YLR376C 7 504
YLR377C 3 8
YLR378C 0 0
YLR379W 1 12
YLR380W 4 142
YLR381W 2 9
YLR382C 0 0
YLR383W 1 2
YLR384C 8 85
YLR385C 1 73
YLR386W 5 195
YLR387C 0 0
YLR388W 2 20
YLR389C 4 21
YLR390W 4 105
YLR390W-A 8 89
YLR392C 2 89
YLR393W 3 125
YLR394W 0 0
YLR395C 3 884
YLR396C 2 16
YLR397C 6 225
YLR398C 4 115
YLR399C 5 103
YLR399W-A 0 0
YLR400W 0 0
YLR401C 3 72
YLR402W 2 4
YLR403W 0 0
YLR404W 2 36
YLR405W 7 1165
YLR406C 2 14
YLR406C-A 6 2684
YLR407W 3 180
YLR408C 7 1373
YLR409C 3 18
YLR410W 3 58
YLR411W 4 61
YLR412W 6 593
YLR412C-A 0 0
YLR413W 1 75
YLR414C 4 218
YLR415C 5 29
YLR416C 7 76
YLR417W 5 72
YLR418C 0 0
YLR419W 0 0
YLR420W 5 113
YLR421C 5 101
YLR422W 1 22
YLR423C 0 0
YLR424W 2 160
YLR425W 3 3
YLR426W 2 15
YLR427W 1 9
YLR428C 6 88
YLR429W 6 128
YLR430W 0 0
YLR431C 3 612
YLR432W 1 5
YLR433C 0 0
YLR434C 0 0
YLR435W 0 0
YLR436C 5 137
YLR437C 4 100
YLR437C-A 3 22
YLR438W 7 372
YLR438C-A 3 30
YLR439W 0 0
YLR440C 2 175
YLR441C 1 1
YLR442C 4 69
YLR443W 1 17
YLR444C 1 2
YLR445W 3 36
YLR446W 5 1316
YLR447C 3 183
YLR448W 0 0
YLR449W 1 24
YLR450W 2 18
YLR451W 1 1
YLR452C 3 56
YLR453C 8 437
YLR454W 4 391
YLR455W 0 0
YLR456W 5 144
YLR457C 8 369
YLR458W 5 132
YLR459W 6 109
YLR460C 3 259
YLR461W 0 0
YLR462W 0 0
YLR463C 0 0
YLR464W 0 0
YLR465C 0 0
YLR466W 0 0
YLR466C-A 0 0
YLR466C-B 0 0
YLR467W 0 0
YLR467C-A 0 0
YML133C 0 0
YML133W-B 0 0
YML133W-A 0 0
YML132W 0 0
YML131W 3 54
YML130C 4 29
YML129C 7 429
YML128C 2 28
YML127W 4 362
YML126C 10 625
YML125C 1 2
YML124C 1 2
YML123C 3 84
YML122C 6 31
YML121W 2 18
YML120C 10 621
YML119W 0 0
YML118W 0 0
YML117W 2 38
YML116W-A 0 0
YML116W 0 0
YML115C 1 29
YML114C 3 41
YML113W 5 52
YML112W 0 0
YML111W 0 0
YML110C 8 201
YML109W 2 7
YML108W 3 259
YML107C 4 169
YML106W 0 0
YML105C 4 201
YML104C 1 4
YML103C 5 304
YML102W 4 7
YML101C-A 13 518
YML101C 9 272
YML100W-A 6 464
YML100W 4 220
YML099W-A 3 73
YML099C 8 347
YML098W 1 1
YML097C 3 370
YML096W 3 190
YML095C 0 0
YML094C-A 0 0
YML094W 2 13
YML093W 7 806
YML092C 0 0
YML091C 0 0
YML090W 4 89
YML089C 5 731
YML088W 7 479
YML087C 6 1202
YML086C 1 1
YML085C 1 6
YML084W 1 6
YML083C 2 17
YML082W 6 224
YML081C-A 2 86
YML081W 0 0
YML080W 1 7
YML079W 4 66
YML078W 2 267
YML077W 3 831
YML076C 7 979
YML075C 1 1
YML074C 4 5195
YML073C 3 18
YML072C 4 124
YML071C 3 16
YML070W 3 21
YML069W 2 125
YML068W 2 40
YML067C 2 103
YML066C 0 0
YML065W 1 3
YML064C 0 0
YML063W 3 144
YML062C 0 0
YML061C 0 0
YML060W 0 0
YML059C 1 10
YML058W-A 4 280
YML058W 15 2201
YML057C-A 1 14
YML057W 1 17
YML056C 0 0
YML055W 5 62
YML054C 5 48
YML054C-A 7 1725
YML053C 3 55
YML052W 6 75
YML051W 10 389
YML050W 7 59
YML049C 4 16
YML048W 3 12
YML047W-A 0 0
YML047C 0 0
YML046W 0 0
YML043C 2 30
YML042W 8 115
YML041C 5 88
YML038C 3 63
YML037C 2 7
YML036W 3 21
YML035C 0 0
YML034C-A 3 70
YML034W 0 0
YML032C 0 0
YML031C-A 0 0
YML031W 0 0
YML030W 1 1
YML029W 4 21
YML028W 8 553
YML027W 4 100
YML026C 1 13
YML025C 10 1119
YML024W 2 39
YML023C 3 41
YML022W 1 6
YML021C 13 8801
YML020W 2 12
YML019W 1 1
YML018C 2 3
YML017W 1 10
YML016C 1 8
YML015C 6 328
YML014W 5 454
YML013W 6 834
YML012C-A 8 572
YML012W 9 850
YML011C 7 446
YML010W 7 162
YML009W-B 0 0
YML009C-A 8 183
YML009C 15 19541
YML008C 0 0
YML007C-A 5 421
YML007W 5 30
YML006C 0 0
YML005W 4 214
YML004C 6 1390
YML003W 3 25
YML002W 1 166
YML001W 3 69
YMR001C 0 0
YMR001C-A 14 282
YMR002W 4 335
YMR003W 7 407
YMR004W 4 902
YMR005W 4 16
YMR006C 0 0
YMR007W 3 216
YMR008C 0 0
YMR009W 2 34
YMR010W 2 41
YMR011W 0 0
YMR012W 1 3
YMR013C 2 492
YMR013C-A 1 2
YMR013W-A 2 14
YMR014W 5 60
YMR015C 3 370
YMR016C 1 5
YMR017W 2 20
YMR018W 3 39
YMR019W 5 124
YMR020W 1 24
YMR021C 5 543
YMR022W 3 114
YMR023C 3 43
YMR024W 2 4
YMR025W 2 7
YMR026C 1 1
YMR027W 1 24
YMR028W 1 44
YMR029C 4 666
YMR030W 2 596
YMR031C 1 14
YMR031W-A 1 10
YMR032W 1 2
YMR030W-A 2 10
YMR033W 0 0
YMR034C 1 17
YMR035W 3 12
YMR036C 1 23
YMR037C 3 75
YMR038C 0 0
YMR039C 5 221
YMR040W 2 97
YMR041C 7 251
YMR042W 3 40
YMR043W 5 204
YMR044W 3 105
YMR046W-A 0 0
YMR047C 3 58
YMR048W 5 171
YMR049C 8 487
YMR052W 1 278
YMR052C-A 2 9
YMR053C 2 19
YMR054W 1 8
YMR055C 2 10
YMR056C 5 182
YMR057C 2 74
YMR058W 2 74
YMR059W 2 19
YMR060C 5 359
YMR061W 3 68
YMR062C 2 4
YMR063W 8 4216
YMR064W 6 602
YMR065W 5 45
YMR066W 9 151
YMR067C 3 10
YMR068W 5 130
YMR069W 5 815
YMR070W 0 0
YMR071C 4 46
YMR072W 9 165
YMR073C 4 68
YMR074C 4 82
YMR075W 5 61
YMR075C-A 5 139
YMR076C 0 0
YMR077C 1 76
YMR078C 5 399
YMR079W 4 54
YMR080C 0 0
YMR081C 1 1
YMR082C 2 11
YMR083W 6 58
YMR084W 3 75
YMR085W 1 60
YMR086W 5 158
YMR086C-A 5 156
YMR087W 4 147
YMR088C 0 0
YMR089C 0 0
YMR090W 0 0
YMR091C 1 12
YMR092C 3 43
YMR093W 3 19
YMR094W 2 150
YMR095C 2 5
YMR096W 3 7
YMR097C 2 5
YMR098C 1 11
YMR099C 5 330
YMR100W 2 66
YMR101C 0 0
YMR102C 3 75
YMR103C 11 1592
YMR104C 2 32
YMR105C 1 8
YMR105W-A 7 371
YMR106C 3 4
YMR107W 4 77
YMR108W 0 0
YMR109W 4 90
YMR110C 8 1871
YMR111C 2 29
YMR112C 3 77
YMR113W 0 0
YMR114C 3 39
YMR115W 2 95
YMR116C 4 37
YMR117C 4 867
YMR118C 0 0
YMR119W 0 0
YMR119W-A 2 37
YMR120C 3 172
YMR121C 4 47
YMR122C 6 51
YMR122W-A 2 121
YMR123W 7 159
YMR124W 3 13
YMR125W 0 0
YMR126C 0 0
YMR127C 0 0
YMR128W 2 418
YMR129W 2 22
YMR130W 1 4
YMR131C 1 32
YMR132C 1 220
YMR133W 1 2
YMR134W 1 8
YMR135C 10 531
YMR135W-A 2 2
YMR136W 7 123
YMR137C 4 93
YMR138W 6 104
YMR139W 6 113
YMR140W 1 1
YMR141C 5 143
YMR142C 0 0
YMR141W-A 0 0
YMR143W 1 4
YMR144W 0 0
YMR145C 3 68
YMR146C 5 121
YMR147W 3 153
YMR148W 0 0
YMR149W 7 1107
YMR150C 1 2
YMR151W 4 16
YMR152W 1 13
YMR153W 4 68
YMR153C-A 0 0
YMR154C 5 108
YMR155W 7 413
YMR156C 1 4
YMR157C 5 316
YMR158W 3 141
YMR158C-A 1 8
YMR158W-B 5 524
YMR159C 4 215
YMR160W 1 111
YMR161W 6 142
YMR162C 2 23
YMR163C 2 6
YMR164C 3 10
YMR165C 3 170
YMR166C 2 127
YMR167W 7 123
YMR168C 7 23
YMR169C 0 0
YMR170C 3 61
YMR171C 1 85
YMR172W 1 2
YMR172C-A 0 0
YMR173W 2 15
YMR173W-A 0 0
YMR174C 4 38
YMR175W 5 509
YMR175W-A 1 9
YMR176W 3 28
YMR177W 3 14
YMR178W 7 141
YMR179W 1 27
YMR180C 6 74
YMR181C 1 23
YMR182C 1 12
YMR182W-A 6 229
YMR183C 0 0
YMR184W 3 62
YMR185W 3 207
YMR186W 2 37
YMR187C 5 1379
YMR188C 1 66
YMR189W 9 185
YMR190C 4 11
YMR191W 5 248
YMR192W 3 6
YMR193W 1 4
YMR193C-A 0 0
YMR194W 6 85
YMR194C-B 5 190
YMR194C-A 8 2864
YMR195W 5 54
YMR196W 1 4
YMR197C 4 227
YMR198W 1 8
YMR199W 1 84
YMR200W 1 47
YMR201C 5 151
YMR202W 5 199
YMR203W 1 9
YMR204C 1 2
YMR205C 2 3
YMR206W 9 274
YMR207C 3 35
YMR208W 1 1
YMR209C 2 37
YMR210W 6 83
YMR211W 0 0
YMR212C 0 0
YMR213W 5 224
YMR214W 10 290
YMR215W 1 40
YMR216C 7 307
YMR217W 3 43
YMR218C 4 49
YMR219W 6 103
YMR220W 1 360
YMR221C 5 305
YMR222C 2 26
YMR223W 1 1
YMR224C 5 47
YMR225C 10 523
YMR226C 2 66
YMR227C 1 6
YMR228W 2 22
YMR229C 2 21
YMR230W 8 123
YMR230W-A 1 2
YMR231W 5 118
YMR232W 1 1
YMR233W 2 5
YMR234W 2 15
YMR235C 0 0
YMR236W 5 112
YMR237W 2 105
YMR238W 2 35
YMR239C 3 193
YMR240C 5 120
YMR241W 5 46
YMR242C 0 0
YMR242W-A 0 0
YMR243C 0 0
YMR244W 0 0
YMR244C-A 12 2492
YMR245W 0 0
YMR246W 8 116
YMR247C 3 275
YMR247W-A 0 0
YMR250W 1 5
YMR251W 1 76
YMR251W-A 0 0
YMR252C 6 166
YMR253C 6 84
YMR254C 0 0
YMR255W 5 68
YMR256C 3 81
YMR257C 2 56
YMR258C 2 85
YMR259C 4 79
YMR260C 2 13
YMR261C 2 8
YMR262W 4 40
YMR263W 4 737
YMR264W 4 20
YMR265C 7 504
YMR266W 3 46
YMR267W 0 0
YMR268C 1 8
YMR269W 2 93
YMR270C 1 1
YMR271C 1 5
YMR272C 3 259
YMR272W-A 0 0
YMR272W-B 3 76
YMR273C 0 0
YMR274C 2 2
YMR275C 1 6
YMR276W 3 169
YMR277W 1 5
YMR278W 2 14
YMR279C 3 29
YMR280C 2 2
YMR281W 0 0
YMR282C 2 7
YMR283C 6 90
YMR284W 3 91
YMR285C 4 35
YMR286W 5 80
YMR287C 2 71
YMR288W 1 1
YMR289W 2 120
YMR290C 4 282
YMR290W-A 0 0
YMR291W 2 291
YMR292W 8 139
YMR293C 2 86
YMR294W 0 0
YMR294W-A 5 364
YMR295C 1 29
YMR296C 1 10
YMR297W 0 0
YMR298W 1 11
YMR299C 1 126
YMR300C 1 1
YMR301C 1 7
YMR302C 5 48
YMR303C 3 42
YMR304W 2 41
YMR304C-A 1 11
YMR305C 0 0
YMR306W 2 9
YMR306C-A 2 29
YMR307W 0 0
YMR307C-A 2 3
YMR308C 1 20
YMR309C 0 0
YMR310C 6 102
YMR311C 4 35
YMR312W 3 10
YMR313C 7 112
YMR314W 4 100
YMR315W 3 21
YMR315W-A 3 250
YMR316W 1 1
YMR316C-A 4 350
YMR316C-B 0 0
YMR317W 0 0
YMR318C 4 276
YMR319C 0 0
YMR320W 2 2
YMR321C 0 0
YMR322C 0 0
YMR323W 0 0
YMR324C 2 4
YMR325W 0 0
YMR326C 10 1077
YNL339C 0 0
YNL339W-B 0 0
YNL339W-A 0 0
YNL338W 0 0
YNL337W 8 1653
YNL336W 0 0
YNL335W 1 10
YNL334C 3 41
YNL333W 0 0
YNL332W 0 0
YNL331C 0 0
YNL330C 1 12
YNL329C 5 2698
YNL328C 14 349
YNL327W 0 0
YNL326C 8 190
YNL325C 4 129
YNL324W 1 12
YNL323W 0 0
YNL322C 6 217
YNL321W 4 7
YNL320W 0 0
YNL319W 0 0
YNL318C 0 0
YNL317W 6 404
YNL316C 2 23
YNL315C 2 881
YNL314W 1 10
YNL313C 0 0
YNL312W 0 0
YNL311C 11 522
YNL310C 4 6
YNL309W 6 402
YNL308C 0 0
YNL307C 1 1
YNL306W 1 1
YNL305C 2 33
YNL304W 8 699
YNL303W 2 57
YNL302C 1 1
YNL301C 3 34
YNL300W 1 4
YNL299W 0 0
YNL298W 1 264
YNL297C 7 152
YNL296W 1 31
YNL295W 2 42
YNL294C 3 1289
YNL293W 6 272
YNL292W 7 100
YNL291C 1 1
YNL290W 8 109
YNL289W 0 0
YNL288W 5 153
YNL287W 0 0
YNL286W 1 2
YNL285W 5 154
YNL284C 1 21
YNL283C 0 0
YNL282W 7 1277
YNL281W 1 1
YNL280C 2 11
YNL279W 3 78
YNL278W 2 36
YNL277W-A 6 171
YNL277W 0 0
YNL276C 2 29
YNL275W 4 28
YNL274C 0 0
YNL273W 1 7
YNL272C 1 25
YNL271C 0 0
YNL270C 6 33
YNL269W 2 3
YNL268W 5 38
YNL267W 2 10
YNL266W 0 0
YNL265C 7 321
YNL264C 2 2
YNL263C 3 14
YNL262W 4 159
YNL261W 3 224
YNL260C 4 39
YNL259C 1 7
YNL258C 1 3
YNL257C 0 0
YNL256W 0 0
YNL255C 8 95
YNL254C 8 120
YNL253W 6 311
YNL252C 3 27
YNL251C 3 196
YNL250W 8 2374
YNL249C 2 4
YNL248C 6 65
YNL247W 2 10
YNL246W 3 79
YNL245C 6 4733
YNL244C 1 39
YNL243W 8 170
YNL242W 1 66
YNL241C 3 26
YNL240C 4 20
YNL239W 5 163
YNL238W 0 0
YNL237W 4 33
YNL236W 4 136
YNL235C 2 23
YNL234W 7 57
YNL233W 2 55
YNL232W 0 0
YNL231C 0 0
YNL230C 0 0
YNL229C 2 94
YNL228W 9 2316
YNL227C 0 0
YNL226W 1 19
YNL225C 7 389
YNL224C 1 1
YNL223W 5 1240
YNL222W 4 29
YNL221C 3 72
YNL220W 5 9
YNL219C 2 3
YNL218W 4 89
YNL217W 4 335
YNL216W 4 154
YNL215W 2 267
YNL214W 1 5
YNL213C 5 94
YNL212W 1 1
YNL211C 2 10
YNL210W 2 8
YNL209W 7 266
YNL208W 3 45
YNL207W 3 25
YNL206C 1 20
YNL205C 0 0
YNL204C 1 2
YNL203C 2 3
YNL202W 1 50
YNL201C 0 0
YNL200C 0 0
YNL199C 0 0
YNL198C 0 0
YNL197C 0 0
YNL196C 2 16
YNL195C 0 0
YNL194C 2 25
YNL193W 5 310
YNL192W 5 50
YNL191W 3 10
YNL190W 0 0
YNL189W 0 0
YNL188W 0 0
YNL187W 1 20
YNL186W 0 0
YNL185C 0 0
YNL184C 2 8
YNL183C 1 5
YNL182C 4 38
YNL181W 1 3
YNL180C 2 5
YNL179C 8 487
YNL178W 3 18
YNL177C 5 49
YNL176C 1 1
YNL175C 7 310
YNL174W 2 18
YNL173C 0 0
YNL172W 0 0
YNL171C 0 0
YNL170W 2 13
YNL169C 1 29
YNL168C 1 7
YNL167C 0 0
YNL166C 2 69
YNL165W 1 3
YNL164C 2 12
YNL163C 1 43
YNL162W-A 0 0
YNL162W 5 1108
YNL161W 6 546
YNL160W 1 25
YNL159C 2 31
YNL158W 6 129
YNL157W 4 17
YNL156C 4 19
YNL155W 1 10
YNL154C 2 13
YNL153C 11 313
YNL152W 5 75
YNL151C 6 235
YNL150W 3 39
YNL149C 7 560
YNL148C 5 94
YNL147W 2 46
YNL146C-A 3 22
YNL146W 0 0
YNL145W 1 5
YNL144C 4 74
YNL144W-A 0 0
YNL143C 2 20
YNL142W 2 9
YNL141W 1 1
YNL140C 1 7
YNL139C 1 1
YNL138W-A 6 30
YNL138W 2 66
YNL137C 1 3
YNL136W 4 51
YNL135C 3 91
YNL134C 3 43
YNL133C 7 90
YNL132W 1 3
YNL131W 1 1
YNL130C 4 267
YNL130C-A 1 4
YNL129W 1 4
YNL128W 0 0
YNL127W 1 1
YNL126W 1 54
YNL125C 3 25
YNL124W 3 19
YNL123W 9 381
YNL122C 6 873
YNL121C 4 26
YNL120C 0 0
YNL119W 2 198
YNL118C 0 0
YNL117W 3 16
YNL116W 5 271
YNL115C 6 62
YNL114C 0 0
YNL113W 1 189
YNL112W 2 26
YNL111C 0 0
YNL110C 3 107
YNL109W 1 9
YNL108C 1 2
YNL107W 8 514
YNL106C 1 1
YNL105W 2 58
YNL104C 7 1968
YNL103W-A 1 4
YNL103W 4 244
YNL102W 1 7
YNL101W 2 4
YNL100W 5 42
YNL099C 4 287
YNL098C 1 15
YNL097C-B 6 179
YNL097C 2 34
YNL097W-A 1 12
YNL096C 3 37
YNL095C 1 10
YNL094W 0 0
YNL093W 0 0
YNL092W 5 67
YNL091W 0 0
YNL090W 1 1
YNL089C 0 0
YNL088W 3 9
YNL087W 0 0
YNL086W 1 4
YNL085W 0 0
YNL084C 1 113
YNL083W 0 0
YNL082W 5 27
YNL081C 7 245
YNL080C 0 0
YNL079C 12 347
YNL078W 3 6
YNL077W 0 0
YNL076W 0 0
YNL075W 0 0
YNL074C 8 485
YNL073W 7 434
YNL072W 3 178
YNL071W 3 311
YNL070W 4 329
YNL069C 0 0
YNL068C 3 27
YNL067W-A 3 46
YNL067W-B 7 364
YNL067W 8 153
YNL066W 2 795
YNL065W 1 1
YNL064C 0 0
YNL063W 7 300
YNL062C 1 1
YNL061W 3 73
YNL059C 2 5
YNL058C 2 2346
YNL057W 3 35
YNL056W 7 114
YNL055C 9 937
YNL054W 2 52
YNL053W 0 0
YNL052W 8 597
YNL051W 2 648
YNL050C 2 17
YNL049C 3 6
YNL048W 4 164
YNL047C 4 165
YNL046W 1 3
YNL045W 10 288
YNL044W 1 5
YNL043C 1 30
YNL042W-B 2 5
YNL042W 0 0
YNL041C 2 3
YNL040W 2 3
YNL039W 2 160
YNL038W 7 321
YNL037C 4 28
YNL036W 4 79
YNL035C 10 942
YNL034W 0 0
YNL033W 0 0
YNL032W 1 10
YNL031C 4 153
YNL030W 2 14
YNL029C 5 56
YNL028W 1 82
YNL027W 0 0
YNL026W 4 594
YNL025C 4 126
YNL024C-A 2 57
YNL024C 0 0
YNL023C 1 22
YNL022C 1 9
YNL021W 1 61
YNL020C 0 0
YNL019C 0 0
YNL018C 0 0
YNL017C 6 96
YNL016W 1 1
YNL015W 0 0
YNL014W 1 91
YNL013C 0 0
YNL012W 1 155
YNL011C 4 23
YNL010W 3 130
YNL009W 3 49
YNL008C 6 243
YNL007C 0 0
YNL006W 1 14
YNL005C 1 3
YNL004W 4 111
YNL003C 6 381
YNL002C 2 119
YNL001W 1 3
YNR001C 2 3
YNR001W-A 3 9
YNR002C 4 60
YNR003C 2 17
YNR003W-A 8 1482
YNR004W 3 53
YNR005C 1 19
YNR006W 4 122
YNR007C 2 168
YNR008W 3 65
YNR009W 2 46
YNR010W 1 21
YNR011C 8 532
YNR012W 5 29
YNR013C 2 18
YNR014W 17 10055
YNR015W 6 147
YNR016C 1 83
YNR017W 2 13
YNR018W 8 569
YNR019W 4 23
YNR020C 1 457
YNR021W 1 2
YNR022C 3 163
YNR023W 1 19
YNR024W 0 0
YNR025C 0 0
YNR026C 5 88
YNR027W 3 34
YNR028W 1 64
YNR029C 4 82
YNR030W 2 45
YNR031C 0 0
YNR032W 0 0
YNR032C-A 5 47
YNR033W 6 60
YNR034W 1 2
YNR034W-A 5 128
YNR035C 7 590
YNR036C 3 65
YNR037C 7 189
YNR038W 3 523
YNR039C 1 46
YNR040W 4 20
YNR041C 0 0
YNR042W 0 0
YNR043W 0 0
YNR044W 1 6
YNR045W 0 0
YNR046W 3 21
YNR047W 5 36
YNR048W 2 28
YNR049C 4 178
YNR050C 2 65
YNR051C 0 0
YNR052C 0 0
YNR053C 3 94
YNR054C 7 391
YNR055C 0 0
YNR056C 2 60
YNR057C 1 12
YNR058W 6 491
YNR059W 2 108
YNR060W 1 36
YNR061C 3 40
YNR062C 5 141
YNR063W 0 0
YNR064C 3 371
YNR065C 3 31
YNR066C 4 394
YNR067C 1 4
YNR068C 2 28
YNR069C 1 5
YNR070W 1 18
YNR071C 1 3
YNR072W 0 0
YNR073C 1 14
YNR074C 1 12
YNR075W 4 54
YNR075C-A 4 82
YNR076W 0 0
YNR077C 7 418
YOL166W-A 3 7
YOL166C 2 32
YOL165C 0 0
YOL164W-A 1 3
YOL164W 2 48
YOL163W 4 144
YOL162W 2 53
YOL161C 0 0
YOL160W 0 0
YOL159C-A 2 41
YOL159C 5 69
YOL158C 5 72
YOL157C 1 6
YOL156W 0 0
YOL155W-A 0 0
YOL155C 1 1
YOL154W 4 10
YOL152W 3 45
YOL151W 3 12
YOL150C 4 29
YOL149W 2 79
YOL148C 2 10
YOL147C 0 0
YOL146W 2 29
YOL145C 4 304
YOL144W 5 41
YOL143C 2 16
YOL142W 7 151
YOL141W 3 15
YOL140W 7 234
YOL139C 3 136
YOL138C 1 116
YOL137W 2 4
YOL136C 0 0
YOL135C 4 726
YOL134C 2 21
YOL133W 7 239
YOL132W 1 1
YOL131W 1 9
YOL130W 0 0
YOL129W 8 228
YOL128C 6 236
YOL127W 0 0
YOL126C 8 322
YOL125W 8 395
YOL124C 9 3059
YOL123W 0 0
YOL122C 0 0
YOL121C 4 228
YOL120C 0 0
YOL119C 1 2
YOL118C 4 127
YOL117W 5 104
YOL116W 1 9
YOL115W 3 6
YOL114C 8 128
YOL113W 0 0
YOL112W 2 10
YOL111C 5 150
YOL110W 5 276
YOL109W 1 1
YOL108C 8 686
YOL107W 6 428
YOL106W 2 29
YOL105C 0 0
YOL104C 6 300
YOL103W 0 0
YOL102C 3 18
YOL101C 4 1788
YOL100W 0 0
YOL099C 4 31
YOL098C 1 19
YOL097W-A 4 130
YOL097C 2 78
YOL096C 1 2
YOL095C 1 9
YOL094C 1 52
YOL093W 2 75
YOL092W 3 74
YOL091W 2 21
YOL090W 1 12
YOL089C 0 0
YOL088C 2 165
YOL087C 0 0
YOL086W-A 7 61
YOL086C 6 133
YOL085W-A 2 56
YOL085C 3 159
YOL084W 1 6
YOL083W 1 56
YOL083C-A 1 2
YOL082W 1 16
YOL081W 2 254
YOL080C 2 6
YOL079W 1 84
YOL078W 3 18
YOL077W-A 6 254
YOL077C 2 65
YOL076W 1 1
YOL075C 3 427
YOL073C 4 759
YOL072W 3 599
YOL071W 3 267
YOL070C 6 252
YOL069W 2 6
YOL068C 4 2571
YOL067C 7 212
YOL066C 0 0
YOL065C 5 127
YOL064C 5 337
YOL063C 1 49
YOL062C 9 3083
YOL061W 4 7
YOL060C 0 0
YOL059W 2 82
YOL058W 6 490
YOL057W 6 112
YOL056W 0 0
YOL055C 1 25
YOL054W 2 82
YOL053W 1 5
YOL052C-A 0 0
YOL052C 2 10
YOL051W 0 0
YOL050C 1 1
YOL049W 10 1035
YOL048C 2 21
YOL047C 2 23
YOL046C 0 0
YOL045W 1 7
YOL044W 2 22
YOL043C 2 14
YOL042W 1 43
YOL041C 2 582
YOL040C 2 68
YOL039W 4 68
YOL038C-A 0 0
YOL038W 2 19
YOL037C 2 4
YOL036W 1 5
YOL035C 2 9
YOL034W 6 274
YOL033W 2 8
YOL032W 0 0
YOL031C 2 59
YOL030W 2 6
YOL029C 3 13
YOL028C 3 131
YOL027C 3 80
YOL026C 7 86
YOL025W 2 134
YOL024W 2 17
YOL023W 1 43
YOL022C 3 7
YOL021C 6 131
YOL020W 4 25
YOL019W-A 7 142
YOL019W 2 9
YOL018C 3 17
YOL017W 0 0
YOL016C 2 41
YOL015W 0 0
YOL014W 0 0
YOL013W-B 0 0
YOL013W-A 1 10
YOL013C 0 0
YOL012C 2 14
YOL011W 3 47
YOL010W 1 1
YOL009C 4 41
YOL008W 3 118
YOL007C 0 0
YOL006C 0 0
YOL005C 8 189
YOL004W 0 0
YOL003C 10 1588
YOL002C 3 74
YOL001W 3 80
YOR001W 8 123
YOR002W 2 105
YOR003W 1 13
YOR004W 5 93
YOR005C 4 100
YOR006C 4 25
YOR007C 3 378
YOR008C 0 0
YOR008C-A 1 2
YOR008W-B 5 88
YOR009W 0 0
YOR010C 0 0
YOR011W 2 8
YOR011W-A 0 0
YOR012W 1 4
YOR013W 0 0
YOR014W 2 51
YOR015W 0 0
YOR016C 3 22
YOR017W 4 18
YOR018W 0 0
YOR019W 0 0
YOR020C 4 61
YOR020W-A 2 18
YOR021C 2 9
YOR022C 2 4
YOR023C 6 93
YOR024W 10 162
YOR025W 2 95
YOR026W 7 66
YOR027W 3 102
YOR028C 0 0
YOR029W 3 9
YOR030W 0 0
YOR031W 4 32
YOR032C 4 53
YOR032W-A 8 342
YOR033C 3 51
YOR034C 0 0
YOR034C-A 2 101
YOR035C 1 2
YOR036W 5 20
YOR037W 4 28
YOR038C 6 61
YOR039W 2 3
YOR040W 1 21
YOR041C 4 59
YOR042W 4 110
YOR043W 1 66
YOR044W 1 1
YOR045W 5 210
YOR046C 0 0
YOR047C 0 0
YOR048C 0 0
YOR049C 0 0
YOR050C 3 177
YOR051C 3 168
YOR052C 2 14
YOR053W 1 25
YOR054C 3 199
YOR055W 2 42
YOR056C 1 1
YOR057W 1 2
YOR058C 1 3
YOR059C 3 732
YOR060C 7 91
YOR061W 1 24
YOR062C 2 160
YOR063W 6 477
YOR064C 13 834
YOR065W 1 1
YOR066W 3 104
YOR067C 3 55
YOR069W 1 2
YOR068C 2 30
YOR070C 2 35
YOR071C 2 16
YOR072W 2 55
YOR072W-A 7 172
YOR072W-B 2 39
YOR073W 3 117
YOR074C 1 1
YOR073W-A 2 3
YOR075W 8 465
YOR076C 7 90
YOR077W 4 308
YOR078W 3 56
YOR079C 3 33
YOR080W 2 37
YOR081C 2 23
YOR082C 5 71
YOR083W 2 26
YOR084W 8 588
YOR085W 1 1
YOR086C 2 7
YOR087W 2 28
YOR089C 1 3
YOR090C 1 28
YOR091W 0 0
YOR092W 0 0
YOR093C 1 1
YOR094W 0 0
YOR095C 10 64
YOR096W 0 0
YOR097C 2 123
YOR098C 4 220
YOR099W 0 0
YOR100C 2 25
YOR101W 2 8
YOR102W 7 659
YOR103C 4 44
YOR104W 2 20
YOR105W 0 0
YOR106W 1 27
YOR107W 0 0
YOR108W 1 1
YOR108C-A 1 3
YOR109W 1 1
YOR110W 1 14
YOR111W 3 14
YOR112W 1 67
YOR113W 1 17
YOR114W 3 15
YOR115C 3 108
YOR116C 0 0
YOR117W 0 0
YOR118W 1 28
YOR119C 4 85
YOR120W 2 52
YOR121C 2 19
YOR122C 4 489
YOR123C 2 43
YOR124C 0 0
YOR125C 0 0
YOR126C 10 218
YOR127W 2 2
YOR128C 0 0
YOR129C 0 0
YOR130C 1 28
YOR131C 2 5
YOR132W 0 0
YOR133W 5 512
YOR134W 2 5
YOR135C 1 45
YOR136W 3 48
YOR137C 1 14
YOR138C 3 349
YOR139C 0 0
YOR140W 0 0
YOR141C 4 80
YOR142W 4 71
YOR143C 1 1
YOR144C 1 4
YOR145C 1 2
YOR146W 0 0
YOR147W 3 85
YOR148C 9 1313
YOR149C 1 22
YOR150W 2 12
YOR151C 0 0
YOR152C 0 0
YOR153W 3 32
YOR154W 1 12
YOR155C 2 109
YOR156C 0 0
YOR157C 4 79
YOR158W 4 56
YOR159C 5 98
YOR160W 0 0
YOR161C 4 9537
YOR161W-A 1 2
YOR161W-B 3 35
YOR161C-C 9 454
YOR162C 3 480
YOR163W 7 469
YOR164C 3 64
YOR165W 5 138
YOR166C 6 64
YOR167C 3 10
YOR168W 4 253
YOR169C 1 4
YOR170W 1 20
YOR171C 1 24
YOR172W 9 212
YOR173W 3 174
YOR174W 3 15
YOR175C 3 38
YOR176W 2 6
YOR177C 3 6
YOR178C 6 118
YOR179C 2 7
YOR180C 0 0
YOR181W 3 26
YOR182C 3 153
YOR183W 0 0
YOR184W 0 0
YOR185C 2 3
YOR186W 4 36
YOR186C-A 4 83
YOR187W 1 1
YOR188W 3 491
YOR189W 4 181
YOR190W 0 0
YOR191W 0 0
YOR192C 0 0
YOR192C-C 0 0
YOR193W 1 2
YOR194C 2 10
YOR195W 2 36
YOR196C 9 274
YOR197W 5 191
YOR198C 2 9
YOR199W 2 9
YOR200W 4 28
YOR201C 7 84
YOR202W 2 7
YOR203W 4 38
YOR204W 1 326
YOR205C 8 519
YOR206W 8 148
YOR207C 3 3
YOR208W 2 62
YOR209C 1 23
YOR210W 2 34
YOR211C 1 1
YOR212W 4 309
YOR213C 3 24
YOR214C 1 8
YOR215C 6 59
YOR216C 3 36
YOR217W 4 125
YOR218C 0 0
YOR219C 3 75
YOR220W 6 827
YOR221C 9 94
YOR222W 0 0
YOR223W 6 170
YOR224C 0 0
YOR225W 0 0
YOR226C 9 631
YOR227W 0 0
YOR228C 0 0
YOR229W 2 76
YOR230W 2 75
YOR231W 2 10
YOR231C-A 3 253
YOR232W 2 17
YOR233W 0 0
YOR234C 4 1336
YOR235W 1 2
YOR236W 4 165
YOR237W 1 25
YOR238W 2 516
YOR239W 4 75
YOR241W 1 2
YOR242C 1 1
YOR243C 3 74
YOR244W 0 0
YOR245C 5 94
YOR246C 0 0
YOR247W 0 0
YOR248W 1 7
YOR249C 3 26
YOR250C 3 261
YOR251C 10 1477
YOR252W 4 43
YOR253W 2 64
YOR254C 7 137
YOR255W 2 21
YOR256C 2 30
YOR257W 3 44
YOR258W 0 0
YOR259C 5 66
YOR260W 3 65
YOR261C 0 0
YOR262W 6 165
YOR263C 0 0
YOR264W 0 0
YOR265W 16 794
YOR266W 4 23
YOR267C 2 10
YOR268C 10 424
YOR269W 2 139
YOR270C 0 0
YOR271C 5 135
YOR272W 3 158
YOR273C 5 297
YOR274W 4 255
YOR275C 9 226
YOR276W 10 695
YOR277C 1 7
YOR278W 6 79
YOR279C 2 9
YOR280C 6 378
YOR281C 4 63
YOR282W 0 0
YOR283W 1 10
YOR284W 6 277
YOR285W 5 158
YOR286W 8 140
YOR287C 2 56
YOR288C 1 10
YOR289W 5 89
YOR290C 0 0
YOR291W 1 37
YOR292C 8 811
YOR293W 1 4
YOR293C-A 1 2
YOR294W 0 0
YOR295W 4 56
YOR296W 1 8
YOR297C 7 139
YOR298W 4 973
YOR298C-A 6 107
YOR299W 0 0
YOR300W 0 0
YOR301W 5 521
YOR302W 4 103
YOR303W 3 19
YOR304W 1 50
YOR304C-A 1 1
YOR305W 0 0
YOR306C 2 58
YOR307C 0 0
YOR308C 0 0
YOR309C 0 0
YOR310C 1 5
YOR311C 8 74
YOR312C 0 0
YOR313C 1 1
YOR314W 1 1
YOR314W-A 12 1333
YOR315W 3 33
YOR316C 3 83
YOR316C-A 10 285
YOR317W 5 201
YOR318C 1 48
YOR319W 3 15
YOR320C 1 10
YOR321W 2 25
YOR322C 2 13
YOR323C 1 5
YOR324C 4 91
YOR325W 2 89
YOR326W 2 3
YOR327C 5 54
YOR328W 1 17
YOR329C 1 39
YOR329W-A 3 172
YOR330C 6 7233
YOR331C 0 0
YOR332W 4 33
YOR333C 1 2
YOR334W 4 33
YOR335C 3 119
YOR335W-A 0 0
YOR336W 1 1076
YOR337W 3 87
YOR338W 1 41
YOR339C 2 4
YOR340C 3 7
YOR341W 0 0
YOR342C 4 253
YOR343C 10 2718
YOR344C 2 4
YOR345C 1 19
YOR346W 2 8
YOR347C 0 0
YOR348C 4 255
YOR349W 10 21452
YOR350C 2 2
YOR351C 0 0
YOR352W 2 2
YOR353C 4 57
YOR354C 9 4579
YOR355W 0 0
YOR356W 7 682
YOR357C 14 2258
YOR358W 2 44
YOR359W 2 3
YOR360C 2 25
YOR361C 9 96
YOR362C 6 19
YOR363C 1 43
YOR364W 5 154
YOR365C 3 73
YOR366W 0 0
YOR367W 6 1150
YOR368W 2 50
YOR369C 1 7
YOR370C 0 0
YOR371C 3 126
YOR372C 1 15
YOR373W 1 217
YOR374W 5 69
YOR375C 0 0
YOR376W 2 13
YOR376W-A 2 4164
YOR377W 5 92
YOR378W 0 0
YOR379C 6 227
YOR380W 5 87
YOR381W 1 2
YOR381W-A 3 28
YOR382W 3 30
YOR383C 1 2
YOR384W 1 67
YOR385W 0 0
YOR386W 3 71
YOR387C 0 0
YOR388C 0 0
YOR389W 0 0
YOR390W 1 2
YOR391C 1 1
YOR392W 3 23
YOR393W 0 0
YOR394W 0 0
YOR394C-A 0 0
YOR396W 0 0
YOR396C-A 0 0
YPL283C 0 0
YPL283W-B 0 0
YPL283W-A 0 0
YPL282C 0 0
YPL281C 0 0
YPL280W 0 0
YPL279C 2 49
YPL278C 0 0
YPL277C 2 118
YPL274W 1 32
YPL273W 0 0
YPL272C 0 0
YPL271W 9 357
YPL270W 4 50
YPL269W 2 601
YPL268W 4 2308
YPL267W 5 181
YPL266W 3 42
YPL265W 2 25
YPL264C 3 8
YPL263C 5 70
YPL262W 1 4
YPL261C 4 33
YPL260W 0 0
YPL259C 5 222
YPL258C 2 61
YPL257W 1 1
YPL256C 1 1
YPL255W 2 34
YPL254W 0 0
YPL253C 2 91
YPL252C 7 453
YPL251W 1 2
YPL250C 3 34
YPL249C-A 0 0
YPL250W-A 0 0
YPL249C 5 354
YPL248C 5 59
YPL247C 0 0
YPL246C 0 0
YPL245W 4 66
YPL244C 4 88
YPL243W 1 55
YPL242C 0 0
YPL241C 5 540
YPL240C 5 268
YPL239W 1 3
YPL238C 0 0
YPL237W 0 0
YPL236C 0 0
YPL235W 1 1
YPL234C 1 11
YPL233W 4 13
YPL232W 1 34
YPL231W 3 221
YPL230W 0 0
YPL229W 3 4
YPL228W 3 79
YPL227C 0 0
YPL226W 3 31
YPL225W 0 0
YPL224C 8 1415
YPL223C 11 5616
YPL222W 3 178
YPL222C-A 3 37
YPL221W 3 19
YPL220W 12 593
YPL219W 3 49
YPL218W 1 3
YPL217C 3 54
YPL216W 0 0
YPL215W 2 12
YPL214C 1 2
YPL213W 3 227
YPL212C 5 271
YPL211W 2 37
YPL210C 1 8
YPL209C 3 130
YPL208W 6 57
YPL207W 0 0
YPL206C 2 217
YPL205C 0 0
YPL204W 0 0
YPL203W 5 59
YPL202C 6 119
YPL201C 3 36
YPL200W 1 6
YPL199C 7 108
YPL198W 7 1284
YPL197C 3 48
YPL196W 3 22
YPL195W 11 4451
YPL194W 1 3
YPL193W 1 12
YPL192C 0 0
YPL191C 2 527
YPL190C 1 1
YPL189C-A 4 506
YPL189W 5 196
YPL188W 1 1
YPL187W 1 95
YPL186C 10 924
YPL185W 2 75
YPL184C 0 0
YPL183W-A 0 0
YPL183C 5 805
YPL182C 3 90
YPL181W 5 182
YPL180W 2 5
YPL179W 1 6
YPL178W 0 0
YPL177C 6 80
YPL176C 0 0
YPL175W 2 5
YPL174C 0 0
YPL173W 5 448
YPL172C 1 63
YPL171C 3 98
YPL170W 3 22
YPL169C 4 241
YPL168W 2 93
YPL167C 3 325
YPL166W 7 348
YPL165C 2 11
YPL164C 4 142
YPL163C 1 4
YPL162C 0 0
YPL161C 0 0
YPL160W 0 0
YPL159C 0 0
YPL158C 2 253
YPL157W 4 72
YPL156C 1 11
YPL155C 0 0
YPL154C 0 0
YPL153C 1 1
YPL152W-A 5 139
YPL152W 1 5
YPL151C 3 42
YPL150W 3 8
YPL149W 1 1
YPL148C 1 48
YPL147W 3 213
YPL146C 3 350
YPL145C 0 0
YPL144W 4 172
YPL143W 0 0
YPL142C 1 15
YPL141C 1 2
YPL140C 2 16
YPL139C 0 0
YPL138C 2 6
YPL137C 0 0
YPL136W 2 24
YPL135W 6 818
YPL135C-A 2 25
YPL134C 7 188
YPL133C 0 0
YPL132W 0 0
YPL131W 2 16
YPL130W 2 18
YPL129W 4 13
YPL128C 0 0
YPL127C 7 42
YPL126W 3 40
YPL125W 0 0
YPL124W 3 34
YPL123C 1 29
YPL122C 6 664
YPL121C 0 0
YPL120W 8 163
YPL119C-A 0 0
YPL119C 1 2
YPL118W 0 0
YPL117C 2 630
YPL116W 3 66
YPL115C 1 31
YPL114W 9 347
YPL113C 3 95
YPL112C 4 157
YPL111W 3 53
YPL110C 0 0
YPL109C 1 1
YPL108W 7 52
YPL107W 4 85
YPL106C 0 0
YPL105C 3 28
YPL104W 1 4
YPL103C 1 74
YPL102C 0 0
YPL101W 4 89
YPL100W 1 21
YPL099C 0 0
YPL098C 1 87
YPL097W 1 24
YPL096C-A 2 3
YPL096W 9 118
YPL095C 3 15
YPL094C 8 768
YPL093W 3 8
YPL092W 3 84
YPL091W 5 149
YPL090C 2 4
YPL089C 6 5664
YPL088W 0 0
YPL087W 1 12
YPL086C 3 124
YPL085W 2 66
YPL084W 1 5
YPL083C 3 39
YPL082C 2 77
YPL081W 3 220
YPL080C 4 247
YPL079W 2 44
YPL078C 5 123
YPL077C 5 163
YPL076W 2 16
YPL075W 3 157
YPL074W 2 117
YPL073C 4 102
YPL072W 2 16
YPL071C 0 0
YPL070W 0 0
YPL069C 10 334
YPL068C 8 377
YPL067C 3 18
YPL066W 4 143
YPL065W 2 3
YPL064C 2 46
YPL063W 0 0
YPL062W 15 5642
YPL061W 3 60
YPL060W 3 128
YPL059W 0 0
YPL058C 0 0
YPL057C 5 45
YPL056C 10 3911
YPL055C 5 129
YPL054W 0 0
YPL053C 3 15
YPL052W 5 69
YPL051W 7 436
YPL050C 0 0
YPL049C 7 171
YPL048W 3 307
YPL047W 0 0
YPL046C 0 0
YPL045W 0 0
YPL044C 0 0
YPL043W 4 88
YPL042C 0 0
YPL041C 8 1264
YPL040C 6 35
YPL039W 2 88
YPL038W-A 0 0
YPL038W 6 474
YPL037C 5 72
YPL036W 3 750
YPL035C 1 4
YPL034W 2 37
YPL033C 1 1
YPL032C 6 103
YPL031C 0 0
YPL030W 2 135
YPL029W 2 19
YPL028W 0 0
YPL027W 0 0
YPL026C 0 0
YPL025C 10 127
YPL024W 4 110
YPL023C 0 0
YPL022W 0 0
YPL021W 1 3
YPL020C 1 12
YPL019C 5 716
YPL018W 4 42
YPL017C 2 190
YPL016W 0 0
YPL015C 9 592
YPL014W 1 66
YPL013C 6 289
YPL012W 1 1
YPL011C 5 18
YPL010W 1 956
YPL009C 0 0
YPL008W 1 5
YPL007C 0 0
YPL006W 3 114
YPL005W 1 1
YPL004C 0 0
YPL003W 5 33
YPL002C 7 253
YPL001W 3 760
YPR001W 2 52
YPR002W 5 418
YPR002C-A 3 37
YPR003C 3 1090
YPR004C 0 0
YPR005C 3 137
YPR006C 4 59
YPR007C 0 0
YPR008W 0 0
YPR009W 5 98
YPR010C 0 0
YPR010C-A 5 260
YPR011C 3 32
YPR012W 4 116
YPR013C 4 23
YPR014C 1 3
YPR015C 3 64
YPR016C 0 0
YPR016W-A 0 0
YPR017C 3 65
YPR018W 0 0
YPR019W 2 22
YPR020W 3 31
YPR021C 0 0
YPR022C 6 120
YPR023C 0 0
YPR024W 0 0
YPR025C 7 249
YPR026W 2 28
YPR027C 0 0
YPR028W 2 12
YPR029C 0 0
YPR030W 3 539
YPR031W 2 18
YPR032W 3 31
YPR033C 6 93
YPR034W 1 7
YPR035W 0 0
YPR036W 7 263
YPR036W-A 5 28
YPR037C 0 0
YPR038W 2 3
YPR039W 4 142
YPR040W 5 54
YPR041W 1 6
YPR042C 3 28
YPR043W 6 487
YPR044C 1 4
YPR045C 3 3308
YPR046W 12 4726
YPR047W 1 22
YPR048W 6 79
YPR049C 2 10
YPR050C 3 900
YPR051W 6 256
YPR052C 3 4361
YPR053C 1 22
YPR054W 2 32
YPR055W 2 43
YPR056W 4 48
YPR057W 2 110
YPR058W 1 9
YPR059C 5 343
YPR060C 1 7
YPR061C 9 282
YPR062W 3 139
YPR063C 3 199
YPR064W 2 57
YPR065W 1 17
YPR066W 0 0
YPR067W 7 352
YPR068C 3 207
YPR069C 1 55
YPR070W 3 12
YPR071W 1 82
YPR072W 0 0
YPR073C 4 183
YPR074C 6 233
YPR074W-A 2 8
YPR075C 1 4
YPR076W 0 0
YPR077C 3 4
YPR078C 1 1
YPR079W 1 15
YPR080W 2 142
YPR081C 4 287
YPR082C 8 1715
YPR083W 3 130
YPR084W 0 0
YPR085C 4 13
YPR086W 2 107
YPR087W 0 0
YPR088C 0 0
YPR089W 5 908
YPR091C 7 498
YPR092W 3 8
YPR093C 1 122
YPR094W 2 201
YPR095C 0 0
YPR096C 0 0
YPR097W 1 26
YPR098C 5 40
YPR099C 1 1
YPR100W 1 2
YPR101W 5 23
YPR102C 0 0
YPR103W 0 0
YPR104C 0 0
YPR105C 7 333
YPR106W 1 21
YPR107C 2 9
YPR108W 1 45
YPR108W-A 3 93
YPR109W 0 0
YPR110C 1 2
YPR111W 5 50
YPR112C 4 123
YPR113W 3 396
YPR114W 0 0
YPR115W 0 0
YPR116W 2 4
YPR117W 1 8
YPR118W 5 137
YPR119W 1 8
YPR120C 1 4
YPR121W 1 4
YPR122W 6 234
YPR123C 2 16
YPR124W 0 0
YPR125W 0 0
YPR126C 3 12
YPR127W 6 989
YPR128C 0 0
YPR129W 3 98
YPR130C 5 98
YPR131C 2 23
YPR132W 2 9
YPR133C 0 0
YPR133W-A 3 6
YPR134W 0 0
YPR135W 1 10
YPR136C 1 2
YPR137W 4 197
YPR138C 1 11
YPR139C 0 0
YPR140W 1 2
YPR141C 1 1
YPR142C 1 4
YPR143W 6 567
YPR144C 1 4
YPR145W 1 14
YPR145C-A 3 93
YPR146C 1 3
YPR147C 1 2
YPR148C 4 161
YPR149W 1 129
YPR150W 3 24
YPR151C 15 302
YPR152C 4 34
YPR153W 7 181
YPR154W 6 490
YPR155C 3 8
YPR156C 2 16
YPR157W 1 12
YPR158W 4 56
YPR159W 1 4
YPR159C-A 10 2099
YPR160W 2 6
YPR160W-A 3 48
YPR160C-A 0 0
YPR161C 0 0
YPR162C 4 59
YPR163C 3 21
YPR164W 1 51
YPR165W 0 0
YPR166C 6 411
YPR167C 3 59
YPR168W 3 92
YPR169W 4 42
YPR170C 2 50
YPR169W-A 5 467
YPR170W-B 5 467
YPR170W-A 4 56
YPR171W 5 30
YPR172W 4 56
YPR173C 3 11
YPR174C 3 74
YPR175W 2 13
YPR176C 7 296
YPR177C 4 293
YPR178W 2 152
YPR179C 1 117
YPR180W 4 138
YPR181C 0 0
YPR182W 1 72
YPR183W 4 347
YPR184W 1 186
YPR185W 1 24
YPR186C 2 18
YPR187W 2 23
YPR188C 7 1619
YPR189W 4 180
YPR190C 3 59
YPR191W 6 110
YPR192W 1 3
YPR193C 1 102
YPR194C 0 0
YPR195C 3 44
YPR196W 3 52
YPR197C 0 0
YPR198W 0 0
YPR199C 9 2449
YPR200C 0 0
YPR201W 0 0
YPR202W 0 0
YPR203W 0 0
YPR204W 0 0
YPR204C-A 0 0
