YAL069W 5 269
YAL068W-A 6 131
YAL068C 0 0
YAL067W-A 5 82
YAL067C 2 32
YAL066W 3 30
YAL065C 1 56
YAL064W-B 1 56
YAL064C-A 1 1
YAL064W 1 1
YAL063C-A 0 0
YAL063C 1 1
YAL062W 11 1334
YAL061W 3 4
YAL060W 0 0
YAL059C-A 1 41
YAL059W 3 40
YAL058W 3 17
YAL056C-A 10 10639
YAL056W 11 359
YAL055W 1 34
YAL054C 4 98
YAL053W 1 7
YAL051W 3 66
YAL049C 0 0
YAL048C 2 14
YAL047W-A 2 16
YAL047C 0 0
YAL046C 7 732
YAL045C 5 145
YAL044W-A 7 732
YAL044C 5 1362
YAL043C 4 257
YAL042C-A 4 69
YAL042W 7 112
YAL041W 1 6
YAL040C 2 22
YAL039C 3 662
YAL038W 1 1
YAL037C-B 0 0
YAL037C-A 4 52
YAL037W 0 0
YAL036C 1 1
YAL035W 2 4
YAL034C-B 3 188
YAL034W-A 5 9
YAL034C 5 25
YAL033W 1 2
YAL032C 1 72
YAL031W-A 1 20
YAL031C 3 69
YAL030W 4 43
YAL029C 0 0
YAL028W 0 0
YAL027W 0 0
YAL026C-A 0 0
YAL026C 0 0
YAL025C 5 265
YAL024C 1 16
YAL023C 1 24
YAL022C 0 0
YAL021C 1 1
YAL020C 6 398
YAL019W-A 1 5
YAL019W 0 0
YAL018C 0 0
YAL017W 1 15
YAL016C-B 1 7
YAL016C-A 0 0
YAL016W 1 5
YAL015C 1 5
YAL014C 6 535
YAL013W 2 19
YAL012W 5 151
YAL011W 5 467
YAL010C 1 31
YAL009W 3 273
YAL008W 1 43
YAL007C 0 0
YAL005C 1 348
YAL004W 1 274
YAL003W 2 63
YAL002W 2 18
YAL001C 1 163
YAR002W 3 23
YAR002C-A 3 349
YAR003W 1 6
YAR007C 1 250
YAR008W 1 2
YAR014C 3 34072
YAR015W 2 21
YAR018C 2 5
YAR019C 2 12
YAR019W-A 0 0
YAR020C 0 0
YAR023C 2 13
YAR027W 3 66
YAR028W 2 35
YAR029W 2 136
YAR030C 2 37
YAR031W 2 10
YAR033W 2 62
YAR035W 6 4131
YAR035C-A 5 1473
YAR042W 0 0
YAR047C 0 0
YAR050W 0 0
YAR053W 1 1
YAR060C 0 0
YAR064W 0 0
YAR066W 0 0
YAR068W 0 0
YAR069C 0 0
YAR070C 0 0
YAR071W 0 0
YAR073W 0 0
YAR075W 0 0
YBL113C 0 0
YBL113W-A 0 0
YBL112C 0 0
YBL111C 0 0
YBL109W 0 0
YBL108C-A 0 0
YBL108W 0 0
YBL107W-A 0 0
YBL107C 5 37
YBL106C 2 48
YBL105C 0 0
YBL104C 6 3355
YBL103C 0 0
YBL102W 0 0
YBL101C 8 97
YBL100W-C 8 105
YBL100C 1 6
YBL099W 0 0
YBL098W 1 2
YBL097W 1 5
YBL096C 1 4
YBL095W 5 116
YBL094C 2 23
YBL093C 1 9
YBL092W 0 0
YBL091C-A 1 2
YBL091C 2 85
YBL090W 1 1
YBL089W 5 39
YBL088C 0 0
YBL087C 2 214
YBL086C 1 17
YBL085W 1 17
YBL084C 1 4
YBL083C 1 53
YBL082C 4 82
YBL081W 2 46
YBL080C 2 32
YBL079W 1 29
YBL078C 3 82
YBL077W 7 39
YBL076C 2 25
YBL075C 2 2
YBL074C 3 10
YBL073W 1 25
YBL072C 0 0
YBL071C-B 0 0
YBL071W-A 8 3421
YBL071C 4 12
YBL070C 5 127
YBL069W 2 10
YBL068W-A 3 159
YBL068W 2 6
YBL067C 0 0
YBL066C 2 35
YBL065W 1 2
YBL064C 1 16
YBL063W 5 10
YBL062W 1 3
YBL061C 1 1
YBL060W 9 101
YBL059C-A 3 25
YBL059W 3 25
YBL058W 5 67
YBL057C 6 375
YBL056W 2 2
YBL055C 5 376
YBL054W 2 16
YBL053W 3 39
YBL052C 0 0
YBL051C 0 0
YBL050W 0 0
YBL049W 0 0
YBL048W 0 0
YBL047C 2 90
YBL046W 2 52
YBL045C 0 0
YBL044W 3 460
YBL043W 2 15
YBL042C 0 0
YBL041W 1 1
YBL040C 3 10
YBL039W-B 0 0
YBL039C 1 6
YBL039C-A 0 0
YBL038W 1 1
YBL037W 1 14
YBL036C 8 1043
YBL035C 0 0
YBL034C 1 3
YBL033C 1 2
YBL032W 1 10
YBL031W 4 34
YBL030C 4 38
YBL029C-A 7 212
YBL029W 1 57
YBL028C 6 500
YBL027W 0 0
YBL026W 0 0
YBL025W 1 10
YBL024W 3 102
YBL023C 0 0
YBL022C 1 25
YBL021C 5 254
YBL020W 0 0
YBL019W 2 869
YBL018C 1 21
YBL017C 2 107
YBL016W 0 0
YBL015W 3 12
YBL014C 2 38
YBL013W 3 1839
YBL012C 0 0
YBL011W 1 3
YBL010C 4 33
YBL009W 3 36
YBL008W-A 0 0
YBL008W 0 0
YBL007C 3 788
YBL006C 7 43
YBL006W-A 0 0
YBL005W 1 1
YBL004W 0 0
YBL003C 3 9
YBL002W 3 19
YBL001C 5 80
YBR001C 1 1772
YBR002C 3 23
YBR003W 2 89
YBR004C 1 6
YBR005W 2 41
YBR006W 1 5
YBR007C 2 42
YBR008C 1 41
YBR009C 3 96
YBR010W 3 34
YBR011C 2 138
YBR012C 0 0
YBR013C 1 29
YBR014C 1 55
YBR015C 2 39
YBR016W 0 0
YBR017C 2 11
YBR018C 2 2
YBR019C 0 0
YBR020W 2 18
YBR021W 0 0
YBR022W 1 1
YBR023C 3 39
YBR024W 1 15
YBR025C 1 1
YBR026C 4 72
YBR027C 0 0
YBR028C 0 0
YBR029C 3 31
YBR030W 1 23
YBR031W 2 6
YBR032W 2 33
YBR033W 3 31
YBR034C 5 736
YBR035C 0 0
YBR036C 4 35
YBR037C 6 209
YBR038W 2 3
YBR039W 0 0
YBR040W 1 2
YBR041W 2 133
YBR042C 0 0
YBR043C 1 1
YBR044C 0 0
YBR045C 0 0
YBR046C 3 36
YBR047W 2 42
YBR048W 0 0
YBR049C 3 38
YBR050C 1 194
YBR051W 0 0
YBR052C 2 23
YBR053C 8 762
YBR054W 0 0
YBR055C 1 6
YBR056W 4 27
YBR056W-A 1 13
YBR056C-B 2 96
YBR057C 0 0
YBR058C 2 21
YBR058C-A 1 1
YBR059C 1 2
YBR060C 1 14
YBR061C 3 345
YBR062C 2 24
YBR063C 0 0
YBR064W 1 1
YBR065C 1 1
YBR066C 0 0
YBR067C 0 0
YBR068C 2 23
YBR069C 1 1
YBR070C 3 127
YBR071W 7 3588
YBR072W 3 20
YBR072C-A 2 4
YBR073W 3 1579
YBR074W 1 4
YBR076W 0 0
YBR076C-A 4 67
YBR077C 1 1
YBR078W 2 49
YBR079C 4 59
YBR080C 1 4
YBR081C 3 38
YBR082C 3 308
YBR083W 0 0
YBR084W 3 1118
YBR084C-A 3 28
YBR085W 0 0
YBR085C-A 3 30
YBR086C 2 65
YBR087W 3 48
YBR088C 0 0
YBR089W 1 36
YBR089C-A 3 37
YBR090C 6 781
YBR091C 2 9
YBR092C 0 0
YBR093C 0 0
YBR094W 1 6
YBR095C 6 228
YBR096W 0 0
YBR097W 0 0
YBR098W 3 251
YBR099C 5 109
YBR101C 2 24
YBR102C 1 75
YBR103W 2 30
YBR103C-A 3 29
YBR104W 0 0
YBR105C 0 0
YBR106W 5 428
YBR107C 2 32
YBR108W 1 44
YBR109C 0 0
YBR109W-A 1 6
YBR110W 1 5
YBR111C 5 158
YBR111W-A 3 27
YBR112C 0 0
YBR113W 0 0
YBR114W 3 128
YBR115C 3 7
YBR116C 1 23
YBR117C 3 18
YBR118W 5 64
YBR119W 3 11
YBR120C 3 1031
YBR121C 0 0
YBR121C-A 0 0
YBR122C 2 122
YBR123C 2 15
YBR124W 1 1
YBR125C 0 0
YBR126C 1 2
YBR126W-A 6 41
YBR126W-B 1 2
YBR127C 1 3
YBR128C 3 229
YBR129C 6 87
YBR130C 1 12
YBR131W 4 211
YBR131C-A 0 0
YBR132C 4 46
YBR133C 2 13
YBR134W 1 40
YBR135W 4 352
YBR136W 2 72
YBR137W 0 0
YBR138C 0 0
YBR139W 0 0
YBR140C 1 24
YBR141C 0 0
YBR141W-A 3 79
YBR142W 1 4
YBR143C 1 8
YBR144C 5 95
YBR145W 2 24
YBR146W 0 0
YBR147W 2 12
YBR148W 0 0
YBR149W 3 477
YBR150C 2 26
YBR151W 1 13
YBR152W 1 36
YBR153W 0 0
YBR154C 2 111
YBR155W 2 2
YBR156C 0 0
YBR157C 1 108
YBR158W 0 0
YBR159W 2 53
YBR160W 0 0
YBR161W 0 0
YBR162C 2 11
YBR162W-A 4 80
YBR163W 4 111
YBR164C 1 3
YBR165W 0 0
YBR166C 1 20
YBR167C 4 167
YBR168W 4 87
YBR169C 1 1
YBR170C 4 56
YBR171W 3 757
YBR172C 1 19
YBR173C 6 156
YBR174C 5 224
YBR175W 5 1803
YBR176W 1 6
YBR177C 0 0
YBR178W 0 0
YBR179C 2 8
YBR180W 1 8
YBR181C 1 5
YBR182C 3 121
YBR182C-A 6 568
YBR183W 6 135
YBR184W 1 1
YBR185C 0 0
YBR186W 1 3
YBR187W 2 58
YBR188C 0 0
YBR189W 1 6
YBR190W 4 452
YBR191W 0 0
YBR191W-A 0 0
YBR192W 0 0
YBR193C 1 6
YBR194W 0 0
YBR195C 1 4
YBR196C 0 0
YBR196C-A 2 798
YBR196C-B 4 101
YBR197C 2 21
YBR198C 0 0
YBR199W 2 21
YBR200W 0 0
YBR200W-A 2 2
YBR201W 0 0
YBR201C-A 3 94
YBR202W 0 0
YBR203W 3 9
YBR204C 2 9
YBR205W 4 45
YBR206W 1 4
YBR207W 1 23
YBR208C 0 0
YBR209W 2 77
YBR210W 0 0
YBR211C 0 0
YBR212W 1 16
YBR213W 4 27
YBR214W 0 0
YBR215W 3 4560
YBR216C 3 45
YBR217W 6 96
YBR218C 2 51
YBR219C 1 1
YBR220C 3 186
YBR221C 0 0
YBR221W-A 5 240
YBR222C 3 196
YBR223C 2 3
YBR223W-A 0 0
YBR224W 0 0
YBR225W 0 0
YBR226C 0 0
YBR227C 1 318
YBR228W 0 0
YBR229C 2 59
YBR230C 2 9
YBR230W-A 6 47
YBR231C 2 3
YBR232C 1 27
YBR233W 1 1
YBR233W-A 4 78
YBR234C 1 30
YBR235W 0 0
YBR236C 2 25
YBR237W 2 31
YBR238C 1 27
YBR239C 1 4
YBR240C 5 187
YBR241C 2 11
YBR242W 2 2
YBR243C 5 163
YBR244W 0 0
YBR245C 1 97
YBR246W 2 101
YBR247C 1 180
YBR248C 0 0
YBR249C 1 4
YBR250W 1 2
YBR251W 3 100
YBR252W 1 9
YBR253W 4 943
YBR254C 3 101
YBR255W 2 212
YBR255C-A 6 973
YBR256C 8 79
YBR257W 2 156
YBR258C 2 32
YBR259W 0 0
YBR260C 9 298
YBR261C 6 31
YBR262C 2 9
YBR263W 3 1394
YBR264C 4 22
YBR265W 0 0
YBR267W 1 1
YBR266C 2 25
YBR268W 1 20
YBR269C 2 33
YBR270C 1 1
YBR271W 4 156
YBR272C 1 4
YBR273C 3 109
YBR274W 1 2
YBR275C 1 10
YBR276C 0 0
YBR277C 5 140
YBR278W 3 31
YBR279W 1 20
YBR280C 2 45
YBR281C 4 111
YBR282W 0 0
YBR283C 0 0
YBR284W 7 245
YBR285W 1 16
YBR286W 2 13
YBR287W 2 134
YBR288C 2 39
YBR289W 2 5
YBR290W 3 477
YBR291C 0 0
YBR292C 0 0
YBR293W 0 0
YBR294W 0 0
YBR295W 1 194
YBR296C 1 1
YBR296C-A 2 3
YBR297W 6 896
YBR298C 1 2897
YBR298C-A 2 12
YBR299W 3 18
YBR300C 0 0
YBR301W 0 0
YBR302C 0 0
YCL076W 1 1
YCL073C 0 0
YCL069W 0 0
YCL068C 0 0
YCL067C 0 0
YCL066W 0 0
YCL065W 0 0
YCL064C 3 370
YCL063W 5 603
YCL061C 1 75
YCL059C 3 63
YCL058C 4 8769
YCL058W-A 1 82
YCL057C-A 7 1874
YCL057W 2 23
YCL056C 1 383
YCL055W 1 5
YCL054W 2 3
YCL052C 1 28
YCL051W 1 14
YCL050C 1 32
YCL049C 2 103
YCL048W-A 0 0
YCL048W 1 52
YCL047C 8 92
YCL045C 1 46
YCL046W 0 0
YCL044C 4 170
YCL043C 1 13
YCL041C 6 603
YCL042W 1 2
YCL040W 5 345
YCL039W 7 510
YCL038C 2 569
YCL037C 0 0
YCL036W 4 40
YCL035C 6 583
YCL034W 4 194
YCL033C 3 95
YCL032W 0 0
YCL031C 4 35
YCL030C 6 271
YCL029C 1 129
YCL028W 5 750
YCL027W 0 0
YCL026C-B 3 30
YCL026C-A 2 499
YCL025C 2 582
YCL023C 1 2
YCL024W 3 18
YCL022C 0 0
YCL021W-A 0 0
YCL018W 4 59
YCL017C 0 0
YCL016C 7 142
YCL014W 3 143
YCL012C 4 46
YCL011C 1 211
YCL010C 6 322
YCL009C 3 103
YCL008C 6 27
YCL007C 3 54
YCL005W-A 2 5
YCL005W 2 47
YCL004W 2 47
YCL002C 6 311
YCL001W 5 335
YCL001W-A 1 29
YCL001W-B 0 0
YCR001W 2 6
YCR002C 2 9
YCR003W 7 163
YCR004C 0 0
YCR005C 3 76
YCR006C 4 88
YCR007C 2 325
YCR008W 0 0
YCR009C 3 22
YCR010C 2 5
YCR011C 0 0
YCR012W 3 119
YCR013C 4 68
YCR014C 2 3
YCR015C 2 66
YCR016W 2 18
YCR017C 1 2
YCR018C 0 0
YCR018C-A 4 199
YCR019W 3 12
YCR020C 0 0
YCR020C-A 6 900
YCR020W-B 1 1
YCR021C 0 0
YCR022C 5 268
YCR023C 2 22
YCR024C 1 2
YCR024C-B 2 22
YCR024C-A 1 3
YCR025C 10 2460
YCR026C 2 11
YCR027C 3 30
YCR028C 0 0
YCR028C-A 2 84
YCR030C 1 47
YCR031C 1 6
YCR032W 1 27
YCR033W 0 0
YCR034W 0 0
YCR035C 4 243
YCR036W 5 111
YCR037C 1 2
YCR038C 0 0
YCR038W-A 0 0
YCR039C 0 0
YCR040W 0 0
YCR041W 0 0
YCR042C 2 479
YCR043C 5 46
YCR044C 5 40
YCR045C 1 219
YCR045W-A 0 0
YCR046C 1 298
YCR047C 0 0
YCR047W-A 1 3
YCR049C 2 7
YCR048W 1 26
YCR050C 0 0
YCR051W 3 51
YCR052W 4 115
YCR053W 2 369
YCR054C 0 0
YCR057C 4 505
YCR059C 6 3898
YCR060W 5 3868
YCR061W 8 394
YCR064C 4 262
YCR063W 4 87
YCR065W 1 2
YCR066W 2 182
YCR067C 1 1
YCR068W 0 0
YCR069W 0 0
YCR071C 2 73
YCR072C 4 7
YCR073C 1 71
YCR073W-A 6 213
YCR075C 2 94
YCR075W-A 5 250
YCR076C 8 209
YCR077C 6 1886
YCR079W 3 25
YCR081W 1 4
YCR081C-A 4 9696
YCR082W 6 412
YCR083W 3 31
YCR084C 0 0
YCR085W 0 0
YCR086W 1 6
YCR087W 1 7
YCR087C-A 2 35
YCR088W 3 391
YCR089W 0 0
YCR090C 2 11
YCR091W 3 14
YCR092C 1 18
YCR093W 6 156
YCR094W 0 0
YCR095C 1 45
YCR095W-A 1 2
YCR096C 0 0
YCR097W 1 1
YCR097W-A 0 0
YCR098C 1 3
YCR099C 1 1
YCR100C 2 5
YCR101C 1 3
YCR102C 3 22
YCR102W-A 0 0
YCR104W 0 0
YCR105W 1 3
YCR106W 2 8
YCR107W 2 13
YCR108C 4 46
YDL248W 1 28
YDL247W-A 0 0
YDL247W 0 0
YDL246C 0 0
YDL245C 0 0
YDL244W 0 0
YDL243C 0 0
YDL242W 4 156
YDL241W 1 2
YDL240C-A 1 13
YDL240W 2 26
YDL239C 0 0
YDL238C 2 22
YDL237W 4 67
YDL236W 2 8
YDL235C 0 0
YDL234C 0 0
YDL233W 0 0
YDL232W 3 79
YDL231C 0 0
YDL230W 0 0
YDL229W 4 76
YDL228C 0 0
YDL227C 3 90
YDL226C 4 66
YDL225W 6 579
YDL224C 0 0
YDL223C 1 36
YDL222C 1 2
YDL221W 1 1
YDL220C 3 38
YDL219W 5 192
YDL218W 1 43
YDL217C 2 56
YDL216C 3 15
YDL215C 3 234
YDL214C 0 0
YDL213C 5 81
YDL212W 4 180
YDL211C 0 0
YDL210W 2 5
YDL209C 3 169
YDL208W 3 84
YDL207W 4 545
YDL206W 0 0
YDL205C 0 0
YDL204W 2 6
YDL203C 2 141
YDL202W 1 102
YDL201W 2 14
YDL200C 2 396
YDL199C 5 31
YDL198C 4 216
YDL197C 4 125
YDL196W 8 151
YDL195W 3 29
YDL194W 0 0
YDL193W 0 0
YDL192W 1 11
YDL191W 0 0
YDL190C 2 16
YDL189W 0 0
YDL188C 1 2
YDL187C 1 1
YDL186W 3 22
YDL185C-A 1 4
YDL185W 0 0
YDL184C 7 167
YDL183C 2 7
YDL182W 3 55
YDL181W 0 0
YDL180W 1 65
YDL179W 0 0
YDL178W 1 6
YDL177C 0 0
YDL176W 1 6
YDL175C 6 173
YDL174C 10 228
YDL173W 3 31
YDL172C 1 4
YDL171C 1 21
YDL170W 6 36
YDL169C 3 342
YDL168W 4 192
YDL167C 0 0
YDL166C 2 5
YDL165W 3 212
YDL164C 1 2
YDL163W 0 0
YDL162C 0 0
YDL161W 5 71
YDL160C-A 1 17
YDL160C 0 0
YDL159W-A 0 0
YDL159W 4 261
YDL159C-B 0 0
YDL158C 0 0
YDL157C 7 721
YDL156W 0 0
YDL155W 0 0
YDL154W 2 16
YDL153C 1 5
YDL152W 0 0
YDL151C 0 0
YDL150W 0 0
YDL149W 1 3
YDL148C 2 6
YDL147W 2 16
YDL146W 0 0
YDL145C 1 2
YDL144C 5 1075
YDL143W 5 40
YDL142C 1 11
YDL141W 2 15
YDL140C 1 2
YDL139C 5 38
YDL138W 1 5
YDL137W 4 289
YDL136W 5 836
YDL135C 4 31
YDL134C 1 6
YDL133C-A 2 98
YDL133W 1 21
YDL132W 0 0
YDL131W 2 15
YDL130W-A 4 43
YDL130W 0 0
YDL129W 0 0
YDL128W 3 25
YDL127W 2 54
YDL126C 1 41
YDL125C 7 157
YDL124W 10 1962
YDL123W 7 692
YDL122W 1 33
YDL121C 6 101
YDL120W 0 0
YDL119C 0 0
YDL118W 1 2
YDL117W 1 4
YDL116W 2 18
YDL115C 2 7
YDL114W-A 0 0
YDL114W 0 0
YDL113C 4 40
YDL112W 0 0
YDL111C 0 0
YDL110C 3 30
YDL109C 0 0
YDL108W 0 0
YDL107W 1 118
YDL106C 0 0
YDL105W 3 80
YDL104C 3 69
YDL103C 0 0
YDL102W 1 22
YDL101C 2 110
YDL100C 6 192
YDL099W 1 36
YDL098C 4 59
YDL097C 2 148
YDL096C 1 4
YDL095W 0 0
YDL094C 2 24
YDL093W 3 770
YDL092W 4 1004
YDL091C 0 0
YDL090C 3 22
YDL089W 0 0
YDL088C 6 686
YDL087C 5 171
YDL086W 3 78
YDL086C-A 0 0
YDL085C-A 7 108
YDL085W 2 14
YDL084W 0 0
YDL083C 3 253
YDL082W 3 83
YDL081C 0 0
YDL080C 1 17
YDL079C 6 82
YDL078C 0 0
YDL077C 1 31
YDL076C 0 0
YDL075W 0 0
YDL074C 1 1
YDL073W 6 142
YDL072C 5 170
YDL071C 0 0
YDL070W 2 8
YDL069C 0 0
YDL068W 3 156
YDL067C 1 70
YDL066W 2 25
YDL065C 1 4
YDL064W 3 206
YDL063C 1 29
YDL062W 2 83
YDL061C 0 0
YDL060W 3 42
YDL059C 1 7
YDL058W 3 3
YDL057W 2 8
YDL056W 1 4
YDL055C 0 0
YDL054C 0 0
YDL053C 2 9
YDL052C 3 17
YDL051W 4 22
YDL050C 1 115
YDL049C 2 20
YDL048C 3 102
YDL047W 1 2
YDL046W 0 0
YDL045W-A 1 10
YDL045C 0 0
YDL044C 1 8
YDL043C 0 0
YDL042C 5 91
YDL041W 1 1
YDL040C 2 347
YDL039C 2 16
YDL037C 4 259
YDL036C 5 26
YDL035C 1 15
YDL034W 2 90
YDL033C 0 0
YDL032W 2 5
YDL031W 0 0
YDL030W 3 44
YDL029W 3 437
YDL028C 2 183
YDL027C 0 0
YDL026W 1 9
YDL025C 0 0
YDL025W-A 0 0
YDL024C 3 12
YDL022C-A 2 6
YDL023C 2 107
YDL022W 2 18
YDL021W 2 6
YDL020C 0 0
YDL019C 0 0
YDL018C 1 1
YDL017W 2 25
YDL016C 1 55
YDL015C 1 1
YDL014W 0 0
YDL013W 0 0
YDL012C 6 572
YDL011C 0 0
YDL010W 2 58
YDL009C 1 83
YDL008W 5 720
YDL007C-A 2 62
YDL007W 1 55
YDL006W 0 0
YDL005C 1 23
YDL004W 5 38
YDL003W 0 0
YDL002C 4 80
YDL001W 2 22
YDR001C 5 242
YDR002W 0 0
YDR003W 1 35
YDR003W-A 0 0
YDR004W 5 453
YDR005C 0 0
YDR006C 0 0
YDR007W 6 25
YDR008C 2 150
YDR009W 7 1863
YDR010C 3 12
YDR011W 0 0
YDR012W 3 36
YDR013W 2 5
YDR014W 3 384
YDR014W-A 1 1
YDR015C 1 15
YDR016C 5 43
YDR017C 2 15
YDR018C 4 27
YDR019C 2 170
YDR020C 1 8
YDR021W 0 0
YDR022C 8 2811
YDR023W 2 47
YDR024W 0 0
YDR025W 1 2
YDR026C 2 29
YDR027C 0 0
YDR028C 0 0
YDR029W 0 0
YDR030C 8 716
YDR031W 7 190
YDR032C 0 0
YDR033W 0 0
YDR034C 3 112
YDR034C-A 4 182
YDR034W-B 1 21
YDR035W 4 302
YDR036C 4 151
YDR037W 0 0
YDR038C 0 0
YDR039C 0 0
YDR040C 1 2
YDR041W 1 4
YDR042C 3 14
YDR043C 0 0
YDR044W 2 35
YDR045C 3 33
YDR046C 2 10
YDR047W 0 0
YDR048C 3 106
YDR049W 4 9
YDR050C 3 18
YDR051C 4 116
YDR052C 1 2
YDR053W 1 1
YDR054C 0 0
YDR055W 4 415
YDR056C 1 23
YDR057W 1 51
YDR058C 5 93
YDR059C 3 751
YDR060W 2 94
YDR061W 1 4
YDR062W 1 32
YDR063W 2 16
YDR064W 1 6
YDR065W 1 1
YDR066C 1 13
YDR067C 5 51
YDR068W 2 17
YDR069C 4 150
YDR070C 0 0
YDR071C 4 64
YDR072C 3 25
YDR073W 3 17
YDR074W 2 42
YDR075W 4 304
YDR076W 1 3
YDR077W 2 3
YDR078C 2 45
YDR079W 1 5
YDR079C-A 2 144
YDR080W 2 47
YDR081C 0 0
YDR082W 1 5
YDR083W 5 103
YDR084C 2 113
YDR085C 1 7
YDR086C 0 0
YDR087C 4 138
YDR088C 1 1
YDR089W 7 317
YDR090C 3 55
YDR091C 1 264
YDR092W 2 65
YDR093W 1 12
YDR094W 11 2514
YDR095C 3 47
YDR096W 1 1
YDR097C 0 0
YDR098C 7 92
YDR099W 7 122
YDR100W 4 58
YDR101C 1 13
YDR102C 1 34
YDR103W 1 5
YDR104C 1 1
YDR105C 2 2194
YDR106W 3 2563
YDR107C 1 4
YDR108W 2 40
YDR109C 3 47
YDR110W 1 105
YDR111C 4 99
YDR112W 1 60
YDR113C 0 0
YDR114C 2 132
YDR115W 6 172
YDR116C 2 26
YDR117C 1 3
YDR118W 3 11
YDR118W-A 1 22
YDR119W 1 4
YDR119W-A 4 35
YDR120C 8 183
YDR121W 0 0
YDR122W 1 22
YDR123C 1 2
YDR124W 5 656
YDR125C 1 2
YDR126W 1 56
YDR127W 1 1
YDR128W 1 1
YDR129C 2 7
YDR130C 2 7
YDR131C 0 0
YDR132C 0 0
YDR133C 0 0
YDR135C 5 432
YDR136C 0 0
YDR137W 0 0
YDR138W 2 34
YDR139C 1 2
YDR140W 4 389
YDR141C 1 5
YDR142C 1 19
YDR143C 0 0
YDR144C 0 0
YDR145W 1 2
YDR146C 0 0
YDR147W 3 212
YDR148C 0 0
YDR149C 1 43
YDR150W 2 14
YDR151C 2 16
YDR152W 2 648
YDR153C 4 161
YDR154C 0 0
YDR155C 1 9
YDR156W 4 2877
YDR157W 1 21
YDR158W 5 271
YDR159W 0 0
YDR160W 0 0
YDR161W 0 0
YDR162C 0 0
YDR163W 0 0
YDR164C 0 0
YDR165W 1 7
YDR166C 0 0
YDR167W 2 62
YDR168W 1 210
YDR169C 0 0
YDR169C-A 3 164
YDR170C 0 0
YDR171W 2 42
YDR172W 2 44
YDR173C 3 61
YDR174W 6 296
YDR175C 4 146
YDR176W 2 139
YDR177W 1 4
YDR178W 6 168
YDR179C 5 194
YDR179W-A 0 0
YDR180W 1 9
YDR181C 2 30
YDR182W 5 46
YDR182W-A 1 1
YDR183W 2 85
YDR183C-A 1 2
YDR184C 4 191
YDR185C 2 44
YDR186C 7 794
YDR187C 5 118
YDR188W 3 725
YDR189W 1 30
YDR190C 0 0
YDR191W 4 99
YDR192C 2 39
YDR193W 0 0
YDR194C 1 17
YDR194W-A 2 21
YDR195W 0 0
YDR196C 2 8
YDR197W 2 36
YDR198C 6 2735
YDR199W 2 6
YDR200C 2 6
YDR201W 6 374
YDR202C 1 51
YDR203W 0 0
YDR204W 2 56
YDR205W 7 199
YDR206W 0 0
YDR207C 1 2
YDR208W 1 24
YDR209C 0 0
YDR210W 4 19
YDR211W 1 325
YDR212W 0 0
YDR213W 0 0
YDR214W 1 1
YDR215C 2 36
YDR216W 0 0
YDR217C 3 5
YDR218C 1 22
YDR219C 0 0
YDR220C 0 0
YDR221W 5 12
YDR222W 1 50
YDR223W 1 3
YDR224C 5 445
YDR225W 1 2
YDR226W 2 139
YDR227W 0 0
YDR228C 0 0
YDR229W 0 0
YDR230W 0 0
YDR231C 8 646
YDR232W 3 9
YDR233C 5 134
YDR234W 2 17
YDR235W 1 5
YDR236C 6 463
YDR237W 2 17
YDR238C 2 11
YDR239C 1 1
YDR240C 1 8
YDR241W 0 0
YDR242W 0 0
YDR243C 1 1
YDR244W 2 32
YDR245W 0 0
YDR246W 0 0
YDR246W-A 4 101
YDR247W 0 0
YDR248C 0 0
YDR249C 2 66
YDR250C 1 28
YDR251W 1 9
YDR252W 3 76
YDR253C 0 0
YDR254W 3 58
YDR255C 1 2
YDR256C 3 226
YDR257C 4 13
YDR258C 6 433
YDR259C 1 2
YDR260C 7 171
YDR261C 0 0
YDR262W 2 65
YDR263C 1 8
YDR264C 3 65
YDR265W 1 10
YDR266C 1 1
YDR267C 1 3
YDR268W 0 0
YDR269C 0 0
YDR270W 1 1
YDR271C 5 315
YDR272W 1 1
YDR273W 0 0
YDR274C 5 13
YDR275W 9 2901
YDR276C 2 2
YDR277C 2 28
YDR278C 3 30
YDR279W 0 0
YDR280W 3 31
YDR281C 0 0
YDR282C 8 81
YDR283C 1 10
YDR284C 1 15
YDR285W 1 35
YDR286C 2 61
YDR287W 1 4
YDR288W 1 8
YDR289C 2 23
YDR290W 0 0
YDR291W 0 0
YDR292C 0 0
YDR293C 0 0
YDR294C 3 154
YDR295C 0 0
YDR296W 1 1
YDR297W 3 194
YDR298C 0 0
YDR299W 3 105
YDR300C 0 0
YDR301W 2 67
YDR302W 2 2
YDR303C 3 52
YDR304C 3 43
YDR305C 10 312
YDR306C 5 53
YDR307W 2 1198
YDR308C 1 2
YDR309C 4 10
YDR310C 0 0
YDR311W 2 8
YDR312W 1 30
YDR313C 2 11
YDR314C 2 155
YDR315C 3 60
YDR316W 2 10
YDR317W 1 1
YDR318W 2 68
YDR319C 0 0
YDR320C 2 9
YDR320C-A 4 44
YDR320W-B 0 0
YDR321W 3 12
YDR322W 3 77
YDR322C-A 4 206
YDR323C 3 14
YDR324C 2 43
YDR325W 2 90
YDR326C 0 0
YDR327W 8 1209
YDR328C 4 251
YDR329C 2 9
YDR330W 1 32
YDR331W 7 445
YDR332W 4 212
YDR333C 4 21
YDR334W 0 0
YDR335W 0 0
YDR336W 4 445
YDR337W 1 43
YDR338C 1 1
YDR339C 1 1
YDR340W 2 3
YDR341C 0 0
YDR342C 0 0
YDR343C 0 0
YDR344C 4 108
YDR345C 0 0
YDR346C 0 0
YDR347W 1 21
YDR348C 0 0
YDR349C 0 0
YDR350C 4 57
YDR351W 1 34
YDR352W 1 7
YDR353W 2 8
YDR354W 1 2
YDR354C-A 0 0
YDR355C 0 0
YDR356W 2 7
YDR357C 3 55
YDR358W 3 12
YDR359C 1 7
YDR360W 0 0
YDR361C 2 17
YDR362C 1 3
YDR363W 1 2
YDR363W-A 3 67
YDR364C 0 0
YDR365C 2 24
YDR366C 2 62
YDR367W 2 12
YDR368W 2 6
YDR369C 1 138
YDR370C 5 509
YDR371W 4 115
YDR371C-A 0 0
YDR372C 0 0
YDR373W 1 2
YDR374C 1 2
YDR374W-A 3 230
YDR375C 5 293
YDR376W 0 0
YDR377W 0 0
YDR378C 2 20
YDR379W 2 14
YDR379C-A 10 226
YDR380W 3 72
YDR381W 0 0
YDR381C-A 0 0
YDR382W 0 0
YDR383C 3 255
YDR384C 2 2
YDR385W 2 56
YDR386W 7 1193
YDR387C 1 2
YDR388W 7 116
YDR389W 1 9
YDR390C 9 431
YDR391C 8 294
YDR392W 3 27
YDR393W 4 388
YDR394W 2 2
YDR395W 0 0
YDR396W 3 87
YDR397C 6 325
YDR398W 1 15
YDR399W 6 105
YDR400W 2 14
YDR401W 3 16
YDR402C 0 0
YDR403W 0 0
YDR404C 2 10
YDR405W 4 30
YDR406W 3 14
YDR406W-A 1 6
YDR407C 0 0
YDR408C 0 0
YDR409W 2 126
YDR410C 0 0
YDR411C 4 555
YDR412W 1 2
YDR413C 2 61
YDR414C 0 0
YDR415C 1 9
YDR416W 3 91
YDR417C 0 0
YDR418W 0 0
YDR419W 3 165
YDR420W 0 0
YDR421W 2 38
YDR422C 1 5
YDR423C 4 119
YDR424C 1 16
YDR425W 3 12
YDR426C 3 514
YDR427W 3 23
YDR428C 3 96
YDR429C 4 133
YDR430C 0 0
YDR431W 2 77
YDR432W 1 1
YDR433W 4 58
YDR434W 0 0
YDR435C 2 20
YDR436W 0 0
YDR437W 0 0
YDR438W 3 34
YDR439W 0 0
YDR440W 0 0
YDR441C 4 5358
YDR442W 3 679
YDR443C 4 72
YDR444W 0 0
YDR445C 0 0
YDR446W 2 243
YDR447C 3 19
YDR448W 2 57
YDR449C 4 40
YDR450W 1 1
YDR451C 1 108
YDR452W 3 18
YDR453C 3 18
YDR454C 0 0
YDR455C 1 4
YDR456W 1 8
YDR457W 2 3
YDR458C 2 20
YDR459C 0 0
YDR460W 1 1
YDR461W 1 13
YDR461C-A 5 73
YDR462W 2 2
YDR463W 3 154
YDR464W 1 10
YDR464C-A 2 17
YDR465C 4 19
YDR466W 0 0
YDR467C 2 220
YDR468C 1 9
YDR469W 6 137
YDR470C 1 1
YDR471W 7 517
YDR472W 1 28
YDR473C 1 2
YDR475C 1 1
YDR476C 9 273
YDR477W 1 1
YDR478W 1 11
YDR479C 4 52
YDR480W 1 1
YDR481C 3 133
YDR482C 4 8
YDR483W 1 2
YDR484W 1 22
YDR485C 1 97
YDR486C 1 25
YDR487C 3 196
YDR488C 0 0
YDR489W 0 0
YDR490C 0 0
YDR491C 1 5
YDR492W 4 43
YDR493W 0 0
YDR494W 2 90
YDR495C 1 1
YDR496C 1 4
YDR497C 1 21
YDR498C 4 107
YDR499W 2 5
YDR500C 4 230
YDR501W 1 2
YDR502C 5 99
YDR503C 2 31
YDR504C 1 20
YDR505C 1 39
YDR506C 4 71
YDR507C 2 3
YDR508C 2 4
YDR509W 2 10
YDR510W 4 94
YDR510C-A 6 61
YDR511W 0 0
YDR512C 2 77
YDR513W 5 140
YDR514C 2 19
YDR515W 0 0
YDR516C 8 41
YDR517W 4 737
YDR518W 1 3
YDR519W 2 176
YDR520C 0 0
YDR521W 1 115
YDR522C 3 213
YDR523C 0 0
YDR524C 4 30
YDR524W-C 2 151
YDR524C-B 3 48
YDR524C-A 5 193
YDR525W 3 48
YDR525W-A 5 55
YDR526C 3 129
YDR527W 3 59
YDR528W 0 0
YDR529C 5 82
YDR530C 10 309
YDR531W 1 3
YDR532C 3 135
YDR533C 1 2
YDR534C 0 0
YDR535C 4 406
YDR536W 3 18
YDR537C 1 2
YDR538W 0 0
YDR539W 2 90
YDR540C 0 0
YDR541C 4 28
YDR542W 1 1
YDR543C 1 28
YDR544C 0 0
YDR545W 0 0
YDR545C-A 0 0
YEL077C 0 0
YEL077W-A 2 60
YEL076C-A 0 0
YEL076C 0 0
YEL075W-A 0 0
YEL075C 0 0
YEL074W 0 0
YEL073C 2 8
YEL072W 1 45
YEL071W 1 8
YEL070W 1 2
YEL069C 0 0
YEL068C 4 32
YEL067C 5 99
YEL066W 9 2957
YEL065W 5 511
YEL064C 1 40
YEL063C 0 0
YEL062W 3 238
YEL061C 0 0
YEL060C 4 410
YEL059C-A 3 82
YEL059W 2 13
YEL058W 2 2
YEL057C 1 35
YEL056W 0 0
YEL055C 0 0
YEL054C 0 0
YEL053W-A 0 0
YEL053C 0 0
YEL052W 1 9
YEL051W 2 15
YEL050W-A 0 0
YEL050C 2 18
YEL049W 2 21
YEL048C 1 3
YEL047C 2 44
YEL046C 5 91
YEL045C 6 36
YEL044W 3 23
YEL043W 5 181
YEL042W 1 12
YEL041W 1 4
YEL040W 4 75
YEL039C 2 40
YEL038W 6 249
YEL037C 2 51
YEL036C 1 27
YEL035C 3 54
YEL034C-A 4 41
YEL034W 6 58
YEL033W 4 113
YEL032W 2 15
YEL032C-A 2 3
YEL031W 3 1744
YEL030C-A 0 0
YEL030W 1 1
YEL029C 0 0
YEL028W 2 178
YEL027W 0 0
YEL026W 0 0
YEL025C 8 181
YEL024W 0 0
YEL023C 1 10
YEL022W 0 0
YEL021W 3 25
YEL020C-B 2 20
YEL020W-A 3 101
YEL020C 2 1854
YEL019C 2 38
YEL018C-A 0 0
YEL018W 1 37
YEL017C-A 1 56
YEL017W 2 2
YEL016C 3 96
YEL015W 0 0
YEL014C 1 44
YEL013W 0 0
YEL012W 0 0
YEL011W 3 179
YEL010W 4 178
YEL009C-A 0 0
YEL009C 0 0
YEL008W 4 276
YEL008C-A 8 651
YEL007W 4 28
YEL006W 3 42
YEL005C 3 9
YEL004W 3 106
YEL003W 4 232
YEL002C 5 127
YEL001C 5 330
YER001W 1 2
YER002W 2 10
YER003C 6 62
YER004W 7 456
YER005W 0 0
YER006W 9 200
YER006C-A 0 0
YER007W 0 0
YER007C-A 0 0
YER008C 0 0
YER009W 3 65
YER010C 2 20
YER011W 0 0
YER012W 0 0
YER013W 0 0
YER014W 0 0
YER014C-A 0 0
YER015W 1 2
YER016W 4 80
YER017C 0 0
YER018C 2 5
YER019W 4 1650
YER019C-A 7 45
YER020W 1 21
YER021W 2 3
YER022W 0 0
YER023W 4 92
YER023C-A 1 1
YER024W 0 0
YER025W 0 0
YER026C 0 0
YER027C 0 0
YER028C 1 34
YER029C 2 9
YER030W 6 266
YER031C 0 0
YER032W 3 32
YER033C 7 64
YER034W 3 667
YER035W 5 104
YER036C 2 129
YER037W 5 97
YER038C 5 201
YER038W-A 3 68
YER039C 0 0
YER039C-A 5 47
YER040W 2 17
YER041W 0 0
YER042W 1 5
YER043C 4 41
YER044C 0 0
YER044C-A 1 1
YER045C 5 30
YER046W 2 24
YER046W-A 0 0
YER047C 0 0
YER048C 1 1
YER048W-A 1 2
YER049W 1 26
YER050C 1 81
YER051W 4 198
YER052C 0 0
YER053C 1 4
YER053C-A 2 156
YER054C 0 0
YER055C 0 0
YER056C 1 4
YER056C-A 1 2
YER057C 1 1
YER058W 6 390
YER059W 0 0
YER060W 0 0
YER060W-A 1 6
YER061C 8 225
YER062C 1 242
YER063W 1 14
YER064C 2 16
YER065C 0 0
YER066W 2 23
YER066C-A 3 66
YER067W 0 0
YER067C-A 3 182
YER068W 0 0
YER068C-A 1 3
YER069W 8 99
YER070W 1 2
YER071C 2 9
YER072W 8 173
YER073W 3 19
YER074W 2 3
YER074W-A 4 27
YER075C 6 33
YER076C 0 0
YER076W-A 0 0
YER077C 2 6
YER078C 0 0
YER078W-A 3 15
YER079W 0 0
YER079C-A 2 135
YER080W 1 1
YER081W 2 15
YER082C 2 685
YER083C 4 285
YER084W 2 6
YER084W-A 1 34
YER085C 1 10
YER086W 1 7
YER087W 1 524
YER087C-A 2 10
YER087C-B 2 244
YER088C 6 202
YER088C-A 2 22
YER088W-B 7 617
YER089C 0 0
YER090W 0 0
YER090C-A 1 2
YER091C 2 25
YER091C-A 2 141
YER092W 3 56
YER093C 0 0
YER093C-A 3 100
YER094C 1 33
YER095W 1 18
YER096W 2 7
YER097W 4 243
YER098W 1 134
YER099C 1 6
YER100W 0 0
YER101C 4 68
YER102W 1 3
YER103W 2 2
YER104W 0 0
YER105C 2 31
YER106W 0 0
YER107C 0 0
YER107W-A 0 0
YER109C 1 5
YER110C 0 0
YER111C 1 3
YER112W 1 9
YER113C 2 188
YER114C 0 0
YER115C 0 0
YER116C 1 9
YER117W 0 0
YER118C 1 4
YER119C 5 161
YER119C-A 0 0
YER120W 6 50
YER121W 5 281
YER122C 2 12
YER123W 2 76
YER124C 2 10
YER125W 0 0
YER126C 1 2
YER127W 4 17
YER128W 3 41
YER129W 0 0
YER130C 3 80
YER131W 0 0
YER132C 0 0
YER133W 1 3
YER133W-A 0 0
YER134C 5 307
YER135C 0 0
YER136W 0 0
YER137C 3 57
YER137W-A 4 118
YER138W-A 0 0
YER139C 0 0
YER140W 3 23
YER141W 3 44
YER142C 2 70
YER143W 4 115
YER144C 5 371
YER145C 2 63
YER145C-A 5 89
YER146W 4 197
YER147C 3 72
YER147C-A 0 0
YER148W 1 3
YER148W-A 0 0
YER149C 3 31
YER150W 2 128
YER151C 1 3
YER152C 1 1
YER152W-A 2 128
YER153C 5 121
YER154W 2 384
YER155C 1 20
YER156C 6 123
YER157W 4 9
YER158C 3 114
YER158W-A 9 1604
YER159C 6 179
YER161C 1 755
YER162C 1 310
YER163C 2 14
YER164W 0 0
YER165W 1 9
YER165C-A 1 32
YER166W 0 0
YER167W 0 0
YER168C 1 25
YER169W 0 0
YER170W 2 28
YER171W 0 0
YER172C 0 0
YER172C-A 3 257
YER173W 2 25
YER174C 1 79
YER175C 4 53
YER175W-A 1 2
YER176W 3 718
YER177W 0 0
YER178W 4 199
YER179W 0 0
YER180C 2 47
YER180C-A 2 29
YER181C 0 0
YER182W 4 152
YER183C 0 0
YER184C 0 0
YER185W 2 26
YER186C 2 23
YER187W 4 55
YER188W 0 0
YER188C-A 4 1991
YER189W 0 0
YER190W 0 0
YER190C-A 0 0
YER190C-B 0 0
YFL068W 0 0
YFL067W 0 0
YFL066C 0 0
YFL065C 0 0
YFL064C 0 0
YFL063W 2 14
YFL062W 0 0
YFL061W 0 0
YFL060C 0 0
YFL059W 3 411
YFL058W 0 0
YFL057C 0 0
YFL056C 0 0
YFL055W 2 5
YFL054C 1 1
YFL053W 2 12
YFL052W 4 60
YFL051C 0 0
YFL050C 0 0
YFL049W 1 19
YFL048C 3 61
YFL047W 4 84
YFL046W 3 199
YFL045C 3 6
YFL044C 0 0
YFL042C 5 59
YFL041W-A 0 0
YFL041W 2 1287
YFL040W 0 0
YFL039C 3 98
YFL038C 2 140
YFL037W 6 199
YFL036W 1 48
YFL034C-B 1 12
YFL034C-A 1 12
YFL034W 0 0
YFL033C 1 5
YFL032W 0 0
YFL031W 1 1
YFL031C-A 2 13
YFL030W 1 2
YFL029C 0 0
YFL028C 5 1626
YFL027C 0 0
YFL026W 1 118
YFL025C 0 0
YFL024C 4 154
YFL023W 4 39
YFL022C 3 6
YFL021C-A 2 6
YFL021W 4 389
YFL020C 0 0
YFL019C 1 4
YFL018C 9 272
YFL017W-A 5 225
YFL017C 6 51
YFL016C 2 206
YFL015W-A 5 262
YFL015C 6 318
YFL014W 2 6
YFL013W-A 2 3
YFL013C 2 12
YFL012W-A 2 19
YFL012W 0 0
YFL011W 1 4
YFL010W-A 0 0
YFL010C 2 14
YFL009W 0 0
YFL008W 1 42
YFL007W 1 27
YFL005W 2 4
YFL004W 1 1
YFL003C 2 40
YFL002C 6 32
YFL001W 6 1462
YFR001W 1 27
YFR002W 4 16
YFR003C 4 45
YFR004W 1 79
YFR005C 1 32
YFR006W 2 845
YFR007W 4 118
YFR008W 0 0
YFR009W 2 3
YFR009W-A 1 22
YFR010W 2 43
YFR010W-A 3 12
YFR011C 8 2060
YFR012W 2 3
YFR012W-A 1 6
YFR013W 4 50
YFR014C 2 7
YFR015C 3 267
YFR016C 0 0
YFR017C 7 204
YFR018C 4 150
YFR019W 2 13
YFR020W 0 0
YFR021W 0 0
YFR022W 2 29
YFR023W 0 0
YFR024C-A 4 278
YFR025C 3 37
YFR026C 1 4
YFR027W 5 498
YFR028C 1 33
YFR029W 5 688
YFR030W 2 83
YFR031C 3 148
YFR031C-A 1 5
YFR032C 0 0
YFR032C-A 2 20
YFR032C-B 1 3
YFR033C 7 478
YFR034C 3 42
YFR034W-A 2 36
YFR035C 8 152
YFR036W 2 11
YFR036W-A 4 1844
YFR037C 2 4
YFR038W 2 2
YFR039C 1 5
YFR040W 0 0
YFR041C 0 0
YFR042W 2 21
YFR043C 1 18
YFR044C 5 72
YFR045W 0 0
YFR046C 3 16
YFR047C 0 0
YFR048W 3 29
YFR049W 0 0
YFR050C 3 38
YFR051C 6 234
YFR052W 4 253
YFR052C-A 1 71
YFR053C 0 0
YFR054C 0 0
YFR056C 0 0
YFR055W 1 1
YFR057W 3 22
YGL263W 3 22
YGL262W 1 60
YGL261C 0 0
YGL260W 0 0
YGL259W 2 13
YGL258W-A 0 0
YGL258W 0 0
YGL257C 0 0
YGL256W 0 0
YGL255W 3 14
YGL254W 6 164
YGL253W 2 32
YGL252C 2 4
YGL251C 2 36
YGL250W 3 184
YGL249W 0 0
YGL248W 0 0
YGL247W 0 0
YGL246C 7 560
YGL245W 2 19
YGL244W 1 3
YGL243W 1 3
YGL242C 4 114
YGL241W 8 756
YGL240W 3 28
YGL239C 3 185
YGL238W 3 22
YGL237C 1 19
YGL236C 3 57
YGL235W 1 21
YGL234W 0 0
YGL233W 2 2
YGL232W 1 14
YGL231C 2 16
YGL230C 0 0
YGL229C 0 0
YGL228W 2 23
YGL227W 0 0
YGL226C-A 6 62
YGL226W 4 207
YGL225W 4 631
YGL224C 2 15
YGL223C 1 857
YGL222C 6 176
YGL221C 3 8
YGL220W 2 6
YGL219C 2 174
YGL218W 2 39
YGL217C 3 88
YGL216W 0 0
YGL215W 0 0
YGL214W 2 13
YGL213C 0 0
YGL212W 1 1
YGL211W 6 2866
YGL210W 0 0
YGL209W 2 47
YGL208W 7 1565
YGL207W 0 0
YGL206C 2 32
YGL205W 0 0
YGL204C 4 69
YGL203C 1 90
YGL202W 1 1
YGL201C 0 0
YGL200C 1 6
YGL199C 2 5
YGL198W 5 256
YGL197W 1 2
YGL196W 0 0
YGL195W 1 6
YGL194C-A 2 4
YGL194C 0 0
YGL193C 1 38
YGL192W 1 14
YGL191W 4 69
YGL190C 2 14
YGL189C 1 1
YGL188C-A 1 1
YGL188C 3 92
YGL187C 2 30
YGL186C 1 2
YGL185C 1 26
YGL184C 4 82
YGL183C 3 67
YGL182C 3 295
YGL181W 1 2
YGL180W 1 4
YGL179C 0 0
YGL178W 0 0
YGL177W 5 226
YGL176C 2 116
YGL175C 1 1
YGL174W 0 0
YGL173C 2 23
YGL172W 1 1
YGL171W 4 289
YGL170C 3 353
YGL169W 0 0
YGL168W 4 33
YGL167C 0 0
YGL166W 6 2491
YGL165C 2 4
YGL164C 4 65
YGL163C 1 1
YGL162W 4 37
YGL161C 3 192
YGL160W 1 10
YGL159W 3 24
YGL158W 1 34
YGL157W 0 0
YGL156W 0 0
YGL155W 0 0
YGL154C 3 19
YGL153W 3 19
YGL152C 2 60
YGL151W 0 0
YGL150C 1 8
YGL149W 0 0
YGL148W 1 2
YGL147C 5 50
YGL146C 0 0
YGL145W 1 1
YGL144C 3 32
YGL143C 5 12
YGL142C 2 7
YGL141W 2 42
YGL140C 1 4
YGL139W 2 20
YGL138C 1 1
YGL137W 5 172
YGL136C 5 13
YGL135W 1 1
YGL134W 2 70
YGL133W 0 0
YGL132W 0 0
YGL131C 0 0
YGL130W 0 0
YGL129C 3 149
YGL128C 1 4
YGL127C 1 31
YGL126W 1 17
YGL125W 1 38
YGL124C 3 75
YGL123W 2 5
YGL123C-A 0 0
YGL122C 0 0
YGL121C 3 110
YGL120C 1 6
YGL119W 0 0
YGL118C 2 63
YGL117W 1 11
YGL116W 1 24
YGL115W 1 1
YGL114W 2 29
YGL113W 2 44
YGL112C 1 17
YGL111W 4 85
YGL110C 2 18
YGL109W 2 18
YGL108C 5 308
YGL107C 3 34
YGL106W 2 140
YGL105W 3 293
YGL104C 1 12
YGL103W 0 0
YGL102C 5 330
YGL101W 2 72
YGL100W 4 30
YGL099W 2 256
YGL098W 3 139
YGL097W 2 486
YGL096W 2 4
YGL095C 2 16
YGL094C 2 3
YGL093W 1 3
YGL092W 0 0
YGL091C 0 0
YGL090W 0 0
YGL089C 3 332
YGL088W 10 506
YGL087C 1 1
YGL086W 4 85
YGL085W 4 33
YGL084C 4 329
YGL083W 2 443
YGL082W 1 4
YGL081W 0 0
YGL080W 0 0
YGL079W 1 121
YGL078C 1 4
YGL077C 0 0
YGL076C 5 99
YGL075C 4 25
YGL074C 3 14
YGL073W 0 0
YGL072C 3 21
YGL071W 0 0
YGL070C 5 40
YGL069C 0 0
YGL068W 1 1
YGL067W 0 0
YGL066W 2 2
YGL065C 3 26
YGL064C 0 0
YGL063W 2 609
YGL063C-A 9 1339
YGL062W 3 15
YGL061C 0 0
YGL060W 0 0
YGL059W 7 654
YGL058W 5 49
YGL057C 3 10
YGL056C 4 11
YGL055W 4 132
YGL054C 3 42
YGL053W 2 28
YGL052W 1 4
YGL051W 0 0
YGL050W 6 1307
YGL049C 0 0
YGL048C 4 17
YGL047W 0 0
YGL045W 1 1
YGL044C 1 10
YGL043W 1 26
YGL042C 0 0
YGL041C-B 0 0
YGL041W-A 5 247
YGL041C 1 33
YGL040C 5 116
YGL039W 1 4
YGL038C 0 0
YGL037C 0 0
YGL036W 4 18
YGL035C 1 1
YGL034C 0 0
YGL033W 1 8
YGL032C 1 6
YGL031C 5 33
YGL030W 1 4
YGL029W 1 9
YGL028C 0 0
YGL027C 2 1107
YGL026C 2 36
YGL025C 2 86
YGL024W 1 24
YGL023C 10 215
YGL022W 1 20
YGL021W 1 5
YGL020C 3 20
YGL019W 0 0
YGL018C 0 0
YGL017W 3 155
YGL016W 0 0
YGL015C 0 0
YGL014W 0 0
YGL014C-A 0 0
YGL013C 0 0
YGL012W 6 83
YGL011C 2 7
YGL010W 2 2
YGL009C 0 0
YGL008C 0 0
YGL007C-A 3 49
YGL007W 4 101
YGL006W-A 6 154
YGL006W 5 43
YGL005C 2 516
YGL004C 1 134
YGL003C 5 63
YGL002W 5 1611
YGL001C 1 3
YGR001C 4 35
YGR002C 1 63
YGR003W 7 388
YGR004W 1 7
YGR005C 2 52
YGR006W 5 47
YGR007W 7 158
YGR008C 2 4
YGR009C 2 6
YGR010W 1 1
YGR011W 1 28
YGR012W 2 40
YGR013W 2 35
YGR014W 0 0
YGR015C 5 658
YGR016W 5 586
YGR017W 0 0
YGR018C 4 472
YGR019W 0 0
YGR020C 2 17
YGR021W 6 257
YGR022C 1 1
YGR023W 1 1
YGR024C 2 496
YGR025W 2 5
YGR026W 0 0
YGR027C 1 17
YGR028W 2 354
YGR029W 1 13
YGR030C 1 1
YGR031W 4 7162
YGR031C-A 9 721
YGR032W 1 13
YGR033C 0 0
YGR034W 2 16
YGR035C 3 161
YGR035W-A 4 358
YGR036C 1 20
YGR037C 3 52
YGR038W 1 40
YGR039W 3 34
YGR040W 1 6
YGR041W 0 0
YGR042W 6 208
YGR043C 3 740
YGR044C 3 17
YGR045C 8 2284
YGR046W 2 14
YGR047C 3 23
YGR048W 1 3
YGR049W 0 0
YGR050C 5 87
YGR051C 3 19
YGR052W 4 178
YGR053C 0 0
YGR054W 2 4
YGR055W 0 0
YGR056W 1 3
YGR057C 0 0
YGR058W 2 5
YGR059W 1 2
YGR060W 1 2
YGR061C 0 0
YGR062C 2 9
YGR063C 2 3
YGR064W 2 8
YGR065C 1 14
YGR066C 2 162
YGR067C 4 114
YGR068C 5 288
YGR068W-A 3 75
YGR069W 2 13
YGR070W 0 0
YGR071C 5 118
YGR072W 1 40
YGR073C 0 0
YGR074W 1 1
YGR075C 0 0
YGR076C 5 43
YGR077C 6 155
YGR078C 3 133
YGR079W 5 318
YGR080W 3 1246
YGR081C 3 108
YGR082W 1 2
YGR083C 0 0
YGR084C 7 4091
YGR085C 3 4
YGR086C 1 1
YGR087C 0 0
YGR088W 3 54
YGR089W 0 0
YGR090W 0 0
YGR091W 1 2
YGR092W 1 110
YGR093W 2 159
YGR094W 6 302
YGR095C 2 18
YGR096W 1 79
YGR097W 1 1
YGR098C 0 0
YGR099W 5 318
YGR100W 0 0
YGR101W 6 987
YGR102C 6 548
YGR103W 3 66
YGR104C 0 0
YGR105W 3 61
YGR106C 1 3
YGR107W 2 48
YGR108W 1 2
YGR109C 1 1
YGR110W 0 0
YGR111W 2 76
YGR112W 1 27
YGR113W 0 0
YGR114C 1 2
YGR115C 2 36
YGR116W 0 0
YGR117C 3 110
YGR118W 3 20
YGR119C 2 5
YGR120C 1 1
YGR121C 0 0
YGR121W-A 6 195
YGR122W 1 1
YGR122C-A 0 0
YGR123C 0 0
YGR124W 3 68
YGR125W 2 185
YGR126W 1 1
YGR127W 3 7
YGR128C 0 0
YGR129W 0 0
YGR130C 3 23
YGR131W 0 0
YGR132C 2 54
YGR133W 10 315
YGR134W 4 362
YGR135W 2 21
YGR136W 4 26
YGR137W 0 0
YGR138C 0 0
YGR139W 0 0
YGR140W 3 1085
YGR141W 5 182
YGR142W 1 8
YGR143W 1 6
YGR144W 0 0
YGR145W 4 30
YGR146C 1 2
YGR146C-A 7 786
YGR147C 0 0
YGR148C 4 28
YGR149W 2 40
YGR150C 2 47
YGR151C 0 0
YGR152C 3 8
YGR153W 3 117
YGR154C 2 16
YGR155W 0 0
YGR156W 1 1
YGR157W 1 4
YGR158C 2 8
YGR159C 0 0
YGR160W 0 0
YGR161C 5 295
YGR161W-C 7 150
YGR162W 0 0
YGR163W 2 62
YGR164W 3 173
YGR165W 0 0
YGR166W 0 0
YGR167W 1 8
YGR168C 3 43
YGR169C 1 15
YGR169C-A 2 28
YGR170W 1 1
YGR171C 2 21
YGR172C 2 4
YGR173W 0 0
YGR174C 3 271
YGR174W-A 1 3
YGR175C 2 17
YGR176W 5 193
YGR177C 1 124
YGR178C 0 0
YGR179C 3 69
YGR180C 2 77
YGR181W 1 5
YGR182C 2 2
YGR183C 4 131
YGR184C 4 62
YGR185C 4 60
YGR186W 1 76
YGR187C 1 2
YGR188C 1 423
YGR189C 1 20
YGR190C 3 74
YGR191W 1 5
YGR192C 5 46
YGR193C 0 0
YGR194C 11 456
YGR195W 1 16
YGR196C 4 221
YGR197C 0 0
YGR198W 7 75
YGR199W 0 0
YGR200C 5 63
YGR201C 2 36
YGR202C 1 16
YGR203W 12 1318
YGR204W 7 253
YGR204C-A 0 0
YGR205W 0 0
YGR206W 3 99
YGR207C 5 485
YGR208W 2 16
YGR209C 3 110
YGR210C 0 0
YGR211W 1 1
YGR212W 4 291
YGR213C 0 0
YGR214W 1 38
YGR215W 2 8
YGR216C 1 4
YGR217W 1 3
YGR218W 1 1
YGR219W 1 3
YGR220C 4 214
YGR221C 2 4
YGR222W 9 309
YGR223C 1 7
YGR224W 7 803
YGR225W 0 0
YGR226C 3 15
YGR227W 0 0
YGR228W 0 0
YGR229C 4 9
YGR230W 4 14
YGR231C 3 126
YGR232W 3 27
YGR233C 0 0
YGR234W 0 0
YGR235C 2 34
YGR236C 6 318
YGR237C 1 2
YGR238C 5 51
YGR239C 1 6
YGR240C 0 0
YGR240C-A 4 48
YGR241C 0 0
YGR242W 2 6
YGR243W 0 0
YGR244C 1 11
YGR245C 0 0
YGR246C 4 22
YGR247W 0 0
YGR248W 3 22
YGR249W 2 2
YGR250C 2 7
YGR251W 4 241
YGR252W 1 2
YGR253C 0 0
YGR254W 4 50
YGR255C 0 0
YGR256W 2 12
YGR257C 2 37
YGR258C 1 1
YGR259C 2 1985
YGR260W 3 166
YGR261C 1 26
YGR262C 1 5
YGR263C 5 20
YGR264C 3 40
YGR265W 0 0
YGR266W 6 47
YGR267C 2 81
YGR268C 2 4
YGR269W 2 118
YGR270W 0 0
YGR270C-A 1 2
YGR271W 2 19
YGR271C-A 1 7
YGR273C 0 0
YGR274C 3 67
YGR275W 3 23
YGR276C 6 98
YGR277C 3 39
YGR278W 3 33
YGR279C 1 2
YGR280C 7 160
YGR281W 4 24
YGR282C 1 1
YGR283C 3 253
YGR284C 4 101
YGR285C 2 2
YGR286C 2 61
YGR287C 2 89
YGR288W 1 80
YGR289C 0 0
YGR290W 2 17
YGR291C 1 2
YGR292W 1 2
YGR293C 0 0
YGR294W 0 0
YGR295C 4 43
YGR296W 0 0
YGR296C-A 0 0
YGR296C-B 0 0
YHL050C 0 0
YHL050W-A 0 0
YHL049C 0 0
YHL048C-A 2 172
YHL048W 0 0
YHL047C 0 0
YHL046W-A 2 5
YHL046C 0 0
YHL045W 0 0
YHL044W 2 90
YHL043W 1 3
YHL042W 0 0
YHL041W 0 0
YHL040C 3 8487
YHL039W 3 19
YHL038C 1 15
YHL037C 2 27
YHL036W 5 204
YHL035C 6 42
YHL034W-A 2 8
YHL034C 0 0
YHL033C 5 151
YHL032C 3 19
YHL031C 2 9
YHL030W-A 8 86
YHL030W 5 298
YHL029C 3 274
YHL028W 4 354
YHL027W 2 3
YHL026C 7 827
YHL025W 2 31
YHL024W 2 31
YHL023C 3 331
YHL022C 2 21
YHL021C 0 0
YHL020C 1 65
YHL019W-A 3 540
YHL019C 2 35
YHL018W 5 600
YHL017W 1 9
YHL016C 0 0
YHL015W-A 6 73
YHL015W 0 0
YHL014C 3 4
YHL013C 5 1419
YHL012W 2 46
YHL011C 1 51
YHL010C 0 0
YHL009C 0 0
YHL008C 0 0
YHL007C 3 19
YHL006W-A 8 420
YHL006C 6 159
YHL005C 2 11
YHL004W 3 42
YHL003C 2 33
YHL002C-A 1 1
YHL002W 2 111
YHL001W 3 142
YHR001W 1 2
YHR001W-A 5 121
YHR002W 5 48
YHR003C 3 35
YHR004C 1 6
YHR005C 2 13
YHR005C-A 2 13
YHR006W 3 34
YHR007C 0 0
YHR007C-A 8 20
YHR008C 5 51
YHR009C 2 180
YHR010W 0 0
YHR011W 1 1
YHR012W 1 95
YHR013C 2 23
YHR014W 0 0
YHR015W 4 268
YHR016C 1 1
YHR017W 3 52
YHR018C 1 1
YHR019C 1 8
YHR020W 1 14
YHR021C 2 12
YHR021W-A 7 229
YHR022C 1 31
YHR022C-A 10 1221
YHR023W 0 0
YHR024C 3 1120
YHR025W 2 16
YHR026W 0 0
YHR027C 0 0
YHR028C 4 81
YHR028W-A 3 529
YHR029C 0 0
YHR030C 3 9
YHR031C 4 144
YHR032W 0 0
YHR032W-A 4 163
YHR032C-A 12 1768
YHR033W 6 52
YHR034C 1 13
YHR035W 5 243
YHR036W 0 0
YHR037W 1 1
YHR038W 2 28
YHR039C 0 0
YHR039C-A 1 209
YHR040W 6 286
YHR041C 4 6
YHR042W 6 227
YHR043C 0 0
YHR044C 0 0
YHR045W 0 0
YHR046C 1 8
YHR047C 3 60
YHR048W 3 124
YHR049W 1 801
YHR049C-A 2 63
YHR050W 2 63
YHR050W-A 2 128
YHR051W 1 55
YHR052W 1 38
YHR052W-A 0 0
YHR053C 0 0
YHR054C 2 10
YHR054W-A 0 0
YHR055C 0 0
YHR056C 1 1
YHR056W-A 1 1
YHR057C 4 13052
YHR058C 0 0
YHR059W 1 18
YHR060W 2 38
YHR061C 4 852
YHR062C 1 23
YHR063C 6 214
YHR063W-A 4 8
YHR064C 1 4
YHR065C 0 0
YHR066W 2 57
YHR067W 2 12
YHR068W 1 12
YHR069C 3 11
YHR069C-A 0 0
YHR070W 5 119
YHR070C-A 5 132
YHR071W 1 15
YHR071C-A 2 17
YHR072W 2 8
YHR072W-A 1 68
YHR073W 3 35
YHR073W-A 1 48
YHR073C-B 0 0
YHR074W 4 603
YHR075C 2 14
YHR076W 2 6
YHR077C 2 30
YHR078W 0 0
YHR079C 2 33
YHR079C-A 0 0
YHR080C 3 123
YHR081W 1 1
YHR082C 0 0
YHR083W 5 48
YHR084W 2 3
YHR085W 4 22
YHR086W 2 18
YHR086W-A 10 184
YHR087W 2 8
YHR088W 2 70
YHR089C 4 774
YHR090C 5 209
YHR091C 5 178
YHR092C 1 20
YHR093W 2 6
YHR094C 1 3
YHR095W 0 0
YHR096C 0 0
YHR097C 1 54
YHR098C 1 1
YHR099W 4 61
YHR100C 3 9
YHR101C 2 17
YHR102W 0 0
YHR103W 0 0
YHR104W 0 0
YHR105W 0 0
YHR106W 0 0
YHR107C 1 2
YHR108W 2 46
YHR109W 1 2
YHR110W 6 94
YHR111W 1 2
YHR112C 2 37
YHR113W 2 19
YHR114W 2 64
YHR115C 2 106
YHR116W 4 99
YHR117W 0 0
YHR118C 1 3
YHR119W 1 10
YHR120W 2 4
YHR121W 0 0
YHR122W 0 0
YHR123W 2 44
YHR124W 0 0
YHR125W 3 41
YHR126C 0 0
YHR127W 2 105
YHR128W 1 2
YHR129C 0 0
YHR130C 0 0
YHR131C 3 9
YHR131W-A 0 0
YHR132C 1 30
YHR132W-A 0 0
YHR133C 2 8
YHR134W 3 46
YHR135C 1 5
YHR136C 7 125
YHR137W 1 6
YHR137C-A 0 0
YHR138C 1 2
YHR139C 5 121
YHR139C-A 4 80
YHR140W 0 0
YHR141C 0 0
YHR142W 2 484
YHR143W 0 0
YHR143W-A 1 3
YHR144C 3 241
YHR145C 0 0
YHR146W 2 450
YHR147C 0 0
YHR148W 1 38
YHR149C 0 0
YHR150W 0 0
YHR151C 2 8
YHR152W 1 1
YHR153C 3 61
YHR154W 2 61
YHR155W 2 25
YHR156C 1 5
YHR157W 0 0
YHR158C 0 0
YHR159W 0 0
YHR160C 5 17
YHR161C 0 0
YHR162W 0 0
YHR163W 2 221
YHR164C 1 11
YHR165C 0 0
YHR165W-A 0 0
YHR166C 2 532
YHR167W 3 60
YHR168W 0 0
YHR169W 2 6
YHR170W 1 1
YHR171W 4 324
YHR172W 3 137
YHR173C 2 30
YHR174W 3 84
YHR175W 6 1876
YHR175W-A 1 2
YHR176W 0 0
YHR177W 2 13
YHR178W 6 128
YHR179W 0 0
YHR180W 0 0
YHR180W-A 1 1
YHR180C-B 2 170
YHR181W 2 2
YHR182W 0 0
YHR182C-A 3 13
YHR183W 2 19
YHR184W 0 0
YHR185C 1 61
YHR186C 1 66
YHR187W 1 52
YHR188C 3 84
YHR189W 4 100
YHR190W 0 0
YHR191C 2 168
YHR192W 2 160
YHR193C 3 86
YHR193C-A 1 30
YHR194W 0 0
YHR195W 1 17
YHR196W 3 932
YHR197W 2 39
YHR198C 6 89
YHR199C 3 214
YHR199C-A 6 374
YHR200W 5 331
YHR201C 2 3
YHR202W 1 16
YHR203C 0 0
YHR204W 1 44
YHR205W 1 1
YHR206W 0 0
YHR207C 6 470
YHR208W 4 95
YHR209W 2 7
YHR210C 0 0
YHR211W 0 0
YHR212C 0 0
YHR212W-A 0 0
YHR213W 0 0
YHR213W-A 0 0
YHR213W-B 0 0
YHR214W 0 0
YHR214W-A 0 0
YHR214C-D 0 0
YHR214C-E 0 0
YHR215W 0 0
YHR216W 0 0
YHR217C 0 0
YHR218W 0 0
YHR218W-A 0 0
YHR219W 0 0
YHR219C-A 0 0
YIL177C 0 0
YIL177W-A 0 0
YIL176C 0 0
YIL173W 0 0
YIL172C 0 0
YIL171W-A 0 0
YIL169C 7 171
YIL166C 1 17
YIL165C 5 213
YIL164C 1 1
YIL163C 0 0
YIL162W 0 0
YIL161W 0 0
YIL160C 2 142
YIL159W 5 213
YIL158W 2 30
YIL157C 2 5
YIL156W-A 4 582
YIL156W-B 3 11
YIL156W 5 52
YIL155C 1 42
YIL154C 0 0
YIL153W 2 85
YIL152W 3 161
YIL151C 3 101
YIL150C 1 12
YIL149C 0 0
YIL148W 2 3
YIL147C 0 0
YIL146C 2 18
YIL145C 1 2
YIL144W 0 0
YIL143C 2 49
YIL142C-A 0 0
YIL142W 3 7
YIL141W 0 0
YIL140W 1 4
YIL139C 0 0
YIL138C 5 750
YIL137C 5 269
YIL136W 2 10
YIL135C 1 2
YIL134C-A 7 1418
YIL134W 2 16
YIL133C 5 25
YIL132C 1 2
YIL131C 5 162
YIL130W 3 42
YIL129C 0 0
YIL128W 1 2
YIL127C 0 0
YIL126W 0 0
YIL125W 3 28
YIL124W 4 619
YIL123W 2 191
YIL122W 0 0
YIL121W 0 0
YIL120W 0 0
YIL119C 1 4
YIL118W 1 17
YIL117C 2 14
YIL116W 1 32
YIL115W-A 0 0
YIL115C 0 0
YIL114C 0 0
YIL113W 1 2
YIL112W 4 58
YIL111W 2 16
YIL110W 1 2
YIL109C 1 2
YIL108W 3 47
YIL107C 2 9
YIL106W 1 1
YIL105C 3 61
YIL105W-A 4 71
YIL104C 3 25
YIL103W 1 107
YIL102C-A 3 542
YIL102C 6 331
YIL101C 2 2
YIL100C-A 4 29
YIL100W 1 1
YIL099W 1 12
YIL098C 8 188
YIL097W 1 3
YIL096C 4 19
YIL095W 2 18
YIL094C 2 277
YIL093C 1 22
YIL092W 0 0
YIL091C 2 23
YIL090W 0 0
YIL089W 0 0
YIL088C 3 21
YIL087C 2 9
YIL086C 1 13
YIL085C 3 13
YIL084C 0 0
YIL083C 2 42
YIL082W 0 0
YIL079C 3 132
YIL078W 0 0
YIL077C 10 253
YIL076W 7 297
YIL075C 1 3
YIL074C 1 2
YIL073C 0 0
YIL072W 0 0
YIL071W-A 0 0
YIL071C 1 138
YIL070C 1 68
YIL069C 6 131
YIL068W-A 1 2
YIL068C 2 96
YIL067C 0 0
YIL066W-A 0 0
YIL066C 1 65
YIL065C 4 59
YIL064W 5 46
YIL063C 3 123
YIL062C 0 0
YIL061C 4 175
YIL060W 0 0
YIL059C 6 97
YIL058W 0 0
YIL057C 2 4
YIL056W 5 108
YIL055C 0 0
YIL054W 7 94
YIL053W 1 1
YIL052C 2 2
YIL051C 4 89
YIL050W 2 33
YIL049W 3 237
YIL048W 0 0
YIL047C-A 3 90
YIL047C 2 19
YIL046W-A 4 56
YIL046W 4 49
YIL045W 1 1
YIL044C 2 92
YIL043C 1 263
YIL042C 2 44
YIL041W 2 109
YIL040W 0 0
YIL039W 0 0
YIL038C 1 1
YIL037C 0 0
YIL036W 1 41
YIL035C 2 86
YIL034C 4 399
YIL033C 0 0
YIL032C 2 13
YIL031W 2 41
YIL030W-A 0 0
YIL030C 1 2
YIL029W-A 0 0
YIL029C 0 0
YIL028W 1 24
YIL027C 3 80
YIL026C 2 17
YIL025C 3 53
YIL024C 4 66
YIL023C 2 65
YIL022W 0 0
YIL021W 3 274
YIL021C-A 3 43
YIL020C-A 1 17
YIL020C 0 0
YIL019W 4 360
YIL018W 0 0
YIL017C 1 1
YIL016W 4 63
YIL015W 2 190
YIL014C-A 0 0
YIL014W 0 0
YIL013C 1 1
YIL012W 1 55
YIL011W 1 1
YIL010W 2 17
YIL009C-A 2 120
YIL009W 4 147
YIL008W 2 179
YIL007C 2 5
YIL006W 5 648
YIL005W 0 0
YIL004C 2 603
YIL003W 1 2
YIL002W-A 6 179
YIL002C 0 0
YIL001W 1 2
YIR001C 3 30
YIR002C 0 0
YIR003W 4 40
YIR004W 1 463
YIR005W 6 192
YIR006C 2 11
YIR007W 2 12
YIR008C 1 1
YIR009W 2 88
YIR010W 0 0
YIR011C 2 30
YIR012W 4 4
YIR013C 1 1
YIR014W 3 170
YIR015W 6 333
YIR016W 3 41
YIR017C 5 403
YIR017W-A 3 144
YIR018W 11 10902
YIR018C-A 1 2
YIR019C 2 153
YIR020C 3 174
YIR020W-A 4 61
YIR020C-B 3 116
YIR021W 1 24
YIR021W-A 0 0
YIR022W 3 693
YIR023W 2 31
YIR023C-A 1 14
YIR024C 4 90
YIR025W 7 330
YIR026C 0 0
YIR027C 1 7
YIR028W 0 0
YIR029W 2 193
YIR030C 0 0
YIR030W-A 0 0
YIR031C 2 29
YIR032C 4 170
YIR033W 1 22
YIR034C 0 0
YIR035C 3 384
YIR036C 2 11
YIR036W-A 2 9
YIR037W 4 94
YIR038C 2 102
YIR039C 0 0
YIR040C 0 0
YIR041W 0 0
YIR042C 4 87
YJL225C 0 0
YJL225W-A 0 0
YJL223C 0 0
YJL222W-B 0 0
YJL222W-A 0 0
YJL222W 0 0
YJL221C 0 0
YJL220W 0 0
YJL219W 0 0
YJL218W 0 0
YJL217W 1 1
YJL216C 0 0
YJL215C 1 29
YJL214W 2 37
YJL213W 3 452
YJL212C 4 93
YJL211C 1 48
YJL210W 3 34
YJL209W 3 60
YJL208C 2 21
YJL207C 2 15
YJL206C 3 39
YJL205C 7 922
YJL204C 2 33
YJL203W 2 34
YJL202C 4 76
YJL201W 4 129
YJL200C 1 1
YJL199C 12 9725
YJL198W 1 10
YJL197W 0 0
YJL197C-A 1 6
YJL196C 3 12
YJL195C 1 1
YJL194W 1 4
YJL193W 1 65
YJL192C 5 39
YJL191W 3 559
YJL190C 1 1
YJL189W 1 17
YJL188C 1 17
YJL187C 0 0
YJL186W 1 2
YJL185C 2 10
YJL184W 2 13
YJL183W 0 0
YJL182C 1 2
YJL181W 0 0
YJL180C 1 1
YJL179W 2 31
YJL178C 5 425
YJL177W 1 6
YJL176C 5 83
YJL175W 0 0
YJL174W 2 3
YJL173C 2 3
YJL172W 2 8
YJL171C 5 216
YJL170C 2 41
YJL169W 2 65
YJL168C 3 207
YJL167W 0 0
YJL166W 3 17
YJL165C 1 14
YJL164C 1 2
YJL163C 4 107
YJL162C 3 164
YJL161W 4 1014
YJL160C 4 32
YJL159W 6 88
YJL158C 6 114
YJL157C 2 67
YJL156W-A 11 3309
YJL156C 6 535
YJL155C 1 10
YJL154C 1 8
YJL153C 2 95
YJL152W 1 11
YJL151C 6 237
YJL150W 5 63
YJL149W 6 66
YJL148W 3 274
YJL147C 2 13
YJL146W 1 3
YJL145W 4 151
YJL144W 4 31
YJL143W 1 9
YJL142C 3 41
YJL141C 0 0
YJL140W 2 5
YJL139C 0 0
YJL138C 2 22
YJL137C 3 29
YJL136W-A 3 106
YJL136C 0 0
YJL135W 3 5
YJL134W 4 221
YJL133C-A 3 48
YJL133W 2 31
YJL132W 2 120
YJL131C 2 20
YJL130C 2 69
YJL129C 0 0
YJL128C 2 109
YJL127W-A 2 109
YJL127C-B 4 30
YJL127C 4 49
YJL126W 2 5
YJL125C 3 8
YJL124C 0 0
YJL123C 1 61
YJL122W 2 5
YJL121C 2 39
YJL120W 1 12
YJL119C 3 67
YJL118W 4 1085
YJL117W 1 2
YJL116C 4 44
YJL115W 0 0
YJL112W 1 2
YJL111W 0 0
YJL110C 1 6
YJL109C 0 0
YJL108C 1 37
YJL107C 2 46
YJL106W 2 113
YJL105W 1 8
YJL104W 3 174
YJL103C 3 53
YJL102W 4 108
YJL101C 5 562
YJL100W 3 50
YJL099W 3 152
YJL098W 2 10
YJL097W 1 34
YJL096W 1 118
YJL095W 0 0
YJL094C 0 0
YJL093C 3 77
YJL092W 0 0
YJL091C 1 20
YJL090C 1 4
YJL089W 3 54
YJL088W 6 897
YJL087C 0 0
YJL086C 0 0
YJL085W 1 20
YJL084C 1 39
YJL083W 2 7
YJL082W 0 0
YJL081C 3 109
YJL080C 2 8
YJL079C 2 74
YJL078C 3 36
YJL077W-B 3 19
YJL077C 4 101
YJL077W-A 5 40
YJL076W 2 37
YJL075C 0 0
YJL074C 3 860
YJL073W 0 0
YJL072C 0 0
YJL071W 1 17
YJL070C 1 24
YJL069C 2 59
YJL068C 7 108
YJL067W 11 534
YJL066C 2 37
YJL065C 1 31
YJL064W 2 21
YJL063C 2 13
YJL062W-A 9 161
YJL062W 2 3
YJL061W 0 0
YJL060W 1 3
YJL059W 1 1
YJL058C 0 0
YJL057C 4 32
YJL056C 2 21
YJL055W 4 177
YJL054W 5 348
YJL053W 6 381
YJL052C-A 4 85
YJL052W 1 1
YJL051W 0 0
YJL050W 4 159
YJL049W 1 2
YJL048C 3 272
YJL047C-A 0 0
YJL047C 2 13
YJL046W 4 186
YJL045W 2 15
YJL044C 4 35
YJL043W 0 0
YJL042W 2 44
YJL041W 0 0
YJL039C 0 0
YJL038C 0 0
YJL037W 4 34
YJL036W 1 1
YJL035C 2 1069
YJL034W 4 312
YJL033W 2 23
YJL032W 1 6
YJL031C 2 8
YJL030W 0 0
YJL029C 1 2
YJL028W 1 1
YJL027C 3 5
YJL026W 4 83
YJL026C-A 2 102
YJL025W 0 0
YJL024C 3 11
YJL023C 3 131
YJL022W 0 0
YJL020C 0 0
YJL020W-A 0 0
YJL019W 0 0
YJL016W 0 0
YJL015C 2 130
YJL014W 2 130
YJL013C 12 6369
YJL012C 1 10
YJL011C 2 7
YJL010C 1 16
YJL009W 2 15
YJL008C 5 1608
YJL007C 5 718
YJL006C 3 97
YJL005W 0 0
YJL004C 9 154
YJL003W 3 17
YJL002C 3 139
YJL001W 2 116
YJR001W 5 608
YJR002W 4 625
YJR003C 2 43
YJR004C 1 4
YJR005W 3 443
YJR005C-A 1 8
YJR006W 0 0
YJR007W 0 0
YJR008W 2 45
YJR009C 4 20
YJR010W 0 0
YJR010C-A 2 6
YJR011C 1 16
YJR012C 1 1
YJR013W 3 107
YJR014W 4 88
YJR015W 7 33
YJR016C 1 4
YJR017C 4 23
YJR018W 0 0
YJR019C 2 88
YJR020W 4 69
YJR021C 4 40
YJR022W 2 15
YJR023C 0 0
YJR024C 5 411
YJR025C 0 0
YJR030C 0 0
YJR031C 0 0
YJR032W 0 0
YJR033C 7 93
YJR034W 2 11
YJR035W 1 55
YJR036C 0 0
YJR037W 0 0
YJR038C 0 0
YJR039W 1 22
YJR040W 4 117
YJR041C 0 0
YJR042W 5 59
YJR043C 3 137
YJR044C 8 436
YJR045C 1 1
YJR046W 2 12
YJR047C 1 6
YJR048W 10 562
YJR049C 10 137
YJR050W 4 67
YJR051W 2 13
YJR052W 1 1
YJR053W 2 76
YJR054W 0 0
YJR055W 4 38
YJR056C 0 0
YJR057W 3 279
YJR058C 0 0
YJR059W 1 2
YJR060W 1 24
YJR061W 0 0
YJR062C 5 145
YJR063W 2 172
YJR064W 6 225
YJR065C 3 27
YJR066W 5 88
YJR067C 1 8
YJR068W 1 3
YJR069C 0 0
YJR070C 3 4
YJR071W 0 0
YJR072C 3 14
YJR073C 2 7
YJR074W 4 764
YJR075W 4 60
YJR076C 4 119
YJR077C 4 18
YJR078W 4 25
YJR079W 3 36
YJR080C 3 18
YJR082C 1 4
YJR083C 7 389
YJR084W 6 275
YJR085C 4 41
YJR086W 7 400
YJR087W 1 29
YJR088C 2 43
YJR089W 2 33
YJR090C 0 0
YJR091C 2 447
YJR092W 3 838
YJR093C 2 28
YJR094C 1 417
YJR094W-A 2 15
YJR095W 0 0
YJR096W 3 93
YJR097W 0 0
YJR098C 2 83
YJR099W 0 0
YJR100C 4 59
YJR101W 1 1
YJR102C 1 4
YJR103W 3 69
YJR104C 1 97
YJR105W 7 162
YJR106W 0 0
YJR107W 0 0
YJR108W 2 51
YJR109C 2 35
YJR110W 0 0
YJR111C 1 11
YJR112W 4 437
YJR112W-A 7 482
YJR113C 6 407
YJR114W 4 540
YJR115W 3 15
YJR116W 1 7
YJR117W 2 188
YJR118C 1 3
YJR119C 6 64
YJR120W 7 255
YJR121W 1 3
YJR122W 2 2
YJR123W 0 0
YJR124C 2 4
YJR125C 2 5
YJR126C 6 78
YJR127C 2 17
YJR128W 1 2
YJR129C 0 0
YJR130C 6 919
YJR131W 2 8
YJR132W 1 46
YJR133W 1 38
YJR134C 0 0
YJR135C 3 125
YJR135W-A 2 42
YJR136C 2 3
YJR137C 9 313
YJR138W 1 1
YJR139C 1 33
YJR140C 5 66
YJR140W-A 1 1
YJR141W 2 197
YJR142W 3 21
YJR143C 1 71
YJR144W 3 394
YJR145C 1 2
YJR146W 4 94
YJR147W 0 0
YJR148W 1 45
YJR149W 8 461
YJR150C 4 26
YJR151C 4 24
YJR151W-A 1 11
YJR152W 1 10
YJR153W 2 19
YJR154W 1 2
YJR155W 2 145
YJR156C 0 0
YJR157W 0 0
YJR158W 0 0
YJR159W 0 0
YJR160C 0 0
YJR161C 2 132
YJR162C 4 1373
YKL225W 2 66
YKL224C 0 0
YKL223W 0 0
YKL222C 0 0
YKL221W 3 35
YKL220C 0 0
YKL219W 4 119
YKL218C 0 0
YKL217W 4 90
YKL216W 3 46
YKL215C 1 3
YKL214C 1 3
YKL213C 5 43
YKL212W 1 21
YKL211C 2 36
YKL210W 0 0
YKL209C 4 23
YKL208W 1 10
YKL207W 2 50
YKL206C 0 0
YKL205W 2 13
YKL204W 4 21
YKL203C 0 0
YKL202W 0 0
YKL201C 4 178
YKL198C 2 6
YKL197C 4 6930
YKL196C 2 27
YKL195W 3 421
YKL194C 3 110
YKL193C 4 137
YKL192C 3 237
YKL191W 1 50
YKL190W 7 289
YKL189W 0 0
YKL188C 1 3
YKL187C 5 234
YKL186C 8 453
YKL185W 0 0
YKL184W 0 0
YKL183C-A 0 0
YKL183W 1 8
YKL182W 1 4
YKL181W 0 0
YKL180W 0 0
YKL179C 4 206
YKL178C 1 1
YKL177W 1 2
YKL176C 2 7
YKL175W 7 318
YKL174C 1 38
YKL173W 2 37
YKL172W 0 0
YKL171W 3 14
YKL170W 4 16
YKL169C 0 0
YKL168C 5 39
YKL167C 1 327
YKL166C 0 0
YKL165C-A 6 229
YKL165C 0 0
YKL164C 2 5
YKL163W 0 0
YKL162C-A 0 0
YKL162C 0 0
YKL161C 0 0
YKL160W 3 9
YKL159C 0 0
YKL157W 2 2
YKL156W 7 2071
YKL156C-A 2 17
YKL155C 0 0
YKL154W 1 20
YKL153W 2 21
YKL152C 1 22
YKL151C 3 29
YKL150W 5 2109
YKL149C 3 65
YKL148C 1 4
YKL147C 2 9
YKL146W 5 33
YKL145W 2 13
YKL145W-A 0 0
YKL144C 2 12
YKL143W 3 82
YKL142W 2 7
YKL141W 1 2
YKL140W 1 8
YKL139W 0 0
YKL138C-A 3 48
YKL138C 0 0
YKL137W 0 0
YKL136W 1 8
YKL135C 0 0
YKL134C 4 11
YKL133C 2 2
YKL132C 0 0
YKL131W 1 9
YKL130C 1 39
YKL129C 1 154
YKL128C 2 2
YKL127W 5 912
YKL126W 1 7
YKL125W 1 1
YKL124W 2 59
YKL123W 1 7
YKL122C 2 10
YKL121W 1 2
YKL120W 2 83
YKL119C 0 0
YKL118W 1 1
YKL117W 5 56
YKL116C 1 4
YKL115C 0 0
YKL114C 4 266
YKL113C 3 31
YKL112W 1 14
YKL111C 1 7
YKL110C 4 66
YKL109W 1 58
YKL108W 1 137
YKL107W 0 0
YKL106C-A 4 186
YKL106W 0 0
YKL105C 0 0
YKL104C 0 0
YKL103C 1 5
YKL102C 5 350
YKL101W 0 0
YKL100C 4 42
YKL100W-A 1 18
YKL099C 2 39
YKL098W 4 331
YKL097C 4 442
YKL096C-B 0 0
YKL096W-A 0 0
YKL096W 1 5
YKL095W 1 24
YKL094W 5 172
YKL093W 2 10
YKL092C 0 0
YKL091C 2 51
YKL090W 5 126
YKL089W 5 83
YKL088W 3 102
YKL087C 0 0
YKL086W 4 135
YKL085W 1 7
YKL084W 6 57
YKL083W 1 2
YKL082C 0 0
YKL081W 3 366
YKL080W 0 0
YKL079W 0 0
YKL078W 5 339
YKL077W 0 0
YKL076C 0 0
YKL075C 1 4
YKL074C 5 141
YKL073W 5 89
YKL072W 1 3
YKL071W 0 0
YKL070W 0 0
YKL069W 8 177
YKL068W-A 2 78
YKL068W 1 4
YKL067W 0 0
YKL066W 0 0
YKL065W-A 3 14
YKL065C 1 1
YKL064W 1 91
YKL063C 3 60
YKL062W 1 20
YKL061W 0 0
YKL060C 3 115
YKL059C 1 2
YKL058W 2 3
YKL057C 1 26
YKL056C 2 3
YKL055C 0 0
YKL054C 0 0
YKL053C-A 1 39
YKL053W 2 40
YKL052C 11 252
YKL051W 2 7
YKL050C 1 1
YKL049C 1 3
YKL048C 1 8
YKL047W 2 6
YKL046C 2 58
YKL045W 1 1
YKL044W 3 153
YKL043W 1 9
YKL042W 0 0
YKL041W 0 0
YKL040C 1 3
YKL039W 2 32
YKL038W 1 1
YKL037W 7 432
YKL036C 1 2
YKL035W 2 12
YKL034W 0 0
YKL033W-A 0 0
YKL033W 3 49
YKL032C 1 1
YKL031W 0 0
YKL030W 2 5
YKL029C 2 65
YKL028W 3 173
YKL027W 0 0
YKL026C 1 2
YKL025C 2 25
YKL024C 0 0
YKL023C-A 1 1
YKL023W 7 90
YKL022C 1 3
YKL021C 0 0
YKL020C 1 4
YKL019W 3 149
YKL018C-A 4 300
YKL018W 0 0
YKL017C 7 740
YKL016C 2 42
YKL015W 2 29
YKL014C 0 0
YKL013C 1 77
YKL012W 0 0
YKL011C 4 132
YKL010C 1 301
YKL009W 4 66
YKL008C 6 151
YKL007W 10 641
YKL006C-A 5 37
YKL006W 1 25
YKL005C 1 27
YKL004W 2 8
YKL003C 3 623
YKL002W 0 0
YKL001C 4 362
YKR001C 2 20
YKR002W 0 0
YKR003W 0 0
YKR004C 2 88
YKR005C 0 0
YKR006C 4 39
YKR007W 4 548
YKR008W 3 48
YKR009C 3 14
YKR010C 0 0
YKR011C 0 0
YKR012C 1 1
YKR013W 4 93
YKR014C 0 0
YKR015C 1 17
YKR016W 0 0
YKR017C 1 12
YKR018C 4 65
YKR019C 1 3
YKR020W 2 18
YKR021W 1 2
YKR022C 1 7
YKR023W 4 89
YKR024C 0 0
YKR025W 2 5
YKR026C 0 0
YKR027W 2 9
YKR028W 1 1
YKR029C 5 585
YKR030W 2 97
YKR031C 4 66
YKR032W 2 26
YKR033C 0 0
YKR034W 1 12
YKR035C 0 0
YKR035W-A 1 1
YKR036C 1 23
YKR037C 0 0
YKR038C 7 120
YKR039W 4 39
YKR040C 4 615
YKR041W 6 47
YKR042W 2 5
YKR043C 2 234
YKR044W 1 22
YKR045C 1 3
YKR046C 8 62
YKR047W 3 25
YKR048C 2 3
YKR049C 3 16
YKR050W 5 4090
YKR051W 1 176
YKR052C 0 0
YKR053C 2 8
YKR054C 1 42
YKR055W 2 41
YKR056W 1 4
YKR057W 4 188
YKR058W 5 74
YKR059W 0 0
YKR060W 1 1
YKR061W 5 772
YKR062W 1 69
YKR063C 2 27
YKR064W 2 56
YKR065C 4 38
YKR066C 6 252
YKR067W 2 72
YKR068C 2 96
YKR069W 1 5
YKR070W 2 22
YKR071C 1 1
YKR072C 3 33
YKR073C 1 1
YKR074W 3 124
YKR075C 3 45
YKR075W-A 1 2
YKR076W 0 0
YKR077W 2 31
YKR078W 4 244
YKR079C 0 0
YKR080W 2 311
YKR081C 3 46
YKR082W 1 10
YKR083C 1 16
YKR084C 1 10
YKR085C 1 24
YKR086W 1 390
YKR087C 3 21
YKR088C 4 18
YKR089C 0 0
YKR090W 0 0
YKR091W 1 18
YKR092C 4 13
YKR093W 2 4
YKR094C 1 3
YKR095W 2 37
YKR095W-A 4 34
YKR096W 1 7
YKR097W 2 7
YKR098C 0 0
YKR099W 1 43
YKR100C 1 33
YKR101W 8 161
YKR102W 0 0
YKR103W 1 1
YKR104W 0 0
YKR105C 0 0
YKR106W 0 0
YLL067C 0 0
YLL067W-A 0 0
YLL066W-B 0 0
YLL066C 0 0
YLL066W-A 0 0
YLL065W 0 0
YLL064C 0 0
YLL063C 5 1406
YLL062C 0 0
YLL061W 5 289
YLL060C 7 79
YLL059C 2 13
YLL058W 3 6
YLL057C 2 30
YLL056C 1 30
YLL055W 1 2
YLL054C 0 0
YLL053C 1 6
YLL052C 1 3
YLL051C 1 2
YLL050C 2 531
YLL049W 6 1250
YLL048C 0 0
YLL047W 0 0
YLL046C 0 0
YLL045C 4 329
YLL044W 0 0
YLL043W 1 66
YLL042C 2 4
YLL041C 4 11
YLL040C 0 0
YLL039C 2 47
YLL038C 3 46
YLL037W 1 7
YLL036C 3 259
YLL035W 2 21
YLL034C 1 20
YLL033W 5 819
YLL032C 1 2
YLL031C 4 82
YLL030C 1 1
YLL029W 0 0
YLL028W 1 32
YLL027W 0 0
YLL026W 5 172
YLL025W 0 0
YLL024C 2 16
YLL023C 4 30
YLL022C 2 37
YLL021W 1 1
YLL020C 0 0
YLL019C 1 5
YLL019W-A 0 0
YLL018C-A 2 50
YLL018C 1 65
YLL015W 1 9
YLL014W 3 33
YLL013C 0 0
YLL012W 2 6
YLL011W 1 19
YLL010C 0 0
YLL009C 3 35
YLL008W 0 0
YLL007C 1 5
YLL006W-A 2 7
YLL006W 4 170
YLL005C 2 7
YLL004W 3 142
YLL003W 2 14
YLL002W 5 133
YLL001W 3 64
YLR001C 3 11
YLR002C 4 36
YLR003C 4 314
YLR004C 3 9
YLR005W 8 799
YLR006C 0 0
YLR007W 3 1557
YLR008C 1 2
YLR009W 2 3
YLR010C 3 26
YLR011W 0 0
YLR012C 1 1
YLR013W 0 0
YLR014C 2 24
YLR015W 2 7
YLR016C 3 19
YLR017W 2 2322
YLR018C 1 2
YLR019W 0 0
YLR020C 3 10
YLR021W 5 16
YLR022C 0 0
YLR023C 2 16
YLR024C 0 0
YLR025W 0 0
YLR026C 0 0
YLR027C 6 761
YLR028C 3 380
YLR029C 4 38
YLR030W 1 26
YLR031W 0 0
YLR032W 4 201
YLR033W 3 98
YLR034C 4 14
YLR035C 3 149
YLR036C 5 358
YLR037C 0 0
YLR038C 8 198
YLR039C 2 231
YLR040C 2 7
YLR041W 0 0
YLR042C 0 0
YLR043C 6 309
YLR044C 3 17
YLR045C 2 431
YLR046C 0 0
YLR047C 2 458
YLR048W 2 2
YLR049C 3 17
YLR050C 2 89
YLR051C 0 0
YLR052W 2 80
YLR053C 2 74
YLR054C 0 0
YLR055C 5 81
YLR056W 0 0
YLR057W 2 59
YLR058C 2 34
YLR059C 4 340
YLR060W 1 18
YLR061W 7 326
YLR062C 3 11
YLR063W 8 2984
YLR064W 2 92
YLR065C 0 0
YLR066W 1 48
YLR067C 1 17
YLR068W 2 8
YLR069C 3 67
YLR070C 6 292
YLR071C 1 1
YLR072W 0 0
YLR073C 1 2
YLR074C 1 5
YLR075W 2 71
YLR076C 2 86
YLR077W 1 3
YLR078C 4 50
YLR079W 3 18
YLR080W 1 3
YLR081W 6 478
YLR082C 3 19
YLR083C 0 0
YLR084C 2 6
YLR085C 2 177
YLR086W 1 7
YLR087C 1 6
YLR088W 2 4
YLR089C 0 0
YLR090W 1 1
YLR091W 0 0
YLR092W 5 166
YLR093C 2 7
YLR094C 6 65
YLR095C 3 127
YLR096W 0 0
YLR097C 0 0
YLR098C 4 365
YLR099C 4 136
YLR099W-A 6 99
YLR100W 3 41
YLR101C 3 6
YLR102C 2 28
YLR103C 0 0
YLR104W 2 61
YLR105C 3 5
YLR106C 0 0
YLR107W 2 11
YLR108C 3 81
YLR109W 3 173
YLR110C 0 0
YLR111W 11 881
YLR112W 7 36
YLR113W 4 268
YLR114C 1 7
YLR115W 4 55
YLR116W 1 1
YLR117C 6 119
YLR118C 3 2067
YLR119W 7 2116
YLR120C 0 0
YLR120W-A 2 56
YLR121C 5 172
YLR122C 0 0
YLR123C 1 1
YLR124W 1 4
YLR125W 0 0
YLR126C 2 14
YLR127C 0 0
YLR128W 3 47
YLR129W 2 129
YLR130C 1 3
YLR131C 0 0
YLR132C 2 9
YLR133W 4 34
YLR134W 0 0
YLR135W 3 12
YLR136C 2 29
YLR137W 5 241
YLR138W 1 7
YLR139C 5 447
YLR140W 0 0
YLR141W 8 68
YLR142W 4 12
YLR143W 4 32
YLR144C 2 12
YLR145W 3 37
YLR146C 1 4
YLR146W-A 3 84
YLR147C 4 156
YLR148W 2 80
YLR149C 3 26
YLR149C-A 2 3
YLR150W 1 1
YLR151C 6 336
YLR152C 0 0
YLR153C 7 95
YLR154C 7 337
YLR154W-A 0 0
YLR154W-B 0 0
YLR154W-C 0 0
YLR154W-E 0 0
YLR154W-F 0 0
YLR154C-G 0 0
YLR154C-H 0 0
YLR155C 0 0
YLR156W 0 0
YLR156C-A 0 0
YLR157C 0 0
YLR157W-D 0 0
YLR157W-E 1 23
YLR157C-C 0 0
YLR158C 0 0
YLR159W 0 0
YLR159C-A 0 0
YLR160C 0 0
YLR161W 0 0
YLR162W 2 4
YLR162W-A 0 0
YLR163C 4 153
YLR163W-A 3 32
YLR164W 4 21
YLR165C 2 74
YLR166C 1 98
YLR167W 1 1
YLR168C 2 128
YLR169W 2 128
YLR170C 7 230
YLR171W 0 0
YLR172C 8 119
YLR173W 1 23
YLR174W 5 285
YLR175W 5 60
YLR176C 4 39
YLR177W 3 9
YLR178C 4 11
YLR179C 8 109
YLR180W 1 2
YLR181C 1 44
YLR182W 1 9
YLR183C 0 0
YLR184W 0 0
YLR185W 1 9
YLR186W 2 9
YLR187W 0 0
YLR188W 2 39
YLR189C 2 66
YLR190W 1 1
YLR191W 1 1
YLR192C 0 0
YLR193C 1 157
YLR194C 0 0
YLR195C 2 293
YLR196W 0 0
YLR197W 0 0
YLR198C 2 7
YLR199C 2 43
YLR200W 1 3
YLR201C 2 7
YLR202C 1 9
YLR203C 1 81
YLR204W 3 65
YLR205C 4 3989
YLR206W 4 113
YLR207W 0 0
YLR208W 1 16
YLR209C 3 23
YLR210W 0 0
YLR211C 1 1
YLR212C 3 42
YLR213C 2 7
YLR214W 3 96
YLR215C 0 0
YLR216C 4 163
YLR217W 0 0
YLR218C 3 32
YLR219W 2 5
YLR220W 2 435
YLR221C 2 43
YLR222C 3 371
YLR222C-A 0 0
YLR223C 1 4
YLR224W 0 0
YLR225C 2 7
YLR226W 1 2
YLR227C 5 91
YLR228C 1 30
YLR229C 0 0
YLR230W 0 0
YLR231C 3 20
YLR232W 0 0
YLR233C 4 120
YLR234W 0 0
YLR235C 8 137
YLR236C 1 1
YLR237W 6 112
YLR238W 1 4
YLR239C 2 131
YLR240W 1 4
YLR241W 3 171
YLR242C 0 0
YLR243W 1 1
YLR244C 3 37
YLR245C 4 31
YLR246W 3 16
YLR247C 2 7
YLR248W 0 0
YLR249W 1 1
YLR250W 1 1
YLR251W 0 0
YLR252W 0 0
YLR253W 1 7
YLR254C 1 6
YLR255C 3 67
YLR256W 2 55
YLR257W 0 0
YLR258W 1 1
YLR259C 5 49
YLR260W 0 0
YLR261C 0 0
YLR262C 1 965
YLR262C-A 2 4
YLR263W 0 0
YLR264W 1 13
YLR264C-A 3 406
YLR265C 4 77
YLR266C 6 153
YLR267W 1 3
YLR268W 2 4
YLR269C 0 0
YLR270W 3 29
YLR271W 4 208
YLR272C 1 5
YLR273C 0 0
YLR274W 2 128
YLR275W 2 3
YLR276C 1 2
YLR277C 4 63
YLR278C 1 31
YLR279W 1 16
YLR280C 1 3
YLR281C 9 1017
YLR282C 0 0
YLR283W 5 234
YLR284C 0 0
YLR285W 0 0
YLR285C-A 1 28
YLR286C 0 0
YLR286W-A 1 2
YLR287C 0 0
YLR287C-A 6 101
YLR288C 6 204
YLR289W 2 72
YLR290C 2 28
YLR291C 2 80
YLR292C 5 18
YLR293C 0 0
YLR294C 2 7
YLR295C 2 3
YLR296W 6 79
YLR297W 2 24
YLR298C 6 140
YLR299W 1 1
YLR299C-A 3 39
YLR300W 1 1
YLR301W 4 128
YLR302C 0 0
YLR303W 4 63
YLR304C 4 69
YLR305C 4 45
YLR306W 2 67
YLR307W 0 0
YLR307C-A 0 0
YLR308W 0 0
YLR309C 2 54
YLR310C 1 43
YLR311C 0 0
YLR312C 3 10
YLR312W-A 7 902
YLR313C 0 0
YLR314C 3 64
YLR315W 2 6
YLR316C 4 22
YLR317W 1 1
YLR318W 6 194
YLR319C 1 2
YLR320W 0 0
YLR321C 4 20
YLR322W 3 31
YLR323C 1 9
YLR324W 5 161
YLR325C 2 231
YLR326W 5 227
YLR327C 2 10
YLR328W 3 5
YLR329W 1 1
YLR330W 2 21
YLR331C 0 0
YLR332W 0 0
YLR333C 4 50
YLR334C 1 12
YLR335W 2 2
YLR336C 0 0
YLR337C 0 0
YLR338W 3 79
YLR339C 0 0
YLR340W 1 1
YLR341W 2 10
YLR342W 1 3
YLR342W-A 1 4
YLR343W 0 0
YLR344W 0 0
YLR345W 3 102
YLR346C 2 3
YLR347C 0 0
YLR347W-A 0 0
YLR348C 8 971
YLR349W 6 422
YLR350W 3 43
YLR351C 3 55
YLR352W 1 2
YLR353W 2 10
YLR354C 5 21
YLR355C 1 26
YLR356W 1 11
YLR357W 3 200
YLR358C 4 121
YLR359W 2 2
YLR360W 1 7
YLR361C 6 41
YLR361C-A 0 0
YLR362W 2 45
YLR363C 0 0
YLR363W-A 1 22
YLR364W 2 2282
YLR365W 2 15
YLR364C-A 6 38
YLR366W 0 0
YLR367W 6 282
YLR368W 3 243
YLR369W 2 33
YLR370C 1 99
YLR371W 2 218
YLR372W 0 0
YLR373C 1 126
YLR374C 1 1
YLR375W 1 108
YLR376C 7 664
YLR377C 5 15
YLR378C 0 0
YLR379W 2 27
YLR380W 1 90
YLR381W 1 4
YLR382C 5 51
YLR383W 0 0
YLR384C 4 9
YLR385C 0 0
YLR386W 4 407
YLR387C 3 401
YLR388W 2 7
YLR389C 0 0
YLR390W 3 97
YLR390W-A 7 317
YLR392C 2 17
YLR393W 2 26
YLR394W 0 0
YLR395C 3 61
YLR396C 1 6
YLR397C 4 581
YLR398C 1 21
YLR399C 5 45
YLR399W-A 0 0
YLR400W 0 0
YLR401C 3 32
YLR402W 4 70
YLR403W 0 0
YLR404W 0 0
YLR405W 5 373
YLR406C 5 18
YLR406C-A 6 81
YLR407W 1 60
YLR408C 6 163
YLR409C 2 23
YLR410W 1 9
YLR411W 2 9
YLR412W 3 224
YLR412C-A 0 0
YLR413W 2 82
YLR414C 1 51
YLR415C 3 10
YLR416C 6 126
YLR417W 4 52
YLR418C 0 0
YLR419W 0 0
YLR420W 1 101
YLR421C 4 108
YLR422W 1 22
YLR423C 0 0
YLR424W 1 120
YLR425W 1 64
YLR426W 3 50
YLR427W 0 0
YLR428C 4 22
YLR429W 3 60
YLR430W 0 0
YLR431C 1 2
YLR432W 1 1
YLR433C 0 0
YLR434C 2 44
YLR435W 0 0
YLR436C 2 8
YLR437C 5 74
YLR437C-A 1 1
YLR438W 6 415
YLR438C-A 1 2
YLR439W 1 17
YLR440C 1 1
YLR441C 1 158
YLR442C 4 59
YLR443W 0 0
YLR444C 2 10
YLR445W 3 103
YLR446W 4 1366
YLR447C 1 53
YLR448W 1 4
YLR449W 1 4
YLR450W 2 17
YLR451W 1 1
YLR452C 2 145
YLR453C 3 108
YLR454W 3 386
YLR455W 0 0
YLR456W 1 2
YLR457C 3 132
YLR458W 1 32
YLR459W 5 140
YLR460C 2 244
YLR461W 0 0
YLR462W 1 1
YLR463C 0 0
YLR464W 0 0
YLR465C 0 0
YLR466W 0 0
YLR466C-A 0 0
YLR466C-B 0 0
YLR467W 0 0
YLR467C-A 0 0
YML133C 0 0
YML133W-B 0 0
YML133W-A 0 0
YML132W 0 0
YML131W 2 215
YML130C 1 9
YML129C 4 93
YML128C 1 4
YML127W 1 1
YML126C 2 163
YML125C 6 88
YML124C 5 103
YML123C 0 0
YML122C 6 44
YML121W 0 0
YML120C 2 35
YML119W 0 0
YML118W 0 0
YML117W 2 95
YML116W-A 2 96
YML116W 1 12
YML115C 1 31
YML114C 0 0
YML113W 3 175
YML112W 1 1
YML111W 0 0
YML110C 8 676
YML109W 3 12
YML108W 3 14
YML107C 4 26
YML106W 0 0
YML105C 1 5
YML104C 0 0
YML103C 3 81
YML102W 1 3
YML101C-A 4 79
YML101C 7 136
YML100W-A 5 141
YML100W 5 240
YML099W-A 0 0
YML099C 7 427
YML098W 1 1
YML097C 2 339
YML096W 1 369
YML095C 0 0
YML094C-A 1 6
YML094W 1 10
YML093W 6 847
YML092C 0 0
YML091C 0 0
YML090W 2 33
YML089C 5 164
YML088W 5 326
YML087C 7 1156
YML086C 0 0
YML085C 2 46
YML084W 2 46
YML083C 2 17
YML082W 8 1005
YML081C-A 1 1
YML081W 0 0
YML080W 0 0
YML079W 2 154
YML078W 3 277
YML077W 1 16
YML076C 7 712
YML075C 3 170
YML074C 4 200
YML073C 2 35
YML072C 6 143
YML071C 1 7
YML070W 4 64
YML069W 0 0
YML068W 1 1
YML067C 1 2
YML066C 1 26
YML065W 0 0
YML064C 0 0
YML063W 3 67
YML062C 0 0
YML061C 1 46
YML060W 3 148
YML059C 1 7
YML058W-A 4 133
YML058W 7 89
YML057C-A 2 13
YML057W 0 0
YML056C 0 0
YML055W 1 69
YML054C 5 58
YML054C-A 5 202
YML053C 1 41
YML052W 7 128
YML051W 7 645
YML050W 9 630
YML049C 5 50
YML048W 3 39
YML047W-A 0 0
YML047C 0 0
YML046W 0 0
YML043C 0 0
YML042W 4 22
YML041C 5 53
YML038C 2 56
YML037C 1 2
YML036W 0 0
YML035C 0 0
YML034C-A 1 42
YML034W 0 0
YML032C 0 0
YML031C-A 1 9
YML031W 0 0
YML030W 1 92
YML029W 3 36
YML028W 6 243
YML027W 1 13
YML026C 1 6
YML025C 6 172
YML024W 2 39
YML023C 1 4
YML022W 1 26
YML021C 11 2443
YML020W 3 68
YML019W 3 40
YML018C 2 16
YML017W 2 45
YML016C 0 0
YML015C 2 8
YML014W 4 43
YML013W 5 443
YML012C-A 7 124
YML012W 6 840
YML011C 8 91
YML010W 3 111
YML009W-B 0 0
YML009C-A 3 24
YML009C 10 912
YML008C 1 1
YML007C-A 5 747
YML007W 1 11
YML006C 0 0
YML005W 3 177
YML004C 6 1124
YML003W 0 0
YML002W 0 0
YML001W 1 4
YMR001C 1 44
YMR001C-A 3 27
YMR002W 3 143
YMR003W 6 88
YMR004W 1 1
YMR005W 0 0
YMR006C 2 11
YMR007W 1 1
YMR008C 0 0
YMR009W 0 0
YMR010W 2 47
YMR011W 3 8
YMR012W 0 0
YMR013C 1 8
YMR013C-A 1 5
YMR013W-A 1 4
YMR014W 7 1087
YMR015C 0 0
YMR016C 0 0
YMR017W 2 55
YMR018W 1 1
YMR019W 4 119
YMR020W 1 14
YMR021C 1 3
YMR022W 2 63
YMR023C 4 135
YMR024W 2 245
YMR025W 1 2
YMR026C 0 0
YMR027W 2 113
YMR028W 0 0
YMR029C 1 1
YMR030W 4 634
YMR031C 1 14
YMR031W-A 3 49
YMR032W 0 0
YMR030W-A 0 0
YMR033W 3 150
YMR034C 0 0
YMR035W 2 27
YMR036C 2 41
YMR037C 3 51
YMR038C 0 0
YMR039C 2 163
YMR040W 1 1
YMR041C 5 118
YMR042W 2 24
YMR043W 3 23
YMR044W 1 5
YMR046W-A 0 0
YMR047C 1 10
YMR048W 7 700
YMR049C 2 106
YMR052W 1 65
YMR052C-A 0 0
YMR053C 2 10
YMR054W 3 446
YMR055C 4 99
YMR056C 3 85
YMR057C 2 33
YMR058W 2 33
YMR059W 2 79
YMR060C 1 25
YMR061W 3 85
YMR062C 0 0
YMR063W 9 1194
YMR064W 3 42
YMR065W 4 30
YMR066W 6 156
YMR067C 3 73
YMR068W 4 33
YMR069W 2 554
YMR070W 1 4
YMR071C 5 33
YMR072W 2 50
YMR073C 5 97
YMR074C 4 10
YMR075W 4 89
YMR075C-A 6 89
YMR076C 1 22
YMR077C 2 46
YMR078C 2 95
YMR079W 4 25
YMR080C 0 0
YMR081C 2 3
YMR082C 3 16
YMR083W 2 95
YMR084W 0 0
YMR085W 0 0
YMR086W 2 6
YMR086C-A 5 93
YMR087W 4 80
YMR088C 0 0
YMR089C 0 0
YMR090W 0 0
YMR091C 0 0
YMR092C 3 17
YMR093W 3 145
YMR094W 1 122
YMR095C 1 2
YMR096W 3 12
YMR097C 2 92
YMR098C 0 0
YMR099C 4 28
YMR100W 0 0
YMR101C 0 0
YMR102C 2 61
YMR103C 6 124
YMR104C 3 35
YMR105C 0 0
YMR105W-A 6 349
YMR106C 2 17
YMR107W 2 18
YMR108W 1 24
YMR109W 2 13
YMR110C 5 284
YMR111C 1 35
YMR112C 4 128
YMR113W 0 0
YMR114C 2 57
YMR115W 3 64
YMR116C 1 5
YMR117C 7 902
YMR118C 4 238
YMR119W 0 0
YMR119W-A 3 138
YMR120C 3 67
YMR121C 4 91
YMR122C 4 194
YMR122W-A 3 18
YMR123W 1 15
YMR124W 4 34
YMR125W 1 10
YMR126C 0 0
YMR127C 0 0
YMR128W 2 4
YMR129W 3 57
YMR130W 2 70
YMR131C 1 7
YMR132C 3 63
YMR133W 2 5
YMR134W 0 0
YMR135C 9 653
YMR135W-A 2 34
YMR136W 2 7
YMR137C 1 13
YMR138W 1 1
YMR139W 3 29
YMR140W 1 1
YMR141C 5 118
YMR142C 1 2
YMR141W-A 0 0
YMR143W 2 13
YMR144W 0 0
YMR145C 2 7
YMR146C 2 109
YMR147W 2 52
YMR148W 0 0
YMR149W 3 72
YMR150C 2 17
YMR151W 1 2
YMR152W 1 11
YMR153W 0 0
YMR153C-A 1 8
YMR154C 6 104
YMR155W 3 505
YMR156C 0 0
YMR157C 1 13
YMR158W 2 9
YMR158C-A 3 21
YMR158W-B 2 494
YMR159C 6 154
YMR160W 2 27
YMR161W 2 111
YMR162C 3 16
YMR163C 3 7
YMR164C 0 0
YMR165C 0 0
YMR166C 1 1
YMR167W 5 57
YMR168C 5 38
YMR169C 1 12
YMR170C 2 14
YMR171C 2 106
YMR172W 0 0
YMR172C-A 0 0
YMR173W 0 0
YMR173W-A 0 0
YMR174C 4 97
YMR175W 4 224
YMR175W-A 1 9
YMR176W 2 4
YMR177W 1 8
YMR178W 6 65
YMR179W 2 9
YMR180C 4 73
YMR181C 1 2
YMR182C 0 0
YMR182W-A 3 143
YMR183C 1 15
YMR184W 1 4
YMR185W 1 4
YMR186W 3 85
YMR187C 4 18
YMR188C 3 100
YMR189W 6 102
YMR190C 4 24
YMR191W 9 1207
YMR192W 2 5
YMR193W 3 28
YMR193C-A 2 28
YMR194W 5 67
YMR194C-B 4 338
YMR194C-A 6 5069
YMR195W 5 95
YMR196W 0 0
YMR197C 2 173
YMR198W 0 0
YMR199W 0 0
YMR200W 2 277
YMR201C 4 140
YMR202W 2 29
YMR203W 4 38
YMR204C 0 0
YMR205C 0 0
YMR206W 5 343
YMR207C 3 31
YMR208W 0 0
YMR209C 2 37
YMR210W 2 56
YMR211W 2 11
YMR212C 0 0
YMR213W 3 8
YMR214W 7 48
YMR215W 0 0
YMR216C 5 2950
YMR217W 2 10
YMR218C 0 0
YMR219W 3 23
YMR220W 0 0
YMR221C 4 295
YMR222C 0 0
YMR223W 1 10
YMR224C 3 73
YMR225C 7 156
YMR226C 7 48
YMR227C 0 0
YMR228W 1 1
YMR229C 1 18
YMR230W 9 78
YMR230W-A 1 2
YMR231W 2 30
YMR232W 0 0
YMR233W 2 20
YMR234W 1 9
YMR235C 1 9
YMR236W 6 115
YMR237W 4 24
YMR238W 1 19
YMR239C 2 193
YMR240C 3 37
YMR241W 8 1099
YMR242C 0 0
YMR242W-A 0 0
YMR243C 0 0
YMR244W 0 0
YMR244C-A 11 643
YMR245W 1 3
YMR246W 6 570
YMR247C 3 277
YMR247W-A 0 0
YMR250W 2 17
YMR251W 1 76
YMR251W-A 0 0
YMR252C 5 402
YMR253C 4 37
YMR254C 1 1
YMR255W 3 335
YMR256C 2 35
YMR257C 2 29
YMR258C 3 95
YMR259C 1 16
YMR260C 2 24
YMR261C 0 0
YMR262W 2 40
YMR263W 1 15
YMR264W 2 27
YMR265C 4 7
YMR266W 1 3
YMR267W 1 13
YMR268C 1 8
YMR269W 3 99
YMR270C 1 1
YMR271C 5 55
YMR272C 3 63
YMR272W-A 2 2
YMR272W-B 3 68
YMR273C 0 0
YMR274C 2 39
YMR275C 2 7
YMR276W 4 47
YMR277W 0 0
YMR278W 3 54
YMR279C 1 5
YMR280C 0 0
YMR281W 2 27
YMR282C 1 5
YMR283C 4 755
YMR284W 8 66
YMR285C 1 3
YMR286W 3 62
YMR287C 2 71
YMR288W 1 28
YMR289W 2 15
YMR290C 3 203
YMR290W-A 1 1
YMR291W 0 0
YMR292W 5 320
YMR293C 6 138
YMR294W 4 123
YMR294W-A 4 856
YMR295C 0 0
YMR296C 2 8
YMR297W 0 0
YMR298W 1 1
YMR299C 1 126
YMR300C 4 76
YMR301C 1 3
YMR302C 3 37
YMR303C 3 26
YMR304W 2 41
YMR304C-A 0 0
YMR305C 0 0
YMR306W 1 8
YMR306C-A 3 29
YMR307W 1 32
YMR307C-A 3 155
YMR308C 1 1
YMR309C 1 30
YMR310C 1 24
YMR311C 6 115
YMR312W 3 25
YMR313C 9 452
YMR314W 4 23
YMR315W 2 13
YMR315W-A 2 9
YMR316W 0 0
YMR316C-A 7 439
YMR316C-B 0 0
YMR317W 0 0
YMR318C 3 620
YMR319C 0 0
YMR320W 3 48
YMR321C 1 11
YMR322C 0 0
YMR323W 0 0
YMR324C 2 4
YMR325W 0 0
YMR326C 7 125
YNL339C 0 0
YNL339W-B 0 0
YNL339W-A 0 0
YNL338W 0 0
YNL337W 4 10
YNL336W 0 0
YNL335W 0 0
YNL334C 3 17
YNL333W 0 0
YNL332W 0 0
YNL331C 2 13
YNL330C 0 0
YNL329C 0 0
YNL328C 5 316
YNL327W 2 8
YNL326C 3 4
YNL325C 1 4
YNL324W 0 0
YNL323W 0 0
YNL322C 2 5
YNL321W 5 446
YNL320W 6 1379
YNL319W 0 0
YNL318C 0 0
YNL317W 3 329
YNL316C 3 14
YNL315C 3 512
YNL314W 1 2
YNL313C 0 0
YNL312W 0 0
YNL311C 4 195
YNL310C 3 16
YNL309W 2 140
YNL308C 2 7
YNL307C 0 0
YNL306W 3 51
YNL305C 1 7
YNL304W 4 156
YNL303W 1 6
YNL302C 0 0
YNL301C 0 0
YNL300W 0 0
YNL299W 1 4
YNL298W 0 0
YNL297C 4 80
YNL296W 0 0
YNL295W 1 49
YNL294C 2 28
YNL293W 5 145
YNL292W 1 6
YNL291C 0 0
YNL290W 2 140
YNL289W 1 6
YNL288W 4 13
YNL287W 1 1
YNL286W 0 0
YNL285W 3 323
YNL284C 8 142
YNL283C 0 0
YNL282W 5 175
YNL281W 2 5
YNL280C 0 0
YNL279W 2 19
YNL278W 3 60
YNL277W-A 2 57
YNL277W 0 0
YNL276C 3 6
YNL275W 0 0
YNL274C 0 0
YNL273W 1 3865
YNL272C 1 2
YNL271C 0 0
YNL270C 1 11
YNL269W 0 0
YNL268W 2 68
YNL267W 1 1
YNL266W 1 24
YNL265C 6 337
YNL264C 1 453
YNL263C 2 6
YNL262W 1 1
YNL261W 0 0
YNL260C 1 16
YNL259C 4 44
YNL258C 0 0
YNL257C 2 31
YNL256W 0 0
YNL255C 3 727
YNL254C 6 1244
YNL253W 3 95
YNL252C 1 10
YNL251C 2 7
YNL250W 6 1150
YNL249C 1 2
YNL248C 0 0
YNL247W 4 152
YNL246W 0 0
YNL245C 2 6
YNL244C 5 41
YNL243W 5 714
YNL242W 1 66
YNL241C 4 196
YNL240C 3 20
YNL239W 3 52
YNL238W 0 0
YNL237W 2 29
YNL236W 4 171
YNL235C 2 47
YNL234W 2 17
YNL233W 2 2
YNL232W 1 2
YNL231C 1 3
YNL230C 0 0
YNL229C 3 46
YNL228W 5 1828
YNL227C 2 4
YNL226W 0 0
YNL225C 2 24
YNL224C 0 0
YNL223W 5 1235
YNL222W 0 0
YNL221C 1 7
YNL220W 5 18
YNL219C 2 3
YNL218W 2 96
YNL217W 4 338
YNL216W 6 298
YNL215W 3 11
YNL214W 2 35
YNL213C 1 2
YNL212W 1 1
YNL211C 1 2
YNL210W 1 2
YNL209W 4 100
YNL208W 3 38
YNL207W 1 21
YNL206C 2 36
YNL205C 0 0
YNL204C 1 4
YNL203C 0 0
YNL202W 1 50
YNL201C 0 0
YNL200C 0 0
YNL199C 0 0
YNL198C 0 0
YNL197C 1 3
YNL196C 0 0
YNL195C 0 0
YNL194C 1 24
YNL193W 8 1716
YNL192W 0 0
YNL191W 2 7
YNL190W 1 13
YNL189W 0 0
YNL188W 0 0
YNL187W 1 20
YNL186W 2 6
YNL185C 0 0
YNL184C 1 10
YNL183C 2 16
YNL182C 2 60
YNL181W 0 0
YNL180C 0 0
YNL179C 6 72
YNL178W 1 3
YNL177C 3 12
YNL176C 2 18
YNL175C 3 141
YNL174W 1 25
YNL173C 1 1
YNL172W 0 0
YNL171C 0 0
YNL170W 2 35
YNL169C 0 0
YNL168C 0 0
YNL167C 2 8
YNL166C 1 55
YNL165W 2 26
YNL164C 0 0
YNL163C 0 0
YNL162W-A 3 20
YNL162W 1 4
YNL161W 3 103
YNL160W 2 14
YNL159C 3 220
YNL158W 6 138
YNL157W 4 17
YNL156C 2 27
YNL155W 2 5
YNL154C 3 125
YNL153C 8 648
YNL152W 4 65
YNL151C 3 11
YNL150W 1 29
YNL149C 6 498
YNL148C 3 81
YNL147W 0 0
YNL146C-A 5 12
YNL146W 3 8
YNL145W 1 2
YNL144C 5 49
YNL144W-A 2 9
YNL143C 1 2
YNL142W 1 14
YNL141W 1 1
YNL140C 0 0
YNL139C 1 1
YNL138W-A 3 23
YNL138W 1 28
YNL137C 1 3
YNL136W 2 41
YNL135C 1 1
YNL134C 2 34
YNL133C 5 1589
YNL132W 1 50
YNL131W 0 0
YNL130C 3 27
YNL130C-A 1 121
YNL129W 1 121
YNL128W 1 84
YNL127W 0 0
YNL126W 4 35
YNL125C 6 114
YNL124W 3 415
YNL123W 1 12
YNL122C 5 103
YNL121C 3 290
YNL120C 0 0
YNL119W 2 106
YNL118C 2 27
YNL117W 0 0
YNL116W 2 169
YNL115C 4 16
YNL114C 0 0
YNL113W 1 43
YNL112W 1 25
YNL111C 2 3
YNL110C 1 51
YNL109W 1 6
YNL108C 2 12
YNL107W 3 453
YNL106C 2 9
YNL105W 0 0
YNL104C 2 20
YNL103W-A 2 8
YNL103W 5 253
YNL102W 1 25
YNL101W 4 80
YNL100W 4 14
YNL099C 4 45
YNL098C 1 8
YNL097C-B 4 216
YNL097C 3 61
YNL097W-A 4 27
YNL096C 3 7
YNL095C 0 0
YNL094W 0 0
YNL093W 0 0
YNL092W 0 0
YNL091W 0 0
YNL090W 1 7
YNL089C 0 0
YNL088W 3 40
YNL087W 0 0
YNL086W 0 0
YNL085W 0 0
YNL084C 2 33
YNL083W 1 25
YNL082W 0 0
YNL081C 3 120
YNL080C 0 0
YNL079C 8 3479
YNL078W 5 21
YNL077W 0 0
YNL076W 0 0
YNL075W 3 25
YNL074C 3 278
YNL073W 3 365
YNL072W 2 200
YNL071W 3 16
YNL070W 0 0
YNL069C 0 0
YNL068C 1 27
YNL067W-A 1 12
YNL067W-B 2 141
YNL067W 2 3
YNL066W 0 0
YNL065W 0 0
YNL064C 1 15
YNL063W 4 48
YNL062C 1 4
YNL061W 4 26
YNL059C 1 1
YNL058C 1 23
YNL057W 0 0
YNL056W 8 482
YNL055C 5 43
YNL054W 1 4
YNL053W 0 0
YNL052W 4 555
YNL051W 2 125
YNL050C 2 32
YNL049C 0 0
YNL048W 1 2
YNL047C 2 52
YNL046W 1 3
YNL045W 4 54
YNL044W 0 0
YNL043C 2 38
YNL042W-B 2 21
YNL042W 0 0
YNL041C 0 0
YNL040W 1 73
YNL039W 2 155
YNL038W 6 288
YNL037C 2 19
YNL036W 2 15
YNL035C 4 237
YNL034W 0 0
YNL033W 0 0
YNL032W 1 48
YNL031C 2 146
YNL030W 2 27
YNL029C 3 87
YNL028W 1 30
YNL027W 1 100
YNL026W 1 3
YNL025C 2 56
YNL024C-A 2 33
YNL024C 2 130
YNL023C 3 132
YNL022C 0 0
YNL021W 0 0
YNL020C 1 1
YNL019C 0 0
YNL018C 0 0
YNL017C 2 45
YNL016W 1 1
YNL015W 0 0
YNL014W 1 124
YNL013C 0 0
YNL012W 1 22
YNL011C 2 58
YNL010W 1 127
YNL009W 3 23
YNL008C 2 4
YNL007C 1 40
YNL006W 1 2
YNL005C 2 4
YNL004W 4 181
YNL003C 2 58
YNL002C 1 22
YNL001W 0 0
YNR001C 3 8
YNR001W-A 3 84
YNR002C 5 70
YNR003C 1 2
YNR003W-A 5 160
YNR004W 1 2
YNR005C 0 0
YNR006W 0 0
YNR007C 2 113
YNR008W 1 67
YNR009W 2 65
YNR010W 1 20
YNR011C 4 313
YNR012W 5 196
YNR013C 0 0
YNR014W 10 4223
YNR015W 6 209
YNR016C 5 216
YNR017W 2 113
YNR018W 7 530
YNR019W 5 293
YNR020C 3 42
YNR021W 4 43
YNR022C 2 46
YNR023W 1 50
YNR024W 1 408
YNR025C 0 0
YNR026C 4 145
YNR027W 3 14
YNR028W 2 70
YNR029C 3 80
YNR030W 2 45
YNR031C 0 0
YNR032W 0 0
YNR032C-A 5 111
YNR033W 3 256
YNR034W 0 0
YNR034W-A 1 2
YNR035C 2 33
YNR036C 1 2
YNR037C 5 350
YNR038W 2 641
YNR039C 1 2
YNR040W 3 73
YNR041C 0 0
YNR042W 0 0
YNR043W 0 0
YNR044W 0 0
YNR045W 1 5
YNR046W 6 194
YNR047W 3 70
YNR048W 1 19
YNR049C 4 51
YNR050C 1 33
YNR051C 0 0
YNR052C 0 0
YNR053C 2 12
YNR054C 3 18
YNR055C 0 0
YNR056C 0 0
YNR057C 1 12
YNR058W 4 35
YNR059W 0 0
YNR060W 0 0
YNR061C 2 76
YNR062C 2 2
YNR063W 0 0
YNR064C 1 136
YNR065C 2 22
YNR066C 7 1081
YNR067C 2 7
YNR068C 0 0
YNR069C 0 0
YNR070W 0 0
YNR071C 2 36
YNR072W 0 0
YNR073C 2 3
YNR074C 0 0
YNR075W 4 958
YNR075C-A 1 5
YNR076W 1 6
YNR077C 3 46
YOL166W-A 5 18
YOL166C 0 0
YOL165C 0 0
YOL164W-A 0 0
YOL164W 0 0
YOL163W 1 124
YOL162W 0 0
YOL161C 0 0
YOL160W 0 0
YOL159C-A 1 20
YOL159C 2 138
YOL158C 4 78
YOL157C 0 0
YOL156W 0 0
YOL155W-A 0 0
YOL155C 0 0
YOL154W 2 8
YOL152W 2 15
YOL151W 1 10
YOL150C 6 118
YOL149W 2 81
YOL148C 1 20
YOL147C 1 9
YOL146W 1 1
YOL145C 3 55
YOL144W 2 3
YOL143C 2 14
YOL142W 4 177
YOL141W 2 3
YOL140W 4 269
YOL139C 3 149
YOL138C 3 28
YOL137W 3 19
YOL136C 0 0
YOL135C 1 11
YOL134C 3 51
YOL133W 9 472
YOL132W 0 0
YOL131W 1 9
YOL130W 0 0
YOL129W 5 461
YOL128C 4 280
YOL127W 0 0
YOL126C 1 1
YOL125W 3 38
YOL124C 7 916
YOL123W 1 9
YOL122C 0 0
YOL121C 2 118
YOL120C 0 0
YOL119C 0 0
YOL118C 2 2
YOL117W 5 228
YOL116W 0 0
YOL115W 0 0
YOL114C 6 165
YOL113W 3 104
YOL112W 0 0
YOL111C 5 229
YOL110W 2 5
YOL109W 2 26
YOL108C 1 2
YOL107W 5 591
YOL106W 2 10
YOL105C 0 0
YOL104C 2 58
YOL103W 1 11
YOL102C 4 103
YOL101C 2 52
YOL100W 0 0
YOL099C 1 9
YOL098C 1 16
YOL097W-A 2 67
YOL097C 3 124
YOL096C 1 14
YOL095C 0 0
YOL094C 2 63
YOL093W 2 44
YOL092W 1 2
YOL091W 2 5
YOL090W 0 0
YOL089C 0 0
YOL088C 0 0
YOL087C 0 0
YOL086W-A 4 28
YOL086C 5 49
YOL085W-A 2 58
YOL085C 4 129
YOL084W 1 6
YOL083W 1 4
YOL083C-A 3 11
YOL082W 1 4
YOL081W 2 251
YOL080C 2 71
YOL079W 0 0
YOL078W 0 0
YOL077W-A 4 295
YOL077C 1 20
YOL076W 2 5
YOL075C 2 253
YOL073C 3 31
YOL072W 5 308
YOL071W 3 93
YOL070C 8 330
YOL069W 1 1
YOL068C 5 2507
YOL067C 4 166
YOL066C 0 0
YOL065C 1 4
YOL064C 4 28
YOL063C 0 0
YOL062C 2 442
YOL061W 2 19
YOL060C 0 0
YOL059W 3 194
YOL058W 6 253
YOL057W 5 43
YOL056W 0 0
YOL055C 0 0
YOL054W 1 8
YOL053W 0 0
YOL052C-A 0 0
YOL052C 4 17
YOL051W 1 94
YOL050C 1 18
YOL049W 10 327
YOL048C 4 22
YOL047C 1 17
YOL046C 0 0
YOL045W 0 0
YOL044W 1 16
YOL043C 2 19
YOL042W 2 265
YOL041C 2 14
YOL040C 0 0
YOL039W 4 273
YOL038C-A 0 0
YOL038W 1 62
YOL037C 1 2
YOL036W 0 0
YOL035C 3 19
YOL034W 3 29
YOL033W 3 9
YOL032W 0 0
YOL031C 3 15
YOL030W 1 26
YOL029C 0 0
YOL028C 1 44
YOL027C 2 12
YOL026C 5 126
YOL025W 0 0
YOL024W 2 24
YOL023W 2 46
YOL022C 1 5
YOL021C 2 61
YOL020W 2 31
YOL019W-A 3 173
YOL019W 2 7
YOL018C 2 43
YOL017W 0 0
YOL016C 3 35
YOL015W 0 0
YOL014W 0 0
YOL013W-B 0 0
YOL013W-A 2 8
YOL013C 0 0
YOL012C 1 9
YOL011W 1 10
YOL010W 2 11
YOL009C 3 14
YOL008W 0 0
YOL007C 0 0
YOL006C 1 4
YOL005C 5 69
YOL004W 0 0
YOL003C 8 78
YOL002C 4 57
YOL001W 2 74
YOR001W 2 403
YOR002W 1 24
YOR003W 1 2
YOR004W 3 6
YOR005C 3 142
YOR006C 2 17
YOR007C 3 5
YOR008C 0 0
YOR008C-A 2 11
YOR008W-B 1 47
YOR009W 0 0
YOR010C 2 50
YOR011W 0 0
YOR011W-A 0 0
YOR012W 0 0
YOR013W 2 19
YOR014W 1 18
YOR015W 0 0
YOR016C 0 0
YOR017W 2 5
YOR018W 0 0
YOR019W 1 12
YOR020C 1 12
YOR020W-A 3 23
YOR021C 4 51
YOR022C 1 2
YOR023C 3 51
YOR024W 3 102
YOR025W 4 65
YOR026W 6 291
YOR027W 2 8
YOR028C 0 0
YOR029W 4 138
YOR030W 0 0
YOR031W 6 368
YOR032C 4 197
YOR032W-A 1 32
YOR033C 4 139
YOR034C 0 0
YOR034C-A 3 180
YOR035C 5 144
YOR036W 5 42
YOR037W 4 56
YOR038C 5 17
YOR039W 0 0
YOR040W 1 21
YOR041C 2 6
YOR042W 3 224
YOR043W 0 0
YOR044W 3 69
YOR045W 2 52
YOR046C 1 2
YOR047C 0 0
YOR048C 2 6
YOR049C 0 0
YOR050C 0 0
YOR051C 1 1
YOR052C 0 0
YOR053W 2 28
YOR054C 1 7
YOR055W 1 15
YOR056C 3 66
YOR057W 0 0
YOR058C 0 0
YOR059C 2 241
YOR060C 4 75
YOR061W 0 0
YOR062C 1 144
YOR063W 5 129
YOR064C 13 804
YOR065W 1 1
YOR066W 5 159
YOR067C 1 56
YOR069W 0 0
YOR068C 2 111
YOR070C 2 17
YOR071C 0 0
YOR072W 1 51
YOR072W-A 2 93
YOR072W-B 1 6
YOR073W 1 6
YOR074C 0 0
YOR073W-A 4 11
YOR075W 7 170
YOR076C 4 2485
YOR077W 1 2
YOR078W 4 145
YOR079C 0 0
YOR080W 0 0
YOR081C 0 0
YOR082C 3 76
YOR083W 1 1
YOR084W 4 16
YOR085W 2 47
YOR086C 0 0
YOR087W 2 15
YOR089C 1 2
YOR090C 1 9
YOR091W 0 0
YOR092W 0 0
YOR093C 0 0
YOR094W 0 0
YOR095C 4 18
YOR096W 0 0
YOR097C 3 16
YOR098C 4 254
YOR099W 2 41
YOR100C 2 4
YOR101W 0 0
YOR102W 2 490
YOR103C 6 356
YOR104W 1 15
YOR105W 0 0
YOR106W 2 28
YOR107W 3 24
YOR108W 1 60
YOR108C-A 2 16
YOR109W 1 1
YOR110W 1 14
YOR111W 4 83
YOR112W 2 3
YOR113W 1 17
YOR114W 4 32
YOR115C 2 33
YOR116C 0 0
YOR117W 2 38
YOR118W 1 28
YOR119C 2 96
YOR120W 2 62
YOR121C 3 91
YOR122C 4 56
YOR123C 0 0
YOR124C 0 0
YOR125C 0 0
YOR126C 10 309
YOR127W 1 1
YOR128C 0 0
YOR129C 0 0
YOR130C 2 26
YOR131C 3 187
YOR132W 1 2
YOR133W 0 0
YOR134W 2 4
YOR135C 0 0
YOR136W 1 8
YOR137C 1 14
YOR138C 2 110
YOR139C 0 0
YOR140W 2 14
YOR141C 4 157
YOR142W 2 42
YOR143C 0 0
YOR144C 0 0
YOR145C 1 16
YOR146W 0 0
YOR147W 5 49
YOR148C 6 1188
YOR149C 1 22
YOR150W 2 9
YOR151C 0 0
YOR152C 0 0
YOR153W 1 7
YOR154W 0 0
YOR155C 1 4
YOR156C 0 0
YOR157C 3 758
YOR158W 2 204
YOR159C 3 37
YOR160W 0 0
YOR161C 4 1811
YOR161W-A 2 63
YOR161W-B 1 5
YOR161C-C 6 107
YOR162C 2 40
YOR163W 3 64
YOR164C 1 2
YOR165W 1 17
YOR166C 1 75
YOR167C 1 93
YOR168W 5 170
YOR169C 3 37
YOR170W 1 6
YOR171C 0 0
YOR172W 2 84
YOR173W 1 6
YOR174W 0 0
YOR175C 1 34
YOR176W 1 5
YOR177C 2 13
YOR178C 5 90
YOR179C 2 18
YOR180C 0 0
YOR181W 2 25
YOR182C 2 16
YOR183W 1 1
YOR184W 0 0
YOR185C 0 0
YOR186W 4 170
YOR186C-A 0 0
YOR187W 1 1
YOR188W 0 0
YOR189W 0 0
YOR190W 0 0
YOR191W 0 0
YOR192C 1 19
YOR192C-C 0 0
YOR193W 0 0
YOR194C 1 1
YOR195W 0 0
YOR196C 9 457
YOR197W 5 379
YOR198C 3 13
YOR199W 5 17
YOR200W 2 10
YOR201C 7 99
YOR202W 3 3
YOR203W 3 43
YOR204W 5 132
YOR205C 3 1334
YOR206W 3 40
YOR207C 3 21
YOR208W 3 73
YOR209C 2 24
YOR210W 1 7
YOR211C 1 17
YOR212W 2 1461
YOR213C 2 8
YOR214C 0 0
YOR215C 1 1
YOR216C 0 0
YOR217W 3 56
YOR218C 0 0
YOR219C 2 108
YOR220W 3 6
YOR221C 6 30
YOR222W 0 0
YOR223W 3 59
YOR224C 1 3
YOR225W 1 3
YOR226C 5 32
YOR227W 2 36
YOR228C 1 10
YOR229W 3 26
YOR230W 0 0
YOR231W 2 13
YOR231C-A 2 19
YOR232W 0 0
YOR233W 1 2
YOR234C 1 83
YOR235W 1 9
YOR236W 2 141
YOR237W 1 3
YOR238W 2 508
YOR239W 2 13
YOR241W 1 71
YOR242C 1 25
YOR243C 2 97
YOR244W 1 1
YOR245C 4 33
YOR246C 2 4
YOR247W 0 0
YOR248W 2 12
YOR249C 1 1
YOR250C 0 0
YOR251C 7 792
YOR252W 4 64
YOR253W 2 11
YOR254C 4 132
YOR255W 1 8
YOR256C 3 62
YOR257W 2 95
YOR258W 2 2
YOR259C 3 56
YOR260W 1 3
YOR261C 0 0
YOR262W 0 0
YOR263C 0 0
YOR264W 2 28
YOR265W 6 488
YOR266W 2 8
YOR267C 2 26
YOR268C 4 74
YOR269W 3 72
YOR270C 0 0
YOR271C 3 10
YOR272W 0 0
YOR273C 3 43
YOR274W 4 384
YOR275C 6 209
YOR276W 8 731
YOR277C 0 0
YOR278W 5 94
YOR279C 1 27
YOR280C 3 113
YOR281C 2 35
YOR282W 0 0
YOR283W 2 72
YOR284W 5 301
YOR285W 5 977
YOR286W 2 31
YOR287C 1 54
YOR288C 1 10
YOR289W 1 1
YOR290C 0 0
YOR291W 3 77
YOR292C 4 139
YOR293W 0 0
YOR293C-A 6 296
YOR294W 2 11
YOR295W 3 122
YOR296W 2 182
YOR297C 5 265
YOR298W 0 0
YOR298C-A 3 12
YOR299W 0 0
YOR300W 0 0
YOR301W 0 0
YOR302W 3 22
YOR303W 3 24
YOR304W 1 80
YOR304C-A 2 4
YOR305W 0 0
YOR306C 0 0
YOR307C 3 12
YOR308C 0 0
YOR309C 0 0
YOR310C 2 22
YOR311C 2 15
YOR312C 0 0
YOR313C 1 62
YOR314W 0 0
YOR314W-A 4 149
YOR315W 2 19
YOR316C 2 83
YOR316C-A 1 46
YOR317W 4 31
YOR318C 2 26
YOR319W 0 0
YOR320C 2 16
YOR321W 3 189
YOR322C 2 22
YOR323C 3 455
YOR324C 4 41
YOR325W 1 72
YOR326W 0 0
YOR327C 0 0
YOR328W 0 0
YOR329C 0 0
YOR329W-A 1 19
YOR330C 5 5767
YOR331C 0 0
YOR332W 4 73
YOR333C 1 5
YOR334W 3 26
YOR335C 0 0
YOR335W-A 0 0
YOR336W 5 244
YOR337W 5 109
YOR338W 0 0
YOR339C 1 3
YOR340C 4 11
YOR341W 0 0
YOR342C 1 2
YOR343C 14 2660
YOR344C 1 40
YOR345C 2 38
YOR346W 2 13
YOR347C 0 0
YOR348C 4 427
YOR349W 7 300
YOR350C 0 0
YOR351C 0 0
YOR352W 0 0
YOR353C 4 23
YOR354C 7 160
YOR355W 0 0
YOR356W 5 461
YOR357C 6 217
YOR358W 2 75
YOR359W 2 2
YOR360C 2 17
YOR361C 8 432
YOR362C 6 43
YOR363C 3 168
YOR364W 4 211
YOR365C 2 71
YOR366W 0 0
YOR367W 2 1218
YOR368W 2 17
YOR369C 2 8
YOR370C 0 0
YOR371C 4 189
YOR372C 2 31
YOR373W 0 0
YOR374W 1 2
YOR375C 0 0
YOR376W 0 0
YOR376W-A 0 0
YOR377W 0 0
YOR378W 0 0
YOR379C 9 429
YOR380W 2 29
YOR381W 1 2
YOR381W-A 4 141
YOR382W 1 4
YOR383C 2 4
YOR384W 1 6
YOR385W 2 22
YOR386W 2 375
YOR387C 0 0
YOR388C 0 0
YOR389W 1 134
YOR390W 0 0
YOR391C 0 0
YOR392W 1 1
YOR393W 0 0
YOR394W 0 0
YOR394C-A 0 0
YOR396W 0 0
YOR396C-A 0 0
YPL283C 0 0
YPL283W-B 0 0
YPL283W-A 0 0
YPL282C 0 0
YPL281C 0 0
YPL280W 0 0
YPL279C 1 6
YPL278C 0 0
YPL277C 2 68
YPL274W 3 55
YPL273W 0 0
YPL272C 0 0
YPL271W 6 222
YPL270W 6 108
YPL269W 5 59
YPL268W 5 5106
YPL267W 1 4
YPL266W 0 0
YPL265W 1 14
YPL264C 2 6
YPL263C 1 33
YPL262W 4 35
YPL261C 1 6
YPL260W 0 0
YPL259C 4 223
YPL258C 0 0
YPL257W 3 5
YPL256C 1 7
YPL255W 1 15
YPL254W 1 4
YPL253C 2 73
YPL252C 5 510
YPL251W 0 0
YPL250C 4 64
YPL249C-A 0 0
YPL250W-A 0 0
YPL249C 2 13
YPL248C 4 108
YPL247C 0 0
YPL246C 3 220
YPL245W 2 9
YPL244C 5 175
YPL243W 1 9
YPL242C 0 0
YPL241C 2 6
YPL240C 6 271
YPL239W 1 5
YPL238C 0 0
YPL237W 0 0
YPL236C 0 0
YPL235W 0 0
YPL234C 1 1
YPL233W 2 61
YPL232W 0 0
YPL231W 1 2
YPL230W 1 16
YPL229W 2 10
YPL228W 2 65
YPL227C 1 129
YPL226W 1 21
YPL225W 0 0
YPL224C 6 58
YPL223C 3 1626
YPL222W 2 335
YPL222C-A 2 35
YPL221W 3 150
YPL220W 9 677
YPL219W 4 84
YPL218W 3 28
YPL217C 0 0
YPL216W 0 0
YPL215W 4 30
YPL214C 1 2
YPL213W 4 270
YPL212C 2 46
YPL211W 3 45
YPL210C 0 0
YPL209C 1 1
YPL208W 2 23
YPL207W 0 0
YPL206C 0 0
YPL205C 0 0
YPL204W 0 0
YPL203W 3 29
YPL202C 4 336
YPL201C 3 27
YPL200W 0 0
YPL199C 5 72
YPL198W 5 1091
YPL197C 1 14
YPL196W 1 2
YPL195W 1 2
YPL194W 2 10
YPL193W 1 12
YPL192C 0 0
YPL191C 2 527
YPL190C 1 1
YPL189C-A 3 13
YPL189W 2 100
YPL188W 2 126
YPL187W 0 0
YPL186C 7 2143
YPL185W 0 0
YPL184C 1 2
YPL183W-A 3 112
YPL183C 3 21
YPL182C 1 8
YPL181W 2 42
YPL180W 2 51
YPL179W 0 0
YPL178W 2 88
YPL177C 4 76
YPL176C 2 21
YPL175W 3 8
YPL174C 1 1
YPL173W 4 623
YPL172C 1 63
YPL171C 2 139
YPL170W 1 1
YPL169C 1 237
YPL168W 0 0
YPL167C 1 46
YPL166W 1 135
YPL165C 1 2
YPL164C 2 356
YPL163C 0 0
YPL162C 1 4
YPL161C 0 0
YPL160W 0 0
YPL159C 0 0
YPL158C 1 4
YPL157W 2 59
YPL156C 2 21
YPL155C 0 0
YPL154C 0 0
YPL153C 2 32
YPL152W-A 2 35
YPL152W 0 0
YPL151C 3 103
YPL150W 3 7
YPL149W 2 14
YPL148C 0 0
YPL147W 1 63
YPL146C 1 1
YPL145C 0 0
YPL144W 2 11
YPL143W 0 0
YPL142C 0 0
YPL141C 2 5
YPL140C 1 9
YPL139C 1 7
YPL138C 4 88
YPL137C 1 75
YPL136W 2 2
YPL135W 3 281
YPL135C-A 5 74
YPL134C 3 27
YPL133C 1 1
YPL132W 0 0
YPL131W 1 12
YPL130W 1 11
YPL129W 2 8
YPL128C 0 0
YPL127C 5 1302
YPL126W 2 157
YPL125W 0 0
YPL124W 3 59
YPL123C 1 14
YPL122C 4 1130
YPL121C 0 0
YPL120W 7 1542
YPL119C-A 0 0
YPL119C 0 0
YPL118W 0 0
YPL117C 2 2
YPL116W 0 0
YPL115C 2 51
YPL114W 3 137
YPL113C 3 102
YPL112C 1 34
YPL111W 3 513
YPL110C 0 0
YPL109C 1 1
YPL108W 5 32
YPL107W 3 108
YPL106C 0 0
YPL105C 5 135
YPL104W 0 0
YPL103C 0 0
YPL102C 0 0
YPL101W 2 18
YPL100W 0 0
YPL099C 1 1
YPL098C 0 0
YPL097W 4 105
YPL096C-A 2 11
YPL096W 8 305
YPL095C 2 433
YPL094C 6 742
YPL093W 2 15
YPL092W 1 4
YPL091W 2 94
YPL090C 2 3
YPL089C 5 5699
YPL088W 0 0
YPL087W 0 0
YPL086C 1 1
YPL085W 2 66
YPL084W 3 24
YPL083C 1 33
YPL082C 3 79
YPL081W 0 0
YPL080C 4 123
YPL079W 2 119
YPL078C 0 0
YPL077C 6 211
YPL076W 0 0
YPL075W 5 174
YPL074W 6 85
YPL073C 2 32
YPL072W 0 0
YPL071C 1 2
YPL070W 0 0
YPL069C 0 0
YPL068C 6 422
YPL067C 2 97
YPL066W 4 124
YPL065W 3 24
YPL064C 2 43
YPL063W 0 0
YPL062W 12 7673
YPL061W 3 32
YPL060W 4 85
YPL059W 0 0
YPL058C 1 8
YPL057C 1 28
YPL056C 4 2631
YPL055C 4 178
YPL054W 0 0
YPL053C 0 0
YPL052W 1 2
YPL051W 4 200
YPL050C 1 1
YPL049C 2 184
YPL048W 3 39
YPL047W 0 0
YPL046C 1 2
YPL045W 1 1
YPL044C 0 0
YPL043W 2 10
YPL042C 0 0
YPL041C 7 1098
YPL040C 3 107
YPL039W 3 81
YPL038W-A 1 64
YPL038W 5 41
YPL037C 1 1
YPL036W 4 14
YPL035C 3 96
YPL034W 0 0
YPL033C 3 14
YPL032C 1 23
YPL031C 1 5
YPL030W 0 0
YPL029W 4 7
YPL028W 0 0
YPL027W 1 5
YPL026C 2 13
YPL025C 10 222
YPL024W 5 108
YPL023C 0 0
YPL022W 0 0
YPL021W 1 3
YPL020C 0 0
YPL019C 3 862
YPL018W 3 57
YPL017C 3 39
YPL016W 0 0
YPL015C 8 691
YPL014W 4 88
YPL013C 2 7
YPL012W 0 0
YPL011C 2 351
YPL010W 2 957
YPL009C 2 12
YPL008W 1 5
YPL007C 2 7
YPL006W 1 49
YPL005W 0 0
YPL004C 0 0
YPL003W 2 9
YPL002C 4 104
YPL001W 3 220
YPR001W 5 78
YPR002W 4 36
YPR002C-A 2 48
YPR003C 1 3
YPR004C 1 4
YPR005C 4 107
YPR006C 2 5
YPR007C 3 33
YPR008W 1 2
YPR009W 3 259
YPR010C 0 0
YPR010C-A 5 102
YPR011C 2 14
YPR012W 1 57
YPR013C 3 19
YPR014C 0 0
YPR015C 1 3
YPR016C 0 0
YPR016W-A 0 0
YPR017C 4 78
YPR018W 0 0
YPR019W 1 2
YPR020W 4 514
YPR021C 0 0
YPR022C 4 95
YPR023C 2 6
YPR024W 2 3
YPR025C 6 234
YPR026W 2 3
YPR027C 0 0
YPR028W 2 12
YPR029C 0 0
YPR030W 6 2780
YPR031W 2 139
YPR032W 0 0
YPR033C 0 0
YPR034W 0 0
YPR035W 0 0
YPR036W 2 6
YPR036W-A 3 4
YPR037C 3 61
YPR038W 0 0
YPR039W 6 175
YPR040W 7 215
YPR041W 1 6
YPR042C 0 0
YPR043W 3 24
YPR044C 0 0
YPR045C 4 13
YPR046W 11 4855
YPR047W 2 24
YPR048W 4 73
YPR049C 2 5
YPR050C 6 248
YPR051W 2 20
YPR052C 2 11
YPR053C 0 0
YPR054W 0 0
YPR055W 2 148
YPR056W 2 206
YPR057W 3 60
YPR058W 1 3
YPR059C 1 4
YPR060C 2 15
YPR061C 4 59
YPR062W 3 188
YPR063C 2 27
YPR064W 2 56
YPR065W 1 54
YPR066W 0 0
YPR067W 3 97
YPR068C 3 61
YPR069C 0 0
YPR070W 2 6
YPR071W 2 83
YPR072W 0 0
YPR073C 4 13
YPR074C 9 655
YPR074W-A 5 96
YPR075C 1 179
YPR076W 0 0
YPR077C 1 1
YPR078C 1 1
YPR079W 2 44
YPR080W 0 0
YPR081C 3 289
YPR082C 8 2519
YPR083W 1 32
YPR084W 0 0
YPR085C 2 4
YPR086W 1 1
YPR087W 1 1
YPR088C 0 0
YPR089W 4 52
YPR091C 2 93
YPR092W 1 2
YPR093C 3 31
YPR094W 4 54
YPR095C 0 0
YPR096C 1 39
YPR097W 2 33
YPR098C 5 49
YPR099C 0 0
YPR100W 5 37
YPR101W 2 73
YPR102C 0 0
YPR103W 0 0
YPR104C 0 0
YPR105C 1 66
YPR106W 2 285
YPR107C 1 7
YPR108W 1 1
YPR108W-A 1 2
YPR109W 0 0
YPR110C 1 1
YPR111W 6 98
YPR112C 4 200
YPR113W 1 10
YPR114W 1 3
YPR115W 0 0
YPR116W 2 6
YPR117W 2 9
YPR118W 3 48
YPR119W 0 0
YPR120C 0 0
YPR121W 2 24
YPR122W 1 14
YPR123C 2 63
YPR124W 2 44
YPR125W 0 0
YPR126C 3 160
YPR127W 4 95
YPR128C 1 11
YPR129W 2 31
YPR130C 1 2
YPR131C 2 3
YPR132W 0 0
YPR133C 0 0
YPR133W-A 4 107
YPR134W 1 20
YPR135W 1 4
YPR136C 0 0
YPR137W 1 111
YPR138C 0 0
YPR139C 0 0
YPR140W 0 0
YPR141C 0 0
YPR142C 1 4
YPR143W 2 92
YPR144C 2 27
YPR145W 2 179
YPR145C-A 2 29
YPR146C 3 110
YPR147C 0 0
YPR148C 5 177
YPR149W 0 0
YPR150W 5 78
YPR151C 14 888
YPR152C 3 96
YPR153W 3 30
YPR154W 4 84
YPR155C 1 5
YPR156C 0 0
YPR157W 1 12
YPR158W 2 15
YPR159W 1 1
YPR159C-A 4 257
YPR160W 1 85
YPR160W-A 0 0
YPR160C-A 1 3
YPR161C 0 0
YPR162C 3 32
YPR163C 3 44
YPR164W 1 1
YPR165W 0 0
YPR166C 4 585
YPR167C 2 70
YPR168W 3 100
YPR169W 3 686
YPR170C 1 14
YPR169W-A 3 76
YPR170W-B 3 76
YPR170W-A 1 14
YPR171W 3 9
YPR172W 3 42
YPR173C 0 0
YPR174C 5 237
YPR175W 1 217
YPR176C 4 11
YPR177C 2 108
YPR178W 0 0
YPR179C 1 12
YPR180W 5 1209
YPR181C 1 12
YPR182W 0 0
YPR183W 3 1729
YPR184W 1 3
YPR185W 1 17
YPR186C 3 17
YPR187W 2 4
YPR188C 3 61
YPR189W 1 9
YPR190C 1 1
YPR191W 3 8
YPR192W 3 9
YPR193C 1 1
YPR194C 0 0
YPR195C 6 129
YPR196W 5 289
YPR197C 0 0
YPR198W 1 184
YPR199C 8 483
YPR200C 0 0
YPR201W 1 1
YPR202W 0 0
YPR203W 0 0
YPR204W 0 0
YPR204C-A 0 0
