YAL069W 16 1270
YAL068W-A 14 689
YAL068C 2 91
YAL067W-A 3 17
YAL067C 15 236
YAL066W 0 0
YAL065C 6 6697
YAL064W-B 1 14
YAL064C-A 2 8
YAL064W 0 0
YAL063C-A 1 3
YAL063C 11 1407
YAL062W 46 1815
YAL061W 44 9008
YAL060W 31 2597
YAL059C-A 2 4
YAL059W 2 42
YAL058W 28 1964
YAL056C-A 6 85
YAL056W 40 2464
YAL055W 13 188
YAL054C 36 1259
YAL053W 25 1029
YAL051W 48 1400
YAL049C 13 906
YAL048C 35 1930
YAL047W-A 8 204
YAL047C 9 792
YAL046C 2 3
YAL045C 6 87
YAL044W-A 12 598
YAL044C 10 288
YAL043C 24 965
YAL042C-A 12 851
YAL042W 30 1516
YAL041W 24 757
YAL040C 13 420
YAL039C 44 2134
YAL038W 28 1400
YAL037C-B 15 856
YAL037C-A 5 426
YAL037W 9 337
YAL036C 16 852
YAL035W 19 320
YAL034C-B 13 265
YAL034W-A 8 323
YAL034C 23 1154
YAL033W 6 38
YAL032C 17 664
YAL031W-A 4 122
YAL031C 21 725
YAL030W 7 167
YAL029C 32 630
YAL028W 14 807
YAL027W 11 2587
YAL026C-A 6 2263
YAL026C 27 1299
YAL025C 4 75
YAL024C 21 378
YAL023C 28 866
YAL022C 19 444
YAL021C 30 980
YAL020C 24 1136
YAL019W-A 20 941
YAL019W 24 1583
YAL018C 9 251
YAL017W 36 1947
YAL016C-B 5 124
YAL016C-A 5 145
YAL016W 8 107
YAL015C 15 535
YAL014C 4 46
YAL013W 6 36
YAL012W 23 629
YAL011W 14 217
YAL010C 10 92
YAL009W 5 43
YAL008W 10 900
YAL007C 10 160
YAL005C 23 2591
YAL004W 10 1676
YAL003W 8 388
YAL002W 44 27033
YAL001C 93 2222
YAR002W 40 1626
YAR002C-A 15 1817
YAR003W 50 308708
YAR007C 7 62
YAR008W 8 217
YAR014C 16 466
YAR015W 10 403
YAR018C 9 281
YAR019C 21 670
YAR019W-A 4 17
YAR020C 1 71
YAR023C 11 335
YAR027W 7 158
YAR028W 12 378
YAR029W 0 0
YAR030C 3 12
YAR031W 7 103
YAR033W 4 162
YAR035W 91 5236
YAR035C-A 2 38
YAR042W 36 1090
YAR047C 0 0
YAR050W 12 189
YAR053W 0 0
YAR060C 0 0
YAR064W 0 0
YAR066W 0 0
YAR068W 0 0
YAR069C 0 0
YAR070C 0 0
YAR071W 1 23
YAR073W 5 343
YAR075W 1 2
YBL113C 0 0
YBL113W-A 0 0
YBL112C 0 0
YBL111C 0 0
YBL109W 11 4742
YBL108C-A 0 0
YBL108W 12 1729
YBL107W-A 0 0
YBL107C 15 552
YBL106C 20 2389
YBL105C 25 990
YBL104C 39 1233
YBL103C 28 899
YBL102W 5 107
YBL101C 32 1014
YBL100W-C 4 624
YBL100C 2 3
YBL099W 15 152
YBL098W 19 8932
YBL097W 22 352
YBL096C 10 2069
YBL095W 9 1967
YBL094C 0 0
YBL093C 14 543
YBL092W 1 9
YBL091C-A 11 154
YBL091C 17 290
YBL090W 9 166
YBL089W 9 116
YBL088C 65 1903
YBL087C 4 118
YBL086C 8 47
YBL085W 11 173
YBL084C 13 375
YBL083C 1 29
YBL082C 11 222
YBL081W 12 345
YBL080C 13 225
YBL079W 37 1656
YBL078C 0 0
YBL077W 9 270
YBL076C 31 320
YBL075C 25 430
YBL074C 16 435
YBL073W 10 256
YBL072C 5 129
YBL071C-B 0 0
YBL071W-A 4 30
YBL071C 6 128
YBL070C 7 47
YBL069W 22 450
YBL068W-A 0 0
YBL068W 9 281
YBL067C 13 16632
YBL066C 31 1092
YBL065W 4 37
YBL064C 6 105
YBL063W 33 1009
YBL062W 3 81
YBL061C 21 249
YBL060W 24 1093
YBL059C-A 0 0
YBL059W 4 401
YBL058W 11 147
YBL057C 7 35
YBL056W 14 218
YBL055C 20 470
YBL054W 29 350
YBL053W 5 82
YBL052C 21 410
YBL051C 11 962
YBL050W 8 191
YBL049W 1 3
YBL048W 2 50
YBL047C 43 1393
YBL046W 22 703
YBL045C 9 167
YBL044W 26 8376
YBL043W 8 75
YBL042C 20 271
YBL041W 3 111
YBL040C 12 500
YBL039W-B 0 0
YBL039C 12 254
YBL039C-A 0 0
YBL038W 10 319
YBL037W 36 1185
YBL036C 15 259
YBL035C 30 497
YBL034C 28 670
YBL033C 11 525
YBL032W 15 208
YBL031W 21 1663
YBL030C 14 909
YBL029C-A 4 331
YBL029W 17 565
YBL028C 2 8
YBL027W 4 66
YBL026W 4 21
YBL025W 3 63
YBL024W 18 4819
YBL023C 22 484
YBL022C 19 246
YBL021C 9 391
YBL020W 17 259
YBL019W 12 4653
YBL018C 3 45
YBL017C 43 815
YBL016W 32 395
YBL015W 42 1555
YBL014C 27 933
YBL013W 37 624
YBL012C 6 33
YBL011W 19 548
YBL010C 5 88
YBL009W 15 179
YBL008W-A 1 16
YBL008W 20 648
YBL007C 25 770
YBL006C 5 1056
YBL006W-A 4 1025
YBL005W 26 700
YBL004W 27 433
YBL003C 5 2441
YBL002W 10 315
YBL001C 16 2705
YBR001C 86 4028
YBR002C 19 261
YBR003W 23 2071
YBR004C 20 554
YBR005W 11 318
YBR006W 42 2329
YBR007C 15 148
YBR008C 30 712
YBR009C 1 2
YBR010W 7 133
YBR011C 7 49
YBR012C 0 0
YBR013C 3 15
YBR014C 9 60
YBR015C 18 667
YBR016W 6 102
YBR017C 25 444
YBR018C 13 393
YBR019C 40 2402
YBR020W 34 743
YBR021W 17 113690
YBR022W 9 96
YBR023C 38 4868
YBR024W 11 480
YBR025C 14 317
YBR026C 11 416
YBR027C 10 91
YBR028C 5 70
YBR029C 14 118
YBR030W 8 123
YBR031W 2 267
YBR032W 28 37026
YBR033W 35 1128
YBR034C 23 1202
YBR035C 13 254
YBR036C 8 160
YBR037C 10 152
YBR038W 38 852
YBR039W 8 227
YBR040W 8 50
YBR041W 15 556
YBR042C 8 76
YBR043C 19 684
YBR044C 16 203
YBR045C 9 74
YBR046C 8 70
YBR047W 10 533
YBR048W 6 163
YBR049C 25 474
YBR050C 13 277
YBR051W 2 222
YBR052C 7 64
YBR053C 8 694
YBR054W 21 4275
YBR055C 20 720
YBR056W 15 249
YBR056W-A 6 521
YBR056C-B 3 479
YBR057C 9 248
YBR058C 14 220
YBR058C-A 4 25
YBR059C 20 597
YBR060C 6 201
YBR061C 13 694
YBR062C 4 20
YBR063C 9 140
YBR064W 0 0
YBR065C 3 46
YBR066C 11 156
YBR067C 2 55
YBR068C 25 476
YBR069C 25 1037
YBR070C 15 370
YBR071W 7 101
YBR072W 11 427
YBR072C-A 7 1877
YBR073W 16 296
YBR074W 26 935
YBR076W 14 1331
YBR076C-A 8 465
YBR077C 10 324
YBR078W 32 990
YBR079C 23 733
YBR080C 15 275
YBR081C 21 405
YBR082C 14 935
YBR083W 20 339
YBR084W 17 986
YBR084C-A 6 74
YBR085W 9 221
YBR085C-A 2 3
YBR086C 24 747
YBR087W 10 354
YBR088C 8 76
YBR089W 7 40
YBR089C-A 12 96
YBR090C 20 775
YBR091C 3 23
YBR092C 5 346
YBR093C 14 184
YBR094W 21 234
YBR095C 4 161
YBR096W 6 17
YBR097W 19 212
YBR098W 25 854
YBR099C 4 31
YBR101C 6 144
YBR102C 26 570
YBR103W 15 239
YBR103C-A 10 1333
YBR104W 12 271
YBR105C 10 129
YBR106W 7 201
YBR107C 6 621
YBR108W 20 556
YBR109C 2 10
YBR109W-A 4 55
YBR110W 4 36
YBR111C 12 1725
YBR111W-A 3 16
YBR112C 20 349
YBR113W 8 185
YBR114W 22 270
YBR115C 51 4038
YBR116C 14 1707
YBR117C 26 813
YBR118W 0 0
YBR119W 5 50
YBR120C 2 19
YBR121C 4 49
YBR121C-A 0 0
YBR122C 5 80
YBR123C 13 261
YBR124W 8 177
YBR125C 14 398
YBR126C 22 802
YBR126W-A 5 1111
YBR126W-B 5 1119
YBR127C 17 216
YBR128C 17 452
YBR129C 7 76
YBR130C 3 34
YBR131W 12 138
YBR131C-A 0 0
YBR132C 20 1220
YBR133C 36 667
YBR134W 12 798
YBR135W 7 151
YBR136W 52 1895
YBR137W 7 125
YBR138C 14 345
YBR139W 23 715
YBR140C 74 6259
YBR141C 8 295
YBR141W-A 1 24
YBR142W 29 1032
YBR143C 12 231
YBR144C 7 177
YBR145W 6 26
YBR146W 8 291
YBR147W 10 168
YBR148W 16 1588
YBR149W 16 306
YBR150C 25 453
YBR151W 15 1240
YBR152W 5 108
YBR153W 8 49
YBR154C 1 3
YBR155W 4 80
YBR156C 7 78
YBR157C 9 116
YBR158W 14 831
YBR159W 16 241
YBR160W 11 511
YBR161W 4 28
YBR162C 18 295
YBR162W-A 4 218
YBR163W 17 379
YBR164C 9 518
YBR165W 6 108
YBR166C 13 150
YBR167C 3 128
YBR168W 6 300
YBR169C 17 10989
YBR170C 20 564
YBR171W 2 6
YBR172C 14 656
YBR173C 2 14
YBR174C 8 187
YBR175W 23 1705
YBR176W 7 293
YBR177C 20 901
YBR178W 6 206
YBR179C 24 537
YBR180W 18 425
YBR181C 5 238
YBR182C 9 154
YBR182C-A 1 7
YBR183W 13 301
YBR184W 8 219
YBR185C 5 110
YBR186W 21 569
YBR187W 6 34
YBR188C 4 72
YBR189W 4 18
YBR190W 0 0
YBR191W 1 10
YBR191W-A 0 0
YBR192W 6 40
YBR193C 5 68
YBR194W 2 86
YBR195C 10 182
YBR196C 16 438
YBR196C-A 3 39
YBR196C-B 3 280
YBR197C 18 354
YBR198C 12 240
YBR199W 16 734
YBR200W 3 62
YBR200W-A 0 0
YBR201W 4 20
YBR201C-A 7 150
YBR202W 30 2029
YBR203W 33 1073
YBR204C 15 374
YBR205W 14 243
YBR206W 3 54
YBR207W 16 219
YBR208C 59 1193
YBR209W 13 546
YBR210W 2 7
YBR211C 7 170
YBR212W 23 562
YBR213W 21 315
YBR214W 33 1291
YBR215W 15 164
YBR216C 13 378
YBR217W 4 31
YBR218C 42 1712
YBR219C 22 492
YBR220C 20 358
YBR221C 16 495
YBR221W-A 7 251
YBR222C 27 409
YBR223C 14 163
YBR223W-A 3 78
YBR224W 4 82
YBR225W 11 79
YBR226C 2 36
YBR227C 1 56
YBR228W 25 436
YBR229C 43 977
YBR230C 3 21
YBR230W-A 8 357
YBR231C 15 157
YBR232C 2 3
YBR233W 8 80
YBR233W-A 4 72
YBR234C 14 571
YBR235W 36 824
YBR236C 10 63
YBR237W 13 149
YBR238C 17 650
YBR239C 36 1275
YBR240C 16 310
YBR241C 46 8657
YBR242W 10 367
YBR243C 6 48
YBR244W 6 66
YBR245C 27 599
YBR246W 17 487
YBR247C 4 43
YBR248C 24 1465
YBR249C 10 540
YBR250W 11 306
YBR251W 6 166
YBR252W 5 321
YBR253W 5 130
YBR254C 4 149
YBR255W 21 528
YBR255C-A 4 47
YBR256C 5 130
YBR257W 4 74
YBR258C 6 77
YBR259W 10 49
YBR260C 26 388
YBR261C 11 891
YBR262C 8 228
YBR263W 15 739
YBR264C 9 85
YBR265W 6 109
YBR267W 9 197
YBR266C 1 25
YBR268W 8 139
YBR269C 2 6
YBR270C 7 168
YBR271W 15 222
YBR272C 8 409
YBR273C 7 93
YBR274W 9 409
YBR275C 42 1020
YBR276C 26 560
YBR277C 9 116
YBR278W 17 365
YBR279W 14 327
YBR280C 25 224
YBR281C 21 626
YBR282W 8 131
YBR283C 19 587
YBR284W 23 393
YBR285W 1 1
YBR286W 27 407
YBR287W 16 308
YBR288C 12 611
YBR289W 14 1238
YBR290W 7 49
YBR291C 19 1501
YBR292C 5 128
YBR293W 9 493
YBR294W 27 327
YBR295W 32 1483
YBR296C 22 636
YBR296C-A 11 2025
YBR297W 18 204
YBR298C 37 705
YBR298C-A 6 540
YBR299W 7 123
YBR300C 1 3
YBR301W 2 28
YBR302C 0 0
YCL076W 6 16
YCL073C 6 87
YCL069W 2 108
YCL068C 0 0
YCL067C 0 0
YCL066W 0 0
YCL065W 0 0
YCL064C 16 158
YCL063W 13 209
YCL061C 15 328
YCL059C 4 27
YCL058C 13 392
YCL058W-A 8 269
YCL057C-A 6 271
YCL057W 21 999
YCL056C 1 2
YCL055W 4 176
YCL054W 11 461
YCL052C 4 262
YCL051W 11 356
YCL050C 13 184
YCL049C 9 985
YCL048W-A 2 8
YCL048W 14 611
YCL047C 11 184
YCL045C 24 311
YCL046W 0 0
YCL044C 7 123
YCL043C 33 710
YCL041C 12 368
YCL042W 17 1197
YCL040W 74 4694
YCL039W 44 1361
YCL038C 8 123
YCL037C 5 41
YCL036W 21 409
YCL035C 4 190
YCL034W 21 368
YCL033C 1 6
YCL032W 12 1771
YCL031C 9 225
YCL030C 32 2329
YCL029C 27 4354
YCL028W 7 289
YCL027W 16 255
YCL026C-B 1 4
YCL026C-A 9 3208
YCL025C 42 2195
YCL023C 9 62
YCL024W 19 154
YCL022C 2 3
YCL021W-A 8 177
YCL018W 6 216
YCL017C 11 115
YCL016C 8 89
YCL014W 34 1224
YCL012C 5 171
YCL011C 17 346
YCL010C 19 627
YCL009C 15 442
YCL008C 19 911
YCL007C 6 193
YCL005W-A 9 247
YCL005W 11 331
YCL004W 18 378
YCL002C 12 376
YCL001W 5 60
YCL001W-A 1 8
YCL001W-B 6 522
YCR001W 6 31
YCR002C 4 99
YCR003W 7 151
YCR004C 7 169
YCR005C 39 1089
YCR006C 28 2380
YCR007C 11 233
YCR008W 17 432
YCR009C 2 305
YCR010C 17 379
YCR011C 48 2288
YCR012W 9 116
YCR013C 6 73
YCR014C 11 331
YCR015C 11 555
YCR016W 5 91
YCR017C 35 2107
YCR018C 11 259
YCR018C-A 2 67
YCR019W 12 144
YCR020C 8 382
YCR020C-A 5 37
YCR020W-B 2 17
YCR021C 22 1631
YCR022C 14 269
YCR023C 23 1315
YCR024C 14 169
YCR024C-B 12 632
YCR024C-A 1 8
YCR025C 13 1398
YCR026C 21 456
YCR027C 2 34
YCR028C 14 178
YCR028C-A 3 47
YCR030C 14 840
YCR031C 8 165
YCR032W 45 1036
YCR033W 40 930
YCR034W 4 83
YCR035C 1 6
YCR036W 22 929
YCR037C 17 333
YCR038C 2 2
YCR038W-A 1 1
YCR039C 0 0
YCR040W 0 0
YCR041W 2 49
YCR042C 29 439
YCR043C 7 123
YCR044C 9 114
YCR045C 11 255
YCR045W-A 2 23
YCR046C 8 120
YCR047C 8 318
YCR047W-A 1 3
YCR049C 15 327
YCR048W 32 939
YCR050C 1 259
YCR051W 6 63
YCR052W 6 150
YCR053W 6 168
YCR054C 12 284
YCR057C 18 293
YCR059C 16 598
YCR060W 8 373
YCR061W 45 8887
YCR064C 15 865
YCR063W 18 1256
YCR065W 27 1346
YCR066W 11 520
YCR067C 28 573
YCR068W 16 1347
YCR069W 12 527
YCR071C 8 393
YCR072C 13 411
YCR073C 27 485
YCR073W-A 19 876
YCR075C 6 888
YCR075W-A 2 52
YCR076C 7 109
YCR077C 23 502
YCR079W 24 548
YCR081W 42 1481
YCR081C-A 5 59
YCR082W 10 277
YCR083W 4 116
YCR084C 24 513
YCR085W 1 2
YCR086W 6 36
YCR087W 13 753
YCR087C-A 9 147
YCR088W 20 448
YCR089W 19 379
YCR090C 4 162
YCR091W 19 3217
YCR092C 24 724
YCR093W 29 1091
YCR094W 8 98
YCR095C 7 233
YCR095W-A 2 51
YCR096C 0 0
YCR097W 1 107
YCR097W-A 1 1
YCR098C 14 222
YCR099C 3 141
YCR100C 8 142
YCR101C 5 78
YCR102C 24 351
YCR102W-A 0 0
YCR104W 3 5
YCR105W 21 998
YCR106W 29 1126
YCR107W 6 92
YCR108C 6 627
YDL248W 5 138
YDL247W-A 0 0
YDL247W 0 0
YDL246C 0 0
YDL245C 1 3
YDL244W 8 250
YDL243C 8 46
YDL242W 16 520
YDL241W 3 46
YDL240C-A 14 1272
YDL240W 26 711
YDL239C 8 294
YDL238C 23 1693
YDL237W 14 329
YDL236W 12 941
YDL235C 2 10
YDL234C 15 182
YDL233W 9 251
YDL232W 1 30
YDL231C 44 1375
YDL230W 18 356
YDL229W 12 386
YDL228C 3 233
YDL227C 6 575
YDL226C 7 63
YDL225W 11 203
YDL224C 10 158
YDL223C 30 652
YDL222C 17 193
YDL221W 32 2298
YDL220C 61 1946
YDL219W 3 55
YDL218W 14 436
YDL217C 7 230
YDL216C 11 174
YDL215C 52 3747
YDL214C 24 687
YDL213C 14 281
YDL212W 2 2
YDL211C 5 16
YDL210W 12 165
YDL209C 4 30
YDL208W 5 48
YDL207W 7 206
YDL206W 14 121
YDL205C 13 161
YDL204W 23 496
YDL203C 8 281
YDL202W 2 21
YDL201W 12 402
YDL200C 5 77
YDL199C 15 321
YDL198C 11 171
YDL197C 23 337
YDL196W 11 219
YDL195W 11 318
YDL194W 13 232
YDL193W 4 29
YDL192W 9 112
YDL191W 2 68
YDL190C 32 555
YDL189W 12 632
YDL188C 15 1517
YDL187C 5 82
YDL186W 7 466
YDL185C-A 2 88
YDL185W 19 421
YDL184C 0 0
YDL183C 11 259
YDL182W 23 1024
YDL181W 3 277
YDL180W 12 60
YDL179W 2 7
YDL178W 27 340
YDL177C 12 604
YDL176W 22 741
YDL175C 12 1984
YDL174C 26 344
YDL173W 11 222
YDL172C 3 53
YDL171C 69 1860
YDL170W 21 345
YDL169C 13 295
YDL168W 18 573
YDL167C 9 305
YDL166C 3 76
YDL165W 8 232
YDL164C 23 338
YDL163W 2 7
YDL162C 15 1737
YDL161W 10 99
YDL160C-A 3 220
YDL160C 14 162
YDL159W-A 5 143
YDL159W 20 1737
YDL159C-B 2 20
YDL158C 3 91
YDL157C 1 1
YDL156W 25 1143
YDL155W 12 382
YDL154W 21 716
YDL153C 5 57
YDL152W 2 7
YDL151C 1 1
YDL150W 9 212
YDL149W 9 51
YDL148C 20 518
YDL147W 7 189
YDL146W 8 140
YDL145C 26 452
YDL144C 17 872
YDL143W 14 446
YDL142C 16 1947
YDL141W 12 171
YDL140C 36 752
YDL139C 8 21
YDL138W 26 750
YDL137W 22 444
YDL136W 3 16
YDL135C 8 100
YDL134C 20 462
YDL133C-A 2 39
YDL133W 16 1010
YDL132W 22 409
YDL131W 23 2234
YDL130W-A 2 35
YDL130W 8 136
YDL129W 4 8
YDL128W 11 300
YDL127W 22 521
YDL126C 21 431
YDL125C 20 1694
YDL124W 19 289
YDL123W 6 49
YDL122W 32 2601
YDL121C 6 2833
YDL120W 2 9
YDL119C 9 549
YDL118W 2 39
YDL117W 24 411
YDL116W 9 360
YDL115C 12 344
YDL114W-A 3 154
YDL114W 4 736
YDL113C 22 511
YDL112W 43 1053
YDL111C 11 159
YDL110C 7 132
YDL109C 26 165
YDL108W 11 354
YDL107W 12 528
YDL106C 21 616
YDL105W 11 98
YDL104C 15 425
YDL103C 6 86
YDL102W 19 312
YDL101C 7 111
YDL100C 18 275
YDL099W 11 217
YDL098C 6 167
YDL097C 11 337
YDL096C 0 0
YDL095W 18 756
YDL094C 14 1061
YDL093W 18 243
YDL092W 12 210
YDL091C 6 87
YDL090C 7 158
YDL089W 22 567
YDL088C 10 150
YDL087C 5 138
YDL086W 22 971
YDL086C-A 17 937
YDL085C-A 4 261
YDL085W 22 787
YDL084W 8 121
YDL083C 3 8
YDL082W 6 128
YDL081C 0 0
YDL080C 23 2462
YDL079C 25 948
YDL078C 10 228
YDL077C 27 314
YDL076C 7 145
YDL075W 0 0
YDL074C 12 468
YDL073W 13 73
YDL072C 8 242
YDL071C 4 21
YDL070W 11 186
YDL069C 8 224
YDL068W 5 68
YDL067C 3 62
YDL066W 19 504
YDL065C 16 514
YDL064W 7 660
YDL063C 12 396
YDL062W 5 151
YDL061C 0 0
YDL060W 21 381
YDL059C 3 69
YDL058W 29 389
YDL057W 18 280
YDL056W 31 928
YDL055C 11 237
YDL054C 35 944
YDL053C 3 58
YDL052C 17 89
YDL051W 16 641
YDL050C 8 442
YDL049C 22 923
YDL048C 32 1496
YDL047W 13 875
YDL046W 4 52
YDL045W-A 4 35
YDL045C 7 116
YDL044C 10 126
YDL043C 4 65
YDL042C 21 755
YDL041W 10 334
YDL040C 17 561
YDL039C 31 2924
YDL037C 6 222
YDL036C 14 5175
YDL035C 15 464
YDL034W 4 22
YDL033C 17 257
YDL032W 0 0
YDL031W 15 357
YDL030W 10 200
YDL029W 9 78
YDL028C 19 507
YDL027C 7 225
YDL026W 1 106
YDL025C 11 319
YDL025W-A 0 0
YDL024C 12 193
YDL022C-A 4 18
YDL023C 7 683
YDL022W 21 1300
YDL021W 13 254
YDL020C 9 146
YDL019C 42 1548
YDL018C 3 5
YDL017W 17 426
YDL016C 2 161
YDL015C 3 9
YDL014W 6 91
YDL013W 9 5382
YDL012C 6 178
YDL011C 2 35
YDL010W 3 37
YDL009C 1 2
YDL008W 4 203
YDL007C-A 5 51
YDL007W 7 97
YDL006W 6 131
YDL005C 1 6
YDL004W 3 11
YDL003W 22 402
YDL002C 10 97
YDL001W 34 1276
YDR001C 56 1836
YDR002W 6 182
YDR003W 9 139
YDR003W-A 3 482
YDR004W 10 105
YDR005C 10 43
YDR006C 13 181
YDR007W 8 474
YDR008C 12 548
YDR009W 33 697
YDR010C 26 2781
YDR011W 64 781
YDR012W 0 0
YDR013W 1 35
YDR014W 9 103
YDR014W-A 6 369
YDR015C 2 5
YDR016C 2 68
YDR017C 35 2284
YDR018C 19 625
YDR019C 15 214
YDR020C 9 174
YDR021W 5 134
YDR022C 6 47
YDR023W 2 16
YDR024W 5 11
YDR025W 0 0
YDR026C 15 428
YDR027C 15 122
YDR028C 16 58
YDR029W 2 25
YDR030C 17 1437
YDR031W 1 5
YDR032C 10 80
YDR033W 16 702
YDR034C 14 352
YDR034C-A 0 0
YDR034W-B 0 0
YDR035W 2 6
YDR036C 11 183
YDR037W 27 277
YDR038C 7 81
YDR039C 0 0
YDR040C 4 23
YDR041W 9 296
YDR042C 1 5
YDR043C 11 382
YDR044W 11 221
YDR045C 6 105
YDR046C 14 2571
YDR047W 11 255
YDR048C 12 408
YDR049W 16 307
YDR050C 5 72
YDR051C 13 232
YDR052C 11 130
YDR053W 1 75
YDR054C 7 145
YDR055W 15 253
YDR056C 1 3
YDR057W 16 219
YDR058C 2 98
YDR059C 5 82
YDR060W 21 260
YDR061W 18 168
YDR062W 12 220
YDR063W 5 194
YDR064W 2 5
YDR065W 6 114
YDR066C 12 1321
YDR067C 4 41
YDR068W 1 22
YDR069C 21 289
YDR070C 5 88
YDR071C 11 386
YDR072C 26 760
YDR073W 13 146
YDR074W 38 714
YDR075W 9 1853
YDR076W 43 1115
YDR077W 18 186
YDR078C 9 161
YDR079W 3 17
YDR079C-A 2 70
YDR080W 27 312
YDR081C 11 72
YDR082W 13 214
YDR083W 11 209
YDR084C 5 40
YDR085C 20 391
YDR086C 0 0
YDR087C 4 26
YDR088C 11 236
YDR089W 27 361
YDR090C 8 166
YDR091C 13 255
YDR092W 3 154
YDR093W 102 13306
YDR094W 30 7901
YDR095C 20 6227
YDR096W 15 12244
YDR097C 19 575
YDR098C 15 145
YDR099W 19 297
YDR100W 8 1103
YDR101C 11 416
YDR102C 9 1388
YDR103W 9 147
YDR104C 18 277
YDR105C 17 390
YDR106W 17 258
YDR107C 15 392
YDR108W 9 197
YDR109C 13 480
YDR110W 12 902
YDR111C 12 592
YDR112W 7 286
YDR113C 10 44
YDR114C 10 201
YDR115W 3 184
YDR116C 12 294
YDR117C 17 308
YDR118W 15 154
YDR118W-A 0 0
YDR119W 25 488
YDR119W-A 5 61
YDR120C 20 1719
YDR121W 0 0
YDR122W 10 269
YDR123C 12 206
YDR124W 14 138
YDR125C 5 38
YDR126W 20 319
YDR127W 43 1704
YDR128W 30 1826
YDR129C 18 603
YDR130C 9 63
YDR131C 18 476
YDR132C 20 774
YDR133C 0 0
YDR135C 44 722
YDR136C 17 526
YDR137W 14 404
YDR138W 14 430
YDR139C 1 71
YDR140W 7 37
YDR141C 21 444
YDR142C 16 717
YDR143C 13 246
YDR144C 18 451
YDR145W 1 4
YDR146C 13 300
YDR147W 14 221
YDR148C 13 189
YDR149C 3 20
YDR150W 77 3156
YDR151C 11 910
YDR152W 11 199
YDR153C 10 166
YDR154C 6 89
YDR155C 6 144
YDR156W 6 157
YDR157W 14 429
YDR158W 4 16
YDR159W 22 271
YDR160W 13 173
YDR161W 6 24
YDR162C 0 0
YDR163W 6 1150
YDR164C 13 366
YDR165W 5 34
YDR166C 19 451
YDR167W 5 144
YDR168W 10 227
YDR169C 3 182
YDR169C-A 4 680
YDR170C 36 978
YDR171W 9 142
YDR172W 27 423
YDR173C 5 107
YDR174W 17 511
YDR175C 5 165
YDR176W 22 226
YDR177W 13 1529
YDR178W 9 134
YDR179C 3 15
YDR179W-A 9 85
YDR180W 22 386
YDR181C 8 182
YDR182W 15 394
YDR182W-A 0 0
YDR183W 5 108
YDR183C-A 2 113
YDR184C 4 68
YDR185C 9 254
YDR186C 36 852
YDR187C 19 1028
YDR188W 26 791
YDR189W 14 163
YDR190C 9 105
YDR191W 16 264
YDR192C 7 205
YDR193W 4 100
YDR194C 9 162
YDR194W-A 3 28
YDR195W 14 237
YDR196C 6 95
YDR197W 8 178
YDR198C 6 350
YDR199W 5 87
YDR200C 24 555
YDR201W 3 193
YDR202C 4 87
YDR203W 2 74
YDR204W 13 243
YDR205W 22 1014
YDR206W 11 302
YDR207C 29 681
YDR208W 23 478
YDR209C 2 2
YDR210W 1 1
YDR211W 20 223
YDR212W 14 187
YDR213W 17 139
YDR214W 32 1627
YDR215C 31 3260
YDR216W 32 758
YDR217C 23 392
YDR218C 13 275
YDR219C 5 52
YDR220C 7 28
YDR221W 23 831
YDR222W 11 165
YDR223W 20 640
YDR224C 5 68
YDR225W 7 52
YDR226W 6 290
YDR227W 12 620
YDR228C 4 57
YDR229W 15 437
YDR230W 7 128
YDR231C 14 105
YDR232W 22 240
YDR233C 11 85
YDR234W 34 1012
YDR235W 3 83
YDR236C 5 43
YDR237W 6 25
YDR238C 17 213
YDR239C 24 558
YDR240C 6 261
YDR241W 4 203
YDR242W 24 1920
YDR243C 12 470
YDR244W 17 496
YDR245W 4 82
YDR246W 16 425
YDR246W-A 19 2671
YDR247W 18 521
YDR248C 10 185
YDR249C 11 142
YDR250C 13 345
YDR251W 21 356
YDR252W 3 105
YDR253C 9 96
YDR254W 13 211
YDR255C 9 358
YDR256C 29 637
YDR257C 5 84
YDR258C 38 1968
YDR259C 13 171
YDR260C 28 1317
YDR261C 27 985
YDR262W 8 333
YDR263C 9 124
YDR264C 29 735
YDR265W 6 95
YDR266C 15 129
YDR267C 9 116
YDR268W 10 469
YDR269C 2 3
YDR270W 28 397
YDR271C 7 69
YDR272W 6 47
YDR273W 7 44
YDR274C 33 4704
YDR275W 11 70
YDR276C 6 107
YDR277C 34 2081
YDR278C 8 179
YDR279W 8 62
YDR280W 7 88
YDR281C 0 0
YDR282C 25 505
YDR283C 41 1247
YDR284C 14 212
YDR285W 15 403
YDR286C 6 22
YDR287W 1 18
YDR288W 8 81
YDR289C 8 38
YDR290W 4 25
YDR291W 32 1123
YDR292C 19 839
YDR293C 50 1050
YDR294C 20 640
YDR295C 9 70
YDR296W 8 41
YDR297W 11 240
YDR298C 5 25
YDR299W 10 57
YDR300C 18 348
YDR301W 34 508
YDR302W 5 85
YDR303C 16 481
YDR304C 17 542
YDR305C 13 1009
YDR306C 16 561
YDR307W 21 536
YDR308C 2 8
YDR309C 7 194
YDR310C 20 670
YDR311W 15 201
YDR312W 11 167
YDR313C 9 690
YDR314C 16 317
YDR315C 7 244
YDR316W 10 1166
YDR317W 6 146
YDR318W 10 378
YDR319C 8 200
YDR320C 19 202
YDR320C-A 0 0
YDR320W-B 5 46
YDR321W 14 297
YDR322W 17 436
YDR322C-A 3 245
YDR323C 15 403
YDR324C 10 253
YDR325W 19 1067
YDR326C 35 798
YDR327W 4 18
YDR328C 7 26
YDR329C 8 348
YDR330W 23 457
YDR331W 10 63
YDR332W 10 325
YDR333C 23 336
YDR334W 34 634
YDR335W 20 372
YDR336W 12 432
YDR337W 5 321
YDR338C 22 597
YDR339C 1 2
YDR340W 3 110
YDR341C 13 344
YDR342C 4 19
YDR343C 0 0
YDR344C 17 3529
YDR345C 33 1514
YDR346C 21 1459
YDR347W 8 159
YDR348C 21 835
YDR349C 17 560
YDR350C 8 111
YDR351W 20 229
YDR352W 6 134
YDR353W 13 417
YDR354W 10 138
YDR354C-A 0 0
YDR355C 2 7
YDR356W 14 405
YDR357C 6 912
YDR358W 14 313
YDR359C 13 264
YDR360W 2 8
YDR361C 4 35
YDR362C 24 547
YDR363W 14 218
YDR363W-A 2 12
YDR364C 17 489
YDR365C 8 184
YDR366C 7 51
YDR367W 6 407
YDR368W 6 193
YDR369C 27 482
YDR370C 12 2110
YDR371W 18 407
YDR371C-A 1 1
YDR372C 4 163
YDR373W 3 47
YDR374C 7 138
YDR374W-A 2 9
YDR375C 17 510
YDR376W 27 378
YDR377W 4 239
YDR378C 2 16
YDR379W 35 20718
YDR379C-A 5 99
YDR380W 29 1451
YDR381W 10 202
YDR381C-A 1 17
YDR382W 3 9
YDR383C 3 125
YDR384C 20 495
YDR385W 5 17
YDR386W 17 1546
YDR387C 17 520
YDR388W 18 248
YDR389W 22 284
YDR390C 15 299
YDR391C 8 64
YDR392W 8 52
YDR393W 20 343
YDR394W 16 386
YDR395W 22 380
YDR396W 11 172
YDR397C 14 203
YDR398W 10 176
YDR399W 11 694
YDR400W 21 1519
YDR401W 7 128
YDR402C 16 287
YDR403W 24 540
YDR404C 4 27
YDR405W 22 660
YDR406W 89 4632
YDR406W-A 0 0
YDR407C 26 379
YDR408C 9 284
YDR409W 25 543
YDR410C 17 428
YDR411C 13 189
YDR412W 0 0
YDR413C 0 0
YDR414C 12 244
YDR415C 18 2270
YDR416W 22 379
YDR417C 0 0
YDR418W 0 0
YDR419W 23 784
YDR420W 26 674
YDR421W 21 340
YDR422C 18 534
YDR423C 33 1166
YDR424C 3 40
YDR425W 17 489
YDR426C 10 410
YDR427W 7 102
YDR428C 6 119
YDR429C 3 18
YDR430C 42 1312
YDR431W 5 46
YDR432W 28 1127
YDR433W 14 847
YDR434W 9 203
YDR435C 10 248
YDR436W 27 1287
YDR437W 5 1131
YDR438W 9 104
YDR439W 1 6
YDR440W 17 365
YDR441C 8 112
YDR442W 4 829
YDR443C 27 1271
YDR444W 30 950
YDR445C 13 2000
YDR446W 15 184
YDR447C 7 36
YDR448W 9 113
YDR449C 7 97
YDR450W 2 2
YDR451C 8 253
YDR452W 31 816
YDR453C 14 93947
YDR454C 1 5
YDR455C 7 109
YDR456W 25 474
YDR457W 98 21227
YDR458C 8 197
YDR459C 14 228
YDR460W 8 66
YDR461W 1 16
YDR461C-A 9 68
YDR462W 5 586
YDR463W 24 835
YDR464W 15 118
YDR464C-A 0 0
YDR465C 7 139
YDR466W 16 292
YDR467C 7 321
YDR468C 5 146
YDR469W 5 109
YDR470C 14 694
YDR471W 9 97
YDR472W 10 331
YDR473C 16 731
YDR475C 26 505
YDR476C 29 1996
YDR477W 19 344
YDR478W 9 392
YDR479C 11 227
YDR480W 20 430
YDR481C 26 509
YDR482C 19 524
YDR483W 14 258
YDR484W 10 194
YDR485C 14 479
YDR486C 8 616
YDR487C 8 31
YDR488C 46 3273
YDR489W 6 500
YDR490C 31 2315
YDR491C 25 1050
YDR492W 11 299
YDR493W 7 83
YDR494W 5 119
YDR495C 20 398
YDR496C 13 232
YDR497C 29 329
YDR498C 7 447
YDR499W 15 174
YDR500C 6 99
YDR501W 7 48
YDR502C 25 2811
YDR503C 9 157
YDR504C 1 1
YDR505C 13 114
YDR506C 38 3138
YDR507C 44 816
YDR508C 32 424
YDR509W 2 4
YDR510W 6 64
YDR510C-A 1 1
YDR511W 1 32
YDR512C 30 862
YDR513W 4 104
YDR514C 16 516
YDR515W 3 9
YDR516C 21 1545
YDR517W 23 383
YDR518W 19 418
YDR519W 6 125
YDR520C 11 324
YDR521W 3 96
YDR522C 9 275
YDR523C 27 877
YDR524C 12 248
YDR524W-C 0 0
YDR524C-B 3 100
YDR524C-A 3 14
YDR525W 13 322
YDR525W-A 8 2037
YDR526C 7 1270
YDR527W 19 4682
YDR528W 16 789
YDR529C 6 130
YDR530C 24 1079
YDR531W 14 197
YDR532C 2 32
YDR533C 8 213
YDR534C 9 124
YDR535C 34 1145
YDR536W 28 1288
YDR537C 5 84
YDR538W 6 86
YDR539W 16 849
YDR540C 1 18
YDR541C 15 411
YDR542W 1 1
YDR543C 4 60
YDR544C 10 878
YDR545W 0 0
YDR545C-A 0 0
YEL077C 7 133
YEL077W-A 0 0
YEL076C-A 0 0
YEL076C 0 0
YEL075W-A 0 0
YEL075C 0 0
YEL074W 8 837
YEL073C 2 7
YEL072W 18 788
YEL071W 28 1401
YEL070W 13 345
YEL069C 25 568
YEL068C 7 215
YEL067C 28 3582
YEL066W 14 485
YEL065W 19 455
YEL064C 14 157
YEL063C 15 222
YEL062W 15 332
YEL061C 17 346
YEL060C 29 1428
YEL059C-A 9 264
YEL059W 19 1777
YEL058W 22 351
YEL057C 9 403
YEL056W 20 1049
YEL055C 17 328
YEL054C 1 57
YEL053W-A 1 57
YEL053C 7 114
YEL052W 8 330
YEL051W 7 144
YEL050W-A 2 486
YEL050C 12 276
YEL049W 6 66
YEL048C 0 0
YEL047C 7 76
YEL046C 19 1393
YEL045C 16 805
YEL044W 9 644
YEL043W 32 702
YEL042W 9 119
YEL041W 12 361
YEL040W 31 599
YEL039C 10 127
YEL038W 19 346
YEL037C 15 761
YEL036C 19 580
YEL035C 28 2008
YEL034C-A 14 176
YEL034W 10 171
YEL033W 24 1570
YEL032W 43 1035
YEL032C-A 2 83
YEL031W 35 778
YEL030C-A 4 11
YEL030W 7 132
YEL029C 8 165
YEL028W 4 19
YEL027W 2 4
YEL026W 0 0
YEL025C 38 1128
YEL024W 11 360
YEL023C 23 300
YEL022W 23 336
YEL021W 50 2211
YEL020C-B 3 7
YEL020W-A 5 27
YEL020C 19 311
YEL019C 6 99
YEL018C-A 8 150
YEL018W 11 266
YEL017C-A 2 136
YEL017W 9 80
YEL016C 17 439
YEL015W 28 713
YEL014C 5 583
YEL013W 7 44
YEL012W 19 382
YEL011W 46 15514
YEL010W 7 70
YEL009C-A 8 113
YEL009C 11 175
YEL008W 26 6891
YEL008C-A 7 595
YEL007W 9 163
YEL006W 20 2973
YEL005C 8 2283
YEL004W 14 439
YEL003W 10 289
YEL002C 23 1260
YEL001C 11 371
YER001W 33 845
YER002W 2 11
YER003C 19 558
YER004W 17 249
YER005W 35 2368
YER006W 9 80
YER006C-A 5 20
YER007W 12 104
YER007C-A 11 540
YER008C 18 240
YER009W 2 2
YER010C 11 259
YER011W 2 27
YER012W 2 2
YER013W 20 378
YER014W 4 54
YER014C-A 11 287
YER015W 25 467
YER016W 14 287
YER017C 32 550
YER018C 16 136
YER019W 28 541
YER019C-A 1 17
YER020W 25 1080
YER021W 11 171
YER022W 16 370
YER023W 5 34
YER023C-A 1 2
YER024W 41 29346
YER025W 0 0
YER026C 4 66
YER027C 10 104
YER028C 14 359
YER029C 4 523
YER030W 1 1
YER031C 8 141
YER032W 16 78
YER033C 19 236
YER034W 16 1315
YER035W 15 144
YER036C 28 835
YER037W 14 166
YER038C 8 157
YER038W-A 2 16
YER039C 9 209
YER039C-A 4 25
YER040W 11 363
YER041W 15 168
YER042W 9 560
YER043C 12 149
YER044C 11 599
YER044C-A 13 640
YER045C 13 149
YER046W 6 84
YER046W-A 4 175
YER047C 20 594
YER048C 15 346
YER048W-A 1 1
YER049W 10 257
YER050C 3 198
YER051W 17 334
YER052C 9 24
YER053C 15 260
YER053C-A 0 0
YER054C 28 1322
YER055C 9 107
YER056C 23 571
YER056C-A 5 11
YER057C 8 428
YER058W 6 24
YER059W 8 37
YER060W 14 174
YER060W-A 10 235
YER061C 12 194
YER062C 10 197
YER063W 11 829
YER064C 9 139
YER065C 44 3563
YER066W 8 390
YER066C-A 3 124
YER067W 8 100
YER067C-A 6 51
YER068W 19 1460
YER068C-A 16 298
YER069W 44 863
YER070W 29 635
YER071C 2 11
YER072W 8 283
YER073W 11 190
YER074W 0 0
YER074W-A 2 11
YER075C 25 311
YER076C 7 47
YER076W-A 3 24
YER077C 15 263
YER078C 16 710
YER078W-A 10 558
YER079W 13 298
YER079C-A 5 109
YER080W 18 424
YER081W 30 803
YER082C 7 107
YER083C 8 239
YER084W 10 503
YER084W-A 4 19
YER085C 4 19
YER086W 17 257
YER087W 12 195
YER087C-A 4 159
YER087C-B 1 15
YER088C 32 2122
YER088C-A 27 74743
YER088W-B 7 355
YER089C 37 1489
YER090W 14 178
YER090C-A 0 0
YER091C 14 161
YER091C-A 19 6019
YER092W 3 11
YER093C 12 331
YER093C-A 10 117
YER094C 7 140
YER095W 14 364
YER096W 9 79
YER097W 4 230
YER098W 14 666
YER099C 11 98
YER100W 1 11
YER101C 19 337
YER102W 3 7
YER103W 12 579
YER104W 9 118
YER105C 35 4417
YER106W 4 40
YER107C 3 21
YER107W-A 1 18
YER109C 10 76
YER110C 20 306
YER111C 26 711
YER112W 0 0
YER113C 9 143
YER114C 38 935
YER115C 7 53
YER116C 8 65
YER117W 1 1
YER118C 11 144
YER119C 28 1831
YER119C-A 17 369
YER120W 3 51
YER121W 8 906
YER122C 9 648
YER123W 18 997
YER124C 7 82
YER125W 22 520
YER126C 6 154
YER127W 4 46
YER128W 15 448
YER129W 43 1324
YER130C 23 1215
YER131W 1 6
YER132C 52 931
YER133W 9 37
YER133W-A 1 44
YER134C 5 111
YER135C 6 357
YER136W 19 332
YER137C 13 559
YER137W-A 8 360
YER138W-A 0 0
YER139C 7 145
YER140W 27 553
YER141W 12 469
YER142C 5 259
YER143W 12 14252
YER144C 24 7191
YER145C 47 7555
YER145C-A 9 230
YER146W 6 38
YER147C 45 1765
YER147C-A 2 38
YER148W 4 76
YER148W-A 6 192
YER149C 12 491
YER150W 3 198
YER151C 24 493
YER152C 14 301
YER152W-A 1 1
YER153C 20 447
YER154W 15 330
YER155C 46 869
YER156C 14 339
YER157W 20 570
YER158C 21 339
YER158W-A 6 476
YER159C 7 436
YER161C 11 555
YER162C 9 415
YER163C 13 392
YER164W 39 889
YER165W 2 10
YER165C-A 2 11
YER166W 53 1591
YER167W 31 1115
YER168C 12 343
YER169W 27 837
YER170W 11 353
YER171W 19 385
YER172C 38 990
YER172C-A 6 49
YER173W 19 641
YER174C 3 135
YER175C 22 921
YER175W-A 2 40
YER176W 80 4674
YER177W 7 74
YER178W 21 529
YER179W 16 296
YER180C 4 31
YER180C-A 3 46
YER181C 2 33
YER182W 5 72
YER183C 15 735
YER184C 15 201
YER185W 8 95
YER186C 17 723
YER187W 7 114
YER188W 9 220
YER188C-A 6 54
YER189W 0 0
YER190W 4 65
YER190C-A 0 0
YER190C-B 0 0
YFL068W 0 0
YFL067W 0 0
YFL066C 0 0
YFL065C 0 0
YFL064C 0 0
YFL063W 5 209
YFL062W 4 21
YFL061W 0 0
YFL060C 1 1
YFL059W 5 238
YFL058W 2 9
YFL057C 2 3
YFL056C 2 25
YFL055W 18 594
YFL054C 26 1174
YFL053W 19 302
YFL052W 21 828
YFL051C 7 102
YFL050C 20 752
YFL049W 11 279
YFL048C 15 443
YFL047W 16 640
YFL046W 12 514
YFL045C 1 1
YFL044C 9 277
YFL042C 31 3110
YFL041W-A 3 75
YFL041W 23 247
YFL040W 17 397
YFL039C 7 94
YFL038C 16 472
YFL037W 17 534
YFL036W 27 1041
YFL034C-B 4 142
YFL034C-A 8 222
YFL034W 24 511
YFL033C 67 2230
YFL032W 10 756
YFL031W 14 413
YFL031C-A 0 0
YFL030W 24 1263
YFL029C 6 68
YFL028C 10 259
YFL027C 10 172
YFL026W 6 87
YFL025C 13 236
YFL024C 34 910
YFL023W 16 92
YFL022C 17 551
YFL021C-A 28 1379
YFL021W 23 662
YFL020C 2 223
YFL019C 0 0
YFL018C 8 121
YFL017W-A 5 452
YFL017C 8 139
YFL016C 27 575
YFL015W-A 8 231
YFL015C 23 2101
YFL014W 5 117
YFL013W-A 16 369
YFL013C 26 465
YFL012W-A 17 1113
YFL012W 4 35
YFL011W 8 135
YFL010W-A 0 0
YFL010C 4 15
YFL009W 11 149
YFL008W 19 305
YFL007W 51 1070
YFL005W 7 113
YFL004W 24 2812
YFL003C 52 1519
YFL002C 28 625
YFL001W 42 1033
YFR001W 5 282
YFR002W 17 342
YFR003C 7 155
YFR004W 8 43
YFR005C 12 172
YFR006W 36 1070
YFR007W 22 3128
YFR008W 6 178
YFR009W 10 366
YFR009W-A 0 0
YFR010W 29 3025
YFR010W-A 2 46
YFR011C 9 237
YFR012W 6 146
YFR012W-A 0 0
YFR013W 22 858
YFR014C 15 887
YFR015C 33 1079
YFR016C 32 5447
YFR017C 27 1140
YFR018C 47 5878
YFR019W 56 1217
YFR020W 9 206
YFR021W 24 803
YFR022W 25 544
YFR023W 12 258
YFR024C-A 12 1038
YFR025C 21 1215
YFR026C 6 140
YFR027W 6 39
YFR028C 7 140
YFR029W 25 765
YFR030W 14 531
YFR031C 17 431
YFR031C-A 3 20
YFR032C 6 31
YFR032C-A 2 24
YFR032C-B 7 350
YFR033C 12 788
YFR034C 35 1858
YFR034W-A 18 9161
YFR035C 19 15496
YFR036W 7 169
YFR036W-A 8 138
YFR037C 14 419
YFR038W 25 1482
YFR039C 6 263
YFR040W 13 345
YFR041C 18 2101
YFR042W 2 8
YFR043C 12 641
YFR044C 22 591
YFR045W 6 231
YFR046C 10 123
YFR047C 15 691
YFR048W 32 762
YFR049W 5 47
YFR050C 9 207
YFR051C 23 1061
YFR052W 6 64
YFR052C-A 7 97
YFR053C 30 1832
YFR054C 4 17
YFR056C 11 569
YFR055W 6 42
YFR057W 3 126
YGL263W 13 198
YGL262W 8 105
YGL261C 4 227
YGL260W 0 0
YGL259W 3 33
YGL258W-A 1 4
YGL258W 2 102
YGL257C 9 659
YGL256W 13 997
YGL255W 23 462
YGL254W 26 566
YGL253W 16 779
YGL252C 22 1904
YGL251C 42 1709
YGL250W 8 807
YGL249W 31 697
YGL248W 13 202
YGL247W 5 218
YGL246C 16 1212
YGL245W 18 305
YGL244W 11 248
YGL243W 3 304
YGL242C 8 288
YGL241W 23 2593
YGL240W 6 50
YGL239C 5 120
YGL238W 25 959
YGL237C 9 80
YGL236C 30 545
YGL235W 12 155
YGL234W 31 889
YGL233W 17 270
YGL232W 6 327
YGL231C 3 7
YGL230C 2 10
YGL229C 30 1970
YGL228W 17 471
YGL227W 23 703
YGL226C-A 2 89
YGL226W 6 1681
YGL225W 15 342
YGL224C 16 332
YGL223C 13 375
YGL222C 3 38
YGL221C 8 238
YGL220W 6 510
YGL219C 12 878
YGL218W 6 708
YGL217C 4 56
YGL216W 39 1252
YGL215W 11 147
YGL214W 6 58
YGL213C 11 122
YGL212W 3 18
YGL211W 8 296
YGL210W 8 160
YGL209W 13 182
YGL208W 37 3969
YGL207W 22 379
YGL206C 45 1109
YGL205W 24 656
YGL204C 1 3
YGL203C 22 685
YGL202W 20 558
YGL201C 37 1688
YGL200C 11 316
YGL199C 7 146
YGL198W 9 151
YGL197W 25 341
YGL196W 16 409
YGL195W 83 5321
YGL194C-A 4 23
YGL194C 9 121
YGL193C 11 282
YGL192W 24 381
YGL191W 6 48
YGL190C 25 416
YGL189C 8 96
YGL188C-A 1 2
YGL188C 5 49
YGL187C 16 412
YGL186C 19 360
YGL185C 23 572
YGL184C 16 742
YGL183C 11 157
YGL182C 6 97
YGL181W 12 68
YGL180W 23 1244
YGL179C 19 1529
YGL178W 40 921
YGL177W 12 257
YGL176C 10 231
YGL175C 6 605
YGL174W 5 98
YGL173C 45 866
YGL172W 10 37
YGL171W 14 339
YGL170C 3 22
YGL169W 19 468
YGL168W 5 34
YGL167C 25 548
YGL166W 13 186
YGL165C 24 31463
YGL164C 10 118
YGL163C 32 291
YGL162W 14 325
YGL161C 17 620
YGL160W 19 878
YGL159W 5 51
YGL158W 13 289
YGL157W 11 160
YGL156W 27 352
YGL155W 14 381
YGL154C 9 325
YGL153W 7 14
YGL152C 9 160
YGL151W 20 318
YGL150C 29 562
YGL149W 10 228
YGL148W 13 453
YGL147C 9 412
YGL146C 21 735
YGL145W 15 399
YGL144C 21 557
YGL143C 13 370
YGL142C 12 176
YGL141W 26 657
YGL140C 16 457
YGL139W 19 214
YGL138C 7 67
YGL137W 17 555
YGL136C 6 110
YGL135W 7 154
YGL134W 21 300
YGL133W 36 888
YGL132W 0 0
YGL131C 28 2598
YGL130W 3 64
YGL129C 6 54
YGL128C 3 12
YGL127C 5 222
YGL126W 77 15480
YGL125W 54 2435
YGL124C 14 223
YGL123W 2 3
YGL123C-A 1 1
YGL122C 15 4707
YGL121C 8 2440
YGL120C 17 386
YGL119W 8 38
YGL118C 12 1143
YGL117W 14 327
YGL116W 30 551
YGL115W 6 103
YGL114W 19 460
YGL113W 8 247
YGL112C 2 8
YGL111W 8 70
YGL110C 32 507
YGL109W 7 240
YGL108C 4 37
YGL107C 13 289
YGL106W 1 1
YGL105W 7 204
YGL104C 13 282
YGL103W 12 226
YGL102C 10 220
YGL101W 4 13
YGL100W 7 181
YGL099W 8 168
YGL098W 2 5
YGL097W 21 677
YGL096W 5 213
YGL095C 16 225
YGL094C 32 664
YGL093W 11 145
YGL092W 21 257
YGL091C 11 784
YGL090W 13 346
YGL089C 4 36
YGL088W 5 165
YGL087C 13 976
YGL086W 22 429
YGL085W 13 800
YGL084C 13 391
YGL083W 13 323
YGL082W 16 190
YGL081W 8 98
YGL080W 4 115
YGL079W 6 156
YGL078C 6 205
YGL077C 19 670
YGL076C 3 154
YGL075C 8 54
YGL074C 9 202
YGL073W 43 885
YGL072C 19 479
YGL071W 27 942
YGL070C 7 87
YGL069C 4 43
YGL068W 4 43
YGL067W 10 138
YGL066W 16 290
YGL065C 12 111
YGL064C 20 331
YGL063W 78 7320
YGL063C-A 7 175
YGL062W 59 1437
YGL061C 9 180
YGL060W 21 436
YGL059W 11 165
YGL058W 12 130
YGL057C 10 234
YGL056C 19 355
YGL055W 28 616
YGL054C 7 218
YGL053W 4 8
YGL052W 1 1
YGL051W 5 67
YGL050W 9 226
YGL049C 18 484
YGL048C 7 37
YGL047W 9 240
YGL045W 25 1012
YGL044C 4 53
YGL043W 18 973
YGL042C 3 10
YGL041C-B 7 737
YGL041W-A 4 103
YGL041C 3 70
YGL040C 11 157
YGL039W 8 95
YGL038C 16 475
YGL037C 5 97
YGL036W 16 331
YGL035C 10 173
YGL034C 8 35
YGL033W 6 59
YGL032C 3 16
YGL031C 2 28
YGL030W 1 2
YGL029W 2 3
YGL028C 5 38
YGL027C 14 336
YGL026C 17 385
YGL025C 6 102
YGL024W 2 86
YGL023C 23 651
YGL022W 32 1018
YGL021W 22 1142
YGL020C 2 6
YGL019W 2 38
YGL018C 7 86
YGL017W 8 216
YGL016W 12 275
YGL015C 9 67
YGL014W 13 516
YGL014C-A 3 135
YGL013C 22 613
YGL012W 28 804
YGL011C 5 49
YGL010W 8 286
YGL009C 21 1184
YGL008C 45 2106
YGL007C-A 1 1
YGL007W 21 391
YGL006W-A 1 5
YGL006W 27 658
YGL005C 9 55
YGL004C 32 2325
YGL003C 25 1058
YGL002W 16 360
YGL001C 37 3268
YGR001C 16 1298
YGR002C 20 1322
YGR003W 17 1256
YGR004W 13 301
YGR005C 8 366
YGR006W 12 248
YGR007W 18 849
YGR008C 11 1419
YGR009C 7 62
YGR010W 11 431
YGR011W 2 13
YGR012W 14 180
YGR013W 41 1256
YGR014W 24 421
YGR015C 16 269
YGR016W 10 377
YGR017W 7 162
YGR018C 2 21
YGR019W 30 1305
YGR020C 2 11
YGR021W 16 203
YGR022C 5 70
YGR023W 11 743
YGR024C 4 33
YGR025W 12 1470
YGR026W 8 203
YGR027C 5 86
YGR028W 9 128
YGR029W 6 173
YGR030C 10 493
YGR031W 53 2202
YGR031C-A 25 529
YGR032W 71 2175
YGR033C 6 202
YGR034W 5 398
YGR035C 4 19
YGR035W-A 12 1856
YGR036C 10 329
YGR037C 3 29
YGR038W 10 236
YGR039W 6 68
YGR040W 20 509
YGR041W 35 1202
YGR042W 4 33
YGR043C 18 794
YGR044C 9 221
YGR045C 23 1383
YGR046W 6 69
YGR047C 18 363
YGR048W 11 152
YGR049W 15 610
YGR050C 14 244
YGR051C 18 2433
YGR052W 20 475
YGR053C 9 146
YGR054W 16 1288
YGR055W 15 217
YGR056W 22 633
YGR057C 11 225
YGR058W 7 112
YGR059W 8 214
YGR060W 13 195
YGR061C 32 1431
YGR062C 4 88
YGR063C 5 34
YGR064W 7 40
YGR065C 10 292
YGR066C 4 61
YGR067C 21 269
YGR068C 73 6228
YGR068W-A 2 14
YGR069W 17 984
YGR070W 51 2029
YGR071C 20 8393
YGR072W 2 27
YGR073C 5 14
YGR074W 4 13
YGR075C 1 7
YGR076C 3 64
YGR077C 18 452
YGR078C 3 21
YGR079W 14 1037
YGR080W 12 185
YGR081C 1 3
YGR082W 5 102
YGR083C 19 489
YGR084C 9 32899
YGR085C 2 5
YGR086C 13 357
YGR087C 33 1908
YGR088W 15 507
YGR089W 25 712
YGR090W 16 398
YGR091W 4 10
YGR092W 15 393
YGR093W 20 1051
YGR094W 22 664
YGR095C 5 33
YGR096W 28 3571
YGR097W 31 995
YGR098C 12 68
YGR099W 12 532
YGR100W 36 746
YGR101W 6 38
YGR102C 4 40
YGR103W 11 135
YGR104C 12 164
YGR105W 2 21
YGR106C 7 64
YGR107W 36 3298
YGR108W 5 166
YGR109C 9 411
YGR110W 5 117
YGR111W 13 357
YGR112W 15 150
YGR113W 15 481
YGR114C 0 0
YGR115C 2 4
YGR116W 16 218
YGR117C 12 3211
YGR118W 2 292
YGR119C 6 39
YGR120C 4 66
YGR121C 37 1586
YGR121W-A 12 1022
YGR122W 13 654
YGR122C-A 0 0
YGR123C 22 947
YGR124W 23 1056
YGR125W 25 336
YGR126W 8 50
YGR127W 14 697
YGR128C 10 61
YGR129W 9 725
YGR130C 29 1510
YGR131W 5 382
YGR132C 11 175
YGR133W 4 15
YGR134W 29 513
YGR135W 5 40
YGR136W 4 128
YGR137W 0 0
YGR138C 13 246
YGR139W 2 21
YGR140W 20 376
YGR141W 27 575
YGR142W 7 81
YGR143W 26 987
YGR144W 15 417
YGR145W 12 94
YGR146C 6 1658
YGR146C-A 4 88
YGR147C 4 55
YGR148C 6 95
YGR149W 8 157
YGR150C 18 1500
YGR151C 1 20
YGR152C 5 118
YGR153W 13 415
YGR154C 9 211
YGR155W 10 83
YGR156W 17 648
YGR157W 20 558
YGR158C 13 264
YGR159C 5 42
YGR160W 0 0
YGR161C 13 289
YGR161W-C 4 65
YGR162W 16 169
YGR163W 4 132
YGR164W 10 1481
YGR165W 7 275
YGR166W 10 71
YGR167W 11 654
YGR168C 14 269
YGR169C 14 329
YGR169C-A 0 0
YGR170W 36 855
YGR171C 11 230
YGR172C 6 318
YGR173W 13 208
YGR174C 5 42
YGR174W-A 0 0
YGR175C 25 249
YGR176W 24 2699
YGR177C 44 3015
YGR178C 30 1193
YGR179C 11 262
YGR180C 8 82
YGR181W 13 116
YGR182C 17 477
YGR183C 2 67
YGR184C 56 981
YGR185C 6 162
YGR186W 7 130
YGR187C 6 47
YGR188C 11 219
YGR189C 8 189
YGR190C 2 9
YGR191W 10 165
YGR192C 19 282
YGR193C 8 225
YGR194C 15 241
YGR195W 14 669
YGR196C 14 218
YGR197C 38 1697
YGR198W 24 341
YGR199W 26 1288
YGR200C 14 382
YGR201C 16 3306
YGR202C 18 296
YGR203W 36 1433
YGR204W 54 2630
YGR204C-A 1 1
YGR205W 9 209
YGR206W 3 123
YGR207C 5 743
YGR208W 16 300
YGR209C 3 1175
YGR210C 22 774
YGR211W 21 494
YGR212W 13 321
YGR213C 11 151
YGR214W 9 154
YGR215W 4 48
YGR216C 15 330
YGR217W 40 830
YGR218W 13 233
YGR219W 3 8
YGR220C 13 491
YGR221C 14 417
YGR222W 11 99
YGR223C 8 267
YGR224W 14 134
YGR225W 10 95
YGR226C 0 0
YGR227W 5 66
YGR228W 3 11
YGR229C 12 241
YGR230W 16 3027
YGR231C 8 49
YGR232W 17 434
YGR233C 34 722
YGR234W 6 163
YGR235C 9 130
YGR236C 16 343
YGR237C 14 254
YGR238C 40 1182
YGR239C 32 4316
YGR240C 23 572
YGR240C-A 12 554
YGR241C 27 1387
YGR242W 3 163
YGR243W 2 3
YGR244C 38 2135
YGR245C 26 621
YGR246C 7 157
YGR247W 8 262
YGR248W 15 189
YGR249W 6 1319
YGR250C 25 410
YGR251W 6 154
YGR252W 8 577
YGR253C 7 143
YGR254W 16 246
YGR255C 24 305
YGR256W 19 299
YGR257C 19 302
YGR258C 44 8834
YGR259C 4 111
YGR260W 19 2305
YGR261C 20 372
YGR262C 4 469
YGR263C 15 295
YGR264C 10 162
YGR265W 10 600
YGR266W 25 692
YGR267C 13 127
YGR268C 20 1203
YGR269W 14 278
YGR270W 42 1785
YGR270C-A 4 370
YGR271W 71 1882
YGR271C-A 3 28
YGR273C 1 3
YGR274C 10 295
YGR275W 2 108
YGR276C 16 100
YGR277C 12 1567
YGR278W 7 39
YGR279C 12 1088
YGR280C 11 67
YGR281W 54 934
YGR282C 12 215
YGR283C 18 265
YGR284C 7 235
YGR285C 8 97
YGR286C 19 657
YGR287C 26 626
YGR288W 15 183
YGR289C 16 183
YGR290W 0 0
YGR291C 6 133
YGR292W 1 44
YGR293C 0 0
YGR294W 1 2
YGR295C 9 210
YGR296W 0 0
YGR296C-A 0 0
YGR296C-B 0 0
YHL050C 1 16
YHL050W-A 1 16
YHL049C 0 0
YHL048C-A 0 0
YHL048W 4 31
YHL047C 11 193
YHL046W-A 2 12
YHL046C 1 3
YHL045W 6 450
YHL044W 6 1562
YHL043W 4 13
YHL042W 15 737
YHL041W 22 25165
YHL040C 23 517
YHL039W 11 637
YHL038C 6 94
YHL037C 13 779
YHL036W 30 898
YHL035C 24 681
YHL034W-A 3 41
YHL034C 6 89
YHL033C 13 313
YHL032C 36 1883
YHL031C 22 580
YHL030W-A 10 314
YHL030W 33 624
YHL029C 35 1055
YHL028W 29 587
YHL027W 37 1158
YHL026C 13 312
YHL025W 29 1572
YHL024W 33 1102
YHL023C 22 359
YHL022C 1 211
YHL021C 29 621
YHL020C 21 377
YHL019W-A 9 572
YHL019C 14 255
YHL018W 7 62
YHL017W 17 783
YHL016C 29 1132
YHL015W-A 1 11
YHL015W 0 0
YHL014C 10 243
YHL013C 9 104
YHL012W 9 310
YHL011C 4 171
YHL010C 24 432
YHL009C 10 307
YHL008C 8 60
YHL007C 41 1446
YHL006W-A 15 774
YHL006C 29 12065
YHL005C 28 4715
YHL004W 19 388
YHL003C 8 186
YHL002C-A 11 278
YHL002W 30 1141
YHL001W 12 182
YHR001W 41 3327
YHR001W-A 12 537
YHR002W 28 767
YHR003C 19 430
YHR004C 24 624
YHR005C 7 121
YHR005C-A 5 22
YHR006W 17 281
YHR007C 9 291
YHR007C-A 16 1104
YHR008C 8 86
YHR009C 13 427
YHR010W 1 4
YHR011W 12 278
YHR012W 6 26
YHR013C 4 193
YHR014W 3 8
YHR015W 6 125
YHR016C 11 540
YHR017W 11 225
YHR018C 12 499
YHR019C 15 365
YHR020W 18 411
YHR021C 2 28
YHR021W-A 1 4
YHR022C 8 241
YHR022C-A 3 34
YHR023W 21 562
YHR024C 8 123
YHR025W 9 224
YHR026W 8 120
YHR027C 25 260
YHR028C 27 1357
YHR028W-A 9 199
YHR029C 10 467
YHR030C 12 190
YHR031C 22 2529
YHR032W 40 2872
YHR032W-A 5 70
YHR032C-A 4 149
YHR033W 57 2797
YHR034C 28 1180
YHR035W 21 267
YHR036W 13 223
YHR037W 25 721
YHR038W 1 22
YHR039C 13 493
YHR039C-A 4 13
YHR040W 14 263
YHR041C 8 286
YHR042W 21 273
YHR043C 14 193
YHR044C 15 248
YHR045W 20 343
YHR046C 17 347
YHR047C 25 622
YHR048W 29 564
YHR049W 13 112
YHR049C-A 15 285
YHR050W 37 4492
YHR050W-A 5 68
YHR051W 2 3
YHR052W 11 208
YHR052W-A 0 0
YHR053C 0 0
YHR054C 0 0
YHR054W-A 0 0
YHR055C 0 0
YHR056C 30 3749
YHR056W-A 10 185
YHR057C 12 224
YHR058C 10 283
YHR059W 3 449
YHR060W 3 22
YHR061C 10 892
YHR062C 6 175
YHR063C 8 323
YHR063W-A 1 6
YHR064C 6 146
YHR065C 14 255
YHR066W 7 130
YHR067W 14 570
YHR068W 10 128
YHR069C 9 304
YHR069C-A 0 0
YHR070W 29 2434
YHR070C-A 24 2688
YHR071W 15 1407
YHR071C-A 10 461
YHR072W 25 280
YHR072W-A 0 0
YHR073W 30 640
YHR073W-A 3 131
YHR073C-B 1 39
YHR074W 20 354
YHR075C 10 469
YHR076W 5 28
YHR077C 29 452
YHR078W 7 145
YHR079C 23 293
YHR079C-A 1 4
YHR080C 42 1474
YHR081W 4 44
YHR082C 32 958
YHR083W 21 390
YHR084W 20 880
YHR085W 3 67
YHR086W 14 1211
YHR086W-A 11 342
YHR087W 13 489
YHR088W 3 13
YHR089C 4 75
YHR090C 4 88
YHR091C 14 120
YHR092C 17 558
YHR093W 2 734
YHR094C 23 942
YHR095W 9 469
YHR096C 25 619
YHR097C 17 259
YHR098C 30 650
YHR099W 61 1284
YHR100C 3 10
YHR101C 6 39
YHR102W 10 147
YHR103W 19 267
YHR104W 6 1137
YHR105W 1 20
YHR106W 7 3986
YHR107C 2 9
YHR108W 13 311
YHR109W 9 173
YHR110W 3 8
YHR111W 5 21
YHR112C 14 492
YHR113W 15 337
YHR114W 24 327
YHR115C 17 2171
YHR116W 15 1679
YHR117W 15 361
YHR118C 10 193
YHR119W 34 558
YHR120W 19 84
YHR121W 8 235
YHR122W 7 107
YHR123W 18 732
YHR124W 24 368
YHR125W 4 52
YHR126C 6 203
YHR127W 3 172
YHR128W 6 505
YHR129C 13 225
YHR130C 3 4904
YHR131C 23 322
YHR131W-A 6 88
YHR132C 26 1154
YHR132W-A 8 313
YHR133C 12 146
YHR134W 10 177
YHR135C 38 1275
YHR136C 10 376
YHR137W 9 396
YHR137C-A 8 395
YHR138C 7 165
YHR139C 6 57
YHR139C-A 7 315
YHR140W 17 701
YHR141C 4 10
YHR142W 10 711
YHR143W 6 1760
YHR143W-A 0 0
YHR144C 11 113
YHR145C 5 18
YHR146W 7 275
YHR147C 4 29
YHR148W 9 91
YHR149C 18 434
YHR150W 14 341
YHR151C 16 1072
YHR152W 11 195
YHR153C 7 243
YHR154W 30 1078
YHR155W 16 428
YHR156C 16 447
YHR157W 7 179
YHR158C 29 643
YHR159W 25 931
YHR160C 8 71
YHR161C 30 1986
YHR162W 0 0
YHR163W 8 121
YHR164C 28 1161
YHR165C 36 448
YHR165W-A 4 10
YHR166C 20 617
YHR167W 6 155
YHR168W 22 1172
YHR169W 19 714
YHR170W 6 101
YHR171W 8 6123
YHR172W 21 4428
YHR173C 15 315
YHR174W 23 727
YHR175W 9 321
YHR175W-A 5 38
YHR176W 22 188
YHR177W 8 141
YHR178W 28 792
YHR179W 10 116
YHR180W 7 57
YHR180W-A 2 196
YHR180C-B 1 27
YHR181W 4 311
YHR182W 31 846
YHR182C-A 6 281
YHR183W 18 401
YHR184W 12 185
YHR185C 3 69
YHR186C 37 762
YHR187W 6 483
YHR188C 19 389
YHR189W 13 242
YHR190W 15 394
YHR191C 2 24
YHR192W 12 260
YHR193C 8 171
YHR193C-A 6 163
YHR194W 28 999
YHR195W 11 102
YHR196W 15 235
YHR197W 4 370
YHR198C 13 201
YHR199C 14 657
YHR199C-A 4 45
YHR200W 9 241
YHR201C 4 35
YHR202W 14 399
YHR203C 0 0
YHR204W 25 802
YHR205W 13 199
YHR206W 14 312
YHR207C 17 270
YHR208W 14 333
YHR209W 5 1349
YHR210C 9 154
YHR211W 15 359
YHR212C 0 0
YHR212W-A 0 0
YHR213W 0 0
YHR213W-A 0 0
YHR213W-B 6 18
YHR214W 0 0
YHR214W-A 0 0
YHR214C-D 0 0
YHR214C-E 1 2
YHR215W 2 15
YHR216W 22 524
YHR217C 10 113
YHR218W 0 0
YHR218W-A 0 0
YHR219W 0 0
YHR219C-A 0 0
YIL177C 0 0
YIL177W-A 0 0
YIL176C 0 0
YIL173W 0 0
YIL172C 0 0
YIL171W-A 0 0
YIL169C 6 194
YIL166C 11 277
YIL165C 7 171
YIL164C 12 345
YIL163C 15 1087
YIL162W 36 7566
YIL161W 5 10
YIL160C 14 265
YIL159W 39 781
YIL158W 10 1398
YIL157C 10 738
YIL156W-A 6 120
YIL156W-B 5 91
YIL156W 32 733
YIL155C 55 1123
YIL154C 57 2086
YIL153W 17 474
YIL152W 10 362
YIL151C 13 197
YIL150C 15 372
YIL149C 31 1091
YIL148W 5 152
YIL147C 19 269
YIL146C 6 374
YIL145C 14 195
YIL144W 13 450
YIL143C 22 505
YIL142C-A 3 7
YIL142W 18 531
YIL141W 5 191
YIL140W 16 816
YIL139C 10 249
YIL138C 5 278
YIL137C 39 919
YIL136W 22 275
YIL135C 17 445
YIL134C-A 8 192
YIL134W 7 270
YIL133C 4 63
YIL132C 12 850
YIL131C 17 901
YIL130W 24 256711
YIL129C 42 804
YIL128W 20 1138
YIL127C 4 52
YIL126W 26 552
YIL125W 49 2973
YIL124W 7 64
YIL123W 30 894
YIL122W 16 267
YIL121W 23 971
YIL120W 37 2041
YIL119C 10 421
YIL118W 10 308
YIL117C 12 152
YIL116W 7 110
YIL115W-A 5 24
YIL115C 30 511
YIL114C 3 13
YIL113W 18 1000
YIL112W 23 909
YIL111W 7 242
YIL110W 5 18
YIL109C 33 922
YIL108W 32 2916
YIL107C 18 263
YIL106W 7 403
YIL105C 33 1798
YIL105W-A 2 33
YIL104C 15 302
YIL103W 10 171
YIL102C-A 2 33
YIL102C 0 0
YIL101C 30 2468
YIL100C-A 15 1830
YIL100W 18 1858
YIL099W 24 456
YIL098C 7 158
YIL097W 14 248
YIL096C 10 277
YIL095W 24 499
YIL094C 9 3616
YIL093C 15 573
YIL092W 24 478
YIL091C 22 626
YIL090W 13 110
YIL089W 6 94
YIL088C 21 331
YIL087C 3 25
YIL086C 8 88
YIL085C 25 789
YIL084C 14 128
YIL083C 7 210
YIL082W 6 189
YIL079C 11 320
YIL078W 13 146
YIL077C 26 538
YIL076W 6 52
YIL075C 17 1206
YIL074C 36 1429
YIL073C 23 864
YIL072W 6 120
YIL071W-A 1 16
YIL071C 10 2926
YIL070C 3 83
YIL069C 4 92
YIL068W-A 6 19
YIL068C 20 434
YIL067C 28 571
YIL066W-A 6 168
YIL066C 21 281
YIL065C 10 199
YIL064W 18 212
YIL063C 11 432
YIL062C 6 186
YIL061C 12 108
YIL060W 5 267
YIL059C 5 267
YIL058W 11 184
YIL057C 17 4037
YIL056W 25 649
YIL055C 27 312
YIL054W 24 9559
YIL053W 11 185
YIL052C 0 0
YIL051C 5 43
YIL050W 3 92
YIL049W 8 126
YIL048W 26 381
YIL047C-A 5 228
YIL047C 35 856
YIL046W-A 17 1756
YIL046W 31 724
YIL045W 16 375
YIL044C 3 49
YIL043C 9 131
YIL042C 15 265
YIL041W 9 408
YIL040W 2 28
YIL039W 15 460
YIL038C 13 140
YIL037C 13 286
YIL036W 20 5904
YIL035C 20 482
YIL034C 23 491
YIL033C 19 1022
YIL032C 5 503
YIL031W 16 333
YIL030W-A 2 35
YIL030C 32 5689
YIL029W-A 10 524
YIL029C 2 2
YIL028W 0 0
YIL027C 4 111
YIL026C 18 844
YIL025C 1 7
YIL024C 5 55
YIL023C 16 697
YIL022W 9 129
YIL021W 14 310
YIL021C-A 3 76
YIL020C-A 3 22
YIL020C 11 404
YIL019W 7 247
YIL018W 0 0
YIL017C 36 626
YIL016W 4 80
YIL015W 14 402
YIL014C-A 1 2
YIL014W 12 183
YIL013C 22 592
YIL012W 18 2429
YIL011W 7 107
YIL010W 8 124
YIL009C-A 4 22
YIL009W 28 1683
YIL008W 2 18
YIL007C 8 148
YIL006W 19 319
YIL005W 16 334
YIL004C 7 56
YIL003W 25 548
YIL002W-A 2 12
YIL002C 47 4927
YIL001W 59 2657
YIR001C 14 1751
YIR002C 42 1367
YIR003W 28 1321
YIR004W 9 191
YIR005W 9 154
YIR006C 33 644
YIR007W 9 59
YIR008C 5 114
YIR009W 2 3
YIR010W 12 487
YIR011C 4 8
YIR012W 8 50
YIR013C 3 55
YIR014W 9 160
YIR015W 13 707
YIR016W 13 493
YIR017C 32 1668
YIR017W-A 33 1802
YIR018W 8 281
YIR018C-A 3 29
YIR019C 20 553
YIR020C 4 58
YIR020W-A 11 1318
YIR020C-B 9 253
YIR021W 13 465
YIR021W-A 7 747
YIR022W 2 30
YIR023W 24 542
YIR023C-A 1 4
YIR024C 4 96
YIR025W 9 226
YIR026C 8 450
YIR027C 10 134
YIR028W 24 4250
YIR029W 4 65
YIR030C 8 46
YIR030W-A 5 295
YIR031C 11 343
YIR032C 12 634
YIR033W 12 181
YIR034C 14 349
YIR035C 11 325
YIR036C 9 76
YIR036W-A 8 168
YIR037W 3 53
YIR038C 8 275
YIR039C 2 20
YIR040C 3 46
YIR041W 0 0
YIR042C 6 93
YJL225C 0 0
YJL225W-A 0 0
YJL223C 0 0
YJL222W-B 0 0
YJL222W-A 0 0
YJL222W 3 17
YJL221C 0 0
YJL220W 0 0
YJL219W 7 117
YJL218W 2 2
YJL217W 5 349
YJL216C 17 256
YJL215C 8 200
YJL214W 17 265
YJL213W 8 86
YJL212C 25 545
YJL211C 24 1105
YJL210W 27 888
YJL209W 20 536
YJL208C 9 407
YJL207C 50 1770
YJL206C 24 477
YJL205C 13 373
YJL204C 11 164
YJL203W 2 11
YJL202C 6 163
YJL201W 16 303
YJL200C 35 1068
YJL199C 4 110
YJL198W 31 775
YJL197W 34 5127
YJL197C-A 0 0
YJL196C 14 376
YJL195C 7 155
YJL194W 15 245
YJL193W 7 83
YJL192C 14 1080
YJL191W 26 999
YJL190C 7 150
YJL189W 0 0
YJL188C 0 0
YJL187C 19 334
YJL186W 24 617
YJL185C 7 195
YJL184W 3 49
YJL183W 29 963
YJL182C 8 151
YJL181W 20 511
YJL180C 6 128
YJL179W 1 29
YJL178C 11 312
YJL177W 4 24
YJL176C 4 157
YJL175W 2 11
YJL174W 5 92
YJL173C 0 0
YJL172W 31 1075
YJL171C 10 274
YJL170C 10 65
YJL169W 3 17
YJL168C 19 721
YJL167W 5 98
YJL166W 3 20
YJL165C 27 1018
YJL164C 7 150
YJL163C 21 609
YJL162C 15 762
YJL161W 9 507
YJL160C 9 278
YJL159W 5 28
YJL158C 15 206
YJL157C 67 1670
YJL156W-A 14 1128
YJL156C 42 1621
YJL155C 13 1447
YJL154C 26 806
YJL153C 19 657
YJL152W 26 2210
YJL151C 15 1044
YJL150W 12 3383
YJL149W 30 782
YJL148W 5 191
YJL147C 5 79
YJL146W 14 251
YJL145W 9 67
YJL144W 6 90
YJL143W 4 43
YJL142C 4 7
YJL141C 31 771
YJL140W 8 91
YJL139C 14 587
YJL138C 6 388
YJL137C 15 739
YJL136W-A 2 25
YJL136C 3 14
YJL135W 12 407
YJL134W 8 205
YJL133C-A 13 283
YJL133W 22 618
YJL132W 34 805
YJL131C 9 113
YJL130C 75 3000
YJL129C 21 818
YJL128C 23 12143
YJL127W-A 4 714
YJL127C-B 3 77
YJL127C 29 2079
YJL126W 12 379
YJL125C 13 161
YJL124C 3 346
YJL123C 12 289
YJL122W 5 101
YJL121C 11 209
YJL120W 5 144
YJL119C 10 804
YJL118W 15 324
YJL117W 11 156
YJL116C 23 419
YJL115W 12 375
YJL112W 15 129
YJL111W 9 923
YJL110C 4 93
YJL109C 31 1110
YJL108C 12 131
YJL107C 17 268
YJL106W 13 362
YJL105W 13 104
YJL104W 1 1
YJL103C 21 809
YJL102W 20 218
YJL101C 25 582
YJL100W 14 148
YJL099W 32 2181
YJL098W 23 543
YJL097W 5 94
YJL096W 2 38
YJL095W 22 290
YJL094C 25 20010
YJL093C 13 298
YJL092W 22 327
YJL091C 10 60
YJL090C 14 155
YJL089W 14 242
YJL088W 28 462
YJL087C 10 561
YJL086C 3 24
YJL085W 13 164
YJL084C 16 540
YJL083W 19 891
YJL082W 26 384
YJL081C 3 9
YJL080C 30 896
YJL079C 8 3239
YJL078C 59 2745
YJL077W-B 4 131
YJL077C 27 5042
YJL077W-A 8 780
YJL076W 23 605
YJL075C 2 3
YJL074C 19 320
YJL073W 16 727
YJL072C 4 119
YJL071W 13 281
YJL070C 13 173
YJL069C 9 141
YJL068C 15 223
YJL067W 11 488
YJL066C 17 552
YJL065C 9 231
YJL064W 7 210
YJL063C 6 124
YJL062W-A 14 271
YJL062W 14 286
YJL061W 3 26
YJL060W 10 258
YJL059W 8 285
YJL058C 11 196
YJL057C 13 334
YJL056C 28 554
YJL055W 8 48
YJL054W 4 48
YJL053W 8 168
YJL052C-A 16 712
YJL052W 20 266
YJL051W 16 538
YJL050W 14 209
YJL049W 3 8
YJL048C 23 601
YJL047C-A 2 46
YJL047C 20 969
YJL046W 5 62
YJL045W 24 1048
YJL044C 11 127
YJL043W 37 1600
YJL042W 38 1147
YJL041W 4 80
YJL039C 18 206
YJL038C 0 0
YJL037W 9 252
YJL036W 17 544
YJL035C 14 160
YJL034W 19 603
YJL033W 15 139
YJL032W 0 0
YJL031C 3 27
YJL030W 4 20
YJL029C 20 285
YJL028W 18 80114
YJL027C 26 6037
YJL026W 11 291
YJL026C-A 0 0
YJL025W 17 167
YJL024C 2 4
YJL023C 9 266
YJL022W 4 26
YJL020C 29 9473
YJL020W-A 1 29
YJL019W 24 731
YJL016W 24 458
YJL015C 11 1063
YJL014W 11 191
YJL013C 8 74
YJL012C 20 318
YJL011C 2 17
YJL010C 6 159
YJL009W 1 71
YJL008C 7 144
YJL007C 8 297
YJL006C 7 161
YJL005W 34 589
YJL004C 17 967
YJL003W 7 156
YJL002C 21 776
YJL001W 18 444
YJR001W 69 3303
YJR002W 21 333
YJR003C 27 731
YJR004C 22 482
YJR005W 16 401
YJR005C-A 1 6
YJR006W 6 159
YJR007W 3 27
YJR008W 19 455
YJR009C 12 314
YJR010W 21 5205
YJR010C-A 5 132
YJR011C 8 123
YJR012C 13 275
YJR013W 11 202
YJR014W 4 49
YJR015W 14 786
YJR016C 19 586
YJR017C 6 117
YJR018W 6 30
YJR019C 17 836
YJR020W 8 214
YJR021C 19 275
YJR022W 0 0
YJR023C 0 0
YJR024C 8 297
YJR025C 2 33
YJR030C 27 1152
YJR031C 24 322
YJR032W 5 114
YJR033C 28 511
YJR034W 5 93
YJR035W 24 730
YJR036C 9 270
YJR037W 1 28
YJR038C 5 35
YJR039W 25 638
YJR040W 9 112
YJR041C 3 15
YJR042W 7 271
YJR043C 8 148
YJR044C 7 288
YJR045C 6 79
YJR046W 17 156
YJR047C 4 258
YJR048W 12 393
YJR049C 16 301
YJR050W 8 73
YJR051W 12 422
YJR052W 20 566
YJR053W 14 314
YJR054W 9 154
YJR055W 4 87
YJR056C 2 12
YJR057W 2 35
YJR058C 8 760
YJR059W 20 1121
YJR060W 11 132
YJR061W 43 932
YJR062C 8 87
YJR063W 2 2
YJR064W 21 576
YJR065C 13 287
YJR066W 47 2626
YJR067C 5 125
YJR068W 9 111
YJR069C 4 179
YJR070C 5 42
YJR071W 6 10
YJR072C 12 261
YJR073C 11 278
YJR074W 16 754
YJR075W 13 281
YJR076C 13 283
YJR077C 16 156
YJR078W 34 1999
YJR079W 13 299
YJR080C 11 221
YJR082C 3 35
YJR083C 5 72
YJR084W 14 479
YJR085C 5 92
YJR086W 2 31
YJR087W 5 905
YJR088C 16 1358
YJR089W 27 479
YJR090C 17 235
YJR091C 29 518
YJR092W 32 936
YJR093C 8 100
YJR094C 23 545
YJR094W-A 6 1222
YJR095W 13 143
YJR096W 18 386
YJR097W 1 10
YJR098C 19 267
YJR099W 2 28
YJR100C 12 941
YJR101W 7 79
YJR102C 10 597
YJR103W 41 1749
YJR104C 11 265
YJR105W 14 257
YJR106W 12 157
YJR107W 10 218
YJR108W 11 216
YJR109C 36 1438
YJR110W 41 1036
YJR111C 21 249
YJR112W 8 151
YJR112W-A 8 101
YJR113C 15 797
YJR114W 10 331
YJR115W 30 1207
YJR116W 16 233
YJR117W 20 503
YJR118C 3 20
YJR119C 27 984
YJR120W 16 2995
YJR121W 19 335
YJR122W 19 319
YJR123W 0 0
YJR124C 26 748
YJR125C 8 697
YJR126C 20 259
YJR127C 49 1709
YJR128W 14 464
YJR129C 35 1903
YJR130C 18 368
YJR131W 30 1128
YJR132W 19 564
YJR133W 3 93
YJR134C 11 269
YJR135C 16 218
YJR135W-A 0 0
YJR136C 3 109
YJR137C 42 1221
YJR138W 46 1404
YJR139C 7 104
YJR140C 24 310
YJR140W-A 2 10
YJR141W 0 0
YJR142W 9 467
YJR143C 13 383
YJR144W 14 429
YJR145C 4 181
YJR146W 10 119
YJR147W 13 334
YJR148W 39 3254
YJR149W 12 195
YJR150C 5 72
YJR151C 12 207
YJR151W-A 1 10
YJR152W 14 388
YJR153W 4 41
YJR154W 9 121
YJR155W 7 287
YJR156C 4 38
YJR157W 0 0
YJR158W 0 0
YJR159W 0 0
YJR160C 1 10
YJR161C 1 1
YJR162C 3 32
YKL225W 2 9
YKL224C 1 9
YKL223W 2 2
YKL222C 17 461
YKL221W 17 225
YKL220C 21 1168
YKL219W 6 37
YKL218C 26 479
YKL217W 31 413
YKL216W 6 17
YKL215C 48 1282
YKL214C 9 164
YKL213C 22 477
YKL212W 13 554
YKL211C 21 512
YKL210W 24 1115
YKL209C 39 852
YKL208W 14 345
YKL207W 9 91
YKL206C 12 604
YKL205W 21 695
YKL204W 13 221
YKL203C 53 1160
YKL202W 1 15
YKL201C 32 706
YKL198C 147 38867
YKL197C 48 814
YKL196C 3 19
YKL195W 8 149
YKL194C 19 779
YKL193C 8 41
YKL192C 3 73
YKL191W 18 331
YKL190W 2 86
YKL189W 6 87
YKL188C 20 426
YKL187C 52 1844
YKL186C 19 1053
YKL185W 32 826
YKL184W 11 1298
YKL183C-A 12 895
YKL183W 42 5824
YKL182W 93 2485
YKL181W 12 207
YKL180W 3 144
YKL179C 7 214
YKL178C 19 352
YKL177W 4 29
YKL176C 21 384
YKL175W 25 421
YKL174C 13 253
YKL173W 19 212
YKL172W 4 157
YKL171W 26 607
YKL170W 6 24
YKL169C 6 21
YKL168C 24 845
YKL167C 1 30
YKL166C 5 69
YKL165C-A 2 19
YKL165C 28 616
YKL164C 4 29
YKL163W 8 146
YKL162C-A 1 2
YKL162C 12 314
YKL161C 8 141
YKL160W 1 27
YKL159C 3 133
YKL157W 40 3715
YKL156W 5 34
YKL156C-A 0 0
YKL155C 21 369
YKL154W 11 253
YKL153W 9 42
YKL152C 12 78
YKL151C 25 769
YKL150W 33 760
YKL149C 12 113
YKL148C 61 3469
YKL147C 22 524
YKL146W 21 625
YKL145W 9 318
YKL145W-A 1 14
YKL144C 4 92
YKL143W 14 177
YKL142W 2 19
YKL141W 4 29
YKL140W 3 16
YKL139W 5 18
YKL138C-A 2 13
YKL138C 5 15
YKL137W 2 88
YKL136W 2 2
YKL135C 14 314
YKL134C 18 323
YKL133C 13 1655
YKL132C 11 207
YKL131W 3 93
YKL130C 3 41
YKL129C 24 500
YKL128C 17 477
YKL127W 24 714
YKL126W 13 283
YKL125W 12 108
YKL124W 13 215
YKL123W 4 93
YKL122C 10 1410
YKL121W 21 373
YKL120W 15 162
YKL119C 6 325
YKL118W 3 38
YKL117W 7 156
YKL116C 15 1048
YKL115C 4 186
YKL114C 12 285
YKL113C 7 297
YKL112W 20 718
YKL111C 2 2
YKL110C 25 1188
YKL109W 27 545
YKL108W 7 414
YKL107W 8 174
YKL106C-A 1 2
YKL106W 5 283
YKL105C 36 500
YKL104C 19 803
YKL103C 25 724
YKL102C 16 211
YKL101W 46 804
YKL100C 16 237
YKL100W-A 1 3
YKL099C 8 375
YKL098W 13 442
YKL097C 28 2455
YKL096C-B 0 0
YKL096W-A 0 0
YKL096W 13 197
YKL095W 13 237
YKL094W 26 748
YKL093W 11 92
YKL092C 19 224
YKL091C 10 4137
YKL090W 24 916
YKL089W 9 89
YKL088W 11 268
YKL087C 18 3928
YKL086W 19 643
YKL085W 22 361
YKL084W 14 231
YKL083W 1 8
YKL082C 5 277
YKL081W 15 305
YKL080W 4 129
YKL079W 18 324
YKL078W 8 158
YKL077W 12 235
YKL076C 2 108
YKL075C 11 509
YKL074C 10 148
YKL073W 11 227
YKL072W 28 837
YKL071W 6 138
YKL070W 2 26
YKL069W 10 161
YKL068W-A 4 21
YKL068W 15 269
YKL067W 4 68
YKL066W 13 260
YKL065W-A 2 115
YKL065C 4 10
YKL064W 25 813
YKL063C 4 302
YKL062W 12 200
YKL061W 2 8
YKL060C 18 618
YKL059C 21 1224
YKL058W 1 31
YKL057C 19 389
YKL056C 7 374
YKL055C 6 118
YKL054C 13 96
YKL053C-A 1 10
YKL053W 6 91
YKL052C 14 378
YKL051W 15 274
YKL050C 23 496
YKL049C 3 45
YKL048C 3 53
YKL047W 15 258
YKL046C 17 349
YKL045W 19 1836
YKL044W 6 131
YKL043W 9 155
YKL042W 5 52
YKL041W 1 32
YKL040C 5 53
YKL039W 21 1197
YKL038W 56 5129
YKL037W 19 141
YKL036C 12 147
YKL035W 19 582
YKL034W 27 726
YKL033W-A 10 179
YKL033W 21 422
YKL032C 17 84
YKL031W 14 815
YKL030W 26 1765
YKL029C 76 3219
YKL028W 4 35
YKL027W 24 516
YKL026C 9 998
YKL025C 20 362
YKL024C 4 174
YKL023C-A 2 47
YKL023W 7 40
YKL022C 29 772
YKL021C 13 181
YKL020C 19 884
YKL019W 11 262
YKL018C-A 5 59
YKL018W 11 102
YKL017C 11 334
YKL016C 2 19
YKL015W 22 408
YKL014C 24 287
YKL013C 0 0
YKL012W 12 160
YKL011C 10 154
YKL010C 30 389
YKL009W 2 27
YKL008C 19 653
YKL007W 13 271
YKL006C-A 8 69
YKL006W 0 0
YKL005C 31 468
YKL004W 24 284
YKL003C 5 51
YKL002W 10 121
YKL001C 9 2145
YKR001C 24 1445
YKR002W 14 579
YKR003W 50 904
YKR004C 18 155
YKR005C 37 1405
YKR006C 7 37
YKR007W 2 27
YKR008W 15 474
YKR009C 38 1588
YKR010C 11 124
YKR011C 14 2304
YKR012C 15 246
YKR013W 14 138
YKR014C 1 10
YKR015C 13 233
YKR016W 8 93
YKR017C 7 970
YKR018C 11 454
YKR019C 20 646
YKR020W 1 25
YKR021W 31 647
YKR022C 6 64
YKR023W 10 383
YKR024C 10 483
YKR025W 4 30
YKR026C 10 633
YKR027W 33 1034
YKR028W 29 503
YKR029C 10 113
YKR030W 2 8
YKR031C 37 653
YKR032W 8 122
YKR033C 5 92
YKR034W 6 96
YKR035C 3 13
YKR035W-A 3 13
YKR036C 25 439
YKR037C 11 243
YKR038C 9 118
YKR039W 20 632
YKR040C 30 1833
YKR041W 45 2931
YKR042W 11 234
YKR043C 17 556
YKR044W 17 399
YKR045C 10 215
YKR046C 15 1717
YKR047W 6 160
YKR048C 27 432
YKR049C 6 54
YKR050W 14 476
YKR051W 13 277
YKR052C 9 100
YKR053C 13 1068
YKR054C 79 1402
YKR055W 6 159
YKR056W 19 276
YKR057W 5 35
YKR058W 16 306
YKR059W 0 0
YKR060W 8 430
YKR061W 30 825
YKR062W 3 35
YKR063C 11 223
YKR064W 23 566
YKR065C 3 8
YKR066C 17 429
YKR067W 39 2588
YKR068C 6 118
YKR069W 23 1069
YKR070W 11 1495
YKR071C 9 324
YKR072C 23 417
YKR073C 8 558
YKR074W 7 659
YKR075C 14 652
YKR075W-A 8 514
YKR076W 23 645
YKR077W 7 204
YKR078W 18 359
YKR079C 11 370
YKR080W 15 378
YKR081C 6 123
YKR082W 26 745
YKR083C 7 144
YKR084C 17 460
YKR085C 11 171
YKR086W 22 531
YKR087C 4 35
YKR088C 10 236
YKR089C 24 709
YKR090W 19 1727
YKR091W 11 121
YKR092C 7 119
YKR093W 41 1037
YKR094C 6 100
YKR095W 17 756
YKR095W-A 5 53
YKR096W 32 1081
YKR097W 36 1054
YKR098C 25 694
YKR099W 18 668
YKR100C 8 99
YKR101W 22 484
YKR102W 24 295
YKR103W 22 339
YKR104W 5 64
YKR105C 4 96
YKR106W 6 88
YLL067C 0 0
YLL067W-A 0 0
YLL066W-B 2 20
YLL066C 0 0
YLL066W-A 0 0
YLL065W 5 148
YLL064C 0 0
YLL063C 19 180
YLL062C 7 62
YLL061W 14 594
YLL060C 10 93
YLL059C 17 827
YLL058W 10 238
YLL057C 22 790
YLL056C 10 133
YLL055W 13 299
YLL054C 18 351
YLL053C 9 216
YLL052C 5 153
YLL051C 17 437
YLL050C 4 57
YLL049W 5 161
YLL048C 35 935
YLL047W 2 35
YLL046C 1 17
YLL045C 14 369
YLL044W 12 266
YLL043W 10 143
YLL042C 7 406
YLL041C 20 340
YLL040C 76 2124
YLL039C 20 394
YLL038C 14 420
YLL037W 3 98
YLL036C 7 39
YLL035W 9 313
YLL034C 10 228
YLL033W 3 27
YLL032C 10 165
YLL031C 16 297
YLL030C 8 332
YLL029W 56 10497
YLL028W 37 1531
YLL027W 14 331
YLL026W 41 1521
YLL025W 2 2143
YLL024C 16 1002
YLL023C 21 1067
YLL022C 17 459
YLL021W 24 502
YLL020C 5 163
YLL019C 13 195
YLL019W-A 0 0
YLL018C-A 4 140
YLL018C 15 204
YLL015W 29 868
YLL014W 4 31
YLL013C 35 1172
YLL012W 28 912
YLL011W 15 180
YLL010C 30 995
YLL009C 0 0
YLL008W 10 532
YLL007C 8 72
YLL006W-A 6 173
YLL006W 6 71
YLL005C 25 567
YLL004W 9 293
YLL003W 11 188
YLL002W 22 1374
YLL001W 49 1662
YLR001C 55 9383
YLR002C 10 341
YLR003C 7 146
YLR004C 27 475
YLR005W 24 684
YLR006C 24 1423
YLR007W 18 302
YLR008C 5 26
YLR009W 0 0
YLR010C 1 1
YLR011W 10 108
YLR012C 1 22
YLR013W 7 168
YLR014C 26 313
YLR015W 16 1064
YLR016C 6 65
YLR017W 10 330
YLR018C 9 250
YLR019W 26 870
YLR020C 11 142
YLR021W 7 158
YLR022C 9 248
YLR023C 22 2248
YLR024C 76 2490
YLR025W 6 182
YLR026C 1 9
YLR027C 13 474
YLR028C 39 1059
YLR029C 2 4
YLR030W 11 86
YLR031W 3 15
YLR032W 20 537
YLR033W 4 12
YLR034C 9 215
YLR035C 19 300
YLR036C 5 61
YLR037C 3 47
YLR038C 7 94
YLR039C 26 1064
YLR040C 5 208
YLR041W 2 7
YLR042C 5 647
YLR043C 2 2
YLR044C 32 1610
YLR045C 23 731
YLR046C 5 40
YLR047C 18 908
YLR048W 3 4
YLR049C 13 535
YLR050C 7 134
YLR051C 5 198
YLR052W 2 64
YLR053C 3 5
YLR054C 22 916
YLR055C 11 111
YLR056W 12 934
YLR057W 36 689
YLR058C 22 614
YLR059C 37 5411
YLR060W 23 570
YLR061W 2 58
YLR062C 2 58
YLR063W 9 96
YLR064W 5 358
YLR065C 3 31
YLR066W 7 63
YLR067C 19 341
YLR068W 6 443
YLR069C 19 418
YLR070C 22 506
YLR071C 17 325
YLR072W 10 57
YLR073C 12 142
YLR074C 19 583
YLR075W 4 22
YLR076C 3 21
YLR077W 27 669
YLR078C 10 165
YLR079W 7 58
YLR080W 24 1692
YLR081W 55 6318
YLR082C 11 275
YLR083C 19 233
YLR084C 53 7883
YLR085C 27 3154
YLR086W 15 360
YLR087C 70 832
YLR088W 8 72
YLR089C 8 228
YLR090W 22 852
YLR091W 20 1113
YLR092W 34 1013
YLR093C 9 152
YLR094C 31 628
YLR095C 26 708
YLR096W 17 136
YLR097C 5 56
YLR098C 19 787
YLR099C 19 539
YLR099W-A 20 556
YLR100W 18 826
YLR101C 7 45
YLR102C 8 97
YLR103C 9 140
YLR104W 2 5
YLR105C 5 125
YLR106C 70 1461
YLR107W 16 1639
YLR108C 20 1220
YLR109W 10 180
YLR110C 3 22
YLR111W 7 917
YLR112W 24 506
YLR113W 29 875
YLR114C 26 447
YLR115W 13 218
YLR116W 10 278
YLR117C 20 822
YLR118C 1 12
YLR119W 12 486
YLR120C 21 411
YLR120W-A 4 654
YLR121C 16 933
YLR122C 2 21
YLR123C 2 21
YLR124W 1 42
YLR125W 3 47
YLR126C 4 944
YLR127C 15 240
YLR128W 9 218
YLR129W 14 118
YLR130C 28 1106
YLR131C 28 602
YLR132C 6 78
YLR133W 7 32
YLR134W 17 404
YLR135W 28 649
YLR136C 3 48
YLR137W 20 644
YLR138W 21 278
YLR139C 6 67
YLR140W 12 514
YLR141W 49 2685
YLR142W 14 212
YLR143W 11 124
YLR144C 14 407
YLR145W 1 2
YLR146C 15 187
YLR146W-A 2 61
YLR147C 4 35
YLR148W 18 939
YLR149C 14 217
YLR149C-A 1 1
YLR150W 4 9
YLR151C 6 99
YLR152C 9 48
YLR153C 23 519
YLR154C 9 109
YLR154W-A 0 0
YLR154W-B 0 0
YLR154W-C 0 0
YLR154W-E 0 0
YLR154W-F 0 0
YLR154C-G 0 0
YLR154C-H 0 0
YLR155C 0 0
YLR156W 0 0
YLR156C-A 0 0
YLR157C 0 0
YLR157W-D 0 0
YLR157W-E 0 0
YLR157C-C 0 0
YLR158C 0 0
YLR159W 0 0
YLR159C-A 0 0
YLR160C 0 0
YLR161W 0 0
YLR162W 1 1
YLR162W-A 1 2
YLR163C 18 249
YLR163W-A 1 21
YLR164W 7 80
YLR165C 3 5
YLR166C 14 334
YLR167W 4 37
YLR168C 10 482
YLR169W 11 532
YLR170C 9 367
YLR171W 8 409
YLR172C 16 441
YLR173W 35 1001
YLR174W 17 296
YLR175W 20 233
YLR176C 19 199
YLR177W 29 777
YLR178C 16 193
YLR179C 15 2497
YLR180W 25 489
YLR181C 6 642
YLR182W 13 94
YLR183C 17 773
YLR184W 4 51
YLR185W 7 156
YLR186W 13 625
YLR187W 28 579
YLR188W 24 454
YLR189C 47 890
YLR190W 15 194
YLR191W 9 145
YLR192C 3 19
YLR193C 6 36
YLR194C 15 193
YLR195C 9 88
YLR196W 20 302
YLR197W 7 165
YLR198C 0 0
YLR199C 7 982
YLR200W 0 0
YLR201C 9 41
YLR202C 13 1062
YLR203C 16 305
YLR204W 3 4
YLR205C 30 650
YLR206W 10 70
YLR207W 39 1542
YLR208W 6 141
YLR209C 12 2466
YLR210W 13 399
YLR211C 2 16
YLR212C 13 163
YLR213C 33 1097
YLR214W 14 415
YLR215C 1 28
YLR216C 12 208
YLR217W 10 285
YLR218C 17 400
YLR219W 12 202
YLR220W 9 87
YLR221C 7 70
YLR222C 12 138
YLR222C-A 0 0
YLR223C 18 328
YLR224W 12 297
YLR225C 10 115
YLR226W 6 42
YLR227C 12 553
YLR228C 12 860
YLR229C 1 69
YLR230W 0 0
YLR231C 18 486
YLR232W 7 311
YLR233C 21 911
YLR234W 52 1370
YLR235C 20 519
YLR236C 16 492
YLR237W 34 845
YLR238W 12 579
YLR239C 3 19
YLR240W 15 445
YLR241W 11 101
YLR242C 8 115
YLR243W 4 5
YLR244C 21 721
YLR245C 6 23
YLR246W 10 93
YLR247C 43 811
YLR248W 24 1018
YLR249W 24 219
YLR250W 11 110
YLR251W 4 105
YLR252W 1 1
YLR253W 19 208
YLR254C 7 34
YLR255C 15 232
YLR256W 65 1295
YLR257W 21 538
YLR258W 40 1293
YLR259C 14 1154
YLR260W 22 715
YLR261C 0 0
YLR262C 7 195
YLR262C-A 2 5
YLR263W 17 405
YLR264W 0 0
YLR264C-A 0 0
YLR265C 3 14
YLR266C 22 469
YLR267W 12 162
YLR268W 9 125
YLR269C 14 174
YLR270W 9 121
YLR271W 10 104
YLR272C 19 321
YLR273C 19 282
YLR274W 18 208
YLR275W 3 21
YLR276C 4 51
YLR277C 14 176
YLR278C 28 383
YLR279W 19 594
YLR280C 7 210
YLR281C 8 213
YLR282C 8 249
YLR283W 4 100
YLR284C 1 44
YLR285W 3 9
YLR285C-A 3 33
YLR286C 2 4
YLR286W-A 0 0
YLR287C 4 61
YLR287C-A 6 128
YLR288C 21 848
YLR289W 18 123
YLR290C 1 35
YLR291C 8 145
YLR292C 10 209
YLR293C 3 18
YLR294C 12 281
YLR295C 8 69
YLR296W 20 2485
YLR297W 10 528
YLR298C 18 732
YLR299W 55 5762
YLR299C-A 5 90
YLR300W 18 282
YLR301W 11 335
YLR302C 21 1186
YLR303W 13 796
YLR304C 52 1257
YLR305C 45 1289
YLR306W 15 431
YLR307W 10 216
YLR307C-A 3 22
YLR308W 11 2005
YLR309C 22 448
YLR310C 18 1696
YLR311C 5 163
YLR312C 18 315
YLR312W-A 9 109
YLR313C 19 747
YLR314C 19 517
YLR315W 2 11
YLR316C 17 605
YLR317W 5 69
YLR318W 26 552
YLR319C 12 163
YLR320W 19 343
YLR321C 14 775
YLR322W 4 14
YLR323C 12 50
YLR324W 10 88
YLR325C 0 0
YLR326W 14 233
YLR327C 3 17
YLR328W 18 225
YLR329W 8 72
YLR330W 25 615
YLR331C 3 34
YLR332W 7 51
YLR333C 15 224
YLR334C 6 102
YLR335W 9 414
YLR336C 20 569
YLR337C 18 210
YLR338W 3 16
YLR339C 3 4
YLR340W 4 73
YLR341W 9 279
YLR342W 46 499
YLR342W-A 1 6
YLR343W 14 543
YLR344W 9 1750
YLR345W 25 702
YLR346C 3 34
YLR347C 25 493
YLR347W-A 0 0
YLR348C 45 4184
YLR349W 29 2859
YLR350W 7 140
YLR351C 20 874
YLR352W 30 989
YLR353W 16 236
YLR354C 10 104
YLR355C 22 651
YLR356W 10 44
YLR357W 45 1488
YLR358C 13 726
YLR359W 5 27
YLR360W 15 224
YLR361C 28 926
YLR361C-A 9 74
YLR362W 25 737
YLR363C 5 25
YLR363W-A 1 3
YLR364W 1 50
YLR365W 5 334
YLR364C-A 4 106
YLR366W 18 451
YLR367W 20 404
YLR368W 20 434
YLR369W 10 158
YLR370C 2 72
YLR371W 35 516
YLR372W 3 15
YLR373C 19 273
YLR374C 12 649
YLR375W 23 471
YLR376C 14 309
YLR377C 21 513
YLR378C 28 1389
YLR379W 10 1122
YLR380W 22 651
YLR381W 7 140
YLR382C 21 275
YLR383W 17 467
YLR384C 22 581
YLR385C 6 240
YLR386W 12 154
YLR387C 14 314
YLR388W 6 85
YLR389C 47 774
YLR390W 5 88
YLR390W-A 2 123
YLR392C 19 410
YLR393W 4 42
YLR394W 7 113
YLR395C 3 109
YLR396C 36 803
YLR397C 17 238
YLR398C 26 375
YLR399C 21 305
YLR399W-A 1 3
YLR400W 24 2135
YLR401C 36 1347
YLR402W 3 78
YLR403W 16 363
YLR404W 9 393
YLR405W 17 880
YLR406C 8 683
YLR406C-A 1 14
YLR407W 2 5
YLR408C 8 145
YLR409C 26 821
YLR410W 47 1046
YLR411W 13 579
YLR412W 6 14
YLR412C-A 0 0
YLR413W 24 305
YLR414C 31 898
YLR415C 27 2079
YLR416C 17 3262
YLR417W 29 755
YLR418C 9 82
YLR419W 22 1448
YLR420W 13 1668
YLR421C 4 177
YLR422W 37 532
YLR423C 3 43
YLR424W 14 220
YLR425W 26 5607
YLR426W 8 71
YLR427W 19 702
YLR428C 8 112
YLR429W 26 531
YLR430W 36 791
YLR431C 16 288
YLR432W 19 422
YLR433C 12 464
YLR434C 3 38
YLR435W 3 52
YLR436C 47 3107
YLR437C 12 424
YLR437C-A 7 232
YLR438W 48 1246
YLR438C-A 2 16
YLR439W 13 141
YLR440C 11 58
YLR441C 4 24
YLR442C 16 495
YLR443W 7 284
YLR444C 1 5
YLR445W 8 477
YLR446W 9 79
YLR447C 14 401
YLR448W 6 206
YLR449W 13 151
YLR450W 43 4123
YLR451W 8 274
YLR452C 20 342
YLR453C 13 190
YLR454W 57 1233
YLR455W 17 454
YLR456W 14 154
YLR457C 13 256
YLR458W 8 122
YLR459W 4 23
YLR460C 18 511
YLR461W 1 38
YLR462W 1 3
YLR463C 1 3
YLR464W 0 0
YLR465C 0 0
YLR466W 1 1
YLR466C-A 0 0
YLR466C-B 1 1
YLR467W 0 0
YLR467C-A 0 0
YML133C 0 0
YML133W-B 0 0
YML133W-A 0 0
YML132W 0 0
YML131W 12 423
YML130C 9 176
YML129C 5 20
YML128C 25 918
YML127W 19 286
YML126C 28 777
YML125C 15 521
YML124C 9 324
YML123C 28 778
YML122C 29 1123
YML121W 5 479
YML120C 25 481
YML119W 8 171
YML118W 23 2389
YML117W 39 931
YML116W-A 5 28
YML116W 26 349
YML115C 12 1040
YML114C 8 452
YML113W 6 135
YML112W 8 161
YML111W 23 852
YML110C 16 456
YML109W 15 182
YML108W 0 0
YML107C 8 368
YML106W 2 103
YML105C 4 82
YML104C 20 809
YML103C 34 1061
YML102W 20 407
YML101C-A 8 188
YML101C 19 1575
YML100W-A 8 203
YML100W 72 4392
YML099W-A 3 149
YML099C 25 464
YML098W 1 1
YML097C 5 126
YML096W 11 292
YML095C 4 89
YML094C-A 4 25
YML094W 5 25
YML093W 15 516
YML092C 3 19
YML091C 35 667
YML090W 10 210
YML089C 15 2424
YML088W 10 154
YML087C 16 3315
YML086C 16 340
YML085C 6 30
YML084W 8 317
YML083C 19 1686
YML082W 31 1141
YML081C-A 2 12
YML081W 24 776
YML080W 6 105
YML079W 13 122
YML078W 5 169
YML077W 5 148
YML076C 39 988
YML075C 39 1138
YML074C 5 80
YML073C 3 19
YML072C 55 2025
YML071C 16 523
YML070W 28 538
YML069W 4 41
YML068W 13 186
YML067C 15 275
YML066C 15 202
YML065W 12 294
YML064C 6 104
YML063W 5 98
YML062C 6 238
YML061C 8 242
YML060W 8 712
YML059C 27 669
YML058W-A 1 1
YML058W 10 187
YML057C-A 5 49
YML057W 24 288
YML056C 21 514
YML055W 5 65
YML054C 33 2841
YML054C-A 15 799
YML053C 8 413
YML052W 24 1064
YML051W 27 1017
YML050W 9 272
YML049C 36 3482
YML048W 1 1
YML047W-A 1 8
YML047C 2 39
YML046W 9 48
YML043C 4 113
YML042W 26 854
YML041C 10 142
YML038C 3 27
YML037C 1 1
YML036W 5 79
YML035C 20 310
YML034C-A 6 77
YML034W 23 381
YML032C 14 329
YML031C-A 0 0
YML031W 14 1356
YML030W 8 398
YML029W 26 656
YML028W 21 1699
YML027W 11 260
YML026C 5 112
YML025C 4 193
YML024W 0 0
YML023C 15 387
YML022W 7 293
YML021C 12 272
YML020W 26 919
YML019W 5 1178
YML018C 16 163
YML017W 27 748
YML016C 27 564
YML015C 6 134
YML014W 17 541
YML013W 18 526
YML012C-A 11 156
YML012W 4 13
YML011C 4 164
YML010W 14 285
YML009W-B 3 35
YML009C-A 2 25
YML009C 3 32
YML008C 10 221
YML007C-A 3 16
YML007W 21 765
YML006C 23 305
YML005W 15 284
YML004C 20 787
YML003W 12 224
YML002W 36 3025
YML001W 20 1300
YMR001C 30 1651
YMR001C-A 10 654
YMR002W 15 903
YMR003W 18 419
YMR004W 29 1253
YMR005W 12 60
YMR006C 13 606
YMR007W 21 26401
YMR008C 10 158
YMR009W 7 132
YMR010W 15 441
YMR011W 19 285
YMR012W 25 1316
YMR013C 13 232
YMR013C-A 2 33
YMR013W-A 3 68
YMR014W 6 148
YMR015C 42 1679
YMR016C 15 265
YMR017W 8 63
YMR018W 15 277
YMR019W 28 564
YMR020W 18 727
YMR021C 11 164
YMR022W 11 2577
YMR023C 24 647
YMR024W 5 46
YMR025W 7 29
YMR026C 9 314
YMR027W 16 146
YMR028W 4 67
YMR029C 4 72
YMR030W 17 218
YMR031C 16 251
YMR031W-A 5 56
YMR032W 8 305
YMR030W-A 6 115
YMR033W 4 162
YMR034C 16 222
YMR035W 4 2268
YMR036C 17 185
YMR037C 21 337
YMR038C 11 347
YMR039C 11 153
YMR040W 9 338
YMR041C 3 31
YMR042W 41 1545
YMR043W 10 154
YMR044W 18 341
YMR046W-A 0 0
YMR047C 14 541
YMR048W 9 147
YMR049C 9 249
YMR052W 4 34
YMR052C-A 4 73
YMR053C 22 406
YMR054W 26 542
YMR055C 17 924
YMR056C 30 1177
YMR057C 33 2875
YMR058W 44 1370
YMR059W 3 11
YMR060C 6 73
YMR061W 12 169
YMR062C 9 49
YMR063W 14 1281
YMR064W 12 300
YMR065W 21 2005
YMR066W 18 339
YMR067C 14 546
YMR068W 8 80
YMR069W 47 3832
YMR070W 19 627
YMR071C 5 114
YMR072W 1 41
YMR073C 3 58
YMR074C 3 20
YMR075W 12 93
YMR075C-A 2 41
YMR076C 24 493
YMR077C 10 172
YMR078C 12 384
YMR079W 6 61
YMR080C 19 238
YMR081C 13 198
YMR082C 17 840
YMR083W 14 218
YMR084W 15 227
YMR085W 8 133
YMR086W 26 828
YMR086C-A 11 6273
YMR087W 15 475
YMR088C 14 140
YMR089C 8 162
YMR090W 9 127
YMR091C 15 324
YMR092C 25 946
YMR093W 11 160
YMR094W 7 367
YMR095C 9 236
YMR096W 8 134
YMR097C 11 255
YMR098C 8 554
YMR099C 2 12
YMR100W 15 191
YMR101C 5 61
YMR102C 29 591
YMR103C 22 778
YMR104C 29 606
YMR105C 8 86
YMR105W-A 6 309
YMR106C 37 1285
YMR107W 11 515
YMR108W 26 1833
YMR109W 45 1445
YMR110C 15 159
YMR111C 20 266
YMR112C 5 20
YMR113W 12 378
YMR114C 9 113
YMR115W 10 1564
YMR116C 18 765
YMR117C 4 48
YMR118C 7 87
YMR119W 13 264
YMR119W-A 6 64
YMR120C 13 254
YMR121C 5 42
YMR122C 45 11590
YMR122W-A 4 24
YMR123W 1 31
YMR124W 20 439
YMR125W 20 230
YMR126C 0 0
YMR127C 14 122
YMR128W 21 868
YMR129W 34 932
YMR130W 12 268
YMR131C 14 300
YMR132C 8 181
YMR133W 8 199
YMR134W 10 243
YMR135C 22 817
YMR135W-A 28 1720
YMR136W 28 525
YMR137C 27 1154
YMR138W 1 1
YMR139W 18 609
YMR140W 11 280
YMR141C 2 5
YMR142C 0 0
YMR141W-A 0 0
YMR143W 6 54
YMR144W 15 180
YMR145C 47 1461
YMR146C 27 538
YMR147W 9 119
YMR148W 12 233
YMR149W 14 736
YMR150C 14 413
YMR151W 8 247
YMR152W 12 390
YMR153W 15 906
YMR153C-A 0 0
YMR154C 14 628
YMR155W 17 368
YMR156C 9 601
YMR157C 10 200
YMR158W 10 225
YMR158C-A 1 3
YMR158W-B 5 350
YMR159C 5 350
YMR160W 22 222
YMR161W 10 217
YMR162C 44 1949
YMR163C 8 299
YMR164C 16 834
YMR165C 39 562
YMR166C 10 429
YMR167W 18 515
YMR168C 16 248
YMR169C 13 56
YMR170C 14 5380
YMR171C 19 333
YMR172W 16 275
YMR172C-A 7 354
YMR173W 2 11
YMR173W-A 3 13
YMR174C 2 9
YMR175W 8 144
YMR175W-A 11 720
YMR176W 38 942
YMR177W 12 283
YMR178W 12 121
YMR179W 17 266
YMR180C 31 1313
YMR181C 10 142
YMR182C 5 11
YMR182W-A 2 21
YMR183C 12 184
YMR184W 5 121
YMR185W 23 380
YMR186W 19 666
YMR187C 18 1411
YMR188C 8 608
YMR189W 25 903
YMR190C 25 309
YMR191W 16 266
YMR192W 10 317
YMR193W 3 41
YMR193C-A 6 68
YMR194W 7 99
YMR194C-B 12 536
YMR194C-A 12 1002
YMR195W 8 178
YMR196W 30 536
YMR197C 9 96
YMR198W 24 2028
YMR199W 12 109
YMR200W 12 282
YMR201C 17 2544
YMR202W 14 323
YMR203W 8 75
YMR204C 4 56
YMR205C 32 260
YMR206W 21 582
YMR207C 42 759
YMR208W 16 390
YMR209C 9 1331
YMR210W 21 636
YMR211W 10 331
YMR212C 17 395
YMR213W 16 1097
YMR214W 15 351
YMR215W 16 343
YMR216C 25 216419
YMR217W 11 161
YMR218C 18 217
YMR219W 43 717
YMR220W 11 107
YMR221C 16 273
YMR222C 6 141
YMR223W 14 88
YMR224C 24 283
YMR225C 14 372
YMR226C 13 234
YMR227C 10 145
YMR228W 11 70
YMR229C 29 514
YMR230W 10 575
YMR230W-A 7 110
YMR231W 24 456
YMR232W 15 174
YMR233W 7 75
YMR234W 9 38
YMR235C 12 134
YMR236W 6 24
YMR237W 12 436
YMR238W 19 342
YMR239C 9 454
YMR240C 14 323
YMR241W 13 167
YMR242C 6 149
YMR242W-A 0 0
YMR243C 21 6196
YMR244W 16 613
YMR244C-A 7 64
YMR245W 35 2194
YMR246W 55 3273
YMR247C 34 1631
YMR247W-A 2 7
YMR250W 19 553
YMR251W 44 1492
YMR251W-A 0 0
YMR252C 13 344
YMR253C 16 278
YMR254C 12 465
YMR255W 1 1
YMR256C 1 42
YMR257C 10 408
YMR258C 17 356
YMR259C 16 284
YMR260C 1 2
YMR261C 23 436
YMR262W 20 235
YMR263W 6 45
YMR264W 9 470
YMR265C 20 377
YMR266W 19 684
YMR267W 10 217
YMR268C 5 161
YMR269W 2 15
YMR270C 7 31
YMR271C 6 93
YMR272C 14 147
YMR272W-A 1 15
YMR272W-B 1 14
YMR273C 24 516
YMR274C 6 22
YMR275C 14 300
YMR276W 9 2145
YMR277W 19 171
YMR278W 19 378
YMR279C 16 446
YMR280C 35 1214
YMR281W 6 90
YMR282C 9 171
YMR283C 20 618
YMR284W 12 1003
YMR285C 16 696
YMR286W 2 282
YMR287C 21 265
YMR288W 18 251
YMR289W 24 1301
YMR290C 6 140
YMR290W-A 3 203
YMR291W 27 242
YMR292W 8 186
YMR293C 13 215
YMR294W 4 40
YMR294W-A 2 9
YMR295C 8 52
YMR296C 30 560
YMR297W 31 718
YMR298W 4 25
YMR299C 5 74
YMR300C 13 717
YMR301C 20 955
YMR302C 18 263
YMR303C 9 13391
YMR304W 32 421
YMR304C-A 5 48
YMR305C 3 57
YMR306W 49 1417
YMR306C-A 10 524
YMR307W 20 624
YMR307C-A 4 8
YMR308C 23 427
YMR309C 19 443
YMR310C 9 206
YMR311C 2 11
YMR312W 0 0
YMR313C 13 194
YMR314W 6 24
YMR315W 14 8231
YMR315W-A 1 3
YMR316W 16 688
YMR316C-A 5 22
YMR316C-B 0 0
YMR317W 13 804
YMR318C 21 718
YMR319C 22 1813
YMR320W 7 146
YMR321C 2 9
YMR322C 0 0
YMR323W 1 5
YMR324C 6 228
YMR325W 2 9
YMR326C 6 484
YNL339C 0 0
YNL339W-B 0 0
YNL339W-A 0 0
YNL338W 3 3
YNL337W 2 9
YNL336W 4 9
YNL335W 1 1
YNL334C 4 37
YNL333W 0 0
YNL332W 6 155
YNL331C 6 296
YNL330C 17 409
YNL329C 25 213
YNL328C 9 47
YNL327W 14 172
YNL326C 17 561
YNL325C 20 355
YNL324W 3 46
YNL323W 9 183
YNL322C 3 185
YNL321W 28 2202
YNL320W 12 2041
YNL319W 2 27
YNL318C 11 171
YNL317W 10 152
YNL316C 5 681
YNL315C 2 11
YNL314W 14 314
YNL313C 12 108
YNL312W 4 24
YNL311C 21 444
YNL310C 9 119
YNL309W 19 428
YNL308C 9 79
YNL307C 9 83
YNL306W 9 232
YNL305C 15 274
YNL304W 24 1161
YNL303W 5 345
YNL302C 0 0
YNL301C 14 416
YNL300W 3 38
YNL299W 12 7527
YNL298W 20 413
YNL297C 19 596
YNL296W 1 2
YNL295W 14 228
YNL294C 19 377
YNL293W 22 796
YNL292W 5 46
YNL291C 7 57
YNL290W 19 679
YNL289W 10 158
YNL288W 15 354
YNL287W 16 569
YNL286W 14 257
YNL285W 18 22361
YNL284C 8 132
YNL283C 22 254
YNL282W 14 218
YNL281W 4 18
YNL280C 11 390
YNL279W 25 2667
YNL278W 35 1125
YNL277W-A 6 3136
YNL277W 27 378
YNL276C 12 112
YNL275W 18 764
YNL274C 12 90
YNL273W 15 149
YNL272C 2 59
YNL271C 23 919
YNL270C 17 243
YNL269W 20 1074
YNL268W 22 674
YNL267W 26 332
YNL266W 5 82
YNL265C 14 141
YNL264C 23 406
YNL263C 10 148
YNL262W 57 2288
YNL261W 15 569
YNL260C 3 66
YNL259C 2 63
YNL258C 12 105
YNL257C 26 724
YNL256W 9 121
YNL255C 5 33
YNL254C 12 637
YNL253W 6 50
YNL252C 10 135
YNL251C 26 654
YNL250W 20 497
YNL249C 12 325
YNL248C 3 15
YNL247W 9 197
YNL246W 13 104
YNL245C 6 61
YNL244C 7 292
YNL243W 26 257
YNL242W 42 1455
YNL241C 34 837
YNL240C 43 1300
YNL239W 16 378
YNL238W 13 419
YNL237W 12 278
YNL236W 27 355
YNL235C 6 318
YNL234W 19 991
YNL233W 15 373
YNL232W 11 124
YNL231C 35 1397
YNL230C 31 743
YNL229C 6 110
YNL228W 14 1210
YNL227C 17 1215
YNL226W 8 43
YNL225C 14 124
YNL224C 16 1561
YNL223W 9 157
YNL222W 7 350
YNL221C 22 702
YNL220W 11 313
YNL219C 9 420
YNL218W 18 354
YNL217W 24 660
YNL216W 33 784
YNL215W 2 7
YNL214W 5 29
YNL213C 8 157
YNL212W 14 1153
YNL211C 6 190
YNL210W 2 7
YNL209W 14 1245
YNL208W 13 298
YNL207W 5 28
YNL206C 8 38
YNL205C 7 145
YNL204C 3 16
YNL203C 8 272
YNL202W 14 605
YNL201C 15 248
YNL200C 9 28
YNL199C 14 486
YNL198C 0 0
YNL197C 9 356
YNL196C 11 373
YNL195C 13 427
YNL194C 9 67
YNL193W 20 849
YNL192W 32 748
YNL191W 15 1180
YNL190W 6 23
YNL189W 5 67
YNL188W 9 93
YNL187W 17 1321
YNL186W 23 446
YNL185C 1 24
YNL184C 0 0
YNL183C 10 333
YNL182C 11 178
YNL181W 6 140
YNL180C 6 132
YNL179C 12 125
YNL178W 1 1
YNL177C 5 9
YNL176C 23 669
YNL175C 11 272
YNL174W 1 6
YNL173C 18 212
YNL172W 25 313
YNL171C 3 43
YNL170W 3 91
YNL169C 17 162
YNL168C 14 582
YNL167C 20 203
YNL166C 12 334
YNL165W 8 889
YNL164C 11 414
YNL163C 25 265
YNL162W-A 1 16
YNL162W 1 24
YNL161W 15 94
YNL160W 8 157
YNL159C 3 6
YNL158W 10 85
YNL157W 5 72
YNL156C 7 140
YNL155W 8 1638
YNL154C 21 363
YNL153C 9 1448
YNL152W 5 30
YNL151C 8 117
YNL150W 1 24
YNL149C 1 1
YNL148C 42 1504
YNL147W 3 167
YNL146C-A 9 351
YNL146W 6 118
YNL145W 1 26
YNL144C 24 580
YNL144W-A 0 0
YNL143C 6 383
YNL142W 23 813
YNL141W 16 765
YNL140C 9 135
YNL139C 35 491
YNL138W-A 6 48
YNL138W 10 88
YNL137C 13 200
YNL136W 12 192
YNL135C 1 4
YNL134C 16 343
YNL133C 6 274
YNL132W 10 161
YNL131W 1 4
YNL130C 8 98
YNL130C-A 4 210
YNL129W 5 122
YNL128W 12 5284
YNL127W 13 544
YNL126W 14 127
YNL125C 27 1259
YNL124W 19 836
YNL123W 22 376
YNL122C 5 146
YNL121C 6 124
YNL120C 2 67
YNL119W 10 255
YNL118C 9 70
YNL117W 25 1704
YNL116W 13 270
YNL115C 21 384
YNL114C 0 0
YNL113W 1 6
YNL112W 26 723
YNL111C 0 0
YNL110C 5 84
YNL109W 2 19
YNL108C 4 1575
YNL107W 8 240
YNL106C 46 8199
YNL105W 5 80
YNL104C 37 3825
YNL103W-A 1 11
YNL103W 12 136
YNL102W 32 840
YNL101W 22 325
YNL100W 6 428
YNL099C 9 154
YNL098C 11 169
YNL097C-B 5 141
YNL097C 16 232
YNL097W-A 4 66
YNL096C 7 578
YNL095C 11 135
YNL094W 11 334
YNL093W 8 204
YNL092W 26 1996
YNL091W 22 253
YNL090W 2 141
YNL089C 2 141
YNL088W 32 1015
YNL087W 37 4794
YNL086W 2 27
YNL085W 10 284
YNL084C 8 933
YNL083W 12 386
YNL082W 13 295
YNL081C 4 18
YNL080C 14 451
YNL079C 4 154
YNL078W 14 1846
YNL077W 18 310
YNL076W 17 467
YNL075W 3 34
YNL074C 14 228
YNL073W 20 389
YNL072W 24 809
YNL071W 11 93
YNL070W 3 58
YNL069C 4 108
YNL068C 21 826
YNL067W-A 6 61
YNL067W-B 3 4
YNL067W 9 227
YNL066W 28 3810
YNL065W 24 367
YNL064C 17 374
YNL063W 3 111
YNL062C 15 687
YNL061W 13 263
YNL059C 10 103
YNL058C 6 61
YNL057W 1 2
YNL056W 3 16
YNL055C 20 371
YNL054W 19 546
YNL053W 34 1310
YNL052W 9 132
YNL051W 13 166
YNL050C 4 145
YNL049C 15 134
YNL048W 10 538
YNL047C 14 540
YNL046W 6 232
YNL045W 17 474
YNL044W 6 52
YNL043C 3 45
YNL042W-B 7 244
YNL042W 17 218
YNL041C 14 250
YNL040W 10 138
YNL039W 13 446
YNL038W 8 753
YNL037C 21 257
YNL036W 14 279
YNL035C 8 86
YNL034W 10 72
YNL033W 0 0
YNL032W 6 57
YNL031C 6 352
YNL030W 4 10
YNL029C 24 1542
YNL028W 9 943
YNL027W 11 367
YNL026W 5 47
YNL025C 8 75
YNL024C-A 7 97
YNL024C 20 924
YNL023C 24 638
YNL022C 13 272
YNL021W 15 255
YNL020C 27 466
YNL019C 2 14
YNL018C 8 2004
YNL017C 11 121
YNL016W 13 275
YNL015W 0 0
YNL014W 19 5702
YNL013C 0 0
YNL012W 33 625
YNL011C 5 168
YNL010W 11 333
YNL009W 17 1091
YNL008C 23 1379
YNL007C 6 80
YNL006W 11 156
YNL005C 8 215
YNL004W 47 2908
YNL003C 17 702
YNL002C 3 74
YNL001W 26 1092
YNR001C 42 3071
YNR001W-A 6 207
YNR002C 45 6048
YNR003C 24 530
YNR003W-A 4 65
YNR004W 6 428
YNR005C 3 167
YNR006W 16 398
YNR007C 14 368
YNR008W 29 1319
YNR009W 9 385
YNR010W 6 83
YNR011C 25 407
YNR012W 4 65
YNR013C 32 5309
YNR014W 13 3681
YNR015W 31 1409
YNR016C 78 3346
YNR017W 10 210
YNR018W 20 229
YNR019W 26 896
YNR020C 12 392
YNR021W 10 599
YNR022C 3 33
YNR023W 9 213
YNR024W 1 14
YNR025C 1 3
YNR026C 9 189
YNR027W 17 792
YNR028W 8 206
YNR029C 10 494
YNR030W 8 156
YNR031C 68 1673
YNR032W 16 846
YNR032C-A 3 76
YNR033W 24 1245
YNR034W 13 512
YNR034W-A 7 136
YNR035C 5 30
YNR036C 8 35
YNR037C 4 130
YNR038W 7 191
YNR039C 20 654
YNR040W 14 188
YNR041C 9 186
YNR042W 1 6
YNR043W 4 127
YNR044W 19 216
YNR045W 10 137
YNR046W 9 406
YNR047W 26 951
YNR048W 8 149
YNR049C 7 124
YNR050C 15 246
YNR051C 12 222
YNR052C 15 577
YNR053C 15 366
YNR054C 15 591
YNR055C 21 1299
YNR056C 16 366
YNR057C 19 5868
YNR058W 18 1043
YNR059W 21 401
YNR060W 16 1146
YNR061C 5 62
YNR062C 2 15
YNR063W 10 231
YNR064C 15 12633
YNR065C 15 290
YNR066C 26 456
YNR067C 23 1145
YNR068C 2 3
YNR069C 8 273
YNR070W 36 2128
YNR071C 18 646
YNR072W 19 203
YNR073C 12 180
YNR074C 15 232
YNR075W 11 129
YNR075C-A 5 456
YNR076W 0 0
YNR077C 1 33
YOL166W-A 1 8
YOL166C 2 8
YOL165C 3 12
YOL164W-A 0 0
YOL164W 17 776
YOL163W 6 85
YOL162W 2 12
YOL161C 2 33
YOL160W 3 7
YOL159C-A 3 17
YOL159C 8 90
YOL158C 25 757
YOL157C 13 373
YOL156W 2 3
YOL155W-A 0 0
YOL155C 16 546
YOL154W 6 22
YOL152W 27 422
YOL151W 5 216
YOL150C 0 0
YOL149W 4 16
YOL148C 5 32
YOL147C 6 85
YOL146W 8 131
YOL145C 14 195
YOL144W 12 205
YOL143C 8 299
YOL142W 10 166
YOL141W 29 717
YOL140W 24 271
YOL139C 2 30
YOL138C 34 818
YOL137W 15 197
YOL136C 4 8
YOL135C 11 209
YOL134C 13 640
YOL133W 4 58
YOL132W 9 31
YOL131W 6 99
YOL130W 14 150
YOL129W 13 1254
YOL128C 11 323
YOL127W 0 0
YOL126C 32 609
YOL125W 13 340
YOL124C 20 380
YOL123W 19 239
YOL122C 26 1157
YOL121C 4 8
YOL120C 14 542
YOL119C 13 326
YOL118C 9 120
YOL117W 21 617
YOL116W 14 557
YOL115W 25 599
YOL114C 6 118
YOL113W 15 229
YOL112W 22 812
YOL111C 17 177
YOL110W 47 67371
YOL109W 1 9
YOL108C 4 59
YOL107W 14 217
YOL106W 5 174
YOL105C 6 157
YOL104C 5 49
YOL103W 13 3497
YOL102C 6 169
YOL101C 1 76
YOL100W 16 514
YOL099C 2 28
YOL098C 35 769
YOL097W-A 3 16
YOL097C 16 589
YOL096C 13 375
YOL095C 16 202
YOL094C 9 495
YOL093W 4 117
YOL092W 13 316
YOL091W 6 206
YOL090W 18 588
YOL089C 24 487
YOL088C 3 42
YOL087C 18 449
YOL086W-A 9 266
YOL086C 17 331
YOL085W-A 7 456
YOL085C 22 1200
YOL084W 35 2503
YOL083W 12 241
YOL083C-A 1 2
YOL082W 10 315
YOL081W 64 1732
YOL080C 1 1
YOL079W 0 0
YOL078W 27 810
YOL077W-A 2 22
YOL077C 5 90
YOL076W 4 45
YOL075C 29 901
YOL073C 10 347
YOL072W 11 186
YOL071W 6 23
YOL070C 15 354
YOL069W 9 284
YOL068C 22 888
YOL067C 4 67
YOL066C 18 114
YOL065C 11 74
YOL064C 11 259
YOL063C 11 126
YOL062C 8 37
YOL061W 22 763
YOL060C 30 794
YOL059W 29 1399
YOL058W 23 779
YOL057W 19 218
YOL056W 12 392
YOL055C 17 438
YOL054W 11 463
YOL053W 21 2268
YOL052C-A 2 128
YOL052C 29 727
YOL051W 12 846
YOL050C 1 26
YOL049W 11 275
YOL048C 6 150
YOL047C 5 318
YOL046C 10 197
YOL045W 25 496
YOL044W 4 19
YOL043C 6 2083
YOL042W 15 182
YOL041C 15 401
YOL040C 1 60
YOL039W 1 4
YOL038C-A 3 41
YOL038W 7 235
YOL037C 3 38
YOL036W 24 265
YOL035C 3 15
YOL034W 23 883
YOL033W 8 408
YOL032W 7 121
YOL031C 18 739
YOL030W 17 1017
YOL029C 4 92
YOL028C 3 4
YOL027C 17 224
YOL026C 9 183
YOL025W 13 301
YOL024W 4 37
YOL023W 18 584
YOL022C 4 65
YOL021C 31 728
YOL020W 21 473
YOL019W-A 5 399
YOL019W 12 883
YOL018C 11 498
YOL017W 25 521
YOL016C 13 242
YOL015W 9 145
YOL014W 1 2063
YOL013W-B 0 0
YOL013W-A 7 49
YOL013C 13 230
YOL012C 3 81
YOL011W 34 554
YOL010W 8 69
YOL009C 12 484
YOL008W 3 181
YOL007C 23 1667
YOL006C 14 608
YOL005C 9 128
YOL004W 45 710
YOL003C 25 514
YOL002C 27 619
YOL001W 33 790
YOR001W 33 1353
YOR002W 37 1733
YOR003W 30 1089
YOR004W 9 258
YOR005C 30 674
YOR006C 11 189
YOR007C 7 256
YOR008C 1 8
YOR008C-A 4 18
YOR008W-B 1 1
YOR009W 2 20
YOR010C 2 28
YOR011W 22 630
YOR011W-A 2 163
YOR012W 7 46
YOR013W 5 12
YOR014W 14 332
YOR015W 1 4
YOR016C 4 285
YOR017W 12 200
YOR018W 30 904
YOR019W 23 1334
YOR020C 5 27
YOR020W-A 2 20
YOR021C 2 108
YOR022C 11 450
YOR023C 15 265
YOR024W 18 470
YOR025W 12 148
YOR026W 15 325
YOR027W 26 664
YOR028C 8 290
YOR029W 13 5588
YOR030W 16 606
YOR031W 4 45
YOR032C 10 144
YOR032W-A 8 275
YOR033C 23 835
YOR034C 17 323
YOR034C-A 12 473
YOR035C 9 240
YOR036W 4 36
YOR037W 16 667
YOR038C 21 253
YOR039W 6 229
YOR040W 17 412
YOR041C 7 141
YOR042W 15 171
YOR043W 6 170
YOR044W 3 108
YOR045W 2 17
YOR046C 10 180
YOR047C 2 23
YOR048C 7 99
YOR049C 13 1134
YOR050C 7 134
YOR051C 10 137
YOR052C 5 60
YOR053W 4 29
YOR054C 22 568
YOR055W 6 65
YOR056C 14 289
YOR057W 23 395
YOR058C 25 439
YOR059C 12 78
YOR060C 12 446
YOR061W 13 493
YOR062C 20 1180
YOR063W 10 256
YOR064C 11 62
YOR065W 13 296
YOR066W 11 197
YOR067C 12 213
YOR069W 19 675
YOR068C 3 10
YOR070C 11 914
YOR071C 20 454
YOR072W 5 131
YOR072W-A 12 1318
YOR072W-B 3 24
YOR073W 10 76
YOR074C 13 159
YOR073W-A 1 9
YOR075W 5 186
YOR076C 23 4308
YOR077W 18 489
YOR078W 6 135
YOR079C 13 248
YOR080W 11 264
YOR081C 22 275
YOR082C 7 86
YOR083W 31 1897
YOR084W 31 740
YOR085W 15 986
YOR086C 24 399
YOR087W 15 179
YOR089C 6 232
YOR090C 22 945
YOR091W 27 1488
YOR092W 8 212
YOR093C 38 929
YOR094W 2 13
YOR095C 9 129
YOR096W 3 73
YOR097C 6 19
YOR098C 29 372
YOR099W 20 350
YOR100C 10 172
YOR101W 11 124
YOR102W 0 0
YOR103C 0 0
YOR104W 10 133
YOR105W 1 25
YOR106W 9 65
YOR107W 14 589
YOR108W 20 502
YOR108C-A 1 10
YOR109W 24 391
YOR110W 15 592
YOR111W 5 44
YOR112W 9 258
YOR113W 17 277
YOR114W 8 129
YOR115C 5 58
YOR116C 19 315
YOR117W 10 164
YOR118W 20 697
YOR119C 10 258
YOR120W 16 467
YOR121C 7 390
YOR122C 7 59
YOR123C 15 463
YOR124C 29 1272
YOR125C 5 83
YOR126C 9 624
YOR127W 18 397
YOR128C 13 146
YOR129C 9 136
YOR130C 8 92
YOR131C 6 70
YOR132W 9 268
YOR133W 3 14
YOR134W 29 2515
YOR135C 6 137
YOR136W 9 322
YOR137C 19 668
YOR138C 41 1680
YOR139C 2 91
YOR140W 23 755
YOR141C 20 488
YOR142W 16 557
YOR143C 10 158
YOR144C 23 1608
YOR145C 7 89
YOR146W 3 72
YOR147W 10 309
YOR148C 8 72
YOR149C 20 277
YOR150W 6 90
YOR151C 26 431
YOR152C 1 1
YOR153W 64 1739
YOR154W 5 80
YOR155C 8 79
YOR156C 12 346
YOR157C 11 199
YOR158W 5 11
YOR159C 3 40
YOR160W 21 619
YOR161C 18 458
YOR161W-A 1 2
YOR161W-B 6 130
YOR161C-C 9 659
YOR162C 36 696
YOR163W 4 72
YOR164C 12 226
YOR165W 27 1032
YOR166C 11 205
YOR167C 2 4
YOR168W 19 644
YOR169C 4 189
YOR170W 4 57
YOR171C 10 187
YOR172W 17 155
YOR173W 16 987
YOR174W 4 312
YOR175C 16 120
YOR176W 22 493
YOR177C 13 104
YOR178C 19 467
YOR179C 13 636
YOR180C 1 38
YOR181W 11 244
YOR182C 7 55
YOR183W 19 1177
YOR184W 10 203
YOR185C 7 491
YOR186W 12 1004
YOR186C-A 11 1003
YOR187W 13 431
YOR188W 22 334
YOR189W 7 156
YOR190W 14 387
YOR191W 30 925
YOR192C 19 550
YOR192C-C 0 0
YOR193W 8 128
YOR194C 2 6
YOR195W 11 335
YOR196C 11 306
YOR197W 11 200
YOR198C 6 147
YOR199W 7 195
YOR200W 2 43
YOR201C 6 178
YOR202W 10 286
YOR203W 14 332
YOR204W 25 371
YOR205C 37 1048
YOR206W 10 156
YOR207C 23 942
YOR208W 9 1474
YOR209C 12 214
YOR210W 2 53
YOR211C 33 664
YOR212W 13 835
YOR213C 16 251
YOR214C 7 75
YOR215C 7 209
YOR216C 29 1098
YOR217W 20 449
YOR218C 4 10
YOR219C 36 1030
YOR220W 7 20
YOR221C 13 208
YOR222W 43 12346
YOR223W 15 226
YOR224C 5 117
YOR225W 6 149
YOR226C 4 167
YOR227W 38 706
YOR228C 18 330
YOR229W 34 1212
YOR230W 19 785
YOR231W 17 232
YOR231C-A 3 16
YOR232W 5 125
YOR233W 24 694
YOR234C 11 172
YOR235W 7 365
YOR236W 14 158
YOR237W 8 448
YOR238W 14 251
YOR239W 8 109
YOR241W 24 661
YOR242C 19 444
YOR243C 5 112
YOR244W 11 125
YOR245C 8 117
YOR246C 14 375
YOR247W 9 24
YOR248W 5 7
YOR249C 12 144
YOR250C 15 252
YOR251C 17 282
YOR252W 6 115
YOR253W 9 226
YOR254C 24 549
YOR255W 3 27
YOR256C 22 493
YOR257W 2 18
YOR258W 3 47
YOR259C 8 82
YOR260W 23 657
YOR261C 4 86
YOR262W 8 202
YOR263C 3 30
YOR264W 8 81
YOR265W 4 1763
YOR266W 9 296
YOR267C 30 2173
YOR268C 23 1099
YOR269W 18 620
YOR270C 28 1022
YOR271C 14 595
YOR272W 4 96
YOR273C 36 634
YOR274W 18 640
YOR275C 20 9097
YOR276W 11 346
YOR277C 8 316
YOR278W 9 313
YOR279C 7 89
YOR280C 13 333
YOR281C 3 75
YOR282W 6 254
YOR283W 12 327
YOR284W 6 108
YOR285W 12 333
YOR286W 6 214
YOR287C 3 26
YOR288C 3 5
YOR289W 20 530
YOR290C 17 202
YOR291W 36 612
YOR292C 17 257
YOR293W 8 47
YOR293C-A 4 53
YOR294W 3 50
YOR295W 14 1680
YOR296W 30 773
YOR297C 3 52
YOR298W 19 2513
YOR298C-A 7 293
YOR299W 22 1398
YOR300W 8 2534
YOR301W 35 2437
YOR302W 5 34
YOR303W 30 1018
YOR304W 23 1648
YOR304C-A 3 13
YOR305W 1 3
YOR306C 20 597
YOR307C 16 8414
YOR308C 10 466
YOR309C 0 0
YOR310C 8 112
YOR311C 3 3
YOR312C 2 39
YOR313C 6 45
YOR314W 1 27
YOR314W-A 6 94
YOR315W 9 491
YOR316C 40 1077
YOR316C-A 20 13103
YOR317W 33 989
YOR318C 28 1049
YOR319W 7 401
YOR320C 11 449
YOR321W 26 630
YOR322C 30 765
YOR323C 9 366
YOR324C 21 576
YOR325W 8 173
YOR326W 32 1318
YOR327C 6 41
YOR328W 44 4796
YOR329C 19 381
YOR329W-A 2 131
YOR330C 17 354
YOR331C 8 103
YOR332W 7 40
YOR333C 5 40
YOR334W 8 114
YOR335C 34 691
YOR335W-A 0 0
YOR336W 28 839
YOR337W 30 1106
YOR338W 12 352
YOR339C 2 21
YOR340C 5 39
YOR341W 13 168
YOR342C 11 169
YOR343C 25 3237
YOR344C 16 352
YOR345C 0 0
YOR346W 27 547
YOR347C 11 129
YOR348C 138 34082
YOR349W 63 2663
YOR350C 21 834
YOR351C 11 108
YOR352W 9 196
YOR353C 23 407
YOR354C 13 491
YOR355W 12 111
YOR356W 30 554
YOR357C 8 69
YOR358W 15 387
YOR359W 6 160
YOR360C 13 120
YOR361C 19 558
YOR362C 8 237
YOR363C 35 2594
YOR364W 10 546
YOR365C 22 894
YOR366W 1 1
YOR367W 2 60
YOR368W 18 1395
YOR369C 10 180
YOR370C 19 619
YOR371C 42 4180
YOR372C 10 358
YOR373W 32 682
YOR374W 26 381
YOR375C 27 424
YOR376W 16 2047
YOR376W-A 0 0
YOR377W 26 1538
YOR378W 24 1155
YOR379C 15 1077
YOR380W 18 494
YOR381W 13 201
YOR381W-A 5 112
YOR382W 2 4
YOR383C 6 19
YOR384W 20 533
YOR385W 18 415
YOR386W 7 87
YOR387C 2 35
YOR388C 3 22
YOR389W 9 435
YOR390W 2 31
YOR391C 3 16
YOR392W 2 2
YOR393W 0 0
YOR394W 0 0
YOR394C-A 0 0
YOR396W 0 0
YOR396C-A 0 0
YPL283C 0 0
YPL283W-B 0 0
YPL283W-A 0 0
YPL282C 0 0
YPL281C 0 0
YPL280W 0 0
YPL279C 4 59
YPL278C 0 0
YPL277C 9 211
YPL274W 39 802
YPL273W 3 211
YPL272C 3 275
YPL271W 2 13
YPL270W 23 366
YPL269W 18 407
YPL268W 22 331
YPL267W 3 19
YPL266W 11 1184
YPL265W 34 1198
YPL264C 10 1653
YPL263C 28 592
YPL262W 26 584
YPL261C 3 90
YPL260W 10 173
YPL259C 13 505
YPL258C 20 666
YPL257W 2 36
YPL256C 24 927
YPL255W 13 395
YPL254W 4 54
YPL253C 21 495
YPL252C 0 0
YPL251W 1 23
YPL250C 9 384
YPL249C-A 4 45
YPL250W-A 4 45
YPL249C 26 324
YPL248C 18 234
YPL247C 37 9406
YPL246C 9 1624
YPL245W 19 7730
YPL244C 20 530
YPL243W 4 207
YPL242C 40 1278
YPL241C 4 70
YPL240C 21 429
YPL239W 6 46
YPL238C 0 0
YPL237W 2 40
YPL236C 16 326
YPL235W 7 292
YPL234C 11 291
YPL233W 7 428
YPL232W 14 351
YPL231W 66 1636
YPL230W 24 371
YPL229W 7 75
YPL228W 4 33
YPL227C 9 109
YPL226W 27 440
YPL225W 1 2
YPL224C 22 1648
YPL223C 13 237
YPL222W 27 408
YPL222C-A 1 1
YPL221W 46 3096
YPL220W 2 20
YPL219W 22 1468
YPL218W 7 73
YPL217C 25 510
YPL216W 24 318
YPL215W 7 88
YPL214C 19 458
YPL213W 9 216
YPL212C 9 219
YPL211W 2 13
YPL210C 16 147
YPL209C 4 22
YPL208W 18 778
YPL207W 23 991
YPL206C 9 531
YPL205C 5 213
YPL204W 16 513
YPL203W 17 909
YPL202C 11 63
YPL201C 13 136
YPL200W 4 9
YPL199C 7 146
YPL198W 24 547
YPL197C 4 249
YPL196W 6 81
YPL195W 17 1343
YPL194W 14 134
YPL193W 13 165
YPL192C 1 2
YPL191C 6 136
YPL190C 17 531
YPL189C-A 5 55
YPL189W 20 295
YPL188W 11 774
YPL187W 2 2
YPL186C 24 613
YPL185W 24 5638
YPL184C 22 492
YPL183W-A 6 138
YPL183C 17 146
YPL182C 6 51
YPL181W 12 186
YPL180W 20 236
YPL179W 16 664
YPL178W 4 34
YPL177C 8 225
YPL176C 28 555
YPL175W 18 284
YPL174C 8 63
YPL173W 5 65
YPL172C 8 62
YPL171C 23 8180
YPL170W 11 277
YPL169C 7 36
YPL168W 6 84
YPL167C 23 396
YPL166W 8 148
YPL165C 4 22
YPL164C 25 1340
YPL163C 4 19
YPL162C 10 152
YPL161C 8 391
YPL160W 24 425
YPL159C 5 41
YPL158C 20 239
YPL157W 21 434
YPL156C 16 304
YPL155C 34 3302
YPL154C 9 96
YPL153C 21 284
YPL152W-A 1 3
YPL152W 7 234
YPL151C 20 275
YPL150W 14 152
YPL149W 2 2
YPL148C 2 19
YPL147W 22 415
YPL146C 4 110
YPL145C 2 21
YPL144W 17 388
YPL143W 2 73
YPL142C 1 4
YPL141C 29 562
YPL140C 12 302
YPL139C 9 80
YPL138C 6 120
YPL137C 48 2148
YPL136W 4 213
YPL135W 17 224
YPL135C-A 5 44
YPL134C 23 571
YPL133C 39 1411
YPL132W 6 83
YPL131W 4 102
YPL130W 1 1
YPL129W 3 9
YPL128C 8 376
YPL127C 7 149
YPL126W 11 341
YPL125W 25 912
YPL124W 14 397
YPL123C 9 432
YPL122C 11 162
YPL121C 5 128
YPL120W 13 113
YPL119C-A 1 2
YPL119C 18 787
YPL118W 5 42
YPL117C 5 123
YPL116W 17 711
YPL115C 25 255
YPL114W 9 99
YPL113C 15 719
YPL112C 6 106
YPL111W 61 39038
YPL110C 33 55418
YPL109C 34 1134
YPL108W 16 680
YPL107W 10 458
YPL106C 15 307
YPL105C 18 911
YPL104W 19 516
YPL103C 9 213
YPL102C 3 19
YPL101W 11 286
YPL100W 9 107
YPL099C 4 89
YPL098C 4 34
YPL097W 7 150
YPL096C-A 3 131
YPL096W 19 358
YPL095C 24 1656
YPL094C 19 225
YPL093W 5 150
YPL092W 21 480
YPL091W 16 267
YPL090C 0 0
YPL089C 23 609
YPL088W 14 283
YPL087W 4 41
YPL086C 11 270
YPL085W 37 363
YPL084W 10 291
YPL083C 10 240
YPL082C 46 932
YPL081W 15 591
YPL080C 11 919
YPL079W 3 107
YPL078C 2 43
YPL077C 15 302
YPL076W 3 30
YPL075W 18 619
YPL074W 18 340
YPL073C 4 67
YPL072W 13 227
YPL071C 2 2
YPL070W 12 224
YPL069C 7 116
YPL068C 9 93
YPL067C 32 18270
YPL066W 23 1563
YPL065W 7 81
YPL064C 11 84
YPL063W 15 200
YPL062W 27 2617
YPL061W 30 2499
YPL060W 26 380
YPL059W 8 178
YPL058C 45 1432
YPL057C 13 267
YPL056C 11 135
YPL055C 25 729
YPL054W 7 120
YPL053C 12 184
YPL052W 6 77
YPL051W 6 269
YPL050C 6 73
YPL049C 19 435
YPL048W 19 336
YPL047W 3 27
YPL046C 3 17
YPL045W 17 178
YPL044C 3 34
YPL043W 15 406
YPL042C 19 418
YPL041C 12 196
YPL040C 23 568
YPL039W 10 151
YPL038W-A 5 41
YPL038W 9 226
YPL037C 1 8
YPL036W 27 1123
YPL035C 0 0
YPL034W 5 107
YPL033C 2 33
YPL032C 9 365
YPL031C 17 284
YPL030W 17 712
YPL029W 20 405
YPL028W 11 153
YPL027W 12 3353
YPL026C 19 561
YPL025C 9 236
YPL024W 13 196
YPL023C 5 121
YPL022W 16 519
YPL021W 7 312
YPL020C 11 202
YPL019C 22 498
YPL018W 17 558
YPL017C 25 23411
YPL016W 17 335
YPL015C 30 1626
YPL014W 24 463
YPL013C 5 69
YPL012W 18 364
YPL011C 6 120
YPL010W 6 87
YPL009C 11 163
YPL008W 14 126
YPL007C 1 30
YPL006W 34 484
YPL005W 16 122
YPL004C 15 516
YPL003W 35 1470
YPL002C 27 1316
YPL001W 25 357
YPR001W 73 4668
YPR002W 32 2605
YPR002C-A 1 2
YPR003C 22 320
YPR004C 10 126
YPR005C 12 248
YPR006C 32 504
YPR007C 21 572
YPR008W 24 643
YPR009W 6 83
YPR010C 17 246
YPR010C-A 4 795
YPR011C 23 460
YPR012W 2 54
YPR013C 14 367
YPR014C 9 194
YPR015C 19 438
YPR016C 3 48
YPR016W-A 7 108
YPR017C 7 225
YPR018W 12 249
YPR019W 30 963
YPR020W 2 19
YPR021C 10 78
YPR022C 42 732
YPR023C 16 397
YPR024W 8 101
YPR025C 8 161
YPR026W 40 111788
YPR027C 5 153
YPR028W 8 55
YPR029C 15 547
YPR030W 27 986
YPR031W 18 606
YPR032W 8 112
YPR033C 16 530
YPR034W 15 178
YPR035W 17 375
YPR036W 39 2265
YPR036W-A 3 24
YPR037C 19 560
YPR038W 15 582
YPR039W 12 380
YPR040W 21 533
YPR041W 9 230
YPR042C 14 415
YPR043W 1 50
YPR044C 1 50
YPR045C 6 150
YPR046W 2 64
YPR047W 16 440
YPR048W 10 244
YPR049C 24 458
YPR050C 6 869
YPR051W 13 1128
YPR052C 4 684
YPR053C 7 99
YPR054W 19 352
YPR055W 15 393
YPR056W 6 97
YPR057W 6 75
YPR058W 4 21
YPR059C 2 17
YPR060C 8 359
YPR061C 13 215
YPR062W 17 325
YPR063C 5 324
YPR064W 19 476
YPR065W 12 168
YPR066W 17 1095
YPR067W 12 753
YPR068C 22 637
YPR069C 7 238
YPR070W 8 233
YPR071W 13 192
YPR072W 14 398
YPR073C 11 153
YPR074C 38 856
YPR074W-A 5 58
YPR075C 3 260
YPR076W 0 0
YPR077C 10 997
YPR078C 19 1138
YPR079W 24 846
YPR080W 3 9
YPR081C 30 1145
YPR082C 8 121
YPR083W 20 418
YPR084W 3 26
YPR085C 3 202
YPR086W 13 197
YPR087W 6 1479
YPR088C 9 2062
YPR089W 19 206
YPR091C 15 487
YPR092W 5 247
YPR093C 20 686
YPR094W 6 116
YPR095C 26 530
YPR096C 6 207
YPR097W 27 530
YPR098C 8 112
YPR099C 5 11
YPR100W 4 8
YPR101W 7 161
YPR102C 0 0
YPR103W 6 152
YPR104C 8 117
YPR105C 14 301
YPR106W 12 357
YPR107C 14 505
YPR108W 8 230
YPR108W-A 3 11
YPR109W 17 547
YPR110C 6 49
YPR111W 19 550
YPR112C 15 409
YPR113W 11 233
YPR114W 20 2101
YPR115W 25 613
YPR116W 2 37
YPR117W 56 1904
YPR118W 8 132
YPR119W 19 568
YPR120C 16 814
YPR121W 16 1036
YPR122W 52 1778
YPR123C 5 49
YPR124W 18 209
YPR125W 5 55
YPR126C 1 4
YPR127W 10 97
YPR128C 9 621
YPR129W 5 308
YPR130C 2 1041
YPR131C 10 319
YPR132W 1 1
YPR133C 6 194
YPR133W-A 0 0
YPR134W 4 45
YPR135W 16 572
YPR136C 3 86
YPR137W 7 209
YPR138C 20 618
YPR139C 4 73
YPR140W 9 192
YPR141C 21 324
YPR142C 6 210
YPR143W 1 4
YPR144C 15 317
YPR145W 41 2222
YPR145C-A 6 143
YPR146C 5 50
YPR147C 13 418
YPR148C 14 1674
YPR149W 13 432
YPR150W 25 329
YPR151C 25 382
YPR152C 25 614
YPR153W 9 113
YPR154W 3 52
YPR155C 25 848
YPR156C 15 455
YPR157W 26 1107
YPR158W 14 212
YPR159W 24 443
YPR159C-A 0 0
YPR160W 42 707
YPR160W-A 0 0
YPR160C-A 4 17
YPR161C 19 241
YPR162C 12 96
YPR163C 4 309
YPR164W 32 1562
YPR165W 7 38
YPR166C 7 180
YPR167C 10 150
YPR168W 12 2957
YPR169W 16 679
YPR170C 11 333
YPR169W-A 1 14
YPR170W-B 6 34
YPR170W-A 5 20
YPR171W 13 116
YPR172W 6 177
YPR173C 3 279
YPR174C 4 218
YPR175W 12 296
YPR176C 9 49
YPR177C 6 158
YPR178W 20 619
YPR179C 21 496
YPR180W 5 38
YPR181C 18 411
YPR182W 1 46
YPR183W 14 277
YPR184W 69 2149
YPR185W 18 393
YPR186C 9 200
YPR187W 3 46
YPR188C 4 85
YPR189W 19 433
YPR190C 17 478
YPR191W 10 59
YPR192W 33 2634
YPR193C 10 87
YPR194C 33 1811
YPR195C 25 1182
YPR196W 24 892
YPR197C 4 271
YPR198W 13 280
YPR199C 15 990
YPR200C 2 2
YPR201W 24 549
YPR202W 0 0
YPR203W 0 0
YPR204W 0 0
YPR204C-A 0 0
