YAL069W 12 479
YAL068W-A 5 271
YAL068C 4 366
YAL067W-A 4 39
YAL067C 19 712
YAL066W 5 38
YAL065C 9 6779
YAL064W-B 1 14
YAL064C-A 0 0
YAL064W 0 0
YAL063C-A 1 35
YAL063C 8 184
YAL062W 61 2162
YAL061W 43 887
YAL060W 26 1544
YAL059C-A 4 41
YAL059W 5 14
YAL058W 30 3706
YAL056C-A 6 296
YAL056W 45 1583
YAL055W 10 119
YAL054C 41 1513
YAL053W 36 1993
YAL051W 33 927
YAL049C 6 34
YAL048C 37 1242
YAL047W-A 5 58
YAL047C 14 1598
YAL046C 5 96
YAL045C 5 101
YAL044W-A 7 253
YAL044C 9 201
YAL043C 27 2103
YAL042C-A 12 1734
YAL042W 29 2442
YAL041W 20 356
YAL040C 12 1033
YAL039C 39 3561
YAL038W 33 2343
YAL037C-B 18 1535
YAL037C-A 1 21
YAL037W 10 401
YAL036C 13 67699
YAL035W 19 491
YAL034C-B 13 452
YAL034W-A 7 284
YAL034C 21 1416
YAL033W 4 203
YAL032C 18 450
YAL031W-A 1 36
YAL031C 17 526
YAL030W 5 42
YAL029C 34 657
YAL028W 12 589
YAL027W 11 269
YAL026C-A 2 3
YAL026C 26 1625
YAL025C 2 7
YAL024C 26 659
YAL023C 27 935
YAL022C 19 361
YAL021C 27 755
YAL020C 21 1147
YAL019W-A 11 497
YAL019W 27 315
YAL018C 8 330
YAL017W 45 1469
YAL016C-B 8 66
YAL016C-A 4 98
YAL016W 20 213
YAL015C 22 1001
YAL014C 5 71
YAL013W 6 217
YAL012W 18 937
YAL011W 16 220
YAL010C 13 184
YAL009W 7 61
YAL008W 11 191
YAL007C 11 44196
YAL005C 30 2583
YAL004W 10 1468
YAL003W 3 249
YAL002W 46 25518
YAL001C 92 7669
YAR002W 42 2997
YAR002C-A 18 1482
YAR003W 44 307024
YAR007C 11 134
YAR008W 15 405
YAR014C 20 971
YAR015W 12 246
YAR018C 10 294
YAR019C 17 748
YAR019W-A 8 160
YAR020C 0 0
YAR023C 8 464
YAR027W 13 2479
YAR028W 12 655
YAR029W 1 4
YAR030C 4 38
YAR031W 8 276
YAR033W 6 277
YAR035W 80 2476
YAR035C-A 4 47
YAR042W 42 1342
YAR047C 0 0
YAR050W 16 302
YAR053W 0 0
YAR060C 0 0
YAR064W 0 0
YAR066W 0 0
YAR068W 1 8
YAR069C 0 0
YAR070C 0 0
YAR071W 2 25
YAR073W 7 39
YAR075W 4 10
YBL113C 1 1
YBL113W-A 0 0
YBL112C 0 0
YBL111C 0 0
YBL109W 7 3921
YBL108C-A 0 0
YBL108W 14 3086
YBL107W-A 0 0
YBL107C 10 375
YBL106C 28 267
YBL105C 26 659
YBL104C 58 2743
YBL103C 12 633
YBL102W 3 641
YBL101C 52 2167
YBL100W-C 4 694
YBL100C 3 13
YBL099W 17 470
YBL098W 26 908
YBL097W 21 345
YBL096C 11 381
YBL095W 12 433
YBL094C 3 5
YBL093C 19 340
YBL092W 0 0
YBL091C-A 11 176
YBL091C 14 378
YBL090W 8 116
YBL089W 12 140
YBL088C 71 1685
YBL087C 7 150
YBL086C 2 10
YBL085W 11 132
YBL084C 12 348
YBL083C 3 4
YBL082C 27 588
YBL081W 14 211
YBL080C 25 803
YBL079W 23 329
YBL078C 0 0
YBL077W 3 387
YBL076C 21 800
YBL075C 22 552
YBL074C 12 150
YBL073W 14 541
YBL072C 1 28
YBL071C-B 0 0
YBL071W-A 0 0
YBL071C 3 156
YBL070C 7 696
YBL069W 26 1375
YBL068W-A 4 87
YBL068W 6 176
YBL067C 17 16523
YBL066C 36 591
YBL065W 3 9
YBL064C 10 201
YBL063W 31 1999
YBL062W 5 88
YBL061C 27 785
YBL060W 28 778
YBL059C-A 2 15
YBL059W 5 94
YBL058W 17 328
YBL057C 13 186
YBL056W 16 517
YBL055C 13 355
YBL054W 22 648
YBL053W 2 78
YBL052C 9 258
YBL051C 10 453
YBL050W 10 358
YBL049W 3 94
YBL048W 2 16
YBL047C 40 932
YBL046W 19 581
YBL045C 12 391
YBL044W 31 6590
YBL043W 10 227
YBL042C 23 298
YBL041W 10 180
YBL040C 13 411
YBL039W-B 0 0
YBL039C 15 676
YBL039C-A 0 0
YBL038W 14 364
YBL037W 41 1085
YBL036C 11 176
YBL035C 25 387
YBL034C 38 750
YBL033C 15 889
YBL032W 14 181
YBL031W 25 374
YBL030C 20 893
YBL029C-A 7 620
YBL029W 14 222
YBL028C 3 13
YBL027W 1 6
YBL026W 5 112
YBL025W 4 136
YBL024W 20 1673
YBL023C 28 509
YBL022C 19 294
YBL021C 6 152
YBL020W 16 274
YBL019W 5 112
YBL018C 4 102
YBL017C 58 3787
YBL016W 17 259
YBL015W 39 1404
YBL014C 29 1008
YBL013W 49 1969
YBL012C 8 211
YBL011W 29 735
YBL010C 6 179
YBL009W 12 698
YBL008W-A 4 115
YBL008W 32 646
YBL007C 25 345
YBL006C 6 263
YBL006W-A 3 226
YBL005W 26 325
YBL004W 36 596
YBL003C 8 10387
YBL002W 19 408
YBL001C 27 23228
YBR001C 78 4001
YBR002C 18 360
YBR003W 20 367
YBR004C 28 617
YBR005W 10 152
YBR006W 44 3521
YBR007C 25 485
YBR008C 32 712
YBR009C 2 3
YBR010W 4 12
YBR011C 11 78
YBR012C 0 0
YBR013C 2 8
YBR014C 6 23
YBR015C 15 614
YBR016W 5 597
YBR017C 15 271
YBR018C 12 237
YBR019C 34 522
YBR020W 42 886
YBR021W 14 282
YBR022W 9 454
YBR023C 35 1190
YBR024W 11 304
YBR025C 20 345
YBR026C 14 337
YBR027C 17 142
YBR028C 6 73
YBR029C 21 241
YBR030W 11 291
YBR031W 3 249
YBR032W 30 10479
YBR033W 36 772
YBR034C 29 1630
YBR035C 13 214
YBR036C 16 255
YBR037C 17 78
YBR038W 39 865
YBR039W 12 271
YBR040W 2 40
YBR041W 11 316
YBR042C 6 74
YBR043C 16 260
YBR044C 15 451
YBR045C 14 323
YBR046C 14 236
YBR047W 14 891
YBR048W 13 403
YBR049C 30 1572
YBR050C 18 665
YBR051W 6 287
YBR052C 6 218
YBR053C 12 321
YBR054W 23 4441
YBR055C 29 971
YBR056W 25 291
YBR056W-A 4 180
YBR056C-B 2 36
YBR057C 9 197
YBR058C 23 1472
YBR058C-A 3 14
YBR059C 26 762
YBR060C 15 225
YBR061C 11 279
YBR062C 6 581
YBR063C 6 92
YBR064W 2 56
YBR065C 5 57
YBR066C 10 169
YBR067C 0 0
YBR068C 28 3195
YBR069C 25 631
YBR070C 19 1152
YBR071W 12 244
YBR072W 17 689
YBR072C-A 4 8
YBR073W 17 333
YBR074W 39 683
YBR076W 11 450
YBR076C-A 9 491
YBR077C 4 180
YBR078W 31 1908
YBR079C 27 591
YBR080C 13 323
YBR081C 27 749
YBR082C 8 133
YBR083W 22 711
YBR084W 15 735
YBR084C-A 2 34
YBR085W 4 135
YBR085C-A 2 3
YBR086C 26 527
YBR087W 9 448
YBR088C 5 136
YBR089W 4 79
YBR089C-A 14 2939
YBR090C 23 3189
YBR091C 5 179
YBR092C 11 246
YBR093C 15 365
YBR094W 18 379
YBR095C 11 438
YBR096W 3 31
YBR097W 28 311
YBR098W 16 368
YBR099C 1 2
YBR101C 3 53
YBR102C 21 509
YBR103W 13 152
YBR103C-A 12 1054
YBR104W 13 892
YBR105C 13 362
YBR106W 9 285
YBR107C 10 1223
YBR108W 23 559
YBR109C 2 9
YBR109W-A 3 74
YBR110W 3 13
YBR111C 14 196
YBR111W-A 3 100
YBR112C 24 671
YBR113W 6 57
YBR114W 31 664
YBR115C 56 55904
YBR116C 9 1544
YBR117C 36 1719
YBR118W 3 37
YBR119W 6 84
YBR120C 3 24
YBR121C 3 19
YBR121C-A 0 0
YBR122C 5 119
YBR123C 6 62
YBR124W 7 65
YBR125C 16 5637
YBR126C 29 1191
YBR126W-A 9 183
YBR126W-B 6 132
YBR127C 15 452
YBR128C 11 164
YBR129C 6 81
YBR130C 3 64
YBR131W 20 313
YBR131C-A 0 0
YBR132C 27 4375
YBR133C 40 1504
YBR134W 18 856
YBR135W 7 128
YBR136W 42 2534
YBR137W 12 455
YBR138C 15 370
YBR139W 21 419
YBR140C 80 2868
YBR141C 14 609
YBR141W-A 0 0
YBR142W 27 639
YBR143C 8 135
YBR144C 13 380
YBR145W 20 330
YBR146W 11 127
YBR147W 12 723
YBR148W 27 1701
YBR149W 15 358
YBR150C 25 278
YBR151W 17 1410
YBR152W 7 173
YBR153W 7 47
YBR154C 2 5
YBR155W 7 154
YBR156C 19 210
YBR157C 9 151
YBR158W 16 762
YBR159W 12 271
YBR160W 14 358
YBR161W 1 14
YBR162C 17 143
YBR162W-A 1 14
YBR163W 15 320
YBR164C 4 60
YBR165W 8 28
YBR166C 11 209
YBR167C 3 19
YBR168W 5 24
YBR169C 24 741
YBR170C 23 1184
YBR171W 5 90
YBR172C 17 271
YBR173C 5 23
YBR174C 4 31
YBR175W 18 699
YBR176W 6 75
YBR177C 25 1103
YBR178W 10 1126
YBR179C 25 376
YBR180W 16 335
YBR181C 4 116
YBR182C 17 795
YBR182C-A 1 158
YBR183W 14 270
YBR184W 4 88
YBR185C 10 131
YBR186W 25 506
YBR187W 3 11
YBR188C 4 48
YBR189W 7 64
YBR190W 0 0
YBR191W 1 6
YBR191W-A 0 0
YBR192W 6 175
YBR193C 5 70
YBR194W 3 18
YBR195C 12 165
YBR196C 16 416
YBR196C-A 8 643
YBR196C-B 2 15
YBR197C 21 2233
YBR198C 10 302
YBR199W 18 458
YBR200W 6 383
YBR200W-A 0 0
YBR201W 2 3
YBR201C-A 5 31
YBR202W 23 2330
YBR203W 33 629
YBR204C 18 310
YBR205W 16 231
YBR206W 3 62
YBR207W 16 59
YBR208C 67 1311
YBR209W 16 430
YBR210W 1 6
YBR211C 5 80
YBR212W 20 375
YBR213W 23 609
YBR214W 31 1109
YBR215W 12 148
YBR216C 8 37
YBR217W 4 30
YBR218C 40 1203
YBR219C 22 2008
YBR220C 18 1130
YBR221C 15 680
YBR221W-A 4 56
YBR222C 29 604
YBR223C 21 405
YBR223W-A 6 96
YBR224W 6 221
YBR225W 9 72
YBR226C 0 0
YBR227C 5 99
YBR228W 9 90
YBR229C 35 857
YBR230C 6 81
YBR230W-A 10 1742
YBR231C 16 247
YBR232C 2 61
YBR233W 12 141
YBR233W-A 2 79
YBR234C 19 498
YBR235W 54 1870
YBR236C 12 201
YBR237W 18 325
YBR238C 11 125
YBR239C 31 1579
YBR240C 20 249
YBR241C 39 717
YBR242W 18 344
YBR243C 8 284
YBR244W 1 20
YBR245C 32 1145
YBR246W 18 393
YBR247C 3 9
YBR248C 31 5988
YBR249C 11 146
YBR250W 17 398
YBR251W 11 322
YBR252W 7 37
YBR253W 3 89
YBR254C 6 197
YBR255W 25 862
YBR255C-A 4 173
YBR256C 10 173
YBR257W 12 227
YBR258C 4 62
YBR259W 14 193
YBR260C 31 807
YBR261C 22 515
YBR262C 7 84
YBR263W 13 600
YBR264C 8 155
YBR265W 10 721
YBR267W 15 347
YBR266C 2 65
YBR268W 1 2
YBR269C 8 214
YBR270C 7 76
YBR271W 19 241
YBR272C 7 482
YBR273C 6 118
YBR274W 16 567
YBR275C 47 2453
YBR276C 19 713
YBR277C 9 75
YBR278W 16 216
YBR279W 11 268
YBR280C 28 609
YBR281C 18 674
YBR282W 6 38
YBR283C 20 426
YBR284W 26 948
YBR285W 1 1
YBR286W 44 1199
YBR287W 9 124
YBR288C 22 1703
YBR289W 19 306
YBR290W 7 53
YBR291C 23 918
YBR292C 3 58
YBR293W 10 173
YBR294W 39 1084
YBR295W 44 1420
YBR296C 26 388
YBR296C-A 4 199
YBR297W 18 520
YBR298C 32 1484
YBR298C-A 12 397
YBR299W 6 125
YBR300C 3 125
YBR301W 1 101
YBR302C 0 0
YCL076W 4 327
YCL073C 8 126
YCL069W 1 32
YCL068C 0 0
YCL067C 0 0
YCL066W 0 0
YCL065W 1 1
YCL064C 18 527
YCL063W 12 117
YCL061C 15 220
YCL059C 5 73
YCL058C 9 429
YCL058W-A 6 313
YCL057C-A 7 347
YCL057W 25 842
YCL056C 4 20
YCL055W 3 93
YCL054W 15 672
YCL052C 6 120
YCL051W 11 252
YCL050C 11 266
YCL049C 10 7016
YCL048W-A 1 50
YCL048W 17 412
YCL047C 8 265
YCL045C 28 365
YCL046W 1 10
YCL044C 15 485
YCL043C 30 641
YCL041C 11 113
YCL042W 10 1049
YCL040W 80 6647
YCL039W 41 1233
YCL038C 12 172
YCL037C 13 217
YCL036W 16 735
YCL035C 6 108
YCL034W 28 841
YCL033C 2 23
YCL032W 13 187
YCL031C 9 197
YCL030C 22 585
YCL029C 15 2563
YCL028W 8 153
YCL027W 19 224
YCL026C-B 2 222
YCL026C-A 10 1249
YCL025C 37 2011
YCL023C 10 264
YCL024W 38 715
YCL022C 9 184
YCL021W-A 9 361
YCL018W 13 177
YCL017C 8 79
YCL016C 13 547
YCL014W 42 1085
YCL012C 4 56
YCL011C 24 771
YCL010C 19 679
YCL009C 11 323
YCL008C 27 1059
YCL007C 5 148
YCL005W-A 6 150
YCL005W 13 494
YCL004W 11 537
YCL002C 9 80
YCL001W 5 27
YCL001W-A 0 0
YCL001W-B 10 850
YCR001W 10 145
YCR002C 9 216
YCR003W 9 208
YCR004C 9 706
YCR005C 33 1041
YCR006C 25 454
YCR007C 10 99
YCR008W 25 574
YCR009C 2 305
YCR010C 17 186
YCR011C 55 1392
YCR012W 14 306
YCR013C 8 51
YCR014C 11 261
YCR015C 15 568
YCR016W 5 155
YCR017C 28 3367
YCR018C 11 473
YCR018C-A 4 67
YCR019W 17 552
YCR020C 5 141
YCR020C-A 5 423
YCR020W-B 1 1
YCR021C 32 797
YCR022C 24 946
YCR023C 35 865
YCR024C 18 204
YCR024C-B 13 715
YCR024C-A 1 8
YCR025C 20 1232
YCR026C 31 798
YCR027C 2 18
YCR028C 19 602
YCR028C-A 2 45
YCR030C 18 657
YCR031C 6 74
YCR032W 40 1053
YCR033W 28 1285
YCR034W 2 42
YCR035C 4 112
YCR036W 15 555
YCR037C 13 142
YCR038C 8 91
YCR038W-A 0 0
YCR039C 0 0
YCR040W 0 0
YCR041W 0 0
YCR042C 33 406
YCR043C 13 1382
YCR044C 9 98
YCR045C 10 103
YCR045W-A 2 16
YCR046C 6 145
YCR047C 7 132
YCR047W-A 0 0
YCR049C 13 485
YCR048W 33 1967
YCR050C 3 276
YCR051W 11 409
YCR052W 12 154
YCR053W 8 196
YCR054C 12 234
YCR057C 28 663
YCR059C 17 272
YCR060W 9 122
YCR061W 40 971
YCR064C 10 1241
YCR063W 15 1002
YCR065W 33 1315
YCR066W 10 501
YCR067C 25 316
YCR068W 24 994
YCR069W 16 447
YCR071C 5 428
YCR072C 16 130
YCR073C 41 1735
YCR073W-A 16 931
YCR075C 8 83
YCR075W-A 0 0
YCR076C 13 309
YCR077C 25 407
YCR079W 21 652
YCR081W 29 581
YCR081C-A 4 41
YCR082W 7 130
YCR083W 7 93
YCR084C 18 441
YCR085W 2 14
YCR086W 11 158
YCR087W 9 127
YCR087C-A 6 95
YCR088W 19 749
YCR089W 26 10083
YCR090C 7 55
YCR091W 36 4272
YCR092C 24 489
YCR093W 38 639
YCR094W 8 94
YCR095C 3 94
YCR095W-A 2 12
YCR096C 0 0
YCR097W 1 8
YCR097W-A 0 0
YCR098C 15 253
YCR099C 1 5
YCR100C 16 434
YCR101C 3 293
YCR102C 25 882
YCR102W-A 0 0
YCR104W 2 42
YCR105W 21 1271
YCR106W 28 978
YCR107W 11 157
YCR108C 9 579
YDL248W 2 127
YDL247W-A 0 0
YDL247W 0 0
YDL246C 0 0
YDL245C 1 3
YDL244W 9 436
YDL243C 14 201
YDL242W 22 838
YDL241W 2 86
YDL240C-A 18 13917
YDL240W 23 666
YDL239C 12 252
YDL238C 25 1168
YDL237W 12 159
YDL236W 9 3296
YDL235C 1 2
YDL234C 19 237
YDL233W 9 346
YDL232W 3 56
YDL231C 65 2813
YDL230W 20 268
YDL229W 15 2601
YDL228C 5 43
YDL227C 8 822
YDL226C 11 111
YDL225W 14 216
YDL224C 11 164
YDL223C 35 569
YDL222C 34 1096
YDL221W 36 1144
YDL220C 57 1874
YDL219W 0 0
YDL218W 11 121
YDL217C 4 63
YDL216C 15 840
YDL215C 56 10014
YDL214C 36 642
YDL213C 13 197
YDL212W 3 6
YDL211C 9 71
YDL210W 9 134
YDL209C 11 378
YDL208W 2 7
YDL207W 6 61
YDL206W 17 320
YDL205C 14 432
YDL204W 23 203
YDL203C 7 97
YDL202W 3 396
YDL201W 8 248
YDL200C 9 62
YDL199C 9 119
YDL198C 15 287
YDL197C 21 462
YDL196W 13 211
YDL195W 9 282
YDL194W 15 484
YDL193W 8 165
YDL192W 6 126
YDL191W 1 2
YDL190C 19 340
YDL189W 8 105
YDL188C 16 1705
YDL187C 2 18
YDL186W 5 202
YDL185C-A 1 21
YDL185W 26 425
YDL184C 1 56
YDL183C 10 298
YDL182W 23 342
YDL181W 6 340
YDL180W 14 531
YDL179W 5 27
YDL178W 22 520
YDL177C 8 45
YDL176W 13 588
YDL175C 13 191
YDL174C 35 687
YDL173W 10 141
YDL172C 1 19
YDL171C 76 1920
YDL170W 24 325
YDL169C 12 220
YDL168W 15 602
YDL167C 12 313
YDL166C 4 36
YDL165W 5 118
YDL164C 24 883
YDL163W 3 17
YDL162C 9 266
YDL161W 16 231
YDL160C-A 5 73
YDL160C 13 112
YDL159W-A 4 50
YDL159W 20 486
YDL159C-B 2 20
YDL158C 5 105
YDL157C 3 2747
YDL156W 31 1235
YDL155W 16 606
YDL154W 34 723
YDL153C 6 74
YDL152W 1 30
YDL151C 4 59
YDL150W 11 406
YDL149W 13 778
YDL148C 19 378
YDL147W 2 84
YDL146W 6 196
YDL145C 30 455
YDL144C 18 586
YDL143W 12 130
YDL142C 19 2008
YDL141W 19 460
YDL140C 49 876
YDL139C 4 39
YDL138W 37 914
YDL137W 23 4027
YDL136W 3 15
YDL135C 10 348
YDL134C 14 303
YDL133C-A 0 0
YDL133W 13 582
YDL132W 20 418
YDL131W 27 1903
YDL130W-A 4 24
YDL130W 6 909
YDL129W 7 168
YDL128W 20 328
YDL127W 28 659
YDL126C 26 861
YDL125C 15 1180
YDL124W 14 254
YDL123W 5 60
YDL122W 24 334
YDL121C 8 2757
YDL120W 6 78
YDL119C 15 414
YDL118W 5 134
YDL117W 28 795
YDL116W 8 258
YDL115C 12 316
YDL114W-A 2 133
YDL114W 4 158
YDL113C 19 286
YDL112W 37 697
YDL111C 18 1297
YDL110C 11 250
YDL109C 23 357
YDL108W 13 309
YDL107W 14 179
YDL106C 20 761
YDL105W 11 138
YDL104C 20 568
YDL103C 3 35
YDL102W 18 217
YDL101C 13 173
YDL100C 13 182
YDL099W 7 286
YDL098C 9 81
YDL097C 14 290
YDL096C 4 211
YDL095W 25 621
YDL094C 17 1215
YDL093W 19 2557
YDL092W 5 125
YDL091C 13 453
YDL090C 8 147
YDL089W 16 2053
YDL088C 10 199
YDL087C 5 145
YDL086W 26 1678
YDL086C-A 25 1674
YDL085C-A 2 17
YDL085W 37 607
YDL084W 5 63
YDL083C 3 9
YDL082W 5 212
YDL081C 0 0
YDL080C 21 925
YDL079C 31 637
YDL078C 12 221
YDL077C 21 360
YDL076C 8 141
YDL075W 1 1
YDL074C 10 487
YDL073W 12 114
YDL072C 9 120
YDL071C 7 69
YDL070W 9 611
YDL069C 6 114
YDL068W 3 7
YDL067C 3 90
YDL066W 23 484
YDL065C 9 222
YDL064W 10 693
YDL063C 14 216
YDL062W 5 51
YDL061C 1 1
YDL060W 21 369
YDL059C 6 81
YDL058W 32 816
YDL057W 10 223
YDL056W 29 685
YDL055C 13 131
YDL054C 24 1804
YDL053C 5 54
YDL052C 21 272
YDL051W 9 495
YDL050C 6 476
YDL049C 18 991
YDL048C 34 2007
YDL047W 20 695
YDL046W 4 165
YDL045W-A 3 52
YDL045C 3 83
YDL044C 4 106
YDL043C 9 94
YDL042C 33 1668
YDL041W 12 282
YDL040C 20 494
YDL039C 21 751
YDL037C 2 66
YDL036C 21 675
YDL035C 18 530
YDL034W 4 39
YDL033C 13 118
YDL032W 2 6
YDL031W 13 375
YDL030W 10 165
YDL029W 8 79
YDL028C 12 274
YDL027C 7 222
YDL026W 5 57
YDL025C 9 235
YDL025W-A 0 0
YDL024C 14 668
YDL022C-A 3 202
YDL023C 6 44
YDL022W 24 437
YDL021W 10 68
YDL020C 9 77
YDL019C 49 934
YDL018C 8 95
YDL017W 14 473
YDL016C 2 161
YDL015C 4 21
YDL014W 13 146
YDL013W 10 200
YDL012C 4 25
YDL011C 3 32
YDL010W 5 100
YDL009C 3 7
YDL008W 7 116
YDL007C-A 6 32
YDL007W 13 120
YDL006W 8 127
YDL005C 8 210
YDL004W 1 1
YDL003W 14 530
YDL002C 4 59
YDL001W 39 10384
YDR001C 63 2702
YDR002W 5 187
YDR003W 17 377
YDR003W-A 3 36
YDR004W 15 570
YDR005C 11 5110
YDR006C 18 652
YDR007W 11 552
YDR008C 12 267
YDR009W 26 1111
YDR010C 32 4207
YDR011W 74 1802
YDR012W 1 6
YDR013W 2 17
YDR014W 10 266
YDR014W-A 8 143
YDR015C 3 7
YDR016C 3 15
YDR017C 32 1564
YDR018C 20 299
YDR019C 16 289
YDR020C 20 878
YDR021W 5 24
YDR022C 7 133
YDR023W 6 18
YDR024W 4 59
YDR025W 3 40
YDR026C 19 155
YDR027C 18 310
YDR028C 23 567
YDR029W 2 2
YDR030C 27 1002
YDR031W 2 6
YDR032C 11 72
YDR033W 12 154
YDR034C 20 490
YDR034C-A 0 0
YDR034W-B 0 0
YDR035W 12 171
YDR036C 8 65
YDR037W 21 422
YDR038C 1 1
YDR039C 0 0
YDR040C 4 28
YDR041W 8 293
YDR042C 1 2
YDR043C 12 305
YDR044W 9 611
YDR045C 7 94
YDR046C 25 1307
YDR047W 9 585
YDR048C 7 790
YDR049W 11 210
YDR050C 8 152
YDR051C 17 318
YDR052C 8 78
YDR053W 0 0
YDR054C 7 219
YDR055W 15 243
YDR056C 4 18
YDR057W 17 552
YDR058C 5 138
YDR059C 9 148
YDR060W 15 286
YDR061W 19 520
YDR062W 11 130
YDR063W 6 134
YDR064W 6 133
YDR065W 10 298
YDR066C 10 812
YDR067C 14 485
YDR068W 4 31
YDR069C 24 513
YDR070C 6 102
YDR071C 14 267
YDR072C 29 1033
YDR073W 9 112
YDR074W 43 565
YDR075W 8 1431
YDR076W 43 1761
YDR077W 18 460
YDR078C 9 210
YDR079W 6 486
YDR079C-A 4 101
YDR080W 24 453
YDR081C 9 167
YDR082W 15 247
YDR083W 10 157
YDR084C 6 18
YDR085C 13 178
YDR086C 0 0
YDR087C 2 8
YDR088C 8 180
YDR089W 34 634
YDR090C 8 188
YDR091C 20 294
YDR092W 3 207
YDR093W 107 17985
YDR094W 21 6197
YDR095C 33 6591
YDR096W 23 847
YDR097C 24 281
YDR098C 17 167
YDR099W 20 207
YDR100W 11 674
YDR101C 9 95
YDR102C 6 439
YDR103W 9 274
YDR104C 48 1186
YDR105C 6 152
YDR106W 11 254
YDR107C 17 250
YDR108W 19 566
YDR109C 18 3454
YDR110W 14 624
YDR111C 14 499
YDR112W 3 73
YDR113C 6 187
YDR114C 8 218
YDR115W 1 57
YDR116C 8 159
YDR117C 19 405
YDR118W 10 238
YDR118W-A 1 2
YDR119W 29 1680
YDR119W-A 12 2605
YDR120C 21 582
YDR121W 2 22
YDR122W 17 236
YDR123C 10 152
YDR124W 11 338
YDR125C 9 324
YDR126W 24 1197
YDR127W 48 1014
YDR128W 36 817
YDR129C 16 268
YDR130C 9 121
YDR131C 19 399
YDR132C 17 644
YDR133C 1 3
YDR135C 38 866
YDR136C 30 1055
YDR137W 23 532
YDR138W 16 184
YDR139C 0 0
YDR140W 4 169
YDR141C 17 334
YDR142C 17 316
YDR143C 11 521
YDR144C 15 390
YDR145W 5 21
YDR146C 14 587
YDR147W 21 873
YDR148C 7 46
YDR149C 5 39
YDR150W 64 1563
YDR151C 8 2066
YDR152W 9 96
YDR153C 9 114
YDR154C 5 445
YDR155C 10 272
YDR156W 10 291
YDR157W 17 376
YDR158W 6 40
YDR159W 22 362
YDR160W 18 331
YDR161W 2 123
YDR162C 4 24
YDR163W 7 1233
YDR164C 13 322
YDR165W 5 27
YDR166C 31 1074
YDR167W 3 385
YDR168W 6 99
YDR169C 3 72
YDR169C-A 3 23
YDR170C 40 530
YDR171W 10 228
YDR172W 36 1307
YDR173C 5 81
YDR174W 11 472
YDR175C 10 137
YDR176W 24 389
YDR177W 18 1587
YDR178W 11 800
YDR179C 4 34
YDR179W-A 11 113
YDR180W 31 1523
YDR181C 7 243
YDR182W 17 276
YDR182W-A 1 10
YDR183W 11 208
YDR183C-A 4 93
YDR184C 7 199
YDR185C 11 170
YDR186C 28 1035
YDR187C 17 366
YDR188W 29 497
YDR189W 17 357
YDR190C 11 240
YDR191W 20 405
YDR192C 8 203
YDR193W 2 94
YDR194C 8 69
YDR194W-A 3 33
YDR195W 10 150
YDR196C 4 123
YDR197W 12 244
YDR198C 15 575
YDR199W 4 52
YDR200C 18 339
YDR201W 7 32
YDR202C 7 238
YDR203W 0 0
YDR204W 15 117
YDR205W 26 776
YDR206W 19 144
YDR207C 32 453
YDR208W 31 705
YDR209C 2 2
YDR210W 0 0
YDR211W 19 686
YDR212W 14 305
YDR213W 17 320
YDR214W 35 788
YDR215C 43 3767
YDR216W 36 754
YDR217C 36 1511
YDR218C 11 171
YDR219C 8 136
YDR220C 10 6866
YDR221W 31 1058
YDR222W 8 122
YDR223W 15 373
YDR224C 0 0
YDR225W 6 34
YDR226W 7 241
YDR227W 13 199
YDR228C 6 106
YDR229W 10 368
YDR230W 8 49
YDR231C 19 387
YDR232W 25 132
YDR233C 11 194
YDR234W 39 1012
YDR235W 2 120
YDR236C 8 67
YDR237W 9 71
YDR238C 28 1862
YDR239C 19 445
YDR240C 10 288
YDR241W 10 202
YDR242W 21 1712
YDR243C 12 416
YDR244W 24 459
YDR245W 5 33
YDR246W 20 449
YDR246W-A 18 1794
YDR247W 14 228
YDR248C 5 107
YDR249C 13 370
YDR250C 13 423
YDR251W 23 499
YDR252W 1 17
YDR253C 7 228
YDR254W 19 409
YDR255C 15 174
YDR256C 30 1637
YDR257C 11 179
YDR258C 31 668
YDR259C 13 198
YDR260C 39 13662
YDR261C 19 586
YDR262W 5 41
YDR263C 14 388
YDR264C 31 915
YDR265W 5 31
YDR266C 26 374
YDR267C 11 241
YDR268W 13 362
YDR269C 3 91
YDR270W 29 545
YDR271C 7 21
YDR272W 8 63
YDR273W 5 17
YDR274C 36 13920
YDR275W 20 301
YDR276C 5 275
YDR277C 27 1364
YDR278C 9 162
YDR279W 7 122
YDR280W 9 91
YDR281C 1 11
YDR282C 11 222
YDR283C 57 1083
YDR284C 8 329
YDR285W 16 298
YDR286C 2 23
YDR287W 4 40
YDR288W 8 84
YDR289C 12 223
YDR290W 6 329
YDR291W 37 3148
YDR292C 18 751
YDR293C 42 701
YDR294C 24 680
YDR295C 7 104
YDR296W 9 114
YDR297W 12 365
YDR298C 6 26
YDR299W 16 251
YDR300C 17 1128
YDR301W 30 478
YDR302W 6 82
YDR303C 25 505
YDR304C 17 415
YDR305C 17 742
YDR306C 16 307
YDR307W 22 728
YDR308C 3 13
YDR309C 10 299
YDR310C 24 312
YDR311W 21 326
YDR312W 12 175
YDR313C 13 172
YDR314C 16 243
YDR315C 7 155
YDR316W 10 206
YDR317W 7 198
YDR318W 17 343
YDR319C 6 196
YDR320C 21 596
YDR320C-A 1 157
YDR320W-B 3 36
YDR321W 4 16
YDR322W 12 266
YDR322C-A 2 21
YDR323C 17 307
YDR324C 13 90
YDR325W 22 351
YDR326C 45 740
YDR327W 4 59
YDR328C 10 133
YDR329C 15 317
YDR330W 23 332
YDR331W 7 92
YDR332W 11 446
YDR333C 26 638
YDR334W 38 1124
YDR335W 24 522
YDR336W 15 803
YDR337W 5 135
YDR338C 14 453
YDR339C 2 102
YDR340W 5 28
YDR341C 15 250
YDR342C 4 20
YDR343C 3 646
YDR344C 19 681
YDR345C 38 1726
YDR346C 20 1267
YDR347W 8 95
YDR348C 25 888
YDR349C 17 358
YDR350C 6 214
YDR351W 16 172
YDR352W 8 163
YDR353W 19 1848
YDR354W 12 557
YDR354C-A 1 1
YDR355C 1 3
YDR356W 11 113
YDR357C 7 168
YDR358W 17 511
YDR359C 13 246
YDR360W 1 7
YDR361C 10 642
YDR362C 18 194
YDR363W 13 87
YDR363W-A 1 33
YDR364C 13 281
YDR365C 15 245
YDR366C 8 112
YDR367W 9 413
YDR368W 9 296
YDR369C 20 540
YDR370C 17 2381
YDR371W 20 240
YDR371C-A 1 3
YDR372C 6 64
YDR373W 6 151
YDR374C 15 168
YDR374W-A 1 1
YDR375C 17 304
YDR376W 45 965
YDR377W 8 138
YDR378C 4 36
YDR379W 38 20603
YDR379C-A 3 124
YDR380W 29 1168
YDR381W 15 571
YDR381C-A 0 0
YDR382W 3 10
YDR383C 10 108
YDR384C 15 455
YDR385W 5 50
YDR386W 21 695
YDR387C 16 431
YDR388W 15 299
YDR389W 18 219
YDR390C 16 583
YDR391C 10 176
YDR392W 9 159
YDR393W 18 524
YDR394W 15 418
YDR395W 24 407
YDR396W 12 134
YDR397C 14 136
YDR398W 8 66
YDR399W 15 661
YDR400W 16 1430
YDR401W 8 176
YDR402C 19 385
YDR403W 17 422
YDR404C 6 89
YDR405W 21 438
YDR406W 91 67796
YDR406W-A 1 13
YDR407C 34 1180
YDR408C 9 210
YDR409W 21 428
YDR410C 21 549
YDR411C 17 172
YDR412W 1 1
YDR413C 0 0
YDR414C 23 392
YDR415C 22 226
YDR416W 22 240
YDR417C 3 94
YDR418W 3 94
YDR419W 33 635
YDR420W 30 475
YDR421W 29 744
YDR422C 28 890
YDR423C 28 602
YDR424C 6 264
YDR425W 23 551
YDR426C 14 598
YDR427W 9 189
YDR428C 12 306
YDR429C 3 31
YDR430C 44 1005
YDR431W 5 45
YDR432W 22 421
YDR433W 10 179
YDR434W 14 360
YDR435C 12 482
YDR436W 27 603
YDR437W 10 833
YDR438W 11 163
YDR439W 3 68
YDR440W 24 217
YDR441C 3 19
YDR442W 7 447
YDR443C 44 929
YDR444W 23 361
YDR445C 22 870
YDR446W 10 133
YDR447C 13 131
YDR448W 11 108
YDR449C 12 229
YDR450W 4 243
YDR451C 9 243
YDR452W 35 660
YDR453C 19 1264
YDR454C 1 40
YDR455C 9 423
YDR456W 20 435
YDR457W 90 20042
YDR458C 14 436
YDR459C 22 564
YDR460W 9 217
YDR461W 2 21
YDR461C-A 5 14
YDR462W 6 385
YDR463W 31 1145
YDR464W 15 154
YDR464C-A 0 0
YDR465C 10 161
YDR466W 20 513
YDR467C 3 78
YDR468C 4 99
YDR469W 5 79
YDR470C 10 77
YDR471W 3 73
YDR472W 12 390
YDR473C 12 95
YDR475C 33 502
YDR476C 36 1491
YDR477W 19 214
YDR478W 13 478
YDR479C 28 5736
YDR480W 18 283
YDR481C 26 651
YDR482C 24 555
YDR483W 13 391
YDR484W 11 156
YDR485C 9 180
YDR486C 12 184
YDR487C 8 88
YDR488C 36 852
YDR489W 8 47
YDR490C 41 3075
YDR491C 24 1286
YDR492W 8 152
YDR493W 4 53
YDR494W 11 461
YDR495C 17 214
YDR496C 26 876
YDR497C 42 2064
YDR498C 4 115
YDR499W 9 186
YDR500C 9 65
YDR501W 4 33
YDR502C 21 670
YDR503C 9 217
YDR504C 3 17
YDR505C 15 260
YDR506C 42 12174
YDR507C 40 847
YDR508C 34 1587
YDR509W 7 90
YDR510W 6 87
YDR510C-A 3 12
YDR511W 5 118
YDR512C 30 692
YDR513W 6 282
YDR514C 15 71
YDR515W 2 53
YDR516C 28 467
YDR517W 28 846
YDR518W 23 402
YDR519W 3 4
YDR520C 10 207
YDR521W 4 31
YDR522C 11 387
YDR523C 21 617
YDR524C 16 778
YDR524W-C 1 2
YDR524C-B 5 129
YDR524C-A 6 32
YDR525W 19 406
YDR525W-A 12 1028
YDR526C 11 471
YDR527W 28 4099
YDR528W 13 441
YDR529C 7 221
YDR530C 28 669
YDR531W 19 465
YDR532C 1 13
YDR533C 7 166
YDR534C 9 114
YDR535C 31 2014
YDR536W 23 1350
YDR537C 5 201
YDR538W 6 209
YDR539W 17 223
YDR540C 2 5
YDR541C 15 126
YDR542W 2 85
YDR543C 5 128
YDR544C 6 1048
YDR545W 0 0
YDR545C-A 0 0
YEL077C 12 187
YEL077W-A 0 0
YEL076C-A 0 0
YEL076C 0 0
YEL075W-A 0 0
YEL075C 0 0
YEL074W 6 82
YEL073C 3 62
YEL072W 21 635
YEL071W 21 563
YEL070W 10 395
YEL069C 23 514
YEL068C 3 69
YEL067C 28 3201
YEL066W 18 2519
YEL065W 40 1735
YEL064C 26 2737
YEL063C 18 753
YEL062W 22 435
YEL061C 20 491
YEL060C 31 526
YEL059C-A 3 187
YEL059W 22 2295
YEL058W 16 190
YEL057C 10 409
YEL056W 21 431
YEL055C 19 441
YEL054C 4 34
YEL053W-A 3 33
YEL053C 10 78
YEL052W 7 162
YEL051W 4 112
YEL050W-A 5 35
YEL050C 14 197
YEL049W 2 135
YEL048C 0 0
YEL047C 15 629
YEL046C 16 257
YEL045C 26 1895
YEL044W 6 240
YEL043W 25 1305
YEL042W 17 1233
YEL041W 24 446
YEL040W 33 645
YEL039C 8 47
YEL038W 20 414
YEL037C 13 247
YEL036C 19 1060
YEL035C 33 12260
YEL034C-A 20 338
YEL034W 15 268
YEL033W 28 1543
YEL032W 42 1098
YEL032C-A 1 14
YEL031W 31 515
YEL030C-A 0 0
YEL030W 7 65
YEL029C 2 3
YEL028W 4 142
YEL027W 2 5
YEL026W 2 57
YEL025C 33 520
YEL024W 12 675
YEL023C 20 4858
YEL022W 33 668
YEL021W 43 1193
YEL020C-B 3 7
YEL020W-A 4 8
YEL020C 32 890
YEL019C 7 1750
YEL018C-A 12 113
YEL018W 17 211
YEL017C-A 2 12
YEL017W 11 144
YEL016C 19 335
YEL015W 21 544
YEL014C 1 1
YEL013W 8 137
YEL012W 20 463
YEL011W 49 17343
YEL010W 6 29
YEL009C-A 9 255
YEL009C 16 813
YEL008W 41 30629
YEL008C-A 10 1214
YEL007W 14 163
YEL006W 20 1929
YEL005C 16 2560
YEL004W 22 412
YEL003W 7 163
YEL002C 31 2582
YEL001C 24 1472
YER001W 47 1203
YER002W 1 1
YER003C 18 530
YER004W 22 528
YER005W 38 8716
YER006W 18 333
YER006C-A 4 46
YER007W 11 137
YER007C-A 8 544
YER008C 18 203
YER009W 4 86
YER010C 18 587
YER011W 5 141
YER012W 2 2
YER013W 17 199
YER014W 7 117
YER014C-A 19 675
YER015W 20 667
YER016W 7 85
YER017C 32 720
YER018C 20 279
YER019W 45 1471
YER019C-A 2 15
YER020W 18 343
YER021W 7 83
YER022W 20 409
YER023W 10 855
YER023C-A 5 320
YER024W 48 29423
YER025W 2 9
YER026C 8 54
YER027C 14 130
YER028C 22 785
YER029C 3 479
YER030W 1 9
YER031C 5 55
YER032W 18 190
YER033C 21 214
YER034W 15 500
YER035W 17 205
YER036C 23 1196
YER037W 14 572
YER038C 11 191
YER038W-A 3 20
YER039C 15 318
YER039C-A 5 304
YER040W 19 501
YER041W 17 321
YER042W 14 367
YER043C 17 111
YER044C 5 270
YER044C-A 25 603
YER045C 8 80
YER046W 5 237
YER046W-A 5 26
YER047C 22 256
YER048C 7 141
YER048W-A 4 174
YER049W 23 265
YER050C 7 74
YER051W 20 320
YER052C 11 85
YER053C 14 412
YER053C-A 1 11
YER054C 32 1189
YER055C 17 202
YER056C 25 674
YER056C-A 5 15
YER057C 6 51
YER058W 8 91
YER059W 5 217
YER060W 21 462
YER060W-A 17 346
YER061C 15 293
YER062C 11 154
YER063W 9 111
YER064C 8 77
YER065C 46 1170
YER066W 13 338
YER066C-A 7 273
YER067W 9 30
YER067C-A 7 26
YER068W 19 646
YER068C-A 20 825
YER069W 41 2057
YER070W 29 694
YER071C 3 42
YER072W 8 237
YER073W 18 145
YER074W 3 248
YER074W-A 2 11
YER075C 26 694
YER076C 6 131
YER076W-A 3 144
YER077C 17 165
YER078C 32 1246
YER078W-A 5 76
YER079W 14 2521
YER079C-A 7 288
YER080W 20 884
YER081W 35 1259
YER082C 6 90
YER083C 6 37
YER084W 17 432
YER084W-A 2 13
YER085C 2 13
YER086W 20 413
YER087W 24 583
YER087C-A 7 245
YER087C-B 1 13
YER088C 53 2274
YER088C-A 23 1391
YER088W-B 5 102
YER089C 34 2412
YER090W 13 171
YER090C-A 0 0
YER091C 20 455
YER091C-A 16 401
YER092W 11 416
YER093C 19 431
YER093C-A 10 83
YER094C 6 72
YER095W 12 254
YER096W 16 410
YER097W 8 298
YER098W 21 386
YER099C 10 74
YER100W 4 105
YER101C 16 1462
YER102W 8 66
YER103W 14 318
YER104W 7 142
YER105C 30 4346
YER106W 6 65
YER107C 9 115
YER107W-A 3 74
YER109C 8 137
YER110C 14 251
YER111C 21 556
YER112W 0 0
YER113C 26 530
YER114C 38 1270
YER115C 7 105
YER116C 13 355
YER117W 0 0
YER118C 18 258
YER119C 34 2032
YER119C-A 11 146
YER120W 8 191
YER121W 12 982
YER122C 6 40
YER123W 12 572
YER124C 4 24
YER125W 30 622
YER126C 8 99
YER127W 4 13
YER128W 6 87
YER129W 48 1107
YER130C 22 1024
YER131W 2 8
YER132C 68 1650
YER133W 6 34
YER133W-A 2 47
YER134C 7 222
YER135C 4 278
YER136W 16 168
YER137C 9 180
YER137W-A 4 111
YER138W-A 0 0
YER139C 4 41
YER140W 20 210
YER141W 7 88
YER142C 14 313
YER143W 13 883
YER144C 38 3144
YER145C 61 10263
YER145C-A 12 315
YER146W 7 195
YER147C 49 2041
YER147C-A 3 138
YER148W 5 162
YER148W-A 9 114
YER149C 13 231
YER150W 7 32
YER151C 18 668
YER152C 30 837
YER152W-A 9 161
YER153C 24 401
YER154W 19 251
YER155C 55 10554
YER156C 6 16
YER157W 15 1131
YER158C 13 375
YER158W-A 4 27
YER159C 7 113
YER161C 7 204
YER162C 10 77
YER163C 17 226
YER164W 27 1061
YER165W 4 107
YER165C-A 3 152
YER166W 60 1726
YER167W 25 1770
YER168C 20 514
YER169W 39 860
YER170W 8 158
YER171W 20 546
YER172C 37 1111
YER172C-A 3 37
YER173W 15 172
YER174C 10 362
YER175C 26 513
YER175W-A 0 0
YER176W 68 6045
YER177W 13 158
YER178W 20 741
YER179W 17 326
YER180C 4 209
YER180C-A 5 60
YER181C 2 30
YER182W 4 2366
YER183C 16 703
YER184C 13 396
YER185W 10 283
YER186C 15 546
YER187W 9 119
YER188W 6 120
YER188C-A 10 740
YER189W 0 0
YER190W 1 32
YER190C-A 0 0
YER190C-B 0 0
YFL068W 0 0
YFL067W 0 0
YFL066C 0 0
YFL065C 0 0
YFL064C 0 0
YFL063W 9 575
YFL062W 5 27
YFL061W 0 0
YFL060C 1 2
YFL059W 4 110
YFL058W 1 7
YFL057C 0 0
YFL056C 4 27
YFL055W 22 590
YFL054C 25 2241
YFL053W 21 588
YFL052W 19 679
YFL051C 4 198
YFL050C 18 303
YFL049W 8 258
YFL048C 15 412
YFL047W 19 888
YFL046W 13 272
YFL045C 2 35
YFL044C 9 259
YFL042C 33 1035
YFL041W-A 2 61
YFL041W 23 565
YFL040W 26 1526
YFL039C 9 86
YFL038C 15 369
YFL037W 18 923
YFL036W 23 1026
YFL034C-B 6 121
YFL034C-A 9 337
YFL034W 24 772
YFL033C 54 2268
YFL032W 8 53
YFL031W 14 295
YFL031C-A 0 0
YFL030W 26 996
YFL029C 6 52
YFL028C 14 612
YFL027C 7 186
YFL026W 8 194
YFL025C 22 579
YFL024C 38 879
YFL023W 21 1630
YFL022C 11 385
YFL021C-A 39 837
YFL021W 27 446
YFL020C 1 1
YFL019C 0 0
YFL018C 10 184
YFL017W-A 3 12
YFL017C 7 164
YFL016C 27 473
YFL015W-A 8 257
YFL015C 22 649
YFL014W 9 920
YFL013W-A 24 386
YFL013C 26 407
YFL012W-A 16 513
YFL012W 2 55
YFL011W 9 184
YFL010W-A 1 4
YFL010C 4 23
YFL009W 14 522
YFL008W 15 564
YFL007W 50 1001
YFL005W 5 15
YFL004W 22 476
YFL003C 51 1692
YFL002C 25 800
YFL001W 39 1386
YFR001W 3 159
YFR002W 21 575
YFR003C 11 375
YFR004W 5 95
YFR005C 19 573
YFR006W 26 1533
YFR007W 21 2104
YFR008W 4 151
YFR009W 26 1669
YFR009W-A 0 0
YFR010W 26 841
YFR010W-A 2 14
YFR011C 9 196
YFR012W 5 213
YFR012W-A 1 20
YFR013W 26 392
YFR014C 21 2209
YFR015C 33 2251
YFR016C 50 1188
YFR017C 42 1466
YFR018C 56 3071
YFR019W 48 1534
YFR020W 5 54
YFR021W 23 355
YFR022W 27 697
YFR023W 11 209
YFR024C-A 20 423
YFR025C 23 1055
YFR026C 6 101
YFR027W 5 26
YFR028C 10 119
YFR029W 29 531
YFR030W 21 926
YFR031C 22 703
YFR031C-A 4 39
YFR032C 6 64
YFR032C-A 3 53
YFR032C-B 7 337
YFR033C 19 988
YFR034C 49 9818
YFR034W-A 15 4291
YFR035C 14 4375
YFR036W 9 197
YFR036W-A 7 203
YFR037C 12 560
YFR038W 14 985
YFR039C 9 131
YFR040W 25 735
YFR041C 10 184
YFR042W 4 25
YFR043C 9 255
YFR044C 23 736
YFR045W 8 214
YFR046C 15 291
YFR047C 7 744
YFR048W 39 1883
YFR049W 3 13
YFR050C 10 258
YFR051C 24 307
YFR052W 8 61
YFR052C-A 8 113
YFR053C 36 995
YFR054C 3 6
YFR056C 11 426
YFR055W 15 683
YFR057W 1 3
YGL263W 16 644
YGL262W 4 79
YGL261C 1 7
YGL260W 2 4
YGL259W 2 122
YGL258W-A 0 0
YGL258W 2 112
YGL257C 20 309
YGL256W 13 443
YGL255W 19 640
YGL254W 26 1198
YGL253W 19 456
YGL252C 21 752
YGL251C 37 587
YGL250W 6 850
YGL249W 36 1570
YGL248W 15 448
YGL247W 3 29
YGL246C 16 402
YGL245W 24 598
YGL244W 10 127
YGL243W 6 352
YGL242C 9 76
YGL241W 25 717
YGL240W 6 131
YGL239C 4 297
YGL238W 22 871
YGL237C 9 168
YGL236C 30 644
YGL235W 8 87
YGL234W 31 1399
YGL233W 8 287
YGL232W 9 280
YGL231C 6 50
YGL230C 0 0
YGL229C 21 387
YGL228W 17 202
YGL227W 31 1297
YGL226C-A 4 232
YGL226W 6 288
YGL225W 16 194
YGL224C 15 111
YGL223C 11 209
YGL222C 3 26
YGL221C 7 215
YGL220W 3 176
YGL219C 19 705
YGL218W 10 563
YGL217C 7 40
YGL216W 43 1725
YGL215W 6 92
YGL214W 6 60
YGL213C 15 250
YGL212W 12 108
YGL211W 10 100
YGL210W 8 119
YGL209W 15 157
YGL208W 44 2191
YGL207W 23 710
YGL206C 46 1281
YGL205W 34 631
YGL204C 4 53
YGL203C 31 1130
YGL202W 21 518
YGL201C 39 985
YGL200C 8 34
YGL199C 4 26
YGL198W 9 32
YGL197W 28 463
YGL196W 10 128
YGL195W 74 1184
YGL194C-A 2 55
YGL194C 15 265
YGL193C 9 200
YGL192W 23 250
YGL191W 14 1042
YGL190C 26 498
YGL189C 6 109
YGL188C-A 1 24
YGL188C 7 880
YGL187C 25 484
YGL186C 23 411
YGL185C 26 747
YGL184C 18 170
YGL183C 10 147
YGL182C 6 76
YGL181W 18 223
YGL180W 27 619
YGL179C 17 109
YGL178W 70 2891
YGL177W 27 476
YGL176C 13 240
YGL175C 6 148
YGL174W 11 124
YGL173C 34 585
YGL172W 10 254
YGL171W 14 295
YGL170C 4 60
YGL169W 21 973
YGL168W 5 18
YGL167C 17 320
YGL166W 20 603
YGL165C 32 2840
YGL164C 12 257
YGL163C 36 728
YGL162W 16 290
YGL161C 14 469
YGL160W 22 495
YGL159W 7 280
YGL158W 24 875
YGL157W 12 2945
YGL156W 43 1353
YGL155W 13 371
YGL154C 4 293
YGL153W 9 184
YGL152C 15 534
YGL151W 18 513
YGL150C 26 681
YGL149W 17 505
YGL148W 22 1185
YGL147C 9 70
YGL146C 22 410
YGL145W 20 389
YGL144C 20 384
YGL143C 6 130
YGL142C 4 59
YGL141W 33 768
YGL140C 24 579
YGL139W 19 540
YGL138C 6 127
YGL137W 24 1171
YGL136C 11 277
YGL135W 10 113
YGL134W 18 221
YGL133W 38 3958
YGL132W 2 149
YGL131C 37 4279
YGL130W 5 53
YGL129C 5 60
YGL128C 4 17
YGL127C 8 91
YGL126W 92 38830
YGL125W 59 3251
YGL124C 13 411
YGL123W 10 387
YGL123C-A 1 311
YGL122C 13 255
YGL121C 6 66
YGL120C 23 732
YGL119W 11 209
YGL118C 15 1596
YGL117W 25 712
YGL116W 33 511
YGL115W 17 312
YGL114W 23 876
YGL113W 7 40
YGL112C 3 6
YGL111W 8 190
YGL110C 23 344
YGL109W 8 263
YGL108C 5 28
YGL107C 15 167
YGL106W 2 3
YGL105W 13 389
YGL104C 13 73
YGL103W 8 145
YGL102C 6 119
YGL101W 5 52
YGL100W 5 58
YGL099W 10 249
YGL098W 4 45
YGL097W 22 454
YGL096W 10 485
YGL095C 19 238
YGL094C 37 999
YGL093W 25 566
YGL092W 17 342
YGL091C 22 693
YGL090W 3 123
YGL089C 1 108
YGL088W 10 351
YGL087C 9 1014
YGL086W 30 1160
YGL085W 11 636
YGL084C 14 252
YGL083W 20 351
YGL082W 22 430
YGL081W 7 206
YGL080W 6 86
YGL079W 6 216
YGL078C 14 581
YGL077C 21 183
YGL076C 3 157
YGL075C 11 86
YGL074C 9 92
YGL073W 53 744
YGL072C 16 598
YGL071W 27 683
YGL070C 7 173
YGL069C 3 112
YGL068W 3 112
YGL067W 8 132
YGL066W 21 359
YGL065C 13 537
YGL064C 18 445
YGL063W 86 19389
YGL063C-A 13 11426
YGL062W 59 2361
YGL061C 9 195
YGL060W 10 97
YGL059W 11 125
YGL058W 7 70
YGL057C 7 188
YGL056C 19 1517
YGL055W 42 1462
YGL054C 5 40
YGL053W 2 10
YGL052W 3 31
YGL051W 9 187
YGL050W 13 203
YGL049C 12 137
YGL048C 6 55
YGL047W 7 591
YGL045W 29 1664
YGL044C 9 95
YGL043W 17 1476
YGL042C 3 13
YGL041C-B 5 41
YGL041W-A 7 127
YGL041C 5 97
YGL040C 9 302
YGL039W 12 159
YGL038C 10 127
YGL037C 7 152
YGL036W 22 740
YGL035C 19 395
YGL034C 9 242
YGL033W 8 165
YGL032C 2 5
YGL031C 5 89
YGL030W 2 5
YGL029W 4 47
YGL028C 12 112
YGL027C 16 221
YGL026C 27 1528
YGL025C 6 118
YGL024W 4 37
YGL023C 21 549
YGL022W 37 949
YGL021W 19 592
YGL020C 2 5
YGL019W 2 3
YGL018C 8 211
YGL017W 8 167
YGL016W 22 332
YGL015C 2 27
YGL014W 18 375
YGL014C-A 1 3
YGL013C 23 1167
YGL012W 21 811
YGL011C 6 50
YGL010W 6 77
YGL009C 32 901
YGL008C 30 1039
YGL007C-A 1 1
YGL007W 22 1151
YGL006W-A 1 2
YGL006W 34 707
YGL005C 19 314
YGL004C 48 2160
YGL003C 45 1770
YGL002W 18 249
YGL001C 31 1830
YGR001C 13 2478
YGR002C 30 3816
YGR003W 27 564
YGR004W 19 374
YGR005C 11 284
YGR006W 16 703
YGR007W 21 1199
YGR008C 8 150
YGR009C 12 129
YGR010W 20 395
YGR011W 5 99
YGR012W 16 439
YGR013W 37 851
YGR014W 19 486
YGR015C 14 273
YGR016W 16 456
YGR017W 7 44
YGR018C 2 11
YGR019W 28 610
YGR020C 3 15
YGR021W 18 540
YGR022C 5 26
YGR023W 12 115
YGR024C 3 16
YGR025W 11 584
YGR026W 11 943
YGR027C 4 16
YGR028W 7 117
YGR029W 6 160
YGR030C 11 257
YGR031W 50 2580
YGR031C-A 22 613
YGR032W 69 1724
YGR033C 6 98
YGR034W 1 43
YGR035C 7 215
YGR035W-A 10 686
YGR036C 9 172
YGR037C 2 12
YGR038W 10 265
YGR039W 7 112
YGR040W 27 736
YGR041W 34 1125
YGR042W 12 97
YGR043C 27 2538
YGR044C 11 335
YGR045C 20 1771
YGR046W 5 194
YGR047C 30 1058
YGR048W 15 228
YGR049W 10 141
YGR050C 16 255
YGR051C 16 419
YGR052W 23 351
YGR053C 7 477
YGR054W 21 1019
YGR055W 9 221
YGR056W 27 680
YGR057C 5 70
YGR058W 12 287
YGR059W 7 51
YGR060W 12 191
YGR061C 38 668
YGR062C 4 16
YGR063C 6 36
YGR064W 7 479
YGR065C 10 156
YGR066C 7 235
YGR067C 36 979
YGR068C 79 2181
YGR068W-A 3 21
YGR069W 6 50
YGR070W 46 1457
YGR071C 20 338
YGR072W 0 0
YGR073C 4 27
YGR074W 3 14
YGR075C 0 0
YGR076C 6 346
YGR077C 13 216
YGR078C 4 39
YGR079W 23 1388
YGR080W 8 151
YGR081C 6 103
YGR082W 6 235
YGR083C 10 156
YGR084C 9 159
YGR085C 3 12
YGR086C 13 245
YGR087C 51 3716
YGR088W 14 610
YGR089W 23 453
YGR090W 16 558
YGR091W 13 230
YGR092W 15 346
YGR093W 18 902
YGR094W 26 731
YGR095C 7 239
YGR096W 24 1532
YGR097W 34 1718
YGR098C 16 148
YGR099W 15 459
YGR100W 42 630
YGR101W 8 38
YGR102C 2 158
YGR103W 10 194
YGR104C 9 181
YGR105W 4 36
YGR106C 7 59
YGR107W 34 1980
YGR108W 13 271
YGR109C 16 406
YGR110W 7 142
YGR111W 12 460
YGR112W 13 183
YGR113W 10 1625
YGR114C 0 0
YGR115C 4 7
YGR116W 24 387
YGR117C 8 392
YGR118W 6 50
YGR119C 10 204
YGR120C 3 89
YGR121C 39 975
YGR121W-A 18 1338
YGR122W 15 1261
YGR122C-A 1 36
YGR123C 12 418
YGR124W 32 2412
YGR125W 21 356
YGR126W 4 126
YGR127W 16 570
YGR128C 3 30
YGR129W 8 354
YGR130C 29 4053
YGR131W 10 150
YGR132C 15 322
YGR133W 5 252
YGR134W 34 1041
YGR135W 3 110
YGR136W 7 172
YGR137W 0 0
YGR138C 20 338
YGR139W 10 78
YGR140W 23 344
YGR141W 24 510
YGR142W 6 77
YGR143W 29 456
YGR144W 16 428
YGR145W 19 1500
YGR146C 4 1597
YGR146C-A 7 112
YGR147C 11 230
YGR148C 7 146
YGR149W 9 267
YGR150C 17 196
YGR151C 0 0
YGR152C 3 67
YGR153W 12 302
YGR154C 13 520
YGR155W 11 101
YGR156W 16 288
YGR157W 21 367
YGR158C 11 262
YGR159C 13 399
YGR160W 0 0
YGR161C 15 343
YGR161W-C 4 89
YGR162W 17 412
YGR163W 6 248
YGR164W 15 1642
YGR165W 7 182
YGR166W 12 283
YGR167W 6 383
YGR168C 8 956
YGR169C 17 258
YGR169C-A 1 1
YGR170W 38 1081
YGR171C 15 356
YGR172C 5 157
YGR173W 10 309
YGR174C 8 253
YGR174W-A 0 0
YGR175C 19 546
YGR176W 27 752
YGR177C 52 1230
YGR178C 26 1053
YGR179C 17 519
YGR180C 16 230
YGR181W 8 46
YGR182C 9 258
YGR183C 7 179
YGR184C 69 2227
YGR185C 11 318
YGR186W 8 113
YGR187C 5 12
YGR188C 19 351
YGR189C 6 227
YGR190C 5 50
YGR191W 19 301
YGR192C 13 149
YGR193C 5 2411
YGR194C 18 215
YGR195W 12 90
YGR196C 17 361
YGR197C 31 1003
YGR198W 18 377
YGR199W 30 1601
YGR200C 24 677
YGR201C 10 143
YGR202C 20 337
YGR203W 43 2677
YGR204W 67 2485
YGR204C-A 0 0
YGR205W 14 727
YGR206W 2 34
YGR207C 6 755
YGR208W 20 728
YGR209C 5 358
YGR210C 32 773
YGR211W 21 389
YGR212W 16 328
YGR213C 13 215
YGR214W 4 26
YGR215W 4 51
YGR216C 13 346
YGR217W 58 1325
YGR218W 12 246
YGR219W 5 236
YGR220C 11 435
YGR221C 21 497
YGR222W 12 70
YGR223C 15 229
YGR224W 19 278
YGR225W 13 149
YGR226C 1 2
YGR227W 7 51
YGR228W 3 12
YGR229C 10 107
YGR230W 12 1280
YGR231C 10 106
YGR232W 11 103
YGR233C 34 713
YGR234W 8 136
YGR235C 9 239
YGR236C 12 624
YGR237C 21 438
YGR238C 27 691
YGR239C 33 3351
YGR240C 36 574
YGR240C-A 13 4710
YGR241C 22 1135
YGR242W 2 8
YGR243W 7 28
YGR244C 35 1273
YGR245C 36 356
YGR246C 8 163
YGR247W 12 294
YGR248W 15 8911
YGR249W 8 149
YGR250C 29 1458
YGR251W 8 212
YGR252W 11 256
YGR253C 5 288
YGR254W 23 2111
YGR255C 23 452
YGR256W 26 654
YGR257C 22 702
YGR258C 32 764
YGR259C 6 5298
YGR260W 24 5659
YGR261C 18 638
YGR262C 4 103
YGR263C 23 403
YGR264C 15 187
YGR265W 11 698
YGR266W 29 468
YGR267C 18 1894
YGR268C 26 2112
YGR269W 14 357
YGR270W 30 931
YGR270C-A 4 287
YGR271W 72 1673
YGR271C-A 1 2
YGR273C 1 2
YGR274C 21 798
YGR275W 2 7
YGR276C 7 53
YGR277C 8 71
YGR278W 12 182
YGR279C 16 752
YGR280C 16 324
YGR281W 69 1599
YGR282C 12 676
YGR283C 16 329
YGR284C 6 152
YGR285C 12 117
YGR286C 19 330
YGR287C 25 517
YGR288W 25 255
YGR289C 11 79
YGR290W 0 0
YGR291C 3 23
YGR292W 2 4
YGR293C 0 0
YGR294W 1 49
YGR295C 11 243
YGR296W 0 0
YGR296C-A 0 0
YGR296C-B 0 0
YHL050C 1 16
YHL050W-A 1 16
YHL049C 0 0
YHL048C-A 3 34
YHL048W 9 53
YHL047C 16 322
YHL046W-A 3 33
YHL046C 1 3
YHL045W 9 3563
YHL044W 13 291
YHL043W 8 110
YHL042W 19 2755
YHL041W 16 682
YHL040C 27 767
YHL039W 16 533
YHL038C 17 228
YHL037C 17 1175
YHL036W 23 488
YHL035C 37 1851
YHL034W-A 5 24
YHL034C 8 40
YHL033C 6 133
YHL032C 42 940
YHL031C 18 259
YHL030W-A 11 187
YHL030W 48 968
YHL029C 28 1027
YHL028W 30 576
YHL027W 33 1561
YHL026C 20 2445
YHL025W 45 1776
YHL024W 38 1102
YHL023C 35 702
YHL022C 8 129
YHL021C 26 730
YHL020C 16 4896
YHL019W-A 12 1219
YHL019C 20 1180
YHL018W 7 120
YHL017W 13 99
YHL016C 35 1123
YHL015W-A 2 20
YHL015W 0 0
YHL014C 19 1832
YHL013C 8 60
YHL012W 17 803
YHL011C 4 137
YHL010C 37 1005
YHL009C 5 2876
YHL008C 7 94
YHL007C 39 684
YHL006W-A 15 518
YHL006C 30 11065
YHL005C 32 7455
YHL004W 17 426
YHL003C 14 304
YHL002C-A 7 599
YHL002W 22 1469
YHL001W 8 568
YHR001W 36 1803
YHR001W-A 8 414
YHR002W 29 712
YHR003C 19 417
YHR004C 17 593
YHR005C 11 479
YHR005C-A 6 111
YHR006W 18 932
YHR007C 12 193
YHR007C-A 21 2999
YHR008C 8 134
YHR009C 21 487
YHR010W 2 10
YHR011W 12 226
YHR012W 1 10
YHR013C 5 82
YHR014W 2 45
YHR015W 8 162
YHR016C 14 670
YHR017W 9 328
YHR018C 11 106
YHR019C 14 255
YHR020W 10 101
YHR021C 4 72
YHR021W-A 1 1
YHR022C 11 370
YHR022C-A 4 40
YHR023W 47 1243
YHR024C 7 78
YHR025W 8 71
YHR026W 7 113
YHR027C 21 123
YHR028C 36 2016
YHR028W-A 9 99
YHR029C 11 765
YHR030C 13 271
YHR031C 24 381
YHR032W 58 2172
YHR032W-A 4 213
YHR032C-A 1 35
YHR033W 55 1985
YHR034C 32 528
YHR035W 30 584
YHR036W 11 2029
YHR037W 18 950
YHR038W 2 3
YHR039C 18 763
YHR039C-A 3 81
YHR040W 14 451
YHR041C 10 113
YHR042W 22 259
YHR043C 10 104
YHR044C 14 272
YHR045W 16 181
YHR046C 10 312
YHR047C 22 504
YHR048W 38 1742
YHR049W 22 548
YHR049C-A 6 439
YHR050W 38 3185
YHR050W-A 5 81
YHR051W 2 8
YHR052W 7 108
YHR052W-A 0 0
YHR053C 0 0
YHR054C 0 0
YHR054W-A 0 0
YHR055C 0 0
YHR056C 28 869
YHR056W-A 16 402
YHR057C 18 4980
YHR058C 5 83
YHR059W 3 47
YHR060W 2 20
YHR061C 8 825
YHR062C 7 449
YHR063C 10 332
YHR063W-A 4 69
YHR064C 1 1
YHR065C 16 567
YHR066W 7 243
YHR067W 9 394
YHR068W 18 349
YHR069C 10 394
YHR069C-A 3 14
YHR070W 36 1877
YHR070C-A 29 2188
YHR071W 14 259
YHR071C-A 9 167
YHR072W 27 397
YHR072W-A 1 4
YHR073W 35 792
YHR073W-A 3 125
YHR073C-B 2 103
YHR074W 23 511
YHR075C 7 114
YHR076W 7 131
YHR077C 17 184
YHR078W 12 579
YHR079C 28 578
YHR079C-A 1 4
YHR080C 60 1222
YHR081W 3 19
YHR082C 32 710
YHR083W 24 409
YHR084W 24 643
YHR085W 10 169
YHR086W 15 400
YHR086W-A 9 590
YHR087W 17 842
YHR088W 5 20
YHR089C 3 70
YHR090C 2 20
YHR091C 18 321
YHR092C 18 300
YHR093W 7 141
YHR094C 17 394
YHR095W 9 116
YHR096C 34 428
YHR097C 24 353
YHR098C 21 649
YHR099W 77 1808
YHR100C 4 77
YHR101C 8 106
YHR102W 13 312
YHR103W 18 216
YHR104W 7 1149
YHR105W 3 210
YHR106W 14 4085
YHR107C 3 39
YHR108W 26 683
YHR109W 12 178
YHR110W 1 16
YHR111W 5 145
YHR112C 19 891
YHR113W 19 754
YHR114W 18 322
YHR115C 24 361
YHR116W 16 393
YHR117W 19 483
YHR118C 15 276
YHR119W 26 298
YHR120W 19 189
YHR121W 11 496
YHR122W 7 1460
YHR123W 10 401
YHR124W 23 1472
YHR125W 0 0
YHR126C 16 896
YHR127W 6 41
YHR128W 5 38
YHR129C 11 111
YHR130C 5 216
YHR131C 23 630
YHR131W-A 4 171
YHR132C 23 427
YHR132W-A 7 292
YHR133C 8 103
YHR134W 8 58
YHR135C 26 2226
YHR136C 9 200
YHR137W 5 41
YHR137C-A 3 6
YHR138C 10 204
YHR139C 9 70
YHR139C-A 9 370
YHR140W 11 427
YHR141C 5 33
YHR142W 11 136
YHR143W 9 1354
YHR143W-A 0 0
YHR144C 9 238
YHR145C 3 13
YHR146W 10 326
YHR147C 2 116
YHR148W 6 203
YHR149C 21 587
YHR150W 28 734
YHR151C 14 815
YHR152W 7 181
YHR153C 9 215
YHR154W 41 882
YHR155W 20 995
YHR156C 18 312
YHR157W 8 220
YHR158C 30 1212
YHR159W 23 870
YHR160C 5 141
YHR161C 35 1969
YHR162W 0 0
YHR163W 5 303
YHR164C 25 877
YHR165C 45 546
YHR165W-A 2 3
YHR166C 18 381
YHR167W 7 139
YHR168W 15 512
YHR169W 19 427
YHR170W 13 195
YHR171W 13 230
YHR172W 17 744
YHR173C 16 324
YHR174W 22 1105
YHR175W 12 743
YHR175W-A 5 24
YHR176W 19 757
YHR177W 8 221
YHR178W 35 877
YHR179W 11 252
YHR180W 7 67
YHR180W-A 2 257
YHR180C-B 0 0
YHR181W 8 251
YHR182W 28 794
YHR182C-A 6 194
YHR183W 12 284
YHR184W 14 160
YHR185C 4 34
YHR186C 33 943
YHR187W 7 112
YHR188C 19 669
YHR189W 14 348
YHR190W 16 390
YHR191C 2 5
YHR192W 9 331
YHR193C 8 137
YHR193C-A 4 164
YHR194W 33 957
YHR195W 21 233
YHR196W 13 313
YHR197W 7 124
YHR198C 14 109
YHR199C 13 611
YHR199C-A 4 137
YHR200W 8 354
YHR201C 3 46
YHR202W 19 438
YHR203C 3 47
YHR204W 33 1093
YHR205W 19 296
YHR206W 15 277
YHR207C 20 406
YHR208W 20 435
YHR209W 6 1348
YHR210C 6 66
YHR211W 17 253
YHR212C 0 0
YHR212W-A 0 0
YHR213W 0 0
YHR213W-A 0 0
YHR213W-B 7 454
YHR214W 0 0
YHR214W-A 0 0
YHR214C-D 0 0
YHR214C-E 2 17
YHR215W 3 31
YHR216W 18 330
YHR217C 6 87
YHR218W 0 0
YHR218W-A 0 0
YHR219W 0 0
YHR219C-A 0 0
YIL177C 0 0
YIL177W-A 0 0
YIL176C 0 0
YIL173W 0 0
YIL172C 0 0
YIL171W-A 0 0
YIL169C 7 81
YIL166C 21 347
YIL165C 6 128
YIL164C 15 468
YIL163C 14 681
YIL162W 38 1676
YIL161W 5 11
YIL160C 13 318
YIL159W 48 1454
YIL158W 6 108
YIL157C 7 19
YIL156W-A 8 123
YIL156W-B 6 213
YIL156W 32 594
YIL155C 50 1208
YIL154C 63 1657
YIL153W 25 361
YIL152W 18 799
YIL151C 16 320
YIL150C 11 157
YIL149C 28 1191
YIL148W 2 25
YIL147C 25 837
YIL146C 7 123
YIL145C 10 166
YIL144W 13 642
YIL143C 28 534
YIL142C-A 5 77
YIL142W 19 596
YIL141W 10 248
YIL140W 19 317
YIL139C 16 236
YIL138C 1 9
YIL137C 33 716
YIL136W 23 479
YIL135C 18 575
YIL134C-A 8 172
YIL134W 9 336
YIL133C 5 22
YIL132C 17 3299
YIL131C 29 1686
YIL130W 30 257454
YIL129C 45 664
YIL128W 22 890
YIL127C 3 19
YIL126W 19 499
YIL125W 46 2196
YIL124W 5 102
YIL123W 43 2270
YIL122W 9 638
YIL121W 29 1267
YIL120W 28 1992
YIL119C 9 233
YIL118W 8 262
YIL117C 12 359
YIL116W 12 202
YIL115W-A 0 0
YIL115C 27 638
YIL114C 3 67
YIL113W 16 934
YIL112W 19 2288
YIL111W 11 470
YIL110W 10 314
YIL109C 30 578
YIL108W 32 855
YIL107C 17 382
YIL106W 12 633
YIL105C 32 993
YIL105W-A 3 70
YIL104C 17 367
YIL103W 15 282
YIL102C-A 2 5
YIL102C 1 36
YIL101C 32 1738
YIL100C-A 30 1385
YIL100W 33 1631
YIL099W 27 583
YIL098C 7 132
YIL097W 8 150
YIL096C 5 34006
YIL095W 19 476
YIL094C 12 145
YIL093C 15 441
YIL092W 25 737
YIL091C 20 765
YIL090W 8 143
YIL089W 8 115
YIL088C 15 407
YIL087C 4 44
YIL086C 9 107
YIL085C 22 506
YIL084C 14 444
YIL083C 4 117
YIL082W 9 264
YIL079C 9 273
YIL078W 20 717
YIL077C 30 1691
YIL076W 2 44
YIL075C 21 259
YIL074C 31 81994
YIL073C 22 680
YIL072W 12 148
YIL071W-A 2 179
YIL071C 6 305
YIL070C 3 72
YIL069C 5 84
YIL068W-A 7 94
YIL068C 23 601
YIL067C 27 1003
YIL066W-A 4 19
YIL066C 28 686
YIL065C 11 466
YIL064W 19 333
YIL063C 12 366
YIL062C 3 47
YIL061C 5 12
YIL060W 5 88
YIL059C 6 91
YIL058W 9 128
YIL057C 12 82
YIL056W 24 520
YIL055C 25 735
YIL054W 16 1487
YIL053W 17 601
YIL052C 0 0
YIL051C 16 973
YIL050W 5 146
YIL049W 10 189
YIL048W 24 734
YIL047C-A 6 100
YIL047C 35 1028
YIL046W-A 29 6057
YIL046W 41 664
YIL045W 13 113
YIL044C 12 192
YIL043C 16 496
YIL042C 21 217
YIL041W 10 306
YIL040W 2 33
YIL039W 13 619
YIL038C 8 71
YIL037C 11 159
YIL036W 23 816
YIL035C 13 185
YIL034C 28 646
YIL033C 16 491
YIL032C 9 419
YIL031W 29 617
YIL030W-A 3 426
YIL030C 28 848
YIL029W-A 11 347
YIL029C 4 25
YIL028W 3 32
YIL027C 8 12
YIL026C 27 969
YIL025C 2 8
YIL024C 7 126
YIL023C 14 595
YIL022W 10 284
YIL021W 15 487
YIL021C-A 2 72
YIL020C-A 6 318
YIL020C 14 151
YIL019W 11 314
YIL018W 1 1
YIL017C 28 269
YIL016W 3 72
YIL015W 26 832
YIL014C-A 0 0
YIL014W 7 83
YIL013C 20 598
YIL012W 15 266
YIL011W 3 37
YIL010W 11 194
YIL009C-A 10 211
YIL009W 26 830
YIL008W 1 38
YIL007C 15 1444
YIL006W 14 576
YIL005W 23 801
YIL004C 14 165
YIL003W 24 638
YIL002W-A 6 99
YIL002C 52 7508
YIL001W 63 5041
YIR001C 24 2537
YIR002C 42 1098
YIR003W 29 846
YIR004W 10 154
YIR005W 9 93
YIR006C 34 1631
YIR007W 13 486
YIR008C 8 187
YIR009W 3 32
YIR010W 14 390
YIR011C 2 17
YIR012W 6 16
YIR013C 4 223
YIR014W 9 59
YIR015W 11 2256
YIR016W 20 496
YIR017C 25 979
YIR017W-A 29 1271
YIR018W 9 128
YIR018C-A 5 141
YIR019C 22 1496
YIR020C 6 282
YIR020W-A 11 318
YIR020C-B 9 232
YIR021W 15 543
YIR021W-A 6 745
YIR022W 3 16
YIR023W 23 522
YIR023C-A 0 0
YIR024C 2 50
YIR025W 8 95
YIR026C 6 201
YIR027C 7 54
YIR028W 25 4203
YIR029W 17 343
YIR030C 4 28
YIR030W-A 2 210
YIR031C 15 545
YIR032C 12 638
YIR033W 21 464
YIR034C 18 1144
YIR035C 14 415
YIR036C 11 391
YIR036W-A 4 382
YIR037W 2 78
YIR038C 12 533
YIR039C 6 81
YIR040C 1 83
YIR041W 2 8
YIR042C 8 351
YJL225C 0 0
YJL225W-A 0 0
YJL223C 0 0
YJL222W-B 0 0
YJL222W-A 0 0
YJL222W 2 48
YJL221C 0 0
YJL220W 0 0
YJL219W 4 165
YJL218W 4 17
YJL217W 7 458
YJL216C 20 691
YJL215C 9 63
YJL214W 16 259
YJL213W 10 188
YJL212C 37 703
YJL211C 33 1870
YJL210W 31 1511
YJL209W 26 1048
YJL208C 17 678
YJL207C 55 2834
YJL206C 26 815
YJL205C 6 160
YJL204C 6 254
YJL203W 3 5
YJL202C 1 2
YJL201W 21 409
YJL200C 31 853
YJL199C 5 319
YJL198W 15 281
YJL197W 45 1009
YJL197C-A 1 3
YJL196C 14 1521
YJL195C 6 28
YJL194W 15 342
YJL193W 3 85
YJL192C 11 509
YJL191W 23 1646
YJL190C 3 109
YJL189W 4 89
YJL188C 2 8
YJL187C 25 410
YJL186W 20 364
YJL185C 9 149
YJL184W 5 44
YJL183W 30 1038
YJL182C 9 98
YJL181W 29 443
YJL180C 6 122
YJL179W 1 1
YJL178C 7 559
YJL177W 2 5
YJL176C 13 287
YJL175W 5 238
YJL174W 4 170
YJL173C 0 0
YJL172W 34 6765
YJL171C 9 137
YJL170C 9 956
YJL169W 2 11
YJL168C 24 1587
YJL167W 10 75
YJL166W 5 90
YJL165C 23 1699
YJL164C 14 1320
YJL163C 28 576
YJL162C 16 602
YJL161W 14 318
YJL160C 5 99
YJL159W 5 21
YJL158C 15 98
YJL157C 66 2375
YJL156W-A 15 225
YJL156C 38 1696
YJL155C 16 314
YJL154C 27 831
YJL153C 19 1468
YJL152W 23 727
YJL151C 21 584
YJL150W 24 3735
YJL149W 20 226
YJL148W 8 822
YJL147C 14 154
YJL146W 14 217
YJL145W 6 200
YJL144W 4 20
YJL143W 6 36
YJL142C 1 1
YJL141C 33 1166
YJL140W 2 253
YJL139C 18 390
YJL138C 2 12
YJL137C 15 554
YJL136W-A 5 135
YJL136C 3 34
YJL135W 14 693
YJL134W 12 242
YJL133C-A 11 281
YJL133W 12 181
YJL132W 28 723
YJL131C 4 66
YJL130C 88 1744
YJL129C 31 486
YJL128C 29 1091
YJL127W-A 5 49
YJL127C-B 6 66
YJL127C 33 593
YJL126W 14 300
YJL125C 15 447
YJL124C 1 26
YJL123C 16 548
YJL122W 5 234
YJL121C 8 203
YJL120W 5 91
YJL119C 14 928
YJL118W 17 963
YJL117W 9 271
YJL116C 21 258
YJL115W 5 114
YJL112W 24 1065
YJL111W 13 144
YJL110C 5 165
YJL109C 25 491
YJL108C 8 271
YJL107C 20 433
YJL106W 14 174
YJL105W 9 87
YJL104W 3 123
YJL103C 24 969
YJL102W 25 341
YJL101C 27 459
YJL100W 22 349
YJL099W 29 2132
YJL098W 45 1222
YJL097W 7 89
YJL096W 3 11
YJL095W 32 907
YJL094C 32 410
YJL093C 14 149
YJL092W 30 394
YJL091C 8 111
YJL090C 14 102
YJL089W 14 254
YJL088W 14 538
YJL087C 9 446
YJL086C 8 218
YJL085W 10 120
YJL084C 25 569
YJL083W 28 1240
YJL082W 30 648
YJL081C 6 161
YJL080C 29 1025
YJL079C 8 3099
YJL078C 60 1507
YJL077W-B 3 39
YJL077C 30 5095
YJL077W-A 5 86
YJL076W 26 580
YJL075C 2 18
YJL074C 15 389
YJL073W 15 611
YJL072C 6 211
YJL071W 14 225
YJL070C 24 958
YJL069C 8 99
YJL068C 17 200
YJL067W 8 130
YJL066C 16 1217
YJL065C 9 82
YJL064W 7 72
YJL063C 9 439
YJL062W-A 11 207
YJL062W 20 931
YJL061W 3 119
YJL060W 6 53
YJL059W 12 260
YJL058C 16 274
YJL057C 14 409
YJL056C 29 675
YJL055W 7 454
YJL054W 16 272
YJL053W 9 193
YJL052C-A 10 298
YJL052W 21 786
YJL051W 38 791
YJL050W 25 418
YJL049W 4 36
YJL048C 12 113
YJL047C-A 1 2
YJL047C 29 803
YJL046W 12 171
YJL045W 14 571
YJL044C 13 196
YJL043W 28 16858
YJL042W 47 1079
YJL041W 4 54
YJL039C 13 277
YJL038C 1 4
YJL037W 9 351
YJL036W 12 279
YJL035C 18 673
YJL034W 21 339
YJL033W 14 112
YJL032W 2 14
YJL031C 4 30
YJL030W 9 477
YJL029C 17 313
YJL028W 21 79079
YJL027C 40 7047
YJL026W 13 43
YJL026C-A 3 12
YJL025W 12 64
YJL024C 5 27
YJL023C 12 238
YJL022W 5 89
YJL020C 35 9291
YJL020W-A 0 0
YJL019W 26 868
YJL016W 23 317
YJL015C 10 602
YJL014W 7 177
YJL013C 12 176
YJL012C 22 433
YJL011C 2 26
YJL010C 6 233
YJL009W 1 6
YJL008C 10 212
YJL007C 8 3200
YJL006C 8 258
YJL005W 43 745
YJL004C 20 405
YJL003W 4 123
YJL002C 27 563
YJL001W 19 515
YJR001W 70 5906
YJR002W 25 431
YJR003C 27 821
YJR004C 27 584
YJR005W 17 169
YJR005C-A 4 101
YJR006W 4 81
YJR007W 3 9
YJR008W 23 148
YJR009C 9 214
YJR010W 25 982
YJR010C-A 5 86
YJR011C 9 209
YJR012C 7 91
YJR013W 17 456
YJR014W 6 176
YJR015W 17 317
YJR016C 12 117
YJR017C 2 31
YJR018W 2 18
YJR019C 22 684
YJR020W 9 277
YJR021C 10 41
YJR022W 0 0
YJR023C 0 0
YJR024C 7 112
YJR025C 3 58
YJR030C 27 852
YJR031C 25 439
YJR032W 6 132
YJR033C 27 2746
YJR034W 8 115
YJR035W 25 849
YJR036C 20 653
YJR037W 2 102
YJR038C 8 65
YJR039W 21 284
YJR040W 12 175
YJR041C 12 101
YJR042W 14 365
YJR043C 10 116
YJR044C 7 213
YJR045C 11 342
YJR046W 12 350
YJR047C 8 294
YJR048W 13 514
YJR049C 19 477
YJR050W 3 9
YJR051W 23 757
YJR052W 14 577
YJR053W 15 490
YJR054W 10 69
YJR055W 2 58
YJR056C 4 9
YJR057W 6 158
YJR058C 9 828
YJR059W 30 614
YJR060W 14 248
YJR061W 31 894
YJR062C 5 52
YJR063W 2 4
YJR064W 23 445
YJR065C 20 405
YJR066W 68 1647
YJR067C 2 106
YJR068W 8 181
YJR069C 3 47
YJR070C 7 264
YJR071W 7 189
YJR072C 21 391
YJR073C 11 343
YJR074W 28 741
YJR075W 17 354
YJR076C 11 389
YJR077C 14 211
YJR078W 33 943
YJR079W 14 534
YJR080C 14 563
YJR082C 3 44
YJR083C 3 26
YJR084W 10 147
YJR085C 4 946
YJR086W 4 53
YJR087W 4 951
YJR088C 13 1195
YJR089W 22 400
YJR090C 17 569
YJR091C 33 689
YJR092W 40 751
YJR093C 14 1174
YJR094C 22 455
YJR094W-A 6 141
YJR095W 15 139
YJR096W 11 477
YJR097W 0 0
YJR098C 14 332
YJR099W 2 4
YJR100C 16 444
YJR101W 10 163
YJR102C 7 797
YJR103W 44 1592
YJR104C 11 414
YJR105W 22 904
YJR106W 13 351
YJR107W 13 181
YJR108W 14 473
YJR109C 33 872
YJR110W 28 2242
YJR111C 20 241
YJR112W 9 124
YJR112W-A 9 223
YJR113C 13 142
YJR114W 10 132
YJR115W 35 1276
YJR116W 16 1388
YJR117W 23 355
YJR118C 4 18
YJR119C 32 1961
YJR120W 19 611
YJR121W 25 570
YJR122W 19 340
YJR123W 1 1
YJR124C 12 239
YJR125C 14 268
YJR126C 26 688
YJR127C 61 1810
YJR128W 11 1241
YJR129C 38 2191
YJR130C 6 382
YJR131W 28 785
YJR132W 18 225
YJR133W 6 104
YJR134C 6 29
YJR135C 11 161
YJR135W-A 1 3
YJR136C 3 6
YJR137C 49 2020
YJR138W 50 1474
YJR139C 16 605
YJR140C 20 441
YJR140W-A 1 1
YJR141W 6 90
YJR142W 23 1465
YJR143C 17 343
YJR144W 17 657
YJR145C 3 170
YJR146W 13 291
YJR147W 20 268
YJR148W 31 3101
YJR149W 16 171
YJR150C 6 75
YJR151C 12 293
YJR151W-A 0 0
YJR152W 17 292
YJR153W 7 784
YJR154W 11 429
YJR155W 14 106
YJR156C 0 0
YJR157W 0 0
YJR158W 0 0
YJR159W 0 0
YJR160C 2 16
YJR161C 0 0
YJR162C 2 12
YKL225W 3 9
YKL224C 0 0
YKL223W 10 215
YKL222C 12 303
YKL221W 26 273
YKL220C 16 136
YKL219W 8 159
YKL218C 23 1208
YKL217W 50 2631
YKL216W 9 244
YKL215C 45 1366
YKL214C 10 163
YKL213C 15 335
YKL212W 11 566
YKL211C 14 191
YKL210W 26 976
YKL209C 51 1637
YKL208W 13 296
YKL207W 13 496
YKL206C 9 287
YKL205W 25 431
YKL204W 13 136
YKL203C 64 1522
YKL202W 3 7283
YKL201C 37 1084
YKL198C 158 21039
YKL197C 40 1764
YKL196C 4 113
YKL195W 7 63
YKL194C 16 432
YKL193C 8 125
YKL192C 5 86
YKL191W 19 186
YKL190W 1 117
YKL189W 6 57
YKL188C 20 283
YKL187C 39 3086
YKL186C 30 1778
YKL185W 33 1011
YKL184W 10 1093
YKL183C-A 14 6201
YKL183W 40 3686
YKL182W 100 3800
YKL181W 12 461
YKL180W 4 225
YKL179C 11 186
YKL178C 14 585
YKL177W 2 318
YKL176C 19 267
YKL175W 30 466
YKL174C 9 159
YKL173W 18 192
YKL172W 5 154
YKL171W 40 10816
YKL170W 4 87
YKL169C 3 83
YKL168C 27 817
YKL167C 4 142
YKL166C 10 213
YKL165C-A 4 51
YKL165C 31 524
YKL164C 6 41
YKL163W 7 206
YKL162C-A 3 49
YKL162C 11 142
YKL161C 3 41
YKL160W 2 973
YKL159C 6 51
YKL157W 41 1423
YKL156W 7 57
YKL156C-A 1 2
YKL155C 17 434
YKL154W 10 525
YKL153W 10 156
YKL152C 17 278
YKL151C 32 1722
YKL150W 32 2612
YKL149C 12 246
YKL148C 64 3572
YKL147C 22 2680
YKL146W 27 613
YKL145W 11 508
YKL145W-A 1 14
YKL144C 7 100
YKL143W 14 207
YKL142W 2 11
YKL141W 4 54
YKL140W 7 103
YKL139W 8 90
YKL138C-A 3 8
YKL138C 5 731
YKL137W 1 1
YKL136W 6 32
YKL135C 18 354
YKL134C 16 597
YKL133C 12 164
YKL132C 16 331
YKL131W 4 9
YKL130C 5 19
YKL129C 30 3026
YKL128C 14 174
YKL127W 22 532
YKL126W 4 42
YKL125W 11 85
YKL124W 14 201
YKL123W 1 15
YKL122C 6 42
YKL121W 22 10233
YKL120W 13 167
YKL119C 8 215
YKL118W 5 20
YKL117W 3 86
YKL116C 11 127
YKL115C 4 12
YKL114C 18 503
YKL113C 8 10
YKL112W 26 412
YKL111C 4 48
YKL110C 21 1006
YKL109W 40 824
YKL108W 15 278
YKL107W 10 488
YKL106C-A 2 464
YKL106W 13 321
YKL105C 40 789
YKL104C 28 1432
YKL103C 30 1203
YKL102C 13 608
YKL101W 45 542
YKL100C 30 823
YKL100W-A 2 17
YKL099C 11 411
YKL098W 13 271
YKL097C 18 585
YKL096C-B 0 0
YKL096W-A 0 0
YKL096W 26 778
YKL095W 14 252
YKL094W 26 489
YKL093W 13 198
YKL092C 20 107
YKL091C 11 90
YKL090W 29 792
YKL089W 11 112
YKL088W 11 118
YKL087C 11 132
YKL086W 24 3530
YKL085W 20 290
YKL084W 16 350
YKL083W 1 1
YKL082C 6 265
YKL081W 15 1638
YKL080W 10 199
YKL079W 22 619
YKL078W 8 169
YKL077W 14 196
YKL076C 2 112
YKL075C 11 495
YKL074C 18 476
YKL073W 16 258
YKL072W 21 791
YKL071W 4 190
YKL070W 2 6
YKL069W 4 39
YKL068W-A 5 78
YKL068W 17 236
YKL067W 5 88
YKL066W 15 190
YKL065W-A 2 32
YKL065C 6 170
YKL064W 29 2783
YKL063C 5 281
YKL062W 13 161
YKL061W 1 5
YKL060C 20 644
YKL059C 17 145
YKL058W 1 12
YKL057C 18 289
YKL056C 9 75
YKL055C 7 156
YKL054C 3 39
YKL053C-A 5 37
YKL053W 11 550
YKL052C 17 292
YKL051W 16 181
YKL050C 28 669
YKL049C 3 26
YKL048C 2 8
YKL047W 11 183
YKL046C 21 674
YKL045W 32 2511
YKL044W 6 527
YKL043W 10 117
YKL042W 7 23
YKL041W 2 34
YKL040C 6 433
YKL039W 24 375
YKL038W 48 7223
YKL037W 23 686
YKL036C 17 468
YKL035W 18 471
YKL034W 28 1001
YKL033W-A 10 216
YKL033W 18 462
YKL032C 13 131
YKL031W 12 217
YKL030W 27 1159
YKL029C 88 5541
YKL028W 10 102
YKL027W 21 458
YKL026C 6 326
YKL025C 22 765
YKL024C 19 570
YKL023C-A 1 4
YKL023W 10 201
YKL022C 30 550
YKL021C 24 709
YKL020C 20 354
YKL019W 12 186
YKL018C-A 3 32
YKL018W 11 203
YKL017C 14 182
YKL016C 5 106
YKL015W 24 650
YKL014C 25 239
YKL013C 1 7
YKL012W 12 331
YKL011C 12 443
YKL010C 43 772
YKL009W 4 64
YKL008C 18 451
YKL007W 16 235
YKL006C-A 10 80
YKL006W 2 3
YKL005C 45 2848
YKL004W 27 377
YKL003C 11 285
YKL002W 13 639
YKL001C 7 384
YKR001C 28 1303
YKR002W 17 209
YKR003W 57 1173
YKR004C 26 393
YKR005C 30 1104
YKR006C 8 191
YKR007W 4 64
YKR008W 12 197
YKR009C 41 1065
YKR010C 21 284
YKR011C 16 336
YKR012C 13 376
YKR013W 11 1866
YKR014C 0 0
YKR015C 13 213
YKR016W 15 243
YKR017C 11 982
YKR018C 16 389
YKR019C 25 364
YKR020W 0 0
YKR021W 21 215
YKR022C 7 39
YKR023W 13 267
YKR024C 17 525
YKR025W 8 86
YKR026C 8 573
YKR027W 28 3790
YKR028W 31 678
YKR029C 8 70
YKR030W 6 61
YKR031C 36 643
YKR032W 7 81
YKR033C 3 19
YKR034W 8 208
YKR035C 2 6
YKR035W-A 2 6
YKR036C 27 589
YKR037C 12 141
YKR038C 12 130
YKR039W 13 402
YKR040C 28 2452
YKR041W 42 2785
YKR042W 18 269
YKR043C 15 306
YKR044W 17 936
YKR045C 17 564
YKR046C 24 1337
YKR047W 5 38
YKR048C 21 512
YKR049C 6 208
YKR050W 18 383
YKR051W 19 377
YKR052C 8 47
YKR053C 19 1042
YKR054C 87 3481
YKR055W 8 63
YKR056W 21 194
YKR057W 5 35
YKR058W 18 250
YKR059W 2 2
YKR060W 10 296
YKR061W 30 1174
YKR062W 3 39
YKR063C 12 130
YKR064W 22 751
YKR065C 3 15
YKR066C 20 554
YKR067W 42 2233
YKR068C 7 330
YKR069W 24 367
YKR070W 14 346
YKR071C 5 218
YKR072C 36 810
YKR073C 17 788
YKR074W 6 97
YKR075C 18 1133
YKR075W-A 9 840
YKR076W 22 465
YKR077W 8 201
YKR078W 22 442
YKR079C 12 148
YKR080W 16 398
YKR081C 5 98
YKR082W 22 813
YKR083C 5 128
YKR084C 16 465
YKR085C 7 280
YKR086W 17 450
YKR087C 12 2642
YKR088C 12 192
YKR089C 20 339
YKR090W 21 1716
YKR091W 8 105
YKR092C 15 183
YKR093W 51 1321
YKR094C 4 105
YKR095W 22 319
YKR095W-A 8 166
YKR096W 37 852
YKR097W 37 1128
YKR098C 28 688
YKR099W 17 837
YKR100C 7 167
YKR101W 26 248
YKR102W 16 1104
YKR103W 26 352
YKR104W 6 150
YKR105C 4 13
YKR106W 7 166
YLL067C 0 0
YLL067W-A 0 0
YLL066W-B 5 24
YLL066C 0 0
YLL066W-A 0 0
YLL065W 3 50
YLL064C 0 0
YLL063C 23 495
YLL062C 8 58
YLL061W 21 782
YLL060C 12 1000
YLL059C 27 1240
YLL058W 7 133
YLL057C 21 338
YLL056C 10 148
YLL055W 10 293
YLL054C 17 452
YLL053C 9 190
YLL052C 4 16
YLL051C 31 5692
YLL050C 9 178
YLL049W 7 169
YLL048C 60 2091
YLL047W 6 101
YLL046C 9 252
YLL045C 4 87
YLL044W 5 89
YLL043W 11 114
YLL042C 5 415
YLL041C 26 455
YLL040C 90 2151
YLL039C 18 272
YLL038C 14 576
YLL037W 2 6
YLL036C 4 12
YLL035W 9 308
YLL034C 13 204
YLL033W 4 72
YLL032C 21 1081
YLL031C 17 196
YLL030C 8 1690
YLL029W 57 15836
YLL028W 43 7447
YLL027W 5 130
YLL026W 40 1143
YLL025W 8 96
YLL024C 12 991
YLL023C 13 361
YLL022C 18 583
YLL021W 31 643
YLL020C 5 152
YLL019C 12 250
YLL019W-A 0 0
YLL018C-A 0 0
YLL018C 20 385
YLL015W 37 819
YLL014W 3 6
YLL013C 26 767
YLL012W 27 1065
YLL011W 19 362
YLL010C 31 489
YLL009C 2 30
YLL008W 15 212
YLL007C 15 257
YLL006W-A 6 96
YLL006W 8 1346
YLL005C 24 273
YLL004W 18 188
YLL003W 17 229
YLL002W 22 515
YLL001W 60 1563
YLR001C 49 4909
YLR002C 16 359
YLR003C 3 80
YLR004C 22 1341
YLR005W 28 612
YLR006C 22 1241
YLR007W 23 421
YLR008C 3 19
YLR009W 0 0
YLR010C 1 30
YLR011W 10 168
YLR012C 4 125
YLR013W 3 64
YLR014C 27 739
YLR015W 17 307
YLR016C 4 75
YLR017W 12 113
YLR018C 9 103
YLR019W 29 1733
YLR020C 11 94
YLR021W 12 200
YLR022C 13 241
YLR023C 18 2089
YLR024C 81 8428
YLR025W 4 30
YLR026C 4 22
YLR027C 23 725
YLR028C 44 1442
YLR029C 2 36
YLR030W 4 32
YLR031W 3 34
YLR032W 17 377
YLR033W 9 223
YLR034C 20 356
YLR035C 16 296
YLR036C 6 32
YLR037C 4 77
YLR038C 6 196
YLR039C 19 177
YLR040C 6 76
YLR041W 3 212
YLR042C 7 291
YLR043C 2 25
YLR044C 30 1520
YLR045C 28 916
YLR046C 7 71
YLR047C 31 1188
YLR048W 5 24
YLR049C 8 107
YLR050C 9 255
YLR051C 10 404
YLR052W 1 43
YLR053C 2 9
YLR054C 18 338
YLR055C 18 162
YLR056W 17 1300
YLR057W 38 569
YLR058C 16 363
YLR059C 38 4577
YLR060W 27 411
YLR061W 4 34
YLR062C 4 34
YLR063W 7 51
YLR064W 6 138
YLR065C 0 0
YLR066W 9 81
YLR067C 18 302
YLR068W 4 88
YLR069C 24 682
YLR070C 18 732
YLR071C 20 345
YLR072W 23 414
YLR073C 13 339
YLR074C 15 618
YLR075W 5 17
YLR076C 1 8
YLR077W 33 743
YLR078C 6 43
YLR079W 10 360
YLR080W 38 1388
YLR081W 40 4867
YLR082C 13 228
YLR083C 12 347
YLR084C 45 2912
YLR085C 29 2367
YLR086W 30 520
YLR087C 79 1357
YLR088W 17 263
YLR089C 9 60
YLR090W 26 806
YLR091W 19 807
YLR092W 43 31000
YLR093C 8 226
YLR094C 34 622
YLR095C 27 1087
YLR096W 19 218
YLR097C 7 82
YLR098C 21 430
YLR099C 27 355
YLR099W-A 18 444
YLR100W 23 702
YLR101C 10 148
YLR102C 7 78
YLR103C 18 172
YLR104W 3 44
YLR105C 8 191
YLR106C 70 1180
YLR107W 15 487
YLR108C 22 389
YLR109W 7 117
YLR110C 4 13
YLR111W 9 2178
YLR112W 24 1259
YLR113W 19 353
YLR114C 24 428
YLR115W 22 807
YLR116W 15 329
YLR117C 21 802
YLR118C 5 97
YLR119W 9 119
YLR120C 29 387
YLR120W-A 2 1302
YLR121C 23 902
YLR122C 3 35
YLR123C 1 10
YLR124W 3 48
YLR125W 1 1
YLR126C 5 72
YLR127C 13 338
YLR128W 8 96
YLR129W 20 223
YLR130C 25 351
YLR131C 28 864
YLR132C 6 167
YLR133W 6 51
YLR134W 25 442
YLR135W 17 512
YLR136C 8 167
YLR137W 30 3382
YLR138W 29 514
YLR139C 12 210
YLR140W 10 672
YLR141W 51 5258
YLR142W 19 185
YLR143W 12 130
YLR144C 12 265
YLR145W 1 2
YLR146C 16 608
YLR146W-A 3 65
YLR147C 1 1
YLR148W 26 678
YLR149C 9 122
YLR149C-A 2 11
YLR150W 2 17
YLR151C 7 74
YLR152C 12 42
YLR153C 34 557
YLR154C 9 79
YLR154W-A 0 0
YLR154W-B 0 0
YLR154W-C 0 0
YLR154W-E 0 0
YLR154W-F 0 0
YLR154C-G 0 0
YLR154C-H 0 0
YLR155C 0 0
YLR156W 0 0
YLR156C-A 0 0
YLR157C 0 0
YLR157W-D 0 0
YLR157W-E 0 0
YLR157C-C 0 0
YLR158C 0 0
YLR159W 0 0
YLR159C-A 0 0
YLR160C 0 0
YLR161W 0 0
YLR162W 0 0
YLR162W-A 1 107
YLR163C 17 324
YLR163W-A 1 21
YLR164W 4 254
YLR165C 3 3
YLR166C 19 460
YLR167W 10 162
YLR168C 14 625
YLR169W 18 935
YLR170C 16 354
YLR171W 11 93
YLR172C 14 307
YLR173W 30 722
YLR174W 29 802
YLR175W 17 277
YLR176C 16 115
YLR177W 15 388
YLR178C 10 176
YLR179C 21 1446
YLR180W 20 448
YLR181C 21 412
YLR182W 11 199
YLR183C 15 279
YLR184W 4 42
YLR185W 4 32
YLR186W 14 555
YLR187W 24 548
YLR188W 34 3652
YLR189C 45 922
YLR190W 20 537
YLR191W 12 229
YLR192C 2 17
YLR193C 7 41
YLR194C 19 289
YLR195C 12 102
YLR196W 26 595
YLR197W 5 63
YLR198C 0 0
YLR199C 14 167
YLR200W 0 0
YLR201C 12 136
YLR202C 10 524
YLR203C 21 337
YLR204W 5 66
YLR205C 25 3567
YLR206W 16 433
YLR207W 38 1142
YLR208W 7 69
YLR209C 16 2582
YLR210W 9 167
YLR211C 8 39
YLR212C 6 27
YLR213C 39 2562
YLR214W 22 323
YLR215C 8 55
YLR216C 14 2312
YLR217W 12 2280
YLR218C 8 518
YLR219W 15 384
YLR220W 10 148
YLR221C 5 81
YLR222C 21 586
YLR222C-A 0 0
YLR223C 21 332
YLR224W 7 60
YLR225C 11 162
YLR226W 7 62
YLR227C 16 222
YLR228C 15 186
YLR229C 5 92
YLR230W 1 41
YLR231C 16 1560
YLR232W 6 114
YLR233C 25 454
YLR234W 55 2289
YLR235C 23 1271
YLR236C 25 1158
YLR237W 45 756
YLR238W 12 462
YLR239C 6 246
YLR240W 17 283
YLR241W 17 729
YLR242C 8 174
YLR243W 4 7
YLR244C 14 340
YLR245C 12 165
YLR246W 15 247
YLR247C 51 1435
YLR248W 27 944
YLR249W 27 226
YLR250W 12 400
YLR251W 6 76
YLR252W 2 35
YLR253W 21 406
YLR254C 9 30
YLR255C 20 233
YLR256W 62 1157
YLR257W 22 486
YLR258W 42 1162
YLR259C 24 424
YLR260W 31 337
YLR261C 2 119
YLR262C 6 191
YLR262C-A 2 6
YLR263W 26 604
YLR264W 0 0
YLR264C-A 2 2
YLR265C 4 16
YLR266C 22 733
YLR267W 17 153
YLR268W 8 58
YLR269C 15 271
YLR270W 11 207
YLR271W 17 136
YLR272C 28 612
YLR273C 16 285
YLR274W 9 148
YLR275W 2 21
YLR276C 8 52
YLR277C 18 171
YLR278C 29 740
YLR279W 19 334
YLR280C 11 249
YLR281C 12 255
YLR282C 7 208
YLR283W 14 493
YLR284C 2 21
YLR285W 2 9
YLR285C-A 3 52
YLR286C 5 156
YLR286W-A 0 0
YLR287C 7 39
YLR287C-A 0 0
YLR288C 17 511
YLR289W 19 181
YLR290C 4 25
YLR291C 11 169
YLR292C 5 320
YLR293C 5 21
YLR294C 11 252
YLR295C 6 34
YLR296W 23 2709
YLR297W 15 933
YLR298C 13 685
YLR299W 52 3116
YLR299C-A 2 12
YLR300W 27 1023
YLR301W 6 403
YLR302C 27 2678
YLR303W 17 283
YLR304C 54 1057
YLR305C 41 617
YLR306W 12 136
YLR307W 14 297
YLR307C-A 3 29
YLR308W 10 306
YLR309C 19 256
YLR310C 20 475
YLR311C 5 115
YLR312C 20 366
YLR312W-A 10 236
YLR313C 19 665
YLR314C 16 620
YLR315W 4 93
YLR316C 23 762
YLR317W 10 257
YLR318W 35 1677
YLR319C 11 211
YLR320W 29 1493
YLR321C 20 331
YLR322W 5 23
YLR323C 5 85
YLR324W 13 171
YLR325C 4 69
YLR326W 27 1285
YLR327C 5 36
YLR328W 21 831
YLR329W 6 20
YLR330W 28 295
YLR331C 2 150
YLR332W 5 156
YLR333C 16 152
YLR334C 6 141
YLR335W 10 134
YLR336C 26 661
YLR337C 23 211
YLR338W 4 9
YLR339C 2 106
YLR340W 2 106
YLR341W 7 330
YLR342W 34 415
YLR342W-A 1 3
YLR343W 23 553
YLR344W 2 19
YLR345W 21 1325
YLR346C 6 119
YLR347C 22 281
YLR347W-A 0 0
YLR348C 40 795
YLR349W 23 1385
YLR350W 11 85
YLR351C 15 763
YLR352W 41 1482
YLR353W 15 268
YLR354C 21 859
YLR355C 36 1380
YLR356W 10 115
YLR357W 43 990
YLR358C 18 404
YLR359W 7 120
YLR360W 19 690
YLR361C 28 1562
YLR361C-A 6 24
YLR362W 26 522
YLR363C 5 92
YLR363W-A 2 35
YLR364W 5 211
YLR365W 7 140
YLR364C-A 6 132
YLR366W 18 782
YLR367W 18 278
YLR368W 27 654
YLR369W 12 323
YLR370C 4 151
YLR371W 37 949
YLR372W 6 30
YLR373C 19 596
YLR374C 13 2138
YLR375W 10 98
YLR376C 10 416
YLR377C 16 353
YLR378C 37 704
YLR379W 12 329
YLR380W 23 311
YLR381W 23 479
YLR382C 30 566
YLR383W 25 727
YLR384C 34 632
YLR385C 7 211
YLR386W 18 301
YLR387C 12 151
YLR388W 4 97
YLR389C 59 1334
YLR390W 5 21
YLR390W-A 6 93
YLR392C 16 540
YLR393W 3 13
YLR394W 6 100
YLR395C 3 103
YLR396C 43 973
YLR397C 22 460
YLR398C 39 390
YLR399C 18 244
YLR399W-A 1 1
YLR400W 23 2317
YLR401C 49 2163
YLR402W 3 18
YLR403W 20 558
YLR404W 21 429
YLR405W 17 955
YLR406C 9 172
YLR406C-A 4 82
YLR407W 3 74
YLR408C 6 314
YLR409C 29 1017
YLR410W 55 1689
YLR411W 11 505
YLR412W 11 265
YLR412C-A 0 0
YLR413W 28 483
YLR414C 27 1010
YLR415C 32 1243
YLR416C 27 1331
YLR417W 30 838
YLR418C 10 68
YLR419W 20 1834
YLR420W 8 158
YLR421C 9 754
YLR422W 44 825
YLR423C 3 15
YLR424W 10 161
YLR425W 26 752
YLR426W 7 70
YLR427W 18 242
YLR428C 18 1366
YLR429W 41 963
YLR430W 32 398
YLR431C 16 486
YLR432W 21 515
YLR433C 11 269
YLR434C 3 42
YLR435W 2 36
YLR436C 52 1069
YLR437C 11 168
YLR437C-A 7 215
YLR438W 43 1460
YLR438C-A 2 11
YLR439W 12 95
YLR440C 11 119
YLR441C 11 116
YLR442C 23 906
YLR443W 11 148
YLR444C 1 21
YLR445W 6 405
YLR446W 7 87
YLR447C 17 478
YLR448W 9 40
YLR449W 9 163
YLR450W 51 1666
YLR451W 15 700
YLR452C 21 343
YLR453C 17 219
YLR454W 49 1657
YLR455W 12 212
YLR456W 13 260
YLR457C 12 203
YLR458W 9 93
YLR459W 1 6
YLR460C 12 293
YLR461W 1 38
YLR462W 0 0
YLR463C 0 0
YLR464W 0 0
YLR465C 0 0
YLR466W 0 0
YLR466C-A 0 0
YLR466C-B 0 0
YLR467W 0 0
YLR467C-A 0 0
YML133C 0 0
YML133W-B 0 0
YML133W-A 0 0
YML132W 0 0
YML131W 10 341
YML130C 13 451
YML129C 8 296
YML128C 32 1046
YML127W 15 381
YML126C 32 837
YML125C 20 454
YML124C 23 339
YML123C 21 797
YML122C 36 3003
YML121W 6 218
YML120C 24 1291
YML119W 10 317
YML118W 19 509
YML117W 35 977
YML116W-A 9 106
YML116W 25 909
YML115C 16 238
YML114C 14 641
YML113W 7 229
YML112W 7 124
YML111W 42 683
YML110C 8 41
YML109W 29 4495
YML108W 2 7
YML107C 6 145
YML106W 6 65
YML105C 5 88
YML104C 17 492
YML103C 27 729
YML102W 36 875
YML101C-A 9 387
YML101C 30 1430
YML100W-A 11 853
YML100W 78 3307
YML099W-A 1 57
YML099C 25 1144
YML098W 2 84
YML097C 13 462
YML096W 15 205
YML095C 2 17
YML094C-A 8 965
YML094W 7 949
YML093W 23 499
YML092C 7 32
YML091C 35 649
YML090W 9 229
YML089C 10 1068
YML088W 18 223
YML087C 17 413
YML086C 19 279
YML085C 8 120
YML084W 14 372
YML083C 36 818
YML082W 29 1404
YML081C-A 3 29
YML081W 26 329
YML080W 6 104
YML079W 17 310
YML078W 4 147
YML077W 9 378
YML076C 35 860
YML075C 37 1141
YML074C 3 57
YML073C 5 51
YML072C 65 3374
YML071C 17 458
YML070W 18 446
YML069W 3 39
YML068W 17 1700
YML067C 11 507
YML066C 12 329
YML065W 17 500
YML064C 10 202
YML063W 3 45
YML062C 7 263
YML061C 10 459
YML060W 9 221
YML059C 40 711
YML058W-A 2 88
YML058W 3 10
YML057C-A 4 71
YML057W 18 342
YML056C 21 280
YML055W 7 161
YML054C 36 1374
YML054C-A 16 262
YML053C 12 1066
YML052W 12 301
YML051W 33 1941
YML050W 10 232
YML049C 36 3911
YML048W 3 8
YML047W-A 1 8
YML047C 4 44
YML046W 9 74
YML043C 1 14
YML042W 35 6515
YML041C 14 195
YML038C 3 26
YML037C 5 339
YML036W 7 143
YML035C 31 1484
YML034C-A 5 57
YML034W 24 319
YML032C 14 415
YML031C-A 2 56
YML031W 17 1120
YML030W 8 141
YML029W 33 592
YML028W 17 1648
YML027W 14 478
YML026C 2 4
YML025C 8 244
YML024W 3 39
YML023C 18 305
YML022W 7 122
YML021C 23 929
YML020W 28 685
YML019W 4 398
YML018C 29 1163
YML017W 31 911
YML016C 24 796
YML015C 7 168
YML014W 12 377
YML013W 23 335
YML012C-A 11 94
YML012W 5 84
YML011C 8 152
YML010W 13 263
YML009W-B 2 4
YML009C-A 0 0
YML009C 3 18
YML008C 6 39
YML007C-A 6 91
YML007W 20 836
YML006C 23 371
YML005W 27 598
YML004C 43 1913
YML003W 13 233
YML002W 33 1281
YML001W 20 1107
YMR001C 41 2960
YMR001C-A 10 73
YMR002W 21 41921
YMR003W 8 88
YMR004W 26 1527
YMR005W 10 106
YMR006C 18 227
YMR007W 18 6841
YMR008C 11 148
YMR009W 6 117
YMR010W 9 160
YMR011W 26 664
YMR012W 27 1213
YMR013C 10 155
YMR013C-A 1 46
YMR013W-A 2 7
YMR014W 5 152
YMR015C 34 1036
YMR016C 12 85
YMR017W 11 102
YMR018W 16 373
YMR019W 26 681
YMR020W 12 224
YMR021C 12 218
YMR022W 4 2031
YMR023C 24 1490
YMR024W 8 160
YMR025W 7 371
YMR026C 8 190
YMR027W 11 186
YMR028W 5 94
YMR029C 7 85
YMR030W 15 266
YMR031C 15 281
YMR031W-A 12 331
YMR032W 11 318
YMR030W-A 6 209
YMR033W 8 456
YMR034C 21 392
YMR035W 4 206
YMR036C 12 362
YMR037C 19 430
YMR038C 10 391
YMR039C 17 341
YMR040W 8 534
YMR041C 5 97
YMR042W 24 1773
YMR043W 14 169
YMR044W 17 363
YMR046W-A 0 0
YMR047C 16 364
YMR048W 9 116
YMR049C 19 570
YMR052W 6 61
YMR052C-A 6 100
YMR053C 30 692
YMR054W 36 406
YMR055C 23 481
YMR056C 39 1314
YMR057C 22 7774
YMR058W 55 2517
YMR059W 2 12
YMR060C 7 217
YMR061W 10 288
YMR062C 15 365
YMR063W 12 665
YMR064W 16 221
YMR065W 23 2748
YMR066W 17 295
YMR067C 9 455
YMR068W 9 106
YMR069W 62 3616
YMR070W 19 584
YMR071C 8 221
YMR072W 3 69
YMR073C 10 79
YMR074C 6 76
YMR075W 10 188
YMR075C-A 3 144
YMR076C 29 495
YMR077C 8 280
YMR078C 13 404
YMR079W 8 108
YMR080C 17 196
YMR081C 8 296
YMR082C 16 810
YMR083W 14 477
YMR084W 22 594
YMR085W 8 184
YMR086W 23 921
YMR086C-A 10 463
YMR087W 19 1107
YMR088C 18 686
YMR089C 17 362
YMR090W 13 212
YMR091C 26 732
YMR092C 20 308
YMR093W 12 250
YMR094W 9 109
YMR095C 10 471
YMR096W 8 200
YMR097C 10 226
YMR098C 17 389
YMR099C 4 377
YMR100W 27 526
YMR101C 7 134
YMR102C 19 556
YMR103C 22 1206
YMR104C 35 1299
YMR105C 11 32
YMR105W-A 4 261
YMR106C 36 1052
YMR107W 14 609
YMR108W 22 552
YMR109W 34 227
YMR110C 16 291
YMR111C 18 246
YMR112C 4 21
YMR113W 13 227
YMR114C 12 212
YMR115W 15 1705
YMR116C 19 483
YMR117C 6 69
YMR118C 11 147
YMR119W 12 280
YMR119W-A 5 27
YMR120C 14 1619
YMR121C 9 142
YMR122C 30 10002
YMR122W-A 7 49
YMR123W 0 0
YMR124W 26 664
YMR125W 12 211
YMR126C 5 56
YMR127C 12 367
YMR128W 24 412
YMR129W 40 925
YMR130W 11 307
YMR131C 18 238
YMR132C 2 9
YMR133W 7 194
YMR134W 14 216
YMR135C 30 1095
YMR135W-A 41 2421
YMR136W 41 1064
YMR137C 24 731
YMR138W 5 155
YMR139W 11 392
YMR140W 9 296
YMR141C 1 7
YMR142C 0 0
YMR141W-A 0 0
YMR143W 4 66
YMR144W 14 3757
YMR145C 56 1116
YMR146C 14 90
YMR147W 11 154
YMR148W 11 445
YMR149W 21 579
YMR150C 17 840
YMR151W 19 1731
YMR152W 19 447
YMR153W 12 867
YMR153C-A 0 0
YMR154C 24 579
YMR155W 17 353
YMR156C 9 570
YMR157C 9 89
YMR158W 8 142
YMR158C-A 0 0
YMR158W-B 6 368
YMR159C 6 368
YMR160W 24 469
YMR161W 8 375
YMR162C 45 982
YMR163C 11 462
YMR164C 18 748
YMR165C 42 1100
YMR166C 6 125
YMR167W 14 309
YMR168C 12 202
YMR169C 20 244
YMR170C 17 1075
YMR171C 22 395
YMR172W 15 202
YMR172C-A 1 1
YMR173W 3 26
YMR173W-A 4 27
YMR174C 3 16
YMR175W 5 106
YMR175W-A 12 200
YMR176W 51 1076
YMR177W 8 64
YMR178W 13 157
YMR179W 23 372
YMR180C 23 661
YMR181C 4 110
YMR182C 7 124
YMR182W-A 4 114
YMR183C 9 884
YMR184W 11 220
YMR185W 16 215
YMR186W 13 481
YMR187C 15 240
YMR188C 5 130
YMR189W 33 3949
YMR190C 41 570
YMR191W 6 25
YMR192W 19 596
YMR193W 5 32
YMR193C-A 5 151
YMR194W 11 216
YMR194C-B 15 2850
YMR194C-A 15 698
YMR195W 8 447
YMR196W 47 1228
YMR197C 7 135
YMR198W 28 1901
YMR199W 16 275
YMR200W 11 188
YMR201C 21 885
YMR202W 21 300
YMR203W 9 128
YMR204C 3 28
YMR205C 24 160
YMR206W 27 799
YMR207C 56 941
YMR208W 23 553
YMR209C 16 522
YMR210W 17 234
YMR211W 14 205
YMR212C 12 557
YMR213W 12 1177
YMR214W 10 72
YMR215W 15 432
YMR216C 26 215951
YMR217W 11 257
YMR218C 15 194
YMR219W 39 638
YMR220W 16 313
YMR221C 17 736
YMR222C 5 55
YMR223W 12 172
YMR224C 37 652
YMR225C 9 68
YMR226C 16 271
YMR227C 13 202
YMR228W 17 428
YMR229C 31 555
YMR230W 7 273
YMR230W-A 12 196
YMR231W 30 914
YMR232W 16 562
YMR233W 11 528
YMR234W 8 275
YMR235C 13 456
YMR236W 8 212
YMR237W 21 778
YMR238W 11 3175
YMR239C 9 537
YMR240C 15 247
YMR241W 21 485
YMR242C 3 84
YMR242W-A 1 8
YMR243C 22 8542
YMR244W 29 1119
YMR244C-A 9 101
YMR245W 28 820
YMR246W 66 6009
YMR247C 42 2287
YMR247W-A 0 0
YMR250W 30 420
YMR251W 51 1737
YMR251W-A 0 0
YMR252C 10 201
YMR253C 21 928
YMR254C 8 938
YMR255W 2 17
YMR256C 3 41
YMR257C 12 137
YMR258C 12 215
YMR259C 18 298
YMR260C 0 0
YMR261C 25 654
YMR262W 15 160
YMR263W 8 137
YMR264W 4 396
YMR265C 17 2015
YMR266W 19 603
YMR267W 13 508
YMR268C 2 13
YMR269W 3 26
YMR270C 9 49
YMR271C 11 76
YMR272C 7 85
YMR272W-A 2 33
YMR272W-B 3 20
YMR273C 24 411
YMR274C 7 44
YMR275C 11 147
YMR276W 12 2234
YMR277W 19 180
YMR278W 15 214
YMR279C 17 1158
YMR280C 50 1351
YMR281W 10 186
YMR282C 14 1464
YMR283C 15 877
YMR284W 15 620
YMR285C 16 750
YMR286W 1 1
YMR287C 21 424
YMR288W 13 231
YMR289W 16 442
YMR290C 8 185
YMR290W-A 1 4
YMR291W 21 250
YMR292W 6 305
YMR293C 21 326
YMR294W 10 250
YMR294W-A 0 0
YMR295C 5 70
YMR296C 36 1783
YMR297W 31 1106
YMR298W 3 84
YMR299C 7 77
YMR300C 8 683
YMR301C 25 837
YMR302C 20 356
YMR303C 14 155
YMR304W 38 850
YMR304C-A 9 80
YMR305C 8 138
YMR306W 52 4758
YMR306C-A 13 1872
YMR307W 17 157
YMR307C-A 0 0
YMR308C 15 340
YMR309C 8 416
YMR310C 15 254
YMR311C 6 68
YMR312W 2 14
YMR313C 15 1000
YMR314W 7 44
YMR315W 21 7047
YMR315W-A 7 225
YMR316W 18 727
YMR316C-A 2 14
YMR316C-B 1 2
YMR317W 12 257
YMR318C 24 678
YMR319C 32 1073
YMR320W 6 155
YMR321C 1 1
YMR322C 0 0
YMR323W 4 47
YMR324C 3 18
YMR325W 1 1
YMR326C 4 416
YNL339C 0 0
YNL339W-B 0 0
YNL339W-A 0 0
YNL338W 2 6
YNL337W 2 8
YNL336W 4 18
YNL335W 0 0
YNL334C 4 59
YNL333W 0 0
YNL332W 3 69
YNL331C 4 18
YNL330C 19 317
YNL329C 30 428
YNL328C 7 49
YNL327W 15 205
YNL326C 12 464
YNL325C 38 1053
YNL324W 6 161
YNL323W 7 146
YNL322C 7 281
YNL321W 33 2526
YNL320W 15 2393
YNL319W 3 33
YNL318C 17 249
YNL317W 15 382
YNL316C 9 648
YNL315C 1 13
YNL314W 19 316
YNL313C 24 339
YNL312W 5 77
YNL311C 22 743
YNL310C 9 323
YNL309W 22 740
YNL308C 8 151
YNL307C 11 136
YNL306W 4 10
YNL305C 9 136
YNL304W 18 941
YNL303W 11 509
YNL302C 1 2
YNL301C 19 488
YNL300W 5 31
YNL299W 23 946
YNL298W 15 247
YNL297C 22 589
YNL296W 1 1
YNL295W 12 203
YNL294C 23 1685
YNL293W 27 2789
YNL292W 13 192
YNL291C 14 223
YNL290W 22 792
YNL289W 16 840
YNL288W 20 349
YNL287W 21 379
YNL286W 10 154
YNL285W 15 1904
YNL284C 8 100
YNL283C 17 400
YNL282W 12 597
YNL281W 6 383
YNL280C 15 672
YNL279W 29 1583
YNL278W 44 2481
YNL277W-A 18 5300
YNL277W 32 10356
YNL276C 11 120
YNL275W 20 1022
YNL274C 9 241
YNL273W 14 1790
YNL272C 7 203
YNL271C 29 512
YNL270C 20 562
YNL269W 23 1153
YNL268W 17 758
YNL267W 25 256
YNL266W 3 112
YNL265C 13 335
YNL264C 23 1481
YNL263C 11 282
YNL262W 56 1864
YNL261W 9 192
YNL260C 0 0
YNL259C 9 471
YNL258C 11 115
YNL257C 26 591
YNL256W 13 530
YNL255C 3 8
YNL254C 11 139
YNL253W 16 436
YNL252C 1 14
YNL251C 31 751
YNL250W 30 770
YNL249C 11 1337
YNL248C 3 18
YNL247W 18 530
YNL246W 12 202
YNL245C 8 80
YNL244C 9 203
YNL243W 33 771
YNL242W 40 1522
YNL241C 35 1310
YNL240C 40 1857
YNL239W 13 312
YNL238W 25 314
YNL237W 15 266
YNL236W 21 602
YNL235C 8 655
YNL234W 21 1346
YNL233W 18 572
YNL232W 12 311
YNL231C 29 1627
YNL230C 33 746
YNL229C 5 69
YNL228W 22 453
YNL227C 22 516
YNL226W 5 16
YNL225C 12 1612
YNL224C 28 1103
YNL223W 7 189
YNL222W 10 427
YNL221C 30 746
YNL220W 16 449
YNL219C 17 815
YNL218W 22 556
YNL217W 25 558
YNL216W 27 516
YNL215W 3 64
YNL214W 9 318
YNL213C 5 690
YNL212W 17 462
YNL211C 5 94
YNL210W 2 18
YNL209W 19 452
YNL208W 9 103
YNL207W 4 50
YNL206C 19 215
YNL205C 10 541
YNL204C 5 42
YNL203C 5 27
YNL202W 17 333
YNL201C 11 185
YNL200C 6 201
YNL199C 12 378
YNL198C 4 16
YNL197C 8 128
YNL196C 16 324
YNL195C 15 319
YNL194C 6 112
YNL193W 18 229
YNL192W 40 857
YNL191W 24 4296
YNL190W 8 32
YNL189W 7 201
YNL188W 9 225
YNL187W 20 1482
YNL186W 20 201
YNL185C 2 16
YNL184C 4 6
YNL183C 19 446
YNL182C 10 155
YNL181W 8 62
YNL180C 10 423
YNL179C 12 224
YNL178W 1 4
YNL177C 4 102
YNL176C 17 272
YNL175C 5 104
YNL174W 1 2
YNL173C 16 557
YNL172W 35 479
YNL171C 5 30
YNL170W 5 46
YNL169C 15 82
YNL168C 12 208
YNL167C 12 156
YNL166C 7 32
YNL165W 14 307
YNL164C 10 1477
YNL163C 36 658
YNL162W-A 1 2
YNL162W 3 34
YNL161W 12 278
YNL160W 14 638
YNL159C 7 80
YNL158W 12 450
YNL157W 4 409
YNL156C 9 84
YNL155W 9 24
YNL154C 24 432
YNL153C 10 3251
YNL152W 3 11
YNL151C 10 187
YNL150W 5 698
YNL149C 3 12
YNL148C 55 15140
YNL147W 2 10
YNL146C-A 6 649
YNL146W 7 1518
YNL145W 1 17
YNL144C 37 967
YNL144W-A 0 0
YNL143C 13 411
YNL142W 26 740
YNL141W 11 50
YNL140C 8 108
YNL139C 28 519
YNL138W-A 7 158
YNL138W 12 424
YNL137C 15 319
YNL136W 19 385
YNL135C 2 8
YNL134C 16 276
YNL133C 4 121
YNL132W 9 147
YNL131W 0 0
YNL130C 8 111
YNL130C-A 7 79
YNL129W 6 176
YNL128W 17 5626
YNL127W 18 281
YNL126W 21 543
YNL125C 31 618
YNL124W 18 315
YNL123W 23 1076
YNL122C 6 181
YNL121C 7 180
YNL120C 4 19
YNL119W 13 246
YNL118C 13 226
YNL117W 29 758
YNL116W 22 565
YNL115C 19 388
YNL114C 2 3
YNL113W 1 6
YNL112W 35 797
YNL111C 1 231
YNL110C 6 39
YNL109W 4 726
YNL108C 8 1505
YNL107W 5 94
YNL106C 40 7580
YNL105W 5 139
YNL104C 46 1853
YNL103W-A 3 38
YNL103W 13 128
YNL102W 30 328
YNL101W 23 635
YNL100W 7 99
YNL099C 7 79
YNL098C 10 82
YNL097C-B 5 1580
YNL097C 23 860
YNL097W-A 4 17
YNL096C 9 336
YNL095C 14 258
YNL094W 14 291
YNL093W 7 103
YNL092W 25 379
YNL091W 25 617
YNL090W 1 5
YNL089C 1 5
YNL088W 27 570
YNL087W 35 1614
YNL086W 5 87
YNL085W 21 286
YNL084C 4 7
YNL083W 14 1074
YNL082W 18 564
YNL081C 2 14
YNL080C 15 294
YNL079C 9 140
YNL078W 21 2262
YNL077W 20 246
YNL076W 18 376
YNL075W 9 246
YNL074C 13 495
YNL073W 21 766
YNL072W 21 1443
YNL071W 10 289
YNL070W 2 56
YNL069C 2 74
YNL068C 27 541
YNL067W-A 6 41
YNL067W-B 1 76
YNL067W 7 330
YNL066W 31 8752
YNL065W 16 231
YNL064C 16 542
YNL063W 8 169
YNL062C 10 411
YNL061W 20 249
YNL059C 14 341
YNL058C 10 181
YNL057W 1 6
YNL056W 5 954
YNL055C 14 343
YNL054W 32 397
YNL053W 36 1263
YNL052W 9 40
YNL051W 14 180
YNL050C 9 152
YNL049C 16 294
YNL048W 15 179
YNL047C 18 284
YNL046W 10 457
YNL045W 16 546
YNL044W 4 18
YNL043C 4 18
YNL042W-B 10 238
YNL042W 14 160
YNL041C 15 368
YNL040W 13 108
YNL039W 8 194
YNL038W 10 823
YNL037C 16 296
YNL036W 17 284
YNL035C 13 306
YNL034W 6 29
YNL033W 0 0
YNL032W 6 181
YNL031C 11 295
YNL030W 7 168
YNL029C 21 299
YNL028W 10 497
YNL027W 16 747
YNL026W 7 27
YNL025C 10 178
YNL024C-A 7 100
YNL024C 21 496
YNL023C 39 865
YNL022C 9 174
YNL021W 13 137
YNL020C 30 575
YNL019C 1 13
YNL018C 13 180
YNL017C 8 6896
YNL016W 10 163
YNL015W 0 0
YNL014W 23 6652
YNL013C 0 0
YNL012W 18 755
YNL011C 9 124
YNL010W 17 598
YNL009W 15 381
YNL008C 16 901
YNL007C 8 97
YNL006W 9 119
YNL005C 15 594
YNL004W 47 1042
YNL003C 18 263
YNL002C 10 193
YNL001W 23 463
YNR001C 45 2422
YNR001W-A 7 1333
YNR002C 57 6026
YNR003C 16 548
YNR003W-A 3 7
YNR004W 5 232
YNR005C 5 76
YNR006W 13 166
YNR007C 4 21
YNR008W 35 874
YNR009W 6 41
YNR010W 5 170
YNR011C 32 963
YNR012W 7 107
YNR013C 42 2361
YNR014W 22 3777
YNR015W 36 1011
YNR016C 97 3232
YNR017W 14 809
YNR018W 31 980
YNR019W 38 929
YNR020C 11 441
YNR021W 10 404
YNR022C 3 77
YNR023W 4 127
YNR024W 2 3
YNR025C 2 20
YNR026C 13 395
YNR027W 16 789
YNR028W 15 633
YNR029C 16 316
YNR030W 14 485
YNR031C 90 2244
YNR032W 30 1679
YNR032C-A 3 30
YNR033W 27 1250
YNR034W 18 1885
YNR034W-A 4 56
YNR035C 6 405
YNR036C 6 63
YNR037C 6 144
YNR038W 13 554
YNR039C 25 1082
YNR040W 19 398
YNR041C 8 257
YNR042W 1 9
YNR043W 6 54
YNR044W 16 441
YNR045W 15 177
YNR046W 5 364
YNR047W 29 374
YNR048W 11 712
YNR049C 5 39
YNR050C 16 295
YNR051C 9 79
YNR052C 16 253
YNR053C 13 105
YNR054C 16 858
YNR055C 28 1360
YNR056C 22 972
YNR057C 30 2818
YNR058W 16 353
YNR059W 18 516
YNR060W 34 1392
YNR061C 8 60
YNR062C 1 4
YNR063W 10 153
YNR064C 12 263
YNR065C 11 352
YNR066C 17 471
YNR067C 22 600
YNR068C 9 28
YNR069C 17 204
YNR070W 42 1221
YNR071C 19 1452
YNR072W 16 726
YNR073C 10 141
YNR074C 11 91
YNR075W 13 424
YNR075C-A 4 292
YNR076W 0 0
YNR077C 0 0
YOL166W-A 4 531
YOL166C 2 172
YOL165C 4 131
YOL164W-A 1 6
YOL164W 18 288
YOL163W 10 302
YOL162W 4 32
YOL161C 2 23
YOL160W 3 8
YOL159C-A 2 19
YOL159C 8 172
YOL158C 31 1204
YOL157C 22 1058
YOL156W 4 47
YOL155W-A 0 0
YOL155C 23 516
YOL154W 6 240
YOL152W 27 950
YOL151W 2 10
YOL150C 0 0
YOL149W 4 65
YOL148C 7 134
YOL147C 7 256
YOL146W 7 246
YOL145C 20 616
YOL144W 4 35
YOL143C 10 196
YOL142W 10 387
YOL141W 28 950
YOL140W 14 594
YOL139C 3 25
YOL138C 47 1200
YOL137W 19 727
YOL136C 7 56
YOL135C 6 59
YOL134C 7 312
YOL133W 0 0
YOL132W 17 2087
YOL131W 6 116
YOL130W 17 241
YOL129W 16 882
YOL128C 11 474
YOL127W 0 0
YOL126C 21 929
YOL125W 19 421
YOL124C 17 763
YOL123W 20 259
YOL122C 24 929
YOL121C 5 28
YOL120C 8 146
YOL119C 19 255
YOL118C 11 374
YOL117W 11 594
YOL116W 11 176
YOL115W 28 739
YOL114C 6 179
YOL113W 20 208
YOL112W 25 967
YOL111C 19 328
YOL110W 40 15395
YOL109W 1 4
YOL108C 7 63
YOL107W 20 351
YOL106W 8 252
YOL105C 7 101
YOL104C 7 85
YOL103W 13 208
YOL102C 4 72
YOL101C 1 2
YOL100W 18 528
YOL099C 5 140
YOL098C 33 850
YOL097W-A 4 117
YOL097C 11 607
YOL096C 14 435
YOL095C 18 398
YOL094C 11 323
YOL093W 3 18
YOL092W 13 275
YOL091W 5 28
YOL090W 22 325
YOL089C 29 671
YOL088C 8 116
YOL087C 20 478
YOL086W-A 15 2831
YOL086C 18 224
YOL085W-A 10 477
YOL085C 17 400
YOL084W 52 1540
YOL083W 6 97
YOL083C-A 0 0
YOL082W 14 580
YOL081W 77 2268
YOL080C 5 386
YOL079W 2 4
YOL078W 26 514
YOL077W-A 5 152
YOL077C 9 270
YOL076W 11 87
YOL075C 28 908
YOL073C 11 222
YOL072W 10 214
YOL071W 3 60
YOL070C 14 967
YOL069W 16 266
YOL068C 23 430
YOL067C 4 267
YOL066C 19 382
YOL065C 18 409
YOL064C 10 236
YOL063C 25 648
YOL062C 6 373
YOL061W 19 482
YOL060C 30 1642
YOL059W 36 17656
YOL058W 34 1181
YOL057W 20 274
YOL056W 14 564
YOL055C 19 531
YOL054W 13 262
YOL053W 19 2664
YOL052C-A 3 131
YOL052C 29 1149
YOL051W 19 1943
YOL050C 4 1545
YOL049W 13 216
YOL048C 6 93
YOL047C 5 40
YOL046C 8 319
YOL045W 25 598
YOL044W 7 33
YOL043C 10 322
YOL042W 15 328
YOL041C 12 644
YOL040C 1 1
YOL039W 1 1
YOL038C-A 0 0
YOL038W 7 313
YOL037C 2 47
YOL036W 20 526
YOL035C 2 22
YOL034W 38 922
YOL033W 14 352
YOL032W 10 71
YOL031C 24 393
YOL030W 17 955
YOL029C 11 184
YOL028C 14 1048
YOL027C 15 220
YOL026C 14 1854
YOL025W 8 89
YOL024W 8 109
YOL023W 14 171
YOL022C 9 166
YOL021C 20 774
YOL020W 25 1272
YOL019W-A 14 399
YOL019W 18 471
YOL018C 7 223
YOL017W 22 386
YOL016C 9 179
YOL015W 12 98
YOL014W 4 54
YOL013W-B 0 0
YOL013W-A 8 406
YOL013C 13 117
YOL012C 7 101
YOL011W 25 537
YOL010W 11 169
YOL009C 11 295
YOL008W 5 83
YOL007C 25 480
YOL006C 16 764
YOL005C 4 15
YOL004W 31 623
YOL003C 32 1457
YOL002C 29 32712
YOL001W 20 596
YOR001W 48 2122
YOR002W 31 1102
YOR003W 43 1453
YOR004W 7 102
YOR005C 45 1073
YOR006C 11 132
YOR007C 16 216
YOR008C 1 1
YOR008C-A 3 4
YOR008W-B 4 329
YOR009W 4 39
YOR010C 3 229
YOR011W 29 773
YOR011W-A 2 30
YOR012W 3 23
YOR013W 9 143
YOR014W 16 282
YOR015W 2 21
YOR016C 7 369
YOR017W 18 334
YOR018W 32 911
YOR019W 24 2011
YOR020C 2 16
YOR020W-A 2 21
YOR021C 3 70
YOR022C 24 742
YOR023C 14 294
YOR024W 11 1219
YOR025W 19 240
YOR026W 16 1243
YOR027W 29 798
YOR028C 13 206
YOR029W 21 1898
YOR030W 21 692
YOR031W 10 94
YOR032C 8 139
YOR032W-A 10 313
YOR033C 12 455
YOR034C 29 446
YOR034C-A 8 191
YOR035C 15 315
YOR036W 4 33
YOR037W 19 348
YOR038C 24 831
YOR039W 7 90
YOR040W 22 813
YOR041C 7 364
YOR042W 20 886
YOR043W 9 140
YOR044W 4 135
YOR045W 3 42
YOR046C 18 292
YOR047C 5 51
YOR048C 13 225
YOR049C 10 226
YOR050C 12 472
YOR051C 8 253
YOR052C 5 18
YOR053W 3 20
YOR054C 21 417
YOR055W 12 301
YOR056C 17 351
YOR057W 9 168
YOR058C 27 565
YOR059C 12 237
YOR060C 10 282
YOR061W 9 148
YOR062C 14 1067
YOR063W 9 252
YOR064C 6 28
YOR065W 11 120
YOR066W 21 1056
YOR067C 10 140
YOR069W 18 261
YOR068C 1 54
YOR070C 7 889
YOR071C 20 395
YOR072W 11 192
YOR072W-A 9 338
YOR072W-B 2 5
YOR073W 11 720
YOR074C 9 392
YOR073W-A 1 59
YOR075W 2 29
YOR076C 20 1327
YOR077W 14 398
YOR078W 4 177
YOR079C 17 126
YOR080W 15 143
YOR081C 21 390
YOR082C 5 34
YOR083W 34 906
YOR084W 42 899
YOR085W 16 8430
YOR086C 36 930
YOR087W 25 1530
YOR089C 6 115
YOR090C 30 1978
YOR091W 17 1098
YOR092W 18 296
YOR093C 32 1924
YOR094W 5 69
YOR095C 6 149
YOR096W 3 32
YOR097C 11 117
YOR098C 26 469
YOR099W 22 814
YOR100C 12 225
YOR101W 7 175
YOR102W 0 0
YOR103C 0 0
YOR104W 7 267
YOR105W 2 98
YOR106W 6 47
YOR107W 16 558
YOR108W 22 513
YOR108C-A 1 1
YOR109W 21 391
YOR110W 13 382
YOR111W 5 95
YOR112W 15 373
YOR113W 19 306
YOR114W 11 7486
YOR115C 5 53
YOR116C 23 612
YOR117W 6 139
YOR118W 26 825
YOR119C 13 252
YOR120W 21 1373
YOR121C 6 383
YOR122C 11 125
YOR123C 6 32
YOR124C 34 668
YOR125C 5 69
YOR126C 8 528
YOR127W 25 727
YOR128C 11 226
YOR129C 8 213
YOR130C 13 13909
YOR131C 11 92
YOR132W 15 308
YOR133W 1 10
YOR134W 32 7322
YOR135C 2 38
YOR136W 9 564
YOR137C 23 804
YOR138C 60 4844
YOR139C 4 57
YOR140W 23 655
YOR141C 25 526
YOR142W 18 564
YOR143C 8 222
YOR144C 15 178
YOR145C 7 147
YOR146W 2 81
YOR147W 7 88
YOR148C 9 64
YOR149C 14 179
YOR150W 4 80
YOR151C 29 521
YOR152C 0 0
YOR153W 70 2600
YOR154W 10 435
YOR155C 9 142
YOR156C 11 246
YOR157C 12 266
YOR158W 6 23
YOR159C 6 95
YOR160W 18 582
YOR161C 19 439
YOR161W-A 2 9
YOR161W-B 2 7
YOR161C-C 8 121
YOR162C 34 628
YOR163W 8 149
YOR164C 15 320
YOR165W 25 1066
YOR166C 12 831
YOR167C 1 18
YOR168W 15 523
YOR169C 3 11
YOR170W 2 32
YOR171C 13 464
YOR172W 14 98
YOR173W 17 492
YOR174W 10 444
YOR175C 14 505
YOR176W 21 320
YOR177C 12 192
YOR178C 21 561
YOR179C 25 642
YOR180C 0 0
YOR181W 8 85
YOR182C 9 86
YOR183W 24 1293
YOR184W 9 184
YOR185C 4 6
YOR186W 20 1109
YOR186C-A 12 982
YOR187W 23 793
YOR188W 26 530
YOR189W 5 55
YOR190W 18 581
YOR191W 29 690
YOR192C 15 143
YOR192C-C 0 0
YOR193W 4 17
YOR194C 5 330
YOR195W 12 261
YOR196C 16 348
YOR197W 16 238
YOR198C 12 189
YOR199W 15 554
YOR200W 3 35
YOR201C 6 81
YOR202W 21 282
YOR203W 17 1703
YOR204W 18 495
YOR205C 30 744
YOR206W 16 267
YOR207C 29 631
YOR208W 12 1532
YOR209C 19 291
YOR210W 1 1
YOR211C 40 962
YOR212W 19 244
YOR213C 16 708
YOR214C 10 67
YOR215C 9 123
YOR216C 28 898
YOR217W 23 355
YOR218C 4 101
YOR219C 35 810
YOR220W 9 81
YOR221C 12 292
YOR222W 38 3711
YOR223W 17 247
YOR224C 8 305
YOR225W 4 46
YOR226C 6 151
YOR227W 42 4198
YOR228C 9 157
YOR229W 40 1400
YOR230W 22 336
YOR231W 25 632
YOR231C-A 5 145
YOR232W 6 185
YOR233W 24 518
YOR234C 7 187
YOR235W 5 79
YOR236W 13 270
YOR237W 8 255
YOR238W 14 248
YOR239W 15 143
YOR241W 18 282
YOR242C 16 170
YOR243C 14 262
YOR244W 10 85
YOR245C 6 38
YOR246C 9 349
YOR247W 8 237
YOR248W 6 220
YOR249C 10 160
YOR250C 16 330
YOR251C 20 4768
YOR252W 5 119
YOR253W 7 68
YOR254C 17 743
YOR255W 9 134
YOR256C 21 593
YOR257W 1 9
YOR258W 3 12
YOR259C 8 204
YOR260W 19 458
YOR261C 13 238
YOR262W 6 102
YOR263C 5 39
YOR264W 11 514
YOR265W 2 50
YOR266W 9 334
YOR267C 35 1589
YOR268C 30 1812
YOR269W 14 471
YOR270C 36 2394
YOR271C 16 670
YOR272W 8 133
YOR273C 33 1217
YOR274W 21 740
YOR275C 18 1049
YOR276W 5 101
YOR277C 2 59
YOR278W 8 192
YOR279C 13 177
YOR280C 10 140
YOR281C 6 105
YOR282W 8 903
YOR283W 6 105
YOR284W 7 140
YOR285W 4 140
YOR286W 4 328
YOR287C 5 49
YOR288C 6 6169
YOR289W 24 530
YOR290C 16 187
YOR291W 45 602
YOR292C 17 242
YOR293W 5 50
YOR293C-A 4 56
YOR294W 4 65
YOR295W 11 152
YOR296W 32 581
YOR297C 5 145
YOR298W 28 1172
YOR298C-A 6 94
YOR299W 32 1249
YOR300W 8 795
YOR301W 50 5233
YOR302W 4 12
YOR303W 31 10273
YOR304W 25 1625
YOR304C-A 5 117
YOR305W 4 41
YOR306C 16 356
YOR307C 17 466
YOR308C 10 200
YOR309C 0 0
YOR310C 7 274
YOR311C 8 583
YOR312C 2 46
YOR313C 9 101
YOR314W 4 169
YOR314W-A 1 5
YOR315W 11 166
YOR316C 24 631
YOR316C-A 25 2285
YOR317W 42 1074
YOR318C 44 15559
YOR319W 4 36
YOR320C 12 378
YOR321W 29 568
YOR322C 32 904
YOR323C 11 507
YOR324C 21 572
YOR325W 11 160
YOR326W 29 527
YOR327C 5 137
YOR328W 55 2087
YOR329C 16 419
YOR329W-A 1 25
YOR330C 23 179
YOR331C 4 63
YOR332W 6 17
YOR333C 2 25
YOR334W 8 90
YOR335C 36 922
YOR335W-A 0 0
YOR336W 33 638
YOR337W 24 2030
YOR338W 22 447
YOR339C 1 15
YOR340C 6 58
YOR341W 17 167
YOR342C 17 1198
YOR343C 34 4741
YOR344C 19 5208
YOR345C 4 19
YOR346W 33 715
YOR347C 16 123
YOR348C 176 119292
YOR349W 47 1085
YOR350C 26 1498
YOR351C 25 429
YOR352W 7 282
YOR353C 14 283
YOR354C 23 889
YOR355W 9 157
YOR356W 27 736
YOR357C 20 462
YOR358W 19 788
YOR359W 13 329
YOR360C 19 293
YOR361C 30 1274
YOR362C 7 102
YOR363C 36 776
YOR364W 16 729
YOR365C 28 688
YOR366W 2 8
YOR367W 3 32
YOR368W 20 1218
YOR369C 9 92
YOR370C 13 176
YOR371C 45 14832
YOR372C 11 353
YOR373W 21 295
YOR374W 26 1006
YOR375C 32 4819
YOR376W 15 2993
YOR376W-A 0 0
YOR377W 23 415
YOR378W 16 326
YOR379C 12 224
YOR380W 28 595
YOR381W 14 1864
YOR381W-A 4 75
YOR382W 3 7
YOR383C 2 8
YOR384W 23 300
YOR385W 12 405
YOR386W 3 28
YOR387C 2 4
YOR388C 2 12
YOR389W 18 366
YOR390W 3 114
YOR391C 3 79
YOR392W 3 4
YOR393W 0 0
YOR394W 0 0
YOR394C-A 1 4
YOR396W 0 0
YOR396C-A 0 0
YPL283C 0 0
YPL283W-B 0 0
YPL283W-A 0 0
YPL282C 0 0
YPL281C 0 0
YPL280W 0 0
YPL279C 5 39
YPL278C 0 0
YPL277C 15 267
YPL274W 38 1574
YPL273W 8 212
YPL272C 5 201
YPL271W 2 29
YPL270W 22 640
YPL269W 27 933
YPL268W 19 501
YPL267W 6 21
YPL266W 11 1317
YPL265W 50 2039
YPL264C 10 222
YPL263C 23 478
YPL262W 28 523
YPL261C 11 863
YPL260W 6 61
YPL259C 18 494
YPL258C 32 1031
YPL257W 6 48
YPL256C 16 561
YPL255W 18 890
YPL254W 12 256
YPL253C 17 1090
YPL252C 3 42
YPL251W 1 10
YPL250C 13 472
YPL249C-A 6 68
YPL250W-A 5 32
YPL249C 24 231
YPL248C 19 244
YPL247C 41 1495
YPL246C 12 342
YPL245W 14 554
YPL244C 24 829
YPL243W 8 338
YPL242C 47 1952
YPL241C 4 30
YPL240C 26 2596
YPL239W 5 27
YPL238C 0 0
YPL237W 2 31
YPL236C 17 663
YPL235W 7 202
YPL234C 8 181
YPL233W 9 294
YPL232W 19 222
YPL231W 71 2455
YPL230W 11 1389
YPL229W 10 252
YPL228W 11 132
YPL227C 14 124
YPL226W 23 302
YPL225W 1 54
YPL224C 34 905
YPL223C 11 191
YPL222W 33 594
YPL222C-A 1 13
YPL221W 64 1750
YPL220W 3 7
YPL219W 17 1606
YPL218W 11 98
YPL217C 25 362
YPL216W 28 840
YPL215W 9 52
YPL214C 20 517
YPL213W 14 217
YPL212C 18 762
YPL211W 7 223
YPL210C 17 484
YPL209C 8 44
YPL208W 27 698
YPL207W 28 1811
YPL206C 9 202
YPL205C 13 234
YPL204W 13 282
YPL203W 16 1083
YPL202C 13 131
YPL201C 16 189
YPL200W 3 43
YPL199C 12 170
YPL198W 27 1359
YPL197C 4 147
YPL196W 6 125
YPL195W 20 289
YPL194W 12 187
YPL193W 12 303
YPL192C 0 0
YPL191C 7 127
YPL190C 12 69
YPL189C-A 3 10
YPL189W 19 451
YPL188W 13 817
YPL187W 1 1
YPL186C 25 549
YPL185W 25 6905
YPL184C 22 270
YPL183W-A 4 30
YPL183C 30 556
YPL182C 9 201
YPL181W 12 236
YPL180W 18 475
YPL179W 19 608
YPL178W 9 68
YPL177C 7 3647
YPL176C 30 660
YPL175W 16 333
YPL174C 14 610
YPL173W 4 25
YPL172C 10 74
YPL171C 27 782
YPL170W 14 174
YPL169C 10 157
YPL168W 16 238
YPL167C 28 784
YPL166W 6 35
YPL165C 5 55
YPL164C 31 670
YPL163C 4 10
YPL162C 13 155
YPL161C 21 411
YPL160W 21 434
YPL159C 5 31
YPL158C 30 332
YPL157W 16 215
YPL156C 22 358
YPL155C 34 1146
YPL154C 11 124
YPL153C 26 1510
YPL152W-A 0 0
YPL152W 2 101
YPL151C 23 457
YPL150W 17 302
YPL149W 6 155
YPL148C 4 21
YPL147W 14 188
YPL146C 6 54
YPL145C 1 3
YPL144W 22 628
YPL143W 3 183
YPL142C 0 0
YPL141C 34 628
YPL140C 15 401
YPL139C 13 315
YPL138C 9 90
YPL137C 48 1205
YPL136W 2 205
YPL135W 17 690
YPL135C-A 7 317
YPL134C 25 604
YPL133C 28 2856
YPL132W 9 76
YPL131W 4 30
YPL130W 1 2
YPL129W 0 0
YPL128C 11 244
YPL127C 9 133
YPL126W 10 191
YPL125W 18 392
YPL124W 11 404
YPL123C 6 335
YPL122C 12 183
YPL121C 2 271
YPL120W 6 44
YPL119C-A 3 25
YPL119C 23 323
YPL118W 6 144
YPL117C 8 93
YPL116W 28 791
YPL115C 22 528
YPL114W 5 72
YPL113C 17 926
YPL112C 14 237
YPL111W 62 35801
YPL110C 40 3611
YPL109C 33 4849
YPL108W 16 369
YPL107W 7 166
YPL106C 15 159
YPL105C 24 764
YPL104W 17 682
YPL103C 22 4696
YPL102C 6 212
YPL101W 11 700
YPL100W 8 91
YPL099C 3 15
YPL098C 1 7
YPL097W 11 305
YPL096C-A 4 140
YPL096W 25 563
YPL095C 27 863
YPL094C 17 293
YPL093W 16 227
YPL092W 25 366
YPL091W 13 400
YPL090C 1 5
YPL089C 24 742
YPL088W 19 509
YPL087W 7 69
YPL086C 11 244
YPL085W 41 667
YPL084W 10 347
YPL083C 11 454
YPL082C 35 505
YPL081W 15 451
YPL080C 10 253
YPL079W 5 27
YPL078C 7 50
YPL077C 15 602
YPL076W 5 94
YPL075W 27 266
YPL074W 22 741
YPL073C 2 23
YPL072W 12 238
YPL071C 6 225
YPL070W 14 192
YPL069C 7 255
YPL068C 11 98
YPL067C 37 19492
YPL066W 27 380
YPL065W 5 234
YPL064C 10 720
YPL063W 18 435
YPL062W 30 1225
YPL061W 31 430
YPL060W 8 294
YPL059W 5 30
YPL058C 40 763
YPL057C 16 510
YPL056C 16 1792
YPL055C 28 879
YPL054W 12 130
YPL053C 15 1020
YPL052W 8 93
YPL051W 9 399
YPL050C 3 51
YPL049C 20 372
YPL048W 13 219
YPL047W 4 24
YPL046C 3 10
YPL045W 24 1228
YPL044C 4 128
YPL043W 19 481
YPL042C 18 499
YPL041C 4 38
YPL040C 22 388
YPL039W 5 46
YPL038W-A 2 22
YPL038W 8 136
YPL037C 2 15
YPL036W 30 982
YPL035C 2 5
YPL034W 3 47
YPL033C 2 6
YPL032C 17 257
YPL031C 20 453
YPL030W 15 589
YPL029W 16 206
YPL028W 14 487
YPL027W 7 107
YPL026C 13 104
YPL025C 8 383
YPL024W 24 325
YPL023C 4 2436
YPL022W 18 367
YPL021W 5 61
YPL020C 6 125
YPL019C 24 441
YPL018W 16 309
YPL017C 21 475
YPL016W 26 607
YPL015C 31 973
YPL014W 20 499
YPL013C 4 70
YPL012W 18 445
YPL011C 13 485
YPL010W 4 22
YPL009C 21 405
YPL008W 10 72
YPL007C 4 156
YPL006W 43 9015
YPL005W 21 124
YPL004C 23 546
YPL003W 41 1450
YPL002C 29 1225
YPL001W 36 590
YPR001W 69 13852
YPR002W 49 2948
YPR002C-A 1 2
YPR003C 25 590
YPR004C 8 83
YPR005C 8 108
YPR006C 24 721
YPR007C 17 249
YPR008W 33 1015
YPR009W 7 393
YPR010C 16 145
YPR010C-A 0 0
YPR011C 27 314
YPR012W 8 69
YPR013C 9 204
YPR014C 8 110
YPR015C 11 239
YPR016C 6 85
YPR016W-A 4 90
YPR017C 7 196
YPR018W 7 31
YPR019W 32 1003
YPR020W 3 9
YPR021C 16 238
YPR022C 34 1727
YPR023C 24 245
YPR024W 13 289
YPR025C 6 130
YPR026W 46 112283
YPR027C 5 158
YPR028W 3 13
YPR029C 13 205
YPR030W 25 1300
YPR031W 27 1686
YPR032W 8 228
YPR033C 21 439
YPR034W 10 320
YPR035W 18 480
YPR036W 37 1531
YPR036W-A 5 41
YPR037C 25 939
YPR038W 11 278
YPR039W 10 167
YPR040W 19 502
YPR041W 14 201
YPR042C 21 401
YPR043W 3 55
YPR044C 2 54
YPR045C 14 311
YPR046W 5 100
YPR047W 13 457
YPR048W 15 379
YPR049C 23 1545
YPR050C 13 1056
YPR051W 17 1068
YPR052C 2 145
YPR053C 9 4544
YPR054W 20 725
YPR055W 13 347
YPR056W 8 264
YPR057W 6 96
YPR058W 5 30
YPR059C 1 1
YPR060C 6 68
YPR061C 17 424
YPR062W 15 375
YPR063C 5 93
YPR064W 24 698
YPR065W 9 36
YPR066W 12 96
YPR067W 14 304
YPR068C 14 175
YPR069C 9 364
YPR070W 17 337
YPR071W 6 142
YPR072W 14 701
YPR073C 12 206
YPR074C 32 637
YPR074W-A 5 415
YPR075C 6 27
YPR076W 1 2
YPR077C 13 1523
YPR078C 20 1665
YPR079W 20 191
YPR080W 3 109
YPR081C 25 739
YPR082C 6 116
YPR083W 29 591
YPR084W 11 151
YPR085C 5 37
YPR086W 19 290
YPR087W 6 1448
YPR088C 13 2009
YPR089W 17 1068
YPR091C 15 205
YPR092W 14 2306
YPR093C 20 529
YPR094W 3 26
YPR095C 27 656
YPR096C 9 1318
YPR097W 38 759
YPR098C 8 84
YPR099C 7 179
YPR100W 6 147
YPR101W 4 18
YPR102C 0 0
YPR103W 3 71
YPR104C 16 263
YPR105C 14 331
YPR106W 22 550
YPR107C 14 729
YPR108W 6 207
YPR108W-A 7 367
YPR109W 12 393
YPR110C 8 123
YPR111W 23 2652
YPR112C 16 347
YPR113W 7 118
YPR114W 13 180
YPR115W 24 489
YPR116W 9 85
YPR117W 67 2421
YPR118W 10 394
YPR119W 10 148
YPR120C 18 357
YPR121W 27 485
YPR122W 60 3431
YPR123C 7 90
YPR124W 22 658
YPR125W 12 446
YPR126C 2 45
YPR127W 14 143
YPR128C 9 83
YPR129W 3 221
YPR130C 4 1091
YPR131C 5 349
YPR132W 0 0
YPR133C 13 4074
YPR133W-A 2 7
YPR134W 6 116
YPR135W 24 335
YPR136C 1 33
YPR137W 6 74
YPR138C 31 773
YPR139C 1 43
YPR140W 12 193
YPR141C 20 495
YPR142C 7 527
YPR143W 1 48
YPR144C 13 253
YPR145W 52 2498
YPR145C-A 10 419
YPR146C 5 83
YPR147C 15 1678
YPR148C 10 147
YPR149W 17 304
YPR150W 21 580
YPR151C 21 569
YPR152C 24 847
YPR153W 16 531
YPR154W 4 79
YPR155C 25 815
YPR156C 21 489
YPR157W 27 1212
YPR158W 10 293
YPR159W 34 1111
YPR159C-A 3 41
YPR160W 62 1710
YPR160W-A 4 81
YPR160C-A 5 531
YPR161C 12 464
YPR162C 15 241
YPR163C 6 267
YPR164W 35 834
YPR165W 5 25
YPR166C 8 261
YPR167C 10 148
YPR168W 7 257
YPR169W 19 597
YPR170C 10 547
YPR169W-A 2 3
YPR170W-B 8 391
YPR170W-A 4 59
YPR171W 12 58
YPR172W 7 155
YPR173C 6 92
YPR174C 5 80
YPR175W 21 437
YPR176C 10 78
YPR177C 3 263
YPR178W 17 805
YPR179C 13 396
YPR180W 4 88
YPR181C 10 127
YPR182W 3 75
YPR183W 16 296
YPR184W 60 1968
YPR185W 25 2373
YPR186C 13 198
YPR187W 1 1
YPR188C 5 158
YPR189W 33 656
YPR190C 25 308
YPR191W 15 142
YPR192W 33 2313
YPR193C 15 1113
YPR194C 32 6727
YPR195C 22 2498
YPR196W 27 1229
YPR197C 4 33
YPR198W 11 260
YPR199C 16 1478
YPR200C 0 0
YPR201W 20 430
YPR202W 0 0
YPR203W 0 0
YPR204W 0 0
YPR204C-A 0 0
