YAL069W 1 2
YAL068W-A 6 330
YAL068C 0 0
YAL067W-A 6 2242
YAL067C 4 51
YAL066W 5 18476
YAL065C 1 1
YAL064W-B 1 1
YAL064C-A 0 0
YAL064W 1 45
YAL063C-A 0 0
YAL063C 1 1
YAL062W 11 105
YAL061W 0 0
YAL060W 1 1
YAL059C-A 1 1
YAL059W 4 5673
YAL058W 3 14
YAL056C-A 9 2541
YAL056W 7 161
YAL055W 4 123
YAL054C 2 53
YAL053W 2 8
YAL051W 2 260
YAL049C 2 26
YAL048C 1 10
YAL047W-A 3 92
YAL047C 2 9
YAL046C 4 39
YAL045C 2 152
YAL044W-A 4 39
YAL044C 7 926
YAL043C 6 1393
YAL042C-A 3 41
YAL042W 4 124
YAL041W 2 194
YAL040C 1 1
YAL039C 11 1140
YAL038W 1 1
YAL037C-B 1 31
YAL037C-A 3 37
YAL037W 0 0
YAL036C 0 0
YAL035W 0 0
YAL034C-B 1 80
YAL034W-A 5 168
YAL034C 5 61
YAL033W 2 4
YAL032C 3 11
YAL031W-A 4 148
YAL031C 3 24
YAL030W 7 6997
YAL029C 0 0
YAL028W 0 0
YAL027W 1 21
YAL026C-A 0 0
YAL026C 0 0
YAL025C 6 1167
YAL024C 0 0
YAL023C 1 1
YAL022C 1 2
YAL021C 5 624
YAL020C 3 3
YAL019W-A 3 116
YAL019W 3 148
YAL018C 0 0
YAL017W 2 20
YAL016C-B 6 78
YAL016C-A 1 1
YAL016W 1 22
YAL015C 3 77
YAL014C 7 43
YAL013W 5 57
YAL012W 7 652
YAL011W 6 372
YAL010C 1 1
YAL009W 5 383
YAL008W 1 1
YAL007C 1 1
YAL005C 2 382
YAL004W 0 0
YAL003W 7 218
YAL002W 2 8
YAL001C 3 238
YAR002W 4 1068
YAR002C-A 6 202
YAR003W 1 1
YAR007C 0 0
YAR008W 1 29
YAR014C 2 29
YAR015W 2 9
YAR018C 3 145
YAR019C 3 7
YAR019W-A 0 0
YAR020C 1 2
YAR023C 0 0
YAR027W 0 0
YAR028W 2 68
YAR029W 1 72
YAR030C 1 20
YAR031W 2 31
YAR033W 3 63
YAR035W 12 3231
YAR035C-A 6 101734
YAR042W 1 5
YAR047C 0 0
YAR050W 1 1
YAR053W 0 0
YAR060C 0 0
YAR064W 0 0
YAR066W 0 0
YAR068W 0 0
YAR069C 0 0
YAR070C 0 0
YAR071W 0 0
YAR073W 0 0
YAR075W 3 18
YBL113C 0 0
YBL113W-A 0 0
YBL112C 0 0
YBL111C 0 0
YBL109W 0 0
YBL108C-A 0 0
YBL108W 0 0
YBL107W-A 0 0
YBL107C 4 44
YBL106C 1 5
YBL105C 0 0
YBL104C 4 32
YBL103C 0 0
YBL102W 0 0
YBL101C 3 28
YBL100W-C 3 28
YBL100C 1 43
YBL099W 0 0
YBL098W 0 0
YBL097W 0 0
YBL096C 0 0
YBL095W 6 129
YBL094C 1 16
YBL093C 3 14
YBL092W 0 0
YBL091C-A 5 281
YBL091C 5 49
YBL090W 0 0
YBL089W 3 5
YBL088C 0 0
YBL087C 2 93
YBL086C 0 0
YBL085W 0 0
YBL084C 0 0
YBL083C 2 170
YBL082C 5 146
YBL081W 2 63
YBL080C 0 0
YBL079W 0 0
YBL078C 1 6
YBL077W 4 27
YBL076C 0 0
YBL075C 5 66
YBL074C 6 441
YBL073W 1 25
YBL072C 0 0
YBL071C-B 2 48
YBL071W-A 5 3253
YBL071C 4 59
YBL070C 4 115
YBL069W 2 23
YBL068W-A 2 93
YBL068W 3 13
YBL067C 0 0
YBL066C 1 6
YBL065W 0 0
YBL064C 6 140
YBL063W 3 5
YBL062W 1 35
YBL061C 1 25
YBL060W 7 762
YBL059C-A 0 0
YBL059W 0 0
YBL058W 5 136
YBL057C 3 20
YBL056W 1 1
YBL055C 6 92
YBL054W 1 6
YBL053W 3 19
YBL052C 2 12
YBL051C 0 0
YBL050W 1 4
YBL049W 1 6
YBL048W 1 14
YBL047C 2 14
YBL046W 7 162
YBL045C 1 95
YBL044W 7 79
YBL043W 4 15
YBL042C 3 30
YBL041W 3 3
YBL040C 3 152
YBL039W-B 1 3
YBL039C 0 0
YBL039C-A 0 0
YBL038W 1 2
YBL037W 1 32
YBL036C 4 364
YBL035C 0 0
YBL034C 0 0
YBL033C 3 37
YBL032W 5 87
YBL031W 3 29
YBL030C 2 9
YBL029C-A 5 99
YBL029W 1 57
YBL028C 6 330
YBL027W 0 0
YBL026W 0 0
YBL025W 0 0
YBL024W 7 131
YBL023C 0 0
YBL022C 1 5
YBL021C 8 1283
YBL020W 0 0
YBL019W 1 40
YBL018C 1 8
YBL017C 1 2
YBL016W 1 1
YBL015W 9 807
YBL014C 1 6
YBL013W 4 366
YBL012C 2 6
YBL011W 2 39
YBL010C 2 2
YBL009W 1 17
YBL008W-A 0 0
YBL008W 1 29
YBL007C 9 912
YBL006C 4 67
YBL006W-A 2 32
YBL005W 1 7
YBL004W 1 59
YBL003C 7 403
YBL002W 1 87
YBL001C 3 68
YBR001C 3 221
YBR002C 2 6
YBR003W 1 69
YBR004C 5 21
YBR005W 1 2
YBR006W 3 10
YBR007C 5 168
YBR008C 2 3
YBR009C 2 12
YBR010W 4 97
YBR011C 1 1
YBR012C 0 0
YBR013C 0 0
YBR014C 1 55
YBR015C 0 0
YBR016W 1 22
YBR017C 2 17
YBR018C 0 0
YBR019C 1 2
YBR020W 3 22
YBR021W 1 4
YBR022W 0 0
YBR023C 2 14
YBR024W 0 0
YBR025C 3 49
YBR026C 5 46
YBR027C 0 0
YBR028C 0 0
YBR029C 0 0
YBR030W 3 252
YBR031W 3 25
YBR032W 3 88
YBR033W 4 43
YBR034C 3 35
YBR035C 1 1
YBR036C 3 226
YBR037C 6 70
YBR038W 2 4
YBR039W 0 0
YBR040W 1 93
YBR041W 1 55
YBR042C 0 0
YBR043C 0 0
YBR044C 0 0
YBR045C 0 0
YBR046C 1 19
YBR047W 2 117
YBR048W 2 28
YBR049C 7 1123
YBR050C 1 3
YBR051W 0 0
YBR052C 2 23
YBR053C 8 1048
YBR054W 0 0
YBR055C 3 10
YBR056W 2 7
YBR056W-A 0 0
YBR056C-B 4 746
YBR057C 2 20
YBR058C 1 103
YBR058C-A 0 0
YBR059C 0 0
YBR060C 1 116
YBR061C 2 54
YBR062C 3 41
YBR063C 0 0
YBR064W 1 1
YBR065C 0 0
YBR066C 0 0
YBR067C 0 0
YBR068C 3 65
YBR069C 2 181
YBR070C 4 146
YBR071W 5 118
YBR072W 4 64
YBR072C-A 3 11
YBR073W 3 11
YBR074W 2 490
YBR076W 0 0
YBR076C-A 5 1086
YBR077C 0 0
YBR078W 3 37
YBR079C 1 1
YBR080C 2 58
YBR081C 0 0
YBR082C 6 295
YBR083W 2 3
YBR084W 1 1115
YBR084C-A 1 15
YBR085W 1 2
YBR085C-A 0 0
YBR086C 1 23
YBR087W 4 81
YBR088C 0 0
YBR089W 1 57
YBR089C-A 4 12
YBR090C 2 540
YBR091C 6 1007
YBR092C 0 0
YBR093C 1 7
YBR094W 3 51
YBR095C 7 111
YBR096W 0 0
YBR097W 2 178
YBR098W 1 2
YBR099C 1 1
YBR101C 3 31
YBR102C 1 75
YBR103W 2 74
YBR103C-A 5 1161
YBR104W 1 1
YBR105C 0 0
YBR106W 6 684
YBR107C 2 56
YBR108W 1 9
YBR109C 3 37
YBR109W-A 1 21
YBR110W 1 5
YBR111C 5 331
YBR111W-A 4 9
YBR112C 0 0
YBR113W 0 0
YBR114W 2 125
YBR115C 2 26
YBR116C 5 779
YBR117C 4 24
YBR118W 4 58
YBR119W 2 47
YBR120C 2 534
YBR121C 1 8
YBR121C-A 0 0
YBR122C 5 191
YBR123C 0 0
YBR124W 0 0
YBR125C 1 2
YBR126C 6 374
YBR126W-A 5 1218
YBR126W-B 3 51
YBR127C 5 150
YBR128C 1 80
YBR129C 2 2153
YBR130C 2 16
YBR131W 2 147
YBR131C-A 1 1
YBR132C 2 14
YBR133C 2 10
YBR134W 1 40
YBR135W 1 288
YBR136W 3 4
YBR137W 0 0
YBR138C 0 0
YBR139W 5 372
YBR140C 1 14
YBR141C 3 23
YBR141W-A 2 57
YBR142W 2 37
YBR143C 2 78
YBR144C 7 174
YBR145W 5 31
YBR146W 1 3
YBR147W 3 14
YBR148W 0 0
YBR149W 11 677
YBR150C 4 139
YBR151W 1 16
YBR152W 0 0
YBR153W 3 88
YBR154C 1 53
YBR155W 3 480
YBR156C 3 73
YBR157C 1 11
YBR158W 0 0
YBR159W 0 0
YBR160W 0 0
YBR161W 0 0
YBR162C 1 1
YBR162W-A 5 39
YBR163W 2 41
YBR164C 1 72
YBR165W 0 0
YBR166C 2 10
YBR167C 3 203
YBR168W 0 0
YBR169C 1 3
YBR170C 0 0
YBR171W 3 88
YBR172C 3 30
YBR173C 7 37
YBR174C 4 536
YBR175W 6 1764
YBR176W 1 8
YBR177C 1 4
YBR178W 1 6
YBR179C 2 6
YBR180W 0 0
YBR181C 3 25
YBR182C 3 123
YBR182C-A 9 1515
YBR183W 1 13
YBR184W 1 1
YBR185C 1 110
YBR186W 2 87
YBR187W 2 44
YBR188C 1 192
YBR189W 0 0
YBR190W 2 454
YBR191W 0 0
YBR191W-A 0 0
YBR192W 2 45
YBR193C 2 12
YBR194W 0 0
YBR195C 3 402
YBR196C 0 0
YBR196C-A 3 104
YBR196C-B 4 312
YBR197C 2 4
YBR198C 0 0
YBR199W 2 21
YBR200W 0 0
YBR200W-A 0 0
YBR201W 2 15
YBR201C-A 3 101
YBR202W 0 0
YBR203W 6 239
YBR204C 7 348
YBR205W 4 42
YBR206W 1 4
YBR207W 1 3
YBR208C 0 0
YBR209W 4 131
YBR210W 0 0
YBR211C 0 0
YBR212W 4 34
YBR213W 3 28
YBR214W 1 120
YBR215W 3 199
YBR216C 4 72
YBR217W 4 94
YBR218C 2 34
YBR219C 2 832
YBR220C 2 138
YBR221C 1 1
YBR221W-A 6 158
YBR222C 5 125
YBR223C 1 2
YBR223W-A 3 259
YBR224W 0 0
YBR225W 0 0
YBR226C 0 0
YBR227C 1 318
YBR228W 3 159
YBR229C 5 320
YBR230C 5 493
YBR230W-A 4 12
YBR231C 1 3
YBR232C 2 27
YBR233W 0 0
YBR233W-A 5 94
YBR234C 3 133
YBR235W 1 10
YBR236C 1 6
YBR237W 1 2
YBR238C 3 50
YBR239C 1 4
YBR240C 5 95
YBR241C 1 1
YBR242W 0 0
YBR243C 4 1026
YBR244W 1 132
YBR245C 1 97
YBR246W 1 97
YBR247C 1 180
YBR248C 1 16
YBR249C 1 13
YBR250W 0 0
YBR251W 1 187
YBR252W 0 0
YBR253W 8 1090
YBR254C 1 5
YBR255W 5 328
YBR255C-A 9 150
YBR256C 6 196
YBR257W 4 767
YBR258C 2 13
YBR259W 4 236
YBR260C 11 787
YBR261C 2 6
YBR262C 1 3
YBR263W 7 105
YBR264C 2 2
YBR265W 2 21
YBR267W 1 12
YBR266C 3 64
YBR268W 8 234
YBR269C 2 49
YBR270C 2 10
YBR271W 3 118
YBR272C 8 1548
YBR273C 1 13
YBR274W 2 11
YBR275C 0 0
YBR276C 0 0
YBR277C 4 118
YBR278W 2 62
YBR279W 0 0
YBR280C 2 35
YBR281C 6 47
YBR282W 1 9
YBR283C 2 6
YBR284W 6 2782
YBR285W 1 1
YBR286W 2 5
YBR287W 3 70
YBR288C 2 20
YBR289W 0 0
YBR290W 3 485
YBR291C 0 0
YBR292C 1 17
YBR293W 2 19
YBR294W 0 0
YBR295W 1 1
YBR296C 2 10
YBR296C-A 1 2
YBR297W 3 187
YBR298C 2 10
YBR298C-A 1 6
YBR299W 2 12
YBR300C 0 0
YBR301W 0 0
YBR302C 0 0
YCL076W 0 0
YCL073C 1 1
YCL069W 0 0
YCL068C 0 0
YCL067C 0 0
YCL066W 0 0
YCL065W 0 0
YCL064C 5 228
YCL063W 2 22
YCL061C 1 75
YCL059C 6 395
YCL058C 5 8794
YCL058W-A 2 86
YCL057C-A 6 1800
YCL057W 6 963
YCL056C 2 405
YCL055W 0 0
YCL054W 1 2
YCL052C 1 7
YCL051W 2 486
YCL050C 2 29
YCL049C 2 15
YCL048W-A 0 0
YCL048W 0 0
YCL047C 2 28
YCL045C 3 272
YCL046W 0 0
YCL044C 4 68
YCL043C 0 0
YCL041C 4 607
YCL042W 2 3
YCL040W 1 9
YCL039W 6 53
YCL038C 4 571
YCL037C 2 13
YCL036W 5 133
YCL035C 1 3
YCL034W 6 131
YCL033C 1 2
YCL032W 0 0
YCL031C 2 2
YCL030C 4 2551
YCL029C 6 421
YCL028W 7 600
YCL027W 0 0
YCL026C-B 2 95
YCL026C-A 1 1
YCL025C 4 807
YCL023C 1 2
YCL024W 3 19
YCL022C 2 18
YCL021W-A 0 0
YCL018W 0 0
YCL017C 0 0
YCL016C 2 33
YCL014W 4 35
YCL012C 2 41
YCL011C 1 18
YCL010C 7 2125
YCL009C 6 477
YCL008C 4 1072
YCL007C 5 17
YCL005W-A 0 0
YCL005W 3 1725
YCL004W 1 171
YCL002C 6 715
YCL001W 3 299
YCL001W-A 0 0
YCL001W-B 1 3
YCR001W 2 31
YCR002C 1 6
YCR003W 10 196
YCR004C 0 0
YCR005C 5 895
YCR006C 3 215
YCR007C 3 57
YCR008W 0 0
YCR009C 3 86
YCR010C 2 25
YCR011C 0 0
YCR012W 2 25
YCR013C 1 8
YCR014C 3 110
YCR015C 1 82
YCR016W 3 84
YCR017C 3 43
YCR018C 0 0
YCR018C-A 4 209
YCR019W 0 0
YCR020C 1 4
YCR020C-A 9 291
YCR020W-B 3 6
YCR021C 1 14
YCR022C 5 287
YCR023C 2 31
YCR024C 2 42
YCR024C-B 0 0
YCR024C-A 1 2
YCR025C 12 1199
YCR026C 2 783
YCR027C 3 328
YCR028C 0 0
YCR028C-A 1 82
YCR030C 0 0
YCR031C 1 32
YCR032W 1 1
YCR033W 1 3
YCR034W 1 32
YCR035C 5 91
YCR036W 3 113
YCR037C 0 0
YCR038C 0 0
YCR038W-A 0 0
YCR039C 0 0
YCR040W 0 0
YCR041W 0 0
YCR042C 0 0
YCR043C 2 407
YCR044C 2 49
YCR045C 1 1
YCR045W-A 0 0
YCR046C 4 581
YCR047C 0 0
YCR047W-A 1 11
YCR049C 3 793
YCR048W 1 14
YCR050C 0 0
YCR051W 2 49
YCR052W 3 17
YCR053W 4 258
YCR054C 1 1
YCR057C 1 244
YCR059C 9 4239
YCR060W 6 4093
YCR061W 8 783
YCR064C 4 260
YCR063W 3 14
YCR065W 2 30
YCR066W 3 14
YCR067C 0 0
YCR068W 1 72
YCR069W 2 2
YCR071C 3 98
YCR072C 5 167
YCR073C 0 0
YCR073W-A 9 723
YCR075C 3 182
YCR075W-A 3 123
YCR076C 8 289
YCR077C 2 10
YCR079W 7 667
YCR081W 1 4
YCR081C-A 7 261
YCR082W 4 167
YCR083W 5 44
YCR084C 1 10
YCR085W 0 0
YCR086W 0 0
YCR087W 0 0
YCR087C-A 6 391
YCR088W 7 1268
YCR089W 1 4
YCR090C 2 72
YCR091W 2 17
YCR092C 3 81
YCR093W 4 141
YCR094W 1 1
YCR095C 2 47
YCR095W-A 0 0
YCR096C 0 0
YCR097W 0 0
YCR097W-A 0 0
YCR098C 1 3
YCR099C 3 55
YCR100C 1 1
YCR101C 2 100
YCR102C 4 51
YCR102W-A 0 0
YCR104W 0 0
YCR105W 0 0
YCR106W 6 282
YCR107W 0 0
YCR108C 6 375
YDL248W 2 180
YDL247W-A 0 0
YDL247W 0 0
YDL246C 0 0
YDL245C 0 0
YDL244W 0 0
YDL243C 2 69
YDL242W 5 336
YDL241W 3 14
YDL240C-A 1 13
YDL240W 3 112
YDL239C 0 0
YDL238C 1 1
YDL237W 1 1
YDL236W 1 1
YDL235C 1 1
YDL234C 1 8
YDL233W 0 0
YDL232W 4 54
YDL231C 1 20
YDL230W 2 27
YDL229W 4 245
YDL228C 5 107
YDL227C 1 1
YDL226C 4 274
YDL225W 5 547
YDL224C 0 0
YDL223C 1 36
YDL222C 0 0
YDL221W 3 32
YDL220C 2 49
YDL219W 3 85
YDL218W 2 49
YDL217C 2 15
YDL216C 4 28
YDL215C 2 122
YDL214C 0 0
YDL213C 3 75
YDL212W 1 6
YDL211C 1 3
YDL210W 0 0
YDL209C 3 194
YDL208W 5 102
YDL207W 4 84
YDL206W 1 78
YDL205C 2 23
YDL204W 1 1
YDL203C 2 39
YDL202W 0 0
YDL201W 0 0
YDL200C 5 428
YDL199C 4 47
YDL198C 4 235
YDL197C 7 448
YDL196W 7 47
YDL195W 2 19
YDL194W 1 5
YDL193W 0 0
YDL192W 4 72
YDL191W 2 43
YDL190C 1 18
YDL189W 0 0
YDL188C 0 0
YDL187C 1 81
YDL186W 1 14
YDL185C-A 0 0
YDL185W 1 21
YDL184C 8 268
YDL183C 0 0
YDL182W 6 79
YDL181W 2 23
YDL180W 4 126
YDL179W 0 0
YDL178W 2 18
YDL177C 4 27
YDL176W 1 34
YDL175C 5 190
YDL174C 7 77
YDL173W 4 27
YDL172C 1 4
YDL171C 1 2
YDL170W 6 45
YDL169C 2 160
YDL168W 4 365
YDL167C 0 0
YDL166C 0 0
YDL165W 2 150
YDL164C 2 17
YDL163W 0 0
YDL162C 2 55
YDL161W 3 36
YDL160C-A 3 19
YDL160C 0 0
YDL159W-A 0 0
YDL159W 5 506
YDL159C-B 0 0
YDL158C 0 0
YDL157C 4 2006
YDL156W 2 7
YDL155W 0 0
YDL154W 0 0
YDL153C 0 0
YDL152W 0 0
YDL151C 1 208
YDL150W 1 4
YDL149W 0 0
YDL148C 4 51
YDL147W 1 1
YDL146W 0 0
YDL145C 1 2
YDL144C 3 105
YDL143W 6 239
YDL142C 1 1
YDL141W 4 116
YDL140C 1 2
YDL139C 3 35
YDL138W 4 396
YDL137W 3 266
YDL136W 3 285
YDL135C 1 2
YDL134C 2 9
YDL133C-A 4 40
YDL133W 0 0
YDL132W 0 0
YDL131W 2 79
YDL130W-A 4 176
YDL130W 0 0
YDL129W 1 2
YDL128W 1 14
YDL127W 1 8
YDL126C 1 41
YDL125C 10 215
YDL124W 12 1760
YDL123W 5 202
YDL122W 0 0
YDL121C 8 233
YDL120W 0 0
YDL119C 0 0
YDL118W 2 11
YDL117W 0 0
YDL116W 0 0
YDL115C 3 12
YDL114W-A 0 0
YDL114W 0 0
YDL113C 1 10
YDL112W 0 0
YDL111C 4 253
YDL110C 6 356
YDL109C 1 10
YDL108W 3 54
YDL107W 0 0
YDL106C 2 84
YDL105W 4 70
YDL104C 3 81
YDL103C 2 33
YDL102W 1 19
YDL101C 2 122
YDL100C 5 202
YDL099W 1 17
YDL098C 4 33
YDL097C 1 33
YDL096C 0 0
YDL095W 2 14
YDL094C 0 0
YDL093W 4 851
YDL092W 9 968
YDL091C 0 0
YDL090C 4 910
YDL089W 0 0
YDL088C 4 27
YDL087C 3 40
YDL086W 3 176
YDL086C-A 0 0
YDL085C-A 5 93
YDL085W 4 35
YDL084W 0 0
YDL083C 3 151
YDL082W 1 4
YDL081C 0 0
YDL080C 1 64
YDL079C 3 22
YDL078C 2 61
YDL077C 2 88
YDL076C 0 0
YDL075W 1 4
YDL074C 0 0
YDL073W 6 169
YDL072C 3 50
YDL071C 0 0
YDL070W 2 18
YDL069C 0 0
YDL068W 1 83
YDL067C 5 28
YDL066W 4 75
YDL065C 3 38
YDL064W 3 194
YDL063C 1 6
YDL062W 0 0
YDL061C 1 26
YDL060W 4 168
YDL059C 4 121
YDL058W 2 177
YDL057W 1 19
YDL056W 2 5
YDL055C 0 0
YDL054C 1 4
YDL053C 2 80
YDL052C 3 88
YDL051W 0 0
YDL050C 1 39
YDL049C 1 6
YDL048C 6 532
YDL047W 0 0
YDL046W 2 15
YDL045W-A 1 4
YDL045C 0 0
YDL044C 2 11
YDL043C 1 2
YDL042C 8 1529
YDL041W 5 291
YDL040C 1 1
YDL039C 3 150
YDL037C 4 264
YDL036C 0 0
YDL035C 2 22
YDL034W 3 72
YDL033C 1 5
YDL032W 1 1
YDL031W 0 0
YDL030W 2 13
YDL029W 3 149
YDL028C 2 181
YDL027C 3 40
YDL026W 0 0
YDL025C 3 84
YDL025W-A 0 0
YDL024C 2 196
YDL022C-A 2 42
YDL023C 2 56
YDL022W 1 17
YDL021W 3 24048
YDL020C 3 33
YDL019C 1 1
YDL018C 3 10
YDL017W 5 186
YDL016C 3 97
YDL015C 1 1
YDL014W 0 0
YDL013W 0 0
YDL012C 11 520
YDL011C 1 66
YDL010W 5 133
YDL009C 1 2
YDL008W 4 662
YDL007C-A 0 0
YDL007W 3 394
YDL006W 1 8
YDL005C 1 1
YDL004W 2 10
YDL003W 0 0
YDL002C 3 60
YDL001W 3 47
YDR001C 0 0
YDR002W 2 13
YDR003W 3 42
YDR003W-A 3 36
YDR004W 2 76
YDR005C 1 4
YDR006C 0 0
YDR007W 7 45
YDR008C 4 205
YDR009W 3 1782
YDR010C 5 411
YDR011W 0 0
YDR012W 2 31
YDR013W 1 1
YDR014W 2 3
YDR014W-A 2 11
YDR015C 0 0
YDR016C 3 23
YDR017C 1 37
YDR018C 3 144
YDR019C 3 7678
YDR020C 1 1
YDR021W 0 0
YDR022C 14 1415
YDR023W 3 37
YDR024W 1 2
YDR025W 0 0
YDR026C 0 0
YDR027C 0 0
YDR028C 0 0
YDR029W 0 0
YDR030C 4 687
YDR031W 8 115
YDR032C 0 0
YDR033W 0 0
YDR034C 1 11
YDR034C-A 1 134
YDR034W-B 0 0
YDR035W 6 143
YDR036C 4 13
YDR037W 0 0
YDR038C 0 0
YDR039C 0 0
YDR040C 0 0
YDR041W 1 9
YDR042C 3 12
YDR043C 0 0
YDR044W 3 32
YDR045C 2 5
YDR046C 0 0
YDR047W 1 14
YDR048C 3 59
YDR049W 3 225
YDR050C 1 7
YDR051C 3 141
YDR052C 0 0
YDR053W 0 0
YDR054C 0 0
YDR055W 5 55
YDR056C 3 530
YDR057W 3 319
YDR058C 5 55
YDR059C 4 611
YDR060W 1 1
YDR061W 2 21
YDR062W 0 0
YDR063W 1 2
YDR064W 0 0
YDR065W 4 34
YDR066C 0 0
YDR067C 6 48
YDR068W 1 53
YDR069C 3 91
YDR070C 1 19
YDR071C 1 29
YDR072C 5 221
YDR073W 0 0
YDR074W 4 35
YDR075W 3 50
YDR076W 2 14
YDR077W 3 21
YDR078C 3 42
YDR079W 2 43
YDR079C-A 3 22
YDR080W 2 91
YDR081C 0 0
YDR082W 2 10
YDR083W 5 98
YDR084C 0 0
YDR085C 1 1
YDR086C 0 0
YDR087C 9 180
YDR088C 1 4
YDR089W 6 338
YDR090C 2 46
YDR091C 0 0
YDR092W 2 79
YDR093W 0 0
YDR094W 11 1526
YDR095C 3 271
YDR096W 1 1
YDR097C 0 0
YDR098C 8 163
YDR099W 3 41
YDR100W 5 145
YDR101C 0 0
YDR102C 1 5
YDR103W 1 2
YDR104C 1 5
YDR105C 0 0
YDR106W 3 81
YDR107C 1 4
YDR108W 3 38
YDR109C 8 1043
YDR110W 4 142
YDR111C 1 2
YDR112W 1 60
YDR113C 0 0
YDR114C 1 57
YDR115W 2 92
YDR116C 2 15
YDR117C 0 0
YDR118W 3 28
YDR118W-A 1 89
YDR119W 1 10
YDR119W-A 3 77
YDR120C 8 149
YDR121W 0 0
YDR122W 1 10
YDR123C 1 2
YDR124W 6 242
YDR125C 3 62
YDR126W 2 28
YDR127W 2 4
YDR128W 3 6
YDR129C 1 29
YDR130C 4 9
YDR131C 1 1
YDR132C 1 5
YDR133C 4 129
YDR135C 1 10
YDR136C 1 45
YDR137W 0 0
YDR138W 3 25
YDR139C 2 12
YDR140W 6 62
YDR141C 4 77
YDR142C 2 5
YDR143C 0 0
YDR144C 0 0
YDR145W 5 43
YDR146C 0 0
YDR147W 0 0
YDR148C 3 416
YDR149C 0 0
YDR150W 0 0
YDR151C 3 45
YDR152W 4 95
YDR153C 6 185
YDR154C 3 54
YDR155C 3 60
YDR156W 3 79
YDR157W 5 246
YDR158W 6 135
YDR159W 0 0
YDR160W 0 0
YDR161W 2 40
YDR162C 1 6
YDR163W 1 2
YDR164C 2 79
YDR165W 0 0
YDR166C 0 0
YDR167W 0 0
YDR168W 1 90
YDR169C 2 56
YDR169C-A 2 103
YDR170C 0 0
YDR171W 2 14
YDR172W 3 76
YDR173C 6 190
YDR174W 5 129
YDR175C 3 114
YDR176W 5 153
YDR177W 2 42
YDR178W 1 20
YDR179C 2 74
YDR179W-A 1 6
YDR180W 0 0
YDR181C 1 7
YDR182W 3 36
YDR182W-A 3 19
YDR183W 4 38
YDR183C-A 1 4
YDR184C 4 160
YDR185C 0 0
YDR186C 3 791
YDR187C 5 81
YDR188W 6 173
YDR189W 4 39
YDR190C 0 0
YDR191W 2 29
YDR192C 2 47
YDR193W 0 0
YDR194C 1 210
YDR194W-A 1 210
YDR195W 0 0
YDR196C 2 70
YDR197W 4 256
YDR198C 7 224
YDR199W 2 202
YDR200C 1 2
YDR201W 6 172
YDR202C 1 3
YDR203W 0 0
YDR204W 1 76
YDR205W 5 184
YDR206W 0 0
YDR207C 1 2
YDR208W 0 0
YDR209C 0 0
YDR210W 2 31
YDR211W 0 0
YDR212W 0 0
YDR213W 1 1
YDR214W 0 0
YDR215C 7 42
YDR216W 0 0
YDR217C 1 1
YDR218C 2 26
YDR219C 0 0
YDR220C 0 0
YDR221W 3 191
YDR222W 1 1
YDR223W 0 0
YDR224C 3 35
YDR225W 4 107
YDR226W 0 0
YDR227W 0 0
YDR228C 1 3
YDR229W 1 4
YDR230W 0 0
YDR231C 5 143
YDR232W 10 130
YDR233C 5 118
YDR234W 2 82
YDR235W 1 1
YDR236C 4 295
YDR237W 1 13
YDR238C 0 0
YDR239C 2 6
YDR240C 5 130
YDR241W 0 0
YDR242W 0 0
YDR243C 3 280
YDR244W 4 84
YDR245W 0 0
YDR246W 0 0
YDR246W-A 7 231
YDR247W 0 0
YDR248C 1 55
YDR249C 0 0
YDR250C 4 51
YDR251W 1 2
YDR252W 6 1028
YDR253C 0 0
YDR254W 0 0
YDR255C 3 12
YDR256C 0 0
YDR257C 4 348
YDR258C 6 257
YDR259C 1 2
YDR260C 11 197
YDR261C 0 0
YDR262W 4 12
YDR263C 0 0
YDR264C 0 0
YDR265W 2 56
YDR266C 0 0
YDR267C 0 0
YDR268W 2 289
YDR269C 1 96
YDR270W 2 26
YDR271C 3 90
YDR272W 1 4
YDR273W 1 2
YDR274C 10 122
YDR275W 6 507
YDR276C 3 66
YDR277C 3 448
YDR278C 2 15
YDR279W 0 0
YDR280W 0 0
YDR281C 0 0
YDR282C 5 1629
YDR283C 2 30
YDR284C 1 13
YDR285W 0 0
YDR286C 3 186
YDR287W 1 2
YDR288W 0 0
YDR289C 3 35
YDR290W 0 0
YDR291W 1 233
YDR292C 0 0
YDR293C 2 3
YDR294C 2 109
YDR295C 0 0
YDR296W 1 3
YDR297W 5 206
YDR298C 1 2
YDR299W 3 573
YDR300C 1 21
YDR301W 1 6
YDR302W 3 15
YDR303C 2 14
YDR304C 2 33
YDR305C 5 292
YDR306C 10 349
YDR307W 0 0
YDR308C 0 0
YDR309C 3 98
YDR310C 0 0
YDR311W 1 1
YDR312W 4 61
YDR313C 3 13
YDR314C 1 4
YDR315C 12 351
YDR316W 6 131
YDR317W 2 10
YDR318W 0 0
YDR319C 2 136
YDR320C 2 10
YDR320C-A 1 1
YDR320W-B 1 157
YDR321W 7 646
YDR322W 4 80
YDR322C-A 5 117
YDR323C 1 30
YDR324C 4 197
YDR325W 3 57
YDR326C 2 92
YDR327W 5 1193
YDR328C 2 19
YDR329C 9 223
YDR330W 1 32
YDR331W 4 1004
YDR332W 1 1
YDR333C 5 2358
YDR334W 2 9
YDR335W 0 0
YDR336W 3 6147
YDR337W 2 44
YDR338C 2 17
YDR339C 3 19
YDR340W 1 2
YDR341C 1 1
YDR342C 1 14
YDR343C 0 0
YDR344C 6 46
YDR345C 0 0
YDR346C 3 8
YDR347W 0 0
YDR348C 0 0
YDR349C 3 45
YDR350C 2 58
YDR351W 2 3
YDR352W 1 7
YDR353W 2 10
YDR354W 1 5
YDR354C-A 1 4
YDR355C 0 0
YDR356W 4 1233
YDR357C 1 3
YDR358W 2 7
YDR359C 1 7
YDR360W 1 1
YDR361C 1 55
YDR362C 3 56
YDR363W 3 154
YDR363W-A 8 817
YDR364C 2 21
YDR365C 1 12
YDR366C 3 33
YDR367W 1 2
YDR368W 1 2
YDR369C 4 418
YDR370C 4 191
YDR371W 5 57
YDR371C-A 0 0
YDR372C 1 86
YDR373W 1 66
YDR374C 0 0
YDR374W-A 4 3492
YDR375C 10 1350
YDR376W 1 19
YDR377W 2 32
YDR378C 3 20
YDR379W 0 0
YDR379C-A 5 159
YDR380W 2 44
YDR381W 0 0
YDR381C-A 0 0
YDR382W 0 0
YDR383C 2 15
YDR384C 1 1
YDR385W 2 27
YDR386W 11 1388
YDR387C 1 1
YDR388W 9 355
YDR389W 2 4
YDR390C 3 218
YDR391C 2 82
YDR392W 2 24
YDR393W 3 67
YDR394W 2 2
YDR395W 0 0
YDR396W 2 8
YDR397C 10 1265
YDR398W 5 792
YDR399W 5 63
YDR400W 0 0
YDR401W 3 24
YDR402C 0 0
YDR403W 0 0
YDR404C 1 1
YDR405W 6 50
YDR406W 6 119
YDR406W-A 0 0
YDR407C 2 3
YDR408C 0 0
YDR409W 4 149
YDR410C 2 24
YDR411C 3 657
YDR412W 2 72
YDR413C 2 52
YDR414C 0 0
YDR415C 1 72
YDR416W 1 84
YDR417C 0 0
YDR418W 1 32
YDR419W 3 13
YDR420W 0 0
YDR421W 4 61
YDR422C 4 2498
YDR423C 5 245
YDR424C 5 311
YDR425W 1 2
YDR426C 9 297
YDR427W 1 41
YDR428C 2 49
YDR429C 2 39
YDR430C 1 15
YDR431W 1 2
YDR432W 1 1
YDR433W 2 4
YDR434W 0 0
YDR435C 2 2
YDR436W 0 0
YDR437W 0 0
YDR438W 4 73
YDR439W 0 0
YDR440W 0 0
YDR441C 6 2622
YDR442W 1 670
YDR443C 3 10
YDR444W 1 45
YDR445C 1 92
YDR446W 2 151
YDR447C 1 12
YDR448W 1 20
YDR449C 3 15
YDR450W 1 1
YDR451C 2 87
YDR452W 1 1
YDR453C 3 112
YDR454C 0 0
YDR455C 2 50
YDR456W 3 259
YDR457W 0 0
YDR458C 1 18
YDR459C 2 2
YDR460W 0 0
YDR461W 4 151
YDR461C-A 5 116
YDR462W 2 72
YDR463W 4 174
YDR464W 1 24
YDR464C-A 0 0
YDR465C 6 20
YDR466W 1 343
YDR467C 0 0
YDR468C 5 160
YDR469W 0 0
YDR470C 0 0
YDR471W 1 5
YDR472W 2 29
YDR473C 0 0
YDR475C 1 47
YDR476C 10 1164
YDR477W 0 0
YDR478W 3 101
YDR479C 9 193
YDR480W 1 1
YDR481C 3 115
YDR482C 4 354
YDR483W 3 272
YDR484W 0 0
YDR485C 2 101
YDR486C 5 76
YDR487C 2 98
YDR488C 2 12
YDR489W 0 0
YDR490C 2 31
YDR491C 0 0
YDR492W 3 42
YDR493W 0 0
YDR494W 3 116
YDR495C 1 55
YDR496C 1 4
YDR497C 3 62
YDR498C 5 143
YDR499W 1 4
YDR500C 4 84
YDR501W 0 0
YDR502C 4 357
YDR503C 2 156
YDR504C 1 20
YDR505C 3 70
YDR506C 4 29
YDR507C 5 156
YDR508C 3 69
YDR509W 3 24
YDR510W 2 15
YDR510C-A 6 31
YDR511W 1 2
YDR512C 4 250
YDR513W 5 202
YDR514C 1 1
YDR515W 2 21
YDR516C 2 15
YDR517W 4 727
YDR518W 1 1
YDR519W 4 50
YDR520C 1 54
YDR521W 1 115
YDR522C 2 52
YDR523C 0 0
YDR524C 2 8
YDR524W-C 2 144
YDR524C-B 4 41
YDR524C-A 5 158
YDR525W 4 41
YDR525W-A 16 5449
YDR526C 2 210
YDR527W 1 5
YDR528W 1 1
YDR529C 2 64
YDR530C 4 201
YDR531W 1 27
YDR532C 1 92
YDR533C 0 0
YDR534C 0 0
YDR535C 3 148
YDR536W 1 1
YDR537C 1 8
YDR538W 0 0
YDR539W 2 21
YDR540C 1 15
YDR541C 1 1
YDR542W 0 0
YDR543C 7 66
YDR544C 0 0
YDR545W 0 0
YDR545C-A 0 0
YEL077C 1 1
YEL077W-A 3 39
YEL076C-A 0 0
YEL076C 0 0
YEL075W-A 0 0
YEL075C 0 0
YEL074W 2 9
YEL073C 0 0
YEL072W 0 0
YEL071W 1 2
YEL070W 1 168
YEL069C 0 0
YEL068C 3 35
YEL067C 2 177
YEL066W 7 91
YEL065W 4 519
YEL064C 2 48
YEL063C 0 0
YEL062W 3 316
YEL061C 0 0
YEL060C 5 128
YEL059C-A 2 17
YEL059W 1 4
YEL058W 7 382
YEL057C 1 48
YEL056W 2 63
YEL055C 1 16
YEL054C 1 2
YEL053W-A 1 1
YEL053C 1 4
YEL052W 3 109
YEL051W 3 41
YEL050W-A 3 45
YEL050C 3 143
YEL049W 0 0
YEL048C 1 1
YEL047C 3 161
YEL046C 4 95
YEL045C 6 327
YEL044W 6 87
YEL043W 2 83
YEL042W 2 21
YEL041W 0 0
YEL040W 2 8
YEL039C 1 6
YEL038W 6 174
YEL037C 1 2
YEL036C 1 12
YEL035C 5 58
YEL034C-A 2 33
YEL034W 5 70
YEL033W 3 24
YEL032W 1 6
YEL032C-A 1 1
YEL031W 7 1850
YEL030C-A 1 1
YEL030W 0 0
YEL029C 1 1
YEL028W 3 58
YEL027W 0 0
YEL026W 0 0
YEL025C 3 161
YEL024W 0 0
YEL023C 1 10
YEL022W 0 0
YEL021W 3 11
YEL020C-B 2 30
YEL020W-A 2 266
YEL020C 3 1904
YEL019C 2 38
YEL018C-A 1 1
YEL018W 2 40
YEL017C-A 2 5
YEL017W 8 194
YEL016C 2 68
YEL015W 1 38
YEL014C 0 0
YEL013W 0 0
YEL012W 0 0
YEL011W 2 115
YEL010W 1 47
YEL009C-A 0 0
YEL009C 0 0
YEL008W 5 73
YEL008C-A 13 523
YEL007W 2 95
YEL006W 2 26
YEL005C 6 56
YEL004W 0 0
YEL003W 5 410
YEL002C 3 83
YEL001C 8 58
YER001W 0 0
YER002W 1 2
YER003C 9 240
YER004W 6 405
YER005W 2 174
YER006W 6 109
YER006C-A 1 15
YER007W 0 0
YER007C-A 1 1
YER008C 0 0
YER009W 1 4
YER010C 5 149
YER011W 0 0
YER012W 1 115
YER013W 1 771
YER014W 3 49
YER014C-A 1 13
YER015W 3 12
YER016W 4 99
YER017C 0 0
YER018C 2 31
YER019W 1 1608
YER019C-A 6 334
YER020W 1 13
YER021W 6 156
YER022W 2 4
YER023W 6 200
YER023C-A 1 20
YER024W 0 0
YER025W 1 1
YER026C 0 0
YER027C 0 0
YER028C 1 5
YER029C 3 36
YER030W 6 56
YER031C 2 2
YER032W 2 17
YER033C 8 111
YER034W 5 354
YER035W 8 1484
YER036C 2 127
YER037W 7 472
YER038C 6 502
YER038W-A 0 0
YER039C 4 101
YER039C-A 3 109
YER040W 2 17
YER041W 0 0
YER042W 3 32
YER043C 3 27
YER044C 1 19
YER044C-A 0 0
YER045C 2 16
YER046W 3 23
YER046W-A 1 17
YER047C 0 0
YER048C 1 1
YER048W-A 0 0
YER049W 4 67
YER050C 3 98
YER051W 3 18
YER052C 1 15
YER053C 4 50
YER053C-A 5 24
YER054C 2 8
YER055C 0 0
YER056C 2 35
YER056C-A 2 16
YER057C 2 19
YER058W 4 390
YER059W 0 0
YER060W 0 0
YER060W-A 1 1
YER061C 2 19
YER062C 1 9
YER063W 1 14
YER064C 2 4
YER065C 2 30
YER066W 1 19
YER066C-A 2 4
YER067W 1 101
YER067C-A 0 0
YER068W 0 0
YER068C-A 1 3
YER069W 9 704
YER070W 0 0
YER071C 0 0
YER072W 5 125
YER073W 3 25
YER074W 0 0
YER074W-A 6 171
YER075C 5 19
YER076C 1 24
YER076W-A 1 6
YER077C 4 26
YER078C 1 2
YER078W-A 4 619
YER079W 0 0
YER079C-A 1 75
YER080W 3 90
YER081W 3 17
YER082C 2 685
YER083C 6 219
YER084W 0 0
YER084W-A 0 0
YER085C 1 10
YER086W 0 0
YER087W 3 709
YER087C-A 3 20
YER087C-B 2 113
YER088C 7 427
YER088C-A 6 56
YER088W-B 10 606
YER089C 3 445
YER090W 0 0
YER090C-A 1 1
YER091C 1 1
YER091C-A 4 85
YER092W 9 663
YER093C 1 3
YER093C-A 1 4
YER094C 1 16
YER095W 1 5
YER096W 2 7
YER097W 12 1672
YER098W 1 8
YER099C 1 2
YER100W 1 5
YER101C 4 102
YER102W 0 0
YER103W 1 2
YER104W 0 0
YER105C 1 12
YER106W 1 59
YER107C 1 39
YER107W-A 1 21
YER109C 2 112
YER110C 1 26
YER111C 0 0
YER112W 0 0
YER113C 3 47
YER114C 0 0
YER115C 0 0
YER116C 0 0
YER117W 0 0
YER118C 1 10
YER119C 3 80
YER119C-A 1 112
YER120W 5 58
YER121W 2 6
YER122C 3 24
YER123W 2 133
YER124C 3 14
YER125W 0 0
YER126C 2 167
YER127W 4 117
YER128W 3 10
YER129W 0 0
YER130C 2 6
YER131W 2 136
YER132C 1 1
YER133W 1 3
YER133W-A 0 0
YER134C 2 41
YER135C 0 0
YER136W 1 2
YER137C 3 83
YER137W-A 2 55
YER138W-A 0 0
YER139C 0 0
YER140W 1 2
YER141W 3 73
YER142C 2 48
YER143W 0 0
YER144C 9 383
YER145C 5 507
YER145C-A 7 110
YER146W 4 116
YER147C 7 762
YER147C-A 0 0
YER148W 0 0
YER148W-A 0 0
YER149C 1 9
YER150W 4 29
YER151C 1 1
YER152C 1 22
YER152W-A 1 80
YER153C 5 111
YER154W 3 43
YER155C 1 20
YER156C 7 583
YER157W 6 56
YER158C 2 2
YER158W-A 5 1736
YER159C 6 1028
YER161C 4 1134
YER162C 2 161
YER163C 1 1166
YER164W 0 0
YER165W 0 0
YER165C-A 1 3
YER166W 1 1
YER167W 1 2
YER168C 3 28
YER169W 5 178
YER170W 5 61
YER171W 0 0
YER172C 0 0
YER172C-A 1 4
YER173W 4 61
YER174C 0 0
YER175C 1 2
YER175W-A 2 4
YER176W 3 298
YER177W 1 5
YER178W 3 12
YER179W 1 24
YER180C 0 0
YER180C-A 1 28
YER181C 0 0
YER182W 2 11
YER183C 2 105
YER184C 0 0
YER185W 3 8
YER186C 1 134
YER187W 2 23
YER188W 1 1
YER188C-A 4 61
YER189W 0 0
YER190W 0 0
YER190C-A 0 0
YER190C-B 0 0
YFL068W 0 0
YFL067W 0 0
YFL066C 0 0
YFL065C 0 0
YFL064C 0 0
YFL063W 1 40
YFL062W 1 4
YFL061W 0 0
YFL060C 1 1
YFL059W 3 85
YFL058W 0 0
YFL057C 0 0
YFL056C 0 0
YFL055W 0 0
YFL054C 3 46
YFL053W 3 11
YFL052W 4 24
YFL051C 1 2
YFL050C 0 0
YFL049W 4 698
YFL048C 3 193
YFL047W 5 86
YFL046W 2 38
YFL045C 1 1
YFL044C 0 0
YFL042C 4 86
YFL041W-A 2 11
YFL041W 2 129
YFL040W 0 0
YFL039C 3 97
YFL038C 3 122
YFL037W 0 0
YFL036W 3 29
YFL034C-B 1 5
YFL034C-A 2 12
YFL034W 1 1
YFL033C 2 15
YFL032W 0 0
YFL031W 1 1
YFL031C-A 0 0
YFL030W 0 0
YFL029C 0 0
YFL028C 1 2
YFL027C 1 1
YFL026W 1 1
YFL025C 0 0
YFL024C 4 52
YFL023W 2 124
YFL022C 2 4
YFL021C-A 0 0
YFL021W 7 101
YFL020C 0 0
YFL019C 0 0
YFL018C 4 181
YFL017W-A 2 2
YFL017C 5 88
YFL016C 2 3
YFL015W-A 7 166
YFL015C 5 181
YFL014W 0 0
YFL013W-A 1 2
YFL013C 3 69
YFL012W-A 0 0
YFL012W 0 0
YFL011W 0 0
YFL010W-A 0 0
YFL010C 0 0
YFL009W 0 0
YFL008W 2 96
YFL007W 0 0
YFL005W 3 90
YFL004W 1 12
YFL003C 1 39
YFL002C 3 64
YFL001W 6 1441
YFR001W 1 49
YFR002W 0 0
YFR003C 2 30
YFR004W 3 41
YFR005C 4 170
YFR006W 3 17
YFR007W 3 93
YFR008W 0 0
YFR009W 2 46
YFR009W-A 1 1
YFR010W 1 6
YFR010W-A 6 141
YFR011C 3 1819
YFR012W 0 0
YFR012W-A 1 8
YFR013W 0 0
YFR014C 2 17
YFR015C 3 45
YFR016C 1 1
YFR017C 8 76
YFR018C 3 152
YFR019W 5 212
YFR020W 0 0
YFR021W 0 0
YFR022W 1 5
YFR023W 1 5
YFR024C-A 7 166
YFR025C 3 337
YFR026C 1 1
YFR027W 5 21
YFR028C 1 33
YFR029W 3 328
YFR030W 5 235
YFR031C 5 162
YFR031C-A 1 5
YFR032C 3 172
YFR032C-A 2 87
YFR032C-B 1 3
YFR033C 2 8
YFR034C 2 13
YFR034W-A 1 12
YFR035C 13 294
YFR036W 2 3
YFR036W-A 4 989
YFR037C 4 15
YFR038W 2 3
YFR039C 1 5
YFR040W 2 50
YFR041C 1 141
YFR042W 0 0
YFR043C 1 18
YFR044C 7 974
YFR045W 1 19
YFR046C 1 6
YFR047C 5 36
YFR048W 2 51
YFR049W 1 24
YFR050C 4 52
YFR051C 6 1913
YFR052W 4 351
YFR052C-A 1 27
YFR053C 1 32
YFR054C 1 5
YFR056C 1 22
YFR055W 2 12
YFR057W 1 104
YGL263W 4 49
YGL262W 1 2
YGL261C 0 0
YGL260W 0 0
YGL259W 2 11
YGL258W-A 1 4
YGL258W 0 0
YGL257C 0 0
YGL256W 0 0
YGL255W 0 0
YGL254W 6 1604
YGL253W 2 294
YGL252C 6 210
YGL251C 2 60
YGL250W 1 1868
YGL249W 0 0
YGL248W 1 1
YGL247W 0 0
YGL246C 1 6
YGL245W 1 1
YGL244W 3 14
YGL243W 1 4
YGL242C 2 61
YGL241W 9 2907
YGL240W 1 2
YGL239C 1 102
YGL238W 2 244
YGL237C 1 19
YGL236C 1 42
YGL235W 2 47
YGL234W 0 0
YGL233W 1 4
YGL232W 2 9
YGL231C 1 14
YGL230C 0 0
YGL229C 0 0
YGL228W 2 171
YGL227W 0 0
YGL226C-A 5 58
YGL226W 6 284
YGL225W 6 651
YGL224C 1 26
YGL223C 2 10
YGL222C 4 145
YGL221C 2 348
YGL220W 2 348
YGL219C 1 13
YGL218W 1 11
YGL217C 2 84
YGL216W 2 12
YGL215W 1 1
YGL214W 2 161
YGL213C 0 0
YGL212W 2 4
YGL211W 2 44
YGL210W 0 0
YGL209W 0 0
YGL208W 4 1538
YGL207W 1 4
YGL206C 2 32
YGL205W 2 5
YGL204C 3 17
YGL203C 0 0
YGL202W 3 438
YGL201C 0 0
YGL200C 2 36
YGL199C 2 3
YGL198W 3 62
YGL197W 1 1
YGL196W 1 19
YGL195W 1 6
YGL194C-A 4 45
YGL194C 1 2
YGL193C 2 39
YGL192W 2 3
YGL191W 6 82
YGL190C 3 24
YGL189C 2 3
YGL188C-A 2 3
YGL188C 3 102
YGL187C 0 0
YGL186C 1 3
YGL185C 3 71
YGL184C 3 79
YGL183C 3 59
YGL182C 1 1
YGL181W 1 8
YGL180W 2 72
YGL179C 0 0
YGL178W 1 5
YGL177W 10 237
YGL176C 0 0
YGL175C 4 62
YGL174W 2 14
YGL173C 1 2
YGL172W 1 4
YGL171W 2 2
YGL170C 0 0
YGL169W 0 0
YGL168W 0 0
YGL167C 1 2
YGL166W 3 49
YGL165C 0 0
YGL164C 2 18
YGL163C 2 41
YGL162W 3 9
YGL161C 3 10
YGL160W 1 15
YGL159W 1 10
YGL158W 2 25
YGL157W 0 0
YGL156W 0 0
YGL155W 2 3
YGL154C 3 27
YGL153W 4 29
YGL152C 3 62
YGL151W 4 65
YGL150C 1 39
YGL149W 0 0
YGL148W 4 14
YGL147C 2 31
YGL146C 0 0
YGL145W 0 0
YGL144C 1 13
YGL143C 2 27
YGL142C 3 422
YGL141W 1 2
YGL140C 0 0
YGL139W 3 33
YGL138C 2 323
YGL137W 0 0
YGL136C 6 129
YGL135W 2 9
YGL134W 3 73
YGL133W 0 0
YGL132W 1 1
YGL131C 1 6
YGL130W 1 1
YGL129C 2 93
YGL128C 1 10
YGL127C 2 8
YGL126W 4 73
YGL125W 0 0
YGL124C 9 205
YGL123W 3 11
YGL123C-A 3 65
YGL122C 4 47
YGL121C 3 15
YGL120C 1 6
YGL119W 1 13
YGL118C 5 75
YGL117W 5 367
YGL116W 1 12
YGL115W 0 0
YGL114W 5 478
YGL113W 6 838
YGL112C 1 1
YGL111W 5 163
YGL110C 4 132
YGL109W 4 132
YGL108C 8 245
YGL107C 5 84
YGL106W 1 3
YGL105W 4 306
YGL104C 7 314
YGL103W 0 0
YGL102C 6 337
YGL101W 5 163
YGL100W 2 395
YGL099W 2 10
YGL098W 4 94
YGL097W 3 197
YGL096W 1 3
YGL095C 1 9
YGL094C 1 20
YGL093W 5 919
YGL092W 1 9
YGL091C 1 59
YGL090W 1 3
YGL089C 0 0
YGL088W 11 1478
YGL087C 0 0
YGL086W 5 70
YGL085W 1 20
YGL084C 2 305
YGL083W 2 36
YGL082W 1 2
YGL081W 0 0
YGL080W 2 18
YGL079W 0 0
YGL078C 0 0
YGL077C 0 0
YGL076C 4 47
YGL075C 3 16
YGL074C 4 37
YGL073W 1 20
YGL072C 3 68
YGL071W 1 1
YGL070C 3 14
YGL069C 0 0
YGL068W 3 69
YGL067W 0 0
YGL066W 1 13
YGL065C 1 1
YGL064C 2 95
YGL063W 6 50
YGL063C-A 6 866
YGL062W 6 295
YGL061C 0 0
YGL060W 0 0
YGL059W 6 318
YGL058W 2 2
YGL057C 8 560
YGL056C 3 28
YGL055W 5 214
YGL054C 7 152
YGL053W 4 15
YGL052W 0 0
YGL051W 1 29
YGL050W 5 17614
YGL049C 4 196
YGL048C 0 0
YGL047W 0 0
YGL045W 1 1
YGL044C 1 13
YGL043W 3 21
YGL042C 1 34
YGL041C-B 0 0
YGL041W-A 4 35
YGL041C 0 0
YGL040C 3 134
YGL039W 0 0
YGL038C 0 0
YGL037C 0 0
YGL036W 8 168
YGL035C 2 3
YGL034C 3 48
YGL033W 0 0
YGL032C 2 9
YGL031C 3 13
YGL030W 0 0
YGL029W 1 9
YGL028C 0 0
YGL027C 4 29
YGL026C 3 48
YGL025C 2 6
YGL024W 0 0
YGL023C 6 109
YGL022W 2 55
YGL021W 2 25
YGL020C 3 3631
YGL019W 1 1
YGL018C 0 0
YGL017W 3 215
YGL016W 1 26
YGL015C 1 5
YGL014W 0 0
YGL014C-A 0 0
YGL013C 2 32
YGL012W 6 53
YGL011C 2 5
YGL010W 2 3
YGL009C 0 0
YGL008C 0 0
YGL007C-A 5 253
YGL007W 3 108
YGL006W-A 2 19
YGL006W 1 1
YGL005C 1 2
YGL004C 2 122
YGL003C 2 20
YGL002W 5 3430
YGL001C 3 68
YGR001C 2 69
YGR002C 5 351
YGR003W 11 256
YGR004W 1 30
YGR005C 5 97
YGR006W 2 2
YGR007W 5 13
YGR008C 0 0
YGR009C 3 12
YGR010W 0 0
YGR011W 3 23
YGR012W 6 1059
YGR013W 5 160
YGR014W 0 0
YGR015C 5 352
YGR016W 7 668
YGR017W 0 0
YGR018C 7 558
YGR019W 2 20
YGR020C 1 8
YGR021W 11 805
YGR022C 0 0
YGR023W 3 186
YGR024C 3 502
YGR025W 2 10
YGR026W 1 4
YGR027C 2 36
YGR028W 2 113
YGR029W 1 13
YGR030C 3 5
YGR031W 3 42
YGR031C-A 5 579
YGR032W 1 37
YGR033C 1 2
YGR034W 1 14
YGR035C 0 0
YGR035W-A 2 15
YGR036C 2 17
YGR037C 5 860
YGR038W 0 0
YGR039W 2 24
YGR040W 1 1
YGR041W 2 58
YGR042W 6 165
YGR043C 3 10
YGR044C 2 23
YGR045C 5 127
YGR046W 1 10
YGR047C 2 459
YGR048W 1 3
YGR049W 2 9
YGR050C 3 133
YGR051C 1 3
YGR052W 2 97
YGR053C 2 144
YGR054W 1 448
YGR055W 0 0
YGR056W 5 21
YGR057C 0 0
YGR058W 7 261
YGR059W 1 6
YGR060W 1 2
YGR061C 1 2
YGR062C 1 3
YGR063C 3 226
YGR064W 4 11
YGR065C 2 23
YGR066C 2 162
YGR067C 5 610
YGR068C 5 46
YGR068W-A 2 2
YGR069W 0 0
YGR070W 1 2
YGR071C 7 344
YGR072W 3 11
YGR073C 0 0
YGR074W 1 13
YGR075C 0 0
YGR076C 4 101
YGR077C 2 32
YGR078C 2 10
YGR079W 7 246
YGR080W 0 0
YGR081C 3 522
YGR082W 3 102
YGR083C 1 12
YGR084C 4 47
YGR085C 0 0
YGR086C 3 45
YGR087C 1 1
YGR088W 2 11
YGR089W 0 0
YGR090W 0 0
YGR091W 0 0
YGR092W 1 110
YGR093W 0 0
YGR094W 8 390
YGR095C 3 54
YGR096W 4 209
YGR097W 2 3
YGR098C 0 0
YGR099W 3 814
YGR100W 1 5
YGR101W 3 49
YGR102C 5 238
YGR103W 5 265
YGR104C 0 0
YGR105W 4 18
YGR106C 0 0
YGR107W 2 34
YGR108W 2 76
YGR109C 0 0
YGR110W 0 0
YGR111W 3 15
YGR112W 3 49
YGR113W 0 0
YGR114C 1 2
YGR115C 0 0
YGR116W 0 0
YGR117C 5 12
YGR118W 4 82
YGR119C 1 4
YGR120C 2 14
YGR121C 2 49
YGR121W-A 1 19
YGR122W 0 0
YGR122C-A 1 298
YGR123C 2 171
YGR124W 2 10
YGR125W 0 0
YGR126W 2 149
YGR127W 3 45
YGR128C 0 0
YGR129W 0 0
YGR130C 5 84
YGR131W 1 13
YGR132C 2 273
YGR133W 17 2013
YGR134W 4 387
YGR135W 0 0
YGR136W 3 70
YGR137W 0 0
YGR138C 0 0
YGR139W 0 0
YGR140W 1 5
YGR141W 3 268
YGR142W 2 51
YGR143W 1 1
YGR144W 0 0
YGR145W 2 42
YGR146C 1 11
YGR146C-A 7 200
YGR147C 0 0
YGR148C 1 1
YGR149W 0 0
YGR150C 1 3
YGR151C 0 0
YGR152C 0 0
YGR153W 4 38
YGR154C 2 15
YGR155W 1 53
YGR156W 2 56
YGR157W 3 114
YGR158C 3 107
YGR159C 2 5
YGR160W 3 34
YGR161C 6 194
YGR161W-C 7 494
YGR162W 0 0
YGR163W 0 0
YGR164W 3 463
YGR165W 3 36
YGR166W 1 1
YGR167W 0 0
YGR168C 3 54
YGR169C 0 0
YGR169C-A 1 1
YGR170W 1 35
YGR171C 1 2
YGR172C 3 9
YGR173W 1 2
YGR174C 4 907
YGR174W-A 3 11
YGR175C 4 65
YGR176W 6 510
YGR177C 1 124
YGR178C 0 0
YGR179C 4 76
YGR180C 4 13
YGR181W 1 2
YGR182C 2 48
YGR183C 3 7
YGR184C 2 49
YGR185C 1 1
YGR186W 2 236
YGR187C 1 9
YGR188C 4 274
YGR189C 6 70
YGR190C 1 2
YGR191W 3 38
YGR192C 4 28
YGR193C 0 0
YGR194C 9 2753
YGR195W 1 1
YGR196C 2 77
YGR197C 1 11
YGR198W 4 851
YGR199W 1 1
YGR200C 2 42
YGR201C 6 96
YGR202C 1 35
YGR203W 11 3289
YGR204W 6 863
YGR204C-A 0 0
YGR205W 0 0
YGR206W 0 0
YGR207C 3 199
YGR208W 2 7
YGR209C 4 133
YGR210C 0 0
YGR211W 2 175
YGR212W 4 202
YGR213C 0 0
YGR214W 2 42
YGR215W 2 16
YGR216C 4 36
YGR217W 0 0
YGR218W 0 0
YGR219W 2 12
YGR220C 2 15
YGR221C 1 1
YGR222W 6 339
YGR223C 7 54
YGR224W 6 653
YGR225W 0 0
YGR226C 2 5
YGR227W 0 0
YGR228W 2 57
YGR229C 4 66
YGR230W 6 703
YGR231C 3 123
YGR232W 4 67
YGR233C 0 0
YGR234W 4 94
YGR235C 2 12
YGR236C 2 56
YGR237C 0 0
YGR238C 0 0
YGR239C 2 17
YGR240C 1 1
YGR240C-A 2 3
YGR241C 0 0
YGR242W 0 0
YGR243W 0 0
YGR244C 1 1
YGR245C 0 0
YGR246C 5 47
YGR247W 3 18
YGR248W 2 27
YGR249W 2 4
YGR250C 0 0
YGR251W 3 93
YGR252W 0 0
YGR253C 3 19
YGR254W 6 43
YGR255C 0 0
YGR256W 3 12
YGR257C 1 1
YGR258C 3 9
YGR259C 2 7
YGR260W 4 127
YGR261C 4 63
YGR262C 0 0
YGR263C 1 4
YGR264C 6 31
YGR265W 3 37
YGR266W 2 35
YGR267C 3 49
YGR268C 3 132
YGR269W 1 11
YGR270W 0 0
YGR270C-A 0 0
YGR271W 2 19
YGR271C-A 1 7
YGR273C 0 0
YGR274C 3 21
YGR275W 7 177
YGR276C 3 197
YGR277C 1 1
YGR278W 2 3
YGR279C 1 224
YGR280C 9 829
YGR281W 2 66
YGR282C 0 0
YGR283C 7 1370
YGR284C 10 173
YGR285C 4 182
YGR286C 3 84
YGR287C 2 184
YGR288W 1 56
YGR289C 0 0
YGR290W 2 16
YGR291C 0 0
YGR292W 0 0
YGR293C 1 49
YGR294W 0 0
YGR295C 4 45
YGR296W 0 0
YGR296C-A 0 0
YGR296C-B 0 0
YHL050C 0 0
YHL050W-A 0 0
YHL049C 0 0
YHL048C-A 3 14
YHL048W 0 0
YHL047C 1 4
YHL046W-A 2 2
YHL046C 0 0
YHL045W 0 0
YHL044W 2 23
YHL043W 3 66
YHL042W 1 10
YHL041W 4 100
YHL040C 3 241
YHL039W 6 130
YHL038C 3 163
YHL037C 1 1
YHL036W 3 167
YHL035C 2 4
YHL034W-A 3 707
YHL034C 0 0
YHL033C 3 10
YHL032C 7 44
YHL031C 4 72
YHL030W-A 4 20
YHL030W 4 136
YHL029C 4 287
YHL028W 5 366
YHL027W 1 1
YHL026C 6 773
YHL025W 3 403
YHL024W 0 0
YHL023C 1 82
YHL022C 2 35
YHL021C 5 44
YHL020C 1 2
YHL019W-A 3 2666
YHL019C 1 66
YHL018W 3 587
YHL017W 2 95
YHL016C 0 0
YHL015W-A 4 86
YHL015W 0 0
YHL014C 5 373
YHL013C 6 598
YHL012W 0 0
YHL011C 3 10
YHL010C 0 0
YHL009C 1 66
YHL008C 0 0
YHL007C 5 105
YHL006W-A 5 90
YHL006C 6 18
YHL005C 3 124
YHL004W 2 227
YHL003C 2 52
YHL002C-A 0 0
YHL002W 7 449
YHL001W 2 9
YHR001W 1 4
YHR001W-A 5 146
YHR002W 4 53
YHR003C 1 3
YHR004C 3 746
YHR005C 4 17
YHR005C-A 1 80
YHR006W 7 31
YHR007C 0 0
YHR007C-A 7 231
YHR008C 2 426
YHR009C 1 72
YHR010W 1 62
YHR011W 0 0
YHR012W 2 221
YHR013C 6 148
YHR014W 0 0
YHR015W 6 81
YHR016C 0 0
YHR017W 1 25
YHR018C 3 52
YHR019C 3 84
YHR020W 3 41
YHR021C 0 0
YHR021W-A 11 1157
YHR022C 2 37
YHR022C-A 10 811
YHR023W 1 13
YHR024C 5 299
YHR025W 2 146
YHR026W 0 0
YHR027C 1 11
YHR028C 3 8
YHR028W-A 4 432
YHR029C 2 45
YHR030C 2 9
YHR031C 3 4193
YHR032W 0 0
YHR032W-A 11 440
YHR032C-A 8 3483
YHR033W 6 2800
YHR034C 2 13
YHR035W 3 121
YHR036W 1 15
YHR037W 1 1
YHR038W 1 26
YHR039C 0 0
YHR039C-A 5 79
YHR040W 5 253
YHR041C 5 393
YHR042W 4 176
YHR043C 3 34
YHR044C 0 0
YHR045W 0 0
YHR046C 4 13
YHR047C 0 0
YHR048W 5 335
YHR049W 3 884
YHR049C-A 6 216
YHR050W 5 210
YHR050W-A 4 53
YHR051W 0 0
YHR052W 1 1
YHR052W-A 0 0
YHR053C 0 0
YHR054C 1 4
YHR054W-A 0 0
YHR055C 0 0
YHR056C 1 4
YHR056W-A 1 23
YHR057C 4 77
YHR058C 6 281
YHR059W 1 7
YHR060W 5 110
YHR061C 1 584
YHR062C 1 23
YHR063C 5 282
YHR063W-A 4 59
YHR064C 4 52
YHR065C 3 39
YHR066W 4 109
YHR067W 3 36
YHR068W 0 0
YHR069C 2 58
YHR069C-A 0 0
YHR070W 2 85
YHR070C-A 4 314
YHR071W 3 18
YHR071C-A 0 0
YHR072W 1 4
YHR072W-A 1 1
YHR073W 0 0
YHR073W-A 2 9
YHR073C-B 3 4
YHR074W 4 602
YHR075C 1 2
YHR076W 2 17
YHR077C 3 442
YHR078W 4 60
YHR079C 2 50
YHR079C-A 1 4
YHR080C 3 98
YHR081W 5 86
YHR082C 0 0
YHR083W 4 28
YHR084W 1 24
YHR085W 5 152
YHR086W 0 0
YHR086W-A 8 3141
YHR087W 1 18
YHR088W 3 73
YHR089C 4 94
YHR090C 1 34
YHR091C 2 54
YHR092C 1 20
YHR093W 3 33
YHR094C 0 0
YHR095W 0 0
YHR096C 0 0
YHR097C 2 19
YHR098C 1 1
YHR099W 1 25
YHR100C 5 114
YHR101C 2 12
YHR102W 0 0
YHR103W 1 40
YHR104W 0 0
YHR105W 0 0
YHR106W 1 4
YHR107C 3 25
YHR108W 4 153
YHR109W 1 36
YHR110W 7 102
YHR111W 0 0
YHR112C 0 0
YHR113W 5 39
YHR114W 1 10
YHR115C 2 115
YHR116W 4 1213
YHR117W 3 91
YHR118C 1 3
YHR119W 1 24
YHR120W 2 94
YHR121W 0 0
YHR122W 3 60
YHR123W 2 108
YHR124W 0 0
YHR125W 1 18
YHR126C 0 0
YHR127W 6 612
YHR128W 3 11
YHR129C 1 1
YHR130C 1 10
YHR131C 0 0
YHR131W-A 0 0
YHR132C 2 8
YHR132W-A 5 1261
YHR133C 1 4
YHR134W 2 26
YHR135C 1 1
YHR136C 8 338
YHR137W 4 11
YHR137C-A 0 0
YHR138C 1 28
YHR139C 3 33
YHR139C-A 7 997
YHR140W 4 274
YHR141C 1 2
YHR142W 2 43
YHR143W 0 0
YHR143W-A 3 186
YHR144C 3 646
YHR145C 0 0
YHR146W 2 177
YHR147C 2 141
YHR148W 0 0
YHR149C 2 41
YHR150W 1 3
YHR151C 2 14
YHR152W 2 3
YHR153C 1 10
YHR154W 1 1
YHR155W 0 0
YHR156C 4 52
YHR157W 1 3
YHR158C 0 0
YHR159W 1 15
YHR160C 3 45
YHR161C 1 4
YHR162W 2 2
YHR163W 2 66
YHR164C 0 0
YHR165C 0 0
YHR165W-A 1 1
YHR166C 2 104
YHR167W 4 129
YHR168W 2 1571
YHR169W 5 272
YHR170W 0 0
YHR171W 5 464
YHR172W 4 67
YHR173C 8 326
YHR174W 2 35
YHR175W 4 283
YHR175W-A 1 23
YHR176W 1 112
YHR177W 0 0
YHR178W 7 241
YHR179W 1 1
YHR180W 1 5
YHR180W-A 0 0
YHR180C-B 6 308
YHR181W 4 51
YHR182W 0 0
YHR182C-A 0 0
YHR183W 3 62
YHR184W 0 0
YHR185C 2 6
YHR186C 1 36
YHR187W 1 61
YHR188C 3 51
YHR189W 4 199
YHR190W 2 34
YHR191C 1 3
YHR192W 2 42
YHR193C 2 17
YHR193C-A 2 32
YHR194W 0 0
YHR195W 0 0
YHR196W 1 11
YHR197W 3 50
YHR198C 6 414
YHR199C 5 348
YHR199C-A 3 281
YHR200W 4 72
YHR201C 0 0
YHR202W 0 0
YHR203C 3 25
YHR204W 1 1
YHR205W 0 0
YHR206W 0 0
YHR207C 12 692
YHR208W 7 48
YHR209W 2 7
YHR210C 1 74
YHR211W 0 0
YHR212C 0 0
YHR212W-A 0 0
YHR213W 0 0
YHR213W-A 0 0
YHR213W-B 0 0
YHR214W 0 0
YHR214W-A 0 0
YHR214C-D 0 0
YHR214C-E 0 0
YHR215W 0 0
YHR216W 0 0
YHR217C 0 0
YHR218W 0 0
YHR218W-A 0 0
YHR219W 0 0
YHR219C-A 0 0
YIL177C 0 0
YIL177W-A 0 0
YIL176C 0 0
YIL173W 0 0
YIL172C 0 0
YIL171W-A 0 0
YIL169C 1 32
YIL166C 1 17
YIL165C 5 181
YIL164C 1 55
YIL163C 0 0
YIL162W 0 0
YIL161W 0 0
YIL160C 3 126
YIL159W 6 87
YIL158W 5 41
YIL157C 4 98
YIL156W-A 2 8
YIL156W-B 5 117
YIL156W 3 14
YIL155C 3 7
YIL154C 1 41
YIL153W 4 98
YIL152W 2 82
YIL151C 1 2
YIL150C 2 30
YIL149C 0 0
YIL148W 4 39
YIL147C 0 0
YIL146C 1 245
YIL145C 2 230
YIL144W 0 0
YIL143C 2 9
YIL142C-A 3 173
YIL142W 4 156
YIL141W 0 0
YIL140W 0 0
YIL139C 2 6
YIL138C 4 79
YIL137C 6 131
YIL136W 0 0
YIL135C 3 109
YIL134C-A 8 372
YIL134W 2 6
YIL133C 3 75
YIL132C 2 10
YIL131C 3 150
YIL130W 1 27
YIL129C 1 1
YIL128W 1 84
YIL127C 1 1
YIL126W 0 0
YIL125W 1 24
YIL124W 3 617
YIL123W 1 133
YIL122W 1 116
YIL121W 0 0
YIL120W 0 0
YIL119C 0 0
YIL118W 3 50
YIL117C 3 16
YIL116W 0 0
YIL115W-A 3 15
YIL115C 1 1
YIL114C 1 5
YIL113W 2 110
YIL112W 3 150
YIL111W 1 1
YIL110W 0 0
YIL109C 2 7
YIL108W 2 20
YIL107C 1 1
YIL106W 1 114
YIL105C 2 106
YIL105W-A 3 14
YIL104C 5 143
YIL103W 0 0
YIL102C-A 4 90
YIL102C 2 7
YIL101C 4 66
YIL100C-A 8 290
YIL100W 5 69
YIL099W 3 98
YIL098C 4 53
YIL097W 1 1
YIL096C 3 41
YIL095W 3 49
YIL094C 2 276
YIL093C 2 64
YIL092W 1 1
YIL091C 3 61
YIL090W 0 0
YIL089W 1 22
YIL088C 2 18
YIL087C 3 25
YIL086C 3 94
YIL085C 3 244
YIL084C 0 0
YIL083C 2 11
YIL082W 0 0
YIL079C 2 9
YIL078W 1 30
YIL077C 6 69
YIL076W 8 134
YIL075C 0 0
YIL074C 1 2
YIL073C 0 0
YIL072W 1 33
YIL071W-A 0 0
YIL071C 1 38
YIL070C 2 74
YIL069C 4 37
YIL068W-A 4 193
YIL068C 2 235
YIL067C 0 0
YIL066W-A 0 0
YIL066C 0 0
YIL065C 6 124
YIL064W 8 659
YIL063C 4 233
YIL062C 1 4
YIL061C 6 75
YIL060W 0 0
YIL059C 1 1
YIL058W 1 3
YIL057C 4 15
YIL056W 3 26
YIL055C 0 0
YIL054W 8 312
YIL053W 0 0
YIL052C 1 1
YIL051C 6 190
YIL050W 3 17
YIL049W 4 53
YIL048W 0 0
YIL047C-A 3 131
YIL047C 2 325
YIL046W-A 6 83
YIL046W 2 11
YIL045W 0 0
YIL044C 4 94
YIL043C 2 264
YIL042C 2 21
YIL041W 2 54
YIL040W 0 0
YIL039W 0 0
YIL038C 2 37
YIL037C 0 0
YIL036W 1 2
YIL035C 1 85
YIL034C 4 126
YIL033C 3 42
YIL032C 0 0
YIL031W 4 46
YIL030W-A 0 0
YIL030C 1 1
YIL029W-A 0 0
YIL029C 1 2
YIL028W 0 0
YIL027C 4 69
YIL026C 1 9
YIL025C 2 47
YIL024C 8 189
YIL023C 2 76
YIL022W 0 0
YIL021W 3 242
YIL021C-A 0 0
YIL020C-A 0 0
YIL020C 2 119
YIL019W 3 181
YIL018W 0 0
YIL017C 2 65
YIL016W 4 245
YIL015W 2 131
YIL014C-A 0 0
YIL014W 1 6
YIL013C 0 0
YIL012W 3 398
YIL011W 1 31
YIL010W 1 15
YIL009C-A 10 316
YIL009W 3 344
YIL008W 0 0
YIL007C 4 254
YIL006W 6 589
YIL005W 1 12
YIL004C 2 9
YIL003W 3 54
YIL002W-A 2 30
YIL002C 0 0
YIL001W 4 533
YIR001C 0 0
YIR002C 0 0
YIR003W 3 58
YIR004W 1 463
YIR005W 6 190
YIR006C 6 148
YIR007W 0 0
YIR008C 1 1
YIR009W 0 0
YIR010W 3 46
YIR011C 5 380
YIR012W 3 6
YIR013C 1 177
YIR014W 1 4
YIR015W 6 74
YIR016W 5 1765
YIR017C 7 361
YIR017W-A 5 272
YIR018W 12 770
YIR018C-A 0 0
YIR019C 1 1
YIR020C 4 71
YIR020W-A 3 117
YIR020C-B 3 42
YIR021W 1 5
YIR021W-A 1 1
YIR022W 1 30
YIR023W 2 23
YIR023C-A 0 0
YIR024C 4 125
YIR025W 5 357
YIR026C 2 44
YIR027C 1 12
YIR028W 0 0
YIR029W 1 1
YIR030C 4 80
YIR030W-A 5 83
YIR031C 2 316
YIR032C 2 25
YIR033W 2 114
YIR034C 1 2
YIR035C 2 383
YIR036C 1 4
YIR036W-A 3 9
YIR037W 2 2
YIR038C 3 504
YIR039C 1 67
YIR040C 0 0
YIR041W 0 0
YIR042C 2 55
YJL225C 0 0
YJL225W-A 0 0
YJL223C 0 0
YJL222W-B 0 0
YJL222W-A 0 0
YJL222W 0 0
YJL221C 0 0
YJL220W 0 0
YJL219W 0 0
YJL218W 0 0
YJL217W 2 45
YJL216C 3 69
YJL215C 0 0
YJL214W 1 8
YJL213W 2 11
YJL212C 2 105
YJL211C 1 2
YJL210W 6 291
YJL209W 1 1
YJL208C 2 19
YJL207C 2 15
YJL206C 5 39
YJL205C 9 1317
YJL204C 4 720
YJL203W 3 33
YJL202C 1 1
YJL201W 1 1
YJL200C 1 1
YJL199C 8 3801
YJL198W 6 56
YJL197W 2 64
YJL197C-A 1 51
YJL196C 3 180
YJL195C 2 41
YJL194W 0 0
YJL193W 3 32
YJL192C 6 254
YJL191W 4 192
YJL190C 0 0
YJL189W 1 10
YJL188C 1 2
YJL187C 0 0
YJL186W 4 34
YJL185C 3 89
YJL184W 1 5
YJL183W 2 83
YJL182C 1 2
YJL181W 2 13
YJL180C 1 1
YJL179W 1 25
YJL178C 2 149
YJL177W 1 14
YJL176C 4 30
YJL175W 2 13
YJL174W 0 0
YJL173C 3 51
YJL172W 2 119
YJL171C 8 260
YJL170C 1 3
YJL169W 0 0
YJL168C 1 5
YJL167W 0 0
YJL166W 1 3
YJL165C 2 27
YJL164C 2 4
YJL163C 3 199
YJL162C 4 191
YJL161W 3 139
YJL160C 3 15
YJL159W 2 16
YJL158C 6 255
YJL157C 1 17
YJL156W-A 9 1343
YJL156C 5 174
YJL155C 0 0
YJL154C 0 0
YJL153C 2 116
YJL152W 4 24
YJL151C 5 74
YJL150W 4 165
YJL149W 8 88
YJL148W 0 0
YJL147C 0 0
YJL146W 0 0
YJL145W 3 30
YJL144W 5 205
YJL143W 2 37
YJL142C 1 17
YJL141C 1 6
YJL140W 0 0
YJL139C 0 0
YJL138C 2 49
YJL137C 7 141
YJL136W-A 3 7
YJL136C 0 0
YJL135W 1 1
YJL134W 5 371
YJL133C-A 6 198
YJL133W 8 209
YJL132W 5 199
YJL131C 3 245
YJL130C 1 7
YJL129C 0 0
YJL128C 2 26
YJL127W-A 1 1
YJL127C-B 8 332
YJL127C 1 30
YJL126W 2 2
YJL125C 1 2
YJL124C 1 1
YJL123C 1 2
YJL122W 4 30
YJL121C 1 4
YJL120W 2 101
YJL119C 1 24
YJL118W 6 225
YJL117W 1 2
YJL116C 3 254
YJL115W 1 54
YJL112W 1 2
YJL111W 1 11
YJL110C 1 6
YJL109C 0 0
YJL108C 1 37
YJL107C 2 34
YJL106W 2 5
YJL105W 2 230
YJL104W 2 10
YJL103C 3 59
YJL102W 2 83
YJL101C 3 292
YJL100W 3 5
YJL099W 2 32
YJL098W 1 1
YJL097W 3 90
YJL096W 2 53
YJL095W 1 4
YJL094C 1 10
YJL093C 4 21
YJL092W 0 0
YJL091C 6 202
YJL090C 0 0
YJL089W 2 2
YJL088W 5 204
YJL087C 1 7
YJL086C 1 37
YJL085W 2 22
YJL084C 1 39
YJL083W 2 10
YJL082W 1 183
YJL081C 1 16
YJL080C 1 5
YJL079C 2 17
YJL078C 2 19
YJL077W-B 2 34
YJL077C 3 47
YJL077W-A 6 132
YJL076W 2 59
YJL075C 0 0
YJL074C 0 0
YJL073W 0 0
YJL072C 3 25
YJL071W 1 17
YJL070C 1 24
YJL069C 4 60
YJL068C 7 239
YJL067W 12 1141
YJL066C 4 97
YJL065C 1 31
YJL064W 2 10
YJL063C 3 19
YJL062W-A 6 129
YJL062W 1 2
YJL061W 0 0
YJL060W 4 90
YJL059W 2 19
YJL058C 0 0
YJL057C 3 31
YJL056C 2 17
YJL055W 0 0
YJL054W 8 159
YJL053W 3 11
YJL052C-A 8 333
YJL052W 1 10
YJL051W 1 9
YJL050W 3 70
YJL049W 4 126
YJL048C 2 69
YJL047C-A 2 9
YJL047C 1 11
YJL046W 3 29
YJL045W 2 11
YJL044C 3 16
YJL043W 1 9
YJL042W 1 303
YJL041W 3 21
YJL039C 0 0
YJL038C 0 0
YJL037W 1 1
YJL036W 1 1
YJL035C 3 296
YJL034W 3 310
YJL033W 2 29
YJL032W 1 2
YJL031C 2 58
YJL030W 3 19
YJL029C 2 16
YJL028W 3 10
YJL027C 1 7
YJL026W 3 27
YJL026C-A 0 0
YJL025W 1 4
YJL024C 4 129
YJL023C 4 22
YJL022W 0 0
YJL020C 0 0
YJL020W-A 1 4
YJL019W 0 0
YJL016W 0 0
YJL015C 9 651
YJL014W 8 645
YJL013C 4 341
YJL012C 1 5
YJL011C 1 3
YJL010C 1 16
YJL009W 1 6
YJL008C 3 1613
YJL007C 7 333
YJL006C 2 3
YJL005W 0 0
YJL004C 8 960
YJL003W 6 69
YJL002C 2 69
YJL001W 4 121
YJR001W 8 297
YJR002W 3 41
YJR003C 2 66
YJR004C 2 14
YJR005W 2 99
YJR005C-A 1 8
YJR006W 0 0
YJR007W 0 0
YJR008W 3 117
YJR009C 7 371
YJR010W 0 0
YJR010C-A 1 26
YJR011C 2 4
YJR012C 2 13
YJR013W 1 39
YJR014W 0 0
YJR015W 2 4
YJR016C 0 0
YJR017C 1 4
YJR018W 0 0
YJR019C 2 33
YJR020W 2 54
YJR021C 2 20
YJR022W 1 21
YJR023C 0 0
YJR024C 8 291
YJR025C 0 0
YJR030C 0 0
YJR031C 1 90
YJR032W 2 15
YJR033C 6 84
YJR034W 4 37
YJR035W 3 59
YJR036C 0 0
YJR037W 2 41
YJR038C 1 25
YJR039W 5 42
YJR040W 6 197
YJR041C 1 52
YJR042W 3 101
YJR043C 5 153
YJR044C 4 192
YJR045C 2 5
YJR046W 3 131
YJR047C 0 0
YJR048W 9 328
YJR049C 6 75
YJR050W 5 104
YJR051W 5 61
YJR052W 4 54
YJR053W 1 3
YJR054W 1 10
YJR055W 4 417
YJR056C 0 0
YJR057W 4 90
YJR058C 1 303
YJR059W 3 50
YJR060W 1 1
YJR061W 0 0
YJR062C 4 43
YJR063W 1 2
YJR064W 7 176
YJR065C 3 42
YJR066W 3 415
YJR067C 3 9
YJR068W 1 23
YJR069C 1 111
YJR070C 2 3
YJR071W 0 0
YJR072C 4 18
YJR073C 3 65
YJR074W 11 816
YJR075W 2 30
YJR076C 4 151
YJR077C 6 123
YJR078W 8 65
YJR079W 4 55
YJR080C 3 125
YJR082C 1 22
YJR083C 5 239
YJR084W 3 166
YJR085C 4 157
YJR086W 4 102
YJR087W 2 48
YJR088C 2 81
YJR089W 1 3
YJR090C 0 0
YJR091C 3 453
YJR092W 2 4
YJR093C 2 103
YJR094C 0 0
YJR094W-A 6 25
YJR095W 1 9
YJR096W 3 57
YJR097W 0 0
YJR098C 0 0
YJR099W 3 37
YJR100C 2 40
YJR101W 0 0
YJR102C 0 0
YJR103W 5 65
YJR104C 4 109
YJR105W 10 2869
YJR106W 0 0
YJR107W 0 0
YJR108W 1 12
YJR109C 4 65
YJR110W 0 0
YJR111C 0 0
YJR112W 8 509
YJR112W-A 2 16
YJR113C 3 57
YJR114W 3 45
YJR115W 10 302
YJR116W 1 5
YJR117W 0 0
YJR118C 0 0
YJR119C 3 39
YJR120W 5 56
YJR121W 0 0
YJR122W 1 14
YJR123W 0 0
YJR124C 3 99
YJR125C 4 217
YJR126C 4 311
YJR127C 3 95
YJR128W 2 15
YJR129C 0 0
YJR130C 2 80
YJR131W 2 26
YJR132W 0 0
YJR133W 2 93
YJR134C 1 19
YJR135C 1 22
YJR135W-A 1 231
YJR136C 2 3
YJR137C 7 339
YJR138W 4 43
YJR139C 1 5
YJR140C 4 57
YJR140W-A 0 0
YJR141W 1 1
YJR142W 0 0
YJR143C 6 120
YJR144W 1 308
YJR145C 2 4
YJR146W 1 4
YJR147W 2 9
YJR148W 1 18
YJR149W 12 282
YJR150C 6 51
YJR151C 3 26
YJR151W-A 2 10
YJR152W 3 36
YJR153W 0 0
YJR154W 1 22
YJR155W 0 0
YJR156C 0 0
YJR157W 0 0
YJR158W 0 0
YJR159W 0 0
YJR160C 0 0
YJR161C 1 18
YJR162C 6 1379
YKL225W 2 67
YKL224C 0 0
YKL223W 0 0
YKL222C 1 7
YKL221W 3 12
YKL220C 0 0
YKL219W 6 614
YKL218C 1 1
YKL217W 4 92
YKL216W 4 45
YKL215C 0 0
YKL214C 2 8
YKL213C 3 24
YKL212W 1 21
YKL211C 3 14
YKL210W 2 5
YKL209C 4 49
YKL208W 0 0
YKL207W 4 50
YKL206C 2 43
YKL205W 1 4
YKL204W 2 31
YKL203C 0 0
YKL202W 0 0
YKL201C 5 154
YKL198C 1 301
YKL197C 5 6941
YKL196C 2 51
YKL195W 4 57
YKL194C 5 40
YKL193C 4 304
YKL192C 6 842
YKL191W 3 17
YKL190W 8 242
YKL189W 0 0
YKL188C 0 0
YKL187C 2 10
YKL186C 13 3004
YKL185W 0 0
YKL184W 0 0
YKL183C-A 1 78
YKL183W 1 78
YKL182W 0 0
YKL181W 1 6
YKL180W 0 0
YKL179C 4 448
YKL178C 2 148
YKL177W 1 1
YKL176C 1 4
YKL175W 4 247
YKL174C 1 19
YKL173W 2 181
YKL172W 1 2
YKL171W 2 88
YKL170W 2 12
YKL169C 1 3
YKL168C 5 275
YKL167C 3 201
YKL166C 1 8
YKL165C-A 4 116
YKL165C 4 20
YKL164C 1 3
YKL163W 0 0
YKL162C-A 2 41
YKL162C 0 0
YKL161C 1 1
YKL160W 3 9
YKL159C 3 11
YKL157W 2 2
YKL156W 10 206
YKL156C-A 0 0
YKL155C 1 1
YKL154W 2 39
YKL153W 4 189
YKL152C 3 114
YKL151C 10 180
YKL150W 7 93
YKL149C 5 134
YKL148C 1 6
YKL147C 1 1
YKL146W 1 48
YKL145W 2 535
YKL145W-A 1 1
YKL144C 1 1
YKL143W 2 2
YKL142W 4 15
YKL141W 1 6
YKL140W 1 3
YKL139W 0 0
YKL138C-A 2 24
YKL138C 1 1
YKL137W 4 203
YKL136W 2 43
YKL135C 1 4
YKL134C 1 2
YKL133C 1 1
YKL132C 2 5
YKL131W 0 0
YKL130C 2 121
YKL129C 1 20
YKL128C 3 4
YKL127W 2 41
YKL126W 2 42
YKL125W 0 0
YKL124W 2 33
YKL123W 2 22
YKL122C 1 1
YKL121W 0 0
YKL120W 0 0
YKL119C 0 0
YKL118W 2 5
YKL117W 4 59
YKL116C 1 4
YKL115C 1 5
YKL114C 4 39
YKL113C 1 8
YKL112W 2 18
YKL111C 1 8
YKL110C 6 283
YKL109W 2 80
YKL108W 0 0
YKL107W 0 0
YKL106C-A 8 183
YKL106W 0 0
YKL105C 0 0
YKL104C 0 0
YKL103C 1 1
YKL102C 8 149
YKL101W 1 41
YKL100C 10 149
YKL100W-A 2 28
YKL099C 3 40
YKL098W 1 6
YKL097C 0 0
YKL096C-B 0 0
YKL096W-A 0 0
YKL096W 2 10
YKL095W 0 0
YKL094W 9 514
YKL093W 2 8
YKL092C 0 0
YKL091C 5 69
YKL090W 3 117
YKL089W 3 115
YKL088W 1 18
YKL087C 3 133
YKL086W 6 507
YKL085W 1 1
YKL084W 4 32
YKL083W 2 9
YKL082C 0 0
YKL081W 1 7
YKL080W 0 0
YKL079W 0 0
YKL078W 3 32
YKL077W 2 20
YKL076C 1 10
YKL075C 1 8
YKL074C 4 72
YKL073W 5 128
YKL072W 0 0
YKL071W 0 0
YKL070W 0 0
YKL069W 5 150
YKL068W-A 3 47
YKL068W 2 5
YKL067W 1 1
YKL066W 0 0
YKL065W-A 2 19
YKL065C 4 44
YKL064W 2 88
YKL063C 2 34
YKL062W 1 18
YKL061W 2 17
YKL060C 4 106
YKL059C 3 7
YKL058W 1 2
YKL057C 3 234
YKL056C 0 0
YKL055C 0 0
YKL054C 2 86
YKL053C-A 0 0
YKL053W 2 2
YKL052C 9 369
YKL051W 0 0
YKL050C 0 0
YKL049C 0 0
YKL048C 2 22
YKL047W 2 15
YKL046C 3 105
YKL045W 1 1
YKL044W 4 136
YKL043W 0 0
YKL042W 1 1
YKL041W 2 98
YKL040C 1 83
YKL039W 0 0
YKL038W 0 0
YKL037W 7 50
YKL036C 1 1
YKL035W 3 17
YKL034W 0 0
YKL033W-A 0 0
YKL033W 5 81
YKL032C 0 0
YKL031W 0 0
YKL030W 1 6
YKL029C 3 64
YKL028W 3 27
YKL027W 0 0
YKL026C 5 31
YKL025C 5 100
YKL024C 0 0
YKL023C-A 4 259
YKL023W 12 1851
YKL022C 2 83
YKL021C 0 0
YKL020C 1 4
YKL019W 1 147
YKL018C-A 3 59
YKL018W 4 187
YKL017C 3 623
YKL016C 0 0
YKL015W 1 27
YKL014C 2 31
YKL013C 4 64
YKL012W 0 0
YKL011C 3 9
YKL010C 0 0
YKL009W 4 67
YKL008C 2 16
YKL007W 8 639
YKL006C-A 6 112
YKL006W 0 0
YKL005C 2 18
YKL004W 1 26
YKL003C 1 2
YKL002W 0 0
YKL001C 2 8
YKR001C 3 32
YKR002W 0 0
YKR003W 1 6
YKR004C 3 95
YKR005C 1 5
YKR006C 2 33
YKR007W 5 130
YKR008W 2 7
YKR009C 2 227
YKR010C 0 0
YKR011C 0 0
YKR012C 1 1563
YKR013W 4 48
YKR014C 1 8
YKR015C 1 17
YKR016W 1 5
YKR017C 2 25
YKR018C 2 19
YKR019C 1 3
YKR020W 3 13
YKR021W 1 2
YKR022C 1 16
YKR023W 2 23
YKR024C 2 10
YKR025W 0 0
YKR026C 0 0
YKR027W 2 15
YKR028W 0 0
YKR029C 7 115
YKR030W 0 0
YKR031C 0 0
YKR032W 0 0
YKR033C 2 10
YKR034W 2 16
YKR035C 0 0
YKR035W-A 0 0
YKR036C 2 15
YKR037C 2 5
YKR038C 8 567
YKR039W 2 19
YKR040C 4 35
YKR041W 4 32
YKR042W 0 0
YKR043C 5 182
YKR044W 0 0
YKR045C 3 133
YKR046C 4 31
YKR047W 1 2
YKR048C 3 141
YKR049C 4 8318
YKR050W 2 505
YKR051W 0 0
YKR052C 1 14
YKR053C 0 0
YKR054C 1 233
YKR055W 3 957
YKR056W 2 145
YKR057W 2 35
YKR058W 2 311
YKR059W 1 2
YKR060W 1 1
YKR061W 3 706
YKR062W 2 17
YKR063C 5 132
YKR064W 0 0
YKR065C 4 31
YKR066C 14 549
YKR067W 1 9
YKR068C 2 63
YKR069W 1 24
YKR070W 5 154
YKR071C 1 1
YKR072C 4 98
YKR073C 0 0
YKR074W 3 222
YKR075C 3 275
YKR075W-A 2 12
YKR076W 0 0
YKR077W 1 16
YKR078W 2 121
YKR079C 0 0
YKR080W 0 0
YKR081C 5 36
YKR082W 1 1
YKR083C 0 0
YKR084C 1 10
YKR085C 0 0
YKR086W 1 8
YKR087C 1 18
YKR088C 5 161
YKR089C 0 0
YKR090W 1 2
YKR091W 0 0
YKR092C 4 110
YKR093W 2 4
YKR094C 2 1573
YKR095W 1 7
YKR095W-A 2 2
YKR096W 0 0
YKR097W 0 0
YKR098C 2 20
YKR099W 0 0
YKR100C 2 47
YKR101W 5 105
YKR102W 1 5
YKR103W 1 1
YKR104W 1 17
YKR105C 0 0
YKR106W 0 0
YLL067C 0 0
YLL067W-A 0 0
YLL066W-B 0 0
YLL066C 0 0
YLL066W-A 0 0
YLL065W 1 2
YLL064C 0 0
YLL063C 5 682
YLL062C 0 0
YLL061W 9 402
YLL060C 7 265
YLL059C 2 115
YLL058W 1 1
YLL057C 1 3
YLL056C 1 47
YLL055W 0 0
YLL054C 1 170
YLL053C 0 0
YLL052C 2 19
YLL051C 4 47
YLL050C 2 619
YLL049W 5 269
YLL048C 0 0
YLL047W 3 174
YLL046C 0 0
YLL045C 5 1441
YLL044W 0 0
YLL043W 1 66
YLL042C 3 27
YLL041C 3 24
YLL040C 0 0
YLL039C 4 64
YLL038C 1 2
YLL037W 0 0
YLL036C 5 239
YLL035W 1 10
YLL034C 3 189
YLL033W 2 5
YLL032C 3 26
YLL031C 2 48
YLL030C 1 4
YLL029W 1 1
YLL028W 1 3
YLL027W 2 23
YLL026W 2 15
YLL025W 0 0
YLL024C 2 6
YLL023C 3 295
YLL022C 2 33
YLL021W 0 0
YLL020C 0 0
YLL019C 1 7
YLL019W-A 0 0
YLL018C-A 4 447
YLL018C 2 3
YLL015W 0 0
YLL014W 4 80
YLL013C 1 11
YLL012W 0 0
YLL011W 1 1
YLL010C 0 0
YLL009C 4 1003
YLL008W 1 2
YLL007C 0 0
YLL006W-A 1 2
YLL006W 2 15
YLL005C 3 82
YLL004W 4 18
YLL003W 0 0
YLL002W 0 0
YLL001W 3 150
YLR001C 4 68
YLR002C 4 126
YLR003C 5 570
YLR004C 2 7
YLR005W 3 56
YLR006C 1 2
YLR007W 5 280
YLR008C 0 0
YLR009W 2 12
YLR010C 1 17
YLR011W 0 0
YLR012C 0 0
YLR013W 0 0
YLR014C 2 14
YLR015W 4 19
YLR016C 5 39
YLR017W 0 0
YLR018C 0 0
YLR019W 1 27
YLR020C 2 53
YLR021W 5 677
YLR022C 1 28
YLR023C 2 16
YLR024C 0 0
YLR025W 2 31
YLR026C 1 4
YLR027C 7 437
YLR028C 8 442
YLR029C 2 12
YLR030W 2 16
YLR031W 2 9
YLR032W 3 111
YLR033W 1 5
YLR034C 3 34
YLR035C 2 257
YLR036C 9 443
YLR037C 1 6
YLR038C 8 245
YLR039C 1 4
YLR040C 1 182
YLR041W 0 0
YLR042C 1 1
YLR043C 6 855
YLR044C 2 20
YLR045C 5 434
YLR046C 2 47
YLR047C 1 2
YLR048W 0 0
YLR049C 4 26
YLR050C 1 14
YLR051C 0 0
YLR052W 2 4
YLR053C 1 59
YLR054C 0 0
YLR055C 5 58
YLR056W 2 37
YLR057W 4 66
YLR058C 1 15
YLR059C 4 194
YLR060W 2 36
YLR061W 6 242
YLR062C 2 3
YLR063W 8 2712
YLR064W 4 260
YLR065C 1 6
YLR066W 3 76
YLR067C 1 18
YLR068W 2 59
YLR069C 2 22
YLR070C 6 888
YLR071C 2 74
YLR072W 0 0
YLR073C 3 9
YLR074C 4 196
YLR075W 3 828
YLR076C 2 37
YLR077W 1 3
YLR078C 1 17
YLR079W 4 25
YLR080W 0 0
YLR081W 3 273
YLR082C 3 486
YLR083C 0 0
YLR084C 2 6
YLR085C 2 4
YLR086W 1 24
YLR087C 1 4
YLR088W 2 10
YLR089C 1 1
YLR090W 2 25
YLR091W 6 671
YLR092W 7 117
YLR093C 0 0
YLR094C 6 67
YLR095C 3 43
YLR096W 0 0
YLR097C 1 1
YLR098C 2 26
YLR099C 4 17
YLR099W-A 7 60
YLR100W 3 40
YLR101C 1 2
YLR102C 2 70
YLR103C 0 0
YLR104W 4 176
YLR105C 2 143
YLR106C 0 0
YLR107W 3 57
YLR108C 0 0
YLR109W 6 220
YLR110C 0 0
YLR111W 4 217
YLR112W 11 1984
YLR113W 3 56
YLR114C 0 0
YLR115W 3 43
YLR116W 1 2
YLR117C 6 165
YLR118C 4 38
YLR119W 5 54
YLR120C 2 109
YLR120W-A 2 18
YLR121C 0 0
YLR122C 0 0
YLR123C 0 0
YLR124W 2 17
YLR125W 0 0
YLR126C 0 0
YLR127C 0 0
YLR128W 4 106
YLR129W 2 16
YLR130C 2 40
YLR131C 0 0
YLR132C 1 9
YLR133W 3 45
YLR134W 0 0
YLR135W 1 2
YLR136C 2 6
YLR137W 3 97
YLR138W 2 11
YLR139C 6 492
YLR140W 0 0
YLR141W 4 180
YLR142W 6 304
YLR143W 2 2
YLR144C 1 1
YLR145W 4 55
YLR146C 0 0
YLR146W-A 4 43
YLR147C 2 30
YLR148W 2 12
YLR149C 6 38
YLR149C-A 0 0
YLR150W 2 11
YLR151C 5 189
YLR152C 0 0
YLR153C 2 31
YLR154C 7 714
YLR154W-A 0 0
YLR154W-B 0 0
YLR154W-C 0 0
YLR154W-E 0 0
YLR154W-F 0 0
YLR154C-G 0 0
YLR154C-H 0 0
YLR155C 0 0
YLR156W 0 0
YLR156C-A 0 0
YLR157C 0 0
YLR157W-D 0 0
YLR157W-E 0 0
YLR157C-C 0 0
YLR158C 0 0
YLR159W 0 0
YLR159C-A 0 0
YLR160C 0 0
YLR161W 0 0
YLR162W 1 2
YLR162W-A 0 0
YLR163C 2 39
YLR163W-A 3 45
YLR164W 1 8
YLR165C 3 278
YLR166C 1 37
YLR167W 2 15
YLR168C 6 569
YLR169W 0 0
YLR170C 7 106
YLR171W 4 90
YLR172C 6 687
YLR173W 3 85
YLR174W 7 86
YLR175W 3 79
YLR176C 3 125
YLR177W 1 28
YLR178C 4 59
YLR179C 6 25
YLR180W 3 28
YLR181C 0 0
YLR182W 2 6
YLR183C 0 0
YLR184W 0 0
YLR185W 1 5
YLR186W 2 19
YLR187W 0 0
YLR188W 0 0
YLR189C 1 43
YLR190W 1 9
YLR191W 1 2
YLR192C 0 0
YLR193C 1 21
YLR194C 3 94
YLR195C 3 15
YLR196W 1 5
YLR197W 0 0
YLR198C 0 0
YLR199C 1 39
YLR200W 0 0
YLR201C 2 267
YLR202C 1 1
YLR203C 2 5
YLR204W 6 36
YLR205C 7 2802
YLR206W 7 60
YLR207W 1 4
YLR208W 0 0
YLR209C 1 37
YLR210W 0 0
YLR211C 3 92
YLR212C 2 7
YLR213C 0 0
YLR214W 4 51
YLR215C 0 0
YLR216C 3 85
YLR217W 1 75
YLR218C 5 91
YLR219W 2 9
YLR220W 2 13
YLR221C 2 15
YLR222C 3 15
YLR222C-A 1 11
YLR223C 1 1
YLR224W 0 0
YLR225C 1 4
YLR226W 1 12
YLR227C 2 18
YLR228C 3 155
YLR229C 0 0
YLR230W 2 36
YLR231C 5 850
YLR232W 0 0
YLR233C 3 32
YLR234W 4 105
YLR235C 11 491
YLR236C 5 2941
YLR237W 5 111
YLR238W 1 125
YLR239C 5 127
YLR240W 0 0
YLR241W 2 80
YLR242C 0 0
YLR243W 2 144
YLR244C 3 18
YLR245C 2 14
YLR246W 3 110
YLR247C 6 48
YLR248W 2 41
YLR249W 0 0
YLR250W 3 18
YLR251W 1 1
YLR252W 0 0
YLR253W 1 7
YLR254C 2 8
YLR255C 1 1
YLR256W 1 24
YLR257W 2 24
YLR258W 3 56
YLR259C 5 46
YLR260W 1 1
YLR261C 1 14
YLR262C 0 0
YLR262C-A 0 0
YLR263W 1 3
YLR264W 4 701
YLR264C-A 1 126
YLR265C 6 90
YLR266C 8 235
YLR267W 3 22
YLR268W 3 26
YLR269C 2 17
YLR270W 2 28
YLR271W 6 278
YLR272C 2 13
YLR273C 0 0
YLR274W 1 110
YLR275W 3 512
YLR276C 1 2
YLR277C 7 250
YLR278C 4 324
YLR279W 5 2516
YLR280C 1 6
YLR281C 12 4108
YLR282C 1 69
YLR283W 2 3
YLR284C 0 0
YLR285W 0 0
YLR285C-A 3 161
YLR286C 0 0
YLR286W-A 1 2
YLR287C 0 0
YLR287C-A 3 21
YLR288C 4 66
YLR289W 4 63
YLR290C 2 3
YLR291C 2 79
YLR292C 2 216
YLR293C 0 0
YLR294C 2 7
YLR295C 2 25
YLR296W 5 18
YLR297W 1 55
YLR298C 9 986
YLR299W 3 6
YLR299C-A 8 596
YLR300W 0 0
YLR301W 4 105
YLR302C 3 66
YLR303W 8 338
YLR304C 5 68
YLR305C 4 99
YLR306W 0 0
YLR307W 0 0
YLR307C-A 1 13
YLR308W 1 57
YLR309C 2 40
YLR310C 0 0
YLR311C 4 240
YLR312C 3 15
YLR312W-A 7 185
YLR313C 0 0
YLR314C 2 13
YLR315W 1 6
YLR316C 3 41
YLR317W 2 13
YLR318W 3 132
YLR319C 0 0
YLR320W 1 3
YLR321C 1 6
YLR322W 1 2
YLR323C 4 545
YLR324W 4 167
YLR325C 3 75
YLR326W 6 143
YLR327C 1 1
YLR328W 4 359
YLR329W 0 0
YLR330W 4 50
YLR331C 0 0
YLR332W 1 5
YLR333C 6 696
YLR334C 6 294
YLR335W 5 133
YLR336C 1 55
YLR337C 0 0
YLR338W 4 31
YLR339C 0 0
YLR340W 0 0
YLR341W 0 0
YLR342W 2 7
YLR342W-A 0 0
YLR343W 1 2
YLR344W 1 18
YLR345W 4 172
YLR346C 4 17
YLR347C 0 0
YLR347W-A 1 2
YLR348C 9 1130
YLR349W 2 13
YLR350W 1 8051
YLR351C 2 47
YLR352W 6 87
YLR353W 3 15
YLR354C 4 16
YLR355C 2 289
YLR356W 3 179
YLR357W 4 176
YLR358C 3 30
YLR359W 1 15
YLR360W 1 7
YLR361C 9 254
YLR361C-A 3 305
YLR362W 1 42
YLR363C 0 0
YLR363W-A 2 5
YLR364W 0 0
YLR365W 1 2
YLR364C-A 6 413
YLR366W 0 0
YLR367W 5 235
YLR368W 3 205
YLR369W 1 31
YLR370C 3 117
YLR371W 0 0
YLR372W 2 11
YLR373C 6 326
YLR374C 0 0
YLR375W 3 130
YLR376C 5 25
YLR377C 6 47
YLR378C 0 0
YLR379W 2 17
YLR380W 2 223
YLR381W 1 8
YLR382C 3 23
YLR383W 0 0
YLR384C 8 70
YLR385C 2 6
YLR386W 2 78
YLR387C 2 477
YLR388W 1 2
YLR389C 1 1
YLR390W 2 4
YLR390W-A 10 246
YLR392C 2 17
YLR393W 5 162
YLR394W 0 0
YLR395C 2 23
YLR396C 2 16
YLR397C 3 394
YLR398C 1 131
YLR399C 5 596
YLR399W-A 0 0
YLR400W 0 0
YLR401C 6 216
YLR402W 5 136
YLR403W 0 0
YLR404W 4 10
YLR405W 5 223
YLR406C 2 3
YLR406C-A 5 2378
YLR407W 1 1
YLR408C 9 911
YLR409C 6 1032
YLR410W 6 57
YLR411W 5 124
YLR412W 3 155
YLR412C-A 0 0
YLR413W 2 82
YLR414C 1 93
YLR415C 2 7
YLR416C 3 391
YLR417W 3 391
YLR418C 0 0
YLR419W 0 0
YLR420W 1 3
YLR421C 2 15
YLR422W 0 0
YLR423C 2 459
YLR424W 2 136
YLR425W 3 4
YLR426W 3 47
YLR427W 1 7
YLR428C 2 4
YLR429W 9 1333
YLR430W 0 0
YLR431C 1 485
YLR432W 0 0
YLR433C 0 0
YLR434C 0 0
YLR435W 0 0
YLR436C 5 139
YLR437C 8 307
YLR437C-A 2 4
YLR438W 4 157
YLR438C-A 0 0
YLR439W 0 0
YLR440C 1 1
YLR441C 5 182
YLR442C 2 11
YLR443W 2 3
YLR444C 2 45
YLR445W 2 43
YLR446W 6 1318
YLR447C 2 74
YLR448W 0 0
YLR449W 1 1
YLR450W 2 17
YLR451W 1 12
YLR452C 5 136
YLR453C 9 304
YLR454W 2 380
YLR455W 0 0
YLR456W 4 116
YLR457C 7 483
YLR458W 2 52
YLR459W 4 77
YLR460C 4 166
YLR461W 0 0
YLR462W 0 0
YLR463C 0 0
YLR464W 0 0
YLR465C 0 0
YLR466W 0 0
YLR466C-A 0 0
YLR466C-B 0 0
YLR467W 0 0
YLR467C-A 0 0
YML133C 0 0
YML133W-B 0 0
YML133W-A 0 0
YML132W 0 0
YML131W 2 40
YML130C 1 1
YML129C 4 44
YML128C 3 24
YML127W 1 215
YML126C 6 273
YML125C 1 3
YML124C 2 12
YML123C 2 19
YML122C 4 31
YML121W 0 0
YML120C 3 16
YML119W 0 0
YML118W 0 0
YML117W 1 8
YML116W-A 0 0
YML116W 1 5
YML115C 4 91
YML114C 1 1
YML113W 5 131
YML112W 2 4
YML111W 0 0
YML110C 6 280
YML109W 3 10
YML108W 2 85
YML107C 4 18
YML106W 1 127
YML105C 2 17
YML104C 2 26
YML103C 1 193
YML102W 3 53
YML101C-A 6 129
YML101C 6 743
YML100W-A 5 215
YML100W 2 46
YML099W-A 1 89
YML099C 4 822
YML098W 1 31
YML097C 2 21
YML096W 0 0
YML095C 1 12
YML094C-A 1 6
YML094W 3 34
YML093W 3 810
YML092C 0 0
YML091C 1 1
YML090W 1 1
YML089C 5 71
YML088W 11 928
YML087C 5 66
YML086C 0 0
YML085C 1 10
YML084W 1 10
YML083C 1 16
YML082W 4 617
YML081C-A 8 245
YML081W 0 0
YML080W 2 8
YML079W 1 24
YML078W 1 6
YML077W 3 862
YML076C 8 159
YML075C 2 11
YML074C 4 38
YML073C 2 17
YML072C 3 95
YML071C 3 785
YML070W 1 2
YML069W 2 125
YML068W 0 0
YML067C 2 103
YML066C 0 0
YML065W 1 22
YML064C 0 0
YML063W 6 269
YML062C 0 0
YML061C 0 0
YML060W 0 0
YML059C 1 10
YML058W-A 3 71
YML058W 6 426
YML057C-A 0 0
YML057W 0 0
YML056C 0 0
YML055W 5 127
YML054C 3 47
YML054C-A 9 341
YML053C 1 41
YML052W 2 32
YML051W 7 335
YML050W 10 669
YML049C 2 17
YML048W 2 17
YML047W-A 0 0
YML047C 0 0
YML046W 2 69
YML043C 1 24
YML042W 11 85
YML041C 3 83
YML038C 1 41
YML037C 1 2
YML036W 1 5
YML035C 1 5
YML034C-A 1 6
YML034W 0 0
YML032C 0 0
YML031C-A 0 0
YML031W 0 0
YML030W 1 19
YML029W 1 1
YML028W 4 242
YML027W 4 47
YML026C 3 56
YML025C 7 48
YML024W 4 94
YML023C 4 42
YML022W 0 0
YML021C 8 3047
YML020W 3 68
YML019W 1 1
YML018C 0 0
YML017W 1 10
YML016C 0 0
YML015C 3 112
YML014W 3 34
YML013W 3 335
YML012C-A 2 16
YML012W 8 167
YML011C 7 204
YML010W 2 8
YML009W-B 0 0
YML009C-A 5 325
YML009C 9 1670
YML008C 0 0
YML007C-A 6 745
YML007W 2 8
YML006C 0 0
YML005W 2 20
YML004C 2 3
YML003W 3 22
YML002W 1 23
YML001W 1 14
YMR001C 0 0
YMR001C-A 3 89
YMR002W 7 292
YMR003W 5 402
YMR004W 3 760
YMR005W 4 74
YMR006C 3 23
YMR007W 1 3
YMR008C 3 126
YMR009W 3 89
YMR010W 1 42
YMR011W 3 8
YMR012W 0 0
YMR013C 2 488
YMR013C-A 1 5
YMR013W-A 2 45
YMR014W 4 922
YMR015C 4 256
YMR016C 1 5
YMR017W 1 18
YMR018W 2 25
YMR019W 3 109
YMR020W 0 0
YMR021C 2 23
YMR022W 2 52
YMR023C 3 47
YMR024W 0 0
YMR025W 4 13
YMR026C 1 1
YMR027W 2 72
YMR028W 2 113
YMR029C 3 561
YMR030W 1 1
YMR031C 1 14
YMR031W-A 2 7
YMR032W 0 0
YMR030W-A 1 1
YMR033W 0 0
YMR034C 2 85
YMR035W 3 24
YMR036C 1 23
YMR037C 0 0
YMR038C 2 37
YMR039C 3 41
YMR040W 3 98
YMR041C 7 155
YMR042W 3 95
YMR043W 4 122
YMR044W 5 240
YMR046W-A 0 0
YMR047C 2 32
YMR048W 4 135
YMR049C 6 158
YMR052W 2 290
YMR052C-A 4 13
YMR053C 1 1
YMR054W 2 969
YMR055C 2 6
YMR056C 9 248
YMR057C 2 51
YMR058W 2 51
YMR059W 6 129
YMR060C 0 0
YMR061W 4 84
YMR062C 2 2
YMR063W 5 1057
YMR064W 2 5
YMR065W 2 6
YMR066W 4 259
YMR067C 2 65
YMR068W 4 81
YMR069W 2 10
YMR070W 1 4
YMR071C 2 6
YMR072W 7 131
YMR073C 6 129
YMR074C 5 45
YMR075W 1 6
YMR075C-A 1 2
YMR076C 1 20
YMR077C 2 37
YMR078C 4 421
YMR079W 3 18
YMR080C 0 0
YMR081C 0 0
YMR082C 4 22
YMR083W 4 138
YMR084W 1 34
YMR085W 2 18
YMR086W 4 169
YMR086C-A 4 68
YMR087W 3 50
YMR088C 0 0
YMR089C 0 0
YMR090W 3 10
YMR091C 1 4
YMR092C 0 0
YMR093W 3 11
YMR094W 2 130
YMR095C 1 2
YMR096W 3 49
YMR097C 2 92
YMR098C 0 0
YMR099C 6 289
YMR100W 1 57
YMR101C 0 0
YMR102C 3 24
YMR103C 10 65
YMR104C 4 49
YMR105C 0 0
YMR105W-A 1 39
YMR106C 2 2
YMR107W 3 9
YMR108W 0 0
YMR109W 3 66
YMR110C 7 200
YMR111C 0 0
YMR112C 0 0
YMR113W 1 22
YMR114C 3 58
YMR115W 4 85
YMR116C 1 15
YMR117C 2 39
YMR118C 1 8
YMR119W 0 0
YMR119W-A 0 0
YMR120C 4 67
YMR121C 11 198
YMR122C 5 137
YMR122W-A 3 11
YMR123W 4 134
YMR124W 0 0
YMR125W 1 3
YMR126C 0 0
YMR127C 0 0
YMR128W 3 5
YMR129W 2 22
YMR130W 2 28
YMR131C 0 0
YMR132C 2 65
YMR133W 2 11
YMR134W 2 98
YMR135C 9 292
YMR135W-A 4 658
YMR136W 2 76
YMR137C 3 43
YMR138W 3 9
YMR139W 5 477
YMR140W 0 0
YMR141C 4 61
YMR142C 0 0
YMR141W-A 0 0
YMR143W 1 2
YMR144W 0 0
YMR145C 4 64
YMR146C 0 0
YMR147W 4 176
YMR148W 0 0
YMR149W 3 119
YMR150C 3 33
YMR151W 5 474
YMR152W 4 25
YMR153W 0 0
YMR153C-A 1 8
YMR154C 5 78
YMR155W 6 415
YMR156C 1 4
YMR157C 3 646
YMR158W 2 2
YMR158C-A 3 56
YMR158W-B 3 511
YMR159C 2 26
YMR160W 0 0
YMR161W 3 568
YMR162C 3 48
YMR163C 1 11
YMR164C 2 4
YMR165C 1 37
YMR166C 1 12
YMR167W 5 58
YMR168C 10 67
YMR169C 3 15
YMR170C 0 0
YMR171C 1 25
YMR172W 0 0
YMR172C-A 0 0
YMR173W 1 2
YMR173W-A 0 0
YMR174C 4 33
YMR175W 4 84
YMR175W-A 0 0
YMR176W 2 26
YMR177W 1 20
YMR178W 5 293
YMR179W 1 6
YMR180C 4 36
YMR181C 1 2
YMR182C 2 31
YMR182W-A 8 255
YMR183C 2 17
YMR184W 4 86
YMR185W 4 107
YMR186W 3 13
YMR187C 4 1370
YMR188C 4 77
YMR189W 2 2153
YMR190C 1 3
YMR191W 5 46
YMR192W 2 44
YMR193W 2 50
YMR193C-A 0 0
YMR194W 5 160
YMR194C-B 3 14
YMR194C-A 5 123
YMR195W 6 114
YMR196W 3 61
YMR197C 2 117
YMR198W 1 8
YMR199W 1 63
YMR200W 1 47
YMR201C 2 97
YMR202W 2 207
YMR203W 2 123
YMR204C 1 2
YMR205C 2 2
YMR206W 6 63
YMR207C 1 1
YMR208W 0 0
YMR209C 1 6
YMR210W 3 305
YMR211W 2 14
YMR212C 1 1
YMR213W 6 849
YMR214W 5 1988
YMR215W 3 77
YMR216C 3 2356
YMR217W 2 13
YMR218C 1 1
YMR219W 4 113
YMR220W 1 17
YMR221C 8 144
YMR222C 2 8
YMR223W 2 11
YMR224C 3 40
YMR225C 7 233
YMR226C 3 50
YMR227C 0 0
YMR228W 2 25
YMR229C 0 0
YMR230W 7 381
YMR230W-A 0 0
YMR231W 2 25
YMR232W 0 0
YMR233W 0 0
YMR234W 1 9
YMR235C 1 1
YMR236W 5 49
YMR237W 3 93
YMR238W 1 1
YMR239C 2 182
YMR240C 7 788
YMR241W 4 383
YMR242C 0 0
YMR242W-A 0 0
YMR243C 2 5
YMR244W 0 0
YMR244C-A 4 156
YMR245W 0 0
YMR246W 5 67
YMR247C 3 56
YMR247W-A 1 3
YMR250W 3 51
YMR251W 1 6
YMR251W-A 0 0
YMR252C 5 2260
YMR253C 8 98
YMR254C 0 0
YMR255W 0 0
YMR256C 3 23
YMR257C 2 29
YMR258C 1 83
YMR259C 3 290
YMR260C 1 26
YMR261C 2 7
YMR262W 3 99
YMR263W 1 9
YMR264W 4 557
YMR265C 5 46
YMR266W 2 125
YMR267W 1 13
YMR268C 3 28
YMR269W 2 117
YMR270C 0 0
YMR271C 2 25
YMR272C 2 74
YMR272W-A 1 2
YMR272W-B 4 98
YMR273C 0 0
YMR274C 1 1
YMR275C 2 11
YMR276W 5 27
YMR277W 1 2
YMR278W 2 4
YMR279C 1 11
YMR280C 1 1
YMR281W 3 21
YMR282C 0 0
YMR283C 4 723
YMR284W 5 191
YMR285C 1 6
YMR286W 3 16
YMR287C 2 130
YMR288W 3 39
YMR289W 3 121
YMR290C 1 4
YMR290W-A 0 0
YMR291W 2 206
YMR292W 6 528
YMR293C 3 102
YMR294W 2 101
YMR294W-A 1 11
YMR295C 1 33
YMR296C 3 11
YMR297W 0 0
YMR298W 0 0
YMR299C 2 127
YMR300C 1 1
YMR301C 1 11
YMR302C 3 179
YMR303C 2 10
YMR304W 2 41
YMR304C-A 1 11
YMR305C 0 0
YMR306W 1 8
YMR306C-A 1 28
YMR307W 0 0
YMR307C-A 2 3
YMR308C 0 0
YMR309C 2 6
YMR310C 3 72
YMR311C 5 183
YMR312W 1 8
YMR313C 6 149
YMR314W 4 32
YMR315W 0 0
YMR315W-A 4 272
YMR316W 0 0
YMR316C-A 5 387
YMR316C-B 1 2
YMR317W 1 2
YMR318C 7 707
YMR319C 0 0
YMR320W 3 279
YMR321C 1 2
YMR322C 0 0
YMR323W 0 0
YMR324C 0 0
YMR325W 0 0
YMR326C 7 121
YNL339C 0 0
YNL339W-B 0 0
YNL339W-A 0 0
YNL338W 0 0
YNL337W 6 63
YNL336W 0 0
YNL335W 0 0
YNL334C 2 33
YNL333W 1 22
YNL332W 0 0
YNL331C 1 4
YNL330C 0 0
YNL329C 5 2465
YNL328C 7 136
YNL327W 1 15
YNL326C 4 69
YNL325C 2 138
YNL324W 1 12
YNL323W 0 0
YNL322C 6 88
YNL321W 5 31
YNL320W 4 1370
YNL319W 0 0
YNL318C 0 0
YNL317W 4 33
YNL316C 3 61
YNL315C 2 2
YNL314W 2 12
YNL313C 2 5
YNL312W 1 110
YNL311C 4 178
YNL310C 3 47
YNL309W 3 12
YNL308C 2 186
YNL307C 1 1
YNL306W 5 30
YNL305C 3 13
YNL304W 5 183
YNL303W 2 22
YNL302C 1 1
YNL301C 3 47
YNL300W 2 11
YNL299W 1 6
YNL298W 0 0
YNL297C 8 565
YNL296W 0 0
YNL295W 2 42
YNL294C 1 2
YNL293W 6 289
YNL292W 3 30
YNL291C 1 1
YNL290W 3 27
YNL289W 1 6
YNL288W 2 15
YNL287W 1 1
YNL286W 1 33
YNL285W 3 307
YNL284C 1 12
YNL283C 0 0
YNL282W 10 931
YNL281W 0 0
YNL280C 1 2
YNL279W 0 0
YNL278W 0 0
YNL277W-A 3 40
YNL277W 1 56
YNL276C 1 1
YNL275W 5 403
YNL274C 0 0
YNL273W 1 7
YNL272C 1 2
YNL271C 0 0
YNL270C 3 17
YNL269W 0 0
YNL268W 4 55
YNL267W 2 10
YNL266W 4 20
YNL265C 3 308
YNL264C 2 2
YNL263C 0 0
YNL262W 0 0
YNL261W 0 0
YNL260C 1 22
YNL259C 3 214
YNL258C 2 492
YNL257C 1 2
YNL256W 0 0
YNL255C 3 571
YNL254C 5 651
YNL253W 6 145
YNL252C 1 1
YNL251C 3 10
YNL250W 3 23
YNL249C 1 3
YNL248C 2 56
YNL247W 5 169
YNL246W 5 276
YNL245C 9 4855
YNL244C 1 1
YNL243W 6 431
YNL242W 0 0
YNL241C 4 277
YNL240C 5 82
YNL239W 3 130
YNL238W 0 0
YNL237W 1 5
YNL236W 1 20
YNL235C 2 24
YNL234W 7 99
YNL233W 1 16
YNL232W 1 2
YNL231C 1 3
YNL230C 0 0
YNL229C 2 42
YNL228W 6 1826
YNL227C 2 6
YNL226W 1 79
YNL225C 6 419
YNL224C 0 0
YNL223W 3 162
YNL222W 6 34
YNL221C 1 1
YNL220W 3 4
YNL219C 1 2
YNL218W 7 584
YNL217W 6 104
YNL216W 4 288
YNL215W 1 21
YNL214W 1 168
YNL213C 1 1
YNL212W 0 0
YNL211C 2 10
YNL210W 3 32
YNL209W 7 82
YNL208W 3 110
YNL207W 2 23
YNL206C 6 460
YNL205C 1 1
YNL204C 1 4
YNL203C 4 81
YNL202W 0 0
YNL201C 0 0
YNL200C 0 0
YNL199C 0 0
YNL198C 0 0
YNL197C 1 5
YNL196C 2 16
YNL195C 0 0
YNL194C 1 24
YNL193W 7 942
YNL192W 2 44
YNL191W 2 14
YNL190W 0 0
YNL189W 0 0
YNL188W 0 0
YNL187W 3 27
YNL186W 1 4
YNL185C 0 0
YNL184C 1 6
YNL183C 3 192
YNL182C 6 68
YNL181W 0 0
YNL180C 1 1
YNL179C 1 1
YNL178W 3 18
YNL177C 3 115
YNL176C 1 15
YNL175C 5 204
YNL174W 0 0
YNL173C 0 0
YNL172W 0 0
YNL171C 1 5
YNL170W 2 16
YNL169C 1 29
YNL168C 2 387
YNL167C 2 34
YNL166C 2 69
YNL165W 0 0
YNL164C 1 2
YNL163C 1 43
YNL162W-A 0 0
YNL162W 2 72
YNL161W 1 36
YNL160W 1 9
YNL159C 2 27
YNL158W 5 202
YNL157W 3 9
YNL156C 3 43
YNL155W 0 0
YNL154C 0 0
YNL153C 13 2012
YNL152W 4 50
YNL151C 5 219
YNL150W 0 0
YNL149C 4 485
YNL148C 4 127
YNL147W 4 351
YNL146C-A 5 15
YNL146W 3 9
YNL145W 1 6
YNL144C 4 34
YNL144W-A 1 3
YNL143C 2 46
YNL142W 0 0
YNL141W 1 2
YNL140C 1 7
YNL139C 0 0
YNL138W-A 2 4
YNL138W 2 128
YNL137C 1 3
YNL136W 5 122
YNL135C 4 16
YNL134C 2 22
YNL133C 7 79
YNL132W 0 0
YNL131W 0 0
YNL130C 3 616
YNL130C-A 1 121
YNL129W 1 121
YNL128W 0 0
YNL127W 0 0
YNL126W 3 24
YNL125C 3 27
YNL124W 4 1027
YNL123W 6 241
YNL122C 4 56
YNL121C 0 0
YNL120C 0 0
YNL119W 1 1
YNL118C 2 35
YNL117W 2 47
YNL116W 3 96
YNL115C 3 49
YNL114C 0 0
YNL113W 3 4
YNL112W 0 0
YNL111C 1 1
YNL110C 1 1
YNL109W 3 7
YNL108C 1 10
YNL107W 5 392
YNL106C 0 0
YNL105W 3 60
YNL104C 5 135
YNL103W-A 0 0
YNL103W 5 256
YNL102W 0 0
YNL101W 2 14
YNL100W 4 116
YNL099C 4 270
YNL098C 1 8
YNL097C-B 4 160
YNL097C 3 10
YNL097W-A 2 64
YNL096C 2 5
YNL095C 0 0
YNL094W 0 0
YNL093W 0 0
YNL092W 5 75
YNL091W 0 0
YNL090W 2 8
YNL089C 0 0
YNL088W 2 28
YNL087W 1 14
YNL086W 0 0
YNL085W 0 0
YNL084C 1 2
YNL083W 2 25
YNL082W 2 18
YNL081C 2 89
YNL080C 2 7
YNL079C 5 1495
YNL078W 1 2
YNL077W 1 1
YNL076W 0 0
YNL075W 0 0
YNL074C 5 145
YNL073W 5 96
YNL072W 5 26
YNL071W 0 0
YNL070W 1 2
YNL069C 0 0
YNL068C 3 85
YNL067W-A 1 35
YNL067W-B 6 253
YNL067W 4 81
YNL066W 1 214
YNL065W 2 6
YNL064C 0 0
YNL063W 5 103
YNL062C 0 0
YNL061W 2 64
YNL059C 2 16
YNL058C 2 2346
YNL057W 1 22
YNL056W 2 134
YNL055C 6 49
YNL054W 1 4
YNL053W 1 2
YNL052W 4 67
YNL051W 3 10
YNL050C 3 143
YNL049C 2 5
YNL048W 1 16
YNL047C 4 12
YNL046W 1 1
YNL045W 8 149
YNL044W 0 0
YNL043C 0 0
YNL042W-B 2 20
YNL042W 0 0
YNL041C 0 0
YNL040W 4 20
YNL039W 1 3
YNL038W 4 120
YNL037C 1 8
YNL036W 3 111
YNL035C 5 86
YNL034W 0 0
YNL033W 0 0
YNL032W 1 48
YNL031C 2 9
YNL030W 0 0
YNL029C 2 48
YNL028W 2 32
YNL027W 0 0
YNL026W 2 24
YNL025C 3 1248
YNL024C-A 3 71
YNL024C 1 45
YNL023C 1 108
YNL022C 1 1
YNL021W 0 0
YNL020C 0 0
YNL019C 0 0
YNL018C 0 0
YNL017C 4 180
YNL016W 3 4
YNL015W 0 0
YNL014W 1 91
YNL013C 1 11
YNL012W 2 33
YNL011C 3 41
YNL010W 0 0
YNL009W 3 25
YNL008C 2 178
YNL007C 1 40
YNL006W 1 2
YNL005C 2 106
YNL004W 1 6
YNL003C 4 98
YNL002C 2 43
YNL001W 0 0
YNR001C 2 11
YNR001W-A 4 73
YNR002C 6 140
YNR003C 4 217
YNR003W-A 6 1029
YNR004W 0 0
YNR005C 0 0
YNR006W 2 113
YNR007C 3 204
YNR008W 3 97
YNR009W 4 113
YNR010W 1 9
YNR011C 4 212
YNR012W 3 10
YNR013C 2 113
YNR014W 12 713
YNR015W 3 12
YNR016C 0 0
YNR017W 3 111
YNR018W 4 191
YNR019W 3 283
YNR020C 5 167
YNR021W 5 165
YNR022C 1 2
YNR023W 2 121
YNR024W 1 103
YNR025C 0 0
YNR026C 5 150
YNR027W 2 61
YNR028W 1 59
YNR029C 2 53
YNR030W 1 39
YNR031C 0 0
YNR032W 0 0
YNR032C-A 5 120
YNR033W 2 16
YNR034W 3 8
YNR034W-A 1 48
YNR035C 5 292
YNR036C 2 70
YNR037C 8 447
YNR038W 3 471
YNR039C 1 46
YNR040W 5 33
YNR041C 0 0
YNR042W 0 0
YNR043W 0 0
YNR044W 1 6
YNR045W 0 0
YNR046W 3 53
YNR047W 3 29
YNR048W 2 18
YNR049C 3 21
YNR050C 2 73
YNR051C 0 0
YNR052C 2 16
YNR053C 2 77
YNR054C 5 371
YNR055C 1 15
YNR056C 1 35
YNR057C 1 2
YNR058W 4 132
YNR059W 0 0
YNR060W 2 37
YNR061C 0 0
YNR062C 1 11
YNR063W 0 0
YNR064C 1 14
YNR065C 1 2
YNR066C 2 16
YNR067C 0 0
YNR068C 0 0
YNR069C 0 0
YNR070W 0 0
YNR071C 3 14
YNR072W 0 0
YNR073C 1 14
YNR074C 0 0
YNR075W 1 37
YNR075C-A 4 833
YNR076W 0 0
YNR077C 6 842
YOL166W-A 5 25
YOL166C 2 32
YOL165C 0 0
YOL164W-A 0 0
YOL164W 1 40
YOL163W 3 20
YOL162W 1 33
YOL161C 0 0
YOL160W 0 0
YOL159C-A 0 0
YOL159C 2 3
YOL158C 4 276
YOL157C 1 6
YOL156W 0 0
YOL155W-A 0 0
YOL155C 1 1
YOL154W 1 1
YOL152W 4 54
YOL151W 1 1
YOL150C 3 188
YOL149W 0 0
YOL148C 4 32
YOL147C 0 0
YOL146W 1 2
YOL145C 1 192
YOL144W 2 2
YOL143C 3 23
YOL142W 7 144
YOL141W 3 8
YOL140W 6 232
YOL139C 3 18
YOL138C 3 152
YOL137W 1 1
YOL136C 0 0
YOL135C 6 248
YOL134C 0 0
YOL133W 3 189
YOL132W 2 171
YOL131W 1 37
YOL130W 0 0
YOL129W 6 268
YOL128C 6 1413
YOL127W 0 0
YOL126C 5 168
YOL125W 2 220
YOL124C 3 129
YOL123W 1 60
YOL122C 1 19
YOL121C 3 145
YOL120C 0 0
YOL119C 2 16
YOL118C 6 1209
YOL117W 5 69
YOL116W 2 13
YOL115W 0 0
YOL114C 4 102
YOL113W 2 134
YOL112W 2 37
YOL111C 4 195
YOL110W 5 322
YOL109W 1 9
YOL108C 6 632
YOL107W 2 26
YOL106W 0 0
YOL105C 0 0
YOL104C 1 2
YOL103W 0 0
YOL102C 4 125
YOL101C 2 43
YOL100W 0 0
YOL099C 1 18
YOL098C 2 21
YOL097W-A 4 314
YOL097C 4 95
YOL096C 3 20
YOL095C 0 0
YOL094C 1 6
YOL093W 1 43
YOL092W 2 20
YOL091W 1 4
YOL090W 0 0
YOL089C 0 0
YOL088C 2 15
YOL087C 0 0
YOL086W-A 5 51
YOL086C 3 16
YOL085W-A 0 0
YOL085C 4 318
YOL084W 0 0
YOL083W 1 4
YOL083C-A 0 0
YOL082W 0 0
YOL081W 1 1
YOL080C 2 14
YOL079W 1 84
YOL078W 0 0
YOL077W-A 10 339
YOL077C 2 101
YOL076W 1 1
YOL075C 5 642
YOL073C 2 32
YOL072W 3 235
YOL071W 2 53
YOL070C 8 160
YOL069W 0 0
YOL068C 0 0
YOL067C 5 82
YOL066C 0 0
YOL065C 1 1
YOL064C 6 106
YOL063C 2 4
YOL062C 7 1352
YOL061W 6 103
YOL060C 2 2
YOL059W 7 210
YOL058W 6 247
YOL057W 3 119
YOL056W 1 31
YOL055C 0 0
YOL054W 1 16
YOL053W 2 32
YOL052C-A 1 2
YOL052C 2 7
YOL051W 1 2
YOL050C 2 198
YOL049W 6 143
YOL048C 4 157
YOL047C 0 0
YOL046C 0 0
YOL045W 0 0
YOL044W 1 5
YOL043C 2 17
YOL042W 1 56
YOL041C 3 16
YOL040C 2 68
YOL039W 1 69
YOL038C-A 0 0
YOL038W 2 64
YOL037C 0 0
YOL036W 1 5
YOL035C 2 23
YOL034W 7 270
YOL033W 1 94
YOL032W 0 0
YOL031C 3 30
YOL030W 1 4
YOL029C 0 0
YOL028C 0 0
YOL027C 2 72
YOL026C 4 54
YOL025W 2 87
YOL024W 2 27
YOL023W 1 3
YOL022C 0 0
YOL021C 3 82
YOL020W 5 36
YOL019W-A 6 216
YOL019W 1 3
YOL018C 3 23
YOL017W 0 0
YOL016C 2 47
YOL015W 0 0
YOL014W 0 0
YOL013W-B 0 0
YOL013W-A 0 0
YOL013C 0 0
YOL012C 1 9
YOL011W 2 36
YOL010W 2 11
YOL009C 0 0
YOL008W 1 70
YOL007C 0 0
YOL006C 1 4
YOL005C 6 52
YOL004W 1 5
YOL003C 8 110
YOL002C 1 12
YOL001W 3 113
YOR001W 8 484
YOR002W 1 3
YOR003W 1 137
YOR004W 4 44
YOR005C 2 8
YOR006C 2 4
YOR007C 2 14
YOR008C 0 0
YOR008C-A 0 0
YOR008W-B 4 113
YOR009W 0 0
YOR010C 2 29
YOR011W 0 0
YOR011W-A 0 0
YOR012W 0 0
YOR013W 0 0
YOR014W 0 0
YOR015W 1 2
YOR016C 1 6
YOR017W 3 7
YOR018W 0 0
YOR019W 0 0
YOR020C 2 101
YOR020W-A 2 24
YOR021C 2 41
YOR022C 1 6
YOR023C 6 164
YOR024W 7 191
YOR025W 2 121
YOR026W 6 347
YOR027W 1 16
YOR028C 0 0
YOR029W 1 2
YOR030W 0 0
YOR031W 5 434
YOR032C 4 94
YOR032W-A 5 87
YOR033C 0 0
YOR034C 0 0
YOR034C-A 2 90
YOR035C 4 86
YOR036W 3 21
YOR037W 3 8
YOR038C 3 24
YOR039W 1 2
YOR040W 1 62
YOR041C 1 37
YOR042W 2 45
YOR043W 0 0
YOR044W 1 1
YOR045W 3 85
YOR046C 1 2
YOR047C 1 4
YOR048C 2 18
YOR049C 1 21
YOR050C 5 200
YOR051C 0 0
YOR052C 2 52
YOR053W 2 2
YOR054C 2 142
YOR055W 1 147
YOR056C 2 69
YOR057W 1 2
YOR058C 2 46
YOR059C 5 272
YOR060C 5 153
YOR061W 0 0
YOR062C 2 160
YOR063W 7 701
YOR064C 13 1376
YOR065W 1 1
YOR066W 0 0
YOR067C 0 0
YOR069W 0 0
YOR068C 1 11
YOR070C 3 21
YOR071C 0 0
YOR072W 5 115
YOR072W-A 3 106
YOR072W-B 2 64
YOR073W 2 150
YOR074C 0 0
YOR073W-A 2 279
YOR075W 9 1187
YOR076C 5 208
YOR077W 1 2
YOR078W 2 78
YOR079C 1 20
YOR080W 2 27
YOR081C 2 23
YOR082C 2 10
YOR083W 1 24
YOR084W 5 200
YOR085W 2 13
YOR086C 1 2
YOR087W 7 110
YOR089C 0 0
YOR090C 0 0
YOR091W 3 26
YOR092W 0 0
YOR093C 1 1
YOR094W 0 0
YOR095C 5 222
YOR096W 1 2
YOR097C 1 3
YOR098C 5 1309
YOR099W 3 370
YOR100C 3 169
YOR101W 1 20
YOR102W 9 628
YOR103C 7 300
YOR104W 1 38
YOR105W 0 0
YOR106W 1 1
YOR107W 3 20
YOR108W 2 2
YOR108C-A 0 0
YOR109W 1 2
YOR110W 2 15
YOR111W 4 89
YOR112W 1 2
YOR113W 0 0
YOR114W 2 38
YOR115C 2 530
YOR116C 0 0
YOR117W 1 27
YOR118W 0 0
YOR119C 6 206
YOR120W 0 0
YOR121C 4 319
YOR122C 5 12
YOR123C 1 32
YOR124C 0 0
YOR125C 1 4
YOR126C 12 3485
YOR127W 0 0
YOR128C 0 0
YOR129C 1 11
YOR130C 2 12
YOR131C 2 78
YOR132W 2 65
YOR133W 1 109
YOR134W 2 5
YOR135C 0 0
YOR136W 1 31
YOR137C 0 0
YOR138C 2 496
YOR139C 0 0
YOR140W 1 9
YOR141C 5 188
YOR142W 2 28
YOR143C 1 1
YOR144C 1 1
YOR145C 3 59
YOR146W 2 15
YOR147W 5 216
YOR148C 5 312
YOR149C 1 4
YOR150W 3 180
YOR151C 0 0
YOR152C 0 0
YOR153W 0 0
YOR154W 3 21
YOR155C 3 205
YOR156C 1 4
YOR157C 1 25
YOR158W 4 202
YOR159C 0 0
YOR160W 1 73
YOR161C 4 42
YOR161W-A 0 0
YOR161W-B 3 26
YOR161C-C 7 54
YOR162C 3 12
YOR163W 2 96
YOR164C 2 33
YOR165W 3 22
YOR166C 2 33
YOR167C 1 3
YOR168W 1 8
YOR169C 0 0
YOR170W 1 2
YOR171C 1 26
YOR172W 5 114
YOR173W 0 0
YOR174W 1 11
YOR175C 4 66
YOR176W 2 6
YOR177C 1 1
YOR178C 5 108
YOR179C 4 1448
YOR180C 0 0
YOR181W 3 9
YOR182C 3 243
YOR183W 1 31
YOR184W 0 0
YOR185C 1 1
YOR186W 6 122
YOR186C-A 3 79
YOR187W 2 237
YOR188W 1 1
YOR189W 0 0
YOR190W 3 52
YOR191W 1 4
YOR192C 0 0
YOR192C-C 0 0
YOR193W 1 2
YOR194C 1 1
YOR195W 2 36
YOR196C 10 330
YOR197W 3 354
YOR198C 0 0
YOR199W 1 2
YOR200W 6 396
YOR201C 5 93
YOR202W 2 7
YOR203W 4 28
YOR204W 6 74
YOR205C 3 432
YOR206W 3 48
YOR207C 1 17
YOR208W 3 72
YOR209C 2 36
YOR210W 1 34
YOR211C 4 85
YOR212W 5 1673
YOR213C 3 14
YOR214C 1 8
YOR215C 2 38
YOR216C 2 49
YOR217W 0 0
YOR218C 0 0
YOR219C 1 17
YOR220W 4 39
YOR221C 3 20
YOR222W 1 2
YOR223W 6 76
YOR224C 1 1
YOR225W 1 1
YOR226C 3 181
YOR227W 3 37
YOR228C 0 0
YOR229W 1 7
YOR230W 1 46
YOR231W 1 9
YOR231C-A 2 228
YOR232W 0 0
YOR233W 0 0
YOR234C 0 0
YOR235W 1 4
YOR236W 2 121
YOR237W 2 42
YOR238W 2 5
YOR239W 2 19
YOR241W 1 21
YOR242C 1 1
YOR243C 5 700
YOR244W 0 0
YOR245C 9 241
YOR246C 1 2
YOR247W 1 1
YOR248W 1 2
YOR249C 1 1
YOR250C 2 14
YOR251C 7 207
YOR252W 5 84
YOR253W 2 63
YOR254C 4 107
YOR255W 1 2
YOR256C 2 41
YOR257W 0 0
YOR258W 2 6
YOR259C 2 60
YOR260W 1 1
YOR261C 0 0
YOR262W 5 36
YOR263C 0 0
YOR264W 2 30
YOR265W 8 94
YOR266W 2 14
YOR267C 3 37
YOR268C 8 191
YOR269W 4 194
YOR270C 0 0
YOR271C 5 453
YOR272W 1 2
YOR273C 6 202
YOR274W 7 376
YOR275C 8 632
YOR276W 5 122
YOR277C 1 7
YOR278W 0 0
YOR279C 0 0
YOR280C 3 363
YOR281C 4 97
YOR282W 0 0
YOR283W 5 280
YOR284W 4 27
YOR285W 3 31
YOR286W 3 67
YOR287C 4 334
YOR288C 1 44
YOR289W 4 22
YOR290C 0 0
YOR291W 4 122
YOR292C 5 406
YOR293W 0 0
YOR293C-A 2 6
YOR294W 1 5
YOR295W 2 16
YOR296W 1 148
YOR297C 3 188
YOR298W 3 13
YOR298C-A 3 256
YOR299W 1 2
YOR300W 1 7
YOR301W 4 573
YOR302W 4 308
YOR303W 2 8
YOR304W 0 0
YOR304C-A 2 3
YOR305W 0 0
YOR306C 1 18
YOR307C 0 0
YOR308C 0 0
YOR309C 1 46
YOR310C 1 3
YOR311C 3 16
YOR312C 0 0
YOR313C 1 23
YOR314W 2 3
YOR314W-A 7 978
YOR315W 3 29
YOR316C 1 1
YOR316C-A 5 83
YOR317W 3 163
YOR318C 3 29
YOR319W 2 3
YOR320C 1 10
YOR321W 1 1
YOR322C 1 3
YOR323C 3 456
YOR324C 3 98
YOR325W 2 147
YOR326W 0 0
YOR327C 0 0
YOR328W 2 2
YOR329C 1 25
YOR329W-A 3 190
YOR330C 3 5739
YOR331C 1 2
YOR332W 2 57
YOR333C 0 0
YOR334W 2 90
YOR335C 2 80
YOR335W-A 0 0
YOR336W 3 207
YOR337W 4 166
YOR338W 0 0
YOR339C 0 0
YOR340C 3 3
YOR341W 0 0
YOR342C 4 204
YOR343C 10 3130
YOR344C 1 3
YOR345C 2 37
YOR346W 2 28
YOR347C 0 0
YOR348C 2 15
YOR349W 6 21445
YOR350C 1 6
YOR351C 0 0
YOR352W 0 0
YOR353C 2 10
YOR354C 7 1239
YOR355W 0 0
YOR356W 5 968
YOR357C 7 241
YOR358W 2 14
YOR359W 0 0
YOR360C 0 0
YOR361C 12 343
YOR362C 4 34
YOR363C 2 8
YOR364W 8 357
YOR365C 2 2
YOR366W 0 0
YOR367W 3 61
YOR368W 0 0
YOR369C 1 1
YOR370C 0 0
YOR371C 4 86
YOR372C 1 15
YOR373W 1 217
YOR374W 5 57
YOR375C 0 0
YOR376W 0 0
YOR376W-A 1 13
YOR377W 4 72
YOR378W 0 0
YOR379C 3 47
YOR380W 4 32
YOR381W 0 0
YOR381W-A 1 3
YOR382W 2 25
YOR383C 1 275
YOR384W 1 67
YOR385W 1 30
YOR386W 4 65
YOR387C 0 0
YOR388C 1 12
YOR389W 1 134
YOR390W 2 12
YOR391C 0 0
YOR392W 0 0
YOR393W 0 0
YOR394W 0 0
YOR394C-A 0 0
YOR396W 0 0
YOR396C-A 0 0
YPL283C 0 0
YPL283W-B 0 0
YPL283W-A 0 0
YPL282C 0 0
YPL281C 0 0
YPL280W 0 0
YPL279C 5 179
YPL278C 0 0
YPL277C 1 51
YPL274W 2 38
YPL273W 0 0
YPL272C 1 43
YPL271W 7 222
YPL270W 3 102
YPL269W 5 638
YPL268W 7 4998
YPL267W 1 2
YPL266W 3 42
YPL265W 0 0
YPL264C 1 5
YPL263C 3 44
YPL262W 1 1
YPL261C 1 1
YPL260W 0 0
YPL259C 6 307
YPL258C 4 109
YPL257W 1 1
YPL256C 1 7
YPL255W 0 0
YPL254W 1 1
YPL253C 3 176
YPL252C 7 821
YPL251W 1 6
YPL250C 0 0
YPL249C-A 0 0
YPL250W-A 0 0
YPL249C 3 353
YPL248C 5 172
YPL247C 1 20
YPL246C 3 173
YPL245W 4 69
YPL244C 1 18
YPL243W 1 55
YPL242C 2 11
YPL241C 5 174
YPL240C 3 216
YPL239W 0 0
YPL238C 0 0
YPL237W 0 0
YPL236C 2 86
YPL235W 0 0
YPL234C 0 0
YPL233W 1 26
YPL232W 2 40
YPL231W 3 104
YPL230W 2 69
YPL229W 4 7
YPL228W 2 77
YPL227C 1 129
YPL226W 3 31
YPL225W 1 3
YPL224C 7 4091
YPL223C 6 3295
YPL222W 2 335
YPL222C-A 0 0
YPL221W 7 547
YPL220W 14 875
YPL219W 1 14
YPL218W 1 11
YPL217C 3 5
YPL216W 0 0
YPL215W 1 11
YPL214C 0 0
YPL213W 4 707
YPL212C 2 28
YPL211W 4 102
YPL210C 3 58
YPL209C 4 174
YPL208W 1 1
YPL207W 2 5
YPL206C 0 0
YPL205C 0 0
YPL204W 1 1
YPL203W 6 1244
YPL202C 3 7
YPL201C 4 80
YPL200W 1 6
YPL199C 3 96
YPL198W 4 166
YPL197C 0 0
YPL196W 0 0
YPL195W 7 244
YPL194W 0 0
YPL193W 0 0
YPL192C 1 9
YPL191C 1 515
YPL190C 1 3
YPL189C-A 3 795
YPL189W 2 80
YPL188W 1 12
YPL187W 2 18
YPL186C 11 2661
YPL185W 4 54
YPL184C 1 2
YPL183W-A 0 0
YPL183C 2 166
YPL182C 1 42
YPL181W 3 121
YPL180W 1 48
YPL179W 0 0
YPL178W 1 6
YPL177C 4 70
YPL176C 4 30
YPL175W 1 3
YPL174C 0 0
YPL173W 2 299
YPL172C 0 0
YPL171C 2 59
YPL170W 2 16
YPL169C 7 558
YPL168W 2 93
YPL167C 3 307
YPL166W 3 132
YPL165C 1 2
YPL164C 4 344
YPL163C 0 0
YPL162C 1 37
YPL161C 0 0
YPL160W 1 1
YPL159C 0 0
YPL158C 0 0
YPL157W 1 49
YPL156C 2 6
YPL155C 3 289
YPL154C 0 0
YPL153C 3 169
YPL152W-A 1 4
YPL152W 0 0
YPL151C 1 16
YPL150W 0 0
YPL149W 3 19
YPL148C 1 1
YPL147W 2 7
YPL146C 3 3655
YPL145C 0 0
YPL144W 4 157
YPL143W 0 0
YPL142C 0 0
YPL141C 1 3
YPL140C 0 0
YPL139C 0 0
YPL138C 0 0
YPL137C 3 99
YPL136W 0 0
YPL135W 6 330
YPL135C-A 1 24
YPL134C 7 213
YPL133C 1 2
YPL132W 0 0
YPL131W 0 0
YPL130W 3 52
YPL129W 3 15
YPL128C 1 12
YPL127C 5 1331
YPL126W 0 0
YPL125W 1 43
YPL124W 3 28
YPL123C 0 0
YPL122C 3 658
YPL121C 0 0
YPL120W 3 983
YPL119C-A 0 0
YPL119C 1 6
YPL118W 0 0
YPL117C 1 9
YPL116W 2 7
YPL115C 1 20
YPL114W 4 952
YPL113C 5 205
YPL112C 1 8
YPL111W 3 282
YPL110C 0 0
YPL109C 0 0
YPL108W 3 13
YPL107W 5 42
YPL106C 0 0
YPL105C 2 52
YPL104W 3 606
YPL103C 1 74
YPL102C 0 0
YPL101W 4 130
YPL100W 1 5
YPL099C 3 12
YPL098C 0 0
YPL097W 4 41
YPL096C-A 1 1
YPL096W 4 204
YPL095C 4 69
YPL094C 5 215
YPL093W 2 7
YPL092W 0 0
YPL091W 1 39
YPL090C 1 1
YPL089C 5 38
YPL088W 0 0
YPL087W 0 0
YPL086C 2 100
YPL085W 0 0
YPL084W 1 5
YPL083C 1 33
YPL082C 3 103
YPL081W 5 621
YPL080C 5 122
YPL079W 3 103
YPL078C 5 42
YPL077C 6 210
YPL076W 0 0
YPL075W 7 182
YPL074W 4 114
YPL073C 4 85
YPL072W 0 0
YPL071C 1 2
YPL070W 0 0
YPL069C 3 280
YPL068C 6 141
YPL067C 1 24
YPL066W 3 20
YPL065W 3 25
YPL064C 1 10
YPL063W 0 0
YPL062W 9 2188
YPL061W 2 11
YPL060W 2 43
YPL059W 1 24
YPL058C 0 0
YPL057C 3 5
YPL056C 7 3997
YPL055C 5 1005
YPL054W 2 5
YPL053C 5 34
YPL052W 3 118
YPL051W 4 104
YPL050C 0 0
YPL049C 4 58
YPL048W 2 37
YPL047W 0 0
YPL046C 1 19
YPL045W 0 0
YPL044C 0 0
YPL043W 1 1
YPL042C 0 0
YPL041C 1 1046
YPL040C 4 53
YPL039W 4 136
YPL038W-A 0 0
YPL038W 4 10
YPL037C 4 41
YPL036W 2 5
YPL035C 1 36
YPL034W 1 3
YPL033C 1 46
YPL032C 4 46
YPL031C 1 5
YPL030W 0 0
YPL029W 6 53
YPL028W 1 37
YPL027W 0 0
YPL026C 1 44
YPL025C 10 470
YPL024W 6 305
YPL023C 0 0
YPL022W 0 0
YPL021W 0 0
YPL020C 0 0
YPL019C 6 152
YPL018W 3 34
YPL017C 4 14
YPL016W 0 0
YPL015C 8 488
YPL014W 0 0
YPL013C 5 1228
YPL012W 0 0
YPL011C 3 10
YPL010W 1 1
YPL009C 1 5
YPL008W 0 0
YPL007C 0 0
YPL006W 1 19
YPL005W 2 21
YPL004C 0 0
YPL003W 4 27
YPL002C 6 189
YPL001W 2 14
YPR001W 3 58
YPR002W 4 335
YPR002C-A 3 58
YPR003C 2 11
YPR004C 1 4
YPR005C 1 55
YPR006C 3 7
YPR007C 1 2
YPR008W 0 0
YPR009W 3 81
YPR010C 0 0
YPR010C-A 5 82
YPR011C 2 20
YPR012W 1 10
YPR013C 4 13
YPR014C 1 3
YPR015C 0 0
YPR016C 0 0
YPR016W-A 0 0
YPR017C 6 1942
YPR018W 0 0
YPR019W 1 4
YPR020W 4 38
YPR021C 0 0
YPR022C 3 37
YPR023C 4 48
YPR024W 3 4
YPR025C 0 0
YPR026W 3 25
YPR027C 0 0
YPR028W 2 20
YPR029C 0 0
YPR030W 6 193
YPR031W 2 18
YPR032W 2 15
YPR033C 1 2
YPR034W 2 21
YPR035W 0 0
YPR036W 3 157
YPR036W-A 1 1
YPR037C 1 13
YPR038W 2 76
YPR039W 2 93
YPR040W 3 51
YPR041W 1 6
YPR042C 1 3
YPR043W 6 46
YPR044C 1 2
YPR045C 4 8
YPR046W 7 76
YPR047W 1 22
YPR048W 1 15
YPR049C 2 2
YPR050C 3 84
YPR051W 1 80
YPR052C 4 4384
YPR053C 1 22
YPR054W 3 36
YPR055W 1 2
YPR056W 3 30
YPR057W 9 168
YPR058W 3 86
YPR059C 0 0
YPR060C 0 0
YPR061C 4 143
YPR062W 2 58
YPR063C 1 90
YPR064W 0 0
YPR065W 1 10
YPR066W 0 0
YPR067W 4 27
YPR068C 3 154
YPR069C 1 9
YPR070W 4 178
YPR071W 1 82
YPR072W 0 0
YPR073C 4 13
YPR074C 10 323
YPR074W-A 5 88
YPR075C 2 40
YPR076W 1 8
YPR077C 1 1
YPR078C 1 8
YPR079W 1 3
YPR080W 0 0
YPR081C 1 7
YPR082C 4 2375
YPR083W 5 159
YPR084W 0 0
YPR085C 1 8
YPR086W 1 106
YPR087W 1 3
YPR088C 0 0
YPR089W 5 929
YPR091C 6 2142
YPR092W 1 11
YPR093C 0 0
YPR094W 3 32
YPR095C 0 0
YPR096C 1 49
YPR097W 2 33
YPR098C 3 523
YPR099C 1 1
YPR100W 5 45
YPR101W 4 37
YPR102C 0 0
YPR103W 0 0
YPR104C 0 0
YPR105C 4 214
YPR106W 3 316
YPR107C 0 0
YPR108W 2 2
YPR108W-A 2 81
YPR109W 1 27
YPR110C 0 0
YPR111W 3 26
YPR112C 1 3
YPR113W 4 522
YPR114W 1 2
YPR115W 0 0
YPR116W 2 19
YPR117W 1 1
YPR118W 5 194
YPR119W 0 0
YPR120C 0 0
YPR121W 2 17
YPR122W 3 219
YPR123C 0 0
YPR124W 0 0
YPR125W 0 0
YPR126C 3 158
YPR127W 2 92
YPR128C 2 17
YPR129W 3 15
YPR130C 2 6
YPR131C 5 77
YPR132W 1 2
YPR133C 0 0
YPR133W-A 3 23
YPR134W 0 0
YPR135W 0 0
YPR136C 0 0
YPR137W 1 6
YPR138C 0 0
YPR139C 0 0
YPR140W 0 0
YPR141C 0 0
YPR142C 0 0
YPR143W 3 167
YPR144C 1 4
YPR145W 3 79
YPR145C-A 1 42
YPR146C 2 136
YPR147C 3 280
YPR148C 4 83
YPR149W 1 20
YPR150W 3 128
YPR151C 11 597
YPR152C 5 825
YPR153W 4 97
YPR154W 3 57
YPR155C 1 2
YPR156C 1 1
YPR157W 1 12
YPR158W 2 28
YPR159W 1 59
YPR159C-A 9 509
YPR160W 0 0
YPR160W-A 2 5
YPR160C-A 3 11
YPR161C 0 0
YPR162C 0 0
YPR163C 2 20
YPR164W 1 1
YPR165W 0 0
YPR166C 2 284
YPR167C 2 54
YPR168W 2 41
YPR169W 1 1
YPR170C 1 2
YPR169W-A 4 291
YPR170W-B 4 291
YPR170W-A 1 2
YPR171W 1 51
YPR172W 2 30
YPR173C 0 0
YPR174C 2 23
YPR175W 0 0
YPR176C 9 857
YPR177C 1 71
YPR178W 2 32
YPR179C 3 29
YPR180W 3 153
YPR181C 5 218
YPR182W 0 0
YPR183W 3 2305
YPR184W 3 192
YPR185W 1 2
YPR186C 4 24
YPR187W 3 148
YPR188C 2 11
YPR189W 6 205
YPR190C 3 10
YPR191W 0 0
YPR192W 5 56
YPR193C 4 140
YPR194C 1 31
YPR195C 2 22
YPR196W 5 200
YPR197C 0 0
YPR198W 0 0
YPR199C 5 2078
YPR200C 0 0
YPR201W 0 0
YPR202W 0 0
YPR203W 0 0
YPR204W 0 0
YPR204C-A 0 0
