YAL069W 1 1
YAL068W-A 3 8
YAL068C 2 61
YAL067W-A 11 131
YAL067C 28 460
YAL066W 3 25
YAL065C 4 68
YAL064W-B 0 0
YAL064C-A 0 0
YAL064W 0 0
YAL063C-A 0 0
YAL063C 10 253
YAL062W 125 3909
YAL061W 75 2545
YAL060W 61 1592
YAL059C-A 5 36
YAL059W 11 100
YAL058W 42 693
YAL056C-A 9 135
YAL056W 47 548
YAL055W 16 199
YAL054C 82 1834
YAL053W 59 807
YAL051W 58 839
YAL049C 16 369
YAL048C 21 57
YAL047W-A 2 24
YAL047C 12 54
YAL046C 7 69
YAL045C 6 62
YAL044W-A 8 62
YAL044C 10 62
YAL043C 10 45
YAL042C-A 10 166
YAL042W 37 335
YAL041W 7 54
YAL040C 31 290
YAL039C 30 241
YAL038W 7 72
YAL037C-B 1 7
YAL037C-A 2 52
YAL037W 28 467
YAL036C 26 325
YAL035W 8 24
YAL034C-B 5 45
YAL034W-A 13 184
YAL034C 37 591
YAL033W 0 0
YAL032C 21 191
YAL031W-A 10 35
YAL031C 30 298
YAL030W 5 190
YAL029C 45 568
YAL028W 27 393
YAL027W 5 23
YAL026C-A 3 18
YAL026C 8 64
YAL025C 0 0
YAL024C 12 93
YAL023C 26 228
YAL022C 21 302
YAL021C 14 130
YAL020C 34 504
YAL019W-A 28 439
YAL019W 13 256
YAL018C 5 58
YAL017W 69 1192
YAL016C-B 5 40
YAL016C-A 0 0
YAL016W 4 35
YAL015C 38 406
YAL014C 16 271
YAL013W 7 186
YAL012W 20 165
YAL011W 5 41
YAL010C 2 7
YAL009W 3 31
YAL008W 13 228
YAL007C 9 219
YAL005C 69 927
YAL004W 24 299
YAL003W 1 2
YAL002W 75 5783
YAL001C 12 80
YAR002W 62 1232
YAR002C-A 18 300
YAR003W 38 560
YAR007C 0 0
YAR008W 7 38
YAR014C 21 116
YAR015W 2 13
YAR018C 4 40
YAR019C 19 155
YAR019W-A 0 0
YAR020C 2 16
YAR023C 13 66
YAR027W 18 277
YAR028W 0 0
YAR029W 0 0
YAR030C 7 75
YAR031W 16 256
YAR033W 9 65
YAR035W 177 5441
YAR035C-A 4 6
YAR042W 69 938
YAR047C 0 0
YAR050W 21 213
YAR053W 0 0
YAR060C 0 0
YAR064W 0 0
YAR066W 0 0
YAR068W 2 8
YAR069C 0 0
YAR070C 0 0
YAR071W 14 396
YAR073W 2 4
YAR075W 1 1
YBL113C 0 0
YBL113W-A 0 0
YBL112C 0 0
YBL111C 0 0
YBL109W 30 877
YBL108C-A 3 69
YBL108W 10 197
YBL107W-A 0 0
YBL107C 14 86
YBL106C 27 236
YBL105C 18 171
YBL104C 64 1039
YBL103C 18 160
YBL102W 4 13
YBL101C 68 715
YBL100W-C 7 120
YBL100C 0 0
YBL099W 8 61
YBL098W 26 248
YBL097W 16 145
YBL096C 21 378
YBL095W 21 404
YBL094C 2 35
YBL093C 4 29
YBL092W 1 3
YBL091C-A 16 230
YBL091C 16 174
YBL090W 1 4
YBL089W 11 88
YBL088C 95 926
YBL087C 3 15
YBL086C 9 88
YBL085W 20 141
YBL084C 11 64
YBL083C 8 151
YBL082C 21 158
YBL081W 14 102
YBL080C 8 82
YBL079W 26 210
YBL078C 1 1
YBL077W 11 211
YBL076C 5 23
YBL075C 28 234
YBL074C 9 123
YBL073W 8 181
YBL072C 1 4
YBL071C-B 0 0
YBL071W-A 1 20
YBL071C 10 39
YBL070C 6 149
YBL069W 32 386
YBL068W-A 3 13
YBL068W 10 83
YBL067C 11 84
YBL066C 30 339
YBL065W 10 25
YBL064C 21 280
YBL063W 39 470
YBL062W 9 98
YBL061C 32 237
YBL060W 25 349
YBL059C-A 0 0
YBL059W 2 16
YBL058W 14 87
YBL057C 22 413
YBL056W 26 268
YBL055C 17 83
YBL054W 20 123
YBL053W 2 40
YBL052C 7 101
YBL051C 12 105
YBL050W 3 15
YBL049W 4 39
YBL048W 2 46
YBL047C 52 484
YBL046W 30 360
YBL045C 2 18
YBL044W 53 4560
YBL043W 12 58
YBL042C 59 749
YBL041W 3 16
YBL040C 10 79
YBL039W-B 0 0
YBL039C 19 188
YBL039C-A 0 0
YBL038W 3 37
YBL037W 35 233
YBL036C 18 151
YBL035C 9 61
YBL034C 14 58
YBL033C 5 96
YBL032W 26 341
YBL031W 21 106
YBL030C 11 103
YBL029C-A 16 496
YBL029W 33 526
YBL028C 8 204
YBL027W 0 0
YBL026W 0 0
YBL025W 0 0
YBL024W 17 161
YBL023C 10 77
YBL022C 12 78
YBL021C 6 53
YBL020W 11 36
YBL019W 26 188
YBL018C 1 1
YBL017C 68 542
YBL016W 55 397
YBL015W 78 1423
YBL014C 25 199
YBL013W 64 569
YBL012C 20 174
YBL011W 39 313
YBL010C 13 220
YBL009W 38 445
YBL008W-A 6 47
YBL008W 33 251
YBL007C 16 49
YBL006C 5 75
YBL006W-A 2 71
YBL005W 38 468
YBL004W 14 76
YBL003C 8 279
YBL002W 25 265
YBL001C 41 1975
YBR001C 130 2462
YBR002C 10 311
YBR003W 14 70
YBR004C 3 18
YBR005W 18 650
YBR006W 92 2622
YBR007C 40 407
YBR008C 49 682
YBR009C 3 8
YBR010W 10 177
YBR011C 3 43
YBR012C 3 58
YBR013C 8 74
YBR014C 8 38
YBR015C 14 74
YBR016W 22 742
YBR017C 9 246
YBR018C 9 58
YBR019C 17 153
YBR020W 12 73
YBR021W 20 139
YBR022W 15 114
YBR023C 35 305
YBR024W 19 203
YBR025C 14 118
YBR026C 5 65
YBR027C 15 104
YBR028C 13 65
YBR029C 5 41
YBR030W 14 138
YBR031W 3 40
YBR032W 52 3005
YBR033W 58 580
YBR034C 30 315
YBR035C 27 123
YBR036C 18 140
YBR037C 9 43
YBR038W 17 130
YBR039W 5 41
YBR040W 9 90
YBR041W 15 90
YBR042C 17 200
YBR043C 27 313
YBR044C 18 182
YBR045C 14 109
YBR046C 14 127
YBR047W 22 331
YBR048W 7 32
YBR049C 14 98
YBR050C 27 277
YBR051W 13 77
YBR052C 15 130
YBR053C 27 334
YBR054W 25 537
YBR055C 10 68
YBR056W 11 88
YBR056W-A 7 75
YBR056C-B 2 9
YBR057C 8 77
YBR058C 28 177
YBR058C-A 2 5
YBR059C 37 439
YBR060C 4 6
YBR061C 6 11
YBR062C 11 162
YBR063C 11 159
YBR064W 1 15
YBR065C 11 95
YBR066C 17 83
YBR067C 6 30
YBR068C 52 917
YBR069C 57 596
YBR070C 0 0
YBR071W 17 350
YBR072W 15 276
YBR072C-A 8 528
YBR073W 20 91
YBR074W 40 498
YBR076W 16 279
YBR076C-A 12 132
YBR077C 4 37
YBR078W 36 347
YBR079C 23 181
YBR080C 4 42
YBR081C 25 118
YBR082C 25 183
YBR083W 30 465
YBR084W 24 186
YBR084C-A 2 4
YBR085W 7 47
YBR085C-A 5 83
YBR086C 31 503
YBR087W 3 26
YBR088C 6 29
YBR089W 5 19
YBR089C-A 26 868
YBR090C 27 922
YBR091C 0 0
YBR092C 39 502
YBR093C 24 278
YBR094W 32 257
YBR095C 3 15
YBR096W 4 76
YBR097W 11 160
YBR098W 21 111
YBR099C 1 1
YBR101C 3 4
YBR102C 17 106
YBR103W 13 59
YBR103C-A 16 269
YBR104W 14 259
YBR105C 21 184
YBR106W 11 36
YBR107C 11 367
YBR108W 43 693
YBR109C 0 0
YBR109W-A 5 40
YBR110W 4 15
YBR111C 20 501
YBR111W-A 2 6
YBR112C 6 36
YBR113W 0 0
YBR114W 32 272
YBR115C 80 859
YBR116C 22 584
YBR117C 54 727
YBR118W 1 6
YBR119W 4 18
YBR120C 0 0
YBR121C 0 0
YBR121C-A 0 0
YBR122C 1 5
YBR123C 6 34
YBR124W 2 17
YBR125C 21 162
YBR126C 8 59
YBR126W-A 16 299
YBR126W-B 9 246
YBR127C 2 78
YBR128C 17 277
YBR129C 4 70
YBR130C 6 92
YBR131W 14 73
YBR131C-A 0 0
YBR132C 51 2540
YBR133C 38 232
YBR134W 27 188
YBR135W 0 0
YBR136W 18 111
YBR137W 6 48
YBR138C 23 132
YBR139W 36 356
YBR140C 77 1061
YBR141C 20 433
YBR141W-A 0 0
YBR142W 11 45
YBR143C 5 48
YBR144C 26 328
YBR145W 14 150
YBR146W 6 28
YBR147W 14 225
YBR148W 18 164
YBR149W 30 569
YBR150C 35 348
YBR151W 23 239
YBR152W 10 62
YBR153W 0 0
YBR154C 0 0
YBR155W 1 1
YBR156C 8 74
YBR157C 22 828
YBR158W 33 544
YBR159W 9 45
YBR160W 2 4
YBR161W 3 29
YBR162C 33 190
YBR162W-A 2 94
YBR163W 3 6
YBR164C 7 43
YBR165W 7 66
YBR166C 25 540
YBR167C 0 0
YBR168W 6 94
YBR169C 32 244
YBR170C 12 75
YBR171W 2 26
YBR172C 33 650
YBR173C 1 4
YBR174C 3 38
YBR175W 14 128
YBR176W 11 93
YBR177C 35 377
YBR178W 22 347
YBR179C 19 95
YBR180W 16 109
YBR181C 1 4
YBR182C 21 163
YBR182C-A 2 7
YBR183W 12 82
YBR184W 22 218
YBR185C 3 31
YBR186W 55 839
YBR187W 10 91
YBR188C 4 31
YBR189W 1 1
YBR190W 1 10
YBR191W 1 6
YBR191W-A 0 0
YBR192W 1 2
YBR193C 0 0
YBR194W 1 1
YBR195C 10 55
YBR196C 6 38
YBR196C-A 1 1
YBR196C-B 7 153
YBR197C 38 686
YBR198C 9 63
YBR199W 27 307
YBR200W 2 11
YBR200W-A 1 2
YBR201W 7 34
YBR201C-A 9 86
YBR202W 16 641
YBR203W 47 493
YBR204C 19 169
YBR205W 17 122
YBR206W 5 13
YBR207W 7 27
YBR208C 75 1101
YBR209W 25 1002
YBR210W 3 19
YBR211C 6 16
YBR212W 27 210
YBR213W 33 367
YBR214W 48 811
YBR215W 13 40
YBR216C 19 282
YBR217W 5 11
YBR218C 70 879
YBR219C 22 458
YBR220C 27 437
YBR221C 19 204
YBR221W-A 8 169
YBR222C 50 578
YBR223C 30 395
YBR223W-A 7 73
YBR224W 9 56
YBR225W 12 117
YBR226C 2 21
YBR227C 5 22
YBR228W 13 188
YBR229C 20 81
YBR230C 15 203
YBR230W-A 23 566
YBR231C 4 35
YBR232C 2 4
YBR233W 10 66
YBR233W-A 1 5
YBR234C 0 0
YBR235W 68 669
YBR236C 1 3
YBR237W 11 45
YBR238C 13 183
YBR239C 39 383
YBR240C 15 54
YBR241C 77 774
YBR242W 34 384
YBR243C 0 0
YBR244W 6 40
YBR245C 21 184
YBR246W 31 184
YBR247C 4 23
YBR248C 40 412
YBR249C 25 451
YBR250W 15 180
YBR251W 6 116
YBR252W 0 0
YBR253W 0 0
YBR254C 2 12
YBR255W 40 455
YBR255C-A 5 19
YBR256C 5 115
YBR257W 3 18
YBR258C 8 51
YBR259W 24 184
YBR260C 21 407
YBR261C 20 172
YBR262C 8 87
YBR263W 27 374
YBR264C 16 201
YBR265W 0 0
YBR267W 6 40
YBR266C 0 0
YBR268W 0 0
YBR269C 10 46
YBR270C 7 142
YBR271W 21 155
YBR272C 9 27
YBR273C 9 60
YBR274W 15 135
YBR275C 66 657
YBR276C 26 229
YBR277C 4 26
YBR278W 13 86
YBR279W 10 74
YBR280C 34 1010
YBR281C 31 336
YBR282W 1 4
YBR283C 17 124
YBR284W 36 265
YBR285W 1 6
YBR286W 90 1233
YBR287W 27 175
YBR288C 22 153
YBR289W 14 160
YBR290W 10 94
YBR291C 26 742
YBR292C 6 25
YBR293W 14 210
YBR294W 38 277
YBR295W 46 423
YBR296C 34 360
YBR296C-A 14 191
YBR297W 34 429
YBR298C 91 2083
YBR298C-A 0 0
YBR299W 1 2
YBR300C 0 0
YBR301W 0 0
YBR302C 0 0
YCL076W 3 163
YCL073C 2 2
YCL069W 3 20
YCL068C 0 0
YCL067C 0 0
YCL066W 0 0
YCL065W 3 25
YCL064C 24 236
YCL063W 18 132
YCL061C 14 108
YCL059C 4 30
YCL058C 8 41
YCL058W-A 6 36
YCL057C-A 14 121
YCL057W 41 428
YCL056C 2 33
YCL055W 7 75
YCL054W 18 154
YCL052C 6 61
YCL051W 26 286
YCL050C 11 69
YCL049C 13 74
YCL048W-A 0 0
YCL048W 21 215
YCL047C 6 40
YCL045C 25 192
YCL046W 0 0
YCL044C 10 88
YCL043C 9 59
YCL041C 5 16
YCL042W 36 1916
YCL040W 133 4733
YCL039W 58 819
YCL038C 28 397
YCL037C 14 118
YCL036W 52 890
YCL035C 7 91
YCL034W 33 238
YCL033C 4 31
YCL032W 27 443
YCL031C 4 34
YCL030C 35 666
YCL029C 24 145
YCL028W 18 188
YCL027W 23 311
YCL026C-B 4 136
YCL026C-A 13 245
YCL025C 78 1053
YCL023C 15 65
YCL024W 64 533
YCL022C 6 63
YCL021W-A 6 39
YCL018W 38 944
YCL017C 11 122
YCL016C 9 73
YCL014W 38 425
YCL012C 10 155
YCL011C 34 445
YCL010C 42 905
YCL009C 30 433
YCL008C 22 203
YCL007C 1 5
YCL005W-A 3 12
YCL005W 14 395
YCL004W 8 25
YCL002C 23 533
YCL001W 4 35
YCL001W-A 0 0
YCL001W-B 12 224
YCR001W 15 244
YCR002C 1 1
YCR003W 3 11
YCR004C 14 197
YCR005C 68 1208
YCR006C 40 2795
YCR007C 10 341
YCR008W 45 507
YCR009C 3 18
YCR010C 30 364
YCR011C 79 1039
YCR012W 3 11
YCR013C 3 16
YCR014C 29 577
YCR015C 17 185
YCR016W 13 115
YCR017C 18 113
YCR018C 8 73
YCR018C-A 9 135
YCR019W 22 274
YCR020C 23 411
YCR020C-A 5 11
YCR020W-B 0 0
YCR021C 52 563
YCR022C 27 320
YCR023C 60 777
YCR024C 4 25
YCR024C-B 20 486
YCR024C-A 2 9
YCR025C 20 794
YCR026C 50 1161
YCR027C 1 1
YCR028C 11 141
YCR028C-A 0 0
YCR030C 38 508
YCR031C 5 26
YCR032W 73 711
YCR033W 29 111
YCR034W 3 12
YCR035C 5 26
YCR036W 19 238
YCR037C 24 199
YCR038C 7 102
YCR038W-A 1 6
YCR039C 0 0
YCR040W 0 0
YCR041W 1 5
YCR042C 22 136
YCR043C 18 296
YCR044C 0 0
YCR045C 24 344
YCR045W-A 10 98
YCR046C 3 14
YCR047C 1 1
YCR047W-A 0 0
YCR049C 65 1870
YCR048W 136 3225
YCR050C 2 5
YCR051W 11 55
YCR052W 1 3
YCR053W 17 88
YCR054C 12 133
YCR057C 13 114
YCR059C 34 466
YCR060W 14 182
YCR061W 73 4290
YCR064C 25 2237
YCR063W 7 392
YCR065W 33 310
YCR066W 8 58
YCR067C 33 383
YCR068W 40 446
YCR069W 24 418
YCR071C 5 21
YCR072C 7 28
YCR073C 54 681
YCR073W-A 26 303
YCR075C 8 75
YCR075W-A 1 1
YCR076C 13 76
YCR077C 17 192
YCR079W 30 213
YCR081W 25 212
YCR081C-A 2 29
YCR082W 7 36
YCR083W 10 201
YCR084C 17 113
YCR085W 1 1
YCR086W 8 42
YCR087W 13 202
YCR087C-A 10 153
YCR088W 39 431
YCR089W 33 470
YCR090C 11 93
YCR091W 37 306
YCR092C 21 147
YCR093W 25 194
YCR094W 3 7
YCR095C 8 63
YCR095W-A 3 40
YCR096C 0 0
YCR097W 0 0
YCR097W-A 2 33
YCR098C 11 96
YCR099C 2 86
YCR100C 13 175
YCR101C 4 59
YCR102C 1 1
YCR102W-A 0 0
YCR104W 3 65
YCR105W 31 277
YCR106W 30 323
YCR107W 8 64
YCR108C 12 92
YDL248W 5 49
YDL247W-A 0 0
YDL247W 0 0
YDL246C 1 1
YDL245C 9 64
YDL244W 0 0
YDL243C 16 144
YDL242W 33 545
YDL241W 4 62
YDL240C-A 21 1732
YDL240W 29 224
YDL239C 8 115
YDL238C 34 236
YDL237W 12 161
YDL236W 14 502
YDL235C 0 0
YDL234C 38 340
YDL233W 14 148
YDL232W 0 0
YDL231C 65 1188
YDL230W 17 158
YDL229W 4 7
YDL228C 3 5
YDL227C 41 294
YDL226C 7 15
YDL225W 8 39
YDL224C 16 258
YDL223C 50 376
YDL222C 30 633
YDL221W 53 1306
YDL220C 38 662
YDL219W 3 21
YDL218W 18 195
YDL217C 1 4
YDL216C 11 75
YDL215C 80 3862
YDL214C 39 342
YDL213C 13 262
YDL212W 2 31
YDL211C 11 85
YDL210W 24 557
YDL209C 1 1
YDL208W 0 0
YDL207W 2 10
YDL206W 23 294
YDL205C 6 22
YDL204W 28 444
YDL203C 11 75
YDL202W 3 64
YDL201W 18 172
YDL200C 6 54
YDL199C 16 121
YDL198C 31 317
YDL197C 33 434
YDL196W 12 43
YDL195W 4 17
YDL194W 28 259
YDL193W 1 1
YDL192W 1 7
YDL191W 2 29
YDL190C 37 227
YDL189W 16 214
YDL188C 15 153
YDL187C 1 5
YDL186W 13 172
YDL185C-A 0 0
YDL185W 9 43
YDL184C 1 4
YDL183C 13 191
YDL182W 34 453
YDL181W 7 61
YDL180W 16 210
YDL179W 5 18
YDL178W 46 908
YDL177C 16 204
YDL176W 26 261
YDL175C 12 165
YDL174C 59 560
YDL173W 18 200
YDL172C 7 45
YDL171C 137 3235
YDL170W 48 465
YDL169C 25 263
YDL168W 34 365
YDL167C 11 50
YDL166C 0 0
YDL165W 2 4
YDL164C 10 58
YDL163W 0 0
YDL162C 19 265
YDL161W 12 132
YDL160C-A 8 185
YDL160C 7 24
YDL159W-A 3 11
YDL159W 27 200
YDL159C-B 0 0
YDL158C 5 28
YDL157C 0 0
YDL156W 42 1262
YDL155W 22 240
YDL154W 24 312
YDL153C 0 0
YDL152W 0 0
YDL151C 0 0
YDL150W 5 55
YDL149W 17 105
YDL148C 21 81
YDL147W 4 9
YDL146W 8 85
YDL145C 18 95
YDL144C 20 280
YDL143W 3 12
YDL142C 21 129
YDL141W 10 64
YDL140C 17 85
YDL139C 0 0
YDL138W 29 221
YDL137W 31 448
YDL136W 1 4
YDL135C 25 338
YDL134C 14 119
YDL133C-A 0 0
YDL133W 15 340
YDL132W 9 105
YDL131W 40 600
YDL130W-A 7 40
YDL130W 4 25
YDL129W 10 117
YDL128W 17 232
YDL127W 37 373
YDL126C 8 41
YDL125C 21 321
YDL124W 33 482
YDL123W 9 229
YDL122W 27 124
YDL121C 11 224
YDL120W 1 1
YDL119C 23 220
YDL118W 9 132
YDL117W 11 47
YDL116W 12 61
YDL115C 15 117
YDL114W-A 0 0
YDL114W 9 94
YDL113C 23 122
YDL112W 59 392
YDL111C 6 7
YDL110C 12 88
YDL109C 22 142
YDL108W 9 51
YDL107W 2 8
YDL106C 23 118
YDL105W 0 0
YDL104C 13 52
YDL103C 5 25
YDL102W 12 72
YDL101C 3 28
YDL100C 24 180
YDL099W 13 72
YDL098C 7 89
YDL097C 10 58
YDL096C 8 43
YDL095W 41 463
YDL094C 24 362
YDL093W 20 262
YDL092W 9 99
YDL091C 15 84
YDL090C 2 9
YDL089W 23 154
YDL088C 9 88
YDL087C 0 0
YDL086W 50 1083
YDL086C-A 42 859
YDL085C-A 5 16
YDL085W 40 478
YDL084W 3 16
YDL083C 0 0
YDL082W 4 68
YDL081C 0 0
YDL080C 6 45
YDL079C 56 1025
YDL078C 15 117
YDL077C 13 38
YDL076C 15 101
YDL075W 0 0
YDL074C 15 117
YDL073W 15 114
YDL072C 10 184
YDL071C 3 11
YDL070W 25 167
YDL069C 4 14
YDL068W 0 0
YDL067C 2 9
YDL066W 38 449
YDL065C 18 135
YDL064W 5 31
YDL063C 14 92
YDL062W 2 3
YDL061C 0 0
YDL060W 6 28
YDL059C 5 48
YDL058W 14 118
YDL057W 15 130
YDL056W 32 440
YDL055C 1 2
YDL054C 33 391
YDL053C 8 29
YDL052C 23 203
YDL051W 17 129
YDL050C 6 41
YDL049C 41 1101
YDL048C 79 1276
YDL047W 8 45
YDL046W 9 155
YDL045W-A 1 3
YDL045C 2 6
YDL044C 4 21
YDL043C 6 23
YDL042C 31 568
YDL041W 13 124
YDL040C 11 95
YDL039C 30 178
YDL037C 6 27
YDL036C 18 129
YDL035C 25 204
YDL034W 5 36
YDL033C 19 228
YDL032W 3 21
YDL031W 4 41
YDL030W 7 25
YDL029W 0 0
YDL028C 12 108
YDL027C 5 108
YDL026W 0 0
YDL025C 17 221
YDL025W-A 0 0
YDL024C 21 445
YDL022C-A 2 3
YDL023C 12 429
YDL022W 37 623
YDL021W 11 87
YDL020C 10 76
YDL019C 50 784
YDL018C 7 63
YDL017W 4 50
YDL016C 3 29
YDL015C 2 18
YDL014W 1 3
YDL013W 5 35
YDL012C 4 100
YDL011C 4 27
YDL010W 4 27
YDL009C 1 11
YDL008W 0 0
YDL007C-A 4 78
YDL007W 3 3
YDL006W 5 31
YDL005C 2 6
YDL004W 0 0
YDL003W 6 40
YDL002C 13 48
YDL001W 66 1160
YDR001C 161 2639
YDR002W 0 0
YDR003W 19 480
YDR003W-A 9 369
YDR004W 23 332
YDR005C 4 22
YDR006C 24 125
YDR007W 25 849
YDR008C 21 865
YDR009W 52 802
YDR010C 53 995
YDR011W 79 699
YDR012W 4 114
YDR013W 0 0
YDR014W 6 15
YDR014W-A 7 221
YDR015C 4 175
YDR016C 0 0
YDR017C 12 100
YDR018C 46 852
YDR019C 22 256
YDR020C 17 135
YDR021W 0 0
YDR022C 14 101
YDR023W 0 0
YDR024W 6 38
YDR025W 0 0
YDR026C 21 369
YDR027C 11 98
YDR028C 15 66
YDR029W 0 0
YDR030C 40 465
YDR031W 4 32
YDR032C 17 145
YDR033W 17 179
YDR034C 22 301
YDR034C-A 1 1
YDR034W-B 0 0
YDR035W 24 193
YDR036C 2 48
YDR037W 10 54
YDR038C 6 14
YDR039C 0 0
YDR040C 18 182
YDR041W 5 46
YDR042C 1 5
YDR043C 24 454
YDR044W 4 39
YDR045C 2 10
YDR046C 33 438
YDR047W 10 42
YDR048C 13 369
YDR049W 14 67
YDR050C 0 0
YDR051C 16 196
YDR052C 0 0
YDR053W 0 0
YDR054C 2 4
YDR055W 16 170
YDR056C 10 144
YDR057W 15 283
YDR058C 8 222
YDR059C 7 19
YDR060W 5 21
YDR061W 34 449
YDR062W 5 15
YDR063W 14 104
YDR064W 2 7
YDR065W 1 11
YDR066C 20 437
YDR067C 6 31
YDR068W 1 4
YDR069C 14 68
YDR070C 5 57
YDR071C 15 199
YDR072C 67 1405
YDR073W 15 134
YDR074W 37 210
YDR075W 8 72
YDR076W 31 186
YDR077W 37 361
YDR078C 16 117
YDR079W 6 176
YDR079C-A 2 9
YDR080W 19 89
YDR081C 4 48
YDR082W 5 26
YDR083W 8 58
YDR084C 8 42
YDR085C 28 322
YDR086C 0 0
YDR087C 0 0
YDR088C 2 18
YDR089W 44 433
YDR090C 19 184
YDR091C 3 52
YDR092W 13 75
YDR093W 146 4011
YDR094W 40 2699
YDR095C 33 1590
YDR096W 22 295
YDR097C 23 205
YDR098C 13 103
YDR099W 24 245
YDR100W 4 201
YDR101C 5 77
YDR102C 8 336
YDR103W 9 36
YDR104C 51 410
YDR105C 14 83
YDR106W 7 62
YDR107C 20 92
YDR108W 10 139
YDR109C 32 340
YDR110W 12 126
YDR111C 20 231
YDR112W 10 239
YDR113C 5 34
YDR114C 8 107
YDR115W 0 0
YDR116C 7 61
YDR117C 11 101
YDR118W 15 191
YDR118W-A 5 17
YDR119W 35 450
YDR119W-A 11 402
YDR120C 6 25
YDR121W 2 2
YDR122W 17 153
YDR123C 17 227
YDR124W 13 110
YDR125C 4 35
YDR126W 11 48
YDR127W 26 159
YDR128W 50 1038
YDR129C 5 46
YDR130C 8 33
YDR131C 11 198
YDR132C 21 248
YDR133C 1 1
YDR135C 59 624
YDR136C 29 369
YDR137W 6 30
YDR138W 10 24
YDR139C 3 54
YDR140W 0 0
YDR141C 21 112
YDR142C 16 132
YDR143C 34 586
YDR144C 24 201
YDR145W 4 26
YDR146C 8 75
YDR147W 23 441
YDR148C 4 13
YDR149C 0 0
YDR150W 50 341
YDR151C 8 161
YDR152W 13 136
YDR153C 14 118
YDR154C 15 178
YDR155C 19 216
YDR156W 12 142
YDR157W 32 931
YDR158W 8 155
YDR159W 11 87
YDR160W 10 60
YDR161W 0 0
YDR162C 0 0
YDR163W 8 221
YDR164C 11 41
YDR165W 6 23
YDR166C 9 44
YDR167W 5 59
YDR168W 7 31
YDR169C 9 42
YDR169C-A 4 29
YDR170C 20 55
YDR171W 13 124
YDR172W 4 11
YDR173C 5 47
YDR174W 4 13
YDR175C 3 28
YDR176W 15 91
YDR177W 2 11
YDR178W 18 672
YDR179C 8 23
YDR179W-A 18 246
YDR180W 13 76
YDR181C 2 8
YDR182W 14 88
YDR182W-A 5 67
YDR183W 13 79
YDR183C-A 2 12
YDR184C 4 47
YDR185C 12 181
YDR186C 55 401
YDR187C 2 6
YDR188W 11 50
YDR189W 4 13
YDR190C 7 92
YDR191W 12 99
YDR192C 10 99
YDR193W 6 76
YDR194C 6 27
YDR194W-A 2 5
YDR195W 3 13
YDR196C 5 30
YDR197W 4 18
YDR198C 12 60
YDR199W 2 34
YDR200C 13 92
YDR201W 0 0
YDR202C 3 16
YDR203W 0 0
YDR204W 9 51
YDR205W 35 491
YDR206W 30 339
YDR207C 11 51
YDR208W 17 341
YDR209C 2 18
YDR210W 2 18
YDR211W 7 32
YDR212W 7 52
YDR213W 32 333
YDR214W 77 1638
YDR215C 67 2909
YDR216W 55 512
YDR217C 43 490
YDR218C 8 35
YDR219C 5 38
YDR220C 10 894
YDR221W 39 291
YDR222W 15 94
YDR223W 24 514
YDR224C 0 0
YDR225W 1 3
YDR226W 7 70
YDR227W 11 88
YDR228C 9 80
YDR229W 28 881
YDR230W 16 200
YDR231C 19 61
YDR232W 3 10
YDR233C 17 169
YDR234W 65 718
YDR235W 1 4
YDR236C 2 4
YDR237W 0 0
YDR238C 4 25
YDR239C 17 105
YDR240C 1 4
YDR241W 4 50
YDR242W 42 319
YDR243C 6 60
YDR244W 22 161
YDR245W 1 32
YDR246W 5 125
YDR246W-A 44 1763
YDR247W 26 217
YDR248C 11 55
YDR249C 21 112
YDR250C 24 291
YDR251W 21 288
YDR252W 3 57
YDR253C 7 53
YDR254W 14 93
YDR255C 10 70
YDR256C 46 629
YDR257C 8 57
YDR258C 38 312
YDR259C 12 124
YDR260C 44 864
YDR261C 53 754
YDR262W 9 252
YDR263C 19 155
YDR264C 35 197
YDR265W 0 0
YDR266C 15 70
YDR267C 3 10
YDR268W 6 29
YDR269C 2 24
YDR270W 22 135
YDR271C 4 25
YDR272W 11 153
YDR273W 13 100
YDR274C 59 2616
YDR275W 27 154
YDR276C 6 122
YDR277C 46 751
YDR278C 10 87
YDR279W 8 67
YDR280W 3 13
YDR281C 0 0
YDR282C 21 123
YDR283C 45 591
YDR284C 17 127
YDR285W 6 23
YDR286C 2 27
YDR287W 8 100
YDR288W 3 10
YDR289C 0 0
YDR290W 2 104
YDR291W 40 396
YDR292C 17 69
YDR293C 25 148
YDR294C 30 394
YDR295C 5 20
YDR296W 2 21
YDR297W 23 147
YDR298C 1 1
YDR299W 8 49
YDR300C 3 37
YDR301W 8 46
YDR302W 3 14
YDR303C 11 45
YDR304C 14 93
YDR305C 20 396
YDR306C 12 101
YDR307W 24 333
YDR308C 0 0
YDR309C 9 54
YDR310C 28 198
YDR311W 5 25
YDR312W 17 149
YDR313C 19 223
YDR314C 7 140
YDR315C 7 21
YDR316W 12 77
YDR317W 15 146
YDR318W 11 173
YDR319C 13 90
YDR320C 5 23
YDR320C-A 0 0
YDR320W-B 1 32
YDR321W 15 262
YDR322W 8 19
YDR322C-A 1 2
YDR323C 20 133
YDR324C 4 12
YDR325W 21 168
YDR326C 57 359
YDR327W 0 0
YDR328C 0 0
YDR329C 13 119
YDR330W 25 119
YDR331W 4 24
YDR332W 25 174
YDR333C 27 316
YDR334W 22 116
YDR335W 13 47
YDR336W 23 297
YDR337W 4 30
YDR338C 31 445
YDR339C 1 14
YDR340W 4 21
YDR341C 7 43
YDR342C 12 268
YDR343C 20 397
YDR344C 22 414
YDR345C 45 1142
YDR346C 24 319
YDR347W 3 7
YDR348C 29 301
YDR349C 4 9
YDR350C 4 60
YDR351W 17 175
YDR352W 16 219
YDR353W 1 2
YDR354W 13 111
YDR354C-A 0 0
YDR355C 0 0
YDR356W 10 45
YDR357C 11 50
YDR358W 25 153
YDR359C 17 139
YDR360W 0 0
YDR361C 6 10
YDR362C 0 0
YDR363W 9 42
YDR363W-A 1 1
YDR364C 7 22
YDR365C 7 57
YDR366C 15 94
YDR367W 1 13
YDR368W 20 212
YDR369C 18 180
YDR370C 9 135
YDR371W 21 101
YDR371C-A 0 0
YDR372C 11 46
YDR373W 3 12
YDR374C 13 141
YDR374W-A 6 81
YDR375C 4 67
YDR376W 5 117
YDR377W 1 1
YDR378C 2 37
YDR379W 42 339
YDR379C-A 8 79
YDR380W 43 408
YDR381W 3 10
YDR381C-A 1 1
YDR382W 0 0
YDR383C 10 152
YDR384C 29 395
YDR385W 6 205
YDR386W 25 156
YDR387C 31 416
YDR388W 1 1
YDR389W 9 28
YDR390C 11 115
YDR391C 11 43
YDR392W 7 126
YDR393W 20 120
YDR394W 11 51
YDR395W 20 68
YDR396W 4 17
YDR397C 2 4
YDR398W 7 66
YDR399W 23 212
YDR400W 5 36
YDR401W 14 324
YDR402C 21 403
YDR403W 21 416
YDR404C 0 0
YDR405W 14 68
YDR406W 143 11705
YDR406W-A 0 0
YDR407C 16 86
YDR408C 4 18
YDR409W 38 269
YDR410C 18 179
YDR411C 14 95
YDR412W 0 0
YDR413C 0 0
YDR414C 18 155
YDR415C 17 416
YDR416W 6 12
YDR417C 3 8
YDR418W 3 8
YDR419W 30 253
YDR420W 33 655
YDR421W 28 164
YDR422C 29 290
YDR423C 42 784
YDR424C 6 39
YDR425W 16 90
YDR426C 14 144
YDR427W 2 13
YDR428C 15 142
YDR429C 1 15
YDR430C 45 354
YDR431W 10 82
YDR432W 9 55
YDR433W 5 14
YDR434W 6 26
YDR435C 16 60
YDR436W 39 361
YDR437W 9 137
YDR438W 10 29
YDR439W 0 0
YDR440W 21 123
YDR441C 12 227
YDR442W 5 182
YDR443C 26 265
YDR444W 26 273
YDR445C 15 777
YDR446W 14 121
YDR447C 3 9
YDR448W 4 17
YDR449C 5 22
YDR450W 0 0
YDR451C 20 392
YDR452W 40 553
YDR453C 20 341
YDR454C 1 5
YDR455C 9 51
YDR456W 22 90
YDR457W 94 553
YDR458C 11 92
YDR459C 17 260
YDR460W 4 31
YDR461W 1 2
YDR461C-A 7 27
YDR462W 5 42
YDR463W 37 507
YDR464W 6 36
YDR464C-A 0 0
YDR465C 14 218
YDR466W 31 370
YDR467C 13 219
YDR468C 5 23
YDR469W 0 0
YDR470C 5 7
YDR471W 5 23
YDR472W 0 0
YDR473C 3 44
YDR475C 66 747
YDR476C 53 647
YDR477W 10 28
YDR478W 4 14
YDR479C 29 480
YDR480W 36 389
YDR481C 51 496
YDR482C 21 332
YDR483W 16 197
YDR484W 8 138
YDR485C 12 92
YDR486C 17 146
YDR487C 3 19
YDR488C 29 227
YDR489W 8 67
YDR490C 63 549
YDR491C 34 527
YDR492W 19 403
YDR493W 3 12
YDR494W 6 29
YDR495C 13 85
YDR496C 7 69
YDR497C 63 1523
YDR498C 10 310
YDR499W 6 33
YDR500C 1 2
YDR501W 14 228
YDR502C 35 426
YDR503C 19 241
YDR504C 1 6
YDR505C 14 248
YDR506C 86 2115
YDR507C 44 245
YDR508C 39 392
YDR509W 4 25
YDR510W 1 7
YDR510C-A 1 2
YDR511W 11 104
YDR512C 33 349
YDR513W 2 11
YDR514C 14 362
YDR515W 7 70
YDR516C 33 433
YDR517W 37 456
YDR518W 27 853
YDR519W 10 28
YDR520C 7 11
YDR521W 1 2
YDR522C 20 239
YDR523C 16 147
YDR524C 21 207
YDR524W-C 0 0
YDR524C-B 1 3
YDR524C-A 3 11
YDR525W 13 180
YDR525W-A 18 560
YDR526C 0 0
YDR527W 17 3418
YDR528W 30 642
YDR529C 0 0
YDR530C 36 257
YDR531W 5 16
YDR532C 1 8
YDR533C 8 61
YDR534C 8 122
YDR535C 42 1004
YDR536W 37 421
YDR537C 7 57
YDR538W 11 61
YDR539W 25 286
YDR540C 4 65
YDR541C 22 379
YDR542W 0 0
YDR543C 24 1084
YDR544C 24 271
YDR545W 0 0
YDR545C-A 0 0
YEL077C 0 0
YEL077W-A 0 0
YEL076C-A 0 0
YEL076C 0 0
YEL075W-A 0 0
YEL075C 0 0
YEL074W 3 81
YEL073C 4 21
YEL072W 29 435
YEL071W 41 369
YEL070W 4 29
YEL069C 12 88
YEL068C 10 214
YEL067C 54 1490
YEL066W 24 593
YEL065W 38 547
YEL064C 19 170
YEL063C 19 202
YEL062W 16 78
YEL061C 22 140
YEL060C 40 533
YEL059C-A 8 39
YEL059W 42 2268
YEL058W 5 20
YEL057C 22 256
YEL056W 25 368
YEL055C 6 26
YEL054C 3 12
YEL053W-A 3 12
YEL053C 7 43
YEL052W 15 237
YEL051W 0 0
YEL050W-A 4 39
YEL050C 6 71
YEL049W 6 164
YEL048C 0 0
YEL047C 20 329
YEL046C 13 86
YEL045C 11 99
YEL044W 3 28
YEL043W 42 403
YEL042W 27 394
YEL041W 50 1542
YEL040W 55 954
YEL039C 21 623
YEL038W 28 344
YEL037C 27 222
YEL036C 6 56
YEL035C 38 531
YEL034C-A 0 0
YEL034W 0 0
YEL033W 35 385
YEL032W 8 39
YEL032C-A 0 0
YEL031W 23 167
YEL030C-A 2 21
YEL030W 15 201
YEL029C 7 67
YEL028W 6 44
YEL027W 0 0
YEL026W 0 0
YEL025C 66 807
YEL024W 2 5
YEL023C 28 246
YEL022W 54 476
YEL021W 49 341
YEL020C-B 0 0
YEL020W-A 1 11
YEL020C 22 208
YEL019C 5 53
YEL018C-A 4 38
YEL018W 9 87
YEL017C-A 3 5
YEL017W 18 133
YEL016C 38 917
YEL015W 33 343
YEL014C 13 132
YEL013W 11 83
YEL012W 29 307
YEL011W 89 1942
YEL010W 7 51
YEL009C-A 8 117
YEL009C 38 967
YEL008W 71 6410
YEL008C-A 23 688
YEL007W 19 234
YEL006W 34 373
YEL005C 27 307
YEL004W 27 397
YEL003W 13 91
YEL002C 5 26
YEL001C 38 566
YER001W 86 1622
YER002W 1 29
YER003C 6 45
YER004W 22 228
YER005W 59 813
YER006W 14 45
YER006C-A 16 93
YER007W 13 165
YER007C-A 8 81
YER008C 9 54
YER009W 0 0
YER010C 23 290
YER011W 8 65
YER012W 0 0
YER013W 8 56
YER014W 11 20
YER014C-A 20 720
YER015W 26 250
YER016W 4 6
YER017C 17 95
YER018C 4 13
YER019W 82 1407
YER019C-A 3 20
YER020W 44 516
YER021W 7 72
YER022W 11 108
YER023W 0 0
YER023C-A 0 0
YER024W 89 1364
YER025W 1 12
YER026C 0 0
YER027C 21 342
YER028C 39 1040
YER029C 2 19
YER030W 0 0
YER031C 8 27
YER032W 28 387
YER033C 24 404
YER034W 26 699
YER035W 29 208
YER036C 6 47
YER037W 19 197
YER038C 4 15
YER038W-A 8 81
YER039C 18 113
YER039C-A 3 83
YER040W 3 19
YER041W 26 294
YER042W 14 627
YER043C 12 128
YER044C 1 12
YER044C-A 26 226
YER045C 18 79
YER046W 13 112
YER046W-A 6 90
YER047C 24 159
YER048C 16 168
YER048W-A 0 0
YER049W 16 126
YER050C 1 3
YER051W 20 197
YER052C 14 99
YER053C 35 597
YER053C-A 0 0
YER054C 46 1066
YER055C 20 196
YER056C 19 154
YER056C-A 0 0
YER057C 8 208
YER058W 5 25
YER059W 43 746
YER060W 35 441
YER060W-A 28 262
YER061C 3 5
YER062C 20 196
YER063W 12 268
YER064C 18 201
YER065C 91 1863
YER066W 12 345
YER066C-A 8 71
YER067W 13 104
YER067C-A 7 83
YER068W 25 876
YER068C-A 25 676
YER069W 73 652
YER070W 9 61
YER071C 2 25
YER072W 9 34
YER073W 28 361
YER074W 1 1
YER074W-A 0 0
YER075C 22 154
YER076C 23 353
YER076W-A 9 119
YER077C 16 114
YER078C 44 791
YER078W-A 22 695
YER079W 22 224
YER079C-A 10 103
YER080W 38 431
YER081W 59 1267
YER082C 2 21
YER083C 3 13
YER084W 9 53
YER084W-A 2 6
YER085C 2 6
YER086W 19 135
YER087W 11 118
YER087C-A 3 17
YER087C-B 1 24
YER088C 66 1120
YER088C-A 73 4343
YER088W-B 21 361
YER089C 85 1739
YER090W 19 96
YER090C-A 0 0
YER091C 27 367
YER091C-A 26 640
YER092W 13 303
YER093C 25 184
YER093C-A 10 64
YER094C 4 25
YER095W 7 67
YER096W 22 232
YER097W 17 479
YER098W 21 366
YER099C 12 136
YER100W 4 26
YER101C 31 1201
YER102W 7 51
YER103W 25 218
YER104W 13 83
YER105C 44 309
YER106W 1 9
YER107C 0 0
YER107W-A 1 2
YER109C 16 88
YER110C 13 40
YER111C 24 154
YER112W 0 0
YER113C 19 193
YER114C 33 225
YER115C 13 140
YER116C 7 53
YER117W 0 0
YER118C 4 33
YER119C 55 841
YER119C-A 19 611
YER120W 4 17
YER121W 8 488
YER122C 5 24
YER123W 22 268
YER124C 9 104
YER125W 10 75
YER126C 5 14
YER127W 0 0
YER128W 18 303
YER129W 50 486
YER130C 41 568
YER131W 1 1
YER132C 60 522
YER133W 3 12
YER133W-A 7 43
YER134C 13 116
YER135C 5 36
YER136W 3 17
YER137C 12 109
YER137W-A 11 92
YER138W-A 0 0
YER139C 8 96
YER140W 18 150
YER141W 3 3
YER142C 9 32
YER143W 35 327
YER144C 50 710
YER145C 63 1167
YER145C-A 1 1
YER146W 1 1
YER147C 9 35
YER147C-A 5 62
YER148W 5 62
YER148W-A 13 71
YER149C 25 153
YER150W 4 55
YER151C 14 103
YER152C 44 582
YER152W-A 15 217
YER153C 5 69
YER154W 5 29
YER155C 14 68
YER156C 15 103
YER157W 19 164
YER158C 22 143
YER158W-A 2 3
YER159C 2 3
YER161C 9 47
YER162C 10 97
YER163C 24 296
YER164W 27 222
YER165W 1 7
YER165C-A 2 77
YER166W 61 746
YER167W 55 387
YER168C 9 52
YER169W 38 223
YER170W 12 202
YER171W 8 66
YER172C 21 92
YER172C-A 6 26
YER173W 27 222
YER174C 14 255
YER175C 37 803
YER175W-A 4 50
YER176W 127 3588
YER177W 21 186
YER178W 31 406
YER179W 40 485
YER180C 5 61
YER180C-A 1 1
YER181C 4 30
YER182W 13 99
YER183C 14 191
YER184C 10 107
YER185W 8 104
YER186C 20 145
YER187W 16 247
YER188W 16 228
YER188C-A 24 618
YER189W 0 0
YER190W 0 0
YER190C-A 0 0
YER190C-B 0 0
YFL068W 0 0
YFL067W 6 159
YFL066C 0 0
YFL065C 0 0
YFL064C 0 0
YFL063W 7 467
YFL062W 3 5
YFL061W 0 0
YFL060C 0 0
YFL059W 0 0
YFL058W 5 45
YFL057C 1 8
YFL056C 11 176
YFL055W 25 296
YFL054C 22 252
YFL053W 15 216
YFL052W 21 573
YFL051C 11 111
YFL050C 30 314
YFL049W 20 596
YFL048C 26 235
YFL047W 26 210
YFL046W 27 224
YFL045C 0 0
YFL044C 21 199
YFL042C 46 411
YFL041W-A 5 18
YFL041W 30 334
YFL040W 31 511
YFL039C 3 36
YFL038C 9 91
YFL037W 17 151
YFL036W 24 164
YFL034C-B 2 11
YFL034C-A 16 112
YFL034W 45 645
YFL033C 128 2415
YFL032W 5 48
YFL031W 3 23
YFL031C-A 0 0
YFL030W 46 811
YFL029C 0 0
YFL028C 25 253
YFL027C 15 177
YFL026W 16 76
YFL025C 11 93
YFL024C 25 212
YFL023W 15 123
YFL022C 9 56
YFL021C-A 77 1655
YFL021W 45 685
YFL020C 3 159
YFL019C 0 0
YFL018C 2 19
YFL017W-A 0 0
YFL017C 2 4
YFL016C 21 274
YFL015W-A 9 39
YFL015C 44 1645
YFL014W 13 220
YFL013W-A 34 432
YFL013C 34 290
YFL012W-A 12 249
YFL012W 5 18
YFL011W 10 130
YFL010W-A 1 1
YFL010C 5 33
YFL009W 7 66
YFL008W 8 54
YFL007W 103 828
YFL005W 0 0
YFL004W 26 224
YFL003C 94 1241
YFL002C 3 8
YFL001W 15 115
YFR001W 1 2
YFR002W 15 127
YFR003C 5 21
YFR004W 5 22
YFR005C 4 14
YFR006W 55 881
YFR007W 30 654
YFR008W 2 3
YFR009W 24 598
YFR009W-A 0 0
YFR010W 42 635
YFR010W-A 2 5
YFR011C 13 67
YFR012W 5 80
YFR012W-A 3 33
YFR013W 33 201
YFR014C 26 275
YFR015C 54 1062
YFR016C 50 648
YFR017C 75 3674
YFR018C 118 4708
YFR019W 47 336
YFR020W 7 35
YFR021W 38 309
YFR022W 38 310
YFR023W 7 51
YFR024C-A 15 227
YFR025C 31 422
YFR026C 7 58
YFR027W 3 58
YFR028C 4 12
YFR029W 51 598
YFR030W 28 411
YFR031C 12 55
YFR031C-A 1 5
YFR032C 14 274
YFR032C-A 1 1
YFR032C-B 1 7
YFR033C 21 166
YFR034C 97 5803
YFR034W-A 45 2552
YFR035C 46 3833
YFR036W 5 25
YFR036W-A 9 79
YFR037C 8 61
YFR038W 24 240
YFR039C 15 104
YFR040W 18 164
YFR041C 26 566
YFR042W 0 0
YFR043C 20 160
YFR044C 42 233
YFR045W 10 226
YFR046C 20 120
YFR047C 19 229
YFR048W 52 587
YFR049W 4 26
YFR050C 9 55
YFR051C 22 133
YFR052W 2 3
YFR052C-A 15 126
YFR053C 46 623
YFR054C 2 16
YFR056C 14 200
YFR055W 35 588
YFR057W 0 0
YGL263W 0 0
YGL262W 0 0
YGL261C 0 0
YGL260W 0 0
YGL259W 3 7
YGL258W-A 1 2
YGL258W 3 30
YGL257C 19 247
YGL256W 19 271
YGL255W 44 682
YGL254W 41 422
YGL253W 26 416
YGL252C 19 163
YGL251C 30 536
YGL250W 9 242
YGL249W 48 437
YGL248W 18 147
YGL247W 3 13
YGL246C 8 62
YGL245W 10 50
YGL244W 12 85
YGL243W 8 110
YGL242C 10 33
YGL241W 23 208
YGL240W 7 30
YGL239C 0 0
YGL238W 16 87
YGL237C 12 90
YGL236C 44 432
YGL235W 14 164
YGL234W 8 88
YGL233W 5 20
YGL232W 12 160
YGL231C 3 11
YGL230C 0 0
YGL229C 29 242
YGL228W 20 250
YGL227W 37 221
YGL226C-A 1 2
YGL226W 9 34
YGL225W 9 87
YGL224C 15 93
YGL223C 9 63
YGL222C 2 6
YGL221C 5 35
YGL220W 2 23
YGL219C 10 76
YGL218W 6 43
YGL217C 10 44
YGL216W 62 756
YGL215W 13 135
YGL214W 0 0
YGL213C 9 92
YGL212W 5 77
YGL211W 1 3
YGL210W 9 186
YGL209W 22 125
YGL208W 47 667
YGL207W 20 217
YGL206C 31 182
YGL205W 44 620
YGL204C 0 0
YGL203C 19 211
YGL202W 28 384
YGL201C 28 202
YGL200C 5 32
YGL199C 16 206
YGL198W 20 227
YGL197W 27 159
YGL196W 19 206
YGL195W 77 627
YGL194C-A 2 11
YGL194C 11 93
YGL193C 13 173
YGL192W 31 213
YGL191W 12 165
YGL190C 10 77
YGL189C 8 32
YGL188C-A 2 10
YGL188C 14 874
YGL187C 9 31
YGL186C 3 9
YGL185C 26 297
YGL184C 64 623
YGL183C 17 390
YGL182C 6 17
YGL181W 10 131
YGL180W 38 424
YGL179C 15 155
YGL178W 80 2021
YGL177W 18 1045
YGL176C 7 95
YGL175C 6 35
YGL174W 7 32
YGL173C 25 196
YGL172W 0 0
YGL171W 7 60
YGL170C 7 73
YGL169W 8 62
YGL168W 8 39
YGL167C 4 14
YGL166W 23 209
YGL165C 52 1691
YGL164C 12 163
YGL163C 28 179
YGL162W 15 150
YGL161C 29 456
YGL160W 26 201
YGL159W 5 69
YGL158W 23 293
YGL157W 14 140
YGL156W 47 728
YGL155W 11 32
YGL154C 8 53
YGL153W 11 47
YGL152C 13 209
YGL151W 10 57
YGL150C 7 57
YGL149W 5 27
YGL148W 18 177
YGL147C 2 6
YGL146C 30 450
YGL145W 13 91
YGL144C 16 247
YGL143C 7 27
YGL142C 9 69
YGL141W 20 179
YGL140C 24 255
YGL139W 31 313
YGL138C 7 67
YGL137W 9 48
YGL136C 22 419
YGL135W 1 10
YGL134W 31 334
YGL133W 40 518
YGL132W 2 9
YGL131C 28 305
YGL130W 0 0
YGL129C 0 0
YGL128C 1 3
YGL127C 4 10
YGL126W 139 2942
YGL125W 94 2604
YGL124C 15 136
YGL123W 0 0
YGL123C-A 0 0
YGL122C 5 22
YGL121C 14 104
YGL120C 12 69
YGL119W 3 5
YGL118C 21 389
YGL117W 38 371
YGL116W 12 102
YGL115W 2 6
YGL114W 20 265
YGL113W 0 0
YGL112C 0 0
YGL111W 5 23
YGL110C 29 162
YGL109W 12 152
YGL108C 8 69
YGL107C 6 60
YGL106W 0 0
YGL105W 5 17
YGL104C 14 107
YGL103W 4 15
YGL102C 4 15
YGL101W 10 87
YGL100W 8 52
YGL099W 1 1
YGL098W 0 0
YGL097W 9 186
YGL096W 15 177
YGL095C 8 94
YGL094C 34 312
YGL093W 13 70
YGL092W 13 120
YGL091C 1 1
YGL090W 4 139
YGL089C 3 21
YGL088W 7 38
YGL087C 16 332
YGL086W 21 214
YGL085W 18 752
YGL084C 0 0
YGL083W 25 212
YGL082W 37 299
YGL081W 16 165
YGL080W 0 0
YGL079W 5 36
YGL078C 7 17
YGL077C 27 534
YGL076C 2 13
YGL075C 5 90
YGL074C 0 0
YGL073W 25 332
YGL072C 30 671
YGL071W 26 167
YGL070C 3 32
YGL069C 3 17
YGL068W 3 17
YGL067W 17 74
YGL066W 16 95
YGL065C 3 51
YGL064C 9 65
YGL063W 124 4788
YGL063C-A 21 399
YGL062W 68 621
YGL061C 11 35
YGL060W 20 229
YGL059W 23 283
YGL058W 5 23
YGL057C 15 135
YGL056C 44 714
YGL055W 7 46
YGL054C 3 7
YGL053W 7 42
YGL052W 0 0
YGL051W 8 94
YGL050W 19 140
YGL049C 26 338
YGL048C 2 3
YGL047W 3 26
YGL045W 27 129
YGL044C 5 17
YGL043W 16 122
YGL042C 1 5
YGL041C-B 7 124
YGL041W-A 14 82
YGL041C 7 11
YGL040C 5 35
YGL039W 14 279
YGL038C 6 77
YGL037C 8 160
YGL036W 41 317
YGL035C 22 186
YGL034C 13 200
YGL033W 6 39
YGL032C 0 0
YGL031C 5 25
YGL030W 0 0
YGL029W 0 0
YGL028C 4 25
YGL027C 15 124
YGL026C 26 240
YGL025C 12 74
YGL024W 1 2
YGL023C 20 90
YGL022W 10 56
YGL021W 24 328
YGL020C 0 0
YGL019W 3 22
YGL018C 5 18
YGL017W 10 58
YGL016W 26 144
YGL015C 7 22
YGL014W 23 172
YGL014C-A 5 22
YGL013C 52 850
YGL012W 22 89
YGL011C 3 32
YGL010W 15 133
YGL009C 54 1120
YGL008C 4 26
YGL007C-A 0 0
YGL007W 13 236
YGL006W-A 6 45
YGL006W 36 415
YGL005C 6 55
YGL004C 74 1055
YGL003C 22 117
YGL002W 23 289
YGL001C 3 66
YGR001C 28 570
YGR002C 11 471
YGR003W 37 471
YGR004W 11 98
YGR005C 2 5
YGR006W 7 39
YGR007W 41 967
YGR008C 16 441
YGR009C 3 21
YGR010W 25 270
YGR011W 7 87
YGR012W 22 454
YGR013W 22 429
YGR014W 25 187
YGR015C 20 222
YGR016W 18 158
YGR017W 6 65
YGR018C 2 3
YGR019W 69 1685
YGR020C 1 1
YGR021W 38 472
YGR022C 9 79
YGR023W 22 221
YGR024C 0 0
YGR025W 29 1911
YGR026W 18 207
YGR027C 2 7
YGR028W 15 104
YGR029W 4 52
YGR030C 3 30
YGR031W 132 4658
YGR031C-A 74 2414
YGR032W 95 787
YGR033C 5 40
YGR034W 5 27
YGR035C 3 25
YGR035W-A 13 184
YGR036C 11 89
YGR037C 0 0
YGR038W 17 96
YGR039W 5 30
YGR040W 26 510
YGR041W 52 607
YGR042W 7 27
YGR043C 34 772
YGR044C 18 227
YGR045C 42 1207
YGR046W 4 105
YGR047C 10 67
YGR048W 11 56
YGR049W 25 478
YGR050C 29 450
YGR051C 31 507
YGR052W 33 381
YGR053C 8 131
YGR054W 30 242
YGR055W 8 131
YGR056W 17 137
YGR057C 5 16
YGR058W 4 17
YGR059W 6 92
YGR060W 3 19
YGR061C 14 68
YGR062C 0 0
YGR063C 1 2
YGR064W 2 59
YGR065C 20 172
YGR066C 15 189
YGR067C 55 625
YGR068C 141 2991
YGR068W-A 7 57
YGR069W 20 308
YGR070W 51 432
YGR071C 23 157
YGR072W 6 57
YGR073C 0 0
YGR074W 0 0
YGR075C 0 0
YGR076C 4 38
YGR077C 17 56
YGR078C 5 71
YGR079W 28 435
YGR080W 16 205
YGR081C 5 52
YGR082W 3 26
YGR083C 15 137
YGR084C 14 181
YGR085C 1 5
YGR086C 14 181
YGR087C 79 1640
YGR088W 22 216
YGR089W 19 110
YGR090W 14 101
YGR091W 1 2
YGR092W 8 43
YGR093W 24 200
YGR094W 14 106
YGR095C 1 4
YGR096W 37 1073
YGR097W 45 677
YGR098C 2 5
YGR099W 6 8
YGR100W 39 216
YGR101W 5 56
YGR102C 0 0
YGR103W 1 5
YGR104C 3 17
YGR105W 0 0
YGR106C 8 42
YGR107W 57 1361
YGR108W 14 110
YGR109C 12 125
YGR110W 11 65
YGR111W 16 268
YGR112W 5 34
YGR113W 6 19
YGR114C 0 0
YGR115C 1 2
YGR116W 30 195
YGR117C 9 171
YGR118W 2 10
YGR119C 10 77
YGR120C 1 4
YGR121C 76 1719
YGR121W-A 39 822
YGR122W 15 97
YGR122C-A 1 23
YGR123C 29 481
YGR124W 42 556
YGR125W 31 208
YGR126W 13 65
YGR127W 21 399
YGR128C 0 0
YGR129W 8 346
YGR130C 37 735
YGR131W 7 78
YGR132C 17 115
YGR133W 12 130
YGR134W 48 557
YGR135W 3 37
YGR136W 21 277
YGR137W 2 167
YGR138C 7 136
YGR139W 4 7
YGR140W 10 99
YGR141W 41 731
YGR142W 10 229
YGR143W 41 752
YGR144W 12 121
YGR145W 8 62
YGR146C 10 107
YGR146C-A 17 133
YGR147C 10 41
YGR148C 10 100
YGR149W 20 218
YGR150C 5 28
YGR151C 4 9
YGR152C 7 15
YGR153W 21 295
YGR154C 22 247
YGR155W 8 42
YGR156W 13 52
YGR157W 34 400
YGR158C 8 78
YGR159C 9 33
YGR160W 0 0
YGR161C 22 132
YGR161W-C 11 78
YGR162W 8 48
YGR163W 7 48
YGR164W 7 135
YGR165W 3 21
YGR166W 4 20
YGR167W 3 12
YGR168C 10 78
YGR169C 23 103
YGR169C-A 1 2
YGR170W 48 370
YGR171C 7 67
YGR172C 0 0
YGR173W 13 86
YGR174C 5 26
YGR174W-A 1 5
YGR175C 0 0
YGR176W 24 429
YGR177C 62 1474
YGR178C 30 264
YGR179C 12 67
YGR180C 3 31
YGR181W 10 189
YGR182C 23 167
YGR183C 6 18
YGR184C 72 795
YGR185C 5 31
YGR186W 6 9
YGR187C 1 2
YGR188C 10 18
YGR189C 15 377
YGR190C 6 110
YGR191W 11 108
YGR192C 9 57
YGR193C 9 37
YGR194C 24 217
YGR195W 0 0
YGR196C 21 162
YGR197C 37 440
YGR198W 6 18
YGR199W 25 293
YGR200C 15 150
YGR201C 19 511
YGR202C 23 312
YGR203W 64 1463
YGR204W 42 287
YGR204C-A 0 0
YGR205W 17 247
YGR206W 8 64
YGR207C 6 101
YGR208W 12 65
YGR209C 15 643
YGR210C 52 602
YGR211W 9 62
YGR212W 12 215
YGR213C 17 176
YGR214W 1 1
YGR215W 0 0
YGR216C 13 66
YGR217W 51 420
YGR218W 8 48
YGR219W 2 29
YGR220C 5 65
YGR221C 24 278
YGR222W 2 9
YGR223C 13 151
YGR224W 20 214
YGR225W 12 62
YGR226C 0 0
YGR227W 3 12
YGR228W 2 17
YGR229C 11 64
YGR230W 32 816
YGR231C 9 73
YGR232W 11 148
YGR233C 36 245
YGR234W 15 95
YGR235C 11 114
YGR236C 13 274
YGR237C 47 461
YGR238C 45 671
YGR239C 54 1541
YGR240C 7 27
YGR240C-A 29 959
YGR241C 48 855
YGR242W 4 6
YGR243W 12 89
YGR244C 77 2052
YGR245C 8 414
YGR246C 5 24
YGR247W 26 363
YGR248W 31 546
YGR249W 3 45
YGR250C 30 239
YGR251W 3 10
YGR252W 11 130
YGR253C 5 12
YGR254W 29 326
YGR255C 19 84
YGR256W 22 169
YGR257C 25 252
YGR258C 36 489
YGR259C 6 70
YGR260W 20 958
YGR261C 20 62
YGR262C 5 17
YGR263C 19 134
YGR264C 7 68
YGR265W 3 148
YGR266W 29 293
YGR267C 1 5
YGR268C 40 1735
YGR269W 20 302
YGR270W 37 186
YGR270C-A 2 9
YGR271W 73 554
YGR271C-A 0 0
YGR273C 2 5
YGR274C 7 85
YGR275W 4 108
YGR276C 8 80
YGR277C 0 0
YGR278W 6 32
YGR279C 23 547
YGR280C 1 12
YGR281W 57 442
YGR282C 19 242
YGR283C 12 195
YGR284C 20 205
YGR285C 5 54
YGR286C 28 613
YGR287C 28 365
YGR288W 18 154
YGR289C 0 0
YGR290W 0 0
YGR291C 2 11
YGR292W 8 380
YGR293C 0 0
YGR294W 0 0
YGR295C 3 27
YGR296W 0 0
YGR296C-A 0 0
YGR296C-B 0 0
YHL050C 0 0
YHL050W-A 0 0
YHL049C 0 0
YHL048C-A 1 2
YHL048W 8 146
YHL047C 23 322
YHL046W-A 3 23
YHL046C 3 55
YHL045W 2 3
YHL044W 2 58
YHL043W 2 11
YHL042W 15 139
YHL041W 16 169
YHL040C 31 308
YHL039W 22 259
YHL038C 4 54
YHL037C 30 420
YHL036W 40 632
YHL035C 35 374
YHL034W-A 4 19
YHL034C 4 16
YHL033C 3 27
YHL032C 76 1154
YHL031C 2 12
YHL030W-A 1 6
YHL030W 83 1048
YHL029C 22 172
YHL028W 29 241
YHL027W 27 234
YHL026C 32 857
YHL025W 72 1818
YHL024W 59 899
YHL023C 37 366
YHL022C 7 91
YHL021C 36 694
YHL020C 26 429
YHL019W-A 12 126
YHL019C 21 175
YHL018W 6 54
YHL017W 25 333
YHL016C 42 708
YHL015W-A 3 425
YHL015W 0 0
YHL014C 38 727
YHL013C 5 23
YHL012W 30 277
YHL011C 7 39
YHL010C 36 324
YHL009C 13 206
YHL008C 45 748
YHL007C 55 648
YHL006W-A 25 382
YHL006C 79 8535
YHL005C 34 2466
YHL004W 3 27
YHL003C 22 250
YHL002C-A 19 171
YHL002W 59 715
YHL001W 7 41
YHR001W 84 1914
YHR001W-A 26 1197
YHR002W 28 137
YHR003C 51 480
YHR004C 29 204
YHR005C 4 32
YHR005C-A 4 8
YHR006W 20 338
YHR007C 7 37
YHR007C-A 41 2838
YHR008C 26 536
YHR009C 23 313
YHR010W 0 0
YHR011W 4 16
YHR012W 3 11
YHR013C 1 4
YHR014W 6 59
YHR015W 13 161
YHR016C 24 144
YHR017W 18 169
YHR018C 26 351
YHR019C 2 3
YHR020W 7 22
YHR021C 4 16
YHR021W-A 5 63
YHR022C 21 207
YHR022C-A 2 3
YHR023W 44 313
YHR024C 1 5
YHR025W 3 10
YHR026W 0 0
YHR027C 8 36
YHR028C 50 1316
YHR028W-A 28 410
YHR029C 10 211
YHR030C 14 77
YHR031C 27 295
YHR032W 95 2443
YHR032W-A 11 366
YHR032C-A 7 100
YHR033W 150 4296
YHR034C 55 514
YHR035W 25 344
YHR036W 17 821
YHR037W 35 361
YHR038W 3 16
YHR039C 29 395
YHR039C-A 0 0
YHR040W 14 78
YHR041C 1 6
YHR042W 1 5
YHR043C 25 196
YHR044C 12 138
YHR045W 13 67
YHR046C 17 174
YHR047C 45 478
YHR048W 56 741
YHR049W 26 592
YHR049C-A 15 398
YHR050W 60 1969
YHR050W-A 0 0
YHR051W 0 0
YHR052W 7 73
YHR052W-A 0 0
YHR053C 0 0
YHR054C 0 0
YHR054W-A 0 0
YHR055C 0 0
YHR056C 25 203
YHR056W-A 8 98
YHR057C 22 274
YHR058C 9 197
YHR059W 1 3
YHR060W 1 2
YHR061C 21 506
YHR062C 0 0
YHR063C 9 59
YHR063W-A 4 71
YHR064C 4 34
YHR065C 12 57
YHR066W 5 9
YHR067W 11 66
YHR068W 9 67
YHR069C 5 98
YHR069C-A 0 0
YHR070W 8 38
YHR070C-A 9 46
YHR071W 24 510
YHR071C-A 2 7
YHR072W 10 159
YHR072W-A 1 12
YHR073W 44 267
YHR073W-A 5 24
YHR073C-B 2 46
YHR074W 5 29
YHR075C 10 92
YHR076W 16 98
YHR077C 24 124
YHR078W 21 241
YHR079C 16 107
YHR079C-A 1 1
YHR080C 66 765
YHR081W 2 38
YHR082C 38 341
YHR083W 4 33
YHR084W 20 330
YHR085W 0 0
YHR086W 24 234
YHR086W-A 11 148
YHR087W 18 294
YHR088W 0 0
YHR089C 2 19
YHR090C 6 25
YHR091C 5 21
YHR092C 34 332
YHR093W 10 130
YHR094C 21 247
YHR095W 8 191
YHR096C 51 487
YHR097C 35 405
YHR098C 38 529
YHR099W 32 221
YHR100C 0 0
YHR101C 2 12
YHR102W 13 79
YHR103W 27 222
YHR104W 10 109
YHR105W 8 108
YHR106W 13 92
YHR107C 0 0
YHR108W 23 256
YHR109W 11 66
YHR110W 5 97
YHR111W 6 82
YHR112C 35 501
YHR113W 35 443
YHR114W 34 195
YHR115C 18 167
YHR116W 15 209
YHR117W 27 376
YHR118C 8 99
YHR119W 30 311
YHR120W 12 164
YHR121W 15 310
YHR122W 7 56
YHR123W 18 257
YHR124W 30 165
YHR125W 3 16
YHR126C 9 123
YHR127W 13 181
YHR128W 10 187
YHR129C 6 27
YHR130C 8 36
YHR131C 31 178
YHR131W-A 11 97
YHR132C 33 519
YHR132W-A 10 48
YHR133C 11 163
YHR134W 7 63
YHR135C 46 567
YHR136C 27 363
YHR137W 13 133
YHR137C-A 6 73
YHR138C 14 60
YHR139C 13 103
YHR139C-A 21 299
YHR140W 20 272
YHR141C 0 0
YHR142W 21 190
YHR143W 10 89
YHR143W-A 0 0
YHR144C 9 94
YHR145C 0 0
YHR146W 22 371
YHR147C 1 4
YHR148W 7 39
YHR149C 26 385
YHR150W 30 389
YHR151C 14 153
YHR152W 17 367
YHR153C 15 170
YHR154W 43 399
YHR155W 24 355
YHR156C 26 285
YHR157W 2 9
YHR158C 23 188
YHR159W 27 811
YHR160C 3 16
YHR161C 40 381
YHR162W 0 0
YHR163W 10 169
YHR164C 10 100
YHR165C 19 99
YHR165W-A 0 0
YHR166C 10 173
YHR167W 11 68
YHR168W 5 21
YHR169W 4 21
YHR170W 12 161
YHR171W 17 94
YHR172W 22 293
YHR173C 15 118
YHR174W 16 124
YHR175W 17 277
YHR175W-A 6 58
YHR176W 37 341
YHR177W 30 209
YHR178W 16 139
YHR179W 9 125
YHR180W 10 30
YHR180W-A 6 52
YHR180C-B 3 32
YHR181W 10 63
YHR182W 32 241
YHR182C-A 3 22
YHR183W 9 79
YHR184W 14 224
YHR185C 4 14
YHR186C 24 127
YHR187W 2 12
YHR188C 10 73
YHR189W 15 131
YHR190W 13 132
YHR191C 2 32
YHR192W 12 203
YHR193C 7 123
YHR193C-A 5 21
YHR194W 24 123
YHR195W 16 154
YHR196W 15 104
YHR197W 3 8
YHR198C 19 211
YHR199C 24 216
YHR199C-A 3 45
YHR200W 14 103
YHR201C 8 89
YHR202W 37 343
YHR203C 1 1
YHR204W 54 851
YHR205W 7 49
YHR206W 12 116
YHR207C 26 284
YHR208W 20 282
YHR209W 5 46
YHR210C 9 88
YHR211W 7 74
YHR212C 0 0
YHR212W-A 0 0
YHR213W 0 0
YHR213W-A 0 0
YHR213W-B 6 30
YHR214W 0 0
YHR214W-A 0 0
YHR214C-D 0 0
YHR214C-E 0 0
YHR215W 1 2
YHR216W 21 256
YHR217C 2 6
YHR218W 0 0
YHR218W-A 0 0
YHR219W 0 0
YHR219C-A 0 0
YIL177C 0 0
YIL177W-A 0 0
YIL176C 0 0
YIL173W 9 116
YIL172C 12 158
YIL171W-A 14 213
YIL169C 17 142
YIL166C 25 404
YIL165C 8 106
YIL164C 19 166
YIL163C 38 1626
YIL162W 78 1421
YIL161W 4 27
YIL160C 27 277
YIL159W 55 613
YIL158W 20 456
YIL157C 9 54
YIL156W-A 8 81
YIL156W-B 0 0
YIL156W 52 644
YIL155C 82 1651
YIL154C 78 490
YIL153W 17 80
YIL152W 16 225
YIL151C 20 175
YIL150C 16 41
YIL149C 41 276
YIL148W 2 33
YIL147C 10 59
YIL146C 7 91
YIL145C 16 249
YIL144W 11 99
YIL143C 11 63
YIL142C-A 0 0
YIL142W 12 97
YIL141W 6 52
YIL140W 36 374
YIL139C 17 218
YIL138C 9 60
YIL137C 24 210
YIL136W 22 207
YIL135C 34 278
YIL134C-A 19 310
YIL134W 9 62
YIL133C 1 2
YIL132C 22 232
YIL131C 47 1167
YIL130W 31 280
YIL129C 39 237
YIL128W 19 213
YIL127C 3 20
YIL126W 25 194
YIL125W 46 397
YIL124W 5 22
YIL123W 58 1304
YIL122W 19 210
YIL121W 41 744
YIL120W 44 670
YIL119C 9 36
YIL118W 9 26
YIL117C 22 227
YIL116W 7 66
YIL115W-A 1 1
YIL115C 23 103
YIL114C 9 173
YIL113W 20 479
YIL112W 32 333
YIL111W 12 192
YIL110W 8 37
YIL109C 21 172
YIL108W 72 1788
YIL107C 34 224
YIL106W 2 16
YIL105C 45 356
YIL105W-A 5 75
YIL104C 8 53
YIL103W 15 53
YIL102C-A 0 0
YIL102C 1 1
YIL101C 50 1221
YIL100C-A 40 1496
YIL100W 45 1610
YIL099W 50 1456
YIL098C 5 27
YIL097W 23 144
YIL096C 16 93
YIL095W 33 335
YIL094C 14 209
YIL093C 4 25
YIL092W 18 96
YIL091C 21 112
YIL090W 7 49
YIL089W 10 86
YIL088C 32 407
YIL087C 8 118
YIL086C 10 59
YIL085C 36 491
YIL084C 8 57
YIL083C 2 16
YIL082W 5 53
YIL079C 19 282
YIL078W 8 50
YIL077C 46 1081
YIL076W 6 37
YIL075C 11 79
YIL074C 33 390
YIL073C 38 436
YIL072W 7 33
YIL071W-A 4 9
YIL071C 13 132
YIL070C 6 49
YIL069C 6 22
YIL068W-A 5 37
YIL068C 10 94
YIL067C 54 523
YIL066W-A 7 49
YIL066C 21 366
YIL065C 5 18
YIL064W 48 1021
YIL063C 2 11
YIL062C 6 22
YIL061C 6 13
YIL060W 2 31
YIL059C 2 31
YIL058W 19 465
YIL057C 19 345
YIL056W 33 956
YIL055C 55 824
YIL054W 32 864
YIL053W 21 551
YIL052C 0 0
YIL051C 19 393
YIL050W 12 51
YIL049W 5 48
YIL048W 7 52
YIL047C-A 16 142
YIL047C 77 845
YIL046W-A 49 3195
YIL046W 7 65
YIL045W 36 635
YIL044C 13 63
YIL043C 21 188
YIL042C 32 420
YIL041W 19 427
YIL040W 1 1
YIL039W 10 60
YIL038C 4 22
YIL037C 17 342
YIL036W 39 376
YIL035C 29 289
YIL034C 14 58
YIL033C 10 169
YIL032C 9 129
YIL031W 24 234
YIL030W-A 6 85
YIL030C 38 355
YIL029W-A 5 84
YIL029C 3 45
YIL028W 0 0
YIL027C 4 26
YIL026C 20 211
YIL025C 2 13
YIL024C 13 113
YIL023C 26 466
YIL022W 3 20
YIL021W 12 107
YIL021C-A 0 0
YIL020C-A 9 79
YIL020C 15 201
YIL019W 7 58
YIL018W 0 0
YIL017C 32 242
YIL016W 7 62
YIL015W 25 327
YIL014C-A 2 21
YIL014W 14 103
YIL013C 50 621
YIL012W 23 255
YIL011W 8 75
YIL010W 15 87
YIL009C-A 15 158
YIL009W 42 541
YIL008W 3 5
YIL007C 17 189
YIL006W 26 440
YIL005W 40 562
YIL004C 3 42
YIL003W 6 30
YIL002W-A 5 27
YIL002C 82 1567
YIL001W 89 2693
YIR001C 31 564
YIR002C 74 964
YIR003W 35 361
YIR004W 14 112
YIR005W 7 12
YIR006C 48 512
YIR007W 17 195
YIR008C 7 32
YIR009W 1 2
YIR010W 14 132
YIR011C 0 0
YIR012W 3 16
YIR013C 10 179
YIR014W 15 121
YIR015W 5 39
YIR016W 23 232
YIR017C 49 970
YIR017W-A 57 1026
YIR018W 27 309
YIR018C-A 8 193
YIR019C 17 234
YIR020C 2 3
YIR020W-A 11 79
YIR020C-B 14 107
YIR021W 18 215
YIR021W-A 4 88
YIR022W 1 2
YIR023W 18 131
YIR023C-A 0 0
YIR024C 3 9
YIR025W 7 35
YIR026C 7 65
YIR027C 13 64
YIR028W 25 294
YIR029W 10 81
YIR030C 4 27
YIR030W-A 3 9
YIR031C 18 179
YIR032C 17 376
YIR033W 22 147
YIR034C 19 160
YIR035C 12 155
YIR036C 18 207
YIR036W-A 12 309
YIR037W 3 22
YIR038C 7 99
YIR039C 12 446
YIR040C 10 1470
YIR041W 0 0
YIR042C 1 9
YJL225C 0 0
YJL225W-A 0 0
YJL223C 0 0
YJL222W-B 0 0
YJL222W-A 0 0
YJL222W 9 501
YJL221C 1 10
YJL220W 1 10
YJL219W 10 182
YJL218W 8 162
YJL217W 5 100
YJL216C 43 558
YJL215C 18 219
YJL214W 33 391
YJL213W 18 154
YJL212C 60 616
YJL211C 23 214
YJL210W 32 330
YJL209W 21 190
YJL208C 17 159
YJL207C 66 560
YJL206C 35 184
YJL205C 9 47
YJL204C 9 94
YJL203W 1 9
YJL202C 6 80
YJL201W 29 229
YJL200C 53 650
YJL199C 11 228
YJL198W 30 247
YJL197W 51 396
YJL197C-A 1 15
YJL196C 18 260
YJL195C 2 2
YJL194W 3 11
YJL193W 7 100
YJL192C 22 283
YJL191W 35 839
YJL190C 3 21
YJL189W 1 6
YJL188C 1 6
YJL187C 32 306
YJL186W 37 389
YJL185C 19 188
YJL184W 2 36
YJL183W 18 106
YJL182C 11 90
YJL181W 28 244
YJL180C 1 3
YJL179W 4 14
YJL178C 12 147
YJL177W 0 0
YJL176C 1 11
YJL175W 0 0
YJL174W 1 7
YJL173C 0 0
YJL172W 30 555
YJL171C 14 188
YJL170C 17 307
YJL169W 4 43
YJL168C 28 219
YJL167W 0 0
YJL166W 2 3
YJL165C 54 830
YJL164C 15 106
YJL163C 34 439
YJL162C 23 428
YJL161W 19 358
YJL160C 7 69
YJL159W 2 11
YJL158C 11 44
YJL157C 82 1140
YJL156W-A 27 1346
YJL156C 47 591
YJL155C 25 400
YJL154C 38 327
YJL153C 38 664
YJL152W 68 3323
YJL151C 54 2858
YJL150W 35 1646
YJL149W 35 366
YJL148W 3 43
YJL147C 9 248
YJL146W 24 173
YJL145W 10 66
YJL144W 7 23
YJL143W 2 3
YJL142C 6 44
YJL141C 61 817
YJL140W 2 2
YJL139C 13 51
YJL138C 3 64
YJL137C 26 358
YJL136W-A 2 11
YJL136C 0 0
YJL135W 13 409
YJL134W 14 83
YJL133C-A 23 206
YJL133W 32 362
YJL132W 25 326
YJL131C 7 33
YJL130C 50 425
YJL129C 31 338
YJL128C 27 329
YJL127W-A 5 62
YJL127C-B 12 105
YJL127C 29 529
YJL126W 16 88
YJL125C 13 107
YJL124C 1 4
YJL123C 27 251
YJL122W 17 74
YJL121C 8 37
YJL120W 14 158
YJL119C 17 191
YJL118W 29 379
YJL117W 5 40
YJL116C 36 398
YJL115W 9 115
YJL112W 24 202
YJL111W 0 0
YJL110C 6 78
YJL109C 25 101
YJL108C 8 52
YJL107C 21 235
YJL106W 32 281
YJL105W 9 61
YJL104W 5 20
YJL103C 25 220
YJL102W 16 88
YJL101C 31 259
YJL100W 41 392
YJL099W 33 337
YJL098W 28 238
YJL097W 6 26
YJL096W 2 28
YJL095W 24 244
YJL094C 39 324
YJL093C 18 196
YJL092W 25 241
YJL091C 2 6
YJL090C 11 82
YJL089W 21 132
YJL088W 22 255
YJL087C 2 9
YJL086C 0 0
YJL085W 10 61
YJL084C 33 415
YJL083W 41 258
YJL082W 28 206
YJL081C 0 0
YJL080C 36 491
YJL079C 11 66
YJL078C 91 2192
YJL077W-B 5 62
YJL077C 55 4430
YJL077W-A 7 67
YJL076W 15 77
YJL075C 3 20
YJL074C 12 144
YJL073W 21 396
YJL072C 6 34
YJL071W 12 166
YJL070C 33 285
YJL069C 5 13
YJL068C 16 197
YJL067W 19 220
YJL066C 35 331
YJL065C 14 88
YJL064W 9 47
YJL063C 2 18
YJL062W-A 6 16
YJL062W 13 86
YJL061W 0 0
YJL060W 13 75
YJL059W 19 218
YJL058C 22 99
YJL057C 20 314
YJL056C 15 69
YJL055W 13 126
YJL054W 12 85
YJL053W 10 77
YJL052C-A 27 682
YJL052W 25 215
YJL051W 29 268
YJL050W 9 67
YJL049W 18 137
YJL048C 36 401
YJL047C-A 9 102
YJL047C 23 334
YJL046W 4 39
YJL045W 19 349
YJL044C 14 142
YJL043W 66 3144
YJL042W 73 985
YJL041W 3 3
YJL039C 15 109
YJL038C 0 0
YJL037W 3 22
YJL036W 12 99
YJL035C 2 10
YJL034W 6 81
YJL033W 5 20
YJL032W 2 2
YJL031C 1 1
YJL030W 13 290
YJL029C 16 355
YJL028W 35 497
YJL027C 67 4574
YJL026W 4 20
YJL026C-A 0 0
YJL025W 18 134
YJL024C 9 56
YJL023C 4 27
YJL022W 3 26
YJL020C 29 155
YJL020W-A 1 3
YJL019W 21 188
YJL016W 19 282
YJL015C 20 592
YJL014W 5 35
YJL013C 6 50
YJL012C 41 347
YJL011C 1 39
YJL010C 3 10
YJL009W 3 31
YJL008C 6 19
YJL007C 16 722
YJL006C 5 13
YJL005W 15 127
YJL004C 24 160
YJL003W 3 8
YJL002C 0 0
YJL001W 7 23
YJR001W 118 3547
YJR002W 6 53
YJR003C 49 664
YJR004C 45 377
YJR005W 22 157
YJR005C-A 2 29
YJR006W 0 0
YJR007W 2 16
YJR008W 47 866
YJR009C 23 237
YJR010W 39 2212
YJR010C-A 11 82
YJR011C 16 174
YJR012C 16 204
YJR013W 7 44
YJR014W 8 62
YJR015W 19 392
YJR016C 12 100
YJR017C 4 16
YJR018W 4 10
YJR019C 37 692
YJR020W 14 205
YJR021C 37 500
YJR022W 0 0
YJR023C 0 0
YJR024C 22 267
YJR025C 3 55
YJR030C 48 425
YJR031C 36 508
YJR032W 3 25
YJR033C 25 107
YJR034W 4 13
YJR035W 60 448
YJR036C 25 174
YJR037W 6 38
YJR038C 6 58
YJR039W 46 341
YJR040W 5 40
YJR041C 3 6
YJR042W 10 80
YJR043C 14 49
YJR044C 13 103
YJR045C 0 0
YJR046W 4 67
YJR047C 4 37
YJR048W 13 236
YJR049C 22 165
YJR050W 11 103
YJR051W 31 426
YJR052W 22 220
YJR053W 21 304
YJR054W 7 78
YJR055W 1 8
YJR056C 5 67
YJR057W 1 6
YJR058C 18 385
YJR059W 35 369
YJR060W 7 46
YJR061W 49 484
YJR062C 10 60
YJR063W 7 56
YJR064W 14 68
YJR065C 11 97
YJR066W 51 286
YJR067C 1 1
YJR068W 2 10
YJR069C 10 99
YJR070C 3 11
YJR071W 1 4
YJR072C 21 237
YJR073C 43 603
YJR074W 24 390
YJR075W 23 226
YJR076C 10 45
YJR077C 9 63
YJR078W 53 1079
YJR079W 22 375
YJR080C 17 203
YJR082C 7 82
YJR083C 5 29
YJR084W 18 196
YJR085C 14 157
YJR086W 4 48
YJR087W 5 26
YJR088C 17 152
YJR089W 14 123
YJR090C 10 82
YJR091C 40 273
YJR092W 28 557
YJR093C 8 39
YJR094C 10 136
YJR094W-A 2 45
YJR095W 20 121
YJR096W 28 202
YJR097W 4 48
YJR098C 22 297
YJR099W 6 86
YJR100C 13 114
YJR101W 1 7
YJR102C 6 18
YJR103W 79 1350
YJR104C 20 153
YJR105W 12 71
YJR106W 25 225
YJR107W 14 113
YJR108W 28 614
YJR109C 65 699
YJR110W 54 577
YJR111C 27 210
YJR112W 3 25
YJR112W-A 17 335
YJR113C 6 30
YJR114W 3 14
YJR115W 60 591
YJR116W 43 1221
YJR117W 36 736
YJR118C 6 34
YJR119C 37 357
YJR120W 9 155
YJR121W 4 11
YJR122W 10 33
YJR123W 0 0
YJR124C 24 215
YJR125C 14 63
YJR126C 35 275
YJR127C 86 1526
YJR128W 25 934
YJR129C 46 514
YJR130C 24 463
YJR131W 40 535
YJR132W 11 112
YJR133W 16 188
YJR134C 20 195
YJR135C 12 106
YJR135W-A 1 2
YJR136C 0 0
YJR137C 66 851
YJR138W 59 370
YJR139C 2 9
YJR140C 31 254
YJR140W-A 1 5
YJR141W 0 0
YJR142W 32 475
YJR143C 22 343
YJR144W 12 37
YJR145C 0 0
YJR146W 29 396
YJR147W 36 586
YJR148W 52 662
YJR149W 31 450
YJR150C 11 135
YJR151C 29 327
YJR151W-A 0 0
YJR152W 13 156
YJR153W 7 75
YJR154W 24 293
YJR155W 14 263
YJR156C 10 118
YJR157W 0 0
YJR158W 3 3
YJR159W 2 17
YJR160C 1 2
YJR161C 4 28
YJR162C 6 79
YKL225W 13 157
YKL224C 3 11
YKL223W 17 963
YKL222C 28 298
YKL221W 29 285
YKL220C 22 177
YKL219W 14 85
YKL218C 43 562
YKL217W 72 702
YKL216W 1 3
YKL215C 58 609
YKL214C 2 3
YKL213C 31 176
YKL212W 12 68
YKL211C 19 141
YKL210W 18 100
YKL209C 41 334
YKL208W 11 41
YKL207W 21 161
YKL206C 12 96
YKL205W 20 124
YKL204W 8 54
YKL203C 51 334
YKL202W 1 1
YKL201C 38 311
YKL198C 270 10172
YKL197C 48 568
YKL196C 5 65
YKL195W 3 6
YKL194C 15 92
YKL193C 4 36
YKL192C 4 7
YKL191W 25 215
YKL190W 3 11
YKL189W 3 5
YKL188C 34 246
YKL187C 80 1429
YKL186C 9 91
YKL185W 43 241
YKL184W 19 462
YKL183C-A 33 2755
YKL183W 105 3575
YKL182W 28 184
YKL181W 5 59
YKL180W 3 44
YKL179C 12 147
YKL178C 26 318
YKL177W 8 153
YKL176C 21 124
YKL175W 33 440
YKL174C 9 54
YKL173W 2 12
YKL172W 0 0
YKL171W 30 280
YKL170W 0 0
YKL169C 0 0
YKL168C 35 292
YKL167C 7 34
YKL166C 13 131
YKL165C-A 4 13
YKL165C 13 58
YKL164C 5 64
YKL163W 6 36
YKL162C-A 0 0
YKL162C 8 101
YKL161C 10 63
YKL160W 3 26
YKL159C 9 116
YKL157W 67 833
YKL156W 4 18
YKL156C-A 2 3
YKL155C 14 91
YKL154W 3 17
YKL153W 3 21
YKL152C 4 25
YKL151C 46 823
YKL150W 37 336
YKL149C 2 14
YKL148C 84 1273
YKL147C 46 1258
YKL146W 59 1021
YKL145W 4 60
YKL145W-A 0 0
YKL144C 1 6
YKL143W 11 77
YKL142W 6 50
YKL141W 7 40
YKL140W 11 99
YKL139W 1 3
YKL138C-A 0 0
YKL138C 0 0
YKL137W 0 0
YKL136W 4 6
YKL135C 18 153
YKL134C 5 30
YKL133C 15 153
YKL132C 18 92
YKL131W 1 10
YKL130C 3 10
YKL129C 47 570
YKL128C 36 651
YKL127W 41 833
YKL126W 18 136
YKL125W 5 35
YKL124W 19 199
YKL123W 6 53
YKL122C 2 12
YKL121W 25 253
YKL120W 34 527
YKL119C 3 16
YKL118W 2 45
YKL117W 8 68
YKL116C 21 164
YKL115C 7 56
YKL114C 22 232
YKL113C 3 9
YKL112W 18 100
YKL111C 8 18
YKL110C 11 85
YKL109W 57 651
YKL108W 6 22
YKL107W 11 72
YKL106C-A 4 46
YKL106W 17 136
YKL105C 39 372
YKL104C 12 73
YKL103C 38 626
YKL102C 22 272
YKL101W 45 271
YKL100C 19 164
YKL100W-A 0 0
YKL099C 7 27
YKL098W 19 309
YKL097C 50 1215
YKL096C-B 0 0
YKL096W-A 0 0
YKL096W 25 928
YKL095W 10 207
YKL094W 72 1468
YKL093W 23 259
YKL092C 7 37
YKL091C 16 277
YKL090W 35 436
YKL089W 0 0
YKL088W 7 64
YKL087C 6 73
YKL086W 70 1711
YKL085W 18 198
YKL084W 31 629
YKL083W 7 104
YKL082C 5 16
YKL081W 30 326
YKL080W 0 0
YKL079W 38 227
YKL078W 2 12
YKL077W 14 131
YKL076C 6 27
YKL075C 15 119
YKL074C 19 153
YKL073W 4 25
YKL072W 31 274
YKL071W 17 112
YKL070W 14 108
YKL069W 13 121
YKL068W-A 2 5
YKL068W 27 266
YKL067W 4 21
YKL066W 17 138
YKL065W-A 5 57
YKL065C 5 47
YKL064W 43 615
YKL063C 6 68
YKL062W 17 175
YKL061W 7 136
YKL060C 0 0
YKL059C 10 29
YKL058W 0 0
YKL057C 6 51
YKL056C 4 26
YKL055C 7 41
YKL054C 1 15
YKL053C-A 1 3
YKL053W 10 213
YKL052C 17 294
YKL051W 35 952
YKL050C 28 339
YKL049C 3 13
YKL048C 5 32
YKL047W 27 197
YKL046C 29 280
YKL045W 12 69
YKL044W 9 52
YKL043W 25 201
YKL042W 3 18
YKL041W 1 2
YKL040C 15 129
YKL039W 42 375
YKL038W 48 600
YKL037W 17 137
YKL036C 13 77
YKL035W 16 175
YKL034W 41 517
YKL033W-A 26 310
YKL033W 15 87
YKL032C 24 217
YKL031W 20 274
YKL030W 63 1420
YKL029C 166 3255
YKL028W 3 13
YKL027W 31 179
YKL026C 18 417
YKL025C 19 120
YKL024C 6 52
YKL023C-A 1 10
YKL023W 25 357
YKL022C 10 84
YKL021C 6 38
YKL020C 29 233
YKL019W 7 66
YKL018C-A 4 43
YKL018W 1 4
YKL017C 18 191
YKL016C 3 51
YKL015W 34 259
YKL014C 7 40
YKL013C 0 0
YKL012W 7 75
YKL011C 36 539
YKL010C 69 882
YKL009W 2 7
YKL008C 29 641
YKL007W 12 146
YKL006C-A 2 5
YKL006W 1 12
YKL005C 51 540
YKL004W 5 43
YKL003C 1 2
YKL002W 4 10
YKL001C 18 689
YKR001C 2 24
YKR002W 1 3
YKR003W 67 809
YKR004C 3 52
YKR005C 54 685
YKR006C 4 35
YKR007W 4 8
YKR008W 4 14
YKR009C 40 277
YKR010C 26 246
YKR011C 11 297
YKR012C 15 131
YKR013W 18 238
YKR014C 0 0
YKR015C 20 131
YKR016W 8 19
YKR017C 17 306
YKR018C 25 284
YKR019C 15 54
YKR020W 0 0
YKR021W 36 291
YKR022C 0 0
YKR023W 17 223
YKR024C 9 46
YKR025W 5 25
YKR026C 8 93
YKR027W 45 341
YKR028W 30 236
YKR029C 11 63
YKR030W 2 5
YKR031C 46 280
YKR032W 20 539
YKR033C 4 58
YKR034W 9 96
YKR035C 3 13
YKR035W-A 3 13
YKR036C 38 463
YKR037C 9 31
YKR038C 8 49
YKR039W 33 355
YKR040C 53 962
YKR041W 73 1448
YKR042W 7 34
YKR043C 28 279
YKR044W 46 653
YKR045C 19 224
YKR046C 39 664
YKR047W 13 85
YKR048C 32 336
YKR049C 16 72
YKR050W 36 357
YKR051W 38 356
YKR052C 6 21
YKR053C 26 385
YKR054C 62 361
YKR055W 11 188
YKR056W 20 179
YKR057W 1 6
YKR058W 27 370
YKR059W 1 6
YKR060W 18 363
YKR061W 40 470
YKR062W 0 0
YKR063C 2 6
YKR064W 36 414
YKR065C 5 39
YKR066C 28 267
YKR067W 29 171
YKR068C 4 14
YKR069W 38 494
YKR070W 19 323
YKR071C 6 65
YKR072C 30 219
YKR073C 19 235
YKR074W 9 54
YKR075C 29 522
YKR075W-A 16 444
YKR076W 39 471
YKR077W 12 172
YKR078W 27 360
YKR079C 20 83
YKR080W 12 78
YKR081C 1 8
YKR082W 16 115
YKR083C 1 19
YKR084C 10 57
YKR085C 10 82
YKR086W 17 125
YKR087C 18 214
YKR088C 21 128
YKR089C 35 333
YKR090W 35 383
YKR091W 16 91
YKR092C 13 59
YKR093W 63 688
YKR094C 3 9
YKR095W 23 161
YKR095W-A 1 4
YKR096W 59 962
YKR097W 43 482
YKR098C 24 211
YKR099W 10 43
YKR100C 13 110
YKR101W 28 215
YKR102W 1 7
YKR103W 1 9
YKR104W 0 0
YKR105C 1 10
YKR106W 0 0
YLL067C 0 0
YLL067W-A 0 0
YLL066W-B 0 0
YLL066C 0 0
YLL066W-A 0 0
YLL065W 14 529
YLL064C 3 39
YLL063C 30 374
YLL062C 15 218
YLL061W 31 424
YLL060C 11 116
YLL059C 35 1042
YLL058W 14 135
YLL057C 24 288
YLL056C 5 23
YLL055W 15 143
YLL054C 14 76
YLL053C 6 143
YLL052C 14 239
YLL051C 50 1013
YLL050C 1 1
YLL049W 3 21
YLL048C 88 1013
YLL047W 7 96
YLL046C 8 141
YLL045C 9 113
YLL044W 10 135
YLL043W 11 61
YLL042C 4 37
YLL041C 14 120
YLL040C 122 1101
YLL039C 33 408
YLL038C 34 359
YLL037W 0 0
YLL036C 2 34
YLL035W 6 10
YLL034C 3 6
YLL033W 1 2
YLL032C 22 221
YLL031C 4 9
YLL030C 14 432
YLL029W 95 3940
YLL028W 66 1135
YLL027W 2 7
YLL026W 86 1177
YLL025W 2 21
YLL024C 26 308
YLL023C 20 320
YLL022C 24 354
YLL021W 44 389
YLL020C 3 58
YLL019C 28 214
YLL019W-A 0 0
YLL018C-A 1 3
YLL018C 5 43
YLL015W 48 426
YLL014W 5 69
YLL013C 54 362
YLL012W 27 318
YLL011W 13 150
YLL010C 33 303
YLL009C 0 0
YLL008W 7 42
YLL007C 16 199
YLL006W-A 1 5
YLL006W 1 4
YLL005C 19 115
YLL004W 8 58
YLL003W 7 38
YLL002W 14 64
YLL001W 15 70
YLR001C 97 1685
YLR002C 3 18
YLR003C 14 407
YLR004C 34 567
YLR005W 7 20
YLR006C 39 1369
YLR007W 7 61
YLR008C 0 0
YLR009W 0 0
YLR010C 1 5
YLR011W 17 115
YLR012C 6 48
YLR013W 7 47
YLR014C 31 236
YLR015W 14 84
YLR016C 13 136
YLR017W 12 77
YLR018C 16 97
YLR019W 52 929
YLR020C 25 170
YLR021W 2 27
YLR022C 6 79
YLR023C 27 259
YLR024C 86 895
YLR025W 2 27
YLR026C 0 0
YLR027C 3 24
YLR028C 90 3854
YLR029C 3 23
YLR030W 9 119
YLR031W 1 81
YLR032W 28 218
YLR033W 1 5
YLR034C 15 204
YLR035C 19 219
YLR036C 3 26
YLR037C 6 85
YLR038C 4 19
YLR039C 8 84
YLR040C 11 92
YLR041W 11 81
YLR042C 12 142
YLR043C 2 39
YLR044C 57 701
YLR045C 17 136
YLR046C 3 25
YLR047C 32 348
YLR048W 0 0
YLR049C 10 114
YLR050C 9 52
YLR051C 5 96
YLR052W 0 0
YLR053C 3 15
YLR054C 21 257
YLR055C 6 59
YLR056W 7 59
YLR057W 42 266
YLR058C 6 26
YLR059C 63 2122
YLR060W 3 16
YLR061W 3 35
YLR062C 3 35
YLR063W 13 92
YLR064W 10 85
YLR065C 1 15
YLR066W 4 7
YLR067C 8 30
YLR068W 7 82
YLR069C 16 74
YLR070C 32 326
YLR071C 5 27
YLR072W 18 123
YLR073C 32 768
YLR074C 11 72
YLR075W 0 0
YLR076C 0 0
YLR077W 46 578
YLR078C 1 7
YLR079W 1 10
YLR080W 46 805
YLR081W 12 64
YLR082C 10 128
YLR083C 10 125
YLR084C 50 1202
YLR085C 7 93
YLR086W 10 33
YLR087C 61 527
YLR088W 7 26
YLR089C 9 72
YLR090W 18 137
YLR091W 7 32
YLR092W 74 1654
YLR093C 7 60
YLR094C 61 1235
YLR095C 42 390
YLR096W 22 97
YLR097C 9 58
YLR098C 15 186
YLR099C 24 183
YLR099W-A 4 52
YLR100W 0 0
YLR101C 13 102
YLR102C 11 58
YLR103C 3 9
YLR104W 3 39
YLR105C 2 15
YLR106C 28 143
YLR107W 21 453
YLR108C 30 316
YLR109W 17 298
YLR110C 0 0
YLR111W 13 390
YLR112W 40 908
YLR113W 32 863
YLR114C 20 109
YLR115W 10 43
YLR116W 10 57
YLR117C 16 115
YLR118C 3 20
YLR119W 7 137
YLR120C 42 319
YLR120W-A 9 332
YLR121C 30 346
YLR122C 9 53
YLR123C 9 57
YLR124W 4 39
YLR125W 7 85
YLR126C 3 66
YLR127C 8 51
YLR128W 15 151
YLR129W 5 19
YLR130C 28 261
YLR131C 28 465
YLR132C 0 0
YLR133W 10 74
YLR134W 17 131
YLR135W 31 255
YLR136C 12 60
YLR137W 34 1387
YLR138W 29 280
YLR139C 5 19
YLR140W 4 33
YLR141W 4 29
YLR142W 20 111
YLR143W 9 79
YLR144C 26 277
YLR145W 1 11
YLR146C 25 150
YLR146W-A 4 17
YLR147C 0 0
YLR148W 15 135
YLR149C 13 107
YLR149C-A 1 9
YLR150W 3 36
YLR151C 15 187
YLR152C 20 116
YLR153C 13 88
YLR154C 6 47
YLR154W-A 0 0
YLR154W-B 0 0
YLR154W-C 0 0
YLR154W-E 0 0
YLR154W-F 0 0
YLR154C-G 0 0
YLR154C-H 0 0
YLR155C 0 0
YLR156W 0 0
YLR156C-A 0 0
YLR157C 0 0
YLR157W-D 0 0
YLR157W-E 0 0
YLR157C-C 0 0
YLR158C 0 0
YLR159W 0 0
YLR159C-A 0 0
YLR160C 0 0
YLR161W 0 0
YLR162W 5 5
YLR162W-A 1 2
YLR163C 2 3
YLR163W-A 0 0
YLR164W 5 22
YLR165C 7 100
YLR166C 7 53
YLR167W 3 7
YLR168C 10 95
YLR169W 20 509
YLR170C 14 243
YLR171W 14 120
YLR172C 28 163
YLR173W 53 1510
YLR174W 45 652
YLR175W 8 28
YLR176C 36 326
YLR177W 20 100
YLR178C 23 236
YLR179C 36 514
YLR180W 22 259
YLR181C 20 274
YLR182W 2 2
YLR183C 16 146
YLR184W 7 130
YLR185W 5 21
YLR186W 3 4
YLR187W 23 178
YLR188W 22 151
YLR189C 32 262
YLR190W 16 163
YLR191W 10 44
YLR192C 3 5
YLR193C 3 47
YLR194C 9 81
YLR195C 1 2
YLR196W 9 51
YLR197W 1 2
YLR198C 1 2
YLR199C 14 94
YLR200W 0 0
YLR201C 3 6
YLR202C 8 118
YLR203C 6 20
YLR204W 1 1
YLR205C 39 443
YLR206W 13 95
YLR207W 34 462
YLR208W 0 0
YLR209C 16 270
YLR210W 13 75
YLR211C 1 3
YLR212C 4 15
YLR213C 31 929
YLR214W 25 260
YLR215C 0 0
YLR216C 4 21
YLR217W 2 9
YLR218C 19 257
YLR219W 30 334
YLR220W 10 140
YLR221C 3 18
YLR222C 7 55
YLR222C-A 0 0
YLR223C 20 138
YLR224W 8 20
YLR225C 14 148
YLR226W 3 9
YLR227C 23 282
YLR228C 15 154
YLR229C 3 11
YLR230W 2 10
YLR231C 19 158
YLR232W 6 48
YLR233C 16 104
YLR234W 13 156
YLR235C 17 239
YLR236C 32 439
YLR237W 51 616
YLR238W 4 29
YLR239C 0 0
YLR240W 12 84
YLR241W 20 105
YLR242C 0 0
YLR243W 0 0
YLR244C 4 50
YLR245C 13 145
YLR246W 12 93
YLR247C 50 381
YLR248W 26 212
YLR249W 1 4
YLR250W 9 90
YLR251W 9 25
YLR252W 1 10
YLR253W 20 219
YLR254C 14 173
YLR255C 23 533
YLR256W 89 887
YLR257W 25 192
YLR258W 55 733
YLR259C 3 17
YLR260W 29 176
YLR261C 0 0
YLR262C 5 13
YLR262C-A 1 5
YLR263W 13 56
YLR264W 0 0
YLR264C-A 0 0
YLR265C 2 6
YLR266C 34 433
YLR267W 25 203
YLR268W 0 0
YLR269C 30 758
YLR270W 8 67
YLR271W 5 77
YLR272C 14 78
YLR273C 13 122
YLR274W 12 40
YLR275W 2 6
YLR276C 0 0
YLR277C 3 21
YLR278C 48 687
YLR279W 31 524
YLR280C 19 243
YLR281C 20 244
YLR282C 6 42
YLR283W 13 94
YLR284C 6 26
YLR285W 1 2
YLR285C-A 7 121
YLR286C 5 57
YLR286W-A 0 0
YLR287C 8 123
YLR287C-A 0 0
YLR288C 33 366
YLR289W 16 98
YLR290C 4 65
YLR291C 0 0
YLR292C 3 41
YLR293C 0 0
YLR294C 14 151
YLR295C 1 12
YLR296W 28 838
YLR297W 19 488
YLR298C 14 292
YLR299W 106 1598
YLR299C-A 12 53
YLR300W 24 268
YLR301W 18 163
YLR302C 38 424
YLR303W 9 71
YLR304C 19 156
YLR305C 19 107
YLR306W 16 393
YLR307W 10 76
YLR307C-A 3 20
YLR308W 11 109
YLR309C 17 144
YLR310C 7 34
YLR311C 7 47
YLR312C 33 541
YLR312W-A 4 8
YLR313C 24 253
YLR314C 9 31
YLR315W 9 97
YLR316C 8 28
YLR317W 2 13
YLR318W 28 272
YLR319C 5 23
YLR320W 16 105
YLR321C 4 27
YLR322W 0 0
YLR323C 4 64
YLR324W 16 198
YLR325C 6 29
YLR326W 28 213
YLR327C 5 59
YLR328W 18 203
YLR329W 7 78
YLR330W 36 288
YLR331C 2 12
YLR332W 6 185
YLR333C 14 136
YLR334C 5 115
YLR335W 5 43
YLR336C 9 55
YLR337C 8 27
YLR338W 0 0
YLR339C 0 0
YLR340W 0 0
YLR341W 14 136
YLR342W 8 61
YLR342W-A 0 0
YLR343W 14 60
YLR344W 6 63
YLR345W 22 305
YLR346C 7 62
YLR347C 7 62
YLR347W-A 0 0
YLR348C 72 1798
YLR349W 49 1098
YLR350W 16 164
YLR351C 20 115
YLR352W 43 499
YLR353W 42 396
YLR354C 21 272
YLR355C 24 294
YLR356W 9 77
YLR357W 16 88
YLR358C 3 4
YLR359W 0 0
YLR360W 22 309
YLR361C 39 597
YLR361C-A 7 30
YLR362W 33 1984
YLR363C 2 3
YLR363W-A 2 19
YLR364W 2 2
YLR365W 3 27
YLR364C-A 6 54
YLR366W 23 260
YLR367W 18 265
YLR368W 12 73
YLR369W 6 59
YLR370C 0 0
YLR371W 17 80
YLR372W 2 2
YLR373C 24 154
YLR374C 28 1007
YLR375W 42 1106
YLR376C 14 75
YLR377C 37 518
YLR378C 12 84
YLR379W 1 4
YLR380W 37 253
YLR381W 13 154
YLR382C 8 39
YLR383W 4 52
YLR384C 17 78
YLR385C 7 70
YLR386W 4 42
YLR387C 24 213
YLR388W 1 1
YLR389C 63 668
YLR390W 15 280
YLR390W-A 4 24
YLR392C 24 221
YLR393W 2 11
YLR394W 10 101
YLR395C 1 2
YLR396C 12 50
YLR397C 5 23
YLR398C 25 119
YLR399C 7 43
YLR399W-A 0 0
YLR400W 30 926
YLR401C 51 624
YLR402W 3 22
YLR403W 14 87
YLR404W 14 147
YLR405W 25 286
YLR406C 4 86
YLR406C-A 4 364
YLR407W 2 2
YLR408C 12 263
YLR409C 16 101
YLR410W 43 381
YLR411W 23 175
YLR412W 10 77
YLR412C-A 0 0
YLR413W 31 341
YLR414C 40 768
YLR415C 46 1297
YLR416C 38 687
YLR417W 28 206
YLR418C 3 10
YLR419W 25 373
YLR420W 4 93
YLR421C 6 64
YLR422W 47 441
YLR423C 5 44
YLR424W 8 28
YLR425W 28 222
YLR426W 0 0
YLR427W 24 171
YLR428C 21 229
YLR429W 39 217
YLR430W 14 60
YLR431C 15 160
YLR432W 19 164
YLR433C 10 144
YLR434C 0 0
YLR435W 0 0
YLR436C 56 576
YLR437C 21 205
YLR437C-A 19 424
YLR438W 81 1166
YLR438C-A 1 4
YLR439W 9 59
YLR440C 0 0
YLR441C 2 38
YLR442C 17 170
YLR443W 25 244
YLR444C 1 59
YLR445W 6 75
YLR446W 20 255
YLR447C 3 12
YLR448W 2 8
YLR449W 6 91
YLR450W 60 1036
YLR451W 16 153
YLR452C 21 262
YLR453C 21 283
YLR454W 68 727
YLR455W 12 57
YLR456W 9 174
YLR457C 12 75
YLR458W 0 0
YLR459W 1 5
YLR460C 19 277
YLR461W 4 148
YLR462W 0 0
YLR463C 0 0
YLR464W 0 0
YLR465C 0 0
YLR466W 0 0
YLR466C-A 0 0
YLR466C-B 0 0
YLR467W 0 0
YLR467C-A 0 0
YML133C 0 0
YML133W-B 0 0
YML133W-A 0 0
YML132W 0 0
YML131W 23 251
YML130C 12 59
YML129C 3 8
YML128C 41 578
YML127W 15 89
YML126C 5 16
YML125C 9 61
YML124C 20 203
YML123C 9 145
YML122C 29 382
YML121W 6 60
YML120C 26 292
YML119W 12 138
YML118W 25 135
YML117W 50 528
YML116W-A 4 20
YML116W 19 395
YML115C 5 47
YML114C 19 184
YML113W 20 201
YML112W 1 12
YML111W 21 361
YML110C 5 13
YML109W 31 421
YML108W 1 1
YML107C 21 123
YML106W 6 79
YML105C 2 5
YML104C 36 440
YML103C 22 159
YML102W 45 331
YML101C-A 20 161
YML101C 53 941
YML100W-A 14 164
YML100W 137 2573
YML099W-A 5 92
YML099C 27 484
YML098W 0 0
YML097C 14 61
YML096W 23 206
YML095C 3 23
YML094C-A 3 9
YML094W 2 6
YML093W 16 69
YML092C 0 0
YML091C 25 179
YML090W 0 0
YML089C 24 471
YML088W 17 209
YML087C 21 343
YML086C 25 410
YML085C 2 12
YML084W 26 305
YML083C 39 433
YML082W 43 670
YML081C-A 0 0
YML081W 19 260
YML080W 6 68
YML079W 12 148
YML078W 14 315
YML077W 2 5
YML076C 45 454
YML075C 69 1009
YML074C 7 55
YML073C 0 0
YML072C 104 1250
YML071C 9 87
YML070W 37 304
YML069W 0 0
YML068W 13 268
YML067C 14 117
YML066C 7 61
YML065W 6 64
YML064C 5 11
YML063W 0 0
YML062C 17 117
YML061C 10 54
YML060W 13 109
YML059C 57 594
YML058W-A 4 48
YML058W 14 183
YML057C-A 9 92
YML057W 34 462
YML056C 42 730
YML055W 4 8
YML054C 76 1536
YML054C-A 37 848
YML053C 24 381
YML052W 31 577
YML051W 38 399
YML050W 10 53
YML049C 18 115
YML048W 2 6
YML047W-A 0 0
YML047C 1 1
YML046W 5 46
YML043C 1 11
YML042W 45 554
YML041C 12 54
YML038C 10 81
YML037C 4 41
YML036W 3 43
YML035C 15 75
YML034C-A 7 20
YML034W 29 183
YML032C 18 152
YML031C-A 3 16
YML031W 19 246
YML030W 5 54
YML029W 64 1016
YML028W 31 838
YML027W 39 391
YML026C 4 17
YML025C 1 7
YML024W 0 0
YML023C 5 34
YML022W 7 56
YML021C 22 322
YML020W 40 237
YML019W 13 193
YML018C 37 394
YML017W 25 134
YML016C 52 446
YML015C 3 13
YML014W 12 78
YML013W 5 13
YML012C-A 3 7
YML012W 11 54
YML011C 10 139
YML010W 14 57
YML009W-B 4 19
YML009C-A 5 32
YML009C 2 4
YML008C 6 14
YML007C-A 11 279
YML007W 34 509
YML006C 34 281
YML005W 39 434
YML004C 52 924
YML003W 25 98
YML002W 59 715
YML001W 14 97
YMR001C 4 29
YMR001C-A 1 1
YMR002W 36 522
YMR003W 9 71
YMR004W 33 481
YMR005W 0 0
YMR006C 30 375
YMR007W 38 1055
YMR008C 13 123
YMR009W 18 293
YMR010W 16 105
YMR011W 22 88
YMR012W 32 203
YMR013C 1 7
YMR013C-A 0 0
YMR013W-A 3 44
YMR014W 3 22
YMR015C 47 435
YMR016C 20 184
YMR017W 14 163
YMR018W 23 226
YMR019W 38 447
YMR020W 22 236
YMR021C 0 0
YMR022W 9 166
YMR023C 29 247
YMR024W 1 3
YMR025W 4 56
YMR026C 8 88
YMR027W 15 200
YMR028W 3 6
YMR029C 8 170
YMR030W 20 207
YMR031C 33 370
YMR031W-A 16 123
YMR032W 8 167
YMR030W-A 7 39
YMR033W 1 8
YMR034C 28 258
YMR035W 3 11
YMR036C 13 238
YMR037C 39 337
YMR038C 16 259
YMR039C 14 68
YMR040W 21 246
YMR041C 9 82
YMR042W 94 8862
YMR043W 6 58
YMR044W 24 402
YMR046W-A 0 0
YMR047C 16 176
YMR048W 12 92
YMR049C 11 52
YMR052W 2 4
YMR052C-A 7 14
YMR053C 31 187
YMR054W 39 367
YMR055C 39 425
YMR056C 55 2162
YMR057C 42 3740
YMR058W 46 696
YMR059W 0 0
YMR060C 4 52
YMR061W 3 21
YMR062C 29 328
YMR063W 10 180
YMR064W 10 76
YMR065W 27 730
YMR066W 11 45
YMR067C 6 18
YMR068W 14 165
YMR069W 70 1557
YMR070W 41 343
YMR071C 12 136
YMR072W 10 54
YMR073C 5 40
YMR074C 4 85
YMR075W 12 118
YMR075C-A 4 52
YMR076C 21 147
YMR077C 11 92
YMR078C 10 32
YMR079W 2 5
YMR080C 40 302
YMR081C 18 284
YMR082C 16 169
YMR083W 27 212
YMR084W 22 253
YMR085W 6 88
YMR086W 35 281
YMR086C-A 17 533
YMR087W 26 492
YMR088C 29 246
YMR089C 5 39
YMR090W 13 142
YMR091C 14 87
YMR092C 23 248
YMR093W 9 72
YMR094W 1 1
YMR095C 18 318
YMR096W 10 93
YMR097C 5 15
YMR098C 7 34
YMR099C 2 5
YMR100W 22 177
YMR101C 9 198
YMR102C 31 385
YMR103C 39 397
YMR104C 79 1374
YMR105C 3 6
YMR105W-A 17 424
YMR106C 48 397
YMR107W 22 188
YMR108W 16 117
YMR109W 42 468
YMR110C 24 211
YMR111C 24 481
YMR112C 0 0
YMR113W 1 14
YMR114C 16 216
YMR115W 10 232
YMR116C 3 14
YMR117C 2 3
YMR118C 16 132
YMR119W 15 163
YMR119W-A 8 48
YMR120C 20 183
YMR121C 14 58
YMR122C 52 1343
YMR122W-A 5 62
YMR123W 0 0
YMR124W 41 390
YMR125W 10 60
YMR126C 7 95
YMR127C 8 54
YMR128W 16 109
YMR129W 51 339
YMR130W 24 371
YMR131C 10 70
YMR132C 7 97
YMR133W 16 260
YMR134W 4 50
YMR135C 30 460
YMR135W-A 54 1162
YMR136W 41 440
YMR137C 33 806
YMR138W 4 31
YMR139W 13 93
YMR140W 9 94
YMR141C 1 2
YMR142C 0 0
YMR141W-A 0 0
YMR143W 2 5
YMR144W 19 236
YMR145C 71 736
YMR146C 1 1
YMR147W 10 130
YMR148W 17 260
YMR149W 3 20
YMR150C 6 24
YMR151W 7 289
YMR152W 23 340
YMR153W 14 80
YMR153C-A 0 0
YMR154C 10 54
YMR155W 26 324
YMR156C 12 100
YMR157C 11 83
YMR158W 3 12
YMR158C-A 0 0
YMR158W-B 7 202
YMR159C 9 207
YMR160W 20 223
YMR161W 15 144
YMR162C 54 566
YMR163C 17 384
YMR164C 17 115
YMR165C 42 356
YMR166C 6 36
YMR167W 13 70
YMR168C 9 35
YMR169C 20 246
YMR170C 11 234
YMR171C 25 413
YMR172W 24 213
YMR172C-A 6 74
YMR173W 4 53
YMR173W-A 4 53
YMR174C 3 69
YMR175W 14 149
YMR175W-A 16 378
YMR176W 59 596
YMR177W 12 106
YMR178W 13 198
YMR179W 11 92
YMR180C 40 474
YMR181C 14 140
YMR182C 3 5
YMR182W-A 3 29
YMR183C 21 594
YMR184W 10 100
YMR185W 7 37
YMR186W 24 180
YMR187C 25 412
YMR188C 8 87
YMR189W 44 341
YMR190C 26 182
YMR191W 15 213
YMR192W 19 117
YMR193W 0 0
YMR193C-A 1 6
YMR194W 5 15
YMR194C-B 22 264
YMR194C-A 26 2108
YMR195W 14 203
YMR196W 61 854
YMR197C 3 8
YMR198W 18 124
YMR199W 25 243
YMR200W 3 12
YMR201C 20 178
YMR202W 2 20
YMR203W 2 40
YMR204C 7 77
YMR205C 4 9
YMR206W 22 204
YMR207C 49 277
YMR208W 11 98
YMR209C 21 115
YMR210W 28 359
YMR211W 6 38
YMR212C 9 109
YMR213W 10 451
YMR214W 15 115
YMR215W 24 259
YMR216C 19 160
YMR217W 2 24
YMR218C 0 0
YMR219W 62 389
YMR220W 6 25
YMR221C 24 311
YMR222C 9 61
YMR223W 12 51
YMR224C 18 168
YMR225C 15 186
YMR226C 16 192
YMR227C 7 61
YMR228W 9 65
YMR229C 12 82
YMR230W 10 65
YMR230W-A 9 218
YMR231W 16 112
YMR232W 22 125
YMR233W 8 82
YMR234W 7 92
YMR235C 6 39
YMR236W 0 0
YMR237W 20 174
YMR238W 19 86
YMR239C 8 89
YMR240C 19 262
YMR241W 29 463
YMR242C 3 22
YMR242W-A 0 0
YMR243C 18 269
YMR244W 30 318
YMR244C-A 5 16
YMR245W 55 1110
YMR246W 101 2505
YMR247C 40 405
YMR247W-A 0 0
YMR250W 29 448
YMR251W 82 1802
YMR251W-A 0 0
YMR252C 20 323
YMR253C 44 662
YMR254C 15 181
YMR255W 2 13
YMR256C 0 0
YMR257C 9 40
YMR258C 20 233
YMR259C 19 149
YMR260C 0 0
YMR261C 30 223
YMR262W 13 117
YMR263W 1 1
YMR264W 10 47
YMR265C 18 334
YMR266W 30 314
YMR267W 6 28
YMR268C 0 0
YMR269W 1 2
YMR270C 4 17
YMR271C 16 173
YMR272C 28 241
YMR272W-A 5 62
YMR272W-B 1 8
YMR273C 29 284
YMR274C 5 19
YMR275C 15 148
YMR276W 29 252
YMR277W 4 12
YMR278W 18 86
YMR279C 17 231
YMR280C 65 616
YMR281W 2 37
YMR282C 7 88
YMR283C 18 224
YMR284W 11 53
YMR285C 29 612
YMR286W 1 7
YMR287C 9 40
YMR288W 3 13
YMR289W 19 271
YMR290C 6 88
YMR290W-A 0 0
YMR291W 15 131
YMR292W 13 108
YMR293C 13 62
YMR294W 6 39
YMR294W-A 1 17
YMR295C 10 105
YMR296C 4 10
YMR297W 51 553
YMR298W 0 0
YMR299C 10 33
YMR300C 1 1
YMR301C 20 167
YMR302C 21 141
YMR303C 23 901
YMR304W 28 263
YMR304C-A 7 36
YMR305C 14 160
YMR306W 43 627
YMR306C-A 11 278
YMR307W 3 4
YMR307C-A 0 0
YMR308C 5 20
YMR309C 18 132
YMR310C 9 117
YMR311C 6 99
YMR312W 0 0
YMR313C 20 150
YMR314W 0 0
YMR315W 10 64
YMR315W-A 1 8
YMR316W 37 639
YMR316C-A 10 86
YMR316C-B 1 29
YMR317W 20 225
YMR318C 62 1138
YMR319C 46 666
YMR320W 6 34
YMR321C 0 0
YMR322C 2 20
YMR323W 11 97
YMR324C 14 310
YMR325W 2 22
YMR326C 14 4867
YNL339C 0 0
YNL339W-B 0 0
YNL339W-A 0 0
YNL338W 1 3
YNL337W 3 5
YNL336W 4 43
YNL335W 0 0
YNL334C 0 0
YNL333W 2 5
YNL332W 9 64
YNL331C 24 273
YNL330C 7 32
YNL329C 25 111
YNL328C 10 113
YNL327W 18 232
YNL326C 17 239
YNL325C 39 349
YNL324W 5 52
YNL323W 8 73
YNL322C 1 3
YNL321W 31 347
YNL320W 10 204
YNL319W 2 21
YNL318C 8 128
YNL317W 9 74
YNL316C 14 120
YNL315C 0 0
YNL314W 15 73
YNL313C 16 59
YNL312W 1 5
YNL311C 28 344
YNL310C 4 17
YNL309W 28 313
YNL308C 5 30
YNL307C 8 57
YNL306W 1 1
YNL305C 11 176
YNL304W 23 313
YNL303W 11 165
YNL302C 0 0
YNL301C 21 239
YNL300W 4 111
YNL299W 25 246
YNL298W 13 98
YNL297C 8 74
YNL296W 0 0
YNL295W 10 129
YNL294C 18 81
YNL293W 24 350
YNL292W 16 129
YNL291C 12 84
YNL290W 4 8
YNL289W 14 127
YNL288W 19 198
YNL287W 9 67
YNL286W 14 92
YNL285W 31 1766
YNL284C 1 1
YNL283C 18 136
YNL282W 2 11
YNL281W 4 56
YNL280C 4 38
YNL279W 34 496
YNL278W 59 652
YNL277W-A 18 309
YNL277W 40 638
YNL276C 16 184
YNL275W 33 371
YNL274C 20 477
YNL273W 12 72
YNL272C 4 19
YNL271C 11 92
YNL270C 16 152
YNL269W 23 659
YNL268W 32 674
YNL267W 15 102
YNL266W 1 2
YNL265C 12 97
YNL264C 16 398
YNL263C 11 66
YNL262W 37 378
YNL261W 3 11
YNL260C 0 0
YNL259C 3 20
YNL258C 0 0
YNL257C 42 371
YNL256W 3 19
YNL255C 9 102
YNL254C 12 62
YNL253W 18 269
YNL252C 5 92
YNL251C 25 215
YNL250W 30 189
YNL249C 18 158
YNL248C 0 0
YNL247W 3 49
YNL246W 24 259
YNL245C 1 18
YNL244C 6 62
YNL243W 40 470
YNL242W 49 644
YNL241C 71 1314
YNL240C 21 215
YNL239W 32 371
YNL238W 12 43
YNL237W 28 435
YNL236W 15 86
YNL235C 13 316
YNL234W 24 441
YNL233W 31 165
YNL232W 7 16
YNL231C 61 1284
YNL230C 43 605
YNL229C 4 18
YNL228W 22 326
YNL227C 22 326
YNL226W 4 53
YNL225C 5 33
YNL224C 26 1096
YNL223W 9 107
YNL222W 0 0
YNL221C 16 72
YNL220W 3 58
YNL219C 5 15
YNL218W 45 894
YNL217W 33 718
YNL216W 16 82
YNL215W 1 67
YNL214W 3 83
YNL213C 4 64
YNL212W 20 155
YNL211C 8 42
YNL210W 10 112
YNL209W 10 98
YNL208W 15 173
YNL207W 1 9
YNL206C 15 200
YNL205C 12 197
YNL204C 7 25
YNL203C 9 105
YNL202W 30 426
YNL201C 21 176
YNL200C 10 64
YNL199C 7 51
YNL198C 2 19
YNL197C 2 51
YNL196C 16 180
YNL195C 38 499
YNL194C 17 157
YNL193W 18 75
YNL192W 21 101
YNL191W 39 1383
YNL190W 11 88
YNL189W 4 60
YNL188W 4 14
YNL187W 27 485
YNL186W 4 23
YNL185C 1 2
YNL184C 0 0
YNL183C 20 144
YNL182C 3 12
YNL181W 6 98
YNL180C 15 192
YNL179C 45 1314
YNL178W 0 0
YNL177C 0 0
YNL176C 24 415
YNL175C 29 218
YNL174W 7 70
YNL173C 35 819
YNL172W 14 87
YNL171C 5 16
YNL170W 4 35
YNL169C 3 20
YNL168C 18 882
YNL167C 8 65
YNL166C 12 66
YNL165W 22 245
YNL164C 17 270
YNL163C 10 77
YNL162W-A 0 0
YNL162W 0 0
YNL161W 2 40
YNL160W 11 111
YNL159C 8 92
YNL158W 0 0
YNL157W 17 123
YNL156C 12 187
YNL155W 13 335
YNL154C 32 298
YNL153C 12 586
YNL152W 0 0
YNL151C 5 13
YNL150W 6 31
YNL149C 1 1
YNL148C 81 5176
YNL147W 1 115
YNL146C-A 12 319
YNL146W 7 72
YNL145W 4 17
YNL144C 59 872
YNL144W-A 1 3
YNL143C 11 150
YNL142W 44 483
YNL141W 20 468
YNL140C 4 8
YNL139C 20 130
YNL138W-A 1 11
YNL138W 6 110
YNL137C 8 36
YNL136W 15 103
YNL135C 1 14
YNL134C 37 561
YNL133C 2 30
YNL132W 4 20
YNL131W 1 14
YNL130C 15 139
YNL130C-A 5 77
YNL129W 11 99
YNL128W 14 107
YNL127W 20 133
YNL126W 10 53
YNL125C 41 541
YNL124W 8 72
YNL123W 25 261
YNL122C 9 105
YNL121C 16 99
YNL120C 1 3
YNL119W 9 55
YNL118C 20 113
YNL117W 54 690
YNL116W 30 339
YNL115C 19 226
YNL114C 2 14
YNL113W 2 14
YNL112W 15 121
YNL111C 1 2
YNL110C 5 13
YNL109W 2 143
YNL108C 11 186
YNL107W 2 9
YNL106C 60 657
YNL105W 7 73
YNL104C 67 1056
YNL103W-A 1 76
YNL103W 9 104
YNL102W 14 82
YNL101W 29 360
YNL100W 14 156
YNL099C 9 47
YNL098C 20 146
YNL097C-B 14 653
YNL097C 19 193
YNL097W-A 6 29
YNL096C 11 65
YNL095C 16 449
YNL094W 31 286
YNL093W 7 131
YNL092W 44 638
YNL091W 25 167
YNL090W 3 16
YNL089C 3 16
YNL088W 11 51
YNL087W 78 1161
YNL086W 3 11
YNL085W 17 136
YNL084C 2 13
YNL083W 24 172
YNL082W 13 126
YNL081C 0 0
YNL080C 5 51
YNL079C 8 40
YNL078W 30 623
YNL077W 35 221
YNL076W 14 296
YNL075W 1 5
YNL074C 37 641
YNL073W 7 57
YNL072W 41 809
YNL071W 13 51
YNL070W 1 4
YNL069C 7 54
YNL068C 52 642
YNL067W-A 5 10
YNL067W-B 5 83
YNL067W 8 217
YNL066W 62 1331
YNL065W 24 279
YNL064C 9 57
YNL063W 14 220
YNL062C 2 8
YNL061W 12 133
YNL059C 3 23
YNL058C 10 83
YNL057W 4 13
YNL056W 6 32
YNL055C 19 270
YNL054W 10 41
YNL053W 75 1231
YNL052W 2 4
YNL051W 7 74
YNL050C 7 84
YNL049C 12 95
YNL048W 3 30
YNL047C 26 338
YNL046W 31 950
YNL045W 39 504
YNL044W 7 73
YNL043C 4 53
YNL042W-B 23 241
YNL042W 26 457
YNL041C 11 63
YNL040W 11 53
YNL039W 15 110
YNL038W 7 67
YNL037C 8 42
YNL036W 12 136
YNL035C 12 169
YNL034W 0 0
YNL033W 0 0
YNL032W 4 24
YNL031C 14 131
YNL030W 4 18
YNL029C 51 690
YNL028W 24 639
YNL027W 21 235
YNL026W 3 4
YNL025C 8 24
YNL024C-A 1 6
YNL024C 26 508
YNL023C 40 509
YNL022C 12 61
YNL021W 23 117
YNL020C 33 238
YNL019C 0 0
YNL018C 2 5
YNL017C 3 76
YNL016W 8 71
YNL015W 0 0
YNL014W 39 410
YNL013C 0 0
YNL012W 36 415
YNL011C 6 15
YNL010W 23 318
YNL009W 32 511
YNL008C 38 323
YNL007C 1 1
YNL006W 4 7
YNL005C 4 48
YNL004W 109 2294
YNL003C 4 33
YNL002C 2 39
YNL001W 9 31
YNR001C 69 2291
YNR001W-A 7 54
YNR002C 117 6326
YNR003C 9 48
YNR003W-A 0 0
YNR004W 10 234
YNR005C 7 28
YNR006W 19 154
YNR007C 14 131
YNR008W 64 1019
YNR009W 19 243
YNR010W 2 32
YNR011C 16 77
YNR012W 5 10
YNR013C 47 428
YNR014W 44 580
YNR015W 61 1420
YNR016C 30 254
YNR017W 4 28
YNR018W 30 321
YNR019W 54 1368
YNR020C 9 76
YNR021W 21 236
YNR022C 7 78
YNR023W 6 38
YNR024W 3 24
YNR025C 3 84
YNR026C 11 128
YNR027W 21 315
YNR028W 19 345
YNR029C 22 91
YNR030W 12 75
YNR031C 91 1598
YNR032W 28 230
YNR032C-A 7 56
YNR033W 40 715
YNR034W 21 241
YNR034W-A 9 123
YNR035C 0 0
YNR036C 0 0
YNR037C 3 17
YNR038W 7 47
YNR039C 28 269
YNR040W 24 177
YNR041C 13 51
YNR042W 0 0
YNR043W 3 17
YNR044W 24 174
YNR045W 5 23
YNR046W 3 76
YNR047W 57 568
YNR048W 21 207
YNR049C 13 140
YNR050C 16 102
YNR051C 5 27
YNR052C 7 16
YNR053C 6 43
YNR054C 14 235
YNR055C 37 485
YNR056C 19 149
YNR057C 56 2255
YNR058W 20 279
YNR059W 18 158
YNR060W 34 473
YNR061C 5 23
YNR062C 5 49
YNR063W 13 68
YNR064C 17 303
YNR065C 25 317
YNR066C 40 378
YNR067C 24 282
YNR068C 3 8
YNR069C 15 77
YNR070W 30 334
YNR071C 25 252
YNR072W 1 1
YNR073C 0 0
YNR074C 0 0
YNR075W 2 22
YNR075C-A 16 905
YNR076W 1 12
YNR077C 13 204
YOL166W-A 4 51
YOL166C 0 0
YOL165C 0 0
YOL164W-A 0 0
YOL164W 0 0
YOL163W 0 0
YOL162W 0 0
YOL161C 2 243
YOL160W 2 8
YOL159C-A 4 20
YOL159C 17 203
YOL158C 33 254
YOL157C 22 526
YOL156W 7 48
YOL155W-A 0 0
YOL155C 25 246
YOL154W 8 41
YOL152W 24 228
YOL151W 9 106
YOL150C 1 2
YOL149W 0 0
YOL148C 10 90
YOL147C 13 95
YOL146W 3 22
YOL145C 13 146
YOL144W 4 11
YOL143C 5 15
YOL142W 3 6
YOL141W 46 388
YOL140W 27 410
YOL139C 1 1
YOL138C 45 295
YOL137W 19 216
YOL136C 10 77
YOL135C 3 18
YOL134C 1 3
YOL133W 3 15
YOL132W 14 164
YOL131W 5 29
YOL130W 7 37
YOL129W 11 353
YOL128C 17 270
YOL127W 0 0
YOL126C 38 475
YOL125W 38 623
YOL124C 25 282
YOL123W 1 9
YOL122C 43 617
YOL121C 2 14
YOL120C 11 79
YOL119C 21 336
YOL118C 25 561
YOL117W 38 373
YOL116W 16 136
YOL115W 27 188
YOL114C 13 131
YOL113W 17 169
YOL112W 37 574
YOL111C 20 200
YOL110W 99 8731
YOL109W 7 37
YOL108C 3 137
YOL107W 19 231
YOL106W 16 271
YOL105C 14 142
YOL104C 8 91
YOL103W 25 334
YOL102C 0 0
YOL101C 6 47
YOL100W 17 167
YOL099C 3 15
YOL098C 34 329
YOL097W-A 9 99
YOL097C 10 94
YOL096C 10 76
YOL095C 11 102
YOL094C 4 20
YOL093W 13 124
YOL092W 8 56
YOL091W 5 21
YOL090W 19 159
YOL089C 35 202
YOL088C 4 12
YOL087C 22 187
YOL086W-A 15 166
YOL086C 2 41
YOL085W-A 15 734
YOL085C 32 1112
YOL084W 81 2325
YOL083W 14 113
YOL083C-A 1 13
YOL082W 19 168
YOL081W 59 450
YOL080C 4 29
YOL079W 0 0
YOL078W 19 117
YOL077W-A 10 122
YOL077C 8 41
YOL076W 2 13
YOL075C 29 325
YOL073C 21 160
YOL072W 7 62
YOL071W 5 19
YOL070C 14 76
YOL069W 13 65
YOL068C 36 301
YOL067C 4 48
YOL066C 5 29
YOL065C 17 227
YOL064C 12 144
YOL063C 24 387
YOL062C 7 55
YOL061W 32 355
YOL060C 50 807
YOL059W 46 1162
YOL058W 55 840
YOL057W 16 134
YOL056W 22 153
YOL055C 14 376
YOL054W 13 128
YOL053W 39 596
YOL052C-A 1 38
YOL052C 31 473
YOL051W 12 211
YOL050C 6 189
YOL049W 18 73
YOL048C 6 83
YOL047C 14 358
YOL046C 11 153
YOL045W 32 701
YOL044W 9 67
YOL043C 16 129
YOL042W 11 91
YOL041C 9 43
YOL040C 1 23
YOL039W 0 0
YOL038C-A 3 11
YOL038W 2 36
YOL037C 8 30
YOL036W 24 118
YOL035C 8 70
YOL034W 20 115
YOL033W 2 14
YOL032W 10 73
YOL031C 24 349
YOL030W 20 230
YOL029C 14 67
YOL028C 13 250
YOL027C 10 34
YOL026C 8 32
YOL025W 26 248
YOL024W 6 55
YOL023W 13 62
YOL022C 2 27
YOL021C 20 196
YOL020W 45 542
YOL019W-A 17 126
YOL019W 17 136
YOL018C 5 19
YOL017W 36 702
YOL016C 24 242
YOL015W 11 58
YOL014W 11 101
YOL013W-B 0 0
YOL013W-A 16 97
YOL013C 36 452
YOL012C 12 41
YOL011W 40 330
YOL010W 6 44
YOL009C 6 27
YOL008W 4 54
YOL007C 19 483
YOL006C 4 54
YOL005C 0 0
YOL004W 29 197
YOL003C 40 577
YOL002C 37 574
YOL001W 11 318
YOR001W 25 211
YOR002W 3 13
YOR003W 72 800
YOR004W 9 95
YOR005C 63 1263
YOR006C 10 100
YOR007C 12 128
YOR008C 0 0
YOR008C-A 4 44
YOR008W-B 5 36
YOR009W 5 42
YOR010C 4 20
YOR011W 36 421
YOR011W-A 2 19
YOR012W 5 14
YOR013W 13 45
YOR014W 21 271
YOR015W 0 0
YOR016C 9 214
YOR017W 20 182
YOR018W 32 179
YOR019W 32 400
YOR020C 0 0
YOR020W-A 1 1
YOR021C 8 45
YOR022C 25 180
YOR023C 21 212
YOR024W 26 222
YOR025W 17 53
YOR026W 16 146
YOR027W 33 222
YOR028C 0 0
YOR029W 22 838
YOR030W 13 36
YOR031W 13 178
YOR032C 14 125
YOR032W-A 16 244
YOR033C 19 118
YOR034C 30 316
YOR034C-A 14 167
YOR035C 10 60
YOR036W 2 15
YOR037W 16 96
YOR038C 30 301
YOR039W 10 30
YOR040W 45 672
YOR041C 5 25
YOR042W 32 297
YOR043W 9 120
YOR044W 14 129
YOR045W 3 44
YOR046C 10 28
YOR047C 3 12
YOR048C 3 22
YOR049C 17 343
YOR050C 13 243
YOR051C 15 91
YOR052C 11 72
YOR053W 3 21
YOR054C 31 493
YOR055W 11 274
YOR056C 6 58
YOR057W 5 15
YOR058C 28 196
YOR059C 31 345
YOR060C 11 29
YOR061W 13 142
YOR062C 21 1414
YOR063W 2 26
YOR064C 13 70
YOR065W 3 10
YOR066W 32 242
YOR067C 10 40
YOR069W 11 91
YOR068C 2 6
YOR070C 14 104
YOR071C 31 251
YOR072W 8 160
YOR072W-A 15 142
YOR072W-B 0 0
YOR073W 9 59
YOR074C 10 123
YOR073W-A 3 36
YOR075W 1 7
YOR076C 27 202
YOR077W 8 51
YOR078W 2 4
YOR079C 15 139
YOR080W 15 65
YOR081C 44 460
YOR082C 7 37
YOR083W 38 618
YOR084W 62 1516
YOR085W 13 79
YOR086C 46 368
YOR087W 31 278
YOR089C 2 16
YOR090C 27 341
YOR091W 34 962
YOR092W 26 121
YOR093C 44 573
YOR094W 9 23
YOR095C 3 28
YOR096W 7 76
YOR097C 9 66
YOR098C 11 113
YOR099W 52 725
YOR100C 20 354
YOR101W 10 209
YOR102W 2 5
YOR103C 0 0
YOR104W 8 81
YOR105W 1 19
YOR106W 3 6
YOR107W 21 207
YOR108W 25 340
YOR108C-A 1 63
YOR109W 20 211
YOR110W 2 21
YOR111W 4 33
YOR112W 15 88
YOR113W 14 55
YOR114W 13 282
YOR115C 8 58
YOR116C 14 89
YOR117W 5 16
YOR118W 26 250
YOR119C 8 52
YOR120W 35 526
YOR121C 14 237
YOR122C 0 0
YOR123C 9 59
YOR124C 34 280
YOR125C 3 5
YOR126C 17 320
YOR127W 19 159
YOR128C 3 6
YOR129C 15 176
YOR130C 11 63
YOR131C 9 106
YOR132W 18 221
YOR133W 2 7
YOR134W 38 1269
YOR135C 2 4
YOR136W 3 7
YOR137C 40 323
YOR138C 88 1181
YOR139C 0 0
YOR140W 37 857
YOR141C 18 137
YOR142W 21 238
YOR143C 7 36
YOR144C 14 76
YOR145C 3 35
YOR146W 2 23
YOR147W 4 10
YOR148C 3 4
YOR149C 3 8
YOR150W 1 6
YOR151C 12 70
YOR152C 1 1
YOR153W 75 946
YOR154W 9 92
YOR155C 13 229
YOR156C 18 197
YOR157C 8 39
YOR158W 1 5
YOR159C 1 1
YOR160W 7 24
YOR161C 32 359
YOR161W-A 0 0
YOR161W-B 4 65
YOR161C-C 12 45
YOR162C 65 805
YOR163W 3 8
YOR164C 11 53
YOR165W 34 358
YOR166C 17 256
YOR167C 0 0
YOR168W 18 156
YOR169C 4 16
YOR170W 3 30
YOR171C 14 146
YOR172W 16 115
YOR173W 18 220
YOR174W 12 166
YOR175C 24 130
YOR176W 9 34
YOR177C 17 179
YOR178C 22 216
YOR179C 18 194
YOR180C 3 7
YOR181W 6 75
YOR182C 0 0
YOR183W 24 292
YOR184W 4 12
YOR185C 4 55
YOR186W 30 685
YOR186C-A 24 553
YOR187W 8 87
YOR188W 36 310
YOR189W 2 10
YOR190W 8 119
YOR191W 26 133
YOR192C 5 43
YOR192C-C 0 0
YOR193W 9 69
YOR194C 1 6
YOR195W 20 144
YOR196C 9 57
YOR197W 31 212
YOR198C 12 130
YOR199W 22 442
YOR200W 8 44
YOR201C 9 26
YOR202W 27 388
YOR203W 31 1791
YOR204W 6 33
YOR205C 24 203
YOR206W 10 52
YOR207C 17 86
YOR208W 7 36
YOR209C 15 100
YOR210W 0 0
YOR211C 21 148
YOR212W 30 473
YOR213C 0 0
YOR214C 2 75
YOR215C 4 13
YOR216C 24 154
YOR217W 12 37
YOR218C 4 11
YOR219C 49 553
YOR220W 6 34
YOR221C 12 89
YOR222W 74 2875
YOR223W 11 74
YOR224C 8 62
YOR225W 10 99
YOR226C 11 117
YOR227W 45 505
YOR228C 18 239
YOR229W 44 561
YOR230W 39 672
YOR231W 31 278
YOR231C-A 3 8
YOR232W 2 3
YOR233W 29 377
YOR234C 5 8
YOR235W 2 2
YOR236W 6 16
YOR237W 15 66
YOR238W 17 92
YOR239W 10 56
YOR241W 6 81
YOR242C 16 142
YOR243C 3 17
YOR244W 7 31
YOR245C 6 28
YOR246C 16 131
YOR247W 7 53
YOR248W 4 30
YOR249C 2 15
YOR250C 6 21
YOR251C 15 547
YOR252W 12 99
YOR253W 5 100
YOR254C 12 82
YOR255W 10 162
YOR256C 19 111
YOR257W 0 0
YOR258W 2 6
YOR259C 10 73
YOR260W 17 68
YOR261C 0 0
YOR262W 11 48
YOR263C 3 10
YOR264W 15 83
YOR265W 6 47
YOR266W 16 182
YOR267C 43 611
YOR268C 51 1383
YOR269W 7 22
YOR270C 19 64
YOR271C 19 90
YOR272W 3 11
YOR273C 53 494
YOR274W 28 155
YOR275C 8 91
YOR276W 12 73
YOR277C 9 57
YOR278W 2 5
YOR279C 16 165
YOR280C 12 103
YOR281C 1 7
YOR282W 5 60
YOR283W 15 235
YOR284W 12 38
YOR285W 13 95
YOR286W 9 111
YOR287C 1 3
YOR288C 7 56
YOR289W 32 432
YOR290C 10 38
YOR291W 43 258
YOR292C 19 189
YOR293W 1 2
YOR293C-A 5 31
YOR294W 2 4
YOR295W 8 55
YOR296W 41 370
YOR297C 5 20
YOR298W 27 671
YOR298C-A 13 245
YOR299W 42 490
YOR300W 15 514
YOR301W 74 1761
YOR302W 6 34
YOR303W 37 914
YOR304W 32 286
YOR304C-A 2 280
YOR305W 1 4
YOR306C 21 193
YOR307C 9 407
YOR308C 8 133
YOR309C 0 0
YOR310C 1 8
YOR311C 3 16
YOR312C 3 10
YOR313C 5 101
YOR314W 2 7
YOR314W-A 8 85
YOR315W 10 184
YOR316C 51 799
YOR316C-A 31 3439
YOR317W 64 1200
YOR318C 60 2252
YOR319W 1 2
YOR320C 19 414
YOR321W 37 393
YOR322C 30 262
YOR323C 3 15
YOR324C 26 250
YOR325W 9 90
YOR326W 12 128
YOR327C 7 49
YOR328W 70 897
YOR329C 12 86
YOR329W-A 0 0
YOR330C 5 25
YOR331C 0 0
YOR332W 0 0
YOR333C 1 4
YOR334W 3 18
YOR335C 11 54
YOR335W-A 0 0
YOR336W 24 108
YOR337W 42 485
YOR338W 25 205
YOR339C 1 2
YOR340C 0 0
YOR341W 7 31
YOR342C 17 313
YOR343C 38 787
YOR344C 12 96
YOR345C 3 13
YOR346W 36 295
YOR347C 21 166
YOR348C 311 13435
YOR349W 80 1018
YOR350C 34 532
YOR351C 26 203
YOR352W 11 122
YOR353C 14 99
YOR354C 25 137
YOR355W 10 48
YOR356W 30 287
YOR357C 14 119
YOR358W 14 162
YOR359W 15 65
YOR360C 14 106
YOR361C 9 116
YOR362C 5 92
YOR363C 36 519
YOR364W 31 312
YOR365C 36 371
YOR366W 1 4
YOR367W 7 41
YOR368W 32 354
YOR369C 3 5
YOR370C 11 92
YOR371C 53 1553
YOR372C 12 53
YOR373W 16 121
YOR374W 53 968
YOR375C 30 542
YOR376W 17 376
YOR376W-A 0 0
YOR377W 44 343
YOR378W 27 373
YOR379C 16 249
YOR380W 29 307
YOR381W 18 235
YOR381W-A 1 18
YOR382W 2 5
YOR383C 4 53
YOR384W 28 214
YOR385W 18 185
YOR386W 13 186
YOR387C 5 21
YOR388C 4 15
YOR389W 26 416
YOR390W 0 0
YOR391C 1 1
YOR392W 2 4
YOR393W 1 5
YOR394W 0 0
YOR394C-A 3 3
YOR396W 0 0
YOR396C-A 0 0
YPL283C 0 0
YPL283W-B 0 0
YPL283W-A 0 0
YPL282C 0 0
YPL281C 0 0
YPL280W 0 0
YPL279C 3 10
YPL278C 0 0
YPL277C 10 114
YPL274W 34 904
YPL273W 1 5
YPL272C 2 7
YPL271W 0 0
YPL270W 39 296
YPL269W 22 323
YPL268W 9 79
YPL267W 5 39
YPL266W 7 45
YPL265W 75 971
YPL264C 8 85
YPL263C 33 328
YPL262W 19 90
YPL261C 11 146
YPL260W 12 127
YPL259C 17 105
YPL258C 25 224
YPL257W 7 34
YPL256C 18 126
YPL255W 9 104
YPL254W 3 20
YPL253C 23 280
YPL252C 2 4
YPL251W 0 0
YPL250C 19 252
YPL249C-A 2 17
YPL250W-A 2 17
YPL249C 45 582
YPL248C 7 56
YPL247C 70 1148
YPL246C 19 137
YPL245W 19 282
YPL244C 37 363
YPL243W 1 11
YPL242C 17 116
YPL241C 8 63
YPL240C 36 353
YPL239W 4 45
YPL238C 0 0
YPL237W 2 2
YPL236C 21 237
YPL235W 8 104
YPL234C 0 0
YPL233W 4 64
YPL232W 17 319
YPL231W 13 91
YPL230W 30 442
YPL229W 13 61
YPL228W 4 26
YPL227C 6 59
YPL226W 4 17
YPL225W 0 0
YPL224C 35 319
YPL223C 21 206
YPL222W 41 427
YPL222C-A 5 18
YPL221W 72 920
YPL220W 5 47
YPL219W 20 150
YPL218W 3 17
YPL217C 11 67
YPL216W 18 202
YPL215W 1 2
YPL214C 24 247
YPL213W 6 43
YPL212C 26 239
YPL211W 1 6
YPL210C 8 84
YPL209C 1 1
YPL208W 27 408
YPL207W 30 755
YPL206C 26 381
YPL205C 5 17
YPL204W 10 44
YPL203W 27 384
YPL202C 16 68
YPL201C 20 135
YPL200W 0 0
YPL199C 11 174
YPL198W 31 377
YPL197C 4 51
YPL196W 14 75
YPL195W 9 104
YPL194W 11 36
YPL193W 3 12
YPL192C 3 21
YPL191C 11 125
YPL190C 4 41
YPL189C-A 3 6
YPL189W 15 94
YPL188W 11 187
YPL187W 1 1
YPL186C 36 351
YPL185W 30 2172
YPL184C 31 336
YPL183W-A 3 14
YPL183C 15 66
YPL182C 6 85
YPL181W 8 39
YPL180W 22 122
YPL179W 14 197
YPL178W 1 5
YPL177C 18 583
YPL176C 38 250
YPL175W 8 133
YPL174C 4 65
YPL173W 0 0
YPL172C 3 13
YPL171C 41 987
YPL170W 30 467
YPL169C 1 23
YPL168W 19 118
YPL167C 28 241
YPL166W 7 41
YPL165C 8 50
YPL164C 34 299
YPL163C 4 121
YPL162C 11 296
YPL161C 7 32
YPL160W 3 32
YPL159C 6 30
YPL158C 24 121
YPL157W 16 316
YPL156C 15 164
YPL155C 60 1544
YPL154C 22 220
YPL153C 19 338
YPL152W-A 0 0
YPL152W 8 83
YPL151C 9 64
YPL150W 21 144
YPL149W 6 36
YPL148C 0 0
YPL147W 21 179
YPL146C 4 16
YPL145C 2 9
YPL144W 18 91
YPL143W 4 35
YPL142C 1 6
YPL141C 48 562
YPL140C 21 216
YPL139C 11 49
YPL138C 6 38
YPL137C 67 964
YPL136W 2 9
YPL135W 19 119
YPL135C-A 4 28
YPL134C 32 383
YPL133C 67 2995
YPL132W 5 16
YPL131W 2 2
YPL130W 1 5
YPL129W 0 0
YPL128C 7 20
YPL127C 17 142
YPL126W 8 51
YPL125W 18 131
YPL124W 10 73
YPL123C 17 60
YPL122C 4 27
YPL121C 6 177
YPL120W 6 31
YPL119C-A 1 7
YPL119C 47 1685
YPL118W 0 0
YPL117C 4 8
YPL116W 27 363
YPL115C 31 249
YPL114W 4 30
YPL113C 13 134
YPL112C 4 18
YPL111W 113 5970
YPL110C 77 2798
YPL109C 40 286
YPL108W 22 343
YPL107W 24 373
YPL106C 5 89
YPL105C 32 328
YPL104W 4 12
YPL103C 56 1260
YPL102C 6 26
YPL101W 10 52
YPL100W 10 59
YPL099C 2 12
YPL098C 2 9
YPL097W 9 46
YPL096C-A 1 18
YPL096W 21 193
YPL095C 37 1697
YPL094C 11 42
YPL093W 1 8
YPL092W 24 255
YPL091W 21 271
YPL090C 0 0
YPL089C 44 574
YPL088W 27 332
YPL087W 9 108
YPL086C 9 33
YPL085W 14 129
YPL084W 13 56
YPL083C 2 16
YPL082C 26 230
YPL081W 35 526
YPL080C 20 554
YPL079W 1 2
YPL078C 0 0
YPL077C 7 32
YPL076W 2 18
YPL075W 10 61
YPL074W 23 314
YPL073C 5 25
YPL072W 18 141
YPL071C 11 167
YPL070W 23 325
YPL069C 3 38
YPL068C 14 97
YPL067C 48 2615
YPL066W 39 1400
YPL065W 8 42
YPL064C 11 131
YPL063W 12 92
YPL062W 35 664
YPL061W 46 428
YPL060W 9 28
YPL059W 1 10
YPL058C 62 770
YPL057C 24 775
YPL056C 31 648
YPL055C 9 81
YPL054W 22 233
YPL053C 29 553
YPL052W 11 162
YPL051W 13 97
YPL050C 3 41
YPL049C 51 705
YPL048W 25 87
YPL047W 5 27
YPL046C 1 4
YPL045W 9 47
YPL044C 4 44
YPL043W 7 60
YPL042C 8 36
YPL041C 16 148
YPL040C 7 45
YPL039W 20 161
YPL038W-A 5 52
YPL038W 10 483
YPL037C 1 7
YPL036W 30 712
YPL035C 0 0
YPL034W 7 86
YPL033C 3 17
YPL032C 31 270
YPL031C 4 36
YPL030W 26 300
YPL029W 13 67
YPL028W 1 1
YPL027W 12 73
YPL026C 16 151
YPL025C 23 288
YPL024W 1 1
YPL023C 4 136
YPL022W 14 116
YPL021W 11 71
YPL020C 9 82
YPL019C 40 366
YPL018W 26 242
YPL017C 44 702
YPL016W 21 195
YPL015C 48 574
YPL014W 49 753
YPL013C 1 6
YPL012W 10 69
YPL011C 20 170
YPL010W 4 11
YPL009C 20 241
YPL008W 11 83
YPL007C 1 1
YPL006W 56 505
YPL005W 6 68
YPL004C 31 453
YPL003W 62 1000
YPL002C 11 83
YPL001W 55 605
YPR001W 109 4174
YPR002W 79 1912
YPR002C-A 0 0
YPR003C 21 110
YPR004C 20 128
YPR005C 10 135
YPR006C 34 388
YPR007C 46 491
YPR008W 49 791
YPR009W 10 97
YPR010C 13 100
YPR010C-A 7 74
YPR011C 60 934
YPR012W 3 42
YPR013C 16 87
YPR014C 12 175
YPR015C 19 174
YPR016C 1 2
YPR016W-A 8 167
YPR017C 6 49
YPR018W 7 90
YPR019W 15 100
YPR020W 3 36
YPR021C 16 136
YPR022C 62 820
YPR023C 24 241
YPR024W 5 70
YPR025C 2 25
YPR026W 58 629
YPR027C 2 11
YPR028W 9 132
YPR029C 19 218
YPR030W 51 627
YPR031W 21 372
YPR032W 10 88
YPR033C 5 27
YPR034W 12 70
YPR035W 9 82
YPR036W 11 104
YPR036W-A 9 188
YPR037C 38 456
YPR038W 14 105
YPR039W 17 138
YPR040W 29 188
YPR041W 6 86
YPR042C 17 77
YPR043W 0 0
YPR044C 0 0
YPR045C 17 81
YPR046W 1 22
YPR047W 6 28
YPR048W 6 65
YPR049C 25 175
YPR050C 13 89
YPR051W 16 119
YPR052C 3 10
YPR053C 8 44
YPR054W 20 359
YPR055W 8 90
YPR056W 5 15
YPR057W 4 5
YPR058W 8 55
YPR059C 3 33
YPR060C 15 141
YPR061C 21 124
YPR062W 24 193
YPR063C 13 308
YPR064W 13 262
YPR065W 4 9
YPR066W 19 377
YPR067W 9 72
YPR068C 35 556
YPR069C 8 104
YPR070W 4 11
YPR071W 10 64
YPR072W 9 58
YPR073C 12 224
YPR074C 46 406
YPR074W-A 12 317
YPR075C 11 97
YPR076W 1 1
YPR077C 9 232
YPR078C 17 260
YPR079W 37 536
YPR080W 1 9
YPR081C 54 741
YPR082C 5 26
YPR083W 23 189
YPR084W 14 181
YPR085C 2 23
YPR086W 6 31
YPR087W 15 234
YPR088C 12 205
YPR089W 11 86
YPR091C 24 215
YPR092W 13 226
YPR093C 22 259
YPR094W 3 40
YPR095C 48 606
YPR096C 11 361
YPR097W 51 694
YPR098C 13 90
YPR099C 0 0
YPR100W 0 0
YPR101W 2 13
YPR102C 0 0
YPR103W 12 109
YPR104C 2 27
YPR105C 9 35
YPR106W 9 121
YPR107C 5 60
YPR108W 8 36
YPR108W-A 6 63
YPR109W 25 431
YPR110C 3 9
YPR111W 33 449
YPR112C 6 18
YPR113W 3 42
YPR114W 28 357
YPR115W 41 310
YPR116W 5 54
YPR117W 86 975
YPR118W 13 129
YPR119W 14 89
YPR120C 25 170
YPR121W 1 1
YPR122W 56 851
YPR123C 9 125
YPR124W 25 386
YPR125W 13 134
YPR126C 3 8
YPR127W 25 242
YPR128C 6 61
YPR129W 4 7
YPR130C 2 3
YPR131C 4 32
YPR132W 2 28
YPR133C 5 24
YPR133W-A 0 0
YPR134W 6 60
YPR135W 10 59
YPR136C 4 9
YPR137W 5 11
YPR138C 38 504
YPR139C 3 7
YPR140W 14 110
YPR141C 16 111
YPR142C 1 5
YPR143W 1 2
YPR144C 5 36
YPR145W 60 1215
YPR145C-A 7 146
YPR146C 13 115
YPR147C 21 753
YPR148C 33 937
YPR149W 20 495
YPR150W 41 687
YPR151C 44 660
YPR152C 69 1786
YPR153W 16 164
YPR154W 5 62
YPR155C 32 304
YPR156C 20 229
YPR157W 47 476
YPR158W 18 448
YPR159W 12 147
YPR159C-A 3 63
YPR160W 78 916
YPR160W-A 3 47
YPR160C-A 7 47
YPR161C 12 95
YPR162C 4 26
YPR163C 5 12
YPR164W 31 122
YPR165W 0 0
YPR166C 0 0
YPR167C 10 81
YPR168W 6 34
YPR169W 16 162
YPR170C 20 394
YPR169W-A 3 21
YPR170W-B 10 244
YPR170W-A 6 219
YPR171W 18 325
YPR172W 12 110
YPR173C 4 26
YPR174C 10 78
YPR175W 4 76
YPR176C 4 6
YPR177C 5 28
YPR178W 17 85
YPR179C 27 201
YPR180W 2 12
YPR181C 11 43
YPR182W 0 0
YPR183W 1 3
YPR184W 79 884
YPR185W 35 321
YPR186C 6 54
YPR187W 0 0
YPR188C 1 21
YPR189W 35 274
YPR190C 14 59
YPR191W 2 10
YPR192W 119 5784
YPR193C 25 342
YPR194C 69 993
YPR195C 58 5224
YPR196W 55 737
YPR197C 12 156
YPR198W 25 379
YPR199C 33 808
YPR200C 5 30
YPR201W 37 492
YPR202W 0 0
YPR203W 0 0
YPR204W 0 0
YPR204C-A 0 0
