YAL069W 10 1725
YAL068W-A 5 3067
YAL068C 3 19
YAL067W-A 4 15
YAL067C 24 919
YAL066W 5 244
YAL065C 9 1026
YAL064W-B 2 10
YAL064C-A 2 60
YAL064W 1 14
YAL063C-A 0 0
YAL063C 13 1094
YAL062W 76 2443
YAL061W 48 2257
YAL060W 33 2437
YAL059C-A 4 106
YAL059W 6 372
YAL058W 41 2340
YAL056C-A 3 351
YAL056W 47 1923
YAL055W 11 199
YAL054C 59 4658
YAL053W 40 1682
YAL051W 44 1572
YAL049C 17 396
YAL048C 51 2259
YAL047W-A 10 125
YAL047C 23 863
YAL046C 4 19
YAL045C 5 22
YAL044W-A 10 556
YAL044C 21 404
YAL043C 47 2085
YAL042C-A 15 1495
YAL042W 42 2445
YAL041W 29 493
YAL040C 24 490
YAL039C 74 3806
YAL038W 39 2819
YAL037C-B 20 1830
YAL037C-A 3 372
YAL037W 13 321
YAL036C 20 167
YAL035W 26 750
YAL034C-B 16 269
YAL034W-A 13 360
YAL034C 22 979
YAL033W 4 86
YAL032C 17 392
YAL031W-A 4 154
YAL031C 23 349
YAL030W 12 72
YAL029C 41 2053
YAL028W 21 1652
YAL027W 19 541
YAL026C-A 4 57
YAL026C 34 1314
YAL025C 4 9
YAL024C 28 640
YAL023C 38 937
YAL022C 16 357
YAL021C 36 969
YAL020C 34 2848
YAL019W-A 16 651
YAL019W 24 2389
YAL018C 8 218
YAL017W 46 2896
YAL016C-B 8 46
YAL016C-A 7 1340
YAL016W 14 119
YAL015C 24 293
YAL014C 8 291
YAL013W 7 21
YAL012W 30 1526
YAL011W 11 369
YAL010C 12 128
YAL009W 5 53
YAL008W 13 3594
YAL007C 8 178
YAL005C 35 2869
YAL004W 17 1743
YAL003W 10 326
YAL002W 50 7015
YAL001C 109 7502
YAR002W 54 4667
YAR002C-A 16 2680
YAR003W 35 1838
YAR007C 15 112
YAR008W 20 692
YAR014C 23 308
YAR015W 10 356
YAR018C 15 603
YAR019C 23 1221
YAR019W-A 5 46
YAR020C 1 3
YAR023C 16 384
YAR027W 14 2222
YAR028W 17 759
YAR029W 1 22
YAR030C 3 31
YAR031W 14 107
YAR033W 2 23
YAR035W 114 5931
YAR035C-A 4 20
YAR042W 39 817
YAR047C 0 0
YAR050W 15 411
YAR053W 0 0
YAR060C 0 0
YAR064W 1 2
YAR066W 0 0
YAR068W 0 0
YAR069C 0 0
YAR070C 0 0
YAR071W 3 44
YAR073W 5 352
YAR075W 1 2
YBL113C 1 5
YBL113W-A 0 0
YBL112C 0 0
YBL111C 0 0
YBL109W 23 1685
YBL108C-A 0 0
YBL108W 9 969
YBL107W-A 0 0
YBL107C 17 518
YBL106C 26 523
YBL105C 34 1219
YBL104C 63 1788
YBL103C 18 722
YBL102W 4 13
YBL101C 53 7096
YBL100W-C 8 643
YBL100C 3 5
YBL099W 16 272
YBL098W 28 931
YBL097W 25 893
YBL096C 10 345
YBL095W 18 593
YBL094C 4 15
YBL093C 16 468
YBL092W 0 0
YBL091C-A 12 332
YBL091C 22 609
YBL090W 3 17
YBL089W 15 231
YBL088C 97 2195
YBL087C 9 105
YBL086C 5 22
YBL085W 21 339
YBL084C 19 877
YBL083C 1 5
YBL082C 27 460
YBL081W 11 446
YBL080C 30 629
YBL079W 36 482
YBL078C 0 0
YBL077W 12 965
YBL076C 27 975
YBL075C 28 414
YBL074C 24 522
YBL073W 22 1032
YBL072C 6 143
YBL071C-B 1 1
YBL071W-A 1 23
YBL071C 7 158
YBL070C 9 348
YBL069W 21 810
YBL068W-A 1 1
YBL068W 9 203
YBL067C 21 534
YBL066C 46 555
YBL065W 12 293
YBL064C 20 591
YBL063W 36 1072
YBL062W 8 331
YBL061C 29 482
YBL060W 30 1362
YBL059C-A 3 104
YBL059W 8 508
YBL058W 17 333
YBL057C 13 409
YBL056W 26 447
YBL055C 17 238
YBL054W 25 503
YBL053W 2 11
YBL052C 15 244
YBL051C 24 1461
YBL050W 12 105
YBL049W 5 176
YBL048W 1 2
YBL047C 49 1629
YBL046W 16 800
YBL045C 18 249
YBL044W 35 4715
YBL043W 12 179
YBL042C 36 384
YBL041W 9 322
YBL040C 11 569
YBL039W-B 1 1
YBL039C 14 299
YBL039C-A 0 0
YBL038W 13 492
YBL037W 53 1681
YBL036C 12 276
YBL035C 30 500
YBL034C 39 1216
YBL033C 19 253
YBL032W 24 443
YBL031W 27 352
YBL030C 23 977
YBL029C-A 4 346
YBL029W 20 342
YBL028C 5 589
YBL027W 0 0
YBL026W 5 77
YBL025W 6 187
YBL024W 14 1062
YBL023C 30 563
YBL022C 13 227
YBL021C 13 242
YBL020W 15 271
YBL019W 16 483
YBL018C 14 405
YBL017C 64 2187
YBL016W 24 916
YBL015W 63 8341
YBL014C 36 988
YBL013W 53 1675
YBL012C 7 54
YBL011W 22 369
YBL010C 10 268
YBL009W 25 1255
YBL008W-A 3 72
YBL008W 33 627
YBL007C 39 1003
YBL006C 6 983
YBL006W-A 3 928
YBL005W 29 431
YBL004W 41 802
YBL003C 9 2493
YBL002W 25 1429
YBL001C 28 3200
YBR001C 91 3034
YBR002C 22 759
YBR003W 18 485
YBR004C 25 702
YBR005W 12 295
YBR006W 55 3250
YBR007C 32 1146
YBR008C 37 734
YBR009C 3 11
YBR010W 6 258
YBR011C 11 189
YBR012C 1 64
YBR013C 5 62
YBR014C 5 162
YBR015C 17 166
YBR016W 8 466
YBR017C 21 289
YBR018C 20 519
YBR019C 55 1543
YBR020W 47 901
YBR021W 15 157
YBR022W 15 528
YBR023C 48 4830
YBR024W 16 308
YBR025C 25 443
YBR026C 19 626
YBR027C 21 108
YBR028C 9 151
YBR029C 22 258
YBR030W 10 36
YBR031W 1 60
YBR032W 33 7866
YBR033W 50 1660
YBR034C 21 550
YBR035C 21 318
YBR036C 12 206
YBR037C 22 460
YBR038W 49 1099
YBR039W 11 231
YBR040W 3 5
YBR041W 16 521
YBR042C 10 82
YBR043C 27 943
YBR044C 16 158
YBR045C 18 474
YBR046C 10 213
YBR047W 12 299
YBR048W 16 554
YBR049C 34 768
YBR050C 15 445
YBR051W 8 399
YBR052C 12 265
YBR053C 19 784
YBR054W 21 4361
YBR055C 37 813
YBR056W 15 161
YBR056W-A 2 342
YBR056C-B 1 202
YBR057C 9 218
YBR058C 20 489
YBR058C-A 3 20
YBR059C 29 413
YBR060C 16 303
YBR061C 26 723
YBR062C 7 181
YBR063C 10 129
YBR064W 2 9
YBR065C 7 138
YBR066C 13 189
YBR067C 1 32
YBR068C 34 638
YBR069C 36 1437
YBR070C 19 1133
YBR071W 12 164
YBR072W 15 1046
YBR072C-A 7 274
YBR073W 22 255
YBR074W 45 1073
YBR076W 22 1292
YBR076C-A 15 893
YBR077C 12 313
YBR078W 42 2884
YBR079C 38 1133
YBR080C 20 385
YBR081C 24 321
YBR082C 10 195
YBR083W 22 664
YBR084W 25 901
YBR084C-A 5 253
YBR085W 10 381
YBR085C-A 7 50
YBR086C 30 787
YBR087W 14 908
YBR088C 9 88
YBR089W 8 84
YBR089C-A 14 1041
YBR090C 22 1540
YBR091C 7 239
YBR092C 14 801
YBR093C 17 385
YBR094W 30 803
YBR095C 12 240
YBR096W 6 69
YBR097W 29 1367
YBR098W 28 913
YBR099C 2 26
YBR101C 5 28
YBR102C 26 513
YBR103W 9 193
YBR103C-A 9 697
YBR104W 22 1360
YBR105C 8 154
YBR106W 14 312
YBR107C 10 1137
YBR108W 16 299
YBR109C 1 8
YBR109W-A 8 115
YBR110W 9 141
YBR111C 17 1100
YBR111W-A 3 113
YBR112C 23 702
YBR113W 5 50
YBR114W 41 759
YBR115C 55 4479
YBR116C 11 558
YBR117C 52 1497
YBR118W 3 35
YBR119W 11 88
YBR120C 4 158
YBR121C 4 32
YBR121C-A 0 0
YBR122C 4 108
YBR123C 16 141
YBR124W 12 208
YBR125C 18 437
YBR126C 40 1112
YBR126W-A 8 150
YBR126W-B 10 233
YBR127C 21 707
YBR128C 23 535
YBR129C 5 15
YBR130C 6 140
YBR131W 22 237
YBR131C-A 0 0
YBR132C 45 5012
YBR133C 49 821
YBR134W 20 673
YBR135W 12 296
YBR136W 42 808
YBR137W 11 326
YBR138C 23 624
YBR139W 33 699
YBR140C 99 4291
YBR141C 22 634
YBR141W-A 1 24
YBR142W 30 643
YBR143C 10 92
YBR144C 12 210
YBR145W 17 213
YBR146W 7 203
YBR147W 13 1235
YBR148W 27 570
YBR149W 17 1389
YBR150C 41 822
YBR151W 23 932
YBR152W 18 346
YBR153W 16 767
YBR154C 2 5
YBR155W 6 182
YBR156C 22 234
YBR157C 16 2505
YBR158W 24 472
YBR159W 13 547
YBR160W 10 370
YBR161W 2 3
YBR162C 25 459
YBR162W-A 1 5
YBR163W 15 201
YBR164C 9 435
YBR165W 3 27
YBR166C 16 330
YBR167C 5 140
YBR168W 6 104
YBR169C 31 434
YBR170C 27 400
YBR171W 4 23
YBR172C 25 911
YBR173C 5 43
YBR174C 6 93
YBR175W 21 389
YBR176W 11 151
YBR177C 19 320
YBR178W 13 783
YBR179C 27 542
YBR180W 17 455
YBR181C 4 154
YBR182C 23 575
YBR182C-A 2 4
YBR183W 20 328
YBR184W 15 258
YBR185C 6 107
YBR186W 41 1183
YBR187W 8 56
YBR188C 11 303
YBR189W 7 122
YBR190W 1 1
YBR191W 4 26
YBR191W-A 0 0
YBR192W 8 46
YBR193C 8 258
YBR194W 6 142
YBR195C 12 139
YBR196C 24 570
YBR196C-A 6 590
YBR196C-B 1 10
YBR197C 21 1434
YBR198C 20 257
YBR199W 20 396
YBR200W 9 376
YBR200W-A 1 4
YBR201W 4 14
YBR201C-A 7 137
YBR202W 30 2141
YBR203W 32 648
YBR204C 20 203
YBR205W 22 245
YBR206W 10 167
YBR207W 26 305
YBR208C 95 2460
YBR209W 15 1481
YBR210W 2 32
YBR211C 16 393
YBR212W 20 576
YBR213W 33 1314
YBR214W 37 3081
YBR215W 15 273
YBR216C 17 216
YBR217W 6 71
YBR218C 52 797
YBR219C 23 1291
YBR220C 19 843
YBR221C 24 523
YBR221W-A 8 584
YBR222C 32 231
YBR223C 14 236
YBR223W-A 2 22
YBR224W 7 128
YBR225W 15 147
YBR226C 4 29
YBR227C 4 14
YBR228W 16 433
YBR229C 51 1047
YBR230C 7 555
YBR230W-A 11 334
YBR231C 18 294
YBR232C 3 10
YBR233W 13 163
YBR233W-A 7 128
YBR234C 10 325
YBR235W 67 1915
YBR236C 11 208
YBR237W 15 171
YBR238C 20 424
YBR239C 46 923
YBR240C 19 411
YBR241C 61 1631
YBR242W 21 2798
YBR243C 8 205
YBR244W 5 41
YBR245C 30 1188
YBR246W 22 518
YBR247C 6 93
YBR248C 43 1585
YBR249C 11 684
YBR250W 15 356
YBR251W 14 380
YBR252W 1 8
YBR253W 2 19
YBR254C 2 23
YBR255W 37 1053
YBR255C-A 10 1024
YBR256C 12 365
YBR257W 12 120
YBR258C 8 110
YBR259W 22 418
YBR260C 39 859
YBR261C 23 1152
YBR262C 10 242
YBR263W 15 312
YBR264C 15 306
YBR265W 12 676
YBR267W 14 338
YBR266C 3 103
YBR268W 4 13
YBR269C 9 157
YBR270C 13 1268
YBR271W 22 542
YBR272C 11 220
YBR273C 9 324
YBR274W 10 581
YBR275C 63 2812
YBR276C 31 821
YBR277C 9 112
YBR278W 12 229
YBR279W 14 433
YBR280C 31 429
YBR281C 24 530
YBR282W 4 5
YBR283C 29 941
YBR284W 31 1054
YBR285W 0 0
YBR286W 47 1303
YBR287W 18 372
YBR288C 17 562
YBR289W 24 1765
YBR290W 11 337
YBR291C 31 3365
YBR292C 5 20
YBR293W 23 1142
YBR294W 41 1303
YBR295W 44 1491
YBR296C 31 835
YBR296C-A 11 1593
YBR297W 22 456
YBR298C 39 1017
YBR298C-A 7 296
YBR299W 13 306
YBR300C 2 34
YBR301W 2 116
YBR302C 0 0
YCL076W 16 670
YCL073C 9 335
YCL069W 0 0
YCL068C 0 0
YCL067C 0 0
YCL066W 0 0
YCL065W 4 93
YCL064C 25 441
YCL063W 8 184
YCL061C 21 310
YCL059C 3 18
YCL058C 14 258
YCL058W-A 9 217
YCL057C-A 6 268
YCL057W 28 944
YCL056C 0 0
YCL055W 5 321
YCL054W 14 534
YCL052C 14 344
YCL051W 17 371
YCL050C 11 278
YCL049C 12 119
YCL048W-A 2 8
YCL048W 19 585
YCL047C 12 412
YCL045C 34 672
YCL046W 3 4
YCL044C 21 632
YCL043C 32 822
YCL041C 15 171
YCL042W 20 3671
YCL040W 97 5179
YCL039W 63 1353
YCL038C 12 297
YCL037C 14 447
YCL036W 29 1471
YCL035C 9 251
YCL034W 31 749
YCL033C 6 113
YCL032W 15 150
YCL031C 7 184
YCL030C 45 895
YCL029C 29 1138
YCL028W 13 214
YCL027W 20 312
YCL026C-B 3 27
YCL026C-A 5 72
YCL025C 47 1346
YCL023C 10 68
YCL024W 36 1132
YCL022C 6 171
YCL021W-A 5 195
YCL018W 17 200
YCL017C 13 434
YCL016C 18 564
YCL014W 40 1402
YCL012C 9 140
YCL011C 20 235
YCL010C 19 336
YCL009C 25 472
YCL008C 31 1476
YCL007C 5 57
YCL005W-A 5 47
YCL005W 7 48
YCL004W 18 809
YCL002C 19 241
YCL001W 8 317
YCL001W-A 2 9
YCL001W-B 10 436
YCR001W 12 487
YCR002C 13 132
YCR003W 11 298
YCR004C 9 746
YCR005C 42 1064
YCR006C 38 3094
YCR007C 13 1467
YCR008W 31 724
YCR009C 11 322
YCR010C 15 313
YCR011C 70 2984
YCR012W 14 224
YCR013C 12 231
YCR014C 26 324
YCR015C 12 284
YCR016W 7 179
YCR017C 35 1090
YCR018C 10 354
YCR018C-A 5 42
YCR019W 12 270
YCR020C 13 476
YCR020C-A 3 29
YCR020W-B 2 17
YCR021C 30 1036
YCR022C 29 1312
YCR023C 36 1484
YCR024C 18 600
YCR024C-B 17 714
YCR024C-A 0 0
YCR025C 26 1287
YCR026C 43 910
YCR027C 2 7
YCR028C 17 353
YCR028C-A 3 54
YCR030C 32 1312
YCR031C 16 232
YCR032W 50 2041
YCR033W 28 1208
YCR034W 3 47
YCR035C 2 54
YCR036W 20 578
YCR037C 25 709
YCR038C 7 118
YCR038W-A 1 1
YCR039C 0 0
YCR040W 0 0
YCR041W 2 13
YCR042C 39 611
YCR043C 15 1177
YCR044C 13 256
YCR045C 21 893
YCR045W-A 5 395
YCR046C 14 218
YCR047C 12 159
YCR047W-A 4 15
YCR049C 14 679
YCR048W 37 1590
YCR050C 2 264
YCR051W 14 304
YCR052W 11 146
YCR053W 11 490
YCR054C 8 627
YCR057C 22 396
YCR059C 23 2042
YCR060W 10 230
YCR061W 48 6054
YCR064C 8 771
YCR063W 22 2874
YCR065W 24 2099
YCR066W 12 705
YCR067C 42 883
YCR068W 31 1508
YCR069W 19 403
YCR071C 9 181
YCR072C 22 561
YCR073C 51 995
YCR073W-A 18 1671
YCR075C 6 853
YCR075W-A 0 0
YCR076C 15 418
YCR077C 33 764
YCR079W 27 933
YCR081W 50 1149
YCR081C-A 7 66
YCR082W 7 164
YCR083W 9 450
YCR084C 32 906
YCR085W 3 48
YCR086W 8 50
YCR087W 16 829
YCR087C-A 12 401
YCR088W 26 789
YCR089W 25 1397
YCR090C 11 525
YCR091W 36 1094
YCR092C 27 539
YCR093W 46 1189
YCR094W 8 246
YCR095C 5 197
YCR095W-A 2 57
YCR096C 0 0
YCR097W 1 4
YCR097W-A 3 16
YCR098C 17 413
YCR099C 5 89
YCR100C 23 595
YCR101C 7 78
YCR102C 19 463
YCR102W-A 0 0
YCR104W 1 5
YCR105W 34 1054
YCR106W 26 638
YCR107W 14 1397
YCR108C 8 113
YDL248W 4 139
YDL247W-A 0 0
YDL247W 0 0
YDL246C 0 0
YDL245C 2 10
YDL244W 9 496
YDL243C 14 340
YDL242W 21 641
YDL241W 5 45
YDL240C-A 23 4194
YDL240W 33 1023
YDL239C 16 322
YDL238C 31 1044
YDL237W 9 147
YDL236W 7 637
YDL235C 2 14
YDL234C 31 885
YDL233W 9 67
YDL232W 3 24
YDL231C 69 3312
YDL230W 27 579
YDL229W 16 2549
YDL228C 4 22
YDL227C 10 2103
YDL226C 9 106
YDL225W 16 229
YDL224C 6 70
YDL223C 44 608
YDL222C 31 740
YDL221W 47 2196
YDL220C 85 1865
YDL219W 0 0
YDL218W 17 257
YDL217C 5 204
YDL216C 14 340
YDL215C 68 2403
YDL214C 44 570
YDL213C 21 467
YDL212W 5 53
YDL211C 12 135
YDL210W 12 274
YDL209C 7 232
YDL208W 3 388
YDL207W 9 58
YDL206W 19 398
YDL205C 23 311
YDL204W 30 1649
YDL203C 11 78
YDL202W 6 425
YDL201W 16 451
YDL200C 6 37
YDL199C 20 272
YDL198C 12 79
YDL197C 32 946
YDL196W 14 204
YDL195W 16 268
YDL194W 15 401
YDL193W 11 283
YDL192W 12 135
YDL191W 2 69
YDL190C 34 769
YDL189W 10 550
YDL188C 19 1460
YDL187C 3 35
YDL186W 13 703
YDL185C-A 2 477
YDL185W 27 504
YDL184C 2 10
YDL183C 17 322
YDL182W 39 1583
YDL181W 5 344
YDL180W 17 611
YDL179W 5 10
YDL178W 37 1438
YDL177C 11 267
YDL176W 17 919
YDL175C 13 104
YDL174C 38 782
YDL173W 15 263
YDL172C 6 64
YDL171C 96 10636
YDL170W 31 442
YDL169C 14 745
YDL168W 20 721
YDL167C 24 567
YDL166C 5 188
YDL165W 6 136
YDL164C 22 672
YDL163W 2 13
YDL162C 11 313
YDL161W 16 313
YDL160C-A 7 50
YDL160C 17 222
YDL159W-A 5 98
YDL159W 30 1704
YDL159C-B 1 18
YDL158C 8 188
YDL157C 1 14
YDL156W 43 1444
YDL155W 29 600
YDL154W 32 963
YDL153C 7 81
YDL152W 5 54
YDL151C 3 42
YDL150W 14 196
YDL149W 17 153
YDL148C 23 463
YDL147W 6 48
YDL146W 10 966
YDL145C 29 542
YDL144C 25 1134
YDL143W 12 406
YDL142C 22 2241
YDL141W 20 336
YDL140C 56 973
YDL139C 4 25
YDL138W 38 1236
YDL137W 39 4330
YDL136W 1 2
YDL135C 15 669
YDL134C 19 380
YDL133C-A 1 21
YDL133W 17 541
YDL132W 25 524
YDL131W 31 1978
YDL130W-A 5 39
YDL130W 9 952
YDL129W 14 607
YDL128W 17 1333
YDL127W 29 896
YDL126C 23 322
YDL125C 19 1237
YDL124W 28 736
YDL123W 5 25
YDL122W 36 2680
YDL121C 10 664
YDL120W 4 34
YDL119C 19 228
YDL118W 6 35
YDL117W 33 643
YDL116W 13 486
YDL115C 13 351
YDL114W-A 3 74
YDL114W 9 238
YDL113C 24 776
YDL112W 56 831
YDL111C 16 183
YDL110C 15 326
YDL109C 31 731
YDL108W 12 203
YDL107W 18 510
YDL106C 21 428
YDL105W 10 180
YDL104C 20 612
YDL103C 2 14
YDL102W 28 535
YDL101C 14 267
YDL100C 21 411
YDL099W 6 124
YDL098C 10 270
YDL097C 20 395
YDL096C 4 109
YDL095W 29 1014
YDL094C 14 1346
YDL093W 21 352
YDL092W 15 518
YDL091C 10 530
YDL090C 11 144
YDL089W 30 655
YDL088C 14 325
YDL087C 6 35
YDL086W 32 1130
YDL086C-A 25 1029
YDL085C-A 8 185
YDL085W 37 1372
YDL084W 9 52
YDL083C 5 85
YDL082W 4 84
YDL081C 1 9
YDL080C 19 701
YDL079C 42 1679
YDL078C 12 210
YDL077C 34 495
YDL076C 15 442
YDL075W 2 3
YDL074C 20 281
YDL073W 19 1308
YDL072C 11 220
YDL071C 10 50
YDL070W 17 212
YDL069C 10 107
YDL068W 6 24
YDL067C 7 128
YDL066W 33 990
YDL065C 18 889
YDL064W 13 919
YDL063C 22 394
YDL062W 8 90
YDL061C 1 1
YDL060W 22 505
YDL059C 5 127
YDL058W 36 811
YDL057W 19 375
YDL056W 38 832
YDL055C 14 108
YDL054C 36 887
YDL053C 3 102
YDL052C 18 550
YDL051W 12 319
YDL050C 4 6
YDL049C 25 1206
YDL048C 37 935
YDL047W 17 282
YDL046W 5 94
YDL045W-A 5 49
YDL045C 8 133
YDL044C 15 257
YDL043C 10 81
YDL042C 33 1942
YDL041W 14 1065
YDL040C 16 462
YDL039C 31 1305
YDL037C 6 59
YDL036C 17 344
YDL035C 31 792
YDL034W 8 140
YDL033C 23 1951
YDL032W 2 1649
YDL031W 18 257
YDL030W 13 219
YDL029W 8 64
YDL028C 24 714
YDL027C 10 366
YDL026W 3 40
YDL025C 11 156
YDL025W-A 2 5
YDL024C 14 157
YDL022C-A 3 202
YDL023C 10 752
YDL022W 30 1018
YDL021W 15 468
YDL020C 16 243
YDL019C 48 713
YDL018C 5 69
YDL017W 20 492
YDL016C 3 198
YDL015C 8 193
YDL014W 11 148
YDL013W 14 5460
YDL012C 6 142
YDL011C 1 37
YDL010W 4 48
YDL009C 1 2
YDL008W 6 207
YDL007C-A 4 12
YDL007W 18 243
YDL006W 7 171
YDL005C 7 90
YDL004W 0 0
YDL003W 24 442
YDL002C 16 189
YDL001W 50 2067
YDR001C 78 4076
YDR002W 9 157
YDR003W 24 347
YDR003W-A 2 3
YDR004W 18 332
YDR005C 17 5365
YDR006C 18 434
YDR007W 14 496
YDR008C 18 921
YDR009W 31 1726
YDR010C 34 1118
YDR011W 86 4248
YDR012W 2 39
YDR013W 4 65
YDR014W 8 38
YDR014W-A 5 109
YDR015C 0 0
YDR016C 3 36
YDR017C 35 1305
YDR018C 22 772
YDR019C 19 255
YDR020C 16 580
YDR021W 8 50
YDR022C 22 389
YDR023W 10 172
YDR024W 6 118
YDR025W 3 23
YDR026C 24 2603
YDR027C 20 313
YDR028C 40 699
YDR029W 4 58
YDR030C 21 529
YDR031W 0 0
YDR032C 12 158
YDR033W 24 840
YDR034C 25 403
YDR034C-A 1 35
YDR034W-B 0 0
YDR035W 18 360
YDR036C 6 131
YDR037W 32 621
YDR038C 3 15
YDR039C 0 0
YDR040C 2 2
YDR041W 5 51
YDR042C 3 102
YDR043C 16 208
YDR044W 7 78
YDR045C 11 256
YDR046C 27 3065
YDR047W 19 682
YDR048C 12 296
YDR049W 18 229
YDR050C 4 60
YDR051C 17 362
YDR052C 11 151
YDR053W 1 21
YDR054C 8 112
YDR055W 15 299
YDR056C 12 287
YDR057W 20 743
YDR058C 4 79
YDR059C 10 204
YDR060W 27 298
YDR061W 27 655
YDR062W 18 141
YDR063W 3 86
YDR064W 5 52
YDR065W 16 269
YDR066C 10 5307
YDR067C 9 274
YDR068W 5 240
YDR069C 20 311
YDR070C 6 56
YDR071C 13 312
YDR072C 40 1180
YDR073W 14 219
YDR074W 47 706
YDR075W 9 130
YDR076W 59 1106
YDR077W 23 891
YDR078C 18 472
YDR079W 8 500
YDR079C-A 3 31
YDR080W 31 479
YDR081C 14 190
YDR082W 21 323
YDR083W 12 107
YDR084C 7 32
YDR085C 28 1114
YDR086C 1 6
YDR087C 7 32
YDR088C 10 234
YDR089W 32 448
YDR090C 9 194
YDR091C 17 291
YDR092W 9 40
YDR093W 130 7332
YDR094W 29 2509
YDR095C 31 2484
YDR096W 21 1641
YDR097C 18 411
YDR098C 14 181
YDR099W 23 243
YDR100W 8 834
YDR101C 13 158
YDR102C 12 221
YDR103W 19 1555
YDR104C 55 1259
YDR105C 14 235
YDR106W 11 143
YDR107C 20 436
YDR108W 20 266
YDR109C 25 1569
YDR110W 20 461
YDR111C 18 612
YDR112W 5 114
YDR113C 19 548
YDR114C 9 181
YDR115W 2 58
YDR116C 11 270
YDR117C 20 565
YDR118W 18 278
YDR118W-A 2 29
YDR119W 38 1860
YDR119W-A 8 1554
YDR120C 16 258
YDR121W 3 39
YDR122W 28 243
YDR123C 13 144
YDR124W 11 96
YDR125C 10 154
YDR126W 32 801
YDR127W 56 1119
YDR128W 36 1697
YDR129C 21 590
YDR130C 7 61
YDR131C 22 387
YDR132C 27 629
YDR133C 1 2
YDR135C 53 1859
YDR136C 32 1198
YDR137W 26 236
YDR138W 22 361
YDR139C 1 1
YDR140W 16 169
YDR141C 28 415
YDR142C 21 882
YDR143C 12 221
YDR144C 25 387
YDR145W 5 204
YDR146C 21 547
YDR147W 27 991
YDR148C 19 321
YDR149C 7 49
YDR150W 81 3297
YDR151C 16 2973
YDR152W 7 74
YDR153C 9 165
YDR154C 13 1262
YDR155C 12 395
YDR156W 9 208
YDR157W 31 3163
YDR158W 8 143
YDR159W 25 593
YDR160W 22 302
YDR161W 7 42
YDR162C 2 15
YDR163W 10 1215
YDR164C 21 391
YDR165W 7 181
YDR166C 23 468
YDR167W 9 290
YDR168W 14 146
YDR169C 10 302
YDR169C-A 2 42
YDR170C 59 1246
YDR171W 18 265
YDR172W 41 485
YDR173C 14 647
YDR174W 14 515
YDR175C 11 303
YDR176W 29 397
YDR177W 19 356
YDR178W 12 94
YDR179C 8 213
YDR179W-A 13 120
YDR180W 31 1437
YDR181C 13 331
YDR182W 26 683
YDR182W-A 1 1
YDR183W 10 127
YDR183C-A 1 3
YDR184C 9 142
YDR185C 12 168
YDR186C 32 494
YDR187C 26 917
YDR188W 30 1104
YDR189W 20 369
YDR190C 9 271
YDR191W 21 467
YDR192C 12 228
YDR193W 7 133
YDR194C 8 217
YDR194W-A 2 18
YDR195W 20 245
YDR196C 14 229
YDR197W 16 292
YDR198C 13 353
YDR199W 3 58
YDR200C 20 330
YDR201W 6 306
YDR202C 6 152
YDR203W 2 107
YDR204W 20 290
YDR205W 28 654
YDR206W 24 441
YDR207C 49 1054
YDR208W 38 851
YDR209C 2 20
YDR210W 1 7
YDR211W 19 158
YDR212W 12 342
YDR213W 27 311
YDR214W 50 4772
YDR215C 42 4037
YDR216W 46 626
YDR217C 30 788
YDR218C 16 399
YDR219C 10 80
YDR220C 8 1072
YDR221W 32 1189
YDR222W 12 251
YDR223W 20 743
YDR224C 7 33
YDR225W 10 119
YDR226W 9 280
YDR227W 24 759
YDR228C 5 92
YDR229W 18 372
YDR230W 10 149
YDR231C 17 359
YDR232W 30 551
YDR233C 16 215
YDR234W 54 5300
YDR235W 4 129
YDR236C 12 371
YDR237W 3 20
YDR238C 23 1624
YDR239C 22 245
YDR240C 8 74
YDR241W 8 446
YDR242W 26 934
YDR243C 17 626
YDR244W 15 176
YDR245W 6 51
YDR246W 19 210
YDR246W-A 24 1904
YDR247W 32 820
YDR248C 11 141
YDR249C 23 1794
YDR250C 16 399
YDR251W 22 674
YDR252W 2 85
YDR253C 9 194
YDR254W 16 176
YDR255C 8 126
YDR256C 36 1048
YDR257C 7 51
YDR258C 42 2065
YDR259C 14 111
YDR260C 42 12877
YDR261C 29 1049
YDR262W 8 198
YDR263C 18 297
YDR264C 34 931
YDR265W 6 71
YDR266C 29 673
YDR267C 17 459
YDR268W 21 392
YDR269C 1 34
YDR270W 25 884
YDR271C 6 446
YDR272W 9 253
YDR273W 14 317
YDR274C 42 6498
YDR275W 19 357
YDR276C 7 390
YDR277C 47 2651
YDR278C 7 75
YDR279W 11 111
YDR280W 8 79
YDR281C 0 0
YDR282C 17 307
YDR283C 52 1025
YDR284C 21 337
YDR285W 12 106
YDR286C 8 56
YDR287W 7 121
YDR288W 7 225
YDR289C 9 112
YDR290W 4 62
YDR291W 51 2846
YDR292C 19 453
YDR293C 46 884
YDR294C 32 1089
YDR295C 10 179
YDR296W 9 303
YDR297W 21 530
YDR298C 3 22
YDR299W 11 305
YDR300C 26 972
YDR301W 40 919
YDR302W 5 157
YDR303C 26 583
YDR304C 21 400
YDR305C 17 1491
YDR306C 16 315
YDR307W 21 509
YDR308C 2 6
YDR309C 17 480
YDR310C 35 4703
YDR311W 20 323
YDR312W 15 337
YDR313C 6 590
YDR314C 18 227
YDR315C 12 244
YDR316W 15 478
YDR317W 13 256
YDR318W 18 491
YDR319C 9 92
YDR320C 20 209
YDR320C-A 0 0
YDR320W-B 6 202
YDR321W 18 388
YDR322W 21 402
YDR322C-A 1 11
YDR323C 31 864
YDR324C 14 121
YDR325W 26 1212
YDR326C 58 1436
YDR327W 9 217
YDR328C 14 176
YDR329C 19 443
YDR330W 25 471
YDR331W 15 139
YDR332W 10 376
YDR333C 22 520
YDR334W 47 883
YDR335W 29 579
YDR336W 22 932
YDR337W 9 516
YDR338C 26 1188
YDR339C 7 128
YDR340W 2 112
YDR341C 20 246
YDR342C 5 30
YDR343C 2 487
YDR344C 18 692
YDR345C 49 1595
YDR346C 15 654
YDR347W 11 168
YDR348C 32 1258
YDR349C 26 569
YDR350C 12 162
YDR351W 33 464
YDR352W 7 90
YDR353W 20 787
YDR354W 22 732
YDR354C-A 3 73
YDR355C 0 0
YDR356W 14 253
YDR357C 16 294
YDR358W 25 383
YDR359C 23 313
YDR360W 4 19
YDR361C 9 160
YDR362C 24 409
YDR363W 21 303
YDR363W-A 4 142
YDR364C 17 397
YDR365C 17 240
YDR366C 16 249
YDR367W 5 171
YDR368W 11 314
YDR369C 30 404
YDR370C 18 2388
YDR371W 29 475
YDR371C-A 0 0
YDR372C 5 322
YDR373W 4 29
YDR374C 13 125
YDR374W-A 1 1
YDR375C 20 751
YDR376W 32 758
YDR377W 5 45
YDR378C 2 13
YDR379W 46 20566
YDR379C-A 9 137
YDR380W 28 438
YDR381W 14 158
YDR381C-A 2 43
YDR382W 3 7
YDR383C 7 334
YDR384C 29 1512
YDR385W 5 53
YDR386W 31 1873
YDR387C 13 454
YDR388W 12 102
YDR389W 16 156
YDR390C 16 785
YDR391C 13 97
YDR392W 14 256
YDR393W 15 296
YDR394W 15 302
YDR395W 28 451
YDR396W 19 690
YDR397C 17 676
YDR398W 13 198
YDR399W 17 543
YDR400W 24 395
YDR401W 11 401
YDR402C 19 440
YDR403W 25 671
YDR404C 6 89
YDR405W 37 839
YDR406W 129 69662
YDR406W-A 0 0
YDR407C 37 813
YDR408C 14 287
YDR409W 32 580
YDR410C 15 196
YDR411C 22 1137
YDR412W 0 0
YDR413C 0 0
YDR414C 21 585
YDR415C 19 177
YDR416W 28 524
YDR417C 2 30
YDR418W 2 30
YDR419W 27 525
YDR420W 35 573
YDR421W 37 711
YDR422C 31 2132
YDR423C 43 1751
YDR424C 7 258
YDR425W 26 572
YDR426C 6 58
YDR427W 6 112
YDR428C 13 270
YDR429C 5 42
YDR430C 52 1437
YDR431W 9 63
YDR432W 32 860
YDR433W 15 527
YDR434W 19 402
YDR435C 10 316
YDR436W 43 1317
YDR437W 10 524
YDR438W 7 237
YDR439W 1 7
YDR440W 19 226
YDR441C 10 1060
YDR442W 12 215
YDR443C 61 1940
YDR444W 31 927
YDR445C 12 540
YDR446W 12 236
YDR447C 8 33
YDR448W 11 180
YDR449C 16 823
YDR450W 4 313
YDR451C 23 4475
YDR452W 38 1377
YDR453C 25 94808
YDR454C 2 11
YDR455C 8 172
YDR456W 27 674
YDR457W 132 2506
YDR458C 13 321
YDR459C 27 580
YDR460W 11 103
YDR461W 1 41
YDR461C-A 6 180
YDR462W 5 79
YDR463W 43 1512
YDR464W 20 303
YDR464C-A 0 0
YDR465C 13 278
YDR466W 26 766
YDR467C 8 573
YDR468C 10 525
YDR469W 8 18
YDR470C 18 375
YDR471W 9 152
YDR472W 11 292
YDR473C 11 270
YDR475C 35 768
YDR476C 35 2804
YDR477W 26 520
YDR478W 8 310
YDR479C 23 424
YDR480W 21 656
YDR481C 46 798
YDR482C 27 699
YDR483W 23 645
YDR484W 12 260
YDR485C 21 484
YDR486C 7 135
YDR487C 7 81
YDR488C 42 4953
YDR489W 13 225
YDR490C 48 2271
YDR491C 25 1894
YDR492W 14 724
YDR493W 7 226
YDR494W 14 357
YDR495C 15 340
YDR496C 19 490
YDR497C 45 2337
YDR498C 9 226
YDR499W 15 215
YDR500C 6 74
YDR501W 10 190
YDR502C 25 313
YDR503C 14 553
YDR504C 5 51
YDR505C 8 287
YDR506C 44 8765
YDR507C 52 1187
YDR508C 46 1714
YDR509W 5 188
YDR510W 7 122
YDR510C-A 2 14
YDR511W 14 231
YDR512C 27 819
YDR513W 8 211
YDR514C 16 179
YDR515W 5 20
YDR516C 31 1530
YDR517W 26 1109
YDR518W 18 324
YDR519W 5 44
YDR520C 19 443
YDR521W 8 202
YDR522C 9 174
YDR523C 26 422
YDR524C 17 453
YDR524W-C 2 4
YDR524C-B 10 132
YDR524C-A 10 323
YDR525W 17 590
YDR525W-A 16 2042
YDR526C 13 265
YDR527W 33 5027
YDR528W 18 594
YDR529C 6 46
YDR530C 34 1360
YDR531W 14 157
YDR532C 2 47
YDR533C 7 56
YDR534C 21 236
YDR535C 43 4482
YDR536W 39 1098
YDR537C 11 107
YDR538W 12 102
YDR539W 16 145
YDR540C 2 30
YDR541C 20 745
YDR542W 2 85
YDR543C 11 2124
YDR544C 8 617
YDR545W 0 0
YDR545C-A 0 0
YEL077C 11 1058
YEL077W-A 0 0
YEL076C-A 0 0
YEL076C 0 0
YEL075W-A 0 0
YEL075C 0 0
YEL074W 8 646
YEL073C 5 192
YEL072W 22 499
YEL071W 34 2186
YEL070W 10 350
YEL069C 33 855
YEL068C 5 110
YEL067C 31 1935
YEL066W 21 6851
YEL065W 43 2124
YEL064C 21 330
YEL063C 20 375
YEL062W 23 552
YEL061C 32 1020
YEL060C 44 1842
YEL059C-A 8 155
YEL059W 19 4624
YEL058W 23 298
YEL057C 11 327
YEL056W 32 841
YEL055C 27 448
YEL054C 3 13
YEL053W-A 2 12
YEL053C 10 163
YEL052W 11 226
YEL051W 6 108
YEL050W-A 3 15
YEL050C 15 665
YEL049W 5 453
YEL048C 2 8
YEL047C 30 851
YEL046C 23 218
YEL045C 25 1394
YEL044W 10 198
YEL043W 32 1223
YEL042W 23 2238
YEL041W 21 256
YEL040W 41 1365
YEL039C 9 137
YEL038W 21 662
YEL037C 23 757
YEL036C 19 252
YEL035C 44 14037
YEL034C-A 8 276
YEL034W 4 182
YEL033W 42 3263
YEL032W 49 1316
YEL032C-A 2 16
YEL031W 49 1310
YEL030C-A 4 11
YEL030W 8 182
YEL029C 6 112
YEL028W 5 165
YEL027W 5 34
YEL026W 1 10
YEL025C 53 2097
YEL024W 15 646
YEL023C 31 1176
YEL022W 42 719
YEL021W 56 1814
YEL020C-B 2 6
YEL020W-A 3 11
YEL020C 26 639
YEL019C 4 78
YEL018C-A 8 126
YEL018W 14 407
YEL017C-A 2 46
YEL017W 9 132
YEL016C 24 5934
YEL015W 29 886
YEL014C 11 180
YEL013W 22 380
YEL012W 20 1465
YEL011W 67 16695
YEL010W 10 128
YEL009C-A 13 346
YEL009C 20 907
YEL008W 41 26336
YEL008C-A 11 3556
YEL007W 15 287
YEL006W 20 363
YEL005C 12 170
YEL004W 25 523
YEL003W 13 142
YEL002C 41 1008
YEL001C 21 590
YER001W 53 2832
YER002W 2 27
YER003C 17 416
YER004W 28 526
YER005W 63 3307
YER006W 23 593
YER006C-A 7 26
YER007W 9 47
YER007C-A 7 103
YER008C 19 373
YER009W 1 1
YER010C 19 479
YER011W 5 68
YER012W 4 25
YER013W 26 383
YER014W 7 133
YER014C-A 17 2330
YER015W 29 439
YER016W 19 591
YER017C 39 715
YER018C 21 756
YER019W 37 736
YER019C-A 2 15
YER020W 29 953
YER021W 11 240
YER022W 23 346
YER023W 12 222
YER023C-A 2 61
YER024W 62 2094
YER025W 2 7
YER026C 6 86
YER027C 8 81
YER028C 25 372
YER029C 5 516
YER030W 1 2
YER031C 7 56
YER032W 30 776
YER033C 23 324
YER034W 20 2406
YER035W 20 228
YER036C 28 635
YER037W 15 173
YER038C 15 117
YER038W-A 6 41
YER039C 12 205
YER039C-A 7 2034
YER040W 14 191
YER041W 26 1047
YER042W 16 2201
YER043C 21 449
YER044C 7 433
YER044C-A 29 316
YER045C 16 176
YER046W 12 181
YER046W-A 4 34
YER047C 28 611
YER048C 17 406
YER048W-A 2 781
YER049W 16 217
YER050C 6 65
YER051W 30 422
YER052C 9 117
YER053C 19 449
YER053C-A 1 11
YER054C 31 1325
YER055C 14 314
YER056C 20 373
YER056C-A 8 26
YER057C 5 48
YER058W 4 19
YER059W 5 129
YER060W 20 406
YER060W-A 17 268
YER061C 18 250
YER062C 10 108
YER063W 8 176
YER064C 20 293
YER065C 59 1413
YER066W 11 214
YER066C-A 7 133
YER067W 11 57
YER067C-A 10 56
YER068W 19 1850
YER068C-A 21 1543
YER069W 48 2175
YER070W 37 731
YER071C 2 11
YER072W 5 182
YER073W 21 262
YER074W 2 6
YER074W-A 2 19
YER075C 24 1147
YER076C 10 317
YER076W-A 5 316
YER077C 22 512
YER078C 26 945
YER078W-A 7 280
YER079W 12 365
YER079C-A 6 219
YER080W 29 752
YER081W 49 1969
YER082C 13 228
YER083C 12 130
YER084W 17 432
YER084W-A 5 96
YER085C 5 96
YER086W 20 388
YER087W 30 660
YER087C-A 12 196
YER087C-B 1 9
YER088C 46 1948
YER088C-A 39 9462
YER088W-B 12 264
YER089C 54 2257
YER090W 10 119
YER090C-A 0 0
YER091C 28 401
YER091C-A 18 1178
YER092W 11 1011
YER093C 18 949
YER093C-A 8 865
YER094C 8 140
YER095W 11 231
YER096W 11 203
YER097W 11 384
YER098W 19 454
YER099C 20 167
YER100W 11 324
YER101C 16 629
YER102W 8 49
YER103W 22 530
YER104W 10 139
YER105C 39 544
YER106W 6 57
YER107C 9 56
YER107W-A 5 59
YER109C 21 330
YER110C 21 554
YER111C 34 827
YER112W 0 0
YER113C 35 697
YER114C 36 680
YER115C 12 127
YER116C 14 460
YER117W 3 6
YER118C 15 248
YER119C 26 1806
YER119C-A 7 1222
YER120W 10 189
YER121W 11 762
YER122C 12 624
YER123W 22 903
YER124C 10 81
YER125W 28 613
YER126C 11 278
YER127W 4 30
YER128W 7 257
YER129W 47 1506
YER130C 21 868
YER131W 2 18
YER132C 76 2206
YER133W 8 23
YER133W-A 2 111
YER134C 5 114
YER135C 6 74
YER136W 18 190
YER137C 9 295
YER137W-A 7 258
YER138W-A 1 23
YER139C 13 262
YER140W 30 1111
YER141W 12 86
YER142C 9 356
YER143W 22 14607
YER144C 56 1289
YER145C 58 2495
YER145C-A 18 933
YER146W 11 245
YER147C 56 2274
YER147C-A 5 244
YER148W 7 263
YER148W-A 6 258
YER149C 13 482
YER150W 9 224
YER151C 24 645
YER152C 31 822
YER152W-A 8 212
YER153C 24 410
YER154W 18 293
YER155C 79 1459
YER156C 19 369
YER157W 26 363
YER158C 18 323
YER158W-A 5 21
YER159C 12 368
YER161C 10 373
YER162C 12 140
YER163C 17 429
YER164W 31 617
YER165W 9 116
YER165C-A 3 6
YER166W 83 1663
YER167W 40 1905
YER168C 21 693
YER169W 40 841
YER170W 12 261
YER171W 32 617
YER172C 52 1064
YER172C-A 4 7
YER173W 23 693
YER174C 8 275
YER175C 26 671
YER175W-A 3 178
YER176W 95 7065
YER177W 14 223
YER178W 36 1140
YER179W 17 372
YER180C 5 122
YER180C-A 5 101
YER181C 3 65
YER182W 6 53
YER183C 13 804
YER184C 21 460
YER185W 18 310
YER186C 14 374
YER187W 8 207
YER188W 6 102
YER188C-A 6 827
YER189W 0 0
YER190W 4 38
YER190C-A 0 0
YER190C-B 0 0
YFL068W 0 0
YFL067W 1 1
YFL066C 0 0
YFL065C 0 0
YFL064C 0 0
YFL063W 9 584
YFL062W 4 22
YFL061W 0 0
YFL060C 2 16
YFL059W 5 346
YFL058W 1 3
YFL057C 1 2
YFL056C 7 97
YFL055W 22 995
YFL054C 30 1090
YFL053W 19 418
YFL052W 27 322
YFL051C 12 544
YFL050C 29 844
YFL049W 18 652
YFL048C 14 242
YFL047W 27 500
YFL046W 13 400
YFL045C 2 36
YFL044C 21 1523
YFL042C 30 764
YFL041W-A 3 250
YFL041W 30 512
YFL040W 33 1715
YFL039C 10 224
YFL038C 25 900
YFL037W 23 627
YFL036W 38 768
YFL034C-B 12 282
YFL034C-A 13 210
YFL034W 36 534
YFL033C 76 3529
YFL032W 13 776
YFL031W 19 736
YFL031C-A 0 0
YFL030W 30 1551
YFL029C 11 388
YFL028C 12 1429
YFL027C 15 180
YFL026W 14 124
YFL025C 16 331
YFL024C 45 1753
YFL023W 22 1374
YFL022C 13 422
YFL021C-A 49 2629
YFL021W 34 1658
YFL020C 2 2
YFL019C 1 2
YFL018C 24 472
YFL017W-A 5 15
YFL017C 15 248
YFL016C 35 491
YFL015W-A 12 502
YFL015C 24 820
YFL014W 9 941
YFL013W-A 23 265
YFL013C 32 735
YFL012W-A 20 1056
YFL012W 8 79
YFL011W 13 298
YFL010W-A 3 14
YFL010C 5 259
YFL009W 20 766
YFL008W 30 920
YFL007W 76 1723
YFL005W 6 66
YFL004W 20 430
YFL003C 63 3373
YFL002C 32 810
YFL001W 52 996
YFR001W 4 278
YFR002W 26 827
YFR003C 8 413
YFR004W 5 73
YFR005C 17 261
YFR006W 41 1776
YFR007W 35 1380
YFR008W 1 98
YFR009W 21 207
YFR009W-A 0 0
YFR010W 25 3127
YFR010W-A 2 6
YFR011C 4 19
YFR012W 10 241
YFR012W-A 1 20
YFR013W 28 679
YFR014C 10 358
YFR015C 39 1818
YFR016C 50 1094
YFR017C 30 1296
YFR018C 59 3398
YFR019W 63 1395
YFR020W 4 92
YFR021W 27 770
YFR022W 44 3081
YFR023W 10 1324
YFR024C-A 22 465
YFR025C 37 1719
YFR026C 6 39
YFR027W 8 146
YFR028C 14 296
YFR029W 31 2065
YFR030W 17 427
YFR031C 32 1118
YFR031C-A 6 59
YFR032C 14 224
YFR032C-A 5 127
YFR032C-B 11 2237
YFR033C 26 920
YFR034C 58 6747
YFR034W-A 24 14040
YFR035C 28 14137
YFR036W 8 176
YFR036W-A 6 83
YFR037C 15 229
YFR038W 27 1746
YFR039C 6 168
YFR040W 29 738
YFR041C 6 139
YFR042W 6 26
YFR043C 10 283
YFR044C 23 1142
YFR045W 11 447
YFR046C 16 300
YFR047C 12 632
YFR048W 50 1456
YFR049W 4 66
YFR050C 15 363
YFR051C 38 2755
YFR052W 8 96
YFR052C-A 10 229
YFR053C 45 1432
YFR054C 4 66
YFR056C 9 1573
YFR055W 21 468
YFR057W 4 131
YGL263W 22 461
YGL262W 10 108
YGL261C 3 4
YGL260W 0 0
YGL259W 1 16
YGL258W-A 2 15
YGL258W 5 169
YGL257C 24 938
YGL256W 14 430
YGL255W 26 757
YGL254W 25 1147
YGL253W 24 704
YGL252C 29 1541
YGL251C 38 985
YGL250W 9 124
YGL249W 37 806
YGL248W 21 451
YGL247W 8 61
YGL246C 21 917
YGL245W 23 622
YGL244W 17 448
YGL243W 18 695
YGL242C 13 413
YGL241W 31 554
YGL240W 9 283
YGL239C 3 156
YGL238W 28 1299
YGL237C 10 208
YGL236C 36 755
YGL235W 12 312
YGL234W 32 831
YGL233W 16 207
YGL232W 13 388
YGL231C 5 64
YGL230C 0 0
YGL229C 35 2267
YGL228W 13 197
YGL227W 46 1367
YGL226C-A 2 4
YGL226W 10 155
YGL225W 23 517
YGL224C 14 124
YGL223C 22 968
YGL222C 3 31
YGL221C 11 484
YGL220W 7 197
YGL219C 17 1018
YGL218W 11 902
YGL217C 5 52
YGL216W 48 1599
YGL215W 13 141
YGL214W 8 57
YGL213C 14 149
YGL212W 12 64
YGL211W 14 476
YGL210W 11 138
YGL209W 14 167
YGL208W 49 4933
YGL207W 22 1747
YGL206C 47 1093
YGL205W 45 1781
YGL204C 2 10
YGL203C 36 536
YGL202W 16 181
YGL201C 53 1953
YGL200C 16 390
YGL199C 8 149
YGL198W 15 208
YGL197W 35 428
YGL196W 15 705
YGL195W 64 2035
YGL194C-A 7 106
YGL194C 10 127
YGL193C 11 496
YGL192W 33 509
YGL191W 15 73
YGL190C 29 700
YGL189C 13 212
YGL188C-A 2 4
YGL188C 8 689
YGL187C 16 290
YGL186C 27 590
YGL185C 23 604
YGL184C 33 966
YGL183C 11 250
YGL182C 7 88
YGL181W 10 438
YGL180W 41 884
YGL179C 19 1874
YGL178W 54 5132
YGL177W 21 1557
YGL176C 18 515
YGL175C 6 565
YGL174W 14 335
YGL173C 53 1046
YGL172W 14 156
YGL171W 13 385
YGL170C 5 114
YGL169W 18 732
YGL168W 8 43
YGL167C 26 345
YGL166W 27 612
YGL165C 31 33594
YGL164C 12 222
YGL163C 43 7513
YGL162W 16 532
YGL161C 23 502
YGL160W 27 309
YGL159W 8 69
YGL158W 26 978
YGL157W 21 1229
YGL156W 52 1354
YGL155W 14 350
YGL154C 9 139
YGL153W 16 296
YGL152C 17 450
YGL151W 22 3516
YGL150C 53 1319
YGL149W 13 470
YGL148W 18 303
YGL147C 17 496
YGL146C 19 493
YGL145W 16 280
YGL144C 23 509
YGL143C 16 240
YGL142C 18 287
YGL141W 41 1281
YGL140C 22 390
YGL139W 21 843
YGL138C 10 362
YGL137W 24 403
YGL136C 10 788
YGL135W 11 166
YGL134W 18 220
YGL133W 37 1097
YGL132W 2 149
YGL131C 45 2601
YGL130W 7 102
YGL129C 5 79
YGL128C 4 122
YGL127C 4 92
YGL126W 102 15062
YGL125W 67 3872
YGL124C 26 13750
YGL123W 6 323
YGL123C-A 1 311
YGL122C 19 337
YGL121C 11 2284
YGL120C 27 890
YGL119W 19 273
YGL118C 11 119
YGL117W 23 834
YGL116W 40 636
YGL115W 11 293
YGL114W 18 220
YGL113W 11 664
YGL112C 2 4
YGL111W 8 278
YGL110C 32 584
YGL109W 14 961
YGL108C 7 43
YGL107C 19 214
YGL106W 4 21
YGL105W 10 123
YGL104C 18 260
YGL103W 23 631
YGL102C 17 577
YGL101W 3 21
YGL100W 13 292
YGL099W 16 357
YGL098W 5 72
YGL097W 27 704
YGL096W 10 173
YGL095C 19 379
YGL094C 39 682
YGL093W 29 2173
YGL092W 17 301
YGL091C 14 221
YGL090W 11 362
YGL089C 4 33
YGL088W 11 267
YGL087C 11 507
YGL086W 23 632
YGL085W 17 339
YGL084C 21 286
YGL083W 32 571
YGL082W 24 340
YGL081W 12 804
YGL080W 4 105
YGL079W 5 73
YGL078C 10 261
YGL077C 23 1012
YGL076C 3 5
YGL075C 6 50
YGL074C 11 461
YGL073W 55 979
YGL072C 20 598
YGL071W 39 892
YGL070C 8 342
YGL069C 4 100
YGL068W 4 100
YGL067W 12 193
YGL066W 20 275
YGL065C 11 247
YGL064C 30 459
YGL063W 105 16337
YGL063C-A 17 11577
YGL062W 64 1366
YGL061C 8 180
YGL060W 20 340
YGL059W 21 634
YGL058W 8 65
YGL057C 13 141
YGL056C 24 1254
YGL055W 44 1930
YGL054C 8 286
YGL053W 3 15
YGL052W 4 102
YGL051W 4 111
YGL050W 18 20050
YGL049C 20 688
YGL048C 5 58
YGL047W 10 611
YGL045W 40 1811
YGL044C 10 125
YGL043W 17 1006
YGL042C 2 12
YGL041C-B 8 93
YGL041W-A 11 128
YGL041C 6 55
YGL040C 17 260
YGL039W 15 165
YGL038C 24 432
YGL037C 9 149
YGL036W 28 658
YGL035C 21 162
YGL034C 7 157
YGL033W 6 61
YGL032C 2 15
YGL031C 4 49
YGL030W 3 7
YGL029W 4 43
YGL028C 11 55
YGL027C 22 453
YGL026C 26 1568
YGL025C 12 114
YGL024W 3 91
YGL023C 23 816
YGL022W 42 1109
YGL021W 22 147
YGL020C 2 4
YGL019W 3 24
YGL018C 12 302
YGL017W 12 461
YGL016W 28 349
YGL015C 8 107
YGL014W 27 876
YGL014C-A 5 141
YGL013C 38 1420
YGL012W 24 344
YGL011C 6 240
YGL010W 10 266
YGL009C 39 1384
YGL008C 58 2515
YGL007C-A 3 11
YGL007W 29 8256
YGL006W-A 5 32
YGL006W 42 1038
YGL005C 18 473
YGL004C 48 2451
YGL003C 46 1514
YGL002W 22 242
YGL001C 44 2442
YGR001C 17 1033
YGR002C 24 1134
YGR003W 27 1249
YGR004W 21 300
YGR005C 12 397
YGR006W 20 874
YGR007W 20 1694
YGR008C 10 119
YGR009C 20 367
YGR010W 18 394
YGR011W 3 35
YGR012W 19 1057
YGR013W 41 636
YGR014W 29 490
YGR015C 12 201
YGR016W 13 516
YGR017W 4 27
YGR018C 2 2
YGR019W 37 869
YGR020C 2 3
YGR021W 22 532
YGR022C 4 69
YGR023W 15 188
YGR024C 2 4
YGR025W 17 2293
YGR026W 16 630
YGR027C 9 69
YGR028W 11 429
YGR029W 7 124
YGR030C 12 551
YGR031W 68 3970
YGR031C-A 32 1652
YGR032W 82 2205
YGR033C 5 105
YGR034W 4 75
YGR035C 2 8
YGR035W-A 19 1639
YGR036C 24 512
YGR037C 3 15
YGR038W 12 346
YGR039W 11 138
YGR040W 24 1424
YGR041W 29 1219
YGR042W 7 65
YGR043C 19 589
YGR044C 10 278
YGR045C 23 1200
YGR046W 9 852
YGR047C 24 725
YGR048W 10 156
YGR049W 14 328
YGR050C 21 978
YGR051C 15 1881
YGR052W 24 645
YGR053C 6 15
YGR054W 26 1285
YGR055W 13 460
YGR056W 34 1236
YGR057C 2 7
YGR058W 9 156
YGR059W 14 274
YGR060W 13 90
YGR061C 33 777
YGR062C 6 149
YGR063C 10 240
YGR064W 9 126
YGR065C 13 745
YGR066C 9 136
YGR067C 33 6293
YGR068C 79 6618
YGR068W-A 2 30
YGR069W 22 876
YGR070W 58 888
YGR071C 16 8566
YGR072W 1 4
YGR073C 5 29
YGR074W 4 16
YGR075C 3 20
YGR076C 4 109
YGR077C 23 691
YGR078C 3 43
YGR079W 29 1042
YGR080W 13 168
YGR081C 10 169
YGR082W 7 79
YGR083C 22 643
YGR084C 12 259
YGR085C 2 5
YGR086C 11 247
YGR087C 65 1006
YGR088W 19 860
YGR089W 22 717
YGR090W 23 774
YGR091W 13 207
YGR092W 23 812
YGR093W 32 804
YGR094W 37 828
YGR095C 5 112
YGR096W 28 4618
YGR097W 35 556
YGR098C 19 180
YGR099W 14 417
YGR100W 37 804
YGR101W 14 347
YGR102C 2 63
YGR103W 13 472
YGR104C 8 123
YGR105W 0 0
YGR106C 10 82
YGR107W 45 3089
YGR108W 15 307
YGR109C 12 200
YGR110W 8 146
YGR111W 21 926
YGR112W 8 133
YGR113W 22 1609
YGR114C 1 6
YGR115C 4 47
YGR116W 25 472
YGR117C 9 137
YGR118W 5 321
YGR119C 13 474
YGR120C 6 86
YGR121C 57 2002
YGR121W-A 21 8016
YGR122W 24 617
YGR122C-A 0 0
YGR123C 30 1088
YGR124W 31 2216
YGR125W 31 1307
YGR126W 9 166
YGR127W 13 843
YGR128C 4 15
YGR129W 8 760
YGR130C 33 450
YGR131W 11 591
YGR132C 13 335
YGR133W 13 303
YGR134W 37 863
YGR135W 5 316
YGR136W 8 175
YGR137W 1 59
YGR138C 13 255
YGR139W 9 82
YGR140W 29 638
YGR141W 29 615
YGR142W 9 230
YGR143W 29 1154
YGR144W 23 504
YGR145W 21 977
YGR146C 6 109
YGR146C-A 14 266
YGR147C 17 282
YGR148C 12 178
YGR149W 17 290
YGR150C 16 220
YGR151C 1 79
YGR152C 4 95
YGR153W 15 264
YGR154C 20 399
YGR155W 14 357
YGR156W 26 837
YGR157W 23 492
YGR158C 14 578
YGR159C 12 233
YGR160W 0 0
YGR161C 19 346
YGR161W-C 7 202
YGR162W 25 641
YGR163W 11 84
YGR164W 16 1892
YGR165W 10 274
YGR166W 13 532
YGR167W 13 299
YGR168C 19 1246
YGR169C 27 503
YGR169C-A 2 2
YGR170W 34 1143
YGR171C 15 223
YGR172C 5 51
YGR173W 11 258
YGR174C 11 167
YGR174W-A 1 2
YGR175C 22 808
YGR176W 26 1432
YGR177C 45 1729
YGR178C 26 523
YGR179C 15 450
YGR180C 20 1124
YGR181W 11 388
YGR182C 13 243
YGR183C 7 130
YGR184C 88 2199
YGR185C 14 215
YGR186W 17 223
YGR187C 4 26
YGR188C 21 309
YGR189C 13 288
YGR190C 8 1124
YGR191W 20 423
YGR192C 19 811
YGR193C 14 2662
YGR194C 16 229
YGR195W 15 94
YGR196C 19 318
YGR197C 32 1602
YGR198W 29 562
YGR199W 45 2117
YGR200C 36 1066
YGR201C 22 2883
YGR202C 21 424
YGR203W 39 4614
YGR204W 67 2796
YGR204C-A 0 0
YGR205W 8 128
YGR206W 5 157
YGR207C 1 1
YGR208W 21 1005
YGR209C 9 1248
YGR210C 43 2565
YGR211W 26 434
YGR212W 11 596
YGR213C 17 366
YGR214W 12 207
YGR215W 8 202
YGR216C 24 381
YGR217W 71 1994
YGR218W 21 320
YGR219W 4 9
YGR220C 13 300
YGR221C 30 815
YGR222W 17 292
YGR223C 15 834
YGR224W 23 466
YGR225W 14 214
YGR226C 1 2
YGR227W 9 39
YGR228W 6 32
YGR229C 23 438
YGR230W 21 2741
YGR231C 14 175
YGR232W 19 802
YGR233C 44 902
YGR234W 12 45
YGR235C 12 218
YGR236C 22 564
YGR237C 35 750
YGR238C 30 805
YGR239C 41 4830
YGR240C 35 462
YGR240C-A 21 1665
YGR241C 32 1044
YGR242W 5 54
YGR243W 6 56
YGR244C 57 2690
YGR245C 35 621
YGR246C 10 212
YGR247W 19 317
YGR248W 13 9014
YGR249W 14 326
YGR250C 41 1287
YGR251W 8 549
YGR252W 20 753
YGR253C 6 49
YGR254W 28 1758
YGR255C 39 874
YGR256W 35 2079
YGR257C 24 782
YGR258C 45 8456
YGR259C 6 5282
YGR260W 22 5539
YGR261C 31 655
YGR262C 7 225
YGR263C 24 477
YGR264C 21 519
YGR265W 12 1211
YGR266W 37 630
YGR267C 15 440
YGR268C 28 1483
YGR269W 18 906
YGR270W 43 1685
YGR270C-A 6 378
YGR271W 77 2868
YGR271C-A 3 31
YGR273C 2 18
YGR274C 17 634
YGR275W 2 188
YGR276C 11 308
YGR277C 10 1579
YGR278W 10 108
YGR279C 22 411
YGR280C 10 88
YGR281W 73 1232
YGR282C 10 500
YGR283C 16 277
YGR284C 11 190
YGR285C 10 331
YGR286C 23 678
YGR287C 34 607
YGR288W 24 244
YGR289C 15 192
YGR290W 3 71
YGR291C 4 72
YGR292W 2 132
YGR293C 0 0
YGR294W 0 0
YGR295C 13 162
YGR296W 0 0
YGR296C-A 0 0
YGR296C-B 0 0
YHL050C 2 9
YHL050W-A 1 3
YHL049C 0 0
YHL048C-A 1 1
YHL048W 9 79
YHL047C 19 516
YHL046W-A 4 46
YHL046C 1 1
YHL045W 12 1215
YHL044W 8 422
YHL043W 5 140
YHL042W 26 3699
YHL041W 14 629
YHL040C 35 1216
YHL039W 23 546
YHL038C 19 164
YHL037C 20 2939
YHL036W 44 2264
YHL035C 42 1852
YHL034W-A 7 95
YHL034C 9 100
YHL033C 10 120
YHL032C 47 26591
YHL031C 25 1364
YHL030W-A 17 305
YHL030W 56 1424
YHL029C 32 960
YHL028W 39 765
YHL027W 44 2354
YHL026C 24 2481
YHL025W 54 3042
YHL024W 48 1683
YHL023C 31 1244
YHL022C 8 167
YHL021C 36 680
YHL020C 18 905
YHL019W-A 13 236
YHL019C 24 362
YHL018W 7 2514
YHL017W 19 179
YHL016C 37 887
YHL015W-A 2 45
YHL015W 0 0
YHL014C 24 597
YHL013C 10 118
YHL012W 23 880
YHL011C 8 203
YHL010C 32 955
YHL009C 5 246
YHL008C 11 88
YHL007C 48 1287
YHL006W-A 19 1162
YHL006C 40 3616
YHL005C 27 2676
YHL004W 25 669
YHL003C 20 632
YHL002C-A 21 436
YHL002W 45 1531
YHL001W 15 246
YHR001W 51 29917
YHR001W-A 16 1776
YHR002W 48 1085
YHR003C 36 969
YHR004C 18 450
YHR005C 9 40
YHR005C-A 9 154
YHR006W 22 400
YHR007C 13 332
YHR007C-A 18 1196
YHR008C 12 541
YHR009C 29 604
YHR010W 2 5
YHR011W 13 312
YHR012W 6 67
YHR013C 6 181
YHR014W 1 2
YHR015W 7 27
YHR016C 13 430
YHR017W 11 1265
YHR018C 18 242
YHR019C 18 370
YHR020W 16 235
YHR021C 4 40
YHR021W-A 6 144
YHR022C 17 994
YHR022C-A 1 2
YHR023W 54 1218
YHR024C 13 103
YHR025W 12 161
YHR026W 4 22
YHR027C 29 333
YHR028C 34 1486
YHR028W-A 17 25711
YHR029C 20 875
YHR030C 18 345
YHR031C 38 24090
YHR032W 66 3077
YHR032W-A 7 1985
YHR032C-A 6 118
YHR033W 71 3242
YHR034C 30 1918
YHR035W 25 530
YHR036W 18 2113
YHR037W 21 2990
YHR038W 3 155
YHR039C 17 338
YHR039C-A 6 75
YHR040W 18 403
YHR041C 14 246
YHR042W 22 153
YHR043C 13 171
YHR044C 14 206
YHR045W 15 153
YHR046C 12 162
YHR047C 33 914
YHR048W 44 1256
YHR049W 23 847
YHR049C-A 14 2954
YHR050W 47 5463
YHR050W-A 6 49
YHR051W 6 25
YHR052W 5 36
YHR052W-A 0 0
YHR053C 0 0
YHR054C 0 0
YHR054W-A 0 0
YHR055C 0 0
YHR056C 31 980
YHR056W-A 9 336
YHR057C 24 483
YHR058C 9 492
YHR059W 3 18
YHR060W 5 110
YHR061C 13 251
YHR062C 13 295
YHR063C 12 306
YHR063W-A 4 431
YHR064C 5 133
YHR065C 23 826
YHR066W 10 445
YHR067W 14 548
YHR068W 15 308
YHR069C 8 346
YHR069C-A 4 55
YHR070W 43 2435
YHR070C-A 36 2504
YHR071W 20 751
YHR071C-A 9 78
YHR072W 27 502
YHR072W-A 1 4
YHR073W 48 1062
YHR073W-A 3 151
YHR073C-B 1 39
YHR074W 25 420
YHR075C 15 456
YHR076W 7 47
YHR077C 31 493
YHR078W 14 698
YHR079C 39 800
YHR079C-A 1 4
YHR080C 65 3855
YHR081W 5 87
YHR082C 54 1054
YHR083W 20 455
YHR084W 33 1929
YHR085W 7 90
YHR086W 22 484
YHR086W-A 8 208
YHR087W 14 611
YHR088W 0 0
YHR089C 6 114
YHR090C 2 70
YHR091C 23 315
YHR092C 25 351
YHR093W 8 165
YHR094C 26 2001
YHR095W 9 96
YHR096C 31 763
YHR097C 29 1516
YHR098C 27 587
YHR099W 87 2050
YHR100C 6 167
YHR101C 8 226
YHR102W 16 261
YHR103W 27 413
YHR104W 9 75
YHR105W 3 197
YHR106W 8 90
YHR107C 4 39
YHR108W 27 907
YHR109W 15 265
YHR110W 4 94
YHR111W 13 359
YHR112C 23 845
YHR113W 26 390
YHR114W 24 322
YHR115C 22 858
YHR116W 14 120
YHR117W 17 429
YHR118C 12 204
YHR119W 38 857
YHR120W 17 157
YHR121W 7 172
YHR122W 11 974
YHR123W 12 255
YHR124W 23 704
YHR125W 3 109
YHR126C 20 970
YHR127W 6 31
YHR128W 8 376
YHR129C 9 139
YHR130C 2 9
YHR131C 33 678
YHR131W-A 6 158
YHR132C 29 964
YHR132W-A 11 311
YHR133C 14 168
YHR134W 15 75
YHR135C 32 1483
YHR136C 15 1162
YHR137W 13 250
YHR137C-A 8 236
YHR138C 11 222
YHR139C 8 114
YHR139C-A 10 430
YHR140W 22 1352
YHR141C 5 18
YHR142W 20 728
YHR143W 7 1348
YHR143W-A 0 0
YHR144C 11 420
YHR145C 3 11
YHR146W 5 257
YHR147C 3 169
YHR148W 7 148
YHR149C 21 457
YHR150W 28 531
YHR151C 21 1188
YHR152W 13 335
YHR153C 13 250
YHR154W 40 823
YHR155W 19 885
YHR156C 32 742
YHR157W 7 124
YHR158C 30 33999
YHR159W 26 813
YHR160C 5 44
YHR161C 44 3579
YHR162W 0 0
YHR163W 10 234
YHR164C 35 962
YHR165C 72 1174
YHR165W-A 2 80
YHR166C 34 1362
YHR167W 10 197
YHR168W 23 1406
YHR169W 21 865
YHR170W 18 569
YHR171W 18 175
YHR172W 29 4134
YHR173C 28 1237
YHR174W 26 502
YHR175W 15 401
YHR175W-A 1 1
YHR176W 24 436
YHR177W 17 307
YHR178W 36 732
YHR179W 13 55
YHR180W 14 140
YHR180W-A 3 90
YHR180C-B 2 14
YHR181W 5 106
YHR182W 26 891
YHR182C-A 9 234
YHR183W 29 646
YHR184W 12 334
YHR185C 4 58
YHR186C 46 969
YHR187W 5 80
YHR188C 26 771
YHR189W 11 207
YHR190W 17 385
YHR191C 2 57
YHR192W 14 257
YHR193C 10 294
YHR193C-A 5 1127
YHR194W 44 2346
YHR195W 14 558
YHR196W 14 180
YHR197W 4 17
YHR198C 16 462
YHR199C 23 1237
YHR199C-A 4 5
YHR200W 8 284
YHR201C 8 76
YHR202W 27 686
YHR203C 5 106
YHR204W 45 1679
YHR205W 22 265
YHR206W 19 464
YHR207C 25 522
YHR208W 19 472
YHR209W 9 70
YHR210C 17 244
YHR211W 27 391
YHR212C 0 0
YHR212W-A 0 0
YHR213W 0 0
YHR213W-A 0 0
YHR213W-B 14 657
YHR214W 1 6
YHR214W-A 0 0
YHR214C-D 0 0
YHR214C-E 1 2
YHR215W 2 3
YHR216W 25 623
YHR217C 5 73
YHR218W 0 0
YHR218W-A 0 0
YHR219W 0 0
YHR219C-A 0 0
YIL177C 0 0
YIL177W-A 0 0
YIL176C 0 0
YIL173W 1 3
YIL172C 0 0
YIL171W-A 0 0
YIL169C 13 205
YIL166C 20 600
YIL165C 9 123
YIL164C 17 262
YIL163C 21 1282
YIL162W 36 7335
YIL161W 3 152
YIL160C 13 136
YIL159W 50 1491
YIL158W 9 231
YIL157C 12 274
YIL156W-A 11 194
YIL156W-B 8 301
YIL156W 53 1207
YIL155C 57 904
YIL154C 68 2173
YIL153W 27 304
YIL152W 21 938
YIL151C 30 317
YIL150C 20 387
YIL149C 48 903
YIL148W 1 4
YIL147C 22 523
YIL146C 9 218
YIL145C 9 129
YIL144W 13 385
YIL143C 25 1110
YIL142C-A 6 67
YIL142W 31 925
YIL141W 9 576
YIL140W 25 465
YIL139C 17 428
YIL138C 4 31
YIL137C 45 1368
YIL136W 17 407
YIL135C 23 668
YIL134C-A 12 288
YIL134W 12 137
YIL133C 5 20
YIL132C 15 513
YIL131C 30 2078
YIL130W 43 777
YIL129C 56 802
YIL128W 23 1268
YIL127C 6 31
YIL126W 35 2369
YIL125W 69 2489
YIL124W 6 40
YIL123W 45 1602
YIL122W 7 107
YIL121W 22 656
YIL120W 45 2132
YIL119C 11 351
YIL118W 12 303
YIL117C 17 292
YIL116W 7 55
YIL115W-A 0 0
YIL115C 30 595
YIL114C 5 53
YIL113W 20 1009
YIL112W 41 1118
YIL111W 7 402
YIL110W 12 360
YIL109C 33 939
YIL108W 41 1402
YIL107C 36 2122
YIL106W 13 413
YIL105C 34 787
YIL105W-A 1 1
YIL104C 17 328
YIL103W 17 330
YIL102C-A 7 168
YIL102C 1 230
YIL101C 45 2122
YIL100C-A 20 2043
YIL100W 23 2198
YIL099W 35 895
YIL098C 6 77
YIL097W 13 523
YIL096C 16 34436
YIL095W 25 549
YIL094C 18 320
YIL093C 21 470
YIL092W 31 800
YIL091C 22 786
YIL090W 5 102
YIL089W 5 106
YIL088C 24 561
YIL087C 6 32
YIL086C 9 103
YIL085C 35 789
YIL084C 17 419
YIL083C 6 96
YIL082W 9 83
YIL079C 7 153
YIL078W 21 416
YIL077C 47 2202
YIL076W 7 36
YIL075C 25 349
YIL074C 39 1080
YIL073C 26 984
YIL072W 12 197
YIL071W-A 3 121
YIL071C 14 2132
YIL070C 6 89
YIL069C 7 124
YIL068W-A 6 73
YIL068C 23 418
YIL067C 27 925
YIL066W-A 3 45
YIL066C 23 336
YIL065C 15 468
YIL064W 31 4042
YIL063C 15 484
YIL062C 10 140
YIL061C 7 117
YIL060W 1 3
YIL059C 3 10
YIL058W 7 286
YIL057C 16 3386
YIL056W 29 1620
YIL055C 29 684
YIL054W 26 2908
YIL053W 12 273
YIL052C 0 0
YIL051C 17 699
YIL050W 6 22
YIL049W 16 492
YIL048W 22 229
YIL047C-A 12 265
YIL047C 59 1117
YIL046W-A 28 5279
YIL046W 49 716
YIL045W 17 1544
YIL044C 9 88
YIL043C 26 623
YIL042C 17 254
YIL041W 10 271
YIL040W 3 103
YIL039W 23 771
YIL038C 16 199
YIL037C 16 189
YIL036W 34 5921
YIL035C 20 462
YIL034C 23 413
YIL033C 26 1001
YIL032C 7 579
YIL031W 26 579
YIL030W-A 5 387
YIL030C 52 6057
YIL029W-A 12 322
YIL029C 6 844
YIL028W 5 170
YIL027C 5 32
YIL026C 31 1176
YIL025C 4 42
YIL024C 8 32
YIL023C 19 263
YIL022W 16 308
YIL021W 20 587
YIL021C-A 1 4
YIL020C-A 7 391
YIL020C 14 796
YIL019W 14 377
YIL018W 2 2
YIL017C 31 369
YIL016W 2 15
YIL015W 15 665
YIL014C-A 2 7
YIL014W 13 195
YIL013C 44 1245
YIL012W 22 2561
YIL011W 9 225
YIL010W 15 338
YIL009C-A 14 421
YIL009W 45 1852
YIL008W 3 88
YIL007C 20 482
YIL006W 16 580
YIL005W 33 1051
YIL004C 11 83
YIL003W 34 938
YIL002W-A 4 105
YIL002C 68 4483
YIL001W 66 2717
YIR001C 22 1625
YIR002C 63 1504
YIR003W 29 554
YIR004W 11 275
YIR005W 16 168
YIR006C 49 1886
YIR007W 23 462
YIR008C 6 124
YIR009W 1 2
YIR010W 21 476
YIR011C 3 40
YIR012W 10 91
YIR013C 6 176
YIR014W 20 389
YIR015W 24 2197
YIR016W 24 522
YIR017C 36 1870
YIR017W-A 39 2496
YIR018W 16 439
YIR018C-A 9 387
YIR019C 30 1447
YIR020C 6 256
YIR020W-A 12 1727
YIR020C-B 11 283
YIR021W 16 727
YIR021W-A 6 201
YIR022W 3 57
YIR023W 30 750
YIR023C-A 2 42
YIR024C 3 27
YIR025W 15 355
YIR026C 15 667
YIR027C 12 250
YIR028W 27 5704
YIR029W 12 183
YIR030C 5 21
YIR030W-A 4 49
YIR031C 16 366
YIR032C 10 470
YIR033W 30 563
YIR034C 21 3916
YIR035C 11 370
YIR036C 12 199
YIR036W-A 9 167
YIR037W 3 84
YIR038C 12 1585
YIR039C 7 74
YIR040C 0 0
YIR041W 0 0
YIR042C 5 39
YJL225C 0 0
YJL225W-A 0 0
YJL223C 0 0
YJL222W-B 0 0
YJL222W-A 0 0
YJL222W 0 0
YJL221C 0 0
YJL220W 0 0
YJL219W 10 903
YJL218W 3 63
YJL217W 7 199
YJL216C 19 211
YJL215C 9 130
YJL214W 21 321
YJL213W 17 419
YJL212C 44 814
YJL211C 34 3805
YJL210W 36 729
YJL209W 30 475
YJL208C 15 153
YJL207C 71 2452
YJL206C 34 1014
YJL205C 6 147
YJL204C 16 302
YJL203W 7 150
YJL202C 7 2100
YJL201W 19 379
YJL200C 52 1996
YJL199C 6 352
YJL198W 28 848
YJL197W 45 3743
YJL197C-A 3 6
YJL196C 19 648
YJL195C 12 228
YJL194W 21 501
YJL193W 4 29
YJL192C 14 185
YJL191W 32 3477
YJL190C 8 174
YJL189W 2 56
YJL188C 2 56
YJL187C 32 948
YJL186W 27 726
YJL185C 14 341
YJL184W 10 225
YJL183W 38 2247
YJL182C 11 133
YJL181W 37 676
YJL180C 7 218
YJL179W 2 39
YJL178C 11 552
YJL177W 4 46
YJL176C 11 191
YJL175W 6 160
YJL174W 5 79
YJL173C 0 0
YJL172W 33 6891
YJL171C 16 415
YJL170C 15 111
YJL169W 2 39
YJL168C 27 868
YJL167W 19 231
YJL166W 4 149
YJL165C 39 1291
YJL164C 21 510
YJL163C 28 507
YJL162C 28 1797
YJL161W 15 434
YJL160C 6 124
YJL159W 5 18
YJL158C 24 248
YJL157C 74 4444
YJL156W-A 15 572
YJL156C 54 1788
YJL155C 21 893
YJL154C 37 1423
YJL153C 20 384
YJL152W 32 2213
YJL151C 22 1439
YJL150W 20 4862
YJL149W 26 1428
YJL148W 6 641
YJL147C 13 276
YJL146W 18 777
YJL145W 7 70
YJL144W 5 103
YJL143W 7 45
YJL142C 2 20
YJL141C 43 901
YJL140W 9 342
YJL139C 16 673
YJL138C 3 362
YJL137C 18 680
YJL136W-A 1 3
YJL136C 3 22
YJL135W 17 1159
YJL134W 17 222
YJL133C-A 18 400
YJL133W 28 1564
YJL132W 26 350
YJL131C 9 113
YJL130C 105 3996
YJL129C 46 1178
YJL128C 25 578
YJL127W-A 6 704
YJL127C-B 6 71
YJL127C 49 991
YJL126W 18 362
YJL125C 15 219
YJL124C 5 41
YJL123C 24 682
YJL122W 10 272
YJL121C 12 79
YJL120W 7 326
YJL119C 12 474
YJL118W 20 578
YJL117W 12 94
YJL116C 32 1401
YJL115W 5 146
YJL112W 23 389
YJL111W 14 137
YJL110C 12 94
YJL109C 45 931
YJL108C 14 155
YJL107C 28 891
YJL106W 34 963
YJL105W 17 179
YJL104W 3 97
YJL103C 26 991
YJL102W 25 207
YJL101C 23 964
YJL100W 31 464
YJL099W 29 2148
YJL098W 45 1048
YJL097W 3 45
YJL096W 4 52
YJL095W 34 787
YJL094C 38 20157
YJL093C 25 535
YJL092W 19 336
YJL091C 8 58
YJL090C 25 445
YJL089W 20 2728
YJL088W 23 702
YJL087C 10 307
YJL086C 8 172
YJL085W 14 244
YJL084C 26 410
YJL083W 26 677
YJL082W 34 821
YJL081C 8 30
YJL080C 45 1193
YJL079C 9 320
YJL078C 73 2675
YJL077W-B 4 89
YJL077C 25 2718
YJL077W-A 4 44
YJL076W 31 845
YJL075C 4 70
YJL074C 21 483
YJL073W 21 444
YJL072C 5 239
YJL071W 13 336
YJL070C 24 574
YJL069C 16 306
YJL068C 17 134
YJL067W 11 266
YJL066C 20 424
YJL065C 10 365
YJL064W 6 304
YJL063C 5 154
YJL062W-A 12 133
YJL062W 22 1049
YJL061W 7 37
YJL060W 14 171
YJL059W 17 747
YJL058C 24 370
YJL057C 19 312
YJL056C 34 671
YJL055W 10 456
YJL054W 12 223
YJL053W 12 344
YJL052C-A 14 1226
YJL052W 21 719
YJL051W 43 995
YJL050W 23 289
YJL049W 7 165
YJL048C 19 533
YJL047C-A 5 121
YJL047C 29 449
YJL046W 7 269
YJL045W 24 768
YJL044C 12 166
YJL043W 43 18429
YJL042W 49 1009
YJL041W 11 159
YJL039C 27 975
YJL038C 1 4
YJL037W 10 303
YJL036W 13 251
YJL035C 16 388
YJL034W 28 590
YJL033W 19 168
YJL032W 2 7
YJL031C 4 17
YJL030W 15 1297
YJL029C 30 481
YJL028W 22 842
YJL027C 45 3380
YJL026W 10 129
YJL026C-A 1 2
YJL025W 24 461
YJL024C 9 117
YJL023C 9 167
YJL022W 2 4
YJL020C 32 1073
YJL020W-A 0 0
YJL019W 34 774
YJL016W 30 337
YJL015C 12 2170
YJL014W 10 154
YJL013C 10 100
YJL012C 40 956
YJL011C 4 127
YJL010C 8 224
YJL009W 1 16
YJL008C 15 194
YJL007C 9 423
YJL006C 11 174
YJL005W 48 1897
YJL004C 27 1169
YJL003W 7 284
YJL002C 24 1072
YJL001W 26 239
YJR001W 85 8126
YJR002W 25 500
YJR003C 30 1183
YJR004C 48 1296
YJR005W 21 796
YJR005C-A 4 108
YJR006W 8 175
YJR007W 1 1
YJR008W 34 860
YJR009C 16 928
YJR010W 29 1299
YJR010C-A 6 74
YJR011C 14 252
YJR012C 13 249
YJR013W 15 213
YJR014W 5 75
YJR015W 25 745
YJR016C 17 761
YJR017C 11 275
YJR018W 6 73
YJR019C 34 791
YJR020W 10 263
YJR021C 17 470
YJR022W 1 46
YJR023C 2 279
YJR024C 15 151
YJR025C 1 16
YJR030C 37 1434
YJR031C 33 864
YJR032W 11 209
YJR033C 29 464
YJR034W 12 122
YJR035W 27 711
YJR036C 24 1317
YJR037W 2 125
YJR038C 6 111
YJR039W 41 721
YJR040W 13 328
YJR041C 11 114
YJR042W 12 164
YJR043C 13 258
YJR044C 5 115
YJR045C 19 496
YJR046W 13 205
YJR047C 7 279
YJR048W 14 477
YJR049C 24 476
YJR050W 10 542
YJR051W 33 1755
YJR052W 20 649
YJR053W 20 658
YJR054W 12 173
YJR055W 5 170
YJR056C 8 97
YJR057W 6 466
YJR058C 21 1014
YJR059W 32 1453
YJR060W 17 287
YJR061W 34 534
YJR062C 10 118
YJR063W 5 108
YJR064W 29 931
YJR065C 23 526
YJR066W 80 3964
YJR067C 7 219
YJR068W 10 186
YJR069C 6 130
YJR070C 3 91
YJR071W 11 138
YJR072C 23 372
YJR073C 13 297
YJR074W 24 477
YJR075W 19 426
YJR076C 15 336
YJR077C 16 169
YJR078W 38 1796
YJR079W 14 867
YJR080C 19 856
YJR082C 5 107
YJR083C 14 215
YJR084W 19 432
YJR085C 5 362
YJR086W 4 66
YJR087W 7 946
YJR088C 14 1025
YJR089W 26 366
YJR090C 25 720
YJR091C 30 428
YJR092W 46 1096
YJR093C 16 503
YJR094C 19 383
YJR094W-A 6 211
YJR095W 15 184
YJR096W 17 560
YJR097W 2 5
YJR098C 22 450
YJR099W 8 147
YJR100C 15 264
YJR101W 11 156
YJR102C 5 455
YJR103W 59 3291
YJR104C 13 159
YJR105W 22 503
YJR106W 22 640
YJR107W 18 228
YJR108W 17 1701
YJR109C 58 1030
YJR110W 44 2372
YJR111C 17 447
YJR112W 8 257
YJR112W-A 11 426
YJR113C 22 483
YJR114W 17 317
YJR115W 43 1394
YJR116W 28 1597
YJR117W 20 786
YJR118C 6 110
YJR119C 36 1007
YJR120W 16 788
YJR121W 27 472
YJR122W 19 456
YJR123W 2 3
YJR124C 27 838
YJR125C 20 369
YJR126C 34 826
YJR127C 76 2888
YJR128W 17 665
YJR129C 38 4126
YJR130C 21 611
YJR131W 32 495
YJR132W 29 998
YJR133W 5 130
YJR134C 11 260
YJR135C 9 125
YJR135W-A 0 0
YJR136C 7 78
YJR137C 52 2410
YJR138W 49 1162
YJR139C 20 536
YJR140C 28 586
YJR140W-A 2 10
YJR141W 3 87
YJR142W 20 1016
YJR143C 18 471
YJR144W 15 371
YJR145C 2 29
YJR146W 18 168
YJR147W 14 149
YJR148W 41 3118
YJR149W 19 514
YJR150C 6 28
YJR151C 21 429
YJR151W-A 2 5
YJR152W 13 283
YJR153W 15 965
YJR154W 17 388
YJR155W 14 336
YJR156C 2 38
YJR157W 0 0
YJR158W 0 0
YJR159W 0 0
YJR160C 1 3
YJR161C 1 1
YJR162C 5 38
YKL225W 4 13
YKL224C 1 1
YKL223W 7 229
YKL222C 13 355
YKL221W 23 280
YKL220C 22 1549
YKL219W 5 55
YKL218C 24 766
YKL217W 48 867
YKL216W 11 228
YKL215C 57 2275
YKL214C 9 130
YKL213C 28 559
YKL212W 13 323
YKL211C 21 306
YKL210W 33 1222
YKL209C 56 2856
YKL208W 14 315
YKL207W 15 306
YKL206C 15 384
YKL205W 35 1567
YKL204W 13 412
YKL203C 84 2122
YKL202W 3 7286
YKL201C 45 826
YKL198C 191 38766
YKL197C 60 1979
YKL196C 5 58
YKL195W 13 411
YKL194C 14 370
YKL193C 16 166
YKL192C 4 140
YKL191W 27 519
YKL190W 2 128
YKL189W 6 57
YKL188C 28 634
YKL187C 54 1633
YKL186C 33 5704
YKL185W 38 1769
YKL184W 13 792
YKL183C-A 14 1401
YKL183W 45 5974
YKL182W 123 2859
YKL181W 16 405
YKL180W 1 47
YKL179C 12 331
YKL178C 20 1415
YKL177W 6 43
YKL176C 27 425
YKL175W 43 1859
YKL174C 15 176
YKL173W 17 173
YKL172W 5 153
YKL171W 51 1972
YKL170W 6 126
YKL169C 6 126
YKL168C 31 5079
YKL167C 1 3
YKL166C 17 264
YKL165C-A 5 60
YKL165C 48 1077
YKL164C 3 30
YKL163W 8 273
YKL162C-A 7 28
YKL162C 16 482
YKL161C 12 127
YKL160W 4 43
YKL159C 7 75
YKL157W 46 2082
YKL156W 5 47
YKL156C-A 0 0
YKL155C 26 309
YKL154W 15 589
YKL153W 17 495
YKL152C 21 554
YKL151C 45 2204
YKL150W 32 753
YKL149C 19 291
YKL148C 80 3172
YKL147C 33 2172
YKL146W 43 2138
YKL145W 15 605
YKL145W-A 0 0
YKL144C 5 109
YKL143W 14 234
YKL142W 6 92
YKL141W 11 287
YKL140W 12 91
YKL139W 11 572
YKL138C-A 5 126
YKL138C 8 739
YKL137W 4 92
YKL136W 8 87
YKL135C 24 408
YKL134C 27 562
YKL133C 15 1760
YKL132C 14 287
YKL131W 5 126
YKL130C 2 28
YKL129C 40 477
YKL128C 28 858
YKL127W 27 500
YKL126W 14 279
YKL125W 24 314
YKL124W 14 171
YKL123W 7 194
YKL122C 3 76
YKL121W 28 667
YKL120W 17 412
YKL119C 7 287
YKL118W 9 209
YKL117W 10 278
YKL116C 16 342
YKL115C 6 66
YKL114C 12 558
YKL113C 11 138
YKL112W 30 700
YKL111C 3 16
YKL110C 24 490
YKL109W 50 585
YKL108W 12 137
YKL107W 12 327
YKL106C-A 2 26
YKL106W 15 398
YKL105C 47 1143
YKL104C 35 616
YKL103C 39 1163
YKL102C 11 266
YKL101W 61 1371
YKL100C 23 696
YKL100W-A 1 16
YKL099C 6 324
YKL098W 18 735
YKL097C 31 4679
YKL096C-B 0 0
YKL096W-A 0 0
YKL096W 29 838
YKL095W 10 137
YKL094W 32 917
YKL093W 27 552
YKL092C 22 266
YKL091C 13 268
YKL090W 25 460
YKL089W 11 91
YKL088W 11 239
YKL087C 16 815
YKL086W 37 1308
YKL085W 21 732
YKL084W 24 959
YKL083W 4 3845
YKL082C 3 177
YKL081W 24 1388
YKL080W 12 233
YKL079W 28 1005
YKL078W 7 33
YKL077W 15 300
YKL076C 2 14
YKL075C 15 394
YKL074C 23 263
YKL073W 18 502
YKL072W 35 1076
YKL071W 8 197
YKL070W 2 123
YKL069W 6 72
YKL068W-A 3 26
YKL068W 21 349
YKL067W 9 76
YKL066W 13 343
YKL065W-A 5 78
YKL065C 8 67
YKL064W 41 759
YKL063C 9 253
YKL062W 18 506
YKL061W 3 10
YKL060C 22 701
YKL059C 21 219
YKL058W 0 0
YKL057C 25 789
YKL056C 6 76
YKL055C 14 274
YKL054C 10 182
YKL053C-A 10 42
YKL053W 12 322
YKL052C 26 500
YKL051W 24 772
YKL050C 33 644
YKL049C 8 49
YKL048C 4 78
YKL047W 23 374
YKL046C 21 923
YKL045W 39 2790
YKL044W 10 668
YKL043W 20 401
YKL042W 13 82
YKL041W 3 120
YKL040C 10 71
YKL039W 37 934
YKL038W 53 20186
YKL037W 27 1269
YKL036C 21 935
YKL035W 27 846
YKL034W 37 1115
YKL033W-A 9 243
YKL033W 16 224
YKL032C 25 1105
YKL031W 23 1278
YKL030W 40 1632
YKL029C 109 3407
YKL028W 9 112
YKL027W 22 428
YKL026C 11 2363
YKL025C 33 576
YKL024C 16 266
YKL023C-A 2 5
YKL023W 9 76
YKL022C 44 1124
YKL021C 22 736
YKL020C 25 512
YKL019W 13 201
YKL018C-A 9 194
YKL018W 11 185
YKL017C 23 400
YKL016C 3 18
YKL015W 34 991
YKL014C 29 374
YKL013C 1 2
YKL012W 16 151
YKL011C 17 929
YKL010C 50 1075
YKL009W 6 27
YKL008C 24 1614
YKL007W 22 427
YKL006C-A 8 132
YKL006W 0 0
YKL005C 46 1059
YKL004W 29 1099
YKL003C 15 394
YKL002W 15 847
YKL001C 15 488
YKR001C 34 1409
YKR002W 25 838
YKR003W 57 1148
YKR004C 26 383
YKR005C 29 638
YKR006C 8 416
YKR007W 3 42
YKR008W 10 268
YKR009C 40 1474
YKR010C 25 441
YKR011C 13 468
YKR012C 16 246
YKR013W 9 82
YKR014C 1 10
YKR015C 17 245
YKR016W 14 318
YKR017C 14 1501
YKR018C 19 468
YKR019C 24 1785
YKR020W 0 0
YKR021W 33 637
YKR022C 13 381
YKR023W 18 571
YKR024C 19 493
YKR025W 6 200
YKR026C 13 666
YKR027W 36 687
YKR028W 31 932
YKR029C 8 165
YKR030W 3 32
YKR031C 44 789
YKR032W 10 148
YKR033C 1 11
YKR034W 5 52
YKR035C 4 133
YKR035W-A 4 133
YKR036C 32 911
YKR037C 14 419
YKR038C 18 543
YKR039W 16 225
YKR040C 34 1855
YKR041W 48 5558
YKR042W 14 448
YKR043C 29 804
YKR044W 41 1343
YKR045C 21 439
YKR046C 24 1857
YKR047W 12 273
YKR048C 29 485
YKR049C 10 364
YKR050W 29 77071
YKR051W 26 382
YKR052C 9 55
YKR053C 25 1056
YKR054C 117 2190
YKR055W 11 68
YKR056W 25 678
YKR057W 6 59
YKR058W 25 355
YKR059W 3 54
YKR060W 12 351
YKR061W 41 1517
YKR062W 4 81
YKR063C 20 288
YKR064W 28 853
YKR065C 4 30
YKR066C 18 172
YKR067W 31 665
YKR068C 8 338
YKR069W 28 1256
YKR070W 16 632
YKR071C 9 315
YKR072C 17 306
YKR073C 19 1381
YKR074W 10 419
YKR075C 23 748
YKR075W-A 16 679
YKR076W 36 901
YKR077W 9 181
YKR078W 19 301
YKR079C 27 693
YKR080W 22 484
YKR081C 8 202
YKR082W 23 585
YKR083C 6 180
YKR084C 21 709
YKR085C 8 245
YKR086W 22 340
YKR087C 11 378
YKR088C 15 513
YKR089C 30 718
YKR090W 29 1700
YKR091W 14 292
YKR092C 15 826
YKR093W 64 1824
YKR094C 6 273
YKR095W 32 393
YKR095W-A 11 228
YKR096W 42 2061
YKR097W 41 865
YKR098C 28 936
YKR099W 27 839
YKR100C 13 320
YKR101W 36 589
YKR102W 37 1633
YKR103W 32 601
YKR104W 8 281
YKR105C 2 105
YKR106W 7 156
YLL067C 0 0
YLL067W-A 0 0
YLL066W-B 0 0
YLL066C 0 0
YLL066W-A 0 0
YLL065W 3 107
YLL064C 0 0
YLL063C 22 2440
YLL062C 11 80
YLL061W 22 430
YLL060C 20 842
YLL059C 25 2391
YLL058W 12 624
YLL057C 29 842
YLL056C 13 1718
YLL055W 11 181
YLL054C 16 394
YLL053C 10 83
YLL052C 8 325
YLL051C 28 5005
YLL050C 2 12
YLL049W 9 191
YLL048C 58 1878
YLL047W 7 366
YLL046C 9 373
YLL045C 15 284
YLL044W 13 207
YLL043W 14 156
YLL042C 7 34
YLL041C 23 603
YLL040C 98 2523
YLL039C 31 601
YLL038C 15 536
YLL037W 3 75
YLL036C 7 283
YLL035W 12 206
YLL034C 7 57
YLL033W 7 89
YLL032C 21 334
YLL031C 24 333
YLL030C 10 742
YLL029W 72 8217
YLL028W 57 5963
YLL027W 13 453
YLL026W 63 2013
YLL025W 4 60
YLL024C 24 1229
YLL023C 22 518
YLL022C 22 469
YLL021W 46 900
YLL020C 5 151
YLL019C 17 214
YLL019W-A 0 0
YLL018C-A 6 53
YLL018C 15 241
YLL015W 36 1096
YLL014W 4 731
YLL013C 39 1021
YLL012W 33 1256
YLL011W 22 465
YLL010C 32 723
YLL009C 2 30
YLL008W 9 157
YLL007C 15 232
YLL006W-A 9 162
YLL006W 6 99
YLL005C 21 259
YLL004W 22 387
YLL003W 23 512
YLL002W 27 1455
YLL001W 73 2018
YLR001C 91 5166
YLR002C 22 501
YLR003C 4 108
YLR004C 38 837
YLR005W 24 691
YLR006C 34 3060
YLR007W 17 347
YLR008C 5 280
YLR009W 5 40
YLR010C 1 1
YLR011W 14 309
YLR012C 2 42
YLR013W 4 177
YLR014C 29 601
YLR015W 17 580
YLR016C 9 111
YLR017W 16 546
YLR018C 13 180
YLR019W 37 1451
YLR020C 11 828
YLR021W 6 52
YLR022C 15 322
YLR023C 30 748
YLR024C 89 5661
YLR025W 5 53
YLR026C 4 94
YLR027C 25 1134
YLR028C 43 1898
YLR029C 5 16
YLR030W 12 73
YLR031W 2 607
YLR032W 22 441
YLR033W 6 223
YLR034C 11 141
YLR035C 29 425
YLR036C 9 244
YLR037C 1 2
YLR038C 10 185
YLR039C 23 548
YLR040C 12 332
YLR041W 8 127
YLR042C 8 236
YLR043C 4 42
YLR044C 42 1160
YLR045C 37 740
YLR046C 4 37
YLR047C 21 903
YLR048W 7 74
YLR049C 9 254
YLR050C 8 242
YLR051C 9 301
YLR052W 3 124
YLR053C 3 11
YLR054C 24 440
YLR055C 25 369
YLR056W 18 1991
YLR057W 50 1237
YLR058C 23 1064
YLR059C 41 6014
YLR060W 24 537
YLR061W 3 18
YLR062C 0 0
YLR063W 6 30
YLR064W 4 519
YLR065C 0 0
YLR066W 12 106
YLR067C 24 446
YLR068W 10 328
YLR069C 35 767
YLR070C 31 619
YLR071C 31 648
YLR072W 29 422
YLR073C 14 397
YLR074C 23 1528
YLR075W 6 12
YLR076C 2 9
YLR077W 44 1606
YLR078C 15 232
YLR079W 11 180
YLR080W 36 1407
YLR081W 67 11804
YLR082C 12 329
YLR083C 22 257
YLR084C 67 3327
YLR085C 31 3182
YLR086W 28 842
YLR087C 95 2432
YLR088W 13 151
YLR089C 9 178
YLR090W 24 308
YLR091W 24 387
YLR092W 56 30864
YLR093C 12 350
YLR094C 41 889
YLR095C 26 691
YLR096W 32 441
YLR097C 7 231
YLR098C 21 810
YLR099C 18 192
YLR099W-A 22 684
YLR100W 25 599
YLR101C 12 210
YLR102C 10 256
YLR103C 16 184
YLR104W 5 66
YLR105C 12 168
YLR106C 87 1177
YLR107W 16 746
YLR108C 21 298
YLR109W 16 277
YLR110C 3 14
YLR111W 12 2485
YLR112W 30 1169
YLR113W 41 997
YLR114C 26 407
YLR115W 21 476
YLR116W 20 324
YLR117C 27 771
YLR118C 2 98
YLR119W 10 215
YLR120C 26 437
YLR120W-A 6 2237
YLR121C 23 1282
YLR122C 4 49
YLR123C 4 49
YLR124W 5 148
YLR125W 4 40
YLR126C 5 971
YLR127C 22 176
YLR128W 8 219
YLR129W 20 198
YLR130C 28 479
YLR131C 30 1178
YLR132C 12 212
YLR133W 9 78
YLR134W 12 228
YLR135W 28 1290
YLR136C 8 81
YLR137W 28 849
YLR138W 42 1041
YLR139C 14 201
YLR140W 15 622
YLR141W 59 3493
YLR142W 27 497
YLR143W 14 171
YLR144C 19 641
YLR145W 2 16
YLR146C 17 170
YLR146W-A 3 67
YLR147C 4 5
YLR148W 30 675
YLR149C 16 256
YLR149C-A 1 7
YLR150W 4 12
YLR151C 11 2371
YLR152C 15 180
YLR153C 31 626
YLR154C 5 137
YLR154W-A 0 0
YLR154W-B 0 0
YLR154W-C 0 0
YLR154W-E 0 0
YLR154W-F 0 0
YLR154C-G 0 0
YLR154C-H 0 0
YLR155C 0 0
YLR156W 0 0
YLR156C-A 0 0
YLR157C 0 0
YLR157W-D 0 0
YLR157W-E 0 0
YLR157C-C 0 0
YLR158C 0 0
YLR159W 0 0
YLR159C-A 0 0
YLR160C 0 0
YLR161W 0 0
YLR162W 1 2
YLR162W-A 4 166
YLR163C 10 148
YLR163W-A 1 21
YLR164W 3 84
YLR165C 7 25
YLR166C 13 214
YLR167W 7 70
YLR168C 14 515
YLR169W 16 1678
YLR170C 16 380
YLR171W 18 515
YLR172C 18 628
YLR173W 41 1074
YLR174W 21 429
YLR175W 22 419
YLR176C 28 818
YLR177W 30 1305
YLR178C 18 427
YLR179C 23 1506
YLR180W 31 866
YLR181C 22 403
YLR182W 13 179
YLR183C 17 345
YLR184W 2 28
YLR185W 8 120
YLR186W 22 770
YLR187W 25 435
YLR188W 36 518
YLR189C 52 1275
YLR190W 23 1995
YLR191W 11 285
YLR192C 5 32
YLR193C 10 94
YLR194C 15 158
YLR195C 13 281
YLR196W 29 866
YLR197W 7 36
YLR198C 0 0
YLR199C 19 446
YLR200W 0 0
YLR201C 12 145
YLR202C 14 238
YLR203C 17 265
YLR204W 5 46
YLR205C 32 810
YLR206W 21 320
YLR207W 47 1546
YLR208W 4 341
YLR209C 22 2620
YLR210W 9 109
YLR211C 4 20
YLR212C 20 95
YLR213C 49 2779
YLR214W 23 257
YLR215C 10 41
YLR216C 22 432
YLR217W 15 347
YLR218C 16 553
YLR219W 28 424
YLR220W 11 208
YLR221C 5 88
YLR222C 12 208
YLR222C-A 0 0
YLR223C 23 358
YLR224W 10 132
YLR225C 10 193
YLR226W 11 173
YLR227C 15 803
YLR228C 24 292
YLR229C 5 41
YLR230W 2 2
YLR231C 29 802
YLR232W 8 322
YLR233C 26 425
YLR234W 78 1694
YLR235C 35 860
YLR236C 29 963
YLR237W 37 1502
YLR238W 13 280
YLR239C 7 208
YLR240W 27 541
YLR241W 28 668
YLR242C 14 136
YLR243W 8 181
YLR244C 27 453
YLR245C 11 97
YLR246W 12 199
YLR247C 43 480
YLR248W 24 579
YLR249W 39 360
YLR250W 9 533
YLR251W 6 175
YLR252W 2 41
YLR253W 37 514
YLR254C 12 440
YLR255C 25 354
YLR256W 90 1376
YLR257W 23 209
YLR258W 53 1549
YLR259C 25 590
YLR260W 28 756
YLR261C 0 0
YLR262C 3 73
YLR262C-A 2 9
YLR263W 21 519
YLR264W 1 1
YLR264C-A 1 14
YLR265C 8 71
YLR266C 28 581
YLR267W 27 8892
YLR268W 6 77
YLR269C 16 704
YLR270W 12 259
YLR271W 7 118
YLR272C 25 779
YLR273C 26 438
YLR274W 27 484
YLR275W 1 25
YLR276C 9 92
YLR277C 16 416
YLR278C 45 1229
YLR279W 28 516
YLR280C 13 276
YLR281C 14 307
YLR282C 9 192
YLR283W 11 430
YLR284C 3 54
YLR285W 4 34
YLR285C-A 4 229
YLR286C 4 31
YLR286W-A 0 0
YLR287C 10 65
YLR287C-A 4 86
YLR288C 17 729
YLR289W 22 280
YLR290C 7 170
YLR291C 15 176
YLR292C 10 195
YLR293C 4 8
YLR294C 6 111
YLR295C 4 76
YLR296W 28 1484
YLR297W 16 892
YLR298C 21 1334
YLR299W 77 8027
YLR299C-A 7 213
YLR300W 28 549
YLR301W 7 186
YLR302C 27 2477
YLR303W 23 716
YLR304C 69 1996
YLR305C 59 1745
YLR306W 9 306
YLR307W 9 200
YLR307C-A 6 92
YLR308W 17 343
YLR309C 28 552
YLR310C 28 1955
YLR311C 7 129
YLR312C 20 258
YLR312W-A 18 165
YLR313C 23 569
YLR314C 23 760
YLR315W 4 27
YLR316C 21 777
YLR317W 6 101
YLR318W 41 1917
YLR319C 14 218
YLR320W 35 890
YLR321C 20 315
YLR322W 6 49
YLR323C 9 114
YLR324W 15 180
YLR325C 8 123
YLR326W 30 972
YLR327C 4 34
YLR328W 18 282
YLR329W 10 777
YLR330W 29 987
YLR331C 3 20
YLR332W 12 323
YLR333C 12 117
YLR334C 6 134
YLR335W 8 1783
YLR336C 29 985
YLR337C 30 325
YLR338W 6 33
YLR339C 2 3
YLR340W 2 3
YLR341W 9 115
YLR342W 59 704
YLR342W-A 1 1
YLR343W 16 237
YLR344W 6 43
YLR345W 20 339
YLR346C 6 63
YLR347C 35 719
YLR347W-A 2 121
YLR348C 47 8216
YLR349W 29 4751
YLR350W 15 349
YLR351C 23 795
YLR352W 33 1367
YLR353W 24 625
YLR354C 23 646
YLR355C 37 1081
YLR356W 9 80
YLR357W 68 1575
YLR358C 21 403
YLR359W 7 50
YLR360W 16 295
YLR361C 33 989
YLR361C-A 6 70
YLR362W 30 494
YLR363C 7 37
YLR363W-A 2 41
YLR364W 3 105
YLR365W 4 46
YLR364C-A 9 280
YLR366W 24 752
YLR367W 24 1093
YLR368W 17 398
YLR369W 12 170
YLR370C 8 327
YLR371W 49 1017
YLR372W 5 50
YLR373C 20 703
YLR374C 17 1292
YLR375W 27 939
YLR376C 15 484
YLR377C 38 1058
YLR378C 34 1536
YLR379W 9 385
YLR380W 27 426
YLR381W 21 447
YLR382C 29 430
YLR383W 22 256
YLR384C 29 927
YLR385C 6 233
YLR386W 19 335
YLR387C 22 320
YLR388W 4 41
YLR389C 70 2980
YLR390W 6 834
YLR390W-A 5 95
YLR392C 18 220
YLR393W 3 14
YLR394W 16 160
YLR395C 6 67
YLR396C 43 1784
YLR397C 25 305
YLR398C 45 733
YLR399C 26 409
YLR399W-A 0 0
YLR400W 25 7088
YLR401C 48 1424
YLR402W 1 2
YLR403W 22 547
YLR404W 11 407
YLR405W 25 2301
YLR406C 10 251
YLR406C-A 5 1990
YLR407W 5 91
YLR408C 8 1153
YLR409C 37 719
YLR410W 67 4017
YLR411W 16 591
YLR412W 9 162
YLR412C-A 0 0
YLR413W 31 1043
YLR414C 35 1370
YLR415C 34 3362
YLR416C 26 1137
YLR417W 51 1524
YLR418C 4 19
YLR419W 38 875
YLR420W 15 1366
YLR421C 8 659
YLR422W 51 900
YLR423C 5 92
YLR424W 18 178
YLR425W 32 5672
YLR426W 6 20
YLR427W 21 408
YLR428C 18 548
YLR429W 45 665
YLR430W 51 1107
YLR431C 15 199
YLR432W 22 384
YLR433C 24 528
YLR434C 3 19
YLR435W 2 40
YLR436C 64 1496
YLR437C 21 589
YLR437C-A 6 145
YLR438W 43 989
YLR438C-A 3 11
YLR439W 9 51
YLR440C 14 447
YLR441C 11 180
YLR442C 24 1094
YLR443W 12 237
YLR444C 2 26
YLR445W 14 336
YLR446W 13 212
YLR447C 21 467
YLR448W 10 209
YLR449W 10 295
YLR450W 61 1029
YLR451W 16 524
YLR452C 30 737
YLR453C 17 154
YLR454W 71 2741
YLR455W 13 359
YLR456W 15 236
YLR457C 15 276
YLR458W 5 84
YLR459W 6 110
YLR460C 11 371
YLR461W 2 45
YLR462W 1 3
YLR463C 1 3
YLR464W 0 0
YLR465C 0 0
YLR466W 0 0
YLR466C-A 0 0
YLR466C-B 1 239
YLR467W 0 0
YLR467C-A 0 0
YML133C 0 0
YML133W-B 0 0
YML133W-A 0 0
YML132W 0 0
YML131W 20 756
YML130C 13 309
YML129C 7 261
YML128C 24 1893
YML127W 31 864
YML126C 37 808
YML125C 17 396
YML124C 21 1028
YML123C 39 1008
YML122C 33 1001
YML121W 7 73
YML120C 28 1181
YML119W 8 210
YML118W 34 1962
YML117W 49 1188
YML116W-A 12 154
YML116W 20 427
YML115C 20 689
YML114C 21 1103
YML113W 16 388
YML112W 7 162
YML111W 40 686
YML110C 14 94
YML109W 18 2050
YML108W 4 8
YML107C 13 362
YML106W 12 222
YML105C 8 101
YML104C 24 595
YML103C 45 1581
YML102W 29 950
YML101C-A 11 547
YML101C 44 2222
YML100W-A 12 345
YML100W 93 2144
YML099W-A 5 124
YML099C 30 856
YML098W 2 2
YML097C 14 478
YML096W 18 569
YML095C 5 100
YML094C-A 5 56
YML094W 7 53
YML093W 33 762
YML092C 4 29
YML091C 43 1864
YML090W 6 26
YML089C 22 2585
YML088W 19 413
YML087C 15 295
YML086C 19 438
YML085C 8 111
YML084W 12 409
YML083C 42 2707
YML082W 33 1687
YML081C-A 4 113
YML081W 33 1103
YML080W 10 227
YML079W 17 873
YML078W 15 696
YML077W 13 249
YML076C 49 1197
YML075C 53 906
YML074C 7 39
YML073C 9 58
YML072C 85 3039
YML071C 28 757
YML070W 34 751
YML069W 4 48
YML068W 15 486
YML067C 13 179
YML066C 17 476
YML065W 19 295
YML064C 10 229
YML063W 4 89
YML062C 19 559
YML061C 19 316
YML060W 10 176
YML059C 55 3001
YML058W-A 4 81
YML058W 12 1725
YML057C-A 8 98
YML057W 29 388
YML056C 35 8016
YML055W 10 133
YML054C 52 1339
YML054C-A 28 870
YML053C 13 1100
YML052W 24 1302
YML051W 31 1119
YML050W 7 216
YML049C 55 4481
YML048W 8 89
YML047W-A 5 72
YML047C 9 116
YML046W 9 292
YML043C 5 19
YML042W 34 499
YML041C 15 247
YML038C 4 28
YML037C 6 170
YML036W 7 99
YML035C 40 1234
YML034C-A 13 249
YML034W 35 636
YML032C 20 521
YML031C-A 2 126
YML031W 17 426
YML030W 12 223
YML029W 35 1206
YML028W 24 773
YML027W 20 327
YML026C 5 32
YML025C 15 320
YML024W 4 88
YML023C 17 236
YML022W 6 175
YML021C 26 1139
YML020W 33 817
YML019W 5 570
YML018C 31 933
YML017W 36 1070
YML016C 30 721
YML015C 7 42
YML014W 21 430
YML013W 31 849
YML012C-A 15 276
YML012W 9 145
YML011C 10 288
YML010W 21 416
YML009W-B 4 23
YML009C-A 2 15
YML009C 1 8
YML008C 12 148
YML007C-A 7 2082
YML007W 27 989
YML006C 27 511
YML005W 19 324
YML004C 45 1281
YML003W 17 288
YML002W 41 2352
YML001W 19 1469
YMR001C 47 3332
YMR001C-A 8 352
YMR002W 9 212
YMR003W 14 187
YMR004W 32 2205
YMR005W 14 295
YMR006C 32 966
YMR007W 26 1865
YMR008C 18 570
YMR009W 7 217
YMR010W 18 375
YMR011W 29 367
YMR012W 36 568
YMR013C 12 202
YMR013C-A 1 1
YMR013W-A 5 77
YMR014W 7 86
YMR015C 41 1982
YMR016C 19 260
YMR017W 15 196
YMR018W 21 504
YMR019W 29 618
YMR020W 12 290
YMR021C 13 793
YMR022W 10 353
YMR023C 35 566
YMR024W 6 126
YMR025W 5 10
YMR026C 10 243
YMR027W 14 2016
YMR028W 5 108
YMR029C 7 137
YMR030W 15 269
YMR031C 15 158
YMR031W-A 5 61
YMR032W 9 305
YMR030W-A 7 165
YMR033W 11 472
YMR034C 12 314
YMR035W 9 361
YMR036C 12 332
YMR037C 23 681
YMR038C 18 728
YMR039C 16 195
YMR040W 15 490
YMR041C 6 97
YMR042W 52 13504
YMR043W 18 854
YMR044W 15 320
YMR046W-A 0 0
YMR047C 20 373
YMR048W 12 138
YMR049C 13 428
YMR052W 7 83
YMR052C-A 6 140
YMR053C 32 497
YMR054W 48 4738
YMR055C 24 868
YMR056C 32 2869
YMR057C 26 1196
YMR058W 57 1730
YMR059W 2 3
YMR060C 6 163
YMR061W 12 123
YMR062C 21 597
YMR063W 19 1288
YMR064W 19 228
YMR065W 27 3063
YMR066W 15 298
YMR067C 18 280
YMR068W 11 85
YMR069W 61 4076
YMR070W 14 324
YMR071C 12 324
YMR072W 5 17
YMR073C 7 91
YMR074C 6 406
YMR075W 14 181
YMR075C-A 5 85
YMR076C 39 723
YMR077C 8 209
YMR078C 20 609
YMR079W 10 179
YMR080C 28 407
YMR081C 15 273
YMR082C 14 540
YMR083W 22 288
YMR084W 20 367
YMR085W 9 50
YMR086W 25 561
YMR086C-A 10 724
YMR087W 21 507
YMR088C 20 528
YMR089C 17 187
YMR090W 16 343
YMR091C 22 398
YMR092C 28 743
YMR093W 15 153
YMR094W 10 267
YMR095C 13 365
YMR096W 7 259
YMR097C 16 300
YMR098C 17 575
YMR099C 7 134
YMR100W 27 309
YMR101C 9 442
YMR102C 33 937
YMR103C 20 1445
YMR104C 41 1713
YMR105C 7 27
YMR105W-A 6 195
YMR106C 41 762
YMR107W 14 304
YMR108W 33 1142
YMR109W 45 4201
YMR110C 29 843
YMR111C 21 2405
YMR112C 6 24
YMR113W 16 358
YMR114C 12 117
YMR115W 17 1969
YMR116C 20 166
YMR117C 6 48
YMR118C 15 228
YMR119W 14 338
YMR119W-A 10 779
YMR120C 28 1337
YMR121C 14 185
YMR122C 49 12256
YMR122W-A 10 105
YMR123W 1 6
YMR124W 24 346
YMR125W 18 393
YMR126C 8 150
YMR127C 17 429
YMR128W 29 465
YMR129W 45 1626
YMR130W 16 409
YMR131C 16 196
YMR132C 7 57
YMR133W 10 95
YMR134W 11 117
YMR135C 24 580
YMR135W-A 34 8628
YMR136W 38 14768
YMR137C 38 1724
YMR138W 5 61
YMR139W 10 253
YMR140W 10 99
YMR141C 3 11
YMR142C 0 0
YMR141W-A 0 0
YMR143W 6 71
YMR144W 25 3674
YMR145C 51 1335
YMR146C 22 391
YMR147W 8 153
YMR148W 20 460
YMR149W 14 540
YMR150C 23 891
YMR151W 16 265
YMR152W 23 461
YMR153W 19 1826
YMR153C-A 0 0
YMR154C 32 742
YMR155W 17 120
YMR156C 12 389
YMR157C 6 124
YMR158W 9 103
YMR158C-A 1 2
YMR158W-B 6 175
YMR159C 7 177
YMR160W 22 327
YMR161W 8 204
YMR162C 69 2512
YMR163C 16 521
YMR164C 12 228
YMR165C 46 831
YMR166C 12 455
YMR167W 25 753
YMR168C 15 486
YMR169C 24 360
YMR170C 11 439
YMR171C 14 402
YMR172W 24 389
YMR172C-A 6 62
YMR173W 8 96
YMR173W-A 7 91
YMR174C 3 22
YMR175W 8 143
YMR175W-A 14 384
YMR176W 52 982
YMR177W 10 234
YMR178W 12 118
YMR179W 18 355
YMR180C 31 1190
YMR181C 9 122
YMR182C 5 16
YMR182W-A 5 3153
YMR183C 14 711
YMR184W 12 176
YMR185W 17 615
YMR186W 28 463
YMR187C 24 2746
YMR188C 16 265
YMR189W 34 970
YMR190C 47 1055
YMR191W 14 191
YMR192W 22 501
YMR193W 5 35
YMR193C-A 8 253
YMR194W 7 192
YMR194C-B 17 1541
YMR194C-A 23 4904
YMR195W 8 211
YMR196W 48 1183
YMR197C 14 294
YMR198W 33 551
YMR199W 13 211
YMR200W 16 342
YMR201C 18 2056
YMR202W 29 621
YMR203W 10 617
YMR204C 1 26
YMR205C 28 305
YMR206W 28 1236
YMR207C 64 1110
YMR208W 18 447
YMR209C 14 407
YMR210W 17 615
YMR211W 12 318
YMR212C 27 515
YMR213W 15 281
YMR214W 14 369
YMR215W 17 226
YMR216C 26 534
YMR217W 20 595
YMR218C 24 360
YMR219W 57 1290
YMR220W 29 697
YMR221C 28 930
YMR222C 1 18
YMR223W 14 112
YMR224C 35 398
YMR225C 14 369
YMR226C 15 369
YMR227C 13 374
YMR228W 9 281
YMR229C 33 508
YMR230W 14 261
YMR230W-A 14 312
YMR231W 36 896
YMR232W 21 702
YMR233W 7 443
YMR234W 13 167
YMR235C 11 174
YMR236W 6 173
YMR237W 27 803
YMR238W 14 2412
YMR239C 18 1048
YMR240C 16 430
YMR241W 24 1057
YMR242C 10 187
YMR242W-A 1 8
YMR243C 27 8056
YMR244W 30 501
YMR244C-A 11 125
YMR245W 53 5228
YMR246W 83 4167
YMR247C 48 1352
YMR247W-A 1 217
YMR250W 22 493
YMR251W 71 3657
YMR251W-A 0 0
YMR252C 16 1116
YMR253C 25 1226
YMR254C 10 949
YMR255W 2 19
YMR256C 1 38
YMR257C 21 346
YMR258C 18 504
YMR259C 22 703
YMR260C 2 6
YMR261C 37 895
YMR262W 18 300
YMR263W 9 76
YMR264W 6 358
YMR265C 25 2135
YMR266W 35 1183
YMR267W 17 401
YMR268C 7 188
YMR269W 3 19
YMR270C 10 68
YMR271C 17 1322
YMR272C 12 123
YMR272W-A 1 27
YMR272W-B 3 11
YMR273C 24 265
YMR274C 13 71
YMR275C 23 319
YMR276W 17 424
YMR277W 19 154
YMR278W 15 122
YMR279C 18 650
YMR280C 48 865
YMR281W 8 349
YMR282C 15 182
YMR283C 20 528
YMR284W 17 386
YMR285C 34 2951
YMR286W 0 0
YMR287C 25 445
YMR288W 23 305
YMR289W 19 852
YMR290C 7 313
YMR290W-A 3 102
YMR291W 20 2482
YMR292W 11 143
YMR293C 18 253
YMR294W 6 47
YMR294W-A 2 9
YMR295C 7 94
YMR296C 34 900
YMR297W 37 1047
YMR298W 5 128
YMR299C 6 126
YMR300C 15 81
YMR301C 26 801
YMR302C 19 517
YMR303C 11 817
YMR304W 40 1028
YMR304C-A 8 88
YMR305C 8 84
YMR306W 56 1990
YMR306C-A 9 79
YMR307W 23 432
YMR307C-A 2 4
YMR308C 23 595
YMR309C 21 617
YMR310C 12 399
YMR311C 10 304
YMR312W 2 11
YMR313C 15 712
YMR314W 8 45
YMR315W 24 2282
YMR315W-A 5 113
YMR316W 24 544
YMR316C-A 11 113
YMR316C-B 0 0
YMR317W 11 57
YMR318C 38 1024
YMR319C 35 1393
YMR320W 4 99
YMR321C 3 37
YMR322C 0 0
YMR323W 6 212
YMR324C 12 340
YMR325W 1 1
YMR326C 5 1341
YNL339C 0 0
YNL339W-B 0 0
YNL339W-A 0 0
YNL338W 5 31
YNL337W 3 81
YNL336W 2 68
YNL335W 0 0
YNL334C 3 15
YNL333W 1 14
YNL332W 6 71
YNL331C 15 324
YNL330C 31 986
YNL329C 39 586
YNL328C 15 348
YNL327W 18 268
YNL326C 20 624
YNL325C 33 603
YNL324W 5 176
YNL323W 15 773
YNL322C 4 18
YNL321W 29 2861
YNL320W 18 366
YNL319W 2 4
YNL318C 13 183
YNL317W 16 701
YNL316C 9 87
YNL315C 3 24
YNL314W 24 343
YNL313C 16 290
YNL312W 6 95
YNL311C 33 912
YNL310C 7 264
YNL309W 26 1629
YNL308C 6 70
YNL307C 12 166
YNL306W 11 328
YNL305C 9 144
YNL304W 27 1200
YNL303W 10 641
YNL302C 2 15
YNL301C 21 561
YNL300W 5 41
YNL299W 21 7860
YNL298W 27 560
YNL297C 21 568
YNL296W 1 2
YNL295W 16 169
YNL294C 16 229
YNL293W 40 1669
YNL292W 11 142
YNL291C 15 241
YNL290W 18 609
YNL289W 22 439
YNL288W 12 195
YNL287W 20 794
YNL286W 12 441
YNL285W 15 21224
YNL284C 4 20
YNL283C 16 408
YNL282W 18 444
YNL281W 7 175
YNL280C 15 652
YNL279W 43 1097
YNL278W 61 2745
YNL277W-A 11 140
YNL277W 31 1134
YNL276C 10 62
YNL275W 22 5004
YNL274C 14 299
YNL273W 17 2053
YNL272C 8 136
YNL271C 27 604
YNL270C 30 567
YNL269W 33 1654
YNL268W 34 1447
YNL267W 22 327
YNL266W 2 47
YNL265C 21 426
YNL264C 19 1226
YNL263C 12 331
YNL262W 61 2880
YNL261W 18 679
YNL260C 3 33
YNL259C 7 88
YNL258C 12 113
YNL257C 35 610
YNL256W 22 1187
YNL255C 5 59
YNL254C 17 318
YNL253W 21 289
YNL252C 11 217
YNL251C 48 1005
YNL250W 29 834
YNL249C 17 1414
YNL248C 8 34
YNL247W 26 866
YNL246W 17 327
YNL245C 9 55
YNL244C 9 228
YNL243W 57 1297
YNL242W 57 8162
YNL241C 41 1529
YNL240C 63 3104
YNL239W 22 397
YNL238W 24 394
YNL237W 15 365
YNL236W 34 930
YNL235C 13 295
YNL234W 19 305
YNL233W 20 441
YNL232W 16 216
YNL231C 38 1942
YNL230C 32 1228
YNL229C 14 443
YNL228W 19 1095
YNL227C 20 1100
YNL226W 5 39
YNL225C 10 121
YNL224C 26 2107
YNL223W 14 349
YNL222W 9 310
YNL221C 27 596
YNL220W 22 468
YNL219C 17 529
YNL218W 23 378
YNL217W 30 1064
YNL216W 46 801
YNL215W 5 70
YNL214W 10 96
YNL213C 2 355
YNL212W 20 520
YNL211C 5 54
YNL210W 8 153
YNL209W 18 11203
YNL208W 20 459
YNL207W 8 40
YNL206C 13 102
YNL205C 10 1202
YNL204C 12 75
YNL203C 12 343
YNL202W 24 1476
YNL201C 12 170
YNL200C 18 218
YNL199C 15 163
YNL198C 5 36
YNL197C 10 205
YNL196C 16 725
YNL195C 27 596
YNL194C 11 177
YNL193W 20 951
YNL192W 40 605
YNL191W 35 4530
YNL190W 7 2583
YNL189W 6 115
YNL188W 14 227
YNL187W 20 1257
YNL186W 29 425
YNL185C 0 0
YNL184C 2 5
YNL183C 20 400
YNL182C 21 370
YNL181W 11 198
YNL180C 9 442
YNL179C 13 511
YNL178W 1 1
YNL177C 6 13
YNL176C 11 228
YNL175C 15 176
YNL174W 3 16
YNL173C 25 709
YNL172W 42 1330
YNL171C 6 41
YNL170W 4 94
YNL169C 20 285
YNL168C 18 685
YNL167C 9 82
YNL166C 16 522
YNL165W 18 813
YNL164C 7 296
YNL163C 39 1125
YNL162W-A 4 356
YNL162W 3 10
YNL161W 14 139
YNL160W 10 341
YNL159C 8 220
YNL158W 18 404
YNL157W 3 79
YNL156C 11 135
YNL155W 15 2078
YNL154C 16 2172
YNL153C 13 2227
YNL152W 7 79
YNL151C 19 350
YNL150W 2 35
YNL149C 6 114
YNL148C 58 2660
YNL147W 6 46
YNL146C-A 10 562
YNL146W 9 129
YNL145W 2 43
YNL144C 49 848
YNL144W-A 3 27
YNL143C 10 107
YNL142W 33 1634
YNL141W 16 685
YNL140C 10 57
YNL139C 32 382
YNL138W-A 10 286
YNL138W 14 532
YNL137C 20 353
YNL136W 18 422
YNL135C 6 77
YNL134C 15 346
YNL133C 13 244
YNL132W 14 233
YNL131W 1 4
YNL130C 15 610
YNL130C-A 5 20
YNL129W 10 263
YNL128W 23 5452
YNL127W 24 530
YNL126W 19 329
YNL125C 31 543
YNL124W 17 544
YNL123W 30 472
YNL122C 7 129
YNL121C 9 263
YNL120C 4 40
YNL119W 18 532
YNL118C 24 685
YNL117W 33 749
YNL116W 27 550
YNL115C 26 449
YNL114C 4 303
YNL113W 3 119
YNL112W 40 866
YNL111C 4 44
YNL110C 8 94
YNL109W 1 44
YNL108C 9 274
YNL107W 7 41
YNL106C 48 1326
YNL105W 3 15
YNL104C 57 5148
YNL103W-A 5 731
YNL103W 15 97
YNL102W 37 957
YNL101W 32 747
YNL100W 8 415
YNL099C 6 185
YNL098C 11 176
YNL097C-B 12 606
YNL097C 21 1269
YNL097W-A 4 23
YNL096C 14 514
YNL095C 13 145
YNL094W 23 561
YNL093W 12 242
YNL092W 31 575
YNL091W 25 349
YNL090W 4 62
YNL089C 4 62
YNL088W 32 693
YNL087W 44 2807
YNL086W 4 19
YNL085W 27 723
YNL084C 6 871
YNL083W 15 605
YNL082W 21 549
YNL081C 4 40
YNL080C 25 406
YNL079C 9 429
YNL078W 24 1808
YNL077W 23 323
YNL076W 24 402
YNL075W 8 162
YNL074C 15 418
YNL073W 24 809
YNL072W 27 1531
YNL071W 11 40
YNL070W 4 30
YNL069C 9 296
YNL068C 30 1033
YNL067W-A 3 122
YNL067W-B 5 61
YNL067W 15 676
YNL066W 49 12420
YNL065W 32 1125
YNL064C 26 306
YNL063W 14 370
YNL062C 15 344
YNL061W 23 476
YNL059C 18 253
YNL058C 9 154
YNL057W 0 0
YNL056W 9 99
YNL055C 21 224
YNL054W 28 356
YNL053W 45 2730
YNL052W 14 349
YNL051W 20 362
YNL050C 10 189
YNL049C 20 375
YNL048W 17 328
YNL047C 14 262
YNL046W 11 270
YNL045W 17 626
YNL044W 7 85
YNL043C 3 23
YNL042W-B 15 329
YNL042W 17 163
YNL041C 19 843
YNL040W 18 375
YNL039W 18 583
YNL038W 7 723
YNL037C 26 390
YNL036W 25 557
YNL035C 17 240
YNL034W 12 96
YNL033W 0 0
YNL032W 11 76
YNL031C 10 535
YNL030W 5 96
YNL029C 28 858
YNL028W 21 1531
YNL027W 16 494
YNL026W 10 124
YNL025C 12 192
YNL024C-A 4 28
YNL024C 24 1810
YNL023C 40 363
YNL022C 16 2997
YNL021W 16 372
YNL020C 31 587
YNL019C 2 26
YNL018C 14 280
YNL017C 14 1634
YNL016W 17 344
YNL015W 0 0
YNL014W 20 757
YNL013C 0 0
YNL012W 34 772
YNL011C 14 342
YNL010W 17 524
YNL009W 21 503
YNL008C 25 541
YNL007C 16 168
YNL006W 18 244
YNL005C 16 285
YNL004W 67 4524
YNL003C 23 957
YNL002C 11 584
YNL001W 33 966
YNR001C 50 2364
YNR001W-A 10 1407
YNR002C 70 6158
YNR003C 23 1055
YNR003W-A 2 25
YNR004W 9 182
YNR005C 2 43
YNR006W 13 173
YNR007C 9 367
YNR008W 43 772
YNR009W 10 560
YNR010W 10 436
YNR011C 38 798
YNR012W 14 304
YNR013C 48 1000
YNR014W 29 3938
YNR015W 38 2512
YNR016C 140 3408
YNR017W 19 859
YNR018W 22 729
YNR019W 29 1337
YNR020C 17 356
YNR021W 17 630
YNR022C 2 17
YNR023W 8 170
YNR024W 2 15
YNR025C 3 79
YNR026C 18 318
YNR027W 16 610
YNR028W 13 768
YNR029C 15 362
YNR030W 11 82
YNR031C 74 2422
YNR032W 23 1785
YNR032C-A 6 93
YNR033W 28 4386
YNR034W 22 554
YNR034W-A 4 41
YNR035C 8 71
YNR036C 9 283
YNR037C 5 184
YNR038W 16 285
YNR039C 24 648
YNR040W 19 243
YNR041C 17 329
YNR042W 3 21
YNR043W 8 105
YNR044W 19 1284
YNR045W 18 226
YNR046W 9 80
YNR047W 32 1050
YNR048W 7 242
YNR049C 10 217
YNR050C 25 557
YNR051C 12 109
YNR052C 27 938
YNR053C 17 209
YNR054C 16 593
YNR055C 24 1593
YNR056C 34 2214
YNR057C 36 6717
YNR058W 28 1340
YNR059W 23 690
YNR060W 22 1084
YNR061C 8 87
YNR062C 1 3
YNR063W 17 388
YNR064C 19 383
YNR065C 21 533
YNR066C 28 503
YNR067C 32 1112
YNR068C 7 33
YNR069C 21 283
YNR070W 39 2332
YNR071C 18 245
YNR072W 21 590
YNR073C 11 357
YNR074C 8 111
YNR075W 12 154
YNR075C-A 9 566
YNR076W 0 0
YNR077C 0 0
YOL166W-A 5 24
YOL166C 2 5
YOL165C 5 419
YOL164W-A 0 0
YOL164W 27 2725
YOL163W 7 98
YOL162W 3 28
YOL161C 5 54
YOL160W 3 270
YOL159C-A 4 25
YOL159C 13 158
YOL158C 34 1050
YOL157C 20 739
YOL156W 7 47
YOL155W-A 0 0
YOL155C 22 403
YOL154W 5 254
YOL152W 33 1104
YOL151W 9 196
YOL150C 1 4
YOL149W 8 122
YOL148C 14 460
YOL147C 10 194
YOL146W 6 182
YOL145C 26 839
YOL144W 14 277
YOL143C 9 352
YOL142W 10 154
YOL141W 35 622
YOL140W 25 735
YOL139C 3 41
YOL138C 42 854
YOL137W 26 765
YOL136C 5 35
YOL135C 10 119
YOL134C 11 222
YOL133W 3 41
YOL132W 12 1647
YOL131W 4 58
YOL130W 24 320
YOL129W 12 652
YOL128C 17 334
YOL127W 0 0
YOL126C 38 1087
YOL125W 29 740
YOL124C 19 659
YOL123W 37 1566
YOL122C 29 525
YOL121C 3 7
YOL120C 13 380
YOL119C 16 418
YOL118C 20 789
YOL117W 24 649
YOL116W 19 790
YOL115W 28 499
YOL114C 10 183
YOL113W 30 309
YOL112W 22 328
YOL111C 18 254
YOL110W 58 67645
YOL109W 1 12
YOL108C 4 77
YOL107W 19 1431
YOL106W 9 211
YOL105C 13 395
YOL104C 6 127
YOL103W 20 478
YOL102C 7 84
YOL101C 4 86
YOL100W 20 324
YOL099C 3 53
YOL098C 36 875
YOL097W-A 6 120
YOL097C 14 461
YOL096C 15 307
YOL095C 22 741
YOL094C 12 477
YOL093W 8 250
YOL092W 13 296
YOL091W 11 62
YOL090W 26 348
YOL089C 43 844
YOL088C 5 25
YOL087C 26 768
YOL086W-A 14 2245
YOL086C 28 1309
YOL085W-A 10 138
YOL085C 19 418
YOL084W 62 3677
YOL083W 9 203
YOL083C-A 0 0
YOL082W 21 279
YOL081W 90 2832
YOL080C 4 188
YOL079W 0 0
YOL078W 30 363
YOL077W-A 8 282
YOL077C 7 93
YOL076W 10 189
YOL075C 37 746
YOL073C 15 514
YOL072W 21 479
YOL071W 2 16
YOL070C 15 300
YOL069W 16 295
YOL068C 28 479
YOL067C 2 153
YOL066C 22 184
YOL065C 13 179
YOL064C 8 187
YOL063C 21 248
YOL062C 7 270
YOL061W 25 183
YOL060C 39 1492
YOL059W 43 1789
YOL058W 33 1637
YOL057W 24 510
YOL056W 17 440
YOL055C 23 636
YOL054W 20 250
YOL053W 30 2274
YOL052C-A 2 27
YOL052C 29 1173
YOL051W 22 839
YOL050C 2 38
YOL049W 18 414
YOL048C 8 94
YOL047C 9 97
YOL046C 9 1172
YOL045W 28 1443
YOL044W 6 118
YOL043C 10 296
YOL042W 20 406
YOL041C 11 715
YOL040C 2 94
YOL039W 1 1
YOL038C-A 3 4
YOL038W 9 185
YOL037C 4 97
YOL036W 27 495
YOL035C 4 34
YOL034W 38 1026
YOL033W 18 910
YOL032W 9 102
YOL031C 22 664
YOL030W 24 8603
YOL029C 15 298
YOL028C 8 313
YOL027C 17 357
YOL026C 15 218
YOL025W 15 344
YOL024W 6 72
YOL023W 24 667
YOL022C 11 243
YOL021C 40 753
YOL020W 37 1540
YOL019W-A 10 201
YOL019W 25 353
YOL018C 15 1246
YOL017W 33 1013
YOL016C 17 276
YOL015W 18 271
YOL014W 2 25
YOL013W-B 1 6
YOL013W-A 10 468
YOL013C 21 794
YOL012C 5 83
YOL011W 29 962
YOL010W 13 116
YOL009C 12 335
YOL008W 4 47
YOL007C 20 1080
YOL006C 24 1013
YOL005C 9 239
YOL004W 46 829
YOL003C 33 2082
YOL002C 49 3693
YOL001W 31 2183
YOR001W 47 1955
YOR002W 47 978
YOR003W 50 1542
YOR004W 22 762
YOR005C 56 1782
YOR006C 11 143
YOR007C 11 81
YOR008C 3 6
YOR008C-A 6 46
YOR008W-B 2 9
YOR009W 4 163
YOR010C 3 345
YOR011W 24 467
YOR011W-A 4 107
YOR012W 5 142
YOR013W 9 264
YOR014W 22 352
YOR015W 1 8
YOR016C 13 189
YOR017W 21 354
YOR018W 38 1126
YOR019W 26 1381
YOR020C 1 1
YOR020W-A 0 0
YOR021C 4 72
YOR022C 25 775
YOR023C 14 299
YOR024W 22 666
YOR025W 21 532
YOR026W 33 1624
YOR027W 24 351
YOR028C 20 927
YOR029W 17 1586
YOR030W 28 782
YOR031W 9 112
YOR032C 13 248
YOR032W-A 9 220
YOR033C 23 329
YOR034C 29 608
YOR034C-A 11 344
YOR035C 22 478
YOR036W 2 8
YOR037W 23 681
YOR038C 31 1017
YOR039W 12 279
YOR040W 30 1994
YOR041C 11 572
YOR042W 31 1235
YOR043W 9 208
YOR044W 10 207
YOR045W 1 16
YOR046C 20 478
YOR047C 7 78
YOR048C 16 157
YOR049C 15 105
YOR050C 13 314
YOR051C 10 171
YOR052C 4 90
YOR053W 5 77
YOR054C 27 441
YOR055W 7 47
YOR056C 24 358
YOR057W 18 242
YOR058C 24 567
YOR059C 19 459
YOR060C 12 156
YOR061W 17 440
YOR062C 21 517
YOR063W 10 302
YOR064C 14 545
YOR065W 11 335
YOR066W 35 1562
YOR067C 18 284
YOR069W 25 243
YOR068C 3 30
YOR070C 12 1003
YOR071C 23 512
YOR072W 23 633
YOR072W-A 16 1715
YOR072W-B 5 32
YOR073W 13 752
YOR074C 9 163
YOR073W-A 1 9
YOR075W 6 80
YOR076C 24 2098
YOR077W 18 1076
YOR078W 4 72
YOR079C 16 734
YOR080W 23 440
YOR081C 30 432
YOR082C 6 32
YOR083W 48 1975
YOR084W 44 1532
YOR085W 19 1642
YOR086C 40 563
YOR087W 25 454
YOR089C 7 150
YOR090C 30 738
YOR091W 36 1664
YOR092W 19 663
YOR093C 45 1376
YOR094W 1 71
YOR095C 14 265
YOR096W 4 256
YOR097C 9 241
YOR098C 23 378
YOR099W 26 1243
YOR100C 17 213
YOR101W 9 261
YOR102W 2 13
YOR103C 3 14
YOR104W 7 59
YOR105W 3 20
YOR106W 14 61
YOR107W 17 557
YOR108W 27 551
YOR108C-A 1 1
YOR109W 23 419
YOR110W 16 274
YOR111W 8 78
YOR112W 17 529
YOR113W 25 504
YOR114W 18 1377
YOR115C 6 179
YOR116C 17 372
YOR117W 15 294
YOR118W 23 502
YOR119C 24 485
YOR120W 28 1368
YOR121C 6 74
YOR122C 12 53
YOR123C 15 444
YOR124C 38 1042
YOR125C 6 83
YOR126C 12 554
YOR127W 24 569
YOR128C 12 284
YOR129C 20 359
YOR130C 5 140
YOR131C 15 326
YOR132W 19 3603
YOR133W 3 32
YOR134W 31 8619
YOR135C 6 135
YOR136W 15 626
YOR137C 21 496
YOR138C 69 2847
YOR139C 1 3
YOR140W 21 2313
YOR141C 27 597
YOR142W 24 451
YOR143C 15 446
YOR144C 29 426
YOR145C 8 122
YOR146W 4 93
YOR147W 15 298
YOR148C 11 70
YOR149C 21 442
YOR150W 5 72
YOR151C 47 1286
YOR152C 1 1
YOR153W 83 2034
YOR154W 10 127
YOR155C 13 464
YOR156C 15 244
YOR157C 14 285
YOR158W 18 148
YOR159C 5 38
YOR160W 22 325
YOR161C 31 805
YOR161W-A 1 2
YOR161W-B 4 207
YOR161C-C 11 348
YOR162C 48 1162
YOR163W 10 409
YOR164C 18 314
YOR165W 30 1573
YOR166C 14 681
YOR167C 3 17
YOR168W 23 799
YOR169C 3 58
YOR170W 1 8
YOR171C 15 274
YOR172W 18 685
YOR173W 20 277
YOR174W 10 83
YOR175C 23 274
YOR176W 22 457
YOR177C 18 216
YOR178C 14 274
YOR179C 17 491
YOR180C 1 17
YOR181W 10 129
YOR182C 6 104
YOR183W 22 1044
YOR184W 12 272
YOR185C 10 470
YOR186W 21 743
YOR186C-A 14 620
YOR187W 26 511
YOR188W 32 568
YOR189W 5 138
YOR190W 14 505
YOR191W 40 1170
YOR192C 18 192
YOR192C-C 0 0
YOR193W 11 105
YOR194C 6 174
YOR195W 15 461
YOR196C 14 396
YOR197W 28 507
YOR198C 11 191
YOR199W 12 206
YOR200W 5 109
YOR201C 13 167
YOR202W 15 690
YOR203W 23 1790
YOR204W 23 505
YOR205C 32 919
YOR206W 18 464
YOR207C 31 531
YOR208W 8 154
YOR209C 21 295
YOR210W 2 17
YOR211C 38 920
YOR212W 29 619
YOR213C 13 1241
YOR214C 10 81
YOR215C 11 65
YOR216C 23 1136
YOR217W 23 412
YOR218C 3 10
YOR219C 32 424
YOR220W 10 264
YOR221C 16 248
YOR222W 56 3412
YOR223W 25 523
YOR224C 6 124
YOR225W 5 173
YOR226C 7 244
YOR227W 49 3897
YOR228C 16 377
YOR229W 50 3181
YOR230W 22 432
YOR231W 27 462
YOR231C-A 5 68
YOR232W 6 195
YOR233W 26 485
YOR234C 10 162
YOR235W 2 107
YOR236W 13 281
YOR237W 6 123
YOR238W 16 423
YOR239W 16 404
YOR241W 22 725
YOR242C 14 331
YOR243C 17 375
YOR244W 16 194
YOR245C 12 175
YOR246C 15 420
YOR247W 7 37
YOR248W 5 35
YOR249C 12 194
YOR250C 17 378
YOR251C 23 4283
YOR252W 9 144
YOR253W 10 477
YOR254C 17 260
YOR255W 9 191
YOR256C 20 574
YOR257W 1 2
YOR258W 5 26
YOR259C 12 353
YOR260W 23 434
YOR261C 8 88
YOR262W 13 229
YOR263C 2 6
YOR264W 8 94
YOR265W 8 1834
YOR266W 13 563
YOR267C 38 976
YOR268C 39 2399
YOR269W 31 953
YOR270C 39 1735
YOR271C 21 725
YOR272W 10 191
YOR273C 32 1193
YOR274W 27 1313
YOR275C 26 9189
YOR276W 5 145
YOR277C 5 145
YOR278W 9 227
YOR279C 12 237
YOR280C 15 466
YOR281C 8 134
YOR282W 13 456
YOR283W 11 297
YOR284W 7 66
YOR285W 13 399
YOR286W 10 274
YOR287C 4 45
YOR288C 8 198
YOR289W 31 5210
YOR290C 25 320
YOR291W 43 701
YOR292C 20 533
YOR293W 12 76
YOR293C-A 4 71
YOR294W 3 85
YOR295W 13 182
YOR296W 46 962
YOR297C 8 122
YOR298W 28 764
YOR298C-A 10 198
YOR299W 33 816
YOR300W 14 2665
YOR301W 64 5204
YOR302W 7 59
YOR303W 39 10940
YOR304W 30 653
YOR304C-A 2 102
YOR305W 4 12
YOR306C 15 281
YOR307C 20 1998
YOR308C 9 232
YOR309C 0 0
YOR310C 9 260
YOR311C 8 355
YOR312C 4 36
YOR313C 8 54
YOR314W 5 169
YOR314W-A 4 61
YOR315W 12 336
YOR316C 44 1820
YOR316C-A 27 1422
YOR317W 51 1159
YOR318C 47 13220
YOR319W 7 460
YOR320C 13 522
YOR321W 27 428
YOR322C 35 1013
YOR323C 17 426
YOR324C 23 469
YOR325W 11 186
YOR326W 42 591
YOR327C 7 170
YOR328W 74 4059
YOR329C 20 276
YOR329W-A 10 319
YOR330C 28 525
YOR331C 6 68
YOR332W 6 63
YOR333C 6 70
YOR334W 14 165
YOR335C 32 1534
YOR335W-A 0 0
YOR336W 45 1275
YOR337W 41 726
YOR338W 23 461
YOR339C 1 2
YOR340C 9 155
YOR341W 12 343
YOR342C 15 976
YOR343C 31 4174
YOR344C 13 373
YOR345C 2 10
YOR346W 38 753
YOR347C 25 415
YOR348C 211 132400
YOR349W 56 1665
YOR350C 27 2564
YOR351C 19 336
YOR352W 17 398
YOR353C 17 296
YOR354C 21 533
YOR355W 15 159
YOR356W 28 571
YOR357C 17 2015
YOR358W 21 256
YOR359W 15 239
YOR360C 27 426
YOR361C 34 1334
YOR362C 11 336
YOR363C 35 2942
YOR364W 20 660
YOR365C 27 857
YOR366W 2 6
YOR367W 4 16
YOR368W 23 1272
YOR369C 9 125
YOR370C 28 883
YOR371C 50 4099
YOR372C 19 445
YOR373W 31 1241
YOR374W 33 1443
YOR375C 26 4618
YOR376W 24 756
YOR376W-A 0 0
YOR377W 27 815
YOR378W 24 938
YOR379C 16 875
YOR380W 34 861
YOR381W 23 2088
YOR381W-A 7 102
YOR382W 4 13
YOR383C 3 4
YOR384W 25 555
YOR385W 12 226
YOR386W 10 113
YOR387C 2 29
YOR388C 3 16
YOR389W 15 676
YOR390W 4 36
YOR391C 3 86
YOR392W 5 22
YOR393W 0 0
YOR394W 0 0
YOR394C-A 0 0
YOR396W 0 0
YOR396C-A 0 0
YPL283C 0 0
YPL283W-B 0 0
YPL283W-A 0 0
YPL282C 0 0
YPL281C 0 0
YPL280W 0 0
YPL279C 2 33
YPL278C 0 0
YPL277C 19 15413
YPL274W 46 1838
YPL273W 9 500
YPL272C 10 383
YPL271W 2 113
YPL270W 28 649
YPL269W 25 1254
YPL268W 23 476
YPL267W 8 67
YPL266W 12 164
YPL265W 47 3305
YPL264C 12 2130
YPL263C 21 268
YPL262W 31 683
YPL261C 14 103
YPL260W 8 137
YPL259C 18 522
YPL258C 37 1701
YPL257W 7 38
YPL256C 31 918
YPL255W 12 580
YPL254W 12 202
YPL253C 19 560
YPL252C 6 62
YPL251W 6 79
YPL250C 10 183
YPL249C-A 3 19
YPL250W-A 3 19
YPL249C 31 477
YPL248C 20 432
YPL247C 40 1839
YPL246C 15 558
YPL245W 29 2082
YPL244C 32 867
YPL243W 10 118
YPL242C 42 1503
YPL241C 7 179
YPL240C 27 828
YPL239W 9 87
YPL238C 0 0
YPL237W 1 1
YPL236C 21 593
YPL235W 5 149
YPL234C 7 231
YPL233W 11 242
YPL232W 21 331
YPL231W 102 3728
YPL230W 32 1649
YPL229W 13 374
YPL228W 8 120
YPL227C 19 369
YPL226W 35 499
YPL225W 1 2
YPL224C 34 1370
YPL223C 13 227
YPL222W 36 855
YPL222C-A 2 14
YPL221W 72 5564
YPL220W 3 84
YPL219W 25 302
YPL218W 12 138
YPL217C 46 911
YPL216W 23 539
YPL215W 9 163
YPL214C 26 455
YPL213W 6 112
YPL212C 24 1296
YPL211W 10 282
YPL210C 21 668
YPL209C 5 65
YPL208W 30 583
YPL207W 32 1631
YPL206C 21 595
YPL205C 9 259
YPL204W 21 382
YPL203W 34 1879
YPL202C 23 368
YPL201C 19 179
YPL200W 2 11
YPL199C 11 344
YPL198W 27 1441
YPL197C 5 144
YPL196W 10 264
YPL195W 20 346
YPL194W 20 359
YPL193W 11 244
YPL192C 0 0
YPL191C 13 225
YPL190C 18 121
YPL189C-A 3 31
YPL189W 21 172
YPL188W 13 311
YPL187W 1 1
YPL186C 33 798
YPL185W 32 5730
YPL184C 21 494
YPL183W-A 8 126
YPL183C 38 922
YPL182C 9 562
YPL181W 22 702
YPL180W 28 422
YPL179W 25 461
YPL178W 5 29
YPL177C 8 3702
YPL176C 37 776
YPL175W 25 985
YPL174C 11 561
YPL173W 4 45
YPL172C 6 36
YPL171C 32 8847
YPL170W 19 1785
YPL169C 5 46
YPL168W 12 214
YPL167C 34 734
YPL166W 8 146
YPL165C 4 67
YPL164C 38 1006
YPL163C 7 405
YPL162C 17 785
YPL161C 17 376
YPL160W 29 512
YPL159C 9 140
YPL158C 28 425
YPL157W 23 491
YPL156C 23 1385
YPL155C 58 6002
YPL154C 13 929
YPL153C 33 809
YPL152W-A 0 0
YPL152W 6 95
YPL151C 26 726
YPL150W 16 204
YPL149W 9 160
YPL148C 4 80
YPL147W 20 342
YPL146C 10 122
YPL145C 2 25
YPL144W 24 891
YPL143W 6 183
YPL142C 2 25
YPL141C 39 1021
YPL140C 23 347
YPL139C 12 208
YPL138C 10 116
YPL137C 64 1745
YPL136W 3 37
YPL135W 26 700
YPL135C-A 11 388
YPL134C 28 798
YPL133C 44 1737
YPL132W 13 866
YPL131W 8 156
YPL130W 4 50
YPL129W 1 41
YPL128C 14 322
YPL127C 11 140
YPL126W 15 419
YPL125W 34 740
YPL124W 15 155
YPL123C 10 813
YPL122C 14 217
YPL121C 4 367
YPL120W 16 185
YPL119C-A 5 78
YPL119C 24 1382
YPL118W 13 197
YPL117C 13 193
YPL116W 25 329
YPL115C 27 412
YPL114W 7 67
YPL113C 18 186
YPL112C 4 129
YPL111W 65 6197
YPL110C 45 4316
YPL109C 37 4508
YPL108W 16 668
YPL107W 20 904
YPL106C 24 768
YPL105C 28 659
YPL104W 21 1087
YPL103C 25 4562
YPL102C 5 121
YPL101W 10 93
YPL100W 15 231
YPL099C 6 162
YPL098C 5 12
YPL097W 12 196
YPL096C-A 2 10
YPL096W 23 635
YPL095C 27 910
YPL094C 23 728
YPL093W 18 224
YPL092W 21 966
YPL091W 21 322
YPL090C 2 3
YPL089C 26 385
YPL088W 23 892
YPL087W 2 14
YPL086C 14 210
YPL085W 47 726
YPL084W 19 549
YPL083C 12 201
YPL082C 51 719
YPL081W 22 856
YPL080C 12 472
YPL079W 10 126
YPL078C 10 146
YPL077C 20 670
YPL076W 6 91
YPL075W 25 407
YPL074W 28 1474
YPL073C 3 79
YPL072W 18 438
YPL071C 11 334
YPL070W 14 884
YPL069C 16 402
YPL068C 14 326
YPL067C 41 21965
YPL066W 27 543
YPL065W 8 215
YPL064C 10 148
YPL063W 21 748
YPL062W 34 3608
YPL061W 43 2415
YPL060W 18 390
YPL059W 7 203
YPL058C 49 1905
YPL057C 21 1884
YPL056C 19 638
YPL055C 22 739
YPL054W 19 380
YPL053C 24 1359
YPL052W 8 355
YPL051W 8 205
YPL050C 6 83
YPL049C 24 712
YPL048W 18 225
YPL047W 5 84
YPL046C 4 133
YPL045W 18 1457
YPL044C 9 131
YPL043W 26 490
YPL042C 20 234
YPL041C 9 98
YPL040C 32 877
YPL039W 11 138
YPL038W-A 0 0
YPL038W 13 680
YPL037C 0 0
YPL036W 23 1130
YPL035C 1 16
YPL034W 4 66
YPL033C 8 72
YPL032C 24 544
YPL031C 22 317
YPL030W 21 718
YPL029W 23 537
YPL028W 15 314
YPL027W 8 113
YPL026C 20 614
YPL025C 16 1209
YPL024W 18 296
YPL023C 9 2537
YPL022W 23 456
YPL021W 9 314
YPL020C 10 92
YPL019C 34 1407
YPL018W 18 590
YPL017C 34 618
YPL016W 27 900
YPL015C 34 1420
YPL014W 27 884
YPL013C 10 72
YPL012W 25 541
YPL011C 13 227
YPL010W 8 105
YPL009C 25 597
YPL008W 11 72
YPL007C 4 29
YPL006W 52 1088
YPL005W 21 374
YPL004C 28 528
YPL003W 51 2367
YPL002C 32 1208
YPL001W 39 655
YPR001W 96 4365
YPR002W 66 7908
YPR002C-A 4 13
YPR003C 29 1036
YPR004C 10 146
YPR005C 11 108
YPR006C 46 1897
YPR007C 27 458
YPR008W 51 1233
YPR009W 7 36
YPR010C 24 447
YPR010C-A 2 7
YPR011C 38 2233
YPR012W 8 19589
YPR013C 15 261
YPR014C 11 105
YPR015C 13 388
YPR016C 6 165
YPR016W-A 4 65
YPR017C 9 254
YPR018W 15 549
YPR019W 30 456
YPR020W 6 68
YPR021C 22 549
YPR022C 47 2343
YPR023C 21 446
YPR024W 15 266
YPR025C 4 57
YPR026W 53 112250
YPR027C 3 85
YPR028W 10 132
YPR029C 15 224
YPR030W 32 394
YPR031W 32 2112
YPR032W 16 165
YPR033C 22 363
YPR034W 15 376
YPR035W 22 434
YPR036W 44 2033
YPR036W-A 9 74
YPR037C 16 743
YPR038W 14 262
YPR039W 19 525
YPR040W 27 683
YPR041W 14 407
YPR042C 16 238
YPR043W 3 69
YPR044C 1 50
YPR045C 14 207
YPR046W 3 57
YPR047W 18 273
YPR048W 11 194
YPR049C 32 1536
YPR050C 9 608
YPR051W 12 727
YPR052C 4 88
YPR053C 8 4567
YPR054W 19 5761
YPR055W 18 385
YPR056W 11 334
YPR057W 7 89
YPR058W 7 50
YPR059C 2 23
YPR060C 6 53
YPR061C 19 448
YPR062W 15 375
YPR063C 14 489
YPR064W 24 568
YPR065W 11 158
YPR066W 15 158
YPR067W 12 320
YPR068C 21 363
YPR069C 11 148
YPR070W 20 283
YPR071W 12 69
YPR072W 15 771
YPR073C 11 228
YPR074C 47 1085
YPR074W-A 14 1150
YPR075C 5 58
YPR076W 0 0
YPR077C 6 390
YPR078C 13 489
YPR079W 14 405
YPR080W 4 189
YPR081C 25 552
YPR082C 5 80
YPR083W 22 404
YPR084W 10 258
YPR085C 6 132
YPR086W 20 376
YPR087W 10 2368
YPR088C 21 2439
YPR089W 29 728
YPR091C 22 216
YPR092W 11 473
YPR093C 25 581
YPR094W 4 43
YPR095C 39 870
YPR096C 9 1087
YPR097W 40 741
YPR098C 15 310
YPR099C 8 202
YPR100W 8 108
YPR101W 5 93
YPR102C 2 20
YPR103W 6 210
YPR104C 17 229
YPR105C 16 640
YPR106W 17 286
YPR107C 15 1021
YPR108W 13 288
YPR108W-A 10 1283
YPR109W 14 543
YPR110C 8 88
YPR111W 26 481
YPR112C 14 425
YPR113W 10 355
YPR114W 23 212
YPR115W 36 1140
YPR116W 8 131
YPR117W 75 2242
YPR118W 10 77
YPR119W 22 557
YPR120C 15 418
YPR121W 25 1047
YPR122W 64 2800
YPR123C 12 93
YPR124W 28 665
YPR125W 13 209
YPR126C 3 8
YPR127W 16 934
YPR128C 11 369
YPR129W 2 153
YPR130C 1 1
YPR131C 15 482
YPR132W 0 0
YPR133C 15 308
YPR133W-A 0 0
YPR134W 5 32
YPR135W 21 332
YPR136C 4 174
YPR137W 9 275
YPR138C 25 736
YPR139C 4 54
YPR140W 9 135
YPR141C 31 665
YPR142C 10 195
YPR143W 1 8
YPR144C 10 194
YPR145W 55 1802
YPR145C-A 6 130
YPR146C 10 191
YPR147C 18 453
YPR148C 17 1411
YPR149W 24 638
YPR150W 23 2220
YPR151C 23 2213
YPR152C 35 2055
YPR153W 22 531
YPR154W 4 53
YPR155C 29 1162
YPR156C 16 537
YPR157W 35 1246
YPR158W 13 193
YPR159W 29 669
YPR159C-A 1 4
YPR160W 56 1267
YPR160W-A 1 5
YPR160C-A 6 125
YPR161C 21 306
YPR162C 11 168
YPR163C 7 260
YPR164W 35 1477
YPR165W 6 19
YPR166C 5 103
YPR167C 12 593
YPR168W 17 4838
YPR169W 22 796
YPR170C 15 728
YPR169W-A 3 70
YPR170W-B 12 1708
YPR170W-A 9 1475
YPR171W 17 509
YPR172W 13 367
YPR173C 10 1031
YPR174C 6 156
YPR175W 27 488
YPR176C 12 273
YPR177C 5 159
YPR178W 19 517
YPR179C 28 731
YPR180W 5 194
YPR181C 19 457
YPR182W 2 50
YPR183W 23 1093
YPR184W 80 5763
YPR185W 26 1343
YPR186C 13 215
YPR187W 3 36
YPR188C 5 124
YPR189W 41 1588
YPR190C 23 579
YPR191W 14 142
YPR192W 42 2999
YPR193C 20 928
YPR194C 33 728
YPR195C 25 4474
YPR196W 25 2059
YPR197C 5 84
YPR198W 19 953
YPR199C 23 894
YPR200C 3 3
YPR201W 29 721
YPR202W 1 1
YPR203W 0 0
YPR204W 0 0
YPR204C-A 0 0
