YAL069W 7 741
YAL068W-A 2 668
YAL068C 0 0
YAL067W-A 6 1494
YAL067C 5 51
YAL066W 1 2
YAL065C 2 2
YAL064W-B 2 2
YAL064C-A 1 9
YAL064W 5 137
YAL063C-A 0 0
YAL063C 0 0
YAL062W 10 387
YAL061W 1 1
YAL060W 3 31
YAL059C-A 2 51
YAL059W 6 5722
YAL058W 2 7
YAL056C-A 13 2338
YAL056W 10 471
YAL055W 4 123
YAL054C 6 135
YAL053W 1 1
YAL051W 1 259
YAL049C 3 22
YAL048C 4 62
YAL047W-A 5 44
YAL047C 4 20
YAL046C 5 534
YAL045C 4 168
YAL044W-A 6 593
YAL044C 7 77
YAL043C 7 1534
YAL042C-A 4 10
YAL042W 5 15
YAL041W 2 346
YAL040C 1 4
YAL039C 5 1685
YAL038W 0 0
YAL037C-B 0 0
YAL037C-A 2 91
YAL037W 0 0
YAL036C 1 1
YAL035W 1 1
YAL034C-B 2 165
YAL034W-A 7 171
YAL034C 5 220
YAL033W 4 15
YAL032C 2 90
YAL031W-A 4 39
YAL031C 2 35
YAL030W 7 2064
YAL029C 1 29
YAL028W 0 0
YAL027W 0 0
YAL026C-A 0 0
YAL026C 0 0
YAL025C 6 1404
YAL024C 1 2
YAL023C 1 22
YAL022C 2 5
YAL021C 2 120
YAL020C 3 9
YAL019W-A 6 1504
YAL019W 4 195
YAL018C 0 0
YAL017W 2 20
YAL016C-B 5 102
YAL016C-A 1 2
YAL016W 4 130
YAL015C 7 206
YAL014C 3 80
YAL013W 3 5
YAL012W 7 225
YAL011W 5 1118
YAL010C 1 7
YAL009W 3 114
YAL008W 4 51
YAL007C 2 81
YAL005C 4 54
YAL004W 0 0
YAL003W 4 729
YAL002W 3 19
YAL001C 4 33
YAR002W 6 129
YAR002C-A 3 54
YAR003W 4 41
YAR007C 1 250
YAR008W 1 5
YAR014C 4 16
YAR015W 3 30
YAR018C 4 91
YAR019C 0 0
YAR019W-A 0 0
YAR020C 0 0
YAR023C 2 13
YAR027W 1 2
YAR028W 2 129
YAR029W 0 0
YAR030C 2 2
YAR031W 1 25
YAR033W 1 1
YAR035W 10 2710
YAR035C-A 6 23
YAR042W 1 18
YAR047C 0 0
YAR050W 0 0
YAR053W 1 1
YAR060C 0 0
YAR064W 0 0
YAR066W 0 0
YAR068W 0 0
YAR069C 0 0
YAR070C 0 0
YAR071W 0 0
YAR073W 0 0
YAR075W 2 15
YBL113C 0 0
YBL113W-A 0 0
YBL112C 0 0
YBL111C 0 0
YBL109W 0 0
YBL108C-A 0 0
YBL108W 0 0
YBL107W-A 0 0
YBL107C 10 1455
YBL106C 2 56
YBL105C 0 0
YBL104C 8 773
YBL103C 0 0
YBL102W 1 135
YBL101C 6 212
YBL100W-C 8 729
YBL100C 0 0
YBL099W 1 2
YBL098W 1 2
YBL097W 2 25
YBL096C 1 15
YBL095W 4 54
YBL094C 2 99
YBL093C 2 15
YBL092W 0 0
YBL091C-A 3 202
YBL091C 3 5
YBL090W 0 0
YBL089W 6 1387
YBL088C 0 0
YBL087C 3 89
YBL086C 1 4
YBL085W 1 6
YBL084C 2 7
YBL083C 4 146
YBL082C 4 40
YBL081W 1 1
YBL080C 0 0
YBL079W 1 18
YBL078C 3 56
YBL077W 5 129
YBL076C 2 12
YBL075C 2 6
YBL074C 10 394
YBL073W 1 25
YBL072C 1 1
YBL071C-B 1 3
YBL071W-A 8 858
YBL071C 4 10
YBL070C 3 128
YBL069W 3 187
YBL068W-A 2 314
YBL068W 2 8
YBL067C 3 47
YBL066C 7 282
YBL065W 2 4
YBL064C 8 806
YBL063W 5 136
YBL062W 3 265
YBL061C 2 42
YBL060W 6 356
YBL059C-A 3 16
YBL059W 3 16
YBL058W 3 32
YBL057C 7 972
YBL056W 2 4
YBL055C 8 247
YBL054W 1 1
YBL053W 6 944
YBL052C 1 4
YBL051C 0 0
YBL050W 1 3
YBL049W 0 0
YBL048W 0 0
YBL047C 2 77
YBL046W 5 95
YBL045C 1 7
YBL044W 8 606
YBL043W 2 10
YBL042C 3 38
YBL041W 1 7
YBL040C 7 175
YBL039W-B 2 6
YBL039C 1 6
YBL039C-A 0 0
YBL038W 0 0
YBL037W 3 48
YBL036C 16 2644
YBL035C 1 14
YBL034C 1 1
YBL033C 3 8
YBL032W 3 29
YBL031W 6 584
YBL030C 4 19
YBL029C-A 6 114
YBL029W 2 146
YBL028C 5 121
YBL027W 1 3
YBL026W 0 0
YBL025W 1 10
YBL024W 2 23
YBL023C 1 2
YBL022C 0 0
YBL021C 5 369
YBL020W 0 0
YBL019W 3 46
YBL018C 1 8
YBL017C 2 90
YBL016W 5 115
YBL015W 4 44
YBL014C 2 3
YBL013W 14 2141
YBL012C 0 0
YBL011W 1 3
YBL010C 5 57
YBL009W 4 192
YBL008W-A 0 0
YBL008W 0 0
YBL007C 6 876
YBL006C 7 1039
YBL006W-A 2 51
YBL005W 3 10
YBL004W 1 37
YBL003C 4 349
YBL002W 3 227
YBL001C 5 185
YBR001C 4 1527
YBR002C 2 5
YBR003W 3 9
YBR004C 5 30
YBR005W 0 0
YBR006W 2 7
YBR007C 2 78
YBR008C 2 21
YBR009C 2 84
YBR010W 6 58
YBR011C 1 1
YBR012C 0 0
YBR013C 1 7
YBR014C 0 0
YBR015C 1 1
YBR016W 0 0
YBR017C 1 2
YBR018C 1 63
YBR019C 0 0
YBR020W 2 4
YBR021W 0 0
YBR022W 0 0
YBR023C 1 84
YBR024W 0 0
YBR025C 0 0
YBR026C 5 28
YBR027C 0 0
YBR028C 1 39
YBR029C 2 44
YBR030W 3 484
YBR031W 6 25
YBR032W 6 403
YBR033W 4 20
YBR034C 1 38
YBR035C 2 37
YBR036C 3 202
YBR037C 11 307
YBR038W 2 3
YBR039W 0 0
YBR040W 1 2
YBR041W 0 0
YBR042C 3 12
YBR043C 0 0
YBR044C 0 0
YBR045C 0 0
YBR046C 7 152
YBR047W 6 3386
YBR048W 1 27
YBR049C 3 703
YBR050C 4 200
YBR051W 0 0
YBR052C 4 114
YBR053C 6 642
YBR054W 0 0
YBR055C 3 72
YBR056W 0 0
YBR056W-A 4 50
YBR056C-B 4 272
YBR057C 3 37
YBR058C 3 132
YBR058C-A 3 8
YBR059C 0 0
YBR060C 2 49
YBR061C 6 409
YBR062C 6 61
YBR063C 1 2
YBR064W 1 1
YBR065C 3 17
YBR066C 0 0
YBR067C 2 3
YBR068C 5 39
YBR069C 4 325
YBR070C 4 184
YBR071W 3 278
YBR072W 1 15
YBR072C-A 5 28
YBR073W 5 28
YBR074W 4 40
YBR076W 0 0
YBR076C-A 8 290
YBR077C 0 0
YBR078W 3 20983
YBR079C 7 732
YBR080C 1 1
YBR081C 2 49
YBR082C 5 431
YBR083W 4 15
YBR084W 4 1121
YBR084C-A 4 32
YBR085W 1 2
YBR085C-A 4 68
YBR086C 2 52
YBR087W 3 36
YBR088C 1 1
YBR089W 0 0
YBR089C-A 5 124
YBR090C 5 8676
YBR091C 2 12
YBR092C 0 0
YBR093C 1 7
YBR094W 2 35
YBR095C 4 115
YBR096W 0 0
YBR097W 1 7
YBR098W 9 772
YBR099C 5 70
YBR101C 5 70
YBR102C 1 75
YBR103W 4 135
YBR103C-A 5 121
YBR104W 1 42
YBR105C 2 17
YBR106W 3 312
YBR107C 3 78
YBR108W 5 1406
YBR109C 3 37
YBR109W-A 4 59
YBR110W 1 1
YBR111C 1 27
YBR111W-A 3 3
YBR112C 0 0
YBR113W 0 0
YBR114W 4 171
YBR115C 4 25
YBR116C 5 225
YBR117C 2 19
YBR118W 7 125
YBR119W 3 104
YBR120C 2 6
YBR121C 1 8
YBR121C-A 0 0
YBR122C 2 40
YBR123C 1 12
YBR124W 2 9
YBR125C 4 11
YBR126C 6 416
YBR126W-A 9 129
YBR126W-B 3 15
YBR127C 2 8
YBR128C 2 75
YBR129C 0 0
YBR130C 2 43
YBR131W 2 184
YBR131C-A 0 0
YBR132C 3 23
YBR133C 5 38
YBR134W 2 88
YBR135W 1 7
YBR136W 1 1
YBR137W 0 0
YBR138C 0 0
YBR139W 5 242
YBR140C 3 89
YBR141C 3 13
YBR141W-A 4 63
YBR142W 1 5
YBR143C 5 44
YBR144C 10 240
YBR145W 3 70
YBR146W 0 0
YBR147W 2 8
YBR148W 1 108
YBR149W 5 120
YBR150C 6 34
YBR151W 3 41
YBR152W 1 20
YBR153W 3 37
YBR154C 1 53
YBR155W 2 450
YBR156C 3 77
YBR157C 1 11
YBR158W 0 0
YBR159W 0 0
YBR160W 0 0
YBR161W 0 0
YBR162C 5 279
YBR162W-A 5 220
YBR163W 1 3
YBR164C 1 72
YBR165W 0 0
YBR166C 5 116
YBR167C 4 64
YBR168W 0 0
YBR169C 0 0
YBR170C 3 52
YBR171W 4 154
YBR172C 4 31
YBR173C 8 89
YBR174C 3 7
YBR175W 8 195
YBR176W 0 0
YBR177C 0 0
YBR178W 2 10
YBR179C 3 36
YBR180W 1 1
YBR181C 3 11
YBR182C 6 919
YBR182C-A 6 1425
YBR183W 5 185
YBR184W 3 115
YBR185C 3 113
YBR186W 2 63
YBR187W 1 17
YBR188C 1 192
YBR189W 0 0
YBR190W 2 162
YBR191W 0 0
YBR191W-A 0 0
YBR192W 1 1
YBR193C 0 0
YBR194W 0 0
YBR195C 0 0
YBR196C 0 0
YBR196C-A 1 8
YBR196C-B 3 32
YBR197C 6 292
YBR198C 0 0
YBR199W 3 26
YBR200W 0 0
YBR200W-A 1 1
YBR201W 1 4
YBR201C-A 1 14
YBR202W 0 0
YBR203W 7 822
YBR204C 6 286
YBR205W 5 41
YBR206W 1 1
YBR207W 1 23
YBR208C 1 1
YBR209W 2 81
YBR210W 1 2
YBR211C 1 2
YBR212W 2 45
YBR213W 3 39
YBR214W 1 1
YBR215W 5 2387
YBR216C 2 68
YBR217W 2 35
YBR218C 1 19
YBR219C 3 379
YBR220C 1 1
YBR221C 4 12
YBR221W-A 5 87
YBR222C 2 6
YBR223C 1 2
YBR223W-A 2 267
YBR224W 0 0
YBR225W 0 0
YBR226C 2 11
YBR227C 1 1
YBR228W 1 30
YBR229C 7 137
YBR230C 2 72
YBR230W-A 7 151
YBR231C 3 38
YBR232C 3 28
YBR233W 0 0
YBR233W-A 8 156
YBR234C 3 203
YBR235W 0 0
YBR236C 2 59
YBR237W 2 89
YBR238C 6 122
YBR239C 2 142
YBR240C 5 823
YBR241C 2 11
YBR242W 2 32
YBR243C 1 6
YBR244W 0 0
YBR245C 2 65
YBR246W 4 199
YBR247C 0 0
YBR248C 0 0
YBR249C 4 27
YBR250W 0 0
YBR251W 3 153
YBR252W 1 1
YBR253W 8 1023
YBR254C 8 517
YBR255W 3 33
YBR255C-A 10 238
YBR256C 8 136
YBR257W 5 99
YBR258C 3 458
YBR259W 6 48
YBR260C 6 676
YBR261C 6 108
YBR262C 5 38
YBR263W 9 1475
YBR264C 0 0
YBR265W 1 13
YBR267W 0 0
YBR266C 0 0
YBR268W 8 146
YBR269C 5 807
YBR270C 0 0
YBR271W 3 119
YBR272C 7 959
YBR273C 4 169
YBR274W 2 12
YBR275C 0 0
YBR276C 0 0
YBR277C 1 1
YBR278W 3 55
YBR279W 0 0
YBR280C 2 23
YBR281C 3 15
YBR282W 2 236
YBR283C 0 0
YBR284W 9 490
YBR285W 3 13
YBR286W 1 2
YBR287W 4 90
YBR288C 4 14
YBR289W 1 1
YBR290W 3 488
YBR291C 0 0
YBR292C 2 16
YBR293W 1 1
YBR294W 0 0
YBR295W 5 80
YBR296C 2 57
YBR296C-A 6 233
YBR297W 5 123
YBR298C 1 9
YBR298C-A 0 0
YBR299W 0 0
YBR300C 0 0
YBR301W 0 0
YBR302C 0 0
YCL076W 3 6
YCL073C 1 1
YCL069W 0 0
YCL068C 0 0
YCL067C 0 0
YCL066W 0 0
YCL065W 0 0
YCL064C 4 132
YCL063W 5 60
YCL061C 0 0
YCL059C 5 32
YCL058C 2 27
YCL058W-A 2 28
YCL057C-A 9 6107
YCL057W 2 1625
YCL056C 5 582
YCL055W 0 0
YCL054W 2 3
YCL052C 3 44
YCL051W 2 432
YCL050C 1 1
YCL049C 6 174
YCL048W-A 0 0
YCL048W 1 52
YCL047C 9 80
YCL045C 3 120
YCL046W 0 0
YCL044C 4 49
YCL043C 1 13
YCL041C 5 2688
YCL042W 2 5
YCL040W 6 516
YCL039W 4 463
YCL038C 3 572
YCL037C 2 72
YCL036W 7 135
YCL035C 4 578
YCL034W 8 497
YCL033C 4 122
YCL032W 0 0
YCL031C 2 37
YCL030C 5 2602
YCL029C 3 35
YCL028W 7 349
YCL027W 1 27
YCL026C-B 2 16
YCL026C-A 0 0
YCL025C 6 379
YCL023C 2 130
YCL024W 3 19
YCL022C 1 1
YCL021W-A 1 4
YCL018W 3 604
YCL017C 0 0
YCL016C 7 56
YCL014W 4 144
YCL012C 0 0
YCL011C 4 53
YCL010C 7 3595
YCL009C 6 562
YCL008C 6 299
YCL007C 4 15
YCL005W-A 4 98
YCL005W 6 231
YCL004W 1 1
YCL002C 4 477
YCL001W 4 453
YCL001W-A 0 0
YCL001W-B 3 186
YCR001W 2 6
YCR002C 5 94
YCR003W 8 287
YCR004C 0 0
YCR005C 3 226
YCR006C 13 1602
YCR007C 3 229
YCR008W 0 0
YCR009C 3 91
YCR010C 4 31
YCR011C 0 0
YCR012W 4 99
YCR013C 2 55
YCR014C 10 986
YCR015C 3 66
YCR016W 4 91
YCR017C 1 2
YCR018C 1 3
YCR018C-A 7 274
YCR019W 1 1
YCR020C 1 4
YCR020C-A 6 37
YCR020W-B 5 45
YCR021C 0 0
YCR022C 8 156
YCR023C 3 43
YCR024C 2 34
YCR024C-B 1 2
YCR024C-A 1 3
YCR025C 12 771
YCR026C 2 45
YCR027C 3 29
YCR028C 1 17
YCR028C-A 0 0
YCR030C 2 38
YCR031C 3 16
YCR032W 2 28
YCR033W 0 0
YCR034W 1 175
YCR035C 4 155
YCR036W 5 252
YCR037C 2 56
YCR038C 0 0
YCR038W-A 0 0
YCR039C 0 0
YCR040W 0 0
YCR041W 0 0
YCR042C 2 20
YCR043C 6 59
YCR044C 6 1337
YCR045C 2 319
YCR045W-A 0 0
YCR046C 5 997
YCR047C 0 0
YCR047W-A 0 0
YCR049C 1 7
YCR048W 1 4
YCR050C 0 0
YCR051W 1 2
YCR052W 4 37
YCR053W 4 226
YCR054C 2 46
YCR057C 0 0
YCR059C 13 1091
YCR060W 7 159
YCR061W 9 106
YCR064C 5 57
YCR063W 2 77
YCR065W 1 2
YCR066W 5 233
YCR067C 1 1
YCR068W 5 155
YCR069W 4 4
YCR071C 2 81
YCR072C 6 166
YCR073C 1 71
YCR073W-A 7 4050
YCR075C 4 470
YCR075W-A 4 128
YCR076C 9 159
YCR077C 5 3057
YCR079W 6 764
YCR081W 0 0
YCR081C-A 11 305
YCR082W 4 65
YCR083W 7 45
YCR084C 1 10
YCR085W 0 0
YCR086W 1 6
YCR087W 0 0
YCR087C-A 2 322
YCR088W 8 1648
YCR089W 1 11
YCR090C 3 20
YCR091W 1 8
YCR092C 3 67
YCR093W 4 49
YCR094W 1 2
YCR095C 1 34
YCR095W-A 0 0
YCR096C 0 0
YCR097W 0 0
YCR097W-A 1 12
YCR098C 1 3
YCR099C 3 126
YCR100C 0 0
YCR101C 3 74
YCR102C 6 61
YCR102W-A 0 0
YCR104W 0 0
YCR105W 0 0
YCR106W 4 36
YCR107W 5 81
YCR108C 11 619
YDL248W 3 258
YDL247W-A 0 0
YDL247W 0 0
YDL246C 0 0
YDL245C 0 0
YDL244W 0 0
YDL243C 1 17
YDL242W 7 95
YDL241W 1 1
YDL240C-A 1 1
YDL240W 0 0
YDL239C 0 0
YDL238C 2 22
YDL237W 2 13
YDL236W 5 344
YDL235C 0 0
YDL234C 4 240
YDL233W 2 36
YDL232W 6 187
YDL231C 2 31
YDL230W 0 0
YDL229W 5 574
YDL228C 4 12
YDL227C 0 0
YDL226C 5 136
YDL225W 6 306
YDL224C 0 0
YDL223C 0 0
YDL222C 0 0
YDL221W 5 66
YDL220C 8 91
YDL219W 4 130
YDL218W 3 57
YDL217C 7 106
YDL216C 4 37
YDL215C 2 12
YDL214C 1 16
YDL213C 4 119
YDL212W 6 282
YDL211C 2 8
YDL210W 0 0
YDL209C 4 296
YDL208W 10 122
YDL207W 3 103
YDL206W 1 55
YDL205C 4 23
YDL204W 4 73
YDL203C 2 141
YDL202W 0 0
YDL201W 1 13
YDL200C 11 1016
YDL199C 4 10
YDL198C 3 68
YDL197C 6 42
YDL196W 7 377
YDL195W 2 27
YDL194W 0 0
YDL193W 0 0
YDL192W 2 51
YDL191W 2 48
YDL190C 2 26
YDL189W 1 2
YDL188C 3 8
YDL187C 1 1
YDL186W 1 13
YDL185C-A 1 4
YDL185W 1 21
YDL184C 12 1255
YDL183C 3 6
YDL182W 3 76
YDL181W 1 21
YDL180W 5 208
YDL179W 1 8
YDL178W 1 6
YDL177C 2 2
YDL176W 0 0
YDL175C 7 94
YDL174C 8 177
YDL173W 6 28
YDL172C 1 32
YDL171C 1 70
YDL170W 8 159
YDL169C 6 312
YDL168W 3 11
YDL167C 4 146
YDL166C 1 3
YDL165W 0 0
YDL164C 2 7
YDL163W 1 7
YDL162C 1 10
YDL161W 4 20
YDL160C-A 3 124
YDL160C 0 0
YDL159W-A 1 3
YDL159W 8 290
YDL159C-B 0 0
YDL158C 0 0
YDL157C 9 406
YDL156W 0 0
YDL155W 0 0
YDL154W 0 0
YDL153C 1 2
YDL152W 0 0
YDL151C 1 23
YDL150W 0 0
YDL149W 2 4
YDL148C 3 35
YDL147W 4 68
YDL146W 1 6
YDL145C 0 0
YDL144C 5 1005
YDL143W 4 48
YDL142C 4 564
YDL141W 3 95
YDL140C 1 2
YDL139C 4 424
YDL138W 3 82
YDL137W 1 24
YDL136W 7 612
YDL135C 5 35
YDL134C 2 7
YDL133C-A 2 23
YDL133W 1 21
YDL132W 1 1
YDL131W 2 70
YDL130W-A 3 311
YDL130W 0 0
YDL129W 2 51
YDL128W 3 27
YDL127W 2 37
YDL126C 0 0
YDL125C 9 208
YDL124W 14 2555
YDL123W 6 7732
YDL122W 2 34
YDL121C 10 202
YDL120W 0 0
YDL119C 2 11
YDL118W 1 9
YDL117W 1 10
YDL116W 3 22
YDL115C 2 9
YDL114W-A 0 0
YDL114W 0 0
YDL113C 2 24
YDL112W 0 0
YDL111C 3 198
YDL110C 1 1
YDL109C 1 226
YDL108W 2 7
YDL107W 0 0
YDL106C 1 8
YDL105W 5 345
YDL104C 2 34
YDL103C 4 35
YDL102W 1 33
YDL101C 3 124
YDL100C 7 247
YDL099W 3 107
YDL098C 5 66
YDL097C 0 0
YDL096C 0 0
YDL095W 3 19
YDL094C 1 2
YDL093W 1 2
YDL092W 4 216
YDL091C 1 2
YDL090C 5 867
YDL089W 0 0
YDL088C 3 146
YDL087C 4 80
YDL086W 6 248
YDL086C-A 1 6
YDL085C-A 2 41
YDL085W 5 26
YDL084W 0 0
YDL083C 6 226
YDL082W 2 16
YDL081C 0 0
YDL080C 1 17
YDL079C 9 195
YDL078C 3 30
YDL077C 0 0
YDL076C 1 15
YDL075W 1 4
YDL074C 1 102
YDL073W 6 143
YDL072C 5 1131
YDL071C 0 0
YDL070W 2 10
YDL069C 0 0
YDL068W 2 32
YDL067C 1 1
YDL066W 7 312
YDL065C 4 83
YDL064W 2 10
YDL063C 1 6
YDL062W 1 6
YDL061C 5 69
YDL060W 5 61
YDL059C 2 11
YDL058W 4 67
YDL057W 1 4
YDL056W 0 0
YDL055C 0 0
YDL054C 0 0
YDL053C 4 118
YDL052C 1 1
YDL051W 1 3
YDL050C 2 8
YDL049C 3 24
YDL048C 6 515
YDL047W 1 85
YDL046W 3 68
YDL045W-A 2 30
YDL045C 0 0
YDL044C 5 51
YDL043C 4 25
YDL042C 3 26
YDL041W 3 229
YDL040C 2 265
YDL039C 5 212
YDL037C 2 4
YDL036C 5 98
YDL035C 0 0
YDL034W 3 122
YDL033C 0 0
YDL032W 2 21
YDL031W 2 3
YDL030W 1 76
YDL029W 3 735
YDL028C 3 195
YDL027C 2 24
YDL026W 0 0
YDL025C 1 3
YDL025W-A 0 0
YDL024C 2 196
YDL022C-A 1 1
YDL023C 3 57
YDL022W 2 3
YDL021W 3 71
YDL020C 2 38
YDL019C 1 1
YDL018C 5 13
YDL017W 2 6
YDL016C 1 23
YDL015C 1 2
YDL014W 0 0
YDL013W 1 10
YDL012C 11 724
YDL011C 1 8
YDL010W 3 50
YDL009C 2 13
YDL008W 1 5
YDL007C-A 0 0
YDL007W 1 3
YDL006W 1 6
YDL005C 2 44
YDL004W 3 16
YDL003W 0 0
YDL002C 1 18
YDL001W 2 34
YDR001C 3 8
YDR002W 1 25
YDR003W 4 163
YDR003W-A 2 35
YDR004W 6 404
YDR005C 3 169
YDR006C 0 0
YDR007W 6 30
YDR008C 5 49
YDR009W 2 129
YDR010C 6 52
YDR011W 0 0
YDR012W 2 36
YDR013W 4 18
YDR014W 1 135
YDR014W-A 3 32
YDR015C 1 15
YDR016C 7 157
YDR017C 2 15
YDR018C 7 224
YDR019C 5 7688
YDR020C 2 9
YDR021W 0 0
YDR022C 9 1487
YDR023W 1 20
YDR024W 0 0
YDR025W 2 81
YDR026C 2 2
YDR027C 1 1
YDR028C 0 0
YDR029W 0 0
YDR030C 7 57
YDR031W 11 216
YDR032C 0 0
YDR033W 0 0
YDR034C 2 238
YDR034C-A 3 143
YDR034W-B 0 0
YDR035W 5 205
YDR036C 2 72
YDR037W 1 25
YDR038C 0 0
YDR039C 0 0
YDR040C 0 0
YDR041W 5 149
YDR042C 1 4
YDR043C 1 14
YDR044W 4 20
YDR045C 2 5
YDR046C 2 30
YDR047W 0 0
YDR048C 2 102
YDR049W 8 264
YDR050C 3 19
YDR051C 4 233
YDR052C 1 3
YDR053W 0 0
YDR054C 3 8
YDR055W 3 387
YDR056C 2 6
YDR057W 2 13
YDR058C 4 46
YDR059C 5 466
YDR060W 3 129
YDR061W 1 4
YDR062W 0 0
YDR063W 0 0
YDR064W 0 0
YDR065W 0 0
YDR066C 0 0
YDR067C 5 152
YDR068W 2 47
YDR069C 5 989
YDR070C 1 2
YDR071C 3 78
YDR072C 4 180
YDR073W 2 26
YDR074W 0 0
YDR075W 2 49
YDR076W 2 5
YDR077W 2 3
YDR078C 2 7
YDR079W 1 12
YDR079C-A 3 161
YDR080W 4 545
YDR081C 0 0
YDR082W 0 0
YDR083W 2 60
YDR084C 3 174
YDR085C 2 6
YDR086C 0 0
YDR087C 7 503
YDR088C 1 4
YDR089W 3 9
YDR090C 2 15
YDR091C 2 275
YDR092W 0 0
YDR093W 0 0
YDR094W 15 1185
YDR095C 8 87
YDR096W 0 0
YDR097C 0 0
YDR098C 14 497
YDR099W 0 0
YDR100W 6 78
YDR101C 1 15
YDR102C 2 39
YDR103W 2 7
YDR104C 4 11
YDR105C 3 35
YDR106W 3 2582
YDR107C 3 9
YDR108W 5 110
YDR109C 11 1465
YDR110W 4 160
YDR111C 4 11
YDR112W 0 0
YDR113C 1 7
YDR114C 2 58
YDR115W 4 46
YDR116C 1 15
YDR117C 3 5
YDR118W 0 0
YDR118W-A 1 22
YDR119W 0 0
YDR119W-A 4 107
YDR120C 10 135
YDR121W 2 12
YDR122W 1 22
YDR123C 4 10
YDR124W 3 4503
YDR125C 1 29
YDR126W 5 34
YDR127W 3 48
YDR128W 3 32
YDR129C 1 29
YDR130C 4 23
YDR131C 1 10
YDR132C 1 1
YDR133C 0 0
YDR135C 5 47
YDR136C 0 0
YDR137W 1 13
YDR138W 1 38
YDR139C 2 12
YDR140W 1 157
YDR141C 0 0
YDR142C 1 1
YDR143C 0 0
YDR144C 0 0
YDR145W 2 97
YDR146C 0 0
YDR147W 4 34
YDR148C 6 172
YDR149C 2 44
YDR150W 3 51
YDR151C 1 366
YDR152W 3 251
YDR153C 3 66
YDR154C 2 48
YDR155C 4 823
YDR156W 4 219
YDR157W 2 70
YDR158W 4 118
YDR159W 0 0
YDR160W 1 5
YDR161W 2 40
YDR162C 0 0
YDR163W 0 0
YDR164C 3 29
YDR165W 0 0
YDR166C 0 0
YDR167W 1 69
YDR168W 4 225
YDR169C 2 55
YDR169C-A 5 60
YDR170C 0 0
YDR171W 4 218
YDR172W 2 48
YDR173C 6 64
YDR174W 10 250
YDR175C 2 13
YDR176W 5 145
YDR177W 2 20
YDR178W 2 115
YDR179C 2 109
YDR179W-A 1 1
YDR180W 1 9
YDR181C 4 32
YDR182W 5 44
YDR182W-A 1 1
YDR183W 1 4
YDR183C-A 3 7
YDR184C 5 147
YDR185C 0 0
YDR186C 4 362
YDR187C 4 166
YDR188W 9 401
YDR189W 2 134
YDR190C 0 0
YDR191W 1 1
YDR192C 2 10
YDR193W 0 0
YDR194C 2 106
YDR194W-A 3 110
YDR195W 1 2
YDR196C 4 86
YDR197W 2 33
YDR198C 8 1640
YDR199W 2 33
YDR200C 4 64
YDR201W 5 331
YDR202C 2 162
YDR203W 1 1
YDR204W 5 218
YDR205W 7 404
YDR206W 0 0
YDR207C 2 14
YDR208W 3 45
YDR209C 0 0
YDR210W 3 15
YDR211W 4 18
YDR212W 0 0
YDR213W 0 0
YDR214W 1 60
YDR215C 5 44
YDR216W 1 2
YDR217C 3 7
YDR218C 3 28
YDR219C 0 0
YDR220C 0 0
YDR221W 0 0
YDR222W 1 1
YDR223W 1 3
YDR224C 8 361
YDR225W 9 39
YDR226W 3 278
YDR227W 0 0
YDR228C 1 16
YDR229W 4 583
YDR230W 0 0
YDR231C 10 1210
YDR232W 7 88
YDR233C 7 398
YDR234W 3 19
YDR235W 1 1
YDR236C 4 258
YDR237W 0 0
YDR238C 0 0
YDR239C 0 0
YDR240C 3 172
YDR241W 0 0
YDR242W 0 0
YDR243C 4 40
YDR244W 1 63
YDR245W 0 0
YDR246W 0 0
YDR246W-A 16 355
YDR247W 0 0
YDR248C 2 56
YDR249C 3 35
YDR250C 1 28
YDR251W 0 0
YDR252W 3 93
YDR253C 1 9
YDR254W 2 97
YDR255C 3 22
YDR256C 2 211
YDR257C 3 28
YDR258C 8 421
YDR259C 0 0
YDR260C 4 135
YDR261C 1 1
YDR262W 6 116
YDR263C 1 1
YDR264C 2 54
YDR265W 5 207
YDR266C 1 1
YDR267C 3 53
YDR268W 3 288
YDR269C 1 96
YDR270W 2 26
YDR271C 3 289
YDR272W 1 59
YDR273W 2 30
YDR274C 12 1111
YDR275W 14 3503
YDR276C 3 57
YDR277C 4 1122
YDR278C 4 26
YDR279W 1 2
YDR280W 0 0
YDR281C 0 0
YDR282C 10 400
YDR283C 0 0
YDR284C 2 28
YDR285W 1 35
YDR286C 3 53
YDR287W 2 4
YDR288W 4 383
YDR289C 1 10
YDR290W 0 0
YDR291W 1 3
YDR292C 0 0
YDR293C 1 1
YDR294C 3 101
YDR295C 0 0
YDR296W 1 10
YDR297W 1 2
YDR298C 0 0
YDR299W 6 353
YDR300C 2 22
YDR301W 0 0
YDR302W 1 1
YDR303C 1 4
YDR304C 2 4
YDR305C 9 359
YDR306C 6 130
YDR307W 0 0
YDR308C 1 2
YDR309C 8 94
YDR310C 0 0
YDR311W 3 10
YDR312W 4 65
YDR313C 4 95
YDR314C 3 51
YDR315C 5 440
YDR316W 7 131
YDR317W 3 42
YDR318W 2 8
YDR319C 0 0
YDR320C 2 5
YDR320C-A 6 202
YDR320W-B 0 0
YDR321W 5 245
YDR322W 4 215
YDR322C-A 6 144
YDR323C 1 6
YDR324C 4 48
YDR325W 5 179
YDR326C 3 140
YDR327W 9 409
YDR328C 3 31
YDR329C 7 262
YDR330W 1 12
YDR331W 8 1117
YDR332W 4 13
YDR333C 8 468
YDR334W 2 14
YDR335W 0 0
YDR336W 1 1
YDR337W 3 85
YDR338C 0 0
YDR339C 5 143
YDR340W 4 83
YDR341C 4 34
YDR342C 1 14
YDR343C 0 0
YDR344C 4 110
YDR345C 0 0
YDR346C 0 0
YDR347W 2 24
YDR348C 1 1
YDR349C 2 25
YDR350C 2 16
YDR351W 1 2
YDR352W 2 30
YDR353W 2 11
YDR354W 1 1
YDR354C-A 0 0
YDR355C 0 0
YDR356W 6 201
YDR357C 4 15
YDR358W 0 0
YDR359C 3 18
YDR360W 0 0
YDR361C 1 11
YDR362C 1 3
YDR363W 1 2
YDR363W-A 11 166
YDR364C 1 43
YDR365C 2 97
YDR366C 1 6
YDR367W 1 21
YDR368W 3 69
YDR369C 2 139
YDR370C 10 547
YDR371W 4 143
YDR371C-A 3 216
YDR372C 0 0
YDR373W 2 7
YDR374C 3 146
YDR374W-A 10 3782
YDR375C 15 1146
YDR376W 1 3
YDR377W 1 29
YDR378C 3 8
YDR379W 2 14
YDR379C-A 6 256
YDR380W 5 36
YDR381W 0 0
YDR381C-A 2 26
YDR382W 2 32
YDR383C 3 271
YDR384C 1 1
YDR385W 3 199
YDR386W 5 259
YDR387C 1 10
YDR388W 8 1510
YDR389W 1 3
YDR390C 10 821
YDR391C 3 327
YDR392W 2 14
YDR393W 6 271
YDR394W 2 30
YDR395W 0 0
YDR396W 2 64
YDR397C 8 149
YDR398W 4 763
YDR399W 3 5
YDR400W 1 7
YDR401W 3 10
YDR402C 0 0
YDR403W 0 0
YDR404C 2 10
YDR405W 6 34
YDR406W 11 223
YDR406W-A 1 6
YDR407C 2 3
YDR408C 0 0
YDR409W 1 21
YDR410C 1 9
YDR411C 4 158
YDR412W 1 1
YDR413C 4 40
YDR414C 0 0
YDR415C 0 0
YDR416W 2 86
YDR417C 0 0
YDR418W 2 10
YDR419W 5 27
YDR420W 1 318
YDR421W 2 55
YDR422C 4 2455
YDR423C 6 193
YDR424C 4 474
YDR425W 4 13
YDR426C 6 695
YDR427W 3 46
YDR428C 3 93
YDR429C 7 151
YDR430C 1 14
YDR431W 4 85
YDR432W 1 5
YDR433W 4 60
YDR434W 0 0
YDR435C 5 27
YDR436W 2 27
YDR437W 0 0
YDR438W 1 5
YDR439W 0 0
YDR440W 0 0
YDR441C 12 5471
YDR442W 2 687
YDR443C 2 25
YDR444W 1 87
YDR445C 1 2
YDR446W 6 390
YDR447C 3 28
YDR448W 0 0
YDR449C 1 1
YDR450W 2 11
YDR451C 2 173
YDR452W 1 1
YDR453C 3 37
YDR454C 0 0
YDR455C 1 4
YDR456W 3 60
YDR457W 1 2
YDR458C 2 6
YDR459C 1 1
YDR460W 3 35
YDR461W 7 448
YDR461C-A 4 114
YDR462W 0 0
YDR463W 9 795
YDR464W 1 24
YDR464C-A 1 92
YDR465C 6 206
YDR466W 2 115
YDR467C 1 7
YDR468C 2 80
YDR469W 6 341
YDR470C 0 0
YDR471W 2 130
YDR472W 1 2
YDR473C 3 32
YDR475C 5 75
YDR476C 14 3372
YDR477W 0 0
YDR478W 5 131
YDR479C 6 224
YDR480W 1 5
YDR481C 5 242
YDR482C 4 13
YDR483W 2 7
YDR484W 0 0
YDR485C 2 22
YDR486C 4 46
YDR487C 4 53
YDR488C 2 7
YDR489W 0 0
YDR490C 1 11
YDR491C 0 0
YDR492W 1 1
YDR493W 2 12
YDR494W 2 104
YDR495C 2 232
YDR496C 0 0
YDR497C 3 54
YDR498C 3 101
YDR499W 2 29
YDR500C 5 28
YDR501W 0 0
YDR502C 5 96
YDR503C 1 3
YDR504C 1 20
YDR505C 1 5
YDR506C 2 47
YDR507C 5 73
YDR508C 2 68
YDR509W 4 26
YDR510W 4 57
YDR510C-A 4 45
YDR511W 2 20
YDR512C 4 116
YDR513W 4 136
YDR514C 2 6
YDR515W 1 1
YDR516C 4 15
YDR517W 2 4
YDR518W 0 0
YDR519W 5 207
YDR520C 0 0
YDR521W 1 82
YDR522C 14 21216
YDR523C 0 0
YDR524C 2 111
YDR524W-C 3 97
YDR524C-B 5 39
YDR524C-A 5 237
YDR525W 5 39
YDR525W-A 9 378
YDR526C 1 4
YDR527W 5 128
YDR528W 0 0
YDR529C 3 94
YDR530C 8 75
YDR531W 2 71
YDR532C 1 2
YDR533C 1 40
YDR534C 1 25
YDR535C 7 2426
YDR536W 5 28
YDR537C 1 8
YDR538W 1 15
YDR539W 0 0
YDR540C 2 16
YDR541C 4 113
YDR542W 0 0
YDR543C 3 34
YDR544C 0 0
YDR545W 0 0
YDR545C-A 0 0
YEL077C 0 0
YEL077W-A 3 64
YEL076C-A 0 0
YEL076C 0 0
YEL075W-A 0 0
YEL075C 0 0
YEL074W 1 6
YEL073C 2 43
YEL072W 2 46
YEL071W 0 0
YEL070W 1 24
YEL069C 0 0
YEL068C 5 106
YEL067C 4 72
YEL066W 9 236
YEL065W 3 55
YEL064C 4 276
YEL063C 0 0
YEL062W 4 195
YEL061C 0 0
YEL060C 5 160
YEL059C-A 6 210
YEL059W 1 4
YEL058W 2 20
YEL057C 1 3
YEL056W 2 5
YEL055C 1 16
YEL054C 2 8
YEL053W-A 1 1
YEL053C 1 4
YEL052W 3 107
YEL051W 1 38
YEL050W-A 3 69
YEL050C 4 207
YEL049W 1 26
YEL048C 1 3
YEL047C 4 113
YEL046C 6 91
YEL045C 4 10
YEL044W 5 77
YEL043W 5 300
YEL042W 1 6
YEL041W 0 0
YEL040W 1 129
YEL039C 4 48
YEL038W 10 358
YEL037C 2 38
YEL036C 1 18
YEL035C 5 1593
YEL034C-A 4 42
YEL034W 5 60
YEL033W 1 36
YEL032W 3 46
YEL032C-A 0 0
YEL031W 7 1656
YEL030C-A 0 0
YEL030W 2 37
YEL029C 1 1
YEL028W 0 0
YEL027W 0 0
YEL026W 0 0
YEL025C 5 467
YEL024W 0 0
YEL023C 1 46
YEL022W 0 0
YEL021W 9 210
YEL020C-B 2 34
YEL020W-A 5 60
YEL020C 1 4
YEL019C 3 47
YEL018C-A 1 1
YEL018W 4 175
YEL017C-A 2 4
YEL017W 6 168
YEL016C 1 39
YEL015W 3 6
YEL014C 1 44
YEL013W 0 0
YEL012W 0 0
YEL011W 3 32
YEL010W 2 5
YEL009C-A 0 0
YEL009C 1 25
YEL008W 3 37
YEL008C-A 11 385
YEL007W 7 677
YEL006W 5 53
YEL005C 2 8
YEL004W 4 683
YEL003W 2 3
YEL002C 3 92
YEL001C 5 51
YER001W 1 100
YER002W 2 7
YER003C 9 647
YER004W 7 541
YER005W 2 201
YER006W 6 159
YER006C-A 1 7
YER007W 0 0
YER007C-A 2 2
YER008C 0 0
YER009W 2 37
YER010C 7 178
YER011W 0 0
YER012W 1 1
YER013W 3 193
YER014W 2 8
YER014C-A 2 70
YER015W 2 1565
YER016W 3 3
YER017C 0 0
YER018C 2 20
YER019W 0 0
YER019C-A 8 262
YER020W 2 3169
YER021W 4 53
YER022W 2 4
YER023W 7 723
YER023C-A 3 37
YER024W 2 55
YER025W 2 26
YER026C 1 1
YER027C 1 2
YER028C 1 5
YER029C 0 0
YER030W 3 206
YER031C 2 22
YER032W 3 31
YER033C 10 414
YER034W 5 284
YER035W 9 336
YER036C 0 0
YER037W 11 732
YER038C 3 21
YER038W-A 2 77
YER039C 3 134
YER039C-A 10 2136
YER040W 1 6
YER041W 1 24
YER042W 2 78
YER043C 1 11
YER044C 1 2
YER044C-A 1 18
YER045C 0 0
YER046W 6 77
YER046W-A 1 1
YER047C 0 0
YER048C 0 0
YER048W-A 2 4
YER049W 2 62
YER050C 5 151
YER051W 4 34
YER052C 1 1
YER053C 5 116
YER053C-A 3 230
YER054C 1 6
YER055C 1 20
YER056C 2 42
YER056C-A 0 0
YER057C 0 0
YER058W 6 260
YER059W 0 0
YER060W 0 0
YER060W-A 2 21
YER061C 8 221
YER062C 2 951
YER063W 1 14
YER064C 2 12
YER065C 2 28
YER066W 1 4
YER066C-A 3 23
YER067W 0 0
YER067C-A 4 199
YER068W 0 0
YER068C-A 3 33
YER069W 8 182
YER070W 0 0
YER071C 2 9
YER072W 9 376
YER073W 4 73
YER074W 1 2
YER074W-A 8 71
YER075C 5 80
YER076C 0 0
YER076W-A 1 9
YER077C 3 32
YER078C 1 4
YER078W-A 5 33
YER079W 2 28
YER079C-A 2 135
YER080W 7 609
YER081W 2 3
YER082C 2 704
YER083C 6 157
YER084W 1 3
YER084W-A 2 40
YER085C 1 87
YER086W 1 7
YER087W 0 0
YER087C-A 3 12
YER087C-B 6 303
YER088C 5 282
YER088C-A 5 62
YER088W-B 14 1342
YER089C 4 126
YER090W 0 0
YER090C-A 1 2
YER091C 0 0
YER091C-A 4 332
YER092W 9 3261
YER093C 1 9
YER093C-A 3 104
YER094C 1 16
YER095W 2 32
YER096W 2 7
YER097W 8 535
YER098W 2 19
YER099C 2 3
YER100W 1 5
YER101C 5 153
YER102W 2 4
YER103W 2 2
YER104W 1 2
YER105C 0 0
YER106W 0 0
YER107C 3 33
YER107W-A 1 21
YER109C 1 5
YER110C 3 20
YER111C 0 0
YER112W 3 27
YER113C 4 63
YER114C 0 0
YER115C 1 1
YER116C 0 0
YER117W 0 0
YER118C 1 4
YER119C 4 1203
YER119C-A 1 112
YER120W 1 2
YER121W 4 182
YER122C 2 17
YER123W 2 34
YER124C 1 11
YER125W 0 0
YER126C 2 90
YER127W 2 6
YER128W 4 58
YER129W 0 0
YER130C 2 79
YER131W 3 142
YER132C 1 1
YER133W 2 13
YER133W-A 0 0
YER134C 4 302
YER135C 1 14
YER136W 1 50
YER137C 6 3144
YER137W-A 0 0
YER138W-A 0 0
YER139C 0 0
YER140W 4 163
YER141W 6 78
YER142C 3 50
YER143W 3 14
YER144C 7 220
YER145C 4 114
YER145C-A 4 20
YER146W 10 706
YER147C 4 435
YER147C-A 0 0
YER148W 0 0
YER148W-A 0 0
YER149C 3 42
YER150W 6 204
YER151C 0 0
YER152C 0 0
YER152W-A 5 195
YER153C 3 12
YER154W 6 2630
YER155C 0 0
YER156C 7 1819
YER157W 5 32
YER158C 5 64
YER158W-A 10 2998
YER159C 4 422
YER161C 2 3
YER162C 4 455
YER163C 4 29
YER164W 0 0
YER165W 0 0
YER165C-A 1 21
YER166W 0 0
YER167W 0 0
YER168C 3 7
YER169W 0 0
YER170W 6 160
YER171W 0 0
YER172C 2 6
YER172C-A 3 385
YER173W 5 64
YER174C 0 0
YER175C 3 33
YER175W-A 2 3
YER176W 8 101
YER177W 3 57
YER178W 4 115
YER179W 0 0
YER180C 2 28
YER180C-A 5 96
YER181C 0 0
YER182W 3 125
YER183C 0 0
YER184C 1 1
YER185W 2 24
YER186C 3 35
YER187W 4 39
YER188W 0 0
YER188C-A 7 336
YER189W 0 0
YER190W 0 0
YER190C-A 0 0
YER190C-B 0 0
YFL068W 0 0
YFL067W 0 0
YFL066C 0 0
YFL065C 0 0
YFL064C 0 0
YFL063W 0 0
YFL062W 1 4
YFL061W 0 0
YFL060C 0 0
YFL059W 5 91
YFL058W 1 2
YFL057C 2 23
YFL056C 0 0
YFL055W 2 236
YFL054C 3 30
YFL053W 1 2
YFL052W 4 165
YFL051C 2 50
YFL050C 1 52
YFL049W 4 683
YFL048C 6 154
YFL047W 10 383
YFL046W 4 133
YFL045C 4 10
YFL044C 0 0
YFL042C 9 254
YFL041W-A 0 0
YFL041W 3 220
YFL040W 0 0
YFL039C 3 68
YFL038C 7 183
YFL037W 4 274
YFL036W 3 110
YFL034C-B 2 116
YFL034C-A 1 12
YFL034W 2 2
YFL033C 0 0
YFL032W 0 0
YFL031W 2 24
YFL031C-A 0 0
YFL030W 0 0
YFL029C 0 0
YFL028C 4 909
YFL027C 1 1
YFL026W 1 1
YFL025C 1 1
YFL024C 2 6
YFL023W 3 46
YFL022C 5 16
YFL021C-A 2 9
YFL021W 7 79
YFL020C 0 0
YFL019C 1 4
YFL018C 6 210
YFL017W-A 8 80
YFL017C 10 170
YFL016C 4 40
YFL015W-A 8 98
YFL015C 7 319
YFL014W 0 0
YFL013W-A 4 5
YFL013C 4 41
YFL012W-A 1 3
YFL012W 0 0
YFL011W 0 0
YFL010W-A 0 0
YFL010C 1 40773
YFL009W 0 0
YFL008W 3 122
YFL007W 0 0
YFL005W 6 192
YFL004W 1 1
YFL003C 2 68
YFL002C 4 69
YFL001W 6 1374
YFR001W 0 0
YFR002W 2 11
YFR003C 2 215
YFR004W 3 153
YFR005C 2 69
YFR006W 8 2265
YFR007W 7 185
YFR008W 0 0
YFR009W 0 0
YFR009W-A 1 8
YFR010W 2 8
YFR010W-A 2 56
YFR011C 2 54
YFR012W 2 7
YFR012W-A 0 0
YFR013W 2 15
YFR014C 2 7
YFR015C 5 58
YFR016C 1 17
YFR017C 8 222
YFR018C 3 200
YFR019W 1 433
YFR020W 0 0
YFR021W 1 17
YFR022W 1 5
YFR023W 1 5
YFR024C-A 8 327
YFR025C 2 111
YFR026C 0 0
YFR027W 4 158
YFR028C 3 35
YFR029W 8 740
YFR030W 2 11
YFR031C 2 40
YFR031C-A 4 177
YFR032C 5 1452
YFR032C-A 3 74
YFR032C-B 2 23
YFR033C 5 366
YFR034C 6 56
YFR034W-A 5 50
YFR035C 13 446
YFR036W 4 70
YFR036W-A 4 112
YFR037C 3 15
YFR038W 3 261
YFR039C 1 5
YFR040W 1 1
YFR041C 1 2
YFR042W 3 69
YFR043C 4 276
YFR044C 9 951
YFR045W 0 0
YFR046C 5 50
YFR047C 6 359
YFR048W 3 10
YFR049W 1 24
YFR050C 5 200
YFR051C 6 14035
YFR052W 4 342
YFR052C-A 1 4
YFR053C 1 5
YFR054C 1 11
YFR056C 2 30
YFR055W 2 56
YFR057W 1 4
YGL263W 6 158
YGL262W 0 0
YGL261C 0 0
YGL260W 1 62
YGL259W 3 24
YGL258W-A 0 0
YGL258W 0 0
YGL257C 0 0
YGL256W 0 0
YGL255W 1 1
YGL254W 8 2309
YGL253W 1 2
YGL252C 3 168
YGL251C 0 0
YGL250W 3 50
YGL249W 1 2
YGL248W 0 0
YGL247W 0 0
YGL246C 2 26
YGL245W 3 50
YGL244W 1 4
YGL243W 2 154
YGL242C 3 349
YGL241W 13 6350
YGL240W 6 274
YGL239C 5 199
YGL238W 2 60
YGL237C 1 1
YGL236C 3 20
YGL235W 1 26
YGL234W 1 2
YGL233W 3 10
YGL232W 2 43
YGL231C 1 1
YGL230C 1 30
YGL229C 0 0
YGL228W 3 38
YGL227W 1 6
YGL226C-A 4 6
YGL226W 4 93
YGL225W 6 104
YGL224C 1 72
YGL223C 4 721
YGL222C 4 23
YGL221C 8 1683
YGL220W 8 1683
YGL219C 1 14
YGL218W 0 0
YGL217C 4 168
YGL216W 1 5
YGL215W 0 0
YGL214W 1 6
YGL213C 0 0
YGL212W 2 10
YGL211W 10 1124
YGL210W 2 8
YGL209W 2 47
YGL208W 10 1464
YGL207W 0 0
YGL206C 2 52
YGL205W 1 1
YGL204C 1 1
YGL203C 0 0
YGL202W 3 387
YGL201C 0 0
YGL200C 2 21
YGL199C 2 6
YGL198W 4 268
YGL197W 3 12
YGL196W 1 19
YGL195W 0 0
YGL194C-A 2 28
YGL194C 5 3710
YGL193C 1 41
YGL192W 1 2
YGL191W 4 90
YGL190C 3 36
YGL189C 2 4
YGL188C-A 2 4
YGL188C 3 8
YGL187C 2 24
YGL186C 5 360
YGL185C 4 457
YGL184C 1 12
YGL183C 3 22
YGL182C 5 420
YGL181W 3 39
YGL180W 4 74
YGL179C 2 15
YGL178W 0 0
YGL177W 7 773
YGL176C 0 0
YGL175C 3 51
YGL174W 3 7
YGL173C 1 16
YGL172W 2 3
YGL171W 2 174
YGL170C 0 0
YGL169W 0 0
YGL168W 3 5
YGL167C 2 13
YGL166W 5 74
YGL165C 2 15
YGL164C 2 53
YGL163C 4 138
YGL162W 3 49
YGL161C 4 49
YGL160W 4 41
YGL159W 2 32
YGL158W 3 133
YGL157W 2 81
YGL156W 1 12
YGL155W 3 80
YGL154C 7 140
YGL153W 6 138
YGL152C 1 4
YGL151W 3 8
YGL150C 1 3
YGL149W 2 31
YGL148W 4 33
YGL147C 9 319
YGL146C 1 3
YGL145W 0 0
YGL144C 3 60
YGL143C 5 1653
YGL142C 1 1
YGL141W 2 53
YGL140C 0 0
YGL139W 3 34
YGL138C 1 91
YGL137W 5 35
YGL136C 5 167
YGL135W 1 11
YGL134W 4 113
YGL133W 1 1
YGL132W 0 0
YGL131C 1 1
YGL130W 1 1
YGL129C 3 76
YGL128C 0 0
YGL127C 0 0
YGL126W 2 68
YGL125W 3 28
YGL124C 8 10979
YGL123W 4 24
YGL123C-A 0 0
YGL122C 4 110
YGL121C 3 63
YGL120C 1 43
YGL119W 1 13
YGL118C 4 61
YGL117W 3 15
YGL116W 1 12
YGL115W 0 0
YGL114W 9 533
YGL113W 1 3
YGL112C 0 0
YGL111W 4 90
YGL110C 2 87
YGL109W 2 87
YGL108C 8 515
YGL107C 8 246
YGL106W 1 7
YGL105W 5 312
YGL104C 5 70
YGL103W 0 0
YGL102C 5 70
YGL101W 6 241
YGL100W 5 173
YGL099W 3 77
YGL098W 3 166
YGL097W 6 556
YGL096W 1 3
YGL095C 4 37
YGL094C 5 78
YGL093W 6 124
YGL092W 1 9
YGL091C 1 59
YGL090W 0 0
YGL089C 0 0
YGL088W 9 276
YGL087C 3 87
YGL086W 5 70
YGL085W 3 22
YGL084C 3 25
YGL083W 2 36
YGL082W 0 0
YGL081W 0 0
YGL080W 4 53
YGL079W 3 175
YGL078C 2 6
YGL077C 0 0
YGL076C 3 40
YGL075C 4 56
YGL074C 6 84
YGL073W 3 253
YGL072C 8 71
YGL071W 0 0
YGL070C 5 32
YGL069C 0 0
YGL068W 4 70
YGL067W 0 0
YGL066W 0 0
YGL065C 5 48
YGL064C 3 21
YGL063W 9 123
YGL063C-A 16 134
YGL062W 8 294
YGL061C 0 0
YGL060W 0 0
YGL059W 6 45
YGL058W 5 243
YGL057C 8 120
YGL056C 2 3
YGL055W 8 263
YGL054C 3 139
YGL053W 2 3
YGL052W 0 0
YGL051W 2 30
YGL050W 5 369
YGL049C 2 45
YGL048C 2 22
YGL047W 0 0
YGL045W 4 20
YGL044C 0 0
YGL043W 3 298
YGL042C 0 0
YGL041C-B 1 2
YGL041W-A 6 86
YGL041C 3 62
YGL040C 3 25
YGL039W 1 12
YGL038C 0 0
YGL037C 0 0
YGL036W 5 92
YGL035C 1 1
YGL034C 5 99
YGL033W 2 27
YGL032C 1 6
YGL031C 5 38
YGL030W 0 0
YGL029W 0 0
YGL028C 1 1
YGL027C 3 1106
YGL026C 5 195
YGL025C 2 85
YGL024W 2 28
YGL023C 6 210
YGL022W 1 20
YGL021W 1 10
YGL020C 1 1
YGL019W 3 84
YGL018C 1 1
YGL017W 6 350
YGL016W 1 26
YGL015C 0 0
YGL014W 0 0
YGL014C-A 4 381
YGL013C 0 0
YGL012W 7 220
YGL011C 1 4
YGL010W 2 234
YGL009C 0 0
YGL008C 0 0
YGL007C-A 3 183
YGL007W 6 359
YGL006W-A 5 140
YGL006W 2 12
YGL005C 0 0
YGL004C 2 4
YGL003C 3 163
YGL002W 2 5
YGL001C 4 69
YGR001C 5 99
YGR002C 7 64
YGR003W 11 1799
YGR004W 3 47
YGR005C 3 55
YGR006W 5 54
YGR007W 9 859
YGR008C 4 51
YGR009C 0 0
YGR010W 1 6
YGR011W 4 74
YGR012W 5 389
YGR013W 6 54
YGR014W 0 0
YGR015C 7 653
YGR016W 7 847
YGR017W 3 5
YGR018C 5 73
YGR019W 3 22
YGR020C 0 0
YGR021W 6 250
YGR022C 1 1
YGR023W 3 170
YGR024C 4 43
YGR025W 2 23
YGR026W 1 7
YGR027C 3 84
YGR028W 0 0
YGR029W 3 26
YGR030C 3 5
YGR031W 5 60
YGR031C-A 9 750
YGR032W 0 0
YGR033C 0 0
YGR034W 2 42
YGR035C 3 18
YGR035W-A 6 341
YGR036C 4 117
YGR037C 2 38
YGR038W 1 40
YGR039W 2 17
YGR040W 0 0
YGR041W 2 81
YGR042W 7 273
YGR043C 4 7
YGR044C 3 18
YGR045C 9 569
YGR046W 1 1
YGR047C 6 542
YGR048W 3 7
YGR049W 2 41
YGR050C 4 478
YGR051C 4 42
YGR052W 5 92
YGR053C 1 4
YGR054W 1 448
YGR055W 2 307
YGR056W 6 153
YGR057C 3 164
YGR058W 8 617
YGR059W 0 0
YGR060W 2 17
YGR061C 0 0
YGR062C 2 19
YGR063C 4 76
YGR064W 7 215
YGR065C 4 270
YGR066C 1 2
YGR067C 3 22
YGR068C 8 378
YGR068W-A 3 67
YGR069W 3 23
YGR070W 1 1
YGR071C 5 65
YGR072W 1 44
YGR073C 0 0
YGR074W 1 13
YGR075C 0 0
YGR076C 6 36
YGR077C 3 11
YGR078C 2 57
YGR079W 4 47
YGR080W 3 1223
YGR081C 5 733
YGR082W 3 4
YGR083C 0 0
YGR084C 7 189
YGR085C 2 5
YGR086C 2 16
YGR087C 2 3
YGR088W 1 7
YGR089W 0 0
YGR090W 1 40
YGR091W 1 7
YGR092W 1 186
YGR093W 2 65
YGR094W 9 213
YGR095C 2 52
YGR096W 4 476
YGR097W 1 2
YGR098C 0 0
YGR099W 4 533
YGR100W 0 0
YGR101W 5 62
YGR102C 4 592
YGR103W 4 47
YGR104C 1 1
YGR105W 6 166
YGR106C 1 10
YGR107W 3 97
YGR108W 3 78
YGR109C 0 0
YGR110W 0 0
YGR111W 2 17
YGR112W 2 28
YGR113W 0 0
YGR114C 0 0
YGR115C 2 43
YGR116W 0 0
YGR117C 4 123
YGR118W 3 21
YGR119C 1 17
YGR120C 3 15
YGR121C 3 3
YGR121W-A 5 136
YGR122W 8 452
YGR122C-A 1 151
YGR123C 3 89
YGR124W 2 6
YGR125W 2 185
YGR126W 2 149
YGR127W 5 362
YGR128C 0 0
YGR129W 0 0
YGR130C 4 68
YGR131W 2 9
YGR132C 1 2
YGR133W 22 2798
YGR134W 4 380
YGR135W 2 23
YGR136W 4 41
YGR137W 2 21
YGR138C 0 0
YGR139W 0 0
YGR140W 4 541
YGR141W 2 66
YGR142W 5 37
YGR143W 2 7
YGR144W 0 0
YGR145W 5 42
YGR146C 2 13
YGR146C-A 8 876
YGR147C 2 25
YGR148C 5 61
YGR149W 0 0
YGR150C 4 262
YGR151C 0 0
YGR152C 3 33
YGR153W 1 17
YGR154C 2 7
YGR155W 1 95
YGR156W 2 56
YGR157W 6 157
YGR158C 0 0
YGR159C 1 7
YGR160W 3 45
YGR161C 5 26
YGR161W-C 9 492
YGR162W 0 0
YGR163W 1 14
YGR164W 1 12
YGR165W 2 34
YGR166W 2 3
YGR167W 0 0
YGR168C 5 77
YGR169C 0 0
YGR169C-A 1 24
YGR170W 1 1
YGR171C 5 95
YGR172C 6 123
YGR173W 1 2
YGR174C 5 1011
YGR174W-A 2 10
YGR175C 4 83
YGR176W 11 1667
YGR177C 0 0
YGR178C 0 0
YGR179C 5 54
YGR180C 5 13
YGR181W 2 5
YGR182C 3 52
YGR183C 5 477
YGR184C 2 87
YGR185C 4 63
YGR186W 5 90
YGR187C 2 292
YGR188C 4 506
YGR189C 2 26
YGR190C 0 0
YGR191W 4 1091
YGR192C 4 11
YGR193C 0 0
YGR194C 12 889
YGR195W 0 0
YGR196C 3 219
YGR197C 0 0
YGR198W 10 575
YGR199W 1 17
YGR200C 6 109
YGR201C 8 126
YGR202C 2 37
YGR203W 18 3277
YGR204W 4 63
YGR204C-A 0 0
YGR205W 0 0
YGR206W 4 1106
YGR207C 3 61
YGR208W 5 32
YGR209C 4 50
YGR210C 0 0
YGR211W 3 72
YGR212W 8 411
YGR213C 2 22
YGR214W 0 0
YGR215W 3 18
YGR216C 2 37
YGR217W 4 194
YGR218W 0 0
YGR219W 1 3
YGR220C 4 45
YGR221C 4 103
YGR222W 5 139
YGR223C 5 176
YGR224W 3 18
YGR225W 0 0
YGR226C 3 13
YGR227W 0 0
YGR228W 1 1
YGR229C 2 19
YGR230W 6 734
YGR231C 4 126
YGR232W 4 127
YGR233C 0 0
YGR234W 4 44
YGR235C 3 50
YGR236C 6 205
YGR237C 0 0
YGR238C 7 103
YGR239C 5 73
YGR240C 1 1
YGR240C-A 4 54
YGR241C 0 0
YGR242W 1 5
YGR243W 0 0
YGR244C 1 2
YGR245C 1 1
YGR246C 6 46
YGR247W 3 32
YGR248W 2 17
YGR249W 4 216
YGR250C 0 0
YGR251W 1 28
YGR252W 2 7
YGR253C 2 7
YGR254W 5 56
YGR255C 2 16
YGR256W 2 5
YGR257C 3 6
YGR258C 4 1370
YGR259C 1 3
YGR260W 3 108
YGR261C 0 0
YGR262C 1 1
YGR263C 2 5
YGR264C 3 9
YGR265W 1 16
YGR266W 3 38
YGR267C 2 32
YGR268C 8 759
YGR269W 3 39
YGR270W 1 27
YGR270C-A 1 25
YGR271W 6 67
YGR271C-A 0 0
YGR273C 0 0
YGR274C 3 69
YGR275W 4 43
YGR276C 7 115
YGR277C 4 63
YGR278W 4 75
YGR279C 2 3
YGR280C 6 805
YGR281W 4 18
YGR282C 1 1
YGR283C 5 443
YGR284C 6 107
YGR285C 8 114
YGR286C 3 17
YGR287C 3 181
YGR288W 2 75
YGR289C 0 0
YGR290W 2 2
YGR291C 0 0
YGR292W 0 0
YGR293C 0 0
YGR294W 0 0
YGR295C 4 124
YGR296W 0 0
YGR296C-A 0 0
YGR296C-B 0 0
YHL050C 0 0
YHL050W-A 0 0
YHL049C 0 0
YHL048C-A 2 11
YHL048W 0 0
YHL047C 3 36
YHL046W-A 1 1
YHL046C 0 0
YHL045W 0 0
YHL044W 3 108
YHL043W 2 2
YHL042W 1 14
YHL041W 4 57
YHL040C 3 92
YHL039W 6 222
YHL038C 4 34
YHL037C 3 52
YHL036W 7 270
YHL035C 8 139
YHL034W-A 3 184
YHL034C 0 0
YHL033C 7 349
YHL032C 2 24
YHL031C 2 46
YHL030W-A 2 4
YHL030W 5 160
YHL029C 4 80
YHL028W 3 350
YHL027W 3 6
YHL026C 6 911
YHL025W 5 128
YHL024W 3 121
YHL023C 5 127
YHL022C 1 20
YHL021C 3 18
YHL020C 0 0
YHL019W-A 4 526
YHL019C 3 16
YHL018W 4 102
YHL017W 4 221
YHL016C 2 3
YHL015W-A 7 105
YHL015W 0 0
YHL014C 6 9
YHL013C 4 109
YHL012W 1 12
YHL011C 6 79
YHL010C 0 0
YHL009C 1 4
YHL008C 0 0
YHL007C 5 195
YHL006W-A 4 41
YHL006C 5 17
YHL005C 4 50
YHL004W 3 467
YHL003C 1 6
YHL002C-A 1 1
YHL002W 6 78
YHL001W 5 38
YHR001W 0 0
YHR001W-A 3 124
YHR002W 8 876
YHR003C 2 30
YHR004C 6 1054
YHR005C 5 70
YHR005C-A 1 4
YHR006W 1 1
YHR007C 1 31
YHR007C-A 14 199
YHR008C 5 22
YHR009C 1 43
YHR010W 0 0
YHR011W 0 0
YHR012W 0 0
YHR013C 7 693
YHR014W 0 0
YHR015W 5 144
YHR016C 4 65
YHR017W 4 160
YHR018C 3 144
YHR019C 4 46
YHR020W 3 89
YHR021C 0 0
YHR021W-A 5 916
YHR022C 3 292
YHR022C-A 13 372
YHR023W 3 71
YHR024C 5 349
YHR025W 3 50
YHR026W 0 0
YHR027C 0 0
YHR028C 6 25500
YHR028W-A 2 427
YHR029C 0 0
YHR030C 2 7
YHR031C 9 187
YHR032W 0 0
YHR032W-A 13 744
YHR032C-A 16 1878
YHR033W 5 259
YHR034C 3 31
YHR035W 4 67
YHR036W 0 0
YHR037W 0 0
YHR038W 3 61
YHR039C 0 0
YHR039C-A 8 220
YHR040W 3 481
YHR041C 7 400
YHR042W 9 205
YHR043C 3 7
YHR044C 2 58
YHR045W 0 0
YHR046C 3 6
YHR047C 2 59
YHR048W 7 693
YHR049W 2 75
YHR049C-A 2 171
YHR050W 2 171
YHR050W-A 4 43
YHR051W 0 0
YHR052W 2 41
YHR052W-A 0 0
YHR053C 0 0
YHR054C 1 14
YHR054W-A 0 0
YHR055C 0 0
YHR056C 2 16
YHR056W-A 1 1
YHR057C 5 13025
YHR058C 4 126
YHR059W 0 0
YHR060W 5 72
YHR061C 3 163
YHR062C 0 0
YHR063C 5 8318
YHR063W-A 5 13
YHR064C 3 93
YHR065C 5 83
YHR066W 4 122
YHR067W 2 4
YHR068W 2 21
YHR069C 5 72
YHR069C-A 0 0
YHR070W 3 42
YHR070C-A 6 187
YHR071W 1 16
YHR071C-A 3 26
YHR072W 2 8
YHR072W-A 2 69
YHR073W 5 106
YHR073W-A 2 50
YHR073C-B 1 11
YHR074W 7 787
YHR075C 1 6
YHR076W 5 62
YHR077C 5 556
YHR078W 2 26
YHR079C 1 7
YHR079C-A 1 4
YHR080C 5 473
YHR081W 4 107
YHR082C 0 0
YHR083W 11 858
YHR084W 3 69
YHR085W 5 80
YHR086W 1 111
YHR086W-A 5 75
YHR087W 0 0
YHR088W 2 2
YHR089C 4 724
YHR090C 4 65
YHR091C 4 104
YHR092C 1 33
YHR093W 0 0
YHR094C 0 0
YHR095W 1 12
YHR096C 1 10
YHR097C 4 80
YHR098C 0 0
YHR099W 2 38
YHR100C 4 123
YHR101C 2 21
YHR102W 0 0
YHR103W 1 7
YHR104W 1 2
YHR105W 0 0
YHR106W 1 4
YHR107C 2 23
YHR108W 3 18
YHR109W 3 55
YHR110W 4 280
YHR111W 1 4
YHR112C 3 17
YHR113W 4 52
YHR114W 0 0
YHR115C 3 119
YHR116W 6 1214
YHR117W 4 154
YHR118C 1 22
YHR119W 1 24
YHR120W 4 103
YHR121W 1 18
YHR122W 4 91
YHR123W 3 125
YHR124W 0 0
YHR125W 3 38
YHR126C 0 0
YHR127W 5 68
YHR128W 1 6
YHR129C 1 1
YHR130C 0 0
YHR131C 3 65
YHR131W-A 0 0
YHR132C 4 77
YHR132W-A 6 33
YHR133C 1 5
YHR134W 2 7
YHR135C 1 5
YHR136C 8 635
YHR137W 1 32
YHR137C-A 1 2
YHR138C 4 29
YHR139C 5 230
YHR139C-A 11 947
YHR140W 4 54
YHR141C 0 0
YHR142W 1 483
YHR143W 1 7
YHR143W-A 3 48
YHR144C 5 3447
YHR145C 0 0
YHR146W 3 533
YHR147C 4 85
YHR148W 1 38
YHR149C 1 29
YHR150W 2 16
YHR151C 4 10
YHR152W 3 46
YHR153C 3 40
YHR154W 2 90
YHR155W 0 0
YHR156C 3 161
YHR157W 0 0
YHR158C 0 0
YHR159W 1 4
YHR160C 2 11
YHR161C 1 1
YHR162W 0 0
YHR163W 1 12
YHR164C 0 0
YHR165C 0 0
YHR165W-A 1 4
YHR166C 1 3
YHR167W 1 4
YHR168W 5 372
YHR169W 5 151
YHR170W 0 0
YHR171W 5 1028
YHR172W 3 33
YHR173C 7 130
YHR174W 3 26
YHR175W 11 3686
YHR175W-A 2 28
YHR176W 0 0
YHR177W 2 39
YHR178W 7 205
YHR179W 0 0
YHR180W 1 2
YHR180W-A 3 3
YHR180C-B 6 255
YHR181W 8 244
YHR182W 1 4
YHR182C-A 2 4
YHR183W 2 24
YHR184W 1 381
YHR185C 1 1
YHR186C 1 66
YHR187W 1 75
YHR188C 6 157
YHR189W 9 925
YHR190W 2 34
YHR191C 2 135
YHR192W 4 136
YHR193C 7 117
YHR193C-A 2 7
YHR194W 0 0
YHR195W 1 17
YHR196W 3 938
YHR197W 3 21
YHR198C 7 315
YHR199C 10 1240
YHR199C-A 5 188
YHR200W 4 419
YHR201C 2 278
YHR202W 2 6
YHR203C 1 3
YHR204W 3 46
YHR205W 0 0
YHR206W 1 1
YHR207C 9 134
YHR208W 3 25
YHR209W 1 66
YHR210C 1 4
YHR211W 0 0
YHR212C 0 0
YHR212W-A 0 0
YHR213W 0 0
YHR213W-A 0 0
YHR213W-B 0 0
YHR214W 0 0
YHR214W-A 0 0
YHR214C-D 0 0
YHR214C-E 0 0
YHR215W 0 0
YHR216W 0 0
YHR217C 0 0
YHR218W 0 0
YHR218W-A 0 0
YHR219W 0 0
YHR219C-A 0 0
YIL177C 0 0
YIL177W-A 0 0
YIL176C 0 0
YIL173W 0 0
YIL172C 0 0
YIL171W-A 0 0
YIL169C 4 33
YIL166C 0 0
YIL165C 1 3
YIL164C 3 57
YIL163C 6 153
YIL162W 3 12
YIL161W 0 0
YIL160C 4 170
YIL159W 8 234
YIL158W 5 171
YIL157C 3 15
YIL156W-A 1 4
YIL156W-B 5 38
YIL156W 2 172
YIL155C 4 68
YIL154C 0 0
YIL153W 0 0
YIL152W 10 310
YIL151C 3 17
YIL150C 4 78
YIL149C 2 6
YIL148W 2 3
YIL147C 1 103
YIL146C 1 7
YIL145C 5 441
YIL144W 1 5
YIL143C 3 274
YIL142C-A 3 91
YIL142W 5 13
YIL141W 2 191
YIL140W 1 4
YIL139C 1 4
YIL138C 3 129
YIL137C 10 5866
YIL136W 4 95
YIL135C 2 11
YIL134C-A 7 1504
YIL134W 7 38
YIL133C 5 94
YIL132C 2 18
YIL131C 2 11
YIL130W 2 28
YIL129C 1 1
YIL128W 1 84
YIL127C 0 0
YIL126W 1 17
YIL125W 0 0
YIL124W 2 40
YIL123W 3 19
YIL122W 0 0
YIL121W 0 0
YIL120W 1 4
YIL119C 1 72
YIL118W 2 18
YIL117C 1 6
YIL116W 1 8
YIL115W-A 1 2
YIL115C 1 5
YIL114C 0 0
YIL113W 3 10
YIL112W 2 13
YIL111W 1 2
YIL110W 1 4
YIL109C 2 3
YIL108W 3 391
YIL107C 0 0
YIL106W 3 15
YIL105C 3 84
YIL105W-A 2 58
YIL104C 3 70
YIL103W 5 167
YIL102C-A 7 886
YIL102C 3 321
YIL101C 7 115
YIL100C-A 3 155
YIL100W 6 114
YIL099W 7 527
YIL098C 7 279
YIL097W 2 4
YIL096C 5 69
YIL095W 1 13
YIL094C 2 275
YIL093C 2 46
YIL092W 0 0
YIL091C 2 4
YIL090W 3 24
YIL089W 0 0
YIL088C 2 13
YIL087C 3 25
YIL086C 3 43
YIL085C 4 2103
YIL084C 1 71
YIL083C 0 0
YIL082W 0 0
YIL079C 5 77
YIL078W 0 0
YIL077C 9 3646
YIL076W 10 198
YIL075C 1 1
YIL074C 1 2
YIL073C 0 0
YIL072W 1 33
YIL071W-A 0 0
YIL071C 4 26
YIL070C 1 6
YIL069C 4 121
YIL068W-A 0 0
YIL068C 2 101
YIL067C 0 0
YIL066W-A 1 9
YIL066C 1 12
YIL065C 9 153
YIL064W 15 713
YIL063C 4 166
YIL062C 1 2
YIL061C 8 96
YIL060W 0 0
YIL059C 3 186
YIL058W 2 7
YIL057C 5 82
YIL056W 4 93
YIL055C 0 0
YIL054W 8 1269
YIL053W 1 1
YIL052C 0 0
YIL051C 11 1210
YIL050W 3 40
YIL049W 1 15
YIL048W 1 3
YIL047C-A 2 103
YIL047C 0 0
YIL046W-A 7 329
YIL046W 0 0
YIL045W 0 0
YIL044C 6 129
YIL043C 6 486
YIL042C 3 207
YIL041W 10 2096
YIL040W 1 1
YIL039W 0 0
YIL038C 1 1
YIL037C 0 0
YIL036W 0 0
YIL035C 1 1
YIL034C 5 135
YIL033C 3 92
YIL032C 3 140
YIL031W 4 46
YIL030W-A 0 0
YIL030C 1 2
YIL029W-A 0 0
YIL029C 0 0
YIL028W 1 24
YIL027C 5 615
YIL026C 1 22
YIL025C 2 12
YIL024C 5 66
YIL023C 1 4
YIL022W 0 0
YIL021W 3 35
YIL021C-A 2 7
YIL020C-A 5 401
YIL020C 2 11
YIL019W 5 381
YIL018W 1 6
YIL017C 2 67
YIL016W 3 403
YIL015W 2 3
YIL014C-A 0 0
YIL014W 4 35
YIL013C 1 3
YIL012W 3 13
YIL011W 2 3
YIL010W 2 19
YIL009C-A 6 236
YIL009W 6 328
YIL008W 1 1
YIL007C 3 23
YIL006W 10 580
YIL005W 1 22
YIL004C 6 92
YIL003W 2 19
YIL002W-A 2 229
YIL002C 1 2
YIL001W 2 350
YIR001C 6 64
YIR002C 1 1
YIR003W 4 46
YIR004W 5 499
YIR005W 4 133
YIR006C 6 112
YIR007W 5 68
YIR008C 0 0
YIR009W 3 40
YIR010W 2 3
YIR011C 3 58
YIR012W 6 128
YIR013C 2 183
YIR014W 1 34
YIR015W 7 204
YIR016W 8 1873
YIR017C 9 830
YIR017W-A 3 139
YIR018W 10 877
YIR018C-A 0 0
YIR019C 5 300
YIR020C 1 40
YIR020W-A 6 77
YIR020C-B 3 126
YIR021W 2 35
YIR021W-A 1 1
YIR022W 1 2
YIR023W 4 58
YIR023C-A 0 0
YIR024C 2 94
YIR025W 7 363
YIR026C 3 70
YIR027C 1 2
YIR028W 0 0
YIR029W 6 300
YIR030C 1 36
YIR030W-A 1 36
YIR031C 3 355
YIR032C 2 40
YIR033W 4 295
YIR034C 0 0
YIR035C 2 32
YIR036C 4 9
YIR036W-A 1 16
YIR037W 1 9
YIR038C 3 112
YIR039C 2 69
YIR040C 0 0
YIR041W 0 0
YIR042C 2 60
YJL225C 0 0
YJL225W-A 0 0
YJL223C 0 0
YJL222W-B 0 0
YJL222W-A 0 0
YJL222W 0 0
YJL221C 0 0
YJL220W 0 0
YJL219W 0 0
YJL218W 0 0
YJL217W 4 96
YJL216C 1 26
YJL215C 0 0
YJL214W 0 0
YJL213W 6 412
YJL212C 6 474
YJL211C 3 51
YJL210W 11 1635
YJL209W 2 33
YJL208C 3 30
YJL207C 3 16
YJL206C 4 64
YJL205C 9 208
YJL204C 2 19
YJL203W 2 10
YJL202C 2 10
YJL201W 3 12
YJL200C 3 17
YJL199C 15 6533
YJL198W 4 29
YJL197W 4 42
YJL197C-A 0 0
YJL196C 4 47
YJL195C 2 42
YJL194W 4 81
YJL193W 2 24
YJL192C 4 57
YJL191W 7 1524
YJL190C 4 40
YJL189W 0 0
YJL188C 3 75
YJL187C 0 0
YJL186W 4 36
YJL185C 5 89
YJL184W 4 11
YJL183W 1 14
YJL182C 0 0
YJL181W 5 83
YJL180C 2 22
YJL179W 1 6
YJL178C 16 4644
YJL177W 3 36
YJL176C 1 1
YJL175W 0 0
YJL174W 1 2
YJL173C 6 208
YJL172W 5 68
YJL171C 3 139
YJL170C 0 0
YJL169W 0 0
YJL168C 3 37
YJL167W 0 0
YJL166W 3 36
YJL165C 2 49
YJL164C 0 0
YJL163C 6 524
YJL162C 10 194
YJL161W 5 61
YJL160C 1 16
YJL159W 5 47
YJL158C 10 1537
YJL157C 1 2
YJL156W-A 9 1659
YJL156C 8 583
YJL155C 1 10
YJL154C 2 66
YJL153C 0 0
YJL152W 2 3
YJL151C 9 412
YJL150W 7 82
YJL149W 8 64
YJL148W 3 121
YJL147C 2 555
YJL146W 1 3
YJL145W 2 146
YJL144W 5 464
YJL143W 3 5
YJL142C 3 75
YJL141C 0 0
YJL140W 1 2
YJL139C 1 36
YJL138C 1 4
YJL137C 2 7
YJL136W-A 4 143
YJL136C 0 0
YJL135W 6 506
YJL134W 4 117
YJL133C-A 6 492
YJL133W 2 9
YJL132W 2 120
YJL131C 3 230
YJL130C 2 74
YJL129C 0 0
YJL128C 3 105
YJL127W-A 2 80
YJL127C-B 10 5779
YJL127C 4 91
YJL126W 2 3
YJL125C 1 2
YJL124C 1 1
YJL123C 3 88
YJL122W 6 600
YJL121C 2 142
YJL120W 5 25
YJL119C 3 7
YJL118W 10 137
YJL117W 1 10
YJL116C 3 60
YJL115W 2 90
YJL112W 1 2
YJL111W 2 71
YJL110C 2 9
YJL109C 0 0
YJL108C 3 87
YJL107C 2 38
YJL106W 1 18
YJL105W 0 0
YJL104W 4 59
YJL103C 2 22
YJL102W 4 56
YJL101C 4 310
YJL100W 7 222
YJL099W 1 25
YJL098W 2 41
YJL097W 0 0
YJL096W 5 125
YJL095W 1 4
YJL094C 2 54
YJL093C 5 46
YJL092W 0 0
YJL091C 8 266
YJL090C 0 0
YJL089W 2 42
YJL088W 5 102
YJL087C 0 0
YJL086C 1 37
YJL085W 1 20
YJL084C 1 39
YJL083W 0 0
YJL082W 2 127
YJL081C 1 89
YJL080C 2 9
YJL079C 0 0
YJL078C 3 68
YJL077W-B 3 414
YJL077C 3 15
YJL077W-A 8 110
YJL076W 1 8
YJL075C 0 0
YJL074C 0 0
YJL073W 0 0
YJL072C 3 147
YJL071W 2 21
YJL070C 2 23
YJL069C 1 2
YJL068C 7 122
YJL067W 9 653
YJL066C 4 96
YJL065C 5 185
YJL064W 2 42
YJL063C 2 6
YJL062W-A 10 958
YJL062W 4 120
YJL061W 0 0
YJL060W 1 5
YJL059W 2 19
YJL058C 0 0
YJL057C 5 97
YJL056C 2 149
YJL055W 3 54
YJL054W 7 426
YJL053W 4 109
YJL052C-A 12 493
YJL052W 1 1
YJL051W 3 35
YJL050W 4 55
YJL049W 2 258
YJL048C 7 334
YJL047C-A 2 2
YJL047C 1 2
YJL046W 8 287
YJL045W 2 18
YJL044C 2 15
YJL043W 2 10
YJL042W 2 9
YJL041W 1 8
YJL039C 0 0
YJL038C 0 0
YJL037W 1 17
YJL036W 1 58
YJL035C 5 1133
YJL034W 3 225
YJL033W 5 50
YJL032W 1 2
YJL031C 6 122
YJL030W 3 57
YJL029C 1 1
YJL028W 2 333
YJL027C 3 6
YJL026W 3 159
YJL026C-A 0 0
YJL025W 1 4
YJL024C 4 56
YJL023C 4 110
YJL022W 1 1
YJL020C 1 56
YJL020W-A 0 0
YJL019W 0 0
YJL016W 0 0
YJL015C 4 242
YJL014W 3 236
YJL013C 5 484
YJL012C 3 96
YJL011C 3 49
YJL010C 0 0
YJL009W 2 18
YJL008C 2 13
YJL007C 11 1990
YJL006C 1 3
YJL005W 0 0
YJL004C 8 1005
YJL003W 5 136
YJL002C 6 482
YJL001W 7 348
YJR001W 10 1012
YJR002W 5 614
YJR003C 3 321
YJR004C 4 181
YJR005W 4 457
YJR005C-A 0 0
YJR006W 1 23
YJR007W 0 0
YJR008W 5 158
YJR009C 5 823
YJR010W 1 10
YJR010C-A 0 0
YJR011C 2 25
YJR012C 2 13
YJR013W 2 125
YJR014W 4 49
YJR015W 6 353
YJR016C 0 0
YJR017C 3 24
YJR018W 1 30
YJR019C 3 65
YJR020W 4 107
YJR021C 3 110
YJR022W 2 106
YJR023C 0 0
YJR024C 4 111
YJR025C 0 0
YJR030C 0 0
YJR031C 1 90
YJR032W 6 99
YJR033C 2 212
YJR034W 3 118
YJR035W 3 60
YJR036C 0 0
YJR037W 0 0
YJR038C 3 139
YJR039W 3 33
YJR040W 4 96
YJR041C 1 42
YJR042W 5 81
YJR043C 6 544
YJR044C 13 792
YJR045C 0 0
YJR046W 6 394
YJR047C 2 20
YJR048W 11 350
YJR049C 10 68
YJR050W 6 110
YJR051W 4 27
YJR052W 7 1318
YJR053W 1 61
YJR054W 0 0
YJR055W 3 370
YJR056C 0 0
YJR057W 3 275
YJR058C 1 3
YJR059W 3 31
YJR060W 1 24
YJR061W 0 0
YJR062C 7 13494
YJR063W 3 174
YJR064W 4 116
YJR065C 5 48
YJR066W 4 11
YJR067C 3 12
YJR068W 3 70
YJR069C 0 0
YJR070C 6 39
YJR071W 0 0
YJR072C 6 116
YJR073C 4 41
YJR074W 8 104
YJR075W 6 47
YJR076C 9 134
YJR077C 6 74
YJR078W 6 44
YJR079W 2 47
YJR080C 3 495
YJR082C 2 69
YJR083C 7 316
YJR084W 10 375
YJR085C 3 53
YJR086W 7 281
YJR087W 1 3
YJR088C 2 17
YJR089W 2 494
YJR090C 0 0
YJR091C 6 16
YJR092W 1 1
YJR093C 3 128
YJR094C 1 18
YJR094W-A 6 58
YJR095W 0 0
YJR096W 6 46
YJR097W 0 0
YJR098C 1 70
YJR099W 1 2
YJR100C 6 61
YJR101W 1 1
YJR102C 1 4
YJR103W 6 53
YJR104C 6 203
YJR105W 10 2849
YJR106W 2 3
YJR107W 1 41
YJR108W 3 208
YJR109C 5 36
YJR110W 0 0
YJR111C 0 0
YJR112W 6 190
YJR112W-A 10 373
YJR113C 13 2076
YJR114W 3 116
YJR115W 9 239
YJR116W 0 0
YJR117W 0 0
YJR118C 1 32
YJR119C 5 47
YJR120W 10 272
YJR121W 0 0
YJR122W 1 1
YJR123W 0 0
YJR124C 2 5
YJR125C 8 2135
YJR126C 9 318
YJR127C 6 434
YJR128W 2 305
YJR129C 0 0
YJR130C 7 1422
YJR131W 1 1
YJR132W 2 62
YJR133W 2 82
YJR134C 3 26
YJR135C 4 96
YJR135W-A 2 34
YJR136C 1 1
YJR137C 6 337
YJR138W 3 317
YJR139C 2 38
YJR140C 7 79
YJR140W-A 3 89
YJR141W 3 374
YJR142W 1 6
YJR143C 5 96
YJR144W 3 25
YJR145C 4 65
YJR146W 10 1434
YJR147W 4 55
YJR148W 2 18
YJR149W 7 424
YJR150C 6 4849
YJR151C 3 9
YJR151W-A 2 15
YJR152W 1 76
YJR153W 3 30
YJR154W 0 0
YJR155W 1 76
YJR156C 0 0
YJR157W 0 0
YJR158W 0 0
YJR159W 0 0
YJR160C 0 0
YJR161C 1 6
YJR162C 4 1363
YKL225W 2 3
YKL224C 0 0
YKL223W 0 0
YKL222C 2 9
YKL221W 3 88
YKL220C 2 30
YKL219W 4 194
YKL218C 0 0
YKL217W 6 38
YKL216W 4 57
YKL215C 3 96
YKL214C 1 69
YKL213C 6 110
YKL212W 0 0
YKL211C 3 23
YKL210W 3 324
YKL209C 1 10
YKL208W 1 3
YKL207W 6 150
YKL206C 5 94
YKL205W 2 37
YKL204W 3 34
YKL203C 1 108
YKL202W 0 0
YKL201C 1 4
YKL198C 3 1070
YKL197C 3 48
YKL196C 3 60
YKL195W 1 6
YKL194C 3 123
YKL193C 3 14
YKL192C 2 191
YKL191W 3 46
YKL190W 9 512
YKL189W 1 94
YKL188C 1 1
YKL187C 3 19
YKL186C 14 3084
YKL185W 0 0
YKL184W 0 0
YKL183C-A 2 91
YKL183W 2 91
YKL182W 1 9
YKL181W 2 11
YKL180W 0 0
YKL179C 2 15
YKL178C 0 0
YKL177W 1 2
YKL176C 0 0
YKL175W 2 3
YKL174C 2 161
YKL173W 3 41
YKL172W 1 2
YKL171W 2 2
YKL170W 2 15
YKL169C 1 3
YKL168C 4 44
YKL167C 4 353
YKL166C 0 0
YKL165C-A 6 193
YKL165C 1 7
YKL164C 2 53
YKL163W 1 6
YKL162C-A 1 18
YKL162C 0 0
YKL161C 1 1
YKL160W 2 3
YKL159C 5 217
YKL157W 3 172
YKL156W 8 259
YKL156C-A 0 0
YKL155C 2 64
YKL154W 2 40
YKL153W 1 3
YKL152C 6 135
YKL151C 10 242
YKL150W 9 84
YKL149C 6 108
YKL148C 2 50
YKL147C 5 19
YKL146W 8 500
YKL145W 2 10
YKL145W-A 1 1
YKL144C 2 5
YKL143W 5 383
YKL142W 3 53
YKL141W 1 6
YKL140W 2 24
YKL139W 0 0
YKL138C-A 4 236
YKL138C 2 23
YKL137W 1 7
YKL136W 2 43
YKL135C 3 63
YKL134C 3 22
YKL133C 2 2
YKL132C 0 0
YKL131W 1 9
YKL130C 3 46
YKL129C 2 186
YKL128C 6 982
YKL127W 1 98
YKL126W 2 48
YKL125W 0 0
YKL124W 1 32
YKL123W 0 0
YKL122C 1 1
YKL121W 1 3
YKL120W 0 0
YKL119C 1 4
YKL118W 0 0
YKL117W 5 1729
YKL116C 1 4
YKL115C 0 0
YKL114C 5 1152
YKL113C 4 77
YKL112W 1 2
YKL111C 1 7
YKL110C 9 1147
YKL109W 4 9
YKL108W 3 205
YKL107W 2 23
YKL106C-A 4 38
YKL106W 0 0
YKL105C 0 0
YKL104C 0 0
YKL103C 2 7
YKL102C 7 385
YKL101W 2 9
YKL100C 6 104
YKL100W-A 2 18
YKL099C 1 31
YKL098W 3 12
YKL097C 4 393
YKL096C-B 0 0
YKL096W-A 0 0
YKL096W 3 29
YKL095W 2 25
YKL094W 7 203
YKL093W 2 10
YKL092C 1 2
YKL091C 4 172
YKL090W 9 324
YKL089W 2 177
YKL088W 2 19
YKL087C 3 160
YKL086W 7 254
YKL085W 2 8
YKL084W 6 47
YKL083W 5 19
YKL082C 0 0
YKL081W 3 489
YKL080W 0 0
YKL079W 0 0
YKL078W 6 184
YKL077W 2 20
YKL076C 1 10
YKL075C 3 40
YKL074C 6 173
YKL073W 6 195
YKL072W 1 2
YKL071W 0 0
YKL070W 1 2
YKL069W 11 264
YKL068W-A 6 102
YKL068W 0 0
YKL067W 2 246
YKL066W 0 0
YKL065W-A 5 36
YKL065C 6 39
YKL064W 3 128
YKL063C 0 0
YKL062W 0 0
YKL061W 2 6
YKL060C 5 129
YKL059C 2 71
YKL058W 4 112
YKL057C 1 26
YKL056C 6 48
YKL055C 0 0
YKL054C 3 77
YKL053C-A 0 0
YKL053W 1 1
YKL052C 7 656
YKL051W 6 157
YKL050C 1 1
YKL049C 2 4
YKL048C 1 8
YKL047W 2 11
YKL046C 3 15
YKL045W 4 638
YKL044W 2 48
YKL043W 3 22
YKL042W 1 1
YKL041W 1 97
YKL040C 2 86
YKL039W 1 18
YKL038W 0 0
YKL037W 12 664
YKL036C 1 1
YKL035W 1 2
YKL034W 0 0
YKL033W-A 1 10
YKL033W 6 140
YKL032C 1 1
YKL031W 1 3
YKL030W 2 112
YKL029C 2 55
YKL028W 3 27
YKL027W 0 0
YKL026C 8 79
YKL025C 4 39
YKL024C 0 0
YKL023C-A 5 361
YKL023W 10 241
YKL022C 2 56
YKL021C 0 0
YKL020C 3 9
YKL019W 3 24
YKL018C-A 6 667
YKL018W 5 200
YKL017C 8 141
YKL016C 1 28
YKL015W 1 9
YKL014C 0 0
YKL013C 3 142
YKL012W 1 176
YKL011C 3 19
YKL010C 1 1
YKL009W 1 19
YKL008C 3 55
YKL007W 4 295
YKL006C-A 5 130
YKL006W 0 0
YKL005C 2 37
YKL004W 3 42
YKL003C 4 419
YKL002W 1 2
YKL001C 4 188
YKR001C 2 14
YKR002W 1 22
YKR003W 0 0
YKR004C 7 130
YKR005C 3 24
YKR006C 2 25
YKR007W 9 433
YKR008W 4 97
YKR009C 2 285
YKR010C 0 0
YKR011C 0 0
YKR012C 0 0
YKR013W 4 38
YKR014C 1 4
YKR015C 0 0
YKR016W 2 17
YKR017C 0 0
YKR018C 5 180
YKR019C 1 3
YKR020W 6 115
YKR021W 1 3
YKR022C 0 0
YKR023W 2 127
YKR024C 0 0
YKR025W 2 4
YKR026C 0 0
YKR027W 3 20
YKR028W 2 2
YKR029C 5 280
YKR030W 2 5
YKR031C 1 4
YKR032W 1 4
YKR033C 1 3
YKR034W 1 12
YKR035C 1 1
YKR035W-A 0 0
YKR036C 1 8
YKR037C 3 32
YKR038C 6 306
YKR039W 3 20
YKR040C 4 64
YKR041W 8 222
YKR042W 1 35
YKR043C 5 26
YKR044W 0 0
YKR045C 3 336
YKR046C 8 213
YKR047W 3 11
YKR048C 4 129
YKR049C 6 8635
YKR050W 7 950
YKR051W 0 0
YKR052C 1 30
YKR053C 3 10
YKR054C 2 349
YKR055W 3 302
YKR056W 1 115
YKR057W 7 151
YKR058W 2 67
YKR059W 2 3
YKR060W 0 0
YKR061W 1 32
YKR062W 3 78
YKR063C 2 366
YKR064W 3 69
YKR065C 6 62
YKR066C 10 859
YKR067W 3 45
YKR068C 2 83
YKR069W 1 24
YKR070W 6 156
YKR071C 1 1
YKR072C 2 32
YKR073C 4 77
YKR074W 3 950
YKR075C 5 321
YKR075W-A 2 9
YKR076W 0 0
YKR077W 1 16
YKR078W 5 149
YKR079C 0 0
YKR080W 1 1
YKR081C 2 45
YKR082W 2 7
YKR083C 1 16
YKR084C 1 135
YKR085C 1 30
YKR086W 3 441
YKR087C 3 19
YKR088C 5 48
YKR089C 3 41
YKR090W 1 2
YKR091W 1 5
YKR092C 4 28
YKR093W 3 18
YKR094C 3 1375
YKR095W 2 9
YKR095W-A 7 91
YKR096W 1 7
YKR097W 2 7
YKR098C 3 60
YKR099W 0 0
YKR100C 2 3
YKR101W 7 225
YKR102W 1 1253
YKR103W 0 0
YKR104W 0 0
YKR105C 2 9
YKR106W 0 0
YLL067C 0 0
YLL067W-A 0 0
YLL066W-B 0 0
YLL066C 0 0
YLL066W-A 0 0
YLL065W 1 166
YLL064C 0 0
YLL063C 9 1185
YLL062C 0 0
YLL061W 9 267
YLL060C 5 130
YLL059C 3 8
YLL058W 2 5
YLL057C 0 0
YLL056C 2 119
YLL055W 5 16
YLL054C 0 0
YLL053C 2 20
YLL052C 0 0
YLL051C 5 14
YLL050C 2 14
YLL049W 5 1120
YLL048C 0 0
YLL047W 3 172
YLL046C 0 0
YLL045C 6 1332
YLL044W 1 14
YLL043W 2 21
YLL042C 4 238
YLL041C 7 295
YLL040C 0 0
YLL039C 3 35
YLL038C 2 16
YLL037W 0 0
YLL036C 2 6
YLL035W 3 69
YLL034C 4 231
YLL033W 7 399
YLL032C 4 15
YLL031C 4 65
YLL030C 3 7
YLL029W 1 1
YLL028W 2 6
YLL027W 1 17
YLL026W 4 117
YLL025W 0 0
YLL024C 2 14
YLL023C 2 10
YLL022C 3 86
YLL021W 0 0
YLL020C 2 57
YLL019C 2 33
YLL019W-A 0 0
YLL018C-A 6 410
YLL018C 3 4
YLL015W 0 0
YLL014W 5 99
YLL013C 0 0
YLL012W 2 31
YLL011W 1 4
YLL010C 1 3
YLL009C 2 36
YLL008W 0 0
YLL007C 1 20
YLL006W-A 1 1
YLL006W 5 79
YLL005C 3 89
YLL004W 2 12
YLL003W 3 398
YLL002W 0 0
YLL001W 5 71
YLR001C 4 14
YLR002C 2 5
YLR003C 2 39
YLR004C 5 334
YLR005W 3 483
YLR006C 1 2
YLR007W 4 1539
YLR008C 2 8
YLR009W 3 40
YLR010C 1 17
YLR011W 0 0
YLR012C 2 19
YLR013W 0 0
YLR014C 0 0
YLR015W 1 440
YLR016C 0 0
YLR017W 1 4
YLR018C 1 2
YLR019W 0 0
YLR020C 6 75
YLR021W 3 9
YLR022C 1 28
YLR023C 2 13
YLR024C 1 2
YLR025W 3 77
YLR026C 0 0
YLR027C 10 564
YLR028C 10 223
YLR029C 4 15
YLR030W 4 57
YLR031W 1 5
YLR032W 2 18
YLR033W 2 144
YLR034C 3 16
YLR035C 1 22
YLR036C 5 119
YLR037C 2 28
YLR038C 10 289
YLR039C 0 0
YLR040C 5 96
YLR041W 2 4
YLR042C 0 0
YLR043C 11 980
YLR044C 5 343
YLR045C 4 742
YLR046C 2 47
YLR047C 0 0
YLR048W 1 1
YLR049C 7 23
YLR050C 2 303
YLR051C 0 0
YLR052W 4 84
YLR053C 2 439
YLR054C 0 0
YLR055C 7 46
YLR056W 2 87
YLR057W 2 147
YLR058C 2 16
YLR059C 3 203
YLR060W 2 20
YLR061W 4 824
YLR062C 0 0
YLR063W 5 20
YLR064W 8 204
YLR065C 2 87
YLR066W 3 76
YLR067C 1 2
YLR068W 1 50
YLR069C 0 0
YLR070C 6 228
YLR071C 2 91
YLR072W 1 115
YLR073C 2 8
YLR074C 8 341
YLR075W 4 867
YLR076C 0 0
YLR077W 5 21
YLR078C 5 68
YLR079W 7 41
YLR080W 2 4
YLR081W 8 5000
YLR082C 0 0
YLR083C 0 0
YLR084C 2 8
YLR085C 4 187
YLR086W 1 15
YLR087C 2 7
YLR088W 1 11
YLR089C 1 15
YLR090W 2 2
YLR091W 3 141
YLR092W 5 119
YLR093C 2 4
YLR094C 7 127
YLR095C 3 58
YLR096W 0 0
YLR097C 0 0
YLR098C 1 71
YLR099C 6 121
YLR099W-A 10 305
YLR100W 0 0
YLR101C 3 18
YLR102C 3 177
YLR103C 2 28
YLR104W 3 146
YLR105C 2 18
YLR106C 0 0
YLR107W 1 1
YLR108C 1 2
YLR109W 4 61
YLR110C 3 90
YLR111W 9 441
YLR112W 6 232
YLR113W 5 215
YLR114C 2 8
YLR115W 3 44
YLR116W 3 5
YLR117C 2 91
YLR118C 7 1453
YLR119W 9 1578
YLR120C 3 91
YLR120W-A 3 10
YLR121C 2 116
YLR122C 1 2
YLR123C 3 42
YLR124W 0 0
YLR125W 0 0
YLR126C 1 11
YLR127C 0 0
YLR128W 3 101
YLR129W 4 273
YLR130C 0 0
YLR131C 0 0
YLR132C 2 282
YLR133W 2 9
YLR134W 1 6
YLR135W 2 3
YLR136C 3 4
YLR137W 10 136
YLR138W 1 7
YLR139C 7 465
YLR140W 0 0
YLR141W 6 137
YLR142W 8 54
YLR143W 3 77
YLR144C 3 30
YLR145W 3 63
YLR146C 2 3
YLR146W-A 2 2
YLR147C 2 31
YLR148W 3 6
YLR149C 3 13
YLR149C-A 2 3
YLR150W 1 7
YLR151C 9 218
YLR152C 1 1
YLR153C 5 35
YLR154C 11 3269
YLR154W-A 0 0
YLR154W-B 0 0
YLR154W-C 0 0
YLR154W-E 0 0
YLR154W-F 0 0
YLR154C-G 0 0
YLR154C-H 0 0
YLR155C 0 0
YLR156W 0 0
YLR156C-A 0 0
YLR157C 0 0
YLR157W-D 0 0
YLR157W-E 1 23
YLR157C-C 0 0
YLR158C 0 0
YLR159W 0 0
YLR159C-A 0 0
YLR160C 0 0
YLR161W 0 0
YLR162W 2 3
YLR162W-A 0 0
YLR163C 5 122
YLR163W-A 0 0
YLR164W 3 20
YLR165C 6 694
YLR166C 2 38
YLR167W 0 0
YLR168C 6 1388
YLR169W 2 128
YLR170C 7 182
YLR171W 1 1
YLR172C 2 57
YLR173W 2 41
YLR174W 7 117
YLR175W 4 37
YLR176C 2 76
YLR177W 3 38
YLR178C 3 50
YLR179C 6 78
YLR180W 2 14
YLR181C 1 44
YLR182W 1 3
YLR183C 0 0
YLR184W 0 0
YLR185W 2 25
YLR186W 1 15
YLR187W 0 0
YLR188W 2 39
YLR189C 1 4
YLR190W 1 9
YLR191W 5 46
YLR192C 1 39
YLR193C 1 39
YLR194C 0 0
YLR195C 5 33
YLR196W 4 20
YLR197W 0 0
YLR198C 1 5
YLR199C 1 171
YLR200W 1 3
YLR201C 2 28
YLR202C 3 29
YLR203C 2 7
YLR204W 11 4317
YLR205C 8 4034
YLR206W 4 101
YLR207W 1 4
YLR208W 0 0
YLR209C 2 38
YLR210W 0 0
YLR211C 3 31
YLR212C 2 28
YLR213C 2 7
YLR214W 4 39
YLR215C 1 1
YLR216C 3 1137
YLR217W 2 72
YLR218C 4 68
YLR219W 2 48
YLR220W 1 125
YLR221C 1 39
YLR222C 3 376
YLR222C-A 2 22
YLR223C 1 1
YLR224W 2 11
YLR225C 1 6
YLR226W 2 16
YLR227C 1 24
YLR228C 4 50
YLR229C 0 0
YLR230W 3 39
YLR231C 5 73
YLR232W 0 0
YLR233C 8 540
YLR234W 6 185
YLR235C 8 260
YLR236C 5 219
YLR237W 4 102
YLR238W 0 0
YLR239C 3 65
YLR240W 2 12
YLR241W 5 206
YLR242C 0 0
YLR243W 2 17
YLR244C 6 97
YLR245C 6 25
YLR246W 4 116
YLR247C 1 2
YLR248W 1 1051
YLR249W 1 18
YLR250W 3 18
YLR251W 1 32
YLR252W 1 16
YLR253W 1 28
YLR254C 1 1
YLR255C 3 22
YLR256W 2 14
YLR257W 2 25
YLR258W 2 52
YLR259C 4 152
YLR260W 0 0
YLR261C 0 0
YLR262C 1 965
YLR262C-A 1 3
YLR263W 0 0
YLR264W 3 75
YLR264C-A 3 12
YLR265C 4 37
YLR266C 7 740
YLR267W 3 80
YLR268W 7 260
YLR269C 3 57
YLR270W 1 2
YLR271W 6 332
YLR272C 1 5
YLR273C 0 0
YLR274W 4 66
YLR275W 4 133
YLR276C 0 0
YLR277C 4 46
YLR278C 4 21
YLR279W 7 76
YLR280C 2 39
YLR281C 14 1040
YLR282C 2 71
YLR283W 5 122
YLR284C 0 0
YLR285W 0 0
YLR285C-A 3 21
YLR286C 0 0
YLR286W-A 2 5
YLR287C 0 0
YLR287C-A 4 309
YLR288C 3 27
YLR289W 1 24
YLR290C 4 152
YLR291C 6 138
YLR292C 6 241
YLR293C 0 0
YLR294C 3 74
YLR295C 4 27
YLR296W 7 182
YLR297W 4 26
YLR298C 12 1239
YLR299W 4 7
YLR299C-A 8 1001
YLR300W 1 2
YLR301W 4 128
YLR302C 2 64
YLR303W 7 311
YLR304C 6 84
YLR305C 2 46
YLR306W 5 141
YLR307W 0 0
YLR307C-A 0 0
YLR308W 0 0
YLR309C 4 111
YLR310C 0 0
YLR311C 2 19
YLR312C 2 11
YLR312W-A 9 652
YLR313C 0 0
YLR314C 6 121
YLR315W 1 6
YLR316C 6 125
YLR317W 2 15
YLR318W 3 29
YLR319C 0 0
YLR320W 1 9
YLR321C 4 29
YLR322W 2 24
YLR323C 6 353
YLR324W 6 166
YLR325C 3 306
YLR326W 5 178
YLR327C 2 10
YLR328W 2 3
YLR329W 0 0
YLR330W 6 201
YLR331C 0 0
YLR332W 1 3
YLR333C 4 77
YLR334C 4 73
YLR335W 3 6
YLR336C 1 55
YLR337C 0 0
YLR338W 9 190
YLR339C 0 0
YLR340W 0 0
YLR341W 2 37
YLR342W 1 1
YLR342W-A 0 0
YLR343W 0 0
YLR344W 1 18
YLR345W 2 97
YLR346C 1 64
YLR347C 0 0
YLR347W-A 1 2
YLR348C 10 404
YLR349W 3 98
YLR350W 1 25
YLR351C 2 97
YLR352W 3 704
YLR353W 2 6
YLR354C 9 869
YLR355C 1 1
YLR356W 4 210
YLR357W 8 412
YLR358C 6 144
YLR359W 1 1
YLR360W 0 0
YLR361C 8 105
YLR361C-A 3 368
YLR362W 4 31
YLR363C 0 0
YLR363W-A 0 0
YLR364W 3 2293
YLR365W 3 32
YLR364C-A 5 189
YLR366W 0 0
YLR367W 7 272
YLR368W 2 121
YLR369W 2 5
YLR370C 3 130
YLR371W 2 56
YLR372W 0 0
YLR373C 6 195
YLR374C 1 8
YLR375W 4 565
YLR376C 6 324
YLR377C 5 34
YLR378C 1 1
YLR379W 1 12
YLR380W 3 94
YLR381W 1 5
YLR382C 4 63
YLR383W 0 0
YLR384C 7 422
YLR385C 1 23
YLR386W 4 254
YLR387C 2 163
YLR388W 2 15
YLR389C 2 5
YLR390W 2 7
YLR390W-A 6 126
YLR392C 2 15
YLR393W 3 43
YLR394W 0 0
YLR395C 5 16
YLR396C 1 6
YLR397C 7 781
YLR398C 3 30
YLR399C 7 579
YLR399W-A 0 0
YLR400W 0 0
YLR401C 2 16
YLR402W 3 87
YLR403W 0 0
YLR404W 2 3
YLR405W 6 182
YLR406C 5 18
YLR406C-A 13 1024
YLR407W 3 57
YLR408C 10 869
YLR409C 5 565
YLR410W 7 590
YLR411W 8 116
YLR412W 5 171
YLR412C-A 0 0
YLR413W 2 82
YLR414C 3 10
YLR415C 2 89
YLR416C 8 451
YLR417W 5 412
YLR418C 0 0
YLR419W 0 0
YLR420W 3 46
YLR421C 5 824
YLR422W 0 0
YLR423C 2 5
YLR424W 1 40
YLR425W 5 396
YLR426W 4 241
YLR427W 3 17
YLR428C 4 64
YLR429W 9 504
YLR430W 1 16
YLR431C 3 675
YLR432W 3 113
YLR433C 0 0
YLR434C 0 0
YLR435W 1 6
YLR436C 4 14
YLR437C 6 42
YLR437C-A 2 21
YLR438W 5 327
YLR438C-A 1 14
YLR439W 1 3
YLR440C 0 0
YLR441C 2 173
YLR442C 5 76
YLR443W 1 2
YLR444C 2 44
YLR445W 3 84
YLR446W 4 1459
YLR447C 3 64
YLR448W 1 1
YLR449W 0 0
YLR450W 2 6
YLR451W 1 2
YLR452C 6 207
YLR453C 8 188
YLR454W 8 483
YLR455W 1 1
YLR456W 1 4
YLR457C 7 825
YLR458W 2 52
YLR459W 5 234
YLR460C 5 204
YLR461W 0 0
YLR462W 1 1
YLR463C 0 0
YLR464W 0 0
YLR465C 0 0
YLR466W 0 0
YLR466C-A 0 0
YLR466C-B 0 0
YLR467W 0 0
YLR467C-A 0 0
YML133C 0 0
YML133W-B 0 0
YML133W-A 0 0
YML132W 0 0
YML131W 3 59
YML130C 3 22
YML129C 3 92
YML128C 4 29
YML127W 3 330
YML126C 7 293
YML125C 4 62
YML124C 2 95
YML123C 3 85
YML122C 3 25
YML121W 0 0
YML120C 5 276
YML119W 1 2
YML118W 0 0
YML117W 2 86
YML116W-A 0 0
YML116W 2 26
YML115C 2 7
YML114C 1 1
YML113W 4 284
YML112W 2 2
YML111W 0 0
YML110C 5 473
YML109W 4 155
YML108W 3 263
YML107C 2 2
YML106W 0 0
YML105C 2 16
YML104C 2 13
YML103C 5 143
YML102W 3 288
YML101C-A 11 243
YML101C 10 463
YML100W-A 11 867
YML100W 5 124
YML099W-A 5 100
YML099C 5 788
YML098W 2 60
YML097C 4 100
YML096W 0 0
YML095C 0 0
YML094C-A 0 0
YML094W 1 10
YML093W 5 449
YML092C 0 0
YML091C 0 0
YML090W 2 3
YML089C 7 368
YML088W 11 617
YML087C 6 1155
YML086C 1 8
YML085C 2 12
YML084W 2 12
YML083C 0 0
YML082W 5 282
YML081C-A 5 386
YML081W 0 0
YML080W 1 4
YML079W 4 35
YML078W 2 4
YML077W 2 18
YML076C 10 788
YML075C 2 8
YML074C 3 140
YML073C 3 46
YML072C 5 93
YML071C 5 806
YML070W 2 19
YML069W 2 47
YML068W 2 38
YML067C 2 11
YML066C 2 29
YML065W 0 0
YML064C 0 0
YML063W 3 196
YML062C 0 0
YML061C 0 0
YML060W 0 0
YML059C 1 3
YML058W-A 4 108
YML058W 7 391
YML057C-A 2 18
YML057W 1 17
YML056C 0 0
YML055W 2 93
YML054C 7 150
YML054C-A 8 1232
YML053C 3 15
YML052W 4 76
YML051W 5 310
YML050W 9 188
YML049C 6 85
YML048W 6 86
YML047W-A 0 0
YML047C 0 0
YML046W 1 36
YML043C 3 87
YML042W 3 51
YML041C 4 64
YML038C 3 62
YML037C 0 0
YML036W 1 3
YML035C 0 0
YML034C-A 1 6
YML034W 1 7
YML032C 0 0
YML031C-A 0 0
YML031W 0 0
YML030W 7 281
YML029W 3 46
YML028W 5 244
YML027W 2 20
YML026C 1 6
YML025C 6 1041
YML024W 6 57
YML023C 5 151
YML022W 1 2
YML021C 9 3681
YML020W 0 0
YML019W 1 1
YML018C 2 10
YML017W 0 0
YML016C 1 8
YML015C 2 143
YML014W 2 26
YML013W 9 884
YML012C-A 5 80
YML012W 3 25
YML011C 7 139
YML010W 5 126
YML009W-B 0 0
YML009C-A 6 169
YML009C 11 625
YML008C 1 17
YML007C-A 12 150
YML007W 3 42
YML006C 0 0
YML005W 3 103
YML004C 6 1679
YML003W 3 6
YML002W 1 87
YML001W 3 79
YMR001C 0 0
YMR001C-A 3 89
YMR002W 9 274
YMR003W 3 70
YMR004W 0 0
YMR005W 2 112
YMR006C 0 0
YMR007W 3 295
YMR008C 3 115
YMR009W 2 728
YMR010W 1 5
YMR011W 1 1
YMR012W 0 0
YMR013C 2 488
YMR013C-A 1 1
YMR013W-A 1 13
YMR014W 8 724
YMR015C 1 13
YMR016C 1 5
YMR017W 3 57
YMR018W 3 36
YMR019W 5 76
YMR020W 0 0
YMR021C 1 3
YMR022W 4 174
YMR023C 3 35
YMR024W 6 566
YMR025W 4 111
YMR026C 1 1
YMR027W 1 48
YMR028W 1 2
YMR029C 2 581
YMR030W 4 126
YMR031C 1 8
YMR031W-A 3 107
YMR032W 1 3
YMR030W-A 2 124
YMR033W 1 2
YMR034C 0 0
YMR035W 5 59
YMR036C 0 0
YMR037C 1 17
YMR038C 1 8
YMR039C 2 2
YMR040W 4 56
YMR041C 8 239
YMR042W 1 22
YMR043W 4 147
YMR044W 4 233
YMR046W-A 0 0
YMR047C 3 21
YMR048W 5 134
YMR049C 5 167
YMR052W 2 281
YMR052C-A 2 4
YMR053C 1 9
YMR054W 0 0
YMR055C 3 99
YMR056C 5 50
YMR057C 3 36
YMR058W 3 36
YMR059W 3 100
YMR060C 4 233
YMR061W 5 133
YMR062C 1 1
YMR063W 8 760
YMR064W 5 232
YMR065W 2 16
YMR066W 5 372
YMR067C 2 9
YMR068W 4 17
YMR069W 4 158
YMR070W 0 0
YMR071C 6 24
YMR072W 3 33
YMR073C 4 41
YMR074C 5 66
YMR075W 3 69
YMR075C-A 7 180
YMR076C 1 41
YMR077C 3 91
YMR078C 4 124
YMR079W 6 129
YMR080C 0 0
YMR081C 1 2
YMR082C 1 5
YMR083W 3 15
YMR084W 1 39
YMR085W 4 31
YMR086W 5 89
YMR086C-A 7 120
YMR087W 4 63
YMR088C 0 0
YMR089C 0 0
YMR090W 1 1
YMR091C 0 0
YMR092C 4 45
YMR093W 3 14
YMR094W 3 36
YMR095C 3 31
YMR096W 5 18
YMR097C 1 2
YMR098C 1 13
YMR099C 7 313
YMR100W 3 104
YMR101C 0 0
YMR102C 4 12
YMR103C 13 1554
YMR104C 3 19
YMR105C 1 40
YMR105W-A 10 490
YMR106C 2 13
YMR107W 4 70
YMR108W 0 0
YMR109W 6 71
YMR110C 6 428
YMR111C 0 0
YMR112C 4 22
YMR113W 1 9
YMR114C 4 40
YMR115W 2 137
YMR116C 3 7
YMR117C 5 313
YMR118C 4 130
YMR119W 0 0
YMR119W-A 1 2
YMR120C 1 8
YMR121C 1 30
YMR122C 8 259
YMR122W-A 6 130
YMR123W 5 140
YMR124W 3 18
YMR125W 0 0
YMR126C 0 0
YMR127C 1 3
YMR128W 0 0
YMR129W 2 5
YMR130W 2 70
YMR131C 3 76
YMR132C 0 0
YMR133W 1 54
YMR134W 1 97
YMR135C 8 281
YMR135W-A 1 1
YMR136W 3 64
YMR137C 1 8
YMR138W 3 32
YMR139W 5 34
YMR140W 0 0
YMR141C 4 56
YMR142C 2 25
YMR141W-A 0 0
YMR143W 0 0
YMR144W 0 0
YMR145C 3 55
YMR146C 1 20
YMR147W 3 31
YMR148W 0 0
YMR149W 5 858
YMR150C 6 39
YMR151W 3 492
YMR152W 4 58
YMR153W 0 0
YMR153C-A 1 1
YMR154C 4 106
YMR155W 10 457
YMR156C 2 5
YMR157C 2 629
YMR158W 2 9
YMR158C-A 2 51
YMR158W-B 1 1
YMR159C 4 97
YMR160W 4 97
YMR161W 3 13
YMR162C 4 46
YMR163C 3 56
YMR164C 2 7
YMR165C 2 133
YMR166C 0 0
YMR167W 6 69
YMR168C 3 91
YMR169C 3 10
YMR170C 2 37
YMR171C 0 0
YMR172W 0 0
YMR172C-A 0 0
YMR173W 0 0
YMR173W-A 2 6
YMR174C 4 126
YMR175W 6 304
YMR175W-A 1 3
YMR176W 2 22
YMR177W 3 68
YMR178W 7 515
YMR179W 2 8
YMR180C 6 27
YMR181C 1 23
YMR182C 0 0
YMR182W-A 4 175
YMR183C 1 9
YMR184W 5 77
YMR185W 3 8
YMR186W 4 47
YMR187C 1 1
YMR188C 3 73
YMR189W 4 182
YMR190C 3 28
YMR191W 10 1274
YMR192W 2 51
YMR193W 1 4
YMR193C-A 0 0
YMR194W 6 171
YMR194C-B 2 39
YMR194C-A 8 101
YMR195W 8 98
YMR196W 4 134
YMR197C 5 104
YMR198W 1 8
YMR199W 1 1
YMR200W 3 322
YMR201C 2 38
YMR202W 4 589
YMR203W 4 204
YMR204C 2 87
YMR205C 0 0
YMR206W 5 659
YMR207C 1 6
YMR208W 0 0
YMR209C 2 3
YMR210W 3 23
YMR211W 4 28
YMR212C 0 0
YMR213W 3 622
YMR214W 10 406
YMR215W 0 0
YMR216C 4 152
YMR217W 4 58
YMR218C 4 23
YMR219W 4 30
YMR220W 2 367
YMR221C 4 170
YMR222C 4 43
YMR223W 0 0
YMR224C 6 114
YMR225C 8 265
YMR226C 4 61
YMR227C 1 6
YMR228W 2 29
YMR229C 0 0
YMR230W 7 351
YMR230W-A 0 0
YMR231W 0 0
YMR232W 2 12
YMR233W 1 16
YMR234W 1 21
YMR235C 2 55
YMR236W 2 82
YMR237W 1 5
YMR238W 0 0
YMR239C 0 0
YMR240C 8 743
YMR241W 5 129
YMR242C 0 0
YMR242W-A 0 0
YMR243C 0 0
YMR244W 0 0
YMR244C-A 14 3216
YMR245W 1 3
YMR246W 10 123
YMR247C 5 296
YMR247W-A 0 0
YMR250W 0 0
YMR251W 2 10
YMR251W-A 0 0
YMR252C 6 156
YMR253C 4 6
YMR254C 1 1
YMR255W 3 344
YMR256C 3 97
YMR257C 0 0
YMR258C 2 87
YMR259C 5 589
YMR260C 2 27
YMR261C 0 0
YMR262W 2 63
YMR263W 5 745
YMR264W 4 106
YMR265C 8 184
YMR266W 5 531
YMR267W 1 5
YMR268C 3 29
YMR269W 3 155
YMR270C 0 0
YMR271C 3 27
YMR272C 3 240
YMR272W-A 2 31
YMR272W-B 4 95
YMR273C 0 0
YMR274C 3 40
YMR275C 4 19
YMR276W 2 16
YMR277W 2 9
YMR278W 2 22
YMR279C 3 90
YMR280C 2 27
YMR281W 3 15
YMR282C 2 7
YMR283C 5 49
YMR284W 4 650
YMR285C 1 6
YMR286W 3 16
YMR287C 1 21
YMR288W 5 40
YMR289W 3 140
YMR290C 3 102
YMR290W-A 1 72
YMR291W 0 0
YMR292W 4 52
YMR293C 3 109
YMR294W 4 121
YMR294W-A 3 197
YMR295C 1 29
YMR296C 5 16
YMR297W 0 0
YMR298W 0 0
YMR299C 0 0
YMR300C 4 79
YMR301C 2 12
YMR302C 3 15
YMR303C 4 34
YMR304W 1 38
YMR304C-A 0 0
YMR305C 1 28
YMR306W 1 8
YMR306C-A 4 26
YMR307W 1 32
YMR307C-A 2 3
YMR308C 3 23
YMR309C 3 26
YMR310C 4 55
YMR311C 5 95
YMR312W 2 9
YMR313C 7 316
YMR314W 4 21
YMR315W 2 169
YMR315W-A 4 115
YMR316W 0 0
YMR316C-A 7 641
YMR316C-B 0 0
YMR317W 0 0
YMR318C 1 17
YMR319C 0 0
YMR320W 2 77
YMR321C 1 11
YMR322C 0 0
YMR323W 0 0
YMR324C 1 2
YMR325W 0 0
YMR326C 9 82
YNL339C 0 0
YNL339W-B 0 0
YNL339W-A 0 0
YNL338W 0 0
YNL337W 9 282
YNL336W 0 0
YNL335W 1 39
YNL334C 2 6
YNL333W 2 6
YNL332W 0 0
YNL331C 2 9
YNL330C 1 2
YNL329C 2 660
YNL328C 10 232
YNL327W 0 0
YNL326C 3 91
YNL325C 3 29
YNL324W 0 0
YNL323W 0 0
YNL322C 8 287
YNL321W 8 280
YNL320W 4 17
YNL319W 0 0
YNL318C 0 0
YNL317W 5 212
YNL316C 0 0
YNL315C 2 511
YNL314W 1 2
YNL313C 0 0
YNL312W 2 223
YNL311C 6 168
YNL310C 4 73
YNL309W 3 250
YNL308C 2 192
YNL307C 1 1
YNL306W 4 47
YNL305C 4 25
YNL304W 4 244
YNL303W 2 22
YNL302C 1 8
YNL301C 1 1
YNL300W 2 11
YNL299W 0 0
YNL298W 0 0
YNL297C 9 345
YNL296W 0 0
YNL295W 1 39
YNL294C 2 31
YNL293W 4 191
YNL292W 2 12
YNL291C 0 0
YNL290W 4 104
YNL289W 0 0
YNL288W 3 57
YNL287W 2 9
YNL286W 1 82
YNL285W 6 142
YNL284C 4 86
YNL283C 0 0
YNL282W 9 405
YNL281W 1 22
YNL280C 0 0
YNL279W 1 59
YNL278W 2 14
YNL277W-A 3 37
YNL277W 0 0
YNL276C 3 6
YNL275W 1 207
YNL274C 0 0
YNL273W 2 131
YNL272C 0 0
YNL271C 0 0
YNL270C 6 274
YNL269W 1 1
YNL268W 4 67
YNL267W 3 15
YNL266W 1 4
YNL265C 7 44
YNL264C 2 148
YNL263C 2 21
YNL262W 4 15
YNL261W 2 15
YNL260C 7 100
YNL259C 2 9
YNL258C 4 129
YNL257C 2 37
YNL256W 0 0
YNL255C 2 212
YNL254C 7 75
YNL253W 5 95
YNL252C 3 27
YNL251C 3 11
YNL250W 4 2339
YNL249C 2 3
YNL248C 6 50
YNL247W 5 210
YNL246W 2 116
YNL245C 5 1766
YNL244C 4 9
YNL243W 6 216
YNL242W 0 0
YNL241C 5 129
YNL240C 2 2
YNL239W 4 122
YNL238W 0 0
YNL237W 2 30
YNL236W 2 139
YNL235C 0 0
YNL234W 9 74
YNL233W 1 54
YNL232W 2 3
YNL231C 2 21
YNL230C 1 4
YNL229C 3 89
YNL228W 7 758
YNL227C 1 1
YNL226W 0 0
YNL225C 5 277
YNL224C 0 0
YNL223W 5 264
YNL222W 1 2
YNL221C 5 122
YNL220W 4 43
YNL219C 0 0
YNL218W 6 534
YNL217W 7 405
YNL216W 2 134
YNL215W 2 267
YNL214W 3 174
YNL213C 6 45
YNL212W 1 55
YNL211C 2 34
YNL210W 1 4
YNL209W 5 188
YNL208W 3 102
YNL207W 1 1
YNL206C 3 402
YNL205C 1 2
YNL204C 2 22
YNL203C 4 119
YNL202W 3 68
YNL201C 0 0
YNL200C 1 2
YNL199C 0 0
YNL198C 0 0
YNL197C 1 28
YNL196C 1 5
YNL195C 0 0
YNL194C 1 1
YNL193W 9 518
YNL192W 5 73
YNL191W 3 14
YNL190W 2 21
YNL189W 0 0
YNL188W 0 0
YNL187W 4 36
YNL186W 1 32
YNL185C 0 0
YNL184C 2 21
YNL183C 2 185
YNL182C 3 63
YNL181W 0 0
YNL180C 3 153
YNL179C 9 536
YNL178W 2 55
YNL177C 9 120
YNL176C 5 18
YNL175C 6 183
YNL174W 0 0
YNL173C 1 1
YNL172W 0 0
YNL171C 1 5
YNL170W 2 35
YNL169C 1 29
YNL168C 2 387
YNL167C 3 37
YNL166C 1 55
YNL165W 2 3
YNL164C 3 14
YNL163C 0 0
YNL162W-A 2 19
YNL162W 4 972
YNL161W 4 490
YNL160W 2 7
YNL159C 5 262
YNL158W 4 56
YNL157W 5 11
YNL156C 3 19
YNL155W 1 10
YNL154C 2 96
YNL153C 12 342
YNL152W 5 54
YNL151C 5 146
YNL150W 1 2
YNL149C 10 620
YNL148C 4 61
YNL147W 1 2
YNL146C-A 3 170
YNL146W 2 164
YNL145W 1 2
YNL144C 10 164
YNL144W-A 1 3
YNL143C 0 0
YNL142W 1 2
YNL141W 1 2
YNL140C 2 37
YNL139C 1 1
YNL138W-A 3 13
YNL138W 3 113
YNL137C 0 0
YNL136W 4 49
YNL135C 3 33
YNL134C 3 39
YNL133C 10 1429
YNL132W 0 0
YNL131W 0 0
YNL130C 5 386
YNL130C-A 3 123
YNL129W 3 123
YNL128W 0 0
YNL127W 1 1
YNL126W 2 71
YNL125C 5 63
YNL124W 7 593
YNL123W 9 245
YNL122C 8 101
YNL121C 5 94
YNL120C 0 0
YNL119W 1 1
YNL118C 0 0
YNL117W 1 45
YNL116W 4 217
YNL115C 5 481
YNL114C 0 0
YNL113W 3 191
YNL112W 2 26
YNL111C 1 1
YNL110C 1 48
YNL109W 4 11
YNL108C 2 12
YNL107W 8 897
YNL106C 2 51
YNL105W 2 49
YNL104C 8 2046
YNL103W-A 4 148
YNL103W 4 25
YNL102W 1 25
YNL101W 6 113
YNL100W 6 20
YNL099C 3 70
YNL098C 1 8
YNL097C-B 3 69
YNL097C 4 504
YNL097W-A 3 121
YNL096C 3 35
YNL095C 2 82
YNL094W 0 0
YNL093W 2 23
YNL092W 2 20
YNL091W 0 0
YNL090W 2 13
YNL089C 0 0
YNL088W 2 6
YNL087W 0 0
YNL086W 0 0
YNL085W 0 0
YNL084C 4 141
YNL083W 2 28
YNL082W 5 49
YNL081C 6 351
YNL080C 1 1
YNL079C 9 1737
YNL078W 1 2
YNL077W 0 0
YNL076W 0 0
YNL075W 2 3
YNL074C 4 108
YNL073W 6 431
YNL072W 4 198
YNL071W 2 6
YNL070W 2 59
YNL069C 0 0
YNL068C 4 733
YNL067W-A 1 35
YNL067W-B 6 356
YNL067W 5 111
YNL066W 1 3
YNL065W 1 1
YNL064C 1 15
YNL063W 2 18
YNL062C 2 5
YNL061W 4 25
YNL059C 3 35
YNL058C 2 50
YNL057W 2 19
YNL056W 4 108
YNL055C 6 760
YNL054W 1 9
YNL053W 1 2
YNL052W 10 1627
YNL051W 7 801
YNL050C 1 106
YNL049C 4 7
YNL048W 3 31
YNL047C 3 129
YNL046W 3 24
YNL045W 9 63
YNL044W 0 0
YNL043C 0 0
YNL042W-B 0 0
YNL042W 0 0
YNL041C 1 2
YNL040W 4 21
YNL039W 0 0
YNL038W 7 69
YNL037C 7 273
YNL036W 6 116
YNL035C 3 14
YNL034W 0 0
YNL033W 0 0
YNL032W 0 0
YNL031C 3 18
YNL030W 2 27
YNL029C 5 1057
YNL028W 4 93
YNL027W 1 100
YNL026W 6 632
YNL025C 6 4545
YNL024C-A 1 21
YNL024C 3 85
YNL023C 2 419
YNL022C 1 2
YNL021W 1 61
YNL020C 1 7
YNL019C 0 0
YNL018C 0 0
YNL017C 6 91
YNL016W 1 1
YNL015W 0 0
YNL014W 1 91
YNL013C 0 0
YNL012W 0 0
YNL011C 2 10
YNL010W 3 11
YNL009W 2 56
YNL008C 4 34
YNL007C 1 55
YNL006W 2 9
YNL005C 1 1
YNL004W 2 32
YNL003C 7 117
YNL002C 0 0
YNL001W 2 58
YNR001C 2 10
YNR001W-A 5 44
YNR002C 7 92
YNR003C 1 22
YNR003W-A 8 296
YNR004W 2 5
YNR005C 0 0
YNR006W 3 10
YNR007C 3 74
YNR008W 3 97
YNR009W 3 66
YNR010W 5 105
YNR011C 7 511
YNR012W 3 177
YNR013C 3 145
YNR014W 11 4622
YNR015W 9 3006
YNR016C 5 1564
YNR017W 3 15
YNR018W 10 1337
YNR019W 3 278
YNR020C 6 184
YNR021W 4 151
YNR022C 3 47
YNR023W 0 0
YNR024W 2 511
YNR025C 0 0
YNR026C 5 41
YNR027W 4 220
YNR028W 2 123
YNR029C 4 57
YNR030W 1 6
YNR031C 0 0
YNR032W 1 88
YNR032C-A 5 118
YNR033W 2 4
YNR034W 1 2
YNR034W-A 2 114
YNR035C 5 637
YNR036C 5 73
YNR037C 2 106
YNR038W 3 336
YNR039C 1 46
YNR040W 5 30
YNR041C 0 0
YNR042W 0 0
YNR043W 0 0
YNR044W 0 0
YNR045W 1 3
YNR046W 4 54
YNR047W 4 322
YNR048W 1 8
YNR049C 2 141
YNR050C 1 33
YNR051C 0 0
YNR052C 1 8
YNR053C 0 0
YNR054C 5 148
YNR055C 0 0
YNR056C 0 0
YNR057C 1 12
YNR058W 3 40
YNR059W 0 0
YNR060W 1 36
YNR061C 1 73
YNR062C 4 221
YNR063W 0 0
YNR064C 1 136
YNR065C 1 15
YNR066C 10 1068
YNR067C 1 3
YNR068C 1 139
YNR069C 2 13
YNR070W 0 0
YNR071C 2 12
YNR072W 0 0
YNR073C 2 15
YNR074C 0 0
YNR075W 5 870
YNR075C-A 2 5
YNR076W 1 6
YNR077C 5 808
YOL166W-A 4 2771
YOL166C 2 12
YOL165C 0 0
YOL164W-A 1 1
YOL164W 0 0
YOL163W 3 42
YOL162W 3 71
YOL161C 0 0
YOL160W 0 0
YOL159C-A 2 24
YOL159C 2 4
YOL158C 6 201
YOL157C 0 0
YOL156W 0 0
YOL155W-A 0 0
YOL155C 0 0
YOL154W 3 1391
YOL152W 4 69
YOL151W 2 12
YOL150C 7 459
YOL149W 1 72
YOL148C 0 0
YOL147C 0 0
YOL146W 2 30
YOL145C 0 0
YOL144W 4 40
YOL143C 3 20
YOL142W 5 175
YOL141W 3 51
YOL140W 8 331
YOL139C 2 14
YOL138C 3 142
YOL137W 1 12
YOL136C 0 0
YOL135C 3 581
YOL134C 1 2
YOL133W 7 160
YOL132W 1 80
YOL131W 0 0
YOL130W 0 0
YOL129W 8 587
YOL128C 10 1475
YOL127W 0 0
YOL126C 5 13
YOL125W 5 119
YOL124C 12 933
YOL123W 2 69
YOL122C 1 6
YOL121C 5 260
YOL120C 0 0
YOL119C 1 14
YOL118C 2 17
YOL117W 4 124
YOL116W 0 0
YOL115W 0 0
YOL114C 11 286
YOL113W 1 33
YOL112W 4 68
YOL111C 4 8
YOL110W 5 365
YOL109W 2 10
YOL108C 10 255
YOL107W 6 293
YOL106W 2 10
YOL105C 0 0
YOL104C 6 352
YOL103W 0 0
YOL102C 4 100
YOL101C 4 1788
YOL100W 0 0
YOL099C 3 49
YOL098C 1 2
YOL097W-A 2 53
YOL097C 3 40
YOL096C 6 91
YOL095C 1 1
YOL094C 2 2
YOL093W 0 0
YOL092W 1 891
YOL091W 1 17
YOL090W 0 0
YOL089C 1 12
YOL088C 0 0
YOL087C 0 0
YOL086W-A 9 90
YOL086C 3 30
YOL085W-A 1 24
YOL085C 5 85
YOL084W 0 0
YOL083W 1 3
YOL083C-A 2 3
YOL082W 2 21
YOL081W 4 336
YOL080C 3 70
YOL079W 1 84
YOL078W 2 3
YOL077W-A 8 372
YOL077C 2 115
YOL076W 2 2
YOL075C 2 198
YOL073C 4 109
YOL072W 3 75
YOL071W 5 552
YOL070C 6 1104
YOL069W 0 0
YOL068C 3 63
YOL067C 6 89
YOL066C 0 0
YOL065C 4 34
YOL064C 5 1709
YOL063C 1 2
YOL062C 8 2197
YOL061W 2 6
YOL060C 0 0
YOL059W 3 14
YOL058W 6 263
YOL057W 5 58
YOL056W 3 27
YOL055C 1 2
YOL054W 1 46
YOL053W 3 39
YOL052C-A 0 0
YOL052C 4 108
YOL051W 2 4
YOL050C 3 921
YOL049W 7 2923
YOL048C 5 983
YOL047C 1 29
YOL046C 0 0
YOL045W 1 2
YOL044W 1 16
YOL043C 3 15
YOL042W 1 43
YOL041C 2 479
YOL040C 1 37
YOL039W 2 23
YOL038C-A 1 1
YOL038W 3 17
YOL037C 0 0
YOL036W 1 13
YOL035C 1 8
YOL034W 7 405
YOL033W 5 107
YOL032W 0 0
YOL031C 2 10
YOL030W 2 27
YOL029C 1 10
YOL028C 1 10
YOL027C 5 223
YOL026C 3 55
YOL025W 1 9
YOL024W 1 11
YOL023W 1 1
YOL022C 1 1
YOL021C 8 104
YOL020W 6 52
YOL019W-A 5 308
YOL019W 3 10
YOL018C 6 31
YOL017W 0 0
YOL016C 1 10
YOL015W 0 0
YOL014W 0 0
YOL013W-B 0 0
YOL013W-A 2 3
YOL013C 0 0
YOL012C 0 0
YOL011W 0 0
YOL010W 2 12
YOL009C 4 40
YOL008W 3 33
YOL007C 0 0
YOL006C 2 21
YOL005C 9 237
YOL004W 1 5
YOL003C 11 760
YOL002C 5 76
YOL001W 4 88
YOR001W 7 78
YOR002W 0 0
YOR003W 0 0
YOR004W 5 58
YOR005C 3 14
YOR006C 4 101
YOR007C 4 16
YOR008C 0 0
YOR008C-A 0 0
YOR008W-B 5 92
YOR009W 0 0
YOR010C 3 60
YOR011W 1 12
YOR011W-A 0 0
YOR012W 1 4
YOR013W 1 116
YOR014W 2 51
YOR015W 0 0
YOR016C 0 0
YOR017W 3 14
YOR018W 1 1
YOR019W 3 21
YOR020C 2 62
YOR020W-A 4 42
YOR021C 7 157
YOR022C 2 6
YOR023C 5 183
YOR024W 5 194
YOR025W 8 290
YOR026W 5 981
YOR027W 3 21
YOR028C 0 0
YOR029W 3 140
YOR030W 0 0
YOR031W 7 59
YOR032C 5 54
YOR032W-A 5 142
YOR033C 3 94
YOR034C 1 15
YOR034C-A 2 102
YOR035C 6 116
YOR036W 5 38
YOR037W 2 7
YOR038C 6 88
YOR039W 2 5
YOR040W 2 83
YOR041C 3 134
YOR042W 3 36
YOR043W 0 0
YOR044W 3 40
YOR045W 3 99
YOR046C 1 2
YOR047C 0 0
YOR048C 2 18
YOR049C 0 0
YOR050C 2 21
YOR051C 2 3
YOR052C 0 0
YOR053W 5 89
YOR054C 0 0
YOR055W 0 0
YOR056C 1 29
YOR057W 1 2
YOR058C 1 43
YOR059C 2 492
YOR060C 5 105
YOR061W 0 0
YOR062C 0 0
YOR063W 11 1088
YOR064C 13 8855
YOR065W 0 0
YOR066W 3 156
YOR067C 1 56
YOR069W 1 55
YOR068C 0 0
YOR070C 4 44
YOR071C 4 49
YOR072W 0 0
YOR072W-A 8 164
YOR072W-B 2 64
YOR073W 1 144
YOR074C 3 56
YOR073W-A 3 97
YOR075W 12 804
YOR076C 10 2494
YOR077W 1 2
YOR078W 6 150
YOR079C 0 0
YOR080W 1 4
YOR081C 0 0
YOR082C 5 87
YOR083W 2 3
YOR084W 9 220
YOR085W 1 46
YOR086C 2 24
YOR087W 4 54
YOR089C 1 3
YOR090C 0 0
YOR091W 1 3
YOR092W 0 0
YOR093C 1 1
YOR094W 0 0
YOR095C 6 43
YOR096W 2 3
YOR097C 1 10
YOR098C 2 21
YOR099W 4 410
YOR100C 3 36
YOR101W 2 27
YOR102W 3 136
YOR103C 5 142
YOR104W 2 25
YOR105W 0 0
YOR106W 3 58
YOR107W 2 9
YOR108W 0 0
YOR108C-A 5 64
YOR109W 1 3
YOR110W 0 0
YOR111W 1 37
YOR112W 2 13
YOR113W 0 0
YOR114W 3 16
YOR115C 7 1648
YOR116C 0 0
YOR117W 1 19
YOR118W 1 28
YOR119C 3 94
YOR120W 3 289
YOR121C 4 324
YOR122C 6 481
YOR123C 1 3
YOR124C 1 1
YOR125C 2 46
YOR126C 12 3498
YOR127W 1 1
YOR128C 0 0
YOR129C 1 54
YOR130C 4 54
YOR131C 3 7
YOR132W 1 22
YOR133W 1 231
YOR134W 1 13
YOR135C 0 0
YOR136W 1 3
YOR137C 1 14
YOR138C 2 8
YOR139C 0 0
YOR140W 2 18
YOR141C 4 86
YOR142W 0 0
YOR143C 0 0
YOR144C 0 0
YOR145C 1 16
YOR146W 0 0
YOR147W 6 444
YOR148C 7 249
YOR149C 4 35
YOR150W 4 112
YOR151C 0 0
YOR152C 0 0
YOR153W 3 11
YOR154W 1 7
YOR155C 3 282
YOR156C 0 0
YOR157C 3 56
YOR158W 2 173
YOR159C 4 91
YOR160W 0 0
YOR161C 7 148
YOR161W-A 0 0
YOR161W-B 6 47
YOR161C-C 5 83
YOR162C 2 10
YOR163W 5 125
YOR164C 3 45
YOR165W 7 31
YOR166C 5 144
YOR167C 2 8
YOR168W 6 225
YOR169C 0 0
YOR170W 3 58
YOR171C 2 34
YOR172W 11 265
YOR173W 5 197
YOR174W 1 11
YOR175C 1 28
YOR176W 3 17
YOR177C 3 6
YOR178C 6 144
YOR179C 3 101
YOR180C 1 13
YOR181W 4 38
YOR182C 4 75
YOR183W 2 31
YOR184W 0 0
YOR185C 1 1
YOR186W 5 351
YOR186C-A 2 51
YOR187W 1 26
YOR188W 2 34
YOR189W 1 104
YOR190W 1 1
YOR191W 2 6
YOR192C 1 11
YOR192C-C 0 0
YOR193W 0 0
YOR194C 1 1
YOR195W 1 13
YOR196C 9 531
YOR197W 10 689
YOR198C 1 4
YOR199W 2 6
YOR200W 5 16
YOR201C 5 170
YOR202W 1 1
YOR203W 3 12
YOR204W 8 493
YOR205C 9 214
YOR206W 7 147
YOR207C 6 377
YOR208W 6 179
YOR209C 0 0
YOR210W 2 62
YOR211C 2 70
YOR212W 5 1525
YOR213C 4 31
YOR214C 2 9
YOR215C 5 26
YOR216C 1 11
YOR217W 5 123
YOR218C 0 0
YOR219C 3 11
YOR220W 4 560
YOR221C 2 58
YOR222W 0 0
YOR223W 11 538
YOR224C 0 0
YOR225W 0 0
YOR226C 10 2331
YOR227W 2 16
YOR228C 2 11
YOR229W 4 437
YOR230W 3 156
YOR231W 2 64
YOR231C-A 0 0
YOR232W 2 17
YOR233W 0 0
YOR234C 1 1
YOR235W 1 9
YOR236W 6 186
YOR237W 2 64
YOR238W 3 7
YOR239W 6 41
YOR241W 3 94
YOR242C 1 25
YOR243C 5 760
YOR244W 0 0
YOR245C 7 107
YOR246C 1 10
YOR247W 0 0
YOR248W 2 7
YOR249C 2 23
YOR250C 1 4
YOR251C 5 286
YOR252W 2 24
YOR253W 1 7
YOR254C 4 110
YOR255W 3 18
YOR256C 3 62
YOR257W 4 105
YOR258W 1 5
YOR259C 2 12
YOR260W 5 43
YOR261C 0 0
YOR262W 3 6
YOR263C 0 0
YOR264W 1 4
YOR265W 9 363
YOR266W 1 2
YOR267C 0 0
YOR268C 8 158
YOR269W 8 696
YOR270C 0 0
YOR271C 4 165
YOR272W 2 163
YOR273C 8 216
YOR274W 8 634
YOR275C 9 1203
YOR276W 5 150
YOR277C 1 4
YOR278W 3 30
YOR279C 4 37
YOR280C 6 251
YOR281C 6 79
YOR282W 0 0
YOR283W 2 21
YOR284W 5 277
YOR285W 4 92
YOR286W 2 5
YOR287C 3 88
YOR288C 1 44
YOR289W 6 55
YOR290C 0 0
YOR291W 4 106
YOR292C 7 159
YOR293W 0 0
YOR293C-A 2 11
YOR294W 1 56
YOR295W 3 15
YOR296W 1 148
YOR297C 8 2269
YOR298W 0 0
YOR298C-A 3 68
YOR299W 2 92
YOR300W 1 1
YOR301W 3 554
YOR302W 2 221
YOR303W 3 20
YOR304W 0 0
YOR304C-A 2 5
YOR305W 0 0
YOR306C 4 52
YOR307C 0 0
YOR308C 0 0
YOR309C 1 46
YOR310C 3 199
YOR311C 6 78
YOR312C 0 0
YOR313C 0 0
YOR314W 1 2
YOR314W-A 8 399
YOR315W 4 91
YOR316C 3 78
YOR316C-A 6 132
YOR317W 9 258
YOR318C 2 49
YOR319W 0 0
YOR320C 1 13
YOR321W 4 78
YOR322C 1 12
YOR323C 3 289
YOR324C 1 9
YOR325W 1 54
YOR326W 0 0
YOR327C 3 51
YOR328W 1 17
YOR329C 3 43
YOR329W-A 3 17
YOR330C 5 5801
YOR331C 0 0
YOR332W 3 216
YOR333C 1 2
YOR334W 3 30
YOR335C 2 80
YOR335W-A 0 0
YOR336W 6 843
YOR337W 8 100
YOR338W 0 0
YOR339C 1 1
YOR340C 3 21
YOR341W 0 0
YOR342C 4 225
YOR343C 18 3260
YOR344C 1 1
YOR345C 1 19
YOR346W 3 87
YOR347C 0 0
YOR348C 2 226
YOR349W 7 21473
YOR350C 1 1
YOR351C 0 0
YOR352W 2 4
YOR353C 4 36
YOR354C 7 1361
YOR355W 0 0
YOR356W 8 1055
YOR357C 8 274
YOR358W 1 1
YOR359W 1 2
YOR360C 1 110
YOR361C 6 344
YOR362C 1 25
YOR363C 2 47
YOR364W 6 942
YOR365C 2 3
YOR366W 0 0
YOR367W 5 39
YOR368W 4 231
YOR369C 0 0
YOR370C 0 0
YOR371C 3 16
YOR372C 1 15
YOR373W 1 2
YOR374W 2 49
YOR375C 0 0
YOR376W 2 9
YOR376W-A 0 0
YOR377W 4 72
YOR378W 0 0
YOR379C 6 119
YOR380W 3 32
YOR381W 1 2
YOR381W-A 2 5
YOR382W 3 14
YOR383C 3 8
YOR384W 2 73
YOR385W 4 497
YOR386W 6 111
YOR387C 0 0
YOR388C 1 41
YOR389W 2 139
YOR390W 1 2
YOR391C 1 1
YOR392W 2 8
YOR393W 0 0
YOR394W 0 0
YOR394C-A 0 0
YOR396W 0 0
YOR396C-A 0 0
YPL283C 0 0
YPL283W-B 0 0
YPL283W-A 0 0
YPL282C 0 0
YPL281C 0 0
YPL280W 0 0
YPL279C 4 141
YPL278C 0 0
YPL277C 1 67
YPL274W 3 80
YPL273W 0 0
YPL272C 0 0
YPL271W 8 244
YPL270W 4 153
YPL269W 5 180
YPL268W 8 486
YPL267W 5 174
YPL266W 1 1
YPL265W 0 0
YPL264C 1 2
YPL263C 4 59
YPL262W 6 177
YPL261C 3 8
YPL260W 0 0
YPL259C 10 445
YPL258C 4 78
YPL257W 1 58
YPL256C 1 3
YPL255W 1 19
YPL254W 2 6
YPL253C 5 97
YPL252C 6 138
YPL251W 1 6
YPL250C 2 8
YPL249C-A 0 0
YPL250W-A 0 0
YPL249C 2 323
YPL248C 9 153
YPL247C 0 0
YPL246C 0 0
YPL245W 4 119
YPL244C 0 0
YPL243W 2 10
YPL242C 1 5
YPL241C 5 279
YPL240C 3 20
YPL239W 2 23
YPL238C 0 0
YPL237W 0 0
YPL236C 4 140
YPL235W 1 1
YPL234C 1 1
YPL233W 2 89
YPL232W 1 3
YPL231W 3 104
YPL230W 3 70
YPL229W 1 2
YPL228W 0 0
YPL227C 1 129
YPL226W 4 249
YPL225W 2 30
YPL224C 10 212
YPL223C 8 1658
YPL222W 2 12
YPL222C-A 1 4
YPL221W 6 652
YPL220W 8 159
YPL219W 1 1
YPL218W 2 39
YPL217C 1 52
YPL216W 0 0
YPL215W 3 48
YPL214C 3 10
YPL213W 8 516
YPL212C 4 141
YPL211W 2 73
YPL210C 1 1
YPL209C 4 97
YPL208W 6 92
YPL207W 4 12
YPL206C 1 21
YPL205C 1 4
YPL204W 0 0
YPL203W 5 81
YPL202C 7 428
YPL201C 7 88
YPL200W 0 0
YPL199C 3 9
YPL198W 5 812
YPL197C 1 23
YPL196W 0 0
YPL195W 12 876
YPL194W 2 10
YPL193W 0 0
YPL192C 1 9
YPL191C 2 17
YPL190C 3 6
YPL189C-A 2 792
YPL189W 3 92
YPL188W 3 138
YPL187W 1 17
YPL186C 12 2139
YPL185W 2 44
YPL184C 0 0
YPL183W-A 0 0
YPL183C 2 2
YPL182C 3 86
YPL181W 3 154
YPL180W 1 3
YPL179W 1 6
YPL178W 1 46
YPL177C 4 187
YPL176C 7 61
YPL175W 0 0
YPL174C 2 3
YPL173W 7 367
YPL172C 0 0
YPL171C 6 92
YPL170W 3 10
YPL169C 1 3
YPL168W 2 93
YPL167C 3 264
YPL166W 11 851
YPL165C 2 43
YPL164C 2 57
YPL163C 1 14
YPL162C 2 6
YPL161C 0 0
YPL160W 1 1
YPL159C 0 0
YPL158C 1 249
YPL157W 3 39
YPL156C 1 11
YPL155C 2 151
YPL154C 0 0
YPL153C 2 68
YPL152W-A 3 14
YPL152W 0 0
YPL151C 3 29
YPL150W 1 3
YPL149W 3 19
YPL148C 2 49
YPL147W 6 278
YPL146C 1 64
YPL145C 0 0
YPL144W 6 38
YPL143W 0 0
YPL142C 0 0
YPL141C 1 1
YPL140C 0 0
YPL139C 0 0
YPL138C 1 63
YPL137C 2 3
YPL136W 3 15
YPL135W 5 416
YPL135C-A 7 106
YPL134C 6 192
YPL133C 2 6
YPL132W 0 0
YPL131W 1 12
YPL130W 1 7
YPL129W 2 12
YPL128C 1 8
YPL127C 6 1307
YPL126W 3 237
YPL125W 0 0
YPL124W 4 115
YPL123C 2 43
YPL122C 2 49
YPL121C 0 0
YPL120W 7 1135
YPL119C-A 0 0
YPL119C 0 0
YPL118W 1 10
YPL117C 3 69
YPL116W 3 89
YPL115C 1 1
YPL114W 5 431
YPL113C 2 46
YPL112C 3 168
YPL111W 4 82
YPL110C 0 0
YPL109C 0 0
YPL108W 6 29
YPL107W 7 260
YPL106C 0 0
YPL105C 5 142
YPL104W 2 6
YPL103C 3 64
YPL102C 0 0
YPL101W 4 114
YPL100W 1 21
YPL099C 2 4
YPL098C 1 1
YPL097W 3 36
YPL096C-A 2 6
YPL096W 11 403
YPL095C 0 0
YPL094C 7 296
YPL093W 3 18
YPL092W 1 1
YPL091W 1 1
YPL090C 0 0
YPL089C 7 3207
YPL088W 0 0
YPL087W 1 12
YPL086C 1 1
YPL085W 2 53
YPL084W 3 80
YPL083C 2 4
YPL082C 3 19
YPL081W 4 214
YPL080C 2 93
YPL079W 0 0
YPL078C 8 162
YPL077C 6 238
YPL076W 2 16
YPL075W 1 9
YPL074W 2 5
YPL073C 3 129
YPL072W 1 6
YPL071C 1 51
YPL070W 1 1
YPL069C 6 547
YPL068C 9 106
YPL067C 1 95
YPL066W 3 102
YPL065W 2 21
YPL064C 1 10
YPL063W 0 0
YPL062W 16 6927
YPL061W 0 0
YPL060W 1 16
YPL059W 1 1
YPL058C 0 0
YPL057C 5 74
YPL056C 14 6537
YPL055C 6 116
YPL054W 2 24
YPL053C 2 10
YPL052W 4 293
YPL051W 4 232
YPL050C 1 14
YPL049C 7 219
YPL048W 2 4
YPL047W 0 0
YPL046C 2 15
YPL045W 0 0
YPL044C 1 4
YPL043W 1 1
YPL042C 0 0
YPL041C 5 1701
YPL040C 4 61
YPL039W 1 86
YPL038W-A 0 0
YPL038W 6 35
YPL037C 1 6
YPL036W 2 98
YPL035C 1 56
YPL034W 1 16
YPL033C 0 0
YPL032C 4 68
YPL031C 0 0
YPL030W 2 135
YPL029W 2 3
YPL028W 0 0
YPL027W 0 0
YPL026C 0 0
YPL025C 9 502
YPL024W 7 244
YPL023C 0 0
YPL022W 0 0
YPL021W 0 0
YPL020C 1 12
YPL019C 3 78
YPL018W 4 345
YPL017C 2 28
YPL016W 0 0
YPL015C 9 149
YPL014W 0 0
YPL013C 3 140
YPL012W 1 1
YPL011C 3 11
YPL010W 1 7
YPL009C 2 11
YPL008W 1 70
YPL007C 1 2
YPL006W 2 25
YPL005W 2 16
YPL004C 0 0
YPL003W 2 28
YPL002C 9 653
YPL001W 5 243
YPR001W 5 84
YPR002W 7 208
YPR002C-A 1 14
YPR003C 1 10
YPR004C 1 4
YPR005C 1 13
YPR006C 1 2
YPR007C 4 35
YPR008W 1 35
YPR009W 2 15
YPR010C 0 0
YPR010C-A 7 28
YPR011C 3 40
YPR012W 3 96
YPR013C 2 17
YPR014C 2 6
YPR015C 3 14
YPR016C 0 0
YPR016W-A 0 0
YPR017C 9 2116
YPR018W 0 0
YPR019W 0 0
YPR020W 2 6
YPR021C 0 0
YPR022C 4 25
YPR023C 3 64
YPR024W 1 4
YPR025C 4 132
YPR026W 2 2
YPR027C 0 0
YPR028W 2 2
YPR029C 1 3
YPR030W 4 17
YPR031W 2 48
YPR032W 1 1
YPR033C 2 10
YPR034W 1 36
YPR035W 1 5
YPR036W 6 974
YPR036W-A 6 61
YPR037C 5 64
YPR038W 4 510
YPR039W 3 46
YPR040W 8 406
YPR041W 4 132
YPR042C 2 4
YPR043W 0 0
YPR044C 1 2
YPR045C 1 10
YPR046W 10 125
YPR047W 2 24
YPR048W 4 47
YPR049C 1 1
YPR050C 2 108
YPR051W 3 27
YPR052C 3 4444
YPR053C 2 23
YPR054W 2 23
YPR055W 1 26
YPR056W 3 26
YPR057W 2 6
YPR058W 0 0
YPR059C 2 6
YPR060C 2 54
YPR061C 5 162
YPR062W 3 94
YPR063C 3 15
YPR064W 2 61
YPR065W 1 54
YPR066W 0 0
YPR067W 3 43
YPR068C 0 0
YPR069C 2 19
YPR070W 2 5
YPR071W 0 0
YPR072W 0 0
YPR073C 3 1169
YPR074C 12 603
YPR074W-A 4 87
YPR075C 4 271
YPR076W 0 0
YPR077C 2 3
YPR078C 0 0
YPR079W 2 18
YPR080W 2 40
YPR081C 1 228
YPR082C 11 565
YPR083W 2 121
YPR084W 0 0
YPR085C 4 18
YPR086W 3 64
YPR087W 1 116
YPR088C 0 0
YPR089W 2 956
YPR091C 2 371
YPR092W 1 11
YPR093C 3 28
YPR094W 7 458
YPR095C 0 0
YPR096C 0 0
YPR097W 0 0
YPR098C 5 62
YPR099C 3 16
YPR100W 8 230
YPR101W 5 103
YPR102C 1 14
YPR103W 0 0
YPR104C 0 0
YPR105C 4 32
YPR106W 0 0
YPR107C 0 0
YPR108W 2 46
YPR108W-A 2 13
YPR109W 1 27
YPR110C 1 2
YPR111W 8 66
YPR112C 3 44
YPR113W 2 33
YPR114W 1 2
YPR115W 0 0
YPR116W 2 2
YPR117W 1 8
YPR118W 7 103
YPR119W 1 16
YPR120C 1 4
YPR121W 2 17
YPR122W 3 12305
YPR123C 2 16
YPR124W 2 3
YPR125W 0 0
YPR126C 5 192
YPR127W 4 1264
YPR128C 1 6
YPR129W 4 100
YPR130C 2 3
YPR131C 6 532
YPR132W 0 0
YPR133C 0 0
YPR133W-A 6 134
YPR134W 2 21
YPR135W 1 10
YPR136C 0 0
YPR137W 2 11
YPR138C 0 0
YPR139C 1 11
YPR140W 0 0
YPR141C 0 0
YPR142C 0 0
YPR143W 5 142
YPR144C 2 26
YPR145W 0 0
YPR145C-A 4 62
YPR146C 0 0
YPR147C 4 262
YPR148C 5 200
YPR149W 4 357
YPR150W 7 63
YPR151C 15 1412
YPR152C 6 536
YPR153W 4 25
YPR154W 9 1115
YPR155C 0 0
YPR156C 1 2
YPR157W 2 18
YPR158W 3 41
YPR159W 1 59
YPR159C-A 5 1824
YPR160W 1 85
YPR160W-A 2 4
YPR160C-A 0 0
YPR161C 0 0
YPR162C 3 20
YPR163C 3 64
YPR164W 1 51
YPR165W 0 0
YPR166C 3 574
YPR167C 2 38
YPR168W 2 28
YPR169W 2 4
YPR170C 2 69
YPR169W-A 7 401
YPR170W-B 7 401
YPR170W-A 1 37
YPR171W 6 333
YPR172W 4 32
YPR173C 1 4
YPR174C 5 194
YPR175W 2 296
YPR176C 6 643
YPR177C 2 108
YPR178W 2 129
YPR179C 1 6
YPR180W 5 1233
YPR181C 1 7
YPR182W 2 73
YPR183W 3 103
YPR184W 2 6
YPR185W 2 19
YPR186C 6 35
YPR187W 7 157
YPR188C 5 95
YPR189W 5 93
YPR190C 2 3
YPR191W 3 7
YPR192W 3 26
YPR193C 2 18
YPR194C 0 0
YPR195C 7 148
YPR196W 7 227
YPR197C 0 0
YPR198W 1 1
YPR199C 7 2120
YPR200C 0 0
YPR201W 1 1
YPR202W 0 0
YPR203W 0 0
YPR204W 0 0
YPR204C-A 0 0
