YAL069W 9 597
YAL068W-A 9 767
YAL068C 1 16
YAL067W-A 4 127
YAL067C 3 22
YAL066W 4 80
YAL065C 1 56
YAL064W-B 1 56
YAL064C-A 2 11
YAL064W 3 43
YAL063C-A 0 0
YAL063C 1 43
YAL062W 13 333
YAL061W 2 3
YAL060W 2 3
YAL059C-A 1 46
YAL059W 5 5637
YAL058W 5 103
YAL056C-A 12 12319
YAL056W 7 320
YAL055W 4 44
YAL054C 6 237
YAL053W 2 8
YAL051W 4 347
YAL049C 1 128
YAL048C 5 46
YAL047W-A 7 139
YAL047C 1 3
YAL046C 13 1082
YAL045C 2 61
YAL044W-A 14 1112
YAL044C 7 107
YAL043C 9 116
YAL042C-A 4 70
YAL042W 8 146
YAL041W 2 197
YAL040C 1 1
YAL039C 9 4811
YAL038W 2 21
YAL037C-B 1 31
YAL037C-A 1 12
YAL037W 0 0
YAL036C 1 1
YAL035W 3 11
YAL034C-B 1 4
YAL034W-A 6 64
YAL034C 8 972
YAL033W 2 11
YAL032C 5 57
YAL031W-A 1 10
YAL031C 4 86
YAL030W 1 1923
YAL029C 0 0
YAL028W 0 0
YAL027W 3 27
YAL026C-A 0 0
YAL026C 0 0
YAL025C 6 1141
YAL024C 2 18
YAL023C 0 0
YAL022C 0 0
YAL021C 4 1152
YAL020C 8 57
YAL019W-A 3 42
YAL019W 1 11
YAL018C 0 0
YAL017W 1 15
YAL016C-B 5 40
YAL016C-A 0 0
YAL016W 2 6
YAL015C 4 558
YAL014C 2 80
YAL013W 3 35
YAL012W 9 156
YAL011W 8 895
YAL010C 3 39
YAL009W 6 463
YAL008W 1 4
YAL007C 4 237
YAL005C 5 382
YAL004W 1 274
YAL003W 4 345
YAL002W 4 17
YAL001C 5 308
YAR002W 8 1100
YAR002C-A 6 571
YAR003W 3 32
YAR007C 0 0
YAR008W 3 118
YAR014C 5 34089
YAR015W 5 62
YAR018C 4 100
YAR019C 3 14
YAR019W-A 0 0
YAR020C 0 0
YAR023C 2 23
YAR027W 0 0
YAR028W 1 7
YAR029W 2 100
YAR030C 3 133
YAR031W 0 0
YAR033W 1 1
YAR035W 11 851
YAR035C-A 5 1991
YAR042W 1 61
YAR047C 0 0
YAR050W 1 1
YAR053W 1 1
YAR060C 0 0
YAR064W 0 0
YAR066W 0 0
YAR068W 0 0
YAR069C 0 0
YAR070C 0 0
YAR071W 0 0
YAR073W 0 0
YAR075W 2 12
YBL113C 0 0
YBL113W-A 0 0
YBL112C 0 0
YBL111C 0 0
YBL109W 0 0
YBL108C-A 0 0
YBL108W 0 0
YBL107W-A 0 0
YBL107C 11 2262
YBL106C 3 61
YBL105C 1 2
YBL104C 12 3433
YBL103C 0 0
YBL102W 4 171
YBL101C 8 123
YBL100W-C 7 108
YBL100C 1 6
YBL099W 1 2
YBL098W 1 2
YBL097W 1 20
YBL096C 1 29
YBL095W 7 101
YBL094C 1 21
YBL093C 1 4
YBL092W 0 0
YBL091C-A 3 381
YBL091C 4 62
YBL090W 1 1
YBL089W 5 755
YBL088C 0 0
YBL087C 3 100
YBL086C 2 22
YBL085W 1 17
YBL084C 1 3
YBL083C 1 45
YBL082C 6 134
YBL081W 1 45
YBL080C 0 0
YBL079W 2 22
YBL078C 4 85
YBL077W 8 49
YBL076C 1 2
YBL075C 4 90
YBL074C 5 265
YBL073W 2 107
YBL072C 2 7
YBL071C-B 2 47
YBL071W-A 11 3920
YBL071C 4 14
YBL070C 2 19
YBL069W 2 11
YBL068W-A 4 72
YBL068W 2 6
YBL067C 2 20
YBL066C 3 239
YBL065W 1 2
YBL064C 3 377
YBL063W 5 20
YBL062W 1 6
YBL061C 0 0
YBL060W 9 794
YBL059C-A 2 30
YBL059W 1 1
YBL058W 5 44
YBL057C 6 748
YBL056W 2 6
YBL055C 9 7514
YBL054W 1 10
YBL053W 7 72
YBL052C 1 8
YBL051C 0 0
YBL050W 0 0
YBL049W 1 4
YBL048W 1 14
YBL047C 2 61
YBL046W 5 104
YBL045C 1 95
YBL044W 4 88
YBL043W 6 54
YBL042C 3 30
YBL041W 3 9
YBL040C 5 66
YBL039W-B 1 3
YBL039C 0 0
YBL039C-A 0 0
YBL038W 1 2
YBL037W 0 0
YBL036C 8 2878
YBL035C 0 0
YBL034C 1 26
YBL033C 1 1
YBL032W 5 130
YBL031W 4 541
YBL030C 4 63
YBL029C-A 9 142
YBL029W 2 86
YBL028C 5 483
YBL027W 0 0
YBL026W 0 0
YBL025W 1 9
YBL024W 5 79
YBL023C 1 2
YBL022C 1 25
YBL021C 10 1947
YBL020W 1 34
YBL019W 5 66
YBL018C 1 8
YBL017C 2 4
YBL016W 1 120
YBL015W 5 19
YBL014C 3 65
YBL013W 8 1746
YBL012C 0 0
YBL011W 2 8
YBL010C 9 164
YBL009W 3 49
YBL008W-A 0 0
YBL008W 0 0
YBL007C 2 1080
YBL006C 10 179
YBL006W-A 0 0
YBL005W 1 7
YBL004W 0 0
YBL003C 2 8
YBL002W 5 108
YBL001C 6 239
YBR001C 6 1701
YBR002C 4 84
YBR003W 3 9
YBR004C 4 28
YBR005W 2 4
YBR006W 1 8
YBR007C 5 107
YBR008C 1 2
YBR009C 2 44
YBR010W 6 72
YBR011C 1 3
YBR012C 0 0
YBR013C 1 29
YBR014C 0 0
YBR015C 3 73
YBR016W 0 0
YBR017C 3 70
YBR018C 4 9
YBR019C 0 0
YBR020W 2 23
YBR021W 0 0
YBR022W 0 0
YBR023C 2 97
YBR024W 2 28
YBR025C 0 0
YBR026C 6 116
YBR027C 0 0
YBR028C 0 0
YBR029C 5 81
YBR030W 3 238
YBR031W 4 659
YBR032W 3 145
YBR033W 3 12
YBR034C 2 28
YBR035C 2 3
YBR036C 5 220
YBR037C 6 298
YBR038W 0 0
YBR039W 0 0
YBR040W 0 0
YBR041W 2 101
YBR042C 0 0
YBR043C 1 1
YBR044C 0 0
YBR045C 0 0
YBR046C 3 84
YBR047W 1 5
YBR048W 1 2
YBR049C 6 855
YBR050C 1 1262
YBR051W 0 0
YBR052C 4 35
YBR053C 10 191560
YBR054W 0 0
YBR055C 5 105
YBR056W 4 13
YBR056W-A 4 59
YBR056C-B 4 568
YBR057C 1 11
YBR058C 3 8
YBR058C-A 3 36
YBR059C 1 2
YBR060C 1 40
YBR061C 3 18
YBR062C 1 2
YBR063C 3 48
YBR064W 0 0
YBR065C 1 4
YBR066C 0 0
YBR067C 2 3
YBR068C 8 236
YBR069C 1 142
YBR070C 1 8
YBR071W 6 749
YBR072W 4 125
YBR072C-A 2 19
YBR073W 3 1594
YBR074W 7 164
YBR076W 0 0
YBR076C-A 7 1226
YBR077C 0 0
YBR078W 6 64
YBR079C 2 489
YBR080C 2 55
YBR081C 0 0
YBR082C 7 226
YBR083W 4 55
YBR084W 1 27
YBR084C-A 3 68
YBR085W 1 2
YBR085C-A 2 27
YBR086C 3 243
YBR087W 1 2
YBR088C 1 1
YBR089W 2 40
YBR089C-A 5 114
YBR090C 4 6510
YBR091C 5 127
YBR092C 0 0
YBR093C 3 32
YBR094W 1 6
YBR095C 3 15
YBR096W 0 0
YBR097W 2 65
YBR098W 6 1295
YBR099C 2 2
YBR101C 4 18
YBR102C 1 21
YBR103W 2 98
YBR103C-A 6 233
YBR104W 1 1
YBR105C 0 0
YBR106W 5 359
YBR107C 7 237
YBR108W 7 2164
YBR109C 1 1
YBR109W-A 4 17
YBR110W 0 0
YBR111C 6 363
YBR111W-A 2 57
YBR112C 0 0
YBR113W 0 0
YBR114W 0 0
YBR115C 1 4
YBR116C 8 824
YBR117C 2 11
YBR118W 7 98
YBR119W 7 251
YBR120C 4 504
YBR121C 0 0
YBR121C-A 0 0
YBR122C 5 347
YBR123C 2 8
YBR124W 3 11
YBR125C 1 33
YBR126C 1 338
YBR126W-A 9 257
YBR126W-B 2 256
YBR127C 1 3
YBR128C 2 15
YBR129C 4 2166
YBR130C 6 36
YBR131W 2 147
YBR131C-A 0 0
YBR132C 2 20
YBR133C 7 42
YBR134W 1 48
YBR135W 2 43
YBR136W 3 73
YBR137W 0 0
YBR138C 0 0
YBR139W 7 504
YBR140C 1 47
YBR141C 3 18
YBR141W-A 2 68
YBR142W 1 33
YBR143C 5 91
YBR144C 13 345
YBR145W 5 66
YBR146W 1 3
YBR147W 3 107
YBR148W 0 0
YBR149W 12 373
YBR150C 7 155
YBR151W 1 23
YBR152W 0 0
YBR153W 2 23
YBR154C 1 8
YBR155W 1 1
YBR156C 2 71
YBR157C 3 116
YBR158W 1 13
YBR159W 2 83
YBR160W 0 0
YBR161W 0 0
YBR162C 3 11
YBR162W-A 11 2896
YBR163W 2 41
YBR164C 1 3
YBR165W 0 0
YBR166C 0 0
YBR167C 0 0
YBR168W 5 180
YBR169C 0 0
YBR170C 3 21
YBR171W 6 826
YBR172C 3 16
YBR173C 7 52
YBR174C 2 9
YBR175W 4 171
YBR176W 1 8
YBR177C 1 4
YBR178W 1 6
YBR179C 1 30
YBR180W 4 130
YBR181C 2 112
YBR182C 2 132
YBR182C-A 9 917
YBR183W 4 59
YBR184W 1 1
YBR185C 2 3
YBR186W 3 5
YBR187W 2 97
YBR188C 0 0
YBR189W 0 0
YBR190W 4 263
YBR191W 0 0
YBR191W-A 0 0
YBR192W 0 0
YBR193C 3 24
YBR194W 0 0
YBR195C 1 316
YBR196C 0 0
YBR196C-A 2 41
YBR196C-B 5 95
YBR197C 4 76
YBR198C 0 0
YBR199W 2 21
YBR200W 0 0
YBR200W-A 1 1
YBR201W 2 435
YBR201C-A 2 10
YBR202W 0 0
YBR203W 8 187
YBR204C 9 428
YBR205W 2 23
YBR206W 2 197
YBR207W 1 23
YBR208C 0 0
YBR209W 0 0
YBR210W 1 10
YBR211C 0 0
YBR212W 4 45
YBR213W 6 59
YBR214W 1 1
YBR215W 1 2340
YBR216C 3 52
YBR217W 3 17
YBR218C 1 21
YBR219C 2 5
YBR220C 3 68
YBR221C 0 0
YBR221W-A 7 184
YBR222C 6 124
YBR223C 1 2
YBR223W-A 4 30
YBR224W 0 0
YBR225W 0 0
YBR226C 0 0
YBR227C 2 31
YBR228W 3 465
YBR229C 6 369
YBR230C 4 619
YBR230W-A 10 344
YBR231C 2 3
YBR232C 2 14
YBR233W 1 39
YBR233W-A 9 170
YBR234C 3 124
YBR235W 2 35
YBR236C 1 4
YBR237W 3 75
YBR238C 3 88
YBR239C 2 143
YBR240C 2 790
YBR241C 2 31
YBR242W 2 35
YBR243C 4 28
YBR244W 0 0
YBR245C 1 7
YBR246W 2 49
YBR247C 0 0
YBR248C 1 16
YBR249C 1 13
YBR250W 0 0
YBR251W 5 226
YBR252W 0 0
YBR253W 6 156
YBR254C 3 829
YBR255W 5 727
YBR255C-A 12 1198
YBR256C 7 89
YBR257W 3 639
YBR258C 2 428
YBR259W 3 38
YBR260C 10 322
YBR261C 8 181
YBR262C 3 49
YBR263W 4 19
YBR264C 2 3
YBR265W 0 0
YBR267W 1 12
YBR266C 3 24
YBR268W 6 233
YBR269C 5 51
YBR270C 0 0
YBR271W 3 40
YBR272C 7 1107
YBR273C 5 281
YBR274W 0 0
YBR275C 0 0
YBR276C 0 0
YBR277C 3 89
YBR278W 2 13
YBR279W 1 2
YBR280C 1 1
YBR281C 5 2520
YBR282W 3 953
YBR283C 0 0
YBR284W 4 281
YBR285W 3 18
YBR286W 1 3
YBR287W 3 16
YBR288C 4 58
YBR289W 0 0
YBR290W 4 509
YBR291C 0 0
YBR292C 2 16
YBR293W 5 100
YBR294W 1 40
YBR295W 3 200
YBR296C 2 66
YBR296C-A 5 116
YBR297W 7 486
YBR298C 2 11
YBR298C-A 1 6
YBR299W 1 6
YBR300C 0 0
YBR301W 0 0
YBR302C 0 0
YCL076W 0 0
YCL073C 0 0
YCL069W 0 0
YCL068C 0 0
YCL067C 0 0
YCL066W 0 0
YCL065W 0 0
YCL064C 7 569
YCL063W 8 130
YCL061C 0 0
YCL059C 6 311
YCL058C 8 262
YCL058W-A 4 61
YCL057C-A 8 2111
YCL057W 1 7
YCL056C 3 406
YCL055W 2 100
YCL054W 0 0
YCL052C 1 9
YCL051W 0 0
YCL050C 1 32
YCL049C 9 2426
YCL048W-A 1 26
YCL048W 2 108
YCL047C 7 149
YCL045C 5 355
YCL046W 0 0
YCL044C 4 32
YCL043C 0 0
YCL041C 6 377
YCL042W 1 1
YCL040W 3 97
YCL039W 8 90
YCL038C 1 135
YCL037C 2 85
YCL036W 8 100
YCL035C 7 100
YCL034W 7 539
YCL033C 2 59
YCL032W 0 0
YCL031C 5 310
YCL030C 5 147
YCL029C 4 76
YCL028W 4 126
YCL027W 0 0
YCL026C-B 3 97
YCL026C-A 2 289
YCL025C 4 128
YCL023C 1 2
YCL024W 0 0
YCL022C 0 0
YCL021W-A 0 0
YCL018W 2 603
YCL017C 0 0
YCL016C 7 87
YCL014W 2 13
YCL012C 2 13
YCL011C 2 29
YCL010C 8 545
YCL009C 9 695
YCL008C 5 70
YCL007C 4 21
YCL005W-A 4 104
YCL005W 1 15
YCL004W 4 206
YCL002C 2 33
YCL001W 1 7
YCL001W-A 0 0
YCL001W-B 2 10
YCR001W 1 3
YCR002C 5 54
YCR003W 9 264
YCR004C 0 0
YCR005C 5 609
YCR006C 4 56
YCR007C 1 164
YCR008W 0 0
YCR009C 3 28
YCR010C 3 39
YCR011C 1 106
YCR012W 3 9
YCR013C 4 922
YCR014C 9 201
YCR015C 2 63
YCR016W 2 305
YCR017C 4 497
YCR018C 0 0
YCR018C-A 10 436
YCR019W 1 8
YCR020C 1 6
YCR020C-A 9 938
YCR020W-B 2 1193
YCR021C 0 0
YCR022C 9 623
YCR023C 2 49
YCR024C 4 132
YCR024C-B 0 0
YCR024C-A 0 0
YCR025C 12 1149
YCR026C 1 3
YCR027C 2 2
YCR028C 2 19
YCR028C-A 0 0
YCR030C 2 84
YCR031C 4 42
YCR032W 0 0
YCR033W 1 3
YCR034W 1 175
YCR035C 5 52
YCR036W 5 904
YCR037C 2 19
YCR038C 0 0
YCR038W-A 0 0
YCR039C 0 0
YCR040W 0 0
YCR041W 0 0
YCR042C 2 13
YCR043C 5 84
YCR044C 4 128
YCR045C 3 50
YCR045W-A 0 0
YCR046C 7 3621
YCR047C 0 0
YCR047W-A 0 0
YCR049C 2 864
YCR048W 1 26
YCR050C 0 0
YCR051W 2 78
YCR052W 1 6
YCR053W 3 410
YCR054C 3 47
YCR057C 2 270
YCR059C 11 523
YCR060W 7 303
YCR061W 17 615
YCR064C 5 390
YCR063W 7 1043
YCR065W 3 33
YCR066W 4 37
YCR067C 0 0
YCR068W 3 61
YCR069W 0 0
YCR071C 5 155
YCR072C 5 15
YCR073C 0 0
YCR073W-A 12 3816
YCR075C 4 124
YCR075W-A 4 51
YCR076C 6 145
YCR077C 5 1900
YCR079W 8 857
YCR081W 1 4
YCR081C-A 14 490
YCR082W 4 307
YCR083W 4 107
YCR084C 2 18
YCR085W 0 0
YCR086W 2 26
YCR087W 0 0
YCR087C-A 3 226
YCR088W 7 1241
YCR089W 1 4
YCR090C 5 71
YCR091W 2 6
YCR092C 3 15
YCR093W 6 170
YCR094W 1 1
YCR095C 2 39
YCR095W-A 2 19
YCR096C 0 0
YCR097W 1 2
YCR097W-A 0 0
YCR098C 1 3
YCR099C 4 137
YCR100C 2 222
YCR101C 6 179
YCR102C 3 11
YCR102W-A 0 0
YCR104W 0 0
YCR105W 0 0
YCR106W 9 368
YCR107W 4 31
YCR108C 8 385
YDL248W 3 399
YDL247W-A 0 0
YDL247W 0 0
YDL246C 0 0
YDL245C 0 0
YDL244W 0 0
YDL243C 2 4
YDL242W 6 1851
YDL241W 2 14
YDL240C-A 2 28
YDL240W 3 208
YDL239C 0 0
YDL238C 0 0
YDL237W 2 69
YDL236W 5 334
YDL235C 0 0
YDL234C 3 232
YDL233W 1 26
YDL232W 9 674
YDL231C 0 0
YDL230W 2 94
YDL229W 1 153
YDL228C 5 33
YDL227C 1 82
YDL226C 7 464
YDL225W 2 18
YDL224C 1 8
YDL223C 0 0
YDL222C 2 131
YDL221W 5 55
YDL220C 6 76
YDL219W 4 58
YDL218W 1 10
YDL217C 4 43
YDL216C 2 20
YDL215C 5 121
YDL214C 1 16
YDL213C 3 95
YDL212W 5 218
YDL211C 1 5
YDL210W 0 0
YDL209C 4 177
YDL208W 5 208
YDL207W 4 995
YDL206W 0 0
YDL205C 5 33
YDL204W 4 185
YDL203C 2 15
YDL202W 3 124
YDL201W 0 0
YDL200C 8 66
YDL199C 9 724
YDL198C 2 56
YDL197C 5 182
YDL196W 6 126
YDL195W 1 4
YDL194W 0 0
YDL193W 1 1
YDL192W 0 0
YDL191W 2 7
YDL190C 4 42
YDL189W 0 0
YDL188C 2 8
YDL187C 4 115
YDL186W 4 35
YDL185C-A 0 0
YDL185W 0 0
YDL184C 8 729
YDL183C 1 2
YDL182W 3 55
YDL181W 1 2
YDL180W 3 6
YDL179W 1 2
YDL178W 2 108
YDL177C 4 71
YDL176W 0 0
YDL175C 5 485
YDL174C 12 441
YDL173W 3 34
YDL172C 2 20
YDL171C 1 70
YDL170W 11 527
YDL169C 4 473
YDL168W 2 29
YDL167C 1 24
YDL166C 1 1
YDL165W 1 1
YDL164C 1 16
YDL163W 1 1
YDL162C 2 89
YDL161W 3 15
YDL160C-A 4 134
YDL160C 0 0
YDL159W-A 0 0
YDL159W 6 88
YDL159C-B 0 0
YDL158C 1 104
YDL157C 6 533
YDL156W 2 7
YDL155W 0 0
YDL154W 0 0
YDL153C 1 5
YDL152W 0 0
YDL151C 0 0
YDL150W 0 0
YDL149W 2 27
YDL148C 4 55
YDL147W 2 28
YDL146W 0 0
YDL145C 1 4
YDL144C 6 950
YDL143W 4 60
YDL142C 2 106
YDL141W 4 46
YDL140C 0 0
YDL139C 9 146
YDL138W 5 465
YDL137W 2 169
YDL136W 3 32
YDL135C 3 26
YDL134C 1 6
YDL133C-A 3 7
YDL133W 1 272
YDL132W 0 0
YDL131W 3 53
YDL130W-A 9 106
YDL130W 0 0
YDL129W 1 1
YDL128W 0 0
YDL127W 3 54
YDL126C 3 235
YDL125C 6 173
YDL124W 11 2710
YDL123W 9 434
YDL122W 1 1
YDL121C 12 346
YDL120W 0 0
YDL119C 0 0
YDL118W 1 9
YDL117W 1 10
YDL116W 1 1
YDL115C 1 22
YDL114W-A 0 0
YDL114W 0 0
YDL113C 3 39
YDL112W 1 8
YDL111C 4 134
YDL110C 6 61
YDL109C 4 264
YDL108W 2 15
YDL107W 0 0
YDL106C 2 17
YDL105W 3 79
YDL104C 1 12
YDL103C 4 48
YDL102W 1 22
YDL101C 2 11
YDL100C 10 1585
YDL099W 1 38
YDL098C 0 0
YDL097C 1 24
YDL096C 0 0
YDL095W 3 8
YDL094C 2 24
YDL093W 5 212
YDL092W 8 225
YDL091C 0 0
YDL090C 2 876
YDL089W 2 81
YDL088C 3 1488
YDL087C 6 367
YDL086W 3 54
YDL086C-A 1 1
YDL085C-A 3 91
YDL085W 3 17
YDL084W 0 0
YDL083C 2 42
YDL082W 2 12
YDL081C 0 0
YDL080C 1 32
YDL079C 4 31
YDL078C 4 86
YDL077C 1 7
YDL076C 0 0
YDL075W 0 0
YDL074C 2 3
YDL073W 4 98
YDL072C 8 197
YDL071C 0 0
YDL070W 4 22
YDL069C 0 0
YDL068W 1 72
YDL067C 7 119
YDL066W 9 207
YDL065C 2 33
YDL064W 3 66
YDL063C 2 80
YDL062W 1 2
YDL061C 5 93
YDL060W 1 3
YDL059C 2 38
YDL058W 5 1189
YDL057W 3 86
YDL056W 2 5
YDL055C 0 0
YDL054C 0 0
YDL053C 5 47
YDL052C 4 153
YDL051W 0 0
YDL050C 1 1
YDL049C 3 18
YDL048C 3 75
YDL047W 1 3
YDL046W 2 67
YDL045W-A 5 47
YDL045C 0 0
YDL044C 7 216
YDL043C 2 50
YDL042C 9 2409
YDL041W 4 134
YDL040C 2 20
YDL039C 2 29
YDL037C 4 259
YDL036C 5 41
YDL035C 1 7
YDL034W 1 1
YDL033C 1 10
YDL032W 2 18
YDL031W 2 3
YDL030W 4 58
YDL029W 3 628
YDL028C 4 59
YDL027C 0 0
YDL026W 0 0
YDL025C 0 0
YDL025W-A 0 0
YDL024C 3 97
YDL022C-A 1 5
YDL023C 3 83
YDL022W 4 488
YDL021W 5 24006
YDL020C 2 30
YDL019C 0 0
YDL018C 3 6
YDL017W 1 127
YDL016C 3 96
YDL015C 3 4
YDL014W 0 0
YDL013W 0 0
YDL012C 7 426
YDL011C 1 8
YDL010W 3 53
YDL009C 0 0
YDL008W 8 199
YDL007C-A 1 9
YDL007W 4 64
YDL006W 0 0
YDL005C 3 44
YDL004W 4 17
YDL003W 0 0
YDL002C 2 26
YDL001W 3 47
YDR001C 2 54
YDR002W 0 0
YDR003W 4 302
YDR003W-A 0 0
YDR004W 7 198
YDR005C 0 0
YDR006C 0 0
YDR007W 6 200
YDR008C 3 25
YDR009W 4 157
YDR010C 4 416
YDR011W 0 0
YDR012W 3 10
YDR013W 3 12
YDR014W 3 251
YDR014W-A 3 31
YDR015C 1 15
YDR016C 3 17
YDR017C 2 5
YDR018C 7 600
YDR019C 7 352
YDR020C 0 0
YDR021W 0 0
YDR022C 8 2461
YDR023W 0 0
YDR024W 1 2
YDR025W 0 0
YDR026C 3 50
YDR027C 0 0
YDR028C 0 0
YDR029W 0 0
YDR030C 8 846
YDR031W 6 53
YDR032C 0 0
YDR033W 0 0
YDR034C 3 256
YDR034C-A 2 63
YDR034W-B 2 23
YDR035W 4 114
YDR036C 3 61
YDR037W 1 25
YDR038C 0 0
YDR039C 0 0
YDR040C 0 0
YDR041W 5 105
YDR042C 1 4
YDR043C 0 0
YDR044W 3 26
YDR045C 0 0
YDR046C 2 197
YDR047W 0 0
YDR048C 3 59
YDR049W 5 26
YDR050C 0 0
YDR051C 2 20
YDR052C 1 2
YDR053W 2 8
YDR054C 1 2
YDR055W 3 380
YDR056C 4 33
YDR057W 4 31
YDR058C 5 715
YDR059C 4 167
YDR060W 4 108
YDR061W 3 10
YDR062W 0 0
YDR063W 2 16
YDR064W 1 1
YDR065W 2 4
YDR066C 1 13
YDR067C 1 5
YDR068W 4 141
YDR069C 4 1182
YDR070C 3 11
YDR071C 5 57
YDR072C 2 24
YDR073W 3 29
YDR074W 4 69
YDR075W 1 61
YDR076W 2 68
YDR077W 3 50
YDR078C 2 5
YDR079W 1 1
YDR079C-A 4 146
YDR080W 4 147
YDR081C 0 0
YDR082W 1 5
YDR083W 3 83
YDR084C 4 238
YDR085C 2 42
YDR086C 0 0
YDR087C 4 146
YDR088C 0 0
YDR089W 6 277
YDR090C 2 15
YDR091C 2 275
YDR092W 1 35
YDR093W 1 1
YDR094W 17 3295
YDR095C 4 98
YDR096W 0 0
YDR097C 0 0
YDR098C 11 219
YDR099W 4 74
YDR100W 4 339
YDR101C 3 23
YDR102C 2 60
YDR103W 0 0
YDR104C 2 6
YDR105C 2 32
YDR106W 3 2636
YDR107C 2 11
YDR108W 6 142
YDR109C 12 839
YDR110W 5 195
YDR111C 2 3
YDR112W 1 60
YDR113C 0 0
YDR114C 1 13
YDR115W 3 7
YDR116C 1 14
YDR117C 0 0
YDR118W 4 26
YDR118W-A 0 0
YDR119W 0 0
YDR119W-A 2 306
YDR120C 7 138
YDR121W 2 12
YDR122W 2 32
YDR123C 3 9
YDR124W 9 1701
YDR125C 1 1
YDR126W 4 34
YDR127W 1 1
YDR128W 2 26
YDR129C 1 12
YDR130C 4 27
YDR131C 1 9
YDR132C 0 0
YDR133C 0 0
YDR135C 1 4
YDR136C 0 0
YDR137W 1 23
YDR138W 2 23
YDR139C 2 15
YDR140W 5 514
YDR141C 1 1
YDR142C 4 30
YDR143C 0 0
YDR144C 0 0
YDR145W 4 168
YDR146C 1 9
YDR147W 3 127
YDR148C 2 163
YDR149C 0 0
YDR150W 3 17
YDR151C 2 44
YDR152W 5 43
YDR153C 4 165
YDR154C 0 0
YDR155C 1 806
YDR156W 4 220
YDR157W 5 39
YDR158W 3 32
YDR159W 0 0
YDR160W 1 5
YDR161W 2 45
YDR162C 0 0
YDR163W 0 0
YDR164C 0 0
YDR165W 1 4
YDR166C 2 32
YDR167W 1 69
YDR168W 6 233
YDR169C 0 0
YDR169C-A 4 130
YDR170C 1 31
YDR171W 2 219
YDR172W 6 241
YDR173C 6 171
YDR174W 5 88
YDR175C 2 8
YDR176W 2 8
YDR177W 3 44
YDR178W 8 304
YDR179C 3 41
YDR179W-A 1 1
YDR180W 2 10
YDR181C 0 0
YDR182W 2 2
YDR182W-A 7 678
YDR183W 1 8
YDR183C-A 1 4
YDR184C 4 121
YDR185C 1 34
YDR186C 12 4409
YDR187C 2 84
YDR188W 5 50
YDR189W 2 2
YDR190C 0 0
YDR191W 5 79
YDR192C 1 38
YDR193W 1 1
YDR194C 4 364
YDR194W-A 4 364
YDR195W 1 2
YDR196C 2 424
YDR197W 3 44
YDR198C 10 3252
YDR199W 2 14
YDR200C 4 77
YDR201W 8 318
YDR202C 5 465
YDR203W 2 110
YDR204W 4 532
YDR205W 5 118
YDR206W 0 0
YDR207C 2 6
YDR208W 2 17
YDR209C 1 14
YDR210W 3 32
YDR211W 2 116
YDR212W 0 0
YDR213W 1 103
YDR214W 2 62
YDR215C 4 33
YDR216W 0 0
YDR217C 2 20
YDR218C 3 32
YDR219C 0 0
YDR220C 0 0
YDR221W 4 320
YDR222W 0 0
YDR223W 0 0
YDR224C 6 296
YDR225W 3 25
YDR226W 3 182
YDR227W 0 0
YDR228C 0 0
YDR229W 0 0
YDR230W 0 0
YDR231C 12 1852
YDR232W 6 65
YDR233C 6 927
YDR234W 4 123
YDR235W 1 1
YDR236C 6 369
YDR237W 3 22
YDR238C 0 0
YDR239C 1 1
YDR240C 5 399
YDR241W 0 0
YDR242W 1 37
YDR243C 1 97
YDR244W 8 199
YDR245W 0 0
YDR246W 0 0
YDR246W-A 12 381
YDR247W 0 0
YDR248C 0 0
YDR249C 1 28
YDR250C 1 4
YDR251W 0 0
YDR252W 10 1155
YDR253C 1 9
YDR254W 2 61
YDR255C 2 8
YDR256C 2 211
YDR257C 2 4
YDR258C 6 568
YDR259C 1 2
YDR260C 4 94
YDR261C 0 0
YDR262W 4 62
YDR263C 3 109
YDR264C 3 112
YDR265W 2 24
YDR266C 1 1
YDR267C 0 0
YDR268W 2 30
YDR269C 0 0
YDR270W 2 31
YDR271C 4 379
YDR272W 0 0
YDR273W 0 0
YDR274C 13 534
YDR275W 14 653
YDR276C 4 40
YDR277C 5 702
YDR278C 3 29
YDR279W 1 2
YDR280W 0 0
YDR281C 0 0
YDR282C 10 421
YDR283C 0 0
YDR284C 2 24
YDR285W 0 0
YDR286C 2 44
YDR287W 2 4
YDR288W 6 68
YDR289C 0 0
YDR290W 0 0
YDR291W 1 3
YDR292C 0 0
YDR293C 2 2
YDR294C 4 256
YDR295C 0 0
YDR296W 3 27
YDR297W 0 0
YDR298C 0 0
YDR299W 7 627
YDR300C 2 11
YDR301W 3 69
YDR302W 3 10
YDR303C 1 1
YDR304C 1 2
YDR305C 9 426
YDR306C 7 525
YDR307W 2 9
YDR308C 0 0
YDR309C 6 97
YDR310C 0 0
YDR311W 5 17
YDR312W 3 14
YDR313C 4 98
YDR314C 3 183
YDR315C 4 65
YDR316W 2 67
YDR317W 4 47
YDR318W 2 64
YDR319C 2 12
YDR320C 3 10
YDR320C-A 6 209
YDR320W-B 0 0
YDR321W 2 598
YDR322W 4 278
YDR322C-A 7 768
YDR323C 4 487
YDR324C 3 62
YDR325W 3 197
YDR326C 4 141
YDR327W 10 1676
YDR328C 5 228
YDR329C 9 166
YDR330W 3 54
YDR331W 10 188
YDR332W 3 202
YDR333C 8 346
YDR334W 0 0
YDR335W 0 0
YDR336W 3 21
YDR337W 2 33
YDR338C 2 13
YDR339C 5 76
YDR340W 0 0
YDR341C 4 32
YDR342C 0 0
YDR343C 0 0
YDR344C 3 81
YDR345C 0 0
YDR346C 2 7
YDR347W 2 29
YDR348C 0 0
YDR349C 4 71
YDR350C 4 44
YDR351W 2 36
YDR352W 3 52
YDR353W 4 103
YDR354W 1 2
YDR354C-A 0 0
YDR355C 0 0
YDR356W 9 872
YDR357C 5 192
YDR358W 3 68
YDR359C 2 12
YDR360W 0 0
YDR361C 8 361
YDR362C 0 0
YDR363W 2 112
YDR363W-A 5 212
YDR364C 1 1
YDR365C 5 101
YDR366C 2 7
YDR367W 2 26
YDR368W 3 69
YDR369C 6 405
YDR370C 6 423
YDR371W 8 167
YDR371C-A 3 217
YDR372C 2 114
YDR373W 0 0
YDR374C 0 0
YDR374W-A 4 3694
YDR375C 8 505
YDR376W 4 24
YDR377W 0 0
YDR378C 2 2
YDR379W 0 0
YDR379C-A 8 210
YDR380W 2 43
YDR381W 0 0
YDR381C-A 0 0
YDR382W 0 0
YDR383C 5 212
YDR384C 0 0
YDR385W 5 248
YDR386W 9 329
YDR387C 1 15
YDR388W 6 284
YDR389W 1 9
YDR390C 11 427
YDR391C 9 260
YDR392W 10 263
YDR393W 4 256
YDR394W 1 1
YDR395W 1 3
YDR396W 3 29
YDR397C 15 1084
YDR398W 1 718
YDR399W 4 188
YDR400W 1 7
YDR401W 6 29
YDR402C 0 0
YDR403W 0 0
YDR404C 1 1
YDR405W 3 27
YDR406W 13 340
YDR406W-A 1 1
YDR407C 4 5
YDR408C 0 0
YDR409W 3 134
YDR410C 1 16
YDR411C 4 69
YDR412W 0 0
YDR413C 2 44
YDR414C 0 0
YDR415C 1 9
YDR416W 0 0
YDR417C 0 0
YDR418W 0 0
YDR419W 3 8
YDR420W 3 361
YDR421W 1 4
YDR422C 3 2453
YDR423C 12 410
YDR424C 2 724
YDR425W 7 428
YDR426C 10 739
YDR427W 3 44
YDR428C 3 97
YDR429C 3 45
YDR430C 1 15
YDR431W 3 83
YDR432W 2 7
YDR433W 2 56
YDR434W 0 0
YDR435C 4 23
YDR436W 0 0
YDR437W 0 0
YDR438W 4 160
YDR439W 0 0
YDR440W 0 0
YDR441C 10 2913
YDR442W 4 689
YDR443C 5 123
YDR444W 1 91
YDR445C 0 0
YDR446W 4 127
YDR447C 2 6
YDR448W 0 0
YDR449C 3 17
YDR450W 2 165
YDR451C 1 108
YDR452W 0 0
YDR453C 3 112
YDR454C 0 0
YDR455C 2 50
YDR456W 2 130
YDR457W 2 7
YDR458C 0 0
YDR459C 2 2
YDR460W 2 7
YDR461W 4 48
YDR461C-A 5 25
YDR462W 2 3
YDR463W 8 294
YDR464W 2 50
YDR464C-A 2 77
YDR465C 4 17
YDR466W 3 129
YDR467C 1 130
YDR468C 2 14
YDR469W 4 273
YDR470C 0 0
YDR471W 3 264
YDR472W 2 87
YDR473C 6 178
YDR475C 2 15
YDR476C 15 3494
YDR477W 1 1
YDR478W 1 44
YDR479C 3 161
YDR480W 1 4
YDR481C 5 46
YDR482C 5 22
YDR483W 5 85
YDR484W 0 0
YDR485C 4 119
YDR486C 1 346
YDR487C 3 102
YDR488C 2 160
YDR489W 0 0
YDR490C 1 3
YDR491C 0 0
YDR492W 3 36
YDR493W 2 13
YDR494W 1 19
YDR495C 3 175
YDR496C 1 1
YDR497C 4 66
YDR498C 7 127
YDR499W 5 39
YDR500C 8 266
YDR501W 0 0
YDR502C 5 98
YDR503C 2 157
YDR504C 0 0
YDR505C 3 76
YDR506C 2 19
YDR507C 0 0
YDR508C 3 70
YDR509W 4 37
YDR510W 2 23
YDR510C-A 6 64
YDR511W 0 0
YDR512C 2 173
YDR513W 8 128
YDR514C 1 1
YDR515W 0 0
YDR516C 8 295
YDR517W 4 17
YDR518W 3 65
YDR519W 5 275
YDR520C 0 0
YDR521W 1 115
YDR522C 14 842
YDR523C 0 0
YDR524C 5 205
YDR524W-C 4 48
YDR524C-B 3 112
YDR524C-A 5 63
YDR525W 4 124
YDR525W-A 14 307
YDR526C 6 311
YDR527W 7 150
YDR528W 0 0
YDR529C 9 71
YDR530C 4 103
YDR531W 2 19
YDR532C 3 138
YDR533C 3 169
YDR534C 1 25
YDR535C 8 2472
YDR536W 6 109
YDR537C 4 32
YDR538W 1 15
YDR539W 3 80
YDR540C 1 15
YDR541C 2 58
YDR542W 0 0
YDR543C 5 47
YDR544C 0 0
YDR545W 0 0
YDR545C-A 0 0
YEL077C 0 0
YEL077W-A 0 0
YEL076C-A 0 0
YEL076C 0 0
YEL075W-A 0 0
YEL075C 0 0
YEL074W 3 10
YEL073C 4 137
YEL072W 3 51
YEL071W 3 27
YEL070W 1 168
YEL069C 0 0
YEL068C 4 185
YEL067C 3 120
YEL066W 15 2667
YEL065W 6 87
YEL064C 1 40
YEL063C 3 7
YEL062W 6 258
YEL061C 0 0
YEL060C 4 90
YEL059C-A 2 78
YEL059W 0 0
YEL058W 4 123
YEL057C 1 1
YEL056W 1 2
YEL055C 1 16
YEL054C 1 6
YEL053W-A 1 1
YEL053C 0 0
YEL052W 1 13
YEL051W 5 66
YEL050W-A 7 577
YEL050C 5 185
YEL049W 0 0
YEL048C 0 0
YEL047C 3 89
YEL046C 7 94
YEL045C 8 493
YEL044W 3 45
YEL043W 0 0
YEL042W 1 6
YEL041W 1 2
YEL040W 3 159
YEL039C 5 72
YEL038W 9 398
YEL037C 1 2
YEL036C 0 0
YEL035C 7 141
YEL034C-A 4 19
YEL034W 7 140
YEL033W 4 174
YEL032W 4 53
YEL032C-A 1 2
YEL031W 5 1518
YEL030C-A 0 0
YEL030W 0 0
YEL029C 0 0
YEL028W 2 46
YEL027W 0 0
YEL026W 0 0
YEL025C 7 67
YEL024W 1 1
YEL023C 1 10
YEL022W 2 4
YEL021W 7 53
YEL020C-B 0 0
YEL020W-A 2 27
YEL020C 1 1853
YEL019C 2 41
YEL018C-A 0 0
YEL018W 5 90
YEL017C-A 4 25
YEL017W 8 221
YEL016C 2 40
YEL015W 0 0
YEL014C 1 9
YEL013W 0 0
YEL012W 0 0
YEL011W 3 13
YEL010W 0 0
YEL009C-A 1 14
YEL009C 1 5
YEL008W 6 180
YEL008C-A 9 44
YEL007W 3 18
YEL006W 3 12
YEL005C 9 1146
YEL004W 4 1228
YEL003W 3 36
YEL002C 0 0
YEL001C 5 34
YER001W 3 9
YER002W 1 6
YER003C 9 1905
YER004W 7 176
YER005W 0 0
YER006W 8 156
YER006C-A 2 22
YER007W 4 57
YER007C-A 0 0
YER008C 0 0
YER009W 1 1
YER010C 9 204
YER011W 0 0
YER012W 1 1
YER013W 4 120
YER014W 2 299
YER014C-A 1 13
YER015W 2 2
YER016W 3 3
YER017C 1 29
YER018C 0 0
YER019W 2 1610
YER019C-A 7 255
YER020W 5 3184
YER021W 3 24
YER022W 0 0
YER023W 5 528
YER023C-A 3 37
YER024W 0 0
YER025W 1 1
YER026C 1 1
YER027C 1 1
YER028C 1 5
YER029C 3 29
YER030W 7 446
YER031C 1 55
YER032W 4 758
YER033C 9 445
YER034W 6 370
YER035W 10 1406
YER036C 3 128
YER037W 9 717
YER038C 5 165
YER038W-A 2 61
YER039C 3 62
YER039C-A 6 127
YER040W 1 11
YER041W 1 2
YER042W 3 11
YER043C 5 51
YER044C 2 21
YER044C-A 2 19
YER045C 2 23
YER046W 2 5
YER046W-A 2 2
YER047C 0 0
YER048C 0 0
YER048W-A 1 2
YER049W 3 33
YER050C 5 154
YER051W 1 2
YER052C 0 0
YER053C 4 53
YER053C-A 7 150
YER054C 1 2
YER055C 1 20
YER056C 0 0
YER056C-A 1 2
YER057C 1 1
YER058W 3 314
YER059W 0 0
YER060W 0 0
YER060W-A 1 6
YER061C 6 75
YER062C 2 251
YER063W 1 14
YER064C 4 20
YER065C 3 7
YER066W 1 19
YER066C-A 4 54
YER067W 3 315
YER067C-A 4 55
YER068W 0 0
YER068C-A 2 22
YER069W 6 2527
YER070W 0 0
YER071C 2 2
YER072W 5 96
YER073W 2 21
YER074W 0 0
YER074W-A 8 171
YER075C 6 58
YER076C 0 0
YER076W-A 0 0
YER077C 1 22
YER078C 0 0
YER078W-A 2 3
YER079W 0 0
YER079C-A 1 75
YER080W 6 207
YER081W 2 68
YER082C 1 680
YER083C 5 89
YER084W 2 3
YER084W-A 0 0
YER085C 3 20
YER086W 1 7
YER087W 2 15
YER087C-A 4 74
YER087C-B 3 279
YER088C 6 346
YER088C-A 5 37
YER088W-B 17 1143
YER089C 3 9
YER090W 0 0
YER090C-A 1 1
YER091C 0 0
YER091C-A 4 139
YER092W 8 389
YER093C 2 10
YER093C-A 7 734
YER094C 1 33
YER095W 1 14
YER096W 1 1
YER097W 4 25
YER098W 2 241
YER099C 1 1
YER100W 0 0
YER101C 4 49
YER102W 0 0
YER103W 2 5
YER104W 2 12
YER105C 0 0
YER106W 1 59
YER107C 3 11
YER107W-A 1 97
YER109C 3 22
YER110C 0 0
YER111C 0 0
YER112W 1 13
YER113C 5 81
YER114C 0 0
YER115C 0 0
YER116C 0 0
YER117W 0 0
YER118C 0 0
YER119C 7 1294
YER119C-A 1 112
YER120W 2 10
YER121W 1 1
YER122C 2 23
YER123W 4 256
YER124C 1 4
YER125W 1 5
YER126C 1 1
YER127W 5 120
YER128W 4 51
YER129W 0 0
YER130C 2 144
YER131W 3 566
YER132C 1 1
YER133W 1 10
YER133W-A 0 0
YER134C 3 51
YER135C 0 0
YER136W 2 51
YER137C 2 55
YER137W-A 3 60
YER138W-A 0 0
YER139C 0 0
YER140W 3 318
YER141W 3 39
YER142C 3 49
YER143W 4 97
YER144C 6 166
YER145C 6 193
YER145C-A 6 144
YER146W 10 670
YER147C 4 71
YER147C-A 0 0
YER148W 0 0
YER148W-A 0 0
YER149C 0 0
YER150W 5 190
YER151C 1 3
YER152C 5 158
YER152W-A 2 84
YER153C 2 8
YER154W 9 2372
YER155C 3 30
YER156C 7 1255
YER157W 5 66
YER158C 4 58
YER158W-A 9 343
YER159C 7 347
YER161C 2 24
YER162C 1 1
YER163C 5 222
YER164W 0 0
YER165W 1 9
YER165C-A 4 89
YER166W 0 0
YER167W 0 0
YER168C 1 26
YER169W 1 1
YER170W 5 143
YER171W 0 0
YER172C 0 0
YER172C-A 2 7
YER173W 4 35
YER174C 1 8
YER175C 4 34
YER175W-A 3 5
YER176W 4 297
YER177W 0 0
YER178W 5 130
YER179W 0 0
YER180C 1 13
YER180C-A 3 47
YER181C 0 0
YER182W 1 11
YER183C 2 29
YER184C 1 17
YER185W 1 511
YER186C 6 163
YER187W 4 85
YER188W 1 1
YER188C-A 5 1828
YER189W 0 0
YER190W 0 0
YER190C-A 0 0
YER190C-B 0 0
YFL068W 0 0
YFL067W 0 0
YFL066C 0 0
YFL065C 0 0
YFL064C 0 0
YFL063W 2 41
YFL062W 1 1
YFL061W 0 0
YFL060C 0 0
YFL059W 4 407
YFL058W 0 0
YFL057C 0 0
YFL056C 0 0
YFL055W 4 241
YFL054C 6 277
YFL053W 1 2
YFL052W 6 162
YFL051C 3 165
YFL050C 1 5
YFL049W 5 349
YFL048C 4 132
YFL047W 7 3443
YFL046W 3 101
YFL045C 2 2
YFL044C 2 76
YFL042C 8 148
YFL041W-A 2 392
YFL041W 5 1419
YFL040W 0 0
YFL039C 2 77
YFL038C 6 107
YFL037W 3 52
YFL036W 4 61
YFL034C-B 2 123
YFL034C-A 5 91
YFL034W 0 0
YFL033C 1 5
YFL032W 1 6
YFL031W 1 18
YFL031C-A 0 0
YFL030W 0 0
YFL029C 0 0
YFL028C 5 154
YFL027C 0 0
YFL026W 1 1
YFL025C 0 0
YFL024C 4 64
YFL023W 4 312
YFL022C 5 35
YFL021C-A 1 2
YFL021W 6 237
YFL020C 0 0
YFL019C 0 0
YFL018C 7 118
YFL017W-A 12 108
YFL017C 8 129
YFL016C 5 193
YFL015W-A 8 376
YFL015C 7 306
YFL014W 1 17
YFL013W-A 5 249
YFL013C 4 59
YFL012W-A 0 0
YFL012W 0 0
YFL011W 1 4
YFL010W-A 0 0
YFL010C 1 45
YFL009W 0 0
YFL008W 3 122
YFL007W 0 0
YFL005W 7 264
YFL004W 1 1
YFL003C 2 40
YFL002C 4 402
YFL001W 3 554
YFR001W 0 0
YFR002W 3 62
YFR003C 5 234
YFR004W 1 64
YFR005C 1 41
YFR006W 2 903
YFR007W 3 36
YFR008W 0 0
YFR009W 1 1
YFR009W-A 2 23
YFR010W 2 7
YFR010W-A 6 70
YFR011C 6 452
YFR012W 1 1
YFR012W-A 2 18
YFR013W 4 59
YFR014C 0 0
YFR015C 5 67
YFR016C 2 19
YFR017C 7 179
YFR018C 2 55
YFR019W 6 550
YFR020W 0 0
YFR021W 0 0
YFR022W 1 5
YFR023W 0 0
YFR024C-A 12 672
YFR025C 1 18
YFR026C 3 80
YFR027W 4 17
YFR028C 2 64
YFR029W 4 567
YFR030W 3 88
YFR031C 9 425
YFR031C-A 1 63
YFR032C 1 42
YFR032C-A 4 145
YFR032C-B 1 2
YFR033C 8 1235
YFR034C 3 15
YFR034W-A 2 4
YFR035C 9 99
YFR036W 4 22
YFR036W-A 5 1399
YFR037C 3 17
YFR038W 6 338
YFR039C 2 6
YFR040W 2 54
YFR041C 1 6
YFR042W 2 30
YFR043C 1 7
YFR044C 6 745
YFR045W 2 23
YFR046C 3 43
YFR047C 4 334
YFR048W 5 224
YFR049W 2 25
YFR050C 3 161
YFR051C 5 871
YFR052W 4 217
YFR052C-A 3 31
YFR053C 1 1
YFR054C 0 0
YFR056C 1 2
YFR055W 2 46
YFR057W 2 122
YGL263W 0 0
YGL262W 2 34
YGL261C 0 0
YGL260W 1 62
YGL259W 2 13
YGL258W-A 0 0
YGL258W 0 0
YGL257C 0 0
YGL256W 1 1
YGL255W 0 0
YGL254W 5 953
YGL253W 5 1322
YGL252C 5 802
YGL251C 4 66
YGL250W 2 146
YGL249W 0 0
YGL248W 1 1
YGL247W 0 0
YGL246C 3 94
YGL245W 3 7
YGL244W 0 0
YGL243W 2 7
YGL242C 5 129
YGL241W 11 2141
YGL240W 2 88
YGL239C 1 2
YGL238W 5 99
YGL237C 0 0
YGL236C 1 5
YGL235W 1 21
YGL234W 1 2
YGL233W 1 1
YGL232W 3 40
YGL231C 2 2
YGL230C 0 0
YGL229C 0 0
YGL228W 1 7
YGL227W 0 0
YGL226C-A 8 271
YGL226W 5 144
YGL225W 2 20
YGL224C 4 119
YGL223C 3 31
YGL222C 6 356
YGL221C 7 704
YGL220W 7 704
YGL219C 3 194
YGL218W 0 0
YGL217C 1 58
YGL216W 0 0
YGL215W 0 0
YGL214W 0 0
YGL213C 0 0
YGL212W 3 92
YGL211W 3 29
YGL210W 0 0
YGL209W 1 5
YGL208W 7 265
YGL207W 1 4
YGL206C 1 21
YGL205W 1 4
YGL204C 3 68
YGL203C 1 4
YGL202W 3 437
YGL201C 0 0
YGL200C 3 44
YGL199C 3 228
YGL198W 4 64
YGL197W 3 4
YGL196W 0 0
YGL195W 0 0
YGL194C-A 4 41
YGL194C 6 3789
YGL193C 3 111
YGL192W 0 0
YGL191W 3 57
YGL190C 2 15
YGL189C 4 110
YGL188C-A 4 110
YGL188C 3 118
YGL187C 5 35
YGL186C 2 59
YGL185C 3 43
YGL184C 1 12
YGL183C 2 55
YGL182C 3 240
YGL181W 0 0
YGL180W 2 5
YGL179C 1 21
YGL178W 1 30
YGL177W 6 403
YGL176C 2 116
YGL175C 3 50
YGL174W 4 20
YGL173C 0 0
YGL172W 1 15
YGL171W 6 756
YGL170C 1 6
YGL169W 0 0
YGL168W 3 6
YGL167C 0 0
YGL166W 6 386
YGL165C 1 13
YGL164C 3 17
YGL163C 4 55
YGL162W 3 26
YGL161C 6 186
YGL160W 0 0
YGL159W 2 4
YGL158W 1 8
YGL157W 3 30
YGL156W 0 0
YGL155W 3 106
YGL154C 5 221
YGL153W 6 225
YGL152C 3 30
YGL151W 3 9
YGL150C 2 47
YGL149W 2 31
YGL148W 2 13
YGL147C 7 28
YGL146C 0 0
YGL145W 1 9
YGL144C 3 22
YGL143C 5 32
YGL142C 2 419
YGL141W 4 105
YGL140C 0 0
YGL139W 3 239
YGL138C 2 92
YGL137W 7 98
YGL136C 8 467
YGL135W 1 3
YGL134W 3 149
YGL133W 1 1
YGL132W 2 50
YGL131C 1 1
YGL130W 2 3
YGL129C 5 310
YGL128C 0 0
YGL127C 0 0
YGL126W 1 51
YGL125W 0 0
YGL124C 4 253
YGL123W 3 10
YGL123C-A 1 2
YGL122C 2 53
YGL121C 7 340
YGL120C 1 7
YGL119W 2 18
YGL118C 5 144
YGL117W 4 100
YGL116W 1 24
YGL115W 1 7
YGL114W 6 40
YGL113W 1 7
YGL112C 0 0
YGL111W 5 217
YGL110C 3 119
YGL109W 3 119
YGL108C 11 482
YGL107C 7 137
YGL106W 3 23
YGL105W 2 21
YGL104C 3 52
YGL103W 1 1
YGL102C 5 373
YGL101W 2 61
YGL100W 2 30
YGL099W 3 275
YGL098W 1 1
YGL097W 5 556
YGL096W 1 31
YGL095C 2 18
YGL094C 0 0
YGL093W 9 1282
YGL092W 0 0
YGL091C 1 32
YGL090W 0 0
YGL089C 2 10
YGL088W 11 1316
YGL087C 3 136
YGL086W 7 80
YGL085W 3 4
YGL084C 2 88
YGL083W 2 6
YGL082W 3 336
YGL081W 0 0
YGL080W 2 18
YGL079W 1 121
YGL078C 0 0
YGL077C 0 0
YGL076C 1 39
YGL075C 4 103
YGL074C 5 47
YGL073W 4 117
YGL072C 7 99
YGL071W 0 0
YGL070C 4 72
YGL069C 0 0
YGL068W 3 17
YGL067W 0 0
YGL066W 2 4
YGL065C 5 28
YGL064C 2 81
YGL063W 5 75
YGL063C-A 13 1576
YGL062W 5 1219
YGL061C 0 0
YGL060W 1 31
YGL059W 7 435
YGL058W 4 226
YGL057C 5 412
YGL056C 1 1
YGL055W 8 143
YGL054C 4 32
YGL053W 2 3
YGL052W 0 0
YGL051W 2 30
YGL050W 6 17513
YGL049C 0 0
YGL048C 2 4
YGL047W 0 0
YGL045W 4 12
YGL044C 2 43
YGL043W 8 391
YGL042C 1 26
YGL041C-B 2 142
YGL041W-A 2 25
YGL041C 4 60
YGL040C 3 110
YGL039W 1 4
YGL038C 0 0
YGL037C 0 0
YGL036W 4 157
YGL035C 2 16
YGL034C 5 110
YGL033W 1 3
YGL032C 0 0
YGL031C 3 16
YGL030W 1 4
YGL029W 1 3
YGL028C 1 1
YGL027C 1 172
YGL026C 5 1048
YGL025C 3 86
YGL024W 3 32
YGL023C 6 584
YGL022W 1 17
YGL021W 1 22
YGL020C 3 11
YGL019W 3 62
YGL018C 0 0
YGL017W 4 12
YGL016W 0 0
YGL015C 0 0
YGL014W 0 0
YGL014C-A 1 3
YGL013C 0 0
YGL012W 7 223
YGL011C 2 10
YGL010W 1 14
YGL009C 0 0
YGL008C 0 0
YGL007C-A 6 257
YGL007W 6 427
YGL006W-A 5 1483
YGL006W 3 32
YGL005C 5 1042
YGL004C 3 36
YGL003C 3 53
YGL002W 6 1985
YGL001C 2 16
YGR001C 2 204
YGR002C 10 535
YGR003W 12 373
YGR004W 3 101
YGR005C 5 49
YGR006W 7 91
YGR007W 6 825
YGR008C 3 77
YGR009C 1 1
YGR010W 1 22
YGR011W 4 48
YGR012W 3 66
YGR013W 6 190
YGR014W 0 0
YGR015C 7 364
YGR016W 4 232
YGR017W 3 10
YGR018C 6 197
YGR019W 2 45
YGR020C 2 10
YGR021W 9 505
YGR022C 0 0
YGR023W 1 54
YGR024C 3 505
YGR025W 0 0
YGR026W 0 0
YGR027C 1 19
YGR028W 5 466
YGR029W 4 40
YGR030C 2 10
YGR031W 2 7147
YGR031C-A 6 530
YGR032W 1 37
YGR033C 1 2
YGR034W 3 29
YGR035C 1 6
YGR035W-A 4 564
YGR036C 2 53
YGR037C 3 341
YGR038W 1 1
YGR039W 2 19
YGR040W 0 0
YGR041W 3 107
YGR042W 8 162
YGR043C 5 76
YGR044C 2 9
YGR045C 13 330
YGR046W 1 1
YGR047C 7 267
YGR048W 0 0
YGR049W 2 7
YGR050C 7 691
YGR051C 1 96
YGR052W 7 203
YGR053C 1 2
YGR054W 1 448
YGR055W 3 12
YGR056W 5 19
YGR057C 3 164
YGR058W 8 192
YGR059W 0 0
YGR060W 2 14
YGR061C 0 0
YGR062C 1 4
YGR063C 5 105
YGR064W 3 197
YGR065C 5 43
YGR066C 1 2
YGR067C 5 140
YGR068C 3 274
YGR068W-A 7 115
YGR069W 2 16
YGR070W 2 28
YGR071C 5 303
YGR072W 3 88
YGR073C 0 0
YGR074W 2 14
YGR075C 0 0
YGR076C 1 2
YGR077C 5 63
YGR078C 1 19
YGR079W 10 6541
YGR080W 3 31
YGR081C 3 370
YGR082W 5 99
YGR083C 2 5
YGR084C 5 100
YGR085C 4 14
YGR086C 1 5
YGR087C 1 2
YGR088W 3 79
YGR089W 0 0
YGR090W 1 41
YGR091W 1 7
YGR092W 2 198
YGR093W 0 0
YGR094W 10 273
YGR095C 2 15
YGR096W 3 22
YGR097W 0 0
YGR098C 0 0
YGR099W 2 291
YGR100W 0 0
YGR101W 4 46
YGR102C 4 63
YGR103W 3 48
YGR104C 1 8
YGR105W 5 49
YGR106C 1 10
YGR107W 1 17
YGR108W 1 71
YGR109C 0 0
YGR110W 0 0
YGR111W 5 39
YGR112W 2 22
YGR113W 1 8
YGR114C 0 0
YGR115C 0 0
YGR116W 0 0
YGR117C 7 230
YGR118W 2 12
YGR119C 2 5
YGR120C 2 14
YGR121C 2 3
YGR121W-A 8 103
YGR122W 6 85
YGR122C-A 1 298
YGR123C 2 54
YGR124W 6 323
YGR125W 0 0
YGR126W 1 1
YGR127W 7 263
YGR128C 0 0
YGR129W 0 0
YGR130C 4 12
YGR131W 1 7
YGR132C 3 26
YGR133W 15 1018
YGR134W 4 58
YGR135W 0 0
YGR136W 7 120
YGR137W 1 19
YGR138C 0 0
YGR139W 0 0
YGR140W 4 1090
YGR141W 3 159
YGR142W 3 56
YGR143W 3 4
YGR144W 1 13
YGR145W 3 53
YGR146C 1 11
YGR146C-A 7 186
YGR147C 0 0
YGR148C 1 3
YGR149W 0 0
YGR150C 5 300
YGR151C 0 0
YGR152C 2 22
YGR153W 3 6
YGR154C 1 11
YGR155W 0 0
YGR156W 1 1
YGR157W 4 94
YGR158C 2 11
YGR159C 3 20
YGR160W 1 1
YGR161C 4 335
YGR161W-C 6 217
YGR162W 1 51
YGR163W 1 14
YGR164W 2 142
YGR165W 2 34
YGR166W 2 3
YGR167W 1 8
YGR168C 6 44
YGR169C 0 0
YGR169C-A 4 60
YGR170W 3 67
YGR171C 3 9
YGR172C 1 2
YGR173W 0 0
YGR174C 5 826
YGR174W-A 2 4
YGR175C 1 12
YGR176W 3 43
YGR177C 5 270
YGR178C 0 0
YGR179C 4 1832
YGR180C 5 60
YGR181W 2 180
YGR182C 4 50
YGR183C 7 483
YGR184C 0 0
YGR185C 4 42
YGR186W 3 13
YGR187C 2 292
YGR188C 6 778
YGR189C 2 45
YGR190C 0 0
YGR191W 4 50
YGR192C 4 36
YGR193C 1 17
YGR194C 12 642
YGR195W 1 16
YGR196C 4 393
YGR197C 3 27
YGR198W 9 1132
YGR199W 2 18
YGR200C 2 15
YGR201C 8 79
YGR202C 4 25
YGR203W 19 2494
YGR204W 4 54
YGR204C-A 0 0
YGR205W 0 0
YGR206W 1 92
YGR207C 3 54
YGR208W 2 17
YGR209C 2 39
YGR210C 0 0
YGR211W 3 73
YGR212W 6 1237
YGR213C 3 79
YGR214W 1 4
YGR215W 2 8
YGR216C 2 6
YGR217W 2 159
YGR218W 0 0
YGR219W 4 25
YGR220C 5 65
YGR221C 1 1
YGR222W 14 1171
YGR223C 3 181
YGR224W 6 623
YGR225W 0 0
YGR226C 2 7
YGR227W 0 0
YGR228W 1 55
YGR229C 3 44
YGR230W 4 165
YGR231C 0 0
YGR232W 4 88
YGR233C 1 1
YGR234W 1 1
YGR235C 0 0
YGR236C 2 2
YGR237C 1 2
YGR238C 2 12
YGR239C 4 40
YGR240C 0 0
YGR240C-A 1 71
YGR241C 0 0
YGR242W 0 0
YGR243W 0 0
YGR244C 1 11
YGR245C 0 0
YGR246C 4 23
YGR247W 0 0
YGR248W 3 273
YGR249W 4 129
YGR250C 3 9
YGR251W 3 289
YGR252W 2 7
YGR253C 5 28
YGR254W 9 66
YGR255C 1 15
YGR256W 3 39
YGR257C 2 37
YGR258C 9 532
YGR259C 1 9
YGR260W 4 111
YGR261C 1 26
YGR262C 0 0
YGR263C 2 30
YGR264C 2 2
YGR265W 1 20
YGR266W 4 59
YGR267C 1 44
YGR268C 5 672
YGR269W 1 1
YGR270W 1 15
YGR270C-A 2 35
YGR271W 6 485
YGR271C-A 1 7
YGR273C 0 0
YGR274C 2 10
YGR275W 3 16
YGR276C 2 9
YGR277C 2 15
YGR278W 3 35
YGR279C 1 224
YGR280C 10 1619
YGR281W 1 64
YGR282C 1 2
YGR283C 3 188
YGR284C 4 92
YGR285C 5 178
YGR286C 4 39
YGR287C 3 197
YGR288W 7 170
YGR289C 0 0
YGR290W 4 134
YGR291C 1 2
YGR292W 1 2
YGR293C 0 0
YGR294W 0 0
YGR295C 4 438
YGR296W 0 0
YGR296C-A 0 0
YGR296C-B 0 0
YHL050C 0 0
YHL050W-A 0 0
YHL049C 0 0
YHL048C-A 4 16
YHL048W 0 0
YHL047C 1 4
YHL046W-A 2 5
YHL046C 0 0
YHL045W 1 2
YHL044W 4 59
YHL043W 1 14
YHL042W 2 12
YHL041W 2 53
YHL040C 5 203
YHL039W 2 15
YHL038C 1 12
YHL037C 2 2
YHL036W 4 19
YHL035C 8 49
YHL034W-A 5 814
YHL034C 0 0
YHL033C 9 71
YHL032C 8 54
YHL031C 3 48
YHL030W-A 3 35
YHL030W 8 208
YHL029C 4 52
YHL028W 4 640
YHL027W 2 5
YHL026C 5 593
YHL025W 4 258
YHL024W 1 50
YHL023C 8 188
YHL022C 3 39
YHL021C 6 43
YHL020C 1 65
YHL019W-A 4 560
YHL019C 4 72
YHL018W 3 134
YHL017W 1 9
YHL016C 2 3
YHL015W-A 7 188
YHL015W 0 0
YHL014C 7 357
YHL013C 4 109
YHL012W 2 127
YHL011C 5 68
YHL010C 0 0
YHL009C 2 43
YHL008C 0 0
YHL007C 4 168
YHL006W-A 5 202
YHL006C 5 11
YHL005C 7 164
YHL004W 2 3
YHL003C 2 13
YHL002C-A 0 0
YHL002W 7 340
YHL001W 7 664
YHR001W 3 11
YHR001W-A 6 84
YHR002W 3 7
YHR003C 2 5
YHR004C 5 656
YHR005C 3 19
YHR005C-A 1 80
YHR006W 5 31
YHR007C 0 0
YHR007C-A 9 854
YHR008C 5 495
YHR009C 2 180
YHR010W 1 62
YHR011W 0 0
YHR012W 1 136
YHR013C 9 258
YHR014W 0 0
YHR015W 9 338
YHR016C 1 2
YHR017W 7 521
YHR018C 3 28
YHR019C 2 61
YHR020W 3 539
YHR021C 2 20
YHR021W-A 8 405
YHR022C 2 34
YHR022C-A 10 873
YHR023W 2 17
YHR024C 8 1390
YHR025W 4 18
YHR026W 0 0
YHR027C 0 0
YHR028C 1 19
YHR028W-A 2 4
YHR029C 1 12
YHR030C 5 485
YHR031C 2 26
YHR032W 0 0
YHR032W-A 10 452
YHR032C-A 16 1462
YHR033W 9 325
YHR034C 2 21
YHR035W 5 133
YHR036W 2 36
YHR037W 2 33
YHR038W 3 33
YHR039C 0 0
YHR039C-A 4 375
YHR040W 4 460
YHR041C 8 489
YHR042W 8 176
YHR043C 3 12
YHR044C 2 15
YHR045W 0 0
YHR046C 2 9
YHR047C 1 20
YHR048W 10 936
YHR049W 1 1
YHR049C-A 6 184
YHR050W 5 178
YHR050W-A 8 7233
YHR051W 2 62
YHR052W 0 0
YHR052W-A 0 0
YHR053C 0 0
YHR054C 2 18
YHR054W-A 0 0
YHR055C 0 0
YHR056C 0 0
YHR056W-A 0 0
YHR057C 3 52
YHR058C 5 1222
YHR059W 0 0
YHR060W 6 155
YHR061C 5 740
YHR062C 4 36
YHR063C 4 8024
YHR063W-A 5 70
YHR064C 2 90
YHR065C 4 34
YHR066W 5 111
YHR067W 2 2
YHR068W 1 12
YHR069C 3 22
YHR069C-A 0 0
YHR070W 2 28
YHR070C-A 7 73
YHR071W 3 32
YHR071C-A 2 12
YHR072W 1 2
YHR072W-A 1 1
YHR073W 3 101
YHR073W-A 1 2
YHR073C-B 1 1
YHR074W 7 200
YHR075C 1 8
YHR076W 1 5
YHR077C 2 43
YHR078W 5 405
YHR079C 2 17
YHR079C-A 0 0
YHR080C 4 129
YHR081W 3 55
YHR082C 0 0
YHR083W 9 655
YHR084W 1 44
YHR085W 9 168
YHR086W 3 212
YHR086W-A 10 279
YHR087W 3 79
YHR088W 1 69
YHR089C 8 115
YHR090C 3 52
YHR091C 4 105
YHR092C 0 0
YHR093W 2 6
YHR094C 0 0
YHR095W 1 12
YHR096C 0 0
YHR097C 3 17
YHR098C 2 23
YHR099W 1 13
YHR100C 3 39
YHR101C 5 60
YHR102W 2 16
YHR103W 1 7
YHR104W 1 2
YHR105W 0 0
YHR106W 1 4
YHR107C 1 9
YHR108W 1 44
YHR109W 0 0
YHR110W 5 74
YHR111W 2 21
YHR112C 4 145
YHR113W 4 73
YHR114W 2 165
YHR115C 5 22
YHR116W 5 483
YHR117W 3 90
YHR118C 1 3
YHR119W 2 34
YHR120W 3 11
YHR121W 1 1
YHR122W 4 94
YHR123W 3 107
YHR124W 1 3
YHR125W 2 5
YHR126C 0 0
YHR127W 5 168
YHR128W 2 3
YHR129C 0 0
YHR130C 0 0
YHR131C 2 31
YHR131W-A 0 0
YHR132C 3 12
YHR132W-A 6 188
YHR133C 4 857
YHR134W 4 49
YHR135C 0 0
YHR136C 11 646
YHR137W 2 25
YHR137C-A 0 0
YHR138C 2 26
YHR139C 2 8
YHR139C-A 7 351
YHR140W 5 295
YHR141C 1 2
YHR142W 4 155
YHR143W 0 0
YHR143W-A 4 188
YHR144C 5 208
YHR145C 0 0
YHR146W 4 86
YHR147C 4 92
YHR148W 5 87
YHR149C 0 0
YHR150W 2 28
YHR151C 5 395
YHR152W 2 24
YHR153C 2 60
YHR154W 2 75
YHR155W 0 0
YHR156C 1 33
YHR157W 0 0
YHR158C 0 0
YHR159W 1 15
YHR160C 2 10
YHR161C 0 0
YHR162W 1 3
YHR163W 1 4
YHR164C 1 49
YHR165C 0 0
YHR165W-A 0 0
YHR166C 2 6
YHR167W 3 452
YHR168W 4 72
YHR169W 4 172
YHR170W 0 0
YHR171W 9 769
YHR172W 1 46
YHR173C 6 68
YHR174W 4 20
YHR175W 11 2737
YHR175W-A 3 29
YHR176W 0 0
YHR177W 1 28
YHR178W 3 28
YHR179W 0 0
YHR180W 0 0
YHR180W-A 1 1
YHR180C-B 5 173
YHR181W 5 176
YHR182W 0 0
YHR182C-A 2 47
YHR183W 2 26
YHR184W 1 1
YHR185C 2 6
YHR186C 0 0
YHR187W 1 75
YHR188C 4 45
YHR189W 3 78
YHR190W 1 8
YHR191C 0 0
YHR192W 4 90
YHR193C 5 37
YHR193C-A 2 32
YHR194W 1 6
YHR195W 1 17
YHR196W 5 117
YHR197W 3 41
YHR198C 8 142
YHR199C 7 59
YHR199C-A 4 327
YHR200W 8 54
YHR201C 2 144
YHR202W 1 1
YHR203C 2 4
YHR204W 3 81
YHR205W 1 1
YHR206W 1 52
YHR207C 5 36
YHR208W 5 367
YHR209W 3 73
YHR210C 1 74
YHR211W 1 7
YHR212C 0 0
YHR212W-A 0 0
YHR213W 0 0
YHR213W-A 0 0
YHR213W-B 0 0
YHR214W 0 0
YHR214W-A 0 0
YHR214C-D 0 0
YHR214C-E 0 0
YHR215W 0 0
YHR216W 0 0
YHR217C 0 0
YHR218W 0 0
YHR218W-A 0 0
YHR219W 0 0
YHR219C-A 0 0
YIL177C 0 0
YIL177W-A 0 0
YIL176C 0 0
YIL173W 0 0
YIL172C 0 0
YIL171W-A 0 0
YIL169C 5 139
YIL166C 0 0
YIL165C 3 117
YIL164C 4 76
YIL163C 1 6
YIL162W 4 60
YIL161W 0 0
YIL160C 5 228
YIL159W 7 160
YIL158W 3 18
YIL157C 7 344
YIL156W-A 6 247
YIL156W-B 6 180
YIL156W 5 113
YIL155C 6 410
YIL154C 2 29
YIL153W 1 1
YIL152W 2 16
YIL151C 3 45
YIL150C 2 41
YIL149C 2 17
YIL148W 5 77
YIL147C 1 103
YIL146C 4 367
YIL145C 6 258
YIL144W 0 0
YIL143C 8 1710
YIL142C-A 3 21
YIL142W 2 5
YIL141W 3 70
YIL140W 0 0
YIL139C 1 4
YIL138C 4 705
YIL137C 5 5562
YIL136W 2 20
YIL135C 3 117
YIL134C-A 9 1528
YIL134W 3 18
YIL133C 3 9
YIL132C 7 2447
YIL131C 2 96
YIL130W 7 149
YIL129C 0 0
YIL128W 1 79
YIL127C 0 0
YIL126W 2 37
YIL125W 1 1
YIL124W 3 586
YIL123W 2 149
YIL122W 2 8
YIL121W 0 0
YIL120W 0 0
YIL119C 0 0
YIL118W 4 94
YIL117C 1 7
YIL116W 1 8
YIL115W-A 2 6
YIL115C 0 0
YIL114C 2 24
YIL113W 4 151
YIL112W 8 221
YIL111W 2 14
YIL110W 1 1
YIL109C 1 1
YIL108W 2 13
YIL107C 2 3
YIL106W 2 11
YIL105C 2 80
YIL105W-A 0 0
YIL104C 6 98
YIL103W 1 8
YIL102C-A 2 455
YIL102C 2 356
YIL101C 1 1
YIL100C-A 10 364
YIL100W 3 20
YIL099W 5 271
YIL098C 5 192
YIL097W 2 2
YIL096C 3 14
YIL095W 1 13
YIL094C 4 282
YIL093C 3 66
YIL092W 2 240
YIL091C 3 47
YIL090W 2 17
YIL089W 1 9
YIL088C 0 0
YIL087C 3 14
YIL086C 2 15
YIL085C 8 3908
YIL084C 2 87
YIL083C 1 26
YIL082W 0 0
YIL079C 4 71
YIL078W 0 0
YIL077C 6 699
YIL076W 11 392
YIL075C 1 14
YIL074C 1 2
YIL073C 0 0
YIL072W 0 0
YIL071W-A 0 0
YIL071C 3 46
YIL070C 0 0
YIL069C 3 59
YIL068W-A 1 5
YIL068C 1 4
YIL067C 0 0
YIL066W-A 0 0
YIL066C 1 12
YIL065C 9 190
YIL064W 10 303
YIL063C 4 891
YIL062C 0 0
YIL061C 12 556
YIL060W 0 0
YIL059C 4 65
YIL058W 0 0
YIL057C 6 124
YIL056W 5 75
YIL055C 0 0
YIL054W 10 215
YIL053W 0 0
YIL052C 2 2
YIL051C 6 197
YIL050W 1 8
YIL049W 2 20
YIL048W 2 40
YIL047C-A 2 120
YIL047C 2 19
YIL046W-A 9 351
YIL046W 6 77
YIL045W 1 1
YIL044C 8 202
YIL043C 4 26
YIL042C 3 14
YIL041W 5 116
YIL040W 0 0
YIL039W 0 0
YIL038C 2 4
YIL037C 0 0
YIL036W 2 46
YIL035C 2 2
YIL034C 3 12
YIL033C 3 90
YIL032C 2 13
YIL031W 6 53
YIL030W-A 0 0
YIL030C 2 8
YIL029W-A 0 0
YIL029C 1 2
YIL028W 0 0
YIL027C 4 536
YIL026C 4 54
YIL025C 0 0
YIL024C 5 209
YIL023C 1 17
YIL022W 0 0
YIL021W 1 3
YIL021C-A 3 35
YIL020C-A 0 0
YIL020C 5 148
YIL019W 9 1032
YIL018W 0 0
YIL017C 3 50
YIL016W 5 690
YIL015W 2 63
YIL014C-A 0 0
YIL014W 1 14
YIL013C 2 4
YIL012W 3 248
YIL011W 0 0
YIL010W 1 15
YIL009C-A 12 820
YIL009W 4 19
YIL008W 2 5
YIL007C 2 16
YIL006W 7 485
YIL005W 1 12
YIL004C 7 170
YIL003W 2 19
YIL002W-A 3 14
YIL002C 0 0
YIL001W 3 207
YIR001C 2 237
YIR002C 1 1
YIR003W 4 41
YIR004W 5 37
YIR005W 5 340
YIR006C 6 513
YIR007W 3 30
YIR008C 0 0
YIR009W 2 17
YIR010W 5 48
YIR011C 2 239
YIR012W 3 3
YIR013C 2 181
YIR014W 2 193
YIR015W 6 203
YIR016W 9 1814
YIR017C 8 909
YIR017W-A 6 1845
YIR018W 7 6605
YIR018C-A 1 2
YIR019C 4 156
YIR020C 3 137
YIR020W-A 2 50
YIR020C-B 5 60
YIR021W 1 24
YIR021W-A 0 0
YIR022W 1 312
YIR023W 2 487
YIR023C-A 2 16
YIR024C 4 131
YIR025W 6 162
YIR026C 4 46
YIR027C 2 14
YIR028W 0 0
YIR029W 7 92
YIR030C 2 60
YIR030W-A 2 60
YIR031C 3 31
YIR032C 5 161
YIR033W 3 198
YIR034C 0 0
YIR035C 0 0
YIR036C 2 3
YIR036W-A 0 0
YIR037W 2 99
YIR038C 5 559
YIR039C 2 69
YIR040C 0 0
YIR041W 0 0
YIR042C 2 60
YJL225C 0 0
YJL225W-A 0 0
YJL223C 0 0
YJL222W-B 0 0
YJL222W-A 0 0
YJL222W 0 0
YJL221C 0 0
YJL220W 0 0
YJL219W 0 0
YJL218W 0 0
YJL217W 5 83
YJL216C 2 35
YJL215C 1 29
YJL214W 2 31
YJL213W 3 66
YJL212C 2 12
YJL211C 4 9
YJL210W 12 1807
YJL209W 1 27
YJL208C 4 109
YJL207C 0 0
YJL206C 6 40
YJL205C 12 257
YJL204C 2 4
YJL203W 1 22
YJL202C 5 137
YJL201W 6 212
YJL200C 2 16
YJL199C 12 1511
YJL198W 3 31
YJL197W 1 16
YJL197C-A 0 0
YJL196C 3 21
YJL195C 2 9
YJL194W 3 35
YJL193W 3 26
YJL192C 6 104
YJL191W 5 1007
YJL190C 1 12
YJL189W 0 0
YJL188C 5 86
YJL187C 0 0
YJL186W 2 38
YJL185C 4 108
YJL184W 3 9
YJL183W 0 0
YJL182C 2 26
YJL181W 6 142
YJL180C 3 6
YJL179W 0 0
YJL178C 15 2598
YJL177W 1 6
YJL176C 4 26
YJL175W 1 12
YJL174W 1 1
YJL173C 8 296
YJL172W 7 216
YJL171C 2 36
YJL170C 0 0
YJL169W 1 49
YJL168C 3 39
YJL167W 0 0
YJL166W 5 78
YJL165C 3 53
YJL164C 1 1
YJL163C 5 264
YJL162C 5 29
YJL161W 5 315
YJL160C 2 8
YJL159W 3 35
YJL158C 10 1042
YJL157C 4 61
YJL156W-A 12 1896
YJL156C 4 44
YJL155C 0 0
YJL154C 2 66
YJL153C 0 0
YJL152W 1 8
YJL151C 11 550
YJL150W 3 99
YJL149W 7 132
YJL148W 3 115
YJL147C 2 555
YJL146W 0 0
YJL145W 5 194
YJL144W 3 437
YJL143W 1 1
YJL142C 0 0
YJL141C 0 0
YJL140W 1 2
YJL139C 0 0
YJL138C 4 113
YJL137C 3 43
YJL136W-A 2 137
YJL136C 0 0
YJL135W 8 568
YJL134W 3 81
YJL133C-A 6 1439
YJL133W 2 72
YJL132W 3 132
YJL131C 1 10
YJL130C 2 76
YJL129C 0 0
YJL128C 2 21
YJL127W-A 2 21
YJL127C-B 4 132
YJL127C 3 60
YJL126W 3 4
YJL125C 2 4
YJL124C 0 0
YJL123C 4 75
YJL122W 5 121
YJL121C 4 147
YJL120W 2 15
YJL119C 3 235
YJL118W 11 755
YJL117W 2 12
YJL116C 3 4
YJL115W 3 41
YJL112W 0 0
YJL111W 0 0
YJL110C 2 13
YJL109C 1 55
YJL108C 1 37
YJL107C 2 77
YJL106W 3 100
YJL105W 1 36
YJL104W 3 95
YJL103C 3 38
YJL102W 6 450
YJL101C 2 28
YJL100W 4 85
YJL099W 3 86
YJL098W 0 0
YJL097W 2 56
YJL096W 2 31
YJL095W 1 4
YJL094C 2 46
YJL093C 5 125
YJL092W 0 0
YJL091C 5 153
YJL090C 0 0
YJL089W 1 41
YJL088W 6 2182
YJL087C 0 0
YJL086C 1 2
YJL085W 1 20
YJL084C 1 39
YJL083W 3 27
YJL082W 0 0
YJL081C 0 0
YJL080C 2 8
YJL079C 4 27
YJL078C 6 135
YJL077W-B 4 410
YJL077C 6 408
YJL077W-A 2 42
YJL076W 2 5
YJL075C 0 0
YJL074C 1 1
YJL073W 0 0
YJL072C 2 47
YJL071W 2 19
YJL070C 0 0
YJL069C 2 97
YJL068C 13 285
YJL067W 22 1050
YJL066C 3 138
YJL065C 0 0
YJL064W 3 54
YJL063C 5 87
YJL062W-A 6 1067
YJL062W 1 2
YJL061W 0 0
YJL060W 2 8
YJL059W 3 10
YJL058C 0 0
YJL057C 3 49
YJL056C 2 58
YJL055W 6 258
YJL054W 8 95
YJL053W 6 385
YJL052C-A 6 169
YJL052W 0 0
YJL051W 0 0
YJL050W 5 191
YJL049W 3 379
YJL048C 5 934
YJL047C-A 1 8
YJL047C 0 0
YJL046W 9 578
YJL045W 1 3
YJL044C 3 33
YJL043W 1 9
YJL042W 0 0
YJL041W 1 8
YJL039C 0 0
YJL038C 0 0
YJL037W 3 6
YJL036W 1 1
YJL035C 4 278
YJL034W 4 14
YJL033W 4 39
YJL032W 0 0
YJL031C 2 14
YJL030W 4 72
YJL029C 4 1162
YJL028W 1 129
YJL027C 4 202
YJL026W 1 7
YJL026C-A 1 61
YJL025W 1 86
YJL024C 1 3
YJL023C 1 3
YJL022W 1 1
YJL020C 0 0
YJL020W-A 1 4
YJL019W 0 0
YJL016W 0 0
YJL015C 6 588
YJL014W 5 582
YJL013C 14 5583
YJL012C 2 15
YJL011C 3 31
YJL010C 2 17
YJL009W 3 11
YJL008C 2 409
YJL007C 10 2568
YJL006C 4 477
YJL005W 2 16
YJL004C 6 772
YJL003W 6 64
YJL002C 3 291
YJL001W 5 294
YJR001W 5 162
YJR002W 2 10
YJR003C 3 28
YJR004C 4 219
YJR005W 3 301
YJR005C-A 4 79
YJR006W 2 5
YJR007W 0 0
YJR008W 5 85
YJR009C 4 203
YJR010W 1 10
YJR010C-A 2 27
YJR011C 1 2
YJR012C 1 1
YJR013W 1 2
YJR014W 2 84
YJR015W 9 130
YJR016C 1 4
YJR017C 5 20
YJR018W 1 2
YJR019C 4 110
YJR020W 2 9
YJR021C 2 7
YJR022W 1 21
YJR023C 0 0
YJR024C 6 125
YJR025C 1 8
YJR030C 0 0
YJR031C 1 1
YJR032W 2 3
YJR033C 4 94
YJR034W 0 0
YJR035W 2 5
YJR036C 0 0
YJR037W 0 0
YJR038C 0 0
YJR039W 3 14
YJR040W 5 185
YJR041C 2 94
YJR042W 3 21
YJR043C 3 98
YJR044C 14 1296
YJR045C 1 2
YJR046W 5 216
YJR047C 2 158
YJR048W 11 625
YJR049C 6 83
YJR050W 7 173
YJR051W 2 11
YJR052W 6 88
YJR053W 4 77
YJR054W 0 0
YJR055W 5 263
YJR056C 0 0
YJR057W 3 40
YJR058C 4 41
YJR059W 3 24
YJR060W 0 0
YJR061W 0 0
YJR062C 8 362
YJR063W 3 161
YJR064W 3 129
YJR065C 4 66
YJR066W 3 17
YJR067C 0 0
YJR068W 4 17
YJR069C 2 136
YJR070C 4 18
YJR071W 0 0
YJR072C 4 92
YJR073C 4 56
YJR074W 11 443
YJR075W 1 9
YJR076C 10 2388
YJR077C 9 273
YJR078W 3 11
YJR079W 5 79
YJR080C 4 594
YJR082C 1 47
YJR083C 8 357
YJR084W 5 51
YJR085C 9 208
YJR086W 7 375
YJR087W 0 0
YJR088C 2 65
YJR089W 2 467
YJR090C 0 0
YJR091C 7 228
YJR092W 4 48
YJR093C 1 3
YJR094C 0 0
YJR094W-A 6 69
YJR095W 1 9
YJR096W 4 226
YJR097W 0 0
YJR098C 1 240
YJR099W 2 15
YJR100C 5 73
YJR101W 1 6
YJR102C 1 4
YJR103W 6 128
YJR104C 3 238
YJR105W 10 2807
YJR106W 0 0
YJR107W 0 0
YJR108W 2 13
YJR109C 8 25
YJR110W 0 0
YJR111C 3 54
YJR112W 8 380
YJR112W-A 8 284
YJR113C 8 631
YJR114W 4 79
YJR115W 5 129
YJR116W 1 7
YJR117W 1 240
YJR118C 0 0
YJR119C 5 43
YJR120W 7 642
YJR121W 0 0
YJR122W 1 1
YJR123W 0 0
YJR124C 4 99
YJR125C 1 1770
YJR126C 5 50
YJR127C 7 311
YJR128W 0 0
YJR129C 1 17
YJR130C 4 96
YJR131W 2 8
YJR132W 2 52
YJR133W 1 38
YJR134C 4 25
YJR135C 2 22
YJR135W-A 2 748
YJR136C 0 0
YJR137C 12 432
YJR138W 5 45
YJR139C 2 9
YJR140C 6 120
YJR140W-A 1 2
YJR141W 3 169
YJR142W 1 14
YJR143C 4 100
YJR144W 5 350
YJR145C 2 60
YJR146W 6 1385
YJR147W 4 27
YJR148W 0 0
YJR149W 11 1483
YJR150C 5 27
YJR151C 1 4
YJR151W-A 1 7
YJR152W 3 33
YJR153W 3 52
YJR154W 2 24
YJR155W 1 69
YJR156C 0 0
YJR157W 0 0
YJR158W 0 0
YJR159W 0 0
YJR160C 0 0
YJR161C 3 139
YJR162C 6 61
YKL225W 2 19
YKL224C 0 0
YKL223W 0 0
YKL222C 1 1
YKL221W 2 4
YKL220C 2 30
YKL219W 8 674
YKL218C 1 1
YKL217W 3 65
YKL216W 7 84
YKL215C 1 89
YKL214C 3 77
YKL213C 3 32
YKL212W 0 0
YKL211C 2 47
YKL210W 1 4
YKL209C 8 82
YKL208W 1 19
YKL207W 3 34
YKL206C 2 43
YKL205W 1 7
YKL204W 5 64
YKL203C 1 108
YKL202W 0 0
YKL201C 6 178
YKL198C 3 16
YKL197C 11 7868
YKL196C 6 26
YKL195W 6 71
YKL194C 2 348
YKL193C 3 212
YKL192C 3 227
YKL191W 5 197
YKL190W 8 1338
YKL189W 1 94
YKL188C 1 3
YKL187C 5 346
YKL186C 14 1284
YKL185W 2 9
YKL184W 1 1
YKL183C-A 1 78
YKL183W 1 78
YKL182W 0 0
YKL181W 2 15
YKL180W 0 0
YKL179C 6 425
YKL178C 0 0
YKL177W 1 2
YKL176C 2 7
YKL175W 4 259
YKL174C 1 30
YKL173W 5 25
YKL172W 1 2
YKL171W 1 24
YKL170W 4 55
YKL169C 0 0
YKL168C 8 292
YKL167C 5 543
YKL166C 0 0
YKL165C-A 8 202
YKL165C 0 0
YKL164C 2 5
YKL163W 0 0
YKL162C-A 1 23
YKL162C 0 0
YKL161C 0 0
YKL160W 2 6
YKL159C 5 162
YKL157W 4 51
YKL156W 6 241
YKL156C-A 0 0
YKL155C 1 1
YKL154W 3 47
YKL153W 4 174
YKL152C 6 39
YKL151C 8 65
YKL150W 13 2521
YKL149C 2 19
YKL148C 4 80
YKL147C 6 445
YKL146W 7 564
YKL145W 3 49
YKL145W-A 0 0
YKL144C 1 8
YKL143W 5 211
YKL142W 4 51
YKL141W 2 57
YKL140W 2 73
YKL139W 0 0
YKL138C-A 5 13
YKL138C 4 39
YKL137W 2 13
YKL136W 2 98
YKL135C 0 0
YKL134C 3 10
YKL133C 3 32
YKL132C 0 0
YKL131W 0 0
YKL130C 2 122
YKL129C 2 33
YKL128C 3 26
YKL127W 5 287
YKL126W 2 8
YKL125W 0 0
YKL124W 0 0
YKL123W 2 22
YKL122C 0 0
YKL121W 0 0
YKL120W 2 83
YKL119C 1 4
YKL118W 2 5
YKL117W 7 120
YKL116C 1 1
YKL115C 0 0
YKL114C 4 68
YKL113C 3 60
YKL112W 2 64
YKL111C 2 15
YKL110C 6 1535
YKL109W 3 60
YKL108W 1 2
YKL107W 1 8
YKL106C-A 5 80
YKL106W 0 0
YKL105C 0 0
YKL104C 0 0
YKL103C 3 15
YKL102C 10 489
YKL101W 1 6
YKL100C 8 114
YKL100W-A 0 0
YKL099C 1 8
YKL098W 2 718
YKL097C 6 375
YKL096C-B 0 0
YKL096W-A 0 0
YKL096W 1 20
YKL095W 1 1
YKL094W 9 299
YKL093W 3 19
YKL092C 1 2
YKL091C 2 28
YKL090W 15 573
YKL089W 1 3
YKL088W 4 209
YKL087C 1 1
YKL086W 9 1100
YKL085W 1 2
YKL084W 4 151
YKL083W 4 10
YKL082C 0 0
YKL081W 1 13
YKL080W 1 3
YKL079W 1 12
YKL078W 4 121
YKL077W 3 33
YKL076C 1 10
YKL075C 1 4
YKL074C 5 407
YKL073W 4 131
YKL072W 0 0
YKL071W 0 0
YKL070W 0 0
YKL069W 12 511
YKL068W-A 7 152
YKL068W 0 0
YKL067W 1 245
YKL066W 0 0
YKL065W-A 5 33
YKL065C 6 52
YKL064W 1 9
YKL063C 3 46
YKL062W 1 18
YKL061W 0 0
YKL060C 4 104
YKL059C 4 77
YKL058W 4 27
YKL057C 1 26
YKL056C 2 29
YKL055C 1 35
YKL054C 4 32
YKL053C-A 1 2
YKL053W 4 5
YKL052C 10 741
YKL051W 8 231
YKL050C 1 1
YKL049C 0 0
YKL048C 2 4
YKL047W 1 7
YKL046C 2 52
YKL045W 2 187
YKL044W 2 4
YKL043W 2 11
YKL042W 0 0
YKL041W 0 0
YKL040C 0 0
YKL039W 3 73
YKL038W 0 0
YKL037W 10 293
YKL036C 1 1
YKL035W 2 29
YKL034W 0 0
YKL033W-A 0 0
YKL033W 3 106
YKL032C 1 1
YKL031W 1 1
YKL030W 3 31
YKL029C 4 104
YKL028W 5 118
YKL027W 0 0
YKL026C 4 82
YKL025C 2 41
YKL024C 0 0
YKL023C-A 2 125
YKL023W 12 2409
YKL022C 3 219
YKL021C 1 9
YKL020C 2 29
YKL019W 3 1133
YKL018C-A 4 338
YKL018W 3 104
YKL017C 3 20
YKL016C 2 42
YKL015W 1 27
YKL014C 1 14
YKL013C 2 15
YKL012W 0 0
YKL011C 1 12
YKL010C 0 0
YKL009W 4 122
YKL008C 3 399
YKL007W 7 345
YKL006C-A 4 31
YKL006W 2 34
YKL005C 1 39
YKL004W 4 76
YKL003C 2 449
YKL002W 1 4
YKL001C 3 1239
YKR001C 3 119
YKR002W 1 22
YKR003W 0 0
YKR004C 3 94
YKR005C 2 6
YKR006C 3 26
YKR007W 4 29
YKR008W 2 3
YKR009C 2 7
YKR010C 0 0
YKR011C 0 0
YKR012C 4 1606
YKR013W 4 22
YKR014C 1 8
YKR015C 1 2
YKR016W 3 50
YKR017C 2 44
YKR018C 6 250
YKR019C 0 0
YKR020W 3 32
YKR021W 1 2
YKR022C 2 23
YKR023W 4 109
YKR024C 0 0
YKR025W 2 61
YKR026C 0 0
YKR027W 2 5
YKR028W 2 3
YKR029C 6 838
YKR030W 5 119
YKR031C 1 3
YKR032W 1 3
YKR033C 0 0
YKR034W 1 4
YKR035C 1 7
YKR035W-A 2 8
YKR036C 1 23
YKR037C 6 77
YKR038C 8 565
YKR039W 5 39
YKR040C 8 649
YKR041W 7 72
YKR042W 2 5
YKR043C 7 118
YKR044W 1 22
YKR045C 1 2
YKR046C 7 28
YKR047W 6 91
YKR048C 4 44
YKR049C 2 58
YKR050W 4 4388
YKR051W 0 0
YKR052C 1 33
YKR053C 2 8
YKR054C 3 276
YKR055W 2 942
YKR056W 1 76
YKR057W 6 127
YKR058W 3 74
YKR059W 1 1
YKR060W 3 17
YKR061W 0 0
YKR062W 1 4
YKR063C 3 32
YKR064W 2 28
YKR065C 4 38
YKR066C 15 2377
YKR067W 2 27
YKR068C 6 152
YKR069W 1 2
YKR070W 5 146
YKR071C 1 1
YKR072C 4 86
YKR073C 0 0
YKR074W 2 9
YKR075C 5 371
YKR075W-A 0 0
YKR076W 2 57
YKR077W 1 2
YKR078W 4 58
YKR079C 1 9
YKR080W 1 120
YKR081C 3 118
YKR082W 4 272
YKR083C 1 106
YKR084C 4 97
YKR085C 1 24
YKR086W 2 440
YKR087C 3 46
YKR088C 5 120
YKR089C 3 19
YKR090W 0 0
YKR091W 1 5
YKR092C 5 49
YKR093W 3 23
YKR094C 6 250
YKR095W 0 0
YKR095W-A 4 114
YKR096W 3 14
YKR097W 0 0
YKR098C 3 26
YKR099W 0 0
YKR100C 1 33
YKR101W 10 217
YKR102W 3 1262
YKR103W 0 0
YKR104W 2 23
YKR105C 1 2
YKR106W 0 0
YLL067C 0 0
YLL067W-A 0 0
YLL066W-B 0 0
YLL066C 0 0
YLL066W-A 0 0
YLL065W 0 0
YLL064C 0 0
YLL063C 7 345
YLL062C 0 0
YLL061W 11 535
YLL060C 9 368
YLL059C 3 17
YLL058W 3 30
YLL057C 0 0
YLL056C 0 0
YLL055W 2 3
YLL054C 1 170
YLL053C 2 10
YLL052C 3 10
YLL051C 3 6
YLL050C 4 695
YLL049W 7 603
YLL048C 0 0
YLL047W 5 186
YLL046C 0 0
YLL045C 6 135
YLL044W 0 0
YLL043W 2 3
YLL042C 4 34
YLL041C 6 75
YLL040C 0 0
YLL039C 4 165
YLL038C 2 15
YLL037W 1 1
YLL036C 4 320
YLL035W 2 49
YLL034C 2 61
YLL033W 7 95
YLL032C 4 29
YLL031C 0 0
YLL030C 2 6
YLL029W 0 0
YLL028W 1 3
YLL027W 1 6
YLL026W 5 110
YLL025W 0 0
YLL024C 1 1
YLL023C 5 281
YLL022C 3 58
YLL021W 1 1
YLL020C 0 0
YLL019C 2 12
YLL019W-A 0 0
YLL018C-A 4 214
YLL018C 1 1
YLL015W 1 12
YLL014W 4 3348
YLL013C 0 0
YLL012W 1 3
YLL011W 3 215
YLL010C 1 2
YLL009C 7 1078
YLL008W 0 0
YLL007C 1 2
YLL006W-A 2 3
YLL006W 5 139
YLL005C 1 3
YLL004W 7 235
YLL003W 4 289
YLL002W 3 271
YLL001W 0 0
YLR001C 6 64
YLR002C 2 10
YLR003C 4 324
YLR004C 2 276
YLR005W 4 361
YLR006C 0 0
YLR007W 8 2200
YLR008C 2 116
YLR009W 3 5
YLR010C 1 1
YLR011W 2 172
YLR012C 1 18
YLR013W 0 0
YLR014C 1 8
YLR015W 2 31
YLR016C 3 7
YLR017W 2 2322
YLR018C 1 2
YLR019W 2 42
YLR020C 8 127
YLR021W 4 55
YLR022C 1 6
YLR023C 2 13
YLR024C 0 0
YLR025W 1 27
YLR026C 1 4
YLR027C 7 109
YLR028C 8 261
YLR029C 3 15
YLR030W 2 96
YLR031W 2 9
YLR032W 5 55
YLR033W 8 257
YLR034C 4 91
YLR035C 4 502
YLR036C 7 429
YLR037C 1 6
YLR038C 7 217
YLR039C 1 114
YLR040C 1 20
YLR041W 1 4
YLR042C 0 0
YLR043C 9 306
YLR044C 2 11
YLR045C 4 1225
YLR046C 1 4
YLR047C 1 457
YLR048W 1 1
YLR049C 5 31
YLR050C 4 407
YLR051C 0 0
YLR052W 2 5
YLR053C 2 74
YLR054C 0 0
YLR055C 5 15
YLR056W 1 11
YLR057W 3 48
YLR058C 5 74
YLR059C 2 92
YLR060W 2 18
YLR061W 4 139
YLR062C 3 52
YLR063W 5 333
YLR064W 4 80
YLR065C 2 7
YLR066W 1 1
YLR067C 0 0
YLR068W 1 6
YLR069C 4 87
YLR070C 10 368
YLR071C 3 102
YLR072W 3 117
YLR073C 2 7
YLR074C 2 148
YLR075W 2 771
YLR076C 0 0
YLR077W 2 9
YLR078C 7 72
YLR079W 1 12
YLR080W 0 0
YLR081W 2 665
YLR082C 3 8
YLR083C 0 0
YLR084C 1 2
YLR085C 2 130
YLR086W 1 15
YLR087C 2 7
YLR088W 1 3
YLR089C 1 15
YLR090W 2 21
YLR091W 4 176
YLR092W 8 291
YLR093C 2 18
YLR094C 9 118
YLR095C 5 356
YLR096W 1 2
YLR097C 1 1
YLR098C 2 97
YLR099C 4 84
YLR099W-A 7 111
YLR100W 0 0
YLR101C 5 20
YLR102C 5 245
YLR103C 2 58
YLR104W 3 74
YLR105C 2 144
YLR106C 0 0
YLR107W 2 30
YLR108C 1 65
YLR109W 3 26
YLR110C 5 94
YLR111W 8 666
YLR112W 3 239
YLR113W 3 574
YLR114C 1 5
YLR115W 1 20
YLR116W 1 1
YLR117C 7 248
YLR118C 2 21
YLR119W 4 57
YLR120C 3 109
YLR120W-A 5 29
YLR121C 5 192
YLR122C 1 2
YLR123C 1 2
YLR124W 1 4
YLR125W 0 0
YLR126C 0 0
YLR127C 0 0
YLR128W 4 133
YLR129W 1 249
YLR130C 2 41
YLR131C 0 0
YLR132C 4 291
YLR133W 2 2
YLR134W 1 6
YLR135W 2 15
YLR136C 8 81
YLR137W 9 192
YLR138W 2 11
YLR139C 7 188
YLR140W 0 0
YLR141W 5 223
YLR142W 4 294
YLR143W 4 33
YLR144C 2 25
YLR145W 3 50
YLR146C 0 0
YLR146W-A 3 35
YLR147C 3 109
YLR148W 4 103
YLR149C 3 15
YLR149C-A 2 4
YLR150W 3 17
YLR151C 5 39
YLR152C 0 0
YLR153C 3 29
YLR154C 7 617
YLR154W-A 0 0
YLR154W-B 0 0
YLR154W-C 0 0
YLR154W-E 0 0
YLR154W-F 0 0
YLR154C-G 0 0
YLR154C-H 0 0
YLR155C 0 0
YLR156W 0 0
YLR156C-A 0 0
YLR157C 0 0
YLR157W-D 0 0
YLR157W-E 0 0
YLR157C-C 0 0
YLR158C 0 0
YLR159W 0 0
YLR159C-A 0 0
YLR160C 0 0
YLR161W 0 0
YLR162W 2 4
YLR162W-A 0 0
YLR163C 0 0
YLR163W-A 2 16
YLR164W 3 20
YLR165C 4 629
YLR166C 0 0
YLR167W 4 26
YLR168C 4 831
YLR169W 2 102
YLR170C 5 168
YLR171W 1 1
YLR172C 5 154
YLR173W 3 147
YLR174W 11 341
YLR175W 1 28
YLR176C 6 124
YLR177W 4 58
YLR178C 7 105
YLR179C 3 22
YLR180W 1 12
YLR181C 0 0
YLR182W 0 0
YLR183C 0 0
YLR184W 1 10
YLR185W 0 0
YLR186W 1 15
YLR187W 0 0
YLR188W 0 0
YLR189C 2 48
YLR190W 3 18
YLR191W 2 42
YLR192C 3 107
YLR193C 0 0
YLR194C 1 14
YLR195C 6 249
YLR196W 2 23
YLR197W 0 0
YLR198C 0 0
YLR199C 2 2795
YLR200W 0 0
YLR201C 5 29
YLR202C 2 26
YLR203C 1 4
YLR204W 10 4349
YLR205C 8 3334
YLR206W 5 128
YLR207W 0 0
YLR208W 0 0
YLR209C 4 54
YLR210W 0 0
YLR211C 3 90
YLR212C 3 29
YLR213C 1 6
YLR214W 1 20
YLR215C 0 0
YLR216C 2 9
YLR217W 1 1
YLR218C 4 64
YLR219W 2 12
YLR220W 2 13
YLR221C 2 32
YLR222C 5 32
YLR222C-A 3 23
YLR223C 2 5
YLR224W 0 0
YLR225C 3 22
YLR226W 1 78
YLR227C 1 1
YLR228C 0 0
YLR229C 0 0
YLR230W 2 4
YLR231C 3 22
YLR232W 0 0
YLR233C 2 396
YLR234W 5 74
YLR235C 12 757
YLR236C 2 12
YLR237W 6 437
YLR238W 1 4
YLR239C 5 169
YLR240W 2 13
YLR241W 5 272
YLR242C 0 0
YLR243W 5 151
YLR244C 4 71
YLR245C 9 95
YLR246W 6 119
YLR247C 3 32
YLR248W 2 41
YLR249W 1 18
YLR250W 0 0
YLR251W 0 0
YLR252W 0 0
YLR253W 1 289
YLR254C 1 20
YLR255C 3 98
YLR256W 2 25
YLR257W 1 2
YLR258W 2 11
YLR259C 4 51
YLR260W 0 0
YLR261C 1 14
YLR262C 1 501
YLR262C-A 5 85
YLR263W 1 3
YLR264W 4 67
YLR264C-A 8 440
YLR265C 7 77
YLR266C 13 370
YLR267W 5 107
YLR268W 4 253
YLR269C 2 3
YLR270W 1 1
YLR271W 6 226
YLR272C 1 5
YLR273C 1 1
YLR274W 2 72
YLR275W 4 623
YLR276C 0 0
YLR277C 5 46
YLR278C 3 11
YLR279W 6 113
YLR280C 2 39
YLR281C 10 1087
YLR282C 0 0
YLR283W 2 55
YLR284C 0 0
YLR285W 1 1
YLR285C-A 8 514
YLR286C 0 0
YLR286W-A 3 193
YLR287C 1 8
YLR287C-A 6 167
YLR288C 3 8
YLR289W 1 24
YLR290C 0 0
YLR291C 2 4
YLR292C 4 242
YLR293C 1 12
YLR294C 1 4
YLR295C 2 22
YLR296W 6 42
YLR297W 3 33
YLR298C 7 210
YLR299W 2 8
YLR299C-A 11 474
YLR300W 0 0
YLR301W 3 35
YLR302C 2 3
YLR303W 8 434
YLR304C 3 127
YLR305C 4 49
YLR306W 2 127
YLR307W 0 0
YLR307C-A 0 0
YLR308W 0 0
YLR309C 4 97
YLR310C 0 0
YLR311C 2 107
YLR312C 5 64
YLR312W-A 9 259
YLR313C 3 18
YLR314C 8 171
YLR315W 2 12
YLR316C 6 636
YLR317W 4 374
YLR318W 2 94
YLR319C 0 0
YLR320W 2 12
YLR321C 3 15
YLR322W 2 29
YLR323C 4 498
YLR324W 3 65
YLR325C 2 71
YLR326W 4 157
YLR327C 0 0
YLR328W 1 1
YLR329W 1 1
YLR330W 3 176
YLR331C 0 0
YLR332W 0 0
YLR333C 7 166
YLR334C 1 253
YLR335W 4 150
YLR336C 0 0
YLR337C 0 0
YLR338W 8 109
YLR339C 0 0
YLR340W 0 0
YLR341W 1 7
YLR342W 0 0
YLR342W-A 1 6
YLR343W 0 0
YLR344W 2 27
YLR345W 2 97
YLR346C 4 142
YLR347C 0 0
YLR347W-A 0 0
YLR348C 8 331
YLR349W 5 212
YLR350W 2 35
YLR351C 3 84
YLR352W 4 695
YLR353W 0 0
YLR354C 8 189
YLR355C 1 263
YLR356W 2 178
YLR357W 3 209
YLR358C 4 110
YLR359W 2 2
YLR360W 1 1
YLR361C 7 134
YLR361C-A 4 26
YLR362W 8 212
YLR363C 0 0
YLR363W-A 0 0
YLR364W 2 12
YLR365W 1 12
YLR364C-A 9 549
YLR366W 1 7
YLR367W 9 254
YLR368W 3 244
YLR369W 1 3
YLR370C 2 24
YLR371W 4 287
YLR372W 1 1
YLR373C 6 445
YLR374C 2 13
YLR375W 5 768
YLR376C 6 53
YLR377C 5 50
YLR378C 0 0
YLR379W 1 19
YLR380W 2 312
YLR381W 1 5
YLR382C 3 26
YLR383W 0 0
YLR384C 8 974
YLR385C 4 104
YLR386W 7 428
YLR387C 4 345
YLR388W 6 589
YLR389C 4 96
YLR390W 3 13
YLR390W-A 5 198
YLR392C 0 0
YLR393W 5 70
YLR394W 0 0
YLR395C 5 41
YLR396C 2 12
YLR397C 8 792
YLR398C 5 134
YLR399C 6 658
YLR399W-A 0 0
YLR400W 0 0
YLR401C 2 49
YLR402W 4 131
YLR403W 0 0
YLR404W 5 98
YLR405W 4 1399
YLR406C 4 12
YLR406C-A 9 2374
YLR407W 3 167
YLR408C 9 484
YLR409C 8 1572
YLR410W 5 285
YLR411W 4 64
YLR412W 6 270
YLR412C-A 0 0
YLR413W 0 0
YLR414C 2 52
YLR415C 4 92
YLR416C 6 301
YLR417W 4 265
YLR418C 0 0
YLR419W 1 1
YLR420W 2 3
YLR421C 7 43
YLR422W 1 1
YLR423C 2 15
YLR424W 1 120
YLR425W 2 240
YLR426W 5 25
YLR427W 1 1
YLR428C 7 25
YLR429W 8 419
YLR430W 0 0
YLR431C 2 127
YLR432W 1 1
YLR433C 0 0
YLR434C 2 39
YLR435W 1 1
YLR436C 6 353
YLR437C 10 301
YLR437C-A 2 34
YLR438W 6 413
YLR438C-A 0 0
YLR439W 1 17
YLR440C 1 174
YLR441C 2 7
YLR442C 3 52
YLR443W 1 1
YLR444C 1 1
YLR445W 2 9
YLR446W 5 1462
YLR447C 1 3
YLR448W 0 0
YLR449W 1 4
YLR450W 1 12
YLR451W 2 13
YLR452C 4 171
YLR453C 8 847
YLR454W 5 82
YLR455W 0 0
YLR456W 6 429
YLR457C 11 521
YLR458W 3 68
YLR459W 1 95
YLR460C 4 3538
YLR461W 0 0
YLR462W 1 1
YLR463C 0 0
YLR464W 0 0
YLR465C 0 0
YLR466W 0 0
YLR466C-A 0 0
YLR466C-B 0 0
YLR467W 0 0
YLR467C-A 0 0
YML133C 0 0
YML133W-B 0 0
YML133W-A 0 0
YML132W 0 0
YML131W 3 550
YML130C 1 3
YML129C 5 44
YML128C 4 29
YML127W 2 247
YML126C 10 636
YML125C 2 19
YML124C 3 129
YML123C 4 107
YML122C 5 30
YML121W 0 0
YML120C 10 2295
YML119W 1 4
YML118W 0 0
YML117W 3 37
YML116W-A 0 0
YML116W 1 21
YML115C 1 29
YML114C 2 37
YML113W 4 202
YML112W 3 29
YML111W 0 0
YML110C 7 494
YML109W 2 4
YML108W 3 38
YML107C 4 170
YML106W 1 127
YML105C 5 209
YML104C 1 10
YML103C 4 85
YML102W 4 299
YML101C-A 11 565
YML101C 11 130
YML100W-A 3 66
YML100W 5 182
YML099W-A 3 10
YML099C 6 337
YML098W 4 63
YML097C 5 287
YML096W 1 135
YML095C 1 12
YML094C-A 0 0
YML094W 3 25
YML093W 5 1118
YML092C 0 0
YML091C 3 29
YML090W 6 91
YML089C 4 53
YML088W 8 286
YML087C 3 33
YML086C 0 0
YML085C 4 52
YML084W 4 52
YML083C 0 0
YML082W 6 255
YML081C-A 9 207
YML081W 1 1
YML080W 3 18
YML079W 3 156
YML078W 3 12
YML077W 1 1
YML076C 13 1348
YML075C 3 105
YML074C 2 8
YML073C 2 16
YML072C 3 84
YML071C 2 119
YML070W 2 18
YML069W 1 122
YML068W 1 3
YML067C 2 6
YML066C 0 0
YML065W 2 25
YML064C 0 0
YML063W 2 25
YML062C 0 0
YML061C 0 0
YML060W 3 59
YML059C 3 20
YML058W-A 6 349
YML058W 8 1926
YML057C-A 0 0
YML057W 0 0
YML056C 0 0
YML055W 4 54
YML054C 5 109
YML054C-A 10 3308
YML053C 3 13
YML052W 5 25
YML051W 3 239
YML050W 9 464
YML049C 3 19
YML048W 2 12
YML047W-A 0 0
YML047C 0 0
YML046W 1 36
YML043C 1 2
YML042W 3 233
YML041C 5 92
YML038C 4 58
YML037C 1 5
YML036W 2 34
YML035C 1 5
YML034C-A 1 22
YML034W 0 0
YML032C 1 2
YML031C-A 0 0
YML031W 1 1
YML030W 2 50
YML029W 4 30
YML028W 10 528
YML027W 2 5
YML026C 3 62
YML025C 4 107
YML024W 3 24
YML023C 6 273
YML022W 2 18
YML021C 12 2931
YML020W 3 71
YML019W 2 2
YML018C 1 1
YML017W 1 33
YML016C 0 0
YML015C 1 9
YML014W 3 29
YML013W 7 793
YML012C-A 8 1161
YML012W 5 36
YML011C 13 690
YML010W 6 49
YML009W-B 0 0
YML009C-A 6 442
YML009C 12 738
YML008C 2 8
YML007C-A 7 451
YML007W 3 52
YML006C 0 0
YML005W 4 119
YML004C 6 1044
YML003W 6 492
YML002W 2 189
YML001W 1 4
YMR001C 2 95
YMR001C-A 5 125
YMR002W 8 2207
YMR003W 4 94
YMR004W 2 29
YMR005W 2 125
YMR006C 1 16
YMR007W 3 257
YMR008C 2 71
YMR009W 2 789
YMR010W 2 41
YMR011W 2 3
YMR012W 1 3
YMR013C 1 8
YMR013C-A 2 3
YMR013W-A 3 66
YMR014W 5 45
YMR015C 5 468
YMR016C 0 0
YMR017W 1 10
YMR018W 4 57
YMR019W 7 90
YMR020W 2 14
YMR021C 1 3
YMR022W 2 89
YMR023C 4 58
YMR024W 6 261
YMR025W 4 46
YMR026C 1 1
YMR027W 1 24
YMR028W 0 0
YMR029C 1 59
YMR030W 4 589
YMR031C 0 0
YMR031W-A 3 101
YMR032W 1 3
YMR030W-A 1 114
YMR033W 0 0
YMR034C 2 212
YMR035W 1 10
YMR036C 2 24
YMR037C 2 19
YMR038C 2 220
YMR039C 4 87
YMR040W 0 0
YMR041C 6 132
YMR042W 7 359
YMR043W 7 1936
YMR044W 2 182
YMR046W-A 0 0
YMR047C 3 46
YMR048W 6 159
YMR049C 6 435
YMR052W 1 278
YMR052C-A 5 53
YMR053C 3 28
YMR054W 2 33
YMR055C 1 82
YMR056C 8 127
YMR057C 1 27
YMR058W 1 27
YMR059W 2 141
YMR060C 3 164
YMR061W 4 42
YMR062C 1 1
YMR063W 8 1343
YMR064W 7 232
YMR065W 1 15
YMR066W 10 333
YMR067C 4 11
YMR068W 2 9
YMR069W 2 45
YMR070W 1 2
YMR071C 3 11
YMR072W 4 67
YMR073C 7 153
YMR074C 5 326
YMR075W 2 6
YMR075C-A 1 5
YMR076C 1 20
YMR077C 2 9
YMR078C 6 310
YMR079W 2 3
YMR080C 0 0
YMR081C 2 2
YMR082C 2 12
YMR083W 3 136
YMR084W 1 39
YMR085W 1 16
YMR086W 5 159
YMR086C-A 3 13
YMR087W 4 30
YMR088C 0 0
YMR089C 0 0
YMR090W 2 9
YMR091C 0 0
YMR092C 4 49
YMR093W 1 27
YMR094W 0 0
YMR095C 3 112
YMR096W 4 50
YMR097C 1 3
YMR098C 1 11
YMR099C 5 91
YMR100W 1 9
YMR101C 1 2
YMR102C 4 24
YMR103C 13 2146
YMR104C 2 37
YMR105C 1 40
YMR105W-A 8 82
YMR106C 4 80
YMR107W 5 52
YMR108W 0 0
YMR109W 7 291
YMR110C 3 195
YMR111C 1 18
YMR112C 2 42
YMR113W 2 20
YMR114C 1 46
YMR115W 5 216
YMR116C 5 49
YMR117C 5 199
YMR118C 5 237
YMR119W 0 0
YMR119W-A 3 68
YMR120C 2 42
YMR121C 4 20
YMR122C 11 291
YMR122W-A 6 603
YMR123W 3 41
YMR124W 2 221
YMR125W 1 10
YMR126C 0 0
YMR127C 0 0
YMR128W 2 366
YMR129W 3 82
YMR130W 3 116
YMR131C 1 7
YMR132C 2 46
YMR133W 2 5
YMR134W 2 98
YMR135C 12 340
YMR135W-A 1 1
YMR136W 9 159
YMR137C 5 109
YMR138W 1 69
YMR139W 6 481
YMR140W 1 1
YMR141C 8 97
YMR142C 1 5
YMR141W-A 0 0
YMR143W 1 9
YMR144W 0 0
YMR145C 3 19
YMR146C 1 2
YMR147W 3 158
YMR148W 0 0
YMR149W 3 35
YMR150C 3 23
YMR151W 7 509
YMR152W 3 26
YMR153W 3 37
YMR153C-A 1 7
YMR154C 5 36
YMR155W 5 248
YMR156C 1 2
YMR157C 2 14
YMR158W 5 177
YMR158C-A 1 6
YMR158W-B 0 0
YMR159C 5 143
YMR160W 2 27
YMR161W 1 1
YMR162C 3 33
YMR163C 2 11
YMR164C 3 10
YMR165C 3 39
YMR166C 1 12
YMR167W 3 25
YMR168C 4 30
YMR169C 2 19
YMR170C 2 14
YMR171C 1 21
YMR172W 0 0
YMR172C-A 1 2
YMR173W 0 0
YMR173W-A 1 1
YMR174C 6 136
YMR175W 11 754
YMR175W-A 1 4
YMR176W 2 13
YMR177W 1 3
YMR178W 4 351
YMR179W 2 7
YMR180C 5 126
YMR181C 0 0
YMR182C 1 5
YMR182W-A 5 540
YMR183C 1 29
YMR184W 7 930
YMR185W 5 32
YMR186W 4 21
YMR187C 4 1292
YMR188C 2 104
YMR189W 4 158
YMR190C 2 3
YMR191W 9 217
YMR192W 3 11
YMR193W 1 8
YMR193C-A 0 0
YMR194W 5 32
YMR194C-B 5 1901
YMR194C-A 8 94
YMR195W 4 61
YMR196W 2 9
YMR197C 2 65
YMR198W 0 0
YMR199W 2 5
YMR200W 1 222
YMR201C 2 132
YMR202W 4 32
YMR203W 3 22
YMR204C 3 105
YMR205C 1 1
YMR206W 8 307
YMR207C 3 35
YMR208W 1 1
YMR209C 3 8
YMR210W 4 325
YMR211W 2 14
YMR212C 1 1
YMR213W 2 7
YMR214W 10 4585
YMR215W 1 36
YMR216C 5 46
YMR217W 4 37
YMR218C 4 66
YMR219W 5 120
YMR220W 3 411
YMR221C 7 324
YMR222C 2 12
YMR223W 1 1
YMR224C 10 155
YMR225C 7 267
YMR226C 5 73
YMR227C 0 0
YMR228W 3 39
YMR229C 2 12
YMR230W 10 691
YMR230W-A 1 2
YMR231W 2 58
YMR232W 1 9
YMR233W 0 0
YMR234W 2 14
YMR235C 0 0
YMR236W 0 0
YMR237W 1 7
YMR238W 1 2
YMR239C 1 12
YMR240C 5 712
YMR241W 5 525
YMR242C 0 0
YMR242W-A 0 0
YMR243C 0 0
YMR244W 1 47
YMR244C-A 15 1822
YMR245W 0 0
YMR246W 6 746
YMR247C 2 61
YMR247W-A 1 3
YMR250W 1 38
YMR251W 0 0
YMR251W-A 0 0
YMR252C 4 2015
YMR253C 2 17
YMR254C 0 0
YMR255W 4 346
YMR256C 4 125
YMR257C 1 2
YMR258C 1 4
YMR259C 4 448
YMR260C 1 3
YMR261C 2 8
YMR262W 3 98
YMR263W 1 2
YMR264W 7 257
YMR265C 9 485
YMR266W 1 476
YMR267W 0 0
YMR268C 2 6
YMR269W 0 0
YMR270C 1 2
YMR271C 1 22
YMR272C 3 22
YMR272W-A 3 135
YMR272W-B 4 160
YMR273C 1 2
YMR274C 1 1
YMR275C 2 7
YMR276W 2 111
YMR277W 1 5
YMR278W 5 77
YMR279C 3 90
YMR280C 1 12
YMR281W 2 14
YMR282C 0 0
YMR283C 3 720
YMR284W 7 192
YMR285C 1 209
YMR286W 3 16
YMR287C 1 31
YMR288W 1 28
YMR289W 3 88
YMR290C 3 101
YMR290W-A 0 0
YMR291W 1 114
YMR292W 9 313
YMR293C 8 272
YMR294W 7 132
YMR294W-A 2 3
YMR295C 1 2
YMR296C 1 10
YMR297W 0 0
YMR298W 0 0
YMR299C 1 126
YMR300C 0 0
YMR301C 2 18
YMR302C 3 27
YMR303C 2 40
YMR304W 2 41
YMR304C-A 0 0
YMR305C 0 0
YMR306W 0 0
YMR306C-A 1 1
YMR307W 1 50
YMR307C-A 2 4
YMR308C 1 2
YMR309C 0 0
YMR310C 5 958
YMR311C 4 132
YMR312W 6 29
YMR313C 11 330
YMR314W 4 105
YMR315W 3 181
YMR315W-A 4 259
YMR316W 1 1
YMR316C-A 4 25
YMR316C-B 1 6
YMR317W 1 25
YMR318C 3 228
YMR319C 0 0
YMR320W 5 296
YMR321C 2 13
YMR322C 0 0
YMR323W 0 0
YMR324C 0 0
YMR325W 0 0
YMR326C 15 254
YNL339C 0 0
YNL339W-B 0 0
YNL339W-A 0 0
YNL338W 0 0
YNL337W 10 503
YNL336W 0 0
YNL335W 1 10
YNL334C 6 24
YNL333W 2 4
YNL332W 0 0
YNL331C 1 5
YNL330C 0 0
YNL329C 2 294
YNL328C 7 248
YNL327W 2 21
YNL326C 4 136
YNL325C 2 79
YNL324W 1 71
YNL323W 0 0
YNL322C 5 80
YNL321W 9 368
YNL320W 3 1355
YNL319W 0 0
YNL318C 0 0
YNL317W 4 88
YNL316C 1 12
YNL315C 1 1
YNL314W 0 0
YNL313C 1 1
YNL312W 3 119
YNL311C 4 274
YNL310C 5 123
YNL309W 3 381
YNL308C 2 10
YNL307C 0 0
YNL306W 1 1
YNL305C 2 14
YNL304W 4 568
YNL303W 3 27
YNL302C 0 0
YNL301C 2 11
YNL300W 2 21
YNL299W 0 0
YNL298W 1 264
YNL297C 6 774
YNL296W 0 0
YNL295W 3 58
YNL294C 4 59
YNL293W 3 93
YNL292W 10 101
YNL291C 1 1
YNL290W 7 226
YNL289W 1 31
YNL288W 1 1
YNL287W 4 13
YNL286W 1 33
YNL285W 7 276
YNL284C 6 168
YNL283C 0 0
YNL282W 12 2093
YNL281W 3 59
YNL280C 2 11
YNL279W 2 10
YNL278W 1 34
YNL277W-A 5 89
YNL277W 0 0
YNL276C 0 0
YNL275W 4 28
YNL274C 0 0
YNL273W 0 0
YNL272C 1 2
YNL271C 0 0
YNL270C 5 251
YNL269W 2 3
YNL268W 6 44
YNL267W 1 1
YNL266W 2 11
YNL265C 7 334
YNL264C 2 148
YNL263C 3 23
YNL262W 2 23
YNL261W 1 4
YNL260C 5 37
YNL259C 4 191
YNL258C 1 448
YNL257C 1 8
YNL256W 0 0
YNL255C 6 430
YNL254C 6 119
YNL253W 3 144
YNL252C 3 27
YNL251C 5 127
YNL250W 6 1230
YNL249C 4 61
YNL248C 1 3
YNL247W 7 215
YNL246W 3 138
YNL245C 6 4709
YNL244C 5 38
YNL243W 6 501
YNL242W 0 0
YNL241C 3 205
YNL240C 4 313
YNL239W 4 139
YNL238W 0 0
YNL237W 1 4
YNL236W 2 13
YNL235C 2 51
YNL234W 8 72
YNL233W 1 2
YNL232W 2 24
YNL231C 2 21
YNL230C 2 16
YNL229C 1 23
YNL228W 6 579
YNL227C 1 5
YNL226W 1 79
YNL225C 1 211
YNL224C 0 0
YNL223W 8 236
YNL222W 4 31
YNL221C 2 15
YNL220W 2 13
YNL219C 2 3
YNL218W 3 23
YNL217W 4 321
YNL216W 2 161
YNL215W 3 29
YNL214W 3 30
YNL213C 0 0
YNL212W 2 56
YNL211C 2 20
YNL210W 1 5
YNL209W 5 2638
YNL208W 3 175
YNL207W 1 18
YNL206C 6 154
YNL205C 2 3
YNL204C 3 4
YNL203C 1 66
YNL202W 0 0
YNL201C 0 0
YNL200C 1 2
YNL199C 0 0
YNL198C 0 0
YNL197C 0 0
YNL196C 1 2
YNL195C 0 0
YNL194C 1 24
YNL193W 5 464
YNL192W 4 46
YNL191W 2 10
YNL190W 0 0
YNL189W 0 0
YNL188W 0 0
YNL187W 1 26
YNL186W 2 55
YNL185C 0 0
YNL184C 3 39
YNL183C 2 11
YNL182C 4 8
YNL181W 0 0
YNL180C 5 174
YNL179C 4 452
YNL178W 1 4
YNL177C 6 104
YNL176C 3 23
YNL175C 6 218
YNL174W 1 10
YNL173C 0 0
YNL172W 0 0
YNL171C 0 0
YNL170W 1 12
YNL169C 2 165
YNL168C 0 0
YNL167C 0 0
YNL166C 2 56
YNL165W 1 1
YNL164C 2 11
YNL163C 0 0
YNL162W-A 0 0
YNL162W 4 77
YNL161W 5 53
YNL160W 3 16
YNL159C 6 292
YNL158W 2 40
YNL157W 1 5
YNL156C 4 37
YNL155W 2 13
YNL154C 4 287
YNL153C 10 645
YNL152W 1 46
YNL151C 4 304
YNL150W 4 48
YNL149C 4 102
YNL148C 4 45
YNL147W 2 305
YNL146C-A 1 3
YNL146W 1 5
YNL145W 4 21
YNL144C 2 36
YNL144W-A 0 0
YNL143C 3 24
YNL142W 3 25
YNL141W 0 0
YNL140C 2 66
YNL139C 0 0
YNL138W-A 5 16
YNL138W 3 179
YNL137C 1 3
YNL136W 2 40
YNL135C 3 90
YNL134C 4 54
YNL133C 8 145
YNL132W 2 53
YNL131W 1 1
YNL130C 5 248
YNL130C-A 2 122
YNL129W 2 122
YNL128W 0 0
YNL127W 1 1
YNL126W 3 77
YNL125C 8 118
YNL124W 2 878
YNL123W 7 785
YNL122C 6 108
YNL121C 3 251
YNL120C 0 0
YNL119W 2 15
YNL118C 0 0
YNL117W 1 2
YNL116W 6 307
YNL115C 8 32
YNL114C 0 0
YNL113W 1 43
YNL112W 1 1
YNL111C 1 8
YNL110C 1 51
YNL109W 4 16
YNL108C 0 0
YNL107W 9 455
YNL106C 2 51
YNL105W 2 31
YNL104C 5 1316
YNL103W-A 2 7
YNL103W 3 239
YNL102W 0 0
YNL101W 0 0
YNL100W 7 157
YNL099C 2 60
YNL098C 0 0
YNL097C-B 1 5
YNL097C 1 475
YNL097W-A 4 102
YNL096C 1 3
YNL095C 1 2
YNL094W 1 6
YNL093W 1 10
YNL092W 2 37
YNL091W 0 0
YNL090W 0 0
YNL089C 0 0
YNL088W 3 32
YNL087W 0 0
YNL086W 0 0
YNL085W 0 0
YNL084C 1 5
YNL083W 0 0
YNL082W 3 30
YNL081C 1 77
YNL080C 0 0
YNL079C 14 1919
YNL078W 6 58
YNL077W 0 0
YNL076W 0 0
YNL075W 1 317
YNL074C 8 244
YNL073W 4 122
YNL072W 6 60
YNL071W 1 4
YNL070W 5 105
YNL069C 0 0
YNL068C 4 21
YNL067W-A 3 57
YNL067W-B 6 165
YNL067W 5 175
YNL066W 1 3
YNL065W 1 5
YNL064C 0 0
YNL063W 5 69
YNL062C 0 0
YNL061W 2 62
YNL059C 3 30
YNL058C 2 61
YNL057W 1 6
YNL056W 5 383
YNL055C 8 1041
YNL054W 2 8
YNL053W 0 0
YNL052W 7 1600
YNL051W 2 125
YNL050C 1 8
YNL049C 2 9
YNL048W 5 381
YNL047C 3 36
YNL046W 2 20
YNL045W 7 141
YNL044W 0 0
YNL043C 1 30
YNL042W-B 1 1
YNL042W 0 0
YNL041C 1 1
YNL040W 2 45
YNL039W 0 0
YNL038W 3 52
YNL037C 4 236
YNL036W 3 134
YNL035C 5 356
YNL034W 0 0
YNL033W 0 0
YNL032W 3 72
YNL031C 2 46
YNL030W 2 37
YNL029C 6 174
YNL028W 1 18
YNL027W 0 0
YNL026W 3 15
YNL025C 5 4485
YNL024C-A 1 28
YNL024C 2 52
YNL023C 2 24
YNL022C 2 6
YNL021W 0 0
YNL020C 1 7
YNL019C 0 0
YNL018C 0 0
YNL017C 3 44
YNL016W 1 1
YNL015W 0 0
YNL014W 0 0
YNL013C 1 11
YNL012W 2 33
YNL011C 3 37
YNL010W 2 10
YNL009W 6 92
YNL008C 6 2754
YNL007C 0 0
YNL006W 1 2
YNL005C 1 130
YNL004W 2 103
YNL003C 4 71
YNL002C 4 173
YNL001W 2 17
YNR001C 3 16
YNR001W-A 4 56
YNR002C 9 530
YNR003C 2 103
YNR003W-A 8 1086
YNR004W 5 42
YNR005C 1 19
YNR006W 2 9
YNR007C 3 175
YNR008W 1 13
YNR009W 5 135
YNR010W 3 35
YNR011C 6 257
YNR012W 2 170
YNR013C 2 130
YNR014W 14 1145
YNR015W 7 193
YNR016C 1 12
YNR017W 4 97
YNR018W 5 246
YNR019W 3 280
YNR020C 6 609
YNR021W 5 148
YNR022C 1 146
YNR023W 2 90
YNR024W 0 0
YNR025C 0 0
YNR026C 2 50
YNR027W 6 15
YNR028W 1 64
YNR029C 4 35
YNR030W 1 39
YNR031C 1 1
YNR032W 3 99
YNR032C-A 7 88760
YNR033W 6 115
YNR034W 1 2
YNR034W-A 1 113
YNR035C 6 570
YNR036C 5 108
YNR037C 9 170
YNR038W 3 26
YNR039C 1 2
YNR040W 2 69
YNR041C 0 0
YNR042W 0 0
YNR043W 0 0
YNR044W 1 2
YNR045W 2 4
YNR046W 4 497
YNR047W 5 534
YNR048W 2 10
YNR049C 4 16
YNR050C 1 11
YNR051C 0 0
YNR052C 1 8
YNR053C 1 11
YNR054C 8 37
YNR055C 0 0
YNR056C 2 36
YNR057C 1 2
YNR058W 5 496
YNR059W 0 0
YNR060W 0 0
YNR061C 1 3
YNR062C 2 2
YNR063W 1 4
YNR064C 1 136
YNR065C 2 3
YNR066C 11 216
YNR067C 1 4
YNR068C 1 139
YNR069C 2 11
YNR070W 1 18
YNR071C 0 0
YNR072W 0 0
YNR073C 1 1
YNR074C 1 12
YNR075W 2 812
YNR075C-A 2 14
YNR076W 1 6
YNR077C 5 40
YOL166W-A 8 5532
YOL166C 0 0
YOL165C 0 0
YOL164W-A 2 4
YOL164W 0 0
YOL163W 3 49
YOL162W 3 97
YOL161C 0 0
YOL160W 0 0
YOL159C-A 3 30
YOL159C 5 154
YOL158C 4 78
YOL157C 1 6
YOL156W 0 0
YOL155W-A 0 0
YOL155C 0 0
YOL154W 1 1389
YOL152W 4 123
YOL151W 4 15
YOL150C 6 283
YOL149W 0 0
YOL148C 2 30
YOL147C 0 0
YOL146W 0 0
YOL145C 5 438
YOL144W 2 9
YOL143C 5 40
YOL142W 3 151
YOL141W 3 53
YOL140W 8 391
YOL139C 5 243
YOL138C 3 49
YOL137W 4 30
YOL136C 0 0
YOL135C 5 310
YOL134C 0 0
YOL133W 3 12
YOL132W 2 180
YOL131W 1 9
YOL130W 0 0
YOL129W 6 221
YOL128C 9 353
YOL127W 0 0
YOL126C 5 174
YOL125W 6 102
YOL124C 6 958
YOL123W 0 0
YOL122C 1 4
YOL121C 8 368
YOL120C 0 0
YOL119C 0 0
YOL118C 5 1143
YOL117W 6 185
YOL116W 1 49
YOL115W 1 3
YOL114C 8 158
YOL113W 3 135
YOL112W 3 47
YOL111C 4 11
YOL110W 2 129
YOL109W 4 55
YOL108C 6 119
YOL107W 6 324
YOL106W 2 69
YOL105C 1 2
YOL104C 5 401
YOL103W 1 11
YOL102C 5 60
YOL101C 1 12
YOL100W 1 20
YOL099C 3 44
YOL098C 3 26
YOL097W-A 1 2
YOL097C 2 5
YOL096C 5 65
YOL095C 0 0
YOL094C 0 0
YOL093W 1 43
YOL092W 6 47
YOL091W 1 17
YOL090W 0 0
YOL089C 2 13
YOL088C 0 0
YOL087C 0 0
YOL086W-A 5 77
YOL086C 5 62
YOL085W-A 1 1
YOL085C 7 176
YOL084W 1 6
YOL083W 2 27
YOL083C-A 4 9
YOL082W 1 3
YOL081W 1 4
YOL080C 2 32
YOL079W 0 0
YOL078W 1 5
YOL077W-A 4 236
YOL077C 2 140
YOL076W 1 5
YOL075C 2 109
YOL073C 3 120
YOL072W 1 215
YOL071W 2 41
YOL070C 4 43
YOL069W 1 48
YOL068C 1 1
YOL067C 4 21
YOL066C 0 0
YOL065C 1 27
YOL064C 4 321
YOL063C 2 21
YOL062C 7 2866
YOL061W 5 104
YOL060C 2 30
YOL059W 8 149
YOL058W 9 335
YOL057W 7 133
YOL056W 1 25
YOL055C 0 0
YOL054W 1 8
YOL053W 1 2
YOL052C-A 0 0
YOL052C 4 143
YOL051W 2 96
YOL050C 3 1100
YOL049W 5 3048
YOL048C 4 14
YOL047C 1 17
YOL046C 0 0
YOL045W 2 8
YOL044W 0 0
YOL043C 2 2
YOL042W 2 74
YOL041C 1 2
YOL040C 0 0
YOL039W 3 245
YOL038C-A 1 20
YOL038W 1 11
YOL037C 1 2
YOL036W 1 5
YOL035C 1 8
YOL034W 4 174
YOL033W 1 2
YOL032W 0 0
YOL031C 3 41
YOL030W 2 36
YOL029C 0 0
YOL028C 2 91
YOL027C 1 4
YOL026C 5 18
YOL025W 3 135
YOL024W 4 41
YOL023W 2 44
YOL022C 2 6
YOL021C 6 48
YOL020W 4 26
YOL019W-A 4 53
YOL019W 1 3
YOL018C 4 15
YOL017W 0 0
YOL016C 4 66
YOL015W 0 0
YOL014W 0 0
YOL013W-B 0 0
YOL013W-A 3 16
YOL013C 0 0
YOL012C 0 0
YOL011W 1 2
YOL010W 2 47
YOL009C 3 39
YOL008W 3 33
YOL007C 0 0
YOL006C 3 22
YOL005C 6 198
YOL004W 1 5
YOL003C 10 1372
YOL002C 5 31
YOL001W 2 32
YOR001W 7 193
YOR002W 1 3
YOR003W 2 144
YOR004W 6 88
YOR005C 6 153
YOR006C 1 64
YOR007C 3 28
YOR008C 0 0
YOR008C-A 1 9
YOR008W-B 3 112
YOR009W 0 0
YOR010C 0 0
YOR011W 2 14
YOR011W-A 0 0
YOR012W 0 0
YOR013W 1 8
YOR014W 0 0
YOR015W 1 2
YOR016C 0 0
YOR017W 1 4
YOR018W 0 0
YOR019W 1 2
YOR020C 1 8
YOR020W-A 4 30
YOR021C 5 54
YOR022C 5 19
YOR023C 4 103
YOR024W 6 219
YOR025W 5 79
YOR026W 7 1019
YOR027W 1 2
YOR028C 0 0
YOR029W 3 6
YOR030W 0 0
YOR031W 5 52
YOR032C 4 232
YOR032W-A 3 52
YOR033C 5 117
YOR034C 0 0
YOR034C-A 1 90
YOR035C 4 73
YOR036W 1 8
YOR037W 6 71
YOR038C 5 45
YOR039W 1 3
YOR040W 0 0
YOR041C 5 155
YOR042W 5 145
YOR043W 0 0
YOR044W 1 1
YOR045W 2 26
YOR046C 1 199
YOR047C 0 0
YOR048C 1 1
YOR049C 0 0
YOR050C 3 33
YOR051C 2 35
YOR052C 2 37
YOR053W 3 44
YOR054C 2 21
YOR055W 1 3
YOR056C 2 69
YOR057W 0 0
YOR058C 0 0
YOR059C 3 31
YOR060C 5 97
YOR061W 0 0
YOR062C 0 0
YOR063W 7 681
YOR064C 14 4892
YOR065W 2 2
YOR066W 5 160
YOR067C 1 53
YOR069W 0 0
YOR068C 1 11
YOR070C 2 34
YOR071C 6 85
YOR072W 3 46
YOR072W-A 3 64
YOR072W-B 1 6
YOR073W 0 0
YOR074C 1 14
YOR073W-A 4 139
YOR075W 9 105
YOR076C 7 589
YOR077W 1 37
YOR078W 6 114
YOR079C 2 21
YOR080W 2 6
YOR081C 1 1
YOR082C 4 61
YOR083W 4 301
YOR084W 5 460
YOR085W 2 49
YOR086C 1 18
YOR087W 4 64
YOR089C 0 0
YOR090C 0 0
YOR091W 1 2
YOR092W 0 0
YOR093C 1 1
YOR094W 0 0
YOR095C 5 54
YOR096W 1 2
YOR097C 2 129
YOR098C 3 122
YOR099W 6 421
YOR100C 5 120
YOR101W 0 0
YOR102W 5 380
YOR103C 4 289
YOR104W 1 15
YOR105W 0 0
YOR106W 1 27
YOR107W 1 17
YOR108W 4 43
YOR108C-A 2 30
YOR109W 2 3
YOR110W 1 1
YOR111W 5 26
YOR112W 1 12
YOR113W 0 0
YOR114W 3 17
YOR115C 3 100
YOR116C 0 0
YOR117W 1 27
YOR118W 1 28
YOR119C 5 210
YOR120W 6 416
YOR121C 2 89
YOR122C 8 462
YOR123C 0 0
YOR124C 0 0
YOR125C 1 4
YOR126C 10 6680
YOR127W 1 1
YOR128C 0 0
YOR129C 3 153
YOR130C 0 0
YOR131C 2 5
YOR132W 1 22
YOR133W 2 5
YOR134W 2 7
YOR135C 1 70
YOR136W 1 8
YOR137C 1 33
YOR138C 5 852
YOR139C 0 0
YOR140W 3 23
YOR141C 5 168
YOR142W 0 0
YOR143C 0 0
YOR144C 0 0
YOR145C 4 343
YOR146W 1 1
YOR147W 5 1142
YOR148C 6 432
YOR149C 1 2
YOR150W 2 47
YOR151C 0 0
YOR152C 2 14
YOR153W 1 1
YOR154W 4 873
YOR155C 2 124
YOR156C 1 4
YOR157C 1 1
YOR158W 6 132
YOR159C 5 141
YOR160W 1 15
YOR161C 5 9549
YOR161W-A 2 51
YOR161W-B 2 26
YOR161C-C 6 39
YOR162C 4 64
YOR163W 4 119
YOR164C 4 562
YOR165W 5 265
YOR166C 1 309
YOR167C 2 7
YOR168W 3 28
YOR169C 2 31
YOR170W 1 20
YOR171C 1 24
YOR172W 3 109
YOR173W 3 308
YOR174W 1 30
YOR175C 2 62
YOR176W 3 18
YOR177C 2 16
YOR178C 3 80
YOR179C 4 1477
YOR180C 1 6
YOR181W 3 7
YOR182C 3 37
YOR183W 2 8
YOR184W 0 0
YOR185C 1 2
YOR186W 2 86
YOR186C-A 1 3
YOR187W 3 213
YOR188W 2 458
YOR189W 1 2
YOR190W 2 51
YOR191W 0 0
YOR192C 2 30
YOR192C-C 0 0
YOR193W 1 2
YOR194C 2 2
YOR195W 2 36
YOR196C 9 936
YOR197W 8 242
YOR198C 2 9
YOR199W 3 11
YOR200W 5 381
YOR201C 6 43
YOR202W 2 308
YOR203W 1 2
YOR204W 6 59
YOR205C 8 1570
YOR206W 8 192
YOR207C 3 19
YOR208W 6 167
YOR209C 1 1
YOR210W 3 56
YOR211C 2 18
YOR212W 2 13
YOR213C 2 8
YOR214C 0 0
YOR215C 3 39
YOR216C 2 89
YOR217W 2 32
YOR218C 0 0
YOR219C 2 56
YOR220W 6 1348
YOR221C 3 22
YOR222W 2 3
YOR223W 11 360
YOR224C 0 0
YOR225W 0 0
YOR226C 11 2630
YOR227W 0 0
YOR228C 1 1
YOR229W 4 220
YOR230W 2 51
YOR231W 3 40
YOR231C-A 1 14
YOR232W 1 10
YOR233W 1 22
YOR234C 0 0
YOR235W 0 0
YOR236W 2 37
YOR237W 2 28
YOR238W 2 16
YOR239W 4 33
YOR241W 2 92
YOR242C 1 25
YOR243C 5 224
YOR244W 2 12
YOR245C 8 424
YOR246C 0 0
YOR247W 0 0
YOR248W 1 5
YOR249C 3 7
YOR250C 4 284
YOR251C 11 731
YOR252W 4 52
YOR253W 2 8
YOR254C 3 17
YOR255W 2 20
YOR256C 1 21
YOR257W 3 66
YOR258W 4 16
YOR259C 5 112
YOR260W 3 63
YOR261C 0 0
YOR262W 5 98
YOR263C 0 0
YOR264W 1 4
YOR265W 6 517
YOR266W 1 2
YOR267C 2 31
YOR268C 7 142
YOR269W 5 68
YOR270C 0 0
YOR271C 8 240
YOR272W 0 0
YOR273C 10 331
YOR274W 6 83
YOR275C 12 712
YOR276W 8 639
YOR277C 0 0
YOR278W 3 51
YOR279C 2 28
YOR280C 5 237
YOR281C 3 77
YOR282W 0 0
YOR283W 3 246
YOR284W 4 299
YOR285W 8 756
YOR286W 4 49
YOR287C 2 174
YOR288C 2 54
YOR289W 5 64
YOR290C 0 0
YOR291W 0 0
YOR292C 13 526
YOR293W 2 11
YOR293C-A 1 8
YOR294W 2 80
YOR295W 3 12
YOR296W 0 0
YOR297C 10 3741
YOR298W 1 8
YOR298C-A 2 21
YOR299W 0 0
YOR300W 1 1
YOR301W 1 26
YOR302W 7 153
YOR303W 2 18
YOR304W 1 2
YOR304C-A 1 1
YOR305W 0 0
YOR306C 3 57
YOR307C 3 12
YOR308C 0 0
YOR309C 1 46
YOR310C 2 44
YOR311C 5 24
YOR312C 0 0
YOR313C 1 1
YOR314W 1 2
YOR314W-A 8 626
YOR315W 5 30
YOR316C 1 5
YOR316C-A 10 134
YOR317W 3 62
YOR318C 3 28
YOR319W 2 12
YOR320C 1 13
YOR321W 3 1532
YOR322C 3 20
YOR323C 5 216
YOR324C 2 82
YOR325W 1 54
YOR326W 2 4
YOR327C 3 51
YOR328W 3 32
YOR329C 1 1
YOR329W-A 1 156
YOR330C 7 1573
YOR331C 1 2
YOR332W 1 20
YOR333C 1 2
YOR334W 1 89
YOR335C 1 26
YOR335W-A 0 0
YOR336W 1 51
YOR337W 6 179
YOR338W 1 41
YOR339C 0 0
YOR340C 4 62
YOR341W 0 0
YOR342C 4 186
YOR343C 19 2201
YOR344C 0 0
YOR345C 2 22
YOR346W 1 2
YOR347C 0 0
YOR348C 3 35
YOR349W 9 21663
YOR350C 4 69
YOR351C 0 0
YOR352W 3 39
YOR353C 4 39
YOR354C 12 4493
YOR355W 0 0
YOR356W 3 64
YOR357C 3 17
YOR358W 2 11
YOR359W 1 1
YOR360C 3 175
YOR361C 8 418
YOR362C 2 9
YOR363C 1 4
YOR364W 6 1236
YOR365C 0 0
YOR366W 0 0
YOR367W 6 815
YOR368W 2 39
YOR369C 0 0
YOR370C 0 0
YOR371C 2 73
YOR372C 2 54
YOR373W 3 252
YOR374W 1 39
YOR375C 0 0
YOR376W 0 0
YOR376W-A 1 4
YOR377W 6 231
YOR378W 0 0
YOR379C 7 150
YOR380W 5 42
YOR381W 0 0
YOR381W-A 6 143
YOR382W 2 27
YOR383C 0 0
YOR384W 1 6
YOR385W 6 536
YOR386W 3 58
YOR387C 0 0
YOR388C 1 12
YOR389W 1 134
YOR390W 0 0
YOR391C 1 1
YOR392W 3 56
YOR393W 0 0
YOR394W 0 0
YOR394C-A 0 0
YOR396W 0 0
YOR396C-A 0 0
YPL283C 0 0
YPL283W-B 0 0
YPL283W-A 0 0
YPL282C 0 0
YPL281C 0 0
YPL280W 0 0
YPL279C 5 46
YPL278C 0 0
YPL277C 1 1
YPL274W 2 23
YPL273W 0 0
YPL272C 0 0
YPL271W 8 369
YPL270W 10 591
YPL269W 5 239
YPL268W 8 2124
YPL267W 2 74
YPL266W 0 0
YPL265W 1 11
YPL264C 2 10
YPL263C 3 57
YPL262W 5 16
YPL261C 0 0
YPL260W 0 0
YPL259C 7 73
YPL258C 4 32
YPL257W 1 58
YPL256C 0 0
YPL255W 1 15
YPL254W 1 6
YPL253C 4 85
YPL252C 6 305
YPL251W 1 2
YPL250C 6 71
YPL249C-A 0 0
YPL250W-A 0 0
YPL249C 0 0
YPL248C 3 144
YPL247C 0 0
YPL246C 0 0
YPL245W 5 165
YPL244C 2 89
YPL243W 1 9
YPL242C 2 11
YPL241C 4 177
YPL240C 4 47
YPL239W 3 26
YPL238C 0 0
YPL237W 0 0
YPL236C 3 89
YPL235W 0 0
YPL234C 1 1
YPL233W 5 65
YPL232W 2 37
YPL231W 2 317
YPL230W 1 53
YPL229W 1 2
YPL228W 1 27
YPL227C 0 0
YPL226W 2 30
YPL225W 1 2
YPL224C 5 151
YPL223C 10 3337
YPL222W 7 436
YPL222C-A 1 31
YPL221W 2 14
YPL220W 7 879
YPL219W 2 67
YPL218W 4 105
YPL217C 2 2
YPL216W 0 0
YPL215W 3 14
YPL214C 1 2
YPL213W 6 41
YPL212C 3 297
YPL211W 3 17
YPL210C 1 7
YPL209C 2 68
YPL208W 4 35
YPL207W 1 2
YPL206C 1 2
YPL205C 1 4
YPL204W 0 0
YPL203W 8 205
YPL202C 6 152
YPL201C 5 32
YPL200W 0 0
YPL199C 5 115
YPL198W 5 330
YPL197C 2 25
YPL196W 2 19
YPL195W 8 5048
YPL194W 0 0
YPL193W 0 0
YPL192C 1 9
YPL191C 2 7
YPL190C 1 2
YPL189C-A 1 2
YPL189W 1 99
YPL188W 2 62
YPL187W 3 29
YPL186C 4 480
YPL185W 3 94
YPL184C 0 0
YPL183W-A 3 169
YPL183C 3 203
YPL182C 2 44
YPL181W 2 23
YPL180W 1 3
YPL179W 0 0
YPL178W 3 58
YPL177C 4 35
YPL176C 2 16
YPL175W 3 11
YPL174C 1 2
YPL173W 2 291
YPL172C 0 0
YPL171C 3 16
YPL170W 2 25
YPL169C 3 15
YPL168W 1 12
YPL167C 5 135
YPL166W 3 51
YPL165C 1 2
YPL164C 6 314
YPL163C 1 4
YPL162C 4 62
YPL161C 0 0
YPL160W 1 1
YPL159C 0 0
YPL158C 1 4
YPL157W 6 86
YPL156C 2 13
YPL155C 2 25
YPL154C 1 1
YPL153C 0 0
YPL152W-A 4 78
YPL152W 0 0
YPL151C 5 555
YPL150W 3 11
YPL149W 3 16
YPL148C 3 64
YPL147W 4 110
YPL146C 3 68
YPL145C 0 0
YPL144W 8 1503
YPL143W 0 0
YPL142C 1 15
YPL141C 2 3
YPL140C 1 9
YPL139C 0 0
YPL138C 2 67
YPL137C 2 24
YPL136W 2 5
YPL135W 5 603
YPL135C-A 5 80
YPL134C 3 43
YPL133C 1 1
YPL132W 0 0
YPL131W 2 16
YPL130W 0 0
YPL129W 0 0
YPL128C 0 0
YPL127C 6 75
YPL126W 3 168
YPL125W 0 0
YPL124W 7 121
YPL123C 2 43
YPL122C 5 588
YPL121C 0 0
YPL120W 6 1150
YPL119C-A 0 0
YPL119C 0 0
YPL118W 1 10
YPL117C 2 15
YPL116W 4 72
YPL115C 1 31
YPL114W 8 1234
YPL113C 1 14
YPL112C 1 33
YPL111W 3 452
YPL110C 0 0
YPL109C 2 14
YPL108W 6 40
YPL107W 7 167
YPL106C 0 0
YPL105C 5 381
YPL104W 4 607
YPL103C 2 23
YPL102C 0 0
YPL101W 3 18
YPL100W 0 0
YPL099C 1 6
YPL098C 1 87
YPL097W 2 35
YPL096C-A 3 17
YPL096W 5 26
YPL095C 3 445
YPL094C 10 398
YPL093W 1 14
YPL092W 3 69
YPL091W 3 75
YPL090C 1 2
YPL089C 6 6014
YPL088W 0 0
YPL087W 1 19
YPL086C 1 2
YPL085W 2 53
YPL084W 2 25
YPL083C 1 4
YPL082C 3 18
YPL081W 3 49
YPL080C 7 504
YPL079W 4 209
YPL078C 5 171
YPL077C 7 346
YPL076W 2 16
YPL075W 3 275
YPL074W 3 68
YPL073C 3 53
YPL072W 1 24
YPL071C 0 0
YPL070W 1 1
YPL069C 7 258
YPL068C 4 216
YPL067C 6 30
YPL066W 3 125
YPL065W 3 215
YPL064C 0 0
YPL063W 0 0
YPL062W 22 6853
YPL061W 6 57
YPL060W 3 37
YPL059W 1 12
YPL058C 0 0
YPL057C 2 3
YPL056C 16 8644
YPL055C 5 57
YPL054W 0 0
YPL053C 4 25
YPL052W 5 161
YPL051W 4 190
YPL050C 0 0
YPL049C 4 30
YPL048W 1 276
YPL047W 0 0
YPL046C 4 31
YPL045W 1 4
YPL044C 0 0
YPL043W 2 92
YPL042C 0 0
YPL041C 8 1792
YPL040C 4 47
YPL039W 1 11
YPL038W-A 0 0
YPL038W 5 30
YPL037C 4 11
YPL036W 1 3
YPL035C 1 4
YPL034W 2 19
YPL033C 2 55
YPL032C 1 1
YPL031C 0 0
YPL030W 0 0
YPL029W 2 18
YPL028W 1 37
YPL027W 0 0
YPL026C 1 2
YPL025C 13 459
YPL024W 10 453
YPL023C 0 0
YPL022W 0 0
YPL021W 0 0
YPL020C 0 0
YPL019C 5 1012
YPL018W 2 40
YPL017C 3 8
YPL016W 0 0
YPL015C 7 472
YPL014W 2 15
YPL013C 6 519
YPL012W 1 1
YPL011C 8 301
YPL010W 2 8
YPL009C 1 5
YPL008W 0 0
YPL007C 1 2
YPL006W 3 71
YPL005W 2 41
YPL004C 0 0
YPL003W 4 26
YPL002C 9 249
YPL001W 3 98
YPR001W 4 140
YPR002W 6 52
YPR002C-A 3 35
YPR003C 1 10
YPR004C 0 0
YPR005C 0 0
YPR006C 6 55
YPR007C 0 0
YPR008W 2 123
YPR009W 3 81
YPR010C 0 0
YPR010C-A 11 363
YPR011C 1 11
YPR012W 3 63
YPR013C 3 21
YPR014C 2 4
YPR015C 1 5
YPR016C 0 0
YPR016W-A 1 23
YPR017C 7 1845
YPR018W 0 0
YPR019W 0 0
YPR020W 3 193
YPR021C 0 0
YPR022C 9 364
YPR023C 2 65
YPR024W 2 5
YPR025C 4 110
YPR026W 3 43
YPR027C 0 0
YPR028W 2 12
YPR029C 0 0
YPR030W 2 6
YPR031W 2 18
YPR032W 3 18
YPR033C 2 15
YPR034W 1 15
YPR035W 0 0
YPR036W 4 555
YPR036W-A 4 55
YPR037C 3 48
YPR038W 2 2
YPR039W 7 150
YPR040W 13 1577
YPR041W 2 125
YPR042C 2 5
YPR043W 1 14
YPR044C 2 5
YPR045C 4 21
YPR046W 11 8572
YPR047W 0 0
YPR048W 1 7
YPR049C 2 5
YPR050C 3 979
YPR051W 4 372
YPR052C 5 136
YPR053C 0 0
YPR054W 1 4
YPR055W 2 124
YPR056W 5 731
YPR057W 3 76
YPR058W 2 83
YPR059C 2 17
YPR060C 2 15
YPR061C 5 76
YPR062W 5 303
YPR063C 0 0
YPR064W 5 27
YPR065W 2 55
YPR066W 0 0
YPR067W 5 321
YPR068C 5 1880
YPR069C 2 64
YPR070W 3 252
YPR071W 0 0
YPR072W 0 0
YPR073C 4 93
YPR074C 7 580
YPR074W-A 8 1669
YPR075C 4 281
YPR076W 1 8
YPR077C 0 0
YPR078C 0 0
YPR079W 1 3
YPR080W 1 1
YPR081C 4 63
YPR082C 7 1271
YPR083W 1 10
YPR084W 0 0
YPR085C 1 10
YPR086W 0 0
YPR087W 1 2
YPR088C 0 0
YPR089W 2 856
YPR091C 4 373
YPR092W 2 45
YPR093C 3 337
YPR094W 1 14
YPR095C 0 0
YPR096C 1 39
YPR097W 1 7
YPR098C 6 48
YPR099C 3 16
YPR100W 9 167
YPR101W 2 65
YPR102C 0 0
YPR103W 0 0
YPR104C 0 0
YPR105C 3 165
YPR106W 3 332
YPR107C 1 7
YPR108W 2 2
YPR108W-A 0 0
YPR109W 1 37
YPR110C 2 3
YPR111W 7 129
YPR112C 4 127
YPR113W 1 363
YPR114W 1 2
YPR115W 0 0
YPR116W 2 19
YPR117W 1 31
YPR118W 6 89
YPR119W 0 0
YPR120C 0 0
YPR121W 2 15
YPR122W 1 6
YPR123C 1 60
YPR124W 0 0
YPR125W 0 0
YPR126C 4 167
YPR127W 6 3015
YPR128C 2 7
YPR129W 3 74
YPR130C 4 143
YPR131C 9 360
YPR132W 1 5
YPR133C 0 0
YPR133W-A 3 62
YPR134W 0 0
YPR135W 0 0
YPR136C 1 2
YPR137W 1 45
YPR138C 1 1
YPR139C 0 0
YPR140W 1 2
YPR141C 0 0
YPR142C 0 0
YPR143W 5 259
YPR144C 1 22
YPR145W 7 282
YPR145C-A 4 166
YPR146C 2 84
YPR147C 3 23
YPR148C 4 60
YPR149W 2 23
YPR150W 1 61
YPR151C 15 781
YPR152C 1 12
YPR153W 3 112
YPR154W 4 139
YPR155C 1 1
YPR156C 0 0
YPR157W 1 19
YPR158W 2 6
YPR159W 0 0
YPR159C-A 12 11170
YPR160W 3 329
YPR160W-A 2 5
YPR160C-A 1 3
YPR161C 0 0
YPR162C 0 0
YPR163C 3 42
YPR164W 3 53
YPR165W 0 0
YPR166C 3 405
YPR167C 1 64
YPR168W 1 3
YPR169W 2 15
YPR170C 2 77
YPR169W-A 3 43
YPR170W-B 3 43
YPR170W-A 2 77
YPR171W 2 8
YPR172W 3 48
YPR173C 3 25
YPR174C 1 7
YPR175W 1 7
YPR176C 4 610
YPR177C 2 147
YPR178W 0 0
YPR179C 3 142
YPR180W 3 1133
YPR181C 2 36
YPR182W 2 2
YPR183W 6 424
YPR184W 3 194
YPR185W 1 2
YPR186C 4 18
YPR187W 3 4
YPR188C 8 1486
YPR189W 2 74
YPR190C 5 18
YPR191W 5 105
YPR192W 3 18
YPR193C 2 116
YPR194C 1 31
YPR195C 4 65
YPR196W 6 71
YPR197C 0 0
YPR198W 1 83
YPR199C 3 54
YPR200C 0 0
YPR201W 1 1
YPR202W 0 0
YPR203W 0 0
YPR204W 0 0
YPR204C-A 0 0
