YAL069W 5 27
YAL068W-A 10 134
YAL068C 0 0
YAL067W-A 1 28
YAL067C 9 40
YAL066W 0 0
YAL065C 0 0
YAL064W-B 0 0
YAL064C-A 2 7
YAL064W 1 19
YAL063C-A 0 0
YAL063C 1 5
YAL062W 26 763
YAL061W 1 12
YAL060W 5 28
YAL059C-A 0 0
YAL059W 6 369
YAL058W 0 0
YAL056C-A 12 293
YAL056W 7 92
YAL055W 1 4
YAL054C 3 9
YAL053W 0 0
YAL051W 6 47
YAL049C 1 4
YAL048C 3 8
YAL047W-A 0 0
YAL047C 2 7
YAL046C 10 109
YAL045C 3 7
YAL044W-A 10 109
YAL044C 10 437
YAL043C 1 20
YAL042C-A 3 5
YAL042W 6 27
YAL041W 0 0
YAL040C 0 0
YAL039C 7 358
YAL038W 0 0
YAL037C-B 1 17
YAL037C-A 3 9
YAL037W 0 0
YAL036C 0 0
YAL035W 0 0
YAL034C-B 1 4
YAL034W-A 0 0
YAL034C 12 108
YAL033W 0 0
YAL032C 0 0
YAL031W-A 3 40
YAL031C 6 25
YAL030W 8 600
YAL029C 1 7
YAL028W 0 0
YAL027W 2 4
YAL026C-A 0 0
YAL026C 0 0
YAL025C 0 0
YAL024C 0 0
YAL023C 0 0
YAL022C 3 17
YAL021C 1 4
YAL020C 5 18
YAL019W-A 5 48
YAL019W 4 28
YAL018C 0 0
YAL017W 0 0
YAL016C-B 1 2
YAL016C-A 0 0
YAL016W 0 0
YAL015C 7 52
YAL014C 3 5
YAL013W 1 1
YAL012W 1 6
YAL011W 12 509
YAL010C 2 11
YAL009W 7 49
YAL008W 1 9
YAL007C 4 64
YAL005C 6 121
YAL004W 0 0
YAL003W 0 0
YAL002W 2 5
YAL001C 0 0
YAR002W 7 174
YAR002C-A 9 172
YAR003W 1 1
YAR007C 0 0
YAR008W 0 0
YAR014C 1 6
YAR015W 0 0
YAR018C 0 0
YAR019C 0 0
YAR019W-A 0 0
YAR020C 0 0
YAR023C 0 0
YAR027W 0 0
YAR028W 3 41
YAR029W 1 6
YAR030C 5 37
YAR031W 1 5
YAR033W 0 0
YAR035W 27 726
YAR035C-A 5 256
YAR042W 2 9
YAR047C 0 0
YAR050W 0 0
YAR053W 1 1
YAR060C 0 0
YAR064W 0 0
YAR066W 0 0
YAR068W 0 0
YAR069C 0 0
YAR070C 0 0
YAR071W 0 0
YAR073W 0 0
YAR075W 0 0
YBL113C 0 0
YBL113W-A 0 0
YBL112C 0 0
YBL111C 0 0
YBL109W 0 0
YBL108C-A 0 0
YBL108W 0 0
YBL107W-A 0 0
YBL107C 6 49
YBL106C 1 1
YBL105C 0 0
YBL104C 11 208
YBL103C 0 0
YBL102W 0 0
YBL101C 2 22
YBL100W-C 6 21
YBL100C 1 2
YBL099W 0 0
YBL098W 2 83
YBL097W 0 0
YBL096C 1 1
YBL095W 13 79
YBL094C 2 24
YBL093C 1 15
YBL092W 0 0
YBL091C-A 7 62
YBL091C 1 2
YBL090W 0 0
YBL089W 4 134
YBL088C 1 13
YBL087C 3 23
YBL086C 3 5
YBL085W 0 0
YBL084C 1 3
YBL083C 4 23
YBL082C 7 87
YBL081W 6 20
YBL080C 1 4
YBL079W 1 36
YBL078C 3 7
YBL077W 11 97
YBL076C 0 0
YBL075C 0 0
YBL074C 1 5
YBL073W 2 4
YBL072C 4 13
YBL071C-B 2 3
YBL071W-A 4 46
YBL071C 5 40
YBL070C 3 60
YBL069W 3 21
YBL068W-A 3 8
YBL068W 2 7
YBL067C 0 0
YBL066C 2 3
YBL065W 1 9
YBL064C 2 61
YBL063W 6 34
YBL062W 3 35
YBL061C 2 5
YBL060W 10 208
YBL059C-A 0 0
YBL059W 0 0
YBL058W 4 10
YBL057C 10 100
YBL056W 0 0
YBL055C 12 158
YBL054W 1 13
YBL053W 4 23
YBL052C 0 0
YBL051C 0 0
YBL050W 0 0
YBL049W 3 15
YBL048W 0 0
YBL047C 1 9
YBL046W 4 22
YBL045C 2 9
YBL044W 5 123
YBL043W 3 18
YBL042C 0 0
YBL041W 0 0
YBL040C 0 0
YBL039W-B 1 3
YBL039C 0 0
YBL039C-A 0 0
YBL038W 0 0
YBL037W 2 19
YBL036C 13 480
YBL035C 0 0
YBL034C 0 0
YBL033C 0 0
YBL032W 5 69
YBL031W 2 13
YBL030C 0 0
YBL029C-A 10 68
YBL029W 1 3
YBL028C 9 450
YBL027W 0 0
YBL026W 0 0
YBL025W 0 0
YBL024W 0 0
YBL023C 0 0
YBL022C 1 11
YBL021C 9 276
YBL020W 1 15
YBL019W 5 112
YBL018C 0 0
YBL017C 5 27
YBL016W 3 10
YBL015W 4 32
YBL014C 0 0
YBL013W 6 253
YBL012C 2 12
YBL011W 2 7
YBL010C 2 16
YBL009W 4 20
YBL008W-A 0 0
YBL008W 1 5
YBL007C 4 21
YBL006C 9 81
YBL006W-A 0 0
YBL005W 2 55
YBL004W 0 0
YBL003C 2 21
YBL002W 10 184
YBL001C 3 7
YBR001C 10 366
YBR002C 0 0
YBR003W 0 0
YBR004C 2 14
YBR005W 8 53
YBR006W 1 16
YBR007C 13 38
YBR008C 9 80
YBR009C 3 7
YBR010W 0 0
YBR011C 0 0
YBR012C 0 0
YBR013C 1 20
YBR014C 0 0
YBR015C 0 0
YBR016W 0 0
YBR017C 0 0
YBR018C 8 35
YBR019C 1 1
YBR020W 8 55
YBR021W 0 0
YBR022W 1 1
YBR023C 0 0
YBR024W 2 10
YBR025C 1 16
YBR026C 4 59
YBR027C 0 0
YBR028C 2 48
YBR029C 0 0
YBR030W 2 19
YBR031W 4 38
YBR032W 6 75
YBR033W 3 17
YBR034C 8 125
YBR035C 4 12
YBR036C 8 84
YBR037C 12 70
YBR038W 0 0
YBR039W 0 0
YBR040W 0 0
YBR041W 0 0
YBR042C 0 0
YBR043C 1 7
YBR044C 0 0
YBR045C 0 0
YBR046C 2 15
YBR047W 5 42
YBR048W 1 5
YBR049C 0 0
YBR050C 2 19
YBR051W 0 0
YBR052C 1 4
YBR053C 8 221
YBR054W 0 0
YBR055C 3 29
YBR056W 4 27
YBR056W-A 5 18
YBR056C-B 8 132
YBR057C 2 12
YBR058C 2 24
YBR058C-A 2 6
YBR059C 0 0
YBR060C 3 36
YBR061C 4 19
YBR062C 9 56
YBR063C 1 23
YBR064W 1 10
YBR065C 1 6
YBR066C 0 0
YBR067C 2 2
YBR068C 12 72
YBR069C 4 88
YBR070C 0 0
YBR071W 9 700
YBR072W 3 10
YBR072C-A 2 7
YBR073W 3 247
YBR074W 5 187
YBR076W 0 0
YBR076C-A 15 325
YBR077C 0 0
YBR078W 5 37
YBR079C 0 0
YBR080C 0 0
YBR081C 1 15
YBR082C 4 21
YBR083W 8 53
YBR084W 4 36
YBR084C-A 2 9
YBR085W 0 0
YBR085C-A 8 52
YBR086C 2 7
YBR087W 0 0
YBR088C 0 0
YBR089W 0 0
YBR089C-A 0 0
YBR090C 11 199
YBR091C 0 0
YBR092C 0 0
YBR093C 0 0
YBR094W 0 0
YBR095C 1 7
YBR096W 0 0
YBR097W 0 0
YBR098W 12 204
YBR099C 2 5
YBR101C 0 0
YBR102C 0 0
YBR103W 0 0
YBR103C-A 10 121
YBR104W 0 0
YBR105C 2 6
YBR106W 5 55
YBR107C 7 29
YBR108W 14 1158
YBR109C 0 0
YBR109W-A 2 14
YBR110W 0 0
YBR111C 5 59
YBR111W-A 2 3
YBR112C 0 0
YBR113W 0 0
YBR114W 3 14
YBR115C 2 17
YBR116C 4 24
YBR117C 0 0
YBR118W 0 0
YBR119W 5 52
YBR120C 2 122
YBR121C 0 0
YBR121C-A 0 0
YBR122C 6 66
YBR123C 0 0
YBR124W 0 0
YBR125C 0 0
YBR126C 2 9
YBR126W-A 10 46
YBR126W-B 2 3
YBR127C 0 0
YBR128C 4 27
YBR129C 3 139
YBR130C 1 6
YBR131W 6 44
YBR131C-A 0 0
YBR132C 1 1
YBR133C 1 3
YBR134W 0 0
YBR135W 0 0
YBR136W 1 4
YBR137W 1 5
YBR138C 0 0
YBR139W 5 27
YBR140C 0 0
YBR141C 1 1
YBR141W-A 3 56
YBR142W 0 0
YBR143C 0 0
YBR144C 15 112
YBR145W 3 24
YBR146W 0 0
YBR147W 0 0
YBR148W 3 6
YBR149W 8 47
YBR150C 10 76
YBR151W 1 7
YBR152W 0 0
YBR153W 0 0
YBR154C 0 0
YBR155W 0 0
YBR156C 0 0
YBR157C 2 19
YBR158W 2 11
YBR159W 0 0
YBR160W 0 0
YBR161W 0 0
YBR162C 3 18
YBR162W-A 7 186
YBR163W 1 1
YBR164C 1 11
YBR165W 1 3
YBR166C 0 0
YBR167C 0 0
YBR168W 1 17
YBR169C 0 0
YBR170C 1 3
YBR171W 2 4
YBR172C 0 0
YBR173C 3 22
YBR174C 1 2
YBR175W 10 144
YBR176W 3 15
YBR177C 1 1
YBR178W 0 0
YBR179C 5 26
YBR180W 1 7
YBR181C 2 12
YBR182C 5 51
YBR182C-A 15 375
YBR183W 2 7
YBR184W 2 20
YBR185C 2 19
YBR186W 1 1
YBR187W 3 8
YBR188C 1 12
YBR189W 0 0
YBR190W 7 72
YBR191W 0 0
YBR191W-A 0 0
YBR192W 0 0
YBR193C 0 0
YBR194W 0 0
YBR195C 1 30
YBR196C 0 0
YBR196C-A 3 17
YBR196C-B 8 58
YBR197C 6 111
YBR198C 0 0
YBR199W 2 5
YBR200W 0 0
YBR200W-A 1 12
YBR201W 0 0
YBR201C-A 5 20
YBR202W 0 0
YBR203W 7 61
YBR204C 6 18
YBR205W 1 11
YBR206W 0 0
YBR207W 0 0
YBR208C 0 0
YBR209W 1 6
YBR210W 3 37
YBR211C 0 0
YBR212W 3 18
YBR213W 3 39
YBR214W 2 17
YBR215W 9 391
YBR216C 2 17
YBR217W 2 8
YBR218C 3 11
YBR219C 2 21
YBR220C 4 44
YBR221C 2 25
YBR221W-A 7 75
YBR222C 3 15
YBR223C 1 1
YBR223W-A 4 23
YBR224W 0 0
YBR225W 0 0
YBR226C 1 15
YBR227C 3 66
YBR228W 4 92
YBR229C 3 21
YBR230C 5 34
YBR230W-A 7 50
YBR231C 1 1
YBR232C 1 1
YBR233W 0 0
YBR233W-A 1 1
YBR234C 2 11
YBR235W 1 2
YBR236C 0 0
YBR237W 0 0
YBR238C 4 23
YBR239C 4 22
YBR240C 11 144
YBR241C 2 4
YBR242W 4 38
YBR243C 1 16
YBR244W 0 0
YBR245C 3 25
YBR246W 7 52
YBR247C 0 0
YBR248C 0 0
YBR249C 0 0
YBR250W 0 0
YBR251W 5 42
YBR252W 0 0
YBR253W 0 0
YBR254C 0 0
YBR255W 3 14
YBR255C-A 10 129
YBR256C 4 9
YBR257W 0 0
YBR258C 6 45
YBR259W 3 38
YBR260C 4 10
YBR261C 4 23
YBR262C 4 46
YBR263W 4 50
YBR264C 2 27
YBR265W 0 0
YBR267W 0 0
YBR266C 0 0
YBR268W 5 15
YBR269C 9 29
YBR270C 1 3
YBR271W 6 35
YBR272C 8 159
YBR273C 1 18
YBR274W 0 0
YBR275C 0 0
YBR276C 0 0
YBR277C 2 5
YBR278W 3 22
YBR279W 0 0
YBR280C 2 25
YBR281C 6 364
YBR282W 3 184
YBR283C 1 3
YBR284W 7 313
YBR285W 4 13
YBR286W 2 9
YBR287W 4 31
YBR288C 2 8
YBR289W 0 0
YBR290W 6 70
YBR291C 0 0
YBR292C 1 1
YBR293W 5 14
YBR294W 0 0
YBR295W 4 25
YBR296C 3 55
YBR296C-A 7 26
YBR297W 13 289
YBR298C 5 16
YBR298C-A 2 21
YBR299W 2 21
YBR300C 0 0
YBR301W 0 0
YBR302C 0 0
YCL076W 0 0
YCL073C 0 0
YCL069W 0 0
YCL068C 0 0
YCL067C 0 0
YCL066W 0 0
YCL065W 0 0
YCL064C 5 38
YCL063W 10 226
YCL061C 2 11
YCL059C 0 0
YCL058C 2 11
YCL058W-A 2 5
YCL057C-A 9 216
YCL057W 7 82
YCL056C 4 9
YCL055W 2 32
YCL054W 0 0
YCL052C 2 30
YCL051W 0 0
YCL050C 1 4
YCL049C 4 56
YCL048W-A 1 1
YCL048W 1 1
YCL047C 1 2
YCL045C 2 3
YCL046W 0 0
YCL044C 2 2
YCL043C 0 0
YCL041C 1 8
YCL042W 0 0
YCL040W 2 54
YCL039W 4 11
YCL038C 3 60
YCL037C 3 29
YCL036W 8 67
YCL035C 4 22
YCL034W 10 60
YCL033C 3 12
YCL032W 0 0
YCL031C 0 0
YCL030C 7 104
YCL029C 6 90
YCL028W 9 156
YCL027W 1 10
YCL026C-B 1 4
YCL026C-A 3 64
YCL025C 13 268
YCL023C 1 1
YCL024W 2 10
YCL022C 0 0
YCL021W-A 2 15
YCL018W 5 25
YCL017C 0 0
YCL016C 6 28
YCL014W 1 14
YCL012C 4 37
YCL011C 6 130
YCL010C 9 149
YCL009C 4 23
YCL008C 3 33
YCL007C 3 7
YCL005W-A 0 0
YCL005W 3 63
YCL004W 9 78
YCL002C 9 104
YCL001W 4 40
YCL001W-A 1 22
YCL001W-B 2 5
YCR001W 5 24
YCR002C 2 36
YCR003W 5 46
YCR004C 0 0
YCR005C 12 233
YCR006C 20 460
YCR007C 8 62
YCR008W 0 0
YCR009C 0 0
YCR010C 0 0
YCR011C 1 5
YCR012W 1 1
YCR013C 7 86
YCR014C 1 1
YCR015C 4 63
YCR016W 4 68
YCR017C 7 122
YCR018C 0 0
YCR018C-A 6 62
YCR019W 1 5
YCR020C 0 0
YCR020C-A 15 274
YCR020W-B 4 15
YCR021C 1 1
YCR022C 12 81
YCR023C 3 48
YCR024C 4 15
YCR024C-B 3 14
YCR024C-A 1 1
YCR025C 15 179
YCR026C 6 86
YCR027C 1 9
YCR028C 0 0
YCR028C-A 7 37
YCR030C 0 0
YCR031C 3 14
YCR032W 1 6
YCR033W 0 0
YCR034W 0 0
YCR035C 0 0
YCR036W 5 48
YCR037C 4 366
YCR038C 0 0
YCR038W-A 1 4
YCR039C 0 0
YCR040W 0 0
YCR041W 0 0
YCR042C 0 0
YCR043C 7 65
YCR044C 7 351
YCR045C 1 2
YCR045W-A 0 0
YCR046C 8 478
YCR047C 0 0
YCR047W-A 0 0
YCR049C 7 105
YCR048W 5 44
YCR050C 1 6
YCR051W 2 24
YCR052W 0 0
YCR053W 5 60
YCR054C 0 0
YCR057C 0 0
YCR059C 24 521
YCR060W 14 255
YCR061W 12 124
YCR064C 3 4
YCR063W 7 192
YCR065W 3 14
YCR066W 3 20
YCR067C 0 0
YCR068W 1 2
YCR069W 0 0
YCR071C 3 25
YCR072C 0 0
YCR073C 0 0
YCR073W-A 17 456
YCR075C 6 72
YCR075W-A 3 14
YCR076C 13 135
YCR077C 5 62
YCR079W 5 53
YCR081W 1 1
YCR081C-A 15 217
YCR082W 6 61
YCR083W 3 28
YCR084C 0 0
YCR085W 0 0
YCR086W 2 3
YCR087W 0 0
YCR087C-A 8 169
YCR088W 7 135
YCR089W 1 1
YCR090C 6 17
YCR091W 1 14
YCR092C 1 1
YCR093W 1 2
YCR094W 0 0
YCR095C 0 0
YCR095W-A 2 14
YCR096C 0 0
YCR097W 0 0
YCR097W-A 0 0
YCR098C 0 0
YCR099C 2 5
YCR100C 0 0
YCR101C 1 1
YCR102C 0 0
YCR102W-A 0 0
YCR104W 0 0
YCR105W 1 11
YCR106W 9 58
YCR107W 2 6
YCR108C 8 88
YDL248W 3 81
YDL247W-A 0 0
YDL247W 0 0
YDL246C 0 0
YDL245C 0 0
YDL244W 0 0
YDL243C 2 4
YDL242W 4 84
YDL241W 3 8
YDL240C-A 0 0
YDL240W 2 27
YDL239C 0 0
YDL238C 1 17
YDL237W 6 57
YDL236W 0 0
YDL235C 0 0
YDL234C 3 127
YDL233W 2 3
YDL232W 0 0
YDL231C 0 0
YDL230W 4 45
YDL229W 4 15
YDL228C 3 16
YDL227C 0 0
YDL226C 1 1
YDL225W 5 65
YDL224C 1 4
YDL223C 0 0
YDL222C 1 2
YDL221W 4 23
YDL220C 0 0
YDL219W 6 40
YDL218W 0 0
YDL217C 0 0
YDL216C 3 4
YDL215C 2 65
YDL214C 1 2
YDL213C 5 52
YDL212W 2 27
YDL211C 2 33
YDL210W 1 1
YDL209C 1 4
YDL208W 0 0
YDL207W 0 0
YDL206W 3 10
YDL205C 2 6
YDL204W 1 7
YDL203C 1 11
YDL202W 2 11
YDL201W 1 13
YDL200C 5 7
YDL199C 6 150
YDL198C 1 10
YDL197C 1 9
YDL196W 10 86
YDL195W 0 0
YDL194W 0 0
YDL193W 0 0
YDL192W 0 0
YDL191W 1 2
YDL190C 1 5
YDL189W 1 2
YDL188C 1 15
YDL187C 0 0
YDL186W 1 1
YDL185C-A 0 0
YDL185W 0 0
YDL184C 15 193
YDL183C 3 13
YDL182W 3 9
YDL181W 0 0
YDL180W 0 0
YDL179W 2 22
YDL178W 1 2
YDL177C 2 6
YDL176W 3 23
YDL175C 6 145
YDL174C 12 133
YDL173W 0 0
YDL172C 0 0
YDL171C 2 7
YDL170W 9 148
YDL169C 10 143
YDL168W 5 103
YDL167C 2 8
YDL166C 0 0
YDL165W 0 0
YDL164C 0 0
YDL163W 0 0
YDL162C 2 14
YDL161W 2 4
YDL160C-A 4 24
YDL160C 0 0
YDL159W-A 0 0
YDL159W 8 275
YDL159C-B 0 0
YDL158C 0 0
YDL157C 18 549
YDL156W 3 28
YDL155W 1 17
YDL154W 2 8
YDL153C 0 0
YDL152W 0 0
YDL151C 1 13
YDL150W 0 0
YDL149W 3 13
YDL148C 0 0
YDL147W 0 0
YDL146W 0 0
YDL145C 0 0
YDL144C 9 112
YDL143W 0 0
YDL142C 7 48
YDL141W 1 8
YDL140C 0 0
YDL139C 1 5
YDL138W 3 51
YDL137W 3 30
YDL136W 16 249
YDL135C 2 9
YDL134C 0 0
YDL133C-A 5 39
YDL133W 2 12
YDL132W 0 0
YDL131W 4 24
YDL130W-A 6 25
YDL130W 0 0
YDL129W 2 18
YDL128W 4 8
YDL127W 5 39
YDL126C 0 0
YDL125C 7 68
YDL124W 15 533
YDL123W 15 1692
YDL122W 0 0
YDL121C 4 10
YDL120W 0 0
YDL119C 2 6
YDL118W 2 14
YDL117W 2 29
YDL116W 0 0
YDL115C 1 8
YDL114W-A 0 0
YDL114W 0 0
YDL113C 6 39
YDL112W 1 1
YDL111C 0 0
YDL110C 5 59
YDL109C 3 34
YDL108W 0 0
YDL107W 1 3
YDL106C 4 30
YDL105W 2 45
YDL104C 3 8
YDL103C 2 11
YDL102W 3 29
YDL101C 3 28
YDL100C 8 157
YDL099W 3 21
YDL098C 1 1
YDL097C 2 16
YDL096C 3 25
YDL095W 1 1
YDL094C 1 11
YDL093W 8 70
YDL092W 0 0
YDL091C 0 0
YDL090C 0 0
YDL089W 1 15
YDL088C 6 364
YDL087C 0 0
YDL086W 2 3
YDL086C-A 0 0
YDL085C-A 4 15
YDL085W 3 23
YDL084W 0 0
YDL083C 3 10
YDL082W 2 10
YDL081C 0 0
YDL080C 4 19
YDL079C 8 42
YDL078C 5 111
YDL077C 4 25
YDL076C 2 2
YDL075W 0 0
YDL074C 0 0
YDL073W 6 31
YDL072C 5 44
YDL071C 0 0
YDL070W 5 42
YDL069C 0 0
YDL068W 3 24
YDL067C 5 51
YDL066W 10 104
YDL065C 1 4
YDL064W 2 25
YDL063C 2 6
YDL062W 2 16
YDL061C 0 0
YDL060W 0 0
YDL059C 1 7
YDL058W 2 62
YDL057W 3 34
YDL056W 1 5
YDL055C 0 0
YDL054C 1 4
YDL053C 2 15
YDL052C 3 17
YDL051W 0 0
YDL050C 3 20
YDL049C 4 62
YDL048C 7 102
YDL047W 0 0
YDL046W 0 0
YDL045W-A 3 4
YDL045C 3 12
YDL044C 6 64
YDL043C 0 0
YDL042C 13 265
YDL041W 11 97
YDL040C 2 16
YDL039C 2 3
YDL037C 0 0
YDL036C 5 18
YDL035C 0 0
YDL034W 2 8
YDL033C 0 0
YDL032W 4 40
YDL031W 0 0
YDL030W 0 0
YDL029W 0 0
YDL028C 2 13
YDL027C 0 0
YDL026W 0 0
YDL025C 1 6
YDL025W-A 0 0
YDL024C 2 8
YDL022C-A 1 10
YDL023C 4 85
YDL022W 6 283
YDL021W 6 109
YDL020C 0 0
YDL019C 1 4
YDL018C 1 16
YDL017W 0 0
YDL016C 3 5
YDL015C 0 0
YDL014W 0 0
YDL013W 2 6
YDL012C 23 485
YDL011C 1 2
YDL010W 6 34
YDL009C 2 7
YDL008W 4 20
YDL007C-A 2 3
YDL007W 0 0
YDL006W 0 0
YDL005C 1 1
YDL004W 2 8
YDL003W 0 0
YDL002C 5 7
YDL001W 0 0
YDR001C 1 10
YDR002W 0 0
YDR003W 8 92
YDR003W-A 0 0
YDR004W 6 78
YDR005C 0 0
YDR006C 4 22
YDR007W 8 87
YDR008C 5 41
YDR009W 11 334
YDR010C 6 63
YDR011W 0 0
YDR012W 2 21
YDR013W 1 2
YDR014W 0 0
YDR014W-A 3 36
YDR015C 0 0
YDR016C 0 0
YDR017C 1 2
YDR018C 4 30
YDR019C 5 356
YDR020C 0 0
YDR021W 0 0
YDR022C 13 337
YDR023W 0 0
YDR024W 0 0
YDR025W 3 14
YDR026C 1 4
YDR027C 0 0
YDR028C 0 0
YDR029W 0 0
YDR030C 8 192
YDR031W 3 9
YDR032C 0 0
YDR033W 2 17
YDR034C 2 16
YDR034C-A 0 0
YDR034W-B 0 0
YDR035W 7 76
YDR036C 0 0
YDR037W 0 0
YDR038C 0 0
YDR039C 0 0
YDR040C 0 0
YDR041W 2 28
YDR042C 0 0
YDR043C 0 0
YDR044W 4 10
YDR045C 0 0
YDR046C 4 20
YDR047W 1 8
YDR048C 3 27
YDR049W 8 124
YDR050C 0 0
YDR051C 5 85
YDR052C 0 0
YDR053W 0 0
YDR054C 0 0
YDR055W 2 14
YDR056C 1 11
YDR057W 5 37
YDR058C 13 433
YDR059C 4 118
YDR060W 0 0
YDR061W 0 0
YDR062W 0 0
YDR063W 4 21
YDR064W 0 0
YDR065W 2 3
YDR066C 0 0
YDR067C 5 26
YDR068W 3 10
YDR069C 10 62
YDR070C 2 4
YDR071C 1 3
YDR072C 4 26
YDR073W 5 38
YDR074W 3 7
YDR075W 1 2
YDR076W 1 6
YDR077W 0 0
YDR078C 1 5
YDR079W 1 10
YDR079C-A 5 28
YDR080W 2 12
YDR081C 0 0
YDR082W 0 0
YDR083W 4 22
YDR084C 3 28
YDR085C 0 0
YDR086C 0 0
YDR087C 0 0
YDR088C 0 0
YDR089W 8 48
YDR090C 2 4
YDR091C 2 38
YDR092W 3 35
YDR093W 2 4
YDR094W 31 1027
YDR095C 16 160
YDR096W 0 0
YDR097C 0 0
YDR098C 16 132
YDR099W 2 26
YDR100W 5 39
YDR101C 2 7
YDR102C 1 23
YDR103W 8 68
YDR104C 1 1
YDR105C 1 122
YDR106W 2 271
YDR107C 0 0
YDR108W 1 1
YDR109C 19 361
YDR110W 6 71
YDR111C 7 84
YDR112W 4 13
YDR113C 0 0
YDR114C 0 0
YDR115W 5 75
YDR116C 1 3
YDR117C 0 0
YDR118W 0 0
YDR118W-A 1 1
YDR119W 0 0
YDR119W-A 5 17
YDR120C 3 10
YDR121W 0 0
YDR122W 0 0
YDR123C 1 5
YDR124W 8 66
YDR125C 2 5
YDR126W 5 59
YDR127W 0 0
YDR128W 1 1
YDR129C 0 0
YDR130C 1 39
YDR131C 0 0
YDR132C 3 36
YDR133C 0 0
YDR135C 4 43
YDR136C 0 0
YDR137W 0 0
YDR138W 0 0
YDR139C 3 8
YDR140W 1 41
YDR141C 0 0
YDR142C 3 15
YDR143C 0 0
YDR144C 0 0
YDR145W 0 0
YDR146C 1 9
YDR147W 2 20
YDR148C 6 41
YDR149C 1 12
YDR150W 0 0
YDR151C 4 7
YDR152W 5 37
YDR153C 8 41
YDR154C 3 19
YDR155C 3 49
YDR156W 5 21
YDR157W 7 43
YDR158W 6 56
YDR159W 1 14
YDR160W 1 16
YDR161W 0 0
YDR162C 0 0
YDR163W 0 0
YDR164C 1 1
YDR165W 0 0
YDR166C 1 7
YDR167W 0 0
YDR168W 1 2
YDR169C 3 76
YDR169C-A 7 88
YDR170C 0 0
YDR171W 6 22
YDR172W 1 12
YDR173C 3 3
YDR174W 1 16
YDR175C 2 25
YDR176W 2 8
YDR177W 3 8
YDR178W 2 18
YDR179C 6 65
YDR179W-A 0 0
YDR180W 0 0
YDR181C 1 11
YDR182W 0 0
YDR182W-A 1 1
YDR183W 3 18
YDR183C-A 0 0
YDR184C 3 55
YDR185C 3 40
YDR186C 15 415
YDR187C 1 1
YDR188W 0 0
YDR189W 0 0
YDR190C 0 0
YDR191W 3 21
YDR192C 1 2
YDR193W 0 0
YDR194C 5 136
YDR194W-A 5 136
YDR195W 0 0
YDR196C 4 36
YDR197W 6 42
YDR198C 8 331
YDR199W 5 65
YDR200C 0 0
YDR201W 1 5
YDR202C 9 93
YDR203W 0 0
YDR204W 4 50
YDR205W 9 63
YDR206W 0 0
YDR207C 0 0
YDR208W 0 0
YDR209C 0 0
YDR210W 3 26
YDR211W 0 0
YDR212W 0 0
YDR213W 1 9
YDR214W 2 12
YDR215C 6 23
YDR216W 1 6
YDR217C 7 73
YDR218C 3 11
YDR219C 0 0
YDR220C 0 0
YDR221W 3 36
YDR222W 1 12
YDR223W 0 0
YDR224C 0 0
YDR225W 0 0
YDR226W 0 0
YDR227W 2 14
YDR228C 0 0
YDR229W 1 12
YDR230W 0 0
YDR231C 25 892
YDR232W 1 1
YDR233C 14 151
YDR234W 5 42
YDR235W 0 0
YDR236C 1 3
YDR237W 1 3
YDR238C 0 0
YDR239C 2 38
YDR240C 3 14
YDR241W 0 0
YDR242W 1 11
YDR243C 2 19
YDR244W 3 14
YDR245W 0 0
YDR246W 0 0
YDR246W-A 11 121
YDR247W 0 0
YDR248C 0 0
YDR249C 4 17
YDR250C 3 46
YDR251W 1 9
YDR252W 5 44
YDR253C 0 0
YDR254W 1 7
YDR255C 4 63
YDR256C 3 21
YDR257C 4 11
YDR258C 18 394
YDR259C 1 1
YDR260C 10 85
YDR261C 0 0
YDR262W 3 10
YDR263C 1 5
YDR264C 1 6
YDR265W 5 47
YDR266C 1 1
YDR267C 1 7
YDR268W 5 89
YDR269C 0 0
YDR270W 0 0
YDR271C 2 58
YDR272W 3 24
YDR273W 0 0
YDR274C 9 123
YDR275W 10 321
YDR276C 0 0
YDR277C 3 105
YDR278C 4 18
YDR279W 3 36
YDR280W 0 0
YDR281C 0 0
YDR282C 8 72
YDR283C 1 12
YDR284C 0 0
YDR285W 0 0
YDR286C 5 39
YDR287W 0 0
YDR288W 2 7
YDR289C 0 0
YDR290W 0 0
YDR291W 4 50
YDR292C 0 0
YDR293C 1 5
YDR294C 5 32
YDR295C 0 0
YDR296W 0 0
YDR297W 1 16
YDR298C 3 13
YDR299W 0 0
YDR300C 0 0
YDR301W 1 3
YDR302W 0 0
YDR303C 0 0
YDR304C 3 5
YDR305C 11 149
YDR306C 8 245
YDR307W 3 40
YDR308C 0 0
YDR309C 2 22
YDR310C 0 0
YDR311W 0 0
YDR312W 3 36
YDR313C 6 57
YDR314C 2 6
YDR315C 9 29
YDR316W 5 17
YDR317W 1 2
YDR318W 2 20
YDR319C 2 10
YDR320C 2 7
YDR320C-A 0 0
YDR320W-B 0 0
YDR321W 6 196
YDR322W 7 27
YDR322C-A 6 73
YDR323C 0 0
YDR324C 0 0
YDR325W 2 3
YDR326C 1 6
YDR327W 15 311
YDR328C 0 0
YDR329C 7 44
YDR330W 1 8
YDR331W 1 1
YDR332W 2 9
YDR333C 10 430
YDR334W 0 0
YDR335W 0 0
YDR336W 6 243
YDR337W 2 14
YDR338C 1 4
YDR339C 0 0
YDR340W 4 70
YDR341C 0 0
YDR342C 3 18
YDR343C 0 0
YDR344C 2 3
YDR345C 0 0
YDR346C 0 0
YDR347W 0 0
YDR348C 1 2
YDR349C 2 5
YDR350C 3 35
YDR351W 2 12
YDR352W 4 10
YDR353W 0 0
YDR354W 0 0
YDR354C-A 0 0
YDR355C 0 0
YDR356W 0 0
YDR357C 4 25
YDR358W 6 59
YDR359C 0 0
YDR360W 0 0
YDR361C 0 0
YDR362C 0 0
YDR363W 3 15
YDR363W-A 6 84
YDR364C 0 0
YDR365C 0 0
YDR366C 1 1
YDR367W 1 2
YDR368W 0 0
YDR369C 3 16
YDR370C 3 13
YDR371W 4 40
YDR371C-A 3 15
YDR372C 1 11
YDR373W 0 0
YDR374C 0 0
YDR374W-A 17 702
YDR375C 11 96
YDR376W 0 0
YDR377W 1 1
YDR378C 0 0
YDR379W 5 21
YDR379C-A 9 82
YDR380W 4 12
YDR381W 0 0
YDR381C-A 0 0
YDR382W 0 0
YDR383C 7 229
YDR384C 0 0
YDR385W 9 65
YDR386W 10 68
YDR387C 0 0
YDR388W 3 59
YDR389W 0 0
YDR390C 7 61
YDR391C 3 26
YDR392W 9 61
YDR393W 9 117
YDR394W 0 0
YDR395W 0 0
YDR396W 2 13
YDR397C 1 4
YDR398W 0 0
YDR399W 3 16
YDR400W 1 8
YDR401W 3 13
YDR402C 0 0
YDR403W 0 0
YDR404C 0 0
YDR405W 5 20
YDR406W 17 139
YDR406W-A 0 0
YDR407C 0 0
YDR408C 0 0
YDR409W 6 22
YDR410C 1 11
YDR411C 4 34
YDR412W 0 0
YDR413C 4 29
YDR414C 0 0
YDR415C 2 14
YDR416W 0 0
YDR417C 0 0
YDR418W 1 3
YDR419W 7 17
YDR420W 2 6
YDR421W 1 3
YDR422C 5 64
YDR423C 7 71
YDR424C 6 88
YDR425W 6 61
YDR426C 13 269
YDR427W 2 54
YDR428C 4 29
YDR429C 2 11
YDR430C 1 4
YDR431W 0 0
YDR432W 0 0
YDR433W 1 1
YDR434W 0 0
YDR435C 5 37
YDR436W 0 0
YDR437W 0 0
YDR438W 7 30
YDR439W 2 8
YDR440W 0 0
YDR441C 6 214
YDR442W 6 69
YDR443C 3 14
YDR444W 1 13
YDR445C 1 7
YDR446W 5 22
YDR447C 4 36
YDR448W 0 0
YDR449C 0 0
YDR450W 1 14
YDR451C 5 35
YDR452W 2 14
YDR453C 2 21
YDR454C 0 0
YDR455C 4 9
YDR456W 2 11
YDR457W 2 5
YDR458C 0 0
YDR459C 0 0
YDR460W 0 0
YDR461W 10 58
YDR461C-A 6 41
YDR462W 3 16
YDR463W 13 229
YDR464W 1 1
YDR464C-A 0 0
YDR465C 2 11
YDR466W 3 24
YDR467C 2 13
YDR468C 0 0
YDR469W 0 0
YDR470C 0 0
YDR471W 7 62
YDR472W 0 0
YDR473C 1 6
YDR475C 0 0
YDR476C 28 1619
YDR477W 0 0
YDR478W 1 5
YDR479C 6 44
YDR480W 0 0
YDR481C 5 77
YDR482C 5 59
YDR483W 2 5
YDR484W 0 0
YDR485C 2 15
YDR486C 2 13
YDR487C 0 0
YDR488C 2 8
YDR489W 0 0
YDR490C 2 11
YDR491C 0 0
YDR492W 5 54
YDR493W 3 17
YDR494W 3 12
YDR495C 2 17
YDR496C 0 0
YDR497C 0 0
YDR498C 0 0
YDR499W 2 17
YDR500C 8 60
YDR501W 3 27
YDR502C 4 62
YDR503C 5 19
YDR504C 0 0
YDR505C 2 7
YDR506C 3 34
YDR507C 1 60
YDR508C 4 19
YDR509W 2 7
YDR510W 0 0
YDR510C-A 4 38
YDR511W 1 1
YDR512C 3 11
YDR513W 10 52
YDR514C 2 7
YDR515W 3 28
YDR516C 14 110
YDR517W 2 15
YDR518W 3 40
YDR519W 3 26
YDR520C 1 4
YDR521W 2 4
YDR522C 20 400
YDR523C 0 0
YDR524C 7 79
YDR524W-C 4 54
YDR524C-B 6 58
YDR524C-A 6 18
YDR525W 6 58
YDR525W-A 31 607
YDR526C 0 0
YDR527W 0 0
YDR528W 1 1
YDR529C 3 39
YDR530C 9 92
YDR531W 0 0
YDR532C 2 3
YDR533C 3 9
YDR534C 1 1
YDR535C 16 512
YDR536W 2 7
YDR537C 3 25
YDR538W 0 0
YDR539W 1 4
YDR540C 0 0
YDR541C 3 16
YDR542W 0 0
YDR543C 2 2
YDR544C 0 0
YDR545W 0 0
YDR545C-A 0 0
YEL077C 0 0
YEL077W-A 0 0
YEL076C-A 0 0
YEL076C 0 0
YEL075W-A 0 0
YEL075C 0 0
YEL074W 4 19
YEL073C 0 0
YEL072W 3 27
YEL071W 0 0
YEL070W 0 0
YEL069C 0 0
YEL068C 7 86
YEL067C 9 138
YEL066W 15 554
YEL065W 6 48
YEL064C 1 1
YEL063C 1 5
YEL062W 4 11
YEL061C 0 0
YEL060C 9 77
YEL059C-A 7 73
YEL059W 5 17
YEL058W 1 6
YEL057C 2 4
YEL056W 4 18
YEL055C 0 0
YEL054C 0 0
YEL053W-A 0 0
YEL053C 1 24
YEL052W 3 15
YEL051W 0 0
YEL050W-A 5 111
YEL050C 11 160
YEL049W 1 4
YEL048C 1 3
YEL047C 7 41
YEL046C 0 0
YEL045C 3 28
YEL044W 1 1
YEL043W 1 12
YEL042W 4 24
YEL041W 0 0
YEL040W 9 39
YEL039C 5 24
YEL038W 10 52
YEL037C 1 4
YEL036C 4 17
YEL035C 0 0
YEL034C-A 10 67
YEL034W 0 0
YEL033W 4 4
YEL032W 0 0
YEL032C-A 0 0
YEL031W 8 138
YEL030C-A 0 0
YEL030W 0 0
YEL029C 0 0
YEL028W 3 36
YEL027W 0 0
YEL026W 0 0
YEL025C 19 238
YEL024W 1 2
YEL023C 0 0
YEL022W 0 0
YEL021W 6 58
YEL020C-B 3 8
YEL020W-A 0 0
YEL020C 4 221
YEL019C 0 0
YEL018C-A 1 13
YEL018W 3 11
YEL017C-A 1 2
YEL017W 6 37
YEL016C 1 6
YEL015W 0 0
YEL014C 0 0
YEL013W 0 0
YEL012W 1 1
YEL011W 4 48
YEL010W 2 7
YEL009C-A 0 0
YEL009C 1 3
YEL008W 10 107
YEL008C-A 20 407
YEL007W 5 40
YEL006W 2 7
YEL005C 8 93
YEL004W 6 263
YEL003W 5 23
YEL002C 1 4
YEL001C 7 94
YER001W 3 22
YER002W 1 2
YER003C 1 8
YER004W 10 130
YER005W 3 14
YER006W 0 0
YER006C-A 1 1
YER007W 2 4
YER007C-A 0 0
YER008C 0 0
YER009W 0 0
YER010C 3 5
YER011W 0 0
YER012W 0 0
YER013W 0 0
YER014W 1 71
YER014C-A 1 1
YER015W 5 266
YER016W 1 12
YER017C 4 54
YER018C 0 0
YER019W 5 334
YER019C-A 9 31
YER020W 5 18
YER021W 0 0
YER022W 0 0
YER023W 0 0
YER023C-A 0 0
YER024W 0 0
YER025W 0 0
YER026C 0 0
YER027C 7 45
YER028C 1 7
YER029C 0 0
YER030W 8 115
YER031C 1 3
YER032W 4 15
YER033C 6 62
YER034W 14 411
YER035W 14 430
YER036C 1 2
YER037W 10 94
YER038C 1 2
YER038W-A 1 2
YER039C 4 30
YER039C-A 12 122
YER040W 0 0
YER041W 0 0
YER042W 4 11
YER043C 1 4
YER044C 0 0
YER044C-A 0 0
YER045C 2 39
YER046W 1 1
YER046W-A 0 0
YER047C 0 0
YER048C 4 17
YER048W-A 0 0
YER049W 2 5
YER050C 3 19
YER051W 2 2
YER052C 0 0
YER053C 11 108
YER053C-A 8 127
YER054C 2 71
YER055C 0 0
YER056C 5 16
YER056C-A 1 5
YER057C 2 7
YER058W 11 101
YER059W 2 8
YER060W 0 0
YER060W-A 1 1
YER061C 3 38
YER062C 0 0
YER063W 2 6
YER064C 4 128
YER065C 0 0
YER066W 1 1
YER066C-A 2 9
YER067W 5 53
YER067C-A 4 69
YER068W 0 0
YER068C-A 0 0
YER069W 9 228
YER070W 0 0
YER071C 4 35
YER072W 5 96
YER073W 2 16
YER074W 0 0
YER074W-A 1 6
YER075C 4 12
YER076C 1 1
YER076W-A 0 0
YER077C 3 11
YER078C 0 0
YER078W-A 7 70
YER079W 1 3
YER079C-A 3 19
YER080W 8 106
YER081W 0 0
YER082C 1 34
YER083C 9 51
YER084W 1 1
YER084W-A 1 15
YER085C 1 12
YER086W 0 0
YER087W 3 62
YER087C-A 3 14
YER087C-B 4 19
YER088C 4 22
YER088C-A 2 3
YER088W-B 32 549
YER089C 0 0
YER090W 3 23
YER090C-A 0 0
YER091C 0 0
YER091C-A 3 31
YER092W 6 99
YER093C 0 0
YER093C-A 7 120
YER094C 0 0
YER095W 1 1
YER096W 0 0
YER097W 10 161
YER098W 1 15
YER099C 2 2
YER100W 0 0
YER101C 4 24
YER102W 3 116
YER103W 0 0
YER104W 0 0
YER105C 0 0
YER106W 0 0
YER107C 0 0
YER107W-A 0 0
YER109C 5 56
YER110C 2 11
YER111C 0 0
YER112W 0 0
YER113C 1 7
YER114C 0 0
YER115C 0 0
YER116C 0 0
YER117W 0 0
YER118C 0 0
YER119C 11 132
YER119C-A 1 3
YER120W 7 23
YER121W 3 14
YER122C 1 1
YER123W 2 13
YER124C 0 0
YER125W 0 0
YER126C 0 0
YER127W 0 0
YER128W 4 15
YER129W 0 0
YER130C 4 25
YER131W 6 95
YER132C 0 0
YER133W 0 0
YER133W-A 0 0
YER134C 5 20
YER135C 0 0
YER136W 0 0
YER137C 3 45
YER137W-A 2 2
YER138W-A 0 0
YER139C 1 2
YER140W 4 32
YER141W 1 1
YER142C 2 21
YER143W 2 8
YER144C 12 108
YER145C 0 0
YER145C-A 7 45
YER146W 0 0
YER147C 2 27
YER147C-A 0 0
YER148W 0 0
YER148W-A 0 0
YER149C 5 16
YER150W 2 23
YER151C 0 0
YER152C 3 26
YER152W-A 4 32
YER153C 11 148
YER154W 11 209
YER155C 2 7
YER156C 9 261
YER157W 0 0
YER158C 6 90
YER158W-A 12 225
YER159C 4 37
YER161C 4 90
YER162C 4 13
YER163C 7 316
YER164W 0 0
YER165W 0 0
YER165C-A 3 18
YER166W 0 0
YER167W 6 25
YER168C 0 0
YER169W 2 41
YER170W 4 10
YER171W 0 0
YER172C 0 0
YER172C-A 1 21
YER173W 0 0
YER174C 4 12
YER175C 6 101
YER175W-A 0 0
YER176W 8 125
YER177W 2 17
YER178W 7 83
YER179W 0 0
YER180C 1 5
YER180C-A 7 45
YER181C 0 0
YER182W 3 52
YER183C 6 80
YER184C 6 29
YER185W 2 11
YER186C 1 3
YER187W 5 33
YER188W 3 46
YER188C-A 0 0
YER189W 0 0
YER190W 0 0
YER190C-A 0 0
YER190C-B 0 0
YFL068W 0 0
YFL067W 0 0
YFL066C 0 0
YFL065C 0 0
YFL064C 0 0
YFL063W 1 51
YFL062W 1 2
YFL061W 0 0
YFL060C 0 0
YFL059W 0 0
YFL058W 0 0
YFL057C 0 0
YFL056C 0 0
YFL055W 0 0
YFL054C 0 0
YFL053W 0 0
YFL052W 0 0
YFL051C 4 12
YFL050C 0 0
YFL049W 5 103
YFL048C 7 83
YFL047W 6 143
YFL046W 4 24
YFL045C 0 0
YFL044C 0 0
YFL042C 4 23
YFL041W-A 2 62
YFL041W 8 83
YFL040W 0 0
YFL039C 3 7
YFL038C 0 0
YFL037W 1 8
YFL036W 2 7
YFL034C-B 0 0
YFL034C-A 4 17
YFL034W 0 0
YFL033C 1 4
YFL032W 0 0
YFL031W 0 0
YFL031C-A 0 0
YFL030W 0 0
YFL029C 0 0
YFL028C 5 35
YFL027C 0 0
YFL026W 1 3
YFL025C 0 0
YFL024C 0 0
YFL023W 6 46
YFL022C 0 0
YFL021C-A 1 17
YFL021W 11 182
YFL020C 0 0
YFL019C 0 0
YFL018C 8 101
YFL017W-A 0 0
YFL017C 1 1
YFL016C 5 20
YFL015W-A 13 368
YFL015C 3 36
YFL014W 1 1
YFL013W-A 7 101
YFL013C 4 27
YFL012W-A 0 0
YFL012W 0 0
YFL011W 0 0
YFL010W-A 0 0
YFL010C 2 13
YFL009W 0 0
YFL008W 0 0
YFL007W 1 1
YFL005W 0 0
YFL004W 6 75
YFL003C 0 0
YFL002C 0 0
YFL001W 6 83
YFR001W 1 10
YFR002W 0 0
YFR003C 0 0
YFR004W 0 0
YFR005C 0 0
YFR006W 6 192
YFR007W 4 17
YFR008W 0 0
YFR009W 1 1
YFR009W-A 1 7
YFR010W 2 8
YFR010W-A 3 13
YFR011C 12 193
YFR012W 0 0
YFR012W-A 1 1
YFR013W 3 55
YFR014C 2 12
YFR015C 7 36
YFR016C 0 0
YFR017C 9 69
YFR018C 5 67
YFR019W 5 55
YFR020W 0 0
YFR021W 0 0
YFR022W 2 12
YFR023W 0 0
YFR024C-A 8 203
YFR025C 3 17
YFR026C 1 1
YFR027W 1 7
YFR028C 0 0
YFR029W 13 91
YFR030W 3 21
YFR031C 0 0
YFR031C-A 3 9
YFR032C 6 265
YFR032C-A 2 17
YFR032C-B 1 1
YFR033C 9 301
YFR034C 6 43
YFR034W-A 5 42
YFR035C 11 53
YFR036W 2 22
YFR036W-A 7 86
YFR037C 0 0
YFR038W 5 60
YFR039C 1 3
YFR040W 0 0
YFR041C 1 2
YFR042W 0 0
YFR043C 2 30
YFR044C 4 40
YFR045W 1 12
YFR046C 4 16
YFR047C 4 18
YFR048W 6 24
YFR049W 4 16
YFR050C 0 0
YFR051C 4 42
YFR052W 0 0
YFR052C-A 4 11
YFR053C 3 26
YFR054C 0 0
YFR056C 0 0
YFR055W 2 28
YFR057W 0 0
YGL263W 11 127
YGL262W 0 0
YGL261C 0 0
YGL260W 0 0
YGL259W 1 1
YGL258W-A 0 0
YGL258W 0 0
YGL257C 0 0
YGL256W 1 8
YGL255W 0 0
YGL254W 10 285
YGL253W 3 68
YGL252C 5 48
YGL251C 3 27
YGL250W 2 87
YGL249W 1 2
YGL248W 1 11
YGL247W 0 0
YGL246C 0 0
YGL245W 0 0
YGL244W 0 0
YGL243W 3 12
YGL242C 3 49
YGL241W 12 450
YGL240W 4 25
YGL239C 2 43
YGL238W 0 0
YGL237C 0 0
YGL236C 3 18
YGL235W 3 9
YGL234W 0 0
YGL233W 0 0
YGL232W 1 1
YGL231C 3 9
YGL230C 1 3
YGL229C 0 0
YGL228W 1 4
YGL227W 0 0
YGL226C-A 6 150
YGL226W 6 49
YGL225W 1 5
YGL224C 0 0
YGL223C 1 5
YGL222C 3 14
YGL221C 10 367
YGL220W 10 367
YGL219C 0 0
YGL218W 2 12
YGL217C 2 12
YGL216W 1 1
YGL215W 0 0
YGL214W 2 6
YGL213C 0 0
YGL212W 1 6
YGL211W 6 171
YGL210W 0 0
YGL209W 2 7
YGL208W 4 102
YGL207W 0 0
YGL206C 1 4
YGL205W 1 2
YGL204C 2 15
YGL203C 2 20
YGL202W 4 65
YGL201C 0 0
YGL200C 0 0
YGL199C 0 0
YGL198W 4 14
YGL197W 1 3
YGL196W 0 0
YGL195W 1 1
YGL194C-A 2 2
YGL194C 3 54
YGL193C 1 5
YGL192W 1 5
YGL191W 4 34
YGL190C 2 5
YGL189C 0 0
YGL188C-A 0 0
YGL188C 7 71
YGL187C 2 3
YGL186C 1 2
YGL185C 7 37
YGL184C 3 3
YGL183C 1 2
YGL182C 9 159
YGL181W 0 0
YGL180W 1 4
YGL179C 2 6
YGL178W 0 0
YGL177W 13 354
YGL176C 0 0
YGL175C 2 6
YGL174W 1 15
YGL173C 0 0
YGL172W 1 19
YGL171W 0 0
YGL170C 2 27
YGL169W 0 0
YGL168W 3 4
YGL167C 0 0
YGL166W 8 111
YGL165C 0 0
YGL164C 4 82
YGL163C 2 51
YGL162W 5 33
YGL161C 4 8
YGL160W 1 1
YGL159W 0 0
YGL158W 1 4
YGL157W 3 15
YGL156W 0 0
YGL155W 0 0
YGL154C 9 61
YGL153W 4 23
YGL152C 3 13
YGL151W 3 19
YGL150C 0 0
YGL149W 0 0
YGL148W 0 0
YGL147C 3 20
YGL146C 0 0
YGL145W 0 0
YGL144C 2 16
YGL143C 6 187
YGL142C 1 2
YGL141W 0 0
YGL140C 1 12
YGL139W 0 0
YGL138C 0 0
YGL137W 0 0
YGL136C 11 43
YGL135W 0 0
YGL134W 13 182
YGL133W 0 0
YGL132W 0 0
YGL131C 1 1
YGL130W 1 4
YGL129C 6 55
YGL128C 0 0
YGL127C 1 1
YGL126W 0 0
YGL125W 3 7
YGL124C 1 7
YGL123W 0 0
YGL123C-A 0 0
YGL122C 0 0
YGL121C 8 94
YGL120C 0 0
YGL119W 0 0
YGL118C 1 15
YGL117W 2 19
YGL116W 0 0
YGL115W 2 4
YGL114W 6 53
YGL113W 2 2
YGL112C 0 0
YGL111W 0 0
YGL110C 3 16
YGL109W 3 16
YGL108C 5 76
YGL107C 3 10
YGL106W 1 1
YGL105W 0 0
YGL104C 4 40
YGL103W 0 0
YGL102C 7 57
YGL101W 5 36
YGL100W 6 128
YGL099W 0 0
YGL098W 0 0
YGL097W 3 4
YGL096W 0 0
YGL095C 0 0
YGL094C 4 14
YGL093W 2 41
YGL092W 0 0
YGL091C 0 0
YGL090W 2 10
YGL089C 2 18
YGL088W 23 550
YGL087C 2 31
YGL086W 4 17
YGL085W 1 1
YGL084C 4 14
YGL083W 1 8
YGL082W 2 23
YGL081W 1 4
YGL080W 0 0
YGL079W 6 74
YGL078C 2 4
YGL077C 1 1
YGL076C 1 7
YGL075C 0 0
YGL074C 2 18
YGL073W 1 1
YGL072C 3 19
YGL071W 1 3
YGL070C 0 0
YGL069C 0 0
YGL068W 2 6
YGL067W 0 0
YGL066W 2 22
YGL065C 1 1
YGL064C 5 51
YGL063W 12 353
YGL063C-A 14 225
YGL062W 19 739
YGL061C 0 0
YGL060W 0 0
YGL059W 14 278
YGL058W 2 2
YGL057C 14 287
YGL056C 3 31
YGL055W 2 9
YGL054C 3 13
YGL053W 0 0
YGL052W 0 0
YGL051W 0 0
YGL050W 14 889
YGL049C 0 0
YGL048C 0 0
YGL047W 0 0
YGL045W 4 18
YGL044C 0 0
YGL043W 7 165
YGL042C 0 0
YGL041C-B 4 10
YGL041W-A 5 43
YGL041C 4 31
YGL040C 0 0
YGL039W 2 10
YGL038C 0 0
YGL037C 0 0
YGL036W 4 19
YGL035C 0 0
YGL034C 8 119
YGL033W 0 0
YGL032C 0 0
YGL031C 1 2
YGL030W 0 0
YGL029W 0 0
YGL028C 0 0
YGL027C 5 79
YGL026C 12 133
YGL025C 1 1
YGL024W 0 0
YGL023C 3 20
YGL022W 0 0
YGL021W 5 26
YGL020C 2 78
YGL019W 0 0
YGL018C 1 7
YGL017W 3 19
YGL016W 0 0
YGL015C 1 8
YGL014W 0 0
YGL014C-A 1 5
YGL013C 3 20
YGL012W 1 13
YGL011C 0 0
YGL010W 0 0
YGL009C 0 0
YGL008C 0 0
YGL007C-A 3 29
YGL007W 3 9
YGL006W-A 10 314
YGL006W 6 64
YGL005C 4 90
YGL004C 7 74
YGL003C 2 28
YGL002W 1 221
YGL001C 0 0
YGR001C 4 31
YGR002C 2 3
YGR003W 11 111
YGR004W 3 18
YGR005C 0 0
YGR006W 1 6
YGR007W 11 246
YGR008C 6 22
YGR009C 0 0
YGR010W 0 0
YGR011W 4 7
YGR012W 10 179
YGR013W 3 18
YGR014W 1 1
YGR015C 18 391
YGR016W 17 274
YGR017W 0 0
YGR018C 7 130
YGR019W 1 4
YGR020C 0 0
YGR021W 12 507
YGR022C 0 0
YGR023W 9 22
YGR024C 1 6
YGR025W 1 2
YGR026W 7 51
YGR027C 2 21
YGR028W 3 50
YGR029W 2 9
YGR030C 1 1
YGR031W 6 27
YGR031C-A 19 632
YGR032W 3 4
YGR033C 0 0
YGR034W 5 16
YGR035C 3 9
YGR035W-A 8 136
YGR036C 1 4
YGR037C 6 26
YGR038W 3 29
YGR039W 4 30
YGR040W 1 1
YGR041W 0 0
YGR042W 13 67
YGR043C 3 7
YGR044C 1 1
YGR045C 15 104
YGR046W 0 0
YGR047C 0 0
YGR048W 0 0
YGR049W 0 0
YGR050C 15 167
YGR051C 8 51
YGR052W 14 304
YGR053C 6 67
YGR054W 6 25
YGR055W 5 18
YGR056W 6 16
YGR057C 2 6
YGR058W 10 163
YGR059W 0 0
YGR060W 0 0
YGR061C 0 0
YGR062C 3 8
YGR063C 0 0
YGR064W 1 20
YGR065C 3 26
YGR066C 2 38
YGR067C 5 77
YGR068C 5 78
YGR068W-A 3 14
YGR069W 1 1
YGR070W 0 0
YGR071C 6 45
YGR072W 2 8
YGR073C 0 0
YGR074W 0 0
YGR075C 0 0
YGR076C 3 7
YGR077C 3 25
YGR078C 4 88
YGR079W 14 244
YGR080W 8 137
YGR081C 5 83
YGR082W 0 0
YGR083C 0 0
YGR084C 5 565
YGR085C 0 0
YGR086C 3 31
YGR087C 1 1
YGR088W 5 21
YGR089W 0 0
YGR090W 1 15
YGR091W 0 0
YGR092W 1 7
YGR093W 1 17
YGR094W 0 0
YGR095C 0 0
YGR096W 1 7
YGR097W 0 0
YGR098C 0 0
YGR099W 0 0
YGR100W 0 0
YGR101W 3 24
YGR102C 8 89
YGR103W 0 0
YGR104C 0 0
YGR105W 2 3
YGR106C 1 5
YGR107W 6 76
YGR108W 1 10
YGR109C 0 0
YGR110W 0 0
YGR111W 6 53
YGR112W 2 5
YGR113W 0 0
YGR114C 0 0
YGR115C 1 10
YGR116W 0 0
YGR117C 4 24
YGR118W 4 19
YGR119C 0 0
YGR120C 0 0
YGR121C 1 2
YGR121W-A 7 70
YGR122W 4 67
YGR122C-A 1 5
YGR123C 1 10
YGR124W 7 35
YGR125W 2 7
YGR126W 0 0
YGR127W 4 29
YGR128C 0 0
YGR129W 0 0
YGR130C 3 22
YGR131W 2 9
YGR132C 3 42
YGR133W 24 708
YGR134W 5 31
YGR135W 0 0
YGR136W 6 44
YGR137W 0 0
YGR138C 2 12
YGR139W 2 12
YGR140W 0 0
YGR141W 6 76
YGR142W 2 22
YGR143W 0 0
YGR144W 0 0
YGR145W 0 0
YGR146C 0 0
YGR146C-A 15 209
YGR147C 2 11
YGR148C 8 56
YGR149W 4 56
YGR150C 9 149
YGR151C 0 0
YGR152C 2 7
YGR153W 3 5
YGR154C 3 25
YGR155W 0 0
YGR156W 0 0
YGR157W 5 37
YGR158C 0 0
YGR159C 1 1
YGR160W 2 8
YGR161C 6 75
YGR161W-C 25 835
YGR162W 0 0
YGR163W 2 14
YGR164W 2 2
YGR165W 3 20
YGR166W 0 0
YGR167W 0 0
YGR168C 9 33
YGR169C 2 3
YGR169C-A 3 17
YGR170W 4 41
YGR171C 4 12
YGR172C 0 0
YGR173W 0 0
YGR174C 5 142
YGR174W-A 0 0
YGR175C 1 2
YGR176W 8 115
YGR177C 4 22
YGR178C 0 0
YGR179C 1 4
YGR180C 2 24
YGR181W 2 13
YGR182C 1 1
YGR183C 7 99
YGR184C 4 13
YGR185C 0 0
YGR186W 0 0
YGR187C 1 9
YGR188C 5 132
YGR189C 0 0
YGR190C 3 5
YGR191W 3 22
YGR192C 1 3
YGR193C 0 0
YGR194C 9 82
YGR195W 0 0
YGR196C 5 47
YGR197C 1 1
YGR198W 0 0
YGR199W 0 0
YGR200C 3 14
YGR201C 8 59
YGR202C 2 6
YGR203W 23 780
YGR204W 3 14
YGR204C-A 0 0
YGR205W 0 0
YGR206W 3 17
YGR207C 5 6
YGR208W 3 31
YGR209C 3 12
YGR210C 0 0
YGR211W 0 0
YGR212W 15 317
YGR213C 6 35
YGR214W 2 9
YGR215W 0 0
YGR216C 0 0
YGR217W 1 3
YGR218W 0 0
YGR219W 1 1
YGR220C 4 65
YGR221C 2 16
YGR222W 10 277
YGR223C 7 89
YGR224W 6 447
YGR225W 0 0
YGR226C 3 5
YGR227W 0 0
YGR228W 1 9
YGR229C 1 9
YGR230W 5 41
YGR231C 1 2
YGR232W 3 7
YGR233C 0 0
YGR234W 4 193
YGR235C 1 1
YGR236C 2 6
YGR237C 0 0
YGR238C 3 15
YGR239C 0 0
YGR240C 0 0
YGR240C-A 3 26
YGR241C 0 0
YGR242W 0 0
YGR243W 0 0
YGR244C 2 5
YGR245C 0 0
YGR246C 1 6
YGR247W 4 34
YGR248W 1 1
YGR249W 5 13
YGR250C 1 3
YGR251W 0 0
YGR252W 0 0
YGR253C 0 0
YGR254W 5 18
YGR255C 2 6
YGR256W 5 56
YGR257C 5 39
YGR258C 3 21
YGR259C 2 38
YGR260W 10 88
YGR261C 0 0
YGR262C 0 0
YGR263C 1 6
YGR264C 0 0
YGR265W 0 0
YGR266W 3 21
YGR267C 0 0
YGR268C 8 102
YGR269W 6 32
YGR270W 1 2
YGR270C-A 1 15
YGR271W 11 110
YGR271C-A 0 0
YGR273C 0 0
YGR274C 0 0
YGR275W 0 0
YGR276C 6 28
YGR277C 0 0
YGR278W 0 0
YGR279C 0 0
YGR280C 1 1
YGR281W 3 13
YGR282C 0 0
YGR283C 7 233
YGR284C 6 28
YGR285C 3 24
YGR286C 2 3
YGR287C 4 36
YGR288W 6 80
YGR289C 0 0
YGR290W 0 0
YGR291C 0 0
YGR292W 0 0
YGR293C 1 5
YGR294W 0 0
YGR295C 5 11
YGR296W 0 0
YGR296C-A 0 0
YGR296C-B 0 0
YHL050C 0 0
YHL050W-A 0 0
YHL049C 0 0
YHL048C-A 2 19
YHL048W 2 2
YHL047C 0 0
YHL046W-A 0 0
YHL046C 0 0
YHL045W 0 0
YHL044W 4 23
YHL043W 7 129
YHL042W 1 5
YHL041W 3 41
YHL040C 10 66
YHL039W 7 66
YHL038C 5 53
YHL037C 3 12
YHL036W 3 15
YHL035C 9 55
YHL034W-A 10 173
YHL034C 0 0
YHL033C 1 5
YHL032C 8 45
YHL031C 0 0
YHL030W-A 2 46
YHL030W 10 99
YHL029C 5 131
YHL028W 2 43
YHL027W 4 9
YHL026C 15 212
YHL025W 6 58
YHL024W 2 30
YHL023C 6 117
YHL022C 1 12
YHL021C 2 10
YHL020C 2 10
YHL019W-A 14 576
YHL019C 5 12
YHL018W 11 125
YHL017W 2 23
YHL016C 1 1
YHL015W-A 2 2
YHL015W 0 0
YHL014C 6 181
YHL013C 7 106
YHL012W 0 0
YHL011C 0 0
YHL010C 1 2
YHL009C 0 0
YHL008C 0 0
YHL007C 7 61
YHL006W-A 5 33
YHL006C 6 35
YHL005C 3 22
YHL004W 3 49
YHL003C 3 8
YHL002C-A 1 9
YHL002W 9 68
YHL001W 7 284
YHR001W 0 0
YHR001W-A 6 62
YHR002W 3 12
YHR003C 10 75
YHR004C 6 74
YHR005C 0 0
YHR005C-A 0 0
YHR006W 2 6
YHR007C 0 0
YHR007C-A 19 519
YHR008C 4 38
YHR009C 2 32
YHR010W 0 0
YHR011W 0 0
YHR012W 0 0
YHR013C 9 131
YHR014W 0 0
YHR015W 2 6
YHR016C 4 27
YHR017W 10 121
YHR018C 3 48
YHR019C 0 0
YHR020W 0 0
YHR021C 0 0
YHR021W-A 19 243
YHR022C 1 2
YHR022C-A 13 224
YHR023W 1 9
YHR024C 1 1
YHR025W 1 2
YHR026W 0 0
YHR027C 0 0
YHR028C 5 12
YHR028W-A 4 87
YHR029C 0 0
YHR030C 5 176
YHR031C 13 105
YHR032W 1 8
YHR032W-A 18 383
YHR032C-A 27 504
YHR033W 15 301
YHR034C 8 51
YHR035W 2 23
YHR036W 1 6
YHR037W 1 8
YHR038W 3 15
YHR039C 0 0
YHR039C-A 0 0
YHR040W 2 9
YHR041C 7 57
YHR042W 5 35
YHR043C 7 57
YHR044C 2 19
YHR045W 0 0
YHR046C 0 0
YHR047C 0 0
YHR048W 14 167
YHR049W 5 112
YHR049C-A 2 32
YHR050W 2 32
YHR050W-A 10 122
YHR051W 2 14
YHR052W 0 0
YHR052W-A 0 0
YHR053C 0 0
YHR054C 0 0
YHR054W-A 0 0
YHR055C 0 0
YHR056C 5 26
YHR056W-A 2 12
YHR057C 7 737
YHR058C 1 6
YHR059W 0 0
YHR060W 2 13
YHR061C 1 8
YHR062C 0 0
YHR063C 8 61
YHR063W-A 1 11
YHR064C 3 13
YHR065C 0 0
YHR066W 2 9
YHR067W 8 62
YHR068W 0 0
YHR069C 0 0
YHR069C-A 0 0
YHR070W 1 2
YHR070C-A 7 47
YHR071W 1 5
YHR071C-A 1 6
YHR072W 0 0
YHR072W-A 0 0
YHR073W 1 1
YHR073W-A 1 6
YHR073C-B 0 0
YHR074W 0 0
YHR075C 0 0
YHR076W 1 1
YHR077C 3 44
YHR078W 2 9
YHR079C 1 7
YHR079C-A 0 0
YHR080C 5 142
YHR081W 4 25
YHR082C 0 0
YHR083W 4 51
YHR084W 0 0
YHR085W 0 0
YHR086W 6 50
YHR086W-A 8 49
YHR087W 0 0
YHR088W 1 6
YHR089C 0 0
YHR090C 1 12
YHR091C 5 52
YHR092C 1 5
YHR093W 2 24
YHR094C 3 11
YHR095W 0 0
YHR096C 1 2
YHR097C 1 8
YHR098C 3 20
YHR099W 2 8
YHR100C 4 19
YHR101C 1 4
YHR102W 0 0
YHR103W 1 6
YHR104W 1 2
YHR105W 1 5
YHR106W 0 0
YHR107C 0 0
YHR108W 2 2
YHR109W 4 16
YHR110W 9 99
YHR111W 0 0
YHR112C 1 2
YHR113W 6 50
YHR114W 2 4
YHR115C 0 0
YHR116W 4 119
YHR117W 2 6
YHR118C 0 0
YHR119W 0 0
YHR120W 1 10
YHR121W 4 38
YHR122W 1 11
YHR123W 4 41
YHR124W 1 5
YHR125W 2 8
YHR126C 0 0
YHR127W 5 899
YHR128W 0 0
YHR129C 0 0
YHR130C 1 14
YHR131C 4 30
YHR131W-A 1 2
YHR132C 4 17
YHR132W-A 5 81
YHR133C 4 39
YHR134W 4 36
YHR135C 3 29
YHR136C 16 106
YHR137W 3 10
YHR137C-A 0 0
YHR138C 6 15
YHR139C 3 23
YHR139C-A 13 225
YHR140W 4 31
YHR141C 1 1
YHR142W 3 72
YHR143W 0 0
YHR143W-A 0 0
YHR144C 10 436
YHR145C 0 0
YHR146W 7 147
YHR147C 3 9
YHR148W 0 0
YHR149C 3 21
YHR150W 7 61
YHR151C 4 50
YHR152W 6 52
YHR153C 1 12
YHR154W 3 38
YHR155W 0 0
YHR156C 1 7
YHR157W 3 17
YHR158C 1 17
YHR159W 1 3
YHR160C 1 1
YHR161C 4 16
YHR162W 0 0
YHR163W 5 47
YHR164C 2 10
YHR165C 0 0
YHR165W-A 0 0
YHR166C 0 0
YHR167W 1 21
YHR168W 5 69
YHR169W 3 29
YHR170W 0 0
YHR171W 7 54
YHR172W 3 40
YHR173C 9 45
YHR174W 2 10
YHR175W 11 437
YHR175W-A 1 1
YHR176W 0 0
YHR177W 3 8
YHR178W 1 1
YHR179W 0 0
YHR180W 1 1
YHR180W-A 0 0
YHR180C-B 7 25
YHR181W 7 26
YHR182W 0 0
YHR182C-A 0 0
YHR183W 1 29
YHR184W 0 0
YHR185C 0 0
YHR186C 0 0
YHR187W 1 2
YHR188C 1 5
YHR189W 8 71
YHR190W 0 0
YHR191C 3 33
YHR192W 3 11
YHR193C 6 50
YHR193C-A 3 5
YHR194W 0 0
YHR195W 3 7
YHR196W 1 3
YHR197W 0 0
YHR198C 8 42
YHR199C 8 152
YHR199C-A 9 55
YHR200W 5 64
YHR201C 5 118
YHR202W 2 5
YHR203C 1 14
YHR204W 4 22
YHR205W 0 0
YHR206W 0 0
YHR207C 7 46
YHR208W 1 2
YHR209W 1 9
YHR210C 0 0
YHR211W 1 3
YHR212C 0 0
YHR212W-A 0 0
YHR213W 0 0
YHR213W-A 5 22
YHR213W-B 0 0
YHR214W 0 0
YHR214W-A 0 0
YHR214C-D 1 10
YHR214C-E 0 0
YHR215W 0 0
YHR216W 0 0
YHR217C 0 0
YHR218W 0 0
YHR218W-A 0 0
YHR219W 0 0
YHR219C-A 0 0
YIL177C 0 0
YIL177W-A 0 0
YIL176C 0 0
YIL173W 0 0
YIL172C 1 27
YIL171W-A 0 0
YIL169C 3 25
YIL166C 0 0
YIL165C 2 23
YIL164C 4 21
YIL163C 1 1
YIL162W 1 2
YIL161W 0 0
YIL160C 4 51
YIL159W 11 148
YIL158W 3 27
YIL157C 7 68
YIL156W-A 4 55
YIL156W-B 4 52
YIL156W 4 40
YIL155C 6 63
YIL154C 2 7
YIL153W 1 2
YIL152W 2 7
YIL151C 3 70
YIL150C 0 0
YIL149C 0 0
YIL148W 0 0
YIL147C 1 7
YIL146C 1 19
YIL145C 3 11
YIL144W 0 0
YIL143C 0 0
YIL142C-A 0 0
YIL142W 0 0
YIL141W 2 15
YIL140W 0 0
YIL139C 0 0
YIL138C 7 70
YIL137C 6 34
YIL136W 9 46
YIL135C 2 16
YIL134C-A 3 38
YIL134W 1 3
YIL133C 0 0
YIL132C 1 16
YIL131C 4 45
YIL130W 2 23
YIL129C 0 0
YIL128W 1 9
YIL127C 0 0
YIL126W 0 0
YIL125W 0 0
YIL124W 4 50
YIL123W 1 9
YIL122W 0 0
YIL121W 0 0
YIL120W 1 2
YIL119C 0 0
YIL118W 1 11
YIL117C 0 0
YIL116W 4 52
YIL115W-A 1 1
YIL115C 0 0
YIL114C 3 5
YIL113W 3 6
YIL112W 5 47
YIL111W 0 0
YIL110W 1 4
YIL109C 0 0
YIL108W 8 71
YIL107C 0 0
YIL106W 0 0
YIL105C 3 141
YIL105W-A 1 3
YIL104C 2 11
YIL103W 4 47
YIL102C-A 0 0
YIL102C 4 71
YIL101C 2 33
YIL100C-A 7 116
YIL100W 3 39
YIL099W 5 99
YIL098C 11 68
YIL097W 4 31
YIL096C 1 1
YIL095W 1 7
YIL094C 3 48
YIL093C 3 6
YIL092W 2 8
YIL091C 0 0
YIL090W 2 8
YIL089W 1 2
YIL088C 2 5
YIL087C 0 0
YIL086C 3 17
YIL085C 9 326
YIL084C 0 0
YIL083C 0 0
YIL082W 0 0
YIL079C 3 12
YIL078W 0 0
YIL077C 9 167
YIL076W 14 99
YIL075C 0 0
YIL074C 0 0
YIL073C 1 1
YIL072W 0 0
YIL071W-A 0 0
YIL071C 4 104
YIL070C 4 34
YIL069C 2 18
YIL068W-A 1 1
YIL068C 0 0
YIL067C 0 0
YIL066W-A 0 0
YIL066C 1 7
YIL065C 14 127
YIL064W 12 112
YIL063C 2 16
YIL062C 0 0
YIL061C 0 0
YIL060W 0 0
YIL059C 3 13
YIL058W 1 2
YIL057C 10 101
YIL056W 8 96
YIL055C 0 0
YIL054W 6 63
YIL053W 0 0
YIL052C 0 0
YIL051C 7 34
YIL050W 2 2
YIL049W 3 24
YIL048W 0 0
YIL047C-A 0 0
YIL047C 4 101
YIL046W-A 16 195
YIL046W 1 3
YIL045W 0 0
YIL044C 6 30
YIL043C 4 24
YIL042C 2 32
YIL041W 8 297
YIL040W 0 0
YIL039W 0 0
YIL038C 1 2
YIL037C 0 0
YIL036W 4 24
YIL035C 1 2
YIL034C 3 33
YIL033C 3 11
YIL032C 0 0
YIL031W 1 1
YIL030W-A 0 0
YIL030C 1 20
YIL029W-A 1 5
YIL029C 0 0
YIL028W 0 0
YIL027C 5 59
YIL026C 0 0
YIL025C 1 3
YIL024C 7 101
YIL023C 3 32
YIL022W 0 0
YIL021W 0 0
YIL021C-A 1 6
YIL020C-A 0 0
YIL020C 1 1
YIL019W 2 10
YIL018W 0 0
YIL017C 2 5
YIL016W 1 18
YIL015W 3 36
YIL014C-A 0 0
YIL014W 1 1
YIL013C 2 4
YIL012W 3 37
YIL011W 5 18
YIL010W 3 21
YIL009C-A 6 64
YIL009W 7 95
YIL008W 2 66
YIL007C 2 48
YIL006W 10 148
YIL005W 1 19
YIL004C 1 6
YIL003W 0 0
YIL002W-A 6 78
YIL002C 1 4
YIL001W 0 0
YIR001C 3 12
YIR002C 0 0
YIR003W 5 18
YIR004W 0 0
YIR005W 7 128
YIR006C 2 3
YIR007W 1 1
YIR008C 0 0
YIR009W 0 0
YIR010W 0 0
YIR011C 0 0
YIR012W 0 0
YIR013C 1 91
YIR014W 8 99
YIR015W 1 3
YIR016W 16 259
YIR017C 14 155
YIR017W-A 10 156
YIR018W 24 496
YIR018C-A 2 5
YIR019C 8 99
YIR020C 4 22
YIR020W-A 4 37
YIR020C-B 1 9
YIR021W 3 11
YIR021W-A 0 0
YIR022W 1 3
YIR023W 3 98
YIR023C-A 0 0
YIR024C 4 33
YIR025W 4 28
YIR026C 0 0
YIR027C 2 19
YIR028W 0 0
YIR029W 1 7
YIR030C 2 23
YIR030W-A 2 23
YIR031C 4 15
YIR032C 0 0
YIR033W 4 17
YIR034C 1 2
YIR035C 2 74
YIR036C 3 20
YIR036W-A 0 0
YIR037W 4 15
YIR038C 7 133
YIR039C 2 12
YIR040C 1 1
YIR041W 0 0
YIR042C 3 11
YJL225C 0 0
YJL225W-A 0 0
YJL223C 0 0
YJL222W-B 0 0
YJL222W-A 0 0
YJL222W 0 0
YJL221C 0 0
YJL220W 0 0
YJL219W 0 0
YJL218W 0 0
YJL217W 3 18
YJL216C 2 11
YJL215C 1 1
YJL214W 2 6
YJL213W 8 25
YJL212C 8 228
YJL211C 0 0
YJL210W 2 102
YJL209W 5 113
YJL208C 1 5
YJL207C 0 0
YJL206C 2 21
YJL205C 13 158
YJL204C 1 15
YJL203W 0 0
YJL202C 6 17
YJL201W 6 36
YJL200C 1 8
YJL199C 14 373
YJL198W 7 157
YJL197W 6 55
YJL197C-A 0 0
YJL196C 6 16
YJL195C 0 0
YJL194W 0 0
YJL193W 2 11
YJL192C 8 38
YJL191W 10 245
YJL190C 1 5
YJL189W 0 0
YJL188C 0 0
YJL187C 0 0
YJL186W 3 31
YJL185C 10 130
YJL184W 0 0
YJL183W 2 9
YJL182C 1 7
YJL181W 1 2
YJL180C 0 0
YJL179W 1 5
YJL178C 19 823
YJL177W 0 0
YJL176C 2 3
YJL175W 0 0
YJL174W 0 0
YJL173C 1 3
YJL172W 7 109
YJL171C 12 164
YJL170C 3 18
YJL169W 1 5
YJL168C 2 6
YJL167W 0 0
YJL166W 6 32
YJL165C 5 59
YJL164C 1 6
YJL163C 2 18
YJL162C 7 19
YJL161W 4 126
YJL160C 2 7
YJL159W 1 12
YJL158C 10 181
YJL157C 2 4
YJL156W-A 11 905
YJL156C 9 99
YJL155C 0 0
YJL154C 1 8
YJL153C 1 52
YJL152W 5 26
YJL151C 9 109
YJL150W 4 20
YJL149W 9 103
YJL148W 2 10
YJL147C 2 46
YJL146W 1 9
YJL145W 4 33
YJL144W 3 14
YJL143W 0 0
YJL142C 3 8
YJL141C 4 8
YJL140W 0 0
YJL139C 0 0
YJL138C 4 15
YJL137C 3 4
YJL136W-A 2 20
YJL136C 0 0
YJL135W 3 6
YJL134W 6 150
YJL133C-A 8 176
YJL133W 6 18
YJL132W 0 0
YJL131C 3 3
YJL130C 1 17
YJL129C 0 0
YJL128C 7 79
YJL127W-A 6 78
YJL127C-B 3 15
YJL127C 1 23
YJL126W 3 16
YJL125C 1 1
YJL124C 0 0
YJL123C 3 4
YJL122W 16 186
YJL121C 7 41
YJL120W 8 52
YJL119C 2 69
YJL118W 9 222
YJL117W 0 0
YJL116C 12 97
YJL115W 6 36
YJL112W 0 0
YJL111W 0 0
YJL110C 0 0
YJL109C 0 0
YJL108C 2 5
YJL107C 0 0
YJL106W 1 16
YJL105W 2 6
YJL104W 0 0
YJL103C 5 7
YJL102W 4 30
YJL101C 7 78
YJL100W 3 9
YJL099W 4 33
YJL098W 0 0
YJL097W 0 0
YJL096W 3 13
YJL095W 0 0
YJL094C 1 14
YJL093C 6 61
YJL092W 2 5
YJL091C 4 15
YJL090C 0 0
YJL089W 0 0
YJL088W 10 238
YJL087C 0 0
YJL086C 0 0
YJL085W 0 0
YJL084C 1 3
YJL083W 1 4
YJL082W 7 68
YJL081C 0 0
YJL080C 0 0
YJL079C 2 4
YJL078C 3 26
YJL077W-B 0 0
YJL077C 2 3
YJL077W-A 8 41
YJL076W 3 6
YJL075C 0 0
YJL074C 0 0
YJL073W 0 0
YJL072C 2 6
YJL071W 3 35
YJL070C 1 2
YJL069C 0 0
YJL068C 6 47
YJL067W 17 233
YJL066C 6 40
YJL065C 2 13
YJL064W 3 8
YJL063C 5 40
YJL062W-A 8 385
YJL062W 1 52
YJL061W 0 0
YJL060W 5 31
YJL059W 4 57
YJL058C 1 1
YJL057C 3 6
YJL056C 4 47
YJL055W 2 4
YJL054W 3 27
YJL053W 2 2
YJL052C-A 11 40
YJL052W 0 0
YJL051W 1 4
YJL050W 0 0
YJL049W 6 105
YJL048C 13 185
YJL047C-A 0 0
YJL047C 0 0
YJL046W 7 75
YJL045W 0 0
YJL044C 9 56
YJL043W 0 0
YJL042W 6 51
YJL041W 0 0
YJL039C 0 0
YJL038C 0 0
YJL037W 2 8
YJL036W 1 3
YJL035C 1 21
YJL034W 0 0
YJL033W 0 0
YJL032W 2 4
YJL031C 0 0
YJL030W 4 34
YJL029C 0 0
YJL028W 7 440
YJL027C 0 0
YJL026W 0 0
YJL026C-A 0 0
YJL025W 0 0
YJL024C 4 36
YJL023C 3 10
YJL022W 0 0
YJL020C 2 12
YJL020W-A 1 6
YJL019W 0 0
YJL016W 0 0
YJL015C 1 2
YJL014W 1 2
YJL013C 22 847
YJL012C 0 0
YJL011C 0 0
YJL010C 0 0
YJL009W 3 21
YJL008C 0 0
YJL007C 10 232
YJL006C 3 10
YJL005W 0 0
YJL004C 9 108
YJL003W 1 4
YJL002C 0 0
YJL001W 0 0
YJR001W 5 61
YJR002W 0 0
YJR003C 6 71
YJR004C 8 50
YJR005W 5 36
YJR005C-A 4 38
YJR006W 0 0
YJR007W 0 0
YJR008W 6 14
YJR009C 6 121
YJR010W 2 7
YJR010C-A 3 4
YJR011C 4 16
YJR012C 0 0
YJR013W 3 23
YJR014W 2 28
YJR015W 14 178
YJR016C 0 0
YJR017C 3 21
YJR018W 0 0
YJR019C 2 9
YJR020W 0 0
YJR021C 7 46
YJR022W 1 1
YJR023C 1 10
YJR024C 4 32
YJR025C 1 8
YJR030C 0 0
YJR031C 1 3
YJR032W 3 10
YJR033C 7 55
YJR034W 1 8
YJR035W 1 2
YJR036C 0 0
YJR037W 0 0
YJR038C 1 1
YJR039W 4 15
YJR040W 5 14
YJR041C 0 0
YJR042W 1 3
YJR043C 9 101
YJR044C 16 158
YJR045C 0 0
YJR046W 0 0
YJR047C 1 24
YJR048W 17 364
YJR049C 10 46
YJR050W 5 14
YJR051W 9 90
YJR052W 1 1
YJR053W 2 25
YJR054W 0 0
YJR055W 4 28
YJR056C 0 0
YJR057W 0 0
YJR058C 3 15
YJR059W 4 22
YJR060W 0 0
YJR061W 0 0
YJR062C 8 455
YJR063W 0 0
YJR064W 0 0
YJR065C 0 0
YJR066W 1 1
YJR067C 0 0
YJR068W 0 0
YJR069C 1 17
YJR070C 1 2
YJR071W 1 2
YJR072C 0 0
YJR073C 6 25
YJR074W 16 96
YJR075W 2 21
YJR076C 3 21
YJR077C 8 96
YJR078W 4 13
YJR079W 4 9
YJR080C 4 47
YJR082C 2 42
YJR083C 7 68
YJR084W 6 43
YJR085C 1 14
YJR086W 9 100
YJR087W 1 1
YJR088C 6 42
YJR089W 1 22
YJR090C 0 0
YJR091C 4 59
YJR092W 4 93
YJR093C 0 0
YJR094C 2 2
YJR094W-A 5 48
YJR095W 0 0
YJR096W 6 43
YJR097W 0 0
YJR098C 0 0
YJR099W 4 46
YJR100C 6 89
YJR101W 0 0
YJR102C 0 0
YJR103W 8 83
YJR104C 4 29
YJR105W 2 95
YJR106W 14 107
YJR107W 0 0
YJR108W 1 3
YJR109C 2 36
YJR110W 0 0
YJR111C 1 1
YJR112W 0 0
YJR112W-A 6 38
YJR113C 12 134
YJR114W 1 1
YJR115W 17 156
YJR116W 5 41
YJR117W 4 64
YJR118C 0 0
YJR119C 2 9
YJR120W 9 171
YJR121W 0 0
YJR122W 1 1
YJR123W 0 0
YJR124C 4 49
YJR125C 7 61
YJR126C 7 41
YJR127C 8 50
YJR128W 3 41
YJR129C 2 13
YJR130C 12 188
YJR131W 1 12
YJR132W 0 0
YJR133W 3 56
YJR134C 0 0
YJR135C 7 37
YJR135W-A 10 93
YJR136C 0 0
YJR137C 16 131
YJR138W 4 69
YJR139C 0 0
YJR140C 0 0
YJR140W-A 0 0
YJR141W 0 0
YJR142W 4 26
YJR143C 0 0
YJR144W 7 130
YJR145C 1 2
YJR146W 12 335
YJR147W 4 9
YJR148W 0 0
YJR149W 10 512
YJR150C 2 18
YJR151C 0 0
YJR151W-A 1 2
YJR152W 0 0
YJR153W 1 2
YJR154W 3 57
YJR155W 0 0
YJR156C 0 0
YJR157W 0 0
YJR158W 0 0
YJR159W 0 0
YJR160C 0 0
YJR161C 0 0
YJR162C 16 143
YKL225W 2 40
YKL224C 0 0
YKL223W 0 0
YKL222C 2 34
YKL221W 2 16
YKL220C 0 0
YKL219W 4 34
YKL218C 0 0
YKL217W 5 15
YKL216W 5 21
YKL215C 0 0
YKL214C 3 41
YKL213C 1 2
YKL212W 1 40
YKL211C 1 6
YKL210W 0 0
YKL209C 2 5
YKL208W 0 0
YKL207W 6 63
YKL206C 0 0
YKL205W 0 0
YKL204W 4 41
YKL203C 1 8
YKL202W 0 0
YKL201C 6 92
YKL198C 5 47
YKL197C 9 190
YKL196C 1 9
YKL195W 3 27
YKL194C 3 18
YKL193C 0 0
YKL192C 12 181
YKL191W 15 101
YKL190W 9 65
YKL189W 0 0
YKL188C 0 0
YKL187C 9 157
YKL186C 20 774
YKL185W 5 34
YKL184W 0 0
YKL183C-A 1 3
YKL183W 1 3
YKL182W 0 0
YKL181W 0 0
YKL180W 0 0
YKL179C 10 112
YKL178C 2 64
YKL177W 1 12
YKL176C 2 19
YKL175W 3 5
YKL174C 6 45
YKL173W 2 9
YKL172W 0 0
YKL171W 3 49
YKL170W 5 27
YKL169C 1 2
YKL168C 1 15
YKL167C 10 161
YKL166C 0 0
YKL165C-A 3 22
YKL165C 0 0
YKL164C 3 20
YKL163W 1 1
YKL162C-A 3 12
YKL162C 0 0
YKL161C 0 0
YKL160W 5 46
YKL159C 6 89
YKL157W 2 14
YKL156W 13 122
YKL156C-A 0 0
YKL155C 0 0
YKL154W 3 5
YKL153W 4 44
YKL152C 0 0
YKL151C 8 14
YKL150W 10 292
YKL149C 6 80
YKL148C 3 21
YKL147C 4 136
YKL146W 9 186
YKL145W 0 0
YKL145W-A 0 0
YKL144C 0 0
YKL143W 0 0
YKL142W 4 12
YKL141W 1 3
YKL140W 0 0
YKL139W 0 0
YKL138C-A 0 0
YKL138C 3 31
YKL137W 1 3
YKL136W 1 2
YKL135C 0 0
YKL134C 1 25
YKL133C 1 1
YKL132C 1 2
YKL131W 1 2
YKL130C 2 4
YKL129C 4 21
YKL128C 0 0
YKL127W 0 0
YKL126W 2 11
YKL125W 0 0
YKL124W 2 13
YKL123W 1 1
YKL122C 0 0
YKL121W 1 1
YKL120W 0 0
YKL119C 1 1
YKL118W 1 1
YKL117W 10 485
YKL116C 0 0
YKL115C 0 0
YKL114C 3 35
YKL113C 0 0
YKL112W 2 7
YKL111C 0 0
YKL110C 19 924
YKL109W 5 18
YKL108W 0 0
YKL107W 1 9
YKL106C-A 6 65
YKL106W 0 0
YKL105C 2 3
YKL104C 0 0
YKL103C 1 3
YKL102C 6 40
YKL101W 0 0
YKL100C 18 130
YKL100W-A 1 2
YKL099C 0 0
YKL098W 9 186
YKL097C 2 2
YKL096C-B 0 0
YKL096W-A 0 0
YKL096W 1 1
YKL095W 0 0
YKL094W 16 144
YKL093W 2 4
YKL092C 0 0
YKL091C 3 45
YKL090W 5 17
YKL089W 0 0
YKL088W 2 21
YKL087C 2 50
YKL086W 10 193
YKL085W 0 0
YKL084W 5 51
YKL083W 0 0
YKL082C 0 0
YKL081W 8 114
YKL080W 0 0
YKL079W 0 0
YKL078W 0 0
YKL077W 1 8
YKL076C 0 0
YKL075C 0 0
YKL074C 1 3
YKL073W 1 1
YKL072W 2 15
YKL071W 0 0
YKL070W 0 0
YKL069W 13 165
YKL068W-A 1 6
YKL068W 0 0
YKL067W 0 0
YKL066W 0 0
YKL065W-A 2 10
YKL065C 4 40
YKL064W 6 76
YKL063C 0 0
YKL062W 0 0
YKL061W 1 1
YKL060C 0 0
YKL059C 0 0
YKL058W 0 0
YKL057C 0 0
YKL056C 3 33
YKL055C 0 0
YKL054C 0 0
YKL053C-A 7 17
YKL053W 8 18
YKL052C 0 0
YKL051W 6 31
YKL050C 0 0
YKL049C 0 0
YKL048C 0 0
YKL047W 2 4
YKL046C 4 10
YKL045W 0 0
YKL044W 10 82
YKL043W 2 4
YKL042W 0 0
YKL041W 1 4
YKL040C 2 16
YKL039W 2 7
YKL038W 0 0
YKL037W 11 155
YKL036C 0 0
YKL035W 1 8
YKL034W 0 0
YKL033W-A 1 2
YKL033W 1 1
YKL032C 0 0
YKL031W 1 2
YKL030W 1 3
YKL029C 9 41
YKL028W 0 0
YKL027W 0 0
YKL026C 9 45
YKL025C 2 10
YKL024C 0 0
YKL023C-A 5 126
YKL023W 29 746
YKL022C 5 15
YKL021C 0 0
YKL020C 1 3
YKL019W 1 7
YKL018C-A 2 47
YKL018W 1 1
YKL017C 10 190
YKL016C 0 0
YKL015W 1 7
YKL014C 0 0
YKL013C 0 0
YKL012W 0 0
YKL011C 0 0
YKL010C 1 3
YKL009W 1 2
YKL008C 2 56
YKL007W 10 88
YKL006C-A 0 0
YKL006W 1 8
YKL005C 4 20
YKL004W 3 11
YKL003C 4 51
YKL002W 3 21
YKL001C 5 86
YKR001C 0 0
YKR002W 0 0
YKR003W 1 1
YKR004C 3 12
YKR005C 0 0
YKR006C 2 3
YKR007W 12 213
YKR008W 0 0
YKR009C 4 41
YKR010C 0 0
YKR011C 0 0
YKR012C 4 53
YKR013W 7 49
YKR014C 0 0
YKR015C 1 7
YKR016W 1 5
YKR017C 0 0
YKR018C 4 58
YKR019C 2 8
YKR020W 6 28
YKR021W 1 13
YKR022C 0 0
YKR023W 2 5
YKR024C 0 0
YKR025W 1 1
YKR026C 0 0
YKR027W 3 27
YKR028W 1 5
YKR029C 7 44
YKR030W 0 0
YKR031C 3 33
YKR032W 4 35
YKR033C 1 1
YKR034W 1 1
YKR035C 3 10
YKR035W-A 3 12
YKR036C 6 33
YKR037C 0 0
YKR038C 0 0
YKR039W 2 11
YKR040C 10 211
YKR041W 6 40
YKR042W 0 0
YKR043C 5 40
YKR044W 0 0
YKR045C 1 1
YKR046C 6 39
YKR047W 2 3
YKR048C 5 23
YKR049C 9 40
YKR050W 8 348
YKR051W 1 3
YKR052C 1 9
YKR053C 0 0
YKR054C 2 32
YKR055W 3 192
YKR056W 1 5
YKR057W 3 31
YKR058W 7 106
YKR059W 0 0
YKR060W 1 2
YKR061W 1 17
YKR062W 0 0
YKR063C 0 0
YKR064W 0 0
YKR065C 8 34
YKR066C 16 391
YKR067W 3 9
YKR068C 2 5
YKR069W 0 0
YKR070W 4 61
YKR071C 0 0
YKR072C 1 11
YKR073C 0 0
YKR074W 5 33
YKR075C 9 217
YKR075W-A 4 6
YKR076W 1 1
YKR077W 0 0
YKR078W 6 73
YKR079C 0 0
YKR080W 2 3
YKR081C 0 0
YKR082W 0 0
YKR083C 0 0
YKR084C 2 8
YKR085C 2 5
YKR086W 0 0
YKR087C 4 10
YKR088C 3 26
YKR089C 2 12
YKR090W 0 0
YKR091W 0 0
YKR092C 2 11
YKR093W 0 0
YKR094C 3 74
YKR095W 4 23
YKR095W-A 2 4
YKR096W 0 0
YKR097W 0 0
YKR098C 2 11
YKR099W 2 9
YKR100C 0 0
YKR101W 5 22
YKR102W 0 0
YKR103W 0 0
YKR104W 0 0
YKR105C 0 0
YKR106W 0 0
YLL067C 0 0
YLL067W-A 0 0
YLL066W-B 0 0
YLL066C 0 0
YLL066W-A 0 0
YLL065W 3 5
YLL064C 0 0
YLL063C 13 162
YLL062C 1 6
YLL061W 17 349
YLL060C 14 214
YLL059C 1 31
YLL058W 3 35
YLL057C 6 37
YLL056C 4 58
YLL055W 1 4
YLL054C 0 0
YLL053C 1 6
YLL052C 2 5
YLL051C 9 246
YLL050C 0 0
YLL049W 3 48
YLL048C 0 0
YLL047W 1 1
YLL046C 0 0
YLL045C 3 36
YLL044W 0 0
YLL043W 0 0
YLL042C 7 81
YLL041C 1 4
YLL040C 0 0
YLL039C 5 98
YLL038C 0 0
YLL037W 0 0
YLL036C 0 0
YLL035W 1 6
YLL034C 2 5
YLL033W 8 97
YLL032C 0 0
YLL031C 1 1
YLL030C 0 0
YLL029W 1 10
YLL028W 4 12
YLL027W 0 0
YLL026W 7 41
YLL025W 0 0
YLL024C 1 1
YLL023C 5 148
YLL022C 4 27
YLL021W 0 0
YLL020C 4 25
YLL019C 2 10
YLL019W-A 0 0
YLL018C-A 7 158
YLL018C 0 0
YLL015W 1 8
YLL014W 6 60
YLL013C 2 9
YLL012W 1 2
YLL011W 0 0
YLL010C 0 0
YLL009C 10 244
YLL008W 0 0
YLL007C 0 0
YLL006W-A 0 0
YLL006W 3 18
YLL005C 2 41
YLL004W 1 1
YLL003W 0 0
YLL002W 4 19
YLL001W 0 0
YLR001C 7 28
YLR002C 0 0
YLR003C 5 22
YLR004C 5 41
YLR005W 0 0
YLR006C 0 0
YLR007W 9 94
YLR008C 0 0
YLR009W 0 0
YLR010C 0 0
YLR011W 1 1
YLR012C 0 0
YLR013W 0 0
YLR014C 2 8
YLR015W 1 25
YLR016C 3 30
YLR017W 5 138
YLR018C 0 0
YLR019W 0 0
YLR020C 6 46
YLR021W 6 64
YLR022C 0 0
YLR023C 1 26
YLR024C 1 4
YLR025W 2 2
YLR026C 0 0
YLR027C 2 32
YLR028C 4 38
YLR029C 0 0
YLR030W 3 15
YLR031W 0 0
YLR032W 4 25
YLR033W 0 0
YLR034C 2 12
YLR035C 4 13
YLR036C 8 112
YLR037C 2 13
YLR038C 6 29
YLR039C 1 2
YLR040C 5 26
YLR041W 1 1
YLR042C 1 1
YLR043C 14 317
YLR044C 6 80
YLR045C 0 0
YLR046C 5 40
YLR047C 2 31
YLR048W 0 0
YLR049C 4 34
YLR050C 0 0
YLR051C 0 0
YLR052W 1 11
YLR053C 3 18
YLR054C 0 0
YLR055C 2 3
YLR056W 2 25
YLR057W 3 20
YLR058C 0 0
YLR059C 5 41
YLR060W 2 6
YLR061W 0 0
YLR062C 1 9
YLR063W 8 114
YLR064W 12 90
YLR065C 0 0
YLR066W 0 0
YLR067C 0 0
YLR068W 0 0
YLR069C 0 0
YLR070C 11 61
YLR071C 0 0
YLR072W 0 0
YLR073C 1 2
YLR074C 0 0
YLR075W 0 0
YLR076C 2 9
YLR077W 4 10
YLR078C 1 6
YLR079W 0 0
YLR080W 2 7
YLR081W 3 27
YLR082C 2 3
YLR083C 0 0
YLR084C 0 0
YLR085C 2 3
YLR086W 0 0
YLR087C 1 3
YLR088W 0 0
YLR089C 0 0
YLR090W 0 0
YLR091W 4 151
YLR092W 9 99
YLR093C 1 2
YLR094C 7 134
YLR095C 1 14
YLR096W 3 9
YLR097C 2 5
YLR098C 2 38
YLR099C 3 10
YLR099W-A 1 2
YLR100W 0 0
YLR101C 2 18
YLR102C 4 20
YLR103C 0 0
YLR104W 8 51
YLR105C 1 1
YLR106C 0 0
YLR107W 2 3
YLR108C 6 49
YLR109W 4 161
YLR110C 2 26
YLR111W 12 248
YLR112W 16 543
YLR113W 3 20
YLR114C 0 0
YLR115W 0 0
YLR116W 0 0
YLR117C 0 0
YLR118C 7 57
YLR119W 7 57
YLR120C 5 19
YLR120W-A 6 53
YLR121C 5 42
YLR122C 0 0
YLR123C 1 6
YLR124W 0 0
YLR125W 3 8
YLR126C 2 3
YLR127C 0 0
YLR128W 1 6
YLR129W 0 0
YLR130C 1 1
YLR131C 1 1
YLR132C 1 7
YLR133W 7 55
YLR134W 0 0
YLR135W 1 6
YLR136C 4 17
YLR137W 16 128
YLR138W 1 2
YLR139C 8 122
YLR140W 1 1
YLR141W 1 1
YLR142W 8 82
YLR143W 5 27
YLR144C 0 0
YLR145W 0 0
YLR146C 1 2
YLR146W-A 1 2
YLR147C 0 0
YLR148W 0 0
YLR149C 7 37
YLR149C-A 1 5
YLR150W 2 6
YLR151C 10 64
YLR152C 2 7
YLR153C 0 0
YLR154C 11 303
YLR154W-A 0 0
YLR154W-B 0 0
YLR154W-C 0 0
YLR154W-E 0 0
YLR154W-F 0 0
YLR154C-G 0 0
YLR154C-H 0 0
YLR155C 0 0
YLR156W 0 0
YLR156C-A 0 0
YLR157C 0 0
YLR157W-D 0 0
YLR157W-E 0 0
YLR157C-C 0 0
YLR158C 0 0
YLR159W 0 0
YLR159C-A 0 0
YLR160C 0 0
YLR161W 0 0
YLR162W 0 0
YLR162W-A 0 0
YLR163C 0 0
YLR163W-A 0 0
YLR164W 3 29
YLR165C 10 188
YLR166C 0 0
YLR167W 1 13
YLR168C 6 164
YLR169W 1 3
YLR170C 7 37
YLR171W 0 0
YLR172C 7 146
YLR173W 4 22
YLR174W 7 102
YLR175W 0 0
YLR176C 4 56
YLR177W 7 31
YLR178C 6 54
YLR179C 16 283
YLR180W 2 2
YLR181C 1 16
YLR182W 1 16
YLR183C 0 0
YLR184W 0 0
YLR185W 1 10
YLR186W 0 0
YLR187W 1 2
YLR188W 0 0
YLR189C 0 0
YLR190W 1 4
YLR191W 0 0
YLR192C 3 29
YLR193C 3 20
YLR194C 1 9
YLR195C 6 31
YLR196W 0 0
YLR197W 0 0
YLR198C 0 0
YLR199C 5 30
YLR200W 1 5
YLR201C 10 90
YLR202C 2 17
YLR203C 1 23
YLR204W 15 862
YLR205C 16 520
YLR206W 6 40
YLR207W 1 1
YLR208W 0 0
YLR209C 3 19
YLR210W 0 0
YLR211C 0 0
YLR212C 0 0
YLR213C 3 24
YLR214W 10 75
YLR215C 0 0
YLR216C 9 135
YLR217W 2 4
YLR218C 2 10
YLR219W 3 14
YLR220W 5 57
YLR221C 1 10
YLR222C 0 0
YLR222C-A 4 14
YLR223C 0 0
YLR224W 2 9
YLR225C 2 10
YLR226W 5 49
YLR227C 5 17
YLR228C 1 6
YLR229C 0 0
YLR230W 0 0
YLR231C 4 62
YLR232W 1 4
YLR233C 4 13
YLR234W 3 6
YLR235C 23 110
YLR236C 7 156
YLR237W 4 9
YLR238W 2 8
YLR239C 5 46
YLR240W 2 19
YLR241W 3 17
YLR242C 1 1
YLR243W 0 0
YLR244C 1 1
YLR245C 6 58
YLR246W 2 3
YLR247C 2 7
YLR248W 6 132
YLR249W 0 0
YLR250W 0 0
YLR251W 0 0
YLR252W 0 0
YLR253W 4 35
YLR254C 7 49
YLR255C 4 26
YLR256W 1 1
YLR257W 2 36
YLR258W 3 15
YLR259C 0 0
YLR260W 0 0
YLR261C 0 0
YLR262C 2 37
YLR262C-A 7 57
YLR263W 0 0
YLR264W 3 46
YLR264C-A 8 68
YLR265C 5 143
YLR266C 16 175
YLR267W 1 1
YLR268W 0 0
YLR269C 1 3
YLR270W 1 3
YLR271W 3 50
YLR272C 0 0
YLR273C 0 0
YLR274W 0 0
YLR275W 1 3
YLR276C 0 0
YLR277C 0 0
YLR278C 2 16
YLR279W 11 233
YLR280C 1 1
YLR281C 23 412
YLR282C 0 0
YLR283W 6 91
YLR284C 0 0
YLR285W 0 0
YLR285C-A 14 107
YLR286C 0 0
YLR286W-A 1 11
YLR287C 1 3
YLR287C-A 6 30
YLR288C 6 48
YLR289W 7 58
YLR290C 2 5
YLR291C 0 0
YLR292C 9 78
YLR293C 0 0
YLR294C 5 16
YLR295C 4 7
YLR296W 10 51
YLR297W 6 41
YLR298C 1 5
YLR299W 1 1
YLR299C-A 16 319
YLR300W 4 39
YLR301W 5 42
YLR302C 3 38
YLR303W 11 129
YLR304C 0 0
YLR305C 1 1
YLR306W 2 8
YLR307W 0 0
YLR307C-A 0 0
YLR308W 2 10
YLR309C 1 2
YLR310C 0 0
YLR311C 7 61
YLR312C 7 37
YLR312W-A 6 66
YLR313C 1 2
YLR314C 1 10
YLR315W 1 3
YLR316C 4 14
YLR317W 0 0
YLR318W 2 9
YLR319C 0 0
YLR320W 0 0
YLR321C 0 0
YLR322W 0 0
YLR323C 0 0
YLR324W 2 5
YLR325C 2 3
YLR326W 7 31
YLR327C 0 0
YLR328W 4 38
YLR329W 0 0
YLR330W 2 4
YLR331C 0 0
YLR332W 1 3
YLR333C 8 232
YLR334C 2 3
YLR335W 1 6
YLR336C 0 0
YLR337C 0 0
YLR338W 1 7
YLR339C 0 0
YLR340W 0 0
YLR341W 0 0
YLR342W 1 1
YLR342W-A 0 0
YLR343W 0 0
YLR344W 0 0
YLR345W 3 52
YLR346C 4 41
YLR347C 0 0
YLR347W-A 0 0
YLR348C 17 221
YLR349W 6 69
YLR350W 1 1
YLR351C 8 97
YLR352W 4 97
YLR353W 0 0
YLR354C 3 15
YLR355C 0 0
YLR356W 0 0
YLR357W 4 32
YLR358C 0 0
YLR359W 0 0
YLR360W 1 6
YLR361C 3 45
YLR361C-A 9 593
YLR362W 6 81
YLR363C 0 0
YLR363W-A 0 0
YLR364W 0 0
YLR365W 3 9
YLR364C-A 8 93
YLR366W 0 0
YLR367W 5 37
YLR368W 6 75
YLR369W 0 0
YLR370C 0 0
YLR371W 0 0
YLR372W 0 0
YLR373C 7 151
YLR374C 0 0
YLR375W 13 194
YLR376C 6 50
YLR377C 2 5
YLR378C 0 0
YLR379W 0 0
YLR380W 3 15
YLR381W 0 0
YLR382C 0 0
YLR383W 0 0
YLR384C 10 123
YLR385C 2 35
YLR386W 10 55
YLR387C 6 163
YLR388W 3 65
YLR389C 2 55
YLR390W 8 47
YLR390W-A 10 108
YLR392C 4 14
YLR393W 4 71
YLR394W 0 0
YLR395C 2 8
YLR396C 0 0
YLR397C 0 0
YLR398C 5 50
YLR399C 0 0
YLR399W-A 0 0
YLR400W 0 0
YLR401C 2 11
YLR402W 2 10
YLR403W 0 0
YLR404W 3 46
YLR405W 4 45
YLR406C 0 0
YLR406C-A 15 881
YLR407W 4 31
YLR408C 21 822
YLR409C 0 0
YLR410W 1 14
YLR411W 4 25
YLR412W 6 52
YLR412C-A 0 0
YLR413W 2 13
YLR414C 2 16
YLR415C 6 24
YLR416C 10 151
YLR417W 8 101
YLR418C 0 0
YLR419W 0 0
YLR420W 3 30
YLR421C 2 31
YLR422W 0 0
YLR423C 0 0
YLR424W 0 0
YLR425W 3 74
YLR426W 1 1
YLR427W 1 7
YLR428C 3 17
YLR429W 9 271
YLR430W 0 0
YLR431C 1 8
YLR432W 1 15
YLR433C 0 0
YLR434C 0 0
YLR435W 0 0
YLR436C 2 13
YLR437C 9 110
YLR437C-A 3 17
YLR438W 11 191
YLR438C-A 0 0
YLR439W 0 0
YLR440C 1 13
YLR441C 3 75
YLR442C 2 17
YLR443W 2 6
YLR444C 1 3
YLR445W 2 12
YLR446W 6 66
YLR447C 1 9
YLR448W 0 0
YLR449W 3 18
YLR450W 1 2
YLR451W 0 0
YLR452C 0 0
YLR453C 12 134
YLR454W 6 103
YLR455W 0 0
YLR456W 4 76
YLR457C 3 35
YLR458W 3 10
YLR459W 0 0
YLR460C 0 0
YLR461W 0 0
YLR462W 0 0
YLR463C 0 0
YLR464W 0 0
YLR465C 0 0
YLR466W 0 0
YLR466C-A 0 0
YLR466C-B 0 0
YLR467W 0 0
YLR467C-A 0 0
YML133C 0 0
YML133W-B 0 0
YML133W-A 0 0
YML132W 0 0
YML131W 4 28
YML130C 0 0
YML129C 14 238
YML128C 1 4
YML127W 0 0
YML126C 11 115
YML125C 0 0
YML124C 2 16
YML123C 2 6
YML122C 5 10
YML121W 1 8
YML120C 12 399
YML119W 1 5
YML118W 2 3
YML117W 2 45
YML116W-A 0 0
YML116W 0 0
YML115C 2 5
YML114C 0 0
YML113W 2 10
YML112W 1 4
YML111W 0 0
YML110C 15 185
YML109W 0 0
YML108W 5 36
YML107C 1 8
YML106W 0 0
YML105C 0 0
YML104C 0 0
YML103C 4 43
YML102W 3 17
YML101C-A 15 139
YML101C 7 29
YML100W-A 14 133
YML100W 6 15
YML099W-A 0 0
YML099C 2 23
YML098W 0 0
YML097C 6 36
YML096W 3 21
YML095C 4 49
YML094C-A 0 0
YML094W 1 15
YML093W 1 1
YML092C 0 0
YML091C 3 19
YML090W 2 5
YML089C 10 186
YML088W 10 180
YML087C 5 39
YML086C 3 9
YML085C 3 20
YML084W 3 20
YML083C 2 5
YML082W 5 34
YML081C-A 7 30
YML081W 2 13
YML080W 0 0
YML079W 5 12
YML078W 2 12
YML077W 1 2
YML076C 9 211
YML075C 1 2
YML074C 4 172
YML073C 0 0
YML072C 5 114
YML071C 4 32
YML070W 3 14
YML069W 0 0
YML068W 1 2
YML067C 0 0
YML066C 0 0
YML065W 0 0
YML064C 0 0
YML063W 4 13
YML062C 0 0
YML061C 0 0
YML060W 3 34
YML059C 3 3
YML058W-A 6 112
YML058W 7 141
YML057C-A 1 10
YML057W 0 0
YML056C 0 0
YML055W 6 43
YML054C 9 23
YML054C-A 20 281
YML053C 4 38
YML052W 10 66
YML051W 13 155
YML050W 5 78
YML049C 4 10
YML048W 3 4
YML047W-A 0 0
YML047C 0 0
YML046W 0 0
YML043C 0 0
YML042W 6 24
YML041C 6 43
YML038C 2 14
YML037C 1 7
YML036W 1 3
YML035C 2 17
YML034C-A 0 0
YML034W 0 0
YML032C 0 0
YML031C-A 0 0
YML031W 0 0
YML030W 4 59
YML029W 3 18
YML028W 4 28
YML027W 5 12
YML026C 5 25
YML025C 4 76
YML024W 1 1
YML023C 3 6
YML022W 0 0
YML021C 16 248
YML020W 3 42
YML019W 3 18
YML018C 2 6
YML017W 1 3
YML016C 1 1
YML015C 0 0
YML014W 1 3
YML013W 15 160
YML012C-A 7 201
YML012W 8 138
YML011C 10 140
YML010W 0 0
YML009W-B 0 0
YML009C-A 8 85
YML009C 16 271
YML008C 5 44
YML007C-A 18 177
YML007W 3 17
YML006C 0 0
YML005W 7 74
YML004C 8 149
YML003W 3 60
YML002W 1 5
YML001W 0 0
YMR001C 1 15
YMR001C-A 1 2
YMR002W 9 122
YMR003W 4 80
YMR004W 3 137
YMR005W 0 0
YMR006C 0 0
YMR007W 7 170
YMR008C 2 5
YMR009W 10 310
YMR010W 3 11
YMR011W 3 15
YMR012W 1 16
YMR013C 0 0
YMR013C-A 0 0
YMR013W-A 1 4
YMR014W 5 50
YMR015C 2 6
YMR016C 1 4
YMR017W 2 7
YMR018W 4 12
YMR019W 9 24
YMR020W 1 14
YMR021C 0 0
YMR022W 3 6
YMR023C 1 1
YMR024W 5 70
YMR025W 2 4
YMR026C 1 6
YMR027W 0 0
YMR028W 0 0
YMR029C 6 58
YMR030W 5 48
YMR031C 0 0
YMR031W-A 4 49
YMR032W 1 5
YMR030W-A 0 0
YMR033W 0 0
YMR034C 3 10
YMR035W 8 22
YMR036C 0 0
YMR037C 2 28
YMR038C 0 0
YMR039C 3 16
YMR040W 2 36
YMR041C 10 66
YMR042W 9 65
YMR043W 0 0
YMR044W 6 34
YMR046W-A 4 54
YMR047C 2 5
YMR048W 7 30
YMR049C 1 13
YMR052W 5 36
YMR052C-A 1 3
YMR053C 1 1
YMR054W 8 120
YMR055C 3 9
YMR056C 8 59
YMR057C 1 1
YMR058W 0 0
YMR059W 0 0
YMR060C 8 33
YMR061W 0 0
YMR062C 0 0
YMR063W 10 269
YMR064W 11 161
YMR065W 0 0
YMR066W 4 24
YMR067C 1 5
YMR068W 4 7
YMR069W 7 174
YMR070W 2 3
YMR071C 1 12
YMR072W 1 3
YMR073C 2 6
YMR074C 5 101
YMR075W 4 12
YMR075C-A 4 25
YMR076C 0 0
YMR077C 3 13
YMR078C 0 0
YMR079W 0 0
YMR080C 0 0
YMR081C 3 26
YMR082C 2 4
YMR083W 4 11
YMR084W 3 19
YMR085W 1 3
YMR086W 3 17
YMR086C-A 9 174
YMR087W 6 150
YMR088C 2 44
YMR089C 0 0
YMR090W 3 13
YMR091C 0 0
YMR092C 0 0
YMR093W 0 0
YMR094W 0 0
YMR095C 1 13
YMR096W 5 26
YMR097C 2 7
YMR098C 1 1
YMR099C 9 95
YMR100W 0 0
YMR101C 0 0
YMR102C 2 9
YMR103C 15 463
YMR104C 3 20
YMR105C 2 11
YMR105W-A 13 160
YMR106C 3 65
YMR107W 4 20
YMR108W 0 0
YMR109W 8 67
YMR110C 12 641
YMR111C 0 0
YMR112C 0 0
YMR113W 1 6
YMR114C 5 58
YMR115W 1 1
YMR116C 0 0
YMR117C 0 0
YMR118C 3 17
YMR119W 0 0
YMR119W-A 1 4
YMR120C 4 12
YMR121C 7 67
YMR122C 6 15
YMR122W-A 8 46
YMR123W 4 34
YMR124W 5 32
YMR125W 0 0
YMR126C 0 0
YMR127C 1 2
YMR128W 0 0
YMR129W 1 13
YMR130W 5 20
YMR131C 0 0
YMR132C 5 45
YMR133W 2 2
YMR134W 0 0
YMR135C 22 344
YMR135W-A 5 118
YMR136W 1 5
YMR137C 8 39
YMR138W 4 24
YMR139W 6 59
YMR140W 1 26
YMR141C 2 24
YMR142C 0 0
YMR141W-A 0 0
YMR143W 2 9
YMR144W 1 2
YMR145C 4 50
YMR146C 0 0
YMR147W 4 62
YMR148W 2 4
YMR149W 1 4
YMR150C 2 8
YMR151W 4 59
YMR152W 3 17
YMR153W 5 51
YMR153C-A 5 22
YMR154C 7 158
YMR155W 14 144
YMR156C 1 9
YMR157C 7 167
YMR158W 2 20
YMR158C-A 1 10
YMR158W-B 4 56
YMR159C 3 14
YMR160W 1 3
YMR161W 8 64
YMR162C 4 20
YMR163C 3 37
YMR164C 1 31
YMR165C 0 0
YMR166C 1 2
YMR167W 5 27
YMR168C 0 0
YMR169C 2 12
YMR170C 1 1
YMR171C 2 18
YMR172W 0 0
YMR172C-A 0 0
YMR173W 1 2
YMR173W-A 0 0
YMR174C 1 6
YMR175W 4 14
YMR175W-A 3 13
YMR176W 4 43
YMR177W 0 0
YMR178W 9 133
YMR179W 0 0
YMR180C 4 35
YMR181C 1 3
YMR182C 1 6
YMR182W-A 12 82
YMR183C 1 8
YMR184W 4 57
YMR185W 1 2
YMR186W 7 49
YMR187C 3 59
YMR188C 0 0
YMR189W 7 58
YMR190C 1 2
YMR191W 10 152
YMR192W 3 33
YMR193W 0 0
YMR193C-A 0 0
YMR194W 1 13
YMR194C-B 7 149
YMR194C-A 15 533
YMR195W 9 99
YMR196W 4 69
YMR197C 0 0
YMR198W 0 0
YMR199W 2 5
YMR200W 1 6
YMR201C 6 36
YMR202W 6 61
YMR203W 0 0
YMR204C 2 12
YMR205C 0 0
YMR206W 7 73
YMR207C 1 14
YMR208W 0 0
YMR209C 2 4
YMR210W 3 35
YMR211W 0 0
YMR212C 0 0
YMR213W 0 0
YMR214W 10 122
YMR215W 1 20
YMR216C 7 21
YMR217W 0 0
YMR218C 0 0
YMR219W 3 14
YMR220W 1 2
YMR221C 9 79
YMR222C 1 3
YMR223W 1 1
YMR224C 3 7
YMR225C 8 75
YMR226C 2 20
YMR227C 0 0
YMR228W 0 0
YMR229C 0 0
YMR230W 10 231
YMR230W-A 0 0
YMR231W 4 32
YMR232W 0 0
YMR233W 0 0
YMR234W 4 7
YMR235C 0 0
YMR236W 0 0
YMR237W 1 14
YMR238W 1 20
YMR239C 1 9
YMR240C 2 5
YMR241W 7 67
YMR242C 0 0
YMR242W-A 1 5
YMR243C 0 0
YMR244W 3 43
YMR244C-A 29 804
YMR245W 1 1
YMR246W 8 84
YMR247C 5 39
YMR247W-A 0 0
YMR250W 1 4
YMR251W 2 37
YMR251W-A 1 2
YMR252C 10 222
YMR253C 5 29
YMR254C 4 13
YMR255W 10 113
YMR256C 5 39
YMR257C 2 13
YMR258C 6 25
YMR259C 6 39
YMR260C 0 0
YMR261C 0 0
YMR262W 3 21
YMR263W 3 39
YMR264W 6 56
YMR265C 12 168
YMR266W 4 29
YMR267W 1 2
YMR268C 0 0
YMR269W 2 3
YMR270C 0 0
YMR271C 5 41
YMR272C 2 8
YMR272W-A 1 51
YMR272W-B 2 12
YMR273C 0 0
YMR274C 0 0
YMR275C 4 19
YMR276W 1 1
YMR277W 0 0
YMR278W 1 1
YMR279C 2 12
YMR280C 2 3
YMR281W 0 0
YMR282C 0 0
YMR283C 3 32
YMR284W 4 14
YMR285C 1 9
YMR286W 1 1
YMR287C 2 31
YMR288W 0 0
YMR289W 6 17
YMR290C 0 0
YMR290W-A 0 0
YMR291W 5 50
YMR292W 2 17
YMR293C 4 6
YMR294W 2 3
YMR294W-A 4 68
YMR295C 2 5
YMR296C 0 0
YMR297W 0 0
YMR298W 0 0
YMR299C 0 0
YMR300C 0 0
YMR301C 2 6
YMR302C 7 52
YMR303C 1 1
YMR304W 1 1
YMR304C-A 2 18
YMR305C 2 5
YMR306W 0 0
YMR306C-A 3 17
YMR307W 0 0
YMR307C-A 0 0
YMR308C 0 0
YMR309C 0 0
YMR310C 2 33
YMR311C 4 16
YMR312W 1 6
YMR313C 9 125
YMR314W 0 0
YMR315W 5 40
YMR315W-A 4 18
YMR316W 0 0
YMR316C-A 11 80
YMR316C-B 0 0
YMR317W 0 0
YMR318C 7 406
YMR319C 1 1
YMR320W 4 63
YMR321C 5 54
YMR322C 0 0
YMR323W 0 0
YMR324C 2 10
YMR325W 2 12
YMR326C 23 515
YNL339C 0 0
YNL339W-B 0 0
YNL339W-A 0 0
YNL338W 0 0
YNL337W 5 85
YNL336W 0 0
YNL335W 2 2
YNL334C 0 0
YNL333W 0 0
YNL332W 0 0
YNL331C 2 11
YNL330C 0 0
YNL329C 4 111
YNL328C 15 156
YNL327W 2 11
YNL326C 2 22
YNL325C 2 20
YNL324W 1 2
YNL323W 0 0
YNL322C 9 220
YNL321W 9 92
YNL320W 3 47
YNL319W 2 3
YNL318C 0 0
YNL317W 0 0
YNL316C 1 2
YNL315C 2 106
YNL314W 1 1
YNL313C 0 0
YNL312W 0 0
YNL311C 8 128
YNL310C 0 0
YNL309W 2 62
YNL308C 0 0
YNL307C 0 0
YNL306W 2 6
YNL305C 1 1
YNL304W 3 14
YNL303W 4 64
YNL302C 0 0
YNL301C 1 3
YNL300W 3 19
YNL299W 1 2
YNL298W 1 14
YNL297C 3 22
YNL296W 0 0
YNL295W 3 12
YNL294C 4 39
YNL293W 7 34
YNL292W 2 4
YNL291C 0 0
YNL290W 0 0
YNL289W 1 1
YNL288W 4 37
YNL287W 0 0
YNL286W 0 0
YNL285W 6 45
YNL284C 5 54
YNL283C 1 8
YNL282W 0 0
YNL281W 1 1
YNL280C 0 0
YNL279W 1 2
YNL278W 1 1
YNL277W-A 9 40
YNL277W 2 2
YNL276C 3 24
YNL275W 8 70
YNL274C 0 0
YNL273W 2 142
YNL272C 0 0
YNL271C 0 0
YNL270C 12 62
YNL269W 3 9
YNL268W 3 13
YNL267W 1 8
YNL266W 2 16
YNL265C 6 111
YNL264C 3 54
YNL263C 0 0
YNL262W 0 0
YNL261W 0 0
YNL260C 3 43
YNL259C 3 48
YNL258C 0 0
YNL257C 0 0
YNL256W 0 0
YNL255C 8 52
YNL254C 8 156
YNL253W 10 105
YNL252C 0 0
YNL251C 0 0
YNL250W 4 44
YNL249C 2 29
YNL248C 0 0
YNL247W 0 0
YNL246W 4 69
YNL245C 2 29
YNL244C 0 0
YNL243W 0 0
YNL242W 0 0
YNL241C 8 43
YNL240C 0 0
YNL239W 10 35
YNL238W 0 0
YNL237W 3 45
YNL236W 0 0
YNL235C 5 15
YNL234W 3 24
YNL233W 3 41
YNL232W 0 0
YNL231C 0 0
YNL230C 0 0
YNL229C 2 16
YNL228W 11 614
YNL227C 0 0
YNL226W 1 7
YNL225C 1 1
YNL224C 0 0
YNL223W 13 132
YNL222W 0 0
YNL221C 0 0
YNL220W 0 0
YNL219C 1 2
YNL218W 6 50
YNL217W 5 59
YNL216W 0 0
YNL215W 0 0
YNL214W 3 38
YNL213C 1 3
YNL212W 1 1
YNL211C 0 0
YNL210W 1 5
YNL209W 6 115
YNL208W 10 89
YNL207W 0 0
YNL206C 5 42
YNL205C 0 0
YNL204C 2 18
YNL203C 8 91
YNL202W 1 1
YNL201C 0 0
YNL200C 1 7
YNL199C 0 0
YNL198C 0 0
YNL197C 0 0
YNL196C 2 15
YNL195C 0 0
YNL194C 1 1
YNL193W 6 56
YNL192W 1 1
YNL191W 2 32
YNL190W 2 15
YNL189W 0 0
YNL188W 0 0
YNL187W 1 36
YNL186W 0 0
YNL185C 0 0
YNL184C 2 3
YNL183C 0 0
YNL182C 1 1
YNL181W 0 0
YNL180C 0 0
YNL179C 11 226
YNL178W 0 0
YNL177C 10 72
YNL176C 0 0
YNL175C 4 30
YNL174W 2 13
YNL173C 1 3
YNL172W 0 0
YNL171C 0 0
YNL170W 1 9
YNL169C 1 3
YNL168C 3 25
YNL167C 2 5
YNL166C 2 16
YNL165W 0 0
YNL164C 2 11
YNL163C 1 3
YNL162W-A 0 0
YNL162W 1 27
YNL161W 1 11
YNL160W 3 17
YNL159C 7 138
YNL158W 1 5
YNL157W 12 71
YNL156C 0 0
YNL155W 2 14
YNL154C 5 48
YNL153C 8 160
YNL152W 1 7
YNL151C 0 0
YNL150W 0 0
YNL149C 6 57
YNL148C 7 25
YNL147W 2 79
YNL146C-A 6 51
YNL146W 2 22
YNL145W 0 0
YNL144C 10 135
YNL144W-A 0 0
YNL143C 4 17
YNL142W 4 23
YNL141W 2 15
YNL140C 1 3
YNL139C 0 0
YNL138W-A 0 0
YNL138W 1 2
YNL137C 0 0
YNL136W 3 16
YNL135C 2 5
YNL134C 7 57
YNL133C 15 452
YNL132W 0 0
YNL131W 0 0
YNL130C 3 37
YNL130C-A 2 15
YNL129W 2 15
YNL128W 2 52
YNL127W 0 0
YNL126W 0 0
YNL125C 4 39
YNL124W 0 0
YNL123W 7 65
YNL122C 10 130
YNL121C 1 6
YNL120C 0 0
YNL119W 0 0
YNL118C 1 13
YNL117W 1 25
YNL116W 2 9
YNL115C 8 97
YNL114C 0 0
YNL113W 0 0
YNL112W 0 0
YNL111C 1 6
YNL110C 1 3
YNL109W 3 22
YNL108C 1 7
YNL107W 6 162
YNL106C 2 32
YNL105W 3 5
YNL104C 8 159
YNL103W-A 4 46
YNL103W 1 8
YNL102W 0 0
YNL101W 1 8
YNL100W 4 29
YNL099C 3 61
YNL098C 0 0
YNL097C-B 2 8
YNL097C 0 0
YNL097W-A 6 21
YNL096C 2 9
YNL095C 1 8
YNL094W 1 13
YNL093W 4 60
YNL092W 2 5
YNL091W 0 0
YNL090W 1 7
YNL089C 0 0
YNL088W 0 0
YNL087W 3 17
YNL086W 1 2
YNL085W 0 0
YNL084C 1 14
YNL083W 0 0
YNL082W 3 20
YNL081C 4 25
YNL080C 1 8
YNL079C 5 32
YNL078W 7 57
YNL077W 0 0
YNL076W 0 0
YNL075W 0 0
YNL074C 6 17
YNL073W 6 60
YNL072W 4 46
YNL071W 8 57
YNL070W 2 40
YNL069C 0 0
YNL068C 5 52
YNL067W-A 1 2
YNL067W-B 22 503
YNL067W 1 7
YNL066W 2 27
YNL065W 0 0
YNL064C 0 0
YNL063W 7 187
YNL062C 0 0
YNL061W 0 0
YNL059C 0 0
YNL058C 3 12
YNL057W 0 0
YNL056W 7 114
YNL055C 8 76
YNL054W 0 0
YNL053W 0 0
YNL052W 11 324
YNL051W 3 19
YNL050C 2 49
YNL049C 0 0
YNL048W 0 0
YNL047C 7 53
YNL046W 1 1
YNL045W 5 27
YNL044W 3 16
YNL043C 2 47
YNL042W-B 2 12
YNL042W 1 1
YNL041C 1 1
YNL040W 6 70
YNL039W 1 1
YNL038W 2 6
YNL037C 3 15
YNL036W 15 190
YNL035C 11 158
YNL034W 0 0
YNL033W 0 0
YNL032W 2 3
YNL031C 1 1
YNL030W 1 1
YNL029C 7 171
YNL028W 2 27
YNL027W 4 58
YNL026W 5 45
YNL025C 5 559
YNL024C-A 3 16
YNL024C 3 16
YNL023C 3 20
YNL022C 0 0
YNL021W 0 0
YNL020C 5 17
YNL019C 0 0
YNL018C 0 0
YNL017C 5 44
YNL016W 1 10
YNL015W 0 0
YNL014W 2 6
YNL013C 0 0
YNL012W 1 1
YNL011C 6 44
YNL010W 4 14
YNL009W 4 16
YNL008C 10 405
YNL007C 1 1
YNL006W 0 0
YNL005C 0 0
YNL004W 5 49
YNL003C 2 25
YNL002C 0 0
YNL001W 0 0
YNR001C 0 0
YNR001W-A 1 6
YNR002C 9 63
YNR003C 1 10
YNR003W-A 12 133
YNR004W 2 5
YNR005C 0 0
YNR006W 3 21
YNR007C 7 106
YNR008W 5 17
YNR009W 3 17
YNR010W 3 11
YNR011C 3 9
YNR012W 3 16
YNR013C 2 9
YNR014W 24 1209
YNR015W 7 38
YNR016C 0 0
YNR017W 0 0
YNR018W 15 150
YNR019W 4 11
YNR020C 13 345
YNR021W 13 229
YNR022C 4 31
YNR023W 2 8
YNR024W 6 49
YNR025C 1 3
YNR026C 0 0
YNR027W 5 30
YNR028W 3 3
YNR029C 0 0
YNR030W 0 0
YNR031C 1 1
YNR032W 2 11
YNR032C-A 2 9
YNR033W 7 44
YNR034W 1 15
YNR034W-A 7 53
YNR035C 0 0
YNR036C 3 9
YNR037C 9 67
YNR038W 0 0
YNR039C 1 14
YNR040W 5 19
YNR041C 0 0
YNR042W 1 8
YNR043W 0 0
YNR044W 1 1
YNR045W 0 0
YNR046W 0 0
YNR047W 7 72
YNR048W 1 1
YNR049C 3 12
YNR050C 3 17
YNR051C 0 0
YNR052C 0 0
YNR053C 2 19
YNR054C 0 0
YNR055C 0 0
YNR056C 0 0
YNR057C 1 13
YNR058W 6 25
YNR059W 2 16
YNR060W 0 0
YNR061C 0 0
YNR062C 3 23
YNR063W 2 21
YNR064C 6 37
YNR065C 1 2
YNR066C 8 89
YNR067C 0 0
YNR068C 0 0
YNR069C 1 17
YNR070W 3 38
YNR071C 2 10
YNR072W 0 0
YNR073C 1 1
YNR074C 2 20
YNR075W 9 343
YNR075C-A 4 228
YNR076W 0 0
YNR077C 3 19
YOL166W-A 17 198
YOL166C 0 0
YOL165C 0 0
YOL164W-A 3 13
YOL164W 1 3
YOL163W 11 144
YOL162W 3 12
YOL161C 2 8
YOL160W 1 1
YOL159C-A 0 0
YOL159C 2 2
YOL158C 15 142
YOL157C 0 0
YOL156W 0 0
YOL155W-A 3 11
YOL155C 0 0
YOL154W 2 5
YOL152W 0 0
YOL151W 3 18
YOL150C 1 4
YOL149W 0 0
YOL148C 0 0
YOL147C 1 1
YOL146W 0 0
YOL145C 5 12
YOL144W 0 0
YOL143C 0 0
YOL142W 0 0
YOL141W 4 19
YOL140W 8 169
YOL139C 0 0
YOL138C 7 112
YOL137W 3 13
YOL136C 0 0
YOL135C 1 5
YOL134C 0 0
YOL133W 1 3
YOL132W 2 20
YOL131W 0 0
YOL130W 0 0
YOL129W 12 93
YOL128C 9 113
YOL127W 0 0
YOL126C 8 159
YOL125W 5 55
YOL124C 9 240
YOL123W 0 0
YOL122C 0 0
YOL121C 7 125
YOL120C 0 0
YOL119C 6 23
YOL118C 1 17
YOL117W 9 70
YOL116W 0 0
YOL115W 1 6
YOL114C 9 85
YOL113W 9 93
YOL112W 2 35
YOL111C 6 127
YOL110W 7 79
YOL109W 2 16
YOL108C 7 73
YOL107W 9 220
YOL106W 2 19
YOL105C 1 1
YOL104C 2 12
YOL103W 1 4
YOL102C 0 0
YOL101C 7 193
YOL100W 1 2
YOL099C 1 1
YOL098C 0 0
YOL097W-A 2 16
YOL097C 1 1
YOL096C 2 18
YOL095C 1 1
YOL094C 2 29
YOL093W 2 3
YOL092W 7 58
YOL091W 0 0
YOL090W 0 0
YOL089C 4 21
YOL088C 2 13
YOL087C 0 0
YOL086W-A 11 70
YOL086C 0 0
YOL085W-A 2 9
YOL085C 7 92
YOL084W 0 0
YOL083W 3 31
YOL083C-A 0 0
YOL082W 2 2
YOL081W 3 57
YOL080C 3 29
YOL079W 1 5
YOL078W 0 0
YOL077W-A 5 45
YOL077C 0 0
YOL076W 1 2
YOL075C 2 12
YOL073C 2 38
YOL072W 3 31
YOL071W 2 37
YOL070C 3 8
YOL069W 0 0
YOL068C 3 50
YOL067C 3 45
YOL066C 0 0
YOL065C 1 4
YOL064C 4 92
YOL063C 3 6
YOL062C 11 308
YOL061W 4 29
YOL060C 1 3
YOL059W 6 45
YOL058W 13 141
YOL057W 9 59
YOL056W 3 39
YOL055C 2 10
YOL054W 0 0
YOL053W 1 19
YOL052C-A 2 4
YOL052C 8 88
YOL051W 4 32
YOL050C 8 96
YOL049W 10 216
YOL048C 3 8
YOL047C 0 0
YOL046C 0 0
YOL045W 0 0
YOL044W 0 0
YOL043C 2 8
YOL042W 2 4
YOL041C 4 95
YOL040C 0 0
YOL039W 3 38
YOL038C-A 0 0
YOL038W 0 0
YOL037C 0 0
YOL036W 3 20
YOL035C 4 30
YOL034W 1 5
YOL033W 2 18
YOL032W 1 1
YOL031C 3 9
YOL030W 5 38
YOL029C 1 16
YOL028C 0 0
YOL027C 7 30
YOL026C 1 1
YOL025W 0 0
YOL024W 0 0
YOL023W 2 8
YOL022C 0 0
YOL021C 0 0
YOL020W 6 29
YOL019W-A 10 143
YOL019W 1 2
YOL018C 2 15
YOL017W 0 0
YOL016C 4 48
YOL015W 3 9
YOL014W 2 5
YOL013W-B 0 0
YOL013W-A 4 31
YOL013C 0 0
YOL012C 0 0
YOL011W 1 3
YOL010W 0 0
YOL009C 1 1
YOL008W 2 13
YOL007C 0 0
YOL006C 1 5
YOL005C 1 1
YOL004W 0 0
YOL003C 13 379
YOL002C 1 2
YOL001W 1 4
YOR001W 2 13
YOR002W 1 7
YOR003W 5 22
YOR004W 0 0
YOR005C 4 14
YOR006C 8 39
YOR007C 4 77
YOR008C 0 0
YOR008C-A 1 2
YOR008W-B 5 19
YOR009W 0 0
YOR010C 1 1
YOR011W 0 0
YOR011W-A 0 0
YOR012W 1 1
YOR013W 0 0
YOR014W 1 5
YOR015W 0 0
YOR016C 2 13
YOR017W 0 0
YOR018W 0 0
YOR019W 3 4
YOR020C 0 0
YOR020W-A 1 2
YOR021C 2 2
YOR022C 3 55
YOR023C 7 44
YOR024W 7 33
YOR025W 7 41
YOR026W 5 28
YOR027W 8 21
YOR028C 2 7
YOR029W 1 2
YOR030W 0 0
YOR031W 2 4
YOR032C 1 2
YOR032W-A 7 23
YOR033C 1 2
YOR034C 1 7
YOR034C-A 3 17
YOR035C 6 42
YOR036W 1 6
YOR037W 7 36
YOR038C 2 5
YOR039W 0 0
YOR040W 3 14
YOR041C 6 76
YOR042W 3 7
YOR043W 1 12
YOR044W 1 3
YOR045W 3 11
YOR046C 0 0
YOR047C 1 23
YOR048C 0 0
YOR049C 1 6
YOR050C 2 16
YOR051C 3 52
YOR052C 3 29
YOR053W 5 35
YOR054C 5 56
YOR055W 1 2
YOR056C 0 0
YOR057W 0 0
YOR058C 3 8
YOR059C 3 47
YOR060C 1 1
YOR061W 0 0
YOR062C 3 7
YOR063W 0 0
YOR064C 25 1292
YOR065W 0 0
YOR066W 9 62
YOR067C 2 7
YOR069W 0 0
YOR068C 3 23
YOR070C 2 18
YOR071C 2 5
YOR072W 3 36
YOR072W-A 6 34
YOR072W-B 5 33
YOR073W 6 22
YOR074C 0 0
YOR073W-A 0 0
YOR075W 0 0
YOR076C 8 387
YOR077W 0 0
YOR078W 5 41
YOR079C 1 1
YOR080W 0 0
YOR081C 0 0
YOR082C 8 163
YOR083W 2 24
YOR084W 5 38
YOR085W 2 9
YOR086C 1 8
YOR087W 0 0
YOR089C 0 0
YOR090C 2 29
YOR091W 2 9
YOR092W 0 0
YOR093C 1 4
YOR094W 0 0
YOR095C 0 0
YOR096W 0 0
YOR097C 2 3
YOR098C 3 20
YOR099W 2 11
YOR100C 7 40
YOR101W 2 17
YOR102W 7 130
YOR103C 0 0
YOR104W 2 96
YOR105W 0 0
YOR106W 2 11
YOR107W 1 5
YOR108W 1 5
YOR108C-A 1 3
YOR109W 1 2
YOR110W 0 0
YOR111W 2 12
YOR112W 3 20
YOR113W 0 0
YOR114W 4 10
YOR115C 2 49
YOR116C 0 0
YOR117W 0 0
YOR118W 0 0
YOR119C 0 0
YOR120W 6 141
YOR121C 5 79
YOR122C 0 0
YOR123C 1 5
YOR124C 0 0
YOR125C 0 0
YOR126C 13 202
YOR127W 0 0
YOR128C 0 0
YOR129C 4 21
YOR130C 1 18
YOR131C 0 0
YOR132W 1 1
YOR133W 8 102
YOR134W 3 6
YOR135C 2 51
YOR136W 1 4
YOR137C 1 13
YOR138C 2 69
YOR139C 1 2
YOR140W 4 12
YOR141C 5 25
YOR142W 3 16
YOR143C 0 0
YOR144C 1 3
YOR145C 0 0
YOR146W 0 0
YOR147W 7 71
YOR148C 2 6
YOR149C 0 0
YOR150W 8 39
YOR151C 0 0
YOR152C 2 17
YOR153W 0 0
YOR154W 1 8
YOR155C 4 24
YOR156C 1 1
YOR157C 1 1
YOR158W 6 98
YOR159C 0 0
YOR160W 2 17
YOR161C 1 1
YOR161W-A 0 0
YOR161W-B 4 30
YOR161C-C 15 118
YOR162C 5 16
YOR163W 7 13
YOR164C 5 44
YOR165W 3 30
YOR166C 5 35
YOR167C 0 0
YOR168W 0 0
YOR169C 1 2
YOR170W 0 0
YOR171C 2 22
YOR172W 9 46
YOR173W 5 107
YOR174W 0 0
YOR175C 3 23
YOR176W 0 0
YOR177C 1 15
YOR178C 5 24
YOR179C 8 58
YOR180C 0 0
YOR181W 0 0
YOR182C 4 8
YOR183W 2 6
YOR184W 0 0
YOR185C 2 2
YOR186W 7 37
YOR186C-A 0 0
YOR187W 2 12
YOR188W 1 3
YOR189W 3 67
YOR190W 2 3
YOR191W 1 2
YOR192C 1 5
YOR192C-C 0 0
YOR193W 2 10
YOR194C 0 0
YOR195W 0 0
YOR196C 13 297
YOR197W 6 66
YOR198C 1 2
YOR199W 1 2
YOR200W 10 172
YOR201C 6 39
YOR202W 4 52
YOR203W 3 26
YOR204W 0 0
YOR205C 10 271
YOR206W 1 4
YOR207C 0 0
YOR208W 2 9
YOR209C 0 0
YOR210W 0 0
YOR211C 0 0
YOR212W 5 146
YOR213C 0 0
YOR214C 0 0
YOR215C 1 1
YOR216C 6 45
YOR217W 1 1
YOR218C 0 0
YOR219C 7 97
YOR220W 10 263
YOR221C 0 0
YOR222W 1 5
YOR223W 13 101
YOR224C 0 0
YOR225W 1 9
YOR226C 13 266
YOR227W 0 0
YOR228C 0 0
YOR229W 4 37
YOR230W 5 23
YOR231W 2 5
YOR231C-A 2 7
YOR232W 0 0
YOR233W 0 0
YOR234C 2 118
YOR235W 1 3
YOR236W 0 0
YOR237W 1 4
YOR238W 2 19
YOR239W 6 23
YOR241W 2 17
YOR242C 1 12
YOR243C 1 2
YOR244W 0 0
YOR245C 5 65
YOR246C 5 29
YOR247W 0 0
YOR248W 2 4
YOR249C 2 2
YOR250C 0 0
YOR251C 11 332
YOR252W 2 33
YOR253W 3 30
YOR254C 0 0
YOR255W 6 45
YOR256C 1 3
YOR257W 0 0
YOR258W 0 0
YOR259C 0 0
YOR260W 0 0
YOR261C 0 0
YOR262W 0 0
YOR263C 0 0
YOR264W 0 0
YOR265W 7 63
YOR266W 4 12
YOR267C 2 20
YOR268C 9 92
YOR269W 4 74
YOR270C 0 0
YOR271C 4 37
YOR272W 0 0
YOR273C 18 215
YOR274W 11 131
YOR275C 11 182
YOR276W 4 49
YOR277C 1 3
YOR278W 3 12
YOR279C 1 1
YOR280C 8 161
YOR281C 2 13
YOR282W 0 0
YOR283W 1 1
YOR284W 13 290
YOR285W 6 83
YOR286W 3 16
YOR287C 0 0
YOR288C 3 11
YOR289W 7 19
YOR290C 0 0
YOR291W 2 20
YOR292C 14 372
YOR293W 0 0
YOR293C-A 6 65
YOR294W 0 0
YOR295W 1 6
YOR296W 3 13
YOR297C 9 126
YOR298W 2 105
YOR298C-A 2 3
YOR299W 2 14
YOR300W 0 0
YOR301W 7 70
YOR302W 14 275
YOR303W 6 54
YOR304W 1 1
YOR304C-A 2 35
YOR305W 0 0
YOR306C 0 0
YOR307C 1 1
YOR308C 0 0
YOR309C 0 0
YOR310C 0 0
YOR311C 2 15
YOR312C 0 0
YOR313C 0 0
YOR314W 3 21
YOR314W-A 14 481
YOR315W 9 33
YOR316C 0 0
YOR316C-A 19 253
YOR317W 10 46
YOR318C 2 59
YOR319W 0 0
YOR320C 1 2
YOR321W 5 168
YOR322C 0 0
YOR323C 1 52
YOR324C 4 28
YOR325W 3 54
YOR326W 0 0
YOR327C 2 67
YOR328W 0 0
YOR329C 1 1
YOR329W-A 0 0
YOR330C 13 715
YOR331C 0 0
YOR332W 0 0
YOR333C 2 7
YOR334W 3 24
YOR335C 0 0
YOR335W-A 0 0
YOR336W 6 185
YOR337W 8 31
YOR338W 4 51
YOR339C 1 1
YOR340C 0 0
YOR341W 0 0
YOR342C 6 77
YOR343C 22 394
YOR344C 1 21
YOR345C 3 12
YOR346W 2 17
YOR347C 0 0
YOR348C 12 449
YOR349W 16 133
YOR350C 2 3
YOR351C 0 0
YOR352W 2 8
YOR353C 0 0
YOR354C 13 847
YOR355W 0 0
YOR356W 5 104
YOR357C 10 333
YOR358W 3 14
YOR359W 0 0
YOR360C 3 25
YOR361C 6 34
YOR362C 0 0
YOR363C 2 10
YOR364W 8 185
YOR365C 2 35
YOR366W 0 0
YOR367W 8 340
YOR368W 3 10
YOR369C 0 0
YOR370C 0 0
YOR371C 3 6
YOR372C 1 1
YOR373W 0 0
YOR374W 9 76
YOR375C 0 0
YOR376W 0 0
YOR376W-A 0 0
YOR377W 3 28
YOR378W 0 0
YOR379C 5 80
YOR380W 5 21
YOR381W 2 7
YOR381W-A 3 16
YOR382W 3 31
YOR383C 5 41
YOR384W 0 0
YOR385W 4 58
YOR386W 3 20
YOR387C 1 1
YOR388C 1 2
YOR389W 3 49
YOR390W 4 44
YOR391C 0 0
YOR392W 0 0
YOR393W 0 0
YOR394W 0 0
YOR394C-A 0 0
YOR396W 0 0
YOR396C-A 0 0
YPL283C 0 0
YPL283W-B 0 0
YPL283W-A 0 0
YPL282C 0 0
YPL281C 0 0
YPL280W 0 0
YPL279C 1 3
YPL278C 0 0
YPL277C 1 3
YPL274W 3 14
YPL273W 0 0
YPL272C 1 5
YPL271W 2 24
YPL270W 0 0
YPL269W 8 164
YPL268W 2 3
YPL267W 6 81
YPL266W 0 0
YPL265W 1 33
YPL264C 5 57
YPL263C 0 0
YPL262W 1 53
YPL261C 1 7
YPL260W 0 0
YPL259C 3 13
YPL258C 4 20
YPL257W 0 0
YPL256C 0 0
YPL255W 0 0
YPL254W 0 0
YPL253C 7 50
YPL252C 11 141
YPL251W 2 9
YPL250C 1 1
YPL249C-A 1 7
YPL250W-A 1 1
YPL249C 4 23
YPL248C 6 117
YPL247C 0 0
YPL246C 3 18
YPL245W 7 30
YPL244C 3 39
YPL243W 0 0
YPL242C 0 0
YPL241C 10 219
YPL240C 7 153
YPL239W 0 0
YPL238C 0 0
YPL237W 0 0
YPL236C 1 4
YPL235W 0 0
YPL234C 0 0
YPL233W 0 0
YPL232W 0 0
YPL231W 0 0
YPL230W 3 12
YPL229W 4 41
YPL228W 0 0
YPL227C 0 0
YPL226W 1 10
YPL225W 1 24
YPL224C 6 311
YPL223C 3 203
YPL222W 8 101
YPL222C-A 2 6
YPL221W 8 73
YPL220W 11 168
YPL219W 1 3
YPL218W 0 0
YPL217C 1 10
YPL216W 0 0
YPL215W 2 23
YPL214C 0 0
YPL213W 3 19
YPL212C 2 4
YPL211W 1 6
YPL210C 0 0
YPL209C 1 2
YPL208W 4 29
YPL207W 1 4
YPL206C 4 9
YPL205C 0 0
YPL204W 0 0
YPL203W 4 37
YPL202C 10 76
YPL201C 8 59
YPL200W 4 19
YPL199C 2 21
YPL198W 6 64
YPL197C 0 0
YPL196W 0 0
YPL195W 11 615
YPL194W 0 0
YPL193W 1 21
YPL192C 0 0
YPL191C 3 29
YPL190C 0 0
YPL189C-A 6 300
YPL189W 2 3
YPL188W 2 8
YPL187W 3 33
YPL186C 14 314
YPL185W 3 19
YPL184C 0 0
YPL183W-A 3 33
YPL183C 2 94
YPL182C 5 58
YPL181W 4 40
YPL180W 1 1
YPL179W 1 1
YPL178W 0 0
YPL177C 1 6
YPL176C 0 0
YPL175W 0 0
YPL174C 0 0
YPL173W 6 136
YPL172C 0 0
YPL171C 5 16
YPL170W 2 8
YPL169C 0 0
YPL168W 2 21
YPL167C 4 61
YPL166W 10 75
YPL165C 1 24
YPL164C 2 46
YPL163C 1 1
YPL162C 2 15
YPL161C 2 10
YPL160W 0 0
YPL159C 0 0
YPL158C 1 1
YPL157W 5 14
YPL156C 2 16
YPL155C 2 26
YPL154C 1 14
YPL153C 1 3
YPL152W-A 3 25
YPL152W 0 0
YPL151C 0 0
YPL150W 1 6
YPL149W 5 17
YPL148C 0 0
YPL147W 3 36
YPL146C 0 0
YPL145C 0 0
YPL144W 5 20
YPL143W 0 0
YPL142C 0 0
YPL141C 0 0
YPL140C 4 42
YPL139C 1 3
YPL138C 3 4
YPL137C 1 2
YPL136W 3 8
YPL135W 8 65
YPL135C-A 4 27
YPL134C 6 30
YPL133C 0 0
YPL132W 1 1
YPL131W 0 0
YPL130W 1 25
YPL129W 0 0
YPL128C 0 0
YPL127C 3 29
YPL126W 0 0
YPL125W 0 0
YPL124W 1 3
YPL123C 2 5
YPL122C 2 5
YPL121C 0 0
YPL120W 5 18
YPL119C-A 0 0
YPL119C 1 8
YPL118W 1 8
YPL117C 0 0
YPL116W 4 24
YPL115C 1 9
YPL114W 10 54
YPL113C 3 9
YPL112C 5 82
YPL111W 8 70
YPL110C 0 0
YPL109C 0 0
YPL108W 5 12
YPL107W 4 20
YPL106C 0 0
YPL105C 4 30
YPL104W 2 6
YPL103C 3 28
YPL102C 0 0
YPL101W 5 29
YPL100W 0 0
YPL099C 4 31
YPL098C 1 4
YPL097W 5 22
YPL096C-A 0 0
YPL096W 5 21
YPL095C 2 42
YPL094C 0 0
YPL093W 0 0
YPL092W 1 8
YPL091W 2 4
YPL090C 2 4
YPL089C 18 1610
YPL088W 0 0
YPL087W 3 51
YPL086C 0 0
YPL085W 0 0
YPL084W 3 14
YPL083C 0 0
YPL082C 2 6
YPL081W 8 171
YPL080C 3 8
YPL079W 1 1
YPL078C 2 23
YPL077C 3 43
YPL076W 1 2
YPL075W 0 0
YPL074W 4 25
YPL073C 2 11
YPL072W 3 14
YPL071C 3 4
YPL070W 0 0
YPL069C 4 26
YPL068C 11 95
YPL067C 2 6
YPL066W 7 149
YPL065W 3 14
YPL064C 4 40
YPL063W 0 0
YPL062W 39 2101
YPL061W 4 11
YPL060W 5 6
YPL059W 0 0
YPL058C 1 5
YPL057C 1 25
YPL056C 16 507
YPL055C 6 114
YPL054W 0 0
YPL053C 8 53
YPL052W 5 121
YPL051W 5 69
YPL050C 0 0
YPL049C 6 35
YPL048W 9 185
YPL047W 0 0
YPL046C 0 0
YPL045W 0 0
YPL044C 0 0
YPL043W 0 0
YPL042C 0 0
YPL041C 4 40
YPL040C 5 44
YPL039W 5 44
YPL038W-A 2 17
YPL038W 10 80
YPL037C 1 4
YPL036W 3 26
YPL035C 3 25
YPL034W 2 28
YPL033C 2 5
YPL032C 3 23
YPL031C 0 0
YPL030W 0 0
YPL029W 4 34
YPL028W 0 0
YPL027W 0 0
YPL026C 0 0
YPL025C 15 293
YPL024W 9 56
YPL023C 0 0
YPL022W 0 0
YPL021W 1 1
YPL020C 1 4
YPL019C 9 200
YPL018W 2 39
YPL017C 9 90
YPL016W 0 0
YPL015C 16 285
YPL014W 3 17
YPL013C 5 262
YPL012W 0 0
YPL011C 0 0
YPL010W 1 3
YPL009C 1 13
YPL008W 2 2
YPL007C 0 0
YPL006W 3 88
YPL005W 1 1
YPL004C 0 0
YPL003W 3 17
YPL002C 8 93
YPL001W 5 34
YPR001W 7 52
YPR002W 10 87
YPR002C-A 2 4
YPR003C 5 21
YPR004C 0 0
YPR005C 3 26
YPR006C 2 30
YPR007C 1 1
YPR008W 2 58
YPR009W 2 78
YPR010C 0 0
YPR010C-A 11 81
YPR011C 2 4
YPR012W 3 16
YPR013C 4 31
YPR014C 0 0
YPR015C 0 0
YPR016C 0 0
YPR016W-A 0 0
YPR017C 5 311
YPR018W 0 0
YPR019W 0 0
YPR020W 2 50
YPR021C 0 0
YPR022C 4 54
YPR023C 3 7
YPR024W 1 2
YPR025C 1 18
YPR026W 1 5
YPR027C 1 10
YPR028W 0 0
YPR029C 1 1
YPR030W 9 382
YPR031W 1 3
YPR032W 2 15
YPR033C 0 0
YPR034W 2 2
YPR035W 0 0
YPR036W 1 2
YPR036W-A 6 69
YPR037C 7 60
YPR038W 7 281
YPR039W 9 48
YPR040W 11 67
YPR041W 0 0
YPR042C 0 0
YPR043W 0 0
YPR044C 1 4
YPR045C 9 105
YPR046W 19 180
YPR047W 1 2
YPR048W 3 15
YPR049C 2 7
YPR050C 8 86
YPR051W 3 14
YPR052C 3 29
YPR053C 4 35
YPR054W 5 37
YPR055W 0 0
YPR056W 1 4
YPR057W 5 29
YPR058W 1 11
YPR059C 0 0
YPR060C 0 0
YPR061C 10 141
YPR062W 4 318
YPR063C 7 92
YPR064W 8 31
YPR065W 2 12
YPR066W 0 0
YPR067W 1 1
YPR068C 6 254
YPR069C 3 54
YPR070W 3 45
YPR071W 0 0
YPR072W 0 0
YPR073C 1 9
YPR074C 4 22
YPR074W-A 5 203
YPR075C 7 60
YPR076W 2 13
YPR077C 1 2
YPR078C 1 4
YPR079W 2 3
YPR080W 0 0
YPR081C 3 30
YPR082C 8 88
YPR083W 2 21
YPR084W 0 0
YPR085C 0 0
YPR086W 1 14
YPR087W 1 1
YPR088C 0 0
YPR089W 5 64
YPR091C 11 360
YPR092W 4 13
YPR093C 3 29
YPR094W 3 12
YPR095C 0 0
YPR096C 0 0
YPR097W 2 14
YPR098C 8 180
YPR099C 3 6
YPR100W 8 34
YPR101W 1 2
YPR102C 0 0
YPR103W 0 0
YPR104C 0 0
YPR105C 2 6
YPR106W 1 10
YPR107C 0 0
YPR108W 0 0
YPR108W-A 0 0
YPR109W 1 35
YPR110C 0 0
YPR111W 3 26
YPR112C 1 1
YPR113W 1 3
YPR114W 1 1
YPR115W 0 0
YPR116W 4 9
YPR117W 0 0
YPR118W 3 38
YPR119W 2 19
YPR120C 0 0
YPR121W 0 0
YPR122W 6 130
YPR123C 2 10
YPR124W 1 1
YPR125W 0 0
YPR126C 5 60
YPR127W 11 503
YPR128C 5 29
YPR129W 6 19
YPR130C 2 6
YPR131C 6 57
YPR132W 2 18
YPR133C 0 0
YPR133W-A 2 4
YPR134W 0 0
YPR135W 0 0
YPR136C 0 0
YPR137W 0 0
YPR138C 1 3
YPR139C 0 0
YPR140W 0 0
YPR141C 1 1
YPR142C 0 0
YPR143W 0 0
YPR144C 0 0
YPR145W 14 107
YPR145C-A 9 116
YPR146C 1 9
YPR147C 6 24
YPR148C 8 81
YPR149W 4 9
YPR150W 1 1
YPR151C 27 643
YPR152C 6 66
YPR153W 11 130
YPR154W 5 93
YPR155C 1 2
YPR156C 2 13
YPR157W 2 9
YPR158W 3 15
YPR159W 0 0
YPR159C-A 19 457
YPR160W 3 53
YPR160W-A 1 1
YPR160C-A 2 4
YPR161C 0 0
YPR162C 0 0
YPR163C 0 0
YPR164W 0 0
YPR165W 0 0
YPR166C 5 38
YPR167C 4 33
YPR168W 0 0
YPR169W 0 0
YPR170C 1 10
YPR169W-A 8 164
YPR170W-B 8 164
YPR170W-A 1 10
YPR171W 8 61
YPR172W 2 15
YPR173C 0 0
YPR174C 4 31
YPR175W 0 0
YPR176C 2 15
YPR177C 3 53
YPR178W 2 4
YPR179C 4 27
YPR180W 3 24
YPR181C 0 0
YPR182W 0 0
YPR183W 1 5
YPR184W 2 23
YPR185W 2 5
YPR186C 0 0
YPR187W 0 0
YPR188C 7 113
YPR189W 3 41
YPR190C 4 20
YPR191W 2 66
YPR192W 2 3
YPR193C 4 31
YPR194C 0 0
YPR195C 4 5
YPR196W 8 73
YPR197C 0 0
YPR198W 2 11
YPR199C 7 106
YPR200C 0 0
YPR201W 2 42
YPR202W 0 0
YPR203W 0 0
YPR204W 0 0
YPR204C-A 0 0
