YAL069W 11 326
YAL068W-A 5 286
YAL068C 4 11
YAL067W-A 3 614
YAL067C 17 8307
YAL066W 2 5
YAL065C 0 0
YAL064W-B 2 16
YAL064C-A 5 152
YAL064W 0 0
YAL063C-A 0 0
YAL063C 15 3085
YAL062W 61 6745
YAL061W 45 1705
YAL060W 31 1376
YAL059C-A 7 156
YAL059W 9 225
YAL058W 33 2303
YAL056C-A 9 599
YAL056W 39 1465
YAL055W 4 28
YAL054C 35 553
YAL053W 28 1719
YAL051W 36 1352
YAL049C 12 343
YAL048C 30 906
YAL047W-A 5 37
YAL047C 11 372
YAL046C 4 62
YAL045C 4 29
YAL044W-A 6 38
YAL044C 11 300
YAL043C 32 1440
YAL042C-A 13 579
YAL042W 27 1384
YAL041W 17 420
YAL040C 19 577
YAL039C 51 1401
YAL038W 26 883
YAL037C-B 15 500
YAL037C-A 1 2
YAL037W 9 69
YAL036C 16 67564
YAL035W 23 806
YAL034C-B 6 62
YAL034W-A 4 71
YAL034C 25 1185
YAL033W 5 98
YAL032C 16 791
YAL031W-A 3 22
YAL031C 19 667
YAL030W 3 32
YAL029C 24 782
YAL028W 13 627
YAL027W 15 409
YAL026C-A 3 18
YAL026C 22 924
YAL025C 2 49
YAL024C 23 602
YAL023C 28 1517
YAL022C 14 256
YAL021C 28 665
YAL020C 17 388
YAL019W-A 11 331
YAL019W 21 404
YAL018C 5 25
YAL017W 37 3227
YAL016C-B 3 11
YAL016C-A 5 40
YAL016W 15 156
YAL015C 18 478
YAL014C 8 271
YAL013W 8 47
YAL012W 17 286
YAL011W 12 403
YAL010C 7 131
YAL009W 2 7
YAL008W 7 175
YAL007C 9 127
YAL005C 22 431
YAL004W 8 86
YAL003W 5 76
YAL002W 45 3238
YAL001C 74 3756
YAR002W 33 1547
YAR002C-A 9 248
YAR003W 32 1677
YAR007C 8 74
YAR008W 8 98
YAR014C 14 718
YAR015W 7 94
YAR018C 10 426
YAR019C 12 11852
YAR019W-A 5 31
YAR020C 0 0
YAR023C 9 203
YAR027W 6 149
YAR028W 12 577
YAR029W 0 0
YAR030C 3 70
YAR031W 10 126
YAR033W 5 72
YAR035W 87 4296
YAR035C-A 3 10
YAR042W 35 1829
YAR047C 0 0
YAR050W 14 356
YAR053W 0 0
YAR060C 0 0
YAR064W 0 0
YAR066W 0 0
YAR068W 2 14
YAR069C 0 0
YAR070C 0 0
YAR071W 2 12
YAR073W 6 25
YAR075W 0 0
YBL113C 2 9
YBL113W-A 0 0
YBL112C 0 0
YBL111C 0 0
YBL109W 4 269
YBL108C-A 0 0
YBL108W 13 2783
YBL107W-A 0 0
YBL107C 5 138
YBL106C 25 550
YBL105C 25 862
YBL104C 54 2041
YBL103C 14 241
YBL102W 6 639
YBL101C 42 1382
YBL100W-C 4 23
YBL100C 4 11
YBL099W 10 91
YBL098W 26 570
YBL097W 23 623
YBL096C 6 199
YBL095W 15 332
YBL094C 2 4
YBL093C 17 480
YBL092W 0 0
YBL091C-A 10 243
YBL091C 17 543
YBL090W 4 124
YBL089W 14 165
YBL088C 61 1322
YBL087C 6 35
YBL086C 7 662
YBL085W 14 129
YBL084C 13 154
YBL083C 2 2
YBL082C 13 377
YBL081W 12 216
YBL080C 20 207
YBL079W 32 835
YBL078C 0 0
YBL077W 8 734
YBL076C 20 241
YBL075C 27 555
YBL074C 10 189
YBL073W 8 55
YBL072C 3 54
YBL071C-B 2 7
YBL071W-A 2 24
YBL071C 3 48
YBL070C 7 8849
YBL069W 19 1175
YBL068W-A 1 60
YBL068W 7 113
YBL067C 6 189
YBL066C 32 2286
YBL065W 7 87
YBL064C 9 308
YBL063W 29 1763
YBL062W 1 1
YBL061C 11 143
YBL060W 17 832
YBL059C-A 0 0
YBL059W 5 82
YBL058W 16 312
YBL057C 10 142
YBL056W 16 286
YBL055C 21 517
YBL054W 21 542
YBL053W 2 23
YBL052C 18 1780
YBL051C 18 1230
YBL050W 7 220
YBL049W 2 94
YBL048W 2 66
YBL047C 36 1046
YBL046W 18 651
YBL045C 10 121
YBL044W 31 4545
YBL043W 6 96
YBL042C 26 591
YBL041W 6 289
YBL040C 9 170
YBL039W-B 1 5
YBL039C 8 84
YBL039C-A 0 0
YBL038W 8 390
YBL037W 30 1560
YBL036C 10 95
YBL035C 16 1006
YBL034C 33 1162
YBL033C 17 316
YBL032W 14 240
YBL031W 27 1762
YBL030C 16 1010
YBL029C-A 8 651
YBL029W 17 254
YBL028C 2 346
YBL027W 2 42
YBL026W 9 139
YBL025W 7 53
YBL024W 13 5275
YBL023C 19 464
YBL022C 21 264
YBL021C 5 59
YBL020W 18 481
YBL019W 8 215
YBL018C 5 251
YBL017C 58 1128
YBL016W 23 494
YBL015W 39 1005
YBL014C 22 701
YBL013W 33 768
YBL012C 6 55
YBL011W 27 732
YBL010C 4 40
YBL009W 19 469
YBL008W-A 3 29
YBL008W 20 670
YBL007C 26 456
YBL006C 5 36
YBL006W-A 2 2
YBL005W 26 582
YBL004W 29 508
YBL003C 6 218
YBL002W 14 161
YBL001C 16 1443
YBR001C 75 4606
YBR002C 13 186
YBR003W 15 613
YBR004C 18 291
YBR005W 7 81
YBR006W 44 1570
YBR007C 17 918
YBR008C 31 1837
YBR009C 0 0
YBR010W 3 100
YBR011C 9 140
YBR012C 1 8
YBR013C 3 101
YBR014C 4 135
YBR015C 15 278
YBR016W 4 305
YBR017C 12 390
YBR018C 8 153
YBR019C 40 1225
YBR020W 32 598
YBR021W 25 610
YBR022W 10 465
YBR023C 38 1117
YBR024W 4 61
YBR025C 11 284
YBR026C 13 278
YBR027C 13 310
YBR028C 9 160
YBR029C 12 136
YBR030W 9 59
YBR031W 1 1
YBR032W 17 6980
YBR033W 27 803
YBR034C 17 573
YBR035C 8 192
YBR036C 19 1300
YBR037C 18 449
YBR038W 39 835
YBR039W 8 140
YBR040W 6 46
YBR041W 13 1006
YBR042C 8 190
YBR043C 15 325
YBR044C 13 416
YBR045C 17 340
YBR046C 10 174
YBR047W 10 548
YBR048W 7 124
YBR049C 28 837
YBR050C 10 293
YBR051W 3 62
YBR052C 6 157
YBR053C 11 652
YBR054W 20 4379
YBR055C 23 486
YBR056W 13 130
YBR056W-A 5 283
YBR056C-B 3 245
YBR057C 10 133
YBR058C 17 1075
YBR058C-A 0 0
YBR059C 27 505
YBR060C 8 129
YBR061C 17 485
YBR062C 6 49
YBR063C 5 198
YBR064W 2 101
YBR065C 9 112
YBR066C 10 79
YBR067C 2 7
YBR068C 28 3444
YBR069C 26 831
YBR070C 19 287
YBR071W 10 233
YBR072W 12 546
YBR072C-A 6 257
YBR073W 18 493
YBR074W 30 830
YBR076W 14 427
YBR076C-A 12 545
YBR077C 8 288
YBR078W 35 3236
YBR079C 22 676
YBR080C 22 223
YBR081C 22 444
YBR082C 9 111
YBR083W 24 626
YBR084W 19 1002
YBR084C-A 3 5
YBR085W 5 107
YBR085C-A 2 4
YBR086C 18 612
YBR087W 10 730
YBR088C 10 145
YBR089W 9 141
YBR089C-A 15 1910
YBR090C 19 1928
YBR091C 1 2
YBR092C 13 454
YBR093C 18 344
YBR094W 22 437
YBR095C 11 257
YBR096W 6 44
YBR097W 15 1106
YBR098W 25 887
YBR099C 4 37
YBR101C 4 13
YBR102C 18 306
YBR103W 9 87
YBR103C-A 15 1391
YBR104W 17 623
YBR105C 7 110
YBR106W 8 77
YBR107C 6 651
YBR108W 24 624
YBR109C 1 2
YBR109W-A 3 62
YBR110W 5 73
YBR111C 6 791
YBR111W-A 3 71
YBR112C 24 1149
YBR113W 3 46
YBR114W 26 1625
YBR115C 54 55768
YBR116C 11 1437
YBR117C 36 1638
YBR118W 3 26
YBR119W 11 530
YBR120C 2 137
YBR121C 4 44
YBR121C-A 0 0
YBR122C 3 72
YBR123C 8 117
YBR124W 11 80
YBR125C 12 2518
YBR126C 33 816
YBR126W-A 6 86
YBR126W-B 7 103
YBR127C 10 86
YBR128C 13 418
YBR129C 4 20
YBR130C 5 115
YBR131W 18 197
YBR131C-A 0 0
YBR132C 24 1975
YBR133C 27 515
YBR134W 20 5883
YBR135W 9 523
YBR136W 38 511
YBR137W 9 418
YBR138C 22 713
YBR139W 22 431
YBR140C 76 6803
YBR141C 9 272
YBR141W-A 0 0
YBR142W 23 507
YBR143C 4 176
YBR144C 12 620
YBR145W 12 138
YBR146W 3 74
YBR147W 5 107
YBR148W 17 361
YBR149W 19 1114
YBR150C 24 285
YBR151W 16 495
YBR152W 14 275
YBR153W 10 224
YBR154C 1 1
YBR155W 7 167
YBR156C 11 248
YBR157C 8 1809
YBR158W 15 1444
YBR159W 11 124
YBR160W 11 302
YBR161W 6 21
YBR162C 16 224
YBR162W-A 0 0
YBR163W 14 228
YBR164C 3 50
YBR165W 4 32
YBR166C 11 405
YBR167C 6 121
YBR168W 7 165
YBR169C 18 368
YBR170C 22 779
YBR171W 1 29
YBR172C 26 393
YBR173C 5 210
YBR174C 4 115
YBR175W 10 309
YBR176W 3 5
YBR177C 18 500
YBR178W 12 1700
YBR179C 23 326
YBR180W 18 380
YBR181C 5 260
YBR182C 15 197
YBR182C-A 2 8
YBR183W 9 98
YBR184W 9 212
YBR185C 8 469
YBR186W 27 1039
YBR187W 6 59
YBR188C 5 96
YBR189W 5 20
YBR190W 1 1
YBR191W 2 14
YBR191W-A 0 0
YBR192W 5 26
YBR193C 4 393
YBR194W 5 160
YBR195C 15 119
YBR196C 17 456
YBR196C-A 5 520
YBR196C-B 4 284
YBR197C 18 2243
YBR198C 10 157
YBR199W 18 653
YBR200W 5 46
YBR200W-A 0 0
YBR201W 3 17
YBR201C-A 4 66
YBR202W 29 1272
YBR203W 31 1010
YBR204C 11 174
YBR205W 11 188
YBR206W 6 21
YBR207W 14 791
YBR208C 64 1916
YBR209W 14 802
YBR210W 0 0
YBR211C 6 86
YBR212W 14 590
YBR213W 17 333
YBR214W 22 652
YBR215W 18 372
YBR216C 10 165
YBR217W 6 41
YBR218C 40 1012
YBR219C 27 1606
YBR220C 18 901
YBR221C 15 395
YBR221W-A 7 71
YBR222C 27 563
YBR223C 13 179
YBR223W-A 3 24
YBR224W 2 5
YBR225W 11 138
YBR226C 2 9
YBR227C 4 84
YBR228W 12 423
YBR229C 35 895
YBR230C 6 145
YBR230W-A 10 273
YBR231C 11 138
YBR232C 3 44
YBR233W 9 209
YBR233W-A 5 85
YBR234C 7 119
YBR235W 51 1335
YBR236C 14 216
YBR237W 11 167
YBR238C 14 265
YBR239C 38 725
YBR240C 21 418
YBR241C 45 8941
YBR242W 17 815
YBR243C 8 254
YBR244W 2 5
YBR245C 28 1129
YBR246W 16 423
YBR247C 4 36
YBR248C 25 577
YBR249C 10 108
YBR250W 10 44
YBR251W 7 198
YBR252W 5 53
YBR253W 6 73
YBR254C 1 9
YBR255W 27 1273
YBR255C-A 4 770
YBR256C 9 95
YBR257W 6 80
YBR258C 6 59
YBR259W 9 152
YBR260C 25 503
YBR261C 14 498
YBR262C 4 40
YBR263W 14 250
YBR264C 9 133
YBR265W 5 548
YBR267W 13 273
YBR266C 1 62
YBR268W 3 73
YBR269C 5 78
YBR270C 8 92
YBR271W 13 170
YBR272C 13 642
YBR273C 9 243
YBR274W 13 632
YBR275C 36 1239
YBR276C 19 542
YBR277C 5 80
YBR278W 9 164
YBR279W 5 116
YBR280C 19 539
YBR281C 26 669
YBR282W 2 23
YBR283C 13 182
YBR284W 26 643
YBR285W 1 1
YBR286W 33 854
YBR287W 13 362
YBR288C 9 667
YBR289W 23 714
YBR290W 5 43
YBR291C 20 1082
YBR292C 4 312
YBR293W 15 431
YBR294W 20 483
YBR295W 27 1305
YBR296C 29 789
YBR296C-A 9 1108
YBR297W 12 926
YBR298C 30 524
YBR298C-A 11 202
YBR299W 7 786
YBR300C 1 18
YBR301W 3 80
YBR302C 0 0
YCL076W 3 36
YCL073C 6 103
YCL069W 1 38
YCL068C 0 0
YCL067C 0 0
YCL066W 0 0
YCL065W 0 0
YCL064C 12 185
YCL063W 13 230
YCL061C 8 123
YCL059C 6 128
YCL058C 6 225
YCL058W-A 6 225
YCL057C-A 6 167
YCL057W 24 1326
YCL056C 1 1
YCL055W 2 122
YCL054W 9 430
YCL052C 8 147
YCL051W 18 375
YCL050C 13 260
YCL049C 8 68
YCL048W-A 1 2
YCL048W 9 121
YCL047C 9 135
YCL045C 24 287
YCL046W 1 2
YCL044C 15 477
YCL043C 23 335
YCL041C 12 148
YCL042W 15 256
YCL040W 73 8382
YCL039W 44 1114
YCL038C 17 305
YCL037C 10 213
YCL036W 23 770
YCL035C 4 139
YCL034W 17 269
YCL033C 2 41
YCL032W 7 41
YCL031C 7 96
YCL030C 18 2355
YCL029C 28 3667
YCL028W 8 140
YCL027W 14 277
YCL026C-B 2 223
YCL026C-A 5 1082
YCL025C 30 842
YCL023C 9 77
YCL024W 33 782
YCL022C 2 8
YCL021W-A 6 38
YCL018W 12 211
YCL017C 6 151
YCL016C 8 210
YCL014W 31 1361
YCL012C 3 27
YCL011C 7 69
YCL010C 24 612
YCL009C 11 102
YCL008C 21 1491
YCL007C 11 218
YCL005W-A 10 217
YCL005W 7 142
YCL004W 16 260
YCL002C 10 202
YCL001W 1 229
YCL001W-A 0 0
YCL001W-B 4 331
YCR001W 9 230
YCR002C 10 196
YCR003W 8 561
YCR004C 5 563
YCR005C 28 1004
YCR006C 27 16452
YCR007C 10 1095
YCR008W 20 448
YCR009C 2 63
YCR010C 14 161
YCR011C 53 1907
YCR012W 8 316
YCR013C 6 318
YCR014C 16 945
YCR015C 13 395
YCR016W 10 420
YCR017C 22 3397
YCR018C 6 65
YCR018C-A 4 42
YCR019W 16 681
YCR020C 7 139
YCR020C-A 2 30
YCR020W-B 2 12
YCR021C 22 501
YCR022C 18 454
YCR023C 27 716
YCR024C 4 11
YCR024C-B 7 477
YCR024C-A 1 2
YCR025C 11 1481
YCR026C 35 1983
YCR027C 2 14
YCR028C 13 237
YCR028C-A 3 4
YCR030C 16 38826
YCR031C 15 312
YCR032W 43 1599
YCR033W 31 581
YCR034W 3 13
YCR035C 1 27
YCR036W 18 529
YCR037C 14 180
YCR038C 4 96
YCR038W-A 0 0
YCR039C 0 0
YCR040W 0 0
YCR041W 0 0
YCR042C 23 280
YCR043C 6 946
YCR044C 16 347
YCR045C 15 187
YCR045W-A 6 70
YCR046C 7 111
YCR047C 12 251
YCR047W-A 3 11
YCR049C 14 290
YCR048W 35 897
YCR050C 2 70
YCR051W 11 190
YCR052W 6 52
YCR053W 11 295
YCR054C 15 370
YCR057C 19 361
YCR059C 18 643
YCR060W 4 91
YCR061W 41 889
YCR064C 12 328
YCR063W 17 1485
YCR065W 25 1328
YCR066W 8 301
YCR067C 18 496
YCR068W 22 1201
YCR069W 11 224
YCR071C 7 248
YCR072C 25 638
YCR073C 49 805
YCR073W-A 10 242
YCR075C 7 106
YCR075W-A 0 0
YCR076C 6 69
YCR077C 21 468
YCR079W 21 595
YCR081W 40 1272
YCR081C-A 5 186
YCR082W 3 12
YCR083W 10 299
YCR084C 19 462
YCR085W 1 4
YCR086W 7 154
YCR087W 9 630
YCR087C-A 7 233
YCR088W 20 719
YCR089W 22 10084
YCR090C 6 45
YCR091W 22 1315
YCR092C 21 636
YCR093W 37 1083
YCR094W 9 139
YCR095C 4 167
YCR095W-A 1 10
YCR096C 0 0
YCR097W 2 78
YCR097W-A 1 1
YCR098C 14 200
YCR099C 9 236
YCR100C 10 366
YCR101C 8 357
YCR102C 21 666
YCR102W-A 0 0
YCR104W 0 0
YCR105W 21 1336
YCR106W 21 959
YCR107W 5 35
YCR108C 5 1085
YDL248W 2 8
YDL247W-A 0 0
YDL247W 0 0
YDL246C 0 0
YDL245C 1 4
YDL244W 8 179
YDL243C 7 53
YDL242W 16 992
YDL241W 3 69
YDL240C-A 21 7196
YDL240W 22 407
YDL239C 6 387
YDL238C 19 817
YDL237W 7 178
YDL236W 4 33
YDL235C 0 0
YDL234C 22 475
YDL233W 9 264
YDL232W 2 31
YDL231C 50 2002
YDL230W 13 185
YDL229W 11 484
YDL228C 5 489
YDL227C 4 55
YDL226C 11 160
YDL225W 7 700
YDL224C 9 106
YDL223C 31 1641
YDL222C 15 240
YDL221W 36 2482
YDL220C 68 4080
YDL219W 4 116
YDL218W 21 603
YDL217C 7 68
YDL216C 16 174
YDL215C 41 8246
YDL214C 24 596
YDL213C 8 71
YDL212W 0 0
YDL211C 7 157
YDL210W 11 118
YDL209C 7 57
YDL208W 5 16
YDL207W 5 161
YDL206W 10 145
YDL205C 17 681
YDL204W 19 1471
YDL203C 8 80
YDL202W 8 429
YDL201W 15 600
YDL200C 8 771
YDL199C 8 128
YDL198C 13 222
YDL197C 22 1081
YDL196W 19 293
YDL195W 8 39
YDL194W 9 190
YDL193W 8 409
YDL192W 13 105
YDL191W 0 0
YDL190C 27 646
YDL189W 8 162
YDL188C 16 289
YDL187C 3 42
YDL186W 7 217
YDL185C-A 3 478
YDL185W 27 348
YDL184C 0 0
YDL183C 10 112
YDL182W 20 1512
YDL181W 3 51
YDL180W 16 129
YDL179W 3 32
YDL178W 24 1281
YDL177C 11 483
YDL176W 16 635
YDL175C 9 103
YDL174C 34 907
YDL173W 9 140
YDL172C 2 52
YDL171C 59 6709
YDL170W 21 232
YDL169C 10 683
YDL168W 13 420
YDL167C 15 425
YDL166C 4 89
YDL165W 2 8
YDL164C 21 582
YDL163W 3 32
YDL162C 8 730
YDL161W 11 88
YDL160C-A 3 160
YDL160C 11 173
YDL159W-A 8 171
YDL159W 10 484
YDL159C-B 1 18
YDL158C 1 74
YDL157C 2 106
YDL156W 20 1831
YDL155W 19 345
YDL154W 19 271
YDL153C 2 3
YDL152W 1 2
YDL151C 2 74
YDL150W 6 118
YDL149W 8 245
YDL148C 15 322
YDL147W 6 63
YDL146W 5 188
YDL145C 15 237
YDL144C 17 1180
YDL143W 15 256
YDL142C 13 402
YDL141W 16 242
YDL140C 46 866
YDL139C 7 25
YDL138W 31 746
YDL137W 14 294
YDL136W 1 1
YDL135C 11 280
YDL134C 15 184
YDL133C-A 0 0
YDL133W 14 1482
YDL132W 13 450
YDL131W 28 1282
YDL130W-A 2 25
YDL130W 7 227
YDL129W 13 932
YDL128W 8 1046
YDL127W 17 1091
YDL126C 18 261
YDL125C 19 264
YDL124W 17 451
YDL123W 4 30
YDL122W 23 1043
YDL121C 4 230
YDL120W 1 2
YDL119C 13 686
YDL118W 7 543
YDL117W 20 491
YDL116W 15 438
YDL115C 11 131
YDL114W-A 0 0
YDL114W 9 298
YDL113C 18 247
YDL112W 42 621
YDL111C 8 196
YDL110C 7 202
YDL109C 19 391
YDL108W 11 264
YDL107W 10 525
YDL106C 13 523
YDL105W 12 67
YDL104C 12 343
YDL103C 6 250
YDL102W 18 115
YDL101C 12 99
YDL100C 15 378
YDL099W 4 67
YDL098C 6 147
YDL097C 16 330
YDL096C 2 67
YDL095W 27 687
YDL094C 8 256
YDL093W 18 125
YDL092W 9 134
YDL091C 8 103
YDL090C 8 69
YDL089W 19 189
YDL088C 10 116
YDL087C 9 261
YDL086W 23 880
YDL086C-A 18 833
YDL085C-A 3 53
YDL085W 31 722
YDL084W 9 112
YDL083C 2 5
YDL082W 6 72
YDL081C 0 0
YDL080C 17 2447
YDL079C 25 714
YDL078C 8 157
YDL077C 23 321
YDL076C 12 533
YDL075W 0 0
YDL074C 13 290
YDL073W 12 112
YDL072C 8 105
YDL071C 6 33
YDL070W 14 185
YDL069C 6 94
YDL068W 2 2
YDL067C 3 8
YDL066W 24 622
YDL065C 10 437
YDL064W 5 116
YDL063C 16 416
YDL062W 5 107
YDL061C 1 2
YDL060W 10 247
YDL059C 7 166
YDL058W 31 792
YDL057W 21 342
YDL056W 24 865
YDL055C 9 85
YDL054C 25 533
YDL053C 1 9
YDL052C 7 99
YDL051W 12 658
YDL050C 7 356
YDL049C 26 3646
YDL048C 35 2734
YDL047W 9 173
YDL046W 6 39
YDL045W-A 3 47
YDL045C 5 65
YDL044C 9 92
YDL043C 7 93
YDL042C 25 1524
YDL041W 12 1326
YDL040C 20 353
YDL039C 23 721
YDL037C 11 87
YDL036C 19 415
YDL035C 17 464
YDL034W 3 48
YDL033C 11 60
YDL032W 1 1
YDL031W 12 222
YDL030W 10 229
YDL029W 6 56
YDL028C 14 332
YDL027C 8 510
YDL026W 3 127
YDL025C 16 229
YDL025W-A 0 0
YDL024C 18 636
YDL022C-A 1 7
YDL023C 7 134
YDL022W 28 532
YDL021W 11 259
YDL020C 8 89
YDL019C 39 6566
YDL018C 4 67
YDL017W 11 238
YDL016C 2 13
YDL015C 2 171
YDL014W 7 124
YDL013W 9 5496
YDL012C 6 46
YDL011C 0 0
YDL010W 0 0
YDL009C 0 0
YDL008W 5 178
YDL007C-A 6 47
YDL007W 7 86
YDL006W 12 265
YDL005C 7 251
YDL004W 0 0
YDL003W 20 652
YDL002C 9 145
YDL001W 42 2017
YDR001C 77 2363
YDR002W 6 458
YDR003W 9 310
YDR003W-A 3 351
YDR004W 15 449
YDR005C 12 457
YDR006C 23 275
YDR007W 12 1213
YDR008C 16 1882
YDR009W 27 902
YDR010C 24 1261
YDR011W 65 1454
YDR012W 1 9
YDR013W 1 35
YDR014W 4 10
YDR014W-A 5 358
YDR015C 3 10
YDR016C 1 12
YDR017C 30 1197
YDR018C 17 862
YDR019C 15 460
YDR020C 7 156
YDR021W 6 115
YDR022C 5 137
YDR023W 5 23
YDR024W 7 223
YDR025W 2 15
YDR026C 17 2376
YDR027C 15 285
YDR028C 17 924
YDR029W 3 72
YDR030C 19 417
YDR031W 0 0
YDR032C 7 200
YDR033W 15 773
YDR034C 12 2016
YDR034C-A 0 0
YDR034W-B 0 0
YDR035W 10 207
YDR036C 7 35
YDR037W 25 394
YDR038C 4 39
YDR039C 0 0
YDR040C 3 5
YDR041W 5 54
YDR042C 2 10
YDR043C 8 160
YDR044W 12 599
YDR045C 5 148
YDR046C 15 3110
YDR047W 13 1062
YDR048C 9 501
YDR049W 13 506
YDR050C 5 64
YDR051C 16 393
YDR052C 7 190
YDR053W 1 1
YDR054C 8 152
YDR055W 10 222
YDR056C 8 71
YDR057W 15 302
YDR058C 5 299
YDR059C 12 206
YDR060W 23 213
YDR061W 14 777
YDR062W 10 350
YDR063W 6 170
YDR064W 5 80
YDR065W 10 269
YDR066C 8 292
YDR067C 6 344
YDR068W 2 43
YDR069C 20 663
YDR070C 6 53
YDR071C 10 107
YDR072C 23 854
YDR073W 9 74
YDR074W 39 760
YDR075W 9 867
YDR076W 36 649
YDR077W 15 120
YDR078C 11 381
YDR079W 4 484
YDR079C-A 4 55
YDR080W 31 598
YDR081C 11 83
YDR082W 19 551
YDR083W 9 147
YDR084C 5 16
YDR085C 17 300
YDR086C 1 6
YDR087C 4 25
YDR088C 9 379
YDR089W 28 439
YDR090C 14 196
YDR091C 10 171
YDR092W 6 114
YDR093W 112 17724
YDR094W 23 8213
YDR095C 19 2986
YDR096W 13 320
YDR097C 21 258
YDR098C 11 189
YDR099W 11 91
YDR100W 7 1086
YDR101C 6 56
YDR102C 8 149
YDR103W 15 261
YDR104C 27 540
YDR105C 9 329
YDR106W 8 197
YDR107C 23 565
YDR108W 15 236
YDR109C 14 2886
YDR110W 13 441
YDR111C 15 280
YDR112W 3 93
YDR113C 10 234
YDR114C 14 194
YDR115W 2 22
YDR116C 8 145
YDR117C 15 310
YDR118W 13 332
YDR118W-A 1 12
YDR119W 26 521
YDR119W-A 8 1395
YDR120C 15 383
YDR121W 3 24
YDR122W 19 232
YDR123C 14 258
YDR124W 9 231
YDR125C 8 437
YDR126W 22 448
YDR127W 34 758
YDR128W 33 1445
YDR129C 16 171
YDR130C 4 13
YDR131C 14 372
YDR132C 16 248
YDR133C 0 0
YDR135C 40 955
YDR136C 20 486
YDR137W 15 181
YDR138W 23 663
YDR139C 1 71
YDR140W 7 198
YDR141C 30 754
YDR142C 8 132
YDR143C 11 202
YDR144C 16 300
YDR145W 4 131
YDR146C 12 350
YDR147W 10 105
YDR148C 14 247
YDR149C 4 43
YDR150W 64 19009
YDR151C 10 245
YDR152W 6 110
YDR153C 6 149
YDR154C 7 674
YDR155C 8 143
YDR156W 8 35
YDR157W 16 485
YDR158W 5 85
YDR159W 29 559
YDR160W 19 190
YDR161W 6 147
YDR162C 2 15
YDR163W 7 201
YDR164C 19 547
YDR165W 9 41
YDR166C 10 284
YDR167W 7 440
YDR168W 7 141
YDR169C 3 174
YDR169C-A 4 179
YDR170C 46 888
YDR171W 7 98
YDR172W 28 607
YDR173C 9 204
YDR174W 18 686
YDR175C 7 104
YDR176W 15 140
YDR177W 14 1365
YDR178W 5 68
YDR179C 4 8
YDR179W-A 6 17
YDR180W 28 1415
YDR181C 13 175
YDR182W 8 184
YDR182W-A 2 7
YDR183W 6 88
YDR183C-A 3 88
YDR184C 4 41
YDR185C 9 90
YDR186C 33 827
YDR187C 15 602
YDR188W 19 486
YDR189W 17 105
YDR190C 9 226
YDR191W 17 585
YDR192C 8 1814
YDR193W 3 1660
YDR194C 10 123
YDR194W-A 1 18
YDR195W 12 273
YDR196C 5 116
YDR197W 7 98
YDR198C 8 136
YDR199W 1 34
YDR200C 12 231
YDR201W 8 96
YDR202C 6 194
YDR203W 0 0
YDR204W 17 256
YDR205W 24 406
YDR206W 16 269
YDR207C 33 946
YDR208W 21 759
YDR209C 4 23
YDR210W 2 8
YDR211W 15 196
YDR212W 14 250
YDR213W 19 280
YDR214W 29 737
YDR215C 42 6577
YDR216W 37 560
YDR217C 36 1444
YDR218C 12 180
YDR219C 11 156
YDR220C 8 6910
YDR221W 25 501
YDR222W 8 100
YDR223W 7 367
YDR224C 4 19
YDR225W 6 78
YDR226W 8 144
YDR227W 12 496
YDR228C 4 61
YDR229W 18 559
YDR230W 6 112
YDR231C 18 115
YDR232W 21 193
YDR233C 11 162
YDR234W 36 4741
YDR235W 3 250
YDR236C 4 38
YDR237W 3 32
YDR238C 18 1475
YDR239C 24 198
YDR240C 3 58
YDR241W 5 448
YDR242W 26 773
YDR243C 15 587
YDR244W 17 329
YDR245W 5 32
YDR246W 12 241
YDR246W-A 22 2357
YDR247W 21 723
YDR248C 5 32
YDR249C 17 251
YDR250C 14 426
YDR251W 18 489
YDR252W 4 49
YDR253C 7 46
YDR254W 9 63
YDR255C 9 78
YDR256C 23 1037
YDR257C 6 6511
YDR258C 35 520
YDR259C 10 119
YDR260C 24 9844
YDR261C 29 2718
YDR262W 9 363
YDR263C 10 392
YDR264C 24 548
YDR265W 2 17
YDR266C 15 277
YDR267C 8 113
YDR268W 15 179
YDR269C 2 88
YDR270W 16 638
YDR271C 3 199
YDR272W 11 164
YDR273W 10 225
YDR274C 29 1765
YDR275W 11 144
YDR276C 5 409
YDR277C 30 601
YDR278C 5 78
YDR279W 5 14
YDR280W 8 99
YDR281C 0 0
YDR282C 13 414
YDR283C 38 642
YDR284C 15 497
YDR285W 12 277
YDR286C 5 57
YDR287W 4 29
YDR288W 10 119
YDR289C 12 115
YDR290W 7 337
YDR291W 27 443
YDR292C 21 409
YDR293C 33 549
YDR294C 18 317
YDR295C 8 1042
YDR296W 5 226
YDR297W 19 521
YDR298C 6 94
YDR299W 9 251
YDR300C 23 439
YDR301W 30 500
YDR302W 3 13
YDR303C 19 577
YDR304C 16 447
YDR305C 18 1107
YDR306C 12 219
YDR307W 14 151
YDR308C 1 25
YDR309C 9 151
YDR310C 17 243
YDR311W 11 450
YDR312W 14 214
YDR313C 9 67
YDR314C 19 301
YDR315C 7 271
YDR316W 8 980
YDR317W 5 73
YDR318W 10 263
YDR319C 12 184
YDR320C 13 319
YDR320C-A 0 0
YDR320W-B 4 159
YDR321W 8 151
YDR322W 21 969
YDR322C-A 0 0
YDR323C 30 676
YDR324C 11 113
YDR325W 13 209
YDR326C 46 1160
YDR327W 4 52
YDR328C 12 105
YDR329C 20 435
YDR330W 20 345
YDR331W 14 186
YDR332W 13 260
YDR333C 22 627
YDR334W 34 994
YDR335W 22 524
YDR336W 17 846
YDR337W 4 65
YDR338C 19 1365
YDR339C 3 21
YDR340W 3 14
YDR341C 12 183
YDR342C 2 15
YDR343C 0 0
YDR344C 21 715
YDR345C 32 1431
YDR346C 21 1193
YDR347W 4 11
YDR348C 16 818
YDR349C 18 256
YDR350C 8 75
YDR351W 13 209
YDR352W 10 168
YDR353W 16 448
YDR354W 11 155
YDR354C-A 1 1
YDR355C 2 6
YDR356W 14 263
YDR357C 7 154
YDR358W 14 424
YDR359C 11 145
YDR360W 1 7
YDR361C 11 214
YDR362C 12 213
YDR363W 9 110
YDR363W-A 0 0
YDR364C 9 168
YDR365C 11 464
YDR366C 13 219
YDR367W 1 13
YDR368W 6 193
YDR369C 17 395
YDR370C 16 278
YDR371W 16 600
YDR371C-A 0 0
YDR372C 5 477
YDR373W 6 136
YDR374C 7 95
YDR374W-A 1 1
YDR375C 15 443
YDR376W 23 540
YDR377W 7 498
YDR378C 2 15
YDR379W 35 1013
YDR379C-A 3 17
YDR380W 23 536
YDR381W 12 148
YDR381C-A 0 0
YDR382W 4 16
YDR383C 6 383
YDR384C 12 439
YDR385W 4 87
YDR386W 19 2068
YDR387C 13 450
YDR388W 15 338
YDR389W 17 242
YDR390C 19 379
YDR391C 12 1914
YDR392W 7 114
YDR393W 14 680
YDR394W 12 355
YDR395W 22 447
YDR396W 14 717
YDR397C 15 718
YDR398W 13 205
YDR399W 8 334
YDR400W 17 205
YDR401W 5 422
YDR402C 11 531
YDR403W 17 405
YDR404C 3 40
YDR405W 26 422
YDR406W 106 71594
YDR406W-A 1 13
YDR407C 28 1180
YDR408C 9 288
YDR409W 21 373
YDR410C 18 317
YDR411C 8 385
YDR412W 0 0
YDR413C 0 0
YDR414C 12 558
YDR415C 15 582
YDR416W 18 415
YDR417C 1 62
YDR418W 1 62
YDR419W 18 242
YDR420W 25 401
YDR421W 33 1168
YDR422C 29 953
YDR423C 29 1153
YDR424C 3 22
YDR425W 18 234
YDR426C 8 340
YDR427W 9 172
YDR428C 12 540
YDR429C 2 6
YDR430C 42 855
YDR431W 4 11
YDR432W 21 583
YDR433W 7 57
YDR434W 12 347
YDR435C 12 364
YDR436W 28 898
YDR437W 6 43
YDR438W 13 85
YDR439W 2 62
YDR440W 23 307
YDR441C 10 1112
YDR442W 9 130
YDR443C 46 760
YDR444W 21 354
YDR445C 12 332
YDR446W 11 219
YDR447C 11 305
YDR448W 6 14
YDR449C 6 173
YDR450W 6 295
YDR451C 7 50
YDR452W 27 1405
YDR453C 15 93315
YDR454C 1 1
YDR455C 8 385
YDR456W 25 402
YDR457W 72 1810
YDR458C 6 67
YDR459C 16 456
YDR460W 10 160
YDR461W 2 18
YDR461C-A 6 21
YDR462W 1 2
YDR463W 26 920
YDR464W 13 201
YDR464C-A 0 0
YDR465C 7 122
YDR466W 21 380
YDR467C 9 272
YDR468C 0 0
YDR469W 9 188
YDR470C 13 296
YDR471W 8 302
YDR472W 8 114
YDR473C 9 335
YDR475C 35 886
YDR476C 26 589
YDR477W 17 421
YDR478W 2 3
YDR479C 21 372
YDR480W 17 275
YDR481C 35 577
YDR482C 18 736
YDR483W 10 232
YDR484W 10 78
YDR485C 18 362
YDR486C 12 248
YDR487C 5 36
YDR488C 36 1128
YDR489W 10 140
YDR490C 25 1007
YDR491C 21 1103
YDR492W 10 425
YDR493W 6 58
YDR494W 5 135
YDR495C 12 152
YDR496C 14 709
YDR497C 29 626
YDR498C 4 55
YDR499W 11 199
YDR500C 4 21
YDR501W 5 82
YDR502C 31 1297
YDR503C 14 318
YDR504C 3 4
YDR505C 10 144
YDR506C 35 873
YDR507C 33 522
YDR508C 29 1579
YDR509W 5 214
YDR510W 7 50
YDR510C-A 2 10
YDR511W 8 566
YDR512C 20 524
YDR513W 4 128
YDR514C 9 1920
YDR515W 3 57
YDR516C 14 587
YDR517W 16 366
YDR518W 19 1130
YDR519W 4 95
YDR520C 15 243
YDR521W 3 73
YDR522C 11 305
YDR523C 18 305
YDR524C 13 543
YDR524W-C 3 42
YDR524C-B 8 185
YDR524C-A 4 296
YDR525W 20 1746
YDR525W-A 10 1684
YDR526C 6 1333
YDR527W 24 3725
YDR528W 17 511
YDR529C 5 48
YDR530C 32 713
YDR531W 11 99
YDR532C 2 116
YDR533C 7 380
YDR534C 8 170
YDR535C 25 2312
YDR536W 23 418
YDR537C 1 17
YDR538W 5 32
YDR539W 13 122
YDR540C 0 0
YDR541C 19 480
YDR542W 4 103
YDR543C 6 195
YDR544C 11 257
YDR545W 0 0
YDR545C-A 0 0
YEL077C 3 42
YEL077W-A 0 0
YEL076C-A 0 0
YEL076C 0 0
YEL075W-A 0 0
YEL075C 0 0
YEL074W 6 184
YEL073C 2 43
YEL072W 17 544
YEL071W 14 570
YEL070W 7 53
YEL069C 19 534
YEL068C 8 188
YEL067C 21 1193
YEL066W 16 470
YEL065W 29 754
YEL064C 19 1483
YEL063C 9 408
YEL062W 19 283
YEL061C 20 358
YEL060C 33 591
YEL059C-A 6 46
YEL059W 16 1770
YEL058W 19 433
YEL057C 12 657
YEL056W 16 402
YEL055C 15 315
YEL054C 2 90
YEL053W-A 1 88
YEL053C 12 174
YEL052W 9 156
YEL051W 5 71
YEL050W-A 3 32
YEL050C 12 213
YEL049W 3 414
YEL048C 0 0
YEL047C 24 899
YEL046C 14 339
YEL045C 27 1897
YEL044W 10 222
YEL043W 16 662
YEL042W 14 291
YEL041W 20 1062
YEL040W 30 613
YEL039C 3 29
YEL038W 17 527
YEL037C 13 462
YEL036C 21 1278
YEL035C 23 12461
YEL034C-A 6 23
YEL034W 4 21
YEL033W 22 594
YEL032W 31 376
YEL032C-A 1 14
YEL031W 26 637
YEL030C-A 2 8
YEL030W 10 180
YEL029C 3 92
YEL028W 3 170
YEL027W 4 54
YEL026W 1 2
YEL025C 44 736
YEL024W 13 326
YEL023C 21 282
YEL022W 39 729
YEL021W 49 906
YEL020C-B 5 19
YEL020W-A 4 16
YEL020C 25 673
YEL019C 8 53
YEL018C-A 9 177
YEL018W 14 327
YEL017C-A 3 23
YEL017W 6 108
YEL016C 16 567
YEL015W 17 446
YEL014C 8 251
YEL013W 11 234
YEL012W 15 293
YEL011W 51 11348
YEL010W 3 10
YEL009C-A 3 10
YEL009C 13 322
YEL008W 27 2521
YEL008C-A 7 107
YEL007W 17 512
YEL006W 21 346
YEL005C 12 2726
YEL004W 15 286
YEL003W 7 230
YEL002C 24 1225
YEL001C 19 638
YER001W 51 2090
YER002W 1 10
YER003C 15 380
YER004W 14 1413
YER005W 32 1411
YER006W 17 203
YER006C-A 4 124
YER007W 10 90
YER007C-A 11 599
YER008C 19 372
YER009W 0 0
YER010C 9 257
YER011W 4 25
YER012W 2 13
YER013W 25 417
YER014W 8 131
YER014C-A 13 801
YER015W 24 604
YER016W 12 271
YER017C 31 492
YER018C 17 1582
YER019W 24 718
YER019C-A 2 37
YER020W 27 815
YER021W 10 311
YER022W 20 437
YER023W 10 636
YER023C-A 3 15
YER024W 40 1572
YER025W 3 62
YER026C 5 125
YER027C 4 60
YER028C 18 624
YER029C 1 6
YER030W 0 0
YER031C 11 285
YER032W 20 485
YER033C 18 684
YER034W 15 952
YER035W 17 177
YER036C 26 1078
YER037W 11 156
YER038C 8 102
YER038W-A 4 10
YER039C 7 25
YER039C-A 5 247
YER040W 12 310
YER041W 19 516
YER042W 10 1690
YER043C 15 416
YER044C 9 577
YER044C-A 20 322
YER045C 12 100
YER046W 14 209
YER046W-A 3 18
YER047C 13 131
YER048C 12 77
YER048W-A 2 5
YER049W 9 71
YER050C 5 20
YER051W 17 190
YER052C 9 96
YER053C 11 297
YER053C-A 0 0
YER054C 36 955
YER055C 8 140
YER056C 21 240
YER056C-A 3 45
YER057C 3 513
YER058W 8 65
YER059W 7 38
YER060W 13 257
YER060W-A 9 282
YER061C 12 159
YER062C 11 351
YER063W 9 562
YER064C 12 191
YER065C 50 2185
YER066W 8 207
YER066C-A 6 29
YER067W 7 59
YER067C-A 5 24
YER068W 19 619
YER068C-A 19 1647
YER069W 46 1926
YER070W 30 1235
YER071C 1 8
YER072W 10 330
YER073W 18 475
YER074W 1 1
YER074W-A 7 52
YER075C 23 260
YER076C 8 234
YER076W-A 3 213
YER077C 19 383
YER078C 19 613
YER078W-A 7 229
YER079W 9 281
YER079C-A 7 127
YER080W 25 491
YER081W 34 565
YER082C 11 204
YER083C 13 505
YER084W 14 542
YER084W-A 0 0
YER085C 0 0
YER086W 15 178
YER087W 20 426
YER087C-A 2 80
YER087C-B 2 19
YER088C 34 2661
YER088C-A 24 9253
YER088W-B 8 455
YER089C 38 1726
YER090W 9 180
YER090C-A 0 0
YER091C 16 358
YER091C-A 17 1124
YER092W 9 294
YER093C 20 721
YER093C-A 4 91
YER094C 3 54
YER095W 8 151
YER096W 8 242
YER097W 6 327
YER098W 19 655
YER099C 13 126
YER100W 7 50
YER101C 14 575
YER102W 2 20
YER103W 15 351
YER104W 8 132
YER105C 29 4487
YER106W 2 45
YER107C 3 27
YER107W-A 1 24
YER109C 10 61
YER110C 13 223
YER111C 24 444
YER112W 0 0
YER113C 24 468
YER114C 35 1127
YER115C 5 104
YER116C 7 165
YER117W 0 0
YER118C 7 104
YER119C 27 695
YER119C-A 7 1165
YER120W 8 546
YER121W 5 101
YER122C 6 650
YER123W 13 733
YER124C 12 254
YER125W 26 885
YER126C 3 42
YER127W 7 52
YER128W 12 200
YER129W 38 1361
YER130C 16 713
YER131W 2 7
YER132C 60 1032
YER133W 4 44
YER133W-A 3 139
YER134C 6 127
YER135C 4 21
YER136W 14 196
YER137C 9 622
YER137W-A 6 549
YER138W-A 0 0
YER139C 4 15
YER140W 14 443
YER141W 10 67
YER142C 6 223
YER143W 18 14519
YER144C 28 788
YER145C 48 8305
YER145C-A 11 345
YER146W 9 75
YER147C 43 2260
YER147C-A 2 84
YER148W 4 93
YER148W-A 8 181
YER149C 15 430
YER150W 5 38
YER151C 26 642
YER152C 17 474
YER152W-A 6 166
YER153C 13 139
YER154W 18 373
YER155C 49 1142
YER156C 11 550
YER157W 18 313
YER158C 11 350
YER158W-A 5 203
YER159C 12 311
YER161C 7 194
YER162C 13 380
YER163C 19 323
YER164W 33 844
YER165W 4 60
YER165C-A 2 2
YER166W 57 1166
YER167W 29 935
YER168C 15 564
YER169W 29 807
YER170W 4 59
YER171W 21 698
YER172C 41 1690
YER172C-A 2 3
YER173W 12 450
YER174C 11 377
YER175C 18 1784
YER175W-A 1 165
YER176W 70 3919
YER177W 4 22
YER178W 21 569
YER179W 12 421
YER180C 4 43
YER180C-A 7 4937
YER181C 2 22
YER182W 3 9
YER183C 10 472
YER184C 12 208
YER185W 10 265
YER186C 15 253
YER187W 4 76
YER188W 5 129
YER188C-A 9 1537
YER189W 0 0
YER190W 3 53
YER190C-A 0 0
YER190C-B 0 0
YFL068W 0 0
YFL067W 0 0
YFL066C 0 0
YFL065C 0 0
YFL064C 0 0
YFL063W 7 386
YFL062W 2 14
YFL061W 0 0
YFL060C 0 0
YFL059W 4 39
YFL058W 1 2
YFL057C 0 0
YFL056C 4 38
YFL055W 17 1111
YFL054C 23 452
YFL053W 21 268
YFL052W 25 670
YFL051C 9 62
YFL050C 14 339
YFL049W 11 403
YFL048C 12 328
YFL047W 21 542
YFL046W 18 677
YFL045C 1 34
YFL044C 12 122
YFL042C 22 422
YFL041W-A 3 261
YFL041W 20 251
YFL040W 17 461
YFL039C 12 184
YFL038C 20 621
YFL037W 20 824
YFL036W 28 814
YFL034C-B 11 300
YFL034C-A 9 223
YFL034W 30 577
YFL033C 75 2590
YFL032W 12 447
YFL031W 10 311
YFL031C-A 1 1
YFL030W 21 443
YFL029C 6 168
YFL028C 14 249
YFL027C 9 295
YFL026W 12 911
YFL025C 20 504
YFL024C 46 1223
YFL023W 15 612
YFL022C 6 110
YFL021C-A 48 1168
YFL021W 34 740
YFL020C 2 87
YFL019C 0 0
YFL018C 14 205
YFL017W-A 4 98
YFL017C 4 22
YFL016C 27 511
YFL015W-A 11 369
YFL015C 27 2091
YFL014W 6 92
YFL013W-A 21 739
YFL013C 26 767
YFL012W-A 16 533
YFL012W 2 17
YFL011W 10 297
YFL010W-A 1 6
YFL010C 5 19
YFL009W 9 124
YFL008W 10 146
YFL007W 54 727
YFL005W 6 17
YFL004W 18 397
YFL003C 48 3060
YFL002C 20 598
YFL001W 39 2160
YFR001W 3 160
YFR002W 17 320
YFR003C 8 197
YFR004W 4 40
YFR005C 10 60
YFR006W 28 929
YFR007W 18 418
YFR008W 4 124
YFR009W 22 292
YFR009W-A 0 0
YFR010W 18 2532
YFR010W-A 1 13
YFR011C 4 59
YFR012W 7 156
YFR012W-A 0 0
YFR013W 16 585
YFR014C 19 826
YFR015C 33 1237
YFR016C 29 842
YFR017C 23 1445
YFR018C 51 4934
YFR019W 50 1201
YFR020W 6 83
YFR021W 20 454
YFR022W 23 1311
YFR023W 8 1394
YFR024C-A 13 234
YFR025C 14 3262
YFR026C 4 12
YFR027W 5 95
YFR028C 18 267
YFR029W 24 708
YFR030W 15 201
YFR031C 16 660
YFR031C-A 4 55
YFR032C 3 13
YFR032C-A 2 15
YFR032C-B 11 622
YFR033C 15 341
YFR034C 44 11910
YFR034W-A 10 8501
YFR035C 17 8950
YFR036W 4 45
YFR036W-A 6 63
YFR037C 11 319
YFR038W 18 312
YFR039C 5 89
YFR040W 18 621
YFR041C 12 334
YFR042W 3 12
YFR043C 4 473
YFR044C 22 515
YFR045W 7 103
YFR046C 15 236
YFR047C 8 561
YFR048W 22 736
YFR049W 2 43
YFR050C 7 88
YFR051C 33 1013
YFR052W 7 88
YFR052C-A 10 115
YFR053C 31 1107
YFR054C 4 53
YFR056C 9 290
YFR055W 15 500
YFR057W 2 8
YGL263W 13 266
YGL262W 7 88
YGL261C 3 226
YGL260W 2 5
YGL259W 2 4
YGL258W-A 0 0
YGL258W 1 19
YGL257C 19 306
YGL256W 13 367
YGL255W 14 640
YGL254W 30 1197
YGL253W 16 744
YGL252C 21 334
YGL251C 29 2654
YGL250W 9 118
YGL249W 32 540
YGL248W 17 331
YGL247W 6 139
YGL246C 12 1256
YGL245W 20 246
YGL244W 12 193
YGL243W 12 263
YGL242C 5 50
YGL241W 22 236
YGL240W 6 84
YGL239C 2 60
YGL238W 25 1130
YGL237C 7 98
YGL236C 29 1601
YGL235W 9 1281
YGL234W 25 498
YGL233W 9 34
YGL232W 9 225
YGL231C 3 9
YGL230C 1 4
YGL229C 26 1224
YGL228W 16 364
YGL227W 21 714
YGL226C-A 3 7
YGL226W 8 187
YGL225W 15 365
YGL224C 13 195
YGL223C 14 547
YGL222C 1 4
YGL221C 7 96
YGL220W 6 131
YGL219C 10 365
YGL218W 7 349
YGL217C 4 16
YGL216W 37 1168
YGL215W 7 108
YGL214W 4 49
YGL213C 13 317
YGL212W 6 156
YGL211W 6 190
YGL210W 7 201
YGL209W 12 280
YGL208W 39 1812
YGL207W 21 1633
YGL206C 38 1252
YGL205W 46 1068
YGL204C 1 2125
YGL203C 30 748
YGL202W 16 821
YGL201C 35 598
YGL200C 8 25
YGL199C 6 28
YGL198W 11 96
YGL197W 21 285
YGL196W 19 382
YGL195W 61 4912
YGL194C-A 3 26
YGL194C 8 91
YGL193C 8 253
YGL192W 30 614
YGL191W 10 41
YGL190C 20 451
YGL189C 8 149
YGL188C-A 1 24
YGL188C 8 3952
YGL187C 14 334
YGL186C 21 403
YGL185C 15 125
YGL184C 27 444
YGL183C 13 349
YGL182C 6 74
YGL181W 10 270
YGL180W 33 635
YGL179C 19 1549
YGL178W 44 2929
YGL177W 12 655
YGL176C 10 800
YGL175C 4 34
YGL174W 8 151
YGL173C 37 769
YGL172W 11 129
YGL171W 9 246
YGL170C 6 113
YGL169W 12 446
YGL168W 8 141
YGL167C 20 274
YGL166W 12 283
YGL165C 14 1404
YGL164C 7 107
YGL163C 27 520
YGL162W 12 487
YGL161C 13 449
YGL160W 17 215
YGL159W 8 51
YGL158W 29 837
YGL157W 14 146
YGL156W 41 1663
YGL155W 13 343
YGL154C 3 354
YGL153W 7 64
YGL152C 10 68
YGL151W 11 178
YGL150C 26 773
YGL149W 17 649
YGL148W 16 1042
YGL147C 8 258
YGL146C 19 689
YGL145W 15 451
YGL144C 20 384
YGL143C 10 165
YGL142C 11 178
YGL141W 26 1115
YGL140C 21 610
YGL139W 18 312
YGL138C 8 149
YGL137W 20 998
YGL136C 13 556
YGL135W 4 86
YGL134W 19 202
YGL133W 39 1349
YGL132W 1 1
YGL131C 27 485
YGL130W 5 29
YGL129C 5 47
YGL128C 5 132
YGL127C 3 95
YGL126W 66 13199
YGL125W 49 2903
YGL124C 11 72
YGL123W 5 14
YGL123C-A 2 5
YGL122C 10 164
YGL121C 7 48
YGL120C 21 399
YGL119W 6 73
YGL118C 9 77
YGL117W 15 363
YGL116W 31 400
YGL115W 10 190
YGL114W 15 1061
YGL113W 8 234
YGL112C 4 40
YGL111W 5 94
YGL110C 19 424
YGL109W 7 836
YGL108C 5 27
YGL107C 14 290
YGL106W 5 15
YGL105W 7 210
YGL104C 14 275
YGL103W 14 110
YGL102C 7 73
YGL101W 2 37
YGL100W 7 231
YGL099W 11 145
YGL098W 1 2
YGL097W 29 502
YGL096W 11 195
YGL095C 16 266
YGL094C 29 360
YGL093W 12 275
YGL092W 18 199
YGL091C 9 101
YGL090W 10 593
YGL089C 1 12
YGL088W 9 185
YGL087C 13 639
YGL086W 23 467
YGL085W 10 131
YGL084C 7 137
YGL083W 21 471
YGL082W 14 193
YGL081W 6 132
YGL080W 4 115
YGL079W 1 14
YGL078C 3 75
YGL077C 27 1645
YGL076C 2 6
YGL075C 10 1177
YGL074C 10 352
YGL073W 41 661
YGL072C 20 799
YGL071W 27 1036
YGL070C 8 227
YGL069C 4 35
YGL068W 4 35
YGL067W 14 187
YGL066W 20 232
YGL065C 10 195
YGL064C 21 243
YGL063W 77 3632
YGL063C-A 15 271
YGL062W 46 431
YGL061C 5 33
YGL060W 12 170
YGL059W 12 274
YGL058W 5 199
YGL057C 7 117
YGL056C 23 269
YGL055W 35 1231
YGL054C 7 211
YGL053W 2 5
YGL052W 3 73
YGL051W 8 243
YGL050W 17 19996
YGL049C 17 445
YGL048C 4 34
YGL047W 8 71
YGL045W 38 1174
YGL044C 9 87
YGL043W 8 172
YGL042C 3 30
YGL041C-B 2 6
YGL041W-A 4 145
YGL041C 3 47
YGL040C 10 244
YGL039W 8 65
YGL038C 16 285
YGL037C 3 255
YGL036W 14 331
YGL035C 23 425
YGL034C 6 102
YGL033W 10 230
YGL032C 2 18
YGL031C 2 12
YGL030W 1 3
YGL029W 4 6
YGL028C 7 46
YGL027C 22 403
YGL026C 19 316
YGL025C 6 119
YGL024W 5 46
YGL023C 20 379
YGL022W 26 1273
YGL021W 10 113
YGL020C 4 10
YGL019W 0 0
YGL018C 5 48
YGL017W 13 726
YGL016W 14 316
YGL015C 3 35
YGL014W 14 614
YGL014C-A 2 72
YGL013C 25 1101
YGL012W 19 592
YGL011C 4 13
YGL010W 6 296
YGL009C 36 1972
YGL008C 35 960
YGL007C-A 1 27
YGL007W 17 1445
YGL006W-A 3 33
YGL006W 29 630
YGL005C 14 198
YGL004C 40 2700
YGL003C 25 540
YGL002W 24 889
YGL001C 32 1692
YGR001C 18 1670
YGR002C 14 392
YGR003W 20 371
YGR004W 13 938
YGR005C 6 354
YGR006W 13 314
YGR007W 15 898
YGR008C 9 358
YGR009C 11 110
YGR010W 13 108
YGR011W 4 19
YGR012W 15 410
YGR013W 28 1170
YGR014W 27 1018
YGR015C 21 374
YGR016W 10 283
YGR017W 4 8
YGR018C 1 1
YGR019W 37 3111
YGR020C 2 8
YGR021W 10 169
YGR022C 5 93
YGR023W 16 422
YGR024C 3 15
YGR025W 11 2056
YGR026W 9 830
YGR027C 5 113
YGR028W 10 432
YGR029W 9 168
YGR030C 11 87
YGR031W 51 2497
YGR031C-A 23 466
YGR032W 57 1489
YGR033C 11 186
YGR034W 3 51
YGR035C 5 178
YGR035W-A 4 16
YGR036C 14 427
YGR037C 0 0
YGR038W 12 310
YGR039W 12 214
YGR040W 20 251
YGR041W 39 1418
YGR042W 5 57
YGR043C 15 572
YGR044C 11 249
YGR045C 22 268
YGR046W 6 275
YGR047C 27 492
YGR048W 6 250
YGR049W 14 182
YGR050C 15 418
YGR051C 14 9891
YGR052W 25 674
YGR053C 8 197
YGR054W 19 371
YGR055W 16 319
YGR056W 28 888
YGR057C 2 104
YGR058W 6 79
YGR059W 9 115
YGR060W 7 41
YGR061C 29 1210
YGR062C 6 18
YGR063C 3 24
YGR064W 5 79
YGR065C 9 155
YGR066C 5 160
YGR067C 32 1028
YGR068C 70 3408
YGR068W-A 1 2
YGR069W 12 435
YGR070W 43 829
YGR071C 18 999
YGR072W 3 38
YGR073C 2 6
YGR074W 2 6
YGR075C 0 0
YGR076C 7 881
YGR077C 17 369
YGR078C 4 61
YGR079W 18 820
YGR080W 12 365
YGR081C 7 126
YGR082W 3 4
YGR083C 14 444
YGR084C 6 36
YGR085C 2 21
YGR086C 12 176
YGR087C 46 3257
YGR088W 12 148
YGR089W 18 319
YGR090W 19 345
YGR091W 12 239
YGR092W 13 296
YGR093W 21 1079
YGR094W 19 429
YGR095C 7 69
YGR096W 26 2724
YGR097W 26 218
YGR098C 12 139
YGR099W 12 377
YGR100W 37 1286
YGR101W 11 262
YGR102C 4 40
YGR103W 12 442
YGR104C 8 271
YGR105W 2 7
YGR106C 5 50
YGR107W 19 1338
YGR108W 11 235
YGR109C 15 325
YGR110W 2 39
YGR111W 12 385
YGR112W 5 56
YGR113W 11 1399
YGR114C 4 13
YGR115C 2 5
YGR116W 19 527
YGR117C 8 105
YGR118W 5 37
YGR119C 7 160
YGR120C 5 99
YGR121C 34 539
YGR121W-A 22 7964
YGR122W 14 602
YGR122C-A 1 42
YGR123C 16 457
YGR124W 25 879
YGR125W 24 668
YGR126W 10 188
YGR127W 14 314
YGR128C 2 4
YGR129W 13 740
YGR130C 23 692
YGR131W 4 16
YGR132C 12 91
YGR133W 10 225
YGR134W 37 820
YGR135W 6 132
YGR136W 7 188
YGR137W 3 97
YGR138C 12 180
YGR139W 4 88
YGR140W 29 456
YGR141W 21 569
YGR142W 6 66
YGR143W 22 452
YGR144W 10 227
YGR145W 6 47
YGR146C 4 1573
YGR146C-A 7 244
YGR147C 12 254
YGR148C 9 193
YGR149W 11 154
YGR150C 13 206
YGR151C 0 0
YGR152C 5 92
YGR153W 9 1043
YGR154C 8 208
YGR155W 7 58
YGR156W 15 163
YGR157W 13 208
YGR158C 6 102
YGR159C 11 172
YGR160W 1 17
YGR161C 17 381
YGR161W-C 6 65
YGR162W 18 397
YGR163W 6 115
YGR164W 7 271
YGR165W 1 1
YGR166W 15 471
YGR167W 10 229
YGR168C 12 1008
YGR169C 16 349
YGR169C-A 2 15
YGR170W 38 1526
YGR171C 12 135
YGR172C 2 3
YGR173W 14 244
YGR174C 8 138
YGR174W-A 1 7
YGR175C 13 271
YGR176W 15 819
YGR177C 29 953
YGR178C 20 2166
YGR179C 16 447
YGR180C 17 413
YGR181W 8 82
YGR182C 10 78
YGR183C 9 202
YGR184C 64 1401
YGR185C 6 71
YGR186W 11 147
YGR187C 3 4
YGR188C 15 282
YGR189C 12 453
YGR190C 3 28
YGR191W 11 271
YGR192C 7 200
YGR193C 10 215
YGR194C 17 305
YGR195W 10 99
YGR196C 19 395
YGR197C 18 945
YGR198W 26 352
YGR199W 27 1219
YGR200C 18 426
YGR201C 14 371
YGR202C 19 162
YGR203W 43 1480
YGR204W 55 1678
YGR204C-A 0 0
YGR205W 14 344
YGR206W 1 2
YGR207C 4 69
YGR208W 13 561
YGR209C 5 1045
YGR210C 42 1706
YGR211W 26 520
YGR212W 11 409
YGR213C 15 245
YGR214W 11 116
YGR215W 0 0
YGR216C 11 342
YGR217W 46 721
YGR218W 14 267
YGR219W 2 3
YGR220C 9 412
YGR221C 26 683
YGR222W 9 119
YGR223C 13 211
YGR224W 14 322
YGR225W 11 299
YGR226C 0 0
YGR227W 9 55
YGR228W 3 18
YGR229C 17 285
YGR230W 8 360
YGR231C 8 86
YGR232W 9 409
YGR233C 33 815
YGR234W 4 15
YGR235C 8 133
YGR236C 10 775
YGR237C 22 490
YGR238C 22 469
YGR239C 27 826
YGR240C 29 380
YGR240C-A 17 830
YGR241C 14 711
YGR242W 0 0
YGR243W 3 18
YGR244C 41 2252
YGR245C 28 1121
YGR246C 10 224
YGR247W 8 158
YGR248W 9 117
YGR249W 11 138
YGR250C 28 1091
YGR251W 9 700
YGR252W 17 283
YGR253C 4 200
YGR254W 16 393
YGR255C 18 270
YGR256W 22 1344
YGR257C 20 851
YGR258C 22 8001
YGR259C 5 80
YGR260W 23 4687
YGR261C 19 688
YGR262C 13 755
YGR263C 20 574
YGR264C 15 569
YGR265W 6 1029
YGR266W 28 845
YGR267C 10 257
YGR268C 14 1424
YGR269W 14 616
YGR270W 38 1368
YGR270C-A 5 87
YGR271W 63 1679
YGR271C-A 2 29
YGR273C 0 0
YGR274C 7 228
YGR275W 5 204
YGR276C 8 48
YGR277C 10 234
YGR278W 14 266
YGR279C 15 1013
YGR280C 12 509
YGR281W 64 1667
YGR282C 7 256
YGR283C 7 514
YGR284C 8 153
YGR285C 11 70
YGR286C 20 1529
YGR287C 25 479
YGR288W 12 135
YGR289C 15 195
YGR290W 1 55
YGR291C 3 5
YGR292W 4 243
YGR293C 0 0
YGR294W 2 51
YGR295C 9 227
YGR296W 0 0
YGR296C-A 0 0
YGR296C-B 0 0
YHL050C 1 16
YHL050W-A 1 16
YHL049C 0 0
YHL048C-A 3 84
YHL048W 3 22
YHL047C 22 397
YHL046W-A 2 46
YHL046C 1 2
YHL045W 7 79
YHL044W 11 186
YHL043W 3 64
YHL042W 18 2364
YHL041W 17 1479
YHL040C 27 880
YHL039W 13 205
YHL038C 10 106
YHL037C 11 351
YHL036W 26 437
YHL035C 43 909
YHL034W-A 2 31
YHL034C 4 33
YHL033C 6 119
YHL032C 43 556
YHL031C 21 301
YHL030W-A 13 215
YHL030W 50 1392
YHL029C 24 322
YHL028W 24 541
YHL027W 35 1037
YHL026C 20 3063
YHL025W 45 1573
YHL024W 35 644
YHL023C 21 830
YHL022C 6 70
YHL021C 25 811
YHL020C 21 4976
YHL019W-A 11 407
YHL019C 20 516
YHL018W 8 534
YHL017W 16 110
YHL016C 26 1482
YHL015W-A 3 689
YHL015W 0 0
YHL014C 11 1463
YHL013C 8 73
YHL012W 11 334
YHL011C 4 120
YHL010C 29 1033
YHL009C 7 114
YHL008C 6 79
YHL007C 30 1234
YHL006W-A 9 421
YHL006C 31 1272
YHL005C 19 1735
YHL004W 8 161
YHL003C 16 713
YHL002C-A 12 251
YHL002W 25 713
YHL001W 10 216
YHR001W 45 2048
YHR001W-A 13 879
YHR002W 34 1131
YHR003C 32 733
YHR004C 16 688
YHR005C 9 232
YHR005C-A 2 44
YHR006W 16 419
YHR007C 21 530
YHR007C-A 18 2809
YHR008C 13 485
YHR009C 17 415
YHR010W 1 4
YHR011W 8 219
YHR012W 4 19
YHR013C 9 330
YHR014W 1 2
YHR015W 9 439
YHR016C 17 458
YHR017W 12 1143
YHR018C 15 1035
YHR019C 17 265
YHR020W 13 188
YHR021C 3 66
YHR021W-A 3 16
YHR022C 12 545
YHR022C-A 1 1
YHR023W 37 953
YHR024C 5 47
YHR025W 10 301
YHR026W 7 87
YHR027C 22 177
YHR028C 21 692
YHR028W-A 10 25576
YHR029C 11 627
YHR030C 13 137
YHR031C 29 931
YHR032W 40 2429
YHR032W-A 7 1492
YHR032C-A 7 1501
YHR033W 46 1902
YHR034C 29 1030
YHR035W 21 373
YHR036W 12 172
YHR037W 17 2181
YHR038W 5 133
YHR039C 20 360
YHR039C-A 5 79
YHR040W 14 333
YHR041C 12 155
YHR042W 21 673
YHR043C 10 127
YHR044C 7 94
YHR045W 13 140
YHR046C 14 167
YHR047C 26 587
YHR048W 27 1219
YHR049W 17 606
YHR049C-A 5 416
YHR050W 31 2299
YHR050W-A 5 72
YHR051W 0 0
YHR052W 5 109
YHR052W-A 0 0
YHR053C 0 0
YHR054C 0 0
YHR054W-A 0 0
YHR055C 0 0
YHR056C 19 1744
YHR056W-A 7 1182
YHR057C 18 5037
YHR058C 5 220
YHR059W 2 472
YHR060W 3 71
YHR061C 8 144
YHR062C 14 438
YHR063C 8 324
YHR063W-A 3 9
YHR064C 7 355
YHR065C 18 604
YHR066W 9 166
YHR067W 14 558
YHR068W 15 341
YHR069C 10 450
YHR069C-A 1 24
YHR070W 31 3172
YHR070C-A 25 3326
YHR071W 17 778
YHR071C-A 9 186
YHR072W 23 493
YHR072W-A 3 22
YHR073W 28 671
YHR073W-A 4 163
YHR073C-B 1 97
YHR074W 15 194
YHR075C 15 218
YHR076W 4 26
YHR077C 22 389
YHR078W 9 137
YHR079C 30 508
YHR079C-A 1 4
YHR080C 61 1604
YHR081W 4 23
YHR082C 21 945
YHR083W 15 218
YHR084W 15 354
YHR085W 6 44
YHR086W 11 265
YHR086W-A 8 86
YHR087W 9 112
YHR088W 3 9
YHR089C 4 18
YHR090C 4 119
YHR091C 18 210
YHR092C 22 378
YHR093W 3 123
YHR094C 21 520
YHR095W 5 162
YHR096C 26 600
YHR097C 15 148
YHR098C 29 828
YHR099W 64 1841
YHR100C 6 200
YHR101C 9 454
YHR102W 15 203
YHR103W 28 369
YHR104W 4 33
YHR105W 4 236
YHR106W 8 4073
YHR107C 8 450
YHR108W 27 572
YHR109W 14 251
YHR110W 2 266
YHR111W 8 283
YHR112C 15 173
YHR113W 10 75
YHR114W 17 190
YHR115C 22 2255
YHR116W 13 1702
YHR117W 19 916
YHR118C 10 35
YHR119W 26 727
YHR120W 12 203
YHR121W 5 296
YHR122W 7 99
YHR123W 16 316
YHR124W 23 1457
YHR125W 3 53
YHR126C 14 739
YHR127W 4 15
YHR128W 9 394
YHR129C 7 79
YHR130C 1 5
YHR131C 14 313
YHR131W-A 5 101
YHR132C 15 301
YHR132W-A 4 303
YHR133C 6 106
YHR134W 7 141
YHR135C 33 1000
YHR136C 10 184
YHR137W 5 92
YHR137C-A 4 59
YHR138C 5 129
YHR139C 6 52
YHR139C-A 12 477
YHR140W 16 478
YHR141C 4 16
YHR142W 17 224
YHR143W 5 1757
YHR143W-A 0 0
YHR144C 6 142
YHR145C 2 3
YHR146W 10 482
YHR147C 6 40
YHR148W 7 288
YHR149C 22 329
YHR150W 19 542
YHR151C 8 285
YHR152W 8 139
YHR153C 5 28
YHR154W 34 810
YHR155W 20 545
YHR156C 21 1118
YHR157W 5 89
YHR158C 25 443
YHR159W 12 627
YHR160C 9 153
YHR161C 30 338
YHR162W 0 0
YHR163W 3 113
YHR164C 23 206
YHR165C 46 1076
YHR165W-A 2 3
YHR166C 22 303
YHR167W 6 158
YHR168W 16 422
YHR169W 20 433
YHR170W 8 188
YHR171W 13 211
YHR172W 16 1711
YHR173C 22 1290
YHR174W 14 418
YHR175W 11 212
YHR175W-A 5 24
YHR176W 22 276
YHR177W 5 217
YHR178W 29 786
YHR179W 9 107
YHR180W 10 174
YHR180W-A 3 45
YHR180C-B 2 19
YHR181W 3 35
YHR182W 27 833
YHR182C-A 5 201
YHR183W 17 471
YHR184W 8 176
YHR185C 5 47
YHR186C 38 799
YHR187W 6 589
YHR188C 20 777
YHR189W 9 933
YHR190W 18 433
YHR191C 4 57
YHR192W 6 64
YHR193C 2 253
YHR193C-A 5 97
YHR194W 28 517
YHR195W 11 326
YHR196W 15 231
YHR197W 11 150
YHR198C 12 159
YHR199C 13 344
YHR199C-A 1 6
YHR200W 9 269
YHR201C 5 75
YHR202W 23 889
YHR203C 3 66
YHR204W 29 1485
YHR205W 11 200
YHR206W 13 561
YHR207C 18 354
YHR208W 9 166
YHR209W 5 80
YHR210C 12 339
YHR211W 24 367
YHR212C 0 0
YHR212W-A 0 0
YHR213W 0 0
YHR213W-A 0 0
YHR213W-B 8 146
YHR214W 0 0
YHR214W-A 0 0
YHR214C-D 0 0
YHR214C-E 1 15
YHR215W 1 13
YHR216W 15 960
YHR217C 8 74
YHR218W 0 0
YHR218W-A 0 0
YHR219W 0 0
YHR219C-A 0 0
YIL177C 0 0
YIL177W-A 0 0
YIL176C 0 0
YIL173W 0 0
YIL172C 0 0
YIL171W-A 0 0
YIL169C 13 144
YIL166C 15 183
YIL165C 4 63
YIL164C 15 279
YIL163C 17 1163
YIL162W 36 1442
YIL161W 3 94
YIL160C 9 201
YIL159W 30 933
YIL158W 8 133
YIL157C 9 248
YIL156W-A 6 185
YIL156W-B 3 201
YIL156W 34 766
YIL155C 46 1162
YIL154C 63 2483
YIL153W 18 492
YIL152W 10 108
YIL151C 22 437
YIL150C 15 1575
YIL149C 28 1083
YIL148W 2 105
YIL147C 24 413
YIL146C 3 115
YIL145C 7 26
YIL144W 9 273
YIL143C 23 487
YIL142C-A 4 242
YIL142W 21 628
YIL141W 9 101
YIL140W 16 347
YIL139C 15 258
YIL138C 2 48
YIL137C 28 663
YIL136W 15 389
YIL135C 21 397
YIL134C-A 10 103
YIL134W 9 228
YIL133C 3 57
YIL132C 19 948
YIL131C 23 681
YIL130W 19 1372
YIL129C 30 522
YIL128W 23 1261
YIL127C 2 6
YIL126W 21 644
YIL125W 54 1461
YIL124W 7 35
YIL123W 28 982
YIL122W 17 640
YIL121W 19 691
YIL120W 30 1496
YIL119C 6 44
YIL118W 11 139
YIL117C 10 67
YIL116W 10 226
YIL115W-A 1 3
YIL115C 25 618
YIL114C 2 430
YIL113W 11 940
YIL112W 18 308
YIL111W 3 38
YIL110W 6 117
YIL109C 36 677
YIL108W 31 2339
YIL107C 25 1047
YIL106W 10 258
YIL105C 25 361
YIL105W-A 2 67
YIL104C 13 256
YIL103W 11 197
YIL102C-A 4 78
YIL102C 4 269
YIL101C 27 1916
YIL100C-A 23 1252
YIL100W 24 1367
YIL099W 12 392
YIL098C 6 44
YIL097W 14 417
YIL096C 16 289
YIL095W 22 469
YIL094C 12 384
YIL093C 10 255
YIL092W 19 670
YIL091C 16 323
YIL090W 9 136
YIL089W 3 29
YIL088C 18 252
YIL087C 6 60
YIL086C 9 421
YIL085C 25 629
YIL084C 11 219
YIL083C 5 196
YIL082W 5 57
YIL079C 9 170
YIL078W 13 152
YIL077C 26 900
YIL076W 6 107
YIL075C 10 160
YIL074C 26 1538
YIL073C 22 755
YIL072W 7 124
YIL071W-A 3 106
YIL071C 7 1886
YIL070C 3 37
YIL069C 6 100
YIL068W-A 6 90
YIL068C 18 496
YIL067C 30 788
YIL066W-A 5 143
YIL066C 23 574
YIL065C 16 218
YIL064W 19 373
YIL063C 7 103
YIL062C 5 199
YIL061C 7 46
YIL060W 2 131
YIL059C 2 131
YIL058W 3 86
YIL057C 12 998
YIL056W 16 535
YIL055C 27 521
YIL054W 17 707
YIL053W 14 443
YIL052C 0 0
YIL051C 10 223
YIL050W 6 133
YIL049W 10 278
YIL048W 19 347
YIL047C-A 3 18
YIL047C 35 938
YIL046W-A 17 658
YIL046W 25 575
YIL045W 16 1320
YIL044C 2 42
YIL043C 14 408
YIL042C 14 197
YIL041W 8 63
YIL040W 4 89
YIL039W 13 152
YIL038C 6 141
YIL037C 14 20134
YIL036W 20 569
YIL035C 12 421
YIL034C 16 343
YIL033C 9 254
YIL032C 7 63
YIL031W 21 522
YIL030W-A 2 39
YIL030C 38 906
YIL029W-A 10 438
YIL029C 3 22
YIL028W 2 139
YIL027C 3 77
YIL026C 31 1654
YIL025C 4 76
YIL024C 8 88
YIL023C 11 379
YIL022W 10 428
YIL021W 13 236
YIL021C-A 3 76
YIL020C-A 4 43
YIL020C 6 366
YIL019W 7 99
YIL018W 0 0
YIL017C 34 726
YIL016W 0 0
YIL015W 13 497
YIL014C-A 0 0
YIL014W 9 107
YIL013C 24 367
YIL012W 13 1287
YIL011W 7 47
YIL010W 12 229
YIL009C-A 12 298
YIL009W 29 1194
YIL008W 2 25
YIL007C 13 1569
YIL006W 7 168
YIL005W 27 2471
YIL004C 7 56
YIL003W 28 563
YIL002W-A 6 44
YIL002C 60 8630
YIL001W 55 1570
YIR001C 22 1657
YIR002C 37 1381
YIR003W 19 465
YIR004W 6 195
YIR005W 8 71
YIR006C 33 1654
YIR007W 16 457
YIR008C 3 39
YIR009W 1 2
YIR010W 13 242
YIR011C 0 0
YIR012W 15 448
YIR013C 5 295
YIR014W 12 146
YIR015W 14 462
YIR016W 14 319
YIR017C 19 431
YIR017W-A 18 428
YIR018W 15 500
YIR018C-A 3 255
YIR019C 16 1231
YIR020C 5 248
YIR020W-A 12 67
YIR020C-B 6 115
YIR021W 12 149
YIR021W-A 3 335
YIR022W 3 7
YIR023W 21 667
YIR023C-A 2 5
YIR024C 6 98
YIR025W 15 133
YIR026C 4 38
YIR027C 4 109
YIR028W 27 804
YIR029W 4 90
YIR030C 1 41
YIR030W-A 2 13
YIR031C 10 197
YIR032C 18 360
YIR033W 21 338
YIR034C 20 889
YIR035C 6 157
YIR036C 7 370
YIR036W-A 8 368
YIR037W 1 48
YIR038C 6 286
YIR039C 9 74
YIR040C 2 84
YIR041W 2 29
YIR042C 8 555
YJL225C 0 0
YJL225W-A 0 0
YJL223C 0 0
YJL222W-B 0 0
YJL222W-A 0 0
YJL222W 2 342
YJL221C 0 0
YJL220W 0 0
YJL219W 5 495
YJL218W 0 0
YJL217W 6 46
YJL216C 25 419
YJL215C 5 71
YJL214W 14 161
YJL213W 10 7030
YJL212C 26 417
YJL211C 24 2903
YJL210W 25 1591
YJL209W 18 299
YJL208C 14 233
YJL207C 49 1837
YJL206C 20 360
YJL205C 7 210
YJL204C 11 286
YJL203W 2 61
YJL202C 4 316
YJL201W 12 424
YJL200C 34 919
YJL199C 4 228
YJL198W 22 599
YJL197W 45 1403
YJL197C-A 0 0
YJL196C 14 1646
YJL195C 10 225
YJL194W 17 466
YJL193W 4 48
YJL192C 8 810
YJL191W 22 1450
YJL190C 4 148
YJL189W 3 74
YJL188C 1 4
YJL187C 28 1086
YJL186W 24 1290
YJL185C 12 218
YJL184W 10 98
YJL183W 23 494
YJL182C 6 122
YJL181W 18 436
YJL180C 6 37
YJL179W 3 42
YJL178C 8 728
YJL177W 3 26
YJL176C 8 29
YJL175W 3 6
YJL174W 2 18
YJL173C 1 5
YJL172W 17 6074
YJL171C 13 374
YJL170C 9 810
YJL169W 5 14
YJL168C 15 402
YJL167W 6 56
YJL166W 5 61
YJL165C 19 504
YJL164C 12 187
YJL163C 22 322
YJL162C 21 1095
YJL161W 14 571
YJL160C 8 307
YJL159W 2 16
YJL158C 15 232
YJL157C 51 2664
YJL156W-A 12 1112
YJL156C 48 1351
YJL155C 14 620
YJL154C 27 568
YJL153C 19 757
YJL152W 25 1500
YJL151C 17 365
YJL150W 16 2378
YJL149W 24 1278
YJL148W 4 139
YJL147C 8 124
YJL146W 10 120
YJL145W 6 39
YJL144W 5 71
YJL143W 2 17
YJL142C 3 5
YJL141C 30 371
YJL140W 6 293
YJL139C 14 324
YJL138C 0 0
YJL137C 15 458
YJL136W-A 4 27
YJL136C 1 6
YJL135W 7 1208
YJL134W 13 252
YJL133C-A 10 381
YJL133W 25 477
YJL132W 28 428
YJL131C 3 20
YJL130C 83 5263
YJL129C 27 1078
YJL128C 22 1144
YJL127W-A 4 744
YJL127C-B 2 45
YJL127C 19 373
YJL126W 14 219
YJL125C 18 299
YJL124C 3 42
YJL123C 9 132
YJL122W 2 39
YJL121C 12 146
YJL120W 5 217
YJL119C 9 68
YJL118W 14 120
YJL117W 12 123
YJL116C 16 303
YJL115W 6 175
YJL112W 29 1298
YJL111W 10 62
YJL110C 6 93
YJL109C 32 553
YJL108C 5 76
YJL107C 19 393
YJL106W 20 342
YJL105W 13 173
YJL104W 2 75
YJL103C 23 465
YJL102W 21 200
YJL101C 22 344
YJL100W 20 341
YJL099W 29 2608
YJL098W 26 932
YJL097W 7 74
YJL096W 2 8
YJL095W 20 554
YJL094C 19 268
YJL093C 11 277
YJL092W 25 242
YJL091C 6 52
YJL090C 13 375
YJL089W 19 2921
YJL088W 16 644
YJL087C 11 369
YJL086C 1 2
YJL085W 11 97
YJL084C 16 336
YJL083W 19 749
YJL082W 28 946
YJL081C 5 117
YJL080C 29 950
YJL079C 9 272
YJL078C 54 3287
YJL077W-B 6 149
YJL077C 17 3472
YJL077W-A 3 79
YJL076W 28 434
YJL075C 4 75
YJL074C 16 341
YJL073W 19 464
YJL072C 6 167
YJL071W 11 310
YJL070C 10 253
YJL069C 13 375
YJL068C 13 405
YJL067W 8 251
YJL066C 19 541
YJL065C 6 74
YJL064W 5 72
YJL063C 6 78
YJL062W-A 16 320
YJL062W 18 717
YJL061W 7 43
YJL060W 10 202
YJL059W 7 206
YJL058C 16 210
YJL057C 16 9819
YJL056C 23 271
YJL055W 8 363
YJL054W 11 166
YJL053W 9 196
YJL052C-A 12 3003
YJL052W 19 787
YJL051W 34 602
YJL050W 25 514
YJL049W 1 27
YJL048C 23 435
YJL047C-A 1 2
YJL047C 23 880
YJL046W 9 187
YJL045W 18 603
YJL044C 7 94
YJL043W 31 13471
YJL042W 35 624
YJL041W 5 147
YJL039C 19 848
YJL038C 0 0
YJL037W 16 362
YJL036W 12 245
YJL035C 10 299
YJL034W 16 497
YJL033W 13 180
YJL032W 2 15
YJL031C 3 32
YJL030W 3 23
YJL029C 16 696
YJL028W 13 1457
YJL027C 26 4478
YJL026W 7 219
YJL026C-A 1 197
YJL025W 15 399
YJL024C 4 47
YJL023C 6 167
YJL022W 3 105
YJL020C 27 458
YJL020W-A 0 0
YJL019W 30 439
YJL016W 20 340
YJL015C 9 514
YJL014W 13 571
YJL013C 4 186
YJL012C 19 355
YJL011C 2 117
YJL010C 5 109
YJL009W 2 35
YJL008C 11 113
YJL007C 7 420
YJL006C 4 89
YJL005W 36 521
YJL004C 14 144
YJL003W 7 42
YJL002C 22 645
YJL001W 16 551
YJR001W 56 5299
YJR002W 10 73
YJR003C 29 699
YJR004C 33 1270
YJR005W 15 327
YJR005C-A 1 1
YJR006W 9 33
YJR007W 2 8
YJR008W 29 3665
YJR009C 17 1103
YJR010W 13 630
YJR010C-A 3 112
YJR011C 9 232
YJR012C 12 306
YJR013W 14 95
YJR014W 7 32
YJR015W 8 143
YJR016C 15 296
YJR017C 8 112
YJR018W 9 60
YJR019C 21 644
YJR020W 8 106
YJR021C 13 236
YJR022W 0 0
YJR023C 0 0
YJR024C 7 87
YJR025C 4 47
YJR030C 27 1111
YJR031C 23 343
YJR032W 4 128
YJR033C 22 493
YJR034W 5 117
YJR035W 24 665
YJR036C 17 1000
YJR037W 2 102
YJR038C 8 43
YJR039W 30 603
YJR040W 7 81
YJR041C 10 141
YJR042W 10 367
YJR043C 12 566
YJR044C 7 150
YJR045C 9 166
YJR046W 13 284
YJR047C 7 234
YJR048W 11 475
YJR049C 21 447
YJR050W 6 34
YJR051W 19 702
YJR052W 17 364
YJR053W 12 414
YJR054W 7 82
YJR055W 2 7
YJR056C 2 37
YJR057W 6 156
YJR058C 11 514
YJR059W 26 1561
YJR060W 9 270
YJR061W 17 434
YJR062C 8 170
YJR063W 3 93
YJR064W 22 648
YJR065C 14 249
YJR066W 64 1371
YJR067C 2 22
YJR068W 6 58
YJR069C 2 97
YJR070C 5 78
YJR071W 7 53
YJR072C 20 257
YJR073C 13 422
YJR074W 21 445
YJR075W 20 313
YJR076C 11 356
YJR077C 15 354
YJR078W 34 1630
YJR079W 9 307
YJR080C 11 213
YJR082C 3 104
YJR083C 4 64
YJR084W 10 113
YJR085C 5 981
YJR086W 2 12
YJR087W 5 920
YJR088C 16 1072
YJR089W 24 412
YJR090C 18 404
YJR091C 27 678
YJR092W 34 1137
YJR093C 15 363
YJR094C 14 189
YJR094W-A 5 67
YJR095W 7 59
YJR096W 16 154
YJR097W 4 89
YJR098C 13 255
YJR099W 4 61
YJR100C 12 766
YJR101W 7 87
YJR102C 7 71
YJR103W 46 5591
YJR104C 11 79
YJR105W 14 680
YJR106W 20 371
YJR107W 11 294
YJR108W 11 247
YJR109C 41 916
YJR110W 34 1055
YJR111C 17 445
YJR112W 6 63
YJR112W-A 12 457
YJR113C 11 185
YJR114W 7 145
YJR115W 27 641
YJR116W 17 717
YJR117W 13 387
YJR118C 4 136
YJR119C 29 651
YJR120W 16 434
YJR121W 18 179
YJR122W 16 302
YJR123W 2 3
YJR124C 26 805
YJR125C 8 708
YJR126C 29 574
YJR127C 56 2058
YJR128W 19 1656
YJR129C 31 1871
YJR130C 9 175
YJR131W 27 1242
YJR132W 20 496
YJR133W 7 59
YJR134C 9 354
YJR135C 12 220
YJR135W-A 0 0
YJR136C 3 118
YJR137C 41 2222
YJR138W 41 1374
YJR139C 13 96
YJR140C 19 453
YJR140W-A 0 0
YJR141W 2 4
YJR142W 19 611
YJR143C 19 301
YJR144W 17 446
YJR145C 2 9
YJR146W 15 188
YJR147W 14 2006
YJR148W 32 1133
YJR149W 19 442
YJR150C 7 47
YJR151C 7 220
YJR151W-A 2 12
YJR152W 12 393
YJR153W 7 313
YJR154W 18 500
YJR155W 13 406
YJR156C 2 155
YJR157W 0 0
YJR158W 0 0
YJR159W 0 0
YJR160C 1 6
YJR161C 1 1
YJR162C 4 32
YKL225W 4 20
YKL224C 1 1
YKL223W 7 44
YKL222C 14 325
YKL221W 13 353
YKL220C 18 324
YKL219W 2 111
YKL218C 32 1107
YKL217W 35 555
YKL216W 2 2
YKL215C 40 1051
YKL214C 8 97
YKL213C 17 333
YKL212W 12 593
YKL211C 19 107
YKL210W 23 829
YKL209C 33 442
YKL208W 8 140
YKL207W 8 91
YKL206C 11 67
YKL205W 14 274
YKL204W 9 85
YKL203C 48 744
YKL202W 2 17
YKL201C 27 765
YKL198C 147 41503
YKL197C 39 650
YKL196C 6 106
YKL195W 7 85
YKL194C 9 390
YKL193C 11 541
YKL192C 4 103
YKL191W 18 199
YKL190W 2 237
YKL189W 6 124
YKL188C 22 790
YKL187C 49 1782
YKL186C 27 5084
YKL185W 25 1462
YKL184W 14 778
YKL183C-A 12 4856
YKL183W 27 6237
YKL182W 94 3066
YKL181W 13 218
YKL180W 0 0
YKL179C 9 95
YKL178C 19 1380
YKL177W 7 67
YKL176C 24 408
YKL175W 30 570
YKL174C 12 227
YKL173W 10 123
YKL172W 5 128
YKL171W 30 1230
YKL170W 2 7
YKL169C 2 4
YKL168C 22 1166
YKL167C 3 31
YKL166C 10 132
YKL165C-A 6 72
YKL165C 21 509
YKL164C 3 21
YKL163W 6 157
YKL162C-A 1 7
YKL162C 10 194
YKL161C 7 127
YKL160W 2 990
YKL159C 3 15
YKL157W 34 7452
YKL156W 4 43
YKL156C-A 0 0
YKL155C 15 198
YKL154W 9 545
YKL153W 11 170
YKL152C 16 282
YKL151C 22 1136
YKL150W 29 9014
YKL149C 10 142
YKL148C 60 2812
YKL147C 31 2352
YKL146W 33 797
YKL145W 6 129
YKL145W-A 0 0
YKL144C 6 107
YKL143W 19 653
YKL142W 2 8
YKL141W 5 226
YKL140W 7 135
YKL139W 6 266
YKL138C-A 3 15
YKL138C 6 36
YKL137W 2 88
YKL136W 2 19
YKL135C 21 378
YKL134C 14 314
YKL133C 8 362
YKL132C 9 262
YKL131W 2 76
YKL130C 3 15
YKL129C 29 982
YKL128C 16 316
YKL127W 22 428
YKL126W 9 373
YKL125W 11 124
YKL124W 17 309
YKL123W 5 13
YKL122C 4 31
YKL121W 14 380
YKL120W 11 296
YKL119C 3 95
YKL118W 4 110
YKL117W 7 100
YKL116C 11 88
YKL115C 6 152
YKL114C 12 418
YKL113C 11 135
YKL112W 28 3174
YKL111C 1 4
YKL110C 10 147
YKL109W 38 596
YKL108W 7 116
YKL107W 5 211
YKL106C-A 1 2
YKL106W 5 98
YKL105C 33 525
YKL104C 18 424
YKL103C 24 459
YKL102C 13 255
YKL101W 41 1187
YKL100C 17 149
YKL100W-A 1 1
YKL099C 6 193
YKL098W 11 198
YKL097C 18 422
YKL096C-B 0 0
YKL096W-A 0 0
YKL096W 23 1063
YKL095W 12 242
YKL094W 31 1902
YKL093W 18 198
YKL092C 14 209
YKL091C 13 399
YKL090W 14 320
YKL089W 7 29
YKL088W 10 140
YKL087C 9 1777
YKL086W 29 934
YKL085W 12 367
YKL084W 15 1516
YKL083W 3 3816
YKL082C 1 69
YKL081W 6 679
YKL080W 7 178
YKL079W 33 1893
YKL078W 5 12
YKL077W 8 151
YKL076C 1 4
YKL075C 6 57
YKL074C 13 204
YKL073W 11 177
YKL072W 22 529
YKL071W 6 264
YKL070W 5 28
YKL069W 8 191
YKL068W-A 2 5
YKL068W 23 425
YKL067W 8 77
YKL066W 6 21
YKL065W-A 1 3
YKL065C 6 42
YKL064W 32 1178
YKL063C 2 119
YKL062W 13 184
YKL061W 4 84
YKL060C 20 773
YKL059C 15 221
YKL058W 0 0
YKL057C 14 198
YKL056C 3 111
YKL055C 6 119
YKL054C 11 186
YKL053C-A 5 25
YKL053W 12 122
YKL052C 21 452
YKL051W 19 622
YKL050C 23 488
YKL049C 4 25
YKL048C 4 75
YKL047W 18 530
YKL046C 23 843
YKL045W 26 764
YKL044W 5 143
YKL043W 11 152
YKL042W 6 30
YKL041W 1 59
YKL040C 3 66
YKL039W 30 1065
YKL038W 44 4524
YKL037W 14 372
YKL036C 11 84
YKL035W 22 1292
YKL034W 37 1007
YKL033W-A 8 152
YKL033W 17 211
YKL032C 24 1179
YKL031W 7 838
YKL030W 31 2140
YKL029C 92 4202
YKL028W 4 19
YKL027W 16 273
YKL026C 9 1254
YKL025C 21 622
YKL024C 10 189
YKL023C-A 3 132
YKL023W 9 175
YKL022C 28 956
YKL021C 17 443
YKL020C 25 899
YKL019W 10 1456
YKL018C-A 4 106
YKL018W 9 70
YKL017C 10 219
YKL016C 4 130
YKL015W 24 4707
YKL014C 20 249
YKL013C 0 0
YKL012W 8 62
YKL011C 12 850
YKL010C 34 519
YKL009W 9 135
YKL008C 15 113
YKL007W 11 318
YKL006C-A 14 205
YKL006W 1 1
YKL005C 35 722
YKL004W 20 223
YKL003C 8 338
YKL002W 14 320
YKL001C 11 2264
YKR001C 26 726
YKR002W 21 271
YKR003W 50 1479
YKR004C 20 193
YKR005C 24 12781
YKR006C 4 81
YKR007W 1 37
YKR008W 13 289
YKR009C 29 1057
YKR010C 16 511
YKR011C 8 2285
YKR012C 9 182
YKR013W 11 1756
YKR014C 0 0
YKR015C 12 391
YKR016W 15 359
YKR017C 3 95
YKR018C 19 287
YKR019C 25 441
YKR020W 1 10
YKR021W 29 428
YKR022C 9 270
YKR023W 9 305
YKR024C 9 368
YKR025W 4 247
YKR026C 6 412
YKR027W 34 1189
YKR028W 25 795
YKR029C 3 54
YKR030W 8 85
YKR031C 25 619
YKR032W 6 12
YKR033C 2 10
YKR034W 3 46
YKR035C 0 0
YKR035W-A 0 0
YKR036C 21 1409
YKR037C 9 135
YKR038C 15 295
YKR039W 18 326
YKR040C 19 1007
YKR041W 35 833
YKR042W 16 597
YKR043C 19 423
YKR044W 18 535
YKR045C 11 354
YKR046C 12 1140
YKR047W 10 195
YKR048C 17 402
YKR049C 7 43
YKR050W 17 242
YKR051W 16 348
YKR052C 8 74
YKR053C 18 880
YKR054C 80 1990
YKR055W 13 409
YKR056W 17 408
YKR057W 7 41
YKR058W 19 303
YKR059W 3 66
YKR060W 8 1503
YKR061W 28 1936
YKR062W 8 122
YKR063C 10 266
YKR064W 20 562
YKR065C 3 36
YKR066C 13 185
YKR067W 27 1114
YKR068C 13 167
YKR069W 30 758
YKR070W 10 1283
YKR071C 7 197
YKR072C 19 228
YKR073C 12 607
YKR074W 10 139
YKR075C 11 531
YKR075W-A 7 173
YKR076W 28 538
YKR077W 4 167
YKR078W 14 454
YKR079C 13 277
YKR080W 19 309
YKR081C 3 26
YKR082W 16 241
YKR083C 4 11
YKR084C 15 403
YKR085C 11 241
YKR086W 29 478
YKR087C 10 2586
YKR088C 13 332
YKR089C 13 425
YKR090W 25 562
YKR091W 8 106
YKR092C 5 50
YKR093W 33 958
YKR094C 7 199
YKR095W 18 265
YKR095W-A 5 131
YKR096W 35 646
YKR097W 32 782
YKR098C 28 825
YKR099W 15 524
YKR100C 5 56
YKR101W 20 374
YKR102W 19 340
YKR103W 24 485
YKR104W 4 98
YKR105C 2 94
YKR106W 5 125
YLL067C 0 0
YLL067W-A 0 0
YLL066W-B 3 32
YLL066C 0 0
YLL066W-A 0 0
YLL065W 1 2
YLL064C 0 0
YLL063C 27 3394
YLL062C 7 26
YLL061W 15 356
YLL060C 12 580
YLL059C 23 1643
YLL058W 11 215
YLL057C 17 338
YLL056C 5 56
YLL055W 9 101
YLL054C 9 165
YLL053C 5 39
YLL052C 4 73
YLL051C 30 1140
YLL050C 5 77
YLL049W 9 193
YLL048C 33 885
YLL047W 5 306
YLL046C 5 290
YLL045C 13 252
YLL044W 12 59
YLL043W 9 73
YLL042C 2 385
YLL041C 18 387
YLL040C 81 2634
YLL039C 19 326
YLL038C 16 492
YLL037W 1 2
YLL036C 3 53
YLL035W 8 151
YLL034C 5 52
YLL033W 9 47
YLL032C 13 235
YLL031C 13 235
YLL030C 8 1500
YLL029W 57 2031
YLL028W 41 1343
YLL027W 10 442
YLL026W 44 1096
YLL025W 4 2216
YLL024C 17 4867
YLL023C 12 188
YLL022C 12 417
YLL021W 24 906
YLL020C 3 18
YLL019C 13 249
YLL019W-A 0 0
YLL018C-A 1 1
YLL018C 13 112
YLL015W 32 527
YLL014W 3 33
YLL013C 32 1111
YLL012W 24 424
YLL011W 13 143
YLL010C 22 18250
YLL009C 2 9
YLL008W 11 283
YLL007C 8 155
YLL006W-A 5 212
YLL006W 7 1304
YLL005C 16 244
YLL004W 12 200
YLL003W 18 384
YLL002W 23 568
YLL001W 56 1047
YLR001C 61 5458
YLR002C 9 96
YLR003C 3 137
YLR004C 26 659
YLR005W 24 505
YLR006C 24 1744
YLR007W 13 187
YLR008C 3 42
YLR009W 2 19
YLR010C 3 26
YLR011W 8 195
YLR012C 2 29
YLR013W 5 48
YLR014C 19 920
YLR015W 18 319
YLR016C 4 28
YLR017W 9 351
YLR018C 6 50
YLR019W 25 1057
YLR020C 16 409
YLR021W 4 56
YLR022C 10 118
YLR023C 17 236
YLR024C 66 3444
YLR025W 4 173
YLR026C 4 124
YLR027C 15 568
YLR028C 34 1638
YLR029C 4 84
YLR030W 10 83
YLR031W 3 599
YLR032W 15 756
YLR033W 2 25
YLR034C 16 174
YLR035C 12 213
YLR036C 2 32
YLR037C 0 0
YLR038C 1 6
YLR039C 24 1266
YLR040C 6 188
YLR041W 3 100
YLR042C 1 39
YLR043C 3 18
YLR044C 32 843
YLR045C 32 662
YLR046C 5 107
YLR047C 15 289
YLR048W 2 4
YLR049C 9 192
YLR050C 4 37
YLR051C 9 190
YLR052W 3 124
YLR053C 2 6
YLR054C 30 900
YLR055C 18 205
YLR056W 13 158
YLR057W 32 1141
YLR058C 30 1615
YLR059C 31 3665
YLR060W 16 393
YLR061W 2 23
YLR062C 1 21
YLR063W 5 50
YLR064W 2 278
YLR065C 1 4
YLR066W 4 16
YLR067C 20 280
YLR068W 6 484
YLR069C 25 427
YLR070C 14 391
YLR071C 16 366
YLR072W 18 1263
YLR073C 12 281
YLR074C 12 271
YLR075W 6 34
YLR076C 2 6
YLR077W 25 641
YLR078C 13 94
YLR079W 3 93
YLR080W 19 876
YLR081W 53 8137
YLR082C 12 146
YLR083C 14 441
YLR084C 42 3455
YLR085C 27 2800
YLR086W 26 563
YLR087C 76 1618
YLR088W 18 368
YLR089C 8 57
YLR090W 15 364
YLR091W 18 362
YLR092W 37 29319
YLR093C 13 300
YLR094C 36 2972
YLR095C 24 710
YLR096W 27 563
YLR097C 7 301
YLR098C 13 311
YLR099C 21 740
YLR099W-A 12 375
YLR100W 18 434
YLR101C 11 112
YLR102C 9 193
YLR103C 15 135
YLR104W 6 44
YLR105C 8 226
YLR106C 77 1491
YLR107W 19 565
YLR108C 18 1144
YLR109W 8 167
YLR110C 3 26
YLR111W 7 953
YLR112W 25 551
YLR113W 27 698
YLR114C 22 718
YLR115W 11 131
YLR116W 10 384
YLR117C 19 490
YLR118C 4 88
YLR119W 10 443
YLR120C 27 575
YLR120W-A 3 184
YLR121C 10 970
YLR122C 4 72
YLR123C 4 72
YLR124W 6 63
YLR125W 0 0
YLR126C 1 4
YLR127C 13 463
YLR128W 5 35
YLR129W 12 131
YLR130C 29 1355
YLR131C 21 553
YLR132C 5 16
YLR133W 6 40
YLR134W 20 1287
YLR135W 20 496
YLR136C 8 134
YLR137W 21 483
YLR138W 26 525
YLR139C 6 39
YLR140W 8 319
YLR141W 43 1548
YLR142W 19 165
YLR143W 9 30
YLR144C 20 600
YLR145W 1 11
YLR146C 18 407
YLR146W-A 2 7
YLR147C 0 0
YLR148W 19 368
YLR149C 14 357
YLR149C-A 3 17
YLR150W 1 1
YLR151C 6 28
YLR152C 10 104
YLR153C 24 556
YLR154C 3 29
YLR154W-A 0 0
YLR154W-B 0 0
YLR154W-C 0 0
YLR154W-E 0 0
YLR154W-F 0 0
YLR154C-G 0 0
YLR154C-H 0 0
YLR155C 0 0
YLR156W 0 0
YLR156C-A 0 0
YLR157C 0 0
YLR157W-D 0 0
YLR157W-E 0 0
YLR157C-C 0 0
YLR158C 0 0
YLR159W 0 0
YLR159C-A 0 0
YLR160C 0 0
YLR161W 0 0
YLR162W 1 2
YLR162W-A 0 0
YLR163C 19 258
YLR163W-A 3 66
YLR164W 0 0
YLR165C 3 5
YLR166C 7 254
YLR167W 7 89
YLR168C 14 346
YLR169W 9 1123
YLR170C 8 806
YLR171W 7 58
YLR172C 18 246
YLR173W 27 779
YLR174W 32 731
YLR175W 18 308
YLR176C 25 689
YLR177W 16 929
YLR178C 9 76
YLR179C 19 744
YLR180W 20 462
YLR181C 11 208
YLR182W 9 133
YLR183C 13 188
YLR184W 6 145
YLR185W 4 25
YLR186W 10 50
YLR187W 25 731
YLR188W 28 627
YLR189C 43 1109
YLR190W 19 229
YLR191W 10 318
YLR192C 1 4
YLR193C 6 51
YLR194C 15 277
YLR195C 10 173
YLR196W 25 289
YLR197W 4 10
YLR198C 1 4
YLR199C 18 237
YLR200W 0 0
YLR201C 5 51
YLR202C 10 242
YLR203C 13 388
YLR204W 4 16
YLR205C 32 733
YLR206W 12 87
YLR207W 38 974
YLR208W 6 53
YLR209C 16 3063
YLR210W 10 330
YLR211C 5 50
YLR212C 7 49
YLR213C 40 2687
YLR214W 20 249
YLR215C 5 41
YLR216C 17 400
YLR217W 9 229
YLR218C 7 76
YLR219W 19 259
YLR220W 11 145
YLR221C 4 17
YLR222C 11 309
YLR222C-A 0 0
YLR223C 22 494
YLR224W 11 307
YLR225C 12 290
YLR226W 8 62
YLR227C 12 515
YLR228C 13 830
YLR229C 5 393
YLR230W 1 31
YLR231C 21 645
YLR232W 4 76
YLR233C 29 934
YLR234W 48 1397
YLR235C 18 942
YLR236C 26 5910
YLR237W 40 843
YLR238W 14 203
YLR239C 6 157
YLR240W 16 167
YLR241W 17 410
YLR242C 12 120
YLR243W 6 94
YLR244C 15 393
YLR245C 9 292
YLR246W 14 166
YLR247C 46 1220
YLR248W 17 224
YLR249W 30 281
YLR250W 12 430
YLR251W 6 56
YLR252W 1 2
YLR253W 22 2028
YLR254C 6 34
YLR255C 27 619
YLR256W 51 2282
YLR257W 22 354
YLR258W 41 1441
YLR259C 16 273
YLR260W 32 583
YLR261C 1 4
YLR262C 4 64
YLR262C-A 0 0
YLR263W 18 387
YLR264W 0 0
YLR264C-A 1 1
YLR265C 5 766
YLR266C 17 235
YLR267W 14 130
YLR268W 13 154
YLR269C 12 468
YLR270W 9 161
YLR271W 8 102
YLR272C 32 1071
YLR273C 13 312
YLR274W 23 417
YLR275W 1 14
YLR276C 7 150
YLR277C 14 215
YLR278C 36 862
YLR279W 21 1497
YLR280C 10 788
YLR281C 12 840
YLR282C 8 547
YLR283W 6 543
YLR284C 3 49
YLR285W 3 27
YLR285C-A 5 47
YLR286C 4 332
YLR286W-A 0 0
YLR287C 8 4955
YLR287C-A 4 85
YLR288C 7 289
YLR289W 14 147
YLR290C 4 55
YLR291C 7 278
YLR292C 2 6
YLR293C 7 25
YLR294C 5 133
YLR295C 5 49
YLR296W 17 1993
YLR297W 8 367
YLR298C 15 464
YLR299W 60 5425
YLR299C-A 4 111
YLR300W 20 499
YLR301W 10 107
YLR302C 23 1306
YLR303W 18 193
YLR304C 51 2498
YLR305C 43 1870
YLR306W 12 1110
YLR307W 6 114
YLR307C-A 2 71
YLR308W 14 261
YLR309C 17 278
YLR310C 25 554
YLR311C 4 24
YLR312C 18 203
YLR312W-A 15 187
YLR313C 14 749
YLR314C 20 335
YLR315W 5 27
YLR316C 28 984
YLR317W 9 224
YLR318W 35 1106
YLR319C 6 102
YLR320W 19 931
YLR321C 14 323
YLR322W 5 17
YLR323C 10 82
YLR324W 9 177
YLR325C 3 44
YLR326W 16 619
YLR327C 4 167
YLR328W 17 187
YLR329W 4 33
YLR330W 26 1144
YLR331C 1 150
YLR332W 3 181
YLR333C 12 303
YLR334C 4 110
YLR335W 3 25
YLR336C 19 879
YLR337C 14 98
YLR338W 2 22
YLR339C 0 0
YLR340W 2 14
YLR341W 9 378
YLR342W 50 409
YLR342W-A 0 0
YLR343W 23 211
YLR344W 11 1071
YLR345W 17 380
YLR346C 4 7
YLR347C 20 472
YLR347W-A 0 0
YLR348C 41 6248
YLR349W 24 4372
YLR350W 7 473
YLR351C 17 624
YLR352W 36 6747
YLR353W 16 273
YLR354C 11 756
YLR355C 20 643
YLR356W 6 36
YLR357W 39 963
YLR358C 11 350
YLR359W 8 43
YLR360W 16 803
YLR361C 33 1707
YLR361C-A 1 16
YLR362W 17 589
YLR363C 3 13
YLR363W-A 2 96
YLR364W 6 132
YLR365W 6 104
YLR364C-A 6 139
YLR366W 20 700
YLR367W 18 1720
YLR368W 22 605
YLR369W 14 486
YLR370C 3 83
YLR371W 31 626
YLR372W 5 33
YLR373C 10 187
YLR374C 6 369
YLR375W 12 2133
YLR376C 8 198
YLR377C 32 687
YLR378C 28 1589
YLR379W 6 1098
YLR380W 19 259
YLR381W 15 325
YLR382C 24 243
YLR383W 14 281
YLR384C 31 827
YLR385C 7 228
YLR386W 15 274
YLR387C 8 62
YLR388W 3 45
YLR389C 55 2330
YLR390W 6 683
YLR390W-A 3 34
YLR392C 13 242
YLR393W 4 49
YLR394W 8 190
YLR395C 5 109
YLR396C 30 830
YLR397C 23 423
YLR398C 36 523
YLR399C 20 265
YLR399W-A 0 0
YLR400W 21 734
YLR401C 33 611
YLR402W 2 20
YLR403W 14 297
YLR404W 13 341
YLR405W 14 867
YLR406C 7 92
YLR406C-A 2 66
YLR407W 2 14
YLR408C 8 322
YLR409C 27 680
YLR410W 54 1545
YLR411W 10 388
YLR412W 10 416
YLR412C-A 0 0
YLR413W 20 142
YLR414C 23 703
YLR415C 22 2609
YLR416C 21 3091
YLR417W 27 1324
YLR418C 8 81
YLR419W 24 672
YLR420W 7 51
YLR421C 1 22
YLR422W 38 1184
YLR423C 4 204
YLR424W 16 115
YLR425W 36 685
YLR426W 3 45
YLR427W 16 595
YLR428C 14 367
YLR429W 31 571
YLR430W 31 523
YLR431C 14 362
YLR432W 18 298
YLR433C 12 98
YLR434C 0 0
YLR435W 2 30
YLR436C 46 1108
YLR437C 11 100
YLR437C-A 3 55
YLR438W 38 937
YLR438C-A 5 9
YLR439W 9 157
YLR440C 11 241
YLR441C 9 102
YLR442C 21 380
YLR443W 17 239
YLR444C 1 1
YLR445W 4 45
YLR446W 10 102
YLR447C 11 168
YLR448W 6 109
YLR449W 13 383
YLR450W 34 1731
YLR451W 14 396
YLR452C 25 1214
YLR453C 22 519
YLR454W 54 1707
YLR455W 8 230
YLR456W 8 146
YLR457C 12 208
YLR458W 6 82
YLR459W 3 48
YLR460C 12 676
YLR461W 0 0
YLR462W 1 3
YLR463C 1 3
YLR464W 0 0
YLR465C 0 0
YLR466W 0 0
YLR466C-A 0 0
YLR466C-B 1 1
YLR467W 0 0
YLR467C-A 0 0
YML133C 0 0
YML133W-B 0 0
YML133W-A 0 0
YML132W 0 0
YML131W 12 230
YML130C 22 820
YML129C 0 0
YML128C 16 774
YML127W 14 242
YML126C 23 1046
YML125C 17 453
YML124C 20 419
YML123C 26 716
YML122C 20 586
YML121W 3 36
YML120C 25 637
YML119W 6 124
YML118W 21 546
YML117W 41 1333
YML116W-A 6 46
YML116W 16 512
YML115C 14 401
YML114C 10 527
YML113W 10 371
YML112W 6 153
YML111W 30 426
YML110C 12 100
YML109W 18 1464
YML108W 0 0
YML107C 12 212
YML106W 10 111
YML105C 4 85
YML104C 18 309
YML103C 34 864
YML102W 18 309
YML101C-A 5 113
YML101C 36 2458
YML100W-A 10 126
YML100W 62 1609
YML099W-A 1 72
YML099C 18 332
YML098W 1 1
YML097C 7 296
YML096W 18 728
YML095C 3 17
YML094C-A 3 12
YML094W 4 16
YML093W 19 528
YML092C 2 3
YML091C 44 1080
YML090W 10 747
YML089C 16 1000
YML088W 17 269
YML087C 13 763
YML086C 25 540
YML085C 5 140
YML084W 7 352
YML083C 24 704
YML082W 25 459
YML081C-A 2 23
YML081W 19 383
YML080W 8 533
YML079W 9 168
YML078W 9 371
YML077W 7 163
YML076C 34 1077
YML075C 35 988
YML074C 4 65
YML073C 3 30
YML072C 55 2699
YML071C 17 550
YML070W 28 803
YML069W 2 13
YML068W 13 367
YML067C 9 232
YML066C 14 332
YML065W 12 253
YML064C 7 117
YML063W 8 121
YML062C 10 399
YML061C 12 137
YML060W 4 23
YML059C 43 1010
YML058W-A 1 33
YML058W 5 14
YML057C-A 5 86
YML057W 13 128
YML056C 22 405
YML055W 7 65
YML054C 35 2641
YML054C-A 13 1470
YML053C 11 121
YML052W 18 1093
YML051W 30 1058
YML050W 7 550
YML049C 35 3189
YML048W 2 27
YML047W-A 1 6
YML047C 3 33
YML046W 15 196
YML043C 4 139
YML042W 28 439
YML041C 14 315
YML038C 2 82
YML037C 5 219
YML036W 4 43
YML035C 27 1001
YML034C-A 10 284
YML034W 27 549
YML032C 5 108
YML031C-A 1 10
YML031W 14 1184
YML030W 4 129
YML029W 21 1341
YML028W 22 4213
YML027W 11 806
YML026C 4 99
YML025C 5 186
YML024W 2 30
YML023C 16 285
YML022W 7 357
YML021C 18 358
YML020W 17 431
YML019W 4 7
YML018C 21 425
YML017W 30 596
YML016C 24 585
YML015C 2 6
YML014W 8 535
YML013W 16 225
YML012C-A 9 140
YML012W 4 30
YML011C 5 37
YML010W 13 397
YML009W-B 1 6
YML009C-A 2 49
YML009C 1 1
YML008C 8 117
YML007C-A 6 87
YML007W 17 166
YML006C 27 539
YML005W 23 374
YML004C 26 679
YML003W 12 198
YML002W 30 2048
YML001W 14 424
YMR001C 29 1131
YMR001C-A 8 332
YMR002W 16 41569
YMR003W 10 118
YMR004W 23 3689
YMR005W 9 100
YMR006C 23 557
YMR007W 23 5699
YMR008C 11 235
YMR009W 8 165
YMR010W 14 204
YMR011W 22 143
YMR012W 31 621
YMR013C 8 169
YMR013C-A 1 46
YMR013W-A 3 5
YMR014W 3 29
YMR015C 28 1799
YMR016C 7 61
YMR017W 14 316
YMR018W 12 290
YMR019W 18 247
YMR020W 15 560
YMR021C 7 107
YMR022W 11 347
YMR023C 23 519
YMR024W 2 7
YMR025W 4 19
YMR026C 4 52
YMR027W 10 92
YMR028W 4 120
YMR029C 11 234
YMR030W 14 246
YMR031C 11 98
YMR031W-A 8 77
YMR032W 17 220
YMR030W-A 6 271
YMR033W 5 410
YMR034C 18 299
YMR035W 5 195
YMR036C 12 246
YMR037C 17 484
YMR038C 14 1764
YMR039C 16 254
YMR040W 10 472
YMR041C 4 122
YMR042W 27 9343
YMR043W 14 832
YMR044W 15 192
YMR046W-A 0 0
YMR047C 23 276
YMR048W 6 113
YMR049C 6 293
YMR052W 2 15
YMR052C-A 5 79
YMR053C 29 659
YMR054W 49 5146
YMR055C 21 378
YMR056C 26 13373
YMR057C 17 992
YMR058W 49 1380
YMR059W 3 18
YMR060C 6 115
YMR061W 7 201
YMR062C 15 1064
YMR063W 10 828
YMR064W 10 175
YMR065W 19 2200
YMR066W 19 457
YMR067C 7 57
YMR068W 7 263
YMR069W 46 3137
YMR070W 14 270
YMR071C 5 136
YMR072W 6 135
YMR073C 6 71
YMR074C 5 30
YMR075W 14 67
YMR075C-A 3 280
YMR076C 30 744
YMR077C 16 533
YMR078C 22 368
YMR079W 9 94
YMR080C 18 313
YMR081C 10 482
YMR082C 13 771
YMR083W 20 364
YMR084W 17 408
YMR085W 8 20
YMR086W 29 508
YMR086C-A 9 488
YMR087W 17 693
YMR088C 16 980
YMR089C 19 328
YMR090W 10 199
YMR091C 14 213
YMR092C 14 292
YMR093W 12 176
YMR094W 3 44
YMR095C 14 431
YMR096W 9 58
YMR097C 10 314
YMR098C 16 812
YMR099C 6 316
YMR100W 23 509
YMR101C 5 44
YMR102C 31 516
YMR103C 26 1086
YMR104C 32 1816
YMR105C 7 63
YMR105W-A 3 495
YMR106C 45 1711
YMR107W 9 711
YMR108W 26 658
YMR109W 31 430
YMR110C 24 586
YMR111C 17 302
YMR112C 3 15
YMR113W 12 287
YMR114C 7 204
YMR115W 9 399
YMR116C 13 126
YMR117C 1 1
YMR118C 12 197
YMR119W 14 247
YMR119W-A 3 646
YMR120C 11 198
YMR121C 5 103
YMR122C 36 12036
YMR122W-A 3 11
YMR123W 1 6
YMR124W 18 256
YMR125W 17 243
YMR126C 3 35
YMR127C 14 305
YMR128W 18 269
YMR129W 46 659
YMR130W 11 318
YMR131C 11 200
YMR132C 2 135
YMR133W 10 122
YMR134W 7 241
YMR135C 12 455
YMR135W-A 33 6713
YMR136W 29 782
YMR137C 20 1232
YMR138W 6 63
YMR139W 16 312
YMR140W 12 338
YMR141C 3 18
YMR142C 0 0
YMR141W-A 0 0
YMR143W 3 7
YMR144W 20 666
YMR145C 36 1517
YMR146C 14 477
YMR147W 5 269
YMR148W 9 250
YMR149W 16 649
YMR150C 21 409
YMR151W 12 555
YMR152W 17 695
YMR153W 5 47
YMR153C-A 0 0
YMR154C 13 231
YMR155W 11 145
YMR156C 7 270
YMR157C 3 20
YMR158W 7 115
YMR158C-A 2 3
YMR158W-B 7 357
YMR159C 9 425
YMR160W 10 42
YMR161W 8 320
YMR162C 45 940
YMR163C 7 151
YMR164C 16 261
YMR165C 43 1007
YMR166C 6 131
YMR167W 16 319
YMR168C 10 134
YMR169C 13 185
YMR170C 8 526
YMR171C 12 295
YMR172W 22 292
YMR172C-A 4 14
YMR173W 5 87
YMR173W-A 5 87
YMR174C 2 13
YMR175W 5 231
YMR175W-A 14 502
YMR176W 39 575
YMR177W 8 304
YMR178W 9 93
YMR179W 19 334
YMR180C 23 1191
YMR181C 7 178
YMR182C 5 128
YMR182W-A 1 8
YMR183C 6 125
YMR184W 8 136
YMR185W 20 687
YMR186W 14 403
YMR187C 15 412
YMR188C 5 151
YMR189W 31 814
YMR190C 28 534
YMR191W 11 374
YMR192W 16 514
YMR193W 4 24
YMR193C-A 3 3
YMR194W 5 132
YMR194C-B 26 1525
YMR194C-A 16 954
YMR195W 11 651
YMR196W 42 919
YMR197C 12 197
YMR198W 21 607
YMR199W 15 164
YMR200W 11 173
YMR201C 14 350
YMR202W 19 314
YMR203W 11 350
YMR204C 2 54
YMR205C 29 365
YMR206W 24 1216
YMR207C 61 1292
YMR208W 21 452
YMR209C 12 242
YMR210W 12 163
YMR211W 10 99
YMR212C 20 322
YMR213W 8 148
YMR214W 6 17
YMR215W 9 171
YMR216C 21 487
YMR217W 10 182
YMR218C 15 149
YMR219W 42 1099
YMR220W 22 378
YMR221C 14 661
YMR222C 3 27
YMR223W 13 265
YMR224C 27 376
YMR225C 10 374
YMR226C 9 205
YMR227C 5 223
YMR228W 10 241
YMR229C 29 593
YMR230W 5 126
YMR230W-A 13 336
YMR231W 27 588
YMR232W 13 295
YMR233W 11 469
YMR234W 10 260
YMR235C 9 488
YMR236W 3 43
YMR237W 18 357
YMR238W 15 3295
YMR239C 15 774
YMR240C 23 486
YMR241W 17 589
YMR242C 5 74
YMR242W-A 0 0
YMR243C 19 2222
YMR244W 21 570
YMR244C-A 8 159
YMR245W 26 970
YMR246W 41 3234
YMR247C 37 1241
YMR247W-A 3 16
YMR250W 20 872
YMR251W 38 1665
YMR251W-A 0 0
YMR252C 6 71
YMR253C 14 399
YMR254C 4 15
YMR255W 1 16
YMR256C 3 353
YMR257C 18 565
YMR258C 14 332
YMR259C 18 230
YMR260C 0 0
YMR261C 22 711
YMR262W 8 120
YMR263W 4 76
YMR264W 9 718
YMR265C 22 498
YMR266W 17 389
YMR267W 11 418
YMR268C 5 50
YMR269W 2 5
YMR270C 2 7
YMR271C 9 1075
YMR272C 10 71
YMR272W-A 0 0
YMR272W-B 1 4
YMR273C 24 433
YMR274C 6 41
YMR275C 20 855
YMR276W 27 357
YMR277W 18 365
YMR278W 13 259
YMR279C 12 158
YMR280C 40 1499
YMR281W 8 238
YMR282C 14 1331
YMR283C 13 871
YMR284W 14 261
YMR285C 33 667
YMR286W 2 187
YMR287C 17 211
YMR288W 12 133
YMR289W 13 322
YMR290C 2 158
YMR290W-A 0 0
YMR291W 18 322
YMR292W 8 471
YMR293C 13 229
YMR294W 5 20
YMR294W-A 1 8
YMR295C 5 90
YMR296C 28 711
YMR297W 25 1080
YMR298W 2 92
YMR299C 6 158
YMR300C 9 52
YMR301C 13 1013
YMR302C 18 204
YMR303C 10 92
YMR304W 27 688
YMR304C-A 4 96
YMR305C 11 197
YMR306W 40 2170
YMR306C-A 5 1493
YMR307W 9 360
YMR307C-A 0 0
YMR308C 13 358
YMR309C 11 329
YMR310C 17 1349
YMR311C 8 243
YMR312W 1 10
YMR313C 11 586
YMR314W 7 47
YMR315W 14 2005
YMR315W-A 4 41
YMR316W 17 625
YMR316C-A 4 78
YMR316C-B 0 0
YMR317W 13 207
YMR318C 18 253
YMR319C 23 929
YMR320W 7 192
YMR321C 2 29
YMR322C 0 0
YMR323W 1 11
YMR324C 4 55
YMR325W 0 0
YMR326C 4 1675
YNL339C 0 0
YNL339W-B 0 0
YNL339W-A 0 0
YNL338W 3 26
YNL337W 3 82
YNL336W 3 8
YNL335W 1 4
YNL334C 6 108
YNL333W 2 172
YNL332W 3 114
YNL331C 9 195
YNL330C 15 309
YNL329C 22 616
YNL328C 7 142
YNL327W 10 154
YNL326C 10 163
YNL325C 29 660
YNL324W 4 188
YNL323W 12 651
YNL322C 4 107
YNL321W 23 1981
YNL320W 14 210
YNL319W 2 4
YNL318C 11 485
YNL317W 16 490
YNL316C 12 147
YNL315C 4 47
YNL314W 13 241
YNL313C 11 147
YNL312W 4 23
YNL311C 12 283
YNL310C 9 182
YNL309W 18 157
YNL308C 11 220
YNL307C 10 194
YNL306W 2 3
YNL305C 8 56
YNL304W 25 708
YNL303W 14 228
YNL302C 3 17
YNL301C 14 395
YNL300W 3 37
YNL299W 20 385
YNL298W 20 500
YNL297C 12 371
YNL296W 0 0
YNL295W 14 288
YNL294C 12 426
YNL293W 29 2410
YNL292W 11 231
YNL291C 16 447
YNL290W 14 490
YNL289W 15 763
YNL288W 14 350
YNL287W 19 293
YNL286W 14 403
YNL285W 18 1190
YNL284C 8 91
YNL283C 14 307
YNL282W 11 224
YNL281W 8 199
YNL280C 13 279
YNL279W 24 916
YNL278W 42 1774
YNL277W-A 11 143
YNL277W 38 9770
YNL276C 13 178
YNL275W 14 554
YNL274C 6 37
YNL273W 25 1743
YNL272C 8 36
YNL271C 13 113
YNL270C 11 247
YNL269W 11 2028
YNL268W 26 518
YNL267W 18 303
YNL266W 5 85
YNL265C 15 266
YNL264C 13 389
YNL263C 4 76
YNL262W 55 1625
YNL261W 9 194
YNL260C 1 2
YNL259C 4 64
YNL258C 15 106
YNL257C 24 865
YNL256W 13 293
YNL255C 2 17
YNL254C 10 521
YNL253W 16 492
YNL252C 2 13
YNL251C 37 878
YNL250W 20 552
YNL249C 9 166
YNL248C 5 49
YNL247W 10 398
YNL246W 14 327
YNL245C 5 17
YNL244C 8 280
YNL243W 40 945
YNL242W 37 1157
YNL241C 35 920
YNL240C 41 2371
YNL239W 16 394
YNL238W 16 370
YNL237W 15 345
YNL236W 20 406
YNL235C 12 338
YNL234W 18 1076
YNL233W 18 312
YNL232W 12 289
YNL231C 26 1861
YNL230C 23 988
YNL229C 14 290
YNL228W 9 183
YNL227C 14 229
YNL226W 7 85
YNL225C 14 237
YNL224C 16 1298
YNL223W 9 146
YNL222W 12 942
YNL221C 15 409
YNL220W 15 260
YNL219C 15 511
YNL218W 21 586
YNL217W 23 503
YNL216W 22 382
YNL215W 2 2
YNL214W 5 253
YNL213C 6 633
YNL212W 16 390
YNL211C 2 9
YNL210W 2 63
YNL209W 15 233
YNL208W 10 235
YNL207W 6 53
YNL206C 13 124
YNL205C 5 163
YNL204C 5 91
YNL203C 9 217
YNL202W 15 304
YNL201C 6 174
YNL200C 8 156
YNL199C 15 371
YNL198C 3 153
YNL197C 10 363
YNL196C 17 1089
YNL195C 14 500
YNL194C 9 88
YNL193W 13 172
YNL192W 19 268
YNL191W 20 420
YNL190W 10 153
YNL189W 7 178
YNL188W 12 208
YNL187W 14 1186
YNL186W 17 211
YNL185C 2 15
YNL184C 3 11
YNL183C 20 684
YNL182C 16 341
YNL181W 10 150
YNL180C 5 107
YNL179C 12 380
YNL178W 1 4
YNL177C 2 6
YNL176C 14 345
YNL175C 9 142
YNL174W 2 22
YNL173C 14 351
YNL172W 31 1096
YNL171C 6 46
YNL170W 3 21
YNL169C 14 166
YNL168C 12 1294
YNL167C 16 99
YNL166C 15 525
YNL165W 9 274
YNL164C 11 457
YNL163C 24 238
YNL162W-A 2 338
YNL162W 5 20
YNL161W 16 175
YNL160W 10 143
YNL159C 5 61
YNL158W 11 196
YNL157W 7 424
YNL156C 9 113
YNL155W 11 1979
YNL154C 26 586
YNL153C 10 86
YNL152W 7 51
YNL151C 8 103
YNL150W 2 68
YNL149C 4 89
YNL148C 40 2511
YNL147W 2 9
YNL146C-A 9 725
YNL146W 7 232
YNL145W 0 0
YNL144C 36 711
YNL144W-A 1 5
YNL143C 3 15
YNL142W 24 473
YNL141W 13 448
YNL140C 4 27
YNL139C 24 559
YNL138W-A 7 117
YNL138W 14 390
YNL137C 14 263
YNL136W 13 534
YNL135C 2 13
YNL134C 13 151
YNL133C 4 32
YNL132W 11 130
YNL131W 0 0
YNL130C 7 80
YNL130C-A 2 19
YNL129W 6 146
YNL128W 17 5291
YNL127W 27 792
YNL126W 14 125
YNL125C 23 603
YNL124W 18 395
YNL123W 21 555
YNL122C 11 221
YNL121C 9 188
YNL120C 2 45
YNL119W 16 439
YNL118C 12 116
YNL117W 19 684
YNL116W 15 425
YNL115C 14 111
YNL114C 3 241
YNL113W 1 51
YNL112W 29 478
YNL111C 1 26
YNL110C 4 12
YNL109W 2 52
YNL108C 13 2030
YNL107W 5 96
YNL106C 41 1636
YNL105W 6 140
YNL104C 33 1011
YNL103W-A 1 11
YNL103W 17 221
YNL102W 22 375
YNL101W 25 714
YNL100W 5 19
YNL099C 8 183
YNL098C 13 159
YNL097C-B 8 1636
YNL097C 18 2324
YNL097W-A 5 57
YNL096C 14 502
YNL095C 15 233
YNL094W 14 530
YNL093W 5 25
YNL092W 19 360
YNL091W 21 750
YNL090W 1 1
YNL089C 1 1
YNL088W 19 606
YNL087W 40 1771
YNL086W 2 3
YNL085W 17 415
YNL084C 6 238
YNL083W 8 1206
YNL082W 15 399
YNL081C 3 37
YNL080C 11 516
YNL079C 11 146
YNL078W 17 1949
YNL077W 19 280
YNL076W 16 224
YNL075W 9 149
YNL074C 18 693
YNL073W 21 368
YNL072W 19 678
YNL071W 12 43
YNL070W 2 58
YNL069C 4 124
YNL068C 24 381
YNL067W-A 1 8
YNL067W-B 5 80
YNL067W 7 321
YNL066W 39 1445
YNL065W 24 465
YNL064C 17 225
YNL063W 4 135
YNL062C 6 251
YNL061W 17 749
YNL059C 8 157
YNL058C 8 77
YNL057W 1 2
YNL056W 10 1387
YNL055C 12 149
YNL054W 20 416
YNL053W 39 1409
YNL052W 7 61
YNL051W 10 240
YNL050C 7 315
YNL049C 11 80
YNL048W 19 552
YNL047C 13 215
YNL046W 8 222
YNL045W 17 381
YNL044W 8 55
YNL043C 5 22
YNL042W-B 9 206
YNL042W 10 142
YNL041C 10 273
YNL040W 9 145
YNL039W 10 332
YNL038W 9 92
YNL037C 22 297
YNL036W 20 564
YNL035C 14 169
YNL034W 9 35
YNL033W 0 0
YNL032W 5 37
YNL031C 8 297
YNL030W 2 33
YNL029C 15 550
YNL028W 9 137
YNL027W 14 567
YNL026W 7 154
YNL025C 13 137
YNL024C-A 4 47
YNL024C 17 809
YNL023C 32 1280
YNL022C 11 158
YNL021W 18 244
YNL020C 18 500
YNL019C 0 0
YNL018C 13 2006
YNL017C 12 1090
YNL016W 15 334
YNL015W 0 0
YNL014W 21 517
YNL013C 0 0
YNL012W 28 531
YNL011C 8 119
YNL010W 9 96
YNL009W 21 775
YNL008C 25 2652
YNL007C 9 975
YNL006W 10 682
YNL005C 8 128
YNL004W 48 5854
YNL003C 9 585
YNL002C 3 12
YNL001W 27 1077
YNR001C 36 1804
YNR001W-A 7 1267
YNR002C 56 4295
YNR003C 25 1707
YNR003W-A 5 18
YNR004W 3 19
YNR005C 2 32
YNR006W 14 326
YNR007C 9 158
YNR008W 33 755
YNR009W 11 177
YNR010W 4 75
YNR011C 25 605
YNR012W 13 176
YNR013C 28 5063
YNR014W 17 240
YNR015W 37 1024
YNR016C 82 1662
YNR017W 9 138
YNR018W 22 684
YNR019W 27 761
YNR020C 12 177
YNR021W 11 193
YNR022C 3 81
YNR023W 5 79
YNR024W 2 16
YNR025C 4 102
YNR026C 7 211
YNR027W 11 474
YNR028W 17 195
YNR029C 19 388
YNR030W 8 89
YNR031C 55 2362
YNR032W 17 2138
YNR032C-A 1 1
YNR033W 19 780
YNR034W 13 461
YNR034W-A 4 54
YNR035C 2 411
YNR036C 6 12
YNR037C 2 44
YNR038W 7 138
YNR039C 20 686
YNR040W 13 210
YNR041C 12 476
YNR042W 2 15
YNR043W 4 100
YNR044W 11 166
YNR045W 8 44
YNR046W 4 106
YNR047W 21 603
YNR048W 11 687
YNR049C 10 101
YNR050C 15 352
YNR051C 7 69
YNR052C 11 112
YNR053C 10 207
YNR054C 17 161
YNR055C 26 352
YNR056C 21 1124
YNR057C 21 1021
YNR058W 14 278
YNR059W 17 389
YNR060W 23 1163
YNR061C 5 59
YNR062C 3 7
YNR063W 12 270
YNR064C 15 433
YNR065C 16 940
YNR066C 20 822
YNR067C 17 420
YNR068C 2 11
YNR069C 9 149
YNR070W 31 405
YNR071C 15 742
YNR072W 8 169
YNR073C 10 155
YNR074C 7 48
YNR075W 13 361
YNR075C-A 5 174
YNR076W 0 0
YNR077C 1 4
YOL166W-A 2 5
YOL166C 0 0
YOL165C 5 61
YOL164W-A 2 13
YOL164W 17 2229
YOL163W 5 242
YOL162W 5 440
YOL161C 3 71
YOL160W 3 258
YOL159C-A 4 104
YOL159C 5 59
YOL158C 24 1349
YOL157C 11 219
YOL156W 10 938
YOL155W-A 0 0
YOL155C 13 207
YOL154W 5 14
YOL152W 34 978
YOL151W 6 92
YOL150C 1 3
YOL149W 4 74
YOL148C 11 88
YOL147C 4 36
YOL146W 8 71
YOL145C 10 517
YOL144W 12 265
YOL143C 2 81
YOL142W 8 143
YOL141W 28 1275
YOL140W 18 200
YOL139C 1 10
YOL138C 30 626
YOL137W 22 1383
YOL136C 5 35
YOL135C 5 140
YOL134C 9 573
YOL133W 2 45
YOL132W 12 417
YOL131W 4 144
YOL130W 24 434
YOL129W 9 197
YOL128C 8 109
YOL127W 0 0
YOL126C 29 946
YOL125W 9 475
YOL124C 15 607
YOL123W 21 570
YOL122C 21 1756
YOL121C 1 1
YOL120C 11 160
YOL119C 17 283
YOL118C 13 1200
YOL117W 18 242
YOL116W 15 999
YOL115W 23 507
YOL114C 3 15
YOL113W 21 229
YOL112W 20 544
YOL111C 15 302
YOL110W 42 64168
YOL109W 3 29
YOL108C 5 56
YOL107W 15 479
YOL106W 10 348
YOL105C 13 1201
YOL104C 10 294
YOL103W 10 196
YOL102C 8 116
YOL101C 1 1
YOL100W 13 172
YOL099C 3 57
YOL098C 37 729
YOL097W-A 3 202
YOL097C 10 205
YOL096C 18 324
YOL095C 18 671
YOL094C 5 110
YOL093W 3 17
YOL092W 8 114
YOL091W 6 57
YOL090W 16 514
YOL089C 17 194
YOL088C 4 37
YOL087C 11 300
YOL086W-A 8 267
YOL086C 14 169
YOL085W-A 9 709
YOL085C 16 611
YOL084W 31 2511
YOL083W 9 351
YOL083C-A 0 0
YOL082W 18 200
YOL081W 63 2162
YOL080C 3 80
YOL079W 1 7
YOL078W 28 1013
YOL077W-A 3 27
YOL077C 5 99
YOL076W 8 73
YOL075C 34 1017
YOL073C 9 297
YOL072W 11 240
YOL071W 3 8
YOL070C 11 227
YOL069W 13 306
YOL068C 25 533
YOL067C 5 204
YOL066C 12 89
YOL065C 11 193
YOL064C 5 158
YOL063C 17 217
YOL062C 8 43
YOL061W 22 340
YOL060C 28 1061
YOL059W 35 17682
YOL058W 25 747
YOL057W 12 213
YOL056W 7 208
YOL055C 18 264
YOL054W 16 279
YOL053W 17 2181
YOL052C-A 1 5
YOL052C 25 835
YOL051W 17 225
YOL050C 1 36
YOL049W 14 172
YOL048C 5 83
YOL047C 5 403
YOL046C 6 14
YOL045W 12 147
YOL044W 3 12
YOL043C 13 2489
YOL042W 16 285
YOL041C 7 99
YOL040C 1 1
YOL039W 1 4
YOL038C-A 0 0
YOL038W 7 71
YOL037C 6 121
YOL036W 25 456
YOL035C 3 33
YOL034W 30 1319
YOL033W 9 271
YOL032W 6 100
YOL031C 17 284
YOL030W 20 1300
YOL029C 9 317
YOL028C 10 719
YOL027C 11 143
YOL026C 12 390
YOL025W 12 279
YOL024W 6 141
YOL023W 13 198
YOL022C 7 147
YOL021C 31 1316
YOL020W 21 711
YOL019W-A 17 1741
YOL019W 14 289
YOL018C 12 877
YOL017W 20 766
YOL016C 17 190
YOL015W 11 107
YOL014W 3 2070
YOL013W-B 1 10
YOL013W-A 5 108
YOL013C 11 133
YOL012C 2 52
YOL011W 22 403
YOL010W 12 149
YOL009C 10 165
YOL008W 3 58
YOL007C 24 568
YOL006C 23 966
YOL005C 7 26
YOL004W 29 342
YOL003C 33 1089
YOL002C 25 906
YOL001W 26 781
YOR001W 44 1547
YOR002W 27 815
YOR003W 40 985
YOR004W 16 391
YOR005C 43 844
YOR006C 7 97
YOR007C 9 183
YOR008C 0 0
YOR008C-A 2 21
YOR008W-B 2 66
YOR009W 3 11
YOR010C 3 14
YOR011W 22 298
YOR011W-A 2 54
YOR012W 3 125
YOR013W 3 5
YOR014W 19 331
YOR015W 2 22
YOR016C 9 121
YOR017W 21 400
YOR018W 26 835
YOR019W 16 1867
YOR020C 3 25
YOR020W-A 1 9
YOR021C 5 135
YOR022C 19 373
YOR023C 14 458
YOR024W 18 560
YOR025W 22 256
YOR026W 19 297
YOR027W 22 445
YOR028C 14 611
YOR029W 14 580
YOR030W 19 644
YOR031W 7 133
YOR032C 9 103
YOR032W-A 9 120
YOR033C 20 450
YOR034C 19 339
YOR034C-A 11 417
YOR035C 16 339
YOR036W 2 13
YOR037W 12 493
YOR038C 24 345
YOR039W 5 92
YOR040W 21 676
YOR041C 6 140
YOR042W 16 466
YOR043W 10 261
YOR044W 8 361
YOR045W 2 14
YOR046C 14 329
YOR047C 4 26
YOR048C 14 124
YOR049C 10 333
YOR050C 7 65
YOR051C 10 305
YOR052C 7 68
YOR053W 5 37
YOR054C 20 345
YOR055W 5 164
YOR056C 8 148
YOR057W 13 290
YOR058C 27 509
YOR059C 8 119
YOR060C 16 276
YOR061W 12 156
YOR062C 15 866
YOR063W 9 403
YOR064C 13 371
YOR065W 10 210
YOR066W 14 391
YOR067C 18 330
YOR069W 14 747
YOR068C 1 2
YOR070C 13 185
YOR071C 22 150
YOR072W 13 714
YOR072W-A 12 443
YOR072W-B 2 24
YOR073W 8 172
YOR074C 11 113
YOR073W-A 1 18
YOR075W 8 204
YOR076C 22 1682
YOR077W 14 287
YOR078W 1 20
YOR079C 14 832
YOR080W 13 346
YOR081C 19 379
YOR082C 5 145
YOR083W 25 953
YOR084W 25 705
YOR085W 14 315
YOR086C 22 440
YOR087W 20 534
YOR089C 7 157
YOR090C 23 462
YOR091W 19 344
YOR092W 16 382
YOR093C 29 1236
YOR094W 1 1
YOR095C 11 101
YOR096W 4 69
YOR097C 4 37
YOR098C 25 342
YOR099W 27 1220
YOR100C 15 314
YOR101W 7 437
YOR102W 0 0
YOR103C 1 1
YOR104W 7 99
YOR105W 0 0
YOR106W 8 64
YOR107W 15 227
YOR108W 26 317
YOR108C-A 4 6
YOR109W 24 363
YOR110W 16 619
YOR111W 6 54
YOR112W 12 173
YOR113W 15 259
YOR114W 16 7925
YOR115C 3 164
YOR116C 25 547
YOR117W 10 164
YOR118W 22 510
YOR119C 15 485
YOR120W 27 849
YOR121C 7 163
YOR122C 5 102
YOR123C 10 229
YOR124C 29 1553
YOR125C 3 57
YOR126C 8 313
YOR127W 18 453
YOR128C 10 242
YOR129C 9 251
YOR130C 16 337
YOR131C 10 209
YOR132W 17 202
YOR133W 0 0
YOR134W 18 433
YOR135C 4 144
YOR136W 13 480
YOR137C 20 644
YOR138C 30 1143
YOR139C 3 26
YOR140W 14 204
YOR141C 21 503
YOR142W 15 930
YOR143C 10 383
YOR144C 22 456
YOR145C 9 160
YOR146W 3 103
YOR147W 8 212
YOR148C 10 110
YOR149C 6 110
YOR150W 3 14
YOR151C 25 415
YOR152C 0 0
YOR153W 53 1206
YOR154W 8 97
YOR155C 8 477
YOR156C 9 245
YOR157C 12 261
YOR158W 11 164
YOR159C 5 81
YOR160W 13 175
YOR161C 21 735
YOR161W-A 0 0
YOR161W-B 5 462
YOR161C-C 9 364
YOR162C 39 1330
YOR163W 8 178
YOR164C 13 305
YOR165W 27 883
YOR166C 12 684
YOR167C 2 19
YOR168W 19 372
YOR169C 5 189
YOR170W 0 0
YOR171C 12 82
YOR172W 14 702
YOR173W 17 223
YOR174W 7 254
YOR175C 18 237
YOR176W 18 347
YOR177C 12 125
YOR178C 9 204
YOR179C 20 609
YOR180C 2 24
YOR181W 5 12
YOR182C 3 10
YOR183W 22 681
YOR184W 9 156
YOR185C 3 8
YOR186W 17 1268
YOR186C-A 10 1179
YOR187W 16 240
YOR188W 18 336
YOR189W 5 72
YOR190W 8 412
YOR191W 36 565
YOR192C 11 67
YOR192C-C 0 0
YOR193W 7 101
YOR194C 3 149
YOR195W 6 179
YOR196C 11 391
YOR197W 15 168
YOR198C 9 151
YOR199W 18 3656
YOR200W 5 63
YOR201C 7 92
YOR202W 20 657
YOR203W 9 268
YOR204W 21 186
YOR205C 20 381
YOR206W 10 311
YOR207C 20 485
YOR208W 5 48
YOR209C 10 99
YOR210W 1 1
YOR211C 30 626
YOR212W 21 939
YOR213C 10 993
YOR214C 6 459
YOR215C 11 65
YOR216C 20 455
YOR217W 20 486
YOR218C 2 15
YOR219C 21 652
YOR220W 6 205
YOR221C 9 313
YOR222W 29 3124
YOR223W 16 250
YOR224C 6 53
YOR225W 8 88
YOR226C 6 48
YOR227W 35 829
YOR228C 16 291
YOR229W 34 1581
YOR230W 18 418
YOR231W 15 463
YOR231C-A 1 13
YOR232W 4 122
YOR233W 20 452
YOR234C 9 165
YOR235W 6 352
YOR236W 5 138
YOR237W 7 254
YOR238W 12 125
YOR239W 16 463
YOR241W 25 788
YOR242C 18 311
YOR243C 13 244
YOR244W 12 248
YOR245C 10 149
YOR246C 9 38
YOR247W 6 69
YOR248W 3 14
YOR249C 8 45
YOR250C 14 363
YOR251C 11 3982
YOR252W 11 285
YOR253W 3 15
YOR254C 14 722
YOR255W 4 52
YOR256C 16 198
YOR257W 1 2
YOR258W 2 44
YOR259C 11 231
YOR260W 14 302
YOR261C 6 73
YOR262W 11 217
YOR263C 1 4
YOR264W 8 196
YOR265W 3 303
YOR266W 10 295
YOR267C 32 1199
YOR268C 22 1178
YOR269W 22 334
YOR270C 34 2437
YOR271C 16 213
YOR272W 6 100
YOR273C 34 846
YOR274W 14 425
YOR275C 20 251
YOR276W 10 783
YOR277C 4 653
YOR278W 9 409
YOR279C 11 466
YOR280C 8 259
YOR281C 9 121
YOR282W 8 402
YOR283W 9 203
YOR284W 5 40
YOR285W 9 191
YOR286W 5 206
YOR287C 3 32
YOR288C 6 25
YOR289W 18 1012
YOR290C 18 258
YOR291W 38 687
YOR292C 13 291
YOR293W 8 101
YOR293C-A 5 46
YOR294W 1 2
YOR295W 17 1722
YOR296W 43 890
YOR297C 3 46
YOR298W 31 3296
YOR298C-A 11 190
YOR299W 22 1112
YOR300W 8 487
YOR301W 46 7483
YOR302W 3 10
YOR303W 29 1386
YOR304W 34 1087
YOR304C-A 2 7
YOR305W 3 47
YOR306C 12 307
YOR307C 10 10100
YOR308C 10 65
YOR309C 0 0
YOR310C 8 223
YOR311C 9 81
YOR312C 2 43
YOR313C 8 93
YOR314W 4 34
YOR314W-A 2 158
YOR315W 11 502
YOR316C 20 901
YOR316C-A 21 1364
YOR317W 42 1980
YOR318C 39 3052
YOR319W 2 77
YOR320C 8 131
YOR321W 23 413
YOR322C 31 731
YOR323C 8 298
YOR324C 23 556
YOR325W 6 182
YOR326W 33 349
YOR327C 5 131
YOR328W 41 3590
YOR329C 13 201
YOR329W-A 2 32
YOR330C 19 308
YOR331C 2 22
YOR332W 2 4
YOR333C 1 78
YOR334W 11 207
YOR335C 34 738
YOR335W-A 0 0
YOR336W 36 962
YOR337W 26 640
YOR338W 24 925
YOR339C 2 19
YOR340C 5 42
YOR341W 12 178
YOR342C 14 87
YOR343C 24 1159
YOR344C 10 4404
YOR345C 5 21
YOR346W 34 620
YOR347C 9 209
YOR348C 165 40190
YOR349W 42 857
YOR350C 21 522
YOR351C 13 202
YOR352W 11 141
YOR353C 21 357
YOR354C 15 528
YOR355W 12 129
YOR356W 24 1029
YOR357C 8 4897
YOR358W 15 242
YOR359W 8 199
YOR360C 12 700
YOR361C 21 655
YOR362C 7 197
YOR363C 21 2299
YOR364W 14 560
YOR365C 30 382
YOR366W 2 24
YOR367W 6 144
YOR368W 20 869
YOR369C 10 152
YOR370C 14 417
YOR371C 47 14303
YOR372C 12 419
YOR373W 23 781
YOR374W 19 428
YOR375C 26 448
YOR376W 23 2498
YOR376W-A 0 0
YOR377W 29 835
YOR378W 13 1041
YOR379C 10 968
YOR380W 20 512
YOR381W 21 808
YOR381W-A 1 9
YOR382W 4 8
YOR383C 5 31
YOR384W 17 231
YOR385W 15 317
YOR386W 3 28
YOR387C 2 101
YOR388C 3 41
YOR389W 16 871
YOR390W 3 61
YOR391C 4 111
YOR392W 0 0
YOR393W 0 0
YOR394W 0 0
YOR394C-A 1 1
YOR396W 0 0
YOR396C-A 0 0
YPL283C 0 0
YPL283W-B 0 0
YPL283W-A 0 0
YPL282C 0 0
YPL281C 0 0
YPL280W 0 0
YPL279C 6 81
YPL278C 0 0
YPL277C 6 645
YPL274W 33 2279
YPL273W 8 77
YPL272C 5 95
YPL271W 1 92
YPL270W 21 446
YPL269W 16 826
YPL268W 19 1197
YPL267W 3 43
YPL266W 5 40
YPL265W 39 1043
YPL264C 13 547
YPL263C 17 487
YPL262W 22 829
YPL261C 8 190
YPL260W 10 314
YPL259C 15 431
YPL258C 28 1020
YPL257W 8 88
YPL256C 12 610
YPL255W 6 189
YPL254W 9 85
YPL253C 10 227
YPL252C 2 27
YPL251W 1 1
YPL250C 12 362
YPL249C-A 1 2
YPL250W-A 1 2
YPL249C 26 357
YPL248C 17 237
YPL247C 28 1260
YPL246C 13 414
YPL245W 23 7376
YPL244C 8 242
YPL243W 10 255
YPL242C 36 1238
YPL241C 5 36
YPL240C 21 271
YPL239W 5 77
YPL238C 2 31
YPL237W 3 40
YPL236C 12 280
YPL235W 7 237
YPL234C 10 230
YPL233W 8 753
YPL232W 14 159
YPL231W 89 2631
YPL230W 16 386
YPL229W 9 109
YPL228W 14 204
YPL227C 16 380
YPL226W 30 532
YPL225W 0 0
YPL224C 19 823
YPL223C 11 245
YPL222W 22 744
YPL222C-A 2 26
YPL221W 46 4310
YPL220W 2 81
YPL219W 17 536
YPL218W 15 191
YPL217C 21 364
YPL216W 24 310
YPL215W 7 30
YPL214C 16 157
YPL213W 11 345
YPL212C 18 374
YPL211W 8 192
YPL210C 17 552
YPL209C 4 8
YPL208W 20 528
YPL207W 30 1068
YPL206C 11 127
YPL205C 3 16
YPL204W 17 460
YPL203W 17 528
YPL202C 21 209
YPL201C 8 57
YPL200W 2 2
YPL199C 9 70
YPL198W 19 362
YPL197C 3 25
YPL196W 8 112
YPL195W 12 89
YPL194W 13 183
YPL193W 7 111
YPL192C 2 9
YPL191C 12 174
YPL190C 14 327
YPL189C-A 0 0
YPL189W 15 305
YPL188W 22 378
YPL187W 2 3
YPL186C 31 651
YPL185W 24 3467
YPL184C 14 375
YPL183W-A 5 54
YPL183C 34 901
YPL182C 7 141
YPL181W 9 203
YPL180W 19 431
YPL179W 19 688
YPL178W 7 41
YPL177C 5 240
YPL176C 28 575
YPL175W 15 505
YPL174C 5 36
YPL173W 9 103
YPL172C 8 31
YPL171C 26 987
YPL170W 10 161
YPL169C 6 15
YPL168W 11 274
YPL167C 37 14477
YPL166W 8 32
YPL165C 1 5
YPL164C 17 549
YPL163C 4 55
YPL162C 15 176
YPL161C 20 398
YPL160W 19 306
YPL159C 4 106
YPL158C 23 323
YPL157W 16 279
YPL156C 21 1168
YPL155C 37 6181
YPL154C 5 123
YPL153C 19 348
YPL152W-A 0 0
YPL152W 7 49
YPL151C 17 560
YPL150W 7 30
YPL149W 6 58
YPL148C 2 8
YPL147W 17 588
YPL146C 2 6
YPL145C 0 0
YPL144W 22 842
YPL143W 0 0
YPL142C 0 0
YPL141C 33 759
YPL140C 10 146
YPL139C 3 168
YPL138C 6 97
YPL137C 50 865
YPL136W 2 192
YPL135W 12 401
YPL135C-A 4 130
YPL134C 20 463
YPL133C 29 453
YPL132W 9 127
YPL131W 3 83
YPL130W 3 37
YPL129W 3 47
YPL128C 9 96
YPL127C 7 136
YPL126W 14 285
YPL125W 28 811
YPL124W 14 149
YPL123C 3 159
YPL122C 9 136
YPL121C 4 144
YPL120W 8 25
YPL119C-A 3 94
YPL119C 22 999
YPL118W 9 275
YPL117C 8 148
YPL116W 18 253
YPL115C 17 436
YPL114W 4 54
YPL113C 14 185
YPL112C 8 56
YPL111W 63 11452
YPL110C 32 2427
YPL109C 31 982
YPL108W 9 282
YPL107W 10 236
YPL106C 17 240
YPL105C 19 788
YPL104W 12 147
YPL103C 16 661
YPL102C 4 284
YPL101W 15 366
YPL100W 6 104
YPL099C 3 56
YPL098C 4 564
YPL097W 14 537
YPL096C-A 2 37
YPL096W 16 433
YPL095C 16 544
YPL094C 13 345
YPL093W 17 371
YPL092W 26 594
YPL091W 13 113
YPL090C 3 10
YPL089C 23 577
YPL088W 14 673
YPL087W 2 239
YPL086C 9 269
YPL085W 33 414
YPL084W 12 287
YPL083C 10 73
YPL082C 39 701
YPL081W 21 836
YPL080C 10 446
YPL079W 6 139
YPL078C 6 58
YPL077C 10 301
YPL076W 6 101
YPL075W 19 414
YPL074W 17 558
YPL073C 3 40
YPL072W 10 632
YPL071C 8 375
YPL070W 15 374
YPL069C 10 346
YPL068C 15 192
YPL067C 37 1097
YPL066W 25 1696
YPL065W 6 77
YPL064C 9 88
YPL063W 13 584
YPL062W 27 1758
YPL061W 24 1926
YPL060W 13 212
YPL059W 6 106
YPL058C 38 1836
YPL057C 13 178
YPL056C 13 343
YPL055C 24 827
YPL054W 8 195
YPL053C 12 266
YPL052W 9 125
YPL051W 6 56
YPL050C 5 47
YPL049C 20 822
YPL048W 10 127
YPL047W 4 46
YPL046C 7 141
YPL045W 17 1385
YPL044C 4 35
YPL043W 15 303
YPL042C 19 329
YPL041C 9 215
YPL040C 19 262
YPL039W 8 130
YPL038W-A 2 12
YPL038W 7 144
YPL037C 0 0
YPL036W 21 318
YPL035C 0 0
YPL034W 2 15
YPL033C 5 73
YPL032C 15 394
YPL031C 17 301
YPL030W 13 309
YPL029W 23 417
YPL028W 16 203
YPL027W 8 334
YPL026C 15 777
YPL025C 16 1041
YPL024W 12 309
YPL023C 3 15
YPL022W 17 709
YPL021W 7 128
YPL020C 9 179
YPL019C 20 646
YPL018W 16 296
YPL017C 30 23285
YPL016W 19 478
YPL015C 28 1273
YPL014W 18 618
YPL013C 11 533
YPL012W 22 548
YPL011C 11 256
YPL010W 3 40
YPL009C 16 250
YPL008W 15 310
YPL007C 5 343
YPL006W 40 719
YPL005W 14 141
YPL004C 18 257
YPL003W 26 1072
YPL002C 18 828
YPL001W 23 693
YPR001W 62 5869
YPR002W 38 1625
YPR002C-A 1 3
YPR003C 20 280
YPR004C 6 144
YPR005C 4 32
YPR006C 28 603
YPR007C 21 420
YPR008W 33 589
YPR009W 10 464
YPR010C 9 117
YPR010C-A 0 0
YPR011C 28 946
YPR012W 4 74
YPR013C 7 260
YPR014C 8 99
YPR015C 11 288
YPR016C 4 55
YPR016W-A 4 54
YPR017C 3 27
YPR018W 16 254
YPR019W 21 723
YPR020W 4 12
YPR021C 11 351
YPR022C 40 1956
YPR023C 15 491
YPR024W 13 155
YPR025C 6 68
YPR026W 34 926
YPR027C 4 57
YPR028W 5 92
YPR029C 10 612
YPR030W 24 1168
YPR031W 23 299
YPR032W 14 243
YPR033C 16 350
YPR034W 14 362
YPR035W 19 665
YPR036W 37 3219
YPR036W-A 6 305
YPR037C 19 554
YPR038W 10 209
YPR039W 9 231
YPR040W 23 648
YPR041W 8 423
YPR042C 12 348
YPR043W 2 53
YPR044C 2 53
YPR045C 8 128
YPR046W 3 32
YPR047W 16 248
YPR048W 13 260
YPR049C 24 427
YPR050C 9 128
YPR051W 16 345
YPR052C 2 614
YPR053C 11 305
YPR054W 14 5707
YPR055W 22 572
YPR056W 3 54
YPR057W 7 149
YPR058W 7 163
YPR059C 3 39
YPR060C 9 280
YPR061C 12 303
YPR062W 8 202
YPR063C 5 60
YPR064W 14 821
YPR065W 9 65
YPR066W 17 588
YPR067W 11 167
YPR068C 11 304
YPR069C 5 280
YPR070W 8 64
YPR071W 7 106
YPR072W 12 546
YPR073C 9 202
YPR074C 35 770
YPR074W-A 9 1064
YPR075C 10 278
YPR076W 1 2
YPR077C 9 1481
YPR078C 13 1493
YPR079W 13 302
YPR080W 4 155
YPR081C 31 1373
YPR082C 5 87
YPR083W 13 133
YPR084W 9 78
YPR085C 8 132
YPR086W 18 239
YPR087W 5 37
YPR088C 12 586
YPR089W 16 551
YPR091C 20 300
YPR092W 8 94
YPR093C 21 2369
YPR094W 4 55
YPR095C 32 900
YPR096C 8 1214
YPR097W 35 526
YPR098C 9 84
YPR099C 5 83
YPR100W 8 113
YPR101W 7 139
YPR102C 1 7
YPR103W 10 324
YPR104C 9 177
YPR105C 5 74
YPR106W 12 433
YPR107C 13 417
YPR108W 6 136
YPR108W-A 7 387
YPR109W 16 502
YPR110C 5 9
YPR111W 21 1914
YPR112C 8 215
YPR113W 5 174
YPR114W 14 209
YPR115W 25 544
YPR116W 2 35
YPR117W 54 1644
YPR118W 8 213
YPR119W 12 298
YPR120C 14 357
YPR121W 25 1180
YPR122W 42 3265
YPR123C 9 43
YPR124W 26 401
YPR125W 12 204
YPR126C 5 73
YPR127W 12 117
YPR128C 8 121
YPR129W 3 166
YPR130C 4 72
YPR131C 10 341
YPR132W 2 11
YPR133C 7 3878
YPR133W-A 0 0
YPR134W 3 1155
YPR135W 17 339
YPR136C 2 150
YPR137W 3 158
YPR138C 21 830
YPR139C 4 31
YPR140W 8 116
YPR141C 21 307
YPR142C 5 25
YPR143W 1 7
YPR144C 7 132
YPR145W 40 697
YPR145C-A 3 24
YPR146C 11 154
YPR147C 13 1298
YPR148C 7 881
YPR149W 12 647
YPR150W 22 860
YPR151C 23 864
YPR152C 37 1011
YPR153W 15 159
YPR154W 3 43
YPR155C 28 1103
YPR156C 11 246
YPR157W 25 397
YPR158W 12 239
YPR159W 32 572
YPR159C-A 1 4
YPR160W 50 1024
YPR160W-A 2 31
YPR160C-A 11 343
YPR161C 12 469
YPR162C 8 123
YPR163C 8 102
YPR164W 22 1143
YPR165W 2 13
YPR166C 2 16
YPR167C 8 204
YPR168W 11 4411
YPR169W 25 799
YPR170C 12 770
YPR169W-A 4 17
YPR170W-B 7 542
YPR170W-A 4 526
YPR171W 8 37
YPR172W 4 95
YPR173C 6 1056
YPR174C 3 142
YPR175W 15 386
YPR176C 10 252
YPR177C 4 186
YPR178W 14 410
YPR179C 19 500
YPR180W 2 54
YPR181C 17 394
YPR182W 3 79
YPR183W 14 335
YPR184W 55 5225
YPR185W 18 147
YPR186C 7 124
YPR187W 2 35
YPR188C 3 20
YPR189W 30 1604
YPR190C 17 560
YPR191W 10 483
YPR192W 34 1216
YPR193C 10 234
YPR194C 25 1531
YPR195C 24 1449
YPR196W 17 430
YPR197C 3 112
YPR198W 7 139
YPR199C 13 628
YPR200C 3 3
YPR201W 23 436
YPR202W 1 1
YPR203W 0 0
YPR204W 0 0
YPR204C-A 0 0
