YAL069W 30 772
YAL068W-A 1 1
YAL068C 2 11
YAL067W-A 18 269
YAL067C 29 325
YAL066W 9 69
YAL065C 6 278
YAL064W-B 6 42
YAL064C-A 2 46
YAL064W 1 2
YAL063C-A 3 17
YAL063C 34 1167
YAL062W 118 2565
YAL061W 106 5698
YAL060W 76 2088
YAL059C-A 6 26
YAL059W 11 79
YAL058W 59 1731
YAL056C-A 9 264
YAL056W 106 5905
YAL055W 16 312
YAL054C 77 1089
YAL053W 53 664
YAL051W 64 938
YAL049C 18 217
YAL048C 20 98
YAL047W-A 2 11
YAL047C 11 71
YAL046C 6 24
YAL045C 16 216
YAL044W-A 21 424
YAL044C 23 173
YAL043C 21 160
YAL042C-A 11 153
YAL042W 33 419
YAL041W 7 36
YAL040C 24 490
YAL039C 119 1659
YAL038W 17 91
YAL037C-B 6 23
YAL037C-A 2 2
YAL037W 29 218
YAL036C 23 8809
YAL035W 6 16
YAL034C-B 4 28
YAL034W-A 9 88
YAL034C 44 859
YAL033W 1 14
YAL032C 24 236
YAL031W-A 11 51
YAL031C 38 362
YAL030W 17 73
YAL029C 53 624
YAL028W 28 456
YAL027W 8 195
YAL026C-A 4 290
YAL026C 19 342
YAL025C 1 16
YAL024C 28 207
YAL023C 50 426
YAL022C 26 300
YAL021C 16 126
YAL020C 33 436
YAL019W-A 18 175
YAL019W 24 291
YAL018C 16 242
YAL017W 67 663
YAL016C-B 7 146
YAL016C-A 2 13
YAL016W 3 17
YAL015C 37 258
YAL014C 14 250
YAL013W 9 152
YAL012W 15 86
YAL011W 9 55
YAL010C 3 11
YAL009W 4 7
YAL008W 21 402
YAL007C 7 301
YAL005C 60 1312
YAL004W 27 713
YAL003W 0 0
YAL002W 62 5149
YAL001C 40 251
YAR002W 61 994
YAR002C-A 22 530
YAR003W 82 30796
YAR007C 1 2
YAR008W 10 58
YAR014C 41 349
YAR015W 8 55
YAR018C 15 266
YAR019C 28 1792
YAR019W-A 0 0
YAR020C 1 6
YAR023C 11 125
YAR027W 22 368
YAR028W 23 206
YAR029W 2 36
YAR030C 10 118
YAR031W 23 347
YAR033W 4 16
YAR035W 200 3995
YAR035C-A 6 23
YAR042W 74 712
YAR047C 0 0
YAR050W 35 440
YAR053W 0 0
YAR060C 0 0
YAR064W 3 14
YAR066W 2 8
YAR068W 1 4
YAR069C 6 174
YAR070C 0 0
YAR071W 8 182
YAR073W 1 7
YAR075W 3 35
YBL113C 2 9
YBL113W-A 1 1
YBL112C 0 0
YBL111C 0 0
YBL109W 16 555
YBL108C-A 0 0
YBL108W 35 2506
YBL107W-A 0 0
YBL107C 18 112
YBL106C 48 721
YBL105C 22 133
YBL104C 83 881
YBL103C 24 286
YBL102W 10 143
YBL101C 102 1503
YBL100W-C 13 385
YBL100C 0 0
YBL099W 15 97
YBL098W 34 880
YBL097W 22 108
YBL096C 21 309
YBL095W 21 291
YBL094C 4 19
YBL093C 7 4084
YBL092W 1 2
YBL091C-A 20 316
YBL091C 25 170
YBL090W 6 41
YBL089W 24 223
YBL088C 150 1597
YBL087C 5 7
YBL086C 9 212
YBL085W 29 281
YBL084C 12 109
YBL083C 4 10
YBL082C 31 368
YBL081W 8 39
YBL080C 19 165
YBL079W 40 227
YBL078C 0 0
YBL077W 15 475
YBL076C 10 38
YBL075C 54 601
YBL074C 22 257
YBL073W 22 868
YBL072C 3 10
YBL071C-B 0 0
YBL071W-A 3 19
YBL071C 11 67
YBL070C 11 1409
YBL069W 35 387
YBL068W-A 2 17
YBL068W 13 282
YBL067C 21 1650
YBL066C 53 430
YBL065W 10 102
YBL064C 24 373
YBL063W 62 989
YBL062W 9 119
YBL061C 34 274
YBL060W 44 404
YBL059C-A 1 7
YBL059W 10 106
YBL058W 21 124
YBL057C 20 291
YBL056W 31 346
YBL055C 34 456
YBL054W 35 459
YBL053W 5 101
YBL052C 19 292
YBL051C 23 166
YBL050W 6 26
YBL049W 7 75
YBL048W 3 15
YBL047C 53 416
YBL046W 31 550
YBL045C 9 32
YBL044W 77 6156
YBL043W 19 309
YBL042C 51 571
YBL041W 4 18
YBL040C 6 27
YBL039W-B 0 0
YBL039C 14 96
YBL039C-A 0 0
YBL038W 2 11
YBL037W 63 556
YBL036C 15 380
YBL035C 18 79
YBL034C 23 141
YBL033C 12 57
YBL032W 40 432
YBL031W 29 161
YBL030C 19 110
YBL029C-A 21 837
YBL029W 34 681
YBL028C 4 89
YBL027W 0 0
YBL026W 0 0
YBL025W 1 1
YBL024W 16 118
YBL023C 16 63
YBL022C 23 90
YBL021C 12 158
YBL020W 15 97
YBL019W 32 406
YBL018C 3 12
YBL017C 103 1020
YBL016W 65 1568
YBL015W 124 3006
YBL014C 30 213
YBL013W 122 2559
YBL012C 15 144
YBL011W 29 212
YBL010C 14 109
YBL009W 44 547
YBL008W-A 9 107
YBL008W 51 646
YBL007C 26 270
YBL006C 15 606
YBL006W-A 10 589
YBL005W 46 426
YBL004W 14 94
YBL003C 9 340
YBL002W 37 561
YBL001C 43 3327
YBR001C 172 3858
YBR002C 10 234
YBR003W 31 391
YBR004C 7 29
YBR005W 16 767
YBR006W 98 2153
YBR007C 63 1360
YBR008C 58 743
YBR009C 2 2
YBR010W 7 89
YBR011C 6 16
YBR012C 3 145
YBR013C 11 71
YBR014C 6 27
YBR015C 17 96
YBR016W 19 881
YBR017C 15 138
YBR018C 10 39
YBR019C 28 355
YBR020W 24 130
YBR021W 41 11159
YBR022W 24 277
YBR023C 44 1213
YBR024W 14 144
YBR025C 12 79
YBR026C 15 87
YBR027C 23 190
YBR028C 25 245
YBR029C 12 72
YBR030W 22 165
YBR031W 2 17
YBR032W 62 5183
YBR033W 64 928
YBR034C 50 712
YBR035C 24 128
YBR036C 25 479
YBR037C 15 42
YBR038W 16 79
YBR039W 11 49
YBR040W 8 49
YBR041W 18 419
YBR042C 17 167
YBR043C 31 265
YBR044C 30 659
YBR045C 21 148
YBR046C 21 229
YBR047W 20 330
YBR048W 4 24
YBR049C 21 94
YBR050C 25 222
YBR051W 17 369
YBR052C 17 167
YBR053C 35 530
YBR054W 45 1129
YBR055C 20 158
YBR056W 25 290
YBR056W-A 4 112
YBR056C-B 2 68
YBR057C 13 149
YBR058C 25 141
YBR058C-A 0 0
YBR059C 39 409
YBR060C 7 26
YBR061C 13 58
YBR062C 11 123
YBR063C 15 50
YBR064W 5 13
YBR065C 21 189
YBR066C 20 282
YBR067C 4 29
YBR068C 59 1190
YBR069C 51 868
YBR070C 2 15
YBR071W 23 433
YBR072W 22 533
YBR072C-A 8 210
YBR073W 25 306
YBR074W 54 603
YBR076W 22 463
YBR076C-A 16 307
YBR077C 4 60
YBR078W 82 3393
YBR079C 33 184
YBR080C 7 51
YBR081C 39 252
YBR082C 24 152
YBR083W 46 658
YBR084W 54 1294
YBR084C-A 3 25
YBR085W 17 162
YBR085C-A 10 162
YBR086C 51 454
YBR087W 5 37
YBR088C 3 24
YBR089W 1 13
YBR089C-A 36 758
YBR090C 43 954
YBR091C 3 11
YBR092C 28 344
YBR093C 28 403
YBR094W 50 485
YBR095C 8 79
YBR096W 8 97
YBR097W 9 41
YBR098W 39 346
YBR099C 3 63
YBR101C 2 10
YBR102C 19 89
YBR103W 24 108
YBR103C-A 21 487
YBR104W 26 619
YBR105C 29 332
YBR106W 5 51
YBR107C 9 265
YBR108W 37 453
YBR109C 0 0
YBR109W-A 3 26
YBR110W 4 7
YBR111C 27 774
YBR111W-A 3 29
YBR112C 12 71
YBR113W 0 0
YBR114W 45 622
YBR115C 85 1039
YBR116C 30 1177
YBR117C 79 1513
YBR118W 0 0
YBR119W 15 200
YBR120C 4 8
YBR121C 1 1
YBR121C-A 0 0
YBR122C 5 11
YBR123C 7 31
YBR124W 7 98
YBR125C 25 536
YBR126C 17 82
YBR126W-A 16 437
YBR126W-B 13 410
YBR127C 9 209
YBR128C 32 367
YBR129C 4 54
YBR130C 9 91
YBR131W 22 84
YBR131C-A 0 0
YBR132C 45 1778
YBR133C 66 951
YBR134W 31 355
YBR135W 6 26
YBR136W 27 349
YBR137W 11 75
YBR138C 35 389
YBR139W 46 511
YBR140C 145 5031
YBR141C 24 317
YBR141W-A 1 1
YBR142W 16 74
YBR143C 4 30
YBR144C 29 595
YBR145W 26 359
YBR146W 13 101
YBR147W 19 445
YBR148W 32 385
YBR149W 35 708
YBR150C 45 394
YBR151W 17 231
YBR152W 9 82
YBR153W 3 5
YBR154C 2 4
YBR155W 4 36
YBR156C 7 81
YBR157C 25 707
YBR158W 26 340
YBR159W 14 84
YBR160W 5 26
YBR161W 10 147
YBR162C 34 267
YBR162W-A 2 64
YBR163W 14 103
YBR164C 7 22
YBR165W 6 19
YBR166C 13 83
YBR167C 2 10
YBR168W 6 99
YBR169C 47 660
YBR170C 20 100
YBR171W 8 47
YBR172C 40 461
YBR173C 0 0
YBR174C 10 86
YBR175W 20 481
YBR176W 12 120
YBR177C 39 417
YBR178W 24 247
YBR179C 25 111
YBR180W 26 236
YBR181C 1 1
YBR182C 49 1100
YBR182C-A 5 50
YBR183W 19 118
YBR184W 16 139
YBR185C 2 2
YBR186W 68 814
YBR187W 4 28
YBR188C 7 22
YBR189W 1 2
YBR190W 0 0
YBR191W 1 5
YBR191W-A 0 0
YBR192W 3 26
YBR193C 4 19
YBR194W 4 24
YBR195C 13 111
YBR196C 6 40
YBR196C-A 1 4
YBR196C-B 7 72
YBR197C 44 1731
YBR198C 13 89
YBR199W 33 406
YBR200W 3 19
YBR200W-A 1 6
YBR201W 8 44
YBR201C-A 10 87
YBR202W 23 323
YBR203W 59 437
YBR204C 12 64
YBR205W 30 381
YBR206W 8 106
YBR207W 12 85
YBR208C 100 1166
YBR209W 21 438
YBR210W 3 19
YBR211C 8 98
YBR212W 34 682
YBR213W 30 259
YBR214W 70 793
YBR215W 17 103
YBR216C 29 359
YBR217W 8 34
YBR218C 75 1029
YBR219C 32 672
YBR220C 44 699
YBR221C 32 451
YBR221W-A 19 284
YBR222C 62 1068
YBR223C 37 726
YBR223W-A 15 425
YBR224W 8 53
YBR225W 12 77
YBR226C 2 6
YBR227C 11 58
YBR228W 20 242
YBR229C 49 274
YBR230C 10 153
YBR230W-A 30 683
YBR231C 12 39
YBR232C 4 44
YBR233W 20 140
YBR233W-A 3 42
YBR234C 9 41
YBR235W 78 616
YBR236C 8 70
YBR237W 9 34
YBR238C 24 212
YBR239C 77 1471
YBR240C 49 1104
YBR241C 98 1968
YBR242W 27 384
YBR243C 3 21
YBR244W 8 118
YBR245C 48 513
YBR246W 20 102
YBR247C 3 19
YBR248C 33 401
YBR249C 17 250
YBR250W 26 527
YBR251W 6 34
YBR252W 2 3
YBR253W 0 0
YBR254C 5 23
YBR255W 46 505
YBR255C-A 8 258
YBR256C 8 157
YBR257W 7 18
YBR258C 10 198
YBR259W 31 215
YBR260C 29 366
YBR261C 29 480
YBR262C 13 44
YBR263W 25 273
YBR264C 14 121
YBR265W 0 0
YBR267W 8 32
YBR266C 1 5
YBR268W 2 3
YBR269C 9 39
YBR270C 12 120
YBR271W 29 300
YBR272C 24 212
YBR273C 18 169
YBR274W 22 223
YBR275C 100 1376
YBR276C 27 232
YBR277C 13 138
YBR278W 19 156
YBR279W 12 86
YBR280C 47 866
YBR281C 41 361
YBR282W 2 32
YBR283C 21 120
YBR284W 54 691
YBR285W 5 51
YBR286W 68 969
YBR287W 14 138
YBR288C 35 418
YBR289W 26 399
YBR290W 12 67
YBR291C 46 1268
YBR292C 10 117
YBR293W 32 588
YBR294W 52 668
YBR295W 93 903
YBR296C 50 729
YBR296C-A 25 1474
YBR297W 37 341
YBR298C 52 493
YBR298C-A 0 0
YBR299W 12 182
YBR300C 1 7
YBR301W 1 4
YBR302C 0 0
YCL076W 6 72
YCL073C 4 146
YCL069W 0 0
YCL068C 1 1
YCL067C 0 0
YCL066W 0 0
YCL065W 1 1
YCL064C 29 461
YCL063W 27 397
YCL061C 18 149
YCL059C 1 6
YCL058C 12 73
YCL058W-A 8 31
YCL057C-A 22 199
YCL057W 47 575
YCL056C 5 13
YCL055W 11 261
YCL054W 25 151
YCL052C 15 71
YCL051W 35 460
YCL050C 21 151
YCL049C 14 438
YCL048W-A 4 52
YCL048W 35 717
YCL047C 19 233
YCL045C 30 182
YCL046W 2 3
YCL044C 29 473
YCL043C 18 65
YCL041C 10 67
YCL042W 44 2061
YCL040W 184 10401
YCL039W 64 935
YCL038C 27 484
YCL037C 18 121
YCL036W 55 664
YCL035C 7 176
YCL034W 38 395
YCL033C 13 91
YCL032W 27 780
YCL031C 5 33
YCL030C 61 907
YCL029C 54 1517
YCL028W 28 311
YCL027W 26 323
YCL026C-B 0 0
YCL026C-A 11 388
YCL025C 100 2228
YCL023C 19 252
YCL024W 67 748
YCL022C 7 96
YCL021W-A 20 232
YCL018W 32 1041
YCL017C 16 62
YCL016C 14 131
YCL014W 53 564
YCL012C 7 81
YCL011C 24 245
YCL010C 40 670
YCL009C 29 297
YCL008C 60 994
YCL007C 0 0
YCL005W-A 4 19
YCL005W 14 431
YCL004W 19 274
YCL002C 31 628
YCL001W 5 121
YCL001W-A 0 0
YCL001W-B 15 312
YCR001W 22 455
YCR002C 5 50
YCR003W 7 49
YCR004C 18 324
YCR005C 80 1783
YCR006C 79 7715
YCR007C 23 321
YCR008W 40 249
YCR009C 2 6
YCR010C 37 631
YCR011C 101 1713
YCR012W 4 20
YCR013C 6 30
YCR014C 24 349
YCR015C 23 188
YCR016W 15 85
YCR017C 32 845
YCR018C 9 96
YCR018C-A 7 142
YCR019W 22 155
YCR020C 18 184
YCR020C-A 5 19
YCR020W-B 1 1
YCR021C 46 946
YCR022C 45 697
YCR023C 66 881
YCR024C 6 16
YCR024C-B 28 624
YCR024C-A 1 33
YCR025C 34 1135
YCR026C 53 1034
YCR027C 3 40
YCR028C 26 278
YCR028C-A 1 7
YCR030C 43 1763
YCR031C 5 19
YCR032W 91 993
YCR033W 48 320
YCR034W 7 60
YCR035C 5 23
YCR036W 40 525
YCR037C 32 266
YCR038C 6 207
YCR038W-A 2 48
YCR039C 0 0
YCR040W 0 0
YCR041W 4 11
YCR042C 29 114
YCR043C 13 446
YCR044C 3 9
YCR045C 28 344
YCR045W-A 5 45
YCR046C 10 66
YCR047C 2 4
YCR047W-A 1 3
YCR049C 36 387
YCR048W 83 1062
YCR050C 9 185
YCR051W 10 46
YCR052W 8 39
YCR053W 11 54
YCR054C 11 117
YCR057C 15 106
YCR059C 30 152
YCR060W 15 190
YCR061W 78 3319
YCR064C 26 1716
YCR063W 12 318
YCR065W 53 537
YCR066W 12 75
YCR067C 53 573
YCR068W 41 1065
YCR069W 33 688
YCR071C 8 64
YCR072C 9 16
YCR073C 55 460
YCR073W-A 34 620
YCR075C 15 156
YCR075W-A 1 2
YCR076C 13 91
YCR077C 20 104
YCR079W 33 231
YCR081W 40 196
YCR081C-A 1 13
YCR082W 10 71
YCR083W 16 150
YCR084C 19 78
YCR085W 3 4
YCR086W 10 75
YCR087W 16 368
YCR087C-A 9 41
YCR088W 35 219
YCR089W 42 1104
YCR090C 13 220
YCR091W 67 778
YCR092C 30 210
YCR093W 33 142
YCR094W 8 50
YCR095C 10 58
YCR095W-A 7 56
YCR096C 0 0
YCR097W 0 0
YCR097W-A 6 19
YCR098C 16 227
YCR099C 9 105
YCR100C 27 160
YCR101C 4 32
YCR102C 11 106
YCR102W-A 1 3
YCR104W 3 20
YCR105W 64 1204
YCR106W 48 466
YCR107W 12 326
YCR108C 30 3201
YDL248W 9 262
YDL247W-A 0 0
YDL247W 1 5
YDL246C 1 10
YDL245C 9 36
YDL244W 13 139
YDL243C 15 191
YDL242W 35 614
YDL241W 4 51
YDL240C-A 40 3796
YDL240W 37 992
YDL239C 18 173
YDL238C 54 1096
YDL237W 13 115
YDL236W 13 293
YDL235C 1 1
YDL234C 37 247
YDL233W 11 191
YDL232W 0 0
YDL231C 120 2832
YDL230W 22 92
YDL229W 22 278
YDL228C 6 71
YDL227C 8 258
YDL226C 8 20
YDL225W 10 42
YDL224C 18 107
YDL223C 105 902
YDL222C 53 899
YDL221W 64 1683
YDL220C 78 1091
YDL219W 1 28
YDL218W 24 293
YDL217C 5 15
YDL216C 23 220
YDL215C 102 3790
YDL214C 67 565
YDL213C 24 251
YDL212W 8 102
YDL211C 8 81
YDL210W 38 371
YDL209C 5 16
YDL208W 2 8
YDL207W 4 23
YDL206W 29 279
YDL205C 17 81
YDL204W 43 599
YDL203C 21 374
YDL202W 5 57
YDL201W 19 122
YDL200C 12 159
YDL199C 25 241
YDL198C 18 180
YDL197C 30 394
YDL196W 19 97
YDL195W 12 77
YDL194W 21 99
YDL193W 6 10
YDL192W 7 32
YDL191W 4 19
YDL190C 59 597
YDL189W 11 269
YDL188C 29 250
YDL187C 4 35
YDL186W 13 109
YDL185C-A 2 26
YDL185W 12 59
YDL184C 3 9
YDL183C 27 307
YDL182W 38 647
YDL181W 13 235
YDL180W 22 208
YDL179W 8 36
YDL178W 49 832
YDL177C 16 248
YDL176W 34 440
YDL175C 22 251
YDL174C 79 997
YDL173W 32 1508
YDL172C 11 260
YDL171C 147 3078
YDL170W 44 456
YDL169C 32 452
YDL168W 32 293
YDL167C 21 252
YDL166C 2 21
YDL165W 6 30
YDL164C 14 86
YDL163W 2 5
YDL162C 30 687
YDL161W 23 124
YDL160C-A 10 121
YDL160C 10 89
YDL159W-A 6 27
YDL159W 29 489
YDL159C-B 1 1
YDL158C 7 46
YDL157C 6 102
YDL156W 52 1174
YDL155W 19 151
YDL154W 24 140
YDL153C 4 12
YDL152W 0 0
YDL151C 1 12
YDL150W 6 46
YDL149W 28 175
YDL148C 33 185
YDL147W 6 26
YDL146W 8 89
YDL145C 21 154
YDL144C 33 511
YDL143W 11 30
YDL142C 29 662
YDL141W 13 61
YDL140C 32 190
YDL139C 7 45
YDL138W 50 852
YDL137W 40 910
YDL136W 2 7
YDL135C 19 190
YDL134C 15 69
YDL133C-A 0 0
YDL133W 28 610
YDL132W 15 90
YDL131W 60 1750
YDL130W-A 6 72
YDL130W 4 14
YDL129W 15 392
YDL128W 30 335
YDL127W 57 948
YDL126C 16 77
YDL125C 30 811
YDL124W 34 381
YDL123W 12 127
YDL122W 25 152
YDL121C 15 314
YDL120W 1 1
YDL119C 32 447
YDL118W 5 22
YDL117W 24 154
YDL116W 16 85
YDL115C 19 134
YDL114W-A 0 0
YDL114W 17 174
YDL113C 34 422
YDL112W 79 941
YDL111C 8 63
YDL110C 13 73
YDL109C 29 412
YDL108W 10 102
YDL107W 23 206
YDL106C 21 99
YDL105W 4 21
YDL104C 27 289
YDL103C 4 10
YDL102W 20 89
YDL101C 19 141
YDL100C 28 362
YDL099W 15 48
YDL098C 7 41
YDL097C 24 57
YDL096C 9 40
YDL095W 53 495
YDL094C 33 712
YDL093W 20 295
YDL092W 14 163
YDL091C 18 74
YDL090C 3 6
YDL089W 27 132
YDL088C 8 44
YDL087C 2 23
YDL086W 48 12153
YDL086C-A 39 12047
YDL085C-A 6 59
YDL085W 42 638
YDL084W 3 5
YDL083C 1 1
YDL082W 5 27
YDL081C 0 0
YDL080C 19 216
YDL079C 58 747
YDL078C 21 358
YDL077C 16 74
YDL076C 11 74
YDL075W 0 0
YDL074C 24 156
YDL073W 12 90
YDL072C 13 177
YDL071C 12 80
YDL070W 20 124
YDL069C 12 115
YDL068W 4 43
YDL067C 2 5
YDL066W 59 629
YDL065C 28 223
YDL064W 9 41
YDL063C 23 193
YDL062W 2 4
YDL061C 1 1
YDL060W 12 97
YDL059C 10 58
YDL058W 32 276
YDL057W 33 426
YDL056W 67 762
YDL055C 6 22
YDL054C 51 419
YDL053C 7 24
YDL052C 20 102
YDL051W 26 916
YDL050C 11 199
YDL049C 48 1049
YDL048C 89 1346
YDL047W 11 63
YDL046W 10 140
YDL045W-A 4 17
YDL045C 3 10
YDL044C 10 41
YDL043C 4 33
YDL042C 54 738
YDL041W 22 185
YDL040C 31 315
YDL039C 57 724
YDL037C 14 137
YDL036C 35 2379
YDL035C 13 75
YDL034W 5 17
YDL033C 40 873
YDL032W 4 309
YDL031W 7 34
YDL030W 11 65
YDL029W 2 6
YDL028C 18 193
YDL027C 19 223
YDL026W 6 69
YDL025C 32 560
YDL025W-A 1 13
YDL024C 32 659
YDL022C-A 4 14
YDL023C 19 297
YDL022W 43 491
YDL021W 30 417
YDL020C 14 63
YDL019C 61 1230
YDL018C 9 62
YDL017W 18 107
YDL016C 5 61
YDL015C 3 25
YDL014W 2 20
YDL013W 10 494
YDL012C 9 144
YDL011C 5 29
YDL010W 5 29
YDL009C 2 23
YDL008W 7 36
YDL007C-A 4 10
YDL007W 4 15
YDL006W 9 43
YDL005C 8 33
YDL004W 0 0
YDL003W 14 78
YDL002C 23 128
YDL001W 92 5112
YDR001C 169 3178
YDR002W 2 4
YDR003W 30 374
YDR003W-A 7 340
YDR004W 38 552
YDR005C 12 165
YDR006C 36 292
YDR007W 28 497
YDR008C 24 474
YDR009W 82 1472
YDR010C 71 2615
YDR011W 111 1200
YDR012W 6 113
YDR013W 1 3
YDR014W 12 96
YDR014W-A 10 134
YDR015C 5 18
YDR016C 1 3
YDR017C 25 390
YDR018C 34 266
YDR019C 41 288
YDR020C 27 182
YDR021W 3 19
YDR022C 13 90
YDR023W 1 15
YDR024W 10 81
YDR025W 0 0
YDR026C 31 306
YDR027C 14 42
YDR028C 32 353
YDR029W 0 0
YDR030C 58 1502
YDR031W 4 34
YDR032C 16 219
YDR033W 52 963
YDR034C 35 491
YDR034C-A 0 0
YDR034W-B 1 6
YDR035W 29 300
YDR036C 21 284
YDR037W 19 125
YDR038C 18 180
YDR039C 0 0
YDR040C 42 1420
YDR041W 5 27
YDR042C 1 28
YDR043C 22 251
YDR044W 7 62
YDR045C 2 13
YDR046C 49 692
YDR047W 16 108
YDR048C 29 659
YDR049W 21 122
YDR050C 0 0
YDR051C 25 235
YDR052C 3 4
YDR053W 2 3
YDR054C 10 44
YDR055W 31 564
YDR056C 13 352
YDR057W 27 467
YDR058C 12 83
YDR059C 15 136
YDR060W 13 47
YDR061W 33 740
YDR062W 8 23
YDR063W 11 95
YDR064W 1 6
YDR065W 7 25
YDR066C 28 1004
YDR067C 14 62
YDR068W 2 32
YDR069C 18 129
YDR070C 5 18
YDR071C 20 120
YDR072C 92 1951
YDR073W 24 113
YDR074W 25 339
YDR075W 31 999
YDR076W 101 1337
YDR077W 60 1957
YDR078C 25 306
YDR079W 8 299
YDR079C-A 4 7
YDR080W 26 118
YDR081C 14 114
YDR082W 15 123
YDR083W 8 37
YDR084C 12 55
YDR085C 32 699
YDR086C 0 0
YDR087C 1 1
YDR088C 5 73
YDR089W 40 252
YDR090C 20 248
YDR091C 5 33
YDR092W 18 151
YDR093W 268 13158
YDR094W 67 9467
YDR095C 49 3154
YDR096W 20 213
YDR097C 38 430
YDR098C 31 300
YDR099W 20 191
YDR100W 13 643
YDR101C 8 156
YDR102C 22 1656
YDR103W 19 167
YDR104C 51 357
YDR105C 19 111
YDR106W 24 372
YDR107C 32 392
YDR108W 18 149
YDR109C 29 262
YDR110W 24 192
YDR111C 30 474
YDR112W 13 237
YDR113C 6 26
YDR114C 21 568
YDR115W 1 5
YDR116C 16 134
YDR117C 15 139
YDR118W 17 405
YDR118W-A 1 5
YDR119W 50 570
YDR119W-A 12 1080
YDR120C 17 123
YDR121W 2 10
YDR122W 23 321
YDR123C 24 313
YDR124W 17 239
YDR125C 14 121
YDR126W 17 147
YDR127W 12 76
YDR128W 54 1293
YDR129C 12 107
YDR130C 13 75
YDR131C 19 336
YDR132C 39 502
YDR133C 0 0
YDR135C 79 980
YDR136C 47 976
YDR137W 22 270
YDR138W 12 84
YDR139C 4 38
YDR140W 4 21
YDR141C 34 142
YDR142C 20 172
YDR143C 30 335
YDR144C 31 300
YDR145W 7 43
YDR146C 14 112
YDR147W 24 661
YDR148C 11 64
YDR149C 0 0
YDR150W 96 2372
YDR151C 19 411
YDR152W 13 195
YDR153C 21 294
YDR154C 15 354
YDR155C 15 210
YDR156W 13 231
YDR157W 34 1692
YDR158W 1 1
YDR159W 23 142
YDR160W 54 1520
YDR161W 0 0
YDR162C 0 0
YDR163W 11 479
YDR164C 18 138
YDR165W 14 85
YDR166C 21 161
YDR167W 7 37
YDR168W 17 71
YDR169C 8 85
YDR169C-A 7 225
YDR170C 32 139
YDR171W 14 181
YDR172W 10 50
YDR173C 5 39
YDR174W 3 8
YDR175C 5 37
YDR176W 13 63
YDR177W 9 36
YDR178W 14 1016
YDR179C 11 54
YDR179W-A 16 218
YDR180W 23 125
YDR181C 11 61
YDR182W 17 81
YDR182W-A 1 1
YDR183W 14 279
YDR183C-A 5 51
YDR184C 7 46
YDR185C 19 316
YDR186C 72 852
YDR187C 8 30
YDR188W 18 98
YDR189W 6 45
YDR190C 4 41
YDR191W 16 98
YDR192C 11 292
YDR193W 7 268
YDR194C 10 66
YDR194W-A 4 12
YDR195W 7 41
YDR196C 6 47
YDR197W 8 44
YDR198C 20 143
YDR199W 2 11
YDR200C 23 115
YDR201W 4 38
YDR202C 6 37
YDR203W 2 14
YDR204W 25 105
YDR205W 48 805
YDR206W 19 125
YDR207C 10 60
YDR208W 32 390
YDR209C 2 2
YDR210W 1 1
YDR211W 15 43
YDR212W 11 106
YDR213W 42 471
YDR214W 60 1337
YDR215C 91 6178
YDR216W 59 373
YDR217C 73 1166
YDR218C 15 108
YDR219C 6 28
YDR220C 14 2284
YDR221W 37 462
YDR222W 9 123
YDR223W 22 831
YDR224C 1 1
YDR225W 5 15
YDR226W 8 47
YDR227W 14 85
YDR228C 10 40
YDR229W 24 547
YDR230W 11 216
YDR231C 20 130
YDR232W 7 26
YDR233C 21 117
YDR234W 66 736
YDR235W 0 0
YDR236C 4 33
YDR237W 1 4
YDR238C 6 18
YDR239C 26 275
YDR240C 3 10
YDR241W 14 104
YDR242W 42 835
YDR243C 8 39
YDR244W 30 166
YDR245W 3 58
YDR246W 14 160
YDR246W-A 54 2641
YDR247W 31 320
YDR248C 12 181
YDR249C 22 205
YDR250C 34 789
YDR251W 32 242
YDR252W 4 20
YDR253C 10 135
YDR254W 14 124
YDR255C 11 83
YDR256C 61 671
YDR257C 13 63
YDR258C 63 484
YDR259C 13 200
YDR260C 60 2385
YDR261C 75 1438
YDR262W 12 210
YDR263C 28 262
YDR264C 43 361
YDR265W 6 101
YDR266C 17 65
YDR267C 9 46
YDR268W 9 80
YDR269C 2 7
YDR270W 31 239
YDR271C 7 75
YDR272W 17 310
YDR273W 11 152
YDR274C 87 4195
YDR275W 24 232
YDR276C 3 27
YDR277C 54 948
YDR278C 16 385
YDR279W 17 166
YDR280W 10 44
YDR281C 0 0
YDR282C 28 220
YDR283C 75 551
YDR284C 16 176
YDR285W 19 129
YDR286C 3 6
YDR287W 9 43
YDR288W 4 12
YDR289C 4 42
YDR290W 6 108
YDR291W 58 573
YDR292C 23 107
YDR293C 68 1073
YDR294C 48 332
YDR295C 14 133
YDR296W 10 52
YDR297W 38 821
YDR298C 0 0
YDR299W 11 70
YDR300C 11 144
YDR301W 10 50
YDR302W 4 15
YDR303C 14 88
YDR304C 31 410
YDR305C 36 609
YDR306C 23 321
YDR307W 32 617
YDR308C 0 0
YDR309C 23 322
YDR310C 23 586
YDR311W 7 22
YDR312W 21 300
YDR313C 20 344
YDR314C 21 222
YDR315C 12 64
YDR316W 22 267
YDR317W 20 518
YDR318W 10 58
YDR319C 15 141
YDR320C 11 63
YDR320C-A 1 1
YDR320W-B 2 11
YDR321W 18 273
YDR322W 11 59
YDR322C-A 4 10
YDR323C 33 236
YDR324C 4 11
YDR325W 30 116
YDR326C 86 1072
YDR327W 4 30
YDR328C 2 20
YDR329C 18 92
YDR330W 36 384
YDR331W 5 21
YDR332W 23 224
YDR333C 42 326
YDR334W 39 157
YDR335W 33 142
YDR336W 27 214
YDR337W 9 47
YDR338C 39 679
YDR339C 0 0
YDR340W 4 23
YDR341C 11 66
YDR342C 22 578
YDR343C 21 558
YDR344C 44 725
YDR345C 84 2504
YDR346C 29 375
YDR347W 4 18
YDR348C 33 707
YDR349C 8 49
YDR350C 8 47
YDR351W 18 160
YDR352W 8 111
YDR353W 7 38
YDR354W 18 115
YDR354C-A 0 0
YDR355C 0 0
YDR356W 16 89
YDR357C 15 186
YDR358W 34 304
YDR359C 11 58
YDR360W 0 0
YDR361C 7 16
YDR362C 12 37
YDR363W 19 116
YDR363W-A 3 15
YDR364C 18 85
YDR365C 9 40
YDR366C 14 58
YDR367W 3 45
YDR368W 13 175
YDR369C 23 183
YDR370C 13 136
YDR371W 36 281
YDR371C-A 1 1
YDR372C 13 240
YDR373W 3 19
YDR374C 21 207
YDR374W-A 7 71
YDR375C 14 74
YDR376W 16 279
YDR377W 5 26
YDR378C 1 8
YDR379W 74 2718
YDR379C-A 9 127
YDR380W 27 357
YDR381W 14 53
YDR381C-A 4 70
YDR382W 0 0
YDR383C 18 290
YDR384C 33 267
YDR385W 5 49
YDR386W 33 568
YDR387C 29 220
YDR388W 8 31
YDR389W 23 96
YDR390C 12 124
YDR391C 13 285
YDR392W 10 69
YDR393W 31 406
YDR394W 12 113
YDR395W 49 691
YDR396W 12 118
YDR397C 11 111
YDR398W 11 162
YDR399W 24 391
YDR400W 32 525
YDR401W 25 432
YDR402C 37 564
YDR403W 39 483
YDR404C 1 13
YDR405W 28 175
YDR406W 212 16929
YDR406W-A 0 0
YDR407C 26 185
YDR408C 8 51
YDR409W 44 383
YDR410C 26 431
YDR411C 32 473
YDR412W 0 0
YDR413C 0 0
YDR414C 30 247
YDR415C 19 188
YDR416W 9 32
YDR417C 3 10
YDR418W 3 10
YDR419W 32 472
YDR420W 56 567
YDR421W 48 450
YDR422C 36 404
YDR423C 43 715
YDR424C 3 17
YDR425W 32 276
YDR426C 13 132
YDR427W 5 32
YDR428C 20 140
YDR429C 3 14
YDR430C 59 378
YDR431W 10 110
YDR432W 12 170
YDR433W 8 128
YDR434W 10 57
YDR435C 23 164
YDR436W 58 622
YDR437W 11 571
YDR438W 17 356
YDR439W 0 0
YDR440W 38 226
YDR441C 11 298
YDR442W 6 244
YDR443C 33 336
YDR444W 39 549
YDR445C 25 2420
YDR446W 16 161
YDR447C 5 32
YDR448W 5 35
YDR449C 6 44
YDR450W 0 0
YDR451C 14 437
YDR452W 42 728
YDR453C 34 950
YDR454C 0 0
YDR455C 11 103
YDR456W 28 167
YDR457W 121 3266
YDR458C 21 175
YDR459C 23 268
YDR460W 6 33
YDR461W 0 0
YDR461C-A 12 145
YDR462W 9 120
YDR463W 71 1598
YDR464W 7 65
YDR464C-A 0 0
YDR465C 20 213
YDR466W 37 495
YDR467C 11 141
YDR468C 3 5
YDR469W 3 52
YDR470C 11 58
YDR471W 3 7
YDR472W 6 24
YDR473C 8 63
YDR475C 52 448
YDR476C 58 1122
YDR477W 25 111
YDR478W 4 11
YDR479C 36 766
YDR480W 31 272
YDR481C 62 904
YDR482C 35 845
YDR483W 15 121
YDR484W 6 21
YDR485C 14 43
YDR486C 25 347
YDR487C 2 4
YDR488C 51 1128
YDR489W 12 46
YDR490C 62 829
YDR491C 55 1581
YDR492W 24 437
YDR493W 11 118
YDR494W 12 60
YDR495C 17 115
YDR496C 16 94
YDR497C 55 553
YDR498C 13 217
YDR499W 11 50
YDR500C 1 11
YDR501W 9 72
YDR502C 34 653
YDR503C 22 272
YDR504C 1 1
YDR505C 24 518
YDR506C 84 3937
YDR507C 65 507
YDR508C 52 577
YDR509W 14 155
YDR510W 3 8
YDR510C-A 3 21
YDR511W 15 148
YDR512C 45 317
YDR513W 0 0
YDR514C 25 374
YDR515W 9 152
YDR516C 35 1171
YDR517W 23 487
YDR518W 33 523
YDR519W 9 230
YDR520C 17 207
YDR521W 9 99
YDR522C 19 127
YDR523C 37 551
YDR524C 29 244
YDR524W-C 0 0
YDR524C-B 3 10
YDR524C-A 11 77
YDR525W 31 359
YDR525W-A 39 1735
YDR526C 1 2
YDR527W 25 5176
YDR528W 27 299
YDR529C 6 53
YDR530C 53 429
YDR531W 11 105
YDR532C 6 38
YDR533C 15 93
YDR534C 18 255
YDR535C 95 3702
YDR536W 60 917
YDR537C 13 89
YDR538W 20 195
YDR539W 41 568
YDR540C 4 43
YDR541C 34 485
YDR542W 0 0
YDR543C 4 162
YDR544C 10 53
YDR545W 0 0
YDR545C-A 0 0
YEL077C 2 6
YEL077W-A 0 0
YEL076C-A 0 0
YEL076C 0 0
YEL075W-A 0 0
YEL075C 0 0
YEL074W 2 6
YEL073C 5 60
YEL072W 37 486
YEL071W 72 1314
YEL070W 12 427
YEL069C 14 146
YEL068C 12 143
YEL067C 62 3736
YEL066W 38 2070
YEL065W 71 793
YEL064C 35 527
YEL063C 30 407
YEL062W 21 213
YEL061C 24 131
YEL060C 57 1621
YEL059C-A 11 113
YEL059W 63 4428
YEL058W 10 64
YEL057C 18 392
YEL056W 34 406
YEL055C 12 52
YEL054C 3 28
YEL053W-A 3 28
YEL053C 12 34
YEL052W 25 617
YEL051W 1 9
YEL050W-A 5 110
YEL050C 11 78
YEL049W 7 247
YEL048C 1 15
YEL047C 23 373
YEL046C 14 165
YEL045C 19 313
YEL044W 4 25
YEL043W 47 425
YEL042W 30 1118
YEL041W 36 648
YEL040W 56 780
YEL039C 16 269
YEL038W 49 549
YEL037C 35 781
YEL036C 18 194
YEL035C 46 2756
YEL034C-A 6 13
YEL034W 5 12
YEL033W 61 1437
YEL032W 19 78
YEL032C-A 3 8
YEL031W 42 247
YEL030C-A 4 25
YEL030W 15 99
YEL029C 9 51
YEL028W 3 9
YEL027W 0 0
YEL026W 1 57
YEL025C 76 655
YEL024W 17 153
YEL023C 52 646
YEL022W 47 304
YEL021W 74 1020
YEL020C-B 1 3
YEL020W-A 2 4
YEL020C 51 642
YEL019C 4 72
YEL018C-A 7 32
YEL018W 17 101
YEL017C-A 4 28
YEL017W 23 95
YEL016C 36 402
YEL015W 48 397
YEL014C 11 171
YEL013W 10 69
YEL012W 34 850
YEL011W 98 2877
YEL010W 7 60
YEL009C-A 12 141
YEL009C 43 987
YEL008W 92 9603
YEL008C-A 26 1119
YEL007W 51 1535
YEL006W 37 558
YEL005C 21 156
YEL004W 34 492
YEL003W 13 95
YEL002C 9 47
YEL001C 44 659
YER001W 110 1665
YER002W 0 0
YER003C 9 58
YER004W 40 479
YER005W 97 2498
YER006W 11 40
YER006C-A 21 328
YER007W 16 157
YER007C-A 10 69
YER008C 20 88
YER009W 0 0
YER010C 31 307
YER011W 8 87
YER012W 2 4
YER013W 17 76
YER014W 7 47
YER014C-A 31 856
YER015W 41 281
YER016W 13 119
YER017C 32 191
YER018C 4 68
YER019W 29 150
YER019C-A 2 17
YER020W 26 200
YER021W 15 130
YER022W 18 104
YER023W 1 11
YER023C-A 0 0
YER024W 85 1138
YER025W 0 0
YER026C 0 0
YER027C 34 1103
YER028C 43 808
YER029C 4 31
YER030W 0 0
YER031C 16 77
YER032W 32 258
YER033C 35 1034
YER034W 36 741
YER035W 61 962
YER036C 13 47
YER037W 35 379
YER038C 9 33
YER038W-A 3 28
YER039C 15 80
YER039C-A 8 51
YER040W 9 44
YER041W 30 340
YER042W 22 723
YER043C 21 226
YER044C 1 6
YER044C-A 40 483
YER045C 29 318
YER046W 16 234
YER046W-A 12 64
YER047C 33 289
YER048C 19 166
YER048W-A 0 0
YER049W 22 185
YER050C 3 21
YER051W 30 208
YER052C 3 19
YER053C 34 614
YER053C-A 0 0
YER054C 69 1417
YER055C 31 279
YER056C 46 539
YER056C-A 1 2
YER057C 9 217
YER058W 4 7
YER059W 9 117
YER060W 30 241
YER060W-A 22 196
YER061C 13 54
YER062C 19 129
YER063W 14 141
YER064C 23 127
YER065C 92 1785
YER066W 19 144
YER066C-A 19 201
YER067W 13 110
YER067C-A 7 72
YER068W 32 566
YER068C-A 34 531
YER069W 87 1094
YER070W 14 92
YER071C 3 156
YER072W 13 144
YER073W 31 426
YER074W 1 1
YER074W-A 0 0
YER075C 29 152
YER076C 13 172
YER076W-A 5 117
YER077C 23 127
YER078C 55 980
YER078W-A 26 657
YER079W 8 109
YER079C-A 7 56
YER080W 39 314
YER081W 76 968
YER082C 5 19
YER083C 12 105
YER084W 28 288
YER084W-A 8 77
YER085C 8 77
YER086W 8 35
YER087W 22 116
YER087C-A 7 75
YER087C-B 2 5
YER088C 85 2640
YER088C-A 97 18624
YER088W-B 21 370
YER089C 81 1817
YER090W 19 133
YER090C-A 0 0
YER091C 28 227
YER091C-A 34 1214
YER092W 19 231
YER093C 35 307
YER093C-A 11 66
YER094C 5 28
YER095W 8 54
YER096W 19 205
YER097W 14 426
YER098W 38 323
YER099C 19 245
YER100W 7 46
YER101C 31 402
YER102W 2 6
YER103W 27 159
YER104W 8 39
YER105C 53 493
YER106W 12 152
YER107C 3 5
YER107W-A 4 8
YER109C 25 130
YER110C 23 109
YER111C 40 244
YER112W 0 0
YER113C 32 375
YER114C 48 396
YER115C 9 62
YER116C 9 57
YER117W 0 0
YER118C 18 66
YER119C 59 680
YER119C-A 22 817
YER120W 15 156
YER121W 20 915
YER122C 6 96
YER123W 40 1331
YER124C 19 226
YER125W 17 116
YER126C 6 25
YER127W 1 3
YER128W 23 437
YER129W 88 2080
YER130C 41 1015
YER131W 1 8
YER132C 95 962
YER133W 2 4
YER133W-A 2 16
YER134C 19 185
YER135C 16 330
YER136W 6 44
YER137C 7 85
YER137W-A 6 71
YER138W-A 0 0
YER139C 11 257
YER140W 44 372
YER141W 10 29
YER142C 14 190
YER143W 26 1523
YER144C 63 971
YER145C 102 1714
YER145C-A 3 13
YER146W 4 11
YER147C 26 220
YER147C-A 8 62
YER148W 8 62
YER148W-A 11 185
YER149C 24 306
YER150W 3 10
YER151C 25 128
YER152C 40 508
YER152W-A 10 133
YER153C 11 142
YER154W 21 92
YER155C 59 1083
YER156C 24 148
YER157W 31 282
YER158C 25 174
YER158W-A 5 66
YER159C 6 56
YER161C 12 98
YER162C 16 104
YER163C 31 281
YER164W 43 357
YER165W 2 49
YER165C-A 5 150
YER166W 96 1163
YER167W 65 1235
YER168C 12 92
YER169W 47 291
YER170W 14 303
YER171W 17 110
YER172C 26 108
YER172C-A 6 62
YER173W 34 368
YER174C 19 370
YER175C 47 1071
YER175W-A 4 38
YER176W 175 5426
YER177W 11 65
YER178W 46 844
YER179W 23 119
YER180C 7 76
YER180C-A 8 72
YER181C 6 50
YER182W 8 139
YER183C 22 440
YER184C 38 416
YER185W 25 248
YER186C 22 193
YER187W 13 283
YER188W 1 6
YER188C-A 10 313
YER189W 0 0
YER190W 0 0
YER190C-A 0 0
YER190C-B 0 0
YFL068W 0 0
YFL067W 0 0
YFL066C 0 0
YFL065C 0 0
YFL064C 0 0
YFL063W 23 2701
YFL062W 5 71
YFL061W 4 159
YFL060C 11 225
YFL059W 1 1
YFL058W 6 127
YFL057C 2 21
YFL056C 9 41
YFL055W 43 658
YFL054C 53 812
YFL053W 36 540
YFL052W 40 569
YFL051C 22 216
YFL050C 44 391
YFL049W 23 310
YFL048C 20 247
YFL047W 43 381
YFL046W 29 198
YFL045C 0 0
YFL044C 16 263
YFL042C 46 476
YFL041W-A 4 16
YFL041W 27 252
YFL040W 45 583
YFL039C 5 19
YFL038C 9 44
YFL037W 19 91
YFL036W 22 135
YFL034C-B 5 25
YFL034C-A 24 253
YFL034W 52 597
YFL033C 145 2977
YFL032W 6 140
YFL031W 3 13
YFL031C-A 0 0
YFL030W 54 875
YFL029C 5 9
YFL028C 27 228
YFL027C 21 106
YFL026W 22 289
YFL025C 11 29
YFL024C 33 212
YFL023W 27 271
YFL022C 18 89
YFL021C-A 114 2508
YFL021W 77 849
YFL020C 4 199
YFL019C 1 1
YFL018C 12 87
YFL017W-A 1 1
YFL017C 6 28
YFL016C 25 174
YFL015W-A 22 216
YFL015C 63 1762
YFL014W 17 247
YFL013W-A 44 806
YFL013C 46 638
YFL012W-A 30 632
YFL012W 10 96
YFL011W 12 42
YFL010W-A 3 33
YFL010C 11 371
YFL009W 12 41
YFL008W 10 37
YFL007W 107 741
YFL005W 3 18
YFL004W 35 214
YFL003C 121 2727
YFL002C 1 1
YFL001W 30 236
YFR001W 2 25
YFR002W 24 130
YFR003C 6 21
YFR004W 1 2
YFR005C 4 24
YFR006W 61 769
YFR007W 37 825
YFR008W 8 195
YFR009W 38 700
YFR009W-A 1 1
YFR010W 43 605
YFR010W-A 5 49
YFR011C 9 75
YFR012W 16 127
YFR012W-A 2 20
YFR013W 41 330
YFR014C 35 464
YFR015C 66 1204
YFR016C 85 845
YFR017C 70 1545
YFR018C 142 5393
YFR019W 63 592
YFR020W 10 45
YFR021W 38 272
YFR022W 57 741
YFR023W 22 486
YFR024C-A 32 269
YFR025C 52 1313
YFR026C 15 372
YFR027W 5 16
YFR028C 5 18
YFR029W 111 3122
YFR030W 34 476
YFR031C 18 102
YFR031C-A 3 11
YFR032C 13 80
YFR032C-A 2 30
YFR032C-B 10 75
YFR033C 44 810
YFR034C 133 7524
YFR034W-A 53 7787
YFR035C 60 8328
YFR036W 13 107
YFR036W-A 8 31
YFR037C 8 35
YFR038W 37 476
YFR039C 15 111
YFR040W 31 160
YFR041C 35 1320
YFR042W 0 0
YFR043C 12 205
YFR044C 19 153
YFR045W 15 135
YFR046C 20 193
YFR047C 19 330
YFR048W 72 1559
YFR049W 11 124
YFR050C 15 67
YFR051C 35 177
YFR052W 4 15
YFR052C-A 17 113
YFR053C 64 971
YFR054C 10 110
YFR056C 2 8
YFR055W 15 102
YFR057W 0 0
YGL263W 62 1787
YGL262W 19 229
YGL261C 4 98
YGL260W 1 2
YGL259W 7 209
YGL258W-A 3 33
YGL258W 4 54
YGL257C 32 395
YGL256W 19 247
YGL255W 32 419
YGL254W 39 518
YGL253W 34 337
YGL252C 33 598
YGL251C 61 879
YGL250W 3 28
YGL249W 62 841
YGL248W 18 225
YGL247W 8 22
YGL246C 10 61
YGL245W 20 96
YGL244W 11 68
YGL243W 14 220
YGL242C 16 102
YGL241W 33 383
YGL240W 3 6
YGL239C 2 10
YGL238W 26 229
YGL237C 16 62
YGL236C 72 907
YGL235W 26 410
YGL234W 22 80
YGL233W 10 99
YGL232W 17 204
YGL231C 8 109
YGL230C 0 0
YGL229C 40 492
YGL228W 23 318
YGL227W 46 292
YGL226C-A 1 20
YGL226W 10 85
YGL225W 15 159
YGL224C 14 173
YGL223C 20 158
YGL222C 4 16
YGL221C 10 95
YGL220W 10 43
YGL219C 15 160
YGL218W 9 56
YGL217C 8 35
YGL216W 77 757
YGL215W 9 396
YGL214W 4 15
YGL213C 6 36
YGL212W 4 101
YGL211W 7 24
YGL210W 13 87
YGL209W 29 408
YGL208W 68 756
YGL207W 31 167
YGL206C 51 293
YGL205W 47 638
YGL204C 3 4
YGL203C 35 227
YGL202W 47 619
YGL201C 47 184
YGL200C 5 24
YGL199C 7 59
YGL198W 7 59
YGL197W 15 72
YGL196W 22 300
YGL195W 88 547
YGL194C-A 3 7
YGL194C 17 48
YGL193C 15 194
YGL192W 38 380
YGL191W 23 582
YGL190C 24 128
YGL189C 8 42
YGL188C-A 3 11
YGL188C 11 554
YGL187C 22 176
YGL186C 19 157
YGL185C 29 368
YGL184C 52 587
YGL183C 12 255
YGL182C 9 46
YGL181W 14 158
YGL180W 42 685
YGL179C 23 297
YGL178W 109 3673
YGL177W 37 2546
YGL176C 17 199
YGL175C 14 97
YGL174W 9 31
YGL173C 30 126
YGL172W 4 33
YGL171W 9 27
YGL170C 11 236
YGL169W 13 77
YGL168W 12 87
YGL167C 25 107
YGL166W 31 184
YGL165C 58 1835
YGL164C 17 235
YGL163C 38 175
YGL162W 21 188
YGL161C 33 411
YGL160W 40 278
YGL159W 6 36
YGL158W 47 640
YGL157W 26 756
YGL156W 67 666
YGL155W 17 84
YGL154C 8 215
YGL153W 14 106
YGL152C 24 1677
YGL151W 24 146
YGL150C 20 138
YGL149W 11 62
YGL148W 10 83
YGL147C 9 56
YGL146C 27 426
YGL145W 17 141
YGL144C 30 484
YGL143C 14 56
YGL142C 8 58
YGL141W 46 301
YGL140C 28 524
YGL139W 41 385
YGL138C 18 128
YGL137W 20 84
YGL136C 32 481
YGL135W 1 14
YGL134W 36 444
YGL133W 56 458
YGL132W 3 20
YGL131C 42 876
YGL130W 2 9
YGL129C 4 10
YGL128C 2 12
YGL127C 13 53
YGL126W 225 18182
YGL125W 125 3469
YGL124C 22 1507
YGL123W 1 2
YGL123C-A 0 0
YGL122C 8 96
YGL121C 16 7147
YGL120C 20 124
YGL119W 18 97
YGL118C 28 559
YGL117W 45 476
YGL116W 19 91
YGL115W 10 77
YGL114W 30 340
YGL113W 7 38
YGL112C 0 0
YGL111W 6 34
YGL110C 29 248
YGL109W 13 317
YGL108C 4 37
YGL107C 9 61
YGL106W 0 0
YGL105W 15 91
YGL104C 22 297
YGL103W 5 16
YGL102C 5 16
YGL101W 9 31
YGL100W 12 62
YGL099W 4 11
YGL098W 0 0
YGL097W 17 220
YGL096W 36 457
YGL095C 7 69
YGL094C 66 574
YGL093W 19 177
YGL092W 15 83
YGL091C 3 32
YGL090W 23 308
YGL089C 6 28
YGL088W 7 41
YGL087C 28 585
YGL086W 37 253
YGL085W 27 614
YGL084C 3 13
YGL083W 25 144
YGL082W 37 397
YGL081W 14 272
YGL080W 5 48
YGL079W 4 15
YGL078C 8 55
YGL077C 45 1176
YGL076C 2 10
YGL075C 12 167
YGL074C 6 34
YGL073W 50 495
YGL072C 37 512
YGL071W 32 182
YGL070C 5 51
YGL069C 6 52
YGL068W 7 57
YGL067W 14 160
YGL066W 24 183
YGL065C 11 123
YGL064C 13 69
YGL063W 162 7549
YGL063C-A 27 1810
YGL062W 102 1859
YGL061C 14 162
YGL060W 22 305
YGL059W 32 270
YGL058W 7 76
YGL057C 17 211
YGL056C 57 600
YGL055W 16 119
YGL054C 5 43
YGL053W 8 47
YGL052W 0 0
YGL051W 0 0
YGL050W 25 453
YGL049C 32 332
YGL048C 4 12
YGL047W 1 1
YGL045W 105 3089
YGL044C 3 3
YGL043W 23 110
YGL042C 6 35
YGL041C-B 14 408
YGL041W-A 18 214
YGL041C 6 17
YGL040C 4 13
YGL039W 26 233
YGL038C 12 31
YGL037C 17 237
YGL036W 43 233
YGL035C 53 1050
YGL034C 8 78
YGL033W 14 41
YGL032C 1 13
YGL031C 5 13
YGL030W 0 0
YGL029W 0 0
YGL028C 6 86
YGL027C 27 164
YGL026C 34 233
YGL025C 12 59
YGL024W 8 32
YGL023C 23 112
YGL022W 31 151
YGL021W 34 422
YGL020C 2 4
YGL019W 1 1
YGL018C 5 10
YGL017W 13 109
YGL016W 24 111
YGL015C 10 130
YGL014W 26 230
YGL014C-A 4 27
YGL013C 50 734
YGL012W 14 81
YGL011C 3 5
YGL010W 21 157
YGL009C 65 1241
YGL008C 15 89
YGL007C-A 0 0
YGL007W 36 1944
YGL006W-A 4 184
YGL006W 66 1083
YGL005C 23 249
YGL004C 82 1465
YGL003C 45 549
YGL002W 46 684
YGL001C 15 120
YGR001C 21 496
YGR002C 19 622
YGR003W 52 667
YGR004W 36 364
YGR005C 7 24
YGR006W 15 251
YGR007W 42 1195
YGR008C 31 433
YGR009C 3 8
YGR010W 37 318
YGR011W 8 121
YGR012W 32 362
YGR013W 34 358
YGR014W 50 911
YGR015C 37 510
YGR016W 26 279
YGR017W 11 110
YGR018C 5 32
YGR019W 64 1405
YGR020C 0 0
YGR021W 43 876
YGR022C 9 285
YGR023W 32 596
YGR024C 0 0
YGR025W 25 1790
YGR026W 24 356
YGR027C 1 7
YGR028W 28 181
YGR029W 6 76
YGR030C 8 48
YGR031W 127 4577
YGR031C-A 62 773
YGR032W 124 1098
YGR033C 10 31
YGR034W 3 15
YGR035C 10 71
YGR035W-A 18 1155
YGR036C 17 81
YGR037C 0 0
YGR038W 16 211
YGR039W 21 120
YGR040W 37 454
YGR041W 64 749
YGR042W 10 79
YGR043C 51 1289
YGR044C 17 219
YGR045C 53 1979
YGR046W 7 212
YGR047C 21 158
YGR048W 17 86
YGR049W 45 1247
YGR050C 53 1422
YGR051C 51 2439
YGR052W 59 741
YGR053C 17 220
YGR054W 43 511
YGR055W 25 505
YGR056W 34 226
YGR057C 7 43
YGR058W 7 56
YGR059W 12 90
YGR060W 5 24
YGR061C 13 68
YGR062C 8 68
YGR063C 3 37
YGR064W 5 81
YGR065C 14 95
YGR066C 20 388
YGR067C 55 551
YGR068C 185 3663
YGR068W-A 7 133
YGR069W 28 431
YGR070W 75 943
YGR071C 40 411
YGR072W 4 19
YGR073C 0 0
YGR074W 0 0
YGR075C 0 0
YGR076C 6 97
YGR077C 22 89
YGR078C 4 131
YGR079W 46 733
YGR080W 21 283
YGR081C 6 29
YGR082W 4 20
YGR083C 19 72
YGR084C 20 4044
YGR085C 1 11
YGR086C 16 195
YGR087C 99 2318
YGR088W 38 674
YGR089W 23 80
YGR090W 18 68
YGR091W 7 27
YGR092W 8 58
YGR093W 45 538
YGR094W 17 91
YGR095C 1 3
YGR096W 49 3062
YGR097W 62 1062
YGR098C 7 22
YGR099W 11 36
YGR100W 56 432
YGR101W 6 45
YGR102C 2 8
YGR103W 7 16
YGR104C 6 45
YGR105W 0 0
YGR106C 12 132
YGR107W 84 2405
YGR108W 16 240
YGR109C 21 138
YGR110W 13 126
YGR111W 28 380
YGR112W 17 171
YGR113W 7 52
YGR114C 0 0
YGR115C 2 15
YGR116W 39 206
YGR117C 14 608
YGR118W 4 23
YGR119C 16 76
YGR120C 2 12
YGR121C 76 1309
YGR121W-A 50 3059
YGR122W 51 841
YGR122C-A 1 6
YGR123C 36 332
YGR124W 46 823
YGR125W 57 573
YGR126W 17 95
YGR127W 25 479
YGR128C 0 0
YGR129W 15 615
YGR130C 46 644
YGR131W 12 81
YGR132C 12 223
YGR133W 13 239
YGR134W 39 299
YGR135W 3 25
YGR136W 16 93
YGR137W 4 30
YGR138C 24 219
YGR139W 9 57
YGR140W 23 122
YGR141W 48 759
YGR142W 11 55
YGR143W 52 800
YGR144W 17 226
YGR145W 12 68
YGR146C 13 125
YGR146C-A 25 132
YGR147C 11 147
YGR148C 9 84
YGR149W 16 314
YGR150C 9 55
YGR151C 1 1
YGR152C 11 37
YGR153W 22 248
YGR154C 23 336
YGR155W 5 31
YGR156W 19 511
YGR157W 33 360
YGR158C 11 66
YGR159C 9 60
YGR160W 0 0
YGR161C 29 267
YGR161W-C 12 111
YGR162W 12 58
YGR163W 5 40
YGR164W 25 2387
YGR165W 4 74
YGR166W 12 58
YGR167W 7 41
YGR168C 17 134
YGR169C 47 706
YGR169C-A 2 30
YGR170W 64 817
YGR171C 12 76
YGR172C 2 2
YGR173W 26 191
YGR174C 22 89
YGR174W-A 1 1
YGR175C 1 5
YGR176W 54 1337
YGR177C 86 1787
YGR178C 53 618
YGR179C 14 84
YGR180C 5 68
YGR181W 15 145
YGR182C 31 267
YGR183C 11 100
YGR184C 117 1299
YGR185C 9 79
YGR186W 13 37
YGR187C 1 11
YGR188C 16 65
YGR189C 24 439
YGR190C 15 195
YGR191W 34 221
YGR192C 18 206
YGR193C 14 109
YGR194C 29 233
YGR195W 6 11
YGR196C 37 5853
YGR197C 82 1463
YGR198W 8 25
YGR199W 54 954
YGR200C 17 134
YGR201C 34 690
YGR202C 41 824
YGR203W 84 1753
YGR204W 52 755
YGR204C-A 0 0
YGR205W 26 392
YGR206W 4 34
YGR207C 9 249
YGR208W 14 62
YGR209C 18 494
YGR210C 54 1076
YGR211W 16 60
YGR212W 12 136
YGR213C 21 286
YGR214W 3 24
YGR215W 3 21
YGR216C 14 131
YGR217W 63 501
YGR218W 9 53
YGR219W 4 12
YGR220C 10 40
YGR221C 35 306
YGR222W 6 22
YGR223C 24 224
YGR224W 34 273
YGR225W 24 241
YGR226C 3 6
YGR227W 12 269
YGR228W 2 3
YGR229C 13 102
YGR230W 30 860
YGR231C 14 127
YGR232W 15 292
YGR233C 44 307
YGR234W 18 235
YGR235C 13 89
YGR236C 26 415
YGR237C 56 331
YGR238C 55 1050
YGR239C 54 1292
YGR240C 10 60
YGR240C-A 35 1116
YGR241C 45 651
YGR242W 4 38
YGR243W 7 39
YGR244C 93 1719
YGR245C 12 538
YGR246C 5 21
YGR247W 13 117
YGR248W 25 567
YGR249W 22 505
YGR250C 55 711
YGR251W 11 88
YGR252W 11 35
YGR253C 9 27
YGR254W 35 287
YGR255C 19 136
YGR256W 36 556
YGR257C 19 109
YGR258C 53 2091
YGR259C 11 209
YGR260W 35 1612
YGR261C 35 189
YGR262C 9 47
YGR263C 36 243
YGR264C 10 73
YGR265W 6 611
YGR266W 38 454
YGR267C 6 70
YGR268C 48 1310
YGR269W 24 839
YGR270W 61 387
YGR270C-A 9 81
YGR271W 87 685
YGR271C-A 2 10
YGR273C 2 93
YGR274C 11 136
YGR275W 7 145
YGR276C 20 181
YGR277C 0 0
YGR278W 9 75
YGR279C 20 464
YGR280C 17 176
YGR281W 115 1077
YGR282C 25 810
YGR283C 22 218
YGR284C 13 110
YGR285C 8 51
YGR286C 38 754
YGR287C 42 997
YGR288W 22 296
YGR289C 30 293
YGR290W 3 29
YGR291C 0 0
YGR292W 1 6
YGR293C 0 0
YGR294W 2 16
YGR295C 24 291
YGR296W 0 0
YGR296C-A 0 0
YGR296C-B 0 0
YHL050C 2 2
YHL050W-A 1 1
YHL049C 0 0
YHL048C-A 6 88
YHL048W 9 43
YHL047C 44 588
YHL046W-A 9 43
YHL046C 5 35
YHL045W 2 10
YHL044W 13 255
YHL043W 15 119
YHL042W 55 1340
YHL041W 32 796
YHL040C 52 596
YHL039W 27 271
YHL038C 19 110
YHL037C 51 1824
YHL036W 55 817
YHL035C 90 749
YHL034W-A 0 0
YHL034C 2 10
YHL033C 7 32
YHL032C 88 4002
YHL031C 12 114
YHL030W-A 4 25
YHL030W 89 641
YHL029C 44 339
YHL028W 51 714
YHL027W 96 2629
YHL026C 42 1086
YHL025W 75 1464
YHL024W 91 1248
YHL023C 53 412
YHL022C 13 136
YHL021C 48 707
YHL020C 23 435
YHL019W-A 16 207
YHL019C 37 420
YHL018W 8 47
YHL017W 29 539
YHL016C 49 545
YHL015W-A 4 155
YHL015W 0 0
YHL014C 26 432
YHL013C 11 78
YHL012W 30 712
YHL011C 8 36
YHL010C 49 805
YHL009C 14 722
YHL008C 47 1333
YHL007C 87 984
YHL006W-A 32 706
YHL006C 104 11493
YHL005C 42 1954
YHL004W 13 57
YHL003C 30 533
YHL002C-A 24 305
YHL002W 63 739
YHL001W 6 85
YHR001W 108 3573
YHR001W-A 32 1011
YHR002W 49 348
YHR003C 47 430
YHR004C 33 410
YHR005C 11 49
YHR005C-A 1 32
YHR006W 38 660
YHR007C 9 30
YHR007C-A 56 4941
YHR008C 8 64
YHR009C 51 1486
YHR010W 0 0
YHR011W 2 4
YHR012W 15 144
YHR013C 15 135
YHR014W 4 35
YHR015W 15 160
YHR016C 23 363
YHR017W 27 350
YHR018C 28 292
YHR019C 2 6
YHR020W 12 57
YHR021C 4 13
YHR021W-A 6 44
YHR022C 20 175
YHR022C-A 4 196
YHR023W 57 331
YHR024C 9 36
YHR025W 4 12
YHR026W 1 15
YHR027C 11 35
YHR028C 43 731
YHR028W-A 37 1407
YHR029C 24 261
YHR030C 22 376
YHR031C 58 2234
YHR032W 126 3058
YHR032W-A 18 611
YHR032C-A 11 329
YHR033W 111 3125
YHR034C 34 228
YHR035W 26 530
YHR036W 16 978
YHR037W 44 694
YHR038W 3 28
YHR039C 28 423
YHR039C-A 0 0
YHR040W 16 78
YHR041C 6 40
YHR042W 3 9
YHR043C 15 155
YHR044C 26 252
YHR045W 21 211
YHR046C 23 421
YHR047C 46 359
YHR048W 52 793
YHR049W 34 552
YHR049C-A 21 410
YHR050W 65 2431
YHR050W-A 3 25
YHR051W 1 14
YHR052W 10 38
YHR052W-A 0 0
YHR053C 0 0
YHR054C 0 0
YHR054W-A 0 0
YHR055C 0 0
YHR056C 60 1680
YHR056W-A 28 1479
YHR057C 35 354
YHR058C 13 178
YHR059W 5 68
YHR060W 0 0
YHR061C 27 626
YHR062C 4 11
YHR063C 16 221
YHR063W-A 7 204
YHR064C 4 30
YHR065C 20 76
YHR066W 8 48
YHR067W 27 248
YHR068W 16 52
YHR069C 6 130
YHR069C-A 0 0
YHR070W 18 94
YHR070C-A 20 130
YHR071W 35 697
YHR071C-A 7 19
YHR072W 15 846
YHR072W-A 0 0
YHR073W 54 551
YHR073W-A 8 45
YHR073C-B 2 10
YHR074W 16 65
YHR075C 21 171
YHR076W 17 226
YHR077C 13 59
YHR078W 19 328
YHR079C 25 123
YHR079C-A 1 2
YHR080C 98 1042
YHR081W 3 40
YHR082C 42 383
YHR083W 11 78
YHR084W 33 364
YHR085W 0 0
YHR086W 37 498
YHR086W-A 18 387
YHR087W 19 459
YHR088W 1 1
YHR089C 2 12
YHR090C 4 12
YHR091C 11 54
YHR092C 26 370
YHR093W 13 54
YHR094C 43 534
YHR095W 16 129
YHR096C 55 878
YHR097C 47 1109
YHR098C 43 545
YHR099W 66 389
YHR100C 7 72
YHR101C 3 23
YHR102W 13 42
YHR103W 32 190
YHR104W 16 266
YHR105W 11 268
YHR106W 6 29
YHR107C 0 0
YHR108W 35 318
YHR109W 14 148
YHR110W 8 59
YHR111W 9 71
YHR112C 33 687
YHR113W 42 426
YHR114W 31 288
YHR115C 36 422
YHR116W 25 297
YHR117W 31 424
YHR118C 7 45
YHR119W 36 245
YHR120W 32 231
YHR121W 8 110
YHR122W 10 68
YHR123W 23 299
YHR124W 51 905
YHR125W 3 19
YHR126C 19 379
YHR127W 11 179
YHR128W 21 280
YHR129C 13 56
YHR130C 11 89
YHR131C 41 418
YHR131W-A 12 140
YHR132C 32 433
YHR132W-A 14 76
YHR133C 10 72
YHR134W 13 73
YHR135C 74 1016
YHR136C 28 349
YHR137W 15 137
YHR137C-A 13 127
YHR138C 15 189
YHR139C 19 279
YHR139C-A 21 385
YHR140W 27 399
YHR141C 0 0
YHR142W 20 222
YHR143W 12 287
YHR143W-A 0 0
YHR144C 13 68
YHR145C 8 149
YHR146W 17 263
YHR147C 1 3
YHR148W 10 31
YHR149C 33 207
YHR150W 30 464
YHR151C 27 457
YHR152W 22 606
YHR153C 11 53
YHR154W 51 573
YHR155W 37 489
YHR156C 36 319
YHR157W 7 60
YHR158C 38 799
YHR159W 39 1459
YHR160C 5 83
YHR161C 52 469
YHR162W 0 0
YHR163W 5 43
YHR164C 15 184
YHR165C 35 188
YHR165W-A 0 0
YHR166C 13 102
YHR167W 16 110
YHR168W 20 74
YHR169W 10 72
YHR170W 14 112
YHR171W 20 325
YHR172W 26 1667
YHR173C 27 236
YHR174W 19 177
YHR175W 19 308
YHR175W-A 6 48
YHR176W 31 372
YHR177W 31 159
YHR178W 22 101
YHR179W 22 166
YHR180W 17 86
YHR180W-A 11 221
YHR180C-B 3 53
YHR181W 12 191
YHR182W 52 644
YHR182C-A 4 56
YHR183W 15 129
YHR184W 23 248
YHR185C 3 7
YHR186C 29 183
YHR187W 7 42
YHR188C 20 79
YHR189W 8 72
YHR190W 7 42
YHR191C 4 20
YHR192W 22 227
YHR193C 9 143
YHR193C-A 8 53
YHR194W 38 219
YHR195W 22 261
YHR196W 24 96
YHR197W 5 26
YHR198C 13 131
YHR199C 29 359
YHR199C-A 2 23
YHR200W 17 82
YHR201C 9 46
YHR202W 31 584
YHR203C 6 17
YHR204W 56 769
YHR205W 9 56
YHR206W 25 202
YHR207C 32 275
YHR208W 18 184
YHR209W 9 57
YHR210C 17 293
YHR211W 30 327
YHR212C 0 0
YHR212W-A 0 0
YHR213W 0 0
YHR213W-A 0 0
YHR213W-B 2 9
YHR214W 5 36
YHR214W-A 0 0
YHR214C-D 1 45
YHR214C-E 0 0
YHR215W 5 72
YHR216W 9 141
YHR217C 10 68
YHR218W 0 0
YHR218W-A 0 0
YHR219W 0 0
YHR219C-A 0 0
YIL177C 0 0
YIL177W-A 0 0
YIL176C 0 0
YIL173W 1 1
YIL172C 1 57
YIL171W-A 3 65
YIL169C 23 131
YIL166C 37 371
YIL165C 9 139
YIL164C 23 143
YIL163C 35 1285
YIL162W 72 957
YIL161W 8 92
YIL160C 40 589
YIL159W 66 789
YIL158W 11 187
YIL157C 17 199
YIL156W-A 16 81
YIL156W-B 7 68
YIL156W 74 721
YIL155C 102 1670
YIL154C 125 1928
YIL153W 28 257
YIL152W 29 256
YIL151C 22 166
YIL150C 16 90
YIL149C 50 614
YIL148W 3 47
YIL147C 17 110
YIL146C 9 48
YIL145C 14 57
YIL144W 14 54
YIL143C 23 180
YIL142C-A 0 0
YIL142W 17 101
YIL141W 5 258
YIL140W 22 410
YIL139C 20 129
YIL138C 7 68
YIL137C 50 562
YIL136W 25 204
YIL135C 39 260
YIL134C-A 16 152
YIL134W 10 100
YIL133C 1 1
YIL132C 40 794
YIL131C 37 896
YIL130W 44 26837
YIL129C 57 299
YIL128W 13 121
YIL127C 5 61
YIL126W 44 922
YIL125W 76 596
YIL124W 17 123
YIL123W 48 723
YIL122W 12 195
YIL121W 34 506
YIL120W 81 1466
YIL119C 22 630
YIL118W 14 93
YIL117C 13 128
YIL116W 12 114
YIL115W-A 2 22
YIL115C 29 132
YIL114C 10 161
YIL113W 27 661
YIL112W 35 607
YIL111W 13 249
YIL110W 8 51
YIL109C 25 145
YIL108W 64 953
YIL107C 41 341
YIL106W 2 58
YIL105C 62 599
YIL105W-A 5 103
YIL104C 10 61
YIL103W 23 145
YIL102C-A 5 38
YIL102C 2 8
YIL101C 65 931
YIL100C-A 74 2769
YIL100W 79 2880
YIL099W 52 1024
YIL098C 5 148
YIL097W 25 97
YIL096C 16 171
YIL095W 48 449
YIL094C 21 154
YIL093C 10 134
YIL092W 37 303
YIL091C 23 159
YIL090W 21 177
YIL089W 11 47
YIL088C 38 308
YIL087C 11 142
YIL086C 12 175
YIL085C 40 642
YIL084C 8 39
YIL083C 2 16
YIL082W 21 198
YIL079C 21 421
YIL078W 14 90
YIL077C 83 1848
YIL076W 7 51
YIL075C 18 96
YIL074C 54 12624
YIL073C 44 725
YIL072W 17 75
YIL071W-A 4 90
YIL071C 14 210
YIL070C 5 85
YIL069C 5 19
YIL068W-A 11 145
YIL068C 23 216
YIL067C 48 690
YIL066W-A 8 92
YIL066C 32 637
YIL065C 23 223
YIL064W 35 1063
YIL063C 4 19
YIL062C 5 18
YIL061C 11 40
YIL060W 8 225
YIL059C 9 226
YIL058W 20 368
YIL057C 33 2739
YIL056W 39 418
YIL055C 59 634
YIL054W 45 2258
YIL053W 18 322
YIL052C 0 0
YIL051C 32 720
YIL050W 15 80
YIL049W 6 27
YIL048W 7 37
YIL047C-A 12 96
YIL047C 70 724
YIL046W-A 63 2718
YIL046W 8 58
YIL045W 28 300
YIL044C 12 65
YIL043C 33 396
YIL042C 30 384
YIL041W 13 222
YIL040W 1 1
YIL039W 23 128
YIL038C 7 69
YIL037C 26 283
YIL036W 33 362
YIL035C 32 217
YIL034C 22 111
YIL033C 16 107
YIL032C 16 204
YIL031W 42 229
YIL030W-A 5 76
YIL030C 50 437
YIL029W-A 9 191
YIL029C 1 2
YIL028W 2 24
YIL027C 6 47
YIL026C 36 203
YIL025C 4 52
YIL024C 15 160
YIL023C 24 543
YIL022W 6 55
YIL021W 15 56
YIL021C-A 3 8
YIL020C-A 6 24
YIL020C 14 288
YIL019W 9 62
YIL018W 1 1
YIL017C 55 400
YIL016W 7 52
YIL015W 40 476
YIL014C-A 3 15
YIL014W 15 74
YIL013C 52 544
YIL012W 47 1202
YIL011W 11 111
YIL010W 22 197
YIL009C-A 17 446
YIL009W 69 1462
YIL008W 3 10
YIL007C 26 343
YIL006W 26 582
YIL005W 47 1234
YIL004C 4 14
YIL003W 11 33
YIL002W-A 5 112
YIL002C 91 1821
YIL001W 115 3595
YIR001C 54 1453
YIR002C 119 2393
YIR003W 44 666
YIR004W 25 309
YIR005W 10 44
YIR006C 54 861
YIR007W 24 697
YIR008C 5 25
YIR009W 0 0
YIR010W 21 96
YIR011C 0 0
YIR012W 8 46
YIR013C 11 124
YIR014W 26 247
YIR015W 9 183
YIR016W 31 361
YIR017C 68 1787
YIR017W-A 81 2340
YIR018W 30 574
YIR018C-A 16 244
YIR019C 34 723
YIR020C 6 65
YIR020W-A 17 663
YIR020C-B 15 46
YIR021W 18 84
YIR021W-A 5 411
YIR022W 0 0
YIR023W 36 155
YIR023C-A 1 14
YIR024C 6 54
YIR025W 13 60
YIR026C 9 71
YIR027C 23 189
YIR028W 73 1748
YIR029W 29 296
YIR030C 9 566
YIR030W-A 11 98
YIR031C 35 408
YIR032C 26 477
YIR033W 33 279
YIR034C 36 633
YIR035C 20 189
YIR036C 15 115
YIR036W-A 16 279
YIR037W 5 43
YIR038C 12 83
YIR039C 10 112
YIR040C 41 3970
YIR041W 2 6
YIR042C 18 454
YJL225C 0 0
YJL225W-A 0 0
YJL223C 0 0
YJL222W-B 0 0
YJL222W-A 0 0
YJL222W 8 376
YJL221C 4 26
YJL220W 5 165
YJL219W 15 210
YJL218W 8 118
YJL217W 4 122
YJL216C 57 925
YJL215C 28 451
YJL214W 44 794
YJL213W 33 458
YJL212C 82 684
YJL211C 59 1965
YJL210W 59 897
YJL209W 37 276
YJL208C 36 434
YJL207C 93 909
YJL206C 47 526
YJL205C 15 85
YJL204C 15 110
YJL203W 2 13
YJL202C 9 85
YJL201W 39 223
YJL200C 79 895
YJL199C 13 228
YJL198W 41 345
YJL197W 68 628
YJL197C-A 3 26
YJL196C 30 701
YJL195C 3 3
YJL194W 8 58
YJL193W 9 141
YJL192C 21 209
YJL191W 43 664
YJL190C 4 48
YJL189W 8 35
YJL188C 4 18
YJL187C 44 390
YJL186W 54 965
YJL185C 17 563
YJL184W 3 6
YJL183W 33 376
YJL182C 20 187
YJL181W 30 568
YJL180C 4 20
YJL179W 3 4
YJL178C 14 344
YJL177W 2 17
YJL176C 4 46
YJL175W 0 0
YJL174W 2 2
YJL173C 0 0
YJL172W 44 491
YJL171C 18 178
YJL170C 18 347
YJL169W 7 70
YJL168C 38 374
YJL167W 2 10
YJL166W 10 83
YJL165C 56 578
YJL164C 22 295
YJL163C 43 894
YJL162C 32 625
YJL161W 26 674
YJL160C 20 180
YJL159W 8 78
YJL158C 25 306
YJL157C 92 2231
YJL156W-A 23 1510
YJL156C 78 3216
YJL155C 46 802
YJL154C 50 364
YJL153C 34 400
YJL152W 59 2246
YJL151C 47 1391
YJL150W 43 2284
YJL149W 39 672
YJL148W 2 16
YJL147C 10 67
YJL146W 23 214
YJL145W 15 163
YJL144W 10 70
YJL143W 2 10
YJL142C 5 46
YJL141C 61 874
YJL140W 2 5
YJL139C 22 255
YJL138C 3 35
YJL137C 43 590
YJL136W-A 7 60
YJL136C 0 0
YJL135W 24 814
YJL134W 20 190
YJL133C-A 29 238
YJL133W 27 608
YJL132W 34 541
YJL131C 11 43
YJL130C 112 1005
YJL129C 28 156
YJL128C 64 8307
YJL127W-A 13 1677
YJL127C-B 12 89
YJL127C 42 699
YJL126W 13 62
YJL125C 13 77
YJL124C 0 0
YJL123C 26 203
YJL122W 14 62
YJL121C 6 19
YJL120W 14 107
YJL119C 23 409
YJL118W 33 578
YJL117W 10 59
YJL116C 38 764
YJL115W 19 105
YJL112W 42 1220
YJL111W 4 11
YJL110C 19 329
YJL109C 39 252
YJL108C 13 160
YJL107C 34 200
YJL106W 35 272
YJL105W 10 50
YJL104W 3 49
YJL103C 38 436
YJL102W 14 115
YJL101C 33 449
YJL100W 53 722
YJL099W 50 518
YJL098W 54 474
YJL097W 8 26
YJL096W 3 11
YJL095W 41 574
YJL094C 45 1679
YJL093C 21 343
YJL092W 31 325
YJL091C 4 27
YJL090C 17 99
YJL089W 43 385
YJL088W 31 369
YJL087C 5 24
YJL086C 0 0
YJL085W 11 46
YJL084C 39 606
YJL083W 48 416
YJL082W 33 317
YJL081C 0 0
YJL080C 49 424
YJL079C 25 474
YJL078C 129 2694
YJL077W-B 11 204
YJL077C 62 6536
YJL077W-A 12 205
YJL076W 28 134
YJL075C 4 25
YJL074C 23 91
YJL073W 31 821
YJL072C 9 46
YJL071W 18 167
YJL070C 34 221
YJL069C 7 24
YJL068C 23 177
YJL067W 17 326
YJL066C 30 422
YJL065C 11 140
YJL064W 6 112
YJL063C 3 18
YJL062W-A 16 187
YJL062W 14 104
YJL061W 3 14
YJL060W 15 110
YJL059W 19 134
YJL058C 27 156
YJL057C 23 466
YJL056C 31 135
YJL055W 5 28
YJL054W 17 90
YJL053W 11 44
YJL052C-A 38 2037
YJL052W 39 378
YJL051W 37 344
YJL050W 21 83
YJL049W 2 28
YJL048C 24 480
YJL047C-A 8 365
YJL047C 35 227
YJL046W 9 72
YJL045W 46 1073
YJL044C 22 347
YJL043W 80 3705
YJL042W 57 868
YJL041W 3 8
YJL039C 21 165
YJL038C 1 2
YJL037W 18 138
YJL036W 23 189
YJL035C 5 43
YJL034W 11 101
YJL033W 2 10
YJL032W 1 2
YJL031C 0 0
YJL030W 22 904
YJL029C 19 274
YJL028W 46 1422
YJL027C 84 4868
YJL026W 3 81
YJL026C-A 0 0
YJL025W 25 157
YJL024C 9 36
YJL023C 11 137
YJL022W 4 23
YJL020C 55 1652
YJL020W-A 4 80
YJL019W 36 346
YJL016W 40 510
YJL015C 25 1007
YJL014W 7 20
YJL013C 20 217
YJL012C 69 882
YJL011C 2 14
YJL010C 1 31
YJL009W 4 31
YJL008C 6 19
YJL007C 25 1418
YJL006C 9 61
YJL005W 22 82
YJL004C 32 664
YJL003W 6 53
YJL002C 6 93
YJL001W 9 38
YJR001W 134 3278
YJR002W 9 40
YJR003C 45 457
YJR004C 74 1124
YJR005W 36 278
YJR005C-A 2 20
YJR006W 0 0
YJR007W 2 4
YJR008W 69 2028
YJR009C 32 428
YJR010W 50 1432
YJR010C-A 12 132
YJR011C 21 106
YJR012C 16 344
YJR013W 9 60
YJR014W 7 45
YJR015W 26 273
YJR016C 6 52
YJR017C 8 50
YJR018W 8 27
YJR019C 51 569
YJR020W 21 331
YJR021C 46 1045
YJR022W 1 2
YJR023C 0 0
YJR024C 19 130
YJR025C 5 131
YJR030C 56 550
YJR031C 48 314
YJR032W 6 22
YJR033C 48 395
YJR034W 8 36
YJR035W 48 289
YJR036C 33 244
YJR037W 4 31
YJR038C 11 148
YJR039W 58 567
YJR040W 18 109
YJR041C 3 10
YJR042W 12 36
YJR043C 20 157
YJR044C 12 41
YJR045C 1 21
YJR046W 6 35
YJR047C 9 159
YJR048W 25 493
YJR049C 13 146
YJR050W 3 90
YJR051W 27 328
YJR052W 25 167
YJR053W 32 427
YJR054W 13 255
YJR055W 4 12
YJR056C 5 124
YJR057W 0 0
YJR058C 26 623
YJR059W 50 1260
YJR060W 5 42
YJR061W 61 554
YJR062C 15 128
YJR063W 3 21
YJR064W 31 175
YJR065C 15 111
YJR066W 67 404
YJR067C 3 16
YJR068W 7 60
YJR069C 15 153
YJR070C 9 48
YJR071W 4 17
YJR072C 18 142
YJR073C 29 389
YJR074W 11 78
YJR075W 26 306
YJR076C 14 72
YJR077C 16 88
YJR078W 78 1824
YJR079W 36 804
YJR080C 28 506
YJR082C 6 27
YJR083C 16 210
YJR084W 19 162
YJR085C 8 157
YJR086W 9 105
YJR087W 2 21
YJR088C 26 259
YJR089W 23 152
YJR090C 23 179
YJR091C 64 583
YJR092W 49 753
YJR093C 13 52
YJR094C 25 306
YJR094W-A 2 18
YJR095W 34 490
YJR096W 36 371
YJR097W 3 11
YJR098C 28 330
YJR099W 3 11
YJR100C 14 163
YJR101W 4 16
YJR102C 23 339
YJR103W 92 2412
YJR104C 26 207
YJR105W 17 170
YJR106W 31 373
YJR107W 21 139
YJR108W 22 227
YJR109C 66 504
YJR110W 61 556
YJR111C 24 164
YJR112W 3 5
YJR112W-A 28 461
YJR113C 10 41
YJR114W 8 28
YJR115W 63 765
YJR116W 44 750
YJR117W 40 979
YJR118C 5 39
YJR119C 63 807
YJR120W 23 374
YJR121W 13 56
YJR122W 19 74
YJR123W 0 0
YJR124C 26 404
YJR125C 23 134
YJR126C 42 305
YJR127C 117 1953
YJR128W 41 1056
YJR129C 75 1458
YJR130C 23 329
YJR131W 33 472
YJR132W 16 192
YJR133W 16 85
YJR134C 21 269
YJR135C 23 157
YJR135W-A 0 0
YJR136C 1 4
YJR137C 86 1229
YJR138W 79 770
YJR139C 2 8
YJR140C 37 403
YJR140W-A 2 4
YJR141W 0 0
YJR142W 47 717
YJR143C 22 296
YJR144W 13 66
YJR145C 2 5
YJR146W 23 195
YJR147W 35 681
YJR148W 75 1424
YJR149W 35 775
YJR150C 11 96
YJR151C 23 507
YJR151W-A 3 64
YJR152W 19 117
YJR153W 21 402
YJR154W 27 400
YJR155W 18 159
YJR156C 0 0
YJR157W 1 33
YJR158W 0 0
YJR159W 5 318
YJR160C 4 16
YJR161C 5 37
YJR162C 15 429
YKL225W 20 1315
YKL224C 1 1
YKL223W 16 414
YKL222C 29 294
YKL221W 41 475
YKL220C 34 451
YKL219W 15 146
YKL218C 42 831
YKL217W 75 695
YKL216W 6 29
YKL215C 87 864
YKL214C 11 39
YKL213C 33 246
YKL212W 15 136
YKL211C 16 219
YKL210W 19 68
YKL209C 65 1022
YKL208W 22 77
YKL207W 19 168
YKL206C 17 401
YKL205W 25 161
YKL204W 14 86
YKL203C 67 363
YKL202W 1 888
YKL201C 57 801
YKL198C 389 31601
YKL197C 55 557
YKL196C 3 21
YKL195W 3 13
YKL194C 18 135
YKL193C 9 58
YKL192C 6 31
YKL191W 14 61
YKL190W 5 52
YKL189W 4 19
YKL188C 36 358
YKL187C 96 1301
YKL186C 15 61
YKL185W 52 525
YKL184W 29 462
YKL183C-A 36 1778
YKL183W 87 3071
YKL182W 46 293
YKL181W 11 85
YKL180W 4 49
YKL179C 28 260
YKL178C 28 281
YKL177W 9 92
YKL176C 24 101
YKL175W 53 759
YKL174C 11 102
YKL173W 1 4
YKL172W 1 4
YKL171W 47 1196
YKL170W 1 3
YKL169C 0 0
YKL168C 49 387
YKL167C 11 111
YKL166C 16 195
YKL165C-A 7 77
YKL165C 25 150
YKL164C 3 5
YKL163W 12 84
YKL162C-A 1 7
YKL162C 28 202
YKL161C 12 88
YKL160W 5 156
YKL159C 7 230
YKL157W 72 1193
YKL156W 3 27
YKL156C-A 2 9
YKL155C 14 75
YKL154W 8 27
YKL153W 5 27
YKL152C 6 30
YKL151C 48 901
YKL150W 54 641
YKL149C 12 70
YKL148C 114 1424
YKL147C 57 1535
YKL146W 62 1177
YKL145W 6 41
YKL145W-A 0 0
YKL144C 4 17
YKL143W 10 141
YKL142W 5 39
YKL141W 6 58
YKL140W 14 299
YKL139W 5 50
YKL138C-A 0 0
YKL138C 4 38
YKL137W 0 0
YKL136W 6 56
YKL135C 24 144
YKL134C 12 55
YKL133C 13 283
YKL132C 34 302
YKL131W 5 70
YKL130C 4 33
YKL129C 48 615
YKL128C 31 361
YKL127W 45 348
YKL126W 14 79
YKL125W 8 23
YKL124W 38 377
YKL123W 14 90
YKL122C 3 29
YKL121W 33 483
YKL120W 31 584
YKL119C 6 17
YKL118W 5 125
YKL117W 13 89
YKL116C 19 162
YKL115C 7 33
YKL114C 27 374
YKL113C 4 22
YKL112W 17 193
YKL111C 6 149
YKL110C 15 75
YKL109W 72 1090
YKL108W 7 33
YKL107W 12 113
YKL106C-A 5 112
YKL106W 9 72
YKL105C 63 584
YKL104C 12 41
YKL103C 39 538
YKL102C 25 363
YKL101W 62 840
YKL100C 37 286
YKL100W-A 1 8
YKL099C 8 71
YKL098W 20 185
YKL097C 59 1596
YKL096C-B 0 0
YKL096W-A 0 0
YKL096W 51 951
YKL095W 6 42
YKL094W 43 574
YKL093W 17 157
YKL092C 26 165
YKL091C 18 181
YKL090W 26 484
YKL089W 0 0
YKL088W 8 43
YKL087C 17 408
YKL086W 94 4200
YKL085W 32 571
YKL084W 35 1477
YKL083W 8 110
YKL082C 7 26
YKL081W 32 484
YKL080W 1 1
YKL079W 44 323
YKL078W 1 19
YKL077W 13 256
YKL076C 5 16
YKL075C 16 85
YKL074C 23 198
YKL073W 12 130
YKL072W 46 366
YKL071W 11 58
YKL070W 8 67
YKL069W 15 93
YKL068W-A 1 72
YKL068W 33 276
YKL067W 11 220
YKL066W 52 1076
YKL065W-A 8 46
YKL065C 18 191
YKL064W 63 2216
YKL063C 11 83
YKL062W 28 280
YKL061W 8 214
YKL060C 9 44
YKL059C 12 133
YKL058W 0 0
YKL057C 11 58
YKL056C 4 17
YKL055C 15 90
YKL054C 2 13
YKL053C-A 1 6
YKL053W 21 578
YKL052C 30 305
YKL051W 29 512
YKL050C 41 394
YKL049C 2 5
YKL048C 5 20
YKL047W 32 336
YKL046C 47 853
YKL045W 19 318
YKL044W 20 250
YKL043W 20 125
YKL042W 5 14
YKL041W 3 8
YKL040C 10 86
YKL039W 45 429
YKL038W 89 3385
YKL037W 47 924
YKL036C 31 649
YKL035W 21 168
YKL034W 65 911
YKL033W-A 16 142
YKL033W 25 157
YKL032C 26 311
YKL031W 16 98
YKL030W 67 1150
YKL029C 187 4828
YKL028W 6 74
YKL027W 26 167
YKL026C 19 699
YKL025C 44 638
YKL024C 9 40
YKL023C-A 2 12
YKL023W 14 130
YKL022C 29 274
YKL021C 15 189
YKL020C 35 338
YKL019W 11 83
YKL018C-A 7 42
YKL018W 6 24
YKL017C 33 326
YKL016C 7 26
YKL015W 51 693
YKL014C 11 38
YKL013C 0 0
YKL012W 8 53
YKL011C 39 923
YKL010C 64 872
YKL009W 2 21
YKL008C 37 1069
YKL007W 14 100
YKL006C-A 4 16
YKL006W 2 16
YKL005C 72 1584
YKL004W 17 73
YKL003C 7 65
YKL002W 9 53
YKL001C 33 1371
YKR001C 13 86
YKR002W 7 54
YKR003W 87 884
YKR004C 8 41
YKR005C 80 2426
YKR006C 5 57
YKR007W 0 0
YKR008W 9 49
YKR009C 81 1126
YKR010C 29 359
YKR011C 20 325
YKR012C 30 553
YKR013W 30 399
YKR014C 1 2
YKR015C 19 229
YKR016W 18 57
YKR017C 14 328
YKR018C 33 325
YKR019C 19 176
YKR020W 1 9
YKR021W 42 506
YKR022C 1 2
YKR023W 35 334
YKR024C 15 92
YKR025W 4 32
YKR026C 7 59
YKR027W 52 798
YKR028W 51 458
YKR029C 18 93
YKR030W 10 58
YKR031C 58 923
YKR032W 17 1100
YKR033C 4 30
YKR034W 13 146
YKR035C 5 46
YKR035W-A 5 46
YKR036C 52 550
YKR037C 11 56
YKR038C 14 64
YKR039W 31 450
YKR040C 39 540
YKR041W 75 915
YKR042W 8 60
YKR043C 27 344
YKR044W 56 761
YKR045C 19 127
YKR046C 28 204
YKR047W 10 53
YKR048C 33 285
YKR049C 16 200
YKR050W 54 8824
YKR051W 38 397
YKR052C 10 86
YKR053C 45 885
YKR054C 98 870
YKR055W 16 224
YKR056W 33 635
YKR057W 2 2
YKR058W 22 253
YKR059W 3 20
YKR060W 12 142
YKR061W 58 943
YKR062W 0 0
YKR063C 4 31
YKR064W 30 275
YKR065C 3 4
YKR066C 36 850
YKR067W 58 1789
YKR068C 4 4
YKR069W 46 548
YKR070W 26 527
YKR071C 9 37
YKR072C 28 234
YKR073C 27 488
YKR074W 8 29
YKR075C 33 1088
YKR075W-A 24 930
YKR076W 45 407
YKR077W 17 391
YKR078W 23 229
YKR079C 27 113
YKR080W 26 158
YKR081C 2 3
YKR082W 24 185
YKR083C 5 33
YKR084C 9 70
YKR085C 12 118
YKR086W 22 89
YKR087C 23 292
YKR088C 26 188
YKR089C 35 478
YKR090W 38 488
YKR091W 9 81
YKR092C 21 99
YKR093W 120 1995
YKR094C 4 20
YKR095W 30 118
YKR095W-A 2 6
YKR096W 74 1084
YKR097W 95 2384
YKR098C 45 561
YKR099W 25 171
YKR100C 13 92
YKR101W 45 346
YKR102W 47 555
YKR103W 50 547
YKR104W 12 135
YKR105C 1 1
YKR106W 1 11
YLL067C 0 0
YLL067W-A 0 0
YLL066W-B 1 15
YLL066C 0 0
YLL066W-A 0 0
YLL065W 20 525
YLL064C 3 16
YLL063C 58 1260
YLL062C 10 109
YLL061W 41 506
YLL060C 22 4201
YLL059C 68 2307
YLL058W 21 361
YLL057C 48 655
YLL056C 27 303
YLL055W 25 242
YLL054C 29 403
YLL053C 18 354
YLL052C 10 136
YLL051C 71 1362
YLL050C 3 6
YLL049W 7 25
YLL048C 79 616
YLL047W 8 50
YLL046C 10 168
YLL045C 3 8
YLL044W 2 7
YLL043W 19 120
YLL042C 14 184
YLL041C 39 542
YLL040C 118 771
YLL039C 44 289
YLL038C 29 489
YLL037W 0 0
YLL036C 5 47
YLL035W 8 20
YLL034C 7 36
YLL033W 3 13
YLL032C 34 473
YLL031C 11 49
YLL030C 17 715
YLL029W 138 10130
YLL028W 80 1623
YLL027W 3 5
YLL026W 101 1655
YLL025W 6 214
YLL024C 21 930
YLL023C 23 345
YLL022C 37 444
YLL021W 46 313
YLL020C 8 36
YLL019C 14 89
YLL019W-A 0 0
YLL018C-A 7 72
YLL018C 5 7
YLL015W 60 707
YLL014W 4 21
YLL013C 75 660
YLL012W 69 885
YLL011W 18 97
YLL010C 64 2551
YLL009C 1 7
YLL008W 6 50
YLL007C 2 16
YLL006W-A 5 39
YLL006W 3 20
YLL005C 40 230
YLL004W 6 20
YLL003W 10 38
YLL002W 29 434
YLL001W 65 411
YLR001C 132 2699
YLR002C 3 26
YLR003C 9 83
YLR004C 57 1153
YLR005W 18 117
YLR006C 82 5874
YLR007W 13 138
YLR008C 0 0
YLR009W 2 8
YLR010C 4 31
YLR011W 21 208
YLR012C 8 32
YLR013W 11 87
YLR014C 57 413
YLR015W 28 301
YLR016C 13 203
YLR017W 23 325
YLR018C 12 94
YLR019W 42 807
YLR020C 9 46
YLR021W 7 38
YLR022C 12 69
YLR023C 45 757
YLR024C 103 1891
YLR025W 6 86
YLR026C 0 0
YLR027C 13 88
YLR028C 86 2160
YLR029C 3 10
YLR030W 13 110
YLR031W 6 117
YLR032W 37 315
YLR033W 1 11
YLR034C 26 1835
YLR035C 38 349
YLR036C 8 31
YLR037C 9 121
YLR038C 13 58
YLR039C 33 306
YLR040C 11 150
YLR041W 12 111
YLR042C 14 115
YLR043C 9 161
YLR044C 42 453
YLR045C 29 247
YLR046C 16 124
YLR047C 40 349
YLR048W 0 0
YLR049C 10 62
YLR050C 7 89
YLR051C 9 110
YLR052W 0 0
YLR053C 3 20
YLR054C 44 731
YLR055C 24 159
YLR056W 4 162
YLR057W 55 946
YLR058C 17 147
YLR059C 85 2621
YLR060W 21 219
YLR061W 2 7
YLR062C 2 7
YLR063W 8 90
YLR064W 9 144
YLR065C 0 0
YLR066W 6 26
YLR067C 24 136
YLR068W 9 191
YLR069C 22 84
YLR070C 36 299
YLR071C 16 62
YLR072W 26 325
YLR073C 22 445
YLR074C 15 106
YLR075W 0 0
YLR076C 0 0
YLR077W 63 626
YLR078C 6 22
YLR079W 1 4
YLR080W 45 692
YLR081W 78 4913
YLR082C 18 108
YLR083C 20 210
YLR084C 87 1797
YLR085C 16 310
YLR086W 23 123
YLR087C 118 984
YLR088W 13 80
YLR089C 10 79
YLR090W 30 532
YLR091W 14 164
YLR092W 80 5091
YLR093C 18 282
YLR094C 63 1186
YLR095C 42 259
YLR096W 25 229
YLR097C 14 97
YLR098C 26 161
YLR099C 27 477
YLR099W-A 7 51
YLR100W 6 49
YLR101C 15 177
YLR102C 13 146
YLR103C 5 8
YLR104W 8 54
YLR105C 5 12
YLR106C 71 393
YLR107W 28 455
YLR108C 36 382
YLR109W 33 425
YLR110C 7 55
YLR111W 24 679
YLR112W 58 1670
YLR113W 77 3770
YLR114C 24 191
YLR115W 10 61
YLR116W 11 68
YLR117C 21 104
YLR118C 8 73
YLR119W 12 112
YLR120C 49 282
YLR120W-A 12 1047
YLR121C 22 289
YLR122C 8 222
YLR123C 5 200
YLR124W 3 21
YLR125W 3 27
YLR126C 8 259
YLR127C 12 131
YLR128W 15 193
YLR129W 8 17
YLR130C 47 374
YLR131C 52 527
YLR132C 0 0
YLR133W 21 233
YLR134W 15 199
YLR135W 45 533
YLR136C 10 49
YLR137W 54 1514
YLR138W 53 423
YLR139C 8 32
YLR140W 7 55
YLR141W 9 86
YLR142W 27 362
YLR143W 10 35
YLR144C 43 419
YLR145W 4 34
YLR146C 18 186
YLR146W-A 6 73
YLR147C 0 0
YLR148W 25 191
YLR149C 19 239
YLR149C-A 1 2
YLR150W 1 7
YLR151C 19 372
YLR152C 31 232
YLR153C 20 96
YLR154C 14 104
YLR154W-A 0 0
YLR154W-B 0 0
YLR154W-C 0 0
YLR154W-E 0 0
YLR154W-F 0 0
YLR154C-G 0 0
YLR154C-H 0 0
YLR155C 0 0
YLR156W 0 0
YLR156C-A 0 0
YLR157C 0 0
YLR157W-D 0 0
YLR157W-E 0 0
YLR157C-C 0 0
YLR158C 0 0
YLR159W 0 0
YLR159C-A 0 0
YLR160C 0 0
YLR161W 0 0
YLR162W 2 6
YLR162W-A 2 7
YLR163C 7 30
YLR163W-A 0 0
YLR164W 6 37
YLR165C 9 69
YLR166C 12 27
YLR167W 8 27
YLR168C 21 246
YLR169W 35 1603
YLR170C 24 942
YLR171W 14 141
YLR172C 17 111
YLR173W 60 2419
YLR174W 50 647
YLR175W 10 31
YLR176C 24 164
YLR177W 33 502
YLR178C 33 285
YLR179C 53 2413
YLR180W 48 838
YLR181C 29 393
YLR182W 14 68
YLR183C 30 337
YLR184W 8 213
YLR185W 3 11
YLR186W 6 17
YLR187W 40 466
YLR188W 45 303
YLR189C 50 591
YLR190W 22 160
YLR191W 11 110
YLR192C 2 14
YLR193C 6 15
YLR194C 11 67
YLR195C 0 0
YLR196W 17 101
YLR197W 1 17
YLR198C 0 0
YLR199C 10 76
YLR200W 0 0
YLR201C 7 88
YLR202C 18 298
YLR203C 17 107
YLR204W 2 9
YLR205C 43 337
YLR206W 22 386
YLR207W 54 36813
YLR208W 4 10
YLR209C 21 293
YLR210W 20 97
YLR211C 5 18
YLR212C 4 6
YLR213C 86 2176
YLR214W 44 634
YLR215C 2 3
YLR216C 12 108
YLR217W 13 117
YLR218C 37 982
YLR219W 25 289
YLR220W 15 83
YLR221C 3 11
YLR222C 17 131
YLR222C-A 2 8
YLR223C 25 124
YLR224W 17 114
YLR225C 21 213
YLR226W 4 11
YLR227C 35 356
YLR228C 42 531
YLR229C 1 7
YLR230W 1 3
YLR231C 41 400
YLR232W 14 197
YLR233C 45 483
YLR234W 22 139
YLR235C 37 657
YLR236C 67 1103
YLR237W 61 722
YLR238W 20 378
YLR239C 6 27
YLR240W 16 52
YLR241W 29 234
YLR242C 10 107
YLR243W 0 0
YLR244C 5 28
YLR245C 13 283
YLR246W 7 48
YLR247C 76 546
YLR248W 38 517
YLR249W 2 14
YLR250W 20 374
YLR251W 6 16
YLR252W 3 77
YLR253W 34 342
YLR254C 21 337
YLR255C 48 1070
YLR256W 102 979
YLR257W 31 221
YLR258W 78 1074
YLR259C 19 130
YLR260W 50 475
YLR261C 0 0
YLR262C 4 21
YLR262C-A 3 14
YLR263W 25 227
YLR264W 0 0
YLR264C-A 1 25
YLR265C 6 40
YLR266C 61 1318
YLR267W 29 877
YLR268W 9 23
YLR269C 31 434
YLR270W 18 241
YLR271W 14 92
YLR272C 24 180
YLR273C 32 357
YLR274W 17 48
YLR275W 3 15
YLR276C 1 4
YLR277C 6 58
YLR278C 56 529
YLR279W 39 1008
YLR280C 26 640
YLR281C 26 638
YLR282C 16 143
YLR283W 20 180
YLR284C 5 78
YLR285W 10 138
YLR285C-A 11 265
YLR286C 4 179
YLR286W-A 0 0
YLR287C 12 106
YLR287C-A 1 3
YLR288C 39 520
YLR289W 30 266
YLR290C 9 43
YLR291C 5 27
YLR292C 12 88
YLR293C 0 0
YLR294C 11 165
YLR295C 4 10
YLR296W 40 1497
YLR297W 29 666
YLR298C 20 209
YLR299W 143 3688
YLR299C-A 15 90
YLR300W 47 519
YLR301W 10 88
YLR302C 55 1066
YLR303W 24 451
YLR304C 32 244
YLR305C 32 118
YLR306W 17 401
YLR307W 13 216
YLR307C-A 3 4
YLR308W 25 119
YLR309C 22 182
YLR310C 11 83
YLR311C 5 30
YLR312C 28 214
YLR312W-A 8 49
YLR313C 37 439
YLR314C 17 92
YLR315W 7 53
YLR316C 14 53
YLR317W 7 21
YLR318W 49 1165
YLR319C 14 60
YLR320W 27 212
YLR321C 8 33
YLR322W 1 5
YLR323C 4 24
YLR324W 16 506
YLR325C 5 14
YLR326W 30 357
YLR327C 7 186
YLR328W 33 400
YLR329W 13 121
YLR330W 49 939
YLR331C 4 147
YLR332W 13 426
YLR333C 20 174
YLR334C 16 137
YLR335W 17 354
YLR336C 25 166
YLR337C 11 83
YLR338W 2 2
YLR339C 0 0
YLR340W 1 5
YLR341W 14 167
YLR342W 15 75
YLR342W-A 4 11
YLR343W 32 493
YLR344W 6 100
YLR345W 27 516
YLR346C 13 138
YLR347C 11 56
YLR347W-A 1 8
YLR348C 86 3194
YLR349W 70 2228
YLR350W 4 41
YLR351C 33 204
YLR352W 59 1108
YLR353W 39 397
YLR354C 16 119
YLR355C 20 80
YLR356W 6 33
YLR357W 37 256
YLR358C 15 130
YLR359W 1 3
YLR360W 22 148
YLR361C 37 715
YLR361C-A 7 145
YLR362W 42 335
YLR363C 0 0
YLR363W-A 0 0
YLR364W 5 21
YLR365W 8 104
YLR364C-A 13 318
YLR366W 41 733
YLR367W 13 86
YLR368W 12 70
YLR369W 6 35
YLR370C 4 13
YLR371W 57 571
YLR372W 4 23
YLR373C 29 259
YLR374C 37 1245
YLR375W 32 879
YLR376C 31 250
YLR377C 80 2200
YLR378C 18 121
YLR379W 1 3
YLR380W 51 447
YLR381W 17 111
YLR382C 22 91
YLR383W 7 42
YLR384C 27 171
YLR385C 19 70
YLR386W 17 100
YLR387C 26 236
YLR388W 3 20
YLR389C 107 1168
YLR390W 23 647
YLR390W-A 7 54
YLR392C 34 282
YLR393W 4 42
YLR394W 13 75
YLR395C 7 62
YLR396C 19 84
YLR397C 11 62
YLR398C 21 122
YLR399C 11 49
YLR399W-A 0 0
YLR400W 45 2245
YLR401C 60 1167
YLR402W 0 0
YLR403W 10 45
YLR404W 19 190
YLR405W 25 470
YLR406C 7 69
YLR406C-A 5 309
YLR407W 3 38
YLR408C 14 305
YLR409C 29 175
YLR410W 87 1467
YLR411W 24 390
YLR412W 9 89
YLR412C-A 0 0
YLR413W 33 380
YLR414C 45 659
YLR415C 60 1825
YLR416C 52 1607
YLR417W 50 525
YLR418C 5 9
YLR419W 33 748
YLR420W 8 78
YLR421C 8 36
YLR422W 26 72
YLR423C 10 101
YLR424W 8 26
YLR425W 50 326
YLR426W 0 0
YLR427W 30 254
YLR428C 23 1099
YLR429W 50 356
YLR430W 30 508
YLR431C 19 349
YLR432W 31 267
YLR433C 26 287
YLR434C 0 0
YLR435W 1 1
YLR436C 98 1775
YLR437C 19 454
YLR437C-A 18 393
YLR438W 84 1095
YLR438C-A 1 3
YLR439W 12 64
YLR440C 8 49
YLR441C 6 29
YLR442C 17 88
YLR443W 25 317
YLR444C 4 60
YLR445W 14 227
YLR446W 14 111
YLR447C 11 87
YLR448W 3 16
YLR449W 17 282
YLR450W 85 1172
YLR451W 27 305
YLR452C 38 360
YLR453C 20 214
YLR454W 110 1345
YLR455W 15 62
YLR456W 20 304
YLR457C 19 64
YLR458W 2 4
YLR459W 2 12
YLR460C 24 686
YLR461W 11 146
YLR462W 0 0
YLR463C 0 0
YLR464W 0 0
YLR465C 0 0
YLR466W 0 0
YLR466C-A 0 0
YLR466C-B 3 51
YLR467W 0 0
YLR467C-A 0 0
YML133C 0 0
YML133W-B 0 0
YML133W-A 0 0
YML132W 0 0
YML131W 22 208
YML130C 9 42
YML129C 6 100
YML128C 47 1157
YML127W 26 124
YML126C 20 137
YML125C 11 58
YML124C 26 536
YML123C 21 113
YML122C 46 892
YML121W 8 67
YML120C 40 485
YML119W 12 125
YML118W 43 423
YML117W 67 1137
YML116W-A 5 300
YML116W 42 486
YML115C 16 79
YML114C 13 123
YML113W 29 267
YML112W 2 5
YML111W 46 838
YML110C 15 108
YML109W 36 862
YML108W 2 2
YML107C 16 100
YML106W 10 81
YML105C 3 16
YML104C 33 251
YML103C 39 335
YML102W 25 211
YML101C-A 15 164
YML101C 71 1398
YML100W-A 25 382
YML100W 146 1858
YML099W-A 5 49
YML099C 33 359
YML098W 0 0
YML097C 17 108
YML096W 19 143
YML095C 6 29
YML094C-A 4 15
YML094W 5 23
YML093W 28 100
YML092C 1 3
YML091C 33 273
YML090W 6 56
YML089C 30 1438
YML088W 21 330
YML087C 24 1063
YML086C 42 434
YML085C 4 28
YML084W 30 314
YML083C 55 1024
YML082W 57 747
YML081C-A 3 8
YML081W 32 254
YML080W 13 205
YML079W 16 185
YML078W 15 306
YML077W 4 47
YML076C 58 564
YML075C 64 695
YML074C 5 68
YML073C 0 0
YML072C 129 1381
YML071C 31 310
YML070W 30 252
YML069W 2 6
YML068W 23 363
YML067C 12 150
YML066C 24 433
YML065W 10 64
YML064C 7 37
YML063W 0 0
YML062C 21 132
YML061C 18 222
YML060W 14 175
YML059C 73 1159
YML058W-A 3 109
YML058W 17 332
YML057C-A 12 92
YML057W 44 414
YML056C 61 660
YML055W 12 103
YML054C 91 2124
YML054C-A 45 817
YML053C 27 376
YML052W 46 1042
YML051W 43 385
YML050W 12 119
YML049C 24 168
YML048W 0 0
YML047W-A 1 14
YML047C 4 33
YML046W 5 40
YML043C 1 3
YML042W 66 984
YML041C 17 58
YML038C 2 6
YML037C 5 31
YML036W 6 103
YML035C 60 855
YML034C-A 16 187
YML034W 51 557
YML032C 23 111
YML031C-A 2 15
YML031W 37 322
YML030W 11 211
YML029W 82 1785
YML028W 38 934
YML027W 39 915
YML026C 4 7
YML025C 5 29
YML024W 3 4
YML023C 12 73
YML022W 9 69
YML021C 30 658
YML020W 48 323
YML019W 9 178
YML018C 45 518
YML017W 58 500
YML016C 58 492
YML015C 4 21
YML014W 14 62
YML013W 13 89
YML012C-A 7 69
YML012W 6 47
YML011C 11 285
YML010W 25 110
YML009W-B 5 55
YML009C-A 2 18
YML009C 8 91
YML008C 6 30
YML007C-A 6 97
YML007W 37 550
YML006C 41 319
YML005W 45 585
YML004C 59 749
YML003W 33 366
YML002W 57 1233
YML001W 8 134
YMR001C 18 145
YMR001C-A 2 6
YMR002W 46 6844
YMR003W 21 318
YMR004W 52 1763
YMR005W 1 1
YMR006C 43 473
YMR007W 61 3141
YMR008C 30 753
YMR009W 26 344
YMR010W 20 142
YMR011W 40 285
YMR012W 53 344
YMR013C 7 30
YMR013C-A 0 0
YMR013W-A 3 27
YMR014W 2 9
YMR015C 80 1271
YMR016C 14 144
YMR017W 28 318
YMR018W 27 236
YMR019W 65 746
YMR020W 26 212
YMR021C 11 116
YMR022W 10 315
YMR023C 53 1036
YMR024W 5 23
YMR025W 5 36
YMR026C 9 57
YMR027W 17 418
YMR028W 3 14
YMR029C 20 318
YMR030W 23 356
YMR031C 47 496
YMR031W-A 20 286
YMR032W 28 412
YMR030W-A 11 97
YMR033W 3 33
YMR034C 31 438
YMR035W 9 63
YMR036C 21 576
YMR037C 31 222
YMR038C 33 1169
YMR039C 24 133
YMR040W 32 481
YMR041C 17 137
YMR042W 104 11552
YMR043W 15 163
YMR044W 28 159
YMR046W-A 0 0
YMR047C 24 217
YMR048W 22 160
YMR049C 14 93
YMR052W 6 147
YMR052C-A 5 27
YMR053C 40 224
YMR054W 70 966
YMR055C 41 448
YMR056C 78 5279
YMR057C 59 5557
YMR058W 68 980
YMR059W 0 0
YMR060C 7 35
YMR061W 3 12
YMR062C 49 677
YMR063W 32 1232
YMR064W 18 107
YMR065W 53 2179
YMR066W 16 76
YMR067C 26 169
YMR068W 21 151
YMR069W 121 3637
YMR070W 55 1589
YMR071C 15 170
YMR072W 2 8
YMR073C 8 73
YMR074C 11 258
YMR075W 19 194
YMR075C-A 7 116
YMR076C 25 2355
YMR077C 19 122
YMR078C 18 81
YMR079W 5 24
YMR080C 20 130
YMR081C 27 331
YMR082C 20 805
YMR083W 20 265
YMR084W 26 305
YMR085W 12 141
YMR086W 53 360
YMR086C-A 17 1063
YMR087W 31 1002
YMR088C 28 287
YMR089C 14 182
YMR090W 24 123
YMR091C 21 139
YMR092C 36 746
YMR093W 10 69
YMR094W 3 9
YMR095C 26 301
YMR096W 11 146
YMR097C 14 92
YMR098C 13 96
YMR099C 12 156
YMR100W 15 127
YMR101C 19 194
YMR102C 57 1056
YMR103C 66 1575
YMR104C 77 1334
YMR105C 4 11
YMR105W-A 17 479
YMR106C 79 944
YMR107W 32 703
YMR108W 17 123
YMR109W 55 595
YMR110C 41 453
YMR111C 38 542
YMR112C 1 4
YMR113W 6 19
YMR114C 18 383
YMR115W 16 430
YMR116C 12 43
YMR117C 3 12
YMR118C 17 67
YMR119W 42 347
YMR119W-A 16 186
YMR120C 32 338
YMR121C 13 116
YMR122C 85 3559
YMR122W-A 8 78
YMR123W 1 8
YMR124W 50 532
YMR125W 22 90
YMR126C 10 60
YMR127C 21 120
YMR128W 18 112
YMR129W 64 600
YMR130W 24 246
YMR131C 12 65
YMR132C 11 92
YMR133W 9 87
YMR134W 6 75
YMR135C 55 708
YMR135W-A 79 2974
YMR136W 80 2087
YMR137C 63 1011
YMR138W 6 31
YMR139W 21 180
YMR140W 17 209
YMR141C 4 11
YMR142C 0 0
YMR141W-A 0 0
YMR143W 6 25
YMR144W 18 167
YMR145C 84 1219
YMR146C 6 19
YMR147W 11 119
YMR148W 21 168
YMR149W 9 27
YMR150C 35 330
YMR151W 27 655
YMR152W 31 243
YMR153W 22 272
YMR153C-A 0 0
YMR154C 44 936
YMR155W 27 360
YMR156C 20 243
YMR157C 8 1060
YMR158W 6 17
YMR158C-A 2 11
YMR158W-B 7 169
YMR159C 9 180
YMR160W 21 217
YMR161W 17 125
YMR162C 89 892
YMR163C 15 280
YMR164C 23 212
YMR165C 37 235
YMR166C 9 107
YMR167W 37 235
YMR168C 10 70
YMR169C 42 432
YMR170C 25 935
YMR171C 30 423
YMR172W 23 205
YMR172C-A 3 9
YMR173W 15 114
YMR173W-A 12 98
YMR174C 5 444
YMR175W 17 363
YMR175W-A 31 1709
YMR176W 77 767
YMR177W 23 167
YMR178W 25 356
YMR179W 16 194
YMR180C 51 722
YMR181C 19 348
YMR182C 5 28
YMR182W-A 10 92
YMR183C 21 219
YMR184W 20 123
YMR185W 19 64
YMR186W 18 110
YMR187C 37 1861
YMR188C 15 75
YMR189W 56 543
YMR190C 47 248
YMR191W 21 426
YMR192W 34 312
YMR193W 2 12
YMR193C-A 0 0
YMR194W 8 39
YMR194C-B 27 1096
YMR194C-A 52 6757
YMR195W 21 502
YMR196W 79 823
YMR197C 3 10
YMR198W 29 148
YMR199W 19 118
YMR200W 5 29
YMR201C 30 288
YMR202W 8 78
YMR203W 4 38
YMR204C 4 90
YMR205C 8 26
YMR206W 40 793
YMR207C 93 779
YMR208W 12 69
YMR209C 36 540
YMR210W 28 254
YMR211W 6 34
YMR212C 11 68
YMR213W 20 712
YMR214W 22 194
YMR215W 22 251
YMR216C 52 10257
YMR217W 9 107
YMR218C 3 55
YMR219W 64 519
YMR220W 17 111
YMR221C 34 360
YMR222C 5 71
YMR223W 18 132
YMR224C 30 155
YMR225C 20 184
YMR226C 19 395
YMR227C 13 82
YMR228W 9 35
YMR229C 21 104
YMR230W 10 79
YMR230W-A 12 71
YMR231W 24 137
YMR232W 30 187
YMR233W 11 56
YMR234W 16 203
YMR235C 8 52
YMR236W 2 62
YMR237W 29 180
YMR238W 30 408
YMR239C 11 36
YMR240C 18 132
YMR241W 38 801
YMR242C 9 65
YMR242W-A 0 0
YMR243C 41 1759
YMR244W 54 692
YMR244C-A 11 143
YMR245W 82 3070
YMR246W 131 2570
YMR247C 52 402
YMR247W-A 0 0
YMR250W 39 539
YMR251W 121 2293
YMR251W-A 0 0
YMR252C 22 389
YMR253C 45 615
YMR254C 22 663
YMR255W 4 36
YMR256C 3 55
YMR257C 16 102
YMR258C 24 252
YMR259C 21 291
YMR260C 0 0
YMR261C 38 469
YMR262W 21 249
YMR263W 4 10
YMR264W 21 190
YMR265C 31 503
YMR266W 37 223
YMR267W 10 59
YMR268C 0 0
YMR269W 2 7
YMR270C 3 15
YMR271C 21 270
YMR272C 26 445
YMR272W-A 3 10
YMR272W-B 2 6
YMR273C 36 413
YMR274C 13 194
YMR275C 29 185
YMR276W 20 153
YMR277W 6 25
YMR278W 32 286
YMR279C 26 318
YMR280C 100 1559
YMR281W 3 19
YMR282C 9 70
YMR283C 26 229
YMR284W 38 702
YMR285C 37 903
YMR286W 1 3
YMR287C 23 104
YMR288W 8 36
YMR289W 31 648
YMR290C 6 41
YMR290W-A 1 2
YMR291W 35 902
YMR292W 15 123
YMR293C 18 54
YMR294W 9 66
YMR294W-A 3 14
YMR295C 11 75
YMR296C 11 51
YMR297W 60 532
YMR298W 0 0
YMR299C 6 32
YMR300C 2 19
YMR301C 31 381
YMR302C 37 257
YMR303C 22 476
YMR304W 45 538
YMR304C-A 18 253
YMR305C 13 180
YMR306W 94 1513
YMR306C-A 18 578
YMR307W 8 36
YMR307C-A 0 0
YMR308C 14 57
YMR309C 27 133
YMR310C 10 165
YMR311C 10 161
YMR312W 0 0
YMR313C 22 195
YMR314W 0 0
YMR315W 35 1856
YMR315W-A 10 152
YMR316W 41 694
YMR316C-A 13 234
YMR316C-B 1 5
YMR317W 18 280
YMR318C 51 746
YMR319C 53 605
YMR320W 24 183
YMR321C 6 63
YMR322C 0 0
YMR323W 8 106
YMR324C 29 2282
YMR325W 0 0
YMR326C 14 2054
YNL339C 0 0
YNL339W-B 0 0
YNL339W-A 0 0
YNL338W 1 1
YNL337W 30 3528
YNL336W 14 197
YNL335W 7 72
YNL334C 10 63
YNL333W 6 146
YNL332W 7 72
YNL331C 37 647
YNL330C 16 91
YNL329C 36 316
YNL328C 19 269
YNL327W 41 484
YNL326C 27 178
YNL325C 56 647
YNL324W 13 325
YNL323W 27 592
YNL322C 5 17
YNL321W 39 960
YNL320W 17 316
YNL319W 4 14
YNL318C 21 222
YNL317W 14 136
YNL316C 14 156
YNL315C 0 0
YNL314W 15 129
YNL313C 15 68
YNL312W 1 3
YNL311C 36 333
YNL310C 9 52
YNL309W 28 350
YNL308C 7 61
YNL307C 11 48
YNL306W 5 36
YNL305C 16 92
YNL304W 36 742
YNL303W 20 318
YNL302C 0 0
YNL301C 32 203
YNL300W 4 51
YNL299W 35 1400
YNL298W 27 249
YNL297C 18 135
YNL296W 0 0
YNL295W 18 121
YNL294C 42 630
YNL293W 65 1142
YNL292W 14 49
YNL291C 16 120
YNL290W 10 84
YNL289W 32 582
YNL288W 23 194
YNL287W 11 27
YNL286W 21 249
YNL285W 40 2202
YNL284C 4 11
YNL283C 25 226
YNL282W 7 62
YNL281W 6 84
YNL280C 3 45
YNL279W 53 794
YNL278W 95 2236
YNL277W-A 29 1024
YNL277W 50 632
YNL276C 21 214
YNL275W 31 352
YNL274C 13 221
YNL273W 17 221
YNL272C 6 52
YNL271C 29 206
YNL270C 38 637
YNL269W 49 1687
YNL268W 34 600
YNL267W 17 93
YNL266W 4 25
YNL265C 21 152
YNL264C 31 598
YNL263C 8 50
YNL262W 57 349
YNL261W 1 11
YNL260C 0 0
YNL259C 5 20
YNL258C 6 49
YNL257C 63 330
YNL256W 6 24
YNL255C 7 71
YNL254C 17 103
YNL253W 30 325
YNL252C 10 63
YNL251C 25 355
YNL250W 35 239
YNL249C 32 421
YNL248C 0 0
YNL247W 10 50
YNL246W 26 261
YNL245C 4 13
YNL244C 9 29
YNL243W 38 440
YNL242W 81 1553
YNL241C 71 989
YNL240C 38 244
YNL239W 26 329
YNL238W 20 165
YNL237W 34 580
YNL236W 25 263
YNL235C 21 628
YNL234W 35 494
YNL233W 34 294
YNL232W 7 31
YNL231C 76 2326
YNL230C 61 1045
YNL229C 7 54
YNL228W 23 172
YNL227C 20 157
YNL226W 3 49
YNL225C 11 226
YNL224C 36 496
YNL223W 11 66
YNL222W 4 14
YNL221C 18 153
YNL220W 7 47
YNL219C 21 444
YNL218W 33 748
YNL217W 48 1156
YNL216W 22 91
YNL215W 3 22
YNL214W 15 93
YNL213C 5 63
YNL212W 24 121
YNL211C 12 96
YNL210W 11 121
YNL209W 24 561
YNL208W 20 182
YNL207W 4 13
YNL206C 24 342
YNL205C 14 495
YNL204C 11 171
YNL203C 22 432
YNL202W 49 1070
YNL201C 29 256
YNL200C 18 147
YNL199C 12 52
YNL198C 4 29
YNL197C 4 119
YNL196C 24 366
YNL195C 21 414
YNL194C 26 253
YNL193W 23 341
YNL192W 24 122
YNL191W 41 1071
YNL190W 23 269
YNL189W 6 42
YNL188W 5 17
YNL187W 30 746
YNL186W 5 23
YNL185C 1 1
YNL184C 0 0
YNL183C 30 205
YNL182C 6 35
YNL181W 10 60
YNL180C 3 12
YNL179C 14 165
YNL178W 0 0
YNL177C 0 0
YNL176C 32 415
YNL175C 28 168
YNL174W 5 24
YNL173C 30 574
YNL172W 22 97
YNL171C 4 23
YNL170W 6 57
YNL169C 3 9
YNL168C 11 522
YNL167C 13 66
YNL166C 16 235
YNL165W 25 448
YNL164C 18 304
YNL163C 12 88
YNL162W-A 2 38
YNL162W 0 0
YNL161W 5 50
YNL160W 33 444
YNL159C 6 134
YNL158W 3 23
YNL157W 15 215
YNL156C 23 437
YNL155W 24 847
YNL154C 47 487
YNL153C 12 492
YNL152W 3 5
YNL151C 8 31
YNL150W 8 95
YNL149C 0 0
YNL148C 98 16740
YNL147W 3 63
YNL146C-A 19 498
YNL146W 5 23
YNL145W 2 7
YNL144C 60 682
YNL144W-A 3 9
YNL143C 20 454
YNL142W 48 789
YNL141W 20 348
YNL140C 4 23
YNL139C 27 157
YNL138W-A 4 26
YNL138W 11 55
YNL137C 16 100
YNL136W 17 124
YNL135C 2 3
YNL134C 23 209
YNL133C 7 55
YNL132W 11 39
YNL131W 1 2
YNL130C 28 716
YNL130C-A 11 53
YNL129W 9 32
YNL128W 37 823
YNL127W 23 366
YNL126W 11 36
YNL125C 31 305
YNL124W 8 30
YNL123W 42 728
YNL122C 12 137
YNL121C 11 68
YNL120C 2 3
YNL119W 17 97
YNL118C 18 63
YNL117W 73 928
YNL116W 29 261
YNL115C 39 484
YNL114C 0 0
YNL113W 0 0
YNL112W 22 101
YNL111C 0 0
YNL110C 3 15
YNL109W 7 142
YNL108C 21 674
YNL107W 2 16
YNL106C 72 755
YNL105W 12 130
YNL104C 70 1604
YNL103W-A 5 289
YNL103W 18 220
YNL102W 22 102
YNL101W 45 528
YNL100W 21 293
YNL099C 17 118
YNL098C 3 27
YNL097C-B 7 117
YNL097C 19 313
YNL097W-A 1 2
YNL096C 17 130
YNL095C 17 229
YNL094W 31 400
YNL093W 11 84
YNL092W 43 557
YNL091W 26 192
YNL090W 5 80
YNL089C 5 80
YNL088W 20 76
YNL087W 101 2108
YNL086W 6 45
YNL085W 42 411
YNL084C 6 18
YNL083W 27 209
YNL082W 23 247
YNL081C 1 18
YNL080C 15 74
YNL079C 13 81
YNL078W 39 1072
YNL077W 29 159
YNL076W 12 189
YNL075W 4 25
YNL074C 41 439
YNL073W 13 95
YNL072W 38 838
YNL071W 21 232
YNL070W 3 108
YNL069C 5 24
YNL068C 66 905
YNL067W-A 4 17
YNL067W-B 3 48
YNL067W 8 130
YNL066W 66 1633
YNL065W 41 457
YNL064C 12 55
YNL063W 18 321
YNL062C 9 45
YNL061W 11 91
YNL059C 4 47
YNL058C 8 107
YNL057W 1 1
YNL056W 9 156
YNL055C 23 514
YNL054W 24 284
YNL053W 85 1709
YNL052W 13 64
YNL051W 16 67
YNL050C 13 114
YNL049C 16 157
YNL048W 7 41
YNL047C 33 447
YNL046W 26 454
YNL045W 39 290
YNL044W 12 244
YNL043C 5 130
YNL042W-B 25 399
YNL042W 24 460
YNL041C 28 274
YNL040W 11 45
YNL039W 11 67
YNL038W 9 35
YNL037C 17 85
YNL036W 9 112
YNL035C 27 424
YNL034W 6 46
YNL033W 0 0
YNL032W 10 37
YNL031C 8 113
YNL030W 6 34
YNL029C 39 696
YNL028W 26 1027
YNL027W 27 253
YNL026W 6 25
YNL025C 9 43
YNL024C-A 0 0
YNL024C 37 382
YNL023C 50 570
YNL022C 25 513
YNL021W 25 262
YNL020C 37 304
YNL019C 0 0
YNL018C 6 35
YNL017C 14 1733
YNL016W 12 39
YNL015W 0 0
YNL014W 57 618
YNL013C 0 0
YNL012W 59 1140
YNL011C 7 63
YNL010W 32 637
YNL009W 39 748
YNL008C 49 540
YNL007C 3 34
YNL006W 5 72
YNL005C 10 114
YNL004W 121 3676
YNL003C 20 118
YNL002C 2 53
YNL001W 22 136
YNR001C 108 2730
YNR001W-A 16 547
YNR002C 151 10302
YNR003C 17 136
YNR003W-A 2 2
YNR004W 14 80
YNR005C 3 38
YNR006W 29 230
YNR007C 30 377
YNR008W 62 1007
YNR009W 17 176
YNR010W 5 41
YNR011C 32 161
YNR012W 18 115
YNR013C 75 1763
YNR014W 40 730
YNR015W 73 2584
YNR016C 57 229
YNR017W 11 76
YNR018W 49 1579
YNR019W 58 3063
YNR020C 27 211
YNR021W 28 428
YNR022C 5 52
YNR023W 8 233
YNR024W 3 53
YNR025C 4 100
YNR026C 18 121
YNR027W 21 329
YNR028W 30 362
YNR029C 21 85
YNR030W 18 392
YNR031C 175 6579
YNR032W 45 2526
YNR032C-A 7 50
YNR033W 47 1062
YNR034W 25 618
YNR034W-A 11 190
YNR035C 1 12
YNR036C 5 14
YNR037C 1 3
YNR038W 10 45
YNR039C 37 635
YNR040W 29 203
YNR041C 15 152
YNR042W 1 23
YNR043W 3 16
YNR044W 39 462
YNR045W 15 108
YNR046W 7 88
YNR047W 64 1129
YNR048W 20 169
YNR049C 18 153
YNR050C 21 75
YNR051C 12 73
YNR052C 16 205
YNR053C 8 17
YNR054C 13 116
YNR055C 49 981
YNR056C 41 545
YNR057C 55 2224
YNR058W 41 903
YNR059W 28 184
YNR060W 52 979
YNR061C 7 54
YNR062C 5 63
YNR063W 23 295
YNR064C 27 460
YNR065C 43 400
YNR066C 56 864
YNR067C 41 435
YNR068C 3 58
YNR069C 13 116
YNR070W 62 837
YNR071C 35 859
YNR072W 23 234
YNR073C 10 155
YNR074C 21 120
YNR075W 28 576
YNR075C-A 9 144
YNR076W 0 0
YNR077C 9 585
YOL166W-A 2 121
YOL166C 2 7
YOL165C 1 8
YOL164W-A 0 0
YOL164W 6 46
YOL163W 1 11
YOL162W 0 0
YOL161C 3 13
YOL160W 9 476
YOL159C-A 9 148
YOL159C 30 765
YOL158C 66 1037
YOL157C 46 913
YOL156W 3 10
YOL155W-A 0 0
YOL155C 46 729
YOL154W 10 82
YOL152W 40 853
YOL151W 21 209
YOL150C 0 0
YOL149W 1 2
YOL148C 19 184
YOL147C 15 182
YOL146W 5 17
YOL145C 19 86
YOL144W 6 40
YOL143C 4 18
YOL142W 9 47
YOL141W 67 642
YOL140W 46 761
YOL139C 1 4
YOL138C 50 370
YOL137W 24 385
YOL136C 9 89
YOL135C 8 74
YOL134C 5 30
YOL133W 1 6
YOL132W 26 355
YOL131W 6 66
YOL130W 6 29
YOL129W 16 258
YOL128C 22 261
YOL127W 0 0
YOL126C 55 1323
YOL125W 45 881
YOL124C 16 89
YOL123W 3 44
YOL122C 36 968
YOL121C 0 0
YOL120C 15 102
YOL119C 36 458
YOL118C 31 998
YOL117W 38 331
YOL116W 21 336
YOL115W 31 183
YOL114C 14 110
YOL113W 32 311
YOL112W 44 599
YOL111C 27 466
YOL110W 106 13989
YOL109W 3 43
YOL108C 12 159
YOL107W 28 278
YOL106W 11 66
YOL105C 19 151
YOL104C 14 110
YOL103W 31 689
YOL102C 3 19
YOL101C 3 42
YOL100W 26 265
YOL099C 5 20
YOL098C 59 764
YOL097W-A 10 78
YOL097C 13 82
YOL096C 22 132
YOL095C 19 130
YOL094C 4 24
YOL093W 5 29
YOL092W 13 446
YOL091W 13 103
YOL090W 24 337
YOL089C 41 291
YOL088C 6 107
YOL087C 34 689
YOL086W-A 28 647
YOL086C 11 87
YOL085W-A 28 1568
YOL085C 50 1916
YOL084W 76 1412
YOL083W 28 503
YOL083C-A 3 23
YOL082W 27 324
YOL081W 98 1314
YOL080C 9 33
YOL079W 3 13
YOL078W 25 289
YOL077W-A 9 84
YOL077C 14 73
YOL076W 6 52
YOL075C 53 983
YOL073C 22 213
YOL072W 10 59
YOL071W 7 24
YOL070C 24 155
YOL069W 14 65
YOL068C 41 292
YOL067C 5 88
YOL066C 8 30
YOL065C 20 278
YOL064C 8 78
YOL063C 37 500
YOL062C 14 168
YOL061W 53 685
YOL060C 73 1222
YOL059W 53 1548
YOL058W 56 1198
YOL057W 22 167
YOL056W 18 182
YOL055C 40 480
YOL054W 25 259
YOL053W 49 486
YOL052C-A 3 75
YOL052C 76 1566
YOL051W 15 195
YOL050C 5 134
YOL049W 22 118
YOL048C 13 120
YOL047C 10 236
YOL046C 15 355
YOL045W 41 692
YOL044W 5 36
YOL043C 11 73
YOL042W 22 108
YOL041C 15 160
YOL040C 1 1
YOL039W 1 3
YOL038C-A 1 6
YOL038W 4 24
YOL037C 7 61
YOL036W 32 194
YOL035C 9 77
YOL034W 31 254
YOL033W 10 35
YOL032W 12 95
YOL031C 37 324
YOL030W 26 250
YOL029C 19 150
YOL028C 17 602
YOL027C 15 168
YOL026C 12 68
YOL025W 25 235
YOL024W 7 28
YOL023W 27 153
YOL022C 6 24
YOL021C 26 133
YOL020W 42 576
YOL019W-A 21 450
YOL019W 30 323
YOL018C 15 123
YOL017W 38 536
YOL016C 29 278
YOL015W 22 229
YOL014W 8 624
YOL013W-B 2 17
YOL013W-A 17 234
YOL013C 33 1028
YOL012C 7 38
YOL011W 57 560
YOL010W 10 41
YOL009C 11 41
YOL008W 2 83
YOL007C 42 1347
YOL006C 13 114
YOL005C 3 26
YOL004W 51 430
YOL003C 59 952
YOL002C 62 6100
YOL001W 17 449
YOR001W 41 554
YOR002W 62 1174
YOR003W 96 1421
YOR004W 9 71
YOR005C 81 1407
YOR006C 12 96
YOR007C 15 126
YOR008C 0 0
YOR008C-A 6 50
YOR008W-B 7 135
YOR009W 15 134
YOR010C 5 34
YOR011W 69 808
YOR011W-A 8 164
YOR012W 7 40
YOR013W 14 84
YOR014W 21 244
YOR015W 5 26
YOR016C 17 323
YOR017W 29 286
YOR018W 44 337
YOR019W 45 656
YOR020C 0 0
YOR020W-A 2 45
YOR021C 7 19
YOR022C 46 557
YOR023C 39 571
YOR024W 50 975
YOR025W 21 153
YOR026W 18 215
YOR027W 37 400
YOR028C 35 790
YOR029W 52 6339
YOR030W 54 909
YOR031W 26 219
YOR032C 35 381
YOR032W-A 20 492
YOR033C 27 207
YOR034C 43 441
YOR034C-A 24 328
YOR035C 17 110
YOR036W 5 7
YOR037W 41 435
YOR038C 39 623
YOR039W 7 22
YOR040W 45 690
YOR041C 17 90
YOR042W 45 494
YOR043W 28 537
YOR044W 11 72
YOR045W 5 98
YOR046C 15 65
YOR047C 8 64
YOR048C 6 24
YOR049C 35 266
YOR050C 28 484
YOR051C 13 168
YOR052C 5 24
YOR053W 4 44
YOR054C 42 614
YOR055W 18 574
YOR056C 10 26
YOR057W 7 19
YOR058C 25 279
YOR059C 24 442
YOR060C 26 154
YOR061W 17 130
YOR062C 28 1170
YOR063W 5 33
YOR064C 19 192
YOR065W 16 123
YOR066W 44 495
YOR067C 31 215
YOR069W 14 65
YOR068C 3 14
YOR070C 22 120
YOR071C 24 149
YOR072W 30 724
YOR072W-A 30 389
YOR072W-B 4 19
YOR073W 11 74
YOR074C 9 25
YOR073W-A 1 3
YOR075W 3 17
YOR076C 25 99
YOR077W 6 98
YOR078W 5 25
YOR079C 23 261
YOR080W 28 153
YOR081C 45 447
YOR082C 14 52
YOR083W 59 1137
YOR084W 70 1040
YOR085W 24 893
YOR086C 57 405
YOR087W 36 304
YOR089C 3 26
YOR090C 45 417
YOR091W 56 1775
YOR092W 29 363
YOR093C 55 450
YOR094W 3 64
YOR095C 6 12
YOR096W 11 50
YOR097C 17 218
YOR098C 10 59
YOR099W 66 990
YOR100C 23 580
YOR101W 20 246
YOR102W 2 4
YOR103C 0 0
YOR104W 15 133
YOR105W 7 36
YOR106W 3 5
YOR107W 46 1160
YOR108W 47 598
YOR108C-A 4 121
YOR109W 34 269
YOR110W 5 34
YOR111W 5 28
YOR112W 13 78
YOR113W 16 97
YOR114W 18 286
YOR115C 9 52
YOR116C 20 115
YOR117W 9 28
YOR118W 37 347
YOR119C 10 45
YOR120W 31 299
YOR121C 8 54
YOR122C 5 49
YOR123C 14 83
YOR124C 44 233
YOR125C 8 41
YOR126C 19 348
YOR127W 18 97
YOR128C 3 8
YOR129C 16 101
YOR130C 12 221
YOR131C 18 258
YOR132W 18 447
YOR133W 7 91
YOR134W 61 1689
YOR135C 0 0
YOR136W 4 21
YOR137C 37 420
YOR138C 80 1002
YOR139C 8 168
YOR140W 22 564
YOR141C 28 210
YOR142W 31 330
YOR143C 7 36
YOR144C 31 265
YOR145C 6 63
YOR146W 3 24
YOR147W 11 54
YOR148C 3 31
YOR149C 3 27
YOR150W 0 0
YOR151C 15 77
YOR152C 0 0
YOR153W 93 1389
YOR154W 12 70
YOR155C 17 208
YOR156C 18 146
YOR157C 10 26
YOR158W 3 5
YOR159C 4 21
YOR160W 9 27
YOR161C 38 738
YOR161W-A 0 0
YOR161W-B 2 259
YOR161C-C 23 240
YOR162C 66 598
YOR163W 13 165
YOR164C 18 64
YOR165W 47 637
YOR166C 14 186
YOR167C 2 32
YOR168W 21 99
YOR169C 7 144
YOR170W 5 93
YOR171C 22 242
YOR172W 29 256
YOR173W 32 742
YOR174W 14 91
YOR175C 31 196
YOR176W 11 22
YOR177C 22 167
YOR178C 33 173
YOR179C 36 411
YOR180C 2 4
YOR181W 9 78
YOR182C 4 26
YOR183W 23 319
YOR184W 6 51
YOR185C 6 207
YOR186W 38 728
YOR186C-A 27 625
YOR187W 8 49
YOR188W 40 205
YOR189W 7 23
YOR190W 17 56
YOR191W 44 258
YOR192C 18 157
YOR192C-C 1 1
YOR193W 15 200
YOR194C 2 9
YOR195W 22 157
YOR196C 18 120
YOR197W 34 283
YOR198C 11 84
YOR199W 26 748
YOR200W 12 89
YOR201C 9 25
YOR202W 23 194
YOR203W 26 1112
YOR204W 9 44
YOR205C 33 188
YOR206W 9 88
YOR207C 27 140
YOR208W 5 29
YOR209C 17 84
YOR210W 1 1
YOR211C 32 171
YOR212W 39 530
YOR213C 17 165
YOR214C 10 189
YOR215C 7 94
YOR216C 39 487
YOR217W 17 90
YOR218C 1 6
YOR219C 57 615
YOR220W 12 90
YOR221C 16 52
YOR222W 76 3453
YOR223W 21 148
YOR224C 7 52
YOR225W 7 80
YOR226C 15 242
YOR227W 64 507
YOR228C 18 218
YOR229W 67 1126
YOR230W 34 385
YOR231W 40 563
YOR231C-A 5 91
YOR232W 5 37
YOR233W 45 488
YOR234C 4 15
YOR235W 4 5
YOR236W 11 31
YOR237W 14 97
YOR238W 20 114
YOR239W 31 153
YOR241W 7 31
YOR242C 31 200
YOR243C 5 27
YOR244W 5 17
YOR245C 14 107
YOR246C 14 66
YOR247W 10 115
YOR248W 8 111
YOR249C 7 16
YOR250C 14 80
YOR251C 21 647
YOR252W 9 52
YOR253W 12 117
YOR254C 20 69
YOR255W 15 303
YOR256C 25 237
YOR257W 0 0
YOR258W 3 103
YOR259C 13 89
YOR260W 21 116
YOR261C 2 33
YOR262W 17 95
YOR263C 4 24
YOR264W 20 192
YOR265W 5 45
YOR266W 17 379
YOR267C 46 767
YOR268C 75 1858
YOR269W 24 200
YOR270C 29 186
YOR271C 26 304
YOR272W 3 4
YOR273C 49 444
YOR274W 36 447
YOR275C 42 1030
YOR276W 21 220
YOR277C 15 147
YOR278W 3 10
YOR279C 19 102
YOR280C 23 152
YOR281C 4 7
YOR282W 9 203
YOR283W 18 286
YOR284W 8 60
YOR285W 13 311
YOR286W 10 21
YOR287C 4 12
YOR288C 12 682
YOR289W 41 934
YOR290C 9 65
YOR291W 47 687
YOR292C 18 186
YOR293W 0 0
YOR293C-A 7 47
YOR294W 5 20
YOR295W 13 136
YOR296W 52 363
YOR297C 9 69
YOR298W 46 874
YOR298C-A 23 198
YOR299W 51 893
YOR300W 19 647
YOR301W 95 5544
YOR302W 10 324
YOR303W 62 818
YOR304W 47 561
YOR304C-A 4 21
YOR305W 7 77
YOR306C 32 353
YOR307C 29 810
YOR308C 16 170
YOR309C 0 0
YOR310C 11 41
YOR311C 17 129
YOR312C 2 4
YOR313C 9 99
YOR314W 7 70
YOR314W-A 6 117
YOR315W 18 217
YOR316C 69 863
YOR316C-A 54 3908
YOR317W 69 965
YOR318C 65 3421
YOR319W 1 1
YOR320C 21 117
YOR321W 48 381
YOR322C 49 459
YOR323C 5 32
YOR324C 35 254
YOR325W 18 193
YOR326W 25 101
YOR327C 3 10
YOR328W 100 1716
YOR329C 14 141
YOR329W-A 1 12
YOR330C 13 49
YOR331C 1 1
YOR332W 1 1
YOR333C 6 27
YOR334W 13 89
YOR335C 16 79
YOR335W-A 0 0
YOR336W 36 288
YOR337W 58 820
YOR338W 46 369
YOR339C 3 15
YOR340C 3 10
YOR341W 13 80
YOR342C 23 230
YOR343C 60 2235
YOR344C 19 119
YOR345C 7 50
YOR346W 55 428
YOR347C 23 325
YOR348C 429 41366
YOR349W 128 1493
YOR350C 72 1534
YOR351C 25 148
YOR352W 18 131
YOR353C 18 128
YOR354C 42 512
YOR355W 18 151
YOR356W 41 668
YOR357C 18 1052
YOR358W 19 93
YOR359W 12 62
YOR360C 53 2495
YOR361C 18 172
YOR362C 6 103
YOR363C 63 1634
YOR364W 39 880
YOR365C 51 773
YOR366W 1 7
YOR367W 6 63
YOR368W 39 708
YOR369C 6 32
YOR370C 16 108
YOR371C 126 8286
YOR372C 12 81
YOR373W 12 64
YOR374W 51 701
YOR375C 40 406
YOR376W 33 918
YOR376W-A 0 0
YOR377W 37 580
YOR378W 38 773
YOR379C 26 604
YOR380W 44 358
YOR381W 35 297
YOR381W-A 2 17
YOR382W 2 7
YOR383C 3 15
YOR384W 38 330
YOR385W 23 178
YOR386W 11 138
YOR387C 9 91
YOR388C 4 39
YOR389W 13 1869
YOR390W 2 61
YOR391C 11 202
YOR392W 0 0
YOR393W 0 0
YOR394W 0 0
YOR394C-A 0 0
YOR396W 0 0
YOR396C-A 0 0
YPL283C 0 0
YPL283W-B 0 0
YPL283W-A 0 0
YPL282C 0 0
YPL281C 0 0
YPL280W 0 0
YPL279C 0 0
YPL278C 0 0
YPL277C 6 53
YPL274W 59 837
YPL273W 9 242
YPL272C 5 74
YPL271W 3 15
YPL270W 47 444
YPL269W 34 502
YPL268W 13 108
YPL267W 7 47
YPL266W 8 41
YPL265W 93 1450
YPL264C 29 281
YPL263C 46 418
YPL262W 24 157
YPL261C 15 470
YPL260W 17 232
YPL259C 25 139
YPL258C 51 841
YPL257W 16 86
YPL256C 30 337
YPL255W 15 120
YPL254W 4 18
YPL253C 34 524
YPL252C 4 18
YPL251W 0 0
YPL250C 36 1082
YPL249C-A 2 4
YPL250W-A 2 4
YPL249C 41 499
YPL248C 13 89
YPL247C 68 1369
YPL246C 20 84
YPL245W 31 543
YPL244C 46 415
YPL243W 4 11
YPL242C 29 211
YPL241C 10 137
YPL240C 45 744
YPL239W 4 70
YPL238C 0 0
YPL237W 3 17
YPL236C 23 147
YPL235W 9 40
YPL234C 0 0
YPL233W 5 98
YPL232W 22 226
YPL231W 26 234
YPL230W 27 415
YPL229W 18 353
YPL228W 8 33
YPL227C 26 199
YPL226W 14 43
YPL225W 0 0
YPL224C 52 1005
YPL223C 30 458
YPL222W 58 575
YPL222C-A 1 3
YPL221W 85 1434
YPL220W 3 34
YPL219W 32 405
YPL218W 0 0
YPL217C 20 71
YPL216W 46 378
YPL215W 6 13
YPL214C 36 949
YPL213W 8 34
YPL212C 31 304
YPL211W 2 11
YPL210C 14 88
YPL209C 3 8
YPL208W 34 520
YPL207W 53 668
YPL206C 25 218
YPL205C 8 87
YPL204W 20 86
YPL203W 43 832
YPL202C 13 165
YPL201C 30 164
YPL200W 7 178
YPL199C 12 200
YPL198W 36 378
YPL197C 6 104
YPL196W 16 193
YPL195W 23 102
YPL194W 15 189
YPL193W 4 73
YPL192C 0 0
YPL191C 16 100
YPL190C 9 43
YPL189C-A 2 16
YPL189W 36 338
YPL188W 7 135
YPL187W 3 23
YPL186C 55 985
YPL185W 78 6229
YPL184C 35 316
YPL183W-A 9 39
YPL183C 27 141
YPL182C 9 125
YPL181W 16 159
YPL180W 24 243
YPL179W 33 438
YPL178W 2 13
YPL177C 27 594
YPL176C 52 504
YPL175W 18 118
YPL174C 6 29
YPL173W 0 0
YPL172C 6 64
YPL171C 52 1071
YPL170W 26 269
YPL169C 5 45
YPL168W 20 138
YPL167C 44 2129
YPL166W 9 21
YPL165C 6 120
YPL164C 40 488
YPL163C 8 69
YPL162C 24 694
YPL161C 15 56
YPL160W 9 24
YPL159C 7 134
YPL158C 27 151
YPL157W 10 228
YPL156C 28 783
YPL155C 73 1956
YPL154C 27 431
YPL153C 31 298
YPL152W-A 0 0
YPL152W 4 55
YPL151C 18 95
YPL150W 17 143
YPL149W 9 56
YPL148C 2 4
YPL147W 28 254
YPL146C 6 18
YPL145C 7 137
YPL144W 17 150
YPL143W 9 22
YPL142C 3 7
YPL141C 48 424
YPL140C 24 262
YPL139C 15 234
YPL138C 20 147
YPL137C 86 1331
YPL136W 3 40
YPL135W 20 206
YPL135C-A 7 51
YPL134C 37 261
YPL133C 74 3345
YPL132W 12 79
YPL131W 4 27
YPL130W 3 24
YPL129W 0 0
YPL128C 12 101
YPL127C 15 67
YPL126W 7 34
YPL125W 29 103
YPL124W 12 51
YPL123C 16 113
YPL122C 7 39
YPL121C 3 36
YPL120W 12 63
YPL119C-A 1 23
YPL119C 53 1579
YPL118W 4 14
YPL117C 7 29
YPL116W 31 402
YPL115C 32 594
YPL114W 6 22
YPL113C 23 363
YPL112C 10 143
YPL111W 102 6383
YPL110C 68 6692
YPL109C 55 366
YPL108W 24 308
YPL107W 21 438
YPL106C 10 76
YPL105C 49 331
YPL104W 12 40
YPL103C 25 354
YPL102C 7 71
YPL101W 13 127
YPL100W 13 118
YPL099C 4 39
YPL098C 2 3
YPL097W 15 85
YPL096C-A 1 4
YPL096W 25 193
YPL095C 39 1401
YPL094C 15 104
YPL093W 6 38
YPL092W 49 1131
YPL091W 31 349
YPL090C 0 0
YPL089C 37 512
YPL088W 41 537
YPL087W 10 102
YPL086C 13 56
YPL085W 23 143
YPL084W 31 198
YPL083C 8 67
YPL082C 33 183
YPL081W 37 469
YPL080C 17 246
YPL079W 2 26
YPL078C 0 0
YPL077C 10 39
YPL076W 13 107
YPL075W 16 72
YPL074W 27 333
YPL073C 5 37
YPL072W 24 200
YPL071C 13 185
YPL070W 19 309
YPL069C 14 136
YPL068C 13 94
YPL067C 68 6592
YPL066W 31 541
YPL065W 17 118
YPL064C 17 215
YPL063W 9 151
YPL062W 61 1588
YPL061W 45 436
YPL060W 17 86
YPL059W 3 57
YPL058C 61 1026
YPL057C 40 1218
YPL056C 47 1927
YPL055C 29 183
YPL054W 29 644
YPL053C 29 293
YPL052W 11 167
YPL051W 10 58
YPL050C 3 9
YPL049C 46 704
YPL048W 33 308
YPL047W 11 58
YPL046C 6 91
YPL045W 14 101
YPL044C 5 19
YPL043W 16 69
YPL042C 15 256
YPL041C 19 277
YPL040C 16 42
YPL039W 22 208
YPL038W-A 4 9
YPL038W 17 479
YPL037C 1 2
YPL036W 45 612
YPL035C 5 40
YPL034W 12 131
YPL033C 10 413
YPL032C 30 324
YPL031C 8 45
YPL030W 36 337
YPL029W 21 131
YPL028W 2 41
YPL027W 8 139
YPL026C 25 306
YPL025C 26 436
YPL024W 6 27
YPL023C 7 88
YPL022W 23 169
YPL021W 11 131
YPL020C 15 69
YPL019C 40 317
YPL018W 16 119
YPL017C 52 889
YPL016W 25 107
YPL015C 57 926
YPL014W 45 656
YPL013C 5 35
YPL012W 21 79
YPL011C 20 177
YPL010W 6 24
YPL009C 30 183
YPL008W 23 212
YPL007C 1 3
YPL006W 66 1207
YPL005W 3 28
YPL004C 39 526
YPL003W 72 1410
YPL002C 44 526
YPL001W 71 928
YPR001W 146 4709
YPR002W 102 2265
YPR002C-A 4 17
YPR003C 44 574
YPR004C 11 100
YPR005C 18 274
YPR006C 56 661
YPR007C 43 433
YPR008W 67 676
YPR009W 6 60
YPR010C 12 64
YPR010C-A 15 165
YPR011C 67 1016
YPR012W 6 160
YPR013C 24 180
YPR014C 19 183
YPR015C 38 539
YPR016C 2 10
YPR016W-A 5 43
YPR017C 11 74
YPR018W 14 176
YPR019W 30 138
YPR020W 4 15
YPR021C 22 210
YPR022C 56 1277
YPR023C 27 182
YPR024W 19 184
YPR025C 5 58
YPR026W 78 7973
YPR027C 8 96
YPR028W 5 50
YPR029C 21 234
YPR030W 55 822
YPR031W 28 1263
YPR032W 8 60
YPR033C 10 58
YPR034W 4 9
YPR035W 5 31
YPR036W 35 375
YPR036W-A 9 115
YPR037C 34 786
YPR038W 22 313
YPR039W 39 936
YPR040W 41 1038
YPR041W 8 72
YPR042C 30 304
YPR043W 0 0
YPR044C 0 0
YPR045C 12 305
YPR046W 5 77
YPR047W 13 57
YPR048W 10 74
YPR049C 57 658
YPR050C 18 268
YPR051W 28 467
YPR052C 6 80
YPR053C 20 737
YPR054W 44 889
YPR055W 15 51
YPR056W 4 28
YPR057W 7 34
YPR058W 21 276
YPR059C 8 110
YPR060C 2 23
YPR061C 26 226
YPR062W 29 258
YPR063C 17 436
YPR064W 27 476
YPR065W 11 47
YPR066W 32 470
YPR067W 12 89
YPR068C 40 607
YPR069C 10 76
YPR070W 11 256
YPR071W 12 55
YPR072W 13 96
YPR073C 23 607
YPR074C 15 75
YPR074W-A 13 199
YPR075C 16 375
YPR076W 2 6
YPR077C 14 309
YPR078C 21 358
YPR079W 30 398
YPR080W 1 4
YPR081C 46 537
YPR082C 9 28
YPR083W 43 493
YPR084W 10 72
YPR085C 2 17
YPR086W 11 41
YPR087W 5 19
YPR088C 6 34
YPR089W 28 304
YPR091C 22 126
YPR092W 18 775
YPR093C 31 703
YPR094W 9 31
YPR095C 49 767
YPR096C 19 587
YPR097W 67 955
YPR098C 19 106
YPR099C 4 14
YPR100W 5 28
YPR101W 5 91
YPR102C 0 0
YPR103W 8 24
YPR104C 8 24
YPR105C 14 73
YPR106W 21 165
YPR107C 12 188
YPR108W 9 34
YPR108W-A 21 603
YPR109W 36 531
YPR110C 6 19
YPR111W 32 298
YPR112C 10 38
YPR113W 5 36
YPR114W 27 251
YPR115W 48 260
YPR116W 11 159
YPR117W 126 1162
YPR118W 17 207
YPR119W 24 177
YPR120C 33 395
YPR121W 27 538
YPR122W 100 2388
YPR123C 16 127
YPR124W 53 734
YPR125W 15 157
YPR126C 3 16
YPR127W 26 652
YPR128C 10 228
YPR129W 5 15
YPR130C 2 55
YPR131C 4 48
YPR132W 1 5
YPR133C 8 55
YPR133W-A 1 7
YPR134W 17 388
YPR135W 19 69
YPR136C 3 5
YPR137W 4 17
YPR138C 45 524
YPR139C 4 11
YPR140W 22 173
YPR141C 21 77
YPR142C 5 18
YPR143W 1 1
YPR144C 6 16
YPR145W 86 1416
YPR145C-A 14 213
YPR146C 14 303
YPR147C 24 882
YPR148C 26 837
YPR149W 31 621
YPR150W 60 974
YPR151C 65 908
YPR152C 67 1575
YPR153W 30 229
YPR154W 3 6
YPR155C 33 329
YPR156C 25 236
YPR157W 38 306
YPR158W 16 260
YPR159W 17 101
YPR159C-A 5 53
YPR160W 93 2463
YPR160W-A 1 3
YPR160C-A 13 163
YPR161C 17 136
YPR162C 11 41
YPR163C 5 49
YPR164W 37 358
YPR165W 1 16
YPR166C 6 24
YPR167C 21 185
YPR168W 12 770
YPR169W 22 192
YPR170C 32 576
YPR169W-A 8 35
YPR170W-B 17 358
YPR170W-A 12 333
YPR171W 15 141
YPR172W 9 70
YPR173C 6 66
YPR174C 11 92
YPR175W 6 51
YPR176C 4 36
YPR177C 7 17
YPR178W 22 150
YPR179C 38 230
YPR180W 3 15
YPR181C 24 145
YPR182W 0 0
YPR183W 0 0
YPR184W 114 1328
YPR185W 52 425
YPR186C 10 45
YPR187W 0 0
YPR188C 4 48
YPR189W 36 248
YPR190C 20 89
YPR191W 8 52
YPR192W 82 1520
YPR193C 30 517
YPR194C 38 407
YPR195C 48 1874
YPR196W 49 930
YPR197C 7 116
YPR198W 27 224
YPR199C 28 785
YPR200C 5 46
YPR201W 43 879
YPR202W 0 0
YPR203W 0 0
YPR204W 0 0
YPR204C-A 0 0