YAL069W 18 13684
YAL068W-A 13 7892
YAL068C 4 39
YAL067W-A 4 284
YAL067C 20 394
YAL066W 5 35
YAL065C 6 69
YAL064W-B 1 8
YAL064C-A 3 39
YAL064W 1 14
YAL063C-A 1 3
YAL063C 13 368
YAL062W 71 2748
YAL061W 50 11589
YAL060W 31 1367
YAL059C-A 5 43
YAL059W 9 186
YAL058W 36 1727
YAL056C-A 13 455
YAL056W 52 2757
YAL055W 8 888
YAL054C 59 3035
YAL053W 46 2525
YAL051W 55 1253
YAL049C 15 250
YAL048C 35 1181
YAL047W-A 3 22
YAL047C 17 1263
YAL046C 6 135
YAL045C 5 64
YAL044W-A 7 519
YAL044C 21 210
YAL043C 23 1980
YAL042C-A 14 494
YAL042W 37 1039
YAL041W 31 619
YAL040C 16 1282
YAL039C 67 3227
YAL038W 33 1037
YAL037C-B 20 624
YAL037C-A 6 450
YAL037W 14 433
YAL036C 22 772
YAL035W 28 692
YAL034C-B 11 103
YAL034W-A 12 410
YAL034C 23 718
YAL033W 5 121
YAL032C 19 861
YAL031W-A 6 188
YAL031C 24 933
YAL030W 6 176
YAL029C 32 1310
YAL028W 15 1460
YAL027W 16 280
YAL026C-A 3 86
YAL026C 25 763
YAL025C 2 26
YAL024C 26 590
YAL023C 42 1191
YAL022C 22 579
YAL021C 38 871
YAL020C 29 1507
YAL019W-A 16 540
YAL019W 26 640
YAL018C 9 435
YAL017W 47 3369
YAL016C-B 3 20
YAL016C-A 10 1353
YAL016W 15 285
YAL015C 23 582
YAL014C 5 222
YAL013W 10 130
YAL012W 23 799
YAL011W 14 304
YAL010C 17 210
YAL009W 2 9
YAL008W 10 128
YAL007C 13 43808
YAL005C 34 1061
YAL004W 10 186
YAL003W 7 368
YAL002W 57 25665
YAL001C 108 4703
YAR002W 46 1526
YAR002C-A 20 2502
YAR003W 49 308703
YAR007C 14 427
YAR008W 11 450
YAR014C 20 801
YAR015W 14 596
YAR018C 15 671
YAR019C 28 2217
YAR019W-A 7 149
YAR020C 0 0
YAR023C 16 722
YAR027W 13 2488
YAR028W 19 682
YAR029W 1 22
YAR030C 6 109
YAR031W 14 420
YAR033W 6 195
YAR035W 127 4945
YAR035C-A 0 0
YAR042W 46 1705
YAR047C 0 0
YAR050W 14 204
YAR053W 0 0
YAR060C 0 0
YAR064W 0 0
YAR066W 0 0
YAR068W 1 8
YAR069C 0 0
YAR070C 0 0
YAR071W 0 0
YAR073W 6 30
YAR075W 2 5
YBL113C 2 13
YBL113W-A 1 8
YBL112C 0 0
YBL111C 0 0
YBL109W 14 3887
YBL108C-A 0 0
YBL108W 13 3230
YBL107W-A 0 0
YBL107C 13 349
YBL106C 32 988
YBL105C 29 1249
YBL104C 55 1582
YBL103C 16 285
YBL102W 6 45
YBL101C 58 1495
YBL100W-C 7 636
YBL100C 3 31
YBL099W 23 417
YBL098W 23 9362
YBL097W 30 446
YBL096C 7 180
YBL095W 12 202
YBL094C 4 15
YBL093C 16 37154
YBL092W 2 54
YBL091C-A 16 327
YBL091C 26 588
YBL090W 9 187
YBL089W 15 225
YBL088C 95 2616
YBL087C 12 187
YBL086C 4 29
YBL085W 24 365
YBL084C 28 798
YBL083C 4 48
YBL082C 25 647
YBL081W 15 332
YBL080C 21 453
YBL079W 39 1411
YBL078C 0 0
YBL077W 14 1105
YBL076C 33 1312
YBL075C 30 693
YBL074C 21 378
YBL073W 19 306
YBL072C 5 87
YBL071C-B 2 7
YBL071W-A 7 56
YBL071C 4 35
YBL070C 8 8198
YBL069W 28 699
YBL068W-A 3 15
YBL068W 21 851
YBL067C 17 769
YBL066C 51 2314
YBL065W 8 288
YBL064C 16 885
YBL063W 42 4625
YBL062W 3 27
YBL061C 24 680
YBL060W 30 1572
YBL059C-A 2 6
YBL059W 5 150
YBL058W 21 444
YBL057C 16 409
YBL056W 14 221
YBL055C 24 458
YBL054W 25 614
YBL053W 1 76
YBL052C 18 293
YBL051C 19 1209
YBL050W 11 375
YBL049W 8 148
YBL048W 5 77
YBL047C 44 1165
YBL046W 16 312
YBL045C 17 526
YBL044W 37 16596
YBL043W 10 217
YBL042C 29 632
YBL041W 9 322
YBL040C 8 89
YBL039W-B 2 6
YBL039C 15 341
YBL039C-A 0 0
YBL038W 10 149
YBL037W 37 1774
YBL036C 18 219
YBL035C 25 234
YBL034C 31 496
YBL033C 22 631
YBL032W 15 229
YBL031W 36 570
YBL030C 21 659
YBL029C-A 4 461
YBL029W 20 659
YBL028C 3 346
YBL027W 4 40
YBL026W 2 29
YBL025W 5 21
YBL024W 19 1376
YBL023C 30 531
YBL022C 22 544
YBL021C 13 971
YBL020W 19 342
YBL019W 19 346
YBL018C 11 215
YBL017C 65 1702
YBL016W 30 654
YBL015W 60 2674
YBL014C 23 624
YBL013W 57 1976
YBL012C 10 212
YBL011W 32 1106
YBL010C 11 140
YBL009W 18 395
YBL008W-A 2 31
YBL008W 20 379
YBL007C 40 526
YBL006C 10 1049
YBL006W-A 8 1005
YBL005W 23 248
YBL004W 34 667
YBL003C 7 9877
YBL002W 24 604
YBL001C 18 3899
YBR001C 93 5770
YBR002C 26 529
YBR003W 27 780
YBR004C 23 338
YBR005W 19 2118
YBR006W 45 2986
YBR007C 37 2123
YBR008C 46 1305
YBR009C 3 18
YBR010W 9 293
YBR011C 11 95
YBR012C 0 0
YBR013C 2 26
YBR014C 7 170
YBR015C 17 177
YBR016W 8 788
YBR017C 26 479
YBR018C 20 666
YBR019C 60 1073
YBR020W 47 988
YBR021W 21 392
YBR022W 11 118
YBR023C 40 4080
YBR024W 9 227
YBR025C 18 392
YBR026C 14 390
YBR027C 11 235
YBR028C 10 79
YBR029C 23 230
YBR030W 10 286
YBR031W 4 110
YBR032W 36 29623
YBR033W 52 2230
YBR034C 29 975
YBR035C 18 509
YBR036C 13 408
YBR037C 10 86
YBR038W 47 1209
YBR039W 11 208
YBR040W 3 12
YBR041W 10 162
YBR042C 13 428
YBR043C 27 818
YBR044C 13 1216
YBR045C 18 415
YBR046C 7 74
YBR047W 12 673
YBR048W 8 197
YBR049C 32 971
YBR050C 22 848
YBR051W 9 334
YBR052C 8 246
YBR053C 17 885
YBR054W 30 877
YBR055C 27 851
YBR056W 14 397
YBR056W-A 6 169
YBR056C-B 3 10
YBR057C 14 299
YBR058C 27 714
YBR058C-A 2 6
YBR059C 32 747
YBR060C 20 399
YBR061C 17 554
YBR062C 10 573
YBR063C 8 158
YBR064W 2 91
YBR065C 9 159
YBR066C 16 380
YBR067C 2 52
YBR068C 27 1336
YBR069C 33 795
YBR070C 21 529
YBR071W 8 161
YBR072W 14 845
YBR072C-A 15 2054
YBR073W 23 452
YBR074W 42 975
YBR076W 23 933
YBR076C-A 13 344
YBR077C 9 280
YBR078W 36 1327
YBR079C 26 858
YBR080C 19 257
YBR081C 35 796
YBR082C 15 186
YBR083W 30 724
YBR084W 34 1985
YBR084C-A 9 153
YBR085W 5 127
YBR085C-A 5 100
YBR086C 30 808
YBR087W 7 368
YBR088C 11 167
YBR089W 10 132
YBR089C-A 20 3222
YBR090C 24 3362
YBR091C 3 188
YBR092C 8 245
YBR093C 21 377
YBR094W 37 1616
YBR095C 14 281
YBR096W 8 59
YBR097W 28 926
YBR098W 30 442
YBR099C 3 12
YBR101C 4 55
YBR102C 36 540
YBR103W 14 237
YBR103C-A 15 1015
YBR104W 12 392
YBR105C 13 300
YBR106W 13 273
YBR107C 7 181
YBR108W 33 579
YBR109C 1 1
YBR109W-A 5 156
YBR110W 8 34
YBR111C 19 1588
YBR111W-A 3 52
YBR112C 26 409
YBR113W 7 89
YBR114W 39 1947
YBR115C 53 1517
YBR116C 21 1987
YBR117C 54 2341
YBR118W 2 54
YBR119W 12 177
YBR120C 1 13
YBR121C 3 26
YBR121C-A 0 0
YBR122C 2 36
YBR123C 9 125
YBR124W 13 215
YBR125C 7 101
YBR126C 37 971
YBR126W-A 7 462
YBR126W-B 4 251
YBR127C 24 792
YBR128C 14 377
YBR129C 3 69
YBR130C 5 48
YBR131W 15 264
YBR131C-A 0 0
YBR132C 41 5309
YBR133C 51 901
YBR134W 22 5721
YBR135W 4 96
YBR136W 48 675
YBR137W 8 80
YBR138C 17 328
YBR139W 27 715
YBR140C 97 6823
YBR141C 16 582
YBR141W-A 0 0
YBR142W 39 1031
YBR143C 10 123
YBR144C 15 368
YBR145W 17 256
YBR146W 14 344
YBR147W 9 193
YBR148W 24 289
YBR149W 17 708
YBR150C 28 370
YBR151W 20 547
YBR152W 10 184
YBR153W 11 714
YBR154C 2 4
YBR155W 4 135
YBR156C 18 589
YBR157C 16 724
YBR158W 22 258
YBR159W 16 255
YBR160W 13 300
YBR161W 4 6
YBR162C 20 722
YBR162W-A 2 18
YBR163W 19 313
YBR164C 7 183
YBR165W 6 188
YBR166C 24 652
YBR167C 9 115
YBR168W 8 183
YBR169C 40 4118
YBR170C 26 868
YBR171W 4 58
YBR172C 29 1417
YBR173C 3 41
YBR174C 9 405
YBR175W 13 1259
YBR176W 10 5383
YBR177C 35 1432
YBR178W 19 408
YBR179C 24 481
YBR180W 17 276
YBR181C 9 264
YBR182C 20 701
YBR182C-A 3 160
YBR183W 23 497
YBR184W 13 9433
YBR185C 6 45
YBR186W 41 1198
YBR187W 9 75
YBR188C 4 38
YBR189W 5 10
YBR190W 0 0
YBR191W 2 16
YBR191W-A 0 0
YBR192W 5 24
YBR193C 7 44
YBR194W 6 235
YBR195C 9 152
YBR196C 23 379
YBR196C-A 7 755
YBR196C-B 3 941
YBR197C 23 927
YBR198C 11 118
YBR199W 25 722
YBR200W 5 28
YBR200W-A 0 0
YBR201W 5 39
YBR201C-A 8 163
YBR202W 31 905
YBR203W 38 766
YBR204C 17 290
YBR205W 21 1495
YBR206W 7 159
YBR207W 17 245
YBR208C 68 1563
YBR209W 16 638
YBR210W 2 32
YBR211C 10 328
YBR212W 27 662
YBR213W 27 502
YBR214W 40 3011
YBR215W 15 451
YBR216C 16 232
YBR217W 4 14
YBR218C 56 1382
YBR219C 24 303
YBR220C 25 626
YBR221C 20 1307
YBR221W-A 6 75
YBR222C 30 468
YBR223C 17 408
YBR223W-A 7 156
YBR224W 10 102
YBR225W 16 160
YBR226C 2 35
YBR227C 8 125
YBR228W 10 86
YBR229C 42 1043
YBR230C 6 136
YBR230W-A 11 217
YBR231C 13 128
YBR232C 3 77
YBR233W 13 132
YBR233W-A 4 93
YBR234C 13 439
YBR235W 69 2089
YBR236C 11 108
YBR237W 17 295
YBR238C 20 878
YBR239C 52 1862
YBR240C 26 512
YBR241C 60 11994
YBR242W 16 584
YBR243C 8 181
YBR244W 3 68
YBR245C 34 1329
YBR246W 19 519
YBR247C 7 93
YBR248C 38 5816
YBR249C 17 177
YBR250W 20 463
YBR251W 16 453
YBR252W 4 248
YBR253W 5 54
YBR254C 2 118
YBR255W 30 1244
YBR255C-A 5 563
YBR256C 9 226
YBR257W 11 89
YBR258C 8 153
YBR259W 28 505
YBR260C 33 686
YBR261C 17 340
YBR262C 8 98
YBR263W 22 273
YBR264C 9 260
YBR265W 5 190
YBR267W 16 306
YBR266C 3 20
YBR268W 8 140
YBR269C 6 115
YBR270C 11 163
YBR271W 15 363
YBR272C 13 570
YBR273C 7 203
YBR274W 13 433
YBR275C 53 1888
YBR276C 26 602
YBR277C 8 446
YBR278W 15 684
YBR279W 18 722
YBR280C 36 1989
YBR281C 21 1424
YBR282W 6 25
YBR283C 15 524
YBR284W 37 863
YBR285W 1 1
YBR286W 36 1065
YBR287W 16 231
YBR288C 25 508
YBR289W 23 641
YBR290W 6 22
YBR291C 31 1505
YBR292C 7 363
YBR293W 20 870
YBR294W 27 1362
YBR295W 40 1890
YBR296C 39 1080
YBR296C-A 11 712
YBR297W 24 1108
YBR298C 46 1001
YBR298C-A 5 52
YBR299W 11 735
YBR300C 3 6
YBR301W 3 156
YBR302C 0 0
YCL076W 14 215
YCL073C 6 99
YCL069W 0 0
YCL068C 0 0
YCL067C 0 0
YCL066W 0 0
YCL065W 1 32
YCL064C 19 990
YCL063W 10 315
YCL061C 20 306
YCL059C 7 147
YCL058C 17 445
YCL058W-A 9 311
YCL057C-A 13 418
YCL057W 29 1368
YCL056C 3 19
YCL055W 11 549
YCL054W 12 608
YCL052C 13 526
YCL051W 20 500
YCL050C 16 265
YCL049C 12 103
YCL048W-A 1 50
YCL048W 21 682
YCL047C 13 469
YCL045C 37 848
YCL046W 3 13
YCL044C 17 425
YCL043C 38 951
YCL041C 16 207
YCL042W 19 530
YCL040W 119 23058
YCL039W 58 1589
YCL038C 16 215
YCL037C 16 283
YCL036W 34 990
YCL035C 7 290
YCL034W 20 479
YCL033C 4 99
YCL032W 9 111
YCL031C 8 147
YCL030C 35 824
YCL029C 32 2260
YCL028W 11 166
YCL027W 28 453
YCL026C-B 3 40
YCL026C-A 5 1934
YCL025C 52 1795
YCL023C 9 518
YCL024W 45 1827
YCL022C 7 256
YCL021W-A 11 184
YCL018W 9 798
YCL017C 15 291
YCL016C 17 191
YCL014W 35 621
YCL012C 2 145
YCL011C 30 879
YCL010C 26 725
YCL009C 16 427
YCL008C 25 1347
YCL007C 11 141
YCL005W-A 10 66
YCL005W 8 160
YCL004W 17 246
YCL002C 13 1676
YCL001W 2 3
YCL001W-A 1 1
YCL001W-B 5 53
YCR001W 11 470
YCR002C 13 246
YCR003W 10 419
YCR004C 13 657
YCR005C 45 2922
YCR006C 40 16949
YCR007C 11 388
YCR008W 27 565
YCR009C 3 132
YCR010C 17 324
YCR011C 76 2223
YCR012W 9 256
YCR013C 8 168
YCR014C 22 1156
YCR015C 12 322
YCR016W 7 164
YCR017C 29 4377
YCR018C 6 261
YCR018C-A 7 119
YCR019W 20 471
YCR020C 8 135
YCR020C-A 4 377
YCR020W-B 0 0
YCR021C 44 1214
YCR022C 27 596
YCR023C 42 2198
YCR024C 12 487
YCR024C-B 11 267
YCR024C-A 2 10
YCR025C 23 2652
YCR026C 42 864
YCR027C 2 6
YCR028C 19 581
YCR028C-A 2 45
YCR030C 21 464
YCR031C 7 108
YCR032W 59 2026
YCR033W 40 1380
YCR034W 1 7
YCR035C 1 16
YCR036W 19 373
YCR037C 17 491
YCR038C 7 100
YCR038W-A 1 1
YCR039C 0 0
YCR040W 0 0
YCR041W 2 60
YCR042C 47 1536
YCR043C 8 3992
YCR044C 12 161
YCR045C 22 624
YCR045W-A 5 400
YCR046C 10 250
YCR047C 9 280
YCR047W-A 4 59
YCR049C 21 849
YCR048W 46 2614
YCR050C 2 261
YCR051W 13 438
YCR052W 16 333
YCR053W 17 578
YCR054C 14 321
YCR057C 28 726
YCR059C 24 2182
YCR060W 10 147
YCR061W 64 1356
YCR064C 16 2675
YCR063W 24 1572
YCR065W 31 1686
YCR066W 12 569
YCR067C 34 661
YCR068W 37 1034
YCR069W 16 567
YCR071C 8 155
YCR072C 29 626
YCR073C 54 2098
YCR073W-A 20 1849
YCR075C 9 128
YCR075W-A 1 45
YCR076C 6 152
YCR077C 27 481
YCR079W 25 790
YCR081W 48 2367
YCR081C-A 4 100
YCR082W 18 320
YCR083W 10 524
YCR084C 30 940
YCR085W 1 1
YCR086W 10 91
YCR087W 13 657
YCR087C-A 9 49
YCR088W 20 529
YCR089W 31 10158
YCR090C 6 205
YCR091W 41 1160
YCR092C 29 643
YCR093W 52 1639
YCR094W 9 46
YCR095C 8 247
YCR095W-A 1 41
YCR096C 0 0
YCR097W 3 27
YCR097W-A 1 10
YCR098C 23 529
YCR099C 6 120
YCR100C 18 545
YCR101C 6 173
YCR102C 18 641
YCR102W-A 0 0
YCR104W 4 48
YCR105W 32 1463
YCR106W 38 1262
YCR107W 14 1406
YCR108C 7 1111
YDL248W 3 19
YDL247W-A 0 0
YDL247W 0 0
YDL246C 0 0
YDL245C 0 0
YDL244W 7 493
YDL243C 9 168
YDL242W 16 443
YDL241W 4 209
YDL240C-A 10 2651
YDL240W 31 1411
YDL239C 14 382
YDL238C 35 1234
YDL237W 15 154
YDL236W 8 526
YDL235C 0 0
YDL234C 24 443
YDL233W 8 126
YDL232W 3 24
YDL231C 56 2375
YDL230W 22 337
YDL229W 19 571
YDL228C 5 76
YDL227C 6 20
YDL226C 16 136
YDL225W 12 231
YDL224C 14 275
YDL223C 41 1669
YDL222C 34 658
YDL221W 59 3118
YDL220C 80 2761
YDL219W 1 3
YDL218W 21 518
YDL217C 5 32
YDL216C 13 304
YDL215C 66 2145
YDL214C 39 495
YDL213C 17 232
YDL212W 2 25
YDL211C 3 5
YDL210W 9 140
YDL209C 13 363
YDL208W 3 11
YDL207W 5 205
YDL206W 19 433
YDL205C 16 348
YDL204W 28 1437
YDL203C 11 142
YDL202W 8 576
YDL201W 22 710
YDL200C 6 767
YDL199C 11 93
YDL198C 19 420
YDL197C 35 840
YDL196W 10 114
YDL195W 16 212
YDL194W 18 363
YDL193W 10 251
YDL192W 9 127
YDL191W 2 66
YDL190C 38 708
YDL189W 11 689
YDL188C 15 1156
YDL187C 4 51
YDL186W 15 859
YDL185C-A 2 118
YDL185W 25 306
YDL184C 0 0
YDL183C 12 234
YDL182W 41 565
YDL181W 5 335
YDL180W 15 501
YDL179W 7 20
YDL178W 44 1001
YDL177C 7 487
YDL176W 29 553
YDL175C 17 231
YDL174C 40 866
YDL173W 19 511
YDL172C 7 270
YDL171C 84 5578
YDL170W 26 410
YDL169C 12 710
YDL168W 16 548
YDL167C 17 1988
YDL166C 3 11
YDL165W 9 152
YDL164C 30 955
YDL163W 3 20
YDL162C 5 73
YDL161W 17 369
YDL160C-A 5 34
YDL160C 17 117
YDL159W-A 4 121
YDL159W 24 1421
YDL159C-B 1 1
YDL158C 4 57
YDL157C 5 24
YDL156W 23 278
YDL155W 18 454
YDL154W 27 725
YDL153C 4 67
YDL152W 3 22
YDL151C 3 34
YDL150W 13 129
YDL149W 22 718
YDL148C 19 332
YDL147W 8 108
YDL146W 8 1134
YDL145C 45 971
YDL144C 18 599
YDL143W 24 461
YDL142C 19 2896
YDL141W 21 277
YDL140C 60 1317
YDL139C 12 49
YDL138W 42 1245
YDL137W 27 3109
YDL136W 7 54
YDL135C 16 620
YDL134C 16 180
YDL133C-A 0 0
YDL133W 12 383
YDL132W 25 612
YDL131W 37 2736
YDL130W-A 4 48
YDL130W 7 970
YDL129W 10 389
YDL128W 22 1245
YDL127W 42 1814
YDL126C 26 315
YDL125C 17 361
YDL124W 24 808
YDL123W 10 90
YDL122W 37 695
YDL121C 4 6
YDL120W 1 30
YDL119C 15 304
YDL118W 4 85
YDL117W 43 2500
YDL116W 16 612
YDL115C 23 740
YDL114W-A 2 169
YDL114W 8 35
YDL113C 36 668
YDL112W 50 791
YDL111C 18 626
YDL110C 16 281
YDL109C 22 352
YDL108W 14 195
YDL107W 15 332
YDL106C 19 657
YDL105W 11 117
YDL104C 20 895
YDL103C 10 242
YDL102W 26 304
YDL101C 11 245
YDL100C 27 774
YDL099W 11 216
YDL098C 17 307
YDL097C 21 377
YDL096C 2 17
YDL095W 26 716
YDL094C 21 305
YDL093W 29 441
YDL092W 15 1105
YDL091C 17 303
YDL090C 11 333
YDL089W 22 2045
YDL088C 18 292
YDL087C 9 71
YDL086W 33 1396
YDL086C-A 27 1341
YDL085C-A 7 313
YDL085W 32 884
YDL084W 4 26
YDL083C 2 3
YDL082W 8 531
YDL081C 0 0
YDL080C 22 2582
YDL079C 44 1633
YDL078C 10 186
YDL077C 33 564
YDL076C 13 210
YDL075W 1 2
YDL074C 14 278
YDL073W 12 181
YDL072C 4 48
YDL071C 10 73
YDL070W 17 285
YDL069C 8 518
YDL068W 3 17
YDL067C 1 1
YDL066W 24 728
YDL065C 16 579
YDL064W 9 192
YDL063C 22 378
YDL062W 7 112
YDL061C 2 3
YDL060W 17 577
YDL059C 5 60
YDL058W 26 520
YDL057W 20 304
YDL056W 34 751
YDL055C 21 168
YDL054C 31 625
YDL053C 2 13
YDL052C 18 610
YDL051W 14 278
YDL050C 6 140
YDL049C 29 2047
YDL048C 54 1458
YDL047W 18 562
YDL046W 9 261
YDL045W-A 4 55
YDL045C 5 90
YDL044C 10 208
YDL043C 7 167
YDL042C 30 1180
YDL041W 19 680
YDL040C 25 902
YDL039C 34 1045
YDL037C 12 268
YDL036C 15 452
YDL035C 24 775
YDL034W 3 43
YDL033C 20 2163
YDL032W 5 1847
YDL031W 12 238
YDL030W 8 206
YDL029W 7 100
YDL028C 20 296
YDL027C 11 213
YDL026W 3 25
YDL025C 18 508
YDL025W-A 1 2
YDL024C 21 700
YDL022C-A 4 204
YDL023C 7 60
YDL022W 33 636
YDL021W 12 450
YDL020C 17 1303
YDL019C 56 7367
YDL018C 6 33
YDL017W 20 753
YDL016C 4 210
YDL015C 5 46
YDL014W 9 177
YDL013W 14 5446
YDL012C 3 8
YDL011C 5 80
YDL010W 6 82
YDL009C 2 3
YDL008W 4 50
YDL007C-A 6 61
YDL007W 13 148
YDL006W 13 420
YDL005C 7 42
YDL004W 0 0
YDL003W 24 645
YDL002C 21 443
YDL001W 51 11590
YDR001C 76 3271
YDR002W 9 204
YDR003W 17 515
YDR003W-A 6 209
YDR004W 21 1071
YDR005C 13 801
YDR006C 23 362
YDR007W 16 176
YDR008C 17 233
YDR009W 36 765
YDR010C 37 3140
YDR011W 95 2834
YDR012W 4 52
YDR013W 1 1
YDR014W 11 119
YDR014W-A 9 448
YDR015C 5 76
YDR016C 1 1
YDR017C 37 2648
YDR018C 21 986
YDR019C 25 447
YDR020C 16 258
YDR021W 6 85
YDR022C 8 157
YDR023W 15 147
YDR024W 12 185
YDR025W 2 29
YDR026C 18 2338
YDR027C 21 263
YDR028C 24 806
YDR029W 7 138
YDR030C 26 878
YDR031W 2 6
YDR032C 10 103
YDR033W 31 1488
YDR034C 24 313
YDR034C-A 1 1
YDR034W-B 0 0
YDR035W 12 418
YDR036C 4 48
YDR037W 39 760
YDR038C 8 119
YDR039C 0 0
YDR040C 4 22
YDR041W 9 308
YDR042C 4 107
YDR043C 14 392
YDR044W 9 400
YDR045C 8 293
YDR046C 26 864
YDR047W 18 196
YDR048C 16 1262
YDR049W 19 344
YDR050C 11 83
YDR051C 15 473
YDR052C 11 276
YDR053W 1 75
YDR054C 10 327
YDR055W 13 312
YDR056C 4 32
YDR057W 15 383
YDR058C 3 190
YDR059C 13 171
YDR060W 31 544
YDR061W 19 672
YDR062W 15 363
YDR063W 5 77
YDR064W 5 106
YDR065W 10 189
YDR066C 11 5666
YDR067C 11 230
YDR068W 7 94
YDR069C 32 791
YDR070C 6 68
YDR071C 15 238
YDR072C 34 1160
YDR073W 11 100
YDR074W 55 1002
YDR075W 17 2318
YDR076W 50 1078
YDR077W 17 1178
YDR078C 12 176
YDR079W 5 442
YDR079C-A 3 25
YDR080W 33 537
YDR081C 12 142
YDR082W 17 341
YDR083W 10 96
YDR084C 7 15
YDR085C 25 862
YDR086C 1 6
YDR087C 5 14
YDR088C 6 109
YDR089W 33 738
YDR090C 15 401
YDR091C 18 770
YDR092W 6 245
YDR093W 144 10845
YDR094W 37 6987
YDR095C 38 8022
YDR096W 13 347
YDR097C 27 385
YDR098C 17 263
YDR099W 18 152
YDR100W 11 1744
YDR101C 8 377
YDR102C 16 10498
YDR103W 19 1412
YDR104C 50 1291
YDR105C 20 338
YDR106W 21 509
YDR107C 17 369
YDR108W 20 301
YDR109C 23 1229
YDR110W 21 725
YDR111C 17 204
YDR112W 6 127
YDR113C 9 454
YDR114C 16 275
YDR115W 1 52
YDR116C 7 205
YDR117C 19 307
YDR118W 16 612
YDR118W-A 2 14
YDR119W 40 1629
YDR119W-A 7 186
YDR120C 24 718
YDR121W 4 10
YDR122W 18 191
YDR123C 18 290
YDR124W 13 209
YDR125C 7 292
YDR126W 30 1231
YDR127W 50 779
YDR128W 42 3441
YDR129C 21 484
YDR130C 6 33
YDR131C 20 638
YDR132C 22 937
YDR133C 1 3
YDR135C 57 1282
YDR136C 28 1068
YDR137W 27 747
YDR138W 19 497
YDR139C 3 99
YDR140W 11 180
YDR141C 25 421
YDR142C 19 862
YDR143C 21 1283
YDR144C 17 265
YDR145W 4 65
YDR146C 16 306
YDR147W 23 902
YDR148C 17 269
YDR149C 7 52
YDR150W 90 4104
YDR151C 12 326
YDR152W 8 165
YDR153C 16 341
YDR154C 5 401
YDR155C 9 190
YDR156W 13 432
YDR157W 25 3230
YDR158W 6 39
YDR159W 32 702
YDR160W 22 276
YDR161W 8 151
YDR162C 2 74
YDR163W 7 2600
YDR164C 21 536
YDR165W 9 151
YDR166C 26 1060
YDR167W 5 266
YDR168W 13 290
YDR169C 7 85
YDR169C-A 3 1184
YDR170C 39 431
YDR171W 15 261
YDR172W 38 1144
YDR173C 9 126
YDR174W 15 232
YDR175C 12 340
YDR176W 22 302
YDR177W 19 1527
YDR178W 13 391
YDR179C 6 96
YDR179W-A 15 102
YDR180W 23 355
YDR181C 11 223
YDR182W 19 515
YDR182W-A 3 14
YDR183W 9 75
YDR183C-A 4 40
YDR184C 7 152
YDR185C 10 182
YDR186C 48 1194
YDR187C 24 1454
YDR188W 38 942
YDR189W 24 284
YDR190C 8 206
YDR191W 22 571
YDR192C 7 151
YDR193W 5 113
YDR194C 10 28
YDR194W-A 1 9
YDR195W 15 207
YDR196C 13 157
YDR197W 15 204
YDR198C 7 330
YDR199W 3 84
YDR200C 26 533
YDR201W 8 92
YDR202C 10 465
YDR203W 1 66
YDR204W 19 241
YDR205W 29 977
YDR206W 21 429
YDR207C 39 494
YDR208W 26 509
YDR209C 3 30
YDR210W 2 17
YDR211W 23 636
YDR212W 15 298
YDR213W 24 424
YDR214W 41 1676
YDR215C 41 4563
YDR216W 48 650
YDR217C 50 1552
YDR218C 15 203
YDR219C 5 42
YDR220C 7 454
YDR221W 31 581
YDR222W 10 53
YDR223W 21 2301
YDR224C 4 31
YDR225W 11 89
YDR226W 15 302
YDR227W 23 408
YDR228C 14 386
YDR229W 15 476
YDR230W 11 306
YDR231C 16 346
YDR232W 31 335
YDR233C 14 167
YDR234W 33 966
YDR235W 9 309
YDR236C 8 50
YDR237W 6 44
YDR238C 25 1777
YDR239C 20 425
YDR240C 8 146
YDR241W 8 122
YDR242W 36 1125
YDR243C 20 810
YDR244W 25 262
YDR245W 9 65
YDR246W 21 458
YDR246W-A 26 1858
YDR247W 17 226
YDR248C 9 183
YDR249C 23 298
YDR250C 19 352
YDR251W 25 500
YDR252W 1 10
YDR253C 10 185
YDR254W 18 209
YDR255C 9 67
YDR256C 28 892
YDR257C 14 6688
YDR258C 46 2165
YDR259C 11 226
YDR260C 38 12872
YDR261C 30 789
YDR262W 10 238
YDR263C 23 673
YDR264C 37 938
YDR265W 6 40
YDR266C 24 405
YDR267C 9 251
YDR268W 21 261
YDR269C 4 41
YDR270W 34 784
YDR271C 9 351
YDR272W 16 187
YDR273W 6 21
YDR274C 43 5212
YDR275W 20 250
YDR276C 10 730
YDR277C 40 4745
YDR278C 10 446
YDR279W 11 93
YDR280W 8 71
YDR281C 0 0
YDR282C 20 578
YDR283C 53 1512
YDR284C 14 352
YDR285W 16 240
YDR286C 3 28
YDR287W 7 166
YDR288W 6 56
YDR289C 11 649
YDR290W 9 186
YDR291W 42 1226
YDR292C 17 338
YDR293C 53 1217
YDR294C 30 591
YDR295C 10 225
YDR296W 10 669
YDR297W 14 452
YDR298C 5 85
YDR299W 10 191
YDR300C 21 608
YDR301W 40 847
YDR302W 10 168
YDR303C 20 468
YDR304C 22 763
YDR305C 21 666
YDR306C 18 372
YDR307W 19 634
YDR308C 1 2
YDR309C 10 194
YDR310C 31 606
YDR311W 21 530
YDR312W 18 574
YDR313C 14 190
YDR314C 23 423
YDR315C 11 257
YDR316W 12 196
YDR317W 15 321
YDR318W 14 254
YDR319C 10 332
YDR320C 24 634
YDR320C-A 2 184
YDR320W-B 7 171
YDR321W 14 267
YDR322W 16 605
YDR322C-A 2 25
YDR323C 29 565
YDR324C 16 220
YDR325W 24 1353
YDR326C 53 1313
YDR327W 6 102
YDR328C 9 49
YDR329C 21 393
YDR330W 22 486
YDR331W 6 51
YDR332W 15 408
YDR333C 27 557
YDR334W 47 906
YDR335W 37 626
YDR336W 18 875
YDR337W 8 245
YDR338C 27 1015
YDR339C 8 53
YDR340W 5 123
YDR341C 20 601
YDR342C 3 77
YDR343C 3 253
YDR344C 23 1220
YDR345C 42 1755
YDR346C 22 1204
YDR347W 13 118
YDR348C 28 1153
YDR349C 22 555
YDR350C 10 188
YDR351W 21 381
YDR352W 9 113
YDR353W 15 267
YDR354W 15 670
YDR354C-A 0 0
YDR355C 4 11
YDR356W 16 420
YDR357C 13 542
YDR358W 17 368
YDR359C 23 448
YDR360W 3 14
YDR361C 22 1781
YDR362C 29 508
YDR363W 13 132
YDR363W-A 3 164
YDR364C 26 726
YDR365C 13 506
YDR366C 17 265
YDR367W 3 12
YDR368W 13 262
YDR369C 26 709
YDR370C 20 321
YDR371W 32 781
YDR371C-A 2 4
YDR372C 6 99
YDR373W 7 75
YDR374C 14 285
YDR374W-A 2 6
YDR375C 25 512
YDR376W 31 813
YDR377W 9 97
YDR378C 0 0
YDR379W 45 21241
YDR379C-A 5 90
YDR380W 29 1055
YDR381W 12 547
YDR381C-A 2 43
YDR382W 3 5
YDR383C 13 367
YDR384C 23 890
YDR385W 8 138
YDR386W 28 2265
YDR387C 23 1408
YDR388W 19 576
YDR389W 23 285
YDR390C 17 434
YDR391C 13 236
YDR392W 12 228
YDR393W 11 241
YDR394W 8 100
YDR395W 35 1089
YDR396W 13 364
YDR397C 11 350
YDR398W 18 613
YDR399W 9 536
YDR400W 29 534
YDR401W 13 1399
YDR402C 23 1552
YDR403W 22 802
YDR404C 4 50
YDR405W 31 615
YDR406W 135 86323
YDR406W-A 0 0
YDR407C 38 677
YDR408C 16 176
YDR409W 33 409
YDR410C 21 529
YDR411C 15 780
YDR412W 2 2
YDR413C 0 0
YDR414C 19 466
YDR415C 22 977
YDR416W 23 329
YDR417C 3 81
YDR418W 3 81
YDR419W 21 641
YDR420W 39 637
YDR421W 39 1344
YDR422C 39 2668
YDR423C 36 760
YDR424C 8 300
YDR425W 34 679
YDR426C 8 427
YDR427W 11 363
YDR428C 15 569
YDR429C 4 25
YDR430C 55 1150
YDR431W 5 10
YDR432W 28 1018
YDR433W 14 861
YDR434W 19 415
YDR435C 20 616
YDR436W 39 1118
YDR437W 18 926
YDR438W 10 96
YDR439W 2 15
YDR440W 26 653
YDR441C 14 1266
YDR442W 13 1128
YDR443C 53 1935
YDR444W 32 912
YDR445C 16 2892
YDR446W 17 270
YDR447C 8 47
YDR448W 7 365
YDR449C 15 233
YDR450W 2 3
YDR451C 17 348
YDR452W 35 1215
YDR453C 18 4876
YDR454C 2 46
YDR455C 10 300
YDR456W 33 888
YDR457W 105 2750
YDR458C 20 639
YDR459C 26 611
YDR460W 13 166
YDR461W 3 38
YDR461C-A 5 93
YDR462W 6 412
YDR463W 37 1678
YDR464W 20 188
YDR464C-A 0 0
YDR465C 12 247
YDR466W 31 615
YDR467C 10 186
YDR468C 9 348
YDR469W 7 126
YDR470C 16 192
YDR471W 12 203
YDR472W 16 361
YDR473C 17 410
YDR475C 44 1268
YDR476C 42 2310
YDR477W 33 473
YDR478W 12 249
YDR479C 25 860
YDR480W 26 635
YDR481C 37 1133
YDR482C 21 1839
YDR483W 16 211
YDR484W 15 175
YDR485C 13 215
YDR486C 10 216
YDR487C 6 51
YDR488C 49 2515
YDR489W 15 191
YDR490C 47 2233
YDR491C 31 857
YDR492W 13 171
YDR493W 13 349
YDR494W 12 273
YDR495C 14 284
YDR496C 18 687
YDR497C 44 1654
YDR498C 6 176
YDR499W 17 577
YDR500C 6 75
YDR501W 9 85
YDR502C 35 1704
YDR503C 15 356
YDR504C 5 21
YDR505C 15 870
YDR506C 57 15870
YDR507C 40 737
YDR508C 29 1556
YDR509W 3 124
YDR510W 5 26
YDR510C-A 2 11
YDR511W 7 352
YDR512C 30 881
YDR513W 9 411
YDR514C 14 201
YDR515W 4 46
YDR516C 24 514
YDR517W 26 647
YDR518W 30 566
YDR519W 4 9
YDR520C 18 426
YDR521W 4 112
YDR522C 14 440
YDR523C 27 956
YDR524C 23 593
YDR524W-C 4 51
YDR524C-B 7 112
YDR524C-A 10 251
YDR525W 23 662
YDR525W-A 13 2230
YDR526C 10 1410
YDR527W 32 5121
YDR528W 18 311
YDR529C 13 171
YDR530C 34 1345
YDR531W 18 238
YDR532C 3 44
YDR533C 8 200
YDR534C 16 568
YDR535C 46 4874
YDR536W 37 447
YDR537C 6 94
YDR538W 9 123
YDR539W 25 645
YDR540C 6 104
YDR541C 12 625
YDR542W 1 1
YDR543C 8 785
YDR544C 11 546
YDR545W 0 0
YDR545C-A 0 0
YEL077C 12 914
YEL077W-A 0 0
YEL076C-A 0 0
YEL076C 0 0
YEL075W-A 0 0
YEL075C 0 0
YEL074W 10 1119
YEL073C 5 166
YEL072W 18 508
YEL071W 39 1254
YEL070W 10 135
YEL069C 31 843
YEL068C 3 52
YEL067C 32 5549
YEL066W 25 2457
YEL065W 32 896
YEL064C 25 1533
YEL063C 22 829
YEL062W 32 686
YEL061C 24 509
YEL060C 40 1807
YEL059C-A 7 198
YEL059W 27 3150
YEL058W 16 275
YEL057C 7 96
YEL056W 19 308
YEL055C 30 508
YEL054C 5 73
YEL053W-A 3 70
YEL053C 17 160
YEL052W 11 432
YEL051W 4 109
YEL050W-A 5 171
YEL050C 19 547
YEL049W 5 173
YEL048C 0 0
YEL047C 25 950
YEL046C 22 568
YEL045C 33 2732
YEL044W 9 246
YEL043W 33 1404
YEL042W 18 1223
YEL041W 24 1163
YEL040W 38 1586
YEL039C 13 134
YEL038W 24 419
YEL037C 22 832
YEL036C 24 1067
YEL035C 37 13068
YEL034C-A 17 206
YEL034W 14 193
YEL033W 22 1374
YEL032W 38 1310
YEL032C-A 3 30
YEL031W 44 1021
YEL030C-A 2 3
YEL030W 10 150
YEL029C 6 149
YEL028W 4 63
YEL027W 2 14
YEL026W 0 0
YEL025C 43 803
YEL024W 15 783
YEL023C 31 533
YEL022W 42 757
YEL021W 70 2699
YEL020C-B 4 15
YEL020W-A 4 17
YEL020C 21 312
YEL019C 11 279
YEL018C-A 10 196
YEL018W 15 454
YEL017C-A 3 57
YEL017W 10 167
YEL016C 29 5230
YEL015W 31 696
YEL014C 14 387
YEL013W 15 245
YEL012W 31 2249
YEL011W 53 1372
YEL010W 5 35
YEL009C-A 8 76
YEL009C 24 1525
YEL008W 39 4306
YEL008C-A 13 708
YEL007W 20 2056
YEL006W 24 2924
YEL005C 11 2341
YEL004W 24 389
YEL003W 12 312
YEL002C 56 2781
YEL001C 24 1729
YER001W 65 46875
YER002W 0 0
YER003C 23 1215
YER004W 28 909
YER005W 60 1520
YER006W 20 698
YER006C-A 8 185
YER007W 15 204
YER007C-A 10 96
YER008C 19 326
YER009W 3 114
YER010C 22 1228
YER011W 5 142
YER012W 5 35
YER013W 26 662
YER014W 8 172
YER014C-A 14 526
YER015W 20 420
YER016W 15 273
YER017C 41 621
YER018C 24 674
YER019W 36 966
YER019C-A 0 0
YER020W 21 687
YER021W 5 192
YER022W 25 492
YER023W 8 826
YER023C-A 2 204
YER024W 49 1204
YER025W 5 78
YER026C 8 126
YER027C 10 114
YER028C 26 354
YER029C 4 57
YER030W 1 2
YER031C 7 172
YER032W 16 127
YER033C 20 273
YER034W 19 461
YER035W 25 352
YER036C 32 638
YER037W 16 353
YER038C 16 234
YER038W-A 3 30
YER039C 9 286
YER039C-A 3 289
YER040W 16 256
YER041W 25 297
YER042W 11 916
YER043C 29 699
YER044C 9 205
YER044C-A 21 509
YER045C 15 276
YER046W 7 118
YER046W-A 7 38
YER047C 31 664
YER048C 19 298
YER048W-A 4 8
YER049W 14 175
YER050C 4 57
YER051W 22 566
YER052C 14 161
YER053C 16 300
YER053C-A 0 0
YER054C 33 2804
YER055C 14 159
YER056C 20 511
YER056C-A 9 35
YER057C 5 7
YER058W 5 26
YER059W 6 42
YER060W 21 549
YER060W-A 21 629
YER061C 16 218
YER062C 16 254
YER063W 9 430
YER064C 15 186
YER065C 52 1314
YER066W 10 197
YER066C-A 10 305
YER067W 13 122
YER067C-A 11 106
YER068W 19 594
YER068C-A 18 929
YER069W 53 924
YER070W 41 1294
YER071C 3 35
YER072W 7 196
YER073W 22 268
YER074W 1 1
YER074W-A 2 2
YER075C 28 1008
YER076C 14 294
YER076W-A 5 274
YER077C 17 233
YER078C 26 993
YER078W-A 14 711
YER079W 16 2428
YER079C-A 6 409
YER080W 25 940
YER081W 42 1192
YER082C 18 299
YER083C 10 219
YER084W 16 652
YER084W-A 2 3
YER085C 2 3
YER086W 26 343
YER087W 28 893
YER087C-A 11 301
YER087C-B 1 13
YER088C 50 1692
YER088C-A 39 78278
YER088W-B 11 177
YER089C 51 2766
YER090W 7 179
YER090C-A 0 0
YER091C 21 210
YER091C-A 22 1399
YER092W 12 339
YER093C 28 2959
YER093C-A 8 112
YER094C 7 47
YER095W 10 247
YER096W 17 243
YER097W 9 540
YER098W 22 811
YER099C 15 169
YER100W 8 27
YER101C 14 180
YER102W 4 39
YER103W 21 731
YER104W 10 127
YER105C 39 4385
YER106W 4 35
YER107C 11 62
YER107W-A 3 51
YER109C 14 283
YER110C 28 653
YER111C 34 884
YER112W 0 0
YER113C 17 344
YER114C 43 1265
YER115C 9 60
YER116C 8 31
YER117W 3 7
YER118C 12 130
YER119C 37 1144
YER119C-A 18 717
YER120W 12 188
YER121W 12 249
YER122C 10 603
YER123W 24 958
YER124C 11 36
YER125W 24 491
YER126C 7 130
YER127W 4 33
YER128W 11 190
YER129W 52 1616
YER130C 26 874
YER131W 4 20
YER132C 68 3671
YER133W 12 78
YER133W-A 3 59
YER134C 7 284
YER135C 4 48
YER136W 17 270
YER137C 17 419
YER137W-A 12 261
YER138W-A 0 0
YER139C 8 103
YER140W 23 5917
YER141W 10 118
YER142C 11 188
YER143W 12 400
YER144C 44 9831
YER145C 64 3648
YER145C-A 24 822
YER146W 8 57
YER147C 65 1869
YER147C-A 8 426
YER148W 9 443
YER148W-A 12 342
YER149C 21 603
YER150W 9 270
YER151C 29 508
YER152C 33 1663
YER152W-A 7 45
YER153C 27 471
YER154W 24 554
YER155C 55 1343
YER156C 20 491
YER157W 14 291
YER158C 22 547
YER158W-A 7 53
YER159C 14 269
YER161C 10 445
YER162C 15 324
YER163C 20 405
YER164W 39 1707
YER165W 9 155
YER165C-A 1 13
YER166W 77 1907
YER167W 44 1168
YER168C 20 293
YER169W 40 1197
YER170W 12 178
YER171W 21 843
YER172C 56 1239
YER172C-A 6 130
YER173W 24 749
YER174C 9 300
YER175C 20 1372
YER175W-A 7 64
YER176W 112 8949
YER177W 14 125
YER178W 30 1027
YER179W 16 314
YER180C 5 64
YER180C-A 9 5036
YER181C 4 46
YER182W 5 21
YER183C 20 520
YER184C 14 1041
YER185W 16 454
YER186C 23 727
YER187W 10 172
YER188W 6 124
YER188C-A 16 933
YER189W 0 0
YER190W 4 31
YER190C-A 0 0
YER190C-B 0 0
YFL068W 0 0
YFL067W 0 0
YFL066C 0 0
YFL065C 0 0
YFL064C 0 0
YFL063W 13 369
YFL062W 1 8
YFL061W 0 0
YFL060C 2 25
YFL059W 6 120
YFL058W 2 9
YFL057C 2 106
YFL056C 7 102
YFL055W 26 1372
YFL054C 27 2075
YFL053W 27 617
YFL052W 29 908
YFL051C 13 452
YFL050C 28 1308
YFL049W 12 2294
YFL048C 19 227
YFL047W 27 1117
YFL046W 14 537
YFL045C 3 37
YFL044C 22 1564
YFL042C 29 2693
YFL041W-A 5 109
YFL041W 29 995
YFL040W 25 872
YFL039C 9 102
YFL038C 20 635
YFL037W 23 852
YFL036W 41 1603
YFL034C-B 8 276
YFL034C-A 12 266
YFL034W 45 1418
YFL033C 88 2740
YFL032W 9 517
YFL031W 13 250
YFL031C-A 1 7
YFL030W 29 1316
YFL029C 16 130
YFL028C 19 602
YFL027C 11 170
YFL026W 11 803
YFL025C 28 489
YFL024C 39 887
YFL023W 18 202
YFL022C 13 332
YFL021C-A 47 1965
YFL021W 36 1288
YFL020C 6 557
YFL019C 0 0
YFL018C 10 247
YFL017W-A 7 57
YFL017C 12 342
YFL016C 40 612
YFL015W-A 9 69
YFL015C 33 1898
YFL014W 11 120
YFL013W-A 20 455
YFL013C 24 570
YFL012W-A 19 640
YFL012W 4 18
YFL011W 9 266
YFL010W-A 0 0
YFL010C 4 30
YFL009W 20 608
YFL008W 26 798
YFL007W 78 1127
YFL005W 7 124
YFL004W 28 610
YFL003C 60 1721
YFL002C 34 655
YFL001W 58 1369
YFR001W 7 184
YFR002W 20 489
YFR003C 15 268
YFR004W 5 124
YFR005C 19 689
YFR006W 39 978
YFR007W 19 456
YFR008W 9 54
YFR009W 23 716
YFR009W-A 0 0
YFR010W 32 2976
YFR010W-A 2 6
YFR011C 8 147
YFR012W 5 71
YFR012W-A 1 20
YFR013W 29 683
YFR014C 20 1968
YFR015C 36 1102
YFR016C 52 5616
YFR017C 32 1268
YFR018C 69 7285
YFR019W 57 1744
YFR020W 3 125
YFR021W 26 590
YFR022W 34 655
YFR023W 13 231
YFR024C-A 25 475
YFR025C 27 5184
YFR026C 6 21
YFR027W 11 259
YFR028C 13 212
YFR029W 36 985
YFR030W 18 522
YFR031C 27 471
YFR031C-A 10 185
YFR032C 12 143
YFR032C-A 4 57
YFR032C-B 11 894
YFR033C 25 1663
YFR034C 62 7686
YFR034W-A 27 10773
YFR035C 29 5842
YFR036W 10 103
YFR036W-A 13 515
YFR037C 21 584
YFR038W 25 1498
YFR039C 14 287
YFR040W 24 693
YFR041C 9 80
YFR042W 4 26
YFR043C 11 594
YFR044C 27 955
YFR045W 9 460
YFR046C 16 254
YFR047C 13 169
YFR048W 41 1286
YFR049W 5 15
YFR050C 14 341
YFR051C 35 1390
YFR052W 8 63
YFR052C-A 8 67
YFR053C 43 3633
YFR054C 5 26
YFR056C 13 1019
YFR055W 19 245
YFR057W 6 63
YGL263W 17 307
YGL262W 5 62
YGL261C 3 6
YGL260W 3 7
YGL259W 6 446
YGL258W-A 1 4
YGL258W 0 0
YGL257C 21 285
YGL256W 15 767
YGL255W 19 28768
YGL254W 27 553
YGL253W 24 258
YGL252C 20 323
YGL251C 47 1136
YGL250W 5 123
YGL249W 40 954
YGL248W 20 312
YGL247W 16 269
YGL246C 16 636
YGL245W 28 685
YGL244W 12 462
YGL243W 7 188
YGL242C 12 505
YGL241W 31 2415
YGL240W 9 278
YGL239C 6 250
YGL238W 38 2008
YGL237C 14 217
YGL236C 42 2469
YGL235W 13 489
YGL234W 36 1752
YGL233W 15 203
YGL232W 15 438
YGL231C 3 28
YGL230C 0 0
YGL229C 35 1439
YGL228W 14 262
YGL227W 38 950
YGL226C-A 1 1
YGL226W 10 1612
YGL225W 15 323
YGL224C 21 303
YGL223C 18 703
YGL222C 1 3
YGL221C 13 517
YGL220W 7 403
YGL219C 14 123
YGL218W 7 94
YGL217C 8 32
YGL216W 56 1851
YGL215W 9 658
YGL214W 3 50
YGL213C 8 298
YGL212W 10 100
YGL211W 14 576
YGL210W 7 88
YGL209W 14 250
YGL208W 47 2345
YGL207W 25 538
YGL206C 48 1450
YGL205W 40 677
YGL204C 2 27
YGL203C 33 771
YGL202W 33 553
YGL201C 45 1011
YGL200C 12 295
YGL199C 15 99
YGL198W 18 384
YGL197W 36 416
YGL196W 13 438
YGL195W 104 1913
YGL194C-A 4 64
YGL194C 10 128
YGL193C 6 211
YGL192W 45 571
YGL191W 14 374
YGL190C 28 784
YGL189C 10 188
YGL188C-A 2 4
YGL188C 14 242
YGL187C 22 431
YGL186C 24 606
YGL185C 33 727
YGL184C 25 496
YGL183C 10 275
YGL182C 6 60
YGL181W 20 503
YGL180W 36 731
YGL179C 22 656
YGL178W 63 3165
YGL177W 17 679
YGL176C 11 295
YGL175C 8 603
YGL174W 16 953
YGL173C 48 984
YGL172W 13 180
YGL171W 10 236
YGL170C 9 281
YGL169W 13 314
YGL168W 6 22
YGL167C 26 250
YGL166W 21 308
YGL165C 29 31876
YGL164C 16 632
YGL163C 37 7133
YGL162W 18 279
YGL161C 22 444
YGL160W 29 534
YGL159W 5 80
YGL158W 31 914
YGL157W 17 665
YGL156W 50 742
YGL155W 22 686
YGL154C 6 119
YGL153W 11 317
YGL152C 15 5939
YGL151W 24 344
YGL150C 33 1138
YGL149W 16 662
YGL148W 36 1344
YGL147C 12 331
YGL146C 28 462
YGL145W 20 528
YGL144C 23 319
YGL143C 14 260
YGL142C 16 314
YGL141W 38 1328
YGL140C 30 675
YGL139W 35 998
YGL138C 8 142
YGL137W 22 755
YGL136C 18 696
YGL135W 8 146
YGL134W 30 526
YGL133W 45 1205
YGL132W 2 2
YGL131C 38 834
YGL130W 5 80
YGL129C 6 87
YGL128C 4 11
YGL127C 11 170
YGL126W 97 13046
YGL125W 76 6718
YGL124C 21 13587
YGL123W 7 30
YGL123C-A 2 2
YGL122C 17 218
YGL121C 15 51366
YGL120C 29 631
YGL119W 15 282
YGL118C 17 1337
YGL117W 30 782
YGL116W 31 725
YGL115W 13 224
YGL114W 24 493
YGL113W 13 388
YGL112C 6 17
YGL111W 11 140
YGL110C 26 576
YGL109W 6 106
YGL108C 6 40
YGL107C 18 312
YGL106W 2 2
YGL105W 16 347
YGL104C 12 106
YGL103W 21 426
YGL102C 14 360
YGL101W 4 78
YGL100W 16 329
YGL099W 11 236
YGL098W 2 8
YGL097W 31 788
YGL096W 8 76
YGL095C 21 254
YGL094C 43 1189
YGL093W 26 505
YGL092W 26 258
YGL091C 16 558
YGL090W 10 146
YGL089C 7 137
YGL088W 11 74
YGL087C 19 1095
YGL086W 23 882
YGL085W 14 403
YGL084C 20 388
YGL083W 29 511
YGL082W 26 550
YGL081W 8 152
YGL080W 6 98
YGL079W 7 60
YGL078C 13 311
YGL077C 23 472
YGL076C 2 7
YGL075C 8 114
YGL074C 17 443
YGL073W 49 1371
YGL072C 17 255
YGL071W 29 945
YGL070C 5 72
YGL069C 7 170
YGL068W 7 170
YGL067W 12 403
YGL066W 23 353
YGL065C 8 222
YGL064C 30 548
YGL063W 88 17984
YGL063C-A 14 11769
YGL062W 67 913
YGL061C 14 330
YGL060W 28 421
YGL059W 22 1057
YGL058W 10 195
YGL057C 6 70
YGL056C 27 983
YGL055W 47 786
YGL054C 7 225
YGL053W 2 6
YGL052W 4 158
YGL051W 4 179
YGL050W 19 20187
YGL049C 15 458
YGL048C 4 14
YGL047W 11 1130
YGL045W 42 1612
YGL044C 8 96
YGL043W 18 1462
YGL042C 4 60
YGL041C-B 6 76
YGL041W-A 7 128
YGL041C 4 52
YGL040C 12 118
YGL039W 10 148
YGL038C 23 338
YGL037C 10 331
YGL036W 18 327
YGL035C 20 258
YGL034C 6 99
YGL033W 6 27
YGL032C 1 1
YGL031C 3 56
YGL030W 2 4
YGL029W 5 49
YGL028C 6 31
YGL027C 26 996
YGL026C 30 1602
YGL025C 7 16
YGL024W 7 142
YGL023C 26 668
YGL022W 43 1289
YGL021W 26 1164
YGL020C 3 57
YGL019W 5 99
YGL018C 7 111
YGL017W 14 99
YGL016W 21 423
YGL015C 4 66
YGL014W 26 540
YGL014C-A 2 72
YGL013C 28 482
YGL012W 29 698
YGL011C 8 164
YGL010W 8 178
YGL009C 41 2113
YGL008C 53 1942
YGL007C-A 1 27
YGL007W 23 2707
YGL006W-A 3 35
YGL006W 35 682
YGL005C 25 369
YGL004C 53 2610
YGL003C 52 2010
YGL002W 22 1896
YGL001C 47 1068
YGR001C 19 741
YGR002C 22 1025
YGR003W 35 467
YGR004W 22 446
YGR005C 13 555
YGR006W 17 547
YGR007W 22 768
YGR008C 9 145
YGR009C 18 280
YGR010W 17 1078
YGR011W 4 34
YGR012W 17 335
YGR013W 43 1676
YGR014W 30 850
YGR015C 23 355
YGR016W 19 618
YGR017W 5 42
YGR018C 1 1
YGR019W 35 1486
YGR020C 2 28
YGR021W 23 1224
YGR022C 6 96
YGR023W 19 875
YGR024C 2 5
YGR025W 25 4458
YGR026W 14 475
YGR027C 4 26
YGR028W 13 300
YGR029W 11 302
YGR030C 15 455
YGR031W 69 2458
YGR031C-A 31 966
YGR032W 89 2726
YGR033C 8 125
YGR034W 6 28
YGR035C 3 122
YGR035W-A 13 458
YGR036C 23 734
YGR037C 4 22
YGR038W 12 809
YGR039W 12 129
YGR040W 24 697
YGR041W 34 1052
YGR042W 10 102
YGR043C 22 1831
YGR044C 9 190
YGR045C 28 2149
YGR046W 6 878
YGR047C 25 840
YGR048W 13 244
YGR049W 23 864
YGR050C 20 1903
YGR051C 27 3397
YGR052W 30 795
YGR053C 9 51
YGR054W 26 1242
YGR055W 15 445
YGR056W 39 1267
YGR057C 6 124
YGR058W 11 216
YGR059W 10 174
YGR060W 15 388
YGR061C 40 685
YGR062C 8 92
YGR063C 5 239
YGR064W 8 168
YGR065C 25 971
YGR066C 7 51
YGR067C 31 505
YGR068C 86 2101
YGR068W-A 1 1
YGR069W 17 510
YGR070W 61 1797
YGR071C 21 259
YGR072W 2 13
YGR073C 4 179
YGR074W 4 179
YGR075C 1 30
YGR076C 8 220
YGR077C 19 1887
YGR078C 3 37
YGR079W 28 1628
YGR080W 22 423
YGR081C 7 134
YGR082W 7 96
YGR083C 23 656
YGR084C 14 227
YGR085C 2 61
YGR086C 11 332
YGR087C 55 2092
YGR088W 21 683
YGR089W 23 462
YGR090W 22 564
YGR091W 12 210
YGR092W 16 384
YGR093W 29 534
YGR094W 36 761
YGR095C 11 191
YGR096W 32 4505
YGR097W 40 1412
YGR098C 17 182
YGR099W 15 213
YGR100W 36 811
YGR101W 11 309
YGR102C 3 56
YGR103W 11 307
YGR104C 12 217
YGR105W 1 31
YGR106C 6 246
YGR107W 43 3784
YGR108W 12 205
YGR109C 10 176
YGR110W 9 222
YGR111W 18 1154
YGR112W 13 163
YGR113W 13 416
YGR114C 2 6
YGR115C 3 5
YGR116W 27 555
YGR117C 11 465
YGR118W 4 42
YGR119C 10 199
YGR120C 5 78
YGR121C 59 1065
YGR121W-A 20 7921
YGR122W 26 1051
YGR122C-A 1 42
YGR123C 19 946
YGR124W 34 866
YGR125W 30 937
YGR126W 4 22
YGR127W 17 709
YGR128C 5 17
YGR129W 17 1088
YGR130C 34 876
YGR131W 7 39
YGR132C 12 251
YGR133W 9 805
YGR134W 50 817
YGR135W 4 26
YGR136W 10 241
YGR137W 1 59
YGR138C 17 266
YGR139W 7 90
YGR140W 29 474
YGR141W 38 886
YGR142W 10 175
YGR143W 44 971
YGR144W 21 381
YGR145W 15 1381
YGR146C 11 135
YGR146C-A 5 191
YGR147C 10 233
YGR148C 13 319
YGR149W 14 107
YGR150C 13 167
YGR151C 3 23
YGR152C 5 49
YGR153W 21 1263
YGR154C 19 416
YGR155W 14 177
YGR156W 13 593
YGR157W 25 881
YGR158C 13 187
YGR159C 21 323
YGR160W 3 25
YGR161C 29 497
YGR161W-C 11 239
YGR162W 18 244
YGR163W 8 30
YGR164W 13 3402
YGR165W 8 377
YGR166W 18 324
YGR167W 13 567
YGR168C 11 132
YGR169C 21 539
YGR169C-A 0 0
YGR170W 46 1279
YGR171C 14 327
YGR172C 8 202
YGR173W 17 947
YGR174C 12 278
YGR174W-A 0 0
YGR175C 31 960
YGR176W 26 2243
YGR177C 53 3377
YGR178C 40 767
YGR179C 14 238
YGR180C 22 378
YGR181W 7 338
YGR182C 14 314
YGR183C 7 262
YGR184C 82 2951
YGR185C 15 1033
YGR186W 11 148
YGR187C 6 34
YGR188C 18 361
YGR189C 12 244
YGR190C 8 36
YGR191W 22 545
YGR192C 14 144
YGR193C 11 149
YGR194C 21 462
YGR195W 12 327
YGR196C 19 66070
YGR197C 42 4119
YGR198W 24 384
YGR199W 42 1386
YGR200C 31 585
YGR201C 13 2599
YGR202C 25 533
YGR203W 49 2829
YGR204W 78 2391
YGR204C-A 0 0
YGR205W 11 948
YGR206W 4 129
YGR207C 5 71
YGR208W 17 450
YGR209C 6 59
YGR210C 49 1526
YGR211W 28 600
YGR212W 13 102
YGR213C 20 408
YGR214W 9 191
YGR215W 6 123
YGR216C 13 146
YGR217W 54 1142
YGR218W 19 394
YGR219W 5 107
YGR220C 14 406
YGR221C 33 1018
YGR222W 15 149
YGR223C 18 511
YGR224W 24 481
YGR225W 14 114
YGR226C 0 0
YGR227W 11 83
YGR228W 4 25
YGR229C 21 392
YGR230W 29 1283
YGR231C 15 445
YGR232W 17 664
YGR233C 40 766
YGR234W 16 124
YGR235C 9 346
YGR236C 19 874
YGR237C 42 923
YGR238C 40 3053
YGR239C 35 5065
YGR240C 34 527
YGR240C-A 13 703
YGR241C 36 4960
YGR242W 4 42
YGR243W 6 40
YGR244C 52 1947
YGR245C 33 2515
YGR246C 17 266
YGR247W 17 263
YGR248W 23 9090
YGR249W 10 1302
YGR250C 36 1597
YGR251W 5 207
YGR252W 17 994
YGR253C 8 323
YGR254W 23 620
YGR255C 23 561
YGR256W 23 1299
YGR257C 15 370
YGR258C 48 8787
YGR259C 6 161
YGR260W 25 614
YGR261C 33 714
YGR262C 14 258
YGR263C 14 310
YGR264C 14 314
YGR265W 11 558
YGR266W 38 853
YGR267C 13 550
YGR268C 25 1448
YGR269W 21 1621
YGR270W 56 2352
YGR270C-A 2 369
YGR271W 86 2567
YGR271C-A 1 66
YGR273C 2 17
YGR274C 13 354
YGR275W 2 215
YGR276C 18 935
YGR277C 6 37
YGR278W 11 75
YGR279C 21 1210
YGR280C 22 525
YGR281W 72 1629
YGR282C 15 671
YGR283C 24 652
YGR284C 7 73
YGR285C 21 497
YGR286C 32 1030
YGR287C 30 519
YGR288W 22 117
YGR289C 14 315
YGR290W 0 0
YGR291C 6 116
YGR292W 5 153
YGR293C 0 0
YGR294W 1 2
YGR295C 7 375
YGR296W 0 0
YGR296C-A 0 0
YGR296C-B 0 0
YHL050C 1 6
YHL050W-A 0 0
YHL049C 0 0
YHL048C-A 2 4
YHL048W 3 15
YHL047C 20 343
YHL046W-A 1 2
YHL046C 1 2
YHL045W 12 204
YHL044W 12 190
YHL043W 3 3
YHL042W 20 462
YHL041W 20 25398
YHL040C 31 1304
YHL039W 15 347
YHL038C 16 250
YHL037C 18 400
YHL036W 34 615
YHL035C 49 1508
YHL034W-A 4 14
YHL034C 6 55
YHL033C 7 149
YHL032C 58 1713
YHL031C 25 998
YHL030W-A 12 439
YHL030W 58 1496
YHL029C 28 789
YHL028W 26 2492
YHL027W 42 2077
YHL026C 33 1152
YHL025W 53 3436
YHL024W 50 1114
YHL023C 34 1026
YHL022C 9 326
YHL021C 31 1193
YHL020C 28 440
YHL019W-A 6 684
YHL019C 12 851
YHL018W 7 2483
YHL017W 21 542
YHL016C 39 1569
YHL015W-A 5 716
YHL015W 0 0
YHL014C 24 2111
YHL013C 6 27
YHL012W 22 1215
YHL011C 6 223
YHL010C 34 588
YHL009C 10 313
YHL008C 12 138
YHL007C 43 1188
YHL006W-A 13 362
YHL006C 38 1837
YHL005C 25 6122
YHL004W 20 760
YHL003C 16 405
YHL002C-A 14 636
YHL002W 35 1148
YHL001W 7 188
YHR001W 51 1851
YHR001W-A 22 1390
YHR002W 39 1106
YHR003C 41 1334
YHR004C 24 647
YHR005C 13 418
YHR005C-A 9 98
YHR006W 29 741
YHR007C 19 565
YHR007C-A 20 2799
YHR008C 18 500
YHR009C 23 459
YHR010W 1 1
YHR011W 11 356
YHR012W 7 150
YHR013C 12 153
YHR014W 3 49
YHR015W 9 273
YHR016C 18 414
YHR017W 15 219
YHR018C 19 584
YHR019C 17 275
YHR020W 19 153
YHR021C 6 45
YHR021W-A 3 132
YHR022C 19 802
YHR022C-A 3 11
YHR023W 49 1097
YHR024C 17 251
YHR025W 13 305
YHR026W 9 68
YHR027C 31 294
YHR028C 33 1259
YHR028W-A 15 25633
YHR029C 16 450
YHR030C 16 95
YHR031C 42 832
YHR032W 69 3209
YHR032W-A 10 256
YHR032C-A 9 169
YHR033W 74 3823
YHR034C 31 1261
YHR035W 30 1076
YHR036W 21 2172
YHR037W 18 793
YHR038W 4 130
YHR039C 19 480
YHR039C-A 2 43
YHR040W 18 416
YHR041C 13 114
YHR042W 22 760
YHR043C 7 51
YHR044C 13 234
YHR045W 15 467
YHR046C 20 299
YHR047C 35 938
YHR048W 37 785
YHR049W 18 584
YHR049C-A 13 216
YHR050W 40 3249
YHR050W-A 7 95
YHR051W 6 58
YHR052W 6 163
YHR052W-A 0 0
YHR053C 0 0
YHR054C 0 0
YHR054W-A 0 0
YHR055C 0 0
YHR056C 25 677
YHR056W-A 12 446
YHR057C 19 5094
YHR058C 11 473
YHR059W 7 97
YHR060W 3 54
YHR061C 16 632
YHR062C 15 121
YHR063C 7 61
YHR063W-A 3 64
YHR064C 10 376
YHR065C 19 364
YHR066W 13 227
YHR067W 11 488
YHR068W 17 399
YHR069C 12 593
YHR069C-A 3 274
YHR070W 45 5827
YHR070C-A 35 5362
YHR071W 14 492
YHR071C-A 8 141
YHR072W 31 3352
YHR072W-A 1 4
YHR073W 40 888
YHR073W-A 4 186
YHR073C-B 1 39
YHR074W 21 233
YHR075C 8 274
YHR076W 9 174
YHR077C 30 355
YHR078W 13 306
YHR079C 30 671
YHR079C-A 3 16
YHR080C 71 3327
YHR081W 3 59
YHR082C 43 937
YHR083W 23 410
YHR084W 22 900
YHR085W 5 59
YHR086W 20 426
YHR086W-A 7 392
YHR087W 10 518
YHR088W 3 15
YHR089C 6 693
YHR090C 4 117
YHR091C 23 263
YHR092C 19 331
YHR093W 9 198
YHR094C 23 650
YHR095W 14 353
YHR096C 41 706
YHR097C 29 1371
YHR098C 32 309
YHR099W 87 1902
YHR100C 4 66
YHR101C 9 232
YHR102W 17 277
YHR103W 27 634
YHR104W 9 147
YHR105W 2 51
YHR106W 10 4057
YHR107C 8 125
YHR108W 27 555
YHR109W 16 318
YHR110W 2 82
YHR111W 9 198
YHR112C 21 1810
YHR113W 23 238
YHR114W 30 494
YHR115C 25 2289
YHR116W 13 440
YHR117W 25 940
YHR118C 15 413
YHR119W 32 486
YHR120W 18 181
YHR121W 4 99
YHR122W 11 944
YHR123W 14 302
YHR124W 43 3701
YHR125W 2 32
YHR126C 11 181
YHR127W 3 170
YHR128W 10 205
YHR129C 9 85
YHR130C 6 5107
YHR131C 27 386
YHR131W-A 5 20
YHR132C 31 4406
YHR132W-A 8 164
YHR133C 9 33
YHR134W 16 228
YHR135C 39 2375
YHR136C 11 956
YHR137W 15 389
YHR137C-A 9 330
YHR138C 11 241
YHR139C 11 124
YHR139C-A 12 500
YHR140W 24 1096
YHR141C 4 10
YHR142W 21 553
YHR143W 8 856
YHR143W-A 0 0
YHR144C 12 565
YHR145C 2 10
YHR146W 10 314
YHR147C 3 35
YHR148W 10 218
YHR149C 27 724
YHR150W 35 997
YHR151C 20 710
YHR152W 15 569
YHR153C 5 18
YHR154W 49 1263
YHR155W 29 1287
YHR156C 30 1093
YHR157W 9 266
YHR158C 33 798
YHR159W 31 2101
YHR160C 9 73
YHR161C 56 3781
YHR162W 0 0
YHR163W 4 73
YHR164C 39 1008
YHR165C 62 1053
YHR165W-A 3 85
YHR166C 30 3414
YHR167W 13 296
YHR168W 22 343
YHR169W 20 689
YHR170W 6 57
YHR171W 15 134
YHR172W 34 3063
YHR173C 16 317
YHR174W 29 1314
YHR175W 12 610
YHR175W-A 1 10
YHR176W 24 621
YHR177W 15 274
YHR178W 33 887
YHR179W 10 219
YHR180W 15 169
YHR180W-A 3 101
YHR180C-B 2 25
YHR181W 4 177
YHR182W 37 783
YHR182C-A 6 120
YHR183W 28 867
YHR184W 14 209
YHR185C 6 82
YHR186C 49 751
YHR187W 2 28
YHR188C 20 570
YHR189W 16 293
YHR190W 14 396
YHR191C 5 99
YHR192W 15 666
YHR193C 7 459
YHR193C-A 8 51
YHR194W 34 725
YHR195W 15 507
YHR196W 16 268
YHR197W 5 124
YHR198C 17 240
YHR199C 18 662
YHR199C-A 2 3
YHR200W 14 360
YHR201C 5 59
YHR202W 22 542
YHR203C 8 113
YHR204W 41 1405
YHR205W 22 282
YHR206W 15 160
YHR207C 26 575
YHR208W 15 385
YHR209W 7 62
YHR210C 8 157
YHR211W 23 785
YHR212C 0 0
YHR212W-A 0 0
YHR213W 0 0
YHR213W-A 0 0
YHR213W-B 12 131
YHR214W 0 0
YHR214W-A 0 0
YHR214C-D 0 0
YHR214C-E 1 15
YHR215W 4 43
YHR216W 22 591
YHR217C 11 77
YHR218W 0 0
YHR218W-A 0 0
YHR219W 0 0
YHR219C-A 0 0
YIL177C 0 0
YIL177W-A 0 0
YIL176C 0 0
YIL173W 0 0
YIL172C 0 0
YIL171W-A 0 0
YIL169C 11 200
YIL166C 28 906
YIL165C 5 87
YIL164C 17 377
YIL163C 15 1835
YIL162W 54 7885
YIL161W 5 10
YIL160C 10 285
YIL159W 53 1098
YIL158W 12 1510
YIL157C 9 263
YIL156W-A 15 413
YIL156W-B 7 215
YIL156W 45 3528
YIL155C 61 1665
YIL154C 59 2469
YIL153W 24 584
YIL152W 27 592
YIL151C 19 296
YIL150C 17 444
YIL149C 45 879
YIL148W 2 25
YIL147C 25 430
YIL146C 10 391
YIL145C 6 46
YIL144W 15 513
YIL143C 32 998
YIL142C-A 5 70
YIL142W 32 813
YIL141W 5 23
YIL140W 28 1272
YIL139C 18 342
YIL138C 1 83
YIL137C 49 859
YIL136W 16 465
YIL135C 27 911
YIL134C-A 11 275
YIL134W 9 261
YIL133C 6 74
YIL132C 18 1292
YIL131C 30 1687
YIL130W 32 557
YIL129C 52 726
YIL128W 25 1462
YIL127C 5 132
YIL126W 36 1379
YIL125W 71 2346
YIL124W 10 171
YIL123W 47 1109
YIL122W 20 254
YIL121W 30 992
YIL120W 50 1856
YIL119C 14 405
YIL118W 12 176
YIL117C 13 320
YIL116W 12 304
YIL115W-A 3 44
YIL115C 25 504
YIL114C 4 60
YIL113W 17 352
YIL112W 33 2698
YIL111W 10 504
YIL110W 10 177
YIL109C 41 827
YIL108W 42 1370
YIL107C 31 1127
YIL106W 15 119
YIL105C 43 961
YIL105W-A 1 4
YIL104C 24 452
YIL103W 11 209
YIL102C-A 6 157
YIL102C 3 267
YIL101C 47 1731
YIL100C-A 36 1494
YIL100W 39 1593
YIL099W 29 398
YIL098C 6 72
YIL097W 19 588
YIL096C 20 34343
YIL095W 28 430
YIL094C 15 3772
YIL093C 21 257
YIL092W 23 877
YIL091C 35 711
YIL090W 9 62
YIL089W 7 137
YIL088C 30 611
YIL087C 5 186
YIL086C 16 472
YIL085C 32 858
YIL084C 15 210
YIL083C 6 261
YIL082W 10 205
YIL079C 15 491
YIL078W 33 655
YIL077C 39 1003
YIL076W 5 74
YIL075C 23 353
YIL074C 38 1006
YIL073C 28 769
YIL072W 13 173
YIL071W-A 3 51
YIL071C 11 1903
YIL070C 5 32
YIL069C 5 91
YIL068W-A 6 210
YIL068C 16 580
YIL067C 40 927
YIL066W-A 4 141
YIL066C 35 939
YIL065C 17 517
YIL064W 29 576
YIL063C 18 849
YIL062C 5 148
YIL061C 8 99
YIL060W 4 192
YIL059C 3 189
YIL058W 7 53
YIL057C 8 1527
YIL056W 31 535
YIL055C 37 1166
YIL054W 16 1018
YIL053W 14 508
YIL052C 1 2
YIL051C 10 256
YIL050W 9 311
YIL049W 14 315
YIL048W 26 345
YIL047C-A 6 41
YIL047C 39 947
YIL046W-A 24 4398
YIL046W 36 1345
YIL045W 26 1386
YIL044C 12 243
YIL043C 19 353
YIL042C 26 295
YIL041W 14 173
YIL040W 5 57
YIL039W 21 405
YIL038C 13 174
YIL037C 13 20121
YIL036W 34 813
YIL035C 18 479
YIL034C 18 515
YIL033C 21 651
YIL032C 6 228
YIL031W 30 640
YIL030W-A 9 103
YIL030C 35 672
YIL029W-A 7 226
YIL029C 3 41
YIL028W 4 169
YIL027C 6 137
YIL026C 25 1047
YIL025C 2 71
YIL024C 7 81
YIL023C 16 461
YIL022W 14 241
YIL021W 15 273
YIL021C-A 1 62
YIL020C-A 3 47
YIL020C 12 432
YIL019W 11 423
YIL018W 0 0
YIL017C 37 622
YIL016W 3 16
YIL015W 18 722
YIL014C-A 3 94
YIL014W 16 261
YIL013C 42 770
YIL012W 18 626
YIL011W 11 221
YIL010W 14 237
YIL009C-A 10 468
YIL009W 26 1334
YIL008W 0 0
YIL007C 12 461
YIL006W 22 418
YIL005W 40 1127
YIL004C 9 371
YIL003W 29 830
YIL002W-A 7 70
YIL002C 61 3583
YIL001W 76 5466
YIR001C 32 2098
YIR002C 60 1705
YIR003W 34 1193
YIR004W 10 59
YIR005W 10 144
YIR006C 51 1782
YIR007W 21 241
YIR008C 4 95
YIR009W 2 3
YIR010W 22 625
YIR011C 3 41
YIR012W 14 365
YIR013C 8 237
YIR014W 16 352
YIR015W 18 1062
YIR016W 24 734
YIR017C 29 2019
YIR017W-A 34 2865
YIR018W 9 211
YIR018C-A 7 166
YIR019C 23 526
YIR020C 6 252
YIR020W-A 10 72
YIR020C-B 15 163
YIR021W 22 540
YIR021W-A 6 112
YIR022W 1 1
YIR023W 25 595
YIR023C-A 0 0
YIR024C 6 77
YIR025W 12 236
YIR026C 11 148
YIR027C 13 110
YIR028W 33 513
YIR029W 12 185
YIR030C 8 6946
YIR030W-A 2 242
YIR031C 19 593
YIR032C 12 169
YIR033W 25 595
YIR034C 27 532
YIR035C 12 431
YIR036C 12 196
YIR036W-A 7 116
YIR037W 4 145
YIR038C 6 1423
YIR039C 11 168
YIR040C 6 191
YIR041W 1 6
YIR042C 5 112
YJL225C 0 0
YJL225W-A 0 0
YJL223C 0 0
YJL222W-B 0 0
YJL222W-A 0 0
YJL222W 3 87
YJL221C 0 0
YJL220W 0 0
YJL219W 6 150
YJL218W 13 533
YJL217W 6 107
YJL216C 27 581
YJL215C 9 217
YJL214W 27 443
YJL213W 17 255
YJL212C 44 900
YJL211C 34 2931
YJL210W 38 1343
YJL209W 30 860
YJL208C 15 176
YJL207C 73 2036
YJL206C 30 517
YJL205C 11 328
YJL204C 14 285
YJL203W 6 137
YJL202C 4 109
YJL201W 26 582
YJL200C 52 992
YJL199C 2 8
YJL198W 33 1005
YJL197W 54 1560
YJL197C-A 2 476
YJL196C 24 600
YJL195C 7 37
YJL194W 16 217
YJL193W 5 113
YJL192C 12 1251
YJL191W 32 4690
YJL190C 3 22
YJL189W 3 32
YJL188C 2 8
YJL187C 37 915
YJL186W 30 1578
YJL185C 13 180
YJL184W 5 130
YJL183W 32 788
YJL182C 12 158
YJL181W 16 290
YJL180C 5 131
YJL179W 4 105
YJL178C 10 345
YJL177W 6 50
YJL176C 14 285
YJL175W 6 43
YJL174W 8 151
YJL173C 0 0
YJL172W 31 6668
YJL171C 7 168
YJL170C 15 219
YJL169W 5 159
YJL168C 25 488
YJL167W 12 137
YJL166W 7 159
YJL165C 25 1020
YJL164C 9 1256
YJL163C 35 727
YJL162C 18 2232
YJL161W 11 447
YJL160C 12 281
YJL159W 5 27
YJL158C 26 345
YJL157C 74 3606
YJL156W-A 22 1845
YJL156C 46 1702
YJL155C 20 805
YJL154C 33 775
YJL153C 21 299
YJL152W 24 1539
YJL151C 23 939
YJL150W 25 3748
YJL149W 28 560
YJL148W 10 797
YJL147C 11 170
YJL146W 18 757
YJL145W 13 257
YJL144W 7 100
YJL143W 9 57
YJL142C 1 7
YJL141C 46 898
YJL140W 8 83
YJL139C 16 652
YJL138C 4 87
YJL137C 27 797
YJL136W-A 4 35
YJL136C 5 17
YJL135W 9 1454
YJL134W 13 78
YJL133C-A 13 422
YJL133W 18 118
YJL132W 32 512
YJL131C 10 155
YJL130C 116 4184
YJL129C 19 563
YJL128C 22 968
YJL127W-A 3 37
YJL127C-B 5 67
YJL127C 40 802
YJL126W 16 433
YJL125C 16 141
YJL124C 5 27
YJL123C 15 751
YJL122W 11 305
YJL121C 13 100
YJL120W 6 246
YJL119C 15 251
YJL118W 20 577
YJL117W 16 304
YJL116C 20 499
YJL115W 9 372
YJL112W 32 1824
YJL111W 13 162
YJL110C 9 339
YJL109C 39 1130
YJL108C 9 234
YJL107C 29 989
YJL106W 24 403
YJL105W 10 71
YJL104W 1 97
YJL103C 30 566
YJL102W 22 191
YJL101C 35 931
YJL100W 20 288
YJL099W 34 509
YJL098W 40 641
YJL097W 9 145
YJL096W 7 28
YJL095W 33 422
YJL094C 46 658
YJL093C 23 444
YJL092W 38 556
YJL091C 7 86
YJL090C 23 535
YJL089W 18 277
YJL088W 23 237
YJL087C 14 399
YJL086C 8 74
YJL085W 17 274
YJL084C 22 572
YJL083W 29 803
YJL082W 34 434
YJL081C 6 27
YJL080C 35 652
YJL079C 10 303
YJL078C 75 9449
YJL077W-B 3 74
YJL077C 31 6412
YJL077W-A 7 785
YJL076W 36 701
YJL075C 4 109
YJL074C 20 328
YJL073W 18 1486
YJL072C 6 167
YJL071W 19 734
YJL070C 16 340
YJL069C 9 276
YJL068C 16 131
YJL067W 9 501
YJL066C 22 683
YJL065C 9 89
YJL064W 6 70
YJL063C 9 279
YJL062W-A 21 987
YJL062W 22 628
YJL061W 9 53
YJL060W 10 172
YJL059W 22 508
YJL058C 18 250
YJL057C 12 9474
YJL056C 32 638
YJL055W 5 43
YJL054W 10 271
YJL053W 14 339
YJL052C-A 24 1097
YJL052W 16 718
YJL051W 41 1172
YJL050W 28 435
YJL049W 4 66
YJL048C 20 338
YJL047C-A 5 174
YJL047C 17 596
YJL046W 12 254
YJL045W 27 657
YJL044C 10 222
YJL043W 39 18905
YJL042W 44 1254
YJL041W 9 109
YJL039C 24 391
YJL038C 1 4
YJL037W 14 166
YJL036W 11 417
YJL035C 21 507
YJL034W 29 816
YJL033W 19 190
YJL032W 3 18
YJL031C 3 65
YJL030W 11 1748
YJL029C 26 548
YJL028W 27 919
YJL027C 34 4892
YJL026W 7 181
YJL026C-A 1 6
YJL025W 25 475
YJL024C 5 53
YJL023C 11 262
YJL022W 6 172
YJL020C 37 1108
YJL020W-A 1 29
YJL019W 26 870
YJL016W 21 304
YJL015C 13 2892
YJL014W 11 485
YJL013C 10 241
YJL012C 33 583
YJL011C 4 87
YJL010C 6 154
YJL009W 2 38
YJL008C 14 267
YJL007C 8 2670
YJL006C 11 246
YJL005W 52 2108
YJL004C 21 1295
YJL003W 6 306
YJL002C 35 1587
YJL001W 35 667
YJR001W 90 4081
YJR002W 23 420
YJR003C 29 1216
YJR004C 43 862
YJR005W 23 458
YJR005C-A 0 0
YJR006W 8 146
YJR007W 1 3
YJR008W 31 1764
YJR009C 14 476
YJR010W 36 4220
YJR010C-A 8 186
YJR011C 17 348
YJR012C 12 990
YJR013W 14 155
YJR014W 11 85
YJR015W 19 180
YJR016C 11 286
YJR017C 5 111
YJR018W 8 61
YJR019C 21 824
YJR020W 8 130
YJR021C 21 456
YJR022W 2 54
YJR023C 4 288
YJR024C 10 255
YJR025C 4 31
YJR030C 37 1498
YJR031C 33 479
YJR032W 5 32
YJR033C 27 3004
YJR034W 10 208
YJR035W 29 799
YJR036C 18 581
YJR037W 2 102
YJR038C 8 41
YJR039W 38 741
YJR040W 16 248
YJR041C 9 167
YJR042W 13 380
YJR043C 14 693
YJR044C 7 192
YJR045C 10 80
YJR046W 20 418
YJR047C 5 68
YJR048W 17 351
YJR049C 25 401
YJR050W 9 538
YJR051W 23 509
YJR052W 16 596
YJR053W 24 756
YJR054W 14 163
YJR055W 5 140
YJR056C 6 13
YJR057W 2 48
YJR058C 7 799
YJR059W 28 698
YJR060W 14 344
YJR061W 38 1011
YJR062C 12 223
YJR063W 3 59
YJR064W 36 804
YJR065C 20 439
YJR066W 69 1567
YJR067C 7 139
YJR068W 8 264
YJR069C 6 152
YJR070C 10 238
YJR071W 5 95
YJR072C 28 393
YJR073C 23 532
YJR074W 26 828
YJR075W 21 1105
YJR076C 23 487
YJR077C 22 226
YJR078W 48 3662
YJR079W 26 655
YJR080C 24 496
YJR082C 8 313
YJR083C 11 133
YJR084W 11 661
YJR085C 6 96
YJR086W 5 133
YJR087W 6 96
YJR088C 19 448
YJR089W 24 434
YJR090C 24 814
YJR091C 31 413
YJR092W 42 925
YJR093C 14 1321
YJR094C 17 279
YJR094W-A 9 71
YJR095W 19 309
YJR096W 22 316
YJR097W 3 17
YJR098C 18 254
YJR099W 4 24
YJR100C 13 203
YJR101W 10 480
YJR102C 19 846
YJR103W 64 3924
YJR104C 17 392
YJR105W 27 837
YJR106W 18 599
YJR107W 12 415
YJR108W 16 1053
YJR109C 44 2039
YJR110W 40 1398
YJR111C 24 278
YJR112W 9 110
YJR112W-A 16 731
YJR113C 23 896
YJR114W 17 382
YJR115W 41 1497
YJR116W 30 1306
YJR117W 22 1475
YJR118C 4 76
YJR119C 39 2135
YJR120W 22 1282
YJR121W 27 358
YJR122W 29 748
YJR123W 1 1
YJR124C 22 548
YJR125C 14 971
YJR126C 36 1036
YJR127C 83 3579
YJR128W 19 2301
YJR129C 46 4540
YJR130C 19 629
YJR131W 39 1603
YJR132W 27 609
YJR133W 7 349
YJR134C 19 367
YJR135C 9 118
YJR135W-A 2 5
YJR136C 7 182
YJR137C 66 1509
YJR138W 55 1452
YJR139C 17 290
YJR140C 30 522
YJR140W-A 0 0
YJR141W 4 115
YJR142W 23 1112
YJR143C 23 518
YJR144W 16 388
YJR145C 2 4
YJR146W 18 135
YJR147W 22 2012
YJR148W 37 3168
YJR149W 22 593
YJR150C 13 79
YJR151C 16 518
YJR151W-A 1 2
YJR152W 16 445
YJR153W 13 429
YJR154W 17 647
YJR155W 12 694
YJR156C 3 206
YJR157W 0 0
YJR158W 0 0
YJR159W 0 0
YJR160C 2 16
YJR161C 0 0
YJR162C 4 419
YKL225W 6 35
YKL224C 2 11
YKL223W 5 8
YKL222C 14 420
YKL221W 21 1009
YKL220C 31 1148
YKL219W 14 133
YKL218C 26 675
YKL217W 45 796
YKL216W 9 87
YKL215C 54 1512
YKL214C 8 64
YKL213C 32 802
YKL212W 20 646
YKL211C 22 306
YKL210W 34 1180
YKL209C 52 2913
YKL208W 12 200
YKL207W 10 87
YKL206C 14 317
YKL205W 36 2310
YKL204W 17 200
YKL203C 72 1560
YKL202W 0 0
YKL201C 44 1253
YKL198C 195 57631
YKL197C 52 1958
YKL196C 6 101
YKL195W 8 214
YKL194C 23 1113
YKL193C 15 645
YKL192C 3 89
YKL191W 30 590
YKL190W 1 1
YKL189W 11 64
YKL188C 30 659
YKL187C 53 741
YKL186C 32 4669
YKL185W 32 745
YKL184W 10 352
YKL183C-A 27 7854
YKL183W 44 3770
YKL182W 127 4618
YKL181W 16 445
YKL180W 3 171
YKL179C 9 237
YKL178C 22 897
YKL177W 6 352
YKL176C 26 527
YKL175W 38 867
YKL174C 15 407
YKL173W 17 201
YKL172W 5 181
YKL171W 44 454
YKL170W 6 91
YKL169C 4 6
YKL168C 32 5813
YKL167C 4 50
YKL166C 13 559
YKL165C-A 6 57
YKL165C 35 805
YKL164C 7 129
YKL163W 6 64
YKL162C-A 3 68
YKL162C 13 285
YKL161C 12 142
YKL160W 4 1040
YKL159C 8 93
YKL157W 58 8003
YKL156W 4 95
YKL156C-A 1 2
YKL155C 17 384
YKL154W 12 159
YKL153W 13 260
YKL152C 19 392
YKL151C 31 632
YKL150W 31 9437
YKL149C 17 294
YKL148C 81 2366
YKL147C 30 1370
YKL146W 45 1472
YKL145W 15 468
YKL145W-A 0 0
YKL144C 6 101
YKL143W 19 729
YKL142W 4 39
YKL141W 9 78
YKL140W 13 265
YKL139W 10 289
YKL138C-A 3 130
YKL138C 6 30
YKL137W 1 3
YKL136W 10 158
YKL135C 29 879
YKL134C 29 932
YKL133C 15 170
YKL132C 22 394
YKL131W 4 96
YKL130C 0 0
YKL129C 42 3798
YKL128C 28 744
YKL127W 40 1763
YKL126W 13 246
YKL125W 24 355
YKL124W 23 484
YKL123W 4 95
YKL122C 8 1431
YKL121W 28 652
YKL120W 16 276
YKL119C 13 922
YKL118W 4 145
YKL117W 6 40
YKL116C 14 350
YKL115C 2 10
YKL114C 17 185
YKL113C 13 246
YKL112W 31 3260
YKL111C 4 58
YKL110C 26 1831
YKL109W 36 609
YKL108W 13 223
YKL107W 12 269
YKL106C-A 1 2
YKL106W 16 405
YKL105C 38 1008
YKL104C 30 1039
YKL103C 27 631
YKL102C 15 582
YKL101W 65 1156
YKL100C 15 378
YKL100W-A 1 3
YKL099C 7 282
YKL098W 21 708
YKL097C 34 2515
YKL096C-B 0 0
YKL096W-A 0 0
YKL096W 23 853
YKL095W 12 210
YKL094W 40 1473
YKL093W 17 372
YKL092C 17 225
YKL091C 13 224
YKL090W 27 878
YKL089W 12 110
YKL088W 13 250
YKL087C 19 2658
YKL086W 46 2055
YKL085W 20 533
YKL084W 23 1529
YKL083W 4 3840
YKL082C 7 308
YKL081W 18 1244
YKL080W 10 265
YKL079W 26 1620
YKL078W 8 151
YKL077W 12 332
YKL076C 3 29
YKL075C 13 109
YKL074C 27 360
YKL073W 16 601
YKL072W 30 586
YKL071W 7 206
YKL070W 3 30
YKL069W 10 160
YKL068W-A 6 36
YKL068W 23 287
YKL067W 6 66
YKL066W 12 201
YKL065W-A 1 74
YKL065C 8 160
YKL064W 34 768
YKL063C 9 407
YKL062W 15 156
YKL061W 3 99
YKL060C 24 1316
YKL059C 21 365
YKL058W 4 49
YKL057C 28 686
YKL056C 9 435
YKL055C 17 254
YKL054C 11 223
YKL053C-A 3 11
YKL053W 6 356
YKL052C 22 548
YKL051W 16 2581
YKL050C 34 579
YKL049C 7 71
YKL048C 6 96
YKL047W 28 492
YKL046C 25 1026
YKL045W 29 612
YKL044W 10 433
YKL043W 23 376
YKL042W 6 71
YKL041W 3 62
YKL040C 6 105
YKL039W 31 734
YKL038W 60 6230
YKL037W 21 461
YKL036C 13 249
YKL035W 24 652
YKL034W 31 773
YKL033W-A 10 121
YKL033W 31 397
YKL032C 22 235
YKL031W 13 370
YKL030W 33 1669
YKL029C 104 6369
YKL028W 8 42
YKL027W 16 152
YKL026C 9 1177
YKL025C 24 652
YKL024C 13 393
YKL023C-A 4 166
YKL023W 9 126
YKL022C 36 892
YKL021C 20 497
YKL020C 30 845
YKL019W 12 1558
YKL018C-A 6 189
YKL018W 10 225
YKL017C 19 362
YKL016C 6 129
YKL015W 30 655
YKL014C 34 448
YKL013C 2 16
YKL012W 18 243
YKL011C 20 2680
YKL010C 48 676
YKL009W 4 68
YKL008C 20 199
YKL007W 25 552
YKL006C-A 18 382
YKL006W 1 1
YKL005C 46 1139
YKL004W 35 515
YKL003C 12 445
YKL002W 13 775
YKL001C 12 2021
YKR001C 29 1397
YKR002W 18 543
YKR003W 49 1386
YKR004C 27 203
YKR005C 33 908
YKR006C 5 39
YKR007W 3 64
YKR008W 17 410
YKR009C 49 1371
YKR010C 17 126
YKR011C 14 1998
YKR012C 11 452
YKR013W 21 2053
YKR014C 2 26
YKR015C 20 295
YKR016W 20 359
YKR017C 16 1729
YKR018C 24 427
YKR019C 33 699
YKR020W 4 191
YKR021W 36 613
YKR022C 11 306
YKR023W 20 226
YKR024C 21 792
YKR025W 6 156
YKR026C 9 607
YKR027W 31 992
YKR028W 33 725
YKR029C 9 207
YKR030W 8 125
YKR031C 41 1417
YKR032W 14 171
YKR033C 4 30
YKR034W 10 308
YKR035C 4 183
YKR035W-A 4 183
YKR036C 25 773
YKR037C 11 106
YKR038C 14 153
YKR039W 20 335
YKR040C 34 2950
YKR041W 51 3391
YKR042W 19 414
YKR043C 21 798
YKR044W 36 905
YKR045C 13 297
YKR046C 14 129
YKR047W 13 187
YKR048C 21 431
YKR049C 12 212
YKR050W 23 482
YKR051W 19 233
YKR052C 11 174
YKR053C 29 674
YKR054C 110 3517
YKR055W 12 339
YKR056W 18 344
YKR057W 2 26
YKR058W 20 311
YKR059W 3 222
YKR060W 8 156
YKR061W 31 945
YKR062W 4 10
YKR063C 13 306
YKR064W 32 709
YKR065C 3 8
YKR066C 14 558
YKR067W 36 1293
YKR068C 12 397
YKR069W 22 880
YKR070W 13 1352
YKR071C 7 597
YKR072C 22 625
YKR073C 11 442
YKR074W 5 431
YKR075C 19 849
YKR075W-A 8 528
YKR076W 30 623
YKR077W 6 114
YKR078W 23 465
YKR079C 24 755
YKR080W 23 311
YKR081C 8 153
YKR082W 25 560
YKR083C 4 83
YKR084C 13 186
YKR085C 12 299
YKR086W 28 534
YKR087C 10 56
YKR088C 22 522
YKR089C 24 581
YKR090W 28 1883
YKR091W 13 244
YKR092C 11 177
YKR093W 62 1881
YKR094C 7 242
YKR095W 35 1020
YKR095W-A 4 97
YKR096W 48 1275
YKR097W 30 930
YKR098C 36 1054
YKR099W 24 786
YKR100C 14 201
YKR101W 36 464
YKR102W 38 1383
YKR103W 26 540
YKR104W 9 274
YKR105C 2 3
YKR106W 6 172
YLL067C 0 0
YLL067W-A 0 0
YLL066W-B 0 0
YLL066C 0 0
YLL066W-A 0 0
YLL065W 6 1056
YLL064C 0 0
YLL063C 30 1432
YLL062C 11 150
YLL061W 25 793
YLL060C 17 552
YLL059C 31 1371
YLL058W 9 131
YLL057C 35 1712
YLL056C 18 303
YLL055W 7 48
YLL054C 24 517
YLL053C 8 126
YLL052C 6 502
YLL051C 30 1350
YLL050C 8 126
YLL049W 10 254
YLL048C 46 1160
YLL047W 5 31
YLL046C 5 19
YLL045C 9 92
YLL044W 11 187
YLL043W 12 167
YLL042C 7 106
YLL041C 25 1188
YLL040C 105 3040
YLL039C 24 254
YLL038C 17 282
YLL037W 4 43
YLL036C 2 23
YLL035W 10 103
YLL034C 9 140
YLL033W 5 79
YLL032C 22 447
YLL031C 27 442
YLL030C 12 443
YLL029W 74 6273
YLL028W 50 2467
YLL027W 9 426
YLL026W 52 2395
YLL025W 6 2211
YLL024C 18 499
YLL023C 18 306
YLL022C 27 1143
YLL021W 38 875
YLL020C 1 6
YLL019C 14 189
YLL019W-A 0 0
YLL018C-A 5 194
YLL018C 20 427
YLL015W 31 577
YLL014W 6 73
YLL013C 51 1647
YLL012W 33 1110
YLL011W 24 410
YLL010C 38 1011
YLL009C 1 7
YLL008W 8 281
YLL007C 11 236
YLL006W-A 5 246
YLL006W 7 97
YLL005C 26 411
YLL004W 14 228
YLL003W 20 413
YLL002W 34 949
YLL001W 68 2028
YLR001C 80 4161
YLR002C 16 294
YLR003C 6 145
YLR004C 39 1591
YLR005W 26 757
YLR006C 21 3172
YLR007W 27 779
YLR008C 4 268
YLR009W 2 9
YLR010C 3 32
YLR011W 10 291
YLR012C 6 159
YLR013W 3 27
YLR014C 30 886
YLR015W 21 1004
YLR016C 11 82
YLR017W 8 157
YLR018C 13 229
YLR019W 34 1537
YLR020C 15 855
YLR021W 9 197
YLR022C 16 348
YLR023C 24 2224
YLR024C 111 9571
YLR025W 6 182
YLR026C 4 22
YLR027C 23 1259
YLR028C 44 2998
YLR029C 4 110
YLR030W 7 54
YLR031W 3 609
YLR032W 36 1029
YLR033W 2 135
YLR034C 14 85
YLR035C 25 576
YLR036C 6 79
YLR037C 3 43
YLR038C 6 269
YLR039C 18 812
YLR040C 15 372
YLR041W 10 357
YLR042C 4 212
YLR043C 0 0
YLR044C 66 3527
YLR045C 35 907
YLR046C 7 113
YLR047C 30 708
YLR048W 6 35
YLR049C 8 115
YLR050C 8 231
YLR051C 5 128
YLR052W 0 0
YLR053C 3 7
YLR054C 27 889
YLR055C 24 537
YLR056W 14 1992
YLR057W 49 1271
YLR058C 28 780
YLR059C 36 6600
YLR060W 34 811
YLR061W 4 41
YLR062C 3 35
YLR063W 4 101
YLR064W 5 565
YLR065C 2 14
YLR066W 10 174
YLR067C 27 494
YLR068W 12 612
YLR069C 38 976
YLR070C 25 469
YLR071C 31 476
YLR072W 17 169
YLR073C 11 107
YLR074C 20 613
YLR075W 6 32
YLR076C 4 29
YLR077W 37 1384
YLR078C 15 320
YLR079W 18 428
YLR080W 38 995
YLR081W 67 16951
YLR082C 14 93
YLR083C 19 328
YLR084C 50 2592
YLR085C 44 2862
YLR086W 22 486
YLR087C 110 2838
YLR088W 15 147
YLR089C 5 59
YLR090W 29 1270
YLR091W 27 358
YLR092W 53 2010
YLR093C 7 253
YLR094C 40 3039
YLR095C 44 1304
YLR096W 36 508
YLR097C 12 112
YLR098C 16 326
YLR099C 30 536
YLR099W-A 16 425
YLR100W 21 1151
YLR101C 10 162
YLR102C 11 356
YLR103C 15 164
YLR104W 5 64
YLR105C 13 196
YLR106C 80 2200
YLR107W 19 1491
YLR108C 25 245
YLR109W 15 387
YLR110C 6 36
YLR111W 9 1827
YLR112W 36 1906
YLR113W 41 1332
YLR114C 28 573
YLR115W 20 351
YLR116W 17 296
YLR117C 30 722
YLR118C 4 60
YLR119W 9 161
YLR120C 33 493
YLR120W-A 3 118
YLR121C 18 409
YLR122C 2 3
YLR123C 1 1
YLR124W 6 42
YLR125W 1 10
YLR126C 5 84
YLR127C 22 405
YLR128W 10 150
YLR129W 20 351
YLR130C 25 201
YLR131C 32 1281
YLR132C 11 184
YLR133W 16 169
YLR134W 27 1526
YLR135W 20 480
YLR136C 7 141
YLR137W 37 3716
YLR138W 22 609
YLR139C 21 329
YLR140W 14 229
YLR141W 58 3480
YLR142W 20 406
YLR143W 13 121
YLR144C 27 348
YLR145W 2 31
YLR146C 13 190
YLR146W-A 1 54
YLR147C 3 13
YLR148W 22 721
YLR149C 17 499
YLR149C-A 2 13
YLR150W 5 112
YLR151C 13 3541
YLR152C 15 99
YLR153C 39 571
YLR154C 9 117
YLR154W-A 0 0
YLR154W-B 0 0
YLR154W-C 0 0
YLR154W-E 0 0
YLR154W-F 0 0
YLR154C-G 0 0
YLR154C-H 0 0
YLR155C 0 0
YLR156W 0 0
YLR156C-A 0 0
YLR157C 0 0
YLR157W-D 0 0
YLR157W-E 0 0
YLR157C-C 0 0
YLR158C 0 0
YLR159W 0 0
YLR159C-A 0 0
YLR160C 0 0
YLR161W 0 0
YLR162W 1 2
YLR162W-A 3 160
YLR163C 23 274
YLR163W-A 2 53
YLR164W 7 135
YLR165C 4 22
YLR166C 12 155
YLR167W 7 83
YLR168C 16 331
YLR169W 23 2594
YLR170C 15 1055
YLR171W 11 352
YLR172C 14 400
YLR173W 42 1310
YLR174W 34 499
YLR175W 17 216
YLR176C 22 415
YLR177W 27 1232
YLR178C 22 227
YLR179C 19 2198
YLR180W 24 326
YLR181C 18 363
YLR182W 12 87
YLR183C 21 731
YLR184W 9 245
YLR185W 8 108
YLR186W 12 180
YLR187W 30 818
YLR188W 31 558
YLR189C 51 756
YLR190W 26 2331
YLR191W 8 252
YLR192C 2 9
YLR193C 10 97
YLR194C 22 420
YLR195C 16 243
YLR196W 32 809
YLR197W 7 194
YLR198C 0 0
YLR199C 19 307
YLR200W 0 0
YLR201C 10 312
YLR202C 20 476
YLR203C 28 442
YLR204W 5 18
YLR205C 44 954
YLR206W 21 600
YLR207W 41 412989
YLR208W 14 457
YLR209C 15 720
YLR210W 13 135
YLR211C 4 20
YLR212C 12 99
YLR213C 33 966
YLR214W 25 365
YLR215C 9 48
YLR216C 19 445
YLR217W 14 459
YLR218C 11 1071
YLR219W 17 386
YLR220W 12 166
YLR221C 5 49
YLR222C 25 448
YLR222C-A 0 0
YLR223C 33 610
YLR224W 17 233
YLR225C 13 269
YLR226W 7 64
YLR227C 15 290
YLR228C 30 668
YLR229C 6 54
YLR230W 2 32
YLR231C 21 1707
YLR232W 10 431
YLR233C 25 938
YLR234W 62 1416
YLR235C 28 544
YLR236C 32 950
YLR237W 42 1402
YLR238W 18 292
YLR239C 6 111
YLR240W 26 605
YLR241W 23 655
YLR242C 7 173
YLR243W 7 43
YLR244C 20 570
YLR245C 14 357
YLR246W 13 137
YLR247C 58 1374
YLR248W 33 819
YLR249W 40 595
YLR250W 20 643
YLR251W 9 182
YLR252W 3 56
YLR253W 32 434
YLR254C 10 207
YLR255C 28 1417
YLR256W 83 2227
YLR257W 18 235
YLR258W 51 1640
YLR259C 24 700
YLR260W 41 1259
YLR261C 3 120
YLR262C 4 151
YLR262C-A 2 10
YLR263W 25 490
YLR264W 2 14
YLR264C-A 1 1
YLR265C 7 61
YLR266C 27 498
YLR267W 23 294
YLR268W 8 79
YLR269C 22 951
YLR270W 10 463
YLR271W 14 190
YLR272C 30 882
YLR273C 13 125
YLR274W 21 389
YLR275W 5 82
YLR276C 10 199
YLR277C 24 543
YLR278C 43 836
YLR279W 25 1424
YLR280C 8 316
YLR281C 11 371
YLR282C 12 238
YLR283W 17 754
YLR284C 1 44
YLR285W 3 24
YLR285C-A 6 239
YLR286C 6 392
YLR286W-A 0 0
YLR287C 7 88
YLR287C-A 4 41
YLR288C 28 1013
YLR289W 24 402
YLR290C 7 129
YLR291C 8 53
YLR292C 9 337
YLR293C 5 23
YLR294C 14 216
YLR295C 4 34
YLR296W 28 2942
YLR297W 26 1708
YLR298C 18 810
YLR299W 91 8539
YLR299C-A 6 114
YLR300W 27 753
YLR301W 11 158
YLR302C 29 2249
YLR303W 18 864
YLR304C 78 1795
YLR305C 75 2474
YLR306W 13 322
YLR307W 10 209
YLR307C-A 5 53
YLR308W 14 2095
YLR309C 35 821
YLR310C 29 370
YLR311C 12 231
YLR312C 22 623
YLR312W-A 16 239
YLR313C 19 804
YLR314C 27 800
YLR315W 5 46
YLR316C 33 742
YLR317W 13 138
YLR318W 36 1735
YLR319C 18 394
YLR320W 35 1272
YLR321C 19 269
YLR322W 5 35
YLR323C 10 216
YLR324W 23 393
YLR325C 4 129
YLR326W 23 1392
YLR327C 5 44
YLR328W 29 988
YLR329W 10 128
YLR330W 38 1810
YLR331C 1 23
YLR332W 9 252
YLR333C 15 198
YLR334C 7 262
YLR335W 8 379
YLR336C 29 894
YLR337C 22 238
YLR338W 7 33
YLR339C 4 27
YLR340W 5 32
YLR341W 9 519
YLR342W 57 892
YLR342W-A 1 2
YLR343W 19 243
YLR344W 8 1023
YLR345W 30 1516
YLR346C 6 88
YLR347C 38 771
YLR347W-A 1 75
YLR348C 51 9709
YLR349W 35 7334
YLR350W 8 106
YLR351C 19 820
YLR352W 40 831
YLR353W 28 728
YLR354C 26 680
YLR355C 40 1145
YLR356W 6 28
YLR357W 57 1511
YLR358C 12 338
YLR359W 11 191
YLR360W 15 598
YLR361C 30 870
YLR361C-A 7 80
YLR362W 32 705
YLR363C 4 12
YLR363W-A 1 32
YLR364W 5 87
YLR365W 5 306
YLR364C-A 7 346
YLR366W 24 715
YLR367W 26 867
YLR368W 23 616
YLR369W 17 289
YLR370C 10 199
YLR371W 40 753
YLR372W 9 62
YLR373C 17 618
YLR374C 14 1572
YLR375W 20 931
YLR376C 14 313
YLR377C 28 2140
YLR378C 45 1997
YLR379W 12 1090
YLR380W 19 423
YLR381W 26 359
YLR382C 31 724
YLR383W 27 430
YLR384C 31 512
YLR385C 7 312
YLR386W 26 332
YLR387C 21 263
YLR388W 8 168
YLR389C 69 1527
YLR390W 11 720
YLR390W-A 9 179
YLR392C 29 654
YLR393W 8 58
YLR394W 8 143
YLR395C 6 74
YLR396C 52 992
YLR397C 26 307
YLR398C 43 449
YLR399C 32 448
YLR399W-A 2 4
YLR400W 19 1377
YLR401C 43 871
YLR402W 4 80
YLR403W 20 336
YLR404W 22 903
YLR405W 26 917
YLR406C 10 359
YLR406C-A 5 2526
YLR407W 4 101
YLR408C 5 1365
YLR409C 36 641
YLR410W 67 1623
YLR411W 20 540
YLR412W 9 82
YLR412C-A 1 2
YLR413W 31 1029
YLR414C 34 803
YLR415C 31 1489
YLR416C 31 1242
YLR417W 35 876
YLR418C 9 103
YLR419W 42 1710
YLR420W 16 825
YLR421C 4 795
YLR422W 44 1196
YLR423C 3 14
YLR424W 20 176
YLR425W 37 689
YLR426W 8 59
YLR427W 32 787
YLR428C 11 959
YLR429W 42 943
YLR430W 40 833
YLR431C 21 473
YLR432W 18 363
YLR433C 15 177
YLR434C 3 4
YLR435W 5 84
YLR436C 54 1677
YLR437C 13 91
YLR437C-A 7 109
YLR438W 51 1392
YLR438C-A 2 19
YLR439W 16 137
YLR440C 15 192
YLR441C 12 501
YLR442C 23 499
YLR443W 14 470
YLR444C 1 21
YLR445W 11 426
YLR446W 17 220
YLR447C 18 579
YLR448W 14 303
YLR449W 16 599
YLR450W 53 1961
YLR451W 18 415
YLR452C 29 743
YLR453C 25 581
YLR454W 65 2115
YLR455W 17 531
YLR456W 11 215
YLR457C 17 335
YLR458W 10 81
YLR459W 5 64
YLR460C 14 452
YLR461W 1 17
YLR462W 1 3
YLR463C 1 3
YLR464W 0 0
YLR465C 0 0
YLR466W 0 0
YLR466C-A 0 0
YLR466C-B 1 239
YLR467W 0 0
YLR467C-A 0 0
YML133C 0 0
YML133W-B 0 0
YML133W-A 0 0
YML132W 0 0
YML131W 12 178
YML130C 22 416
YML129C 8 233
YML128C 31 1586
YML127W 27 884
YML126C 31 1170
YML125C 23 316
YML124C 22 385
YML123C 31 953
YML122C 27 1061
YML121W 9 362
YML120C 27 1158
YML119W 14 596
YML118W 31 835
YML117W 40 988
YML116W-A 7 110
YML116W 22 614
YML115C 19 608
YML114C 15 779
YML113W 7 176
YML112W 13 232
YML111W 36 385
YML110C 15 101
YML109W 27 470
YML108W 3 11
YML107C 10 378
YML106W 11 249
YML105C 9 229
YML104C 32 1287
YML103C 40 1327
YML102W 36 1351
YML101C-A 14 456
YML101C 30 2067
YML100W-A 16 468
YML100W 89 4018
YML099W-A 5 194
YML099C 27 888
YML098W 4 162
YML097C 16 876
YML096W 22 581
YML095C 5 70
YML094C-A 8 84
YML094W 6 62
YML093W 17 459
YML092C 6 30
YML091C 41 945
YML090W 11 485
YML089C 22 1527
YML088W 22 368
YML087C 19 2853
YML086C 29 640
YML085C 8 152
YML084W 18 790
YML083C 31 649
YML082W 36 971
YML081C-A 4 183
YML081W 39 815
YML080W 8 156
YML079W 17 2860
YML078W 11 544
YML077W 5 32
YML076C 34 1093
YML075C 53 1537
YML074C 4 17
YML073C 9 103
YML072C 79 2220
YML071C 28 641
YML070W 23 1754
YML069W 4 51
YML068W 18 198
YML067C 15 437
YML066C 14 337
YML065W 13 376
YML064C 9 195
YML063W 3 64
YML062C 17 444
YML061C 14 561
YML060W 9 84
YML059C 43 1562
YML058W-A 5 74
YML058W 12 1686
YML057C-A 4 75
YML057W 27 364
YML056C 37 678
YML055W 12 238
YML054C 44 2776
YML054C-A 20 1493
YML053C 23 1296
YML052W 24 1415
YML051W 45 1314
YML050W 15 328
YML049C 42 1745
YML048W 7 33
YML047W-A 3 12
YML047C 6 56
YML046W 18 258
YML043C 2 5
YML042W 36 683
YML041C 10 336
YML038C 10 205
YML037C 5 32
YML036W 11 143
YML035C 33 600
YML034C-A 14 247
YML034W 36 705
YML032C 13 227
YML031C-A 4 51
YML031W 20 327
YML030W 7 507
YML029W 40 1567
YML028W 25 1561
YML027W 25 12729
YML026C 7 55
YML025C 15 389
YML024W 3 20
YML023C 23 408
YML022W 5 255
YML021C 23 899
YML020W 32 882
YML019W 9 1379
YML018C 27 314
YML017W 40 1389
YML016C 33 635
YML015C 6 56
YML014W 19 414
YML013W 20 476
YML012C-A 10 266
YML012W 10 139
YML011C 9 213
YML010W 20 394
YML009W-B 6 37
YML009C-A 5 72
YML009C 2 16
YML008C 13 206
YML007C-A 9 2717
YML007W 21 337
YML006C 31 770
YML005W 27 855
YML004C 36 1314
YML003W 23 490
YML002W 44 1907
YML001W 15 327
YMR001C 43 1691
YMR001C-A 12 920
YMR002W 13 650
YMR003W 10 334
YMR004W 37 5392
YMR005W 20 412
YMR006C 30 714
YMR007W 21 851
YMR008C 21 233
YMR009W 8 64
YMR010W 17 297
YMR011W 25 253
YMR012W 36 919
YMR013C 11 511
YMR013C-A 1 130
YMR013W-A 3 408
YMR014W 10 165
YMR015C 55 2974
YMR016C 13 135
YMR017W 16 318
YMR018W 20 656
YMR019W 30 953
YMR020W 21 580
YMR021C 10 145
YMR022W 11 204
YMR023C 33 958
YMR024W 11 136
YMR025W 8 38
YMR026C 11 183
YMR027W 17 215
YMR028W 8 69
YMR029C 9 129
YMR030W 17 637
YMR031C 22 451
YMR031W-A 9 187
YMR032W 19 375
YMR030W-A 4 110
YMR033W 7 228
YMR034C 19 224
YMR035W 13 474
YMR036C 14 290
YMR037C 17 292
YMR038C 14 1685
YMR039C 10 142
YMR040W 8 233
YMR041C 6 118
YMR042W 51 10167
YMR043W 14 640
YMR044W 24 505
YMR046W-A 0 0
YMR047C 23 914
YMR048W 13 253
YMR049C 16 213
YMR052W 5 68
YMR052C-A 4 38
YMR053C 29 707
YMR054W 43 4310
YMR055C 23 491
YMR056C 45 6112
YMR057C 31 2805
YMR058W 51 1403
YMR059W 5 23
YMR060C 11 209
YMR061W 9 147
YMR062C 24 482
YMR063W 14 861
YMR064W 24 388
YMR065W 32 2079
YMR066W 19 464
YMR067C 14 273
YMR068W 11 76
YMR069W 65 5942
YMR070W 20 581
YMR071C 11 287
YMR072W 5 95
YMR073C 4 59
YMR074C 10 111
YMR075W 13 81
YMR075C-A 3 38
YMR076C 29 732
YMR077C 11 209
YMR078C 17 267
YMR079W 9 120
YMR080C 23 549
YMR081C 8 304
YMR082C 14 223
YMR083W 19 447
YMR084W 24 468
YMR085W 8 49
YMR086W 35 908
YMR086C-A 16 767
YMR087W 16 334
YMR088C 23 1066
YMR089C 16 182
YMR090W 12 651
YMR091C 21 325
YMR092C 28 608
YMR093W 15 290
YMR094W 10 460
YMR095C 14 471
YMR096W 8 87
YMR097C 13 185
YMR098C 16 442
YMR099C 4 115
YMR100W 24 520
YMR101C 12 91
YMR102C 36 1052
YMR103C 36 1401
YMR104C 35 1337
YMR105C 12 55
YMR105W-A 13 870
YMR106C 42 1478
YMR107W 12 1014
YMR108W 23 863
YMR109W 38 677
YMR110C 25 371
YMR111C 26 796
YMR112C 5 31
YMR113W 20 641
YMR114C 12 843
YMR115W 13 520
YMR116C 17 1058
YMR117C 4 15
YMR118C 18 273
YMR119W 16 367
YMR119W-A 5 60
YMR120C 23 958
YMR121C 11 232
YMR122C 55 11148
YMR122W-A 11 116
YMR123W 1 6
YMR124W 40 1866
YMR125W 17 385
YMR126C 7 387
YMR127C 16 302
YMR128W 23 543
YMR129W 41 1193
YMR130W 10 75
YMR131C 21 482
YMR132C 9 374
YMR133W 11 793
YMR134W 10 209
YMR135C 20 470
YMR135W-A 34 1074
YMR136W 44 1210
YMR137C 21 1262
YMR138W 4 9
YMR139W 14 418
YMR140W 12 269
YMR141C 5 31
YMR142C 0 0
YMR141W-A 0 0
YMR143W 5 44
YMR144W 13 3403
YMR145C 57 1557
YMR146C 20 613
YMR147W 14 185
YMR148W 11 214
YMR149W 13 632
YMR150C 23 1161
YMR151W 12 273
YMR152W 22 617
YMR153W 20 770
YMR153C-A 0 0
YMR154C 25 457
YMR155W 15 362
YMR156C 10 204
YMR157C 14 222
YMR158W 8 60
YMR158C-A 2 10
YMR158W-B 17 791
YMR159C 17 791
YMR160W 25 873
YMR161W 12 440
YMR162C 61 4741
YMR163C 7 50
YMR164C 20 576
YMR165C 45 864
YMR166C 9 483
YMR167W 19 432
YMR168C 24 698
YMR169C 26 301
YMR170C 17 634
YMR171C 16 354
YMR172W 18 266
YMR172C-A 5 256
YMR173W 4 68
YMR173W-A 4 68
YMR174C 1 2
YMR175W 4 16
YMR175W-A 15 463
YMR176W 49 1946
YMR177W 14 154
YMR178W 13 218
YMR179W 26 446
YMR180C 35 1100
YMR181C 9 383
YMR182C 5 126
YMR182W-A 2 26
YMR183C 18 731
YMR184W 10 171
YMR185W 21 293
YMR186W 15 356
YMR187C 19 1795
YMR188C 7 73
YMR189W 36 1635
YMR190C 33 1458
YMR191W 18 303
YMR192W 18 412
YMR193W 5 33
YMR193C-A 2 50
YMR194W 7 107
YMR194C-B 27 4252
YMR194C-A 22 20484
YMR195W 13 310
YMR196W 50 1657
YMR197C 7 49
YMR198W 33 797
YMR199W 20 268
YMR200W 16 400
YMR201C 15 222
YMR202W 25 542
YMR203W 15 619
YMR204C 4 61
YMR205C 23 245
YMR206W 25 848
YMR207C 59 979
YMR208W 26 647
YMR209C 17 585
YMR210W 20 762
YMR211W 14 366
YMR212C 23 728
YMR213W 14 614
YMR214W 17 467
YMR215W 17 189
YMR216C 31 703
YMR217W 17 375
YMR218C 24 373
YMR219W 46 650
YMR220W 22 475
YMR221C 23 1166
YMR222C 7 115
YMR223W 14 145
YMR224C 35 433
YMR225C 7 125
YMR226C 17 172
YMR227C 10 135
YMR228W 9 243
YMR229C 34 623
YMR230W 6 144
YMR230W-A 13 336
YMR231W 42 733
YMR232W 18 178
YMR233W 15 671
YMR234W 13 210
YMR235C 9 158
YMR236W 4 21
YMR237W 21 618
YMR238W 17 309
YMR239C 16 761
YMR240C 21 1028
YMR241W 14 610
YMR242C 12 184
YMR242W-A 1 2
YMR243C 34 7246
YMR244W 25 570
YMR244C-A 7 206
YMR245W 38 2778
YMR246W 80 4710
YMR247C 38 1434
YMR247W-A 1 49
YMR250W 36 1148
YMR251W 57 3196
YMR251W-A 0 0
YMR252C 12 548
YMR253C 29 597
YMR254C 14 768
YMR255W 2 4
YMR256C 3 98
YMR257C 26 686
YMR258C 18 395
YMR259C 19 583
YMR260C 2 5
YMR261C 39 1001
YMR262W 16 248
YMR263W 11 88
YMR264W 6 84
YMR265C 19 520
YMR266W 38 792
YMR267W 14 253
YMR268C 3 46
YMR269W 6 186
YMR270C 10 77
YMR271C 11 237
YMR272C 14 853
YMR272W-A 0 0
YMR272W-B 2 20
YMR273C 35 839
YMR274C 12 239
YMR275C 23 332
YMR276W 20 580
YMR277W 25 336
YMR278W 32 368
YMR279C 16 559
YMR280C 70 1799
YMR281W 10 419
YMR282C 15 210
YMR283C 23 694
YMR284W 13 275
YMR285C 29 1379
YMR286W 3 188
YMR287C 32 784
YMR288W 20 281
YMR289W 14 1012
YMR290C 6 216
YMR290W-A 4 101
YMR291W 28 304
YMR292W 11 536
YMR293C 26 419
YMR294W 9 68
YMR294W-A 0 0
YMR295C 8 187
YMR296C 41 1151
YMR297W 37 863
YMR298W 5 24
YMR299C 9 501
YMR300C 22 243
YMR301C 33 898
YMR302C 34 622
YMR303C 18 1448
YMR304W 42 1154
YMR304C-A 6 137
YMR305C 9 202
YMR306W 63 4177
YMR306C-A 10 1383
YMR307W 17 319
YMR307C-A 1 3
YMR308C 22 559
YMR309C 22 1069
YMR310C 16 206
YMR311C 4 78
YMR312W 2 9
YMR313C 10 214
YMR314W 6 34
YMR315W 23 465
YMR315W-A 4 175
YMR316W 18 475
YMR316C-A 8 128
YMR316C-B 1 25
YMR317W 16 921
YMR318C 42 1671
YMR319C 44 1135
YMR320W 8 103
YMR321C 2 9
YMR322C 0 0
YMR323W 4 38
YMR324C 7 38
YMR325W 1 1
YMR326C 8 1517
YNL339C 0 0
YNL339W-B 0 0
YNL339W-A 0 0
YNL338W 1 1
YNL337W 4 12
YNL336W 2 7
YNL335W 0 0
YNL334C 1 2
YNL333W 2 160
YNL332W 8 199
YNL331C 14 297
YNL330C 26 949
YNL329C 39 612
YNL328C 14 306
YNL327W 17 216
YNL326C 16 381
YNL325C 27 617
YNL324W 5 267
YNL323W 12 210
YNL322C 3 13
YNL321W 32 2978
YNL320W 11 136
YNL319W 4 186
YNL318C 14 381
YNL317W 12 311
YNL316C 12 1339
YNL315C 5 396
YNL314W 22 373
YNL313C 18 248
YNL312W 3 36
YNL311C 27 595
YNL310C 9 100
YNL309W 16 560
YNL308C 14 145
YNL307C 10 88
YNL306W 8 96
YNL305C 13 170
YNL304W 29 582
YNL303W 9 562
YNL302C 1 2
YNL301C 22 420
YNL300W 4 62
YNL299W 27 2031
YNL298W 32 1853
YNL297C 24 848
YNL296W 2 126
YNL295W 18 567
YNL294C 27 1309
YNL293W 34 2195
YNL292W 10 190
YNL291C 21 582
YNL290W 21 344
YNL289W 21 664
YNL288W 16 289
YNL287W 25 468
YNL286W 13 364
YNL285W 23 23903
YNL284C 12 266
YNL283C 24 322
YNL282W 20 620
YNL281W 9 52
YNL280C 18 574
YNL279W 41 3359
YNL278W 76 4480
YNL277W-A 16 3205
YNL277W 33 562
YNL276C 13 234
YNL275W 21 5677
YNL274C 7 73
YNL273W 18 957
YNL272C 9 92
YNL271C 21 576
YNL270C 26 450
YNL269W 29 1952
YNL268W 29 1343
YNL267W 33 366
YNL266W 4 113
YNL265C 23 426
YNL264C 23 1509
YNL263C 10 243
YNL262W 71 2241
YNL261W 17 300
YNL260C 4 154
YNL259C 5 167
YNL258C 21 206
YNL257C 33 1162
YNL256W 20 1487
YNL255C 6 30
YNL254C 20 813
YNL253W 18 264
YNL252C 11 163
YNL251C 40 728
YNL250W 23 1007
YNL249C 21 415
YNL248C 3 17
YNL247W 15 111
YNL246W 22 288
YNL245C 6 67
YNL244C 9 168
YNL243W 64 1696
YNL242W 57 2161
YNL241C 59 1398
YNL240C 52 3467
YNL239W 27 445
YNL238W 25 311
YNL237W 24 637
YNL236W 19 544
YNL235C 8 320
YNL234W 26 1799
YNL233W 28 591
YNL232W 13 339
YNL231C 31 1917
YNL230C 41 1806
YNL229C 10 536
YNL228W 25 771
YNL227C 25 758
YNL226W 7 71
YNL225C 15 376
YNL224C 27 1235
YNL223W 9 79
YNL222W 19 1380
YNL221C 20 543
YNL220W 15 306
YNL219C 22 879
YNL218W 29 723
YNL217W 34 2239
YNL216W 30 512
YNL215W 4 43
YNL214W 8 303
YNL213C 5 131
YNL212W 20 967
YNL211C 6 173
YNL210W 6 92
YNL209W 12 11135
YNL208W 13 289
YNL207W 11 124
YNL206C 13 224
YNL205C 11 532
YNL204C 7 80
YNL203C 12 276
YNL202W 22 591
YNL201C 15 316
YNL200C 10 94
YNL199C 23 811
YNL198C 8 210
YNL197C 8 83
YNL196C 16 212
YNL195C 20 480
YNL194C 12 76
YNL193W 25 365
YNL192W 48 852
YNL191W 22 4343
YNL190W 4 31
YNL189W 11 413
YNL188W 13 154
YNL187W 26 507
YNL186W 32 701
YNL185C 4 35
YNL184C 4 4
YNL183C 18 481
YNL182C 14 181
YNL181W 8 74
YNL180C 9 342
YNL179C 14 404
YNL178W 1 1
YNL177C 5 107
YNL176C 21 423
YNL175C 13 228
YNL174W 1 1
YNL173C 22 436
YNL172W 48 653
YNL171C 2 2
YNL170W 2 28
YNL169C 14 88
YNL168C 15 394
YNL167C 13 179
YNL166C 13 292
YNL165W 14 313
YNL164C 14 1653
YNL163C 36 865
YNL162W-A 3 40
YNL162W 3 10
YNL161W 19 419
YNL160W 9 152
YNL159C 11 250
YNL158W 12 109
YNL157W 4 143
YNL156C 11 247
YNL155W 11 96
YNL154C 26 824
YNL153C 20 297
YNL152W 8 72
YNL151C 11 163
YNL150W 3 212
YNL149C 3 47
YNL148C 50 97130
YNL147W 4 212
YNL146C-A 13 770
YNL146W 9 199
YNL145W 3 45
YNL144C 51 1671
YNL144W-A 1 7
YNL143C 9 499
YNL142W 29 327
YNL141W 18 364
YNL140C 8 150
YNL139C 39 993
YNL138W-A 8 222
YNL138W 10 419
YNL137C 22 351
YNL136W 18 597
YNL135C 4 24
YNL134C 21 270
YNL133C 7 90
YNL132W 13 245
YNL131W 1 4
YNL130C 12 605
YNL130C-A 4 59
YNL129W 7 142
YNL128W 21 1132
YNL127W 27 1017
YNL126W 25 387
YNL125C 29 1097
YNL124W 12 264
YNL123W 27 500
YNL122C 10 256
YNL121C 10 305
YNL120C 3 39
YNL119W 21 586
YNL118C 22 345
YNL117W 33 964
YNL116W 22 759
YNL115C 30 467
YNL114C 3 53
YNL113W 3 58
YNL112W 34 499
YNL111C 3 118
YNL110C 13 261
YNL109W 4 715
YNL108C 14 3345
YNL107W 5 116
YNL106C 53 1323
YNL105W 7 234
YNL104C 59 2083
YNL103W-A 4 873
YNL103W 19 172
YNL102W 33 536
YNL101W 30 861
YNL100W 12 501
YNL099C 12 97
YNL098C 12 162
YNL097C-B 7 1750
YNL097C 24 1974
YNL097W-A 6 60
YNL096C 10 191
YNL095C 21 405
YNL094W 13 194
YNL093W 10 159
YNL092W 26 594
YNL091W 34 733
YNL090W 1 136
YNL089C 1 136
YNL088W 33 1474
YNL087W 54 3196
YNL086W 7 54
YNL085W 33 573
YNL084C 12 1216
YNL083W 18 1045
YNL082W 16 285
YNL081C 4 49
YNL080C 21 443
YNL079C 18 753
YNL078W 26 2613
YNL077W 28 475
YNL076W 24 356
YNL075W 5 113
YNL074C 15 493
YNL073W 25 685
YNL072W 20 2015
YNL071W 15 164
YNL070W 4 7
YNL069C 6 160
YNL068C 25 733
YNL067W-A 5 66
YNL067W-B 6 200
YNL067W 13 585
YNL066W 45 1572
YNL065W 28 634
YNL064C 24 679
YNL063W 14 689
YNL062C 12 737
YNL061W 19 673
YNL059C 13 161
YNL058C 9 171
YNL057W 1 3
YNL056W 8 385
YNL055C 22 1137
YNL054W 15 115
YNL053W 52 2421
YNL052W 17 380
YNL051W 20 352
YNL050C 13 333
YNL049C 25 698
YNL048W 17 751
YNL047C 21 205
YNL046W 15 1432
YNL045W 29 754
YNL044W 5 56
YNL043C 4 27
YNL042W-B 12 132
YNL042W 11 216
YNL041C 28 696
YNL040W 19 142
YNL039W 13 320
YNL038W 13 153
YNL037C 27 398
YNL036W 21 551
YNL035C 11 221
YNL034W 8 126
YNL033W 0 0
YNL032W 11 146
YNL031C 5 172
YNL030W 4 181
YNL029C 24 726
YNL028W 15 772
YNL027W 15 489
YNL026W 13 171
YNL025C 15 216
YNL024C-A 3 30
YNL024C 33 1295
YNL023C 50 1005
YNL022C 15 2866
YNL021W 23 327
YNL020C 38 765
YNL019C 2 14
YNL018C 15 150
YNL017C 18 810
YNL016W 12 286
YNL015W 0 0
YNL014W 22 324
YNL013C 0 0
YNL012W 35 1004
YNL011C 10 159
YNL010W 11 195
YNL009W 24 863
YNL008C 35 1330
YNL007C 15 187
YNL006W 15 191
YNL005C 17 294
YNL004W 63 7590
YNL003C 18 486
YNL002C 6 130
YNL001W 34 1094
YNR001C 55 3230
YNR001W-A 7 138
YNR002C 72 4106
YNR003C 25 306
YNR003W-A 6 74
YNR004W 13 658
YNR005C 7 174
YNR006W 21 621
YNR007C 14 166
YNR008W 42 1450
YNR009W 10 148
YNR010W 8 136
YNR011C 37 779
YNR012W 14 213
YNR013C 49 1994
YNR014W 19 3644
YNR015W 46 1147
YNR016C 105 3206
YNR017W 21 901
YNR018W 31 1112
YNR019W 44 1914
YNR020C 16 238
YNR021W 20 385
YNR022C 5 126
YNR023W 11 341
YNR024W 3 16
YNR025C 3 79
YNR026C 19 417
YNR027W 15 276
YNR028W 5 18
YNR029C 22 588
YNR030W 17 566
YNR031C 83 4876
YNR032W 27 2105
YNR032C-A 5 135
YNR033W 28 1186
YNR034W 18 1112
YNR034W-A 7 71
YNR035C 6 185
YNR036C 11 267
YNR037C 7 188
YNR038W 17 792
YNR039C 23 924
YNR040W 17 254
YNR041C 15 452
YNR042W 2 66
YNR043W 6 84
YNR044W 23 789
YNR045W 10 69
YNR046W 7 438
YNR047W 37 945
YNR048W 13 756
YNR049C 15 282
YNR050C 19 267
YNR051C 11 92
YNR052C 11 100
YNR053C 19 191
YNR054C 16 697
YNR055C 33 1428
YNR056C 36 2612
YNR057C 37 2167
YNR058W 29 1730
YNR059W 33 482
YNR060W 33 413
YNR061C 7 102
YNR062C 4 37
YNR063W 16 368
YNR064C 20 459
YNR065C 21 824
YNR066C 28 837
YNR067C 33 1203
YNR068C 5 49
YNR069C 23 456
YNR070W 40 2283
YNR071C 20 1538
YNR072W 17 213
YNR073C 12 657
YNR074C 10 766
YNR075W 17 487
YNR075C-A 7 592
YNR076W 0 0
YNR077C 1 4
YOL166W-A 2 5
YOL166C 3 46
YOL165C 4 448
YOL164W-A 0 0
YOL164W 28 1306
YOL163W 10 172
YOL162W 4 428
YOL161C 5 120
YOL160W 5 75
YOL159C-A 3 447
YOL159C 10 252
YOL158C 25 493
YOL157C 22 615
YOL156W 8 163
YOL155W-A 0 0
YOL155C 25 4927
YOL154W 6 74
YOL152W 30 807
YOL151W 9 238
YOL150C 2 7
YOL149W 2 13
YOL148C 10 352
YOL147C 11 204
YOL146W 9 244
YOL145C 14 192
YOL144W 14 297
YOL143C 5 53
YOL142W 11 182
YOL141W 32 875
YOL140W 21 255
YOL139C 2 15
YOL138C 43 709
YOL137W 28 767
YOL136C 8 96
YOL135C 11 245
YOL134C 13 435
YOL133W 1 31
YOL132W 17 736
YOL131W 5 49
YOL130W 25 485
YOL129W 10 485
YOL128C 16 510
YOL127W 0 0
YOL126C 25 1200
YOL125W 22 631
YOL124C 19 573
YOL123W 25 758
YOL122C 33 3090
YOL121C 6 100
YOL120C 16 292
YOL119C 19 240
YOL118C 19 1123
YOL117W 23 449
YOL116W 19 1326
YOL115W 32 400
YOL114C 6 38
YOL113W 24 386
YOL112W 27 316
YOL111C 19 286
YOL110W 54 10386
YOL109W 1 14
YOL108C 7 255
YOL107W 27 1469
YOL106W 8 261
YOL105C 9 368
YOL104C 7 117
YOL103W 18 3568
YOL102C 8 151
YOL101C 3 33
YOL100W 21 1712
YOL099C 2 40
YOL098C 36 844
YOL097W-A 9 128
YOL097C 15 267
YOL096C 23 374
YOL095C 18 366
YOL094C 12 193
YOL093W 5 38
YOL092W 12 193
YOL091W 12 138
YOL090W 21 472
YOL089C 33 815
YOL088C 7 73
YOL087C 20 595
YOL086W-A 10 299
YOL086C 13 543
YOL085W-A 12 2656
YOL085C 26 3265
YOL084W 50 3193
YOL083W 7 212
YOL083C-A 0 0
YOL082W 17 630
YOL081W 90 2073
YOL080C 5 289
YOL079W 2 9
YOL078W 35 885
YOL077W-A 8 326
YOL077C 10 156
YOL076W 7 83
YOL075C 38 1076
YOL073C 10 338
YOL072W 16 203
YOL071W 6 30
YOL070C 25 1318
YOL069W 18 295
YOL068C 39 887
YOL067C 6 289
YOL066C 13 156
YOL065C 14 301
YOL064C 5 108
YOL063C 23 424
YOL062C 10 63
YOL061W 29 675
YOL060C 42 1239
YOL059W 36 17700
YOL058W 42 1772
YOL057W 21 317
YOL056W 12 214
YOL055C 25 864
YOL054W 21 707
YOL053W 27 950
YOL052C-A 1 3
YOL052C 33 3243
YOL051W 23 932
YOL050C 4 396
YOL049W 11 131
YOL048C 10 298
YOL047C 12 360
YOL046C 7 185
YOL045W 25 635
YOL044W 11 106
YOL043C 14 480
YOL042W 12 149
YOL041C 13 352
YOL040C 0 0
YOL039W 1 2
YOL038C-A 1 2
YOL038W 9 102
YOL037C 6 140
YOL036W 27 763
YOL035C 6 147
YOL034W 43 1073
YOL033W 17 911
YOL032W 12 123
YOL031C 20 462
YOL030W 19 3334
YOL029C 11 195
YOL028C 14 660
YOL027C 19 349
YOL026C 16 1953
YOL025W 20 615
YOL024W 3 36
YOL023W 26 713
YOL022C 10 218
YOL021C 35 622
YOL020W 32 800
YOL019W-A 14 560
YOL019W 26 918
YOL018C 15 389
YOL017W 22 319
YOL016C 19 448
YOL015W 19 515
YOL014W 0 0
YOL013W-B 1 6
YOL013W-A 9 309
YOL013C 22 716
YOL012C 4 58
YOL011W 24 620
YOL010W 13 200
YOL009C 15 235
YOL008W 5 716
YOL007C 26 890
YOL006C 29 649
YOL005C 7 34
YOL004W 48 682
YOL003C 47 2383
YOL002C 41 34913
YOL001W 33 1729
YOR001W 47 2165
YOR002W 48 2174
YOR003W 34 687
YOR004W 14 215
YOR005C 52 2290
YOR006C 6 146
YOR007C 10 551
YOR008C 2 9
YOR008C-A 4 48
YOR008W-B 1 6
YOR009W 4 25
YOR010C 4 129
YOR011W 39 938
YOR011W-A 2 39
YOR012W 7 197
YOR013W 16 177
YOR014W 21 509
YOR015W 1 4
YOR016C 13 394
YOR017W 26 656
YOR018W 28 1127
YOR019W 29 1192
YOR020C 4 378
YOR020W-A 0 0
YOR021C 3 86
YOR022C 28 925
YOR023C 20 236
YOR024W 21 675
YOR025W 22 385
YOR026W 28 555
YOR027W 22 510
YOR028C 19 302
YOR029W 19 1048
YOR030W 17 872
YOR031W 12 159
YOR032C 11 139
YOR032W-A 14 207
YOR033C 11 301
YOR034C 33 467
YOR034C-A 14 553
YOR035C 22 286
YOR036W 3 11
YOR037W 16 892
YOR038C 28 731
YOR039W 10 159
YOR040W 24 639
YOR041C 8 172
YOR042W 24 396
YOR043W 13 525
YOR044W 13 430
YOR045W 1 3
YOR046C 14 275
YOR047C 4 51
YOR048C 15 224
YOR049C 16 390
YOR050C 8 87
YOR051C 11 139
YOR052C 10 182
YOR053W 7 48
YOR054C 25 650
YOR055W 9 197
YOR056C 21 297
YOR057W 16 201
YOR058C 26 672
YOR059C 25 257
YOR060C 16 575
YOR061W 12 405
YOR062C 18 4559
YOR063W 11 142
YOR064C 15 95
YOR065W 17 338
YOR066W 33 651
YOR067C 20 200
YOR069W 14 234
YOR068C 0 0
YOR070C 10 91
YOR071C 27 425
YOR072W 9 465
YOR072W-A 10 469
YOR072W-B 2 3
YOR073W 14 455
YOR074C 10 92
YOR073W-A 0 0
YOR075W 6 96
YOR076C 23 2399
YOR077W 22 2318
YOR078W 10 430
YOR079C 14 212
YOR080W 21 479
YOR081C 31 378
YOR082C 9 61
YOR083W 30 2685
YOR084W 42 1089
YOR085W 27 2475
YOR086C 28 562
YOR087W 28 517
YOR089C 6 175
YOR090C 31 401
YOR091W 42 2301
YOR092W 22 349
YOR093C 52 2342
YOR094W 3 74
YOR095C 20 333
YOR096W 7 250
YOR097C 11 314
YOR098C 19 351
YOR099W 28 905
YOR100C 19 1409
YOR101W 7 130
YOR102W 1 4
YOR103C 2 5
YOR104W 10 201
YOR105W 3 123
YOR106W 17 113
YOR107W 17 345
YOR108W 33 646
YOR108C-A 1 10
YOR109W 27 1081
YOR110W 14 375
YOR111W 7 91
YOR112W 17 532
YOR113W 21 348
YOR114W 11 431
YOR115C 9 192
YOR116C 33 801
YOR117W 10 159
YOR118W 15 326
YOR119C 22 633
YOR120W 30 441
YOR121C 10 291
YOR122C 11 350
YOR123C 16 217
YOR124C 34 738
YOR125C 5 101
YOR126C 2 8
YOR127W 25 370
YOR128C 13 229
YOR129C 14 208
YOR130C 9 13759
YOR131C 13 176
YOR132W 19 3662
YOR133W 1 12
YOR134W 34 8613
YOR135C 7 112
YOR136W 17 571
YOR137C 25 1023
YOR138C 53 3701
YOR139C 4 54
YOR140W 36 2598
YOR141C 31 803
YOR142W 25 1360
YOR143C 7 154
YOR144C 34 1033
YOR145C 11 473
YOR146W 2 141
YOR147W 19 401
YOR148C 16 121
YOR149C 19 220
YOR150W 3 9
YOR151C 37 952
YOR152C 1 18
YOR153W 82 2566
YOR154W 11 99
YOR155C 14 147
YOR156C 13 390
YOR157C 14 279
YOR158W 11 145
YOR159C 5 43
YOR160W 24 445
YOR161C 28 882
YOR161W-A 1 2
YOR161W-B 3 158
YOR161C-C 13 924
YOR162C 61 2190
YOR163W 7 205
YOR164C 17 507
YOR165W 29 1041
YOR166C 13 399
YOR167C 4 27
YOR168W 24 557
YOR169C 2 5
YOR170W 3 40
YOR171C 15 296
YOR172W 26 348
YOR173W 20 217
YOR174W 13 570
YOR175C 24 345
YOR176W 25 351
YOR177C 19 312
YOR178C 22 353
YOR179C 31 953
YOR180C 1 1
YOR181W 14 163
YOR182C 5 116
YOR183W 32 699
YOR184W 6 118
YOR185C 11 50
YOR186W 21 1436
YOR186C-A 13 1304
YOR187W 28 642
YOR188W 37 659
YOR189W 8 172
YOR190W 17 393
YOR191W 40 849
YOR192C 18 376
YOR192C-C 0 0
YOR193W 8 65
YOR194C 5 28
YOR195W 13 586
YOR196C 14 462
YOR197W 20 381
YOR198C 13 358
YOR199W 15 4136
YOR200W 2 42
YOR201C 8 492
YOR202W 17 726
YOR203W 27 1567
YOR204W 30 322
YOR205C 34 956
YOR206W 8 282
YOR207C 41 816
YOR208W 8 141
YOR209C 15 266
YOR210W 2 2
YOR211C 36 661
YOR212W 25 1385
YOR213C 14 939
YOR214C 8 58
YOR215C 9 187
YOR216C 25 952
YOR217W 29 501
YOR218C 3 51
YOR219C 27 837
YOR220W 14 311
YOR221C 16 398
YOR222W 45 15219
YOR223W 14 136
YOR224C 5 165
YOR225W 8 85
YOR226C 9 189
YOR227W 47 941
YOR228C 17 84
YOR229W 44 2201
YOR230W 23 541
YOR231W 26 776
YOR231C-A 5 90
YOR232W 3 109
YOR233W 32 778
YOR234C 14 218
YOR235W 10 90
YOR236W 11 193
YOR237W 12 325
YOR238W 18 255
YOR239W 16 243
YOR241W 22 395
YOR242C 20 376
YOR243C 16 294
YOR244W 19 374
YOR245C 12 169
YOR246C 11 365
YOR247W 5 100
YOR248W 4 82
YOR249C 20 134
YOR250C 20 390
YOR251C 18 925
YOR252W 8 218
YOR253W 9 651
YOR254C 25 469
YOR255W 11 354
YOR256C 28 741
YOR257W 0 0
YOR258W 3 23
YOR259C 13 224
YOR260W 20 455
YOR261C 10 233
YOR262W 11 174
YOR263C 2 28
YOR264W 13 255
YOR265W 4 1954
YOR266W 16 794
YOR267C 38 2120
YOR268C 38 2263
YOR269W 22 459
YOR270C 35 1894
YOR271C 16 172
YOR272W 6 148
YOR273C 33 425
YOR274W 19 502
YOR275C 27 391
YOR276W 7 120
YOR277C 4 88
YOR278W 7 95
YOR279C 10 271
YOR280C 12 432
YOR281C 12 202
YOR282W 18 1454
YOR283W 11 200
YOR284W 6 67
YOR285W 9 252
YOR286W 8 151
YOR287C 7 123
YOR288C 12 205
YOR289W 26 826
YOR290C 20 263
YOR291W 51 1960
YOR292C 20 558
YOR293W 7 96
YOR293C-A 9 186
YOR294W 4 104
YOR295W 9 1563
YOR296W 43 858
YOR297C 6 213
YOR298W 37 1360
YOR298C-A 11 679
YOR299W 39 1182
YOR300W 8 2495
YOR301W 61 21679
YOR302W 5 52
YOR303W 44 1373
YOR304W 37 1960
YOR304C-A 3 7
YOR305W 1 3
YOR306C 24 498
YOR307C 17 8516
YOR308C 6 385
YOR309C 1 5
YOR310C 11 266
YOR311C 9 279
YOR312C 4 99
YOR313C 11 108
YOR314W 3 135
YOR314W-A 6 99
YOR315W 18 525
YOR316C 43 1700
YOR316C-A 24 27396
YOR317W 49 2876
YOR318C 49 2882
YOR319W 6 186
YOR320C 15 512
YOR321W 35 660
YOR322C 41 1134
YOR323C 15 296
YOR324C 26 1458
YOR325W 14 1130
YOR326W 44 890
YOR327C 6 74
YOR328W 66 5360
YOR329C 16 299
YOR329W-A 1 91
YOR330C 25 640
YOR331C 4 41
YOR332W 5 43
YOR333C 7 112
YOR334W 8 125
YOR335C 39 1082
YOR335W-A 0 0
YOR336W 39 1083
YOR337W 30 1131
YOR338W 24 496
YOR339C 2 18
YOR340C 10 186
YOR341W 13 141
YOR342C 12 223
YOR343C 25 1125
YOR344C 21 5098
YOR345C 3 23
YOR346W 40 760
YOR347C 16 282
YOR348C 207 37257
YOR349W 75 1554
YOR350C 32 2478
YOR351C 23 575
YOR352W 12 379
YOR353C 16 398
YOR354C 26 560
YOR355W 13 236
YOR356W 22 660
YOR357C 14 3364
YOR358W 14 191
YOR359W 16 322
YOR360C 23 802
YOR361C 27 895
YOR362C 11 225
YOR363C 42 1462
YOR364W 22 675
YOR365C 36 905
YOR366W 3 24
YOR367W 5 48
YOR368W 24 451
YOR369C 9 87
YOR370C 23 885
YOR371C 60 16820
YOR372C 11 561
YOR373W 34 836
YOR374W 32 1159
YOR375C 40 1213
YOR376W 23 1529
YOR376W-A 1 1
YOR377W 27 1221
YOR378W 29 1103
YOR379C 21 963
YOR380W 35 1678
YOR381W 19 518
YOR381W-A 5 88
YOR382W 2 4
YOR383C 8 82
YOR384W 23 375
YOR385W 18 588
YOR386W 15 472
YOR387C 2 36
YOR388C 4 52
YOR389W 13 539
YOR390W 3 100
YOR391C 4 23
YOR392W 6 28
YOR393W 0 0
YOR394W 0 0
YOR394C-A 1 1
YOR396W 0 0
YOR396C-A 0 0
YPL283C 0 0
YPL283W-B 0 0
YPL283W-A 0 0
YPL282C 0 0
YPL281C 0 0
YPL280W 0 0
YPL279C 4 33
YPL278C 0 0
YPL277C 14 174
YPL274W 44 3192
YPL273W 6 44
YPL272C 5 47
YPL271W 4 124
YPL270W 44 893
YPL269W 21 1159
YPL268W 24 409
YPL267W 3 48
YPL266W 15 177
YPL265W 58 2455
YPL264C 8 1787
YPL263C 33 1116
YPL262W 36 1094
YPL261C 7 108
YPL260W 11 175
YPL259C 23 727
YPL258C 40 2066
YPL257W 3 26
YPL256C 29 1315
YPL255W 12 419
YPL254W 16 356
YPL253C 21 465
YPL252C 9 116
YPL251W 4 33
YPL250C 22 1114
YPL249C-A 6 76
YPL250W-A 5 40
YPL249C 28 416
YPL248C 20 270
YPL247C 42 1056
YPL246C 16 509
YPL245W 25 2287
YPL244C 29 923
YPL243W 11 267
YPL242C 54 1934
YPL241C 3 12
YPL240C 34 2020
YPL239W 7 113
YPL238C 1 1
YPL237W 3 37
YPL236C 14 309
YPL235W 11 424
YPL234C 8 242
YPL233W 11 197
YPL232W 14 303
YPL231W 91 3661
YPL230W 29 1905
YPL229W 14 393
YPL228W 10 107
YPL227C 10 188
YPL226W 33 691
YPL225W 1 2
YPL224C 34 1339
YPL223C 13 296
YPL222W 38 632
YPL222C-A 4 30
YPL221W 74 6557
YPL220W 2 82
YPL219W 34 1234
YPL218W 10 104
YPL217C 33 557
YPL216W 39 612
YPL215W 8 94
YPL214C 35 1365
YPL213W 22 374
YPL212C 17 220
YPL211W 8 89
YPL210C 16 629
YPL209C 7 134
YPL208W 31 845
YPL207W 27 1214
YPL206C 17 381
YPL205C 8 531
YPL204W 22 277
YPL203W 24 2203
YPL202C 28 1417
YPL201C 27 592
YPL200W 2 16
YPL199C 9 217
YPL198W 32 435
YPL197C 3 65
YPL196W 13 114
YPL195W 17 192
YPL194W 15 170
YPL193W 5 55
YPL192C 0 0
YPL191C 17 797
YPL190C 21 304
YPL189C-A 1 20
YPL189W 28 919
YPL188W 15 1296
YPL187W 0 0
YPL186C 35 1321
YPL185W 26 1314
YPL184C 15 230
YPL183W-A 7 27
YPL183C 35 548
YPL182C 8 667
YPL181W 13 435
YPL180W 19 331
YPL179W 28 1193
YPL178W 10 170
YPL177C 10 208
YPL176C 38 832
YPL175W 24 722
YPL174C 14 529
YPL173W 4 30
YPL172C 8 364
YPL171C 26 665
YPL170W 21 498
YPL169C 11 182
YPL168W 18 282
YPL167C 28 501
YPL166W 11 125
YPL165C 5 39
YPL164C 24 415
YPL163C 10 420
YPL162C 10 1384
YPL161C 21 399
YPL160W 26 354
YPL159C 10 126
YPL158C 28 316
YPL157W 28 692
YPL156C 25 1423
YPL155C 47 2771
YPL154C 14 1138
YPL153C 35 1181
YPL152W-A 0 0
YPL152W 12 49
YPL151C 29 827
YPL150W 18 245
YPL149W 7 96
YPL148C 5 47
YPL147W 20 571
YPL146C 7 124
YPL145C 2 25
YPL144W 16 1841
YPL143W 6 219
YPL142C 0 0
YPL141C 40 570
YPL140C 14 182
YPL139C 6 176
YPL138C 9 77
YPL137C 52 2343
YPL136W 2 122
YPL135W 15 236
YPL135C-A 4 21
YPL134C 31 903
YPL133C 40 1175
YPL132W 9 255
YPL131W 7 245
YPL130W 2 36
YPL129W 2 2
YPL128C 13 309
YPL127C 15 167
YPL126W 12 244
YPL125W 29 726
YPL124W 14 564
YPL123C 9 1000
YPL122C 10 179
YPL121C 4 338
YPL120W 14 309
YPL119C-A 3 17
YPL119C 30 1809
YPL118W 10 154
YPL117C 8 136
YPL116W 25 440
YPL115C 31 537
YPL114W 8 182
YPL113C 19 317
YPL112C 8 13
YPL111W 64 45888
YPL110C 46 59961
YPL109C 39 927
YPL108W 14 681
YPL107W 16 372
YPL106C 21 268
YPL105C 21 406
YPL104W 16 307
YPL103C 22 479
YPL102C 8 354
YPL101W 16 229
YPL100W 14 401
YPL099C 6 190
YPL098C 3 542
YPL097W 13 359
YPL096C-A 3 131
YPL096W 25 651
YPL095C 19 599
YPL094C 19 614
YPL093W 11 236
YPL092W 32 535
YPL091W 22 416
YPL090C 2 7
YPL089C 29 776
YPL088W 19 676
YPL087W 10 95
YPL086C 17 538
YPL085W 48 700
YPL084W 19 639
YPL083C 17 474
YPL082C 50 1004
YPL081W 17 763
YPL080C 18 2508
YPL079W 4 50
YPL078C 10 86
YPL077C 18 551
YPL076W 8 94
YPL075W 30 872
YPL074W 19 732
YPL073C 5 83
YPL072W 12 203
YPL071C 12 736
YPL070W 9 74
YPL069C 18 314
YPL068C 11 454
YPL067C 52 19338
YPL066W 27 1622
YPL065W 6 221
YPL064C 12 732
YPL063W 21 399
YPL062W 35 2710
YPL061W 46 1385
YPL060W 21 453
YPL059W 6 108
YPL058C 46 2214
YPL057C 20 2028
YPL056C 24 3604
YPL055C 33 1040
YPL054W 10 210
YPL053C 20 504
YPL052W 11 73
YPL051W 10 643
YPL050C 5 32
YPL049C 20 303
YPL048W 17 246
YPL047W 7 53
YPL046C 1 15
YPL045W 35 1554
YPL044C 9 243
YPL043W 19 482
YPL042C 26 472
YPL041C 13 253
YPL040C 25 381
YPL039W 12 212
YPL038W-A 3 6
YPL038W 8 458
YPL037C 2 9
YPL036W 26 573
YPL035C 2 17
YPL034W 1 6
YPL033C 7 211
YPL032C 19 211
YPL031C 24 635
YPL030W 17 655
YPL029W 27 682
YPL028W 18 590
YPL027W 10 396
YPL026C 22 354
YPL025C 19 1424
YPL024W 20 315
YPL023C 4 14
YPL022W 19 495
YPL021W 7 170
YPL020C 9 127
YPL019C 34 1276
YPL018W 25 690
YPL017C 43 23452
YPL016W 35 878
YPL015C 37 1460
YPL014W 33 777
YPL013C 6 476
YPL012W 22 612
YPL011C 17 183
YPL010W 5 61
YPL009C 20 642
YPL008W 20 330
YPL007C 8 156
YPL006W 48 9064
YPL005W 23 395
YPL004C 23 322
YPL003W 44 1715
YPL002C 26 1081
YPL001W 34 467
YPR001W 85 5413
YPR002W 52 1826
YPR002C-A 1 3
YPR003C 31 514
YPR004C 9 125
YPR005C 9 153
YPR006C 38 1138
YPR007C 25 475
YPR008W 41 1351
YPR009W 11 396
YPR010C 14 252
YPR010C-A 2 94
YPR011C 32 971
YPR012W 2 13
YPR013C 5 170
YPR014C 7 138
YPR015C 18 373
YPR016C 2 21
YPR016W-A 3 16
YPR017C 5 51
YPR018W 17 370
YPR019W 45 1125
YPR020W 6 37
YPR021C 20 610
YPR022C 35 1167
YPR023C 21 425
YPR024W 12 327
YPR025C 3 87
YPR026W 58 1209
YPR027C 6 143
YPR028W 8 101
YPR029C 19 372
YPR030W 34 1131
YPR031W 24 1748
YPR032W 13 199
YPR033C 16 348
YPR034W 15 352
YPR035W 25 754
YPR036W 51 3291
YPR036W-A 4 94
YPR037C 19 649
YPR038W 16 317
YPR039W 21 645
YPR040W 35 7358
YPR041W 12 184
YPR042C 31 979
YPR043W 2 5
YPR044C 1 4
YPR045C 16 458
YPR046W 9 102
YPR047W 27 703
YPR048W 12 341
YPR049C 22 349
YPR050C 11 192
YPR051W 19 358
YPR052C 2 11
YPR053C 9 219
YPR054W 22 726
YPR055W 26 362
YPR056W 8 143
YPR057W 7 116
YPR058W 6 400
YPR059C 2 18
YPR060C 10 255
YPR061C 16 244
YPR062W 16 244
YPR063C 6 78
YPR064W 23 443
YPR065W 15 67
YPR066W 22 680
YPR067W 11 672
YPR068C 20 401
YPR069C 4 582
YPR070W 16 287
YPR071W 11 195
YPR072W 16 886
YPR073C 10 295
YPR074C 40 1001
YPR074W-A 9 500
YPR075C 5 19
YPR076W 1 2
YPR077C 10 173
YPR078C 19 249
YPR079W 24 473
YPR080W 3 194
YPR081C 39 2732
YPR082C 8 130
YPR083W 26 530
YPR084W 10 157
YPR085C 5 50
YPR086W 21 195
YPR087W 7 96
YPR088C 16 160
YPR089W 26 882
YPR091C 20 461
YPR092W 12 2546
YPR093C 24 2224
YPR094W 10 106
YPR095C 34 1053
YPR096C 7 189
YPR097W 43 881
YPR098C 11 189
YPR099C 6 83
YPR100W 7 234
YPR101W 9 165
YPR102C 0 0
YPR103W 7 188
YPR104C 16 359
YPR105C 17 287
YPR106W 13 225
YPR107C 15 952
YPR108W 12 190
YPR108W-A 13 420
YPR109W 22 947
YPR110C 8 113
YPR111W 22 2607
YPR112C 15 365
YPR113W 12 145
YPR114W 17 2061
YPR115W 32 934
YPR116W 8 316
YPR117W 71 2107
YPR118W 12 540
YPR119W 21 635
YPR120C 17 680
YPR121W 18 1535
YPR122W 61 1460
YPR123C 6 40
YPR124W 24 622
YPR125W 10 391
YPR126C 2 49
YPR127W 15 259
YPR128C 6 178
YPR129W 3 215
YPR130C 2 1072
YPR131C 10 44
YPR132W 3 12
YPR133C 14 207
YPR133W-A 0 0
YPR134W 7 179
YPR135W 23 443
YPR136C 1 47
YPR137W 8 150
YPR138C 29 905
YPR139C 3 37
YPR140W 17 602
YPR141C 24 411
YPR142C 10 648
YPR143W 2 8
YPR144C 14 216
YPR145W 61 2267
YPR145C-A 7 201
YPR146C 12 320
YPR147C 10 139
YPR148C 21 1144
YPR149W 15 426
YPR150W 18 309
YPR151C 18 315
YPR152C 47 2461
YPR153W 18 167
YPR154W 3 24
YPR155C 25 555
YPR156C 19 344
YPR157W 25 427
YPR158W 19 472
YPR159W 38 918
YPR159C-A 2 4
YPR160W 73 9982
YPR160W-A 2 21
YPR160C-A 14 705
YPR161C 20 842
YPR162C 10 130
YPR163C 9 320
YPR164W 36 670
YPR165W 7 26
YPR166C 5 148
YPR167C 8 689
YPR168W 12 160
YPR169W 24 492
YPR170C 13 927
YPR169W-A 3 48
YPR170W-B 12 1048
YPR170W-A 7 973
YPR171W 16 498
YPR172W 8 156
YPR173C 9 553
YPR174C 7 247
YPR175W 21 453
YPR176C 16 214
YPR177C 5 232
YPR178W 27 984
YPR179C 40 1196
YPR180W 5 206
YPR181C 13 408
YPR182W 2 53
YPR183W 14 931
YPR184W 65 6485
YPR185W 33 674
YPR186C 12 238
YPR187W 4 11
YPR188C 8 231
YPR189W 39 1779
YPR190C 20 357
YPR191W 10 453
YPR192W 42 3429
YPR193C 13 375
YPR194C 34 594
YPR195C 41 4810
YPR196W 35 2110
YPR197C 7 309
YPR198W 15 778
YPR199C 14 303
YPR200C 0 0
YPR201W 24 675
YPR202W 0 0
YPR203W 0 0
YPR204W 0 0
YPR204C-A 0 0
