YAL069W 25 372
YAL068W-A 32 537
YAL068C 8 772
YAL067W-A 1 2
YAL067C 17 123
YAL066W 14 170
YAL065C 2 3
YAL064W-B 4 11
YAL064C-A 4 51
YAL064W 6 49
YAL063C-A 3 6
YAL063C 11 144
YAL062W 17 168
YAL061W 51 789
YAL060W 32 433
YAL059C-A 13 257
YAL059W 12 69
YAL058W 14 250
YAL056C-A 13 181
YAL056W 23 756
YAL055W 9 161
YAL054C 47 1487
YAL053W 40 742
YAL051W 18 286
YAL049C 13 150
YAL048C 2 11
YAL047W-A 6 51
YAL047C 6 46
YAL046C 6 75
YAL045C 4 9
YAL044W-A 5 31
YAL044C 15 832
YAL043C 17 764
YAL042C-A 5 15
YAL042W 5 36
YAL041W 22 558
YAL040C 4 11
YAL039C 33 1225
YAL038W 1 12
YAL037C-B 19 200
YAL037C-A 12 91
YAL037W 12 91
YAL036C 1 2
YAL035W 4 35
YAL034C-B 0 0
YAL034W-A 10 102
YAL034C 16 550
YAL033W 6 35
YAL032C 13 126
YAL031W-A 2 3
YAL031C 11 415
YAL030W 5 164
YAL029C 3 15
YAL028W 3 9
YAL027W 5 91
YAL026C-A 2 12
YAL026C 4 18
YAL025C 8 108
YAL024C 16 139
YAL023C 24 350
YAL022C 9 47
YAL021C 16 135
YAL020C 10 36
YAL019W-A 8 37
YAL019W 16 162
YAL018C 16 125
YAL017W 11 108
YAL016C-B 7 123
YAL016C-A 0 0
YAL016W 12 185
YAL015C 1 1
YAL014C 5 30
YAL013W 12 59
YAL012W 4 26
YAL011W 6 44
YAL010C 5 24
YAL009W 2 7
YAL008W 0 0
YAL007C 21 302
YAL005C 29 589
YAL004W 1 28
YAL003W 15 365
YAL002W 21 592
YAL001C 20 545
YAR002W 11 71
YAR002C-A 24 399
YAR003W 16 126
YAR007C 2 3
YAR008W 0 0
YAR014C 10 68
YAR015W 10 68
YAR018C 28 263
YAR019C 5 50
YAR019W-A 1 4
YAR020C 5 16
YAR023C 40 1226
YAR027W 23 406
YAR028W 13 383
YAR029W 10 114
YAR030C 8 73
YAR031W 4 35
YAR033W 13 93
YAR035W 26 487
YAR035C-A 10 77
YAR042W 19 592
YAR047C 1 17
YAR050W 3 25
YAR053W 8 254
YAR060C 0 0
YAR064W 0 0
YAR066W 3 19
YAR068W 0 0
YAR069C 0 0
YAR070C 1 1
YAR071W 1 1
YAR073W 16 212
YAR075W 2 5
YBL113C 0 0
YBL113W-A 13 136
YBL112C 0 0
YBL111C 0 0
YBL109W 0 0
YBL108C-A 0 0
YBL108W 0 0
YBL107W-A 0 0
YBL107C 16 318
YBL106C 13 117
YBL105C 19 525
YBL104C 14 297
YBL103C 21 604
YBL102W 21 610
YBL101C 59 882
YBL100W-C 19 134
YBL100C 2 20
YBL099W 4 7
YBL098W 5 64
YBL097W 21 255
YBL096C 0 0
YBL095W 13 91
YBL094C 1 5
YBL093C 1 2
YBL092W 1 2
YBL091C-A 10 68
YBL091C 1 2
YBL090W 3 20
YBL089W 9 83
YBL088C 15 604
YBL087C 19 107
YBL086C 9 209
YBL085W 32 483
YBL084C 9 86
YBL083C 4 26
YBL082C 24 476
YBL081W 21 321
YBL080C 13 253
YBL079W 15 261
YBL078C 10 120
YBL077W 1 1
YBL076C 13 106
YBL075C 15 205
YBL074C 39 659
YBL073W 0 0
YBL072C 11 186
YBL071C-B 13 204
YBL071W-A 7 117
YBL071C 10 182
YBL070C 11 102
YBL069W 11 124
YBL068W-A 5 29
YBL068W 10 49
YBL067C 32 349
YBL066C 15 140
YBL065W 4 23
YBL064C 4 37
YBL063W 15 472
YBL062W 5 43
YBL061C 29 593
YBL060W 25 563
YBL059C-A 11 94
YBL059W 4 43
YBL058W 14 90
YBL057C 10 116
YBL056W 20 239
YBL055C 7 131
YBL054W 5 83
YBL053W 4 42
YBL052C 22 367
YBL051C 0 0
YBL050W 2 39
YBL049W 13 125
YBL048W 4 17
YBL047C 16 515
YBL046W 19 436
YBL045C 36 570
YBL044W 28 494
YBL043W 54 1015
YBL042C 38 868
YBL041W 46 532
YBL040C 17 1018
YBL039W-B 16 1016
YBL039C 8 131
YBL039C-A 4 10
YBL038W 8 156
YBL037W 21 637
YBL036C 16 159
YBL035C 13 190
YBL034C 15 316
YBL033C 14 580
YBL032W 12 574
YBL031W 11 106
YBL030C 25 1453
YBL029C-A 46 3816
YBL029W 5 105
YBL028C 13 129
YBL027W 17 218
YBL026W 4 57
YBL025W 7 113
YBL024W 10 69
YBL023C 6 18
YBL022C 7 77
YBL021C 4 12
YBL020W 8 43
YBL019W 8 245
YBL018C 18 92
YBL017C 35 351
YBL016W 29 1149
YBL015W 39 378
YBL014C 41 860
YBL013W 16 321
YBL012C 4 29
YBL011W 34 582
YBL010C 11 106
YBL009W 10 58
YBL008W-A 3 12
YBL008W 6 64
YBL007C 19 319
YBL006C 9 121
YBL006W-A 19 221
YBL005W 19 258
YBL004W 12 203
YBL003C 56 522
YBL002W 51 468
YBL001C 37 730
YBR001C 42 647
YBR002C 6 111
YBR003W 0 0
YBR004C 13 292
YBR005W 4 12
YBR006W 27 337
YBR007C 33 364
YBR008C 21 513
YBR009C 24 493
YBR010W 31 519
YBR011C 10 161
YBR012C 1 1
YBR013C 19 234
YBR014C 16 116
YBR015C 19 200
YBR016W 30 417
YBR017C 19 243
YBR018C 31 552
YBR019C 10 50
YBR020W 13 74
YBR021W 10 155
YBR022W 18 129
YBR023C 19 474
YBR024W 9 96
YBR025C 17 168
YBR026C 11 109
YBR027C 3 8
YBR028C 9 81
YBR029C 20 297
YBR030W 19 273
YBR031W 6 37
YBR032W 8 58
YBR033W 58 1539
YBR034C 18 285
YBR035C 25 250
YBR036C 44 1632
YBR037C 3 9
YBR038W 16 244
YBR039W 1 1
YBR040W 0 0
YBR041W 1 9
YBR042C 7 29
YBR043C 28 2892
YBR044C 10 60
YBR045C 4 42
YBR046C 29 191
YBR047W 20 136
YBR048W 13 396
YBR049C 12 93
YBR050C 24 298
YBR051W 7 38
YBR052C 21 216
YBR053C 7 216
YBR054W 11 100
YBR055C 17 192
YBR056W 18 176
YBR056W-A 34 307
YBR056C-B 15 302
YBR057C 25 255
YBR058C 3 20
YBR058C-A 7 46
YBR059C 5 122
YBR060C 13 192
YBR061C 8 87
YBR062C 12 153
YBR063C 17 219
YBR064W 2 4
YBR065C 17 649
YBR066C 31 452
YBR067C 25 758
YBR068C 73 1399
YBR069C 16 253
YBR070C 17 329
YBR071W 13 137
YBR072W 30 714
YBR072C-A 3 22
YBR073W 11 84
YBR074W 19 295
YBR076W 11 190
YBR076C-A 12 122
YBR077C 15 58
YBR078W 24 194
YBR079C 7 51
YBR080C 11 158
YBR081C 13 80
YBR082C 45 489
YBR083W 66 1883
YBR084W 34 740
YBR084C-A 6 21
YBR085W 12 55
YBR085C-A 70 1027
YBR086C 9 53
YBR087W 18 312
YBR088C 4 25
YBR089W 2 3
YBR089C-A 14 522
YBR090C 3 5
YBR091C 7 49
YBR092C 6 48
YBR093C 43 741
YBR094W 19 318
YBR095C 6 34
YBR096W 6 23
YBR097W 0 0
YBR098W 8 93
YBR099C 2 13
YBR101C 11 263
YBR102C 0 0
YBR103W 1 2
YBR103C-A 5 23
YBR104W 22 288
YBR105C 29 760
YBR106W 25 716
YBR107C 22 710
YBR108W 27 231
YBR109C 5 25
YBR109W-A 2 18
YBR110W 5 25
YBR111C 24 389
YBR111W-A 25 419
YBR112C 16 245
YBR113W 0 0
YBR114W 20 176
YBR115C 21 411
YBR116C 8 33
YBR117C 30 373
YBR118W 24 345
YBR119W 22 401
YBR120C 17 256
YBR121C 33 510
YBR121C-A 0 0
YBR122C 5 30
YBR123C 13 107
YBR124W 1 3
YBR125C 16 203
YBR126C 43 324
YBR126W-A 28 147
YBR126W-B 38 225
YBR127C 13 187
YBR128C 5 57
YBR129C 9 140
YBR130C 14 148
YBR131W 15 106
YBR131C-A 0 0
YBR132C 39 1952
YBR133C 21 249
YBR134W 5 20
YBR135W 24 255
YBR136W 3 22
YBR137W 20 560
YBR138C 17 237
YBR139W 12 46
YBR140C 16 247
YBR141C 4 18
YBR141W-A 16 229
YBR142W 5 26
YBR143C 10 237
YBR144C 15 92
YBR145W 39 287
YBR146W 13 327
YBR147W 26 374
YBR148W 8 95
YBR149W 17 190
YBR150C 13 90
YBR151W 15 127
YBR152W 5 28
YBR153W 13 208
YBR154C 7 36
YBR155W 10 158
YBR156C 12 92
YBR157C 8 28
YBR158W 0 0
YBR159W 6 40
YBR160W 11 172
YBR161W 6 27
YBR162C 16 151
YBR162W-A 17 150
YBR163W 14 148
YBR164C 12 84
YBR165W 15 97
YBR166C 7 85
YBR167C 3 15
YBR168W 3 15
YBR169C 15 317
YBR170C 7 80
YBR171W 4 8
YBR172C 17 184
YBR173C 19 512
YBR174C 12 248
YBR175W 0 0
YBR176W 8 83
YBR177C 17 153
YBR178W 7 54
YBR179C 12 121
YBR180W 13 138
YBR181C 13 324
YBR182C 7 84
YBR182C-A 52 733
YBR183W 55 829
YBR184W 12 203
YBR185C 22 234
YBR186W 21 231
YBR187W 48 631
YBR188C 6 350
YBR189W 7 377
YBR190W 15 299
YBR191W 10 304
YBR191W-A 1 4
YBR192W 1 9
YBR193C 4 11
YBR194W 2 5
YBR195C 2 16
YBR196C 22 386
YBR196C-A 35 643
YBR196C-B 27 322
YBR197C 6 82
YBR198C 22 646
YBR199W 11 420
YBR200W 10 72
YBR200W-A 3 48
YBR201W 7 145
YBR201C-A 8 46
YBR202W 1 1
YBR203W 19 144
YBR204C 7 48
YBR205W 9 42
YBR206W 7 37
YBR207W 22 524
YBR208C 21 209
YBR209W 3 12
YBR210W 8 193
YBR211C 13 267
YBR212W 11 236
YBR213W 30 463
YBR214W 26 177
YBR215W 15 764
YBR216C 5 16
YBR217W 8 34
YBR218C 18 146
YBR219C 2 3
YBR220C 12 139
YBR221C 9 31
YBR221W-A 0 0
YBR222C 23 238
YBR223C 7 95
YBR223W-A 24 302
YBR224W 2 16
YBR225W 8 105
YBR226C 1 1
YBR227C 10 84
YBR228W 3 29
YBR229C 6 22
YBR230C 41 351
YBR230W-A 20 349
YBR231C 11 53
YBR232C 4 39
YBR233W 11 40
YBR233W-A 10 98
YBR234C 10 57
YBR235W 11 71
YBR236C 0 0
YBR237W 1 1
YBR238C 23 473
YBR239C 6 25
YBR240C 21 162
YBR241C 26 559
YBR242W 26 559
YBR243C 16 90
YBR244W 16 132
YBR245C 3 8
YBR246W 13 168
YBR247C 8 58
YBR248C 12 110
YBR249C 39 748
YBR250W 10 87
YBR251W 12 96
YBR252W 11 146
YBR253W 5 185
YBR254C 2 34
YBR255W 2 73
YBR255C-A 16 243
YBR256C 6 44
YBR257W 11 178
YBR258C 14 106
YBR259W 8 102
YBR260C 19 135
YBR261C 11 85
YBR262C 13 123
YBR263W 13 68
YBR264C 0 0
YBR265W 3 15
YBR267W 5 33
YBR266C 1 1
YBR268W 12 79
YBR269C 22 161
YBR270C 15 247
YBR271W 10 115
YBR272C 6 14
YBR273C 3 45
YBR274W 5 134
YBR275C 10 48
YBR276C 14 294
YBR277C 22 385
YBR278W 6 208
YBR279W 19 381
YBR280C 8 94
YBR281C 26 596
YBR282W 19 301
YBR283C 24 447
YBR284W 17 213
YBR285W 22 288
YBR286W 6 109
YBR287W 17 238
YBR288C 1 3
YBR289W 4 46
YBR290W 7 52
YBR291C 11 75
YBR292C 4 13
YBR293W 19 239
YBR294W 19 484
YBR295W 18 187
YBR296C 28 232
YBR296C-A 21 613
YBR297W 25 863
YBR298C 21 627
YBR298C-A 5 17
YBR299W 37 852
YBR300C 7 53
YBR301W 4 13
YBR302C 0 0
YCL076W 7 71
YCL073C 4 20
YCL069W 0 0
YCL068C 0 0
YCL067C 0 0
YCL066W 0 0
YCL065W 0 0
YCL064C 24 606
YCL063W 32 1039
YCL061C 6 44
YCL059C 5 14
YCL058C 20 895
YCL058W-A 0 0
YCL057C-A 14 138
YCL057W 18 877
YCL056C 21 313
YCL055W 23 341
YCL054W 2 29
YCL052C 3 76
YCL051W 4 77
YCL050C 12 148
YCL049C 16 162
YCL048W-A 12 60
YCL048W 8 85
YCL047C 7 71
YCL045C 12 348
YCL046W 10 73
YCL044C 7 41
YCL043C 15 456
YCL041C 23 362
YCL042W 1 8
YCL040W 16 458
YCL039W 77 2149
YCL038C 7 74
YCL037C 19 290
YCL036W 17 272
YCL035C 35 331
YCL034W 31 299
YCL033C 5 55
YCL032W 7 50
YCL031C 10 137
YCL030C 30 468
YCL029C 19 312
YCL028W 18 268
YCL027W 7 74
YCL026C-B 12 481
YCL026C-A 7 41
YCL025C 51 1122
YCL023C 5 22
YCL024W 9 61
YCL022C 7 28
YCL021W-A 12 98
YCL018W 26 413
YCL017C 5 45
YCL016C 13 94
YCL014W 17 129
YCL012C 14 117
YCL011C 28 826
YCL010C 26 359
YCL009C 15 250
YCL008C 1 4
YCL007C 30 354
YCL005W-A 7 34
YCL005W 29 459
YCL004W 14 141
YCL002C 14 255
YCL001W 19 345
YCL001W-A 13 63
YCL001W-B 3 31
YCR001W 19 95
YCR002C 13 207
YCR003W 3 18
YCR004C 12 302
YCR005C 52 2960
YCR006C 69 3153
YCR007C 11 63
YCR008W 6 93
YCR009C 11 29
YCR010C 34 597
YCR011C 13 226
YCR012W 2 8
YCR013C 12 117
YCR014C 6 47
YCR015C 8 75
YCR016W 6 66
YCR017C 27 506
YCR018C 0 0
YCR018C-A 10 146
YCR019W 16 132
YCR020C 4 12
YCR020C-A 0 0
YCR020W-B 7 47
YCR021C 12 106
YCR022C 22 172
YCR023C 12 144
YCR024C 40 1147
YCR024C-B 9 51
YCR024C-A 17 361
YCR025C 31 498
YCR026C 21 713
YCR027C 15 282
YCR028C 10 71
YCR028C-A 4 54
YCR030C 26 579
YCR031C 8 142
YCR032W 4 144
YCR033W 8 224
YCR034W 12 165
YCR035C 6 35
YCR036W 1 1
YCR037C 11 62
YCR038C 0 0
YCR038W-A 0 0
YCR039C 0 0
YCR040W 0 0
YCR041W 0 0
YCR042C 2 4
YCR043C 9 262
YCR044C 8 414
YCR045C 24 216
YCR045W-A 7 33
YCR046C 29 516
YCR047C 21 345
YCR047W-A 0 0
YCR049C 8 38
YCR048W 13 303
YCR050C 14 542
YCR051W 11 415
YCR052W 9 215
YCR053W 5 23
YCR054C 3 88
YCR057C 11 190
YCR059C 11 51
YCR060W 21 202
YCR061W 31 1958
YCR064C 23 1439
YCR063W 37 925
YCR065W 26 1356
YCR066W 2 3
YCR067C 26 501
YCR068W 39 957
YCR069W 10 327
YCR071C 7 53
YCR072C 8 31
YCR073C 27 559
YCR073W-A 13 364
YCR075C 7 21
YCR075W-A 8 45
YCR076C 5 22
YCR077C 13 106
YCR079W 4 104
YCR081W 14 202
YCR081C-A 9 51
YCR082W 15 177
YCR083W 5 55
YCR084C 0 0
YCR085W 0 0
YCR086W 9 32
YCR087W 18 71
YCR087C-A 12 93
YCR088W 12 93
YCR089W 25 364
YCR090C 8 75
YCR091W 20 543
YCR092C 6 28
YCR093W 5 117
YCR094W 16 143
YCR095C 18 221
YCR095W-A 17 183
YCR096C 0 0
YCR097W 0 0
YCR097W-A 0 0
YCR098C 23 181
YCR099C 1 2
YCR100C 0 0
YCR101C 11 77
YCR102C 16 381
YCR102W-A 5 29
YCR104W 5 288
YCR105W 11 131
YCR106W 23 391
YCR107W 15 96
YCR108C 10 131
YDL248W 5 33
YDL247W-A 1 5
YDL247W 7 39
YDL246C 0 0
YDL245C 0 0
YDL244W 0 0
YDL243C 10 70
YDL242W 2 5
YDL241W 12 141
YDL240C-A 7 45
YDL240W 30 888
YDL239C 5 12
YDL238C 6 68
YDL237W 4 65
YDL236W 6 83
YDL235C 7 43
YDL234C 5 68
YDL233W 7 69
YDL232W 10 149
YDL231C 18 633
YDL230W 17 620
YDL229W 20 467
YDL228C 24 313
YDL227C 15 232
YDL226C 16 227
YDL225W 10 144
YDL224C 7 38
YDL223C 6 40
YDL222C 35 452
YDL221W 10 66
YDL220C 6 47
YDL219W 2 5
YDL218W 7 134
YDL217C 8 119
YDL216C 9 125
YDL215C 28 391
YDL214C 13 403
YDL213C 10 70
YDL212W 9 66
YDL211C 11 521
YDL210W 18 121
YDL209C 2 5
YDL208W 1 3
YDL207W 6 273
YDL206W 8 101
YDL205C 4 51
YDL204W 7 86
YDL203C 9 56
YDL202W 7 27
YDL201W 19 415
YDL200C 10 57
YDL199C 18 1114
YDL198C 24 182
YDL197C 29 285
YDL196W 22 197
YDL195W 15 124
YDL194W 19 612
YDL193W 9 39
YDL192W 18 199
YDL191W 11 100
YDL190C 10 137
YDL189W 10 136
YDL188C 10 283
YDL187C 13 97
YDL186W 10 283
YDL185C-A 1 2
YDL185W 6 97
YDL184C 30 532
YDL183C 36 399
YDL182W 54 654
YDL181W 17 598
YDL180W 25 372
YDL179W 16 112
YDL178W 2 42
YDL177C 9 68
YDL176W 19 162
YDL175C 20 185
YDL174C 48 697
YDL173W 47 690
YDL172C 27 939
YDL171C 8 253
YDL170W 10 294
YDL169C 13 435
YDL168W 7 50
YDL167C 9 82
YDL166C 0 0
YDL165W 0 0
YDL164C 16 314
YDL163W 0 0
YDL162C 12 54
YDL161W 11 301
YDL160C-A 2 14
YDL160C 22 298
YDL159W-A 0 0
YDL159W 8 54
YDL159C-B 8 99
YDL158C 15 250
YDL157C 10 125
YDL156W 23 357
YDL155W 21 342
YDL154W 11 101
YDL153C 1 6
YDL152W 0 0
YDL151C 1 1
YDL150W 0 0
YDL149W 7 69
YDL148C 5 12
YDL147W 4 18
YDL146W 13 281
YDL145C 5 16
YDL144C 1 9
YDL143W 7 108
YDL142C 7 64
YDL141W 7 74
YDL140C 5 22
YDL139C 8 52
YDL138W 43 2309
YDL137W 75 1951
YDL136W 20 385
YDL135C 24 270
YDL134C 0 0
YDL133C-A 38 421
YDL133W 36 405
YDL132W 9 53
YDL131W 42 553
YDL130W-A 24 223
YDL130W 12 151
YDL129W 19 203
YDL128W 12 164
YDL127W 45 317
YDL126C 26 172
YDL125C 61 1616
YDL124W 82 2075
YDL123W 31 394
YDL122W 29 441
YDL121C 13 232
YDL120W 22 347
YDL119C 18 166
YDL118W 14 106
YDL117W 8 78
YDL116W 11 90
YDL115C 4 16
YDL114W-A 3 17
YDL114W 4 23
YDL113C 15 230
YDL112W 17 229
YDL111C 10 198
YDL110C 25 715
YDL109C 0 0
YDL108W 3 26
YDL107W 2 11
YDL106C 10 117
YDL105W 10 145
YDL104C 2 6
YDL103C 6 21
YDL102W 2 11
YDL101C 18 244
YDL100C 18 181
YDL099W 20 217
YDL098C 9 69
YDL097C 19 96
YDL096C 2 8
YDL095W 12 68
YDL094C 5 32
YDL093W 17 190
YDL092W 13 336
YDL091C 7 64
YDL090C 6 72
YDL089W 7 111
YDL088C 16 134
YDL087C 11 91
YDL086W 13 43
YDL086C-A 20 359
YDL085C-A 46 673
YDL085W 49 662
YDL084W 4 16
YDL083C 7 45
YDL082W 9 384
YDL081C 13 161
YDL080C 14 205
YDL079C 28 261
YDL078C 23 394
YDL077C 19 247
YDL076C 8 136
YDL075W 7 59
YDL074C 13 87
YDL073W 10 66
YDL072C 17 368
YDL071C 5 25
YDL070W 17 389
YDL069C 8 43
YDL068W 7 119
YDL067C 23 342
YDL066W 24 356
YDL065C 2 19
YDL064W 4 42
YDL063C 6 67
YDL062W 3 18
YDL061C 0 0
YDL060W 0 0
YDL059C 8 107
YDL058W 8 46
YDL057W 13 228
YDL056W 15 97
YDL055C 18 174
YDL054C 14 202
YDL053C 29 679
YDL052C 16 276
YDL051W 23 339
YDL050C 3 22
YDL049C 44 633
YDL048C 54 1631
YDL047W 10 43
YDL046W 15 174
YDL045W-A 21 511
YDL045C 1 9
YDL044C 18 306
YDL043C 5 101
YDL042C 14 182
YDL041W 13 269
YDL040C 4 101
YDL039C 9 39
YDL037C 16 219
YDL036C 4 9
YDL035C 16 59
YDL034W 8 53
YDL033C 2 11
YDL032W 10 57
YDL031W 3 47
YDL030W 3 15
YDL029W 5 19
YDL028C 11 168
YDL027C 0 0
YDL026W 6 109
YDL025C 22 239
YDL025W-A 3 6
YDL024C 18 234
YDL022C-A 25 494
YDL023C 8 159
YDL022W 46 1181
YDL021W 13 170
YDL020C 33 232
YDL019C 6 36
YDL018C 25 524
YDL017W 16 153
YDL016C 3 5
YDL015C 0 0
YDL014W 0 0
YDL013W 3 7
YDL012C 11 166
YDL011C 1 1
YDL010W 26 265
YDL009C 4 38
YDL008W 3 12
YDL007C-A 14 177
YDL007W 6 167
YDL006W 11 205
YDL005C 13 83
YDL004W 14 86
YDL003W 12 336
YDL002C 36 609
YDL001W 36 494
YDR001C 36 246
YDR002W 36 246
YDR003W 28 850
YDR003W-A 7 76
YDR004W 22 409
YDR005C 3 24
YDR006C 46 1264
YDR007W 46 1264
YDR008C 63 2416
YDR009W 68 1159
YDR010C 35 665
YDR011W 42 789
YDR012W 24 268
YDR013W 6 90
YDR014W 3 19
YDR014W-A 6 42
YDR015C 4 44
YDR016C 11 89
YDR017C 14 148
YDR018C 14 75
YDR019C 22 248
YDR020C 4 34
YDR021W 4 34
YDR022C 14 184
YDR023W 29 554
YDR024W 0 0
YDR025W 3 12
YDR026C 8 59
YDR027C 14 294
YDR028C 1 1
YDR029W 0 0
YDR030C 10 50
YDR031W 12 75
YDR032C 29 602
YDR033W 16 116
YDR034C 24 506
YDR034C-A 22 494
YDR034W-B 22 494
YDR035W 22 695
YDR036C 31 370
YDR037W 15 130
YDR038C 0 0
YDR039C 0 0
YDR040C 18 284
YDR041W 48 1449
YDR042C 18 288
YDR043C 1 5
YDR044W 12 213
YDR045C 14 202
YDR046C 51 822
YDR047W 39 639
YDR048C 1 9
YDR049W 12 132
YDR050C 20 925
YDR051C 13 127
YDR052C 4 27
YDR053W 0 0
YDR054C 0 0
YDR055W 16 134
YDR056C 26 636
YDR057W 18 580
YDR058C 14 172
YDR059C 36 824
YDR060W 9 73
YDR061W 15 143
YDR062W 9 80
YDR063W 19 531
YDR064W 9 88
YDR065W 3 11
YDR066C 3 79
YDR067C 6 22
YDR068W 5 69
YDR069C 6 63
YDR070C 6 129
YDR071C 21 400
YDR072C 29 805
YDR073W 49 1373
YDR074W 30 207
YDR075W 14 249
YDR076W 9 209
YDR077W 37 625
YDR078C 8 206
YDR079W 6 42
YDR079C-A 4 41
YDR080W 5 9
YDR081C 0 0
YDR082W 0 0
YDR083W 6 37
YDR084C 17 160
YDR085C 36 825
YDR086C 10 207
YDR087C 14 176
YDR088C 3 208
YDR089W 33 275
YDR090C 32 964
YDR091C 18 210
YDR092W 4 48
YDR093W 14 139
YDR094W 22 191
YDR095C 13 159
YDR096W 13 159
YDR097C 13 137
YDR098C 8 82
YDR099W 39 530
YDR100W 26 281
YDR101C 18 338
YDR102C 14 225
YDR103W 14 198
YDR104C 10 78
YDR105C 8 598
YDR106W 7 356
YDR107C 3 26
YDR108W 0 0
YDR109C 24 362
YDR110W 29 628
YDR111C 40 830
YDR112W 4 11
YDR113C 16 180
YDR114C 5 31
YDR115W 13 161
YDR116C 10 89
YDR117C 3 30
YDR118W 4 45
YDR118W-A 5 178
YDR119W 22 1133
YDR119W-A 34 620
YDR120C 2 3
YDR121W 12 66
YDR122W 10 277
YDR123C 30 1641
YDR124W 6 47
YDR125C 11 101
YDR126W 11 113
YDR127W 21 257
YDR128W 10 59
YDR129C 8 32
YDR130C 6 87
YDR131C 7 880
YDR132C 24 163
YDR133C 14 139
YDR135C 38 254
YDR136C 0 0
YDR137W 27 157
YDR138W 29 1344
YDR139C 2 22
YDR140W 3 4
YDR141C 11 145
YDR142C 23 307
YDR143C 0 0
YDR144C 16 159
YDR145W 16 159
YDR146C 19 263
YDR147W 26 475
YDR148C 16 202
YDR149C 5 27
YDR150W 17 205
YDR151C 26 321
YDR152W 23 276
YDR153C 18 146
YDR154C 16 129
YDR155C 17 220
YDR156W 16 126
YDR157W 11 161
YDR158W 33 498
YDR159W 5 20
YDR160W 6 20
YDR161W 2 2
YDR162C 8 45
YDR163W 6 33
YDR164C 5 17
YDR165W 5 41
YDR166C 0 0
YDR167W 2 9
YDR168W 5 21
YDR169C 32 1091
YDR169C-A 6 22
YDR170C 8 141
YDR171W 21 99
YDR172W 24 256
YDR173C 12 57
YDR174W 13 84
YDR175C 26 382
YDR176W 21 183
YDR177W 14 148
YDR178W 17 133
YDR179C 3 32
YDR179W-A 7 58
YDR180W 2 28
YDR181C 0 0
YDR182W 3 17
YDR182W-A 1 7
YDR183W 8 72
YDR183C-A 3 5
YDR184C 7 35
YDR185C 11 41
YDR186C 40 467
YDR187C 3 25
YDR188W 41 513
YDR189W 4 30
YDR190C 5 18
YDR191W 0 0
YDR192C 18 140
YDR193W 1 6
YDR194C 2 22
YDR194W-A 0 0
YDR195W 1 15
YDR196C 7 26
YDR197W 8 24
YDR198C 7 84
YDR199W 10 200
YDR200C 2 8
YDR201W 6 40
YDR202C 6 47
YDR203W 3 22
YDR204W 4 22
YDR205W 4 18
YDR206W 18 255
YDR207C 17 183
YDR208W 13 211
YDR209C 1 2
YDR210W 13 82
YDR211W 9 76
YDR212W 5 33
YDR213W 16 95
YDR214W 24 176
YDR215C 8 72
YDR216W 8 74
YDR217C 5 49
YDR218C 5 26
YDR219C 8 250
YDR220C 5 10
YDR221W 3 243
YDR222W 13 211
YDR223W 2 11
YDR224C 19 258
YDR225W 17 221
YDR226W 30 404
YDR227W 10 65
YDR228C 3 9
YDR229W 23 361
YDR230W 4 113
YDR231C 24 463
YDR232W 41 891
YDR233C 25 492
YDR234W 31 312
YDR235W 8 100
YDR236C 6 41
YDR237W 4 16
YDR238C 7 100
YDR239C 6 26
YDR240C 6 39
YDR241W 0 0
YDR242W 18 358
YDR243C 12 589
YDR244W 8 474
YDR245W 12 218
YDR246W 9 53
YDR246W-A 19 1126
YDR247W 14 236
YDR248C 5 48
YDR249C 32 272
YDR250C 6 42
YDR251W 29 225
YDR252W 4 13
YDR253C 25 408
YDR254W 25 408
YDR255C 16 434
YDR256C 2 2
YDR257C 22 216
YDR258C 38 284
YDR259C 15 244
YDR260C 14 149
YDR261C 12 163
YDR262W 31 1573
YDR263C 15 134
YDR264C 23 619
YDR265W 22 600
YDR266C 20 519
YDR267C 11 93
YDR268W 7 47
YDR269C 4 23
YDR270W 38 908
YDR271C 7 27
YDR272W 8 91
YDR273W 13 84
YDR274C 23 311
YDR275W 51 760
YDR276C 49 599
YDR277C 17 115
YDR278C 6 38
YDR279W 24 1651
YDR280W 10 555
YDR281C 8 100
YDR282C 6 32
YDR283C 12 352
YDR284C 22 533
YDR285W 4 17
YDR286C 8 304
YDR287W 8 311
YDR288W 2 37
YDR289C 5 30
YDR290W 0 0
YDR291W 0 0
YDR292C 3 19
YDR293C 11 117
YDR294C 23 469
YDR295C 18 764
YDR296W 15 745
YDR297W 9 234
YDR298C 22 351
YDR299W 16 223
YDR300C 8 52
YDR301W 5 44
YDR302W 12 137
YDR303C 7 24
YDR304C 11 152
YDR305C 6 67
YDR306C 17 200
YDR307W 10 143
YDR308C 5 24
YDR309C 52 1204
YDR310C 10 117
YDR311W 8 115
YDR312W 41 1593
YDR313C 19 191
YDR314C 24 462
YDR315C 8 42
YDR316W 8 77
YDR317W 5 28
YDR318W 1 4
YDR319C 10 140
YDR320C 5 19
YDR320C-A 11 45
YDR320W-B 9 40
YDR321W 4 12
YDR322W 4 10
YDR322C-A 6 17
YDR323C 5 30
YDR324C 3 7
YDR325W 0 0
YDR326C 16 223
YDR327W 3 27
YDR328C 8 52
YDR329C 9 63
YDR330W 16 122
YDR331W 12 1046
YDR332W 1 4
YDR333C 12 162
YDR334W 18 281
YDR335W 13 292
YDR336W 5 68
YDR337W 9 101
YDR338C 8 122
YDR339C 10 54
YDR340W 3 12
YDR341C 18 151
YDR342C 8 77
YDR343C 11 153
YDR344C 20 326
YDR345C 4 50
YDR346C 19 292
YDR347W 18 294
YDR348C 33 248
YDR349C 26 381
YDR350C 10 52
YDR351W 15 76
YDR352W 25 410
YDR353W 4 24
YDR354W 24 254
YDR354C-A 3 72
YDR355C 1 3
YDR356W 7 102
YDR357C 31 515
YDR358W 33 532
YDR359C 17 301
YDR360W 4 15
YDR361C 7 92
YDR362C 4 49
YDR363W 4 49
YDR363W-A 28 205
YDR364C 3 8
YDR365C 8 207
YDR366C 0 0
YDR367W 13 84
YDR368W 9 125
YDR369C 2 8
YDR370C 11 92
YDR371W 9 146
YDR371C-A 6 45
YDR372C 17 177
YDR373W 17 177
YDR374C 14 188
YDR374W-A 8 81
YDR375C 9 281
YDR376W 33 596
YDR377W 10 28
YDR378C 10 151
YDR379W 9 150
YDR379C-A 37 497
YDR380W 29 450
YDR381W 4 26
YDR381C-A 14 119
YDR382W 14 119
YDR383C 14 111
YDR384C 11 481
YDR385W 45 3130
YDR386W 6 113
YDR387C 31 1007
YDR388W 33 1006
YDR389W 2 5
YDR390C 16 140
YDR391C 21 557
YDR392W 20 709
YDR393W 7 27
YDR394W 15 139
YDR395W 20 555
YDR396W 2 4
YDR397C 11 240
YDR398W 11 240
YDR399W 21 400
YDR400W 15 233
YDR401W 10 47
YDR402C 7 377
YDR403W 5 277
YDR404C 25 605
YDR405W 18 567
YDR406W 38 284
YDR406W-A 2 42
YDR407C 23 177
YDR408C 5 7
YDR409W 4 6
YDR410C 14 194
YDR411C 5 114
YDR412W 15 219
YDR413C 10 35
YDR414C 16 276
YDR415C 1 43
YDR416W 1 43
YDR417C 7 51
YDR418W 0 0
YDR419W 17 575
YDR420W 1 2
YDR421W 10 71
YDR422C 38 865
YDR423C 4 13
YDR424C 8 52
YDR425W 8 89
YDR426C 0 0
YDR427W 31 744
YDR428C 2 40
YDR429C 7 45
YDR430C 0 0
YDR431W 6 38
YDR432W 4 13
YDR433W 4 5
YDR434W 4 15
YDR435C 11 162
YDR436W 11 42
YDR437W 1 27
YDR438W 25 270
YDR439W 7 456
YDR440W 11 214
YDR441C 3 8
YDR442W 3 8
YDR443C 8 73
YDR444W 8 80
YDR445C 2 4
YDR446W 15 100
YDR447C 15 257
YDR448W 14 234
YDR449C 32 1736
YDR450W 22 1374
YDR451C 46 353
YDR452W 46 314
YDR453C 14 81
YDR454C 3 55
YDR455C 1 31
YDR456W 4 59
YDR457W 13 291
YDR458C 18 251
YDR459C 3 10
YDR460W 1 3
YDR461W 20 230
YDR461C-A 14 202
YDR462W 14 171
YDR463W 24 316
YDR464W 5 40
YDR464C-A 0 0
YDR465C 16 131
YDR466W 19 168
YDR467C 0 0
YDR468C 9 143
YDR469W 6 29
YDR470C 13 133
YDR471W 8 83
YDR472W 9 55
YDR473C 1 4
YDR475C 33 597
YDR476C 27 1196
YDR477W 20 296
YDR478W 1 11
YDR479C 25 387
YDR480W 30 444
YDR481C 28 373
YDR482C 14 101
YDR483W 28 287
YDR484W 3 47
YDR485C 6 131
YDR486C 6 37
YDR487C 31 900
YDR488C 0 0
YDR489W 10 50
YDR490C 33 285
YDR491C 2 3
YDR492W 31 258
YDR493W 17 211
YDR494W 20 267
YDR495C 10 72
YDR496C 9 112
YDR497C 25 300
YDR498C 15 183
YDR499W 11 122
YDR500C 7 50
YDR501W 7 44
YDR502C 44 622
YDR503C 18 252
YDR504C 1 1
YDR505C 33 485
YDR506C 10 141
YDR507C 17 319
YDR508C 30 914
YDR509W 11 66
YDR510W 35 373
YDR510C-A 10 50
YDR511W 2 2
YDR512C 3 10
YDR513W 34 378
YDR514C 4 14
YDR515W 7 73
YDR516C 50 1316
YDR517W 43 1125
YDR518W 21 499
YDR519W 11 282
YDR520C 12 55
YDR521W 5 16
YDR522C 8 50
YDR523C 6 143
YDR524C 15 145
YDR524W-C 18 276
YDR524C-B 22 210
YDR524C-A 44 307
YDR525W 13 105
YDR525W-A 46 318
YDR526C 3 4
YDR527W 35 755
YDR528W 12 199
YDR529C 31 947
YDR530C 24 282
YDR531W 26 303
YDR532C 10 125
YDR533C 37 263
YDR534C 12 232
YDR535C 37 363
YDR536W 29 258
YDR537C 18 278
YDR538W 13 165
YDR539W 23 526
YDR540C 39 2245
YDR541C 25 435
YDR542W 13 231
YDR543C 14 340
YDR544C 0 0
YDR545W 0 0
YDR545C-A 0 0
YEL077C 0 0
YEL077W-A 1 1
YEL076C-A 0 0
YEL076C 0 0
YEL075W-A 0 0
YEL075C 1 3
YEL074W 0 0
YEL073C 24 812
YEL072W 49 908
YEL071W 44 505
YEL070W 14 56
YEL069C 11 93
YEL068C 12 81
YEL067C 28 574
YEL066W 25 688
YEL065W 29 319
YEL064C 14 166
YEL063C 6 112
YEL062W 18 257
YEL061C 21 225
YEL060C 39 1536
YEL059C-A 29 936
YEL059W 19 211
YEL058W 26 914
YEL057C 43 1223
YEL056W 17 165
YEL055C 4 27
YEL054C 2 14
YEL053W-A 2 5
YEL053C 15 306
YEL052W 12 249
YEL051W 1 107
YEL050W-A 16 693
YEL050C 26 456
YEL049W 21 345
YEL048C 4 60
YEL047C 26 213
YEL046C 4 18
YEL045C 21 413
YEL044W 24 433
YEL043W 30 910
YEL042W 24 247
YEL041W 18 348
YEL040W 24 741
YEL039C 34 631
YEL038W 27 592
YEL037C 8 120
YEL036C 45 635
YEL035C 1 1
YEL034C-A 38 501
YEL034W 28 1167
YEL033W 1 1
YEL032W 21 179
YEL032C-A 0 0
YEL031W 20 440
YEL030C-A 1 3
YEL030W 0 0
YEL029C 6 33
YEL028W 11 147
YEL027W 23 513
YEL026W 8 23
YEL025C 23 316
YEL024W 26 556
YEL023C 9 174
YEL022W 23 204
YEL021W 17 219
YEL020C-B 1 6
YEL020W-A 26 215
YEL020C 8 456
YEL019C 6 76
YEL018C-A 7 52
YEL018W 2 12
YEL017C-A 15 52
YEL017W 14 251
YEL016C 9 39
YEL015W 13 58
YEL014C 4 25
YEL013W 17 133
YEL012W 28 833
YEL011W 36 341
YEL010W 5 18
YEL009C-A 28 737
YEL009C 5 18
YEL008W 17 840
YEL008C-A 52 1770
YEL007W 37 1057
YEL006W 17 283
YEL005C 18 358
YEL004W 25 153
YEL003W 36 744
YEL002C 35 939
YEL001C 53 454
YER001W 61 2227
YER002W 3 16
YER003C 34 404
YER004W 27 302
YER005W 18 152
YER006W 22 325
YER006C-A 3 26
YER007W 4 39
YER007C-A 11 245
YER008C 0 0
YER009W 0 0
YER010C 13 309
YER011W 38 377
YER012W 12 203
YER013W 4 34
YER014W 9 120
YER014C-A 3 6
YER015W 14 364
YER016W 12 145
YER017C 8 120
YER018C 1 16
YER019W 1 11
YER019C-A 36 570
YER020W 38 786
YER021W 9 100
YER022W 9 55
YER023W 10 109
YER023C-A 15 472
YER024W 14 450
YER025W 10 41
YER026C 29 517
YER027C 6 90
YER028C 15 185
YER029C 3 51
YER030W 0 0
YER031C 27 153
YER032W 16 66
YER033C 44 1302
YER034W 33 481
YER035W 34 361
YER036C 16 200
YER037W 31 1372
YER038C 5 75
YER038W-A 5 129
YER039C 30 299
YER039C-A 13 168
YER040W 30 299
YER041W 7 41
YER042W 21 141
YER043C 16 1167
YER044C 22 189
YER044C-A 4 6
YER045C 15 64
YER046W 8 113
YER046W-A 5 49
YER047C 10 42
YER048C 17 198
YER048W-A 10 217
YER049W 28 281
YER050C 16 97
YER051W 12 96
YER052C 25 463
YER053C 40 213
YER053C-A 13 189
YER054C 15 118
YER055C 32 489
YER056C 56 912
YER056C-A 15 297
YER057C 18 340
YER058W 13 91
YER059W 10 56
YER060W 5 96
YER060W-A 11 83
YER061C 9 55
YER062C 10 91
YER063W 1 1
YER064C 37 224
YER065C 11 57
YER066W 4 18
YER066C-A 10 82
YER067W 24 429
YER067C-A 10 86
YER068W 13 101
YER068C-A 5 30
YER069W 39 535
YER070W 7 86
YER071C 14 130
YER072W 9 76
YER073W 22 396
YER074W 9 50
YER074W-A 10 29
YER075C 31 372
YER076C 8 95
YER076W-A 0 0
YER077C 16 197
YER078C 31 294
YER078W-A 6 35
YER079W 28 273
YER079C-A 6 80
YER080W 14 145
YER081W 1 17
YER082C 10 135
YER083C 8 104
YER084W 4 20
YER084W-A 10 114
YER085C 7 60
YER086W 5 21
YER087W 8 35
YER087C-A 2 2
YER087C-B 8 95
YER088C 39 911
YER088C-A 13 161
YER088W-B 55 3851
YER089C 3 26
YER090W 5 60
YER090C-A 1 1
YER091C 28 390
YER091C-A 26 268
YER092W 37 443
YER093C 5 37
YER093C-A 10 51
YER094C 14 94
YER095W 15 96
YER096W 17 344
YER097W 6 48
YER098W 27 427
YER099C 0 0
YER100W 2 20
YER101C 10 411
YER102W 7 147
YER103W 8 136
YER104W 2 3
YER105C 6 23
YER106W 7 21
YER107C 6 66
YER107W-A 0 0
YER109C 24 224
YER110C 16 159
YER111C 5 669
YER112W 14 140
YER113C 17 252
YER114C 14 385
YER115C 2 21
YER116C 6 73
YER117W 6 73
YER118C 37 1073
YER119C 16 147
YER119C-A 1 20
YER120W 28 558
YER121W 10 88
YER122C 10 75
YER123W 9 74
YER124C 39 574
YER125W 0 0
YER126C 0 0
YER127W 0 0
YER128W 4 15
YER129W 3 14
YER130C 47 593
YER131W 24 110
YER132C 6 528
YER133W 14 191
YER133W-A 8 82
YER134C 11 67
YER135C 20 1006
YER136W 26 525
YER137C 4 37
YER137W-A 6 89
YER138W-A 10 25
YER139C 21 528
YER140W 17 501
YER141W 21 286
YER142C 14 197
YER143W 13 235
YER144C 12 70
YER145C 10 407
YER145C-A 18 120
YER146W 1 6
YER147C 7 48
YER147C-A 1 9
YER148W 9 66
YER148W-A 2 11
YER149C 19 138
YER150W 43 590
YER151C 23 308
YER152C 19 277
YER152W-A 6 36
YER153C 15 167
YER154W 45 479
YER155C 32 642
YER156C 8 34
YER157W 16 280
YER158C 14 527
YER158W-A 21 363
YER159C 20 316
YER161C 11 352
YER162C 27 598
YER163C 6 194
YER164W 29 1219
YER165W 6 12
YER165C-A 6 21
YER166W 1 52
YER167W 14 309
YER168C 11 59
YER169W 16 111
YER170W 14 82
YER171W 3 9
YER172C 2 26
YER172C-A 2 3
YER173W 0 0
YER174C 16 161
YER175C 13 78
YER175W-A 13 136
YER176W 16 141
YER177W 48 1081
YER178W 39 508
YER179W 18 170
YER180C 7 39
YER180C-A 15 149
YER181C 1 5
YER182W 3 22
YER183C 7 138
YER184C 27 301
YER185W 32 275
YER186C 19 153
YER187W 10 63
YER188W 35 654
YER188C-A 66 2067
YER189W 1 1
YER190W 1 1
YER190C-A 0 0
YER190C-B 0 0
YFL068W 0 0
YFL067W 0 0
YFL066C 0 0
YFL065C 0 0
YFL064C 4 42
YFL063W 36 449
YFL062W 8 52
YFL061W 4 98
YFL060C 5 21
YFL059W 3 16
YFL058W 3 17
YFL057C 3 54
YFL056C 2 11
YFL055W 24 337
YFL054C 31 424
YFL053W 30 425
YFL052W 43 862
YFL051C 4 22
YFL050C 4 20
YFL049W 10 43
YFL048C 10 291
YFL047W 6 183
YFL046W 6 24
YFL045C 8 47
YFL044C 7 144
YFL042C 6 52
YFL041W-A 3 5
YFL041W 7 164
YFL040W 0 0
YFL039C 9 46
YFL038C 2 10
YFL037W 4 20
YFL036W 34 3218
YFL034C-B 13 83
YFL034C-A 19 499
YFL034W 19 521
YFL033C 21 371
YFL032W 23 377
YFL031W 30 1202
YFL031C-A 14 159
YFL030W 15 152
YFL029C 1 2
YFL028C 12 84
YFL027C 1 2
YFL026W 2 5
YFL025C 13 247
YFL024C 2 9
YFL023W 2 9
YFL022C 24 289
YFL021C-A 1 7
YFL021W 43 569
YFL020C 2 11
YFL019C 4 21
YFL018C 13 116
YFL017W-A 19 173
YFL017C 11 85
YFL016C 16 187
YFL015W-A 2 7
YFL015C 8 64
YFL014W 30 350
YFL013W-A 7 57
YFL013C 26 457
YFL012W-A 10 150
YFL012W 8 57
YFL011W 21 325
YFL010W-A 20 235
YFL010C 5 39
YFL009W 9 74
YFL008W 15 347
YFL007W 36 326
YFL005W 14 51
YFL004W 4 43
YFL003C 21 383
YFL002C 2 23
YFL001W 0 0
YFR001W 18 276
YFR002W 7 64
YFR003C 0 0
YFR004W 2 7
YFR005C 36 1359
YFR006W 7 66
YFR007W 15 197
YFR008W 9 90
YFR009W 6 94
YFR009W-A 0 0
YFR010W 14 212
YFR010W-A 21 228
YFR011C 16 92
YFR012W 12 62
YFR012W-A 5 22
YFR013W 6 172
YFR014C 18 199
YFR015C 29 1094
YFR016C 14 232
YFR017C 112 3663
YFR018C 27 796
YFR019W 55 1119
YFR020W 3 12
YFR021W 4 57
YFR022W 26 272
YFR023W 6 57
YFR024C-A 19 182
YFR025C 18 268
YFR026C 8 72
YFR027W 10 124
YFR028C 49 1453
YFR029W 23 379
YFR030W 30 515
YFR031C 4 20
YFR031C-A 24 445
YFR032C 15 65
YFR032C-A 35 541
YFR032C-B 28 250
YFR033C 54 2102
YFR034C 51 4530
YFR034W-A 28 365
YFR035C 27 525
YFR036W 36 492
YFR036W-A 19 178
YFR037C 6 45
YFR038W 0 0
YFR039C 9 246
YFR040W 3 87
YFR041C 1 17
YFR042W 6 69
YFR043C 12 192
YFR044C 6 85
YFR045W 10 170
YFR046C 5 7
YFR047C 11 160
YFR048W 11 104
YFR049W 14 113
YFR050C 6 80
YFR051C 19 161
YFR052W 24 357
YFR052C-A 20 222
YFR053C 23 381
YFR054C 3 11
YFR056C 5 90
YFR055W 33 546
YFR057W 11 63
YGL263W 7 115
YGL262W 5 40
YGL261C 0 0
YGL260W 0 0
YGL259W 8 61
YGL258W-A 5 50
YGL258W 5 35
YGL257C 18 427
YGL256W 15 127
YGL255W 29 713
YGL254W 14 65
YGL253W 47 1016
YGL252C 28 336
YGL251C 9 61
YGL250W 15 170
YGL249W 6 74
YGL248W 31 786
YGL247W 7 68
YGL246C 1 3
YGL245W 2 16
YGL244W 14 242
YGL243W 2 5
YGL242C 31 582
YGL241W 22 175
YGL240W 18 435
YGL239C 1 17
YGL238W 7 37
YGL237C 22 499
YGL236C 16 372
YGL235W 6 30
YGL234W 14 346
YGL233W 4 37
YGL232W 1 8
YGL231C 0 0
YGL230C 3 29
YGL229C 5 36
YGL228W 5 36
YGL227W 24 212
YGL226C-A 15 73
YGL226W 5 70
YGL225W 15 170
YGL224C 27 212
YGL223C 9 221
YGL222C 28 1673
YGL221C 14 66
YGL220W 2 46
YGL219C 10 79
YGL218W 0 0
YGL217C 4 48
YGL216W 10 79
YGL215W 1 5
YGL214W 7 183
YGL213C 3 39
YGL212W 3 15
YGL211W 7 74
YGL210W 9 48
YGL209W 11 85
YGL208W 14 103
YGL207W 9 85
YGL206C 3 11
YGL205W 3 11
YGL204C 3 16
YGL203C 10 378
YGL202W 34 660
YGL201C 6 53
YGL200C 12 153
YGL199C 18 153
YGL198W 8 39
YGL197W 16 143
YGL196W 9 105
YGL195W 11 66
YGL194C-A 13 160
YGL194C 11 130
YGL193C 4 14
YGL192W 13 135
YGL191W 35 1839
YGL190C 3 13
YGL189C 5 194
YGL188C-A 5 194
YGL188C 8 89
YGL187C 33 775
YGL186C 26 306
YGL185C 22 387
YGL184C 44 629
YGL183C 25 708
YGL182C 20 568
YGL181W 28 791
YGL180W 10 152
YGL179C 45 590
YGL178W 17 114
YGL177W 14 58
YGL176C 8 57
YGL175C 2 32
YGL174W 5 24
YGL173C 3 10
YGL172W 3 10
YGL171W 3 24
YGL170C 1 29
YGL169W 1 16
YGL168W 0 0
YGL167C 12 119
YGL166W 18 259
YGL165C 1 18
YGL164C 15 150
YGL163C 34 517
YGL162W 40 1024
YGL161C 18 294
YGL160W 23 423
YGL159W 8 31
YGL158W 21 148
YGL157W 12 164
YGL156W 16 141
YGL155W 4 18
YGL154C 3 13
YGL153W 5 17
YGL152C 1 9
YGL151W 9 352
YGL150C 20 152
YGL149W 1 3
YGL148W 25 1227
YGL147C 29 656
YGL146C 29 627
YGL145W 29 627
YGL144C 13 130
YGL143C 9 53
YGL142C 1 2
YGL141W 0 0
YGL140C 22 264
YGL139W 20 261
YGL138C 4 29
YGL137W 6 42
YGL136C 19 216
YGL135W 7 89
YGL134W 30 827
YGL133W 10 87
YGL132W 6 26
YGL131C 7 20
YGL130W 8 26
YGL129C 17 202
YGL128C 5 15
YGL127C 12 89
YGL126W 0 0
YGL125W 41 768
YGL124C 15 283
YGL123W 7 73
YGL123C-A 0 0
YGL122C 31 1306
YGL121C 19 327
YGL120C 10 219
YGL119W 9 218
YGL118C 9 103
YGL117W 16 115
YGL116W 11 199
YGL115W 12 58
YGL114W 14 169
YGL113W 9 212
YGL112C 4 35
YGL111W 1 1
YGL110C 11 112
YGL109W 4 15
YGL108C 12 69
YGL107C 6 99
YGL106W 15 174
YGL105W 10 521
YGL104C 16 216
YGL103W 10 132
YGL102C 20 131
YGL101W 12 80
YGL100W 15 196
YGL099W 2 11
YGL098W 16 104
YGL097W 8 60
YGL096W 43 938
YGL095C 1 1
YGL094C 9 37
YGL093W 7 18
YGL092W 5 30
YGL091C 1 4
YGL090W 0 0
YGL089C 38 709
YGL088W 45 974
YGL087C 10 35
YGL086W 8 56
YGL085W 7 60
YGL084C 9 198
YGL083W 15 258
YGL082W 21 109
YGL081W 22 254
YGL080W 17 179
YGL079W 3 21
YGL078C 7 95
YGL077C 24 248
YGL076C 17 256
YGL075C 1 7
YGL074C 0 0
YGL073W 1 7
YGL072C 2 20
YGL071W 2 20
YGL070C 6 29
YGL069C 9 89
YGL068W 4 48
YGL067W 9 89
YGL066W 7 69
YGL065C 15 108
YGL064C 24 331
YGL063W 13 107
YGL063C-A 51 883
YGL062W 42 652
YGL061C 5 71
YGL060W 6 73
YGL059W 4 17
YGL058W 27 1637
YGL057C 0 0
YGL056C 26 248
YGL055W 7 35
YGL054C 13 185
YGL053W 13 153
YGL052W 1 7
YGL051W 4 30
YGL050W 28 1157
YGL049C 13 485
YGL048C 3 122
YGL047W 4 123
YGL045W 7 43
YGL044C 13 195
YGL043W 4 38
YGL042C 9 205
YGL041C-B 8 57
YGL041W-A 10 112
YGL041C 7 72
YGL040C 14 345
YGL039W 22 521
YGL038C 15 76
YGL037C 6 68
YGL036W 10 80
YGL035C 7 98
YGL034C 30 983
YGL033W 8 45
YGL032C 6 68
YGL031C 10 42
YGL030W 5 26
YGL029W 4 25
YGL028C 13 91
YGL027C 11 119
YGL026C 9 44
YGL025C 4 38
YGL024W 2 13
YGL023C 0 0
YGL022W 9 67
YGL021W 6 30
YGL020C 4 25
YGL019W 2 317
YGL018C 10 45
YGL017W 3 14
YGL016W 10 72
YGL015C 16 120
YGL014W 11 104
YGL014C-A 1 3
YGL013C 23 215
YGL012W 20 160
YGL011C 14 94
YGL010W 10 82
YGL009C 24 168
YGL008C 8 276
YGL007C-A 36 1642
YGL007W 8 276
YGL006W-A 31 286
YGL006W 13 126
YGL005C 17 170
YGL004C 11 335
YGL003C 33 660
YGL002W 25 362
YGL001C 5 108
YGR001C 31 775
YGR002C 31 976
YGR003W 5 376
YGR004W 5 23
YGR005C 1 2
YGR006W 0 0
YGR007W 9 78
YGR008C 33 326
YGR009C 18 116
YGR010W 18 116
YGR011W 5 25
YGR012W 13 137
YGR013W 6 29
YGR014W 11 113
YGR015C 15 75
YGR016W 13 463
YGR017W 20 166
YGR018C 14 116
YGR019W 21 226
YGR020C 19 376
YGR021W 3 111
YGR022C 3 34
YGR023W 61 1409
YGR024C 25 906
YGR025W 0 0
YGR026W 23 899
YGR027C 1 1
YGR028W 14 214
YGR029W 5 46
YGR030C 29 308
YGR031W 17 163
YGR031C-A 71 2388
YGR032W 22 189
YGR033C 22 224
YGR034W 37 795
YGR035C 33 646
YGR035W-A 2 5
YGR036C 21 144
YGR037C 61 1173
YGR038W 48 1097
YGR039W 11 74
YGR040W 14 105
YGR041W 7 55
YGR042W 14 104
YGR043C 36 460
YGR044C 47 591
YGR045C 24 366
YGR046W 25 377
YGR047C 0 0
YGR048W 1 2
YGR049W 15 118
YGR050C 41 499
YGR051C 10 51
YGR052W 14 118
YGR053C 7 43
YGR054W 16 95
YGR055W 40 1033
YGR056W 13 169
YGR057C 19 385
YGR058W 18 204
YGR059W 9 94
YGR060W 2 2
YGR061C 6 29
YGR062C 4 24
YGR063C 8 95
YGR064W 4 24
YGR065C 24 220
YGR066C 19 292
YGR067C 47 495
YGR068C 36 445
YGR068W-A 16 102
YGR069W 14 120
YGR070W 31 361
YGR071C 4 15
YGR072W 6 41
YGR073C 1 2
YGR074W 1 3
YGR075C 9 66
YGR076C 6 32
YGR077C 16 234
YGR078C 22 531
YGR079W 11 208
YGR080W 11 59
YGR081C 0 0
YGR082W 5 19
YGR083C 11 62
YGR084C 4 25
YGR085C 23 322
YGR086C 8 99
YGR087C 35 609
YGR088W 43 772
YGR089W 16 80
YGR090W 12 431
YGR091W 2 6
YGR092W 36 574
YGR093W 20 252
YGR094W 18 151
YGR095C 14 1053
YGR096W 3 980
YGR097W 21 351
YGR098C 1 4
YGR099W 0 0
YGR100W 17 249
YGR101W 15 185
YGR102C 1 1
YGR103W 14 338
YGR104C 0 0
YGR105W 0 0
YGR106C 18 191
YGR107W 2 4
YGR108W 24 195
YGR109C 15 326
YGR110W 1 2
YGR111W 20 538
YGR112W 3 55
YGR113W 0 0
YGR114C 0 0
YGR115C 3 20
YGR116W 8 107
YGR117C 4 22
YGR118W 5 43
YGR119C 8 111
YGR120C 27 222
YGR121C 35 848
YGR121W-A 29 736
YGR122W 36 449
YGR122C-A 3 10
YGR123C 14 630
YGR124W 30 685
YGR125W 18 165
YGR126W 12 93
YGR127W 12 99
YGR128C 1 2
YGR129W 0 0
YGR130C 27 619
YGR131W 21 237
YGR132C 42 1467
YGR133W 15 1122
YGR134W 33 299
YGR135W 12 116
YGR136W 9 53
YGR137W 5 15
YGR138C 6 72
YGR139W 1 2
YGR140W 8 90
YGR141W 26 554
YGR142W 59 2272
YGR143W 20 485
YGR144W 16 261
YGR145W 6 26
YGR146C 21 186
YGR146C-A 53 526
YGR147C 20 85
YGR148C 23 377
YGR149W 29 747
YGR150C 13 318
YGR151C 4 14
YGR152C 14 117
YGR153W 14 117
YGR154C 16 360
YGR155W 14 339
YGR156W 13 91
YGR157W 37 530
YGR158C 21 108
YGR159C 21 276
YGR160W 0 0
YGR161C 43 434
YGR161W-C 85 1819
YGR162W 26 410
YGR163W 7 83
YGR164W 1 2
YGR165W 21 373
YGR166W 19 239
YGR167W 7 51
YGR168C 19 246
YGR169C 4 42
YGR169C-A 12 200
YGR170W 13 201
YGR171C 13 180
YGR172C 5 12
YGR173W 3 4
YGR174C 7 119
YGR174W-A 11 114
YGR175C 33 363
YGR176W 0 0
YGR177C 35 511
YGR178C 22 118
YGR179C 23 497
YGR180C 40 1163
YGR181W 21 191
YGR182C 2 13
YGR183C 5 29
YGR184C 1 14
YGR185C 0 0
YGR186W 0 0
YGR187C 2 12
YGR188C 8 43
YGR189C 20 327
YGR190C 0 0
YGR191W 23 388
YGR192C 14 187
YGR193C 28 453
YGR194C 8 125
YGR195W 13 291
YGR196C 37 483
YGR197C 26 287
YGR198W 28 289
YGR199W 9 76
YGR200C 11 85
YGR201C 6 45
YGR202C 52 968
YGR203W 36 571
YGR204W 59 1363
YGR204C-A 12 127
YGR205W 15 215
YGR206W 10 96
YGR207C 15 190
YGR208W 14 204
YGR209C 32 719
YGR210C 11 265
YGR211W 11 265
YGR212W 10 116
YGR213C 33 616
YGR214W 15 48
YGR215W 21 224
YGR216C 4 7
YGR217W 3 9
YGR218W 8 43
YGR219W 4 28
YGR220C 11 132
YGR221C 26 280
YGR222W 2 24
YGR223C 26 144
YGR224W 27 224
YGR225W 11 54
YGR226C 4 12
YGR227W 5 18
YGR228W 6 55
YGR229C 13 232
YGR230W 62 1348
YGR231C 21 181
YGR232W 16 120
YGR233C 4 15
YGR234W 25 266
YGR235C 15 95
YGR236C 11 99
YGR237C 9 279
YGR238C 15 189
YGR239C 21 1096
YGR240C 9 104
YGR240C-A 18 488
YGR241C 0 0
YGR242W 15 86
YGR243W 0 0
YGR244C 40 848
YGR245C 10 70
YGR246C 2 28
YGR247W 8 364
YGR248W 10 92
YGR249W 14 77
YGR250C 31 512
YGR251W 8 99
YGR252W 25 1090
YGR253C 11 105
YGR254W 61 2457
YGR255C 20 458
YGR256W 15 322
YGR257C 29 359
YGR258C 11 512
YGR259C 6 276
YGR260W 39 1525
YGR261C 9 171
YGR262C 5 18
YGR263C 1 3
YGR264C 19 450
YGR265W 3 36
YGR266W 19 376
YGR267C 37 962
YGR268C 28 249
YGR269W 27 653
YGR270W 37 525
YGR270C-A 7 25
YGR271W 11 92
YGR271C-A 7 45
YGR273C 1 10
YGR274C 8 101
YGR275W 0 0
YGR276C 3 13
YGR277C 0 0
YGR278W 0 0
YGR279C 29 522
YGR280C 10 45
YGR281W 34 497
YGR282C 5 37
YGR283C 4 66
YGR284C 22 193
YGR285C 3 21
YGR286C 35 386
YGR287C 30 1002
YGR288W 19 151
YGR289C 17 414
YGR290W 3 40
YGR291C 3 22
YGR292W 23 534
YGR293C 2 5
YGR294W 0 0
YGR295C 18 282
YGR296W 3 18
YGR296C-A 0 0
YGR296C-B 0 0
YHL050C 0 0
YHL050W-A 1 1
YHL049C 38 2337
YHL048C-A 3 5
YHL048W 2 4
YHL047C 47 992
YHL046W-A 5 23
YHL046C 13 354
YHL045W 6 41
YHL044W 19 339
YHL043W 4 47
YHL042W 4 42
YHL041W 25 285
YHL040C 31 652
YHL039W 36 608
YHL038C 10 144
YHL037C 20 132
YHL036W 23 564
YHL035C 28 292
YHL034W-A 20 135
YHL034C 15 336
YHL033C 12 93
YHL032C 32 1667
YHL031C 31 2009
YHL030W-A 34 1671
YHL030W 30 2006
YHL029C 39 556
YHL028W 31 477
YHL027W 16 335
YHL026C 72 2882
YHL025W 74 2930
YHL024W 31 364
YHL023C 11 121
YHL022C 9 72
YHL021C 29 364
YHL020C 25 574
YHL019W-A 5 20
YHL019C 10 152
YHL018W 5 31
YHL017W 15 592
YHL016C 21 250
YHL015W-A 12 166
YHL015W 4 14
YHL014C 4 24
YHL013C 2 16
YHL012W 3 80
YHL011C 14 192
YHL010C 17 558
YHL009C 21 209
YHL008C 31 491
YHL007C 71 2366
YHL006W-A 14 82
YHL006C 46 1136
YHL005C 13 246
YHL004W 47 1032
YHL003C 29 319
YHL002C-A 9 87
YHL002W 43 1195
YHL001W 35 659
YHR001W 24 769
YHR001W-A 35 439
YHR002W 25 391
YHR003C 6 46
YHR004C 16 438
YHR005C 25 273
YHR005C-A 13 170
YHR006W 30 718
YHR007C 27 788
YHR007C-A 12 122
YHR008C 20 303
YHR009C 25 355
YHR010W 11 155
YHR011W 4 54
YHR012W 14 101
YHR013C 11 93
YHR014W 11 93
YHR015W 15 303
YHR016C 18 163
YHR017W 13 95
YHR018C 14 216
YHR019C 4 8
YHR020W 2 6
YHR021C 13 169
YHR021W-A 5 50
YHR022C 36 529
YHR022C-A 10 58
YHR023W 33 565
YHR024C 0 0
YHR025W 0 0
YHR026W 9 123
YHR027C 13 103
YHR028C 18 232
YHR028W-A 1 3
YHR029C 8 100
YHR030C 16 224
YHR031C 24 220
YHR032W 29 297
YHR032W-A 28 509
YHR032C-A 31 489
YHR033W 66 3230
YHR034C 3 34
YHR035W 8 40
YHR036W 14 108
YHR037W 28 840
YHR038W 8 265
YHR039C 7 42
YHR039C-A 1 1
YHR040W 1 3
YHR041C 26 176
YHR042W 28 322
YHR043C 15 89
YHR044C 10 231
YHR045W 8 227
YHR046C 25 196
YHR047C 18 656
YHR048W 25 515
YHR049W 29 333
YHR049C-A 7 31
YHR050W 14 95
YHR050W-A 13 175
YHR051W 20 246
YHR052W 3 16
YHR052W-A 10 51
YHR053C 0 0
YHR054C 0 0
YHR054W-A 4 19
YHR055C 0 0
YHR056C 16 208
YHR056W-A 6 45
YHR057C 17 157
YHR058C 1 8
YHR059W 2 5
YHR060W 4 15
YHR061C 19 302
YHR062C 0 0
YHR063C 11 152
YHR063W-A 15 79
YHR064C 18 328
YHR065C 16 83
YHR066W 2 15
YHR067W 4 17
YHR068W 16 176
YHR069C 0 0
YHR069C-A 0 0
YHR070W 0 0
YHR070C-A 4 30
YHR071W 6 31
YHR071C-A 0 0
YHR072W 3 30
YHR072W-A 8 139
YHR073W 16 674
YHR073W-A 17 670
YHR073C-B 8 55
YHR074W 12 97
YHR075C 16 70
YHR076W 4 34
YHR077C 17 402
YHR078W 17 402
YHR079C 13 60
YHR079C-A 6 56
YHR080C 48 417
YHR081W 47 446
YHR082C 2 48
YHR083W 17 867
YHR084W 2 19
YHR085W 5 18
YHR086W 7 58
YHR086W-A 5 65
YHR087W 18 201
YHR088W 28 345
YHR089C 6 32
YHR090C 7 24
YHR091C 15 270
YHR092C 3 19
YHR093W 1 22
YHR094C 4 36
YHR095W 2 8
YHR096C 21 428
YHR097C 26 514
YHR098C 27 576
YHR099W 15 125
YHR100C 19 136
YHR101C 1 3
YHR102W 1 3
YHR103W 22 2407
YHR104W 12 64
YHR105W 8 50
YHR106W 4 20
YHR107C 5 17
YHR108W 1 1
YHR109W 2 8
YHR110W 4 20
YHR111W 2 12
YHR112C 16 167
YHR113W 18 317
YHR114W 13 92
YHR115C 19 664
YHR116W 8 289
YHR117W 14 75
YHR118C 2 19
YHR119W 0 0
YHR120W 4 8
YHR121W 16 172
YHR122W 15 141
YHR123W 4 24
YHR124W 8 49
YHR125W 1 13
YHR126C 1 4
YHR127W 5 38
YHR128W 10 282
YHR129C 12 245
YHR130C 3 15
YHR131C 20 365
YHR131W-A 10 116
YHR132C 22 274
YHR132W-A 19 711
YHR133C 5 30
YHR134W 4 73
YHR135C 36 875
YHR136C 35 700
YHR137W 34 696
YHR137C-A 0 0
YHR138C 29 407
YHR139C 12 375
YHR139C-A 6 82
YHR140W 14 243
YHR141C 15 154
YHR142W 28 744
YHR143W 3 7
YHR143W-A 9 65
YHR144C 13 617
YHR145C 6 51
YHR146W 22 442
YHR147C 4 54
YHR148W 8 143
YHR149C 10 164
YHR150W 10 164
YHR151C 19 211
YHR152W 18 204
YHR153C 5 26
YHR154W 5 90
YHR155W 21 540
YHR156C 8 49
YHR157W 10 62
YHR158C 16 484
YHR159W 9 178
YHR160C 8 146
YHR161C 40 1503
YHR162W 27 1183
YHR163W 4 10
YHR164C 7 37
YHR165C 21 632
YHR165W-A 0 0
YHR166C 5 109
YHR167W 6 114
YHR168W 10 38
YHR169W 7 41
YHR170W 9 269
YHR171W 12 184
YHR172W 6 161
YHR173C 5 17
YHR174W 17 65
YHR175W 15 192
YHR175W-A 3 34
YHR176W 13 63
YHR177W 7 60
YHR178W 7 176
YHR179W 33 1046
YHR180W 18 122
YHR180W-A 7 48
YHR180C-B 6 89
YHR181W 13 225
YHR182W 1 15
YHR182C-A 0 0
YHR183W 23 339
YHR184W 12 330
YHR185C 22 416
YHR186C 3 13
YHR187W 1 1
YHR188C 7 47
YHR189W 3 7
YHR190W 3 18
YHR191C 13 98
YHR192W 5 39
YHR193C 3 9
YHR193C-A 2 5
YHR194W 4 29
YHR195W 10 251
YHR196W 4 38
YHR197W 14 58
YHR198C 14 323
YHR199C 9 158
YHR199C-A 10 118
YHR200W 2 26
YHR201C 18 685
YHR202W 6 54
YHR203C 7 17
YHR204W 12 264
YHR205W 4 45
YHR206W 6 31
YHR207C 8 50
YHR208W 5 21
YHR209W 15 149
YHR210C 33 410
YHR211W 4 46
YHR212C 0 0
YHR212W-A 0 0
YHR213W 0 0
YHR213W-A 2 37
YHR213W-B 0 0
YHR214W 7 21
YHR214W-A 1 1
YHR214C-D 1 9
YHR214C-E 1 12
YHR215W 1 12
YHR216W 22 545
YHR217C 0 0
YHR218W 0 0
YHR218W-A 0 0
YHR219W 0 0
YHR219C-A 0 0
YIL177C 0 0
YIL177W-A 0 0
YIL176C 0 0
YIL173W 0 0
YIL172C 0 0
YIL171W-A 0 0
YIL169C 19 151
YIL166C 13 192
YIL165C 10 41
YIL164C 16 177
YIL163C 11 49
YIL162W 35 754
YIL161W 3 18
YIL160C 25 288
YIL159W 8 157
YIL158W 24 408
YIL157C 18 181
YIL156W-A 13 108
YIL156W-B 9 114
YIL156W 18 177
YIL155C 13 324
YIL154C 18 78
YIL153W 4 16
YIL152W 5 12
YIL151C 17 96
YIL150C 5 18
YIL149C 7 49
YIL148W 7 49
YIL147C 7 44
YIL146C 14 95
YIL145C 1 1
YIL144W 0 0
YIL143C 1 1
YIL142C-A 2 7
YIL142W 4 17
YIL141W 9 114
YIL140W 18 170
YIL139C 7 58
YIL138C 3 16
YIL137C 17 141
YIL136W 19 217
YIL135C 39 460
YIL134C-A 17 128
YIL134W 11 91
YIL133C 23 213
YIL132C 7 850
YIL131C 30 869
YIL130W 29 794
YIL129C 17 408
YIL128W 16 392
YIL127C 0 0
YIL126W 0 0
YIL125W 31 332
YIL124W 32 916
YIL123W 10 59
YIL122W 37 933
YIL121W 15 525
YIL120W 15 98
YIL119C 34 567
YIL118W 32 2277
YIL117C 19 251
YIL116W 40 667
YIL115W-A 3 7
YIL115C 3 75
YIL114C 31 528
YIL113W 29 516
YIL112W 19 1236
YIL111W 15 118
YIL110W 4 29
YIL109C 11 136
YIL108W 16 177
YIL107C 17 194
YIL106W 19 198
YIL105C 22 201
YIL105W-A 2 5
YIL104C 2 7
YIL103W 3 15
YIL102C-A 5 119
YIL102C 23 449
YIL101C 73 1488
YIL100C-A 22 223
YIL100W 18 445
YIL099W 50 733
YIL098C 7 56
YIL097W 0 0
YIL096C 12 57
YIL095W 16 141
YIL094C 26 319
YIL093C 12 82
YIL092W 11 87
YIL091C 17 143
YIL090W 18 143
YIL089W 2 12
YIL088C 16 183
YIL087C 9 110
YIL086C 11 99
YIL085C 8 52
YIL084C 5 63
YIL083C 3 5
YIL082W 1 21
YIL079C 5 115
YIL078W 8 132
YIL077C 14 323
YIL076W 16 176
YIL075C 9 48
YIL074C 18 108
YIL073C 13 64
YIL072W 12 94
YIL071W-A 1 1
YIL071C 3 15
YIL070C 18 74
YIL069C 33 451
YIL068W-A 43 967
YIL068C 12 122
YIL067C 13 113
YIL066W-A 2 16
YIL066C 10 62
YIL065C 21 184
YIL064W 16 131
YIL063C 5 79
YIL062C 2 58
YIL061C 20 107
YIL060W 15 98
YIL059C 12 168
YIL058W 5 36
YIL057C 51 917
YIL056W 65 1196
YIL055C 9 176
YIL054W 10 190
YIL053W 47 697
YIL052C 0 0
YIL051C 69 1592
YIL050W 67 1663
YIL049W 12 93
YIL048W 4 20
YIL047C-A 8 39
YIL047C 54 1603
YIL046W-A 51 1586
YIL046W 51 714
YIL045W 15 83
YIL044C 21 252
YIL043C 17 286
YIL042C 13 183
YIL041W 13 169
YIL040W 3 23
YIL039W 2 12
YIL038C 10 62
YIL037C 6 84
YIL036W 8 91
YIL035C 9 165
YIL034C 14 229
YIL033C 11 79
YIL032C 4 41
YIL031W 7 52
YIL030W-A 5 18
YIL030C 22 455
YIL029W-A 2 8
YIL029C 25 188
YIL028W 10 55
YIL027C 21 148
YIL026C 4 31
YIL025C 1 5
YIL024C 36 986
YIL023C 18 623
YIL022W 14 586
YIL021W 17 155
YIL021C-A 8 71
YIL020C-A 4 24
YIL020C 4 11
YIL019W 6 25
YIL018W 12 850
YIL017C 23 555
YIL016W 26 686
YIL015W 18 140
YIL014C-A 30 1035
YIL014W 27 1026
YIL013C 17 131
YIL012W 12 65
YIL011W 29 469
YIL010W 11 191
YIL009C-A 18 225
YIL009W 31 284
YIL008W 10 152
YIL007C 21 261
YIL006W 19 203
YIL005W 20 404
YIL004C 9 132
YIL003W 9 132
YIL002W-A 26 693
YIL002C 30 2688
YIL001W 28 2660
YIR001C 19 267
YIR002C 54 1844
YIR003W 53 1835
YIR004W 14 145
YIR005W 13 126
YIR006C 16 114
YIR007W 20 348
YIR008C 0 0
YIR009W 1 1
YIR010W 5 45
YIR011C 0 0
YIR012W 0 0
YIR013C 15 127
YIR014W 18 588
YIR015W 8 18
YIR016W 23 414
YIR017C 62 1738
YIR017W-A 24 1140
YIR018W 50 740
YIR018C-A 11 100
YIR019C 1 7
YIR020C 6 50
YIR020W-A 5 42
YIR020C-B 4 102
YIR021W 11 62
YIR021W-A 6 110
YIR022W 9 249
YIR023W 9 46
YIR023C-A 4 12
YIR024C 8 86
YIR025W 0 0
YIR026C 9 183
YIR027C 22 456
YIR028W 22 446
YIR029W 11 205
YIR030C 5 52
YIR030W-A 4 6
YIR031C 15 188
YIR032C 20 163
YIR033W 23 184
YIR034C 1 22
YIR035C 14 417
YIR036C 4 19
YIR036W-A 6 17
YIR037W 4 13
YIR038C 22 195
YIR039C 24 309
YIR040C 0 0
YIR041W 1 4
YIR042C 21 204
YJL225C 0 0
YJL225W-A 0 0
YJL223C 0 0
YJL222W-B 0 0
YJL222W-A 0 0
YJL222W 0 0
YJL221C 3 22
YJL220W 0 0
YJL219W 0 0
YJL218W 10 41
YJL217W 27 380
YJL216C 7 99
YJL215C 5 23
YJL214W 4 41
YJL213W 10 99
YJL212C 56 1733
YJL211C 11 54
YJL210W 54 1690
YJL209W 16 179
YJL208C 14 477
YJL207C 11 173
YJL206C 13 101
YJL205C 8 80
YJL204C 1 4
YJL203W 0 0
YJL202C 5 16
YJL201W 8 52
YJL200C 34 400
YJL199C 22 1192
YJL198W 16 151
YJL197W 12 156
YJL197C-A 5 107
YJL196C 23 465
YJL195C 2 3
YJL194W 29 523
YJL193W 8 120
YJL192C 27 421
YJL191W 23 195
YJL190C 4 27
YJL189W 2 2
YJL188C 9 74
YJL187C 22 193
YJL186W 22 361
YJL185C 20 128
YJL184W 22 148
YJL183W 8 173
YJL182C 9 125
YJL181W 25 168
YJL180C 2 3
YJL179W 0 0
YJL178C 19 157
YJL177W 22 225
YJL176C 5 26
YJL175W 2 7
YJL174W 6 44
YJL173C 17 135
YJL172W 22 252
YJL171C 11 67
YJL170C 6 59
YJL169W 4 19
YJL168C 10 41
YJL167W 10 41
YJL166W 10 41
YJL165C 24 565
YJL164C 14 126
YJL163C 17 144
YJL162C 30 612
YJL161W 12 300
YJL160C 8 37
YJL159W 41 2459
YJL158C 42 1087
YJL157C 61 1708
YJL156W-A 16 225
YJL156C 11 170
YJL155C 23 530
YJL154C 7 36
YJL153C 37 900
YJL152W 6 45
YJL151C 43 925
YJL150W 31 506
YJL149W 45 942
YJL148W 2 6
YJL147C 7 37
YJL146W 9 62
YJL145W 24 240
YJL144W 14 157
YJL143W 24 1327
YJL142C 5 33
YJL141C 14 247
YJL140W 14 247
YJL139C 4 134
YJL138C 26 772
YJL137C 15 266
YJL136W-A 3 4
YJL136C 2 14
YJL135W 2 14
YJL134W 19 248
YJL133C-A 56 1235
YJL133W 45 926
YJL132W 17 333
YJL131C 7 26
YJL130C 6 55
YJL129C 0 0
YJL128C 24 147
YJL127W-A 2 13
YJL127C-B 54 3289
YJL127C 11 66
YJL126W 8 41
YJL125C 10 46
YJL124C 16 324
YJL123C 21 508
YJL122W 10 51
YJL121C 21 401
YJL120W 0 0
YJL119C 27 321
YJL118W 16 137
YJL117W 26 316
YJL116C 26 145
YJL115W 45 612
YJL112W 30 267
YJL111W 11 257
YJL110C 8 64
YJL109C 8 124
YJL108C 7 82
YJL107C 24 202
YJL106W 3 40
YJL105W 10 245
YJL104W 3 80
YJL103C 14 97
YJL102W 12 84
YJL101C 38 580
YJL100W 54 1066
YJL099W 15 88
YJL098W 32 462
YJL097W 4 35
YJL096W 10 122
YJL095W 14 287
YJL094C 3 23
YJL093C 16 196
YJL092W 16 196
YJL091C 17 162
YJL090C 12 131
YJL089W 11 72
YJL088W 27 449
YJL087C 0 0
YJL086C 5 18
YJL085W 0 0
YJL084C 27 767
YJL083W 9 140
YJL082W 42 895
YJL081C 4 81
YJL080C 13 181
YJL079C 46 1803
YJL078C 43 433
YJL077W-B 8 184
YJL077C 1 1
YJL077W-A 58 1111
YJL076W 49 2954
YJL075C 5 89
YJL074C 9 289
YJL073W 5 223
YJL072C 4 14
YJL071W 3 18
YJL070C 1 32
YJL069C 10 133
YJL068C 26 558
YJL067W 6 42
YJL066C 19 232
YJL065C 12 136
YJL064W 18 192
YJL063C 30 391
YJL062W-A 13 292
YJL062W 26 227
YJL061W 4 121
YJL060W 8 55
YJL059W 13 149
YJL058C 13 144
YJL057C 7 50
YJL056C 3 18
YJL055W 2 8
YJL054W 5 55
YJL053W 10 86
YJL052C-A 19 186
YJL052W 65 2572
YJL051W 18 631
YJL050W 18 147
YJL049W 8 236
YJL048C 21 231
YJL047C-A 7 120
YJL047C 9 69
YJL046W 5 40
YJL045W 25 294
YJL044C 20 318
YJL043W 27 344
YJL042W 38 914
YJL041W 4 47
YJL039C 6 76
YJL038C 7 100
YJL037W 7 84
YJL036W 19 851
YJL035C 1 2
YJL034W 4 28
YJL033W 11 94
YJL032W 1 6
YJL031C 10 141
YJL030W 4 68
YJL029C 23 392
YJL028W 12 129
YJL027C 1 2
YJL026W 53 1337
YJL026C-A 7 101
YJL025W 7 101
YJL024C 16 185
YJL023C 10 79
YJL022W 2 40
YJL020C 15 232
YJL020W-A 6 36
YJL019W 16 233
YJL016W 10 367
YJL015C 1 1
YJL014W 14 427
YJL013C 16 431
YJL012C 14 142
YJL011C 18 348
YJL010C 7 52
YJL009W 4 26
YJL008C 20 127
YJL007C 8 51
YJL006C 45 718
YJL005W 1 14
YJL004C 27 779
YJL003W 32 857
YJL002C 17 98
YJL001W 17 98
YJR001W 9 95
YJR002W 31 1386
YJR003C 22 866
YJR004C 62 1582
YJR005W 29 856
YJR005C-A 10 56
YJR006W 10 56
YJR007W 5 33
YJR008W 39 603
YJR009C 65 935
YJR010W 29 952
YJR010C-A 14 301
YJR011C 5 34
YJR012C 0 0
YJR013W 10 69
YJR014W 13 130
YJR015W 15 216
YJR016C 23 399
YJR017C 14 146
YJR018W 23 399
YJR019C 20 189
YJR020W 10 133
YJR021C 2 30
YJR022W 6 71
YJR023C 7 61
YJR024C 15 122
YJR025C 35 422
YJR030C 13 137
YJR031C 14 102
YJR032W 12 97
YJR033C 14 93
YJR034W 13 195
YJR035W 10 73
YJR036C 16 157
YJR037W 6 22
YJR038C 6 31
YJR039W 15 145
YJR040W 17 185
YJR041C 3 12
YJR042W 1 1
YJR043C 27 251
YJR044C 22 507
YJR045C 0 0
YJR046W 0 0
YJR047C 8 114
YJR048W 57 730
YJR049C 10 114
YJR050W 8 57
YJR051W 20 218
YJR052W 8 133
YJR053W 9 78
YJR054W 15 107
YJR055W 2 24
YJR056C 10 184
YJR057W 3 12
YJR058C 50 594
YJR059W 54 706
YJR060W 11 50
YJR061W 10 202
YJR062C 11 818
YJR063W 22 1170
YJR064W 15 197
YJR065C 3 10
YJR066W 1 3
YJR067C 1 3
YJR068W 2 6
YJR069C 4 74
YJR070C 14 107
YJR071W 6 16
YJR072C 15 187
YJR073C 20 161
YJR074W 13 179
YJR075W 10 104
YJR076C 19 179
YJR077C 18 183
YJR078W 17 178
YJR079W 18 319
YJR080C 14 143
YJR082C 8 43
YJR083C 11 105
YJR084W 8 102
YJR085C 22 544
YJR086W 23 581
YJR087W 25 579
YJR088C 8 73
YJR089W 15 186
YJR090C 11 104
YJR091C 9 171
YJR092W 15 184
YJR093C 19 198
YJR094C 9 115
YJR094W-A 20 478
YJR095W 6 28
YJR096W 23 482
YJR097W 19 79
YJR098C 30 1757
YJR099W 32 1757
YJR100C 21 445
YJR101W 12 398
YJR102C 4 18
YJR103W 15 455
YJR104C 53 2342
YJR105W 52 2332
YJR106W 12 125
YJR107W 2 3
YJR108W 7 25
YJR109C 18 256
YJR110W 14 224
YJR111C 1 14
YJR112W 4 30
YJR112W-A 9 145
YJR113C 59 934
YJR114W 10 52
YJR115W 27 354
YJR116W 47 788
YJR117W 19 178
YJR118C 9 106
YJR119C 34 922
YJR120W 25 410
YJR121W 11 168
YJR122W 15 204
YJR123W 0 0
YJR124C 16 153
YJR125C 9 44
YJR126C 3 21
YJR127C 51 1174
YJR128W 11 102
YJR129C 13 323
YJR130C 10 94
YJR131W 25 253
YJR132W 8 59
YJR133W 12 164
YJR134C 9 81
YJR135C 5 32
YJR135W-A 12 93
YJR136C 7 89
YJR137C 21 283
YJR138W 8 43
YJR139C 19 121
YJR140C 0 0
YJR140W-A 21 149
YJR141W 2 54
YJR142W 5 32
YJR143C 22 331
YJR144W 17 132
YJR145C 14 424
YJR146W 34 735
YJR147W 38 489
YJR148W 48 436
YJR149W 18 170
YJR150C 9 94
YJR151C 15 100
YJR151W-A 9 54
YJR152W 23 253
YJR153W 2 7
YJR154W 12 235
YJR155W 15 115
YJR156C 0 0
YJR157W 0 0
YJR158W 0 0
YJR159W 0 0
YJR160C 1 2
YJR161C 1 9
YJR162C 7 58
YKL225W 25 330
YKL224C 8 226
YKL223W 0 0
YKL222C 31 464
YKL221W 28 456
YKL220C 0 0
YKL219W 0 0
YKL218C 15 179
YKL217W 59 1287
YKL216W 30 689
YKL215C 14 199
YKL214C 8 197
YKL213C 10 151
YKL212W 10 170
YKL211C 33 598
YKL210W 28 199
YKL209C 9 134
YKL208W 11 74
YKL207W 14 366
YKL206C 4 13
YKL205W 6 26
YKL204W 6 83
YKL203C 1 2
YKL202W 2 20
YKL201C 24 597
YKL198C 32 290
YKL197C 15 135
YKL196C 0 0
YKL195W 0 0
YKL194C 14 71
YKL193C 1 2
YKL192C 20 300
YKL191W 13 231
YKL190W 9 68
YKL189W 10 157
YKL188C 5 62
YKL187C 29 435
YKL186C 67 4292
YKL185W 8 156
YKL184W 12 226
YKL183C-A 9 136
YKL183W 26 1006
YKL182W 0 0
YKL181W 0 0
YKL180W 5 47
YKL179C 22 464
YKL178C 16 126
YKL177W 6 73
YKL176C 3 28
YKL175W 3 43
YKL174C 4 12
YKL173W 7 43
YKL172W 0 0
YKL171W 15 287
YKL170W 17 237
YKL169C 3 8
YKL168C 10 66
YKL167C 26 445
YKL166C 14 67
YKL165C-A 15 150
YKL165C 14 140
YKL164C 25 299
YKL163W 17 312
YKL162C-A 13 106
YKL162C 19 537
YKL161C 17 320
YKL160W 5 27
YKL159C 16 248
YKL157W 14 200
YKL156W 19 641
YKL156C-A 3 19
YKL155C 5 36
YKL154W 0 0
YKL153W 13 166
YKL152C 41 1040
YKL151C 34 1087
YKL150W 23 177
YKL149C 9 57
YKL148C 29 239
YKL147C 4 21
YKL146W 26 190
YKL145W 18 159
YKL145W-A 2 8
YKL144C 3 9
YKL143W 6 23
YKL142W 29 739
YKL141W 9 50
YKL140W 7 31
YKL139W 8 58
YKL138C-A 3 19
YKL138C 9 59
YKL137W 12 121
YKL136W 2 8
YKL135C 15 88
YKL134C 9 52
YKL133C 13 286
YKL132C 17 213
YKL131W 4 34
YKL130C 10 55
YKL129C 17 88
YKL128C 20 1023
YKL127W 40 1116
YKL126W 16 257
YKL125W 18 174
YKL124W 27 253
YKL123W 4 14
YKL122C 9 50
YKL121W 5 26
YKL120W 26 397
YKL119C 6 38
YKL118W 7 28
YKL117W 27 1576
YKL116C 3 35
YKL115C 8 43
YKL114C 3 57
YKL113C 14 184
YKL112W 7 80
YKL111C 5 53
YKL110C 42 2005
YKL109W 20 101
YKL108W 11 62
YKL107W 10 66
YKL106C-A 4 43
YKL106W 9 108
YKL105C 7 250
YKL104C 6 73
YKL103C 27 618
YKL102C 9 34
YKL101W 8 33
YKL100C 5 9
YKL100W-A 3 15
YKL099C 11 329
YKL098W 3 116
YKL097C 2 6
YKL096C-B 12 536
YKL096W-A 17 469
YKL096W 24 146
YKL095W 18 200
YKL094W 20 609
YKL093W 19 215
YKL092C 15 168
YKL091C 9 55
YKL090W 6 26
YKL089W 10 148
YKL088W 10 333
YKL087C 43 3358
YKL086W 37 3306
YKL085W 18 382
YKL084W 23 355
YKL083W 26 126
YKL082C 13 134
YKL081W 11 132
YKL080W 13 186
YKL079W 3 4
YKL078W 5 106
YKL077W 10 112
YKL076C 2 5
YKL075C 16 162
YKL074C 5 46
YKL073W 17 222
YKL072W 15 114
YKL071W 14 159
YKL070W 6 59
YKL069W 12 257
YKL068W-A 61 1454
YKL068W 19 347
YKL067W 9 98
YKL066W 7 30
YKL065W-A 16 109
YKL065C 37 369
YKL064W 20 124
YKL063C 23 349
YKL062W 29 885
YKL061W 0 0
YKL060C 1 1
YKL059C 13 202
YKL058W 13 108
YKL057C 24 620
YKL056C 23 319
YKL055C 2 24
YKL054C 14 389
YKL053C-A 14 98
YKL053W 7 90
YKL052C 37 586
YKL051W 38 611
YKL050C 8 41
YKL049C 2 17
YKL048C 11 367
YKL047W 14 403
YKL046C 42 477
YKL045W 26 204
YKL044W 35 982
YKL043W 9 63
YKL042W 12 110
YKL041W 4 15
YKL040C 25 733
YKL039W 33 727
YKL038W 13 211
YKL037W 36 603
YKL036C 0 0
YKL035W 29 396
YKL034W 21 106
YKL033W-A 23 288
YKL033W 5 49
YKL032C 25 664
YKL031W 6 51
YKL030W 25 664
YKL029C 38 471
YKL028W 29 399
YKL027W 12 112
YKL026C 20 185
YKL025C 12 133
YKL024C 16 216
YKL023C-A 27 320
YKL023W 11 121
YKL022C 0 0
YKL021C 4 32
YKL020C 5 51
YKL019W 6 63
YKL018C-A 0 0
YKL018W 8 72
YKL017C 17 270
YKL016C 12 217
YKL015W 12 217
YKL014C 11 141
YKL013C 0 0
YKL012W 0 0
YKL011C 8 56
YKL010C 18 197
YKL009W 17 190
YKL008C 51 1133
YKL007W 56 1089
YKL006C-A 19 287
YKL006W 7 119
YKL005C 15 393
YKL004W 4 34
YKL003C 2 19
YKL002W 15 166
YKL001C 53 1900
YKR001C 1 3
YKR002W 1 3
YKR003W 57 2199
YKR004C 13 131
YKR005C 10 83
YKR006C 2 16
YKR007W 5 46
YKR008W 6 300
YKR009C 17 187
YKR010C 28 805
YKR011C 33 1346
YKR012C 2 12
YKR013W 64 714
YKR014C 14 182
YKR015C 19 84
YKR016W 13 226
YKR017C 23 473
YKR018C 11 181
YKR019C 6 90
YKR020W 4 70
YKR021W 7 330
YKR022C 8 47
YKR023W 3 30
YKR024C 0 0
YKR025W 0 0
YKR026C 12 123
YKR027W 21 279
YKR028W 7 64
YKR029C 9 224
YKR030W 10 242
YKR031C 16 527
YKR032W 11 313
YKR033C 1 6
YKR034W 17 528
YKR035C 8 99
YKR035W-A 1 6
YKR036C 11 77
YKR037C 14 185
YKR038C 15 255
YKR039W 30 303
YKR040C 41 710
YKR041W 32 790
YKR042W 29 457
YKR043C 9 139
YKR044W 13 155
YKR045C 17 193
YKR046C 7 30
YKR047W 21 154
YKR048C 17 185
YKR049C 13 235
YKR050W 17 852
YKR051W 7 200
YKR052C 35 620
YKR053C 18 192
YKR054C 13 165
YKR055W 10 105
YKR056W 4 18
YKR057W 19 519
YKR058W 7 71
YKR059W 4 18
YKR060W 1 12
YKR061W 10 69
YKR062W 5 34
YKR063C 11 92
YKR064W 4 23
YKR065C 5 39
YKR066C 31 515
YKR067W 25 334
YKR068C 18 281
YKR069W 16 291
YKR070W 6 25
YKR071C 5 89
YKR072C 32 358
YKR073C 13 246
YKR074W 17 336
YKR075C 4 32
YKR075W-A 5 34
YKR076W 11 177
YKR077W 21 119
YKR078W 4 14
YKR079C 17 332
YKR080W 11 175
YKR081C 0 0
YKR082W 0 0
YKR083C 6 50
YKR084C 22 213
YKR085C 0 0
YKR086W 6 19
YKR087C 13 169
YKR088C 8 103
YKR089C 18 204
YKR090W 18 204
YKR091W 19 660
YKR092C 26 346
YKR093W 61 1096
YKR094C 9 200
YKR095W 17 198
YKR095W-A 22 483
YKR096W 26 347
YKR097W 23 176
YKR098C 13 343
YKR099W 10 314
YKR100C 17 150
YKR101W 12 100
YKR102W 6 55
YKR103W 9 73
YKR104W 5 47
YKR105C 18 209
YKR106W 2 3
YLL067C 0 0
YLL067W-A 0 0
YLL066W-B 0 0
YLL066C 0 0
YLL066W-A 0 0
YLL065W 21 589
YLL064C 10 123
YLL063C 24 322
YLL062C 26 463
YLL061W 9 142
YLL060C 26 224
YLL059C 27 362
YLL058W 27 362
YLL057C 3 5
YLL056C 23 294
YLL055W 31 238
YLL054C 5 11
YLL053C 9 25
YLL052C 3 7
YLL051C 29 522
YLL050C 15 309
YLL049W 3 18
YLL048C 12 230
YLL047W 10 221
YLL046C 0 0
YLL045C 13 77
YLL044W 1 22
YLL043W 28 366
YLL042C 3 9
YLL041C 12 72
YLL040C 23 790
YLL039C 20 383
YLL038C 0 0
YLL037W 9 83
YLL036C 2 2
YLL035W 1 6
YLL034C 8 64
YLL033W 0 0
YLL032C 3 15
YLL031C 20 174
YLL030C 1 21
YLL029W 15 447
YLL028W 42 532
YLL027W 3 60
YLL026W 12 94
YLL025W 15 209
YLL024C 29 765
YLL023C 19 843
YLL022C 8 215
YLL021W 6 147
YLL020C 8 95
YLL019C 17 225
YLL019W-A 3 8
YLL018C-A 21 160
YLL018C 12 95
YLL015W 16 164
YLL014W 0 0
YLL013C 17 285
YLL012W 16 86
YLL011W 7 59
YLL010C 12 93
YLL009C 4 246
YLL008W 8 506
YLL007C 1 5
YLL006W-A 0 0
YLL006W 1 5
YLL005C 1 1
YLL004W 1 1
YLL003W 7 32
YLL002W 21 163
YLL001W 31 369
YLR001C 15 237
YLR002C 12 104
YLR003C 12 293
YLR004C 19 378
YLR005W 23 412
YLR006C 5 111
YLR007W 3 105
YLR008C 3 6
YLR009W 3 6
YLR010C 5 35
YLR011W 40 642
YLR012C 11 78
YLR013W 1 13
YLR014C 14 258
YLR015W 12 134
YLR016C 7 91
YLR017W 3 13
YLR018C 2 39
YLR019W 3 45
YLR020C 3 40
YLR021W 5 23
YLR022C 23 318
YLR023C 55 2509
YLR024C 20 164
YLR025W 4 8
YLR026C 19 199
YLR027C 14 262
YLR028C 19 157
YLR029C 18 327
YLR030W 27 514
YLR031W 1 1
YLR032W 6 63
YLR033W 6 51
YLR034C 38 1101
YLR035C 9 85
YLR036C 26 322
YLR037C 5 33
YLR038C 18 554
YLR039C 3 10
YLR040C 26 520
YLR041W 3 11
YLR042C 25 710
YLR043C 19 652
YLR044C 12 61
YLR045C 5 17
YLR046C 49 1606
YLR047C 25 2151
YLR048W 13 1735
YLR049C 18 86
YLR050C 9 113
YLR051C 4 45
YLR052W 4 13
YLR053C 13 100
YLR054C 9 88
YLR055C 17 184
YLR056W 19 101
YLR057W 24 1594
YLR058C 32 468
YLR059C 16 81
YLR060W 18 149
YLR061W 6 73
YLR062C 12 149
YLR063W 4 24
YLR064W 13 593
YLR065C 1 2
YLR066W 2 21
YLR067C 5 32
YLR068W 7 42
YLR069C 17 186
YLR070C 3 142
YLR071C 6 57
YLR072W 4 25
YLR073C 21 148
YLR074C 3 30
YLR075W 3 30
YLR076C 16 161
YLR077W 12 123
YLR078C 2 11
YLR079W 4 13
YLR080W 2 5
YLR081W 10 83
YLR082C 22 153
YLR083C 19 146
YLR084C 33 398
YLR085C 3 10
YLR086W 0 0
YLR087C 5 103
YLR088W 6 107
YLR089C 29 312
YLR090W 36 370
YLR091W 14 167
YLR092W 30 244
YLR093C 20 525
YLR094C 29 1962
YLR095C 12 101
YLR096W 14 113
YLR097C 12 123
YLR098C 8 156
YLR099C 20 815
YLR099W-A 27 872
YLR100W 18 182
YLR101C 11 104
YLR102C 3 4
YLR103C 3 15
YLR104W 4 43
YLR105C 6 36
YLR106C 10 57
YLR107W 2 2
YLR108C 42 2123
YLR109W 39 2078
YLR110C 26 354
YLR111W 7 64
YLR112W 27 403
YLR113W 26 220
YLR114C 7 87
YLR115W 3 26
YLR116W 0 0
YLR117C 7 162
YLR118C 9 50
YLR119W 2 2
YLR120C 26 526
YLR120W-A 28 557
YLR121C 18 269
YLR122C 9 78
YLR123C 8 77
YLR124W 7 61
YLR125W 5 56
YLR126C 14 576
YLR127C 1 32
YLR128W 1 3
YLR129W 9 62
YLR130C 26 644
YLR131C 8 176
YLR132C 17 138
YLR133W 9 73
YLR134W 26 333
YLR135W 10 86
YLR136C 53 1475
YLR137W 28 880
YLR138W 18 110
YLR139C 0 0
YLR140W 5 31
YLR141W 14 224
YLR142W 35 1395
YLR143W 12 159
YLR144C 0 0
YLR145W 2 5
YLR146C 6 29
YLR146W-A 12 50
YLR147C 2 9
YLR148W 0 0
YLR149C 15 208
YLR149C-A 0 0
YLR150W 9 174
YLR151C 12 82
YLR152C 34 387
YLR153C 15 177
YLR154C 18 124
YLR154W-A 0 0
YLR154W-B 0 0
YLR154W-C 0 0
YLR154W-E 0 0
YLR154W-F 0 0
YLR154C-G 0 0
YLR154C-H 0 0
YLR155C 0 0
YLR156W 0 0
YLR156C-A 0 0
YLR157C 1 1
YLR157W-D 0 0
YLR157W-E 0 0
YLR157C-C 0 0
YLR158C 0 0
YLR159W 0 0
YLR159C-A 0 0
YLR160C 0 0
YLR161W 0 0
YLR162W 4 16
YLR162W-A 0 0
YLR163C 22 334
YLR163W-A 2 8
YLR164W 24 364
YLR165C 3 21
YLR166C 5 84
YLR167W 2 15
YLR168C 19 319
YLR169W 10 54
YLR170C 15 142
YLR171W 21 441
YLR172C 14 89
YLR173W 21 182
YLR174W 21 838
YLR175W 3 81
YLR176C 20 369
YLR177W 27 291
YLR178C 29 308
YLR179C 25 862
YLR180W 28 885
YLR181C 1 1
YLR182W 5 19
YLR183C 7 148
YLR184W 8 62
YLR185W 6 143
YLR186W 11 76
YLR187W 8 230
YLR188W 16 68
YLR189C 23 392
YLR190W 10 99
YLR191W 1 2
YLR192C 7 54
YLR193C 10 196
YLR194C 7 190
YLR195C 16 177
YLR196W 13 136
YLR197W 11 176
YLR198C 3 11
YLR199C 3 30
YLR200W 8 75
YLR201C 10 143
YLR202C 7 98
YLR203C 31 657
YLR204W 18 163
YLR205C 41 359
YLR206W 38 1048
YLR207W 7 45
YLR208W 28 355
YLR209C 8 29
YLR210W 10 47
YLR211C 15 223
YLR212C 31 399
YLR213C 33 669
YLR214W 34 678
YLR215C 5 58
YLR216C 13 103
YLR217W 3 29
YLR218C 3 7
YLR219W 8 142
YLR220W 5 129
YLR221C 4 59
YLR222C 6 95
YLR222C-A 8 49
YLR223C 0 0
YLR224W 2 34
YLR225C 12 221
YLR226W 11 225
YLR227C 24 360
YLR228C 24 573
YLR229C 9 138
YLR230W 9 195
YLR231C 15 131
YLR232W 11 62
YLR233C 3 46
YLR234W 13 115
YLR235C 14 422
YLR236C 7 38
YLR237W 30 547
YLR238W 9 314
YLR239C 11 72
YLR240W 6 32
YLR241W 8 166
YLR242C 3 43
YLR243W 5 54
YLR244C 7 22
YLR245C 12 52
YLR246W 11 205
YLR247C 25 343
YLR248W 11 136
YLR249W 21 194
YLR250W 29 383
YLR251W 13 87
YLR252W 7 32
YLR253W 10 268
YLR254C 34 1282
YLR255C 16 200
YLR256W 17 173
YLR257W 56 1059
YLR258W 38 606
YLR259C 5 28
YLR260W 17 267
YLR261C 3 19
YLR262C 14 241
YLR262C-A 19 385
YLR263W 15 106
YLR264W 25 283
YLR264C-A 12 91
YLR265C 6 27
YLR266C 39 610
YLR267W 48 809
YLR268W 4 38
YLR269C 1 4
YLR270W 22 220
YLR271W 10 53
YLR272C 9 118
YLR273C 3 12
YLR274W 3 12
YLR275W 3 13
YLR276C 2 153
YLR277C 8 65
YLR278C 28 407
YLR279W 5 72
YLR280C 35 1188
YLR281C 17 121
YLR282C 5 56
YLR283W 30 1165
YLR284C 3 29
YLR285W 0 0
YLR285C-A 5 24
YLR286C 14 125
YLR286W-A 24 298
YLR287C 16 170
YLR287C-A 19 265
YLR288C 7 44
YLR289W 8 67
YLR290C 6 37
YLR291C 9 80
YLR292C 19 191
YLR293C 23 219
YLR294C 3 10
YLR295C 16 359
YLR296W 16 359
YLR297W 25 242
YLR298C 56 880
YLR299W 45 644
YLR299C-A 39 683
YLR300W 14 180
YLR301W 22 136
YLR302C 6 58
YLR303W 29 334
YLR304C 3 10
YLR305C 13 364
YLR306W 3 75
YLR307W 0 0
YLR307C-A 3 10
YLR308W 10 85
YLR309C 4 13
YLR310C 10 100
YLR311C 5 29
YLR312C 16 429
YLR312W-A 19 459
YLR313C 4 14
YLR314C 7 24
YLR315W 13 65
YLR316C 12 91
YLR317W 1 3
YLR318W 5 20
YLR319C 0 0
YLR320W 4 6
YLR321C 9 59
YLR322W 5 8
YLR323C 3 15
YLR324W 4 16
YLR325C 29 589
YLR326W 27 543
YLR327C 32 1331
YLR328W 38 781
YLR329W 1 1
YLR330W 21 259
YLR331C 6 59
YLR332W 21 437
YLR333C 17 231
YLR334C 21 510
YLR335W 21 493
YLR336C 6 59
YLR337C 0 0
YLR338W 2 2
YLR339C 0 0
YLR340W 0 0
YLR341W 23 271
YLR342W 10 54
YLR342W-A 2 8
YLR343W 4 30
YLR344W 22 151
YLR345W 41 842
YLR346C 21 383
YLR347C 28 458
YLR347W-A 0 0
YLR348C 43 640
YLR349W 22 239
YLR350W 34 453
YLR351C 25 241
YLR352W 23 307
YLR353W 6 77
YLR354C 62 2336
YLR355C 9 69
YLR356W 6 162
YLR357W 13 155
YLR358C 0 0
YLR359W 7 44
YLR360W 17 138
YLR361C 4 33
YLR361C-A 6 68
YLR362W 9 261
YLR363C 0 0
YLR363W-A 0 0
YLR364W 10 111
YLR365W 12 172
YLR364C-A 11 101
YLR366W 6 47
YLR367W 16 198
YLR368W 13 663
YLR369W 4 106
YLR370C 2 32
YLR371W 3 39
YLR372W 4 22
YLR373C 17 162
YLR374C 5 64
YLR375W 18 164
YLR376C 18 472
YLR377C 35 998
YLR378C 8 172
YLR379W 2 2
YLR380W 27 520
YLR381W 6 66
YLR382C 3 14
YLR383W 3 14
YLR384C 6 13
YLR385C 5 32
YLR386W 3 29
YLR387C 15 220
YLR388W 20 341
YLR389C 9 49
YLR390W 4 187
YLR390W-A 22 213
YLR392C 19 572
YLR393W 10 137
YLR394W 1 1
YLR395C 13 367
YLR396C 1 1
YLR397C 15 116
YLR398C 11 114
YLR399C 17 688
YLR399W-A 0 0
YLR400W 17 688
YLR401C 19 224
YLR402W 22 214
YLR403W 0 0
YLR404W 6 87
YLR405W 7 180
YLR406C 14 164
YLR406C-A 24 231
YLR407W 24 252
YLR408C 12 90
YLR409C 12 246
YLR410W 3 13
YLR411W 1 1
YLR412W 24 511
YLR412C-A 20 133
YLR413W 16 95
YLR414C 46 999
YLR415C 25 328
YLR416C 9 46
YLR417W 30 516
YLR418C 3 146
YLR419W 0 0
YLR420W 9 252
YLR421C 7 149
YLR422W 11 198
YLR423C 0 0
YLR424W 0 0
YLR425W 8 110
YLR426W 4 10
YLR427W 5 154
YLR428C 6 45
YLR429W 9 355
YLR430W 6 82
YLR431C 11 63
YLR432W 8 49
YLR433C 1 1
YLR434C 0 0
YLR435W 1 1
YLR436C 21 536
YLR437C 41 589
YLR437C-A 16 141
YLR438W 38 436
YLR438C-A 3 7
YLR439W 2 7
YLR440C 10 131
YLR441C 6 45
YLR442C 16 232
YLR443W 19 305
YLR444C 2 39
YLR445W 2 6
YLR446W 30 909
YLR447C 26 324
YLR448W 9 41
YLR449W 9 122
YLR450W 8 172
YLR451W 18 172
YLR452C 16 225
YLR453C 32 594
YLR454W 44 1053
YLR455W 8 66
YLR456W 9 99
YLR457C 6 20
YLR458W 5 46
YLR459W 9 27
YLR460C 20 392
YLR461W 11 200
YLR462W 0 0
YLR463C 0 0
YLR464W 1 172
YLR465C 0 0
YLR466W 0 0
YLR466C-A 0 0
YLR466C-B 0 0
YLR467W 0 0
YLR467C-A 0 0
YML133C 0 0
YML133W-B 0 0
YML133W-A 0 0
YML132W 0 0
YML131W 26 558
YML130C 21 174
YML129C 12 315
YML128C 6 25
YML127W 8 31
YML126C 8 50
YML125C 11 131
YML124C 31 566
YML123C 23 204
YML122C 21 406
YML121W 27 518
YML120C 49 1432
YML119W 30 591
YML118W 7 63
YML117W 20 212
YML116W-A 8 68
YML116W 19 210
YML115C 12 138
YML114C 26 199
YML113W 21 156
YML112W 7 29
YML111W 18 532
YML110C 19 202
YML109W 11 105
YML108W 13 206
YML107C 7 61
YML106W 7 70
YML105C 4 45
YML104C 8 53
YML103C 26 1753
YML102W 18 401
YML101C-A 59 992
YML101C 39 724
YML100W-A 42 548
YML100W 49 1049
YML099W-A 12 95
YML099C 1 5
YML098W 26 444
YML097C 10 228
YML096W 7 35
YML095C 2 16
YML094C-A 10 142
YML094W 7 48
YML093W 10 127
YML092C 2 3
YML091C 4 71
YML090W 4 10
YML089C 39 728
YML088W 37 672
YML087C 15 145
YML086C 18 319
YML085C 23 243
YML084W 0 0
YML083C 12 148
YML082W 15 370
YML081C-A 19 208
YML081W 15 187
YML080W 12 59
YML079W 7 80
YML078W 8 44
YML077W 5 16
YML076C 16 389
YML075C 40 1060
YML074C 11 124
YML073C 3 4
YML072C 33 467
YML071C 13 144
YML070W 20 453
YML069W 8 146
YML068W 13 195
YML067C 16 383
YML066C 2 42
YML065W 1 7
YML064C 3 50
YML063W 3 50
YML062C 6 44
YML061C 6 77
YML060W 3 47
YML059C 23 503
YML058W-A 19 453
YML058W 34 885
YML057C-A 6 39
YML057W 24 310
YML056C 13 137
YML055W 13 137
YML054C 67 1120
YML054C-A 19 161
YML053C 43 1247
YML052W 45 1219
YML051W 39 1474
YML050W 22 383
YML049C 0 0
YML048W 7 93
YML047W-A 1 1
YML047C 3 17
YML046W 3 17
YML043C 4 17
YML042W 6 20
YML041C 25 184
YML038C 22 487
YML037C 4 28
YML036W 2 12
YML035C 15 188
YML034C-A 6 51
YML034W 24 369
YML032C 1 3
YML031C-A 0 0
YML031W 0 0
YML030W 15 110
YML029W 21 286
YML028W 15 310
YML027W 37 326
YML026C 11 137
YML025C 11 111
YML024W 26 501
YML023C 14 126
YML022W 6 69
YML021C 11 87
YML020W 29 354
YML019W 6 32
YML018C 18 172
YML017W 22 177
YML016C 11 61
YML015C 6 110
YML014W 1 4
YML013W 9 65
YML012C-A 19 294
YML012W 13 420
YML011C 0 0
YML010W 16 206
YML009W-B 1 3
YML009C-A 22 651
YML009C 8 64
YML008C 44 798
YML007C-A 26 515
YML007W 26 507
YML006C 10 127
YML005W 19 253
YML004C 30 655
YML003W 24 387
YML002W 10 47
YML001W 25 624
YMR001C 6 33
YMR001C-A 87 1786
YMR002W 93 2056
YMR003W 43 2085
YMR004W 24 1087
YMR005W 26 332
YMR006C 37 965
YMR007W 6 42
YMR008C 63 1083
YMR009W 31 619
YMR010W 27 479
YMR011W 6 31
YMR012W 17 137
YMR013C 14 94
YMR013C-A 14 94
YMR013W-A 23 191
YMR014W 34 807
YMR015C 51 1170
YMR016C 49 920
YMR017W 16 382
YMR018W 37 540
YMR019W 4 16
YMR020W 22 192
YMR021C 5 85
YMR022W 4 72
YMR023C 11 108
YMR024W 9 565
YMR025W 7 37
YMR026C 18 343
YMR027W 17 342
YMR028W 5 157
YMR029C 32 961
YMR030W 31 841
YMR031C 15 85
YMR031W-A 2 9
YMR032W 15 85
YMR030W-A 3 22
YMR033W 10 202
YMR034C 8 66
YMR035W 9 96
YMR036C 2 66
YMR037C 7 66
YMR038C 13 203
YMR039C 25 539
YMR040W 52 788
YMR041C 31 2822
YMR042W 35 2876
YMR043W 25 957
YMR044W 13 102
YMR046W-A 2 42
YMR047C 12 82
YMR048W 2 29
YMR049C 7 52
YMR052W 22 1209
YMR052C-A 10 50
YMR053C 18 422
YMR054W 13 88
YMR055C 29 433
YMR056C 56 1910
YMR057C 15 339
YMR058W 58 1909
YMR059W 30 362
YMR060C 0 0
YMR061W 2 16
YMR062C 21 240
YMR063W 27 180
YMR064W 11 155
YMR065W 2 10
YMR066W 18 153
YMR067C 9 50
YMR068W 11 128
YMR069W 5 50
YMR070W 45 935
YMR071C 13 65
YMR072W 18 122
YMR073C 10 188
YMR074C 24 427
YMR075W 29 484
YMR075C-A 3 31
YMR076C 18 186
YMR077C 8 44
YMR078C 0 0
YMR079W 7 30
YMR080C 18 307
YMR081C 34 433
YMR082C 15 165
YMR083W 73 3756
YMR084W 14 174
YMR085W 1 3
YMR086W 27 473
YMR086C-A 8 91
YMR087W 17 287
YMR088C 22 174
YMR089C 20 208
YMR090W 6 116
YMR091C 9 221
YMR092C 21 115
YMR093W 21 115
YMR094W 6 55
YMR095C 7 65
YMR096W 5 23
YMR097C 7 49
YMR098C 15 109
YMR099C 12 293
YMR100W 7 57
YMR101C 3 24
YMR102C 25 430
YMR103C 16 138
YMR104C 12 137
YMR105C 26 286
YMR105W-A 5 12
YMR106C 19 327
YMR107W 21 147
YMR108W 12 265
YMR109W 13 255
YMR110C 12 394
YMR111C 5 17
YMR112C 4 26
YMR113W 4 26
YMR114C 7 52
YMR115W 12 94
YMR116C 13 531
YMR117C 16 101
YMR118C 13 76
YMR119W 10 38
YMR119W-A 4 9
YMR120C 34 460
YMR121C 48 1142
YMR122C 22 223
YMR122W-A 61 658
YMR123W 18 364
YMR124W 21 167
YMR125W 5 245
YMR126C 1 19
YMR127C 2 74
YMR128W 4 102
YMR129W 10 197
YMR130W 11 129
YMR131C 11 91
YMR132C 4 43
YMR133W 2 32
YMR134W 9 68
YMR135C 42 962
YMR135W-A 11 132
YMR136W 18 192
YMR137C 5 35
YMR138W 8 76
YMR139W 23 506
YMR140W 12 259
YMR141C 1 2
YMR142C 0 0
YMR141W-A 0 0
YMR143W 0 0
YMR144W 12 194
YMR145C 80 2347
YMR146C 16 96
YMR147W 20 225
YMR148W 13 45
YMR149W 23 119
YMR150C 21 294
YMR151W 2 11
YMR152W 19 288
YMR153W 13 108
YMR153C-A 5 19
YMR154C 16 226
YMR155W 7 50
YMR156C 3 10
YMR157C 7 48
YMR158W 13 111
YMR158C-A 2 13
YMR158W-B 2 17
YMR159C 1 8
YMR160W 5 37
YMR161W 19 344
YMR162C 6 42
YMR163C 12 94
YMR164C 22 316
YMR165C 0 0
YMR166C 14 91
YMR167W 17 125
YMR168C 7 82
YMR169C 16 531
YMR170C 14 125
YMR171C 9 132
YMR172W 12 141
YMR172C-A 4 43
YMR173W 3 41
YMR173W-A 4 43
YMR174C 15 192
YMR175W 15 192
YMR175W-A 23 245
YMR176W 41 569
YMR177W 23 251
YMR178W 3 24
YMR179W 13 74
YMR180C 10 69
YMR181C 3 11
YMR182C 37 667
YMR182W-A 45 724
YMR183C 23 531
YMR184W 20 507
YMR185W 17 254
YMR186W 15 328
YMR187C 13 278
YMR188C 27 658
YMR189W 30 648
YMR190C 17 161
YMR191W 6 48
YMR192W 18 395
YMR193W 10 111
YMR193C-A 16 76
YMR194W 15 190
YMR194C-B 74 3841
YMR194C-A 66 1440
YMR195W 42 503
YMR196W 22 315
YMR197C 6 29
YMR198W 6 29
YMR199W 15 200
YMR200W 12 269
YMR201C 17 146
YMR202W 18 165
YMR203W 4 14
YMR204C 9 73
YMR205C 15 59
YMR206W 36 276
YMR207C 2 3
YMR208W 4 104
YMR209C 11 105
YMR210W 14 436
YMR211W 17 180
YMR212C 3 11
YMR213W 1 2
YMR214W 15 359
YMR215W 7 63
YMR216C 23 170
YMR217W 18 111
YMR218C 6 67
YMR219W 3 31
YMR220W 12 90
YMR221C 22 321
YMR222C 7 186
YMR223W 10 210
YMR224C 10 89
YMR225C 3 16
YMR226C 8 62
YMR227C 1 2
YMR228W 0 0
YMR229C 8 41
YMR230W 14 64
YMR230W-A 7 20
YMR231W 19 175
YMR232W 19 181
YMR233W 13 339
YMR234W 9 49
YMR235C 0 0
YMR236W 0 0
YMR237W 17 526
YMR238W 12 112
YMR239C 10 65
YMR240C 16 99
YMR241W 22 148
YMR242C 6 111
YMR242W-A 1 11
YMR243C 24 745
YMR244W 2 13
YMR244C-A 33 480
YMR245W 23 429
YMR246W 21 270
YMR247C 23 381
YMR247W-A 4 19
YMR250W 6 52
YMR251W 12 204
YMR251W-A 29 494
YMR252C 18 133
YMR253C 55 1573
YMR254C 1 18
YMR255W 28 585
YMR256C 21 262
YMR257C 10 100
YMR258C 8 36
YMR259C 5 19
YMR260C 12 143
YMR261C 12 172
YMR262W 9 169
YMR263W 12 280
YMR264W 16 164
YMR265C 20 114
YMR266W 23 191
YMR267W 9 574
YMR268C 0 0
YMR269W 0 0
YMR270C 5 60
YMR271C 8 104
YMR272C 14 74
YMR272W-A 6 67
YMR272W-B 13 141
YMR273C 13 161
YMR274C 1 2
YMR275C 10 37
YMR276W 8 22
YMR277W 20 477
YMR278W 8 33
YMR279C 13 184
YMR280C 13 338
YMR281W 15 98
YMR282C 6 26
YMR283C 8 175
YMR284W 18 307
YMR285C 2 29
YMR286W 3 8
YMR287C 1 13
YMR288W 6 33
YMR289W 4 44
YMR290C 10 298
YMR290W-A 1 10
YMR291W 19 403
YMR292W 20 631
YMR293C 5 13
YMR294W 11 80
YMR294W-A 1 1
YMR295C 17 176
YMR296C 5 35
YMR297W 13 296
YMR298W 19 161
YMR299C 6 17
YMR300C 12 95
YMR301C 15 166
YMR302C 32 304
YMR303C 27 206
YMR304W 26 203
YMR304C-A 7 57
YMR305C 28 760
YMR306W 31 451
YMR306C-A 1 10
YMR307W 1 10
YMR307C-A 2 11
YMR308C 20 108
YMR309C 8 146
YMR310C 12 104
YMR311C 13 137
YMR312W 14 235
YMR313C 3 37
YMR314W 19 193
YMR315W 7 89
YMR315W-A 5 50
YMR316W 25 369
YMR316C-A 21 142
YMR316C-B 0 0
YMR317W 19 174
YMR318C 56 1285
YMR319C 11 101
YMR320W 6 29
YMR321C 4 13
YMR322C 16 153
YMR323W 5 25
YMR324C 1 2
YMR325W 9 99
YMR326C 32 311
YNL339C 0 0
YNL339W-B 0 0
YNL339W-A 0 0
YNL338W 0 0
YNL337W 21 331
YNL336W 0 0
YNL335W 3 45
YNL334C 3 37
YNL333W 2 25
YNL332W 0 0
YNL331C 9 70
YNL330C 14 72
YNL329C 12 72
YNL328C 28 431
YNL327W 21 333
YNL326C 7 51
YNL325C 11 82
YNL324W 4 18
YNL323W 13 137
YNL322C 23 197
YNL321W 32 688
YNL320W 16 140
YNL319W 8 93
YNL318C 0 0
YNL317W 1 9
YNL316C 4 10
YNL315C 12 90
YNL314W 3 13
YNL313C 0 0
YNL312W 0 0
YNL311C 14 182
YNL310C 2 19
YNL309W 1 1
YNL308C 7 36
YNL307C 27 442
YNL306W 25 393
YNL305C 30 579
YNL304W 28 492
YNL303W 6 51
YNL302C 22 1352
YNL301C 18 794
YNL300W 19 686
YNL299W 27 404
YNL298W 37 2503
YNL297C 7 95
YNL296W 0 0
YNL295W 5 91
YNL294C 18 88
YNL293W 11 92
YNL292W 2 12
YNL291C 7 54
YNL290W 7 54
YNL289W 34 1017
YNL288W 8 123
YNL287W 8 33
YNL286W 6 29
YNL285W 6 36
YNL284C 10 108
YNL283C 10 104
YNL282W 53 1148
YNL281W 17 293
YNL280C 14 308
YNL279W 11 243
YNL278W 8 41
YNL277W-A 11 77
YNL277W 29 344
YNL276C 15 90
YNL275W 12 113
YNL274C 7 69
YNL273W 3 42
YNL272C 6 14
YNL271C 8 80
YNL270C 46 756
YNL269W 7 76
YNL268W 44 854
YNL267W 11 101
YNL266W 3 31
YNL265C 11 195
YNL264C 8 45
YNL263C 4 17
YNL262W 3 9
YNL261W 12 474
YNL260C 15 127
YNL259C 8 340
YNL258C 6 51
YNL257C 4 13
YNL256W 7 31
YNL255C 17 196
YNL254C 8 115
YNL253W 14 110
YNL252C 17 147
YNL251C 1 7
YNL250W 3 41
YNL249C 8 97
YNL248C 1 2
YNL247W 1 2
YNL246W 11 358
YNL245C 13 201
YNL244C 11 74
YNL243W 11 74
YNL242W 10 58
YNL241C 38 849
YNL240C 26 782
YNL239W 26 782
YNL238W 10 190
YNL237W 20 455
YNL236W 7 62
YNL235C 11 127
YNL234W 16 166
YNL233W 9 46
YNL232W 12 235
YNL231C 48 461
YNL230C 14 189
YNL229C 19 1081
YNL228W 3 11
YNL227C 7 102
YNL226W 0 0
YNL225C 14 116
YNL224C 22 109
YNL223W 17 113
YNL222W 6 34
YNL221C 34 637
YNL220W 28 519
YNL219C 22 493
YNL218W 19 467
YNL217W 28 420
YNL216W 14 169
YNL215W 5 60
YNL214W 6 119
YNL213C 12 91
YNL212W 15 136
YNL211C 9 106
YNL210W 7 96
YNL209W 19 381
YNL208W 43 957
YNL207W 13 869
YNL206C 4 50
YNL205C 2 12
YNL204C 20 180
YNL203C 25 272
YNL202W 22 218
YNL201C 4 34
YNL200C 15 228
YNL199C 3 14
YNL198C 2 11
YNL197C 14 146
YNL196C 7 65
YNL195C 2 9
YNL194C 20 502
YNL193W 18 503
YNL192W 18 178
YNL191W 24 349
YNL190W 0 0
YNL189W 4 60
YNL188W 7 94
YNL187W 31 829
YNL186W 19 68
YNL185C 7 37
YNL184C 5 38
YNL183C 16 199
YNL182C 1 1
YNL181W 1 9
YNL180C 27 222
YNL179C 13 109
YNL178W 17 178
YNL177C 9 118
YNL176C 24 183
YNL175C 20 174
YNL174W 5 33
YNL173C 7 27
YNL172W 7 27
YNL171C 4 12
YNL170W 1 1
YNL169C 23 567
YNL168C 4 196
YNL167C 10 103
YNL166C 14 222
YNL165W 11 107
YNL164C 23 760
YNL163C 3 27
YNL162W-A 1 2
YNL162W 12 116
YNL161W 8 27
YNL160W 31 766
YNL159C 4 23
YNL158W 8 60
YNL157W 10 260
YNL156C 20 305
YNL155W 21 287
YNL154C 34 512
YNL153C 1 3
YNL152W 6 22
YNL151C 5 120
YNL150W 1 1
YNL149C 47 2642
YNL148C 7 59
YNL147W 15 126
YNL146C-A 3 12
YNL146W 14 221
YNL145W 5 85
YNL144C 33 515
YNL144W-A 13 127
YNL143C 6 22
YNL142W 13 150
YNL141W 20 173
YNL140C 2 11
YNL139C 0 0
YNL138W-A 0 0
YNL138W 14 209
YNL137C 5 14
YNL136W 9 61
YNL135C 7 107
YNL134C 44 804
YNL133C 39 518
YNL132W 36 463
YNL131W 0 0
YNL130C 14 62
YNL130C-A 6 57
YNL129W 11 67
YNL128W 3 39
YNL127W 6 57
YNL126W 10 53
YNL125C 17 98
YNL124W 17 210
YNL123W 9 203
YNL122C 8 53
YNL121C 2 35
YNL120C 5 25
YNL119W 4 51
YNL118C 18 579
YNL117W 14 257
YNL116W 15 87
YNL115C 19 930
YNL114C 21 242
YNL113W 4 97
YNL112W 21 242
YNL111C 37 380
YNL110C 10 101
YNL109W 8 95
YNL108C 19 590
YNL107W 21 390
YNL106C 13 204
YNL105W 3 27
YNL104C 36 545
YNL103W-A 6 39
YNL103W 14 479
YNL102W 3 17
YNL101W 30 200
YNL100W 20 272
YNL099C 9 56
YNL098C 35 577
YNL097C-B 71 1329
YNL097C 25 364
YNL097W-A 75 1375
YNL096C 19 189
YNL095C 35 1111
YNL094W 36 1116
YNL093W 14 121
YNL092W 13 67
YNL091W 37 472
YNL090W 32 4030
YNL089C 14 122
YNL088W 14 122
YNL087W 12 51
YNL086W 11 96
YNL085W 12 378
YNL084C 2 5
YNL083W 1 1
YNL082W 3 11
YNL081C 16 103
YNL080C 8 268
YNL079C 27 365
YNL078W 27 365
YNL077W 3 74
YNL076W 11 69
YNL075W 8 120
YNL074C 33 252
YNL073W 14 103
YNL072W 6 77
YNL071W 33 522
YNL070W 19 218
YNL069C 22 250
YNL068C 23 191
YNL067W-A 10 140
YNL067W-B 14 179
YNL067W 20 234
YNL066W 30 363
YNL065W 20 246
YNL064C 15 321
YNL063W 19 371
YNL062C 0 0
YNL061W 0 0
YNL059C 12 80
YNL058C 41 464
YNL057W 1 4
YNL056W 39 460
YNL055C 13 94
YNL054W 19 188
YNL053W 16 201
YNL052W 9 76
YNL051W 1 3
YNL050C 13 105
YNL049C 5 45
YNL048W 8 64
YNL047C 14 304
YNL046W 18 368
YNL045W 13 104
YNL044W 10 34
YNL043C 3 6
YNL042W-B 3 41
YNL042W 24 787
YNL041C 19 357
YNL040W 2 16
YNL039W 11 60
YNL038W 10 57
YNL037C 41 483
YNL036W 27 314
YNL035C 31 638
YNL034W 15 468
YNL033W 0 0
YNL032W 10 53
YNL031C 17 74
YNL030W 21 201
YNL029C 22 197
YNL028W 6 35
YNL027W 18 333
YNL026W 5 26
YNL025C 0 0
YNL024C-A 13 73
YNL024C 10 89
YNL023C 22 520
YNL022C 19 183
YNL021W 23 195
YNL020C 13 219
YNL019C 2 17
YNL018C 19 804
YNL017C 7 63
YNL016W 20 155
YNL015W 13 107
YNL014W 1 1
YNL013C 6 45
YNL012W 0 0
YNL011C 7 68
YNL010W 7 53
YNL009W 26 784
YNL008C 10 350
YNL007C 13 180
YNL006W 13 180
YNL005C 23 401
YNL004W 25 434
YNL003C 26 268
YNL002C 12 91
YNL001W 7 71
YNR001C 13 161
YNR001W-A 6 49
YNR002C 70 1578
YNR003C 18 167
YNR003W-A 68 1460
YNR004W 16 154
YNR005C 2 10
YNR006W 12 171
YNR007C 18 274
YNR008W 15 237
YNR009W 22 147
YNR010W 12 59
YNR011C 18 160
YNR012W 18 202
YNR013C 56 795
YNR014W 65 1276
YNR015W 27 318
YNR016C 0 0
YNR017W 25 430
YNR018W 50 2217
YNR019W 20 257
YNR020C 7 38
YNR021W 15 323
YNR022C 3 31
YNR023W 2 17
YNR024W 3 10
YNR025C 5 39
YNR026C 10 178
YNR027W 3 27
YNR028W 18 161
YNR029C 6 68
YNR030W 4 79
YNR031C 8 35
YNR032W 8 35
YNR032C-A 8 81
YNR033W 15 129
YNR034W 28 368
YNR034W-A 31 522
YNR035C 26 178
YNR036C 35 452
YNR037C 3 13
YNR038W 30 319
YNR039C 14 178
YNR040W 16 162
YNR041C 0 0
YNR042W 13 92
YNR043W 3 25
YNR044W 27 339
YNR045W 3 26
YNR046W 13 1109
YNR047W 27 536
YNR048W 4 8
YNR049C 8 104
YNR050C 32 545
YNR051C 0 0
YNR052C 3 11
YNR053C 7 93
YNR054C 7 44
YNR055C 3 22
YNR056C 12 164
YNR057C 11 139
YNR058W 34 870
YNR059W 27 256
YNR060W 13 408
YNR061C 10 42
YNR062C 1 9
YNR063W 11 135
YNR064C 12 136
YNR065C 1 1
YNR066C 8 142
YNR067C 13 181
YNR068C 7 67
YNR069C 14 278
YNR070W 5 35
YNR071C 9 112
YNR072W 0 0
YNR073C 18 202
YNR074C 19 291
YNR075W 19 283
YNR075C-A 1 8
YNR076W 16 558
YNR077C 22 268
YOL166W-A 32 355
YOL166C 6 66
YOL165C 0 0
YOL164W-A 16 219
YOL164W 23 1159
YOL163W 7 56
YOL162W 4 39
YOL161C 34 1338
YOL160W 12 146
YOL159C-A 13 87
YOL159C 22 566
YOL158C 47 1250
YOL157C 6 51
YOL156W 4 70
YOL155W-A 1 81
YOL155C 11 97
YOL154W 28 333
YOL152W 40 670
YOL151W 17 505
YOL150C 0 0
YOL149W 0 0
YOL148C 19 261
YOL147C 2 7
YOL146W 8 52
YOL145C 2 16
YOL144W 5 27
YOL143C 7 79
YOL142W 9 90
YOL141W 5 122
YOL140W 17 105
YOL139C 7 214
YOL138C 18 256
YOL137W 15 125
YOL136C 7 200
YOL135C 2 3
YOL134C 8 84
YOL133W 1 2
YOL132W 12 143
YOL131W 16 164
YOL130W 10 81
YOL129W 17 367
YOL128C 29 1930
YOL127W 23 1885
YOL126C 33 354
YOL125W 14 281
YOL124C 21 245
YOL123W 2 2
YOL122C 18 178
YOL121C 38 517
YOL120C 19 665
YOL119C 37 703
YOL118C 14 148
YOL117W 16 182
YOL116W 18 193
YOL115W 7 31
YOL114C 29 427
YOL113W 31 463
YOL112W 17 230
YOL111C 58 1856
YOL110W 16 188
YOL109W 35 645
YOL108C 13 219
YOL107W 12 163
YOL106W 9 151
YOL105C 13 161
YOL104C 11 206
YOL103W 4 41
YOL102C 3 13
YOL101C 24 281
YOL100W 22 286
YOL099C 4 28
YOL098C 25 472
YOL097W-A 22 487
YOL097C 4 10
YOL096C 5 23
YOL095C 1 1
YOL094C 8 70
YOL093W 6 37
YOL092W 7 25
YOL091W 4 59
YOL090W 2 3
YOL089C 12 69
YOL088C 6 69
YOL087C 22 467
YOL086W-A 15 364
YOL086C 0 0
YOL085W-A 27 458
YOL085C 11 73
YOL084W 25 231
YOL083W 32 938
YOL083C-A 14 258
YOL082W 36 543
YOL081W 12 771
YOL080C 0 0
YOL079W 4 47
YOL078W 4 64
YOL077W-A 24 231
YOL077C 0 0
YOL076W 0 0
YOL075C 8 53
YOL073C 1 2
YOL072W 12 163
YOL071W 2 12
YOL070C 0 0
YOL069W 6 54
YOL068C 4 92
YOL067C 13 233
YOL066C 6 48
YOL065C 23 573
YOL064C 15 59
YOL063C 3 14
YOL062C 16 170
YOL061W 21 669
YOL060C 22 175
YOL059W 22 389
YOL058W 27 284
YOL057W 17 132
YOL056W 7 62
YOL055C 22 340
YOL054W 27 894
YOL053W 5 15
YOL052C-A 24 301
YOL052C 36 1015
YOL051W 16 133
YOL050C 30 431
YOL049W 23 199
YOL048C 10 76
YOL047C 22 210
YOL046C 0 0
YOL045W 11 153
YOL044W 6 116
YOL043C 10 91
YOL042W 11 86
YOL041C 7 72
YOL040C 4 42
YOL039W 8 62
YOL038C-A 12 148
YOL038W 21 198
YOL037C 3 9
YOL036W 9 46
YOL035C 15 53
YOL034W 2 20
YOL033W 5 25
YOL032W 7 124
YOL031C 19 364
YOL030W 20 370
YOL029C 1 1
YOL028C 19 190
YOL027C 27 276
YOL026C 1 14
YOL025W 1 14
YOL024W 2 10
YOL023W 21 251
YOL022C 0 0
YOL021C 29 663
YOL020W 56 1796
YOL019W-A 28 304
YOL019W 41 458
YOL018C 11 96
YOL017W 14 122
YOL016C 15 86
YOL015W 24 507
YOL014W 3 4
YOL013W-B 6 35
YOL013W-A 2 7
YOL013C 18 192
YOL012C 45 850
YOL011W 46 1645
YOL010W 15 681
YOL009C 3 58
YOL008W 8 26
YOL007C 34 383
YOL006C 23 355
YOL005C 30 442
YOL004W 14 290
YOL003C 12 127
YOL002C 43 681
YOL001W 45 939
YOR001W 11 110
YOR002W 27 364
YOR003W 35 536
YOR004W 15 75
YOR005C 13 93
YOR006C 26 491
YOR007C 23 169
YOR008C 14 91
YOR008C-A 15 241
YOR008W-B 30 280
YOR009W 19 181
YOR010C 15 879
YOR011W 8 72
YOR011W-A 1 5
YOR012W 10 60
YOR013W 6 37
YOR014W 31 969
YOR015W 2 42
YOR016C 10 139
YOR017W 6 105
YOR018W 7 79
YOR019W 15 74
YOR020C 16 351
YOR020W-A 12 112
YOR021C 15 219
YOR022C 10 238
YOR023C 39 236
YOR024W 16 131
YOR025W 36 241
YOR026W 15 148
YOR027W 11 168
YOR028C 25 533
YOR029W 1 1
YOR030W 16 349
YOR031W 15 139
YOR032C 22 221
YOR032W-A 18 194
YOR033C 10 52
YOR034C 23 232
YOR034C-A 2 11
YOR035C 3 9
YOR036W 13 68
YOR037W 15 155
YOR038C 11 303
YOR039W 13 364
YOR040W 9 316
YOR041C 5 17
YOR042W 27 306
YOR043W 14 135
YOR044W 24 257
YOR045W 27 252
YOR046C 0 0
YOR047C 6 41
YOR048C 7 90
YOR049C 10 95
YOR050C 4 48
YOR051C 13 163
YOR052C 42 843
YOR053W 42 843
YOR054C 39 1274
YOR055W 4 15
YOR056C 6 21
YOR057W 6 21
YOR058C 7 115
YOR059C 4 20
YOR060C 4 27
YOR061W 3 26
YOR062C 14 136
YOR063W 23 292
YOR064C 26 357
YOR065W 20 143
YOR066W 26 331
YOR067C 4 10
YOR069W 9 25
YOR068C 2 2
YOR070C 18 148
YOR071C 28 406
YOR072W 8 48
YOR072W-A 19 314
YOR072W-B 4 30
YOR073W 7 47
YOR074C 7 37
YOR073W-A 4 10
YOR075W 7 37
YOR076C 3 69
YOR077W 13 372
YOR078W 7 118
YOR079C 2 12
YOR080W 8 46
YOR081C 17 89
YOR082C 32 514
YOR083W 11 24
YOR084W 16 244
YOR085W 30 568
YOR086C 15 143
YOR087W 30 639
YOR089C 18 506
YOR090C 21 175
YOR091W 21 175
YOR092W 40 682
YOR093C 13 447
YOR094W 12 444
YOR095C 37 1171
YOR096W 0 0
YOR097C 22 243
YOR098C 57 2629
YOR099W 60 2653
YOR100C 34 351
YOR101W 47 873
YOR102W 6 53
YOR103C 16 272
YOR104W 16 89
YOR105W 2 9
YOR106W 18 296
YOR107W 24 298
YOR108W 15 277
YOR108C-A 8 18
YOR109W 10 44
YOR110W 3 14
YOR111W 1 4
YOR112W 7 66
YOR113W 6 41
YOR114W 8 54
YOR115C 6 24
YOR116C 11 88
YOR117W 19 195
YOR118W 0 0
YOR119C 19 417
YOR120W 22 321
YOR121C 4 231
YOR122C 10 52
YOR123C 3 16
YOR124C 11 180
YOR125C 12 56
YOR126C 5 16
YOR127W 21 580
YOR128C 7 82
YOR129C 17 195
YOR130C 17 147
YOR131C 7 37
YOR132W 7 86
YOR133W 21 280
YOR134W 8 61
YOR135C 6 32
YOR136W 38 553
YOR137C 12 56
YOR138C 22 329
YOR139C 4 29
YOR140W 19 140
YOR141C 26 244
YOR142W 22 184
YOR143C 7 106
YOR144C 1 22
YOR145C 3 4
YOR146W 1 14
YOR147W 1 1
YOR148C 13 117
YOR149C 21 374
YOR150W 25 565
YOR151C 7 92
YOR152C 26 655
YOR153W 50 1920
YOR154W 15 239
YOR155C 9 60
YOR156C 6 97
YOR157C 16 347
YOR158W 7 153
YOR159C 2 11
YOR160W 0 0
YOR161C 38 627
YOR161W-A 8 58
YOR161W-B 5 54
YOR161C-C 19 279
YOR162C 40 333
YOR163W 34 260
YOR164C 15 151
YOR165W 10 55
YOR166C 11 141
YOR167C 5 26
YOR168W 6 29
YOR169C 2 13
YOR170W 3 13
YOR171C 13 155
YOR172W 15 160
YOR173W 14 262
YOR174W 8 77
YOR175C 20 675
YOR176W 15 91
YOR177C 24 404
YOR178C 28 302
YOR179C 18 490
YOR180C 4 242
YOR181W 11 62
YOR182C 34 449
YOR183W 0 0
YOR184W 35 454
YOR185C 40 611
YOR186W 35 440
YOR186C-A 21 551
YOR187W 23 541
YOR188W 28 515
YOR189W 8 119
YOR190W 16 212
YOR191W 7 11
YOR192C 12 120
YOR192C-C 1 1
YOR193W 19 179
YOR194C 7 78
YOR195W 4 54
YOR196C 13 102
YOR197W 16 107
YOR198C 22 257
YOR199W 4 8
YOR200W 6 114
YOR201C 9 79
YOR202W 10 148
YOR203W 12 35
YOR204W 24 346
YOR205C 3 21
YOR206W 14 258
YOR207C 26 231
YOR208W 20 211
YOR209C 5 43
YOR210W 5 43
YOR211C 9 49
YOR212W 52 1346
YOR213C 7 58
YOR214C 6 37
YOR215C 14 83
YOR216C 4 20
YOR217W 9 41
YOR218C 8 101
YOR219C 16 534
YOR220W 12 237
YOR221C 31 407
YOR222W 29 490
YOR223W 16 236
YOR224C 9 192
YOR225W 3 36
YOR226C 43 1077
YOR227W 29 944
YOR228C 20 178
YOR229W 20 174
YOR230W 55 1773
YOR231W 24 374
YOR231C-A 3 17
YOR232W 1 1
YOR233W 10 71
YOR234C 20 314
YOR235W 20 309
YOR236W 28 1327
YOR237W 11 111
YOR238W 3 42
YOR239W 14 97
YOR241W 1 5
YOR242C 8 31
YOR243C 1 24
YOR244W 5 38
YOR245C 14 85
YOR246C 6 324
YOR247W 0 0
YOR248W 2 15
YOR249C 2 22
YOR250C 6 10
YOR251C 10 49
YOR252W 13 233
YOR253W 9 62
YOR254C 8 40
YOR255W 0 0
YOR256C 1 11
YOR257W 2 13
YOR258W 1 4
YOR259C 0 0
YOR260W 2 2
YOR261C 1 1
YOR262W 0 0
YOR263C 2 9
YOR264W 25 387
YOR265W 15 138
YOR266W 10 76
YOR267C 17 243
YOR268C 26 722
YOR269W 27 574
YOR270C 9 205
YOR271C 37 257
YOR272W 14 96
YOR273C 64 1208
YOR274W 65 965
YOR275C 12 80
YOR276W 15 163
YOR277C 11 86
YOR278W 26 575
YOR279C 15 91
YOR280C 14 105
YOR281C 6 105
YOR282W 0 0
YOR283W 6 109
YOR284W 13 246
YOR285W 12 366
YOR286W 23 540
YOR287C 1 5
YOR288C 15 431
YOR289W 18 393
YOR290C 8 141
YOR291W 21 746
YOR292C 7 286
YOR293W 14 419
YOR293C-A 0 0
YOR294W 15 101
YOR295W 10 47
YOR296W 13 81
YOR297C 3 53
YOR298W 1 2
YOR298C-A 37 672
YOR299W 45 510
YOR300W 9 118
YOR301W 17 443
YOR302W 37 314
YOR303W 38 330
YOR304W 22 779
YOR304C-A 4 39
YOR305W 6 59
YOR306C 20 106
YOR307C 8 63
YOR308C 1 13
YOR309C 0 0
YOR310C 9 73
YOR311C 11 101
YOR312C 9 136
YOR313C 3 27
YOR314W 3 15
YOR314W-A 31 1177
YOR315W 36 458
YOR316C 60 1946
YOR316C-A 29 434
YOR317W 52 776
YOR318C 9 101
YOR319W 11 165
YOR320C 19 296
YOR321W 14 143
YOR322C 3 30
YOR323C 7 29
YOR324C 25 388
YOR325W 2 4
YOR326W 21 320
YOR327C 32 186
YOR328W 20 161
YOR329C 3 78
YOR329W-A 0 0
YOR330C 3 18
YOR331C 15 62
YOR332W 23 1065
YOR333C 3 9
YOR334W 10 53
YOR335C 24 428
YOR335W-A 0 0
YOR336W 29 675
YOR337W 24 305
YOR338W 27 345
YOR339C 6 35
YOR340C 4 21
YOR341W 8 51
YOR342C 49 1208
YOR343C 35 502
YOR344C 32 488
YOR345C 5 23
YOR346W 11 357
YOR347C 10 133
YOR348C 59 1342
YOR349W 67 1479
YOR350C 5 16
YOR351C 11 124
YOR352W 24 273
YOR353C 5 28
YOR354C 30 686
YOR355W 1 8
YOR356W 27 762
YOR357C 12 198
YOR358W 21 1170
YOR359W 15 232
YOR360C 11 32
YOR361C 10 101
YOR362C 37 1011
YOR363C 26 168
YOR364W 16 159
YOR365C 12 186
YOR366W 4 13
YOR367W 5 35
YOR368W 5 22
YOR369C 6 238
YOR370C 7 278
YOR371C 24 1658
YOR372C 0 0
YOR373W 0 0
YOR374W 72 1925
YOR375C 23 249
YOR376W 2 13
YOR376W-A 6 66
YOR377W 20 195
YOR378W 2 124
YOR379C 10 151
YOR380W 24 193
YOR381W 12 147
YOR381W-A 7 91
YOR382W 33 171
YOR383C 25 501
YOR384W 29 871
YOR385W 11 84
YOR386W 5 111
YOR387C 3 7
YOR388C 8 282
YOR389W 22 473
YOR390W 17 414
YOR391C 3 31
YOR392W 0 0
YOR393W 0 0
YOR394W 0 0
YOR394C-A 0 0
YOR396W 0 0
YOR396C-A 0 0
YPL283C 0 0
YPL283W-B 0 0
YPL283W-A 0 0
YPL282C 0 0
YPL281C 0 0
YPL280W 0 0
YPL279C 15 248
YPL278C 3 6
YPL277C 19 198
YPL274W 44 1067
YPL273W 19 282
YPL272C 17 408
YPL271W 17 198
YPL270W 14 106
YPL269W 12 255
YPL268W 5 32
YPL267W 23 345
YPL266W 11 97
YPL265W 21 445
YPL264C 4 21
YPL263C 24 214
YPL262W 19 145
YPL261C 1 7
YPL260W 16 97
YPL259C 10 32
YPL258C 24 370
YPL257W 27 294
YPL256C 11 52
YPL255W 16 336
YPL254W 5 48
YPL253C 3 16
YPL252C 20 164
YPL251W 3 16
YPL250C 87 3576
YPL249C-A 23 1307
YPL250W-A 75 3190
YPL249C 14 149
YPL248C 7 52
YPL247C 14 196
YPL246C 10 187
YPL245W 4 121
YPL244C 8 74
YPL243W 11 91
YPL242C 7 175
YPL241C 24 295
YPL240C 24 346
YPL239W 9 84
YPL238C 3 13
YPL237W 9 163
YPL236C 9 101
YPL235W 9 101
YPL234C 16 101
YPL233W 12 68
YPL232W 56 1389
YPL231W 5 54
YPL230W 33 330
YPL229W 32 1047
YPL228W 23 378
YPL227C 17 296
YPL226W 17 296
YPL225W 6 189
YPL224C 16 734
YPL223C 10 83
YPL222W 26 423
YPL222C-A 53 635
YPL221W 46 951
YPL220W 26 238
YPL219W 8 158
YPL218W 5 30
YPL217C 2 5
YPL216W 3 11
YPL215W 13 120
YPL214C 15 266
YPL213W 14 222
YPL212C 2 17
YPL211W 5 22
YPL210C 6 38
YPL209C 7 55
YPL208W 2 12
YPL207W 44 976
YPL206C 20 200
YPL205C 2 5
YPL204W 10 127
YPL203W 10 52
YPL202C 18 148
YPL201C 10 37
YPL200W 12 50
YPL199C 30 1042
YPL198W 20 770
YPL197C 6 98
YPL196W 10 127
YPL195W 11 542
YPL194W 4 14
YPL193W 10 88
YPL192C 11 144
YPL191C 6 130
YPL190C 8 60
YPL189C-A 36 1226
YPL189W 27 1102
YPL188W 17 290
YPL187W 29 893
YPL186C 25 998
YPL185W 12 153
YPL184C 3 19
YPL183W-A 25 229
YPL183C 14 459
YPL182C 4 19
YPL181W 16 127
YPL180W 13 384
YPL179W 32 661
YPL178W 16 1304
YPL177C 38 953
YPL176C 1 1
YPL175W 8 55
YPL174C 17 209
YPL173W 11 131
YPL172C 10 47
YPL171C 27 174
YPL170W 58 1321
YPL169C 13 116
YPL168W 6 34
YPL167C 22 226
YPL166W 10 147
YPL165C 9 109
YPL164C 10 54
YPL163C 12 142
YPL162C 14 155
YPL161C 14 82
YPL160W 13 723
YPL159C 10 72
YPL158C 12 120
YPL157W 12 119
YPL156C 42 423
YPL155C 8 98
YPL154C 3 33
YPL153C 20 1358
YPL152W-A 16 1262
YPL152W 13 144
YPL151C 5 32
YPL150W 7 78
YPL149W 16 271
YPL148C 22 145
YPL147W 19 114
YPL146C 5 117
YPL145C 10 45
YPL144W 31 808
YPL143W 10 53
YPL142C 0 0
YPL141C 14 268
YPL140C 8 61
YPL139C 8 48
YPL138C 11 349
YPL137C 32 533
YPL136W 3 6
YPL135W 38 1304
YPL135C-A 14 129
YPL134C 22 244
YPL133C 21 214
YPL132W 19 193
YPL131W 10 77
YPL130W 21 605
YPL129W 4 22
YPL128C 1 1
YPL127C 11 93
YPL126W 11 93
YPL125W 2 25
YPL124W 5 22
YPL123C 7 212
YPL122C 7 134
YPL121C 8 59
YPL120W 5 28
YPL119C-A 1 2
YPL119C 10 127
YPL118W 11 127
YPL117C 5 45
YPL116W 17 131
YPL115C 10 218
YPL114W 4 34
YPL113C 15 144
YPL112C 17 208
YPL111W 53 710
YPL110C 6 74
YPL109C 3 4
YPL108W 4 6
YPL107W 11 65
YPL106C 9 82
YPL105C 14 94
YPL104W 13 117
YPL103C 5 53
YPL102C 3 4
YPL101W 3 29
YPL100W 12 71
YPL099C 5 23
YPL098C 3 25
YPL097W 1 1
YPL096C-A 9 95
YPL096W 6 24
YPL095C 20 485
YPL094C 3 27
YPL093W 4 14
YPL092W 19 342
YPL091W 17 200
YPL090C 2 11
YPL089C 7 185
YPL088W 5 40
YPL087W 30 228
YPL086C 1 13
YPL085W 1 13
YPL084W 8 98
YPL083C 4 50
YPL082C 38 1186
YPL081W 23 689
YPL080C 5 26
YPL079W 24 474
YPL078C 29 796
YPL077C 10 184
YPL076W 15 263
YPL075W 9 255
YPL074W 21 98
YPL073C 6 36
YPL072W 6 39
YPL071C 11 107
YPL070W 14 138
YPL069C 12 191
YPL068C 29 3318
YPL067C 32 1076
YPL066W 41 1233
YPL065W 11 91
YPL064C 2 4
YPL063W 5 49
YPL062W 66 2724
YPL061W 30 332
YPL060W 30 560
YPL059W 23 180
YPL058C 23 213
YPL057C 31 534
YPL056C 27 606
YPL055C 60 1968
YPL054W 49 2063
YPL053C 16 452
YPL052W 13 392
YPL051W 19 299
YPL050C 1 1
YPL049C 23 331
YPL048W 20 316
YPL047W 27 779
YPL046C 2 7
YPL045W 5 14
YPL044C 0 0
YPL043W 9 60
YPL042C 5 24
YPL041C 17 712
YPL040C 7 58
YPL039W 11 117
YPL038W-A 14 105
YPL038W 8 59
YPL037C 13 198
YPL036W 13 256
YPL035C 2 12
YPL034W 19 88
YPL033C 5 45
YPL032C 36 371
YPL031C 7 151
YPL030W 6 131
YPL029W 11 140
YPL028W 10 72
YPL027W 12 134
YPL026C 12 172
YPL025C 13 175
YPL024W 31 445
YPL023C 4 35
YPL022W 4 35
YPL021W 0 0
YPL020C 8 47
YPL019C 58 805
YPL018W 65 1115
YPL017C 9 45
YPL016W 2 7
YPL015C 51 2109
YPL014W 44 1987
YPL013C 3 47
YPL012W 21 453
YPL011C 2 10
YPL010W 3 5
YPL009C 9 296
YPL008W 9 309
YPL007C 1 8
YPL006W 4 14
YPL005W 4 29
YPL004C 11 38
YPL003W 7 60
YPL002C 19 118
YPL001W 11 69
YPR001W 33 777
YPR002W 62 1798
YPR002C-A 13 50
YPR003C 12 71
YPR004C 13 363
YPR005C 32 1088
YPR006C 32 375
YPR007C 2 10
YPR008W 12 133
YPR009W 21 215
YPR010C 14 317
YPR010C-A 36 606
YPR011C 22 1200
YPR012W 24 1305
YPR013C 33 380
YPR014C 2 17
YPR015C 12 71
YPR016C 12 97
YPR016W-A 0 0
YPR017C 21 265
YPR018W 29 377
YPR019W 9 59
YPR020W 10 145
YPR021C 19 169
YPR022C 13 214
YPR023C 3 71
YPR024W 4 76
YPR025C 10 106
YPR026W 15 131
YPR027C 10 39
YPR028W 23 1349
YPR029C 11 47
YPR030W 29 414
YPR031W 14 180
YPR032W 6 33
YPR033C 15 202
YPR034W 14 200
YPR035W 1 3
YPR036W 15 191
YPR036W-A 34 184
YPR037C 37 1036
YPR038W 17 247
YPR039W 24 268
YPR040W 20 225
YPR041W 35 1006
YPR042C 15 489
YPR043W 15 493
YPR044C 5 58
YPR045C 27 582
YPR046W 15 255
YPR047W 9 728
YPR048W 9 102
YPR049C 24 432
YPR050C 5 46
YPR051W 19 400
YPR052C 12 96
YPR053C 7 59
YPR054W 8 155
YPR055W 8 168
YPR056W 4 27
YPR057W 3 9
YPR058W 10 81
YPR059C 1 1
YPR060C 13 110
YPR061C 26 821
YPR062W 23 150
YPR063C 28 337
YPR064W 32 587
YPR065W 17 386
YPR066W 0 0
YPR067W 12 86
YPR068C 5 33
YPR069C 14 200
YPR070W 16 188
YPR071W 12 105
YPR072W 10 113
YPR073C 20 555
YPR074C 39 1142
YPR074W-A 13 67
YPR075C 23 273
YPR076W 2 24
YPR077C 7 107
YPR078C 11 147
YPR079W 11 147
YPR080W 19 175
YPR081C 6 64
YPR082C 5 59
YPR083W 8 62
YPR084W 9 169
YPR085C 2 22
YPR086W 0 0
YPR087W 3 6
YPR088C 12 95
YPR089W 1 6
YPR091C 12 106
YPR092W 1 3
YPR093C 7 48
YPR094W 11 204
YPR095C 9 113
YPR096C 5 23
YPR097W 12 130
YPR098C 23 195
YPR099C 5 42
YPR100W 26 287
YPR101W 8 71
YPR102C 1 1
YPR103W 1 1
YPR104C 3 14
YPR105C 12 84
YPR106W 11 63
YPR107C 2 3
YPR108W 0 0
YPR108W-A 15 111
YPR109W 19 189
YPR110C 17 184
YPR111W 14 174
YPR112C 2 10
YPR113W 1 9
YPR114W 7 54
YPR115W 18 244
YPR116W 12 137
YPR117W 21 814
YPR118W 15 282
YPR119W 4 34
YPR120C 17 357
YPR121W 4 14
YPR122W 23 539
YPR123C 1 2
YPR124W 26 491
YPR125W 27 333
YPR126C 42 365
YPR127W 35 294
YPR128C 16 167
YPR129W 19 190
YPR130C 5 92
YPR131C 9 38
YPR132W 10 61
YPR133C 5 20
YPR133W-A 5 19
YPR134W 4 69
YPR135W 3 13
YPR136C 1 1
YPR137W 10 101
YPR138C 13 114
YPR139C 11 34
YPR140W 9 28
YPR141C 7 74
YPR142C 1 7
YPR143W 7 74
YPR144C 17 683
YPR145W 68 1481
YPR145C-A 27 810
YPR146C 8 448
YPR147C 12 134
YPR148C 20 489
YPR149W 30 390
YPR150W 19 248
YPR151C 46 903
YPR152C 6 53
YPR153W 7 41
YPR154W 20 557
YPR155C 15 103
YPR156C 41 540
YPR157W 38 517
YPR158W 19 823
YPR159W 19 240
YPR159C-A 40 453
YPR160W 39 653
YPR160W-A 8 98
YPR160C-A 19 166
YPR161C 22 346
YPR162C 2 8
YPR163C 6 26
YPR164W 2 5
YPR165W 7 37
YPR166C 12 92
YPR167C 3 22
YPR168W 8 47
YPR169W 10 279
YPR170C 19 351
YPR169W-A 36 405
YPR170W-B 36 405
YPR170W-A 33 275
YPR171W 19 330
YPR172W 14 68
YPR173C 16 137
YPR174C 1 1
YPR175W 6 65
YPR176C 5 34
YPR177C 3 15
YPR178W 1 12
YPR179C 2 7
YPR180W 10 30
YPR181C 5 54
YPR182W 7 56
YPR183W 4 38
YPR184W 16 213
YPR185W 18 303
YPR186C 1 1
YPR187W 0 0
YPR188C 5 33
YPR189W 4 19
YPR190C 13 137
YPR191W 10 105
YPR192W 18 225
YPR193C 12 283
YPR194C 20 881
YPR195C 48 673
YPR196W 22 299
YPR197C 4 30
YPR198W 5 29
YPR199C 3 135
YPR200C 10 62
YPR201W 3 38
YPR202W 18 429
YPR203W 0 0
YPR204W 0 0
YPR204C-A 0 0
