YAL069W 6 107
YAL068W-A 9 7439
YAL068C 1 16
YAL067W-A 5 11
YAL067C 4 50
YAL066W 2 28
YAL065C 2 57
YAL064W-B 2 57
YAL064C-A 2 3
YAL064W 3 23
YAL063C-A 0 0
YAL063C 3 11
YAL062W 10 454
YAL061W 2 3
YAL060W 1 2
YAL059C-A 1 2
YAL059W 6 81
YAL058W 5 179
YAL056C-A 14 14924
YAL056W 11 382
YAL055W 2 32
YAL054C 7 252
YAL053W 1 7
YAL051W 3 88
YAL049C 2 56
YAL048C 3 7
YAL047W-A 3 21
YAL047C 7 341
YAL046C 4 284
YAL045C 4 123
YAL044W-A 5 303
YAL044C 5 1303
YAL043C 6 218
YAL042C-A 4 45
YAL042W 12 914
YAL041W 0 0
YAL040C 1 12
YAL039C 7 1001
YAL038W 0 0
YAL037C-B 0 0
YAL037C-A 2 18
YAL037W 0 0
YAL036C 1 41
YAL035W 2 8
YAL034C-B 4 144
YAL034W-A 4 33
YAL034C 6 65
YAL033W 0 0
YAL032C 5 208
YAL031W-A 2 87
YAL031C 3 4
YAL030W 3 1951
YAL029C 0 0
YAL028W 0 0
YAL027W 2 6
YAL026C-A 0 0
YAL026C 0 0
YAL025C 4 53
YAL024C 3 20
YAL023C 0 0
YAL022C 2 7
YAL021C 5 92
YAL020C 7 174
YAL019W-A 3 32
YAL019W 0 0
YAL018C 0 0
YAL017W 2 34
YAL016C-B 3 13
YAL016C-A 1 2
YAL016W 2 107
YAL015C 4 122
YAL014C 7 170
YAL013W 5 119
YAL012W 2 34
YAL011W 4 807
YAL010C 0 0
YAL009W 5 149
YAL008W 1 2
YAL007C 3 381
YAL005C 2 855
YAL004W 1 274
YAL003W 2 282
YAL002W 6 30
YAL001C 3 99
YAR002W 5 22
YAR002C-A 4 382
YAR003W 2 55
YAR007C 0 0
YAR008W 2 7
YAR014C 4 82
YAR015W 2 46
YAR018C 6 154
YAR019C 3 26
YAR019W-A 0 0
YAR020C 1 2
YAR023C 1 7
YAR027W 2 73
YAR028W 3 69
YAR029W 1 36
YAR030C 2 2
YAR031W 2 10
YAR033W 1 1
YAR035W 21 2487
YAR035C-A 2 31
YAR042W 1 5
YAR047C 0 0
YAR050W 1 1
YAR053W 0 0
YAR060C 0 0
YAR064W 0 0
YAR066W 0 0
YAR068W 0 0
YAR069C 0 0
YAR070C 0 0
YAR071W 0 0
YAR073W 0 0
YAR075W 2 13
YBL113C 0 0
YBL113W-A 0 0
YBL112C 0 0
YBL111C 0 0
YBL109W 0 0
YBL108C-A 0 0
YBL108W 0 0
YBL107W-A 0 0
YBL107C 11 127
YBL106C 0 0
YBL105C 0 0
YBL104C 9 242
YBL103C 1 1
YBL102W 3 147
YBL101C 9 183
YBL100W-C 9 671
YBL100C 0 0
YBL099W 1 2
YBL098W 0 0
YBL097W 1 5
YBL096C 2 48
YBL095W 7 118
YBL094C 0 0
YBL093C 3 22
YBL092W 0 0
YBL091C-A 4 443
YBL091C 4 8
YBL090W 1 1
YBL089W 4 932
YBL088C 1 5
YBL087C 4 175
YBL086C 3 283
YBL085W 2 23
YBL084C 1 4
YBL083C 3 87
YBL082C 5 351
YBL081W 2 48
YBL080C 1 12
YBL079W 1 29
YBL078C 4 49
YBL077W 6 44
YBL076C 2 9
YBL075C 5 26
YBL074C 7 247
YBL073W 0 0
YBL072C 1 6
YBL071C-B 2 12
YBL071W-A 6 3262
YBL071C 10 179
YBL070C 3 51
YBL069W 4 8124
YBL068W-A 4 399
YBL068W 5 17
YBL067C 0 0
YBL066C 1 29
YBL065W 0 0
YBL064C 3 146
YBL063W 3 41
YBL062W 1 62
YBL061C 1 17
YBL060W 11 6221
YBL059C-A 1 29
YBL059W 0 0
YBL058W 7 76
YBL057C 2 549
YBL056W 1 1
YBL055C 9 7597
YBL054W 1 6
YBL053W 6 36
YBL052C 2 20
YBL051C 0 0
YBL050W 2 7
YBL049W 0 0
YBL048W 1 14
YBL047C 3 68
YBL046W 5 71
YBL045C 0 0
YBL044W 1 50
YBL043W 5 37
YBL042C 1 1
YBL041W 2 15
YBL040C 5 175
YBL039W-B 1 3
YBL039C 1 4
YBL039C-A 0 0
YBL038W 0 0
YBL037W 2 3
YBL036C 8 435
YBL035C 1 5
YBL034C 0 0
YBL033C 2 18
YBL032W 4 14
YBL031W 10 895
YBL030C 3 49
YBL029C-A 4 208
YBL029W 1 62
YBL028C 6 1999
YBL027W 0 0
YBL026W 1 1
YBL025W 0 0
YBL024W 1 56
YBL023C 0 0
YBL022C 0 0
YBL021C 6 630
YBL020W 0 0
YBL019W 4 926
YBL018C 0 0
YBL017C 3 56
YBL016W 0 0
YBL015W 8 780
YBL014C 1 37
YBL013W 5 290
YBL012C 0 0
YBL011W 1 16
YBL010C 5 23
YBL009W 5 46
YBL008W-A 0 0
YBL008W 0 0
YBL007C 5 15
YBL006C 8 86
YBL006W-A 0 0
YBL005W 1 1
YBL004W 2 96
YBL003C 6 22
YBL002W 9 300
YBL001C 6 260
YBR001C 5 3250
YBR002C 2 6
YBR003W 2 74
YBR004C 6 18
YBR005W 0 0
YBR006W 1 1
YBR007C 3 92
YBR008C 1 19
YBR009C 5 21
YBR010W 6 54
YBR011C 3 79
YBR012C 0 0
YBR013C 1 7
YBR014C 0 0
YBR015C 3 73
YBR016W 0 0
YBR017C 5 74
YBR018C 2 69
YBR019C 0 0
YBR020W 5 76
YBR021W 1 4
YBR022W 1 1
YBR023C 1 3
YBR024W 1 15
YBR025C 2 5
YBR026C 4 37
YBR027C 0 0
YBR028C 1 2
YBR029C 0 0
YBR030W 2 6
YBR031W 3 8
YBR032W 2 2
YBR033W 3 35
YBR034C 4 244
YBR035C 4 33
YBR036C 4 194
YBR037C 6 318
YBR038W 2 3
YBR039W 0 0
YBR040W 1 4
YBR041W 0 0
YBR042C 1 1
YBR043C 1 1
YBR044C 0 0
YBR045C 0 0
YBR046C 2 26
YBR047W 6 3531
YBR048W 1 1
YBR049C 6 808
YBR050C 2 6
YBR051W 0 0
YBR052C 5 26
YBR053C 8 1242
YBR054W 0 0
YBR055C 3 54
YBR056W 2 9
YBR056W-A 2 25
YBR056C-B 1 1
YBR057C 2 10
YBR058C 2 31
YBR058C-A 2 3
YBR059C 0 0
YBR060C 2 41
YBR061C 3 65
YBR062C 2 24
YBR063C 0 0
YBR064W 1 1
YBR065C 0 0
YBR066C 0 0
YBR067C 2 3
YBR068C 6 234
YBR069C 2 170
YBR070C 4 55
YBR071W 3 3362
YBR072W 2 54
YBR072C-A 1 3
YBR073W 2 10
YBR074W 7 605
YBR076W 0 0
YBR076C-A 6 108
YBR077C 2 3
YBR078W 4 21027
YBR079C 8 143
YBR080C 1 54
YBR081C 3 54
YBR082C 4 186
YBR083W 5 226
YBR084W 3 175
YBR084C-A 2 61
YBR085W 1 2
YBR085C-A 1 31
YBR086C 3 75
YBR087W 3 82
YBR088C 0 0
YBR089W 2 93
YBR089C-A 2 5
YBR090C 6 650
YBR091C 8 987
YBR092C 0 0
YBR093C 1 7
YBR094W 3 34
YBR095C 8 170
YBR096W 2 16
YBR097W 1 21
YBR098W 9 2534
YBR099C 5 90
YBR101C 1 2
YBR102C 1 404
YBR103W 1 79
YBR103C-A 8 1257
YBR104W 1 42
YBR105C 2 20
YBR106W 4 390
YBR107C 6 218
YBR108W 10 11580
YBR109C 2 20
YBR109W-A 1 6
YBR110W 1 2
YBR111C 5 181
YBR111W-A 3 131
YBR112C 0 0
YBR113W 0 0
YBR114W 4 136
YBR115C 2 3
YBR116C 7 864
YBR117C 4 52
YBR118W 5 68
YBR119W 2 50
YBR120C 2 534
YBR121C 1 8
YBR121C-A 0 0
YBR122C 2 21
YBR123C 2 99
YBR124W 1 1
YBR125C 1 9
YBR126C 5 395
YBR126W-A 10 617
YBR126W-B 5 745
YBR127C 2 6
YBR128C 2 2
YBR129C 7 88
YBR130C 4 26
YBR131W 1 3
YBR131C-A 1 1
YBR132C 3 145
YBR133C 5 29
YBR134W 1 40
YBR135W 1 31
YBR136W 2 19
YBR137W 0 0
YBR138C 1 8
YBR139W 3 221
YBR140C 1 47
YBR141C 5 115
YBR141W-A 3 103
YBR142W 1 33
YBR143C 4 13
YBR144C 10 230
YBR145W 1 1
YBR146W 0 0
YBR147W 1 5
YBR148W 1 1
YBR149W 9 431
YBR150C 8 147
YBR151W 1 16
YBR152W 1 20
YBR153W 7 115
YBR154C 2 66
YBR155W 2 75
YBR156C 3 120
YBR157C 0 0
YBR158W 0 0
YBR159W 1 50
YBR160W 0 0
YBR161W 0 0
YBR162C 6 310
YBR162W-A 14 420
YBR163W 2 8
YBR164C 0 0
YBR165W 0 0
YBR166C 2 21
YBR167C 1 1
YBR168W 1 4
YBR169C 1 3
YBR170C 2 5
YBR171W 5 151
YBR172C 2 24
YBR173C 6 191
YBR174C 3 118
YBR175W 5 1759
YBR176W 1 6
YBR177C 1 6
YBR178W 1 3
YBR179C 2 47
YBR180W 2 10
YBR181C 5 26
YBR182C 5 797
YBR182C-A 14 3672
YBR183W 2 8
YBR184W 3 115
YBR185C 0 0
YBR186W 2 87
YBR187W 4 106
YBR188C 0 0
YBR189W 0 0
YBR190W 1 140
YBR191W 0 0
YBR191W-A 1 3
YBR192W 1 1
YBR193C 3 32
YBR194W 0 0
YBR195C 1 316
YBR196C 0 0
YBR196C-A 4 304
YBR196C-B 3 73
YBR197C 9 231
YBR198C 1 1
YBR199W 0 0
YBR200W 0 0
YBR200W-A 1 1
YBR201W 0 0
YBR201C-A 6 155
YBR202W 0 0
YBR203W 5 176
YBR204C 6 341
YBR205W 10 130
YBR206W 2 197
YBR207W 1 30
YBR208C 0 0
YBR209W 2 56
YBR210W 2 21
YBR211C 1 2
YBR212W 2 23
YBR213W 3 20
YBR214W 0 0
YBR215W 2 748
YBR216C 1 39
YBR217W 6 108
YBR218C 2 23
YBR219C 1 11
YBR220C 1 7
YBR221C 1 1
YBR221W-A 7 205
YBR222C 1 21
YBR223C 0 0
YBR223W-A 3 258
YBR224W 0 0
YBR225W 0 0
YBR226C 1 1
YBR227C 0 0
YBR228W 3 130
YBR229C 5 386
YBR230C 6 260
YBR230W-A 12 92
YBR231C 2 5
YBR232C 1 11
YBR233W 1 39
YBR233W-A 4 54
YBR234C 2 65
YBR235W 1 34
YBR236C 0 0
YBR237W 6 311
YBR238C 4 35
YBR239C 2 142
YBR240C 4 204
YBR241C 1 11
YBR242W 2 32
YBR243C 5 27
YBR244W 0 0
YBR245C 2 61
YBR246W 6 319
YBR247C 0 0
YBR248C 1 25
YBR249C 0 0
YBR250W 0 0
YBR251W 4 48
YBR252W 1 9
YBR253W 6 161
YBR254C 3 396
YBR255W 4 288
YBR255C-A 12 496
YBR256C 7 294
YBR257W 4 675
YBR258C 4 433
YBR259W 3 28
YBR260C 8 791
YBR261C 3 32
YBR262C 0 0
YBR263W 5 1147
YBR264C 0 0
YBR265W 2 44
YBR267W 2 13
YBR266C 2 23
YBR268W 6 144
YBR269C 3 56
YBR270C 3 12
YBR271W 2 51
YBR272C 3 143
YBR273C 5 264
YBR274W 2 11
YBR275C 1 10
YBR276C 0 0
YBR277C 3 62
YBR278W 2 14
YBR279W 1 2
YBR280C 0 0
YBR281C 7 528
YBR282W 2 171
YBR283C 2 19
YBR284W 2 24
YBR285W 2 27
YBR286W 4 10
YBR287W 3 89
YBR288C 4 206
YBR289W 3 15
YBR290W 11 1407
YBR291C 1 8
YBR292C 1 17
YBR293W 2 43
YBR294W 1 40
YBR295W 3 217
YBR296C 3 69
YBR296C-A 4 29
YBR297W 4 22
YBR298C 1 2897
YBR298C-A 0 0
YBR299W 0 0
YBR300C 0 0
YBR301W 0 0
YBR302C 0 0
YCL076W 0 0
YCL073C 1 1
YCL069W 0 0
YCL068C 0 0
YCL067C 0 0
YCL066W 0 0
YCL065W 0 0
YCL064C 6 300
YCL063W 4 117
YCL061C 2 11
YCL059C 4 50
YCL058C 7 173
YCL058W-A 2 103
YCL057C-A 5 53
YCL057W 5 33
YCL056C 0 0
YCL055W 1 8
YCL054W 2 161
YCL052C 0 0
YCL051W 4 502
YCL050C 1 32
YCL049C 6 1943
YCL048W-A 1 4
YCL048W 1 16
YCL047C 4 64
YCL045C 3 93
YCL046W 0 0
YCL044C 2 6
YCL043C 0 0
YCL041C 12 840
YCL042W 1 4
YCL040W 5 290
YCL039W 7 493
YCL038C 5 577
YCL037C 4 96
YCL036W 11 221
YCL035C 7 595
YCL034W 6 455
YCL033C 3 128
YCL032W 1 27
YCL031C 1 32
YCL030C 4 155
YCL029C 8 478
YCL028W 7 181
YCL027W 0 0
YCL026C-B 2 12
YCL026C-A 2 290
YCL025C 6 595
YCL023C 0 0
YCL024W 1 18
YCL022C 2 16
YCL021W-A 0 0
YCL018W 2 4
YCL017C 1 2
YCL016C 3 31
YCL014W 4 146
YCL012C 0 0
YCL011C 4 304
YCL010C 10 2263
YCL009C 5 623
YCL008C 4 851
YCL007C 2 40
YCL005W-A 1 62
YCL005W 5 241
YCL004W 11 542
YCL002C 1 1
YCL001W 4 7
YCL001W-A 1 21
YCL001W-B 1 158
YCR001W 5 53
YCR002C 0 0
YCR003W 8 140
YCR004C 0 0
YCR005C 7 1142
YCR006C 10 1266
YCR007C 4 287
YCR008W 0 0
YCR009C 3 20
YCR010C 4 62
YCR011C 0 0
YCR012W 2 34
YCR013C 4 153
YCR014C 5 85
YCR015C 1 82
YCR016W 5 177
YCR017C 2 135
YCR018C 0 0
YCR018C-A 8 440
YCR019W 2 9
YCR020C 2 10
YCR020C-A 12 1415
YCR020W-B 1 15
YCR021C 0 0
YCR022C 13 365
YCR023C 2 271
YCR024C 3 42
YCR024C-B 0 0
YCR024C-A 2 4
YCR025C 12 769
YCR026C 4 74
YCR027C 4 107
YCR028C 2 26
YCR028C-A 1 61
YCR030C 2 5
YCR031C 2 26
YCR032W 1 1
YCR033W 0 0
YCR034W 1 1
YCR035C 8 301
YCR036W 8 1612
YCR037C 2 56
YCR038C 0 0
YCR038W-A 0 0
YCR039C 0 0
YCR040W 0 0
YCR041W 0 0
YCR042C 3 498
YCR043C 3 415
YCR044C 8 1252
YCR045C 2 148
YCR045W-A 0 0
YCR046C 3 55
YCR047C 0 0
YCR047W-A 2 16
YCR049C 4 46
YCR048W 3 56
YCR050C 0 0
YCR051W 2 112
YCR052W 3 33
YCR053W 4 402
YCR054C 0 0
YCR057C 1 244
YCR059C 21 673
YCR060W 14 370
YCR061W 11 873
YCR064C 4 51
YCR063W 5 91
YCR065W 0 0
YCR066W 5 225
YCR067C 1 1
YCR068W 2 124
YCR069W 3 53
YCR071C 6 141
YCR072C 7 47
YCR073C 0 0
YCR073W-A 4 3794
YCR075C 7 265
YCR075W-A 3 95
YCR076C 10 301
YCR077C 5 15
YCR079W 8 582
YCR081W 2 30
YCR081C-A 11 9742
YCR082W 3 101
YCR083W 6 17
YCR084C 1 72
YCR085W 0 0
YCR086W 0 0
YCR087W 0 0
YCR087C-A 5 117
YCR088W 7 446
YCR089W 1 11
YCR090C 4 68
YCR091W 1 3
YCR092C 4 36
YCR093W 6 203
YCR094W 1 2
YCR095C 3 89
YCR095W-A 1 1
YCR096C 0 0
YCR097W 1 2
YCR097W-A 0 0
YCR098C 2 6
YCR099C 3 94
YCR100C 1 1
YCR101C 2 76
YCR102C 4 6
YCR102W-A 0 0
YCR104W 0 0
YCR105W 1 3
YCR106W 5 54
YCR107W 1 12
YCR108C 11 398
YDL248W 2 225
YDL247W-A 0 0
YDL247W 0 0
YDL246C 0 0
YDL245C 0 0
YDL244W 0 0
YDL243C 4 72
YDL242W 5 1050
YDL241W 3 24
YDL240C-A 1 13
YDL240W 2 6
YDL239C 2 52
YDL238C 2 231
YDL237W 2 31
YDL236W 4 22
YDL235C 1 1
YDL234C 2 206
YDL233W 1 26
YDL232W 7 440
YDL231C 1 2
YDL230W 2 27
YDL229W 7 470
YDL228C 8 32
YDL227C 4 92
YDL226C 2 142
YDL225W 3 61
YDL224C 2 68
YDL223C 1 36
YDL222C 1 2
YDL221W 3 20
YDL220C 2 2
YDL219W 4 117
YDL218W 3 50
YDL217C 3 44
YDL216C 4 24
YDL215C 3 159
YDL214C 1 77
YDL213C 3 22
YDL212W 5 42
YDL211C 1 5
YDL210W 2 9
YDL209C 3 169
YDL208W 6 145
YDL207W 5 546
YDL206W 0 0
YDL205C 3 8
YDL204W 3 22
YDL203C 1 116
YDL202W 2 30
YDL201W 0 0
YDL200C 11 855
YDL199C 5 389
YDL198C 2 11
YDL197C 2 11
YDL196W 8 297
YDL195W 4 44
YDL194W 1 1
YDL193W 1 1
YDL192W 3 61
YDL191W 2 43
YDL190C 2 26
YDL189W 0 0
YDL188C 2 8
YDL187C 1 1
YDL186W 0 0
YDL185C-A 1 4
YDL185W 0 0
YDL184C 15 1297
YDL183C 3 8
YDL182W 6 151
YDL181W 1 21
YDL180W 5 146
YDL179W 1 2
YDL178W 2 18
YDL177C 3 109
YDL176W 3 21
YDL175C 6 117
YDL174C 12 447
YDL173W 4 41
YDL172C 2 38
YDL171C 1 13
YDL170W 11 516
YDL169C 3 164
YDL168W 6 465
YDL167C 1 75
YDL166C 1 3
YDL165W 4 232
YDL164C 3 29
YDL163W 1 1
YDL162C 4 176
YDL161W 1 2
YDL160C-A 1 115
YDL160C 0 0
YDL159W-A 1 3
YDL159W 7 877
YDL159C-B 0 0
YDL158C 0 0
YDL157C 9 2609
YDL156W 1 5
YDL155W 0 0
YDL154W 1 3
YDL153C 0 0
YDL152W 1 1
YDL151C 1 2
YDL150W 0 0
YDL149W 3 7
YDL148C 3 46
YDL147W 4 46
YDL146W 1 6
YDL145C 2 6
YDL144C 8 909
YDL143W 4 232
YDL142C 3 38
YDL141W 2 43
YDL140C 1 2
YDL139C 6 428
YDL138W 4 176
YDL137W 4 95
YDL136W 1 104
YDL135C 4 25
YDL134C 1 4
YDL133C-A 3 9
YDL133W 0 0
YDL132W 2 2
YDL131W 3 133
YDL130W-A 6 69
YDL130W 0 0
YDL129W 4 380
YDL128W 4 81
YDL127W 2 49
YDL126C 3 62
YDL125C 9 776
YDL124W 15 1005
YDL123W 13 8355
YDL122W 1 33
YDL121C 9 138
YDL120W 0 0
YDL119C 1 6
YDL118W 2 25
YDL117W 3 34
YDL116W 2 10
YDL115C 1 22
YDL114W-A 2 79
YDL114W 1 2
YDL113C 5 57
YDL112W 1 8
YDL111C 1 5
YDL110C 6 347
YDL109C 2 251
YDL108W 3 58
YDL107W 1 5
YDL106C 2 369
YDL105W 4 81
YDL104C 4 80
YDL103C 1 25
YDL102W 3 10
YDL101C 1 108
YDL100C 4 1352
YDL099W 1 36
YDL098C 4 63
YDL097C 2 148
YDL096C 2 156
YDL095W 4 95
YDL094C 1 5
YDL093W 1 21
YDL092W 8 1185
YDL091C 0 0
YDL090C 0 0
YDL089W 1 39
YDL088C 2 5
YDL087C 7 206
YDL086W 4 140
YDL086C-A 0 0
YDL085C-A 9 216
YDL085W 0 0
YDL084W 0 0
YDL083C 1 39
YDL082W 2 36
YDL081C 0 0
YDL080C 2 49
YDL079C 7 116
YDL078C 4 170
YDL077C 1 7
YDL076C 0 0
YDL075W 1 4
YDL074C 3 108
YDL073W 6 116
YDL072C 8 1238
YDL071C 0 0
YDL070W 0 0
YDL069C 0 0
YDL068W 2 73
YDL067C 2 90
YDL066W 11 250
YDL065C 2 2
YDL064W 4 73
YDL063C 1 74
YDL062W 1 78
YDL061C 6 124
YDL060W 3 23
YDL059C 0 0
YDL058W 3 1530
YDL057W 2 3
YDL056W 2 5
YDL055C 0 0
YDL054C 1 67
YDL053C 4 94
YDL052C 2 91
YDL051W 0 0
YDL050C 4 124
YDL049C 4 33
YDL048C 3 93
YDL047W 1 1
YDL046W 1 4
YDL045W-A 3 129
YDL045C 0 0
YDL044C 2 7
YDL043C 2 46
YDL042C 8 2118
YDL041W 7 190
YDL040C 4 127
YDL039C 4 125
YDL037C 5 102
YDL036C 5 90
YDL035C 1 15
YDL034W 2 5
YDL033C 1 5
YDL032W 3 23
YDL031W 2 13
YDL030W 3 34
YDL029W 1 318
YDL028C 4 231
YDL027C 1 5
YDL026W 0 0
YDL025C 0 0
YDL025W-A 0 0
YDL024C 4 285
YDL022C-A 0 0
YDL023C 2 88
YDL022W 4 200
YDL021W 2 5
YDL020C 1 3
YDL019C 1 6
YDL018C 4 12
YDL017W 0 0
YDL016C 1 22
YDL015C 3 4
YDL014W 0 0
YDL013W 1 10
YDL012C 11 784
YDL011C 1 66
YDL010W 6 59
YDL009C 0 0
YDL008W 5 118
YDL007C-A 2 62
YDL007W 2 394
YDL006W 2 14
YDL005C 0 0
YDL004W 2 15
YDL003W 0 0
YDL002C 2 49
YDL001W 1 1
YDR001C 3 18
YDR002W 3 44
YDR003W 4 126
YDR003W-A 1 1
YDR004W 2 68
YDR005C 0 0
YDR006C 1 13
YDR007W 7 50
YDR008C 2 52
YDR009W 8 2330
YDR010C 1 6
YDR011W 0 0
YDR012W 3 386
YDR013W 2 14
YDR014W 2 4
YDR014W-A 3 36
YDR015C 0 0
YDR016C 7 242
YDR017C 3 44
YDR018C 10 131
YDR019C 5 64
YDR020C 2 9
YDR021W 0 0
YDR022C 6 193
YDR023W 2 36
YDR024W 0 0
YDR025W 2 81
YDR026C 4 5
YDR027C 1 3
YDR028C 0 0
YDR029W 0 0
YDR030C 8 890
YDR031W 9 220
YDR032C 0 0
YDR033W 0 0
YDR034C 1 53
YDR034C-A 5 151
YDR034W-B 1 2
YDR035W 8 263
YDR036C 3 23
YDR037W 0 0
YDR038C 0 0
YDR039C 0 0
YDR040C 0 0
YDR041W 3 20
YDR042C 1 2
YDR043C 1 14
YDR044W 5 45
YDR045C 2 15
YDR046C 4 229
YDR047W 2 19
YDR048C 2 55
YDR049W 8 138
YDR050C 4 86
YDR051C 3 234
YDR052C 1 2
YDR053W 1 7
YDR054C 2 6
YDR055W 2 16
YDR056C 1 5
YDR057W 5 427
YDR058C 8 837
YDR059C 2 45
YDR060W 3 121
YDR061W 1 18
YDR062W 1 3
YDR063W 4 33
YDR064W 2 7
YDR065W 0 0
YDR066C 1 2
YDR067C 3 205
YDR068W 4 101
YDR069C 5 167
YDR070C 4 26
YDR071C 5 73
YDR072C 3 147
YDR073W 3 242
YDR074W 1 1
YDR075W 3 7
YDR076W 3 70
YDR077W 3 14
YDR078C 3 44
YDR079W 1 6
YDR079C-A 4 83
YDR080W 3 13
YDR081C 1 6
YDR082W 2 6
YDR083W 4 95
YDR084C 3 127
YDR085C 3 50
YDR086C 1 1
YDR087C 10 503
YDR088C 2 5
YDR089W 5 400
YDR090C 2 15
YDR091C 2 15
YDR092W 0 0
YDR093W 1 4
YDR094W 11 180
YDR095C 3 64
YDR096W 0 0
YDR097C 0 0
YDR098C 11 228
YDR099W 5 45
YDR100W 5 307
YDR101C 0 0
YDR102C 3 42
YDR103W 2 6
YDR104C 1 1
YDR105C 2 2194
YDR106W 1 2556
YDR107C 2 6
YDR108W 4 55
YDR109C 13 1204
YDR110W 2 50
YDR111C 2 9
YDR112W 3 70
YDR113C 0 0
YDR114C 2 14
YDR115W 2 6
YDR116C 0 0
YDR117C 3 17
YDR118W 3 17
YDR118W-A 0 0
YDR119W 1 4
YDR119W-A 2 7
YDR120C 14 347
YDR121W 1 1
YDR122W 1 39
YDR123C 3 77
YDR124W 10 1362
YDR125C 5 76
YDR126W 3 122
YDR127W 2 46
YDR128W 4 269
YDR129C 2 25
YDR130C 6 200
YDR131C 1 10
YDR132C 2 4
YDR133C 1 64
YDR135C 3 44
YDR136C 0 0
YDR137W 0 0
YDR138W 2 39
YDR139C 2 15
YDR140W 6 262
YDR141C 3 33
YDR142C 7 127
YDR143C 0 0
YDR144C 0 0
YDR145W 6 31
YDR146C 1 39
YDR147W 2 19
YDR148C 1 308
YDR149C 0 0
YDR150W 2 44
YDR151C 2 34
YDR152W 3 649
YDR153C 3 217
YDR154C 2 108
YDR155C 1 1
YDR156W 6 97
YDR157W 6 155
YDR158W 4 261
YDR159W 0 0
YDR160W 0 0
YDR161W 1 6
YDR162C 0 0
YDR163W 0 0
YDR164C 1 14
YDR165W 1 7
YDR166C 1 9
YDR167W 3 131
YDR168W 2 104
YDR169C 1 2
YDR169C-A 4 73
YDR170C 0 0
YDR171W 5 262
YDR172W 7 1257
YDR173C 6 187
YDR174W 11 162
YDR175C 0 0
YDR176W 5 83
YDR177W 3 10
YDR178W 5 132
YDR179C 3 119
YDR179W-A 2 7
YDR180W 1 9
YDR181C 5 423
YDR182W 5 100
YDR182W-A 3 45
YDR183W 4 58
YDR183C-A 3 6
YDR184C 4 113
YDR185C 1 34
YDR186C 8 120
YDR187C 6 126
YDR188W 5 773
YDR189W 2 8
YDR190C 1 15
YDR191W 0 0
YDR192C 0 0
YDR193W 1 1
YDR194C 1 210
YDR194W-A 2 214
YDR195W 1 2
YDR196C 7 436
YDR197W 4 91
YDR198C 9 4349
YDR199W 5 246
YDR200C 4 22
YDR201W 7 258
YDR202C 3 261
YDR203W 2 110
YDR204W 5 303
YDR205W 10 792
YDR206W 0 0
YDR207C 0 0
YDR208W 0 0
YDR209C 1 6
YDR210W 2 327
YDR211W 1 1
YDR212W 0 0
YDR213W 1 103
YDR214W 0 0
YDR215C 7 22
YDR216W 1 2
YDR217C 8 176
YDR218C 4 27
YDR219C 0 0
YDR220C 0 0
YDR221W 0 0
YDR222W 1 1
YDR223W 0 0
YDR224C 6 411
YDR225W 5 129
YDR226W 2 139
YDR227W 0 0
YDR228C 0 0
YDR229W 2 547
YDR230W 0 0
YDR231C 15 1697
YDR232W 7 52
YDR233C 9 283
YDR234W 3 85
YDR235W 1 5
YDR236C 4 293
YDR237W 2 6
YDR238C 2 70
YDR239C 1 1
YDR240C 3 243
YDR241W 0 0
YDR242W 2 55
YDR243C 1 1
YDR244W 4 150
YDR245W 0 0
YDR246W 0 0
YDR246W-A 12 207
YDR247W 0 0
YDR248C 0 0
YDR249C 2 11
YDR250C 3 61
YDR251W 0 0
YDR252W 7 67
YDR253C 1 9
YDR254W 3 62
YDR255C 5 330
YDR256C 2 211
YDR257C 8 391
YDR258C 10 694
YDR259C 0 0
YDR260C 10 292
YDR261C 1 1
YDR262W 4 101
YDR263C 0 0
YDR264C 2 76
YDR265W 6 775
YDR266C 1 1
YDR267C 1 14
YDR268W 5 318
YDR269C 0 0
YDR270W 1 6
YDR271C 3 15
YDR272W 0 0
YDR273W 0 0
YDR274C 14 189
YDR275W 9 3366
YDR276C 5 28
YDR277C 4 37
YDR278C 2 12
YDR279W 0 0
YDR280W 0 0
YDR281C 0 0
YDR282C 11 314
YDR283C 1 10
YDR284C 0 0
YDR285W 0 0
YDR286C 2 173
YDR287W 3 20
YDR288W 3 21
YDR289C 3 12
YDR290W 2 3
YDR291W 0 0
YDR292C 0 0
YDR293C 3 98
YDR294C 2 147
YDR295C 0 0
YDR296W 3 28
YDR297W 1 1
YDR298C 2 8
YDR299W 6 701
YDR300C 2 16
YDR301W 2 66
YDR302W 3 14
YDR303C 1 2
YDR304C 3 35
YDR305C 10 347
YDR306C 8 1161
YDR307W 3 34
YDR308C 0 0
YDR309C 7 91
YDR310C 0 0
YDR311W 4 16
YDR312W 2 19
YDR313C 2 3
YDR314C 4 187
YDR315C 7 426
YDR316W 3 17
YDR317W 1 21
YDR318W 2 10
YDR319C 2 123
YDR320C 1 2
YDR320C-A 5 105
YDR320W-B 1 27
YDR321W 6 28
YDR322W 2 215
YDR322C-A 7 831
YDR323C 4 30
YDR324C 3 48
YDR325W 5 166
YDR326C 2 5
YDR327W 10 964
YDR328C 2 219
YDR329C 13 887
YDR330W 1 32
YDR331W 7 407
YDR332W 5 14
YDR333C 3 9
YDR334W 0 0
YDR335W 0 0
YDR336W 5 5923
YDR337W 2 45
YDR338C 4 68
YDR339C 3 86
YDR340W 2 4
YDR341C 3 5
YDR342C 0 0
YDR343C 0 0
YDR344C 3 75
YDR345C 0 0
YDR346C 0 0
YDR347W 2 29
YDR348C 0 0
YDR349C 4 78
YDR350C 3 73
YDR351W 1 1
YDR352W 3 43
YDR353W 5 107
YDR354W 0 0
YDR354C-A 0 0
YDR355C 0 0
YDR356W 6 708
YDR357C 2 7
YDR358W 1 61
YDR359C 4 23
YDR360W 0 0
YDR361C 4 64
YDR362C 1 21
YDR363W 3 119
YDR363W-A 7 82
YDR364C 3 50
YDR365C 4 98
YDR366C 2 7
YDR367W 1 2
YDR368W 3 31
YDR369C 4 284
YDR370C 3 19
YDR371W 5 112
YDR371C-A 0 0
YDR372C 1 86
YDR373W 1 2
YDR374C 5 10
YDR374W-A 6 311
YDR375C 14 935
YDR376W 3 10
YDR377W 1 1
YDR378C 4 8
YDR379W 2 5
YDR379C-A 10 266
YDR380W 0 0
YDR381W 0 0
YDR381C-A 2 5
YDR382W 0 0
YDR383C 7 288
YDR384C 1 1
YDR385W 4 169
YDR386W 12 1322
YDR387C 2 3
YDR388W 9 324
YDR389W 2 4
YDR390C 7 467
YDR391C 4 193
YDR392W 4 63
YDR393W 8 325
YDR394W 0 0
YDR395W 0 0
YDR396W 4 55
YDR397C 12 1036
YDR398W 2 19
YDR399W 4 19
YDR400W 0 0
YDR401W 2 6
YDR402C 0 0
YDR403W 0 0
YDR404C 0 0
YDR405W 6 35
YDR406W 6 138
YDR406W-A 0 0
YDR407C 1 1
YDR408C 1 16
YDR409W 3 128
YDR410C 0 0
YDR411C 7 235
YDR412W 1 2
YDR413C 3 72
YDR414C 0 0
YDR415C 0 0
YDR416W 3 94
YDR417C 0 0
YDR418W 2 33
YDR419W 9 190
YDR420W 1 318
YDR421W 1 2
YDR422C 3 2453
YDR423C 11 175
YDR424C 4 1152
YDR425W 2 413
YDR426C 11 4117
YDR427W 4 26
YDR428C 5 172
YDR429C 4 33
YDR430C 2 16
YDR431W 3 10
YDR432W 1 1
YDR433W 3 57
YDR434W 0 0
YDR435C 3 25
YDR436W 1 9
YDR437W 0 0
YDR438W 2 21
YDR439W 0 0
YDR440W 0 0
YDR441C 11 293
YDR442W 4 2529
YDR443C 4 18
YDR444W 2 69
YDR445C 1 2
YDR446W 4 145
YDR447C 1 2
YDR448W 0 0
YDR449C 4 38
YDR450W 4 179
YDR451C 2 139
YDR452W 5 109
YDR453C 4 100
YDR454C 0 0
YDR455C 2 16
YDR456W 2 125
YDR457W 3 5
YDR458C 3 5
YDR459C 0 0
YDR460W 1 4
YDR461W 2 357
YDR461C-A 3 106
YDR462W 5 100
YDR463W 7 146
YDR464W 0 0
YDR464C-A 0 0
YDR465C 3 6
YDR466W 1 1
YDR467C 3 170
YDR468C 3 81
YDR469W 6 343
YDR470C 0 0
YDR471W 3 10
YDR472W 2 88
YDR473C 3 130
YDR475C 1 7
YDR476C 14 3254
YDR477W 0 0
YDR478W 3 27
YDR479C 4 98
YDR480W 1 1
YDR481C 6 151
YDR482C 3 55
YDR483W 2 18
YDR484W 1 22
YDR485C 4 133
YDR486C 5 376
YDR487C 6 154
YDR488C 5 308
YDR489W 1 1
YDR490C 1 1
YDR491C 0 0
YDR492W 3 6
YDR493W 5 28
YDR494W 1 32
YDR495C 1 55
YDR496C 1 1
YDR497C 3 70
YDR498C 3 36
YDR499W 1 5
YDR500C 7 243
YDR501W 0 0
YDR502C 5 211
YDR503C 1 154
YDR504C 1 20
YDR505C 2 40
YDR506C 5 63
YDR507C 1 62
YDR508C 1 14
YDR509W 1 20
YDR510W 3 80
YDR510C-A 3 11
YDR511W 1 2
YDR512C 3 165
YDR513W 5 20
YDR514C 2 275
YDR515W 1 20
YDR516C 7 395
YDR517W 2 4
YDR518W 3 31
YDR519W 5 125
YDR520C 2 205
YDR521W 0 0
YDR522C 13 576
YDR523C 0 0
YDR524C 5 478
YDR524W-C 3 93
YDR524C-B 4 25
YDR524C-A 9 334
YDR525W 4 25
YDR525W-A 11 4982
YDR526C 1 46
YDR527W 5 82
YDR528W 1 1
YDR529C 4 35
YDR530C 10 236
YDR531W 4 122
YDR532C 3 94
YDR533C 3 12
YDR534C 2 26
YDR535C 10 1011
YDR536W 2 4
YDR537C 1 2
YDR538W 1 15
YDR539W 4 116
YDR540C 1 1
YDR541C 3 158
YDR542W 0 0
YDR543C 3 62
YDR544C 0 0
YDR545W 0 0
YDR545C-A 0 0
YEL077C 0 0
YEL077W-A 1 2
YEL076C-A 0 0
YEL076C 0 0
YEL075W-A 0 0
YEL075C 0 0
YEL074W 0 0
YEL073C 3 20
YEL072W 1 1
YEL071W 1 2
YEL070W 2 26
YEL069C 0 0
YEL068C 5 182
YEL067C 3 72
YEL066W 8 961
YEL065W 3 198
YEL064C 2 21
YEL063C 2 6
YEL062W 2 8
YEL061C 1 2
YEL060C 6 431
YEL059C-A 8 203
YEL059W 3 13
YEL058W 6 395
YEL057C 0 0
YEL056W 0 0
YEL055C 1 16
YEL054C 2 8
YEL053W-A 0 0
YEL053C 0 0
YEL052W 5 63
YEL051W 5 96
YEL050W-A 4 557
YEL050C 3 41
YEL049W 2 14
YEL048C 1 1
YEL047C 4 191
YEL046C 5 27
YEL045C 2 296
YEL044W 2 7
YEL043W 6 137
YEL042W 4 76
YEL041W 3 82
YEL040W 4 81
YEL039C 3 5
YEL038W 11 296
YEL037C 0 0
YEL036C 1 18
YEL035C 5 1578
YEL034C-A 1 28
YEL034W 5 48
YEL033W 3 16
YEL032W 1 34
YEL032C-A 1 2
YEL031W 5 180
YEL030C-A 0 0
YEL030W 2 37
YEL029C 2 28
YEL028W 0 0
YEL027W 1 4
YEL026W 0 0
YEL025C 8 296
YEL024W 1 1
YEL023C 1 3
YEL022W 0 0
YEL021W 3 8
YEL020C-B 1 5
YEL020W-A 5 367
YEL020C 0 0
YEL019C 3 14
YEL018C-A 1 1
YEL018W 2 132
YEL017C-A 4 62
YEL017W 10 101
YEL016C 1 1
YEL015W 1 4
YEL014C 1 9
YEL013W 0 0
YEL012W 0 0
YEL011W 5 125
YEL010W 3 52
YEL009C-A 2 12
YEL009C 0 0
YEL008W 5 38
YEL008C-A 14 384
YEL007W 9 365
YEL006W 4 36
YEL005C 6 55
YEL004W 6 696
YEL003W 4 157
YEL002C 7 142
YEL001C 6 843
YER001W 2 120
YER002W 1 1
YER003C 5 452
YER004W 6 148
YER005W 1 54
YER006W 5 41
YER006C-A 3 64
YER007W 3 51
YER007C-A 0 0
YER008C 0 0
YER009W 1 2
YER010C 7 90
YER011W 0 0
YER012W 1 1
YER013W 2 94
YER014W 2 42
YER014C-A 0 0
YER015W 2 1564
YER016W 5 33
YER017C 1 29
YER018C 3 9
YER019W 3 15
YER019C-A 6 148
YER020W 3 23
YER021W 5 8
YER022W 2 4
YER023W 2 17
YER023C-A 2 23
YER024W 1 4
YER025W 1 25
YER026C 0 0
YER027C 1 287
YER028C 1 5
YER029C 0 0
YER030W 5 226
YER031C 2 19
YER032W 3 721
YER033C 3 38
YER034W 6 277
YER035W 5 77
YER036C 3 130
YER037W 5 130
YER038C 4 187
YER038W-A 3 35
YER039C 2 30
YER039C-A 9 2189
YER040W 3 19
YER041W 1 2
YER042W 4 91
YER043C 6 63
YER044C 4 25
YER044C-A 0 0
YER045C 6 70
YER046W 1 5
YER046W-A 1 17
YER047C 0 0
YER048C 1 1
YER048W-A 1 2
YER049W 4 42
YER050C 5 154
YER051W 3 198
YER052C 0 0
YER053C 3 153
YER053C-A 4 114
YER054C 1 1
YER055C 0 0
YER056C 2 30
YER056C-A 1 14
YER057C 1 12
YER058W 8 540
YER059W 0 0
YER060W 0 0
YER060W-A 3 76
YER061C 4 164
YER062C 3 720
YER063W 2 28
YER064C 2 51
YER065C 1 5
YER066W 1 2
YER066C-A 6 150
YER067W 3 4
YER067C-A 3 170
YER068W 0 0
YER068C-A 2 22
YER069W 7 223
YER070W 2 2
YER071C 2 9
YER072W 3 130
YER073W 6 98
YER074W 1 1
YER074W-A 9 61
YER075C 7 56
YER076C 1 24
YER076W-A 1 9
YER077C 7 111
YER078C 1 4
YER078W-A 3 10
YER079W 3 9
YER079C-A 1 42
YER080W 8 341
YER081W 2 67
YER082C 3 697
YER083C 5 165
YER084W 0 0
YER084W-A 1 1
YER085C 4 46
YER086W 0 0
YER087W 2 525
YER087C-A 2 8
YER087C-B 4 121
YER088C 6 424
YER088C-A 6 56
YER088W-B 14 2539
YER089C 3 32
YER090W 0 0
YER090C-A 0 0
YER091C 0 0
YER091C-A 4 257
YER092W 8 64
YER093C 0 0
YER093C-A 2 629
YER094C 2 18
YER095W 2 19
YER096W 1 6
YER097W 9 1215
YER098W 1 8
YER099C 2 34
YER100W 0 0
YER101C 3 252
YER102W 1 25
YER103W 1 2
YER104W 2 4
YER105C 3 56
YER106W 0 0
YER107C 3 48
YER107W-A 3 49
YER109C 1 20
YER110C 2 8
YER111C 0 0
YER112W 2 14
YER113C 3 91
YER114C 1 1
YER115C 1 1
YER116C 0 0
YER117W 0 0
YER118C 0 0
YER119C 4 127
YER119C-A 0 0
YER120W 6 18
YER121W 4 199
YER122C 3 35
YER123W 1 8
YER124C 1 4
YER125W 0 0
YER126C 2 171
YER127W 3 114
YER128W 7 136
YER129W 0 0
YER130C 1 1
YER131W 2 7
YER132C 2 9
YER133W 2 13
YER133W-A 0 0
YER134C 4 53
YER135C 1 13
YER136W 1 1
YER137C 7 230
YER137W-A 2 4
YER138W-A 0 0
YER139C 1 4
YER140W 2 3
YER141W 2 6
YER142C 4 111
YER143W 3 31
YER144C 6 204
YER145C 6 517
YER145C-A 3 23
YER146W 5 624
YER147C 7 324
YER147C-A 1 3
YER148W 0 0
YER148W-A 0 0
YER149C 3 31
YER150W 3 151
YER151C 3 5
YER152C 4 94
YER152W-A 1 80
YER153C 5 25
YER154W 10 442
YER155C 2 7
YER156C 6 326
YER157W 6 72
YER158C 2 10
YER158W-A 11 2056
YER159C 6 1212
YER161C 4 28
YER162C 8 2824
YER163C 1 20
YER164W 0 0
YER165W 0 0
YER165C-A 1 1
YER166W 0 0
YER167W 3 40
YER168C 3 71
YER169W 0 0
YER170W 5 86
YER171W 0 0
YER172C 1 18
YER172C-A 4 148
YER173W 6 76
YER174C 1 8
YER175C 2 8
YER175W-A 1 2
YER176W 2 16
YER177W 1 2
YER178W 4 27
YER179W 1 24
YER180C 1 36
YER180C-A 7 267
YER181C 0 0
YER182W 4 225
YER183C 4 33
YER184C 1 4
YER185W 3 515
YER186C 3 135
YER187W 2 13
YER188W 1 1
YER188C-A 4 52
YER189W 0 0
YER190W 0 0
YER190C-A 0 0
YER190C-B 0 0
YFL068W 0 0
YFL067W 0 0
YFL066C 0 0
YFL065C 0 0
YFL064C 0 0
YFL063W 2 103
YFL062W 0 0
YFL061W 0 0
YFL060C 1 1
YFL059W 2 400
YFL058W 0 0
YFL057C 3 27
YFL056C 0 0
YFL055W 2 236
YFL054C 3 240
YFL053W 0 0
YFL052W 5 84
YFL051C 4 194
YFL050C 0 0
YFL049W 1 73
YFL048C 3 74
YFL047W 9 1060
YFL046W 1 9
YFL045C 1 4
YFL044C 0 0
YFL042C 5 110
YFL041W-A 1 9
YFL041W 2 1304
YFL040W 1 3
YFL039C 3 86
YFL038C 2 2
YFL037W 4 110
YFL036W 4 39
YFL034C-B 3 42
YFL034C-A 4 66
YFL034W 2 4
YFL033C 4 80
YFL032W 1 6
YFL031W 2 19
YFL031C-A 0 0
YFL030W 0 0
YFL029C 0 0
YFL028C 6 1633
YFL027C 0 0
YFL026W 1 44
YFL025C 0 0
YFL024C 5 112
YFL023W 3 38
YFL022C 6 15
YFL021C-A 2 6
YFL021W 6 1143
YFL020C 0 0
YFL019C 1 4
YFL018C 9 120
YFL017W-A 6 133
YFL017C 8 101
YFL016C 3 41
YFL015W-A 7 404
YFL015C 9 280
YFL014W 2 23
YFL013W-A 4 43
YFL013C 2 12
YFL012W-A 1 16
YFL012W 0 0
YFL011W 1 4
YFL010W-A 0 0
YFL010C 1 2
YFL009W 0 0
YFL008W 2 100
YFL007W 0 0
YFL005W 3 25
YFL004W 2 13
YFL003C 1 67
YFL002C 5 59
YFL001W 8 814
YFR001W 1 27
YFR002W 4 161
YFR003C 1 18
YFR004W 2 16
YFR005C 1 28
YFR006W 4 1968
YFR007W 6 132
YFR008W 0 0
YFR009W 2 47
YFR009W-A 1 9
YFR010W 0 0
YFR010W-A 4 129
YFR011C 7 424
YFR012W 1 5
YFR012W-A 1 6
YFR013W 5 80
YFR014C 2 15
YFR015C 4 226
YFR016C 0 0
YFR017C 7 145
YFR018C 3 149
YFR019W 2 8
YFR020W 0 0
YFR021W 0 0
YFR022W 4 34
YFR023W 0 0
YFR024C-A 9 385
YFR025C 4 323
YFR026C 0 0
YFR027W 0 0
YFR028C 1 53
YFR029W 4 561
YFR030W 3 83
YFR031C 5 116
YFR031C-A 3 72
YFR032C 2 43
YFR032C-A 2 43
YFR032C-B 1 14
YFR033C 7 123
YFR034C 4 61
YFR034W-A 1 1
YFR035C 13 327
YFR036W 5 25
YFR036W-A 3 404
YFR037C 4 14
YFR038W 5 283
YFR039C 1 5
YFR040W 2 6
YFR041C 1 141
YFR042W 2 71
YFR043C 0 0
YFR044C 7 242
YFR045W 2 7
YFR046C 7 227
YFR047C 5 115
YFR048W 3 19
YFR049W 1 1
YFR050C 2 33
YFR051C 7 14414
YFR052W 4 33
YFR052C-A 1 4
YFR053C 2 6
YFR054C 0 0
YFR056C 2 30
YFR055W 1 11
YFR057W 1 2
YGL263W 4 149
YGL262W 2 4
YGL261C 0 0
YGL260W 1 62
YGL259W 4 31
YGL258W-A 0 0
YGL258W 0 0
YGL257C 0 0
YGL256W 1 1
YGL255W 1 1
YGL254W 13 1202
YGL253W 4 51
YGL252C 2 456
YGL251C 2 10
YGL250W 3 1904
YGL249W 1 47
YGL248W 1 14
YGL247W 0 0
YGL246C 6 598
YGL245W 0 0
YGL244W 3 18
YGL243W 3 156
YGL242C 4 113
YGL241W 9 1507
YGL240W 3 164
YGL239C 2 103
YGL238W 2 8
YGL237C 4 451
YGL236C 3 134
YGL235W 2 58
YGL234W 1 2
YGL233W 1 5
YGL232W 1 7
YGL231C 4 94
YGL230C 0 0
YGL229C 0 0
YGL228W 3 224
YGL227W 0 0
YGL226C-A 5 1190
YGL226W 1 1
YGL225W 6 187
YGL224C 2 8
YGL223C 5 94
YGL222C 3 38
YGL221C 9 2871
YGL220W 9 2871
YGL219C 3 35
YGL218W 3 40
YGL217C 3 20
YGL216W 2 12
YGL215W 0 0
YGL214W 2 161
YGL213C 0 0
YGL212W 1 1
YGL211W 4 166
YGL210W 0 0
YGL209W 1 5
YGL208W 8 2113
YGL207W 1 4
YGL206C 1 20
YGL205W 1 4
YGL204C 2 19
YGL203C 1 4
YGL202W 2 2
YGL201C 0 0
YGL200C 0 0
YGL199C 2 225
YGL198W 1 2
YGL197W 4 14
YGL196W 0 0
YGL195W 0 0
YGL194C-A 0 0
YGL194C 5 78
YGL193C 0 0
YGL192W 1 2
YGL191W 4 55
YGL190C 2 15
YGL189C 3 8
YGL188C-A 3 8
YGL188C 2 57
YGL187C 3 14
YGL186C 2 58
YGL185C 2 15
YGL184C 0 0
YGL183C 1 20
YGL182C 4 279
YGL181W 3 36
YGL180W 3 70
YGL179C 1 21
YGL178W 0 0
YGL177W 12 369
YGL176C 0 0
YGL175C 4 469
YGL174W 1 1
YGL173C 3 35
YGL172W 2 90
YGL171W 5 586
YGL170C 3 420
YGL169W 1 5
YGL168W 1 1
YGL167C 1 2
YGL166W 4 425
YGL165C 1 13
YGL164C 1 46
YGL163C 2 115
YGL162W 6 209
YGL161C 5 19
YGL160W 1 6
YGL159W 4 109
YGL158W 0 0
YGL157W 2 75
YGL156W 0 0
YGL155W 2 82
YGL154C 5 94
YGL153W 6 117
YGL152C 5 92
YGL151W 2 4
YGL150C 1 3
YGL149W 0 0
YGL148W 2 2
YGL147C 7 37
YGL146C 1 36
YGL145W 1 9
YGL144C 3 8
YGL143C 6 958
YGL142C 2 4
YGL141W 6 84
YGL140C 0 0
YGL139W 2 239
YGL138C 0 0
YGL137W 9 135
YGL136C 11 194
YGL135W 4 7
YGL134W 5 63
YGL133W 0 0
YGL132W 1 1
YGL131C 0 0
YGL130W 0 0
YGL129C 5 389
YGL128C 0 0
YGL127C 0 0
YGL126W 3 22
YGL125W 4 49
YGL124C 7 11082
YGL123W 1 6
YGL123C-A 3 66
YGL122C 1 18
YGL121C 5 288
YGL120C 3 50
YGL119W 1 5
YGL118C 1 44
YGL117W 3 365
YGL116W 0 0
YGL115W 1 1
YGL114W 2 119
YGL113W 1 2
YGL112C 1 1
YGL111W 5 209
YGL110C 1 70
YGL109W 1 70
YGL108C 3 248
YGL107C 4 27
YGL106W 0 0
YGL105W 2 292
YGL104C 5 360
YGL103W 1 2
YGL102C 7 407
YGL101W 8 579
YGL100W 5 63
YGL099W 1 49
YGL098W 2 20
YGL097W 8 625
YGL096W 2 63
YGL095C 0 0
YGL094C 0 0
YGL093W 8 977
YGL092W 0 0
YGL091C 1 32
YGL090W 2 28
YGL089C 1 100
YGL088W 16 3558
YGL087C 3 160
YGL086W 5 108
YGL085W 4 15
YGL084C 3 97
YGL083W 1 5
YGL082W 1 2
YGL081W 0 0
YGL080W 4 28
YGL079W 0 0
YGL078C 0 0
YGL077C 1 23
YGL076C 2 28
YGL075C 5 73
YGL074C 5 30
YGL073W 2 251
YGL072C 5 241
YGL071W 1 1
YGL070C 3 8
YGL069C 0 0
YGL068W 3 9
YGL067W 0 0
YGL066W 2 4
YGL065C 4 62
YGL064C 3 22
YGL063W 7 66
YGL063C-A 16 1651
YGL062W 6 246
YGL061C 0 0
YGL060W 0 0
YGL059W 3 123
YGL058W 3 22
YGL057C 9 535
YGL056C 2 2
YGL055W 7 191
YGL054C 4 126
YGL053W 4 39
YGL052W 0 0
YGL051W 1 237
YGL050W 8 2154
YGL049C 1 1
YGL048C 3 16
YGL047W 0 0
YGL045W 3 9
YGL044C 0 0
YGL043W 8 907
YGL042C 0 0
YGL041C-B 2 100
YGL041W-A 2 6
YGL041C 1 3
YGL040C 4 135
YGL039W 0 0
YGL038C 0 0
YGL037C 0 0
YGL036W 4 150
YGL035C 3 24
YGL034C 2 52
YGL033W 0 0
YGL032C 2 9
YGL031C 2 7
YGL030W 1 4
YGL029W 1 3
YGL028C 0 0
YGL027C 4 150
YGL026C 3 185
YGL025C 4 91
YGL024W 1 24
YGL023C 7 678
YGL022W 1 3
YGL021W 3 30
YGL020C 1 8
YGL019W 0 0
YGL018C 1 1
YGL017W 4 344
YGL016W 0 0
YGL015C 0 0
YGL014W 0 0
YGL014C-A 0 0
YGL013C 1 6
YGL012W 5 62
YGL011C 1 4
YGL010W 2 244
YGL009C 0 0
YGL008C 0 0
YGL007C-A 8 157
YGL007W 7 230
YGL006W-A 5 65
YGL006W 4 54
YGL005C 4 585
YGL004C 2 91
YGL003C 1 8
YGL002W 6 3434
YGL001C 5 131
YGR001C 3 21
YGR002C 9 862
YGR003W 9 750
YGR004W 1 64
YGR005C 3 8
YGR006W 3 47
YGR007W 8 1381
YGR008C 5 55
YGR009C 1 5
YGR010W 1 22
YGR011W 5 55
YGR012W 7 465
YGR013W 6 32
YGR014W 0 0
YGR015C 9 925
YGR016W 6 532
YGR017W 1 3
YGR018C 6 97
YGR019W 2 10
YGR020C 1 8
YGR021W 7 106
YGR022C 0 0
YGR023W 3 171
YGR024C 3 26
YGR025W 1 6
YGR026W 2 11
YGR027C 5 55
YGR028W 4 211
YGR029W 5 67
YGR030C 4 14
YGR031W 3 33
YGR031C-A 9 3841
YGR032W 3 110
YGR033C 1 2
YGR034W 2 72
YGR035C 3 16
YGR035W-A 7 364
YGR036C 1 7
YGR037C 6 1164
YGR038W 2 41
YGR039W 3 63
YGR040W 1 22
YGR041W 2 50
YGR042W 4 1607
YGR043C 4 71
YGR044C 5 114
YGR045C 9 733
YGR046W 0 0
YGR047C 4 250
YGR048W 2 4
YGR049W 4 55
YGR050C 5 256
YGR051C 2 29
YGR052W 2 85
YGR053C 1 4
YGR054W 1 448
YGR055W 1 9
YGR056W 11 301
YGR057C 1 8
YGR058W 10 997
YGR059W 3 8
YGR060W 1 4
YGR061C 0 0
YGR062C 0 0
YGR063C 5 85
YGR064W 3 30
YGR065C 2 37
YGR066C 3 6
YGR067C 5 78
YGR068C 3 101
YGR068W-A 8 131
YGR069W 1 7
YGR070W 4 43
YGR071C 8 458
YGR072W 2 9
YGR073C 0 0
YGR074W 1 13
YGR075C 1 2
YGR076C 4 11
YGR077C 4 99
YGR078C 6 554
YGR079W 5 137
YGR080W 2 1218
YGR081C 4 582
YGR082W 4 108
YGR083C 2 4
YGR084C 5 4074
YGR085C 1 2
YGR086C 2 4
YGR087C 3 4
YGR088W 3 103
YGR089W 0 0
YGR090W 2 44
YGR091W 2 18
YGR092W 3 234
YGR093W 2 212
YGR094W 12 564
YGR095C 3 19
YGR096W 2 81
YGR097W 0 0
YGR098C 0 0
YGR099W 1 2
YGR100W 0 0
YGR101W 7 152
YGR102C 7 622
YGR103W 4 909
YGR104C 2 3
YGR105W 3 56
YGR106C 2 12
YGR107W 1 46
YGR108W 2 76
YGR109C 1 10
YGR110W 0 0
YGR111W 3 81
YGR112W 1 1
YGR113W 0 0
YGR114C 0 0
YGR115C 3 183
YGR116W 0 0
YGR117C 7 264
YGR118W 4 24
YGR119C 1 1
YGR120C 0 0
YGR121C 1 1
YGR121W-A 4 64
YGR122W 3 55
YGR122C-A 0 0
YGR123C 3 67
YGR124W 3 7
YGR125W 4 89
YGR126W 0 0
YGR127W 5 151
YGR128C 0 0
YGR129W 0 0
YGR130C 2 6
YGR131W 1 7
YGR132C 2 279
YGR133W 18 3490
YGR134W 3 43
YGR135W 1 20
YGR136W 6 191
YGR137W 1 2
YGR138C 0 0
YGR139W 0 0
YGR140W 5 545
YGR141W 5 91
YGR142W 2 9
YGR143W 1 2
YGR144W 0 0
YGR145W 4 152
YGR146C 2 13
YGR146C-A 8 428
YGR147C 0 0
YGR148C 9 102
YGR149W 1 15
YGR150C 4 259
YGR151C 0 0
YGR152C 1 21
YGR153W 4 100
YGR154C 0 0
YGR155W 0 0
YGR156W 2 56
YGR157W 4 21
YGR158C 4 101
YGR159C 3 6
YGR160W 1 12
YGR161C 6 1087
YGR161W-C 7 5566
YGR162W 1 1
YGR163W 0 0
YGR164W 5 210
YGR165W 1 8
YGR166W 2 3
YGR167W 0 0
YGR168C 5 94
YGR169C 0 0
YGR169C-A 0 0
YGR170W 3 112
YGR171C 3 23
YGR172C 8 248
YGR173W 2 8
YGR174C 5 840
YGR174W-A 3 12
YGR175C 3 24
YGR176W 11 324
YGR177C 3 229
YGR178C 1 2
YGR179C 4 136
YGR180C 7 33
YGR181W 3 41
YGR182C 2 51
YGR183C 7 294
YGR184C 3 58
YGR185C 5 53
YGR186W 2 332
YGR187C 0 0
YGR188C 5 813
YGR189C 4 14
YGR190C 1 50
YGR191W 4 1047
YGR192C 6 1094
YGR193C 0 0
YGR194C 12 739
YGR195W 0 0
YGR196C 2 345
YGR197C 0 0
YGR198W 10 2895
YGR199W 1 17
YGR200C 4 41
YGR201C 7 62
YGR202C 1 40
YGR203W 11 1958
YGR204W 5 121
YGR204C-A 0 0
YGR205W 0 0
YGR206W 2 94
YGR207C 6 104
YGR208W 2 24
YGR209C 7 40
YGR210C 1 2
YGR211W 3 94
YGR212W 5 1168
YGR213C 0 0
YGR214W 1 4
YGR215W 2 5
YGR216C 4 66
YGR217W 0 0
YGR218W 2 24
YGR219W 4 28
YGR220C 4 28
YGR221C 2 47
YGR222W 9 156
YGR223C 4 14
YGR224W 6 997
YGR225W 0 0
YGR226C 1 4
YGR227W 0 0
YGR228W 1 55
YGR229C 4 77
YGR230W 5 15
YGR231C 3 15
YGR232W 2 8
YGR233C 1 1
YGR234W 5 97
YGR235C 4 46
YGR236C 2 66
YGR237C 0 0
YGR238C 4 49
YGR239C 3 46
YGR240C 1 1
YGR240C-A 5 79
YGR241C 0 0
YGR242W 1 1
YGR243W 0 0
YGR244C 4 49
YGR245C 0 0
YGR246C 6 73
YGR247W 1 1
YGR248W 3 280
YGR249W 3 5
YGR250C 2 6
YGR251W 2 10
YGR252W 2 10
YGR253C 2 34
YGR254W 4 20
YGR255C 0 0
YGR256W 2 15
YGR257C 2 4
YGR258C 3 448
YGR259C 5 206
YGR260W 5 490
YGR261C 0 0
YGR262C 1 6
YGR263C 3 4
YGR264C 3 29
YGR265W 3 46
YGR266W 5 20
YGR267C 2 2
YGR268C 5 54
YGR269W 1 11
YGR270W 1 15
YGR270C-A 2 42
YGR271W 7 110
YGR271C-A 0 0
YGR273C 0 0
YGR274C 2 12
YGR275W 4 125
YGR276C 2 45
YGR277C 6 69
YGR278W 6 65
YGR279C 1 224
YGR280C 5 606
YGR281W 3 15
YGR282C 3 4
YGR283C 7 615
YGR284C 7 183
YGR285C 5 194
YGR286C 8 120
YGR287C 5 348
YGR288W 3 118
YGR289C 0 0
YGR290W 3 4
YGR291C 1 2
YGR292W 1 2
YGR293C 0 0
YGR294W 0 0
YGR295C 4 12
YGR296W 0 0
YGR296C-A 0 0
YGR296C-B 0 0
YHL050C 0 0
YHL050W-A 0 0
YHL049C 0 0
YHL048C-A 4 71
YHL048W 0 0
YHL047C 4 41
YHL046W-A 2 55
YHL046C 0 0
YHL045W 0 0
YHL044W 5 43
YHL043W 3 396
YHL042W 2 16
YHL041W 2 71
YHL040C 1 2
YHL039W 4 145
YHL038C 1 5
YHL037C 1 1
YHL036W 6 453
YHL035C 7 108
YHL034W-A 8 1000
YHL034C 0 0
YHL033C 8 110
YHL032C 6 20
YHL031C 5 59
YHL030W-A 4 63
YHL030W 4 324
YHL029C 5 120
YHL028W 8 567
YHL027W 1 3
YHL026C 8 519
YHL025W 3 57
YHL024W 2 29
YHL023C 5 138
YHL022C 2 16
YHL021C 8 86
YHL020C 0 0
YHL019W-A 5 317
YHL019C 4 27
YHL018W 7 149
YHL017W 7 156
YHL016C 2 4
YHL015W-A 5 52
YHL015W 0 0
YHL014C 6 341
YHL013C 4 159
YHL012W 2 133
YHL011C 2 146
YHL010C 0 0
YHL009C 2 72
YHL008C 0 0
YHL007C 2 14
YHL006W-A 4 223
YHL006C 3 155
YHL005C 4 41
YHL004W 1 1
YHL003C 4 18
YHL002C-A 0 0
YHL002W 5 187
YHL001W 6 2813
YHR001W 1 4
YHR001W-A 5 184
YHR002W 6 871
YHR003C 5 56
YHR004C 8 427
YHR005C 2 4
YHR005C-A 1 2
YHR006W 4 34
YHR007C 0 0
YHR007C-A 14 495
YHR008C 1 8
YHR009C 3 45
YHR010W 0 0
YHR011W 0 0
YHR012W 1 95
YHR013C 4 103
YHR014W 0 0
YHR015W 6 237
YHR016C 3 104
YHR017W 4 148
YHR018C 3 28
YHR019C 1 8
YHR020W 3 155
YHR021C 1 17
YHR021W-A 5 989
YHR022C 3 262
YHR022C-A 11 367
YHR023W 4 75
YHR024C 8 1431
YHR025W 3 73
YHR026W 0 0
YHR027C 0 0
YHR028C 5 25578
YHR028W-A 5 548
YHR029C 0 0
YHR030C 2 285
YHR031C 4 155
YHR032W 0 0
YHR032W-A 12 671
YHR032C-A 17 1801
YHR033W 8 675
YHR034C 4 18
YHR035W 3 121
YHR036W 2 63
YHR037W 1 2
YHR038W 2 43
YHR039C 0 0
YHR039C-A 5 72
YHR040W 9 310
YHR041C 8 258
YHR042W 3 83
YHR043C 2 5
YHR044C 3 60
YHR045W 0 0
YHR046C 4 13
YHR047C 4 62
YHR048W 4 266
YHR049W 4 885
YHR049C-A 1 4
YHR050W 1 4
YHR050W-A 5 94
YHR051W 1 6
YHR052W 2 27
YHR052W-A 0 0
YHR053C 0 0
YHR054C 2 10
YHR054W-A 0 0
YHR055C 0 0
YHR056C 2 5
YHR056W-A 0 0
YHR057C 6 132
YHR058C 4 159
YHR059W 1 18
YHR060W 8 116
YHR061C 6 268
YHR062C 2 30
YHR063C 10 397
YHR063W-A 4 51
YHR064C 5 51
YHR065C 6 85
YHR066W 3 73
YHR067W 2 7
YHR068W 0 0
YHR069C 4 153
YHR069C-A 0 0
YHR070W 6 86
YHR070C-A 6 63
YHR071W 3 32
YHR071C-A 1 16
YHR072W 2 17
YHR072W-A 3 71
YHR073W 1 3
YHR073W-A 0 0
YHR073C-B 3 14
YHR074W 5 608
YHR075C 1 6
YHR076W 4 27
YHR077C 1 427
YHR078W 3 306
YHR079C 1 12
YHR079C-A 2 6
YHR080C 5 38
YHR081W 3 225
YHR082C 0 0
YHR083W 14 865
YHR084W 1 2
YHR085W 8 342
YHR086W 5 427
YHR086W-A 8 3122
YHR087W 3 26
YHR088W 3 81
YHR089C 3 40
YHR090C 7 276
YHR091C 7 180
YHR092C 1 20
YHR093W 1 2
YHR094C 0 0
YHR095W 0 0
YHR096C 0 0
YHR097C 2 69
YHR098C 1 1
YHR099W 1 13
YHR100C 6 112
YHR101C 2 12
YHR102W 1 2
YHR103W 2 57
YHR104W 1 2
YHR105W 1 1
YHR106W 1 4
YHR107C 2 10
YHR108W 0 0
YHR109W 5 60
YHR110W 6 674
YHR111W 4 25
YHR112C 5 146
YHR113W 4 72
YHR114W 3 69
YHR115C 5 63
YHR116W 5 777
YHR117W 2 35
YHR118C 1 3
YHR119W 2 26
YHR120W 2 2
YHR121W 4 77
YHR122W 3 117
YHR123W 1 196
YHR124W 1 3
YHR125W 2 10
YHR126C 0 0
YHR127W 6 590
YHR128W 2 7
YHR129C 1 1
YHR130C 0 0
YHR131C 1 29
YHR131W-A 1 1
YHR132C 4 42
YHR132W-A 5 199
YHR133C 2 837
YHR134W 2 23
YHR135C 2 6
YHR136C 13 1161
YHR137W 4 29
YHR137C-A 0 0
YHR138C 1 15
YHR139C 1 30
YHR139C-A 7 1523
YHR140W 3 186
YHR141C 1 198
YHR142W 4 602
YHR143W 1 7
YHR143W-A 0 0
YHR144C 7 1482
YHR145C 0 0
YHR146W 3 105
YHR147C 6 146
YHR148W 1 26
YHR149C 2 41
YHR150W 4 110
YHR151C 4 477
YHR152W 1 2
YHR153C 4 71
YHR154W 4 66
YHR155W 1 11
YHR156C 4 324
YHR157W 1 3
YHR158C 0 0
YHR159W 1 4
YHR160C 6 56
YHR161C 0 0
YHR162W 1 1
YHR163W 6 278
YHR164C 0 0
YHR165C 0 0
YHR165W-A 0 0
YHR166C 3 41
YHR167W 7 494
YHR168W 4 123
YHR169W 3 122
YHR170W 0 0
YHR171W 4 455
YHR172W 3 42
YHR173C 5 133
YHR174W 5 63
YHR175W 10 136
YHR175W-A 1 2
YHR176W 0 0
YHR177W 0 0
YHR178W 4 48
YHR179W 0 0
YHR180W 2 7
YHR180W-A 0 0
YHR180C-B 5 280
YHR181W 4 24
YHR182W 0 0
YHR182C-A 4 25
YHR183W 1 21
YHR184W 1 381
YHR185C 2 2
YHR186C 1 1
YHR187W 1 75
YHR188C 4 109
YHR189W 6 815
YHR190W 1 3
YHR191C 0 0
YHR192W 1 3
YHR193C 1 8
YHR193C-A 0 0
YHR194W 3 35
YHR195W 2 26
YHR196W 3 38
YHR197W 3 59
YHR198C 5 317
YHR199C 7 911
YHR199C-A 4 742
YHR200W 7 480
YHR201C 1 1
YHR202W 0 0
YHR203C 1 11
YHR204W 4 82
YHR205W 0 0
YHR206W 0 0
YHR207C 8 90
YHR208W 6 56
YHR209W 1 1
YHR210C 0 0
YHR211W 1 5
YHR212C 0 0
YHR212W-A 0 0
YHR213W 0 0
YHR213W-A 0 0
YHR213W-B 0 0
YHR214W 0 0
YHR214W-A 0 0
YHR214C-D 0 0
YHR214C-E 0 0
YHR215W 0 0
YHR216W 0 0
YHR217C 0 0
YHR218W 0 0
YHR218W-A 0 0
YHR219W 0 0
YHR219C-A 0 0
YIL177C 0 0
YIL177W-A 0 0
YIL176C 0 0
YIL173W 0 0
YIL172C 0 0
YIL171W-A 0 0
YIL169C 5 73
YIL166C 1 17
YIL165C 3 131
YIL164C 1 1
YIL163C 3 10
YIL162W 3 9
YIL161W 0 0
YIL160C 7 284
YIL159W 5 96
YIL158W 2 24
YIL157C 4 282
YIL156W-A 4 66
YIL156W-B 5 140
YIL156W 6 324
YIL155C 5 251
YIL154C 4 124
YIL153W 4 124
YIL152W 5 86
YIL151C 2 5
YIL150C 3 35
YIL149C 3 23
YIL148W 1 68
YIL147C 1 58
YIL146C 1 100
YIL145C 6 278
YIL144W 0 0
YIL143C 7 1453
YIL142C-A 2 86
YIL142W 3 6
YIL141W 3 86
YIL140W 0 0
YIL139C 1 1
YIL138C 7 187
YIL137C 8 5652
YIL136W 6 135
YIL135C 4 116
YIL134C-A 9 338
YIL134W 3 10
YIL133C 3 165
YIL132C 3 6
YIL131C 4 37
YIL130W 1 54
YIL129C 0 0
YIL128W 1 2
YIL127C 1 1
YIL126W 3 38
YIL125W 2 2
YIL124W 1 1
YIL123W 2 32
YIL122W 1 116
YIL121W 0 0
YIL120W 0 0
YIL119C 1 4
YIL118W 0 0
YIL117C 1 7
YIL116W 1 134
YIL115W-A 3 61
YIL115C 3 7
YIL114C 3 26
YIL113W 5 105
YIL112W 4 93
YIL111W 0 0
YIL110W 2 3
YIL109C 2 7
YIL108W 5 89
YIL107C 1 15
YIL106W 4 24
YIL105C 1 13
YIL105W-A 0 0
YIL104C 4 114
YIL103W 3 139
YIL102C-A 4 253
YIL102C 2 12
YIL101C 3 65
YIL100C-A 6 157
YIL100W 3 65
YIL099W 2 336
YIL098C 4 59
YIL097W 5 68
YIL096C 6 57
YIL095W 2 40
YIL094C 2 7
YIL093C 3 45
YIL092W 3 241
YIL091C 4 49
YIL090W 0 0
YIL089W 1 26
YIL088C 4 47
YIL087C 2 23
YIL086C 1 7
YIL085C 5 2308
YIL084C 0 0
YIL083C 2 22
YIL082W 0 0
YIL079C 4 166
YIL078W 1 30
YIL077C 12 2042
YIL076W 3 92
YIL075C 2 33
YIL074C 1 11
YIL073C 1 49
YIL072W 0 0
YIL071W-A 0 0
YIL071C 5 32
YIL070C 1 46
YIL069C 3 102
YIL068W-A 0 0
YIL068C 1 8
YIL067C 1 1
YIL066W-A 1 1
YIL066C 2 77
YIL065C 5 50
YIL064W 8 425
YIL063C 5 1008
YIL062C 2 4
YIL061C 5 232
YIL060W 0 0
YIL059C 6 48
YIL058W 1 3
YIL057C 4 82
YIL056W 6 159
YIL055C 0 0
YIL054W 7 1042
YIL053W 2 2
YIL052C 1 1
YIL051C 8 1291
YIL050W 2 11
YIL049W 3 34
YIL048W 1 6
YIL047C-A 3 87
YIL047C 1 6
YIL046W-A 11 299
YIL046W 4 237
YIL045W 0 0
YIL044C 8 203
YIL043C 2 64
YIL042C 5 136
YIL041W 5 60
YIL040W 0 0
YIL039W 0 0
YIL038C 0 0
YIL037C 0 0
YIL036W 1 59
YIL035C 0 0
YIL034C 1 2
YIL033C 3 95
YIL032C 1 3
YIL031W 4 91
YIL030W-A 0 0
YIL030C 1 2
YIL029W-A 0 0
YIL029C 2 9
YIL028W 1 24
YIL027C 4 106
YIL026C 2 7
YIL025C 0 0
YIL024C 4 224
YIL023C 1 17
YIL022W 1 1
YIL021W 1 39
YIL021C-A 4 55
YIL020C-A 4 98
YIL020C 4 40
YIL019W 5 188
YIL018W 1 6
YIL017C 1 13
YIL016W 5 634
YIL015W 3 4
YIL014C-A 0 0
YIL014W 4 29
YIL013C 1 1
YIL012W 2 9
YIL011W 1 1
YIL010W 4 46
YIL009C-A 6 127
YIL009W 4 145
YIL008W 1 4
YIL007C 4 20
YIL006W 6 194
YIL005W 0 0
YIL004C 5 593
YIL003W 3 83
YIL002W-A 8 114
YIL002C 0 0
YIL001W 3 386
YIR001C 1 9
YIR002C 0 0
YIR003W 2 43
YIR004W 2 23
YIR005W 6 374
YIR006C 5 185
YIR007W 3 38
YIR008C 0 0
YIR009W 3 83
YIR010W 3 4
YIR011C 3 165
YIR012W 2 2
YIR013C 4 188
YIR014W 5 1991
YIR015W 7 107
YIR016W 6 512
YIR017C 6 329
YIR017W-A 5 253
YIR018W 13 6495
YIR018C-A 2 12
YIR019C 3 12
YIR020C 2 148
YIR020W-A 2 50
YIR020C-B 3 21
YIR021W 2 15
YIR021W-A 0 0
YIR022W 1 312
YIR023W 2 9
YIR023C-A 1 14
YIR024C 6 166
YIR025W 8 321
YIR026C 3 39
YIR027C 1 2
YIR028W 1 2
YIR029W 4 120
YIR030C 1 24
YIR030W-A 1 24
YIR031C 3 345
YIR032C 1 17
YIR033W 4 55
YIR034C 1 2
YIR035C 0 0
YIR036C 6 116
YIR036W-A 3 46
YIR037W 5 27
YIR038C 4 207
YIR039C 1 67
YIR040C 0 0
YIR041W 0 0
YIR042C 2 16
YJL225C 0 0
YJL225W-A 0 0
YJL223C 0 0
YJL222W-B 0 0
YJL222W-A 0 0
YJL222W 0 0
YJL221C 0 0
YJL220W 0 0
YJL219W 0 0
YJL218W 3 24
YJL217W 0 0
YJL216C 3 37
YJL215C 0 0
YJL214W 0 0
YJL213W 2 71
YJL212C 4 426
YJL211C 2 4
YJL210W 9 195
YJL209W 6 90
YJL208C 0 0
YJL207C 2 12
YJL206C 5 43
YJL205C 6 810
YJL204C 2 38
YJL203W 3 42
YJL202C 6 120
YJL201W 5 98
YJL200C 2 2
YJL199C 11 1388
YJL198W 6 144
YJL197W 3 28
YJL197C-A 1 51
YJL196C 4 592
YJL195C 1 2
YJL194W 4 74
YJL193W 2 66
YJL192C 9 256
YJL191W 3 664
YJL190C 3 62
YJL189W 0 0
YJL188C 3 23
YJL187C 0 0
YJL186W 3 23
YJL185C 5 92
YJL184W 0 0
YJL183W 2 71
YJL182C 3 28
YJL181W 6 105
YJL180C 2 21
YJL179W 2 200
YJL178C 12 465
YJL177W 2 7
YJL176C 3 10
YJL175W 0 0
YJL174W 1 1
YJL173C 3 25
YJL172W 4 237
YJL171C 3 46
YJL170C 1 3
YJL169W 2 22
YJL168C 3 186
YJL167W 0 0
YJL166W 3 36
YJL165C 2 25
YJL164C 2 3
YJL163C 9 377
YJL162C 10 219
YJL161W 4 1042
YJL160C 1 7
YJL159W 2 59
YJL158C 10 635
YJL157C 4 77
YJL156W-A 10 1840
YJL156C 6 220
YJL155C 0 0
YJL154C 0 0
YJL153C 1 94
YJL152W 3 55
YJL151C 7 340
YJL150W 8 92
YJL149W 3 74
YJL148W 1 160
YJL147C 1 4
YJL146W 1 3
YJL145W 2 92
YJL144W 4 15
YJL143W 3 62
YJL142C 4 92
YJL141C 1 6
YJL140W 0 0
YJL139C 1 36
YJL138C 1 5
YJL137C 6 112
YJL136W-A 3 208
YJL136C 0 0
YJL135W 3 320
YJL134W 3 121
YJL133C-A 8 978
YJL133W 6 187
YJL132W 3 35
YJL131C 8 285
YJL130C 1 68
YJL129C 0 0
YJL128C 6 186
YJL127W-A 4 145
YJL127C-B 6 94
YJL127C 1 32
YJL126W 3 9
YJL125C 3 15
YJL124C 1 1
YJL123C 1 30
YJL122W 3 103
YJL121C 3 42
YJL120W 3 61
YJL119C 1 2
YJL118W 14 1702
YJL117W 2 12
YJL116C 5 275
YJL115W 4 182
YJL112W 1 2
YJL111W 0 0
YJL110C 3 20
YJL109C 2 4
YJL108C 2 86
YJL107C 3 79
YJL106W 0 0
YJL105W 1 8
YJL104W 1 135
YJL103C 8 123
YJL102W 5 54
YJL101C 2 37
YJL100W 6 107
YJL099W 3 188
YJL098W 1 1
YJL097W 2 56
YJL096W 3 60
YJL095W 1 4
YJL094C 2 46
YJL093C 5 82
YJL092W 0 0
YJL091C 7 331
YJL090C 1 9
YJL089W 5 64
YJL088W 7 2017
YJL087C 0 0
YJL086C 1 37
YJL085W 0 0
YJL084C 0 0
YJL083W 0 0
YJL082W 4 146
YJL081C 1 16
YJL080C 2 8
YJL079C 3 19
YJL078C 0 0
YJL077W-B 0 0
YJL077C 2 48
YJL077W-A 2 22
YJL076W 2 10
YJL075C 0 0
YJL074C 3 101
YJL073W 0 0
YJL072C 2 12
YJL071W 1 4
YJL070C 0 0
YJL069C 4 235
YJL068C 8 5211
YJL067W 16 6391
YJL066C 5 111
YJL065C 0 0
YJL064W 3 56
YJL063C 6 56
YJL062W-A 12 906
YJL062W 1 10
YJL061W 1 8
YJL060W 2 100
YJL059W 2 9
YJL058C 1 8
YJL057C 4 48
YJL056C 3 157
YJL055W 2 68
YJL054W 9 725
YJL053W 6 109
YJL052C-A 7 121
YJL052W 2 2
YJL051W 2 22
YJL050W 5 62
YJL049W 0 0
YJL048C 6 98
YJL047C-A 3 10
YJL047C 1 2
YJL046W 2 15
YJL045W 5 132
YJL044C 4 9
YJL043W 2 10
YJL042W 4 365
YJL041W 1 8
YJL039C 0 0
YJL038C 0 0
YJL037W 2 31
YJL036W 0 0
YJL035C 7 1384
YJL034W 4 28
YJL033W 4 104
YJL032W 3 15
YJL031C 2 94
YJL030W 2 38
YJL029C 3 1147
YJL028W 3 299
YJL027C 3 8
YJL026W 2 74
YJL026C-A 0 0
YJL025W 1 86
YJL024C 2 29
YJL023C 6 270
YJL022W 0 0
YJL020C 0 0
YJL020W-A 0 0
YJL019W 0 0
YJL016W 0 0
YJL015C 5 333
YJL014W 5 333
YJL013C 12 1560
YJL012C 2 55
YJL011C 2 27
YJL010C 1 2
YJL009W 2 20
YJL008C 5 184
YJL007C 10 400
YJL006C 9 512
YJL005W 1 15
YJL004C 5 189
YJL003W 4 54
YJL002C 3 49
YJL001W 4 296
YJR001W 8 1297
YJR002W 5 702
YJR003C 5 78
YJR004C 4 63
YJR005W 2 115
YJR005C-A 1 12
YJR006W 0 0
YJR007W 0 0
YJR008W 3 37
YJR009C 6 1124
YJR010W 1 10
YJR010C-A 4 139
YJR011C 1 12
YJR012C 0 0
YJR013W 4 120
YJR014W 1 6
YJR015W 7 268
YJR016C 1 3
YJR017C 5 30
YJR018W 1 30
YJR019C 2 8
YJR020W 6 102
YJR021C 4 42
YJR022W 6 259
YJR023C 0 0
YJR024C 7 258
YJR025C 1 8
YJR030C 0 0
YJR031C 1 1
YJR032W 5 58
YJR033C 4 99
YJR034W 1 12
YJR035W 2 57
YJR036C 0 0
YJR037W 1 2
YJR038C 1 6
YJR039W 4 17
YJR040W 3 102
YJR041C 0 0
YJR042W 6 115
YJR043C 3 263
YJR044C 10 856
YJR045C 1 303
YJR046W 4 130
YJR047C 2 16
YJR048W 11 573
YJR049C 9 305
YJR050W 4 62
YJR051W 7 98
YJR052W 5 1214
YJR053W 1 3
YJR054W 0 0
YJR055W 3 412
YJR056C 0 0
YJR057W 3 26
YJR058C 2 27
YJR059W 3 50
YJR060W 2 25
YJR061W 0 0
YJR062C 9 13459
YJR063W 3 50
YJR064W 6 146
YJR065C 4 730
YJR066W 3 417
YJR067C 5 30
YJR068W 5 119
YJR069C 3 228
YJR070C 6 127
YJR071W 0 0
YJR072C 2 27
YJR073C 3 37
YJR074W 8 266
YJR075W 7 117
YJR076C 5 2537
YJR077C 9 212
YJR078W 8 54
YJR079W 5 46
YJR080C 2 14
YJR082C 1 47
YJR083C 8 422
YJR084W 7 105
YJR085C 6 145
YJR086W 10 731
YJR087W 3 80
YJR088C 4 403
YJR089W 1 18
YJR090C 0 0
YJR091C 7 359
YJR092W 5 49
YJR093C 2 54
YJR094C 2 11
YJR094W-A 3 4
YJR095W 1 14
YJR096W 7 266
YJR097W 0 0
YJR098C 2 83
YJR099W 2 3
YJR100C 5 133
YJR101W 1 3
YJR102C 1 4
YJR103W 5 103
YJR104C 5 129
YJR105W 7 28
YJR106W 1 8
YJR107W 0 0
YJR108W 2 2
YJR109C 3 7
YJR110W 0 0
YJR111C 1 46
YJR112W 4 116
YJR112W-A 5 60
YJR113C 7 1556
YJR114W 4 522
YJR115W 3 7
YJR116W 0 0
YJR117W 3 471
YJR118C 1 45
YJR119C 4 35
YJR120W 8 58
YJR121W 1 3
YJR122W 0 0
YJR123W 0 0
YJR124C 3 83
YJR125C 5 114
YJR126C 5 58
YJR127C 4 252
YJR128W 2 292
YJR129C 0 0
YJR130C 6 267
YJR131W 2 26
YJR132W 1 6
YJR133W 1 38
YJR134C 3 143
YJR135C 4 61
YJR135W-A 3 106
YJR136C 1 2
YJR137C 9 170
YJR138W 2 5
YJR139C 2 36
YJR140C 4 14
YJR140W-A 2 67
YJR141W 2 210
YJR142W 2 5
YJR143C 5 105
YJR144W 5 24
YJR145C 1 3
YJR146W 6 105
YJR147W 4 95
YJR148W 3 37
YJR149W 14 949
YJR150C 6 129
YJR151C 3 15
YJR151W-A 2 20
YJR152W 3 33
YJR153W 1 33
YJR154W 0 0
YJR155W 0 0
YJR156C 0 0
YJR157W 0 0
YJR158W 0 0
YJR159W 0 0
YJR160C 0 0
YJR161C 3 66
YJR162C 6 1378
YKL225W 0 0
YKL224C 0 0
YKL223W 0 0
YKL222C 1 2
YKL221W 3 10
YKL220C 0 0
YKL219W 5 370
YKL218C 0 0
YKL217W 3 88
YKL216W 5 63
YKL215C 3 10
YKL214C 2 72
YKL213C 3 41
YKL212W 1 21
YKL211C 1 12
YKL210W 1 1
YKL209C 6 40
YKL208W 1 2
YKL207W 5 149
YKL206C 2 82
YKL205W 2 45
YKL204W 3 4
YKL203C 2 126
YKL202W 0 0
YKL201C 2 35
YKL198C 2 15
YKL197C 10 7262
YKL196C 3 77
YKL195W 4 35
YKL194C 7 474
YKL193C 4 247
YKL192C 6 186
YKL191W 5 246
YKL190W 10 514
YKL189W 1 6
YKL188C 2 4
YKL187C 5 243
YKL186C 12 299
YKL185W 2 19
YKL184W 0 0
YKL183C-A 2 23
YKL183W 2 21
YKL182W 0 0
YKL181W 0 0
YKL180W 0 0
YKL179C 3 419
YKL178C 0 0
YKL177W 1 30
YKL176C 1 5
YKL175W 3 163
YKL174C 1 38
YKL173W 6 399
YKL172W 1 2
YKL171W 4 38
YKL170W 2 48
YKL169C 1 3
YKL168C 4 65
YKL167C 6 696
YKL166C 1 1
YKL165C-A 8 334
YKL165C 5 27
YKL164C 1 3
YKL163W 3 19
YKL162C-A 2 19
YKL162C 0 0
YKL161C 0 0
YKL160W 4 9
YKL159C 3 118
YKL157W 3 10
YKL156W 8 174
YKL156C-A 0 0
YKL155C 2 57
YKL154W 2 42
YKL153W 4 176
YKL152C 7 156
YKL151C 6 72
YKL150W 6 1052
YKL149C 2 63
YKL148C 3 13
YKL147C 4 19
YKL146W 6 228
YKL145W 4 115
YKL145W-A 0 0
YKL144C 1 6
YKL143W 7 854
YKL142W 7 101
YKL141W 2 53
YKL140W 1 16
YKL139W 0 0
YKL138C-A 6 60
YKL138C 1 15
YKL137W 3 191
YKL136W 3 18
YKL135C 1 10
YKL134C 5 121
YKL133C 3 5
YKL132C 0 0
YKL131W 1 9
YKL130C 1 39
YKL129C 2 186
YKL128C 1 974
YKL127W 3 232
YKL126W 1 32
YKL125W 1 1
YKL124W 0 0
YKL123W 2 27
YKL122C 0 0
YKL121W 1 3
YKL120W 2 75
YKL119C 0 0
YKL118W 2 9
YKL117W 6 1733
YKL116C 1 4
YKL115C 1 5
YKL114C 2 3029
YKL113C 3 74
YKL112W 2 66
YKL111C 0 0
YKL110C 5 432
YKL109W 1 1
YKL108W 2 141
YKL107W 0 0
YKL106C-A 5 33
YKL106W 0 0
YKL105C 0 0
YKL104C 0 0
YKL103C 0 0
YKL102C 10 789
YKL101W 0 0
YKL100C 8 285
YKL100W-A 3 36
YKL099C 1 6
YKL098W 3 859
YKL097C 2 12
YKL096C-B 0 0
YKL096W-A 0 0
YKL096W 3 29
YKL095W 1 3
YKL094W 7 466
YKL093W 3 14
YKL092C 1 2
YKL091C 3 35
YKL090W 6 110
YKL089W 2 72
YKL088W 2 15
YKL087C 5 162
YKL086W 9 356
YKL085W 2 3
YKL084W 7 72
YKL083W 3 9
YKL082C 0 0
YKL081W 3 423
YKL080W 0 0
YKL079W 1 12
YKL078W 3 90
YKL077W 4 40
YKL076C 0 0
YKL075C 1 1
YKL074C 9 1437
YKL073W 5 79
YKL072W 1 6
YKL071W 0 0
YKL070W 0 0
YKL069W 10 123
YKL068W-A 4 62
YKL068W 1 1
YKL067W 1 1
YKL066W 0 0
YKL065W-A 2 19
YKL065C 6 38
YKL064W 3 223
YKL063C 2 7
YKL062W 0 0
YKL061W 3 20
YKL060C 9 147
YKL059C 0 0
YKL058W 2 10
YKL057C 3 257
YKL056C 3 39
YKL055C 0 0
YKL054C 1 66
YKL053C-A 2 3
YKL053W 3 4
YKL052C 17 413
YKL051W 5 98
YKL050C 1 1
YKL049C 0 0
YKL048C 2 17
YKL047W 2 7
YKL046C 2 63
YKL045W 3 18
YKL044W 4 157
YKL043W 2 14
YKL042W 1 2
YKL041W 0 0
YKL040C 2 86
YKL039W 1 14
YKL038W 0 0
YKL037W 10 327
YKL036C 1 1
YKL035W 3 32
YKL034W 0 0
YKL033W-A 1 10
YKL033W 4 167
YKL032C 2 2
YKL031W 2 4
YKL030W 4 85
YKL029C 4 31
YKL028W 3 17
YKL027W 0 0
YKL026C 7 90
YKL025C 2 21
YKL024C 0 0
YKL023C-A 4 181
YKL023W 10 235
YKL022C 1 3
YKL021C 1 9
YKL020C 3 33
YKL019W 1 1
YKL018C-A 5 112
YKL018W 4 28
YKL017C 6 84
YKL016C 0 0
YKL015W 0 0
YKL014C 1 10
YKL013C 1 51
YKL012W 0 0
YKL011C 3 122
YKL010C 1 301
YKL009W 5 125
YKL008C 1 2
YKL007W 6 407
YKL006C-A 2 37
YKL006W 0 0
YKL005C 2 28
YKL004W 2 8
YKL003C 4 257
YKL002W 1 38
YKL001C 5 253
YKR001C 3 129
YKR002W 1 22
YKR003W 0 0
YKR004C 5 92
YKR005C 3 27
YKR006C 4 49
YKR007W 4 66
YKR008W 4 13
YKR009C 3 6
YKR010C 0 0
YKR011C 0 0
YKR012C 2 245
YKR013W 5 35
YKR014C 0 0
YKR015C 1 12
YKR016W 1 14
YKR017C 0 0
YKR018C 6 340
YKR019C 0 0
YKR020W 3 39
YKR021W 0 0
YKR022C 1 7
YKR023W 4 125
YKR024C 0 0
YKR025W 3 158
YKR026C 0 0
YKR027W 3 77
YKR028W 2 3
YKR029C 8 520
YKR030W 1 1
YKR031C 2 32
YKR032W 1 24
YKR033C 0 0
YKR034W 0 0
YKR035C 1 7
YKR035W-A 2 244
YKR036C 2 26
YKR037C 4 12
YKR038C 10 298
YKR039W 1 16
YKR040C 3 101
YKR041W 5 96
YKR042W 3 40
YKR043C 3 9
YKR044W 0 0
YKR045C 2 73
YKR046C 10 166
YKR047W 10 107
YKR048C 4 35
YKR049C 3 18
YKR050W 8 1415
YKR051W 0 0
YKR052C 4 395
YKR053C 3 10
YKR054C 2 777
YKR055W 2 951
YKR056W 1 30
YKR057W 7 555
YKR058W 3 9
YKR059W 2 3
YKR060W 2 507
YKR061W 2 685
YKR062W 1 4
YKR063C 2 108
YKR064W 1 18
YKR065C 5 127
YKR066C 12 1243
YKR067W 0 0
YKR068C 7 132
YKR069W 0 0
YKR070W 7 76
YKR071C 0 0
YKR072C 3 55
YKR073C 4 139
YKR074W 3 240
YKR075C 2 447
YKR075W-A 0 0
YKR076W 0 0
YKR077W 1 29
YKR078W 2 41
YKR079C 1 29
YKR080W 3 310
YKR081C 3 57
YKR082W 0 0
YKR083C 1 106
YKR084C 2 15
YKR085C 0 0
YKR086W 3 60
YKR087C 5 54
YKR088C 4 19
YKR089C 3 26
YKR090W 0 0
YKR091W 1 5
YKR092C 2 9
YKR093W 4 22
YKR094C 5 1589
YKR095W 5 72
YKR095W-A 6 310
YKR096W 0 0
YKR097W 1 6
YKR098C 3 46
YKR099W 0 0
YKR100C 0 0
YKR101W 7 216
YKR102W 2 1259
YKR103W 1 1
YKR104W 1 6
YKR105C 2 8
YKR106W 0 0
YLL067C 0 0
YLL067W-A 0 0
YLL066W-B 0 0
YLL066C 0 0
YLL066W-A 0 0
YLL065W 2 6
YLL064C 0 0
YLL063C 7 503
YLL062C 0 0
YLL061W 13 522
YLL060C 10 397
YLL059C 2 13
YLL058W 3 45
YLL057C 1 3
YLL056C 1 15
YLL055W 2 3
YLL054C 1 170
YLL053C 4 25
YLL052C 3 51
YLL051C 2 232
YLL050C 9 1349
YLL049W 11 2601
YLL048C 0 0
YLL047W 5 47
YLL046C 0 0
YLL045C 6 69
YLL044W 0 0
YLL043W 1 1
YLL042C 4 124
YLL041C 9 357
YLL040C 0 0
YLL039C 4 182
YLL038C 2 5
YLL037W 1 1
YLL036C 3 319
YLL035W 1 20
YLL034C 3 137
YLL033W 8 466
YLL032C 2 24
YLL031C 7 113
YLL030C 1 2
YLL029W 0 0
YLL028W 3 38
YLL027W 0 0
YLL026W 8 219
YLL025W 0 0
YLL024C 2 4
YLL023C 5 2933
YLL022C 1 2
YLL021W 1 1
YLL020C 1 3
YLL019C 2 12
YLL019W-A 0 0
YLL018C-A 5 61
YLL018C 2 9
YLL015W 0 0
YLL014W 6 3284
YLL013C 1 11
YLL012W 1 3
YLL011W 3 14
YLL010C 1 18
YLL009C 6 407
YLL008W 1 2
YLL007C 2 7
YLL006W-A 1 5
YLL006W 5 102
YLL005C 2 31
YLL004W 5 102
YLL003W 3 11
YLL002W 4 214
YLL001W 4 151
YLR001C 10 229
YLR002C 1 4
YLR003C 5 297
YLR004C 4 306
YLR005W 4 64
YLR006C 0 0
YLR007W 7 677
YLR008C 2 287
YLR009W 1 2
YLR010C 2 18
YLR011W 1 12
YLR012C 1 24
YLR013W 0 0
YLR014C 2 14
YLR015W 5 462
YLR016C 4 21
YLR017W 3 2324
YLR018C 0 0
YLR019W 1 27
YLR020C 7 96
YLR021W 4 85
YLR022C 2 50
YLR023C 1 4
YLR024C 0 0
YLR025W 3 54
YLR026C 2 8
YLR027C 8 3447
YLR028C 5 117
YLR029C 5 236
YLR030W 4 93
YLR031W 1 4
YLR032W 1 1
YLR033W 5 231
YLR034C 2 84
YLR035C 3 265
YLR036C 3 500
YLR037C 3 9
YLR038C 11 169
YLR039C 2 5
YLR040C 4 238
YLR041W 0 0
YLR042C 1 1
YLR043C 8 234
YLR044C 5 39
YLR045C 3 118
YLR046C 0 0
YLR047C 1 1
YLR048W 2 2
YLR049C 7 23
YLR050C 6 536
YLR051C 0 0
YLR052W 4 196
YLR053C 2 439
YLR054C 0 0
YLR055C 6 172
YLR056W 1 11
YLR057W 2 56
YLR058C 2 9
YLR059C 5 215
YLR060W 2 16
YLR061W 4 276
YLR062C 1 2
YLR063W 6 250
YLR064W 7 501
YLR065C 2 7
YLR066W 0 0
YLR067C 1 2
YLR068W 1 6
YLR069C 2 3
YLR070C 8 912
YLR071C 4 661
YLR072W 4 110
YLR073C 6 18
YLR074C 3 320
YLR075W 3 37
YLR076C 1 28
YLR077W 3 15
YLR078C 4 29
YLR079W 4 19
YLR080W 1 1
YLR081W 7 415
YLR082C 3 34
YLR083C 0 0
YLR084C 4 14
YLR085C 4 184
YLR086W 0 0
YLR087C 3 13
YLR088W 1 1
YLR089C 2 16
YLR090W 4 42
YLR091W 2 49
YLR092W 7 212
YLR093C 2 3
YLR094C 7 112
YLR095C 5 407
YLR096W 2 8
YLR097C 0 0
YLR098C 2 120
YLR099C 2 7
YLR099W-A 5 112
YLR100W 2 3
YLR101C 4 21
YLR102C 4 196
YLR103C 2 82
YLR104W 5 295
YLR105C 0 0
YLR106C 0 0
YLR107W 4 53
YLR108C 3 28
YLR109W 2 2
YLR110C 2 16
YLR111W 10 641
YLR112W 7 71
YLR113W 3 120
YLR114C 3 13
YLR115W 4 156
YLR116W 4 6
YLR117C 4 190
YLR118C 4 1258
YLR119W 7 1383
YLR120C 2 109
YLR120W-A 5 42
YLR121C 4 202
YLR122C 0 0
YLR123C 0 0
YLR124W 2 17
YLR125W 0 0
YLR126C 1 3
YLR127C 0 0
YLR128W 2 20
YLR129W 2 3
YLR130C 2 38
YLR131C 0 0
YLR132C 1 24
YLR133W 7 117
YLR134W 1 6
YLR135W 5 20
YLR136C 5 38
YLR137W 7 212
YLR138W 2 11
YLR139C 6 606
YLR140W 1 41
YLR141W 4 183
YLR142W 8 350
YLR143W 4 52
YLR144C 5 80
YLR145W 3 41
YLR146C 0 0
YLR146W-A 3 81
YLR147C 4 87
YLR148W 5 16
YLR149C 2 10
YLR149C-A 1 2
YLR150W 3 18
YLR151C 5 50
YLR152C 0 0
YLR153C 3 24
YLR154C 10 281
YLR154W-A 0 0
YLR154W-B 0 0
YLR154W-C 0 0
YLR154W-E 0 0
YLR154W-F 0 0
YLR154C-G 0 0
YLR154C-H 0 0
YLR155C 0 0
YLR156W 0 0
YLR156C-A 0 0
YLR157C 0 0
YLR157W-D 0 0
YLR157W-E 0 0
YLR157C-C 0 0
YLR158C 0 0
YLR159W 0 0
YLR159C-A 0 0
YLR160C 0 0
YLR161W 0 0
YLR162W 2 5
YLR162W-A 0 0
YLR163C 2 64
YLR163W-A 2 53
YLR164W 2 9
YLR165C 3 193
YLR166C 4 128
YLR167W 1 1
YLR168C 7 166
YLR169W 3 129
YLR170C 5 145
YLR171W 1 3
YLR172C 3 56
YLR173W 4 107
YLR174W 6 419
YLR175W 4 13
YLR176C 4 65
YLR177W 0 0
YLR178C 11 125
YLR179C 9 218
YLR180W 1 2
YLR181C 0 0
YLR182W 6 154
YLR183C 0 0
YLR184W 0 0
YLR185W 4 56
YLR186W 1 13
YLR187W 0 0
YLR188W 0 0
YLR189C 2 8
YLR190W 1 9
YLR191W 3 5
YLR192C 0 0
YLR193C 0 0
YLR194C 2 61
YLR195C 6 112
YLR196W 4 29
YLR197W 0 0
YLR198C 2 7
YLR199C 1 39
YLR200W 0 0
YLR201C 4 678
YLR202C 1 9
YLR203C 2 84
YLR204W 11 857
YLR205C 8 3709
YLR206W 5 133
YLR207W 1 4
YLR208W 0 0
YLR209C 3 23
YLR210W 0 0
YLR211C 2 89
YLR212C 1 1
YLR213C 0 0
YLR214W 9 157
YLR215C 2 4
YLR216C 3 132
YLR217W 1 71
YLR218C 1 9
YLR219W 2 10
YLR220W 0 0
YLR221C 1 39
YLR222C 4 373
YLR222C-A 3 33
YLR223C 1 4
YLR224W 2 11
YLR225C 4 158
YLR226W 2 19
YLR227C 1 4
YLR228C 1 12
YLR229C 1 7
YLR230W 0 0
YLR231C 4 120
YLR232W 0 0
YLR233C 5 109
YLR234W 5 47
YLR235C 19 5411
YLR236C 1 19
YLR237W 5 417
YLR238W 1 4
YLR239C 7 159
YLR240W 1 3
YLR241W 3 102
YLR242C 0 0
YLR243W 1 15
YLR244C 3 25
YLR245C 6 61
YLR246W 4 115
YLR247C 1 2
YLR248W 5 1094
YLR249W 1 1
YLR250W 4 28
YLR251W 0 0
YLR252W 0 0
YLR253W 1 21
YLR254C 5 24
YLR255C 5 112
YLR256W 2 55
YLR257W 2 6
YLR258W 3 53
YLR259C 5 109
YLR260W 0 0
YLR261C 1 14
YLR262C 0 0
YLR262C-A 3 37
YLR263W 0 0
YLR264W 2 669
YLR264C-A 9 411
YLR265C 2 7
YLR266C 11 704
YLR267W 5 107
YLR268W 3 5
YLR269C 0 0
YLR270W 3 9
YLR271W 6 357
YLR272C 1 8
YLR273C 1 1
YLR274W 5 235
YLR275W 5 177
YLR276C 0 0
YLR277C 2 56
YLR278C 2 20
YLR279W 5 117
YLR280C 2 9
YLR281C 16 4941
YLR282C 1 2
YLR283W 4 113
YLR284C 0 0
YLR285W 0 0
YLR285C-A 6 237
YLR286C 0 0
YLR286W-A 3 194
YLR287C 1 8
YLR287C-A 6 116
YLR288C 7 17
YLR289W 2 72
YLR290C 1 26
YLR291C 4 64
YLR292C 6 243
YLR293C 0 0
YLR294C 3 16
YLR295C 3 14
YLR296W 4 109
YLR297W 3 70
YLR298C 6 91
YLR299W 3 8
YLR299C-A 10 483
YLR300W 1 9
YLR301W 4 55
YLR302C 2 64
YLR303W 5 263
YLR304C 2 52
YLR305C 4 14
YLR306W 3 103
YLR307W 0 0
YLR307C-A 0 0
YLR308W 0 0
YLR309C 1 4
YLR310C 0 0
YLR311C 2 77
YLR312C 3 49
YLR312W-A 9 326
YLR313C 3 15
YLR314C 3 108
YLR315W 1 6
YLR316C 9 796
YLR317W 3 345
YLR318W 3 66
YLR319C 1 2
YLR320W 1 9
YLR321C 1 7
YLR322W 3 40
YLR323C 4 328
YLR324W 7 165
YLR325C 5 332
YLR326W 9 198
YLR327C 1 5
YLR328W 1 354
YLR329W 1 1
YLR330W 6 199
YLR331C 0 0
YLR332W 1 5
YLR333C 8 130
YLR334C 6 327
YLR335W 5 219
YLR336C 1 55
YLR337C 0 0
YLR338W 5 27
YLR339C 0 0
YLR340W 1 1
YLR341W 1 8
YLR342W 2 5
YLR342W-A 0 0
YLR343W 0 0
YLR344W 1 3
YLR345W 2 6
YLR346C 3 158
YLR347C 0 0
YLR347W-A 1 2
YLR348C 7 2219
YLR349W 4 33
YLR350W 2 27
YLR351C 9 273
YLR352W 3 680
YLR353W 3 20
YLR354C 6 247
YLR355C 1 1
YLR356W 2 7
YLR357W 3 124
YLR358C 4 58
YLR359W 0 0
YLR360W 1 7
YLR361C 8 124
YLR361C-A 4 613
YLR362W 2 8
YLR363C 0 0
YLR363W-A 1 22
YLR364W 2 10
YLR365W 2 5
YLR364C-A 7 250
YLR366W 0 0
YLR367W 5 197
YLR368W 1 119
YLR369W 1 31
YLR370C 5 175
YLR371W 1 50
YLR372W 0 0
YLR373C 4 35
YLR374C 0 0
YLR375W 1 6
YLR376C 8 312
YLR377C 6 56
YLR378C 0 0
YLR379W 2 27
YLR380W 2 270
YLR381W 2 9
YLR382C 2 22
YLR383W 0 0
YLR384C 8 464
YLR385C 1 5
YLR386W 4 235
YLR387C 1 160
YLR388W 4 30
YLR389C 4 107
YLR390W 3 24
YLR390W-A 5 38
YLR392C 1 14
YLR393W 2 111
YLR394W 0 0
YLR395C 7 101
YLR396C 2 16
YLR397C 4 571
YLR398C 6 124
YLR399C 5 139
YLR399W-A 0 0
YLR400W 0 0
YLR401C 5 717
YLR402W 4 153
YLR403W 0 0
YLR404W 3 32
YLR405W 4 1392
YLR406C 5 15
YLR406C-A 7 207
YLR407W 2 105
YLR408C 10 1201
YLR409C 6 612
YLR410W 2 23
YLR411W 4 89
YLR412W 5 152
YLR412C-A 0 0
YLR413W 1 7
YLR414C 1 2
YLR415C 1 4
YLR416C 5 155
YLR417W 3 81
YLR418C 0 0
YLR419W 0 0
YLR420W 5 145
YLR421C 8 907
YLR422W 0 0
YLR423C 1 14
YLR424W 1 120
YLR425W 4 395
YLR426W 4 467
YLR427W 2 10
YLR428C 6 122
YLR429W 9 1924
YLR430W 0 0
YLR431C 1 1
YLR432W 3 135
YLR433C 0 0
YLR434C 1 21
YLR435W 1 6
YLR436C 6 281
YLR437C 8 102
YLR437C-A 2 3
YLR438W 1 29
YLR438C-A 3 29
YLR439W 2 20
YLR440C 3 194
YLR441C 2 7
YLR442C 4 76
YLR443W 0 0
YLR444C 2 11
YLR445W 4 43
YLR446W 2 7
YLR447C 2 22
YLR448W 1 1
YLR449W 3 7
YLR450W 1 12
YLR451W 3 15
YLR452C 6 212
YLR453C 9 562
YLR454W 5 58
YLR455W 0 0
YLR456W 8 366
YLR457C 13 1344
YLR458W 1 31
YLR459W 5 134
YLR460C 5 3668
YLR461W 0 0
YLR462W 1 1
YLR463C 0 0
YLR464W 0 0
YLR465C 0 0
YLR466W 0 0
YLR466C-A 0 0
YLR466C-B 0 0
YLR467W 0 0
YLR467C-A 0 0
YML133C 0 0
YML133W-B 0 0
YML133W-A 0 0
YML132W 0 0
YML131W 5 371
YML130C 1 3
YML129C 7 400
YML128C 7 91
YML127W 1 32
YML126C 12 769
YML125C 3 12
YML124C 4 131
YML123C 3 20
YML122C 8 64
YML121W 2 18
YML120C 7 512
YML119W 3 19
YML118W 0 0
YML117W 1 80
YML116W-A 1 82
YML116W 1 12
YML115C 4 34
YML114C 3 12
YML113W 3 123
YML112W 2 28
YML111W 0 0
YML110C 6 444
YML109W 3 161
YML108W 3 45
YML107C 2 2
YML106W 0 0
YML105C 4 9
YML104C 0 0
YML103C 5 393
YML102W 2 24
YML101C-A 11 321
YML101C 13 897
YML100W-A 10 419
YML100W 5 299
YML099W-A 1 1
YML099C 8 1218
YML098W 1 53
YML097C 6 409
YML096W 3 539
YML095C 2 40
YML094C-A 1 9
YML094W 3 34
YML093W 5 372
YML092C 0 0
YML091C 2 3
YML090W 3 18
YML089C 10 825
YML088W 8 594
YML087C 5 1136
YML086C 1 8
YML085C 3 40
YML084W 3 40
YML083C 0 0
YML082W 5 178
YML081C-A 7 236
YML081W 0 0
YML080W 0 0
YML079W 2 5
YML078W 1 4
YML077W 1 15
YML076C 12 1287
YML075C 2 8
YML074C 2 131
YML073C 3 48
YML072C 6 130
YML071C 2 4
YML070W 3 48
YML069W 1 122
YML068W 0 0
YML067C 0 0
YML066C 1 26
YML065W 2 29
YML064C 0 0
YML063W 3 17
YML062C 0 0
YML061C 0 0
YML060W 1 16
YML059C 2 17
YML058W-A 4 375
YML058W 13 1960
YML057C-A 0 0
YML057W 0 0
YML056C 0 0
YML055W 3 48
YML054C 1 2
YML054C-A 10 1606
YML053C 5 96
YML052W 2 27
YML051W 6 261
YML050W 8 730
YML049C 4 26
YML048W 4 30
YML047W-A 0 0
YML047C 0 0
YML046W 0 0
YML043C 0 0
YML042W 11 156
YML041C 3 54
YML038C 2 33
YML037C 2 19
YML036W 2 12
YML035C 1 5
YML034C-A 0 0
YML034W 1 6
YML032C 0 0
YML031C-A 0 0
YML031W 1 2
YML030W 3 126
YML029W 2 16
YML028W 4 246
YML027W 4 77
YML026C 1 6
YML025C 4 1070
YML024W 7 84
YML023C 3 166
YML022W 1 12
YML021C 9 6709
YML020W 4 79
YML019W 4 51
YML018C 3 14
YML017W 4 98
YML016C 1 8
YML015C 4 114
YML014W 2 26
YML013W 12 1097
YML012C-A 7 546
YML012W 5 790
YML011C 7 225
YML010W 4 41
YML009W-B 0 0
YML009C-A 7 387
YML009C 12 17425
YML008C 0 0
YML007C-A 10 198
YML007W 1 2
YML006C 0 0
YML005W 3 73
YML004C 10 1264
YML003W 2 2
YML002W 1 87
YML001W 1 63
YMR001C 0 0
YMR001C-A 8 217
YMR002W 6 2189
YMR003W 7 368
YMR004W 1 3
YMR005W 1 12
YMR006C 1 12
YMR007W 3 217
YMR008C 2 114
YMR009W 3 391
YMR010W 4 48
YMR011W 1 5
YMR012W 0 0
YMR013C 1 5
YMR013C-A 0 0
YMR013W-A 1 4
YMR014W 6 629
YMR015C 3 18
YMR016C 1 5
YMR017W 0 0
YMR018W 4 40
YMR019W 2 73
YMR020W 2 36
YMR021C 5 31
YMR022W 3 82
YMR023C 2 35
YMR024W 3 18
YMR025W 2 4
YMR026C 1 1
YMR027W 1 89
YMR028W 3 73
YMR029C 3 714
YMR030W 7 638
YMR031C 2 19
YMR031W-A 2 49
YMR032W 1 3
YMR030W-A 2 11
YMR033W 1 4
YMR034C 4 80
YMR035W 4 17
YMR036C 2 19
YMR037C 3 25
YMR038C 0 0
YMR039C 6 279
YMR040W 3 168
YMR041C 6 198
YMR042W 5 291
YMR043W 6 1959
YMR044W 3 75
YMR046W-A 0 0
YMR047C 1 11
YMR048W 4 638
YMR049C 5 258
YMR052W 2 143
YMR052C-A 3 2154
YMR053C 3 13
YMR054W 2 438
YMR055C 2 20
YMR056C 6 102
YMR057C 4 60
YMR058W 4 60
YMR059W 1 2
YMR060C 3 120
YMR061W 1 1
YMR062C 1 1
YMR063W 6 1006
YMR064W 8 219
YMR065W 2 33
YMR066W 5 348
YMR067C 5 75
YMR068W 1 10
YMR069W 4 586
YMR070W 1 2
YMR071C 4 15
YMR072W 3 40
YMR073C 1 62
YMR074C 3 27
YMR075W 5 98
YMR075C-A 5 162
YMR076C 3 83
YMR077C 1 35
YMR078C 4 76
YMR079W 5 23
YMR080C 0 0
YMR081C 1 2
YMR082C 4 17
YMR083W 3 17
YMR084W 1 2
YMR085W 2 11
YMR086W 5 173
YMR086C-A 5 76
YMR087W 2 42
YMR088C 1 40
YMR089C 0 0
YMR090W 2 2
YMR091C 0 0
YMR092C 4 60
YMR093W 3 141
YMR094W 4 41
YMR095C 2 101
YMR096W 1 7
YMR097C 1 2
YMR098C 1 13
YMR099C 3 119
YMR100W 1 9
YMR101C 0 0
YMR102C 3 7
YMR103C 10 1217
YMR104C 3 25
YMR105C 2 54
YMR105W-A 9 534
YMR106C 3 19
YMR107W 4 40
YMR108W 0 0
YMR109W 8 313
YMR110C 11 2335
YMR111C 1 11
YMR112C 2 61
YMR113W 1 1
YMR114C 6 182
YMR115W 3 124
YMR116C 4 64
YMR117C 8 804
YMR118C 3 147
YMR119W 0 0
YMR119W-A 0 0
YMR120C 4 64
YMR121C 5 91
YMR122C 5 175
YMR122W-A 4 132
YMR123W 5 96
YMR124W 3 14
YMR125W 0 0
YMR126C 0 0
YMR127C 1 18
YMR128W 2 418
YMR129W 2 21
YMR130W 1 4
YMR131C 2 69
YMR132C 5 274
YMR133W 2 57
YMR134W 1 97
YMR135C 10 722
YMR135W-A 2 1045
YMR136W 5 82
YMR137C 1 10
YMR138W 2 9
YMR139W 7 385
YMR140W 1 1
YMR141C 1 6
YMR142C 0 0
YMR141W-A 0 0
YMR143W 0 0
YMR144W 0 0
YMR145C 8 111
YMR146C 4 128
YMR147W 4 72
YMR148W 1 5
YMR149W 8 1010
YMR150C 5 57
YMR151W 4 6
YMR152W 1 1
YMR153W 5 72
YMR153C-A 2 21
YMR154C 5 330
YMR155W 12 545
YMR156C 1 4
YMR157C 4 255
YMR158W 7 102
YMR158C-A 4 36
YMR158W-B 4 42
YMR159C 5 191
YMR160W 3 113
YMR161W 4 679
YMR162C 4 41
YMR163C 2 8
YMR164C 3 12
YMR165C 3 39
YMR166C 1 1
YMR167W 6 96
YMR168C 11 143
YMR169C 1 1
YMR170C 3 15
YMR171C 0 0
YMR172W 0 0
YMR172C-A 1 20
YMR173W 1 13
YMR173W-A 1 5
YMR174C 4 38
YMR175W 11 226
YMR175W-A 1 4
YMR176W 3 104
YMR177W 4 17
YMR178W 7 758
YMR179W 2 9
YMR180C 6 21
YMR181C 0 0
YMR182C 1 5
YMR182W-A 3 302
YMR183C 1 29
YMR184W 3 79
YMR185W 4 22
YMR186W 2 58
YMR187C 6 1255
YMR188C 3 93
YMR189W 5 79
YMR190C 3 24
YMR191W 5 38
YMR192W 4 74
YMR193W 3 28
YMR193C-A 2 28
YMR194W 4 43
YMR194C-B 11 2803
YMR194C-A 10 218
YMR195W 9 81
YMR196W 2 17
YMR197C 4 172
YMR198W 1 8
YMR199W 2 5
YMR200W 1 222
YMR201C 5 162
YMR202W 3 6
YMR203W 6 182
YMR204C 3 189
YMR205C 0 0
YMR206W 8 879
YMR207C 2 25
YMR208W 0 0
YMR209C 2 326
YMR210W 4 55
YMR211W 2 17
YMR212C 1 1
YMR213W 5 629
YMR214W 10 315
YMR215W 0 0
YMR216C 11 3131
YMR217W 4 63
YMR218C 6 9
YMR219W 4 167
YMR220W 2 41
YMR221C 7 759
YMR222C 3 24
YMR223W 1 1
YMR224C 4 82
YMR225C 3 199
YMR226C 5 45
YMR227C 1 6
YMR228W 1 1
YMR229C 1 18
YMR230W 9 275
YMR230W-A 0 0
YMR231W 4 55
YMR232W 1 11
YMR233W 2 20
YMR234W 2 14
YMR235C 3 47
YMR236W 1 4
YMR237W 3 39
YMR238W 1 1
YMR239C 1 181
YMR240C 2 20
YMR241W 5 14
YMR242C 0 0
YMR242W-A 0 0
YMR243C 0 0
YMR244W 2 56
YMR244C-A 12 1946
YMR245W 1 1
YMR246W 5 56
YMR247C 5 359
YMR247W-A 0 0
YMR250W 2 46
YMR251W 2 19
YMR251W-A 0 0
YMR252C 8 147
YMR253C 8 98
YMR254C 1 22
YMR255W 5 594
YMR256C 3 81
YMR257C 2 6
YMR258C 1 83
YMR259C 5 279
YMR260C 2 32
YMR261C 1 4
YMR262W 2 40
YMR263W 3 26
YMR264W 4 133
YMR265C 8 51
YMR266W 4 489
YMR267W 1 13
YMR268C 2 12
YMR269W 4 225
YMR270C 0 0
YMR271C 3 20
YMR272C 2 7
YMR272W-A 1 578
YMR272W-B 0 0
YMR273C 0 0
YMR274C 3 40
YMR275C 2 12
YMR276W 4 130
YMR277W 0 0
YMR278W 4 60
YMR279C 3 72
YMR280C 1 1
YMR281W 1 14
YMR282C 0 0
YMR283C 4 11
YMR284W 7 171
YMR285C 2 23
YMR286W 4 80
YMR287C 6 230
YMR288W 4 11
YMR289W 4 180
YMR290C 4 302
YMR290W-A 1 1
YMR291W 1 29
YMR292W 8 421
YMR293C 8 408
YMR294W 4 140
YMR294W-A 4 1042
YMR295C 1 33
YMR296C 3 33
YMR297W 0 0
YMR298W 1 1
YMR299C 0 0
YMR300C 2 73
YMR301C 2 12
YMR302C 6 103
YMR303C 6 62
YMR304W 2 41
YMR304C-A 0 0
YMR305C 1 28
YMR306W 1 8
YMR306C-A 4 20
YMR307W 1 50
YMR307C-A 3 180
YMR308C 4 52
YMR309C 1 20
YMR310C 2 45
YMR311C 4 185
YMR312W 3 17
YMR313C 14 1935
YMR314W 4 44
YMR315W 4 35
YMR315W-A 3 73
YMR316W 1 1
YMR316C-A 4 282
YMR316C-B 0 0
YMR317W 1 25
YMR318C 0 0
YMR319C 0 0
YMR320W 1 61
YMR321C 2 13
YMR322C 0 0
YMR323W 0 0
YMR324C 0 0
YMR325W 0 0
YMR326C 13 1351
YNL339C 0 0
YNL339W-B 0 0
YNL339W-A 0 0
YNL338W 0 0
YNL337W 5 54
YNL336W 0 0
YNL335W 1 10
YNL334C 1 30
YNL333W 1 2
YNL332W 0 0
YNL331C 2 7
YNL330C 0 0
YNL329C 4 694
YNL328C 12 380
YNL327W 2 21
YNL326C 3 3
YNL325C 0 0
YNL324W 1 71
YNL323W 0 0
YNL322C 5 790
YNL321W 4 368
YNL320W 2 1360
YNL319W 0 0
YNL318C 0 0
YNL317W 5 63
YNL316C 3 25
YNL315C 1 1
YNL314W 0 0
YNL313C 2 5
YNL312W 3 383
YNL311C 7 125
YNL310C 4 78
YNL309W 5 28
YNL308C 2 10
YNL307C 0 0
YNL306W 4 60
YNL305C 4 43
YNL304W 7 377
YNL303W 2 281
YNL302C 1 8
YNL301C 1 2
YNL300W 1 1
YNL299W 0 0
YNL298W 0 0
YNL297C 4 33
YNL296W 0 0
YNL295W 2 55
YNL294C 1 4
YNL293W 6 209
YNL292W 3 14
YNL291C 1 1
YNL290W 6 261
YNL289W 0 0
YNL288W 6 90
YNL287W 2 11
YNL286W 0 0
YNL285W 5 156
YNL284C 6 176
YNL283C 1 2
YNL282W 13 1774
YNL281W 3 11
YNL280C 3 13
YNL279W 2 10
YNL278W 3 25
YNL277W-A 5 403
YNL277W 0 0
YNL276C 2 29
YNL275W 3 45
YNL274C 0 0
YNL273W 0 0
YNL272C 1 25
YNL271C 0 0
YNL270C 4 261
YNL269W 0 0
YNL268W 4 58
YNL267W 2 10
YNL266W 2 10
YNL265C 6 331
YNL264C 4 170
YNL263C 1 1
YNL262W 5 178
YNL261W 1 13
YNL260C 1 1
YNL259C 5 99
YNL258C 1 3
YNL257C 0 0
YNL256W 0 0
YNL255C 5 603
YNL254C 7 133
YNL253W 8 190
YNL252C 2 5
YNL251C 3 9
YNL250W 8 1182
YNL249C 4 60
YNL248C 4 27
YNL247W 8 169
YNL246W 3 89
YNL245C 10 6456
YNL244C 5 10
YNL243W 4 169
YNL242W 1 66
YNL241C 3 39
YNL240C 5 20
YNL239W 3 116
YNL238W 0 0
YNL237W 3 12
YNL236W 4 234
YNL235C 1 39
YNL234W 7 37
YNL233W 2 3
YNL232W 5 54
YNL231C 1 18
YNL230C 2 22
YNL229C 6 167
YNL228W 6 1476
YNL227C 1 2
YNL226W 0 0
YNL225C 1 4
YNL224C 1 1
YNL223W 5 255
YNL222W 4 21
YNL221C 2 42
YNL220W 1 1
YNL219C 1 1
YNL218W 8 269
YNL217W 6 109
YNL216W 1 28
YNL215W 3 271
YNL214W 5 188
YNL213C 3 42
YNL212W 0 0
YNL211C 1 2
YNL210W 1 3
YNL209W 8 171
YNL208W 3 90
YNL207W 2 8
YNL206C 7 109
YNL205C 0 0
YNL204C 2 24
YNL203C 3 79
YNL202W 1 1
YNL201C 0 0
YNL200C 0 0
YNL199C 0 0
YNL198C 0 0
YNL197C 1 3
YNL196C 1 2
YNL195C 0 0
YNL194C 2 54
YNL193W 5 267
YNL192W 4 46
YNL191W 2 17
YNL190W 0 0
YNL189W 0 0
YNL188W 0 0
YNL187W 2 32
YNL186W 0 0
YNL185C 0 0
YNL184C 4 49
YNL183C 5 25
YNL182C 5 106
YNL181W 2 5
YNL180C 4 159
YNL179C 8 539
YNL178W 2 53
YNL177C 5 47
YNL176C 3 8
YNL175C 6 217
YNL174W 1 25
YNL173C 2 2
YNL172W 0 0
YNL171C 0 0
YNL170W 2 14
YNL169C 3 162
YNL168C 1 7
YNL167C 0 0
YNL166C 1 15
YNL165W 1 2
YNL164C 1 10
YNL163C 1 9
YNL162W-A 4 13
YNL162W 1 22
YNL161W 6 523
YNL160W 3 29
YNL159C 6 316
YNL158W 13 377
YNL157W 5 44
YNL156C 1 26
YNL155W 4 110
YNL154C 2 290
YNL153C 7 563
YNL152W 2 48
YNL151C 7 235
YNL150W 1 23
YNL149C 7 1732
YNL148C 5 131
YNL147W 1 301
YNL146C-A 3 164
YNL146W 1 159
YNL145W 4 38
YNL144C 5 34
YNL144W-A 0 0
YNL143C 4 33
YNL142W 3 23
YNL141W 2 107
YNL140C 1 36
YNL139C 1 1
YNL138W-A 5 45
YNL138W 3 146
YNL137C 2 7
YNL136W 2 6
YNL135C 2 90
YNL134C 3 52
YNL133C 12 1938
YNL132W 1 3
YNL131W 0 0
YNL130C 3 376
YNL130C-A 2 3
YNL129W 2 3
YNL128W 1 84
YNL127W 0 0
YNL126W 4 82
YNL125C 2 17
YNL124W 7 269
YNL123W 7 236
YNL122C 11 1619
YNL121C 4 75
YNL120C 0 0
YNL119W 2 15
YNL118C 0 0
YNL117W 2 47
YNL116W 3 155
YNL115C 8 77
YNL114C 0 0
YNL113W 5 240
YNL112W 1 25
YNL111C 1 2
YNL110C 0 0
YNL109W 2 13
YNL108C 4 18
YNL107W 5 466
YNL106C 2 58
YNL105W 1 2
YNL104C 9 824
YNL103W-A 2 40
YNL103W 4 67
YNL102W 0 0
YNL101W 6 132
YNL100W 8 123
YNL099C 4 309
YNL098C 0 0
YNL097C-B 3 172
YNL097C 3 40
YNL097W-A 4 137
YNL096C 0 0
YNL095C 1 2
YNL094W 1 30
YNL093W 0 0
YNL092W 4 75
YNL091W 0 0
YNL090W 3 254
YNL089C 0 0
YNL088W 2 13
YNL087W 2 15
YNL086W 0 0
YNL085W 0 0
YNL084C 1 5
YNL083W 2 39
YNL082W 1 12
YNL081C 5 303
YNL080C 2 6
YNL079C 7 203
YNL078W 4 67
YNL077W 0 0
YNL076W 0 0
YNL075W 2 319
YNL074C 7 380
YNL073W 6 446
YNL072W 5 46
YNL071W 1 2
YNL070W 7 164
YNL069C 0 0
YNL068C 3 7
YNL067W-A 1 14
YNL067W-B 12 427
YNL067W 5 37
YNL066W 3 15
YNL065W 1 1
YNL064C 1 15
YNL063W 3 66
YNL062C 1 4
YNL061W 3 19
YNL059C 5 40
YNL058C 2 50
YNL057W 0 0
YNL056W 5 370
YNL055C 8 729
YNL054W 3 56
YNL053W 0 0
YNL052W 10 163
YNL051W 6 772
YNL050C 1 29
YNL049C 3 8
YNL048W 0 0
YNL047C 5 144
YNL046W 0 0
YNL045W 9 202
YNL044W 0 0
YNL043C 0 0
YNL042W-B 5 55
YNL042W 0 0
YNL041C 0 0
YNL040W 6 11
YNL039W 2 4
YNL038W 5 51
YNL037C 5 40
YNL036W 6 158
YNL035C 3 88
YNL034W 0 0
YNL033W 0 0
YNL032W 3 96
YNL031C 3 55
YNL030W 2 27
YNL029C 6 256
YNL028W 3 105
YNL027W 0 0
YNL026W 3 46
YNL025C 5 110
YNL024C-A 5 96
YNL024C 4 704
YNL023C 4 222
YNL022C 2 11
YNL021W 1 61
YNL020C 0 0
YNL019C 0 0
YNL018C 0 0
YNL017C 3 184
YNL016W 3 5
YNL015W 0 0
YNL014W 1 124
YNL013C 0 0
YNL012W 2 177
YNL011C 4 33
YNL010W 2 3
YNL009W 3 53
YNL008C 5 238
YNL007C 2 90
YNL006W 0 0
YNL005C 3 132
YNL004W 4 63
YNL003C 8 202
YNL002C 4 173
YNL001W 4 52
YNR001C 2 6
YNR001W-A 2 74
YNR002C 6 165
YNR003C 0 0
YNR003W-A 7 1686
YNR004W 1 1
YNR005C 0 0
YNR006W 1 1
YNR007C 1 8
YNR008W 2 52
YNR009W 3 61
YNR010W 3 87
YNR011C 9 478
YNR012W 3 194
YNR013C 2 125
YNR014W 7 285
YNR015W 8 2965
YNR016C 3 139
YNR017W 5 111
YNR018W 7 1019
YNR019W 3 13
YNR020C 5 138
YNR021W 4 113
YNR022C 3 163
YNR023W 1 19
YNR024W 0 0
YNR025C 0 0
YNR026C 5 754
YNR027W 6 262
YNR028W 1 59
YNR029C 3 56
YNR030W 1 39
YNR031C 1 1
YNR032W 2 11
YNR032C-A 7 88609
YNR033W 5 314
YNR034W 1 2
YNR034W-A 5 129
YNR035C 6 310
YNR036C 3 74
YNR037C 9 157
YNR038W 6 489
YNR039C 3 74
YNR040W 6 33
YNR041C 0 0
YNR042W 0 0
YNR043W 0 0
YNR044W 1 2
YNR045W 2 8
YNR046W 3 103
YNR047W 6 110
YNR048W 2 12
YNR049C 6 169
YNR050C 1 169
YNR051C 0 0
YNR052C 1 8
YNR053C 1 7
YNR054C 5 392
YNR055C 0 0
YNR056C 1 25
YNR057C 2 14
YNR058W 5 73
YNR059W 1 1
YNR060W 0 0
YNR061C 0 0
YNR062C 3 136
YNR063W 0 0
YNR064C 1 136
YNR065C 3 37
YNR066C 7 780
YNR067C 1 1
YNR068C 1 2
YNR069C 1 6
YNR070W 0 0
YNR071C 1 3
YNR072W 0 0
YNR073C 1 2
YNR074C 0 0
YNR075W 8 195
YNR075C-A 4 83
YNR076W 1 6
YNR077C 7 158
YOL166W-A 10 2717
YOL166C 3 36
YOL165C 0 0
YOL164W-A 1 3
YOL164W 0 0
YOL163W 4 178
YOL162W 1 44
YOL161C 0 0
YOL160W 0 0
YOL159C-A 3 11
YOL159C 2 56
YOL158C 5 252
YOL157C 2 65
YOL156W 0 0
YOL155W-A 0 0
YOL155C 0 0
YOL154W 3 1391
YOL152W 4 125
YOL151W 2 12
YOL150C 5 34
YOL149W 3 157
YOL148C 4 51
YOL147C 1 9
YOL146W 2 3
YOL145C 1 1
YOL144W 3 4
YOL143C 1 6
YOL142W 6 58
YOL141W 3 5
YOL140W 6 346
YOL139C 1 2
YOL138C 3 78
YOL137W 4 29
YOL136C 0 0
YOL135C 4 584
YOL134C 2 3
YOL133W 7 200
YOL132W 1 1
YOL131W 1 37
YOL130W 0 0
YOL129W 8 687
YOL128C 7 312
YOL127W 0 0
YOL126C 6 497
YOL125W 6 155
YOL124C 5 709
YOL123W 2 144
YOL122C 1 4
YOL121C 6 45
YOL120C 0 0
YOL119C 1 37
YOL118C 1 11
YOL117W 6 147
YOL116W 1 4
YOL115W 1 2
YOL114C 7 159
YOL113W 1 1
YOL112W 0 0
YOL111C 5 19
YOL110W 7 32
YOL109W 2 33
YOL108C 6 520
YOL107W 3 104
YOL106W 2 69
YOL105C 0 0
YOL104C 7 149
YOL103W 0 0
YOL102C 8 198
YOL101C 3 16
YOL100W 0 0
YOL099C 1 18
YOL098C 2 19
YOL097W-A 3 137
YOL097C 4 94
YOL096C 4 16
YOL095C 1 1
YOL094C 2 78
YOL093W 1 43
YOL092W 6 919
YOL091W 3 22
YOL090W 2 30
YOL089C 2 28
YOL088C 1 50
YOL087C 0 0
YOL086W-A 5 54
YOL086C 5 157
YOL085W-A 2 56
YOL085C 4 116
YOL084W 1 6
YOL083W 4 212
YOL083C-A 5 29
YOL082W 1 4
YOL081W 2 5
YOL080C 5 219
YOL079W 1 4
YOL078W 1 5
YOL077W-A 9 397
YOL077C 1 45
YOL076W 0 0
YOL075C 5 77
YOL073C 3 873
YOL072W 3 501
YOL071W 3 17
YOL070C 10 332
YOL069W 1 5
YOL068C 3 63
YOL067C 7 319
YOL066C 0 0
YOL065C 1 4
YOL064C 5 11
YOL063C 0 0
YOL062C 5 46
YOL061W 7 86
YOL060C 2 41
YOL059W 4 284
YOL058W 4 218
YOL057W 3 132
YOL056W 1 25
YOL055C 0 0
YOL054W 2 24
YOL053W 3 10
YOL052C-A 1 2
YOL052C 1 3
YOL051W 3 93
YOL050C 2 320
YOL049W 9 4111
YOL048C 3 961
YOL047C 1 29
YOL046C 0 0
YOL045W 0 0
YOL044W 0 0
YOL043C 2 62
YOL042W 1 31
YOL041C 3 158
YOL040C 2 68
YOL039W 6 283
YOL038C-A 2 29
YOL038W 2 10
YOL037C 2 4
YOL036W 0 0
YOL035C 2 25
YOL034W 8 370
YOL033W 3 15
YOL032W 0 0
YOL031C 7 426
YOL030W 0 0
YOL029C 1 2
YOL028C 0 0
YOL027C 1 3
YOL026C 7 91
YOL025W 1 44
YOL024W 3 29
YOL023W 0 0
YOL022C 1 21
YOL021C 11 1092
YOL020W 5 48
YOL019W-A 10 225
YOL019W 1 3
YOL018C 2 55
YOL017W 0 0
YOL016C 3 29
YOL015W 0 0
YOL014W 0 0
YOL013W-B 0 0
YOL013W-A 1 1
YOL013C 0 0
YOL012C 2 14
YOL011W 1 2
YOL010W 2 56
YOL009C 4 39
YOL008W 0 0
YOL007C 0 0
YOL006C 0 0
YOL005C 4 75
YOL004W 1 5
YOL003C 15 1568
YOL002C 4 34
YOL001W 3 26
YOR001W 7 492
YOR002W 1 2
YOR003W 1 7
YOR004W 5 48
YOR005C 4 176
YOR006C 5 165
YOR007C 5 380
YOR008C 0 0
YOR008C-A 1 9
YOR008W-B 4 67
YOR009W 0 0
YOR010C 2 29
YOR011W 2 18
YOR011W-A 0 0
YOR012W 0 0
YOR013W 2 127
YOR014W 1 18
YOR015W 1 2
YOR016C 2 14
YOR017W 5 27
YOR018W 1 4
YOR019W 1 1
YOR020C 5 122
YOR020W-A 2 11
YOR021C 2 119
YOR022C 4 64
YOR023C 7 151
YOR024W 4 64
YOR025W 6 221
YOR026W 8 209
YOR027W 4 14
YOR028C 0 0
YOR029W 4 116
YOR030W 0 0
YOR031W 8 100
YOR032C 6 254
YOR032W-A 6 184
YOR033C 0 0
YOR034C 0 0
YOR034C-A 1 90
YOR035C 3 100
YOR036W 5 20
YOR037W 2 18
YOR038C 8 209
YOR039W 1 1
YOR040W 0 0
YOR041C 3 35
YOR042W 2 92
YOR043W 0 0
YOR044W 4 139
YOR045W 2 17
YOR046C 0 0
YOR047C 0 0
YOR048C 3 9
YOR049C 0 0
YOR050C 2 29
YOR051C 2 131
YOR052C 1 2
YOR053W 4 120
YOR054C 3 101
YOR055W 1 39
YOR056C 2 37
YOR057W 1 2
YOR058C 2 46
YOR059C 3 521
YOR060C 7 156
YOR061W 1 26
YOR062C 0 0
YOR063W 4 210
YOR064C 19 868
YOR065W 0 0
YOR066W 4 36
YOR067C 3 88
YOR069W 0 0
YOR068C 1 30
YOR070C 2 37
YOR071C 4 57
YOR072W 2 55
YOR072W-A 9 230
YOR072W-B 2 39
YOR073W 3 228
YOR074C 2 33
YOR073W-A 3 69
YOR075W 11 655
YOR076C 8 40
YOR077W 3 307
YOR078W 4 154
YOR079C 1 20
YOR080W 3 69
YOR081C 0 0
YOR082C 3 7
YOR083W 3 26
YOR084W 8 117
YOR085W 1 5
YOR086C 1 147
YOR087W 6 112
YOR089C 2 5
YOR090C 2 37
YOR091W 1 2
YOR092W 0 0
YOR093C 2 37
YOR094W 0 0
YOR095C 7 250
YOR096W 1 60
YOR097C 2 131
YOR098C 4 158
YOR099W 1 40
YOR100C 2 165
YOR101W 0 0
YOR102W 9 641
YOR103C 6 88
YOR104W 1 2
YOR105W 1 8
YOR106W 1 1
YOR107W 3 26
YOR108W 2 3
YOR108C-A 1 2
YOR109W 1 3
YOR110W 1 1
YOR111W 7 76
YOR112W 2 14
YOR113W 1 2
YOR114W 4 28
YOR115C 3 17
YOR116C 0 0
YOR117W 3 65
YOR118W 2 34
YOR119C 4 124
YOR120W 0 0
YOR121C 4 318
YOR122C 5 99
YOR123C 2 14
YOR124C 0 0
YOR125C 0 0
YOR126C 9 255
YOR127W 0 0
YOR128C 0 0
YOR129C 1 88
YOR130C 1 7
YOR131C 1 2
YOR132W 1 43
YOR133W 2 88
YOR134W 3 25
YOR135C 2 46
YOR136W 1 37
YOR137C 0 0
YOR138C 2 9
YOR139C 0 0
YOR140W 0 0
YOR141C 4 185
YOR142W 3 39
YOR143C 1 1
YOR144C 1 4
YOR145C 3 375
YOR146W 1 1
YOR147W 10 136
YOR148C 9 1192
YOR149C 0 0
YOR150W 6 152
YOR151C 0 0
YOR152C 1 3
YOR153W 2 8
YOR154W 2 859
YOR155C 4 128
YOR156C 0 0
YOR157C 6 786
YOR158W 7 405
YOR159C 3 19
YOR160W 1 15
YOR161C 11 2000
YOR161W-A 1 49
YOR161W-B 4 51
YOR161C-C 6 282
YOR162C 7 538
YOR163W 6 459
YOR164C 2 263
YOR165W 5 22
YOR166C 5 386
YOR167C 0 0
YOR168W 4 189
YOR169C 1 30
YOR170W 4 12
YOR171C 0 0
YOR172W 9 205
YOR173W 2 171
YOR174W 0 0
YOR175C 1 38
YOR176W 1 1
YOR177C 2 5
YOR178C 7 161
YOR179C 2 98
YOR180C 1 13
YOR181W 2 3
YOR182C 3 145
YOR183W 1 7
YOR184W 0 0
YOR185C 1 2
YOR186W 3 5
YOR186C-A 1 4
YOR187W 2 2
YOR188W 0 0
YOR189W 5 120
YOR190W 3 52
YOR191W 1 2
YOR192C 1 11
YOR192C-C 0 0
YOR193W 1 2
YOR194C 1 33
YOR195W 0 0
YOR196C 12 1107
YOR197W 7 104
YOR198C 0 0
YOR199W 0 0
YOR200W 5 364
YOR201C 7 169
YOR202W 1 1
YOR203W 4 28
YOR204W 2 61
YOR205C 6 1503
YOR206W 6 130
YOR207C 3 14
YOR208W 3 78
YOR209C 2 24
YOR210W 3 51
YOR211C 1 69
YOR212W 3 1609
YOR213C 1 1
YOR214C 0 0
YOR215C 3 40
YOR216C 2 66
YOR217W 1 33
YOR218C 0 0
YOR219C 2 55
YOR220W 6 571
YOR221C 5 89
YOR222W 1 1
YOR223W 8 542
YOR224C 2 4
YOR225W 2 4
YOR226C 4 1648
YOR227W 1 1
YOR228C 0 0
YOR229W 5 370
YOR230W 3 74
YOR231W 3 73
YOR231C-A 0 0
YOR232W 1 8
YOR233W 1 22
YOR234C 2 1252
YOR235W 1 2
YOR236W 4 51
YOR237W 2 4
YOR238W 1 12
YOR239W 4 36
YOR241W 2 3
YOR242C 0 0
YOR243C 3 18
YOR244W 1 1
YOR245C 6 225
YOR246C 0 0
YOR247W 0 0
YOR248W 0 0
YOR249C 2 4
YOR250C 1 10
YOR251C 10 751
YOR252W 2 46
YOR253W 4 398
YOR254C 9 175
YOR255W 4 94
YOR256C 2 53
YOR257W 2 11
YOR258W 3 15
YOR259C 5 54
YOR260W 2 11
YOR261C 0 0
YOR262W 4 128
YOR263C 1 17
YOR264W 1 4
YOR265W 11 1480
YOR266W 1 7
YOR267C 3 32
YOR268C 4 123
YOR269W 4 613
YOR270C 0 0
YOR271C 7 283
YOR272W 2 10
YOR273C 7 351
YOR274W 6 294
YOR275C 8 208
YOR276W 4 211
YOR277C 0 0
YOR278W 3 72
YOR279C 5 43
YOR280C 1 9
YOR281C 4 46
YOR282W 0 0
YOR283W 3 29
YOR284W 4 1081
YOR285W 5 46
YOR286W 4 96
YOR287C 3 12
YOR288C 1 44
YOR289W 3 14
YOR290C 0 0
YOR291W 3 79
YOR292C 9 542
YOR293W 2 11
YOR293C-A 5 22
YOR294W 4 95
YOR295W 1 4
YOR296W 0 0
YOR297C 7 1034
YOR298W 1 1
YOR298C-A 3 311
YOR299W 1 2
YOR300W 1 1
YOR301W 3 68
YOR302W 7 245
YOR303W 3 10
YOR304W 0 0
YOR304C-A 3 27
YOR305W 0 0
YOR306C 2 20
YOR307C 3 6
YOR308C 0 0
YOR309C 1 46
YOR310C 2 12
YOR311C 8 174
YOR312C 0 0
YOR313C 1 1
YOR314W 0 0
YOR314W-A 17 2843
YOR315W 1 11
YOR316C 5 116
YOR316C-A 6 141
YOR317W 4 57
YOR318C 2 50
YOR319W 3 6
YOR320C 2 23
YOR321W 2 25
YOR322C 0 0
YOR323C 3 17
YOR324C 1 62
YOR325W 1 54
YOR326W 2 4
YOR327C 2 5
YOR328W 1 1
YOR329C 2 4
YOR329W-A 2 7
YOR330C 4 108
YOR331C 1 2
YOR332W 2 2
YOR333C 2 51
YOR334W 5 108
YOR335C 2 40
YOR335W-A 0 0
YOR336W 5 465
YOR337W 8 205
YOR338W 0 0
YOR339C 0 0
YOR340C 2 24
YOR341W 0 0
YOR342C 4 209
YOR343C 18 4694
YOR344C 1 3
YOR345C 2 46
YOR346W 3 66
YOR347C 0 0
YOR348C 3 46
YOR349W 9 21655
YOR350C 2 8
YOR351C 0 0
YOR352W 1 37
YOR353C 4 31
YOR354C 9 1275
YOR355W 0 0
YOR356W 3 519
YOR357C 8 6943
YOR358W 5 90
YOR359W 1 1
YOR360C 3 15
YOR361C 9 721
YOR362C 3 47
YOR363C 3 78
YOR364W 7 105
YOR365C 3 72
YOR366W 0 0
YOR367W 7 135
YOR368W 2 34
YOR369C 0 0
YOR370C 0 0
YOR371C 3 157
YOR372C 0 0
YOR373W 1 2
YOR374W 6 376
YOR375C 1 4
YOR376W 4 21
YOR376W-A 1 14
YOR377W 3 15
YOR378W 0 0
YOR379C 7 141
YOR380W 2 55
YOR381W 1 2
YOR381W-A 3 128
YOR382W 2 5
YOR383C 2 279
YOR384W 1 11
YOR385W 4 717
YOR386W 3 55
YOR387C 0 0
YOR388C 0 0
YOR389W 1 5
YOR390W 3 45
YOR391C 1 1
YOR392W 4 35
YOR393W 0 0
YOR394W 0 0
YOR394C-A 0 0
YOR396W 0 0
YOR396C-A 0 0
YPL283C 0 0
YPL283W-B 0 0
YPL283W-A 0 0
YPL282C 0 0
YPL281C 0 0
YPL280W 0 0
YPL279C 2 46
YPL278C 0 0
YPL277C 2 118
YPL274W 2 48
YPL273W 0 0
YPL272C 0 0
YPL271W 8 184
YPL270W 7 200
YPL269W 9 385
YPL268W 4 414
YPL267W 1 12
YPL266W 1 2
YPL265W 1 14
YPL264C 2 6
YPL263C 3 12
YPL262W 5 14
YPL261C 2 7
YPL260W 0 0
YPL259C 3 7
YPL258C 5 86
YPL257W 1 2
YPL256C 2 8
YPL255W 1 15
YPL254W 1 1
YPL253C 5 158
YPL252C 8 345
YPL251W 3 24
YPL250C 3 15
YPL249C-A 0 0
YPL250W-A 0 0
YPL249C 4 345
YPL248C 3 140
YPL247C 1 20
YPL246C 0 0
YPL245W 8 246
YPL244C 3 36
YPL243W 1 55
YPL242C 1 1
YPL241C 6 34
YPL240C 3 17
YPL239W 0 0
YPL238C 0 0
YPL237W 0 0
YPL236C 4 73
YPL235W 1 1
YPL234C 1 1
YPL233W 3 48
YPL232W 2 4
YPL231W 2 9
YPL230W 2 2
YPL229W 2 3
YPL228W 1 2
YPL227C 0 0
YPL226W 4 139
YPL225W 0 0
YPL224C 11 239
YPL223C 7 1756
YPL222W 5 349
YPL222C-A 2 33
YPL221W 6 62
YPL220W 8 734
YPL219W 1 35
YPL218W 2 13
YPL217C 1 1
YPL216W 0 0
YPL215W 2 13
YPL214C 1 4
YPL213W 7 541
YPL212C 3 45
YPL211W 5 90
YPL210C 2 9
YPL209C 3 119
YPL208W 5 84
YPL207W 2 6
YPL206C 0 0
YPL205C 0 0
YPL204W 0 0
YPL203W 9 270
YPL202C 12 269
YPL201C 2 47
YPL200W 2 7
YPL199C 4 34
YPL198W 7 292
YPL197C 1 14
YPL196W 0 0
YPL195W 7 552
YPL194W 2 12
YPL193W 3 142
YPL192C 0 0
YPL191C 0 0
YPL190C 1 1
YPL189C-A 5 1297
YPL189W 2 17
YPL188W 2 2
YPL187W 2 96
YPL186C 7 375
YPL185W 2 61
YPL184C 0 0
YPL183W-A 2 152
YPL183C 4 12
YPL182C 4 87
YPL181W 2 23
YPL180W 2 3
YPL179W 0 0
YPL178W 1 6
YPL177C 4 36
YPL176C 6 32
YPL175W 2 40
YPL174C 1 1
YPL173W 4 899
YPL172C 0 0
YPL171C 5 68
YPL170W 2 37
YPL169C 5 303
YPL168W 3 94
YPL167C 6 357
YPL166W 4 351
YPL165C 3 18
YPL164C 3 128
YPL163C 1 4
YPL162C 4 45
YPL161C 0 0
YPL160W 2 5
YPL159C 0 0
YPL158C 0 0
YPL157W 1 13
YPL156C 2 12
YPL155C 0 0
YPL154C 1 1
YPL153C 2 2
YPL152W-A 8 65
YPL152W 0 0
YPL151C 5 143
YPL150W 3 11
YPL149W 1 11
YPL148C 1 15
YPL147W 2 148
YPL146C 4 3651
YPL145C 0 0
YPL144W 11 1528
YPL143W 0 0
YPL142C 0 0
YPL141C 2 4
YPL140C 2 11
YPL139C 0 0
YPL138C 3 84
YPL137C 4 27
YPL136W 4 17
YPL135W 12 953
YPL135C-A 4 59
YPL134C 6 130
YPL133C 2 2
YPL132W 0 0
YPL131W 0 0
YPL130W 2 41
YPL129W 2 5
YPL128C 2 20
YPL127C 5 1326
YPL126W 3 75
YPL125W 1 43
YPL124W 1 1
YPL123C 1 14
YPL122C 2 26
YPL121C 0 0
YPL120W 9 664
YPL119C-A 0 0
YPL119C 0 0
YPL118W 1 10
YPL117C 2 594
YPL116W 3 3
YPL115C 3 52
YPL114W 9 1221
YPL113C 3 60
YPL112C 3 75
YPL111W 4 111
YPL110C 0 0
YPL109C 1 13
YPL108W 5 72
YPL107W 5 87
YPL106C 0 0
YPL105C 4 54
YPL104W 2 4
YPL103C 0 0
YPL102C 0 0
YPL101W 5 131
YPL100W 1 5
YPL099C 0 0
YPL098C 2 25
YPL097W 2 18
YPL096C-A 1 10
YPL096W 7 251
YPL095C 3 488
YPL094C 5 629
YPL093W 2 7
YPL092W 2 17
YPL091W 2 46
YPL090C 1 2
YPL089C 8 6267
YPL088W 0 0
YPL087W 0 0
YPL086C 3 127
YPL085W 1 14
YPL084W 1 13
YPL083C 0 0
YPL082C 5 19
YPL081W 2 6
YPL080C 5 360
YPL079W 0 0
YPL078C 5 26
YPL077C 7 285
YPL076W 1 6
YPL075W 5 302
YPL074W 3 64
YPL073C 3 81
YPL072W 2 82
YPL071C 0 0
YPL070W 0 0
YPL069C 7 104
YPL068C 6 133
YPL067C 6 131
YPL066W 3 37
YPL065W 3 37
YPL064C 1 13
YPL063W 0 0
YPL062W 15 3032
YPL061W 2 54
YPL060W 8 250
YPL059W 2 36
YPL058C 1 8
YPL057C 5 66
YPL056C 14 3808
YPL055C 6 191
YPL054W 1 2
YPL053C 2 8
YPL052W 3 9
YPL051W 6 153
YPL050C 1 14
YPL049C 5 129
YPL048W 3 99
YPL047W 1 18
YPL046C 3 23
YPL045W 1 1
YPL044C 0 0
YPL043W 2 24
YPL042C 0 0
YPL041C 5 1220
YPL040C 5 35
YPL039W 3 15
YPL038W-A 0 0
YPL038W 6 45
YPL037C 2 727
YPL036W 3 18
YPL035C 2 67
YPL034W 1 2
YPL033C 1 4
YPL032C 2 38
YPL031C 0 0
YPL030W 2 135
YPL029W 2 21
YPL028W 0 0
YPL027W 0 0
YPL026C 1 44
YPL025C 14 215
YPL024W 2 231
YPL023C 1 1
YPL022W 0 0
YPL021W 0 0
YPL020C 1 12
YPL019C 4 600
YPL018W 3 37
YPL017C 4 15
YPL016W 0 0
YPL015C 13 735
YPL014W 2 14
YPL013C 6 950
YPL012W 1 1
YPL011C 3 76
YPL010W 4 961
YPL009C 2 12
YPL008W 0 0
YPL007C 0 0
YPL006W 1 6
YPL005W 1 1
YPL004C 0 0
YPL003W 1 1
YPL002C 6 193
YPL001W 5 448
YPR001W 7 193
YPR002W 5 236
YPR002C-A 4 52
YPR003C 2 11
YPR004C 0 0
YPR005C 0 0
YPR006C 2 6
YPR007C 1 13
YPR008W 1 3
YPR009W 5 263
YPR010C 0 0
YPR010C-A 7 150
YPR011C 2 21
YPR012W 4 37
YPR013C 1 3
YPR014C 1 1
YPR015C 1 23
YPR016C 0 0
YPR016W-A 0 0
YPR017C 4 13
YPR018W 0 0
YPR019W 2 6
YPR020W 5 187
YPR021C 0 0
YPR022C 5 216
YPR023C 5 51
YPR024W 2 6
YPR025C 5 181
YPR026W 2 33
YPR027C 0 0
YPR028W 1 1
YPR029C 0 0
YPR030W 4 638
YPR031W 3 20
YPR032W 3 5
YPR033C 3 18
YPR034W 1 7
YPR035W 1 5
YPR036W 7 126
YPR036W-A 7 49
YPR037C 6 132
YPR038W 1 6
YPR039W 7 127
YPR040W 11 1251
YPR041W 1 1
YPR042C 3 5
YPR043W 4 25
YPR044C 1 4
YPR045C 4 3608
YPR046W 12 5605
YPR047W 0 0
YPR048W 4 208
YPR049C 1 4
YPR050C 4 103
YPR051W 2 286
YPR052C 1 1
YPR053C 0 0
YPR054W 0 0
YPR055W 2 95
YPR056W 2 136
YPR057W 8 183
YPR058W 2 83
YPR059C 3 328
YPR060C 2 15
YPR061C 5 78
YPR062W 5 4468
YPR063C 3 180
YPR064W 1 6
YPR065W 1 1
YPR066W 0 0
YPR067W 4 20
YPR068C 2 83
YPR069C 1 9
YPR070W 3 130
YPR071W 1 1
YPR072W 0 0
YPR073C 3 71
YPR074C 2 61
YPR074W-A 9 557
YPR075C 3 311
YPR076W 2 10
YPR077C 1 1
YPR078C 1 8
YPR079W 2 44
YPR080W 2 124
YPR081C 5 52
YPR082C 13 1498
YPR083W 3 125
YPR084W 0 0
YPR085C 1 1
YPR086W 2 31
YPR087W 1 2
YPR088C 0 0
YPR089W 3 973
YPR091C 6 52
YPR092W 2 38
YPR093C 1 5
YPR094W 3 209
YPR095C 0 0
YPR096C 2 88
YPR097W 0 0
YPR098C 3 68
YPR099C 3 24
YPR100W 2 28
YPR101W 6 104
YPR102C 0 0
YPR103W 0 0
YPR104C 0 0
YPR105C 3 204
YPR106W 1 270
YPR107C 1 2
YPR108W 3 52
YPR108W-A 2 13
YPR109W 0 0
YPR110C 1 7
YPR111W 8 139
YPR112C 5 121
YPR113W 3 139
YPR114W 0 0
YPR115W 0 0
YPR116W 2 21
YPR117W 1 1
YPR118W 9 160
YPR119W 1 16
YPR120C 0 0
YPR121W 1 22
YPR122W 4 12890
YPR123C 2 74
YPR124W 0 0
YPR125W 0 0
YPR126C 3 30
YPR127W 6 2761
YPR128C 5 23
YPR129W 3 95
YPR130C 2 67
YPR131C 7 1900
YPR132W 2 15
YPR133C 0 0
YPR133W-A 4 79
YPR134W 0 0
YPR135W 2 14
YPR136C 0 0
YPR137W 4 128
YPR138C 2 12
YPR139C 1 11
YPR140W 0 0
YPR141C 1 1
YPR142C 0 0
YPR143W 6 264
YPR144C 1 9
YPR145W 4 297
YPR145C-A 4 91
YPR146C 1 82
YPR147C 3 9
YPR148C 3 66
YPR149W 3 337
YPR150W 7 155
YPR151C 16 495
YPR152C 6 160
YPR153W 5 141
YPR154W 3 363
YPR155C 0 0
YPR156C 3 18
YPR157W 1 6
YPR158W 2 20
YPR159W 0 0
YPR159C-A 10 574
YPR160W 2 6
YPR160W-A 3 66
YPR160C-A 3 14
YPR161C 0 0
YPR162C 4 119
YPR163C 4 25
YPR164W 2 52
YPR165W 0 0
YPR166C 1 325
YPR167C 2 107
YPR168W 2 4
YPR169W 5 294
YPR170C 2 77
YPR169W-A 7 474
YPR170W-B 7 474
YPR170W-A 2 77
YPR171W 6 62
YPR172W 3 15
YPR173C 2 21
YPR174C 7 179
YPR175W 3 235
YPR176C 5 118
YPR177C 3 126
YPR178W 1 39
YPR179C 0 0
YPR180W 4 234
YPR181C 1 7
YPR182W 2 2
YPR183W 5 2345
YPR184W 1 5
YPR185W 2 19
YPR186C 3 14
YPR187W 3 65
YPR188C 6 130
YPR189W 4 235
YPR190C 2 5
YPR191W 2 31
YPR192W 3 60
YPR193C 3 116
YPR194C 0 0
YPR195C 6 129
YPR196W 5 200
YPR197C 0 0
YPR198W 2 185
YPR199C 9 422
YPR200C 0 0
YPR201W 0 0
YPR202W 0 0
YPR203W 0 0
YPR204W 0 0
YPR204C-A 0 0
