YAL069W 24 7474
YAL068W-A 15 7616
YAL068C 4 380
YAL067W-A 5 73
YAL067C 31 685
YAL066W 8 244
YAL065C 15 1088
YAL064W-B 1 2
YAL064C-A 2 60
YAL064W 1 14
YAL063C-A 0 0
YAL063C 18 3034
YAL062W 103 2776
YAL061W 64 3883
YAL060W 53 2641
YAL059C-A 8 349
YAL059W 11 414
YAL058W 57 5271
YAL056C-A 8 556
YAL056W 77 4199
YAL055W 14 331
YAL054C 81 5470
YAL053W 53 1906
YAL051W 56 1548
YAL049C 24 956
YAL048C 54 2570
YAL047W-A 9 98
YAL047C 31 2348
YAL046C 8 126
YAL045C 6 147
YAL044W-A 7 293
YAL044C 20 292
YAL043C 56 3087
YAL042C-A 24 3602
YAL042W 55 4450
YAL041W 32 778
YAL040C 27 1535
YAL039C 91 4998
YAL038W 47 1624
YAL037C-B 31 634
YAL037C-A 5 66
YAL037W 23 580
YAL036C 25 841
YAL035W 35 503
YAL034C-B 22 478
YAL034W-A 14 668
YAL034C 35 1552
YAL033W 4 203
YAL032C 29 1189
YAL031W-A 7 169
YAL031C 33 1282
YAL030W 12 1042
YAL029C 54 2003
YAL028W 25 1030
YAL027W 22 2839
YAL026C-A 8 2268
YAL026C 42 2184
YAL025C 4 59
YAL024C 37 901
YAL023C 57 1868
YAL022C 25 543
YAL021C 52 2015
YAL020C 31 1421
YAL019W-A 30 924
YAL019W 40 1002
YAL018C 13 414
YAL017W 69 1709
YAL016C-B 9 269
YAL016C-A 14 1518
YAL016W 23 169
YAL015C 35 1123
YAL014C 15 444
YAL013W 8 210
YAL012W 28 1882
YAL011W 19 604
YAL010C 11 65
YAL009W 5 43
YAL008W 16 279
YAL007C 18 884
YAL005C 44 2223
YAL004W 14 413
YAL003W 13 391
YAL002W 84 11721
YAL001C 159 7698
YAR002W 91 4650
YAR002C-A 25 1588
YAR003W 57 2975
YAR007C 19 181
YAR008W 25 884
YAR014C 35 1809
YAR015W 18 469
YAR018C 13 542
YAR019C 37 12891
YAR019W-A 10 226
YAR020C 2 77
YAR023C 19 540
YAR027W 21 2750
YAR028W 24 676
YAR029W 1 22
YAR030C 5 130
YAR031W 19 626
YAR033W 7 265
YAR035W 148 6448
YAR035C-A 4 12
YAR042W 63 2729
YAR047C 0 0
YAR050W 21 271
YAR053W 0 0
YAR060C 0 0
YAR064W 3 16
YAR066W 0 0
YAR068W 1 8
YAR069C 0 0
YAR070C 0 0
YAR071W 5 74
YAR073W 5 11
YAR075W 4 10
YBL113C 1 8
YBL113W-A 0 0
YBL112C 0 0
YBL111C 0 0
YBL109W 23 4584
YBL108C-A 0 0
YBL108W 12 251
YBL107W-A 0 0
YBL107C 16 568
YBL106C 58 3863
YBL105C 39 1059
YBL104C 70 2278
YBL103C 31 526
YBL102W 10 102
YBL101C 86 8630
YBL100W-C 10 719
YBL100C 6 35
YBL099W 23 587
YBL098W 37 1270
YBL097W 43 1252
YBL096C 15 518
YBL095W 15 653
YBL094C 2 4
YBL093C 27 37449
YBL092W 2 70
YBL091C-A 19 344
YBL091C 30 2051
YBL090W 9 241
YBL089W 27 265
YBL088C 135 3648
YBL087C 13 109
YBL086C 9 51
YBL085W 32 2168
YBL084C 25 803
YBL083C 8 144
YBL082C 31 573
YBL081W 18 490
YBL080C 29 553
YBL079W 59 1295
YBL078C 0 0
YBL077W 16 1019
YBL076C 47 1205
YBL075C 50 1068
YBL074C 24 655
YBL073W 22 6251
YBL072C 7 177
YBL071C-B 0 0
YBL071W-A 5 46
YBL071C 10 204
YBL070C 11 8595
YBL069W 35 1002
YBL068W-A 4 15
YBL068W 19 775
YBL067C 23 743
YBL066C 59 1907
YBL065W 16 361
YBL064C 21 910
YBL063W 54 2698
YBL062W 9 215
YBL061C 33 470
YBL060W 37 1404
YBL059C-A 2 107
YBL059W 9 252
YBL058W 22 414
YBL057C 23 671
YBL056W 30 594
YBL055C 26 550
YBL054W 41 983
YBL053W 4 93
YBL052C 30 2151
YBL051C 19 939
YBL050W 16 481
YBL049W 9 297
YBL048W 2 33
YBL047C 71 2165
YBL046W 27 833
YBL045C 29 646
YBL044W 51 19055
YBL043W 15 319
YBL042C 38 826
YBL041W 9 390
YBL040C 17 214
YBL039W-B 2 9
YBL039C 22 570
YBL039C-A 1 16
YBL038W 21 407
YBL037W 65 1852
YBL036C 16 258
YBL035C 46 1632
YBL034C 51 1330
YBL033C 27 950
YBL032W 24 398
YBL031W 31 1834
YBL030C 27 1054
YBL029C-A 8 712
YBL029W 26 776
YBL028C 5 360
YBL027W 1 12
YBL026W 5 84
YBL025W 11 490
YBL024W 21 5064
YBL023C 39 559
YBL022C 24 340
YBL021C 13 336
YBL020W 29 623
YBL019W 26 4819
YBL018C 17 465
YBL017C 84 3623
YBL016W 37 964
YBL015W 81 8447
YBL014C 52 1573
YBL013W 70 2347
YBL012C 13 341
YBL011W 39 747
YBL010C 8 218
YBL009W 27 1037
YBL008W-A 4 109
YBL008W 38 619
YBL007C 46 1133
YBL006C 12 274
YBL006W-A 7 199
YBL005W 42 666
YBL004W 65 1451
YBL003C 6 7833
YBL002W 26 1318
YBL001C 31 27397
YBR001C 118 5321
YBR002C 21 151
YBR003W 34 1138
YBR004C 30 623
YBR005W 26 528
YBR006W 71 5460
YBR007C 45 2214
YBR008C 60 1461
YBR009C 3 8
YBR010W 7 37
YBR011C 19 350
YBR012C 1 6
YBR013C 11 472
YBR014C 4 124
YBR015C 25 871
YBR016W 14 1051
YBR017C 28 729
YBR018C 27 536
YBR019C 81 2649
YBR020W 55 1173
YBR021W 27 579
YBR022W 22 756
YBR023C 55 3607
YBR024W 15 479
YBR025C 28 541
YBR026C 21 655
YBR027C 23 404
YBR028C 15 494
YBR029C 32 557
YBR030W 17 313
YBR031W 9 511
YBR032W 41 11381
YBR033W 60 1261
YBR034C 33 1141
YBR035C 30 440
YBR036C 24 972
YBR037C 27 451
YBR038W 56 993
YBR039W 13 271
YBR040W 7 86
YBR041W 21 1064
YBR042C 14 364
YBR043C 34 2050
YBR044C 27 889
YBR045C 21 356
YBR046C 11 288
YBR047W 19 602
YBR048W 13 406
YBR049C 51 2201
YBR050C 25 521
YBR051W 8 41
YBR052C 8 116
YBR053C 24 1444
YBR054W 31 4870
YBR055C 42 1207
YBR056W 26 579
YBR056W-A 5 321
YBR056C-B 5 321
YBR057C 16 4111
YBR058C 25 1461
YBR058C-A 1 6
YBR059C 37 594
YBR060C 23 261
YBR061C 26 785
YBR062C 12 369
YBR063C 7 113
YBR064W 2 47
YBR065C 13 143
YBR066C 21 305
YBR067C 4 43
YBR068C 51 1897
YBR069C 46 1016
YBR070C 23 1288
YBR071W 11 204
YBR072W 13 332
YBR072C-A 9 152
YBR073W 29 603
YBR074W 54 1668
YBR076W 27 1166
YBR076C-A 10 318
YBR077C 9 176
YBR078W 47 3220
YBR079C 44 1056
YBR080C 22 265
YBR081C 47 920
YBR082C 15 903
YBR083W 33 888
YBR084W 33 738
YBR084C-A 7 285
YBR085W 15 393
YBR085C-A 2 93
YBR086C 48 1536
YBR087W 15 915
YBR088C 18 245
YBR089W 13 143
YBR089C-A 25 2381
YBR090C 30 2784
YBR091C 9 241
YBR092C 21 499
YBR093C 36 5158
YBR094W 38 990
YBR095C 15 405
YBR096W 8 88
YBR097W 32 1058
YBR098W 31 861
YBR099C 2 2
YBR101C 8 84
YBR102C 36 742
YBR103W 22 319
YBR103C-A 15 1953
YBR104W 21 1590
YBR105C 16 553
YBR106W 20 661
YBR107C 14 692
YBR108W 41 875
YBR109C 2 2
YBR109W-A 9 218
YBR110W 11 52
YBR111C 21 1694
YBR111W-A 5 53
YBR112C 33 822
YBR113W 9 200
YBR114W 48 851
YBR115C 79 56415
YBR116C 20 1789
YBR117C 52 1673
YBR118W 2 41
YBR119W 15 600
YBR120C 3 10
YBR121C 8 77
YBR121C-A 1 1
YBR122C 5 98
YBR123C 18 191
YBR124W 16 440
YBR125C 30 6073
YBR126C 53 1313
YBR126W-A 8 1401
YBR126W-B 8 1393
YBR127C 20 434
YBR128C 23 509
YBR129C 10 286
YBR130C 6 190
YBR131W 30 440
YBR131C-A 0 0
YBR132C 45 1288
YBR133C 67 1727
YBR134W 26 5134
YBR135W 13 128
YBR136W 78 3930
YBR137W 14 382
YBR138C 29 755
YBR139W 43 1214
YBR140C 127 9146
YBR141C 15 281
YBR141W-A 1 24
YBR142W 45 966
YBR143C 15 421
YBR144C 20 557
YBR145W 22 325
YBR146W 17 368
YBR147W 21 596
YBR148W 35 617
YBR149W 27 608
YBR150C 47 568
YBR151W 19 258
YBR152W 16 405
YBR153W 16 277
YBR154C 2 5
YBR155W 14 264
YBR156C 29 573
YBR157C 17 1993
YBR158W 30 1611
YBR159W 25 509
YBR160W 15 528
YBR161W 5 20
YBR162C 38 651
YBR162W-A 5 264
YBR163W 20 197
YBR164C 9 187
YBR165W 8 221
YBR166C 26 561
YBR167C 11 241
YBR168W 9 176
YBR169C 34 11520
YBR170C 35 1500
YBR171W 7 201
YBR172C 30 1557
YBR173C 8 235
YBR174C 10 1362
YBR175W 19 451
YBR176W 10 5268
YBR177C 31 908
YBR178W 21 583
YBR179C 46 606
YBR180W 28 534
YBR181C 5 287
YBR182C 24 509
YBR182C-A 3 162
YBR183W 28 439
YBR184W 18 237
YBR185C 4 27
YBR186W 51 1723
YBR187W 10 186
YBR188C 12 302
YBR189W 11 93
YBR190W 3 27
YBR191W 3 16
YBR191W-A 0 0
YBR192W 8 45
YBR193C 17 379
YBR194W 10 240
YBR195C 19 285
YBR196C 35 622
YBR196C-A 10 984
YBR196C-B 5 430
YBR197C 36 1530
YBR198C 19 262
YBR199W 26 858
YBR200W 13 484
YBR200W-A 0 0
YBR201W 5 21
YBR201C-A 9 272
YBR202W 49 1317
YBR203W 44 850
YBR204C 15 241
YBR205W 31 2076
YBR206W 16 181
YBR207W 22 676
YBR208C 99 2100
YBR209W 19 2204
YBR210W 3 33
YBR211C 11 387
YBR212W 35 725
YBR213W 31 630
YBR214W 49 3702
YBR215W 31 563
YBR216C 18 229
YBR217W 10 102
YBR218C 71 1638
YBR219C 28 1558
YBR220C 31 757
YBR221C 26 773
YBR221W-A 18 456
YBR222C 46 810
YBR223C 28 635
YBR223W-A 8 196
YBR224W 7 68
YBR225W 22 292
YBR226C 2 20
YBR227C 6 123
YBR228W 26 577
YBR229C 63 1533
YBR230C 7 125
YBR230W-A 15 807
YBR231C 20 310
YBR232C 4 75
YBR233W 20 370
YBR233W-A 4 37
YBR234C 24 655
YBR235W 84 2474
YBR236C 7 147
YBR237W 24 352
YBR238C 19 653
YBR239C 70 2802
YBR240C 29 466
YBR241C 77 9631
YBR242W 28 1384
YBR243C 12 233
YBR244W 9 133
YBR245C 45 1560
YBR246W 22 467
YBR247C 8 102
YBR248C 50 7403
YBR249C 15 61
YBR250W 23 487
YBR251W 21 524
YBR252W 12 329
YBR253W 5 41
YBR254C 7 274
YBR255W 43 1213
YBR255C-A 8 569
YBR256C 12 306
YBR257W 15 162
YBR258C 13 146
YBR259W 32 533
YBR260C 49 992
YBR261C 30 1803
YBR262C 9 204
YBR263W 33 1134
YBR264C 8 168
YBR265W 15 365
YBR267W 16 259
YBR266C 1 25
YBR268W 4 49
YBR269C 8 120
YBR270C 17 324
YBR271W 21 610
YBR272C 11 643
YBR273C 14 393
YBR274W 23 820
YBR275C 88 4656
YBR276C 40 997
YBR277C 9 46
YBR278W 21 285
YBR279W 20 786
YBR280C 50 2927
YBR281C 28 600
YBR282W 11 153
YBR283C 31 636
YBR284W 66 2182
YBR285W 2 58
YBR286W 64 1403
YBR287W 19 393
YBR288C 28 1725
YBR289W 28 747
YBR290W 13 353
YBR291C 37 3431
YBR292C 8 325
YBR293W 30 1117
YBR294W 51 1128
YBR295W 65 2478
YBR296C 46 1162
YBR296C-A 12 769
YBR297W 24 1395
YBR298C 67 2291
YBR298C-A 13 362
YBR299W 13 817
YBR300C 7 43
YBR301W 5 193
YBR302C 0 0
YCL076W 13 364
YCL073C 8 214
YCL069W 1 123
YCL068C 0 0
YCL067C 0 0
YCL066W 0 0
YCL065W 2 55
YCL064C 21 608
YCL063W 14 310
YCL061C 30 415
YCL059C 8 74
YCL058C 17 562
YCL058W-A 12 449
YCL057C-A 13 495
YCL057W 36 1129
YCL056C 1 1
YCL055W 10 167
YCL054W 20 1022
YCL052C 20 671
YCL051W 28 652
YCL050C 17 347
YCL049C 15 6976
YCL048W-A 2 57
YCL048W 23 848
YCL047C 12 535
YCL045C 42 833
YCL046W 2 3
YCL044C 21 487
YCL043C 46 1227
YCL041C 18 393
YCL042W 32 4299
YCL040W 130 14358
YCL039W 59 1341
YCL038C 17 341
YCL037C 17 360
YCL036W 48 1825
YCL035C 10 357
YCL034W 38 913
YCL033C 7 83
YCL032W 20 1070
YCL031C 9 142
YCL030C 46 711
YCL029C 33 1013
YCL028W 14 197
YCL027W 27 380
YCL026C-B 0 0
YCL026C-A 12 216
YCL025C 70 2697
YCL023C 12 369
YCL024W 58 1638
YCL022C 11 278
YCL021W-A 12 206
YCL018W 16 1130
YCL017C 20 606
YCL016C 23 397
YCL014W 56 1121
YCL012C 4 210
YCL011C 37 1097
YCL010C 38 1074
YCL009C 23 511
YCL008C 39 1923
YCL007C 10 123
YCL005W-A 10 54
YCL005W 14 2340
YCL004W 22 1074
YCL002C 22 1470
YCL001W 4 243
YCL001W-A 2 9
YCL001W-B 11 272
YCR001W 10 573
YCR002C 15 250
YCR003W 13 740
YCR004C 16 1465
YCR005C 61 6627
YCR006C 40 24999
YCR007C 17 533
YCR008W 42 870
YCR009C 10 383
YCR010C 20 314
YCR011C 84 2772
YCR012W 15 250
YCR013C 11 193
YCR014C 23 1018
YCR015C 20 549
YCR016W 9 267
YCR017C 51 2486
YCR018C 13 435
YCR018C-A 9 124
YCR019W 27 531
YCR020C 12 352
YCR020C-A 8 146
YCR020W-B 1 6
YCR021C 34 1177
YCR022C 34 1324
YCR023C 48 1842
YCR024C 20 238
YCR024C-B 14 1392
YCR024C-A 4 32
YCR025C 26 4294
YCR026C 69 2888
YCR027C 1 14
YCR028C 18 460
YCR028C-A 4 57
YCR030C 31 1346
YCR031C 11 677
YCR032W 80 2497
YCR033W 49 1639
YCR034W 4 60
YCR035C 6 140
YCR036W 24 612
YCR037C 24 618
YCR038C 9 50
YCR038W-A 0 0
YCR039C 0 0
YCR040W 0 0
YCR041W 2 28
YCR042C 53 1050
YCR043C 15 846
YCR044C 19 231
YCR045C 30 1097
YCR045W-A 5 384
YCR046C 14 241
YCR047C 17 365
YCR047W-A 3 10
YCR049C 26 1114
YCR048W 55 2726
YCR050C 3 309
YCR051W 20 436
YCR052W 19 452
YCR053W 18 446
YCR054C 17 826
YCR057C 37 639
YCR059C 31 515
YCR060W 13 432
YCR061W 73 6440
YCR064C 20 3028
YCR063W 28 1754
YCR065W 36 1909
YCR066W 12 307
YCR067C 41 689
YCR068W 36 836
YCR069W 22 284
YCR071C 9 398
YCR072C 29 333
YCR073C 56 1041
YCR073W-A 18 1787
YCR075C 11 156
YCR075W-A 2 109
YCR076C 18 479
YCR077C 31 516
YCR079W 29 729
YCR081W 51 1085
YCR081C-A 4 33
YCR082W 9 209
YCR083W 13 678
YCR084C 39 877
YCR085W 4 71
YCR086W 16 292
YCR087W 15 148
YCR087C-A 13 145
YCR088W 23 569
YCR089W 33 665
YCR090C 12 425
YCR091W 55 1839
YCR092C 33 663
YCR093W 59 1685
YCR094W 14 196
YCR095C 7 193
YCR095W-A 2 42
YCR096C 0 0
YCR097W 3 13
YCR097W-A 2 11
YCR098C 21 310
YCR099C 5 194
YCR100C 22 634
YCR101C 6 333
YCR102C 41 1558
YCR102W-A 0 0
YCR104W 2 6
YCR105W 31 811
YCR106W 53 1587
YCR107W 16 109
YCR108C 10 276
YDL248W 4 22
YDL247W-A 0 0
YDL247W 0 0
YDL246C 0 0
YDL245C 1 7
YDL244W 12 406
YDL243C 14 367
YDL242W 22 1305
YDL241W 1 10
YDL240C-A 27 6869
YDL240W 43 901
YDL239C 18 325
YDL238C 42 1451
YDL237W 19 409
YDL236W 13 3666
YDL235C 2 5
YDL234C 37 886
YDL233W 17 492
YDL232W 5 26
YDL231C 95 3652
YDL230W 27 490
YDL229W 22 928
YDL228C 5 260
YDL227C 12 2196
YDL226C 18 598
YDL225W 15 742
YDL224C 15 157
YDL223C 84 1529
YDL222C 36 622
YDL221W 62 4683
YDL220C 108 3234
YDL219W 4 71
YDL218W 28 536
YDL217C 8 100
YDL216C 26 422
YDL215C 82 2670
YDL214C 53 1159
YDL213C 23 412
YDL212W 2 131
YDL211C 7 36
YDL210W 20 483
YDL209C 9 129
YDL208W 8 48
YDL207W 12 247
YDL206W 24 369
YDL205C 19 522
YDL204W 41 1071
YDL203C 20 488
YDL202W 8 220
YDL201W 23 691
YDL200C 12 71
YDL199C 19 300
YDL198C 33 611
YDL197C 35 981
YDL196W 18 421
YDL195W 26 421
YDL194W 19 364
YDL193W 17 569
YDL192W 16 224
YDL191W 3 118
YDL190C 45 1043
YDL189W 18 1148
YDL188C 22 597
YDL187C 4 85
YDL186W 20 890
YDL185C-A 3 478
YDL185W 31 468
YDL184C 2 59
YDL183C 24 626
YDL182W 49 2284
YDL181W 9 660
YDL180W 19 288
YDL179W 6 26
YDL178W 43 946
YDL177C 14 574
YDL176W 32 1339
YDL175C 19 2069
YDL174C 51 1087
YDL173W 19 1651
YDL172C 5 161
YDL171C 114 2810
YDL170W 38 449
YDL169C 15 188
YDL168W 23 517
YDL167C 21 552
YDL166C 6 124
YDL165W 8 107
YDL164C 32 1367
YDL163W 3 26
YDL162C 10 698
YDL161W 20 702
YDL160C-A 13 424
YDL160C 23 317
YDL159W-A 10 221
YDL159W 30 1171
YDL159C-B 0 0
YDL158C 4 114
YDL157C 4 20
YDL156W 43 4045
YDL155W 31 891
YDL154W 42 921
YDL153C 9 81
YDL152W 6 14
YDL151C 5 67
YDL150W 16 231
YDL149W 29 646
YDL148C 31 655
YDL147W 13 166
YDL146W 6 106
YDL145C 51 1178
YDL144C 32 1493
YDL143W 22 291
YDL142C 25 714
YDL141W 30 860
YDL140C 71 1441
YDL139C 15 93
YDL138W 52 1164
YDL137W 31 1543
YDL136W 7 50
YDL135C 14 448
YDL134C 25 588
YDL133C-A 1 18
YDL133W 23 448
YDL132W 41 892
YDL131W 35 1009
YDL130W-A 5 72
YDL130W 11 368
YDL129W 14 862
YDL128W 18 292
YDL127W 43 1439
YDL126C 35 904
YDL125C 21 1181
YDL124W 27 3573
YDL123W 11 54
YDL122W 48 944
YDL121C 13 2959
YDL120W 4 99
YDL119C 17 410
YDL118W 6 237
YDL117W 40 2464
YDL116W 25 874
YDL115C 30 782
YDL114W-A 3 218
YDL114W 9 97
YDL113C 36 645
YDL112W 77 1047
YDL111C 20 364
YDL110C 21 306
YDL109C 39 3682
YDL108W 26 434
YDL107W 26 633
YDL106C 37 1040
YDL105W 17 166
YDL104C 26 628
YDL103C 12 381
YDL102W 41 809
YDL101C 12 90
YDL100C 29 640
YDL099W 14 197
YDL098C 15 360
YDL097C 20 432
YDL096C 6 179
YDL095W 57 1394
YDL094C 23 752
YDL093W 38 506
YDL092W 15 580
YDL091C 16 276
YDL090C 14 263
YDL089W 40 702
YDL088C 19 200
YDL087C 9 77
YDL086W 52 142854
YDL086C-A 39 142681
YDL085C-A 6 29
YDL085W 39 776
YDL084W 13 91
YDL083C 5 17
YDL082W 7 149
YDL081C 1 9
YDL080C 35 2793
YDL079C 48 1286
YDL078C 16 629
YDL077C 45 613
YDL076C 23 537
YDL075W 2 3
YDL074C 29 576
YDL073W 22 1329
YDL072C 7 110
YDL071C 13 297
YDL070W 29 572
YDL069C 14 135
YDL068W 11 65
YDL067C 5 24
YDL066W 33 590
YDL065C 23 633
YDL064W 18 817
YDL063C 30 760
YDL062W 5 44
YDL061C 1 1
YDL060W 28 587
YDL059C 7 146
YDL058W 34 709
YDL057W 32 635
YDL056W 45 948
YDL055C 20 198
YDL054C 37 754
YDL053C 6 138
YDL052C 27 517
YDL051W 16 161
YDL050C 4 88
YDL049C 44 2411
YDL048C 74 3038
YDL047W 19 506
YDL046W 9 271
YDL045W-A 5 38
YDL045C 8 101
YDL044C 12 164
YDL043C 5 139
YDL042C 40 1988
YDL041W 19 370
YDL040C 22 683
YDL039C 43 3706
YDL037C 8 282
YDL036C 31 664
YDL035C 31 1072
YDL034W 8 80
YDL033C 32 597
YDL032W 1 5
YDL031W 21 490
YDL030W 20 257
YDL029W 10 63
YDL028C 27 397
YDL027C 17 452
YDL026W 4 36
YDL025C 18 498
YDL025W-A 1 3
YDL024C 29 1346
YDL022C-A 4 178
YDL023C 16 195
YDL022W 46 813
YDL021W 18 398
YDL020C 17 223
YDL019C 73 8111
YDL018C 7 124
YDL017W 20 302
YDL016C 3 57
YDL015C 9 81
YDL014W 16 303
YDL013W 14 5530
YDL012C 6 155
YDL011C 6 110
YDL010W 8 178
YDL009C 4 19
YDL008W 12 257
YDL007C-A 5 44
YDL007W 22 334
YDL006W 17 295
YDL005C 12 231
YDL004W 1 1
YDL003W 31 1505
YDL002C 19 345
YDL001W 65 4995
YDR001C 136 5167
YDR002W 11 302
YDR003W 24 543
YDR003W-A 8 816
YDR004W 28 433
YDR005C 14 5404
YDR006C 31 621
YDR007W 11 436
YDR008C 12 330
YDR009W 58 2323
YDR010C 47 2151
YDR011W 109 3447
YDR012W 5 83
YDR013W 1 11
YDR014W 11 98
YDR014W-A 15 542
YDR015C 9 110
YDR016C 3 18
YDR017C 51 4550
YDR018C 33 863
YDR019C 30 560
YDR020C 24 606
YDR021W 7 82
YDR022C 20 425
YDR023W 13 108
YDR024W 9 159
YDR025W 2 44
YDR026C 31 2566
YDR027C 25 409
YDR028C 46 1409
YDR029W 3 65
YDR030C 38 873
YDR031W 3 30
YDR032C 11 107
YDR033W 33 1064
YDR034C 34 2619
YDR034C-A 2 36
YDR034W-B 0 0
YDR035W 16 408
YDR036C 11 56
YDR037W 38 579
YDR038C 7 76
YDR039C 0 0
YDR040C 7 46
YDR041W 10 266
YDR042C 1 95
YDR043C 22 400
YDR044W 22 1031
YDR045C 8 184
YDR046C 41 3353
YDR047W 32 850
YDR048C 19 1288
YDR049W 21 383
YDR050C 13 255
YDR051C 24 528
YDR052C 16 295
YDR053W 3 101
YDR054C 18 300
YDR055W 22 395
YDR056C 14 260
YDR057W 29 858
YDR058C 9 207
YDR059C 16 296
YDR060W 35 708
YDR061W 32 1545
YDR062W 28 321
YDR063W 8 194
YDR064W 6 145
YDR065W 15 435
YDR066C 18 6395
YDR067C 15 363
YDR068W 3 215
YDR069C 42 992
YDR070C 6 88
YDR071C 18 270
YDR072C 56 1851
YDR073W 20 184
YDR074W 66 818
YDR075W 16 1477
YDR076W 60 1281
YDR077W 19 466
YDR078C 18 570
YDR079W 8 704
YDR079C-A 7 129
YDR080W 37 913
YDR081C 16 290
YDR082W 23 313
YDR083W 19 362
YDR084C 7 25
YDR085C 29 1018
YDR086C 1 6
YDR087C 9 124
YDR088C 19 617
YDR089W 58 864
YDR090C 21 398
YDR091C 22 755
YDR092W 17 520
YDR093W 199 29089
YDR094W 47 11672
YDR095C 36 2939
YDR096W 26 2056
YDR097C 34 480
YDR098C 23 432
YDR099W 34 421
YDR100W 11 699
YDR101C 17 492
YDR102C 14 10512
YDR103W 21 503
YDR104C 62 1594
YDR105C 22 590
YDR106W 23 502
YDR107C 31 727
YDR108W 24 476
YDR109C 28 716
YDR110W 23 627
YDR111C 24 627
YDR112W 9 275
YDR113C 15 370
YDR114C 13 279
YDR115W 2 53
YDR116C 9 277
YDR117C 22 453
YDR118W 25 606
YDR118W-A 5 43
YDR119W 49 1848
YDR119W-A 14 1183
YDR120C 29 1036
YDR121W 3 7
YDR122W 32 393
YDR123C 26 452
YDR124W 18 280
YDR125C 10 54
YDR126W 32 1332
YDR127W 85 2488
YDR128W 69 18169
YDR129C 38 930
YDR130C 11 139
YDR131C 25 493
YDR132C 37 1203
YDR133C 1 3
YDR135C 76 1875
YDR136C 43 1502
YDR137W 28 807
YDR138W 31 371
YDR139C 0 0
YDR140W 16 373
YDR141C 37 632
YDR142C 25 375
YDR143C 24 699
YDR144C 30 476
YDR145W 8 164
YDR146C 26 299
YDR147W 29 699
YDR148C 23 232
YDR149C 1 1
YDR150W 116 24144
YDR151C 18 2369
YDR152W 7 136
YDR153C 21 353
YDR154C 12 1007
YDR155C 15 227
YDR156W 12 646
YDR157W 32 1564
YDR158W 14 233
YDR159W 43 788
YDR160W 25 156
YDR161W 13 64
YDR162C 4 15
YDR163W 14 1675
YDR164C 42 1080
YDR165W 17 246
YDR166C 32 527
YDR167W 8 473
YDR168W 23 418
YDR169C 12 320
YDR169C-A 5 1214
YDR170C 67 1225
YDR171W 17 280
YDR172W 42 1334
YDR173C 13 337
YDR174W 26 349
YDR175C 10 214
YDR176W 31 495
YDR177W 24 1530
YDR178W 19 1952
YDR179C 10 226
YDR179W-A 19 299
YDR180W 42 1662
YDR181C 15 331
YDR182W 31 642
YDR182W-A 3 8
YDR183W 12 254
YDR183C-A 6 97
YDR184C 8 101
YDR185C 14 252
YDR186C 59 1634
YDR187C 32 1497
YDR188W 47 1345
YDR189W 36 515
YDR190C 9 264
YDR191W 33 575
YDR192C 15 409
YDR193W 10 387
YDR194C 19 266
YDR194W-A 3 35
YDR195W 22 310
YDR196C 12 123
YDR197W 12 176
YDR198C 22 333
YDR199W 5 94
YDR200C 31 634
YDR201W 7 32
YDR202C 12 443
YDR203W 3 55
YDR204W 28 427
YDR205W 38 1671
YDR206W 28 490
YDR207C 51 977
YDR208W 52 1767
YDR209C 10 55
YDR210W 6 38
YDR211W 37 404
YDR212W 20 382
YDR213W 32 525
YDR214W 57 4420
YDR215C 73 10895
YDR216W 65 975
YDR217C 68 2055
YDR218C 10 166
YDR219C 9 249
YDR220C 11 6974
YDR221W 55 1040
YDR222W 17 223
YDR223W 28 2627
YDR224C 6 33
YDR225W 14 183
YDR226W 12 309
YDR227W 22 365
YDR228C 16 568
YDR229W 27 837
YDR230W 13 343
YDR231C 25 532
YDR232W 43 457
YDR233C 18 254
YDR234W 55 3098
YDR235W 6 207
YDR236C 17 348
YDR237W 8 67
YDR238C 33 2738
YDR239C 33 552
YDR240C 13 223
YDR241W 12 429
YDR242W 33 902
YDR243C 21 542
YDR244W 27 559
YDR245W 14 250
YDR246W 21 272
YDR246W-A 35 5477
YDR247W 33 954
YDR248C 10 229
YDR249C 19 465
YDR250C 21 588
YDR251W 36 906
YDR252W 3 14
YDR253C 10 213
YDR254W 23 264
YDR255C 20 236
YDR256C 49 1575
YDR257C 6 68
YDR258C 49 1425
YDR259C 12 273
YDR260C 43 22850
YDR261C 38 1241
YDR262W 10 602
YDR263C 21 491
YDR264C 46 1883
YDR265W 9 152
YDR266C 43 579
YDR267C 23 557
YDR268W 21 352
YDR269C 5 129
YDR270W 44 739
YDR271C 10 196
YDR272W 14 219
YDR273W 7 47
YDR274C 63 5496
YDR275W 26 382
YDR276C 14 1678
YDR277C 45 3688
YDR278C 16 447
YDR279W 17 199
YDR280W 14 151
YDR281C 1 11
YDR282C 26 588
YDR283C 94 1926
YDR284C 24 537
YDR285W 19 334
YDR286C 8 79
YDR287W 9 248
YDR288W 9 198
YDR289C 16 148
YDR290W 9 114
YDR291W 61 2606
YDR292C 23 751
YDR293C 73 1243
YDR294C 38 759
YDR295C 19 310
YDR296W 14 270
YDR297W 30 1025
YDR298C 4 11
YDR299W 17 276
YDR300C 27 889
YDR301W 44 785
YDR302W 11 105
YDR303C 28 520
YDR304C 25 649
YDR305C 31 1843
YDR306C 28 493
YDR307W 35 725
YDR308C 5 41
YDR309C 18 417
YDR310C 37 4785
YDR311W 27 195
YDR312W 27 491
YDR313C 22 766
YDR314C 35 872
YDR315C 11 186
YDR316W 20 474
YDR317W 21 368
YDR318W 20 596
YDR319C 9 161
YDR320C 33 453
YDR320C-A 0 0
YDR320W-B 4 16
YDR321W 19 369
YDR322W 30 664
YDR322C-A 5 227
YDR323C 38 757
YDR324C 23 278
YDR325W 30 1412
YDR326C 68 2145
YDR327W 11 239
YDR328C 19 429
YDR329C 24 690
YDR330W 29 556
YDR331W 16 196
YDR332W 20 784
YDR333C 41 1097
YDR334W 61 1925
YDR335W 35 497
YDR336W 25 896
YDR337W 9 386
YDR338C 39 1256
YDR339C 11 197
YDR340W 5 71
YDR341C 25 795
YDR342C 5 82
YDR343C 3 56
YDR344C 28 563
YDR345C 59 3212
YDR346C 33 2344
YDR347W 14 101
YDR348C 36 1503
YDR349C 24 386
YDR350C 16 181
YDR351W 27 335
YDR352W 13 323
YDR353W 24 662
YDR354W 21 673
YDR354C-A 2 2
YDR355C 2 7
YDR356W 20 530
YDR357C 17 1131
YDR358W 31 744
YDR359C 31 517
YDR360W 3 17
YDR361C 22 1349
YDR362C 36 659
YDR363W 28 435
YDR363W-A 2 130
YDR364C 25 609
YDR365C 18 582
YDR366C 19 366
YDR367W 10 362
YDR368W 13 258
YDR369C 40 796
YDR370C 17 2736
YDR371W 38 602
YDR371C-A 1 1
YDR372C 11 519
YDR373W 9 66
YDR374C 14 221
YDR374W-A 1 5
YDR375C 21 472
YDR376W 44 892
YDR377W 6 284
YDR378C 2 14
YDR379W 50 20669
YDR379C-A 8 127
YDR380W 36 870
YDR381W 21 418
YDR381C-A 2 43
YDR382W 7 20
YDR383C 12 104
YDR384C 36 1555
YDR385W 9 128
YDR386W 27 1413
YDR387C 26 1079
YDR388W 37 895
YDR389W 31 293
YDR390C 19 703
YDR391C 13 173
YDR392W 12 206
YDR393W 24 433
YDR394W 25 470
YDR395W 44 1119
YDR396W 23 674
YDR397C 23 664
YDR398W 16 746
YDR399W 24 1084
YDR400W 32 1614
YDR401W 12 1086
YDR402C 23 1353
YDR403W 38 1058
YDR404C 7 113
YDR405W 41 588
YDR406W 176 14225
YDR406W-A 1 13
YDR407C 43 772
YDR408C 12 283
YDR409W 43 1324
YDR410C 19 321
YDR411C 22 313
YDR412W 0 0
YDR413C 0 0
YDR414C 28 4424
YDR415C 27 2897
YDR416W 44 879
YDR417C 2 39
YDR418W 2 39
YDR419W 46 1171
YDR420W 52 837
YDR421W 59 1013
YDR422C 33 5717
YDR423C 54 1518
YDR424C 7 396
YDR425W 41 1880
YDR426C 20 942
YDR427W 15 298
YDR428C 19 477
YDR429C 7 88
YDR430C 68 1306
YDR431W 11 21
YDR432W 39 788
YDR433W 21 262
YDR434W 17 383
YDR435C 25 550
YDR436W 45 949
YDR437W 14 1229
YDR438W 14 205
YDR439W 3 22
YDR440W 37 987
YDR441C 18 436
YDR442W 14 423
YDR443C 75 1708
YDR444W 39 1429
YDR445C 20 6154
YDR446W 15 296
YDR447C 10 64
YDR448W 15 520
YDR449C 16 264
YDR450W 8 34
YDR451C 21 4693
YDR452W 55 2675
YDR453C 28 5788
YDR454C 3 173
YDR455C 11 369
YDR456W 31 664
YDR457W 159 3812
YDR458C 17 321
YDR459C 31 664
YDR460W 20 329
YDR461W 2 60
YDR461C-A 11 263
YDR462W 8 509
YDR463W 53 2211
YDR464W 29 434
YDR464C-A 0 0
YDR465C 18 334
YDR466W 35 3661
YDR467C 6 244
YDR468C 14 608
YDR469W 5 54
YDR470C 23 1005
YDR471W 11 206
YDR472W 25 567
YDR473C 28 710
YDR475C 57 1487
YDR476C 49 2836
YDR477W 27 419
YDR478W 20 609
YDR479C 31 4049
YDR480W 21 501
YDR481C 48 1079
YDR482C 27 2959
YDR483W 22 436
YDR484W 12 161
YDR485C 25 601
YDR486C 18 853
YDR487C 10 99
YDR488C 72 3489
YDR489W 17 679
YDR490C 59 6005
YDR491C 35 2573
YDR492W 19 668
YDR493W 11 187
YDR494W 14 436
YDR495C 21 426
YDR496C 27 732
YDR497C 57 2241
YDR498C 6 159
YDR499W 23 307
YDR500C 10 112
YDR501W 15 271
YDR502C 34 1138
YDR503C 21 415
YDR504C 6 80
YDR505C 19 410
YDR506C 71 11059
YDR507C 61 1210
YDR508C 43 977
YDR509W 13 410
YDR510W 8 119
YDR510C-A 4 19
YDR511W 8 164
YDR512C 36 612
YDR513W 7 465
YDR514C 28 1874
YDR515W 6 15
YDR516C 37 673
YDR517W 39 761
YDR518W 32 634
YDR519W 6 191
YDR520C 25 683
YDR521W 7 145
YDR522C 15 273
YDR523C 31 910
YDR524C 25 559
YDR524W-C 4 56
YDR524C-B 11 184
YDR524C-A 10 158
YDR525W 27 1621
YDR525W-A 16 2517
YDR526C 14 1852
YDR527W 44 11472
YDR528W 27 1072
YDR529C 8 140
YDR530C 36 828
YDR531W 25 603
YDR532C 6 132
YDR533C 12 131
YDR534C 19 734
YDR535C 51 4040
YDR536W 49 1046
YDR537C 13 261
YDR538W 19 290
YDR539W 24 935
YDR540C 6 109
YDR541C 31 750
YDR542W 6 105
YDR543C 11 1122
YDR544C 16 916
YDR545W 0 0
YDR545C-A 0 0
YEL077C 13 221
YEL077W-A 0 0
YEL076C-A 0 0
YEL076C 0 0
YEL075W-A 0 0
YEL075C 0 0
YEL074W 16 1418
YEL073C 9 189
YEL072W 24 663
YEL071W 54 2207
YEL070W 15 461
YEL069C 37 870
YEL068C 8 122
YEL067C 31 5291
YEL066W 27 7003
YEL065W 56 1659
YEL064C 35 718
YEL063C 28 843
YEL062W 29 781
YEL061C 31 1040
YEL060C 47 656
YEL059C-A 7 205
YEL059W 38 10871
YEL058W 26 652
YEL057C 10 376
YEL056W 30 1456
YEL055C 37 814
YEL054C 5 139
YEL053W-A 4 137
YEL053C 23 484
YEL052W 12 361
YEL051W 4 28
YEL050W-A 5 492
YEL050C 19 474
YEL049W 6 561
YEL048C 1 7
YEL047C 31 652
YEL046C 27 518
YEL045C 37 1231
YEL044W 14 757
YEL043W 50 2673
YEL042W 25 1915
YEL041W 41 1378
YEL040W 50 1898
YEL039C 18 225
YEL038W 30 787
YEL037C 27 1279
YEL036C 35 1319
YEL035C 46 6463
YEL034C-A 23 399
YEL034W 20 320
YEL033W 40 1920
YEL032W 61 1477
YEL032C-A 2 72
YEL031W 51 1640
YEL030C-A 2 3
YEL030W 13 215
YEL029C 13 484
YEL028W 6 23
YEL027W 4 52
YEL026W 0 0
YEL025C 66 1567
YEL024W 15 595
YEL023C 45 5785
YEL022W 55 1131
YEL021W 71 1468
YEL020C-B 9 36
YEL020W-A 10 41
YEL020C 37 789
YEL019C 10 235
YEL018C-A 11 244
YEL018W 18 386
YEL017C-A 4 58
YEL017W 16 406
YEL016C 31 1085
YEL015W 32 812
YEL014C 12 132
YEL013W 15 304
YEL012W 34 2666
YEL011W 73 4784
YEL010W 7 111
YEL009C-A 10 299
YEL009C 29 1570
YEL008W 55 11260
YEL008C-A 21 4679
YEL007W 19 1876
YEL006W 32 2203
YEL005C 26 3084
YEL004W 27 579
YEL003W 17 300
YEL002C 58 3603
YEL001C 34 1727
YER001W 84 48566
YER002W 2 18
YER003C 19 837
YER004W 27 516
YER005W 60 2605
YER006W 24 420
YER006C-A 8 429
YER007W 19 427
YER007C-A 8 132
YER008C 22 429
YER009W 3 116
YER010C 22 716
YER011W 9 126
YER012W 7 37
YER013W 38 436
YER014W 12 178
YER014C-A 25 2497
YER015W 35 823
YER016W 21 251
YER017C 45 924
YER018C 31 2537
YER019W 48 1278
YER019C-A 4 53
YER020W 31 1098
YER021W 13 390
YER022W 38 677
YER023W 11 681
YER023C-A 3 62
YER024W 78 31187
YER025W 6 75
YER026C 5 82
YER027C 27 473
YER028C 34 831
YER029C 7 510
YER030W 0 0
YER031C 10 190
YER032W 40 556
YER033C 35 685
YER034W 22 1102
YER035W 31 354
YER036C 46 1094
YER037W 19 580
YER038C 8 101
YER038W-A 5 33
YER039C 16 265
YER039C-A 7 312
YER040W 20 394
YER041W 35 1792
YER042W 18 2440
YER043C 32 539
YER044C 16 680
YER044C-A 33 413
YER045C 22 400
YER046W 18 419
YER046W-A 8 198
YER047C 30 560
YER048C 16 512
YER048W-A 4 929
YER049W 25 551
YER050C 9 232
YER051W 37 606
YER052C 16 175
YER053C 30 1469
YER053C-A 1 2
YER054C 56 3483
YER055C 21 155
YER056C 39 956
YER056C-A 9 34
YER057C 9 493
YER058W 7 29
YER059W 15 181
YER060W 23 483
YER060W-A 22 487
YER061C 18 205
YER062C 10 115
YER063W 15 902
YER064C 13 216
YER065C 64 2101
YER066W 15 464
YER066C-A 16 485
YER067W 17 163
YER067C-A 12 129
YER068W 25 1232
YER068C-A 23 3769
YER069W 81 2881
YER070W 53 1811
YER071C 3 45
YER072W 12 306
YER073W 36 621
YER074W 3 250
YER074W-A 6 60
YER075C 34 782
YER076C 14 163
YER076W-A 5 147
YER077C 27 592
YER078C 34 1081
YER078W-A 10 311
YER079W 14 2429
YER079C-A 7 273
YER080W 33 725
YER081W 58 2785
YER082C 17 344
YER083C 22 742
YER084W 22 808
YER084W-A 5 106
YER085C 5 106
YER086W 31 398
YER087W 39 1310
YER087C-A 11 342
YER087C-B 3 26
YER088C 77 4668
YER088C-A 48 11705
YER088W-B 16 716
YER089C 69 3446
YER090W 18 244
YER090C-A 0 0
YER091C 30 439
YER091C-A 22 6166
YER092W 17 1120
YER093C 47 4258
YER093C-A 14 163
YER094C 12 286
YER095W 14 272
YER096W 21 578
YER097W 10 976
YER098W 25 506
YER099C 20 120
YER100W 11 162
YER101C 24 1590
YER102W 7 58
YER103W 30 523
YER104W 13 189
YER105C 49 1261
YER106W 10 105
YER107C 13 175
YER107W-A 3 38
YER109C 21 295
YER110C 31 589
YER111C 46 1498
YER112W 0 0
YER113C 39 817
YER114C 54 1688
YER115C 4 86
YER116C 15 458
YER117W 1 18
YER118C 21 191
YER119C 51 2571
YER119C-A 23 1566
YER120W 13 600
YER121W 9 1165
YER122C 12 130
YER123W 29 1602
YER124C 14 200
YER125W 41 1194
YER126C 9 129
YER127W 7 38
YER128W 16 125
YER129W 69 2062
YER130C 37 1141
YER131W 3 52
YER132C 100 4187
YER133W 8 20
YER133W-A 4 183
YER134C 13 428
YER135C 8 134
YER136W 26 298
YER137C 16 664
YER137W-A 8 419
YER138W-A 1 23
YER139C 10 157
YER140W 42 554
YER141W 24 631
YER142C 22 421
YER143W 28 1226
YER144C 55 7579
YER145C 84 5426
YER145C-A 23 729
YER146W 12 64
YER147C 87 2754
YER147C-A 8 433
YER148W 12 480
YER148W-A 16 581
YER149C 27 720
YER150W 9 239
YER151C 40 775
YER152C 40 1804
YER152W-A 10 178
YER153C 32 613
YER154W 28 826
YER155C 86 10332
YER156C 30 1003
YER157W 27 445
YER158C 32 713
YER158W-A 12 251
YER159C 21 423
YER161C 9 467
YER162C 17 326
YER163C 18 689
YER164W 51 1879
YER165W 9 104
YER165C-A 2 2
YER166W 90 2530
YER167W 62 1522
YER168C 28 883
YER169W 47 1396
YER170W 10 142
YER171W 33 703
YER172C 51 1072
YER172C-A 6 39
YER173W 24 823
YER174C 14 992
YER175C 32 3397
YER175W-A 5 201
YER176W 133 9696
YER177W 12 259
YER178W 37 1556
YER179W 28 443
YER180C 8 214
YER180C-A 7 4957
YER181C 4 62
YER182W 11 2447
YER183C 25 994
YER184C 19 1437
YER185W 24 621
YER186C 17 383
YER187W 12 259
YER188W 8 221
YER188C-A 14 235
YER189W 0 0
YER190W 5 63
YER190C-A 0 0
YER190C-B 0 0
YFL068W 0 0
YFL067W 1 4
YFL066C 0 0
YFL065C 0 0
YFL064C 0 0
YFL063W 10 263
YFL062W 2 12
YFL061W 1 22
YFL060C 3 17
YFL059W 8 526
YFL058W 3 174
YFL057C 2 5
YFL056C 12 134
YFL055W 35 1927
YFL054C 39 609
YFL053W 31 960
YFL052W 35 743
YFL051C 17 426
YFL050C 34 1533
YFL049W 16 362
YFL048C 27 762
YFL047W 23 779
YFL046W 22 453
YFL045C 3 7
YFL044C 19 1512
YFL042C 39 1107
YFL041W-A 7 155
YFL041W 30 1025
YFL040W 32 2719
YFL039C 14 304
YFL038C 29 519
YFL037W 35 1091
YFL036W 43 1737
YFL034C-B 10 456
YFL034C-A 17 378
YFL034W 45 789
YFL033C 117 4122
YFL032W 13 238
YFL031W 15 405
YFL031C-A 1 1
YFL030W 36 1070
YFL029C 14 189
YFL028C 28 951
YFL027C 25 486
YFL026W 22 417
YFL025C 35 568
YFL024C 66 2488
YFL023W 30 865
YFL022C 19 691
YFL021C-A 72 2625
YFL021W 53 1600
YFL020C 6 135
YFL019C 1 2
YFL018C 20 250
YFL017W-A 4 102
YFL017C 15 301
YFL016C 51 1154
YFL015W-A 17 490
YFL015C 38 1929
YFL014W 8 945
YFL013W-A 29 951
YFL013C 43 1573
YFL012W-A 28 840
YFL012W 4 48
YFL011W 19 485
YFL010W-A 2 8
YFL010C 6 45
YFL009W 16 356
YFL008W 42 677
YFL007W 105 1741
YFL005W 10 92
YFL004W 32 2774
YFL003C 88 3050
YFL002C 38 938
YFL001W 54 2300
YFR001W 8 198
YFR002W 34 907
YFR003C 12 380
YFR004W 13 169
YFR005C 20 545
YFR006W 54 5802
YFR007W 35 3651
YFR008W 11 73
YFR009W 37 751
YFR009W-A 1 3
YFR010W 29 712
YFR010W-A 2 45
YFR011C 12 321
YFR012W 10 199
YFR012W-A 2 41
YFR013W 31 632
YFR014C 23 917
YFR015C 49 1143
YFR016C 59 6500
YFR017C 48 1484
YFR018C 91 10552
YFR019W 92 1955
YFR020W 11 152
YFR021W 37 1651
YFR022W 60 1273
YFR023W 22 337
YFR024C-A 21 1326
YFR025C 45 3211
YFR026C 10 174
YFR027W 16 537
YFR028C 17 482
YFR029W 50 1744
YFR030W 27 1019
YFR031C 34 827
YFR031C-A 8 125
YFR032C 12 160
YFR032C-A 5 50
YFR032C-B 16 1729
YFR033C 33 3149
YFR034C 77 14476
YFR034W-A 37 8519
YFR035C 39 3657
YFR036W 14 307
YFR036W-A 8 133
YFR037C 20 457
YFR038W 25 564
YFR039C 15 382
YFR040W 33 1102
YFR041C 18 1930
YFR042W 6 38
YFR043C 13 306
YFR044C 35 696
YFR045W 19 316
YFR046C 25 464
YFR047C 17 428
YFR048W 56 2225
YFR049W 4 16
YFR050C 20 632
YFR051C 58 1972
YFR052W 14 117
YFR052C-A 9 37
YFR053C 53 4100
YFR054C 7 85
YFR056C 20 1008
YFR055W 29 523
YFR057W 5 14
YGL263W 27 728
YGL262W 5 84
YGL261C 3 94
YGL260W 5 18
YGL259W 6 153
YGL258W-A 1 11
YGL258W 4 183
YGL257C 29 765
YGL256W 20 1146
YGL255W 39 2182
YGL254W 40 829
YGL253W 33 644
YGL252C 37 3175
YGL251C 46 1199
YGL250W 15 1051
YGL249W 52 1185
YGL248W 22 451
YGL247W 9 277
YGL246C 20 673
YGL245W 38 928
YGL244W 20 295
YGL243W 16 532
YGL242C 19 577
YGL241W 44 2982
YGL240W 10 264
YGL239C 5 318
YGL238W 31 1169
YGL237C 17 323
YGL236C 49 1313
YGL235W 16 698
YGL234W 46 1742
YGL233W 22 422
YGL232W 18 616
YGL231C 6 39
YGL230C 1 6
YGL229C 41 2397
YGL228W 22 508
YGL227W 51 1373
YGL226C-A 5 155
YGL226W 10 105
YGL225W 27 253
YGL224C 26 578
YGL223C 19 1312
YGL222C 5 46
YGL221C 12 328
YGL220W 8 427
YGL219C 31 1023
YGL218W 15 748
YGL217C 6 78
YGL216W 58 1818
YGL215W 11 163
YGL214W 5 52
YGL213C 10 59
YGL212W 18 189
YGL211W 22 560
YGL210W 16 272
YGL209W 17 326
YGL208W 60 2524
YGL207W 38 2122
YGL206C 63 1464
YGL205W 47 2595
YGL204C 2 46
YGL203C 51 1289
YGL202W 34 1344
YGL201C 50 1284
YGL200C 17 495
YGL199C 15 162
YGL198W 22 430
YGL197W 38 418
YGL196W 25 923
YGL195W 114 2271
YGL194C-A 5 61
YGL194C 20 271
YGL193C 15 282
YGL192W 47 678
YGL191W 15 74
YGL190C 31 938
YGL189C 13 171
YGL188C-A 3 28
YGL188C 12 3959
YGL187C 33 552
YGL186C 23 370
YGL185C 32 623
YGL184C 36 959
YGL183C 14 373
YGL182C 12 81
YGL181W 18 362
YGL180W 58 2500
YGL179C 29 1605
YGL178W 87 8069
YGL177W 29 4644
YGL176C 18 597
YGL175C 8 618
YGL174W 23 242
YGL173C 62 1395
YGL172W 18 337
YGL171W 15 223
YGL170C 8 66
YGL169W 23 564
YGL168W 7 38
YGL167C 41 571
YGL166W 29 788
YGL165C 50 4625
YGL164C 24 503
YGL163C 44 925
YGL162W 21 377
YGL161C 27 1223
YGL160W 34 542
YGL159W 6 34
YGL158W 35 902
YGL157W 23 3951
YGL156W 73 1965
YGL155W 21 761
YGL154C 12 482
YGL153W 20 399
YGL152C 20 2489
YGL151W 36 3721
YGL150C 55 1408
YGL149W 21 644
YGL148W 33 1566
YGL147C 12 149
YGL146C 32 876
YGL145W 34 1141
YGL144C 22 304
YGL143C 10 121
YGL142C 14 217
YGL141W 44 1185
YGL140C 25 659
YGL139W 36 1273
YGL138C 18 178
YGL137W 36 1524
YGL136C 20 760
YGL135W 8 37
YGL134W 36 1069
YGL133W 57 4759
YGL132W 3 157
YGL131C 58 3435
YGL130W 8 131
YGL129C 9 72
YGL128C 4 124
YGL127C 7 60
YGL126W 145 19795
YGL125W 96 6838
YGL124C 25 13808
YGL123W 10 82
YGL123C-A 1 1
YGL122C 28 4865
YGL121C 17 2387
YGL120C 49 1299
YGL119W 18 365
YGL118C 21 1379
YGL117W 34 977
YGL116W 33 637
YGL115W 19 302
YGL114W 22 645
YGL113W 25 1246
YGL112C 7 22
YGL111W 16 186
YGL110C 39 830
YGL109W 14 143
YGL108C 9 27
YGL107C 27 444
YGL106W 3 3
YGL105W 15 409
YGL104C 20 344
YGL103W 20 674
YGL102C 17 627
YGL101W 5 96
YGL100W 15 428
YGL099W 16 318
YGL098W 7 51
YGL097W 47 1042
YGL096W 19 522
YGL095C 25 409
YGL094C 59 1636
YGL093W 26 512
YGL092W 29 277
YGL091C 17 777
YGL090W 8 160
YGL089C 3 81
YGL088W 21 269
YGL087C 21 1841
YGL086W 46 1327
YGL085W 25 619
YGL084C 25 638
YGL083W 40 446
YGL082W 24 368
YGL081W 20 269
YGL080W 7 183
YGL079W 8 171
YGL078C 17 212
YGL077C 34 1525
YGL076C 7 94
YGL075C 8 1067
YGL074C 19 510
YGL073W 75 1278
YGL072C 36 757
YGL071W 38 835
YGL070C 16 422
YGL069C 8 74
YGL068W 8 74
YGL067W 14 252
YGL066W 33 555
YGL065C 17 308
YGL064C 30 347
YGL063W 145 22159
YGL063C-A 16 11638
YGL062W 99 2598
YGL061C 17 510
YGL060W 26 521
YGL059W 24 505
YGL058W 14 297
YGL057C 16 280
YGL056C 39 1743
YGL055W 58 1042
YGL054C 11 152
YGL053W 9 25
YGL052W 7 418
YGL051W 9 237
YGL050W 29 894
YGL049C 29 710
YGL048C 8 119
YGL047W 11 498
YGL045W 49 2428
YGL044C 16 251
YGL043W 29 1691
YGL042C 11 150
YGL041C-B 8 169
YGL041W-A 16 439
YGL041C 7 133
YGL040C 16 153
YGL039W 14 482
YGL038C 29 572
YGL037C 13 182
YGL036W 35 739
YGL035C 26 402
YGL034C 11 75
YGL033W 9 132
YGL032C 2 2
YGL031C 4 35
YGL030W 2 4
YGL029W 2 3
YGL028C 13 82
YGL027C 37 752
YGL026C 39 1694
YGL025C 11 204
YGL024W 4 69
YGL023C 32 722
YGL022W 59 1850
YGL021W 31 1735
YGL020C 4 58
YGL019W 3 8
YGL018C 11 353
YGL017W 18 220
YGL016W 27 522
YGL015C 9 80
YGL014W 35 977
YGL014C-A 2 70
YGL013C 43 1464
YGL012W 37 980
YGL011C 7 147
YGL010W 13 506
YGL009C 60 2197
YGL008C 69 1487
YGL007C-A 1 27
YGL007W 30 7803
YGL006W-A 6 60
YGL006W 47 576
YGL005C 27 645
YGL004C 58 2328
YGL003C 66 2369
YGL002W 37 941
YGL001C 50 2023
YGR001C 31 1350
YGR002C 32 1264
YGR003W 36 673
YGR004W 25 1226
YGR005C 9 401
YGR006W 24 489
YGR007W 32 2914
YGR008C 14 424
YGR009C 17 263
YGR010W 25 1139
YGR011W 4 20
YGR012W 18 788
YGR013W 66 2105
YGR014W 35 512
YGR015C 26 497
YGR016W 24 812
YGR017W 8 99
YGR018C 2 11
YGR019W 46 2224
YGR020C 1 4
YGR021W 23 765
YGR022C 7 42
YGR023W 19 1722
YGR024C 2 23
YGR025W 16 256
YGR026W 16 609
YGR027C 11 112
YGR028W 23 668
YGR029W 11 282
YGR030C 18 553
YGR031W 73 6334
YGR031C-A 35 1286
YGR032W 133 3346
YGR033C 6 104
YGR034W 6 44
YGR035C 5 149
YGR035W-A 14 1691
YGR036C 23 423
YGR037C 2 28
YGR038W 14 259
YGR039W 14 191
YGR040W 40 978
YGR041W 51 1548
YGR042W 9 83
YGR043C 37 1920
YGR044C 16 246
YGR045C 34 1620
YGR046W 11 1017
YGR047C 40 1208
YGR048W 14 149
YGR049W 18 413
YGR050C 24 1511
YGR051C 36 1918
YGR052W 36 978
YGR053C 12 698
YGR054W 35 624
YGR055W 18 418
YGR056W 39 1582
YGR057C 10 143
YGR058W 17 191
YGR059W 14 225
YGR060W 18 167
YGR061C 58 2542
YGR062C 9 101
YGR063C 12 287
YGR064W 12 269
YGR065C 19 366
YGR066C 14 230
YGR067C 46 6605
YGR068C 136 5583
YGR068W-A 5 36
YGR069W 25 1035
YGR070W 76 1273
YGR071C 30 9187
YGR072W 4 77
YGR073C 5 62
YGR074W 4 61
YGR075C 1 6
YGR076C 11 903
YGR077C 22 1481
YGR078C 4 85
YGR079W 31 777
YGR080W 19 421
YGR081C 8 728
YGR082W 9 399
YGR083C 21 580
YGR084C 17 33082
YGR085C 4 88
YGR086C 16 329
YGR087C 82 2993
YGR088W 30 1371
YGR089W 31 594
YGR090W 40 1069
YGR091W 18 226
YGR092W 21 415
YGR093W 36 549
YGR094W 41 1276
YGR095C 14 196
YGR096W 37 3648
YGR097W 59 2206
YGR098C 17 121
YGR099W 21 743
YGR100W 51 1409
YGR101W 18 760
YGR102C 1 58
YGR103W 19 250
YGR104C 11 183
YGR105W 3 23
YGR106C 12 298
YGR107W 62 4600
YGR108W 22 392
YGR109C 27 397
YGR110W 9 359
YGR111W 17 229
YGR112W 15 206
YGR113W 20 375
YGR114C 3 12
YGR115C 3 8
YGR116W 37 1066
YGR117C 9 264
YGR118W 5 313
YGR119C 14 309
YGR120C 5 99
YGR121C 68 2704
YGR121W-A 27 3136
YGR122W 26 851
YGR122C-A 2 78
YGR123C 44 1166
YGR124W 50 3121
YGR125W 54 1075
YGR126W 12 321
YGR127W 21 672
YGR128C 9 41
YGR129W 17 1196
YGR130C 44 4718
YGR131W 9 151
YGR132C 12 578
YGR133W 12 75
YGR134W 46 1630
YGR135W 7 469
YGR136W 10 430
YGR137W 3 257
YGR138C 27 258
YGR139W 10 128
YGR140W 36 406
YGR141W 39 851
YGR142W 8 236
YGR143W 43 1335
YGR144W 24 350
YGR145W 19 481
YGR146C 13 117
YGR146C-A 10 260
YGR147C 27 480
YGR148C 19 201
YGR149W 25 406
YGR150C 25 1609
YGR151C 4 102
YGR152C 7 109
YGR153W 11 1028
YGR154C 14 550
YGR155W 26 450
YGR156W 25 476
YGR157W 36 8010
YGR158C 18 333
YGR159C 19 491
YGR160W 0 0
YGR161C 28 642
YGR161W-C 12 399
YGR162W 29 650
YGR163W 11 353
YGR164W 22 16105
YGR165W 14 418
YGR166W 19 315
YGR167W 20 787
YGR168C 20 228
YGR169C 36 1158
YGR169C-A 1 1
YGR170W 58 1383
YGR171C 25 519
YGR172C 12 298
YGR173W 17 411
YGR174C 18 327
YGR174W-A 2 3
YGR175C 27 286
YGR176W 37 990
YGR177C 83 4443
YGR178C 44 963
YGR179C 29 1134
YGR180C 21 196
YGR181W 14 100
YGR182C 20 359
YGR183C 5 149
YGR184C 94 2660
YGR185C 14 701
YGR186W 20 301
YGR187C 11 134
YGR188C 22 390
YGR189C 10 232
YGR190C 9 82
YGR191W 20 392
YGR192C 31 1149
YGR193C 14 392
YGR194C 29 417
YGR195W 13 168
YGR196C 27 66190
YGR197C 46 4298
YGR198W 36 584
YGR199W 46 1071
YGR200C 46 1064
YGR201C 20 2528
YGR202C 37 794
YGR203W 60 3197
YGR204W 79 3666
YGR204C-A 1 1
YGR205W 18 824
YGR206W 5 45
YGR207C 4 31
YGR208W 23 1004
YGR209C 10 2841
YGR210C 66 1837
YGR211W 41 853
YGR212W 19 500
YGR213C 16 775
YGR214W 16 200
YGR215W 8 204
YGR216C 18 500
YGR217W 72 1556
YGR218W 23 279
YGR219W 11 183
YGR220C 24 857
YGR221C 34 838
YGR222W 25 208
YGR223C 21 482
YGR224W 34 749
YGR225W 27 484
YGR226C 2 4
YGR227W 15 229
YGR228W 6 34
YGR229C 37 1054
YGR230W 32 2350
YGR231C 13 132
YGR232W 22 966
YGR233C 52 1087
YGR234W 17 275
YGR235C 13 352
YGR236C 18 916
YGR237C 37 901
YGR238C 60 1476
YGR239C 49 5066
YGR240C 44 488
YGR240C-A 20 2336
YGR241C 39 5115
YGR242W 4 122
YGR243W 6 78
YGR244C 61 3483
YGR245C 55 1238
YGR246C 16 288
YGR247W 19 431
YGR248W 26 473
YGR249W 19 397
YGR250C 37 653
YGR251W 13 665
YGR252W 22 1138
YGR253C 8 204
YGR254W 36 526
YGR255C 32 390
YGR256W 41 2116
YGR257C 18 782
YGR258C 56 8928
YGR259C 9 5338
YGR260W 36 8310
YGR261C 33 1008
YGR262C 15 733
YGR263C 26 475
YGR264C 28 325
YGR265W 18 721
YGR266W 47 659
YGR267C 16 1446
YGR268C 41 4709
YGR269W 21 1853
YGR270W 65 1487
YGR270C-A 6 272
YGR271W 103 3279
YGR271C-A 5 36
YGR273C 3 19
YGR274C 24 717
YGR275W 7 259
YGR276C 20 438
YGR277C 16 168
YGR278W 16 197
YGR279C 27 2580
YGR280C 26 235
YGR281W 103 2379
YGR282C 14 859
YGR283C 21 341
YGR284C 16 371
YGR285C 18 353
YGR286C 38 1457
YGR287C 47 958
YGR288W 31 440
YGR289C 20 540
YGR290W 1 55
YGR291C 8 291
YGR292W 5 165
YGR293C 0 0
YGR294W 2 3
YGR295C 14 259
YGR296W 0 0
YGR296C-A 0 0
YGR296C-B 0 0
YHL050C 3 22
YHL050W-A 2 16
YHL049C 0 0
YHL048C-A 3 56
YHL048W 12 157
YHL047C 26 401
YHL046W-A 4 32
YHL046C 2 3
YHL045W 9 1297
YHL044W 21 533
YHL043W 11 181
YHL042W 31 1673
YHL041W 34 25793
YHL040C 39 1050
YHL039W 20 556
YHL038C 17 260
YHL037C 29 1091
YHL036W 59 4754
YHL035C 62 2368
YHL034W-A 10 100
YHL034C 14 111
YHL033C 7 308
YHL032C 69 1597
YHL031C 38 938
YHL030W-A 20 592
YHL030W 85 2071
YHL029C 50 1396
YHL028W 38 2948
YHL027W 59 2165
YHL026C 27 3593
YHL025W 76 2885
YHL024W 76 2047
YHL023C 45 1595
YHL022C 14 449
YHL021C 42 1116
YHL020C 37 1232
YHL019W-A 26 1695
YHL019C 36 1643
YHL018W 12 561
YHL017W 27 1423
YHL016C 48 1517
YHL015W-A 7 864
YHL015W 0 0
YHL014C 29 2063
YHL013C 10 91
YHL012W 37 1404
YHL011C 12 409
YHL010C 54 1262
YHL009C 14 175
YHL008C 13 155
YHL007C 58 3174
YHL006W-A 18 583
YHL006C 58 23769
YHL005C 35 6542
YHL004W 33 1111
YHL003C 20 737
YHL002C-A 23 1064
YHL002W 47 1747
YHL001W 15 350
YHR001W 61 2749
YHR001W-A 17 1328
YHR002W 62 1339
YHR003C 47 1342
YHR004C 19 681
YHR005C 14 382
YHR005C-A 11 110
YHR006W 23 551
YHR007C 15 295
YHR007C-A 28 2511
YHR008C 18 384
YHR009C 30 747
YHR010W 2 7
YHR011W 22 353
YHR012W 9 189
YHR013C 12 377
YHR014W 2 46
YHR015W 15 560
YHR016C 22 452
YHR017W 24 1535
YHR018C 26 1036
YHR019C 20 339
YHR020W 21 386
YHR021C 8 93
YHR021W-A 5 70
YHR022C 14 652
YHR022C-A 5 278
YHR023W 67 2068
YHR024C 20 303
YHR025W 18 445
YHR026W 11 89
YHR027C 30 374
YHR028C 36 1324
YHR028W-A 15 330
YHR029C 21 751
YHR030C 16 345
YHR031C 58 24438
YHR032W 86 3075
YHR032W-A 10 250
YHR032C-A 9 210
YHR033W 77 3514
YHR034C 45 1134
YHR035W 32 1146
YHR036W 27 2422
YHR037W 35 3025
YHR038W 1 2
YHR039C 21 679
YHR039C-A 6 44
YHR040W 29 329
YHR041C 12 146
YHR042W 31 684
YHR043C 10 189
YHR044C 11 197
YHR045W 29 646
YHR046C 27 945
YHR047C 34 1113
YHR048W 47 1653
YHR049W 23 615
YHR049C-A 13 393
YHR050W 59 5761
YHR050W-A 9 134
YHR051W 5 49
YHR052W 17 456
YHR052W-A 0 0
YHR053C 0 0
YHR054C 0 0
YHR054W-A 0 0
YHR055C 0 0
YHR056C 38 4243
YHR056W-A 15 577
YHR057C 26 567
YHR058C 17 631
YHR059W 4 118
YHR060W 5 13
YHR061C 22 512
YHR062C 6 295
YHR063C 17 621
YHR063W-A 5 70
YHR064C 6 87
YHR065C 32 861
YHR066W 12 788
YHR067W 22 240
YHR068W 22 583
YHR069C 13 313
YHR069C-A 8 235
YHR070W 59 4298
YHR070C-A 48 4021
YHR071W 17 337
YHR071C-A 13 494
YHR072W 32 543
YHR072W-A 2 15
YHR073W 56 1163
YHR073W-A 5 273
YHR073C-B 1 97
YHR074W 23 274
YHR075C 14 292
YHR076W 15 226
YHR077C 36 364
YHR078W 18 473
YHR079C 49 837
YHR079C-A 3 16
YHR080C 87 2449
YHR081W 4 92
YHR082C 55 1090
YHR083W 23 494
YHR084W 25 1450
YHR085W 10 161
YHR086W 20 451
YHR086W-A 11 584
YHR087W 20 464
YHR088W 4 18
YHR089C 10 66
YHR090C 6 43
YHR091C 37 691
YHR092C 32 677
YHR093W 9 256
YHR094C 38 1088
YHR095W 15 446
YHR096C 51 1176
YHR097C 39 1670
YHR098C 44 812
YHR099W 106 2169
YHR100C 6 82
YHR101C 13 262
YHR102W 24 455
YHR103W 33 1082
YHR104W 13 271
YHR105W 6 175
YHR106W 20 4155
YHR107C 11 84
YHR108W 33 853
YHR109W 19 204
YHR110W 6 124
YHR111W 12 196
YHR112C 28 805
YHR113W 22 828
YHR114W 29 453
YHR115C 37 2775
YHR116W 21 541
YHR117W 32 903
YHR118C 19 433
YHR119W 45 895
YHR120W 28 294
YHR121W 11 546
YHR122W 16 1029
YHR123W 18 797
YHR124W 40 958
YHR125W 5 103
YHR126C 13 505
YHR127W 10 62
YHR128W 13 891
YHR129C 19 203
YHR130C 4 14
YHR131C 30 529
YHR131W-A 4 83
YHR132C 38 988
YHR132W-A 8 567
YHR133C 15 218
YHR134W 16 373
YHR135C 50 4606
YHR136C 24 1210
YHR137W 7 150
YHR137C-A 4 126
YHR138C 14 324
YHR139C 15 254
YHR139C-A 15 705
YHR140W 26 942
YHR141C 4 10
YHR142W 23 737
YHR143W 8 393
YHR143W-A 0 0
YHR144C 15 206
YHR145C 2 9
YHR146W 12 362
YHR147C 7 90
YHR148W 12 223
YHR149C 33 566
YHR150W 39 1125
YHR151C 24 701
YHR152W 15 554
YHR153C 16 447
YHR154W 48 968
YHR155W 27 382
YHR156C 39 1135
YHR157W 7 245
YHR158C 39 991
YHR159W 37 830
YHR160C 6 588
YHR161C 62 2415
YHR162W 0 0
YHR163W 7 214
YHR164C 42 535
YHR165C 98 1618
YHR165W-A 9 98
YHR166C 40 3446
YHR167W 12 150
YHR168W 25 1333
YHR169W 21 455
YHR170W 24 818
YHR171W 15 168
YHR172W 41 5232
YHR173C 39 2233
YHR174W 31 2525
YHR175W 27 1427
YHR175W-A 1 15
YHR176W 31 630
YHR177W 22 516
YHR178W 45 1334
YHR179W 18 337
YHR180W 16 222
YHR180W-A 6 184
YHR180C-B 4 60
YHR181W 14 797
YHR182W 43 1193
YHR182C-A 10 386
YHR183W 30 657
YHR184W 20 712
YHR185C 8 90
YHR186C 61 1105
YHR187W 9 521
YHR188C 34 878
YHR189W 18 495
YHR190W 30 744
YHR191C 6 119
YHR192W 25 988
YHR193C 7 199
YHR193C-A 8 1161
YHR194W 60 2888
YHR195W 20 518
YHR196W 25 491
YHR197W 5 92
YHR198C 20 515
YHR199C 29 1030
YHR199C-A 8 95
YHR200W 21 630
YHR201C 9 101
YHR202W 34 431
YHR203C 12 184
YHR204W 55 2213
YHR205W 27 404
YHR206W 29 388
YHR207C 39 858
YHR208W 20 222
YHR209W 14 167
YHR210C 20 780
YHR211W 40 525
YHR212C 0 0
YHR212W-A 0 0
YHR213W 0 0
YHR213W-A 0 0
YHR213W-B 14 141
YHR214W 0 0
YHR214W-A 0 0
YHR214C-D 0 0
YHR214C-E 2 17
YHR215W 2 3
YHR216W 26 746
YHR217C 19 133
YHR218W 0 0
YHR218W-A 0 0
YHR219W 0 0
YHR219C-A 0 0
YIL177C 0 0
YIL177W-A 0 0
YIL176C 0 0
YIL173W 1 3
YIL172C 0 0
YIL171W-A 0 0
YIL169C 14 261
YIL166C 20 785
YIL165C 11 296
YIL164C 23 549
YIL163C 24 1925
YIL162W 69 3976
YIL161W 8 206
YIL160C 30 697
YIL159W 69 1523
YIL158W 22 2227
YIL157C 13 326
YIL156W-A 9 135
YIL156W-B 12 402
YIL156W 65 4439
YIL155C 85 4962
YIL154C 100 22727
YIL153W 32 711
YIL152W 21 862
YIL151C 37 320
YIL150C 28 689
YIL149C 48 1566
YIL148W 4 69
YIL147C 33 835
YIL146C 7 243
YIL145C 14 263
YIL144W 14 488
YIL143C 41 1248
YIL142C-A 7 234
YIL142W 39 719
YIL141W 11 707
YIL140W 29 1157
YIL139C 27 831
YIL138C 3 148
YIL137C 51 1371
YIL136W 29 354
YIL135C 35 1044
YIL134C-A 14 420
YIL134W 17 191
YIL133C 9 76
YIL132C 22 676
YIL131C 38 1884
YIL130W 55 256923
YIL129C 77 1489
YIL128W 28 1348
YIL127C 7 141
YIL126W 43 1106
YIL125W 94 3194
YIL124W 10 78
YIL123W 56 1984
YIL122W 26 837
YIL121W 34 1367
YIL120W 56 3043
YIL119C 22 548
YIL118W 16 379
YIL117C 19 382
YIL116W 15 255
YIL115W-A 3 38
YIL115C 42 938
YIL114C 4 463
YIL113W 29 1524
YIL112W 39 2973
YIL111W 11 182
YIL110W 16 544
YIL109C 55 1362
YIL108W 56 3090
YIL107C 37 1050
YIL106W 17 332
YIL105C 58 2117
YIL105W-A 3 11
YIL104C 27 522
YIL103W 26 562
YIL102C-A 2 6
YIL102C 2 266
YIL101C 60 2613
YIL100C-A 47 4031
YIL100W 48 4219
YIL099W 48 899
YIL098C 9 56
YIL097W 21 1042
YIL096C 20 34528
YIL095W 37 790
YIL094C 18 3866
YIL093C 15 217
YIL092W 50 1788
YIL091C 37 1004
YIL090W 19 290
YIL089W 12 562
YIL088C 33 834
YIL087C 8 199
YIL086C 12 153
YIL085C 51 1155
YIL084C 16 321
YIL083C 16 507
YIL082W 16 219
YIL079C 19 1075
YIL078W 30 940
YIL077C 44 1850
YIL076W 7 85
YIL075C 36 409
YIL074C 53 916
YIL073C 32 967
YIL072W 14 241
YIL071W-A 2 91
YIL071C 14 252
YIL070C 7 17
YIL069C 7 141
YIL068W-A 15 248
YIL068C 32 791
YIL067C 49 1715
YIL066W-A 10 339
YIL066C 34 829
YIL065C 26 494
YIL064W 33 3396
YIL063C 18 1125
YIL062C 10 225
YIL061C 12 109
YIL060W 2 25
YIL059C 3 29
YIL058W 14 359
YIL057C 18 231
YIL056W 43 1293
YIL055C 41 1341
YIL054W 38 10599
YIL053W 22 534
YIL052C 0 0
YIL051C 14 1219
YIL050W 12 148
YIL049W 25 587
YIL048W 38 544
YIL047C-A 7 275
YIL047C 71 1567
YIL046W-A 43 4798
YIL046W 61 1242
YIL045W 31 871
YIL044C 10 261
YIL043C 30 762
YIL042C 29 454
YIL041W 22 723
YIL040W 7 156
YIL039W 22 415
YIL038C 23 313
YIL037C 19 316
YIL036W 37 897
YIL035C 26 715
YIL034C 36 763
YIL033C 33 694
YIL032C 13 262
YIL031W 38 1081
YIL030W-A 4 66
YIL030C 58 1361
YIL029W-A 9 119
YIL029C 4 790
YIL028W 2 8
YIL027C 10 87
YIL026C 38 1057
YIL025C 4 45
YIL024C 10 86
YIL023C 30 670
YIL022W 22 651
YIL021W 18 310
YIL021C-A 3 119
YIL020C-A 8 56
YIL020C 18 723
YIL019W 14 322
YIL018W 2 5
YIL017C 53 950
YIL016W 4 69
YIL015W 31 1040
YIL014C-A 4 13
YIL014W 20 227
YIL013C 43 885
YIL012W 26 4430
YIL011W 6 293
YIL010W 16 244
YIL009C-A 19 720
YIL009W 54 11909
YIL008W 6 172
YIL007C 23 425
YIL006W 27 1306
YIL005W 46 2090
YIL004C 14 400
YIL003W 36 580
YIL002W-A 4 13
YIL002C 87 6097
YIL001W 94 4103
YIR001C 32 1832
YIR002C 77 3568
YIR003W 44 1043
YIR004W 13 185
YIR005W 16 131
YIR006C 68 2772
YIR007W 30 997
YIR008C 8 108
YIR009W 4 51
YIR010W 32 867
YIR011C 2 17
YIR012W 17 247
YIR013C 2 52
YIR014W 20 355
YIR015W 34 1511
YIR016W 26 737
YIR017C 43 2409
YIR017W-A 45 2768
YIR018W 22 662
YIR018C-A 9 96
YIR019C 29 1230
YIR020C 12 374
YIR020W-A 13 870
YIR020C-B 13 244
YIR021W 22 562
YIR021W-A 14 1384
YIR022W 5 10
YIR023W 33 626
YIR023C-A 1 38
YIR024C 6 133
YIR025W 17 219
YIR026C 16 376
YIR027C 14 88
YIR028W 40 7074
YIR029W 14 349
YIR030C 8 93
YIR030W-A 5 315
YIR031C 23 641
YIR032C 18 801
YIR033W 29 626
YIR034C 29 4106
YIR035C 27 761
YIR036C 17 560
YIR036W-A 16 631
YIR037W 5 156
YIR038C 16 1703
YIR039C 12 95
YIR040C 2 60
YIR041W 0 0
YIR042C 8 314
YJL225C 0 0
YJL225W-A 0 0
YJL223C 0 0
YJL222W-B 0 0
YJL222W-A 0 0
YJL222W 5 60
YJL221C 0 0
YJL220W 0 0
YJL219W 11 568
YJL218W 7 519
YJL217W 10 450
YJL216C 35 578
YJL215C 15 84
YJL214W 31 1193
YJL213W 16 397
YJL212C 53 923
YJL211C 44 4282
YJL210W 46 2848
YJL209W 37 1001
YJL208C 25 578
YJL207C 83 2681
YJL206C 34 600
YJL205C 10 210
YJL204C 18 340
YJL203W 7 27
YJL202C 12 2129
YJL201W 27 567
YJL200C 66 1502
YJL199C 10 439
YJL198W 37 740
YJL197W 67 1212
YJL197C-A 2 5
YJL196C 28 1897
YJL195C 11 195
YJL194W 19 362
YJL193W 9 322
YJL192C 22 2634
YJL191W 53 5460
YJL190C 9 188
YJL189W 7 176
YJL188C 6 152
YJL187C 43 914
YJL186W 35 1502
YJL185C 20 359
YJL184W 9 124
YJL183W 36 906
YJL182C 13 220
YJL181W 34 2791
YJL180C 14 149
YJL179W 6 85
YJL178C 15 864
YJL177W 5 36
YJL176C 11 130
YJL175W 5 27
YJL174W 7 148
YJL173C 0 0
YJL172W 35 1143
YJL171C 15 343
YJL170C 19 974
YJL169W 6 89
YJL168C 43 1554
YJL167W 17 124
YJL166W 8 129
YJL165C 43 1747
YJL164C 18 567
YJL163C 42 926
YJL162C 26 694
YJL161W 23 932
YJL160C 15 397
YJL159W 2 13
YJL158C 38 583
YJL157C 99 3451
YJL156W-A 19 403
YJL156C 69 2950
YJL155C 31 2337
YJL154C 47 1406
YJL153C 25 778
YJL152W 30 1624
YJL151C 20 896
YJL150W 29 4629
YJL149W 32 1160
YJL148W 6 252
YJL147C 21 311
YJL146W 25 892
YJL145W 19 350
YJL144W 13 256
YJL143W 7 65
YJL142C 3 190
YJL141C 49 1841
YJL140W 8 117
YJL139C 26 785
YJL138C 5 101
YJL137C 36 1338
YJL136W-A 7 51
YJL136C 4 10
YJL135W 14 1614
YJL134W 19 336
YJL133C-A 14 424
YJL133W 38 1691
YJL132W 50 735
YJL131C 11 180
YJL130C 139 6785
YJL129C 52 1247
YJL128C 38 12213
YJL127W-A 9 325
YJL127C-B 5 70
YJL127C 64 2196
YJL126W 23 610
YJL125C 24 518
YJL124C 9 61
YJL123C 27 789
YJL122W 8 150
YJL121C 16 302
YJL120W 10 113
YJL119C 21 723
YJL118W 27 1142
YJL117W 16 388
YJL116C 22 826
YJL115W 10 384
YJL112W 44 1923
YJL111W 21 244
YJL110C 16 799
YJL109C 53 1218
YJL108C 14 244
YJL107C 31 904
YJL106W 31 859
YJL105W 22 226
YJL104W 3 134
YJL103C 33 1063
YJL102W 38 588
YJL101C 44 1210
YJL100W 39 683
YJL099W 43 2251
YJL098W 59 1649
YJL097W 12 288
YJL096W 5 26
YJL095W 52 1116
YJL094C 44 20534
YJL093C 27 600
YJL092W 37 752
YJL091C 11 31
YJL090C 27 879
YJL089W 23 544
YJL088W 30 633
YJL087C 14 523
YJL086C 10 204
YJL085W 27 487
YJL084C 27 905
YJL083W 50 1512
YJL082W 50 1050
YJL081C 8 58
YJL080C 48 1019
YJL079C 13 3317
YJL078C 112 9862
YJL077W-B 4 110
YJL077C 39 9524
YJL077W-A 6 154
YJL076W 47 1160
YJL075C 4 64
YJL074C 27 557
YJL073W 28 930
YJL072C 9 293
YJL071W 25 523
YJL070C 33 651
YJL069C 21 332
YJL068C 24 706
YJL067W 10 294
YJL066C 25 602
YJL065C 15 449
YJL064W 9 343
YJL063C 12 403
YJL062W-A 18 423
YJL062W 23 544
YJL061W 9 145
YJL060W 12 210
YJL059W 29 548
YJL058C 31 595
YJL057C 19 681
YJL056C 52 752
YJL055W 14 526
YJL054W 25 641
YJL053W 11 244
YJL052C-A 26 3621
YJL052W 27 948
YJL051W 48 1286
YJL050W 36 902
YJL049W 12 182
YJL048C 28 406
YJL047C-A 3 49
YJL047C 35 1108
YJL046W 17 720
YJL045W 40 1098
YJL044C 19 387
YJL043W 62 18180
YJL042W 59 1534
YJL041W 9 88
YJL039C 34 535
YJL038C 0 0
YJL037W 20 522
YJL036W 13 454
YJL035C 29 812
YJL034W 35 938
YJL033W 23 258
YJL032W 3 29
YJL031C 4 38
YJL030W 14 763
YJL029C 30 596
YJL028W 29 80114
YJL027C 48 19759
YJL026W 17 251
YJL026C-A 5 95
YJL025W 29 770
YJL024C 9 94
YJL023C 15 187
YJL022W 5 40
YJL020C 54 1798
YJL020W-A 2 30
YJL019W 48 822
YJL016W 36 661
YJL015C 18 1158
YJL014W 14 288
YJL013C 12 100
YJL012C 47 813
YJL011C 4 182
YJL010C 9 343
YJL009W 5 133
YJL008C 17 242
YJL007C 19 2683
YJL006C 14 211
YJL005W 69 1075
YJL004C 30 1352
YJL003W 4 35
YJL002C 37 1199
YJL001W 41 713
YJR001W 121 9309
YJR002W 33 540
YJR003C 34 774
YJR004C 48 1261
YJR005W 31 609
YJR005C-A 3 96
YJR006W 12 252
YJR007W 3 9
YJR008W 39 5218
YJR009C 23 1316
YJR010W 39 5538
YJR010C-A 7 61
YJR011C 15 283
YJR012C 14 251
YJR013W 21 605
YJR014W 7 163
YJR015W 27 962
YJR016C 20 490
YJR017C 15 277
YJR018W 12 112
YJR019C 32 618
YJR020W 14 372
YJR021C 29 961
YJR022W 1 6
YJR023C 1 6
YJR024C 14 235
YJR025C 5 121
YJR030C 48 1233
YJR031C 42 756
YJR032W 13 303
YJR033C 37 820
YJR034W 12 238
YJR035W 35 799
YJR036C 28 698
YJR037W 2 125
YJR038C 13 80
YJR039W 57 1261
YJR040W 17 196
YJR041C 11 100
YJR042W 19 431
YJR043C 21 504
YJR044C 5 148
YJR045C 18 471
YJR046W 29 585
YJR047C 14 304
YJR048W 21 404
YJR049C 39 909
YJR050W 8 522
YJR051W 26 972
YJR052W 20 377
YJR053W 18 670
YJR054W 12 203
YJR055W 10 211
YJR056C 9 186
YJR057W 8 202
YJR058C 15 433
YJR059W 48 1369
YJR060W 16 165
YJR061W 54 1226
YJR062C 13 223
YJR063W 6 120
YJR064W 35 1136
YJR065C 23 337
YJR066W 107 4811
YJR067C 7 157
YJR068W 10 146
YJR069C 12 485
YJR070C 14 322
YJR071W 10 140
YJR072C 29 787
YJR073C 20 508
YJR074W 39 557
YJR075W 25 765
YJR076C 18 466
YJR077C 41 788
YJR078W 63 2469
YJR079W 17 678
YJR080C 17 1359
YJR082C 7 343
YJR083C 12 130
YJR084W 20 229
YJR085C 9 464
YJR086W 7 145
YJR087W 8 983
YJR088C 20 1314
YJR089W 42 725
YJR090C 20 276
YJR091C 45 1194
YJR092W 55 1512
YJR093C 27 1495
YJR094C 21 554
YJR094W-A 7 1223
YJR095W 27 343
YJR096W 23 532
YJR097W 5 69
YJR098C 21 267
YJR099W 7 54
YJR100C 30 571
YJR101W 10 438
YJR102C 17 711
YJR103W 76 5913
YJR104C 21 332
YJR105W 41 1380
YJR106W 23 386
YJR107W 20 425
YJR108W 20 1364
YJR109C 56 1397
YJR110W 57 1662
YJR111C 32 605
YJR112W 13 560
YJR112W-A 22 4543
YJR113C 28 408
YJR114W 20 296
YJR115W 42 1385
YJR116W 24 1458
YJR117W 34 2244
YJR118C 5 125
YJR119C 59 1698
YJR120W 25 719
YJR121W 28 269
YJR122W 33 837
YJR123W 2 3
YJR124C 33 734
YJR125C 28 1060
YJR126C 39 487
YJR127C 98 5116
YJR128W 22 3961
YJR129C 59 2922
YJR130C 26 468
YJR131W 40 1479
YJR132W 25 330
YJR133W 8 289
YJR134C 22 720
YJR135C 22 302
YJR135W-A 2 5
YJR136C 4 29
YJR137C 70 2550
YJR138W 68 1812
YJR139C 18 399
YJR140C 37 1036
YJR140W-A 1 5
YJR141W 1 1
YJR142W 32 1964
YJR143C 23 300
YJR144W 19 379
YJR145C 4 146
YJR146W 19 295
YJR147W 26 2076
YJR148W 54 1333
YJR149W 22 454
YJR150C 10 99
YJR151C 18 298
YJR151W-A 0 0
YJR152W 21 577
YJR153W 11 231
YJR154W 24 431
YJR155W 15 612
YJR156C 6 390
YJR157W 0 0
YJR158W 0 0
YJR159W 0 0
YJR160C 3 19
YJR161C 1 3
YJR162C 7 51
YKL225W 5 22
YKL224C 0 0
YKL223W 7 75
YKL222C 31 733
YKL221W 26 1207
YKL220C 31 704
YKL219W 13 219
YKL218C 43 1118
YKL217W 74 3658
YKL216W 9 224
YKL215C 84 2518
YKL214C 11 322
YKL213C 30 484
YKL212W 18 541
YKL211C 33 641
YKL210W 34 874
YKL209C 56 3205
YKL208W 22 334
YKL207W 21 285
YKL206C 15 276
YKL205W 42 3147
YKL204W 20 209
YKL203C 110 2369
YKL202W 3 32
YKL201C 58 1137
YKL198C 268 58452
YKL197C 76 2036
YKL196C 11 124
YKL195W 13 304
YKL194C 26 759
YKL193C 23 496
YKL192C 7 88
YKL191W 29 402
YKL190W 3 290
YKL189W 11 71
YKL188C 43 1006
YKL187C 80 4088
YKL186C 35 5472
YKL185W 43 961
YKL184W 20 1152
YKL183C-A 30 7634
YKL183W 73 7511
YKL182W 159 3718
YKL181W 19 381
YKL180W 6 287
YKL179C 16 439
YKL178C 29 1956
YKL177W 9 425
YKL176C 42 882
YKL175W 54 1186
YKL174C 20 528
YKL173W 30 285
YKL172W 3 5
YKL171W 55 11523
YKL170W 12 135
YKL169C 11 134
YKL168C 36 1008
YKL167C 9 172
YKL166C 17 134
YKL165C-A 7 67
YKL165C 49 987
YKL164C 4 30
YKL163W 7 148
YKL162C-A 4 21
YKL162C 22 487
YKL161C 11 212
YKL160W 4 69
YKL159C 10 178
YKL157W 70 7981
YKL156W 7 129
YKL156C-A 0 0
YKL155C 27 338
YKL154W 17 598
YKL153W 20 237
YKL152C 28 314
YKL151C 35 2243
YKL150W 43 2334
YKL149C 16 230
YKL148C 111 5474
YKL147C 50 2806
YKL146W 56 3459
YKL145W 21 602
YKL145W-A 1 14
YKL144C 13 202
YKL143W 22 321
YKL142W 5 74
YKL141W 12 384
YKL140W 15 351
YKL139W 10 95
YKL138C-A 3 17
YKL138C 9 723
YKL137W 3 91
YKL136W 6 37
YKL135C 35 965
YKL134C 29 968
YKL133C 26 2174
YKL132C 28 639
YKL131W 6 104
YKL130C 3 44
YKL129C 58 3924
YKL128C 34 1356
YKL127W 29 1029
YKL126W 19 338
YKL125W 25 255
YKL124W 31 563
YKL123W 4 142
YKL122C 12 1540
YKL121W 36 10509
YKL120W 31 713
YKL119C 14 414
YKL118W 9 296
YKL117W 10 195
YKL116C 25 498
YKL115C 3 38
YKL114C 29 977
YKL113C 14 145
YKL112W 41 3271
YKL111C 4 21
YKL110C 33 1380
YKL109W 69 1108
YKL108W 23 234
YKL107W 15 471
YKL106C-A 5 100
YKL106W 18 542
YKL105C 49 1560
YKL104C 33 995
YKL103C 35 1311
YKL102C 22 535
YKL101W 70 2130
YKL100C 35 753
YKL100W-A 2 20
YKL099C 6 459
YKL098W 20 442
YKL097C 35 771
YKL096C-B 0 0
YKL096W-A 0 0
YKL096W 47 2037
YKL095W 16 406
YKL094W 42 1216
YKL093W 15 199
YKL092C 26 374
YKL091C 14 225
YKL090W 33 861
YKL089W 12 126
YKL088W 14 301
YKL087C 25 3595
YKL086W 45 3391
YKL085W 26 312
YKL084W 23 2162
YKL083W 6 3850
YKL082C 8 222
YKL081W 29 1223
YKL080W 12 229
YKL079W 49 1982
YKL078W 10 175
YKL077W 23 415
YKL076C 4 129
YKL075C 17 496
YKL074C 24 437
YKL073W 21 567
YKL072W 39 396
YKL071W 8 58
YKL070W 3 7
YKL069W 11 158
YKL068W-A 5 14
YKL068W 34 502
YKL067W 6 80
YKL066W 18 795
YKL065W-A 7 98
YKL065C 11 53
YKL064W 53 3572
YKL063C 10 274
YKL062W 28 501
YKL061W 6 131
YKL060C 32 988
YKL059C 23 430
YKL058W 2 15
YKL057C 29 1002
YKL056C 9 419
YKL055C 15 125
YKL054C 15 219
YKL053C-A 6 18
YKL053W 13 380
YKL052C 33 423
YKL051W 30 732
YKL050C 49 752
YKL049C 7 75
YKL048C 3 13
YKL047W 33 618
YKL046C 31 1320
YKL045W 32 631
YKL044W 11 456
YKL043W 22 335
YKL042W 9 97
YKL041W 2 33
YKL040C 11 335
YKL039W 45 1029
YKL038W 86 12035
YKL037W 39 1254
YKL036C 29 961
YKL035W 29 992
YKL034W 46 1059
YKL033W-A 14 355
YKL033W 35 608
YKL032C 27 458
YKL031W 26 1744
YKL030W 43 2310
YKL029C 130 4277
YKL028W 15 221
YKL027W 33 547
YKL026C 11 1051
YKL025C 35 677
YKL024C 17 282
YKL023C-A 5 145
YKL023W 13 163
YKL022C 37 692
YKL021C 21 362
YKL020C 40 1404
YKL019W 19 201
YKL018C-A 7 128
YKL018W 14 144
YKL017C 23 343
YKL016C 6 137
YKL015W 41 811
YKL014C 37 361
YKL013C 2 9
YKL012W 24 260
YKL011C 28 778
YKL010C 65 1515
YKL009W 10 111
YKL008C 29 1237
YKL007W 22 554
YKL006C-A 14 169
YKL006W 3 44
YKL005C 57 1264
YKL004W 37 1326
YKL003C 12 414
YKL002W 30 428
YKL001C 10 423
YKR001C 35 1514
YKR002W 32 586
YKR003W 85 2406
YKR004C 37 405
YKR005C 52 1964
YKR006C 5 447
YKR007W 7 87
YKR008W 18 227
YKR009C 70 2899
YKR010C 28 463
YKR011C 19 2182
YKR012C 17 233
YKR013W 16 330
YKR014C 2 26
YKR015C 24 453
YKR016W 22 352
YKR017C 14 1755
YKR018C 24 500
YKR019C 30 362
YKR020W 4 191
YKR021W 49 1211
YKR022C 9 40
YKR023W 17 678
YKR024C 25 868
YKR025W 10 271
YKR026C 15 192
YKR027W 46 4351
YKR028W 56 1237
YKR029C 14 125
YKR030W 7 54
YKR031C 59 2224
YKR032W 21 1379
YKR033C 7 107
YKR034W 12 241
YKR035C 5 194
YKR035W-A 5 194
YKR036C 42 1178
YKR037C 10 143
YKR038C 20 268
YKR039W 24 772
YKR040C 34 954
YKR041W 64 7565
YKR042W 15 538
YKR043C 24 992
YKR044W 45 1606
YKR045C 21 411
YKR046C 28 932
YKR047W 15 189
YKR048C 30 822
YKR049C 17 322
YKR050W 34 77127
YKR051W 36 539
YKR052C 12 115
YKR053C 34 1963
YKR054C 144 5287
YKR055W 18 556
YKR056W 32 919
YKR057W 8 33
YKR058W 19 261
YKR059W 4 91
YKR060W 22 2092
YKR061W 54 1736
YKR062W 6 116
YKR063C 17 359
YKR064W 45 1077
YKR065C 5 23
YKR066C 19 271
YKR067W 55 1730
YKR068C 15 285
YKR069W 41 1339
YKR070W 17 1540
YKR071C 11 939
YKR072C 30 540
YKR073C 24 1869
YKR074W 17 884
YKR075C 26 586
YKR075W-A 13 407
YKR076W 27 459
YKR077W 8 938
YKR078W 35 532
YKR079C 38 1061
YKR080W 26 458
YKR081C 8 218
YKR082W 34 613
YKR083C 7 112
YKR084C 22 595
YKR085C 14 363
YKR086W 45 1032
YKR087C 16 559
YKR088C 26 1103
YKR089C 37 796
YKR090W 37 1671
YKR091W 13 217
YKR092C 15 799
YKR093W 76 1677
YKR094C 9 325
YKR095W 40 964
YKR095W-A 14 218
YKR096W 62 1824
YKR097W 57 3028
YKR098C 35 860
YKR099W 34 1001
YKR100C 16 522
YKR101W 34 646
YKR102W 42 2193
YKR103W 39 765
YKR104W 9 288
YKR105C 4 25
YKR106W 5 110
YLL067C 0 0
YLL067W-A 0 0
YLL066W-B 6 31
YLL066C 0 0
YLL066W-A 0 0
YLL065W 4 1094
YLL064C 0 0
YLL063C 38 873
YLL062C 12 49
YLL061W 30 694
YLL060C 24 25013
YLL059C 35 1466
YLL058W 19 727
YLL057C 32 1226
YLL056C 12 297
YLL055W 19 251
YLL054C 18 374
YLL053C 15 436
YLL052C 8 118
YLL051C 56 1799
YLL050C 8 99
YLL049W 15 349
YLL048C 74 1961
YLL047W 7 355
YLL046C 7 342
YLL045C 19 469
YLL044W 21 456
YLL043W 18 344
YLL042C 9 122
YLL041C 27 1349
YLL040C 148 3785
YLL039C 36 513
YLL038C 22 618
YLL037W 5 59
YLL036C 9 185
YLL035W 19 349
YLL034C 15 301
YLL033W 7 76
YLL032C 24 405
YLL031C 30 521
YLL030C 13 912
YLL029W 103 9683
YLL028W 68 5983
YLL027W 13 641
YLL026W 74 3100
YLL025W 7 246
YLL024C 19 5534
YLL023C 25 796
YLL022C 31 757
YLL021W 48 1191
YLL020C 2 3
YLL019C 22 280
YLL019W-A 0 0
YLL018C-A 3 29
YLL018C 31 496
YLL015W 47 1110
YLL014W 5 34
YLL013C 62 2004
YLL012W 50 1981
YLL011W 24 260
YLL010C 38 1216
YLL009C 1 2
YLL008W 15 346
YLL007C 11 206
YLL006W-A 12 233
YLL006W 13 161
YLL005C 33 458
YLL004W 26 543
YLL003W 28 580
YLL002W 27 824
YLL001W 95 2588
YLR001C 97 10478
YLR002C 15 641
YLR003C 7 104
YLR004C 50 2308
YLR005W 30 820
YLR006C 44 5120
YLR007W 22 838
YLR008C 7 307
YLR009W 3 31
YLR010C 2 25
YLR011W 16 201
YLR012C 7 96
YLR013W 4 18
YLR014C 40 1510
YLR015W 22 410
YLR016C 12 437
YLR017W 14 397
YLR018C 14 159
YLR019W 49 2786
YLR020C 21 299
YLR021W 14 149
YLR022C 16 527
YLR023C 33 721
YLR024C 132 7552
YLR025W 10 267
YLR026C 2 4
YLR027C 33 913
YLR028C 64 3524
YLR029C 5 83
YLR030W 12 154
YLR031W 6 48
YLR032W 31 864
YLR033W 9 236
YLR034C 20 6821
YLR035C 28 492
YLR036C 6 51
YLR037C 11 174
YLR038C 10 120
YLR039C 38 1370
YLR040C 12 179
YLR041W 8 103
YLR042C 9 214
YLR043C 3 79
YLR044C 57 2227
YLR045C 56 1850
YLR046C 12 131
YLR047C 33 657
YLR048W 9 106
YLR049C 14 473
YLR050C 9 160
YLR051C 11 344
YLR052W 2 19
YLR053C 3 13
YLR054C 34 1033
YLR055C 35 838
YLR056W 24 953
YLR057W 52 860
YLR058C 33 1786
YLR059C 49 6760
YLR060W 37 1007
YLR061W 6 74
YLR062C 2 43
YLR063W 18 278
YLR064W 5 128
YLR065C 2 19
YLR066W 13 122
YLR067C 40 589
YLR068W 11 474
YLR069C 40 799
YLR070C 35 635
YLR071C 31 472
YLR072W 25 235
YLR073C 25 860
YLR074C 29 1932
YLR075W 7 51
YLR076C 2 13
YLR077W 45 2020
YLR078C 18 178
YLR079W 15 351
YLR080W 47 2130
YLR081W 86 20110
YLR082C 21 346
YLR083C 33 540
YLR084C 72 8628
YLR085C 53 2804
YLR086W 37 934
YLR087C 127 3411
YLR088W 30 367
YLR089C 13 238
YLR090W 30 1323
YLR091W 31 1657
YLR092W 67 2290
YLR093C 13 158
YLR094C 57 1681
YLR095C 54 1304
YLR096W 32 539
YLR097C 14 324
YLR098C 29 959
YLR099C 38 707
YLR099W-A 27 891
YLR100W 30 1237
YLR101C 17 174
YLR102C 14 219
YLR103C 19 386
YLR104W 4 99
YLR105C 15 410
YLR106C 131 1817
YLR107W 25 1755
YLR108C 29 1350
YLR109W 21 417
YLR110C 4 32
YLR111W 14 2070
YLR112W 43 1659
YLR113W 49 1622
YLR114C 38 754
YLR115W 33 952
YLR116W 26 534
YLR117C 36 1147
YLR118C 10 114
YLR119W 14 235
YLR120C 50 955
YLR120W-A 6 65
YLR121C 33 469
YLR122C 5 74
YLR123C 4 72
YLR124W 4 62
YLR125W 3 47
YLR126C 6 79
YLR127C 29 579
YLR128W 13 260
YLR129W 24 356
YLR130C 42 1302
YLR131C 49 1101
YLR132C 14 306
YLR133W 15 135
YLR134W 27 543
YLR135W 35 703
YLR136C 10 152
YLR137W 58 1276
YLR138W 47 949
YLR139C 20 317
YLR140W 20 1715
YLR141W 89 4255
YLR142W 33 672
YLR143W 19 329
YLR144C 30 502
YLR145W 3 53
YLR146C 17 280
YLR146W-A 7 275
YLR147C 4 4
YLR148W 39 1018
YLR149C 22 457
YLR149C-A 1 6
YLR150W 8 124
YLR151C 14 2475
YLR152C 14 108
YLR153C 38 831
YLR154C 10 165
YLR154W-A 0 0
YLR154W-B 0 0
YLR154W-C 0 0
YLR154W-E 0 0
YLR154W-F 0 0
YLR154C-G 0 0
YLR154C-H 0 0
YLR155C 0 0
YLR156W 0 0
YLR156C-A 0 0
YLR157C 0 0
YLR157W-D 0 0
YLR157W-E 0 0
YLR157C-C 0 0
YLR158C 0 0
YLR159W 0 0
YLR159C-A 0 0
YLR160C 0 0
YLR161W 0 0
YLR162W 1 2
YLR162W-A 2 35
YLR163C 28 386
YLR163W-A 1 32
YLR164W 6 92
YLR165C 6 8
YLR166C 17 177
YLR167W 17 381
YLR168C 25 539
YLR169W 26 2633
YLR170C 17 1143
YLR171W 17 452
YLR172C 31 769
YLR173W 60 1872
YLR174W 36 805
YLR175W 29 517
YLR176C 36 437
YLR177W 33 1252
YLR178C 18 220
YLR179C 26 1835
YLR180W 25 340
YLR181C 31 627
YLR182W 19 209
YLR183C 28 613
YLR184W 8 209
YLR185W 6 143
YLR186W 24 690
YLR187W 31 663
YLR188W 36 734
YLR189C 64 1350
YLR190W 25 820
YLR191W 15 313
YLR192C 6 56
YLR193C 11 52
YLR194C 25 339
YLR195C 20 378
YLR196W 40 624
YLR197W 6 16
YLR198C 0 0
YLR199C 21 631
YLR200W 0 0
YLR201C 17 347
YLR202C 22 1225
YLR203C 27 393
YLR204W 7 59
YLR205C 44 1125
YLR206W 23 200
YLR207W 52 414310
YLR208W 10 415
YLR209C 25 555
YLR210W 18 250
YLR211C 5 46
YLR212C 12 150
YLR213C 63 2895
YLR214W 31 656
YLR215C 15 149
YLR216C 18 2493
YLR217W 15 2583
YLR218C 18 598
YLR219W 24 671
YLR220W 12 736
YLR221C 8 95
YLR222C 21 381
YLR222C-A 1 2
YLR223C 42 790
YLR224W 15 141
YLR225C 17 393
YLR226W 13 214
YLR227C 24 1001
YLR228C 29 732
YLR229C 5 387
YLR230W 1 28
YLR231C 32 1389
YLR232W 8 358
YLR233C 36 1039
YLR234W 84 2198
YLR235C 39 1275
YLR236C 37 1412
YLR237W 53 1564
YLR238W 17 359
YLR239C 10 166
YLR240W 29 623
YLR241W 28 467
YLR242C 17 177
YLR243W 7 72
YLR244C 26 609
YLR245C 16 131
YLR246W 22 209
YLR247C 69 1918
YLR248W 38 1546
YLR249W 49 543
YLR250W 20 648
YLR251W 7 86
YLR252W 3 50
YLR253W 46 561
YLR254C 19 828
YLR255C 46 1317
YLR256W 110 1714
YLR257W 32 397
YLR258W 73 1999
YLR259C 27 700
YLR260W 38 1146
YLR261C 4 27
YLR262C 13 262
YLR262C-A 2 8
YLR263W 22 334
YLR264W 2 14
YLR264C-A 2 15
YLR265C 6 68
YLR266C 37 826
YLR267W 29 8812
YLR268W 14 134
YLR269C 26 1125
YLR270W 10 204
YLR271W 15 209
YLR272C 43 1018
YLR273C 31 528
YLR274W 31 511
YLR275W 4 59
YLR276C 10 61
YLR277C 29 648
YLR278C 54 1278
YLR279W 40 1861
YLR280C 17 708
YLR281C 18 713
YLR282C 14 856
YLR283W 22 1061
YLR284C 2 104
YLR285W 5 36
YLR285C-A 5 52
YLR286C 7 313
YLR286W-A 0 0
YLR287C 11 80
YLR287C-A 5 92
YLR288C 24 656
YLR289W 45 603
YLR290C 5 144
YLR291C 12 270
YLR292C 15 425
YLR293C 10 34
YLR294C 18 414
YLR295C 6 50
YLR296W 28 2788
YLR297W 19 939
YLR298C 26 1443
YLR299W 100 8747
YLR299C-A 7 191
YLR300W 31 1132
YLR301W 11 173
YLR302C 26 1312
YLR303W 24 347
YLR304C 98 2820
YLR305C 66 1588
YLR306W 14 978
YLR307W 11 222
YLR307C-A 2 9
YLR308W 19 488
YLR309C 30 802
YLR310C 48 2245
YLR311C 8 26
YLR312C 23 752
YLR312W-A 21 413
YLR313C 37 1442
YLR314C 30 757
YLR315W 13 112
YLR316C 38 1333
YLR317W 12 322
YLR318W 54 2210
YLR319C 20 242
YLR320W 36 992
YLR321C 29 1115
YLR322W 9 189
YLR323C 11 214
YLR324W 24 429
YLR325C 6 111
YLR326W 20 714
YLR327C 6 357
YLR328W 28 530
YLR329W 9 199
YLR330W 49 2094
YLR331C 2 9
YLR332W 12 143
YLR333C 21 337
YLR334C 14 620
YLR335W 16 1752
YLR336C 37 656
YLR337C 35 290
YLR338W 9 40
YLR339C 5 141
YLR340W 7 155
YLR341W 15 871
YLR342W 68 781
YLR342W-A 2 4
YLR343W 29 602
YLR344W 11 212
YLR345W 38 1106
YLR346C 9 133
YLR347C 41 824
YLR347W-A 0 0
YLR348C 68 13121
YLR349W 44 3995
YLR350W 14 303
YLR351C 22 830
YLR352W 49 1583
YLR353W 35 465
YLR354C 27 1329
YLR355C 55 1732
YLR356W 8 76
YLR357W 65 1765
YLR358C 17 227
YLR359W 17 202
YLR360W 22 632
YLR361C 46 1995
YLR361C-A 9 44
YLR362W 38 1017
YLR363C 5 21
YLR363W-A 3 122
YLR364W 2 34
YLR365W 8 231
YLR364C-A 9 257
YLR366W 29 880
YLR367W 37 1418
YLR368W 35 986
YLR369W 21 476
YLR370C 9 215
YLR371W 56 1219
YLR372W 10 95
YLR373C 32 989
YLR374C 28 3049
YLR375W 42 3306
YLR376C 22 480
YLR377C 51 3252
YLR378C 51 1358
YLR379W 14 208
YLR380W 39 721
YLR381W 26 483
YLR382C 45 643
YLR383W 34 677
YLR384C 44 986
YLR385C 9 474
YLR386W 24 492
YLR387C 23 335
YLR388W 7 63
YLR389C 82 2641
YLR390W 11 866
YLR390W-A 6 153
YLR392C 29 479
YLR393W 5 30
YLR394W 13 209
YLR395C 3 35
YLR396C 56 2181
YLR397C 43 828
YLR398C 51 597
YLR399C 30 291
YLR399W-A 1 1
YLR400W 28 7930
YLR401C 73 3501
YLR402W 2 27
YLR403W 31 532
YLR404W 18 198
YLR405W 40 1682
YLR406C 7 169
YLR406C-A 6 2041
YLR407W 4 91
YLR408C 13 1498
YLR409C 60 1903
YLR410W 82 1980
YLR411W 27 525
YLR412W 16 212
YLR412C-A 1 1
YLR413W 39 1476
YLR414C 36 1175
YLR415C 48 3062
YLR416C 32 3413
YLR417W 60 1634
YLR418C 11 49
YLR419W 44 3221
YLR420W 15 1982
YLR421C 10 174
YLR422W 76 2208
YLR423C 5 22
YLR424W 26 279
YLR425W 51 1462
YLR426W 11 125
YLR427W 32 680
YLR428C 22 1286
YLR429W 57 1518
YLR430W 56 1056
YLR431C 30 700
YLR432W 28 753
YLR433C 27 253
YLR434C 3 18
YLR435W 3 29
YLR436C 78 1730
YLR437C 16 213
YLR437C-A 10 187
YLR438W 63 6333
YLR438C-A 6 23
YLR439W 19 359
YLR440C 17 571
YLR441C 17 540
YLR442C 37 1322
YLR443W 20 327
YLR444C 4 10
YLR445W 14 568
YLR446W 19 230
YLR447C 17 400
YLR448W 16 258
YLR449W 21 694
YLR450W 82 6263
YLR451W 23 804
YLR452C 30 894
YLR453C 32 385
YLR454W 81 2484
YLR455W 16 433
YLR456W 18 342
YLR457C 18 297
YLR458W 13 205
YLR459W 5 65
YLR460C 19 735
YLR461W 4 53
YLR462W 1 3
YLR463C 1 3
YLR464W 0 0
YLR465C 0 0
YLR466W 0 0
YLR466C-A 0 0
YLR466C-B 2 45
YLR467W 0 0
YLR467C-A 0 0
YML133C 0 0
YML133W-B 0 0
YML133W-A 0 0
YML132W 0 0
YML131W 20 477
YML130C 22 734
YML129C 14 951
YML128C 32 1329
YML127W 29 1006
YML126C 46 2393
YML125C 23 599
YML124C 36 1471
YML123C 42 1343
YML122C 49 3026
YML121W 14 145
YML120C 43 1451
YML119W 12 220
YML118W 34 899
YML117W 65 1485
YML116W-A 11 89
YML116W 35 810
YML115C 26 1539
YML114C 28 1446
YML113W 15 420
YML112W 13 332
YML111W 52 1996
YML110C 21 574
YML109W 36 1245
YML108W 6 27
YML107C 13 193
YML106W 12 254
YML105C 6 71
YML104C 38 1138
YML103C 43 977
YML102W 38 1224
YML101C-A 17 673
YML101C 48 2668
YML100W-A 21 651
YML100W 135 5518
YML099W-A 5 198
YML099C 40 1088
YML098W 3 107
YML097C 17 730
YML096W 23 949
YML095C 4 97
YML094C-A 6 66
YML094W 6 58
YML093W 41 1211
YML092C 5 45
YML091C 66 1432
YML090W 13 709
YML089C 23 2559
YML088W 23 460
YML087C 20 1343
YML086C 45 1081
YML085C 10 135
YML084W 17 769
YML083C 45 2419
YML082W 46 1268
YML081C-A 5 228
YML081W 40 870
YML080W 15 824
YML079W 30 3039
YML078W 8 436
YML077W 12 518
YML076C 68 1532
YML075C 63 2028
YML074C 5 19
YML073C 8 29
YML072C 103 2634
YML071C 35 919
YML070W 45 1538
YML069W 7 82
YML068W 25 279
YML067C 19 406
YML066C 20 403
YML065W 21 459
YML064C 13 250
YML063W 7 74
YML062C 25 749
YML061C 20 175
YML060W 15 714
YML059C 60 1713
YML058W-A 4 62
YML058W 19 644
YML057C-A 8 124
YML057W 37 536
YML056C 49 1231
YML055W 16 181
YML054C 63 4698
YML054C-A 24 15020
YML053C 20 227
YML052W 25 1236
YML051W 42 1120
YML050W 11 248
YML049C 65 2580
YML048W 8 83
YML047W-A 4 89
YML047C 10 179
YML046W 10 104
YML043C 3 172
YML042W 56 7702
YML041C 15 497
YML038C 6 164
YML037C 7 89
YML036W 14 301
YML035C 53 1035
YML034C-A 13 231
YML034W 57 974
YML032C 25 516
YML031C-A 6 18
YML031W 31 1566
YML030W 11 526
YML029W 61 2875
YML028W 27 3207
YML027W 30 12110
YML026C 7 145
YML025C 10 447
YML024W 6 113
YML023C 24 456
YML022W 9 436
YML021C 35 1243
YML020W 41 1369
YML019W 6 86
YML018C 43 435
YML017W 58 1811
YML016C 38 895
YML015C 4 81
YML014W 24 502
YML013W 21 376
YML012C-A 11 137
YML012W 10 171
YML011C 13 323
YML010W 24 477
YML009W-B 7 71
YML009C-A 6 59
YML009C 2 3
YML008C 17 360
YML007C-A 8 282
YML007W 38 925
YML006C 37 907
YML005W 37 1789
YML004C 42 1862
YML003W 25 508
YML002W 58 2709
YML001W 19 538
YMR001C 61 3319
YMR001C-A 15 647
YMR002W 25 44166
YMR003W 17 189
YMR004W 44 4611
YMR005W 19 261
YMR006C 37 994
YMR007W 28 27898
YMR008C 20 185
YMR009W 13 174
YMR010W 18 394
YMR011W 39 549
YMR012W 49 1129
YMR013C 24 451
YMR013C-A 5 81
YMR013W-A 2 5
YMR014W 14 297
YMR015C 54 2638
YMR016C 23 310
YMR017W 14 304
YMR018W 23 484
YMR019W 42 1229
YMR020W 27 450
YMR021C 20 439
YMR022W 14 2410
YMR023C 49 942
YMR024W 7 81
YMR025W 10 45
YMR026C 6 121
YMR027W 20 582
YMR028W 8 122
YMR029C 13 299
YMR030W 28 1030
YMR031C 30 600
YMR031W-A 11 278
YMR032W 18 273
YMR030W-A 9 209
YMR033W 9 436
YMR034C 25 399
YMR035W 9 155
YMR036C 17 466
YMR037C 29 436
YMR038C 20 1066
YMR039C 20 343
YMR040W 21 1062
YMR041C 13 243
YMR042W 64 53797
YMR043W 18 486
YMR044W 28 778
YMR046W-A 0 0
YMR047C 28 634
YMR048W 14 377
YMR049C 24 845
YMR052W 5 77
YMR052C-A 8 158
YMR053C 40 780
YMR054W 57 1354
YMR055C 34 931
YMR056C 54 11080
YMR057C 38 21275
YMR058W 85 3359
YMR059W 5 30
YMR060C 13 236
YMR061W 15 399
YMR062C 37 959
YMR063W 21 591
YMR064W 26 650
YMR065W 39 8599
YMR066W 23 512
YMR067C 17 354
YMR068W 13 118
YMR069W 84 6108
YMR070W 20 602
YMR071C 11 236
YMR072W 5 211
YMR073C 14 397
YMR074C 10 86
YMR075W 23 268
YMR075C-A 3 74
YMR076C 41 1222
YMR077C 17 379
YMR078C 25 604
YMR079W 15 291
YMR080C 33 699
YMR081C 15 412
YMR082C 17 663
YMR083W 31 493
YMR084W 28 644
YMR085W 11 124
YMR086W 41 757
YMR086C-A 10 714
YMR087W 19 440
YMR088C 31 939
YMR089C 29 284
YMR090W 22 276
YMR091C 35 1305
YMR092C 32 1193
YMR093W 19 272
YMR094W 14 556
YMR095C 22 853
YMR096W 14 316
YMR097C 17 274
YMR098C 25 552
YMR099C 3 23
YMR100W 26 678
YMR101C 13 335
YMR102C 38 1029
YMR103C 40 1904
YMR104C 57 1549
YMR105C 15 103
YMR105W-A 11 935
YMR106C 61 1892
YMR107W 23 1771
YMR108W 38 1553
YMR109W 63 1629
YMR110C 31 715
YMR111C 38 2684
YMR112C 6 44
YMR113W 23 448
YMR114C 21 250
YMR115W 20 2101
YMR116C 25 320
YMR117C 6 75
YMR118C 18 267
YMR119W 22 578
YMR119W-A 11 815
YMR120C 29 1456
YMR121C 10 192
YMR122C 64 13425
YMR122W-A 10 105
YMR123W 1 31
YMR124W 31 718
YMR125W 34 546
YMR126C 8 144
YMR127C 22 500
YMR128W 36 690
YMR129W 51 1560
YMR130W 10 193
YMR131C 24 917
YMR132C 12 307
YMR133W 11 112
YMR134W 12 410
YMR135C 33 1434
YMR135W-A 59 1292
YMR136W 51 14922
YMR137C 35 850
YMR138W 9 115
YMR139W 21 685
YMR140W 16 429
YMR141C 2 5
YMR142C 0 0
YMR141W-A 0 0
YMR143W 10 82
YMR144W 27 660
YMR145C 73 2303
YMR146C 32 1009
YMR147W 12 276
YMR148W 16 441
YMR149W 28 682
YMR150C 29 1059
YMR151W 20 802
YMR152W 21 388
YMR153W 26 1546
YMR153C-A 0 0
YMR154C 33 507
YMR155W 25 394
YMR156C 16 478
YMR157C 12 228
YMR158W 15 288
YMR158C-A 3 12
YMR158W-B 9 815
YMR159C 12 943
YMR160W 30 183
YMR161W 14 474
YMR162C 89 3217
YMR163C 15 304
YMR164C 31 1416
YMR165C 71 1439
YMR166C 10 242
YMR167W 37 770
YMR168C 24 406
YMR169C 30 388
YMR170C 21 5183
YMR171C 15 251
YMR172W 27 430
YMR172C-A 5 22
YMR173W 14 178
YMR173W-A 12 171
YMR174C 4 26
YMR175W 11 340
YMR175W-A 13 582
YMR176W 88 2903
YMR177W 24 967
YMR178W 16 152
YMR179W 35 559
YMR180C 41 2182
YMR181C 10 363
YMR182C 6 66
YMR182W-A 4 22
YMR183C 12 235
YMR184W 14 451
YMR185W 40 648
YMR186W 25 422
YMR187C 29 12241
YMR188C 12 276
YMR189W 46 2244
YMR190C 58 1421
YMR191W 16 130
YMR192W 24 482
YMR193W 7 34
YMR193C-A 11 304
YMR194W 17 331
YMR194C-B 24 4062
YMR194C-A 23 16287
YMR195W 17 720
YMR196W 56 1457
YMR197C 17 313
YMR198W 46 3363
YMR199W 27 476
YMR200W 23 610
YMR201C 36 2931
YMR202W 34 621
YMR203W 13 129
YMR204C 3 104
YMR205C 54 433
YMR206W 39 1330
YMR207C 88 1967
YMR208W 30 835
YMR209C 15 679
YMR210W 24 683
YMR211W 9 321
YMR212C 27 687
YMR213W 22 418
YMR214W 18 219
YMR215W 22 140
YMR216C 44 217269
YMR217W 20 696
YMR218C 36 446
YMR219W 73 1627
YMR220W 24 522
YMR221C 30 1692
YMR222C 7 143
YMR223W 19 244
YMR224C 46 641
YMR225C 17 390
YMR226C 21 387
YMR227C 17 212
YMR228W 18 613
YMR229C 53 777
YMR230W 15 277
YMR230W-A 20 770
YMR231W 48 733
YMR232W 22 690
YMR233W 14 586
YMR234W 15 149
YMR235C 20 653
YMR236W 7 151
YMR237W 32 636
YMR238W 27 5445
YMR239C 19 699
YMR240C 27 822
YMR241W 32 947
YMR242C 9 168
YMR242W-A 1 1
YMR243C 35 1634
YMR244W 36 1690
YMR244C-A 14 297
YMR245W 57 3851
YMR246W 117 6477
YMR247C 52 1382
YMR247W-A 4 19
YMR250W 34 1151
YMR251W 76 3009
YMR251W-A 0 0
YMR252C 20 1290
YMR253C 32 1110
YMR254C 15 342
YMR255W 4 18
YMR256C 5 372
YMR257C 33 723
YMR258C 30 1354
YMR259C 26 349
YMR260C 1 3
YMR261C 43 623
YMR262W 18 248
YMR263W 6 70
YMR264W 12 540
YMR265C 32 2426
YMR266W 41 1036
YMR267W 19 509
YMR268C 3 128
YMR269W 6 50
YMR270C 10 84
YMR271C 17 198
YMR272C 18 319
YMR272W-A 1 27
YMR272W-B 4 25
YMR273C 33 683
YMR274C 10 45
YMR275C 23 407
YMR276W 30 405
YMR277W 26 514
YMR278W 25 755
YMR279C 28 948
YMR280C 83 1914
YMR281W 17 114
YMR282C 21 1521
YMR283C 27 464
YMR284W 31 638
YMR285C 28 1167
YMR286W 1 1
YMR287C 38 958
YMR288W 25 329
YMR289W 30 830
YMR290C 10 197
YMR290W-A 7 94
YMR291W 28 712
YMR292W 14 344
YMR293C 30 509
YMR294W 17 323
YMR294W-A 1 8
YMR295C 8 172
YMR296C 46 4348
YMR297W 56 1550
YMR298W 8 142
YMR299C 13 124
YMR300C 26 862
YMR301C 33 1168
YMR302C 28 379
YMR303C 15 828
YMR304W 44 722
YMR304C-A 16 341
YMR305C 16 249
YMR306W 89 7571
YMR306C-A 14 1362
YMR307W 28 745
YMR307C-A 2 25
YMR308C 39 883
YMR309C 23 790
YMR310C 15 386
YMR311C 10 197
YMR312W 4 76
YMR313C 23 422
YMR314W 15 143
YMR315W 36 776
YMR315W-A 3 70
YMR316W 33 953
YMR316C-A 11 62
YMR316C-B 0 0
YMR317W 22 414
YMR318C 41 890
YMR319C 50 2159
YMR320W 7 229
YMR321C 2 9
YMR322C 1 10
YMR323W 4 124
YMR324C 8 277
YMR325W 0 0
YMR326C 6 196
YNL339C 0 0
YNL339W-B 0 0
YNL339W-A 0 0
YNL338W 5 27
YNL337W 4 93
YNL336W 5 12
YNL335W 2 5
YNL334C 3 6
YNL333W 4 302
YNL332W 5 116
YNL331C 16 224
YNL330C 33 705
YNL329C 50 958
YNL328C 10 144
YNL327W 21 250
YNL326C 25 650
YNL325C 36 877
YNL324W 6 183
YNL323W 20 1238
YNL322C 7 230
YNL321W 39 1172
YNL320W 20 332
YNL319W 9 237
YNL318C 27 692
YNL317W 24 796
YNL316C 11 246
YNL315C 4 403
YNL314W 33 952
YNL313C 21 242
YNL312W 3 18
YNL311C 46 1691
YNL310C 15 263
YNL309W 27 482
YNL308C 16 341
YNL307C 12 136
YNL306W 13 184
YNL305C 20 278
YNL304W 38 2208
YNL303W 16 475
YNL302C 4 17
YNL301C 32 909
YNL300W 7 123
YNL299W 30 9834
YNL298W 39 1014
YNL297C 41 1259
YNL296W 5 130
YNL295W 21 465
YNL294C 31 1897
YNL293W 43 3076
YNL292W 16 143
YNL291C 22 337
YNL290W 35 1187
YNL289W 22 709
YNL288W 30 875
YNL287W 33 876
YNL286W 22 372
YNL285W 29 25045
YNL284C 11 101
YNL283C 41 866
YNL282W 21 856
YNL281W 11 411
YNL280C 21 1451
YNL279W 54 2515
YNL278W 80 2114
YNL277W-A 17 3231
YNL277W 41 2125
YNL276C 11 674
YNL275W 29 671
YNL274C 17 329
YNL273W 23 1105
YNL272C 11 269
YNL271C 27 791
YNL270C 29 535
YNL269W 23 1032
YNL268W 38 1679
YNL267W 47 567
YNL266W 8 72
YNL265C 26 316
YNL264C 36 2460
YNL263C 12 263
YNL262W 104 2855
YNL261W 16 325
YNL260C 4 80
YNL259C 10 216
YNL258C 20 171
YNL257C 43 1169
YNL256W 27 1783
YNL255C 5 51
YNL254C 16 223
YNL253W 24 738
YNL252C 9 325
YNL251C 51 1321
YNL250W 40 951
YNL249C 30 715
YNL248C 7 114
YNL247W 27 903
YNL246W 25 452
YNL245C 12 155
YNL244C 14 446
YNL243W 75 1307
YNL242W 86 2736
YNL241C 63 1249
YNL240C 78 4247
YNL239W 23 344
YNL238W 37 810
YNL237W 26 769
YNL236W 43 752
YNL235C 16 668
YNL234W 23 841
YNL233W 28 536
YNL232W 24 511
YNL231C 49 2511
YNL230C 63 3064
YNL229C 12 493
YNL228W 23 494
YNL227C 23 540
YNL226W 10 80
YNL225C 20 1937
YNL224C 31 981
YNL223W 21 560
YNL222W 15 1389
YNL221C 37 1218
YNL220W 15 526
YNL219C 17 127
YNL218W 36 921
YNL217W 41 3519
YNL216W 48 886
YNL215W 6 50
YNL214W 8 73
YNL213C 6 292
YNL212W 34 800
YNL211C 6 140
YNL210W 6 122
YNL209W 22 11560
YNL208W 19 364
YNL207W 12 120
YNL206C 15 535
YNL205C 10 172
YNL204C 10 79
YNL203C 14 304
YNL202W 26 2551
YNL201C 25 465
YNL200C 9 227
YNL199C 18 356
YNL198C 5 187
YNL197C 16 253
YNL196C 35 1505
YNL195C 26 1224
YNL194C 25 358
YNL193W 21 229
YNL192W 58 1228
YNL191W 36 1190
YNL190W 13 111
YNL189W 8 113
YNL188W 15 333
YNL187W 30 946
YNL186W 31 344
YNL185C 7 81
YNL184C 2 2
YNL183C 30 832
YNL182C 26 402
YNL181W 16 396
YNL180C 14 467
YNL179C 25 1504
YNL178W 2 2
YNL177C 6 16
YNL176C 27 546
YNL175C 19 281
YNL174W 3 29
YNL173C 27 1367
YNL172W 52 1322
YNL171C 3 17
YNL170W 6 31
YNL169C 27 411
YNL168C 19 700
YNL167C 19 259
YNL166C 22 468
YNL165W 20 1332
YNL164C 19 689
YNL163C 44 895
YNL162W-A 0 0
YNL162W 7 41
YNL161W 28 320
YNL160W 12 454
YNL159C 11 389
YNL158W 22 312
YNL157W 5 83
YNL156C 13 258
YNL155W 15 1016
YNL154C 41 2955
YNL153C 23 2076
YNL152W 10 80
YNL151C 15 223
YNL150W 5 84
YNL149C 4 24
YNL148C 76 106838
YNL147W 8 203
YNL146C-A 11 154
YNL146W 12 1515
YNL145W 2 18
YNL144C 61 1636
YNL144W-A 0 0
YNL143C 10 484
YNL142W 47 1636
YNL141W 19 178
YNL140C 8 122
YNL139C 47 764
YNL138W-A 16 316
YNL138W 24 668
YNL137C 19 442
YNL136W 28 777
YNL135C 4 71
YNL134C 27 505
YNL133C 10 133
YNL132W 24 320
YNL131W 1 4
YNL130C 22 408
YNL130C-A 2 7
YNL129W 7 129
YNL128W 32 6064
YNL127W 31 873
YNL126W 34 615
YNL125C 41 568
YNL124W 25 629
YNL123W 47 1093
YNL122C 9 94
YNL121C 13 333
YNL120C 6 70
YNL119W 29 587
YNL118C 25 426
YNL117W 47 1193
YNL116W 29 577
YNL115C 41 782
YNL114C 3 55
YNL113W 3 55
YNL112W 52 1179
YNL111C 7 149
YNL110C 9 295
YNL109W 5 694
YNL108C 16 2471
YNL107W 15 200
YNL106C 59 8821
YNL105W 8 828
YNL104C 58 2235
YNL103W-A 5 847
YNL103W 28 444
YNL102W 42 783
YNL101W 36 784
YNL100W 17 531
YNL099C 15 379
YNL098C 14 228
YNL097C-B 14 2278
YNL097C 27 1715
YNL097W-A 8 77
YNL096C 20 474
YNL095C 26 405
YNL094W 28 671
YNL093W 17 381
YNL092W 45 1277
YNL091W 40 508
YNL090W 4 165
YNL089C 4 165
YNL088W 39 1099
YNL087W 67 5315
YNL086W 8 84
YNL085W 32 644
YNL084C 11 410
YNL083W 22 933
YNL082W 23 543
YNL081C 2 25
YNL080C 32 881
YNL079C 16 719
YNL078W 23 2236
YNL077W 34 583
YNL076W 39 529
YNL075W 12 159
YNL074C 26 881
YNL073W 27 706
YNL072W 40 2368
YNL071W 18 230
YNL070W 8 87
YNL069C 4 108
YNL068C 49 1102
YNL067W-A 8 107
YNL067W-B 5 148
YNL067W 24 1291
YNL066W 69 4763
YNL065W 35 1033
YNL064C 27 616
YNL063W 18 509
YNL062C 14 698
YNL061W 19 508
YNL059C 16 231
YNL058C 12 149
YNL057W 3 11
YNL056W 14 2317
YNL055C 24 463
YNL054W 25 400
YNL053W 63 6398
YNL052W 21 204
YNL051W 21 346
YNL050C 18 301
YNL049C 27 477
YNL048W 17 399
YNL047C 28 467
YNL046W 11 550
YNL045W 32 842
YNL044W 16 198
YNL043C 10 162
YNL042W-B 23 640
YNL042W 25 822
YNL041C 19 923
YNL040W 17 330
YNL039W 18 524
YNL038W 10 99
YNL037C 40 554
YNL036W 38 922
YNL035C 26 255
YNL034W 15 70
YNL033W 0 0
YNL032W 14 221
YNL031C 8 293
YNL030W 6 103
YNL029C 28 1077
YNL028W 17 1528
YNL027W 23 703
YNL026W 8 89
YNL025C 21 417
YNL024C-A 4 15
YNL024C 35 1126
YNL023C 53 1492
YNL022C 20 3313
YNL021W 25 309
YNL020C 45 1031
YNL019C 1 1
YNL018C 22 2267
YNL017C 22 1253
YNL016W 18 190
YNL015W 0 0
YNL014W 40 727
YNL013C 0 0
YNL012W 40 945
YNL011C 10 116
YNL010W 20 1829
YNL009W 34 524
YNL008C 40 711
YNL007C 22 517
YNL006W 22 331
YNL005C 21 466
YNL004W 81 5290
YNL003C 24 793
YNL002C 8 151
YNL001W 32 900
YNR001C 82 5045
YNR001W-A 5 202
YNR002C 84 6358
YNR003C 33 974
YNR003W-A 5 112
YNR004W 11 161
YNR005C 6 136
YNR006W 33 590
YNR007C 16 968
YNR008W 68 1601
YNR009W 13 83
YNR010W 14 314
YNR011C 53 1208
YNR012W 15 262
YNR013C 51 1273
YNR014W 28 4100
YNR015W 51 7219
YNR016C 170 4237
YNR017W 25 417
YNR018W 36 1843
YNR019W 44 1207
YNR020C 22 371
YNR021W 24 518
YNR022C 4 82
YNR023W 7 517
YNR024W 3 19
YNR025C 1 18
YNR026C 23 576
YNR027W 18 828
YNR028W 20 448
YNR029C 27 597
YNR030W 19 624
YNR031C 103 3042
YNR032W 36 1175
YNR032C-A 5 115
YNR033W 41 4327
YNR034W 26 1002
YNR034W-A 7 282
YNR035C 6 513
YNR036C 14 375
YNR037C 9 332
YNR038W 20 716
YNR039C 38 1522
YNR040W 22 358
YNR041C 20 507
YNR042W 3 12
YNR043W 12 255
YNR044W 23 366
YNR045W 15 219
YNR046W 6 870
YNR047W 41 938
YNR048W 17 488
YNR049C 18 268
YNR050C 27 495
YNR051C 15 748
YNR052C 27 1523
YNR053C 22 275
YNR054C 26 677
YNR055C 41 1168
YNR056C 41 545
YNR057C 46 7365
YNR058W 46 1305
YNR059W 28 815
YNR060W 40 1199
YNR061C 7 57
YNR062C 3 7
YNR063W 19 348
YNR064C 27 12849
YNR065C 29 823
YNR066C 38 890
YNR067C 34 2057
YNR068C 6 56
YNR069C 27 649
YNR070W 56 827
YNR071C 28 1528
YNR072W 27 450
YNR073C 19 698
YNR074C 18 189
YNR075W 19 455
YNR075C-A 14 688
YNR076W 0 0
YNR077C 1 33
YOL166W-A 6 345
YOL166C 5 25
YOL165C 5 575
YOL164W-A 3 14
YOL164W 33 2687
YOL163W 14 463
YOL162W 3 418
YOL161C 6 122
YOL160W 6 71
YOL159C-A 6 472
YOL159C 17 390
YOL158C 51 2473
YOL157C 31 715
YOL156W 8 918
YOL155W-A 0 0
YOL155C 29 644
YOL154W 10 262
YOL152W 43 1334
YOL151W 5 111
YOL150C 0 0
YOL149W 6 144
YOL148C 14 336
YOL147C 13 170
YOL146W 9 117
YOL145C 26 458
YOL144W 11 290
YOL143C 15 327
YOL142W 10 315
YOL141W 58 1607
YOL140W 36 1125
YOL139C 4 35
YOL138C 50 1354
YOL137W 35 917
YOL136C 9 172
YOL135C 13 169
YOL134C 11 461
YOL133W 3 33
YOL132W 23 2246
YOL131W 3 144
YOL130W 37 545
YOL129W 13 443
YOL128C 25 533
YOL127W 0 0
YOL126C 38 1053
YOL125W 37 4631
YOL124C 24 659
YOL123W 48 1343
YOL122C 43 2548
YOL121C 10 69
YOL120C 18 452
YOL119C 18 304
YOL118C 23 2213
YOL117W 33 3225
YOL116W 29 1409
YOL115W 43 796
YOL114C 10 175
YOL113W 34 563
YOL112W 43 1811
YOL111C 26 576
YOL110W 80 79396
YOL109W 2 16
YOL108C 9 55
YOL107W 28 1525
YOL106W 13 381
YOL105C 12 252
YOL104C 13 269
YOL103W 25 1312
YOL102C 13 171
YOL101C 5 44
YOL100W 27 1954
YOL099C 5 138
YOL098C 60 1788
YOL097W-A 9 356
YOL097C 25 1027
YOL096C 24 401
YOL095C 22 423
YOL094C 14 355
YOL093W 5 142
YOL092W 18 177
YOL091W 14 254
YOL090W 32 420
YOL089C 39 820
YOL088C 10 107
YOL087C 30 648
YOL086W-A 17 2471
YOL086C 23 587
YOL085W-A 20 2128
YOL085C 42 2906
YOL084W 84 5660
YOL083W 16 430
YOL083C-A 1 2
YOL082W 21 335
YOL081W 117 3344
YOL080C 6 122
YOL079W 0 0
YOL078W 40 449
YOL077W-A 9 250
YOL077C 15 383
YOL076W 15 268
YOL075C 51 1090
YOL073C 17 542
YOL072W 21 561
YOL071W 2 3
YOL070C 25 1170
YOL069W 25 511
YOL068C 43 779
YOL067C 8 276
YOL066C 28 472
YOL065C 21 384
YOL064C 14 221
YOL063C 29 1766
YOL062C 12 203
YOL061W 29 428
YOL060C 53 2552
YOL059W 48 1144
YOL058W 49 2249
YOL057W 26 545
YOL056W 18 377
YOL055C 30 1145
YOL054W 23 811
YOL053W 37 1538
YOL052C-A 2 105
YOL052C 45 1823
YOL051W 28 677
YOL050C 2 124
YOL049W 17 233
YOL048C 9 133
YOL047C 11 176
YOL046C 15 1447
YOL045W 28 1577
YOL044W 11 103
YOL043C 11 218
YOL042W 17 314
YOL041C 26 1526
YOL040C 1 93
YOL039W 1 1
YOL038C-A 3 5
YOL038W 13 429
YOL037C 6 82
YOL036W 30 456
YOL035C 4 41
YOL034W 46 1817
YOL033W 19 730
YOL032W 14 113
YOL031C 31 649
YOL030W 30 4445
YOL029C 14 259
YOL028C 10 350
YOL027C 21 421
YOL026C 19 1911
YOL025W 23 652
YOL024W 11 149
YOL023W 25 418
YOL022C 14 319
YOL021C 56 1202
YOL020W 39 1072
YOL019W-A 18 374
YOL019W 21 259
YOL018C 23 736
YOL017W 41 1781
YOL016C 22 267
YOL015W 25 506
YOL014W 3 47
YOL013W-B 1 6
YOL013W-A 7 391
YOL013C 22 983
YOL012C 9 164
YOL011W 38 700
YOL010W 20 244
YOL009C 20 434
YOL008W 10 325
YOL007C 33 749
YOL006C 32 951
YOL005C 11 305
YOL004W 64 768
YOL003C 48 3869
YOL002C 52 34560
YOL001W 49 2668
YOR001W 66 2290
YOR002W 57 1933
YOR003W 67 1446
YOR004W 16 261
YOR005C 67 1592
YOR006C 10 54
YOR007C 18 712
YOR008C 3 50
YOR008C-A 3 25
YOR008W-B 6 334
YOR009W 4 118
YOR010C 7 169
YOR011W 42 833
YOR011W-A 8 257
YOR012W 8 108
YOR013W 16 254
YOR014W 26 578
YOR015W 2 13
YOR016C 12 182
YOR017W 37 635
YOR018W 42 1218
YOR019W 41 3214
YOR020C 5 357
YOR020W-A 0 0
YOR021C 4 215
YOR022C 32 763
YOR023C 27 732
YOR024W 28 2122
YOR025W 32 463
YOR026W 40 1696
YOR027W 41 1008
YOR028C 18 433
YOR029W 14 1021
YOR030W 32 657
YOR031W 13 284
YOR032C 11 171
YOR032W-A 11 314
YOR033C 39 1172
YOR034C 48 832
YOR034C-A 15 279
YOR035C 29 667
YOR036W 6 56
YOR037W 30 1001
YOR038C 50 1235
YOR039W 8 143
YOR040W 30 937
YOR041C 15 586
YOR042W 30 769
YOR043W 14 453
YOR044W 13 215
YOR045W 3 31
YOR046C 26 926
YOR047C 7 98
YOR048C 24 263
YOR049C 19 292
YOR050C 22 397
YOR051C 17 256
YOR052C 7 78
YOR053W 3 26
YOR054C 33 382
YOR055W 16 313
YOR056C 29 522
YOR057W 25 640
YOR058C 33 1038
YOR059C 23 541
YOR060C 26 868
YOR061W 22 351
YOR062C 24 650
YOR063W 13 173
YOR064C 14 290
YOR065W 18 381
YOR066W 33 728
YOR067C 23 403
YOR069W 17 165
YOR068C 3 57
YOR070C 18 1146
YOR071C 37 559
YOR072W 21 623
YOR072W-A 16 1053
YOR072W-B 7 48
YOR073W 9 766
YOR074C 15 186
YOR073W-A 3 78
YOR075W 11 168
YOR076C 37 1992
YOR077W 25 1631
YOR078W 9 149
YOR079C 19 336
YOR080W 21 355
YOR081C 43 672
YOR082C 7 59
YOR083W 50 3335
YOR084W 63 2247
YOR085W 28 2636
YOR086C 44 1334
YOR087W 42 8386
YOR089C 9 140
YOR090C 45 1623
YOR091W 58 5031
YOR092W 31 738
YOR093C 47 1169
YOR094W 5 139
YOR095C 13 173
YOR096W 10 552
YOR097C 8 451
YOR098C 26 458
YOR099W 43 924
YOR100C 21 1337
YOR101W 14 1129
YOR102W 0 0
YOR103C 1 1
YOR104W 13 392
YOR105W 4 112
YOR106W 14 96
YOR107W 23 878
YOR108W 40 808
YOR108C-A 3 7
YOR109W 36 1253
YOR110W 21 2259
YOR111W 11 159
YOR112W 17 432
YOR113W 21 286
YOR114W 16 1325
YOR115C 8 144
YOR116C 45 931
YOR117W 13 210
YOR118W 35 876
YOR119C 30 875
YOR120W 33 1138
YOR121C 11 279
YOR122C 10 369
YOR123C 25 1311
YOR124C 58 2362
YOR125C 3 45
YOR126C 13 420
YOR127W 27 732
YOR128C 18 290
YOR129C 28 774
YOR130C 19 380
YOR131C 16 456
YOR132W 31 665
YOR133W 2 16
YOR134W 46 2543
YOR135C 4 56
YOR136W 16 885
YOR137C 39 1249
YOR138C 86 5414
YOR139C 4 70
YOR140W 37 2570
YOR141C 32 666
YOR142W 29 1353
YOR143C 15 402
YOR144C 44 870
YOR145C 12 380
YOR146W 4 204
YOR147W 15 285
YOR148C 13 117
YOR149C 25 568
YOR150W 8 101
YOR151C 56 1081
YOR152C 2 29
YOR153W 93 2060
YOR154W 12 161
YOR155C 22 527
YOR156C 27 508
YOR157C 19 273
YOR158W 14 212
YOR159C 9 122
YOR160W 33 676
YOR161C 33 1131
YOR161W-A 0 0
YOR161W-B 6 350
YOR161C-C 15 315
YOR162C 69 2826
YOR163W 10 124
YOR164C 23 1603
YOR165W 38 2251
YOR166C 21 1499
YOR167C 4 38
YOR168W 28 550
YOR169C 4 42
YOR170W 5 64
YOR171C 17 174
YOR172W 27 211
YOR173W 31 2124
YOR174W 15 554
YOR175C 35 732
YOR176W 36 405
YOR177C 22 584
YOR178C 29 582
YOR179C 27 1523
YOR180C 6 112
YOR181W 21 281
YOR182C 11 164
YOR183W 29 1680
YOR184W 24 489
YOR185C 11 69
YOR186W 33 2719
YOR186C-A 18 2436
YOR187W 39 1275
YOR188W 43 743
YOR189W 6 91
YOR190W 23 739
YOR191W 47 1313
YOR192C 25 471
YOR192C-C 0 0
YOR193W 12 556
YOR194C 4 24
YOR195W 26 664
YOR196C 19 474
YOR197W 28 573
YOR198C 12 281
YOR199W 30 599
YOR200W 10 365
YOR201C 14 612
YOR202W 25 504
YOR203W 35 1470
YOR204W 34 747
YOR205C 51 1371
YOR206W 13 296
YOR207C 41 1175
YOR208W 10 99
YOR209C 24 313
YOR210W 3 18
YOR211C 54 1271
YOR212W 27 718
YOR213C 23 943
YOR214C 9 422
YOR215C 11 127
YOR216C 41 1467
YOR217W 41 854
YOR218C 5 47
YOR219C 50 1287
YOR220W 13 303
YOR221C 22 628
YOR222W 52 14294
YOR223W 26 463
YOR224C 12 215
YOR225W 16 206
YOR226C 9 174
YOR227W 67 1216
YOR228C 17 593
YOR229W 59 2624
YOR230W 32 1044
YOR231W 28 1326
YOR231C-A 7 380
YOR232W 7 171
YOR233W 46 976
YOR234C 18 169
YOR235W 8 200
YOR236W 16 267
YOR237W 15 564
YOR238W 27 538
YOR239W 26 471
YOR241W 31 713
YOR242C 27 512
YOR243C 20 362
YOR244W 20 146
YOR245C 13 202
YOR246C 25 470
YOR247W 6 70
YOR248W 5 68
YOR249C 18 160
YOR250C 17 325
YOR251C 32 1322
YOR252W 11 328
YOR253W 11 761
YOR254C 28 455
YOR255W 5 53
YOR256C 32 1128
YOR257W 0 0
YOR258W 4 60
YOR259C 16 317
YOR260W 30 801
YOR261C 14 119
YOR262W 16 217
YOR263C 5 10
YOR264W 24 872
YOR265W 6 1747
YOR266W 20 1258
YOR267C 53 2793
YOR268C 50 2749
YOR269W 31 752
YOR270C 71 2689
YOR271C 29 465
YOR272W 12 174
YOR273C 55 728
YOR274W 37 1492
YOR275C 40 8973
YOR276W 16 338
YOR277C 9 236
YOR278W 16 495
YOR279C 18 662
YOR280C 17 394
YOR281C 13 153
YOR282W 15 515
YOR283W 21 755
YOR284W 9 157
YOR285W 17 423
YOR286W 7 96
YOR287C 10 176
YOR288C 8 47
YOR289W 41 998
YOR290C 28 345
YOR291W 51 1349
YOR292C 30 372
YOR293W 15 147
YOR293C-A 7 156
YOR294W 5 154
YOR295W 19 1590
YOR296W 71 1132
YOR297C 10 177
YOR298W 45 1485
YOR298C-A 12 634
YOR299W 45 2338
YOR300W 13 612
YOR301W 80 19019
YOR302W 6 27
YOR303W 36 1032
YOR304W 41 1382
YOR304C-A 5 116
YOR305W 5 66
YOR306C 27 767
YOR307C 21 603
YOR308C 18 152
YOR309C 1 5
YOR310C 17 356
YOR311C 19 181
YOR312C 3 44
YOR313C 12 91
YOR314W 6 171
YOR314W-A 6 4521
YOR315W 14 358
YOR316C 57 1970
YOR316C-A 37 3335
YOR317W 62 1732
YOR318C 61 9148
YOR319W 8 449
YOR320C 28 882
YOR321W 40 879
YOR322C 54 1444
YOR323C 17 282
YOR324C 30 674
YOR325W 10 192
YOR326W 63 1004
YOR327C 10 194
YOR328W 89 2251
YOR329C 31 625
YOR329W-A 4 146
YOR330C 37 1174
YOR331C 11 135
YOR332W 8 30
YOR333C 12 326
YOR334W 18 409
YOR335C 57 1717
YOR335W-A 0 0
YOR336W 55 1416
YOR337W 47 1595
YOR338W 48 1120
YOR339C 4 46
YOR340C 12 117
YOR341W 28 358
YOR342C 19 1172
YOR343C 43 7190
YOR344C 19 561
YOR345C 5 29
YOR346W 50 670
YOR347C 21 268
YOR348C 276 57179
YOR349W 81 1494
YOR350C 46 1218
YOR351C 25 1860
YOR352W 20 222
YOR353C 25 551
YOR354C 37 788
YOR355W 15 271
YOR356W 42 835
YOR357C 21 3501
YOR358W 29 726
YOR359W 25 752
YOR360C 27 934
YOR361C 43 1044
YOR362C 14 339
YOR363C 43 2206
YOR364W 34 1594
YOR365C 45 1421
YOR366W 4 26
YOR367W 10 215
YOR368W 34 2025
YOR369C 13 199
YOR370C 35 935
YOR371C 96 18237
YOR372C 22 537
YOR373W 47 900
YOR374W 32 1340
YOR375C 49 1063
YOR376W 26 2453
YOR376W-A 1 1
YOR377W 37 1601
YOR378W 29 1077
YOR379C 18 884
YOR380W 33 1015
YOR381W 33 1845
YOR381W-A 4 61
YOR382W 1 1
YOR383C 7 45
YOR384W 38 658
YOR385W 18 448
YOR386W 16 314
YOR387C 5 113
YOR388C 1 2
YOR389W 15 289
YOR390W 7 77
YOR391C 5 87
YOR392W 5 26
YOR393W 0 0
YOR394W 0 0
YOR394C-A 1 4
YOR396W 0 0
YOR396C-A 0 0
YPL283C 0 0
YPL283W-B 0 0
YPL283W-A 0 0
YPL282C 0 0
YPL281C 0 0
YPL280W 0 0
YPL279C 5 80
YPL278C 0 0
YPL277C 23 386
YPL274W 64 1540
YPL273W 9 94
YPL272C 4 75
YPL271W 2 102
YPL270W 42 1017
YPL269W 45 1233
YPL268W 35 611
YPL267W 5 15
YPL266W 29 1667
YPL265W 74 2827
YPL264C 16 577
YPL263C 29 728
YPL262W 39 1254
YPL261C 17 1356
YPL260W 18 368
YPL259C 26 923
YPL258C 50 1710
YPL257W 10 119
YPL256C 36 1251
YPL255W 21 640
YPL254W 21 514
YPL253C 28 1260
YPL252C 10 144
YPL251W 4 32
YPL250C 22 607
YPL249C-A 6 75
YPL250W-A 6 75
YPL249C 40 790
YPL248C 32 470
YPL247C 51 11108
YPL246C 18 572
YPL245W 36 9458
YPL244C 43 1496
YPL243W 14 458
YPL242C 56 2295
YPL241C 5 143
YPL240C 36 1002
YPL239W 12 128
YPL238C 1 10
YPL237W 2 59
YPL236C 16 438
YPL235W 8 310
YPL234C 11 323
YPL233W 15 701
YPL232W 31 637
YPL231W 137 4151
YPL230W 30 663
YPL229W 10 276
YPL228W 18 194
YPL227C 21 408
YPL226W 41 831
YPL225W 0 0
YPL224C 48 1459
YPL223C 27 361
YPL222W 56 1027
YPL222C-A 4 31
YPL221W 80 5105
YPL220W 3 86
YPL219W 37 1315
YPL218W 21 324
YPL217C 45 963
YPL216W 39 844
YPL215W 14 167
YPL214C 31 1263
YPL213W 11 164
YPL212C 36 1643
YPL211W 11 290
YPL210C 23 424
YPL209C 9 112
YPL208W 49 978
YPL207W 46 1267
YPL206C 21 201
YPL205C 7 134
YPL204W 27 796
YPL203W 26 2034
YPL202C 25 1364
YPL201C 33 651
YPL200W 5 48
YPL199C 16 208
YPL198W 37 741
YPL197C 6 166
YPL196W 20 179
YPL195W 21 329
YPL194W 18 239
YPL193W 12 370
YPL192C 2 8
YPL191C 9 97
YPL190C 22 464
YPL189C-A 4 38
YPL189W 34 465
YPL188W 29 3497
YPL187W 3 15
YPL186C 40 661
YPL185W 45 5490
YPL184C 32 945
YPL183W-A 9 53
YPL183C 44 1164
YPL182C 12 611
YPL181W 21 504
YPL180W 32 456
YPL179W 40 1191
YPL178W 13 163
YPL177C 15 336
YPL176C 46 974
YPL175W 30 818
YPL174C 16 274
YPL173W 10 127
YPL172C 15 488
YPL171C 41 1262
YPL170W 24 1585
YPL169C 10 299
YPL168W 24 342
YPL167C 42 694
YPL166W 9 165
YPL165C 7 75
YPL164C 30 1820
YPL163C 11 350
YPL162C 17 851
YPL161C 23 371
YPL160W 33 729
YPL159C 8 95
YPL158C 45 478
YPL157W 30 978
YPL156C 39 1494
YPL155C 77 8176
YPL154C 20 656
YPL153C 31 818
YPL152W-A 1 3
YPL152W 10 249
YPL151C 37 892
YPL150W 26 355
YPL149W 5 159
YPL148C 1 1
YPL147W 22 625
YPL146C 10 224
YPL145C 4 64
YPL144W 32 731
YPL143W 7 196
YPL142C 2 51
YPL141C 63 1113
YPL140C 21 307
YPL139C 20 368
YPL138C 13 146
YPL137C 83 3493
YPL136W 5 134
YPL135W 20 562
YPL135C-A 10 264
YPL134C 37 653
YPL133C 45 1275
YPL132W 12 540
YPL131W 10 269
YPL130W 4 35
YPL129W 2 8
YPL128C 11 146
YPL127C 17 416
YPL126W 15 275
YPL125W 35 919
YPL124W 22 404
YPL123C 14 995
YPL122C 14 194
YPL121C 3 75
YPL120W 13 174
YPL119C-A 8 138
YPL119C 30 406
YPL118W 7 125
YPL117C 16 213
YPL116W 30 752
YPL115C 35 1096
YPL114W 8 78
YPL113C 28 400
YPL112C 8 49
YPL111W 75 11451
YPL110C 56 3764
YPL109C 50 1591
YPL108W 24 1166
YPL107W 13 405
YPL106C 25 759
YPL105C 37 2521
YPL104W 20 870
YPL103C 28 5091
YPL102C 9 463
YPL101W 15 311
YPL100W 9 109
YPL099C 4 30
YPL098C 6 41
YPL097W 24 475
YPL096C-A 1 71
YPL096W 30 761
YPL095C 32 6482
YPL094C 31 774
YPL093W 25 630
YPL092W 43 2920
YPL091W 27 248
YPL090C 3 50
YPL089C 35 980
YPL088W 31 671
YPL087W 10 89
YPL086C 18 530
YPL085W 61 1082
YPL084W 17 562
YPL083C 20 392
YPL082C 73 1292
YPL081W 29 1078
YPL080C 17 904
YPL079W 12 193
YPL078C 6 98
YPL077C 24 767
YPL076W 7 106
YPL075W 38 636
YPL074W 30 1387
YPL073C 4 89
YPL072W 19 384
YPL071C 12 646
YPL070W 27 439
YPL069C 15 496
YPL068C 18 585
YPL067C 55 1082
YPL066W 48 2115
YPL065W 7 116
YPL064C 13 813
YPL063W 25 949
YPL062W 37 3878
YPL061W 54 2972
YPL060W 28 522
YPL059W 10 165
YPL058C 70 2825
YPL057C 31 1833
YPL056C 24 3977
YPL055C 35 1038
YPL054W 22 690
YPL053C 34 1199
YPL052W 13 339
YPL051W 7 524
YPL050C 5 102
YPL049C 34 828
YPL048W 25 555
YPL047W 5 40
YPL046C 3 9
YPL045W 27 486
YPL044C 13 289
YPL043W 34 696
YPL042C 29 463
YPL041C 13 201
YPL040C 33 754
YPL039W 14 238
YPL038W-A 1 11
YPL038W 12 142
YPL037C 2 22
YPL036W 43 1204
YPL035C 2 3
YPL034W 8 126
YPL033C 6 158
YPL032C 26 582
YPL031C 30 682
YPL030W 15 223
YPL029W 30 734
YPL028W 24 508
YPL027W 15 495
YPL026C 32 762
YPL025C 20 1313
YPL024W 24 520
YPL023C 11 2618
YPL022W 27 673
YPL021W 11 359
YPL020C 26 551
YPL019C 52 1780
YPL018W 32 1029
YPL017C 44 971
YPL016W 47 1064
YPL015C 60 2488
YPL014W 33 501
YPL013C 11 518
YPL012W 43 996
YPL011C 17 392
YPL010W 7 89
YPL009C 26 749
YPL008W 21 404
YPL007C 6 128
YPL006W 65 1658
YPL005W 31 377
YPL004C 31 812
YPL003W 57 2805
YPL002C 40 1241
YPL001W 47 1372
YPR001W 104 5176
YPR002W 90 9497
YPR002C-A 1 12
YPR003C 39 1070
YPR004C 17 244
YPR005C 20 426
YPR006C 45 855
YPR007C 37 852
YPR008W 55 1184
YPR009W 11 394
YPR010C 22 322
YPR010C-A 4 704
YPR011C 52 1521
YPR012W 5 21
YPR013C 16 441
YPR014C 6 113
YPR015C 26 545
YPR016C 9 230
YPR016W-A 11 95
YPR017C 12 314
YPR018W 19 588
YPR019W 50 1387
YPR020W 6 22
YPR021C 21 748
YPR022C 62 2144
YPR023C 27 667
YPR024W 22 336
YPR025C 7 129
YPR026W 82 4434
YPR027C 7 134
YPR028W 6 65
YPR029C 21 658
YPR030W 51 2314
YPR031W 52 11514
YPR032W 23 363
YPR033C 27 645
YPR034W 19 506
YPR035W 37 1594
YPR036W 69 2637
YPR036W-A 12 315
YPR037C 31 920
YPR038W 20 634
YPR039W 22 303
YPR040W 41 1057
YPR041W 22 641
YPR042C 27 874
YPR043W 2 54
YPR044C 2 54
YPR045C 15 159
YPR046W 9 75
YPR047W 26 444
YPR048W 8 197
YPR049C 34 738
YPR050C 18 1552
YPR051W 25 1699
YPR052C 5 682
YPR053C 18 351
YPR054W 35 6470
YPR055W 32 528
YPR056W 11 222
YPR057W 13 253
YPR058W 13 173
YPR059C 3 14
YPR060C 10 375
YPR061C 35 784
YPR062W 22 2853
YPR063C 8 354
YPR064W 37 1388
YPR065W 17 193
YPR066W 21 828
YPR067W 14 491
YPR068C 37 1166
YPR069C 12 429
YPR070W 19 330
YPR071W 13 190
YPR072W 20 553
YPR073C 16 1049
YPR074C 45 856
YPR074W-A 13 1031
YPR075C 10 82
YPR076W 0 0
YPR077C 10 1019
YPR078C 27 1341
YPR079W 37 1008
YPR080W 4 119
YPR081C 47 1379
YPR082C 9 130
YPR083W 30 648
YPR084W 21 424
YPR085C 10 254
YPR086W 19 372
YPR087W 12 168
YPR088C 18 258
YPR089W 37 530
YPR091C 30 547
YPR092W 18 2791
YPR093C 29 1351
YPR094W 5 208
YPR095C 55 1280
YPR096C 7 46
YPR097W 56 1241
YPR098C 16 301
YPR099C 8 479
YPR100W 10 538
YPR101W 7 148
YPR102C 2 20
YPR103W 14 531
YPR104C 22 274
YPR105C 20 647
YPR106W 27 736
YPR107C 18 642
YPR108W 21 364
YPR108W-A 14 1688
YPR109W 26 1053
YPR110C 14 217
YPR111W 28 2474
YPR112C 13 330
YPR113W 16 395
YPR114W 36 2524
YPR115W 49 995
YPR116W 13 91
YPR117W 106 2931
YPR118W 15 290
YPR119W 19 458
YPR120C 27 795
YPR121W 35 1168
YPR122W 108 3535
YPR123C 15 175
YPR124W 44 1286
YPR125W 14 471
YPR126C 2 68
YPR127W 20 501
YPR128C 10 719
YPR129W 6 178
YPR130C 7 1135
YPR131C 14 586
YPR132W 1 2
YPR133C 15 279
YPR133W-A 0 0
YPR134W 12 396
YPR135W 25 507
YPR136C 0 0
YPR137W 7 116
YPR138C 40 892
YPR139C 7 119
YPR140W 19 497
YPR141C 30 616
YPR142C 14 941
YPR143W 2 15
YPR144C 17 473
YPR145W 82 3200
YPR145C-A 14 464
YPR146C 15 168
YPR147C 25 1573
YPR148C 21 360
YPR149W 18 265
YPR150W 39 987
YPR151C 38 1145
YPR152C 55 2765
YPR153W 24 393
YPR154W 5 84
YPR155C 39 860
YPR156C 28 532
YPR157W 41 1242
YPR158W 22 464
YPR159W 52 928
YPR159C-A 4 18
YPR160W 86 10328
YPR160W-A 2 84
YPR160C-A 10 760
YPR161C 34 776
YPR162C 24 367
YPR163C 16 276
YPR164W 48 794
YPR165W 11 75
YPR166C 6 80
YPR167C 18 503
YPR168W 16 740
YPR169W 41 1570
YPR170C 20 924
YPR169W-A 8 72
YPR170W-B 17 829
YPR170W-A 9 570
YPR171W 20 704
YPR172W 12 372
YPR173C 9 1320
YPR174C 8 222
YPR175W 21 212
YPR176C 15 242
YPR177C 8 507
YPR178W 34 1292
YPR179C 31 1146
YPR180W 8 259
YPR181C 18 489
YPR182W 5 143
YPR183W 26 1477
YPR184W 104 3063
YPR185W 49 1864
YPR186C 15 147
YPR187W 4 11
YPR188C 4 131
YPR189W 48 1420
YPR190C 27 649
YPR191W 20 624
YPR192W 62 4902
YPR193C 26 625
YPR194C 54 1374
YPR195C 39 6598
YPR196W 43 2078
YPR197C 9 250
YPR198W 19 536
YPR199C 19 774
YPR200C 1 32
YPR201W 37 1005
YPR202W 1 1
YPR203W 0 0
YPR204W 0 0
YPR204C-A 0 0
