YAL069W 5 250
YAL068W-A 5 204
YAL068C 0 0
YAL067W-A 3 753
YAL067C 1 21
YAL066W 5 347
YAL065C 1 1
YAL064W-B 1 1
YAL064C-A 1 2
YAL064W 2 37
YAL063C-A 0 0
YAL063C 1 8
YAL062W 7 1295
YAL061W 2 14
YAL060W 2 80
YAL059C-A 1 41
YAL059W 3 5667
YAL058W 3 5
YAL056C-A 9 12124
YAL056W 7 178
YAL055W 3 118
YAL054C 5 237
YAL053W 0 0
YAL051W 4 653
YAL049C 6 159
YAL048C 2 33
YAL047W-A 1 12
YAL047C 2 13
YAL046C 5 104
YAL045C 3 99
YAL044W-A 6 193
YAL044C 4 2167
YAL043C 8 942
YAL042C-A 3 68
YAL042W 1 4466
YAL041W 0 0
YAL040C 2 5
YAL039C 9 2718
YAL038W 3 9
YAL037C-B 1 2
YAL037C-A 0 0
YAL037W 0 0
YAL036C 1 1
YAL035W 2 2
YAL034C-B 2 114
YAL034W-A 9 99
YAL034C 8 1168
YAL033W 3 16
YAL032C 4 39
YAL031W-A 4 264
YAL031C 0 0
YAL030W 2 13
YAL029C 0 0
YAL028W 0 0
YAL027W 1 21
YAL026C-A 0 0
YAL026C 0 0
YAL025C 1 2
YAL024C 0 0
YAL023C 1 1
YAL022C 0 0
YAL021C 5 708
YAL020C 5 33
YAL019W-A 6 158
YAL019W 1 30
YAL018C 0 0
YAL017W 0 0
YAL016C-B 4 110
YAL016C-A 0 0
YAL016W 1 1
YAL015C 5 79
YAL014C 7 120
YAL013W 4 80
YAL012W 8 348
YAL011W 7 1269
YAL010C 0 0
YAL009W 0 0
YAL008W 1 4
YAL007C 4 375
YAL005C 2 354
YAL004W 0 0
YAL003W 4 146
YAL002W 2 3
YAL001C 4 653
YAR002W 3 107
YAR002C-A 8 591
YAR003W 3 161
YAR007C 2 111
YAR008W 3 117
YAR014C 5 34095
YAR015W 1 3
YAR018C 3 595
YAR019C 1 1
YAR019W-A 0 0
YAR020C 0 0
YAR023C 1 16
YAR027W 2 103
YAR028W 2 29
YAR029W 0 0
YAR030C 2 113
YAR031W 2 37
YAR033W 1 46
YAR035W 14 4632
YAR035C-A 11 208211
YAR042W 1 10
YAR047C 0 0
YAR050W 1 1
YAR053W 0 0
YAR060C 0 0
YAR064W 0 0
YAR066W 0 0
YAR068W 0 0
YAR069C 0 0
YAR070C 0 0
YAR071W 0 0
YAR073W 0 0
YAR075W 2 14
YBL113C 0 0
YBL113W-A 0 0
YBL112C 0 0
YBL111C 0 0
YBL109W 0 0
YBL108C-A 0 0
YBL108W 0 0
YBL107W-A 0 0
YBL107C 8 1421
YBL106C 1 42
YBL105C 0 0
YBL104C 13 2779
YBL103C 1 1
YBL102W 2 31
YBL101C 8 209
YBL100W-C 11 748
YBL100C 3 55
YBL099W 0 0
YBL098W 0 0
YBL097W 0 0
YBL096C 0 0
YBL095W 4 85
YBL094C 2 28
YBL093C 2 14
YBL092W 0 0
YBL091C-A 3 331
YBL091C 0 0
YBL090W 0 0
YBL089W 6 726
YBL088C 0 0
YBL087C 0 0
YBL086C 2 21
YBL085W 1 17
YBL084C 0 0
YBL083C 0 0
YBL082C 7 94
YBL081W 0 0
YBL080C 2 32
YBL079W 0 0
YBL078C 2 76
YBL077W 3 28
YBL076C 2 17
YBL075C 3 39
YBL074C 3 17
YBL073W 2 26
YBL072C 1 6
YBL071C-B 1 4
YBL071W-A 5 86
YBL071C 4 59
YBL070C 4 124
YBL069W 2 11
YBL068W-A 4 85
YBL068W 3 10
YBL067C 2 46
YBL066C 6 35
YBL065W 3 124
YBL064C 4 70
YBL063W 5 55
YBL062W 1 6
YBL061C 1 1
YBL060W 5 281
YBL059C-A 1 3
YBL059W 1 3
YBL058W 11 251
YBL057C 1 15
YBL056W 2 6
YBL055C 5 234
YBL054W 2 248
YBL053W 2 6
YBL052C 2 61
YBL051C 0 0
YBL050W 1 4
YBL049W 1 4
YBL048W 0 0
YBL047C 3 110
YBL046W 5 138
YBL045C 1 7
YBL044W 4 66
YBL043W 3 43
YBL042C 0 0
YBL041W 2 3
YBL040C 1 20
YBL039W-B 0 0
YBL039C 1 6
YBL039C-A 0 0
YBL038W 3 51
YBL037W 2 10
YBL036C 11 1361
YBL035C 2 19
YBL034C 0 0
YBL033C 4 37
YBL032W 5 147
YBL031W 2 40
YBL030C 2 5
YBL029C-A 5 149
YBL029W 2 75
YBL028C 2 15
YBL027W 1 6
YBL026W 0 0
YBL025W 1 9
YBL024W 5 187
YBL023C 0 0
YBL022C 0 0
YBL021C 8 1165
YBL020W 0 0
YBL019W 5 919
YBL018C 0 0
YBL017C 4 71
YBL016W 2 27
YBL015W 5 772
YBL014C 4 45
YBL013W 4 145
YBL012C 0 0
YBL011W 1 23
YBL010C 4 83
YBL009W 3 45
YBL008W-A 1 87
YBL008W 0 0
YBL007C 4 150
YBL006C 7 1112
YBL006W-A 0 0
YBL005W 1 2
YBL004W 0 0
YBL003C 2 5
YBL002W 5 194
YBL001C 6 251
YBR001C 4 395
YBR002C 0 0
YBR003W 3 72
YBR004C 3 17
YBR005W 1 2
YBR006W 1 1
YBR007C 3 54
YBR008C 2 16
YBR009C 3 10
YBR010W 3 33
YBR011C 1 39
YBR012C 0 0
YBR013C 3 31
YBR014C 0 0
YBR015C 0 0
YBR016W 0 0
YBR017C 2 4
YBR018C 1 63
YBR019C 0 0
YBR020W 1 17
YBR021W 1 4
YBR022W 0 0
YBR023C 0 0
YBR024W 2 19
YBR025C 2 45
YBR026C 5 103
YBR027C 0 0
YBR028C 2 40
YBR029C 3 31
YBR030W 3 252
YBR031W 3 645
YBR032W 8 200
YBR033W 2 5
YBR034C 6 227
YBR035C 4 65
YBR036C 2 162
YBR037C 8 177
YBR038W 3 6
YBR039W 1 2
YBR040W 1 2
YBR041W 0 0
YBR042C 1 1
YBR043C 0 0
YBR044C 0 0
YBR045C 0 0
YBR046C 0 0
YBR047W 8 3610
YBR048W 3 30
YBR049C 7 1000
YBR050C 1 3
YBR051W 0 0
YBR052C 3 121
YBR053C 6 1054
YBR054W 0 0
YBR055C 1 22
YBR056W 1 22
YBR056W-A 2 18
YBR056C-B 3 157
YBR057C 2 18
YBR058C 2 104
YBR058C-A 0 0
YBR059C 0 0
YBR060C 2 54
YBR061C 3 69
YBR062C 2 19
YBR063C 0 0
YBR064W 0 0
YBR065C 2 15
YBR066C 0 0
YBR067C 2 300
YBR068C 6 81
YBR069C 3 171
YBR070C 5 190
YBR071W 2 14
YBR072W 5 168
YBR072C-A 4 35
YBR073W 5 1610
YBR074W 4 114
YBR076W 0 0
YBR076C-A 7 102
YBR077C 2 3
YBR078W 1 22
YBR079C 8 680
YBR080C 0 0
YBR081C 2 17
YBR082C 5 58
YBR083W 1 1
YBR084W 3 1286
YBR084C-A 0 0
YBR085W 0 0
YBR085C-A 1 7
YBR086C 1 10
YBR087W 3 41
YBR088C 0 0
YBR089W 0 0
YBR089C-A 7 152
YBR090C 4 6520
YBR091C 3 929
YBR092C 0 0
YBR093C 0 0
YBR094W 1 1
YBR095C 4 96
YBR096W 0 0
YBR097W 1 58
YBR098W 8 555
YBR099C 4 88
YBR101C 2 22
YBR102C 2 453
YBR103W 4 89
YBR103C-A 5 88
YBR104W 1 2
YBR105C 1 17
YBR106W 3 125
YBR107C 6 268
YBR108W 6 2220
YBR109C 0 0
YBR109W-A 4 37
YBR110W 0 0
YBR111C 5 308
YBR111W-A 2 75
YBR112C 0 0
YBR113W 0 0
YBR114W 1 34
YBR115C 2 20
YBR116C 3 764
YBR117C 1 3
YBR118W 5 43
YBR119W 5 125
YBR120C 0 0
YBR121C 0 0
YBR121C-A 0 0
YBR122C 6 103
YBR123C 2 17
YBR124W 0 0
YBR125C 3 12
YBR126C 4 394
YBR126W-A 8 614
YBR126W-B 5 33
YBR127C 2 6
YBR128C 1 3
YBR129C 5 199
YBR130C 2 14
YBR131W 2 47
YBR131C-A 0 0
YBR132C 0 0
YBR133C 5 18
YBR134W 0 0
YBR135W 1 26
YBR136W 4 84
YBR137W 0 0
YBR138C 1 8
YBR139W 3 87
YBR140C 2 26
YBR141C 3 173
YBR141W-A 1 3
YBR142W 0 0
YBR143C 5 95
YBR144C 10 243
YBR145W 4 67
YBR146W 0 0
YBR147W 1 7
YBR148W 2 3
YBR149W 6 134
YBR150C 6 49
YBR151W 0 0
YBR152W 3 39
YBR153W 3 71
YBR154C 1 53
YBR155W 1 31
YBR156C 3 74
YBR157C 1 1
YBR158W 0 0
YBR159W 3 109
YBR160W 0 0
YBR161W 0 0
YBR162C 2 15
YBR162W-A 8 2970
YBR163W 3 125
YBR164C 1 31
YBR165W 0 0
YBR166C 2 21
YBR167C 2 64
YBR168W 1 17
YBR169C 0 0
YBR170C 3 53
YBR171W 3 148
YBR172C 2 7
YBR173C 4 81
YBR174C 2 44
YBR175W 11 1095
YBR176W 1 8
YBR177C 1 34
YBR178W 1 4
YBR179C 0 0
YBR180W 1 3
YBR181C 2 122
YBR182C 3 753
YBR182C-A 8 191
YBR183W 4 51
YBR184W 2 4
YBR185C 1 2
YBR186W 2 4
YBR187W 3 117
YBR188C 1 192
YBR189W 1 6
YBR190W 4 470
YBR191W 0 0
YBR191W-A 0 0
YBR192W 0 0
YBR193C 1 6
YBR194W 0 0
YBR195C 0 0
YBR196C 0 0
YBR196C-A 2 242
YBR196C-B 1 10
YBR197C 5 370
YBR198C 1 20
YBR199W 1 18
YBR200W 0 0
YBR200W-A 0 0
YBR201W 0 0
YBR201C-A 0 0
YBR202W 0 0
YBR203W 4 150
YBR204C 3 98
YBR205W 8 109
YBR206W 2 199
YBR207W 0 0
YBR208C 1 1
YBR209W 2 75
YBR210W 2 533
YBR211C 0 0
YBR212W 3 28
YBR213W 2 12
YBR214W 2 2
YBR215W 4 4475
YBR216C 3 27
YBR217W 6 159
YBR218C 1 21
YBR219C 3 837
YBR220C 2 77
YBR221C 2 5
YBR221W-A 10 336
YBR222C 5 113
YBR223C 2 2
YBR223W-A 1 3
YBR224W 0 0
YBR225W 0 0
YBR226C 1 13
YBR227C 0 0
YBR228W 1 30
YBR229C 2 6
YBR230C 5 1129
YBR230W-A 5 33
YBR231C 4 21
YBR232C 1 14
YBR233W 0 0
YBR233W-A 7 157
YBR234C 2 69
YBR235W 0 0
YBR236C 4 70
YBR237W 3 47
YBR238C 2 8
YBR239C 2 95
YBR240C 6 850
YBR241C 1 30
YBR242W 2 3
YBR243C 2 17
YBR244W 0 0
YBR245C 3 171
YBR246W 3 171
YBR247C 0 0
YBR248C 0 0
YBR249C 0 0
YBR250W 0 0
YBR251W 4 38
YBR252W 1 1
YBR253W 8 1013
YBR254C 8 1675
YBR255W 2 212
YBR255C-A 9 60
YBR256C 5 124
YBR257W 1 610
YBR258C 4 22
YBR259W 1 8
YBR260C 5 196
YBR261C 5 153
YBR262C 4 152
YBR263W 4 35
YBR264C 1 2
YBR265W 2 45
YBR267W 0 0
YBR266C 4 32
YBR268W 8 239
YBR269C 5 114
YBR270C 3 7
YBR271W 3 88
YBR272C 1 163
YBR273C 2 223
YBR274W 1 10
YBR275C 0 0
YBR276C 0 0
YBR277C 2 91
YBR278W 4 62
YBR279W 1 20
YBR280C 3 28
YBR281C 5 76
YBR282W 2 944
YBR283C 2 6
YBR284W 6 2917
YBR285W 1 16
YBR286W 0 0
YBR287W 3 65
YBR288C 2 4
YBR289W 1 4
YBR290W 2 27
YBR291C 0 0
YBR292C 0 0
YBR293W 4 41
YBR294W 0 0
YBR295W 2 45
YBR296C 2 66
YBR296C-A 3 218
YBR297W 5 317
YBR298C 2 2899
YBR298C-A 0 0
YBR299W 0 0
YBR300C 0 0
YBR301W 0 0
YBR302C 0 0
YCL076W 1 1
YCL073C 0 0
YCL069W 0 0
YCL068C 0 0
YCL067C 0 0
YCL066W 0 0
YCL065W 0 0
YCL064C 4 335
YCL063W 3 434
YCL061C 2 410
YCL059C 3 372
YCL058C 9 8905
YCL058W-A 2 45
YCL057C-A 8 4192
YCL057W 1 890
YCL056C 2 187
YCL055W 2 13
YCL054W 1 88
YCL052C 1 7
YCL051W 1 1
YCL050C 0 0
YCL049C 1 22
YCL048W-A 1 26
YCL048W 0 0
YCL047C 5 63
YCL045C 4 248
YCL046W 0 0
YCL044C 4 28
YCL043C 3 17
YCL041C 4 533
YCL042W 1 2
YCL040W 3 103
YCL039W 3 483
YCL038C 2 59
YCL037C 4 121
YCL036W 5 34
YCL035C 6 581
YCL034W 4 70
YCL033C 5 89
YCL032W 1 27
YCL031C 1 7
YCL030C 6 124
YCL029C 4 208
YCL028W 6 381
YCL027W 0 0
YCL026C-B 0 0
YCL026C-A 1 3
YCL025C 5 314
YCL023C 1 2
YCL024W 0 0
YCL022C 1 17
YCL021W-A 1 33
YCL018W 3 61
YCL017C 0 0
YCL016C 3 73
YCL014W 0 0
YCL012C 2 31
YCL011C 4 52
YCL010C 10 403
YCL009C 6 656
YCL008C 2 5
YCL007C 3 13
YCL005W-A 1 17
YCL005W 3 1698
YCL004W 5 260
YCL002C 0 0
YCL001W 5 135
YCL001W-A 0 0
YCL001W-B 3 170
YCR001W 3 19
YCR002C 4 25
YCR003W 5 154
YCR004C 0 0
YCR005C 7 602
YCR006C 7 92
YCR007C 4 351
YCR008W 0 0
YCR009C 1 8
YCR010C 3 60
YCR011C 0 0
YCR012W 4 182
YCR013C 5 979
YCR014C 6 45
YCR015C 0 0
YCR016W 3 74
YCR017C 3 495
YCR018C 0 0
YCR018C-A 7 435
YCR019W 3 54
YCR020C 1 4
YCR020C-A 6 656
YCR020W-B 1 2
YCR021C 0 0
YCR022C 7 461
YCR023C 3 43
YCR024C 4 18
YCR024C-B 3 58
YCR024C-A 0 0
YCR025C 13 1645
YCR026C 2 40
YCR027C 3 33
YCR028C 0 0
YCR028C-A 0 0
YCR030C 1 47
YCR031C 4 61
YCR032W 1 11
YCR033W 0 0
YCR034W 2 207
YCR035C 7 386
YCR036W 5 61
YCR037C 1 18
YCR038C 0 0
YCR038W-A 0 0
YCR039C 0 0
YCR040W 0 0
YCR041W 0 0
YCR042C 2 9
YCR043C 4 66
YCR044C 4 1170
YCR045C 1 100
YCR045W-A 0 0
YCR046C 7 594
YCR047C 0 0
YCR047W-A 4 22
YCR049C 3 309
YCR048W 3 75
YCR050C 0 0
YCR051W 3 53
YCR052W 3 69
YCR053W 4 384
YCR054C 1 1
YCR057C 3 504
YCR059C 9 4112
YCR060W 6 4010
YCR061W 9 116
YCR064C 6 66
YCR063W 5 194
YCR065W 1 52
YCR066W 1 118
YCR067C 0 0
YCR068W 5 155
YCR069W 2 52
YCR071C 6 261
YCR072C 5 74
YCR073C 1 71
YCR073W-A 7 1470
YCR075C 5 681
YCR075W-A 3 115
YCR076C 7 144
YCR077C 4 31
YCR079W 4 387
YCR081W 0 0
YCR081C-A 9 11259
YCR082W 1 12
YCR083W 9 58
YCR084C 0 0
YCR085W 0 0
YCR086W 1 1
YCR087W 1 7
YCR087C-A 6 96
YCR088W 4 1202
YCR089W 1 4
YCR090C 4 82
YCR091W 7 157
YCR092C 2 5
YCR093W 2 36
YCR094W 0 0
YCR095C 1 40
YCR095W-A 0 0
YCR096C 0 0
YCR097W 1 1
YCR097W-A 0 0
YCR098C 1 3
YCR099C 1 1
YCR100C 0 0
YCR101C 2 71
YCR102C 6 272
YCR102W-A 1 41
YCR104W 0 0
YCR105W 0 0
YCR106W 6 279
YCR107W 4 31
YCR108C 7 272
YDL248W 1 224
YDL247W-A 0 0
YDL247W 0 0
YDL246C 0 0
YDL245C 0 0
YDL244W 0 0
YDL243C 1 2
YDL242W 4 881
YDL241W 2 14
YDL240C-A 2 28
YDL240W 3 126
YDL239C 0 0
YDL238C 1 1
YDL237W 4 1018
YDL236W 3 600
YDL235C 1 1
YDL234C 1 198
YDL233W 0 0
YDL232W 7 436
YDL231C 2 31
YDL230W 1 56
YDL229W 6 68
YDL228C 1 7
YDL227C 2 86
YDL226C 5 161
YDL225W 4 276
YDL224C 1 6
YDL223C 0 0
YDL222C 0 0
YDL221W 2 34
YDL220C 6 244
YDL219W 2 83
YDL218W 1 4
YDL217C 3 64
YDL216C 3 19
YDL215C 4 179
YDL214C 1 16
YDL213C 2 19
YDL212W 2 135
YDL211C 0 0
YDL210W 0 0
YDL209C 2 212
YDL208W 6 51
YDL207W 3 913
YDL206W 0 0
YDL205C 2 14
YDL204W 2 46
YDL203C 1 116
YDL202W 0 0
YDL201W 0 0
YDL200C 3 18
YDL199C 4 215
YDL198C 4 86
YDL197C 6 525
YDL196W 4 188
YDL195W 0 0
YDL194W 1 1
YDL193W 0 0
YDL192W 0 0
YDL191W 1 42
YDL190C 3 36
YDL189W 0 0
YDL188C 2 36
YDL187C 2 24
YDL186W 2 3
YDL185C-A 1 4
YDL185W 0 0
YDL184C 8 308
YDL183C 2 6
YDL182W 3 18
YDL181W 1 2
YDL180W 1 1
YDL179W 0 0
YDL178W 2 102
YDL177C 2 55
YDL176W 1 6
YDL175C 5 10
YDL174C 12 124
YDL173W 4 50
YDL172C 2 48
YDL171C 0 0
YDL170W 5 181
YDL169C 4 646
YDL168W 3 56
YDL167C 2 26
YDL166C 2 5
YDL165W 2 42
YDL164C 3 18
YDL163W 0 0
YDL162C 0 0
YDL161W 2 9
YDL160C-A 3 30
YDL160C 0 0
YDL159W-A 1 3
YDL159W 5 521
YDL159C-B 1 10
YDL158C 0 0
YDL157C 5 533
YDL156W 0 0
YDL155W 0 0
YDL154W 1 13
YDL153C 0 0
YDL152W 0 0
YDL151C 0 0
YDL150W 0 0
YDL149W 1 21
YDL148C 4 17
YDL147W 2 54
YDL146W 0 0
YDL145C 1 2
YDL144C 2 80
YDL143W 2 38
YDL142C 2 168
YDL141W 5 124
YDL140C 1 2
YDL139C 4 1422
YDL138W 3 77
YDL137W 3 86
YDL136W 6 199
YDL135C 5 38
YDL134C 2 9
YDL133C-A 4 47
YDL133W 1 21
YDL132W 0 0
YDL131W 2 40
YDL130W-A 5 95
YDL130W 0 0
YDL129W 2 376
YDL128W 1 14
YDL127W 1 34
YDL126C 2 42
YDL125C 7 820
YDL124W 16 1609
YDL123W 8 380
YDL122W 1 33
YDL121C 8 280
YDL120W 0 0
YDL119C 0 0
YDL118W 1 2
YDL117W 0 0
YDL116W 0 0
YDL115C 2 11
YDL114W-A 1 23
YDL114W 0 0
YDL113C 0 0
YDL112W 1 1
YDL111C 3 134
YDL110C 4 166
YDL109C 3 239
YDL108W 0 0
YDL107W 0 0
YDL106C 2 9
YDL105W 4 275
YDL104C 2 11
YDL103C 3 50
YDL102W 2 24
YDL101C 1 14
YDL100C 5 237
YDL099W 1 50
YDL098C 3 76
YDL097C 3 188
YDL096C 0 0
YDL095W 2 7
YDL094C 1 5
YDL093W 5 947
YDL092W 9 567
YDL091C 0 0
YDL090C 6 59
YDL089W 0 0
YDL088C 3 657
YDL087C 3 186
YDL086W 2 56
YDL086C-A 1 6
YDL085C-A 3 91
YDL085W 7 48
YDL084W 0 0
YDL083C 3 145
YDL082W 0 0
YDL081C 0 0
YDL080C 2 288
YDL079C 4 32
YDL078C 2 3
YDL077C 0 0
YDL076C 1 29
YDL075W 0 0
YDL074C 3 107
YDL073W 4 72
YDL072C 4 341
YDL071C 0 0
YDL070W 1 1
YDL069C 0 0
YDL068W 1 1
YDL067C 3 19
YDL066W 2 39
YDL065C 3 51
YDL064W 1 165
YDL063C 2 80
YDL062W 2 83
YDL061C 3 34
YDL060W 1 208
YDL059C 3 40
YDL058W 3 72
YDL057W 2 46
YDL056W 2 25
YDL055C 0 0
YDL054C 0 0
YDL053C 3 10
YDL052C 2 85
YDL051W 1 3
YDL050C 0 0
YDL049C 4 94
YDL048C 3 189
YDL047W 0 0
YDL046W 2 14
YDL045W-A 1 4
YDL045C 0 0
YDL044C 5 140
YDL043C 2 43
YDL042C 7 1378
YDL041W 2 32
YDL040C 2 33063
YDL039C 0 0
YDL037C 3 43
YDL036C 5 103
YDL035C 0 0
YDL034W 1 1
YDL033C 3 14
YDL032W 2 226
YDL031W 0 0
YDL030W 1 76
YDL029W 2 5
YDL028C 2 18
YDL027C 1 19
YDL026W 0 0
YDL025C 1 11
YDL025W-A 0 0
YDL024C 3 124
YDL022C-A 1 5
YDL023C 3 166
YDL022W 2 614
YDL021W 3 190
YDL020C 0 0
YDL019C 1 2
YDL018C 3 79
YDL017W 3 161
YDL016C 2 77
YDL015C 0 0
YDL014W 0 0
YDL013W 0 0
YDL012C 6 144
YDL011C 1 8
YDL010W 3 44
YDL009C 2 13
YDL008W 4 66
YDL007C-A 3 71
YDL007W 2 58
YDL006W 1 8
YDL005C 0 0
YDL004W 2 35
YDL003W 0 0
YDL002C 2 26
YDL001W 1 13
YDR001C 4 207
YDR002W 3 26
YDR003W 1 27
YDR003W-A 0 0
YDR004W 6 39
YDR005C 1 164
YDR006C 0 0
YDR007W 2 9
YDR008C 2 13
YDR009W 5 86
YDR010C 4 426
YDR011W 1 46
YDR012W 4 38
YDR013W 2 8
YDR014W 3 138
YDR014W-A 2 6
YDR015C 0 0
YDR016C 7 88
YDR017C 2 35
YDR018C 8 76
YDR019C 6 1739
YDR020C 1 8
YDR021W 0 0
YDR022C 9 1971
YDR023W 0 0
YDR024W 0 0
YDR025W 2 198
YDR026C 1 29
YDR027C 2 4
YDR028C 0 0
YDR029W 0 0
YDR030C 5 88
YDR031W 6 60
YDR032C 1 3
YDR033W 1 3
YDR034C 1 11
YDR034C-A 3 68
YDR034W-B 0 0
YDR035W 6 103
YDR036C 5 86
YDR037W 0 0
YDR038C 0 0
YDR039C 0 0
YDR040C 1 2
YDR041W 2 6
YDR042C 1 4
YDR043C 1 14
YDR044W 5 37
YDR045C 2 32
YDR046C 1 21
YDR047W 1 13
YDR048C 3 39
YDR049W 3 420
YDR050C 0 0
YDR051C 3 23
YDR052C 1 3
YDR053W 2 8
YDR054C 1 2
YDR055W 1 2
YDR056C 2 34
YDR057W 5 476
YDR058C 7 779
YDR059C 6 589
YDR060W 1 11
YDR061W 1 18
YDR062W 1 3
YDR063W 3 61
YDR064W 1 1
YDR065W 1 1
YDR066C 2 15
YDR067C 3 34
YDR068W 4 103
YDR069C 5 94
YDR070C 1 2
YDR071C 2 30
YDR072C 2 86
YDR073W 4 256
YDR074W 2 25
YDR075W 2 3
YDR076W 2 5
YDR077W 2 43
YDR078C 2 40
YDR079W 0 0
YDR079C-A 3 157
YDR080W 1 6
YDR081C 0 0
YDR082W 2 43
YDR083W 2 138
YDR084C 4 148
YDR085C 3 10
YDR086C 0 0
YDR087C 9 296
YDR088C 1 1
YDR089W 5 18
YDR090C 1 40
YDR091C 2 8
YDR092W 1 21
YDR093W 1 4
YDR094W 12 1399
YDR095C 4 25
YDR096W 0 0
YDR097C 0 0
YDR098C 15 402
YDR099W 1 14
YDR100W 8 455
YDR101C 2 28
YDR102C 2 10
YDR103W 1 2
YDR104C 0 0
YDR105C 2 32
YDR106W 2 5
YDR107C 1 4
YDR108W 5 69
YDR109C 11 755
YDR110W 4 116
YDR111C 3 11
YDR112W 3 63
YDR113C 0 0
YDR114C 4 72
YDR115W 1 26
YDR116C 1 15
YDR117C 4 27
YDR118W 0 0
YDR118W-A 0 0
YDR119W 0 0
YDR119W-A 5 39
YDR120C 7 77
YDR121W 0 0
YDR122W 1 39
YDR123C 3 162
YDR124W 4 142
YDR125C 3 48
YDR126W 8 58
YDR127W 1 21
YDR128W 3 3
YDR129C 0 0
YDR130C 5 42
YDR131C 1 10
YDR132C 2 8
YDR133C 1 4
YDR135C 4 326
YDR136C 2 49
YDR137W 1 23
YDR138W 0 0
YDR139C 0 0
YDR140W 3 170
YDR141C 3 5
YDR142C 7 74
YDR143C 0 0
YDR144C 0 0
YDR145W 6 188
YDR146C 0 0
YDR147W 2 198
YDR148C 4 165
YDR149C 0 0
YDR150W 4 50
YDR151C 3 23
YDR152W 2 401
YDR153C 6 307
YDR154C 2 11
YDR155C 0 0
YDR156W 4 94
YDR157W 3 206
YDR158W 5 193
YDR159W 0 0
YDR160W 0 0
YDR161W 1 39
YDR162C 1 6
YDR163W 1 21
YDR164C 0 0
YDR165W 1 4
YDR166C 1 9
YDR167W 2 70
YDR168W 4 310
YDR169C 0 0
YDR169C-A 2 8
YDR170C 1 31
YDR171W 5 262
YDR172W 3 229
YDR173C 2 6
YDR174W 7 902
YDR175C 1 28
YDR176W 6 85
YDR177W 2 42
YDR178W 4 143
YDR179C 2 46
YDR179W-A 1 6
YDR180W 1 1
YDR181C 3 25
YDR182W 8 67
YDR182W-A 3 632
YDR183W 2 6
YDR183C-A 0 0
YDR184C 0 0
YDR185C 0 0
YDR186C 5 606
YDR187C 1 1
YDR188W 7 755
YDR189W 0 0
YDR190C 1 31
YDR191W 2 71
YDR192C 3 12
YDR193W 1 1
YDR194C 2 90
YDR194W-A 3 94
YDR195W 1 2
YDR196C 7 293
YDR197W 3 183
YDR198C 6 1987
YDR199W 3 217
YDR200C 0 0
YDR201W 13 511
YDR202C 2 11
YDR203W 0 0
YDR204W 3 174
YDR205W 5 47
YDR206W 0 0
YDR207C 3 26
YDR208W 0 0
YDR209C 0 0
YDR210W 3 32
YDR211W 0 0
YDR212W 0 0
YDR213W 0 0
YDR214W 2 164
YDR215C 1 2
YDR216W 0 0
YDR217C 2 8
YDR218C 0 0
YDR219C 0 0
YDR220C 0 0
YDR221W 2 183
YDR222W 0 0
YDR223W 0 0
YDR224C 5 45
YDR225W 4 25
YDR226W 1 97
YDR227W 0 0
YDR228C 1 16
YDR229W 5 525
YDR230W 0 0
YDR231C 10 1463
YDR232W 2 14
YDR233C 9 427
YDR234W 2 11
YDR235W 1 1
YDR236C 5 284
YDR237W 2 5
YDR238C 2 65
YDR239C 0 0
YDR240C 2 227
YDR241W 0 0
YDR242W 1 1
YDR243C 1 15
YDR244W 5 127
YDR245W 0 0
YDR246W 0 0
YDR246W-A 14 268
YDR247W 0 0
YDR248C 0 0
YDR249C 3 48
YDR250C 3 55
YDR251W 1 16
YDR252W 8 1154
YDR253C 0 0
YDR254W 2 39
YDR255C 3 302
YDR256C 1 125
YDR257C 4 318
YDR258C 6 115
YDR259C 0 0
YDR260C 4 41
YDR261C 0 0
YDR262W 8 164
YDR263C 2 101
YDR264C 4 64
YDR265W 4 99
YDR266C 1 1
YDR267C 3 64
YDR268W 1 12
YDR269C 1 96
YDR270W 1 137
YDR271C 1 9
YDR272W 1 3
YDR273W 2 30
YDR274C 11 358
YDR275W 9 2404
YDR276C 4 69
YDR277C 3 136
YDR278C 0 0
YDR279W 1 2
YDR280W 0 0
YDR281C 0 0
YDR282C 8 168
YDR283C 1 20
YDR284C 1 13
YDR285W 0 0
YDR286C 5 247
YDR287W 1 2
YDR288W 4 64
YDR289C 1 1
YDR290W 0 0
YDR291W 1 8
YDR292C 0 0
YDR293C 2 3
YDR294C 3 1255
YDR295C 0 0
YDR296W 1 3
YDR297W 2 3
YDR298C 1 6
YDR299W 6 752
YDR300C 2 27
YDR301W 5 111
YDR302W 4 5
YDR303C 3 63
YDR304C 2 33
YDR305C 10 154
YDR306C 2 1420
YDR307W 3 31
YDR308C 1 2
YDR309C 2 41
YDR310C 0 0
YDR311W 1 1
YDR312W 2 1068
YDR313C 2 87
YDR314C 0 0
YDR315C 6 153
YDR316W 5 105
YDR317W 3 23
YDR318W 1 9
YDR319C 3 127
YDR320C 1 6
YDR320C-A 1 11
YDR320W-B 1 27
YDR321W 7 625
YDR322W 4 228
YDR322C-A 4 24
YDR323C 1 2
YDR324C 6 105
YDR325W 4 251
YDR326C 2 136
YDR327W 10 208
YDR328C 3 10
YDR329C 10 489
YDR330W 1 2
YDR331W 6 362
YDR332W 4 218
YDR333C 5 35
YDR334W 3 22
YDR335W 0 0
YDR336W 1 96
YDR337W 1 4
YDR338C 0 0
YDR339C 2 71
YDR340W 1 8
YDR341C 2 4
YDR342C 0 0
YDR343C 0 0
YDR344C 3 71
YDR345C 0 0
YDR346C 2 4
YDR347W 2 9
YDR348C 0 0
YDR349C 2 19
YDR350C 0 0
YDR351W 0 0
YDR352W 1 4
YDR353W 3 14
YDR354W 2 3
YDR354C-A 0 0
YDR355C 0 0
YDR356W 4 609
YDR357C 6 73
YDR358W 5 19
YDR359C 0 0
YDR360W 0 0
YDR361C 5 252
YDR362C 0 0
YDR363W 2 139
YDR363W-A 8 267
YDR364C 1 20
YDR365C 5 43
YDR366C 3 42
YDR367W 4 65
YDR368W 2 18
YDR369C 2 20
YDR370C 6 236
YDR371W 3 74
YDR371C-A 0 0
YDR372C 1 86
YDR373W 2 7
YDR374C 1 2
YDR374W-A 6 289
YDR375C 9 380
YDR376W 1 1
YDR377W 0 0
YDR378C 2 14
YDR379W 0 0
YDR379C-A 9 175
YDR380W 5 95
YDR381W 0 0
YDR381C-A 2 14
YDR382W 2 32
YDR383C 5 314
YDR384C 0 0
YDR385W 6 249
YDR386W 8 312
YDR387C 1 1
YDR388W 4 36
YDR389W 1 3
YDR390C 5 460
YDR391C 5 268
YDR392W 6 71
YDR393W 3 143
YDR394W 1 1
YDR395W 0 0
YDR396W 3 9
YDR397C 8 361
YDR398W 3 47
YDR399W 5 67
YDR400W 3 23
YDR401W 4 7
YDR402C 0 0
YDR403W 0 0
YDR404C 1 9
YDR405W 2 9
YDR406W 6 169
YDR406W-A 2 7
YDR407C 1 1
YDR408C 1 1
YDR409W 1 2
YDR410C 3 33
YDR411C 4 118
YDR412W 0 0
YDR413C 3 47
YDR414C 0 0
YDR415C 0 0
YDR416W 1 2
YDR417C 0 0
YDR418W 0 0
YDR419W 3 69
YDR420W 1 26
YDR421W 0 0
YDR422C 1 1
YDR423C 5 206
YDR424C 3 315
YDR425W 2 3
YDR426C 7 106
YDR427W 4 58
YDR428C 3 183
YDR429C 4 139
YDR430C 3 16
YDR431W 0 0
YDR432W 1 2
YDR433W 2 2
YDR434W 0 0
YDR435C 1 5
YDR436W 0 0
YDR437W 0 0
YDR438W 3 189
YDR439W 0 0
YDR440W 0 0
YDR441C 5 2768
YDR442W 0 0
YDR443C 4 74
YDR444W 1 45
YDR445C 1 5
YDR446W 2 12
YDR447C 1 12
YDR448W 0 0
YDR449C 6 61
YDR450W 2 11
YDR451C 3 89
YDR452W 2 92
YDR453C 1 1
YDR454C 0 0
YDR455C 0 0
YDR456W 1 7
YDR457W 3 12
YDR458C 1 4
YDR459C 0 0
YDR460W 2 32
YDR461W 5 183
YDR461C-A 3 75
YDR462W 4 14
YDR463W 9 658
YDR464W 2 36
YDR464C-A 3 169
YDR465C 4 16
YDR466W 2 9
YDR467C 2 163
YDR468C 0 0
YDR469W 4 136
YDR470C 0 0
YDR471W 4 105
YDR472W 1 1
YDR473C 3 47
YDR475C 3 20
YDR476C 15 2702
YDR477W 1 1
YDR478W 2 16
YDR479C 5 56
YDR480W 0 0
YDR481C 4 76
YDR482C 2 10
YDR483W 3 271
YDR484W 0 0
YDR485C 0 0
YDR486C 3 47
YDR487C 4 192
YDR488C 4 162
YDR489W 0 0
YDR490C 0 0
YDR491C 1 5
YDR492W 5 65
YDR493W 2 34
YDR494W 1 71
YDR495C 6 316
YDR496C 2 30
YDR497C 5 98
YDR498C 7 92
YDR499W 1 5
YDR500C 7 285
YDR501W 0 0
YDR502C 2 11
YDR503C 1 16
YDR504C 0 0
YDR505C 1 39
YDR506C 1 4
YDR507C 2 168
YDR508C 6 72
YDR509W 1 4
YDR510W 1 1
YDR510C-A 6 48
YDR511W 1 18
YDR512C 1 7
YDR513W 5 134
YDR514C 1 1
YDR515W 0 0
YDR516C 6 86
YDR517W 3 14
YDR518W 1 18
YDR519W 4 29
YDR520C 1 17
YDR521W 0 0
YDR522C 6 362
YDR523C 1 1
YDR524C 5 31
YDR524W-C 2 21
YDR524C-B 2 31
YDR524C-A 5 70
YDR525W 2 31
YDR525W-A 14 547
YDR526C 1 73
YDR527W 4 56
YDR528W 0 0
YDR529C 7 61
YDR530C 6 190
YDR531W 3 14
YDR532C 1 9
YDR533C 5 138
YDR534C 0 0
YDR535C 5 206
YDR536W 3 48
YDR537C 1 8
YDR538W 0 0
YDR539W 3 12
YDR540C 0 0
YDR541C 5 228
YDR542W 0 0
YDR543C 5 37
YDR544C 0 0
YDR545W 0 0
YDR545C-A 0 0
YEL077C 0 0
YEL077W-A 1 4
YEL076C-A 0 0
YEL076C 0 0
YEL075W-A 0 0
YEL075C 0 0
YEL074W 1 3
YEL073C 1 31
YEL072W 2 6
YEL071W 3 17
YEL070W 1 24
YEL069C 1 2
YEL068C 2 782
YEL067C 3 106
YEL066W 14 2702
YEL065W 5 360
YEL064C 1 14
YEL063C 0 0
YEL062W 2 76
YEL061C 0 0
YEL060C 6 243
YEL059C-A 5 52
YEL059W 4 23
YEL058W 4 103
YEL057C 0 0
YEL056W 1 32
YEL055C 0 0
YEL054C 1 25
YEL053W-A 1 1
YEL053C 0 0
YEL052W 4 51
YEL051W 3 86
YEL050W-A 4 98
YEL050C 4 167
YEL049W 1 19
YEL048C 0 0
YEL047C 4 74
YEL046C 5 66
YEL045C 5 364
YEL044W 4 48
YEL043W 5 44
YEL042W 0 0
YEL041W 2 54
YEL040W 3 137
YEL039C 2 10
YEL038W 10 202
YEL037C 1 2
YEL036C 3 57
YEL035C 5 80
YEL034C-A 3 36
YEL034W 6 81
YEL033W 2 174
YEL032W 2 10
YEL032C-A 0 0
YEL031W 5 1519
YEL030C-A 0 0
YEL030W 0 0
YEL029C 1 3
YEL028W 0 0
YEL027W 0 0
YEL026W 0 0
YEL025C 7 260
YEL024W 1 1
YEL023C 0 0
YEL022W 1 3
YEL021W 6 27
YEL020C-B 0 0
YEL020W-A 5 139
YEL020C 1 115
YEL019C 1 1
YEL018C-A 1 1
YEL018W 3 26
YEL017C-A 2 4
YEL017W 5 103
YEL016C 2 60
YEL015W 1 1
YEL014C 0 0
YEL013W 0 0
YEL012W 0 0
YEL011W 2 6
YEL010W 3 36
YEL009C-A 1 14
YEL009C 0 0
YEL008W 6 215
YEL008C-A 15 1012
YEL007W 4 607
YEL006W 2 3
YEL005C 7 1221
YEL004W 2 574
YEL003W 4 409
YEL002C 7 1716
YEL001C 7 375
YER001W 1 20
YER002W 1 7
YER003C 6 33
YER004W 7 606
YER005W 1 54
YER006W 3 42
YER006C-A 2 77
YER007W 4 59
YER007C-A 2 13
YER008C 0 0
YER009W 1 70
YER010C 3 31
YER011W 0 0
YER012W 1 115
YER013W 0 0
YER014W 0 0
YER014C-A 1 13
YER015W 1 2
YER016W 2 12
YER017C 0 0
YER018C 1 3
YER019W 1 1
YER019C-A 7 68
YER020W 1 1
YER021W 3 5
YER022W 2 4
YER023W 2 15
YER023C-A 1 1
YER024W 1 15
YER025W 0 0
YER026C 1 1
YER027C 0 0
YER028C 1 5
YER029C 2 9
YER030W 7 57
YER031C 1 4
YER032W 2 20
YER033C 11 122
YER034W 5 103
YER035W 5 154
YER036C 1 117
YER037W 6 645
YER038C 3 21
YER038W-A 0 0
YER039C 1 93
YER039C-A 10 2122
YER040W 1 6
YER041W 0 0
YER042W 2 3
YER043C 6 81
YER044C 2 21
YER044C-A 0 0
YER045C 7 304
YER046W 1 39
YER046W-A 1 17
YER047C 0 0
YER048C 1 11
YER048W-A 0 0
YER049W 1 29
YER050C 2 17
YER051W 4 18
YER052C 0 0
YER053C 7 256
YER053C-A 4 231
YER054C 0 0
YER055C 1 20
YER056C 1 15
YER056C-A 1 14
YER057C 4 32
YER058W 6 288
YER059W 0 0
YER060W 0 0
YER060W-A 0 0
YER061C 7 205
YER062C 1 9
YER063W 0 0
YER064C 0 0
YER065C 2 3
YER066W 2 6
YER066C-A 2 39
YER067W 3 315
YER067C-A 4 192
YER068W 0 0
YER068C-A 1 11
YER069W 6 186
YER070W 3 19
YER071C 0 0
YER072W 1 68
YER073W 4 130
YER074W 2 36
YER074W-A 4 49
YER075C 4 57
YER076C 0 0
YER076W-A 1 9
YER077C 2 7
YER078C 1 2
YER078W-A 5 116
YER079W 1 2
YER079C-A 1 42
YER080W 5 154
YER081W 2 3
YER082C 1 5
YER083C 5 390
YER084W 1 1
YER084W-A 0 0
YER085C 2 34
YER086W 0 0
YER087W 4 200
YER087C-A 3 12
YER087C-B 1 38
YER088C 6 84
YER088C-A 5 68
YER088W-B 16 1479
YER089C 0 0
YER090W 1 10
YER090C-A 0 0
YER091C 0 0
YER091C-A 4 294
YER092W 5 333
YER093C 2 12
YER093C-A 6 663
YER094C 0 0
YER095W 3 24
YER096W 2 7
YER097W 5 480
YER098W 1 107
YER099C 2 7
YER100W 1 5
YER101C 5 121
YER102W 1 25
YER103W 1 1
YER104W 2 4
YER105C 2 31
YER106W 0 0
YER107C 3 33
YER107W-A 3 123
YER109C 4 137
YER110C 2 13
YER111C 0 0
YER112W 0 0
YER113C 2 32
YER114C 1 1
YER115C 1 1
YER116C 2 10
YER117W 0 0
YER118C 2 43
YER119C 3 384
YER119C-A 1 112
YER120W 8 126
YER121W 2 20
YER122C 3 21
YER123W 1 65
YER124C 0 0
YER125W 0 0
YER126C 1 82
YER127W 4 15
YER128W 1 43
YER129W 0 0
YER130C 3 145
YER131W 1 6
YER132C 0 0
YER133W 1 3
YER133W-A 0 0
YER134C 2 12
YER135C 1 14
YER136W 3 58
YER137C 7 200
YER137W-A 4 105
YER138W-A 0 0
YER139C 1 4
YER140W 4 29
YER141W 2 45
YER142C 2 20
YER143W 3 50
YER144C 11 980
YER145C 2 16
YER145C-A 4 134
YER146W 7 76
YER147C 5 80
YER147C-A 0 0
YER148W 0 0
YER148W-A 0 0
YER149C 5 103
YER150W 3 74
YER151C 1 1
YER152C 3 112
YER152W-A 4 196
YER153C 9 417
YER154W 8 2703
YER155C 5 24
YER156C 7 1092
YER157W 4 27
YER158C 4 110
YER158W-A 4 93
YER159C 4 619
YER161C 3 767
YER162C 0 0
YER163C 2 194
YER164W 0 0
YER165W 1 9
YER165C-A 3 57
YER166W 0 0
YER167W 1 2
YER168C 1 26
YER169W 1 34
YER170W 4 208
YER171W 0 0
YER172C 0 0
YER172C-A 2 270
YER173W 3 29
YER174C 1 79
YER175C 4 37
YER175W-A 2 145
YER176W 6 483
YER177W 1 5
YER178W 2 18
YER179W 2 47
YER180C 2 47
YER180C-A 4 106
YER181C 0 0
YER182W 2 65
YER183C 2 29
YER184C 1 4
YER185W 0 0
YER186C 3 15
YER187W 3 29
YER188W 1 1
YER188C-A 8 373
YER189W 0 0
YER190W 0 0
YER190C-A 0 0
YER190C-B 0 0
YFL068W 0 0
YFL067W 0 0
YFL066C 0 0
YFL065C 0 0
YFL064C 0 0
YFL063W 1 40
YFL062W 0 0
YFL061W 0 0
YFL060C 0 0
YFL059W 2 183
YFL058W 0 0
YFL057C 1 15
YFL056C 0 0
YFL055W 1 3
YFL054C 5 84
YFL053W 0 0
YFL052W 2 11
YFL051C 2 25
YFL050C 0 0
YFL049W 2 61
YFL048C 3 47
YFL047W 3 58
YFL046W 2 174
YFL045C 2 5
YFL044C 2 78
YFL042C 1 3
YFL041W-A 2 65
YFL041W 4 1309
YFL040W 0 0
YFL039C 1 25
YFL038C 5 251
YFL037W 3 30
YFL036W 3 118
YFL034C-B 0 0
YFL034C-A 3 58
YFL034W 0 0
YFL033C 0 0
YFL032W 0 0
YFL031W 3 332
YFL031C-A 2 13
YFL030W 0 0
YFL029C 0 0
YFL028C 3 146
YFL027C 0 0
YFL026W 1 1
YFL025C 0 0
YFL024C 4 51
YFL023W 5 61
YFL022C 4 15
YFL021C-A 2 6
YFL021W 6 113
YFL020C 0 0
YFL019C 1 4
YFL018C 5 271
YFL017W-A 3 227
YFL017C 4 525
YFL016C 2 2
YFL015W-A 8 333
YFL015C 6 319
YFL014W 2 39
YFL013W-A 5 85
YFL013C 1 4
YFL012W-A 0 0
YFL012W 0 0
YFL011W 0 0
YFL010W-A 0 0
YFL010C 2 57
YFL009W 0 0
YFL008W 3 93
YFL007W 0 0
YFL005W 2 10
YFL004W 3 174
YFL003C 2 40
YFL002C 5 421
YFL001W 5 1526
YFR001W 0 0
YFR002W 2 108
YFR003C 1 15
YFR004W 3 154
YFR005C 0 0
YFR006W 4 2236
YFR007W 4 28
YFR008W 0 0
YFR009W 2 46
YFR009W-A 3 32
YFR010W 2 48
YFR010W-A 5 86
YFR011C 6 328
YFR012W 2 7
YFR012W-A 0 0
YFR013W 3 45
YFR014C 2 14
YFR015C 1 4
YFR016C 1 2
YFR017C 5 36
YFR018C 4 18
YFR019W 5 658
YFR020W 0 0
YFR021W 1 17
YFR022W 2 6
YFR023W 0 0
YFR024C-A 9 754
YFR025C 2 112
YFR026C 5 133
YFR027W 3 19
YFR028C 2 54
YFR029W 7 367
YFR030W 3 13
YFR031C 6 289
YFR031C-A 3 73
YFR032C 2 61
YFR032C-A 3 62
YFR032C-B 2 3
YFR033C 7 832
YFR034C 4 27
YFR034W-A 3 14
YFR035C 8 108
YFR036W 7 1157
YFR036W-A 2 975
YFR037C 2 12
YFR038W 2 275
YFR039C 2 10
YFR040W 1 1
YFR041C 1 6
YFR042W 1 20
YFR043C 1 197
YFR044C 5 728
YFR045W 1 2
YFR046C 5 231
YFR047C 7 431
YFR048W 3 12
YFR049W 0 0
YFR050C 1 158
YFR051C 5 14050
YFR052W 2 9
YFR052C-A 3 119
YFR053C 1 1
YFR054C 0 0
YFR056C 0 0
YFR055W 1 45
YFR057W 1 2
YGL263W 5 31
YGL262W 2 62
YGL261C 0 0
YGL260W 0 0
YGL259W 3 20
YGL258W-A 0 0
YGL258W 0 0
YGL257C 0 0
YGL256W 1 1
YGL255W 0 0
YGL254W 6 496
YGL253W 5 1298
YGL252C 3 849
YGL251C 2 13
YGL250W 2 146
YGL249W 2 58
YGL248W 1 1
YGL247W 0 0
YGL246C 5 127
YGL245W 3 47
YGL244W 2 60
YGL243W 1 3
YGL242C 4 84
YGL241W 13 2410
YGL240W 1 21
YGL239C 1 81
YGL238W 2 232
YGL237C 1 19
YGL236C 1 3
YGL235W 1 1
YGL234W 0 0
YGL233W 1 1
YGL232W 2 38
YGL231C 2 7
YGL230C 0 0
YGL229C 0 0
YGL228W 2 171
YGL227W 2 13
YGL226C-A 4 390
YGL226W 5 181
YGL225W 5 248
YGL224C 2 8
YGL223C 5 288
YGL222C 4 20
YGL221C 7 631
YGL220W 7 631
YGL219C 0 0
YGL218W 0 0
YGL217C 1 4
YGL216W 1 7
YGL215W 0 0
YGL214W 0 0
YGL213C 0 0
YGL212W 1 3
YGL211W 6 1021
YGL210W 0 0
YGL209W 1 5
YGL208W 7 263
YGL207W 2 6
YGL206C 2 51
YGL205W 1 4
YGL204C 0 0
YGL203C 0 0
YGL202W 3 81
YGL201C 0 0
YGL200C 3 40
YGL199C 2 3
YGL198W 1 17
YGL197W 0 0
YGL196W 1 19
YGL195W 0 0
YGL194C-A 0 0
YGL194C 0 0
YGL193C 0 0
YGL192W 0 0
YGL191W 3 42
YGL190C 1 4
YGL189C 3 5
YGL188C-A 3 5
YGL188C 1 4
YGL187C 4 111
YGL186C 4 62
YGL185C 4 25
YGL184C 1 3
YGL183C 2 9
YGL182C 5 404
YGL181W 3 36
YGL180W 1 6
YGL179C 1 11
YGL178W 2 35
YGL177W 7 407
YGL176C 0 0
YGL175C 3 31
YGL174W 0 0
YGL173C 0 0
YGL172W 3 102
YGL171W 7 143
YGL170C 3 423
YGL169W 0 0
YGL168W 3 39
YGL167C 0 0
YGL166W 4 291
YGL165C 1 2
YGL164C 1 46
YGL163C 0 0
YGL162W 4 37
YGL161C 3 58
YGL160W 1 2
YGL159W 4 23
YGL158W 1 8
YGL157W 0 0
YGL156W 3 20
YGL155W 3 58
YGL154C 3 20
YGL153W 2 18
YGL152C 7 208
YGL151W 5 128
YGL150C 1 18
YGL149W 1 17
YGL148W 4 41
YGL147C 4 28
YGL146C 1 1
YGL145W 1 9
YGL144C 4 38
YGL143C 2 5
YGL142C 3 440
YGL141W 2 52
YGL140C 0 0
YGL139W 2 6
YGL138C 1 91
YGL137W 5 100
YGL136C 7 114
YGL135W 3 20
YGL134W 4 85
YGL133W 0 0
YGL132W 1 4
YGL131C 1 1
YGL130W 0 0
YGL129C 6 172
YGL128C 1 4
YGL127C 2 35
YGL126W 1 2
YGL125W 1 4
YGL124C 9 11288
YGL123W 3 20
YGL123C-A 1 44
YGL122C 4 25
YGL121C 6 248
YGL120C 1 7
YGL119W 2 7
YGL118C 3 45
YGL117W 3 17
YGL116W 0 0
YGL115W 1 7
YGL114W 6 23
YGL113W 2 10
YGL112C 0 0
YGL111W 2 5
YGL110C 4 142
YGL109W 4 142
YGL108C 4 28
YGL107C 6 295
YGL106W 1 4
YGL105W 4 304
YGL104C 4 271
YGL103W 0 0
YGL102C 6 725
YGL101W 8 643
YGL100W 3 170
YGL099W 1 3
YGL098W 3 76
YGL097W 3 49
YGL096W 0 0
YGL095C 2 9
YGL094C 2 66
YGL093W 5 354
YGL092W 1 9
YGL091C 0 0
YGL090W 1 3
YGL089C 3 23
YGL088W 11 1492
YGL087C 2 184
YGL086W 2 48
YGL085W 3 4
YGL084C 3 109
YGL083W 3 9
YGL082W 1 70
YGL081W 0 0
YGL080W 1 14
YGL079W 1 121
YGL078C 1 2
YGL077C 0 0
YGL076C 4 92
YGL075C 4 47
YGL074C 4 21
YGL073W 2 10
YGL072C 5 150
YGL071W 0 0
YGL070C 1 9
YGL069C 0 0
YGL068W 4 60
YGL067W 0 0
YGL066W 6 317
YGL065C 3 26
YGL064C 2 9
YGL063W 6 645
YGL063C-A 10 930
YGL062W 9 1055
YGL061C 0 0
YGL060W 0 0
YGL059W 7 566
YGL058W 6 274
YGL057C 6 22
YGL056C 0 0
YGL055W 10 98
YGL054C 8 298
YGL053W 4 32
YGL052W 1 1
YGL051W 1 237
YGL050W 3 673
YGL049C 1 38
YGL048C 2 13
YGL047W 0 0
YGL045W 2 5
YGL044C 0 0
YGL043W 7 397
YGL042C 1 26
YGL041C-B 1 44
YGL041W-A 4 136
YGL041C 5 116
YGL040C 1 75
YGL039W 2 20
YGL038C 0 0
YGL037C 0 0
YGL036W 3 103
YGL035C 1 1
YGL034C 6 179
YGL033W 2 37
YGL032C 1 3
YGL031C 4 140
YGL030W 0 0
YGL029W 1 9
YGL028C 0 0
YGL027C 5 168
YGL026C 2 62
YGL025C 2 19
YGL024W 2 28
YGL023C 10 358
YGL022W 1 20
YGL021W 0 0
YGL020C 2 3631
YGL019W 2 25
YGL018C 0 0
YGL017W 5 176
YGL016W 3 37
YGL015C 1 5
YGL014W 0 0
YGL014C-A 3 236
YGL013C 0 0
YGL012W 6 101
YGL011C 2 7
YGL010W 2 15
YGL009C 0 0
YGL008C 0 0
YGL007C-A 3 6
YGL007W 9 441
YGL006W-A 4 118
YGL006W 1 18
YGL005C 4 20
YGL004C 2 123
YGL003C 1 5
YGL002W 4 3416
YGL001C 4 109
YGR001C 3 25
YGR002C 4 447
YGR003W 8 2275
YGR004W 1 10
YGR005C 5 74
YGR006W 7 81
YGR007W 7 1371
YGR008C 4 9
YGR009C 1 6
YGR010W 1 6
YGR011W 3 50
YGR012W 0 0
YGR013W 4 142
YGR014W 0 0
YGR015C 8 574
YGR016W 9 289
YGR017W 2 9
YGR018C 2 42
YGR019W 0 0
YGR020C 2 17
YGR021W 8 650
YGR022C 0 0
YGR023W 2 56
YGR024C 4 20
YGR025W 2 12
YGR026W 1 8
YGR027C 6 218
YGR028W 4 144
YGR029W 5 48
YGR030C 3 102
YGR031W 0 0
YGR031C-A 8 293
YGR032W 2 114
YGR033C 0 0
YGR034W 1 2
YGR035C 3 11
YGR035W-A 2 7
YGR036C 4 126
YGR037C 3 28
YGR038W 0 0
YGR039W 2 28
YGR040W 2 28
YGR041W 1 35
YGR042W 5 61
YGR043C 3 73
YGR044C 1 61
YGR045C 9 338
YGR046W 1 13
YGR047C 3 623
YGR048W 1 3
YGR049W 2 12
YGR050C 6 89
YGR051C 5 153
YGR052W 3 114
YGR053C 2 20
YGR054W 1 448
YGR055W 1 1
YGR056W 3 42
YGR057C 1 155
YGR058W 6 880
YGR059W 2 3
YGR060W 2 12
YGR061C 0 0
YGR062C 0 0
YGR063C 2 7
YGR064W 2 181
YGR065C 4 33
YGR066C 2 4
YGR067C 2 77
YGR068C 6 356
YGR068W-A 6 65
YGR069W 1 6
YGR070W 4 122
YGR071C 5 420
YGR072W 3 50
YGR073C 0 0
YGR074W 0 0
YGR075C 1 2
YGR076C 5 78
YGR077C 3 39
YGR078C 2 143
YGR079W 4 294
YGR080W 3 16
YGR081C 5 366
YGR082W 4 7
YGR083C 1 12
YGR084C 5 33
YGR085C 3 5
YGR086C 2 86
YGR087C 0 0
YGR088W 1 92
YGR089W 0 0
YGR090W 2 44
YGR091W 0 0
YGR092W 3 299
YGR093W 1 59
YGR094W 6 292
YGR095C 2 3
YGR096W 4 497
YGR097W 1 7
YGR098C 0 0
YGR099W 4 555
YGR100W 1 5
YGR101W 9 1316
YGR102C 4 210
YGR103W 1 6
YGR104C 2 4
YGR105W 6 80
YGR106C 1 10
YGR107W 2 51
YGR108W 3 102
YGR109C 1 33
YGR110W 0 0
YGR111W 4 106
YGR112W 0 0
YGR113W 0 0
YGR114C 0 0
YGR115C 2 114
YGR116W 0 0
YGR117C 4 6
YGR118W 2 9
YGR119C 2 15
YGR120C 1 4
YGR121C 2 49
YGR121W-A 9 124
YGR122W 4 53
YGR122C-A 2 449
YGR123C 3 38
YGR124W 5 248
YGR125W 1 5
YGR126W 2 181
YGR127W 2 44
YGR128C 0 0
YGR129W 0 0
YGR130C 3 113
YGR131W 0 0
YGR132C 2 42
YGR133W 13 1713
YGR134W 1 10
YGR135W 1 1
YGR136W 4 41
YGR137W 1 19
YGR138C 0 0
YGR139W 0 0
YGR140W 4 43
YGR141W 4 118
YGR142W 5 78
YGR143W 1 6
YGR144W 1 13
YGR145W 3 28
YGR146C 0 0
YGR146C-A 5 175
YGR147C 1 19
YGR148C 4 76
YGR149W 1 159
YGR150C 4 72
YGR151C 0 0
YGR152C 2 7
YGR153W 0 0
YGR154C 1 5
YGR155W 1 95
YGR156W 0 0
YGR157W 5 78
YGR158C 1 6
YGR159C 1 4
YGR160W 1 1
YGR161C 3 289
YGR161W-C 7 195
YGR162W 0 0
YGR163W 0 0
YGR164W 1 109
YGR165W 1 32
YGR166W 1 6
YGR167W 1 8
YGR168C 6 92
YGR169C 1 15
YGR169C-A 3 46
YGR170W 2 107
YGR171C 3 22
YGR172C 3 210
YGR173W 0 0
YGR174C 4 826
YGR174W-A 1 8
YGR175C 2 20
YGR176W 5 49
YGR177C 1 136
YGR178C 1 6
YGR179C 1 16
YGR180C 8 140
YGR181W 5 107
YGR182C 1 4
YGR183C 5 321
YGR184C 2 48
YGR185C 3 87
YGR186W 5 192
YGR187C 2 11
YGR188C 3 287
YGR189C 0 0
YGR190C 1 22
YGR191W 2 1035
YGR192C 2 6
YGR193C 0 0
YGR194C 8 282
YGR195W 0 0
YGR196C 3 79
YGR197C 2 18
YGR198W 11 3075
YGR199W 0 0
YGR200C 3 80
YGR201C 6 71
YGR202C 2 40
YGR203W 12 1798
YGR204W 4 72
YGR204C-A 0 0
YGR205W 0 0
YGR206W 2 93
YGR207C 2 184
YGR208W 3 18
YGR209C 3 47
YGR210C 0 0
YGR211W 3 85
YGR212W 7 256
YGR213C 2 15
YGR214W 3 46
YGR215W 4 21
YGR216C 2 8
YGR217W 1 158
YGR218W 0 0
YGR219W 1 3
YGR220C 3 747
YGR221C 1 21
YGR222W 6 97
YGR223C 4 182
YGR224W 4 1345
YGR225W 0 0
YGR226C 2 13
YGR227W 0 0
YGR228W 1 55
YGR229C 2 61
YGR230W 3 42
YGR231C 3 125
YGR232W 6 187
YGR233C 0 0
YGR234W 5 104
YGR235C 4 52
YGR236C 1 2
YGR237C 0 0
YGR238C 4 49
YGR239C 2 3
YGR240C 1 1
YGR240C-A 3 27
YGR241C 0 0
YGR242W 0 0
YGR243W 0 0
YGR244C 2 3
YGR245C 0 0
YGR246C 4 23
YGR247W 0 0
YGR248W 5 39
YGR249W 4 243
YGR250C 1 4
YGR251W 1 83
YGR252W 1 5
YGR253C 1 2
YGR254W 2 37
YGR255C 0 0
YGR256W 4 47
YGR257C 1 2
YGR258C 2 1257
YGR259C 1 9
YGR260W 4 472
YGR261C 2 7
YGR262C 2 7
YGR263C 1 12
YGR264C 7 38
YGR265W 1 16
YGR266W 6 75
YGR267C 1 1
YGR268C 4 195
YGR269W 1 1
YGR270W 1 27
YGR270C-A 1 25
YGR271W 7 147
YGR271C-A 0 0
YGR273C 0 0
YGR274C 0 0
YGR275W 3 155
YGR276C 2 189
YGR277C 3 56
YGR278W 2 32
YGR279C 2 3
YGR280C 6 398
YGR281W 3 13
YGR282C 0 0
YGR283C 5 700
YGR284C 7 100
YGR285C 4 236
YGR286C 1 3
YGR287C 2 37
YGR288W 5 126
YGR289C 0 0
YGR290W 2 117
YGR291C 1 2
YGR292W 1 2
YGR293C 0 0
YGR294W 0 0
YGR295C 1 391
YGR296W 0 0
YGR296C-A 0 0
YGR296C-B 0 0
YHL050C 0 0
YHL050W-A 0 0
YHL049C 0 0
YHL048C-A 1 51
YHL048W 0 0
YHL047C 1 4
YHL046W-A 1 1
YHL046C 0 0
YHL045W 0 0
YHL044W 3 49
YHL043W 6 444
YHL042W 0 0
YHL041W 2 53
YHL040C 5 328
YHL039W 2 137
YHL038C 2 40
YHL037C 2 53
YHL036W 3 168
YHL035C 6 35
YHL034W-A 0 0
YHL034C 0 0
YHL033C 8 211
YHL032C 4 33
YHL031C 3 16
YHL030W-A 2 30
YHL030W 6 136
YHL029C 2 82
YHL028W 3 661
YHL027W 0 0
YHL026C 10 388
YHL025W 2 32
YHL024W 2 69
YHL023C 3 54
YHL022C 1 4
YHL021C 3 36
YHL020C 2 74
YHL019W-A 7 300
YHL019C 2 113
YHL018W 6 690
YHL017W 4 36
YHL016C 1 2
YHL015W-A 2 4
YHL015W 0 0
YHL014C 5 337
YHL013C 6 1518
YHL012W 2 15
YHL011C 4 27
YHL010C 0 0
YHL009C 0 0
YHL008C 0 0
YHL007C 0 0
YHL006W-A 3 157
YHL006C 3 9
YHL005C 3 27
YHL004W 4 468
YHL003C 0 0
YHL002C-A 1 25
YHL002W 1 2
YHL001W 4 3223
YHR001W 2 10
YHR001W-A 6 261
YHR002W 4 76
YHR003C 3 31
YHR004C 3 735
YHR005C 4 17
YHR005C-A 2 33
YHR006W 1 9
YHR007C 1 31
YHR007C-A 10 290
YHR008C 4 14
YHR009C 0 0
YHR010W 1 62
YHR011W 0 0
YHR012W 1 95
YHR013C 2 23
YHR014W 0 0
YHR015W 3 64
YHR016C 4 119
YHR017W 1 127
YHR018C 2 120
YHR019C 2 69
YHR020W 5 571
YHR021C 0 0
YHR021W-A 6 891
YHR022C 0 0
YHR022C-A 7 721
YHR023W 0 0
YHR024C 5 1251
YHR025W 1 103
YHR026W 0 0
YHR027C 1 11
YHR028C 4 156
YHR028W-A 2 427
YHR029C 1 33
YHR030C 4 8
YHR031C 2 55
YHR032W 0 0
YHR032W-A 11 1275
YHR032C-A 9 395
YHR033W 4 16
YHR034C 3 14
YHR035W 2 10
YHR036W 1 15
YHR037W 1 1
YHR038W 2 18
YHR039C 0 0
YHR039C-A 5 252
YHR040W 4 70
YHR041C 3 61
YHR042W 2 28
YHR043C 1 3
YHR044C 3 60
YHR045W 0 0
YHR046C 2 10
YHR047C 0 0
YHR048W 5 90
YHR049W 2 4
YHR049C-A 3 202
YHR050W 3 202
YHR050W-A 5 224
YHR051W 2 10
YHR052W 0 0
YHR052W-A 0 0
YHR053C 0 0
YHR054C 1 4
YHR054W-A 0 0
YHR055C 0 0
YHR056C 1 9
YHR056W-A 1 1
YHR057C 6 394
YHR058C 3 134
YHR059W 1 7
YHR060W 4 156
YHR061C 5 196
YHR062C 2 30
YHR063C 8 333
YHR063W-A 3 20
YHR064C 3 48
YHR065C 2 12
YHR066W 2 76
YHR067W 5 28
YHR068W 1 9
YHR069C 5 14
YHR069C-A 0 0
YHR070W 5 304
YHR070C-A 5 218
YHR071W 0 0
YHR071C-A 0 0
YHR072W 2 8
YHR072W-A 1 1
YHR073W 1 2
YHR073W-A 1 7
YHR073C-B 1 1
YHR074W 3 40
YHR075C 0 0
YHR076W 4 70
YHR077C 2 432
YHR078W 2 48
YHR079C 0 0
YHR079C-A 2 6
YHR080C 7 111
YHR081W 3 56
YHR082C 0 0
YHR083W 10 3848
YHR084W 2 25
YHR085W 9 401
YHR086W 4 214
YHR086W-A 5 190
YHR087W 1 58
YHR088W 3 84
YHR089C 3 39
YHR090C 7 292
YHR091C 4 157
YHR092C 1 33
YHR093W 3 40
YHR094C 0 0
YHR095W 1 12
YHR096C 0 0
YHR097C 1 7
YHR098C 1 1
YHR099W 1 13
YHR100C 6 96
YHR101C 2 49
YHR102W 1 2
YHR103W 1 17
YHR104W 1 2
YHR105W 0 0
YHR106W 2 6
YHR107C 1 1
YHR108W 3 7
YHR109W 3 61
YHR110W 3 278
YHR111W 2 19
YHR112C 3 104
YHR113W 2 46
YHR114W 1 108
YHR115C 4 143
YHR116W 7 119
YHR117W 1 1
YHR118C 1 22
YHR119W 1 2
YHR120W 1 2
YHR121W 2 36
YHR122W 0 0
YHR123W 6 363
YHR124W 1 21
YHR125W 2 22
YHR126C 0 0
YHR127W 5 10140
YHR128W 1 1
YHR129C 0 0
YHR130C 0 0
YHR131C 1 6
YHR131W-A 0 0
YHR132C 5 25
YHR132W-A 4 194
YHR133C 0 0
YHR134W 1 40
YHR135C 2 6
YHR136C 9 63
YHR137W 1 4
YHR137C-A 0 0
YHR138C 1 9
YHR139C 2 77
YHR139C-A 7 253
YHR140W 3 120
YHR141C 0 0
YHR142W 1 96
YHR143W 0 0
YHR143W-A 1 8
YHR144C 4 3154
YHR145C 0 0
YHR146W 4 638
YHR147C 4 80
YHR148W 2 44
YHR149C 0 0
YHR150W 2 16
YHR151C 3 388
YHR152W 1 2
YHR153C 2 33
YHR154W 5 779
YHR155W 1 2
YHR156C 3 44
YHR157W 0 0
YHR158C 0 0
YHR159W 0 0
YHR160C 4 53
YHR161C 2 6
YHR162W 1 3
YHR163W 5 171
YHR164C 2 92
YHR165C 2 2
YHR165W-A 1 1
YHR166C 2 104
YHR167W 5 46
YHR168W 7 1661
YHR169W 4 29
YHR170W 0 0
YHR171W 5 273
YHR172W 1 13
YHR173C 9 433
YHR174W 4 30
YHR175W 9 3568
YHR175W-A 1 20
YHR176W 0 0
YHR177W 1 11
YHR178W 4 54
YHR179W 0 0
YHR180W 0 0
YHR180W-A 1 3
YHR180C-B 4 231
YHR181W 2 70
YHR182W 0 0
YHR182C-A 1 9
YHR183W 3 126
YHR184W 2 382
YHR185C 0 0
YHR186C 0 0
YHR187W 1 75
YHR188C 0 0
YHR189W 4 808
YHR190W 2 39
YHR191C 2 58
YHR192W 2 116
YHR193C 7 64
YHR193C-A 1 6
YHR194W 2 7
YHR195W 2 20
YHR196W 4 52
YHR197W 1 1
YHR198C 9 471
YHR199C 5 338
YHR199C-A 6 451
YHR200W 2 5
YHR201C 2 7
YHR202W 3 48
YHR203C 1 3
YHR204W 2 14
YHR205W 0 0
YHR206W 1 1
YHR207C 6 200
YHR208W 5 73
YHR209W 1 66
YHR210C 0 0
YHR211W 0 0
YHR212C 0 0
YHR212W-A 0 0
YHR213W 0 0
YHR213W-A 0 0
YHR213W-B 0 0
YHR214W 0 0
YHR214W-A 0 0
YHR214C-D 0 0
YHR214C-E 0 0
YHR215W 0 0
YHR216W 0 0
YHR217C 0 0
YHR218W 0 0
YHR218W-A 0 0
YHR219W 0 0
YHR219C-A 0 0
YIL177C 0 0
YIL177W-A 0 0
YIL176C 0 0
YIL173W 0 0
YIL172C 0 0
YIL171W-A 0 0
YIL169C 3 51
YIL166C 0 0
YIL165C 4 211
YIL164C 3 13
YIL163C 0 0
YIL162W 2 37
YIL161W 0 0
YIL160C 2 54
YIL159W 3 59
YIL158W 2 24
YIL157C 6 242
YIL156W-A 1 31
YIL156W-B 7 99
YIL156W 4 115
YIL155C 3 79
YIL154C 0 0
YIL153W 2 24
YIL152W 5 174
YIL151C 2 62
YIL150C 3 49
YIL149C 2 6
YIL148W 1 68
YIL147C 0 0
YIL146C 0 0
YIL145C 4 64
YIL144W 0 0
YIL143C 6 117
YIL142C-A 2 158
YIL142W 4 8
YIL141W 3 1235
YIL140W 2 10
YIL139C 1 2
YIL138C 0 0
YIL137C 11 5735
YIL136W 6 104
YIL135C 1 2
YIL134C-A 2 1354
YIL134W 7 73
YIL133C 1 68
YIL132C 3 31
YIL131C 3 133
YIL130W 1 1
YIL129C 1 4
YIL128W 1 2
YIL127C 0 0
YIL126W 1 20
YIL125W 1 24
YIL124W 2 106
YIL123W 1 16
YIL122W 2 118
YIL121W 0 0
YIL120W 0 0
YIL119C 1 1
YIL118W 2 45
YIL117C 2 10
YIL116W 1 32
YIL115W-A 1 8
YIL115C 1 1
YIL114C 0 0
YIL113W 2 94
YIL112W 1 11
YIL111W 1 1
YIL110W 1 2
YIL109C 0 0
YIL108W 2 5
YIL107C 2 3
YIL106W 1 1
YIL105C 2 76
YIL105W-A 4 92
YIL104C 5 114
YIL103W 5 304
YIL102C-A 1 65
YIL102C 3 19
YIL101C 4 11
YIL100C-A 8 145
YIL100W 6 21
YIL099W 5 265
YIL098C 1 1
YIL097W 2 47
YIL096C 2 13
YIL095W 0 0
YIL094C 2 274
YIL093C 1 4
YIL092W 1 1
YIL091C 2 22
YIL090W 1 12
YIL089W 0 0
YIL088C 2 4
YIL087C 1 16
YIL086C 0 0
YIL085C 4 879
YIL084C 1 71
YIL083C 1 10
YIL082W 0 0
YIL079C 0 0
YIL078W 2 61
YIL077C 10 1713
YIL076W 8 225
YIL075C 1 19
YIL074C 0 0
YIL073C 0 0
YIL072W 0 0
YIL071W-A 0 0
YIL071C 3 269
YIL070C 1 185
YIL069C 5 76
YIL068W-A 1 5
YIL068C 1 4
YIL067C 0 0
YIL066W-A 2 10
YIL066C 1 65
YIL065C 8 143
YIL064W 10 82
YIL063C 3 227
YIL062C 3 39
YIL061C 7 34
YIL060W 0 0
YIL059C 3 32
YIL058W 1 3
YIL057C 3 37
YIL056W 5 1019
YIL055C 0 0
YIL054W 7 388
YIL053W 3 3
YIL052C 0 0
YIL051C 4 78
YIL050W 1 4
YIL049W 5 245
YIL048W 2 5
YIL047C-A 1 26
YIL047C 3 18
YIL046W-A 11 360
YIL046W 5 38
YIL045W 0 0
YIL044C 2 16
YIL043C 3 139
YIL042C 2 7
YIL041W 3 124
YIL040W 0 0
YIL039W 1 1
YIL038C 1 3
YIL037C 0 0
YIL036W 0 0
YIL035C 0 0
YIL034C 4 27
YIL033C 2 20
YIL032C 1 7
YIL031W 5 27
YIL030W-A 0 0
YIL030C 0 0
YIL029W-A 0 0
YIL029C 0 0
YIL028W 2 49
YIL027C 4 90
YIL026C 3 31
YIL025C 0 0
YIL024C 3 307
YIL023C 3 83
YIL022W 0 0
YIL021W 2 4
YIL021C-A 1 10
YIL020C-A 5 310
YIL020C 6 125
YIL019W 2 333
YIL018W 0 0
YIL017C 1 64
YIL016W 4 243
YIL015W 1 510
YIL014C-A 0 0
YIL014W 3 38
YIL013C 0 0
YIL012W 4 256
YIL011W 1 1
YIL010W 2 23
YIL009C-A 8 244
YIL009W 3 61
YIL008W 1 4
YIL007C 3 8
YIL006W 5 657
YIL005W 0 0
YIL004C 6 919
YIL003W 4 46
YIL002W-A 2 235
YIL002C 1 2
YIL001W 2 3
YIR001C 3 80
YIR002C 0 0
YIR003W 3 149
YIR004W 4 494
YIR005W 6 214
YIR006C 8 530
YIR007W 3 56
YIR008C 0 0
YIR009W 1 66
YIR010W 1 2
YIR011C 3 605
YIR012W 4 81
YIR013C 1 177
YIR014W 2 23
YIR015W 7 118
YIR016W 9 496
YIR017C 5 201
YIR017W-A 7 1204
YIR018W 11 6133
YIR018C-A 3 14
YIR019C 2 2
YIR020C 3 151
YIR020W-A 2 50
YIR020C-B 1 30
YIR021W 0 0
YIR021W-A 1 1
YIR022W 2 676
YIR023W 0 0
YIR023C-A 0 0
YIR024C 4 109
YIR025W 6 134
YIR026C 2 69
YIR027C 2 14
YIR028W 1 2
YIR029W 3 54
YIR030C 4 149
YIR030W-A 4 149
YIR031C 0 0
YIR032C 1 23
YIR033W 3 178
YIR034C 0 0
YIR035C 1 288
YIR036C 3 57
YIR036W-A 2 8
YIR037W 2 10
YIR038C 2 51
YIR039C 1 67
YIR040C 0 0
YIR041W 0 0
YIR042C 1 2
YJL225C 0 0
YJL225W-A 0 0
YJL223C 0 0
YJL222W-B 0 0
YJL222W-A 0 0
YJL222W 0 0
YJL221C 0 0
YJL220W 0 0
YJL219W 0 0
YJL218W 0 0
YJL217W 5 56
YJL216C 1 1
YJL215C 1 29
YJL214W 3 39
YJL213W 2 54
YJL212C 4 60
YJL211C 3 4
YJL210W 10 1631
YJL209W 3 174
YJL208C 1 54
YJL207C 0 0
YJL206C 2 20
YJL205C 8 211
YJL204C 3 278
YJL203W 1 12
YJL202C 3 15
YJL201W 5 92
YJL200C 3 17
YJL199C 7 671
YJL198W 4 32
YJL197W 4 57
YJL197C-A 0 0
YJL196C 5 45
YJL195C 1 1
YJL194W 1 9
YJL193W 2 10
YJL192C 5 189
YJL191W 7 744
YJL190C 2 47
YJL189W 0 0
YJL188C 2 17
YJL187C 0 0
YJL186W 3 67
YJL185C 4 226
YJL184W 1 11
YJL183W 1 24
YJL182C 0 0
YJL181W 5 100
YJL180C 0 0
YJL179W 2 31
YJL178C 9 284
YJL177W 1 14
YJL176C 3 29
YJL175W 0 0
YJL174W 0 0
YJL173C 2 62
YJL172W 6 76
YJL171C 2 32
YJL170C 1 3
YJL169W 0 0
YJL168C 3 37
YJL167W 0 0
YJL166W 2 33
YJL165C 3 39
YJL164C 1 8
YJL163C 4 270
YJL162C 5 228
YJL161W 5 743
YJL160C 1 1
YJL159W 4 22
YJL158C 8 3596
YJL157C 6 106
YJL156W-A 9 1906
YJL156C 5 292
YJL155C 0 0
YJL154C 2 66
YJL153C 2 116
YJL152W 0 0
YJL151C 8 581
YJL150W 5 85
YJL149W 4 356
YJL148W 1 7
YJL147C 0 0
YJL146W 0 0
YJL145W 4 82
YJL144W 7 163
YJL143W 2 2
YJL142C 2 64
YJL141C 0 0
YJL140W 0 0
YJL139C 0 0
YJL138C 5 122
YJL137C 5 51
YJL136W-A 3 117
YJL136C 0 0
YJL135W 5 669
YJL134W 1 200
YJL133C-A 5 41
YJL133W 3 47
YJL132W 3 184
YJL131C 6 316
YJL130C 1 68
YJL129C 0 0
YJL128C 2 104
YJL127W-A 1 79
YJL127C-B 5 86
YJL127C 2 43
YJL126W 2 6
YJL125C 3 13
YJL124C 0 0
YJL123C 2 35
YJL122W 11 388
YJL121C 2 142
YJL120W 3 53
YJL119C 2 65
YJL118W 6 1987
YJL117W 2 12
YJL116C 2 54
YJL115W 3 128
YJL112W 1 1
YJL111W 2 8
YJL110C 3 19
YJL109C 1 1
YJL108C 2 31
YJL107C 1 1
YJL106W 2 197
YJL105W 2 142
YJL104W 3 78
YJL103C 4 128
YJL102W 1 1
YJL101C 6 341
YJL100W 3 88
YJL099W 1 54
YJL098W 1 9
YJL097W 0 0
YJL096W 4 213
YJL095W 2 15
YJL094C 1 10
YJL093C 3 41
YJL092W 1 18
YJL091C 2 29
YJL090C 0 0
YJL089W 3 14
YJL088W 2 1821
YJL087C 0 0
YJL086C 0 0
YJL085W 0 0
YJL084C 0 0
YJL083W 0 0
YJL082W 2 8
YJL081C 1 4
YJL080C 0 0
YJL079C 2 66
YJL078C 3 42
YJL077W-B 3 30
YJL077C 5 117
YJL077W-A 2 115
YJL076W 2 130
YJL075C 0 0
YJL074C 0 0
YJL073W 0 0
YJL072C 3 29
YJL071W 1 15
YJL070C 2 44
YJL069C 3 55
YJL068C 5 58
YJL067W 9 615
YJL066C 3 91
YJL065C 2 9
YJL064W 2 11
YJL063C 2 28
YJL062W-A 4 20
YJL062W 1 2
YJL061W 1 8
YJL060W 2 81
YJL059W 3 27
YJL058C 0 0
YJL057C 3 39
YJL056C 3 171
YJL055W 4 178
YJL054W 6 157
YJL053W 5 322
YJL052C-A 13 245
YJL052W 0 0
YJL051W 2 8
YJL050W 4 51
YJL049W 2 3
YJL048C 7 1159
YJL047C-A 0 0
YJL047C 1 2
YJL046W 4 24
YJL045W 1 7
YJL044C 0 0
YJL043W 0 0
YJL042W 3 51
YJL041W 1 8
YJL039C 0 0
YJL038C 0 0
YJL037W 2 5
YJL036W 0 0
YJL035C 3 36
YJL034W 3 291
YJL033W 1 1
YJL032W 1 7
YJL031C 4 161
YJL030W 1 1
YJL029C 1 1
YJL028W 5 505
YJL027C 4 7
YJL026W 5 171
YJL026C-A 1 22
YJL025W 1 4
YJL024C 1 6
YJL023C 4 52
YJL022W 1 1
YJL020C 1 54
YJL020W-A 1 4
YJL019W 0 0
YJL016W 1 2
YJL015C 3 113
YJL014W 3 113
YJL013C 9 600
YJL012C 2 26
YJL011C 2 9
YJL010C 0 0
YJL009W 3 23
YJL008C 3 1212
YJL007C 5 95
YJL006C 6 642
YJL005W 1 15
YJL004C 9 158
YJL003W 4 16
YJL002C 3 180
YJL001W 7 206
YJR001W 5 467
YJR002W 1 77
YJR003C 3 82
YJR004C 3 30
YJR005W 3 230
YJR005C-A 1 8
YJR006W 0 0
YJR007W 0 0
YJR008W 4 145
YJR009C 5 398
YJR010W 2 11
YJR010C-A 3 54
YJR011C 3 27
YJR012C 0 0
YJR013W 2 6
YJR014W 2 7
YJR015W 5 26
YJR016C 0 0
YJR017C 6 496
YJR018W 0 0
YJR019C 1 20
YJR020W 3 55
YJR021C 1 30
YJR022W 5 257
YJR023C 0 0
YJR024C 4 244
YJR025C 0 0
YJR030C 0 0
YJR031C 1 6
YJR032W 1 2
YJR033C 5 221
YJR034W 4 33
YJR035W 1 3
YJR036C 0 0
YJR037W 2 40
YJR038C 0 0
YJR039W 4 35
YJR040W 1 27
YJR041C 1 4
YJR042W 2 75
YJR043C 2 111
YJR044C 10 778
YJR045C 2 304
YJR046W 5 293
YJR047C 2 6
YJR048W 6 345
YJR049C 5 45
YJR050W 6 177
YJR051W 5 250
YJR052W 2 39
YJR053W 1 61
YJR054W 0 0
YJR055W 3 251
YJR056C 0 0
YJR057W 1 79
YJR058C 5 539
YJR059W 2 90
YJR060W 0 0
YJR061W 0 0
YJR062C 2 13350
YJR063W 4 54
YJR064W 3 38
YJR065C 2 10
YJR066W 6 54
YJR067C 0 0
YJR068W 3 57
YJR069C 0 0
YJR070C 3 133
YJR071W 0 0
YJR072C 1 4
YJR073C 4 52
YJR074W 11 315
YJR075W 2 32
YJR076C 4 2336
YJR077C 7 137
YJR078W 4 75
YJR079W 2 30
YJR080C 1 13
YJR082C 1 4
YJR083C 6 269
YJR084W 6 381
YJR085C 2 93
YJR086W 3 203
YJR087W 1 52
YJR088C 2 19
YJR089W 1 3
YJR090C 0 0
YJR091C 6 524
YJR092W 1 2
YJR093C 2 28
YJR094C 0 0
YJR094W-A 2 20
YJR095W 1 14
YJR096W 5 115
YJR097W 0 0
YJR098C 2 83
YJR099W 1 25
YJR100C 4 121
YJR101W 0 0
YJR102C 1 15
YJR103W 2 16
YJR104C 5 430
YJR105W 4 132
YJR106W 1 1
YJR107W 1 41
YJR108W 2 147
YJR109C 4 85
YJR110W 0 0
YJR111C 4 60
YJR112W 7 27
YJR112W-A 5 275
YJR113C 9 1326
YJR114W 4 73
YJR115W 3 107
YJR116W 0 0
YJR117W 1 240
YJR118C 0 0
YJR119C 2 39
YJR120W 7 280
YJR121W 1 3
YJR122W 0 0
YJR123W 0 0
YJR124C 2 19
YJR125C 3 259
YJR126C 8 117
YJR127C 4 262
YJR128W 2 5
YJR129C 0 0
YJR130C 4 551
YJR131W 1 1
YJR132W 2 22
YJR133W 1 44
YJR134C 2 11
YJR135C 5 117
YJR135W-A 1 12
YJR136C 1 1
YJR137C 9 810
YJR138W 1 2
YJR139C 0 0
YJR140C 2 32
YJR140W-A 1 86
YJR141W 2 19
YJR142W 1 6
YJR143C 4 92
YJR144W 7 76
YJR145C 2 4
YJR146W 3 95
YJR147W 2 9
YJR148W 2 35
YJR149W 8 237
YJR150C 4 145
YJR151C 2 11
YJR151W-A 1 3
YJR152W 1 8
YJR153W 2 44
YJR154W 0 0
YJR155W 0 0
YJR156C 0 0
YJR157W 0 0
YJR158W 0 0
YJR159W 0 0
YJR160C 0 0
YJR161C 2 181
YJR162C 3 5
YKL225W 3 79
YKL224C 0 0
YKL223W 0 0
YKL222C 5 27
YKL221W 4 88
YKL220C 1 26
YKL219W 5 62
YKL218C 0 0
YKL217W 4 23
YKL216W 7 107
YKL215C 1 4
YKL214C 2 74
YKL213C 5 96
YKL212W 0 0
YKL211C 3 59
YKL210W 1 1
YKL209C 2 15
YKL208W 2 21
YKL207W 2 5
YKL206C 2 82
YKL205W 1 152
YKL204W 3 50
YKL203C 1 108
YKL202W 0 0
YKL201C 6 239
YKL198C 2 760
YKL197C 3 42
YKL196C 3 61
YKL195W 5 130
YKL194C 1 8
YKL193C 6 422
YKL192C 5 403
YKL191W 2 127
YKL190W 2 13
YKL189W 1 94
YKL188C 1 1
YKL187C 2 46
YKL186C 9 607
YKL185W 2 24
YKL184W 0 0
YKL183C-A 2 88
YKL183W 1 78
YKL182W 0 0
YKL181W 3 17
YKL180W 0 0
YKL179C 4 134
YKL178C 0 0
YKL177W 2 31
YKL176C 0 0
YKL175W 4 162
YKL174C 0 0
YKL173W 4 187
YKL172W 0 0
YKL171W 0 0
YKL170W 1 76
YKL169C 1 3
YKL168C 4 184
YKL167C 5 145
YKL166C 0 0
YKL165C-A 7 218
YKL165C 1 12
YKL164C 0 0
YKL163W 1 1
YKL162C-A 0 0
YKL162C 0 0
YKL161C 2 2
YKL160W 1 1
YKL159C 6 259
YKL157W 1 1
YKL156W 5 182
YKL156C-A 1 3
YKL155C 1 4
YKL154W 1 19
YKL153W 3 160
YKL152C 5 140
YKL151C 6 749
YKL150W 12 2389
YKL149C 1 3
YKL148C 3 9
YKL147C 4 408
YKL146W 4 15
YKL145W 2 48
YKL145W-A 1 3
YKL144C 1 6
YKL143W 5 87
YKL142W 6 75
YKL141W 2 6
YKL140W 1 8
YKL139W 0 0
YKL138C-A 1 31
YKL138C 3 167
YKL137W 1 24
YKL136W 4 135
YKL135C 0 0
YKL134C 1 1
YKL133C 1 1
YKL132C 1 72
YKL131W 0 0
YKL130C 1 39
YKL129C 2 52
YKL128C 3 231
YKL127W 2 174
YKL126W 0 0
YKL125W 0 0
YKL124W 0 0
YKL123W 1 20
YKL122C 4 9
YKL121W 0 0
YKL120W 2 10
YKL119C 1 37
YKL118W 3 17
YKL117W 7 235
YKL116C 1 4
YKL115C 1 5
YKL114C 5 453
YKL113C 4 100
YKL112W 1 4
YKL111C 2 10
YKL110C 3 435
YKL109W 2 59
YKL108W 2 5
YKL107W 0 0
YKL106C-A 6 525
YKL106W 0 0
YKL105C 0 0
YKL104C 1 7
YKL103C 1 5
YKL102C 5 338
YKL101W 0 0
YKL100C 5 123
YKL100W-A 0 0
YKL099C 1 6
YKL098W 2 168
YKL097C 5 72
YKL096C-B 0 0
YKL096W-A 0 0
YKL096W 0 0
YKL095W 0 0
YKL094W 9 168
YKL093W 0 0
YKL092C 0 0
YKL091C 3 35
YKL090W 5 85
YKL089W 4 106
YKL088W 2 100
YKL087C 4 161
YKL086W 5 1116
YKL085W 0 0
YKL084W 5 94
YKL083W 4 12
YKL082C 0 0
YKL081W 4 320
YKL080W 2 22
YKL079W 0 0
YKL078W 5 91
YKL077W 1 9
YKL076C 0 0
YKL075C 2 12
YKL074C 4 129
YKL073W 3 64
YKL072W 1 3
YKL071W 0 0
YKL070W 0 0
YKL069W 5 20
YKL068W-A 1 41
YKL068W 0 0
YKL067W 0 0
YKL066W 0 0
YKL065W-A 2 5
YKL065C 6 50
YKL064W 2 172
YKL063C 3 41
YKL062W 0 0
YKL061W 2 17
YKL060C 5 195
YKL059C 1 1
YKL058W 2 60
YKL057C 0 0
YKL056C 2 11
YKL055C 0 0
YKL054C 2 11
YKL053C-A 3 4
YKL053W 4 5
YKL052C 10 198
YKL051W 4 70
YKL050C 1 1
YKL049C 1 3
YKL048C 2 22
YKL047W 3 18
YKL046C 1 36
YKL045W 3 465
YKL044W 2 28
YKL043W 1 2
YKL042W 0 0
YKL041W 1 97
YKL040C 0 0
YKL039W 2 30
YKL038W 1 26
YKL037W 2 16
YKL036C 1 2
YKL035W 3 44
YKL034W 1 1
YKL033W-A 0 0
YKL033W 2 88
YKL032C 1 1
YKL031W 1 3
YKL030W 3 76
YKL029C 1 27
YKL028W 2 172
YKL027W 0 0
YKL026C 7 83
YKL025C 3 85
YKL024C 0 0
YKL023C-A 4 461
YKL023W 6 1327
YKL022C 4 328
YKL021C 0 0
YKL020C 3 900
YKL019W 3 2368
YKL018C-A 3 152
YKL018W 4 183
YKL017C 4 36
YKL016C 0 0
YKL015W 1 27
YKL014C 1 15
YKL013C 2 91
YKL012W 0 0
YKL011C 1 1
YKL010C 1 301
YKL009W 3 49
YKL008C 2 81
YKL007W 5 343
YKL006C-A 7 95
YKL006W 0 0
YKL005C 1 39
YKL004W 5 103
YKL003C 3 267
YKL002W 3 50
YKL001C 5 1236
YKR001C 3 46
YKR002W 1 22
YKR003W 0 0
YKR004C 6 142
YKR005C 1 20
YKR006C 2 10
YKR007W 4 435
YKR008W 3 63
YKR009C 1 222
YKR010C 0 0
YKR011C 0 0
YKR012C 2 41
YKR013W 0 0
YKR014C 0 0
YKR015C 1 12
YKR016W 0 0
YKR017C 1 12
YKR018C 6 155
YKR019C 1 1
YKR020W 1 3
YKR021W 1 21
YKR022C 1 7
YKR023W 1 50
YKR024C 1 8
YKR025W 4 106
YKR026C 0 0
YKR027W 4 84
YKR028W 0 0
YKR029C 6 668
YKR030W 2 18
YKR031C 1 3
YKR032W 1 3
YKR033C 2 10
YKR034W 1 3
YKR035C 1 1
YKR035W-A 2 21
YKR036C 3 138
YKR037C 2 13
YKR038C 5 29
YKR039W 4 20
YKR040C 2 18
YKR041W 4 159
YKR042W 3 40
YKR043C 3 23
YKR044W 0 0
YKR045C 2 58
YKR046C 6 258
YKR047W 1 6
YKR048C 4 97
YKR049C 3 32
YKR050W 3 3555
YKR051W 1 176
YKR052C 3 420
YKR053C 0 0
YKR054C 1 42
YKR055W 1 2
YKR056W 3 29
YKR057W 10 346
YKR058W 1 309
YKR059W 1 1
YKR060W 1 14
YKR061W 1 91
YKR062W 1 69
YKR063C 1 25
YKR064W 3 41
YKR065C 5 32
YKR066C 11 1310
YKR067W 3 63
YKR068C 7 115
YKR069W 0 0
YKR070W 3 41
YKR071C 0 0
YKR072C 3 81
YKR073C 3 121
YKR074W 3 786
YKR075C 2 291
YKR075W-A 1 2
YKR076W 0 0
YKR077W 0 0
YKR078W 4 130
YKR079C 0 0
YKR080W 1 274
YKR081C 5 72
YKR082W 2 16
YKR083C 2 122
YKR084C 0 0
YKR085C 2 67
YKR086W 2 398
YKR087C 4 111
YKR088C 3 33
YKR089C 1 16
YKR090W 0 0
YKR091W 1 18
YKR092C 1 1
YKR093W 2 7
YKR094C 4 33
YKR095W 1 7
YKR095W-A 7 63
YKR096W 0 0
YKR097W 0 0
YKR098C 2 58
YKR099W 1 37
YKR100C 0 0
YKR101W 8 229
YKR102W 0 0
YKR103W 1 1
YKR104W 1 70
YKR105C 0 0
YKR106W 0 0
YLL067C 0 0
YLL067W-A 0 0
YLL066W-B 0 0
YLL066C 0 0
YLL066W-A 0 0
YLL065W 1 1
YLL064C 0 0
YLL063C 5 54
YLL062C 0 0
YLL061W 6 299
YLL060C 3 30
YLL059C 4 118
YLL058W 2 19
YLL057C 1 8
YLL056C 1 104
YLL055W 2 11
YLL054C 1 170
YLL053C 0 0
YLL052C 1 42
YLL051C 2 2
YLL050C 5 642
YLL049W 9 2068
YLL048C 0 0
YLL047W 3 172
YLL046C 0 0
YLL045C 6 313
YLL044W 1 14
YLL043W 2 86
YLL042C 3 235
YLL041C 5 167
YLL040C 0 0
YLL039C 3 158
YLL038C 1 2
YLL037W 0 0
YLL036C 4 294
YLL035W 3 89
YLL034C 3 173
YLL033W 9 720
YLL032C 3 300
YLL031C 5 66
YLL030C 0 0
YLL029W 1 1
YLL028W 3 68
YLL027W 0 0
YLL026W 2 35
YLL025W 0 0
YLL024C 2 11
YLL023C 4 2438
YLL022C 3 266
YLL021W 1 1
YLL020C 1 2
YLL019C 1 28
YLL019W-A 0 0
YLL018C-A 4 30
YLL018C 1 65
YLL015W 1 9
YLL014W 6 3271
YLL013C 0 0
YLL012W 1 3
YLL011W 3 158
YLL010C 1 3
YLL009C 1 5
YLL008W 2 3
YLL007C 0 0
YLL006W-A 0 0
YLL006W 0 0
YLL005C 1 28
YLL004W 2 78
YLL003W 3 242
YLL002W 2 68
YLL001W 3 68
YLR001C 4 102
YLR002C 4 17
YLR003C 6 592
YLR004C 5 296
YLR005W 5 35
YLR006C 0 0
YLR007W 5 58
YLR008C 3 121
YLR009W 2 3
YLR010C 1 4
YLR011W 0 0
YLR012C 1 1
YLR013W 0 0
YLR014C 1 11
YLR015W 0 0
YLR016C 5 28
YLR017W 1 1
YLR018C 0 0
YLR019W 1 27
YLR020C 7 186
YLR021W 3 49
YLR022C 2 40
YLR023C 1 8
YLR024C 0 0
YLR025W 2 50
YLR026C 1 4
YLR027C 6 73
YLR028C 5 383
YLR029C 1 62
YLR030W 3 39
YLR031W 0 0
YLR032W 2 2
YLR033W 4 168
YLR034C 0 0
YLR035C 6 523
YLR036C 6 790
YLR037C 0 0
YLR038C 4 133
YLR039C 0 0
YLR040C 1 2
YLR041W 2 12
YLR042C 1 1
YLR043C 6 45
YLR044C 4 15
YLR045C 3 704
YLR046C 2 37
YLR047C 1 1
YLR048W 0 0
YLR049C 3 14
YLR050C 2 181
YLR051C 0 0
YLR052W 2 5
YLR053C 1 408
YLR054C 0 0
YLR055C 5 12
YLR056W 2 78
YLR057W 4 157
YLR058C 3 21
YLR059C 4 532
YLR060W 2 6
YLR061W 4 322
YLR062C 0 0
YLR063W 9 445
YLR064W 7 295
YLR065C 1 6
YLR066W 0 0
YLR067C 1 18
YLR068W 1 9
YLR069C 2 69
YLR070C 9 442
YLR071C 1 21
YLR072W 4 106
YLR073C 1 1
YLR074C 1 174
YLR075W 2 5
YLR076C 0 0
YLR077W 6 26
YLR078C 3 76
YLR079W 3 17
YLR080W 0 0
YLR081W 7 4904
YLR082C 2 15
YLR083C 0 0
YLR084C 2 6
YLR085C 2 38
YLR086W 2 22
YLR087C 2 10
YLR088W 1 11
YLR089C 0 0
YLR090W 3 23
YLR091W 4 148
YLR092W 0 0
YLR093C 2 4
YLR094C 6 169
YLR095C 2 37
YLR096W 0 0
YLR097C 0 0
YLR098C 1 26
YLR099C 4 84
YLR099W-A 4 53
YLR100W 3 41
YLR101C 4 34
YLR102C 2 13
YLR103C 2 82
YLR104W 2 44
YLR105C 1 142
YLR106C 0 0
YLR107W 1 3
YLR108C 3 9
YLR109W 5 39
YLR110C 1 3
YLR111W 9 210
YLR112W 2 18
YLR113W 5 860
YLR114C 2 10
YLR115W 3 115
YLR116W 2 3
YLR117C 4 124
YLR118C 6 130
YLR119W 8 255
YLR120C 1 1
YLR120W-A 6 116
YLR121C 4 121
YLR122C 1 2
YLR123C 2 41
YLR124W 1 13
YLR125W 0 0
YLR126C 0 0
YLR127C 0 0
YLR128W 1 15
YLR129W 3 62
YLR130C 0 0
YLR131C 0 0
YLR132C 2 31
YLR133W 3 17
YLR134W 0 0
YLR135W 4 18
YLR136C 5 76
YLR137W 5 179
YLR138W 2 11
YLR139C 5 23
YLR140W 0 0
YLR141W 7 121
YLR142W 6 30
YLR143W 2 92
YLR144C 4 51
YLR145W 2 9
YLR146C 2 3
YLR146W-A 4 31
YLR147C 1 20
YLR148W 1 2
YLR149C 3 55
YLR149C-A 2 3
YLR150W 0 0
YLR151C 5 338
YLR152C 0 0
YLR153C 4 33
YLR154C 7 659
YLR154W-A 0 0
YLR154W-B 0 0
YLR154W-C 0 0
YLR154W-E 0 0
YLR154W-F 0 0
YLR154C-G 0 0
YLR154C-H 0 0
YLR155C 0 0
YLR156W 0 0
YLR156C-A 0 0
YLR157C 0 0
YLR157W-D 0 0
YLR157W-E 0 0
YLR157C-C 0 0
YLR158C 0 0
YLR159W 0 0
YLR159C-A 0 0
YLR160C 0 0
YLR161W 0 0
YLR162W 1 2
YLR162W-A 0 0
YLR163C 0 0
YLR163W-A 1 52
YLR164W 3 11
YLR165C 5 130
YLR166C 3 126
YLR167W 0 0
YLR168C 4 553
YLR169W 0 0
YLR170C 10 224
YLR171W 2 86
YLR172C 3 67
YLR173W 0 0
YLR174W 10 200
YLR175W 6 66
YLR176C 4 48
YLR177W 2 51
YLR178C 6 54
YLR179C 3 10
YLR180W 0 0
YLR181C 0 0
YLR182W 3 47
YLR183C 0 0
YLR184W 0 0
YLR185W 2 25
YLR186W 1 15
YLR187W 1 90
YLR188W 0 0
YLR189C 0 0
YLR190W 1 8
YLR191W 2 3
YLR192C 3 68
YLR193C 0 0
YLR194C 1 14
YLR195C 5 293
YLR196W 2 29
YLR197W 0 0
YLR198C 1 2
YLR199C 0 0
YLR200W 0 0
YLR201C 1 7
YLR202C 0 0
YLR203C 1 94
YLR204W 8 3566
YLR205C 5 365
YLR206W 4 102
YLR207W 0 0
YLR208W 0 0
YLR209C 1 3
YLR210W 0 0
YLR211C 1 3
YLR212C 1 1
YLR213C 2 8
YLR214W 5 65
YLR215C 1 2
YLR216C 7 121
YLR217W 1 75
YLR218C 4 211
YLR219W 1 7
YLR220W 2 2
YLR221C 3 39
YLR222C 2 9
YLR222C-A 1 11
YLR223C 1 1
YLR224W 0 0
YLR225C 2 17
YLR226W 1 12
YLR227C 3 94
YLR228C 1 2
YLR229C 0 0
YLR230W 0 0
YLR231C 3 81
YLR232W 0 0
YLR233C 2 38
YLR234W 3 8
YLR235C 13 5115
YLR236C 1 19
YLR237W 3 31
YLR238W 1 125
YLR239C 1 6
YLR240W 2 7
YLR241W 5 44
YLR242C 0 0
YLR243W 2 6
YLR244C 6 105
YLR245C 5 22
YLR246W 4 127
YLR247C 1 2
YLR248W 3 62
YLR249W 2 29
YLR250W 3 15
YLR251W 0 0
YLR252W 1 16
YLR253W 1 28
YLR254C 1 3
YLR255C 4 23
YLR256W 0 0
YLR257W 1 22
YLR258W 1 1
YLR259C 4 45
YLR260W 1 1
YLR261C 0 0
YLR262C 0 0
YLR262C-A 4 66
YLR263W 1 3
YLR264W 1 1
YLR264C-A 2 98
YLR265C 5 111
YLR266C 12 582
YLR267W 1 61
YLR268W 3 7
YLR269C 1 2
YLR270W 1 28
YLR271W 4 58
YLR272C 1 8
YLR273C 0 0
YLR274W 1 17
YLR275W 4 494
YLR276C 0 0
YLR277C 3 83
YLR278C 6 338
YLR279W 7 2510
YLR280C 2 6
YLR281C 9 4745
YLR282C 0 0
YLR283W 4 81
YLR284C 0 0
YLR285W 0 0
YLR285C-A 5 170
YLR286C 0 0
YLR286W-A 2 526
YLR287C 0 0
YLR287C-A 5 341
YLR288C 6 159
YLR289W 2 54
YLR290C 2 89
YLR291C 1 1
YLR292C 4 96
YLR293C 0 0
YLR294C 2 6
YLR295C 3 9
YLR296W 8 185
YLR297W 5 47
YLR298C 6 344
YLR299W 4 12
YLR299C-A 7 679
YLR300W 1 2
YLR301W 5 23
YLR302C 1 1
YLR303W 11 473
YLR304C 3 55
YLR305C 3 47
YLR306W 2 23
YLR307W 0 0
YLR307C-A 0 0
YLR308W 1 57
YLR309C 1 6
YLR310C 0 0
YLR311C 0 0
YLR312C 6 47
YLR312W-A 7 297
YLR313C 2 6
YLR314C 2 81
YLR315W 4 36
YLR316C 4 547
YLR317W 4 54
YLR318W 2 63
YLR319C 0 0
YLR320W 0 0
YLR321C 2 10
YLR322W 4 44
YLR323C 3 5
YLR324W 3 99
YLR325C 5 286
YLR326W 3 91
YLR327C 1 9
YLR328W 3 80
YLR329W 0 0
YLR330W 8 95
YLR331C 0 0
YLR332W 0 0
YLR333C 4 61
YLR334C 3 266
YLR335W 6 139
YLR336C 2 59
YLR337C 0 0
YLR338W 3 114
YLR339C 0 0
YLR340W 0 0
YLR341W 3 45
YLR342W 0 0
YLR342W-A 1 6
YLR343W 0 0
YLR344W 3 45
YLR345W 4 14
YLR346C 2 65
YLR347C 0 0
YLR347W-A 1 2
YLR348C 5 1124
YLR349W 3 142
YLR350W 1 5
YLR351C 1 30
YLR352W 3 747
YLR353W 1 1
YLR354C 4 347
YLR355C 1 1
YLR356W 1 6
YLR357W 8 498
YLR358C 4 103
YLR359W 2 13
YLR360W 1 7
YLR361C 5 95
YLR361C-A 0 0
YLR362W 2 195
YLR363C 0 0
YLR363W-A 1 4
YLR364W 3 2295
YLR365W 2 41
YLR364C-A 7 603
YLR366W 1 7
YLR367W 7 103
YLR368W 3 46
YLR369W 1 31
YLR370C 4 64
YLR371W 0 0
YLR372W 0 0
YLR373C 6 349
YLR374C 1 68
YLR375W 4 245
YLR376C 4 27
YLR377C 5 29
YLR378C 1 1
YLR379W 2 2
YLR380W 4 16
YLR381W 0 0
YLR382C 2 25
YLR383W 0 0
YLR384C 7 507
YLR385C 1 5
YLR386W 4 223
YLR387C 0 0
YLR388W 2 18
YLR389C 4 13
YLR390W 3 18
YLR390W-A 5 56
YLR392C 0 0
YLR393W 2 7
YLR394W 0 0
YLR395C 4 10
YLR396C 1 10
YLR397C 6 67
YLR398C 5 96
YLR399C 6 92
YLR399W-A 0 0
YLR400W 0 0
YLR401C 5 287
YLR402W 3 70
YLR403W 0 0
YLR404W 1 30
YLR405W 0 0
YLR406C 2 7
YLR406C-A 9 5264
YLR407W 3 81
YLR408C 10 547
YLR409C 5 1579
YLR410W 3 287
YLR411W 1 2
YLR412W 5 142
YLR412C-A 1 44
YLR413W 1 2
YLR414C 1 1
YLR415C 2 8
YLR416C 4 289
YLR417W 4 289
YLR418C 0 0
YLR419W 1 1
YLR420W 5 218
YLR421C 6 85
YLR422W 1 1
YLR423C 0 0
YLR424W 2 160
YLR425W 3 4
YLR426W 4 52
YLR427W 1 7
YLR428C 1 3
YLR429W 11 1142
YLR430W 1 16
YLR431C 2 67
YLR432W 2 2
YLR433C 0 0
YLR434C 2 30
YLR435W 2 7
YLR436C 4 344
YLR437C 7 259
YLR437C-A 1 1
YLR438W 7 321
YLR438C-A 0 0
YLR439W 0 0
YLR440C 1 19
YLR441C 5 325
YLR442C 5 229
YLR443W 2 22
YLR444C 1 1
YLR445W 3 29
YLR446W 0 0
YLR447C 1 53
YLR448W 1 4
YLR449W 1 2
YLR450W 1 1
YLR451W 0 0
YLR452C 6 240
YLR453C 3 302
YLR454W 3 424
YLR455W 0 0
YLR456W 7 394
YLR457C 4 360
YLR458W 0 0
YLR459W 3 54
YLR460C 3 153
YLR461W 0 0
YLR462W 1 1
YLR463C 0 0
YLR464W 0 0
YLR465C 0 0
YLR466W 0 0
YLR466C-A 0 0
YLR466C-B 0 0
YLR467W 0 0
YLR467C-A 0 0
YML133C 0 0
YML133W-B 0 0
YML133W-A 0 0
YML132W 0 0
YML131W 5 603
YML130C 2 13
YML129C 7 401
YML128C 3 20
YML127W 1 215
YML126C 6 272
YML125C 3 42
YML124C 1 10
YML123C 2 29
YML122C 4 23
YML121W 0 0
YML120C 7 2567
YML119W 3 30
YML118W 0 0
YML117W 1 30
YML116W-A 0 0
YML116W 1 21
YML115C 3 29
YML114C 1 1
YML113W 3 212
YML112W 1 1
YML111W 0 0
YML110C 9 624
YML109W 0 0
YML108W 1 41
YML107C 0 0
YML106W 1 127
YML105C 2 196
YML104C 1 10
YML103C 2 298
YML102W 2 2
YML101C-A 6 198
YML101C 8 919
YML100W-A 4 358
YML100W 6 131
YML099W-A 1 5
YML099C 7 341
YML098W 2 8
YML097C 5 542
YML096W 1 35
YML095C 0 0
YML094C-A 1 6
YML094W 0 0
YML093W 3 406
YML092C 0 0
YML091C 0 0
YML090W 2 31
YML089C 11 5280
YML088W 4 246
YML087C 3 70
YML086C 1 1
YML085C 4 68
YML084W 4 68
YML083C 2 17
YML082W 3 91
YML081C-A 5 642
YML081W 0 0
YML080W 0 0
YML079W 3 165
YML078W 1 58
YML077W 2 33
YML076C 15 772
YML075C 3 109
YML074C 4 14
YML073C 1 3
YML072C 2 6
YML071C 4 799
YML070W 3 46
YML069W 2 5
YML068W 1 37
YML067C 3 110
YML066C 1 26
YML065W 2 25
YML064C 0 0
YML063W 3 78
YML062C 0 0
YML061C 0 0
YML060W 4 45
YML059C 0 0
YML058W-A 4 166
YML058W 7 263
YML057C-A 0 0
YML057W 1 17
YML056C 0 0
YML055W 3 81
YML054C 4 49
YML054C-A 7 2867
YML053C 3 59
YML052W 8 338
YML051W 3 79
YML050W 3 523
YML049C 2 22
YML048W 2 22
YML047W-A 0 0
YML047C 0 0
YML046W 0 0
YML043C 1 61
YML042W 5 54
YML041C 4 93
YML038C 2 16
YML037C 2 4
YML036W 1 17
YML035C 0 0
YML034C-A 2 45
YML034W 1 7
YML032C 0 0
YML031C-A 1 9
YML031W 1 2
YML030W 3 94
YML029W 5 48
YML028W 10 567
YML027W 2 31
YML026C 3 63
YML025C 2 22
YML024W 2 29
YML023C 5 115
YML022W 2 18
YML021C 9 6017
YML020W 4 16
YML019W 1 10
YML018C 1 8
YML017W 0 0
YML016C 0 0
YML015C 3 14
YML014W 4 35
YML013W 6 362
YML012C-A 3 38
YML012W 3 20
YML011C 7 5223
YML010W 6 20
YML009W-B 0 0
YML009C-A 4 16
YML009C 8 1519
YML008C 2 25
YML007C-A 6 732
YML007W 4 52
YML006C 0 0
YML005W 1 46
YML004C 6 577
YML003W 2 20
YML002W 1 166
YML001W 1 14
YMR001C 0 0
YMR001C-A 3 97
YMR002W 5 362
YMR003W 2 30
YMR004W 1 720
YMR005W 3 48
YMR006C 1 1
YMR007W 2 96
YMR008C 2 71
YMR009W 5 53
YMR010W 2 7
YMR011W 1 5
YMR012W 0 0
YMR013C 1 8
YMR013C-A 1 2
YMR013W-A 0 0
YMR014W 9 507
YMR015C 2 16
YMR016C 0 0
YMR017W 1 10
YMR018W 3 47
YMR019W 6 110
YMR020W 1 14
YMR021C 2 322
YMR022W 1 50
YMR023C 4 60
YMR024W 4 484
YMR025W 3 104
YMR026C 1 4
YMR027W 1 89
YMR028W 2 94
YMR029C 3 90
YMR030W 3 610
YMR031C 1 14
YMR031W-A 1 90
YMR032W 0 0
YMR030W-A 1 10
YMR033W 1 144
YMR034C 3 74
YMR035W 6 73
YMR036C 3 25
YMR037C 3 32
YMR038C 1 191
YMR039C 4 164
YMR040W 0 0
YMR041C 6 133
YMR042W 5 150
YMR043W 5 1857
YMR044W 5 252
YMR046W-A 0 0
YMR047C 1 29
YMR048W 6 57
YMR049C 9 372
YMR052W 1 278
YMR052C-A 4 2159
YMR053C 3 20
YMR054W 2 42
YMR055C 2 13
YMR056C 5 77
YMR057C 3 39
YMR058W 4 40
YMR059W 1 11
YMR060C 3 120
YMR061W 3 29
YMR062C 0 0
YMR063W 7 1045
YMR064W 7 536
YMR065W 3 21
YMR066W 5 64
YMR067C 3 66
YMR068W 7 181
YMR069W 3 306
YMR070W 0 0
YMR071C 5 58
YMR072W 6 68
YMR073C 4 49
YMR074C 5 49
YMR075W 1 23
YMR075C-A 3 168
YMR076C 1 41
YMR077C 2 77
YMR078C 3 485
YMR079W 2 22
YMR080C 0 0
YMR081C 1 7
YMR082C 1 6
YMR083W 4 109
YMR084W 2 41
YMR085W 1 16
YMR086W 2 18
YMR086C-A 7 1759
YMR087W 6 1746
YMR088C 1 40
YMR089C 0 0
YMR090W 2 9
YMR091C 1 7
YMR092C 5 53
YMR093W 2 5
YMR094W 3 157
YMR095C 3 30
YMR096W 2 8
YMR097C 2 5
YMR098C 1 13
YMR099C 6 236
YMR100W 2 67
YMR101C 0 0
YMR102C 3 17
YMR103C 6 915
YMR104C 5 69
YMR105C 0 0
YMR105W-A 7 30
YMR106C 2 24
YMR107W 5 112
YMR108W 0 0
YMR109W 3 52
YMR110C 6 171
YMR111C 0 0
YMR112C 1 31
YMR113W 2 12
YMR114C 2 49
YMR115W 5 172
YMR116C 2 22
YMR117C 6 540
YMR118C 3 268
YMR119W 0 0
YMR119W-A 3 117
YMR120C 3 69
YMR121C 6 86
YMR122C 7 342
YMR122W-A 4 129
YMR123W 3 54
YMR124W 3 237
YMR125W 1 10
YMR126C 0 0
YMR127C 1 29
YMR128W 3 24
YMR129W 2 25
YMR130W 3 62
YMR131C 0 0
YMR132C 2 6
YMR133W 1 3
YMR134W 0 0
YMR135C 13 489
YMR135W-A 1 28
YMR136W 5 97
YMR137C 5 45
YMR138W 1 2
YMR139W 3 5
YMR140W 1 1
YMR141C 9 155
YMR142C 1 2
YMR141W-A 0 0
YMR143W 1 2
YMR144W 0 0
YMR145C 2 8
YMR146C 3 33
YMR147W 3 56
YMR148W 1 5
YMR149W 5 169
YMR150C 2 25
YMR151W 4 462
YMR152W 2 37
YMR153W 4 103
YMR153C-A 1 20
YMR154C 4 15
YMR155W 6 413
YMR156C 3 7
YMR157C 3 14
YMR158W 3 34
YMR158C-A 0 0
YMR158W-B 2 38
YMR159C 7 118
YMR160W 4 114
YMR161W 4 27
YMR162C 3 27
YMR163C 0 0
YMR164C 2 4
YMR165C 1 37
YMR166C 1 126
YMR167W 5 183
YMR168C 6 117
YMR169C 0 0
YMR170C 1 24
YMR171C 1 85
YMR172W 0 0
YMR172C-A 1 20
YMR173W 1 13
YMR173W-A 2 6
YMR174C 5 60
YMR175W 7 512
YMR175W-A 3 57
YMR176W 4 43
YMR177W 2 45
YMR178W 6 527
YMR179W 0 0
YMR180C 6 101
YMR181C 0 0
YMR182C 1 19
YMR182W-A 6 392
YMR183C 1 29
YMR184W 3 13
YMR185W 2 104
YMR186W 3 38
YMR187C 3 14
YMR188C 3 101
YMR189W 4 77
YMR190C 2 3
YMR191W 8 117
YMR192W 1 3
YMR193W 0 0
YMR193C-A 1 2
YMR194W 2 12
YMR194C-B 11 2471
YMR194C-A 8 88
YMR195W 1 44
YMR196W 2 14
YMR197C 5 199
YMR198W 0 0
YMR199W 1 63
YMR200W 1 47
YMR201C 5 137
YMR202W 1 18
YMR203W 3 41
YMR204C 1 44
YMR205C 2 3
YMR206W 4 67
YMR207C 2 9
YMR208W 2 25
YMR209C 0 0
YMR210W 4 27
YMR211W 0 0
YMR212C 0 0
YMR213W 2 7
YMR214W 6 44
YMR215W 0 0
YMR216C 3 54
YMR217W 3 130
YMR218C 4 4
YMR219W 6 57
YMR220W 1 17
YMR221C 7 338
YMR222C 0 0
YMR223W 2 13
YMR224C 6 401
YMR225C 6 571
YMR226C 4 74
YMR227C 0 0
YMR228W 0 0
YMR229C 2 27
YMR230W 12 208
YMR230W-A 0 0
YMR231W 2 60
YMR232W 0 0
YMR233W 0 0
YMR234W 1 21
YMR235C 4 22
YMR236W 4 32
YMR237W 2 31
YMR238W 2 24
YMR239C 2 13
YMR240C 7 762
YMR241W 5 15
YMR242C 0 0
YMR242W-A 0 0
YMR243C 1 2
YMR244W 0 0
YMR244C-A 9 1112
YMR245W 0 0
YMR246W 7 87
YMR247C 2 19
YMR247W-A 1 3
YMR250W 0 0
YMR251W 1 15
YMR251W-A 0 0
YMR252C 3 2145
YMR253C 3 13
YMR254C 1 1
YMR255W 2 228
YMR256C 5 99
YMR257C 0 0
YMR258C 2 16
YMR259C 1 60
YMR260C 3 41
YMR261C 2 39
YMR262W 3 67
YMR263W 4 27
YMR264W 5 43
YMR265C 11 200
YMR266W 0 0
YMR267W 0 0
YMR268C 3 11
YMR269W 2 43
YMR270C 1 1
YMR271C 2 8
YMR272C 2 4
YMR272W-A 2 117
YMR272W-B 3 155
YMR273C 0 0
YMR274C 4 48
YMR275C 2 11
YMR276W 3 91
YMR277W 2 7
YMR278W 1 35
YMR279C 0 0
YMR280C 3 28
YMR281W 2 15
YMR282C 2 50
YMR283C 2 40
YMR284W 5 73
YMR285C 1 209
YMR286W 3 19
YMR287C 3 111
YMR288W 1 3
YMR289W 0 0
YMR290C 5 286
YMR290W-A 0 0
YMR291W 0 0
YMR292W 4 646
YMR293C 7 381
YMR294W 2 29
YMR294W-A 1 1
YMR295C 2 35
YMR296C 1 1
YMR297W 0 0
YMR298W 0 0
YMR299C 1 1
YMR300C 3 78
YMR301C 3 6
YMR302C 3 81
YMR303C 5 34
YMR304W 2 28
YMR304C-A 1 1
YMR305C 0 0
YMR306W 0 0
YMR306C-A 3 69
YMR307W 2 56
YMR307C-A 3 179
YMR308C 0 0
YMR309C 1 30
YMR310C 3 909
YMR311C 4 32
YMR312W 2 2
YMR313C 11 337
YMR314W 1 4
YMR315W 1 1
YMR315W-A 3 212
YMR316W 0 0
YMR316C-A 5 69
YMR316C-B 0 0
YMR317W 0 0
YMR318C 1 385
YMR319C 0 0
YMR320W 6 362
YMR321C 0 0
YMR322C 0 0
YMR323W 0 0
YMR324C 1 2
YMR325W 0 0
YMR326C 11 1375
YNL339C 0 0
YNL339W-B 0 0
YNL339W-A 0 0
YNL338W 0 0
YNL337W 5 57
YNL336W 0 0
YNL335W 2 49
YNL334C 2 9
YNL333W 3 8
YNL332W 0 0
YNL331C 2 6
YNL330C 0 0
YNL329C 2 691
YNL328C 10 329
YNL327W 2 7
YNL326C 4 69
YNL325C 1 4
YNL324W 1 71
YNL323W 0 0
YNL322C 4 326
YNL321W 4 230
YNL320W 1 5
YNL319W 0 0
YNL318C 0 0
YNL317W 6 91
YNL316C 1 1
YNL315C 3 512
YNL314W 0 0
YNL313C 0 0
YNL312W 0 0
YNL311C 11 701
YNL310C 3 14
YNL309W 3 141
YNL308C 2 10
YNL307C 1 1
YNL306W 5 69
YNL305C 5 39
YNL304W 5 789
YNL303W 2 26
YNL302C 1 1
YNL301C 2 46
YNL300W 0 0
YNL299W 1 6
YNL298W 0 0
YNL297C 7 284
YNL296W 1 31
YNL295W 2 42
YNL294C 2 26
YNL293W 4 208
YNL292W 5 70
YNL291C 0 0
YNL290W 6 298
YNL289W 2 37
YNL288W 3 16
YNL287W 0 0
YNL286W 0 0
YNL285W 3 74
YNL284C 3 76
YNL283C 0 0
YNL282W 9 439
YNL281W 1 4
YNL280C 2 3
YNL279W 1 10
YNL278W 3 484
YNL277W-A 4 198
YNL277W 1 4
YNL276C 2 12
YNL275W 4 114
YNL274C 1 1
YNL273W 5 4009
YNL272C 1 25
YNL271C 0 0
YNL270C 6 12
YNL269W 2 3
YNL268W 4 70
YNL267W 1 7
YNL266W 2 7
YNL265C 4 313
YNL264C 1 21
YNL263C 2 26
YNL262W 2 17
YNL261W 3 221
YNL260C 3 20
YNL259C 2 28
YNL258C 0 0
YNL257C 2 30
YNL256W 0 0
YNL255C 2 63
YNL254C 6 925
YNL253W 5 168
YNL252C 2 13
YNL251C 3 10
YNL250W 6 3501
YNL249C 2 56
YNL248C 4 43
YNL247W 2 5
YNL246W 1 3
YNL245C 12 6634
YNL244C 2 4
YNL243W 3 112
YNL242W 0 0
YNL241C 4 31
YNL240C 3 243
YNL239W 2 14
YNL238W 0 0
YNL237W 2 29
YNL236W 1 1
YNL235C 1 16
YNL234W 11 133
YNL233W 2 55
YNL232W 5 34
YNL231C 1 3
YNL230C 1 12
YNL229C 3 42
YNL228W 8 1089
YNL227C 1 4
YNL226W 1 19
YNL225C 3 67
YNL224C 0 0
YNL223W 3 231
YNL222W 3 29
YNL221C 1 14
YNL220W 1 2
YNL219C 0 0
YNL218W 5 508
YNL217W 3 464
YNL216W 2 4
YNL215W 1 1
YNL214W 5 207
YNL213C 2 15
YNL212W 2 71
YNL211C 5 62
YNL210W 1 4
YNL209W 4 332
YNL208W 1 36
YNL207W 2 24
YNL206C 5 122
YNL205C 2 3
YNL204C 2 5
YNL203C 4 37
YNL202W 1 1
YNL201C 0 0
YNL200C 0 0
YNL199C 0 0
YNL198C 0 0
YNL197C 1 28
YNL196C 1 2
YNL195C 0 0
YNL194C 1 1
YNL193W 4 217
YNL192W 6 68
YNL191W 3 35
YNL190W 2 33
YNL189W 0 0
YNL188W 0 0
YNL187W 2 26
YNL186W 2 6
YNL185C 0 0
YNL184C 4 57
YNL183C 3 190
YNL182C 2 89
YNL181W 0 0
YNL180C 2 14
YNL179C 4 65
YNL178W 4 82
YNL177C 3 79
YNL176C 1 6
YNL175C 8 430
YNL174W 1 8
YNL173C 1 1
YNL172W 0 0
YNL171C 0 0
YNL170W 1 4
YNL169C 0 0
YNL168C 1 2
YNL167C 1 20
YNL166C 2 69
YNL165W 2 26
YNL164C 1 1
YNL163C 0 0
YNL162W-A 2 10
YNL162W 3 949
YNL161W 2 46
YNL160W 4 41
YNL159C 5 89
YNL158W 5 104
YNL157W 2 7
YNL156C 0 0
YNL155W 1 3
YNL154C 1 22
YNL153C 5 1671
YNL152W 4 59
YNL151C 5 53
YNL150W 3 40
YNL149C 8 179
YNL148C 3 61
YNL147W 2 8
YNL146C-A 6 32
YNL146W 2 7
YNL145W 3 39
YNL144C 4 36
YNL144W-A 1 6
YNL143C 0 0
YNL142W 4 77
YNL141W 3 4
YNL140C 1 2
YNL139C 2 2
YNL138W-A 1 3
YNL138W 3 146
YNL137C 0 0
YNL136W 3 5
YNL135C 3 33
YNL134C 5 140
YNL133C 6 96
YNL132W 1 3
YNL131W 1 1
YNL130C 5 31
YNL130C-A 1 121
YNL129W 1 121
YNL128W 0 0
YNL127W 0 0
YNL126W 3 30
YNL125C 6 166
YNL124W 5 463
YNL123W 6 526
YNL122C 10 296
YNL121C 4 300
YNL120C 0 0
YNL119W 2 115
YNL118C 1 15
YNL117W 0 0
YNL116W 3 115
YNL115C 3 299
YNL114C 0 0
YNL113W 0 0
YNL112W 1 1
YNL111C 0 0
YNL110C 0 0
YNL109W 0 0
YNL108C 1 3
YNL107W 5 44
YNL106C 1 1
YNL105W 1 29
YNL104C 3 90
YNL103W-A 2 5
YNL103W 2 193
YNL102W 0 0
YNL101W 2 23
YNL100W 4 123
YNL099C 2 8
YNL098C 2 23
YNL097C-B 3 15
YNL097C 2 33
YNL097W-A 2 112
YNL096C 5 23
YNL095C 1 2
YNL094W 1 6
YNL093W 1 10
YNL092W 1 30
YNL091W 0 0
YNL090W 1 1
YNL089C 0 0
YNL088W 2 2
YNL087W 1 14
YNL086W 0 0
YNL085W 0 0
YNL084C 4 145
YNL083W 1 14
YNL082W 1 12
YNL081C 2 185
YNL080C 0 0
YNL079C 13 3755
YNL078W 1 4
YNL077W 0 0
YNL076W 0 0
YNL075W 2 533
YNL074C 4 107
YNL073W 8 116
YNL072W 5 57
YNL071W 1 289
YNL070W 4 31
YNL069C 0 0
YNL068C 5 789
YNL067W-A 1 18
YNL067W-B 7 253
YNL067W 5 87
YNL066W 0 0
YNL065W 1 5
YNL064C 0 0
YNL063W 3 15
YNL062C 1 1
YNL061W 3 26
YNL059C 4 264
YNL058C 1 2
YNL057W 1 6
YNL056W 6 266
YNL055C 2 3
YNL054W 2 47
YNL053W 0 0
YNL052W 7 83
YNL051W 3 6
YNL050C 2 67
YNL049C 3 11
YNL048W 3 23
YNL047C 2 34
YNL046W 2 7
YNL045W 5 113
YNL044W 1 2
YNL043C 0 0
YNL042W-B 2 3
YNL042W 0 0
YNL041C 0 0
YNL040W 4 35
YNL039W 1 1
YNL038W 6 262
YNL037C 3 66
YNL036W 2 73
YNL035C 5 563
YNL034W 0 0
YNL033W 0 0
YNL032W 2 44
YNL031C 1 46
YNL030W 0 0
YNL029C 2 156
YNL028W 2 7
YNL027W 1 100
YNL026W 2 23
YNL025C 5 115
YNL024C-A 2 29
YNL024C 3 131
YNL023C 2 85
YNL022C 1 1
YNL021W 0 0
YNL020C 0 0
YNL019C 0 0
YNL018C 0 0
YNL017C 5 485
YNL016W 1 1
YNL015W 0 0
YNL014W 1 124
YNL013C 1 11
YNL012W 2 33
YNL011C 3 50
YNL010W 0 0
YNL009W 3 36
YNL008C 7 2872
YNL007C 0 0
YNL006W 2 66
YNL005C 0 0
YNL004W 3 135
YNL003C 5 224
YNL002C 1 14
YNL001W 2 42
YNR001C 1 2
YNR001W-A 5 63
YNR002C 5 422
YNR003C 3 105
YNR003W-A 11 1225
YNR004W 3 17
YNR005C 0 0
YNR006W 2 9
YNR007C 1 105
YNR008W 2 19
YNR009W 4 68
YNR010W 2 35
YNR011C 3 185
YNR012W 5 13
YNR013C 0 0
YNR014W 6 123
YNR015W 5 111
YNR016C 4 1412
YNR017W 3 3
YNR018W 5 469
YNR019W 2 275
YNR020C 5 596
YNR021W 4 118
YNR022C 4 177
YNR023W 1 71
YNR024W 1 103
YNR025C 0 0
YNR026C 4 608
YNR027W 3 66
YNR028W 1 11
YNR029C 1 47
YNR030W 0 0
YNR031C 0 0
YNR032W 0 0
YNR032C-A 7 81
YNR033W 5 283
YNR034W 0 0
YNR034W-A 2 123
YNR035C 4 113
YNR036C 3 71
YNR037C 9 195
YNR038W 6 352
YNR039C 1 46
YNR040W 4 21
YNR041C 0 0
YNR042W 1 10
YNR043W 0 0
YNR044W 0 0
YNR045W 1 3
YNR046W 8 258
YNR047W 6 327
YNR048W 2 9
YNR049C 2 4
YNR050C 4 275
YNR051C 0 0
YNR052C 2 16
YNR053C 2 28
YNR054C 3 91
YNR055C 0 0
YNR056C 0 0
YNR057C 0 0
YNR058W 3 388
YNR059W 0 0
YNR060W 1 1
YNR061C 2 33
YNR062C 5 25
YNR063W 1 4
YNR064C 2 17
YNR065C 1 7
YNR066C 7 577
YNR067C 2 3
YNR068C 1 139
YNR069C 1 7
YNR070W 1 18
YNR071C 1 1
YNR072W 0 0
YNR073C 3 5
YNR074C 0 0
YNR075W 4 22
YNR075C-A 3 951
YNR076W 1 6
YNR077C 7 149
YOL166W-A 7 93
YOL166C 1 8
YOL165C 0 0
YOL164W-A 1 1
YOL164W 0 0
YOL163W 6 179
YOL162W 1 20
YOL161C 0 0
YOL160W 0 0
YOL159C-A 2 9
YOL159C 2 14
YOL158C 4 73
YOL157C 2 65
YOL156W 0 0
YOL155W-A 0 0
YOL155C 0 0
YOL154W 2 2
YOL152W 2 6
YOL151W 2 28
YOL150C 2 185
YOL149W 2 148
YOL148C 1 9
YOL147C 0 0
YOL146W 2 3
YOL145C 5 165
YOL144W 2 31
YOL143C 4 24
YOL142W 3 7
YOL141W 3 16
YOL140W 9 542
YOL139C 5 356
YOL138C 3 164
YOL137W 2 15
YOL136C 0 0
YOL135C 1 2
YOL134C 1 1
YOL133W 3 35
YOL132W 1 1
YOL131W 1 37
YOL130W 0 0
YOL129W 3 103
YOL128C 8 1517
YOL127W 0 0
YOL126C 2 8
YOL125W 6 66
YOL124C 6 2389
YOL123W 3 145
YOL122C 1 4
YOL121C 8 243
YOL120C 0 0
YOL119C 2 51
YOL118C 2 1089
YOL117W 3 79
YOL116W 1 49
YOL115W 1 3
YOL114C 1 3
YOL113W 1 1
YOL112W 1 9
YOL111C 4 102
YOL110W 5 449
YOL109W 1 2
YOL108C 7 589
YOL107W 1 238
YOL106W 0 0
YOL105C 1 2
YOL104C 4 57
YOL103W 0 0
YOL102C 3 79
YOL101C 3 53
YOL100W 0 0
YOL099C 0 0
YOL098C 1 18
YOL097W-A 1 61
YOL097C 0 0
YOL096C 7 124
YOL095C 2 10
YOL094C 1 11
YOL093W 0 0
YOL092W 4 895
YOL091W 0 0
YOL090W 1 12
YOL089C 3 40
YOL088C 2 53
YOL087C 0 0
YOL086W-A 2 14
YOL086C 5 132
YOL085W-A 2 4
YOL085C 4 50
YOL084W 1 2
YOL083W 2 116
YOL083C-A 3 22
YOL082W 3 38
YOL081W 3 579
YOL080C 2 117
YOL079W 0 0
YOL078W 2 12
YOL077W-A 3 10
YOL077C 2 47
YOL076W 0 0
YOL075C 6 649
YOL073C 4 310
YOL072W 6 563
YOL071W 5 320
YOL070C 7 188
YOL069W 0 0
YOL068C 3 6
YOL067C 5 129
YOL066C 0 0
YOL065C 3 95
YOL064C 7 1956
YOL063C 2 4
YOL062C 3 47
YOL061W 4 126
YOL060C 2 17
YOL059W 3 23
YOL058W 5 140
YOL057W 3 75
YOL056W 1 1
YOL055C 0 0
YOL054W 1 16
YOL053W 1 7
YOL052C-A 1 2
YOL052C 1 2
YOL051W 2 58
YOL050C 0 0
YOL049W 4 2913
YOL048C 3 150
YOL047C 0 0
YOL046C 0 0
YOL045W 0 0
YOL044W 1 5
YOL043C 2 22
YOL042W 2 57
YOL041C 1 431
YOL040C 0 0
YOL039W 4 55
YOL038C-A 0 0
YOL038W 2 9
YOL037C 1 2
YOL036W 0 0
YOL035C 2 18
YOL034W 4 90
YOL033W 5 15
YOL032W 0 0
YOL031C 1 7
YOL030W 1 26
YOL029C 1 2
YOL028C 1 44
YOL027C 4 31
YOL026C 3 56
YOL025W 0 0
YOL024W 1 1
YOL023W 2 146
YOL022C 1 1
YOL021C 6 312
YOL020W 3 33
YOL019W-A 5 112
YOL019W 1 3
YOL018C 4 78
YOL017W 0 0
YOL016C 0 0
YOL015W 0 0
YOL014W 0 0
YOL013W-B 0 0
YOL013W-A 2 3
YOL013C 0 0
YOL012C 0 0
YOL011W 0 0
YOL010W 2 2
YOL009C 3 19
YOL008W 1 26
YOL007C 1 6
YOL006C 1 1
YOL005C 3 31
YOL004W 0 0
YOL003C 15 1479
YOL002C 3 49
YOL001W 3 68
YOR001W 6 590
YOR002W 1 176
YOR003W 1 2
YOR004W 1 4
YOR005C 5 20
YOR006C 2 14
YOR007C 3 40
YOR008C 0 0
YOR008C-A 0 0
YOR008W-B 1 3
YOR009W 0 0
YOR010C 2 19
YOR011W 1 6
YOR011W-A 0 0
YOR012W 0 0
YOR013W 1 11
YOR014W 0 0
YOR015W 0 0
YOR016C 2 14
YOR017W 4 37
YOR018W 1 4
YOR019W 0 0
YOR020C 2 48
YOR020W-A 0 0
YOR021C 3 20
YOR022C 4 7
YOR023C 4 104
YOR024W 6 165
YOR025W 6 184
YOR026W 13 383
YOR027W 2 8
YOR028C 0 0
YOR029W 2 215
YOR030W 0 0
YOR031W 4 48
YOR032C 5 15
YOR032W-A 4 182
YOR033C 3 35
YOR034C 1 15
YOR034C-A 1 90
YOR035C 4 50
YOR036W 4 180
YOR037W 2 6
YOR038C 6 169
YOR039W 1 2
YOR040W 1 62
YOR041C 2 70
YOR042W 1 16
YOR043W 0 0
YOR044W 1 4
YOR045W 2 63
YOR046C 1 4
YOR047C 0 0
YOR048C 3 21
YOR049C 1 21
YOR050C 0 0
YOR051C 4 169
YOR052C 1 25
YOR053W 1 41
YOR054C 3 135
YOR055W 2 54
YOR056C 1 36
YOR057W 1 2
YOR058C 1 43
YOR059C 2 242
YOR060C 7 164
YOR061W 0 0
YOR062C 1 16
YOR063W 8 238
YOR064C 13 1421
YOR065W 0 0
YOR066W 1 5
YOR067C 0 0
YOR069W 1 55
YOR068C 2 111
YOR070C 2 72
YOR071C 2 24
YOR072W 5 72
YOR072W-A 5 100
YOR072W-B 2 78
YOR073W 3 63
YOR074C 0 0
YOR073W-A 3 6
YOR075W 9 462
YOR076C 4 108
YOR077W 2 269
YOR078W 4 107
YOR079C 1 12
YOR080W 2 14
YOR081C 0 0
YOR082C 2 69
YOR083W 0 0
YOR084W 3 9
YOR085W 1 10
YOR086C 2 24
YOR087W 5 96
YOR089C 2 5
YOR090C 2 37
YOR091W 1 2
YOR092W 0 0
YOR093C 1 1
YOR094W 0 0
YOR095C 6 45
YOR096W 0 0
YOR097C 1 3
YOR098C 1 143
YOR099W 0 0
YOR100C 5 193
YOR101W 0 0
YOR102W 5 55
YOR103C 2 39
YOR104W 2 25
YOR105W 0 0
YOR106W 2 28
YOR107W 2 29
YOR108W 2 61
YOR108C-A 1 3
YOR109W 1 1
YOR110W 0 0
YOR111W 3 58
YOR112W 1 12
YOR113W 2 19
YOR114W 5 46
YOR115C 6 997
YOR116C 0 0
YOR117W 2 46
YOR118W 1 28
YOR119C 5 167
YOR120W 2 12
YOR121C 1 90
YOR122C 5 27
YOR123C 1 3
YOR124C 0 0
YOR125C 1 4
YOR126C 9 3576
YOR127W 0 0
YOR128C 1 1
YOR129C 2 142
YOR130C 2 21
YOR131C 1 109
YOR132W 1 2
YOR133W 2 232
YOR134W 3 7
YOR135C 3 116
YOR136W 1 3
YOR137C 1 14
YOR138C 3 116
YOR139C 0 0
YOR140W 0 0
YOR141C 6 104
YOR142W 5 44
YOR143C 1 1
YOR144C 0 0
YOR145C 1 31
YOR146W 0 0
YOR147W 4 4
YOR148C 5 243
YOR149C 2 24
YOR150W 3 145
YOR151C 0 0
YOR152C 1 11
YOR153W 2 12
YOR154W 1 2
YOR155C 3 68
YOR156C 2 18
YOR157C 2 853
YOR158W 2 58
YOR159C 4 29
YOR160W 1 15
YOR161C 8 65
YOR161W-A 0 0
YOR161W-B 5 49
YOR161C-C 8 2040
YOR162C 1 2
YOR163W 5 427
YOR164C 1 2
YOR165W 4 116
YOR166C 1 29
YOR167C 0 0
YOR168W 10 468
YOR169C 2 31
YOR170W 5 35
YOR171C 1 8
YOR172W 6 248
YOR173W 3 292
YOR174W 1 2
YOR175C 0 0
YOR176W 4 24
YOR177C 0 0
YOR178C 3 68
YOR179C 4 77
YOR180C 1 6
YOR181W 3 25
YOR182C 4 265
YOR183W 1 7
YOR184W 0 0
YOR185C 1 2
YOR186W 7 216
YOR186C-A 4 58
YOR187W 1 26
YOR188W 1 30
YOR189W 1 4
YOR190W 0 0
YOR191W 1 4
YOR192C 0 0
YOR192C-C 0 0
YOR193W 2 16
YOR194C 1 1
YOR195W 1 23
YOR196C 8 338
YOR197W 7 211
YOR198C 1 4
YOR199W 1 4
YOR200W 4 20
YOR201C 4 24
YOR202W 4 184
YOR203W 2 18
YOR204W 8 121
YOR205C 3 29
YOR206W 6 197
YOR207C 4 6
YOR208W 3 111
YOR209C 0 0
YOR210W 4 75
YOR211C 4 101
YOR212W 3 28
YOR213C 1 1
YOR214C 2 9
YOR215C 4 55
YOR216C 5 188
YOR217W 2 37
YOR218C 1 3
YOR219C 2 121
YOR220W 3 817
YOR221C 5 39
YOR222W 0 0
YOR223W 6 392
YOR224C 0 0
YOR225W 0 0
YOR226C 7 1739
YOR227W 0 0
YOR228C 1 10
YOR229W 3 15
YOR230W 4 128
YOR231W 2 29
YOR231C-A 3 233
YOR232W 0 0
YOR233W 0 0
YOR234C 0 0
YOR235W 2 13
YOR236W 1 28
YOR237W 1 1
YOR238W 2 508
YOR239W 2 5
YOR241W 3 74
YOR242C 1 1
YOR243C 2 23
YOR244W 2 12
YOR245C 2 311
YOR246C 0 0
YOR247W 0 0
YOR248W 1 1045
YOR249C 0 0
YOR250C 0 0
YOR251C 6 1103
YOR252W 4 48
YOR253W 2 331
YOR254C 5 20
YOR255W 4 30
YOR256C 0 0
YOR257W 4 58
YOR258W 2 8
YOR259C 3 14
YOR260W 3 8
YOR261C 0 0
YOR262W 2 159
YOR263C 0 0
YOR264W 1 26
YOR265W 11 644
YOR266W 2 11
YOR267C 2 13
YOR268C 4 47
YOR269W 6 771
YOR270C 0 0
YOR271C 6 317
YOR272W 1 2
YOR273C 9 249
YOR274W 4 411
YOR275C 9 705
YOR276W 5 116
YOR277C 0 0
YOR278W 4 117
YOR279C 2 28
YOR280C 3 363
YOR281C 2 61
YOR282W 0 0
YOR283W 1 127
YOR284W 5 1268
YOR285W 3 31
YOR286W 2 96
YOR287C 3 35
YOR288C 2 36
YOR289W 3 41
YOR290C 0 0
YOR291W 3 117
YOR292C 6 2047
YOR293W 0 0
YOR293C-A 2 239
YOR294W 0 0
YOR295W 4 47
YOR296W 1 8
YOR297C 3 905
YOR298W 2 997
YOR298C-A 4 277
YOR299W 0 0
YOR300W 0 0
YOR301W 3 62
YOR302W 1 67
YOR303W 2 4
YOR304W 2 82
YOR304C-A 4 26
YOR305W 0 0
YOR306C 2 78
YOR307C 1 2
YOR308C 0 0
YOR309C 1 46
YOR310C 2 182
YOR311C 4 34
YOR312C 0 0
YOR313C 1 62
YOR314W 2 3
YOR314W-A 8 2821
YOR315W 6 58
YOR316C 2 18
YOR316C-A 1 14
YOR317W 5 106
YOR318C 4 32
YOR319W 2 3
YOR320C 2 13
YOR321W 1 1
YOR322C 2 27
YOR323C 4 22
YOR324C 1 1
YOR325W 3 157
YOR326W 1 12
YOR327C 1 1
YOR328W 1 1
YOR329C 2 42
YOR329W-A 2 162
YOR330C 5 5689
YOR331C 1 2
YOR332W 3 229
YOR333C 2 14
YOR334W 3 99
YOR335C 1 14
YOR335W-A 0 0
YOR336W 2 176
YOR337W 4 70
YOR338W 0 0
YOR339C 0 0
YOR340C 4 4
YOR341W 0 0
YOR342C 2 31
YOR343C 17 2293
YOR344C 4 15
YOR345C 2 33
YOR346W 2 6
YOR347C 0 0
YOR348C 6 89
YOR349W 6 339
YOR350C 2 3
YOR351C 0 0
YOR352W 1 1
YOR353C 1 1
YOR354C 5 105
YOR355W 0 0
YOR356W 3 193
YOR357C 11 428
YOR358W 2 11
YOR359W 3 3
YOR360C 0 0
YOR361C 7 682
YOR362C 4 11
YOR363C 1 80
YOR364W 3 167
YOR365C 2 71
YOR366W 0 0
YOR367W 4 83
YOR368W 3 184
YOR369C 1 1
YOR370C 0 0
YOR371C 6 207
YOR372C 0 0
YOR373W 1 33
YOR374W 4 14
YOR375C 0 0
YOR376W 0 0
YOR376W-A 1 13
YOR377W 1 11
YOR378W 0 0
YOR379C 2 66
YOR380W 4 43
YOR381W 0 0
YOR381W-A 2 19
YOR382W 1 3
YOR383C 2 4
YOR384W 1 11
YOR385W 3 86
YOR386W 7 82
YOR387C 0 0
YOR388C 0 0
YOR389W 1 5
YOR390W 3 75
YOR391C 1 1
YOR392W 3 24
YOR393W 0 0
YOR394W 0 0
YOR394C-A 0 0
YOR396W 0 0
YOR396C-A 0 0
YPL283C 0 0
YPL283W-B 0 0
YPL283W-A 0 0
YPL282C 0 0
YPL281C 0 0
YPL280W 0 0
YPL279C 3 120
YPL278C 0 0
YPL277C 2 52
YPL274W 2 4
YPL273W 1 5
YPL272C 0 0
YPL271W 7 131
YPL270W 8 337
YPL269W 7 277
YPL268W 7 2528
YPL267W 1 26
YPL266W 1 6
YPL265W 1 2
YPL264C 1 1
YPL263C 8 81
YPL262W 2 22
YPL261C 3 56
YPL260W 0 0
YPL259C 3 12
YPL258C 3 102
YPL257W 2 60
YPL256C 2 8
YPL255W 1 88
YPL254W 1 6
YPL253C 5 55
YPL252C 7 660
YPL251W 2 21
YPL250C 2 4
YPL249C-A 0 0
YPL250W-A 0 0
YPL249C 3 33
YPL248C 2 4
YPL247C 1 6
YPL246C 1 2
YPL245W 3 32
YPL244C 2 87
YPL243W 0 0
YPL242C 2 6
YPL241C 6 313
YPL240C 3 26
YPL239W 1 18
YPL238C 0 0
YPL237W 0 0
YPL236C 1 20
YPL235W 1 1
YPL234C 0 0
YPL233W 4 62
YPL232W 3 58
YPL231W 2 7
YPL230W 2 17
YPL229W 1 4
YPL228W 2 15
YPL227C 0 0
YPL226W 2 115
YPL225W 1 177
YPL224C 9 230
YPL223C 8 1239
YPL222W 6 282
YPL222C-A 0 0
YPL221W 3 124
YPL220W 12 707
YPL219W 1 32
YPL218W 3 49
YPL217C 1 1
YPL216W 0 0
YPL215W 5 48
YPL214C 1 4
YPL213W 4 80
YPL212C 6 376
YPL211W 3 12
YPL210C 1 8
YPL209C 1 77
YPL208W 2 34
YPL207W 2 7
YPL206C 1 13
YPL205C 0 0
YPL204W 0 0
YPL203W 4 102
YPL202C 1 39
YPL201C 4 42
YPL200W 1 1
YPL199C 3 28
YPL198W 8 1283
YPL197C 1 23
YPL196W 2 20
YPL195W 7 942
YPL194W 2 10
YPL193W 1 1
YPL192C 1 9
YPL191C 1 12
YPL190C 0 0
YPL189C-A 3 802
YPL189W 2 84
YPL188W 1 76
YPL187W 3 19
YPL186C 7 756
YPL185W 3 55
YPL184C 0 0
YPL183W-A 0 0
YPL183C 7 975
YPL182C 1 42
YPL181W 3 43
YPL180W 0 0
YPL179W 0 0
YPL178W 2 139
YPL177C 2 25
YPL176C 5 45
YPL175W 4 42
YPL174C 1 1
YPL173W 6 342
YPL172C 0 0
YPL171C 2 8
YPL170W 6 52
YPL169C 6 555
YPL168W 2 16
YPL167C 3 50
YPL166W 5 329
YPL165C 2 16
YPL164C 2 136
YPL163C 1 4
YPL162C 1 6
YPL161C 0 0
YPL160W 1 1
YPL159C 0 0
YPL158C 0 0
YPL157W 4 31
YPL156C 3 18
YPL155C 0 0
YPL154C 0 0
YPL153C 0 0
YPL152W-A 7 210
YPL152W 1 5
YPL151C 3 455
YPL150W 1 4
YPL149W 3 14
YPL148C 2 49
YPL147W 3 65
YPL146C 2 9
YPL145C 0 0
YPL144W 4 172
YPL143W 0 0
YPL142C 0 0
YPL141C 1 3
YPL140C 1 2
YPL139C 0 0
YPL138C 0 0
YPL137C 1 16
YPL136W 0 0
YPL135W 5 80
YPL135C-A 3 30
YPL134C 5 152
YPL133C 1 2
YPL132W 0 0
YPL131W 0 0
YPL130W 1 11
YPL129W 1 5
YPL128C 0 0
YPL127C 6 191
YPL126W 3 102
YPL125W 0 0
YPL124W 1 41
YPL123C 3 255
YPL122C 5 1272
YPL121C 0 0
YPL120W 7 281
YPL119C-A 0 0
YPL119C 1 2
YPL118W 0 0
YPL117C 4 637
YPL116W 3 48
YPL115C 1 1
YPL114W 3 177
YPL113C 4 68
YPL112C 0 0
YPL111W 2 52
YPL110C 0 0
YPL109C 1 13
YPL108W 6 48
YPL107W 2 34
YPL106C 0 0
YPL105C 5 141
YPL104W 3 8
YPL103C 3 43
YPL102C 0 0
YPL101W 1 12
YPL100W 0 0
YPL099C 1 6
YPL098C 3 26
YPL097W 2 78
YPL096C-A 3 12
YPL096W 9 266
YPL095C 2 3
YPL094C 8 337
YPL093W 0 0
YPL092W 2 80
YPL091W 0 0
YPL090C 1 2
YPL089C 5 3174
YPL088W 0 0
YPL087W 1 19
YPL086C 3 19
YPL085W 0 0
YPL084W 3 8
YPL083C 1 2
YPL082C 2 49
YPL081W 3 550
YPL080C 5 139
YPL079W 3 121
YPL078C 8 139
YPL077C 6 199
YPL076W 1 6
YPL075W 5 155
YPL074W 5 55
YPL073C 5 99
YPL072W 2 13
YPL071C 0 0
YPL070W 0 0
YPL069C 2 177
YPL068C 3 81
YPL067C 5 42
YPL066W 3 46
YPL065W 3 32
YPL064C 1 33
YPL063W 0 0
YPL062W 13 2306
YPL061W 0 0
YPL060W 2 10
YPL059W 0 0
YPL058C 1 8
YPL057C 0 0
YPL056C 6 181
YPL055C 8 849
YPL054W 2 5
YPL053C 2 5
YPL052W 1 196
YPL051W 6 89
YPL050C 1 1
YPL049C 3 24
YPL048W 4 302
YPL047W 1 18
YPL046C 2 10
YPL045W 0 0
YPL044C 0 0
YPL043W 2 4
YPL042C 0 0
YPL041C 3 210
YPL040C 5 74
YPL039W 1 77
YPL038W-A 1 64
YPL038W 7 54
YPL037C 4 40
YPL036W 2 20
YPL035C 2 102
YPL034W 2 37
YPL033C 0 0
YPL032C 1 1
YPL031C 0 0
YPL030W 0 0
YPL029W 2 12
YPL028W 0 0
YPL027W 0 0
YPL026C 2 4
YPL025C 16 189
YPL024W 5 1129
YPL023C 0 0
YPL022W 0 0
YPL021W 0 0
YPL020C 0 0
YPL019C 6 99
YPL018W 2 27
YPL017C 2 4
YPL016W 0 0
YPL015C 9 569
YPL014W 1 66
YPL013C 3 88
YPL012W 0 0
YPL011C 3 93
YPL010W 1 1
YPL009C 0 0
YPL008W 1 70
YPL007C 0 0
YPL006W 2 69
YPL005W 0 0
YPL004C 0 0
YPL003W 3 37
YPL002C 3 74
YPL001W 5 976
YPR001W 4 75
YPR002W 7 406
YPR002C-A 2 7
YPR003C 2 1079
YPR004C 0 0
YPR005C 3 58
YPR006C 3 78
YPR007C 1 8
YPR008W 2 37
YPR009W 0 0
YPR010C 1 1
YPR010C-A 2 56
YPR011C 3 16
YPR012W 2 7
YPR013C 1 5
YPR014C 1 3
YPR015C 3 35
YPR016C 0 0
YPR016W-A 0 0
YPR017C 6 47
YPR018W 0 0
YPR019W 0 0
YPR020W 2 14
YPR021C 0 0
YPR022C 5 399
YPR023C 2 42
YPR024W 4 12
YPR025C 4 27
YPR026W 1 1
YPR027C 0 0
YPR028W 0 0
YPR029C 1 3
YPR030W 6 211
YPR031W 1 123
YPR032W 3 5
YPR033C 5 81
YPR034W 0 0
YPR035W 0 0
YPR036W 6 1237
YPR036W-A 4 27
YPR037C 4 128
YPR038W 4 22
YPR039W 3 102
YPR040W 10 390
YPR041W 1 1
YPR042C 0 0
YPR043W 5 147
YPR044C 2 5
YPR045C 6 274
YPR046W 8 4700
YPR047W 0 0
YPR048W 2 8
YPR049C 0 0
YPR050C 3 1001
YPR051W 8 443
YPR052C 1 1
YPR053C 1 22
YPR054W 2 24
YPR055W 3 189
YPR056W 3 48
YPR057W 3 7
YPR058W 1 74
YPR059C 2 6
YPR060C 0 0
YPR061C 5 170
YPR062W 5 318
YPR063C 3 88
YPR064W 3 95
YPR065W 2 18
YPR066W 0 0
YPR067W 7 124
YPR068C 2 10
YPR069C 2 19
YPR070W 3 55
YPR071W 0 0
YPR072W 0 0
YPR073C 5 1375
YPR074C 8 267
YPR074W-A 6 466
YPR075C 5 161
YPR076W 1 2
YPR077C 0 0
YPR078C 0 0
YPR079W 2 44
YPR080W 2 124
YPR081C 0 0
YPR082C 7 389
YPR083W 1 32
YPR084W 0 0
YPR085C 4 55
YPR086W 1 30
YPR087W 0 0
YPR088C 0 0
YPR089W 2 1132
YPR091C 3 7
YPR092W 1 2
YPR093C 2 181
YPR094W 3 149
YPR095C 0 0
YPR096C 0 0
YPR097W 1 7
YPR098C 5 18
YPR099C 2 164
YPR100W 3 24
YPR101W 4 24
YPR102C 1 14
YPR103W 1 2
YPR104C 0 0
YPR105C 2 190
YPR106W 0 0
YPR107C 0 0
YPR108W 0 0
YPR108W-A 2 90
YPR109W 0 0
YPR110C 1 7
YPR111W 4 100
YPR112C 3 34
YPR113W 3 132
YPR114W 0 0
YPR115W 0 0
YPR116W 2 4
YPR117W 1 8
YPR118W 8 166
YPR119W 0 0
YPR120C 0 0
YPR121W 0 0
YPR122W 6 12355
YPR123C 0 0
YPR124W 1 42
YPR125W 0 0
YPR126C 3 27
YPR127W 4 303
YPR128C 0 0
YPR129W 3 97
YPR130C 2 89
YPR131C 6 1203
YPR132W 3 8
YPR133C 0 0
YPR133W-A 7 170
YPR134W 0 0
YPR135W 0 0
YPR136C 0 0
YPR137W 1 10
YPR138C 2 2
YPR139C 0 0
YPR140W 0 0
YPR141C 0 0
YPR142C 0 0
YPR143W 4 33
YPR144C 1 22
YPR145W 4 209
YPR145C-A 4 117
YPR146C 3 222
YPR147C 3 115
YPR148C 1 2
YPR149W 2 21
YPR150W 5 197
YPR151C 14 338
YPR152C 7 407
YPR153W 1 1
YPR154W 5 34
YPR155C 2 99
YPR156C 1 2
YPR157W 2 25
YPR158W 1 3
YPR159W 0 0
YPR159C-A 10 269
YPR160W 2 89
YPR160W-A 2 25
YPR160C-A 1 2
YPR161C 0 0
YPR162C 1 6
YPR163C 1 18
YPR164W 1 6
YPR165W 0 0
YPR166C 3 84
YPR167C 1 27
YPR168W 1 13
YPR169W 2 27
YPR170C 4 54
YPR169W-A 3 23
YPR170W-B 3 23
YPR170W-A 4 56
YPR171W 3 36
YPR172W 2 13
YPR173C 1 4
YPR174C 2 112
YPR175W 3 238
YPR176C 4 65
YPR177C 3 141
YPR178W 1 3
YPR179C 0 0
YPR180W 3 176
YPR181C 3 162
YPR182W 2 74
YPR183W 2 100
YPR184W 1 3
YPR185W 1 2
YPR186C 2 4
YPR187W 4 78
YPR188C 4 31
YPR189W 0 0
YPR190C 1 6
YPR191W 4 13
YPR192W 1 4
YPR193C 1 1
YPR194C 0 0
YPR195C 5 75
YPR196W 5 79
YPR197C 0 0
YPR198W 0 0
YPR199C 3 1953
YPR200C 0 0
YPR201W 1 1
YPR202W 0 0
YPR203W 0 0
YPR204W 0 0
YPR204C-A 0 0
