YAL069W 6 174
YAL068W-A 10 337
YAL068C 0 0
YAL067W-A 5 96
YAL067C 3 42
YAL066W 3 18727
YAL065C 1 56
YAL064W-B 1 56
YAL064C-A 0 0
YAL064W 2 85
YAL063C-A 0 0
YAL063C 2 44
YAL062W 10 730
YAL061W 3 14
YAL060W 4 110
YAL059C-A 2 51
YAL059W 2 51
YAL058W 3 100
YAL056C-A 10 934
YAL056W 8 347
YAL055W 2 61
YAL054C 6 93
YAL053W 0 0
YAL051W 1 259
YAL049C 4 162
YAL048C 5 37
YAL047W-A 0 0
YAL047C 5 170
YAL046C 11 1017
YAL045C 5 133
YAL044W-A 12 1036
YAL044C 6 885
YAL043C 10 2653
YAL042C-A 2 4
YAL042W 9 4582
YAL041W 0 0
YAL040C 1 1
YAL039C 8 2532
YAL038W 1 3
YAL037C-B 1 1
YAL037C-A 3 100
YAL037W 0 0
YAL036C 2 42
YAL035W 4 9
YAL034C-B 1 80
YAL034W-A 2 108
YAL034C 6 1255
YAL033W 2 6
YAL032C 2 30
YAL031W-A 2 59
YAL031C 2 6
YAL030W 7 5188
YAL029C 0 0
YAL028W 2 9
YAL027W 1 21
YAL026C-A 0 0
YAL026C 0 0
YAL025C 8 843
YAL024C 1 2
YAL023C 2 25
YAL022C 2 6
YAL021C 1 84
YAL020C 6 227
YAL019W-A 3 96
YAL019W 2 166
YAL018C 0 0
YAL017W 2 20
YAL016C-B 4 36
YAL016C-A 1 2
YAL016W 3 4
YAL015C 8 561
YAL014C 3 130
YAL013W 4 128
YAL012W 7 712
YAL011W 7 1096
YAL010C 1 31
YAL009W 4 95
YAL008W 2 4
YAL007C 3 234
YAL005C 3 359
YAL004W 0 0
YAL003W 6 111
YAL002W 7 361
YAL001C 4 146
YAR002W 6 1167
YAR002C-A 8 21839
YAR003W 2 26
YAR007C 1 14
YAR008W 1 2
YAR014C 3 7
YAR015W 2 21
YAR018C 2 45
YAR019C 2 20
YAR019W-A 0 0
YAR020C 0 0
YAR023C 0 0
YAR027W 1 2
YAR028W 3 75
YAR029W 0 0
YAR030C 2 5
YAR031W 1 29
YAR033W 0 0
YAR035W 9 1530
YAR035C-A 8 1825
YAR042W 3 361
YAR047C 0 0
YAR050W 0 0
YAR053W 0 0
YAR060C 0 0
YAR064W 0 0
YAR066W 0 0
YAR068W 0 0
YAR069C 0 0
YAR070C 0 0
YAR071W 0 0
YAR073W 0 0
YAR075W 3 15
YBL113C 0 0
YBL113W-A 0 0
YBL112C 0 0
YBL111C 0 0
YBL109W 0 0
YBL108C-A 0 0
YBL108W 0 0
YBL107W-A 0 0
YBL107C 8 920
YBL106C 0 0
YBL105C 1 2
YBL104C 11 342
YBL103C 0 0
YBL102W 5 257
YBL101C 6 63
YBL100W-C 7 78
YBL100C 1 43
YBL099W 0 0
YBL098W 2 10
YBL097W 0 0
YBL096C 1 4
YBL095W 8 182
YBL094C 4 116
YBL093C 4 20
YBL092W 0 0
YBL091C-A 4 261
YBL091C 5 17
YBL090W 0 0
YBL089W 6 693
YBL088C 0 0
YBL087C 2 82
YBL086C 3 35
YBL085W 0 0
YBL084C 1 1
YBL083C 2 104
YBL082C 5 59
YBL081W 1 182
YBL080C 1 20
YBL079W 2 22
YBL078C 2 40
YBL077W 4 12
YBL076C 3 19
YBL075C 5 22
YBL074C 8 557
YBL073W 3 108
YBL072C 1 1
YBL071C-B 1 4
YBL071W-A 10 957
YBL071C 5 119
YBL070C 5 76
YBL069W 3 21
YBL068W-A 4 160
YBL068W 6 20
YBL067C 1 15
YBL066C 5 252
YBL065W 2 40
YBL064C 2 369
YBL063W 4 152
YBL062W 2 68
YBL061C 1 1
YBL060W 5 554
YBL059C-A 2 11
YBL059W 2 11
YBL058W 9 166
YBL057C 5 334
YBL056W 2 22
YBL055C 5 236
YBL054W 2 239
YBL053W 4 922
YBL052C 3 77
YBL051C 0 0
YBL050W 0 0
YBL049W 1 4
YBL048W 0 0
YBL047C 1 41
YBL046W 3 81
YBL045C 1 95
YBL044W 5 256
YBL043W 7 45
YBL042C 2 15
YBL041W 3 11
YBL040C 2 38
YBL039W-B 2 6
YBL039C 0 0
YBL039C-A 0 0
YBL038W 1 22
YBL037W 1 1
YBL036C 8 1788
YBL035C 1 5
YBL034C 1 28
YBL033C 3 21
YBL032W 3 50
YBL031W 1 5
YBL030C 4 33
YBL029C-A 3 64
YBL029W 1 57
YBL028C 4 862
YBL027W 0 0
YBL026W 0 0
YBL025W 0 0
YBL024W 4 50
YBL023C 0 0
YBL022C 2 30
YBL021C 8 439
YBL020W 0 0
YBL019W 4 61
YBL018C 1 21
YBL017C 3 109
YBL016W 4 69
YBL015W 4 47
YBL014C 2 6
YBL013W 5 1926
YBL012C 2 3
YBL011W 1 16
YBL010C 5 156
YBL009W 7 251
YBL008W-A 0 0
YBL008W 0 0
YBL007C 5 944
YBL006C 8 1126
YBL006W-A 0 0
YBL005W 1 2
YBL004W 1 37
YBL003C 4 350
YBL002W 5 882
YBL001C 8 231
YBR001C 3 1801
YBR002C 5 80
YBR003W 2 33
YBR004C 3 12
YBR005W 2 4
YBR006W 0 0
YBR007C 8 114
YBR008C 1 41
YBR009C 5 19
YBR010W 6 78
YBR011C 3 87
YBR012C 0 0
YBR013C 2 8
YBR014C 2 68
YBR015C 0 0
YBR016W 1 22
YBR017C 4 14
YBR018C 3 4
YBR019C 1 2
YBR020W 2 12
YBR021W 0 0
YBR022W 0 0
YBR023C 3 39
YBR024W 3 24
YBR025C 2 8
YBR026C 6 60
YBR027C 0 0
YBR028C 1 1
YBR029C 1 18
YBR030W 2 250
YBR031W 5 665
YBR032W 6 158
YBR033W 3 6
YBR034C 4 84
YBR035C 3 23
YBR036C 5 92
YBR037C 12 427
YBR038W 1 2
YBR039W 0 0
YBR040W 2 97
YBR041W 2 133
YBR042C 0 0
YBR043C 0 0
YBR044C 0 0
YBR045C 0 0
YBR046C 3 150
YBR047W 5 3508
YBR048W 1 1
YBR049C 2 32
YBR050C 1 194
YBR051W 0 0
YBR052C 3 120
YBR053C 7 191866
YBR054W 0 0
YBR055C 2 66
YBR056W 3 25
YBR056W-A 0 0
YBR056C-B 3 388
YBR057C 4 107
YBR058C 3 26
YBR058C-A 1 1
YBR059C 0 0
YBR060C 3 50
YBR061C 5 501
YBR062C 4 63
YBR063C 2 6
YBR064W 1 1
YBR065C 0 0
YBR066C 0 0
YBR067C 3 4
YBR068C 4 220
YBR069C 1 41
YBR070C 4 45
YBR071W 7 781
YBR072W 1 55
YBR072C-A 3 32
YBR073W 4 36
YBR074W 3 490
YBR076W 0 0
YBR076C-A 4 95
YBR077C 0 0
YBR078W 2 20965
YBR079C 9 641
YBR080C 1 54
YBR081C 4 77
YBR082C 5 56
YBR083W 8 126
YBR084W 6 1311
YBR084C-A 2 21
YBR085W 1 1
YBR085C-A 3 29
YBR086C 1 42
YBR087W 3 50
YBR088C 1 1
YBR089W 1 57
YBR089C-A 4 149
YBR090C 9 9260
YBR091C 7 83
YBR092C 0 0
YBR093C 2 8
YBR094W 1 1
YBR095C 9 363
YBR096W 1 14
YBR097W 1 21
YBR098W 7 1246
YBR099C 3 10
YBR101C 6 103
YBR102C 0 0
YBR103W 5 88
YBR103C-A 4 106
YBR104W 3 45
YBR105C 2 20
YBR106W 5 395
YBR107C 6 211
YBR108W 7 2360
YBR109C 1 15
YBR109W-A 3 35
YBR110W 0 0
YBR111C 4 44
YBR111W-A 4 98
YBR112C 0 0
YBR113W 0 0
YBR114W 3 127
YBR115C 2 3
YBR116C 10 1020
YBR117C 1 6
YBR118W 4 32
YBR119W 4 112
YBR120C 1 497
YBR121C 0 0
YBR121C-A 0 0
YBR122C 6 246
YBR123C 2 92
YBR124W 1 8
YBR125C 3 10
YBR126C 3 387
YBR126W-A 13 1116
YBR126W-B 3 5
YBR127C 1 3
YBR128C 1 38
YBR129C 3 23
YBR130C 4 59
YBR131W 4 75
YBR131C-A 0 0
YBR132C 4 174
YBR133C 5 22
YBR134W 2 88
YBR135W 1 26
YBR136W 5 34
YBR137W 0 0
YBR138C 0 0
YBR139W 5 220
YBR140C 1 28
YBR141C 0 0
YBR141W-A 2 51
YBR142W 2 9
YBR143C 3 35
YBR144C 6 200
YBR145W 3 27
YBR146W 1 3
YBR147W 4 19
YBR148W 1 108
YBR149W 2 3
YBR150C 7 81
YBR151W 2 40
YBR152W 1 1
YBR153W 4 44
YBR154C 0 0
YBR155W 4 525
YBR156C 2 113
YBR157C 1 108
YBR158W 1 13
YBR159W 2 123
YBR160W 0 0
YBR161W 0 0
YBR162C 4 42
YBR162W-A 12 309
YBR163W 2 8
YBR164C 1 3
YBR165W 0 0
YBR166C 1 1
YBR167C 4 217
YBR168W 2 36
YBR169C 0 0
YBR170C 3 21
YBR171W 4 91
YBR172C 0 0
YBR173C 8 175
YBR174C 1 7
YBR175W 4 49
YBR176W 0 0
YBR177C 1 6
YBR178W 0 0
YBR179C 2 4
YBR180W 3 15
YBR181C 1 5
YBR182C 0 0
YBR182C-A 6 429
YBR183W 8 151
YBR184W 1 1
YBR185C 2 12
YBR186W 3 30
YBR187W 3 45
YBR188C 0 0
YBR189W 0 0
YBR190W 5 247
YBR191W 0 0
YBR191W-A 1 3
YBR192W 2 15
YBR193C 2 20
YBR194W 0 0
YBR195C 1 69
YBR196C 0 0
YBR196C-A 3 295
YBR196C-B 2 72
YBR197C 4 16
YBR198C 1 20
YBR199W 2 5
YBR200W 0 0
YBR200W-A 1 1
YBR201W 2 435
YBR201C-A 2 9
YBR202W 0 0
YBR203W 7 680
YBR204C 3 46
YBR205W 2 39
YBR206W 3 268
YBR207W 2 53
YBR208C 1 1
YBR209W 0 0
YBR210W 6 661
YBR211C 0 0
YBR212W 3 51
YBR213W 3 23
YBR214W 1 1
YBR215W 4 250
YBR216C 4 58
YBR217W 3 118
YBR218C 0 0
YBR219C 3 9
YBR220C 2 11
YBR221C 1 6
YBR221W-A 6 79
YBR222C 1 2
YBR223C 3 4
YBR223W-A 2 238
YBR224W 0 0
YBR225W 1 6
YBR226C 2 11
YBR227C 1 30
YBR228W 4 620
YBR229C 5 54
YBR230C 4 17
YBR230W-A 11 106
YBR231C 2 5
YBR232C 3 38
YBR233W 1 1
YBR233W-A 6 140
YBR234C 1 39
YBR235W 1 34
YBR236C 2 10
YBR237W 5 340
YBR238C 5 84
YBR239C 3 146
YBR240C 7 945
YBR241C 2 14
YBR242W 2 5
YBR243C 7 962
YBR244W 0 0
YBR245C 2 32
YBR246W 4 102
YBR247C 1 4
YBR248C 0 0
YBR249C 0 0
YBR250W 0 0
YBR251W 4 88
YBR252W 3 19
YBR253W 7 1041
YBR254C 6 846
YBR255W 6 103
YBR255C-A 10 956
YBR256C 3 103
YBR257W 4 656
YBR258C 4 37
YBR259W 3 33
YBR260C 6 336
YBR261C 1 68
YBR262C 4 190
YBR263W 5 1239
YBR264C 0 0
YBR265W 1 36
YBR267W 1 12
YBR266C 2 63
YBR268W 6 237
YBR269C 9 901
YBR270C 0 0
YBR271W 1 1
YBR272C 8 803
YBR273C 6 481
YBR274W 3 13
YBR275C 0 0
YBR276C 0 0
YBR277C 4 94
YBR278W 2 62
YBR279W 1 20
YBR280C 2 38
YBR281C 10 162
YBR282W 0 0
YBR283C 1 17
YBR284W 4 1365
YBR285W 1 1
YBR286W 1 6
YBR287W 1 133
YBR288C 3 41
YBR289W 2 5
YBR290W 4 84
YBR291C 0 0
YBR292C 0 0
YBR293W 2 3
YBR294W 0 0
YBR295W 3 39
YBR296C 4 66
YBR296C-A 4 17
YBR297W 7 527
YBR298C 1 9
YBR298C-A 1 6
YBR299W 2 12
YBR300C 0 0
YBR301W 0 0
YBR302C 0 0
YCL076W 1 4
YCL073C 1 1
YCL069W 0 0
YCL068C 0 0
YCL067C 0 0
YCL066W 0 0
YCL065W 0 0
YCL064C 6 643
YCL063W 6 154
YCL061C 2 410
YCL059C 6 263
YCL058C 8 8889
YCL058W-A 1 2
YCL057C-A 6 169
YCL057W 1 47
YCL056C 4 199
YCL055W 2 22
YCL054W 2 74
YCL052C 0 0
YCL051W 0 0
YCL050C 1 92
YCL049C 6 2372
YCL048W-A 0 0
YCL048W 2 68
YCL047C 6 141
YCL045C 6 393
YCL046W 0 0
YCL044C 4 51
YCL043C 1 14
YCL041C 8 3183
YCL042W 3 6
YCL040W 7 271
YCL039W 10 84
YCL038C 6 785
YCL037C 2 2
YCL036W 8 56
YCL035C 7 20
YCL034W 6 212
YCL033C 1 41
YCL032W 0 0
YCL031C 5 212
YCL030C 8 2710
YCL029C 7 127
YCL028W 5 124
YCL027W 1 27
YCL026C-B 6 110
YCL026C-A 3 757
YCL025C 4 707
YCL023C 0 0
YCL024W 1 1
YCL022C 1 36
YCL021W-A 0 0
YCL018W 5 79
YCL017C 0 0
YCL016C 4 44
YCL014W 1 12
YCL012C 2 31
YCL011C 2 46
YCL010C 14 2223
YCL009C 10 934
YCL008C 9 883
YCL007C 4 29
YCL005W-A 3 21
YCL005W 5 42
YCL004W 4 226
YCL002C 7 576
YCL001W 0 0
YCL001W-A 2 50
YCL001W-B 4 189
YCR001W 1 26
YCR002C 2 101
YCR003W 7 562
YCR004C 0 0
YCR005C 6 327
YCR006C 7 282
YCR007C 2 447
YCR008W 0 0
YCR009C 4 86
YCR010C 3 7
YCR011C 1 106
YCR012W 9 210
YCR013C 6 130
YCR014C 1 102
YCR015C 2 41
YCR016W 3 3
YCR017C 5 513
YCR018C 0 0
YCR018C-A 4 230
YCR019W 4 57
YCR020C 1 6
YCR020C-A 5 616
YCR020W-B 1 15
YCR021C 0 0
YCR022C 6 370
YCR023C 2 4
YCR024C 4 122
YCR024C-B 4 40
YCR024C-A 1 7
YCR025C 13 1267
YCR026C 0 0
YCR027C 4 18
YCR028C 1 22
YCR028C-A 2 134
YCR030C 3 42
YCR031C 4 41
YCR032W 1 27
YCR033W 1 3
YCR034W 0 0
YCR035C 3 16
YCR036W 4 59
YCR037C 3 172
YCR038C 0 0
YCR038W-A 0 0
YCR039C 0 0
YCR040W 0 0
YCR041W 0 0
YCR042C 3 487
YCR043C 8 1021
YCR044C 4 41
YCR045C 2 24
YCR045W-A 0 0
YCR046C 6 900
YCR047C 0 0
YCR047W-A 1 3
YCR049C 2 10
YCR048W 5 56
YCR050C 0 0
YCR051W 4 127
YCR052W 4 113
YCR053W 4 62
YCR054C 1 1
YCR057C 2 16
YCR059C 9 331
YCR060W 10 179
YCR061W 13 372
YCR064C 6 403
YCR063W 0 0
YCR065W 3 80
YCR066W 3 15
YCR067C 0 0
YCR068W 2 74
YCR069W 1 1
YCR071C 1 18
YCR072C 3 26
YCR073C 1 71
YCR073W-A 7 191
YCR075C 8 777
YCR075W-A 5 453
YCR076C 5 105
YCR077C 5 70
YCR079W 7 328
YCR081W 0 0
YCR081C-A 11 422
YCR082W 4 225
YCR083W 2 218
YCR084C 1 10
YCR085W 0 0
YCR086W 1 20
YCR087W 0 0
YCR087C-A 4 204
YCR088W 4 399
YCR089W 0 0
YCR090C 4 68
YCR091W 4 23
YCR092C 3 67
YCR093W 7 257
YCR094W 1 1
YCR095C 1 7
YCR095W-A 1 2
YCR096C 0 0
YCR097W 0 0
YCR097W-A 0 0
YCR098C 0 0
YCR099C 1 82
YCR100C 4 224
YCR101C 5 97
YCR102C 3 25
YCR102W-A 1 41
YCR104W 0 0
YCR105W 1 3
YCR106W 7 84
YCR107W 2 49
YCR108C 9 593
YDL248W 1 174
YDL247W-A 0 0
YDL247W 0 0
YDL246C 0 0
YDL245C 0 0
YDL244W 0 0
YDL243C 1 52
YDL242W 3 18
YDL241W 0 0
YDL240C-A 1 4
YDL240W 4 226
YDL239C 0 0
YDL238C 2 231
YDL237W 4 20
YDL236W 3 283
YDL235C 0 0
YDL234C 1 8
YDL233W 1 5
YDL232W 7 347
YDL231C 0 0
YDL230W 1 6
YDL229W 6 23
YDL228C 3 23
YDL227C 1 24
YDL226C 9 218
YDL225W 7 255
YDL224C 2 68
YDL223C 0 0
YDL222C 1 2
YDL221W 7 59
YDL220C 2 5
YDL219W 4 58
YDL218W 1 1
YDL217C 4 89
YDL216C 3 16
YDL215C 6 255
YDL214C 0 0
YDL213C 4 62
YDL212W 7 369
YDL211C 2 8
YDL210W 1 1
YDL209C 5 133
YDL208W 3 30
YDL207W 3 3
YDL206W 0 0
YDL205C 1 14
YDL204W 2 5
YDL203C 0 0
YDL202W 1 2
YDL201W 2 45
YDL200C 8 65
YDL199C 7 188
YDL198C 3 56
YDL197C 4 23
YDL196W 9 603
YDL195W 2 17
YDL194W 0 0
YDL193W 1 1
YDL192W 2 60
YDL191W 1 1
YDL190C 3 22
YDL189W 0 0
YDL188C 3 40
YDL187C 1 1
YDL186W 1 7
YDL185C-A 0 0
YDL185W 0 0
YDL184C 12 1286
YDL183C 2 6
YDL182W 5 136
YDL181W 1 2
YDL180W 3 22
YDL179W 1 8
YDL178W 0 0
YDL177C 3 22
YDL176W 1 1
YDL175C 8 765
YDL174C 9 331
YDL173W 6 70
YDL172C 1 32
YDL171C 1 2
YDL170W 13 125
YDL169C 4 144
YDL168W 5 2430
YDL167C 2 26
YDL166C 1 1
YDL165W 1 22
YDL164C 1 2
YDL163W 2 12
YDL162C 3 118
YDL161W 1 4
YDL160C-A 2 14
YDL160C 0 0
YDL159W-A 1 3
YDL159W 9 785
YDL159C-B 0 0
YDL158C 0 0
YDL157C 11 700
YDL156W 2 9
YDL155W 0 0
YDL154W 0 0
YDL153C 0 0
YDL152W 0 0
YDL151C 2 231
YDL150W 1 4
YDL149W 2 42
YDL148C 3 12
YDL147W 5 64
YDL146W 1 6
YDL145C 1 2
YDL144C 8 1117
YDL143W 3 43
YDL142C 5 375
YDL141W 4 38
YDL140C 0 0
YDL139C 4 77
YDL138W 5 179
YDL137W 4 65
YDL136W 7 599
YDL135C 1 1
YDL134C 1 2
YDL133C-A 2 31
YDL133W 1 272
YDL132W 2 2
YDL131W 4 96
YDL130W-A 2 5
YDL130W 0 0
YDL129W 1 1
YDL128W 2 17
YDL127W 3 42
YDL126C 2 58
YDL125C 4 51
YDL124W 10 2879
YDL123W 6 8053
YDL122W 0 0
YDL121C 9 265
YDL120W 0 0
YDL119C 1 5
YDL118W 0 0
YDL117W 1 10
YDL116W 1 1
YDL115C 1 22
YDL114W-A 1 23
YDL114W 0 0
YDL113C 1 4
YDL112W 0 0
YDL111C 4 81
YDL110C 4 215
YDL109C 0 0
YDL108W 1 1
YDL107W 0 0
YDL106C 1 83
YDL105W 1 30
YDL104C 5 94
YDL103C 5 109
YDL102W 3 34
YDL101C 1 35
YDL100C 5 106
YDL099W 1 38
YDL098C 3 75
YDL097C 3 228
YDL096C 1 4
YDL095W 5 81
YDL094C 1 2
YDL093W 3 198
YDL092W 5 1075
YDL091C 1 1
YDL090C 5 906
YDL089W 0 0
YDL088C 4 1481
YDL087C 3 103
YDL086W 5 231
YDL086C-A 0 0
YDL085C-A 5 203
YDL085W 3 9
YDL084W 0 0
YDL083C 4 117
YDL082W 3 79
YDL081C 0 0
YDL080C 2 17
YDL079C 7 85
YDL078C 1 1
YDL077C 1 31
YDL076C 1 29
YDL075W 0 0
YDL074C 2 6
YDL073W 8 202
YDL072C 7 138
YDL071C 0 0
YDL070W 2 8
YDL069C 0 0
YDL068W 1 72
YDL067C 6 101
YDL066W 5 158
YDL065C 6 88
YDL064W 2 34
YDL063C 0 0
YDL062W 2 72
YDL061C 6 72
YDL060W 2 11
YDL059C 3 40
YDL058W 3 2592
YDL057W 2 44
YDL056W 0 0
YDL055C 0 0
YDL054C 0 0
YDL053C 4 117
YDL052C 2 2
YDL051W 3 19
YDL050C 0 0
YDL049C 5 43
YDL048C 4 106
YDL047W 1 1
YDL046W 2 67
YDL045W-A 2 49
YDL045C 0 0
YDL044C 6 149
YDL043C 2 16
YDL042C 10 631
YDL041W 4 62
YDL040C 4 32998
YDL039C 4 159
YDL037C 2 103
YDL036C 5 66
YDL035C 0 0
YDL034W 3 155
YDL033C 1 5
YDL032W 3 67
YDL031W 2 14
YDL030W 6 106
YDL029W 3 437
YDL028C 4 202
YDL027C 0 0
YDL026W 0 0
YDL025C 1 1
YDL025W-A 0 0
YDL024C 2 178
YDL022C-A 2 6
YDL023C 3 4
YDL022W 5 634
YDL021W 4 23970
YDL020C 2 16
YDL019C 0 0
YDL018C 2 4
YDL017W 3 26
YDL016C 0 0
YDL015C 1 2
YDL014W 0 0
YDL013W 0 0
YDL012C 9 867
YDL011C 0 0
YDL010W 1 14
YDL009C 1 11
YDL008W 6 63
YDL007C-A 2 18
YDL007W 2 61
YDL006W 0 0
YDL005C 2 44
YDL004W 3 44
YDL003W 0 0
YDL002C 2 17
YDL001W 2 18
YDR001C 4 209
YDR002W 0 0
YDR003W 5 89
YDR003W-A 3 38
YDR004W 6 212
YDR005C 3 169
YDR006C 0 0
YDR007W 7 216
YDR008C 4 173
YDR009W 6 1828
YDR010C 8 464
YDR011W 0 0
YDR012W 3 6
YDR013W 4 15
YDR014W 3 273
YDR014W-A 4 57
YDR015C 0 0
YDR016C 6 69
YDR017C 2 4
YDR018C 8 131
YDR019C 4 8963
YDR020C 2 9
YDR021W 0 0
YDR022C 10 596
YDR023W 2 21
YDR024W 0 0
YDR025W 2 121
YDR026C 2 3
YDR027C 2 4
YDR028C 0 0
YDR029W 0 0
YDR030C 5 829
YDR031W 10 138
YDR032C 1 3
YDR033W 1 2
YDR034C 1 227
YDR034C-A 1 6
YDR034W-B 0 0
YDR035W 5 176
YDR036C 3 73
YDR037W 0 0
YDR038C 0 0
YDR039C 0 0
YDR040C 2 11
YDR041W 1 9
YDR042C 2 11
YDR043C 0 0
YDR044W 2 2
YDR045C 1 4
YDR046C 2 212
YDR047W 3 28
YDR048C 2 11
YDR049W 3 229
YDR050C 0 0
YDR051C 5 16
YDR052C 1 3
YDR053W 1 1
YDR054C 2 6
YDR055W 1 47
YDR056C 3 11
YDR057W 3 106
YDR058C 6 68
YDR059C 3 643
YDR060W 2 94
YDR061W 1 18
YDR062W 1 3
YDR063W 1 7
YDR064W 1 1
YDR065W 1 2
YDR066C 0 0
YDR067C 2 141
YDR068W 1 15
YDR069C 6 462
YDR070C 3 10
YDR071C 2 10
YDR072C 2 7
YDR073W 2 28
YDR074W 5 99
YDR075W 1 2
YDR076W 4 18
YDR077W 4 10
YDR078C 2 2
YDR079W 1 1
YDR079C-A 4 161
YDR080W 3 499
YDR081C 0 0
YDR082W 3 39
YDR083W 5 205
YDR084C 4 195
YDR085C 0 0
YDR086C 0 0
YDR087C 6 337
YDR088C 1 4
YDR089W 6 94
YDR090C 2 52
YDR091C 2 268
YDR092W 0 0
YDR093W 1 4
YDR094W 13 2878
YDR095C 7 77
YDR096W 1 1
YDR097C 0 0
YDR098C 11 159
YDR099W 2 34
YDR100W 5 88
YDR101C 0 0
YDR102C 2 13
YDR103W 2 148
YDR104C 5 35
YDR105C 2 2179
YDR106W 4 2564
YDR107C 4 14
YDR108W 4 95
YDR109C 8 325
YDR110W 2 149
YDR111C 3 17
YDR112W 2 38
YDR113C 1 7
YDR114C 3 197
YDR115W 3 31
YDR116C 1 1
YDR117C 2 4
YDR118W 5 160
YDR118W-A 0 0
YDR119W 0 0
YDR119W-A 4 616
YDR120C 8 81
YDR121W 2 12
YDR122W 1 39
YDR123C 3 137
YDR124W 5 3937
YDR125C 6 108
YDR126W 3 13
YDR127W 0 0
YDR128W 4 246
YDR129C 3 27
YDR130C 3 8
YDR131C 1 1
YDR132C 2 4
YDR133C 0 0
YDR135C 3 43
YDR136C 2 29
YDR137W 1 13
YDR138W 3 54
YDR139C 1 3
YDR140W 4 345
YDR141C 6 101
YDR142C 7 92
YDR143C 0 0
YDR144C 0 0
YDR145W 3 101
YDR146C 1 9
YDR147W 2 198
YDR148C 4 114
YDR149C 2 37
YDR150W 2 44
YDR151C 3 39
YDR152W 5 484
YDR153C 10 212
YDR154C 3 54
YDR155C 1 1
YDR156W 4 21
YDR157W 5 294
YDR158W 1 17
YDR159W 0 0
YDR160W 1 5
YDR161W 0 0
YDR162C 1 6
YDR163W 0 0
YDR164C 2 27
YDR165W 0 0
YDR166C 1 9
YDR167W 1 1
YDR168W 4 22
YDR169C 2 87
YDR169C-A 2 103
YDR170C 0 0
YDR171W 3 30
YDR172W 4 209
YDR173C 4 67
YDR174W 9 1376
YDR175C 4 113
YDR176W 2 18
YDR177W 1 38
YDR178W 6 84
YDR179C 4 164
YDR179W-A 1 1
YDR180W 0 0
YDR181C 1 7
YDR182W 6 77
YDR182W-A 4 636
YDR183W 3 105
YDR183C-A 0 0
YDR184C 4 100
YDR185C 1 10
YDR186C 6 329
YDR187C 6 130
YDR188W 5 579
YDR189W 3 32
YDR190C 1 15
YDR191W 3 73
YDR192C 1 1
YDR193W 0 0
YDR194C 3 300
YDR194W-A 4 304
YDR195W 1 2
YDR196C 5 306
YDR197W 2 106
YDR198C 5 942
YDR199W 4 241
YDR200C 2 4
YDR201W 9 355
YDR202C 4 100
YDR203W 3 111
YDR204W 4 130
YDR205W 8 559
YDR206W 0 0
YDR207C 2 12
YDR208W 2 40
YDR209C 0 0
YDR210W 2 333
YDR211W 4 449
YDR212W 0 0
YDR213W 0 0
YDR214W 2 164
YDR215C 5 34
YDR216W 1 2
YDR217C 4 79
YDR218C 2 24
YDR219C 0 0
YDR220C 0 0
YDR221W 1 136
YDR222W 1 1
YDR223W 0 0
YDR224C 4 128
YDR225W 5 28
YDR226W 1 1
YDR227W 0 0
YDR228C 1 16
YDR229W 3 7
YDR230W 0 0
YDR231C 13 1206
YDR232W 6 210
YDR233C 9 267
YDR234W 3 92
YDR235W 2 6
YDR236C 2 260
YDR237W 3 52
YDR238C 1 62
YDR239C 0 0
YDR240C 4 201
YDR241W 0 0
YDR242W 2 55
YDR243C 5 263
YDR244W 4 186
YDR245W 0 0
YDR246W 0 0
YDR246W-A 17 283
YDR247W 0 0
YDR248C 1 1
YDR249C 3 38
YDR250C 3 41
YDR251W 2 29
YDR252W 8 1002
YDR253C 0 0
YDR254W 3 78
YDR255C 1 30
YDR256C 1 15
YDR257C 5 35
YDR258C 7 433
YDR259C 0 0
YDR260C 3 6
YDR261C 1 1
YDR262W 2 7
YDR263C 2 101
YDR264C 3 66
YDR265W 5 179
YDR266C 0 0
YDR267C 0 0
YDR268W 1 12
YDR269C 1 96
YDR270W 2 154
YDR271C 5 20
YDR272W 2 5
YDR273W 0 0
YDR274C 12 2368
YDR275W 6 773
YDR276C 4 77
YDR277C 3 689
YDR278C 4 25
YDR279W 0 0
YDR280W 0 0
YDR281C 0 0
YDR282C 9 2441
YDR283C 0 0
YDR284C 3 44
YDR285W 1 35
YDR286C 2 53
YDR287W 3 22
YDR288W 4 65
YDR289C 2 25
YDR290W 0 0
YDR291W 3 113
YDR292C 0 0
YDR293C 2 97
YDR294C 2 144
YDR295C 0 0
YDR296W 0 0
YDR297W 1 1
YDR298C 0 0
YDR299W 4 370
YDR300C 3 32
YDR301W 2 4
YDR302W 1 12
YDR303C 2 15
YDR304C 3 19
YDR305C 10 205
YDR306C 6 1069
YDR307W 4 52
YDR308C 1 2
YDR309C 5 111
YDR310C 0 0
YDR311W 1 7
YDR312W 5 67
YDR313C 2 84
YDR314C 3 43
YDR315C 7 135
YDR316W 4 42
YDR317W 3 24
YDR318W 2 64
YDR319C 2 11
YDR320C 0 0
YDR320C-A 2 8
YDR320W-B 1 157
YDR321W 1 12
YDR322W 4 221
YDR322C-A 5 324
YDR323C 3 13
YDR324C 4 65
YDR325W 5 88
YDR326C 3 6
YDR327W 11 2013
YDR328C 4 33
YDR329C 8 369
YDR330W 1 16
YDR331W 7 1125
YDR332W 3 18
YDR333C 8 347
YDR334W 1 13
YDR335W 0 0
YDR336W 6 6150
YDR337W 1 41
YDR338C 2 7
YDR339C 2 71
YDR340W 2 3
YDR341C 4 30
YDR342C 0 0
YDR343C 0 0
YDR344C 4 40
YDR345C 0 0
YDR346C 0 0
YDR347W 1 8
YDR348C 0 0
YDR349C 3 76
YDR350C 4 86
YDR351W 0 0
YDR352W 3 25
YDR353W 2 94
YDR354W 1 5
YDR354C-A 0 0
YDR355C 0 0
YDR356W 4 687
YDR357C 5 250
YDR358W 0 0
YDR359C 1 5
YDR360W 0 0
YDR361C 3 64
YDR362C 1 21
YDR363W 1 2
YDR363W-A 6 124
YDR364C 1 1
YDR365C 5 40
YDR366C 1 6
YDR367W 1 21
YDR368W 4 71
YDR369C 4 273
YDR370C 4 446
YDR371W 2 45
YDR371C-A 0 0
YDR372C 1 86
YDR373W 0 0
YDR374C 2 144
YDR374W-A 6 3550
YDR375C 3 56
YDR376W 1 19
YDR377W 1 1
YDR378C 4 11
YDR379W 1 7
YDR379C-A 10 347
YDR380W 3 32
YDR381W 0 0
YDR381C-A 1 4
YDR382W 2 63
YDR383C 3 229
YDR384C 1 1
YDR385W 9 661
YDR386W 4 161
YDR387C 3 12
YDR388W 7 1498
YDR389W 0 0
YDR390C 6 311
YDR391C 3 217
YDR392W 11 368
YDR393W 7 206
YDR394W 2 2
YDR395W 0 0
YDR396W 4 118
YDR397C 7 1211
YDR398W 3 12
YDR399W 3 13
YDR400W 1 7
YDR401W 6 30
YDR402C 0 0
YDR403W 0 0
YDR404C 1 9
YDR405W 2 14
YDR406W 6 118
YDR406W-A 2 7
YDR407C 0 0
YDR408C 0 0
YDR409W 2 4
YDR410C 1 16
YDR411C 4 351
YDR412W 2 56
YDR413C 2 463
YDR414C 0 0
YDR415C 0 0
YDR416W 1 5
YDR417C 0 0
YDR418W 2 33
YDR419W 2 6
YDR420W 2 43
YDR421W 2 75
YDR422C 2 2491
YDR423C 7 367
YDR424C 2 8
YDR425W 2 3
YDR426C 12 707
YDR427W 4 28
YDR428C 1 62
YDR429C 3 3
YDR430C 5 35
YDR431W 0 0
YDR432W 0 0
YDR433W 3 58
YDR434W 0 0
YDR435C 0 0
YDR436W 0 0
YDR437W 0 0
YDR438W 5 187
YDR439W 0 0
YDR440W 0 0
YDR441C 13 528
YDR442W 4 183
YDR443C 4 113
YDR444W 2 51
YDR445C 1 92
YDR446W 1 2
YDR447C 3 28
YDR448W 1 37
YDR449C 4 30
YDR450W 1 7
YDR451C 3 89
YDR452W 3 93
YDR453C 1 14
YDR454C 0 0
YDR455C 1 35
YDR456W 3 64
YDR457W 2 4
YDR458C 2 3
YDR459C 0 0
YDR460W 2 8
YDR461W 6 100
YDR461C-A 3 102
YDR462W 2 2
YDR463W 6 484
YDR464W 2 34
YDR464C-A 0 0
YDR465C 4 189
YDR466W 0 0
YDR467C 5 358
YDR468C 1 8
YDR469W 2 6
YDR470C 0 0
YDR471W 7 144
YDR472W 1 86
YDR473C 3 47
YDR475C 2 9
YDR476C 10 4123
YDR477W 0 0
YDR478W 5 3707
YDR479C 2 33
YDR480W 1 4
YDR481C 4 134
YDR482C 6 386
YDR483W 4 26
YDR484W 0 0
YDR485C 1 12
YDR486C 2 16
YDR487C 1 6
YDR488C 2 151
YDR489W 0 0
YDR490C 0 0
YDR491C 1 5
YDR492W 4 31
YDR493W 4 35
YDR494W 3 128
YDR495C 3 114
YDR496C 3 31
YDR497C 2 58
YDR498C 4 117
YDR499W 2 9
YDR500C 7 334
YDR501W 1 2
YDR502C 4 200
YDR503C 1 154
YDR504C 1 20
YDR505C 2 42
YDR506C 3 417
YDR507C 1 62
YDR508C 4 8
YDR509W 0 0
YDR510W 0 0
YDR510C-A 4 26
YDR511W 0 0
YDR512C 0 0
YDR513W 6 50
YDR514C 1 5
YDR515W 0 0
YDR516C 6 329
YDR517W 3 727
YDR518W 4 34
YDR519W 4 14
YDR520C 2 168
YDR521W 0 0
YDR522C 11 504
YDR523C 1 1
YDR524C 5 144
YDR524W-C 4 49
YDR524C-B 3 133
YDR524C-A 9 425
YDR525W 3 133
YDR525W-A 12 561
YDR526C 2 5
YDR527W 4 63
YDR528W 3 10
YDR529C 6 107
YDR530C 9 241
YDR531W 4 116
YDR532C 1 92
YDR533C 5 117
YDR534C 0 0
YDR535C 7 1509
YDR536W 2 73
YDR537C 2 5
YDR538W 0 0
YDR539W 4 60
YDR540C 1 15
YDR541C 4 68
YDR542W 0 0
YDR543C 6 44
YDR544C 0 0
YDR545W 0 0
YDR545C-A 0 0
YEL077C 1 1
YEL077W-A 0 0
YEL076C-A 0 0
YEL076C 0 0
YEL075W-A 0 0
YEL075C 0 0
YEL074W 3 9
YEL073C 1 6
YEL072W 1 45
YEL071W 2 20
YEL070W 1 24
YEL069C 1 76
YEL068C 8 730
YEL067C 5 103
YEL066W 10 368
YEL065W 6 123
YEL064C 4 102
YEL063C 0 0
YEL062W 3 23
YEL061C 0 0
YEL060C 7 216
YEL059C-A 3 92
YEL059W 4 25
YEL058W 5 193
YEL057C 0 0
YEL056W 2 42
YEL055C 1 16
YEL054C 1 25
YEL053W-A 0 0
YEL053C 0 0
YEL052W 1 1
YEL051W 3 97
YEL050W-A 4 52
YEL050C 1 10
YEL049W 1 2
YEL048C 0 0
YEL047C 7 216
YEL046C 5 143
YEL045C 9 403
YEL044W 6 67
YEL043W 4 117
YEL042W 1 6
YEL041W 2 54
YEL040W 3 74
YEL039C 4 11
YEL038W 9 364
YEL037C 3 83
YEL036C 1 12
YEL035C 8 1763
YEL034C-A 3 41
YEL034W 9 232
YEL033W 1 14
YEL032W 3 49
YEL032C-A 0 0
YEL031W 9 397
YEL030C-A 1 1
YEL030W 1 36
YEL029C 0 0
YEL028W 1 12
YEL027W 0 0
YEL026W 0 0
YEL025C 8 403
YEL024W 1 1
YEL023C 2 56
YEL022W 1 1
YEL021W 9 344
YEL020C-B 2 30
YEL020W-A 7 397
YEL020C 2 1900
YEL019C 1 9
YEL018C-A 0 0
YEL018W 3 36
YEL017C-A 3 60
YEL017W 7 359
YEL016C 2 18
YEL015W 2 5
YEL014C 0 0
YEL013W 0 0
YEL012W 0 0
YEL011W 1 26
YEL010W 2 34
YEL009C-A 1 14
YEL009C 1 5
YEL008W 5 36
YEL008C-A 12 379
YEL007W 6 134
YEL006W 4 28
YEL005C 6 57
YEL004W 4 660
YEL003W 6 444
YEL002C 3 36
YEL001C 4 725
YER001W 2 42
YER002W 2 5
YER003C 9 465
YER004W 9 611
YER005W 1 120
YER006W 4 106
YER006C-A 2 57
YER007W 4 125
YER007C-A 0 0
YER008C 0 0
YER009W 2 98
YER010C 8 188
YER011W 0 0
YER012W 1 115
YER013W 4 198
YER014W 4 50
YER014C-A 0 0
YER015W 7 1580
YER016W 3 4
YER017C 1 55
YER018C 2 31
YER019W 5 99
YER019C-A 7 289
YER020W 2 22
YER021W 4 151
YER022W 0 0
YER023W 1 6
YER023C-A 0 0
YER024W 2 44
YER025W 1 1
YER026C 1 1
YER027C 0 0
YER028C 1 4
YER029C 2 9
YER030W 7 558
YER031C 1 1
YER032W 3 732
YER033C 7 125
YER034W 7 3502
YER035W 5 1211
YER036C 2 129
YER037W 8 120
YER038C 3 378
YER038W-A 0 0
YER039C 1 39
YER039C-A 5 290
YER040W 1 11
YER041W 1 24
YER042W 3 11
YER043C 4 73
YER044C 2 3
YER044C-A 0 0
YER045C 4 285
YER046W 2 8
YER046W-A 2 18
YER047C 0 0
YER048C 1 1
YER048W-A 0 0
YER049W 1 2
YER050C 2 83
YER051W 4 212
YER052C 1 15
YER053C 7 295
YER053C-A 7 126
YER054C 0 0
YER055C 0 0
YER056C 1 20
YER056C-A 1 2
YER057C 1 1
YER058W 4 209
YER059W 0 0
YER060W 0 0
YER060W-A 2 70
YER061C 5 58
YER062C 1 2
YER063W 1 14
YER064C 0 0
YER065C 0 0
YER066W 2 21
YER066C-A 4 80
YER067W 3 77
YER067C-A 4 62
YER068W 0 0
YER068C-A 0 0
YER069W 9 2677
YER070W 3 10
YER071C 0 0
YER072W 6 177
YER073W 1 1
YER074W 1 34
YER074W-A 6 175
YER075C 4 61
YER076C 0 0
YER076W-A 0 0
YER077C 4 49
YER078C 1 4
YER078W-A 5 69
YER079W 0 0
YER079C-A 2 117
YER080W 8 430
YER081W 3 69
YER082C 4 702
YER083C 7 622
YER084W 2 6
YER084W-A 0 0
YER085C 2 30
YER086W 0 0
YER087W 3 16
YER087C-A 4 51
YER087C-B 5 183
YER088C 6 315
YER088C-A 4 24
YER088W-B 15 859
YER089C 2 37
YER090W 1 23
YER090C-A 0 0
YER091C 2 8
YER091C-A 3 71
YER092W 7 2951
YER093C 1 3
YER093C-A 9 734
YER094C 2 23
YER095W 2 6
YER096W 1 1
YER097W 7 50
YER098W 1 8
YER099C 1 1
YER100W 0 0
YER101C 2 90
YER102W 6 90
YER103W 0 0
YER104W 1 2
YER105C 0 0
YER106W 0 0
YER107C 2 24
YER107W-A 0 0
YER109C 2 16
YER110C 1 7
YER111C 0 0
YER112W 1 5
YER113C 4 371
YER114C 0 0
YER115C 2 579
YER116C 0 0
YER117W 0 0
YER118C 0 0
YER119C 4 441
YER119C-A 0 0
YER120W 7 67
YER121W 2 80
YER122C 1 4
YER123W 1 26
YER124C 1 4
YER125W 0 0
YER126C 4 97
YER127W 5 175
YER128W 7 99
YER129W 1 18
YER130C 1 70
YER131W 1 6
YER132C 1 2
YER133W 3 64
YER133W-A 0 0
YER134C 1 10
YER135C 0 0
YER136W 1 50
YER137C 5 65
YER137W-A 3 75
YER138W-A 0 0
YER139C 0 0
YER140W 4 337
YER141W 8 91
YER142C 1 23
YER143W 4 12
YER144C 8 253
YER145C 8 208
YER145C-A 6 92
YER146W 8 949
YER147C 2 32
YER147C-A 0 0
YER148W 0 0
YER148W-A 0 0
YER149C 5 81
YER150W 4 162
YER151C 2 4
YER152C 2 6
YER152W-A 2 105
YER153C 10 434
YER154W 8 96
YER155C 1 6
YER156C 6 1459
YER157W 6 41
YER158C 4 74
YER158W-A 12 563
YER159C 9 1556
YER161C 6 771
YER162C 5 2585
YER163C 3 14
YER164W 0 0
YER165W 2 14
YER165C-A 2 36
YER166W 1 1
YER167W 2 51
YER168C 2 30
YER169W 1 57
YER170W 5 149
YER171W 0 0
YER172C 1 18
YER172C-A 2 6
YER173W 6 71
YER174C 1 8
YER175C 1 26
YER175W-A 1 1
YER176W 5 733
YER177W 1 2
YER178W 8 85
YER179W 1 23
YER180C 1 47
YER180C-A 9 268
YER181C 0 0
YER182W 2 169
YER183C 2 2
YER184C 1 17
YER185W 3 28
YER186C 1 12
YER187W 2 27
YER188W 0 0
YER188C-A 8 394
YER189W 0 0
YER190W 0 0
YER190C-A 0 0
YER190C-B 0 0
YFL068W 0 0
YFL067W 0 0
YFL066C 0 0
YFL065C 0 0
YFL064C 0 0
YFL063W 1 1
YFL062W 2 5
YFL061W 0 0
YFL060C 0 0
YFL059W 4 183
YFL058W 1 2
YFL057C 2 12
YFL056C 0 0
YFL055W 1 2
YFL054C 5 80
YFL053W 1 8
YFL052W 3 52
YFL051C 2 4
YFL050C 0 0
YFL049W 3 342
YFL048C 5 175
YFL047W 7 216
YFL046W 2 108
YFL045C 3 6
YFL044C 2 78
YFL042C 4 150
YFL041W-A 3 341
YFL041W 6 2403
YFL040W 1 3
YFL039C 2 61
YFL038C 6 90
YFL037W 3 163
YFL036W 4 36
YFL034C-B 0 0
YFL034C-A 1 2
YFL034W 0 0
YFL033C 0 0
YFL032W 0 0
YFL031W 2 19
YFL031C-A 1 4
YFL030W 1 2
YFL029C 0 0
YFL028C 5 1003
YFL027C 0 0
YFL026W 1 44
YFL025C 0 0
YFL024C 8 159
YFL023W 2 42
YFL022C 3 33
YFL021C-A 2 9
YFL021W 8 401
YFL020C 0 0
YFL019C 1 4
YFL018C 10 447
YFL017W-A 11 252
YFL017C 6 284
YFL016C 3 182
YFL015W-A 14 667
YFL015C 7 127
YFL014W 0 0
YFL013W-A 4 320
YFL013C 3 79
YFL012W-A 0 0
YFL012W 0 0
YFL011W 0 0
YFL010W-A 0 0
YFL010C 2 40794
YFL009W 0 0
YFL008W 2 48
YFL007W 1 27
YFL005W 4 40
YFL004W 0 0
YFL003C 0 0
YFL002C 7 690
YFL001W 8 390
YFR001W 3 92
YFR002W 3 55
YFR003C 3 220
YFR004W 3 154
YFR005C 2 56
YFR006W 3 857
YFR007W 3 77
YFR008W 0 0
YFR009W 1 1
YFR009W-A 2 31
YFR010W 2 8
YFR010W-A 5 152
YFR011C 3 65
YFR012W 1 1
YFR012W-A 3 24
YFR013W 4 51
YFR014C 0 0
YFR015C 2 43
YFR016C 1 6
YFR017C 7 284
YFR018C 2 3
YFR019W 4 453
YFR020W 0 0
YFR021W 0 0
YFR022W 2 8
YFR023W 0 0
YFR024C-A 6 1147
YFR025C 2 35
YFR026C 1 1
YFR027W 2 158
YFR028C 3 60
YFR029W 7 718
YFR030W 3 14
YFR031C 4 128
YFR031C-A 4 115
YFR032C 2 524
YFR032C-A 5 164
YFR032C-B 5 42
YFR033C 8 802
YFR034C 5 77
YFR034W-A 5 29
YFR035C 10 428
YFR036W 4 93
YFR036W-A 9 1886
YFR037C 3 6
YFR038W 8 604
YFR039C 0 0
YFR040W 0 0
YFR041C 1 6
YFR042W 3 34
YFR043C 1 7
YFR044C 10 1006
YFR045W 2 8
YFR046C 0 0
YFR047C 9 458
YFR048W 6 43
YFR049W 2 7
YFR050C 4 610
YFR051C 6 15647
YFR052W 3 343
YFR052C-A 4 83
YFR053C 2 33
YFR054C 1 5
YFR056C 1 8
YFR055W 1 11
YFR057W 1 2
YGL263W 4 111
YGL262W 1 2
YGL261C 0 0
YGL260W 1 1
YGL259W 1 72
YGL258W-A 1 4
YGL258W 0 0
YGL257C 0 0
YGL256W 0 0
YGL255W 1 1
YGL254W 7 1083
YGL253W 5 1181
YGL252C 5 701
YGL251C 2 21
YGL250W 5 152
YGL249W 1 2
YGL248W 1 14
YGL247W 0 0
YGL246C 5 81
YGL245W 3 75
YGL244W 1 7
YGL243W 4 258
YGL242C 4 103
YGL241W 11 2251
YGL240W 1 21
YGL239C 0 0
YGL238W 5 104
YGL237C 3 450
YGL236C 3 96
YGL235W 1 14
YGL234W 0 0
YGL233W 2 9
YGL232W 5 84
YGL231C 4 18
YGL230C 0 0
YGL229C 0 0
YGL228W 4 76
YGL227W 1 7
YGL226C-A 4 6
YGL226W 3 92
YGL225W 4 102
YGL224C 1 7
YGL223C 2 513
YGL222C 7 255
YGL221C 6 1320
YGL220W 6 1320
YGL219C 4 37
YGL218W 2 29
YGL217C 1 58
YGL216W 1 5
YGL215W 1 1
YGL214W 1 160
YGL213C 0 0
YGL212W 0 0
YGL211W 8 3888
YGL210W 0 0
YGL209W 0 0
YGL208W 5 186
YGL207W 1 4
YGL206C 3 52
YGL205W 2 259
YGL204C 1 15
YGL203C 1 3
YGL202W 1 5
YGL201C 0 0
YGL200C 1 1
YGL199C 3 229
YGL198W 5 600
YGL197W 2 7
YGL196W 1 43
YGL195W 0 0
YGL194C-A 4 55
YGL194C 3 50
YGL193C 2 43
YGL192W 1 14
YGL191W 6 92
YGL190C 1 22
YGL189C 3 6
YGL188C-A 3 6
YGL188C 6 129
YGL187C 2 8
YGL186C 3 60
YGL185C 2 28
YGL184C 2 5
YGL183C 2 21
YGL182C 5 520
YGL181W 1 11
YGL180W 1 6
YGL179C 1 4
YGL178W 1 30
YGL177W 11 350
YGL176C 0 0
YGL175C 2 4
YGL174W 2 4
YGL173C 2 48
YGL172W 2 128
YGL171W 3 399
YGL170C 1 79
YGL169W 0 0
YGL168W 5 67
YGL167C 0 0
YGL166W 5 358
YGL165C 1 2
YGL164C 2 47
YGL163C 1 19
YGL162W 1 37
YGL161C 3 13
YGL160W 4 74
YGL159W 5 24
YGL158W 0 0
YGL157W 2 81
YGL156W 1 12
YGL155W 3 22
YGL154C 6 139
YGL153W 4 135
YGL152C 6 244
YGL151W 4 116
YGL150C 1 39
YGL149W 0 0
YGL148W 2 18
YGL147C 5 48
YGL146C 1 1
YGL145W 1 1
YGL144C 3 22
YGL143C 5 47
YGL142C 2 6
YGL141W 3 30
YGL140C 0 0
YGL139W 3 37
YGL138C 1 91
YGL137W 7 257
YGL136C 8 113
YGL135W 5 25
YGL134W 2 24
YGL133W 0 0
YGL132W 1 4
YGL131C 1 6
YGL130W 2 17
YGL129C 4 316
YGL128C 3 15
YGL127C 2 32
YGL126W 3 16
YGL125W 3 41
YGL124C 8 375
YGL123W 3 11
YGL123C-A 3 23
YGL122C 5 86
YGL121C 1 2
YGL120C 0 0
YGL119W 2 15
YGL118C 4 66
YGL117W 3 47
YGL116W 1 12
YGL115W 1 7
YGL114W 8 179
YGL113W 6 727
YGL112C 1 17
YGL111W 3 89
YGL110C 5 171
YGL109W 5 171
YGL108C 8 229
YGL107C 8 234
YGL106W 0 0
YGL105W 4 307
YGL104C 5 232
YGL103W 1 2
YGL102C 5 75
YGL101W 8 282
YGL100W 6 44
YGL099W 2 28
YGL098W 3 142
YGL097W 3 194
YGL096W 2 4
YGL095C 2 15
YGL094C 2 7
YGL093W 5 330
YGL092W 0 0
YGL091C 0 0
YGL090W 2 28
YGL089C 4 205
YGL088W 7 1012
YGL087C 2 8
YGL086W 4 13
YGL085W 3 9
YGL084C 1 7
YGL083W 2 443
YGL082W 1 4
YGL081W 0 0
YGL080W 2 13
YGL079W 2 144
YGL078C 0 0
YGL077C 0 0
YGL076C 2 38
YGL075C 2 13
YGL074C 5 86
YGL073W 2 55
YGL072C 9 343
YGL071W 1 1
YGL070C 7 239
YGL069C 0 0
YGL068W 3 8
YGL067W 0 0
YGL066W 6 40
YGL065C 2 6
YGL064C 4 45
YGL063W 5 133
YGL063C-A 11 969
YGL062W 7 1064
YGL061C 0 0
YGL060W 1 31
YGL059W 12 1384
YGL058W 2 114
YGL057C 6 376
YGL056C 3 4
YGL055W 6 202
YGL054C 2 36
YGL053W 3 5
YGL052W 0 0
YGL051W 1 29
YGL050W 8 3956
YGL049C 2 58
YGL048C 5 29
YGL047W 0 0
YGL045W 1 8
YGL044C 2 72
YGL043W 6 517
YGL042C 1 26
YGL041C-B 0 0
YGL041W-A 5 96
YGL041C 2 59
YGL040C 2 11
YGL039W 4 25
YGL038C 1 1
YGL037C 0 0
YGL036W 8 360
YGL035C 3 17
YGL034C 1 1
YGL033W 0 0
YGL032C 2 8
YGL031C 1 82
YGL030W 0 0
YGL029W 0 0
YGL028C 0 0
YGL027C 7 985
YGL026C 2 4
YGL025C 2 165
YGL024W 1 4
YGL023C 4 524
YGL022W 4 58
YGL021W 3 15
YGL020C 3 3640
YGL019W 2 27
YGL018C 1 1
YGL017W 6 238
YGL016W 1 10
YGL015C 0 0
YGL014W 1 1
YGL014C-A 2 58
YGL013C 0 0
YGL012W 8 145
YGL011C 1 19
YGL010W 2 2
YGL009C 0 0
YGL008C 0 0
YGL007C-A 5 106
YGL007W 8 200
YGL006W-A 2 14
YGL006W 4 115
YGL005C 2 46
YGL004C 5 229
YGL003C 5 202
YGL002W 4 32
YGL001C 4 63
YGR001C 2 54
YGR002C 8 430
YGR003W 7 1539
YGR004W 1 2
YGR005C 3 33
YGR006W 3 38
YGR007W 4 400
YGR008C 2 85
YGR009C 0 0
YGR010W 2 28
YGR011W 5 102
YGR012W 4 348
YGR013W 2 136
YGR014W 0 0
YGR015C 7 227
YGR016W 9 1011
YGR017W 0 0
YGR018C 5 225
YGR019W 1 12
YGR020C 1 8
YGR021W 9 2623
YGR022C 0 0
YGR023W 0 0
YGR024C 6 534
YGR025W 3 16
YGR026W 0 0
YGR027C 3 74
YGR028W 4 370
YGR029W 4 35
YGR030C 5 98
YGR031W 4 7337
YGR031C-A 6 1348
YGR032W 3 117
YGR033C 1 2
YGR034W 2 42
YGR035C 1 148
YGR035W-A 6 2333
YGR036C 3 25
YGR037C 3 259
YGR038W 1 46
YGR039W 2 41
YGR040W 2 28
YGR041W 2 5
YGR042W 7 85
YGR043C 4 8
YGR044C 2 14
YGR045C 9 331
YGR046W 0 0
YGR047C 3 18
YGR048W 1 2
YGR049W 1 1
YGR050C 1 52
YGR051C 4 71
YGR052W 1 10
YGR053C 2 158
YGR054W 1 3
YGR055W 2 315
YGR056W 6 98
YGR057C 0 0
YGR058W 4 865
YGR059W 2 3
YGR060W 2 3
YGR061C 1 2
YGR062C 2 7
YGR063C 8 63
YGR064W 4 25
YGR065C 4 21
YGR066C 3 164
YGR067C 3 124
YGR068C 3 95
YGR068W-A 6 123
YGR069W 1 6
YGR070W 1 14
YGR071C 7 120
YGR072W 2 44
YGR073C 0 0
YGR074W 0 0
YGR075C 0 0
YGR076C 9 259
YGR077C 6 72
YGR078C 2 92
YGR079W 5 201
YGR080W 3 20
YGR081C 1 1
YGR082W 7 200
YGR083C 2 16
YGR084C 8 137
YGR085C 3 6
YGR086C 1 39
YGR087C 1 14
YGR088W 2 116
YGR089W 0 0
YGR090W 0 0
YGR091W 1 2
YGR092W 3 57
YGR093W 1 6
YGR094W 12 776
YGR095C 5 73
YGR096W 3 100
YGR097W 0 0
YGR098C 0 0
YGR099W 1 487
YGR100W 0 0
YGR101W 6 969
YGR102C 5 1187
YGR103W 2 19
YGR104C 0 0
YGR105W 7 183
YGR106C 1 2
YGR107W 3 62
YGR108W 4 157
YGR109C 1 1
YGR110W 0 0
YGR111W 5 57
YGR112W 1 2
YGR113W 0 0
YGR114C 1 2
YGR115C 1 32
YGR116W 0 0
YGR117C 5 214
YGR118W 2 17
YGR119C 0 0
YGR120C 1 3
YGR121C 3 50
YGR121W-A 10 294
YGR122W 3 22
YGR122C-A 2 449
YGR123C 3 171
YGR124W 6 73
YGR125W 2 182
YGR126W 0 0
YGR127W 3 147
YGR128C 0 0
YGR129W 0 0
YGR130C 2 104
YGR131W 1 13
YGR132C 3 275
YGR133W 14 1493
YGR134W 2 28
YGR135W 3 65
YGR136W 1 1
YGR137W 0 0
YGR138C 1 29
YGR139W 1 29
YGR140W 4 42
YGR141W 7 148
YGR142W 5 76
YGR143W 2 3
YGR144W 0 0
YGR145W 4 74
YGR146C 1 11
YGR146C-A 7 392
YGR147C 1 19
YGR148C 3 14
YGR149W 1 39
YGR150C 3 257
YGR151C 0 0
YGR152C 2 22
YGR153W 2 82
YGR154C 1 4
YGR155W 0 0
YGR156W 0 0
YGR157W 1 6
YGR158C 3 58
YGR159C 2 16
YGR160W 4 32
YGR161C 6 1388
YGR161W-C 13 2705
YGR162W 0 0
YGR163W 0 0
YGR164W 4 102
YGR165W 1 8
YGR166W 0 0
YGR167W 0 0
YGR168C 4 17
YGR169C 1 15
YGR169C-A 3 29
YGR170W 1 76
YGR171C 8 104
YGR172C 6 106
YGR173W 0 0
YGR174C 3 79
YGR174W-A 1 3
YGR175C 5 41
YGR176W 6 296
YGR177C 4 235
YGR178C 1 6
YGR179C 3 1936
YGR180C 2 7
YGR181W 3 45
YGR182C 1 21
YGR183C 4 202
YGR184C 3 61
YGR185C 5 120
YGR186W 5 169
YGR187C 1 9
YGR188C 5 363
YGR189C 5 68
YGR190C 2 72
YGR191W 2 15
YGR192C 5 34
YGR193C 0 0
YGR194C 15 616
YGR195W 1 16
YGR196C 2 249
YGR197C 1 9
YGR198W 10 3051
YGR199W 1 17
YGR200C 6 60
YGR201C 4 59
YGR202C 2 18
YGR203W 10 1001
YGR204W 7 194
YGR204C-A 0 0
YGR205W 0 0
YGR206W 4 17
YGR207C 0 0
YGR208W 2 9
YGR209C 7 18
YGR210C 0 0
YGR211W 4 188
YGR212W 6 286
YGR213C 1 9
YGR214W 2 42
YGR215W 6 20
YGR216C 1 31
YGR217W 1 158
YGR218W 0 0
YGR219W 3 22
YGR220C 3 215
YGR221C 3 120
YGR222W 9 441
YGR223C 8 260
YGR224W 4 200
YGR225W 0 0
YGR226C 0 0
YGR227W 0 0
YGR228W 1 1
YGR229C 2 19
YGR230W 3 718
YGR231C 3 118
YGR232W 6 57
YGR233C 1 1
YGR234W 1 66
YGR235C 2 31
YGR236C 6 130
YGR237C 1 7
YGR238C 6 40
YGR239C 3 29
YGR240C 0 0
YGR240C-A 3 73
YGR241C 0 0
YGR242W 0 0
YGR243W 0 0
YGR244C 1 2
YGR245C 0 0
YGR246C 4 14
YGR247W 4 12
YGR248W 3 18
YGR249W 2 4
YGR250C 2 5
YGR251W 3 44
YGR252W 1 1
YGR253C 1 6
YGR254W 6 69
YGR255C 1 2
YGR256W 2 15
YGR257C 3 38
YGR258C 6 81
YGR259C 3 68
YGR260W 6 113
YGR261C 2 30
YGR262C 1 1
YGR263C 2 27
YGR264C 4 61
YGR265W 0 0
YGR266W 5 39
YGR267C 3 20
YGR268C 11 866
YGR269W 2 12
YGR270W 1 129
YGR270C-A 3 44
YGR271W 9 366
YGR271C-A 1 7
YGR273C 0 0
YGR274C 1 59
YGR275W 3 21
YGR276C 5 213
YGR277C 3 16
YGR278W 3 34
YGR279C 0 0
YGR280C 9 986
YGR281W 3 13
YGR282C 2 3
YGR283C 6 795
YGR284C 7 162
YGR285C 8 327
YGR286C 6 166
YGR287C 5 111
YGR288W 3 103
YGR289C 0 0
YGR290W 3 17
YGR291C 1 2
YGR292W 1 2
YGR293C 1 1
YGR294W 0 0
YGR295C 5 485
YGR296W 0 0
YGR296C-A 0 0
YGR296C-B 0 0
YHL050C 0 0
YHL050W-A 0 0
YHL049C 0 0
YHL048C-A 2 162
YHL048W 0 0
YHL047C 2 35
YHL046W-A 3 96
YHL046C 0 0
YHL045W 0 0
YHL044W 0 0
YHL043W 2 17
YHL042W 1 2
YHL041W 0 0
YHL040C 2 8259
YHL039W 7 221
YHL038C 5 94
YHL037C 1 5
YHL036W 3 267
YHL035C 9 61
YHL034W-A 6 756
YHL034C 0 0
YHL033C 11 268
YHL032C 6 33
YHL031C 4 97
YHL030W-A 2 10
YHL030W 5 104
YHL029C 6 528
YHL028W 7 679
YHL027W 0 0
YHL026C 14 1235
YHL025W 5 270
YHL024W 2 29
YHL023C 4 61
YHL022C 2 16
YHL021C 7 93
YHL020C 1 9
YHL019W-A 6 365
YHL019C 4 30
YHL018W 4 60
YHL017W 4 426
YHL016C 3 141
YHL015W-A 5 55
YHL015W 0 0
YHL014C 1 342
YHL013C 8 2027
YHL012W 2 133
YHL011C 3 103
YHL010C 0 0
YHL009C 3 109
YHL008C 0 0
YHL007C 4 62
YHL006W-A 3 68
YHL006C 5 13
YHL005C 4 132
YHL004W 1 279
YHL003C 6 167
YHL002C-A 1 1
YHL002W 6 99
YHL001W 6 54
YHR001W 1 2
YHR001W-A 4 332
YHR002W 6 46
YHR003C 4 13
YHR004C 3 776
YHR005C 3 14
YHR005C-A 2 91
YHR006W 2 10
YHR007C 1 31
YHR007C-A 6 390
YHR008C 4 29
YHR009C 2 73
YHR010W 1 62
YHR011W 0 0
YHR012W 1 136
YHR013C 5 179
YHR014W 0 0
YHR015W 4 367
YHR016C 1 5
YHR017W 4 160
YHR018C 3 145
YHR019C 6 156
YHR020W 4 133
YHR021C 2 36
YHR021W-A 5 1154
YHR022C 3 38
YHR022C-A 8 619
YHR023W 2 67
YHR024C 4 397
YHR025W 3 122
YHR026W 0 0
YHR027C 0 0
YHR028C 3 10
YHR028W-A 2 104
YHR029C 2 19
YHR030C 2 284
YHR031C 4 146
YHR032W 0 0
YHR032W-A 11 1606
YHR032C-A 20 2724
YHR033W 5 99
YHR034C 5 44
YHR035W 2 67
YHR036W 0 0
YHR037W 1 32
YHR038W 4 44
YHR039C 0 0
YHR039C-A 5 94
YHR040W 5 41
YHR041C 6 154
YHR042W 6 226
YHR043C 1 2
YHR044C 1 1
YHR045W 0 0
YHR046C 3 86
YHR047C 3 61
YHR048W 9 799
YHR049W 3 76
YHR049C-A 5 41
YHR050W 5 41
YHR050W-A 7 281
YHR051W 3 14
YHR052W 1 26
YHR052W-A 0 0
YHR053C 0 0
YHR054C 2 18
YHR054W-A 0 0
YHR055C 0 0
YHR056C 0 0
YHR056W-A 2 61
YHR057C 2 17
YHR058C 4 88
YHR059W 0 0
YHR060W 5 76
YHR061C 1 55
YHR062C 0 0
YHR063C 6 214
YHR063W-A 4 80
YHR064C 1 4
YHR065C 2 61
YHR066W 2 123
YHR067W 3 13
YHR068W 1 12
YHR069C 6 67
YHR069C-A 0 0
YHR070W 5 63
YHR070C-A 4 105
YHR071W 1 1
YHR071C-A 1 9
YHR072W 3 38
YHR072W-A 3 72
YHR073W 3 14
YHR073W-A 1 7
YHR073C-B 3 3
YHR074W 4 606
YHR075C 2 8
YHR076W 6 148
YHR077C 3 41
YHR078W 1 32
YHR079C 2 36
YHR079C-A 1 4
YHR080C 4 84
YHR081W 4 44
YHR082C 0 0
YHR083W 14 1097
YHR084W 2 46
YHR085W 9 272
YHR086W 4 228
YHR086W-A 6 77
YHR087W 2 61
YHR088W 3 84
YHR089C 6 787
YHR090C 4 123
YHR091C 6 175
YHR092C 0 0
YHR093W 2 31
YHR094C 1 3
YHR095W 1 12
YHR096C 1 10
YHR097C 1 54
YHR098C 1 22
YHR099W 0 0
YHR100C 5 62
YHR101C 3 25
YHR102W 2 16
YHR103W 1 7
YHR104W 1 2
YHR105W 1 1
YHR106W 3 10
YHR107C 4 33
YHR108W 1 4
YHR109W 1 23
YHR110W 4 871
YHR111W 2 19
YHR112C 3 59
YHR113W 3 28
YHR114W 0 0
YHR115C 6 133
YHR116W 5 96
YHR117W 2 193
YHR118C 1 22
YHR119W 4 44
YHR120W 3 103
YHR121W 3 56
YHR122W 3 67
YHR123W 3 167
YHR124W 2 24
YHR125W 3 20
YHR126C 0 0
YHR127W 4 482
YHR128W 1 1
YHR129C 0 0
YHR130C 1 10
YHR131C 1 8
YHR131W-A 1 1
YHR132C 4 1664
YHR132W-A 7 963
YHR133C 2 17
YHR134W 2 7
YHR135C 0 0
YHR136C 9 327
YHR137W 2 17
YHR137C-A 0 0
YHR138C 4 27
YHR139C 2 31
YHR139C-A 9 564
YHR140W 9 459
YHR141C 0 0
YHR142W 3 103
YHR143W 0 0
YHR143W-A 5 77
YHR144C 8 3061
YHR145C 0 0
YHR146W 2 2
YHR147C 6 93
YHR148W 3 82
YHR149C 0 0
YHR150W 2 38
YHR151C 2 5
YHR152W 6 73
YHR153C 3 19
YHR154W 3 75
YHR155W 0 0
YHR156C 0 0
YHR157W 0 0
YHR158C 0 0
YHR159W 1 4
YHR160C 5 25
YHR161C 1 5
YHR162W 3 30
YHR163W 2 58
YHR164C 0 0
YHR165C 1 1
YHR165W-A 1 1
YHR166C 2 4
YHR167W 5 56
YHR168W 4 1594
YHR169W 5 103
YHR170W 0 0
YHR171W 6 331
YHR172W 2 112
YHR173C 8 153
YHR174W 4 101
YHR175W 6 621
YHR175W-A 1 23
YHR176W 0 0
YHR177W 1 28
YHR178W 8 95
YHR179W 1 1
YHR180W 2 8
YHR180W-A 1 1
YHR180C-B 5 280
YHR181W 5 140
YHR182W 0 0
YHR182C-A 1 3
YHR183W 2 23
YHR184W 0 0
YHR185C 2 2
YHR186C 1 5
YHR187W 3 188
YHR188C 2 83
YHR189W 3 84
YHR190W 1 6
YHR191C 0 0
YHR192W 4 134
YHR193C 8 122
YHR193C-A 2 32
YHR194W 1 6
YHR195W 1 17
YHR196W 3 92
YHR197W 2 29
YHR198C 11 262
YHR199C 4 234
YHR199C-A 4 284
YHR200W 8 406
YHR201C 1 138
YHR202W 3 26
YHR203C 2 17
YHR204W 3 56
YHR205W 1 27
YHR206W 0 0
YHR207C 8 562
YHR208W 6 1808
YHR209W 1 1
YHR210C 1 4
YHR211W 0 0
YHR212C 0 0
YHR212W-A 0 0
YHR213W 0 0
YHR213W-A 0 0
YHR213W-B 0 0
YHR214W 0 0
YHR214W-A 0 0
YHR214C-D 0 0
YHR214C-E 0 0
YHR215W 0 0
YHR216W 0 0
YHR217C 0 0
YHR218W 0 0
YHR218W-A 0 0
YHR219W 0 0
YHR219C-A 0 0
YIL177C 0 0
YIL177W-A 0 0
YIL176C 0 0
YIL173W 0 0
YIL172C 0 0
YIL171W-A 0 0
YIL169C 2 51
YIL166C 1 17
YIL165C 4 138
YIL164C 2 9
YIL163C 3 143
YIL162W 1 4
YIL161W 0 0
YIL160C 2 15
YIL159W 5 42
YIL158W 4 16
YIL157C 4 29
YIL156W-A 3 582
YIL156W-B 5 51
YIL156W 4 149
YIL155C 5 126
YIL154C 1 38
YIL153W 5 131
YIL152W 8 427
YIL151C 1 36
YIL150C 2 30
YIL149C 1 5
YIL148W 3 32
YIL147C 1 58
YIL146C 2 111
YIL145C 4 95
YIL144W 0 0
YIL143C 6 1666
YIL142C-A 2 90
YIL142W 3 148
YIL141W 2 80
YIL140W 2 10
YIL139C 1 4
YIL138C 4 129
YIL137C 5 36
YIL136W 1 37
YIL135C 1 4
YIL134C-A 10 1462
YIL134W 6 29
YIL133C 1 68
YIL132C 1 117
YIL131C 1 4
YIL130W 5 95
YIL129C 0 0
YIL128W 2 86
YIL127C 0 0
YIL126W 2 37
YIL125W 3 5
YIL124W 3 36
YIL123W 2 135
YIL122W 1 2
YIL121W 0 0
YIL120W 1 4
YIL119C 0 0
YIL118W 0 0
YIL117C 3 18
YIL116W 1 8
YIL115W-A 2 6
YIL115C 2 6
YIL114C 2 14
YIL113W 2 109
YIL112W 7 126
YIL111W 2 13
YIL110W 2 5
YIL109C 1 6
YIL108W 2 29
YIL107C 2 9
YIL106W 0 0
YIL105C 3 63
YIL105W-A 0 0
YIL104C 5 50
YIL103W 3 59
YIL102C-A 3 478
YIL102C 3 10
YIL101C 5 12
YIL100C-A 9 465
YIL100W 5 26
YIL099W 6 283
YIL098C 2 3
YIL097W 4 5
YIL096C 1 46
YIL095W 3 65
YIL094C 3 7
YIL093C 3 48
YIL092W 1 1
YIL091C 2 9
YIL090W 0 0
YIL089W 2 31
YIL088C 4 86
YIL087C 1 7
YIL086C 0 0
YIL085C 2 2061
YIL084C 1 5
YIL083C 3 38
YIL082W 0 0
YIL079C 1 35
YIL078W 2 36
YIL077C 12 3674
YIL076W 7 220
YIL075C 2 22
YIL074C 1 11
YIL073C 1 8
YIL072W 1 7
YIL071W-A 0 0
YIL071C 6 409
YIL070C 2 253
YIL069C 6 116
YIL068W-A 1 28
YIL068C 0 0
YIL067C 0 0
YIL066W-A 0 0
YIL066C 1 65
YIL065C 6 129
YIL064W 9 359
YIL063C 4 203
YIL062C 3 39
YIL061C 11 220
YIL060W 0 0
YIL059C 2 128
YIL058W 1 3
YIL057C 5 58
YIL056W 5 121
YIL055C 0 0
YIL054W 7 58
YIL053W 1 1
YIL052C 2 2
YIL051C 12 1372
YIL050W 2 36
YIL049W 1 18
YIL048W 2 5
YIL047C-A 3 123
YIL047C 4 334
YIL046W-A 5 118
YIL046W 5 75
YIL045W 0 0
YIL044C 3 38
YIL043C 3 11
YIL042C 2 156
YIL041W 10 2103
YIL040W 0 0
YIL039W 0 0
YIL038C 3 30
YIL037C 0 0
YIL036W 1 1
YIL035C 1 1
YIL034C 4 40
YIL033C 1 65
YIL032C 0 0
YIL031W 3 44
YIL030W-A 0 0
YIL030C 1 1
YIL029W-A 0 0
YIL029C 1 2
YIL028W 1 30
YIL027C 6 80
YIL026C 3 32
YIL025C 1 6
YIL024C 6 88
YIL023C 2 35
YIL022W 1 1
YIL021W 1 39
YIL021C-A 1 2
YIL020C-A 3 82
YIL020C 2 26
YIL019W 4 1227
YIL018W 0 0
YIL017C 3 39
YIL016W 1 34
YIL015W 3 641
YIL014C-A 0 0
YIL014W 4 47
YIL013C 1 3
YIL012W 4 403
YIL011W 0 0
YIL010W 1 8
YIL009C-A 9 170
YIL009W 5 215
YIL008W 1 4
YIL007C 3 241
YIL006W 9 549
YIL005W 0 0
YIL004C 8 756
YIL003W 4 40
YIL002W-A 5 54
YIL002C 1 23
YIL001W 1 146
YIR001C 3 96
YIR002C 1 1
YIR003W 5 63
YIR004W 4 37
YIR005W 10 542
YIR006C 7 155
YIR007W 2 28
YIR008C 0 0
YIR009W 1 23
YIR010W 2 3
YIR011C 3 85
YIR012W 2 2
YIR013C 1 5
YIR014W 5 1838
YIR015W 7 208
YIR016W 7 111
YIR017C 7 534
YIR017W-A 8 1088
YIR018W 15 11821
YIR018C-A 1 10
YIR019C 2 3
YIR020C 2 44
YIR020W-A 2 15
YIR020C-B 4 148
YIR021W 2 29
YIR021W-A 0 0
YIR022W 2 32
YIR023W 2 470
YIR023C-A 0 0
YIR024C 4 120
YIR025W 5 175
YIR026C 2 38
YIR027C 1 3
YIR028W 0 0
YIR029W 1 1
YIR030C 0 0
YIR030W-A 0 0
YIR031C 2 297
YIR032C 1 122
YIR033W 1 108
YIR034C 0 0
YIR035C 2 128
YIR036C 3 26
YIR036W-A 4 29
YIR037W 1 9
YIR038C 2 447
YIR039C 0 0
YIR040C 0 0
YIR041W 0 0
YIR042C 1 30
YJL225C 0 0
YJL225W-A 0 0
YJL223C 0 0
YJL222W-B 0 0
YJL222W-A 0 0
YJL222W 0 0
YJL221C 0 0
YJL220W 0 0
YJL219W 0 0
YJL218W 1 2
YJL217W 5 54
YJL216C 1 26
YJL215C 0 0
YJL214W 0 0
YJL213W 4 241
YJL212C 0 0
YJL211C 2 49
YJL210W 5 348
YJL209W 4 62
YJL208C 3 45
YJL207C 2 3
YJL206C 2 38
YJL205C 8 938
YJL204C 4 732
YJL203W 3 21
YJL202C 5 35
YJL201W 5 35
YJL200C 1 1
YJL199C 17 4480
YJL198W 4 62
YJL197W 2 13
YJL197C-A 0 0
YJL196C 3 37
YJL195C 1 4
YJL194W 3 55
YJL193W 5 106
YJL192C 7 262
YJL191W 4 88
YJL190C 2 33
YJL189W 0 0
YJL188C 2 19
YJL187C 0 0
YJL186W 2 10
YJL185C 3 145
YJL184W 2 5
YJL183W 0 0
YJL182C 0 0
YJL181W 6 47
YJL180C 1 182
YJL179W 1 25
YJL178C 18 3025
YJL177W 2 20
YJL176C 3 11
YJL175W 2 13
YJL174W 0 0
YJL173C 7 249
YJL172W 4 34
YJL171C 7 165
YJL170C 1 2
YJL169W 0 0
YJL168C 3 62
YJL167W 1 87
YJL166W 4 88
YJL165C 2 48
YJL164C 4 13
YJL163C 4 433
YJL162C 6 278
YJL161W 7 435
YJL160C 3 86
YJL159W 3 32
YJL158C 6 3481
YJL157C 5 142
YJL156W-A 7 1098
YJL156C 7 215
YJL155C 0 0
YJL154C 3 134
YJL153C 1 94
YJL152W 2 3
YJL151C 6 100
YJL150W 3 29
YJL149W 7 98
YJL148W 4 48
YJL147C 2 550
YJL146W 1 3
YJL145W 2 32
YJL144W 8 361
YJL143W 3 33
YJL142C 4 58
YJL141C 1 6
YJL140W 1 2
YJL139C 1 36
YJL138C 4 126
YJL137C 4 73
YJL136W-A 2 3
YJL136C 0 0
YJL135W 5 165
YJL134W 1 6
YJL133C-A 3 390
YJL133W 4 175
YJL132W 3 228
YJL131C 6 44
YJL130C 3 82
YJL129C 0 0
YJL128C 3 66
YJL127W-A 3 66
YJL127C-B 8 420
YJL127C 1 24
YJL126W 2 5
YJL125C 3 5
YJL124C 0 0
YJL123C 4 55
YJL122W 9 1123
YJL121C 1 1
YJL120W 5 117
YJL119C 2 210
YJL118W 11 1916
YJL117W 1 2
YJL116C 4 68
YJL115W 1 3
YJL112W 0 0
YJL111W 0 0
YJL110C 0 0
YJL109C 3 58
YJL108C 1 37
YJL107C 1 45
YJL106W 2 5
YJL105W 1 222
YJL104W 1 135
YJL103C 3 50
YJL102W 4 84
YJL101C 2 6
YJL100W 5 135
YJL099W 3 141
YJL098W 2 49
YJL097W 2 21
YJL096W 1 118
YJL095W 1 11
YJL094C 1 10
YJL093C 6 39
YJL092W 1 2
YJL091C 8 216
YJL090C 0 0
YJL089W 1 1
YJL088W 8 376
YJL087C 0 0
YJL086C 1 2
YJL085W 0 0
YJL084C 0 0
YJL083W 0 0
YJL082W 3 241
YJL081C 0 0
YJL080C 1 2
YJL079C 0 0
YJL078C 3 44
YJL077W-B 3 19
YJL077C 9 499
YJL077W-A 6 158
YJL076W 2 37
YJL075C 0 0
YJL074C 1 2
YJL073W 0 0
YJL072C 0 0
YJL071W 2 19
YJL070C 2 24
YJL069C 2 169
YJL068C 10 128
YJL067W 14 1090
YJL066C 5 147
YJL065C 5 156
YJL064W 4 66
YJL063C 5 65
YJL062W-A 6 1070
YJL062W 4 17
YJL061W 0 0
YJL060W 4 32
YJL059W 2 19
YJL058C 0 0
YJL057C 6 189
YJL056C 3 139
YJL055W 4 249
YJL054W 8 543
YJL053W 5 317
YJL052C-A 14 478
YJL052W 0 0
YJL051W 3 29
YJL050W 6 166
YJL049W 3 123
YJL048C 3 252
YJL047C-A 0 0
YJL047C 0 0
YJL046W 7 563
YJL045W 4 28
YJL044C 4 11
YJL043W 1 9
YJL042W 3 323
YJL041W 1 8
YJL039C 0 0
YJL038C 0 0
YJL037W 0 0
YJL036W 0 0
YJL035C 2 1272
YJL034W 5 512
YJL033W 1 60
YJL032W 2 9
YJL031C 2 69
YJL030W 2 17
YJL029C 3 46
YJL028W 4 184
YJL027C 1 4
YJL026W 2 12
YJL026C-A 2 63
YJL025W 1 86
YJL024C 6 73
YJL023C 5 81
YJL022W 0 0
YJL020C 1 56
YJL020W-A 0 0
YJL019W 0 0
YJL016W 0 0
YJL015C 6 368
YJL014W 4 360
YJL013C 8 2166
YJL012C 3 38
YJL011C 1 3
YJL010C 2 3
YJL009W 2 2
YJL008C 3 404
YJL007C 6 271
YJL006C 5 516
YJL005W 1 392
YJL004C 12 1831
YJL003W 2 18
YJL002C 6 341
YJL001W 3 5
YJR001W 9 280
YJR002W 5 625
YJR003C 5 391
YJR004C 3 163
YJR005W 2 19
YJR005C-A 3 61
YJR006W 2 24
YJR007W 0 0
YJR008W 5 76
YJR009C 7 664
YJR010W 0 0
YJR010C-A 1 1
YJR011C 1 2
YJR012C 0 0
YJR013W 5 222
YJR014W 3 11
YJR015W 6 149
YJR016C 0 0
YJR017C 8 485
YJR018W 0 0
YJR019C 2 25
YJR020W 2 2
YJR021C 2 34
YJR022W 5 54
YJR023C 0 0
YJR024C 9 691
YJR025C 2 24
YJR030C 1 12
YJR031C 0 0
YJR032W 2 8
YJR033C 4 17
YJR034W 4 139
YJR035W 3 61
YJR036C 0 0
YJR037W 2 40
YJR038C 2 114
YJR039W 4 15
YJR040W 6 121
YJR041C 2 56
YJR042W 5 66
YJR043C 3 448
YJR044C 10 616
YJR045C 2 3
YJR046W 5 202
YJR047C 3 129
YJR048W 9 507
YJR049C 6 114
YJR050W 5 232
YJR051W 10 442
YJR052W 5 1319
YJR053W 2 6
YJR054W 0 0
YJR055W 3 255
YJR056C 0 0
YJR057W 6 146
YJR058C 7 549
YJR059W 2 45
YJR060W 0 0
YJR061W 0 0
YJR062C 9 428
YJR063W 2 143
YJR064W 4 58
YJR065C 7 778
YJR066W 3 15
YJR067C 4 63
YJR068W 1 23
YJR069C 2 213
YJR070C 3 11
YJR071W 0 0
YJR072C 3 71
YJR073C 6 75
YJR074W 14 749
YJR075W 4 29
YJR076C 10 2529
YJR077C 9 77
YJR078W 3 30
YJR079W 2 14
YJR080C 1 481
YJR082C 0 0
YJR083C 10 396
YJR084W 4 130
YJR085C 2 114
YJR086W 9 527
YJR087W 2 12
YJR088C 3 421
YJR089W 2 48
YJR090C 0 0
YJR091C 5 662
YJR092W 2 870
YJR093C 2 122
YJR094C 2 435
YJR094W-A 5 24
YJR095W 1 9
YJR096W 4 129
YJR097W 1 1
YJR098C 0 0
YJR099W 1 2
YJR100C 3 30
YJR101W 2 7
YJR102C 0 0
YJR103W 5 58
YJR104C 4 276
YJR105W 9 361
YJR106W 2 45
YJR107W 1 2
YJR108W 2 147
YJR109C 3 12
YJR110W 0 0
YJR111C 1 6
YJR112W 2 6
YJR112W-A 2 42
YJR113C 10 269
YJR114W 3 557
YJR115W 5 167
YJR116W 1 7
YJR117W 2 247
YJR118C 0 0
YJR119C 5 56
YJR120W 6 277
YJR121W 1 3
YJR122W 1 14
YJR123W 0 0
YJR124C 3 71
YJR125C 4 1921
YJR126C 6 255
YJR127C 4 23
YJR128W 1 14
YJR129C 0 0
YJR130C 9 334
YJR131W 1 7
YJR132W 3 63
YJR133W 1 44
YJR134C 3 14
YJR135C 2 35
YJR135W-A 5 88
YJR136C 0 0
YJR137C 4 141
YJR138W 2 33
YJR139C 0 0
YJR140C 0 0
YJR140W-A 0 0
YJR141W 4 376
YJR142W 1 6
YJR143C 4 84
YJR144W 5 386
YJR145C 1 59
YJR146W 3 213
YJR147W 2 55
YJR148W 5 114
YJR149W 9 916
YJR150C 3 44
YJR151C 4 25
YJR151W-A 1 7
YJR152W 1 7
YJR153W 1 15
YJR154W 0 0
YJR155W 0 0
YJR156C 0 0
YJR157W 0 0
YJR158W 0 0
YJR159W 0 0
YJR160C 0 0
YJR161C 3 138
YJR162C 2 2
YKL225W 4 74
YKL224C 0 0
YKL223W 0 0
YKL222C 3 42
YKL221W 2 7
YKL220C 1 4
YKL219W 6 185
YKL218C 1 1
YKL217W 8 233
YKL216W 7 76
YKL215C 1 2
YKL214C 1 69
YKL213C 4 46
YKL212W 1 21
YKL211C 1 41
YKL210W 2 47
YKL209C 6 52
YKL208W 2 21
YKL207W 6 63
YKL206C 0 0
YKL205W 2 27
YKL204W 3 35
YKL203C 1 108
YKL202W 0 0
YKL201C 4 195
YKL198C 4 317
YKL197C 6 7495
YKL196C 2 60
YKL195W 4 131
YKL194C 4 106
YKL193C 0 0
YKL192C 4 797
YKL191W 2 28
YKL190W 3 77
YKL189W 0 0
YKL188C 1 3
YKL187C 7 401
YKL186C 12 510
YKL185W 1 2
YKL184W 1 1
YKL183C-A 2 88
YKL183W 1 78
YKL182W 0 0
YKL181W 3 178
YKL180W 0 0
YKL179C 5 365
YKL178C 2 148
YKL177W 1 35
YKL176C 0 0
YKL175W 2 143
YKL174C 2 161
YKL173W 2 17
YKL172W 0 0
YKL171W 1 9
YKL170W 5 123
YKL169C 0 0
YKL168C 3 56
YKL167C 5 403
YKL166C 1 4
YKL165C-A 8 195
YKL165C 2 8
YKL164C 0 0
YKL163W 2 23
YKL162C-A 0 0
YKL162C 0 0
YKL161C 0 0
YKL160W 4 100
YKL159C 3 6
YKL157W 2 525
YKL156W 7 250
YKL156C-A 0 0
YKL155C 1 56
YKL154W 4 67
YKL153W 4 176
YKL152C 5 662
YKL151C 6 144
YKL150W 10 2357
YKL149C 2 5
YKL148C 4 79
YKL147C 4 441
YKL146W 8 1093
YKL145W 4 113
YKL145W-A 0 0
YKL144C 3 6
YKL143W 11 1212
YKL142W 2 10
YKL141W 2 8
YKL140W 3 94
YKL139W 0 0
YKL138C-A 1 16
YKL138C 2 9
YKL137W 1 7
YKL136W 1 58
YKL135C 1 1
YKL134C 4 96
YKL133C 4 28
YKL132C 0 0
YKL131W 0 0
YKL130C 2 7
YKL129C 4 54
YKL128C 2 232
YKL127W 3 322
YKL126W 1 41
YKL125W 0 0
YKL124W 1 32
YKL123W 1 20
YKL122C 1 1
YKL121W 1 2
YKL120W 2 75
YKL119C 0 0
YKL118W 4 69
YKL117W 9 139
YKL116C 1 4
YKL115C 0 0
YKL114C 1 3026
YKL113C 1 15
YKL112W 1 16
YKL111C 1 8
YKL110C 5 851
YKL109W 2 59
YKL108W 0 0
YKL107W 1 8
YKL106C-A 6 19
YKL106W 0 0
YKL105C 0 0
YKL104C 1 7
YKL103C 3 8
YKL102C 10 463
YKL101W 0 0
YKL100C 8 231
YKL100W-A 1 8
YKL099C 3 40
YKL098W 3 158
YKL097C 4 364
YKL096C-B 0 0
YKL096W-A 0 0
YKL096W 3 30
YKL095W 1 24
YKL094W 9 537
YKL093W 3 12
YKL092C 0 0
YKL091C 2 132
YKL090W 10 374
YKL089W 5 225
YKL088W 0 0
YKL087C 2 132
YKL086W 7 244
YKL085W 1 1
YKL084W 5 87
YKL083W 2 10
YKL082C 0 0
YKL081W 2 84
YKL080W 2 22
YKL079W 0 0
YKL078W 4 336
YKL077W 4 45
YKL076C 0 0
YKL075C 3 46
YKL074C 4 204
YKL073W 2 32
YKL072W 1 3
YKL071W 0 0
YKL070W 1 2
YKL069W 10 110
YKL068W-A 2 69
YKL068W 0 0
YKL067W 0 0
YKL066W 0 0
YKL065W-A 2 22
YKL065C 7 42
YKL064W 2 125
YKL063C 0 0
YKL062W 0 0
YKL061W 0 0
YKL060C 9 297
YKL059C 1 2
YKL058W 5 101
YKL057C 3 12
YKL056C 4 14
YKL055C 0 0
YKL054C 1 1
YKL053C-A 2 3
YKL053W 5 6
YKL052C 9 765
YKL051W 4 44
YKL050C 0 0
YKL049C 1 31
YKL048C 3 23
YKL047W 0 0
YKL046C 1 18
YKL045W 4 468
YKL044W 6 149
YKL043W 1 2
YKL042W 0 0
YKL041W 2 98
YKL040C 0 0
YKL039W 4 58
YKL038W 2 542
YKL037W 7 524
YKL036C 1 1
YKL035W 2 7
YKL034W 1 1
YKL033W-A 1 10
YKL033W 2 66
YKL032C 1 1
YKL031W 1 3
YKL030W 6 51
YKL029C 3 110
YKL028W 4 21
YKL027W 0 0
YKL026C 2 3
YKL025C 5 89
YKL024C 0 0
YKL023C-A 4 280
YKL023W 16 2206
YKL022C 1 85
YKL021C 0 0
YKL020C 2 897
YKL019W 7 2378
YKL018C-A 3 321
YKL018W 2 49
YKL017C 5 638
YKL016C 0 0
YKL015W 0 0
YKL014C 3 46
YKL013C 3 20
YKL012W 0 0
YKL011C 3 6
YKL010C 1 301
YKL009W 2 44
YKL008C 2 11
YKL007W 11 297
YKL006C-A 5 59
YKL006W 0 0
YKL005C 3 56
YKL004W 1 15
YKL003C 1 9
YKL002W 1 10
YKL001C 3 1198
YKR001C 1 3
YKR002W 1 22
YKR003W 0 0
YKR004C 4 61
YKR005C 2 19
YKR006C 2 14
YKR007W 6 407
YKR008W 6 60
YKR009C 2 3
YKR010C 1 11
YKR011C 0 0
YKR012C 2 3
YKR013W 3 82
YKR014C 0 0
YKR015C 0 0
YKR016W 2 43
YKR017C 0 0
YKR018C 6 190
YKR019C 1 1
YKR020W 3 102
YKR021W 1 12
YKR022C 0 0
YKR023W 4 195
YKR024C 1 8
YKR025W 3 11
YKR026C 0 0
YKR027W 6 129
YKR028W 1 1
YKR029C 8 383
YKR030W 1 96
YKR031C 4 39
YKR032W 3 7
YKR033C 1 7
YKR034W 1 12
YKR035C 3 44
YKR035W-A 3 41
YKR036C 3 33
YKR037C 4 101
YKR038C 9 850
YKR039W 3 19
YKR040C 5 136
YKR041W 3 4
YKR042W 2 5
YKR043C 5 108
YKR044W 0 0
YKR045C 2 254
YKR046C 9 293
YKR047W 4 15
YKR048C 4 18
YKR049C 3 8297
YKR050W 5 546
YKR051W 1 176
YKR052C 2 403
YKR053C 0 0
YKR054C 1 544
YKR055W 2 277
YKR056W 3 26
YKR057W 7 197
YKR058W 3 469
YKR059W 1 2
YKR060W 2 2
YKR061W 3 776
YKR062W 3 85
YKR063C 5 392
YKR064W 1 18
YKR065C 4 47
YKR066C 11 762
YKR067W 1 26
YKR068C 6 73
YKR069W 2 27
YKR070W 4 128
YKR071C 1 1
YKR072C 0 0
YKR073C 4 33
YKR074W 4 907
YKR075C 3 551
YKR075W-A 1 2
YKR076W 1 11
YKR077W 2 31
YKR078W 7 183
YKR079C 1 9
YKR080W 4 188
YKR081C 5 44
YKR082W 3 366
YKR083C 1 106
YKR084C 3 147
YKR085C 1 30
YKR086W 2 392
YKR087C 5 64
YKR088C 7 170
YKR089C 0 0
YKR090W 0 0
YKR091W 1 15
YKR092C 5 40
YKR093W 1 1
YKR094C 1 288
YKR095W 1 7
YKR095W-A 3 262
YKR096W 1 6
YKR097W 1 1
YKR098C 3 62
YKR099W 1 43
YKR100C 1 14
YKR101W 3 37
YKR102W 1 6
YKR103W 0 0
YKR104W 0 0
YKR105C 1 7
YKR106W 0 0
YLL067C 0 0
YLL067W-A 0 0
YLL066W-B 0 0
YLL066C 0 0
YLL066W-A 0 0
YLL065W 2 168
YLL064C 0 0
YLL063C 9 1747
YLL062C 1 44
YLL061W 7 162
YLL060C 5 42
YLL059C 2 6
YLL058W 3 33
YLL057C 1 8
YLL056C 2 62
YLL055W 3 13
YLL054C 0 0
YLL053C 2 12
YLL052C 4 24
YLL051C 5 14
YLL050C 5 763
YLL049W 3 254
YLL048C 0 0
YLL047W 5 37
YLL046C 0 0
YLL045C 5 121
YLL044W 0 0
YLL043W 1 66
YLL042C 3 133
YLL041C 5 33
YLL040C 0 0
YLL039C 2 27
YLL038C 2 3
YLL037W 1 1
YLL036C 3 16
YLL035W 3 52
YLL034C 3 84
YLL033W 6 283
YLL032C 4 20
YLL031C 4 18
YLL030C 2 3
YLL029W 0 0
YLL028W 4 73
YLL027W 1 4
YLL026W 5 129
YLL025W 0 0
YLL024C 2 24
YLL023C 8 3331
YLL022C 3 9
YLL021W 2 2
YLL020C 0 0
YLL019C 0 0
YLL019W-A 0 0
YLL018C-A 4 448
YLL018C 2 3
YLL015W 2 12
YLL014W 5 24
YLL013C 0 0
YLL012W 0 0
YLL011W 2 13
YLL010C 2 20
YLL009C 1 25
YLL008W 2 5
YLL007C 3 9
YLL006W-A 1 5
YLL006W 6 168
YLL005C 1 4
YLL004W 6 220
YLL003W 4 19
YLL002W 4 479
YLL001W 4 183
YLR001C 7 107
YLR002C 6 151
YLR003C 4 41
YLR004C 4 13
YLR005W 6 486
YLR006C 0 0
YLR007W 5 58
YLR008C 0 0
YLR009W 1 1
YLR010C 0 0
YLR011W 2 162
YLR012C 0 0
YLR013W 0 0
YLR014C 0 0
YLR015W 4 470
YLR016C 7 23
YLR017W 3 2544
YLR018C 0 0
YLR019W 1 15
YLR020C 5 109
YLR021W 4 13
YLR022C 0 0
YLR023C 4 29
YLR024C 0 0
YLR025W 1 27
YLR026C 2 5
YLR027C 8 44
YLR028C 9 513
YLR029C 4 11
YLR030W 3 164
YLR031W 1 5
YLR032W 3 24
YLR033W 4 139
YLR034C 4 8
YLR035C 4 281
YLR036C 3 71
YLR037C 2 7
YLR038C 3 58
YLR039C 1 114
YLR040C 6 132
YLR041W 2 12
YLR042C 2 2
YLR043C 4 88
YLR044C 4 26
YLR045C 3 720
YLR046C 3 41
YLR047C 2 458
YLR048W 1 1
YLR049C 6 31
YLR050C 4 402
YLR051C 1 1
YLR052W 3 10
YLR053C 3 498
YLR054C 0 0
YLR055C 5 40
YLR056W 3 89
YLR057W 3 80
YLR058C 3 60
YLR059C 4 202
YLR060W 2 34
YLR061W 7 617
YLR062C 2 44
YLR063W 4 80
YLR064W 5 234
YLR065C 2 7
YLR066W 4 53
YLR067C 3 38
YLR068W 1 9
YLR069C 6 55
YLR070C 3 308
YLR071C 3 122
YLR072W 5 219
YLR073C 3 9
YLR074C 4 9
YLR075W 2 771
YLR076C 2 86
YLR077W 2 5
YLR078C 4 85
YLR079W 5 28
YLR080W 0 0
YLR081W 7 520
YLR082C 2 3
YLR083C 0 0
YLR084C 1 2
YLR085C 1 4
YLR086W 1 7
YLR087C 4 17
YLR088W 0 0
YLR089C 0 0
YLR090W 3 12
YLR091W 2 62
YLR092W 5 147
YLR093C 3 6
YLR094C 7 193
YLR095C 4 146
YLR096W 1 6
YLR097C 0 0
YLR098C 3 134
YLR099C 2 4
YLR099W-A 9 179
YLR100W 1 5
YLR101C 4 224
YLR102C 2 18
YLR103C 1 56
YLR104W 3 140
YLR105C 4 161
YLR106C 0 0
YLR107W 0 0
YLR108C 4 40
YLR109W 7 177
YLR110C 3 78
YLR111W 10 651
YLR112W 14 2005
YLR113W 2 192
YLR114C 2 12
YLR115W 2 59
YLR116W 3 8
YLR117C 6 167
YLR118C 3 106
YLR119W 4 113
YLR120C 1 90
YLR120W-A 3 20
YLR121C 5 265
YLR122C 0 0
YLR123C 2 44
YLR124W 1 13
YLR125W 0 0
YLR126C 1 3
YLR127C 0 0
YLR128W 2 95
YLR129W 4 168
YLR130C 1 38
YLR131C 0 0
YLR132C 2 282
YLR133W 5 76
YLR134W 0 0
YLR135W 3 5
YLR136C 5 45
YLR137W 10 165
YLR138W 1 7
YLR139C 9 623
YLR140W 1 41
YLR141W 5 60
YLR142W 3 19
YLR143W 4 121
YLR144C 3 40
YLR145W 1 10
YLR146C 2 6
YLR146W-A 5 120
YLR147C 4 97
YLR148W 3 4
YLR149C 6 21
YLR149C-A 3 5
YLR150W 4 27
YLR151C 9 228
YLR152C 1 26
YLR153C 2 10
YLR154C 7 615
YLR154W-A 0 0
YLR154W-B 0 0
YLR154W-C 0 0
YLR154W-E 0 0
YLR154W-F 0 0
YLR154C-G 0 0
YLR154C-H 0 0
YLR155C 0 0
YLR156W 0 0
YLR156C-A 0 0
YLR157C 0 0
YLR157W-D 0 0
YLR157W-E 0 0
YLR157C-C 0 0
YLR158C 0 0
YLR159W 0 0
YLR159C-A 0 0
YLR160C 0 0
YLR161W 0 0
YLR162W 1 1
YLR162W-A 0 0
YLR163C 4 56
YLR163W-A 4 51
YLR164W 0 0
YLR165C 7 378
YLR166C 5 154
YLR167W 0 0
YLR168C 6 840
YLR169W 2 102
YLR170C 5 84
YLR171W 1 1
YLR172C 5 120
YLR173W 1 40
YLR174W 7 213
YLR175W 6 128
YLR176C 5 95
YLR177W 3 35
YLR178C 5 44
YLR179C 6 40
YLR180W 2 10
YLR181C 1 44
YLR182W 3 9
YLR183C 0 0
YLR184W 1 10
YLR185W 0 0
YLR186W 0 0
YLR187W 1 90
YLR188W 1 1
YLR189C 3 53
YLR190W 1 1
YLR191W 4 6
YLR192C 3 63
YLR193C 0 0
YLR194C 2 21
YLR195C 7 48
YLR196W 3 10
YLR197W 0 0
YLR198C 0 0
YLR199C 2 2663
YLR200W 1 3
YLR201C 4 53
YLR202C 2 26
YLR203C 2 8
YLR204W 11 819
YLR205C 10 2492
YLR206W 5 87
YLR207W 1 4
YLR208W 0 0
YLR209C 2 50
YLR210W 0 0
YLR211C 1 3
YLR212C 2 46
YLR213C 2 3
YLR214W 5 47
YLR215C 1 3
YLR216C 7 1256
YLR217W 1 47
YLR218C 2 30
YLR219W 0 0
YLR220W 0 0
YLR221C 2 31
YLR222C 5 395
YLR222C-A 0 0
YLR223C 1 4
YLR224W 2 11
YLR225C 1 13
YLR226W 2 81
YLR227C 1 24
YLR228C 3 38
YLR229C 2 29
YLR230W 0 0
YLR231C 3 807
YLR232W 0 0
YLR233C 4 621
YLR234W 2 66
YLR235C 15 387
YLR236C 1 2733
YLR237W 4 416
YLR238W 0 0
YLR239C 2 29
YLR240W 2 7
YLR241W 3 82
YLR242C 0 0
YLR243W 2 147
YLR244C 5 118
YLR245C 4 10
YLR246W 3 11
YLR247C 3 11
YLR248W 1 28
YLR249W 3 30
YLR250W 3 18
YLR251W 1 1
YLR252W 0 0
YLR253W 2 28
YLR254C 3 11
YLR255C 2 19
YLR256W 1 292
YLR257W 2 30
YLR258W 2 52
YLR259C 7 156
YLR260W 1 1
YLR261C 1 14
YLR262C 1 501
YLR262C-A 1 18
YLR263W 0 0
YLR264W 0 0
YLR264C-A 6 528
YLR265C 8 434
YLR266C 9 87
YLR267W 0 0
YLR268W 1 3
YLR269C 3 57
YLR270W 2 2
YLR271W 6 320
YLR272C 0 0
YLR273C 1 1
YLR274W 4 101
YLR275W 1 427
YLR276C 1 2
YLR277C 6 94
YLR278C 5 88
YLR279W 3 10
YLR280C 1 3
YLR281C 19 6075
YLR282C 1 2
YLR283W 6 198
YLR284C 0 0
YLR285W 0 0
YLR285C-A 5 160
YLR286C 0 0
YLR286W-A 2 5
YLR287C 1 8
YLR287C-A 5 348
YLR288C 5 17
YLR289W 2 54
YLR290C 1 2
YLR291C 3 63
YLR292C 4 220
YLR293C 1 12
YLR294C 5 44
YLR295C 4 29
YLR296W 9 213
YLR297W 2 89
YLR298C 12 1512
YLR299W 5 18
YLR299C-A 5 136
YLR300W 1 9
YLR301W 5 51
YLR302C 0 0
YLR303W 6 196
YLR304C 8 121
YLR305C 3 65
YLR306W 4 144
YLR307W 0 0
YLR307C-A 1 13
YLR308W 1 57
YLR309C 3 107
YLR310C 1 43
YLR311C 0 0
YLR312C 1 9
YLR312W-A 8 850
YLR313C 1 12
YLR314C 3 94
YLR315W 2 25
YLR316C 5 522
YLR317W 4 153
YLR318W 8 193
YLR319C 0 0
YLR320W 0 0
YLR321C 1 2
YLR322W 2 322
YLR323C 6 1129
YLR324W 5 103
YLR325C 3 54
YLR326W 6 146
YLR327C 1 9
YLR328W 1 77
YLR329W 0 0
YLR330W 7 257
YLR331C 0 0
YLR332W 1 3
YLR333C 5 743
YLR334C 4 57
YLR335W 5 117
YLR336C 2 59
YLR337C 0 0
YLR338W 9 172
YLR339C 0 0
YLR340W 1 1
YLR341W 1 2
YLR342W 0 0
YLR342W-A 0 0
YLR343W 1 2
YLR344W 3 32
YLR345W 5 178
YLR346C 1 84
YLR347C 0 0
YLR347W-A 0 0
YLR348C 13 327
YLR349W 3 151
YLR350W 4 45
YLR351C 2 10
YLR352W 5 52
YLR353W 1 1
YLR354C 6 166
YLR355C 1 26
YLR356W 3 54
YLR357W 6 374
YLR358C 3 145
YLR359W 1 1
YLR360W 0 0
YLR361C 9 137
YLR361C-A 5 2076
YLR362W 6 113
YLR363C 0 0
YLR363W-A 2 6
YLR364W 1 13
YLR365W 5 37
YLR364C-A 8 186
YLR366W 1 1
YLR367W 12 399
YLR368W 5 258
YLR369W 2 4
YLR370C 4 131
YLR371W 2 56
YLR372W 1 9
YLR373C 4 129
YLR374C 1 68
YLR375W 4 104
YLR376C 10 900
YLR377C 7 39
YLR378C 1 15
YLR379W 2 17
YLR380W 5 153
YLR381W 1 4
YLR382C 2 20
YLR383W 1 2
YLR384C 8 828
YLR385C 4 126
YLR386W 2 390
YLR387C 3 168
YLR388W 6 598
YLR389C 4 99
YLR390W 3 10
YLR390W-A 7 228
YLR392C 0 0
YLR393W 3 65
YLR394W 0 0
YLR395C 5 889
YLR396C 0 0
YLR397C 3 56
YLR398C 1 21
YLR399C 10 594
YLR399W-A 0 0
YLR400W 0 0
YLR401C 4 229
YLR402W 1 66
YLR403W 0 0
YLR404W 8 136
YLR405W 4 186
YLR406C 6 40
YLR406C-A 8 104
YLR407W 3 53
YLR408C 11 556
YLR409C 9 591
YLR410W 2 27
YLR411W 6 104
YLR412W 7 591
YLR412C-A 0 0
YLR413W 2 77
YLR414C 3 10
YLR415C 6 119
YLR416C 4 51
YLR417W 3 50
YLR418C 0 0
YLR419W 1 1
YLR420W 4 116
YLR421C 6 184
YLR422W 1 22
YLR423C 0 0
YLR424W 1 16
YLR425W 2 201
YLR426W 2 43
YLR427W 0 0
YLR428C 4 62
YLR429W 9 2780
YLR430W 0 0
YLR431C 1 485
YLR432W 1 107
YLR433C 0 0
YLR434C 0 0
YLR435W 1 6
YLR436C 5 257
YLR437C 5 34
YLR437C-A 4 10
YLR438W 2 78
YLR438C-A 4 32
YLR439W 0 0
YLR440C 3 194
YLR441C 4 176
YLR442C 6 17
YLR443W 0 0
YLR444C 1 9
YLR445W 2 27
YLR446W 4 1312
YLR447C 1 8
YLR448W 1 4
YLR449W 0 0
YLR450W 6 399
YLR451W 1 1
YLR452C 2 258
YLR453C 8 836
YLR454W 5 113
YLR455W 0 0
YLR456W 3 322
YLR457C 4 189
YLR458W 2 44
YLR459W 4 139
YLR460C 4 55
YLR461W 0 0
YLR462W 0 0
YLR463C 0 0
YLR464W 0 0
YLR465C 0 0
YLR466W 0 0
YLR466C-A 0 0
YLR466C-B 0 0
YLR467W 0 0
YLR467C-A 0 0
YML133C 0 0
YML133W-B 0 0
YML133W-A 0 0
YML132W 0 0
YML131W 5 232
YML130C 2 19
YML129C 4 38
YML128C 4 36
YML127W 1 1
YML126C 12 922
YML125C 7 148
YML124C 1 30
YML123C 5 64
YML122C 4 25
YML121W 1 1
YML120C 5 626
YML119W 1 17
YML118W 0 0
YML117W 3 118
YML116W-A 0 0
YML116W 2 26
YML115C 1 3
YML114C 0 0
YML113W 2 173
YML112W 2 2
YML111W 0 0
YML110C 6 348
YML109W 2 9
YML108W 4 405
YML107C 1 4
YML106W 0 0
YML105C 2 206
YML104C 1 4
YML103C 6 319
YML102W 3 276
YML101C-A 8 317
YML101C 8 197
YML100W-A 4 459
YML100W 4 131
YML099W-A 0 0
YML099C 7 1136
YML098W 0 0
YML097C 3 457
YML096W 1 369
YML095C 1 28
YML094C-A 0 0
YML094W 0 0
YML093W 5 95
YML092C 0 0
YML091C 0 0
YML090W 3 33
YML089C 10 5806
YML088W 10 186
YML087C 5 105
YML086C 0 0
YML085C 1 2
YML084W 1 2
YML083C 1 1
YML082W 5 177
YML081C-A 9 525
YML081W 0 0
YML080W 3 47
YML079W 4 35
YML078W 3 16
YML077W 6 881
YML076C 8 670
YML075C 3 30
YML074C 3 204
YML073C 1 1
YML072C 4 131
YML071C 3 126
YML070W 1 1
YML069W 2 6
YML068W 1 3
YML067C 1 9
YML066C 1 3
YML065W 0 0
YML064C 0 0
YML063W 3 192
YML062C 0 0
YML061C 0 0
YML060W 2 134
YML059C 1 7
YML058W-A 3 29
YML058W 8 298
YML057C-A 1 4
YML057W 0 0
YML056C 0 0
YML055W 3 57
YML054C 3 12
YML054C-A 12 3709
YML053C 1 38
YML052W 1 4
YML051W 6 238
YML050W 6 349
YML049C 4 19
YML048W 4 20
YML047W-A 0 0
YML047C 0 0
YML046W 1 130
YML043C 0 0
YML042W 9 314
YML041C 5 92
YML038C 2 75
YML037C 1 2
YML036W 1 17
YML035C 0 0
YML034C-A 2 12
YML034W 0 0
YML032C 0 0
YML031C-A 0 0
YML031W 1 1
YML030W 1 33
YML029W 4 41
YML028W 5 407
YML027W 3 61
YML026C 1 6
YML025C 4 5
YML024W 4 161
YML023C 5 239
YML022W 2 14
YML021C 12 4583
YML020W 2 5
YML019W 6 163
YML018C 2 9
YML017W 1 10
YML016C 1 8
YML015C 5 199
YML014W 2 7
YML013W 7 464
YML012C-A 7 537
YML012W 4 31
YML011C 11 266
YML010W 5 44
YML009W-B 0 0
YML009C-A 5 436
YML009C 12 1265
YML008C 3 25
YML007C-A 9 213
YML007W 2 45
YML006C 0 0
YML005W 8 529
YML004C 4 264
YML003W 5 473
YML002W 1 23
YML001W 1 2
YMR001C 2 95
YMR001C-A 6 50
YMR002W 7 2296
YMR003W 5 383
YMR004W 2 875
YMR005W 8 170
YMR006C 0 0
YMR007W 2 257
YMR008C 2 125
YMR009W 1 52
YMR010W 1 5
YMR011W 1 1
YMR012W 0 0
YMR013C 2 13
YMR013C-A 1 1
YMR013W-A 4 237
YMR014W 8 1565
YMR015C 1 3
YMR016C 1 1
YMR017W 2 55
YMR018W 1 32
YMR019W 4 45
YMR020W 0 0
YMR021C 5 259
YMR022W 2 49
YMR023C 4 102
YMR024W 4 258
YMR025W 2 57
YMR026C 2 5
YMR027W 1 48
YMR028W 2 93
YMR029C 3 783
YMR030W 1 487
YMR031C 1 8
YMR031W-A 3 49
YMR032W 0 0
YMR030W-A 3 20
YMR033W 1 144
YMR034C 3 75
YMR035W 1 10
YMR036C 1 18
YMR037C 1 2
YMR038C 1 8
YMR039C 5 169
YMR040W 5 179
YMR041C 10 277
YMR042W 3 78
YMR043W 1 12
YMR044W 6 209
YMR046W-A 0 0
YMR047C 2 14
YMR048W 5 216
YMR049C 5 64
YMR052W 1 2
YMR052C-A 3 11
YMR053C 1 3
YMR054W 4 933
YMR055C 1 4
YMR056C 8 156
YMR057C 7 197
YMR058W 8 261
YMR059W 1 62
YMR060C 5 142
YMR061W 4 63
YMR062C 1 1
YMR063W 8 1039
YMR064W 3 15
YMR065W 3 22
YMR066W 6 365
YMR067C 2 9
YMR068W 5 82
YMR069W 3 156
YMR070W 2 66
YMR071C 2 5
YMR072W 4 83
YMR073C 4 57
YMR074C 5 31
YMR075W 2 67
YMR075C-A 4 32
YMR076C 1 22
YMR077C 4 51
YMR078C 2 330
YMR079W 4 57
YMR080C 0 0
YMR081C 1 2
YMR082C 5 15
YMR083W 3 44
YMR084W 1 34
YMR085W 2 13
YMR086W 2 47
YMR086C-A 8 186
YMR087W 7 172
YMR088C 0 0
YMR089C 0 0
YMR090W 0 0
YMR091C 0 0
YMR092C 2 37
YMR093W 7 180
YMR094W 2 39
YMR095C 3 38
YMR096W 2 11
YMR097C 0 0
YMR098C 1 11
YMR099C 3 6
YMR100W 2 67
YMR101C 0 0
YMR102C 3 61
YMR103C 10 432
YMR104C 3 73
YMR105C 1 8
YMR105W-A 9 314
YMR106C 3 145
YMR107W 3 18
YMR108W 0 0
YMR109W 4 222
YMR110C 5 791
YMR111C 3 71
YMR112C 4 98
YMR113W 1 22
YMR114C 4 104
YMR115W 4 63
YMR116C 3 54
YMR117C 6 597
YMR118C 3 128
YMR119W 0 0
YMR119W-A 2 107
YMR120C 2 4
YMR121C 9 65
YMR122C 5 33
YMR122W-A 4 489
YMR123W 7 97
YMR124W 1 5
YMR125W 1 3
YMR126C 0 0
YMR127C 0 0
YMR128W 7 505
YMR129W 2 50
YMR130W 0 0
YMR131C 1 32
YMR132C 4 243
YMR133W 0 0
YMR134W 0 0
YMR135C 11 337
YMR135W-A 5 1080
YMR136W 3 5
YMR137C 2 22
YMR138W 1 1
YMR139W 5 745
YMR140W 1 1
YMR141C 5 67
YMR142C 0 0
YMR141W-A 0 0
YMR143W 1 2
YMR144W 0 0
YMR145C 3 90
YMR146C 1 11
YMR147W 2 11
YMR148W 1 5
YMR149W 4 824
YMR150C 1 13
YMR151W 1 145
YMR152W 2 11
YMR153W 3 20
YMR153C-A 3 29
YMR154C 5 104
YMR155W 11 540
YMR156C 0 0
YMR157C 3 40
YMR158W 3 40
YMR158C-A 3 21
YMR158W-B 4 50
YMR159C 6 95
YMR160W 4 80
YMR161W 3 663
YMR162C 4 40
YMR163C 1 11
YMR164C 3 8
YMR165C 0 0
YMR166C 1 12
YMR167W 6 78
YMR168C 8 279
YMR169C 0 0
YMR170C 3 60
YMR171C 1 25
YMR172W 1 2
YMR172C-A 0 0
YMR173W 0 0
YMR173W-A 0 0
YMR174C 3 48
YMR175W 8 144
YMR175W-A 0 0
YMR176W 1 88
YMR177W 3 26
YMR178W 8 433
YMR179W 1 6
YMR180C 2 89
YMR181C 1 7
YMR182C 2 24
YMR182W-A 3 162
YMR183C 0 0
YMR184W 5 970
YMR185W 4 105
YMR186W 3 39
YMR187C 1 8
YMR188C 2 35
YMR189W 4 106
YMR190C 3 11
YMR191W 8 147
YMR192W 5 88
YMR193W 0 0
YMR193C-A 1 27
YMR194W 6 122
YMR194C-B 6 279
YMR194C-A 9 596
YMR195W 3 48
YMR196W 3 86
YMR197C 7 301
YMR198W 0 0
YMR199W 3 148
YMR200W 2 277
YMR201C 2 118
YMR202W 1 126
YMR203W 6 146
YMR204C 2 46
YMR205C 1 1
YMR206W 5 572
YMR207C 3 49
YMR208W 0 0
YMR209C 4 328
YMR210W 4 60
YMR211W 1 10
YMR212C 1 3
YMR213W 5 10
YMR214W 5 56
YMR215W 2 152
YMR216C 3 29
YMR217W 5 122
YMR218C 6 67
YMR219W 5 87
YMR220W 3 378
YMR221C 6 297
YMR222C 3 34
YMR223W 1 1
YMR224C 2 13
YMR225C 6 648
YMR226C 3 45
YMR227C 1 6
YMR228W 4 25
YMR229C 0 0
YMR230W 10 508
YMR230W-A 2 10
YMR231W 3 145
YMR232W 0 0
YMR233W 0 0
YMR234W 3 36
YMR235C 0 0
YMR236W 2 82
YMR237W 1 5
YMR238W 2 35
YMR239C 1 11
YMR240C 5 123
YMR241W 6 405
YMR242C 0 0
YMR242W-A 0 0
YMR243C 0 0
YMR244W 0 0
YMR244C-A 11 2678
YMR245W 0 0
YMR246W 2 518
YMR247C 3 295
YMR247W-A 1 3
YMR250W 2 46
YMR251W 1 76
YMR251W-A 0 0
YMR252C 12 2473
YMR253C 3 75
YMR254C 2 23
YMR255W 4 25
YMR256C 3 79
YMR257C 0 0
YMR258C 3 16
YMR259C 5 90
YMR260C 2 29
YMR261C 1 4
YMR262W 3 58
YMR263W 3 26
YMR264W 6 240
YMR265C 4 119
YMR266W 4 563
YMR267W 0 0
YMR268C 2 21
YMR269W 3 125
YMR270C 2 3
YMR271C 4 22
YMR272C 4 77
YMR272W-A 4 600
YMR272W-B 3 167
YMR273C 0 0
YMR274C 3 4
YMR275C 2 7
YMR276W 2 56
YMR277W 1 4
YMR278W 4 55
YMR279C 5 66
YMR280C 2 13
YMR281W 1 1
YMR282C 1 48
YMR283C 1 5
YMR284W 1 2
YMR285C 2 12
YMR286W 4 77
YMR287C 2 130
YMR288W 4 14
YMR289W 3 174
YMR290C 2 98
YMR290W-A 2 73
YMR291W 1 177
YMR292W 7 364
YMR293C 5 265
YMR294W 3 103
YMR294W-A 6 1435
YMR295C 1 29
YMR296C 1 4
YMR297W 0 0
YMR298W 1 11
YMR299C 0 0
YMR300C 2 73
YMR301C 1 3
YMR302C 3 180
YMR303C 3 31
YMR304W 2 18
YMR304C-A 1 1
YMR305C 1 28
YMR306W 2 9
YMR306C-A 3 42
YMR307W 3 105
YMR307C-A 1 2
YMR308C 0 0
YMR309C 0 0
YMR310C 3 27
YMR311C 7 167
YMR312W 2 18
YMR313C 10 154
YMR314W 6 141
YMR315W 1 1
YMR315W-A 6 280
YMR316W 0 0
YMR316C-A 4 29
YMR316C-B 2 8
YMR317W 1 2
YMR318C 0 0
YMR319C 0 0
YMR320W 3 314
YMR321C 2 13
YMR322C 0 0
YMR323W 0 0
YMR324C 0 0
YMR325W 0 0
YMR326C 7 125
YNL339C 0 0
YNL339W-B 0 0
YNL339W-A 0 0
YNL338W 0 0
YNL337W 7 209
YNL336W 0 0
YNL335W 2 49
YNL334C 2 31
YNL333W 2 24
YNL332W 0 0
YNL331C 1 4
YNL330C 3 94
YNL329C 7 3372
YNL328C 3 54
YNL327W 3 18
YNL326C 1 1
YNL325C 2 149
YNL324W 1 71
YNL323W 0 0
YNL322C 8 909
YNL321W 5 391
YNL320W 2 10
YNL319W 0 0
YNL318C 0 0
YNL317W 7 479
YNL316C 2 23
YNL315C 6 533
YNL314W 2 12
YNL313C 2 4
YNL312W 1 4
YNL311C 6 94
YNL310C 3 111
YNL309W 3 144
YNL308C 5 49
YNL307C 1 1
YNL306W 2 2
YNL305C 1 7
YNL304W 9 790
YNL303W 3 76
YNL302C 1 8
YNL301C 1 23
YNL300W 2 8
YNL299W 0 0
YNL298W 0 0
YNL297C 8 153
YNL296W 0 0
YNL295W 1 39
YNL294C 2 1260
YNL293W 5 247
YNL292W 8 129
YNL291C 0 0
YNL290W 9 206
YNL289W 0 0
YNL288W 4 92
YNL287W 0 0
YNL286W 2 4
YNL285W 1 45
YNL284C 2 83
YNL283C 1 2
YNL282W 8 876
YNL281W 3 59
YNL280C 1 2
YNL279W 1 10
YNL278W 5 497
YNL277W-A 7 217
YNL277W 0 0
YNL276C 4 42
YNL275W 3 223
YNL274C 0 0
YNL273W 2 94
YNL272C 0 0
YNL271C 0 0
YNL270C 3 14
YNL269W 1 1
YNL268W 3 15
YNL267W 2 12
YNL266W 1 6
YNL265C 7 54
YNL264C 2 22
YNL263C 1 1
YNL262W 3 13
YNL261W 1 13
YNL260C 6 86
YNL259C 3 179
YNL258C 3 48
YNL257C 3 41
YNL256W 0 0
YNL255C 2 211
YNL254C 5 183
YNL253W 11 584
YNL252C 1 4
YNL251C 3 83
YNL250W 5 29
YNL249C 0 0
YNL248C 3 26
YNL247W 3 39
YNL246W 5 161
YNL245C 10 4989
YNL244C 1 1
YNL243W 6 667
YNL242W 1 66
YNL241C 5 240
YNL240C 4 88
YNL239W 0 0
YNL238W 0 0
YNL237W 3 11
YNL236W 2 221
YNL235C 4 68
YNL234W 6 140
YNL233W 1 87
YNL232W 1 2
YNL231C 0 0
YNL230C 2 14
YNL229C 2 27
YNL228W 7 1961
YNL227C 3 16
YNL226W 0 0
YNL225C 3 7
YNL224C 0 0
YNL223W 8 1404
YNL222W 4 18
YNL221C 1 1
YNL220W 3 5
YNL219C 1 1
YNL218W 6 527
YNL217W 5 95
YNL216W 4 46
YNL215W 0 0
YNL214W 2 33
YNL213C 2 13
YNL212W 0 0
YNL211C 5 50
YNL210W 3 13
YNL209W 6 53
YNL208W 7 176
YNL207W 1 6
YNL206C 2 23
YNL205C 0 0
YNL204C 3 7
YNL203C 3 82
YNL202W 0 0
YNL201C 0 0
YNL200C 0 0
YNL199C 0 0
YNL198C 1 18
YNL197C 0 0
YNL196C 1 2
YNL195C 0 0
YNL194C 1 1
YNL193W 4 73
YNL192W 2 27
YNL191W 5 21
YNL190W 0 0
YNL189W 0 0
YNL188W 0 0
YNL187W 2 7
YNL186W 0 0
YNL185C 0 0
YNL184C 1 18
YNL183C 1 4
YNL182C 2 32
YNL181W 1 3
YNL180C 3 18
YNL179C 8 62
YNL178W 2 53
YNL177C 8 52
YNL176C 3 19
YNL175C 5 147
YNL174W 1 8
YNL173C 1 1
YNL172W 0 0
YNL171C 0 0
YNL170W 1 1
YNL169C 0 0
YNL168C 1 20
YNL167C 1 20
YNL166C 6 108
YNL165W 3 28
YNL164C 0 0
YNL163C 2 10
YNL162W-A 3 11
YNL162W 2 1013
YNL161W 6 561
YNL160W 3 16
YNL159C 5 298
YNL158W 4 84
YNL157W 4 36
YNL156C 2 19
YNL155W 1 2
YNL154C 3 99
YNL153C 11 1477
YNL152W 5 48
YNL151C 3 9
YNL150W 4 81
YNL149C 5 869
YNL148C 3 5
YNL147W 2 214
YNL146C-A 2 2
YNL146W 2 6
YNL145W 3 9
YNL144C 3 113
YNL144W-A 1 6
YNL143C 2 38
YNL142W 3 11
YNL141W 1 18
YNL140C 1 36
YNL139C 1 1
YNL138W-A 3 30
YNL138W 1 4
YNL137C 0 0
YNL136W 2 78
YNL135C 2 80
YNL134C 7 155
YNL133C 8 1556
YNL132W 0 0
YNL131W 1 1
YNL130C 7 390
YNL130C-A 4 125
YNL129W 4 125
YNL128W 0 0
YNL127W 0 0
YNL126W 5 81
YNL125C 4 23
YNL124W 5 374
YNL123W 7 326
YNL122C 5 49
YNL121C 5 319
YNL120C 0 0
YNL119W 5 122
YNL118C 2 15
YNL117W 3 53
YNL116W 4 154
YNL115C 10 540
YNL114C 0 0
YNL113W 4 198
YNL112W 1 25
YNL111C 2 3
YNL110C 2 52
YNL109W 3 11
YNL108C 2 5
YNL107W 10 95
YNL106C 1 8
YNL105W 2 20
YNL104C 7 1354
YNL103W-A 1 107
YNL103W 4 19
YNL102W 1 7
YNL101W 3 44
YNL100W 5 145
YNL099C 5 274
YNL098C 2 23
YNL097C-B 4 325
YNL097C 3 483
YNL097W-A 3 16
YNL096C 2 9
YNL095C 1 10
YNL094W 1 30
YNL093W 1 1
YNL092W 2 3
YNL091W 0 0
YNL090W 1 251
YNL089C 0 0
YNL088W 2 13
YNL087W 1 14
YNL086W 1 4
YNL085W 0 0
YNL084C 2 7
YNL083W 1 3
YNL082W 2 17
YNL081C 6 358
YNL080C 1 5
YNL079C 7 2866
YNL078W 7 73
YNL077W 0 0
YNL076W 0 0
YNL075W 2 218
YNL074C 2 20
YNL073W 4 198
YNL072W 3 21
YNL071W 6 325
YNL070W 4 379
YNL069C 0 0
YNL068C 8 813
YNL067W-A 2 41
YNL067W-B 6 255
YNL067W 8 173
YNL066W 1 4
YNL065W 2 6
YNL064C 2 9
YNL063W 5 95
YNL062C 2 12
YNL061W 1 10
YNL059C 4 21
YNL058C 2 2367
YNL057W 3 35
YNL056W 3 120
YNL055C 7 242
YNL054W 1 5
YNL053W 1 2
YNL052W 8 314
YNL051W 2 148
YNL050C 0 0
YNL049C 3 10
YNL048W 5 80
YNL047C 6 196
YNL046W 1 17
YNL045W 6 160
YNL044W 0 0
YNL043C 2 38
YNL042W-B 2 16
YNL042W 0 0
YNL041C 1 172
YNL040W 6 270
YNL039W 1 154
YNL038W 5 117
YNL037C 4 281
YNL036W 3 23
YNL035C 4 760
YNL034W 0 0
YNL033W 0 0
YNL032W 2 24
YNL031C 2 14
YNL030W 0 0
YNL029C 3 49
YNL028W 2 34
YNL027W 1 100
YNL026W 5 51
YNL025C 5 3305
YNL024C-A 3 50
YNL024C 4 564
YNL023C 3 132
YNL022C 2 10
YNL021W 0 0
YNL020C 0 0
YNL019C 0 0
YNL018C 0 0
YNL017C 4 46
YNL016W 1 5
YNL015W 0 0
YNL014W 0 0
YNL013C 0 0
YNL012W 0 0
YNL011C 4 25
YNL010W 2 135
YNL009W 4 78
YNL008C 3 116
YNL007C 3 96
YNL006W 4 102
YNL005C 0 0
YNL004W 5 165
YNL003C 7 217
YNL002C 3 95
YNL001W 2 42
YNR001C 1 9
YNR001W-A 2 25
YNR002C 7 221
YNR003C 2 200
YNR003W-A 6 215
YNR004W 1 2
YNR005C 0 0
YNR006W 3 10
YNR007C 3 57
YNR008W 3 82
YNR009W 3 90
YNR010W 1 6
YNR011C 4 67
YNR012W 4 27
YNR013C 2 35
YNR014W 16 5132
YNR015W 6 2977
YNR016C 3 103
YNR017W 2 87
YNR018W 6 819
YNR019W 5 290
YNR020C 6 1272
YNR021W 1 55
YNR022C 4 207
YNR023W 2 121
YNR024W 2 511
YNR025C 0 0
YNR026C 1 32
YNR027W 3 66
YNR028W 2 75
YNR029C 3 52
YNR030W 0 0
YNR031C 1 1
YNR032W 1 9
YNR032C-A 5 108
YNR033W 6 77
YNR034W 1 2
YNR034W-A 0 0
YNR035C 2 98
YNR036C 2 36
YNR037C 7 244
YNR038W 4 153
YNR039C 2 219
YNR040W 5 23
YNR041C 0 0
YNR042W 0 0
YNR043W 0 0
YNR044W 1 6
YNR045W 1 1
YNR046W 5 39
YNR047W 2 21
YNR048W 3 28
YNR049C 0 0
YNR050C 4 265
YNR051C 0 0
YNR052C 2 16
YNR053C 3 37
YNR054C 6 184
YNR055C 2 30
YNR056C 0 0
YNR057C 2 14
YNR058W 6 507
YNR059W 1 107
YNR060W 1 36
YNR061C 0 0
YNR062C 2 23
YNR063W 0 0
YNR064C 2 48
YNR065C 1 28
YNR066C 9 1200
YNR067C 1 1
YNR068C 1 2
YNR069C 1 7
YNR070W 0 0
YNR071C 4 32
YNR072W 0 0
YNR073C 2 16
YNR074C 0 0
YNR075W 5 961
YNR075C-A 4 141
YNR076W 0 0
YNR077C 5 404
YOL166W-A 6 2680
YOL166C 0 0
YOL165C 0 0
YOL164W-A 1 3
YOL164W 0 0
YOL163W 2 14
YOL162W 1 33
YOL161C 0 0
YOL160W 0 0
YOL159C-A 0 0
YOL159C 5 70
YOL158C 6 248
YOL157C 2 65
YOL156W 0 0
YOL155W-A 0 0
YOL155C 0 0
YOL154W 2 1396
YOL152W 3 40
YOL151W 3 31
YOL150C 4 175
YOL149W 1 2
YOL148C 2 41
YOL147C 0 0
YOL146W 1 2
YOL145C 2 251
YOL144W 3 11
YOL143C 2 12
YOL142W 7 198
YOL141W 2 13
YOL140W 8 245
YOL139C 3 14
YOL138C 5 248
YOL137W 1 12
YOL136C 0 0
YOL135C 6 817
YOL134C 2 3
YOL133W 6 205
YOL132W 0 0
YOL131W 0 0
YOL130W 0 0
YOL129W 8 606
YOL128C 8 286
YOL127W 0 0
YOL126C 5 175
YOL125W 5 113
YOL124C 5 161
YOL123W 2 85
YOL122C 1 17
YOL121C 7 216
YOL120C 0 0
YOL119C 2 16
YOL118C 6 51
YOL117W 0 0
YOL116W 1 4
YOL115W 2 13
YOL114C 8 152
YOL113W 5 130
YOL112W 1 9
YOL111C 3 196
YOL110W 6 467
YOL109W 2 35
YOL108C 13 865
YOL107W 3 326
YOL106W 0 0
YOL105C 0 0
YOL104C 4 124
YOL103W 0 0
YOL102C 7 173
YOL101C 2 1745
YOL100W 1 20
YOL099C 3 38
YOL098C 1 1
YOL097W-A 4 153
YOL097C 1 35
YOL096C 5 90
YOL095C 0 0
YOL094C 1 52
YOL093W 1 43
YOL092W 5 92
YOL091W 3 22
YOL090W 1 12
YOL089C 2 13
YOL088C 0 0
YOL087C 0 0
YOL086W-A 5 53
YOL086C 6 99
YOL085W-A 2 4
YOL085C 5 175
YOL084W 1 6
YOL083W 3 172
YOL083C-A 4 15
YOL082W 3 25
YOL081W 2 7
YOL080C 1 1
YOL079W 0 0
YOL078W 0 0
YOL077W-A 3 178
YOL077C 1 20
YOL076W 1 10
YOL075C 1 32
YOL073C 2 31
YOL072W 5 458
YOL071W 3 52
YOL070C 6 1070
YOL069W 3 54
YOL068C 3 16
YOL067C 5 95
YOL066C 0 0
YOL065C 2 6
YOL064C 1 1626
YOL063C 1 2
YOL062C 4 451
YOL061W 3 12
YOL060C 3 16
YOL059W 6 226
YOL058W 10 494
YOL057W 3 79
YOL056W 0 0
YOL055C 1 25
YOL054W 2 32
YOL053W 1 30
YOL052C-A 0 0
YOL052C 7 229
YOL051W 1 94
YOL050C 5 341
YOL049W 10 1349
YOL048C 3 12
YOL047C 0 0
YOL046C 0 0
YOL045W 1 1
YOL044W 2 22
YOL043C 3 30
YOL042W 2 304
YOL041C 3 15
YOL040C 3 105
YOL039W 3 193
YOL038C-A 1 1
YOL038W 2 8
YOL037C 0 0
YOL036W 1 5
YOL035C 2 16
YOL034W 5 97
YOL033W 3 98
YOL032W 0 0
YOL031C 3 222
YOL030W 3 30
YOL029C 1 10
YOL028C 1 44
YOL027C 4 145
YOL026C 5 67
YOL025W 3 135
YOL024W 1 2
YOL023W 3 149
YOL022C 0 0
YOL021C 4 977
YOL020W 2 5
YOL019W-A 4 176
YOL019W 0 0
YOL018C 5 48
YOL017W 0 0
YOL016C 2 14
YOL015W 0 0
YOL014W 0 0
YOL013W-B 0 0
YOL013W-A 3 9
YOL013C 0 0
YOL012C 1 5
YOL011W 3 38
YOL010W 3 48
YOL009C 3 14
YOL008W 1 26
YOL007C 0 0
YOL006C 1 4
YOL005C 6 187
YOL004W 0 0
YOL003C 11 2154
YOL002C 2 6
YOL001W 3 38
YOR001W 4 455
YOR002W 1 103
YOR003W 3 152
YOR004W 6 107
YOR005C 3 14
YOR006C 4 25
YOR007C 2 247
YOR008C 0 0
YOR008C-A 0 0
YOR008W-B 3 40
YOR009W 0 0
YOR010C 1 31
YOR011W 1 2
YOR011W-A 0 0
YOR012W 0 0
YOR013W 1 11
YOR014W 0 0
YOR015W 0 0
YOR016C 0 0
YOR017W 4 33
YOR018W 1 4
YOR019W 1 2
YOR020C 1 40
YOR020W-A 1 14
YOR021C 2 38
YOR022C 7 68
YOR023C 5 178
YOR024W 5 100
YOR025W 7 74
YOR026W 7 277
YOR027W 1 2
YOR028C 0 0
YOR029W 4 167
YOR030W 1 1
YOR031W 8 96
YOR032C 4 16
YOR032W-A 4 133
YOR033C 2 24
YOR034C 1 15
YOR034C-A 3 143
YOR035C 5 317
YOR036W 6 56
YOR037W 3 25
YOR038C 1 7
YOR039W 1 1
YOR040W 2 97
YOR041C 3 39
YOR042W 3 43
YOR043W 1 66
YOR044W 3 133
YOR045W 2 117
YOR046C 4 16
YOR047C 1 4
YOR048C 1 5
YOR049C 1 21
YOR050C 3 34
YOR051C 0 0
YOR052C 2 14
YOR053W 3 4
YOR054C 0 0
YOR055W 2 18
YOR056C 2 76
YOR057W 0 0
YOR058C 0 0
YOR059C 1 5
YOR060C 5 124
YOR061W 1 24
YOR062C 1 144
YOR063W 7 307
YOR064C 18 4449
YOR065W 1 1
YOR066W 7 140
YOR067C 5 74
YOR069W 0 0
YOR068C 1 11
YOR070C 2 37
YOR071C 2 33
YOR072W 4 71
YOR072W-A 6 109
YOR072W-B 3 69
YOR073W 2 143
YOR074C 0 0
YOR073W-A 3 33
YOR075W 13 740
YOR076C 5 93
YOR077W 2 39
YOR078W 6 236
YOR079C 2 23
YOR080W 2 27
YOR081C 1 2
YOR082C 2 51
YOR083W 2 156
YOR084W 7 503
YOR085W 1 10
YOR086C 1 7
YOR087W 2 46
YOR089C 2 6
YOR090C 2 10
YOR091W 2 24
YOR092W 0 0
YOR093C 2 37
YOR094W 0 0
YOR095C 9 272
YOR096W 1 60
YOR097C 4 143
YOR098C 5 749
YOR099W 2 3
YOR100C 2 57
YOR101W 1 1
YOR102W 6 636
YOR103C 4 136
YOR104W 1 10
YOR105W 0 0
YOR106W 2 31
YOR107W 1 25
YOR108W 1 1
YOR108C-A 0 0
YOR109W 0 0
YOR110W 1 14
YOR111W 4 48
YOR112W 2 13
YOR113W 1 17
YOR114W 2 7
YOR115C 4 1081
YOR116C 0 0
YOR117W 2 46
YOR118W 0 0
YOR119C 5 154
YOR120W 2 22
YOR121C 2 310
YOR122C 7 48
YOR123C 2 6
YOR124C 1 1
YOR125C 1 42
YOR126C 8 217
YOR127W 0 0
YOR128C 1 25
YOR129C 0 0
YOR130C 3 54
YOR131C 1 109
YOR132W 1 2
YOR133W 5 263
YOR134W 1 2
YOR135C 1 1
YOR136W 1 8
YOR137C 1 33
YOR138C 2 8
YOR139C 0 0
YOR140W 2 31
YOR141C 2 41
YOR142W 2 29
YOR143C 1 1
YOR144C 1 1
YOR145C 2 21
YOR146W 0 0
YOR147W 6 289
YOR148C 7 587
YOR149C 1 22
YOR150W 3 96
YOR151C 0 0
YOR152C 0 0
YOR153W 3 15
YOR154W 2 854
YOR155C 4 119
YOR156C 0 0
YOR157C 5 866
YOR158W 7 346
YOR159C 4 66
YOR160W 3 31
YOR161C 3 15
YOR161W-A 3 65
YOR161W-B 3 128
YOR161C-C 5 257
YOR162C 2 54
YOR163W 3 361
YOR164C 2 50
YOR165W 5 21
YOR166C 3 125
YOR167C 2 95
YOR168W 3 167
YOR169C 0 0
YOR170W 4 37
YOR171C 2 9
YOR172W 7 222
YOR173W 2 452
YOR174W 2 27
YOR175C 2 62
YOR176W 1 1
YOR177C 1 632
YOR178C 1 1
YOR179C 2 7
YOR180C 2 16
YOR181W 3 37
YOR182C 2 8
YOR183W 2 8
YOR184W 0 0
YOR185C 2 2
YOR186W 3 219
YOR186C-A 2 45
YOR187W 0 0
YOR188W 2 34
YOR189W 4 101
YOR190W 1 49
YOR191W 1 4
YOR192C 1 19
YOR192C-C 0 0
YOR193W 1 14
YOR194C 1 33
YOR195W 0 0
YOR196C 10 1218
YOR197W 9 536
YOR198C 2 9
YOR199W 3 11
YOR200W 8 3559
YOR201C 7 120
YOR202W 0 0
YOR203W 2 14
YOR204W 6 98
YOR205C 3 1141
YOR206W 8 150
YOR207C 3 347
YOR208W 3 123
YOR209C 1 1
YOR210W 3 64
YOR211C 0 0
YOR212W 2 172
YOR213C 3 19
YOR214C 0 0
YOR215C 1 4
YOR216C 3 86
YOR217W 3 84
YOR218C 0 0
YOR219C 3 60
YOR220W 4 797
YOR221C 4 80
YOR222W 0 0
YOR223W 9 69
YOR224C 2 4
YOR225W 2 4
YOR226C 10 774
YOR227W 1 21
YOR228C 0 0
YOR229W 1 1
YOR230W 1 29
YOR231W 0 0
YOR231C-A 3 262
YOR232W 3 25
YOR233W 0 0
YOR234C 4 1336
YOR235W 1 9
YOR236W 1 35
YOR237W 0 0
YOR238W 1 2
YOR239W 4 41
YOR241W 1 1
YOR242C 1 25
YOR243C 3 594
YOR244W 1 11
YOR245C 5 361
YOR246C 0 0
YOR247W 0 0
YOR248W 2 7
YOR249C 2 47
YOR250C 0 0
YOR251C 12 297
YOR252W 2 52
YOR253W 4 336
YOR254C 3 15
YOR255W 4 71
YOR256C 0 0
YOR257W 2 12
YOR258W 2 6
YOR259C 7 250
YOR260W 4 70
YOR261C 0 0
YOR262W 2 52
YOR263C 0 0
YOR264W 2 6
YOR265W 10 1127
YOR266W 3 85
YOR267C 2 9
YOR268C 8 181
YOR269W 2 87
YOR270C 0 0
YOR271C 6 595
YOR272W 4 191
YOR273C 8 123
YOR274W 3 34
YOR275C 12 275
YOR276W 2 53
YOR277C 1 4
YOR278W 4 95
YOR279C 2 28
YOR280C 3 409
YOR281C 4 42
YOR282W 0 0
YOR283W 1 14
YOR284W 4 1095
YOR285W 4 73
YOR286W 3 21
YOR287C 3 263
YOR288C 1 26
YOR289W 2 7
YOR290C 0 0
YOR291W 2 64
YOR292C 11 143
YOR293W 1 4
YOR293C-A 4 263
YOR294W 5 96
YOR295W 1 4
YOR296W 1 8
YOR297C 13 3836
YOR298W 2 38
YOR298C-A 6 308
YOR299W 0 0
YOR300W 1 1
YOR301W 3 501
YOR302W 2 39
YOR303W 2 7
YOR304W 1 50
YOR304C-A 3 24
YOR305W 0 0
YOR306C 4 64
YOR307C 2 4
YOR308C 0 0
YOR309C 0 0
YOR310C 2 14
YOR311C 5 111
YOR312C 0 0
YOR313C 1 1
YOR314W 1 2
YOR314W-A 12 886
YOR315W 8 59
YOR316C 4 41
YOR316C-A 6 146
YOR317W 4 60
YOR318C 3 30
YOR319W 1 3
YOR320C 2 16
YOR321W 3 26
YOR322C 3 46
YOR323C 1 11
YOR324C 2 18
YOR325W 3 123
YOR326W 1 1
YOR327C 2 48
YOR328W 3 19
YOR329C 1 1
YOR329W-A 3 40
YOR330C 7 240
YOR331C 1 2
YOR332W 6 400
YOR333C 1 42
YOR334W 3 38
YOR335C 2 40
YOR335W-A 0 0
YOR336W 4 698
YOR337W 7 255
YOR338W 0 0
YOR339C 2 4
YOR340C 6 60
YOR341W 0 0
YOR342C 2 7
YOR343C 14 2836
YOR344C 1 5
YOR345C 2 48
YOR346W 2 14
YOR347C 0 0
YOR348C 4 271
YOR349W 11 21657
YOR350C 1 65
YOR351C 0 0
YOR352W 2 2
YOR353C 4 48
YOR354C 11 4567
YOR355W 0 0
YOR356W 1 296
YOR357C 9 321
YOR358W 1 74
YOR359W 0 0
YOR360C 5 201
YOR361C 5 224
YOR362C 4 36
YOR363C 1 4
YOR364W 4 346
YOR365C 1 1
YOR366W 0 0
YOR367W 6 970
YOR368W 3 200
YOR369C 1 7
YOR370C 0 0
YOR371C 3 78
YOR372C 3 34
YOR373W 2 219
YOR374W 3 43
YOR375C 0 0
YOR376W 1 1
YOR376W-A 0 0
YOR377W 3 13
YOR378W 0 0
YOR379C 10 453
YOR380W 3 33
YOR381W 1 2
YOR381W-A 4 55
YOR382W 7 125
YOR383C 1 3
YOR384W 1 6
YOR385W 1 7
YOR386W 3 53
YOR387C 0 0
YOR388C 0 0
YOR389W 0 0
YOR390W 4 96
YOR391C 0 0
YOR392W 2 16
YOR393W 0 0
YOR394W 0 0
YOR394C-A 0 0
YOR396W 0 0
YOR396C-A 0 0
YPL283C 0 0
YPL283W-B 0 0
YPL283W-A 0 0
YPL282C 0 0
YPL281C 0 0
YPL280W 0 0
YPL279C 3 87
YPL278C 0 0
YPL277C 1 51
YPL274W 4 55
YPL273W 1 5
YPL272C 1 1
YPL271W 7 203
YPL270W 8 365
YPL269W 3 155
YPL268W 6 2090
YPL267W 2 57
YPL266W 1 1
YPL265W 2 170
YPL264C 1 5
YPL263C 3 44
YPL262W 1 1
YPL261C 0 0
YPL260W 0 0
YPL259C 2 2
YPL258C 2 3
YPL257W 1 1
YPL256C 2 10
YPL255W 2 112
YPL254W 3 9
YPL253C 4 194
YPL252C 8 601
YPL251W 1 2
YPL250C 2 8
YPL249C-A 0 0
YPL250W-A 0 0
YPL249C 3 49
YPL248C 3 54
YPL247C 0 0
YPL246C 1 49
YPL245W 3 82
YPL244C 2 89
YPL243W 1 55
YPL242C 2 11
YPL241C 8 420
YPL240C 3 237
YPL239W 1 3
YPL238C 0 0
YPL237W 0 0
YPL236C 0 0
YPL235W 0 0
YPL234C 0 0
YPL233W 4 91
YPL232W 3 38
YPL231W 2 102
YPL230W 1 16
YPL229W 3 1450
YPL228W 2 7
YPL227C 0 0
YPL226W 3 155
YPL225W 2 31
YPL224C 10 1696
YPL223C 6 1214
YPL222W 4 363
YPL222C-A 0 0
YPL221W 7 167
YPL220W 8 925
YPL219W 3 68
YPL218W 3 26
YPL217C 1 1
YPL216W 0 0
YPL215W 2 43
YPL214C 1 4
YPL213W 9 1011
YPL212C 5 285
YPL211W 5 81
YPL210C 1 1
YPL209C 1 16
YPL208W 4 35
YPL207W 2 3
YPL206C 0 0
YPL205C 1 4
YPL204W 0 0
YPL203W 1 18
YPL202C 7 125
YPL201C 3 20
YPL200W 1 6
YPL199C 3 96
YPL198W 14 1605
YPL197C 1 14
YPL196W 1 17
YPL195W 11 417
YPL194W 0 0
YPL193W 1 12
YPL192C 2 25
YPL191C 2 520
YPL190C 1 2
YPL189C-A 5 600
YPL189W 2 20
YPL188W 2 51
YPL187W 1 95
YPL186C 11 1027
YPL185W 3 58
YPL184C 0 0
YPL183W-A 2 127
YPL183C 2 187
YPL182C 1 2
YPL181W 3 9
YPL180W 1 2
YPL179W 0 0
YPL178W 1 2
YPL177C 3 149
YPL176C 2 23
YPL175W 1 1
YPL174C 0 0
YPL173W 4 465
YPL172C 0 0
YPL171C 5 61
YPL170W 5 48
YPL169C 3 6
YPL168W 0 0
YPL167C 3 98
YPL166W 5 491
YPL165C 3 45
YPL164C 2 127
YPL163C 2 29
YPL162C 4 15
YPL161C 0 0
YPL160W 0 0
YPL159C 0 0
YPL158C 1 249
YPL157W 5 40
YPL156C 1 11
YPL155C 3 306
YPL154C 0 0
YPL153C 0 0
YPL152W-A 5 96
YPL152W 0 0
YPL151C 2 439
YPL150W 0 0
YPL149W 3 15
YPL148C 2 16
YPL147W 2 9
YPL146C 3 111
YPL145C 0 0
YPL144W 5 1290
YPL143W 0 0
YPL142C 1 15
YPL141C 1 3
YPL140C 1 2
YPL139C 0 0
YPL138C 3 86
YPL137C 2 76
YPL136W 2 27
YPL135W 6 218
YPL135C-A 2 48
YPL134C 4 196
YPL133C 1 2
YPL132W 1 29
YPL131W 0 0
YPL130W 1 11
YPL129W 4 18
YPL128C 0 0
YPL127C 6 81
YPL126W 4 145
YPL125W 0 0
YPL124W 5 50
YPL123C 1 29
YPL122C 4 785
YPL121C 0 0
YPL120W 7 1171
YPL119C-A 0 0
YPL119C 0 0
YPL118W 0 0
YPL117C 3 134
YPL116W 4 21
YPL115C 2 40
YPL114W 5 950
YPL113C 4 61
YPL112C 3 142
YPL111W 5 583
YPL110C 0 0
YPL109C 0 0
YPL108W 3 16
YPL107W 5 84
YPL106C 0 0
YPL105C 8 143
YPL104W 2 606
YPL103C 2 62
YPL102C 0 0
YPL101W 5 212
YPL100W 0 0
YPL099C 1 1
YPL098C 5 144
YPL097W 2 78
YPL096C-A 2 3
YPL096W 5 43
YPL095C 3 3
YPL094C 4 287
YPL093W 2 7
YPL092W 1 16
YPL091W 1 1
YPL090C 0 0
YPL089C 7 1127
YPL088W 0 0
YPL087W 1 12
YPL086C 3 102
YPL085W 0 0
YPL084W 4 24
YPL083C 2 6
YPL082C 2 55
YPL081W 3 415
YPL080C 5 353
YPL079W 3 318
YPL078C 6 145
YPL077C 4 67
YPL076W 1 4
YPL075W 3 38
YPL074W 4 93
YPL073C 2 89
YPL072W 2 30
YPL071C 2 53
YPL070W 1 1
YPL069C 6 250
YPL068C 5 97
YPL067C 6 60
YPL066W 2 21
YPL065W 3 208
YPL064C 2 23
YPL063W 0 0
YPL062W 11 820
YPL061W 4 30
YPL060W 5 101
YPL059W 1 24
YPL058C 0 0
YPL057C 6 49
YPL056C 7 290
YPL055C 7 289
YPL054W 1 3
YPL053C 1 4
YPL052W 4 48
YPL051W 6 351
YPL050C 0 0
YPL049C 5 146
YPL048W 4 331
YPL047W 0 0
YPL046C 3 28
YPL045W 1 4
YPL044C 0 0
YPL043W 0 0
YPL042C 0 0
YPL041C 4 51
YPL040C 4 63
YPL039W 6 78
YPL038W-A 1 64
YPL038W 7 116
YPL037C 2 9
YPL036W 2 111
YPL035C 1 36
YPL034W 2 5
YPL033C 0 0
YPL032C 1 36
YPL031C 0 0
YPL030W 0 0
YPL029W 3 4
YPL028W 1 37
YPL027W 1 5
YPL026C 2 13
YPL025C 9 336
YPL024W 9 1440
YPL023C 0 0
YPL022W 0 0
YPL021W 0 0
YPL020C 1 12
YPL019C 4 872
YPL018W 2 10
YPL017C 3 190
YPL016W 0 0
YPL015C 6 523
YPL014W 1 66
YPL013C 4 268
YPL012W 0 0
YPL011C 4 421
YPL010W 3 3
YPL009C 2 11
YPL008W 0 0
YPL007C 0 0
YPL006W 1 50
YPL005W 1 15
YPL004C 0 0
YPL003W 3 20
YPL002C 7 223
YPL001W 5 976
YPR001W 3 18
YPR002W 6 842
YPR002C-A 5 99
YPR003C 2 1085
YPR004C 1 4
YPR005C 3 78
YPR006C 5 33
YPR007C 1 13
YPR008W 2 14
YPR009W 2 2
YPR010C 0 0
YPR010C-A 7 127
YPR011C 2 37
YPR012W 2 95
YPR013C 4 46
YPR014C 1 3
YPR015C 2 61
YPR016C 0 0
YPR016W-A 0 0
YPR017C 8 2081
YPR018W 0 0
YPR019W 1 1
YPR020W 1 4
YPR021C 0 0
YPR022C 7 231
YPR023C 4 7
YPR024W 3 10
YPR025C 8 139
YPR026W 0 0
YPR027C 0 0
YPR028W 2 32
YPR029C 0 0
YPR030W 3 190
YPR031W 1 2
YPR032W 2 4
YPR033C 3 23
YPR034W 1 15
YPR035W 0 0
YPR036W 11 1145
YPR036W-A 4 21
YPR037C 2 66
YPR038W 3 81
YPR039W 4 42
YPR040W 10 179
YPR041W 3 31
YPR042C 1 23
YPR043W 2 583
YPR044C 2 3
YPR045C 6 263
YPR046W 12 4441
YPR047W 0 0
YPR048W 3 186
YPR049C 2 13
YPR050C 4 135
YPR051W 2 7
YPR052C 4 4451
YPR053C 0 0
YPR054W 1 2
YPR055W 0 0
YPR056W 3 213
YPR057W 5 151
YPR058W 1 9
YPR059C 2 138
YPR060C 0 0
YPR061C 6 82
YPR062W 5 122
YPR063C 2 30
YPR064W 2 3
YPR065W 0 0
YPR066W 0 0
YPR067W 4 64
YPR068C 4 186
YPR069C 1 10
YPR070W 1 6
YPR071W 1 1
YPR072W 0 0
YPR073C 2 4
YPR074C 6 570
YPR074W-A 4 39
YPR075C 3 214
YPR076W 0 0
YPR077C 1 1
YPR078C 1 1
YPR079W 0 0
YPR080W 1 1
YPR081C 1 7
YPR082C 11 3970
YPR083W 4 218
YPR084W 0 0
YPR085C 1 8
YPR086W 4 112
YPR087W 3 6
YPR088C 0 0
YPR089W 3 73
YPR091C 6 600
YPR092W 1 19
YPR093C 1 5
YPR094W 2 85
YPR095C 0 0
YPR096C 0 0
YPR097W 1 26
YPR098C 9 605
YPR099C 2 4
YPR100W 2 7
YPR101W 7 171
YPR102C 0 0
YPR103W 1 1
YPR104C 0 0
YPR105C 5 390
YPR106W 1 57
YPR107C 0 0
YPR108W 2 7
YPR108W-A 1 3
YPR109W 1 27
YPR110C 1 2
YPR111W 5 34
YPR112C 2 215
YPR113W 1 106
YPR114W 1 3
YPR115W 0 0
YPR116W 4 22
YPR117W 1 1
YPR118W 7 152
YPR119W 3 169
YPR120C 0 0
YPR121W 1 11
YPR122W 3 180
YPR123C 0 0
YPR124W 2 43
YPR125W 0 0
YPR126C 4 22
YPR127W 7 1441
YPR128C 0 0
YPR129W 3 34
YPR130C 1 62
YPR131C 6 404
YPR132W 4 21
YPR133C 0 0
YPR133W-A 2 9
YPR134W 1 20
YPR135W 1 10
YPR136C 0 0
YPR137W 2 41
YPR138C 0 0
YPR139C 1 25
YPR140W 0 0
YPR141C 0 0
YPR142C 0 0
YPR143W 4 359
YPR144C 1 22
YPR145W 3 37
YPR145C-A 5 86
YPR146C 1 82
YPR147C 1 2
YPR148C 4 298
YPR149W 4 466
YPR150W 2 71
YPR151C 8 156
YPR152C 6 801
YPR153W 3 32
YPR154W 2 37
YPR155C 1 97
YPR156C 2 4
YPR157W 1 12
YPR158W 5 53
YPR159W 2 68
YPR159C-A 8 179
YPR160W 2 327
YPR160W-A 2 65
YPR160C-A 1 6
YPR161C 0 0
YPR162C 5 68
YPR163C 1 4
YPR164W 2 7
YPR165W 0 0
YPR166C 3 285
YPR167C 4 107
YPR168W 2 72
YPR169W 5 440
YPR170C 3 22
YPR169W-A 8 618
YPR170W-B 8 618
YPR170W-A 3 22
YPR171W 2 280
YPR172W 1 2
YPR173C 3 26
YPR174C 5 198
YPR175W 1 2
YPR176C 7 1158
YPR177C 5 365
YPR178W 4 301
YPR179C 2 17
YPR180W 3 309
YPR181C 3 63
YPR182W 2 3
YPR183W 5 2264
YPR184W 2 8
YPR185W 1 1
YPR186C 5 64
YPR187W 8 103
YPR188C 9 128
YPR189W 2 3
YPR190C 4 62
YPR191W 4 43
YPR192W 1 10
YPR193C 1 2
YPR194C 0 0
YPR195C 4 76
YPR196W 9 362
YPR197C 0 0
YPR198W 1 1
YPR199C 9 2138
YPR200C 0 0
YPR201W 0 0
YPR202W 0 0
YPR203W 0 0
YPR204W 0 0
YPR204C-A 0 0
