YAL069W 20 579
YAL068W-A 13 1378
YAL068C 3 27
YAL067W-A 6 316
YAL067C 19 394
YAL066W 4 31
YAL065C 6 135
YAL064W-B 1 2
YAL064C-A 2 80
YAL064W 1 5
YAL063C-A 0 0
YAL063C 14 769
YAL062W 69 6668
YAL061W 64 12936
YAL060W 41 1771
YAL059C-A 8 238
YAL059W 12 347
YAL058W 31 3280
YAL056C-A 8 99
YAL056W 63 3881
YAL055W 15 863
YAL054C 64 4558
YAL053W 36 1270
YAL051W 48 1821
YAL049C 11 140
YAL048C 42 1312
YAL047W-A 10 470
YAL047C 19 1690
YAL046C 9 97
YAL045C 7 181
YAL044W-A 9 358
YAL044C 27 534
YAL043C 29 1459
YAL042C-A 20 1399
YAL042W 39 2238
YAL041W 25 604
YAL040C 19 602
YAL039C 66 2582
YAL038W 29 1823
YAL037C-B 18 939
YAL037C-A 2 4
YAL037W 9 218
YAL036C 17 494
YAL035W 13 480
YAL034C-B 13 275
YAL034W-A 7 336
YAL034C 27 1628
YAL033W 7 441
YAL032C 15 410
YAL031W-A 4 165
YAL031C 22 754
YAL030W 6 548
YAL029C 51 2098
YAL028W 15 1209
YAL027W 18 443
YAL026C-A 2 5
YAL026C 33 1101
YAL025C 5 61
YAL024C 26 768
YAL023C 32 1361
YAL022C 17 268
YAL021C 34 825
YAL020C 24 1653
YAL019W-A 11 1013
YAL019W 21 511
YAL018C 14 420
YAL017W 49 1310
YAL016C-B 8 65
YAL016C-A 9 313
YAL016W 21 394
YAL015C 16 552
YAL014C 12 310
YAL013W 8 117
YAL012W 25 1095
YAL011W 9 189
YAL010C 12 155
YAL009W 5 74
YAL008W 13 3017
YAL007C 12 44224
YAL005C 32 2180
YAL004W 7 188
YAL003W 10 137
YAL002W 59 22555
YAL001C 115 6635
YAR002W 60 2826
YAR002C-A 20 444
YAR003W 41 2336
YAR007C 14 159
YAR008W 14 393
YAR014C 19 614
YAR015W 10 299
YAR018C 14 572
YAR019C 23 11385
YAR019W-A 7 178
YAR020C 0 0
YAR023C 11 475
YAR027W 16 251
YAR028W 21 1268
YAR029W 0 0
YAR030C 4 45
YAR031W 8 62
YAR033W 4 89
YAR035W 95 5182
YAR035C-A 2 6
YAR042W 43 2007
YAR047C 0 0
YAR050W 22 341
YAR053W 0 0
YAR060C 0 0
YAR064W 1 1
YAR066W 0 0
YAR068W 0 0
YAR069C 0 0
YAR070C 0 0
YAR071W 1 2
YAR073W 9 364
YAR075W 2 5
YBL113C 0 0
YBL113W-A 0 0
YBL112C 0 0
YBL111C 0 0
YBL109W 17 4691
YBL108C-A 0 0
YBL108W 17 3093
YBL107W-A 0 0
YBL107C 8 98
YBL106C 37 917
YBL105C 34 1247
YBL104C 61 2859
YBL103C 16 492
YBL102W 4 82
YBL101C 48 1382
YBL100W-C 7 81
YBL100C 5 20
YBL099W 22 620
YBL098W 26 653
YBL097W 25 802
YBL096C 11 223
YBL095W 18 633
YBL094C 2 188
YBL093C 23 256
YBL092W 0 0
YBL091C-A 12 296
YBL091C 25 2116
YBL090W 4 66
YBL089W 16 251
YBL088C 97 2708
YBL087C 6 218
YBL086C 4 17
YBL085W 19 261
YBL084C 15 315
YBL083C 3 11
YBL082C 27 599
YBL081W 16 389
YBL080C 27 851
YBL079W 40 1812
YBL078C 0 0
YBL077W 16 374
YBL076C 36 907
YBL075C 26 749
YBL074C 19 288
YBL073W 16 873
YBL072C 5 102
YBL071C-B 2 2
YBL071W-A 2 5
YBL071C 5 144
YBL070C 8 679
YBL069W 28 1020
YBL068W-A 2 10
YBL068W 11 701
YBL067C 16 16993
YBL066C 52 1805
YBL065W 6 18
YBL064C 21 3812
YBL063W 36 991
YBL062W 4 103
YBL061C 30 608
YBL060W 30 1160
YBL059C-A 1 1
YBL059W 6 76
YBL058W 17 296
YBL057C 12 78
YBL056W 20 564
YBL055C 22 948
YBL054W 24 597
YBL053W 4 82
YBL052C 19 2240
YBL051C 20 622
YBL050W 9 48
YBL049W 7 281
YBL048W 2 4
YBL047C 45 1679
YBL046W 24 746
YBL045C 16 167
YBL044W 38 11469
YBL043W 9 177
YBL042C 31 439
YBL041W 9 91
YBL040C 11 345
YBL039W-B 3 10
YBL039C 11 66
YBL039C-A 0 0
YBL038W 12 570
YBL037W 43 1264
YBL036C 7 96
YBL035C 31 733
YBL034C 34 1014
YBL033C 13 356
YBL032W 23 355
YBL031W 26 1713
YBL030C 23 468
YBL029C-A 11 569
YBL029W 22 362
YBL028C 2 8
YBL027W 7 119
YBL026W 3 36
YBL025W 8 458
YBL024W 21 6550
YBL023C 27 1033
YBL022C 23 393
YBL021C 13 321
YBL020W 26 394
YBL019W 19 421
YBL018C 13 334
YBL017C 87 10760
YBL016W 30 901
YBL015W 66 8431
YBL014C 29 1027
YBL013W 63 2640
YBL012C 12 193
YBL011W 34 964
YBL010C 7 95
YBL009W 28 1280
YBL008W-A 4 72
YBL008W 31 1165
YBL007C 32 432
YBL006C 3 902
YBL006W-A 2 881
YBL005W 37 819
YBL004W 51 1388
YBL003C 6 311
YBL002W 20 444
YBL001C 26 4590
YBR001C 107 7300
YBR002C 22 340
YBR003W 26 1177
YBR004C 25 553
YBR005W 18 540
YBR006W 60 2266
YBR007C 32 970
YBR008C 48 1216
YBR009C 1 5
YBR010W 6 268
YBR011C 12 118
YBR012C 3 90
YBR013C 0 0
YBR014C 4 45
YBR015C 13 258
YBR016W 5 380
YBR017C 24 543
YBR018C 16 473
YBR019C 41 611
YBR020W 45 845
YBR021W 23 872
YBR022W 14 290
YBR023C 42 3292
YBR024W 11 340
YBR025C 22 293
YBR026C 16 461
YBR027C 12 262
YBR028C 11 282
YBR029C 19 394
YBR030W 10 76
YBR031W 6 462
YBR032W 31 30289
YBR033W 44 1066
YBR034C 35 1192
YBR035C 25 402
YBR036C 14 1025
YBR037C 22 541
YBR038W 42 1060
YBR039W 12 242
YBR040W 7 47
YBR041W 9 65
YBR042C 7 83
YBR043C 23 616
YBR044C 21 1265
YBR045C 20 532
YBR046C 10 190
YBR047W 15 386
YBR048W 7 235
YBR049C 37 969
YBR050C 22 814
YBR051W 10 1571
YBR052C 10 105
YBR053C 23 988
YBR054W 19 4215
YBR055C 30 514
YBR056W 18 224
YBR056W-A 5 548
YBR056C-B 5 548
YBR057C 11 345
YBR058C 22 444
YBR058C-A 3 10
YBR059C 31 693
YBR060C 13 260
YBR061C 24 538
YBR062C 6 528
YBR063C 7 111
YBR064W 2 60
YBR065C 7 191
YBR066C 12 161
YBR067C 1 1
YBR068C 27 3306
YBR069C 36 1024
YBR070C 22 486
YBR071W 11 356
YBR072W 11 277
YBR072C-A 4 107
YBR073W 26 525
YBR074W 49 1909
YBR076W 14 110
YBR076C-A 14 427
YBR077C 7 393
YBR078W 50 5216
YBR079C 27 522
YBR080C 17 248
YBR081C 39 1012
YBR082C 21 237
YBR083W 28 472
YBR084W 31 1485
YBR084C-A 8 413
YBR085W 11 134
YBR085C-A 5 47
YBR086C 31 462
YBR087W 11 575
YBR088C 12 158
YBR089W 10 97
YBR089C-A 15 163
YBR090C 25 575
YBR091C 6 72
YBR092C 14 430
YBR093C 19 266
YBR094W 32 1930
YBR095C 7 27
YBR096W 7 30
YBR097W 34 1122
YBR098W 31 837
YBR099C 3 35
YBR101C 4 28
YBR102C 34 597
YBR103W 16 210
YBR103C-A 9 391
YBR104W 15 534
YBR105C 7 459
YBR106W 8 156
YBR107C 9 320
YBR108W 30 424
YBR109C 1 8
YBR109W-A 9 181
YBR110W 4 39
YBR111C 19 1106
YBR111W-A 5 66
YBR112C 25 308
YBR113W 9 70
YBR114W 28 824
YBR115C 58 4217
YBR116C 18 1612
YBR117C 53 1303
YBR118W 0 0
YBR119W 6 114
YBR120C 3 150
YBR121C 2 39
YBR121C-A 0 0
YBR122C 6 143
YBR123C 12 109
YBR124W 10 296
YBR125C 19 2441
YBR126C 30 778
YBR126W-A 9 309
YBR126W-B 8 316
YBR127C 15 194
YBR128C 18 538
YBR129C 8 166
YBR130C 7 122
YBR131W 21 242
YBR131C-A 0 0
YBR132C 29 1356
YBR133C 48 836
YBR134W 17 453
YBR135W 1 13
YBR136W 50 1191
YBR137W 17 542
YBR138C 21 464
YBR139W 36 647
YBR140C 85 2364
YBR141C 16 492
YBR141W-A 0 0
YBR142W 37 861
YBR143C 12 80
YBR144C 18 542
YBR145W 16 172
YBR146W 9 414
YBR147W 12 217
YBR148W 24 1994
YBR149W 22 1296
YBR150C 40 655
YBR151W 24 323
YBR152W 14 374
YBR153W 14 291
YBR154C 1 1
YBR155W 5 49
YBR156C 15 357
YBR157C 14 2479
YBR158W 14 96
YBR159W 17 305
YBR160W 15 303
YBR161W 5 31
YBR162C 29 481
YBR162W-A 1 2
YBR163W 18 464
YBR164C 5 106
YBR165W 6 136
YBR166C 17 1180
YBR167C 5 157
YBR168W 10 474
YBR169C 34 559
YBR170C 34 1101
YBR171W 7 203
YBR172C 32 1305
YBR173C 6 247
YBR174C 7 401
YBR175W 16 975
YBR176W 12 5474
YBR177C 26 675
YBR178W 14 1069
YBR179C 28 408
YBR180W 12 287
YBR181C 4 45
YBR182C 16 218
YBR182C-A 3 168
YBR183W 20 409
YBR184W 11 208
YBR185C 11 512
YBR186W 38 1195
YBR187W 5 61
YBR188C 10 110
YBR189W 4 29
YBR190W 2 3
YBR191W 2 18
YBR191W-A 0 0
YBR192W 7 164
YBR193C 3 39
YBR194W 7 85
YBR195C 13 281
YBR196C 17 382
YBR196C-A 7 254
YBR196C-B 3 53
YBR197C 19 587
YBR198C 14 171
YBR199W 29 518
YBR200W 13 465
YBR200W-A 0 0
YBR201W 7 43
YBR201C-A 6 206
YBR202W 36 1598
YBR203W 46 930
YBR204C 10 159
YBR205W 17 2226
YBR206W 5 120
YBR207W 23 488
YBR208C 74 1667
YBR209W 15 570
YBR210W 3 38
YBR211C 15 534
YBR212W 24 1023
YBR213W 29 627
YBR214W 33 1024
YBR215W 18 460
YBR216C 18 573
YBR217W 9 80
YBR218C 46 891
YBR219C 31 943
YBR220C 24 1252
YBR221C 14 362
YBR221W-A 4 53
YBR222C 30 274
YBR223C 16 215
YBR223W-A 5 130
YBR224W 4 80
YBR225W 22 205
YBR226C 4 58
YBR227C 7 147
YBR228W 18 1765
YBR229C 37 546
YBR230C 6 85
YBR230W-A 21 748
YBR231C 19 289
YBR232C 2 42
YBR233W 16 144
YBR233W-A 2 7
YBR234C 15 427
YBR235W 73 1887
YBR236C 13 149
YBR237W 20 204
YBR238C 16 277
YBR239C 51 1717
YBR240C 18 287
YBR241C 43 1002
YBR242W 20 2049
YBR243C 7 140
YBR244W 6 33
YBR245C 38 819
YBR246W 18 278
YBR247C 2 4
YBR248C 30 6023
YBR249C 15 462
YBR250W 13 421
YBR251W 17 612
YBR252W 7 62
YBR253W 5 111
YBR254C 4 36
YBR255W 29 1017
YBR255C-A 4 578
YBR256C 12 147
YBR257W 8 58
YBR258C 3 46
YBR259W 23 303
YBR260C 45 861
YBR261C 18 685
YBR262C 7 77
YBR263W 18 573
YBR264C 10 281
YBR265W 7 39
YBR267W 13 234
YBR266C 2 28
YBR268W 2 5
YBR269C 10 220
YBR270C 17 1278
YBR271W 18 325
YBR272C 12 372
YBR273C 15 238
YBR274W 14 608
YBR275C 63 3716
YBR276C 36 1197
YBR277C 4 30
YBR278W 12 327
YBR279W 14 674
YBR280C 37 1566
YBR281C 25 908
YBR282W 8 44
YBR283C 22 376
YBR284W 41 1900
YBR285W 1 1
YBR286W 39 1088
YBR287W 20 280
YBR288C 21 1658
YBR289W 19 333
YBR290W 10 106
YBR291C 26 642
YBR292C 6 323
YBR293W 13 707
YBR294W 45 1326
YBR295W 68 3500
YBR296C 30 685
YBR296C-A 11 537
YBR297W 27 1300
YBR298C 37 641
YBR298C-A 13 467
YBR299W 8 190
YBR300C 3 6
YBR301W 3 131
YBR302C 0 0
YCL076W 7 84
YCL073C 8 231
YCL069W 3 231
YCL068C 0 0
YCL067C 0 0
YCL066W 0 0
YCL065W 3 61
YCL064C 14 395
YCL063W 19 341
YCL061C 22 276
YCL059C 7 84
YCL058C 16 232
YCL058W-A 7 166
YCL057C-A 12 369
YCL057W 30 1074
YCL056C 1 2
YCL055W 11 225
YCL054W 13 512
YCL052C 11 402
YCL051W 13 312
YCL050C 16 380
YCL049C 9 6885
YCL048W-A 1 50
YCL048W 21 866
YCL047C 10 183
YCL045C 30 553
YCL046W 1 1
YCL044C 17 576
YCL043C 34 648
YCL041C 17 223
YCL042W 26 607
YCL040W 99 4680
YCL039W 58 1207
YCL038C 16 408
YCL037C 15 223
YCL036W 34 1322
YCL035C 6 150
YCL034W 25 639
YCL033C 4 33
YCL032W 17 962
YCL031C 7 103
YCL030C 25 421
YCL029C 32 1831
YCL028W 15 251
YCL027W 24 458
YCL026C-B 1 18
YCL026C-A 9 1431
YCL025C 54 1284
YCL023C 11 105
YCL024W 47 1450
YCL022C 6 68
YCL021W-A 8 390
YCL018W 15 456
YCL017C 21 839
YCL016C 14 419
YCL014W 48 1668
YCL012C 7 168
YCL011C 26 587
YCL010C 27 644
YCL009C 18 270
YCL008C 29 1577
YCL007C 6 102
YCL005W-A 8 94
YCL005W 12 2133
YCL004W 11 871
YCL002C 14 804
YCL001W 5 244
YCL001W-A 0 0
YCL001W-B 8 151
YCR001W 14 317
YCR002C 15 77
YCR003W 20 814
YCR004C 10 1486
YCR005C 41 2201
YCR006C 34 15033
YCR007C 5 61
YCR008W 26 800
YCR009C 5 392
YCR010C 18 289
YCR011C 80 2893
YCR012W 9 370
YCR013C 6 314
YCR014C 22 1115
YCR015C 11 449
YCR016W 7 169
YCR017C 44 1866
YCR018C 10 345
YCR018C-A 6 56
YCR019W 23 527
YCR020C 12 170
YCR020C-A 3 30
YCR020W-B 0 0
YCR021C 25 884
YCR022C 20 637
YCR023C 39 1765
YCR024C 10 42
YCR024C-B 12 566
YCR024C-A 2 24
YCR025C 10 1099
YCR026C 48 2174
YCR027C 2 18
YCR028C 18 522
YCR028C-A 4 14
YCR030C 36 1524
YCR031C 17 249
YCR032W 61 1651
YCR033W 45 1351
YCR034W 4 48
YCR035C 3 32
YCR036W 20 569
YCR037C 18 333
YCR038C 5 41
YCR038W-A 0 0
YCR039C 0 0
YCR040W 0 0
YCR041W 3 33
YCR042C 44 1088
YCR043C 9 2050
YCR044C 16 395
YCR045C 20 193
YCR045W-A 7 42
YCR046C 13 366
YCR047C 10 224
YCR047W-A 5 62
YCR049C 14 390
YCR048W 39 1298
YCR050C 3 18
YCR051W 14 539
YCR052W 10 258
YCR053W 9 275
YCR054C 13 649
YCR057C 27 658
YCR059C 27 781
YCR060W 7 99
YCR061W 54 4068
YCR064C 14 152
YCR063W 15 1029
YCR065W 30 1894
YCR066W 10 519
YCR067C 33 828
YCR068W 26 337
YCR069W 15 310
YCR071C 13 517
YCR072C 18 280
YCR073C 36 1753
YCR073W-A 19 1359
YCR075C 8 152
YCR075W-A 1 4
YCR076C 12 93
YCR077C 24 428
YCR079W 22 346
YCR081W 47 1881
YCR081C-A 4 113
YCR082W 7 183
YCR083W 9 590
YCR084C 28 919
YCR085W 2 27
YCR086W 9 115
YCR087W 9 437
YCR087C-A 7 406
YCR088W 25 793
YCR089W 25 1730
YCR090C 7 116
YCR091W 36 1643
YCR092C 14 357
YCR093W 52 1341
YCR094W 7 65
YCR095C 8 112
YCR095W-A 1 10
YCR096C 0 0
YCR097W 4 134
YCR097W-A 2 6
YCR098C 13 155
YCR099C 2 125
YCR100C 17 601
YCR101C 4 61
YCR102C 28 891
YCR102W-A 0 0
YCR104W 3 53
YCR105W 36 1762
YCR106W 33 1128
YCR107W 14 149
YCR108C 9 852
YDL248W 3 132
YDL247W-A 0 0
YDL247W 0 0
YDL246C 0 0
YDL245C 2 10
YDL244W 8 139
YDL243C 14 327
YDL242W 11 633
YDL241W 3 46
YDL240C-A 19 12483
YDL240W 32 1060
YDL239C 10 498
YDL238C 28 821
YDL237W 10 94
YDL236W 6 455
YDL235C 3 17
YDL234C 23 456
YDL233W 9 226
YDL232W 3 32
YDL231C 67 2965
YDL230W 14 219
YDL229W 14 2848
YDL228C 3 249
YDL227C 9 1410
YDL226C 7 67
YDL225W 13 364
YDL224C 17 89
YDL223C 49 882
YDL222C 37 1072
YDL221W 50 1952
YDL220C 92 3568
YDL219W 4 65
YDL218W 32 643
YDL217C 9 291
YDL216C 19 549
YDL215C 63 10664
YDL214C 38 726
YDL213C 14 476
YDL212W 1 23
YDL211C 7 71
YDL210W 15 165
YDL209C 12 294
YDL208W 7 23
YDL207W 6 197
YDL206W 22 460
YDL205C 15 223
YDL204W 30 918
YDL203C 15 407
YDL202W 5 182
YDL201W 20 651
YDL200C 11 813
YDL199C 19 515
YDL198C 15 195
YDL197C 28 2015
YDL196W 15 354
YDL195W 14 228
YDL194W 18 390
YDL193W 10 148
YDL192W 19 276
YDL191W 3 93
YDL190C 35 725
YDL189W 12 158
YDL188C 15 1397
YDL187C 2 41
YDL186W 10 714
YDL185C-A 1 21
YDL185W 32 477
YDL184C 1 3
YDL183C 20 633
YDL182W 27 1947
YDL181W 7 149
YDL180W 20 389
YDL179W 8 36
YDL178W 26 2349
YDL177C 7 142
YDL176W 26 595
YDL175C 12 160
YDL174C 35 732
YDL173W 9 207
YDL172C 4 106
YDL171C 95 3999
YDL170W 22 189
YDL169C 11 225
YDL168W 20 1068
YDL167C 15 441
YDL166C 7 45
YDL165W 6 146
YDL164C 27 867
YDL163W 4 32
YDL162C 10 561
YDL161W 16 326
YDL160C-A 5 229
YDL160C 21 286
YDL159W-A 9 222
YDL159W 25 1579
YDL159C-B 0 0
YDL158C 6 91
YDL157C 3 18
YDL156W 30 1332
YDL155W 23 655
YDL154W 29 726
YDL153C 7 118
YDL152W 1 5
YDL151C 4 79
YDL150W 12 502
YDL149W 16 851
YDL148C 24 478
YDL147W 15 203
YDL146W 10 223
YDL145C 36 680
YDL144C 22 930
YDL143W 21 615
YDL142C 21 712
YDL141W 25 403
YDL140C 62 1223
YDL139C 8 24
YDL138W 42 1253
YDL137W 25 3981
YDL136W 8 75
YDL135C 7 423
YDL134C 12 358
YDL133C-A 0 0
YDL133W 17 321
YDL132W 28 435
YDL131W 33 2401
YDL130W-A 2 38
YDL130W 8 890
YDL129W 12 569
YDL128W 15 352
YDL127W 36 1185
YDL126C 41 867
YDL125C 15 310
YDL124W 25 571
YDL123W 5 118
YDL122W 35 1194
YDL121C 9 696
YDL120W 2 2
YDL119C 19 644
YDL118W 7 367
YDL117W 38 620
YDL116W 18 435
YDL115C 25 476
YDL114W-A 2 27
YDL114W 8 734
YDL113C 25 324
YDL112W 47 698
YDL111C 13 230
YDL110C 15 196
YDL109C 27 483
YDL108W 12 232
YDL107W 18 708
YDL106C 27 656
YDL105W 10 121
YDL104C 23 1046
YDL103C 11 159
YDL102W 29 415
YDL101C 12 255
YDL100C 19 579
YDL099W 14 211
YDL098C 9 125
YDL097C 25 466
YDL096C 4 68
YDL095W 35 748
YDL094C 17 261
YDL093W 27 410
YDL092W 8 539
YDL091C 15 357
YDL090C 7 83
YDL089W 30 583
YDL088C 18 482
YDL087C 4 36
YDL086W 34 1262
YDL086C-A 21 1071
YDL085C-A 6 66
YDL085W 36 1453
YDL084W 9 45
YDL083C 1 4
YDL082W 7 493
YDL081C 0 0
YDL080C 24 254
YDL079C 37 1031
YDL078C 15 232
YDL077C 33 486
YDL076C 11 440
YDL075W 1 2
YDL074C 18 387
YDL073W 15 161
YDL072C 11 205
YDL071C 5 38
YDL070W 11 180
YDL069C 9 326
YDL068W 7 189
YDL067C 4 63
YDL066W 23 469
YDL065C 19 390
YDL064W 14 680
YDL063C 21 547
YDL062W 6 110
YDL061C 2 4
YDL060W 22 505
YDL059C 13 250
YDL058W 29 519
YDL057W 20 552
YDL056W 24 536
YDL055C 16 193
YDL054C 43 716
YDL053C 5 121
YDL052C 19 418
YDL051W 10 1205
YDL050C 4 301
YDL049C 40 2370
YDL048C 45 1692
YDL047W 11 299
YDL046W 9 206
YDL045W-A 4 45
YDL045C 3 46
YDL044C 15 248
YDL043C 8 214
YDL042C 31 1499
YDL041W 14 1294
YDL040C 23 711
YDL039C 30 811
YDL037C 12 342
YDL036C 17 5385
YDL035C 25 410
YDL034W 5 98
YDL033C 24 2063
YDL032W 2 1673
YDL031W 15 473
YDL030W 15 189
YDL029W 9 67
YDL028C 27 614
YDL027C 8 265
YDL026W 2 12
YDL025C 13 307
YDL025W-A 0 0
YDL024C 25 830
YDL022C-A 5 286
YDL023C 13 175
YDL022W 38 1308
YDL021W 19 329
YDL020C 10 76
YDL019C 58 1937
YDL018C 5 41
YDL017W 16 400
YDL016C 3 180
YDL015C 4 33
YDL014W 15 448
YDL013W 11 230
YDL012C 5 46
YDL011C 2 30
YDL010W 4 37
YDL009C 2 3
YDL008W 7 189
YDL007C-A 0 0
YDL007W 14 188
YDL006W 16 441
YDL005C 9 73
YDL004W 1 3
YDL003W 21 1108
YDL002C 12 141
YDL001W 44 1932
YDR001C 108 5022
YDR002W 7 44
YDR003W 19 365
YDR003W-A 3 393
YDR004W 22 282
YDR005C 14 776
YDR006C 21 449
YDR007W 14 440
YDR008C 13 150
YDR009W 40 1161
YDR010C 38 20489
YDR011W 74 1826
YDR012W 4 56
YDR013W 0 0
YDR014W 10 103
YDR014W-A 6 88
YDR015C 3 44
YDR016C 2 9
YDR017C 37 1926
YDR018C 30 1033
YDR019C 20 431
YDR020C 16 553
YDR021W 8 50
YDR022C 15 348
YDR023W 10 208
YDR024W 8 229
YDR025W 3 29
YDR026C 30 2752
YDR027C 18 349
YDR028C 37 459
YDR029W 0 0
YDR030C 26 1820
YDR031W 1 24
YDR032C 11 109
YDR033W 22 613
YDR034C 22 505
YDR034C-A 0 0
YDR034W-B 0 0
YDR035W 17 2547
YDR036C 7 45
YDR037W 34 564
YDR038C 6 106
YDR039C 0 0
YDR040C 3 36
YDR041W 8 522
YDR042C 1 2
YDR043C 11 219
YDR044W 14 403
YDR045C 9 162
YDR046C 21 1174
YDR047W 20 452
YDR048C 11 303
YDR049W 18 338
YDR050C 3 30
YDR051C 23 782
YDR052C 10 59
YDR053W 1 25
YDR054C 11 177
YDR055W 9 186
YDR056C 4 57
YDR057W 18 552
YDR058C 6 165
YDR059C 13 108
YDR060W 20 261
YDR061W 22 995
YDR062W 13 93
YDR063W 9 189
YDR064W 3 7
YDR065W 10 205
YDR066C 13 1545
YDR067C 13 298
YDR068W 3 9
YDR069C 28 563
YDR070C 2 4
YDR071C 19 400
YDR072C 50 1620
YDR073W 13 84
YDR074W 48 1178
YDR075W 10 1893
YDR076W 62 2105
YDR077W 36 833
YDR078C 13 166
YDR079W 5 298
YDR079C-A 6 63
YDR080W 27 462
YDR081C 15 162
YDR082W 17 502
YDR083W 9 88
YDR084C 5 11
YDR085C 29 1198
YDR086C 0 0
YDR087C 5 8
YDR088C 9 143
YDR089W 29 515
YDR090C 17 331
YDR091C 21 609
YDR092W 12 154
YDR093W 127 11429
YDR094W 27 2834
YDR095C 34 4058
YDR096W 16 248
YDR097C 20 302
YDR098C 19 498
YDR099W 18 254
YDR100W 12 1575
YDR101C 13 481
YDR102C 6 21
YDR103W 18 1050
YDR104C 37 688
YDR105C 12 233
YDR106W 17 281
YDR107C 9 74
YDR108W 24 412
YDR109C 22 957
YDR110W 24 1023
YDR111C 20 520
YDR112W 4 192
YDR113C 9 354
YDR114C 14 235
YDR115W 1 9
YDR116C 9 174
YDR117C 23 366
YDR118W 15 572
YDR118W-A 2 2
YDR119W 38 2575
YDR119W-A 6 1646
YDR120C 25 463
YDR121W 4 186
YDR122W 23 276
YDR123C 15 292
YDR124W 14 85
YDR125C 10 294
YDR126W 13 398
YDR127W 47 1029
YDR128W 45 2194
YDR129C 18 791
YDR130C 6 65
YDR131C 19 437
YDR132C 31 1037
YDR133C 0 0
YDR135C 64 2058
YDR136C 36 1407
YDR137W 20 624
YDR138W 26 1174
YDR139C 3 97
YDR140W 8 121
YDR141C 31 595
YDR142C 13 170
YDR143C 15 495
YDR144C 28 510
YDR145W 3 26
YDR146C 26 532
YDR147W 24 550
YDR148C 16 176
YDR149C 5 84
YDR150W 87 2148
YDR151C 13 193
YDR152W 4 41
YDR153C 15 220
YDR154C 6 1019
YDR155C 12 296
YDR156W 9 58
YDR157W 19 709
YDR158W 11 189
YDR159W 32 1124
YDR160W 18 251
YDR161W 3 34
YDR162C 2 4
YDR163W 10 1346
YDR164C 22 645
YDR165W 9 83
YDR166C 22 332
YDR167W 9 240
YDR168W 13 188
YDR169C 8 30
YDR169C-A 7 1647
YDR170C 57 1446
YDR171W 8 123
YDR172W 31 382
YDR173C 16 692
YDR174W 17 131
YDR175C 7 144
YDR176W 22 291
YDR177W 17 1527
YDR178W 16 1001
YDR179C 7 198
YDR179W-A 13 111
YDR180W 33 1640
YDR181C 8 64
YDR182W 20 335
YDR182W-A 2 3
YDR183W 5 82
YDR183C-A 2 86
YDR184C 5 24
YDR185C 11 229
YDR186C 37 980
YDR187C 22 1707
YDR188W 31 1498
YDR189W 26 437
YDR190C 11 199
YDR191W 14 283
YDR192C 11 101
YDR193W 5 14
YDR194C 18 253
YDR194W-A 2 6
YDR195W 17 152
YDR196C 6 57
YDR197W 13 186
YDR198C 9 368
YDR199W 3 13
YDR200C 19 293
YDR201W 6 83
YDR202C 14 388
YDR203W 5 214
YDR204W 23 345
YDR205W 29 644
YDR206W 19 417
YDR207C 41 669
YDR208W 39 1206
YDR209C 5 37
YDR210W 2 32
YDR211W 19 378
YDR212W 13 158
YDR213W 26 1655
YDR214W 41 3059
YDR215C 50 4780
YDR216W 42 792
YDR217C 49 2000
YDR218C 9 133
YDR219C 6 45
YDR220C 8 2091
YDR221W 38 1075
YDR222W 12 198
YDR223W 18 445
YDR224C 2 48
YDR225W 9 154
YDR226W 12 233
YDR227W 26 680
YDR228C 9 164
YDR229W 31 356
YDR230W 7 192
YDR231C 18 329
YDR232W 23 215
YDR233C 15 372
YDR234W 42 1255
YDR235W 2 112
YDR236C 10 363
YDR237W 7 52
YDR238C 20 1531
YDR239C 24 903
YDR240C 8 102
YDR241W 10 314
YDR242W 32 556
YDR243C 14 392
YDR244W 41 901
YDR245W 11 222
YDR246W 19 697
YDR246W-A 23 10746
YDR247W 22 558
YDR248C 9 172
YDR249C 13 440
YDR250C 15 244
YDR251W 26 977
YDR252W 3 47
YDR253C 12 256
YDR254W 20 375
YDR255C 12 86
YDR256C 31 1132
YDR257C 11 170
YDR258C 41 2500
YDR259C 14 223
YDR260C 37 9974
YDR261C 35 1225
YDR262W 8 449
YDR263C 17 351
YDR264C 29 707
YDR265W 2 12
YDR266C 32 462
YDR267C 13 168
YDR268W 17 290
YDR269C 1 86
YDR270W 34 787
YDR271C 7 308
YDR272W 16 293
YDR273W 11 42
YDR274C 47 13714
YDR275W 22 367
YDR276C 7 1145
YDR277C 37 1708
YDR278C 11 162
YDR279W 15 187
YDR280W 9 125
YDR281C 0 0
YDR282C 20 479
YDR283C 62 1365
YDR284C 18 288
YDR285W 17 179
YDR286C 4 12
YDR287W 8 130
YDR288W 11 247
YDR289C 9 631
YDR290W 3 259
YDR291W 54 3688
YDR292C 22 449
YDR293C 56 912
YDR294C 24 686
YDR295C 13 1028
YDR296W 11 181
YDR297W 19 718
YDR298C 3 79
YDR299W 12 115
YDR300C 18 503
YDR301W 41 611
YDR302W 4 30
YDR303C 23 534
YDR304C 20 404
YDR305C 17 801
YDR306C 18 448
YDR307W 17 402
YDR308C 4 39
YDR309C 15 410
YDR310C 43 616
YDR311W 19 341
YDR312W 13 401
YDR313C 15 210
YDR314C 21 269
YDR315C 7 154
YDR316W 13 336
YDR317W 12 194
YDR318W 12 239
YDR319C 11 329
YDR320C 23 625
YDR320C-A 1 157
YDR320W-B 5 149
YDR321W 16 337
YDR322W 22 517
YDR322C-A 4 41
YDR323C 22 552
YDR324C 13 259
YDR325W 28 629
YDR326C 68 1704
YDR327W 5 106
YDR328C 14 239
YDR329C 21 513
YDR330W 27 532
YDR331W 16 181
YDR332W 17 368
YDR333C 33 923
YDR334W 49 1160
YDR335W 36 636
YDR336W 17 690
YDR337W 6 464
YDR338C 23 956
YDR339C 4 47
YDR340W 5 19
YDR341C 20 582
YDR342C 3 1325
YDR343C 3 452
YDR344C 20 748
YDR345C 40 2534
YDR346C 24 1462
YDR347W 13 194
YDR348C 23 1142
YDR349C 14 316
YDR350C 9 66
YDR351W 27 318
YDR352W 7 180
YDR353W 20 238
YDR354W 18 634
YDR354C-A 1 1
YDR355C 1 3
YDR356W 12 344
YDR357C 13 267
YDR358W 22 495
YDR359C 18 264
YDR360W 1 1
YDR361C 15 961
YDR362C 28 484
YDR363W 14 162
YDR363W-A 2 131
YDR364C 15 311
YDR365C 11 511
YDR366C 19 427
YDR367W 7 58
YDR368W 12 514
YDR369C 28 546
YDR370C 21 723
YDR371W 24 474
YDR371C-A 0 0
YDR372C 8 381
YDR373W 4 6
YDR374C 16 216
YDR374W-A 2 5
YDR375C 17 630
YDR376W 28 942
YDR377W 7 67
YDR378C 4 35
YDR379W 45 1035
YDR379C-A 5 41
YDR380W 40 1539
YDR381W 20 408
YDR381C-A 1 26
YDR382W 2 5
YDR383C 10 364
YDR384C 29 886
YDR385W 6 25
YDR386W 27 1727
YDR387C 19 615
YDR388W 17 453
YDR389W 26 262
YDR390C 17 583
YDR391C 9 2162
YDR392W 10 186
YDR393W 24 890
YDR394W 15 93
YDR395W 32 550
YDR396W 14 327
YDR397C 16 357
YDR398W 19 296
YDR399W 15 617
YDR400W 20 1355
YDR401W 11 272
YDR402C 19 399
YDR403W 29 959
YDR404C 8 110
YDR405W 33 555
YDR406W 123 8875
YDR406W-A 0 0
YDR407C 29 700
YDR408C 10 188
YDR409W 35 619
YDR410C 19 426
YDR411C 21 577
YDR412W 2 2
YDR413C 0 0
YDR414C 20 3908
YDR415C 24 1182
YDR416W 29 317
YDR417C 1 62
YDR418W 1 62
YDR419W 33 949
YDR420W 40 1150
YDR421W 37 846
YDR422C 32 3859
YDR423C 27 758
YDR424C 5 230
YDR425W 20 442
YDR426C 10 452
YDR427W 7 106
YDR428C 21 734
YDR429C 8 299
YDR430C 52 1574
YDR431W 8 57
YDR432W 30 734
YDR433W 13 335
YDR434W 15 230
YDR435C 13 342
YDR436W 41 684
YDR437W 12 1937
YDR438W 9 69
YDR439W 2 27
YDR440W 25 419
YDR441C 13 1311
YDR442W 11 382
YDR443C 61 2060
YDR444W 24 203
YDR445C 14 267
YDR446W 17 392
YDR447C 13 106
YDR448W 9 111
YDR449C 13 258
YDR450W 5 363
YDR451C 16 4378
YDR452W 36 618
YDR453C 20 962
YDR454C 1 6
YDR455C 11 286
YDR456W 32 751
YDR457W 115 21255
YDR458C 16 527
YDR459C 20 428
YDR460W 11 92
YDR461W 5 81
YDR461C-A 9 82
YDR462W 6 768
YDR463W 40 2353
YDR464W 15 222
YDR464C-A 0 0
YDR465C 9 130
YDR466W 27 3582
YDR467C 12 919
YDR468C 11 462
YDR469W 6 149
YDR470C 23 951
YDR471W 8 121
YDR472W 14 386
YDR473C 21 370
YDR475C 43 678
YDR476C 37 1358
YDR477W 28 524
YDR478W 9 358
YDR479C 28 2551
YDR480W 20 376
YDR481C 43 710
YDR482C 19 1759
YDR483W 16 250
YDR484W 13 121
YDR485C 20 446
YDR486C 8 99
YDR487C 8 46
YDR488C 50 4828
YDR489W 13 749
YDR490C 39 2609
YDR491C 27 1539
YDR492W 14 458
YDR493W 10 131
YDR494W 6 97
YDR495C 17 356
YDR496C 19 424
YDR497C 44 1053
YDR498C 10 205
YDR499W 18 260
YDR500C 5 18
YDR501W 10 144
YDR502C 33 2442
YDR503C 21 541
YDR504C 3 21
YDR505C 9 99
YDR506C 41 7982
YDR507C 52 1276
YDR508C 42 728
YDR509W 8 218
YDR510W 5 95
YDR510C-A 1 5
YDR511W 11 447
YDR512C 30 946
YDR513W 8 342
YDR514C 13 64
YDR515W 7 94
YDR516C 17 1508
YDR517W 26 900
YDR518W 24 1392
YDR519W 3 93
YDR520C 21 388
YDR521W 5 131
YDR522C 14 302
YDR523C 25 393
YDR524C 17 551
YDR524W-C 4 38
YDR524C-B 5 81
YDR524C-A 10 159
YDR525W 23 903
YDR525W-A 13 951
YDR526C 11 303
YDR527W 28 1885
YDR528W 17 509
YDR529C 6 163
YDR530C 35 1386
YDR531W 22 484
YDR532C 6 119
YDR533C 7 119
YDR534C 14 513
YDR535C 52 2908
YDR536W 38 1705
YDR537C 8 257
YDR538W 13 345
YDR539W 12 543
YDR540C 5 41
YDR541C 21 255
YDR542W 4 94
YDR543C 12 1596
YDR544C 8 482
YDR545W 0 0
YDR545C-A 0 0
YEL077C 8 950
YEL077W-A 0 0
YEL076C-A 0 0
YEL076C 0 0
YEL075W-A 0 0
YEL075C 0 0
YEL074W 10 502
YEL073C 7 202
YEL072W 23 797
YEL071W 35 1963
YEL070W 15 773
YEL069C 45 1091
YEL068C 4 121
YEL067C 35 3544
YEL066W 20 205
YEL065W 51 1873
YEL064C 30 1387
YEL063C 16 530
YEL062W 23 650
YEL061C 29 820
YEL060C 30 475
YEL059C-A 8 123
YEL059W 20 2839
YEL058W 27 378
YEL057C 13 449
YEL056W 26 429
YEL055C 26 536
YEL054C 4 282
YEL053W-A 4 282
YEL053C 14 163
YEL052W 11 458
YEL051W 5 108
YEL050W-A 4 143
YEL050C 10 212
YEL049W 5 151
YEL048C 3 10
YEL047C 18 527
YEL046C 24 358
YEL045C 29 1581
YEL044W 10 625
YEL043W 34 1001
YEL042W 20 2797
YEL041W 34 884
YEL040W 40 803
YEL039C 8 63
YEL038W 17 203
YEL037C 25 973
YEL036C 22 398
YEL035C 24 10937
YEL034C-A 15 306
YEL034W 11 224
YEL033W 32 1748
YEL032W 57 895
YEL032C-A 4 19
YEL031W 40 830
YEL030C-A 1 7
YEL030W 11 103
YEL029C 7 92
YEL028W 4 22
YEL027W 4 35
YEL026W 1 2
YEL025C 50 1517
YEL024W 12 491
YEL023C 31 269
YEL022W 46 1074
YEL021W 58 1409
YEL020C-B 3 17
YEL020W-A 4 18
YEL020C 24 344
YEL019C 11 1889
YEL018C-A 10 223
YEL018W 20 523
YEL017C-A 0 0
YEL017W 13 336
YEL016C 28 5406
YEL015W 26 716
YEL014C 13 768
YEL013W 17 157
YEL012W 24 1646
YEL011W 55 4430
YEL010W 5 66
YEL009C-A 7 173
YEL009C 21 1331
YEL008W 36 23072
YEL008C-A 6 3316
YEL007W 20 749
YEL006W 28 1555
YEL005C 11 421
YEL004W 26 564
YEL003W 12 160
YEL002C 44 1988
YEL001C 23 1194
YER001W 58 1813
YER002W 2 18
YER003C 17 585
YER004W 19 1619
YER005W 58 2480
YER006W 15 483
YER006C-A 11 158
YER007W 14 286
YER007C-A 9 606
YER008C 28 436
YER009W 3 70
YER010C 15 677
YER011W 5 135
YER012W 5 29
YER013W 29 577
YER014W 15 317
YER014C-A 19 1444
YER015W 31 576
YER016W 14 520
YER017C 33 505
YER018C 28 1442
YER019W 28 621
YER019C-A 4 49
YER020W 24 583
YER021W 12 354
YER022W 32 652
YER023W 9 544
YER023C-A 2 3
YER024W 57 1800
YER025W 3 17
YER026C 7 108
YER027C 14 192
YER028C 24 4977
YER029C 8 529
YER030W 1 9
YER031C 9 127
YER032W 26 621
YER033C 16 679
YER034W 23 1862
YER035W 21 291
YER036C 30 1005
YER037W 14 161
YER038C 14 163
YER038W-A 4 15
YER039C 13 183
YER039C-A 2 1813
YER040W 13 181
YER041W 23 354
YER042W 16 803
YER043C 18 583
YER044C 13 210
YER044C-A 28 519
YER045C 19 298
YER046W 6 138
YER046W-A 4 11
YER047C 22 185
YER048C 19 284
YER048W-A 2 27
YER049W 18 308
YER050C 6 30
YER051W 24 338
YER052C 9 118
YER053C 23 1071
YER053C-A 1 11
YER054C 30 1225
YER055C 20 202
YER056C 32 331
YER056C-A 4 29
YER057C 5 444
YER058W 6 60
YER059W 14 224
YER060W 19 606
YER060W-A 23 409
YER061C 16 209
YER062C 9 165
YER063W 7 136
YER064C 11 241
YER065C 54 1543
YER066W 8 325
YER066C-A 11 291
YER067W 7 62
YER067C-A 5 31
YER068W 17 658
YER068C-A 22 2164
YER069W 61 1160
YER070W 37 805
YER071C 2 9
YER072W 4 116
YER073W 23 101
YER074W 5 262
YER074W-A 4 27
YER075C 22 400
YER076C 7 101
YER076W-A 2 16
YER077C 20 502
YER078C 21 427
YER078W-A 12 798
YER079W 17 391
YER079C-A 4 194
YER080W 18 489
YER081W 52 3067
YER082C 11 113
YER083C 16 713
YER084W 10 297
YER084W-A 2 89
YER085C 2 89
YER086W 22 258
YER087W 21 338
YER087C-A 7 276
YER087C-B 1 9
YER088C 59 2891
YER088C-A 27 5281
YER088W-B 6 373
YER089C 48 2507
YER090W 14 118
YER090C-A 0 0
YER091C 11 117
YER091C-A 16 1279
YER092W 11 299
YER093C 36 3536
YER093C-A 6 62
YER094C 5 22
YER095W 11 253
YER096W 12 398
YER097W 5 530
YER098W 26 624
YER099C 16 114
YER100W 5 16
YER101C 17 2020
YER102W 9 37
YER103W 21 381
YER104W 8 116
YER105C 49 5077
YER106W 5 20
YER107C 9 46
YER107W-A 2 47
YER109C 15 189
YER110C 25 392
YER111C 33 732
YER112W 0 0
YER113C 29 513
YER114C 40 898
YER115C 7 36
YER116C 12 312
YER117W 3 23
YER118C 12 177
YER119C 30 1878
YER119C-A 20 802
YER120W 7 284
YER121W 8 935
YER122C 10 285
YER123W 29 982
YER124C 9 97
YER125W 30 651
YER126C 7 147
YER127W 5 27
YER128W 13 363
YER129W 36 1510
YER130C 29 875
YER131W 5 43
YER132C 78 1384
YER133W 9 28
YER133W-A 2 56
YER134C 11 331
YER135C 12 403
YER136W 18 307
YER137C 14 294
YER137W-A 10 276
YER138W-A 1 23
YER139C 9 132
YER140W 38 1472
YER141W 12 459
YER142C 15 242
YER143W 17 15318
YER144C 49 3125
YER145C 53 9686
YER145C-A 14 462
YER146W 7 208
YER147C 62 1117
YER147C-A 8 505
YER148W 11 527
YER148W-A 10 246
YER149C 17 465
YER150W 12 240
YER151C 25 781
YER152C 22 632
YER152W-A 5 75
YER153C 27 306
YER154W 17 321
YER155C 69 1643
YER156C 24 555
YER157W 25 1377
YER158C 22 496
YER158W-A 4 16
YER159C 10 219
YER161C 6 195
YER162C 18 215
YER163C 24 608
YER164W 42 1029
YER165W 0 0
YER165C-A 1 1
YER166W 74 2172
YER167W 35 1102
YER168C 23 710
YER169W 46 1140
YER170W 12 514
YER171W 34 876
YER172C 46 677
YER172C-A 2 22
YER173W 16 558
YER174C 10 364
YER175C 34 2759
YER175W-A 3 17
YER176W 97 4846
YER177W 11 155
YER178W 26 665
YER179W 19 651
YER180C 9 269
YER180C-A 7 4969
YER181C 1 1
YER182W 9 44
YER183C 19 4407
YER184C 13 177
YER185W 15 304
YER186C 13 415
YER187W 7 204
YER188W 10 150
YER188C-A 9 126
YER189W 0 0
YER190W 3 60
YER190C-A 0 0
YER190C-B 0 0
YFL068W 0 0
YFL067W 0 0
YFL066C 0 0
YFL065C 0 0
YFL064C 0 0
YFL063W 10 583
YFL062W 2 14
YFL061W 1 22
YFL060C 2 49
YFL059W 7 424
YFL058W 5 183
YFL057C 2 105
YFL056C 5 62
YFL055W 36 1558
YFL054C 24 696
YFL053W 23 812
YFL052W 28 2581
YFL051C 19 637
YFL050C 29 909
YFL049W 17 670
YFL048C 21 442
YFL047W 32 986
YFL046W 18 546
YFL045C 3 7
YFL044C 19 605
YFL042C 30 2726
YFL041W-A 4 141
YFL041W 27 314
YFL040W 27 1427
YFL039C 5 37
YFL038C 23 525
YFL037W 20 719
YFL036W 29 1040
YFL034C-B 9 73
YFL034C-A 12 359
YFL034W 41 1461
YFL033C 88 3298
YFL032W 16 1391
YFL031W 17 409
YFL031C-A 0 0
YFL030W 32 1619
YFL029C 10 382
YFL028C 13 339
YFL027C 14 197
YFL026W 16 131
YFL025C 23 430
YFL024C 47 1520
YFL023W 25 1934
YFL022C 15 580
YFL021C-A 40 1127
YFL021W 35 948
YFL020C 2 4
YFL019C 0 0
YFL018C 20 362
YFL017W-A 2 368
YFL017C 7 42
YFL016C 35 480
YFL015W-A 12 413
YFL015C 28 870
YFL014W 13 1061
YFL013W-A 27 619
YFL013C 33 816
YFL012W-A 19 663
YFL012W 2 18
YFL011W 15 356
YFL010W-A 0 0
YFL010C 5 35
YFL009W 15 313
YFL008W 28 313
YFL007W 95 2090
YFL005W 8 113
YFL004W 17 352
YFL003C 56 1546
YFL002C 37 1444
YFL001W 60 1663
YFR001W 3 145
YFR002W 30 497
YFR003C 17 473
YFR004W 10 160
YFR005C 14 185
YFR006W 40 755
YFR007W 33 3633
YFR008W 3 34
YFR009W 21 721
YFR009W-A 0 0
YFR010W 31 3330
YFR010W-A 2 57
YFR011C 9 161
YFR012W 5 48
YFR012W-A 0 0
YFR013W 21 271
YFR014C 21 711
YFR015C 40 1143
YFR016C 50 1553
YFR017C 37 1538
YFR018C 79 5592
YFR019W 67 1657
YFR020W 4 28
YFR021W 33 710
YFR022W 37 1476
YFR023W 10 77
YFR024C-A 18 426
YFR025C 21 401
YFR026C 7 108
YFR027W 12 232
YFR028C 18 389
YFR029W 38 1413
YFR030W 21 437
YFR031C 35 728
YFR031C-A 7 66
YFR032C 8 53
YFR032C-A 4 24
YFR032C-B 9 845
YFR033C 27 348
YFR034C 57 4739
YFR034W-A 28 24297
YFR035C 32 24674
YFR036W 14 881
YFR036W-A 14 249
YFR037C 26 385
YFR038W 29 976
YFR039C 10 251
YFR040W 27 977
YFR041C 14 598
YFR042W 6 21
YFR043C 14 661
YFR044C 26 298
YFR045W 12 282
YFR046C 15 263
YFR047C 12 345
YFR048W 49 1646
YFR049W 6 535
YFR050C 12 247
YFR051C 33 1222
YFR052W 6 89
YFR052C-A 14 310
YFR053C 43 3406
YFR054C 3 31
YFR056C 11 707
YFR055W 17 466
YFR057W 7 148
YGL263W 13 171
YGL262W 8 65
YGL261C 3 9
YGL260W 2 5
YGL259W 3 379
YGL258W-A 2 15
YGL258W 3 83
YGL257C 26 420
YGL256W 15 902
YGL255W 22 625
YGL254W 36 951
YGL253W 29 1228
YGL252C 30 2703
YGL251C 37 827
YGL250W 15 1079
YGL249W 34 1289
YGL248W 15 277
YGL247W 8 89
YGL246C 15 1221
YGL245W 30 529
YGL244W 14 286
YGL243W 10 118
YGL242C 8 160
YGL241W 34 2631
YGL240W 8 137
YGL239C 8 381
YGL238W 31 949
YGL237C 12 126
YGL236C 38 1504
YGL235W 14 1059
YGL234W 33 1207
YGL233W 22 374
YGL232W 11 620
YGL231C 7 80
YGL230C 0 0
YGL229C 32 796
YGL228W 14 359
YGL227W 38 1210
YGL226C-A 4 15
YGL226W 5 1653
YGL225W 19 484
YGL224C 16 315
YGL223C 12 157
YGL222C 3 35
YGL221C 6 267
YGL220W 6 324
YGL219C 18 1137
YGL218W 11 965
YGL217C 8 58
YGL216W 49 1791
YGL215W 11 167
YGL214W 4 40
YGL213C 10 166
YGL212W 15 260
YGL211W 13 550
YGL210W 11 266
YGL209W 10 201
YGL208W 51 1783
YGL207W 22 691
YGL206C 61 1299
YGL205W 39 1867
YGL204C 5 19
YGL203C 36 1049
YGL202W 21 529
YGL201C 50 1435
YGL200C 22 585
YGL199C 8 167
YGL198W 12 234
YGL197W 35 375
YGL196W 25 918
YGL195W 94 2326
YGL194C-A 3 30
YGL194C 13 181
YGL193C 8 155
YGL192W 36 640
YGL191W 12 767
YGL190C 26 538
YGL189C 13 150
YGL188C-A 3 35
YGL188C 9 1470
YGL187C 22 584
YGL186C 29 529
YGL185C 28 505
YGL184C 34 976
YGL183C 4 56
YGL182C 6 66
YGL181W 17 462
YGL180W 34 1017
YGL179C 21 201
YGL178W 62 4882
YGL177W 17 844
YGL176C 15 631
YGL175C 10 220
YGL174W 14 858
YGL173C 53 2318
YGL172W 15 332
YGL171W 14 346
YGL170C 7 303
YGL169W 18 680
YGL168W 11 173
YGL167C 34 478
YGL166W 21 326
YGL165C 40 4777
YGL164C 13 252
YGL163C 30 399
YGL162W 17 489
YGL161C 29 706
YGL160W 23 390
YGL159W 7 44
YGL158W 21 679
YGL157W 21 4043
YGL156W 45 1335
YGL155W 19 570
YGL154C 13 275
YGL153W 18 210
YGL152C 19 3928
YGL151W 26 327
YGL150C 51 923
YGL149W 15 570
YGL148W 28 1631
YGL147C 12 489
YGL146C 24 529
YGL145W 20 872
YGL144C 24 354
YGL143C 14 226
YGL142C 16 290
YGL141W 39 866
YGL140C 23 535
YGL139W 31 591
YGL138C 6 13
YGL137W 33 770
YGL136C 14 687
YGL135W 9 56
YGL134W 28 502
YGL133W 49 897
YGL132W 1 8
YGL131C 38 526
YGL130W 4 40
YGL129C 9 95
YGL128C 5 23
YGL127C 8 67
YGL126W 105 25344
YGL125W 67 4914
YGL124C 15 528
YGL123W 3 5
YGL123C-A 0 0
YGL122C 19 251
YGL121C 11 49456
YGL120C 34 944
YGL119W 14 343
YGL118C 9 1135
YGL117W 24 771
YGL116W 27 458
YGL115W 12 488
YGL114W 19 661
YGL113W 14 556
YGL112C 6 19
YGL111W 9 348
YGL110C 29 401
YGL109W 8 79
YGL108C 5 17
YGL107C 17 311
YGL106W 3 4
YGL105W 16 254
YGL104C 15 287
YGL103W 18 261
YGL102C 11 208
YGL101W 7 35
YGL100W 11 258
YGL099W 12 124
YGL098W 4 39
YGL097W 27 924
YGL096W 12 458
YGL095C 17 405
YGL094C 39 707
YGL093W 21 341
YGL092W 27 178
YGL091C 15 605
YGL090W 10 187
YGL089C 4 39
YGL088W 16 227
YGL087C 25 2804
YGL086W 32 1253
YGL085W 20 754
YGL084C 14 381
YGL083W 23 349
YGL082W 20 289
YGL081W 17 830
YGL080W 6 60
YGL079W 8 171
YGL078C 12 201
YGL077C 26 1204
YGL076C 3 241
YGL075C 15 180
YGL074C 17 561
YGL073W 59 1887
YGL072C 26 1161
YGL071W 44 1280
YGL070C 7 190
YGL069C 7 120
YGL068W 7 120
YGL067W 10 147
YGL066W 25 453
YGL065C 9 73
YGL064C 28 284
YGL063W 105 23985
YGL063C-A 16 11466
YGL062W 70 1857
YGL061C 14 291
YGL060W 20 417
YGL059W 25 483
YGL058W 11 133
YGL057C 14 428
YGL056C 23 355
YGL055W 43 647
YGL054C 10 283
YGL053W 2 8
YGL052W 4 349
YGL051W 7 228
YGL050W 14 401
YGL049C 26 541
YGL048C 4 35
YGL047W 7 157
YGL045W 42 4354
YGL044C 17 210
YGL043W 12 239
YGL042C 7 83
YGL041C-B 6 526
YGL041W-A 9 185
YGL041C 3 3
YGL040C 13 156
YGL039W 7 423
YGL038C 20 284
YGL037C 7 341
YGL036W 31 604
YGL035C 9 116
YGL034C 10 66
YGL033W 10 110
YGL032C 1 14
YGL031C 3 40
YGL030W 1 2
YGL029W 3 8
YGL028C 10 83
YGL027C 28 641
YGL026C 18 1377
YGL025C 11 176
YGL024W 7 127
YGL023C 21 349
YGL022W 36 919
YGL021W 28 1667
YGL020C 1 1
YGL019W 7 117
YGL018C 10 208
YGL017W 12 102
YGL016W 22 340
YGL015C 8 66
YGL014W 24 862
YGL014C-A 4 78
YGL013C 27 750
YGL012W 24 1012
YGL011C 8 68
YGL010W 11 323
YGL009C 37 1745
YGL008C 55 2806
YGL007C-A 0 0
YGL007W 21 518
YGL006W-A 3 619
YGL006W 39 1120
YGL005C 20 487
YGL004C 48 1100
YGL003C 34 1644
YGL002W 35 1098
YGL001C 42 2831
YGR001C 21 579
YGR002C 16 976
YGR003W 31 599
YGR004W 15 312
YGR005C 11 86
YGR006W 18 777
YGR007W 20 514
YGR008C 11 1486
YGR009C 18 291
YGR010W 22 225
YGR011W 6 45
YGR012W 14 327
YGR013W 51 1222
YGR014W 27 1557
YGR015C 19 250
YGR016W 14 293
YGR017W 8 49
YGR018C 3 3
YGR019W 45 2508
YGR020C 0 0
YGR021W 23 1170
YGR022C 5 75
YGR023W 17 1642
YGR024C 1 19
YGR025W 23 5150
YGR026W 13 407
YGR027C 6 40
YGR028W 22 760
YGR029W 12 312
YGR030C 8 84
YGR031W 74 4192
YGR031C-A 38 1659
YGR032W 94 2298
YGR033C 6 138
YGR034W 3 14
YGR035C 6 114
YGR035W-A 15 1080
YGR036C 17 415
YGR037C 1 3
YGR038W 13 812
YGR039W 7 114
YGR040W 29 691
YGR041W 50 1757
YGR042W 8 96
YGR043C 22 2466
YGR044C 19 281
YGR045C 25 1058
YGR046W 11 386
YGR047C 34 1390
YGR048W 10 229
YGR049W 22 883
YGR050C 25 1010
YGR051C 23 881
YGR052W 29 670
YGR053C 8 227
YGR054W 29 1261
YGR055W 15 209
YGR056W 31 741
YGR057C 7 132
YGR058W 8 270
YGR059W 8 143
YGR060W 17 342
YGR061C 47 684
YGR062C 8 61
YGR063C 5 36
YGR064W 16 433
YGR065C 18 236
YGR066C 10 79
YGR067C 33 658
YGR068C 92 4038
YGR068W-A 2 13
YGR069W 15 274
YGR070W 55 1771
YGR071C 24 921
YGR072W 3 78
YGR073C 4 18
YGR074W 2 4
YGR075C 3 43
YGR076C 5 462
YGR077C 13 1040
YGR078C 2 38
YGR079W 22 482
YGR080W 18 491
YGR081C 7 136
YGR082W 4 364
YGR083C 21 547
YGR084C 12 32846
YGR085C 6 69
YGR086C 19 573
YGR087C 61 3362
YGR088W 17 836
YGR089W 21 517
YGR090W 22 224
YGR091W 16 199
YGR092W 13 444
YGR093W 27 493
YGR094W 34 1058
YGR095C 11 129
YGR096W 32 5687
YGR097W 34 1133
YGR098C 17 143
YGR099W 13 257
YGR100W 42 754
YGR101W 17 526
YGR102C 7 150
YGR103W 12 361
YGR104C 16 193
YGR105W 4 36
YGR106C 7 77
YGR107W 38 2065
YGR108W 13 210
YGR109C 15 394
YGR110W 5 84
YGR111W 19 1948
YGR112W 10 102
YGR113W 12 196
YGR114C 0 0
YGR115C 6 106
YGR116W 32 754
YGR117C 8 3113
YGR118W 4 31
YGR119C 13 396
YGR120C 8 46
YGR121C 53 1011
YGR121W-A 20 6436
YGR122W 23 1180
YGR122C-A 0 0
YGR123C 26 549
YGR124W 42 1783
YGR125W 39 1330
YGR126W 6 111
YGR127W 20 735
YGR128C 10 68
YGR129W 14 1059
YGR130C 37 5802
YGR131W 7 594
YGR132C 12 80
YGR133W 15 399
YGR134W 46 1384
YGR135W 7 461
YGR136W 10 309
YGR137W 3 206
YGR138C 21 272
YGR139W 7 64
YGR140W 28 685
YGR141W 39 684
YGR142W 6 160
YGR143W 30 825
YGR144W 13 140
YGR145W 18 742
YGR146C 6 1585
YGR146C-A 9 358
YGR147C 18 441
YGR148C 16 275
YGR149W 16 180
YGR150C 17 133
YGR151C 1 20
YGR152C 6 66
YGR153W 16 1253
YGR154C 17 321
YGR155W 17 295
YGR156W 22 428
YGR157W 26 7633
YGR158C 15 265
YGR159C 16 255
YGR160W 1 6
YGR161C 24 435
YGR161W-C 8 222
YGR162W 23 327
YGR163W 7 137
YGR164W 14 4960
YGR165W 8 314
YGR166W 17 557
YGR167W 11 324
YGR168C 12 82
YGR169C 20 272
YGR169C-A 1 1
YGR170W 42 3031
YGR171C 12 311
YGR172C 5 61
YGR173W 20 288
YGR174C 10 182
YGR174W-A 1 2
YGR175C 24 874
YGR176W 29 2483
YGR177C 48 3105
YGR178C 34 1011
YGR179C 20 748
YGR180C 23 225
YGR181W 15 639
YGR182C 20 160
YGR183C 6 81
YGR184C 80 1765
YGR185C 8 142
YGR186W 13 193
YGR187C 4 37
YGR188C 24 426
YGR189C 13 212
YGR190C 8 1099
YGR191W 18 526
YGR192C 16 926
YGR193C 13 2441
YGR194C 20 289
YGR195W 18 921
YGR196C 17 400
YGR197C 36 2255
YGR198W 22 325
YGR199W 39 2333
YGR200C 24 874
YGR201C 16 469
YGR202C 25 448
YGR203W 49 4215
YGR204W 68 2657
YGR204C-A 0 0
YGR205W 13 472
YGR206W 3 10
YGR207C 5 65
YGR208W 12 724
YGR209C 9 3548
YGR210C 59 2658
YGR211W 28 843
YGR212W 10 99
YGR213C 15 533
YGR214W 10 105
YGR215W 10 275
YGR216C 20 418
YGR217W 55 1024
YGR218W 26 498
YGR219W 6 139
YGR220C 17 709
YGR221C 26 792
YGR222W 14 108
YGR223C 17 343
YGR224W 22 557
YGR225W 12 212
YGR226C 0 0
YGR227W 7 479
YGR228W 5 67
YGR229C 25 562
YGR230W 17 296
YGR231C 12 71
YGR232W 19 406
YGR233C 40 868
YGR234W 12 146
YGR235C 10 165
YGR236C 17 468
YGR237C 34 853
YGR238C 40 1587
YGR239C 36 1727
YGR240C 36 590
YGR240C-A 19 2233
YGR241C 28 673
YGR242W 2 50
YGR243W 3 6
YGR244C 62 6352
YGR245C 36 2070
YGR246C 8 74
YGR247W 15 350
YGR248W 16 889
YGR249W 15 108
YGR250C 33 980
YGR251W 10 84
YGR252W 27 459
YGR253C 8 59
YGR254W 22 477
YGR255C 22 152
YGR256W 30 1303
YGR257C 22 373
YGR258C 50 1494
YGR259C 10 187
YGR260W 27 4018
YGR261C 30 1136
YGR262C 14 169
YGR263C 20 312
YGR264C 21 614
YGR265W 17 353
YGR266W 37 1166
YGR267C 14 2105
YGR268C 27 2706
YGR269W 17 541
YGR270W 65 1964
YGR270C-A 9 564
YGR271W 91 2683
YGR271C-A 3 123
YGR273C 3 32
YGR274C 14 610
YGR275W 2 213
YGR276C 15 854
YGR277C 12 99
YGR278W 17 306
YGR279C 22 582
YGR280C 17 384
YGR281W 75 2013
YGR282C 9 590
YGR283C 19 569
YGR284C 12 334
YGR285C 14 314
YGR286C 24 641
YGR287C 29 916
YGR288W 17 157
YGR289C 13 233
YGR290W 0 0
YGR291C 3 108
YGR292W 2 109
YGR293C 0 0
YGR294W 0 0
YGR295C 14 276
YGR296W 0 0
YGR296C-A 0 0
YGR296C-B 0 0
YHL050C 3 19
YHL050W-A 3 19
YHL049C 0 0
YHL048C-A 6 88
YHL048W 11 141
YHL047C 18 403
YHL046W-A 3 5
YHL046C 2 3
YHL045W 7 286
YHL044W 13 1663
YHL043W 3 105
YHL042W 22 832
YHL041W 24 25633
YHL040C 34 1572
YHL039W 16 491
YHL038C 12 232
YHL037C 16 371
YHL036W 34 1193
YHL035C 54 1648
YHL034W-A 5 39
YHL034C 7 48
YHL033C 4 161
YHL032C 45 1666
YHL031C 27 540
YHL030W-A 20 406
YHL030W 72 2197
YHL029C 33 1104
YHL028W 40 367
YHL027W 53 2089
YHL026C 22 1069
YHL025W 55 2629
YHL024W 54 2006
YHL023C 27 376
YHL022C 11 200
YHL021C 26 775
YHL020C 30 5335
YHL019W-A 11 1017
YHL019C 21 1264
YHL018W 13 628
YHL017W 17 101
YHL016C 38 1421
YHL015W-A 5 848
YHL015W 0 0
YHL014C 24 1567
YHL013C 5 39
YHL012W 15 271
YHL011C 3 18
YHL010C 28 847
YHL009C 8 169
YHL008C 9 62
YHL007C 50 3616
YHL006W-A 16 962
YHL006C 40 14485
YHL005C 20 5486
YHL004W 23 874
YHL003C 23 884
YHL002C-A 10 266
YHL002W 41 1978
YHL001W 11 172
YHR001W 49 2352
YHR001W-A 16 1498
YHR002W 51 1166
YHR003C 34 1216
YHR004C 24 594
YHR005C 14 414
YHR005C-A 5 45
YHR006W 28 397
YHR007C 16 377
YHR007C-A 20 971
YHR008C 15 227
YHR009C 29 638
YHR010W 0 0
YHR011W 6 154
YHR012W 4 68
YHR013C 11 487
YHR014W 2 77
YHR015W 8 113
YHR016C 19 426
YHR017W 10 164
YHR018C 13 277
YHR019C 26 288
YHR020W 19 249
YHR021C 6 113
YHR021W-A 5 16
YHR022C 11 194
YHR022C-A 4 79
YHR023W 48 1012
YHR024C 18 269
YHR025W 12 237
YHR026W 11 93
YHR027C 22 301
YHR028C 26 1227
YHR028W-A 18 450
YHR029C 16 436
YHR030C 14 219
YHR031C 36 1609
YHR032W 78 1721
YHR032W-A 8 1525
YHR032C-A 8 1513
YHR033W 68 6085
YHR034C 29 1666
YHR035W 29 1021
YHR036W 18 183
YHR037W 26 861
YHR038W 1 1
YHR039C 15 511
YHR039C-A 1 3
YHR040W 18 259
YHR041C 16 249
YHR042W 19 336
YHR043C 15 250
YHR044C 9 95
YHR045W 21 461
YHR046C 17 722
YHR047C 34 838
YHR048W 38 1554
YHR049W 19 642
YHR049C-A 13 651
YHR050W 54 3589
YHR050W-A 8 97
YHR051W 2 3
YHR052W 4 157
YHR052W-A 0 0
YHR053C 0 0
YHR054C 0 0
YHR054W-A 0 0
YHR055C 0 0
YHR056C 30 4384
YHR056W-A 13 970
YHR057C 17 257
YHR058C 7 439
YHR059W 3 116
YHR060W 5 62
YHR061C 17 1069
YHR062C 16 283
YHR063C 10 288
YHR063W-A 4 153
YHR064C 8 155
YHR065C 27 562
YHR066W 8 218
YHR067W 27 986
YHR068W 18 454
YHR069C 13 485
YHR069C-A 9 426
YHR070W 50 4155
YHR070C-A 36 3722
YHR071W 20 442
YHR071C-A 7 127
YHR072W 35 785
YHR072W-A 0 0
YHR073W 35 620
YHR073W-A 2 45
YHR073C-B 2 103
YHR074W 18 432
YHR075C 13 342
YHR076W 10 135
YHR077C 29 322
YHR078W 18 807
YHR079C 33 446
YHR079C-A 3 11
YHR080C 70 2907
YHR081W 2 39
YHR082C 44 1296
YHR083W 24 339
YHR084W 24 418
YHR085W 5 297
YHR086W 19 405
YHR086W-A 8 288
YHR087W 12 598
YHR088W 2 63
YHR089C 6 93
YHR090C 4 91
YHR091C 22 354
YHR092C 24 352
YHR093W 4 57
YHR094C 23 1710
YHR095W 10 386
YHR096C 34 931
YHR097C 33 552
YHR098C 25 511
YHR099W 94 2195
YHR100C 7 67
YHR101C 11 251
YHR102W 20 283
YHR103W 32 684
YHR104W 9 55
YHR105W 2 20
YHR106W 11 4074
YHR107C 8 158
YHR108W 22 678
YHR109W 10 129
YHR110W 2 5
YHR111W 12 217
YHR112C 35 1213
YHR113W 20 228
YHR114W 26 294
YHR115C 19 210
YHR116W 16 1794
YHR117W 29 899
YHR118C 16 454
YHR119W 30 541
YHR120W 17 212
YHR121W 4 22
YHR122W 16 1494
YHR123W 17 659
YHR124W 27 1584
YHR125W 3 69
YHR126C 17 737
YHR127W 8 205
YHR128W 11 772
YHR129C 9 179
YHR130C 4 214
YHR131C 27 652
YHR131W-A 7 90
YHR132C 25 834
YHR132W-A 12 466
YHR133C 7 39
YHR134W 9 109
YHR135C 45 1191
YHR136C 11 858
YHR137W 8 100
YHR137C-A 5 54
YHR138C 6 67
YHR139C 11 213
YHR139C-A 9 111
YHR140W 21 579
YHR141C 2 3
YHR142W 13 131
YHR143W 7 649
YHR143W-A 0 0
YHR144C 10 234
YHR145C 2 5
YHR146W 4 131
YHR147C 5 124
YHR148W 10 302
YHR149C 21 431
YHR150W 25 365
YHR151C 17 1189
YHR152W 9 88
YHR153C 10 367
YHR154W 49 977
YHR155W 31 1203
YHR156C 20 739
YHR157W 10 346
YHR158C 39 963
YHR159W 20 822
YHR160C 6 344
YHR161C 42 2228
YHR162W 0 0
YHR163W 8 406
YHR164C 30 804
YHR165C 69 1525
YHR165W-A 6 90
YHR166C 28 1025
YHR167W 12 100
YHR168W 23 1393
YHR169W 14 436
YHR170W 10 315
YHR171W 16 275
YHR172W 18 473
YHR173C 31 1606
YHR174W 30 1023
YHR175W 10 698
YHR175W-A 0 0
YHR176W 25 1059
YHR177W 18 319
YHR178W 39 956
YHR179W 15 275
YHR180W 13 156
YHR180W-A 5 296
YHR180C-B 3 39
YHR181W 7 457
YHR182W 26 548
YHR182C-A 8 238
YHR183W 26 809
YHR184W 14 507
YHR185C 4 57
YHR186C 41 946
YHR187W 5 81
YHR188C 20 569
YHR189W 15 990
YHR190W 17 251
YHR191C 2 26
YHR192W 17 446
YHR193C 10 493
YHR193C-A 1 1
YHR194W 29 674
YHR195W 18 274
YHR196W 21 454
YHR197W 4 72
YHR198C 15 298
YHR199C 22 1357
YHR199C-A 3 97
YHR200W 20 482
YHR201C 5 72
YHR202W 20 597
YHR203C 5 69
YHR204W 45 1952
YHR205W 12 164
YHR206W 15 346
YHR207C 29 470
YHR208W 17 646
YHR209W 11 1477
YHR210C 17 281
YHR211W 22 195
YHR212C 0 0
YHR212W-A 0 0
YHR213W 0 0
YHR213W-A 0 0
YHR213W-B 11 191
YHR214W 1 6
YHR214W-A 0 0
YHR214C-D 0 0
YHR214C-E 1 6
YHR215W 3 31
YHR216W 19 901
YHR217C 8 53
YHR218W 0 0
YHR218W-A 0 0
YHR219W 0 0
YHR219C-A 0 0
YIL177C 0 0
YIL177W-A 0 0
YIL176C 0 0
YIL173W 0 0
YIL172C 0 0
YIL171W-A 0 0
YIL169C 10 398
YIL166C 17 406
YIL165C 12 345
YIL164C 15 290
YIL163C 21 2086
YIL162W 50 4184
YIL161W 6 147
YIL160C 19 417
YIL159W 48 1390
YIL158W 11 1497
YIL157C 13 259
YIL156W-A 12 304
YIL156W-B 5 245
YIL156W 49 4524
YIL155C 59 1590
YIL154C 75 3122
YIL153W 24 463
YIL152W 23 1086
YIL151C 26 430
YIL150C 17 484
YIL149C 54 2076
YIL148W 4 72
YIL147C 22 427
YIL146C 11 655
YIL145C 13 81
YIL144W 18 310
YIL143C 38 624
YIL142C-A 4 47
YIL142W 27 810
YIL141W 9 158
YIL140W 23 928
YIL139C 21 507
YIL138C 8 567
YIL137C 44 953
YIL136W 23 412
YIL135C 22 600
YIL134C-A 13 212
YIL134W 16 233
YIL133C 9 111
YIL132C 21 474
YIL131C 32 1421
YIL130W 32 257433
YIL129C 54 820
YIL128W 25 910
YIL127C 6 88
YIL126W 42 1046
YIL125W 62 2019
YIL124W 7 124
YIL123W 46 2143
YIL122W 12 56
YIL121W 32 1038
YIL120W 34 1529
YIL119C 13 282
YIL118W 10 247
YIL117C 13 625
YIL116W 10 272
YIL115W-A 3 41
YIL115C 39 944
YIL114C 2 62
YIL113W 14 164
YIL112W 40 1087
YIL111W 9 133
YIL110W 12 219
YIL109C 36 1042
YIL108W 39 2206
YIL107C 32 747
YIL106W 12 160
YIL105C 45 749
YIL105W-A 7 163
YIL104C 26 614
YIL103W 20 327
YIL102C-A 0 0
YIL102C 1 2
YIL101C 50 2630
YIL100C-A 38 2106
YIL100W 43 2314
YIL099W 38 535
YIL098C 2 38
YIL097W 16 365
YIL096C 15 384
YIL095W 30 614
YIL094C 15 3798
YIL093C 20 289
YIL092W 34 862
YIL091C 18 633
YIL090W 11 133
YIL089W 12 160
YIL088C 19 312
YIL087C 5 43
YIL086C 11 126
YIL085C 27 1084
YIL084C 8 211
YIL083C 8 122
YIL082W 6 58
YIL079C 15 486
YIL078W 22 724
YIL077C 30 1589
YIL076W 7 62
YIL075C 20 344
YIL074C 41 944
YIL073C 24 425
YIL072W 13 269
YIL071W-A 3 212
YIL071C 12 1168
YIL070C 9 194
YIL069C 4 106
YIL068W-A 10 105
YIL068C 28 509
YIL067C 30 677
YIL066W-A 5 215
YIL066C 34 799
YIL065C 14 313
YIL064W 28 674
YIL063C 15 493
YIL062C 10 267
YIL061C 9 91
YIL060W 4 137
YIL059C 5 141
YIL058W 13 374
YIL057C 15 16098
YIL056W 26 1273
YIL055C 35 991
YIL054W 23 9397
YIL053W 17 573
YIL052C 0 0
YIL051C 15 187
YIL050W 8 185
YIL049W 17 425
YIL048W 34 780
YIL047C-A 7 381
YIL047C 52 1197
YIL046W-A 21 4024
YIL046W 40 961
YIL045W 24 1784
YIL044C 10 229
YIL043C 26 689
YIL042C 20 239
YIL041W 12 354
YIL040W 6 218
YIL039W 26 818
YIL038C 10 194
YIL037C 19 210
YIL036W 25 5712
YIL035C 20 498
YIL034C 23 456
YIL033C 23 1081
YIL032C 9 226
YIL031W 21 633
YIL030W-A 4 56
YIL030C 40 935
YIL029W-A 7 76
YIL029C 2 44
YIL028W 3 32
YIL027C 6 88
YIL026C 27 1121
YIL025C 3 48
YIL024C 6 73
YIL023C 21 1111
YIL022W 16 186
YIL021W 13 339
YIL021C-A 0 0
YIL020C-A 6 92
YIL020C 12 197
YIL019W 8 105
YIL018W 1 1
YIL017C 44 1037
YIL016W 3 66
YIL015W 25 725
YIL014C-A 3 11
YIL014W 16 259
YIL013C 33 844
YIL012W 21 1591
YIL011W 6 314
YIL010W 11 277
YIL009C-A 18 477
YIL009W 30 873
YIL008W 5 51
YIL007C 17 433
YIL006W 19 953
YIL005W 39 4671
YIL004C 7 48
YIL003W 29 600
YIL002W-A 8 77
YIL002C 78 10841
YIL001W 76 3349
YIR001C 29 515
YIR002C 68 1277
YIR003W 27 837
YIR004W 6 35
YIR005W 7 104
YIR006C 45 2751
YIR007W 16 534
YIR008C 5 76
YIR009W 0 0
YIR010W 26 853
YIR011C 1 33
YIR012W 18 185
YIR013C 10 427
YIR014W 14 397
YIR015W 15 1247
YIR016W 17 587
YIR017C 27 1449
YIR017W-A 28 1690
YIR018W 18 481
YIR018C-A 10 265
YIR019C 23 2355
YIR020C 9 252
YIR020W-A 10 711
YIR020C-B 11 240
YIR021W 14 393
YIR021W-A 8 258
YIR022W 4 62
YIR023W 14 332
YIR023C-A 0 0
YIR024C 5 84
YIR025W 14 281
YIR026C 10 362
YIR027C 10 408
YIR028W 36 2303
YIR029W 11 194
YIR030C 5 49
YIR030W-A 5 75
YIR031C 18 332
YIR032C 15 429
YIR033W 26 580
YIR034C 22 3678
YIR035C 14 504
YIR036C 12 111
YIR036W-A 8 152
YIR037W 5 54
YIR038C 7 1353
YIR039C 6 129
YIR040C 0 0
YIR041W 0 0
YIR042C 8 793
YJL225C 0 0
YJL225W-A 0 0
YJL223C 0 0
YJL222W-B 0 0
YJL222W-A 0 0
YJL222W 5 5726
YJL221C 0 0
YJL220W 0 0
YJL219W 10 202
YJL218W 3 39
YJL217W 7 49
YJL216C 27 1063
YJL215C 8 68
YJL214W 21 261
YJL213W 12 485
YJL212C 41 1267
YJL211C 29 2006
YJL210W 34 1671
YJL209W 23 452
YJL208C 22 656
YJL207C 64 2457
YJL206C 36 1140
YJL205C 12 282
YJL204C 14 445
YJL203W 4 15
YJL202C 5 113
YJL201W 31 513
YJL200C 52 2241
YJL199C 2 322
YJL198W 31 760
YJL197W 56 930
YJL197C-A 4 8
YJL196C 16 676
YJL195C 9 63
YJL194W 20 258
YJL193W 5 267
YJL192C 15 1971
YJL191W 31 4416
YJL190C 8 227
YJL189W 3 56
YJL188C 2 43
YJL187C 29 557
YJL186W 30 661
YJL185C 9 311
YJL184W 7 117
YJL183W 38 1914
YJL182C 14 260
YJL181W 25 420
YJL180C 8 61
YJL179W 1 29
YJL178C 8 535
YJL177W 3 77
YJL176C 11 152
YJL175W 5 115
YJL174W 6 67
YJL173C 2 7
YJL172W 32 1132
YJL171C 10 286
YJL170C 14 1572
YJL169W 1 3
YJL168C 27 1211
YJL167W 16 229
YJL166W 9 228
YJL165C 43 805
YJL164C 17 191
YJL163C 29 459
YJL162C 15 364
YJL161W 17 1430
YJL160C 10 229
YJL159W 2 13
YJL158C 18 298
YJL157C 77 3387
YJL156W-A 21 2095
YJL156C 49 2794
YJL155C 26 568
YJL154C 37 871
YJL153C 23 1333
YJL152W 28 2016
YJL151C 21 1341
YJL150W 15 936
YJL149W 19 206
YJL148W 10 258
YJL147C 12 290
YJL146W 15 343
YJL145W 9 280
YJL144W 3 29
YJL143W 9 63
YJL142C 4 59
YJL141C 44 644
YJL140W 2 34
YJL139C 15 327
YJL138C 4 92
YJL137C 20 410
YJL136W-A 8 152
YJL136C 4 12
YJL135W 9 295
YJL134W 18 258
YJL133C-A 11 412
YJL133W 23 544
YJL132W 46 2120
YJL131C 11 123
YJL130C 107 3188
YJL129C 32 885
YJL128C 27 11965
YJL127W-A 7 279
YJL127C-B 2 8
YJL127C 43 849
YJL126W 19 354
YJL125C 15 212
YJL124C 5 43
YJL123C 13 141
YJL122W 6 156
YJL121C 15 290
YJL120W 8 171
YJL119C 18 1501
YJL118W 22 1260
YJL117W 13 343
YJL116C 25 528
YJL115W 5 137
YJL112W 31 547
YJL111W 15 1003
YJL110C 11 622
YJL109C 45 1005
YJL108C 12 97
YJL107C 28 850
YJL106W 16 418
YJL105W 12 91
YJL104W 6 220
YJL103C 29 1048
YJL102W 31 734
YJL101C 28 668
YJL100W 25 574
YJL099W 31 2122
YJL098W 36 585
YJL097W 9 232
YJL096W 4 13
YJL095W 36 353
YJL094C 35 521
YJL093C 22 314
YJL092W 28 336
YJL091C 8 62
YJL090C 16 332
YJL089W 17 2913
YJL088W 23 608
YJL087C 15 446
YJL086C 2 133
YJL085W 6 88
YJL084C 29 691
YJL083W 29 1560
YJL082W 39 740
YJL081C 7 196
YJL080C 33 883
YJL079C 10 272
YJL078C 78 9004
YJL077W-B 5 89
YJL077C 25 4856
YJL077W-A 8 81
YJL076W 32 809
YJL075C 2 91
YJL074C 20 438
YJL073W 25 451
YJL072C 6 173
YJL071W 17 223
YJL070C 22 345
YJL069C 15 342
YJL068C 13 240
YJL067W 11 139
YJL066C 22 1295
YJL065C 8 154
YJL064W 5 117
YJL063C 9 244
YJL062W-A 11 378
YJL062W 19 373
YJL061W 6 25
YJL060W 15 190
YJL059W 21 556
YJL058C 27 308
YJL057C 25 9879
YJL056C 31 591
YJL055W 9 103
YJL054W 16 490
YJL053W 13 253
YJL052C-A 12 9609
YJL052W 24 736
YJL051W 39 724
YJL050W 29 434
YJL049W 5 83
YJL048C 13 171
YJL047C-A 3 105
YJL047C 25 707
YJL046W 12 416
YJL045W 26 838
YJL044C 12 114
YJL043W 40 13717
YJL042W 46 1651
YJL041W 6 106
YJL039C 31 1078
YJL038C 1 9
YJL037W 16 291
YJL036W 14 546
YJL035C 14 484
YJL034W 28 461
YJL033W 11 123
YJL032W 2 14
YJL031C 1 2
YJL030W 9 433
YJL029C 22 293
YJL028W 25 949
YJL027C 31 14166
YJL026W 14 389
YJL026C-A 3 26
YJL025W 21 826
YJL024C 5 33
YJL023C 17 489
YJL022W 7 246
YJL020C 39 1150
YJL020W-A 1 29
YJL019W 32 797
YJL016W 22 338
YJL015C 10 2523
YJL014W 6 91
YJL013C 5 77
YJL012C 43 1196
YJL011C 1 96
YJL010C 8 161
YJL009W 4 46
YJL008C 12 153
YJL007C 13 3053
YJL006C 8 123
YJL005W 48 509
YJL004C 21 327
YJL003W 4 152
YJL002C 27 1867
YJL001W 29 1262
YJR001W 80 7334
YJR002W 30 545
YJR003C 30 1187
YJR004C 32 1108
YJR005W 29 1045
YJR005C-A 1 1
YJR006W 10 231
YJR007W 2 7
YJR008W 31 5056
YJR009C 12 1067
YJR010W 27 588
YJR010C-A 8 135
YJR011C 11 253
YJR012C 14 200
YJR013W 16 868
YJR014W 4 23
YJR015W 23 397
YJR016C 10 147
YJR017C 10 143
YJR018W 14 139
YJR019C 21 1201
YJR020W 3 16
YJR021C 17 658
YJR022W 2 52
YJR023C 3 53
YJR024C 11 361
YJR025C 5 49
YJR030C 36 1715
YJR031C 34 530
YJR032W 9 233
YJR033C 27 600
YJR034W 10 293
YJR035W 28 556
YJR036C 18 1149
YJR037W 1 97
YJR038C 7 69
YJR039W 41 758
YJR040W 13 211
YJR041C 10 128
YJR042W 18 448
YJR043C 17 662
YJR044C 4 133
YJR045C 13 152
YJR046W 21 447
YJR047C 6 406
YJR048W 8 108
YJR049C 26 464
YJR050W 7 235
YJR051W 23 1082
YJR052W 16 321
YJR053W 20 1041
YJR054W 9 109
YJR055W 6 179
YJR056C 3 17
YJR057W 5 43
YJR058C 9 530
YJR059W 38 705
YJR060W 17 388
YJR061W 44 1236
YJR062C 9 109
YJR063W 3 93
YJR064W 25 761
YJR065C 22 532
YJR066W 79 4158
YJR067C 4 131
YJR068W 11 176
YJR069C 6 101
YJR070C 5 160
YJR071W 6 114
YJR072C 22 564
YJR073C 16 516
YJR074W 27 861
YJR075W 24 512
YJR076C 13 107
YJR077C 22 305
YJR078W 39 2006
YJR079W 14 1161
YJR080C 12 645
YJR082C 7 265
YJR083C 7 99
YJR084W 18 605
YJR085C 4 61
YJR086W 4 75
YJR087W 7 116
YJR088C 14 521
YJR089W 24 395
YJR090C 17 324
YJR091C 33 883
YJR092W 46 924
YJR093C 12 1037
YJR094C 21 606
YJR094W-A 6 11
YJR095W 17 173
YJR096W 19 235
YJR097W 4 94
YJR098C 15 523
YJR099W 4 68
YJR100C 15 259
YJR101W 8 427
YJR102C 11 74
YJR103W 55 4586
YJR104C 11 427
YJR105W 15 576
YJR106W 20 494
YJR107W 14 333
YJR108W 19 1058
YJR109C 35 1678
YJR110W 41 784
YJR111C 30 448
YJR112W 9 317
YJR112W-A 15 529
YJR113C 23 570
YJR114W 13 290
YJR115W 36 928
YJR116W 16 440
YJR117W 23 1344
YJR118C 3 15
YJR119C 42 1103
YJR120W 14 584
YJR121W 22 499
YJR122W 21 619
YJR123W 1 2
YJR124C 32 981
YJR125C 12 863
YJR126C 30 660
YJR127C 71 3586
YJR128W 20 3301
YJR129C 40 3535
YJR130C 21 428
YJR131W 34 1392
YJR132W 28 479
YJR133W 11 593
YJR134C 14 182
YJR135C 12 121
YJR135W-A 0 0
YJR136C 7 88
YJR137C 61 3044
YJR138W 59 1825
YJR139C 12 443
YJR140C 20 481
YJR140W-A 0 0
YJR141W 2 3
YJR142W 23 1371
YJR143C 22 237
YJR144W 14 358
YJR145C 4 177
YJR146W 17 283
YJR147W 16 491
YJR148W 37 3180
YJR149W 21 437
YJR150C 9 63
YJR151C 14 383
YJR151W-A 2 12
YJR152W 21 492
YJR153W 9 185
YJR154W 19 450
YJR155W 8 118
YJR156C 2 18
YJR157W 0 0
YJR158W 0 0
YJR159W 0 0
YJR160C 1 10
YJR161C 0 0
YJR162C 2 17
YKL225W 6 86
YKL224C 0 0
YKL223W 10 408
YKL222C 22 1001
YKL221W 21 337
YKL220C 30 1465
YKL219W 12 186
YKL218C 30 661
YKL217W 45 2803
YKL216W 10 194
YKL215C 56 1737
YKL214C 4 117
YKL213C 27 712
YKL212W 16 941
YKL211C 25 413
YKL210W 25 478
YKL209C 56 1675
YKL208W 7 153
YKL207W 15 305
YKL206C 13 284
YKL205W 24 1736
YKL204W 15 140
YKL203C 65 1420
YKL202W 1 29
YKL201C 37 1134
YKL198C 193 33397
YKL197C 52 893
YKL196C 11 92
YKL195W 7 153
YKL194C 16 568
YKL193C 13 265
YKL192C 7 189
YKL191W 25 296
YKL190W 0 0
YKL189W 9 50
YKL188C 32 756
YKL187C 62 1188
YKL186C 33 5213
YKL185W 40 597
YKL184W 13 752
YKL183C-A 18 1596
YKL183W 52 6028
YKL182W 103 4552
YKL181W 16 452
YKL180W 0 0
YKL179C 11 153
YKL178C 26 981
YKL177W 9 488
YKL176C 25 397
YKL175W 41 901
YKL174C 18 226
YKL173W 16 145
YKL172W 7 164
YKL171W 26 643
YKL170W 10 81
YKL169C 9 80
YKL168C 37 1337
YKL167C 6 25
YKL166C 13 163
YKL165C-A 7 89
YKL165C 39 889
YKL164C 3 22
YKL163W 3 17
YKL162C-A 6 30
YKL162C 13 162
YKL161C 7 57
YKL160W 4 78
YKL159C 4 90
YKL157W 59 4670
YKL156W 7 131
YKL156C-A 0 0
YKL155C 22 280
YKL154W 16 608
YKL153W 11 386
YKL152C 16 405
YKL151C 41 1810
YKL150W 32 604
YKL149C 15 249
YKL148C 68 2580
YKL147C 33 1956
YKL146W 43 2258
YKL145W 18 391
YKL145W-A 0 0
YKL144C 10 139
YKL143W 19 258
YKL142W 7 47
YKL141W 11 343
YKL140W 8 129
YKL139W 10 750
YKL138C-A 1 4
YKL138C 6 29
YKL137W 3 74
YKL136W 5 26
YKL135C 28 546
YKL134C 25 448
YKL133C 16 525
YKL132C 13 266
YKL131W 4 36
YKL130C 5 48
YKL129C 38 3387
YKL128C 22 953
YKL127W 32 795
YKL126W 9 159
YKL125W 13 145
YKL124W 16 315
YKL123W 5 146
YKL122C 5 1572
YKL121W 30 509
YKL120W 16 289
YKL119C 8 283
YKL118W 5 2095
YKL117W 10 212
YKL116C 17 312
YKL115C 9 336
YKL114C 20 965
YKL113C 8 222
YKL112W 33 2806
YKL111C 2 41
YKL110C 26 1177
YKL109W 55 1524
YKL108W 18 465
YKL107W 8 145
YKL106C-A 2 39
YKL106W 13 448
YKL105C 41 761
YKL104C 30 483
YKL103C 31 1249
YKL102C 22 848
YKL101W 64 964
YKL100C 26 380
YKL100W-A 1 16
YKL099C 7 216
YKL098W 21 341
YKL097C 30 1953
YKL096C-B 0 0
YKL096W-A 0 0
YKL096W 24 898
YKL095W 18 332
YKL094W 32 1747
YKL093W 22 489
YKL092C 25 309
YKL091C 15 4303
YKL090W 17 406
YKL089W 7 78
YKL088W 10 330
YKL087C 13 225
YKL086W 38 5338
YKL085W 16 397
YKL084W 22 541
YKL083W 2 145
YKL082C 5 196
YKL081W 19 1089
YKL080W 8 232
YKL079W 27 1700
YKL078W 6 21
YKL077W 13 36
YKL076C 2 10
YKL075C 11 268
YKL074C 16 329
YKL073W 15 805
YKL072W 29 486
YKL071W 10 365
YKL070W 5 34
YKL069W 9 110
YKL068W-A 2 6
YKL068W 27 265
YKL067W 7 30
YKL066W 20 329
YKL065W-A 5 78
YKL065C 8 38
YKL064W 36 1427
YKL063C 14 579
YKL062W 19 298
YKL061W 4 102
YKL060C 17 468
YKL059C 25 301
YKL058W 2 34
YKL057C 22 360
YKL056C 15 400
YKL055C 18 106
YKL054C 12 238
YKL053C-A 5 21
YKL053W 11 404
YKL052C 25 510
YKL051W 21 1308
YKL050C 31 685
YKL049C 9 94
YKL048C 6 126
YKL047W 22 373
YKL046C 17 572
YKL045W 33 552
YKL044W 9 445
YKL043W 19 271
YKL042W 9 175
YKL041W 1 1
YKL040C 7 70
YKL039W 30 590
YKL038W 66 15093
YKL037W 21 619
YKL036C 16 468
YKL035W 25 605
YKL034W 34 1005
YKL033W-A 11 108
YKL033W 16 246
YKL032C 24 335
YKL031W 18 395
YKL030W 37 780
YKL029C 96 2452
YKL028W 12 98
YKL027W 20 754
YKL026C 12 910
YKL025C 29 835
YKL024C 11 214
YKL023C-A 2 5
YKL023W 14 137
YKL022C 40 998
YKL021C 26 822
YKL020C 33 783
YKL019W 17 1554
YKL018C-A 5 197
YKL018W 11 75
YKL017C 17 316
YKL016C 3 17
YKL015W 45 4974
YKL014C 33 274
YKL013C 3 18
YKL012W 13 230
YKL011C 12 163
YKL010C 48 876
YKL009W 5 161
YKL008C 16 320
YKL007W 21 359
YKL006C-A 8 517
YKL006W 4 45
YKL005C 33 758
YKL004W 23 432
YKL003C 11 527
YKL002W 24 833
YKL001C 17 2106
YKR001C 36 1685
YKR002W 15 416
YKR003W 50 1449
YKR004C 19 408
YKR005C 35 1558
YKR006C 7 114
YKR007W 1 3
YKR008W 20 462
YKR009C 40 1595
YKR010C 27 679
YKR011C 14 2077
YKR012C 14 209
YKR013W 14 1661
YKR014C 0 0
YKR015C 13 153
YKR016W 22 471
YKR017C 11 127
YKR018C 21 583
YKR019C 40 1808
YKR020W 2 156
YKR021W 36 462
YKR022C 13 325
YKR023W 20 321
YKR024C 21 563
YKR025W 7 102
YKR026C 11 348
YKR027W 36 3963
YKR028W 46 1141
YKR029C 11 318
YKR030W 4 9
YKR031C 50 1652
YKR032W 9 1458
YKR033C 3 60
YKR034W 8 370
YKR035C 5 193
YKR035W-A 5 193
YKR036C 36 1307
YKR037C 11 266
YKR038C 15 224
YKR039W 21 513
YKR040C 34 1120
YKR041W 54 4609
YKR042W 28 841
YKR043C 20 1068
YKR044W 26 599
YKR045C 15 513
YKR046C 17 504
YKR047W 7 49
YKR048C 21 334
YKR049C 14 326
YKR050W 27 301
YKR051W 29 2482
YKR052C 9 160
YKR053C 23 646
YKR054C 101 2050
YKR055W 10 537
YKR056W 14 169
YKR057W 6 64
YKR058W 14 231
YKR059W 4 285
YKR060W 13 1624
YKR061W 35 979
YKR062W 8 103
YKR063C 18 307
YKR064W 35 1318
YKR065C 4 16
YKR066C 9 421
YKR067W 38 2461
YKR068C 10 206
YKR069W 17 519
YKR070W 16 1413
YKR071C 12 436
YKR072C 25 334
YKR073C 18 778
YKR074W 11 247
YKR075C 20 952
YKR075W-A 13 831
YKR076W 24 353
YKR077W 7 56
YKR078W 13 287
YKR079C 27 757
YKR080W 15 251
YKR081C 6 82
YKR082W 36 906
YKR083C 5 67
YKR084C 19 433
YKR085C 11 336
YKR086W 21 434
YKR087C 11 404
YKR088C 16 277
YKR089C 23 622
YKR090W 26 723
YKR091W 14 237
YKR092C 14 738
YKR093W 50 1281
YKR094C 10 345
YKR095W 32 542
YKR095W-A 6 84
YKR096W 58 18093
YKR097W 46 1336
YKR098C 30 944
YKR099W 26 641
YKR100C 16 254
YKR101W 28 545
YKR102W 39 1386
YKR103W 28 569
YKR104W 7 313
YKR105C 4 24
YKR106W 7 67
YLL067C 0 0
YLL067W-A 0 0
YLL066W-B 3 9
YLL066C 0 0
YLL066W-A 0 0
YLL065W 7 157
YLL064C 0 0
YLL063C 26 2375
YLL062C 10 31
YLL061W 28 816
YLL060C 15 494
YLL059C 30 1440
YLL058W 15 210
YLL057C 28 622
YLL056C 11 1545
YLL055W 14 298
YLL054C 22 426
YLL053C 10 277
YLL052C 9 168
YLL051C 38 1111
YLL050C 6 61
YLL049W 9 309
YLL048C 53 1896
YLL047W 6 382
YLL046C 9 552
YLL045C 10 182
YLL044W 8 169
YLL043W 12 257
YLL042C 9 125
YLL041C 27 316
YLL040C 101 2669
YLL039C 28 607
YLL038C 17 285
YLL037W 3 18
YLL036C 7 186
YLL035W 10 144
YLL034C 9 137
YLL033W 7 20
YLL032C 11 208
YLL031C 19 298
YLL030C 9 594
YLL029W 74 10611
YLL028W 51 6196
YLL027W 11 168
YLL026W 53 2687
YLL025W 6 2226
YLL024C 20 1374
YLL023C 24 638
YLL022C 22 521
YLL021W 46 1154
YLL020C 5 128
YLL019C 19 470
YLL019W-A 0 0
YLL018C-A 5 149
YLL018C 13 338
YLL015W 35 1282
YLL014W 3 744
YLL013C 43 1500
YLL012W 33 1157
YLL011W 23 474
YLL010C 34 922
YLL009C 1 7
YLL008W 8 477
YLL007C 10 113
YLL006W-A 9 260
YLL006W 10 107
YLL005C 22 258
YLL004W 12 347
YLL003W 14 117
YLL002W 27 841
YLL001W 67 1273
YLR001C 65 4302
YLR002C 24 387
YLR003C 9 188
YLR004C 30 991
YLR005W 27 600
YLR006C 28 958
YLR007W 15 349
YLR008C 3 46
YLR009W 0 0
YLR010C 4 36
YLR011W 12 144
YLR012C 9 173
YLR013W 3 121
YLR014C 32 1228
YLR015W 18 426
YLR016C 12 195
YLR017W 14 366
YLR018C 13 98
YLR019W 40 1717
YLR020C 15 219
YLR021W 10 77
YLR022C 9 239
YLR023C 26 412
YLR024C 89 2991
YLR025W 9 103
YLR026C 3 88
YLR027C 23 715
YLR028C 43 1638
YLR029C 6 114
YLR030W 10 166
YLR031W 2 6
YLR032W 24 1235
YLR033W 2 10
YLR034C 16 2717
YLR035C 24 327
YLR036C 7 71
YLR037C 6 185
YLR038C 5 140
YLR039C 25 811
YLR040C 11 228
YLR041W 6 355
YLR042C 6 188
YLR043C 2 25
YLR044C 46 2283
YLR045C 45 1120
YLR046C 6 65
YLR047C 25 532
YLR048W 8 39
YLR049C 12 581
YLR050C 12 165
YLR051C 6 361
YLR052W 1 63
YLR053C 3 11
YLR054C 23 1125
YLR055C 26 374
YLR056W 18 396
YLR057W 39 907
YLR058C 23 1580
YLR059C 48 3896
YLR060W 20 438
YLR061W 3 21
YLR062C 3 21
YLR063W 8 108
YLR064W 6 600
YLR065C 2 51
YLR066W 6 69
YLR067C 31 417
YLR068W 8 223
YLR069C 32 393
YLR070C 21 330
YLR071C 26 483
YLR072W 12 123
YLR073C 19 759
YLR074C 26 1354
YLR075W 5 24
YLR076C 4 29
YLR077W 41 1523
YLR078C 16 234
YLR079W 13 494
YLR080W 27 635
YLR081W 59 10449
YLR082C 13 177
YLR083C 23 301
YLR084C 61 7222
YLR085C 33 1421
YLR086W 35 866
YLR087C 107 1945
YLR088W 20 199
YLR089C 14 248
YLR090W 21 577
YLR091W 22 1033
YLR092W 50 1632
YLR093C 10 143
YLR094C 44 3869
YLR095C 45 1167
YLR096W 39 650
YLR097C 15 285
YLR098C 21 472
YLR099C 31 521
YLR099W-A 14 502
YLR100W 22 596
YLR101C 6 64
YLR102C 8 111
YLR103C 11 83
YLR104W 3 98
YLR105C 12 307
YLR106C 99 1558
YLR107W 20 436
YLR108C 20 224
YLR109W 13 319
YLR110C 4 35
YLR111W 10 466
YLR112W 36 2246
YLR113W 38 1119
YLR114C 27 439
YLR115W 21 508
YLR116W 19 275
YLR117C 22 823
YLR118C 4 126
YLR119W 11 246
YLR120C 28 210
YLR120W-A 9 1773
YLR121C 24 743
YLR122C 2 3
YLR123C 1 1
YLR124W 5 14
YLR125W 1 36
YLR126C 4 934
YLR127C 18 194
YLR128W 7 130
YLR129W 22 290
YLR130C 33 1224
YLR131C 45 668
YLR132C 11 113
YLR133W 15 220
YLR134W 24 524
YLR135W 28 665
YLR136C 7 230
YLR137W 38 1061
YLR138W 40 1082
YLR139C 20 222
YLR140W 11 97
YLR141W 53 5484
YLR142W 27 435
YLR143W 20 188
YLR144C 28 450
YLR145W 2 37
YLR146C 20 633
YLR146W-A 2 188
YLR147C 3 25
YLR148W 20 488
YLR149C 17 238
YLR149C-A 3 57
YLR150W 5 28
YLR151C 12 2301
YLR152C 18 172
YLR153C 37 846
YLR154C 7 42
YLR154W-A 0 0
YLR154W-B 0 0
YLR154W-C 0 0
YLR154W-E 0 0
YLR154W-F 0 0
YLR154C-G 0 0
YLR154C-H 0 0
YLR155C 0 0
YLR156W 0 0
YLR156C-A 0 0
YLR157C 0 0
YLR157W-D 0 0
YLR157W-E 0 0
YLR157C-C 0 0
YLR158C 0 0
YLR159W 0 0
YLR159C-A 0 0
YLR160C 0 0
YLR161W 0 0
YLR162W 3 8
YLR162W-A 3 114
YLR163C 27 343
YLR163W-A 1 21
YLR164W 7 135
YLR165C 3 4
YLR166C 20 334
YLR167W 10 64
YLR168C 21 279
YLR169W 14 979
YLR170C 12 327
YLR171W 9 212
YLR172C 22 574
YLR173W 44 11585
YLR174W 31 841
YLR175W 15 208
YLR176C 21 188
YLR177W 26 404
YLR178C 12 159
YLR179C 22 787
YLR180W 24 644
YLR181C 27 634
YLR182W 15 191
YLR183C 20 268
YLR184W 9 143
YLR185W 5 104
YLR186W 10 74
YLR187W 27 861
YLR188W 26 3443
YLR189C 50 1429
YLR190W 21 470
YLR191W 14 295
YLR192C 1 1
YLR193C 8 76
YLR194C 20 350
YLR195C 13 234
YLR196W 36 405
YLR197W 3 150
YLR198C 0 0
YLR199C 12 1195
YLR200W 0 0
YLR201C 11 127
YLR202C 19 792
YLR203C 16 217
YLR204W 4 5
YLR205C 30 481
YLR206W 11 355
YLR207W 41 413636
YLR208W 6 35
YLR209C 20 397
YLR210W 18 380
YLR211C 7 52
YLR212C 10 60
YLR213C 44 1721
YLR214W 29 389
YLR215C 8 174
YLR216C 16 292
YLR217W 11 262
YLR218C 14 699
YLR219W 30 545
YLR220W 20 751
YLR221C 5 104
YLR222C 25 663
YLR222C-A 0 0
YLR223C 24 402
YLR224W 18 484
YLR225C 12 144
YLR226W 6 61
YLR227C 15 288
YLR228C 26 1098
YLR229C 5 381
YLR230W 5 66
YLR231C 21 1481
YLR232W 8 156
YLR233C 27 948
YLR234W 66 1558
YLR235C 27 513
YLR236C 26 5324
YLR237W 38 650
YLR238W 14 328
YLR239C 4 61
YLR240W 19 138
YLR241W 21 815
YLR242C 8 64
YLR243W 5 33
YLR244C 17 169
YLR245C 9 131
YLR246W 15 177
YLR247C 50 1239
YLR248W 21 866
YLR249W 30 245
YLR250W 13 777
YLR251W 10 250
YLR252W 1 20
YLR253W 18 315
YLR254C 12 326
YLR255C 35 3139
YLR256W 87 1595
YLR257W 24 301
YLR258W 48 1368
YLR259C 32 1628
YLR260W 29 808
YLR261C 3 18
YLR262C 7 186
YLR262C-A 1 7
YLR263W 29 666
YLR264W 1 12
YLR264C-A 1 1
YLR265C 6 32
YLR266C 35 798
YLR267W 16 8549
YLR268W 8 76
YLR269C 19 1002
YLR270W 13 445
YLR271W 19 211
YLR272C 31 894
YLR273C 17 309
YLR274W 28 424
YLR275W 5 42
YLR276C 6 44
YLR277C 16 291
YLR278C 35 880
YLR279W 21 1321
YLR280C 7 283
YLR281C 8 317
YLR282C 12 715
YLR283W 20 766
YLR284C 1 38
YLR285W 4 32
YLR285C-A 8 762
YLR286C 5 19
YLR286W-A 0 0
YLR287C 8 4985
YLR287C-A 4 57
YLR288C 26 589
YLR289W 22 383
YLR290C 6 183
YLR291C 7 19
YLR292C 8 136
YLR293C 7 28
YLR294C 9 179
YLR295C 5 61
YLR296W 20 1827
YLR297W 18 482
YLR298C 19 413
YLR299W 90 2629
YLR299C-A 9 157
YLR300W 38 1364
YLR301W 13 322
YLR302C 17 1045
YLR303W 23 909
YLR304C 72 2552
YLR305C 63 1520
YLR306W 10 291
YLR307W 15 356
YLR307C-A 3 10
YLR308W 9 188
YLR309C 29 720
YLR310C 33 373
YLR311C 9 49
YLR312C 24 567
YLR312W-A 13 244
YLR313C 26 1268
YLR314C 16 300
YLR315W 7 94
YLR316C 26 838
YLR317W 13 260
YLR318W 36 777
YLR319C 18 306
YLR320W 30 886
YLR321C 18 826
YLR322W 4 24
YLR323C 12 157
YLR324W 21 332
YLR325C 2 39
YLR326W 23 1997
YLR327C 10 275
YLR328W 22 412
YLR329W 13 237
YLR330W 34 1786
YLR331C 4 161
YLR332W 10 664
YLR333C 15 157
YLR334C 8 82
YLR335W 9 1587
YLR336C 29 829
YLR337C 22 169
YLR338W 3 14
YLR339C 3 35
YLR340W 6 50
YLR341W 10 470
YLR342W 60 895
YLR342W-A 1 3
YLR343W 19 133
YLR344W 12 1136
YLR345W 31 927
YLR346C 4 104
YLR347C 33 615
YLR347W-A 0 0
YLR348C 56 8969
YLR349W 38 3539
YLR350W 9 397
YLR351C 20 645
YLR352W 43 1192
YLR353W 22 392
YLR354C 15 662
YLR355C 34 969
YLR356W 7 55
YLR357W 49 916
YLR358C 20 220
YLR359W 8 40
YLR360W 16 254
YLR361C 34 920
YLR361C-A 7 35
YLR362W 32 997
YLR363C 5 31
YLR363W-A 2 41
YLR364W 3 84
YLR365W 6 59
YLR364C-A 8 144
YLR366W 23 715
YLR367W 25 1098
YLR368W 23 553
YLR369W 16 399
YLR370C 8 94
YLR371W 49 1249
YLR372W 6 67
YLR373C 23 215
YLR374C 13 1264
YLR375W 18 693
YLR376C 13 199
YLR377C 35 882
YLR378C 32 830
YLR379W 10 200
YLR380W 24 378
YLR381W 21 447
YLR382C 33 608
YLR383W 23 624
YLR384C 26 342
YLR385C 8 258
YLR386W 23 231
YLR387C 25 412
YLR388W 3 19
YLR389C 65 1186
YLR390W 7 45
YLR390W-A 6 156
YLR392C 28 679
YLR393W 5 59
YLR394W 12 91
YLR395C 0 0
YLR396C 41 1782
YLR397C 24 265
YLR398C 52 524
YLR399C 28 310
YLR399W-A 1 3
YLR400W 24 7174
YLR401C 44 1406
YLR402W 5 61
YLR403W 21 237
YLR404W 12 524
YLR405W 21 1306
YLR406C 12 256
YLR406C-A 5 56
YLR407W 3 101
YLR408C 15 1479
YLR409C 37 992
YLR410W 73 2038
YLR411W 15 521
YLR412W 7 343
YLR412C-A 1 1
YLR413W 30 1362
YLR414C 42 2433
YLR415C 36 3068
YLR416C 32 3721
YLR417W 49 1072
YLR418C 11 109
YLR419W 32 609
YLR420W 14 216
YLR421C 3 587
YLR422W 47 1187
YLR423C 8 133
YLR424W 10 128
YLR425W 45 1242
YLR426W 10 37
YLR427W 15 412
YLR428C 20 596
YLR429W 40 1151
YLR430W 43 913
YLR431C 20 329
YLR432W 24 343
YLR433C 19 428
YLR434C 3 35
YLR435W 4 72
YLR436C 68 3154
YLR437C 21 421
YLR437C-A 8 281
YLR438W 62 5629
YLR438C-A 6 38
YLR439W 20 292
YLR440C 13 189
YLR441C 10 64
YLR442C 23 607
YLR443W 17 262
YLR444C 4 33
YLR445W 7 71
YLR446W 13 263
YLR447C 18 412
YLR448W 14 188
YLR449W 9 435
YLR450W 54 945
YLR451W 22 520
YLR452C 30 437
YLR453C 23 257
YLR454W 73 1961
YLR455W 13 413
YLR456W 17 366
YLR457C 14 212
YLR458W 5 31
YLR459W 2 49
YLR460C 14 357
YLR461W 1 3
YLR462W 1 3
YLR463C 1 3
YLR464W 0 0
YLR465C 0 0
YLR466W 1 2
YLR466C-A 0 0
YLR466C-B 2 58
YLR467W 0 0
YLR467C-A 0 0
YML133C 0 0
YML133W-B 0 0
YML133W-A 0 0
YML132W 0 0
YML131W 14 415
YML130C 17 488
YML129C 5 48
YML128C 23 510
YML127W 30 1188
YML126C 36 1584
YML125C 22 291
YML124C 24 1131
YML123C 34 785
YML122C 33 1521
YML121W 9 275
YML120C 28 946
YML119W 8 87
YML118W 29 840
YML117W 58 1784
YML116W-A 4 76
YML116W 24 454
YML115C 23 1992
YML114C 15 629
YML113W 11 349
YML112W 14 377
YML111W 34 863
YML110C 17 719
YML109W 26 2813
YML108W 1 14
YML107C 15 162
YML106W 7 289
YML105C 8 240
YML104C 28 873
YML103C 44 1323
YML102W 36 1165
YML101C-A 12 934
YML101C 29 1381
YML100W-A 22 682
YML100W 99 3168
YML099W-A 1 1
YML099C 26 513
YML098W 4 244
YML097C 13 322
YML096W 15 313
YML095C 7 71
YML094C-A 8 448
YML094W 9 446
YML093W 24 821
YML092C 7 40
YML091C 54 1073
YML090W 9 1776
YML089C 20 3065
YML088W 22 248
YML087C 17 779
YML086C 21 422
YML085C 17 256
YML084W 17 763
YML083C 27 704
YML082W 37 1734
YML081C-A 5 99
YML081W 23 684
YML080W 8 399
YML079W 11 657
YML078W 10 284
YML077W 9 49
YML076C 39 1161
YML075C 48 906
YML074C 5 64
YML073C 7 79
YML072C 81 3048
YML071C 17 614
YML070W 25 1004
YML069W 6 47
YML068W 19 536
YML067C 14 462
YML066C 20 390
YML065W 20 259
YML064C 7 153
YML063W 3 108
YML062C 17 422
YML061C 16 535
YML060W 12 233
YML059C 48 1423
YML058W-A 2 74
YML058W 12 102
YML057C-A 6 47
YML057W 28 334
YML056C 45 1497
YML055W 6 84
YML054C 52 4608
YML054C-A 22 1499
YML053C 13 1185
YML052W 22 680
YML051W 34 1914
YML050W 14 601
YML049C 50 1447
YML048W 6 35
YML047W-A 6 110
YML047C 7 121
YML046W 17 236
YML043C 5 128
YML042W 46 7178
YML041C 14 253
YML038C 7 176
YML037C 5 17
YML036W 11 311
YML035C 37 903
YML034C-A 12 261
YML034W 42 766
YML032C 17 277
YML031C-A 3 81
YML031W 27 585
YML030W 9 333
YML029W 35 1195
YML028W 23 361
YML027W 22 322
YML026C 6 67
YML025C 14 1065
YML024W 2 24
YML023C 29 503
YML022W 6 350
YML021C 24 417
YML020W 33 1001
YML019W 9 474
YML018C 30 909
YML017W 36 658
YML016C 32 919
YML015C 5 53
YML014W 15 405
YML013W 20 442
YML012C-A 11 169
YML012W 10 149
YML011C 11 787
YML010W 16 381
YML009W-B 4 26
YML009C-A 2 54
YML009C 1 1
YML008C 9 108
YML007C-A 6 260
YML007W 24 428
YML006C 23 390
YML005W 25 417
YML004C 45 1881
YML003W 26 620
YML002W 42 1783
YML001W 18 1096
YMR001C 40 1679
YMR001C-A 7 600
YMR002W 21 916
YMR003W 10 79
YMR004W 25 4937
YMR005W 21 307
YMR006C 28 832
YMR007W 23 2353
YMR008C 17 341
YMR009W 7 92
YMR010W 16 354
YMR011W 28 312
YMR012W 32 1408
YMR013C 14 293
YMR013C-A 2 30
YMR013W-A 4 353
YMR014W 9 153
YMR015C 43 1760
YMR016C 10 131
YMR017W 18 313
YMR018W 21 939
YMR019W 28 980
YMR020W 25 602
YMR021C 16 293
YMR022W 10 79
YMR023C 26 487
YMR024W 8 142
YMR025W 6 23
YMR026C 6 123
YMR027W 14 291
YMR028W 6 94
YMR029C 15 569
YMR030W 26 473
YMR031C 17 320
YMR031W-A 11 151
YMR032W 11 403
YMR030W-A 6 155
YMR033W 7 258
YMR034C 14 111
YMR035W 11 2557
YMR036C 15 2006
YMR037C 20 166
YMR038C 16 869
YMR039C 15 154
YMR040W 16 673
YMR041C 8 151
YMR042W 52 5048
YMR043W 19 427
YMR044W 19 343
YMR046W-A 0 0
YMR047C 25 521
YMR048W 10 304
YMR049C 21 737
YMR052W 6 48
YMR052C-A 4 39
YMR053C 36 2668
YMR054W 45 4686
YMR055C 31 834
YMR056C 33 473
YMR057C 39 1036
YMR058W 54 1268
YMR059W 2 16
YMR060C 14 287
YMR061W 8 170
YMR062C 25 482
YMR063W 16 811
YMR064W 18 345
YMR065W 33 4232
YMR066W 14 300
YMR067C 13 217
YMR068W 10 226
YMR069W 65 2367
YMR070W 22 920
YMR071C 4 87
YMR072W 4 66
YMR073C 5 46
YMR074C 5 42
YMR075W 16 152
YMR075C-A 3 42
YMR076C 28 16960
YMR077C 10 252
YMR078C 19 365
YMR079W 13 151
YMR080C 27 389
YMR081C 8 295
YMR082C 14 836
YMR083W 14 284
YMR084W 22 580
YMR085W 15 242
YMR086W 26 686
YMR086C-A 17 180
YMR087W 20 497
YMR088C 21 740
YMR089C 18 204
YMR090W 18 568
YMR091C 19 1038
YMR092C 23 720
YMR093W 19 223
YMR094W 5 257
YMR095C 15 297
YMR096W 8 149
YMR097C 9 169
YMR098C 12 371
YMR099C 3 78
YMR100W 26 413
YMR101C 9 189
YMR102C 33 719
YMR103C 27 1154
YMR104C 35 817
YMR105C 8 24
YMR105W-A 13 563
YMR106C 42 1160
YMR107W 19 2089
YMR108W 32 1828
YMR109W 49 1519
YMR110C 22 385
YMR111C 17 582
YMR112C 5 45
YMR113W 22 521
YMR114C 18 957
YMR115W 18 1733
YMR116C 22 182
YMR117C 5 79
YMR118C 8 85
YMR119W 17 262
YMR119W-A 6 128
YMR120C 21 376
YMR121C 14 417
YMR122C 41 2808
YMR122W-A 7 55
YMR123W 0 0
YMR124W 29 781
YMR125W 16 125
YMR126C 9 183
YMR127C 12 199
YMR128W 29 1458
YMR129W 55 1987
YMR130W 14 357
YMR131C 16 371
YMR132C 8 124
YMR133W 7 67
YMR134W 7 169
YMR135C 29 606
YMR135W-A 36 756
YMR136W 38 1016
YMR137C 25 520
YMR138W 4 89
YMR139W 13 366
YMR140W 12 92
YMR141C 4 37
YMR142C 0 0
YMR141W-A 0 0
YMR143W 6 107
YMR144W 17 3635
YMR145C 58 2155
YMR146C 25 798
YMR147W 9 66
YMR148W 16 302
YMR149W 17 718
YMR150C 21 270
YMR151W 8 69
YMR152W 13 550
YMR153W 19 1347
YMR153C-A 0 0
YMR154C 27 503
YMR155W 20 381
YMR156C 11 304
YMR157C 12 17715
YMR158W 8 124
YMR158C-A 0 0
YMR158W-B 9 147
YMR159C 9 147
YMR160W 25 349
YMR161W 14 489
YMR162C 60 1892
YMR163C 15 410
YMR164C 16 248
YMR165C 42 618
YMR166C 6 326
YMR167W 28 541
YMR168C 22 516
YMR169C 25 235
YMR170C 13 4947
YMR171C 22 596
YMR172W 26 350
YMR172C-A 5 108
YMR173W 11 166
YMR173W-A 11 167
YMR174C 2 9
YMR175W 8 434
YMR175W-A 15 943
YMR176W 53 880
YMR177W 17 595
YMR178W 18 220
YMR179W 24 431
YMR180C 40 1579
YMR181C 4 43
YMR182C 4 60
YMR182W-A 5 42
YMR183C 11 445
YMR184W 11 418
YMR185W 25 560
YMR186W 18 424
YMR187C 25 1688
YMR188C 14 282
YMR189W 36 1345
YMR190C 40 952
YMR191W 16 140
YMR192W 17 449
YMR193W 4 36
YMR193C-A 11 203
YMR194W 12 273
YMR194C-B 16 722
YMR194C-A 20 10932
YMR195W 6 88
YMR196W 45 1082
YMR197C 8 130
YMR198W 31 2076
YMR199W 14 221
YMR200W 10 180
YMR201C 27 772
YMR202W 29 787
YMR203W 12 355
YMR204C 3 78
YMR205C 32 288
YMR206W 34 1416
YMR207C 68 1403
YMR208W 25 551
YMR209C 15 705
YMR210W 16 308
YMR211W 13 156
YMR212C 28 1019
YMR213W 17 178
YMR214W 10 44
YMR215W 21 294
YMR216C 36 216857
YMR217W 13 604
YMR218C 21 247
YMR219W 49 1261
YMR220W 19 495
YMR221C 13 117
YMR222C 5 111
YMR223W 18 168
YMR224C 42 749
YMR225C 12 293
YMR226C 9 40
YMR227C 17 374
YMR228W 13 261
YMR229C 38 739
YMR230W 11 211
YMR230W-A 20 666
YMR231W 33 705
YMR232W 18 248
YMR233W 10 129
YMR234W 14 161
YMR235C 16 578
YMR236W 2 11
YMR237W 22 365
YMR238W 20 3884
YMR239C 15 692
YMR240C 23 555
YMR241W 17 679
YMR242C 10 207
YMR242W-A 0 0
YMR243C 25 6195
YMR244W 30 536
YMR244C-A 10 123
YMR245W 42 4469
YMR246W 80 3852
YMR247C 26 945
YMR247W-A 1 11
YMR250W 34 604
YMR251W 70 2401
YMR251W-A 0 0
YMR252C 15 944
YMR253C 25 778
YMR254C 20 375
YMR255W 3 18
YMR256C 2 44
YMR257C 31 504
YMR258C 16 449
YMR259C 21 259
YMR260C 1 3
YMR261C 35 1081
YMR262W 14 125
YMR263W 7 97
YMR264W 10 411
YMR265C 22 615
YMR266W 32 769
YMR267W 16 268
YMR268C 6 55
YMR269W 4 23
YMR270C 10 79
YMR271C 22 498
YMR272C 18 451
YMR272W-A 1 3
YMR272W-B 0 0
YMR273C 30 491
YMR274C 13 229
YMR275C 20 681
YMR276W 23 440
YMR277W 20 205
YMR278W 22 384
YMR279C 19 208
YMR280C 64 1732
YMR281W 9 97
YMR282C 20 1476
YMR283C 13 513
YMR284W 17 525
YMR285C 19 1015
YMR286W 1 1
YMR287C 31 509
YMR288W 21 279
YMR289W 20 1135
YMR290C 6 96
YMR290W-A 3 7
YMR291W 28 2641
YMR292W 11 475
YMR293C 23 398
YMR294W 10 145
YMR294W-A 1 1
YMR295C 9 181
YMR296C 29 2823
YMR297W 35 962
YMR298W 6 53
YMR299C 8 83
YMR300C 16 819
YMR301C 26 905
YMR302C 26 422
YMR303C 15 146
YMR304W 40 1130
YMR304C-A 8 235
YMR305C 8 137
YMR306W 65 2718
YMR306C-A 11 444
YMR307W 25 789
YMR307C-A 1 2
YMR308C 28 864
YMR309C 20 830
YMR310C 10 229
YMR311C 9 39
YMR312W 3 15
YMR313C 12 214
YMR314W 9 106
YMR315W 33 9386
YMR315W-A 7 96
YMR316W 23 537
YMR316C-A 6 81
YMR316C-B 0 0
YMR317W 14 312
YMR318C 35 813
YMR319C 46 1957
YMR320W 5 97
YMR321C 1 28
YMR322C 0 0
YMR323W 4 26
YMR324C 9 255
YMR325W 1 1
YMR326C 4 1512
YNL339C 0 0
YNL339W-B 0 0
YNL339W-A 0 0
YNL338W 4 38
YNL337W 2 10
YNL336W 3 8
YNL335W 1 4
YNL334C 3 132
YNL333W 1 2
YNL332W 6 130
YNL331C 5 644
YNL330C 24 389
YNL329C 40 1124
YNL328C 5 28
YNL327W 17 216
YNL326C 19 278
YNL325C 45 1329
YNL324W 9 190
YNL323W 16 581
YNL322C 4 14
YNL321W 33 2749
YNL320W 20 408
YNL319W 5 203
YNL318C 19 459
YNL317W 13 99
YNL316C 9 1344
YNL315C 6 83
YNL314W 20 214
YNL313C 21 293
YNL312W 4 14
YNL311C 28 1422
YNL310C 14 450
YNL309W 18 1434
YNL308C 13 104
YNL307C 21 283
YNL306W 7 86
YNL305C 16 286
YNL304W 25 847
YNL303W 7 303
YNL302C 4 17
YNL301C 21 584
YNL300W 4 49
YNL299W 14 397
YNL298W 21 563
YNL297C 26 737
YNL296W 2 2
YNL295W 18 464
YNL294C 20 1237
YNL293W 31 1687
YNL292W 13 166
YNL291C 20 384
YNL290W 21 252
YNL289W 24 1055
YNL288W 20 396
YNL287W 22 443
YNL286W 14 325
YNL285W 20 2025
YNL284C 9 92
YNL283C 23 348
YNL282W 19 685
YNL281W 6 317
YNL280C 25 480
YNL279W 34 1078
YNL278W 54 1518
YNL277W-A 20 5429
YNL277W 43 10538
YNL276C 17 1306
YNL275W 21 457
YNL274C 12 60
YNL273W 18 1468
YNL272C 12 214
YNL271C 21 880
YNL270C 20 629
YNL269W 24 1094
YNL268W 31 949
YNL267W 34 770
YNL266W 4 57
YNL265C 20 265
YNL264C 24 891
YNL263C 12 169
YNL262W 71 2324
YNL261W 11 254
YNL260C 2 29
YNL259C 4 80
YNL258C 17 247
YNL257C 46 945
YNL256W 14 775
YNL255C 3 10
YNL254C 15 560
YNL253W 13 34928
YNL252C 4 158
YNL251C 44 972
YNL250W 28 917
YNL249C 12 285
YNL248C 5 15
YNL247W 14 296
YNL246W 15 218
YNL245C 9 97
YNL244C 15 383
YNL243W 53 1448
YNL242W 60 6983
YNL241C 51 1252
YNL240C 52 3343
YNL239W 20 324
YNL238W 25 511
YNL237W 25 748
YNL236W 30 857
YNL235C 9 773
YNL234W 21 998
YNL233W 28 625
YNL232W 24 319
YNL231C 48 3489
YNL230C 39 2098
YNL229C 20 726
YNL228W 21 399
YNL227C 21 386
YNL226W 8 113
YNL225C 18 391
YNL224C 27 1118
YNL223W 13 193
YNL222W 12 625
YNL221C 30 467
YNL220W 18 356
YNL219C 15 501
YNL218W 28 1039
YNL217W 27 845
YNL216W 46 842
YNL215W 4 8
YNL214W 9 112
YNL213C 8 331
YNL212W 16 485
YNL211C 7 257
YNL210W 5 74
YNL209W 18 1375
YNL208W 12 159
YNL207W 5 90
YNL206C 19 275
YNL205C 5 455
YNL204C 3 43
YNL203C 6 130
YNL202W 18 2520
YNL201C 16 366
YNL200C 12 279
YNL199C 18 497
YNL198C 3 181
YNL197C 13 209
YNL196C 20 378
YNL195C 22 1061
YNL194C 15 165
YNL193W 16 312
YNL192W 46 787
YNL191W 29 1324
YNL190W 6 70
YNL189W 8 237
YNL188W 12 237
YNL187W 19 1721
YNL186W 31 386
YNL185C 2 26
YNL184C 3 6
YNL183C 21 421
YNL182C 19 267
YNL181W 14 417
YNL180C 15 510
YNL179C 12 182
YNL178W 2 5
YNL177C 7 111
YNL176C 22 454
YNL175C 18 322
YNL174W 4 23
YNL173C 21 385
YNL172W 43 475
YNL171C 6 28
YNL170W 5 104
YNL169C 16 225
YNL168C 15 1427
YNL167C 16 138
YNL166C 13 496
YNL165W 16 1306
YNL164C 19 864
YNL163C 39 1070
YNL162W-A 0 0
YNL162W 4 31
YNL161W 13 121
YNL160W 13 551
YNL159C 9 278
YNL158W 15 114
YNL157W 7 583
YNL156C 14 274
YNL155W 6 576
YNL154C 30 540
YNL153C 13 1588
YNL152W 6 34
YNL151C 7 117
YNL150W 4 190
YNL149C 4 7
YNL148C 56 5645
YNL147W 3 10
YNL146C-A 9 627
YNL146W 5 59
YNL145W 2 51
YNL144C 53 1242
YNL144W-A 1 6
YNL143C 4 26
YNL142W 42 1571
YNL141W 16 575
YNL140C 4 14
YNL139C 31 552
YNL138W-A 7 139
YNL138W 12 179
YNL137C 17 392
YNL136W 24 636
YNL135C 2 4
YNL134C 20 273
YNL133C 12 306
YNL132W 13 108
YNL131W 1 4
YNL130C 10 173
YNL130C-A 7 223
YNL129W 8 202
YNL128W 19 961
YNL127W 25 1016
YNL126W 18 460
YNL125C 25 1039
YNL124W 12 480
YNL123W 39 719
YNL122C 4 74
YNL121C 13 268
YNL120C 5 43
YNL119W 16 412
YNL118C 13 171
YNL117W 38 1157
YNL116W 20 448
YNL115C 29 421
YNL114C 2 3
YNL113W 2 7
YNL112W 35 644
YNL111C 3 16
YNL110C 8 99
YNL109W 5 41
YNL108C 15 411
YNL107W 11 175
YNL106C 43 1662
YNL105W 7 209
YNL104C 46 1137
YNL103W-A 2 719
YNL103W 22 432
YNL102W 48 1045
YNL101W 21 606
YNL100W 11 133
YNL099C 12 211
YNL098C 12 127
YNL097C-B 7 54
YNL097C 23 2542
YNL097W-A 4 43
YNL096C 14 486
YNL095C 16 315
YNL094W 18 249
YNL093W 7 186
YNL092W 42 775
YNL091W 24 789
YNL090W 2 10
YNL089C 2 10
YNL088W 29 359
YNL087W 56 4832
YNL086W 6 32
YNL085W 30 672
YNL084C 9 399
YNL083W 15 863
YNL082W 17 533
YNL081C 2 14
YNL080C 23 564
YNL079C 11 172
YNL078W 20 1103
YNL077W 24 567
YNL076W 20 534
YNL075W 6 26
YNL074C 22 710
YNL073W 26 622
YNL072W 26 1465
YNL071W 12 44
YNL070W 2 7
YNL069C 7 236
YNL068C 34 1776
YNL067W-A 4 60
YNL067W-B 5 178
YNL067W 17 206
YNL066W 44 11212
YNL065W 23 412
YNL064C 26 701
YNL063W 10 665
YNL062C 14 419
YNL061W 14 136
YNL059C 10 146
YNL058C 8 86
YNL057W 2 9
YNL056W 6 2291
YNL055C 23 1329
YNL054W 23 337
YNL053W 48 2669
YNL052W 17 292
YNL051W 9 122
YNL050C 6 38
YNL049C 24 414
YNL048W 13 687
YNL047C 18 579
YNL046W 12 364
YNL045W 21 754
YNL044W 8 70
YNL043C 3 33
YNL042W-B 15 514
YNL042W 19 711
YNL041C 25 912
YNL040W 16 270
YNL039W 13 417
YNL038W 9 743
YNL037C 36 361
YNL036W 35 722
YNL035C 17 311
YNL034W 12 40
YNL033W 0 0
YNL032W 13 182
YNL031C 7 372
YNL030W 4 46
YNL029C 24 855
YNL028W 16 912
YNL027W 17 438
YNL026W 12 216
YNL025C 16 215
YNL024C-A 10 75
YNL024C 18 253
YNL023C 44 858
YNL022C 19 590
YNL021W 21 236
YNL020C 39 778
YNL019C 1 13
YNL018C 14 256
YNL017C 19 233
YNL016W 17 193
YNL015W 0 0
YNL014W 28 868
YNL013C 0 0
YNL012W 42 1268
YNL011C 12 336
YNL010W 13 593
YNL009W 27 1041
YNL008C 40 3798
YNL007C 9 991
YNL006W 12 171
YNL005C 16 347
YNL004W 73 9094
YNL003C 18 447
YNL002C 9 172
YNL001W 33 653
YNR001C 48 2241
YNR001W-A 9 365
YNR002C 68 5480
YNR003C 25 1420
YNR003W-A 3 31
YNR004W 11 629
YNR005C 3 85
YNR006W 13 170
YNR007C 11 105
YNR008W 39 835
YNR009W 9 389
YNR010W 7 338
YNR011C 32 758
YNR012W 16 266
YNR013C 43 4585
YNR014W 24 754
YNR015W 37 2740
YNR016C 125 2678
YNR017W 23 212
YNR018W 31 552
YNR019W 39 931
YNR020C 15 437
YNR021W 25 633
YNR022C 4 33
YNR023W 5 512
YNR024W 3 40
YNR025C 0 0
YNR026C 14 293
YNR027W 14 499
YNR028W 17 351
YNR029C 18 454
YNR030W 14 158
YNR031C 90 4219
YNR032W 27 796
YNR032C-A 5 61
YNR033W 27 829
YNR034W 16 1143
YNR034W-A 9 373
YNR035C 6 45
YNR036C 6 244
YNR037C 7 130
YNR038W 16 888
YNR039C 25 368
YNR040W 19 454
YNR041C 16 495
YNR042W 3 20
YNR043W 10 107
YNR044W 16 915
YNR045W 17 176
YNR046W 9 199
YNR047W 37 659
YNR048W 17 1077
YNR049C 18 286
YNR050C 24 628
YNR051C 19 336
YNR052C 20 444
YNR053C 11 130
YNR054C 16 868
YNR055C 32 1449
YNR056C 27 2048
YNR057C 30 7080
YNR058W 25 1386
YNR059W 19 310
YNR060W 22 475
YNR061C 8 110
YNR062C 4 20
YNR063W 14 283
YNR064C 19 12638
YNR065C 21 631
YNR066C 34 867
YNR067C 30 1372
YNR068C 6 36
YNR069C 12 153
YNR070W 37 615
YNR071C 21 699
YNR072W 16 285
YNR073C 15 327
YNR074C 12 771
YNR075W 18 444
YNR075C-A 6 724
YNR076W 0 0
YNR077C 1 4
YOL166W-A 3 2648
YOL166C 4 20
YOL165C 2 415
YOL164W-A 0 0
YOL164W 29 938
YOL163W 7 134
YOL162W 4 74
YOL161C 2 19
YOL160W 3 25
YOL159C-A 1 3
YOL159C 9 391
YOL158C 33 1247
YOL157C 14 275
YOL156W 8 842
YOL155W-A 0 0
YOL155C 27 426
YOL154W 7 369
YOL152W 35 546
YOL151W 12 223
YOL150C 1 3
YOL149W 3 7
YOL148C 16 351
YOL147C 9 137
YOL146W 7 233
YOL145C 17 574
YOL144W 10 169
YOL143C 11 441
YOL142W 12 438
YOL141W 40 998
YOL140W 21 315
YOL139C 1 20
YOL138C 46 1125
YOL137W 23 801
YOL136C 7 36
YOL135C 9 234
YOL134C 10 310
YOL133W 1 1
YOL132W 18 310
YOL131W 4 158
YOL130W 26 461
YOL129W 11 365
YOL128C 16 600
YOL127W 0 0
YOL126C 33 956
YOL125W 26 663
YOL124C 27 974
YOL123W 36 978
YOL122C 26 352
YOL121C 5 37
YOL120C 8 475
YOL119C 16 120
YOL118C 18 940
YOL117W 28 403
YOL116W 18 337
YOL115W 37 639
YOL114C 6 155
YOL113W 25 584
YOL112W 34 1498
YOL111C 16 192
YOL110W 62 14552
YOL109W 2 26
YOL108C 4 10
YOL107W 11 170
YOL106W 11 229
YOL105C 10 1287
YOL104C 7 263
YOL103W 18 1222
YOL102C 11 155
YOL101C 5 110
YOL100W 21 2145
YOL099C 6 108
YOL098C 44 876
YOL097W-A 12 407
YOL097C 13 305
YOL096C 16 246
YOL095C 24 595
YOL094C 14 314
YOL093W 2 21
YOL092W 16 246
YOL091W 10 63
YOL090W 22 527
YOL089C 34 749
YOL088C 5 66
YOL087C 28 1360
YOL086W-A 10 218
YOL086C 21 723
YOL085W-A 15 2859
YOL085C 27 3231
YOL084W 64 3514
YOL083W 10 299
YOL083C-A 0 0
YOL082W 20 815
YOL081W 82 1677
YOL080C 6 209
YOL079W 2 4
YOL078W 40 594
YOL077W-A 4 76
YOL077C 14 365
YOL076W 7 110
YOL075C 46 945
YOL073C 17 592
YOL072W 11 184
YOL071W 2 56
YOL070C 20 1341
YOL069W 17 347
YOL068C 25 627
YOL067C 5 11
YOL066C 15 266
YOL065C 17 336
YOL064C 13 173
YOL063C 23 1796
YOL062C 4 26
YOL061W 24 447
YOL060C 42 613
YOL059W 36 17434
YOL058W 40 964
YOL057W 29 400
YOL056W 13 340
YOL055C 14 277
YOL054W 22 325
YOL053W 25 2135
YOL052C-A 0 0
YOL052C 32 690
YOL051W 25 1135
YOL050C 3 485
YOL049W 18 387
YOL048C 8 123
YOL047C 7 337
YOL046C 8 287
YOL045W 28 609
YOL044W 12 126
YOL043C 8 175
YOL042W 18 302
YOL041C 18 732
YOL040C 0 0
YOL039W 3 40
YOL038C-A 4 97
YOL038W 8 62
YOL037C 5 62
YOL036W 33 583
YOL035C 5 37
YOL034W 44 1360
YOL033W 17 668
YOL032W 13 181
YOL031C 22 585
YOL030W 21 1252
YOL029C 10 263
YOL028C 11 752
YOL027C 14 366
YOL026C 15 1766
YOL025W 20 437
YOL024W 5 80
YOL023W 25 594
YOL022C 11 230
YOL021C 40 933
YOL020W 26 549
YOL019W-A 14 654
YOL019W 21 291
YOL018C 12 1262
YOL017W 28 1431
YOL016C 10 232
YOL015W 12 171
YOL014W 0 0
YOL013W-B 1 10
YOL013W-A 10 510
YOL013C 15 750
YOL012C 5 94
YOL011W 30 500
YOL010W 15 275
YOL009C 11 353
YOL008W 9 1284
YOL007C 28 7610
YOL006C 23 860
YOL005C 10 256
YOL004W 47 951
YOL003C 34 1119
YOL002C 38 2547
YOL001W 31 1178
YOR001W 52 2700
YOR002W 47 2266
YOR003W 47 1257
YOR004W 12 193
YOR005C 45 2395
YOR006C 16 311
YOR007C 10 98
YOR008C 2 7
YOR008C-A 2 3
YOR008W-B 2 341
YOR009W 4 199
YOR010C 0 0
YOR011W 39 1003
YOR011W-A 0 0
YOR012W 9 281
YOR013W 13 138
YOR014W 22 733
YOR015W 0 0
YOR016C 9 39
YOR017W 21 483
YOR018W 26 626
YOR019W 27 1268
YOR020C 6 46
YOR020W-A 0 0
YOR021C 3 58
YOR022C 25 811
YOR023C 12 269
YOR024W 27 1020
YOR025W 21 304
YOR026W 29 1926
YOR027W 28 828
YOR028C 15 618
YOR029W 21 6517
YOR030W 19 735
YOR031W 7 90
YOR032C 13 327
YOR032W-A 13 330
YOR033C 25 734
YOR034C 32 523
YOR034C-A 12 372
YOR035C 12 195
YOR036W 4 25
YOR037W 28 633
YOR038C 38 496
YOR039W 3 38
YOR040W 24 921
YOR041C 18 337
YOR042W 33 794
YOR043W 12 276
YOR044W 11 274
YOR045W 1 3
YOR046C 16 642
YOR047C 6 51
YOR048C 18 239
YOR049C 9 142
YOR050C 10 201
YOR051C 9 190
YOR052C 5 70
YOR053W 2 61
YOR054C 22 485
YOR055W 9 240
YOR056C 28 386
YOR057W 20 597
YOR058C 30 476
YOR059C 16 1307
YOR060C 15 522
YOR061W 12 265
YOR062C 16 626
YOR063W 10 260
YOR064C 10 115
YOR065W 9 102
YOR066W 24 981
YOR067C 14 311
YOR069W 17 249
YOR068C 2 28
YOR070C 16 440
YOR071C 26 408
YOR072W 21 1378
YOR072W-A 17 599
YOR072W-B 4 27
YOR073W 12 740
YOR074C 13 269
YOR073W-A 0 0
YOR075W 11 247
YOR076C 29 813
YOR077W 20 403
YOR078W 9 121
YOR079C 21 234
YOR080W 18 287
YOR081C 30 389
YOR082C 12 382
YOR083W 38 1997
YOR084W 41 2103
YOR085W 19 576
YOR086C 33 1052
YOR087W 25 623
YOR089C 6 130
YOR090C 36 1481
YOR091W 34 962
YOR092W 26 525
YOR093C 49 1360
YOR094W 2 62
YOR095C 8 226
YOR096W 5 218
YOR097C 11 290
YOR098C 23 350
YOR099W 33 960
YOR100C 15 901
YOR101W 5 38
YOR102W 0 0
YOR103C 1 1
YOR104W 8 92
YOR105W 2 28
YOR106W 9 29
YOR107W 24 665
YOR108W 29 507
YOR108C-A 3 17
YOR109W 27 424
YOR110W 14 1870
YOR111W 9 125
YOR112W 21 595
YOR113W 21 339
YOR114W 7 120
YOR115C 7 133
YOR116C 34 702
YOR117W 11 213
YOR118W 20 510
YOR119C 21 651
YOR120W 26 790
YOR121C 8 187
YOR122C 8 293
YOR123C 19 1012
YOR124C 38 643
YOR125C 6 311
YOR126C 12 384
YOR127W 26 480
YOR128C 12 395
YOR129C 10 367
YOR130C 14 484
YOR131C 10 226
YOR132W 22 3570
YOR133W 1 9
YOR134W 35 12035
YOR135C 7 109
YOR136W 15 842
YOR137C 22 713
YOR138C 66 1771
YOR139C 4 29
YOR140W 33 907
YOR141C 33 768
YOR142W 23 943
YOR143C 11 387
YOR144C 23 707
YOR145C 9 202
YOR146W 3 71
YOR147W 15 231
YOR148C 12 160
YOR149C 21 455
YOR150W 5 35
YOR151C 38 859
YOR152C 2 12
YOR153W 68 1898
YOR154W 6 61
YOR155C 12 212
YOR156C 20 200
YOR157C 20 393
YOR158W 7 51
YOR159C 4 72
YOR160W 22 590
YOR161C 30 1298
YOR161W-A 1 7
YOR161W-B 3 124
YOR161C-C 9 242
YOR162C 44 822
YOR163W 7 85
YOR164C 16 1429
YOR165W 25 357
YOR166C 13 662
YOR167C 2 5
YOR168W 22 707
YOR169C 4 206
YOR170W 3 66
YOR171C 12 477
YOR172W 23 819
YOR173W 22 296
YOR174W 10 268
YOR175C 22 244
YOR176W 19 356
YOR177C 15 224
YOR178C 12 307
YOR179C 25 1438
YOR180C 1 17
YOR181W 14 268
YOR182C 4 140
YOR183W 23 553
YOR184W 14 217
YOR185C 10 747
YOR186W 18 409
YOR186C-A 11 357
YOR187W 23 292
YOR188W 38 733
YOR189W 9 186
YOR190W 18 386
YOR191W 39 755
YOR192C 14 228
YOR192C-C 0 0
YOR193W 10 541
YOR194C 2 146
YOR195W 14 432
YOR196C 18 569
YOR197W 27 654
YOR198C 15 504
YOR199W 17 534
YOR200W 6 89
YOR201C 9 77
YOR202W 16 497
YOR203W 18 2251
YOR204W 25 691
YOR205C 38 1430
YOR206W 14 336
YOR207C 30 586
YOR208W 9 178
YOR209C 12 156
YOR210W 2 2
YOR211C 33 708
YOR212W 32 782
YOR213C 13 879
YOR214C 9 67
YOR215C 8 178
YOR216C 28 561
YOR217W 32 539
YOR218C 5 43
YOR219C 39 989
YOR220W 9 197
YOR221C 21 604
YOR222W 45 5201
YOR223W 22 477
YOR224C 10 265
YOR225W 4 82
YOR226C 11 40
YOR227W 50 1034
YOR228C 16 171
YOR229W 36 2150
YOR230W 30 792
YOR231W 20 851
YOR231C-A 3 36
YOR232W 3 22
YOR233W 30 430
YOR234C 17 167
YOR235W 3 59
YOR236W 14 196
YOR237W 9 327
YOR238W 14 436
YOR239W 16 257
YOR241W 26 485
YOR242C 18 482
YOR243C 21 519
YOR244W 21 325
YOR245C 14 209
YOR246C 14 412
YOR247W 4 164
YOR248W 3 149
YOR249C 18 248
YOR250C 11 155
YOR251C 21 676
YOR252W 10 242
YOR253W 12 246
YOR254C 31 1044
YOR255W 6 349
YOR256C 21 527
YOR257W 2 4
YOR258W 4 7
YOR259C 14 309
YOR260W 25 764
YOR261C 10 92
YOR262W 12 305
YOR263C 2 5
YOR264W 16 727
YOR265W 8 427
YOR266W 8 284
YOR267C 36 2361
YOR268C 40 1868
YOR269W 26 711
YOR270C 53 1714
YOR271C 19 188
YOR272W 3 47
YOR273C 36 1280
YOR274W 21 874
YOR275C 36 9327
YOR276W 8 171
YOR277C 4 101
YOR278W 11 308
YOR279C 13 460
YOR280C 10 323
YOR281C 5 109
YOR282W 9 81
YOR283W 9 183
YOR284W 8 78
YOR285W 16 401
YOR286W 8 454
YOR287C 3 117
YOR288C 5 169
YOR289W 30 1070
YOR290C 24 370
YOR291W 41 1529
YOR292C 21 486
YOR293W 4 49
YOR293C-A 4 15
YOR294W 3 96
YOR295W 13 173
YOR296W 52 1208
YOR297C 7 198
YOR298W 37 867
YOR298C-A 11 362
YOR299W 31 1186
YOR300W 13 2200
YOR301W 61 18215
YOR302W 5 20
YOR303W 41 1427
YOR304W 29 978
YOR304C-A 2 9
YOR305W 2 17
YOR306C 28 533
YOR307C 21 247
YOR308C 17 209
YOR309C 0 0
YOR310C 10 248
YOR311C 13 258
YOR312C 2 33
YOR313C 6 88
YOR314W 5 20
YOR314W-A 7 221
YOR315W 17 824
YOR316C 44 1181
YOR316C-A 27 3599
YOR317W 42 3236
YOR318C 53 12815
YOR319W 7 112
YOR320C 16 409
YOR321W 37 874
YOR322C 32 819
YOR323C 10 107
YOR324C 25 1467
YOR325W 14 1120
YOR326W 48 878
YOR327C 5 50
YOR328W 68 3790
YOR329C 18 287
YOR329W-A 9 318
YOR330C 23 399
YOR331C 10 123
YOR332W 12 65
YOR333C 5 78
YOR334W 11 124
YOR335C 33 667
YOR335W-A 0 0
YOR336W 34 720
YOR337W 39 1240
YOR338W 25 603
YOR339C 1 41
YOR340C 12 102
YOR341W 24 331
YOR342C 13 157
YOR343C 39 5653
YOR344C 18 4570
YOR345C 2 10
YOR346W 31 319
YOR347C 17 439
YOR348C 192 29962
YOR349W 64 1536
YOR350C 36 1422
YOR351C 21 393
YOR352W 19 233
YOR353C 19 315
YOR354C 26 448
YOR355W 12 229
YOR356W 28 1060
YOR357C 10 202
YOR358W 23 248
YOR359W 14 360
YOR360C 18 366
YOR361C 31 1259
YOR362C 7 113
YOR363C 30 1340
YOR364W 25 967
YOR365C 33 926
YOR366W 2 8
YOR367W 6 77
YOR368W 19 544
YOR369C 9 81
YOR370C 22 763
YOR371C 50 14899
YOR372C 15 436
YOR373W 35 473
YOR374W 37 1172
YOR375C 33 809
YOR376W 28 4434
YOR376W-A 0 0
YOR377W 27 1091
YOR378W 22 842
YOR379C 17 829
YOR380W 33 814
YOR381W 31 2150
YOR381W-A 4 90
YOR382W 1 1
YOR383C 3 43
YOR384W 20 325
YOR385W 17 396
YOR386W 13 214
YOR387C 4 46
YOR388C 4 26
YOR389W 11 789
YOR390W 3 61
YOR391C 3 30
YOR392W 4 17
YOR393W 0 0
YOR394W 0 0
YOR394C-A 1 1
YOR396W 0 0
YOR396C-A 0 0
YPL283C 0 0
YPL283W-B 0 0
YPL283W-A 0 0
YPL282C 0 0
YPL281C 1 1
YPL280W 0 0
YPL279C 6 63
YPL278C 0 0
YPL277C 17 15493
YPL274W 54 2858
YPL273W 10 250
YPL272C 4 73
YPL271W 0 0
YPL270W 30 642
YPL269W 27 1058
YPL268W 15 362
YPL267W 4 7
YPL266W 13 982
YPL265W 50 1913
YPL264C 16 2034
YPL263C 25 496
YPL262W 27 1074
YPL261C 13 1104
YPL260W 8 48
YPL259C 19 673
YPL258C 33 1012
YPL257W 4 79
YPL256C 16 615
YPL255W 10 532
YPL254W 9 230
YPL253C 23 1195
YPL252C 6 75
YPL251W 3 28
YPL250C 22 1078
YPL249C-A 5 74
YPL250W-A 5 74
YPL249C 41 850
YPL248C 21 335
YPL247C 36 640
YPL246C 18 440
YPL245W 27 2430
YPL244C 32 822
YPL243W 8 341
YPL242C 47 1754
YPL241C 6 28
YPL240C 25 158
YPL239W 7 125
YPL238C 2 11
YPL237W 3 20
YPL236C 14 230
YPL235W 9 322
YPL234C 10 557
YPL233W 10 550
YPL232W 17 419
YPL231W 90 2265
YPL230W 22 228
YPL229W 10 201
YPL228W 11 174
YPL227C 15 438
YPL226W 29 416
YPL225W 0 0
YPL224C 38 2477
YPL223C 15 335
YPL222W 33 1353
YPL222C-A 2 2
YPL221W 87 13446
YPL220W 3 84
YPL219W 39 984
YPL218W 9 160
YPL217C 39 590
YPL216W 29 817
YPL215W 10 112
YPL214C 32 971
YPL213W 14 319
YPL212C 29 1779
YPL211W 6 154
YPL210C 21 544
YPL209C 4 24
YPL208W 35 1128
YPL207W 27 646
YPL206C 18 438
YPL205C 11 203
YPL204W 20 1762
YPL203W 21 891
YPL202C 26 199
YPL201C 22 413
YPL200W 3 17
YPL199C 9 44
YPL198W 30 1171
YPL197C 7 107
YPL196W 9 29
YPL195W 12 123
YPL194W 10 95
YPL193W 10 220
YPL192C 1 1
YPL191C 14 669
YPL190C 28 474
YPL189C-A 1 7
YPL189W 20 535
YPL188W 21 1690
YPL187W 4 17
YPL186C 37 639
YPL185W 35 3363
YPL184C 31 555
YPL183W-A 4 110
YPL183C 39 701
YPL182C 9 335
YPL181W 22 771
YPL180W 24 521
YPL179W 23 1188
YPL178W 14 147
YPL177C 14 3640
YPL176C 33 628
YPL175W 15 362
YPL174C 10 104
YPL173W 7 49
YPL172C 10 380
YPL171C 34 1102
YPL170W 19 1954
YPL169C 12 261
YPL168W 14 253
YPL167C 31 1072
YPL166W 7 54
YPL165C 2 9
YPL164C 35 997
YPL163C 6 268
YPL162C 16 225
YPL161C 16 204
YPL160W 26 626
YPL159C 7 79
YPL158C 32 403
YPL157W 22 648
YPL156C 29 727
YPL155C 49 2308
YPL154C 15 220
YPL153C 31 695
YPL152W-A 0 0
YPL152W 9 115
YPL151C 25 443
YPL150W 20 315
YPL149W 6 148
YPL148C 3 6
YPL147W 23 829
YPL146C 6 124
YPL145C 4 44
YPL144W 25 650
YPL143W 5 238
YPL142C 0 0
YPL141C 37 930
YPL140C 14 114
YPL139C 12 212
YPL138C 15 142
YPL137C 67 2075
YPL136W 3 299
YPL135W 17 458
YPL135C-A 6 185
YPL134C 27 328
YPL133C 48 892
YPL132W 14 445
YPL131W 6 34
YPL130W 4 80
YPL129W 4 50
YPL128C 15 135
YPL127C 12 396
YPL126W 13 306
YPL125W 34 551
YPL124W 14 214
YPL123C 9 885
YPL122C 15 217
YPL121C 6 150
YPL120W 6 54
YPL119C-A 4 105
YPL119C 20 962
YPL118W 10 282
YPL117C 10 166
YPL116W 26 308
YPL115C 23 1176
YPL114W 8 187
YPL113C 15 432
YPL112C 7 58
YPL111W 62 34473
YPL110C 54 58752
YPL109C 39 953
YPL108W 18 651
YPL107W 13 336
YPL106C 26 437
YPL105C 22 893
YPL104W 21 594
YPL103C 26 4908
YPL102C 4 30
YPL101W 14 579
YPL100W 11 306
YPL099C 5 232
YPL098C 5 550
YPL097W 18 552
YPL096C-A 2 73
YPL096W 22 442
YPL095C 23 1707
YPL094C 23 848
YPL093W 26 654
YPL092W 33 990
YPL091W 19 376
YPL090C 3 5
YPL089C 23 475
YPL088W 14 314
YPL087W 5 25
YPL086C 13 282
YPL085W 48 849
YPL084W 20 435
YPL083C 11 327
YPL082C 58 1023
YPL081W 26 787
YPL080C 11 3683
YPL079W 9 200
YPL078C 6 105
YPL077C 19 443
YPL076W 7 117
YPL075W 26 402
YPL074W 19 819
YPL073C 0 0
YPL072W 8 312
YPL071C 10 493
YPL070W 12 284
YPL069C 17 595
YPL068C 14 251
YPL067C 50 19260
YPL066W 40 1231
YPL065W 8 212
YPL064C 17 967
YPL063W 20 921
YPL062W 29 3089
YPL061W 37 3639
YPL060W 19 280
YPL059W 6 57
YPL058C 56 1999
YPL057C 18 1007
YPL056C 21 489
YPL055C 29 650
YPL054W 13 91
YPL053C 19 425
YPL052W 13 61
YPL051W 5 276
YPL050C 8 103
YPL049C 24 729
YPL048W 11 168
YPL047W 2 41
YPL046C 2 7
YPL045W 24 1657
YPL044C 6 222
YPL043W 22 557
YPL042C 19 223
YPL041C 15 433
YPL040C 23 411
YPL039W 9 114
YPL038W-A 3 6
YPL038W 11 335
YPL037C 2 22
YPL036W 25 1214
YPL035C 1 3
YPL034W 4 106
YPL033C 4 72
YPL032C 22 267
YPL031C 28 543
YPL030W 20 252
YPL029W 19 182
YPL028W 18 461
YPL027W 14 408
YPL026C 27 930
YPL025C 15 406
YPL024W 20 300
YPL023C 8 43
YPL022W 19 429
YPL021W 11 389
YPL020C 19 427
YPL019C 27 499
YPL018W 20 395
YPL017C 34 867
YPL016W 29 754
YPL015C 44 860
YPL014W 26 685
YPL013C 9 448
YPL012W 25 324
YPL011C 16 408
YPL010W 3 23
YPL009C 28 476
YPL008W 17 262
YPL007C 4 67
YPL006W 56 9959
YPL005W 23 194
YPL004C 29 425
YPL003W 31 1819
YPL002C 26 751
YPL001W 35 787
YPR001W 73 5540
YPR002W 52 1432
YPR002C-A 2 10
YPR003C 26 574
YPR004C 11 81
YPR005C 17 205
YPR006C 36 946
YPR007C 29 520
YPR008W 50 1466
YPR009W 10 187
YPR010C 14 211
YPR010C-A 1 9
YPR011C 35 2171
YPR012W 7 58
YPR013C 13 308
YPR014C 8 248
YPR015C 17 366
YPR016C 3 32
YPR016W-A 6 74
YPR017C 7 71
YPR018W 14 184
YPR019W 33 779
YPR020W 7 38
YPR021C 24 580
YPR022C 38 1815
YPR023C 20 360
YPR024W 16 193
YPR025C 5 221
YPR026W 59 112384
YPR027C 9 254
YPR028W 4 19
YPR029C 11 141
YPR030W 33 922
YPR031W 25 10245
YPR032W 13 227
YPR033C 29 580
YPR034W 10 192
YPR035W 20 744
YPR036W 54 2827
YPR036W-A 6 33
YPR037C 23 1270
YPR038W 12 428
YPR039W 15 212
YPR040W 20 596
YPR041W 19 408
YPR042C 23 967
YPR043W 4 70
YPR044C 1 50
YPR045C 15 333
YPR046W 5 97
YPR047W 26 698
YPR048W 16 307
YPR049C 25 437
YPR050C 12 499
YPR051W 19 769
YPR052C 5 139
YPR053C 11 198
YPR054W 23 672
YPR055W 21 333
YPR056W 9 273
YPR057W 12 260
YPR058W 5 19
YPR059C 2 13
YPR060C 9 159
YPR061C 26 499
YPR062W 18 333
YPR063C 6 57
YPR064W 29 926
YPR065W 11 153
YPR066W 21 684
YPR067W 11 235
YPR068C 17 454
YPR069C 6 518
YPR070W 18 426
YPR071W 12 248
YPR072W 18 1097
YPR073C 11 1238
YPR074C 45 980
YPR074W-A 10 163
YPR075C 11 371
YPR076W 0 0
YPR077C 12 964
YPR078C 23 1115
YPR079W 15 479
YPR080W 3 107
YPR081C 26 2151
YPR082C 6 107
YPR083W 31 462
YPR084W 13 263
YPR085C 7 146
YPR086W 14 225
YPR087W 6 34
YPR088C 13 570
YPR089W 21 741
YPR091C 21 195
YPR092W 12 668
YPR093C 27 1110
YPR094W 9 233
YPR095C 36 1357
YPR096C 13 1191
YPR097W 53 1095
YPR098C 5 48
YPR099C 7 40
YPR100W 7 50
YPR101W 6 217
YPR102C 0 0
YPR103W 8 135
YPR104C 11 146
YPR105C 23 587
YPR106W 16 301
YPR107C 17 643
YPR108W 8 101
YPR108W-A 10 1337
YPR109W 15 264
YPR110C 8 111
YPR111W 29 748
YPR112C 16 530
YPR113W 6 45
YPR114W 23 2276
YPR115W 33 578
YPR116W 9 103
YPR117W 85 2280
YPR118W 13 119
YPR119W 15 320
YPR120C 15 385
YPR121W 23 363
YPR122W 71 3104
YPR123C 12 75
YPR124W 26 478
YPR125W 14 161
YPR126C 5 44
YPR127W 10 106
YPR128C 8 257
YPR129W 5 310
YPR130C 4 21
YPR131C 9 276
YPR132W 1 1
YPR133C 16 465
YPR133W-A 1 1
YPR134W 6 183
YPR135W 23 264
YPR136C 3 82
YPR137W 12 229
YPR138C 29 832
YPR139C 4 24
YPR140W 19 610
YPR141C 20 377
YPR142C 13 648
YPR143W 3 52
YPR144C 16 348
YPR145W 67 2111
YPR145C-A 8 279
YPR146C 14 239
YPR147C 17 437
YPR148C 18 1846
YPR149W 16 441
YPR150W 26 2127
YPR151C 28 2029
YPR152C 34 1103
YPR153W 17 469
YPR154W 2 32
YPR155C 16 453
YPR156C 20 533
YPR157W 26 1072
YPR158W 14 180
YPR159W 45 966
YPR159C-A 4 16
YPR160W 66 1895
YPR160W-A 2 94
YPR160C-A 8 373
YPR161C 20 469
YPR162C 14 244
YPR163C 7 152
YPR164W 44 1863
YPR165W 6 39
YPR166C 6 461
YPR167C 15 1000
YPR168W 10 3189
YPR169W 24 632
YPR170C 16 636
YPR169W-A 3 7
YPR170W-B 7 57
YPR170W-A 5 51
YPR171W 17 715
YPR172W 6 181
YPR173C 6 316
YPR174C 7 178
YPR175W 19 416
YPR176C 12 216
YPR177C 5 183
YPR178W 24 557
YPR179C 28 677
YPR180W 3 55
YPR181C 16 547
YPR182W 2 118
YPR183W 15 563
YPR184W 76 2258
YPR185W 30 2313
YPR186C 14 216
YPR187W 2 35
YPR188C 5 121
YPR189W 29 729
YPR190C 25 744
YPR191W 9 430
YPR192W 30 1786
YPR193C 13 272
YPR194C 39 640
YPR195C 29 2598
YPR196W 26 992
YPR197C 8 320
YPR198W 14 311
YPR199C 15 377
YPR200C 2 2
YPR201W 30 822
YPR202W 0 0
YPR203W 0 0
YPR204W 0 0
YPR204C-A 0 0
