YAL069W 22 6564
YAL068W-A 13 6649
YAL068C 6 125
YAL067W-A 3 304
YAL067C 30 1101
YAL066W 4 37
YAL065C 6 157
YAL064W-B 2 33
YAL064C-A 2 86
YAL064W 1 5
YAL063C-A 0 0
YAL063C 20 3655
YAL062W 73 2902
YAL061W 52 11644
YAL060W 38 2865
YAL059C-A 5 494
YAL059W 7 495
YAL058W 36 2001
YAL056C-A 8 152
YAL056W 59 3941
YAL055W 10 508
YAL054C 54 3236
YAL053W 50 3848
YAL051W 51 1884
YAL049C 16 457
YAL048C 44 1431
YAL047W-A 8 215
YAL047C 11 537
YAL046C 5 87
YAL045C 5 61
YAL044W-A 9 698
YAL044C 18 298
YAL043C 47 2513
YAL042C-A 18 757
YAL042W 49 1972
YAL041W 31 788
YAL040C 29 2002
YAL039C 58 2781
YAL038W 43 1999
YAL037C-B 28 1361
YAL037C-A 5 74
YAL037W 15 262
YAL036C 19 689
YAL035W 26 549
YAL034C-B 11 302
YAL034W-A 12 458
YAL034C 26 880
YAL033W 4 226
YAL032C 22 1295
YAL031W-A 3 106
YAL031C 23 630
YAL030W 5 14
YAL029C 40 1594
YAL028W 22 2131
YAL027W 14 201
YAL026C-A 4 72
YAL026C 25 651
YAL025C 6 119
YAL024C 33 932
YAL023C 41 1586
YAL022C 20 411
YAL021C 41 1681
YAL020C 22 567
YAL019W-A 21 579
YAL019W 29 2451
YAL018C 11 150
YAL017W 48 3367
YAL016C-B 3 43
YAL016C-A 5 44
YAL016W 16 347
YAL015C 25 1157
YAL014C 8 75
YAL013W 7 44
YAL012W 28 1124
YAL011W 16 458
YAL010C 7 144
YAL009W 8 78
YAL008W 13 917
YAL007C 13 819
YAL005C 41 2425
YAL004W 13 1648
YAL003W 9 373
YAL002W 74 3175
YAL001C 110 4019
YAR002W 57 3568
YAR002C-A 23 3436
YAR003W 61 308861
YAR007C 17 111
YAR008W 15 667
YAR014C 27 732
YAR015W 7 362
YAR018C 14 840
YAR019C 32 12328
YAR019W-A 8 79
YAR020C 2 74
YAR023C 11 462
YAR027W 11 2429
YAR028W 21 958
YAR029W 1 4
YAR030C 3 80
YAR031W 17 350
YAR033W 5 244
YAR035W 115 3561
YAR035C-A 2 7
YAR042W 49 2161
YAR047C 0 0
YAR050W 14 161
YAR053W 0 0
YAR060C 0 0
YAR064W 1 114
YAR066W 0 0
YAR068W 1 1
YAR069C 0 0
YAR070C 0 0
YAR071W 4 72
YAR073W 10 365
YAR075W 2 4
YBL113C 0 0
YBL113W-A 0 0
YBL112C 0 0
YBL111C 0 0
YBL109W 25 6404
YBL108C-A 0 0
YBL108W 9 2886
YBL107W-A 0 0
YBL107C 7 173
YBL106C 29 781
YBL105C 38 1350
YBL104C 76 3253
YBL103C 14 701
YBL102W 7 656
YBL101C 62 2419
YBL100W-C 6 27
YBL100C 2 5
YBL099W 21 291
YBL098W 35 708
YBL097W 29 773
YBL096C 16 2118
YBL095W 14 2156
YBL094C 0 0
YBL093C 21 347
YBL092W 2 52
YBL091C-A 17 215
YBL091C 21 1763
YBL090W 11 166
YBL089W 17 203
YBL088C 87 2363
YBL087C 8 339
YBL086C 5 29
YBL085W 20 694
YBL084C 22 746
YBL083C 3 35
YBL082C 22 327
YBL081W 8 246
YBL080C 22 356
YBL079W 34 781
YBL078C 0 0
YBL077W 16 296
YBL076C 34 621
YBL075C 34 716
YBL074C 29 572
YBL073W 23 830
YBL072C 2 51
YBL071C-B 1 6
YBL071W-A 2 8
YBL071C 6 155
YBL070C 6 165
YBL069W 27 565
YBL068W-A 1 5
YBL068W 7 35
YBL067C 14 16490
YBL066C 48 1485
YBL065W 9 97
YBL064C 18 1103
YBL063W 35 794
YBL062W 4 196
YBL061C 22 433
YBL060W 23 1116
YBL059C-A 0 0
YBL059W 11 118
YBL058W 28 700
YBL057C 12 147
YBL056W 12 210
YBL055C 25 335
YBL054W 25 648
YBL053W 3 87
YBL052C 24 542
YBL051C 16 592
YBL050W 10 436
YBL049W 6 247
YBL048W 6 90
YBL047C 46 855
YBL046W 21 717
YBL045C 15 451
YBL044W 42 14456
YBL043W 10 150
YBL042C 44 945
YBL041W 3 53
YBL040C 14 659
YBL039W-B 2 9
YBL039C 17 300
YBL039C-A 1 16
YBL038W 17 326
YBL037W 45 1815
YBL036C 12 169
YBL035C 41 1531
YBL034C 47 886
YBL033C 17 374
YBL032W 16 199
YBL031W 27 1614
YBL030C 18 747
YBL029C-A 6 338
YBL029W 23 625
YBL028C 3 116
YBL027W 2 50
YBL026W 4 43
YBL025W 8 431
YBL024W 23 5591
YBL023C 27 328
YBL022C 28 458
YBL021C 11 857
YBL020W 21 205
YBL019W 22 474
YBL018C 15 346
YBL017C 79 2541
YBL016W 31 507
YBL015W 64 1436
YBL014C 23 640
YBL013W 57 3024
YBL012C 5 58
YBL011W 18 397
YBL010C 7 105
YBL009W 26 346
YBL008W-A 1 29
YBL008W 34 1119
YBL007C 37 571
YBL006C 10 281
YBL006W-A 7 225
YBL005W 36 399
YBL004W 45 1287
YBL003C 5 122
YBL002W 18 502
YBL001C 24 2469
YBR001C 82 3692
YBR002C 28 748
YBR003W 29 2135
YBR004C 33 437
YBR005W 17 1942
YBR006W 51 1962
YBR007C 29 1683
YBR008C 44 1462
YBR009C 0 0
YBR010W 9 63
YBR011C 15 312
YBR012C 3 32
YBR013C 2 51
YBR014C 8 113
YBR015C 18 208
YBR016W 10 1059
YBR017C 20 277
YBR018C 18 704
YBR019C 53 2121
YBR020W 44 1046
YBR021W 26 296
YBR022W 12 246
YBR023C 47 2902
YBR024W 14 398
YBR025C 28 347
YBR026C 18 632
YBR027C 15 272
YBR028C 15 476
YBR029C 16 292
YBR030W 11 90
YBR031W 6 84
YBR032W 34 7538
YBR033W 45 1439
YBR034C 23 1384
YBR035C 18 295
YBR036C 18 511
YBR037C 19 328
YBR038W 45 1098
YBR039W 11 155
YBR040W 3 41
YBR041W 12 575
YBR042C 9 267
YBR043C 27 1947
YBR044C 20 367
YBR045C 23 318
YBR046C 15 266
YBR047W 13 348
YBR048W 12 210
YBR049C 35 969
YBR050C 18 1755
YBR051W 9 281
YBR052C 8 209
YBR053C 21 777
YBR054W 26 4505
YBR055C 26 613
YBR056W 16 385
YBR056W-A 8 327
YBR056C-B 4 261
YBR057C 13 351
YBR058C 33 978
YBR058C-A 4 27
YBR059C 35 621
YBR060C 15 428
YBR061C 21 452
YBR062C 4 83
YBR063C 13 199
YBR064W 3 96
YBR065C 10 102
YBR066C 16 280
YBR067C 2 83
YBR068C 46 1031
YBR069C 38 993
YBR070C 18 1211
YBR071W 12 240
YBR072W 10 368
YBR072C-A 9 376
YBR073W 22 437
YBR074W 48 1314
YBR076W 23 533
YBR076C-A 11 445
YBR077C 9 427
YBR078W 27 881
YBR079C 34 793
YBR080C 28 575
YBR081C 31 792
YBR082C 16 275
YBR083W 29 1547
YBR084W 26 900
YBR084C-A 8 85
YBR085W 10 196
YBR085C-A 5 9
YBR086C 34 490
YBR087W 20 1137
YBR088C 9 169
YBR089W 6 74
YBR089C-A 13 219
YBR090C 17 527
YBR091C 5 10
YBR092C 13 302
YBR093C 23 4894
YBR094W 41 1168
YBR095C 13 340
YBR096W 4 70
YBR097W 24 925
YBR098W 31 858
YBR099C 2 9
YBR101C 5 71
YBR102C 34 771
YBR103W 11 168
YBR103C-A 9 804
YBR104W 17 811
YBR105C 12 454
YBR106W 11 140
YBR107C 15 942
YBR108W 31 833
YBR109C 3 10
YBR109W-A 8 117
YBR110W 7 82
YBR111C 14 1011
YBR111W-A 5 70
YBR112C 29 1029
YBR113W 5 135
YBR114W 40 952
YBR115C 56 3894
YBR116C 21 1931
YBR117C 57 2778
YBR118W 0 0
YBR119W 16 187
YBR120C 5 170
YBR121C 4 23
YBR121C-A 1 1
YBR122C 3 91
YBR123C 12 101
YBR124W 15 418
YBR125C 19 212
YBR126C 39 853
YBR126W-A 14 184
YBR126W-B 8 141
YBR127C 24 383
YBR128C 17 173
YBR129C 5 184
YBR130C 3 40
YBR131W 25 409
YBR131C-A 0 0
YBR132C 35 1240
YBR133C 48 1133
YBR134W 22 720
YBR135W 7 98
YBR136W 48 879
YBR137W 11 434
YBR138C 27 465
YBR139W 36 987
YBR140C 106 8621
YBR141C 18 692
YBR141W-A 1 24
YBR142W 30 860
YBR143C 10 279
YBR144C 22 815
YBR145W 15 136
YBR146W 13 227
YBR147W 17 627
YBR148W 28 1963
YBR149W 28 1294
YBR150C 43 776
YBR151W 28 1164
YBR152W 15 240
YBR153W 10 660
YBR154C 0 0
YBR155W 9 109
YBR156C 19 235
YBR157C 10 1861
YBR158W 23 972
YBR159W 15 485
YBR160W 20 537
YBR161W 8 42
YBR162C 22 381
YBR162W-A 3 248
YBR163W 23 380
YBR164C 8 227
YBR165W 8 354
YBR166C 23 1225
YBR167C 5 120
YBR168W 6 64
YBR169C 29 858
YBR170C 29 955
YBR171W 7 251
YBR172C 29 712
YBR173C 4 205
YBR174C 5 65
YBR175W 17 298
YBR176W 12 203
YBR177C 25 845
YBR178W 12 1141
YBR179C 34 527
YBR180W 20 438
YBR181C 7 268
YBR182C 23 419
YBR182C-A 4 167
YBR183W 20 198
YBR184W 14 130
YBR185C 7 147
YBR186W 41 797
YBR187W 8 61
YBR188C 11 268
YBR189W 10 133
YBR190W 1 1
YBR191W 0 0
YBR191W-A 0 0
YBR192W 11 171
YBR193C 10 294
YBR194W 5 86
YBR195C 10 127
YBR196C 27 703
YBR196C-A 7 61
YBR196C-B 2 5
YBR197C 30 3083
YBR198C 14 283
YBR199W 28 1277
YBR200W 6 387
YBR200W-A 0 0
YBR201W 6 14
YBR201C-A 6 190
YBR202W 34 608
YBR203W 35 931
YBR204C 14 278
YBR205W 20 354
YBR206W 8 145
YBR207W 26 737
YBR208C 86 1974
YBR209W 19 488
YBR210W 2 7
YBR211C 11 333
YBR212W 33 1006
YBR213W 20 1092
YBR214W 36 2811
YBR215W 20 483
YBR216C 17 490
YBR217W 5 21
YBR218C 65 1168
YBR219C 36 1871
YBR220C 20 1349
YBR221C 20 1479
YBR221W-A 10 128
YBR222C 31 483
YBR223C 24 463
YBR223W-A 8 224
YBR224W 5 19
YBR225W 13 140
YBR226C 3 53
YBR227C 8 214
YBR228W 20 1812
YBR229C 45 724
YBR230C 7 506
YBR230W-A 16 546
YBR231C 11 691
YBR232C 7 159
YBR233W 13 176
YBR233W-A 3 37
YBR234C 9 243
YBR235W 69 1808
YBR236C 12 237
YBR237W 23 214
YBR238C 21 431
YBR239C 63 1726
YBR240C 19 285
YBR241C 43 3835
YBR242W 21 714
YBR243C 7 202
YBR244W 4 54
YBR245C 36 2084
YBR246W 23 762
YBR247C 2 8
YBR248C 38 846
YBR249C 11 316
YBR250W 22 642
YBR251W 14 524
YBR252W 7 344
YBR253W 3 53
YBR254C 4 65
YBR255W 25 1319
YBR255C-A 10 1367
YBR256C 10 235
YBR257W 13 222
YBR258C 8 158
YBR259W 24 334
YBR260C 43 842
YBR261C 17 232
YBR262C 5 72
YBR263W 24 478
YBR264C 11 99
YBR265W 10 191
YBR267W 22 533
YBR266C 5 102
YBR268W 7 39
YBR269C 6 107
YBR270C 13 272
YBR271W 16 401
YBR272C 13 530
YBR273C 10 192
YBR274W 14 528
YBR275C 74 3302
YBR276C 30 951
YBR277C 7 46
YBR278W 11 175
YBR279W 11 258
YBR280C 36 2326
YBR281C 29 949
YBR282W 12 127
YBR283C 27 604
YBR284W 46 1487
YBR285W 2 7
YBR286W 32 708
YBR287W 15 316
YBR288C 21 632
YBR289W 15 1294
YBR290W 8 294
YBR291C 36 5131
YBR292C 2 56
YBR293W 18 578
YBR294W 38 1305
YBR295W 52 2296
YBR296C 31 804
YBR296C-A 12 2220
YBR297W 12 1064
YBR298C 49 830
YBR298C-A 9 488
YBR299W 8 70
YBR300C 1 2
YBR301W 4 143
YBR302C 0 0
YCL076W 9 52
YCL073C 10 295
YCL069W 2 33
YCL068C 0 0
YCL067C 0 0
YCL066W 0 0
YCL065W 2 55
YCL064C 17 441
YCL063W 13 296
YCL061C 22 629
YCL059C 9 266
YCL058C 11 148
YCL058W-A 5 111
YCL057C-A 14 540
YCL057W 36 1532
YCL056C 2 3
YCL055W 7 141
YCL054W 12 591
YCL052C 10 332
YCL051W 29 773
YCL050C 9 205
YCL049C 6 564
YCL048W-A 2 51
YCL048W 23 634
YCL047C 9 269
YCL045C 44 745
YCL046W 4 15
YCL044C 12 264
YCL043C 41 898
YCL041C 12 412
YCL042W 22 3639
YCL040W 100 5316
YCL039W 50 1260
YCL038C 15 304
YCL037C 14 248
YCL036W 21 1198
YCL035C 10 361
YCL034W 21 291
YCL033C 4 14
YCL032W 16 1078
YCL031C 8 297
YCL030C 36 2942
YCL029C 34 1738
YCL028W 13 372
YCL027W 24 433
YCL026C-B 2 23
YCL026C-A 10 406
YCL025C 50 2248
YCL023C 15 483
YCL024W 46 1293
YCL022C 5 236
YCL021W-A 8 226
YCL018W 13 125
YCL017C 18 718
YCL016C 12 182
YCL014W 50 1072
YCL012C 7 217
YCL011C 22 486
YCL010C 33 1127
YCL009C 19 300
YCL008C 26 682
YCL007C 7 77
YCL005W-A 7 59
YCL005W 9 135
YCL004W 21 1629
YCL002C 18 1104
YCL001W 5 240
YCL001W-A 0 0
YCL001W-B 9 351
YCR001W 10 354
YCR002C 12 108
YCR003W 17 853
YCR004C 11 831
YCR005C 46 2399
YCR006C 36 1194
YCR007C 10 917
YCR008W 28 459
YCR009C 4 207
YCR010C 23 466
YCR011C 76 2973
YCR012W 13 317
YCR013C 5 15
YCR014C 18 310
YCR015C 18 491
YCR016W 10 212
YCR017C 37 4078
YCR018C 8 314
YCR018C-A 8 59
YCR019W 21 793
YCR020C 9 452
YCR020C-A 4 69
YCR020W-B 2 17
YCR021C 29 615
YCR022C 21 776
YCR023C 45 1742
YCR024C 22 252
YCR024C-B 13 1458
YCR024C-A 2 24
YCR025C 14 2716
YCR026C 38 2241
YCR027C 3 20
YCR028C 20 450
YCR028C-A 5 16
YCR030C 29 670
YCR031C 8 611
YCR032W 54 1514
YCR033W 44 959
YCR034W 8 145
YCR035C 2 11
YCR036W 19 535
YCR037C 25 308
YCR038C 7 25
YCR038W-A 0 0
YCR039C 0 0
YCR040W 0 0
YCR041W 3 54
YCR042C 60 3619
YCR043C 16 1899
YCR044C 11 190
YCR045C 19 828
YCR045W-A 5 398
YCR046C 10 86
YCR047C 12 157
YCR047W-A 5 17
YCR049C 16 895
YCR048W 47 2778
YCR050C 4 334
YCR051W 13 367
YCR052W 11 340
YCR053W 14 719
YCR054C 16 734
YCR057C 21 331
YCR059C 25 654
YCR060W 8 194
YCR061W 50 1457
YCR064C 15 1378
YCR063W 23 1270
YCR065W 36 2811
YCR066W 14 657
YCR067C 40 910
YCR068W 30 2245
YCR069W 16 182
YCR071C 8 165
YCR072C 23 255
YCR073C 53 902
YCR073W-A 17 1173
YCR075C 10 912
YCR075W-A 1 7
YCR076C 7 196
YCR077C 31 586
YCR079W 27 809
YCR081W 47 1950
YCR081C-A 4 111
YCR082W 16 282
YCR083W 11 501
YCR084C 27 685
YCR085W 1 10
YCR086W 11 297
YCR087W 19 361
YCR087C-A 15 173
YCR088W 21 523
YCR089W 27 583
YCR090C 11 229
YCR091W 35 1571
YCR092C 25 411
YCR093W 51 1747
YCR094W 12 207
YCR095C 6 277
YCR095W-A 2 28
YCR096C 0 0
YCR097W 2 111
YCR097W-A 2 2
YCR098C 23 427
YCR099C 8 151
YCR100C 12 275
YCR101C 9 572
YCR102C 25 742
YCR102W-A 0 0
YCR104W 2 13
YCR105W 35 1421
YCR106W 37 1265
YCR107W 12 142
YCR108C 9 1065
YDL248W 3 11
YDL247W-A 0 0
YDL247W 0 0
YDL246C 0 0
YDL245C 1 3
YDL244W 10 371
YDL243C 23 503
YDL242W 15 589
YDL241W 4 113
YDL240C-A 26 12979
YDL240W 42 1956
YDL239C 10 456
YDL238C 31 1317
YDL237W 11 165
YDL236W 11 3600
YDL235C 1 3
YDL234C 33 900
YDL233W 10 176
YDL232W 3 39
YDL231C 73 2587
YDL230W 22 428
YDL229W 19 369
YDL228C 5 69
YDL227C 12 1937
YDL226C 13 492
YDL225W 10 837
YDL224C 18 198
YDL223C 57 888
YDL222C 26 174
YDL221W 50 4346
YDL220C 81 3809
YDL219W 2 89
YDL218W 26 643
YDL217C 9 224
YDL216C 13 119
YDL215C 65 4023
YDL214C 40 475
YDL213C 14 176
YDL212W 2 2
YDL211C 9 159
YDL210W 14 491
YDL209C 13 228
YDL208W 2 10
YDL207W 7 30
YDL206W 23 375
YDL205C 21 395
YDL204W 31 636
YDL203C 19 213
YDL202W 5 559
YDL201W 19 678
YDL200C 8 59
YDL199C 11 124
YDL198C 17 494
YDL197C 34 2078
YDL196W 13 197
YDL195W 20 262
YDL194W 22 620
YDL193W 9 467
YDL192W 11 126
YDL191W 1 4
YDL190C 39 1031
YDL189W 12 979
YDL188C 22 908
YDL187C 1 14
YDL186W 12 627
YDL185C-A 1 87
YDL185W 23 307
YDL184C 0 0
YDL183C 23 367
YDL182W 31 1956
YDL181W 8 646
YDL180W 18 288
YDL179W 8 58
YDL178W 45 1098
YDL177C 9 182
YDL176W 24 912
YDL175C 18 269
YDL174C 39 876
YDL173W 14 1483
YDL172C 3 40
YDL171C 87 2339
YDL170W 28 367
YDL169C 12 710
YDL168W 25 1128
YDL167C 18 493
YDL166C 4 45
YDL165W 6 116
YDL164C 29 1288
YDL163W 2 19
YDL162C 13 498
YDL161W 19 700
YDL160C-A 10 219
YDL160C 20 178
YDL159W-A 5 154
YDL159W 16 420
YDL159C-B 1 1
YDL158C 3 75
YDL157C 4 22
YDL156W 35 3458
YDL155W 25 683
YDL154W 29 390
YDL153C 6 65
YDL152W 4 24
YDL151C 4 67
YDL150W 12 364
YDL149W 21 681
YDL148C 29 585
YDL147W 5 191
YDL146W 10 199
YDL145C 40 774
YDL144C 20 505
YDL143W 19 231
YDL142C 15 1335
YDL141W 22 540
YDL140C 68 1117
YDL139C 11 24
YDL138W 35 1139
YDL137W 27 583
YDL136W 5 14
YDL135C 21 636
YDL134C 19 329
YDL133C-A 0 0
YDL133W 20 1464
YDL132W 20 293
YDL131W 37 2731
YDL130W-A 3 77
YDL130W 9 399
YDL129W 11 527
YDL128W 19 446
YDL127W 36 1473
YDL126C 29 680
YDL125C 22 1123
YDL124W 24 3446
YDL123W 9 110
YDL122W 35 620
YDL121C 9 2866
YDL120W 4 46
YDL119C 19 930
YDL118W 6 556
YDL117W 30 551
YDL116W 15 402
YDL115C 21 491
YDL114W-A 1 167
YDL114W 6 76
YDL113C 26 425
YDL112W 65 1136
YDL111C 19 363
YDL110C 17 185
YDL109C 24 3488
YDL108W 23 411
YDL107W 20 1001
YDL106C 25 578
YDL105W 13 133
YDL104C 21 553
YDL103C 11 111
YDL102W 26 373
YDL101C 14 266
YDL100C 17 298
YDL099W 11 349
YDL098C 12 272
YDL097C 22 444
YDL096C 6 171
YDL095W 33 820
YDL094C 22 1977
YDL093W 31 3594
YDL092W 12 722
YDL091C 14 287
YDL090C 13 180
YDL089W 26 327
YDL088C 14 214
YDL087C 7 163
YDL086W 27 1942
YDL086C-A 25 1937
YDL085C-A 9 497
YDL085W 38 1086
YDL084W 11 105
YDL083C 3 6
YDL082W 11 195
YDL081C 0 0
YDL080C 32 631
YDL079C 40 781
YDL078C 15 249
YDL077C 35 664
YDL076C 16 443
YDL075W 1 1
YDL074C 16 331
YDL073W 17 246
YDL072C 13 107
YDL071C 10 222
YDL070W 22 230
YDL069C 8 203
YDL068W 4 8
YDL067C 6 104
YDL066W 35 1605
YDL065C 27 660
YDL064W 7 226
YDL063C 19 392
YDL062W 5 92
YDL061C 1 1
YDL060W 13 151
YDL059C 5 40
YDL058W 36 670
YDL057W 24 636
YDL056W 45 984
YDL055C 23 309
YDL054C 34 747
YDL053C 6 74
YDL052C 23 712
YDL051W 18 1266
YDL050C 9 640
YDL049C 35 1874
YDL048C 57 2926
YDL047W 12 342
YDL046W 6 287
YDL045W-A 2 34
YDL045C 9 149
YDL044C 12 144
YDL043C 6 132
YDL042C 33 1315
YDL041W 16 519
YDL040C 25 525
YDL039C 23 963
YDL037C 9 195
YDL036C 23 5580
YDL035C 25 650
YDL034W 7 47
YDL033C 27 2203
YDL032W 3 1656
YDL031W 15 497
YDL030W 10 206
YDL029W 11 190
YDL028C 18 319
YDL027C 7 91
YDL026W 1 20
YDL025C 11 318
YDL025W-A 0 0
YDL024C 23 541
YDL022C-A 4 265
YDL023C 11 214
YDL022W 31 408
YDL021W 11 135
YDL020C 10 135
YDL019C 57 1906
YDL018C 9 44
YDL017W 27 426
YDL016C 3 7
YDL015C 2 15
YDL014W 16 167
YDL013W 6 80
YDL012C 7 30
YDL011C 4 44
YDL010W 7 116
YDL009C 1 1
YDL008W 8 235
YDL007C-A 2 3
YDL007W 14 182
YDL006W 20 429
YDL005C 6 81
YDL004W 0 0
YDL003W 27 1624
YDL002C 12 260
YDL001W 50 4022
YDR001C 102 4388
YDR002W 9 591
YDR003W 20 355
YDR003W-A 5 354
YDR004W 20 364
YDR005C 12 144
YDR006C 22 661
YDR007W 16 544
YDR008C 17 339
YDR009W 41 1305
YDR010C 45 3661
YDR011W 88 2020
YDR012W 3 28
YDR013W 1 35
YDR014W 13 118
YDR014W-A 11 220
YDR015C 5 50
YDR016C 1 4
YDR017C 42 4178
YDR018C 29 654
YDR019C 24 325
YDR020C 19 596
YDR021W 7 97
YDR022C 15 488
YDR023W 12 226
YDR024W 13 258
YDR025W 3 29
YDR026C 22 2504
YDR027C 22 211
YDR028C 31 444
YDR029W 2 9
YDR030C 33 588
YDR031W 1 5
YDR032C 6 241
YDR033W 15 420
YDR034C 24 588
YDR034C-A 0 0
YDR034W-B 0 0
YDR035W 15 2302
YDR036C 13 181
YDR037W 37 541
YDR038C 6 99
YDR039C 0 0
YDR040C 1 1
YDR041W 14 561
YDR042C 2 97
YDR043C 13 218
YDR044W 15 788
YDR045C 5 30
YDR046C 30 1010
YDR047W 22 730
YDR048C 15 726
YDR049W 23 303
YDR050C 9 127
YDR051C 17 511
YDR052C 9 174
YDR053W 1 21
YDR054C 14 236
YDR055W 14 225
YDR056C 9 78
YDR057W 26 667
YDR058C 11 298
YDR059C 9 156
YDR060W 29 565
YDR061W 26 1035
YDR062W 23 442
YDR063W 6 113
YDR064W 4 77
YDR065W 16 398
YDR066C 13 1467
YDR067C 4 47
YDR068W 4 204
YDR069C 27 661
YDR070C 2 34
YDR071C 11 153
YDR072C 41 2101
YDR073W 16 206
YDR074W 58 1179
YDR075W 14 1091
YDR076W 54 2299
YDR077W 31 711
YDR078C 18 323
YDR079W 2 18
YDR079C-A 3 82
YDR080W 37 708
YDR081C 15 252
YDR082W 20 535
YDR083W 14 325
YDR084C 4 9
YDR085C 24 1120
YDR086C 0 0
YDR087C 6 17
YDR088C 14 536
YDR089W 49 1047
YDR090C 16 480
YDR091C 23 321
YDR092W 17 316
YDR093W 134 20077
YDR094W 41 7369
YDR095C 40 4454
YDR096W 18 574
YDR097C 27 399
YDR098C 17 450
YDR099W 19 176
YDR100W 9 526
YDR101C 13 145
YDR102C 13 10925
YDR103W 21 549
YDR104C 48 980
YDR105C 22 632
YDR106W 16 535
YDR107C 17 534
YDR108W 34 690
YDR109C 31 2995
YDR110W 22 812
YDR111C 19 370
YDR112W 7 142
YDR113C 12 297
YDR114C 17 420
YDR115W 3 62
YDR116C 16 233
YDR117C 22 486
YDR118W 13 123
YDR118W-A 2 29
YDR119W 34 1712
YDR119W-A 4 1593
YDR120C 22 915
YDR121W 2 21
YDR122W 24 264
YDR123C 21 358
YDR124W 16 174
YDR125C 7 88
YDR126W 27 468
YDR127W 64 2465
YDR128W 36 1152
YDR129C 28 422
YDR130C 3 35
YDR131C 26 812
YDR132C 34 997
YDR133C 0 0
YDR135C 57 1393
YDR136C 37 1217
YDR137W 21 437
YDR138W 27 401
YDR139C 3 99
YDR140W 12 202
YDR141C 31 618
YDR142C 13 281
YDR143C 16 819
YDR144C 23 533
YDR145W 7 223
YDR146C 17 470
YDR147W 17 722
YDR148C 19 262
YDR149C 3 49
YDR150W 87 3532
YDR151C 16 423
YDR152W 9 108
YDR153C 13 109
YDR154C 8 1328
YDR155C 12 237
YDR156W 8 161
YDR157W 17 2250
YDR158W 5 120
YDR159W 33 646
YDR160W 24 211
YDR161W 10 46
YDR162C 4 76
YDR163W 10 755
YDR164C 27 800
YDR165W 12 65
YDR166C 31 541
YDR167W 9 777
YDR168W 15 231
YDR169C 10 145
YDR169C-A 5 1569
YDR170C 53 1444
YDR171W 11 176
YDR172W 34 1131
YDR173C 10 254
YDR174W 20 641
YDR175C 11 186
YDR176W 19 302
YDR177W 21 296
YDR178W 19 1199
YDR179C 9 150
YDR179W-A 13 103
YDR180W 32 584
YDR181C 11 59
YDR182W 25 655
YDR182W-A 2 12
YDR183W 10 184
YDR183C-A 8 106
YDR184C 7 112
YDR185C 12 231
YDR186C 52 2281
YDR187C 18 1303
YDR188W 30 985
YDR189W 21 383
YDR190C 13 179
YDR191W 24 408
YDR192C 7 121
YDR193W 4 115
YDR194C 16 173
YDR194W-A 1 18
YDR195W 16 281
YDR196C 12 176
YDR197W 14 214
YDR198C 11 345
YDR199W 6 95
YDR200C 23 479
YDR201W 8 225
YDR202C 13 429
YDR203W 2 10
YDR204W 20 261
YDR205W 32 1408
YDR206W 24 509
YDR207C 50 1236
YDR208W 37 1057
YDR209C 7 32
YDR210W 3 26
YDR211W 22 299
YDR212W 17 218
YDR213W 23 265
YDR214W 55 3523
YDR215C 50 5027
YDR216W 43 924
YDR217C 44 1488
YDR218C 16 360
YDR219C 11 99
YDR220C 11 631
YDR221W 29 767
YDR222W 15 220
YDR223W 22 1166
YDR224C 3 54
YDR225W 4 30
YDR226W 14 293
YDR227W 28 594
YDR228C 12 568
YDR229W 17 594
YDR230W 14 339
YDR231C 28 508
YDR232W 23 164
YDR233C 17 267
YDR234W 51 1867
YDR235W 5 110
YDR236C 11 443
YDR237W 3 34
YDR238C 28 1595
YDR239C 23 137
YDR240C 7 180
YDR241W 9 500
YDR242W 30 1903
YDR243C 20 751
YDR244W 25 697
YDR245W 10 172
YDR246W 27 507
YDR246W-A 25 4316
YDR247W 24 646
YDR248C 7 42
YDR249C 17 510
YDR250C 23 506
YDR251W 23 898
YDR252W 3 105
YDR253C 18 414
YDR254W 16 179
YDR255C 13 171
YDR256C 44 1055
YDR257C 13 6652
YDR258C 47 720
YDR259C 23 276
YDR260C 53 14815
YDR261C 29 993
YDR262W 6 182
YDR263C 11 199
YDR264C 42 1272
YDR265W 7 118
YDR266C 32 680
YDR267C 15 170
YDR268W 13 162
YDR269C 2 4
YDR270W 39 823
YDR271C 11 368
YDR272W 10 321
YDR273W 7 59
YDR274C 39 2448
YDR275W 18 320
YDR276C 10 561
YDR277C 36 1783
YDR278C 13 291
YDR279W 14 220
YDR280W 7 83
YDR281C 0 0
YDR282C 19 333
YDR283C 68 1415
YDR284C 14 245
YDR285W 22 377
YDR286C 5 40
YDR287W 9 239
YDR288W 8 158
YDR289C 12 160
YDR290W 6 244
YDR291W 48 3269
YDR292C 16 291
YDR293C 54 1237
YDR294C 28 550
YDR295C 15 1090
YDR296W 14 126
YDR297W 18 565
YDR298C 3 29
YDR299W 18 329
YDR300C 21 333
YDR301W 39 831
YDR302W 5 34
YDR303C 21 519
YDR304C 20 459
YDR305C 26 1266
YDR306C 19 503
YDR307W 22 828
YDR308C 1 6
YDR309C 12 352
YDR310C 33 644
YDR311W 25 672
YDR312W 23 603
YDR313C 16 252
YDR314C 19 505
YDR315C 15 408
YDR316W 15 406
YDR317W 13 554
YDR318W 12 179
YDR319C 6 129
YDR320C 17 344
YDR320C-A 1 27
YDR320W-B 5 236
YDR321W 14 213
YDR322W 33 1351
YDR322C-A 1 60
YDR323C 33 782
YDR324C 11 76
YDR325W 27 569
YDR326C 55 1375
YDR327W 9 38
YDR328C 20 324
YDR329C 22 738
YDR330W 26 416
YDR331W 17 203
YDR332W 25 807
YDR333C 30 850
YDR334W 44 1566
YDR335W 33 534
YDR336W 21 459
YDR337W 7 570
YDR338C 36 1849
YDR339C 5 124
YDR340W 5 164
YDR341C 16 422
YDR342C 6 32
YDR343C 3 643
YDR344C 29 4082
YDR345C 48 1079
YDR346C 21 1815
YDR347W 8 207
YDR348C 24 668
YDR349C 24 336
YDR350C 12 93
YDR351W 33 495
YDR352W 8 135
YDR353W 24 2158
YDR354W 11 127
YDR354C-A 2 2
YDR355C 1 3
YDR356W 14 355
YDR357C 16 236
YDR358W 27 649
YDR359C 26 895
YDR360W 4 37
YDR361C 9 271
YDR362C 25 792
YDR363W 17 192
YDR363W-A 2 15
YDR364C 18 480
YDR365C 13 524
YDR366C 9 124
YDR367W 5 160
YDR368W 11 117
YDR369C 28 906
YDR370C 20 2532
YDR371W 26 601
YDR371C-A 1 3
YDR372C 7 321
YDR373W 8 180
YDR374C 14 168
YDR374W-A 1 1
YDR375C 16 625
YDR376W 37 1028
YDR377W 7 104
YDR378C 1 20
YDR379W 54 1035
YDR379C-A 8 211
YDR380W 38 1234
YDR381W 16 501
YDR381C-A 1 26
YDR382W 5 16
YDR383C 19 661
YDR384C 31 1036
YDR385W 6 27
YDR386W 25 1209
YDR387C 29 998
YDR388W 23 623
YDR389W 24 304
YDR390C 18 935
YDR391C 11 1863
YDR392W 11 221
YDR393W 25 568
YDR394W 24 580
YDR395W 39 705
YDR396W 17 1075
YDR397C 18 1076
YDR398W 19 332
YDR399W 21 912
YDR400W 29 1717
YDR401W 12 530
YDR402C 25 839
YDR403W 28 517
YDR404C 7 74
YDR405W 39 586
YDR406W 133 7897
YDR406W-A 1 6
YDR407C 43 1252
YDR408C 13 241
YDR409W 35 413
YDR410C 19 310
YDR411C 22 857
YDR412W 1 2
YDR413C 0 0
YDR414C 14 3909
YDR415C 29 2613
YDR416W 29 637
YDR417C 3 47
YDR418W 3 47
YDR419W 37 548
YDR420W 32 634
YDR421W 37 857
YDR422C 32 858
YDR423C 33 2182
YDR424C 4 45
YDR425W 30 967
YDR426C 14 479
YDR427W 13 397
YDR428C 11 709
YDR429C 5 41
YDR430C 58 1406
YDR431W 8 36
YDR432W 32 841
YDR433W 13 243
YDR434W 11 438
YDR435C 17 593
YDR436W 49 719
YDR437W 14 1163
YDR438W 10 208
YDR439W 1 6
YDR440W 25 734
YDR441C 11 431
YDR442W 10 297
YDR443C 47 934
YDR444W 26 548
YDR445C 17 876
YDR446W 14 267
YDR447C 9 49
YDR448W 17 267
YDR449C 8 568
YDR450W 5 154
YDR451C 13 149
YDR452W 38 879
YDR453C 14 178
YDR454C 1 40
YDR455C 9 550
YDR456W 27 468
YDR457W 125 21280
YDR458C 12 337
YDR459C 24 509
YDR460W 12 239
YDR461W 1 16
YDR461C-A 7 61
YDR462W 8 337
YDR463W 32 2436
YDR464W 16 386
YDR464C-A 0 0
YDR465C 13 499
YDR466W 26 544
YDR467C 6 137
YDR468C 6 587
YDR469W 9 240
YDR470C 23 661
YDR471W 11 354
YDR472W 17 298
YDR473C 19 244
YDR475C 55 2182
YDR476C 37 1094
YDR477W 31 661
YDR478W 8 196
YDR479C 29 3611
YDR480W 27 497
YDR481C 40 1201
YDR482C 19 1615
YDR483W 24 804
YDR484W 15 169
YDR485C 24 229
YDR486C 14 782
YDR487C 10 73
YDR488C 56 2698
YDR489W 15 730
YDR490C 50 2703
YDR491C 30 1099
YDR492W 12 150
YDR493W 12 250
YDR494W 10 124
YDR495C 19 584
YDR496C 26 624
YDR497C 38 1560
YDR498C 8 539
YDR499W 14 361
YDR500C 10 124
YDR501W 10 170
YDR502C 34 1616
YDR503C 11 204
YDR504C 4 61
YDR505C 12 118
YDR506C 54 9133
YDR507C 49 1154
YDR508C 47 585
YDR509W 7 156
YDR510W 4 22
YDR510C-A 3 15
YDR511W 9 118
YDR512C 31 915
YDR513W 8 264
YDR514C 20 1521
YDR515W 5 82
YDR516C 31 1007
YDR517W 26 1224
YDR518W 27 805
YDR519W 5 43
YDR520C 18 402
YDR521W 6 151
YDR522C 8 177
YDR523C 30 809
YDR524C 23 653
YDR524W-C 1 6
YDR524C-B 7 142
YDR524C-A 5 482
YDR525W 19 716
YDR525W-A 7 205
YDR526C 8 200
YDR527W 31 4827
YDR528W 17 238
YDR529C 7 95
YDR530C 31 517
YDR531W 22 386
YDR532C 5 110
YDR533C 4 70
YDR534C 15 520
YDR535C 46 2363
YDR536W 41 1064
YDR537C 5 207
YDR538W 13 319
YDR539W 20 482
YDR540C 5 68
YDR541C 27 1415
YDR542W 1 3
YDR543C 11 975
YDR544C 12 1040
YDR545W 0 0
YDR545C-A 0 0
YEL077C 9 152
YEL077W-A 0 0
YEL076C-A 0 0
YEL076C 0 0
YEL075W-A 0 0
YEL075C 0 0
YEL074W 10 826
YEL073C 3 120
YEL072W 28 1014
YEL071W 41 1612
YEL070W 13 566
YEL069C 30 796
YEL068C 6 150
YEL067C 32 2956
YEL066W 24 1197
YEL065W 28 1300
YEL064C 24 796
YEL063C 21 463
YEL062W 19 652
YEL061C 30 1137
YEL060C 32 1545
YEL059C-A 15 347
YEL059W 35 2940
YEL058W 30 868
YEL057C 9 426
YEL056W 31 665
YEL055C 30 617
YEL054C 3 70
YEL053W-A 2 69
YEL053C 13 355
YEL052W 14 388
YEL051W 1 1
YEL050W-A 1 4
YEL050C 21 738
YEL049W 5 145
YEL048C 2 9
YEL047C 22 477
YEL046C 28 470
YEL045C 30 1044
YEL044W 11 259
YEL043W 35 933
YEL042W 31 3161
YEL041W 25 785
YEL040W 44 2151
YEL039C 10 99
YEL038W 21 765
YEL037C 20 855
YEL036C 18 475
YEL035C 30 12434
YEL034C-A 15 365
YEL034W 10 274
YEL033W 34 2806
YEL032W 56 919
YEL032C-A 3 30
YEL031W 40 1006
YEL030C-A 2 3
YEL030W 10 74
YEL029C 10 508
YEL028W 4 158
YEL027W 2 38
YEL026W 1 2
YEL025C 46 975
YEL024W 10 412
YEL023C 34 978
YEL022W 43 857
YEL021W 61 2217
YEL020C-B 6 29
YEL020W-A 6 29
YEL020C 27 327
YEL019C 9 148
YEL018C-A 7 170
YEL018W 12 334
YEL017C-A 5 131
YEL017W 8 189
YEL016C 28 531
YEL015W 26 662
YEL014C 13 699
YEL013W 14 303
YEL012W 28 841
YEL011W 68 1911
YEL010W 5 21
YEL009C-A 9 208
YEL009C 14 1220
YEL008W 46 8447
YEL008C-A 11 3744
YEL007W 17 1823
YEL006W 28 3119
YEL005C 15 740
YEL004W 24 851
YEL003W 8 83
YEL002C 37 1375
YEL001C 31 1510
YER001W 63 1671
YER002W 1 90
YER003C 20 472
YER004W 22 466
YER005W 57 2591
YER006W 21 427
YER006C-A 3 124
YER007W 13 344
YER007C-A 14 647
YER008C 26 494
YER009W 2 109
YER010C 17 739
YER011W 10 240
YER012W 5 30
YER013W 29 344
YER014W 10 241
YER014C-A 16 1956
YER015W 26 410
YER016W 13 253
YER017C 40 693
YER018C 27 2203
YER019W 29 1010
YER019C-A 3 20
YER020W 30 569
YER021W 15 480
YER022W 22 465
YER023W 6 125
YER023C-A 3 89
YER024W 67 30867
YER025W 3 22
YER026C 5 97
YER027C 16 487
YER028C 24 653
YER029C 3 461
YER030W 0 0
YER031C 11 154
YER032W 33 598
YER033C 25 503
YER034W 19 1340
YER035W 21 315
YER036C 33 995
YER037W 13 136
YER038C 10 122
YER038W-A 6 30
YER039C 14 156
YER039C-A 3 17
YER040W 13 471
YER041W 35 1687
YER042W 13 754
YER043C 19 175
YER044C 9 385
YER044C-A 24 833
YER045C 14 261
YER046W 14 327
YER046W-A 3 12
YER047C 29 957
YER048C 18 349
YER048W-A 3 808
YER049W 15 340
YER050C 6 23
YER051W 26 1015
YER052C 9 155
YER053C 17 233
YER053C-A 0 0
YER054C 43 2239
YER055C 18 312
YER056C 32 723
YER056C-A 9 42
YER057C 7 556
YER058W 7 29
YER059W 14 203
YER060W 29 504
YER060W-A 21 224
YER061C 14 205
YER062C 11 430
YER063W 15 585
YER064C 15 209
YER065C 64 1828
YER066W 11 251
YER066C-A 14 863
YER067W 13 181
YER067C-A 9 98
YER068W 20 963
YER068C-A 25 956
YER069W 59 2125
YER070W 33 734
YER071C 3 42
YER072W 7 96
YER073W 30 773
YER074W 3 119
YER074W-A 4 33
YER075C 33 717
YER076C 8 207
YER076W-A 4 238
YER077C 25 482
YER078C 26 903
YER078W-A 14 859
YER079W 12 342
YER079C-A 6 174
YER080W 24 317
YER081W 38 1257
YER082C 7 95
YER083C 15 423
YER084W 15 289
YER084W-A 4 33
YER085C 4 33
YER086W 18 289
YER087W 27 645
YER087C-A 9 175
YER087C-B 1 9
YER088C 50 3950
YER088C-A 44 6443
YER088W-B 13 489
YER089C 50 1788
YER090W 11 160
YER090C-A 0 0
YER091C 18 423
YER091C-A 21 1281
YER092W 9 948
YER093C 34 3595
YER093C-A 15 909
YER094C 9 134
YER095W 18 334
YER096W 19 338
YER097W 6 151
YER098W 21 421
YER099C 9 149
YER100W 6 125
YER101C 22 422
YER102W 8 22
YER103W 25 611
YER104W 7 104
YER105C 42 4507
YER106W 5 61
YER107C 9 76
YER107W-A 1 24
YER109C 18 389
YER110C 23 348
YER111C 31 735
YER112W 0 0
YER113C 25 441
YER114C 34 825
YER115C 5 62
YER116C 6 339
YER117W 1 1
YER118C 10 73
YER119C 35 1919
YER119C-A 15 277
YER120W 9 203
YER121W 9 571
YER122C 16 841
YER123W 24 309
YER124C 14 136
YER125W 33 538
YER126C 7 188
YER127W 5 29
YER128W 13 179
YER129W 55 1627
YER130C 28 1064
YER131W 3 55
YER132C 76 4462
YER133W 10 77
YER133W-A 1 12
YER134C 4 236
YER135C 8 65
YER136W 22 399
YER137C 12 793
YER137W-A 12 785
YER138W-A 0 0
YER139C 10 147
YER140W 32 1207
YER141W 16 598
YER142C 13 223
YER143W 20 477
YER144C 55 1266
YER145C 58 2375
YER145C-A 11 272
YER146W 6 209
YER147C 64 2032
YER147C-A 3 9
YER148W 4 11
YER148W-A 9 325
YER149C 19 466
YER150W 10 123
YER151C 37 835
YER152C 30 914
YER152W-A 11 299
YER153C 28 326
YER154W 28 496
YER155C 69 1699
YER156C 18 343
YER157W 22 384
YER158C 26 919
YER158W-A 8 309
YER159C 14 372
YER161C 9 367
YER162C 12 293
YER163C 30 393
YER164W 39 561
YER165W 7 108
YER165C-A 6 161
YER166W 78 1900
YER167W 34 932
YER168C 18 572
YER169W 42 964
YER170W 6 253
YER171W 21 563
YER172C 45 1065
YER172C-A 4 120
YER173W 22 512
YER174C 7 406
YER175C 39 3608
YER175W-A 2 36
YER176W 113 8450
YER177W 12 162
YER178W 35 5134
YER179W 26 689
YER180C 6 241
YER180C-A 3 48
YER181C 8 103
YER182W 8 99
YER183C 10 86
YER184C 18 1263
YER185W 19 475
YER186C 20 1147
YER187W 5 157
YER188W 11 195
YER188C-A 7 53
YER189W 0 0
YER190W 3 32
YER190C-A 0 0
YER190C-B 0 0
YFL068W 0 0
YFL067W 1 1
YFL066C 0 0
YFL065C 0 0
YFL064C 0 0
YFL063W 9 692
YFL062W 4 37
YFL061W 1 22
YFL060C 2 25
YFL059W 5 485
YFL058W 0 0
YFL057C 0 0
YFL056C 1 21
YFL055W 22 411
YFL054C 35 1109
YFL053W 22 675
YFL052W 22 1395
YFL051C 11 390
YFL050C 28 896
YFL049W 19 811
YFL048C 19 450
YFL047W 24 1141
YFL046W 16 457
YFL045C 0 0
YFL044C 14 401
YFL042C 27 912
YFL041W-A 3 53
YFL041W 33 419
YFL040W 24 654
YFL039C 7 327
YFL038C 20 791
YFL037W 30 1380
YFL036W 34 1030
YFL034C-B 7 208
YFL034C-A 12 288
YFL034W 39 933
YFL033C 92 2949
YFL032W 18 1694
YFL031W 9 332
YFL031C-A 0 0
YFL030W 33 596
YFL029C 17 838
YFL028C 13 355
YFL027C 16 307
YFL026W 15 734
YFL025C 20 471
YFL024C 44 1272
YFL023W 25 376
YFL022C 16 515
YFL021C-A 47 1749
YFL021W 40 895
YFL020C 4 15
YFL019C 1 4
YFL018C 14 181
YFL017W-A 5 17
YFL017C 9 195
YFL016C 29 521
YFL015W-A 13 135
YFL015C 33 682
YFL014W 12 227
YFL013W-A 29 723
YFL013C 39 833
YFL012W-A 27 1171
YFL012W 8 168
YFL011W 19 569
YFL010W-A 0 0
YFL010C 5 47
YFL009W 10 140
YFL008W 29 598
YFL007W 80 1654
YFL005W 9 126
YFL004W 27 2819
YFL003C 80 5886
YFL002C 41 1057
YFL001W 61 2302
YFR001W 5 76
YFR002W 29 683
YFR003C 10 215
YFR004W 5 7
YFR005C 10 439
YFR006W 50 2478
YFR007W 30 3836
YFR008W 3 17
YFR009W 30 521
YFR009W-A 0 0
YFR010W 31 3004
YFR010W-A 3 19
YFR011C 7 146
YFR012W 7 124
YFR012W-A 0 0
YFR013W 27 699
YFR014C 17 1626
YFR015C 45 1438
YFR016C 51 1046
YFR017C 40 1438
YFR018C 69 9047
YFR019W 60 1513
YFR020W 10 162
YFR021W 25 349
YFR022W 32 2196
YFR023W 16 1561
YFR024C-A 23 1178
YFR025C 28 3803
YFR026C 8 96
YFR027W 10 298
YFR028C 20 494
YFR029W 35 827
YFR030W 26 682
YFR031C 30 804
YFR031C-A 8 177
YFR032C 13 183
YFR032C-A 4 80
YFR032C-B 15 734
YFR033C 30 2559
YFR034C 55 13017
YFR034W-A 25 5087
YFR035C 25 4825
YFR036W 15 943
YFR036W-A 12 187
YFR037C 22 406
YFR038W 29 1466
YFR039C 11 182
YFR040W 36 1075
YFR041C 16 1575
YFR042W 4 14
YFR043C 11 618
YFR044C 31 898
YFR045W 14 531
YFR046C 22 285
YFR047C 14 701
YFR048W 51 1110
YFR049W 5 67
YFR050C 21 607
YFR051C 33 739
YFR052W 6 97
YFR052C-A 6 36
YFR053C 44 1733
YFR054C 1 35
YFR056C 8 198
YFR055W 25 642
YFR057W 3 9
YGL263W 20 318
YGL262W 13 125
YGL261C 5 97
YGL260W 2 3
YGL259W 5 54
YGL258W-A 1 4
YGL258W 5 185
YGL257C 18 329
YGL256W 11 218
YGL255W 24 459
YGL254W 33 940
YGL253W 26 582
YGL252C 29 3003
YGL251C 49 1359
YGL250W 8 48
YGL249W 47 904
YGL248W 15 315
YGL247W 12 338
YGL246C 18 767
YGL245W 31 776
YGL244W 22 294
YGL243W 7 475
YGL242C 14 377
YGL241W 29 2438
YGL240W 11 232
YGL239C 3 99
YGL238W 30 1101
YGL237C 9 87
YGL236C 45 958
YGL235W 13 496
YGL234W 36 911
YGL233W 13 190
YGL232W 11 306
YGL231C 3 74
YGL230C 0 0
YGL229C 43 732
YGL228W 18 276
YGL227W 46 1152
YGL226C-A 3 91
YGL226W 9 92
YGL225W 26 1014
YGL224C 19 499
YGL223C 11 472
YGL222C 5 41
YGL221C 10 317
YGL220W 10 259
YGL219C 15 877
YGL218W 11 862
YGL217C 4 46
YGL216W 44 1149
YGL215W 16 151
YGL214W 8 79
YGL213C 13 145
YGL212W 14 154
YGL211W 12 447
YGL210W 7 96
YGL209W 16 335
YGL208W 51 2263
YGL207W 24 407
YGL206C 58 1159
YGL205W 42 1257
YGL204C 3 2163
YGL203C 37 969
YGL202W 24 387
YGL201C 49 1214
YGL200C 19 877
YGL199C 9 152
YGL198W 11 159
YGL197W 42 466
YGL196W 20 533
YGL195W 97 6098
YGL194C-A 8 65
YGL194C 15 271
YGL193C 11 373
YGL192W 30 534
YGL191W 18 1678
YGL190C 31 616
YGL189C 15 229
YGL188C-A 2 11
YGL188C 11 101
YGL187C 24 700
YGL186C 21 471
YGL185C 24 642
YGL184C 27 859
YGL183C 10 177
YGL182C 6 71
YGL181W 17 402
YGL180W 35 651
YGL179C 23 195
YGL178W 77 5861
YGL177W 29 4713
YGL176C 13 553
YGL175C 12 789
YGL174W 14 903
YGL173C 63 2441
YGL172W 15 361
YGL171W 18 322
YGL170C 8 116
YGL169W 14 602
YGL168W 8 129
YGL167C 24 257
YGL166W 25 551
YGL165C 39 3107
YGL164C 10 119
YGL163C 35 702
YGL162W 14 301
YGL161C 17 567
YGL160W 25 485
YGL159W 8 60
YGL158W 36 1540
YGL157W 19 228
YGL156W 42 697
YGL155W 16 717
YGL154C 9 149
YGL153W 9 138
YGL152C 10 3842
YGL151W 16 175
YGL150C 45 878
YGL149W 14 282
YGL148W 28 1294
YGL147C 10 267
YGL146C 30 721
YGL145W 18 554
YGL144C 21 255
YGL143C 16 282
YGL142C 15 278
YGL141W 43 1572
YGL140C 29 1208
YGL139W 30 3220
YGL138C 6 204
YGL137W 28 962
YGL136C 16 709
YGL135W 6 28
YGL134W 28 908
YGL133W 47 1245
YGL132W 4 167
YGL131C 35 4269
YGL130W 12 128
YGL129C 8 74
YGL128C 5 47
YGL127C 12 151
YGL126W 108 19079
YGL125W 77 8622
YGL124C 23 13669
YGL123W 6 71
YGL123C-A 2 21
YGL122C 17 4649
YGL121C 7 114
YGL120C 42 980
YGL119W 9 159
YGL118C 16 414
YGL117W 29 852
YGL116W 33 665
YGL115W 17 282
YGL114W 19 784
YGL113W 10 234
YGL112C 7 20
YGL111W 15 430
YGL110C 32 531
YGL109W 9 124
YGL108C 6 20
YGL107C 22 367
YGL106W 3 10
YGL105W 22 488
YGL104C 20 304
YGL103W 26 350
YGL102C 16 250
YGL101W 6 48
YGL100W 10 205
YGL099W 15 266
YGL098W 5 28
YGL097W 39 1147
YGL096W 17 511
YGL095C 16 244
YGL094C 47 1344
YGL093W 20 516
YGL092W 29 523
YGL091C 17 884
YGL090W 9 114
YGL089C 6 154
YGL088W 15 182
YGL087C 22 1697
YGL086W 33 454
YGL085W 20 529
YGL084C 16 397
YGL083W 31 339
YGL082W 27 582
YGL081W 16 269
YGL080W 8 201
YGL079W 4 138
YGL078C 6 81
YGL077C 31 971
YGL076C 2 19
YGL075C 14 124
YGL074C 19 452
YGL073W 65 1891
YGL072C 21 623
YGL071W 38 1122
YGL070C 7 135
YGL069C 5 55
YGL068W 5 55
YGL067W 11 232
YGL066W 27 634
YGL065C 11 197
YGL064C 29 802
YGL063W 100 7102
YGL063C-A 13 137
YGL062W 78 1856
YGL061C 17 404
YGL060W 16 222
YGL059W 19 451
YGL058W 14 248
YGL057C 12 417
YGL056C 21 648
YGL055W 44 1034
YGL054C 4 200
YGL053W 3 6
YGL052W 3 75
YGL051W 9 220
YGL050W 27 20180
YGL049C 17 305
YGL048C 6 16
YGL047W 17 780
YGL045W 46 4968
YGL044C 6 127
YGL043W 15 210
YGL042C 4 50
YGL041C-B 8 188
YGL041W-A 8 139
YGL041C 4 76
YGL040C 12 155
YGL039W 6 47
YGL038C 27 331
YGL037C 6 127
YGL036W 24 685
YGL035C 26 489
YGL034C 7 25
YGL033W 6 63
YGL032C 2 5
YGL031C 4 51
YGL030W 2 4
YGL029W 5 12
YGL028C 11 59
YGL027C 30 974
YGL026C 22 542
YGL025C 10 132
YGL024W 5 118
YGL023C 24 603
YGL022W 44 1111
YGL021W 26 1264
YGL020C 2 52
YGL019W 5 53
YGL018C 11 106
YGL017W 12 138
YGL016W 19 250
YGL015C 6 81
YGL014W 32 935
YGL014C-A 3 139
YGL013C 38 882
YGL012W 27 864
YGL011C 2 7
YGL010W 5 160
YGL009C 41 992
YGL008C 52 1359
YGL007C-A 2 10
YGL007W 20 7598
YGL006W-A 6 72
YGL006W 37 613
YGL005C 18 194
YGL004C 45 2469
YGL003C 44 1591
YGL002W 27 1638
YGL001C 52 3354
YGR001C 23 3174
YGR002C 30 3445
YGR003W 28 344
YGR004W 28 1520
YGR005C 13 187
YGR006W 16 729
YGR007W 25 1302
YGR008C 12 225
YGR009C 16 146
YGR010W 16 312
YGR011W 3 36
YGR012W 21 1247
YGR013W 47 1400
YGR014W 42 1368
YGR015C 16 348
YGR016W 19 452
YGR017W 4 9
YGR018C 2 2
YGR019W 43 845
YGR020C 3 12
YGR021W 23 341
YGR022C 4 45
YGR023W 12 90
YGR024C 3 29
YGR025W 22 652
YGR026W 16 913
YGR027C 11 150
YGR028W 19 513
YGR029W 8 165
YGR030C 13 722
YGR031W 73 3416
YGR031C-A 27 1514
YGR032W 107 2825
YGR033C 14 155
YGR034W 2 47
YGR035C 4 111
YGR035W-A 13 2478
YGR036C 20 617
YGR037C 3 29
YGR038W 7 83
YGR039W 11 80
YGR040W 27 546
YGR041W 48 1217
YGR042W 8 54
YGR043C 30 2849
YGR044C 10 110
YGR045C 27 1401
YGR046W 12 191
YGR047C 25 630
YGR048W 14 296
YGR049W 25 471
YGR050C 19 1128
YGR051C 20 1195
YGR052W 35 874
YGR053C 8 155
YGR054W 26 515
YGR055W 13 315
YGR056W 33 840
YGR057C 5 43
YGR058W 10 120
YGR059W 8 138
YGR060W 16 355
YGR061C 39 1829
YGR062C 6 24
YGR063C 6 76
YGR064W 5 60
YGR065C 11 155
YGR066C 10 179
YGR067C 36 802
YGR068C 90 2454
YGR068W-A 2 14
YGR069W 18 749
YGR070W 53 759
YGR071C 24 9058
YGR072W 3 7
YGR073C 5 192
YGR074W 5 192
YGR075C 2 14
YGR076C 9 662
YGR077C 18 351
YGR078C 5 91
YGR079W 29 1496
YGR080W 13 335
YGR081C 10 101
YGR082W 6 72
YGR083C 20 436
YGR084C 11 228
YGR085C 2 5
YGR086C 16 243
YGR087C 71 2743
YGR088W 19 710
YGR089W 31 732
YGR090W 29 916
YGR091W 12 187
YGR092W 29 763
YGR093W 31 641
YGR094W 51 1562
YGR095C 10 122
YGR096W 26 6704
YGR097W 34 724
YGR098C 13 144
YGR099W 17 459
YGR100W 47 545
YGR101W 10 628
YGR102C 2 25
YGR103W 12 407
YGR104C 17 310
YGR105W 3 6
YGR106C 8 74
YGR107W 45 2812
YGR108W 12 128
YGR109C 20 389
YGR110W 7 330
YGR111W 15 259
YGR112W 17 284
YGR113W 22 643
YGR114C 1 1
YGR115C 5 9
YGR116W 25 482
YGR117C 9 176
YGR118W 4 19
YGR119C 25 538
YGR120C 4 9
YGR121C 57 1978
YGR121W-A 27 8979
YGR122W 24 649
YGR122C-A 2 78
YGR123C 25 653
YGR124W 33 2404
YGR125W 29 903
YGR126W 12 239
YGR127W 21 579
YGR128C 9 57
YGR129W 11 383
YGR130C 43 1034
YGR131W 5 98
YGR132C 15 301
YGR133W 10 868
YGR134W 36 1388
YGR135W 5 33
YGR136W 12 253
YGR137W 1 30
YGR138C 23 268
YGR139W 4 60
YGR140W 25 385
YGR141W 36 626
YGR142W 7 62
YGR143W 44 2038
YGR144W 18 453
YGR145W 15 223
YGR146C 8 57
YGR146C-A 11 331
YGR147C 19 405
YGR148C 7 79
YGR149W 12 117
YGR150C 14 133
YGR151C 2 99
YGR152C 10 303
YGR153W 12 260
YGR154C 9 245
YGR155W 18 278
YGR156W 20 300
YGR157W 22 835
YGR158C 10 122
YGR159C 10 235
YGR160W 1 2
YGR161C 24 412
YGR161W-C 9 204
YGR162W 23 395
YGR163W 8 30
YGR164W 14 1659
YGR165W 6 101
YGR166W 17 545
YGR167W 10 280
YGR168C 12 1022
YGR169C 33 706
YGR169C-A 1 1
YGR170W 47 3394
YGR171C 19 338
YGR172C 8 226
YGR173W 16 538
YGR174C 13 349
YGR174W-A 2 8
YGR175C 30 421
YGR176W 21 361
YGR177C 54 1067
YGR178C 35 694
YGR179C 20 450
YGR180C 22 516
YGR181W 8 271
YGR182C 15 179
YGR183C 8 107
YGR184C 71 2561
YGR185C 11 486
YGR186W 19 231
YGR187C 7 97
YGR188C 19 319
YGR189C 14 232
YGR190C 7 61
YGR191W 16 426
YGR192C 17 355
YGR193C 10 88
YGR194C 27 531
YGR195W 18 232
YGR196C 16 65783
YGR197C 31 1201
YGR198W 25 343
YGR199W 43 1625
YGR200C 39 1265
YGR201C 19 2624
YGR202C 25 305
YGR203W 46 1382
YGR204W 75 3424
YGR204C-A 1 1
YGR205W 13 125
YGR206W 6 137
YGR207C 6 83
YGR208W 15 701
YGR209C 7 484
YGR210C 45 1594
YGR211W 27 586
YGR212W 17 125
YGR213C 16 746
YGR214W 12 75
YGR215W 4 71
YGR216C 16 374
YGR217W 64 1406
YGR218W 22 329
YGR219W 2 123
YGR220C 18 481
YGR221C 36 992
YGR222W 19 270
YGR223C 15 708
YGR224W 23 822
YGR225W 21 369
YGR226C 1 13
YGR227W 8 86
YGR228W 7 104
YGR229C 22 426
YGR230W 12 2043
YGR231C 17 151
YGR232W 15 391
YGR233C 46 778
YGR234W 19 198
YGR235C 7 180
YGR236C 22 838
YGR237C 40 934
YGR238C 37 2987
YGR239C 36 3010
YGR240C 40 732
YGR240C-A 20 6315
YGR241C 30 2023
YGR242W 2 47
YGR243W 2 19
YGR244C 55 2424
YGR245C 28 1885
YGR246C 15 198
YGR247W 9 135
YGR248W 16 180
YGR249W 12 325
YGR250C 42 1784
YGR251W 11 563
YGR252W 13 284
YGR253C 7 85
YGR254W 25 1358
YGR255C 24 356
YGR256W 31 875
YGR257C 25 681
YGR258C 41 8102
YGR259C 5 5281
YGR260W 31 9556
YGR261C 30 711
YGR262C 17 413
YGR263C 18 468
YGR264C 13 431
YGR265W 11 1166
YGR266W 32 1166
YGR267C 24 1013
YGR268C 27 846
YGR269W 26 1140
YGR270W 50 1236
YGR270C-A 5 57
YGR271W 99 2874
YGR271C-A 2 68
YGR273C 0 0
YGR274C 19 445
YGR275W 7 238
YGR276C 13 153
YGR277C 9 107
YGR278W 12 95
YGR279C 23 1618
YGR280C 15 388
YGR281W 66 1441
YGR282C 16 873
YGR283C 18 324
YGR284C 14 236
YGR285C 11 241
YGR286C 26 1625
YGR287C 36 752
YGR288W 26 278
YGR289C 18 289
YGR290W 1 55
YGR291C 8 261
YGR292W 4 200
YGR293C 0 0
YGR294W 3 52
YGR295C 14 103
YGR296W 0 0
YGR296C-A 0 0
YGR296C-B 0 0
YHL050C 0 0
YHL050W-A 0 0
YHL049C 0 0
YHL048C-A 1 53
YHL048W 8 50
YHL047C 20 426
YHL046W-A 3 16
YHL046C 1 3
YHL045W 12 185
YHL044W 13 1587
YHL043W 8 140
YHL042W 24 1431
YHL041W 19 708
YHL040C 43 1213
YHL039W 16 307
YHL038C 16 178
YHL037C 30 1526
YHL036W 33 3761
YHL035C 51 1115
YHL034W-A 4 17
YHL034C 4 17
YHL033C 12 305
YHL032C 49 1243
YHL031C 24 897
YHL030W-A 11 300
YHL030W 64 1571
YHL029C 33 810
YHL028W 33 659
YHL027W 40 1599
YHL026C 27 697
YHL025W 78 3749
YHL024W 61 2449
YHL023C 38 1196
YHL022C 8 262
YHL021C 38 1557
YHL020C 23 353
YHL019W-A 17 667
YHL019C 24 413
YHL018W 4 2474
YHL017W 12 435
YHL016C 43 1351
YHL015W-A 2 661
YHL015W 0 0
YHL014C 17 1487
YHL013C 9 110
YHL012W 21 974
YHL011C 13 359
YHL010C 32 737
YHL009C 14 440
YHL008C 11 126
YHL007C 64 2820
YHL006W-A 18 504
YHL006C 47 22638
YHL005C 30 2694
YHL004W 19 599
YHL003C 18 532
YHL002C-A 12 808
YHL002W 29 1300
YHL001W 16 656
YHR001W 63 1927
YHR001W-A 19 2209
YHR002W 60 1206
YHR003C 29 1137
YHR004C 19 627
YHR005C 9 72
YHR005C-A 4 33
YHR006W 16 1122
YHR007C 17 463
YHR007C-A 25 2652
YHR008C 12 409
YHR009C 27 782
YHR010W 1 6
YHR011W 9 172
YHR012W 8 90
YHR013C 11 277
YHR014W 5 84
YHR015W 9 107
YHR016C 24 396
YHR017W 18 380
YHR018C 19 786
YHR019C 17 373
YHR020W 21 319
YHR021C 5 90
YHR021W-A 3 147
YHR022C 15 420
YHR022C-A 4 208
YHR023W 59 1791
YHR024C 15 250
YHR025W 13 298
YHR026W 10 164
YHR027C 31 290
YHR028C 41 2842
YHR028W-A 13 299
YHR029C 15 387
YHR030C 18 433
YHR031C 56 26448
YHR032W 76 2061
YHR032W-A 8 2250
YHR032C-A 8 1524
YHR033W 70 3426
YHR034C 40 1329
YHR035W 37 950
YHR036W 20 2150
YHR037W 17 213
YHR038W 4 29
YHR039C 22 403
YHR039C-A 2 29
YHR040W 18 379
YHR041C 14 233
YHR042W 21 126
YHR043C 14 225
YHR044C 16 207
YHR045W 26 317
YHR046C 26 1071
YHR047C 38 1208
YHR048W 29 693
YHR049W 17 240
YHR049C-A 12 2696
YHR050W 42 1417
YHR050W-A 3 43
YHR051W 7 101
YHR052W 9 399
YHR052W-A 0 0
YHR053C 0 0
YHR054C 0 0
YHR054W-A 0 0
YHR055C 0 0
YHR056C 33 3791
YHR056W-A 12 395
YHR057C 21 5110
YHR058C 13 301
YHR059W 6 501
YHR060W 7 85
YHR061C 18 410
YHR062C 19 736
YHR063C 12 372
YHR063W-A 2 3
YHR064C 11 396
YHR065C 22 742
YHR066W 14 546
YHR067W 14 226
YHR068W 15 365
YHR069C 13 669
YHR069C-A 3 277
YHR070W 53 3591
YHR070C-A 41 3451
YHR071W 15 1368
YHR071C-A 12 141
YHR072W 39 924
YHR072W-A 2 8
YHR073W 41 681
YHR073W-A 3 248
YHR073C-B 1 6
YHR074W 21 544
YHR075C 15 597
YHR076W 8 137
YHR077C 19 389
YHR078W 14 427
YHR079C 46 915
YHR079C-A 0 0
YHR080C 72 3418
YHR081W 7 142
YHR082C 39 1497
YHR083W 27 386
YHR084W 26 567
YHR085W 7 443
YHR086W 16 420
YHR086W-A 9 421
YHR087W 15 525
YHR088W 5 76
YHR089C 7 101
YHR090C 6 109
YHR091C 28 412
YHR092C 22 574
YHR093W 6 180
YHR094C 23 743
YHR095W 9 215
YHR096C 43 937
YHR097C 24 326
YHR098C 39 578
YHR099W 97 2613
YHR100C 8 169
YHR101C 9 436
YHR102W 21 455
YHR103W 31 728
YHR104W 12 645
YHR105W 5 234
YHR106W 10 4017
YHR107C 9 107
YHR108W 28 1064
YHR109W 15 318
YHR110W 4 108
YHR111W 13 446
YHR112C 18 598
YHR113W 29 792
YHR114W 26 610
YHR115C 26 2119
YHR116W 18 570
YHR117W 21 485
YHR118C 18 306
YHR119W 33 607
YHR120W 20 256
YHR121W 7 289
YHR122W 14 240
YHR123W 8 207
YHR124W 42 947
YHR125W 3 48
YHR126C 15 590
YHR127W 9 170
YHR128W 8 571
YHR129C 11 153
YHR130C 3 24
YHR131C 23 478
YHR131W-A 3 87
YHR132C 31 4495
YHR132W-A 13 593
YHR133C 15 275
YHR134W 8 158
YHR135C 40 1178
YHR136C 13 218
YHR137W 7 337
YHR137C-A 7 337
YHR138C 6 198
YHR139C 16 224
YHR139C-A 15 391
YHR140W 18 636
YHR141C 4 31
YHR142W 16 150
YHR143W 8 1381
YHR143W-A 0 0
YHR144C 9 291
YHR145C 5 11
YHR146W 12 515
YHR147C 5 196
YHR148W 11 300
YHR149C 22 452
YHR150W 34 1302
YHR151C 20 1227
YHR152W 9 596
YHR153C 8 84
YHR154W 51 1240
YHR155W 23 644
YHR156C 37 839
YHR157W 6 50
YHR158C 38 751
YHR159W 21 1398
YHR160C 7 370
YHR161C 48 2516
YHR162W 0 0
YHR163W 5 60
YHR164C 30 919
YHR165C 85 1577
YHR165W-A 8 20
YHR166C 32 1702
YHR167W 15 398
YHR168W 25 1419
YHR169W 17 541
YHR170W 10 516
YHR171W 13 6070
YHR172W 31 2176
YHR173C 28 1475
YHR174W 23 2745
YHR175W 12 749
YHR175W-A 1 1
YHR176W 22 281
YHR177W 18 272
YHR178W 40 1163
YHR179W 19 309
YHR180W 11 126
YHR180W-A 4 58
YHR180C-B 3 22
YHR181W 4 315
YHR182W 34 831
YHR182C-A 10 85
YHR183W 24 454
YHR184W 9 97
YHR185C 6 37
YHR186C 53 1256
YHR187W 7 168
YHR188C 25 672
YHR189W 16 234
YHR190W 23 534
YHR191C 2 40
YHR192W 13 411
YHR193C 6 208
YHR193C-A 8 176
YHR194W 46 1207
YHR195W 18 543
YHR196W 21 346
YHR197W 9 189
YHR198C 11 158
YHR199C 19 962
YHR199C-A 5 33
YHR200W 7 130
YHR201C 9 89
YHR202W 22 655
YHR203C 5 102
YHR204W 45 1902
YHR205W 13 203
YHR206W 20 424
YHR207C 20 336
YHR208W 20 581
YHR209W 11 107
YHR210C 17 344
YHR211W 32 689
YHR212C 0 0
YHR212W-A 0 0
YHR213W 0 0
YHR213W-A 0 0
YHR213W-B 12 708
YHR214W 0 0
YHR214W-A 0 0
YHR214C-D 0 0
YHR214C-E 0 0
YHR215W 3 16
YHR216W 23 8824
YHR217C 9 65
YHR218W 0 0
YHR218W-A 0 0
YHR219W 0 0
YHR219C-A 0 0
YIL177C 0 0
YIL177W-A 0 0
YIL176C 0 0
YIL173W 1 3
YIL172C 0 0
YIL171W-A 0 0
YIL169C 15 139
YIL166C 24 456
YIL165C 9 230
YIL164C 16 244
YIL163C 23 512
YIL162W 36 3006
YIL161W 6 45
YIL160C 19 462
YIL159W 48 1643
YIL158W 11 131
YIL157C 10 263
YIL156W-A 10 297
YIL156W-B 10 286
YIL156W 48 1256
YIL155C 77 2133
YIL154C 71 2264
YIL153W 33 1045
YIL152W 18 309
YIL151C 25 221
YIL150C 22 253
YIL149C 44 1442
YIL148W 1 4
YIL147C 31 716
YIL146C 8 327
YIL145C 10 106
YIL144W 16 390
YIL143C 30 940
YIL142C-A 5 12
YIL142W 29 947
YIL141W 6 40
YIL140W 27 1063
YIL139C 21 584
YIL138C 5 412
YIL137C 45 1434
YIL136W 20 426
YIL135C 17 557
YIL134C-A 16 438
YIL134W 9 48
YIL133C 3 35
YIL132C 21 3286
YIL131C 33 2949
YIL130W 33 646
YIL129C 55 864
YIL128W 25 685
YIL127C 3 48
YIL126W 33 993
YIL125W 69 3058
YIL124W 7 72
YIL123W 45 1469
YIL122W 22 280
YIL121W 35 1388
YIL120W 40 2326
YIL119C 16 484
YIL118W 12 128
YIL117C 19 307
YIL116W 17 521
YIL115W-A 4 23
YIL115C 52 1063
YIL114C 2 430
YIL113W 19 1100
YIL112W 41 1295
YIL111W 10 559
YIL110W 13 213
YIL109C 40 775
YIL108W 48 2831
YIL107C 31 756
YIL106W 14 179
YIL105C 39 1265
YIL105W-A 3 68
YIL104C 21 518
YIL103W 16 236
YIL102C-A 5 84
YIL102C 2 37
YIL101C 45 2785
YIL100C-A 46 2657
YIL100W 52 2888
YIL099W 34 1467
YIL098C 7 252
YIL097W 17 721
YIL096C 15 358
YIL095W 27 568
YIL094C 12 134
YIL093C 18 362
YIL092W 30 678
YIL091C 37 1186
YIL090W 13 130
YIL089W 8 105
YIL088C 27 476
YIL087C 3 17
YIL086C 12 150
YIL085C 41 1358
YIL084C 17 208
YIL083C 8 160
YIL082W 7 115
YIL079C 13 872
YIL078W 32 903
YIL077C 32 969
YIL076W 7 142
YIL075C 33 468
YIL074C 35 603
YIL073C 29 1256
YIL072W 16 262
YIL071W-A 2 16
YIL071C 12 2916
YIL070C 6 40
YIL069C 9 170
YIL068W-A 10 84
YIL068C 24 458
YIL067C 35 576
YIL066W-A 5 146
YIL066C 41 503
YIL065C 13 577
YIL064W 19 241
YIL063C 19 839
YIL062C 10 176
YIL061C 8 82
YIL060W 1 47
YIL059C 1 47
YIL058W 12 935
YIL057C 15 17644
YIL056W 34 1727
YIL055C 45 796
YIL054W 24 9481
YIL053W 25 930
YIL052C 0 0
YIL051C 12 1238
YIL050W 10 478
YIL049W 13 223
YIL048W 25 488
YIL047C-A 7 209
YIL047C 48 1078
YIL046W-A 26 1332
YIL046W 34 809
YIL045W 27 580
YIL044C 8 133
YIL043C 28 502
YIL042C 22 408
YIL041W 20 702
YIL040W 1 3
YIL039W 19 826
YIL038C 14 123
YIL037C 20 595
YIL036W 25 401
YIL035C 22 707
YIL034C 17 453
YIL033C 28 1329
YIL032C 4 127
YIL031W 33 722
YIL030W-A 6 46
YIL030C 49 7744
YIL029W-A 6 335
YIL029C 2 29
YIL028W 1 6
YIL027C 10 116
YIL026C 31 1347
YIL025C 3 106
YIL024C 10 77
YIL023C 18 588
YIL022W 19 284
YIL021W 17 365
YIL021C-A 3 97
YIL020C-A 8 36
YIL020C 14 827
YIL019W 12 416
YIL018W 2 2
YIL017C 38 824
YIL016W 2 5
YIL015W 22 899
YIL014C-A 0 0
YIL014W 12 152
YIL013C 52 777
YIL012W 21 2007
YIL011W 11 341
YIL010W 13 228
YIL009C-A 16 433
YIL009W 32 10343
YIL008W 3 43
YIL007C 17 1537
YIL006W 22 810
YIL005W 33 4061
YIL004C 12 394
YIL003W 34 666
YIL002W-A 6 131
YIL002C 83 9380
YIL001W 89 5951
YIR001C 32 2354
YIR002C 58 1578
YIR003W 33 632
YIR004W 13 101
YIR005W 10 152
YIR006C 53 2272
YIR007W 18 552
YIR008C 7 107
YIR009W 2 11
YIR010W 20 968
YIR011C 3 38
YIR012W 18 415
YIR013C 6 195
YIR014W 16 253
YIR015W 20 1084
YIR016W 19 286
YIR017C 28 1357
YIR017W-A 31 1611
YIR018W 11 357
YIR018C-A 11 333
YIR019C 26 1422
YIR020C 9 126
YIR020W-A 12 638
YIR020C-B 10 104
YIR021W 14 217
YIR021W-A 6 1292
YIR022W 2 12
YIR023W 30 823
YIR023C-A 2 42
YIR024C 7 178
YIR025W 18 263
YIR026C 9 365
YIR027C 11 584
YIR028W 41 3865
YIR029W 16 250
YIR030C 7 6920
YIR030W-A 4 311
YIR031C 21 584
YIR032C 18 767
YIR033W 22 279
YIR034C 20 1223
YIR035C 17 426
YIR036C 6 74
YIR036W-A 9 228
YIR037W 4 115
YIR038C 15 596
YIR039C 7 47
YIR040C 3 25
YIR041W 1 6
YIR042C 4 48
YJL225C 0 0
YJL225W-A 0 0
YJL223C 0 0
YJL222W-B 0 0
YJL222W-A 0 0
YJL222W 2 372
YJL221C 0 0
YJL220W 0 0
YJL219W 11 1366
YJL218W 7 60
YJL217W 7 149
YJL216C 34 1348
YJL215C 11 239
YJL214W 20 300
YJL213W 16 271
YJL212C 44 859
YJL211C 45 3233
YJL210W 45 1543
YJL209W 35 912
YJL208C 23 599
YJL207C 69 1779
YJL206C 31 921
YJL205C 9 307
YJL204C 16 392
YJL203W 5 89
YJL202C 7 1959
YJL201W 28 710
YJL200C 48 1656
YJL199C 8 154
YJL198W 27 706
YJL197W 52 4129
YJL197C-A 3 478
YJL196C 17 304
YJL195C 14 134
YJL194W 22 458
YJL193W 6 235
YJL192C 18 284
YJL191W 36 4291
YJL190C 5 142
YJL189W 3 60
YJL188C 2 8
YJL187C 39 853
YJL186W 34 552
YJL185C 9 129
YJL184W 7 167
YJL183W 31 1620
YJL182C 8 165
YJL181W 25 2903
YJL180C 5 88
YJL179W 3 51
YJL178C 10 287
YJL177W 4 30
YJL176C 18 435
YJL175W 9 252
YJL174W 7 106
YJL173C 0 0
YJL172W 30 799
YJL171C 9 310
YJL170C 13 810
YJL169W 6 71
YJL168C 30 1714
YJL167W 14 157
YJL166W 7 229
YJL165C 33 1220
YJL164C 18 1303
YJL163C 40 746
YJL162C 24 531
YJL161W 15 344
YJL160C 10 249
YJL159W 3 11
YJL158C 20 270
YJL157C 84 4508
YJL156W-A 19 599
YJL156C 55 2533
YJL155C 21 1670
YJL154C 35 879
YJL153C 28 876
YJL152W 36 3009
YJL151C 31 1624
YJL150W 18 4104
YJL149W 29 659
YJL148W 8 196
YJL147C 16 407
YJL146W 24 342
YJL145W 15 211
YJL144W 9 144
YJL143W 6 43
YJL142C 3 44
YJL141C 40 1205
YJL140W 12 408
YJL139C 20 627
YJL138C 2 11
YJL137C 20 434
YJL136W-A 1 10
YJL136C 1 14
YJL135W 14 1275
YJL134W 16 240
YJL133C-A 12 497
YJL133W 32 890
YJL132W 35 617
YJL131C 8 121
YJL130C 119 2956
YJL129C 30 552
YJL128C 37 903
YJL127W-A 6 521
YJL127C-B 3 63
YJL127C 57 1966
YJL126W 13 156
YJL125C 22 424
YJL124C 5 13
YJL123C 26 718
YJL122W 9 314
YJL121C 13 225
YJL120W 11 403
YJL119C 15 983
YJL118W 21 1149
YJL117W 16 216
YJL116C 27 1191
YJL115W 12 323
YJL112W 25 1348
YJL111W 11 99
YJL110C 12 339
YJL109C 42 1229
YJL108C 10 98
YJL107C 26 645
YJL106W 26 655
YJL105W 10 102
YJL104W 2 12
YJL103C 25 465
YJL102W 40 494
YJL101C 31 673
YJL100W 38 765
YJL099W 43 1996
YJL098W 42 983
YJL097W 10 267
YJL096W 8 28
YJL095W 37 507
YJL094C 41 20257
YJL093C 18 368
YJL092W 29 428
YJL091C 14 173
YJL090C 14 383
YJL089W 23 2708
YJL088W 30 713
YJL087C 15 438
YJL086C 11 291
YJL085W 9 130
YJL084C 28 631
YJL083W 38 629
YJL082W 55 1301
YJL081C 5 31
YJL080C 33 688
YJL079C 11 218
YJL078C 90 10049
YJL077W-B 4 88
YJL077C 36 9881
YJL077W-A 6 116
YJL076W 42 899
YJL075C 4 93
YJL074C 24 430
YJL073W 24 1973
YJL072C 4 59
YJL071W 17 722
YJL070C 22 978
YJL069C 7 329
YJL068C 15 274
YJL067W 10 321
YJL066C 23 429
YJL065C 14 481
YJL064W 8 358
YJL063C 11 225
YJL062W-A 12 401
YJL062W 17 322
YJL061W 4 33
YJL060W 13 243
YJL059W 24 506
YJL058C 20 360
YJL057C 13 9672
YJL056C 45 933
YJL055W 6 12
YJL054W 14 299
YJL053W 11 198
YJL052C-A 20 1185
YJL052W 27 1422
YJL051W 38 836
YJL050W 19 307
YJL049W 2 22
YJL048C 21 596
YJL047C-A 4 179
YJL047C 22 889
YJL046W 7 21
YJL045W 25 1056
YJL044C 10 207
YJL043W 41 14716
YJL042W 56 1662
YJL041W 5 44
YJL039C 24 520
YJL038C 1 4
YJL037W 13 546
YJL036W 15 569
YJL035C 20 500
YJL034W 27 420
YJL033W 20 218
YJL032W 2 14
YJL031C 1 2
YJL030W 12 874
YJL029C 27 466
YJL028W 25 1845
YJL027C 41 19194
YJL026W 9 145
YJL026C-A 3 64
YJL025W 25 930
YJL024C 7 43
YJL023C 12 196
YJL022W 5 61
YJL020C 49 1416
YJL020W-A 0 0
YJL019W 43 767
YJL016W 28 647
YJL015C 9 465
YJL014W 12 546
YJL013C 8 216
YJL012C 45 793
YJL011C 3 117
YJL010C 8 175
YJL009W 2 31
YJL008C 16 373
YJL007C 11 132
YJL006C 6 312
YJL005W 51 913
YJL004C 28 516
YJL003W 5 217
YJL002C 33 2192
YJL001W 24 501
YJR001W 86 7689
YJR002W 30 576
YJR003C 28 412
YJR004C 35 1041
YJR005W 22 442
YJR005C-A 3 8
YJR006W 10 130
YJR007W 1 12
YJR008W 28 606
YJR009C 15 438
YJR010W 42 877
YJR010C-A 7 118
YJR011C 12 186
YJR012C 18 1026
YJR013W 15 636
YJR014W 10 89
YJR015W 17 593
YJR016C 17 318
YJR017C 9 182
YJR018W 6 60
YJR019C 28 879
YJR020W 9 184
YJR021C 25 506
YJR022W 2 52
YJR023C 5 287
YJR024C 5 16
YJR025C 3 54
YJR030C 33 735
YJR031C 30 668
YJR032W 9 144
YJR033C 37 639
YJR034W 13 135
YJR035W 33 1039
YJR036C 28 884
YJR037W 1 28
YJR038C 5 38
YJR039W 36 919
YJR040W 17 380
YJR041C 10 90
YJR042W 21 560
YJR043C 15 395
YJR044C 7 206
YJR045C 14 125
YJR046W 26 513
YJR047C 9 416
YJR048W 17 742
YJR049C 34 673
YJR050W 6 465
YJR051W 26 339
YJR052W 15 716
YJR053W 27 934
YJR054W 9 184
YJR055W 5 161
YJR056C 3 18
YJR057W 6 538
YJR058C 11 509
YJR059W 32 1180
YJR060W 14 297
YJR061W 47 1260
YJR062C 8 69
YJR063W 0 0
YJR064W 25 467
YJR065C 22 301
YJR066W 98 2186
YJR067C 4 113
YJR068W 10 218
YJR069C 7 278
YJR070C 9 374
YJR071W 10 142
YJR072C 26 744
YJR073C 18 591
YJR074W 36 886
YJR075W 23 352
YJR076C 14 264
YJR077C 20 327
YJR078W 48 2936
YJR079W 17 697
YJR080C 17 645
YJR082C 8 194
YJR083C 13 117
YJR084W 11 541
YJR085C 4 43
YJR086W 6 118
YJR087W 2 80
YJR088C 17 321
YJR089W 33 586
YJR090C 21 589
YJR091C 40 862
YJR092W 51 1209
YJR093C 25 455
YJR094C 15 219
YJR094W-A 7 1191
YJR095W 16 219
YJR096W 23 697
YJR097W 3 13
YJR098C 26 491
YJR099W 4 55
YJR100C 18 464
YJR101W 6 23
YJR102C 15 732
YJR103W 59 5943
YJR104C 15 784
YJR105W 25 1039
YJR106W 27 779
YJR107W 15 427
YJR108W 14 902
YJR109C 49 1320
YJR110W 37 866
YJR111C 27 340
YJR112W 14 460
YJR112W-A 9 428
YJR113C 11 210
YJR114W 10 216
YJR115W 34 786
YJR116W 33 1945
YJR117W 30 1108
YJR118C 5 73
YJR119C 55 1551
YJR120W 28 4050
YJR121W 25 465
YJR122W 25 375
YJR123W 1 1
YJR124C 28 822
YJR125C 17 874
YJR126C 31 603
YJR127C 62 1726
YJR128W 14 1083
YJR129C 56 3346
YJR130C 21 321
YJR131W 42 1045
YJR132W 29 619
YJR133W 10 542
YJR134C 12 354
YJR135C 19 258
YJR135W-A 1 1
YJR136C 4 16
YJR137C 63 2534
YJR138W 60 2382
YJR139C 20 259
YJR140C 25 573
YJR140W-A 2 6
YJR141W 3 87
YJR142W 30 1292
YJR143C 25 626
YJR144W 19 661
YJR145C 5 173
YJR146W 18 278
YJR147W 21 280
YJR148W 51 3897
YJR149W 18 480
YJR150C 8 40
YJR151C 22 447
YJR151W-A 0 0
YJR152W 18 627
YJR153W 10 164
YJR154W 16 255
YJR155W 14 292
YJR156C 6 371
YJR157W 0 0
YJR158W 0 0
YJR159W 1 107
YJR160C 1 10
YJR161C 0 0
YJR162C 5 34
YKL225W 3 70
YKL224C 2 11
YKL223W 2 4
YKL222C 19 402
YKL221W 34 1451
YKL220C 31 1786
YKL219W 9 183
YKL218C 30 1516
YKL217W 54 2991
YKL216W 8 314
YKL215C 64 2012
YKL214C 16 280
YKL213C 28 648
YKL212W 17 386
YKL211C 24 541
YKL210W 29 1463
YKL209C 54 3308
YKL208W 9 204
YKL207W 17 285
YKL206C 19 212
YKL205W 36 2243
YKL204W 16 225
YKL203C 88 2040
YKL202W 3 7311
YKL201C 45 1121
YKL198C 216 95552
YKL197C 64 2923
YKL196C 6 154
YKL195W 14 210
YKL194C 20 458
YKL193C 24 503
YKL192C 8 209
YKL191W 22 238
YKL190W 1 162
YKL189W 9 194
YKL188C 33 655
YKL187C 77 2383
YKL186C 28 1175
YKL185W 34 1603
YKL184W 15 886
YKL183C-A 22 6643
YKL183W 41 4031
YKL182W 124 5022
YKL181W 18 664
YKL180W 1 100
YKL179C 8 157
YKL178C 25 519
YKL177W 8 175
YKL176C 26 557
YKL175W 37 877
YKL174C 13 154
YKL173W 22 207
YKL172W 6 52
YKL171W 41 1131
YKL170W 5 237
YKL169C 6 238
YKL168C 25 651
YKL167C 4 51
YKL166C 14 69
YKL165C-A 7 57
YKL165C 38 994
YKL164C 5 23
YKL163W 5 73
YKL162C-A 6 61
YKL162C 10 95
YKL161C 13 192
YKL160W 2 11
YKL159C 2 22
YKL157W 51 8580
YKL156W 7 92
YKL156C-A 1 2
YKL155C 28 411
YKL154W 13 263
YKL153W 13 497
YKL152C 20 633
YKL151C 41 1339
YKL150W 31 1767
YKL149C 17 264
YKL148C 94 4379
YKL147C 35 2315
YKL146W 40 2765
YKL145W 16 721
YKL145W-A 1 14
YKL144C 5 52
YKL143W 19 454
YKL142W 5 103
YKL141W 8 339
YKL140W 13 233
YKL139W 7 51
YKL138C-A 2 18
YKL138C 4 5
YKL137W 5 27
YKL136W 3 17
YKL135C 19 585
YKL134C 18 266
YKL133C 14 125
YKL132C 19 707
YKL131W 5 172
YKL130C 5 40
YKL129C 50 1411
YKL128C 30 1178
YKL127W 38 1121
YKL126W 15 213
YKL125W 15 92
YKL124W 21 290
YKL123W 7 123
YKL122C 5 210
YKL121W 22 10278
YKL120W 26 527
YKL119C 4 156
YKL118W 4 2134
YKL117W 8 168
YKL116C 20 522
YKL115C 7 217
YKL114C 17 612
YKL113C 10 153
YKL112W 24 658
YKL111C 5 16
YKL110C 28 1283
YKL109W 56 1671
YKL108W 17 705
YKL107W 15 357
YKL106C-A 2 474
YKL106W 13 316
YKL105C 45 1116
YKL104C 31 862
YKL103C 25 866
YKL102C 10 169
YKL101W 58 948
YKL100C 28 440
YKL100W-A 1 16
YKL099C 7 164
YKL098W 20 746
YKL097C 36 2328
YKL096C-B 0 0
YKL096W-A 0 0
YKL096W 19 413
YKL095W 17 483
YKL094W 36 1860
YKL093W 24 422
YKL092C 12 150
YKL091C 19 619
YKL090W 33 1040
YKL089W 7 47
YKL088W 19 495
YKL087C 11 1433
YKL086W 39 2004
YKL085W 27 707
YKL084W 21 423
YKL083W 6 49
YKL082C 6 273
YKL081W 19 198
YKL080W 12 389
YKL079W 32 1548
YKL078W 7 21
YKL077W 13 213
YKL076C 3 17
YKL075C 15 276
YKL074C 22 431
YKL073W 17 517
YKL072W 39 824
YKL071W 13 369
YKL070W 6 35
YKL069W 10 188
YKL068W-A 3 52
YKL068W 28 420
YKL067W 6 71
YKL066W 17 510
YKL065W-A 2 44
YKL065C 10 165
YKL064W 36 839
YKL063C 4 73
YKL062W 24 343
YKL061W 4 105
YKL060C 26 1122
YKL059C 17 875
YKL058W 2 43
YKL057C 20 768
YKL056C 7 191
YKL055C 18 384
YKL054C 16 319
YKL053C-A 6 33
YKL053W 18 770
YKL052C 30 450
YKL051W 25 2437
YKL050C 37 672
YKL049C 12 161
YKL048C 5 68
YKL047W 24 443
YKL046C 18 505
YKL045W 31 2084
YKL044W 14 254
YKL043W 18 282
YKL042W 5 85
YKL041W 3 69
YKL040C 9 60
YKL039W 48 889
YKL038W 68 10333
YKL037W 30 790
YKL036C 22 570
YKL035W 28 964
YKL034W 40 1113
YKL033W-A 12 233
YKL033W 23 409
YKL032C 19 176
YKL031W 17 404
YKL030W 40 1666
YKL029C 103 5263
YKL028W 14 281
YKL027W 30 986
YKL026C 8 430
YKL025C 36 955
YKL024C 14 388
YKL023C-A 3 130
YKL023W 8 121
YKL022C 36 1004
YKL021C 22 296
YKL020C 36 796
YKL019W 13 270
YKL018C-A 6 113
YKL018W 11 117
YKL017C 19 429
YKL016C 5 15
YKL015W 22 4503
YKL014C 34 313
YKL013C 1 2
YKL012W 17 242
YKL011C 15 461
YKL010C 56 971
YKL009W 7 137
YKL008C 19 1086
YKL007W 16 323
YKL006C-A 22 346
YKL006W 3 43
YKL005C 47 1497
YKL004W 26 407
YKL003C 10 437
YKL002W 16 616
YKL001C 14 486
YKR001C 31 442
YKR002W 24 943
YKR003W 64 1806
YKR004C 21 403
YKR005C 37 1058
YKR006C 10 576
YKR007W 6 86
YKR008W 16 163
YKR009C 54 2233
YKR010C 26 693
YKR011C 15 265
YKR012C 15 552
YKR013W 14 176
YKR014C 1 10
YKR015C 13 101
YKR016W 13 289
YKR017C 12 704
YKR018C 26 702
YKR019C 25 493
YKR020W 4 182
YKR021W 31 661
YKR022C 13 120
YKR023W 9 348
YKR024C 19 479
YKR025W 7 250
YKR026C 9 68
YKR027W 41 911
YKR028W 39 715
YKR029C 9 254
YKR030W 8 70
YKR031C 43 1181
YKR032W 13 1467
YKR033C 4 27
YKR034W 8 167
YKR035C 3 23
YKR035W-A 3 23
YKR036C 38 1424
YKR037C 14 496
YKR038C 18 290
YKR039W 18 694
YKR040C 32 2684
YKR041W 59 3258
YKR042W 18 313
YKR043C 23 1298
YKR044W 26 471
YKR045C 14 286
YKR046C 29 869
YKR047W 12 174
YKR048C 27 665
YKR049C 15 260
YKR050W 23 426
YKR051W 28 605
YKR052C 7 92
YKR053C 30 1393
YKR054C 114 2765
YKR055W 14 508
YKR056W 24 534
YKR057W 9 28
YKR058W 19 361
YKR059W 6 32
YKR060W 12 294
YKR061W 39 1210
YKR062W 5 25
YKR063C 19 446
YKR064W 26 995
YKR065C 5 39
YKR066C 17 504
YKR067W 45 2971
YKR068C 12 325
YKR069W 26 538
YKR070W 16 607
YKR071C 10 604
YKR072C 23 361
YKR073C 21 1616
YKR074W 14 234
YKR075C 21 889
YKR075W-A 13 516
YKR076W 37 717
YKR077W 6 930
YKR078W 21 545
YKR079C 24 555
YKR080W 25 641
YKR081C 8 69
YKR082W 23 366
YKR083C 5 107
YKR084C 23 332
YKR085C 12 368
YKR086W 30 397
YKR087C 13 235
YKR088C 18 851
YKR089C 27 730
YKR090W 23 900
YKR091W 8 72
YKR092C 9 695
YKR093W 47 1020
YKR094C 7 275
YKR095W 35 484
YKR095W-A 7 111
YKR096W 42 1125
YKR097W 44 1747
YKR098C 26 505
YKR099W 20 606
YKR100C 14 134
YKR101W 32 709
YKR102W 36 839
YKR103W 23 713
YKR104W 8 110
YKR105C 5 109
YKR106W 8 76
YLL067C 0 0
YLL067W-A 0 0
YLL066W-B 5 15
YLL066C 0 0
YLL066W-A 0 0
YLL065W 7 1136
YLL064C 0 0
YLL063C 18 2922
YLL062C 13 92
YLL061W 29 1198
YLL060C 14 640
YLL059C 35 1877
YLL058W 10 175
YLL057C 29 491
YLL056C 15 240
YLL055W 17 243
YLL054C 22 578
YLL053C 12 115
YLL052C 8 401
YLL051C 43 6230
YLL050C 8 49
YLL049W 5 130
YLL048C 64 1360
YLL047W 7 100
YLL046C 8 250
YLL045C 11 337
YLL044W 10 332
YLL043W 13 390
YLL042C 6 29
YLL041C 24 315
YLL040C 101 2523
YLL039C 31 601
YLL038C 17 311
YLL037W 2 27
YLL036C 7 110
YLL035W 14 213
YLL034C 12 110
YLL033W 6 87
YLL032C 23 231
YLL031C 16 234
YLL030C 10 739
YLL029W 91 10870
YLL028W 53 2848
YLL027W 9 486
YLL026W 54 1261
YLL025W 3 2178
YLL024C 24 678
YLL023C 31 1139
YLL022C 23 833
YLL021W 39 697
YLL020C 3 7
YLL019C 20 217
YLL019W-A 0 0
YLL018C-A 2 2
YLL018C 19 171
YLL015W 38 673
YLL014W 5 699
YLL013C 53 1436
YLL012W 38 1341
YLL011W 9 69
YLL010C 25 613
YLL009C 2 4
YLL008W 10 84
YLL007C 6 81
YLL006W-A 11 124
YLL006W 8 1326
YLL005C 25 442
YLL004W 14 308
YLL003W 16 533
YLL002W 24 386
YLL001W 55 1513
YLR001C 68 4571
YLR002C 18 401
YLR003C 3 55
YLR004C 34 1688
YLR005W 23 569
YLR006C 41 2865
YLR007W 19 309
YLR008C 0 0
YLR009W 1 1
YLR010C 3 55
YLR011W 12 430
YLR012C 2 29
YLR013W 5 193
YLR014C 35 1166
YLR015W 23 633
YLR016C 13 204
YLR017W 10 172
YLR018C 12 245
YLR019W 34 1865
YLR020C 15 171
YLR021W 7 80
YLR022C 15 340
YLR023C 30 2395
YLR024C 107 7690
YLR025W 7 82
YLR026C 1 1
YLR027C 13 268
YLR028C 57 2195
YLR029C 4 48
YLR030W 6 52
YLR031W 5 593
YLR032W 33 1046
YLR033W 8 197
YLR034C 13 2709
YLR035C 21 634
YLR036C 3 38
YLR037C 3 28
YLR038C 6 107
YLR039C 22 321
YLR040C 11 226
YLR041W 4 101
YLR042C 5 288
YLR043C 1 1
YLR044C 56 2685
YLR045C 47 1300
YLR046C 5 35
YLR047C 38 745
YLR048W 2 22
YLR049C 14 617
YLR050C 4 19
YLR051C 10 432
YLR052W 0 0
YLR053C 3 12
YLR054C 30 519
YLR055C 30 462
YLR056W 28 1106
YLR057W 42 1558
YLR058C 17 388
YLR059C 43 1981
YLR060W 24 598
YLR061W 5 41
YLR062C 3 16
YLR063W 6 125
YLR064W 5 392
YLR065C 3 20
YLR066W 9 130
YLR067C 28 475
YLR068W 13 643
YLR069C 27 343
YLR070C 28 897
YLR071C 30 460
YLR072W 19 673
YLR073C 21 637
YLR074C 15 1242
YLR075W 8 18
YLR076C 2 4
YLR077W 39 905
YLR078C 14 134
YLR079W 9 254
YLR080W 36 1211
YLR081W 65 9676
YLR082C 13 149
YLR083C 17 377
YLR084C 67 3594
YLR085C 34 3932
YLR086W 28 490
YLR087C 105 1902
YLR088W 18 290
YLR089C 6 34
YLR090W 25 993
YLR091W 28 475
YLR092W 67 30073
YLR093C 7 154
YLR094C 52 659
YLR095C 36 1129
YLR096W 34 686
YLR097C 9 127
YLR098C 21 505
YLR099C 34 945
YLR099W-A 17 166
YLR100W 22 632
YLR101C 14 199
YLR102C 11 251
YLR103C 13 257
YLR104W 7 133
YLR105C 15 228
YLR106C 97 1807
YLR107W 19 476
YLR108C 24 409
YLR109W 8 69
YLR110C 4 52
YLR111W 10 1709
YLR112W 32 1490
YLR113W 41 1241
YLR114C 26 737
YLR115W 13 500
YLR116W 13 348
YLR117C 22 683
YLR118C 3 64
YLR119W 15 425
YLR120C 33 764
YLR120W-A 6 72
YLR121C 24 1526
YLR122C 5 18
YLR123C 4 16
YLR124W 5 15
YLR125W 2 46
YLR126C 2 7
YLR127C 21 306
YLR128W 11 95
YLR129W 19 200
YLR130C 23 489
YLR131C 36 1147
YLR132C 9 187
YLR133W 17 335
YLR134W 15 340
YLR135W 27 816
YLR136C 8 270
YLR137W 37 935
YLR138W 40 748
YLR139C 14 115
YLR140W 12 929
YLR141W 61 2768
YLR142W 24 375
YLR143W 23 406
YLR144C 17 247
YLR145W 1 31
YLR146C 18 486
YLR146W-A 0 0
YLR147C 3 3
YLR148W 29 719
YLR149C 20 402
YLR149C-A 2 12
YLR150W 4 10
YLR151C 9 122
YLR152C 20 172
YLR153C 35 639
YLR154C 9 91
YLR154W-A 0 0
YLR154W-B 0 0
YLR154W-C 0 0
YLR154W-E 0 0
YLR154W-F 0 0
YLR154C-G 0 0
YLR154C-H 0 0
YLR155C 0 0
YLR156W 0 0
YLR156C-A 0 0
YLR157C 0 0
YLR157W-D 0 0
YLR157W-E 0 0
YLR157C-C 0 0
YLR158C 0 0
YLR159W 0 0
YLR159C-A 0 0
YLR160C 0 0
YLR161W 0 0
YLR162W 5 11
YLR162W-A 3 8
YLR163C 20 175
YLR163W-A 1 13
YLR164W 3 49
YLR165C 4 11
YLR166C 16 331
YLR167W 12 223
YLR168C 21 642
YLR169W 18 634
YLR170C 11 429
YLR171W 12 420
YLR172C 13 389
YLR173W 55 1434
YLR174W 37 752
YLR175W 23 321
YLR176C 24 601
YLR177W 25 1194
YLR178C 16 195
YLR179C 24 3167
YLR180W 25 412
YLR181C 16 859
YLR182W 12 66
YLR183C 19 283
YLR184W 4 34
YLR185W 7 143
YLR186W 16 225
YLR187W 38 1195
YLR188W 49 3799
YLR189C 58 1135
YLR190W 25 1944
YLR191W 12 245
YLR192C 5 41
YLR193C 14 151
YLR194C 16 312
YLR195C 14 164
YLR196W 42 740
YLR197W 4 164
YLR198C 0 0
YLR199C 17 608
YLR200W 1 4
YLR201C 16 135
YLR202C 22 1348
YLR203C 24 415
YLR204W 8 37
YLR205C 41 855
YLR206W 15 548
YLR207W 47 1825
YLR208W 9 399
YLR209C 14 197
YLR210W 15 175
YLR211C 6 25
YLR212C 12 105
YLR213C 44 2285
YLR214W 31 936
YLR215C 8 54
YLR216C 24 275
YLR217W 16 179
YLR218C 21 512
YLR219W 30 493
YLR220W 12 138
YLR221C 4 114
YLR222C 18 306
YLR222C-A 0 0
YLR223C 20 363
YLR224W 15 432
YLR225C 10 192
YLR226W 10 100
YLR227C 14 780
YLR228C 29 1721
YLR229C 9 543
YLR230W 5 106
YLR231C 27 960
YLR232W 10 412
YLR233C 35 729
YLR234W 60 1016
YLR235C 30 640
YLR236C 37 1744
YLR237W 52 859
YLR238W 16 207
YLR239C 7 154
YLR240W 25 478
YLR241W 24 554
YLR242C 15 337
YLR243W 6 105
YLR244C 25 611
YLR245C 12 143
YLR246W 17 216
YLR247C 55 1034
YLR248W 36 1449
YLR249W 47 717
YLR250W 11 395
YLR251W 7 156
YLR252W 2 35
YLR253W 25 2026
YLR254C 13 316
YLR255C 33 972
YLR256W 85 2033
YLR257W 35 589
YLR258W 44 1008
YLR259C 28 415
YLR260W 29 718
YLR261C 3 113
YLR262C 10 374
YLR262C-A 3 17
YLR263W 30 693
YLR264W 2 14
YLR264C-A 0 0
YLR265C 8 107
YLR266C 26 1299
YLR267W 23 549
YLR268W 6 82
YLR269C 22 578
YLR270W 8 144
YLR271W 9 84
YLR272C 29 778
YLR273C 18 315
YLR274W 29 547
YLR275W 4 62
YLR276C 10 45
YLR277C 19 202
YLR278C 42 948
YLR279W 27 2239
YLR280C 16 1389
YLR281C 20 1437
YLR282C 10 171
YLR283W 16 581
YLR284C 2 140
YLR285W 3 148
YLR285C-A 6 325
YLR286C 6 566
YLR286W-A 1 367
YLR287C 7 4960
YLR287C-A 3 20
YLR288C 28 706
YLR289W 26 321
YLR290C 4 94
YLR291C 14 99
YLR292C 12 265
YLR293C 2 3
YLR294C 10 264
YLR295C 11 97
YLR296W 20 469
YLR297W 17 951
YLR298C 19 640
YLR299W 92 7131
YLR299C-A 7 115
YLR300W 30 501
YLR301W 12 683
YLR302C 31 2125
YLR303W 17 162
YLR304C 74 2704
YLR305C 63 2137
YLR306W 12 1121
YLR307W 16 390
YLR307C-A 3 90
YLR308W 10 381
YLR309C 24 754
YLR310C 37 2016
YLR311C 8 206
YLR312C 18 346
YLR312W-A 16 397
YLR313C 25 1076
YLR314C 17 510
YLR315W 7 150
YLR316C 30 1036
YLR317W 6 53
YLR318W 40 1813
YLR319C 14 280
YLR320W 18 640
YLR321C 19 741
YLR322W 6 35
YLR323C 13 212
YLR324W 13 192
YLR325C 6 130
YLR326W 25 421
YLR327C 3 9
YLR328W 32 469
YLR329W 10 778
YLR330W 46 1770
YLR331C 2 151
YLR332W 5 307
YLR333C 21 369
YLR334C 10 396
YLR335W 8 178
YLR336C 26 588
YLR337C 25 259
YLR338W 7 38
YLR339C 2 25
YLR340W 2 25
YLR341W 11 427
YLR342W 53 605
YLR342W-A 1 3
YLR343W 26 334
YLR344W 4 107
YLR345W 36 1856
YLR346C 4 6
YLR347C 41 939
YLR347W-A 2 121
YLR348C 60 7385
YLR349W 28 3279
YLR350W 15 413
YLR351C 19 452
YLR352W 41 6217
YLR353W 31 351
YLR354C 22 635
YLR355C 39 2061
YLR356W 7 65
YLR357W 55 1520
YLR358C 14 359
YLR359W 11 147
YLR360W 14 525
YLR361C 35 1054
YLR361C-A 3 18
YLR362W 36 816
YLR363C 3 87
YLR363W-A 1 87
YLR364W 9 267
YLR365W 7 159
YLR364C-A 5 23
YLR366W 24 753
YLR367W 27 1219
YLR368W 25 858
YLR369W 24 890
YLR370C 7 137
YLR371W 51 1425
YLR372W 7 43
YLR373C 20 446
YLR374C 22 2173
YLR375W 30 563
YLR376C 23 503
YLR377C 43 1031
YLR378C 34 832
YLR379W 5 360
YLR380W 25 435
YLR381W 36 521
YLR382C 39 745
YLR383W 27 668
YLR384C 32 556
YLR385C 8 295
YLR386W 20 407
YLR387C 18 266
YLR388W 13 296
YLR389C 84 2602
YLR390W 14 871
YLR390W-A 6 171
YLR392C 23 652
YLR393W 1 1
YLR394W 9 165
YLR395C 5 31
YLR396C 49 1397
YLR397C 28 559
YLR398C 45 426
YLR399C 31 484
YLR399W-A 0 0
YLR400W 32 7156
YLR401C 48 900
YLR402W 4 37
YLR403W 26 362
YLR404W 19 741
YLR405W 16 191
YLR406C 9 58
YLR406C-A 1 552
YLR407W 7 114
YLR408C 9 315
YLR409C 46 1265
YLR410W 66 2766
YLR411W 26 940
YLR412W 12 439
YLR412C-A 1 2
YLR413W 35 560
YLR414C 29 1092
YLR415C 40 3835
YLR416C 25 878
YLR417W 44 1282
YLR418C 6 55
YLR419W 32 522
YLR420W 13 290
YLR421C 3 45
YLR422W 47 1324
YLR423C 6 112
YLR424W 14 294
YLR425W 44 1133
YLR426W 12 89
YLR427W 19 371
YLR428C 14 2342
YLR429W 36 1152
YLR430W 44 686
YLR431C 19 614
YLR432W 24 743
YLR433C 15 440
YLR434C 4 9
YLR435W 4 37
YLR436C 64 2438
YLR437C 21 248
YLR437C-A 7 229
YLR438W 62 5609
YLR438C-A 4 15
YLR439W 14 217
YLR440C 18 496
YLR441C 14 205
YLR442C 31 610
YLR443W 18 116
YLR444C 3 27
YLR445W 7 216
YLR446W 9 109
YLR447C 19 420
YLR448W 12 277
YLR449W 9 123
YLR450W 60 4718
YLR451W 18 603
YLR452C 33 771
YLR453C 25 515
YLR454W 72 1923
YLR455W 16 418
YLR456W 16 256
YLR457C 18 226
YLR458W 10 116
YLR459W 2 9
YLR460C 6 398
YLR461W 3 13
YLR462W 0 0
YLR463C 0 0
YLR464W 0 0
YLR465C 0 0
YLR466W 1 1
YLR466C-A 0 0
YLR466C-B 2 45
YLR467W 0 0
YLR467C-A 0 0
YML133C 0 0
YML133W-B 0 0
YML133W-A 0 0
YML132W 0 0
YML131W 14 408
YML130C 31 595
YML129C 9 104
YML128C 29 954
YML127W 30 820
YML126C 39 1338
YML125C 19 246
YML124C 22 1412
YML123C 23 751
YML122C 30 2645
YML121W 8 209
YML120C 33 1198
YML119W 8 79
YML118W 33 842
YML117W 46 1154
YML116W-A 5 45
YML116W 22 575
YML115C 17 1386
YML114C 14 779
YML113W 10 329
YML112W 6 201
YML111W 32 607
YML110C 15 136
YML109W 28 3432
YML108W 2 6
YML107C 15 431
YML106W 14 508
YML105C 9 187
YML104C 24 718
YML103C 41 1105
YML102W 30 1517
YML101C-A 10 691
YML101C 50 1821
YML100W-A 13 234
YML100W 101 5149
YML099W-A 5 151
YML099C 36 807
YML098W 2 84
YML097C 12 308
YML096W 17 351
YML095C 6 122
YML094C-A 7 988
YML094W 6 976
YML093W 28 874
YML092C 4 31
YML091C 58 1043
YML090W 9 207
YML089C 20 1316
YML088W 24 617
YML087C 18 3229
YML086C 28 517
YML085C 13 159
YML084W 17 543
YML083C 36 2187
YML082W 36 704
YML081C-A 2 50
YML081W 37 812
YML080W 10 506
YML079W 18 746
YML078W 15 672
YML077W 10 74
YML076C 40 1406
YML075C 54 1070
YML074C 3 10
YML073C 8 66
YML072C 98 2908
YML071C 34 823
YML070W 39 1831
YML069W 3 20
YML068W 17 1975
YML067C 13 516
YML066C 14 237
YML065W 20 273
YML064C 11 233
YML063W 5 90
YML062C 14 371
YML061C 16 297
YML060W 8 211
YML059C 48 2063
YML058W-A 3 38
YML058W 13 1567
YML057C-A 6 74
YML057W 29 544
YML056C 41 868
YML055W 8 196
YML054C 54 1582
YML054C-A 23 1941
YML053C 18 626
YML052W 18 1533
YML051W 32 1840
YML050W 13 344
YML049C 41 3519
YML048W 6 32
YML047W-A 1 2
YML047C 4 30
YML046W 13 225
YML043C 4 245
YML042W 49 7283
YML041C 16 195
YML038C 5 129
YML037C 7 47
YML036W 7 165
YML035C 31 987
YML034C-A 12 210
YML034W 47 1061
YML032C 23 537
YML031C-A 5 151
YML031W 25 601
YML030W 12 460
YML029W 34 1231
YML028W 36 4619
YML027W 15 12621
YML026C 7 78
YML025C 13 448
YML024W 5 36
YML023C 21 343
YML022W 4 38
YML021C 22 806
YML020W 41 1471
YML019W 9 100
YML018C 33 580
YML017W 31 535
YML016C 33 874
YML015C 8 80
YML014W 19 459
YML013W 23 539
YML012C-A 13 308
YML012W 9 102
YML011C 9 250
YML010W 16 457
YML009W-B 5 64
YML009C-A 5 97
YML009C 2 3
YML008C 14 276
YML007C-A 12 124
YML007W 28 579
YML006C 21 462
YML005W 31 1540
YML004C 41 1548
YML003W 23 331
YML002W 41 1625
YML001W 18 1121
YMR001C 50 2703
YMR001C-A 5 553
YMR002W 23 43672
YMR003W 16 364
YMR004W 32 3422
YMR005W 14 138
YMR006C 30 780
YMR007W 34 32462
YMR008C 14 604
YMR009W 11 315
YMR010W 13 321
YMR011W 28 338
YMR012W 44 963
YMR013C 9 102
YMR013C-A 1 1
YMR013W-A 1 1
YMR014W 10 240
YMR015C 44 2004
YMR016C 14 132
YMR017W 14 112
YMR018W 21 838
YMR019W 30 581
YMR020W 24 941
YMR021C 15 161
YMR022W 13 407
YMR023C 31 1535
YMR024W 9 110
YMR025W 9 205
YMR026C 10 134
YMR027W 23 603
YMR028W 4 83
YMR029C 16 610
YMR030W 21 319
YMR031C 22 340
YMR031W-A 12 264
YMR032W 10 298
YMR030W-A 7 148
YMR033W 10 236
YMR034C 17 222
YMR035W 9 153
YMR036C 18 2426
YMR037C 26 419
YMR038C 14 1264
YMR039C 11 172
YMR040W 13 423
YMR041C 3 89
YMR042W 37 46021
YMR043W 18 692
YMR044W 20 264
YMR046W-A 0 0
YMR047C 24 490
YMR048W 15 343
YMR049C 17 443
YMR052W 8 75
YMR052C-A 8 99
YMR053C 39 830
YMR054W 35 910
YMR055C 20 701
YMR056C 46 5995
YMR057C 33 9810
YMR058W 59 2677
YMR059W 4 22
YMR060C 8 169
YMR061W 13 410
YMR062C 26 638
YMR063W 16 1740
YMR064W 23 512
YMR065W 27 976
YMR066W 21 383
YMR067C 16 239
YMR068W 9 135
YMR069W 70 6241
YMR070W 21 503
YMR071C 9 152
YMR072W 5 227
YMR073C 9 476
YMR074C 7 68
YMR075W 15 187
YMR075C-A 5 82
YMR076C 35 807
YMR077C 11 244
YMR078C 20 492
YMR079W 7 133
YMR080C 20 195
YMR081C 16 159
YMR082C 12 377
YMR083W 16 359
YMR084W 16 301
YMR085W 16 94
YMR086W 33 976
YMR086C-A 8 755
YMR087W 22 2143
YMR088C 21 1559
YMR089C 21 364
YMR090W 11 179
YMR091C 30 1103
YMR092C 26 478
YMR093W 20 256
YMR094W 7 211
YMR095C 17 477
YMR096W 11 275
YMR097C 6 109
YMR098C 14 369
YMR099C 8 119
YMR100W 19 317
YMR101C 6 199
YMR102C 34 1007
YMR103C 30 1468
YMR104C 40 2190
YMR105C 13 70
YMR105W-A 8 444
YMR106C 46 1512
YMR107W 21 2436
YMR108W 38 1381
YMR109W 50 1392
YMR110C 23 478
YMR111C 20 1238
YMR112C 9 46
YMR113W 22 296
YMR114C 12 219
YMR115W 15 1570
YMR116C 16 139
YMR117C 4 69
YMR118C 12 150
YMR119W 14 297
YMR119W-A 5 61
YMR120C 20 357
YMR121C 14 263
YMR122C 43 10187
YMR122W-A 7 85
YMR123W 0 0
YMR124W 34 1724
YMR125W 16 251
YMR126C 10 206
YMR127C 17 261
YMR128W 32 1118
YMR129W 43 1035
YMR130W 17 438
YMR131C 11 674
YMR132C 11 222
YMR133W 9 805
YMR134W 16 221
YMR135C 32 1251
YMR135W-A 46 6575
YMR136W 38 1170
YMR137C 26 712
YMR138W 7 20
YMR139W 15 437
YMR140W 13 91
YMR141C 0 0
YMR142C 0 0
YMR141W-A 0 0
YMR143W 3 9
YMR144W 17 3990
YMR145C 58 943
YMR146C 31 1060
YMR147W 18 515
YMR148W 13 336
YMR149W 20 340
YMR150C 22 582
YMR151W 16 830
YMR152W 21 719
YMR153W 24 1982
YMR153C-A 0 0
YMR154C 20 263
YMR155W 15 422
YMR156C 11 753
YMR157C 15 17730
YMR158W 4 107
YMR158C-A 1 1
YMR158W-B 5 121
YMR159C 6 122
YMR160W 23 425
YMR161W 9 203
YMR162C 75 1920
YMR163C 14 641
YMR164C 23 609
YMR165C 47 760
YMR166C 8 117
YMR167W 25 567
YMR168C 18 915
YMR169C 23 324
YMR170C 18 5109
YMR171C 23 622
YMR172W 22 413
YMR172C-A 5 350
YMR173W 10 163
YMR173W-A 9 162
YMR174C 5 18
YMR175W 5 381
YMR175W-A 13 489
YMR176W 48 1167
YMR177W 13 229
YMR178W 17 315
YMR179W 24 458
YMR180C 35 797
YMR181C 3 61
YMR182C 7 17
YMR182W-A 6 73
YMR183C 9 948
YMR184W 10 128
YMR185W 30 345
YMR186W 24 842
YMR187C 19 464
YMR188C 14 481
YMR189W 33 1561
YMR190C 42 1029
YMR191W 17 165
YMR192W 24 659
YMR193W 2 19
YMR193C-A 7 159
YMR194W 10 210
YMR194C-B 22 3416
YMR194C-A 27 9022
YMR195W 13 280
YMR196W 54 2145
YMR197C 14 225
YMR198W 33 493
YMR199W 16 272
YMR200W 13 289
YMR201C 25 531
YMR202W 23 571
YMR203W 13 245
YMR204C 5 80
YMR205C 35 270
YMR206W 36 1226
YMR207C 74 1167
YMR208W 32 754
YMR209C 18 722
YMR210W 19 1408
YMR211W 9 68
YMR212C 24 563
YMR213W 11 1468
YMR214W 17 252
YMR215W 28 420
YMR216C 37 1430
YMR217W 21 1414
YMR218C 22 201
YMR219W 45 1132
YMR220W 23 435
YMR221C 25 758
YMR222C 2 68
YMR223W 18 430
YMR224C 33 408
YMR225C 8 285
YMR226C 18 312
YMR227C 12 425
YMR228W 22 754
YMR229C 40 734
YMR230W 15 351
YMR230W-A 15 334
YMR231W 42 1162
YMR232W 18 672
YMR233W 6 440
YMR234W 13 281
YMR235C 16 626
YMR236W 8 152
YMR237W 22 763
YMR238W 21 3310
YMR239C 16 1010
YMR240C 15 480
YMR241W 16 679
YMR242C 10 77
YMR242W-A 0 0
YMR243C 25 6007
YMR244W 34 1271
YMR244C-A 5 22
YMR245W 47 2739
YMR246W 99 5431
YMR247C 36 16742
YMR247W-A 2 52
YMR250W 33 1017
YMR251W 66 2274
YMR251W-A 0 0
YMR252C 19 563
YMR253C 23 484
YMR254C 6 79
YMR255W 4 21
YMR256C 2 311
YMR257C 21 482
YMR258C 16 275
YMR259C 19 653
YMR260C 1 7
YMR261C 26 632
YMR262W 23 246
YMR263W 7 32
YMR264W 12 87
YMR265C 25 2138
YMR266W 30 903
YMR267W 18 657
YMR268C 1 1
YMR269W 7 184
YMR270C 8 84
YMR271C 16 137
YMR272C 17 317
YMR272W-A 3 11
YMR272W-B 1 14
YMR273C 22 474
YMR274C 6 26
YMR275C 19 506
YMR276W 24 2637
YMR277W 23 169
YMR278W 19 277
YMR279C 19 769
YMR280C 54 1108
YMR281W 11 243
YMR282C 17 342
YMR283C 16 762
YMR284W 23 897
YMR285C 34 1103
YMR286W 2 282
YMR287C 25 534
YMR288W 25 331
YMR289W 18 1194
YMR290C 9 248
YMR290W-A 3 8
YMR291W 28 5672
YMR292W 14 542
YMR293C 26 509
YMR294W 14 276
YMR294W-A 3 10
YMR295C 9 113
YMR296C 40 546
YMR297W 43 1488
YMR298W 8 108
YMR299C 7 119
YMR300C 19 825
YMR301C 22 904
YMR302C 22 488
YMR303C 9 838
YMR304W 46 1212
YMR304C-A 16 288
YMR305C 17 349
YMR306W 61 2362
YMR306C-A 14 877
YMR307W 27 699
YMR307C-A 2 3
YMR308C 33 993
YMR309C 23 913
YMR310C 8 979
YMR311C 6 76
YMR312W 4 141
YMR313C 20 742
YMR314W 10 56
YMR315W 27 9165
YMR315W-A 6 73
YMR316W 23 598
YMR316C-A 5 63
YMR316C-B 1 2
YMR317W 19 1003
YMR318C 25 756
YMR319C 41 1339
YMR320W 6 128
YMR321C 1 1
YMR322C 0 0
YMR323W 2 37
YMR324C 6 169
YMR325W 2 9
YMR326C 7 1710
YNL339C 0 0
YNL339W-B 0 0
YNL339W-A 0 0
YNL338W 3 14
YNL337W 4 15
YNL336W 5 73
YNL335W 1 1
YNL334C 6 34
YNL333W 2 4
YNL332W 3 120
YNL331C 13 246
YNL330C 24 668
YNL329C 39 549
YNL328C 9 221
YNL327W 19 310
YNL326C 26 740
YNL325C 41 1017
YNL324W 11 209
YNL323W 19 895
YNL322C 4 114
YNL321W 27 4049
YNL320W 19 620
YNL319W 6 48
YNL318C 13 197
YNL317W 17 380
YNL316C 15 180
YNL315C 3 34
YNL314W 25 629
YNL313C 19 328
YNL312W 2 12
YNL311C 30 1380
YNL310C 6 139
YNL309W 31 531
YNL308C 11 173
YNL307C 15 227
YNL306W 12 98
YNL305C 13 185
YNL304W 30 1497
YNL303W 12 843
YNL302C 2 4
YNL301C 22 580
YNL300W 4 78
YNL299W 23 7609
YNL298W 26 1564
YNL297C 21 702
YNL296W 4 7
YNL295W 19 274
YNL294C 19 406
YNL293W 31 733
YNL292W 13 174
YNL291C 17 404
YNL290W 25 446
YNL289W 19 709
YNL288W 21 219
YNL287W 23 673
YNL286W 15 416
YNL285W 20 2542
YNL284C 7 97
YNL283C 26 605
YNL282W 18 497
YNL281W 6 200
YNL280C 16 656
YNL279W 32 712
YNL278W 65 3592
YNL277W-A 15 4479
YNL277W 36 836
YNL276C 19 1809
YNL275W 28 1197
YNL274C 15 151
YNL273W 17 1069
YNL272C 15 458
YNL271C 29 736
YNL270C 25 596
YNL269W 26 2532
YNL268W 31 1013
YNL267W 35 759
YNL266W 4 76
YNL265C 19 297
YNL264C 26 710
YNL263C 14 319
YNL262W 77 2663
YNL261W 15 137
YNL260C 3 88
YNL259C 7 380
YNL258C 15 205
YNL257C 44 1267
YNL256W 19 302
YNL255C 6 66
YNL254C 13 258
YNL253W 21 386
YNL252C 12 235
YNL251C 42 854
YNL250W 27 794
YNL249C 22 1558
YNL248C 4 14
YNL247W 19 539
YNL246W 21 278
YNL245C 5 70
YNL244C 9 328
YNL243W 53 1519
YNL242W 59 2091
YNL241C 47 1023
YNL240C 62 2193
YNL239W 20 415
YNL238W 26 484
YNL237W 18 759
YNL236W 25 682
YNL235C 10 190
YNL234W 27 1330
YNL233W 25 749
YNL232W 15 455
YNL231C 32 2461
YNL230C 38 2204
YNL229C 7 115
YNL228W 17 763
YNL227C 20 849
YNL226W 8 449
YNL225C 25 1738
YNL224C 24 848
YNL223W 18 408
YNL222W 7 510
YNL221C 25 589
YNL220W 19 468
YNL219C 14 202
YNL218W 28 669
YNL217W 26 930
YNL216W 35 710
YNL215W 3 6
YNL214W 9 135
YNL213C 7 363
YNL212W 27 899
YNL211C 4 122
YNL210W 3 99
YNL209W 23 12418
YNL208W 11 292
YNL207W 11 96
YNL206C 17 208
YNL205C 10 207
YNL204C 4 22
YNL203C 11 303
YNL202W 22 1497
YNL201C 22 304
YNL200C 13 300
YNL199C 18 308
YNL198C 4 34
YNL197C 10 123
YNL196C 25 1096
YNL195C 29 695
YNL194C 16 153
YNL193W 17 814
YNL192W 43 833
YNL191W 25 445
YNL190W 10 86
YNL189W 14 227
YNL188W 17 296
YNL187W 22 1631
YNL186W 28 524
YNL185C 4 37
YNL184C 4 12
YNL183C 26 776
YNL182C 24 495
YNL181W 18 482
YNL180C 10 123
YNL179C 16 259
YNL178W 0 0
YNL177C 3 5
YNL176C 28 587
YNL175C 12 122
YNL174W 1 2
YNL173C 13 112
YNL172W 43 591
YNL171C 5 62
YNL170W 2 91
YNL169C 23 321
YNL168C 15 1530
YNL167C 24 111
YNL166C 13 282
YNL165W 18 1535
YNL164C 18 689
YNL163C 43 966
YNL162W-A 4 399
YNL162W 3 14
YNL161W 21 232
YNL160W 14 505
YNL159C 1 2
YNL158W 26 423
YNL157W 8 669
YNL156C 20 327
YNL155W 11 636
YNL154C 32 736
YNL153C 10 414
YNL152W 11 108
YNL151C 14 223
YNL150W 4 101
YNL149C 3 61
YNL148C 54 2762
YNL147W 11 225
YNL146C-A 8 390
YNL146W 11 297
YNL145W 4 93
YNL144C 42 860
YNL144W-A 0 0
YNL143C 10 124
YNL142W 38 1642
YNL141W 14 120
YNL140C 11 160
YNL139C 43 646
YNL138W-A 6 40
YNL138W 11 188
YNL137C 27 365
YNL136W 26 498
YNL135C 4 66
YNL134C 28 455
YNL133C 8 319
YNL132W 16 215
YNL131W 0 0
YNL130C 12 281
YNL130C-A 3 18
YNL129W 10 233
YNL128W 27 695
YNL127W 20 723
YNL126W 24 403
YNL125C 23 463
YNL124W 22 452
YNL123W 27 1251
YNL122C 10 215
YNL121C 10 381
YNL120C 2 43
YNL119W 21 533
YNL118C 16 211
YNL117W 36 819
YNL116W 24 415
YNL115C 24 274
YNL114C 2 4
YNL113W 2 4
YNL112W 41 1123
YNL111C 3 246
YNL110C 9 78
YNL109W 4 804
YNL108C 11 2687
YNL107W 9 204
YNL106C 47 8087
YNL105W 9 876
YNL104C 60 2477
YNL103W-A 5 24
YNL103W 20 219
YNL102W 44 958
YNL101W 28 577
YNL100W 12 225
YNL099C 13 286
YNL098C 14 167
YNL097C-B 5 621
YNL097C 24 288
YNL097W-A 6 107
YNL096C 10 238
YNL095C 18 232
YNL094W 18 280
YNL093W 6 58
YNL092W 32 1664
YNL091W 30 536
YNL090W 3 34
YNL089C 3 34
YNL088W 39 1356
YNL087W 53 2966
YNL086W 2 8
YNL085W 29 494
YNL084C 11 297
YNL083W 21 1457
YNL082W 21 824
YNL081C 5 34
YNL080C 18 344
YNL079C 13 278
YNL078W 19 1893
YNL077W 26 456
YNL076W 20 1002
YNL075W 13 372
YNL074C 27 1162
YNL073W 24 443
YNL072W 32 1371
YNL071W 10 37
YNL070W 5 247
YNL069C 7 289
YNL068C 40 1091
YNL067W-A 5 104
YNL067W-B 5 133
YNL067W 17 719
YNL066W 42 2160
YNL065W 23 305
YNL064C 26 708
YNL063W 14 353
YNL062C 16 615
YNL061W 23 459
YNL059C 21 391
YNL058C 4 32
YNL057W 0 0
YNL056W 10 981
YNL055C 28 1428
YNL054W 24 224
YNL053W 50 2477
YNL052W 16 347
YNL051W 10 144
YNL050C 12 152
YNL049C 28 666
YNL048W 13 332
YNL047C 20 251
YNL046W 11 386
YNL045W 22 598
YNL044W 7 139
YNL043C 4 97
YNL042W-B 7 63
YNL042W 15 305
YNL041C 23 969
YNL040W 13 470
YNL039W 21 565
YNL038W 13 777
YNL037C 29 478
YNL036W 23 394
YNL035C 12 155
YNL034W 10 105
YNL033W 0 0
YNL032W 7 79
YNL031C 11 676
YNL030W 8 159
YNL029C 27 937
YNL028W 15 311
YNL027W 21 520
YNL026W 17 203
YNL025C 13 245
YNL024C-A 5 95
YNL024C 29 851
YNL023C 36 1226
YNL022C 17 552
YNL021W 19 271
YNL020C 43 847
YNL019C 1 1
YNL018C 20 2132
YNL017C 15 6891
YNL016W 20 285
YNL015W 0 0
YNL014W 35 1373
YNL013C 0 0
YNL012W 32 1226
YNL011C 7 93
YNL010W 13 962
YNL009W 21 237
YNL008C 35 3055
YNL007C 15 188
YNL006W 17 315
YNL005C 13 572
YNL004W 77 10256
YNL003C 20 1147
YNL002C 9 545
YNL001W 34 960
YNR001C 51 2308
YNR001W-A 5 1179
YNR002C 71 6093
YNR003C 30 870
YNR003W-A 9 79
YNR004W 10 598
YNR005C 7 137
YNR006W 21 460
YNR007C 14 607
YNR008W 45 1377
YNR009W 16 548
YNR010W 15 492
YNR011C 37 760
YNR012W 16 172
YNR013C 47 1992
YNR014W 24 3954
YNR015W 47 2701
YNR016C 148 3337
YNR017W 20 497
YNR018W 29 1348
YNR019W 40 2874
YNR020C 15 428
YNR021W 18 267
YNR022C 3 87
YNR023W 7 601
YNR024W 3 124
YNR025C 3 22
YNR026C 16 389
YNR027W 19 962
YNR028W 7 62
YNR029C 24 588
YNR030W 16 532
YNR031C 105 5428
YNR032W 27 2462
YNR032C-A 3 75
YNR033W 39 5406
YNR034W 15 459
YNR034W-A 6 17
YNR035C 6 178
YNR036C 11 162
YNR037C 9 316
YNR038W 15 309
YNR039C 30 1738
YNR040W 21 505
YNR041C 18 132
YNR042W 2 19
YNR043W 7 98
YNR044W 30 1095
YNR045W 17 138
YNR046W 5 309
YNR047W 42 1089
YNR048W 13 480
YNR049C 15 73
YNR050C 14 304
YNR051C 11 286
YNR052C 25 601
YNR053C 17 434
YNR054C 23 775
YNR055C 41 1647
YNR056C 24 1793
YNR057C 35 3777
YNR058W 31 928
YNR059W 27 537
YNR060W 36 801
YNR061C 7 64
YNR062C 4 29
YNR063W 20 500
YNR064C 17 12849
YNR065C 22 489
YNR066C 34 598
YNR067C 31 548
YNR068C 5 22
YNR069C 19 185
YNR070W 42 1093
YNR071C 23 1629
YNR072W 26 642
YNR073C 18 653
YNR074C 15 810
YNR075W 14 390
YNR075C-A 8 155
YNR076W 0 0
YNR077C 2 37
YOL166W-A 1 8
YOL166C 2 14
YOL165C 5 81
YOL164W-A 1 7
YOL164W 26 397
YOL163W 13 314
YOL162W 1 4
YOL161C 4 89
YOL160W 5 75
YOL159C-A 6 135
YOL159C 12 224
YOL158C 33 1714
YOL157C 16 1013
YOL156W 4 118
YOL155W-A 0 0
YOL155C 22 5169
YOL154W 5 189
YOL152W 36 1000
YOL151W 9 194
YOL150C 0 0
YOL149W 7 122
YOL148C 9 85
YOL147C 10 345
YOL146W 4 19
YOL145C 15 364
YOL144W 12 132
YOL143C 10 491
YOL142W 12 335
YOL141W 37 891
YOL140W 27 891
YOL139C 3 17
YOL138C 56 994
YOL137W 25 1359
YOL136C 10 171
YOL135C 13 337
YOL134C 8 204
YOL133W 1 1
YOL132W 19 1744
YOL131W 5 81
YOL130W 28 383
YOL129W 7 47
YOL128C 22 725
YOL127W 0 0
YOL126C 33 879
YOL125W 24 1175
YOL124C 25 334
YOL123W 29 374
YOL122C 29 1798
YOL121C 9 91
YOL120C 15 658
YOL119C 25 537
YOL118C 16 692
YOL117W 22 700
YOL116W 26 1456
YOL115W 33 623
YOL114C 6 143
YOL113W 26 523
YOL112W 25 650
YOL111C 17 216
YOL110W 64 5162
YOL109W 2 13
YOL108C 5 35
YOL107W 20 359
YOL106W 7 207
YOL105C 11 222
YOL104C 5 47
YOL103W 16 330
YOL102C 7 26
YOL101C 5 94
YOL100W 20 1976
YOL099C 3 55
YOL098C 48 777
YOL097W-A 4 27
YOL097C 19 521
YOL096C 16 392
YOL095C 26 642
YOL094C 13 462
YOL093W 9 152
YOL092W 17 246
YOL091W 10 157
YOL090W 25 591
YOL089C 31 569
YOL088C 5 72
YOL087C 23 379
YOL086W-A 7 285
YOL086C 22 541
YOL085W-A 11 1039
YOL085C 23 1597
YOL084W 57 2705
YOL083W 15 251
YOL083C-A 1 2
YOL082W 18 443
YOL081W 77 2058
YOL080C 5 365
YOL079W 1 2
YOL078W 40 991
YOL077W-A 6 274
YOL077C 13 321
YOL076W 9 42
YOL075C 42 1217
YOL073C 16 302
YOL072W 24 681
YOL071W 9 94
YOL070C 16 504
YOL069W 19 446
YOL068C 36 1134
YOL067C 6 70
YOL066C 24 280
YOL065C 15 2085
YOL064C 12 217
YOL063C 29 1780
YOL062C 6 250
YOL061W 21 548
YOL060C 50 1726
YOL059W 40 1387
YOL058W 30 837
YOL057W 24 240
YOL056W 11 406
YOL055C 30 1061
YOL054W 23 609
YOL053W 26 786
YOL052C-A 4 111
YOL052C 37 3644
YOL051W 24 385
YOL050C 2 191
YOL049W 14 277
YOL048C 5 45
YOL047C 11 236
YOL046C 12 327
YOL045W 31 574
YOL044W 11 141
YOL043C 8 129
YOL042W 15 283
YOL041C 19 1023
YOL040C 2 61
YOL039W 2 3
YOL038C-A 2 21
YOL038W 11 61
YOL037C 8 130
YOL036W 26 419
YOL035C 3 98
YOL034W 27 683
YOL033W 16 617
YOL032W 11 72
YOL031C 19 558
YOL030W 22 4201
YOL029C 12 390
YOL028C 12 430
YOL027C 12 210
YOL026C 16 1778
YOL025W 18 456
YOL024W 11 200
YOL023W 27 609
YOL022C 6 75
YOL021C 42 1233
YOL020W 34 1641
YOL019W-A 12 1509
YOL019W 29 653
YOL018C 16 409
YOL017W 34 1071
YOL016C 25 572
YOL015W 16 257
YOL014W 3 2091
YOL013W-B 0 0
YOL013W-A 10 457
YOL013C 20 360
YOL012C 5 99
YOL011W 34 703
YOL010W 15 207
YOL009C 12 433
YOL008W 10 2013
YOL007C 33 776
YOL006C 27 1207
YOL005C 9 103
YOL004W 48 743
YOL003C 45 2483
YOL002C 34 32892
YOL001W 34 1444
YOR001W 62 2745
YOR002W 46 1889
YOR003W 46 1652
YOR004W 12 350
YOR005C 54 1237
YOR006C 13 113
YOR007C 7 112
YOR008C 2 10
YOR008C-A 8 89
YOR008W-B 3 48
YOR009W 8 224
YOR010C 4 36
YOR011W 23 761
YOR011W-A 6 151
YOR012W 6 200
YOR013W 11 276
YOR014W 25 612
YOR015W 2 22
YOR016C 12 548
YOR017W 30 625
YOR018W 30 740
YOR019W 32 508
YOR020C 3 342
YOR020W-A 4 72
YOR021C 6 282
YOR022C 22 238
YOR023C 20 685
YOR024W 29 1076
YOR025W 27 330
YOR026W 27 1882
YOR027W 33 892
YOR028C 14 565
YOR029W 26 1686
YOR030W 25 253
YOR031W 7 37
YOR032C 15 193
YOR032W-A 17 415
YOR033C 20 307
YOR034C 33 676
YOR034C-A 9 313
YOR035C 24 682
YOR036W 2 3
YOR037W 25 716
YOR038C 35 1429
YOR039W 7 197
YOR040W 23 1179
YOR041C 14 726
YOR042W 33 1080
YOR043W 12 205
YOR044W 5 59
YOR045W 1 16
YOR046C 20 274
YOR047C 5 36
YOR048C 14 44
YOR049C 16 325
YOR050C 12 172
YOR051C 22 417
YOR052C 5 121
YOR053W 3 50
YOR054C 29 743
YOR055W 5 198
YOR056C 22 255
YOR057W 21 661
YOR058C 27 412
YOR059C 19 713
YOR060C 19 554
YOR061W 10 148
YOR062C 19 653
YOR063W 5 59
YOR064C 15 376
YOR065W 12 135
YOR066W 24 872
YOR067C 25 423
YOR069W 25 831
YOR068C 4 57
YOR070C 12 190
YOR071C 23 364
YOR072W 25 619
YOR072W-A 16 564
YOR072W-B 3 42
YOR073W 15 1067
YOR074C 17 512
YOR073W-A 2 5
YOR075W 8 178
YOR076C 29 2911
YOR077W 20 2417
YOR078W 9 202
YOR079C 19 197
YOR080W 22 531
YOR081C 25 284
YOR082C 12 329
YOR083W 37 751
YOR084W 48 2478
YOR085W 21 1045
YOR086C 37 998
YOR087W 28 6518
YOR089C 7 54
YOR090C 37 2154
YOR091W 28 889
YOR092W 24 428
YOR093C 51 1743
YOR094W 4 75
YOR095C 11 85
YOR096W 7 361
YOR097C 13 296
YOR098C 25 465
YOR099W 32 1061
YOR100C 16 627
YOR101W 11 617
YOR102W 1 9
YOR103C 1 9
YOR104W 10 289
YOR105W 1 25
YOR106W 10 86
YOR107W 25 518
YOR108W 37 653
YOR108C-A 4 10
YOR109W 33 409
YOR110W 10 244
YOR111W 7 103
YOR112W 17 428
YOR113W 14 198
YOR114W 15 7876
YOR115C 4 25
YOR116C 24 678
YOR117W 12 163
YOR118W 21 608
YOR119C 25 803
YOR120W 26 1184
YOR121C 10 402
YOR122C 8 35
YOR123C 16 388
YOR124C 39 951
YOR125C 7 113
YOR126C 18 696
YOR127W 26 662
YOR128C 17 296
YOR129C 19 496
YOR130C 15 264
YOR131C 9 230
YOR132W 22 3705
YOR133W 3 22
YOR134W 49 10690
YOR135C 6 93
YOR136W 17 509
YOR137C 33 1155
YOR138C 73 2199
YOR139C 4 60
YOR140W 36 2590
YOR141C 22 483
YOR142W 29 480
YOR143C 10 276
YOR144C 32 948
YOR145C 8 243
YOR146W 3 73
YOR147W 17 176
YOR148C 17 147
YOR149C 19 505
YOR150W 4 38
YOR151C 35 827
YOR152C 1 1
YOR153W 87 2702
YOR154W 12 122
YOR155C 12 502
YOR156C 14 341
YOR157C 13 249
YOR158W 11 175
YOR159C 5 79
YOR160W 23 623
YOR161C 31 941
YOR161W-A 0 0
YOR161W-B 2 47
YOR161C-C 8 299
YOR162C 50 1095
YOR163W 6 60
YOR164C 20 365
YOR165W 37 1375
YOR166C 15 218
YOR167C 0 0
YOR168W 25 706
YOR169C 2 131
YOR170W 3 34
YOR171C 15 129
YOR172W 26 311
YOR173W 19 1984
YOR174W 12 301
YOR175C 31 1043
YOR176W 26 323
YOR177C 14 361
YOR178C 26 635
YOR179C 28 1632
YOR180C 1 38
YOR181W 12 91
YOR182C 8 128
YOR183W 25 391
YOR184W 13 237
YOR185C 5 238
YOR186W 30 1820
YOR186C-A 19 1601
YOR187W 23 655
YOR188W 45 1043
YOR189W 4 45
YOR190W 21 975
YOR191W 44 1533
YOR192C 24 525
YOR192C-C 0 0
YOR193W 10 49
YOR194C 5 188
YOR195W 14 381
YOR196C 17 406
YOR197W 23 410
YOR198C 12 169
YOR199W 19 3653
YOR200W 2 21
YOR201C 13 139
YOR202W 24 957
YOR203W 27 3084
YOR204W 30 278
YOR205C 40 1217
YOR206W 11 208
YOR207C 37 881
YOR208W 8 1380
YOR209C 16 316
YOR210W 3 69
YOR211C 43 1421
YOR212W 24 868
YOR213C 10 186
YOR214C 5 94
YOR215C 11 218
YOR216C 35 992
YOR217W 32 566
YOR218C 5 84
YOR219C 42 870
YOR220W 12 117
YOR221C 17 161
YOR222W 49 4478
YOR223W 19 534
YOR224C 8 135
YOR225W 7 99
YOR226C 9 218
YOR227W 58 1132
YOR228C 9 137
YOR229W 48 2451
YOR230W 25 482
YOR231W 30 959
YOR231C-A 4 40
YOR232W 6 143
YOR233W 28 368
YOR234C 13 72
YOR235W 11 443
YOR236W 16 304
YOR237W 10 331
YOR238W 18 431
YOR239W 18 358
YOR241W 28 777
YOR242C 18 428
YOR243C 19 323
YOR244W 16 237
YOR245C 13 102
YOR246C 18 320
YOR247W 6 81
YOR248W 5 74
YOR249C 18 186
YOR250C 20 241
YOR251C 14 406
YOR252W 8 138
YOR253W 14 2066
YOR254C 27 473
YOR255W 6 191
YOR256C 25 650
YOR257W 2 11
YOR258W 4 31
YOR259C 10 146
YOR260W 22 525
YOR261C 13 135
YOR262W 11 279
YOR263C 5 38
YOR264W 11 76
YOR265W 9 2065
YOR266W 10 329
YOR267C 36 1777
YOR268C 34 2329
YOR269W 30 692
YOR270C 42 1970
YOR271C 20 446
YOR272W 8 143
YOR273C 49 936
YOR274W 29 1673
YOR275C 20 647
YOR276W 6 78
YOR277C 4 37
YOR278W 6 349
YOR279C 17 490
YOR280C 7 177
YOR281C 11 170
YOR282W 16 668
YOR283W 12 348
YOR284W 11 185
YOR285W 12 414
YOR286W 7 249
YOR287C 8 148
YOR288C 10 225
YOR289W 25 4431
YOR290C 32 406
YOR291W 43 798
YOR292C 14 448
YOR293W 10 56
YOR293C-A 6 116
YOR294W 3 44
YOR295W 13 233
YOR296W 56 11371
YOR297C 10 199
YOR298W 22 312
YOR298C-A 13 539
YOR299W 35 1688
YOR300W 13 1483
YOR301W 64 8911
YOR302W 6 44
YOR303W 32 595
YOR304W 44 1337
YOR304C-A 4 113
YOR305W 3 13
YOR306C 25 808
YOR307C 29 8529
YOR308C 14 515
YOR309C 0 0
YOR310C 9 291
YOR311C 14 410
YOR312C 2 30
YOR313C 10 130
YOR314W 4 124
YOR314W-A 10 134
YOR315W 12 589
YOR316C 43 1759
YOR316C-A 27 2585
YOR317W 55 1785
YOR318C 52 5425
YOR319W 3 53
YOR320C 13 283
YOR321W 28 492
YOR322C 46 1083
YOR323C 15 398
YOR324C 22 1389
YOR325W 12 1105
YOR326W 44 816
YOR327C 4 111
YOR328W 77 5732
YOR329C 26 651
YOR329W-A 4 52
YOR330C 24 271
YOR331C 2 5
YOR332W 4 11
YOR333C 4 141
YOR334W 10 244
YOR335C 36 732
YOR335W-A 0 0
YOR336W 43 885
YOR337W 45 824
YOR338W 27 722
YOR339C 3 22
YOR340C 6 42
YOR341W 26 517
YOR342C 13 1181
YOR343C 30 4931
YOR344C 15 510
YOR345C 1 7
YOR346W 31 683
YOR347C 11 129
YOR348C 221 99398
YOR349W 69 1873
YOR350C 34 1370
YOR351C 26 613
YOR352W 17 422
YOR353C 28 511
YOR354C 25 825
YOR355W 18 355
YOR356W 27 499
YOR357C 13 339
YOR358W 28 739
YOR359W 19 586
YOR360C 15 12838
YOR361C 35 1447
YOR362C 14 473
YOR363C 45 1437
YOR364W 25 785
YOR365C 33 839
YOR366W 1 3
YOR367W 3 61
YOR368W 22 1502
YOR369C 7 135
YOR370C 17 407
YOR371C 67 10108
YOR372C 19 501
YOR373W 32 628
YOR374W 38 938
YOR375C 40 4897
YOR376W 20 3320
YOR376W-A 0 0
YOR377W 26 1322
YOR378W 26 1028
YOR379C 18 964
YOR380W 33 608
YOR381W 17 2042
YOR381W-A 4 42
YOR382W 2 6
YOR383C 6 28
YOR384W 30 660
YOR385W 14 298
YOR386W 13 297
YOR387C 4 13
YOR388C 1 19
YOR389W 11 393
YOR390W 2 88
YOR391C 4 35
YOR392W 2 10
YOR393W 0 0
YOR394W 0 0
YOR394C-A 2 11
YOR396W 0 0
YOR396C-A 0 0
YPL283C 0 0
YPL283W-B 0 0
YPL283W-A 0 0
YPL282C 0 0
YPL281C 0 0
YPL280W 0 0
YPL279C 0 0
YPL278C 0 0
YPL277C 18 358
YPL274W 59 3367
YPL273W 12 300
YPL272C 6 87
YPL271W 2 93
YPL270W 41 835
YPL269W 26 603
YPL268W 23 438
YPL267W 5 64
YPL266W 11 182
YPL265W 56 3005
YPL264C 11 274
YPL263C 28 840
YPL262W 31 947
YPL261C 16 563
YPL260W 13 432
YPL259C 18 858
YPL258C 39 1522
YPL257W 8 78
YPL256C 30 789
YPL255W 16 904
YPL254W 15 276
YPL253C 30 1003
YPL252C 7 123
YPL251W 4 44
YPL250C 15 682
YPL249C-A 5 26
YPL250W-A 5 26
YPL249C 36 635
YPL248C 19 375
YPL247C 56 9522
YPL246C 10 638
YPL245W 38 1741
YPL244C 28 955
YPL243W 10 299
YPL242C 47 1553
YPL241C 11 59
YPL240C 37 1079
YPL239W 10 170
YPL238C 2 31
YPL237W 5 89
YPL236C 22 300
YPL235W 8 141
YPL234C 8 78
YPL233W 10 189
YPL232W 20 862
YPL231W 104 5535
YPL230W 25 1541
YPL229W 10 372
YPL228W 20 237
YPL227C 18 368
YPL226W 25 225
YPL225W 0 0
YPL224C 35 2035
YPL223C 17 224
YPL222W 40 789
YPL222C-A 1 16
YPL221W 61 5168
YPL220W 3 19
YPL219W 35 658
YPL218W 19 218
YPL217C 27 547
YPL216W 27 726
YPL215W 13 259
YPL214C 27 1109
YPL213W 14 221
YPL212C 17 721
YPL211W 9 112
YPL210C 18 396
YPL209C 6 10
YPL208W 30 639
YPL207W 33 1570
YPL206C 19 281
YPL205C 11 406
YPL204W 17 228
YPL203W 16 1164
YPL202C 21 290
YPL201C 29 707
YPL200W 3 29
YPL199C 6 241
YPL198W 37 720
YPL197C 7 172
YPL196W 11 213
YPL195W 21 262
YPL194W 15 174
YPL193W 12 203
YPL192C 2 3
YPL191C 11 174
YPL190C 23 631
YPL189C-A 2 11
YPL189W 35 1312
YPL188W 21 1678
YPL187W 4 18
YPL186C 37 945
YPL185W 37 4231
YPL184C 37 998
YPL183W-A 7 79
YPL183C 28 690
YPL182C 16 282
YPL181W 23 314
YPL180W 27 253
YPL179W 29 1015
YPL178W 8 77
YPL177C 12 1676
YPL176C 36 695
YPL175W 20 809
YPL174C 14 481
YPL173W 6 50
YPL172C 8 410
YPL171C 34 768
YPL170W 25 393
YPL169C 9 33
YPL168W 16 1490
YPL167C 29 454
YPL166W 9 106
YPL165C 5 25
YPL164C 37 846
YPL163C 3 127
YPL162C 18 2054
YPL161C 27 799
YPL160W 37 760
YPL159C 10 162
YPL158C 30 477
YPL157W 22 358
YPL156C 29 756
YPL155C 63 6975
YPL154C 14 225
YPL153C 32 743
YPL152W-A 1 3
YPL152W 6 123
YPL151C 27 659
YPL150W 20 303
YPL149W 8 370
YPL148C 6 40
YPL147W 23 856
YPL146C 8 90
YPL145C 4 34
YPL144W 22 1903
YPL143W 3 77
YPL142C 0 0
YPL141C 47 824
YPL140C 10 75
YPL139C 12 112
YPL138C 9 98
YPL137C 56 1834
YPL136W 5 228
YPL135W 17 374
YPL135C-A 5 182
YPL134C 27 467
YPL133C 44 4480
YPL132W 17 472
YPL131W 5 63
YPL130W 5 135
YPL129W 2 8
YPL128C 8 173
YPL127C 12 379
YPL126W 19 403
YPL125W 24 744
YPL124W 13 544
YPL123C 9 1019
YPL122C 17 288
YPL121C 4 173
YPL120W 12 131
YPL119C-A 3 19
YPL119C 30 835
YPL118W 7 147
YPL117C 6 131
YPL116W 29 577
YPL115C 28 563
YPL114W 9 174
YPL113C 20 433
YPL112C 8 111
YPL111W 72 3231
YPL110C 46 1586
YPL109C 41 1019
YPL108W 14 546
YPL107W 13 815
YPL106C 16 807
YPL105C 36 611
YPL104W 19 524
YPL103C 28 851
YPL102C 6 208
YPL101W 20 336
YPL100W 14 255
YPL099C 5 203
YPL098C 5 567
YPL097W 17 541
YPL096C-A 1 32
YPL096W 23 482
YPL095C 24 5442
YPL094C 13 403
YPL093W 23 492
YPL092W 31 1103
YPL091W 25 608
YPL090C 4 53
YPL089C 29 562
YPL088W 19 493
YPL087W 6 50
YPL086C 10 412
YPL085W 40 604
YPL084W 20 541
YPL083C 10 550
YPL082C 58 2259
YPL081W 23 1030
YPL080C 11 572
YPL079W 8 59
YPL078C 6 20
YPL077C 16 292
YPL076W 10 174
YPL075W 24 721
YPL074W 24 1216
YPL073C 2 31
YPL072W 12 788
YPL071C 7 74
YPL070W 13 219
YPL069C 19 392
YPL068C 12 191
YPL067C 46 19371
YPL066W 27 379
YPL065W 7 102
YPL064C 16 408
YPL063W 30 817
YPL062W 32 3140
YPL061W 40 741
YPL060W 23 290
YPL059W 12 252
YPL058C 65 2074
YPL057C 19 953
YPL056C 25 964
YPL055C 32 1006
YPL054W 13 246
YPL053C 13 1072
YPL052W 13 195
YPL051W 11 110
YPL050C 3 15
YPL049C 32 1002
YPL048W 23 535
YPL047W 8 68
YPL046C 3 21
YPL045W 32 1274
YPL044C 15 411
YPL043W 31 704
YPL042C 23 303
YPL041C 10 148
YPL040C 31 614
YPL039W 10 185
YPL038W-A 3 26
YPL038W 9 501
YPL037C 1 1
YPL036W 37 1623
YPL035C 2 37
YPL034W 5 121
YPL033C 5 9
YPL032C 29 516
YPL031C 23 334
YPL030W 20 546
YPL029W 20 282
YPL028W 17 238
YPL027W 12 3222
YPL026C 24 370
YPL025C 13 426
YPL024W 27 627
YPL023C 8 116
YPL022W 25 815
YPL021W 7 122
YPL020C 19 214
YPL019C 30 1366
YPL018W 20 766
YPL017C 35 568
YPL016W 38 891
YPL015C 44 1313
YPL014W 29 468
YPL013C 5 88
YPL012W 33 793
YPL011C 15 281
YPL010W 6 60
YPL009C 17 180
YPL008W 13 288
YPL007C 9 193
YPL006W 56 1439
YPL005W 28 361
YPL004C 28 517
YPL003W 36 698
YPL002C 29 1176
YPL001W 36 1023
YPR001W 92 14411
YPR002W 54 3334
YPR002C-A 4 16
YPR003C 31 526
YPR004C 10 65
YPR005C 13 107
YPR006C 40 925
YPR007C 26 703
YPR008W 46 1282
YPR009W 10 329
YPR010C 20 284
YPR010C-A 1 4
YPR011C 30 539
YPR012W 6 19518
YPR013C 17 468
YPR014C 10 267
YPR015C 13 250
YPR016C 4 17
YPR016W-A 7 179
YPR017C 7 127
YPR018W 16 567
YPR019W 46 1299
YPR020W 5 29
YPR021C 24 465
YPR022C 42 689
YPR023C 29 795
YPR024W 19 144
YPR025C 8 125
YPR026W 49 782
YPR027C 7 193
YPR028W 6 39
YPR029C 17 406
YPR030W 46 2437
YPR031W 24 748
YPR032W 21 454
YPR033C 26 634
YPR034W 14 402
YPR035W 22 792
YPR036W 53 3114
YPR036W-A 8 114
YPR037C 28 1269
YPR038W 18 604
YPR039W 22 342
YPR040W 27 6933
YPR041W 12 114
YPR042C 24 432
YPR043W 4 12
YPR044C 2 10
YPR045C 18 422
YPR046W 4 6
YPR047W 19 785
YPR048W 13 277
YPR049C 35 903
YPR050C 11 467
YPR051W 17 759
YPR052C 8 844
YPR053C 16 4826
YPR054W 26 974
YPR055W 21 318
YPR056W 8 121
YPR057W 13 272
YPR058W 10 93
YPR059C 2 23
YPR060C 11 334
YPR061C 14 248
YPR062W 21 480
YPR063C 12 174
YPR064W 27 460
YPR065W 9 203
YPR066W 24 813
YPR067W 14 693
YPR068C 27 687
YPR069C 5 82
YPR070W 21 358
YPR071W 13 225
YPR072W 14 872
YPR073C 14 240
YPR074C 43 1293
YPR074W-A 4 102
YPR075C 9 343
YPR076W 0 0
YPR077C 12 804
YPR078C 18 857
YPR079W 26 535
YPR080W 5 112
YPR081C 31 715
YPR082C 10 173
YPR083W 28 343
YPR084W 12 205
YPR085C 10 41
YPR086W 15 288
YPR087W 14 144
YPR088C 20 720
YPR089W 21 719
YPR091C 20 272
YPR092W 19 601
YPR093C 25 848
YPR094W 5 105
YPR095C 42 1412
YPR096C 15 122
YPR097W 48 986
YPR098C 12 243
YPR099C 7 103
YPR100W 7 253
YPR101W 9 222
YPR102C 0 0
YPR103W 7 217
YPR104C 13 161
YPR105C 18 622
YPR106W 18 583
YPR107C 15 591
YPR108W 17 327
YPR108W-A 6 70
YPR109W 22 686
YPR110C 8 95
YPR111W 28 513
YPR112C 20 536
YPR113W 7 124
YPR114W 19 339
YPR115W 41 1174
YPR116W 5 12
YPR117W 86 2801
YPR118W 11 535
YPR119W 15 383
YPR120C 24 892
YPR121W 28 694
YPR122W 74 2954
YPR123C 12 192
YPR124W 25 585
YPR125W 15 511
YPR126C 4 50
YPR127W 16 377
YPR128C 8 811
YPR129W 5 95
YPR130C 5 75
YPR131C 6 307
YPR132W 4 42
YPR133C 12 450
YPR133W-A 1 6
YPR134W 4 1248
YPR135W 27 422
YPR136C 2 91
YPR137W 6 111
YPR138C 37 1279
YPR139C 8 112
YPR140W 15 276
YPR141C 16 326
YPR142C 17 798
YPR143W 4 20
YPR144C 16 206
YPR145W 58 3298
YPR145C-A 11 337
YPR146C 14 230
YPR147C 14 3301
YPR148C 13 370
YPR149W 22 741
YPR150W 26 926
YPR151C 31 1039
YPR152C 47 1981
YPR153W 16 486
YPR154W 3 36
YPR155C 39 1222
YPR156C 25 620
YPR157W 37 801
YPR158W 16 314
YPR159W 37 794
YPR159C-A 6 31
YPR160W 69 1818
YPR160W-A 3 78
YPR160C-A 11 559
YPR161C 22 737
YPR162C 17 211
YPR163C 9 189
YPR164W 36 1833
YPR165W 8 62
YPR166C 4 129
YPR167C 11 210
YPR168W 13 4225
YPR169W 24 468
YPR170C 19 637
YPR169W-A 7 128
YPR170W-B 16 1830
YPR170W-A 9 1515
YPR171W 17 218
YPR172W 12 355
YPR173C 9 367
YPR174C 8 203
YPR175W 20 608
YPR176C 9 156
YPR177C 7 350
YPR178W 27 937
YPR179C 27 595
YPR180W 8 227
YPR181C 17 372
YPR182W 5 206
YPR183W 19 278
YPR184W 90 5452
YPR185W 24 365
YPR186C 13 132
YPR187W 6 70
YPR188C 3 19
YPR189W 37 1019
YPR190C 26 688
YPR191W 7 60
YPR192W 38 2753
YPR193C 21 398
YPR194C 51 1321
YPR195C 23 543
YPR196W 29 1804
YPR197C 6 328
YPR198W 17 520
YPR199C 17 349
YPR200C 1 1
YPR201W 29 1183
YPR202W 0 0
YPR203W 0 0
YPR204W 0 0
YPR204C-A 0 0
