YAL069W 7 106
YAL068W-A 9 1049
YAL068C 1 16
YAL067W-A 4 91
YAL067C 4 40
YAL066W 2 302
YAL065C 5 61
YAL064W-B 5 61
YAL064C-A 1 9
YAL064W 3 8
YAL063C-A 0 0
YAL063C 3 47
YAL062W 13 1086
YAL061W 6 19
YAL060W 4 110
YAL059C-A 2 3
YAL059W 5 78
YAL058W 7 123
YAL056C-A 15 5193
YAL056W 8 418
YAL055W 3 69
YAL054C 6 122
YAL053W 0 0
YAL051W 2 278
YAL049C 6 185
YAL048C 5 56
YAL047W-A 3 92
YAL047C 6 290
YAL046C 9 1024
YAL045C 5 301
YAL044W-A 10 1043
YAL044C 10 6837
YAL043C 8 829
YAL042C-A 7 77
YAL042W 7 5264
YAL041W 2 9
YAL040C 3 12
YAL039C 9 3266
YAL038W 3 26
YAL037C-B 1 31
YAL037C-A 3 103
YAL037W 1 1
YAL036C 0 0
YAL035W 3 8
YAL034C-B 3 97
YAL034W-A 4 53
YAL034C 8 154
YAL033W 1 2
YAL032C 8 102
YAL031W-A 3 111
YAL031C 3 65
YAL030W 3 4796
YAL029C 0 0
YAL028W 1 6
YAL027W 4 11
YAL026C-A 0 0
YAL026C 0 0
YAL025C 7 1890
YAL024C 0 0
YAL023C 0 0
YAL022C 1 4
YAL021C 3 970
YAL020C 6 200
YAL019W-A 3 113
YAL019W 1 136
YAL018C 0 0
YAL017W 2 16
YAL016C-B 6 93
YAL016C-A 1 98
YAL016W 1 5
YAL015C 7 269
YAL014C 5 62
YAL013W 3 58
YAL012W 10 810
YAL011W 7 274
YAL010C 1 7
YAL009W 4 223
YAL008W 1 43
YAL007C 3 220
YAL005C 6 858
YAL004W 0 0
YAL003W 8 495
YAL002W 5 972
YAL001C 4 629
YAR002W 4 1073
YAR002C-A 5 338
YAR003W 3 55
YAR007C 2 264
YAR008W 2 112
YAR014C 8 34118
YAR015W 3 12
YAR018C 5 174
YAR019C 3 21
YAR019W-A 0 0
YAR020C 0 0
YAR023C 1 6
YAR027W 1 2
YAR028W 4 33
YAR029W 0 0
YAR030C 2 37
YAR031W 0 0
YAR033W 1 1
YAR035W 9 2675
YAR035C-A 7 2056
YAR042W 1 61
YAR047C 0 0
YAR050W 1 1
YAR053W 1 1
YAR060C 0 0
YAR064W 0 0
YAR066W 0 0
YAR068W 0 0
YAR069C 0 0
YAR070C 0 0
YAR071W 0 0
YAR073W 0 0
YAR075W 4 17
YBL113C 0 0
YBL113W-A 0 0
YBL112C 0 0
YBL111C 0 0
YBL109W 0 0
YBL108C-A 0 0
YBL108W 0 0
YBL107W-A 0 0
YBL107C 9 210
YBL106C 0 0
YBL105C 0 0
YBL104C 7 1209
YBL103C 0 0
YBL102W 3 361
YBL101C 8 151
YBL100W-C 13 913
YBL100C 0 0
YBL099W 0 0
YBL098W 2 165
YBL097W 0 0
YBL096C 2 33
YBL095W 8 175
YBL094C 3 119
YBL093C 1 6
YBL092W 0 0
YBL091C-A 3 265
YBL091C 3 11
YBL090W 1 1
YBL089W 3 637
YBL088C 1 100
YBL087C 3 89
YBL086C 1 269
YBL085W 2 23
YBL084C 2 7
YBL083C 1 5
YBL082C 9 238
YBL081W 2 200
YBL080C 0 0
YBL079W 1 18
YBL078C 3 69
YBL077W 8 46
YBL076C 1 15
YBL075C 4 29
YBL074C 8 362
YBL073W 1 95
YBL072C 1 6
YBL071C-B 2 52
YBL071W-A 7 36
YBL071C 6 114
YBL070C 5 98
YBL069W 2 16
YBL068W-A 3 15
YBL068W 0 0
YBL067C 2 53
YBL066C 4 39
YBL065W 1 2
YBL064C 5 189
YBL063W 4 142
YBL062W 2 12
YBL061C 3 354
YBL060W 10 594
YBL059C-A 2 30
YBL059W 1 1
YBL058W 11 259
YBL057C 7 737
YBL056W 1 19
YBL055C 6 7467
YBL054W 1 6
YBL053W 6 52
YBL052C 0 0
YBL051C 0 0
YBL050W 1 27
YBL049W 1 4
YBL048W 0 0
YBL047C 0 0
YBL046W 5 86
YBL045C 1 7
YBL044W 2 43
YBL043W 3 17
YBL042C 1 1
YBL041W 1 1
YBL040C 6 189
YBL039W-B 1 3
YBL039C 0 0
YBL039C-A 0 0
YBL038W 0 0
YBL037W 1 2
YBL036C 5 378
YBL035C 0 0
YBL034C 2 54
YBL033C 4 48
YBL032W 2 28
YBL031W 7 607
YBL030C 7 49
YBL029C-A 6 187
YBL029W 2 75
YBL028C 8 2244
YBL027W 0 0
YBL026W 0 0
YBL025W 1 10
YBL024W 7 148
YBL023C 0 0
YBL022C 2 30
YBL021C 6 431
YBL020W 0 0
YBL019W 2 23
YBL018C 0 0
YBL017C 3 108
YBL016W 4 161
YBL015W 6 83
YBL014C 2 7
YBL013W 5 37
YBL012C 1 4
YBL011W 2 28
YBL010C 3 62
YBL009W 4 38
YBL008W-A 1 87
YBL008W 1 29
YBL007C 5 1214
YBL006C 8 145
YBL006W-A 1 21
YBL005W 0 0
YBL004W 0 0
YBL003C 5 406
YBL002W 5 115
YBL001C 7 38
YBR001C 7 3319
YBR002C 3 27
YBR003W 4 124
YBR004C 5 32
YBR005W 0 0
YBR006W 1 1
YBR007C 7 215
YBR008C 3 56
YBR009C 5 16
YBR010W 5 51
YBR011C 3 165
YBR012C 0 0
YBR013C 1 1
YBR014C 1 13
YBR015C 2 35
YBR016W 1 22
YBR017C 3 25
YBR018C 1 1
YBR019C 0 0
YBR020W 4 81
YBR021W 1 4
YBR022W 0 0
YBR023C 2 34
YBR024W 3 26
YBR025C 2 6
YBR026C 4 75
YBR027C 0 0
YBR028C 1 2
YBR029C 3 52
YBR030W 2 4
YBR031W 4 7
YBR032W 6 196
YBR033W 1 22
YBR034C 4 544
YBR035C 2 40
YBR036C 6 102
YBR037C 6 96
YBR038W 1 2
YBR039W 0 0
YBR040W 2 97
YBR041W 1 55
YBR042C 3 12
YBR043C 0 0
YBR044C 0 0
YBR045C 0 0
YBR046C 6 247
YBR047W 8 257
YBR048W 1 1
YBR049C 6 185
YBR050C 3 198
YBR051W 0 0
YBR052C 1 22
YBR053C 7 205
YBR054W 0 0
YBR055C 5 18
YBR056W 2 6
YBR056W-A 2 34
YBR056C-B 4 162
YBR057C 0 0
YBR058C 1 1
YBR058C-A 3 32
YBR059C 0 0
YBR060C 5 207
YBR061C 4 110
YBR062C 3 32
YBR063C 0 0
YBR064W 1 1
YBR065C 3 9
YBR066C 0 0
YBR067C 0 0
YBR068C 2 81
YBR069C 1 2
YBR070C 5 200
YBR071W 8 3443
YBR072W 1 5
YBR072C-A 3 44
YBR073W 4 48
YBR074W 2 20
YBR076W 0 0
YBR076C-A 9 143
YBR077C 1 2
YBR078W 2 59
YBR079C 5 78
YBR080C 2 5
YBR081C 3 34
YBR082C 7 183
YBR083W 3 15
YBR084W 5 1312
YBR084C-A 2 19
YBR085W 1 2
YBR085C-A 3 18
YBR086C 2 65
YBR087W 1 23
YBR088C 1 1
YBR089W 2 93
YBR089C-A 5 41
YBR090C 8 7763
YBR091C 6 100
YBR092C 0 0
YBR093C 1 24
YBR094W 3 43
YBR095C 6 76
YBR096W 1 14
YBR097W 2 141
YBR098W 7 1786
YBR099C 4 33
YBR101C 4 91
YBR102C 2 453
YBR103W 5 61
YBR103C-A 8 195
YBR104W 0 0
YBR105C 2 17
YBR106W 8 560
YBR107C 6 194
YBR108W 8 7232
YBR109C 2 23
YBR109W-A 2 32
YBR110W 1 2
YBR111C 8 137
YBR111W-A 4 12
YBR112C 0 0
YBR113W 0 0
YBR114W 3 32
YBR115C 2 3
YBR116C 7 812
YBR117C 3 13
YBR118W 4 74
YBR119W 5 187
YBR120C 1 1
YBR121C 0 0
YBR121C-A 0 0
YBR122C 3 363
YBR123C 4 25
YBR124W 1 8
YBR125C 0 0
YBR126C 3 41
YBR126W-A 10 559
YBR126W-B 10 529
YBR127C 2 60
YBR128C 4 208
YBR129C 1 1972
YBR130C 1 12
YBR131W 2 7
YBR131C-A 1 1
YBR132C 4 48
YBR133C 2 10
YBR134W 1 40
YBR135W 0 0
YBR136W 3 14
YBR137W 0 0
YBR138C 0 0
YBR139W 3 89
YBR140C 1 14
YBR141C 3 31
YBR141W-A 4 78
YBR142W 1 33
YBR143C 6 98
YBR144C 8 235
YBR145W 5 63
YBR146W 0 0
YBR147W 0 0
YBR148W 2 142
YBR149W 6 182
YBR150C 4 20
YBR151W 1 16
YBR152W 2 22
YBR153W 1 1
YBR154C 2 61
YBR155W 1 448
YBR156C 4 38
YBR157C 3 116
YBR158W 0 0
YBR159W 3 136
YBR160W 0 0
YBR161W 0 0
YBR162C 1 10
YBR162W-A 11 145
YBR163W 3 10
YBR164C 0 0
YBR165W 0 0
YBR166C 1 5
YBR167C 3 193
YBR168W 3 145
YBR169C 1 3
YBR170C 2 36
YBR171W 2 5
YBR172C 2 7
YBR173C 8 152
YBR174C 2 9
YBR175W 6 448
YBR176W 0 0
YBR177C 1 6
YBR178W 1 4
YBR179C 1 5
YBR180W 5 117
YBR181C 3 122
YBR182C 2 186
YBR182C-A 10 1864
YBR183W 4 69
YBR184W 0 0
YBR185C 1 2
YBR186W 2 7
YBR187W 4 64
YBR188C 0 0
YBR189W 1 6
YBR190W 4 451
YBR191W 0 0
YBR191W-A 0 0
YBR192W 0 0
YBR193C 3 29
YBR194W 0 0
YBR195C 1 4
YBR196C 0 0
YBR196C-A 3 616
YBR196C-B 4 79
YBR197C 2 88
YBR198C 1 20
YBR199W 1 5
YBR200W 1 7
YBR200W-A 1 1
YBR201W 1 4
YBR201C-A 1 1
YBR202W 0 0
YBR203W 7 1672
YBR204C 6 404
YBR205W 6 43
YBR206W 1 1
YBR207W 1 30
YBR208C 0 0
YBR209W 2 81
YBR210W 2 13
YBR211C 0 0
YBR212W 1 29
YBR213W 4 27
YBR214W 3 122
YBR215W 4 223
YBR216C 5 110
YBR217W 4 36
YBR218C 1 21
YBR219C 0 0
YBR220C 5 87
YBR221C 3 6
YBR221W-A 8 234
YBR222C 4 79
YBR223C 1 1
YBR223W-A 3 39
YBR224W 0 0
YBR225W 0 0
YBR226C 2 14
YBR227C 0 0
YBR228W 4 160
YBR229C 5 56
YBR230C 5 86
YBR230W-A 3 6
YBR231C 3 16
YBR232C 1 13
YBR233W 1 39
YBR233W-A 5 34
YBR234C 2 164
YBR235W 1 10
YBR236C 2 13
YBR237W 0 0
YBR238C 3 86
YBR239C 3 234
YBR240C 5 973
YBR241C 5 47
YBR242W 1 2
YBR243C 3 1201
YBR244W 0 0
YBR245C 1 20
YBR246W 4 358
YBR247C 0 0
YBR248C 1 1
YBR249C 2 32
YBR250W 1 2
YBR251W 4 47
YBR252W 0 0
YBR253W 6 1007
YBR254C 4 511
YBR255W 5 300
YBR255C-A 7 104
YBR256C 7 147
YBR257W 2 617
YBR258C 4 492
YBR259W 6 273
YBR260C 8 386
YBR261C 9 190
YBR262C 3 48
YBR263W 4 1136
YBR264C 3 28
YBR265W 2 22
YBR267W 3 20
YBR266C 1 62
YBR268W 9 251
YBR269C 6 127
YBR270C 2 10
YBR271W 2 109
YBR272C 6 10109
YBR273C 3 289
YBR274W 1 2
YBR275C 1 10
YBR276C 1 4
YBR277C 1 53
YBR278W 2 49
YBR279W 0 0
YBR280C 0 0
YBR281C 6 506
YBR282W 3 246
YBR283C 1 4
YBR284W 7 1557
YBR285W 3 13
YBR286W 2 11
YBR287W 1 5
YBR288C 2 12
YBR289W 2 147
YBR290W 8 797
YBR291C 1 8
YBR292C 1 17
YBR293W 3 21
YBR294W 0 0
YBR295W 1 4
YBR296C 4 64
YBR296C-A 3 88
YBR297W 8 536
YBR298C 2 3
YBR298C-A 0 0
YBR299W 1 6
YBR300C 0 0
YBR301W 0 0
YBR302C 0 0
YCL076W 2 2
YCL073C 0 0
YCL069W 0 0
YCL068C 0 0
YCL067C 0 0
YCL066W 0 0
YCL065W 0 0
YCL064C 5 71
YCL063W 7 227
YCL061C 2 11
YCL059C 1 7
YCL058C 5 8785
YCL058W-A 2 8
YCL057C-A 6 156
YCL057W 2 1585
YCL056C 4 417
YCL055W 2 94
YCL054W 0 0
YCL052C 3 44
YCL051W 1 14
YCL050C 2 7
YCL049C 3 137
YCL048W-A 0 0
YCL048W 0 0
YCL047C 6 84
YCL045C 6 342
YCL046W 0 0
YCL044C 3 15
YCL043C 1 9
YCL041C 8 2814
YCL042W 1 1
YCL040W 6 112
YCL039W 8 114
YCL038C 3 139
YCL037C 5 103
YCL036W 6 104
YCL035C 4 585
YCL034W 4 234
YCL033C 5 105
YCL032W 0 0
YCL031C 4 309
YCL030C 4 89
YCL029C 5 141
YCL028W 8 729
YCL027W 1 27
YCL026C-B 2 22
YCL026C-A 1 1
YCL025C 5 360
YCL023C 0 0
YCL024W 5 39
YCL022C 4 69
YCL021W-A 0 0
YCL018W 2 8916
YCL017C 0 0
YCL016C 6 103
YCL014W 1 12
YCL012C 2 108
YCL011C 2 89
YCL010C 6 1840
YCL009C 9 1130
YCL008C 6 309
YCL007C 3 41
YCL005W-A 2 38
YCL005W 5 174
YCL004W 2 172
YCL002C 6 439
YCL001W 4 160
YCL001W-A 1 29
YCL001W-B 3 39
YCR001W 3 41
YCR002C 4 39
YCR003W 10 192
YCR004C 0 0
YCR005C 5 9
YCR006C 7 840
YCR007C 3 458
YCR008W 0 0
YCR009C 3 76
YCR010C 2 3
YCR011C 1 106
YCR012W 8 78
YCR013C 5 193
YCR014C 6 838
YCR015C 1 82
YCR016W 2 72
YCR017C 3 1766
YCR018C 0 0
YCR018C-A 7 256
YCR019W 0 0
YCR020C 1 4
YCR020C-A 9 135
YCR020W-B 2 1168
YCR021C 1 90
YCR022C 10 536
YCR023C 5 92
YCR024C 3 38
YCR024C-B 4 43
YCR024C-A 3 12
YCR025C 17 2996
YCR026C 4 243
YCR027C 4 34
YCR028C 2 21
YCR028C-A 1 61
YCR030C 1 47
YCR031C 1 25
YCR032W 1 27
YCR033W 0 0
YCR034W 1 1
YCR035C 7 259
YCR036W 6 896
YCR037C 1 2
YCR038C 0 0
YCR038W-A 0 0
YCR039C 0 0
YCR040W 0 0
YCR041W 0 0
YCR042C 2 479
YCR043C 3 23
YCR044C 2 25
YCR045C 2 220
YCR045W-A 0 0
YCR046C 5 599
YCR047C 0 0
YCR047W-A 1 5
YCR049C 5 909
YCR048W 3 44
YCR050C 1 1
YCR051W 4 129
YCR052W 3 32
YCR053W 3 284
YCR054C 0 0
YCR057C 2 57
YCR059C 17 1035
YCR060W 12 273
YCR061W 13 293
YCR064C 2 69
YCR063W 2 10
YCR065W 2 56
YCR066W 4 15
YCR067C 0 0
YCR068W 2 27
YCR069W 0 0
YCR071C 1 18
YCR072C 4 67
YCR073C 1 71
YCR073W-A 13 1953
YCR075C 4 572
YCR075W-A 1 31
YCR076C 6 290
YCR077C 6 81
YCR079W 3 186
YCR081W 0 0
YCR081C-A 13 3824
YCR082W 5 473
YCR083W 4 30
YCR084C 2 18
YCR085W 0 0
YCR086W 0 0
YCR087W 0 0
YCR087C-A 3 133
YCR088W 7 73
YCR089W 0 0
YCR090C 4 48
YCR091W 2 125
YCR092C 1 27
YCR093W 5 80
YCR094W 1 2
YCR095C 2 36
YCR095W-A 2 3
YCR096C 0 0
YCR097W 0 0
YCR097W-A 1 12
YCR098C 1 3
YCR099C 2 84
YCR100C 1 218
YCR101C 6 106
YCR102C 4 247
YCR102W-A 1 41
YCR104W 0 0
YCR105W 0 0
YCR106W 11 337
YCR107W 3 40
YCR108C 7 311
YDL248W 3 205
YDL247W-A 0 0
YDL247W 0 0
YDL246C 0 0
YDL245C 0 0
YDL244W 0 0
YDL243C 2 18
YDL242W 6 173
YDL241W 0 0
YDL240C-A 1 13
YDL240W 2 6
YDL239C 2 52
YDL238C 1 1
YDL237W 3 992
YDL236W 1 10
YDL235C 0 0
YDL234C 3 232
YDL233W 1 5
YDL232W 10 805
YDL231C 0 0
YDL230W 3 79
YDL229W 9 482
YDL228C 5 27
YDL227C 1 24
YDL226C 5 266
YDL225W 8 697
YDL224C 0 0
YDL223C 1 36
YDL222C 0 0
YDL221W 2 34
YDL220C 8 84
YDL219W 5 101
YDL218W 1 6
YDL217C 2 46
YDL216C 5 90
YDL215C 0 0
YDL214C 2 93
YDL213C 3 28
YDL212W 8 200
YDL211C 0 0
YDL210W 1 1
YDL209C 2 195
YDL208W 8 149
YDL207W 2 911
YDL206W 1 78
YDL205C 3 22
YDL204W 4 98
YDL203C 3 155
YDL202W 4 134
YDL201W 1 44
YDL200C 4 21
YDL199C 5 46
YDL198C 5 107
YDL197C 6 196
YDL196W 8 354
YDL195W 1 2
YDL194W 1 1
YDL193W 1 1
YDL192W 1 14
YDL191W 0 0
YDL190C 2 22
YDL189W 1 2
YDL188C 6 83
YDL187C 1 81
YDL186W 1 14
YDL185C-A 1 4
YDL185W 0 0
YDL184C 11 441
YDL183C 2 3
YDL182W 3 141
YDL181W 1 8
YDL180W 2 2
YDL179W 1 8
YDL178W 1 12
YDL177C 4 57
YDL176W 2 7
YDL175C 6 141
YDL174C 8 204
YDL173W 5 46
YDL172C 3 52
YDL171C 1 13
YDL170W 5 71
YDL169C 6 414
YDL168W 7 186
YDL167C 0 0
YDL166C 1 4
YDL165W 3 191
YDL164C 5 148
YDL163W 0 0
YDL162C 3 132
YDL161W 5 92
YDL160C-A 4 140
YDL160C 0 0
YDL159W-A 0 0
YDL159W 6 139
YDL159C-B 1 10
YDL158C 0 0
YDL157C 8 3302
YDL156W 1 5
YDL155W 0 0
YDL154W 0 0
YDL153C 1 2
YDL152W 0 0
YDL151C 1 208
YDL150W 0 0
YDL149W 3 21
YDL148C 4 31
YDL147W 2 7
YDL146W 1 6
YDL145C 1 4
YDL144C 4 901
YDL143W 2 13
YDL142C 2 181
YDL141W 3 115
YDL140C 1 2
YDL139C 8 1846
YDL138W 4 137
YDL137W 2 13
YDL136W 5 109
YDL135C 2 8
YDL134C 2 6
YDL133C-A 4 41
YDL133W 0 0
YDL132W 1 1
YDL131W 4 31
YDL130W-A 3 39
YDL130W 0 0
YDL129W 1 1
YDL128W 5 84
YDL127W 1 8
YDL126C 3 47
YDL125C 12 955
YDL124W 13 2238
YDL123W 6 10136
YDL122W 1 27
YDL121C 4 198
YDL120W 1 2
YDL119C 0 0
YDL118W 2 11
YDL117W 1 10
YDL116W 2 16
YDL115C 1 6
YDL114W-A 1 2
YDL114W 0 0
YDL113C 2 14
YDL112W 0 0
YDL111C 2 193
YDL110C 6 292
YDL109C 1 10
YDL108W 2 57
YDL107W 1 118
YDL106C 2 125
YDL105W 7 167
YDL104C 3 23
YDL103C 3 66
YDL102W 2 18
YDL101C 3 119
YDL100C 4 18
YDL099W 1 36
YDL098C 5 127
YDL097C 2 155
YDL096C 1 152
YDL095W 4 91
YDL094C 0 0
YDL093W 4 858
YDL092W 6 898
YDL091C 2 3
YDL090C 5 897
YDL089W 0 0
YDL088C 4 533
YDL087C 7 320
YDL086W 4 283
YDL086C-A 1 1
YDL085C-A 10 311
YDL085W 4 41
YDL084W 0 0
YDL083C 3 11
YDL082W 3 20
YDL081C 0 0
YDL080C 5 130
YDL079C 7 150
YDL078C 5 278
YDL077C 1 31
YDL076C 0 0
YDL075W 1 4
YDL074C 1 102
YDL073W 4 110
YDL072C 3 1149
YDL071C 0 0
YDL070W 3 15
YDL069C 1 177
YDL068W 2 103
YDL067C 4 43
YDL066W 4 153
YDL065C 2 3
YDL064W 6 330
YDL063C 1 6
YDL062W 2 45
YDL061C 4 15
YDL060W 5 458
YDL059C 3 114
YDL058W 2 11
YDL057W 0 0
YDL056W 0 0
YDL055C 0 0
YDL054C 1 67
YDL053C 4 39
YDL052C 2 145
YDL051W 0 0
YDL050C 1 6
YDL049C 2 17
YDL048C 4 137
YDL047W 0 0
YDL046W 2 66
YDL045W-A 6 162
YDL045C 0 0
YDL044C 3 161
YDL043C 5 69
YDL042C 9 1168
YDL041W 4 255
YDL040C 2 265
YDL039C 4 144
YDL037C 2 114
YDL036C 4 50
YDL035C 1 7
YDL034W 2 68
YDL033C 2 11
YDL032W 5 184
YDL031W 2 14
YDL030W 3 29
YDL029W 4 360
YDL028C 4 78
YDL027C 1 20
YDL026W 2 13
YDL025C 2 81
YDL025W-A 0 0
YDL024C 3 259
YDL022C-A 2 6
YDL023C 4 92
YDL022W 3 147
YDL021W 2 95
YDL020C 2 52
YDL019C 4 11
YDL018C 2 3
YDL017W 4 181
YDL016C 1 23
YDL015C 2 25
YDL014W 0 0
YDL013W 1 10
YDL012C 12 942
YDL011C 1 66
YDL010W 3 76
YDL009C 2 13
YDL008W 3 19
YDL007C-A 3 14
YDL007W 1 3
YDL006W 0 0
YDL005C 3 65
YDL004W 4 12
YDL003W 0 0
YDL002C 3 15
YDL001W 2 10
YDR001C 4 21
YDR002W 1 7
YDR003W 2 61
YDR003W-A 1 34
YDR004W 7 154
YDR005C 2 168
YDR006C 3 21
YDR007W 9 46
YDR008C 4 90
YDR009W 10 1905
YDR010C 4 414
YDR011W 0 0
YDR012W 4 40
YDR013W 1 10
YDR014W 3 37
YDR014W-A 4 23
YDR015C 1 79
YDR016C 4 31
YDR017C 2 39
YDR018C 5 130
YDR019C 6 1574
YDR020C 0 0
YDR021W 0 0
YDR022C 13 1990
YDR023W 4 58
YDR024W 1 2
YDR025W 4 202
YDR026C 3 50
YDR027C 0 0
YDR028C 0 0
YDR029W 0 0
YDR030C 7 814
YDR031W 10 267
YDR032C 0 0
YDR033W 0 0
YDR034C 2 64
YDR034C-A 4 72
YDR034W-B 2 23
YDR035W 5 55
YDR036C 4 81
YDR037W 1 13
YDR038C 0 0
YDR039C 0 0
YDR040C 1 4
YDR041W 2 93
YDR042C 0 0
YDR043C 0 0
YDR044W 5 37
YDR045C 0 0
YDR046C 3 213
YDR047W 2 20
YDR048C 6 94
YDR049W 8 432
YDR050C 2 40
YDR051C 5 119
YDR052C 0 0
YDR053W 1 7
YDR054C 1 2
YDR055W 1 28
YDR056C 2 27
YDR057W 4 12
YDR058C 11 3133
YDR059C 5 801
YDR060W 3 118
YDR061W 2 6
YDR062W 1 32
YDR063W 0 0
YDR064W 0 0
YDR065W 1 9
YDR066C 0 0
YDR067C 6 178
YDR068W 2 59
YDR069C 3 111
YDR070C 3 18
YDR071C 4 100
YDR072C 5 145
YDR073W 2 239
YDR074W 2 2
YDR075W 2 62
YDR076W 2 15
YDR077W 3 55
YDR078C 3 42
YDR079W 3 56
YDR079C-A 4 116
YDR080W 4 416
YDR081C 0 0
YDR082W 2 6
YDR083W 5 115
YDR084C 3 205
YDR085C 2 7
YDR086C 0 0
YDR087C 7 174
YDR088C 3 6
YDR089W 3 49
YDR090C 2 21
YDR091C 0 0
YDR092W 2 56
YDR093W 1 12
YDR094W 14 1139
YDR095C 5 229
YDR096W 1 1
YDR097C 0 0
YDR098C 14 205
YDR099W 4 73
YDR100W 5 390
YDR101C 3 20
YDR102C 2 39
YDR103W 0 0
YDR104C 2 24
YDR105C 2 28
YDR106W 2 26
YDR107C 1 1
YDR108W 4 65
YDR109C 12 1317
YDR110W 5 52
YDR111C 3 18
YDR112W 1 37
YDR113C 0 0
YDR114C 2 10
YDR115W 5 106
YDR116C 1 12
YDR117C 2 6
YDR118W 6 206
YDR118W-A 1 22
YDR119W 0 0
YDR119W-A 5 171
YDR120C 8 98
YDR121W 2 12
YDR122W 1 10
YDR123C 2 3
YDR124W 7 4055
YDR125C 4 74
YDR126W 4 202
YDR127W 2 47
YDR128W 1 24
YDR129C 1 14
YDR130C 2 33
YDR131C 1 1
YDR132C 2 8
YDR133C 1 53
YDR135C 3 204
YDR136C 0 0
YDR137W 2 38
YDR138W 4 57
YDR139C 0 0
YDR140W 5 299
YDR141C 4 78
YDR142C 5 125
YDR143C 0 0
YDR144C 0 0
YDR145W 3 33
YDR146C 1 9
YDR147W 3 199
YDR148C 6 381
YDR149C 2 79
YDR150W 2 12
YDR151C 2 27
YDR152W 3 94
YDR153C 7 287
YDR154C 3 151
YDR155C 4 69
YDR156W 3 78
YDR157W 2 48
YDR158W 1 4
YDR159W 0 0
YDR160W 1 5
YDR161W 1 39
YDR162C 0 0
YDR163W 0 0
YDR164C 1 14
YDR165W 1 7
YDR166C 1 1
YDR167W 0 0
YDR168W 6 294
YDR169C 1 2
YDR169C-A 5 177
YDR170C 0 0
YDR171W 3 192
YDR172W 2 42
YDR173C 5 158
YDR174W 11 167
YDR175C 1 75
YDR176W 3 19
YDR177W 4 62
YDR178W 3 29
YDR179C 6 169
YDR179W-A 0 0
YDR180W 2 10
YDR181C 1 12
YDR182W 5 46
YDR182W-A 3 18
YDR183W 2 32
YDR183C-A 0 0
YDR184C 3 39
YDR185C 1 34
YDR186C 9 4653
YDR187C 4 135
YDR188W 7 897
YDR189W 1 1
YDR190C 0 0
YDR191W 3 76
YDR192C 2 10
YDR193W 0 0
YDR194C 2 94
YDR194W-A 2 94
YDR195W 0 0
YDR196C 4 625
YDR197W 8 278
YDR198C 6 949
YDR199W 3 83
YDR200C 3 18
YDR201W 10 651
YDR202C 4 519
YDR203W 2 2
YDR204W 5 522
YDR205W 9 402
YDR206W 0 0
YDR207C 2 6
YDR208W 2 40
YDR209C 0 0
YDR210W 3 32
YDR211W 2 333
YDR212W 0 0
YDR213W 0 0
YDR214W 2 105
YDR215C 6 36
YDR216W 1 2
YDR217C 5 13
YDR218C 2 11
YDR219C 0 0
YDR220C 0 0
YDR221W 6 325
YDR222W 0 0
YDR223W 0 0
YDR224C 3 272
YDR225W 5 51
YDR226W 2 140
YDR227W 1 5
YDR228C 0 0
YDR229W 3 491
YDR230W 0 0
YDR231C 12 2136
YDR232W 3 15
YDR233C 8 264
YDR234W 1 3
YDR235W 2 6
YDR236C 5 198
YDR237W 3 52
YDR238C 2 70
YDR239C 1 1
YDR240C 3 423
YDR241W 0 0
YDR242W 1 1
YDR243C 6 150
YDR244W 7 126
YDR245W 0 0
YDR246W 0 0
YDR246W-A 14 141
YDR247W 0 0
YDR248C 0 0
YDR249C 1 9
YDR250C 3 48
YDR251W 1 20
YDR252W 8 248
YDR253C 0 0
YDR254W 2 60
YDR255C 3 26
YDR256C 1 125
YDR257C 2 300
YDR258C 7 193
YDR259C 0 0
YDR260C 4 6
YDR261C 1 1
YDR262W 6 101
YDR263C 0 0
YDR264C 0 0
YDR265W 1 21
YDR266C 0 0
YDR267C 1 3
YDR268W 1 47
YDR269C 1 96
YDR270W 2 10
YDR271C 4 382
YDR272W 1 3
YDR273W 1 2
YDR274C 15 1610
YDR275W 16 7405
YDR276C 4 30
YDR277C 5 1110
YDR278C 5 34
YDR279W 0 0
YDR280W 2 28
YDR281C 0 0
YDR282C 9 379
YDR283C 1 10
YDR284C 3 37
YDR285W 1 35
YDR286C 4 278
YDR287W 2 4
YDR288W 7 160
YDR289C 1 3
YDR290W 1 1
YDR291W 3 239
YDR292C 0 0
YDR293C 2 96
YDR294C 3 50
YDR295C 0 0
YDR296W 2 3
YDR297W 0 0
YDR298C 2 3
YDR299W 6 808
YDR300C 1 1
YDR301W 3 104
YDR302W 2 13
YDR303C 1 1
YDR304C 2 4
YDR305C 9 274
YDR306C 11 1209
YDR307W 4 49
YDR308C 1 2
YDR309C 6 26
YDR310C 0 0
YDR311W 1 7
YDR312W 4 59
YDR313C 6 102
YDR314C 1 9
YDR315C 8 530
YDR316W 6 79
YDR317W 3 52
YDR318W 2 12
YDR319C 2 124
YDR320C 2 11
YDR320C-A 5 236
YDR320W-B 1 27
YDR321W 2 15
YDR322W 5 15
YDR322C-A 7 367
YDR323C 6 532
YDR324C 5 203
YDR325W 7 354
YDR326C 2 89
YDR327W 13 926
YDR328C 3 225
YDR329C 7 408
YDR330W 0 0
YDR331W 5 42
YDR332W 5 255
YDR333C 9 231
YDR334W 1 8
YDR335W 0 0
YDR336W 4 117
YDR337W 5 121
YDR338C 0 0
YDR339C 3 180
YDR340W 3 25
YDR341C 4 8
YDR342C 0 0
YDR343C 0 0
YDR344C 2 67
YDR345C 0 0
YDR346C 2 7
YDR347W 0 0
YDR348C 1 1
YDR349C 5 51
YDR350C 4 68
YDR351W 1 2
YDR352W 0 0
YDR353W 3 97
YDR354W 2 7
YDR354C-A 0 0
YDR355C 0 0
YDR356W 3 10
YDR357C 8 102
YDR358W 3 68
YDR359C 3 17
YDR360W 0 0
YDR361C 2 258
YDR362C 2 35
YDR363W 4 23
YDR363W-A 8 343
YDR364C 2 86
YDR365C 1 12
YDR366C 1 1
YDR367W 2 16
YDR368W 4 59
YDR369C 2 40
YDR370C 2 397
YDR371W 5 139
YDR371C-A 1 6
YDR372C 1 86
YDR373W 1 2
YDR374C 1 2
YDR374W-A 6 3766
YDR375C 9 647
YDR376W 1 6
YDR377W 2 32
YDR378C 3 16
YDR379W 1 11
YDR379C-A 7 322
YDR380W 7 87
YDR381W 0 0
YDR381C-A 2 14
YDR382W 2 32
YDR383C 6 124
YDR384C 0 0
YDR385W 9 632
YDR386W 6 134
YDR387C 1 10
YDR388W 3 34
YDR389W 1 1
YDR390C 5 308
YDR391C 8 470
YDR392W 3 28
YDR393W 4 39
YDR394W 1 29
YDR395W 1 3
YDR396W 3 55
YDR397C 12 363
YDR398W 8 1774
YDR399W 7 295
YDR400W 2 16
YDR401W 4 26
YDR402C 0 0
YDR403W 0 0
YDR404C 1 9
YDR405W 7 45
YDR406W 6 51
YDR406W-A 0 0
YDR407C 1 1
YDR408C 1 16
YDR409W 3 128
YDR410C 1 2
YDR411C 5 248
YDR412W 2 18
YDR413C 2 54
YDR414C 0 0
YDR415C 1 9
YDR416W 1 5
YDR417C 0 0
YDR418W 2 33
YDR419W 6 52
YDR420W 3 361
YDR421W 0 0
YDR422C 3 6
YDR423C 8 319
YDR424C 4 1749
YDR425W 5 89
YDR426C 7 120
YDR427W 1 41
YDR428C 2 146
YDR429C 3 85
YDR430C 3 16
YDR431W 1 1
YDR432W 0 0
YDR433W 4 6
YDR434W 0 0
YDR435C 2 3
YDR436W 0 0
YDR437W 0 0
YDR438W 3 77
YDR439W 0 0
YDR440W 0 0
YDR441C 14 5436
YDR442W 2 172
YDR443C 4 82
YDR444W 0 0
YDR445C 0 0
YDR446W 2 9
YDR447C 2 32
YDR448W 0 0
YDR449C 8 142
YDR450W 4 176
YDR451C 4 261
YDR452W 4 167
YDR453C 4 100
YDR454C 0 0
YDR455C 0 0
YDR456W 2 125
YDR457W 3 8
YDR458C 4 25
YDR459C 2 53
YDR460W 1 7
YDR461W 5 447
YDR461C-A 9 208
YDR462W 5 76
YDR463W 6 24
YDR464W 2 50
YDR464C-A 0 0
YDR465C 6 219
YDR466W 2 15
YDR467C 5 363
YDR468C 2 2
YDR469W 2 56
YDR470C 0 0
YDR471W 2 31
YDR472W 3 30
YDR473C 1 29
YDR475C 1 47
YDR476C 14 3515
YDR477W 1 1
YDR478W 3 3621
YDR479C 6 80
YDR480W 1 1
YDR481C 4 116
YDR482C 2 354
YDR483W 5 296
YDR484W 0 0
YDR485C 1 2
YDR486C 1 346
YDR487C 3 101
YDR488C 3 157
YDR489W 0 0
YDR490C 5 28
YDR491C 0 0
YDR492W 2 16
YDR493W 2 13
YDR494W 2 91
YDR495C 0 0
YDR496C 1 1
YDR497C 2 38
YDR498C 3 111
YDR499W 5 39
YDR500C 9 253
YDR501W 1 2
YDR502C 4 374
YDR503C 2 5
YDR504C 0 0
YDR505C 3 69
YDR506C 4 29
YDR507C 2 86
YDR508C 2 66
YDR509W 3 16
YDR510W 2 16
YDR510C-A 6 37
YDR511W 0 0
YDR512C 1 146
YDR513W 8 185
YDR514C 3 223
YDR515W 1 1
YDR516C 9 380
YDR517W 0 0
YDR518W 2 64
YDR519W 7 142
YDR520C 2 168
YDR521W 0 0
YDR522C 7 221
YDR523C 0 0
YDR524C 3 126
YDR524W-C 4 69
YDR524C-B 1 28
YDR524C-A 6 113
YDR525W 2 40
YDR525W-A 15 869
YDR526C 1 4
YDR527W 4 89
YDR528W 1 1
YDR529C 7 38
YDR530C 6 177
YDR531W 2 5
YDR532C 3 134
YDR533C 2 8
YDR534C 1 1
YDR535C 11 2657
YDR536W 6 89
YDR537C 4 20
YDR538W 0 0
YDR539W 4 14
YDR540C 0 0
YDR541C 0 0
YDR542W 1 1
YDR543C 5 45
YDR544C 0 0
YDR545W 0 0
YDR545C-A 0 0
YEL077C 1 1
YEL077W-A 3 61
YEL076C-A 0 0
YEL076C 0 0
YEL075W-A 0 0
YEL075C 0 0
YEL074W 1 3
YEL073C 2 33
YEL072W 2 6
YEL071W 0 0
YEL070W 0 0
YEL069C 0 0
YEL068C 6 193
YEL067C 5 55
YEL066W 14 1270
YEL065W 6 360
YEL064C 2 48
YEL063C 1 2
YEL062W 4 138
YEL061C 0 0
YEL060C 8 576
YEL059C-A 4 107
YEL059W 6 30
YEL058W 8 369
YEL057C 0 0
YEL056W 4 105
YEL055C 1 6
YEL054C 1 2
YEL053W-A 1 1
YEL053C 2 5
YEL052W 7 81
YEL051W 4 118
YEL050W-A 6 139
YEL050C 3 163
YEL049W 2 31
YEL048C 1 3
YEL047C 6 178
YEL046C 4 50
YEL045C 5 64
YEL044W 7 75
YEL043W 3 72
YEL042W 1 12
YEL041W 2 32
YEL040W 4 43
YEL039C 4 10
YEL038W 6 144
YEL037C 4 44
YEL036C 2 30
YEL035C 7 1637
YEL034C-A 3 16
YEL034W 5 92
YEL033W 4 101
YEL032W 2 13
YEL032C-A 1 2
YEL031W 5 77
YEL030C-A 1 1
YEL030W 0 0
YEL029C 2 4
YEL028W 1 36
YEL027W 0 0
YEL026W 0 0
YEL025C 5 52
YEL024W 1 1
YEL023C 1 46
YEL022W 0 0
YEL021W 8 294
YEL020C-B 1 29
YEL020W-A 4 44
YEL020C 2 1900
YEL019C 2 10
YEL018C-A 1 1
YEL018W 3 17
YEL017C-A 2 2
YEL017W 5 93
YEL016C 1 10
YEL015W 1 38
YEL014C 0 0
YEL013W 0 0
YEL012W 1 1
YEL011W 3 67
YEL010W 2 20
YEL009C-A 1 11
YEL009C 1 5
YEL008W 7 76
YEL008C-A 13 576
YEL007W 5 194
YEL006W 1 1
YEL005C 6 100
YEL004W 3 97
YEL003W 5 69
YEL002C 6 4116
YEL001C 5 735
YER001W 4 383
YER002W 4 90
YER003C 12 513
YER004W 9 303
YER005W 0 0
YER006W 9 117
YER006C-A 3 109
YER007W 1 5
YER007C-A 2 100
YER008C 0 0
YER009W 0 0
YER010C 4 69
YER011W 0 0
YER012W 0 0
YER013W 4 207
YER014W 0 0
YER014C-A 1 13
YER015W 3 1566
YER016W 4 14
YER017C 0 0
YER018C 1 14
YER019W 2 14
YER019C-A 4 55
YER020W 3 3182
YER021W 5 112
YER022W 1 2
YER023W 1 1
YER023C-A 0 0
YER024W 2 55
YER025W 3 27
YER026C 0 0
YER027C 2 133
YER028C 1 4
YER029C 1 27
YER030W 5 46
YER031C 2 56
YER032W 3 749
YER033C 8 482
YER034W 4 25
YER035W 7 527
YER036C 4 140
YER037W 8 202
YER038C 1 18
YER038W-A 3 84
YER039C 1 2
YER039C-A 7 248
YER040W 2 13
YER041W 3 51
YER042W 4 14
YER043C 4 14
YER044C 0 0
YER044C-A 0 0
YER045C 6 39
YER046W 3 9
YER046W-A 2 18
YER047C 0 0
YER048C 1 1
YER048W-A 1 2
YER049W 3 31
YER050C 3 15
YER051W 3 17
YER052C 0 0
YER053C 5 241
YER053C-A 3 110
YER054C 2 223
YER055C 0 0
YER056C 1 1
YER056C-A 1 14
YER057C 1 1
YER058W 6 134
YER059W 0 0
YER060W 0 0
YER060W-A 2 7
YER061C 1 48
YER062C 0 0
YER063W 2 28
YER064C 2 59
YER065C 2 28
YER066W 4 26
YER066C-A 4 67
YER067W 2 347
YER067C-A 3 59
YER068W 0 0
YER068C-A 2 18
YER069W 10 247
YER070W 1 7
YER071C 2 9
YER072W 2 246
YER073W 3 120
YER074W 3 37
YER074W-A 3 139
YER075C 6 62
YER076C 0 0
YER076W-A 0 0
YER077C 2 26
YER078C 1 4
YER078W-A 2 479
YER079W 3 33
YER079C-A 0 0
YER080W 5 59
YER081W 1 66
YER082C 2 688
YER083C 4 176
YER084W 1 1
YER084W-A 1 1
YER085C 5 51
YER086W 0 0
YER087W 1 184
YER087C-A 5 81
YER087C-B 6 328
YER088C 8 315
YER088C-A 6 56
YER088W-B 20 2606
YER089C 3 438
YER090W 0 0
YER090C-A 0 0
YER091C 4 27
YER091C-A 6 345
YER092W 4 2608
YER093C 0 0
YER093C-A 4 86
YER094C 3 20
YER095W 3 24
YER096W 4 10
YER097W 10 517
YER098W 2 138
YER099C 0 0
YER100W 1 5
YER101C 4 142
YER102W 1 25
YER103W 1 4
YER104W 1 10
YER105C 4 77
YER106W 1 59
YER107C 0 0
YER107W-A 0 0
YER109C 0 0
YER110C 2 12
YER111C 0 0
YER112W 2 22
YER113C 3 71
YER114C 1 1
YER115C 1 578
YER116C 0 0
YER117W 0 0
YER118C 0 0
YER119C 4 55
YER119C-A 0 0
YER120W 4 33
YER121W 3 103
YER122C 2 17
YER123W 2 34
YER124C 1 4
YER125W 1 5
YER126C 2 84
YER127W 2 7
YER128W 2 44
YER129W 0 0
YER130C 2 3
YER131W 1 6
YER132C 0 0
YER133W 1 10
YER133W-A 0 0
YER134C 2 31
YER135C 0 0
YER136W 1 1
YER137C 7 97
YER137W-A 1 16
YER138W-A 0 0
YER139C 0 0
YER140W 4 125
YER141W 3 44
YER142C 2 48
YER143W 4 69
YER144C 8 697
YER145C 6 167
YER145C-A 4 22
YER146W 4 15
YER147C 5 487
YER147C-A 0 0
YER148W 0 0
YER148W-A 0 0
YER149C 4 33
YER150W 7 207
YER151C 1 1
YER152C 2 24
YER152W-A 1 80
YER153C 7 88
YER154W 8 2348
YER155C 1 20
YER156C 7 218
YER157W 5 61
YER158C 7 102
YER158W-A 11 1832
YER159C 6 407
YER161C 2 10
YER162C 6 263
YER163C 4 38
YER164W 0 0
YER165W 0 0
YER165C-A 3 39
YER166W 1 1
YER167W 3 80
YER168C 4 74
YER169W 4 200
YER170W 8 99
YER171W 0 0
YER172C 1 5
YER172C-A 1 2
YER173W 2 40
YER174C 1 3
YER175C 8 162
YER175W-A 2 4
YER176W 8 496
YER177W 1 50
YER178W 7 158
YER179W 0 0
YER180C 2 28
YER180C-A 4 98
YER181C 0 0
YER182W 3 52
YER183C 2 3
YER184C 2 18
YER185W 3 45
YER186C 4 57
YER187W 6 69
YER188W 0 0
YER188C-A 8 87
YER189W 0 0
YER190W 0 0
YER190C-A 0 0
YER190C-B 0 0
YFL068W 0 0
YFL067W 0 0
YFL066C 0 0
YFL065C 0 0
YFL064C 0 0
YFL063W 4 100
YFL062W 1 1
YFL061W 0 0
YFL060C 0 0
YFL059W 4 411
YFL058W 0 0
YFL057C 0 0
YFL056C 0 0
YFL055W 5 242
YFL054C 3 82
YFL053W 3 15
YFL052W 5 214
YFL051C 3 140
YFL050C 1 5
YFL049W 2 272
YFL048C 4 625
YFL047W 4 3287
YFL046W 4 212
YFL045C 0 0
YFL044C 2 76
YFL042C 9 217
YFL041W-A 0 0
YFL041W 3 218
YFL040W 0 0
YFL039C 3 90
YFL038C 2 32
YFL037W 2 2
YFL036W 1 35
YFL034C-B 6 163
YFL034C-A 3 25
YFL034W 0 0
YFL033C 2 30
YFL032W 0 0
YFL031W 4 362
YFL031C-A 2 6
YFL030W 1 2
YFL029C 0 0
YFL028C 2 759
YFL027C 1 1
YFL026W 1 118
YFL025C 1 1
YFL024C 6 157
YFL023W 6 385
YFL022C 3 11
YFL021C-A 1 16
YFL021W 5 106
YFL020C 0 0
YFL019C 1 4
YFL018C 9 219
YFL017W-A 9 300
YFL017C 4 24
YFL016C 4 32
YFL015W-A 10 118
YFL015C 7 227
YFL014W 2 22
YFL013W-A 5 51
YFL013C 1 5
YFL012W-A 1 3
YFL012W 0 0
YFL011W 1 4
YFL010W-A 0 0
YFL010C 4 90
YFL009W 0 0
YFL008W 3 127
YFL007W 0 0
YFL005W 3 158
YFL004W 0 0
YFL003C 1 3
YFL002C 1 1
YFL001W 8 1372
YFR001W 1 16
YFR002W 4 161
YFR003C 2 15
YFR004W 1 5
YFR005C 2 52
YFR006W 5 197
YFR007W 6 195
YFR008W 0 0
YFR009W 2 3
YFR009W-A 0 0
YFR010W 2 48
YFR010W-A 5 83
YFR011C 5 1963
YFR012W 1 2
YFR012W-A 2 15
YFR013W 7 96
YFR014C 2 9
YFR015C 6 49
YFR016C 0 0
YFR017C 10 331
YFR018C 4 7
YFR019W 5 456
YFR020W 0 0
YFR021W 1 17
YFR022W 1 2
YFR023W 1 5
YFR024C-A 9 182
YFR025C 4 324
YFR026C 0 0
YFR027W 3 7
YFR028C 4 91
YFR029W 5 356
YFR030W 2 83
YFR031C 7 338
YFR031C-A 2 10
YFR032C 4 167
YFR032C-A 4 199
YFR032C-B 1 1
YFR033C 6 793
YFR034C 6 70
YFR034W-A 2 4
YFR035C 15 513
YFR036W 4 1090
YFR036W-A 6 81
YFR037C 6 24
YFR038W 4 43
YFR039C 1 5
YFR040W 1 49
YFR041C 0 0
YFR042W 3 73
YFR043C 2 104
YFR044C 4 139
YFR045W 4 11
YFR046C 3 10
YFR047C 3 334
YFR048W 7 233
YFR049W 1 24
YFR050C 3 717
YFR051C 2 706
YFR052W 3 263
YFR052C-A 5 104
YFR053C 2 37
YFR054C 1 5
YFR056C 1 2
YFR055W 1 9
YFR057W 2 54
YGL263W 5 117
YGL262W 0 0
YGL261C 0 0
YGL260W 0 0
YGL259W 4 93
YGL258W-A 0 0
YGL258W 0 0
YGL257C 0 0
YGL256W 0 0
YGL255W 3 14
YGL254W 4 1046
YGL253W 3 1131
YGL252C 5 552
YGL251C 2 49
YGL250W 3 10
YGL249W 1 47
YGL248W 3 22
YGL247W 0 0
YGL246C 3 31
YGL245W 3 37
YGL244W 2 16
YGL243W 2 159
YGL242C 4 321
YGL241W 6 2124
YGL240W 8 148
YGL239C 1 102
YGL238W 2 21
YGL237C 2 20
YGL236C 2 45
YGL235W 3 84
YGL234W 1 2
YGL233W 0 0
YGL232W 2 144
YGL231C 2 3
YGL230C 1 30
YGL229C 0 0
YGL228W 3 96
YGL227W 1 6
YGL226C-A 5 208
YGL226W 8 88
YGL225W 4 636
YGL224C 4 48
YGL223C 1 195
YGL222C 5 223
YGL221C 3 7
YGL220W 3 7
YGL219C 3 193
YGL218W 1 1
YGL217C 3 86
YGL216W 1 23
YGL215W 1 1
YGL214W 1 7
YGL213C 0 0
YGL212W 2 3
YGL211W 4 90
YGL210W 1 7
YGL209W 0 0
YGL208W 5 655
YGL207W 2 6
YGL206C 3 45
YGL205W 2 262
YGL204C 1 15
YGL203C 0 0
YGL202W 4 370
YGL201C 0 0
YGL200C 0 0
YGL199C 1 2
YGL198W 4 281
YGL197W 2 7
YGL196W 0 0
YGL195W 0 0
YGL194C-A 3 177
YGL194C 3 3679
YGL193C 1 41
YGL192W 0 0
YGL191W 7 194
YGL190C 3 36
YGL189C 2 4
YGL188C-A 2 4
YGL188C 4 38
YGL187C 4 121
YGL186C 2 74
YGL185C 2 439
YGL184C 2 30
YGL183C 2 55
YGL182C 6 382
YGL181W 3 30
YGL180W 2 68
YGL179C 2 32
YGL178W 0 0
YGL177W 14 342
YGL176C 1 84
YGL175C 3 50
YGL174W 2 2
YGL173C 3 40
YGL172W 3 91
YGL171W 4 27
YGL170C 3 420
YGL169W 1 5
YGL168W 2 30
YGL167C 1 11
YGL166W 9 454
YGL165C 0 0
YGL164C 0 0
YGL163C 4 144
YGL162W 2 31
YGL161C 5 222
YGL160W 2 22
YGL159W 4 98
YGL158W 0 0
YGL157W 3 27
YGL156W 1 5
YGL155W 1 19
YGL154C 7 172
YGL153W 4 108
YGL152C 4 275
YGL151W 4 167
YGL150C 1 3
YGL149W 0 0
YGL148W 4 17
YGL147C 1 25
YGL146C 1 1
YGL145W 1 1
YGL144C 5 51
YGL143C 6 41
YGL142C 4 30
YGL141W 2 3
YGL140C 1 15
YGL139W 3 42
YGL138C 1 232
YGL137W 6 280
YGL136C 8 115
YGL135W 5 25
YGL134W 7 68
YGL133W 1 1
YGL132W 0 0
YGL131C 0 0
YGL130W 2 17
YGL129C 6 147
YGL128C 2 5
YGL127C 0 0
YGL126W 2 84
YGL125W 1 4
YGL124C 9 317
YGL123W 2 7
YGL123C-A 2 47
YGL122C 3 51
YGL121C 4 286
YGL120C 1 43
YGL119W 0 0
YGL118C 3 37
YGL117W 0 0
YGL116W 2 36
YGL115W 1 1
YGL114W 3 464
YGL113W 5 802
YGL112C 1 30
YGL111W 2 10
YGL110C 0 0
YGL109W 0 0
YGL108C 8 42
YGL107C 7 192
YGL106W 3 148
YGL105W 2 22
YGL104C 5 264
YGL103W 0 0
YGL102C 3 620
YGL101W 3 100
YGL100W 7 604
YGL099W 0 0
YGL098W 3 123
YGL097W 4 65
YGL096W 3 36
YGL095C 2 15
YGL094C 1 56
YGL093W 9 1233
YGL092W 0 0
YGL091C 2 91
YGL090W 2 28
YGL089C 2 21
YGL088W 12 1792
YGL087C 2 81
YGL086W 3 30
YGL085W 1 6
YGL084C 5 400
YGL083W 3 71
YGL082W 2 72
YGL081W 1 19
YGL080W 1 29
YGL079W 0 0
YGL078C 1 2
YGL077C 1 23
YGL076C 5 105
YGL075C 4 59
YGL074C 5 52
YGL073W 4 136
YGL072C 6 569
YGL071W 1 1
YGL070C 5 18
YGL069C 0 0
YGL068W 4 60
YGL067W 0 0
YGL066W 1 1
YGL065C 5 79
YGL064C 1 3
YGL063W 5 736
YGL063C-A 9 513
YGL062W 9 518
YGL061C 0 0
YGL060W 0 0
YGL059W 6 388
YGL058W 3 47
YGL057C 7 650
YGL056C 5 113
YGL055W 4 65
YGL054C 5 159
YGL053W 4 32
YGL052W 2 42
YGL051W 0 0
YGL050W 6 1683
YGL049C 1 20
YGL048C 3 18
YGL047W 0 0
YGL045W 1 3
YGL044C 1 13
YGL043W 7 1413
YGL042C 2 33
YGL041C-B 1 44
YGL041W-A 6 177
YGL041C 2 9
YGL040C 2 22
YGL039W 3 14
YGL038C 2 8
YGL037C 0 0
YGL036W 6 225
YGL035C 4 39
YGL034C 5 104
YGL033W 2 11
YGL032C 1 6
YGL031C 2 83
YGL030W 0 0
YGL029W 1 9
YGL028C 1 1
YGL027C 4 1143
YGL026C 3 173
YGL025C 2 86
YGL024W 1 24
YGL023C 8 342
YGL022W 1 3
YGL021W 2 7
YGL020C 2 8
YGL019W 3 59
YGL018C 0 0
YGL017W 3 44
YGL016W 2 6
YGL015C 0 0
YGL014W 0 0
YGL014C-A 0 0
YGL013C 0 0
YGL012W 6 167
YGL011C 3 24
YGL010W 2 5
YGL009C 0 0
YGL008C 0 0
YGL007C-A 6 1284
YGL007W 3 253
YGL006W-A 8 1688
YGL006W 4 190
YGL005C 7 1044
YGL004C 4 219
YGL003C 3 50
YGL002W 2 13
YGL001C 3 5
YGR001C 1 53
YGR002C 3 37
YGR003W 12 132
YGR004W 0 0
YGR005C 0 0
YGR006W 5 24
YGR007W 3 1248
YGR008C 6 88
YGR009C 1 1
YGR010W 1 1
YGR011W 2 7
YGR012W 5 400
YGR013W 2 4
YGR014W 0 0
YGR015C 5 611
YGR016W 6 327
YGR017W 2 4
YGR018C 7 644
YGR019W 0 0
YGR020C 3 85
YGR021W 8 437
YGR022C 0 0
YGR023W 3 42
YGR024C 4 59
YGR025W 0 0
YGR026W 2 15
YGR027C 3 33
YGR028W 2 340
YGR029W 5 68
YGR030C 5 135
YGR031W 7 7396
YGR031C-A 12 721
YGR032W 3 93
YGR033C 1 2
YGR034W 1 13
YGR035C 2 154
YGR035W-A 4 2048
YGR036C 7 180
YGR037C 5 653
YGR038W 0 0
YGR039W 0 0
YGR040W 0 0
YGR041W 2 61
YGR042W 7 1724
YGR043C 8 1080
YGR044C 2 31
YGR045C 8 1753
YGR046W 2 29
YGR047C 4 174
YGR048W 1 3
YGR049W 3 11
YGR050C 5 480
YGR051C 6 157
YGR052W 3 152
YGR053C 1 2
YGR054W 3 468
YGR055W 1 1
YGR056W 5 231
YGR057C 1 1
YGR058W 7 44
YGR059W 2 3
YGR060W 2 6
YGR061C 0 0
YGR062C 1 13
YGR063C 2 5
YGR064W 4 22
YGR065C 2 253
YGR066C 1 27
YGR067C 5 596
YGR068C 6 357
YGR068W-A 8 376
YGR069W 1 6
YGR070W 3 109
YGR071C 3 336
YGR072W 1 2
YGR073C 0 0
YGR074W 0 0
YGR075C 0 0
YGR076C 6 78
YGR077C 6 146
YGR078C 1 1
YGR079W 7 6530
YGR080W 7 1399
YGR081C 4 213
YGR082W 5 54
YGR083C 1 12
YGR084C 5 4742
YGR085C 1 2
YGR086C 4 90
YGR087C 3 17
YGR088W 3 136
YGR089W 0 0
YGR090W 2 44
YGR091W 1 7
YGR092W 3 234
YGR093W 2 154
YGR094W 13 504
YGR095C 2 62
YGR096W 7 1507
YGR097W 3 10
YGR098C 0 0
YGR099W 6 901
YGR100W 1 5
YGR101W 6 138
YGR102C 11 1470
YGR103W 6 70
YGR104C 3 12
YGR105W 7 34
YGR106C 1 10
YGR107W 2 51
YGR108W 3 39
YGR109C 1 33
YGR110W 0 0
YGR111W 7 119
YGR112W 1 2
YGR113W 1 8
YGR114C 1 2
YGR115C 1 69
YGR116W 0 0
YGR117C 3 255
YGR118W 4 19
YGR119C 2 31
YGR120C 0 0
YGR121C 4 52
YGR121W-A 8 144
YGR122W 7 466
YGR122C-A 2 449
YGR123C 4 84
YGR124W 3 13
YGR125W 0 0
YGR126W 0 0
YGR127W 5 181
YGR128C 0 0
YGR129W 0 0
YGR130C 5 131
YGR131W 1 13
YGR132C 3 25
YGR133W 24 3398
YGR134W 2 340
YGR135W 2 23
YGR136W 7 151
YGR137W 2 21
YGR138C 0 0
YGR139W 0 0
YGR140W 2 564
YGR141W 6 156
YGR142W 3 25
YGR143W 2 3
YGR144W 0 0
YGR145W 3 132
YGR146C 0 0
YGR146C-A 11 383
YGR147C 1 5
YGR148C 3 59
YGR149W 1 39
YGR150C 3 260
YGR151C 0 0
YGR152C 3 21
YGR153W 1 81
YGR154C 1 2
YGR155W 1 95
YGR156W 2 56
YGR157W 4 52
YGR158C 3 74
YGR159C 4 18
YGR160W 0 0
YGR161C 3 320
YGR161W-C 13 5903
YGR162W 0 0
YGR163W 1 48
YGR164W 5 104
YGR165W 0 0
YGR166W 0 0
YGR167W 1 8
YGR168C 0 0
YGR169C 0 0
YGR169C-A 2 28
YGR170W 1 1
YGR171C 7 129
YGR172C 3 94
YGR173W 0 0
YGR174C 3 9
YGR174W-A 1 3
YGR175C 4 73
YGR176W 8 1765
YGR177C 2 21
YGR178C 0 0
YGR179C 4 135
YGR180C 6 118
YGR181W 4 10
YGR182C 4 7
YGR183C 3 179
YGR184C 4 61
YGR185C 5 34
YGR186W 4 999
YGR187C 1 290
YGR188C 4 92
YGR189C 4 71
YGR190C 2 74
YGR191W 2 28
YGR192C 5 33
YGR193C 1 17
YGR194C 15 457
YGR195W 0 0
YGR196C 3 58
YGR197C 2 18
YGR198W 11 822
YGR199W 1 1
YGR200C 4 37
YGR201C 7 106
YGR202C 3 39
YGR203W 22 6288
YGR204W 8 326
YGR204C-A 0 0
YGR205W 0 0
YGR206W 4 1096
YGR207C 5 105
YGR208W 4 22
YGR209C 4 43
YGR210C 1 2
YGR211W 3 16
YGR212W 4 214
YGR213C 4 68
YGR214W 0 0
YGR215W 3 7
YGR216C 2 32
YGR217W 3 193
YGR218W 0 0
YGR219W 1 13
YGR220C 3 752
YGR221C 1 72
YGR222W 4 131
YGR223C 5 75
YGR224W 4 107
YGR225W 0 0
YGR226C 4 14
YGR227W 0 0
YGR228W 2 14
YGR229C 4 54
YGR230W 9 1295
YGR231C 2 6
YGR232W 3 34
YGR233C 1 1
YGR234W 2 27
YGR235C 2 15
YGR236C 6 240
YGR237C 1 2
YGR238C 5 70
YGR239C 4 66
YGR240C 1 1
YGR240C-A 2 3
YGR241C 0 0
YGR242W 1 1
YGR243W 0 0
YGR244C 3 37
YGR245C 1 1
YGR246C 7 66
YGR247W 2 26
YGR248W 1 12
YGR249W 3 126
YGR250C 1 35
YGR251W 4 71
YGR252W 2 7
YGR253C 1 12
YGR254W 5 54
YGR255C 0 0
YGR256W 5 61
YGR257C 3 5
YGR258C 4 15
YGR259C 4 2124
YGR260W 4 343
YGR261C 1 1
YGR262C 2 2
YGR263C 4 43
YGR264C 3 12
YGR265W 1 16
YGR266W 3 34
YGR267C 5 63
YGR268C 10 160
YGR269W 2 12
YGR270W 2 131
YGR270C-A 3 44
YGR271W 9 102
YGR271C-A 1 7
YGR273C 0 0
YGR274C 2 4
YGR275W 1 7
YGR276C 2 160
YGR277C 4 8
YGR278W 6 36
YGR279C 1 2
YGR280C 4 36
YGR281W 3 16
YGR282C 2 3
YGR283C 1 172
YGR284C 5 61
YGR285C 5 295
YGR286C 5 96
YGR287C 4 259
YGR288W 3 97
YGR289C 0 0
YGR290W 2 3
YGR291C 1 2
YGR292W 1 2
YGR293C 2 50
YGR294W 0 0
YGR295C 6 48
YGR296W 0 0
YGR296C-A 0 0
YGR296C-B 0 0
YHL050C 0 0
YHL050W-A 0 0
YHL049C 0 0
YHL048C-A 3 5
YHL048W 0 0
YHL047C 1 4
YHL046W-A 2 54
YHL046C 0 0
YHL045W 1 2
YHL044W 3 44
YHL043W 3 402
YHL042W 1 10
YHL041W 1 38
YHL040C 4 8420
YHL039W 3 58
YHL038C 3 24
YHL037C 2 6
YHL036W 6 219
YHL035C 6 57
YHL034W-A 5 1133
YHL034C 0 0
YHL033C 6 82
YHL032C 3 169
YHL031C 4 85
YHL030W-A 4 34
YHL030W 7 258
YHL029C 6 273
YHL028W 5 238
YHL027W 2 17
YHL026C 11 782
YHL025W 5 78
YHL024W 2 14
YHL023C 5 366
YHL022C 1 15
YHL021C 6 66
YHL020C 2 66
YHL019W-A 3 513
YHL019C 2 4
YHL018W 6 213
YHL017W 3 322
YHL016C 2 3
YHL015W-A 6 60
YHL015W 0 0
YHL014C 9 339
YHL013C 5 131
YHL012W 1 1
YHL011C 2 96
YHL010C 0 0
YHL009C 2 105
YHL008C 0 0
YHL007C 3 38
YHL006W-A 8 332
YHL006C 5 181
YHL005C 3 37
YHL004W 1 1
YHL003C 5 97
YHL002C-A 0 0
YHL002W 11 503
YHL001W 2 28
YHR001W 1 2
YHR001W-A 4 195
YHR002W 4 666
YHR003C 3 31
YHR004C 5 313
YHR005C 2 18
YHR005C-A 0 0
YHR006W 2 23
YHR007C 0 0
YHR007C-A 9 4462
YHR008C 2 19
YHR009C 2 44
YHR010W 0 0
YHR011W 1 1
YHR012W 2 180
YHR013C 5 164
YHR014W 0 0
YHR015W 5 443
YHR016C 6 184
YHR017W 5 154
YHR018C 3 142
YHR019C 5 96
YHR020W 2 67
YHR021C 2 30
YHR021W-A 13 1711
YHR022C 2 286
YHR022C-A 11 766
YHR023W 3 71
YHR024C 6 1407
YHR025W 2 24
YHR026W 0 0
YHR027C 1 11
YHR028C 5 23
YHR028W-A 2 429
YHR029C 1 12
YHR030C 2 5
YHR031C 9 124
YHR032W 0 0
YHR032W-A 7 273
YHR032C-A 14 1295
YHR033W 6 107
YHR034C 4 38
YHR035W 4 159
YHR036W 0 0
YHR037W 3 5
YHR038W 4 47
YHR039C 0 0
YHR039C-A 4 46
YHR040W 5 529
YHR041C 9 202
YHR042W 7 356
YHR043C 1 3
YHR044C 2 73
YHR045W 0 0
YHR046C 3 5
YHR047C 1 1
YHR048W 11 336
YHR049W 2 75
YHR049C-A 3 204
YHR050W 3 204
YHR050W-A 8 294
YHR051W 3 10
YHR052W 2 41
YHR052W-A 0 0
YHR053C 0 0
YHR054C 0 0
YHR054W-A 0 0
YHR055C 0 0
YHR056C 2 5
YHR056W-A 2 3
YHR057C 6 13048
YHR058C 3 36
YHR059W 1 7
YHR060W 3 65
YHR061C 6 705
YHR062C 1 23
YHR063C 5 177
YHR063W-A 2 6
YHR064C 3 94
YHR065C 3 86
YHR066W 5 140
YHR067W 4 25
YHR068W 0 0
YHR069C 3 14
YHR069C-A 0 0
YHR070W 7 346
YHR070C-A 8 515
YHR071W 3 17
YHR071C-A 3 28
YHR072W 3 23
YHR072W-A 2 70
YHR073W 1 24
YHR073W-A 2 5
YHR073C-B 2 2
YHR074W 5 308
YHR075C 3 16
YHR076W 2 44
YHR077C 1 5
YHR078W 3 28
YHR079C 0 0
YHR079C-A 0 0
YHR080C 6 162
YHR081W 3 202
YHR082C 0 0
YHR083W 9 176
YHR084W 0 0
YHR085W 7 92
YHR086W 3 225
YHR086W-A 12 3250
YHR087W 1 6
YHR088W 4 144
YHR089C 7 572
YHR090C 7 408
YHR091C 4 84
YHR092C 1 33
YHR093W 1 2
YHR094C 0 0
YHR095W 0 0
YHR096C 0 0
YHR097C 1 6
YHR098C 2 23
YHR099W 5 132
YHR100C 7 30
YHR101C 2 43
YHR102W 1 24
YHR103W 2 24
YHR104W 1 2
YHR105W 0 0
YHR106W 2 6
YHR107C 1 2
YHR108W 3 16
YHR109W 1 22
YHR110W 4 116
YHR111W 2 34
YHR112C 2 10
YHR113W 5 58
YHR114W 3 121
YHR115C 3 12
YHR116W 8 822
YHR117W 1 1
YHR118C 1 3
YHR119W 2 26
YHR120W 4 104
YHR121W 4 60
YHR122W 1 41
YHR123W 5 304
YHR124W 2 24
YHR125W 2 32
YHR126C 0 0
YHR127W 2 44
YHR128W 3 8
YHR129C 0 0
YHR130C 0 0
YHR131C 1 29
YHR131W-A 0 0
YHR132C 4 814
YHR132W-A 7 910
YHR133C 4 26
YHR134W 4 68
YHR135C 2 23
YHR136C 5 375
YHR137W 2 12
YHR137C-A 0 0
YHR138C 2 11
YHR139C 5 107
YHR139C-A 7 1419
YHR140W 4 195
YHR141C 3 272
YHR142W 3 519
YHR143W 1 7
YHR143W-A 3 38
YHR144C 7 3388
YHR145C 0 0
YHR146W 4 556
YHR147C 3 13
YHR148W 2 27
YHR149C 2 41
YHR150W 1 81
YHR151C 5 14
YHR152W 2 25
YHR153C 2 3
YHR154W 6 840
YHR155W 3 14
YHR156C 3 8
YHR157W 1 3
YHR158C 0 0
YHR159W 0 0
YHR160C 5 19
YHR161C 1 4
YHR162W 2 29
YHR163W 2 102
YHR164C 1 43
YHR165C 0 0
YHR165W-A 1 1
YHR166C 2 498
YHR167W 6 146
YHR168W 8 222
YHR169W 6 266
YHR170W 1 1
YHR171W 8 503
YHR172W 1 13
YHR173C 7 152
YHR174W 3 56
YHR175W 9 2712
YHR175W-A 4 33
YHR176W 0 0
YHR177W 2 30
YHR178W 5 83
YHR179W 0 0
YHR180W 0 0
YHR180W-A 3 3
YHR180C-B 2 39
YHR181W 4 75
YHR182W 1 4
YHR182C-A 1 9
YHR183W 3 23
YHR184W 1 381
YHR185C 3 7
YHR186C 2 67
YHR187W 0 0
YHR188C 5 87
YHR189W 4 803
YHR190W 1 6
YHR191C 2 25
YHR192W 2 60
YHR193C 3 83
YHR193C-A 2 28
YHR194W 1 1
YHR195W 2 20
YHR196W 2 58
YHR197W 2 38
YHR198C 12 229
YHR199C 6 97
YHR199C-A 7 381
YHR200W 7 406
YHR201C 2 8
YHR202W 2 17
YHR203C 3 20
YHR204W 3 72
YHR205W 0 0
YHR206W 2 53
YHR207C 9 152
YHR208W 8 1828
YHR209W 1 159
YHR210C 0 0
YHR211W 1 7
YHR212C 0 0
YHR212W-A 0 0
YHR213W 0 0
YHR213W-A 0 0
YHR213W-B 0 0
YHR214W 0 0
YHR214W-A 0 0
YHR214C-D 0 0
YHR214C-E 0 0
YHR215W 0 0
YHR216W 0 0
YHR217C 0 0
YHR218W 0 0
YHR218W-A 0 0
YHR219W 0 0
YHR219C-A 0 0
YIL177C 0 0
YIL177W-A 0 0
YIL176C 0 0
YIL173W 0 0
YIL172C 0 0
YIL171W-A 0 0
YIL169C 8 267
YIL166C 0 0
YIL165C 1 2
YIL164C 5 19
YIL163C 3 9
YIL162W 3 7
YIL161W 0 0
YIL160C 4 46
YIL159W 6 284
YIL158W 0 0
YIL157C 4 238
YIL156W-A 3 170
YIL156W-B 5 100
YIL156W 11 17891
YIL155C 4 132
YIL154C 1 28
YIL153W 1 1
YIL152W 6 244
YIL151C 3 152
YIL150C 0 0
YIL149C 1 5
YIL148W 3 32
YIL147C 1 58
YIL146C 2 111
YIL145C 5 267
YIL144W 1 5
YIL143C 7 1695
YIL142C-A 2 105
YIL142W 5 12
YIL141W 4 1358
YIL140W 1 4
YIL139C 1 1
YIL138C 3 660
YIL137C 7 308
YIL136W 5 107
YIL135C 1 1
YIL134C-A 12 1616
YIL134W 4 18
YIL133C 5 128
YIL132C 3 37
YIL131C 1 88
YIL130W 3 71
YIL129C 0 0
YIL128W 2 81
YIL127C 1 1
YIL126W 0 0
YIL125W 2 25
YIL124W 6 120
YIL123W 3 166
YIL122W 1 116
YIL121W 0 0
YIL120W 1 4
YIL119C 0 0
YIL118W 2 21
YIL117C 1 4
YIL116W 0 0
YIL115W-A 1 55
YIL115C 1 1
YIL114C 0 0
YIL113W 4 50
YIL112W 6 67
YIL111W 0 0
YIL110W 1 2
YIL109C 0 0
YIL108W 4 216
YIL107C 3 23
YIL106W 1 1
YIL105C 2 53
YIL105W-A 3 14
YIL104C 4 84
YIL103W 3 116
YIL102C-A 4 910
YIL102C 5 319
YIL101C 2 57
YIL100C-A 9 285
YIL100W 2 57
YIL099W 5 350
YIL098C 9 199
YIL097W 3 111
YIL096C 4 60
YIL095W 2 41
YIL094C 2 3
YIL093C 1 2
YIL092W 1 4
YIL091C 3 14
YIL090W 1 1
YIL089W 2 48
YIL088C 0 0
YIL087C 4 25
YIL086C 1 1
YIL085C 6 2905
YIL084C 3 93
YIL083C 1 10
YIL082W 0 0
YIL079C 2 6
YIL078W 1 30
YIL077C 7 3123
YIL076W 7 126
YIL075C 2 4
YIL074C 1 9
YIL073C 1 49
YIL072W 1 33
YIL071W-A 0 0
YIL071C 5 328
YIL070C 2 70
YIL069C 10 183
YIL068W-A 1 12
YIL068C 3 13
YIL067C 0 0
YIL066W-A 0 0
YIL066C 1 65
YIL065C 4 23
YIL064W 13 525
YIL063C 2 79
YIL062C 1 85
YIL061C 8 238
YIL060W 0 0
YIL059C 5 148
YIL058W 0 0
YIL057C 6 62
YIL056W 6 231
YIL055C 0 0
YIL054W 12 583
YIL053W 1 1
YIL052C 1 1
YIL051C 4 99
YIL050W 4 43
YIL049W 2 232
YIL048W 2 44
YIL047C-A 1 58
YIL047C 1 1
YIL046W-A 14 414
YIL046W 2 222
YIL045W 0 0
YIL044C 3 77
YIL043C 4 151
YIL042C 5 386
YIL041W 3 1937
YIL040W 0 0
YIL039W 1 11
YIL038C 2 36
YIL037C 0 0
YIL036W 2 42
YIL035C 0 0
YIL034C 4 183
YIL033C 1 22
YIL032C 1 127
YIL031W 7 75
YIL030W-A 0 0
YIL030C 0 0
YIL029W-A 0 0
YIL029C 1 7
YIL028W 1 19
YIL027C 6 167
YIL026C 3 29
YIL025C 3 42
YIL024C 8 222
YIL023C 2 65
YIL022W 1 1
YIL021W 1 240
YIL021C-A 1 28
YIL020C-A 4 310
YIL020C 1 115
YIL019W 5 351
YIL018W 0 0
YIL017C 3 114
YIL016W 5 462
YIL015W 1 129
YIL014C-A 0 0
YIL014W 1 3
YIL013C 1 1
YIL012W 3 445
YIL011W 1 1
YIL010W 1 13
YIL009C-A 5 89
YIL009W 6 321
YIL008W 3 181
YIL007C 1 7
YIL006W 5 298
YIL005W 0 0
YIL004C 6 60
YIL003W 1 16
YIL002W-A 6 99
YIL002C 0 0
YIL001W 2 327
YIR001C 5 321
YIR002C 0 0
YIR003W 6 89
YIR004W 2 15
YIR005W 6 130
YIR006C 3 239
YIR007W 2 28
YIR008C 1 1
YIR009W 3 96
YIR010W 3 4
YIR011C 5 296
YIR012W 5 21
YIR013C 0 0
YIR014W 5 703
YIR015W 10 151
YIR016W 9 477
YIR017C 12 415
YIR017W-A 8 1494
YIR018W 10 6885
YIR018C-A 0 0
YIR019C 5 158
YIR020C 1 29
YIR020W-A 1 2
YIR020C-B 2 104
YIR021W 2 7
YIR021W-A 1 1
YIR022W 2 677
YIR023W 5 2019
YIR023C-A 1 2
YIR024C 7 268
YIR025W 8 463
YIR026C 4 49
YIR027C 0 0
YIR028W 0 0
YIR029W 3 36
YIR030C 1 24
YIR030W-A 1 24
YIR031C 2 43
YIR032C 0 0
YIR033W 2 190
YIR034C 1 2
YIR035C 4 322
YIR036C 6 96
YIR036W-A 2 22
YIR037W 4 107
YIR038C 6 732
YIR039C 4 96
YIR040C 0 0
YIR041W 0 0
YIR042C 1 9
YJL225C 0 0
YJL225W-A 0 0
YJL223C 0 0
YJL222W-B 0 0
YJL222W-A 0 0
YJL222W 0 0
YJL221C 0 0
YJL220W 0 0
YJL219W 0 0
YJL218W 2 5
YJL217W 6 130
YJL216C 2 27
YJL215C 0 0
YJL214W 0 0
YJL213W 6 357
YJL212C 1 41
YJL211C 2 50
YJL210W 12 1646
YJL209W 2 53
YJL208C 3 99
YJL207C 3 13
YJL206C 3 25
YJL205C 9 836
YJL204C 5 30
YJL203W 2 16
YJL202C 3 40
YJL201W 3 40
YJL200C 2 16
YJL199C 13 570
YJL198W 4 30
YJL197W 4 35
YJL197C-A 0 0
YJL196C 3 201
YJL195C 2 42
YJL194W 4 48
YJL193W 3 11
YJL192C 9 73
YJL191W 2 292
YJL190C 2 8
YJL189W 1 10
YJL188C 4 36
YJL187C 0 0
YJL186W 1 1
YJL185C 4 199
YJL184W 2 16
YJL183W 3 95
YJL182C 0 0
YJL181W 4 106
YJL180C 1 1
YJL179W 2 31
YJL178C 15 6208
YJL177W 2 30
YJL176C 2 2
YJL175W 0 0
YJL174W 1 2
YJL173C 8 321
YJL172W 7 317
YJL171C 2 33
YJL170C 3 43
YJL169W 1 16
YJL168C 3 37
YJL167W 1 33
YJL166W 4 36
YJL165C 0 0
YJL164C 3 10
YJL163C 6 218
YJL162C 7 78
YJL161W 3 18
YJL160C 2 14
YJL159W 5 102
YJL158C 9 3997
YJL157C 5 137
YJL156W-A 10 1343
YJL156C 6 250
YJL155C 1 10
YJL154C 1 68
YJL153C 1 22
YJL152W 0 0
YJL151C 8 359
YJL150W 5 80
YJL149W 8 406
YJL148W 1 34
YJL147C 2 13
YJL146W 1 3
YJL145W 4 208
YJL144W 3 26
YJL143W 3 100
YJL142C 3 30
YJL141C 1 6
YJL140W 2 4
YJL139C 0 0
YJL138C 4 122
YJL137C 1 10
YJL136W-A 2 37
YJL136C 0 0
YJL135W 5 74
YJL134W 6 444
YJL133C-A 5 882
YJL133W 6 112
YJL132W 2 33
YJL131C 5 37
YJL130C 3 19
YJL129C 0 0
YJL128C 3 71
YJL127W-A 3 71
YJL127C-B 9 5861
YJL127C 2 34
YJL126W 3 4
YJL125C 1 2
YJL124C 1 1
YJL123C 2 67
YJL122W 9 470
YJL121C 2 4
YJL120W 3 53
YJL119C 0 0
YJL118W 9 701
YJL117W 2 4
YJL116C 3 6
YJL115W 2 90
YJL112W 1 2
YJL111W 1 4
YJL110C 3 15
YJL109C 1 2
YJL108C 2 58
YJL107C 3 39
YJL106W 2 113
YJL105W 2 328
YJL104W 1 135
YJL103C 5 101
YJL102W 3 122
YJL101C 8 322
YJL100W 3 50
YJL099W 1 109
YJL098W 2 45
YJL097W 3 90
YJL096W 5 216
YJL095W 1 4
YJL094C 2 46
YJL093C 6 82
YJL092W 0 0
YJL091C 7 108
YJL090C 0 0
YJL089W 2 2
YJL088W 8 2450
YJL087C 0 0
YJL086C 0 0
YJL085W 2 28
YJL084C 0 0
YJL083W 5 125
YJL082W 3 197
YJL081C 1 89
YJL080C 1 6
YJL079C 4 32
YJL078C 5 99
YJL077W-B 5 26
YJL077C 5 81
YJL077W-A 5 107
YJL076W 3 46
YJL075C 0 0
YJL074C 4 862
YJL073W 0 0
YJL072C 1 21
YJL071W 2 32
YJL070C 2 28
YJL069C 3 213
YJL068C 4 76
YJL067W 14 1073
YJL066C 3 24
YJL065C 2 19
YJL064W 4 104
YJL063C 7 50
YJL062W-A 8 175
YJL062W 2 14
YJL061W 0 0
YJL060W 2 9
YJL059W 4 66
YJL058C 0 0
YJL057C 5 54
YJL056C 2 47
YJL055W 5 216
YJL054W 8 333
YJL053W 4 251
YJL052C-A 12 285
YJL052W 1 10
YJL051W 2 26
YJL050W 3 26
YJL049W 4 263
YJL048C 6 160
YJL047C-A 0 0
YJL047C 0 0
YJL046W 5 645
YJL045W 2 109
YJL044C 4 25
YJL043W 2 10
YJL042W 3 347
YJL041W 0 0
YJL039C 0 0
YJL038C 0 0
YJL037W 1 17
YJL036W 1 1
YJL035C 4 53
YJL034W 1 1
YJL033W 2 68
YJL032W 1 2
YJL031C 6 115
YJL030W 3 106
YJL029C 1 2
YJL028W 8 926
YJL027C 3 9
YJL026W 2 13
YJL026C-A 0 0
YJL025W 3 127
YJL024C 4 86
YJL023C 7 243
YJL022W 0 0
YJL020C 0 0
YJL020W-A 1 4
YJL019W 0 0
YJL016W 0 0
YJL015C 7 434
YJL014W 6 432
YJL013C 11 7993
YJL012C 3 76
YJL011C 1 24
YJL010C 3 19
YJL009W 1 1
YJL008C 5 1610
YJL007C 10 337
YJL006C 6 409
YJL005W 1 392
YJL004C 6 772
YJL003W 2 28
YJL002C 2 181
YJL001W 6 271
YJR001W 8 177
YJR002W 5 624
YJR003C 4 57
YJR004C 3 34
YJR005W 7 466
YJR005C-A 3 33
YJR006W 1 1
YJR007W 0 0
YJR008W 3 35
YJR009C 4 573
YJR010W 1 1
YJR010C-A 4 102
YJR011C 2 14
YJR012C 1 1
YJR013W 1 4
YJR014W 2 46
YJR015W 5 1067
YJR016C 1 4
YJR017C 3 23
YJR018W 1 2
YJR019C 3 10
YJR020W 3 14
YJR021C 5 93
YJR022W 6 266
YJR023C 0 0
YJR024C 5 427
YJR025C 0 0
YJR030C 0 0
YJR031C 1 6
YJR032W 3 78
YJR033C 4 42
YJR034W 3 121
YJR035W 2 3
YJR036C 0 0
YJR037W 2 11
YJR038C 1 6
YJR039W 3 19
YJR040W 2 50
YJR041C 2 94
YJR042W 5 58
YJR043C 7 388
YJR044C 15 659
YJR045C 3 7
YJR046W 7 230
YJR047C 4 76
YJR048W 9 85
YJR049C 5 190
YJR050W 7 176
YJR051W 9 304
YJR052W 3 46
YJR053W 3 70
YJR054W 0 0
YJR055W 4 238
YJR056C 0 0
YJR057W 5 378
YJR058C 5 241
YJR059W 4 37
YJR060W 2 25
YJR061W 0 0
YJR062C 8 96
YJR063W 1 1
YJR064W 4 93
YJR065C 5 96
YJR066W 3 11
YJR067C 4 40
YJR068W 2 7
YJR069C 2 34
YJR070C 4 24
YJR071W 0 0
YJR072C 7 135
YJR073C 5 44
YJR074W 15 469
YJR075W 3 23
YJR076C 11 4894
YJR077C 6 133
YJR078W 3 45
YJR079W 1 25
YJR080C 5 502
YJR082C 2 69
YJR083C 3 289
YJR084W 8 195
YJR085C 8 302
YJR086W 6 147
YJR087W 3 57
YJR088C 4 117
YJR089W 2 501
YJR090C 0 0
YJR091C 5 465
YJR092W 3 838
YJR093C 2 35
YJR094C 3 427
YJR094W-A 7 44
YJR095W 1 14
YJR096W 5 218
YJR097W 1 1
YJR098C 0 0
YJR099W 1 14
YJR100C 5 492
YJR101W 1 6
YJR102C 2 19
YJR103W 4 63
YJR104C 5 193
YJR105W 6 70
YJR106W 2 31
YJR107W 1 2
YJR108W 2 51
YJR109C 4 55
YJR110W 0 0
YJR111C 3 19
YJR112W 3 7
YJR112W-A 7 268
YJR113C 10 1121
YJR114W 4 150
YJR115W 12 746
YJR116W 0 0
YJR117W 2 57
YJR118C 2 55
YJR119C 0 0
YJR120W 13 929
YJR121W 1 3
YJR122W 0 0
YJR123W 0 0
YJR124C 3 56
YJR125C 3 107
YJR126C 4 101
YJR127C 5 310
YJR128W 0 0
YJR129C 0 0
YJR130C 6 413
YJR131W 1 30
YJR132W 0 0
YJR133W 1 38
YJR134C 3 28
YJR135C 3 59
YJR135W-A 1 12
YJR136C 2 18
YJR137C 9 385
YJR138W 4 344
YJR139C 3 40
YJR140C 5 67
YJR140W-A 2 66
YJR141W 2 199
YJR142W 1 3
YJR143C 3 99
YJR144W 2 22
YJR145C 1 59
YJR146W 7 1434
YJR147W 3 102
YJR148W 3 69
YJR149W 11 904
YJR150C 8 564
YJR151C 1 4
YJR151W-A 1 12
YJR152W 2 25
YJR153W 1 33
YJR154W 0 0
YJR155W 0 0
YJR156C 0 0
YJR157W 0 0
YJR158W 0 0
YJR159W 0 0
YJR160C 0 0
YJR161C 1 55
YJR162C 3 61
YKL225W 2 3
YKL224C 0 0
YKL223W 0 0
YKL222C 4 27
YKL221W 4 42
YKL220C 1 26
YKL219W 5 583
YKL218C 0 0
YKL217W 3 65
YKL216W 3 106
YKL215C 0 0
YKL214C 2 72
YKL213C 5 60
YKL212W 1 21
YKL211C 6 95
YKL210W 4 328
YKL209C 3 21
YKL208W 3 32
YKL207W 5 39
YKL206C 3 84
YKL205W 4 71
YKL204W 5 48
YKL203C 1 108
YKL202W 0 0
YKL201C 3 38
YKL198C 2 769
YKL197C 5 673
YKL196C 0 0
YKL195W 4 141
YKL194C 4 20
YKL193C 2 9
YKL192C 7 264
YKL191W 4 114
YKL190W 8 169
YKL189W 0 0
YKL188C 0 0
YKL187C 3 45
YKL186C 8 246
YKL185W 2 24
YKL184W 1 1
YKL183C-A 2 88
YKL183W 1 78
YKL182W 2 13
YKL181W 0 0
YKL180W 0 0
YKL179C 8 568
YKL178C 2 29
YKL177W 2 31
YKL176C 1 5
YKL175W 3 90
YKL174C 3 191
YKL173W 6 366
YKL172W 0 0
YKL171W 2 5
YKL170W 2 43
YKL169C 0 0
YKL168C 6 239
YKL167C 4 130
YKL166C 2 3
YKL165C-A 10 244
YKL165C 3 25
YKL164C 3 56
YKL163W 0 0
YKL162C-A 1 18
YKL162C 0 0
YKL161C 0 0
YKL160W 0 0
YKL159C 6 174
YKL157W 5 732
YKL156W 8 253
YKL156C-A 1 14
YKL155C 2 5
YKL154W 1 19
YKL153W 3 23
YKL152C 7 778
YKL151C 5 58
YKL150W 5 77
YKL149C 9 209
YKL148C 6 62
YKL147C 1 4
YKL146W 8 725
YKL145W 1 6
YKL145W-A 1 1
YKL144C 1 1
YKL143W 8 216
YKL142W 6 96
YKL141W 2 8
YKL140W 1 1
YKL139W 0 0
YKL138C-A 2 9
YKL138C 2 18
YKL137W 2 167
YKL136W 3 51
YKL135C 2 14
YKL134C 2 8
YKL133C 3 3
YKL132C 2 76
YKL131W 0 0
YKL130C 1 118
YKL129C 3 156
YKL128C 5 982
YKL127W 2 572
YKL126W 3 49
YKL125W 1 1
YKL124W 1 1
YKL123W 1 2
YKL122C 1 5
YKL121W 0 0
YKL120W 1 74
YKL119C 0 0
YKL118W 0 0
YKL117W 10 137
YKL116C 1 1
YKL115C 0 0
YKL114C 5 3323
YKL113C 4 89
YKL112W 1 2
YKL111C 0 0
YKL110C 6 1300
YKL109W 4 87
YKL108W 2 141
YKL107W 0 0
YKL106C-A 2 11
YKL106W 0 0
YKL105C 0 0
YKL104C 0 0
YKL103C 4 11
YKL102C 4 471
YKL101W 1 41
YKL100C 9 119
YKL100W-A 2 28
YKL099C 4 64
YKL098W 5 1023
YKL097C 4 66
YKL096C-B 0 0
YKL096W-A 0 0
YKL096W 1 4
YKL095W 1 24
YKL094W 9 148
YKL093W 0 0
YKL092C 1 2
YKL091C 3 65
YKL090W 6 295
YKL089W 2 149
YKL088W 3 33
YKL087C 2 2
YKL086W 5 123
YKL085W 0 0
YKL084W 8 98
YKL083W 1 5
YKL082C 0 0
YKL081W 5 393
YKL080W 1 19
YKL079W 0 0
YKL078W 5 455
YKL077W 3 34
YKL076C 0 0
YKL075C 2 69
YKL074C 4 66
YKL073W 3 59
YKL072W 2 9
YKL071W 0 0
YKL070W 1 2
YKL069W 10 394
YKL068W-A 4 282
YKL068W 1 4
YKL067W 1 7
YKL066W 0 0
YKL065W-A 2 13
YKL065C 3 43
YKL064W 3 216
YKL063C 2 41
YKL062W 1 18
YKL061W 2 6
YKL060C 4 34
YKL059C 2 72
YKL058W 3 11
YKL057C 2 21
YKL056C 0 0
YKL055C 0 0
YKL054C 0 0
YKL053C-A 1 1
YKL053W 2 6
YKL052C 13 924
YKL051W 6 154
YKL050C 0 0
YKL049C 2 34
YKL048C 1 1
YKL047W 2 6
YKL046C 6 188
YKL045W 2 176
YKL044W 3 139
YKL043W 0 0
YKL042W 1 2
YKL041W 2 98
YKL040C 1 7
YKL039W 2 14
YKL038W 2 27
YKL037W 9 109
YKL036C 1 2
YKL035W 4 48
YKL034W 1 1
YKL033W-A 2 44
YKL033W 4 49
YKL032C 1 1
YKL031W 1 3
YKL030W 3 27
YKL029C 6 110
YKL028W 4 115
YKL027W 0 0
YKL026C 6 128
YKL025C 4 88
YKL024C 0 0
YKL023C-A 6 437
YKL023W 13 1840
YKL022C 4 167
YKL021C 0 0
YKL020C 2 8
YKL019W 5 25
YKL018C-A 5 462
YKL018W 7 166
YKL017C 7 706
YKL016C 1 14
YKL015W 1 20
YKL014C 2 25
YKL013C 4 97
YKL012W 0 0
YKL011C 2 16
YKL010C 1 301
YKL009W 1 4
YKL008C 6 411
YKL007W 10 237
YKL006C-A 6 96
YKL006W 1 25
YKL005C 2 40
YKL004W 0 0
YKL003C 7 555
YKL002W 1 9
YKL001C 5 357
YKR001C 6 155
YKR002W 0 0
YKR003W 2 30
YKR004C 3 53
YKR005C 2 7
YKR006C 5 37
YKR007W 2 14
YKR008W 2 90
YKR009C 4 7
YKR010C 1 11
YKR011C 0 0
YKR012C 0 0
YKR013W 2 8
YKR014C 1 8
YKR015C 0 0
YKR016W 1 5
YKR017C 1 12
YKR018C 6 144
YKR019C 2 4
YKR020W 1 32
YKR021W 2 14
YKR022C 0 0
YKR023W 6 186
YKR024C 1 2
YKR025W 1 2
YKR026C 0 0
YKR027W 4 143
YKR028W 3 4
YKR029C 6 330
YKR030W 3 16
YKR031C 4 13
YKR032W 2 4
YKR033C 1 3
YKR034W 2 16
YKR035C 2 14
YKR035W-A 2 15
YKR036C 2 31
YKR037C 4 16
YKR038C 10 361
YKR039W 2 2
YKR040C 9 135
YKR041W 3 48
YKR042W 0 0
YKR043C 4 243
YKR044W 1 22
YKR045C 3 93
YKR046C 9 318
YKR047W 5 101
YKR048C 6 204
YKR049C 4 312
YKR050W 4 68
YKR051W 1 176
YKR052C 2 35
YKR053C 1 2
YKR054C 1 116
YKR055W 4 959
YKR056W 5 151
YKR057W 7 249
YKR058W 4 228
YKR059W 1 1
YKR060W 2 15
YKR061W 1 4
YKR062W 1 10
YKR063C 3 391
YKR064W 3 38
YKR065C 4 37
YKR066C 17 1763
YKR067W 1 26
YKR068C 4 95
YKR069W 2 27
YKR070W 6 181
YKR071C 1 1
YKR072C 7 144
YKR073C 1 4
YKR074W 3 950
YKR075C 3 280
YKR075W-A 3 14
YKR076W 2 57
YKR077W 0 0
YKR078W 3 105
YKR079C 1 9
YKR080W 3 158
YKR081C 3 20
YKR082W 4 112
YKR083C 0 0
YKR084C 2 137
YKR085C 0 0
YKR086W 2 10
YKR087C 5 129
YKR088C 4 32
YKR089C 2 25
YKR090W 0 0
YKR091W 0 0
YKR092C 8 63
YKR093W 4 22
YKR094C 5 60
YKR095W 3 20
YKR095W-A 7 29
YKR096W 1 6
YKR097W 0 0
YKR098C 1 3
YKR099W 0 0
YKR100C 1 14
YKR101W 5 85
YKR102W 1 5
YKR103W 1 1
YKR104W 1 6
YKR105C 1 2
YKR106W 0 0
YLL067C 0 0
YLL067W-A 0 0
YLL066W-B 0 0
YLL066C 0 0
YLL066W-A 0 0
YLL065W 1 1
YLL064C 0 0
YLL063C 8 1619
YLL062C 1 44
YLL061W 9 335
YLL060C 11 164
YLL059C 3 116
YLL058W 4 34
YLL057C 1 27
YLL056C 0 0
YLL055W 2 2
YLL054C 1 170
YLL053C 1 4
YLL052C 3 56
YLL051C 3 275
YLL050C 5 208
YLL049W 5 1670
YLL048C 0 0
YLL047W 2 66
YLL046C 0 0
YLL045C 5 1354
YLL044W 0 0
YLL043W 0 0
YLL042C 5 15
YLL041C 4 110
YLL040C 0 0
YLL039C 5 228
YLL038C 3 22
YLL037W 2 8
YLL036C 3 7
YLL035W 2 30
YLL034C 4 266
YLL033W 11 965
YLL032C 1 2
YLL031C 4 83
YLL030C 0 0
YLL029W 1 21
YLL028W 1 18
YLL027W 1 4
YLL026W 5 126
YLL025W 0 0
YLL024C 1 1
YLL023C 5 2274
YLL022C 2 15
YLL021W 1 1
YLL020C 2 58
YLL019C 2 35
YLL019W-A 1 6
YLL018C-A 5 353
YLL018C 2 3
YLL015W 1 11
YLL014W 4 3288
YLL013C 1 11
YLL012W 2 5
YLL011W 0 0
YLL010C 1 3
YLL009C 5 667
YLL008W 0 0
YLL007C 2 22
YLL006W-A 0 0
YLL006W 5 42
YLL005C 3 137
YLL004W 5 227
YLL003W 4 185
YLL002W 5 511
YLL001W 3 60
YLR001C 5 66
YLR002C 4 28
YLR003C 4 44
YLR004C 7 402
YLR005W 9 846
YLR006C 1 2
YLR007W 10 2112
YLR008C 2 119
YLR009W 3 40
YLR010C 0 0
YLR011W 0 0
YLR012C 0 0
YLR013W 0 0
YLR014C 1 23
YLR015W 3 32
YLR016C 4 13
YLR017W 2 227
YLR018C 0 0
YLR019W 0 0
YLR020C 3 79
YLR021W 6 30
YLR022C 2 58
YLR023C 1 1
YLR024C 1 2
YLR025W 2 50
YLR026C 0 0
YLR027C 10 218
YLR028C 7 138
YLR029C 3 36
YLR030W 5 166
YLR031W 0 0
YLR032W 6 72
YLR033W 4 118
YLR034C 4 94
YLR035C 4 399
YLR036C 6 80
YLR037C 2 75
YLR038C 3 25
YLR039C 1 1
YLR040C 1 1
YLR041W 2 4
YLR042C 0 0
YLR043C 7 252
YLR044C 3 16
YLR045C 4 64
YLR046C 1 4
YLR047C 1 457
YLR048W 0 0
YLR049C 7 42
YLR050C 1 41
YLR051C 2 21
YLR052W 1 2
YLR053C 2 473
YLR054C 0 0
YLR055C 5 12
YLR056W 2 78
YLR057W 3 27
YLR058C 4 37
YLR059C 3 604
YLR060W 3 40
YLR061W 7 821
YLR062C 2 51
YLR063W 7 321
YLR064W 8 506
YLR065C 1 1
YLR066W 2 38
YLR067C 1 3
YLR068W 2 11
YLR069C 2 20
YLR070C 8 849
YLR071C 1 1
YLR072W 3 120
YLR073C 3 10
YLR074C 2 148
YLR075W 3 797
YLR076C 3 95
YLR077W 5 17
YLR078C 5 43
YLR079W 6 50
YLR080W 0 0
YLR081W 3 75
YLR082C 1 14
YLR083C 0 0
YLR084C 1 4
YLR085C 3 88
YLR086W 2 38
YLR087C 1 4
YLR088W 3 13
YLR089C 0 0
YLR090W 5 52
YLR091W 2 13
YLR092W 7 181
YLR093C 5 27
YLR094C 5 130
YLR095C 4 55
YLR096W 0 0
YLR097C 1 1
YLR098C 3 211
YLR099C 6 26
YLR099W-A 8 307
YLR100W 1 34
YLR101C 5 200
YLR102C 3 180
YLR103C 0 0
YLR104W 2 126
YLR105C 4 161
YLR106C 0 0
YLR107W 4 31
YLR108C 3 28
YLR109W 0 0
YLR110C 2 5
YLR111W 10 281
YLR112W 9 1222
YLR113W 3 253
YLR114C 3 11
YLR115W 5 80
YLR116W 0 0
YLR117C 5 291
YLR118C 4 2042
YLR119W 6 2160
YLR120C 1 5
YLR120W-A 5 156
YLR121C 2 115
YLR122C 0 0
YLR123C 2 6
YLR124W 1 13
YLR125W 0 0
YLR126C 2 8
YLR127C 0 0
YLR128W 1 15
YLR129W 3 129
YLR130C 2 18
YLR131C 0 0
YLR132C 3 290
YLR133W 7 79
YLR134W 1 6
YLR135W 3 26
YLR136C 4 58
YLR137W 7 165
YLR138W 0 0
YLR139C 7 877
YLR140W 1 41
YLR141W 4 44
YLR142W 6 36
YLR143W 7 34
YLR144C 1 38
YLR145W 3 59
YLR146C 2 5
YLR146W-A 7 64
YLR147C 4 101
YLR148W 5 99
YLR149C 4 32
YLR149C-A 1 2
YLR150W 2 12
YLR151C 11 236
YLR152C 0 0
YLR153C 3 15
YLR154C 12 3208
YLR154W-A 0 0
YLR154W-B 0 0
YLR154W-C 0 0
YLR154W-E 0 0
YLR154W-F 0 0
YLR154C-G 0 0
YLR154C-H 0 0
YLR155C 0 0
YLR156W 0 0
YLR156C-A 0 0
YLR157C 0 0
YLR157W-D 0 0
YLR157W-E 0 0
YLR157C-C 0 0
YLR158C 0 0
YLR159W 0 0
YLR159C-A 0 0
YLR160C 0 0
YLR161W 0 0
YLR162W 2 4
YLR162W-A 0 0
YLR163C 5 126
YLR163W-A 1 14
YLR164W 1 1
YLR165C 8 367
YLR166C 5 191
YLR167W 3 25
YLR168C 2 20
YLR169W 0 0
YLR170C 10 267
YLR171W 0 0
YLR172C 7 629
YLR173W 3 85
YLR174W 7 133
YLR175W 7 84
YLR176C 6 93
YLR177W 4 46
YLR178C 6 44
YLR179C 6 45
YLR180W 0 0
YLR181C 0 0
YLR182W 4 19
YLR183C 0 0
YLR184W 1 10
YLR185W 2 19
YLR186W 3 32
YLR187W 1 90
YLR188W 1 1
YLR189C 1 5
YLR190W 1 1
YLR191W 5 8
YLR192C 4 100
YLR193C 2 196
YLR194C 2 80
YLR195C 5 34
YLR196W 6 45
YLR197W 1 4
YLR198C 0 0
YLR199C 4 2806
YLR200W 0 0
YLR201C 8 347
YLR202C 1 3
YLR203C 0 0
YLR204W 10 283
YLR205C 9 2700
YLR206W 5 78
YLR207W 1 4
YLR208W 2 17
YLR209C 0 0
YLR210W 0 0
YLR211C 0 0
YLR212C 3 63
YLR213C 1 2
YLR214W 4 61
YLR215C 1 95
YLR216C 2 53
YLR217W 0 0
YLR218C 1 9
YLR219W 3 14
YLR220W 2 13
YLR221C 5 101
YLR222C 5 383
YLR222C-A 3 40
YLR223C 0 0
YLR224W 2 11
YLR225C 3 152
YLR226W 1 2
YLR227C 5 38
YLR228C 1 113
YLR229C 1 28
YLR230W 1 33
YLR231C 5 907
YLR232W 0 0
YLR233C 4 437
YLR234W 3 46
YLR235C 16 588
YLR236C 4 212
YLR237W 2 10
YLR238W 0 0
YLR239C 4 121
YLR240W 2 13
YLR241W 4 103
YLR242C 0 0
YLR243W 2 3
YLR244C 4 23
YLR245C 9 121
YLR246W 5 31
YLR247C 3 37
YLR248W 7 1310
YLR249W 0 0
YLR250W 3 20
YLR251W 1 1
YLR252W 0 0
YLR253W 2 296
YLR254C 2 16
YLR255C 1 8
YLR256W 1 24
YLR257W 2 30
YLR258W 2 11
YLR259C 3 8
YLR260W 0 0
YLR261C 0 0
YLR262C 1 965
YLR262C-A 3 30
YLR263W 0 0
YLR264W 8 113
YLR264C-A 3 137
YLR265C 7 103
YLR266C 12 1011
YLR267W 0 0
YLR268W 4 206
YLR269C 2 18
YLR270W 0 0
YLR271W 3 66
YLR272C 0 0
YLR273C 0 0
YLR274W 2 27
YLR275W 3 5
YLR276C 2 4
YLR277C 4 85
YLR278C 2 14
YLR279W 6 2547
YLR280C 3 45
YLR281C 17 1249
YLR282C 0 0
YLR283W 3 110
YLR284C 0 0
YLR285W 0 0
YLR285C-A 6 328
YLR286C 0 0
YLR286W-A 3 193
YLR287C 1 8
YLR287C-A 5 454
YLR288C 7 96
YLR289W 2 83
YLR290C 0 0
YLR291C 2 72
YLR292C 3 6
YLR293C 0 0
YLR294C 7 80
YLR295C 2 17
YLR296W 9 206
YLR297W 4 93
YLR298C 7 349
YLR299W 5 18
YLR299C-A 8 176
YLR300W 0 0
YLR301W 6 20
YLR302C 2 64
YLR303W 8 231
YLR304C 3 10
YLR305C 1 5
YLR306W 2 141
YLR307W 0 0
YLR307C-A 0 0
YLR308W 1 57
YLR309C 4 108
YLR310C 0 0
YLR311C 2 100
YLR312C 5 60
YLR312W-A 12 375
YLR313C 2 22
YLR314C 5 161
YLR315W 3 19
YLR316C 2 165
YLR317W 3 227
YLR318W 2 63
YLR319C 0 0
YLR320W 1 9
YLR321C 6 24
YLR322W 3 324
YLR323C 8 342
YLR324W 7 96
YLR325C 1 70
YLR326W 6 177
YLR327C 2 6
YLR328W 3 79
YLR329W 0 0
YLR330W 5 291
YLR331C 0 0
YLR332W 1 5
YLR333C 8 235
YLR334C 4 32
YLR335W 5 148
YLR336C 0 0
YLR337C 0 0
YLR338W 7 150
YLR339C 0 0
YLR340W 0 0
YLR341W 2 15
YLR342W 0 0
YLR342W-A 0 0
YLR343W 1 2
YLR344W 0 0
YLR345W 6 58
YLR346C 1 1
YLR347C 0 0
YLR347W-A 0 0
YLR348C 12 2565
YLR349W 4 105
YLR350W 4 40
YLR351C 7 159
YLR352W 8 788
YLR353W 1 5
YLR354C 8 108
YLR355C 5 359
YLR356W 1 6
YLR357W 5 166
YLR358C 3 103
YLR359W 0 0
YLR360W 1 1
YLR361C 4 101
YLR361C-A 7 2440
YLR362W 4 148
YLR363C 0 0
YLR363W-A 0 0
YLR364W 3 22
YLR365W 2 500
YLR364C-A 11 411
YLR366W 1 1
YLR367W 8 319
YLR368W 4 65
YLR369W 1 1
YLR370C 6 154
YLR371W 0 0
YLR372W 0 0
YLR373C 10 808
YLR374C 1 4
YLR375W 3 154
YLR376C 9 381
YLR377C 5 52
YLR378C 0 0
YLR379W 1 19
YLR380W 0 0
YLR381W 2 49
YLR382C 4 75
YLR383W 0 0
YLR384C 11 508
YLR385C 1 73
YLR386W 3 222
YLR387C 2 6
YLR388W 2 13
YLR389C 4 423
YLR390W 1 6
YLR390W-A 5 21
YLR392C 1 88
YLR393W 1 2
YLR394W 0 0
YLR395C 6 48
YLR396C 1 10
YLR397C 5 991
YLR398C 4 133
YLR399C 5 60
YLR399W-A 0 0
YLR400W 0 0
YLR401C 6 202
YLR402W 5 108
YLR403W 0 0
YLR404W 5 35
YLR405W 5 1243
YLR406C 4 26
YLR406C-A 11 330
YLR407W 3 125
YLR408C 11 750
YLR409C 6 100
YLR410W 5 533
YLR411W 3 38
YLR412W 7 162
YLR412C-A 0 0
YLR413W 2 82
YLR414C 5 302
YLR415C 2 100
YLR416C 2 166
YLR417W 1 93
YLR418C 0 0
YLR419W 0 0
YLR420W 4 249
YLR421C 7 113
YLR422W 1 22
YLR423C 2 18
YLR424W 0 0
YLR425W 5 333
YLR426W 3 284
YLR427W 2 10
YLR428C 4 63
YLR429W 6 1642
YLR430W 0 0
YLR431C 1 1
YLR432W 0 0
YLR433C 0 0
YLR434C 3 36
YLR435W 1 1
YLR436C 4 25
YLR437C 5 76
YLR437C-A 2 3
YLR438W 5 429
YLR438C-A 1 218
YLR439W 0 0
YLR440C 3 194
YLR441C 1 1
YLR442C 1 2
YLR443W 1 17
YLR444C 2 45
YLR445W 4 54
YLR446W 6 25
YLR447C 1 154
YLR448W 0 0
YLR449W 2 26
YLR450W 1 12
YLR451W 1 12
YLR452C 8 226
YLR453C 9 529
YLR454W 5 83
YLR455W 0 0
YLR456W 8 312
YLR457C 6 132
YLR458W 1 23
YLR459W 8 164
YLR460C 2 80
YLR461W 0 0
YLR462W 0 0
YLR463C 0 0
YLR464W 0 0
YLR465C 0 0
YLR466W 0 0
YLR466C-A 0 0
YLR466C-B 0 0
YLR467W 0 0
YLR467C-A 0 0
YML133C 0 0
YML133W-B 0 0
YML133W-A 0 0
YML132W 0 0
YML131W 4 578
YML130C 4 23
YML129C 7 500
YML128C 6 31
YML127W 0 0
YML126C 6 43
YML125C 7 129
YML124C 6 114
YML123C 4 41
YML122C 6 25
YML121W 0 0
YML120C 7 2557
YML119W 1 17
YML118W 0 0
YML117W 4 174
YML116W-A 0 0
YML116W 1 5
YML115C 4 60
YML114C 4 13
YML113W 1 8
YML112W 1 27
YML111W 0 0
YML110C 7 540
YML109W 0 0
YML108W 5 78
YML107C 2 5
YML106W 0 0
YML105C 3 16
YML104C 2 26
YML103C 2 52
YML102W 4 51
YML101C-A 15 336
YML101C 9 304
YML100W-A 9 391
YML100W 2 70
YML099W-A 4 188
YML099C 7 817
YML098W 1 53
YML097C 7 863
YML096W 1 135
YML095C 0 0
YML094C-A 0 0
YML094W 1 12
YML093W 1 3
YML092C 0 0
YML091C 0 0
YML090W 3 32
YML089C 14 1378
YML088W 6 107
YML087C 5 86
YML086C 1 8
YML085C 2 24
YML084W 2 24
YML083C 0 0
YML082W 4 124
YML081C-A 6 211
YML081W 1 1
YML080W 2 11
YML079W 5 67
YML078W 3 12
YML077W 4 51
YML076C 7 74
YML075C 3 109
YML074C 5 42
YML073C 3 49
YML072C 9 215
YML071C 3 787
YML070W 1 43
YML069W 2 125
YML068W 2 4
YML067C 1 9
YML066C 0 0
YML065W 0 0
YML064C 0 0
YML063W 4 93
YML062C 1 26
YML061C 1 46
YML060W 2 20
YML059C 1 7
YML058W-A 3 132
YML058W 12 460
YML057C-A 1 9
YML057W 0 0
YML056C 0 0
YML055W 6 143
YML054C 5 65
YML054C-A 7 1511
YML053C 4 116
YML052W 5 99
YML051W 6 157
YML050W 9 972
YML049C 2 42
YML048W 3 50
YML047W-A 0 0
YML047C 0 0
YML046W 0 0
YML043C 1 28
YML042W 5 55
YML041C 8 131
YML038C 3 23
YML037C 2 19
YML036W 3 59
YML035C 0 0
YML034C-A 4 65
YML034W 2 13
YML032C 1 2
YML031C-A 0 0
YML031W 1 1
YML030W 4 25
YML029W 4 47
YML028W 7 868
YML027W 2 3
YML026C 1 5
YML025C 5 88
YML024W 3 82
YML023C 3 131
YML022W 2 8
YML021C 13 869
YML020W 2 11
YML019W 4 127
YML018C 3 18
YML017W 1 10
YML016C 0 0
YML015C 4 149
YML014W 8 541
YML013W 6 853
YML012C-A 3 473
YML012W 4 842
YML011C 6 406
YML010W 5 22
YML009W-B 0 0
YML009C-A 9 587
YML009C 8 1435
YML008C 0 0
YML007C-A 9 90
YML007W 2 40
YML006C 0 0
YML005W 4 217
YML004C 9 1326
YML003W 3 7
YML002W 2 110
YML001W 2 67
YMR001C 1 44
YMR001C-A 6 127
YMR002W 7 131
YMR003W 1 22
YMR004W 5 316
YMR005W 3 240
YMR006C 1 12
YMR007W 5 263
YMR008C 2 99
YMR009W 2 756
YMR010W 2 47
YMR011W 3 3
YMR012W 0 0
YMR013C 1 1
YMR013C-A 1 5
YMR013W-A 3 35
YMR014W 8 617
YMR015C 5 171
YMR016C 1 1
YMR017W 4 69
YMR018W 2 4
YMR019W 6 146
YMR020W 2 26
YMR021C 4 247
YMR022W 1 2
YMR023C 3 8
YMR024W 0 0
YMR025W 2 39
YMR026C 1 4
YMR027W 0 0
YMR028W 3 62
YMR029C 3 592
YMR030W 3 11
YMR031C 2 19
YMR031W-A 4 55
YMR032W 0 0
YMR030W-A 2 124
YMR033W 1 2
YMR034C 3 28
YMR035W 4 31
YMR036C 0 0
YMR037C 2 58
YMR038C 3 228
YMR039C 2 56
YMR040W 1 5
YMR041C 5 219
YMR042W 4 201
YMR043W 3 1772
YMR044W 1 7
YMR046W-A 0 0
YMR047C 3 28
YMR048W 7 837
YMR049C 3 159
YMR052W 2 90
YMR052C-A 2 9
YMR053C 2 25
YMR054W 6 1030
YMR055C 5 103
YMR056C 7 92
YMR057C 5 129
YMR058W 5 129
YMR059W 3 143
YMR060C 4 148
YMR061W 5 114
YMR062C 3 5
YMR063W 8 382
YMR064W 4 197
YMR065W 3 22
YMR066W 6 118
YMR067C 2 8
YMR068W 3 14
YMR069W 4 180
YMR070W 1 2
YMR071C 3 7
YMR072W 4 29
YMR073C 3 18
YMR074C 4 35
YMR075W 3 30
YMR075C-A 4 197
YMR076C 0 0
YMR077C 2 5
YMR078C 8 581
YMR079W 8 128
YMR080C 0 0
YMR081C 2 8
YMR082C 0 0
YMR083W 2 42
YMR084W 1 2
YMR085W 2 11
YMR086W 4 76
YMR086C-A 3 72
YMR087W 2 59
YMR088C 0 0
YMR089C 0 0
YMR090W 1 1
YMR091C 0 0
YMR092C 4 38
YMR093W 3 45
YMR094W 3 124
YMR095C 4 63
YMR096W 3 51
YMR097C 1 3
YMR098C 0 0
YMR099C 5 112
YMR100W 3 57
YMR101C 0 0
YMR102C 2 15
YMR103C 15 2363
YMR104C 7 131
YMR105C 1 46
YMR105W-A 5 407
YMR106C 4 71
YMR107W 2 10
YMR108W 0 0
YMR109W 6 65
YMR110C 7 3731
YMR111C 3 64
YMR112C 1 31
YMR113W 3 34
YMR114C 3 52
YMR115W 5 154
YMR116C 1 41
YMR117C 9 1197
YMR118C 2 117
YMR119W 0 0
YMR119W-A 2 33
YMR120C 6 237
YMR121C 5 35
YMR122C 6 247
YMR122W-A 3 122
YMR123W 5 73
YMR124W 2 10
YMR125W 0 0
YMR126C 0 0
YMR127C 1 18
YMR128W 2 9
YMR129W 3 41
YMR130W 2 83
YMR131C 1 37
YMR132C 3 40
YMR133W 0 0
YMR134W 1 97
YMR135C 10 342
YMR135W-A 1 1
YMR136W 4 40
YMR137C 1 13
YMR138W 3 9
YMR139W 4 33
YMR140W 0 0
YMR141C 6 93
YMR142C 1 5
YMR141W-A 0 0
YMR143W 3 15
YMR144W 0 0
YMR145C 5 25
YMR146C 3 24
YMR147W 4 150
YMR148W 1 5
YMR149W 5 861
YMR150C 1 4
YMR151W 4 37
YMR152W 6 164
YMR153W 1 4
YMR153C-A 1 20
YMR154C 6 96
YMR155W 9 389
YMR156C 0 0
YMR157C 5 652
YMR158W 2 4
YMR158C-A 2 24
YMR158W-B 3 477
YMR159C 2 59
YMR160W 1 1
YMR161W 6 620
YMR162C 2 12
YMR163C 1 7
YMR164C 3 12
YMR165C 2 2
YMR166C 1 1
YMR167W 3 21
YMR168C 6 180
YMR169C 1 7
YMR170C 2 25
YMR171C 1 21
YMR172W 1 2
YMR172C-A 1 2
YMR173W 2 15
YMR173W-A 1 1
YMR174C 2 88
YMR175W 10 168
YMR175W-A 1 9
YMR176W 2 104
YMR177W 3 26
YMR178W 8 782
YMR179W 1 6
YMR180C 4 43
YMR181C 1 7
YMR182C 0 0
YMR182W-A 4 255
YMR183C 3 32
YMR184W 1 24
YMR185W 4 8
YMR186W 3 38
YMR187C 6 215
YMR188C 1 38
YMR189W 3 225
YMR190C 3 24
YMR191W 10 334
YMR192W 2 4
YMR193W 2 23
YMR193C-A 1 2
YMR194W 8 180
YMR194C-B 6 49
YMR194C-A 9 376
YMR195W 6 65
YMR196W 3 34
YMR197C 0 0
YMR198W 0 0
YMR199W 1 63
YMR200W 0 0
YMR201C 3 182
YMR202W 7 801
YMR203W 5 188
YMR204C 2 45
YMR205C 0 0
YMR206W 11 455
YMR207C 3 33
YMR208W 1 1
YMR209C 2 74
YMR210W 8 116
YMR211W 4 28
YMR212C 0 0
YMR213W 4 623
YMR214W 12 761
YMR215W 1 40
YMR216C 4 17
YMR217W 3 34
YMR218C 3 62
YMR219W 4 31
YMR220W 3 378
YMR221C 9 697
YMR222C 2 23
YMR223W 1 3
YMR224C 5 104
YMR225C 10 483
YMR226C 1 21
YMR227C 0 0
YMR228W 2 26
YMR229C 0 0
YMR230W 5 127
YMR230W-A 1 2
YMR231W 2 76
YMR232W 1 9
YMR233W 0 0
YMR234W 2 15
YMR235C 1 1
YMR236W 6 73
YMR237W 1 8
YMR238W 4 45
YMR239C 2 232
YMR240C 5 79
YMR241W 5 168
YMR242C 0 0
YMR242W-A 0 0
YMR243C 1 3
YMR244W 0 0
YMR244C-A 14 975
YMR245W 0 0
YMR246W 6 24
YMR247C 1 46
YMR247W-A 0 0
YMR250W 1 2
YMR251W 2 80
YMR251W-A 0 0
YMR252C 10 345
YMR253C 4 99
YMR254C 1 1
YMR255W 2 2
YMR256C 4 80
YMR257C 2 29
YMR258C 1 83
YMR259C 5 444
YMR260C 1 3
YMR261C 2 9
YMR262W 7 125
YMR263W 6 734
YMR264W 7 38
YMR265C 9 93
YMR266W 1 5
YMR267W 0 0
YMR268C 2 27
YMR269W 1 85
YMR270C 0 0
YMR271C 3 38
YMR272C 2 3
YMR272W-A 0 0
YMR272W-B 3 79
YMR273C 0 0
YMR274C 0 0
YMR275C 3 12
YMR276W 3 166
YMR277W 0 0
YMR278W 3 16
YMR279C 2 47
YMR280C 1 1
YMR281W 2 21
YMR282C 1 48
YMR283C 6 738
YMR284W 9 192
YMR285C 3 221
YMR286W 3 28
YMR287C 3 56
YMR288W 5 23
YMR289W 4 268
YMR290C 3 8
YMR290W-A 2 73
YMR291W 2 143
YMR292W 8 174
YMR293C 6 250
YMR294W 3 27
YMR294W-A 6 10
YMR295C 1 2
YMR296C 3 5
YMR297W 0 0
YMR298W 1 1
YMR299C 1 126
YMR300C 1 72
YMR301C 2 18
YMR302C 3 36
YMR303C 4 21
YMR304W 2 41
YMR304C-A 1 11
YMR305C 0 0
YMR306W 1 8
YMR306C-A 5 81
YMR307W 2 56
YMR307C-A 3 155
YMR308C 1 7
YMR309C 0 0
YMR310C 3 73
YMR311C 6 45
YMR312W 2 10
YMR313C 12 1602
YMR314W 3 26
YMR315W 3 170
YMR315W-A 7 336
YMR316W 0 0
YMR316C-A 5 278
YMR316C-B 0 0
YMR317W 1 2
YMR318C 4 414
YMR319C 0 0
YMR320W 4 291
YMR321C 1 2
YMR322C 0 0
YMR323W 0 0
YMR324C 2 4
YMR325W 0 0
YMR326C 12 316
YNL339C 0 0
YNL339W-B 0 0
YNL339W-A 0 0
YNL338W 0 0
YNL337W 8 283
YNL336W 0 0
YNL335W 0 0
YNL334C 4 35
YNL333W 1 2
YNL332W 0 0
YNL331C 1 4
YNL330C 2 47
YNL329C 4 699
YNL328C 9 371
YNL327W 1 15
YNL326C 2 40
YNL325C 4 44
YNL324W 0 0
YNL323W 0 0
YNL322C 7 872
YNL321W 6 112
YNL320W 3 112
YNL319W 0 0
YNL318C 0 0
YNL317W 8 227
YNL316C 5 66
YNL315C 2 21
YNL314W 1 2
YNL313C 1 1
YNL312W 2 114
YNL311C 4 260
YNL310C 3 12
YNL309W 4 382
YNL308C 3 206
YNL307C 1 1
YNL306W 5 76
YNL305C 4 54
YNL304W 4 212
YNL303W 3 295
YNL302C 1 1
YNL301C 3 26
YNL300W 0 0
YNL299W 1 4
YNL298W 1 264
YNL297C 6 311
YNL296W 0 0
YNL295W 0 0
YNL294C 2 31
YNL293W 10 471
YNL292W 7 84
YNL291C 1 1
YNL290W 7 167
YNL289W 1 6
YNL288W 3 9
YNL287W 2 2
YNL286W 2 115
YNL285W 4 116
YNL284C 5 49
YNL283C 0 0
YNL282W 11 1035
YNL281W 3 11
YNL280C 2 3
YNL279W 1 9
YNL278W 3 18
YNL277W-A 6 234
YNL277W 1 4
YNL276C 3 6
YNL275W 2 3
YNL274C 0 0
YNL273W 4 4086
YNL272C 1 25
YNL271C 0 0
YNL270C 2 22
YNL269W 0 0
YNL268W 2 45
YNL267W 0 0
YNL266W 2 10
YNL265C 5 37
YNL264C 1 453
YNL263C 3 12
YNL262W 2 152
YNL261W 2 209
YNL260C 5 55
YNL259C 6 177
YNL258C 1 448
YNL257C 2 57
YNL256W 0 0
YNL255C 4 423
YNL254C 10 1331
YNL253W 10 321
YNL252C 2 17
YNL251C 4 122
YNL250W 7 1150
YNL249C 2 3
YNL248C 3 22
YNL247W 4 38
YNL246W 3 100
YNL245C 5 4877
YNL244C 2 2
YNL243W 4 97
YNL242W 0 0
YNL241C 5 261
YNL240C 3 61
YNL239W 2 42
YNL238W 0 0
YNL237W 3 50
YNL236W 1 20
YNL235C 2 20
YNL234W 6 25
YNL233W 1 2
YNL232W 2 32
YNL231C 2 5
YNL230C 0 0
YNL229C 4 91
YNL228W 7 2216
YNL227C 1 2
YNL226W 1 79
YNL225C 4 27
YNL224C 0 0
YNL223W 7 1247
YNL222W 1 1
YNL221C 3 31
YNL220W 1 2
YNL219C 2 3
YNL218W 7 548
YNL217W 4 361
YNL216W 4 177
YNL215W 1 246
YNL214W 3 21
YNL213C 3 26
YNL212W 3 18
YNL211C 4 38
YNL210W 2 7
YNL209W 8 314
YNL208W 6 223
YNL207W 1 18
YNL206C 5 101
YNL205C 1 2
YNL204C 2 3
YNL203C 2 86
YNL202W 2 9
YNL201C 0 0
YNL200C 0 0
YNL199C 0 0
YNL198C 1 18
YNL197C 1 28
YNL196C 4 25
YNL195C 0 0
YNL194C 2 54
YNL193W 6 1064
YNL192W 4 57
YNL191W 3 11
YNL190W 1 13
YNL189W 0 0
YNL188W 0 0
YNL187W 3 55
YNL186W 3 87
YNL185C 0 0
YNL184C 0 0
YNL183C 1 7
YNL182C 2 15
YNL181W 1 3
YNL180C 4 19
YNL179C 5 818
YNL178W 1 9
YNL177C 5 83
YNL176C 3 32
YNL175C 5 294
YNL174W 0 0
YNL173C 0 0
YNL172W 1 4
YNL171C 1 5
YNL170W 2 46
YNL169C 0 0
YNL168C 1 3
YNL167C 2 47
YNL166C 2 17
YNL165W 0 0
YNL164C 1 2
YNL163C 1 1
YNL162W-A 0 0
YNL162W 2 26
YNL161W 3 63
YNL160W 2 28
YNL159C 4 83
YNL158W 5 41
YNL157W 2 5
YNL156C 3 45
YNL155W 1 3
YNL154C 3 303
YNL153C 6 70
YNL152W 4 80
YNL151C 8 352
YNL150W 4 55
YNL149C 11 1400
YNL148C 2 21
YNL147W 2 70
YNL146C-A 5 12
YNL146W 2 4
YNL145W 3 20
YNL144C 7 109
YNL144W-A 0 0
YNL143C 1 36
YNL142W 5 79
YNL141W 0 0
YNL140C 0 0
YNL139C 2 2
YNL138W-A 4 44
YNL138W 2 171
YNL137C 0 0
YNL136W 1 39
YNL135C 1 2
YNL134C 8 339
YNL133C 10 1849
YNL132W 0 0
YNL131W 0 0
YNL130C 6 435
YNL130C-A 1 2
YNL129W 1 2
YNL128W 0 0
YNL127W 0 0
YNL126W 5 86
YNL125C 8 51
YNL124W 9 1451
YNL123W 9 855
YNL122C 6 19201
YNL121C 0 0
YNL120C 0 0
YNL119W 1 1
YNL118C 1 15
YNL117W 2 47
YNL116W 4 94
YNL115C 8 94
YNL114C 0 0
YNL113W 1 1
YNL112W 0 0
YNL111C 2 9
YNL110C 2 49
YNL109W 0 0
YNL108C 2 11
YNL107W 6 433
YNL106C 1 1
YNL105W 1 18
YNL104C 7 96
YNL103W-A 2 110
YNL103W 3 52
YNL102W 0 0
YNL101W 2 10
YNL100W 7 156
YNL099C 5 95
YNL098C 0 0
YNL097C-B 6 105
YNL097C 4 520
YNL097W-A 4 39
YNL096C 1 4
YNL095C 0 0
YNL094W 1 6
YNL093W 1 1
YNL092W 3 27
YNL091W 0 0
YNL090W 3 260
YNL089C 0 0
YNL088W 1 1
YNL087W 0 0
YNL086W 0 0
YNL085W 0 0
YNL084C 2 114
YNL083W 1 14
YNL082W 4 25
YNL081C 9 246
YNL080C 1 8
YNL079C 12 436
YNL078W 4 50
YNL077W 1 1
YNL076W 0 0
YNL075W 1 2
YNL074C 5 155
YNL073W 7 94
YNL072W 0 0
YNL071W 2 291
YNL070W 6 149
YNL069C 0 0
YNL068C 6 736
YNL067W-A 2 47
YNL067W-B 10 244
YNL067W 8 186
YNL066W 5 1020
YNL065W 0 0
YNL064C 3 20
YNL063W 5 44
YNL062C 1 1
YNL061W 4 74
YNL059C 5 264
YNL058C 4 2372
YNL057W 1 12
YNL056W 7 338
YNL055C 6 729
YNL054W 3 56
YNL053W 1 2
YNL052W 7 1620
YNL051W 7 140
YNL050C 2 32
YNL049C 4 7
YNL048W 4 378
YNL047C 3 15
YNL046W 1 6
YNL045W 8 117
YNL044W 1 5
YNL043C 0 0
YNL042W-B 3 25
YNL042W 0 0
YNL041C 0 0
YNL040W 3 3
YNL039W 2 24
YNL038W 6 164
YNL037C 5 38
YNL036W 4 98
YNL035C 4 95
YNL034W 0 0
YNL033W 0 0
YNL032W 2 82
YNL031C 5 99
YNL030W 1 12
YNL029C 5 63
YNL028W 2 34
YNL027W 1 100
YNL026W 5 828
YNL025C 4 3351
YNL024C-A 4 82
YNL024C 1 517
YNL023C 0 0
YNL022C 0 0
YNL021W 1 61
YNL020C 0 0
YNL019C 0 0
YNL018C 0 0
YNL017C 3 357
YNL016W 2 7
YNL015W 0 0
YNL014W 0 0
YNL013C 0 0
YNL012W 2 177
YNL011C 2 21
YNL010W 1 8
YNL009W 4 43
YNL008C 4 46
YNL007C 4 235
YNL006W 3 50
YNL005C 1 1
YNL004W 4 128
YNL003C 7 78
YNL002C 5 207
YNL001W 1 7
YNR001C 1 5
YNR001W-A 5 84
YNR002C 4 78
YNR003C 1 15
YNR003W-A 8 387
YNR004W 4 52
YNR005C 0 0
YNR006W 4 118
YNR007C 4 214
YNR008W 2 19
YNR009W 4 169
YNR010W 2 15
YNR011C 7 443
YNR012W 2 3
YNR013C 1 15
YNR014W 11 9806
YNR015W 11 169
YNR016C 0 0
YNR017W 1 13
YNR018W 8 1648
YNR019W 3 55
YNR020C 10 830
YNR021W 6 358
YNR022C 3 164
YNR023W 0 0
YNR024W 1 103
YNR025C 0 0
YNR026C 7 64
YNR027W 6 438
YNR028W 0 0
YNR029C 2 2
YNR030W 0 0
YNR031C 0 0
YNR032W 0 0
YNR032C-A 8 146
YNR033W 6 293
YNR034W 0 0
YNR034W-A 3 52
YNR035C 7 233
YNR036C 2 63
YNR037C 10 428
YNR038W 5 838
YNR039C 2 28
YNR040W 5 92
YNR041C 0 0
YNR042W 1 10
YNR043W 0 0
YNR044W 2 8
YNR045W 1 2
YNR046W 8 488
YNR047W 6 385
YNR048W 2 13
YNR049C 4 158
YNR050C 2 14
YNR051C 0 0
YNR052C 0 0
YNR053C 4 83
YNR054C 6 458
YNR055C 1 15
YNR056C 1 25
YNR057C 0 0
YNR058W 6 541
YNR059W 1 1
YNR060W 0 0
YNR061C 1 7
YNR062C 2 121
YNR063W 0 0
YNR064C 2 164
YNR065C 2 43
YNR066C 9 828
YNR067C 4 10
YNR068C 1 2
YNR069C 1 5
YNR070W 2 27
YNR071C 2 4
YNR072W 0 0
YNR073C 1 14
YNR074C 2 75
YNR075W 4 47
YNR075C-A 1 12
YNR076W 0 0
YNR077C 6 70
YOL166W-A 14 5548
YOL166C 1 8
YOL165C 0 0
YOL164W-A 0 0
YOL164W 0 0
YOL163W 6 219
YOL162W 2 64
YOL161C 0 0
YOL160W 0 0
YOL159C-A 1 5
YOL159C 1 1
YOL158C 5 372
YOL157C 0 0
YOL156W 0 0
YOL155W-A 0 0
YOL155C 1 29
YOL154W 2 1390
YOL152W 1 1
YOL151W 2 3
YOL150C 4 192
YOL149W 0 0
YOL148C 1 20
YOL147C 0 0
YOL146W 2 30
YOL145C 4 244
YOL144W 1 2
YOL143C 2 15
YOL142W 9 199
YOL141W 3 54
YOL140W 11 508
YOL139C 5 242
YOL138C 3 19
YOL137W 3 25
YOL136C 0 0
YOL135C 5 161
YOL134C 1 1
YOL133W 6 94
YOL132W 2 11
YOL131W 1 37
YOL130W 0 0
YOL129W 10 247
YOL128C 4 227
YOL127W 0 0
YOL126C 4 685
YOL125W 4 253
YOL124C 6 2065
YOL123W 3 94
YOL122C 2 10
YOL121C 7 128
YOL120C 0 0
YOL119C 3 42
YOL118C 5 43
YOL117W 8 273
YOL116W 0 0
YOL115W 2 5
YOL114C 6 109
YOL113W 2 34
YOL112W 2 23
YOL111C 2 53
YOL110W 8 262
YOL109W 4 72
YOL108C 10 758
YOL107W 3 460
YOL106W 5 100
YOL105C 0 0
YOL104C 6 326
YOL103W 1 11
YOL102C 6 126
YOL101C 0 0
YOL100W 0 0
YOL099C 5 61
YOL098C 3 23
YOL097W-A 3 65
YOL097C 3 105
YOL096C 2 38
YOL095C 2 2
YOL094C 4 90
YOL093W 1 4
YOL092W 6 979
YOL091W 3 25
YOL090W 1 18
YOL089C 2 39
YOL088C 1 12
YOL087C 0 0
YOL086W-A 4 68
YOL086C 6 134
YOL085W-A 2 79
YOL085C 8 194
YOL084W 2 8
YOL083W 1 56
YOL083C-A 5 17
YOL082W 2 185
YOL081W 1 250
YOL080C 2 115
YOL079W 2 88
YOL078W 3 17
YOL077W-A 10 168
YOL077C 1 95
YOL076W 2 15
YOL075C 3 94
YOL073C 6 421
YOL072W 5 299
YOL071W 2 265
YOL070C 7 1153
YOL069W 2 8
YOL068C 1 1
YOL067C 1 17
YOL066C 0 0
YOL065C 3 70
YOL064C 2 3
YOL063C 1 49
YOL062C 5 474
YOL061W 10 198
YOL060C 2 15
YOL059W 8 283
YOL058W 8 220
YOL057W 7 319
YOL056W 3 57
YOL055C 1 25
YOL054W 1 16
YOL053W 2 6
YOL052C-A 0 0
YOL052C 4 94
YOL051W 2 37
YOL050C 3 1026
YOL049W 11 183
YOL048C 5 842
YOL047C 3 99
YOL046C 0 0
YOL045W 2 3
YOL044W 1 5
YOL043C 6 86
YOL042W 0 0
YOL041C 3 487
YOL040C 2 68
YOL039W 4 48
YOL038C-A 2 29
YOL038W 3 70
YOL037C 0 0
YOL036W 0 0
YOL035C 0 0
YOL034W 7 287
YOL033W 2 8
YOL032W 0 0
YOL031C 3 256
YOL030W 2 6
YOL029C 2 19
YOL028C 1 81
YOL027C 3 202
YOL026C 6 114
YOL025W 3 53
YOL024W 1 13
YOL023W 2 44
YOL022C 1 21
YOL021C 7 108
YOL020W 1 8
YOL019W-A 7 153
YOL019W 2 9
YOL018C 5 50
YOL017W 0 0
YOL016C 0 0
YOL015W 0 0
YOL014W 0 0
YOL013W-B 0 0
YOL013W-A 1 2
YOL013C 0 0
YOL012C 0 0
YOL011W 0 0
YOL010W 2 12
YOL009C 4 48
YOL008W 4 103
YOL007C 1 6
YOL006C 1 17
YOL005C 8 203
YOL004W 1 5
YOL003C 11 850
YOL002C 4 20
YOL001W 2 24
YOR001W 3 420
YOR002W 1 176
YOR003W 0 0
YOR004W 4 68
YOR005C 2 39
YOR006C 1 2
YOR007C 2 30
YOR008C 0 0
YOR008C-A 0 0
YOR008W-B 4 80
YOR009W 0 0
YOR010C 2 40
YOR011W 0 0
YOR011W-A 0 0
YOR012W 2 3
YOR013W 1 11
YOR014W 0 0
YOR015W 1 2
YOR016C 1 6
YOR017W 2 20
YOR018W 0 0
YOR019W 2 3
YOR020C 3 17
YOR020W-A 3 23
YOR021C 2 17
YOR022C 3 8
YOR023C 6 147
YOR024W 8 128
YOR025W 8 96
YOR026W 7 1255
YOR027W 3 83
YOR028C 0 0
YOR029W 6 108
YOR030W 0 0
YOR031W 9 104
YOR032C 5 62
YOR032W-A 2 179
YOR033C 2 29
YOR034C 0 0
YOR034C-A 4 240
YOR035C 3 42
YOR036W 4 171
YOR037W 1 2
YOR038C 3 50
YOR039W 2 5
YOR040W 1 35
YOR041C 6 102
YOR042W 5 185
YOR043W 0 0
YOR044W 3 48
YOR045W 4 182
YOR046C 0 0
YOR047C 0 0
YOR048C 0 0
YOR049C 0 0
YOR050C 2 49
YOR051C 3 168
YOR052C 2 37
YOR053W 4 53
YOR054C 2 7
YOR055W 0 0
YOR056C 1 36
YOR057W 2 4
YOR058C 0 0
YOR059C 6 37
YOR060C 8 171
YOR061W 0 0
YOR062C 1 16
YOR063W 6 833
YOR064C 22 704
YOR065W 1 1
YOR066W 6 185
YOR067C 1 13
YOR069W 1 2
YOR068C 4 141
YOR070C 3 17
YOR071C 1 12
YOR072W 2 52
YOR072W-A 7 166
YOR072W-B 1 5
YOR073W 4 70
YOR074C 4 61
YOR073W-A 4 279
YOR075W 6 501
YOR076C 10 139
YOR077W 1 1
YOR078W 10 292
YOR079C 4 44
YOR080W 0 0
YOR081C 1 1
YOR082C 4 61
YOR083W 2 228
YOR084W 5 40
YOR085W 3 57
YOR086C 2 9
YOR087W 4 77
YOR089C 2 6
YOR090C 2 10
YOR091W 0 0
YOR092W 0 0
YOR093C 1 36
YOR094W 0 0
YOR095C 3 20
YOR096W 1 80
YOR097C 3 137
YOR098C 7 155
YOR099W 7 423
YOR100C 2 26
YOR101W 2 8
YOR102W 8 514
YOR103C 5 132
YOR104W 2 20
YOR105W 0 0
YOR106W 2 2
YOR107W 3 25
YOR108W 3 41
YOR108C-A 4 55
YOR109W 3 6
YOR110W 0 0
YOR111W 5 26
YOR112W 1 67
YOR113W 0 0
YOR114W 4 25
YOR115C 3 529
YOR116C 0 0
YOR117W 1 27
YOR118W 1 28
YOR119C 3 27
YOR120W 2 8
YOR121C 3 316
YOR122C 7 57
YOR123C 1 7
YOR124C 1 1
YOR125C 1 42
YOR126C 9 72
YOR127W 0 0
YOR128C 1 25
YOR129C 2 99
YOR130C 1 2
YOR131C 0 0
YOR132W 1 43
YOR133W 4 8
YOR134W 1 13
YOR135C 1 45
YOR136W 1 31
YOR137C 1 33
YOR138C 3 498
YOR139C 0 0
YOR140W 1 5
YOR141C 4 128
YOR142W 7 74
YOR143C 1 1
YOR144C 2 25
YOR145C 1 31
YOR146W 1 1
YOR147W 6 195
YOR148C 4 452
YOR149C 2 9
YOR150W 7 204
YOR151C 0 0
YOR152C 2 14
YOR153W 1 7
YOR154W 1 2
YOR155C 6 381
YOR156C 0 0
YOR157C 2 48
YOR158W 5 187
YOR159C 4 55
YOR160W 0 0
YOR161C 5 110
YOR161W-A 1 2
YOR161W-B 4 134
YOR161C-C 10 1801
YOR162C 3 46
YOR163W 5 80
YOR164C 2 47
YOR165W 9 384
YOR166C 3 339
YOR167C 0 0
YOR168W 7 199
YOR169C 2 33
YOR170W 0 0
YOR171C 0 0
YOR172W 7 190
YOR173W 2 170
YOR174W 0 0
YOR175C 2 36
YOR176W 2 19
YOR177C 3 637
YOR178C 5 101
YOR179C 3 21
YOR180C 1 13
YOR181W 1 29
YOR182C 2 36
YOR183W 1 7
YOR184W 0 0
YOR185C 0 0
YOR186W 4 162
YOR186C-A 4 25
YOR187W 0 0
YOR188W 0 0
YOR189W 1 8
YOR190W 2 51
YOR191W 0 0
YOR192C 2 30
YOR192C-C 0 0
YOR193W 1 12
YOR194C 1 1
YOR195W 1 23
YOR196C 7 607
YOR197W 11 569
YOR198C 2 7
YOR199W 2 7
YOR200W 11 3587
YOR201C 8 136
YOR202W 3 341
YOR203W 4 50
YOR204W 7 84
YOR205C 7 365
YOR206W 7 163
YOR207C 5 376
YOR208W 4 77
YOR209C 0 0
YOR210W 4 75
YOR211C 2 15
YOR212W 4 29
YOR213C 3 24
YOR214C 1 8
YOR215C 3 19
YOR216C 6 198
YOR217W 4 68
YOR218C 0 0
YOR219C 3 10
YOR220W 5 543
YOR221C 6 35
YOR222W 0 0
YOR223W 6 93
YOR224C 0 0
YOR225W 0 0
YOR226C 7 544
YOR227W 3 37
YOR228C 0 0
YOR229W 3 83
YOR230W 0 0
YOR231W 2 29
YOR231C-A 1 214
YOR232W 2 18
YOR233W 1 2
YOR234C 3 87
YOR235W 1 4
YOR236W 4 172
YOR237W 0 0
YOR238W 1 1
YOR239W 3 9
YOR241W 2 73
YOR242C 0 0
YOR243C 2 101
YOR244W 1 3
YOR245C 10 421
YOR246C 0 0
YOR247W 0 0
YOR248W 1 7
YOR249C 1 1
YOR250C 2 26
YOR251C 13 1550
YOR252W 3 53
YOR253W 2 63
YOR254C 5 63
YOR255W 2 20
YOR256C 0 0
YOR257W 3 12
YOR258W 1 1
YOR259C 6 83
YOR260W 2 4
YOR261C 0 0
YOR262W 3 3
YOR263C 0 0
YOR264W 2 30
YOR265W 5 131
YOR266W 3 81
YOR267C 2 26
YOR268C 5 74
YOR269W 8 135
YOR270C 0 0
YOR271C 7 325
YOR272W 2 157
YOR273C 10 278
YOR274W 9 593
YOR275C 7 678
YOR276W 6 608
YOR277C 1 4
YOR278W 3 33
YOR279C 2 28
YOR280C 2 83
YOR281C 4 62
YOR282W 0 0
YOR283W 2 17
YOR284W 3 279
YOR285W 8 510
YOR286W 2 103
YOR287C 3 165
YOR288C 2 70
YOR289W 4 22
YOR290C 0 0
YOR291W 2 29
YOR292C 10 613
YOR293W 0 0
YOR293C-A 2 12
YOR294W 3 16
YOR295W 1 37
YOR296W 0 0
YOR297C 4 644
YOR298W 2 38
YOR298C-A 3 65
YOR299W 2 92
YOR300W 1 7
YOR301W 4 545
YOR302W 6 154
YOR303W 5 17
YOR304W 1 80
YOR304C-A 1 22
YOR305W 0 0
YOR306C 3 13
YOR307C 1 2
YOR308C 0 0
YOR309C 1 46
YOR310C 3 216
YOR311C 6 85
YOR312C 0 0
YOR313C 0 0
YOR314W 1 2
YOR314W-A 19 3087
YOR315W 2 17
YOR316C 2 16
YOR316C-A 7 146
YOR317W 8 186
YOR318C 3 75
YOR319W 1 11
YOR320C 0 0
YOR321W 5 62
YOR322C 2 19
YOR323C 3 21
YOR324C 4 89
YOR325W 3 123
YOR326W 2 14
YOR327C 1 38
YOR328W 1 17
YOR329C 1 3
YOR329W-A 3 172
YOR330C 6 214
YOR331C 1 2
YOR332W 0 0
YOR333C 3 16
YOR334W 8 101
YOR335C 1 14
YOR335W-A 0 0
YOR336W 6 1205
YOR337W 7 153
YOR338W 1 41
YOR339C 0 0
YOR340C 4 26
YOR341W 0 0
YOR342C 5 202
YOR343C 20 3564
YOR344C 2 9
YOR345C 1 11
YOR346W 3 18
YOR347C 0 0
YOR348C 3 32
YOR349W 7 143
YOR350C 2 66
YOR351C 0 0
YOR352W 2 38
YOR353C 1 5
YOR354C 8 940
YOR355W 0 0
YOR356W 3 95
YOR357C 8 1974
YOR358W 3 118
YOR359W 3 6
YOR360C 3 18
YOR361C 11 722
YOR362C 2 9
YOR363C 4 140
YOR364W 7 1241
YOR365C 1 2
YOR366W 0 0
YOR367W 4 1131
YOR368W 1 161
YOR369C 0 0
YOR370C 0 0
YOR371C 4 59
YOR372C 0 0
YOR373W 0 0
YOR374W 5 331
YOR375C 1 4
YOR376W 3 10
YOR376W-A 0 0
YOR377W 4 86
YOR378W 0 0
YOR379C 5 269
YOR380W 3 31
YOR381W 0 0
YOR381W-A 4 144
YOR382W 0 0
YOR383C 2 7
YOR384W 0 0
YOR385W 6 714
YOR386W 3 427
YOR387C 0 0
YOR388C 0 0
YOR389W 2 139
YOR390W 2 8
YOR391C 0 0
YOR392W 3 30
YOR393W 0 0
YOR394W 0 0
YOR394C-A 0 0
YOR396W 0 0
YOR396C-A 0 0
YPL283C 0 0
YPL283W-B 0 0
YPL283W-A 0 0
YPL282C 0 0
YPL281C 0 0
YPL280W 0 0
YPL279C 3 15
YPL278C 0 0
YPL277C 0 0
YPL274W 3 54
YPL273W 0 0
YPL272C 0 0
YPL271W 8 412
YPL270W 4 608
YPL269W 9 178
YPL268W 6 7103
YPL267W 3 72
YPL266W 2 40
YPL265W 2 13
YPL264C 3 252
YPL263C 4 14
YPL262W 3 12
YPL261C 5 82
YPL260W 0 0
YPL259C 2 216
YPL258C 1 18
YPL257W 0 0
YPL256C 1 1
YPL255W 1 19
YPL254W 2 5
YPL253C 8 349
YPL252C 9 281
YPL251W 3 54
YPL250C 6 90
YPL249C-A 0 0
YPL250W-A 0 0
YPL249C 3 353
YPL248C 1 93
YPL247C 2 26
YPL246C 0 0
YPL245W 3 89
YPL244C 2 37
YPL243W 0 0
YPL242C 1 6
YPL241C 8 334
YPL240C 5 21
YPL239W 2 8
YPL238C 0 0
YPL237W 0 0
YPL236C 1 34
YPL235W 0 0
YPL234C 1 1
YPL233W 4 7
YPL232W 0 0
YPL231W 4 326
YPL230W 1 1
YPL229W 6 1455
YPL228W 3 66
YPL227C 0 0
YPL226W 0 0
YPL225W 1 3
YPL224C 10 67
YPL223C 5 1236
YPL222W 4 196
YPL222C-A 2 35
YPL221W 6 124
YPL220W 12 1525
YPL219W 3 68
YPL218W 1 3
YPL217C 2 2
YPL216W 0 0
YPL215W 6 48
YPL214C 1 2
YPL213W 7 558
YPL212C 5 294
YPL211W 3 52
YPL210C 1 8
YPL209C 3 91
YPL208W 4 36
YPL207W 1 1
YPL206C 4 251
YPL205C 0 0
YPL204W 1 1
YPL203W 3 182
YPL202C 9 258
YPL201C 2 21
YPL200W 0 0
YPL199C 4 34
YPL198W 12 905
YPL197C 0 0
YPL196W 2 20
YPL195W 8 627
YPL194W 0 0
YPL193W 3 34
YPL192C 3 29
YPL191C 0 0
YPL190C 1 3
YPL189C-A 5 508
YPL189W 3 96
YPL188W 1 76
YPL187W 0 0
YPL186C 12 420
YPL185W 3 43
YPL184C 0 0
YPL183W-A 2 109
YPL183C 4 197
YPL182C 1 2
YPL181W 5 143
YPL180W 2 3
YPL179W 0 0
YPL178W 2 45
YPL177C 4 188
YPL176C 4 14
YPL175W 0 0
YPL174C 0 0
YPL173W 5 713
YPL172C 0 0
YPL171C 4 90
YPL170W 1 3
YPL169C 4 42
YPL168W 2 16
YPL167C 4 321
YPL166W 5 192
YPL165C 0 0
YPL164C 3 155
YPL163C 0 0
YPL162C 1 1
YPL161C 0 0
YPL160W 1 4
YPL159C 0 0
YPL158C 0 0
YPL157W 4 34
YPL156C 3 33
YPL155C 4 427
YPL154C 0 0
YPL153C 2 69
YPL152W-A 6 196
YPL152W 0 0
YPL151C 4 56
YPL150W 3 12
YPL149W 3 23
YPL148C 1 48
YPL147W 3 98
YPL146C 5 4021
YPL145C 0 0
YPL144W 5 144
YPL143W 0 0
YPL142C 1 3
YPL141C 1 3
YPL140C 1 2
YPL139C 1 7
YPL138C 2 5
YPL137C 3 85
YPL136W 2 18
YPL135W 6 149
YPL135C-A 5 97
YPL134C 4 79
YPL133C 2 2
YPL132W 0 0
YPL131W 0 0
YPL130W 0 0
YPL129W 2 5
YPL128C 1 12
YPL127C 7 1468
YPL126W 2 12
YPL125W 0 0
YPL124W 4 33
YPL123C 1 29
YPL122C 6 1220
YPL121C 0 0
YPL120W 11 747
YPL119C-A 0 0
YPL119C 2 8
YPL118W 1 10
YPL117C 5 195
YPL116W 5 67
YPL115C 3 71
YPL114W 7 328
YPL113C 2 109
YPL112C 2 67
YPL111W 2 69
YPL110C 0 0
YPL109C 1 13
YPL108W 4 26
YPL107W 2 35
YPL106C 0 0
YPL105C 10 174
YPL104W 3 607
YPL103C 4 138
YPL102C 0 0
YPL101W 2 20
YPL100W 1 21
YPL099C 3 10
YPL098C 0 0
YPL097W 3 38
YPL096C-A 2 7
YPL096W 9 327
YPL095C 2 433
YPL094C 8 1080
YPL093W 2 4
YPL092W 2 5
YPL091W 0 0
YPL090C 1 1
YPL089C 13 3019
YPL088W 0 0
YPL087W 1 19
YPL086C 2 108
YPL085W 2 53
YPL084W 3 76
YPL083C 2 35
YPL082C 4 67
YPL081W 2 42
YPL080C 7 391
YPL079W 4 281
YPL078C 7 147
YPL077C 9 146
YPL076W 1 4
YPL075W 2 24
YPL074W 5 121
YPL073C 3 115
YPL072W 2 31
YPL071C 0 0
YPL070W 0 0
YPL069C 6 84
YPL068C 7 113
YPL067C 3 11
YPL066W 3 28
YPL065W 5 18
YPL064C 3 75
YPL063W 0 0
YPL062W 17 1181
YPL061W 2 9
YPL060W 5 111
YPL059W 0 0
YPL058C 1 8
YPL057C 2 14
YPL056C 13 1459
YPL055C 6 758
YPL054W 2 5
YPL053C 3 12
YPL052W 2 5
YPL051W 5 83
YPL050C 0 0
YPL049C 3 200
YPL048W 2 294
YPL047W 0 0
YPL046C 1 19
YPL045W 1 4
YPL044C 0 0
YPL043W 4 88
YPL042C 0 0
YPL041C 5 670
YPL040C 5 61
YPL039W 4 162
YPL038W-A 0 0
YPL038W 6 37
YPL037C 5 74
YPL036W 3 654
YPL035C 3 106
YPL034W 2 37
YPL033C 3 11
YPL032C 4 126
YPL031C 0 0
YPL030W 0 0
YPL029W 2 30
YPL028W 1 1
YPL027W 0 0
YPL026C 0 0
YPL025C 13 731
YPL024W 3 72
YPL023C 1 1
YPL022W 0 0
YPL021W 0 0
YPL020C 0 0
YPL019C 4 194
YPL018W 7 405
YPL017C 2 7
YPL016W 0 0
YPL015C 7 1080
YPL014W 0 0
YPL013C 7 266
YPL012W 0 0
YPL011C 1 3
YPL010W 4 11
YPL009C 1 5
YPL008W 0 0
YPL007C 1 5
YPL006W 5 123
YPL005W 0 0
YPL004C 0 0
YPL003W 2 16
YPL002C 8 189
YPL001W 4 918
YPR001W 9 741
YPR002W 3 319
YPR002C-A 5 78
YPR003C 1 2
YPR004C 0 0
YPR005C 2 24
YPR006C 1 3
YPR007C 1 12
YPR008W 1 121
YPR009W 3 161
YPR010C 0 0
YPR010C-A 7 255
YPR011C 0 0
YPR012W 6 124
YPR013C 4 22
YPR014C 0 0
YPR015C 2 11
YPR016C 0 0
YPR016W-A 0 0
YPR017C 3 198
YPR018W 0 0
YPR019W 0 0
YPR020W 4 29
YPR021C 0 0
YPR022C 1 10
YPR023C 3 66
YPR024W 1 1
YPR025C 5 127
YPR026W 3 4
YPR027C 0 0
YPR028W 3 21
YPR029C 1 3
YPR030W 3 2256
YPR031W 2 125
YPR032W 1 1
YPR033C 4 67
YPR034W 2 22
YPR035W 1 5
YPR036W 7 1490
YPR036W-A 4 30
YPR037C 3 14
YPR038W 5 506
YPR039W 6 291
YPR040W 11 146
YPR041W 2 30
YPR042C 1 3
YPR043W 4 37
YPR044C 1 4
YPR045C 4 3280
YPR046W 20 2068
YPR047W 0 0
YPR048W 2 27
YPR049C 1 1
YPR050C 6 292
YPR051W 6 266
YPR052C 5 4398
YPR053C 1 1
YPR054W 1 1
YPR055W 2 28
YPR056W 9 996
YPR057W 5 72
YPR058W 2 83
YPR059C 1 2
YPR060C 3 62
YPR061C 6 145
YPR062W 3 142
YPR063C 3 34
YPR064W 2 11
YPR065W 1 1
YPR066W 0 0
YPR067W 7 77
YPR068C 2 7
YPR069C 0 0
YPR070W 0 0
YPR071W 0 0
YPR072W 0 0
YPR073C 3 27
YPR074C 6 95
YPR074W-A 8 291
YPR075C 4 393
YPR076W 0 0
YPR077C 2 3
YPR078C 1 8
YPR079W 2 18
YPR080W 2 147
YPR081C 3 263
YPR082C 9 1515
YPR083W 2 36
YPR084W 0 0
YPR085C 1 3
YPR086W 0 0
YPR087W 1 3
YPR088C 0 0
YPR089W 3 971
YPR091C 9 399
YPR092W 2 33
YPR093C 4 180
YPR094W 3 352
YPR095C 0 0
YPR096C 0 0
YPR097W 2 33
YPR098C 8 111
YPR099C 1 151
YPR100W 5 112
YPR101W 2 7
YPR102C 1 14
YPR103W 0 0
YPR104C 0 0
YPR105C 2 92
YPR106W 2 78
YPR107C 1 2
YPR108W 2 2
YPR108W-A 1 79
YPR109W 1 37
YPR110C 1 2
YPR111W 6 88
YPR112C 4 96
YPR113W 1 363
YPR114W 1 2
YPR115W 0 0
YPR116W 1 4
YPR117W 0 0
YPR118W 5 167
YPR119W 2 24
YPR120C 0 0
YPR121W 2 17
YPR122W 4 50
YPR123C 2 62
YPR124W 2 43
YPR125W 0 0
YPR126C 3 10
YPR127W 5 786
YPR128C 3 19
YPR129W 3 34
YPR130C 3 11
YPR131C 9 950
YPR132W 6 29
YPR133C 0 0
YPR133W-A 3 47
YPR134W 0 0
YPR135W 1 4
YPR136C 0 0
YPR137W 1 111
YPR138C 2 12
YPR139C 1 25
YPR140W 1 2
YPR141C 0 0
YPR142C 0 0
YPR143W 5 374
YPR144C 2 25
YPR145W 7 227
YPR145C-A 4 118
YPR146C 2 112
YPR147C 4 195
YPR148C 3 72
YPR149W 0 0
YPR150W 5 112
YPR151C 23 787
YPR152C 4 6
YPR153W 3 44
YPR154W 4 368
YPR155C 1 2
YPR156C 1 15
YPR157W 2 25
YPR158W 3 31
YPR159W 5 146
YPR159C-A 10 721
YPR160W 3 9
YPR160W-A 1 4
YPR160C-A 0 0
YPR161C 0 0
YPR162C 4 103
YPR163C 3 33
YPR164W 0 0
YPR165W 0 0
YPR166C 6 44
YPR167C 0 0
YPR168W 1 1
YPR169W 3 435
YPR170C 6 126
YPR169W-A 9 442
YPR170W-B 9 442
YPR170W-A 5 94
YPR171W 4 77
YPR172W 4 33
YPR173C 4 29
YPR174C 6 111
YPR175W 4 92
YPR176C 8 419
YPR177C 4 293
YPR178W 1 133
YPR179C 3 29
YPR180W 3 197
YPR181C 0 0
YPR182W 3 75
YPR183W 7 508
YPR184W 0 0
YPR185W 0 0
YPR186C 4 14
YPR187W 4 30
YPR188C 5 1543
YPR189W 3 73
YPR190C 3 35
YPR191W 4 41
YPR192W 4 40
YPR193C 4 39
YPR194C 0 0
YPR195C 5 111
YPR196W 5 51
YPR197C 0 0
YPR198W 1 184
YPR199C 10 570
YPR200C 0 0
YPR201W 1 1
YPR202W 0 0
YPR203W 0 0
YPR204W 0 0
YPR204C-A 0 0
