YAL069W 4 77
YAL068W-A 9 225
YAL068C 0 0
YAL067W-A 5 247
YAL067C 3 18
YAL066W 3 314
YAL065C 2 2
YAL064W-B 2 2
YAL064C-A 1 2
YAL064W 3 101
YAL063C-A 0 0
YAL063C 2 45
YAL062W 8 901
YAL061W 1 2
YAL060W 2 29
YAL059C-A 0 0
YAL059W 5 5658
YAL058W 6 126
YAL056C-A 14 11657
YAL056W 6 149
YAL055W 4 75
YAL054C 4 149
YAL053W 0 0
YAL051W 2 375
YAL049C 2 18
YAL048C 3 15
YAL047W-A 2 17
YAL047C 2 10
YAL046C 8 505
YAL045C 2 97
YAL044W-A 9 535
YAL044C 10 1443
YAL043C 7 1775
YAL042C-A 5 44
YAL042W 5 105
YAL041W 1 191
YAL040C 1 12
YAL039C 9 3230
YAL038W 1 20
YAL037C-B 1 1
YAL037C-A 3 79
YAL037W 1 1
YAL036C 0 0
YAL035W 2 4
YAL034C-B 2 36
YAL034W-A 5 17
YAL034C 6 310
YAL033W 0 0
YAL032C 5 119
YAL031W-A 3 68
YAL031C 3 40
YAL030W 3 49
YAL029C 1 29
YAL028W 1 3
YAL027W 2 22
YAL026C-A 0 0
YAL026C 0 0
YAL025C 5 573
YAL024C 1 16
YAL023C 1 1
YAL022C 2 6
YAL021C 3 1154
YAL020C 4 134
YAL019W-A 4 91
YAL019W 3 184
YAL018C 0 0
YAL017W 2 20
YAL016C-B 3 24
YAL016C-A 1 98
YAL016W 2 152
YAL015C 8 304
YAL014C 4 467
YAL013W 2 45
YAL012W 11 613
YAL011W 7 3395
YAL010C 1 7
YAL009W 2 269
YAL008W 3 5
YAL007C 5 428
YAL005C 2 24
YAL004W 1 274
YAL003W 9 877
YAL002W 4 975
YAL001C 7 526
YAR002W 6 121
YAR002C-A 8 21947
YAR003W 2 19
YAR007C 2 347
YAR008W 4 123
YAR014C 1 12
YAR015W 3 46
YAR018C 3 621
YAR019C 5 40
YAR019W-A 0 0
YAR020C 0 0
YAR023C 1 16
YAR027W 2 103
YAR028W 5 186
YAR029W 1 72
YAR030C 3 136
YAR031W 0 0
YAR033W 0 0
YAR035W 14 4660
YAR035C-A 9 209312
YAR042W 2 351
YAR047C 0 0
YAR050W 1 5
YAR053W 0 0
YAR060C 0 0
YAR064W 0 0
YAR066W 0 0
YAR068W 0 0
YAR069C 0 0
YAR070C 0 0
YAR071W 0 0
YAR073W 0 0
YAR075W 2 11
YBL113C 0 0
YBL113W-A 0 0
YBL112C 0 0
YBL111C 0 0
YBL109W 0 0
YBL108C-A 0 0
YBL108W 0 0
YBL107W-A 0 0
YBL107C 6 377
YBL106C 2 11
YBL105C 1 2
YBL104C 10 2742
YBL103C 0 0
YBL102W 1 2
YBL101C 9 65
YBL100W-C 10 62
YBL100C 0 0
YBL099W 1 2
YBL098W 2 159
YBL097W 0 0
YBL096C 1 15
YBL095W 3 7
YBL094C 3 68
YBL093C 3 20
YBL092W 0 0
YBL091C-A 1 3
YBL091C 2 9
YBL090W 1 2
YBL089W 3 723
YBL088C 1 5
YBL087C 3 108
YBL086C 3 293
YBL085W 0 0
YBL084C 2 10
YBL083C 1 51
YBL082C 4 374
YBL081W 1 18
YBL080C 0 0
YBL079W 2 33
YBL078C 2 43
YBL077W 5 24
YBL076C 1 15
YBL075C 5 50
YBL074C 6 68
YBL073W 1 1
YBL072C 2 7
YBL071C-B 3 51
YBL071W-A 9 785
YBL071C 2 104
YBL070C 3 152
YBL069W 2 8112
YBL068W-A 4 332
YBL068W 3 12
YBL067C 2 9
YBL066C 2 13
YBL065W 0 0
YBL064C 7 378
YBL063W 4 156
YBL062W 4 268
YBL061C 1 1
YBL060W 11 249
YBL059C-A 1 29
YBL059W 0 0
YBL058W 10 123
YBL057C 3 327
YBL056W 2 4
YBL055C 3 7530
YBL054W 1 238
YBL053W 5 905
YBL052C 1 4
YBL051C 0 0
YBL050W 2 31
YBL049W 0 0
YBL048W 0 0
YBL047C 2 116
YBL046W 4 104
YBL045C 0 0
YBL044W 2 56
YBL043W 4 20
YBL042C 4 31
YBL041W 3 10
YBL040C 4 155
YBL039W-B 1 3
YBL039C 1 6
YBL039C-A 0 0
YBL038W 1 1
YBL037W 1 1
YBL036C 9 1312
YBL035C 1 5
YBL034C 3 55
YBL033C 2 19
YBL032W 3 12
YBL031W 4 253
YBL030C 1 2
YBL029C-A 6 89
YBL029W 2 113
YBL028C 5 351
YBL027W 1 6
YBL026W 0 0
YBL025W 0 0
YBL024W 6 184
YBL023C 0 0
YBL022C 2 30
YBL021C 6 267
YBL020W 1 34
YBL019W 3 874
YBL018C 1 8
YBL017C 2 54
YBL016W 2 66
YBL015W 5 28
YBL014C 1 8
YBL013W 8 358
YBL012C 0 0
YBL011W 1 5
YBL010C 3 24
YBL009W 2 7
YBL008W-A 0 0
YBL008W 0 0
YBL007C 5 1739
YBL006C 7 23
YBL006W-A 0 0
YBL005W 1 2
YBL004W 1 59
YBL003C 3 6
YBL002W 3 122
YBL001C 5 177
YBR001C 4 284
YBR002C 6 195
YBR003W 4 112
YBR004C 4 25
YBR005W 1 3
YBR006W 0 0
YBR007C 9 187
YBR008C 1 14
YBR009C 3 16
YBR010W 4 43
YBR011C 3 56
YBR012C 0 0
YBR013C 2 8
YBR014C 1 1
YBR015C 0 0
YBR016W 0 0
YBR017C 2 4
YBR018C 2 2
YBR019C 1 2
YBR020W 6 53
YBR021W 0 0
YBR022W 0 0
YBR023C 3 27
YBR024W 4 39
YBR025C 2 6
YBR026C 4 55
YBR027C 0 0
YBR028C 3 232
YBR029C 3 62
YBR030W 1 23
YBR031W 5 656
YBR032W 4 126
YBR033W 1 2
YBR034C 7 1471
YBR035C 3 28
YBR036C 6 189
YBR037C 11 238
YBR038W 2 3
YBR039W 0 0
YBR040W 1 2
YBR041W 1 55
YBR042C 1 1
YBR043C 0 0
YBR044C 0 0
YBR045C 0 0
YBR046C 7 265
YBR047W 2 7
YBR048W 0 0
YBR049C 7 861
YBR050C 1 1262
YBR051W 0 0
YBR052C 5 18
YBR053C 8 601
YBR054W 0 0
YBR055C 3 88
YBR056W 1 4
YBR056W-A 3 27
YBR056C-B 4 340
YBR057C 0 0
YBR058C 3 23
YBR058C-A 3 7
YBR059C 1 2
YBR060C 4 179
YBR061C 6 383
YBR062C 3 65
YBR063C 0 0
YBR064W 1 1
YBR065C 2 16
YBR066C 0 0
YBR067C 0 0
YBR068C 2 20
YBR069C 4 64
YBR070C 5 116
YBR071W 10 4145
YBR072W 3 56
YBR072C-A 5 16
YBR073W 5 16
YBR074W 6 56
YBR076W 0 0
YBR076C-A 8 309
YBR077C 1 1
YBR078W 6 140
YBR079C 6 614
YBR080C 2 58
YBR081C 1 15
YBR082C 5 34
YBR083W 4 18
YBR084W 4 28
YBR084C-A 2 15
YBR085W 1 1
YBR085C-A 1 12
YBR086C 3 249
YBR087W 4 121
YBR088C 0 0
YBR089W 0 0
YBR089C-A 8 159
YBR090C 5 8701
YBR091C 1 15
YBR092C 0 0
YBR093C 1 1
YBR094W 3 23
YBR095C 10 331
YBR096W 0 0
YBR097W 1 7
YBR098W 6 428
YBR099C 1 1
YBR101C 0 0
YBR102C 2 453
YBR103W 3 83
YBR103C-A 5 31
YBR104W 2 43
YBR105C 3 34
YBR106W 3 364
YBR107C 5 353
YBR108W 5 1263
YBR109C 2 25
YBR109W-A 3 54
YBR110W 0 0
YBR111C 4 112
YBR111W-A 6 137
YBR112C 0 0
YBR113W 0 0
YBR114W 4 17
YBR115C 3 21
YBR116C 2 26
YBR117C 7 67
YBR118W 2 3
YBR119W 2 172
YBR120C 3 9
YBR121C 1 8
YBR121C-A 0 0
YBR122C 8 449
YBR123C 2 8
YBR124W 0 0
YBR125C 0 0
YBR126C 3 53
YBR126W-A 9 1259
YBR126W-B 8 526
YBR127C 4 10
YBR128C 5 483
YBR129C 6 196
YBR130C 1 2
YBR131W 2 42
YBR131C-A 1 1
YBR132C 2 35
YBR133C 2 7
YBR134W 1 48
YBR135W 3 93
YBR136W 2 19
YBR137W 0 0
YBR138C 1 2
YBR139W 5 305
YBR140C 2 40
YBR141C 1 1
YBR141W-A 5 108
YBR142W 1 5
YBR143C 3 23
YBR144C 11 424
YBR145W 6 87
YBR146W 0 0
YBR147W 3 24
YBR148W 2 142
YBR149W 10 181
YBR150C 4 47
YBR151W 3 41
YBR152W 2 38
YBR153W 3 7
YBR154C 0 0
YBR155W 1 2
YBR156C 4 91
YBR157C 3 9
YBR158W 1 13
YBR159W 3 156
YBR160W 0 0
YBR161W 0 0
YBR162C 4 45
YBR162W-A 8 216
YBR163W 2 115
YBR164C 0 0
YBR165W 0 0
YBR166C 3 7
YBR167C 2 41
YBR168W 1 5
YBR169C 1 3
YBR170C 2 36
YBR171W 2 751
YBR172C 2 16
YBR173C 9 109
YBR174C 6 59
YBR175W 6 250
YBR176W 1 6
YBR177C 1 34
YBR178W 2 6
YBR179C 3 25
YBR180W 4 12
YBR181C 5 135
YBR182C 4 290
YBR182C-A 3 1066
YBR183W 2 75
YBR184W 1 1
YBR185C 0 0
YBR186W 2 5
YBR187W 2 41
YBR188C 1 10
YBR189W 1 6
YBR190W 2 220
YBR191W 0 0
YBR191W-A 0 0
YBR192W 1 1
YBR193C 5 44
YBR194W 0 0
YBR195C 3 337
YBR196C 0 0
YBR196C-A 4 585
YBR196C-B 6 104
YBR197C 6 194
YBR198C 1 1
YBR199W 2 8
YBR200W 1 7
YBR200W-A 0 0
YBR201W 2 435
YBR201C-A 3 11
YBR202W 0 0
YBR203W 4 1649
YBR204C 4 275
YBR205W 6 151
YBR206W 1 1
YBR207W 3 38
YBR208C 1 1
YBR209W 3 128
YBR210W 1 11
YBR211C 0 0
YBR212W 2 32
YBR213W 4 24
YBR214W 0 0
YBR215W 7 2481
YBR216C 3 361
YBR217W 3 141
YBR218C 2 40
YBR219C 2 468
YBR220C 3 131
YBR221C 0 0
YBR221W-A 7 177
YBR222C 4 38
YBR223C 2 3
YBR223W-A 1 3
YBR224W 0 0
YBR225W 1 6
YBR226C 2 11
YBR227C 1 5
YBR228W 2 6
YBR229C 5 186
YBR230C 2 20
YBR230W-A 9 296
YBR231C 5 46
YBR232C 0 0
YBR233W 2 40
YBR233W-A 2 67
YBR234C 2 164
YBR235W 2 44
YBR236C 2 11
YBR237W 6 380
YBR238C 3 12
YBR239C 1 4
YBR240C 7 129
YBR241C 3 23
YBR242W 1 4
YBR243C 2 10
YBR244W 0 0
YBR245C 1 97
YBR246W 3 167
YBR247C 0 0
YBR248C 0 0
YBR249C 2 36
YBR250W 0 0
YBR251W 3 192
YBR252W 1 1
YBR253W 5 1031
YBR254C 8 1247
YBR255W 3 213
YBR255C-A 10 332
YBR256C 9 207
YBR257W 5 670
YBR258C 7 482
YBR259W 5 254
YBR260C 7 175
YBR261C 4 37
YBR262C 3 12
YBR263W 4 33
YBR264C 3 33
YBR265W 2 44
YBR267W 2 55
YBR266C 3 69
YBR268W 8 164
YBR269C 6 778
YBR270C 0 0
YBR271W 2 50
YBR272C 6 437
YBR273C 4 291
YBR274W 0 0
YBR275C 0 0
YBR276C 0 0
YBR277C 3 148
YBR278W 4 70
YBR279W 1 1
YBR280C 3 34
YBR281C 5 443
YBR282W 2 879
YBR283C 2 21
YBR284W 6 149
YBR285W 2 36
YBR286W 0 0
YBR287W 3 140
YBR288C 4 102
YBR289W 4 152
YBR290W 5 1252
YBR291C 0 0
YBR292C 1 17
YBR293W 3 38
YBR294W 0 0
YBR295W 2 35
YBR296C 6 127
YBR296C-A 3 88
YBR297W 7 786
YBR298C 2 3
YBR298C-A 1 6
YBR299W 2 12
YBR300C 0 0
YBR301W 0 0
YBR302C 0 0
YCL076W 2 5
YCL073C 0 0
YCL069W 0 0
YCL068C 0 0
YCL067C 0 0
YCL066W 0 0
YCL065W 0 0
YCL064C 7 636
YCL063W 10 260
YCL061C 4 347
YCL059C 7 515
YCL058C 7 154
YCL058W-A 1 21
YCL057C-A 7 349
YCL057W 2 893
YCL056C 2 176
YCL055W 3 27
YCL054W 1 2
YCL052C 0 0
YCL051W 4 524
YCL050C 2 60
YCL049C 4 27
YCL048W-A 0 0
YCL048W 2 108
YCL047C 7 78
YCL045C 3 245
YCL046W 0 0
YCL044C 3 28
YCL043C 1 13
YCL041C 11 764
YCL042W 1 1
YCL040W 5 470
YCL039W 7 140
YCL038C 1 76
YCL037C 1 45
YCL036W 9 320
YCL035C 6 43
YCL034W 6 130
YCL033C 2 10
YCL032W 0 0
YCL031C 4 108
YCL030C 4 151
YCL029C 3 81
YCL028W 6 21
YCL027W 1 27
YCL026C-B 4 38
YCL026C-A 4 216
YCL025C 8 1165
YCL023C 0 0
YCL024W 2 4
YCL022C 1 1
YCL021W-A 0 0
YCL018W 7 978
YCL017C 1 2
YCL016C 4 41
YCL014W 3 132
YCL012C 4 19
YCL011C 4 447
YCL010C 11 329
YCL009C 5 234
YCL008C 3 19
YCL007C 3 43
YCL005W-A 5 175
YCL005W 4 197
YCL004W 6 92
YCL002C 4 25
YCL001W 4 160
YCL001W-A 1 29
YCL001W-B 3 13
YCR001W 3 34
YCR002C 3 11
YCR003W 8 527
YCR004C 0 0
YCR005C 6 760
YCR006C 11 230
YCR007C 5 405
YCR008W 0 0
YCR009C 2 17
YCR010C 5 32
YCR011C 0 0
YCR012W 3 93
YCR013C 7 1048
YCR014C 5 837
YCR015C 1 25
YCR016W 3 454
YCR017C 4 1748
YCR018C 0 0
YCR018C-A 4 33
YCR019W 0 0
YCR020C 1 6
YCR020C-A 8 991
YCR020W-B 3 34
YCR021C 0 0
YCR022C 9 421
YCR023C 2 49
YCR024C 4 138
YCR024C-B 2 23
YCR024C-A 0 0
YCR025C 10 2675
YCR026C 3 790
YCR027C 3 29
YCR028C 1 22
YCR028C-A 2 84
YCR030C 2 38
YCR031C 2 8
YCR032W 1 1
YCR033W 1 3
YCR034W 1 175
YCR035C 11 353
YCR036W 4 170
YCR037C 2 7817
YCR038C 0 0
YCR038W-A 0 0
YCR039C 0 0
YCR040W 0 0
YCR041W 0 0
YCR042C 1 19
YCR043C 2 10
YCR044C 2 63
YCR045C 4 343
YCR045W-A 0 0
YCR046C 2 5
YCR047C 0 0
YCR047W-A 0 0
YCR049C 3 316
YCR048W 3 27
YCR050C 0 0
YCR051W 3 52
YCR052W 2 34
YCR053W 2 130
YCR054C 0 0
YCR057C 1 56
YCR059C 11 305
YCR060W 8 187
YCR061W 11 228
YCR064C 5 124
YCR063W 6 193
YCR065W 2 8
YCR066W 6 158
YCR067C 1 1
YCR068W 1 18
YCR069W 3 53
YCR071C 4 148
YCR072C 5 169
YCR073C 1 71
YCR073W-A 7 1121
YCR075C 6 582
YCR075W-A 4 162
YCR076C 14 272
YCR077C 6 36
YCR079W 4 90
YCR081W 1 4
YCR081C-A 6 10080
YCR082W 6 161
YCR083W 7 24
YCR084C 1 10
YCR085W 0 0
YCR086W 2 21
YCR087W 0 0
YCR087C-A 6 827
YCR088W 5 1145
YCR089W 0 0
YCR090C 5 79
YCR091W 5 138
YCR092C 4 197
YCR093W 3 11
YCR094W 3 5
YCR095C 6 164
YCR095W-A 2 20
YCR096C 0 0
YCR097W 0 0
YCR097W-A 0 0
YCR098C 0 0
YCR099C 2 2
YCR100C 4 224
YCR101C 0 0
YCR102C 2 31
YCR102W-A 0 0
YCR104W 0 0
YCR105W 0 0
YCR106W 5 49
YCR107W 1 4
YCR108C 13 403
YDL248W 2 225
YDL247W-A 0 0
YDL247W 0 0
YDL246C 0 0
YDL245C 0 0
YDL244W 0 0
YDL243C 4 22
YDL242W 5 89
YDL241W 2 14
YDL240C-A 1 13
YDL240W 4 151
YDL239C 0 0
YDL238C 2 231
YDL237W 0 0
YDL236W 3 36
YDL235C 0 0
YDL234C 2 34
YDL233W 0 0
YDL232W 8 456
YDL231C 1 2
YDL230W 2 40
YDL229W 3 446
YDL228C 8 102
YDL227C 1 1
YDL226C 4 310
YDL225W 4 83
YDL224C 1 6
YDL223C 0 0
YDL222C 1 5
YDL221W 1 1
YDL220C 3 165
YDL219W 2 4
YDL218W 3 59
YDL217C 4 86
YDL216C 3 12
YDL215C 5 43
YDL214C 0 0
YDL213C 6 64
YDL212W 5 137
YDL211C 0 0
YDL210W 0 0
YDL209C 2 124
YDL208W 4 164
YDL207W 6 89
YDL206W 1 55
YDL205C 3 9
YDL204W 4 85
YDL203C 0 0
YDL202W 1 10
YDL201W 2 45
YDL200C 4 219
YDL199C 4 9
YDL198C 2 75
YDL197C 7 530
YDL196W 6 317
YDL195W 2 6
YDL194W 1 5
YDL193W 1 1
YDL192W 0 0
YDL191W 0 0
YDL190C 5 49
YDL189W 0 0
YDL188C 2 9
YDL187C 3 105
YDL186W 0 0
YDL185C-A 0 0
YDL185W 1 21
YDL184C 13 746
YDL183C 3 8
YDL182W 5 152
YDL181W 0 0
YDL180W 4 25
YDL179W 1 2
YDL178W 2 102
YDL177C 3 22
YDL176W 1 6
YDL175C 7 214
YDL174C 9 406
YDL173W 6 83
YDL172C 1 4
YDL171C 2 23
YDL170W 10 233
YDL169C 4 338
YDL168W 5 2763
YDL167C 2 79
YDL166C 1 3
YDL165W 1 22
YDL164C 0 0
YDL163W 1 7
YDL162C 4 114
YDL161W 3 52
YDL160C-A 4 23
YDL160C 0 0
YDL159W-A 0 0
YDL159W 9 440
YDL159C-B 0 0
YDL158C 1 104
YDL157C 10 1935
YDL156W 1 4
YDL155W 1 2
YDL154W 0 0
YDL153C 1 5
YDL152W 0 0
YDL151C 1 2
YDL150W 1 4
YDL149W 2 133
YDL148C 7 93
YDL147W 3 27
YDL146W 0 0
YDL145C 1 4
YDL144C 5 1005
YDL143W 6 270
YDL142C 4 300
YDL141W 2 23
YDL140C 0 0
YDL139C 5 62
YDL138W 4 65
YDL137W 7 123
YDL136W 2 29
YDL135C 3 21
YDL134C 2 10
YDL133C-A 4 33
YDL133W 1 272
YDL132W 1 7
YDL131W 6 119
YDL130W-A 3 331
YDL130W 0 0
YDL129W 3 8
YDL128W 2 13
YDL127W 1 8
YDL126C 1 229
YDL125C 4 58
YDL124W 12 1676
YDL123W 7 852
YDL122W 2 34
YDL121C 10 414
YDL120W 0 0
YDL119C 0 0
YDL118W 2 25
YDL117W 1 4
YDL116W 2 7
YDL115C 2 5
YDL114W-A 2 58
YDL114W 0 0
YDL113C 0 0
YDL112W 2 9
YDL111C 6 216
YDL110C 2 3
YDL109C 1 226
YDL108W 1 1
YDL107W 1 118
YDL106C 1 116
YDL105W 7 110
YDL104C 2 11
YDL103C 1 25
YDL102W 3 54
YDL101C 1 2
YDL100C 7 1621
YDL099W 4 112
YDL098C 4 61
YDL097C 0 0
YDL096C 1 4
YDL095W 2 14
YDL094C 3 77
YDL093W 3 774
YDL092W 8 1161
YDL091C 2 3
YDL090C 6 902
YDL089W 0 0
YDL088C 4 7
YDL087C 5 264
YDL086W 3 173
YDL086C-A 0 0
YDL085C-A 2 11
YDL085W 3 18
YDL084W 0 0
YDL083C 0 0
YDL082W 4 80
YDL081C 0 0
YDL080C 1 274
YDL079C 9 166
YDL078C 6 231
YDL077C 2 77
YDL076C 1 15
YDL075W 1 4
YDL074C 0 0
YDL073W 3 52
YDL072C 3 167
YDL071C 0 0
YDL070W 1 11
YDL069C 0 0
YDL068W 1 1
YDL067C 3 36
YDL066W 7 233
YDL065C 2 28
YDL064W 6 422
YDL063C 1 29
YDL062W 1 78
YDL061C 4 45
YDL060W 3 225
YDL059C 3 116
YDL058W 3 11
YDL057W 4 30
YDL056W 3 9
YDL055C 0 0
YDL054C 0 0
YDL053C 2 9
YDL052C 3 94
YDL051W 1 4
YDL050C 1 115
YDL049C 5 27
YDL048C 8 691
YDL047W 1 2
YDL046W 3 78
YDL045W-A 3 18
YDL045C 0 0
YDL044C 5 57
YDL043C 1 2
YDL042C 9 2074
YDL041W 3 182
YDL040C 4 33177
YDL039C 4 80
YDL037C 3 84
YDL036C 6 70
YDL035C 1 48
YDL034W 2 101
YDL033C 1 10
YDL032W 3 133
YDL031W 1 1
YDL030W 3 109
YDL029W 2 417
YDL028C 3 219
YDL027C 2 20
YDL026W 1 9
YDL025C 3 74
YDL025W-A 0 0
YDL024C 6 269
YDL022C-A 1 1
YDL023C 2 33
YDL022W 4 524
YDL021W 2 38
YDL020C 0 0
YDL019C 1 2
YDL018C 3 6
YDL017W 1 33
YDL016C 1 22
YDL015C 2 25
YDL014W 0 0
YDL013W 0 0
YDL012C 9 463
YDL011C 0 0
YDL010W 3 9
YDL009C 0 0
YDL008W 4 61
YDL007C-A 5 76
YDL007W 2 9
YDL006W 2 9
YDL005C 1 42
YDL004W 1 9
YDL003W 0 0
YDL002C 3 69
YDL001W 1 13
YDR001C 3 28
YDR002W 1 13
YDR003W 1 2
YDR003W-A 0 0
YDR004W 5 410
YDR005C 0 0
YDR006C 1 22
YDR007W 5 19
YDR008C 3 24
YDR009W 4 42
YDR010C 3 24
YDR011W 1 4
YDR012W 3 10
YDR013W 2 2
YDR014W 4 252
YDR014W-A 1 13
YDR015C 0 0
YDR016C 6 154
YDR017C 2 58
YDR018C 10 118
YDR019C 2 25
YDR020C 1 8
YDR021W 0 0
YDR022C 6 1329
YDR023W 3 28
YDR024W 0 0
YDR025W 1 2
YDR026C 2 62
YDR027C 0 0
YDR028C 0 0
YDR029W 0 0
YDR030C 7 833
YDR031W 5 108
YDR032C 1 3
YDR033W 1 3
YDR034C 2 101
YDR034C-A 2 19
YDR034W-B 1 2
YDR035W 6 245
YDR036C 2 6
YDR037W 0 0
YDR038C 0 0
YDR039C 0 0
YDR040C 1 4
YDR041W 5 98
YDR042C 2 6
YDR043C 0 0
YDR044W 4 44
YDR045C 3 23
YDR046C 4 32
YDR047W 0 0
YDR048C 3 40
YDR049W 4 20
YDR050C 1 6
YDR051C 1 91
YDR052C 0 0
YDR053W 0 0
YDR054C 2 6
YDR055W 1 357
YDR056C 4 579
YDR057W 4 127
YDR058C 8 126
YDR059C 6 414
YDR060W 1 92
YDR061W 2 7
YDR062W 1 32
YDR063W 1 15
YDR064W 1 1
YDR065W 1 9
YDR066C 2 15
YDR067C 1 20
YDR068W 1 46
YDR069C 4 1136
YDR070C 1 3
YDR071C 2 15
YDR072C 1 70
YDR073W 4 245
YDR074W 1 1
YDR075W 5 69
YDR076W 3 17
YDR077W 5 22
YDR078C 2 2
YDR079W 2 21
YDR079C-A 3 161
YDR080W 5 144
YDR081C 1 11
YDR082W 1 38
YDR083W 6 93
YDR084C 3 39
YDR085C 1 2
YDR086C 0 0
YDR087C 8 146
YDR088C 2 5
YDR089W 1 4
YDR090C 2 53
YDR091C 1 4
YDR092W 2 49
YDR093W 0 0
YDR094W 11 1775
YDR095C 6 30
YDR096W 1 1
YDR097C 0 0
YDR098C 12 194
YDR099W 4 94
YDR100W 6 131
YDR101C 4 36
YDR102C 1 34
YDR103W 0 0
YDR104C 2 6
YDR105C 3 2193
YDR106W 4 2573
YDR107C 0 0
YDR108W 6 114
YDR109C 11 901
YDR110W 6 124
YDR111C 4 8
YDR112W 2 3
YDR113C 0 0
YDR114C 2 58
YDR115W 5 36
YDR116C 1 15
YDR117C 0 0
YDR118W 4 155
YDR118W-A 1 22
YDR119W 0 0
YDR119W-A 4 87
YDR120C 7 218
YDR121W 1 11
YDR122W 1 39
YDR123C 2 2
YDR124W 7 616
YDR125C 6 80
YDR126W 4 21
YDR127W 2 4
YDR128W 5 250
YDR129C 2 20
YDR130C 4 205
YDR131C 2 10
YDR132C 3 127
YDR133C 2 12
YDR135C 5 305
YDR136C 1 25
YDR137W 1 13
YDR138W 4 58
YDR139C 1 1
YDR140W 4 64
YDR141C 3 70
YDR142C 4 50
YDR143C 0 0
YDR144C 0 0
YDR145W 6 142
YDR146C 1 9
YDR147W 4 35
YDR148C 2 105
YDR149C 2 37
YDR150W 2 11
YDR151C 5 79
YDR152W 8 240
YDR153C 4 90
YDR154C 1 103
YDR155C 1 1
YDR156W 2 19
YDR157W 4 183
YDR158W 3 25
YDR159W 0 0
YDR160W 0 0
YDR161W 0 0
YDR162C 0 0
YDR163W 1 21
YDR164C 1 14
YDR165W 2 11
YDR166C 0 0
YDR167W 1 61
YDR168W 4 196
YDR169C 0 0
YDR169C-A 5 111
YDR170C 0 0
YDR171W 4 215
YDR172W 5 1022
YDR173C 6 181
YDR174W 7 342
YDR175C 3 23
YDR176W 5 160
YDR177W 1 18
YDR178W 6 254
YDR179C 3 31
YDR179W-A 0 0
YDR180W 0 0
YDR181C 2 20
YDR182W 2 32
YDR182W-A 3 8
YDR183W 2 8
YDR183C-A 0 0
YDR184C 3 48
YDR185C 0 0
YDR186C 7 1129
YDR187C 3 85
YDR188W 6 374
YDR189W 2 31
YDR190C 2 46
YDR191W 1 2
YDR192C 4 49
YDR193W 0 0
YDR194C 0 0
YDR194W-A 1 4
YDR195W 1 45
YDR196C 6 456
YDR197W 0 0
YDR198C 4 2727
YDR199W 2 225
YDR200C 5 54
YDR201W 8 297
YDR202C 2 65
YDR203W 1 109
YDR204W 2 53
YDR205W 9 431
YDR206W 0 0
YDR207C 2 14
YDR208W 0 0
YDR209C 0 0
YDR210W 1 2
YDR211W 1 133
YDR212W 0 0
YDR213W 0 0
YDR214W 0 0
YDR215C 5 30
YDR216W 0 0
YDR217C 4 57
YDR218C 1 22
YDR219C 0 0
YDR220C 0 0
YDR221W 2 2
YDR222W 1 50
YDR223W 0 0
YDR224C 6 409
YDR225W 1 2
YDR226W 0 0
YDR227W 1 5
YDR228C 0 0
YDR229W 3 36
YDR230W 0 0
YDR231C 8 304
YDR232W 8 128
YDR233C 8 565
YDR234W 2 18
YDR235W 0 0
YDR236C 3 36
YDR237W 1 47
YDR238C 1 3
YDR239C 0 0
YDR240C 5 232
YDR241W 0 0
YDR242W 3 32
YDR243C 4 40
YDR244W 5 60
YDR245W 0 0
YDR246W 0 0
YDR246W-A 11 352
YDR247W 0 0
YDR248C 1 1
YDR249C 2 30
YDR250C 2 30
YDR251W 1 1
YDR252W 6 214
YDR253C 1 1
YDR254W 0 0
YDR255C 6 34
YDR256C 2 147
YDR257C 4 322
YDR258C 7 621
YDR259C 0 0
YDR260C 7 250
YDR261C 1 1
YDR262W 6 131
YDR263C 3 109
YDR264C 5 136
YDR265W 3 45
YDR266C 0 0
YDR267C 0 0
YDR268W 1 12
YDR269C 0 0
YDR270W 2 234
YDR271C 7 481
YDR272W 2 18
YDR273W 1 2
YDR274C 7 1521
YDR275W 12 2785
YDR276C 2 6
YDR277C 4 764
YDR278C 2 17
YDR279W 0 0
YDR280W 1 3
YDR281C 0 0
YDR282C 12 309
YDR283C 2 69
YDR284C 2 28
YDR285W 1 35
YDR286C 3 46
YDR287W 1 2
YDR288W 2 74
YDR289C 0 0
YDR290W 1 1
YDR291W 0 0
YDR292C 0 0
YDR293C 0 0
YDR294C 3 157
YDR295C 0 0
YDR296W 3 6
YDR297W 0 0
YDR298C 2 8
YDR299W 10 704
YDR300C 3 32
YDR301W 3 68
YDR302W 4 12
YDR303C 2 5
YDR304C 4 40
YDR305C 8 359
YDR306C 6 459
YDR307W 1 2
YDR308C 0 0
YDR309C 4 81
YDR310C 0 0
YDR311W 3 10
YDR312W 3 72
YDR313C 3 197
YDR314C 2 2
YDR315C 7 75
YDR316W 4 44
YDR317W 4 23
YDR318W 2 15
YDR319C 1 8
YDR320C 4 15
YDR320C-A 5 64
YDR320W-B 1 27
YDR321W 2 213
YDR322W 8 305
YDR322C-A 6 162
YDR323C 4 524
YDR324C 4 50
YDR325W 5 336
YDR326C 1 1
YDR327W 8 1816
YDR328C 3 34
YDR329C 7 118
YDR330W 3 50
YDR331W 7 377
YDR332W 1 43
YDR333C 3 493
YDR334W 0 0
YDR335W 0 0
YDR336W 3 141
YDR337W 4 86
YDR338C 1 1
YDR339C 3 154
YDR340W 1 2
YDR341C 1 25
YDR342C 0 0
YDR343C 0 0
YDR344C 4 91
YDR345C 0 0
YDR346C 2 7
YDR347W 1 3
YDR348C 0 0
YDR349C 3 43
YDR350C 3 96
YDR351W 2 35
YDR352W 1 7
YDR353W 3 8
YDR354W 1 2
YDR354C-A 0 0
YDR355C 0 0
YDR356W 5 863
YDR357C 2 6
YDR358W 1 10
YDR359C 3 18
YDR360W 1 1
YDR361C 5 538
YDR362C 1 3
YDR363W 0 0
YDR363W-A 11 176
YDR364C 3 69
YDR365C 1 39
YDR366C 5 57
YDR367W 3 20
YDR368W 2 53
YDR369C 3 27
YDR370C 3 32
YDR371W 1 83
YDR371C-A 1 6
YDR372C 0 0
YDR373W 0 0
YDR374C 1 1
YDR374W-A 4 220
YDR375C 9 639
YDR376W 2 22
YDR377W 1 3
YDR378C 2 15
YDR379W 2 14
YDR379C-A 5 33
YDR380W 0 0
YDR381W 0 0
YDR381C-A 1 10
YDR382W 0 0
YDR383C 4 263
YDR384C 0 0
YDR385W 6 157
YDR386W 7 318
YDR387C 2 12
YDR388W 5 1233
YDR389W 1 1
YDR390C 4 306
YDR391C 6 71
YDR392W 6 96
YDR393W 2 13
YDR394W 0 0
YDR395W 0 0
YDR396W 2 26
YDR397C 7 171
YDR398W 5 756
YDR399W 3 32
YDR400W 1 7
YDR401W 3 20
YDR402C 0 0
YDR403W 0 0
YDR404C 0 0
YDR405W 4 13
YDR406W 10 263
YDR406W-A 0 0
YDR407C 0 0
YDR408C 0 0
YDR409W 3 31
YDR410C 1 2
YDR411C 3 350
YDR412W 1 1
YDR413C 1 49
YDR414C 0 0
YDR415C 1 9
YDR416W 1 84
YDR417C 0 0
YDR418W 0 0
YDR419W 6 178
YDR420W 1 26
YDR421W 3 42
YDR422C 2 2446
YDR423C 10 381
YDR424C 4 725
YDR425W 5 491
YDR426C 3 26
YDR427W 1 28
YDR428C 4 47
YDR429C 3 38
YDR430C 2 5
YDR431W 2 77
YDR432W 1 2
YDR433W 4 60
YDR434W 0 0
YDR435C 3 7
YDR436W 1 18
YDR437W 1 1
YDR438W 2 35
YDR439W 0 0
YDR440W 0 0
YDR441C 10 486
YDR442W 2 27
YDR443C 2 9
YDR444W 0 0
YDR445C 2 7
YDR446W 2 115
YDR447C 2 3
YDR448W 1 37
YDR449C 3 20
YDR450W 1 4
YDR451C 1 108
YDR452W 3 4
YDR453C 1 14
YDR454C 0 0
YDR455C 2 50
YDR456W 4 209
YDR457W 1 5
YDR458C 2 4
YDR459C 1 43
YDR460W 2 11
YDR461W 2 21
YDR461C-A 5 119
YDR462W 6 90
YDR463W 7 204
YDR464W 1 26
YDR464C-A 0 0
YDR465C 5 17
YDR466W 3 465
YDR467C 4 356
YDR468C 1 9
YDR469W 3 57
YDR470C 1 1
YDR471W 4 414
YDR472W 0 0
YDR473C 2 38
YDR475C 1 7
YDR476C 17 1495
YDR477W 1 1
YDR478W 3 27
YDR479C 4 54
YDR480W 1 5
YDR481C 2 163
YDR482C 6 81
YDR483W 5 291
YDR484W 1 22
YDR485C 1 2
YDR486C 6 417
YDR487C 3 50
YDR488C 3 289
YDR489W 0 0
YDR490C 2 23
YDR491C 0 0
YDR492W 0 0
YDR493W 1 22
YDR494W 1 32
YDR495C 3 19
YDR496C 2 27
YDR497C 1 37
YDR498C 5 54
YDR499W 2 25
YDR500C 4 183
YDR501W 1 2
YDR502C 5 222
YDR503C 1 6
YDR504C 0 0
YDR505C 3 52
YDR506C 5 50
YDR507C 4 231
YDR508C 3 16
YDR509W 3 12
YDR510W 8 139
YDR510C-A 3 46
YDR511W 2 20
YDR512C 2 82
YDR513W 4 138
YDR514C 3 276
YDR515W 0 0
YDR516C 8 302
YDR517W 3 6
YDR518W 2 13
YDR519W 4 140
YDR520C 0 0
YDR521W 1 115
YDR522C 9 21262
YDR523C 0 0
YDR524C 4 42
YDR524W-C 7 150
YDR524C-B 4 24
YDR524C-A 6 190
YDR525W 4 24
YDR525W-A 6 468
YDR526C 3 136
YDR527W 3 70
YDR528W 1 5
YDR529C 6 40
YDR530C 6 203
YDR531W 2 107
YDR532C 1 1
YDR533C 2 19
YDR534C 0 0
YDR535C 14 4344
YDR536W 5 22
YDR537C 0 0
YDR538W 0 0
YDR539W 2 7
YDR540C 1 1
YDR541C 7 108
YDR542W 0 0
YDR543C 3 12
YDR544C 0 0
YDR545W 0 0
YDR545C-A 0 0
YEL077C 0 0
YEL077W-A 0 0
YEL076C-A 0 0
YEL076C 0 0
YEL075W-A 0 0
YEL075C 0 0
YEL074W 2 4
YEL073C 1 2
YEL072W 1 30
YEL071W 1 18
YEL070W 2 170
YEL069C 2 78
YEL068C 8 814
YEL067C 4 66
YEL066W 13 3484
YEL065W 3 9
YEL064C 2 54
YEL063C 0 0
YEL062W 6 143
YEL061C 0 0
YEL060C 5 346
YEL059C-A 2 103
YEL059W 1 12
YEL058W 4 93
YEL057C 1 48
YEL056W 0 0
YEL055C 1 16
YEL054C 0 0
YEL053W-A 1 1
YEL053C 0 0
YEL052W 5 127
YEL051W 3 23
YEL050W-A 5 88
YEL050C 2 18
YEL049W 1 2
YEL048C 1 3
YEL047C 3 60
YEL046C 3 140
YEL045C 5 83
YEL044W 3 6
YEL043W 5 180
YEL042W 2 54
YEL041W 2 34
YEL040W 4 78
YEL039C 2 5
YEL038W 4 44
YEL037C 2 25
YEL036C 2 28
YEL035C 8 1680
YEL034C-A 3 12
YEL034W 8 137
YEL033W 4 56
YEL032W 1 34
YEL032C-A 2 3
YEL031W 6 87
YEL030C-A 1 1
YEL030W 1 36
YEL029C 2 28
YEL028W 1 12
YEL027W 0 0
YEL026W 0 0
YEL025C 6 50
YEL024W 1 1
YEL023C 1 10
YEL022W 1 1
YEL021W 3 37
YEL020C-B 0 0
YEL020W-A 1 265
YEL020C 4 182
YEL019C 5 60
YEL018C-A 1 1
YEL018W 6 80
YEL017C-A 3 27
YEL017W 8 151
YEL016C 3 61
YEL015W 2 5
YEL014C 1 9
YEL013W 0 0
YEL012W 0 0
YEL011W 2 66
YEL010W 0 0
YEL009C-A 1 11
YEL009C 1 25
YEL008W 4 201
YEL008C-A 12 174
YEL007W 6 106
YEL006W 3 35
YEL005C 5 50
YEL004W 5 1310
YEL003W 9 470
YEL002C 3 120
YEL001C 9 260
YER001W 4 146
YER002W 3 16
YER003C 5 2045
YER004W 5 503
YER005W 1 54
YER006W 8 151
YER006C-A 1 15
YER007W 4 31
YER007C-A 1 1
YER008C 0 0
YER009W 2 72
YER010C 9 172
YER011W 0 0
YER012W 0 0
YER013W 1 92
YER014W 2 42
YER014C-A 1 13
YER015W 3 1566
YER016W 3 4
YER017C 0 0
YER018C 0 0
YER019W 4 60
YER019C-A 5 64
YER020W 1 5
YER021W 4 265
YER022W 0 0
YER023W 7 537
YER023C-A 1 1
YER024W 0 0
YER025W 3 27
YER026C 0 0
YER027C 1 287
YER028C 1 5
YER029C 2 2
YER030W 7 220
YER031C 4 80
YER032W 5 759
YER033C 8 338
YER034W 6 3564
YER035W 10 2010
YER036C 1 117
YER037W 9 115
YER038C 5 189
YER038W-A 0 0
YER039C 1 93
YER039C-A 13 539
YER040W 2 8
YER041W 0 0
YER042W 2 10
YER043C 3 25
YER044C 0 0
YER044C-A 1 1
YER045C 5 34
YER046W 0 0
YER046W-A 0 0
YER047C 0 0
YER048C 0 0
YER048W-A 0 0
YER049W 3 31
YER050C 1 2
YER051W 5 223
YER052C 0 0
YER053C 3 229
YER053C-A 4 137
YER054C 2 218
YER055C 0 0
YER056C 1 1
YER056C-A 2 3
YER057C 2 10
YER058W 4 147
YER059W 0 0
YER060W 0 0
YER060W-A 1 55
YER061C 2 19
YER062C 1 242
YER063W 0 0
YER064C 1 2
YER065C 1 1
YER066W 2 23
YER066C-A 5 123
YER067W 1 2
YER067C-A 2 25
YER068W 0 0
YER068C-A 1 3
YER069W 6 1763
YER070W 0 0
YER071C 2 9
YER072W 3 125
YER073W 1 52
YER074W 2 4
YER074W-A 7 90
YER075C 3 25
YER076C 0 0
YER076W-A 0 0
YER077C 4 60
YER078C 0 0
YER078W-A 5 526
YER079W 3 33
YER079C-A 0 0
YER080W 4 92
YER081W 1 2
YER082C 1 5
YER083C 4 214
YER084W 1 3
YER084W-A 2 36
YER085C 4 119
YER086W 1 7
YER087W 2 193
YER087C-A 5 133
YER087C-B 2 57
YER088C 4 129
YER088C-A 4 63
YER088W-B 14 929
YER089C 4 33
YER090W 1 2
YER090C-A 1 1
YER091C 2 7
YER091C-A 4 387
YER092W 6 2916
YER093C 2 12
YER093C-A 5 651
YER094C 0 0
YER095W 2 11
YER096W 1 1
YER097W 4 1227
YER098W 1 107
YER099C 1 1
YER100W 0 0
YER101C 1 98
YER102W 3 22
YER103W 2 6
YER104W 1 10
YER105C 0 0
YER106W 1 16
YER107C 2 24
YER107W-A 2 120
YER109C 4 23
YER110C 2 37
YER111C 1 3
YER112W 1 9
YER113C 5 242
YER114C 1 1
YER115C 1 1
YER116C 0 0
YER117W 0 0
YER118C 1 4
YER119C 7 937
YER119C-A 0 0
YER120W 5 47
YER121W 2 166
YER122C 2 26
YER123W 4 150
YER124C 1 4
YER125W 1 23
YER126C 2 9
YER127W 3 274
YER128W 3 43
YER129W 1 18
YER130C 4 146
YER131W 2 7
YER132C 2 3
YER133W 0 0
YER133W-A 0 0
YER134C 2 11
YER135C 2 27
YER136W 0 0
YER137C 6 201
YER137W-A 2 17
YER138W-A 0 0
YER139C 0 0
YER140W 2 23
YER141W 4 119
YER142C 1 19
YER143W 1 6
YER144C 6 110
YER145C 5 119
YER145C-A 1 7
YER146W 5 267
YER147C 5 85
YER147C-A 0 0
YER148W 0 0
YER148W-A 0 0
YER149C 5 181
YER150W 6 148
YER151C 2 4
YER152C 2 46
YER152W-A 1 55
YER153C 2 8
YER154W 7 856
YER155C 2 2
YER156C 7 286
YER157W 1 2
YER158C 6 180
YER158W-A 9 1873
YER159C 6 358
YER161C 6 1180
YER162C 4 2572
YER163C 4 27
YER164W 0 0
YER165W 1 5
YER165C-A 1 21
YER166W 1 1
YER167W 2 31
YER168C 1 19
YER169W 1 1
YER170W 4 86
YER171W 1 53
YER172C 2 6
YER172C-A 4 258
YER173W 2 41
YER174C 4 92
YER175C 4 143
YER175W-A 1 2
YER176W 6 750
YER177W 0 0
YER178W 4 120
YER179W 1 23
YER180C 2 14
YER180C-A 6 314
YER181C 0 0
YER182W 3 153
YER183C 6 124
YER184C 2 18
YER185W 0 0
YER186C 7 214
YER187W 1 22
YER188W 1 1
YER188C-A 7 2126
YER189W 0 0
YER190W 0 0
YER190C-A 0 0
YER190C-B 0 0
YFL068W 0 0
YFL067W 0 0
YFL066C 0 0
YFL065C 0 0
YFL064C 0 0
YFL063W 1 260
YFL062W 0 0
YFL061W 0 0
YFL060C 0 0
YFL059W 3 23
YFL058W 0 0
YFL057C 2 23
YFL056C 0 0
YFL055W 2 5
YFL054C 6 148
YFL053W 3 14
YFL052W 4 94
YFL051C 4 135
YFL050C 1 5
YFL049W 4 770
YFL048C 8 306
YFL047W 8 3402
YFL046W 2 72
YFL045C 0 0
YFL044C 0 0
YFL042C 6 146
YFL041W-A 2 338
YFL041W 1 986
YFL040W 0 0
YFL039C 3 71
YFL038C 7 121
YFL037W 3 126
YFL036W 1 82
YFL034C-B 3 42
YFL034C-A 2 12
YFL034W 3 5
YFL033C 1 10
YFL032W 1 6
YFL031W 2 336
YFL031C-A 2 15
YFL030W 0 0
YFL029C 0 0
YFL028C 6 915
YFL027C 0 0
YFL026W 3 163
YFL025C 1 1
YFL024C 4 72
YFL023W 5 38
YFL022C 2 27
YFL021C-A 1 7
YFL021W 8 1517
YFL020C 0 0
YFL019C 0 0
YFL018C 6 197
YFL017W-A 7 109
YFL017C 9 690
YFL016C 4 191
YFL015W-A 13 3430
YFL015C 5 270
YFL014W 0 0
YFL013W-A 4 22
YFL013C 1 2
YFL012W-A 2 19
YFL012W 0 0
YFL011W 0 0
YFL010W-A 0 0
YFL010C 2 100
YFL009W 0 0
YFL008W 3 53
YFL007W 0 0
YFL005W 5 58
YFL004W 0 0
YFL003C 1 67
YFL002C 3 42
YFL001W 5 39
YFR001W 1 49
YFR002W 3 111
YFR003C 5 69
YFR004W 2 21
YFR005C 2 33
YFR006W 2 79
YFR007W 3 14
YFR008W 0 0
YFR009W 1 8
YFR009W-A 0 0
YFR010W 2 48
YFR010W-A 2 22
YFR011C 4 149
YFR012W 1 1
YFR012W-A 3 21
YFR013W 4 49
YFR014C 2 9
YFR015C 6 257
YFR016C 1 1
YFR017C 6 272
YFR018C 4 70
YFR019W 2 8
YFR020W 0 0
YFR021W 0 0
YFR022W 2 6
YFR023W 1 84
YFR024C-A 8 933
YFR025C 2 3
YFR026C 1 1
YFR027W 3 134
YFR028C 3 89
YFR029W 3 620
YFR030W 0 0
YFR031C 4 147
YFR031C-A 0 0
YFR032C 1 1
YFR032C-A 2 61
YFR032C-B 0 0
YFR033C 9 387
YFR034C 4 52
YFR034W-A 2 36
YFR035C 15 251
YFR036W 4 1228
YFR036W-A 1 562
YFR037C 6 24
YFR038W 3 262
YFR039C 1 5
YFR040W 1 1
YFR041C 1 141
YFR042W 2 21
YFR043C 2 207
YFR044C 9 277
YFR045W 4 28
YFR046C 4 54
YFR047C 6 61
YFR048W 6 374
YFR049W 1 24
YFR050C 3 176
YFR051C 6 15902
YFR052W 8 231
YFR052C-A 1 21
YFR053C 2 33
YFR054C 2 13
YFR056C 0 0
YFR055W 3 21
YFR057W 2 142
YGL263W 1 89
YGL262W 2 62
YGL261C 0 0
YGL260W 0 0
YGL259W 5 98
YGL258W-A 1 4
YGL258W 0 0
YGL257C 0 0
YGL256W 0 0
YGL255W 1 1
YGL254W 4 54
YGL253W 7 333
YGL252C 7 1604
YGL251C 1 43
YGL250W 1 1
YGL249W 1 56
YGL248W 2 2
YGL247W 0 0
YGL246C 4 13
YGL245W 3 62
YGL244W 2 10
YGL243W 3 9
YGL242C 4 57
YGL241W 10 2300
YGL240W 3 163
YGL239C 2 13
YGL238W 2 28
YGL237C 3 450
YGL236C 2 47
YGL235W 3 36
YGL234W 0 0
YGL233W 2 6
YGL232W 3 45
YGL231C 5 95
YGL230C 1 30
YGL229C 0 0
YGL228W 3 271
YGL227W 1 6
YGL226C-A 1 2
YGL226W 3 3
YGL225W 4 29
YGL224C 3 80
YGL223C 5 908
YGL222C 7 151
YGL221C 8 1357
YGL220W 7 1355
YGL219C 2 14
YGL218W 2 12
YGL217C 3 85
YGL216W 2 30
YGL215W 0 0
YGL214W 1 7
YGL213C 0 0
YGL212W 2 2
YGL211W 7 161
YGL210W 0 0
YGL209W 1 2
YGL208W 7 263
YGL207W 1 4
YGL206C 3 63
YGL205W 2 304
YGL204C 0 0
YGL203C 1 3
YGL202W 2 25
YGL201C 0 0
YGL200C 0 0
YGL199C 2 7
YGL198W 2 6
YGL197W 3 14
YGL196W 1 19
YGL195W 1 1
YGL194C-A 1 2
YGL194C 5 78
YGL193C 0 0
YGL192W 1 14
YGL191W 3 21
YGL190C 3 36
YGL189C 4 163
YGL188C-A 4 163
YGL188C 5 106
YGL187C 6 122
YGL186C 6 417
YGL185C 2 28
YGL184C 1 3
YGL183C 2 55
YGL182C 4 229
YGL181W 0 0
YGL180W 2 69
YGL179C 0 0
YGL178W 0 0
YGL177W 9 387
YGL176C 1 32
YGL175C 6 82
YGL174W 3 28
YGL173C 1 32
YGL172W 2 6
YGL171W 3 10
YGL170C 0 0
YGL169W 0 0
YGL168W 2 29
YGL167C 2 13
YGL166W 5 74
YGL165C 2 15
YGL164C 2 16
YGL163C 2 115
YGL162W 2 32
YGL161C 3 46
YGL160W 4 37
YGL159W 4 39
YGL158W 1 8
YGL157W 2 84
YGL156W 1 12
YGL155W 3 36
YGL154C 4 11
YGL153W 4 13
YGL152C 4 224
YGL151W 3 164
YGL150C 0 0
YGL149W 0 0
YGL148W 2 14
YGL147C 4 39
YGL146C 1 3
YGL145W 1 1
YGL144C 1 3
YGL143C 3 33
YGL142C 3 27
YGL141W 3 54
YGL140C 0 0
YGL139W 4 240
YGL138C 2 233
YGL137W 4 11
YGL136C 10 511
YGL135W 2 15
YGL134W 1 15
YGL133W 0 0
YGL132W 0 0
YGL131C 1 6
YGL130W 0 0
YGL129C 5 394
YGL128C 1 1
YGL127C 1 1
YGL126W 2 4
YGL125W 2 6
YGL124C 4 113
YGL123W 0 0
YGL123C-A 0 0
YGL122C 1 3
YGL121C 3 126
YGL120C 0 0
YGL119W 2 6
YGL118C 6 182
YGL117W 5 133
YGL116W 0 0
YGL115W 1 7
YGL114W 4 128
YGL113W 1 41
YGL112C 1 1
YGL111W 7 121
YGL110C 1 43
YGL109W 1 43
YGL108C 7 81
YGL107C 4 25
YGL106W 4 16
YGL105W 5 34
YGL104C 3 269
YGL103W 0 0
YGL102C 4 322
YGL101W 4 90
YGL100W 2 7
YGL099W 1 19
YGL098W 4 262
YGL097W 4 80
YGL096W 1 31
YGL095C 2 14
YGL094C 3 86
YGL093W 6 360
YGL092W 1 9
YGL091C 1 32
YGL090W 2 2
YGL089C 2 183
YGL088W 15 1147
YGL087C 0 0
YGL086W 3 39
YGL085W 2 12
YGL084C 3 489
YGL083W 8 519
YGL082W 2 74
YGL081W 1 19
YGL080W 2 10
YGL079W 2 172
YGL078C 1 4
YGL077C 1 1
YGL076C 5 54
YGL075C 5 52
YGL074C 5 13
YGL073W 2 245
YGL072C 7 257
YGL071W 0 0
YGL070C 4 25
YGL069C 0 0
YGL068W 3 17
YGL067W 0 0
YGL066W 5 14
YGL065C 2 21
YGL064C 3 30
YGL063W 7 195
YGL063C-A 10 236
YGL062W 4 268
YGL061C 0 0
YGL060W 0 0
YGL059W 4 149
YGL058W 1 100
YGL057C 10 659
YGL056C 4 29
YGL055W 5 30
YGL054C 7 55
YGL053W 1 2
YGL052W 0 0
YGL051W 1 29
YGL050W 9 19245
YGL049C 1 38
YGL048C 3 23
YGL047W 0 0
YGL045W 2 6
YGL044C 3 78
YGL043W 7 916
YGL042C 1 26
YGL041C-B 1 44
YGL041W-A 1 1
YGL041C 5 140
YGL040C 4 39
YGL039W 1 4
YGL038C 0 0
YGL037C 0 0
YGL036W 3 10
YGL035C 0 0
YGL034C 3 8
YGL033W 1 3
YGL032C 0 0
YGL031C 6 89
YGL030W 1 4
YGL029W 0 0
YGL028C 0 0
YGL027C 1 5
YGL026C 3 223
YGL025C 2 98
YGL024W 1 24
YGL023C 9 140
YGL022W 3 55
YGL021W 0 0
YGL020C 4 401
YGL019W 1 2
YGL018C 0 0
YGL017W 4 229
YGL016W 1 10
YGL015C 0 0
YGL014W 0 0
YGL014C-A 3 236
YGL013C 1 6
YGL012W 7 217
YGL011C 3 14
YGL010W 2 232
YGL009C 0 0
YGL008C 0 0
YGL007C-A 5 261
YGL007W 6 251
YGL006W-A 5 126
YGL006W 5 104
YGL005C 5 585
YGL004C 1 71
YGL003C 2 19
YGL002W 4 1985
YGL001C 5 99
YGR001C 3 35
YGR002C 2 82
YGR003W 10 1039
YGR004W 0 0
YGR005C 3 67
YGR006W 5 17
YGR007W 5 773
YGR008C 2 62
YGR009C 2 7
YGR010W 0 0
YGR011W 3 31
YGR012W 5 362
YGR013W 4 80
YGR014W 0 0
YGR015C 4 144
YGR016W 6 370
YGR017W 1 3
YGR018C 8 277
YGR019W 0 0
YGR020C 1 9
YGR021W 4 186
YGR022C 0 0
YGR023W 3 133
YGR024C 1 6
YGR025W 1 6
YGR026W 0 0
YGR027C 6 157
YGR028W 4 497
YGR029W 2 25
YGR030C 3 213
YGR031W 7 87
YGR031C-A 10 777
YGR032W 1 3
YGR033C 0 0
YGR034W 3 44
YGR035C 5 170
YGR035W-A 4 252
YGR036C 1 43
YGR037C 2 3
YGR038W 1 46
YGR039W 2 42
YGR040W 2 23
YGR041W 1 46
YGR042W 7 229
YGR043C 10 884
YGR044C 1 8
YGR045C 10 579
YGR046W 1 1
YGR047C 2 459
YGR048W 0 0
YGR049W 3 8
YGR050C 5 392
YGR051C 4 59
YGR052W 0 0
YGR053C 1 4
YGR054W 2 670
YGR055W 1 1
YGR056W 5 31
YGR057C 0 0
YGR058W 9 900
YGR059W 0 0
YGR060W 2 14
YGR061C 0 0
YGR062C 1 6
YGR063C 8 220
YGR064W 1 1
YGR065C 4 35
YGR066C 1 2
YGR067C 4 114
YGR068C 2 266
YGR068W-A 4 166
YGR069W 1 2
YGR070W 6 162
YGR071C 3 338
YGR072W 2 45
YGR073C 0 0
YGR074W 2 14
YGR075C 1 2
YGR076C 4 37
YGR077C 6 138
YGR078C 8 485
YGR079W 5 6414
YGR080W 6 166
YGR081C 5 346
YGR082W 4 159
YGR083C 1 1
YGR084C 8 4750
YGR085C 2 10
YGR086C 2 8
YGR087C 2 15
YGR088W 2 93
YGR089W 0 0
YGR090W 1 41
YGR091W 1 2
YGR092W 5 351
YGR093W 2 154
YGR094W 10 570
YGR095C 2 11
YGR096W 6 362
YGR097W 1 1
YGR098C 0 0
YGR099W 4 68
YGR100W 1 5
YGR101W 11 2176
YGR102C 5 105
YGR103W 2 62
YGR104C 4 34
YGR105W 5 109
YGR106C 0 0
YGR107W 3 51
YGR108W 2 29
YGR109C 2 11
YGR110W 0 0
YGR111W 5 208
YGR112W 0 0
YGR113W 0 0
YGR114C 0 0
YGR115C 0 0
YGR116W 0 0
YGR117C 3 5
YGR118W 6 95
YGR119C 1 14
YGR120C 4 19
YGR121C 3 7
YGR121W-A 8 50
YGR122W 4 54
YGR122C-A 1 298
YGR123C 1 1
YGR124W 3 57
YGR125W 2 182
YGR126W 1 33
YGR127W 2 43
YGR128C 0 0
YGR129W 0 0
YGR130C 5 152
YGR131W 0 0
YGR132C 4 309
YGR133W 18 1927
YGR134W 3 373
YGR135W 1 20
YGR136W 5 199
YGR137W 1 19
YGR138C 0 0
YGR139W 0 0
YGR140W 0 0
YGR141W 3 194
YGR142W 4 77
YGR143W 2 3
YGR144W 0 0
YGR145W 6 68
YGR146C 1 2
YGR146C-A 10 556
YGR147C 1 19
YGR148C 3 50
YGR149W 3 152
YGR150C 3 281
YGR151C 0 0
YGR152C 0 0
YGR153W 4 50
YGR154C 1 5
YGR155W 0 0
YGR156W 0 0
YGR157W 0 0
YGR158C 5 82
YGR159C 1 1
YGR160W 3 23
YGR161C 8 150
YGR161W-C 11 3290
YGR162W 0 0
YGR163W 0 0
YGR164W 3 91
YGR165W 2 34
YGR166W 0 0
YGR167W 1 8
YGR168C 4 28
YGR169C 0 0
YGR169C-A 1 24
YGR170W 1 76
YGR171C 3 57
YGR172C 4 36
YGR173W 0 0
YGR174C 5 196
YGR174W-A 0 0
YGR175C 4 76
YGR176W 8 331
YGR177C 1 136
YGR178C 1 6
YGR179C 2 29
YGR180C 2 4
YGR181W 5 54
YGR182C 2 25
YGR183C 4 205
YGR184C 2 53
YGR185C 6 57
YGR186W 4 986
YGR187C 0 0
YGR188C 6 835
YGR189C 4 36
YGR190C 1 2
YGR191W 4 40
YGR192C 5 50
YGR193C 0 0
YGR194C 11 594
YGR195W 0 0
YGR196C 4 123
YGR197C 1 4
YGR198W 9 603
YGR199W 1 1
YGR200C 7 64
YGR201C 9 98
YGR202C 5 88
YGR203W 18 2191
YGR204W 5 883
YGR204C-A 0 0
YGR205W 0 0
YGR206W 4 103
YGR207C 8 123
YGR208W 3 25
YGR209C 8 167
YGR210C 0 0
YGR211W 2 14
YGR212W 5 181
YGR213C 2 29
YGR214W 2 8
YGR215W 4 28
YGR216C 2 33
YGR217W 2 35
YGR218W 1 23
YGR219W 2 16
YGR220C 2 4
YGR221C 1 7
YGR222W 7 107
YGR223C 6 31
YGR224W 4 228
YGR225W 0 0
YGR226C 1 3
YGR227W 1 2
YGR228W 0 0
YGR229C 1 49
YGR230W 6 50
YGR231C 1 4
YGR232W 4 135
YGR233C 2 2
YGR234W 3 88
YGR235C 1 21
YGR236C 6 344
YGR237C 0 0
YGR238C 4 41
YGR239C 3 23
YGR240C 0 0
YGR240C-A 2 26
YGR241C 0 0
YGR242W 0 0
YGR243W 0 0
YGR244C 1 2
YGR245C 0 0
YGR246C 4 50
YGR247W 2 9
YGR248W 2 268
YGR249W 4 245
YGR250C 1 4
YGR251W 3 213
YGR252W 3 9
YGR253C 3 16
YGR254W 8 34
YGR255C 1 15
YGR256W 5 33
YGR257C 4 40
YGR258C 3 399
YGR259C 3 15
YGR260W 1 2
YGR261C 3 34
YGR262C 1 1
YGR263C 3 42
YGR264C 6 166
YGR265W 1 16
YGR266W 5 36
YGR267C 2 65
YGR268C 4 55
YGR269W 1 117
YGR270W 1 129
YGR270C-A 2 12
YGR271W 8 162
YGR271C-A 0 0
YGR273C 0 0
YGR274C 1 3
YGR275W 3 14
YGR276C 4 55
YGR277C 3 36
YGR278W 3 40
YGR279C 1 1
YGR280C 7 215
YGR281W 1 1
YGR282C 0 0
YGR283C 8 585
YGR284C 6 114
YGR285C 4 259
YGR286C 3 81
YGR287C 5 262
YGR288W 5 89
YGR289C 0 0
YGR290W 2 3
YGR291C 0 0
YGR292W 0 0
YGR293C 0 0
YGR294W 0 0
YGR295C 7 442
YGR296W 0 0
YGR296C-A 0 0
YGR296C-B 0 0
YHL050C 0 0
YHL050W-A 0 0
YHL049C 0 0
YHL048C-A 2 12
YHL048W 0 0
YHL047C 2 3
YHL046W-A 3 115
YHL046C 0 0
YHL045W 0 0
YHL044W 3 25
YHL043W 1 6
YHL042W 1 2
YHL041W 1 23
YHL040C 2 82
YHL039W 4 58
YHL038C 5 88
YHL037C 1 5
YHL036W 5 188
YHL035C 6 53
YHL034W-A 5 425
YHL034C 0 0
YHL033C 7 139
YHL032C 8 179
YHL031C 3 96
YHL030W-A 3 43
YHL030W 10 199
YHL029C 6 279
YHL028W 3 18
YHL027W 1 2
YHL026C 5 140
YHL025W 3 46
YHL024W 1 50
YHL023C 5 89
YHL022C 2 16
YHL021C 4 40
YHL020C 1 2
YHL019W-A 6 586
YHL019C 2 7
YHL018W 3 117
YHL017W 6 366
YHL016C 3 141
YHL015W-A 5 20
YHL015W 0 0
YHL014C 4 36
YHL013C 7 511
YHL012W 1 1
YHL011C 3 105
YHL010C 0 0
YHL009C 0 0
YHL008C 0 0
YHL007C 5 189
YHL006W-A 4 218
YHL006C 3 221
YHL005C 5 33
YHL004W 3 281
YHL003C 1 6
YHL002C-A 2 26
YHL002W 6 195
YHL001W 3 33
YHR001W 1 1
YHR001W-A 5 139
YHR002W 6 140
YHR003C 2 26
YHR004C 2 235
YHR005C 1 8
YHR005C-A 2 82
YHR006W 6 47
YHR007C 0 0
YHR007C-A 10 1030
YHR008C 5 10
YHR009C 0 0
YHR010W 1 62
YHR011W 0 0
YHR012W 0 0
YHR013C 5 100
YHR014W 0 0
YHR015W 2 263
YHR016C 0 0
YHR017W 4 257
YHR018C 0 0
YHR019C 1 8
YHR020W 4 46
YHR021C 2 12
YHR021W-A 8 649
YHR022C 1 1
YHR022C-A 11 490
YHR023W 1 13
YHR024C 5 77
YHR025W 3 67
YHR026W 0 0
YHR027C 1 11
YHR028C 5 25517
YHR028W-A 3 496
YHR029C 1 7
YHR030C 2 433
YHR031C 3 60
YHR032W 0 0
YHR032W-A 12 588
YHR032C-A 17 1274
YHR033W 8 283
YHR034C 2 33
YHR035W 4 76
YHR036W 2 63
YHR037W 3 109
YHR038W 3 52
YHR039C 0 0
YHR039C-A 7 198
YHR040W 7 747
YHR041C 7 205
YHR042W 8 286
YHR043C 1 7
YHR044C 3 41
YHR045W 0 0
YHR046C 2 4
YHR047C 2 41
YHR048W 8 190
YHR049W 2 81
YHR049C-A 2 8
YHR050W 1 2
YHR050W-A 6 8314
YHR051W 2 56
YHR052W 0 0
YHR052W-A 0 0
YHR053C 0 0
YHR054C 1 8
YHR054W-A 0 0
YHR055C 0 0
YHR056C 1 7
YHR056W-A 1 2
YHR057C 4 390
YHR058C 7 1328
YHR059W 0 0
YHR060W 7 82
YHR061C 3 741
YHR062C 0 0
YHR063C 4 174
YHR063W-A 2 94
YHR064C 5 54
YHR065C 1 10
YHR066W 5 125
YHR067W 2 30
YHR068W 0 0
YHR069C 2 134
YHR069C-A 0 0
YHR070W 3 296
YHR070C-A 8 577
YHR071W 1 1
YHR071C-A 3 26
YHR072W 1 15
YHR072W-A 1 2
YHR073W 1 9
YHR073W-A 0 0
YHR073C-B 1 2
YHR074W 6 604
YHR075C 1 8
YHR076W 3 135
YHR077C 4 143
YHR078W 0 0
YHR079C 1 12
YHR079C-A 0 0
YHR080C 4 134
YHR081W 5 180
YHR082C 0 0
YHR083W 12 4594
YHR084W 1 2
YHR085W 6 272
YHR086W 4 312
YHR086W-A 5 69
YHR087W 3 78
YHR088W 2 4
YHR089C 2 35
YHR090C 3 99
YHR091C 1 36
YHR092C 1 20
YHR093W 0 0
YHR094C 0 0
YHR095W 1 12
YHR096C 0 0
YHR097C 0 0
YHR098C 1 2
YHR099W 3 44
YHR100C 5 61
YHR101C 1 4
YHR102W 1 14
YHR103W 0 0
YHR104W 1 2
YHR105W 0 0
YHR106W 0 0
YHR107C 2 3
YHR108W 1 75
YHR109W 1 7
YHR110W 5 658
YHR111W 1 2
YHR112C 4 102
YHR113W 3 10
YHR114W 0 0
YHR115C 1 8
YHR116W 4 62
YHR117W 4 210
YHR118C 0 0
YHR119W 0 0
YHR120W 5 25
YHR121W 1 4
YHR122W 2 59
YHR123W 5 298
YHR124W 2 24
YHR125W 2 46
YHR126C 0 0
YHR127W 4 130
YHR128W 3 10
YHR129C 0 0
YHR130C 0 0
YHR131C 1 6
YHR131W-A 0 0
YHR132C 5 1697
YHR132W-A 5 779
YHR133C 6 866
YHR134W 5 56
YHR135C 1 18
YHR136C 6 833
YHR137W 3 37
YHR137C-A 1 2
YHR138C 1 11
YHR139C 2 24
YHR139C-A 8 1455
YHR140W 3 58
YHR141C 1 198
YHR142W 2 484
YHR143W 0 0
YHR143W-A 2 176
YHR144C 6 3654
YHR145C 0 0
YHR146W 4 718
YHR147C 5 74
YHR148W 1 18
YHR149C 0 0
YHR150W 4 57
YHR151C 2 8
YHR152W 4 21
YHR153C 5 57
YHR154W 3 177
YHR155W 2 26
YHR156C 3 150
YHR157W 1 3
YHR158C 0 0
YHR159W 1 4
YHR160C 2 7
YHR161C 1 5
YHR162W 0 0
YHR163W 2 91
YHR164C 1 11
YHR165C 1 1
YHR165W-A 0 0
YHR166C 2 4
YHR167W 4 604
YHR168W 6 490
YHR169W 2 100
YHR170W 0 0
YHR171W 8 210
YHR172W 2 29
YHR173C 5 121
YHR174W 4 62
YHR175W 8 1772
YHR175W-A 1 20
YHR176W 0 0
YHR177W 1 2
YHR178W 3 27
YHR179W 0 0
YHR180W 1 2
YHR180W-A 0 0
YHR180C-B 3 4
YHR181W 4 5
YHR182W 0 0
YHR182C-A 0 0
YHR183W 2 20
YHR184W 0 0
YHR185C 1 61
YHR186C 2 37
YHR187W 1 52
YHR188C 5 140
YHR189W 3 735
YHR190W 3 17
YHR191C 2 77
YHR192W 3 173
YHR193C 2 9
YHR193C-A 4 14
YHR194W 0 0
YHR195W 0 0
YHR196W 4 134
YHR197W 2 20
YHR198C 3 369
YHR199C 10 606
YHR199C-A 4 260
YHR200W 7 483
YHR201C 0 0
YHR202W 3 52
YHR203C 2 9
YHR204W 5 123
YHR205W 1 27
YHR206W 0 0
YHR207C 9 284
YHR208W 6 391
YHR209W 2 161
YHR210C 2 78
YHR211W 0 0
YHR212C 0 0
YHR212W-A 0 0
YHR213W 0 0
YHR213W-A 0 0
YHR213W-B 0 0
YHR214W 0 0
YHR214W-A 0 0
YHR214C-D 0 0
YHR214C-E 0 0
YHR215W 0 0
YHR216W 0 0
YHR217C 0 0
YHR218W 0 0
YHR218W-A 0 0
YHR219W 0 0
YHR219C-A 0 0
YIL177C 0 0
YIL177W-A 0 0
YIL176C 0 0
YIL173W 0 0
YIL172C 0 0
YIL171W-A 0 0
YIL169C 3 98
YIL166C 0 0
YIL165C 3 14
YIL164C 3 7
YIL163C 2 140
YIL162W 1 4
YIL161W 0 0
YIL160C 5 298
YIL159W 5 98
YIL158W 2 9
YIL157C 4 92
YIL156W-A 4 611
YIL156W-B 5 100
YIL156W 5 51
YIL155C 6 136
YIL154C 4 117
YIL153W 3 106
YIL152W 7 341
YIL151C 1 8
YIL150C 2 67
YIL149C 0 0
YIL148W 5 75
YIL147C 1 58
YIL146C 1 7
YIL145C 2 5
YIL144W 1 5
YIL143C 7 91
YIL142C-A 2 78
YIL142W 3 148
YIL141W 4 1396
YIL140W 0 0
YIL139C 2 5
YIL138C 3 69
YIL137C 5 5636
YIL136W 2 66
YIL135C 1 103
YIL134C-A 7 118
YIL134W 5 40
YIL133C 2 86
YIL132C 4 2292
YIL131C 3 65
YIL130W 4 170
YIL129C 1 4
YIL128W 1 2
YIL127C 0 0
YIL126W 2 21
YIL125W 1 1
YIL124W 3 47
YIL123W 0 0
YIL122W 1 6
YIL121W 0 0
YIL120W 1 4
YIL119C 1 1
YIL118W 1 25
YIL117C 3 15
YIL116W 1 8
YIL115W-A 2 13
YIL115C 2 8
YIL114C 1 2
YIL113W 5 155
YIL112W 5 40
YIL111W 2 3
YIL110W 1 1
YIL109C 1 1
YIL108W 5 249
YIL107C 3 10
YIL106W 1 61
YIL105C 2 23
YIL105W-A 2 13
YIL104C 6 145
YIL103W 1 44
YIL102C-A 4 707
YIL102C 4 142
YIL101C 6 77
YIL100C-A 6 104
YIL100W 5 76
YIL099W 3 126
YIL098C 5 106
YIL097W 2 19
YIL096C 2 73
YIL095W 2 37
YIL094C 3 9
YIL093C 4 29
YIL092W 2 5
YIL091C 2 26
YIL090W 2 23
YIL089W 2 48
YIL088C 1 26
YIL087C 4 18
YIL086C 3 22
YIL085C 5 255
YIL084C 0 0
YIL083C 2 37
YIL082W 0 0
YIL079C 4 55
YIL078W 1 30
YIL077C 12 4750
YIL076W 6 240
YIL075C 2 15
YIL074C 1 2
YIL073C 0 0
YIL072W 0 0
YIL071W-A 0 0
YIL071C 3 40
YIL070C 4 301
YIL069C 7 148
YIL068W-A 2 186
YIL068C 8 259
YIL067C 1 5
YIL066W-A 0 0
YIL066C 1 12
YIL065C 9 49
YIL064W 11 360
YIL063C 2 79
YIL062C 2 6
YIL061C 9 229
YIL060W 0 0
YIL059C 6 169
YIL058W 1 4
YIL057C 1 31
YIL056W 10 1187
YIL055C 0 0
YIL054W 6 398
YIL053W 1 1
YIL052C 2 10
YIL051C 9 1229
YIL050W 2 19
YIL049W 3 236
YIL048W 1 38
YIL047C-A 2 81
YIL047C 3 13
YIL046W-A 13 333
YIL046W 1 9
YIL045W 0 0
YIL044C 5 100
YIL043C 3 69
YIL042C 1 16
YIL041W 8 237
YIL040W 1 1
YIL039W 0 0
YIL038C 4 63
YIL037C 0 0
YIL036W 3 101
YIL035C 2 100
YIL034C 6 41
YIL033C 3 93
YIL032C 3 143
YIL031W 3 45
YIL030W-A 0 0
YIL030C 1 7
YIL029W-A 0 0
YIL029C 1 7
YIL028W 3 57
YIL027C 3 99
YIL026C 1 17
YIL025C 0 0
YIL024C 6 182
YIL023C 1 28
YIL022W 0 0
YIL021W 3 280
YIL021C-A 4 87
YIL020C-A 3 20
YIL020C 4 32
YIL019W 1 856
YIL018W 1 6
YIL017C 1 77
YIL016W 2 3
YIL015W 4 701
YIL014C-A 0 0
YIL014W 2 28
YIL013C 2 5
YIL012W 6 680
YIL011W 2 3
YIL010W 2 17
YIL009C-A 7 133
YIL009W 4 36
YIL008W 2 66
YIL007C 0 0
YIL006W 2 47
YIL005W 0 0
YIL004C 4 279
YIL003W 2 31
YIL002W-A 4 34
YIL002C 0 0
YIL001W 1 181
YIR001C 4 304
YIR002C 0 0
YIR003W 3 51
YIR004W 2 10
YIR005W 5 202
YIR006C 6 405
YIR007W 0 0
YIR008C 1 1
YIR009W 1 22
YIR010W 1 1
YIR011C 5 90
YIR012W 6 185
YIR013C 2 7
YIR014W 5 1727
YIR015W 5 143
YIR016W 6 268
YIR017C 5 156
YIR017W-A 7 472
YIR018W 16 8473
YIR018C-A 3 14
YIR019C 0 0
YIR020C 4 177
YIR020W-A 2 115
YIR020C-B 3 113
YIR021W 3 33
YIR021W-A 0 0
YIR022W 2 329
YIR023W 3 30
YIR023C-A 0 0
YIR024C 5 97
YIR025W 8 227
YIR026C 0 0
YIR027C 1 7
YIR028W 1 2
YIR029W 4 75
YIR030C 1 54
YIR030W-A 1 54
YIR031C 1 39
YIR032C 0 0
YIR033W 2 22
YIR034C 0 0
YIR035C 1 2
YIR036C 4 60
YIR036W-A 4 66
YIR037W 2 92
YIR038C 7 859
YIR039C 4 96
YIR040C 0 0
YIR041W 0 0
YIR042C 2 48
YJL225C 0 0
YJL225W-A 0 0
YJL223C 0 0
YJL222W-B 0 0
YJL222W-A 0 0
YJL222W 0 0
YJL221C 0 0
YJL220W 0 0
YJL219W 0 0
YJL218W 1 2
YJL217W 4 104
YJL216C 4 32
YJL215C 0 0
YJL214W 0 0
YJL213W 3 66
YJL212C 1 9
YJL211C 0 0
YJL210W 9 1656
YJL209W 3 51
YJL208C 1 6
YJL207C 1 2
YJL206C 5 29
YJL205C 10 212
YJL204C 2 11
YJL203W 3 22
YJL202C 4 24
YJL201W 5 26
YJL200C 1 1
YJL199C 13 5772
YJL198W 4 136
YJL197W 2 19
YJL197C-A 1 6
YJL196C 1 29
YJL195C 2 3
YJL194W 2 48
YJL193W 1 3
YJL192C 6 133
YJL191W 4 638
YJL190C 1 1
YJL189W 0 0
YJL188C 6 102
YJL187C 0 0
YJL186W 2 29
YJL185C 7 322
YJL184W 0 0
YJL183W 3 85
YJL182C 1 2
YJL181W 4 46
YJL180C 1 182
YJL179W 1 6
YJL178C 12 5994
YJL177W 2 15
YJL176C 4 97
YJL175W 0 0
YJL174W 2 3
YJL173C 6 213
YJL172W 4 122
YJL171C 6 212
YJL170C 1 3
YJL169W 1 16
YJL168C 4 42
YJL167W 0 0
YJL166W 4 47
YJL165C 2 40
YJL164C 2 9
YJL163C 4 270
YJL162C 5 171
YJL161W 5 763
YJL160C 3 81
YJL159W 6 82
YJL158C 9 4976
YJL157C 4 48
YJL156W-A 12 3708
YJL156C 7 367
YJL155C 0 0
YJL154C 1 8
YJL153C 1 33
YJL152W 5 25
YJL151C 5 229
YJL150W 5 58
YJL149W 8 493
YJL148W 2 2
YJL147C 1 9
YJL146W 1 3
YJL145W 4 183
YJL144W 3 6
YJL143W 2 4
YJL142C 2 56
YJL141C 0 0
YJL140W 0 0
YJL139C 0 0
YJL138C 4 35
YJL137C 8 106
YJL136W-A 8 232
YJL136C 0 0
YJL135W 4 51
YJL134W 4 69
YJL133C-A 7 440
YJL133W 3 157
YJL132W 5 171
YJL131C 7 25
YJL130C 1 4
YJL129C 0 0
YJL128C 3 133
YJL127W-A 3 133
YJL127C-B 6 417
YJL127C 2 6
YJL126W 3 7
YJL125C 1 2
YJL124C 1 1
YJL123C 2 84
YJL122W 5 237
YJL121C 2 144
YJL120W 2 56
YJL119C 2 65
YJL118W 9 561
YJL117W 3 14
YJL116C 1 1
YJL115W 1 1
YJL112W 1 2
YJL111W 0 0
YJL110C 1 6
YJL109C 0 0
YJL108C 1 10
YJL107C 2 47
YJL106W 2 20
YJL105W 1 8
YJL104W 2 70
YJL103C 6 265
YJL102W 3 71
YJL101C 5 66
YJL100W 4 104
YJL099W 3 86
YJL098W 2 6
YJL097W 1 43
YJL096W 3 47
YJL095W 0 0
YJL094C 0 0
YJL093C 6 75
YJL092W 2 37
YJL091C 8 249
YJL090C 1 4
YJL089W 4 52
YJL088W 8 333
YJL087C 0 0
YJL086C 0 0
YJL085W 3 30
YJL084C 0 0
YJL083W 2 112
YJL082W 1 156
YJL081C 1 89
YJL080C 2 7
YJL079C 0 0
YJL078C 2 36
YJL077W-B 2 382
YJL077C 7 383
YJL077W-A 5 49
YJL076W 4 75
YJL075C 0 0
YJL074C 2 3
YJL073W 0 0
YJL072C 1 8
YJL071W 2 19
YJL070C 1 4
YJL069C 2 12
YJL068C 7 72
YJL067W 14 677
YJL066C 1 15
YJL065C 2 20
YJL064W 5 77
YJL063C 3 35
YJL062W-A 11 892
YJL062W 1 2
YJL061W 0 0
YJL060W 1 5
YJL059W 3 20
YJL058C 0 0
YJL057C 4 42
YJL056C 1 1
YJL055W 5 191
YJL054W 5 259
YJL053W 6 191
YJL052C-A 7 195
YJL052W 1 1
YJL051W 1 15
YJL050W 3 70
YJL049W 2 261
YJL048C 4 212
YJL047C-A 0 0
YJL047C 1 13
YJL046W 2 11
YJL045W 4 129
YJL044C 3 5
YJL043W 1 1
YJL042W 4 64
YJL041W 2 13
YJL039C 0 0
YJL038C 0 0
YJL037W 1 4
YJL036W 1 1
YJL035C 4 143
YJL034W 2 22
YJL033W 3 32
YJL032W 0 0
YJL031C 3 70
YJL030W 1 37
YJL029C 1 1
YJL028W 3 332
YJL027C 3 196
YJL026W 3 98
YJL026C-A 2 83
YJL025W 1 86
YJL024C 3 41
YJL023C 6 149
YJL022W 0 0
YJL020C 1 56
YJL020W-A 1 4
YJL019W 0 0
YJL016W 0 0
YJL015C 3 194
YJL014W 3 194
YJL013C 13 539
YJL012C 2 9
YJL011C 4 29
YJL010C 0 0
YJL009W 3 35
YJL008C 1 4
YJL007C 14 2722
YJL006C 6 292
YJL005W 0 0
YJL004C 8 134
YJL003W 3 88
YJL002C 4 233
YJL001W 4 127
YJR001W 13 735
YJR002W 4 562
YJR003C 2 119
YJR004C 1 124
YJR005W 5 251
YJR005C-A 1 29
YJR006W 1 1
YJR007W 0 0
YJR008W 3 46
YJR009C 2 8
YJR010W 1 10
YJR010C-A 3 91
YJR011C 3 23
YJR012C 1 1
YJR013W 2 3
YJR014W 0 0
YJR015W 6 154
YJR016C 1 3
YJR017C 7 44
YJR018W 2 32
YJR019C 1 30
YJR020W 6 102
YJR021C 7 70
YJR022W 7 878
YJR023C 0 0
YJR024C 13 500
YJR025C 0 0
YJR030C 0 0
YJR031C 2 96
YJR032W 5 32
YJR033C 3 87
YJR034W 1 1
YJR035W 2 58
YJR036C 0 0
YJR037W 2 41
YJR038C 1 108
YJR039W 2 9
YJR040W 1 20
YJR041C 0 0
YJR042W 4 52
YJR043C 6 233
YJR044C 6 487
YJR045C 1 4
YJR046W 3 30
YJR047C 3 178
YJR048W 9 249
YJR049C 6 110
YJR050W 5 139
YJR051W 3 22
YJR052W 3 1181
YJR053W 3 24
YJR054W 0 0
YJR055W 5 76
YJR056C 0 0
YJR057W 4 35
YJR058C 3 204
YJR059W 2 52
YJR060W 2 25
YJR061W 0 0
YJR062C 6 72
YJR063W 2 160
YJR064W 6 84
YJR065C 2 10
YJR066W 9 592
YJR067C 4 63
YJR068W 3 31
YJR069C 0 0
YJR070C 2 17
YJR071W 0 0
YJR072C 5 78
YJR073C 6 83
YJR074W 12 315
YJR075W 3 80
YJR076C 8 204
YJR077C 5 94
YJR078W 1 14
YJR079W 4 55
YJR080C 3 273
YJR082C 1 4
YJR083C 8 317
YJR084W 5 283
YJR085C 4 90
YJR086W 9 594
YJR087W 3 100
YJR088C 4 73
YJR089W 3 152
YJR090C 0 0
YJR091C 4 87
YJR092W 3 872
YJR093C 2 100
YJR094C 1 417
YJR094W-A 5 52
YJR095W 0 0
YJR096W 4 33
YJR097W 1 1
YJR098C 0 0
YJR099W 2 15
YJR100C 2 444
YJR101W 1 3
YJR102C 1 15
YJR103W 7 78
YJR104C 4 400
YJR105W 9 302
YJR106W 3 8
YJR107W 0 0
YJR108W 2 13
YJR109C 5 41
YJR110W 0 0
YJR111C 1 6
YJR112W 3 273
YJR112W-A 4 235
YJR113C 8 1181
YJR114W 2 28
YJR115W 6 258
YJR116W 0 0
YJR117W 1 2
YJR118C 1 50
YJR119C 4 32
YJR120W 10 295
YJR121W 0 0
YJR122W 1 1
YJR123W 0 0
YJR124C 2 18
YJR125C 5 1847
YJR126C 5 61
YJR127C 6 362
YJR128W 2 292
YJR129C 0 0
YJR130C 7 1121
YJR131W 1 1
YJR132W 3 68
YJR133W 1 44
YJR134C 2 36
YJR135C 0 0
YJR135W-A 3 271
YJR136C 1 2
YJR137C 8 401
YJR138W 4 14
YJR139C 0 0
YJR140C 5 120
YJR140W-A 0 0
YJR141W 3 227
YJR142W 4 25
YJR143C 3 42
YJR144W 7 46
YJR145C 0 0
YJR146W 3 284
YJR147W 4 108
YJR148W 3 36
YJR149W 3 411
YJR150C 5 43
YJR151C 2 11
YJR151W-A 2 14
YJR152W 2 15
YJR153W 0 0
YJR154W 1 22
YJR155W 1 76
YJR156C 0 0
YJR157W 0 0
YJR158W 0 0
YJR159W 0 0
YJR160C 0 0
YJR161C 0 0
YJR162C 4 12
YKL225W 4 69
YKL224C 0 0
YKL223W 0 0
YKL222C 2 24
YKL221W 3 8
YKL220C 0 0
YKL219W 6 566
YKL218C 1 1
YKL217W 2 6
YKL216W 4 41
YKL215C 3 94
YKL214C 0 0
YKL213C 4 79
YKL212W 0 0
YKL211C 6 29
YKL210W 1 4
YKL209C 6 683
YKL208W 0 0
YKL207W 5 494
YKL206C 2 42
YKL205W 4 66
YKL204W 2 3
YKL203C 0 0
YKL202W 0 0
YKL201C 4 78
YKL198C 1 1
YKL197C 7 117
YKL196C 2 12
YKL195W 2 11
YKL194C 6 139
YKL193C 3 183
YKL192C 5 881
YKL191W 2 2
YKL190W 7 282
YKL189W 1 94
YKL188C 0 0
YKL187C 6 117
YKL186C 14 1546
YKL185W 2 6
YKL184W 0 0
YKL183C-A 1 78
YKL183W 1 78
YKL182W 0 0
YKL181W 2 176
YKL180W 0 0
YKL179C 7 507
YKL178C 2 321
YKL177W 1 35
YKL176C 2 9
YKL175W 4 258
YKL174C 1 30
YKL173W 2 26
YKL172W 0 0
YKL171W 3 34
YKL170W 1 40
YKL169C 1 3
YKL168C 6 61
YKL167C 6 619
YKL166C 2 3
YKL165C-A 7 222
YKL165C 2 9
YKL164C 1 3
YKL163W 1 1
YKL162C-A 2 19
YKL162C 0 0
YKL161C 1 1
YKL160W 2 5
YKL159C 5 158
YKL157W 2 171
YKL156W 7 2039
YKL156C-A 0 0
YKL155C 1 1
YKL154W 2 42
YKL153W 5 329
YKL152C 3 30
YKL151C 8 83
YKL150W 7 1113
YKL149C 3 81
YKL148C 1 1
YKL147C 2 106
YKL146W 7 656
YKL145W 2 15
YKL145W-A 0 0
YKL144C 2 2
YKL143W 6 683
YKL142W 1 4
YKL141W 3 12
YKL140W 2 78
YKL139W 0 0
YKL138C-A 3 24
YKL138C 3 33
YKL137W 2 19
YKL136W 3 127
YKL135C 1 1
YKL134C 4 129
YKL133C 4 28
YKL132C 1 1
YKL131W 0 0
YKL130C 2 43
YKL129C 1 20
YKL128C 3 1205
YKL127W 4 273
YKL126W 1 1
YKL125W 1 1
YKL124W 1 32
YKL123W 0 0
YKL122C 2 3
YKL121W 0 0
YKL120W 0 0
YKL119C 1 37
YKL118W 1 5
YKL117W 7 342
YKL116C 2 35
YKL115C 1 5
YKL114C 7 4193
YKL113C 1 8
YKL112W 2 16
YKL111C 2 10
YKL110C 8 1526
YKL109W 2 2
YKL108W 3 72
YKL107W 0 0
YKL106C-A 5 152
YKL106W 0 0
YKL105C 1 13
YKL104C 0 0
YKL103C 1 4
YKL102C 5 113
YKL101W 1 3
YKL100C 7 260
YKL100W-A 2 26
YKL099C 2 9
YKL098W 2 13
YKL097C 8 457
YKL096C-B 0 0
YKL096W-A 0 0
YKL096W 0 0
YKL095W 2 4
YKL094W 12 539
YKL093W 0 0
YKL092C 0 0
YKL091C 0 0
YKL090W 13 737
YKL089W 3 220
YKL088W 1 107
YKL087C 1 4
YKL086W 6 286
YKL085W 0 0
YKL084W 4 14
YKL083W 1 1
YKL082C 0 0
YKL081W 2 14
YKL080W 2 22
YKL079W 1 12
YKL078W 4 74
YKL077W 4 40
YKL076C 0 0
YKL075C 3 39
YKL074C 4 238
YKL073W 8 203
YKL072W 1 3
YKL071W 0 0
YKL070W 0 0
YKL069W 11 95
YKL068W-A 3 120
YKL068W 0 0
YKL067W 0 0
YKL066W 0 0
YKL065W-A 1 1
YKL065C 3 40
YKL064W 4 342
YKL063C 1 14
YKL062W 0 0
YKL061W 1 2
YKL060C 2 39
YKL059C 2 6
YKL058W 5 113
YKL057C 2 27
YKL056C 1 2
YKL055C 1 35
YKL054C 3 12
YKL053C-A 2 40
YKL053W 1 39
YKL052C 9 869
YKL051W 3 8
YKL050C 1 1
YKL049C 1 31
YKL048C 1 9
YKL047W 2 7
YKL046C 1 51
YKL045W 4 320
YKL044W 7 87
YKL043W 2 20
YKL042W 0 0
YKL041W 0 0
YKL040C 1 83
YKL039W 2 20
YKL038W 1 3
YKL037W 9 250
YKL036C 1 2
YKL035W 3 20
YKL034W 1 1
YKL033W-A 0 0
YKL033W 3 37
YKL032C 0 0
YKL031W 1 3
YKL030W 1 7
YKL029C 3 99
YKL028W 3 19
YKL027W 0 0
YKL026C 4 11
YKL025C 6 55
YKL024C 0 0
YKL023C-A 6 422
YKL023W 12 350
YKL022C 2 283
YKL021C 0 0
YKL020C 2 29
YKL019W 5 1010
YKL018C-A 4 80
YKL018W 4 108
YKL017C 9 888
YKL016C 1 28
YKL015W 0 0
YKL014C 0 0
YKL013C 3 135
YKL012W 0 0
YKL011C 2 117
YKL010C 0 0
YKL009W 4 56
YKL008C 4 70
YKL007W 7 525
YKL006C-A 3 55
YKL006W 0 0
YKL005C 2 28
YKL004W 2 33
YKL003C 2 6
YKL002W 1 4
YKL001C 3 156
YKR001C 5 152
YKR002W 0 0
YKR003W 1 24
YKR004C 6 98
YKR005C 2 25
YKR006C 2 33
YKR007W 4 69
YKR008W 6 40
YKR009C 4 282
YKR010C 0 0
YKR011C 0 0
YKR012C 0 0
YKR013W 3 30
YKR014C 0 0
YKR015C 2 29
YKR016W 1 31
YKR017C 1 12
YKR018C 8 175
YKR019C 1 1
YKR020W 3 29
YKR021W 1 12
YKR022C 0 0
YKR023W 5 197
YKR024C 0 0
YKR025W 4 13
YKR026C 0 0
YKR027W 5 105
YKR028W 2 2
YKR029C 8 287
YKR030W 1 4
YKR031C 2 7
YKR032W 2 7
YKR033C 0 0
YKR034W 2 16
YKR035C 2 14
YKR035W-A 1 1
YKR036C 2 130
YKR037C 5 81
YKR038C 10 1108
YKR039W 4 22
YKR040C 4 588
YKR041W 5 186
YKR042W 3 45
YKR043C 2 16
YKR044W 0 0
YKR045C 2 322
YKR046C 6 183
YKR047W 1 32
YKR048C 4 121
YKR049C 6 8598
YKR050W 5 3589
YKR051W 0 0
YKR052C 4 450
YKR053C 0 0
YKR054C 1 42
YKR055W 2 270
YKR056W 4 59
YKR057W 5 469
YKR058W 4 75
YKR059W 0 0
YKR060W 2 3
YKR061W 3 34
YKR062W 1 10
YKR063C 2 13
YKR064W 2 56
YKR065C 2 3
YKR066C 12 1885
YKR067W 2 37
YKR068C 4 42
YKR069W 1 24
YKR070W 5 48
YKR071C 0 0
YKR072C 2 25
YKR073C 1 93
YKR074W 4 220
YKR075C 5 347
YKR075W-A 1 5
YKR076W 1 11
YKR077W 2 18
YKR078W 3 20
YKR079C 0 0
YKR080W 1 1
YKR081C 2 32
YKR082W 5 375
YKR083C 0 0
YKR084C 3 14
YKR085C 3 75
YKR086W 3 11
YKR087C 2 86
YKR088C 6 167
YKR089C 2 18
YKR090W 1 2
YKR091W 0 0
YKR092C 6 17
YKR093W 3 15
YKR094C 2 233
YKR095W 2 33
YKR095W-A 4 58
YKR096W 0 0
YKR097W 1 6
YKR098C 2 58
YKR099W 0 0
YKR100C 0 0
YKR101W 7 221
YKR102W 1 1253
YKR103W 1 2
YKR104W 3 89
YKR105C 0 0
YKR106W 0 0
YLL067C 0 0
YLL067W-A 0 0
YLL066W-B 0 0
YLL066C 0 0
YLL066W-A 0 0
YLL065W 1 2
YLL064C 0 0
YLL063C 7 324
YLL062C 1 44
YLL061W 9 300
YLL060C 6 455
YLL059C 2 6
YLL058W 5 30
YLL057C 1 8
YLL056C 1 15
YLL055W 1 10
YLL054C 1 170
YLL053C 1 8
YLL052C 3 7
YLL051C 2 3
YLL050C 3 33
YLL049W 6 998
YLL048C 0 0
YLL047W 8 93
YLL046C 0 0
YLL045C 7 1366
YLL044W 0 0
YLL043W 0 0
YLL042C 4 30
YLL041C 8 176
YLL040C 0 0
YLL039C 4 202
YLL038C 3 7
YLL037W 1 1
YLL036C 4 260
YLL035W 0 0
YLL034C 3 82
YLL033W 9 308
YLL032C 0 0
YLL031C 2 47
YLL030C 1 4
YLL029W 1 21
YLL028W 2 38
YLL027W 0 0
YLL026W 7 155
YLL025W 0 0
YLL024C 1 3
YLL023C 2 2242
YLL022C 3 117
YLL021W 1 1
YLL020C 1 55
YLL019C 2 33
YLL019W-A 0 0
YLL018C-A 5 237
YLL018C 1 65
YLL015W 1 1
YLL014W 5 138
YLL013C 1 11
YLL012W 1 3
YLL011W 3 129
YLL010C 2 21
YLL009C 6 1006
YLL008W 1 1
YLL007C 0 0
YLL006W-A 0 0
YLL006W 4 45
YLL005C 1 28
YLL004W 4 10
YLL003W 3 29
YLL002W 4 205
YLL001W 7 243
YLR001C 6 234
YLR002C 2 36
YLR003C 4 272
YLR004C 3 110
YLR005W 9 895
YLR006C 0 0
YLR007W 6 2686
YLR008C 1 10
YLR009W 2 31
YLR010C 2 25
YLR011W 2 14
YLR012C 1 18
YLR013W 0 0
YLR014C 3 47
YLR015W 4 20
YLR016C 5 15
YLR017W 3 2547
YLR018C 0 0
YLR019W 2 42
YLR020C 6 64
YLR021W 6 330
YLR022C 3 56
YLR023C 2 13
YLR024C 0 0
YLR025W 1 4
YLR026C 1 4
YLR027C 8 254
YLR028C 5 90
YLR029C 4 169
YLR030W 6 98
YLR031W 0 0
YLR032W 1 77
YLR033W 2 13
YLR034C 2 84
YLR035C 6 185
YLR036C 9 802
YLR037C 2 54
YLR038C 6 35
YLR039C 0 0
YLR040C 4 258
YLR041W 2 4
YLR042C 1 1
YLR043C 6 114
YLR044C 4 26
YLR045C 4 41
YLR046C 3 61
YLR047C 0 0
YLR048W 0 0
YLR049C 2 2
YLR050C 1 1
YLR051C 2 9
YLR052W 4 121
YLR053C 2 74
YLR054C 0 0
YLR055C 1 2
YLR056W 3 89
YLR057W 3 80
YLR058C 5 74
YLR059C 4 41
YLR060W 1 4
YLR061W 7 573
YLR062C 2 10
YLR063W 4 51
YLR064W 2 57
YLR065C 0 0
YLR066W 2 11
YLR067C 2 20
YLR068W 1 6
YLR069C 5 70
YLR070C 6 1147
YLR071C 3 621
YLR072W 4 44
YLR073C 3 10
YLR074C 3 151
YLR075W 2 33
YLR076C 1 9
YLR077W 3 8
YLR078C 4 64
YLR079W 3 19
YLR080W 0 0
YLR081W 7 443
YLR082C 2 17
YLR083C 0 0
YLR084C 2 10
YLR085C 2 7
YLR086W 0 0
YLR087C 1 4
YLR088W 2 20
YLR089C 2 16
YLR090W 2 17
YLR091W 3 650
YLR092W 6 182
YLR093C 3 20
YLR094C 2 40
YLR095C 3 100
YLR096W 0 0
YLR097C 1 1
YLR098C 1 9
YLR099C 6 129
YLR099W-A 6 80
YLR100W 1 34
YLR101C 5 31
YLR102C 6 259
YLR103C 0 0
YLR104W 4 644
YLR105C 4 147
YLR106C 0 0
YLR107W 2 50
YLR108C 2 19
YLR109W 5 75
YLR110C 4 71
YLR111W 5 553
YLR112W 8 46
YLR113W 2 21
YLR114C 0 0
YLR115W 2 12
YLR116W 3 5
YLR117C 6 47
YLR118C 5 55
YLR119W 7 187
YLR120C 3 124
YLR120W-A 7 68
YLR121C 3 142
YLR122C 1 2
YLR123C 1 2
YLR124W 0 0
YLR125W 0 0
YLR126C 0 0
YLR127C 0 0
YLR128W 1 84
YLR129W 0 0
YLR130C 1 38
YLR131C 0 0
YLR132C 5 330
YLR133W 3 67
YLR134W 1 6
YLR135W 2 12
YLR136C 2 25
YLR137W 7 115
YLR138W 2 11
YLR139C 6 431
YLR140W 0 0
YLR141W 6 170
YLR142W 4 325
YLR143W 3 8
YLR144C 4 32
YLR145W 4 30
YLR146C 2 3
YLR146W-A 5 117
YLR147C 1 75
YLR148W 3 19
YLR149C 6 75
YLR149C-A 3 99
YLR150W 4 61
YLR151C 7 156
YLR152C 1 26
YLR153C 3 53
YLR154C 5 132
YLR154W-A 0 0
YLR154W-B 0 0
YLR154W-C 0 0
YLR154W-E 0 0
YLR154W-F 0 0
YLR154C-G 0 0
YLR154C-H 0 0
YLR155C 0 0
YLR156W 0 0
YLR156C-A 0 0
YLR157C 0 0
YLR157W-D 0 0
YLR157W-E 0 0
YLR157C-C 0 0
YLR158C 0 0
YLR159W 0 0
YLR159C-A 0 0
YLR160C 0 0
YLR161W 0 0
YLR162W 1 1
YLR162W-A 0 0
YLR163C 4 42
YLR163W-A 2 29
YLR164W 4 13
YLR165C 3 201
YLR166C 2 3
YLR167W 2 19
YLR168C 3 544
YLR169W 0 0
YLR170C 8 215
YLR171W 1 85
YLR172C 6 97
YLR173W 4 68
YLR174W 4 240
YLR175W 3 12
YLR176C 2 104
YLR177W 1 2
YLR178C 5 49
YLR179C 6 90
YLR180W 1 8
YLR181C 0 0
YLR182W 4 32
YLR183C 0 0
YLR184W 0 0
YLR185W 3 40
YLR186W 1 13
YLR187W 1 90
YLR188W 0 0
YLR189C 2 47
YLR190W 0 0
YLR191W 4 44
YLR192C 3 36
YLR193C 0 0
YLR194C 2 16
YLR195C 5 282
YLR196W 1 19
YLR197W 1 1
YLR198C 1 5
YLR199C 4 2806
YLR200W 0 0
YLR201C 5 305
YLR202C 2 4
YLR203C 2 175
YLR204W 8 315
YLR205C 5 2692
YLR206W 5 78
YLR207W 1 4
YLR208W 2 2
YLR209C 3 25
YLR210W 0 0
YLR211C 0 0
YLR212C 0 0
YLR213C 0 0
YLR214W 6 120
YLR215C 3 7
YLR216C 3 1112
YLR217W 2 76
YLR218C 2 37
YLR219W 1 3
YLR220W 1 310
YLR221C 4 42
YLR222C 2 8
YLR222C-A 1 11
YLR223C 1 4
YLR224W 1 1
YLR225C 1 5
YLR226W 4 97
YLR227C 4 101
YLR228C 2 18
YLR229C 1 1
YLR230W 1 3
YLR231C 4 872
YLR232W 0 0
YLR233C 7 153
YLR234W 2 70
YLR235C 13 4963
YLR236C 4 19
YLR237W 6 118
YLR238W 0 0
YLR239C 4 90
YLR240W 1 10
YLR241W 2 17
YLR242C 0 0
YLR243W 1 4
YLR244C 5 115
YLR245C 5 103
YLR246W 5 22
YLR247C 4 43
YLR248W 7 203
YLR249W 0 0
YLR250W 4 28
YLR251W 2 33
YLR252W 0 0
YLR253W 0 0
YLR254C 1 1
YLR255C 2 61
YLR256W 2 323
YLR257W 1 3
YLR258W 0 0
YLR259C 3 45
YLR260W 0 0
YLR261C 0 0
YLR262C 1 501
YLR262C-A 2 14
YLR263W 0 0
YLR264W 3 729
YLR264C-A 5 232
YLR265C 7 232
YLR266C 8 305
YLR267W 3 81
YLR268W 2 3
YLR269C 1 2
YLR270W 3 24
YLR271W 5 256
YLR272C 1 8
YLR273C 0 0
YLR274W 0 0
YLR275W 3 178
YLR276C 2 4
YLR277C 5 138
YLR278C 2 70
YLR279W 6 223
YLR280C 1 3
YLR281C 9 835
YLR282C 0 0
YLR283W 4 10
YLR284C 0 0
YLR285W 1 1
YLR285C-A 10 229
YLR286C 0 0
YLR286W-A 1 2
YLR287C 0 0
YLR287C-A 11 463
YLR288C 6 222
YLR289W 1 33
YLR290C 1 1
YLR291C 2 79
YLR292C 4 25
YLR293C 1 7
YLR294C 4 78
YLR295C 4 27
YLR296W 5 208
YLR297W 4 79
YLR298C 9 577
YLR299W 2 5
YLR299C-A 9 416
YLR300W 1 9
YLR301W 5 134
YLR302C 0 0
YLR303W 6 222
YLR304C 3 20
YLR305C 1 5
YLR306W 3 93
YLR307W 0 0
YLR307C-A 1 13
YLR308W 0 0
YLR309C 1 1
YLR310C 1 43
YLR311C 2 129
YLR312C 4 53
YLR312W-A 11 483
YLR313C 2 16
YLR314C 4 96
YLR315W 2 21
YLR316C 5 503
YLR317W 1 12
YLR318W 4 53
YLR319C 2 7
YLR320W 3 15
YLR321C 5 18
YLR322W 3 23
YLR323C 4 503
YLR324W 2 78
YLR325C 4 43
YLR326W 6 119
YLR327C 1 9
YLR328W 3 4
YLR329W 0 0
YLR330W 2 53
YLR331C 0 0
YLR332W 2 8
YLR333C 6 777
YLR334C 4 288
YLR335W 5 115
YLR336C 0 0
YLR337C 0 0
YLR338W 6 79
YLR339C 0 0
YLR340W 1 1
YLR341W 2 10
YLR342W 0 0
YLR342W-A 0 0
YLR343W 0 0
YLR344W 2 27
YLR345W 2 7
YLR346C 1 76
YLR347C 0 0
YLR347W-A 1 2
YLR348C 6 3152
YLR349W 2 22
YLR350W 1 2
YLR351C 2 58
YLR352W 1 7
YLR353W 2 2
YLR354C 6 754
YLR355C 3 32
YLR356W 3 33
YLR357W 5 221
YLR358C 4 62
YLR359W 1 1
YLR360W 0 0
YLR361C 6 151
YLR361C-A 0 0
YLR362W 2 68
YLR363C 0 0
YLR363W-A 3 7
YLR364W 1 3
YLR365W 2 41
YLR364C-A 8 666
YLR366W 0 0
YLR367W 5 221
YLR368W 6 402
YLR369W 1 2
YLR370C 1 113
YLR371W 2 231
YLR372W 0 0
YLR373C 6 225
YLR374C 1 12
YLR375W 2 68
YLR376C 6 119
YLR377C 7 40
YLR378C 2 16
YLR379W 1 1
YLR380W 3 313
YLR381W 1 8
YLR382C 3 30
YLR383W 0 0
YLR384C 10 1093
YLR385C 2 78
YLR386W 0 0
YLR387C 2 7
YLR388W 4 27
YLR389C 4 512
YLR390W 1 554
YLR390W-A 6 79
YLR392C 1 1
YLR393W 2 26
YLR394W 0 0
YLR395C 5 895
YLR396C 0 0
YLR397C 4 18
YLR398C 2 65
YLR399C 8 158
YLR399W-A 0 0
YLR400W 0 0
YLR401C 4 76
YLR402W 3 130
YLR403W 0 0
YLR404W 4 34
YLR405W 8 436
YLR406C 3 21
YLR406C-A 15 3700
YLR407W 2 6
YLR408C 8 1086
YLR409C 5 985
YLR410W 1 231
YLR411W 7 128
YLR412W 5 464
YLR412C-A 1 44
YLR413W 2 9
YLR414C 5 150
YLR415C 3 7
YLR416C 6 100
YLR417W 5 97
YLR418C 0 0
YLR419W 0 0
YLR420W 2 40
YLR421C 7 122
YLR422W 1 22
YLR423C 2 459
YLR424W 1 16
YLR425W 3 43
YLR426W 3 265
YLR427W 0 0
YLR428C 3 102
YLR429W 7 113
YLR430W 0 0
YLR431C 2 4
YLR432W 1 107
YLR433C 0 0
YLR434C 4 64
YLR435W 2 7
YLR436C 6 143
YLR437C 7 207
YLR437C-A 4 27
YLR438W 4 58
YLR438C-A 1 218
YLR439W 0 0
YLR440C 2 193
YLR441C 3 164
YLR442C 5 32
YLR443W 1 2
YLR444C 2 44
YLR445W 3 45
YLR446W 5 42
YLR447C 4 236
YLR448W 1 4
YLR449W 2 28
YLR450W 1 5
YLR451W 2 14
YLR452C 4 156
YLR453C 7 358
YLR454W 5 488
YLR455W 1 1
YLR456W 2 242
YLR457C 9 937
YLR458W 1 32
YLR459W 5 188
YLR460C 7 3695
YLR461W 0 0
YLR462W 1 1
YLR463C 0 0
YLR464W 0 0
YLR465C 0 0
YLR466W 0 0
YLR466C-A 0 0
YLR466C-B 0 0
YLR467W 0 0
YLR467C-A 0 0
YML133C 0 0
YML133W-B 0 0
YML133W-A 0 0
YML132W 0 0
YML131W 5 860
YML130C 2 7
YML129C 3 380
YML128C 6 35
YML127W 3 147
YML126C 3 283
YML125C 3 33
YML124C 3 70
YML123C 5 54
YML122C 4 17
YML121W 1 1
YML120C 7 2611
YML119W 0 0
YML118W 0 0
YML117W 1 8
YML116W-A 1 82
YML116W 0 0
YML115C 2 4
YML114C 3 41
YML113W 3 132
YML112W 1 1
YML111W 0 0
YML110C 2 35
YML109W 3 8
YML108W 5 369
YML107C 4 69
YML106W 0 0
YML105C 2 16
YML104C 1 10
YML103C 4 372
YML102W 4 61
YML101C-A 11 300
YML101C 9 413
YML100W-A 6 621
YML100W 7 288
YML099W-A 3 34
YML099C 12 1007
YML098W 3 40
YML097C 6 613
YML096W 2 404
YML095C 1 28
YML094C-A 0 0
YML094W 0 0
YML093W 8 489
YML092C 0 0
YML091C 1 1
YML090W 4 64
YML089C 6 4819
YML088W 12 691
YML087C 5 1161
YML086C 0 0
YML085C 2 26
YML084W 2 26
YML083C 0 0
YML082W 5 256
YML081C-A 4 292
YML081W 0 0
YML080W 1 3
YML079W 4 170
YML078W 3 325
YML077W 5 325
YML076C 8 220
YML075C 0 0
YML074C 3 179
YML073C 1 10
YML072C 3 87
YML071C 2 4
YML070W 3 20
YML069W 2 124
YML068W 1 1
YML067C 1 99
YML066C 0 0
YML065W 1 3
YML064C 0 0
YML063W 3 26
YML062C 0 0
YML061C 0 0
YML060W 2 43
YML059C 0 0
YML058W-A 7 482
YML058W 7 325
YML057C-A 2 23
YML057W 1 17
YML056C 0 0
YML055W 2 14
YML054C 3 7
YML054C-A 13 3225
YML053C 4 116
YML052W 4 52
YML051W 5 53
YML050W 8 623
YML049C 3 54
YML048W 2 47
YML047W-A 0 0
YML047C 0 0
YML046W 1 36
YML043C 0 0
YML042W 8 224
YML041C 4 52
YML038C 2 42
YML037C 2 4
YML036W 3 31
YML035C 0 0
YML034C-A 2 20
YML034W 0 0
YML032C 1 2
YML031C-A 1 9
YML031W 1 1
YML030W 2 37
YML029W 2 15
YML028W 3 427
YML027W 3 61
YML026C 3 155
YML025C 6 1227
YML024W 7 108
YML023C 3 194
YML022W 2 28
YML021C 7 501
YML020W 2 70
YML019W 2 112
YML018C 2 5
YML017W 1 33
YML016C 0 0
YML015C 4 323
YML014W 2 9
YML013W 6 557
YML012C-A 2 35
YML012W 8 208
YML011C 9 5457
YML010W 7 58
YML009W-B 0 0
YML009C-A 11 509
YML009C 18 18822
YML008C 2 18
YML007C-A 10 869
YML007W 3 46
YML006C 0 0
YML005W 5 247
YML004C 6 840
YML003W 2 22
YML002W 0 0
YML001W 2 15
YMR001C 1 44
YMR001C-A 8 142
YMR002W 8 2198
YMR003W 6 116
YMR004W 3 31
YMR005W 6 380
YMR006C 2 11
YMR007W 4 219
YMR008C 2 45
YMR009W 4 812
YMR010W 0 0
YMR011W 3 4
YMR012W 1 3
YMR013C 2 9
YMR013C-A 0 0
YMR013W-A 1 13
YMR014W 5 603
YMR015C 2 362
YMR016C 0 0
YMR017W 2 28
YMR018W 3 76
YMR019W 2 11
YMR020W 2 38
YMR021C 1 302
YMR022W 4 147
YMR023C 5 66
YMR024W 1 2
YMR025W 7 101
YMR026C 2 5
YMR027W 3 161
YMR028W 3 87
YMR029C 6 809
YMR030W 3 582
YMR031C 0 0
YMR031W-A 5 146
YMR032W 0 0
YMR030W-A 2 2
YMR033W 1 144
YMR034C 1 210
YMR035W 3 19
YMR036C 2 41
YMR037C 3 124
YMR038C 4 236
YMR039C 6 211
YMR040W 1 94
YMR041C 6 227
YMR042W 2 70
YMR043W 5 85
YMR044W 7 251
YMR046W-A 0 0
YMR047C 2 25
YMR048W 4 186
YMR049C 7 373
YMR052W 3 421
YMR052C-A 5 20
YMR053C 3 27
YMR054W 3 904
YMR055C 1 4
YMR056C 8 253
YMR057C 3 100
YMR058W 3 100
YMR059W 3 20
YMR060C 4 197
YMR061W 4 34
YMR062C 2 4
YMR063W 7 2516
YMR064W 6 237
YMR065W 1 5
YMR066W 7 356
YMR067C 4 10
YMR068W 4 10
YMR069W 4 123
YMR070W 2 66
YMR071C 5 51
YMR072W 8 114
YMR073C 4 78
YMR074C 4 31
YMR075W 3 69
YMR075C-A 5 183
YMR076C 1 22
YMR077C 5 23
YMR078C 4 170
YMR079W 4 475
YMR080C 0 0
YMR081C 3 10
YMR082C 2 5
YMR083W 5 111
YMR084W 0 0
YMR085W 1 16
YMR086W 5 86
YMR086C-A 5 1631
YMR087W 6 1649
YMR088C 0 0
YMR089C 0 0
YMR090W 1 1
YMR091C 0 0
YMR092C 2 34
YMR093W 4 164
YMR094W 4 35
YMR095C 4 33
YMR096W 3 51
YMR097C 3 7
YMR098C 2 22
YMR099C 7 67
YMR100W 2 48
YMR101C 0 0
YMR102C 4 65
YMR103C 19 2628
YMR104C 3 23
YMR105C 1 40
YMR105W-A 10 505
YMR106C 2 18
YMR107W 5 78
YMR108W 0 0
YMR109W 2 42
YMR110C 7 2385
YMR111C 2 53
YMR112C 4 126
YMR113W 2 20
YMR114C 2 35
YMR115W 5 159
YMR116C 2 16
YMR117C 4 311
YMR118C 6 273
YMR119W 0 0
YMR119W-A 1 2
YMR120C 3 18
YMR121C 9 146
YMR122C 9 455
YMR122W-A 2 486
YMR123W 6 121
YMR124W 2 11
YMR125W 0 0
YMR126C 0 0
YMR127C 1 18
YMR128W 1 2
YMR129W 1 3
YMR130W 4 108
YMR131C 2 69
YMR132C 2 243
YMR133W 2 5
YMR134W 2 9
YMR135C 14 1735
YMR135W-A 2 7
YMR136W 3 8
YMR137C 4 25
YMR138W 2 71
YMR139W 3 47
YMR140W 1 1
YMR141C 3 132
YMR142C 0 0
YMR141W-A 0 0
YMR143W 1 2
YMR144W 0 0
YMR145C 2 40
YMR146C 1 2
YMR147W 3 197
YMR148W 0 0
YMR149W 3 959
YMR150C 3 44
YMR151W 3 153
YMR152W 6 138
YMR153W 5 117
YMR153C-A 2 27
YMR154C 4 2353
YMR155W 9 730
YMR156C 1 2
YMR157C 5 251
YMR158W 5 212
YMR158C-A 2 15
YMR158W-B 3 40
YMR159C 5 142
YMR160W 2 2
YMR161W 4 22
YMR162C 3 32
YMR163C 4 60
YMR164C 2 4
YMR165C 2 124
YMR166C 1 1
YMR167W 5 55
YMR168C 9 156
YMR169C 1 7
YMR170C 2 48
YMR171C 1 25
YMR172W 0 0
YMR172C-A 1 20
YMR173W 0 0
YMR173W-A 1 1
YMR174C 4 161
YMR175W 8 385
YMR175W-A 2 5
YMR176W 2 89
YMR177W 4 71
YMR178W 4 33
YMR179W 3 33
YMR180C 6 23
YMR181C 1 2
YMR182C 0 0
YMR182W-A 2 223
YMR183C 1 9
YMR184W 4 61
YMR185W 4 24
YMR186W 3 4
YMR187C 6 207
YMR188C 1 32
YMR189W 6 2230
YMR190C 5 39
YMR191W 8 110
YMR192W 3 70
YMR193W 2 35
YMR193C-A 2 29
YMR194W 6 197
YMR194C-B 6 388
YMR194C-A 11 5609
YMR195W 4 52
YMR196W 2 62
YMR197C 3 144
YMR198W 1 8
YMR199W 1 4
YMR200W 1 38
YMR201C 6 314
YMR202W 6 178
YMR203W 2 49
YMR204C 2 130
YMR205C 2 11
YMR206W 6 647
YMR207C 2 9
YMR208W 0 0
YMR209C 5 53
YMR210W 4 337
YMR211W 2 17
YMR212C 1 1
YMR213W 1 6
YMR214W 9 333
YMR215W 0 0
YMR216C 5 981
YMR217W 3 93
YMR218C 4 24
YMR219W 5 76
YMR220W 1 17
YMR221C 8 65
YMR222C 2 29
YMR223W 0 0
YMR224C 5 46
YMR225C 6 543
YMR226C 5 51
YMR227C 0 0
YMR228W 2 15
YMR229C 3 30
YMR230W 5 33
YMR230W-A 2 10
YMR231W 3 213
YMR232W 0 0
YMR233W 1 16
YMR234W 1 10
YMR235C 1 9
YMR236W 5 50
YMR237W 0 0
YMR238W 2 21
YMR239C 3 204
YMR240C 7 744
YMR241W 4 806
YMR242C 0 0
YMR242W-A 0 0
YMR243C 1 3
YMR244W 0 0
YMR244C-A 12 2579
YMR245W 2 4
YMR246W 4 152
YMR247C 1 15
YMR247W-A 1 3
YMR250W 1 2
YMR251W 3 25
YMR251W-A 0 0
YMR252C 4 139
YMR253C 2 23
YMR254C 1 18
YMR255W 6 590
YMR256C 4 127
YMR257C 3 33
YMR258C 1 83
YMR259C 2 273
YMR260C 3 40
YMR261C 3 9
YMR262W 0 0
YMR263W 2 734
YMR264W 4 164
YMR265C 12 167
YMR266W 1 476
YMR267W 0 0
YMR268C 1 2
YMR269W 0 0
YMR270C 1 2
YMR271C 3 31
YMR272C 3 63
YMR272W-A 2 31
YMR272W-B 3 27
YMR273C 1 2
YMR274C 1 1
YMR275C 1 1
YMR276W 2 33
YMR277W 2 9
YMR278W 2 17
YMR279C 2 69
YMR280C 2 2
YMR281W 1 13
YMR282C 1 5
YMR283C 2 12
YMR284W 6 49
YMR285C 4 238
YMR286W 4 29
YMR287C 3 197
YMR288W 2 8
YMR289W 3 70
YMR290C 2 100
YMR290W-A 0 0
YMR291W 1 24
YMR292W 8 1111
YMR293C 8 326
YMR294W 3 122
YMR294W-A 4 537
YMR295C 1 33
YMR296C 3 14
YMR297W 0 0
YMR298W 1 1
YMR299C 1 1
YMR300C 0 0
YMR301C 1 2
YMR302C 7 196
YMR303C 4 25
YMR304W 1 3
YMR304C-A 0 0
YMR305C 1 1
YMR306W 0 0
YMR306C-A 2 42
YMR307W 2 29
YMR307C-A 0 0
YMR308C 3 45
YMR309C 2 6
YMR310C 3 6
YMR311C 8 204
YMR312W 5 29
YMR313C 10 1648
YMR314W 5 104
YMR315W 3 41
YMR315W-A 4 263
YMR316W 1 20
YMR316C-A 10 462
YMR316C-B 1 6
YMR317W 1 25
YMR318C 6 656
YMR319C 0 0
YMR320W 2 67
YMR321C 1 2
YMR322C 0 0
YMR323W 0 0
YMR324C 0 0
YMR325W 0 0
YMR326C 7 55
YNL339C 0 0
YNL339W-B 0 0
YNL339W-A 0 0
YNL338W 0 0
YNL337W 13 843
YNL336W 0 0
YNL335W 1 39
YNL334C 3 34
YNL333W 0 0
YNL332W 0 0
YNL331C 0 0
YNL330C 1 12
YNL329C 2 2402
YNL328C 4 102
YNL327W 1 1
YNL326C 3 34
YNL325C 2 103
YNL324W 0 0
YNL323W 0 0
YNL322C 8 326
YNL321W 5 63
YNL320W 6 1462
YNL319W 0 0
YNL318C 0 0
YNL317W 8 98
YNL316C 4 26
YNL315C 0 0
YNL314W 0 0
YNL313C 1 1
YNL312W 1 4
YNL311C 11 499
YNL310C 5 81
YNL309W 2 140
YNL308C 5 49
YNL307C 1 1
YNL306W 5 34
YNL305C 3 10
YNL304W 2 96
YNL303W 1 12
YNL302C 1 8
YNL301C 1 23
YNL300W 1 4
YNL299W 1 4
YNL298W 1 264
YNL297C 7 77
YNL296W 1 31
YNL295W 2 9
YNL294C 2 36
YNL293W 5 37
YNL292W 6 75
YNL291C 0 0
YNL290W 7 137
YNL289W 1 6
YNL288W 2 7
YNL287W 3 10
YNL286W 2 115
YNL285W 3 151
YNL284C 4 88
YNL283C 0 0
YNL282W 17 1149
YNL281W 3 31
YNL280C 1 10
YNL279W 1 59
YNL278W 2 3
YNL277W-A 4 219
YNL277W 0 0
YNL276C 4 14
YNL275W 3 14
YNL274C 1 1
YNL273W 4 4004
YNL272C 0 0
YNL271C 0 0
YNL270C 4 31
YNL269W 0 0
YNL268W 3 40
YNL267W 3 13
YNL266W 2 10
YNL265C 1 14
YNL264C 1 33
YNL263C 2 19
YNL262W 4 20
YNL261W 1 207
YNL260C 4 45
YNL259C 4 179
YNL258C 3 572
YNL257C 2 34
YNL256W 0 0
YNL255C 5 256
YNL254C 4 516
YNL253W 8 396
YNL252C 3 14
YNL251C 2 8
YNL250W 6 3532
YNL249C 1 1
YNL248C 3 17
YNL247W 7 258
YNL246W 2 127
YNL245C 7 368
YNL244C 2 2
YNL243W 6 817
YNL242W 0 0
YNL241C 2 19
YNL240C 4 81
YNL239W 4 173
YNL238W 0 0
YNL237W 2 7
YNL236W 2 94
YNL235C 2 23
YNL234W 7 121
YNL233W 4 20
YNL232W 2 13
YNL231C 1 2
YNL230C 1 4
YNL229C 5 186
YNL228W 7 597
YNL227C 2 13
YNL226W 0 0
YNL225C 5 614
YNL224C 1 1
YNL223W 9 1469
YNL222W 3 20
YNL221C 1 7
YNL220W 5 57
YNL219C 0 0
YNL218W 6 149
YNL217W 6 504
YNL216W 4 65
YNL215W 2 8
YNL214W 1 3
YNL213C 3 95
YNL212W 2 71
YNL211C 2 14
YNL210W 2 10
YNL209W 8 2885
YNL208W 5 9
YNL207W 1 2
YNL206C 4 434
YNL205C 1 2
YNL204C 3 23
YNL203C 2 15
YNL202W 1 1
YNL201C 0 0
YNL200C 0 0
YNL199C 0 0
YNL198C 0 0
YNL197C 2 8
YNL196C 1 14
YNL195C 0 0
YNL194C 1 16
YNL193W 4 300
YNL192W 2 24
YNL191W 5 50
YNL190W 1 13
YNL189W 0 0
YNL188W 0 0
YNL187W 2 27
YNL186W 2 55
YNL185C 0 0
YNL184C 2 28
YNL183C 0 0
YNL182C 3 45
YNL181W 2 5
YNL180C 3 160
YNL179C 3 14
YNL178W 3 27
YNL177C 4 26
YNL176C 3 12
YNL175C 5 121
YNL174W 1 10
YNL173C 1 1
YNL172W 0 0
YNL171C 0 0
YNL170W 1 10
YNL169C 1 43
YNL168C 3 30
YNL167C 1 1
YNL166C 3 8
YNL165W 2 25
YNL164C 5 25
YNL163C 1 43
YNL162W-A 1 10
YNL162W 4 1038
YNL161W 3 5
YNL160W 2 28
YNL159C 4 56
YNL158W 8 319
YNL157W 1 2
YNL156C 3 20
YNL155W 2 12
YNL154C 2 15
YNL153C 12 2070
YNL152W 3 32
YNL151C 5 36
YNL150W 3 46
YNL149C 5 60
YNL148C 5 106
YNL147W 1 301
YNL146C-A 5 173
YNL146W 4 171
YNL145W 2 15
YNL144C 6 56
YNL144W-A 0 0
YNL143C 2 39
YNL142W 4 76
YNL141W 1 2
YNL140C 0 0
YNL139C 1 1
YNL138W-A 5 84
YNL138W 1 4
YNL137C 0 0
YNL136W 2 80
YNL135C 4 103
YNL134C 1 3
YNL133C 12 1424
YNL132W 2 53
YNL131W 0 0
YNL130C 7 651
YNL130C-A 1 1
YNL129W 1 1
YNL128W 1 84
YNL127W 1 1
YNL126W 2 9
YNL125C 7 98
YNL124W 6 1483
YNL123W 7 482
YNL122C 9 1395
YNL121C 3 47
YNL120C 0 0
YNL119W 2 98
YNL118C 3 30
YNL117W 1 45
YNL116W 6 264
YNL115C 4 16
YNL114C 0 0
YNL113W 1 189
YNL112W 1 1
YNL111C 0 0
YNL110C 2 49
YNL109W 2 9
YNL108C 2 5
YNL107W 5 832
YNL106C 3 59
YNL105W 1 40
YNL104C 3 123
YNL103W-A 1 3
YNL103W 5 255
YNL102W 0 0
YNL101W 7 147
YNL100W 4 13
YNL099C 3 48
YNL098C 1 15
YNL097C-B 3 155
YNL097C 3 513
YNL097W-A 4 154
YNL096C 4 10
YNL095C 2 82
YNL094W 0 0
YNL093W 0 0
YNL092W 5 57
YNL091W 0 0
YNL090W 1 251
YNL089C 0 0
YNL088W 6 38
YNL087W 0 0
YNL086W 0 0
YNL085W 0 0
YNL084C 2 56
YNL083W 0 0
YNL082W 2 20
YNL081C 3 96
YNL080C 2 7
YNL079C 11 1393
YNL078W 4 75
YNL077W 0 0
YNL076W 0 0
YNL075W 1 317
YNL074C 5 125
YNL073W 8 181
YNL072W 3 44
YNL071W 5 318
YNL070W 3 33
YNL069C 0 0
YNL068C 6 708
YNL067W-A 1 27
YNL067W-B 4 103
YNL067W 4 109
YNL066W 1 791
YNL065W 1 5
YNL064C 1 7
YNL063W 4 209
YNL062C 1 4
YNL061W 2 13
YNL059C 3 35
YNL058C 4 132
YNL057W 1 7
YNL056W 7 226
YNL055C 9 421
YNL054W 1 4
YNL053W 0 0
YNL052W 8 675
YNL051W 7 785
YNL050C 3 144
YNL049C 2 4
YNL048W 5 224
YNL047C 2 10
YNL046W 2 4
YNL045W 4 82
YNL044W 0 0
YNL043C 1 8
YNL042W-B 1 1
YNL042W 0 0
YNL041C 0 0
YNL040W 3 76
YNL039W 2 7
YNL038W 6 57
YNL037C 4 44
YNL036W 1 59
YNL035C 5 390
YNL034W 0 0
YNL033W 0 0
YNL032W 1 48
YNL031C 3 54
YNL030W 1 12
YNL029C 7 108
YNL028W 0 0
YNL027W 0 0
YNL026W 5 815
YNL025C 3 4475
YNL024C-A 1 26
YNL024C 1 77
YNL023C 3 33
YNL022C 1 1
YNL021W 1 61
YNL020C 1 1
YNL019C 0 0
YNL018C 0 0
YNL017C 7 272
YNL016W 2 17
YNL015W 0 0
YNL014W 0 0
YNL013C 0 0
YNL012W 1 155
YNL011C 6 43
YNL010W 1 2
YNL009W 2 44
YNL008C 3 136
YNL007C 2 130
YNL006W 2 16
YNL005C 0 0
YNL004W 6 76
YNL003C 4 181
YNL002C 1 1
YNL001W 1 28
YNR001C 2 11
YNR001W-A 5 102
YNR002C 8 243
YNR003C 2 266
YNR003W-A 9 1380
YNR004W 2 16
YNR005C 1 19
YNR006W 1 92
YNR007C 1 7
YNR008W 2 30
YNR009W 4 131
YNR010W 0 0
YNR011C 5 321
YNR012W 2 28
YNR013C 1 3
YNR014W 14 6334
YNR015W 3 3003
YNR016C 2 3
YNR017W 6 302
YNR018W 9 614
YNR019W 2 31
YNR020C 8 1447
YNR021W 5 230
YNR022C 1 146
YNR023W 0 0
YNR024W 2 104
YNR025C 0 0
YNR026C 2 170
YNR027W 6 95
YNR028W 3 185
YNR029C 3 81
YNR030W 0 0
YNR031C 0 0
YNR032W 0 0
YNR032C-A 9 88759
YNR033W 6 73
YNR034W 2 5
YNR034W-A 5 64
YNR035C 7 129
YNR036C 3 9
YNR037C 5 179
YNR038W 5 339
YNR039C 2 219
YNR040W 5 19
YNR041C 0 0
YNR042W 1 10
YNR043W 0 0
YNR044W 1 2
YNR045W 0 0
YNR046W 7 275
YNR047W 5 79
YNR048W 1 26
YNR049C 1 7
YNR050C 4 214
YNR051C 0 0
YNR052C 2 16
YNR053C 2 151
YNR054C 3 279
YNR055C 1 15
YNR056C 3 61
YNR057C 0 0
YNR058W 2 377
YNR059W 1 107
YNR060W 2 37
YNR061C 3 111
YNR062C 4 27
YNR063W 0 0
YNR064C 2 170
YNR065C 3 51
YNR066C 8 452
YNR067C 3 9
YNR068C 1 2
YNR069C 0 0
YNR070W 0 0
YNR071C 1 1
YNR072W 0 0
YNR073C 1 2
YNR074C 1 63
YNR075W 6 102
YNR075C-A 4 136
YNR076W 0 0
YNR077C 4 79
YOL166W-A 11 63
YOL166C 2 28
YOL165C 0 0
YOL164W-A 0 0
YOL164W 1 40
YOL163W 2 47
YOL162W 3 71
YOL161C 0 0
YOL160W 0 0
YOL159C-A 1 5
YOL159C 4 213
YOL158C 6 256
YOL157C 0 0
YOL156W 0 0
YOL155W-A 0 0
YOL155C 0 0
YOL154W 3 9
YOL152W 1 30
YOL151W 0 0
YOL150C 5 159
YOL149W 2 3
YOL148C 2 30
YOL147C 0 0
YOL146W 4 42
YOL145C 3 195
YOL144W 2 10
YOL143C 7 46
YOL142W 8 169
YOL141W 5 64
YOL140W 8 405
YOL139C 6 243
YOL138C 5 61
YOL137W 4 20
YOL136C 0 0
YOL135C 4 90
YOL134C 2 33
YOL133W 3 106
YOL132W 2 11
YOL131W 2 46
YOL130W 0 0
YOL129W 11 853
YOL128C 6 88
YOL127W 0 0
YOL126C 3 484
YOL125W 6 324
YOL124C 7 2409
YOL123W 0 0
YOL122C 1 6
YOL121C 7 212
YOL120C 0 0
YOL119C 1 38
YOL118C 4 1097
YOL117W 5 121
YOL116W 0 0
YOL115W 2 4
YOL114C 5 82
YOL113W 4 127
YOL112W 2 8
YOL111C 3 8
YOL110W 6 450
YOL109W 1 33
YOL108C 10 795
YOL107W 3 331
YOL106W 2 29
YOL105C 0 0
YOL104C 6 185
YOL103W 0 0
YOL102C 5 218
YOL101C 0 0
YOL100W 0 0
YOL099C 1 2
YOL098C 4 27
YOL097W-A 0 0
YOL097C 1 35
YOL096C 2 27
YOL095C 0 0
YOL094C 2 7
YOL093W 1 1
YOL092W 6 49
YOL091W 1 4
YOL090W 2 30
YOL089C 1 12
YOL088C 1 50
YOL087C 0 0
YOL086W-A 7 87
YOL086C 4 69
YOL085W-A 1 24
YOL085C 5 335
YOL084W 1 2
YOL083W 3 172
YOL083C-A 2 2
YOL082W 2 172
YOL081W 2 253
YOL080C 3 70
YOL079W 0 0
YOL078W 0 0
YOL077W-A 8 398
YOL077C 0 0
YOL076W 0 0
YOL075C 1 57
YOL073C 2 282
YOL072W 1 52
YOL071W 2 15
YOL070C 8 113
YOL069W 3 54
YOL068C 3 119
YOL067C 7 266
YOL066C 0 0
YOL065C 0 0
YOL064C 3 22
YOL063C 3 70
YOL062C 10 1370
YOL061W 6 127
YOL060C 2 4
YOL059W 5 113
YOL058W 9 638
YOL057W 8 95
YOL056W 2 32
YOL055C 0 0
YOL054W 2 44
YOL053W 2 35
YOL052C-A 0 0
YOL052C 7 228
YOL051W 1 36
YOL050C 3 1116
YOL049W 10 3226
YOL048C 5 21
YOL047C 0 0
YOL046C 0 0
YOL045W 1 2
YOL044W 0 0
YOL043C 3 15
YOL042W 6 356
YOL041C 4 489
YOL040C 1 37
YOL039W 4 37
YOL038C-A 0 0
YOL038W 2 179
YOL037C 1 2
YOL036W 1 13
YOL035C 1 16
YOL034W 6 325
YOL033W 2 5
YOL032W 0 0
YOL031C 2 42
YOL030W 3 31
YOL029C 3 21
YOL028C 2 125
YOL027C 5 80
YOL026C 3 10
YOL025W 1 43
YOL024W 2 14
YOL023W 1 1
YOL022C 1 1
YOL021C 5 97
YOL020W 4 38
YOL019W-A 5 172
YOL019W 0 0
YOL018C 7 72
YOL017W 0 0
YOL016C 1 37
YOL015W 0 0
YOL014W 0 0
YOL013W-B 0 0
YOL013W-A 3 8
YOL013C 0 0
YOL012C 1 9
YOL011W 1 2
YOL010W 2 3
YOL009C 1 10
YOL008W 1 26
YOL007C 0 0
YOL006C 2 18
YOL005C 6 62
YOL004W 0 0
YOL003C 15 2802
YOL002C 7 36
YOL001W 3 51
YOR001W 8 124
YOR002W 3 108
YOR003W 1 2
YOR004W 6 145
YOR005C 4 143
YOR006C 4 90
YOR007C 3 120
YOR008C 0 0
YOR008C-A 0 0
YOR008W-B 1 47
YOR009W 0 0
YOR010C 1 31
YOR011W 0 0
YOR011W-A 0 0
YOR012W 0 0
YOR013W 1 116
YOR014W 1 33
YOR015W 0 0
YOR016C 1 6
YOR017W 4 24
YOR018W 0 0
YOR019W 2 14
YOR020C 2 9
YOR020W-A 4 27
YOR021C 4 53
YOR022C 4 16
YOR023C 4 88
YOR024W 7 172
YOR025W 5 124
YOR026W 10 1251
YOR027W 4 20
YOR028C 0 0
YOR029W 6 70
YOR030W 0 0
YOR031W 11 132
YOR032C 4 28
YOR032W-A 5 281
YOR033C 2 31
YOR034C 1 15
YOR034C-A 3 150
YOR035C 8 159
YOR036W 5 168
YOR037W 2 24
YOR038C 7 85
YOR039W 1 2
YOR040W 1 35
YOR041C 2 73
YOR042W 3 61
YOR043W 0 0
YOR044W 2 13
YOR045W 5 206
YOR046C 1 2
YOR047C 0 0
YOR048C 1 5
YOR049C 0 0
YOR050C 4 76
YOR051C 1 129
YOR052C 0 0
YOR053W 6 90
YOR054C 2 87
YOR055W 1 15
YOR056C 2 37
YOR057W 1 2
YOR058C 0 0
YOR059C 3 60
YOR060C 8 210
YOR061W 1 26
YOR062C 0 0
YOR063W 5 98
YOR064C 14 631
YOR065W 1 1
YOR066W 7 372
YOR067C 2 57
YOR069W 2 74
YOR068C 0 0
YOR070C 4 75
YOR071C 3 36
YOR072W 4 60
YOR072W-A 5 128
YOR072W-B 2 7
YOR073W 4 157
YOR074C 1 19
YOR073W-A 3 49
YOR075W 7 124
YOR076C 7 2859
YOR077W 1 2
YOR078W 5 150
YOR079C 1 22
YOR080W 2 6
YOR081C 0 0
YOR082C 4 57
YOR083W 4 243
YOR084W 12 637
YOR085W 0 0
YOR086C 3 167
YOR087W 5 58
YOR089C 1 3
YOR090C 2 35
YOR091W 1 3
YOR092W 0 0
YOR093C 1 1
YOR094W 0 0
YOR095C 8 38
YOR096W 1 60
YOR097C 5 22
YOR098C 4 116
YOR099W 1 2
YOR100C 2 83
YOR101W 0 0
YOR102W 6 640
YOR103C 3 39
YOR104W 1 10
YOR105W 0 0
YOR106W 3 58
YOR107W 2 27
YOR108W 3 4
YOR108C-A 3 25
YOR109W 1 3
YOR110W 0 0
YOR111W 5 129
YOR112W 0 0
YOR113W 0 0
YOR114W 2 15
YOR115C 3 524
YOR116C 0 0
YOR117W 1 27
YOR118W 0 0
YOR119C 4 108
YOR120W 2 22
YOR121C 4 94
YOR122C 6 260
YOR123C 1 3
YOR124C 0 0
YOR125C 0 0
YOR126C 10 6648
YOR127W 0 0
YOR128C 0 0
YOR129C 1 54
YOR130C 2 33
YOR131C 3 79
YOR132W 2 45
YOR133W 4 510
YOR134W 2 11
YOR135C 1 45
YOR136W 3 76
YOR137C 1 33
YOR138C 2 3
YOR139C 0 0
YOR140W 0 0
YOR141C 3 148
YOR142W 1 4
YOR143C 1 1
YOR144C 0 0
YOR145C 3 33
YOR146W 0 0
YOR147W 5 1055
YOR148C 10 254
YOR149C 1 22
YOR150W 6 53
YOR151C 0 0
YOR152C 1 3
YOR153W 1 1
YOR154W 2 28
YOR155C 2 52
YOR156C 1 14
YOR157C 2 710
YOR158W 4 230
YOR159C 3 105
YOR160W 2 30
YOR161C 10 1939
YOR161W-A 2 41
YOR161W-B 4 35
YOR161C-C 8 189
YOR162C 5 518
YOR163W 5 112
YOR164C 3 265
YOR165W 3 255
YOR166C 2 8
YOR167C 2 7
YOR168W 1 32
YOR169C 0 0
YOR170W 3 37
YOR171C 1 8
YOR172W 4 115
YOR173W 1 288
YOR174W 0 0
YOR175C 1 11
YOR176W 5 26
YOR177C 0 0
YOR178C 3 77
YOR179C 1 6
YOR180C 0 0
YOR181W 3 17
YOR182C 5 60
YOR183W 1 1
YOR184W 0 0
YOR185C 1 2
YOR186W 3 78
YOR186C-A 2 39
YOR187W 4 29
YOR188W 1 1
YOR189W 1 2
YOR190W 1 1
YOR191W 0 0
YOR192C 1 11
YOR192C-C 0 0
YOR193W 0 0
YOR194C 1 33
YOR195W 0 0
YOR196C 9 1068
YOR197W 9 535
YOR198C 0 0
YOR199W 0 0
YOR200W 11 713
YOR201C 8 31
YOR202W 2 150
YOR203W 2 43
YOR204W 11 547
YOR205C 9 680
YOR206W 3 55
YOR207C 2 13
YOR208W 2 19
YOR209C 1 13
YOR210W 3 42
YOR211C 0 0
YOR212W 1 1450
YOR213C 0 0
YOR214C 1 2
YOR215C 4 22
YOR216C 1 11
YOR217W 5 120
YOR218C 0 0
YOR219C 2 22
YOR220W 2 3
YOR221C 6 127
YOR222W 1 1
YOR223W 11 473
YOR224C 0 0
YOR225W 0 0
YOR226C 8 443
YOR227W 3 17
YOR228C 1 10
YOR229W 3 419
YOR230W 2 116
YOR231W 1 9
YOR231C-A 0 0
YOR232W 1 8
YOR233W 1 22
YOR234C 2 85
YOR235W 0 0
YOR236W 5 69
YOR237W 0 0
YOR238W 4 519
YOR239W 3 61
YOR241W 2 23
YOR242C 0 0
YOR243C 2 45
YOR244W 1 11
YOR245C 5 298
YOR246C 0 0
YOR247W 0 0
YOR248W 0 0
YOR249C 2 4
YOR250C 4 40
YOR251C 11 771
YOR252W 4 64
YOR253W 6 400
YOR254C 2 20
YOR255W 2 82
YOR256C 1 21
YOR257W 2 49
YOR258W 3 17
YOR259C 6 132
YOR260W 4 24
YOR261C 0 0
YOR262W 3 56
YOR263C 0 0
YOR264W 1 26
YOR265W 15 651
YOR266W 2 8
YOR267C 0 0
YOR268C 7 157
YOR269W 8 829
YOR270C 0 0
YOR271C 8 212
YOR272W 3 158
YOR273C 7 411
YOR274W 2 134
YOR275C 11 1216
YOR276W 9 501
YOR277C 0 0
YOR278W 2 50
YOR279C 2 9
YOR280C 5 204
YOR281C 5 24
YOR282W 0 0
YOR283W 2 28
YOR284W 5 1010
YOR285W 8 543
YOR286W 2 5
YOR287C 2 153
YOR288C 2 70
YOR289W 4 49
YOR290C 0 0
YOR291W 4 86
YOR292C 5 433
YOR293W 0 0
YOR293C-A 5 62
YOR294W 2 56
YOR295W 2 9
YOR296W 3 190
YOR297C 5 1590
YOR298W 5 1010
YOR298C-A 6 151
YOR299W 1 2
YOR300W 0 0
YOR301W 2 325
YOR302W 3 6
YOR303W 2 21
YOR304W 2 130
YOR304C-A 2 23
YOR305W 0 0
YOR306C 1 9
YOR307C 2 10
YOR308C 0 0
YOR309C 1 46
YOR310C 3 215
YOR311C 5 32
YOR312C 0 0
YOR313C 1 1
YOR314W 1 1
YOR314W-A 13 2713
YOR315W 3 93
YOR316C 1 22
YOR316C-A 11 158
YOR317W 5 45
YOR318C 1 3
YOR319W 0 0
YOR320C 1 13
YOR321W 2 8
YOR322C 2 36
YOR323C 3 12
YOR324C 4 105
YOR325W 3 138
YOR326W 2 14
YOR327C 0 0
YOR328W 1 14
YOR329C 0 0
YOR329W-A 0 0
YOR330C 8 81
YOR331C 0 0
YOR332W 5 97
YOR333C 3 16
YOR334W 5 43
YOR335C 1 79
YOR335W-A 0 0
YOR336W 5 1383
YOR337W 5 131
YOR338W 0 0
YOR339C 1 3
YOR340C 5 30
YOR341W 0 0
YOR342C 3 193
YOR343C 21 2139
YOR344C 1 1
YOR345C 3 42
YOR346W 5 79
YOR347C 0 0
YOR348C 4 254
YOR349W 7 66
YOR350C 3 72
YOR351C 0 0
YOR352W 1 1
YOR353C 7 38
YOR354C 7 3599
YOR355W 0 0
YOR356W 4 360
YOR357C 12 491
YOR358W 0 0
YOR359W 1 1
YOR360C 1 17
YOR361C 9 394
YOR362C 5 7
YOR363C 4 154
YOR364W 12 1451
YOR365C 1 70
YOR366W 0 0
YOR367W 4 771
YOR368W 1 36
YOR369C 0 0
YOR370C 0 0
YOR371C 7 247
YOR372C 1 16
YOR373W 1 33
YOR374W 4 21
YOR375C 0 0
YOR376W 2 9
YOR376W-A 0 0
YOR377W 2 34
YOR378W 0 0
YOR379C 7 186
YOR380W 4 38
YOR381W 0 0
YOR381W-A 2 5
YOR382W 2 95
YOR383C 1 2
YOR384W 0 0
YOR385W 2 19
YOR386W 4 408
YOR387C 0 0
YOR388C 1 41
YOR389W 0 0
YOR390W 0 0
YOR391C 0 0
YOR392W 0 0
YOR393W 0 0
YOR394W 0 0
YOR394C-A 0 0
YOR396W 0 0
YOR396C-A 0 0
YPL283C 0 0
YPL283W-B 0 0
YPL283W-A 0 0
YPL282C 0 0
YPL281C 0 0
YPL280W 0 0
YPL279C 5 124
YPL278C 0 0
YPL277C 2 52
YPL274W 2 54
YPL273W 0 0
YPL272C 2 44
YPL271W 8 312
YPL270W 4 563
YPL269W 3 137
YPL268W 4 1795
YPL267W 4 88
YPL266W 1 2
YPL265W 1 156
YPL264C 1 5
YPL263C 1 2
YPL262W 5 92
YPL261C 0 0
YPL260W 0 0
YPL259C 5 245
YPL258C 4 140
YPL257W 3 62
YPL256C 0 0
YPL255W 2 107
YPL254W 0 0
YPL253C 5 111
YPL252C 4 182
YPL251W 0 0
YPL250C 2 4
YPL249C-A 0 0
YPL250W-A 0 0
YPL249C 4 63
YPL248C 3 47
YPL247C 1 6
YPL246C 1 1
YPL245W 5 138
YPL244C 4 72
YPL243W 1 55
YPL242C 2 6
YPL241C 8 331
YPL240C 8 267
YPL239W 2 21
YPL238C 0 0
YPL237W 0 0
YPL236C 2 88
YPL235W 0 0
YPL234C 0 0
YPL233W 3 10
YPL232W 2 40
YPL231W 4 109
YPL230W 1 12
YPL229W 3 10
YPL228W 1 1
YPL227C 0 0
YPL226W 3 150
YPL225W 1 177
YPL224C 10 4253
YPL223C 9 1718
YPL222W 2 108
YPL222C-A 0 0
YPL221W 6 197
YPL220W 12 1063
YPL219W 3 33
YPL218W 6 81
YPL217C 1 1
YPL216W 0 0
YPL215W 4 13
YPL214C 1 4
YPL213W 4 86
YPL212C 3 31
YPL211W 3 54
YPL210C 1 8
YPL209C 1 29
YPL208W 2 55
YPL207W 2 6
YPL206C 2 181
YPL205C 1 4
YPL204W 1 1
YPL203W 1 13
YPL202C 5 183
YPL201C 4 59
YPL200W 1 1
YPL199C 5 63
YPL198W 11 330
YPL197C 2 34
YPL196W 1 2
YPL195W 10 920
YPL194W 2 4
YPL193W 2 85
YPL192C 0 0
YPL191C 2 817
YPL190C 1 3
YPL189C-A 2 457
YPL189W 1 1
YPL188W 1 1
YPL187W 2 96
YPL186C 12 2854
YPL185W 5 106
YPL184C 1 2
YPL183W-A 2 95
YPL183C 6 202
YPL182C 0 0
YPL181W 3 9
YPL180W 2 51
YPL179W 2 7
YPL178W 3 145
YPL177C 5 199
YPL176C 5 34
YPL175W 2 39
YPL174C 0 0
YPL173W 4 695
YPL172C 0 0
YPL171C 5 99
YPL170W 6 61
YPL169C 6 258
YPL168W 1 4
YPL167C 2 65
YPL166W 4 156
YPL165C 1 2
YPL164C 4 124
YPL163C 0 0
YPL162C 1 3
YPL161C 0 0
YPL160W 1 4
YPL159C 0 0
YPL158C 0 0
YPL157W 5 61
YPL156C 3 7
YPL155C 3 15
YPL154C 0 0
YPL153C 5 200
YPL152W-A 4 73
YPL152W 1 5
YPL151C 4 139
YPL150W 2 5
YPL149W 3 24
YPL148C 2 16
YPL147W 3 19
YPL146C 3 432
YPL145C 0 0
YPL144W 5 154
YPL143W 0 0
YPL142C 1 3
YPL141C 0 0
YPL140C 0 0
YPL139C 0 0
YPL138C 2 64
YPL137C 1 1
YPL136W 2 5
YPL135W 5 38
YPL135C-A 2 27
YPL134C 4 60
YPL133C 1 5
YPL132W 0 0
YPL131W 0 0
YPL130W 1 11
YPL129W 3 14
YPL128C 0 0
YPL127C 6 58
YPL126W 2 35
YPL125W 0 0
YPL124W 3 55
YPL123C 1 29
YPL122C 3 1237
YPL121C 0 0
YPL120W 5 366
YPL119C-A 0 0
YPL119C 0 0
YPL118W 0 0
YPL117C 1 1
YPL116W 5 22
YPL115C 2 51
YPL114W 5 322
YPL113C 5 144
YPL112C 3 75
YPL111W 3 103
YPL110C 0 0
YPL109C 1 15
YPL108W 4 70
YPL107W 2 3
YPL106C 0 0
YPL105C 5 122
YPL104W 0 0
YPL103C 2 23
YPL102C 0 0
YPL101W 4 94
YPL100W 0 0
YPL099C 2 4
YPL098C 1 1
YPL097W 3 87
YPL096C-A 2 12
YPL096W 8 185
YPL095C 4 16
YPL094C 7 936
YPL093W 1 1
YPL092W 0 0
YPL091W 1 9
YPL090C 1 1
YPL089C 2 2544
YPL088W 0 0
YPL087W 0 0
YPL086C 2 35
YPL085W 2 15
YPL084W 2 570
YPL083C 1 4
YPL082C 2 49
YPL081W 5 414
YPL080C 5 514
YPL079W 3 268
YPL078C 4 123
YPL077C 7 439
YPL076W 0 0
YPL075W 3 270
YPL074W 3 103
YPL073C 2 45
YPL072W 1 10
YPL071C 1 1
YPL070W 1 1
YPL069C 7 292
YPL068C 6 154
YPL067C 3 32
YPL066W 3 121
YPL065W 3 18
YPL064C 2 23
YPL063W 0 0
YPL062W 12 3018
YPL061W 1 1
YPL060W 3 37
YPL059W 1 12
YPL058C 1 8
YPL057C 2 30
YPL056C 9 2692
YPL055C 5 744
YPL054W 1 21
YPL053C 2 4
YPL052W 1 95
YPL051W 4 55
YPL050C 1 14
YPL049C 4 56
YPL048W 5 18
YPL047W 0 0
YPL046C 1 8
YPL045W 1 4
YPL044C 0 0
YPL043W 2 8
YPL042C 0 0
YPL041C 6 1134
YPL040C 4 34
YPL039W 3 128
YPL038W-A 0 0
YPL038W 9 494
YPL037C 8 794
YPL036W 3 18
YPL035C 2 75
YPL034W 0 0
YPL033C 2 10
YPL032C 3 39
YPL031C 1 5
YPL030W 1 123
YPL029W 1 1
YPL028W 2 38
YPL027W 1 5
YPL026C 0 0
YPL025C 15 485
YPL024W 10 349
YPL023C 1 1
YPL022W 0 0
YPL021W 0 0
YPL020C 0 0
YPL019C 3 118
YPL018W 2 58
YPL017C 3 36
YPL016W 0 0
YPL015C 12 848
YPL014W 1 66
YPL013C 6 252
YPL012W 0 0
YPL011C 3 9
YPL010W 1 1
YPL009C 2 9
YPL008W 1 70
YPL007C 1 21
YPL006W 1 15
YPL005W 1 15
YPL004C 0 0
YPL003W 4 17
YPL002C 10 673
YPL001W 4 970
YPR001W 5 95
YPR002W 8 151
YPR002C-A 2 34
YPR003C 2 1080
YPR004C 0 0
YPR005C 1 1
YPR006C 4 80
YPR007C 2 14
YPR008W 1 2
YPR009W 6 187
YPR010C 1 1
YPR010C-A 8 268
YPR011C 4 50
YPR012W 2 120
YPR013C 2 19
YPR014C 1 3
YPR015C 3 64
YPR016C 0 0
YPR016W-A 0 0
YPR017C 6 125
YPR018W 0 0
YPR019W 2 22
YPR020W 4 39
YPR021C 0 0
YPR022C 10 445
YPR023C 3 105
YPR024W 3 8
YPR025C 8 256
YPR026W 2 28
YPR027C 0 0
YPR028W 2 10
YPR029C 1 3
YPR030W 6 489
YPR031W 2 18
YPR032W 3 17
YPR033C 4 69
YPR034W 2 21
YPR035W 0 0
YPR036W 6 894
YPR036W-A 7 63
YPR037C 5 139
YPR038W 2 489
YPR039W 2 93
YPR040W 11 1047
YPR041W 1 1
YPR042C 1 4
YPR043W 4 596
YPR044C 3 7
YPR045C 2 3273
YPR046W 8 157
YPR047W 0 0
YPR048W 3 188
YPR049C 1 4
YPR050C 5 1012
YPR051W 1 6
YPR052C 3 127
YPR053C 0 0
YPR054W 1 10
YPR055W 1 93
YPR056W 4 202
YPR057W 3 15
YPR058W 0 0
YPR059C 4 30
YPR060C 0 0
YPR061C 7 192
YPR062W 3 67
YPR063C 3 163
YPR064W 2 22
YPR065W 3 65
YPR066W 0 0
YPR067W 5 49
YPR068C 5 177
YPR069C 2 64
YPR070W 4 423
YPR071W 1 1
YPR072W 0 0
YPR073C 4 119
YPR074C 4 83
YPR074W-A 9 1613
YPR075C 3 260
YPR076W 0 0
YPR077C 1 2
YPR078C 0 0
YPR079W 1 15
YPR080W 4 327
YPR081C 4 250
YPR082C 9 1430
YPR083W 4 147
YPR084W 0 0
YPR085C 2 4
YPR086W 2 31
YPR087W 1 1
YPR088C 0 0
YPR089W 3 1008
YPR091C 9 2287
YPR092W 2 43
YPR093C 6 186
YPR094W 3 215
YPR095C 0 0
YPR096C 0 0
YPR097W 1 26
YPR098C 6 110
YPR099C 4 182
YPR100W 2 3
YPR101W 6 86
YPR102C 0 0
YPR103W 0 0
YPR104C 0 0
YPR105C 6 394
YPR106W 2 285
YPR107C 2 9
YPR108W 1 1
YPR108W-A 0 0
YPR109W 0 0
YPR110C 0 0
YPR111W 6 101
YPR112C 4 126
YPR113W 3 132
YPR114W 0 0
YPR115W 0 0
YPR116W 1 1
YPR117W 1 1
YPR118W 7 42
YPR119W 1 8
YPR120C 0 0
YPR121W 1 4
YPR122W 4 12280
YPR123C 0 0
YPR124W 1 1
YPR125W 0 0
YPR126C 5 188
YPR127W 3 926
YPR128C 4 61
YPR129W 1 9
YPR130C 2 67
YPR131C 5 753
YPR132W 3 14
YPR133C 0 0
YPR133W-A 3 83
YPR134W 1 20
YPR135W 0 0
YPR136C 1 2
YPR137W 2 117
YPR138C 2 2
YPR139C 0 0
YPR140W 0 0
YPR141C 0 0
YPR142C 0 0
YPR143W 4 149
YPR144C 4 51
YPR145W 4 68
YPR145C-A 6 198
YPR146C 2 5
YPR147C 4 97
YPR148C 1 18
YPR149W 2 22
YPR150W 3 14
YPR151C 17 1167
YPR152C 3 113
YPR153W 4 114
YPR154W 7 228
YPR155C 0 0
YPR156C 1 2
YPR157W 0 0
YPR158W 3 40
YPR159W 1 4
YPR159C-A 10 11496
YPR160W 2 6
YPR160W-A 2 46
YPR160C-A 1 3
YPR161C 0 0
YPR162C 4 66
YPR163C 7 71
YPR164W 3 21
YPR165W 0 0
YPR166C 4 261
YPR167C 3 70
YPR168W 5 127
YPR169W 0 0
YPR170C 1 14
YPR169W-A 3 44
YPR170W-B 3 44
YPR170W-A 2 16
YPR171W 11 400
YPR172W 2 41
YPR173C 3 25
YPR174C 5 236
YPR175W 3 22
YPR176C 9 260
YPR177C 2 213
YPR178W 3 81
YPR179C 3 32
YPR180W 6 356
YPR181C 2 161
YPR182W 1 2
YPR183W 6 2712
YPR184W 2 6
YPR185W 2 26
YPR186C 3 11
YPR187W 4 76
YPR188C 7 1655
YPR189W 1 9
YPR190C 2 30
YPR191W 2 6
YPR192W 2 50
YPR193C 2 24
YPR194C 0 0
YPR195C 3 53
YPR196W 6 70
YPR197C 0 0
YPR198W 0 0
YPR199C 5 2210
YPR200C 0 0
YPR201W 2 2
YPR202W 0 0
YPR203W 0 0
YPR204W 0 0
YPR204C-A 0 0
