YAL069W 14 810
YAL068W-A 14 9001
YAL068C 3 32
YAL067W-A 5 893
YAL067C 22 8067
YAL066W 4 42
YAL065C 10 6965
YAL064W-B 1 2
YAL064C-A 4 45
YAL064W 0 0
YAL063C-A 0 0
YAL063C 15 3663
YAL062W 65 4878
YAL061W 53 4049
YAL060W 39 2207
YAL059C-A 2 190
YAL059W 3 191
YAL058W 35 3275
YAL056C-A 6 166
YAL056W 53 3506
YAL055W 12 667
YAL054C 49 1004
YAL053W 43 4055
YAL051W 51 2186
YAL049C 8 209
YAL048C 48 2245
YAL047W-A 13 599
YAL047C 19 2368
YAL046C 7 130
YAL045C 5 55
YAL044W-A 8 426
YAL044C 19 243
YAL043C 36 1862
YAL042C-A 16 2580
YAL042W 39 3482
YAL041W 36 762
YAL040C 24 718
YAL039C 63 2665
YAL038W 35 1885
YAL037C-B 21 1481
YAL037C-A 4 440
YAL037W 12 644
YAL036C 15 824
YAL035W 22 691
YAL034C-B 12 160
YAL034W-A 10 289
YAL034C 24 1143
YAL033W 3 12
YAL032C 18 307
YAL031W-A 1 40
YAL031C 26 578
YAL030W 8 96
YAL029C 31 935
YAL028W 21 953
YAL027W 23 2604
YAL026C-A 6 2253
YAL026C 27 1763
YAL025C 1 1
YAL024C 27 761
YAL023C 35 802
YAL022C 19 164
YAL021C 35 940
YAL020C 27 690
YAL019W-A 14 346
YAL019W 26 1943
YAL018C 12 444
YAL017W 48 1656
YAL016C-B 9 60
YAL016C-A 7 232
YAL016W 18 473
YAL015C 33 1393
YAL014C 14 305
YAL013W 11 121
YAL012W 24 729
YAL011W 14 213
YAL010C 10 120
YAL009W 4 24
YAL008W 17 3117
YAL007C 12 324
YAL005C 43 2171
YAL004W 12 244
YAL003W 11 332
YAL002W 65 28499
YAL001C 119 5646
YAR002W 45 3417
YAR002C-A 19 4325
YAR003W 38 1393
YAR007C 11 426
YAR008W 21 480
YAR014C 22 666
YAR015W 7 220
YAR018C 10 419
YAR019C 28 11796
YAR019W-A 5 19
YAR020C 3 86
YAR023C 9 327
YAR027W 14 296
YAR028W 22 1041
YAR029W 2 26
YAR030C 6 93
YAR031W 16 166
YAR033W 6 254
YAR035W 110 5118
YAR035C-A 2 9
YAR042W 42 1705
YAR047C 0 0
YAR050W 19 425
YAR053W 0 0
YAR060C 0 0
YAR064W 2 16
YAR066W 0 0
YAR068W 0 0
YAR069C 0 0
YAR070C 0 0
YAR071W 2 28
YAR073W 5 353
YAR075W 0 0
YBL113C 1 5
YBL113W-A 0 0
YBL112C 0 0
YBL111C 0 0
YBL109W 18 3985
YBL108C-A 0 0
YBL108W 14 3362
YBL107W-A 0 0
YBL107C 17 380
YBL106C 30 565
YBL105C 37 812
YBL104C 59 2062
YBL103C 13 273
YBL102W 7 660
YBL101C 53 1835
YBL100W-C 2 36
YBL100C 1 1
YBL099W 11 187
YBL098W 21 1023
YBL097W 27 766
YBL096C 7 78
YBL095W 4 67
YBL094C 1 2
YBL093C 19 318
YBL092W 2 54
YBL091C-A 15 353
YBL091C 18 410
YBL090W 12 170
YBL089W 26 401
YBL088C 100 2735
YBL087C 12 100
YBL086C 7 659
YBL085W 18 239
YBL084C 14 79
YBL083C 4 101
YBL082C 28 757
YBL081W 10 188
YBL080C 24 635
YBL079W 38 978
YBL078C 0 0
YBL077W 11 155
YBL076C 37 1724
YBL075C 33 890
YBL074C 20 463
YBL073W 21 1240
YBL072C 3 67
YBL071C-B 1 6
YBL071W-A 3 7
YBL071C 8 219
YBL070C 6 113
YBL069W 28 509
YBL068W-A 4 19
YBL068W 11 157
YBL067C 16 630
YBL066C 47 1569
YBL065W 10 74
YBL064C 16 1002
YBL063W 33 481
YBL062W 4 120
YBL061C 32 548
YBL060W 22 609
YBL059C-A 2 14
YBL059W 11 370
YBL058W 28 492
YBL057C 22 298
YBL056W 18 290
YBL055C 22 348
YBL054W 19 358
YBL053W 3 19
YBL052C 21 1892
YBL051C 22 1319
YBL050W 13 149
YBL049W 2 152
YBL048W 5 78
YBL047C 55 1854
YBL046W 32 846
YBL045C 17 384
YBL044W 34 10706
YBL043W 14 141
YBL042C 37 900
YBL041W 7 161
YBL040C 15 670
YBL039W-B 1 1
YBL039C 15 261
YBL039C-A 0 0
YBL038W 9 185
YBL037W 34 684
YBL036C 13 170
YBL035C 34 1385
YBL034C 31 753
YBL033C 16 296
YBL032W 19 297
YBL031W 26 317
YBL030C 19 322
YBL029C-A 6 85
YBL029W 28 765
YBL028C 5 150
YBL027W 6 101
YBL026W 6 142
YBL025W 5 150
YBL024W 16 1080
YBL023C 30 467
YBL022C 24 268
YBL021C 11 790
YBL020W 17 378
YBL019W 13 4927
YBL018C 10 281
YBL017C 67 8142
YBL016W 21 1283
YBL015W 63 2769
YBL014C 25 508
YBL013W 57 2270
YBL012C 12 247
YBL011W 27 821
YBL010C 1 3
YBL009W 21 479
YBL008W-A 4 96
YBL008W 26 372
YBL007C 33 676
YBL006C 6 114
YBL006W-A 5 93
YBL005W 38 427
YBL004W 47 1410
YBL003C 6 174
YBL002W 21 1883
YBL001C 29 4427
YBR001C 114 6625
YBR002C 13 129
YBR003W 26 819
YBR004C 29 626
YBR005W 11 45
YBR006W 48 1784
YBR007C 33 2252
YBR008C 45 1352
YBR009C 4 13
YBR010W 6 126
YBR011C 9 207
YBR012C 2 24
YBR013C 8 385
YBR014C 11 80
YBR015C 16 185
YBR016W 10 134
YBR017C 24 568
YBR018C 15 184
YBR019C 42 1794
YBR020W 50 1148
YBR021W 23 286
YBR022W 14 313
YBR023C 40 2250
YBR024W 13 164
YBR025C 21 364
YBR026C 13 210
YBR027C 13 233
YBR028C 7 335
YBR029C 20 298
YBR030W 8 44
YBR031W 4 235
YBR032W 32 9631
YBR033W 47 1420
YBR034C 27 1444
YBR035C 13 251
YBR036C 20 467
YBR037C 21 237
YBR038W 45 1424
YBR039W 11 229
YBR040W 6 66
YBR041W 14 254
YBR042C 10 62
YBR043C 27 838
YBR044C 16 1148
YBR045C 14 440
YBR046C 15 172
YBR047W 9 607
YBR048W 10 229
YBR049C 28 639
YBR050C 16 1956
YBR051W 8 101
YBR052C 9 201
YBR053C 17 480
YBR054W 25 1182
YBR055C 28 1065
YBR056W 11 133
YBR056W-A 4 102
YBR056C-B 3 98
YBR057C 12 99
YBR058C 19 437
YBR058C-A 2 8
YBR059C 42 1004
YBR060C 14 223
YBR061C 21 488
YBR062C 7 203
YBR063C 6 207
YBR064W 2 94
YBR065C 12 178
YBR066C 15 194
YBR067C 0 0
YBR068C 41 3737
YBR069C 33 1171
YBR070C 20 1280
YBR071W 11 172
YBR072W 16 1051
YBR072C-A 11 355
YBR073W 21 343
YBR074W 27 622
YBR076W 21 1023
YBR076C-A 12 653
YBR077C 9 381
YBR078W 39 2148
YBR079C 40 918
YBR080C 24 554
YBR081C 35 683
YBR082C 24 1050
YBR083W 30 1705
YBR084W 26 1652
YBR084C-A 7 171
YBR085W 8 247
YBR085C-A 3 276
YBR086C 37 1331
YBR087W 15 471
YBR088C 13 325
YBR089W 9 193
YBR089C-A 20 1461
YBR090C 27 1694
YBR091C 5 12
YBR092C 13 523
YBR093C 19 280
YBR094W 31 463
YBR095C 13 241
YBR096W 5 19
YBR097W 19 859
YBR098W 31 768
YBR099C 1 2
YBR101C 4 120
YBR102C 31 708
YBR103W 14 143
YBR103C-A 10 1153
YBR104W 18 581
YBR105C 12 374
YBR106W 9 275
YBR107C 9 1134
YBR108W 28 776
YBR109C 3 4
YBR109W-A 6 175
YBR110W 5 48
YBR111C 13 1962
YBR111W-A 4 137
YBR112C 19 331
YBR113W 3 17
YBR114W 43 826
YBR115C 59 2394
YBR116C 15 739
YBR117C 46 1194
YBR118W 2 28
YBR119W 9 65
YBR120C 3 15
YBR121C 4 34
YBR121C-A 0 0
YBR122C 4 73
YBR123C 11 201
YBR124W 9 148
YBR125C 15 3421
YBR126C 36 1236
YBR126W-A 11 1393
YBR126W-B 8 1374
YBR127C 24 596
YBR128C 23 546
YBR129C 4 116
YBR130C 6 98
YBR131W 23 271
YBR131C-A 0 0
YBR132C 34 1154
YBR133C 40 1189
YBR134W 16 737
YBR135W 6 137
YBR136W 46 2199
YBR137W 16 495
YBR138C 26 790
YBR139W 28 703
YBR140C 95 5713
YBR141C 15 364
YBR141W-A 0 0
YBR142W 32 851
YBR143C 8 151
YBR144C 12 165
YBR145W 14 177
YBR146W 7 205
YBR147W 17 1448
YBR148W 28 1642
YBR149W 23 720
YBR150C 32 381
YBR151W 19 572
YBR152W 10 237
YBR153W 14 267
YBR154C 1 1
YBR155W 10 120
YBR156C 20 656
YBR157C 7 652
YBR158W 17 279
YBR159W 11 104
YBR160W 14 602
YBR161W 3 17
YBR162C 18 683
YBR162W-A 1 1
YBR163W 16 450
YBR164C 3 84
YBR165W 6 213
YBR166C 22 1218
YBR167C 4 93
YBR168W 8 275
YBR169C 37 858
YBR170C 28 581
YBR171W 3 37
YBR172C 24 548
YBR173C 3 11
YBR174C 9 1653
YBR175W 22 346
YBR176W 12 475
YBR177C 30 879
YBR178W 15 967
YBR179C 29 570
YBR180W 22 544
YBR181C 3 227
YBR182C 17 302
YBR182C-A 0 0
YBR183W 20 327
YBR184W 14 195
YBR185C 10 180
YBR186W 39 1665
YBR187W 3 64
YBR188C 12 179
YBR189W 8 62
YBR190W 0 0
YBR191W 1 2
YBR191W-A 0 0
YBR192W 7 28
YBR193C 6 98
YBR194W 11 216
YBR195C 10 102
YBR196C 27 902
YBR196C-A 9 607
YBR196C-B 4 1197
YBR197C 27 2675
YBR198C 16 334
YBR199W 22 547
YBR200W 8 96
YBR200W-A 1 4
YBR201W 7 81
YBR201C-A 9 264
YBR202W 37 1574
YBR203W 41 1057
YBR204C 18 440
YBR205W 23 284
YBR206W 10 112
YBR207W 21 459
YBR208C 83 1635
YBR209W 23 1799
YBR210W 3 38
YBR211C 3 79
YBR212W 22 439
YBR213W 23 466
YBR214W 39 3264
YBR215W 21 377
YBR216C 16 403
YBR217W 6 99
YBR218C 50 1733
YBR219C 28 2490
YBR220C 27 1714
YBR221C 16 1108
YBR221W-A 11 241
YBR222C 29 557
YBR223C 20 316
YBR223W-A 4 47
YBR224W 5 152
YBR225W 16 170
YBR226C 2 50
YBR227C 5 36
YBR228W 13 510
YBR229C 46 1204
YBR230C 5 200
YBR230W-A 25 872
YBR231C 11 96
YBR232C 5 96
YBR233W 18 350
YBR233W-A 4 42
YBR234C 16 333
YBR235W 60 1614
YBR236C 12 292
YBR237W 18 262
YBR238C 15 371
YBR239C 48 1162
YBR240C 21 393
YBR241C 60 1376
YBR242W 16 2183
YBR243C 11 154
YBR244W 3 54
YBR245C 33 1136
YBR246W 19 391
YBR247C 6 33
YBR248C 30 5688
YBR249C 17 182
YBR250W 16 828
YBR251W 13 320
YBR252W 9 372
YBR253W 5 40
YBR254C 1 68
YBR255W 35 1086
YBR255C-A 5 876
YBR256C 8 160
YBR257W 15 155
YBR258C 7 74
YBR259W 20 196
YBR260C 32 517
YBR261C 17 1945
YBR262C 9 161
YBR263W 16 383
YBR264C 13 131
YBR265W 6 559
YBR267W 13 121
YBR266C 3 39
YBR268W 6 116
YBR269C 8 154
YBR270C 11 756
YBR271W 22 583
YBR272C 13 313
YBR273C 9 84
YBR274W 11 414
YBR275C 66 1732
YBR276C 31 606
YBR277C 9 100
YBR278W 16 312
YBR279W 11 322
YBR280C 28 515
YBR281C 23 725
YBR282W 4 90
YBR283C 25 497
YBR284W 32 1014
YBR285W 2 7
YBR286W 39 786
YBR287W 12 172
YBR288C 19 1445
YBR289W 24 1760
YBR290W 9 118
YBR291C 29 925
YBR292C 5 108
YBR293W 17 1224
YBR294W 45 1475
YBR295W 50 2787
YBR296C 33 604
YBR296C-A 10 727
YBR297W 23 498
YBR298C 54 1903
YBR298C-A 12 772
YBR299W 11 762
YBR300C 2 3
YBR301W 3 42
YBR302C 0 0
YCL076W 14 625
YCL073C 6 92
YCL069W 3 146
YCL068C 0 0
YCL067C 0 0
YCL066W 0 0
YCL065W 2 55
YCL064C 23 1291
YCL063W 18 274
YCL061C 27 611
YCL059C 8 203
YCL058C 14 575
YCL058W-A 8 460
YCL057C-A 17 528
YCL057W 32 1222
YCL056C 2 2
YCL055W 9 83
YCL054W 14 638
YCL052C 13 561
YCL051W 17 579
YCL050C 14 403
YCL049C 8 119
YCL048W-A 1 50
YCL048W 24 719
YCL047C 9 392
YCL045C 29 641
YCL046W 2 2
YCL044C 11 153
YCL043C 37 908
YCL041C 19 280
YCL042W 25 3680
YCL040W 105 9820
YCL039W 56 1744
YCL038C 15 447
YCL037C 9 257
YCL036W 36 2138
YCL035C 5 117
YCL034W 22 449
YCL033C 1 1
YCL032W 12 291
YCL031C 8 184
YCL030C 39 1080
YCL029C 26 1753
YCL028W 10 149
YCL027W 26 436
YCL026C-B 1 6
YCL026C-A 11 367
YCL025C 55 838
YCL023C 6 74
YCL024W 39 1122
YCL022C 7 277
YCL021W-A 10 274
YCL018W 15 773
YCL017C 16 300
YCL016C 16 184
YCL014W 38 1153
YCL012C 5 158
YCL011C 21 408
YCL010C 27 1394
YCL009C 19 523
YCL008C 35 1932
YCL007C 5 42
YCL005W-A 7 78
YCL005W 13 1929
YCL004W 26 1002
YCL002C 17 591
YCL001W 4 245
YCL001W-A 1 1
YCL001W-B 7 267
YCR001W 9 328
YCR002C 12 381
YCR003W 11 123
YCR004C 6 568
YCR005C 49 1142
YCR006C 28 3172
YCR007C 11 506
YCR008W 30 732
YCR009C 7 161
YCR010C 20 274
YCR011C 73 2752
YCR012W 13 370
YCR013C 9 288
YCR014C 13 953
YCR015C 12 485
YCR016W 11 288
YCR017C 36 3493
YCR018C 7 68
YCR018C-A 7 53
YCR019W 24 520
YCR020C 9 153
YCR020C-A 4 400
YCR020W-B 2 17
YCR021C 36 930
YCR022C 19 421
YCR023C 29 914
YCR024C 11 118
YCR024C-B 13 1381
YCR024C-A 2 10
YCR025C 26 2636
YCR026C 50 1392
YCR027C 3 35
YCR028C 21 562
YCR028C-A 2 3
YCR030C 28 490
YCR031C 10 91
YCR032W 59 1718
YCR033W 38 707
YCR034W 6 142
YCR035C 4 98
YCR036W 17 550
YCR037C 16 228
YCR038C 7 48
YCR038W-A 0 0
YCR039C 0 0
YCR040W 0 0
YCR041W 4 92
YCR042C 46 705
YCR043C 9 848
YCR044C 13 226
YCR045C 17 348
YCR045W-A 3 7
YCR046C 13 200
YCR047C 11 339
YCR047W-A 2 11
YCR049C 23 638
YCR048W 46 1274
YCR050C 1 2
YCR051W 14 256
YCR052W 11 382
YCR053W 17 785
YCR054C 14 378
YCR057C 32 934
YCR059C 27 545
YCR060W 7 155
YCR061W 55 1129
YCR064C 14 425
YCR063W 21 812
YCR065W 32 1674
YCR066W 15 966
YCR067C 43 886
YCR068W 23 777
YCR069W 15 243
YCR071C 14 562
YCR072C 18 289
YCR073C 47 724
YCR073W-A 17 1204
YCR075C 10 100
YCR075W-A 3 116
YCR076C 17 424
YCR077C 34 557
YCR079W 17 327
YCR081W 43 845
YCR081C-A 3 24
YCR082W 10 144
YCR083W 6 212
YCR084C 31 713
YCR085W 3 8
YCR086W 8 30
YCR087W 12 3479
YCR087C-A 8 186
YCR088W 27 884
YCR089W 28 2138
YCR090C 11 399
YCR091W 38 3858
YCR092C 25 826
YCR093W 44 878
YCR094W 15 234
YCR095C 5 32
YCR095W-A 2 57
YCR096C 0 0
YCR097W 2 64
YCR097W-A 5 20
YCR098C 20 362
YCR099C 7 206
YCR100C 13 263
YCR101C 6 317
YCR102C 24 459
YCR102W-A 0 0
YCR104W 1 36
YCR105W 34 1327
YCR106W 31 1138
YCR107W 13 145
YCR108C 8 221
YDL248W 3 9
YDL247W-A 0 0
YDL247W 0 0
YDL246C 0 0
YDL245C 1 3
YDL244W 7 146
YDL243C 14 378
YDL242W 17 1103
YDL241W 2 50
YDL240C-A 22 14533
YDL240W 30 1101
YDL239C 15 330
YDL238C 33 1481
YDL237W 13 307
YDL236W 10 3289
YDL235C 1 2
YDL234C 29 1187
YDL233W 9 344
YDL232W 4 45
YDL231C 65 1758
YDL230W 13 260
YDL229W 14 300
YDL228C 3 211
YDL227C 7 192
YDL226C 14 430
YDL225W 26 420
YDL224C 15 140
YDL223C 58 1216
YDL222C 23 575
YDL221W 36 659
YDL220C 66 1680
YDL219W 2 79
YDL218W 13 200
YDL217C 6 28
YDL216C 10 166
YDL215C 64 3965
YDL214C 51 1002
YDL213C 19 259
YDL212W 2 2
YDL211C 4 55
YDL210W 18 450
YDL209C 13 256
YDL208W 5 440
YDL207W 6 208
YDL206W 26 459
YDL205C 28 538
YDL204W 36 785
YDL203C 16 332
YDL202W 5 130
YDL201W 19 524
YDL200C 10 49
YDL199C 17 499
YDL198C 20 238
YDL197C 29 852
YDL196W 9 139
YDL195W 16 141
YDL194W 12 263
YDL193W 9 274
YDL192W 14 169
YDL191W 1 4
YDL190C 26 616
YDL189W 12 945
YDL188C 18 1090
YDL187C 1 2
YDL186W 14 747
YDL185C-A 3 488
YDL185W 29 322
YDL184C 1 4
YDL183C 21 336
YDL182W 31 1709
YDL181W 8 430
YDL180W 18 346
YDL179W 4 26
YDL178W 26 710
YDL177C 12 297
YDL176W 23 798
YDL175C 11 124
YDL174C 37 708
YDL173W 13 225
YDL172C 3 113
YDL171C 94 10497
YDL170W 30 465
YDL169C 12 143
YDL168W 24 912
YDL167C 16 188
YDL166C 3 117
YDL165W 8 138
YDL164C 32 581
YDL163W 5 37
YDL162C 11 889
YDL161W 20 382
YDL160C-A 5 323
YDL160C 12 78
YDL159W-A 5 60
YDL159W 19 504
YDL159C-B 1 2
YDL158C 4 70
YDL157C 2 16
YDL156W 30 978
YDL155W 22 721
YDL154W 22 492
YDL153C 6 51
YDL152W 2 4
YDL151C 4 117
YDL150W 11 211
YDL149W 22 1095
YDL148C 33 786
YDL147W 10 180
YDL146W 11 189
YDL145C 30 561
YDL144C 33 2039
YDL143W 16 252
YDL142C 14 649
YDL141W 15 177
YDL140C 65 1199
YDL139C 7 30
YDL138W 39 1787
YDL137W 21 2435
YDL136W 3 13
YDL135C 12 337
YDL134C 18 275
YDL133C-A 1 18
YDL133W 15 746
YDL132W 25 422
YDL131W 33 958
YDL130W-A 1 22
YDL130W 13 192
YDL129W 11 680
YDL128W 16 280
YDL127W 32 5825
YDL126C 33 813
YDL125C 16 742
YDL124W 27 1066
YDL123W 12 99
YDL122W 32 620
YDL121C 8 2362
YDL120W 4 25
YDL119C 11 207
YDL118W 2 21
YDL117W 24 659
YDL116W 12 368
YDL115C 21 377
YDL114W-A 1 2
YDL114W 8 606
YDL113C 27 720
YDL112W 49 1112
YDL111C 10 50
YDL110C 11 120
YDL109C 29 474
YDL108W 15 245
YDL107W 16 677
YDL106C 26 903
YDL105W 16 149
YDL104C 24 638
YDL103C 8 204
YDL102W 24 285
YDL101C 9 94
YDL100C 15 388
YDL099W 8 148
YDL098C 12 233
YDL097C 19 339
YDL096C 4 95
YDL095W 39 948
YDL094C 19 1223
YDL093W 30 451
YDL092W 9 276
YDL091C 14 390
YDL090C 12 64
YDL089W 33 582
YDL088C 18 186
YDL087C 8 46
YDL086W 41 2507
YDL086C-A 36 2348
YDL085C-A 5 308
YDL085W 37 1232
YDL084W 8 96
YDL083C 4 88
YDL082W 6 451
YDL081C 0 0
YDL080C 26 3155
YDL079C 43 1718
YDL078C 13 112
YDL077C 29 479
YDL076C 10 446
YDL075W 0 0
YDL074C 23 593
YDL073W 17 170
YDL072C 11 179
YDL071C 8 49
YDL070W 17 832
YDL069C 15 651
YDL068W 7 41
YDL067C 4 10
YDL066W 24 801
YDL065C 17 505
YDL064W 18 1338
YDL063C 25 533
YDL062W 7 55
YDL061C 1 2
YDL060W 17 272
YDL059C 11 208
YDL058W 20 412
YDL057W 18 283
YDL056W 37 1792
YDL055C 18 231
YDL054C 38 868
YDL053C 5 118
YDL052C 13 88
YDL051W 17 1016
YDL050C 5 69
YDL049C 32 3500
YDL048C 64 2164
YDL047W 19 284
YDL046W 9 271
YDL045W-A 5 58
YDL045C 9 187
YDL044C 7 146
YDL043C 7 213
YDL042C 41 2988
YDL041W 22 1627
YDL040C 22 852
YDL039C 30 420
YDL037C 8 223
YDL036C 16 255
YDL035C 25 676
YDL034W 5 118
YDL033C 25 2335
YDL032W 4 1825
YDL031W 23 773
YDL030W 10 144
YDL029W 10 66
YDL028C 14 426
YDL027C 13 263
YDL026W 4 41
YDL025C 15 455
YDL025W-A 1 2
YDL024C 17 198
YDL022C-A 5 108
YDL023C 7 111
YDL022W 23 290
YDL021W 15 80
YDL020C 20 172
YDL019C 39 2009
YDL018C 10 118
YDL017W 20 481
YDL016C 0 0
YDL015C 3 33
YDL014W 17 372
YDL013W 14 5429
YDL012C 6 71
YDL011C 5 73
YDL010W 6 78
YDL009C 1 12
YDL008W 9 208
YDL007C-A 3 12
YDL007W 12 180
YDL006W 12 247
YDL005C 5 61
YDL004W 1 7
YDL003W 22 886
YDL002C 12 351
YDL001W 45 4778
YDR001C 99 4321
YDR002W 11 205
YDR003W 23 320
YDR003W-A 5 524
YDR004W 26 555
YDR005C 17 5170
YDR006C 22 463
YDR007W 11 1252
YDR008C 11 1148
YDR009W 35 1114
YDR010C 36 2530
YDR011W 86 2158
YDR012W 2 44
YDR013W 2 10
YDR014W 10 73
YDR014W-A 9 411
YDR015C 4 39
YDR016C 3 15
YDR017C 30 2962
YDR018C 24 531
YDR019C 23 475
YDR020C 22 411
YDR021W 9 139
YDR022C 11 291
YDR023W 5 84
YDR024W 8 109
YDR025W 1 16
YDR026C 29 627
YDR027C 19 328
YDR028C 31 512
YDR029W 2 8
YDR030C 31 829
YDR031W 1 5
YDR032C 8 45
YDR033W 19 998
YDR034C 21 542
YDR034C-A 0 0
YDR034W-B 0 0
YDR035W 15 2521
YDR036C 11 147
YDR037W 29 442
YDR038C 3 54
YDR039C 0 0
YDR040C 2 5
YDR041W 16 319
YDR042C 2 100
YDR043C 13 599
YDR044W 16 433
YDR045C 12 289
YDR046C 32 1661
YDR047W 22 416
YDR048C 15 884
YDR049W 18 242
YDR050C 7 175
YDR051C 13 597
YDR052C 9 189
YDR053W 2 96
YDR054C 9 189
YDR055W 15 264
YDR056C 12 173
YDR057W 19 705
YDR058C 4 133
YDR059C 7 68
YDR060W 32 615
YDR061W 20 779
YDR062W 16 155
YDR063W 6 121
YDR064W 9 249
YDR065W 7 152
YDR066C 14 199
YDR067C 8 335
YDR068W 4 217
YDR069C 26 671
YDR070C 6 58
YDR071C 8 370
YDR072C 38 1818
YDR073W 15 140
YDR074W 47 719
YDR075W 11 1030
YDR076W 59 1083
YDR077W 23 1161
YDR078C 17 287
YDR079W 5 39
YDR079C-A 2 21
YDR080W 42 752
YDR081C 11 267
YDR082W 10 256
YDR083W 7 206
YDR084C 6 15
YDR085C 25 1297
YDR086C 0 0
YDR087C 12 61
YDR088C 12 288
YDR089W 35 485
YDR090C 13 273
YDR091C 19 133
YDR092W 11 294
YDR093W 136 29882
YDR094W 31 8854
YDR095C 34 4332
YDR096W 17 2040
YDR097C 19 408
YDR098C 20 586
YDR099W 27 239
YDR100W 7 307
YDR101C 11 216
YDR102C 8 97
YDR103W 18 288
YDR104C 39 1160
YDR105C 14 90
YDR106W 12 327
YDR107C 23 559
YDR108W 23 671
YDR109C 25 999
YDR110W 20 1210
YDR111C 17 530
YDR112W 7 162
YDR113C 14 259
YDR114C 12 183
YDR115W 1 1
YDR116C 8 198
YDR117C 24 475
YDR118W 12 139
YDR118W-A 3 29
YDR119W 30 2636
YDR119W-A 5 38
YDR120C 22 840
YDR121W 8 196
YDR122W 28 327
YDR123C 11 243
YDR124W 12 103
YDR125C 8 253
YDR126W 31 302
YDR127W 53 1742
YDR128W 46 16585
YDR129C 21 491
YDR130C 7 105
YDR131C 17 503
YDR132C 23 873
YDR133C 0 0
YDR135C 54 1714
YDR136C 27 918
YDR137W 20 313
YDR138W 29 361
YDR139C 2 24
YDR140W 11 388
YDR141C 25 421
YDR142C 18 949
YDR143C 21 552
YDR144C 18 221
YDR145W 6 173
YDR146C 18 520
YDR147W 16 625
YDR148C 19 259
YDR149C 3 18
YDR150W 79 3303
YDR151C 14 2930
YDR152W 9 167
YDR153C 18 204
YDR154C 7 81
YDR155C 11 115
YDR156W 11 350
YDR157W 14 600
YDR158W 10 187
YDR159W 22 315
YDR160W 21 344
YDR161W 8 153
YDR162C 3 68
YDR163W 11 1149
YDR164C 23 798
YDR165W 8 134
YDR166C 25 372
YDR167W 5 452
YDR168W 13 207
YDR169C 8 59
YDR169C-A 4 207
YDR170C 39 797
YDR171W 11 177
YDR172W 38 1393
YDR173C 13 696
YDR174W 23 608
YDR175C 8 210
YDR176W 24 359
YDR177W 25 287
YDR178W 17 429
YDR179C 8 156
YDR179W-A 14 261
YDR180W 29 420
YDR181C 10 152
YDR182W 23 844
YDR182W-A 5 30
YDR183W 11 929
YDR183C-A 5 98
YDR184C 9 39
YDR185C 14 282
YDR186C 48 1216
YDR187C 17 865
YDR188W 36 1289
YDR189W 26 353
YDR190C 13 236
YDR191W 12 198
YDR192C 8 187
YDR193W 5 105
YDR194C 13 213
YDR194W-A 2 13
YDR195W 19 311
YDR196C 4 136
YDR197W 8 87
YDR198C 17 496
YDR199W 1 1
YDR200C 25 527
YDR201W 6 225
YDR202C 7 262
YDR203W 1 45
YDR204W 16 281
YDR205W 31 1210
YDR206W 18 316
YDR207C 38 817
YDR208W 41 1314
YDR209C 5 8
YDR210W 3 5
YDR211W 21 330
YDR212W 18 170
YDR213W 29 1895
YDR214W 38 2653
YDR215C 49 3613
YDR216W 40 643
YDR217C 36 886
YDR218C 11 212
YDR219C 8 213
YDR220C 4 113
YDR221W 36 1344
YDR222W 11 150
YDR223W 23 770
YDR224C 2 6
YDR225W 5 60
YDR226W 7 200
YDR227W 20 868
YDR228C 10 449
YDR229W 17 397
YDR230W 12 124
YDR231C 18 264
YDR232W 32 641
YDR233C 16 174
YDR234W 50 4579
YDR235W 3 20
YDR236C 10 138
YDR237W 5 42
YDR238C 27 713
YDR239C 18 588
YDR240C 6 154
YDR241W 6 427
YDR242W 28 757
YDR243C 19 644
YDR244W 23 530
YDR245W 9 272
YDR246W 23 428
YDR246W-A 22 1062
YDR247W 27 384
YDR248C 11 117
YDR249C 13 1545
YDR250C 18 641
YDR251W 29 733
YDR252W 3 29
YDR253C 12 289
YDR254W 20 363
YDR255C 13 154
YDR256C 39 810
YDR257C 9 129
YDR258C 58 1283
YDR259C 15 291
YDR260C 35 14327
YDR261C 24 644
YDR262W 8 229
YDR263C 8 157
YDR264C 37 1256
YDR265W 5 29
YDR266C 31 354
YDR267C 11 275
YDR268W 19 320
YDR269C 1 2
YDR270W 29 455
YDR271C 5 8
YDR272W 16 255
YDR273W 9 77
YDR274C 43 3505
YDR275W 21 404
YDR276C 6 1300
YDR277C 34 1953
YDR278C 11 343
YDR279W 11 149
YDR280W 9 91
YDR281C 0 0
YDR282C 24 338
YDR283C 74 1427
YDR284C 11 276
YDR285W 12 212
YDR286C 9 119
YDR287W 5 122
YDR288W 8 223
YDR289C 8 123
YDR290W 5 192
YDR291W 45 1710
YDR292C 22 783
YDR293C 54 1125
YDR294C 30 961
YDR295C 8 76
YDR296W 9 138
YDR297W 17 766
YDR298C 3 13
YDR299W 10 210
YDR300C 19 1093
YDR301W 30 684
YDR302W 8 134
YDR303C 31 832
YDR304C 18 618
YDR305C 19 1190
YDR306C 16 250
YDR307W 19 772
YDR308C 5 23
YDR309C 11 419
YDR310C 31 4260
YDR311W 20 362
YDR312W 22 596
YDR313C 14 297
YDR314C 15 430
YDR315C 8 131
YDR316W 16 694
YDR317W 13 519
YDR318W 10 74
YDR319C 7 112
YDR320C 19 414
YDR320C-A 1 37
YDR320W-B 4 156
YDR321W 13 207
YDR322W 20 900
YDR322C-A 0 0
YDR323C 31 1017
YDR324C 13 165
YDR325W 22 607
YDR326C 74 1759
YDR327W 8 117
YDR328C 15 147
YDR329C 20 583
YDR330W 28 622
YDR331W 18 203
YDR332W 25 694
YDR333C 34 1032
YDR334W 36 977
YDR335W 33 680
YDR336W 21 1074
YDR337W 7 320
YDR338C 30 494
YDR339C 8 170
YDR340W 6 167
YDR341C 17 386
YDR342C 2 64
YDR343C 1 5
YDR344C 27 3822
YDR345C 39 1536
YDR346C 19 262
YDR347W 7 116
YDR348C 24 1237
YDR349C 19 225
YDR350C 8 340
YDR351W 28 298
YDR352W 7 123
YDR353W 20 1104
YDR354W 16 235
YDR354C-A 3 73
YDR355C 0 0
YDR356W 12 358
YDR357C 13 1339
YDR358W 28 601
YDR359C 23 371
YDR360W 3 31
YDR361C 10 1074
YDR362C 27 663
YDR363W 16 181
YDR363W-A 3 167
YDR364C 17 279
YDR365C 18 330
YDR366C 8 188
YDR367W 4 49
YDR368W 16 453
YDR369C 24 500
YDR370C 16 122
YDR371W 27 726
YDR371C-A 1 1
YDR372C 13 607
YDR373W 2 25
YDR374C 14 179
YDR374W-A 3 6
YDR375C 21 1117
YDR376W 39 739
YDR377W 8 336
YDR378C 0 0
YDR379W 54 20938
YDR379C-A 6 91
YDR380W 34 1395
YDR381W 22 577
YDR381C-A 0 0
YDR382W 3 6
YDR383C 14 276
YDR384C 25 846
YDR385W 7 79
YDR386W 28 3251
YDR387C 17 631
YDR388W 22 365
YDR389W 28 412
YDR390C 17 1180
YDR391C 11 256
YDR392W 18 280
YDR393W 17 440
YDR394W 15 468
YDR395W 32 768
YDR396W 16 1256
YDR397C 19 1287
YDR398W 16 144
YDR399W 11 5944
YDR400W 22 271
YDR401W 11 267
YDR402C 19 463
YDR403W 19 294
YDR404C 5 54
YDR405W 35 879
YDR406W 136 71323
YDR406W-A 0 0
YDR407C 39 960
YDR408C 11 197
YDR409W 31 1005
YDR410C 21 599
YDR411C 17 199
YDR412W 0 0
YDR413C 0 0
YDR414C 18 899
YDR415C 29 1089
YDR416W 26 621
YDR417C 1 17
YDR418W 1 17
YDR419W 33 738
YDR420W 36 930
YDR421W 50 1436
YDR422C 45 4490
YDR423C 30 1395
YDR424C 4 46
YDR425W 29 654
YDR426C 15 313
YDR427W 14 513
YDR428C 14 346
YDR429C 4 112
YDR430C 54 1159
YDR431W 8 80
YDR432W 26 602
YDR433W 11 225
YDR434W 15 345
YDR435C 17 457
YDR436W 48 1526
YDR437W 14 2166
YDR438W 15 367
YDR439W 2 7
YDR440W 17 245
YDR441C 12 206
YDR442W 13 974
YDR443C 57 2695
YDR444W 26 436
YDR445C 12 2081
YDR446W 14 343
YDR447C 11 300
YDR448W 11 365
YDR449C 12 143
YDR450W 7 284
YDR451C 18 380
YDR452W 38 1486
YDR453C 24 1009
YDR454C 2 46
YDR455C 8 173
YDR456W 22 511
YDR457W 109 2264
YDR458C 21 509
YDR459C 21 445
YDR460W 13 106
YDR461W 0 0
YDR461C-A 11 122
YDR462W 3 148
YDR463W 38 1824
YDR464W 17 134
YDR464C-A 0 0
YDR465C 11 251
YDR466W 20 204
YDR467C 3 27
YDR468C 10 703
YDR469W 5 54
YDR470C 15 440
YDR471W 7 290
YDR472W 17 508
YDR473C 19 275
YDR475C 48 1026
YDR476C 40 898
YDR477W 24 436
YDR478W 13 273
YDR479C 22 3930
YDR480W 21 282
YDR481C 40 1083
YDR482C 26 1956
YDR483W 19 289
YDR484W 9 219
YDR485C 22 303
YDR486C 15 914
YDR487C 8 142
YDR488C 51 3472
YDR489W 10 670
YDR490C 55 1538
YDR491C 27 1522
YDR492W 13 373
YDR493W 8 233
YDR494W 12 348
YDR495C 16 389
YDR496C 18 869
YDR497C 45 1134
YDR498C 9 447
YDR499W 15 206
YDR500C 10 55
YDR501W 7 78
YDR502C 26 2839
YDR503C 15 391
YDR504C 6 65
YDR505C 17 254
YDR506C 41 676
YDR507C 62 1125
YDR508C 35 656
YDR509W 3 66
YDR510W 3 26
YDR510C-A 1 1
YDR511W 8 152
YDR512C 23 756
YDR513W 5 307
YDR514C 21 555
YDR515W 4 82
YDR516C 30 711
YDR517W 28 547
YDR518W 26 742
YDR519W 6 199
YDR520C 19 514
YDR521W 8 181
YDR522C 12 350
YDR523C 26 546
YDR524C 13 451
YDR524W-C 3 26
YDR524C-B 7 67
YDR524C-A 7 274
YDR525W 22 1111
YDR525W-A 15 2967
YDR526C 11 324
YDR527W 30 1836
YDR528W 15 509
YDR529C 6 45
YDR530C 29 894
YDR531W 16 329
YDR532C 7 247
YDR533C 4 26
YDR534C 15 250
YDR535C 42 2516
YDR536W 34 957
YDR537C 5 38
YDR538W 11 65
YDR539W 24 580
YDR540C 2 20
YDR541C 21 1222
YDR542W 3 91
YDR543C 11 312
YDR544C 11 2130
YDR545W 0 0
YDR545C-A 0 0
YEL077C 9 193
YEL077W-A 0 0
YEL076C-A 0 0
YEL076C 0 0
YEL075W-A 0 0
YEL075C 0 0
YEL074W 5 621
YEL073C 4 175
YEL072W 30 703
YEL071W 38 1640
YEL070W 9 408
YEL069C 28 628
YEL068C 10 264
YEL067C 42 4076
YEL066W 24 2379
YEL065W 42 1165
YEL064C 20 1566
YEL063C 20 741
YEL062W 28 721
YEL061C 29 652
YEL060C 40 886
YEL059C-A 9 162
YEL059W 33 5095
YEL058W 27 424
YEL057C 10 103
YEL056W 26 857
YEL055C 20 234
YEL054C 6 204
YEL053W-A 6 204
YEL053C 16 127
YEL052W 9 179
YEL051W 2 29
YEL050W-A 3 9
YEL050C 19 751
YEL049W 4 119
YEL048C 2 3
YEL047C 30 453
YEL046C 15 152
YEL045C 24 1243
YEL044W 11 222
YEL043W 41 1643
YEL042W 18 1802
YEL041W 25 555
YEL040W 40 964
YEL039C 11 131
YEL038W 20 711
YEL037C 21 1042
YEL036C 20 543
YEL035C 24 12063
YEL034C-A 20 364
YEL034W 11 147
YEL033W 25 1275
YEL032W 50 1033
YEL032C-A 4 86
YEL031W 39 1278
YEL030C-A 2 3
YEL030W 11 222
YEL029C 12 312
YEL028W 1 2
YEL027W 4 52
YEL026W 1 2
YEL025C 46 1624
YEL024W 18 692
YEL023C 25 1049
YEL022W 45 914
YEL021W 55 1860
YEL020C-B 7 22
YEL020W-A 7 22
YEL020C 28 610
YEL019C 8 99
YEL018C-A 8 136
YEL018W 11 266
YEL017C-A 2 13
YEL017W 10 195
YEL016C 22 1567
YEL015W 28 806
YEL014C 13 524
YEL013W 10 106
YEL012W 20 1253
YEL011W 56 13382
YEL010W 10 112
YEL009C-A 13 297
YEL009C 21 711
YEL008W 46 15516
YEL008C-A 14 1116
YEL007W 16 2322
YEL006W 32 459
YEL005C 18 776
YEL004W 26 812
YEL003W 3 13
YEL002C 44 2669
YEL001C 25 564
YER001W 63 46874
YER002W 3 117
YER003C 15 506
YER004W 21 414
YER005W 47 7604
YER006W 13 265
YER006C-A 7 236
YER007W 16 298
YER007C-A 5 58
YER008C 20 187
YER009W 2 52
YER010C 21 516
YER011W 4 60
YER012W 6 32
YER013W 25 533
YER014W 8 144
YER014C-A 15 677
YER015W 21 272
YER016W 11 84
YER017C 38 818
YER018C 18 613
YER019W 32 828
YER019C-A 2 11
YER020W 32 1526
YER021W 17 270
YER022W 24 538
YER023W 15 857
YER023C-A 5 282
YER024W 53 1703
YER025W 1 6
YER026C 5 25
YER027C 18 392
YER028C 26 4940
YER029C 5 72
YER030W 2 11
YER031C 9 175
YER032W 20 206
YER033C 29 637
YER034W 22 566
YER035W 21 412
YER036C 34 976
YER037W 17 500
YER038C 13 249
YER038W-A 5 33
YER039C 13 208
YER039C-A 2 1813
YER040W 12 91
YER041W 27 1328
YER042W 18 1408
YER043C 31 435
YER044C 11 517
YER044C-A 26 664
YER045C 16 266
YER046W 10 230
YER046W-A 6 200
YER047C 35 839
YER048C 13 100
YER048W-A 3 149
YER049W 17 355
YER050C 7 251
YER051W 25 868
YER052C 13 151
YER053C 19 282
YER053C-A 0 0
YER054C 33 1542
YER055C 17 226
YER056C 38 785
YER056C-A 8 67
YER057C 8 638
YER058W 4 17
YER059W 13 170
YER060W 23 382
YER060W-A 21 270
YER061C 15 320
YER062C 10 257
YER063W 12 329
YER064C 22 317
YER065C 63 1259
YER066W 6 83
YER066C-A 14 500
YER067W 16 195
YER067C-A 11 104
YER068W 19 2023
YER068C-A 18 3064
YER069W 51 1471
YER070W 33 1148
YER071C 2 34
YER072W 9 292
YER073W 30 819
YER074W 2 18
YER074W-A 4 17
YER075C 25 767
YER076C 8 150
YER076W-A 5 160
YER077C 16 186
YER078C 21 903
YER078W-A 11 867
YER079W 19 2633
YER079C-A 5 35
YER080W 21 554
YER081W 42 1607
YER082C 11 113
YER083C 16 514
YER084W 17 774
YER084W-A 2 54
YER085C 2 54
YER086W 17 181
YER087W 20 475
YER087C-A 8 120
YER087C-B 3 37
YER088C 52 2125
YER088C-A 43 82708
YER088W-B 11 134
YER089C 56 2232
YER090W 10 191
YER090C-A 0 0
YER091C 21 382
YER091C-A 17 1064
YER092W 7 767
YER093C 38 1024
YER093C-A 9 173
YER094C 6 224
YER095W 15 484
YER096W 14 366
YER097W 6 53
YER098W 23 700
YER099C 17 87
YER100W 10 343
YER101C 24 319
YER102W 2 15
YER103W 17 373
YER104W 8 53
YER105C 50 1472
YER106W 5 48
YER107C 9 254
YER107W-A 4 88
YER109C 16 160
YER110C 23 410
YER111C 40 1036
YER112W 0 0
YER113C 22 256
YER114C 47 807
YER115C 3 52
YER116C 9 218
YER117W 0 0
YER118C 11 121
YER119C 41 942
YER119C-A 12 114
YER120W 12 284
YER121W 10 1304
YER122C 16 603
YER123W 23 820
YER124C 18 131
YER125W 26 829
YER126C 9 228
YER127W 2 22
YER128W 13 227
YER129W 48 2077
YER130C 28 809
YER131W 2 8
YER132C 80 2532
YER133W 10 71
YER133W-A 2 111
YER134C 7 252
YER135C 10 389
YER136W 16 157
YER137C 14 341
YER137W-A 13 271
YER138W-A 0 0
YER139C 7 53
YER140W 24 456
YER141W 14 123
YER142C 14 128
YER143W 19 1343
YER144C 39 749
YER145C 57 3342
YER145C-A 12 142
YER146W 9 75
YER147C 68 2015
YER147C-A 2 158
YER148W 4 202
YER148W-A 10 211
YER149C 21 537
YER150W 5 80
YER151C 27 593
YER152C 31 701
YER152W-A 8 161
YER153C 29 508
YER154W 31 487
YER155C 64 1908
YER156C 16 391
YER157W 23 448
YER158C 22 333
YER158W-A 5 183
YER159C 9 176
YER161C 12 536
YER162C 11 436
YER163C 18 389
YER164W 32 420
YER165W 8 109
YER165C-A 2 142
YER166W 74 1261
YER167W 47 1568
YER168C 21 837
YER169W 47 1320
YER170W 10 152
YER171W 32 1020
YER172C 50 1757
YER172C-A 6 188
YER173W 28 857
YER174C 9 496
YER175C 27 635
YER175W-A 1 11
YER176W 93 4453
YER177W 15 266
YER178W 22 4297
YER179W 27 549
YER180C 4 4
YER180C-A 3 44
YER181C 8 147
YER182W 7 51
YER183C 18 701
YER184C 20 630
YER185W 15 371
YER186C 14 260
YER187W 9 143
YER188W 9 123
YER188C-A 11 308
YER189W 0 0
YER190W 4 43
YER190C-A 0 0
YER190C-B 0 0
YFL068W 0 0
YFL067W 0 0
YFL066C 0 0
YFL065C 0 0
YFL064C 0 0
YFL063W 11 588
YFL062W 1 2
YFL061W 0 0
YFL060C 1 45
YFL059W 6 358
YFL058W 2 238
YFL057C 2 106
YFL056C 10 116
YFL055W 24 619
YFL054C 34 2405
YFL053W 22 584
YFL052W 24 1215
YFL051C 8 50
YFL050C 20 933
YFL049W 14 329
YFL048C 18 307
YFL047W 28 1043
YFL046W 14 306
YFL045C 2 4
YFL044C 16 440
YFL042C 33 948
YFL041W-A 7 226
YFL041W 31 426
YFL040W 29 1316
YFL039C 10 292
YFL038C 15 590
YFL037W 20 645
YFL036W 39 1014
YFL034C-B 11 298
YFL034C-A 10 108
YFL034W 38 776
YFL033C 86 3776
YFL032W 12 734
YFL031W 14 460
YFL031C-A 0 0
YFL030W 27 1220
YFL029C 14 210
YFL028C 14 1262
YFL027C 15 275
YFL026W 17 359
YFL025C 25 544
YFL024C 49 1960
YFL023W 28 974
YFL022C 7 113
YFL021C-A 41 742
YFL021W 34 534
YFL020C 7 646
YFL019C 0 0
YFL018C 18 261
YFL017W-A 7 414
YFL017C 12 219
YFL016C 37 907
YFL015W-A 12 373
YFL015C 27 1077
YFL014W 8 102
YFL013W-A 22 969
YFL013C 24 1111
YFL012W-A 21 890
YFL012W 4 82
YFL011W 24 581
YFL010W-A 1 4
YFL010C 9 67
YFL009W 15 476
YFL008W 24 398
YFL007W 75 1853
YFL005W 6 176
YFL004W 25 786
YFL003C 59 1723
YFL002C 29 426
YFL001W 55 1953
YFR001W 3 26
YFR002W 25 755
YFR003C 12 212
YFR004W 10 124
YFR005C 12 144
YFR006W 40 5176
YFR007W 28 4384
YFR008W 7 185
YFR009W 26 1357
YFR009W-A 0 0
YFR010W 30 3054
YFR010W-A 0 0
YFR011C 8 219
YFR012W 6 77
YFR012W-A 1 21
YFR013W 28 602
YFR014C 19 517
YFR015C 42 1752
YFR016C 41 6074
YFR017C 24 879
YFR018C 78 4318
YFR019W 69 1777
YFR020W 4 27
YFR021W 36 828
YFR022W 31 447
YFR023W 17 1469
YFR024C-A 17 218
YFR025C 24 1616
YFR026C 13 138
YFR027W 13 347
YFR028C 18 624
YFR029W 42 3400
YFR030W 16 460
YFR031C 22 532
YFR031C-A 5 68
YFR032C 13 217
YFR032C-A 2 65
YFR032C-B 9 830
YFR033C 22 1176
YFR034C 48 8932
YFR034W-A 20 6036
YFR035C 24 6404
YFR036W 9 215
YFR036W-A 10 356
YFR037C 17 468
YFR038W 22 776
YFR039C 10 302
YFR040W 32 793
YFR041C 11 346
YFR042W 7 20
YFR043C 11 251
YFR044C 20 639
YFR045W 8 65
YFR046C 12 149
YFR047C 17 418
YFR048W 34 831
YFR049W 4 24
YFR050C 21 606
YFR051C 32 896
YFR052W 9 104
YFR052C-A 11 196
YFR053C 37 1883
YFR054C 6 29
YFR056C 15 141
YFR055W 26 384
YFR057W 6 18
YGL263W 17 199
YGL262W 3 10
YGL261C 3 283
YGL260W 1 1
YGL259W 3 31
YGL258W-A 0 0
YGL258W 3 34
YGL257C 24 870
YGL256W 14 547
YGL255W 22 1838
YGL254W 26 1353
YGL253W 20 673
YGL252C 34 3169
YGL251C 37 3143
YGL250W 8 122
YGL249W 53 935
YGL248W 10 126
YGL247W 9 209
YGL246C 25 639
YGL245W 25 520
YGL244W 13 329
YGL243W 8 509
YGL242C 10 346
YGL241W 29 678
YGL240W 11 273
YGL239C 6 150
YGL238W 35 1138
YGL237C 7 79
YGL236C 41 3445
YGL235W 14 1504
YGL234W 38 842
YGL233W 11 150
YGL232W 16 582
YGL231C 3 23
YGL230C 0 0
YGL229C 31 1504
YGL228W 23 485
YGL227W 35 774
YGL226C-A 3 15
YGL226W 6 199
YGL225W 26 322
YGL224C 21 462
YGL223C 14 596
YGL222C 1 8
YGL221C 15 202
YGL220W 5 180
YGL219C 19 926
YGL218W 9 719
YGL217C 5 40
YGL216W 49 901
YGL215W 17 808
YGL214W 4 56
YGL213C 10 241
YGL212W 11 144
YGL211W 20 579
YGL210W 13 237
YGL209W 13 138
YGL208W 62 7653
YGL207W 29 1762
YGL206C 54 1657
YGL205W 37 1086
YGL204C 3 2166
YGL203C 41 829
YGL202W 26 595
YGL201C 53 2319
YGL200C 11 426
YGL199C 11 152
YGL198W 16 386
YGL197W 36 338
YGL196W 21 1183
YGL195W 94 2162
YGL194C-A 6 75
YGL194C 13 184
YGL193C 8 521
YGL192W 31 528
YGL191W 16 142
YGL190C 26 426
YGL189C 9 178
YGL188C-A 1 2
YGL188C 11 3476
YGL187C 21 433
YGL186C 29 800
YGL185C 22 463
YGL184C 29 849
YGL183C 10 194
YGL182C 5 13
YGL181W 22 410
YGL180W 31 620
YGL179C 24 305
YGL178W 72 5341
YGL177W 22 1546
YGL176C 15 239
YGL175C 7 552
YGL174W 15 176
YGL173C 43 1334
YGL172W 13 139
YGL171W 16 272
YGL170C 4 15
YGL169W 17 382
YGL168W 8 107
YGL167C 37 685
YGL166W 16 420
YGL165C 31 2751
YGL164C 9 124
YGL163C 33 561
YGL162W 15 307
YGL161C 18 635
YGL160W 23 827
YGL159W 9 242
YGL158W 27 1084
YGL157W 11 96
YGL156W 50 1456
YGL155W 18 544
YGL154C 7 108
YGL153W 11 184
YGL152C 18 5932
YGL151W 22 259
YGL150C 42 944
YGL149W 16 94
YGL148W 33 574
YGL147C 12 327
YGL146C 22 790
YGL145W 22 617
YGL144C 23 539
YGL143C 18 378
YGL142C 13 329
YGL141W 40 1037
YGL140C 28 588
YGL139W 22 522
YGL138C 8 247
YGL137W 35 957
YGL136C 14 767
YGL135W 9 147
YGL134W 28 645
YGL133W 35 885
YGL132W 2 149
YGL131C 36 799
YGL130W 13 179
YGL129C 6 90
YGL128C 4 122
YGL127C 6 189
YGL126W 102 21485
YGL125W 75 5436
YGL124C 20 267
YGL123W 5 8
YGL123C-A 1 1
YGL122C 25 4739
YGL121C 15 49540
YGL120C 28 1024
YGL119W 19 342
YGL118C 14 999
YGL117W 27 1367
YGL116W 25 488
YGL115W 14 261
YGL114W 14 628
YGL113W 11 222
YGL112C 3 36
YGL111W 14 126
YGL110C 26 337
YGL109W 14 364
YGL108C 5 10
YGL107C 20 205
YGL106W 3 3
YGL105W 18 292
YGL104C 14 180
YGL103W 14 178
YGL102C 9 147
YGL101W 6 70
YGL100W 16 408
YGL099W 12 179
YGL098W 2 4
YGL097W 31 571
YGL096W 9 237
YGL095C 25 276
YGL094C 44 1155
YGL093W 21 1969
YGL092W 22 447
YGL091C 16 182
YGL090W 13 517
YGL089C 4 139
YGL088W 12 105
YGL087C 19 1738
YGL086W 28 1377
YGL085W 15 788
YGL084C 15 350
YGL083W 27 443
YGL082W 19 371
YGL081W 7 82
YGL080W 9 157
YGL079W 7 246
YGL078C 9 226
YGL077C 28 1564
YGL076C 3 220
YGL075C 6 1090
YGL074C 15 498
YGL073W 67 1548
YGL072C 27 953
YGL071W 41 1245
YGL070C 8 92
YGL069C 8 285
YGL068W 8 285
YGL067W 12 170
YGL066W 27 822
YGL065C 16 768
YGL064C 28 387
YGL063W 95 4778
YGL063C-A 13 329
YGL062W 61 1068
YGL061C 6 115
YGL060W 23 380
YGL059W 24 648
YGL058W 8 197
YGL057C 9 252
YGL056C 24 1868
YGL055W 49 1707
YGL054C 10 329
YGL053W 4 16
YGL052W 2 23
YGL051W 6 197
YGL050W 15 19879
YGL049C 21 809
YGL048C 8 119
YGL047W 8 476
YGL045W 43 2282
YGL044C 5 61
YGL043W 18 1069
YGL042C 5 62
YGL041C-B 9 178
YGL041W-A 8 167
YGL041C 3 58
YGL040C 15 200
YGL039W 15 202
YGL038C 23 388
YGL037C 7 172
YGL036W 31 568
YGL035C 19 323
YGL034C 4 20
YGL033W 10 68
YGL032C 1 1
YGL031C 2 59
YGL030W 0 0
YGL029W 2 6
YGL028C 10 34
YGL027C 24 382
YGL026C 23 1518
YGL025C 8 92
YGL024W 1 1
YGL023C 29 840
YGL022W 46 1505
YGL021W 23 408
YGL020C 1 1
YGL019W 2 4
YGL018C 4 132
YGL017W 11 548
YGL016W 25 466
YGL015C 4 12
YGL014W 22 528
YGL014C-A 3 7
YGL013C 34 1640
YGL012W 32 873
YGL011C 6 193
YGL010W 11 299
YGL009C 43 1242
YGL008C 50 2514
YGL007C-A 0 0
YGL007W 24 7565
YGL006W-A 2 32
YGL006W 34 440
YGL005C 15 243
YGL004C 40 1030
YGL003C 44 1586
YGL002W 37 2371
YGL001C 52 3073
YGR001C 19 1196
YGR002C 31 1540
YGR003W 28 362
YGR004W 18 277
YGR005C 16 382
YGR006W 20 910
YGR007W 18 529
YGR008C 11 378
YGR009C 14 146
YGR010W 27 1327
YGR011W 4 88
YGR012W 13 346
YGR013W 55 2634
YGR014W 27 542
YGR015C 20 294
YGR016W 12 215
YGR017W 6 129
YGR018C 1 1
YGR019W 46 2216
YGR020C 2 28
YGR021W 17 239
YGR022C 4 111
YGR023W 15 2151
YGR024C 2 4
YGR025W 25 3602
YGR026W 16 277
YGR027C 4 72
YGR028W 12 388
YGR029W 6 204
YGR030C 10 106
YGR031W 56 4381
YGR031C-A 25 2409
YGR032W 82 2207
YGR033C 8 50
YGR034W 4 76
YGR035C 3 64
YGR035W-A 11 927
YGR036C 19 669
YGR037C 3 13
YGR038W 18 527
YGR039W 13 167
YGR040W 29 418
YGR041W 37 1140
YGR042W 10 85
YGR043C 19 968
YGR044C 11 102
YGR045C 20 1481
YGR046W 13 372
YGR047C 31 1285
YGR048W 16 451
YGR049W 17 468
YGR050C 23 523
YGR051C 26 5121
YGR052W 35 1112
YGR053C 7 535
YGR054W 26 571
YGR055W 16 189
YGR056W 31 588
YGR057C 2 65
YGR058W 12 257
YGR059W 12 173
YGR060W 17 390
YGR061C 34 1535
YGR062C 13 78
YGR063C 5 202
YGR064W 10 64
YGR065C 15 93
YGR066C 7 163
YGR067C 35 603
YGR068C 95 2486
YGR068W-A 4 77
YGR069W 16 727
YGR070W 51 1377
YGR071C 12 8872
YGR072W 3 7
YGR073C 4 23
YGR074W 3 10
YGR075C 0 0
YGR076C 10 648
YGR077C 12 1017
YGR078C 4 26
YGR079W 27 1315
YGR080W 10 257
YGR081C 8 130
YGR082W 7 202
YGR083C 20 551
YGR084C 12 32860
YGR085C 5 73
YGR086C 20 358
YGR087C 67 2415
YGR088W 23 918
YGR089W 25 511
YGR090W 17 419
YGR091W 10 217
YGR092W 14 96
YGR093W 20 154
YGR094W 40 1155
YGR095C 9 268
YGR096W 29 4630
YGR097W 35 1066
YGR098C 15 126
YGR099W 14 214
YGR100W 39 599
YGR101W 14 478
YGR102C 3 32
YGR103W 15 296
YGR104C 10 179
YGR105W 4 51
YGR106C 9 235
YGR107W 43 3243
YGR108W 14 233
YGR109C 16 328
YGR110W 7 176
YGR111W 17 713
YGR112W 12 187
YGR113W 9 51
YGR114C 1 1
YGR115C 3 4
YGR116W 32 695
YGR117C 8 3243
YGR118W 5 23
YGR119C 19 596
YGR120C 5 15
YGR121C 41 2316
YGR121W-A 29 3422
YGR122W 21 1182
YGR122C-A 1 42
YGR123C 25 427
YGR124W 40 1462
YGR125W 34 1199
YGR126W 8 207
YGR127W 17 962
YGR128C 3 25
YGR129W 11 751
YGR130C 39 1337
YGR131W 8 827
YGR132C 13 370
YGR133W 11 177
YGR134W 37 850
YGR135W 8 162
YGR136W 12 193
YGR137W 1 30
YGR138C 25 335
YGR139W 9 128
YGR140W 22 345
YGR141W 39 584
YGR142W 10 124
YGR143W 35 1359
YGR144W 11 172
YGR145W 17 896
YGR146C 12 217
YGR146C-A 13 394
YGR147C 18 391
YGR148C 11 145
YGR149W 11 190
YGR150C 15 1651
YGR151C 2 81
YGR152C 11 259
YGR153W 12 1192
YGR154C 12 226
YGR155W 15 238
YGR156W 22 838
YGR157W 25 944
YGR158C 11 171
YGR159C 19 250
YGR160W 2 19
YGR161C 15 390
YGR161W-C 6 81
YGR162W 23 444
YGR163W 9 249
YGR164W 10 614
YGR165W 7 390
YGR166W 14 227
YGR167W 7 151
YGR168C 14 193
YGR169C 25 682
YGR169C-A 1 1
YGR170W 46 1460
YGR171C 17 270
YGR172C 4 177
YGR173W 10 627
YGR174C 9 143
YGR174W-A 2 9
YGR175C 21 666
YGR176W 30 1131
YGR177C 54 3000
YGR178C 29 601
YGR179C 12 316
YGR180C 18 657
YGR181W 11 294
YGR182C 17 271
YGR183C 5 56
YGR184C 72 1593
YGR185C 11 629
YGR186W 13 126
YGR187C 5 18
YGR188C 19 204
YGR189C 11 323
YGR190C 5 42
YGR191W 20 276
YGR192C 14 507
YGR193C 10 2633
YGR194C 26 465
YGR195W 18 818
YGR196C 12 190
YGR197C 49 1683
YGR198W 25 475
YGR199W 33 1607
YGR200C 28 778
YGR201C 15 176
YGR202C 28 322
YGR203W 46 2821
YGR204W 78 3222
YGR204C-A 1 1
YGR205W 8 529
YGR206W 1 2
YGR207C 8 138
YGR208W 24 1571
YGR209C 10 207
YGR210C 55 1839
YGR211W 29 495
YGR212W 13 286
YGR213C 18 669
YGR214W 9 82
YGR215W 1 40
YGR216C 21 523
YGR217W 64 1572
YGR218W 17 278
YGR219W 10 193
YGR220C 11 267
YGR221C 29 692
YGR222W 15 215
YGR223C 10 136
YGR224W 13 206
YGR225W 14 317
YGR226C 2 17
YGR227W 6 34
YGR228W 2 84
YGR229C 19 560
YGR230W 18 1850
YGR231C 13 182
YGR232W 16 921
YGR233C 39 946
YGR234W 15 228
YGR235C 16 356
YGR236C 20 234
YGR237C 27 544
YGR238C 38 3090
YGR239C 40 1157
YGR240C 36 446
YGR240C-A 17 896
YGR241C 29 4713
YGR242W 3 52
YGR243W 5 18
YGR244C 55 1884
YGR245C 31 1195
YGR246C 20 282
YGR247W 18 483
YGR248W 13 770
YGR249W 16 291
YGR250C 49 2279
YGR251W 10 489
YGR252W 16 347
YGR253C 11 179
YGR254W 22 561
YGR255C 24 228
YGR256W 29 594
YGR257C 26 674
YGR258C 38 972
YGR259C 7 5313
YGR260W 40 10223
YGR261C 35 810
YGR262C 11 515
YGR263C 17 370
YGR264C 19 517
YGR265W 11 555
YGR266W 39 906
YGR267C 16 2061
YGR268C 21 1362
YGR269W 23 2887
YGR270W 60 1438
YGR270C-A 7 185
YGR271W 90 2082
YGR271C-A 4 74
YGR273C 0 0
YGR274C 20 667
YGR275W 4 198
YGR276C 11 646
YGR277C 10 113
YGR278W 15 244
YGR279C 18 1625
YGR280C 9 165
YGR281W 67 1489
YGR282C 9 701
YGR283C 18 795
YGR284C 11 352
YGR285C 12 207
YGR286C 25 744
YGR287C 33 829
YGR288W 26 291
YGR289C 14 194
YGR290W 1 1
YGR291C 4 157
YGR292W 3 199
YGR293C 0 0
YGR294W 2 51
YGR295C 11 261
YGR296W 0 0
YGR296C-A 0 0
YGR296C-B 0 0
YHL050C 3 25
YHL050W-A 2 19
YHL049C 0 0
YHL048C-A 4 74
YHL048W 8 54
YHL047C 13 285
YHL046W-A 7 56
YHL046C 2 4
YHL045W 13 261
YHL044W 15 512
YHL043W 6 16
YHL042W 14 373
YHL041W 22 1221
YHL040C 32 811
YHL039W 20 474
YHL038C 15 212
YHL037C 29 3648
YHL036W 35 1417
YHL035C 43 1290
YHL034W-A 3 13
YHL034C 6 24
YHL033C 11 417
YHL032C 48 973
YHL031C 30 790
YHL030W-A 16 644
YHL030W 65 1839
YHL029C 32 863
YHL028W 32 730
YHL027W 45 2116
YHL026C 30 557
YHL025W 54 2719
YHL024W 46 1237
YHL023C 37 740
YHL022C 8 399
YHL021C 30 677
YHL020C 32 767
YHL019W-A 12 357
YHL019C 18 440
YHL018W 5 24
YHL017W 16 660
YHL016C 31 622
YHL015W-A 5 673
YHL015W 0 0
YHL014C 18 367
YHL013C 9 173
YHL012W 22 688
YHL011C 12 266
YHL010C 33 734
YHL009C 12 641
YHL008C 12 221
YHL007C 56 1650
YHL006W-A 18 740
YHL006C 38 12036
YHL005C 31 1582
YHL004W 19 594
YHL003C 22 857
YHL002C-A 17 858
YHL002W 37 1514
YHL001W 14 224
YHR001W 59 2916
YHR001W-A 20 1270
YHR002W 47 1360
YHR003C 38 715
YHR004C 24 562
YHR005C 12 402
YHR005C-A 3 73
YHR006W 23 515
YHR007C 16 391
YHR007C-A 24 4163
YHR008C 11 278
YHR009C 23 637
YHR010W 0 0
YHR011W 14 320
YHR012W 8 158
YHR013C 8 267
YHR014W 4 96
YHR015W 9 158
YHR016C 19 425
YHR017W 14 101
YHR018C 14 953
YHR019C 15 359
YHR020W 13 149
YHR021C 9 56
YHR021W-A 5 42
YHR022C 17 759
YHR022C-A 2 31
YHR023W 54 1504
YHR024C 9 165
YHR025W 13 275
YHR026W 9 121
YHR027C 30 260
YHR028C 29 734
YHR028W-A 13 390
YHR029C 18 526
YHR030C 21 669
YHR031C 45 3372
YHR032W 62 2405
YHR032W-A 9 2027
YHR032C-A 5 113
YHR033W 69 3116
YHR034C 31 671
YHR035W 28 612
YHR036W 17 3919
YHR037W 31 902
YHR038W 1 2
YHR039C 19 311
YHR039C-A 7 55
YHR040W 19 382
YHR041C 18 187
YHR042W 22 552
YHR043C 10 191
YHR044C 12 342
YHR045W 15 122
YHR046C 16 920
YHR047C 33 900
YHR048W 34 1371
YHR049W 25 490
YHR049C-A 16 351
YHR050W 40 1436
YHR050W-A 7 110
YHR051W 4 48
YHR052W 5 44
YHR052W-A 0 0
YHR053C 0 0
YHR054C 0 0
YHR054W-A 0 0
YHR055C 0 0
YHR056C 31 4503
YHR056W-A 16 1356
YHR057C 20 288
YHR058C 6 24
YHR059W 5 60
YHR060W 3 44
YHR061C 9 932
YHR062C 12 296
YHR063C 11 526
YHR063W-A 5 317
YHR064C 10 96
YHR065C 24 436
YHR066W 11 252
YHR067W 19 586
YHR068W 20 513
YHR069C 13 310
YHR069C-A 5 268
YHR070W 47 5443
YHR070C-A 38 5060
YHR071W 20 761
YHR071C-A 8 57
YHR072W 36 813
YHR072W-A 0 0
YHR073W 40 663
YHR073W-A 4 105
YHR073C-B 2 45
YHR074W 20 694
YHR075C 14 533
YHR076W 12 340
YHR077C 32 367
YHR078W 13 456
YHR079C 29 596
YHR079C-A 2 12
YHR080C 67 2849
YHR081W 3 43
YHR082C 41 849
YHR083W 19 237
YHR084W 25 1854
YHR085W 8 154
YHR086W 14 1174
YHR086W-A 8 331
YHR087W 13 288
YHR088W 2 4
YHR089C 7 671
YHR090C 5 108
YHR091C 34 519
YHR092C 22 345
YHR093W 8 858
YHR094C 21 583
YHR095W 14 493
YHR096C 31 904
YHR097C 26 385
YHR098C 27 680
YHR099W 92 2383
YHR100C 5 161
YHR101C 12 152
YHR102W 23 280
YHR103W 26 438
YHR104W 7 686
YHR105W 6 357
YHR106W 14 184
YHR107C 6 74
YHR108W 26 954
YHR109W 10 317
YHR110W 1 15
YHR111W 11 293
YHR112C 19 748
YHR113W 25 531
YHR114W 28 691
YHR115C 19 269
YHR116W 20 733
YHR117W 21 761
YHR118C 9 99
YHR119W 30 746
YHR120W 26 280
YHR121W 8 540
YHR122W 11 214
YHR123W 16 348
YHR124W 33 2838
YHR125W 5 61
YHR126C 13 382
YHR127W 8 174
YHR128W 12 826
YHR129C 11 226
YHR130C 4 4909
YHR131C 25 361
YHR131W-A 4 151
YHR132C 32 1066
YHR132W-A 8 220
YHR133C 5 31
YHR134W 7 35
YHR135C 36 928
YHR136C 14 999
YHR137W 13 237
YHR137C-A 10 223
YHR138C 7 167
YHR139C 12 290
YHR139C-A 9 234
YHR140W 20 518
YHR141C 6 33
YHR142W 13 475
YHR143W 10 351
YHR143W-A 0 0
YHR144C 10 103
YHR145C 2 8
YHR146W 10 626
YHR147C 5 283
YHR148W 8 430
YHR149C 32 484
YHR150W 28 332
YHR151C 17 463
YHR152W 13 126
YHR153C 12 301
YHR154W 46 1208
YHR155W 21 331
YHR156C 29 1194
YHR157W 10 234
YHR158C 39 1768
YHR159W 28 1915
YHR160C 12 743
YHR161C 57 3840
YHR162W 0 0
YHR163W 2 9
YHR164C 36 915
YHR165C 63 1241
YHR165W-A 1 1
YHR166C 22 1009
YHR167W 15 303
YHR168W 17 438
YHR169W 23 617
YHR170W 13 596
YHR171W 16 149
YHR172W 34 3174
YHR173C 24 1027
YHR174W 24 1077
YHR175W 21 809
YHR175W-A 3 34
YHR176W 28 732
YHR177W 20 368
YHR178W 38 810
YHR179W 14 235
YHR180W 16 327
YHR180W-A 3 78
YHR180C-B 2 42
YHR181W 7 534
YHR182W 36 885
YHR182C-A 9 233
YHR183W 30 682
YHR184W 14 347
YHR185C 1 4
YHR186C 47 1103
YHR187W 8 621
YHR188C 24 766
YHR189W 13 1126
YHR190W 17 175
YHR191C 3 55
YHR192W 15 691
YHR193C 8 321
YHR193C-A 9 60
YHR194W 33 933
YHR195W 14 111
YHR196W 13 355
YHR197W 5 85
YHR198C 7 263
YHR199C 22 785
YHR199C-A 3 25
YHR200W 12 149
YHR201C 11 104
YHR202W 27 932
YHR203C 7 297
YHR204W 40 1788
YHR205W 16 155
YHR206W 12 325
YHR207C 22 390
YHR208W 22 467
YHR209W 9 70
YHR210C 14 500
YHR211W 31 407
YHR212C 0 0
YHR212W-A 0 0
YHR213W 0 0
YHR213W-A 0 0
YHR213W-B 6 382
YHR214W 1 6
YHR214W-A 0 0
YHR214C-D 0 0
YHR214C-E 2 30
YHR215W 2 18
YHR216W 23 613
YHR217C 14 68
YHR218W 0 0
YHR218W-A 0 0
YHR219W 0 0
YHR219C-A 0 0
YIL177C 0 0
YIL177W-A 0 0
YIL176C 0 0
YIL173W 1 3
YIL172C 0 0
YIL171W-A 0 0
YIL169C 15 231
YIL166C 15 393
YIL165C 8 200
YIL164C 20 624
YIL163C 22 787
YIL162W 44 2406
YIL161W 9 165
YIL160C 14 313
YIL159W 44 1592
YIL158W 9 159
YIL157C 9 197
YIL156W-A 7 226
YIL156W-B 5 130
YIL156W 49 1365
YIL155C 52 3258
YIL154C 72 21381
YIL153W 14 360
YIL152W 17 350
YIL151C 24 172
YIL150C 18 1621
YIL149C 41 959
YIL148W 3 28
YIL147C 22 396
YIL146C 9 305
YIL145C 14 177
YIL144W 16 579
YIL143C 24 725
YIL142C-A 3 192
YIL142W 30 960
YIL141W 7 549
YIL140W 22 339
YIL139C 22 469
YIL138C 4 157
YIL137C 43 1073
YIL136W 16 111
YIL135C 23 915
YIL134C-A 8 79
YIL134W 10 230
YIL133C 4 28
YIL132C 24 4102
YIL131C 35 1264
YIL130W 26 488
YIL129C 64 1137
YIL128W 31 1635
YIL127C 3 43
YIL126W 38 639
YIL125W 59 1667
YIL124W 8 162
YIL123W 44 1890
YIL122W 17 111
YIL121W 28 675
YIL120W 42 2049
YIL119C 14 451
YIL118W 5 197
YIL117C 11 124
YIL116W 12 347
YIL115W-A 4 17
YIL115C 37 813
YIL114C 4 42
YIL113W 17 927
YIL112W 30 456
YIL111W 5 109
YIL110W 7 140
YIL109C 42 785
YIL108W 41 2609
YIL107C 27 1686
YIL106W 10 417
YIL105C 33 588
YIL105W-A 3 5
YIL104C 23 713
YIL103W 11 230
YIL102C-A 1 39
YIL102C 0 0
YIL101C 47 3642
YIL100C-A 35 2281
YIL100W 32 2259
YIL099W 33 629
YIL098C 7 89
YIL097W 13 246
YIL096C 13 371
YIL095W 25 640
YIL094C 14 495
YIL093C 16 263
YIL092W 28 801
YIL091C 25 430
YIL090W 15 184
YIL089W 9 109
YIL088C 25 418
YIL087C 4 53
YIL086C 7 102
YIL085C 36 745
YIL084C 17 173
YIL083C 8 321
YIL082W 6 87
YIL079C 17 447
YIL078W 22 779
YIL077C 36 972
YIL076W 12 147
YIL075C 31 1436
YIL074C 35 574
YIL073C 32 899
YIL072W 18 369
YIL071W-A 1 16
YIL071C 10 129
YIL070C 1 2
YIL069C 6 115
YIL068W-A 11 145
YIL068C 23 720
YIL067C 38 959
YIL066W-A 6 85
YIL066C 31 318
YIL065C 16 539
YIL064W 29 292
YIL063C 17 528
YIL062C 6 38
YIL061C 18 215
YIL060W 1 120
YIL059C 3 127
YIL058W 18 989
YIL057C 17 18861
YIL056W 32 1061
YIL055C 30 535
YIL054W 23 9906
YIL053W 19 686
YIL052C 1 2
YIL051C 11 1020
YIL050W 9 270
YIL049W 11 259
YIL048W 36 597
YIL047C-A 3 156
YIL047C 44 927
YIL046W-A 29 4330
YIL046W 43 1338
YIL045W 27 1942
YIL044C 7 189
YIL043C 28 627
YIL042C 20 213
YIL041W 16 431
YIL040W 3 95
YIL039W 21 374
YIL038C 8 107
YIL037C 20 20451
YIL036W 43 1007
YIL035C 21 418
YIL034C 20 378
YIL033C 21 620
YIL032C 12 170
YIL031W 23 488
YIL030W-A 4 427
YIL030C 43 7041
YIL029W-A 3 101
YIL029C 4 28
YIL028W 3 145
YIL027C 6 49
YIL026C 30 988
YIL025C 1 1
YIL024C 7 37
YIL023C 20 406
YIL022W 15 203
YIL021W 6 42
YIL021C-A 1 25
YIL020C-A 3 6
YIL020C 16 470
YIL019W 17 480
YIL018W 2 2
YIL017C 47 912
YIL016W 4 82
YIL015W 16 328
YIL014C-A 1 5
YIL014W 11 200
YIL013C 32 661
YIL012W 22 2397
YIL011W 7 114
YIL010W 16 336
YIL009C-A 10 493
YIL009W 29 10790
YIL008W 5 62
YIL007C 18 317
YIL006W 22 739
YIL005W 37 2058
YIL004C 10 134
YIL003W 33 667
YIL002W-A 2 6
YIL002C 66 2533
YIL001W 72 1952
YIR001C 27 877
YIR002C 45 1803
YIR003W 34 1136
YIR004W 10 67
YIR005W 12 108
YIR006C 45 1498
YIR007W 12 446
YIR008C 4 34
YIR009W 4 51
YIR010W 22 428
YIR011C 1 6
YIR012W 13 277
YIR013C 6 349
YIR014W 11 199
YIR015W 19 2934
YIR016W 15 270
YIR017C 27 1434
YIR017W-A 29 1608
YIR018W 13 556
YIR018C-A 7 201
YIR019C 22 855
YIR020C 7 49
YIR020W-A 14 802
YIR020C-B 15 284
YIR021W 22 677
YIR021W-A 6 779
YIR022W 3 50
YIR023W 25 646
YIR023C-A 3 51
YIR024C 7 137
YIR025W 8 190
YIR026C 8 178
YIR027C 13 605
YIR028W 34 1741
YIR029W 7 58
YIR030C 8 91
YIR030W-A 6 61
YIR031C 18 334
YIR032C 16 528
YIR033W 26 338
YIR034C 25 1508
YIR035C 15 369
YIR036C 8 108
YIR036W-A 10 124
YIR037W 5 90
YIR038C 12 233
YIR039C 9 127
YIR040C 1 1
YIR041W 2 8
YIR042C 7 498
YJL225C 0 0
YJL225W-A 0 0
YJL223C 0 0
YJL222W-B 0 0
YJL222W-A 0 0
YJL222W 4 350
YJL221C 0 0
YJL220W 0 0
YJL219W 10 265
YJL218W 7 102
YJL217W 13 633
YJL216C 27 1070
YJL215C 9 253
YJL214W 21 198
YJL213W 25 728
YJL212C 45 1154
YJL211C 26 1544
YJL210W 36 1661
YJL209W 24 545
YJL208C 22 625
YJL207C 79 3290
YJL206C 28 677
YJL205C 13 267
YJL204C 13 383
YJL203W 4 143
YJL202C 7 1890
YJL201W 27 735
YJL200C 45 1185
YJL199C 6 554
YJL198W 27 816
YJL197W 55 5678
YJL197C-A 2 4
YJL196C 21 401
YJL195C 9 269
YJL194W 15 397
YJL193W 7 141
YJL192C 9 1062
YJL191W 34 1343
YJL190C 3 102
YJL189W 3 129
YJL188C 2 88
YJL187C 29 498
YJL186W 22 593
YJL185C 15 295
YJL184W 6 79
YJL183W 29 1859
YJL182C 15 165
YJL181W 27 465
YJL180C 10 171
YJL179W 6 116
YJL178C 7 414
YJL177W 5 103
YJL176C 14 236
YJL175W 4 148
YJL174W 6 116
YJL173C 0 0
YJL172W 26 6022
YJL171C 14 483
YJL170C 11 85
YJL169W 5 134
YJL168C 25 1495
YJL167W 10 137
YJL166W 9 96
YJL165C 37 1338
YJL164C 14 264
YJL163C 24 305
YJL162C 25 1935
YJL161W 18 1567
YJL160C 11 212
YJL159W 4 18
YJL158C 17 324
YJL157C 75 2765
YJL156W-A 19 2941
YJL156C 49 2269
YJL155C 19 298
YJL154C 32 927
YJL153C 16 164
YJL152W 32 1438
YJL151C 21 976
YJL150W 28 5791
YJL149W 33 689
YJL148W 5 200
YJL147C 16 354
YJL146W 18 276
YJL145W 9 151
YJL144W 4 21
YJL143W 11 99
YJL142C 3 22
YJL141C 41 688
YJL140W 4 325
YJL139C 16 346
YJL138C 2 3
YJL137C 22 711
YJL136W-A 10 146
YJL136C 1 8
YJL135W 15 903
YJL134W 14 164
YJL133C-A 16 308
YJL133W 19 475
YJL132W 33 1712
YJL131C 5 48
YJL130C 105 4216
YJL129C 42 792
YJL128C 31 1468
YJL127W-A 6 317
YJL127C-B 7 156
YJL127C 34 1548
YJL126W 16 272
YJL125C 18 240
YJL124C 5 327
YJL123C 19 1077
YJL122W 5 210
YJL121C 10 173
YJL120W 10 320
YJL119C 14 502
YJL118W 23 1057
YJL117W 19 419
YJL116C 19 422
YJL115W 8 215
YJL112W 28 1325
YJL111W 16 234
YJL110C 12 654
YJL109C 38 781
YJL108C 12 150
YJL107C 29 715
YJL106W 33 739
YJL105W 13 123
YJL104W 2 39
YJL103C 16 329
YJL102W 36 784
YJL101C 29 507
YJL100W 24 448
YJL099W 32 2720
YJL098W 41 849
YJL097W 9 181
YJL096W 6 31
YJL095W 28 503
YJL094C 34 20299
YJL093C 21 336
YJL092W 27 332
YJL091C 8 111
YJL090C 18 556
YJL089W 18 253
YJL088W 23 394
YJL087C 16 433
YJL086C 9 265
YJL085W 16 246
YJL084C 24 281
YJL083W 31 1243
YJL082W 35 760
YJL081C 7 54
YJL080C 32 1015
YJL079C 8 394
YJL078C 78 10868
YJL077W-B 3 114
YJL077C 35 6545
YJL077W-A 8 816
YJL076W 31 420
YJL075C 2 18
YJL074C 23 442
YJL073W 26 1595
YJL072C 2 8
YJL071W 18 661
YJL070C 19 565
YJL069C 16 334
YJL068C 19 621
YJL067W 8 320
YJL066C 21 1554
YJL065C 9 272
YJL064W 7 252
YJL063C 6 191
YJL062W-A 14 316
YJL062W 18 266
YJL061W 6 33
YJL060W 17 172
YJL059W 19 420
YJL058C 23 381
YJL057C 18 9622
YJL056C 39 851
YJL055W 11 399
YJL054W 15 262
YJL053W 12 274
YJL052C-A 16 849
YJL052W 23 1200
YJL051W 40 861
YJL050W 37 670
YJL049W 8 140
YJL048C 15 207
YJL047C-A 6 157
YJL047C 21 429
YJL046W 12 401
YJL045W 22 740
YJL044C 8 87
YJL043W 38 17357
YJL042W 40 1005
YJL041W 6 125
YJL039C 18 413
YJL038C 1 9
YJL037W 15 317
YJL036W 15 374
YJL035C 28 891
YJL034W 26 561
YJL033W 19 194
YJL032W 4 32
YJL031C 6 91
YJL030W 16 795
YJL029C 24 364
YJL028W 22 79581
YJL027C 38 13928
YJL026W 18 436
YJL026C-A 5 217
YJL025W 22 670
YJL024C 7 87
YJL023C 14 175
YJL022W 4 36
YJL020C 36 981
YJL020W-A 1 7
YJL019W 33 866
YJL016W 23 507
YJL015C 16 691
YJL014W 11 189
YJL013C 5 195
YJL012C 32 550
YJL011C 5 142
YJL010C 7 278
YJL009W 2 38
YJL008C 13 298
YJL007C 9 325
YJL006C 11 414
YJL005W 50 2066
YJL004C 26 1066
YJL003W 5 132
YJL002C 41 1625
YJL001W 22 519
YJR001W 80 8755
YJR002W 26 397
YJR003C 32 811
YJR004C 34 1797
YJR005W 26 530
YJR005C-A 0 0
YJR006W 12 123
YJR007W 0 0
YJR008W 35 1451
YJR009C 19 432
YJR010W 22 3059
YJR010C-A 6 182
YJR011C 14 261
YJR012C 12 946
YJR013W 16 532
YJR014W 6 22
YJR015W 24 844
YJR016C 13 216
YJR017C 11 349
YJR018W 9 89
YJR019C 23 991
YJR020W 6 141
YJR021C 27 568
YJR022W 2 14
YJR023C 3 247
YJR024C 10 317
YJR025C 1 47
YJR030C 46 1668
YJR031C 32 672
YJR032W 9 152
YJR033C 41 3116
YJR034W 11 172
YJR035W 35 916
YJR036C 13 317
YJR037W 0 0
YJR038C 6 33
YJR039W 39 1122
YJR040W 13 245
YJR041C 14 235
YJR042W 11 234
YJR043C 6 123
YJR044C 7 103
YJR045C 10 76
YJR046W 17 287
YJR047C 8 329
YJR048W 13 96
YJR049C 26 376
YJR050W 5 104
YJR051W 27 1104
YJR052W 21 690
YJR053W 17 445
YJR054W 7 53
YJR055W 4 41
YJR056C 5 123
YJR057W 4 68
YJR058C 9 120
YJR059W 41 845
YJR060W 16 267
YJR061W 39 877
YJR062C 11 182
YJR063W 6 109
YJR064W 26 747
YJR065C 14 289
YJR066W 81 1712
YJR067C 4 189
YJR068W 8 150
YJR069C 7 251
YJR070C 6 66
YJR071W 6 110
YJR072C 26 501
YJR073C 20 610
YJR074W 20 813
YJR075W 16 228
YJR076C 19 608
YJR077C 21 419
YJR078W 47 2108
YJR079W 18 506
YJR080C 14 454
YJR082C 4 31
YJR083C 11 125
YJR084W 16 408
YJR085C 7 406
YJR086W 3 14
YJR087W 4 79
YJR088C 14 352
YJR089W 27 394
YJR090C 18 220
YJR091C 39 658
YJR092W 42 993
YJR093C 24 1407
YJR094C 23 317
YJR094W-A 5 13
YJR095W 17 196
YJR096W 22 384
YJR097W 1 6
YJR098C 19 234
YJR099W 2 45
YJR100C 11 839
YJR101W 10 142
YJR102C 11 1183
YJR103W 51 2090
YJR104C 17 244
YJR105W 19 707
YJR106W 22 567
YJR107W 16 488
YJR108W 19 307
YJR109C 45 1621
YJR110W 33 751
YJR111C 18 367
YJR112W 8 66
YJR112W-A 12 438
YJR113C 21 894
YJR114W 17 477
YJR115W 41 989
YJR116W 19 1255
YJR117W 23 711
YJR118C 6 139
YJR119C 43 1169
YJR120W 23 908
YJR121W 29 642
YJR122W 22 660
YJR123W 2 3
YJR124C 24 833
YJR125C 15 297
YJR126C 31 516
YJR127C 67 2073
YJR128W 21 1665
YJR129C 46 3669
YJR130C 22 591
YJR131W 31 1272
YJR132W 25 661
YJR133W 9 209
YJR134C 12 220
YJR135C 13 620
YJR135W-A 2 4
YJR136C 4 57
YJR137C 46 1117
YJR138W 55 2092
YJR139C 12 396
YJR140C 34 698
YJR140W-A 1 5
YJR141W 4 5
YJR142W 19 1041
YJR143C 19 313
YJR144W 16 286
YJR145C 2 4
YJR146W 9 69
YJR147W 20 2218
YJR148W 44 1789
YJR149W 17 413
YJR150C 6 53
YJR151C 16 468
YJR151W-A 2 13
YJR152W 17 727
YJR153W 9 128
YJR154W 15 323
YJR155W 15 435
YJR156C 3 115
YJR157W 0 0
YJR158W 0 0
YJR159W 1 107
YJR160C 1 6
YJR161C 3 5
YJR162C 7 53
YKL225W 5 28
YKL224C 0 0
YKL223W 7 356
YKL222C 22 576
YKL221W 19 450
YKL220C 34 1881
YKL219W 14 131
YKL218C 29 1089
YKL217W 43 1368
YKL216W 11 342
YKL215C 56 1569
YKL214C 11 246
YKL213C 26 882
YKL212W 15 756
YKL211C 19 364
YKL210W 43 689
YKL209C 52 2000
YKL208W 10 256
YKL207W 9 94
YKL206C 15 498
YKL205W 24 1980
YKL204W 12 73
YKL203C 66 1617
YKL202W 0 0
YKL201C 43 906
YKL198C 201 55771
YKL197C 50 997
YKL196C 8 159
YKL195W 13 161
YKL194C 18 1090
YKL193C 12 367
YKL192C 11 267
YKL191W 23 392
YKL190W 0 0
YKL189W 8 160
YKL188C 35 718
YKL187C 67 2073
YKL186C 28 1850
YKL185W 36 1161
YKL184W 16 673
YKL183C-A 18 6994
YKL183W 42 5520
YKL182W 115 4176
YKL181W 23 565
YKL180W 3 143
YKL179C 18 179
YKL178C 21 231
YKL177W 6 62
YKL176C 32 567
YKL175W 36 1101
YKL174C 14 322
YKL173W 17 403
YKL172W 8 167
YKL171W 36 1102
YKL170W 4 286
YKL169C 5 287
YKL168C 30 590
YKL167C 2 20
YKL166C 12 147
YKL165C-A 9 151
YKL165C 41 783
YKL164C 4 34
YKL163W 7 117
YKL162C-A 4 57
YKL162C 11 315
YKL161C 7 165
YKL160W 3 68
YKL159C 7 461
YKL157W 50 2970
YKL156W 5 106
YKL156C-A 0 0
YKL155C 26 764
YKL154W 8 394
YKL153W 16 258
YKL152C 18 324
YKL151C 31 909
YKL150W 22 1516
YKL149C 10 104
YKL148C 77 3453
YKL147C 42 1973
YKL146W 48 1940
YKL145W 10 325
YKL145W-A 0 0
YKL144C 6 147
YKL143W 17 284
YKL142W 10 123
YKL141W 6 268
YKL140W 14 470
YKL139W 7 745
YKL138C-A 2 15
YKL138C 11 748
YKL137W 3 82
YKL136W 8 101
YKL135C 26 651
YKL134C 22 307
YKL133C 14 1787
YKL132C 20 301
YKL131W 5 107
YKL130C 6 32
YKL129C 39 1070
YKL128C 30 951
YKL127W 35 662
YKL126W 10 90
YKL125W 21 213
YKL124W 15 307
YKL123W 8 150
YKL122C 7 1340
YKL121W 25 541
YKL120W 18 351
YKL119C 7 248
YKL118W 3 101
YKL117W 8 204
YKL116C 19 1025
YKL115C 2 28
YKL114C 17 936
YKL113C 11 180
YKL112W 24 2677
YKL111C 6 85
YKL110C 20 372
YKL109W 61 1662
YKL108W 17 521
YKL107W 9 221
YKL106C-A 7 551
YKL106W 15 457
YKL105C 47 1350
YKL104C 34 913
YKL103C 26 472
YKL102C 14 250
YKL101W 50 953
YKL100C 29 408
YKL100W-A 1 1
YKL099C 9 365
YKL098W 14 745
YKL097C 35 3290
YKL096C-B 0 0
YKL096W-A 0 0
YKL096W 27 805
YKL095W 14 159
YKL094W 30 643
YKL093W 18 308
YKL092C 12 154
YKL091C 11 422
YKL090W 29 812
YKL089W 8 134
YKL088W 13 216
YKL087C 19 3136
YKL086W 38 1740
YKL085W 23 688
YKL084W 20 1764
YKL083W 2 3812
YKL082C 6 110
YKL081W 18 401
YKL080W 11 141
YKL079W 30 1070
YKL078W 6 156
YKL077W 14 263
YKL076C 3 17
YKL075C 15 374
YKL074C 19 227
YKL073W 15 315
YKL072W 35 691
YKL071W 9 316
YKL070W 2 4
YKL069W 4 44
YKL068W-A 2 28
YKL068W 20 296
YKL067W 7 24
YKL066W 17 278
YKL065W-A 0 0
YKL065C 6 36
YKL064W 43 1510
YKL063C 8 86
YKL062W 22 269
YKL061W 4 101
YKL060C 22 713
YKL059C 21 881
YKL058W 4 48
YKL057C 23 445
YKL056C 6 316
YKL055C 11 73
YKL054C 14 200
YKL053C-A 5 34
YKL053W 17 649
YKL052C 33 607
YKL051W 26 2749
YKL050C 22 525
YKL049C 6 51
YKL048C 2 13
YKL047W 28 380
YKL046C 21 846
YKL045W 31 795
YKL044W 8 187
YKL043W 17 365
YKL042W 5 28
YKL041W 1 1
YKL040C 5 174
YKL039W 38 1086
YKL038W 59 13325
YKL037W 23 920
YKL036C 20 841
YKL035W 23 901
YKL034W 29 559
YKL033W-A 7 103
YKL033W 22 505
YKL032C 15 277
YKL031W 23 1666
YKL030W 32 1350
YKL029C 99 6337
YKL028W 11 157
YKL027W 20 323
YKL026C 11 477
YKL025C 23 551
YKL024C 15 269
YKL023C-A 4 166
YKL023W 10 105
YKL022C 42 945
YKL021C 18 756
YKL020C 30 687
YKL019W 14 149
YKL018C-A 8 121
YKL018W 11 118
YKL017C 18 247
YKL016C 8 137
YKL015W 26 4545
YKL014C 21 367
YKL013C 1 2
YKL012W 15 156
YKL011C 16 2981
YKL010C 55 1599
YKL009W 7 101
YKL008C 23 908
YKL007W 9 288
YKL006C-A 11 243
YKL006W 3 44
YKL005C 41 1786
YKL004W 21 356
YKL003C 7 162
YKL002W 15 203
YKL001C 10 648
YKR001C 32 1751
YKR002W 24 1300
YKR003W 54 2356
YKR004C 24 266
YKR005C 40 13207
YKR006C 8 119
YKR007W 5 85
YKR008W 15 498
YKR009C 42 1687
YKR010C 27 563
YKR011C 17 691
YKR012C 13 383
YKR013W 23 1929
YKR014C 0 0
YKR015C 18 269
YKR016W 20 381
YKR017C 16 1124
YKR018C 26 829
YKR019C 24 982
YKR020W 3 27
YKR021W 27 696
YKR022C 13 128
YKR023W 11 491
YKR024C 17 329
YKR025W 6 138
YKR026C 10 119
YKR027W 33 659
YKR028W 35 385
YKR029C 14 271
YKR030W 4 49
YKR031C 57 2009
YKR032W 12 503
YKR033C 4 98
YKR034W 9 236
YKR035C 6 43
YKR035W-A 6 43
YKR036C 23 981
YKR037C 12 490
YKR038C 23 330
YKR039W 23 498
YKR040C 40 2453
YKR041W 66 6391
YKR042W 23 431
YKR043C 23 787
YKR044W 30 614
YKR045C 14 281
YKR046C 21 320
YKR047W 13 94
YKR048C 28 699
YKR049C 12 188
YKR050W 21 723
YKR051W 24 501
YKR052C 7 45
YKR053C 26 608
YKR054C 102 3131
YKR055W 12 179
YKR056W 20 468
YKR057W 12 54
YKR058W 15 278
YKR059W 3 221
YKR060W 11 248
YKR061W 52 2519
YKR062W 5 14
YKR063C 19 293
YKR064W 28 1219
YKR065C 4 50
YKR066C 18 540
YKR067W 41 859
YKR068C 8 305
YKR069W 30 458
YKR070W 16 1409
YKR071C 12 787
YKR072C 32 736
YKR073C 15 1141
YKR074W 7 173
YKR075C 17 731
YKR075W-A 12 702
YKR076W 32 722
YKR077W 6 155
YKR078W 20 549
YKR079C 26 439
YKR080W 21 616
YKR081C 5 103
YKR082W 33 875
YKR083C 6 115
YKR084C 15 287
YKR085C 8 131
YKR086W 25 766
YKR087C 11 2676
YKR088C 24 617
YKR089C 30 792
YKR090W 28 1764
YKR091W 11 176
YKR092C 4 33
YKR093W 58 1435
YKR094C 4 83
YKR095W 30 1660
YKR095W-A 10 177
YKR096W 47 1577
YKR097W 43 1693
YKR098C 28 919
YKR099W 17 337
YKR100C 12 259
YKR101W 27 629
YKR102W 35 958
YKR103W 28 448
YKR104W 9 128
YKR105C 5 14
YKR106W 9 84
YLL067C 0 0
YLL067W-A 0 0
YLL066W-B 4 8
YLL066C 0 0
YLL066W-A 0 0
YLL065W 4 1094
YLL064C 0 0
YLL063C 22 652
YLL062C 8 58
YLL061W 26 953
YLL060C 23 1299
YLL059C 32 6179
YLL058W 11 505
YLL057C 31 1814
YLL056C 11 1461
YLL055W 12 107
YLL054C 16 316
YLL053C 10 352
YLL052C 10 324
YLL051C 45 5577
YLL050C 6 97
YLL049W 9 163
YLL048C 54 1092
YLL047W 5 18
YLL046C 7 26
YLL045C 8 152
YLL044W 9 156
YLL043W 7 119
YLL042C 6 123
YLL041C 31 361
YLL040C 120 3261
YLL039C 33 578
YLL038C 17 485
YLL037W 6 84
YLL036C 8 93
YLL035W 15 387
YLL034C 14 158
YLL033W 8 157
YLL032C 25 1168
YLL031C 21 301
YLL030C 7 381
YLL029W 70 14491
YLL028W 42 4934
YLL027W 10 332
YLL026W 49 1952
YLL025W 6 230
YLL024C 25 1199
YLL023C 19 297
YLL022C 28 907
YLL021W 34 880
YLL020C 4 45
YLL019C 20 213
YLL019W-A 1 4
YLL018C-A 5 157
YLL018C 14 225
YLL015W 41 817
YLL014W 2 717
YLL013C 53 2184
YLL012W 31 894
YLL011W 22 391
YLL010C 33 18172
YLL009C 1 28
YLL008W 7 88
YLL007C 10 124
YLL006W-A 10 332
YLL006W 7 1284
YLL005C 25 272
YLL004W 13 202
YLL003W 23 576
YLL002W 31 1350
YLL001W 72 1375
YLR001C 82 6013
YLR002C 23 585
YLR003C 9 227
YLR004C 41 911
YLR005W 28 846
YLR006C 30 1207
YLR007W 14 233
YLR008C 6 305
YLR009W 1 17
YLR010C 2 5
YLR011W 18 390
YLR012C 5 65
YLR013W 3 83
YLR014C 30 821
YLR015W 24 379
YLR016C 6 91
YLR017W 11 421
YLR018C 12 282
YLR019W 31 1062
YLR020C 16 342
YLR021W 9 114
YLR022C 12 312
YLR023C 25 434
YLR024C 96 6247
YLR025W 3 13
YLR026C 5 28
YLR027C 21 800
YLR028C 48 2145
YLR029C 8 207
YLR030W 12 68
YLR031W 5 22
YLR032W 22 818
YLR033W 9 64
YLR034C 9 239
YLR035C 20 254
YLR036C 7 68
YLR037C 5 68
YLR038C 5 153
YLR039C 27 423
YLR040C 11 367
YLR041W 6 12
YLR042C 7 75
YLR043C 2 78
YLR044C 48 1369
YLR045C 31 703
YLR046C 7 124
YLR047C 30 1137
YLR048W 4 71
YLR049C 11 159
YLR050C 10 306
YLR051C 2 119
YLR052W 2 2
YLR053C 2 7
YLR054C 33 1215
YLR055C 30 811
YLR056W 18 1289
YLR057W 49 868
YLR058C 21 640
YLR059C 41 6545
YLR060W 31 814
YLR061W 4 14
YLR062C 3 12
YLR063W 6 104
YLR064W 8 479
YLR065C 2 46
YLR066W 15 182
YLR067C 26 555
YLR068W 10 405
YLR069C 33 712
YLR070C 24 319
YLR071C 27 398
YLR072W 16 907
YLR073C 14 482
YLR074C 13 574
YLR075W 7 40
YLR076C 2 11
YLR077W 29 605
YLR078C 12 212
YLR079W 10 131
YLR080W 28 784
YLR081W 74 21755
YLR082C 18 389
YLR083C 19 382
YLR084C 59 8807
YLR085C 34 4413
YLR086W 20 371
YLR087C 110 3017
YLR088W 21 405
YLR089C 12 90
YLR090W 38 1704
YLR091W 31 744
YLR092W 53 1932
YLR093C 14 258
YLR094C 48 3196
YLR095C 36 1046
YLR096W 30 628
YLR097C 8 113
YLR098C 23 951
YLR099C 27 253
YLR099W-A 16 275
YLR100W 26 1422
YLR101C 11 98
YLR102C 10 287
YLR103C 7 60
YLR104W 3 95
YLR105C 12 143
YLR106C 75 1982
YLR107W 19 836
YLR108C 21 419
YLR109W 18 448
YLR110C 4 51
YLR111W 9 2015
YLR112W 36 497
YLR113W 41 1175
YLR114C 36 556
YLR115W 24 597
YLR116W 13 482
YLR117C 23 1082
YLR118C 5 103
YLR119W 13 370
YLR120C 36 779
YLR120W-A 5 105
YLR121C 26 377
YLR122C 3 55
YLR123C 2 32
YLR124W 5 22
YLR125W 3 37
YLR126C 3 14
YLR127C 21 444
YLR128W 8 166
YLR129W 21 248
YLR130C 29 535
YLR131C 31 881
YLR132C 6 51
YLR133W 13 234
YLR134W 17 456
YLR135W 32 1170
YLR136C 10 266
YLR137W 36 3496
YLR138W 32 737
YLR139C 17 227
YLR140W 10 1056
YLR141W 58 2989
YLR142W 23 506
YLR143W 15 250
YLR144C 26 402
YLR145W 2 31
YLR146C 15 158
YLR146W-A 2 193
YLR147C 2 12
YLR148W 19 427
YLR149C 15 310
YLR149C-A 1 6
YLR150W 5 28
YLR151C 11 227
YLR152C 16 138
YLR153C 31 478
YLR154C 8 95
YLR154W-A 0 0
YLR154W-B 0 0
YLR154W-C 0 0
YLR154W-E 0 0
YLR154W-F 0 0
YLR154C-G 0 0
YLR154C-H 0 0
YLR155C 0 0
YLR156W 0 0
YLR156C-A 0 0
YLR157C 0 0
YLR157W-D 0 0
YLR157W-E 0 0
YLR157C-C 0 0
YLR158C 0 0
YLR159W 0 0
YLR159C-A 0 0
YLR160C 0 0
YLR161W 0 0
YLR162W 3 7
YLR162W-A 2 112
YLR163C 13 126
YLR163W-A 2 53
YLR164W 5 95
YLR165C 3 3
YLR166C 14 474
YLR167W 7 48
YLR168C 17 271
YLR169W 26 2166
YLR170C 18 1001
YLR171W 13 183
YLR172C 25 542
YLR173W 44 1036
YLR174W 31 955
YLR175W 22 332
YLR176C 25 1011
YLR177W 19 445
YLR178C 14 275
YLR179C 16 666
YLR180W 27 763
YLR181C 20 589
YLR182W 7 116
YLR183C 19 745
YLR184W 3 116
YLR185W 3 28
YLR186W 18 232
YLR187W 28 455
YLR188W 37 868
YLR189C 56 1581
YLR190W 28 2529
YLR191W 7 169
YLR192C 4 44
YLR193C 11 52
YLR194C 14 253
YLR195C 13 187
YLR196W 33 478
YLR197W 6 61
YLR198C 1 4
YLR199C 17 380
YLR200W 0 0
YLR201C 10 264
YLR202C 15 578
YLR203C 24 423
YLR204W 5 16
YLR205C 38 873
YLR206W 12 303
YLR207W 46 1808
YLR208W 8 130
YLR209C 16 2408
YLR210W 15 127
YLR211C 5 22
YLR212C 11 144
YLR213C 43 2174
YLR214W 21 375
YLR215C 8 61
YLR216C 16 2210
YLR217W 12 2205
YLR218C 8 886
YLR219W 27 361
YLR220W 12 690
YLR221C 4 28
YLR222C 17 374
YLR222C-A 0 0
YLR223C 27 491
YLR224W 17 322
YLR225C 18 351
YLR226W 13 160
YLR227C 14 358
YLR228C 21 789
YLR229C 5 77
YLR230W 1 31
YLR231C 24 1496
YLR232W 6 45
YLR233C 26 972
YLR234W 63 2239
YLR235C 27 961
YLR236C 21 208
YLR237W 46 820
YLR238W 11 125
YLR239C 7 65
YLR240W 18 558
YLR241W 21 390
YLR242C 11 228
YLR243W 8 139
YLR244C 22 522
YLR245C 10 57
YLR246W 19 173
YLR247C 60 1603
YLR248W 32 1432
YLR249W 42 651
YLR250W 15 841
YLR251W 10 191
YLR252W 4 52
YLR253W 34 2140
YLR254C 14 205
YLR255C 32 3553
YLR256W 77 1308
YLR257W 26 296
YLR258W 47 1444
YLR259C 17 183
YLR260W 36 1550
YLR261C 5 133
YLR262C 7 201
YLR262C-A 3 13
YLR263W 31 510
YLR264W 0 0
YLR264C-A 2 15
YLR265C 2 11
YLR266C 31 585
YLR267W 15 258
YLR268W 10 138
YLR269C 22 1368
YLR270W 7 148
YLR271W 13 130
YLR272C 27 971
YLR273C 21 255
YLR274W 27 436
YLR275W 4 49
YLR276C 7 114
YLR277C 22 338
YLR278C 37 836
YLR279W 32 2046
YLR280C 15 821
YLR281C 17 835
YLR282C 10 241
YLR283W 18 396
YLR284C 3 81
YLR285W 3 27
YLR285C-A 2 12
YLR286C 7 316
YLR286W-A 0 0
YLR287C 7 76
YLR287C-A 5 66
YLR288C 17 455
YLR289W 20 181
YLR290C 6 77
YLR291C 13 157
YLR292C 16 217
YLR293C 3 19
YLR294C 10 99
YLR295C 5 58
YLR296W 25 3108
YLR297W 12 831
YLR298C 21 2320
YLR299W 86 8163
YLR299C-A 6 96
YLR300W 29 1019
YLR301W 9 150
YLR302C 32 2021
YLR303W 22 942
YLR304C 72 2572
YLR305C 68 1719
YLR306W 17 665
YLR307W 12 131
YLR307C-A 6 121
YLR308W 7 90
YLR309C 22 475
YLR310C 25 341
YLR311C 3 94
YLR312C 12 397
YLR312W-A 21 315
YLR313C 24 751
YLR314C 18 486
YLR315W 6 30
YLR316C 33 1337
YLR317W 13 330
YLR318W 38 2303
YLR319C 15 384
YLR320W 29 869
YLR321C 21 1169
YLR322W 6 155
YLR323C 7 174
YLR324W 17 282
YLR325C 4 40
YLR326W 25 294
YLR327C 6 53
YLR328W 23 640
YLR329W 4 109
YLR330W 28 1604
YLR331C 0 0
YLR332W 5 49
YLR333C 20 208
YLR334C 5 134
YLR335W 16 1700
YLR336C 32 743
YLR337C 25 231
YLR338W 6 32
YLR339C 5 118
YLR340W 4 177
YLR341W 19 499
YLR342W 59 689
YLR342W-A 0 0
YLR343W 26 1003
YLR344W 9 717
YLR345W 38 927
YLR346C 3 5
YLR347C 33 631
YLR347W-A 1 46
YLR348C 52 6069
YLR349W 24 903
YLR350W 10 73
YLR351C 19 690
YLR352W 41 1092
YLR353W 17 202
YLR354C 19 144
YLR355C 33 714
YLR356W 10 101
YLR357W 52 1451
YLR358C 13 274
YLR359W 9 118
YLR360W 19 501
YLR361C 28 999
YLR361C-A 2 22
YLR362W 30 727
YLR363C 5 99
YLR363W-A 2 90
YLR364W 2 16
YLR365W 6 337
YLR364C-A 8 159
YLR366W 25 635
YLR367W 26 345
YLR368W 27 340
YLR369W 12 246
YLR370C 3 101
YLR371W 40 1113
YLR372W 7 48
YLR373C 30 749
YLR374C 15 1636
YLR375W 23 196
YLR376C 14 278
YLR377C 32 2583
YLR378C 33 1218
YLR379W 11 465
YLR380W 30 563
YLR381W 18 400
YLR382C 27 453
YLR383W 23 968
YLR384C 36 1173
YLR385C 4 264
YLR386W 18 226
YLR387C 22 512
YLR388W 6 285
YLR389C 65 1396
YLR390W 9 684
YLR390W-A 4 84
YLR392C 23 438
YLR393W 4 34
YLR394W 13 137
YLR395C 3 33
YLR396C 37 1541
YLR397C 21 447
YLR398C 50 343
YLR399C 22 281
YLR399W-A 1 1
YLR400W 22 6441
YLR401C 53 1765
YLR402W 2 5
YLR403W 13 317
YLR404W 18 534
YLR405W 22 305
YLR406C 12 375
YLR406C-A 4 2058
YLR407W 4 24
YLR408C 11 129
YLR409C 37 1336
YLR410W 56 1191
YLR411W 21 401
YLR412W 12 289
YLR412C-A 0 0
YLR413W 24 990
YLR414C 37 840
YLR415C 31 1027
YLR416C 20 3128
YLR417W 41 968
YLR418C 10 84
YLR419W 32 2108
YLR420W 17 885
YLR421C 6 618
YLR422W 51 1918
YLR423C 2 9
YLR424W 19 162
YLR425W 43 6136
YLR426W 10 94
YLR427W 26 593
YLR428C 11 2070
YLR429W 40 990
YLR430W 44 868
YLR431C 21 279
YLR432W 25 577
YLR433C 21 398
YLR434C 4 50
YLR435W 3 52
YLR436C 74 3724
YLR437C 16 97
YLR437C-A 4 39
YLR438W 56 5414
YLR438C-A 5 33
YLR439W 11 127
YLR440C 9 179
YLR441C 9 98
YLR442C 23 537
YLR443W 16 325
YLR444C 5 48
YLR445W 7 79
YLR446W 14 190
YLR447C 16 254
YLR448W 10 180
YLR449W 12 168
YLR450W 48 1447
YLR451W 14 330
YLR452C 32 569
YLR453C 22 369
YLR454W 62 1746
YLR455W 10 315
YLR456W 14 246
YLR457C 17 402
YLR458W 8 57
YLR459W 5 81
YLR460C 8 293
YLR461W 3 46
YLR462W 0 0
YLR463C 0 0
YLR464W 0 0
YLR465C 0 0
YLR466W 0 0
YLR466C-A 0 0
YLR466C-B 1 44
YLR467W 0 0
YLR467C-A 0 0
YML133C 0 0
YML133W-B 0 0
YML133W-A 0 0
YML132W 0 0
YML131W 16 411
YML130C 14 702
YML129C 3 150
YML128C 22 642
YML127W 27 987
YML126C 36 913
YML125C 15 377
YML124C 20 353
YML123C 32 854
YML122C 33 3338
YML121W 8 75
YML120C 32 973
YML119W 15 405
YML118W 25 869
YML117W 45 1118
YML116W-A 6 35
YML116W 18 118
YML115C 21 320
YML114C 12 321
YML113W 11 309
YML112W 7 132
YML111W 44 1314
YML110C 13 611
YML109W 24 1556
YML108W 1 4
YML107C 13 561
YML106W 8 78
YML105C 9 87
YML104C 22 431
YML103C 37 1221
YML102W 34 1130
YML101C-A 14 894
YML101C 28 460
YML100W-A 8 388
YML100W 100 3183
YML099W-A 2 28
YML099C 25 668
YML098W 2 220
YML097C 12 431
YML096W 18 402
YML095C 7 79
YML094C-A 9 633
YML094W 11 631
YML093W 31 960
YML092C 2 11
YML091C 33 1820
YML090W 13 417
YML089C 26 1503
YML088W 18 200
YML087C 23 3619
YML086C 30 309
YML085C 12 148
YML084W 9 622
YML083C 39 2227
YML082W 36 987
YML081C-A 2 140
YML081W 34 1051
YML080W 11 502
YML079W 15 730
YML078W 16 873
YML077W 11 281
YML076C 48 1271
YML075C 40 1193
YML074C 6 25
YML073C 8 49
YML072C 91 2492
YML071C 22 654
YML070W 26 474
YML069W 3 14
YML068W 17 673
YML067C 18 413
YML066C 14 251
YML065W 19 390
YML064C 4 169
YML063W 7 59
YML062C 18 683
YML061C 17 132
YML060W 13 187
YML059C 58 1995
YML058W-A 0 0
YML058W 11 217
YML057C-A 7 148
YML057W 34 692
YML056C 31 8276
YML055W 5 63
YML054C 51 3817
YML054C-A 31 17293
YML053C 19 1290
YML052W 22 908
YML051W 36 1725
YML050W 14 220
YML049C 53 3356
YML048W 6 65
YML047W-A 2 45
YML047C 7 107
YML046W 13 144
YML043C 2 30
YML042W 29 607
YML041C 10 140
YML038C 4 71
YML037C 5 7
YML036W 1 21
YML035C 33 679
YML034C-A 14 252
YML034W 42 754
YML032C 16 294
YML031C-A 4 171
YML031W 13 235
YML030W 9 304
YML029W 51 1539
YML028W 22 534
YML027W 23 1037
YML026C 10 99
YML025C 12 191
YML024W 3 12
YML023C 18 323
YML022W 7 240
YML021C 24 619
YML020W 28 552
YML019W 3 188
YML018C 26 1128
YML017W 30 535
YML016C 39 1049
YML015C 11 221
YML014W 14 493
YML013W 16 384
YML012C-A 6 47
YML012W 5 62
YML011C 12 129
YML010W 24 381
YML009W-B 6 36
YML009C-A 3 18
YML009C 2 17
YML008C 6 128
YML007C-A 5 78
YML007W 25 1105
YML006C 33 559
YML005W 22 1651
YML004C 28 1869
YML003W 15 258
YML002W 39 929
YML001W 13 175
YMR001C 43 2983
YMR001C-A 13 193
YMR002W 13 2640
YMR003W 7 86
YMR004W 30 4806
YMR005W 8 125
YMR006C 30 1047
YMR007W 25 6607
YMR008C 18 496
YMR009W 10 258
YMR010W 11 189
YMR011W 32 697
YMR012W 27 1248
YMR013C 15 266
YMR013C-A 2 5
YMR013W-A 4 17
YMR014W 10 186
YMR015C 39 2170
YMR016C 17 220
YMR017W 19 386
YMR018W 20 463
YMR019W 40 1426
YMR020W 22 514
YMR021C 12 888
YMR022W 14 2737
YMR023C 31 664
YMR024W 8 105
YMR025W 6 201
YMR026C 7 62
YMR027W 16 505
YMR028W 5 81
YMR029C 9 402
YMR030W 29 1023
YMR031C 21 274
YMR031W-A 16 173
YMR032W 14 714
YMR030W-A 6 278
YMR033W 10 173
YMR034C 15 299
YMR035W 10 197
YMR036C 21 2968
YMR037C 24 469
YMR038C 17 331
YMR039C 16 304
YMR040W 17 503
YMR041C 4 105
YMR042W 50 10127
YMR043W 16 490
YMR044W 26 443
YMR046W-A 0 0
YMR047C 19 312
YMR048W 14 371
YMR049C 12 389
YMR052W 6 93
YMR052C-A 4 67
YMR053C 32 716
YMR054W 36 4211
YMR055C 15 843
YMR056C 36 5264
YMR057C 32 2530
YMR058W 51 1494
YMR059W 1 2
YMR060C 9 63
YMR061W 12 321
YMR062C 28 1179
YMR063W 13 716
YMR064W 18 528
YMR065W 26 2624
YMR066W 17 306
YMR067C 11 190
YMR068W 9 233
YMR069W 60 5856
YMR070W 23 661
YMR071C 10 233
YMR072W 2 21
YMR073C 7 193
YMR074C 7 422
YMR075W 17 150
YMR075C-A 6 387
YMR076C 37 17279
YMR077C 4 248
YMR078C 20 308
YMR079W 12 212
YMR080C 15 354
YMR081C 11 76
YMR082C 14 594
YMR083W 21 243
YMR084W 20 490
YMR085W 14 335
YMR086W 34 1077
YMR086C-A 6 56
YMR087W 18 1262
YMR088C 22 996
YMR089C 22 318
YMR090W 14 207
YMR091C 24 771
YMR092C 27 431
YMR093W 24 503
YMR094W 7 229
YMR095C 19 473
YMR096W 15 184
YMR097C 11 447
YMR098C 16 191
YMR099C 5 111
YMR100W 24 393
YMR101C 9 238
YMR102C 37 938
YMR103C 21 1373
YMR104C 35 953
YMR105C 8 38
YMR105W-A 9 753
YMR106C 55 2315
YMR107W 15 2116
YMR108W 26 3118
YMR109W 47 4978
YMR110C 29 518
YMR111C 31 894
YMR112C 7 54
YMR113W 18 367
YMR114C 11 264
YMR115W 16 491
YMR116C 27 787
YMR117C 3 8
YMR118C 13 273
YMR119W 17 373
YMR119W-A 6 134
YMR120C 23 507
YMR121C 15 255
YMR122C 41 10662
YMR122W-A 6 52
YMR123W 0 0
YMR124W 28 626
YMR125W 20 271
YMR126C 5 176
YMR127C 14 176
YMR128W 25 777
YMR129W 36 699
YMR130W 21 537
YMR131C 18 261
YMR132C 7 145
YMR133W 6 39
YMR134W 7 123
YMR135C 26 1081
YMR135W-A 39 4244
YMR136W 44 1432
YMR137C 27 954
YMR138W 7 21
YMR139W 22 499
YMR140W 15 486
YMR141C 2 9
YMR142C 0 0
YMR141W-A 0 0
YMR143W 4 20
YMR144W 24 3535
YMR145C 43 847
YMR146C 26 1334
YMR147W 7 269
YMR148W 14 167
YMR149W 16 414
YMR150C 22 575
YMR151W 14 352
YMR152W 24 766
YMR153W 20 1068
YMR153C-A 0 0
YMR154C 26 656
YMR155W 16 740
YMR156C 13 887
YMR157C 14 269
YMR158W 8 88
YMR158C-A 2 26
YMR158W-B 9 243
YMR159C 11 346
YMR160W 22 802
YMR161W 8 102
YMR162C 59 1700
YMR163C 12 266
YMR164C 23 499
YMR165C 40 915
YMR166C 12 501
YMR167W 28 543
YMR168C 17 406
YMR169C 23 184
YMR170C 11 322
YMR171C 17 322
YMR172W 22 323
YMR172C-A 3 348
YMR173W 8 140
YMR173W-A 8 140
YMR174C 2 9
YMR175W 11 191
YMR175W-A 14 766
YMR176W 60 1318
YMR177W 17 467
YMR178W 16 159
YMR179W 25 261
YMR180C 33 823
YMR181C 9 173
YMR182C 6 120
YMR182W-A 3 88
YMR183C 12 669
YMR184W 16 216
YMR185W 21 917
YMR186W 26 524
YMR187C 19 11419
YMR188C 9 163
YMR189W 34 1336
YMR190C 36 938
YMR191W 20 418
YMR192W 24 600
YMR193W 4 15
YMR193C-A 6 21
YMR194W 13 262
YMR194C-B 21 3485
YMR194C-A 20 14638
YMR195W 14 254
YMR196W 49 1165
YMR197C 8 221
YMR198W 32 1045
YMR199W 17 309
YMR200W 13 334
YMR201C 20 2173
YMR202W 25 294
YMR203W 8 361
YMR204C 4 87
YMR205C 28 304
YMR206W 32 848
YMR207C 65 1668
YMR208W 24 628
YMR209C 15 177
YMR210W 17 275
YMR211W 11 93
YMR212C 22 392
YMR213W 16 367
YMR214W 15 338
YMR215W 11 264
YMR216C 36 754
YMR217W 19 573
YMR218C 16 199
YMR219W 60 1626
YMR220W 18 312
YMR221C 22 644
YMR222C 8 317
YMR223W 18 215
YMR224C 30 460
YMR225C 12 340
YMR226C 16 358
YMR227C 19 347
YMR228W 10 164
YMR229C 36 661
YMR230W 9 112
YMR230W-A 11 306
YMR231W 37 695
YMR232W 22 521
YMR233W 9 136
YMR234W 9 133
YMR235C 14 186
YMR236W 4 27
YMR237W 24 481
YMR238W 16 368
YMR239C 12 495
YMR240C 27 1293
YMR241W 24 629
YMR242C 1 12
YMR242W-A 2 9
YMR243C 21 2540
YMR244W 26 1041
YMR244C-A 8 61
YMR245W 43 2836
YMR246W 72 4195
YMR247C 44 1090
YMR247W-A 3 232
YMR250W 23 782
YMR251W 55 2530
YMR251W-A 0 0
YMR252C 16 485
YMR253C 24 1101
YMR254C 14 1186
YMR255W 4 26
YMR256C 2 311
YMR257C 27 569
YMR258C 14 1028
YMR259C 19 669
YMR260C 4 37
YMR261C 31 1006
YMR262W 11 205
YMR263W 9 96
YMR264W 10 175
YMR265C 25 2089
YMR266W 20 439
YMR267W 17 328
YMR268C 8 21
YMR269W 4 41
YMR270C 11 113
YMR271C 5 104
YMR272C 17 275
YMR272W-A 1 6
YMR272W-B 1 6
YMR273C 28 421
YMR274C 11 109
YMR275C 20 750
YMR276W 19 463
YMR277W 23 304
YMR278W 22 313
YMR279C 25 548
YMR280C 51 1287
YMR281W 11 273
YMR282C 15 149
YMR283C 20 582
YMR284W 19 569
YMR285C 25 925
YMR286W 4 284
YMR287C 27 512
YMR288W 28 269
YMR289W 19 700
YMR290C 8 130
YMR290W-A 3 8
YMR291W 29 729
YMR292W 12 326
YMR293C 18 344
YMR294W 10 63
YMR294W-A 2 9
YMR295C 5 54
YMR296C 33 719
YMR297W 37 892
YMR298W 4 44
YMR299C 12 220
YMR300C 20 172
YMR301C 32 1101
YMR302C 25 496
YMR303C 12 83
YMR304W 40 1090
YMR304C-A 13 218
YMR305C 9 180
YMR306W 62 3988
YMR306C-A 17 2077
YMR307W 21 453
YMR307C-A 3 44
YMR308C 23 641
YMR309C 13 434
YMR310C 10 243
YMR311C 5 67
YMR312W 0 0
YMR313C 19 300
YMR314W 10 136
YMR315W 21 584
YMR315W-A 3 130
YMR316W 20 376
YMR316C-A 5 99
YMR316C-B 1 25
YMR317W 14 290
YMR318C 36 1205
YMR319C 49 1668
YMR320W 9 179
YMR321C 3 37
YMR322C 0 0
YMR323W 3 114
YMR324C 7 66
YMR325W 2 9
YMR326C 2 57
YNL339C 0 0
YNL339W-B 0 0
YNL339W-A 0 0
YNL338W 1 12
YNL337W 1 6
YNL336W 3 70
YNL335W 0 0
YNL334C 3 83
YNL333W 1 2
YNL332W 5 103
YNL331C 13 136
YNL330C 21 553
YNL329C 41 757
YNL328C 12 117
YNL327W 26 378
YNL326C 26 603
YNL325C 34 761
YNL324W 5 74
YNL323W 14 561
YNL322C 6 68
YNL321W 30 1439
YNL320W 14 329
YNL319W 5 38
YNL318C 17 118
YNL317W 19 663
YNL316C 19 1711
YNL315C 3 379
YNL314W 22 411
YNL313C 17 182
YNL312W 7 110
YNL311C 32 1027
YNL310C 12 162
YNL309W 25 858
YNL308C 14 218
YNL307C 11 116
YNL306W 9 279
YNL305C 13 131
YNL304W 28 1207
YNL303W 8 99
YNL302C 3 8
YNL301C 20 735
YNL300W 7 362
YNL299W 24 2021
YNL298W 26 493
YNL297C 21 712
YNL296W 1 123
YNL295W 12 327
YNL294C 25 678
YNL293W 36 711
YNL292W 13 155
YNL291C 18 344
YNL290W 24 458
YNL289W 19 644
YNL288W 27 531
YNL287W 21 945
YNL286W 14 404
YNL285W 31 3590
YNL284C 7 113
YNL283C 35 1097
YNL282W 19 515
YNL281W 8 502
YNL280C 20 1089
YNL279W 31 3312
YNL278W 54 1875
YNL277W-A 17 5178
YNL277W 33 10177
YNL276C 13 106
YNL275W 16 1081
YNL274C 13 103
YNL273W 20 762
YNL272C 7 103
YNL271C 25 1004
YNL270C 24 816
YNL269W 29 3449
YNL268W 30 1617
YNL267W 25 431
YNL266W 3 11
YNL265C 24 265
YNL264C 28 1594
YNL263C 14 194
YNL262W 62 1991
YNL261W 12 99
YNL260C 1 1
YNL259C 6 97
YNL258C 16 164
YNL257C 30 489
YNL256W 17 373
YNL255C 3 5
YNL254C 17 406
YNL253W 17 293
YNL252C 4 88
YNL251C 36 1356
YNL250W 29 961
YNL249C 20 617
YNL248C 1 8
YNL247W 17 505
YNL246W 15 222
YNL245C 8 112
YNL244C 14 398
YNL243W 48 1047
YNL242W 58 7696
YNL241C 39 1002
YNL240C 46 1989
YNL239W 24 414
YNL238W 24 261
YNL237W 20 570
YNL236W 33 767
YNL235C 10 539
YNL234W 27 663
YNL233W 28 770
YNL232W 15 170
YNL231C 26 2856
YNL230C 49 2288
YNL229C 10 360
YNL228W 20 836
YNL227C 22 859
YNL226W 11 197
YNL225C 12 1416
YNL224C 27 2051
YNL223W 15 284
YNL222W 7 316
YNL221C 20 649
YNL220W 19 734
YNL219C 17 774
YNL218W 26 490
YNL217W 19 1027
YNL216W 41 800
YNL215W 6 261
YNL214W 6 36
YNL213C 8 440
YNL212W 28 899
YNL211C 6 104
YNL210W 5 79
YNL209W 16 1310
YNL208W 16 366
YNL207W 8 59
YNL206C 15 260
YNL205C 9 934
YNL204C 8 97
YNL203C 11 200
YNL202W 21 2361
YNL201C 23 444
YNL200C 13 168
YNL199C 18 336
YNL198C 5 169
YNL197C 10 131
YNL196C 17 1243
YNL195C 26 1064
YNL194C 14 226
YNL193W 27 574
YNL192W 43 694
YNL191W 35 759
YNL190W 14 2712
YNL189W 7 176
YNL188W 5 203
YNL187W 17 1175
YNL186W 28 456
YNL185C 2 5
YNL184C 4 15
YNL183C 21 799
YNL182C 20 306
YNL181W 8 207
YNL180C 11 190
YNL179C 18 497
YNL178W 1 1
YNL177C 5 10
YNL176C 14 387
YNL175C 17 274
YNL174W 2 2
YNL173C 27 1092
YNL172W 45 696
YNL171C 3 15
YNL170W 5 104
YNL169C 17 178
YNL168C 15 213
YNL167C 22 275
YNL166C 13 275
YNL165W 17 293
YNL164C 10 1134
YNL163C 34 624
YNL162W-A 2 381
YNL162W 5 38
YNL161W 19 193
YNL160W 14 523
YNL159C 8 143
YNL158W 12 114
YNL157W 10 358
YNL156C 11 117
YNL155W 13 1702
YNL154C 28 674
YNL153C 13 1470
YNL152W 9 66
YNL151C 13 162
YNL150W 3 102
YNL149C 4 18
YNL148C 65 106770
YNL147W 9 44
YNL146C-A 5 15
YNL146W 11 92
YNL145W 2 82
YNL144C 52 1526
YNL144W-A 0 0
YNL143C 6 43
YNL142W 40 1702
YNL141W 12 227
YNL140C 6 97
YNL139C 31 689
YNL138W-A 9 126
YNL138W 16 534
YNL137C 24 371
YNL136W 14 546
YNL135C 3 12
YNL134C 22 603
YNL133C 7 215
YNL132W 12 52
YNL131W 1 4
YNL130C 9 99
YNL130C-A 4 81
YNL129W 8 188
YNL128W 24 5622
YNL127W 21 238
YNL126W 25 512
YNL125C 27 1168
YNL124W 16 868
YNL123W 33 1217
YNL122C 11 175
YNL121C 9 193
YNL120C 4 72
YNL119W 13 272
YNL118C 22 202
YNL117W 34 1678
YNL116W 26 560
YNL115C 29 524
YNL114C 2 4
YNL113W 2 4
YNL112W 38 718
YNL111C 5 113
YNL110C 10 141
YNL109W 6 840
YNL108C 15 1386
YNL107W 8 288
YNL106C 49 1962
YNL105W 2 5
YNL104C 49 4890
YNL103W-A 4 113
YNL103W 19 200
YNL102W 33 883
YNL101W 26 616
YNL100W 16 546
YNL099C 11 207
YNL098C 9 130
YNL097C-B 8 1591
YNL097C 17 609
YNL097W-A 2 82
YNL096C 14 195
YNL095C 18 175
YNL094W 21 777
YNL093W 12 196
YNL092W 27 1777
YNL091W 26 797
YNL090W 1 136
YNL089C 1 136
YNL088W 31 1471
YNL087W 50 6130
YNL086W 2 68
YNL085W 28 627
YNL084C 5 903
YNL083W 13 964
YNL082W 19 253
YNL081C 1 16
YNL080C 19 239
YNL079C 12 261
YNL078W 25 1478
YNL077W 25 355
YNL076W 22 1237
YNL075W 6 69
YNL074C 22 933
YNL073W 15 378
YNL072W 24 767
YNL071W 10 67
YNL070W 1 1
YNL069C 4 155
YNL068C 30 2043
YNL067W-A 8 160
YNL067W-B 4 169
YNL067W 13 190
YNL066W 43 4828
YNL065W 22 299
YNL064C 26 707
YNL063W 11 643
YNL062C 11 304
YNL061W 26 883
YNL059C 15 214
YNL058C 8 147
YNL057W 1 3
YNL056W 8 1357
YNL055C 24 311
YNL054W 24 493
YNL053W 43 5024
YNL052W 16 453
YNL051W 13 185
YNL050C 11 278
YNL049C 18 575
YNL048W 16 401
YNL047C 18 406
YNL046W 19 1621
YNL045W 19 414
YNL044W 11 158
YNL043C 5 92
YNL042W-B 9 397
YNL042W 24 883
YNL041C 19 895
YNL040W 9 69
YNL039W 12 331
YNL038W 13 829
YNL037C 26 272
YNL036W 30 639
YNL035C 12 239
YNL034W 12 73
YNL033W 0 0
YNL032W 10 132
YNL031C 8 254
YNL030W 8 134
YNL029C 24 375
YNL028W 12 776
YNL027W 17 647
YNL026W 10 198
YNL025C 20 554
YNL024C-A 5 33
YNL024C 21 560
YNL023C 37 1105
YNL022C 12 152
YNL021W 21 268
YNL020C 29 417
YNL019C 1 1
YNL018C 16 2257
YNL017C 15 7882
YNL016W 16 356
YNL015W 0 0
YNL014W 24 473
YNL013C 0 0
YNL012W 26 357
YNL011C 9 244
YNL010W 13 570
YNL009W 23 395
YNL008C 36 3431
YNL007C 13 202
YNL006W 16 206
YNL005C 7 76
YNL004W 55 2171
YNL003C 23 987
YNL002C 11 159
YNL001W 31 444
YNR001C 53 1503
YNR001W-A 8 220
YNR002C 71 6367
YNR003C 28 492
YNR003W-A 7 96
YNR004W 6 46
YNR005C 5 117
YNR006W 19 462
YNR007C 14 152
YNR008W 48 1308
YNR009W 9 188
YNR010W 6 111
YNR011C 31 603
YNR012W 14 156
YNR013C 29 682
YNR014W 17 415
YNR015W 47 5326
YNR016C 144 4121
YNR017W 23 272
YNR018W 19 194
YNR019W 35 16325
YNR020C 15 410
YNR021W 17 372
YNR022C 3 35
YNR023W 7 68
YNR024W 3 25
YNR025C 2 3
YNR026C 14 319
YNR027W 13 710
YNR028W 18 307
YNR029C 17 617
YNR030W 18 162
YNR031C 78 4991
YNR032W 22 1747
YNR032C-A 6 74
YNR033W 33 1118
YNR034W 21 586
YNR034W-A 4 56
YNR035C 6 34
YNR036C 11 244
YNR037C 5 267
YNR038W 10 162
YNR039C 26 938
YNR040W 15 415
YNR041C 25 873
YNR042W 6 88
YNR043W 5 51
YNR044W 26 273
YNR045W 14 154
YNR046W 7 299
YNR047W 32 1039
YNR048W 11 133
YNR049C 11 197
YNR050C 21 667
YNR051C 9 92
YNR052C 16 203
YNR053C 25 349
YNR054C 19 858
YNR055C 39 2179
YNR056C 33 595
YNR057C 36 2140
YNR058W 23 1164
YNR059W 23 546
YNR060W 28 628
YNR061C 4 24
YNR062C 6 34
YNR063W 11 109
YNR064C 18 12568
YNR065C 18 699
YNR066C 31 800
YNR067C 28 2013
YNR068C 4 44
YNR069C 18 300
YNR070W 45 1232
YNR071C 21 531
YNR072W 17 384
YNR073C 20 677
YNR074C 15 822
YNR075W 20 979
YNR075C-A 6 181
YNR076W 0 0
YNR077C 0 0
YOL166W-A 2 2328
YOL166C 3 64
YOL165C 4 430
YOL164W-A 1 7
YOL164W 20 636
YOL163W 4 225
YOL162W 2 12
YOL161C 1 6
YOL160W 4 23
YOL159C-A 6 101
YOL159C 10 105
YOL158C 39 2606
YOL157C 23 298
YOL156W 6 47
YOL155W-A 0 0
YOL155C 31 4916
YOL154W 4 19
YOL152W 36 1390
YOL151W 12 232
YOL150C 1 3
YOL149W 5 89
YOL148C 17 188
YOL147C 6 78
YOL146W 9 95
YOL145C 28 981
YOL144W 12 173
YOL143C 8 254
YOL142W 15 248
YOL141W 37 872
YOL140W 24 210
YOL139C 3 15
YOL138C 41 671
YOL137W 28 835
YOL136C 10 114
YOL135C 11 165
YOL134C 11 342
YOL133W 2 33
YOL132W 15 1616
YOL131W 3 97
YOL130W 27 330
YOL129W 7 359
YOL128C 15 205
YOL127W 0 0
YOL126C 30 1297
YOL125W 31 1167
YOL124C 25 419
YOL123W 36 1269
YOL122C 26 2341
YOL121C 7 65
YOL120C 13 411
YOL119C 20 349
YOL118C 19 813
YOL117W 25 609
YOL116W 20 1068
YOL115W 34 598
YOL114C 11 251
YOL113W 22 338
YOL112W 23 467
YOL111C 23 464
YOL110W 52 68119
YOL109W 3 26
YOL108C 10 28
YOL107W 19 372
YOL106W 7 144
YOL105C 9 107
YOL104C 9 166
YOL103W 15 1069
YOL102C 6 295
YOL101C 4 109
YOL100W 20 393
YOL099C 4 128
YOL098C 36 1316
YOL097W-A 7 100
YOL097C 22 1104
YOL096C 24 382
YOL095C 13 334
YOL094C 14 564
YOL093W 9 202
YOL092W 14 320
YOL091W 9 205
YOL090W 20 246
YOL089C 24 361
YOL088C 9 85
YOL087C 29 761
YOL086W-A 11 434
YOL086C 20 767
YOL085W-A 15 901
YOL085C 24 1372
YOL084W 48 1877
YOL083W 9 123
YOL083C-A 1 2
YOL082W 14 431
YOL081W 80 1863
YOL080C 7 46
YOL079W 1 2
YOL078W 38 1245
YOL077W-A 7 267
YOL077C 8 240
YOL076W 9 55
YOL075C 33 990
YOL073C 12 363
YOL072W 11 204
YOL071W 2 11
YOL070C 18 451
YOL069W 15 288
YOL068C 33 646
YOL067C 5 315
YOL066C 20 200
YOL065C 16 168
YOL064C 13 366
YOL063C 22 661
YOL062C 9 66
YOL061W 25 586
YOL060C 42 1544
YOL059W 36 17306
YOL058W 43 900
YOL057W 18 205
YOL056W 19 469
YOL055C 24 861
YOL054W 15 438
YOL053W 22 467
YOL052C-A 2 6
YOL052C 41 4047
YOL051W 19 734
YOL050C 2 94
YOL049W 18 359
YOL048C 6 117
YOL047C 11 381
YOL046C 4 7
YOL045W 23 278
YOL044W 7 51
YOL043C 15 482
YOL042W 20 427
YOL041C 16 573
YOL040C 0 0
YOL039W 1 1
YOL038C-A 5 62
YOL038W 8 311
YOL037C 3 57
YOL036W 30 572
YOL035C 6 28
YOL034W 44 1460
YOL033W 9 511
YOL032W 11 152
YOL031C 23 375
YOL030W 20 584
YOL029C 11 252
YOL028C 14 792
YOL027C 13 174
YOL026C 14 256
YOL025W 12 301
YOL024W 6 108
YOL023W 20 472
YOL022C 9 334
YOL021C 39 1025
YOL020W 37 1157
YOL019W-A 8 264
YOL019W 25 505
YOL018C 15 939
YOL017W 39 1138
YOL016C 14 184
YOL015W 16 186
YOL014W 1 5
YOL013W-B 0 0
YOL013W-A 6 113
YOL013C 16 484
YOL012C 6 119
YOL011W 26 983
YOL010W 11 126
YOL009C 18 339
YOL008W 7 71
YOL007C 22 1215
YOL006C 16 439
YOL005C 12 78
YOL004W 49 901
YOL003C 41 1591
YOL002C 37 1333
YOL001W 39 1714
YOR001W 56 1852
YOR002W 45 2378
YOR003W 35 826
YOR004W 15 336
YOR005C 45 2440
YOR006C 12 242
YOR007C 13 668
YOR008C 3 11
YOR008C-A 4 49
YOR008W-B 5 385
YOR009W 7 189
YOR010C 4 231
YOR011W 30 471
YOR011W-A 5 267
YOR012W 8 69
YOR013W 13 238
YOR014W 13 239
YOR015W 1 4
YOR016C 4 104
YOR017W 18 373
YOR018W 37 1089
YOR019W 31 557
YOR020C 3 37
YOR020W-A 1 56
YOR021C 4 193
YOR022C 22 741
YOR023C 20 682
YOR024W 25 921
YOR025W 18 212
YOR026W 28 1305
YOR027W 34 1084
YOR028C 15 407
YOR029W 19 1773
YOR030W 19 361
YOR031W 11 214
YOR032C 13 165
YOR032W-A 12 365
YOR033C 23 374
YOR034C 29 658
YOR034C-A 11 417
YOR035C 18 549
YOR036W 4 20
YOR037W 28 1037
YOR038C 28 669
YOR039W 6 137
YOR040W 25 1350
YOR041C 10 528
YOR042W 26 790
YOR043W 14 672
YOR044W 6 59
YOR045W 1 3
YOR046C 16 267
YOR047C 6 51
YOR048C 16 253
YOR049C 16 421
YOR050C 11 171
YOR051C 12 298
YOR052C 6 109
YOR053W 1 1
YOR054C 28 918
YOR055W 5 245
YOR056C 17 302
YOR057W 21 498
YOR058C 25 499
YOR059C 21 4006
YOR060C 20 757
YOR061W 19 230
YOR062C 14 195
YOR063W 8 165
YOR064C 14 414
YOR065W 11 352
YOR066W 34 918
YOR067C 18 359
YOR069W 26 380
YOR068C 3 56
YOR070C 19 1166
YOR071C 31 837
YOR072W 15 1110
YOR072W-A 17 1406
YOR072W-B 1 5
YOR073W 15 863
YOR074C 9 186
YOR073W-A 2 10
YOR075W 4 28
YOR076C 28 2659
YOR077W 21 703
YOR078W 6 110
YOR079C 14 353
YOR080W 18 309
YOR081C 26 600
YOR082C 7 138
YOR083W 26 1274
YOR084W 41 1159
YOR085W 22 8541
YOR086C 38 951
YOR087W 26 588
YOR089C 7 167
YOR090C 39 1398
YOR091W 37 2502
YOR092W 18 363
YOR093C 53 1515
YOR094W 2 3
YOR095C 15 300
YOR096W 4 113
YOR097C 9 288
YOR098C 23 390
YOR099W 35 1195
YOR100C 22 1393
YOR101W 10 823
YOR102W 1 4
YOR103C 2 5
YOR104W 11 201
YOR105W 3 123
YOR106W 10 55
YOR107W 18 271
YOR108W 30 647
YOR108C-A 3 48
YOR109W 28 453
YOR110W 12 298
YOR111W 10 142
YOR112W 16 213
YOR113W 15 120
YOR114W 12 229
YOR115C 7 46
YOR116C 24 485
YOR117W 11 119
YOR118W 24 754
YOR119C 20 587
YOR120W 28 745
YOR121C 9 254
YOR122C 11 136
YOR123C 18 1131
YOR124C 43 1757
YOR125C 5 556
YOR126C 15 1141
YOR127W 23 612
YOR128C 14 247
YOR129C 15 223
YOR130C 11 13912
YOR131C 10 235
YOR132W 23 421
YOR133W 5 21
YOR134W 32 2817
YOR135C 6 108
YOR136W 21 1012
YOR137C 27 880
YOR138C 67 4729
YOR139C 3 57
YOR140W 37 2625
YOR141C 30 708
YOR142W 28 1441
YOR143C 11 299
YOR144C 28 1773
YOR145C 13 295
YOR146W 2 81
YOR147W 11 126
YOR148C 15 75
YOR149C 25 542
YOR150W 6 73
YOR151C 33 700
YOR152C 0 0
YOR153W 65 2486
YOR154W 9 464
YOR155C 13 303
YOR156C 18 417
YOR157C 19 280
YOR158W 11 179
YOR159C 5 91
YOR160W 20 306
YOR161C 31 1319
YOR161W-A 1 2
YOR161W-B 6 428
YOR161C-C 15 752
YOR162C 50 1767
YOR163W 3 247
YOR164C 14 414
YOR165W 37 534
YOR166C 18 319
YOR167C 1 4
YOR168W 26 874
YOR169C 7 274
YOR170W 6 78
YOR171C 17 242
YOR172W 16 134
YOR173W 18 839
YOR174W 9 368
YOR175C 24 323
YOR176W 26 522
YOR177C 17 114
YOR178C 20 310
YOR179C 31 791
YOR180C 3 26
YOR181W 21 294
YOR182C 5 48
YOR183W 26 1190
YOR184W 14 256
YOR185C 5 260
YOR186W 21 1781
YOR186C-A 14 1727
YOR187W 26 467
YOR188W 29 424
YOR189W 3 42
YOR190W 14 241
YOR191W 40 1668
YOR192C 18 175
YOR192C-C 0 0
YOR193W 11 521
YOR194C 4 84
YOR195W 20 490
YOR196C 14 317
YOR197W 17 300
YOR198C 12 182
YOR199W 21 473
YOR200W 7 176
YOR201C 9 445
YOR202W 19 714
YOR203W 25 3494
YOR204W 24 616
YOR205C 38 1562
YOR206W 10 174
YOR207C 33 694
YOR208W 4 16
YOR209C 17 288
YOR210W 3 4
YOR211C 43 740
YOR212W 13 417
YOR213C 23 836
YOR214C 8 125
YOR215C 9 132
YOR216C 26 968
YOR217W 25 544
YOR218C 2 9
YOR219C 39 1010
YOR220W 10 156
YOR221C 15 554
YOR222W 49 2719
YOR223W 21 334
YOR224C 10 215
YOR225W 10 241
YOR226C 11 348
YOR227W 53 930
YOR228C 14 323
YOR229W 45 2613
YOR230W 32 933
YOR231W 24 267
YOR231C-A 7 93
YOR232W 5 177
YOR233W 37 764
YOR234C 12 206
YOR235W 9 349
YOR236W 8 194
YOR237W 14 371
YOR238W 15 471
YOR239W 17 174
YOR241W 19 411
YOR242C 24 338
YOR243C 16 313
YOR244W 16 301
YOR245C 18 154
YOR246C 16 417
YOR247W 5 1111
YOR248W 4 66
YOR249C 13 125
YOR250C 19 331
YOR251C 23 4790
YOR252W 4 117
YOR253W 10 148
YOR254C 33 878
YOR255W 10 338
YOR256C 37 845
YOR257W 0 0
YOR258W 3 11
YOR259C 11 211
YOR260W 19 516
YOR261C 11 114
YOR262W 16 283
YOR263C 2 2
YOR264W 16 313
YOR265W 3 24
YOR266W 15 361
YOR267C 52 2638
YOR268C 50 2777
YOR269W 25 505
YOR270C 40 1327
YOR271C 16 598
YOR272W 4 67
YOR273C 41 1293
YOR274W 28 844
YOR275C 31 964
YOR276W 7 165
YOR277C 5 96
YOR278W 10 407
YOR279C 14 441
YOR280C 9 161
YOR281C 8 160
YOR282W 10 1458
YOR283W 14 624
YOR284W 5 101
YOR285W 14 199
YOR286W 10 392
YOR287C 6 48
YOR288C 9 95
YOR289W 27 797
YOR290C 32 378
YOR291W 39 1124
YOR292C 17 312
YOR293W 7 111
YOR293C-A 3 42
YOR294W 6 98
YOR295W 15 419
YOR296W 47 909
YOR297C 7 86
YOR298W 32 1240
YOR298C-A 13 646
YOR299W 38 940
YOR300W 11 972
YOR301W 50 3658
YOR302W 4 18
YOR303W 39 487
YOR304W 40 633
YOR304C-A 5 27
YOR305W 3 19
YOR306C 21 340
YOR307C 21 10655
YOR308C 16 297
YOR309C 1 5
YOR310C 12 216
YOR311C 10 327
YOR312C 2 33
YOR313C 12 93
YOR314W 4 5
YOR314W-A 11 239
YOR315W 10 115
YOR316C 45 1245
YOR316C-A 27 14199
YOR317W 41 997
YOR318C 55 4368
YOR319W 6 178
YOR320C 16 387
YOR321W 34 792
YOR322C 39 1046
YOR323C 11 280
YOR324C 26 1317
YOR325W 15 1024
YOR326W 39 838
YOR327C 10 383
YOR328W 47 3274
YOR329C 22 409
YOR329W-A 6 203
YOR330C 19 380
YOR331C 6 97
YOR332W 9 65
YOR333C 5 87
YOR334W 14 170
YOR335C 41 1242
YOR335W-A 1 46
YOR336W 41 1166
YOR337W 40 1301
YOR338W 25 662
YOR339C 2 19
YOR340C 9 215
YOR341W 16 214
YOR342C 11 118
YOR343C 34 7261
YOR344C 16 4416
YOR345C 4 30
YOR346W 41 867
YOR347C 18 242
YOR348C 211 39139
YOR349W 74 2003
YOR350C 28 942
YOR351C 20 350
YOR352W 14 417
YOR353C 22 331
YOR354C 31 1558
YOR355W 14 283
YOR356W 32 1166
YOR357C 16 275
YOR358W 19 676
YOR359W 13 311
YOR360C 25 1016
YOR361C 26 829
YOR362C 7 76
YOR363C 31 1036
YOR364W 26 1274
YOR365C 37 792
YOR366W 6 36
YOR367W 6 93
YOR368W 21 939
YOR369C 5 113
YOR370C 18 700
YOR371C 54 6492
YOR372C 14 554
YOR373W 37 823
YOR374W 33 1600
YOR375C 33 1119
YOR376W 19 3185
YOR376W-A 0 0
YOR377W 26 1663
YOR378W 25 608
YOR379C 13 604
YOR380W 36 1177
YOR381W 25 442
YOR381W-A 2 74
YOR382W 3 4
YOR383C 5 51
YOR384W 21 392
YOR385W 16 296
YOR386W 11 303
YOR387C 3 129
YOR388C 3 21
YOR389W 19 665
YOR390W 2 85
YOR391C 7 210
YOR392W 5 14
YOR393W 0 0
YOR394W 0 0
YOR394C-A 1 1
YOR396W 0 0
YOR396C-A 0 0
YPL283C 0 0
YPL283W-B 0 0
YPL283W-A 0 0
YPL282C 0 0
YPL281C 1 1
YPL280W 0 0
YPL279C 3 14
YPL278C 0 0
YPL277C 21 855
YPL274W 40 1781
YPL273W 12 324
YPL272C 7 280
YPL271W 4 133
YPL270W 37 658
YPL269W 23 986
YPL268W 21 1076
YPL267W 6 37
YPL266W 16 561
YPL265W 53 1830
YPL264C 15 824
YPL263C 40 1027
YPL262W 27 926
YPL261C 13 272
YPL260W 10 190
YPL259C 10 168
YPL258C 26 1652
YPL257W 5 35
YPL256C 24 479
YPL255W 12 350
YPL254W 11 115
YPL253C 27 1217
YPL252C 5 79
YPL251W 4 66
YPL250C 11 517
YPL249C-A 6 72
YPL250W-A 6 72
YPL249C 26 479
YPL248C 10 106
YPL247C 32 570
YPL246C 17 343
YPL245W 25 7843
YPL244C 34 1131
YPL243W 11 212
YPL242C 42 1046
YPL241C 7 102
YPL240C 29 563
YPL239W 9 173
YPL238C 1 10
YPL237W 4 49
YPL236C 9 294
YPL235W 8 229
YPL234C 9 348
YPL233W 15 1038
YPL232W 22 569
YPL231W 89 2728
YPL230W 18 381
YPL229W 12 751
YPL228W 16 188
YPL227C 10 348
YPL226W 29 357
YPL225W 0 0
YPL224C 42 1264
YPL223C 16 278
YPL222W 38 798
YPL222C-A 2 14
YPL221W 67 4677
YPL220W 1 1
YPL219W 42 637
YPL218W 8 132
YPL217C 29 645
YPL216W 29 433
YPL215W 6 34
YPL214C 22 168
YPL213W 11 102
YPL212C 17 651
YPL211W 6 51
YPL210C 13 242
YPL209C 9 86
YPL208W 32 767
YPL207W 39 911
YPL206C 19 762
YPL205C 8 136
YPL204W 22 401
YPL203W 22 936
YPL202C 21 312
YPL201C 26 279
YPL200W 2 13
YPL199C 7 31
YPL198W 24 1237
YPL197C 3 119
YPL196W 9 123
YPL195W 19 457
YPL194W 16 205
YPL193W 11 208
YPL192C 2 9
YPL191C 19 679
YPL190C 21 534
YPL189C-A 3 35
YPL189W 27 361
YPL188W 20 2117
YPL187W 2 10
YPL186C 38 925
YPL185W 29 5504
YPL184C 20 365
YPL183W-A 5 11
YPL183C 37 888
YPL182C 8 200
YPL181W 19 260
YPL180W 29 437
YPL179W 20 556
YPL178W 2 12
YPL177C 7 3587
YPL176C 22 580
YPL175W 30 957
YPL174C 14 533
YPL173W 7 70
YPL172C 11 406
YPL171C 30 1239
YPL170W 15 228
YPL169C 8 163
YPL168W 22 1726
YPL167C 38 786
YPL166W 7 92
YPL165C 6 50
YPL164C 25 500
YPL163C 8 195
YPL162C 16 349
YPL161C 24 833
YPL160W 31 432
YPL159C 6 101
YPL158C 27 341
YPL157W 27 635
YPL156C 27 1098
YPL155C 56 5979
YPL154C 12 521
YPL153C 35 887
YPL152W-A 1 3
YPL152W 9 133
YPL151C 27 520
YPL150W 16 187
YPL149W 6 152
YPL148C 5 64
YPL147W 20 454
YPL146C 8 118
YPL145C 1 42
YPL144W 19 806
YPL143W 6 304
YPL142C 0 0
YPL141C 44 949
YPL140C 15 267
YPL139C 8 108
YPL138C 4 14
YPL137C 61 1909
YPL136W 6 89
YPL135W 19 443
YPL135C-A 7 274
YPL134C 27 343
YPL133C 48 1277
YPL132W 13 402
YPL131W 6 113
YPL130W 3 7
YPL129W 2 42
YPL128C 12 253
YPL127C 11 99
YPL126W 17 270
YPL125W 26 1083
YPL124W 17 577
YPL123C 8 331
YPL122C 12 242
YPL121C 5 104
YPL120W 10 65
YPL119C-A 4 112
YPL119C 28 748
YPL118W 9 271
YPL117C 13 233
YPL116W 20 318
YPL115C 27 2849
YPL114W 9 109
YPL113C 24 421
YPL112C 7 112
YPL111W 69 36696
YPL110C 43 3249
YPL109C 31 930
YPL108W 17 799
YPL107W 14 737
YPL106C 13 78
YPL105C 26 1753
YPL104W 17 387
YPL103C 25 466
YPL102C 4 44
YPL101W 16 159
YPL100W 14 257
YPL099C 2 3
YPL098C 2 8
YPL097W 21 514
YPL096C-A 6 151
YPL096W 18 311
YPL095C 30 6426
YPL094C 21 701
YPL093W 22 226
YPL092W 35 2657
YPL091W 19 362
YPL090C 4 53
YPL089C 34 697
YPL088W 19 370
YPL087W 7 37
YPL086C 10 453
YPL085W 43 642
YPL084W 19 338
YPL083C 12 386
YPL082C 57 1102
YPL081W 27 525
YPL080C 17 3082
YPL079W 7 24
YPL078C 7 23
YPL077C 19 410
YPL076W 3 84
YPL075W 25 735
YPL074W 22 385
YPL073C 5 30
YPL072W 16 307
YPL071C 8 108
YPL070W 12 647
YPL069C 15 394
YPL068C 14 292
YPL067C 58 2866
YPL066W 34 1777
YPL065W 10 151
YPL064C 6 50
YPL063W 21 889
YPL062W 33 3238
YPL061W 41 2588
YPL060W 18 413
YPL059W 8 166
YPL058C 59 1524
YPL057C 26 874
YPL056C 14 732
YPL055C 34 1134
YPL054W 13 719
YPL053C 16 316
YPL052W 7 277
YPL051W 5 72
YPL050C 8 158
YPL049C 21 208
YPL048W 18 306
YPL047W 3 23
YPL046C 2 111
YPL045W 27 838
YPL044C 10 281
YPL043W 20 499
YPL042C 26 384
YPL041C 10 437
YPL040C 29 596
YPL039W 14 135
YPL038W-A 1 1
YPL038W 10 251
YPL037C 2 22
YPL036W 24 554
YPL035C 1 2
YPL034W 5 79
YPL033C 4 96
YPL032C 19 352
YPL031C 19 290
YPL030W 22 933
YPL029W 27 501
YPL028W 18 319
YPL027W 9 54
YPL026C 23 480
YPL025C 13 432
YPL024W 21 280
YPL023C 4 62
YPL022W 22 576
YPL021W 13 429
YPL020C 12 257
YPL019C 28 1367
YPL018W 21 421
YPL017C 32 23759
YPL016W 38 1132
YPL015C 46 911
YPL014W 27 615
YPL013C 6 43
YPL012W 21 668
YPL011C 14 369
YPL010W 3 42
YPL009C 21 480
YPL008W 12 440
YPL007C 5 92
YPL006W 59 9706
YPL005W 23 216
YPL004C 29 619
YPL003W 36 1105
YPL002C 29 933
YPL001W 33 1166
YPR001W 88 4408
YPR002W 56 2089
YPR002C-A 2 80
YPR003C 27 843
YPR004C 4 41
YPR005C 10 281
YPR006C 37 546
YPR007C 20 546
YPR008W 40 807
YPR009W 6 65
YPR010C 18 216
YPR010C-A 4 789
YPR011C 28 560
YPR012W 3 63
YPR013C 10 229
YPR014C 11 131
YPR015C 11 183
YPR016C 4 18
YPR016W-A 3 23
YPR017C 4 124
YPR018W 10 275
YPR019W 40 1035
YPR020W 4 50
YPR021C 17 357
YPR022C 53 1359
YPR023C 22 445
YPR024W 17 197
YPR025C 6 163
YPR026W 57 114560
YPR027C 7 110
YPR028W 8 67
YPR029C 17 220
YPR030W 35 1345
YPR031W 33 663
YPR032W 19 350
YPR033C 15 404
YPR034W 21 267
YPR035W 28 794
YPR036W 51 1565
YPR036W-A 6 103
YPR037C 23 1296
YPR038W 15 244
YPR039W 16 541
YPR040W 27 581
YPR041W 16 378
YPR042C 31 934
YPR043W 2 22
YPR044C 1 4
YPR045C 8 140
YPR046W 6 42
YPR047W 23 571
YPR048W 13 340
YPR049C 30 590
YPR050C 18 902
YPR051W 23 1007
YPR052C 2 689
YPR053C 11 5038
YPR054W 19 6045
YPR055W 31 667
YPR056W 8 105
YPR057W 5 51
YPR058W 8 337
YPR059C 1 1
YPR060C 10 337
YPR061C 13 214
YPR062W 21 2780
YPR063C 8 225
YPR064W 23 1389
YPR065W 13 120
YPR066W 22 728
YPR067W 17 482
YPR068C 26 549
YPR069C 15 1030
YPR070W 10 353
YPR071W 14 178
YPR072W 13 1168
YPR073C 11 1055
YPR074C 35 995
YPR074W-A 9 1418
YPR075C 8 103
YPR076W 0 0
YPR077C 13 1730
YPR078C 24 1891
YPR079W 25 673
YPR080W 3 196
YPR081C 38 1227
YPR082C 6 55
YPR083W 26 442
YPR084W 12 255
YPR085C 7 113
YPR086W 14 168
YPR087W 10 947
YPR088C 17 1471
YPR089W 17 243
YPR091C 23 594
YPR092W 12 707
YPR093C 22 554
YPR094W 6 55
YPR095C 23 279
YPR096C 7 136
YPR097W 47 895
YPR098C 8 272
YPR099C 5 107
YPR100W 6 180
YPR101W 5 221
YPR102C 0 0
YPR103W 10 238
YPR104C 15 367
YPR105C 25 815
YPR106W 17 332
YPR107C 12 1181
YPR108W 17 415
YPR108W-A 5 920
YPR109W 12 140
YPR110C 7 54
YPR111W 22 2236
YPR112C 19 403
YPR113W 6 278
YPR114W 15 210
YPR115W 34 780
YPR116W 9 121
YPR117W 76 1888
YPR118W 13 436
YPR119W 15 378
YPR120C 21 603
YPR121W 29 1498
YPR122W 70 3680
YPR123C 10 134
YPR124W 25 557
YPR125W 11 362
YPR126C 3 43
YPR127W 10 121
YPR128C 9 117
YPR129W 7 230
YPR130C 6 1033
YPR131C 10 169
YPR132W 1 2
YPR133C 13 305
YPR133W-A 0 0
YPR134W 5 1270
YPR135W 27 551
YPR136C 0 0
YPR137W 3 30
YPR138C 27 645
YPR139C 2 2
YPR140W 16 214
YPR141C 18 257
YPR142C 9 281
YPR143W 2 11
YPR144C 14 148
YPR145W 73 6600
YPR145C-A 5 107
YPR146C 13 266
YPR147C 20 2453
YPR148C 17 391
YPR149W 16 347
YPR150W 25 685
YPR151C 22 808
YPR152C 37 2231
YPR153W 18 225
YPR154W 1 1
YPR155C 26 486
YPR156C 25 498
YPR157W 32 776
YPR158W 14 327
YPR159W 35 463
YPR159C-A 1 3
YPR160W 57 9221
YPR160W-A 1 68
YPR160C-A 6 279
YPR161C 25 757
YPR162C 7 158
YPR163C 11 255
YPR164W 42 1853
YPR165W 7 46
YPR166C 6 194
YPR167C 8 583
YPR168W 14 7189
YPR169W 23 878
YPR170C 9 92
YPR169W-A 3 46
YPR170W-B 6 87
YPR170W-A 3 72
YPR171W 20 334
YPR172W 13 352
YPR173C 11 594
YPR174C 6 63
YPR175W 20 387
YPR176C 11 345
YPR177C 5 176
YPR178W 26 814
YPR179C 25 743
YPR180W 11 190
YPR181C 19 488
YPR182W 3 97
YPR183W 21 856
YPR184W 85 6164
YPR185W 30 1316
YPR186C 15 227
YPR187W 6 33
YPR188C 4 101
YPR189W 39 909
YPR190C 28 560
YPR191W 14 161
YPR192W 37 681
YPR193C 18 328
YPR194C 36 1850
YPR195C 24 4769
YPR196W 26 1279
YPR197C 8 172
YPR198W 16 432
YPR199C 10 73
YPR200C 3 34
YPR201W 19 405
YPR202W 0 0
YPR203W 0 0
YPR204W 0 0
YPR204C-A 0 0
