YAL069W 7 764
YAL068W-A 5 224
YAL068C 1 16
YAL067W-A 7 290
YAL067C 7 76
YAL066W 3 18442
YAL065C 1 1
YAL064W-B 1 1
YAL064C-A 1 148
YAL064W 3 52
YAL063C-A 0 0
YAL063C 1 43
YAL062W 11 1230
YAL061W 3 5
YAL060W 1 2
YAL059C-A 0 0
YAL059W 5 51
YAL058W 0 0
YAL056C-A 12 10032
YAL056W 8 265
YAL055W 1 5
YAL054C 2 26
YAL053W 1 7
YAL051W 4 22
YAL049C 4 72
YAL048C 3 27
YAL047W-A 3 81
YAL047C 3 119
YAL046C 5 153
YAL045C 4 296
YAL044W-A 4 146
YAL044C 9 5403
YAL043C 6 195
YAL042C-A 4 46
YAL042W 9 811
YAL041W 1 155
YAL040C 0 0
YAL039C 8 4682
YAL038W 0 0
YAL037C-B 2 4
YAL037C-A 0 0
YAL037W 0 0
YAL036C 0 0
YAL035W 2 4
YAL034C-B 2 38
YAL034W-A 5 31
YAL034C 6 123
YAL033W 3 14
YAL032C 4 43
YAL031W-A 3 103
YAL031C 0 0
YAL030W 3 217
YAL029C 0 0
YAL028W 1 3
YAL027W 3 27
YAL026C-A 0 0
YAL026C 0 0
YAL025C 6 1134
YAL024C 0 0
YAL023C 1 22
YAL022C 0 0
YAL021C 4 1061
YAL020C 6 91
YAL019W-A 3 81
YAL019W 2 12
YAL018C 0 0
YAL017W 0 0
YAL016C-B 4 106
YAL016C-A 0 0
YAL016W 1 2
YAL015C 5 602
YAL014C 2 81
YAL013W 4 109
YAL012W 8 170
YAL011W 8 3606
YAL010C 0 0
YAL009W 2 171
YAL008W 0 0
YAL007C 4 298
YAL005C 1 34
YAL004W 0 0
YAL003W 3 274
YAL002W 4 974
YAL001C 6 155
YAR002W 2 92
YAR002C-A 6 22188
YAR003W 5 94
YAR007C 0 0
YAR008W 3 36
YAR014C 4 34057
YAR015W 2 46
YAR018C 3 13
YAR019C 1 8
YAR019W-A 0 0
YAR020C 0 0
YAR023C 0 0
YAR027W 2 34
YAR028W 1 34
YAR029W 1 64
YAR030C 0 0
YAR031W 1 2
YAR033W 3 68
YAR035W 9 1147
YAR035C-A 6 100329
YAR042W 1 323
YAR047C 0 0
YAR050W 1 2
YAR053W 0 0
YAR060C 0 0
YAR064W 0 0
YAR066W 0 0
YAR068W 0 0
YAR069C 0 0
YAR070C 0 0
YAR071W 0 0
YAR073W 0 0
YAR075W 3 14
YBL113C 0 0
YBL113W-A 0 0
YBL112C 0 0
YBL111C 0 0
YBL109W 0 0
YBL108C-A 0 0
YBL108W 0 0
YBL107W-A 0 0
YBL107C 10 361
YBL106C 1 14
YBL105C 0 0
YBL104C 9 777
YBL103C 0 0
YBL102W 2 8
YBL101C 4 32
YBL100W-C 8 789
YBL100C 0 0
YBL099W 0 0
YBL098W 1 2
YBL097W 0 0
YBL096C 1 15
YBL095W 7 139
YBL094C 1 78
YBL093C 0 0
YBL092W 0 0
YBL091C-A 6 852
YBL091C 3 61
YBL090W 1 1
YBL089W 5 670
YBL088C 1 5
YBL087C 1 3
YBL086C 2 286
YBL085W 1 6
YBL084C 2 5
YBL083C 2 62
YBL082C 5 135
YBL081W 2 21
YBL080C 1 12
YBL079W 1 29
YBL078C 0 0
YBL077W 3 23
YBL076C 1 7
YBL075C 4 36
YBL074C 8 657
YBL073W 2 177
YBL072C 0 0
YBL071C-B 0 0
YBL071W-A 7 4247
YBL071C 4 12
YBL070C 4 152
YBL069W 3 8288
YBL068W-A 4 133
YBL068W 0 0
YBL067C 2 16
YBL066C 1 4
YBL065W 1 105
YBL064C 4 334
YBL063W 1 69
YBL062W 1 14
YBL061C 2 329
YBL060W 6 5674
YBL059C-A 1 10
YBL059W 1 10
YBL058W 8 141
YBL057C 4 373
YBL056W 2 20
YBL055C 4 7430
YBL054W 0 0
YBL053W 6 40
YBL052C 2 12
YBL051C 0 0
YBL050W 0 0
YBL049W 1 6
YBL048W 0 0
YBL047C 3 111
YBL046W 5 122
YBL045C 1 95
YBL044W 5 217
YBL043W 2 13
YBL042C 3 39
YBL041W 2 2
YBL040C 2 5
YBL039W-B 0 0
YBL039C 0 0
YBL039C-A 0 0
YBL038W 2 24
YBL037W 2 46
YBL036C 8 1181
YBL035C 0 0
YBL034C 0 0
YBL033C 2 37
YBL032W 3 26
YBL031W 3 599
YBL030C 3 15
YBL029C-A 3 18
YBL029W 1 29
YBL028C 7 942
YBL027W 0 0
YBL026W 1 1
YBL025W 2 19
YBL024W 9 272
YBL023C 0 0
YBL022C 1 25
YBL021C 8 1722
YBL020W 0 0
YBL019W 1 1
YBL018C 1 146
YBL017C 2 3
YBL016W 1 120
YBL015W 4 38
YBL014C 2 6
YBL013W 5 1973
YBL012C 1 1
YBL011W 2 19
YBL010C 4 149
YBL009W 4 64
YBL008W-A 0 0
YBL008W 0 0
YBL007C 8 1849
YBL006C 7 1088
YBL006W-A 0 0
YBL005W 1 7
YBL004W 1 59
YBL003C 4 10
YBL002W 4 141
YBL001C 5 159
YBR001C 4 484
YBR002C 3 169
YBR003W 2 108
YBR004C 3 7
YBR005W 2 41
YBR006W 3 13
YBR007C 4 176
YBR008C 4 75
YBR009C 4 18
YBR010W 6 40
YBR011C 3 184
YBR012C 0 0
YBR013C 1 1
YBR014C 1 13
YBR015C 1 38
YBR016W 0 0
YBR017C 1 9
YBR018C 2 69
YBR019C 1 2
YBR020W 0 0
YBR021W 0 0
YBR022W 1 1
YBR023C 2 14
YBR024W 1 5
YBR025C 0 0
YBR026C 3 14
YBR027C 0 0
YBR028C 0 0
YBR029C 1 17
YBR030W 2 6
YBR031W 6 43
YBR032W 5 146
YBR033W 4 17
YBR034C 5 1462
YBR035C 1 18
YBR036C 2 18
YBR037C 10 116
YBR038W 0 0
YBR039W 0 0
YBR040W 0 0
YBR041W 1 78
YBR042C 0 0
YBR043C 0 0
YBR044C 0 0
YBR045C 0 0
YBR046C 4 210
YBR047W 5 73
YBR048W 1 2
YBR049C 9 2390
YBR050C 2 5
YBR051W 0 0
YBR052C 2 24
YBR053C 6 914
YBR054W 0 0
YBR055C 2 13
YBR056W 2 24
YBR056W-A 1 5
YBR056C-B 7 753
YBR057C 1 17
YBR058C 3 87
YBR058C-A 4 37
YBR059C 1 2
YBR060C 2 152
YBR061C 5 108
YBR062C 3 38
YBR063C 1 42
YBR064W 0 0
YBR065C 1 1
YBR066C 0 0
YBR067C 0 0
YBR068C 3 60
YBR069C 4 64
YBR070C 6 101
YBR071W 8 864
YBR072W 1 1
YBR072C-A 3 43
YBR073W 5 1625
YBR074W 2 490
YBR076W 0 0
YBR076C-A 4 72
YBR077C 0 0
YBR078W 4 21040
YBR079C 1 1
YBR080C 1 4
YBR081C 4 81
YBR082C 6 405
YBR083W 4 16
YBR084W 3 198
YBR084C-A 1 15
YBR085W 0 0
YBR085C-A 3 53
YBR086C 0 0
YBR087W 4 67
YBR088C 1 1
YBR089W 4 98
YBR089C-A 4 12
YBR090C 4 575
YBR091C 3 47
YBR092C 0 0
YBR093C 1 24
YBR094W 0 0
YBR095C 9 174
YBR096W 1 2
YBR097W 1 120
YBR098W 6 165
YBR099C 5 89
YBR101C 5 109
YBR102C 0 0
YBR103W 1 1
YBR103C-A 5 1095
YBR104W 0 0
YBR105C 2 44
YBR106W 4 349
YBR107C 4 185
YBR108W 3 1097
YBR109C 2 58
YBR109W-A 2 7
YBR110W 0 0
YBR111C 4 169
YBR111W-A 5 61
YBR112C 0 0
YBR113W 0 0
YBR114W 2 5
YBR115C 1 24
YBR116C 6 191
YBR117C 2 9
YBR118W 5 84
YBR119W 6 165
YBR120C 0 0
YBR121C 1 8
YBR121C-A 0 0
YBR122C 6 103
YBR123C 3 18
YBR124W 0 0
YBR125C 4 14
YBR126C 0 0
YBR126W-A 8 84
YBR126W-B 4 294
YBR127C 4 62
YBR128C 4 104
YBR129C 1 1
YBR130C 1 4
YBR131W 2 66
YBR131C-A 0 0
YBR132C 5 36
YBR133C 3 4
YBR134W 0 0
YBR135W 2 43
YBR136W 4 23
YBR137W 0 0
YBR138C 0 0
YBR139W 6 591
YBR140C 0 0
YBR141C 4 14
YBR141W-A 3 69
YBR142W 2 9
YBR143C 4 90
YBR144C 4 105
YBR145W 5 24
YBR146W 0 0
YBR147W 3 105
YBR148W 2 3
YBR149W 6 641
YBR150C 4 105
YBR151W 1 17
YBR152W 0 0
YBR153W 2 2
YBR154C 1 1
YBR155W 3 453
YBR156C 4 230
YBR157C 2 8
YBR158W 0 0
YBR159W 0 0
YBR160W 0 0
YBR161W 0 0
YBR162C 5 288
YBR162W-A 10 332
YBR163W 3 96
YBR164C 1 3
YBR165W 0 0
YBR166C 0 0
YBR167C 2 13
YBR168W 4 108
YBR169C 1 1
YBR170C 0 0
YBR171W 2 750
YBR172C 4 18
YBR173C 4 61
YBR174C 1 2
YBR175W 2 13
YBR176W 0 0
YBR177C 0 0
YBR178W 1 2
YBR179C 0 0
YBR180W 1 12
YBR181C 1 11
YBR182C 5 366
YBR182C-A 7 182
YBR183W 3 42
YBR184W 0 0
YBR185C 0 0
YBR186W 1 61
YBR187W 1 17
YBR188C 0 0
YBR189W 1 4
YBR190W 3 193
YBR191W 0 0
YBR191W-A 0 0
YBR192W 0 0
YBR193C 2 18
YBR194W 0 0
YBR195C 3 402
YBR196C 0 0
YBR196C-A 2 42
YBR196C-B 2 48
YBR197C 4 26
YBR198C 0 0
YBR199W 1 3
YBR200W 1 2
YBR200W-A 2 2
YBR201W 0 0
YBR201C-A 2 47
YBR202W 0 0
YBR203W 2 9
YBR204C 4 233
YBR205W 4 165
YBR206W 2 72
YBR207W 1 23
YBR208C 0 0
YBR209W 2 56
YBR210W 2 4
YBR211C 1 2
YBR212W 0 0
YBR213W 2 39
YBR214W 3 122
YBR215W 3 3088
YBR216C 4 82
YBR217W 3 30
YBR218C 2 51
YBR219C 3 474
YBR220C 2 64
YBR221C 2 2
YBR221W-A 6 247
YBR222C 3 51
YBR223C 0 0
YBR223W-A 2 245
YBR224W 0 0
YBR225W 1 6
YBR226C 0 0
YBR227C 1 42
YBR228W 2 476
YBR229C 5 20
YBR230C 7 661
YBR230W-A 6 188
YBR231C 2 6
YBR232C 3 46
YBR233W 1 1
YBR233W-A 4 38
YBR234C 2 31
YBR235W 2 11
YBR236C 2 59
YBR237W 2 249
YBR238C 2 85
YBR239C 1 4
YBR240C 3 84
YBR241C 2 2
YBR242W 2 5
YBR243C 6 352
YBR244W 0 0
YBR245C 2 104
YBR246W 4 197
YBR247C 0 0
YBR248C 2 41
YBR249C 2 3
YBR250W 0 0
YBR251W 1 3
YBR252W 2 10
YBR253W 5 20
YBR254C 8 965
YBR255W 9 822
YBR255C-A 11 1110
YBR256C 8 177
YBR257W 0 0
YBR258C 4 56
YBR259W 4 40
YBR260C 4 74
YBR261C 3 42
YBR262C 1 3
YBR263W 9 229
YBR264C 2 26
YBR265W 1 13
YBR267W 3 61
YBR266C 5 33
YBR268W 8 269
YBR269C 3 42
YBR270C 1 6
YBR271W 1 2
YBR272C 3 9974
YBR273C 3 271
YBR274W 1 2
YBR275C 0 0
YBR276C 0 0
YBR277C 4 112
YBR278W 3 29
YBR279W 0 0
YBR280C 2 18
YBR281C 6 83
YBR282W 4 255
YBR283C 2 19
YBR284W 7 1648
YBR285W 0 0
YBR286W 2 15
YBR287W 4 194
YBR288C 5 26
YBR289W 2 14
YBR290W 7 875
YBR291C 0 0
YBR292C 2 16
YBR293W 4 47
YBR294W 0 0
YBR295W 1 1
YBR296C 2 58
YBR296C-A 4 230
YBR297W 7 659
YBR298C 0 0
YBR298C-A 0 0
YBR299W 1 6
YBR300C 0 0
YBR301W 0 0
YBR302C 0 0
YCL076W 2 5
YCL073C 1 1
YCL069W 0 0
YCL068C 0 0
YCL067C 0 0
YCL066W 0 0
YCL065W 0 0
YCL064C 3 48
YCL063W 3 48
YCL061C 3 86
YCL059C 2 138
YCL058C 2 8690
YCL058W-A 2 36
YCL057C-A 4 5816
YCL057W 3 55
YCL056C 1 1
YCL055W 0 0
YCL054W 2 89
YCL052C 1 28
YCL051W 1 14
YCL050C 2 98
YCL049C 7 512
YCL048W-A 0 0
YCL048W 0 0
YCL047C 5 29
YCL045C 9 197
YCL046W 0 0
YCL044C 3 185
YCL043C 1 2
YCL041C 7 394
YCL042W 3 4
YCL040W 3 10
YCL039W 6 212
YCL038C 3 364
YCL037C 1 69
YCL036W 10 263
YCL035C 2 5
YCL034W 4 198
YCL033C 4 92
YCL032W 1 27
YCL031C 2 37
YCL030C 5 137
YCL029C 3 153
YCL028W 9 414
YCL027W 1 27
YCL026C-B 3 86
YCL026C-A 4 833
YCL025C 3 105
YCL023C 2 130
YCL024W 2 17
YCL022C 0 0
YCL021W-A 0 0
YCL018W 4 9850
YCL017C 0 0
YCL016C 2 4
YCL014W 2 13
YCL012C 3 42
YCL011C 4 73
YCL010C 11 699
YCL009C 3 599
YCL008C 5 287
YCL007C 2 10
YCL005W-A 4 75
YCL005W 7 59
YCL004W 4 255
YCL002C 4 318
YCL001W 3 31
YCL001W-A 1 21
YCL001W-B 2 10
YCR001W 5 82
YCR002C 1 2
YCR003W 7 210
YCR004C 0 0
YCR005C 3 300
YCR006C 5 488
YCR007C 0 0
YCR008W 0 0
YCR009C 2 15
YCR010C 1 2
YCR011C 0 0
YCR012W 4 83
YCR013C 1 32
YCR014C 6 201
YCR015C 3 80
YCR016W 2 9
YCR017C 4 1745
YCR018C 1 3
YCR018C-A 8 233
YCR019W 2 46
YCR020C 0 0
YCR020C-A 6 100
YCR020W-B 1 1
YCR021C 0 0
YCR022C 7 451
YCR023C 3 24
YCR024C 4 26
YCR024C-B 1 21
YCR024C-A 1 1
YCR025C 10 1623
YCR026C 3 256
YCR027C 3 29
YCR028C 2 19
YCR028C-A 2 84
YCR030C 2 84
YCR031C 3 45
YCR032W 0 0
YCR033W 0 0
YCR034W 1 1
YCR035C 3 16
YCR036W 8 147
YCR037C 2 151
YCR038C 0 0
YCR038W-A 0 0
YCR039C 0 0
YCR040W 0 0
YCR041W 0 0
YCR042C 0 0
YCR043C 3 528
YCR044C 4 1312
YCR045C 3 50
YCR045W-A 0 0
YCR046C 7 653
YCR047C 0 0
YCR047W-A 2 6
YCR049C 4 24
YCR048W 1 39
YCR050C 0 0
YCR051W 3 8
YCR052W 4 33
YCR053W 3 192
YCR054C 2 46
YCR057C 3 71
YCR059C 11 4046
YCR060W 7 3923
YCR061W 8 834
YCR064C 4 18
YCR063W 3 14
YCR065W 2 57
YCR066W 6 207
YCR067C 0 0
YCR068W 2 74
YCR069W 1 1
YCR071C 4 148
YCR072C 4 237
YCR073C 0 0
YCR073W-A 7 113
YCR075C 4 279
YCR075W-A 2 101
YCR076C 5 81
YCR077C 4 51
YCR079W 5 220
YCR081W 1 26
YCR081C-A 7 4637
YCR082W 4 291
YCR083W 6 49
YCR084C 2 80
YCR085W 0 0
YCR086W 0 0
YCR087W 0 0
YCR087C-A 1 526
YCR088W 4 1096
YCR089W 0 0
YCR090C 3 22
YCR091W 3 129
YCR092C 2 37
YCR093W 7 171
YCR094W 1 1
YCR095C 2 85
YCR095W-A 2 19
YCR096C 0 0
YCR097W 1 2
YCR097W-A 0 0
YCR098C 1 3
YCR099C 1 43
YCR100C 2 219
YCR101C 3 15
YCR102C 3 34
YCR102W-A 0 0
YCR104W 0 0
YCR105W 0 0
YCR106W 8 44
YCR107W 1 15
YCR108C 14 489
YDL248W 1 1
YDL247W-A 0 0
YDL247W 0 0
YDL246C 0 0
YDL245C 0 0
YDL244W 0 0
YDL243C 3 20
YDL242W 7 875
YDL241W 1 12
YDL240C-A 0 0
YDL240W 4 147
YDL239C 1 49
YDL238C 2 22
YDL237W 3 4
YDL236W 2 11
YDL235C 0 0
YDL234C 1 26
YDL233W 1 31
YDL232W 9 237
YDL231C 0 0
YDL230W 1 56
YDL229W 5 189
YDL228C 6 21
YDL227C 1 4
YDL226C 4 123
YDL225W 3 13
YDL224C 1 8
YDL223C 1 36
YDL222C 0 0
YDL221W 2 10
YDL220C 7 87
YDL219W 4 83
YDL218W 3 15
YDL217C 3 68
YDL216C 5 46
YDL215C 3 250
YDL214C 0 0
YDL213C 2 49
YDL212W 7 364
YDL211C 0 0
YDL210W 1 1
YDL209C 3 17
YDL208W 7 186
YDL207W 3 6
YDL206W 1 78
YDL205C 4 23
YDL204W 4 76
YDL203C 1 25
YDL202W 1 10
YDL201W 1 13
YDL200C 8 982
YDL199C 3 4
YDL198C 4 195
YDL197C 3 38
YDL196W 6 451
YDL195W 2 38
YDL194W 0 0
YDL193W 0 0
YDL192W 1 49
YDL191W 1 3
YDL190C 3 36
YDL189W 1 2
YDL188C 2 5
YDL187C 2 33
YDL186W 1 14
YDL185C-A 0 0
YDL185W 0 0
YDL184C 12 805
YDL183C 1 3
YDL182W 4 28
YDL181W 1 2
YDL180W 2 21
YDL179W 1 8
YDL178W 0 0
YDL177C 1 10
YDL176W 3 54
YDL175C 6 629
YDL174C 8 237
YDL173W 8 29
YDL172C 1 32
YDL171C 1 21
YDL170W 8 284
YDL169C 7 207
YDL168W 5 2773
YDL167C 3 119
YDL166C 0 0
YDL165W 0 0
YDL164C 1 13
YDL163W 1 7
YDL162C 1 1
YDL161W 3 56
YDL160C-A 3 28
YDL160C 0 0
YDL159W-A 1 3
YDL159W 6 236
YDL159C-B 1 10
YDL158C 1 104
YDL157C 3 834
YDL156W 2 6
YDL155W 0 0
YDL154W 2 16
YDL153C 0 0
YDL152W 0 0
YDL151C 0 0
YDL150W 0 0
YDL149W 2 22
YDL148C 2 3
YDL147W 2 16
YDL146W 0 0
YDL145C 1 2
YDL144C 3 873
YDL143W 6 91
YDL142C 4 175
YDL141W 3 135
YDL140C 0 0
YDL139C 6 1758
YDL138W 3 417
YDL137W 3 175
YDL136W 3 78
YDL135C 4 34
YDL134C 1 3
YDL133C-A 6 135
YDL133W 0 0
YDL132W 0 0
YDL131W 4 85
YDL130W-A 6 363
YDL130W 0 0
YDL129W 2 424
YDL128W 2 68
YDL127W 3 21
YDL126C 2 64
YDL125C 6 85
YDL124W 10 2219
YDL123W 6 9541
YDL122W 1 33
YDL121C 9 397
YDL120W 0 0
YDL119C 2 26
YDL118W 3 34
YDL117W 2 30
YDL116W 1 6
YDL115C 0 0
YDL114W-A 0 0
YDL114W 1 2
YDL113C 3 25
YDL112W 1 8
YDL111C 0 0
YDL110C 5 221
YDL109C 2 251
YDL108W 2 14
YDL107W 0 0
YDL106C 2 336
YDL105W 3 262
YDL104C 3 81
YDL103C 2 28
YDL102W 3 27
YDL101C 2 143
YDL100C 7 473
YDL099W 2 53
YDL098C 5 23
YDL097C 0 0
YDL096C 0 0
YDL095W 1 13
YDL094C 2 58
YDL093W 4 131
YDL092W 5 1060
YDL091C 1 2
YDL090C 3 886
YDL089W 1 42
YDL088C 3 156
YDL087C 2 6
YDL086W 2 56
YDL086C-A 0 0
YDL085C-A 7 134
YDL085W 5 35
YDL084W 0 0
YDL083C 3 147
YDL082W 1 4
YDL081C 0 0
YDL080C 1 32
YDL079C 6 173
YDL078C 4 32
YDL077C 3 108
YDL076C 0 0
YDL075W 1 4
YDL074C 1 1
YDL073W 3 77
YDL072C 6 1247
YDL071C 0 0
YDL070W 3 42
YDL069C 0 0
YDL068W 2 32
YDL067C 3 42
YDL066W 12 236
YDL065C 1 1
YDL064W 5 298
YDL063C 1 74
YDL062W 0 0
YDL061C 1 23
YDL060W 2 21
YDL059C 1 6
YDL058W 1 1466
YDL057W 2 69
YDL056W 0 0
YDL055C 0 0
YDL054C 0 0
YDL053C 3 15
YDL052C 3 90
YDL051W 1 14
YDL050C 1 2
YDL049C 4 37
YDL048C 4 91
YDL047W 2 88
YDL046W 1 3
YDL045W-A 2 27
YDL045C 0 0
YDL044C 2 157
YDL043C 3 26
YDL042C 4 1699
YDL041W 3 145
YDL040C 2 393
YDL039C 4 308
YDL037C 3 27
YDL036C 3 47
YDL035C 1 7
YDL034W 2 77
YDL033C 1 3
YDL032W 3 57
YDL031W 1 12
YDL030W 2 92
YDL029W 1 4
YDL028C 2 36
YDL027C 1 1
YDL026W 0 0
YDL025C 0 0
YDL025W-A 0 0
YDL024C 2 4
YDL022C-A 1 1
YDL023C 2 5
YDL022W 2 18
YDL021W 7 24053
YDL020C 1 35
YDL019C 2 3
YDL018C 1 1
YDL017W 1 127
YDL016C 0 0
YDL015C 1 1
YDL014W 0 0
YDL013W 0 0
YDL012C 9 400
YDL011C 0 0
YDL010W 3 127
YDL009C 2 13
YDL008W 6 717
YDL007C-A 2 18
YDL007W 4 15
YDL006W 0 0
YDL005C 2 64
YDL004W 3 36
YDL003W 0 0
YDL002C 1 55
YDL001W 2 18
YDR001C 1 3
YDR002W 2 19
YDR003W 3 102
YDR003W-A 0 0
YDR004W 7 407
YDR005C 1 164
YDR006C 1 4
YDR007W 6 37
YDR008C 1 10
YDR009W 6 71
YDR010C 3 401
YDR011W 2 10
YDR012W 3 8
YDR013W 2 11
YDR014W 1 24
YDR014W-A 2 19
YDR015C 1 79
YDR016C 5 148
YDR017C 1 22
YDR018C 8 370
YDR019C 5 9011
YDR020C 0 0
YDR021W 0 0
YDR022C 12 1039
YDR023W 2 32
YDR024W 0 0
YDR025W 0 0
YDR026C 3 16
YDR027C 0 0
YDR028C 0 0
YDR029W 0 0
YDR030C 2 16
YDR031W 7 136
YDR032C 0 0
YDR033W 0 0
YDR034C 3 112
YDR034C-A 1 2
YDR034W-B 0 0
YDR035W 6 213
YDR036C 4 129
YDR037W 1 13
YDR038C 0 0
YDR039C 0 0
YDR040C 0 0
YDR041W 5 139
YDR042C 3 12
YDR043C 1 14
YDR044W 4 19
YDR045C 0 0
YDR046C 0 0
YDR047W 1 13
YDR048C 3 82
YDR049W 6 513
YDR050C 1 6
YDR051C 5 45
YDR052C 1 2
YDR053W 0 0
YDR054C 0 0
YDR055W 2 4
YDR056C 2 528
YDR057W 4 271
YDR058C 3 746
YDR059C 5 615
YDR060W 2 104
YDR061W 3 24
YDR062W 1 32
YDR063W 2 11
YDR064W 0 0
YDR065W 1 15
YDR066C 1 2
YDR067C 2 44
YDR068W 5 150
YDR069C 5 1036
YDR070C 3 13
YDR071C 2 49
YDR072C 1 1
YDR073W 2 250
YDR074W 2 63
YDR075W 1 4
YDR076W 2 12
YDR077W 1 12
YDR078C 2 3
YDR079W 3 60
YDR079C-A 4 209
YDR080W 2 95
YDR081C 0 0
YDR082W 3 44
YDR083W 3 10
YDR084C 2 113
YDR085C 2 13
YDR086C 0 0
YDR087C 6 156
YDR088C 0 0
YDR089W 8 139
YDR090C 1 7
YDR091C 1 4
YDR092W 1 44
YDR093W 0 0
YDR094W 15 1274
YDR095C 7 324
YDR096W 1 1
YDR097C 0 0
YDR098C 14 302
YDR099W 0 0
YDR100W 8 762
YDR101C 2 28
YDR102C 2 41
YDR103W 2 51
YDR104C 2 5
YDR105C 2 21
YDR106W 3 27
YDR107C 1 1
YDR108W 2 47
YDR109C 7 142
YDR110W 3 139
YDR111C 3 87
YDR112W 1 37
YDR113C 1 7
YDR114C 2 58
YDR115W 5 148
YDR116C 1 1
YDR117C 2 14
YDR118W 2 7
YDR118W-A 1 89
YDR119W 2 14
YDR119W-A 6 207
YDR120C 8 831
YDR121W 1 1
YDR122W 1 22
YDR123C 3 77
YDR124W 4 4555
YDR125C 2 61
YDR126W 4 180
YDR127W 2 24
YDR128W 3 27
YDR129C 4 56
YDR130C 3 190
YDR131C 1 9
YDR132C 1 5
YDR133C 1 64
YDR135C 3 52
YDR136C 2 70
YDR137W 1 32
YDR138W 4 38
YDR139C 2 5
YDR140W 5 254
YDR141C 4 63
YDR142C 3 11
YDR143C 0 0
YDR144C 0 0
YDR145W 5 113
YDR146C 0 0
YDR147W 4 6
YDR148C 4 112
YDR149C 1 1
YDR150W 1 3
YDR151C 1 13
YDR152W 7 360
YDR153C 6 167
YDR154C 4 19
YDR155C 1 1
YDR156W 0 0
YDR157W 2 29
YDR158W 1 17
YDR159W 0 0
YDR160W 0 0
YDR161W 0 0
YDR162C 0 0
YDR163W 0 0
YDR164C 1 65
YDR165W 1 7
YDR166C 1 9
YDR167W 1 1
YDR168W 2 92
YDR169C 0 0
YDR169C-A 4 170
YDR170C 0 0
YDR171W 2 45
YDR172W 2 1047
YDR173C 6 54
YDR174W 6 1387
YDR175C 1 7
YDR176W 3 58
YDR177W 1 6
YDR178W 5 119
YDR179C 4 138
YDR179W-A 0 0
YDR180W 1 1
YDR181C 2 378
YDR182W 1 16
YDR182W-A 2 630
YDR183W 3 34
YDR183C-A 0 0
YDR184C 3 71
YDR185C 1 10
YDR186C 4 60
YDR187C 1 4
YDR188W 8 278
YDR189W 0 0
YDR190C 1 15
YDR191W 2 32
YDR192C 1 1
YDR193W 1 1
YDR194C 3 552
YDR194W-A 4 556
YDR195W 1 2
YDR196C 1 1
YDR197W 3 76
YDR198C 5 113
YDR199W 1 32
YDR200C 3 5
YDR201W 13 395
YDR202C 2 462
YDR203W 0 0
YDR204W 4 429
YDR205W 8 544
YDR206W 1 1
YDR207C 0 0
YDR208W 0 0
YDR209C 0 0
YDR210W 4 19
YDR211W 2 15
YDR212W 0 0
YDR213W 1 103
YDR214W 1 104
YDR215C 2 27
YDR216W 1 2
YDR217C 3 90
YDR218C 2 30
YDR219C 0 0
YDR220C 0 0
YDR221W 2 137
YDR222W 2 51
YDR223W 0 0
YDR224C 1 24
YDR225W 3 107
YDR226W 0 0
YDR227W 0 0
YDR228C 1 16
YDR229W 3 65
YDR230W 0 0
YDR231C 12 1646
YDR232W 0 0
YDR233C 5 271
YDR234W 2 17
YDR235W 1 5
YDR236C 7 370
YDR237W 1 5
YDR238C 0 0
YDR239C 0 0
YDR240C 2 144
YDR241W 0 0
YDR242W 0 0
YDR243C 6 251
YDR244W 5 64
YDR245W 0 0
YDR246W 0 0
YDR246W-A 8 192
YDR247W 0 0
YDR248C 0 0
YDR249C 1 9
YDR250C 0 0
YDR251W 1 20
YDR252W 6 49
YDR253C 0 0
YDR254W 2 60
YDR255C 1 2
YDR256C 0 0
YDR257C 4 57
YDR258C 9 873
YDR259C 0 0
YDR260C 5 128
YDR261C 0 0
YDR262W 2 6
YDR263C 2 101
YDR264C 0 0
YDR265W 4 134
YDR266C 1 1
YDR267C 1 14
YDR268W 1 275
YDR269C 0 0
YDR270W 2 141
YDR271C 2 95
YDR272W 1 59
YDR273W 0 0
YDR274C 14 1390
YDR275W 10 2980
YDR276C 4 53
YDR277C 5 527
YDR278C 3 22
YDR279W 1 2
YDR280W 1 1
YDR281C 0 0
YDR282C 10 1753
YDR283C 1 10
YDR284C 3 44
YDR285W 0 0
YDR286C 4 184
YDR287W 3 8
YDR288W 4 128
YDR289C 1 3
YDR290W 0 0
YDR291W 3 348
YDR292C 0 0
YDR293C 1 2
YDR294C 2 101
YDR295C 0 0
YDR296W 2 3
YDR297W 1 2
YDR298C 1 1
YDR299W 3 399
YDR300C 1 1
YDR301W 2 41
YDR302W 4 35
YDR303C 2 17
YDR304C 4 21
YDR305C 6 167
YDR306C 5 261
YDR307W 1 1180
YDR308C 0 0
YDR309C 4 65
YDR310C 0 0
YDR311W 3 14
YDR312W 4 1110
YDR313C 3 172
YDR314C 3 13
YDR315C 5 6
YDR316W 4 23
YDR317W 4 55
YDR318W 1 1
YDR319C 2 7
YDR320C 1 3
YDR320C-A 4 46
YDR320W-B 0 0
YDR321W 6 851
YDR322W 2 22
YDR322C-A 5 179
YDR323C 2 30
YDR324C 3 208
YDR325W 6 265
YDR326C 2 49
YDR327W 12 2098
YDR328C 1 22
YDR329C 9 1463
YDR330W 2 24
YDR331W 7 288
YDR332W 2 201
YDR333C 9 170
YDR334W 1 13
YDR335W 0 0
YDR336W 5 232
YDR337W 3 43
YDR338C 2 12
YDR339C 0 0
YDR340W 1 1
YDR341C 0 0
YDR342C 0 0
YDR343C 0 0
YDR344C 4 115
YDR345C 0 0
YDR346C 1 3
YDR347W 0 0
YDR348C 0 0
YDR349C 1 8
YDR350C 4 74
YDR351W 0 0
YDR352W 1 18
YDR353W 2 11
YDR354W 1 2
YDR354C-A 0 0
YDR355C 0 0
YDR356W 6 621
YDR357C 4 162
YDR358W 2 62
YDR359C 1 6
YDR360W 0 0
YDR361C 3 60
YDR362C 1 21
YDR363W 2 7
YDR363W-A 9 774
YDR364C 2 44
YDR365C 2 24
YDR366C 2 24
YDR367W 2 24
YDR368W 1 16
YDR369C 2 51
YDR370C 3 50
YDR371W 7 140
YDR371C-A 0 0
YDR372C 0 0
YDR373W 1 5
YDR374C 2 144
YDR374W-A 6 36
YDR375C 7 206
YDR376W 3 5
YDR377W 1 3
YDR378C 7 42
YDR379W 2 5
YDR379C-A 6 324
YDR380W 4 60
YDR381W 0 0
YDR381C-A 1 16
YDR382W 1 56
YDR383C 5 299
YDR384C 1 1
YDR385W 4 116
YDR386W 7 1201
YDR387C 1 1
YDR388W 3 49
YDR389W 1 1
YDR390C 6 509
YDR391C 2 9
YDR392W 10 195
YDR393W 7 442
YDR394W 1 29
YDR395W 0 0
YDR396W 3 87
YDR397C 3 258
YDR398W 2 17
YDR399W 5 131
YDR400W 0 0
YDR401W 2 16
YDR402C 0 0
YDR403W 0 0
YDR404C 2 10
YDR405W 7 41
YDR406W 11 263
YDR406W-A 1 1
YDR407C 2 3
YDR408C 1 16
YDR409W 1 21
YDR410C 1 16
YDR411C 3 116
YDR412W 1 55
YDR413C 0 0
YDR414C 0 0
YDR415C 1 72
YDR416W 1 5
YDR417C 0 0
YDR418W 1 9
YDR419W 8 1332
YDR420W 1 17
YDR421W 5 101
YDR422C 1 3
YDR423C 4 123
YDR424C 2 721
YDR425W 2 76
YDR426C 6 149
YDR427W 4 34
YDR428C 2 146
YDR429C 5 131
YDR430C 2 19
YDR431W 2 3
YDR432W 0 0
YDR433W 3 5
YDR434W 0 0
YDR435C 2 7
YDR436W 2 27
YDR437W 0 0
YDR438W 2 89
YDR439W 0 0
YDR440W 0 0
YDR441C 6 249
YDR442W 3 180
YDR443C 1 7
YDR444W 0 0
YDR445C 1 5
YDR446W 3 309
YDR447C 1 12
YDR448W 1 37
YDR449C 5 24
YDR450W 0 0
YDR451C 2 174
YDR452W 1 1
YDR453C 2 11
YDR454C 0 0
YDR455C 2 58
YDR456W 4 212
YDR457W 1 2
YDR458C 1 4
YDR459C 1 52
YDR460W 3 36
YDR461W 5 144
YDR461C-A 0 0
YDR462W 1 1
YDR463W 6 221
YDR464W 2 34
YDR464C-A 0 0
YDR465C 2 185
YDR466W 0 0
YDR467C 2 18
YDR468C 4 104
YDR469W 4 175
YDR470C 0 0
YDR471W 5 235
YDR472W 2 29
YDR473C 3 41
YDR475C 1 8
YDR476C 10 575
YDR477W 0 0
YDR478W 1 85
YDR479C 4 159
YDR480W 2 9
YDR481C 3 80
YDR482C 7 97
YDR483W 2 20
YDR484W 0 0
YDR485C 3 22
YDR486C 5 370
YDR487C 3 123
YDR488C 2 16
YDR489W 0 0
YDR490C 3 24
YDR491C 1 5
YDR492W 5 61
YDR493W 2 25
YDR494W 2 96
YDR495C 3 152
YDR496C 0 0
YDR497C 2 58
YDR498C 4 39
YDR499W 1 4
YDR500C 6 189
YDR501W 0 0
YDR502C 3 182
YDR503C 2 18
YDR504C 1 20
YDR505C 0 0
YDR506C 5 21
YDR507C 2 3
YDR508C 2 3
YDR509W 2 26
YDR510W 4 38
YDR510C-A 3 37
YDR511W 1 18
YDR512C 1 7
YDR513W 1 17
YDR514C 2 375
YDR515W 2 2
YDR516C 7 262
YDR517W 0 0
YDR518W 3 67
YDR519W 1 8
YDR520C 1 17
YDR521W 1 82
YDR522C 8 728
YDR523C 1 1
YDR524C 4 126
YDR524W-C 5 222
YDR524C-B 5 47
YDR524C-A 1 41
YDR525W 5 47
YDR525W-A 10 640
YDR526C 3 238
YDR527W 3 21
YDR528W 0 0
YDR529C 4 78
YDR530C 8 272
YDR531W 2 8
YDR532C 1 1
YDR533C 2 23
YDR534C 0 0
YDR535C 11 1079
YDR536W 5 49
YDR537C 3 38
YDR538W 0 0
YDR539W 2 6
YDR540C 0 0
YDR541C 2 17
YDR542W 1 1
YDR543C 1 6
YDR544C 0 0
YDR545W 0 0
YDR545C-A 0 0
YEL077C 0 0
YEL077W-A 3 31
YEL076C-A 0 0
YEL076C 0 0
YEL075W-A 0 0
YEL075C 0 0
YEL074W 2 4
YEL073C 1 6
YEL072W 2 31
YEL071W 2 9
YEL070W 2 192
YEL069C 2 78
YEL068C 4 625
YEL067C 1 3
YEL066W 10 2566
YEL065W 1 29
YEL064C 1 41
YEL063C 2 5
YEL062W 4 153
YEL061C 0 0
YEL060C 7 557
YEL059C-A 3 19
YEL059W 4 22
YEL058W 4 114
YEL057C 1 35
YEL056W 3 95
YEL055C 1 6
YEL054C 0 0
YEL053W-A 1 1
YEL053C 0 0
YEL052W 3 65
YEL051W 5 29
YEL050W-A 3 41
YEL050C 1 28
YEL049W 1 26
YEL048C 2 4
YEL047C 3 40
YEL046C 6 134
YEL045C 9 424
YEL044W 2 3
YEL043W 2 2
YEL042W 3 19
YEL041W 0 0
YEL040W 2 23
YEL039C 3 21
YEL038W 7 49
YEL037C 3 40
YEL036C 0 0
YEL035C 6 138
YEL034C-A 2 35
YEL034W 7 139
YEL033W 3 53
YEL032W 2 40
YEL032C-A 1 1
YEL031W 3 101
YEL030C-A 1 1
YEL030W 2 37
YEL029C 0 0
YEL028W 1 10
YEL027W 0 0
YEL026W 0 0
YEL025C 7 99
YEL024W 0 0
YEL023C 1 3
YEL022W 0 0
YEL021W 7 102
YEL020C-B 1 29
YEL020W-A 4 124
YEL020C 1 16
YEL019C 3 49
YEL018C-A 0 0
YEL018W 3 73
YEL017C-A 3 67
YEL017W 4 44
YEL016C 1 8
YEL015W 1 1
YEL014C 1 44
YEL013W 0 0
YEL012W 0 0
YEL011W 3 35
YEL010W 4 26
YEL009C-A 0 0
YEL009C 1 25
YEL008W 6 409
YEL008C-A 7 1180
YEL007W 7 154
YEL006W 2 2
YEL005C 5 1207
YEL004W 4 682
YEL003W 3 38
YEL002C 4 1651
YEL001C 6 761
YER001W 1 20
YER002W 1 2
YER003C 6 1776
YER004W 4 62
YER005W 1 120
YER006W 4 208
YER006C-A 3 84
YER007W 3 132
YER007C-A 3 14
YER008C 0 0
YER009W 0 0
YER010C 5 16
YER011W 0 0
YER012W 0 0
YER013W 1 2
YER014W 1 292
YER014C-A 0 0
YER015W 3 12
YER016W 3 34
YER017C 2 135
YER018C 2 18
YER019W 5 97
YER019C-A 7 118
YER020W 2 14
YER021W 4 5
YER022W 0 0
YER023W 3 52
YER023C-A 1 1
YER024W 0 0
YER025W 0 0
YER026C 1 1
YER027C 1 1
YER028C 2 38
YER029C 1 27
YER030W 4 598
YER031C 3 28
YER032W 1 29
YER033C 6 124
YER034W 5 3138
YER035W 7 77
YER036C 2 13
YER037W 7 63
YER038C 7 594
YER038W-A 0 0
YER039C 0 0
YER039C-A 7 310
YER040W 1 2
YER041W 2 27
YER042W 5 19
YER043C 2 25
YER044C 0 0
YER044C-A 1 18
YER045C 4 288
YER046W 5 41
YER046W-A 0 0
YER047C 0 0
YER048C 1 11
YER048W-A 1 2
YER049W 2 32
YER050C 2 50
YER051W 4 28
YER052C 1 1
YER053C 7 134
YER053C-A 6 191
YER054C 0 0
YER055C 0 0
YER056C 3 53
YER056C-A 0 0
YER057C 1 9
YER058W 5 423
YER059W 0 0
YER060W 0 0
YER060W-A 0 0
YER061C 3 41
YER062C 1 9
YER063W 0 0
YER064C 1 6
YER065C 0 0
YER066W 1 1
YER066C-A 5 86
YER067W 5 358
YER067C-A 4 191
YER068W 0 0
YER068C-A 1 19
YER069W 10 438
YER070W 1 2
YER071C 0 0
YER072W 3 55
YER073W 3 29
YER074W 2 4
YER074W-A 3 13
YER075C 4 26
YER076C 0 0
YER076W-A 0 0
YER077C 2 5
YER078C 0 0
YER078W-A 4 175
YER079W 1 6
YER079C-A 1 60
YER080W 5 429
YER081W 3 82
YER082C 0 0
YER083C 5 269
YER084W 1 3
YER084W-A 0 0
YER085C 1 87
YER086W 0 0
YER087W 1 6
YER087C-A 4 77
YER087C-B 3 56
YER088C 7 52
YER088C-A 3 47
YER088W-B 15 1190
YER089C 1 95
YER090W 2 33
YER090C-A 2 3
YER091C 0 0
YER091C-A 4 114
YER092W 5 317
YER093C 0 0
YER093C-A 1 7
YER094C 1 2
YER095W 0 0
YER096W 0 0
YER097W 6 737
YER098W 4 260
YER099C 1 6
YER100W 0 0
YER101C 8 459
YER102W 2 19
YER103W 2 3
YER104W 0 0
YER105C 0 0
YER106W 0 0
YER107C 1 39
YER107W-A 1 21
YER109C 2 115
YER110C 2 8
YER111C 0 0
YER112W 0 0
YER113C 4 219
YER114C 0 0
YER115C 1 578
YER116C 1 1
YER117W 0 0
YER118C 1 4
YER119C 3 261
YER119C-A 0 0
YER120W 4 44
YER121W 2 21
YER122C 2 14
YER123W 1 41
YER124C 1 4
YER125W 1 5
YER126C 0 0
YER127W 3 17
YER128W 5 66
YER129W 1 2
YER130C 3 149
YER131W 2 428
YER132C 2 9
YER133W 0 0
YER133W-A 0 0
YER134C 4 26
YER135C 1 13
YER136W 1 50
YER137C 4 212
YER137W-A 1 56
YER138W-A 0 0
YER139C 1 28
YER140W 5 131
YER141W 1 44
YER142C 2 3
YER143W 3 49
YER144C 9 150
YER145C 4 50
YER145C-A 4 20
YER146W 9 633
YER147C 3 304
YER147C-A 0 0
YER148W 0 0
YER148W-A 0 0
YER149C 4 43
YER150W 3 47
YER151C 1 1
YER152C 1 67
YER152W-A 2 45
YER153C 3 309
YER154W 8 132
YER155C 1 2
YER156C 7 200
YER157W 4 10
YER158C 5 143
YER158W-A 10 1727
YER159C 5 232
YER161C 5 36
YER162C 4 271
YER163C 2 1359
YER164W 0 0
YER165W 2 14
YER165C-A 1 27
YER166W 0 0
YER167W 2 68
YER168C 2 44
YER169W 6 180
YER170W 3 81
YER171W 1 53
YER172C 1 1
YER172C-A 2 9
YER173W 2 18
YER174C 3 12
YER175C 4 112
YER175W-A 0 0
YER176W 4 56
YER177W 1 5
YER178W 11 181
YER179W 1 23
YER180C 2 38
YER180C-A 5 109
YER181C 0 0
YER182W 2 139
YER183C 2 88
YER184C 0 0
YER185W 4 30
YER186C 3 187
YER187W 3 42
YER188W 0 0
YER188C-A 6 375
YER189W 0 0
YER190W 0 0
YER190C-A 0 0
YER190C-B 0 0
YFL068W 0 0
YFL067W 0 0
YFL066C 0 0
YFL065C 0 0
YFL064C 0 0
YFL063W 2 273
YFL062W 1 4
YFL061W 0 0
YFL060C 0 0
YFL059W 3 19
YFL058W 0 0
YFL057C 2 12
YFL056C 0 0
YFL055W 3 238
YFL054C 4 280
YFL053W 1 4
YFL052W 4 72
YFL051C 2 18
YFL050C 0 0
YFL049W 0 0
YFL048C 2 70
YFL047W 9 3424
YFL046W 4 130
YFL045C 0 0
YFL044C 1 8
YFL042C 6 70
YFL041W-A 0 0
YFL041W 4 1311
YFL040W 1 3
YFL039C 5 135
YFL038C 4 162
YFL037W 1 1
YFL036W 4 120
YFL034C-B 2 16
YFL034C-A 0 0
YFL034W 2 2
YFL033C 0 0
YFL032W 0 0
YFL031W 1 330
YFL031C-A 1 2
YFL030W 0 0
YFL029C 0 0
YFL028C 3 781
YFL027C 0 0
YFL026W 0 0
YFL025C 0 0
YFL024C 3 27
YFL023W 5 92
YFL022C 6 34
YFL021C-A 1 2
YFL021W 6 72
YFL020C 0 0
YFL019C 0 0
YFL018C 7 180
YFL017W-A 6 167
YFL017C 5 245
YFL016C 2 7
YFL015W-A 4 2789
YFL015C 6 269
YFL014W 2 22
YFL013W-A 5 267
YFL013C 1 1
YFL012W-A 0 0
YFL012W 0 0
YFL011W 1 4
YFL010W-A 0 0
YFL010C 2 33
YFL009W 0 0
YFL008W 3 47
YFL007W 0 0
YFL005W 5 16
YFL004W 1 143
YFL003C 1 3
YFL002C 5 699
YFL001W 8 1703
YFR001W 0 0
YFR002W 4 125
YFR003C 3 48
YFR004W 3 154
YFR005C 3 169
YFR006W 5 2021
YFR007W 4 83
YFR008W 0 0
YFR009W 1 1
YFR009W-A 1 22
YFR010W 2 6
YFR010W-A 2 33
YFR011C 6 67
YFR012W 3 8
YFR012W-A 1 6
YFR013W 3 49
YFR014C 1 1
YFR015C 1 2
YFR016C 0 0
YFR017C 8 118
YFR018C 2 3
YFR019W 4 83
YFR020W 0 0
YFR021W 0 0
YFR022W 1 4
YFR023W 0 0
YFR024C-A 9 642
YFR025C 4 22
YFR026C 3 55
YFR027W 6 148
YFR028C 4 91
YFR029W 4 619
YFR030W 4 91
YFR031C 3 15
YFR031C-A 0 0
YFR032C 2 1864
YFR032C-A 2 71
YFR032C-B 3 4
YFR033C 9 1172
YFR034C 3 44
YFR034W-A 2 38
YFR035C 9 626
YFR036W 3 33
YFR036W-A 3 315
YFR037C 5 23
YFR038W 2 260
YFR039C 0 0
YFR040W 1 5
YFR041C 1 141
YFR042W 1 1
YFR043C 5 365
YFR044C 3 156
YFR045W 0 0
YFR046C 6 45
YFR047C 7 59
YFR048W 2 170
YFR049W 1 1
YFR050C 4 50
YFR051C 2 169
YFR052W 3 39
YFR052C-A 2 31
YFR053C 1 32
YFR054C 1 2
YFR056C 1 2
YFR055W 1 45
YFR057W 4 148
YGL263W 4 146
YGL262W 0 0
YGL261C 0 0
YGL260W 1 1
YGL259W 3 19
YGL258W-A 0 0
YGL258W 0 0
YGL257C 0 0
YGL256W 1 1
YGL255W 0 0
YGL254W 8 1057
YGL253W 6 63
YGL252C 6 612
YGL251C 2 36
YGL250W 3 181
YGL249W 1 56
YGL248W 1 7
YGL247W 0 0
YGL246C 5 113
YGL245W 2 6
YGL244W 1 4
YGL243W 3 16
YGL242C 4 414
YGL241W 8 7970
YGL240W 5 190
YGL239C 0 0
YGL238W 2 15
YGL237C 1 1
YGL236C 3 98
YGL235W 1 57
YGL234W 0 0
YGL233W 0 0
YGL232W 3 157
YGL231C 3 22
YGL230C 1 30
YGL229C 0 0
YGL228W 2 62
YGL227W 0 0
YGL226C-A 5 495
YGL226W 3 53
YGL225W 3 152
YGL224C 4 54
YGL223C 5 884
YGL222C 8 249
YGL221C 5 616
YGL220W 5 616
YGL219C 3 194
YGL218W 1 1
YGL217C 3 72
YGL216W 0 0
YGL215W 0 0
YGL214W 3 173
YGL213C 0 0
YGL212W 0 0
YGL211W 4 107
YGL210W 1 1
YGL209W 1 42
YGL208W 2 21
YGL207W 2 8
YGL206C 1 21
YGL205W 0 0
YGL204C 1 4
YGL203C 0 0
YGL202W 2 7
YGL201C 0 0
YGL200C 1 1
YGL199C 2 226
YGL198W 1 40
YGL197W 2 2
YGL196W 1 19
YGL195W 2 7
YGL194C-A 2 175
YGL194C 3 3712
YGL193C 1 1
YGL192W 2 15
YGL191W 4 157
YGL190C 2 14
YGL189C 4 63
YGL188C-A 4 63
YGL188C 5 120
YGL187C 6 152
YGL186C 2 4
YGL185C 5 100
YGL184C 2 19
YGL183C 3 29
YGL182C 4 251
YGL181W 1 8
YGL180W 4 73
YGL179C 1 11
YGL178W 2 35
YGL177W 8 403
YGL176C 1 32
YGL175C 1 13
YGL174W 2 4
YGL173C 1 2
YGL172W 2 19
YGL171W 8 932
YGL170C 0 0
YGL169W 0 0
YGL168W 3 62
YGL167C 0 0
YGL166W 3 33
YGL165C 2 15
YGL164C 2 6
YGL163C 3 125
YGL162W 2 135
YGL161C 1 4
YGL160W 2 22
YGL159W 2 12
YGL158W 2 42
YGL157W 2 13
YGL156W 2 17
YGL155W 2 20
YGL154C 6 86
YGL153W 5 40
YGL152C 6 155
YGL151W 3 19
YGL150C 1 8
YGL149W 0 0
YGL148W 1 2
YGL147C 6 21
YGL146C 0 0
YGL145W 0 0
YGL144C 1 17
YGL143C 3 964
YGL142C 2 419
YGL141W 1 16
YGL140C 1 2
YGL139W 4 29
YGL138C 1 232
YGL137W 6 90
YGL136C 11 98
YGL135W 3 11
YGL134W 6 135
YGL133W 0 0
YGL132W 0 0
YGL131C 0 0
YGL130W 1 2
YGL129C 6 165
YGL128C 1 10
YGL127C 1 4
YGL126W 0 0
YGL125W 2 5
YGL124C 4 149
YGL123W 1 13
YGL123C-A 2 47
YGL122C 3 68
YGL121C 5 66
YGL120C 1 1
YGL119W 0 0
YGL118C 4 86
YGL117W 4 43
YGL116W 1 24
YGL115W 0 0
YGL114W 4 20
YGL113W 1 700
YGL112C 1 1
YGL111W 7 124
YGL110C 3 50
YGL109W 3 50
YGL108C 5 188
YGL107C 7 152
YGL106W 3 144
YGL105W 2 302
YGL104C 4 208
YGL103W 2 3
YGL102C 0 0
YGL101W 5 211
YGL100W 3 5
YGL099W 3 77
YGL098W 1 1
YGL097W 4 68
YGL096W 1 3
YGL095C 2 23
YGL094C 1 1
YGL093W 5 923
YGL092W 1 9
YGL091C 1 32
YGL090W 1 27
YGL089C 2 47
YGL088W 11 272
YGL087C 2 46
YGL086W 4 39
YGL085W 2 7
YGL084C 5 110
YGL083W 4 72
YGL082W 1 4
YGL081W 1 19
YGL080W 1 9
YGL079W 1 3
YGL078C 0 0
YGL077C 1 1
YGL076C 4 117
YGL075C 2 7
YGL074C 7 75
YGL073W 4 118
YGL072C 8 238
YGL071W 0 0
YGL070C 6 111
YGL069C 0 0
YGL068W 4 20
YGL067W 0 0
YGL066W 5 35
YGL065C 3 26
YGL064C 2 8
YGL063W 4 757
YGL063C-A 10 147
YGL062W 7 254
YGL061C 0 0
YGL060W 0 0
YGL059W 7 556
YGL058W 3 143
YGL057C 3 13
YGL056C 0 0
YGL055W 8 163
YGL054C 5 50
YGL053W 4 15
YGL052W 2 5
YGL051W 1 237
YGL050W 11 3048
YGL049C 2 21
YGL048C 4 23
YGL047W 0 0
YGL045W 1 8
YGL044C 2 16
YGL043W 3 933
YGL042C 1 34
YGL041C-B 0 0
YGL041W-A 4 21
YGL041C 0 0
YGL040C 5 145
YGL039W 2 12
YGL038C 0 0
YGL037C 0 0
YGL036W 5 120
YGL035C 2 3
YGL034C 5 94
YGL033W 0 0
YGL032C 0 0
YGL031C 1 1
YGL030W 0 0
YGL029W 0 0
YGL028C 1 1
YGL027C 3 183
YGL026C 6 1036
YGL025C 2 85
YGL024W 0 0
YGL023C 7 172
YGL022W 3 53
YGL021W 3 17
YGL020C 2 390
YGL019W 0 0
YGL018C 0 0
YGL017W 6 245
YGL016W 0 0
YGL015C 1 5
YGL014W 1 1
YGL014C-A 1 55
YGL013C 1 31
YGL012W 2 8
YGL011C 4 52
YGL010W 3 235
YGL009C 0 0
YGL008C 0 0
YGL007C-A 4 14
YGL007W 5 122
YGL006W-A 4 129
YGL006W 2 105
YGL005C 5 1078
YGL004C 3 162
YGL003C 2 128
YGL002W 4 19
YGL001C 2 70
YGR001C 3 222
YGR002C 7 409
YGR003W 9 855
YGR004W 1 10
YGR005C 3 44
YGR006W 4 50
YGR007W 8 496
YGR008C 6 112
YGR009C 0 0
YGR010W 1 6
YGR011W 3 33
YGR012W 4 530
YGR013W 4 64
YGR014W 0 0
YGR015C 3 19
YGR016W 2 580
YGR017W 0 0
YGR018C 2 234
YGR019W 1 33
YGR020C 0 0
YGR021W 5 58
YGR022C 0 0
YGR023W 2 184
YGR024C 3 64
YGR025W 2 7
YGR026W 2 82
YGR027C 2 52
YGR028W 2 340
YGR029W 0 0
YGR030C 5 13
YGR031W 3 7326
YGR031C-A 12 3410
YGR032W 1 3
YGR033C 0 0
YGR034W 0 0
YGR035C 3 157
YGR035W-A 7 2165
YGR036C 2 31
YGR037C 4 435
YGR038W 1 1
YGR039W 2 32
YGR040W 1 6
YGR041W 2 39
YGR042W 10 188
YGR043C 3 5
YGR044C 2 25
YGR045C 10 1879
YGR046W 1 16
YGR047C 3 349
YGR048W 0 0
YGR049W 1 37
YGR050C 5 257
YGR051C 5 74
YGR052W 3 85
YGR053C 2 20
YGR054W 1 222
YGR055W 2 315
YGR056W 5 107
YGR057C 1 15
YGR058W 6 170
YGR059W 1 1
YGR060W 3 16
YGR061C 0 0
YGR062C 1 3
YGR063C 4 81
YGR064W 4 26
YGR065C 1 2
YGR066C 1 160
YGR067C 4 632
YGR068C 6 32
YGR068W-A 6 88
YGR069W 1 2
YGR070W 2 15
YGR071C 2 47
YGR072W 3 86
YGR073C 0 0
YGR074W 1 1
YGR075C 0 0
YGR076C 4 355
YGR077C 2 28
YGR078C 2 89
YGR079W 6 90
YGR080W 2 875
YGR081C 2 153
YGR082W 3 8
YGR083C 1 3
YGR084C 1 15
YGR085C 2 3
YGR086C 1 15
YGR087C 1 1
YGR088W 3 77
YGR089W 0 0
YGR090W 1 41
YGR091W 0 0
YGR092W 3 299
YGR093W 0 0
YGR094W 14 474
YGR095C 1 2
YGR096W 4 1013
YGR097W 0 0
YGR098C 0 0
YGR099W 2 44
YGR100W 0 0
YGR101W 4 1223
YGR102C 8 1610
YGR103W 4 946
YGR104C 2 9
YGR105W 5 147
YGR106C 1 69
YGR107W 3 79
YGR108W 1 3
YGR109C 1 33
YGR110W 0 0
YGR111W 3 25
YGR112W 1 27
YGR113W 0 0
YGR114C 0 0
YGR115C 2 43
YGR116W 0 0
YGR117C 4 225
YGR118W 1 57
YGR119C 1 17
YGR120C 2 14
YGR121C 2 2
YGR121W-A 8 130
YGR122W 5 298
YGR122C-A 1 298
YGR123C 4 208
YGR124W 6 280
YGR125W 3 242
YGR126W 2 149
YGR127W 3 231
YGR128C 0 0
YGR129W 1 4
YGR130C 3 17
YGR131W 1 13
YGR132C 0 0
YGR133W 10 2539
YGR134W 2 344
YGR135W 0 0
YGR136W 5 28
YGR137W 0 0
YGR138C 0 0
YGR139W 0 0
YGR140W 1 560
YGR141W 7 299
YGR142W 3 58
YGR143W 1 2
YGR144W 0 0
YGR145W 3 32
YGR146C 1 2
YGR146C-A 6 578
YGR147C 0 0
YGR148C 3 59
YGR149W 2 174
YGR150C 1 5
YGR151C 0 0
YGR152C 3 11
YGR153W 3 113
YGR154C 0 0
YGR155W 1 95
YGR156W 0 0
YGR157W 2 5
YGR158C 2 19
YGR159C 2 5
YGR160W 1 12
YGR161C 9 1348
YGR161W-C 9 2845
YGR162W 0 0
YGR163W 1 14
YGR164W 4 93
YGR165W 2 34
YGR166W 1 2
YGR167W 0 0
YGR168C 1 1
YGR169C 0 0
YGR169C-A 0 0
YGR170W 0 0
YGR171C 5 111
YGR172C 3 13
YGR173W 1 2
YGR174C 3 184
YGR174W-A 0 0
YGR175C 6 119
YGR176W 9 508
YGR177C 2 142
YGR178C 0 0
YGR179C 2 19
YGR180C 6 18
YGR181W 2 177
YGR182C 2 48
YGR183C 3 252
YGR184C 1 86
YGR185C 3 32
YGR186W 1 1
YGR187C 2 11
YGR188C 1 89
YGR189C 4 53
YGR190C 0 0
YGR191W 4 1083
YGR192C 5 30
YGR193C 0 0
YGR194C 4 444
YGR195W 1 2
YGR196C 3 293
YGR197C 3 30
YGR198W 10 631
YGR199W 0 0
YGR200C 5 69
YGR201C 7 59
YGR202C 4 34
YGR203W 16 821
YGR204W 6 156
YGR204C-A 0 0
YGR205W 0 0
YGR206W 1 1
YGR207C 5 42
YGR208W 3 74
YGR209C 5 220
YGR210C 1 2
YGR211W 2 232
YGR212W 6 1148
YGR213C 2 8
YGR214W 0 0
YGR215W 2 5
YGR216C 2 10
YGR217W 2 33
YGR218W 1 1
YGR219W 2 19
YGR220C 3 212
YGR221C 2 4
YGR222W 4 722
YGR223C 4 1464
YGR224W 4 775
YGR225W 0 0
YGR226C 1 4
YGR227W 0 0
YGR228W 2 14
YGR229C 3 4
YGR230W 4 110
YGR231C 1 2
YGR232W 4 105
YGR233C 0 0
YGR234W 2 22
YGR235C 5 73
YGR236C 3 32
YGR237C 1 7
YGR238C 3 13
YGR239C 4 81
YGR240C 1 1
YGR240C-A 3 117
YGR241C 0 0
YGR242W 2 6
YGR243W 0 0
YGR244C 0 0
YGR245C 0 0
YGR246C 9 77
YGR247W 2 14
YGR248W 0 0
YGR249W 0 0
YGR250C 3 9
YGR251W 0 0
YGR252W 1 6
YGR253C 2 34
YGR254W 5 31
YGR255C 1 14
YGR256W 7 68
YGR257C 2 112
YGR258C 4 68
YGR259C 3 2045
YGR260W 4 404
YGR261C 2 13
YGR262C 2 2
YGR263C 3 17
YGR264C 4 12
YGR265W 0 0
YGR266W 4 25
YGR267C 4 50
YGR268C 12 1241
YGR269W 0 0
YGR270W 1 2
YGR270C-A 1 55
YGR271W 5 256
YGR271C-A 1 7
YGR273C 0 0
YGR274C 3 23
YGR275W 4 125
YGR276C 1 8
YGR277C 5 113
YGR278W 3 20
YGR279C 0 0
YGR280C 6 1201
YGR281W 2 11
YGR282C 0 0
YGR283C 5 373
YGR284C 7 151
YGR285C 2 228
YGR286C 8 142
YGR287C 5 156
YGR288W 6 112
YGR289C 0 0
YGR290W 3 133
YGR291C 0 0
YGR292W 0 0
YGR293C 1 1
YGR294W 0 0
YGR295C 4 404
YGR296W 0 0
YGR296C-A 0 0
YGR296C-B 0 0
YHL050C 0 0
YHL050W-A 0 0
YHL049C 0 0
YHL048C-A 4 177
YHL048W 0 0
YHL047C 2 5
YHL046W-A 1 58
YHL046C 0 0
YHL045W 0 0
YHL044W 1 88
YHL043W 5 454
YHL042W 1 2
YHL041W 2 31
YHL040C 4 167
YHL039W 3 56
YHL038C 2 14
YHL037C 3 54
YHL036W 7 236
YHL035C 5 27
YHL034W-A 6 131
YHL034C 0 0
YHL033C 6 171
YHL032C 3 156
YHL031C 2 19
YHL030W-A 2 15
YHL030W 3 166
YHL029C 3 28
YHL028W 6 356
YHL027W 2 3
YHL026C 3 607
YHL025W 3 192
YHL024W 1 1
YHL023C 1 1
YHL022C 0 0
YHL021C 4 11
YHL020C 0 0
YHL019W-A 3 15
YHL019C 5 85
YHL018W 7 214
YHL017W 3 319
YHL016C 3 4
YHL015W-A 1 2
YHL015W 0 0
YHL014C 3 19
YHL013C 2 463
YHL012W 0 0
YHL011C 2 19
YHL010C 0 0
YHL009C 1 1
YHL008C 0 0
YHL007C 1 27
YHL006W-A 4 59
YHL006C 1 68
YHL005C 6 137
YHL004W 1 187
YHL003C 4 21
YHL002C-A 1 25
YHL002W 6 259
YHL001W 2 2658
YHR001W 0 0
YHR001W-A 7 520
YHR002W 7 101
YHR003C 3 31
YHR004C 3 9
YHR005C 1 1
YHR005C-A 0 0
YHR006W 5 36
YHR007C 0 0
YHR007C-A 10 42
YHR008C 4 7
YHR009C 0 0
YHR010W 1 62
YHR011W 0 0
YHR012W 2 180
YHR013C 2 23
YHR014W 0 0
YHR015W 4 209
YHR016C 4 81
YHR017W 2 19
YHR018C 2 28
YHR019C 5 136
YHR020W 2 27
YHR021C 1 17
YHR021W-A 4 302
YHR022C 0 0
YHR022C-A 4 180
YHR023W 2 67
YHR024C 8 492
YHR025W 2 4
YHR026W 0 0
YHR027C 0 0
YHR028C 3 75
YHR028W-A 2 495
YHR029C 1 7
YHR030C 2 5
YHR031C 5 52
YHR032W 0 0
YHR032W-A 8 750
YHR032C-A 18 3063
YHR033W 9 2860
YHR034C 2 3
YHR035W 1 2
YHR036W 2 69
YHR037W 2 108
YHR038W 3 54
YHR039C 0 0
YHR039C-A 3 67
YHR040W 5 261
YHR041C 6 43
YHR042W 1 5
YHR043C 4 32
YHR044C 2 75
YHR045W 0 0
YHR046C 6 90
YHR047C 2 21
YHR048W 7 216
YHR049W 3 61
YHR049C-A 5 183
YHR050W 4 177
YHR050W-A 6 194
YHR051W 1 3
YHR052W 2 64
YHR052W-A 0 0
YHR053C 0 0
YHR054C 1 2
YHR054W-A 0 0
YHR055C 0 0
YHR056C 0 0
YHR056W-A 2 61
YHR057C 2 58
YHR058C 3 11
YHR059W 0 0
YHR060W 3 63
YHR061C 5 944
YHR062C 2 6
YHR063C 6 202
YHR063W-A 5 89
YHR064C 5 95
YHR065C 1 2
YHR066W 3 76
YHR067W 1 9
YHR068W 0 0
YHR069C 2 6
YHR069C-A 0 0
YHR070W 3 56
YHR070C-A 6 91
YHR071W 0 0
YHR071C-A 3 49
YHR072W 1 4
YHR072W-A 1 68
YHR073W 3 95
YHR073W-A 1 3
YHR073C-B 0 0
YHR074W 4 27
YHR075C 1 1
YHR076W 3 11
YHR077C 1 14
YHR078W 1 44
YHR079C 1 10
YHR079C-A 1 4
YHR080C 5 174
YHR081W 1 9
YHR082C 0 0
YHR083W 9 436
YHR084W 2 25
YHR085W 3 88
YHR086W 3 103
YHR086W-A 6 93
YHR087W 3 23
YHR088W 4 85
YHR089C 3 742
YHR090C 4 278
YHR091C 4 140
YHR092C 2 34
YHR093W 1 11
YHR094C 0 0
YHR095W 0 0
YHR096C 1 10
YHR097C 2 77
YHR098C 2 24
YHR099W 1 43
YHR100C 7 130
YHR101C 4 16
YHR102W 1 2
YHR103W 1 17
YHR104W 0 0
YHR105W 0 0
YHR106W 1 4
YHR107C 3 32
YHR108W 4 11
YHR109W 3 38
YHR110W 7 858
YHR111W 3 6
YHR112C 3 62
YHR113W 3 25
YHR114W 1 10
YHR115C 4 36
YHR116W 10 1257
YHR117W 1 126
YHR118C 1 3
YHR119W 4 52
YHR120W 2 7
YHR121W 3 23
YHR122W 2 16
YHR123W 3 114
YHR124W 1 21
YHR125W 2 5
YHR126C 0 0
YHR127W 7 10134
YHR128W 2 2
YHR129C 1 1
YHR130C 1 10
YHR131C 4 39
YHR131W-A 0 0
YHR132C 4 1722
YHR132W-A 2 5
YHR133C 1 5
YHR134W 3 33
YHR135C 1 18
YHR136C 9 608
YHR137W 1 1
YHR137C-A 0 0
YHR138C 1 28
YHR139C 1 2
YHR139C-A 8 456
YHR140W 2 159
YHR141C 1 198
YHR142W 2 105
YHR143W 0 0
YHR143W-A 1 8
YHR144C 4 2062
YHR145C 0 0
YHR146W 1 12
YHR147C 1 8
YHR148W 1 4
YHR149C 0 0
YHR150W 4 66
YHR151C 5 403
YHR152W 1 13
YHR153C 2 9
YHR154W 2 583
YHR155W 1 1
YHR156C 4 163
YHR157W 0 0
YHR158C 0 0
YHR159W 0 0
YHR160C 3 17
YHR161C 1 5
YHR162W 0 0
YHR163W 3 261
YHR164C 1 49
YHR165C 1 1
YHR165W-A 1 4
YHR166C 4 74
YHR167W 5 132
YHR168W 4 390
YHR169W 3 205
YHR170W 0 0
YHR171W 2 142
YHR172W 1 13
YHR173C 6 138
YHR174W 3 33
YHR175W 10 107
YHR175W-A 3 17
YHR176W 0 0
YHR177W 0 0
YHR178W 6 37
YHR179W 1 1
YHR180W 2 5
YHR180W-A 0 0
YHR180C-B 6 316
YHR181W 6 107
YHR182W 1 4
YHR182C-A 5 71
YHR183W 3 41
YHR184W 0 0
YHR185C 1 1
YHR186C 0 0
YHR187W 2 127
YHR188C 2 38
YHR189W 5 126
YHR190W 2 34
YHR191C 0 0
YHR192W 3 135
YHR193C 7 125
YHR193C-A 1 1
YHR194W 1 33
YHR195W 3 37
YHR196W 4 1018
YHR197W 2 20
YHR198C 12 671
YHR199C 6 274
YHR199C-A 4 117
YHR200W 3 398
YHR201C 1 1
YHR202W 1 3
YHR203C 3 11
YHR204W 3 13
YHR205W 0 0
YHR206W 0 0
YHR207C 6 164
YHR208W 4 24
YHR209W 1 2
YHR210C 1 74
YHR211W 1 5
YHR212C 0 0
YHR212W-A 0 0
YHR213W 0 0
YHR213W-A 0 0
YHR213W-B 0 0
YHR214W 0 0
YHR214W-A 0 0
YHR214C-D 0 0
YHR214C-E 0 0
YHR215W 0 0
YHR216W 0 0
YHR217C 0 0
YHR218W 0 0
YHR218W-A 0 0
YHR219W 0 0
YHR219C-A 0 0
YIL177C 0 0
YIL177W-A 0 0
YIL176C 0 0
YIL173W 0 0
YIL172C 0 0
YIL171W-A 0 0
YIL169C 3 104
YIL166C 0 0
YIL165C 5 52
YIL164C 2 15
YIL163C 1 4
YIL162W 1 4
YIL161W 0 0
YIL160C 3 29
YIL159W 6 105
YIL158W 4 24
YIL157C 5 49
YIL156W-A 3 27
YIL156W-B 5 48
YIL156W 3 42
YIL155C 6 196
YIL154C 2 299
YIL153W 1 12
YIL152W 5 216
YIL151C 1 7
YIL150C 3 38
YIL149C 0 0
YIL148W 2 6
YIL147C 1 58
YIL146C 4 367
YIL145C 5 239
YIL144W 0 0
YIL143C 4 134
YIL142C-A 2 20
YIL142W 5 153
YIL141W 2 113
YIL140W 1 4
YIL139C 1 4
YIL138C 5 177
YIL137C 4 254
YIL136W 4 105
YIL135C 1 4
YIL134C-A 7 1668
YIL134W 1 1
YIL133C 1 18
YIL132C 1 117
YIL131C 4 55
YIL130W 4 60
YIL129C 1 1
YIL128W 0 0
YIL127C 0 0
YIL126W 2 37
YIL125W 2 2
YIL124W 4 37
YIL123W 0 0
YIL122W 1 2
YIL121W 0 0
YIL120W 0 0
YIL119C 1 72
YIL118W 3 43
YIL117C 2 10
YIL116W 1 32
YIL115W-A 1 5
YIL115C 1 1
YIL114C 1 19
YIL113W 3 91
YIL112W 6 165
YIL111W 2 13
YIL110W 3 7
YIL109C 0 0
YIL108W 2 58
YIL107C 1 7
YIL106W 3 176
YIL105C 1 8
YIL105W-A 0 0
YIL104C 5 71
YIL103W 3 233
YIL102C-A 3 425
YIL102C 6 323
YIL101C 3 46
YIL100C-A 2 17
YIL100W 2 45
YIL099W 1 5
YIL098C 5 79
YIL097W 3 94
YIL096C 4 25
YIL095W 0 0
YIL094C 0 0
YIL093C 2 46
YIL092W 0 0
YIL091C 4 79
YIL090W 1 12
YIL089W 3 57
YIL088C 1 1
YIL087C 2 9
YIL086C 1 48
YIL085C 5 3669
YIL084C 1 71
YIL083C 2 26
YIL082W 0 0
YIL079C 2 38
YIL078W 0 0
YIL077C 5 17
YIL076W 6 141
YIL075C 0 0
YIL074C 3 22
YIL073C 1 8
YIL072W 0 0
YIL071W-A 0 0
YIL071C 4 49
YIL070C 0 0
YIL069C 2 66
YIL068W-A 0 0
YIL068C 3 10
YIL067C 0 0
YIL066W-A 0 0
YIL066C 1 12
YIL065C 3 49
YIL064W 7 256
YIL063C 1 36
YIL062C 2 89
YIL061C 5 227
YIL060W 0 0
YIL059C 1 9
YIL058W 1 4
YIL057C 2 32
YIL056W 7 238
YIL055C 0 0
YIL054W 6 268
YIL053W 0 0
YIL052C 2 13
YIL051C 8 1086
YIL050W 5 82
YIL049W 2 219
YIL048W 1 2
YIL047C-A 1 58
YIL047C 1 3
YIL046W-A 11 345
YIL046W 7 93
YIL045W 0 0
YIL044C 5 156
YIL043C 4 333
YIL042C 1 7
YIL041W 6 2004
YIL040W 0 0
YIL039W 0 0
YIL038C 2 36
YIL037C 0 0
YIL036W 1 1
YIL035C 3 87
YIL034C 8 322
YIL033C 3 15
YIL032C 2 134
YIL031W 5 47
YIL030W-A 0 0
YIL030C 0 0
YIL029W-A 1 3
YIL029C 0 0
YIL028W 1 19
YIL027C 2 527
YIL026C 3 31
YIL025C 0 0
YIL024C 5 109
YIL023C 1 28
YIL022W 0 0
YIL021W 2 279
YIL021C-A 2 36
YIL020C-A 4 249
YIL020C 0 0
YIL019W 6 2971
YIL018W 0 0
YIL017C 0 0
YIL016W 2 4
YIL015W 2 130
YIL014C-A 0 0
YIL014W 1 1
YIL013C 1 1
YIL012W 3 56
YIL011W 2 33
YIL010W 2 17
YIL009C-A 13 227
YIL009W 6 231
YIL008W 4 245
YIL007C 1 4
YIL006W 6 900
YIL005W 1 22
YIL004C 5 138
YIL003W 4 219
YIL002W-A 4 349
YIL002C 1 23
YIL001W 2 350
YIR001C 4 107
YIR002C 0 0
YIR003W 2 43
YIR004W 1 1
YIR005W 7 263
YIR006C 6 232
YIR007W 2 12
YIR008C 0 0
YIR009W 1 66
YIR010W 0 0
YIR011C 6 457
YIR012W 5 70
YIR013C 0 0
YIR014W 4 703
YIR015W 8 319
YIR016W 7 245
YIR017C 9 368
YIR017W-A 4 343
YIR018W 10 5321
YIR018C-A 3 14
YIR019C 2 10
YIR020C 1 15
YIR020W-A 3 34
YIR020C-B 4 62
YIR021W 1 11
YIR021W-A 1 1
YIR022W 2 317
YIR023W 4 11
YIR023C-A 0 0
YIR024C 2 79
YIR025W 4 115
YIR026C 2 13
YIR027C 0 0
YIR028W 1 2
YIR029W 4 220
YIR030C 4 116
YIR030W-A 4 116
YIR031C 1 292
YIR032C 0 0
YIR033W 3 178
YIR034C 1 2
YIR035C 4 318
YIR036C 3 30
YIR036W-A 2 22
YIR037W 2 91
YIR038C 3 56
YIR039C 0 0
YIR040C 0 0
YIR041W 0 0
YIR042C 1 2
YJL225C 0 0
YJL225W-A 0 0
YJL223C 0 0
YJL222W-B 0 0
YJL222W-A 0 0
YJL222W 0 0
YJL221C 0 0
YJL220W 0 0
YJL219W 0 0
YJL218W 0 0
YJL217W 3 102
YJL216C 5 49
YJL215C 0 0
YJL214W 0 0
YJL213W 1 44
YJL212C 2 16
YJL211C 4 7
YJL210W 6 1700
YJL209W 3 169
YJL208C 2 13
YJL207C 0 0
YJL206C 6 41
YJL205C 7 234
YJL204C 5 994
YJL203W 4 43
YJL202C 7 140
YJL201W 7 140
YJL200C 0 0
YJL199C 7 227
YJL198W 2 46
YJL197W 1 1
YJL197C-A 1 51
YJL196C 3 204
YJL195C 3 47
YJL194W 2 30
YJL193W 3 91
YJL192C 7 257
YJL191W 7 764
YJL190C 1 26
YJL189W 2 51
YJL188C 4 79
YJL187C 0 0
YJL186W 1 1
YJL185C 4 203
YJL184W 1 5
YJL183W 1 2
YJL182C 1 2
YJL181W 2 56
YJL180C 2 3
YJL179W 2 31
YJL178C 7 591
YJL177W 1 1
YJL176C 4 97
YJL175W 1 1
YJL174W 0 0
YJL173C 5 87
YJL172W 4 153
YJL171C 6 215
YJL170C 1 3
YJL169W 1 3
YJL168C 2 185
YJL167W 1 87
YJL166W 3 60
YJL165C 1 14
YJL164C 1 3
YJL163C 7 273
YJL162C 5 112
YJL161W 5 133
YJL160C 1 1
YJL159W 1 47
YJL158C 6 602
YJL157C 3 84
YJL156W-A 9 1971
YJL156C 9 661
YJL155C 1 10
YJL154C 2 140
YJL153C 2 127
YJL152W 0 0
YJL151C 6 719
YJL150W 7 76
YJL149W 9 492
YJL148W 2 161
YJL147C 0 0
YJL146W 0 0
YJL145W 4 772
YJL144W 4 28
YJL143W 2 59
YJL142C 3 23
YJL141C 0 0
YJL140W 0 0
YJL139C 1 36
YJL138C 3 95
YJL137C 1 3
YJL136W-A 1 85
YJL136C 0 0
YJL135W 3 55
YJL134W 2 201
YJL133C-A 4 81
YJL133W 4 73
YJL132W 3 165
YJL131C 3 18
YJL130C 1 6
YJL129C 0 0
YJL128C 1 16
YJL127W-A 0 0
YJL127C-B 12 760
YJL127C 2 35
YJL126W 3 7
YJL125C 1 1
YJL124C 0 0
YJL123C 4 86
YJL122W 7 405
YJL121C 1 1
YJL120W 2 4
YJL119C 2 3
YJL118W 11 2532
YJL117W 2 12
YJL116C 5 317
YJL115W 2 82
YJL112W 1 2
YJL111W 2 8
YJL110C 1 2
YJL109C 2 57
YJL108C 0 0
YJL107C 2 46
YJL106W 1 3
YJL105W 1 106
YJL104W 1 135
YJL103C 5 34
YJL102W 2 106
YJL101C 7 111
YJL100W 2 38
YJL099W 2 47
YJL098W 1 1
YJL097W 1 13
YJL096W 2 45
YJL095W 0 0
YJL094C 0 0
YJL093C 3 35
YJL092W 1 2
YJL091C 10 297
YJL090C 1 4
YJL089W 2 10
YJL088W 6 635
YJL087C 0 0
YJL086C 0 0
YJL085W 1 20
YJL084C 0 0
YJL083W 1 4
YJL082W 2 52
YJL081C 2 22
YJL080C 1 5
YJL079C 1 11
YJL078C 2 20
YJL077W-B 2 16
YJL077C 4 36
YJL077W-A 0 0
YJL076W 1 2
YJL075C 0 0
YJL074C 1 761
YJL073W 0 0
YJL072C 4 113
YJL071W 2 194
YJL070C 1 4
YJL069C 2 47
YJL068C 5 105
YJL067W 10 566
YJL066C 2 55
YJL065C 0 0
YJL064W 2 62
YJL063C 6 110
YJL062W-A 6 1869
YJL062W 2 118
YJL061W 0 0
YJL060W 1 22
YJL059W 3 65
YJL058C 0 0
YJL057C 3 53
YJL056C 1 2
YJL055W 6 211
YJL054W 8 514
YJL053W 2 9
YJL052C-A 8 348
YJL052W 0 0
YJL051W 3 29
YJL050W 2 25
YJL049W 1 118
YJL048C 3 97
YJL047C-A 0 0
YJL047C 0 0
YJL046W 2 174
YJL045W 4 24
YJL044C 3 5
YJL043W 1 1
YJL042W 1 7
YJL041W 1 8
YJL039C 0 0
YJL038C 0 0
YJL037W 1 15
YJL036W 0 0
YJL035C 5 1313
YJL034W 3 7
YJL033W 1 1
YJL032W 0 0
YJL031C 3 65
YJL030W 1 2
YJL029C 2 33
YJL028W 4 800
YJL027C 6 44
YJL026W 3 8
YJL026C-A 2 102
YJL025W 2 41
YJL024C 2 51
YJL023C 4 63
YJL022W 0 0
YJL020C 1 56
YJL020W-A 0 0
YJL019W 0 0
YJL016W 0 0
YJL015C 3 188
YJL014W 2 182
YJL013C 7 5089
YJL012C 3 78
YJL011C 0 0
YJL010C 1 16
YJL009W 1 17
YJL008C 6 215
YJL007C 7 1819
YJL006C 2 315
YJL005W 0 0
YJL004C 3 117
YJL003W 2 14
YJL002C 3 179
YJL001W 7 417
YJR001W 8 507
YJR002W 1 2
YJR003C 3 93
YJR004C 3 28
YJR005W 4 182
YJR005C-A 1 2
YJR006W 0 0
YJR007W 0 0
YJR008W 5 171
YJR009C 3 221
YJR010W 0 0
YJR010C-A 3 77
YJR011C 2 67
YJR012C 1 12
YJR013W 1 94
YJR014W 4 51
YJR015W 5 202
YJR016C 0 0
YJR017C 3 15
YJR018W 0 0
YJR019C 4 172
YJR020W 1 52
YJR021C 0 0
YJR022W 5 736
YJR023C 0 0
YJR024C 5 20
YJR025C 2 24
YJR030C 1 12
YJR031C 1 90
YJR032W 6 103
YJR033C 5 60
YJR034W 0 0
YJR035W 1 3
YJR036C 0 0
YJR037W 2 3
YJR038C 0 0
YJR039W 4 23
YJR040W 3 103
YJR041C 1 42
YJR042W 3 84
YJR043C 5 257
YJR044C 8 640
YJR045C 0 0
YJR046W 6 297
YJR047C 1 5
YJR048W 10 135
YJR049C 5 190
YJR050W 7 161
YJR051W 6 214
YJR052W 3 165
YJR053W 1 15
YJR054W 0 0
YJR055W 4 66
YJR056C 0 0
YJR057W 3 26
YJR058C 4 336
YJR059W 5 111
YJR060W 2 25
YJR061W 0 0
YJR062C 4 35
YJR063W 0 0
YJR064W 4 25
YJR065C 4 46
YJR066W 5 88
YJR067C 2 36
YJR068W 2 63
YJR069C 2 126
YJR070C 3 21
YJR071W 0 0
YJR072C 3 75
YJR073C 5 65
YJR074W 10 412
YJR075W 4 106
YJR076C 7 2653
YJR077C 6 73
YJR078W 3 31
YJR079W 4 91
YJR080C 5 761
YJR082C 1 47
YJR083C 13 760
YJR084W 7 180
YJR085C 7 144
YJR086W 5 391
YJR087W 1 19
YJR088C 3 27
YJR089W 1 30
YJR090C 0 0
YJR091C 6 559
YJR092W 1 1
YJR093C 2 54
YJR094C 0 0
YJR094W-A 5 22
YJR095W 0 0
YJR096W 3 32
YJR097W 0 0
YJR098C 1 240
YJR099W 1 19
YJR100C 9 499
YJR101W 0 0
YJR102C 1 4
YJR103W 4 62
YJR104C 6 365
YJR105W 10 3003
YJR106W 3 28
YJR107W 0 0
YJR108W 1 50
YJR109C 7 86
YJR110W 0 0
YJR111C 1 46
YJR112W 4 283
YJR112W-A 5 208
YJR113C 4 745
YJR114W 4 587
YJR115W 7 85
YJR116W 0 0
YJR117W 3 237
YJR118C 0 0
YJR119C 3 31
YJR120W 6 26
YJR121W 0 0
YJR122W 1 14
YJR123W 0 0
YJR124C 4 101
YJR125C 4 1837
YJR126C 6 106
YJR127C 4 83
YJR128W 2 3
YJR129C 0 0
YJR130C 8 308
YJR131W 0 0
YJR132W 1 1
YJR133W 0 0
YJR134C 4 32
YJR135C 2 22
YJR135W-A 4 818
YJR136C 1 2
YJR137C 11 342
YJR138W 5 321
YJR139C 2 36
YJR140C 3 56
YJR140W-A 3 69
YJR141W 3 211
YJR142W 2 4
YJR143C 3 51
YJR144W 9 730
YJR145C 2 5
YJR146W 6 131
YJR147W 5 70
YJR148W 5 110
YJR149W 11 619
YJR150C 4 32
YJR151C 3 18
YJR151W-A 1 8
YJR152W 3 91
YJR153W 1 33
YJR154W 1 2
YJR155W 1 69
YJR156C 0 0
YJR157W 0 0
YJR158W 0 0
YJR159W 0 0
YJR160C 0 0
YJR161C 4 202
YJR162C 3 55
YKL225W 1 2
YKL224C 0 0
YKL223W 0 0
YKL222C 5 59
YKL221W 3 7
YKL220C 1 26
YKL219W 5 324
YKL218C 0 0
YKL217W 7 177
YKL216W 2 50
YKL215C 3 10
YKL214C 1 5
YKL213C 1 1
YKL212W 1 21
YKL211C 2 35
YKL210W 0 0
YKL209C 6 659
YKL208W 1 10
YKL207W 3 7
YKL206C 3 44
YKL205W 4 70
YKL204W 2 8
YKL203C 0 0
YKL202W 0 0
YKL201C 2 172
YKL198C 3 426
YKL197C 3 6903
YKL196C 3 53
YKL195W 4 151
YKL194C 0 0
YKL193C 1 2
YKL192C 6 635
YKL191W 4 72
YKL190W 9 745
YKL189W 1 6
YKL188C 1 1
YKL187C 5 70
YKL186C 9 345
YKL185W 0 0
YKL184W 1 1
YKL183C-A 2 91
YKL183W 3 99
YKL182W 0 0
YKL181W 3 185
YKL180W 0 0
YKL179C 9 631
YKL178C 0 0
YKL177W 2 32
YKL176C 0 0
YKL175W 4 99
YKL174C 2 49
YKL173W 3 210
YKL172W 1 2
YKL171W 1 1
YKL170W 5 130
YKL169C 0 0
YKL168C 4 227
YKL167C 6 155
YKL166C 3 8
YKL165C-A 6 226
YKL165C 3 11
YKL164C 1 2
YKL163W 0 0
YKL162C-A 1 23
YKL162C 0 0
YKL161C 1 1
YKL160W 3 97
YKL159C 6 173
YKL157W 2 9
YKL156W 5 2112
YKL156C-A 0 0
YKL155C 3 13
YKL154W 0 0
YKL153W 2 8
YKL152C 2 631
YKL151C 9 926
YKL150W 7 1036
YKL149C 3 41
YKL148C 3 37
YKL147C 6 120
YKL146W 6 61
YKL145W 2 568
YKL145W-A 1 3
YKL144C 2 5
YKL143W 9 873
YKL142W 3 33
YKL141W 1 51
YKL140W 0 0
YKL139W 0 0
YKL138C-A 3 17
YKL138C 1 1
YKL137W 2 161
YKL136W 3 156
YKL135C 3 13
YKL134C 0 0
YKL133C 1 8
YKL132C 0 0
YKL131W 1 9
YKL130C 3 158
YKL129C 2 21
YKL128C 3 998
YKL127W 3 196
YKL126W 0 0
YKL125W 0 0
YKL124W 1 1
YKL123W 3 11
YKL122C 0 0
YKL121W 1 2
YKL120W 0 0
YKL119C 0 0
YKL118W 4 14
YKL117W 5 154
YKL116C 0 0
YKL115C 1 5
YKL114C 3 1151
YKL113C 1 34
YKL112W 1 16
YKL111C 2 10
YKL110C 4 661
YKL109W 2 59
YKL108W 1 2
YKL107W 0 0
YKL106C-A 4 188
YKL106W 0 0
YKL105C 1 13
YKL104C 0 0
YKL103C 1 1
YKL102C 3 82
YKL101W 2 4
YKL100C 9 271
YKL100W-A 1 8
YKL099C 0 0
YKL098W 1 17
YKL097C 4 409
YKL096C-B 0 0
YKL096W-A 0 0
YKL096W 1 5
YKL095W 1 3
YKL094W 10 425
YKL093W 1 7
YKL092C 0 0
YKL091C 2 49
YKL090W 4 346
YKL089W 6 168
YKL088W 5 110
YKL087C 2 2
YKL086W 5 310
YKL085W 0 0
YKL084W 3 68
YKL083W 1 3
YKL082C 0 0
YKL081W 5 605
YKL080W 0 0
YKL079W 0 0
YKL078W 5 335
YKL077W 0 0
YKL076C 0 0
YKL075C 0 0
YKL074C 5 332
YKL073W 6 86
YKL072W 0 0
YKL071W 0 0
YKL070W 0 0
YKL069W 6 588
YKL068W-A 3 69
YKL068W 0 0
YKL067W 1 245
YKL066W 0 0
YKL065W-A 1 1
YKL065C 6 47
YKL064W 2 75
YKL063C 1 20
YKL062W 0 0
YKL061W 2 6
YKL060C 10 310
YKL059C 1 1
YKL058W 3 65
YKL057C 1 3
YKL056C 4 10
YKL055C 0 0
YKL054C 2 86
YKL053C-A 3 42
YKL053W 4 43
YKL052C 6 231
YKL051W 2 63
YKL050C 0 0
YKL049C 1 31
YKL048C 1 3
YKL047W 2 11
YKL046C 3 45
YKL045W 0 0
YKL044W 1 3
YKL043W 3 29
YKL042W 0 0
YKL041W 1 97
YKL040C 0 0
YKL039W 1 18
YKL038W 0 0
YKL037W 4 21
YKL036C 1 1
YKL035W 1 37
YKL034W 1 1
YKL033W-A 1 34
YKL033W 6 155
YKL032C 0 0
YKL031W 0 0
YKL030W 2 30
YKL029C 4 12
YKL028W 1 3
YKL027W 0 0
YKL026C 4 19
YKL025C 3 37
YKL024C 0 0
YKL023C-A 4 377
YKL023W 11 2016
YKL022C 2 197
YKL021C 0 0
YKL020C 1 26
YKL019W 2 1383
YKL018C-A 2 395
YKL018W 5 239
YKL017C 5 645
YKL016C 0 0
YKL015W 1 27
YKL014C 1 17
YKL013C 3 133
YKL012W 1 176
YKL011C 1 4
YKL010C 0 0
YKL009W 0 0
YKL008C 4 382
YKL007W 3 56
YKL006C-A 4 52
YKL006W 1 25
YKL005C 1 39
YKL004W 3 36
YKL003C 3 13
YKL002W 0 0
YKL001C 4 450
YKR001C 1 85
YKR002W 0 0
YKR003W 1 6
YKR004C 2 7
YKR005C 1 5
YKR006C 6 61
YKR007W 6 509
YKR008W 5 89
YKR009C 6 238
YKR010C 0 0
YKR011C 0 0
YKR012C 3 4
YKR013W 1 12
YKR014C 0 0
YKR015C 0 0
YKR016W 2 19
YKR017C 0 0
YKR018C 3 1029
YKR019C 2 4
YKR020W 6 80
YKR021W 2 23
YKR022C 1 16
YKR023W 5 74
YKR024C 1 2
YKR025W 0 0
YKR026C 0 0
YKR027W 0 0
YKR028W 1 2
YKR029C 9 131
YKR030W 1 4
YKR031C 1 4
YKR032W 1 4
YKR033C 0 0
YKR034W 1 3
YKR035C 4 57
YKR035W-A 2 26
YKR036C 3 33
YKR037C 2 13
YKR038C 8 411
YKR039W 4 9
YKR040C 6 3084
YKR041W 3 53
YKR042W 1 1
YKR043C 3 169
YKR044W 0 0
YKR045C 0 0
YKR046C 5 147
YKR047W 5 26
YKR048C 1 11
YKR049C 1 16
YKR050W 3 3582
YKR051W 0 0
YKR052C 2 376
YKR053C 1 6
YKR054C 1 42
YKR055W 3 1203
YKR056W 3 78
YKR057W 8 205
YKR058W 1 3
YKR059W 1 2
YKR060W 3 16
YKR061W 3 132
YKR062W 1 12
YKR063C 4 116
YKR064W 1 4
YKR065C 2 19
YKR066C 9 1005
YKR067W 2 82
YKR068C 2 68
YKR069W 1 24
YKR070W 7 182
YKR071C 1 1
YKR072C 4 93
YKR073C 0 0
YKR074W 2 101
YKR075C 4 360
YKR075W-A 0 0
YKR076W 0 0
YKR077W 2 18
YKR078W 3 66
YKR079C 0 0
YKR080W 2 157
YKR081C 3 47
YKR082W 3 372
YKR083C 1 16
YKR084C 0 0
YKR085C 2 60
YKR086W 2 58
YKR087C 3 97
YKR088C 2 5
YKR089C 2 3
YKR090W 0 0
YKR091W 0 0
YKR092C 2 7
YKR093W 3 18
YKR094C 2 41
YKR095W 1 31
YKR095W-A 7 269
YKR096W 1 6
YKR097W 0 0
YKR098C 1 3
YKR099W 1 37
YKR100C 0 0
YKR101W 9 170
YKR102W 1 6
YKR103W 0 0
YKR104W 0 0
YKR105C 2 8
YKR106W 0 0
YLL067C 0 0
YLL067W-A 0 0
YLL066W-B 0 0
YLL066C 0 0
YLL066W-A 0 0
YLL065W 2 170
YLL064C 0 0
YLL063C 8 805
YLL062C 1 44
YLL061W 9 458
YLL060C 8 73
YLL059C 3 17
YLL058W 0 0
YLL057C 1 8
YLL056C 2 119
YLL055W 3 13
YLL054C 0 0
YLL053C 0 0
YLL052C 2 8
YLL051C 4 7
YLL050C 6 758
YLL049W 4 869
YLL048C 0 0
YLL047W 5 243
YLL046C 0 0
YLL045C 6 241
YLL044W 0 0
YLL043W 1 1
YLL042C 2 126
YLL041C 5 16
YLL040C 0 0
YLL039C 2 172
YLL038C 3 40
YLL037W 1 1
YLL036C 3 17
YLL035W 0 0
YLL034C 3 67
YLL033W 7 668
YLL032C 3 311
YLL031C 3 36
YLL030C 1 4
YLL029W 0 0
YLL028W 0 0
YLL027W 0 0
YLL026W 4 105
YLL025W 0 0
YLL024C 2 12
YLL023C 2 857
YLL022C 3 259
YLL021W 0 0
YLL020C 1 2
YLL019C 0 0
YLL019W-A 0 0
YLL018C-A 1 4
YLL018C 3 11
YLL015W 0 0
YLL014W 2 41
YLL013C 0 0
YLL012W 0 0
YLL011W 2 13
YLL010C 0 0
YLL009C 3 440
YLL008W 1 1
YLL007C 2 4
YLL006W-A 1 2
YLL006W 3 6
YLL005C 2 79
YLL004W 5 86
YLL003W 0 0
YLL002W 4 169
YLL001W 1 2
YLR001C 7 108
YLR002C 0 0
YLR003C 7 127
YLR004C 3 9
YLR005W 3 465
YLR006C 1 2
YLR007W 6 2650
YLR008C 2 119
YLR009W 4 35
YLR010C 2 21
YLR011W 1 12
YLR012C 3 43
YLR013W 0 0
YLR014C 1 2
YLR015W 3 30
YLR016C 1 3
YLR017W 1 2318
YLR018C 0 0
YLR019W 0 0
YLR020C 6 127
YLR021W 2 368
YLR022C 1 28
YLR023C 3 21
YLR024C 1 2
YLR025W 0 0
YLR026C 1 1
YLR027C 8 91
YLR028C 7 176
YLR029C 1 1
YLR030W 3 150
YLR031W 0 0
YLR032W 1 21
YLR033W 5 137
YLR034C 2 32
YLR035C 2 376
YLR036C 9 1054
YLR037C 2 109
YLR038C 9 227
YLR039C 1 114
YLR040C 0 0
YLR041W 2 4
YLR042C 0 0
YLR043C 5 195
YLR044C 4 332
YLR045C 3 19
YLR046C 3 51
YLR047C 1 457
YLR048W 1 1
YLR049C 4 30
YLR050C 2 42
YLR051C 1 13
YLR052W 1 1
YLR053C 0 0
YLR054C 0 0
YLR055C 7 210
YLR056W 1 76
YLR057W 6 231
YLR058C 3 35
YLR059C 3 8
YLR060W 2 16
YLR061W 4 329
YLR062C 3 52
YLR063W 9 534
YLR064W 5 214
YLR065C 1 1
YLR066W 2 25
YLR067C 1 18
YLR068W 2 11
YLR069C 4 36
YLR070C 7 608
YLR071C 4 644
YLR072W 6 115
YLR073C 3 6
YLR074C 2 16
YLR075W 2 796
YLR076C 0 0
YLR077W 3 9
YLR078C 3 60
YLR079W 3 20
YLR080W 0 0
YLR081W 7 308
YLR082C 3 511
YLR083C 0 0
YLR084C 1 2
YLR085C 0 0
YLR086W 2 45
YLR087C 1 4
YLR088W 2 12
YLR089C 0 0
YLR090W 2 16
YLR091W 5 662
YLR092W 6 211
YLR093C 2 18
YLR094C 6 116
YLR095C 4 350
YLR096W 1 29
YLR097C 2 2
YLR098C 3 305
YLR099C 2 10
YLR099W-A 13 235
YLR100W 0 0
YLR101C 3 9
YLR102C 4 205
YLR103C 1 2
YLR104W 4 105
YLR105C 2 17
YLR106C 0 0
YLR107W 4 29
YLR108C 1 2
YLR109W 3 16
YLR110C 2 55
YLR111W 6 504
YLR112W 7 77
YLR113W 4 313
YLR114C 2 12
YLR115W 2 21
YLR116W 0 0
YLR117C 5 142
YLR118C 2 105
YLR119W 3 118
YLR120C 3 34
YLR120W-A 5 194
YLR121C 1 56
YLR122C 1 2
YLR123C 1 2
YLR124W 1 4
YLR125W 0 0
YLR126C 2 16
YLR127C 0 0
YLR128W 2 87
YLR129W 4 450
YLR130C 1 38
YLR131C 0 0
YLR132C 3 26
YLR133W 2 78
YLR134W 0 0
YLR135W 1 2
YLR136C 4 30
YLR137W 7 144
YLR138W 0 0
YLR139C 3 41
YLR140W 1 41
YLR141W 4 106
YLR142W 3 26
YLR143W 4 159
YLR144C 3 41
YLR145W 5 60
YLR146C 0 0
YLR146W-A 3 47
YLR147C 3 90
YLR148W 4 92
YLR149C 2 3
YLR149C-A 1 96
YLR150W 4 22
YLR151C 8 254
YLR152C 1 26
YLR153C 5 58
YLR154C 9 613
YLR154W-A 0 0
YLR154W-B 0 0
YLR154W-C 0 0
YLR154W-E 0 0
YLR154W-F 0 0
YLR154C-G 0 0
YLR154C-H 0 0
YLR155C 0 0
YLR156W 0 0
YLR156C-A 0 0
YLR157C 0 0
YLR157W-D 0 0
YLR157W-E 0 0
YLR157C-C 0 0
YLR158C 0 0
YLR159W 0 0
YLR159C-A 0 0
YLR160C 0 0
YLR161W 0 0
YLR162W 0 0
YLR162W-A 0 0
YLR163C 3 144
YLR163W-A 2 3
YLR164W 1 8
YLR165C 4 225
YLR166C 5 1629
YLR167W 1 1
YLR168C 3 746
YLR169W 0 0
YLR170C 1 1
YLR171W 1 85
YLR172C 7 79
YLR173W 4 147
YLR174W 10 372
YLR175W 5 83
YLR176C 6 169
YLR177W 5 87
YLR178C 4 14
YLR179C 6 104
YLR180W 2 15
YLR181C 0 0
YLR182W 1 4
YLR183C 0 0
YLR184W 0 0
YLR185W 4 34
YLR186W 3 22
YLR187W 0 0
YLR188W 0 0
YLR189C 1 4
YLR190W 0 0
YLR191W 3 4
YLR192C 0 0
YLR193C 2 178
YLR194C 3 49
YLR195C 2 2
YLR196W 2 10
YLR197W 0 0
YLR198C 1 5
YLR199C 4 258
YLR200W 0 0
YLR201C 1 7
YLR202C 1 3
YLR203C 1 1
YLR204W 11 70
YLR205C 5 1244
YLR206W 5 105
YLR207W 0 0
YLR208W 0 0
YLR209C 2 20
YLR210W 0 0
YLR211C 3 41
YLR212C 0 0
YLR213C 0 0
YLR214W 5 60
YLR215C 2 4
YLR216C 6 144
YLR217W 2 76
YLR218C 2 15
YLR219W 0 0
YLR220W 1 12
YLR221C 2 11
YLR222C 3 382
YLR222C-A 1 11
YLR223C 1 1
YLR224W 0 0
YLR225C 0 0
YLR226W 3 7
YLR227C 0 0
YLR228C 2 42
YLR229C 1 28
YLR230W 0 0
YLR231C 4 905
YLR232W 0 0
YLR233C 3 101
YLR234W 1 2
YLR235C 14 220
YLR236C 6 2962
YLR237W 6 516
YLR238W 0 0
YLR239C 4 191
YLR240W 1 4
YLR241W 3 82
YLR242C 0 0
YLR243W 1 15
YLR244C 4 20
YLR245C 9 151
YLR246W 2 9
YLR247C 2 42
YLR248W 4 154
YLR249W 0 0
YLR250W 2 7
YLR251W 0 0
YLR252W 0 0
YLR253W 3 317
YLR254C 1 1
YLR255C 2 19
YLR256W 0 0
YLR257W 1 3
YLR258W 2 14
YLR259C 5 229
YLR260W 1 1
YLR261C 1 14
YLR262C 0 0
YLR262C-A 2 19
YLR263W 0 0
YLR264W 1 1
YLR264C-A 4 538
YLR265C 8 624
YLR266C 9 800
YLR267W 2 28
YLR268W 5 187
YLR269C 2 41
YLR270W 3 32
YLR271W 5 340
YLR272C 0 0
YLR273C 0 0
YLR274W 2 48
YLR275W 2 37
YLR276C 1 2
YLR277C 3 112
YLR278C 6 68
YLR279W 5 548
YLR280C 1 6
YLR281C 8 594
YLR282C 2 71
YLR283W 4 114
YLR284C 0 0
YLR285W 0 0
YLR285C-A 6 177
YLR286C 0 0
YLR286W-A 1 2
YLR287C 0 0
YLR287C-A 4 279
YLR288C 7 24
YLR289W 3 52
YLR290C 0 0
YLR291C 3 64
YLR292C 3 94
YLR293C 1 12
YLR294C 3 36
YLR295C 2 17
YLR296W 7 144
YLR297W 1 67
YLR298C 9 250
YLR299W 1 4
YLR299C-A 7 291
YLR300W 1 1
YLR301W 2 19
YLR302C 2 2
YLR303W 3 265
YLR304C 2 60
YLR305C 3 49
YLR306W 2 127
YLR307W 0 0
YLR307C-A 1 13
YLR308W 1 28
YLR309C 3 60
YLR310C 1 43
YLR311C 3 130
YLR312C 1 4
YLR312W-A 7 66
YLR313C 2 13
YLR314C 4 94
YLR315W 2 9
YLR316C 7 290
YLR317W 4 135
YLR318W 2 73
YLR319C 1 2
YLR320W 0 0
YLR321C 4 31
YLR322W 2 20
YLR323C 3 220
YLR324W 2 47
YLR325C 0 0
YLR326W 4 107
YLR327C 1 1
YLR328W 2 78
YLR329W 0 0
YLR330W 6 271
YLR331C 0 0
YLR332W 1 5
YLR333C 4 46
YLR334C 4 76
YLR335W 5 26
YLR336C 1 4
YLR337C 0 0
YLR338W 2 29
YLR339C 0 0
YLR340W 0 0
YLR341W 1 7
YLR342W 2 7
YLR342W-A 0 0
YLR343W 0 0
YLR344W 1 11
YLR345W 2 97
YLR346C 0 0
YLR347C 0 0
YLR347W-A 1 2
YLR348C 10 2359
YLR349W 4 111
YLR350W 2 8056
YLR351C 2 61
YLR352W 4 79
YLR353W 3 15
YLR354C 6 856
YLR355C 2 302
YLR356W 2 178
YLR357W 6 230
YLR358C 5 33
YLR359W 0 0
YLR360W 1 1
YLR361C 7 92
YLR361C-A 1 5
YLR362W 2 82
YLR363C 0 0
YLR363W-A 1 2
YLR364W 2 12
YLR365W 2 20
YLR364C-A 8 518
YLR366W 0 0
YLR367W 10 261
YLR368W 3 119
YLR369W 2 32
YLR370C 4 24
YLR371W 1 212
YLR372W 1 9
YLR373C 9 175
YLR374C 2 80
YLR375W 2 143
YLR376C 3 29
YLR377C 4 9
YLR378C 0 0
YLR379W 3 21
YLR380W 2 14
YLR381W 0 0
YLR382C 2 17
YLR383W 0 0
YLR384C 7 134
YLR385C 0 0
YLR386W 5 178
YLR387C 2 164
YLR388W 2 581
YLR389C 0 0
YLR390W 1 1
YLR390W-A 5 242
YLR392C 1 1
YLR393W 2 109
YLR394W 1 11
YLR395C 6 922
YLR396C 1 10
YLR397C 4 583
YLR398C 5 203
YLR399C 7 57
YLR399W-A 0 0
YLR400W 0 0
YLR401C 5 729
YLR402W 2 64
YLR403W 1 1
YLR404W 3 97
YLR405W 5 1243
YLR406C 3 9
YLR406C-A 7 49
YLR407W 2 46
YLR408C 9 830
YLR409C 6 1574
YLR410W 3 28
YLR411W 4 109
YLR412W 4 22
YLR412C-A 1 44
YLR413W 2 82
YLR414C 2 6
YLR415C 2 16
YLR416C 6 64
YLR417W 3 25
YLR418C 0 0
YLR419W 1 1
YLR420W 6 324
YLR421C 5 75
YLR422W 1 1
YLR423C 1 14
YLR424W 2 56
YLR425W 3 202
YLR426W 5 298
YLR427W 1 7
YLR428C 3 63
YLR429W 8 1738
YLR430W 0 0
YLR431C 0 0
YLR432W 1 27
YLR433C 0 0
YLR434C 1 16
YLR435W 1 1
YLR436C 2 223
YLR437C 6 99
YLR437C-A 3 36
YLR438W 5 79
YLR438C-A 2 3
YLR439W 0 0
YLR440C 0 0
YLR441C 3 19
YLR442C 2 24
YLR443W 2 18
YLR444C 2 10
YLR445W 5 119
YLR446W 6 209
YLR447C 3 103
YLR448W 1 4
YLR449W 2 25
YLR450W 4 60
YLR451W 0 0
YLR452C 3 193
YLR453C 5 714
YLR454W 3 61
YLR455W 0 0
YLR456W 4 293
YLR457C 5 194
YLR458W 0 0
YLR459W 5 49
YLR460C 5 95
YLR461W 0 0
YLR462W 0 0
YLR463C 0 0
YLR464W 0 0
YLR465C 0 0
YLR466W 0 0
YLR466C-A 0 0
YLR466C-B 0 0
YLR467W 0 0
YLR467C-A 0 0
YML133C 0 0
YML133W-B 0 0
YML133W-A 0 0
YML132W 0 0
YML131W 3 518
YML130C 3 20
YML129C 3 387
YML128C 5 136
YML127W 1 114
YML126C 7 506
YML125C 4 108
YML124C 0 0
YML123C 1 8
YML122C 6 40
YML121W 2 18
YML120C 7 1163
YML119W 1 4
YML118W 0 0
YML117W 3 53
YML116W-A 1 82
YML116W 3 38
YML115C 4 30
YML114C 1 36
YML113W 4 43
YML112W 4 6
YML111W 0 0
YML110C 5 218
YML109W 1 1
YML108W 2 84
YML107C 2 23
YML106W 1 127
YML105C 2 3
YML104C 0 0
YML103C 5 91
YML102W 6 43
YML101C-A 9 212
YML101C 13 659
YML100W-A 9 767
YML100W 2 73
YML099W-A 6 132
YML099C 7 124
YML098W 3 40
YML097C 4 253
YML096W 1 369
YML095C 0 0
YML094C-A 0 0
YML094W 2 13
YML093W 3 33
YML092C 0 0
YML091C 1 27
YML090W 4 60
YML089C 4 78
YML088W 9 261
YML087C 6 104
YML086C 0 0
YML085C 2 20
YML084W 2 20
YML083C 0 0
YML082W 4 252
YML081C-A 5 193
YML081W 0 0
YML080W 1 4
YML079W 4 69
YML078W 4 276
YML077W 0 0
YML076C 3 19
YML075C 2 86
YML074C 4 5212
YML073C 2 13
YML072C 4 166
YML071C 4 123
YML070W 0 0
YML069W 2 124
YML068W 0 0
YML067C 1 9
YML066C 1 26
YML065W 1 22
YML064C 0 0
YML063W 2 25
YML062C 1 26
YML061C 0 0
YML060W 2 43
YML059C 1 10
YML058W-A 3 161
YML058W 11 251
YML057C-A 2 13
YML057W 0 0
YML056C 0 0
YML055W 3 13
YML054C 4 90
YML054C-A 12 5170
YML053C 2 18
YML052W 4 32
YML051W 7 287
YML050W 5 124
YML049C 7 64
YML048W 7 68
YML047W-A 0 0
YML047C 0 0
YML046W 1 130
YML043C 1 2
YML042W 11 305
YML041C 3 55
YML038C 6 102
YML037C 2 7
YML036W 2 17
YML035C 1 5
YML034C-A 0 0
YML034W 0 0
YML032C 0 0
YML031C-A 0 0
YML031W 0 0
YML030W 2 8
YML029W 4 47
YML028W 2 188
YML027W 4 60
YML026C 1 44
YML025C 4 168
YML024W 3 59
YML023C 4 58
YML022W 1 22
YML021C 11 5277
YML020W 0 0
YML019W 2 15
YML018C 1 2
YML017W 2 53
YML016C 0 0
YML015C 2 234
YML014W 3 15
YML013W 7 843
YML012C-A 4 1583
YML012W 9 255
YML011C 7 126
YML010W 4 118
YML009W-B 0 0
YML009C-A 7 715
YML009C 6 233
YML008C 1 18
YML007C-A 8 566
YML007W 0 0
YML006C 0 0
YML005W 10 489
YML004C 8 964
YML003W 3 8
YML002W 0 0
YML001W 2 64
YMR001C 0 0
YMR001C-A 5 76
YMR002W 4 219
YMR003W 2 57
YMR004W 2 156
YMR005W 3 297
YMR006C 1 10
YMR007W 2 6
YMR008C 1 1
YMR009W 5 394
YMR010W 1 2
YMR011W 0 0
YMR012W 0 0
YMR013C 1 8
YMR013C-A 1 1
YMR013W-A 2 25
YMR014W 9 1405
YMR015C 3 326
YMR016C 1 5
YMR017W 0 0
YMR018W 2 4
YMR019W 5 91
YMR020W 2 14
YMR021C 2 2
YMR022W 3 62
YMR023C 1 8
YMR024W 3 13
YMR025W 4 70
YMR026C 2 5
YMR027W 0 0
YMR028W 1 27
YMR029C 7 818
YMR030W 3 581
YMR031C 2 22
YMR031W-A 3 102
YMR032W 0 0
YMR030W-A 2 2
YMR033W 0 0
YMR034C 1 210
YMR035W 2 13
YMR036C 2 24
YMR037C 1 66
YMR038C 1 29
YMR039C 4 125
YMR040W 1 30
YMR041C 5 132
YMR042W 7 390
YMR043W 5 184
YMR044W 5 127
YMR046W-A 0 0
YMR047C 4 35
YMR048W 2 24
YMR049C 4 76
YMR052W 2 67
YMR052C-A 2 9
YMR053C 1 1
YMR054W 4 518
YMR055C 3 19
YMR056C 8 227
YMR057C 4 44
YMR058W 6 109
YMR059W 3 98
YMR060C 3 147
YMR061W 3 51
YMR062C 1 1
YMR063W 7 2973
YMR064W 4 458
YMR065W 3 19
YMR066W 5 96
YMR067C 3 3
YMR068W 4 191
YMR069W 5 602
YMR070W 2 6
YMR071C 5 58
YMR072W 3 35
YMR073C 5 47
YMR074C 4 31
YMR075W 4 73
YMR075C-A 5 252
YMR076C 0 0
YMR077C 0 0
YMR078C 1 93
YMR079W 4 89
YMR080C 0 0
YMR081C 2 2
YMR082C 1 1
YMR083W 4 52
YMR084W 0 0
YMR085W 0 0
YMR086W 4 114
YMR086C-A 8 119
YMR087W 5 77
YMR088C 0 0
YMR089C 0 0
YMR090W 2 9
YMR091C 2 11
YMR092C 4 37
YMR093W 5 141
YMR094W 2 29
YMR095C 4 40
YMR096W 1 1
YMR097C 2 92
YMR098C 0 0
YMR099C 5 221
YMR100W 0 0
YMR101C 0 0
YMR102C 5 79
YMR103C 13 1254
YMR104C 1 3
YMR105C 1 40
YMR105W-A 6 39
YMR106C 6 141
YMR107W 2 3
YMR108W 1 24
YMR109W 8 248
YMR110C 4 90
YMR111C 1 35
YMR112C 5 97
YMR113W 1 9
YMR114C 3 134
YMR115W 1 77
YMR116C 3 40
YMR117C 4 223
YMR118C 0 0
YMR119W 0 0
YMR119W-A 1 23
YMR120C 4 76
YMR121C 3 14
YMR122C 2 59
YMR122W-A 4 31
YMR123W 5 120
YMR124W 4 23
YMR125W 1 10
YMR126C 0 0
YMR127C 0 0
YMR128W 3 76
YMR129W 3 68
YMR130W 1 33
YMR131C 1 7
YMR132C 4 46
YMR133W 1 54
YMR134W 1 97
YMR135C 12 1496
YMR135W-A 4 658
YMR136W 3 65
YMR137C 1 17
YMR138W 0 0
YMR139W 6 136
YMR140W 1 1
YMR141C 5 43
YMR142C 0 0
YMR141W-A 0 0
YMR143W 2 11
YMR144W 0 0
YMR145C 4 44
YMR146C 5 143
YMR147W 4 50
YMR148W 1 5
YMR149W 7 806
YMR150C 4 38
YMR151W 3 5
YMR152W 1 1
YMR153W 3 41
YMR153C-A 1 7
YMR154C 2 14
YMR155W 5 461
YMR156C 0 0
YMR157C 5 879
YMR158W 2 49
YMR158C-A 2 24
YMR158W-B 3 30
YMR159C 2 168
YMR160W 1 111
YMR161W 5 143
YMR162C 3 12
YMR163C 2 15
YMR164C 1 6
YMR165C 1 10
YMR166C 0 0
YMR167W 5 45
YMR168C 6 269
YMR169C 2 9
YMR170C 2 26
YMR171C 2 46
YMR172W 1 2
YMR172C-A 0 0
YMR173W 0 0
YMR173W-A 2 6
YMR174C 2 83
YMR175W 6 555
YMR175W-A 1 3
YMR176W 2 25
YMR177W 0 0
YMR178W 2 33
YMR179W 4 38
YMR180C 2 33
YMR181C 0 0
YMR182C 2 17
YMR182W-A 3 440
YMR183C 2 24
YMR184W 3 41
YMR185W 3 3
YMR186W 3 86
YMR187C 1 1
YMR188C 3 46
YMR189W 1 13
YMR190C 0 0
YMR191W 8 1115
YMR192W 3 54
YMR193W 2 12
YMR193C-A 1 1
YMR194W 9 55
YMR194C-B 4 831
YMR194C-A 9 6911
YMR195W 2 2
YMR196W 2 65
YMR197C 1 68
YMR198W 1 8
YMR199W 0 0
YMR200W 1 45
YMR201C 4 133
YMR202W 3 23
YMR203W 4 88
YMR204C 0 0
YMR205C 0 0
YMR206W 5 153
YMR207C 0 0
YMR208W 2 25
YMR209C 1 2
YMR210W 4 308
YMR211W 1 10
YMR212C 0 0
YMR213W 2 2
YMR214W 8 2588
YMR215W 1 116
YMR216C 2 7
YMR217W 3 147
YMR218C 5 91
YMR219W 4 24
YMR220W 1 360
YMR221C 5 164
YMR222C 1 11
YMR223W 0 0
YMR224C 8 437
YMR225C 9 503
YMR226C 1 47
YMR227C 0 0
YMR228W 3 15
YMR229C 1 3
YMR230W 8 171
YMR230W-A 1 8
YMR231W 5 143
YMR232W 1 9
YMR233W 1 4
YMR234W 1 10
YMR235C 2 63
YMR236W 3 32
YMR237W 2 85
YMR238W 2 20
YMR239C 2 192
YMR240C 3 21
YMR241W 8 896
YMR242C 0 0
YMR242W-A 0 0
YMR243C 1 3
YMR244W 0 0
YMR244C-A 11 2069
YMR245W 1 3
YMR246W 3 13
YMR247C 4 93
YMR247W-A 0 0
YMR250W 3 55
YMR251W 3 97
YMR251W-A 0 0
YMR252C 4 42
YMR253C 4 40
YMR254C 0 0
YMR255W 2 11
YMR256C 1 26
YMR257C 3 58
YMR258C 1 4
YMR259C 7 500
YMR260C 1 22
YMR261C 3 8
YMR262W 4 88
YMR263W 2 728
YMR264W 4 29
YMR265C 9 89
YMR266W 1 83
YMR267W 2 18
YMR268C 0 0
YMR269W 3 63
YMR270C 0 0
YMR271C 1 2
YMR272C 6 303
YMR272W-A 1 2
YMR272W-B 2 86
YMR273C 0 0
YMR274C 2 10
YMR275C 2 12
YMR276W 4 206
YMR277W 0 0
YMR278W 3 96
YMR279C 2 54
YMR280C 0 0
YMR281W 2 66
YMR282C 1 2
YMR283C 6 734
YMR284W 4 15
YMR285C 1 6
YMR286W 4 18
YMR287C 1 21
YMR288W 3 13
YMR289W 2 67
YMR290C 3 7
YMR290W-A 1 72
YMR291W 3 189
YMR292W 7 971
YMR293C 5 186
YMR294W 4 32
YMR294W-A 3 364
YMR295C 0 0
YMR296C 2 13
YMR297W 0 0
YMR298W 1 1
YMR299C 2 168
YMR300C 1 1
YMR301C 1 3
YMR302C 2 14
YMR303C 2 16
YMR304W 0 0
YMR304C-A 1 1
YMR305C 1 1
YMR306W 2 9
YMR306C-A 1 21
YMR307W 0 0
YMR307C-A 3 154
YMR308C 1 20
YMR309C 1 2
YMR310C 4 37
YMR311C 5 19
YMR312W 4 21
YMR313C 11 534
YMR314W 2 21
YMR315W 2 13
YMR315W-A 1 2
YMR316W 2 21
YMR316C-A 5 363
YMR316C-B 1 2
YMR317W 1 25
YMR318C 2 227
YMR319C 0 0
YMR320W 6 481
YMR321C 0 0
YMR322C 0 0
YMR323W 0 0
YMR324C 1 2
YMR325W 0 0
YMR326C 13 1246
YNL339C 0 0
YNL339W-B 0 0
YNL339W-A 0 0
YNL338W 0 0
YNL337W 14 2008
YNL336W 0 0
YNL335W 1 39
YNL334C 3 67
YNL333W 0 0
YNL332W 0 0
YNL331C 1 11
YNL330C 2 105
YNL329C 3 65
YNL328C 6 189
YNL327W 1 6
YNL326C 3 72
YNL325C 2 103
YNL324W 1 12
YNL323W 0 0
YNL322C 5 635
YNL321W 4 116
YNL320W 1 1347
YNL319W 0 0
YNL318C 0 0
YNL317W 7 345
YNL316C 1 12
YNL315C 3 530
YNL314W 1 10
YNL313C 2 5
YNL312W 1 110
YNL311C 9 224
YNL310C 3 16
YNL309W 4 252
YNL308C 1 5
YNL307C 1 1
YNL306W 3 6
YNL305C 3 21
YNL304W 8 842
YNL303W 1 1
YNL302C 1 5
YNL301C 1 23
YNL300W 0 0
YNL299W 1 6
YNL298W 0 0
YNL297C 7 323
YNL296W 0 0
YNL295W 0 0
YNL294C 1 24
YNL293W 2 36
YNL292W 7 79
YNL291C 0 0
YNL290W 5 136
YNL289W 0 0
YNL288W 3 57
YNL287W 0 0
YNL286W 1 2
YNL285W 3 7
YNL284C 3 14
YNL283C 1 2
YNL282W 10 201
YNL281W 4 44
YNL280C 0 0
YNL279W 1 10
YNL278W 5 51
YNL277W-A 9 363
YNL277W 1 4
YNL276C 3 7
YNL275W 5 29
YNL274C 0 0
YNL273W 1 3865
YNL272C 1 2
YNL271C 0 0
YNL270C 4 19
YNL269W 2 3
YNL268W 4 14
YNL267W 2 12
YNL266W 0 0
YNL265C 7 344
YNL264C 2 454
YNL263C 1 4
YNL262W 2 10
YNL261W 0 0
YNL260C 3 34
YNL259C 2 158
YNL258C 0 0
YNL257C 2 34
YNL256W 0 0
YNL255C 2 109
YNL254C 5 107
YNL253W 5 100
YNL252C 3 29
YNL251C 3 83
YNL250W 3 2352
YNL249C 2 2
YNL248C 4 31
YNL247W 7 83
YNL246W 3 45
YNL245C 6 4858
YNL244C 2 5
YNL243W 3 226
YNL242W 0 0
YNL241C 3 7
YNL240C 3 33
YNL239W 2 78
YNL238W 0 0
YNL237W 4 38
YNL236W 0 0
YNL235C 2 47
YNL234W 7 113
YNL233W 1 2
YNL232W 4 37
YNL231C 0 0
YNL230C 0 0
YNL229C 0 0
YNL228W 3 1641
YNL227C 2 4
YNL226W 0 0
YNL225C 4 226
YNL224C 0 0
YNL223W 4 1197
YNL222W 4 40
YNL221C 0 0
YNL220W 4 67
YNL219C 1 1
YNL218W 6 142
YNL217W 5 503
YNL216W 4 10
YNL215W 3 31
YNL214W 3 10
YNL213C 3 82
YNL212W 1 16
YNL211C 3 44
YNL210W 1 5
YNL209W 1 77
YNL208W 4 14
YNL207W 1 2
YNL206C 3 51
YNL205C 0 0
YNL204C 0 0
YNL203C 4 119
YNL202W 2 18
YNL201C 0 0
YNL200C 0 0
YNL199C 0 0
YNL198C 0 0
YNL197C 1 3
YNL196C 2 18
YNL195C 0 0
YNL194C 2 25
YNL193W 8 494
YNL192W 3 53
YNL191W 0 0
YNL190W 2 33
YNL189W 0 0
YNL188W 0 0
YNL187W 1 26
YNL186W 2 83
YNL185C 0 0
YNL184C 2 37
YNL183C 3 21
YNL182C 3 49
YNL181W 0 0
YNL180C 2 8
YNL179C 7 841
YNL178W 3 72
YNL177C 4 92
YNL176C 4 18
YNL175C 2 182
YNL174W 1 25
YNL173C 2 2
YNL172W 0 0
YNL171C 0 0
YNL170W 2 14
YNL169C 1 122
YNL168C 0 0
YNL167C 2 21
YNL166C 4 139
YNL165W 0 0
YNL164C 1 1
YNL163C 1 1
YNL162W-A 2 8
YNL162W 1 4
YNL161W 5 489
YNL160W 3 18
YNL159C 3 227
YNL158W 4 145
YNL157W 2 5
YNL156C 3 3
YNL155W 3 15
YNL154C 4 45
YNL153C 12 1486
YNL152W 4 26
YNL151C 3 140
YNL150W 1 29
YNL149C 4 41
YNL148C 5 75
YNL147W 3 412
YNL146C-A 4 166
YNL146W 3 167
YNL145W 2 8
YNL144C 6 98
YNL144W-A 1 6
YNL143C 1 2
YNL142W 3 18
YNL141W 0 0
YNL140C 1 2
YNL139C 0 0
YNL138W-A 7 41
YNL138W 1 9
YNL137C 1 3
YNL136W 2 78
YNL135C 2 72
YNL134C 6 254
YNL133C 8 126
YNL132W 0 0
YNL131W 0 0
YNL130C 5 302
YNL130C-A 3 124
YNL129W 3 124
YNL128W 0 0
YNL127W 0 0
YNL126W 2 66
YNL125C 5 101
YNL124W 5 1009
YNL123W 5 141
YNL122C 6 1292
YNL121C 4 260
YNL120C 0 0
YNL119W 3 107
YNL118C 1 12
YNL117W 1 6
YNL116W 2 38
YNL115C 3 10
YNL114C 0 0
YNL113W 4 239
YNL112W 0 0
YNL111C 1 8
YNL110C 2 56
YNL109W 2 13
YNL108C 3 7
YNL107W 4 26
YNL106C 1 1
YNL105W 1 18
YNL104C 5 64
YNL103W-A 2 108
YNL103W 7 241
YNL102W 1 25
YNL101W 1 49
YNL100W 5 41
YNL099C 4 71
YNL098C 0 0
YNL097C-B 1 26
YNL097C 3 483
YNL097W-A 2 65
YNL096C 4 27
YNL095C 1 10
YNL094W 0 0
YNL093W 0 0
YNL092W 2 8
YNL091W 0 0
YNL090W 3 14
YNL089C 0 0
YNL088W 2 28
YNL087W 1 1
YNL086W 0 0
YNL085W 0 0
YNL084C 2 27
YNL083W 0 0
YNL082W 1 2
YNL081C 2 259
YNL080C 2 3
YNL079C 8 131
YNL078W 3 26
YNL077W 1 1
YNL076W 0 0
YNL075W 1 317
YNL074C 2 42
YNL073W 7 507
YNL072W 2 3
YNL071W 2 8
YNL070W 4 15
YNL069C 0 0
YNL068C 5 102
YNL067W-A 1 12
YNL067W-B 3 174
YNL067W 6 89
YNL066W 1 791
YNL065W 1 1
YNL064C 0 0
YNL063W 3 24
YNL062C 2 8
YNL061W 3 63
YNL059C 1 4
YNL058C 0 0
YNL057W 1 7
YNL056W 4 385
YNL055C 10 942
YNL054W 3 56
YNL053W 0 0
YNL052W 6 325
YNL051W 2 121
YNL050C 3 158
YNL049C 3 10
YNL048W 3 35
YNL047C 6 146
YNL046W 0 0
YNL045W 7 210
YNL044W 0 0
YNL043C 0 0
YNL042W-B 1 2
YNL042W 0 0
YNL041C 2 173
YNL040W 5 22
YNL039W 1 154
YNL038W 6 258
YNL037C 4 249
YNL036W 2 60
YNL035C 4 352
YNL034W 0 0
YNL033W 0 0
YNL032W 1 34
YNL031C 1 45
YNL030W 0 0
YNL029C 4 25
YNL028W 3 102
YNL027W 3 232
YNL026W 1 2
YNL025C 5 36
YNL024C-A 0 0
YNL024C 1 45
YNL023C 4 96
YNL022C 1 5
YNL021W 1 61
YNL020C 1 7
YNL019C 0 0
YNL018C 0 0
YNL017C 4 10
YNL016W 3 19
YNL015W 0 0
YNL014W 1 91
YNL013C 1 11
YNL012W 1 11
YNL011C 5 85
YNL010W 1 8
YNL009W 4 75
YNL008C 6 81
YNL007C 0 0
YNL006W 2 16
YNL005C 1 130
YNL004W 1 97
YNL003C 5 60
YNL002C 2 15
YNL001W 1 28
YNR001C 3 12
YNR001W-A 5 37
YNR002C 5 467
YNR003C 3 288
YNR003W-A 8 1108
YNR004W 4 65
YNR005C 1 19
YNR006W 2 5
YNR007C 2 115
YNR008W 3 54
YNR009W 1 72
YNR010W 2 35
YNR011C 4 176
YNR012W 4 10
YNR013C 1 3
YNR014W 10 293
YNR015W 4 150
YNR016C 3 1362
YNR017W 3 88
YNR018W 4 782
YNR019W 5 74
YNR020C 5 153
YNR021W 4 125
YNR022C 2 16
YNR023W 1 50
YNR024W 1 103
YNR025C 0 0
YNR026C 5 55
YNR027W 1 217
YNR028W 1 62
YNR029C 2 2
YNR030W 0 0
YNR031C 0 0
YNR032W 0 0
YNR032C-A 6 88615
YNR033W 3 7
YNR034W 2 5
YNR034W-A 1 2
YNR035C 3 102
YNR036C 2 49
YNR037C 5 113
YNR038W 4 839
YNR039C 3 278
YNR040W 3 13
YNR041C 0 0
YNR042W 0 0
YNR043W 0 0
YNR044W 0 0
YNR045W 2 6
YNR046W 7 516
YNR047W 4 253
YNR048W 4 55
YNR049C 4 39
YNR050C 1 169
YNR051C 0 0
YNR052C 0 0
YNR053C 3 84
YNR054C 3 135
YNR055C 1 15
YNR056C 2 26
YNR057C 0 0
YNR058W 4 64
YNR059W 1 1
YNR060W 2 2
YNR061C 1 3
YNR062C 1 1
YNR063W 0 0
YNR064C 3 357
YNR065C 3 37
YNR066C 7 416
YNR067C 2 5
YNR068C 0 0
YNR069C 2 11
YNR070W 0 0
YNR071C 3 6
YNR072W 0 0
YNR073C 3 6
YNR074C 1 12
YNR075W 6 147
YNR075C-A 3 90
YNR076W 0 0
YNR077C 4 78
YOL166W-A 6 19
YOL166C 1 24
YOL165C 0 0
YOL164W-A 0 0
YOL164W 0 0
YOL163W 3 53
YOL162W 1 18
YOL161C 0 0
YOL160W 0 0
YOL159C-A 0 0
YOL159C 4 37
YOL158C 3 183
YOL157C 1 59
YOL156W 0 0
YOL155W-A 0 0
YOL155C 0 0
YOL154W 1 1
YOL152W 3 45
YOL151W 2 2
YOL150C 5 261
YOL149W 2 140
YOL148C 2 41
YOL147C 1 9
YOL146W 0 0
YOL145C 1 50
YOL144W 3 32
YOL143C 3 15
YOL142W 7 260
YOL141W 1 2
YOL140W 7 90
YOL139C 2 21
YOL138C 2 95
YOL137W 3 67
YOL136C 0 0
YOL135C 3 8
YOL134C 1 19
YOL133W 0 0
YOL132W 0 0
YOL131W 0 0
YOL130W 0 0
YOL129W 8 138
YOL128C 2 1278
YOL127W 0 0
YOL126C 5 172
YOL125W 6 138
YOL124C 8 2687
YOL123W 2 93
YOL122C 1 4
YOL121C 5 94
YOL120C 0 0
YOL119C 2 16
YOL118C 1 11
YOL117W 4 47
YOL116W 0 0
YOL115W 1 3
YOL114C 4 36
YOL113W 1 93
YOL112W 2 43
YOL111C 1 1
YOL110W 5 224
YOL109W 2 6
YOL108C 4 185
YOL107W 3 547
YOL106W 2 3
YOL105C 0 0
YOL104C 4 113
YOL103W 0 0
YOL102C 3 28
YOL101C 1 3
YOL100W 0 0
YOL099C 3 48
YOL098C 2 21
YOL097W-A 2 49
YOL097C 2 90
YOL096C 1 1
YOL095C 0 0
YOL094C 2 83
YOL093W 1 4
YOL092W 3 85
YOL091W 0 0
YOL090W 1 18
YOL089C 1 27
YOL088C 2 53
YOL087C 0 0
YOL086W-A 3 14
YOL086C 6 58
YOL085W-A 0 0
YOL085C 3 49
YOL084W 0 0
YOL083W 1 3
YOL083C-A 2 10
YOL082W 3 189
YOL081W 2 331
YOL080C 3 123
YOL079W 0 0
YOL078W 0 0
YOL077W-A 4 149
YOL077C 0 0
YOL076W 1 1
YOL075C 3 110
YOL073C 4 47
YOL072W 5 412
YOL071W 2 50
YOL070C 6 104
YOL069W 1 1
YOL068C 1 67
YOL067C 3 83
YOL066C 0 0
YOL065C 0 0
YOL064C 2 7
YOL063C 2 36
YOL062C 3 446
YOL061W 3 4
YOL060C 1 27
YOL059W 6 89
YOL058W 8 452
YOL057W 3 58
YOL056W 1 25
YOL055C 1 25
YOL054W 2 54
YOL053W 3 51
YOL052C-A 0 0
YOL052C 4 219
YOL051W 3 185
YOL050C 1 2
YOL049W 12 3127
YOL048C 3 140
YOL047C 3 110
YOL046C 0 0
YOL045W 1 1
YOL044W 1 5
YOL043C 2 17
YOL042W 1 31
YOL041C 1 151
YOL040C 2 102
YOL039W 2 51
YOL038C-A 0 0
YOL038W 3 81
YOL037C 1 2
YOL036W 0 0
YOL035C 2 25
YOL034W 7 417
YOL033W 4 103
YOL032W 0 0
YOL031C 2 24
YOL030W 2 29
YOL029C 0 0
YOL028C 2 50
YOL027C 7 160
YOL026C 2 9
YOL025W 0 0
YOL024W 3 29
YOL023W 0 0
YOL022C 4 28
YOL021C 4 85
YOL020W 5 76
YOL019W-A 6 328
YOL019W 1 4
YOL018C 4 50
YOL017W 0 0
YOL016C 1 10
YOL015W 0 0
YOL014W 0 0
YOL013W-B 0 0
YOL013W-A 2 7
YOL013C 0 0
YOL012C 0 0
YOL011W 1 2
YOL010W 1 10
YOL009C 2 29
YOL008W 2 29
YOL007C 1 6
YOL006C 1 1
YOL005C 9 151
YOL004W 0 0
YOL003C 8 154
YOL002C 5 41
YOL001W 2 114
YOR001W 3 41
YOR002W 2 106
YOR003W 3 146
YOR004W 6 69
YOR005C 2 141
YOR006C 1 2
YOR007C 1 7
YOR008C 0 0
YOR008C-A 1 9
YOR008W-B 3 59
YOR009W 0 0
YOR010C 1 19
YOR011W 0 0
YOR011W-A 0 0
YOR012W 1 4
YOR013W 1 11
YOR014W 0 0
YOR015W 1 2
YOR016C 2 14
YOR017W 2 26
YOR018W 1 1
YOR019W 2 20
YOR020C 3 42
YOR020W-A 0 0
YOR021C 2 15
YOR022C 3 7
YOR023C 5 111
YOR024W 5 113
YOR025W 3 75
YOR026W 6 1186
YOR027W 2 90
YOR028C 0 0
YOR029W 4 143
YOR030W 0 0
YOR031W 5 350
YOR032C 3 4
YOR032W-A 1 3
YOR033C 0 0
YOR034C 0 0
YOR034C-A 3 27
YOR035C 5 143
YOR036W 4 159
YOR037W 4 42
YOR038C 3 131
YOR039W 0 0
YOR040W 0 0
YOR041C 5 48
YOR042W 5 54
YOR043W 0 0
YOR044W 4 105
YOR045W 2 6
YOR046C 4 16
YOR047C 0 0
YOR048C 2 4
YOR049C 2 27
YOR050C 2 33
YOR051C 1 1
YOR052C 2 27
YOR053W 2 28
YOR054C 5 111
YOR055W 1 3
YOR056C 2 37
YOR057W 2 21
YOR058C 0 0
YOR059C 4 64
YOR060C 6 110
YOR061W 0 0
YOR062C 0 0
YOR063W 7 756
YOR064C 9 5091
YOR065W 0 0
YOR066W 5 178
YOR067C 2 14
YOR069W 1 55
YOR068C 4 62
YOR070C 2 7
YOR071C 1 17
YOR072W 1 4
YOR072W-A 5 340
YOR072W-B 2 78
YOR073W 2 6
YOR074C 1 23
YOR073W-A 2 6
YOR075W 7 182
YOR076C 4 94
YOR077W 0 0
YOR078W 5 190
YOR079C 0 0
YOR080W 2 6
YOR081C 2 24
YOR082C 4 22
YOR083W 1 1
YOR084W 6 67
YOR085W 2 4
YOR086C 3 14
YOR087W 7 91
YOR089C 2 5
YOR090C 0 0
YOR091W 1 3
YOR092W 0 0
YOR093C 1 1
YOR094W 0 0
YOR095C 6 191
YOR096W 1 60
YOR097C 3 14
YOR098C 5 604
YOR099W 3 265
YOR100C 3 60
YOR101W 0 0
YOR102W 8 904
YOR103C 6 294
YOR104W 0 0
YOR105W 0 0
YOR106W 1 27
YOR107W 3 21
YOR108W 3 100
YOR108C-A 2 25
YOR109W 0 0
YOR110W 0 0
YOR111W 4 78
YOR112W 0 0
YOR113W 0 0
YOR114W 4 18
YOR115C 5 552
YOR116C 0 0
YOR117W 0 0
YOR118W 0 0
YOR119C 1 34
YOR120W 1 16
YOR121C 3 104
YOR122C 3 246
YOR123C 1 3
YOR124C 0 0
YOR125C 1 4
YOR126C 4 168
YOR127W 2 2
YOR128C 1 1
YOR129C 0 0
YOR130C 2 35
YOR131C 1 2
YOR132W 1 22
YOR133W 2 3
YOR134W 4 19
YOR135C 0 0
YOR136W 1 37
YOR137C 0 0
YOR138C 1 1
YOR139C 0 0
YOR140W 1 5
YOR141C 5 77
YOR142W 2 28
YOR143C 1 1
YOR144C 1 1
YOR145C 2 365
YOR146W 0 0
YOR147W 3 10
YOR148C 5 842
YOR149C 2 26
YOR150W 4 46
YOR151C 0 0
YOR152C 0 0
YOR153W 3 15
YOR154W 2 23
YOR155C 1 19
YOR156C 1 4
YOR157C 2 51
YOR158W 6 318
YOR159C 4 134
YOR160W 0 0
YOR161C 8 9622
YOR161W-A 1 2
YOR161W-B 1 1
YOR161C-C 7 433
YOR162C 3 18
YOR163W 3 55
YOR164C 3 37
YOR165W 5 264
YOR166C 1 75
YOR167C 0 0
YOR168W 7 266
YOR169C 2 34
YOR170W 2 8
YOR171C 1 24
YOR172W 11 395
YOR173W 2 5
YOR174W 0 0
YOR175C 1 2
YOR176W 1 5
YOR177C 1 632
YOR178C 5 99
YOR179C 1 3
YOR180C 2 19
YOR181W 2 5
YOR182C 4 115
YOR183W 2 8
YOR184W 0 0
YOR185C 2 3
YOR186W 2 193
YOR186C-A 4 50
YOR187W 3 28
YOR188W 2 487
YOR189W 2 69
YOR190W 0 0
YOR191W 1 2
YOR192C 0 0
YOR192C-C 0 0
YOR193W 1 14
YOR194C 1 9
YOR195W 1 23
YOR196C 6 144
YOR197W 4 497
YOR198C 1 6
YOR199W 3 10
YOR200W 7 59
YOR201C 4 109
YOR202W 3 341
YOR203W 1 2
YOR204W 5 82
YOR205C 6 77
YOR206W 4 12
YOR207C 3 253
YOR208W 2 23
YOR209C 1 13
YOR210W 2 57
YOR211C 0 0
YOR212W 3 1501
YOR213C 2 13
YOR214C 0 0
YOR215C 3 19
YOR216C 1 29
YOR217W 2 62
YOR218C 1 3
YOR219C 2 106
YOR220W 3 4
YOR221C 3 8
YOR222W 2 3
YOR223W 5 68
YOR224C 1 3
YOR225W 1 3
YOR226C 11 1980
YOR227W 2 36
YOR228C 1 10
YOR229W 1 7
YOR230W 2 35
YOR231W 2 39
YOR231C-A 0 0
YOR232W 0 0
YOR233W 0 0
YOR234C 1 2
YOR235W 1 2
YOR236W 3 6
YOR237W 2 40
YOR238W 3 509
YOR239W 1 2
YOR241W 3 4
YOR242C 1 1
YOR243C 2 24
YOR244W 1 1
YOR245C 6 96
YOR246C 1 2
YOR247W 1 1
YOR248W 0 0
YOR249C 1 9
YOR250C 0 0
YOR251C 7 50
YOR252W 4 99
YOR253W 3 408
YOR254C 3 98
YOR255W 4 92
YOR256C 1 21
YOR257W 1 1
YOR258W 3 7
YOR259C 6 272
YOR260W 2 4
YOR261C 0 0
YOR262W 2 5
YOR263C 0 0
YOR264W 1 2
YOR265W 11 1174
YOR266W 1 70
YOR267C 1 22
YOR268C 5 50
YOR269W 2 745
YOR270C 0 0
YOR271C 2 258
YOR272W 2 157
YOR273C 8 470
YOR274W 5 355
YOR275C 8 572
YOR276W 5 102
YOR277C 1 7
YOR278W 4 69
YOR279C 3 36
YOR280C 1 2
YOR281C 6 121
YOR282W 0 0
YOR283W 2 338
YOR284W 2 171
YOR285W 9 777
YOR286W 4 688
YOR287C 5 296
YOR288C 1 26
YOR289W 0 0
YOR290C 0 0
YOR291W 2 59
YOR292C 6 508
YOR293W 1 7
YOR293C-A 3 244
YOR294W 2 44
YOR295W 3 16
YOR296W 1 8
YOR297C 11 1948
YOR298W 1 37
YOR298C-A 8 373
YOR299W 1 2
YOR300W 0 0
YOR301W 1 17
YOR302W 5 54
YOR303W 2 7
YOR304W 0 0
YOR304C-A 2 3
YOR305W 0 0
YOR306C 4 78
YOR307C 3 12
YOR308C 0 0
YOR309C 0 0
YOR310C 2 18
YOR311C 3 7
YOR312C 0 0
YOR313C 1 23
YOR314W 1 1
YOR314W-A 14 3379
YOR315W 4 90
YOR316C 4 79
YOR316C-A 2 7
YOR317W 3 7
YOR318C 3 31
YOR319W 0 0
YOR320C 3 26
YOR321W 4 27
YOR322C 2 36
YOR323C 4 467
YOR324C 2 92
YOR325W 1 16
YOR326W 0 0
YOR327C 1 1
YOR328W 0 0
YOR329C 0 0
YOR329W-A 0 0
YOR330C 3 23
YOR331C 1 2
YOR332W 1 1
YOR333C 3 49
YOR334W 8 164
YOR335C 0 0
YOR335W-A 0 0
YOR336W 4 1130
YOR337W 4 145
YOR338W 1 41
YOR339C 0 0
YOR340C 4 65
YOR341W 0 0
YOR342C 1 200
YOR343C 15 3325
YOR344C 3 51
YOR345C 2 31
YOR346W 2 81
YOR347C 0 0
YOR348C 6 496
YOR349W 9 313
YOR350C 1 6
YOR351C 0 0
YOR352W 2 38
YOR353C 2 22
YOR354C 8 623
YOR355W 0 0
YOR356W 3 450
YOR357C 9 440
YOR358W 0 0
YOR359W 3 4
YOR360C 2 111
YOR361C 8 369
YOR362C 3 15
YOR363C 1 84
YOR364W 5 403
YOR365C 1 70
YOR366W 0 0
YOR367W 2 1114
YOR368W 2 24
YOR369C 2 8
YOR370C 0 0
YOR371C 3 191
YOR372C 1 39
YOR373W 3 252
YOR374W 4 85
YOR375C 0 0
YOR376W 1 8
YOR376W-A 2 17
YOR377W 5 93
YOR378W 0 0
YOR379C 7 331
YOR380W 2 5
YOR381W 0 0
YOR381W-A 3 127
YOR382W 2 25
YOR383C 1 1
YOR384W 1 11
YOR385W 4 540
YOR386W 2 56
YOR387C 0 0
YOR388C 0 0
YOR389W 0 0
YOR390W 1 10
YOR391C 1 1
YOR392W 2 16
YOR393W 0 0
YOR394W 0 0
YOR394C-A 0 0
YOR396W 0 0
YOR396C-A 0 0
YPL283C 0 0
YPL283W-B 0 0
YPL283W-A 0 0
YPL282C 0 0
YPL281C 0 0
YPL280W 0 0
YPL279C 3 72
YPL278C 0 0
YPL277C 1 51
YPL274W 2 38
YPL273W 0 0
YPL272C 1 1
YPL271W 4 191
YPL270W 5 559
YPL269W 6 79
YPL268W 5 2473
YPL267W 3 32
YPL266W 1 1
YPL265W 1 14
YPL264C 2 10
YPL263C 3 43
YPL262W 5 81
YPL261C 2 7
YPL260W 0 0
YPL259C 6 291
YPL258C 3 64
YPL257W 1 2
YPL256C 0 0
YPL255W 1 19
YPL254W 1 6
YPL253C 4 58
YPL252C 7 591
YPL251W 3 62
YPL250C 1 39
YPL249C-A 0 0
YPL250W-A 0 0
YPL249C 4 347
YPL248C 3 44
YPL247C 1 2
YPL246C 1 49
YPL245W 6 112
YPL244C 2 54
YPL243W 2 56
YPL242C 1 5
YPL241C 5 29
YPL240C 4 232
YPL239W 2 8
YPL238C 0 0
YPL237W 0 0
YPL236C 0 0
YPL235W 0 0
YPL234C 1 1
YPL233W 3 6
YPL232W 2 21
YPL231W 5 326
YPL230W 1 1
YPL229W 2 5
YPL228W 1 14
YPL227C 0 0
YPL226W 3 26
YPL225W 0 0
YPL224C 11 1535
YPL223C 8 2900
YPL222W 1 2
YPL222C-A 0 0
YPL221W 5 621
YPL220W 8 964
YPL219W 4 88
YPL218W 4 62
YPL217C 3 3
YPL216W 0 0
YPL215W 3 67
YPL214C 1 4
YPL213W 4 141
YPL212C 0 0
YPL211W 1 4
YPL210C 2 43
YPL209C 3 102
YPL208W 2 28
YPL207W 0 0
YPL206C 1 21
YPL205C 0 0
YPL204W 0 0
YPL203W 7 169
YPL202C 7 78
YPL201C 4 37
YPL200W 0 0
YPL199C 2 39
YPL198W 4 1221
YPL197C 1 23
YPL196W 1 3
YPL195W 7 3654
YPL194W 1 3
YPL193W 2 33
YPL192C 0 0
YPL191C 1 12
YPL190C 1 3
YPL189C-A 2 96
YPL189W 0 0
YPL188W 2 77
YPL187W 3 113
YPL186C 5 749
YPL185W 2 34
YPL184C 1 2
YPL183W-A 1 60
YPL183C 4 622
YPL182C 4 94
YPL181W 3 135
YPL180W 2 49
YPL179W 1 1
YPL178W 3 105
YPL177C 2 144
YPL176C 2 2
YPL175W 5 43
YPL174C 0 0
YPL173W 3 86
YPL172C 0 0
YPL171C 7 230
YPL170W 5 23
YPL169C 1 7
YPL168W 0 0
YPL167C 3 55
YPL166W 4 648
YPL165C 2 7
YPL164C 4 425
YPL163C 0 0
YPL162C 3 12
YPL161C 0 0
YPL160W 1 1
YPL159C 0 0
YPL158C 0 0
YPL157W 2 46
YPL156C 1 11
YPL155C 0 0
YPL154C 1 1
YPL153C 6 86
YPL152W-A 2 6
YPL152W 0 0
YPL151C 2 439
YPL150W 3 15
YPL149W 4 35
YPL148C 2 16
YPL147W 1 146
YPL146C 3 432
YPL145C 0 0
YPL144W 8 220
YPL143W 0 0
YPL142C 0 0
YPL141C 1 3
YPL140C 1 7
YPL139C 0 0
YPL138C 3 10
YPL137C 1 1
YPL136W 0 0
YPL135W 3 17
YPL135C-A 4 51
YPL134C 4 144
YPL133C 1 1
YPL132W 1 29
YPL131W 0 0
YPL130W 1 7
YPL129W 2 7
YPL128C 0 0
YPL127C 4 14
YPL126W 2 29
YPL125W 0 0
YPL124W 7 144
YPL123C 1 29
YPL122C 3 11
YPL121C 0 0
YPL120W 7 287
YPL119C-A 0 0
YPL119C 0 0
YPL118W 0 0
YPL117C 3 52
YPL116W 6 80
YPL115C 1 20
YPL114W 5 185
YPL113C 2 33
YPL112C 3 30
YPL111W 4 688
YPL110C 0 0
YPL109C 1 15
YPL108W 3 13
YPL107W 6 72
YPL106C 0 0
YPL105C 5 455
YPL104W 1 2
YPL103C 1 2
YPL102C 0 0
YPL101W 5 217
YPL100W 0 0
YPL099C 1 1
YPL098C 1 7
YPL097W 3 106
YPL096C-A 1 6
YPL096W 9 357
YPL095C 4 69
YPL094C 5 275
YPL093W 4 19
YPL092W 1 1
YPL091W 0 0
YPL090C 2 4
YPL089C 7 916
YPL088W 0 0
YPL087W 0 0
YPL086C 1 2
YPL085W 0 0
YPL084W 2 13
YPL083C 1 4
YPL082C 3 63
YPL081W 3 31
YPL080C 4 360
YPL079W 2 221
YPL078C 3 77
YPL077C 5 225
YPL076W 1 10
YPL075W 5 295
YPL074W 5 140
YPL073C 5 124
YPL072W 1 10
YPL071C 1 1
YPL070W 0 0
YPL069C 5 191
YPL068C 3 134
YPL067C 1 9
YPL066W 3 103
YPL065W 2 15
YPL064C 2 39
YPL063W 0 0
YPL062W 16 5465
YPL061W 4 26
YPL060W 5 56
YPL059W 0 0
YPL058C 1 8
YPL057C 2 40
YPL056C 17 3761
YPL055C 4 611
YPL054W 1 2
YPL053C 2 11
YPL052W 5 68
YPL051W 4 136
YPL050C 0 0
YPL049C 3 112
YPL048W 3 16
YPL047W 0 0
YPL046C 3 23
YPL045W 2 5
YPL044C 0 0
YPL043W 1 33
YPL042C 0 0
YPL041C 3 718
YPL040C 2 25
YPL039W 3 83
YPL038W-A 1 64
YPL038W 7 517
YPL037C 1 26
YPL036W 2 111
YPL035C 2 122
YPL034W 2 18
YPL033C 0 0
YPL032C 3 102
YPL031C 0 0
YPL030W 2 135
YPL029W 4 25
YPL028W 0 0
YPL027W 0 0
YPL026C 1 44
YPL025C 5 130
YPL024W 5 77
YPL023C 0 0
YPL022W 0 0
YPL021W 0 0
YPL020C 0 0
YPL019C 6 668
YPL018W 5 416
YPL017C 3 13
YPL016W 0 0
YPL015C 10 227
YPL014W 2 11
YPL013C 4 273
YPL012W 0 0
YPL011C 3 348
YPL010W 5 13
YPL009C 0 0
YPL008W 1 5
YPL007C 0 0
YPL006W 4 43
YPL005W 1 26
YPL004C 0 0
YPL003W 5 55
YPL002C 9 237
YPL001W 1 16
YPR001W 7 698
YPR002W 2 29
YPR002C-A 3 21
YPR003C 1 2
YPR004C 0 0
YPR005C 3 16
YPR006C 2 4
YPR007C 2 25
YPR008W 0 0
YPR009W 3 84
YPR010C 0 0
YPR010C-A 3 78
YPR011C 2 37
YPR012W 1 10
YPR013C 4 41
YPR014C 0 0
YPR015C 3 63
YPR016C 0 0
YPR016W-A 1 23
YPR017C 8 225
YPR018W 0 0
YPR019W 2 6
YPR020W 5 652
YPR021C 0 0
YPR022C 5 47
YPR023C 2 43
YPR024W 3 8
YPR025C 4 97
YPR026W 3 49
YPR027C 0 0
YPR028W 0 0
YPR029C 0 0
YPR030W 3 97
YPR031W 0 0
YPR032W 2 3
YPR033C 2 10
YPR034W 1 36
YPR035W 0 0
YPR036W 6 195
YPR036W-A 2 9
YPR037C 4 71
YPR038W 1 416
YPR039W 6 269
YPR040W 5 74
YPR041W 1 6
YPR042C 3 30
YPR043W 3 12
YPR044C 1 4
YPR045C 4 3267
YPR046W 10 4875
YPR047W 0 0
YPR048W 3 50
YPR049C 1 4
YPR050C 5 1062
YPR051W 1 5
YPR052C 5 4408
YPR053C 2 23
YPR054W 2 23
YPR055W 0 0
YPR056W 4 608
YPR057W 7 100
YPR058W 0 0
YPR059C 2 31
YPR060C 0 0
YPR061C 2 32
YPR062W 2 4462
YPR063C 2 90
YPR064W 1 39
YPR065W 1 1
YPR066W 0 0
YPR067W 6 36
YPR068C 2 161
YPR069C 1 9
YPR070W 4 140
YPR071W 2 83
YPR072W 0 0
YPR073C 5 282
YPR074C 7 205
YPR074W-A 8 375
YPR075C 0 0
YPR076W 1 2
YPR077C 0 0
YPR078C 0 0
YPR079W 0 0
YPR080W 0 0
YPR081C 5 276
YPR082C 10 276
YPR083W 1 93
YPR084W 0 0
YPR085C 2 11
YPR086W 2 2
YPR087W 3 120
YPR088C 0 0
YPR089W 3 13
YPR091C 9 2747
YPR092W 1 2
YPR093C 2 23
YPR094W 3 276
YPR095C 0 0
YPR096C 0 0
YPR097W 1 16
YPR098C 3 46
YPR099C 3 36
YPR100W 4 19
YPR101W 2 16
YPR102C 1 14
YPR103W 0 0
YPR104C 0 0
YPR105C 5 45
YPR106W 3 300
YPR107C 1 2
YPR108W 0 0
YPR108W-A 0 0
YPR109W 0 0
YPR110C 0 0
YPR111W 4 89
YPR112C 3 100
YPR113W 3 405
YPR114W 1 3
YPR115W 0 0
YPR116W 3 25
YPR117W 2 9
YPR118W 8 255
YPR119W 2 24
YPR120C 0 0
YPR121W 0 0
YPR122W 5 131
YPR123C 2 5
YPR124W 1 2
YPR125W 0 0
YPR126C 4 32
YPR127W 9 605
YPR128C 2 15
YPR129W 3 83
YPR130C 1 62
YPR131C 5 266
YPR132W 3 10
YPR133C 0 0
YPR133W-A 0 0
YPR134W 1 1
YPR135W 1 10
YPR136C 0 0
YPR137W 2 41
YPR138C 1 1
YPR139C 0 0
YPR140W 0 0
YPR141C 0 0
YPR142C 0 0
YPR143W 5 105
YPR144C 1 10
YPR145W 5 228
YPR145C-A 5 124
YPR146C 3 115
YPR147C 4 286
YPR148C 2 242
YPR149W 3 464
YPR150W 6 46
YPR151C 13 1572
YPR152C 5 121
YPR153W 4 137
YPR154W 7 748
YPR155C 1 2
YPR156C 2 16
YPR157W 0 0
YPR158W 2 5
YPR159W 3 83
YPR159C-A 12 2111
YPR160W 2 330
YPR160W-A 1 2
YPR160C-A 1 6
YPR161C 0 0
YPR162C 2 52
YPR163C 3 41
YPR164W 1 51
YPR165W 0 0
YPR166C 3 91
YPR167C 0 0
YPR168W 2 18
YPR169W 2 5
YPR170C 2 72
YPR169W-A 4 218
YPR170W-B 4 218
YPR170W-A 3 74
YPR171W 5 49
YPR172W 2 3
YPR173C 1 3
YPR174C 2 75
YPR175W 2 3
YPR176C 6 667
YPR177C 2 162
YPR178W 2 99
YPR179C 1 12
YPR180W 1 10
YPR181C 1 12
YPR182W 1 72
YPR183W 2 67
YPR184W 1 5
YPR185W 3 20
YPR186C 6 23
YPR187W 2 23
YPR188C 6 1509
YPR189W 3 178
YPR190C 1 31
YPR191W 3 12
YPR192W 2 23
YPR193C 2 29
YPR194C 0 0
YPR195C 4 135
YPR196W 7 261
YPR197C 0 0
YPR198W 0 0
YPR199C 3 3
YPR200C 0 0
YPR201W 0 0
YPR202W 0 0
YPR203W 0 0
YPR204W 0 0
YPR204C-A 0 0
