YAL069W 16 479
YAL068W-A 17 3729
YAL068C 2 16
YAL067W-A 1 248
YAL067C 14 1045
YAL066W 1 7
YAL065C 7 205
YAL064W-B 2 33
YAL064C-A 2 14
YAL064W 0 0
YAL063C-A 0 0
YAL063C 13 266
YAL062W 59 2226
YAL061W 58 9901
YAL060W 46 3101
YAL059C-A 4 16
YAL059W 3 256
YAL058W 30 3424
YAL056C-A 6 36
YAL056W 57 1797
YAL055W 16 1288
YAL054C 43 1588
YAL053W 37 1587
YAL051W 43 1369
YAL049C 18 877
YAL048C 38 1226
YAL047W-A 8 169
YAL047C 20 1312
YAL046C 6 83
YAL045C 5 36
YAL044W-A 8 321
YAL044C 17 309
YAL043C 41 2665
YAL042C-A 14 250
YAL042W 42 1382
YAL041W 25 407
YAL040C 16 617
YAL039C 58 2304
YAL038W 28 1275
YAL037C-B 18 881
YAL037C-A 2 2
YAL037W 15 593
YAL036C 19 440
YAL035W 19 736
YAL034C-B 10 387
YAL034W-A 10 475
YAL034C 19 872
YAL033W 7 99
YAL032C 18 809
YAL031W-A 1 3
YAL031C 22 869
YAL030W 9 557
YAL029C 28 1107
YAL028W 16 1706
YAL027W 10 2273
YAL026C-A 4 2201
YAL026C 23 752
YAL025C 5 125
YAL024C 25 479
YAL023C 31 1369
YAL022C 22 596
YAL021C 39 1032
YAL020C 22 1041
YAL019W-A 13 155
YAL019W 24 516
YAL018C 4 225
YAL017W 47 1184
YAL016C-B 3 46
YAL016C-A 6 89
YAL016W 14 164
YAL015C 21 480
YAL014C 13 477
YAL013W 12 143
YAL012W 25 684
YAL011W 12 206
YAL010C 14 128
YAL009W 4 24
YAL008W 10 837
YAL007C 8 567
YAL005C 36 893
YAL004W 15 384
YAL003W 4 56
YAL002W 57 29964
YAL001C 95 6012
YAR002W 55 3075
YAR002C-A 13 2421
YAR003W 50 3323
YAR007C 10 34
YAR008W 18 476
YAR014C 18 413
YAR015W 8 167
YAR018C 12 581
YAR019C 16 422
YAR019W-A 4 52
YAR020C 0 0
YAR023C 10 453
YAR027W 10 243
YAR028W 22 943
YAR029W 0 0
YAR030C 3 44
YAR031W 9 213
YAR033W 2 80
YAR035W 110 5116
YAR035C-A 2 15
YAR042W 43 1249
YAR047C 0 0
YAR050W 15 289
YAR053W 0 0
YAR060C 0 0
YAR064W 2 3
YAR066W 0 0
YAR068W 1 1
YAR069C 0 0
YAR070C 0 0
YAR071W 4 37
YAR073W 9 25
YAR075W 3 7
YBL113C 2 16
YBL113W-A 1 8
YBL112C 0 0
YBL111C 0 0
YBL109W 16 1209
YBL108C-A 1 2
YBL108W 13 844
YBL107W-A 0 0
YBL107C 15 363
YBL106C 27 2652
YBL105C 21 435
YBL104C 64 1788
YBL103C 18 299
YBL102W 9 121
YBL101C 47 7668
YBL100W-C 5 85
YBL100C 3 35
YBL099W 14 266
YBL098W 18 8657
YBL097W 34 988
YBL096C 12 2013
YBL095W 12 2081
YBL094C 3 6
YBL093C 11 200
YBL092W 2 10
YBL091C-A 15 290
YBL091C 23 378
YBL090W 3 20
YBL089W 11 115
YBL088C 72 1839
YBL087C 17 382
YBL086C 5 17
YBL085W 12 128
YBL084C 18 354
YBL083C 6 136
YBL082C 28 792
YBL081W 14 274
YBL080C 20 685
YBL079W 39 1400
YBL078C 0 0
YBL077W 16 591
YBL076C 29 1039
YBL075C 31 1000
YBL074C 19 438
YBL073W 20 1343
YBL072C 4 19
YBL071C-B 0 0
YBL071W-A 3 32
YBL071C 6 59
YBL070C 6 8668
YBL069W 28 992
YBL068W-A 1 1
YBL068W 15 724
YBL067C 13 389
YBL066C 44 742
YBL065W 6 72
YBL064C 19 3590
YBL063W 42 1367
YBL062W 8 271
YBL061C 26 948
YBL060W 28 874
YBL059C-A 2 6
YBL059W 8 111
YBL058W 19 545
YBL057C 20 595
YBL056W 13 330
YBL055C 15 132
YBL054W 17 85
YBL053W 3 95
YBL052C 16 2126
YBL051C 14 1046
YBL050W 10 217
YBL049W 5 343
YBL048W 3 43
YBL047C 46 939
YBL046W 21 644
YBL045C 14 196
YBL044W 28 2973
YBL043W 8 122
YBL042C 32 797
YBL041W 9 299
YBL040C 13 243
YBL039W-B 0 0
YBL039C 14 211
YBL039C-A 0 0
YBL038W 9 515
YBL037W 32 1668
YBL036C 13 340
YBL035C 26 489
YBL034C 31 718
YBL033C 17 322
YBL032W 17 241
YBL031W 29 1768
YBL030C 21 474
YBL029C-A 5 885
YBL029W 23 1029
YBL028C 3 348
YBL027W 0 0
YBL026W 3 52
YBL025W 3 410
YBL024W 19 4899
YBL023C 16 195
YBL022C 20 479
YBL021C 12 843
YBL020W 18 300
YBL019W 12 4773
YBL018C 8 191
YBL017C 67 9529
YBL016W 24 399
YBL015W 42 7540
YBL014C 20 472
YBL013W 47 1437
YBL012C 12 335
YBL011W 24 438
YBL010C 6 122
YBL009W 22 751
YBL008W-A 2 60
YBL008W 26 707
YBL007C 35 672
YBL006C 3 34
YBL006W-A 2 3
YBL005W 34 551
YBL004W 31 821
YBL003C 3 30
YBL002W 22 1795
YBL001C 28 3595
YBR001C 90 5139
YBR002C 23 326
YBR003W 26 513
YBR004C 27 709
YBR005W 15 332
YBR006W 45 2119
YBR007C 30 1283
YBR008C 36 1707
YBR009C 0 0
YBR010W 4 100
YBR011C 11 111
YBR012C 1 8
YBR013C 5 14
YBR014C 6 75
YBR015C 18 469
YBR016W 8 980
YBR017C 16 287
YBR018C 14 540
YBR019C 55 1023
YBR020W 42 1479
YBR021W 20 357
YBR022W 13 239
YBR023C 35 1684
YBR024W 13 195
YBR025C 11 165
YBR026C 19 533
YBR027C 15 146
YBR028C 14 211
YBR029C 10 233
YBR030W 9 51
YBR031W 6 582
YBR032W 24 5358
YBR033W 37 747
YBR034C 26 1276
YBR035C 16 285
YBR036C 20 1269
YBR037C 20 205
YBR038W 38 848
YBR039W 8 197
YBR040W 3 16
YBR041W 10 534
YBR042C 11 353
YBR043C 26 740
YBR044C 8 327
YBR045C 16 312
YBR046C 12 260
YBR047W 17 719
YBR048W 7 213
YBR049C 46 2752
YBR050C 17 1796
YBR051W 7 45
YBR052C 7 143
YBR053C 14 806
YBR054W 19 1146
YBR055C 34 568
YBR056W 19 319
YBR056W-A 6 291
YBR056C-B 4 272
YBR057C 14 422
YBR058C 21 584
YBR058C-A 1 1
YBR059C 22 692
YBR060C 19 336
YBR061C 17 574
YBR062C 3 37
YBR063C 5 110
YBR064W 2 56
YBR065C 9 155
YBR066C 8 2111
YBR067C 0 0
YBR068C 35 3343
YBR069C 33 1548
YBR070C 14 415
YBR071W 11 96
YBR072W 9 866
YBR072C-A 8 1805
YBR073W 21 340
YBR074W 37 1322
YBR076W 18 809
YBR076C-A 9 542
YBR077C 4 36
YBR078W 37 5304
YBR079C 36 1008
YBR080C 29 441
YBR081C 22 373
YBR082C 16 1029
YBR083W 25 525
YBR084W 27 866
YBR084C-A 5 82
YBR085W 6 259
YBR085C-A 5 45
YBR086C 27 698
YBR087W 6 433
YBR088C 13 237
YBR089W 7 102
YBR089C-A 15 323
YBR090C 23 339
YBR091C 3 21
YBR092C 11 278
YBR093C 24 335
YBR094W 27 1005
YBR095C 12 348
YBR096W 2 5
YBR097W 26 499
YBR098W 29 687
YBR099C 3 28
YBR101C 5 34
YBR102C 12 131
YBR103W 16 259
YBR103C-A 15 2157
YBR104W 9 203
YBR105C 9 212
YBR106W 7 60
YBR107C 7 567
YBR108W 23 673
YBR109C 0 0
YBR109W-A 2 58
YBR110W 6 93
YBR111C 12 259
YBR111W-A 4 52
YBR112C 19 421
YBR113W 5 69
YBR114W 35 1901
YBR115C 54 1564
YBR116C 21 2773
YBR117C 43 1697
YBR118W 2 32
YBR119W 6 21
YBR120C 1 2
YBR121C 4 21
YBR121C-A 0 0
YBR122C 7 124
YBR123C 11 96
YBR124W 10 204
YBR125C 21 2628
YBR126C 26 554
YBR126W-A 8 1382
YBR126W-B 5 1111
YBR127C 14 362
YBR128C 15 403
YBR129C 5 119
YBR130C 6 175
YBR131W 20 272
YBR131C-A 0 0
YBR132C 31 883
YBR133C 34 561
YBR134W 17 5085
YBR135W 11 331
YBR136W 38 628
YBR137W 15 639
YBR138C 16 419
YBR139W 30 694
YBR140C 85 5061
YBR141C 16 404
YBR141W-A 0 0
YBR142W 30 441
YBR143C 13 88
YBR144C 14 653
YBR145W 18 207
YBR146W 7 232
YBR147W 10 196
YBR148W 22 1662
YBR149W 20 991
YBR150C 24 287
YBR151W 16 825
YBR152W 9 150
YBR153W 9 135
YBR154C 3 6
YBR155W 6 202
YBR156C 14 466
YBR157C 13 233
YBR158W 19 232
YBR159W 13 214
YBR160W 14 638
YBR161W 3 16
YBR162C 24 771
YBR162W-A 2 243
YBR163W 22 333
YBR164C 4 134
YBR165W 8 288
YBR166C 20 273
YBR167C 4 87
YBR168W 9 224
YBR169C 24 14569
YBR170C 26 415
YBR171W 5 93
YBR172C 23 660
YBR173C 4 19
YBR174C 6 87
YBR175W 18 1061
YBR176W 6 70
YBR177C 30 1025
YBR178W 8 712
YBR179C 26 482
YBR180W 19 658
YBR181C 4 67
YBR182C 10 474
YBR182C-A 3 162
YBR183W 15 254
YBR184W 10 9546
YBR185C 5 143
YBR186W 31 1508
YBR187W 6 90
YBR188C 7 169
YBR189W 9 63
YBR190W 0 0
YBR191W 2 16
YBR191W-A 0 0
YBR192W 10 37
YBR193C 4 49
YBR194W 6 116
YBR195C 16 179
YBR196C 24 786
YBR196C-A 2 176
YBR196C-B 5 1093
YBR197C 28 2937
YBR198C 15 233
YBR199W 20 643
YBR200W 8 46
YBR200W-A 0 0
YBR201W 4 24
YBR201C-A 5 74
YBR202W 25 1041
YBR203W 45 1177
YBR204C 9 281
YBR205W 16 1430
YBR206W 10 154
YBR207W 20 993
YBR208C 70 1236
YBR209W 18 1493
YBR210W 1 6
YBR211C 7 262
YBR212W 27 963
YBR213W 19 1121
YBR214W 28 753
YBR215W 16 144
YBR216C 10 61
YBR217W 3 16
YBR218C 45 1599
YBR219C 19 947
YBR220C 24 979
YBR221C 25 1486
YBR221W-A 11 198
YBR222C 23 440
YBR223C 21 521
YBR223W-A 5 114
YBR224W 5 31
YBR225W 16 239
YBR226C 2 37
YBR227C 6 113
YBR228W 14 1734
YBR229C 52 1032
YBR230C 4 73
YBR230W-A 11 1569
YBR231C 17 273
YBR232C 3 119
YBR233W 22 454
YBR233W-A 5 64
YBR234C 8 277
YBR235W 59 1572
YBR236C 13 260
YBR237W 13 232
YBR238C 20 288
YBR239C 43 1284
YBR240C 18 333
YBR241C 46 1180
YBR242W 15 214
YBR243C 3 100
YBR244W 5 47
YBR245C 27 623
YBR246W 19 258
YBR247C 1 1
YBR248C 32 3340
YBR249C 13 296
YBR250W 17 541
YBR251W 13 335
YBR252W 5 367
YBR253W 6 66
YBR254C 6 90
YBR255W 31 1199
YBR255C-A 6 579
YBR256C 10 339
YBR257W 12 117
YBR258C 6 82
YBR259W 17 252
YBR260C 29 397
YBR261C 16 304
YBR262C 9 242
YBR263W 20 560
YBR264C 9 45
YBR265W 9 277
YBR267W 15 439
YBR266C 3 288
YBR268W 2 45
YBR269C 0 0
YBR270C 13 1745
YBR271W 29 636
YBR272C 8 181
YBR273C 12 410
YBR274W 17 598
YBR275C 53 2474
YBR276C 22 400
YBR277C 8 63
YBR278W 15 284
YBR279W 6 184
YBR280C 31 2822
YBR281C 21 754
YBR282W 5 34
YBR283C 20 534
YBR284W 28 1329
YBR285W 1 1
YBR286W 34 997
YBR287W 9 119
YBR288C 22 1401
YBR289W 17 497
YBR290W 8 130
YBR291C 19 4486
YBR292C 7 114
YBR293W 9 121
YBR294W 33 1015
YBR295W 47 1221
YBR296C 27 1328
YBR296C-A 9 558
YBR297W 19 482
YBR298C 33 933
YBR298C-A 15 676
YBR299W 13 875
YBR300C 2 19
YBR301W 1 101
YBR302C 0 0
YCL076W 8 47
YCL073C 8 275
YCL069W 1 32
YCL068C 0 0
YCL067C 0 0
YCL066W 0 0
YCL065W 1 32
YCL064C 13 818
YCL063W 17 311
YCL061C 13 356
YCL059C 7 135
YCL058C 8 248
YCL058W-A 5 232
YCL057C-A 8 285
YCL057W 25 662
YCL056C 2 4
YCL055W 6 368
YCL054W 15 509
YCL052C 13 298
YCL051W 17 584
YCL050C 14 370
YCL049C 10 925
YCL048W-A 1 50
YCL048W 25 806
YCL047C 6 184
YCL045C 21 494
YCL046W 0 0
YCL044C 12 399
YCL043C 42 903
YCL041C 17 349
YCL042W 16 694
YCL040W 84 5205
YCL039W 50 1117
YCL038C 15 177
YCL037C 7 274
YCL036W 23 847
YCL035C 4 156
YCL034W 21 410
YCL033C 1 17
YCL032W 15 106
YCL031C 10 117
YCL030C 34 2670
YCL029C 32 1617
YCL028W 9 183
YCL027W 20 445
YCL026C-B 1 18
YCL026C-A 8 3005
YCL025C 48 2144
YCL023C 11 359
YCL024W 43 1527
YCL022C 3 21
YCL021W-A 9 368
YCL018W 10 250
YCL017C 10 370
YCL016C 11 416
YCL014W 33 771
YCL012C 2 2
YCL011C 20 721
YCL010C 27 365
YCL009C 12 183
YCL008C 22 1289
YCL007C 10 191
YCL005W-A 9 132
YCL005W 8 77
YCL004W 28 1841
YCL002C 9 684
YCL001W 4 238
YCL001W-A 2 45
YCL001W-B 7 229
YCR001W 8 228
YCR002C 11 92
YCR003W 10 238
YCR004C 11 442
YCR005C 52 1116
YCR006C 36 3049
YCR007C 10 255
YCR008W 27 601
YCR009C 8 158
YCR010C 13 195
YCR011C 67 1609
YCR012W 14 207
YCR013C 10 87
YCR014C 15 290
YCR015C 11 120
YCR016W 5 132
YCR017C 26 3395
YCR018C 12 194
YCR018C-A 5 69
YCR019W 20 362
YCR020C 8 581
YCR020C-A 4 41
YCR020W-B 0 0
YCR021C 34 908
YCR022C 21 589
YCR023C 36 1846
YCR024C 16 339
YCR024C-B 11 327
YCR024C-A 1 2
YCR025C 21 3314
YCR026C 48 1289
YCR027C 4 21
YCR028C 19 552
YCR028C-A 0 0
YCR030C 33 39831
YCR031C 10 57
YCR032W 62 1911
YCR033W 51 1512
YCR034W 7 109
YCR035C 4 91
YCR036W 26 927
YCR037C 19 151
YCR038C 8 86
YCR038W-A 0 0
YCR039C 0 0
YCR040W 0 0
YCR041W 2 39
YCR042C 43 661
YCR043C 7 529
YCR044C 11 70
YCR045C 21 352
YCR045W-A 6 23
YCR046C 10 231
YCR047C 8 30
YCR047W-A 3 7
YCR049C 13 553
YCR048W 37 1060
YCR050C 0 0
YCR051W 8 347
YCR052W 12 284
YCR053W 8 404
YCR054C 10 187
YCR057C 25 555
YCR059C 24 255
YCR060W 6 173
YCR061W 52 1070
YCR064C 15 6171
YCR063W 22 2680
YCR065W 27 478
YCR066W 9 298
YCR067C 39 1216
YCR068W 30 1032
YCR069W 19 258
YCR071C 4 25
YCR072C 22 267
YCR073C 41 817
YCR073W-A 15 905
YCR075C 10 919
YCR075W-A 0 0
YCR076C 12 265
YCR077C 30 557
YCR079W 26 1071
YCR081W 35 784
YCR081C-A 7 132
YCR082W 8 189
YCR083W 8 551
YCR084C 25 449
YCR085W 2 35
YCR086W 11 291
YCR087W 11 269
YCR087C-A 7 174
YCR088W 15 309
YCR089W 22 1236
YCR090C 7 296
YCR091W 28 788
YCR092C 20 492
YCR093W 40 953
YCR094W 11 159
YCR095C 4 149
YCR095W-A 1 41
YCR096C 0 0
YCR097W 2 60
YCR097W-A 1 3
YCR098C 13 275
YCR099C 4 49
YCR100C 18 314
YCR101C 3 165
YCR102C 24 775
YCR102W-A 0 0
YCR104W 5 62
YCR105W 26 787
YCR106W 24 633
YCR107W 7 128
YCR108C 8 1195
YDL248W 0 0
YDL247W-A 0 0
YDL247W 0 0
YDL246C 0 0
YDL245C 0 0
YDL244W 6 94
YDL243C 14 550
YDL242W 13 439
YDL241W 4 206
YDL240C-A 20 4195
YDL240W 30 1694
YDL239C 9 171
YDL238C 27 875
YDL237W 10 211
YDL236W 11 1117
YDL235C 2 9
YDL234C 28 672
YDL233W 6 212
YDL232W 0 0
YDL231C 56 1208
YDL230W 14 230
YDL229W 15 564
YDL228C 5 271
YDL227C 7 847
YDL226C 20 550
YDL225W 15 204
YDL224C 17 222
YDL223C 40 505
YDL222C 30 584
YDL221W 45 1699
YDL220C 78 2248
YDL219W 5 100
YDL218W 19 465
YDL217C 3 30
YDL216C 13 218
YDL215C 52 3396
YDL214C 37 755
YDL213C 15 265
YDL212W 2 24
YDL211C 5 122
YDL210W 18 344
YDL209C 11 307
YDL208W 3 35
YDL207W 8 352
YDL206W 20 386
YDL205C 20 369
YDL204W 34 555
YDL203C 15 179
YDL202W 4 43
YDL201W 7 137
YDL200C 5 29
YDL199C 13 173
YDL198C 12 116
YDL197C 32 1111
YDL196W 14 236
YDL195W 20 289
YDL194W 22 370
YDL193W 14 319
YDL192W 11 89
YDL191W 2 6
YDL190C 29 589
YDL189W 4 53
YDL188C 16 297
YDL187C 2 18
YDL186W 15 373
YDL185C-A 1 1
YDL185W 18 302
YDL184C 1 3
YDL183C 10 189
YDL182W 33 1366
YDL181W 6 335
YDL180W 11 294
YDL179W 4 29
YDL178W 28 669
YDL177C 6 118
YDL176W 19 340
YDL175C 18 238
YDL174C 35 641
YDL173W 13 369
YDL172C 4 140
YDL171C 92 7179
YDL170W 29 420
YDL169C 6 138
YDL168W 24 901
YDL167C 16 309
YDL166C 2 9
YDL165W 11 179
YDL164C 18 450
YDL163W 0 0
YDL162C 13 557
YDL161W 12 158
YDL160C-A 4 150
YDL160C 18 299
YDL159W-A 6 216
YDL159W 17 436
YDL159C-B 1 1
YDL158C 3 20
YDL157C 3 119
YDL156W 45 1439
YDL155W 29 828
YDL154W 27 377
YDL153C 3 42
YDL152W 1 2
YDL151C 1 18
YDL150W 5 69
YDL149W 21 332
YDL148C 27 522
YDL147W 8 83
YDL146W 8 881
YDL145C 40 675
YDL144C 24 1149
YDL143W 18 450
YDL142C 16 3400
YDL141W 16 243
YDL140C 46 749
YDL139C 9 26
YDL138W 36 1393
YDL137W 25 2383
YDL136W 3 15
YDL135C 12 451
YDL134C 14 406
YDL133C-A 0 0
YDL133W 11 216
YDL132W 21 444
YDL131W 29 896
YDL130W-A 3 31
YDL130W 8 230
YDL129W 8 75
YDL128W 16 181
YDL127W 29 1320
YDL126C 23 296
YDL125C 18 879
YDL124W 20 652
YDL123W 10 67
YDL122W 26 557
YDL121C 6 203
YDL120W 6 80
YDL119C 20 1161
YDL118W 6 529
YDL117W 30 2350
YDL116W 11 486
YDL115C 16 288
YDL114W-A 2 176
YDL114W 9 380
YDL113C 22 463
YDL112W 50 1040
YDL111C 17 429
YDL110C 14 163
YDL109C 24 418
YDL108W 17 206
YDL107W 19 723
YDL106C 23 486
YDL105W 11 181
YDL104C 15 387
YDL103C 3 52
YDL102W 24 296
YDL101C 12 174
YDL100C 12 543
YDL099W 8 349
YDL098C 16 258
YDL097C 12 396
YDL096C 2 64
YDL095W 32 948
YDL094C 17 474
YDL093W 28 1179
YDL092W 5 53
YDL091C 11 302
YDL090C 8 132
YDL089W 30 2466
YDL088C 12 359
YDL087C 5 48
YDL086W 27 140938
YDL086C-A 19 140881
YDL085C-A 6 192
YDL085W 25 922
YDL084W 5 72
YDL083C 5 84
YDL082W 8 188
YDL081C 1 9
YDL080C 29 3363
YDL079C 40 820
YDL078C 13 430
YDL077C 34 706
YDL076C 10 589
YDL075W 2 3
YDL074C 20 503
YDL073W 12 146
YDL072C 8 152
YDL071C 11 71
YDL070W 19 430
YDL069C 6 216
YDL068W 3 183
YDL067C 3 75
YDL066W 20 938
YDL065C 11 459
YDL064W 9 609
YDL063C 16 279
YDL062W 4 84
YDL061C 2 14
YDL060W 22 314
YDL059C 6 94
YDL058W 29 762
YDL057W 17 276
YDL056W 34 854
YDL055C 20 156
YDL054C 37 1200
YDL053C 6 152
YDL052C 21 570
YDL051W 7 440
YDL050C 4 269
YDL049C 26 1383
YDL048C 41 1926
YDL047W 7 262
YDL046W 10 129
YDL045W-A 1 5
YDL045C 8 88
YDL044C 14 266
YDL043C 7 122
YDL042C 31 1495
YDL041W 14 310
YDL040C 16 392
YDL039C 32 2993
YDL037C 10 310
YDL036C 18 5289
YDL035C 18 614
YDL034W 5 75
YDL033C 15 461
YDL032W 3 173
YDL031W 14 306
YDL030W 13 199
YDL029W 6 61
YDL028C 20 420
YDL027C 11 414
YDL026W 2 17
YDL025C 14 518
YDL025W-A 2 5
YDL024C 22 937
YDL022C-A 3 5
YDL023C 9 44
YDL022W 25 704
YDL021W 15 338
YDL020C 12 263
YDL019C 48 6955
YDL018C 4 16
YDL017W 17 485
YDL016C 2 20
YDL015C 3 50
YDL014W 15 191
YDL013W 19 5480
YDL012C 4 44
YDL011C 4 95
YDL010W 5 100
YDL009C 0 0
YDL008W 7 172
YDL007C-A 5 46
YDL007W 13 169
YDL006W 8 37
YDL005C 8 44
YDL004W 2 10
YDL003W 14 576
YDL002C 13 287
YDL001W 58 3429
YDR001C 90 3744
YDR002W 8 203
YDR003W 18 311
YDR003W-A 7 392
YDR004W 18 272
YDR005C 11 4784
YDR006C 19 364
YDR007W 12 1172
YDR008C 12 1820
YDR009W 36 1420
YDR010C 27 2248
YDR011W 87 2758
YDR012W 0 0
YDR013W 4 51
YDR014W 9 59
YDR014W-A 2 106
YDR015C 0 0
YDR016C 3 18
YDR017C 35 1303
YDR018C 20 300
YDR019C 15 300
YDR020C 17 532
YDR021W 7 82
YDR022C 9 228
YDR023W 11 141
YDR024W 9 205
YDR025W 0 0
YDR026C 20 360
YDR027C 11 85
YDR028C 35 1019
YDR029W 2 3
YDR030C 31 491
YDR031W 1 24
YDR032C 12 308
YDR033W 18 798
YDR034C 20 536
YDR034C-A 1 1
YDR034W-B 0 0
YDR035W 15 2393
YDR036C 7 19
YDR037W 33 570
YDR038C 6 81
YDR039C 0 0
YDR040C 4 28
YDR041W 14 167
YDR042C 2 7
YDR043C 8 91
YDR044W 13 114
YDR045C 6 75
YDR046C 26 3664
YDR047W 28 539
YDR048C 12 660
YDR049W 15 249
YDR050C 3 141
YDR051C 17 237
YDR052C 9 109
YDR053W 2 26
YDR054C 9 296
YDR055W 15 357
YDR056C 11 92
YDR057W 15 539
YDR058C 2 220
YDR059C 10 250
YDR060W 24 581
YDR061W 15 150
YDR062W 19 428
YDR063W 7 181
YDR064W 6 63
YDR065W 9 127
YDR066C 11 274
YDR067C 5 204
YDR068W 1 22
YDR069C 32 877
YDR070C 6 28
YDR071C 12 306
YDR072C 33 932
YDR073W 11 180
YDR074W 46 898
YDR075W 11 191
YDR076W 48 931
YDR077W 19 638
YDR078C 13 354
YDR079W 4 191
YDR079C-A 3 62
YDR080W 27 343
YDR081C 19 329
YDR082W 20 459
YDR083W 5 34
YDR084C 6 47
YDR085C 14 849
YDR086C 0 0
YDR087C 7 64
YDR088C 6 112
YDR089W 31 314
YDR090C 11 128
YDR091C 18 634
YDR092W 5 263
YDR093W 133 6223
YDR094W 32 2134
YDR095C 34 2613
YDR096W 15 13345
YDR097C 18 342
YDR098C 18 287
YDR099W 18 302
YDR100W 9 1509
YDR101C 8 356
YDR102C 4 25
YDR103W 12 147
YDR104C 41 1036
YDR105C 18 393
YDR106W 11 120
YDR107C 19 228
YDR108W 26 315
YDR109C 21 1086
YDR110W 20 579
YDR111C 11 240
YDR112W 4 159
YDR113C 14 762
YDR114C 19 371
YDR115W 2 58
YDR116C 8 126
YDR117C 25 388
YDR118W 15 540
YDR118W-A 1 1
YDR119W 25 566
YDR119W-A 6 1625
YDR120C 14 456
YDR121W 5 29
YDR122W 17 286
YDR123C 17 322
YDR124W 11 353
YDR125C 5 94
YDR126W 24 564
YDR127W 58 1688
YDR128W 30 15687
YDR129C 20 561
YDR130C 7 99
YDR131C 12 341
YDR132C 25 477
YDR133C 0 0
YDR135C 49 1278
YDR136C 26 553
YDR137W 23 463
YDR138W 22 192
YDR139C 4 122
YDR140W 10 187
YDR141C 25 527
YDR142C 11 776
YDR143C 17 418
YDR144C 22 306
YDR145W 5 180
YDR146C 17 302
YDR147W 20 652
YDR148C 19 246
YDR149C 1 1
YDR150W 62 1827
YDR151C 8 172
YDR152W 8 31
YDR153C 15 284
YDR154C 5 564
YDR155C 10 60
YDR156W 4 56
YDR157W 18 867
YDR158W 9 196
YDR159W 24 931
YDR160W 13 287
YDR161W 7 49
YDR162C 1 10
YDR163W 10 2436
YDR164C 22 470
YDR165W 9 40
YDR166C 21 368
YDR167W 3 26
YDR168W 11 219
YDR169C 2 29
YDR169C-A 2 1183
YDR170C 61 1486
YDR171W 10 269
YDR172W 23 282
YDR173C 8 145
YDR174W 17 176
YDR175C 11 147
YDR176W 16 263
YDR177W 19 163
YDR178W 12 378
YDR179C 3 11
YDR179W-A 12 343
YDR180W 30 592
YDR181C 10 104
YDR182W 18 465
YDR182W-A 4 19
YDR183W 12 1025
YDR183C-A 5 15
YDR184C 9 158
YDR185C 17 303
YDR186C 37 1369
YDR187C 21 469
YDR188W 32 1033
YDR189W 26 526
YDR190C 12 95
YDR191W 23 551
YDR192C 10 1490
YDR193W 6 1429
YDR194C 14 280
YDR194W-A 2 14
YDR195W 18 242
YDR196C 7 66
YDR197W 11 147
YDR198C 12 213
YDR199W 4 13
YDR200C 20 351
YDR201W 6 229
YDR202C 8 393
YDR203W 3 129
YDR204W 15 384
YDR205W 28 627
YDR206W 23 332
YDR207C 49 1004
YDR208W 42 1269
YDR209C 4 31
YDR210W 3 30
YDR211W 19 188
YDR212W 10 245
YDR213W 25 356
YDR214W 46 3289
YDR215C 41 3531
YDR216W 43 569
YDR217C 42 1147
YDR218C 11 162
YDR219C 9 61
YDR220C 8 6894
YDR221W 31 541
YDR222W 9 135
YDR223W 24 799
YDR224C 5 19
YDR225W 7 112
YDR226W 6 83
YDR227W 16 493
YDR228C 8 170
YDR229W 19 504
YDR230W 8 77
YDR231C 17 353
YDR232W 26 183
YDR233C 14 138
YDR234W 46 4415
YDR235W 4 124
YDR236C 8 242
YDR237W 1 19
YDR238C 18 240
YDR239C 21 652
YDR240C 11 163
YDR241W 6 409
YDR242W 24 386
YDR243C 13 526
YDR244W 21 450
YDR245W 8 151
YDR246W 22 366
YDR246W-A 26 8754
YDR247W 18 207
YDR248C 8 100
YDR249C 16 1591
YDR250C 18 329
YDR251W 24 308
YDR252W 1 20
YDR253C 9 140
YDR254W 16 183
YDR255C 11 104
YDR256C 26 804
YDR257C 13 240
YDR258C 46 2553
YDR259C 11 157
YDR260C 35 3742
YDR261C 32 1019
YDR262W 7 157
YDR263C 13 168
YDR264C 32 1646
YDR265W 7 86
YDR266C 20 276
YDR267C 10 279
YDR268W 18 659
YDR269C 4 124
YDR270W 28 748
YDR271C 6 257
YDR272W 9 140
YDR273W 8 103
YDR274C 32 4032
YDR275W 17 285
YDR276C 4 20
YDR277C 33 2538
YDR278C 9 539
YDR279W 11 36
YDR280W 14 99
YDR281C 0 0
YDR282C 26 678
YDR283C 57 1125
YDR284C 13 256
YDR285W 15 477
YDR286C 5 11
YDR287W 5 100
YDR288W 7 81
YDR289C 13 97
YDR290W 7 390
YDR291W 40 2994
YDR292C 15 308
YDR293C 51 996
YDR294C 26 587
YDR295C 16 218
YDR296W 9 114
YDR297W 17 494
YDR298C 2 12
YDR299W 14 408
YDR300C 23 929
YDR301W 29 361
YDR302W 6 74
YDR303C 23 373
YDR304C 13 478
YDR305C 14 854
YDR306C 12 322
YDR307W 18 305
YDR308C 2 8
YDR309C 13 337
YDR310C 24 408
YDR311W 14 275
YDR312W 15 80
YDR313C 10 176
YDR314C 18 279
YDR315C 5 145
YDR316W 14 297
YDR317W 15 346
YDR318W 12 243
YDR319C 9 233
YDR320C 25 416
YDR320C-A 0 0
YDR320W-B 5 79
YDR321W 10 241
YDR322W 16 282
YDR322C-A 2 13
YDR323C 28 649
YDR324C 14 199
YDR325W 23 523
YDR326C 48 864
YDR327W 5 32
YDR328C 12 109
YDR329C 18 394
YDR330W 16 388
YDR331W 14 136
YDR332W 13 439
YDR333C 24 745
YDR334W 43 850
YDR335W 27 467
YDR336W 23 726
YDR337W 5 314
YDR338C 22 628
YDR339C 9 84
YDR340W 5 127
YDR341C 15 391
YDR342C 4 131
YDR343C 2 54
YDR344C 18 658
YDR345C 34 2609
YDR346C 23 1505
YDR347W 11 102
YDR348C 20 748
YDR349C 17 549
YDR350C 18 337
YDR351W 24 276
YDR352W 5 203
YDR353W 17 1778
YDR354W 16 418
YDR354C-A 2 37
YDR355C 0 0
YDR356W 13 230
YDR357C 13 228
YDR358W 17 305
YDR359C 13 561
YDR360W 2 26
YDR361C 12 396
YDR362C 23 302
YDR363W 17 345
YDR363W-A 1 33
YDR364C 17 548
YDR365C 14 519
YDR366C 12 298
YDR367W 7 64
YDR368W 8 315
YDR369C 22 1076
YDR370C 19 2465
YDR371W 18 351
YDR371C-A 0 0
YDR372C 3 43
YDR373W 2 18
YDR374C 7 105
YDR374W-A 0 0
YDR375C 16 422
YDR376W 37 1281
YDR377W 6 78
YDR378C 1 15
YDR379W 45 1047
YDR379C-A 3 192
YDR380W 27 344
YDR381W 19 508
YDR381C-A 0 0
YDR382W 2 6
YDR383C 9 68
YDR384C 23 837
YDR385W 3 4
YDR386W 23 953
YDR387C 13 466
YDR388W 15 423
YDR389W 24 411
YDR390C 18 325
YDR391C 15 121
YDR392W 10 132
YDR393W 18 450
YDR394W 14 299
YDR395W 21 516
YDR396W 24 489
YDR397C 25 490
YDR398W 13 155
YDR399W 11 5784
YDR400W 26 1629
YDR401W 6 71
YDR402C 18 303
YDR403W 31 860
YDR404C 5 56
YDR405W 19 389
YDR406W 125 15641
YDR406W-A 1 13
YDR407C 42 957
YDR408C 10 377
YDR409W 31 557
YDR410C 12 221
YDR411C 11 230
YDR412W 1 1
YDR413C 0 0
YDR414C 19 611
YDR415C 19 2961
YDR416W 27 602
YDR417C 0 0
YDR418W 0 0
YDR419W 31 918
YDR420W 45 990
YDR421W 29 732
YDR422C 33 5343
YDR423C 31 1198
YDR424C 3 20
YDR425W 21 760
YDR426C 9 418
YDR427W 10 205
YDR428C 16 423
YDR429C 7 173
YDR430C 46 616
YDR431W 7 38
YDR432W 22 409
YDR433W 9 111
YDR434W 17 531
YDR435C 14 264
YDR436W 33 1776
YDR437W 11 1188
YDR438W 13 164
YDR439W 2 35
YDR440W 12 148
YDR441C 10 281
YDR442W 7 262
YDR443C 48 1729
YDR444W 32 1090
YDR445C 13 2321
YDR446W 14 143
YDR447C 8 97
YDR448W 10 141
YDR449C 14 772
YDR450W 4 271
YDR451C 14 170
YDR452W 43 2507
YDR453C 21 1971
YDR454C 1 6
YDR455C 7 415
YDR456W 26 978
YDR457W 101 2168
YDR458C 14 646
YDR459C 19 453
YDR460W 10 252
YDR461W 0 0
YDR461C-A 8 223
YDR462W 5 142
YDR463W 39 1000
YDR464W 14 194
YDR464C-A 0 0
YDR465C 11 349
YDR466W 32 3489
YDR467C 9 292
YDR468C 7 192
YDR469W 5 149
YDR470C 13 190
YDR471W 6 54
YDR472W 16 356
YDR473C 16 667
YDR475C 44 1182
YDR476C 35 2038
YDR477W 28 460
YDR478W 8 259
YDR479C 22 2469
YDR480W 21 430
YDR481C 31 649
YDR482C 15 1732
YDR483W 14 407
YDR484W 13 86
YDR485C 18 466
YDR486C 15 220
YDR487C 5 8
YDR488C 51 8045
YDR489W 9 110
YDR490C 35 1691
YDR491C 22 554
YDR492W 17 474
YDR493W 6 246
YDR494W 8 189
YDR495C 12 373
YDR496C 20 287
YDR497C 40 1558
YDR498C 6 391
YDR499W 15 283
YDR500C 7 102
YDR501W 9 174
YDR502C 21 1973
YDR503C 11 157
YDR504C 1 2
YDR505C 17 384
YDR506C 47 1752
YDR507C 40 781
YDR508C 33 656
YDR509W 6 156
YDR510W 3 20
YDR510C-A 1 1
YDR511W 7 160
YDR512C 27 825
YDR513W 3 113
YDR514C 16 1580
YDR515W 3 21
YDR516C 29 2047
YDR517W 27 1302
YDR518W 22 722
YDR519W 3 28
YDR520C 19 412
YDR521W 4 73
YDR522C 8 178
YDR523C 22 370
YDR524C 18 130
YDR524W-C 3 20
YDR524C-B 7 57
YDR524C-A 10 249
YDR525W 17 1365
YDR525W-A 10 334
YDR526C 8 1785
YDR527W 26 11135
YDR528W 20 258
YDR529C 7 206
YDR530C 33 598
YDR531W 19 269
YDR532C 2 22
YDR533C 8 101
YDR534C 13 614
YDR535C 35 1567
YDR536W 32 616
YDR537C 7 209
YDR538W 12 255
YDR539W 15 402
YDR540C 0 0
YDR541C 21 1186
YDR542W 4 15
YDR543C 13 1826
YDR544C 12 79
YDR545W 0 0
YDR545C-A 0 0
YEL077C 8 157
YEL077W-A 0 0
YEL076C-A 0 0
YEL076C 0 0
YEL075W-A 0 0
YEL075C 0 0
YEL074W 7 619
YEL073C 5 49
YEL072W 18 408
YEL071W 30 1832
YEL070W 11 315
YEL069C 31 1065
YEL068C 3 148
YEL067C 27 4156
YEL066W 18 6390
YEL065W 35 1619
YEL064C 16 496
YEL063C 17 756
YEL062W 25 698
YEL061C 20 324
YEL060C 34 1482
YEL059C-A 8 211
YEL059W 22 6386
YEL058W 19 231
YEL057C 6 104
YEL056W 24 506
YEL055C 20 444
YEL054C 6 204
YEL053W-A 5 203
YEL053C 8 113
YEL052W 12 134
YEL051W 2 84
YEL050W-A 5 169
YEL050C 18 279
YEL049W 4 16
YEL048C 0 0
YEL047C 25 1302
YEL046C 21 634
YEL045C 29 1362
YEL044W 5 49
YEL043W 32 874
YEL042W 18 368
YEL041W 20 1158
YEL040W 37 982
YEL039C 13 131
YEL038W 17 592
YEL037C 17 463
YEL036C 26 1066
YEL035C 32 13072
YEL034C-A 18 333
YEL034W 12 250
YEL033W 25 1838
YEL032W 40 682
YEL032C-A 1 13
YEL031W 36 982
YEL030C-A 2 3
YEL030W 10 214
YEL029C 9 308
YEL028W 3 4
YEL027W 5 25
YEL026W 1 2
YEL025C 43 1017
YEL024W 17 530
YEL023C 24 800
YEL022W 47 1102
YEL021W 49 1199
YEL020C-B 7 34
YEL020W-A 7 34
YEL020C 28 644
YEL019C 3 1598
YEL018C-A 10 195
YEL018W 15 399
YEL017C-A 4 141
YEL017W 8 213
YEL016C 16 274
YEL015W 30 658
YEL014C 13 663
YEL013W 12 224
YEL012W 22 460
YEL011W 50 12141
YEL010W 3 28
YEL009C-A 6 115
YEL009C 22 862
YEL008W 41 9451
YEL008C-A 12 3531
YEL007W 17 1930
YEL006W 18 403
YEL005C 14 2739
YEL004W 24 394
YEL003W 13 140
YEL002C 35 1800
YEL001C 17 1153
YER001W 52 1930
YER002W 0 0
YER003C 19 515
YER004W 18 1545
YER005W 41 7678
YER006W 17 418
YER006C-A 8 154
YER007W 14 289
YER007C-A 12 325
YER008C 19 274
YER009W 3 99
YER010C 15 457
YER011W 2 3
YER012W 3 8
YER013W 24 392
YER014W 9 270
YER014C-A 20 976
YER015W 23 545
YER016W 12 184
YER017C 36 730
YER018C 22 850
YER019W 39 941
YER019C-A 3 32
YER020W 24 1505
YER021W 14 492
YER022W 23 652
YER023W 9 607
YER023C-A 2 4
YER024W 57 1755
YER025W 2 2
YER026C 6 115
YER027C 16 425
YER028C 18 508
YER029C 4 61
YER030W 2 11
YER031C 9 75
YER032W 36 627
YER033C 18 968
YER034W 18 1362
YER035W 25 409
YER036C 27 783
YER037W 17 263
YER038C 7 46
YER038W-A 7 68
YER039C 14 191
YER039C-A 1 51
YER040W 20 354
YER041W 23 405
YER042W 10 420
YER043C 25 455
YER044C 9 324
YER044C-A 20 305
YER045C 17 394
YER046W 8 179
YER046W-A 3 24
YER047C 22 455
YER048C 20 545
YER048W-A 2 27
YER049W 9 158
YER050C 4 29
YER051W 23 561
YER052C 15 106
YER053C 19 337
YER053C-A 0 0
YER054C 34 1378
YER055C 16 168
YER056C 23 861
YER056C-A 3 7
YER057C 10 556
YER058W 4 45
YER059W 5 31
YER060W 16 244
YER060W-A 25 491
YER061C 21 374
YER062C 9 396
YER063W 10 690
YER064C 8 38
YER065C 61 2804
YER066W 11 227
YER066C-A 18 730
YER067W 18 150
YER067C-A 11 30
YER068W 11 248
YER068C-A 17 652
YER069W 62 2495
YER070W 33 698
YER071C 1 24
YER072W 6 115
YER073W 15 120
YER074W 3 160
YER074W-A 4 33
YER075C 19 302
YER076C 10 296
YER076W-A 5 316
YER077C 15 243
YER078C 20 1074
YER078W-A 13 205
YER079W 10 248
YER079C-A 6 121
YER080W 23 667
YER081W 39 1550
YER082C 12 111
YER083C 17 451
YER084W 18 368
YER084W-A 1 17
YER085C 1 17
YER086W 23 313
YER087W 19 370
YER087C-A 11 274
YER087C-B 0 0
YER088C 48 1654
YER088C-A 39 79913
YER088W-B 6 270
YER089C 51 3439
YER090W 17 167
YER090C-A 0 0
YER091C 10 256
YER091C-A 14 1241
YER092W 11 1095
YER093C 25 1236
YER093C-A 10 141
YER094C 7 96
YER095W 15 353
YER096W 13 401
YER097W 11 366
YER098W 26 1031
YER099C 16 181
YER100W 3 18
YER101C 11 613
YER102W 3 4
YER103W 17 795
YER104W 10 122
YER105C 39 1176
YER106W 4 57
YER107C 11 127
YER107W-A 3 81
YER109C 17 347
YER110C 20 433
YER111C 26 724
YER112W 0 0
YER113C 27 553
YER114C 46 1163
YER115C 5 96
YER116C 16 257
YER117W 2 22
YER118C 20 291
YER119C 34 2237
YER119C-A 13 499
YER120W 9 125
YER121W 12 1965
YER122C 10 516
YER123W 25 1012
YER124C 5 34
YER125W 30 666
YER126C 4 53
YER127W 6 38
YER128W 8 84
YER129W 43 1412
YER130C 32 1760
YER131W 4 38
YER132C 73 2283
YER133W 10 67
YER133W-A 2 101
YER134C 8 201
YER135C 5 63
YER136W 22 223
YER137C 11 809
YER137W-A 8 671
YER138W-A 1 23
YER139C 13 156
YER140W 28 540
YER141W 14 184
YER142C 19 361
YER143W 19 435
YER144C 37 716
YER145C 59 1936
YER145C-A 21 697
YER146W 10 47
YER147C 59 2300
YER147C-A 5 258
YER148W 6 275
YER148W-A 11 398
YER149C 15 506
YER150W 8 60
YER151C 25 710
YER152C 32 454
YER152W-A 9 143
YER153C 21 401
YER154W 19 338
YER155C 64 10071
YER156C 15 346
YER157W 15 412
YER158C 31 793
YER158W-A 5 15
YER159C 9 61
YER161C 11 202
YER162C 12 140
YER163C 20 530
YER164W 49 1832
YER165W 6 69
YER165C-A 4 28
YER166W 74 1938
YER167W 42 1267
YER168C 19 512
YER169W 32 1221
YER170W 13 270
YER171W 27 837
YER172C 42 996
YER172C-A 4 7
YER173W 19 320
YER174C 11 722
YER175C 27 2240
YER175W-A 2 29
YER176W 89 6536
YER177W 8 50
YER178W 33 993
YER179W 19 537
YER180C 6 200
YER180C-A 5 73
YER181C 3 74
YER182W 10 127
YER183C 12 354
YER184C 12 276
YER185W 15 310
YER186C 18 361
YER187W 3 79
YER188W 7 127
YER188C-A 8 119
YER189W 0 0
YER190W 2 17
YER190C-A 0 0
YER190C-B 0 0
YFL068W 0 0
YFL067W 0 0
YFL066C 0 0
YFL065C 0 0
YFL064C 0 0
YFL063W 9 335
YFL062W 2 13
YFL061W 0 0
YFL060C 3 42
YFL059W 4 18
YFL058W 4 123
YFL057C 2 4
YFL056C 11 151
YFL055W 26 1207
YFL054C 27 541
YFL053W 26 312
YFL052W 24 797
YFL051C 20 752
YFL050C 26 1248
YFL049W 10 156
YFL048C 14 546
YFL047W 27 567
YFL046W 18 607
YFL045C 0 0
YFL044C 13 263
YFL042C 24 774
YFL041W-A 3 53
YFL041W 23 492
YFL040W 23 2883
YFL039C 5 78
YFL038C 23 576
YFL037W 15 429
YFL036W 31 1081
YFL034C-B 7 43
YFL034C-A 13 233
YFL034W 27 550
YFL033C 81 2294
YFL032W 14 1793
YFL031W 15 293
YFL031C-A 1 7
YFL030W 23 580
YFL029C 5 166
YFL028C 10 356
YFL027C 14 216
YFL026W 8 90
YFL025C 22 509
YFL024C 43 1530
YFL023W 16 401
YFL022C 12 289
YFL021C-A 41 1171
YFL021W 34 554
YFL020C 3 5
YFL019C 1 4
YFL018C 16 266
YFL017W-A 3 83
YFL017C 7 179
YFL016C 33 820
YFL015W-A 11 275
YFL015C 22 425
YFL014W 7 132
YFL013W-A 26 567
YFL013C 36 875
YFL012W-A 20 974
YFL012W 4 73
YFL011W 20 484
YFL010W-A 1 6
YFL010C 5 26
YFL009W 17 768
YFL008W 22 308
YFL007W 68 1246
YFL005W 7 185
YFL004W 28 550
YFL003C 59 6873
YFL002C 31 916
YFL001W 47 1854
YFR001W 6 181
YFR002W 29 842
YFR003C 6 256
YFR004W 6 43
YFR005C 15 326
YFR006W 41 1152
YFR007W 27 2622
YFR008W 5 151
YFR009W 28 653
YFR009W-A 0 0
YFR010W 25 2881
YFR010W-A 3 16
YFR011C 10 168
YFR012W 5 135
YFR012W-A 1 21
YFR013W 22 531
YFR014C 17 1815
YFR015C 39 1672
YFR016C 37 1672
YFR017C 25 1056
YFR018C 61 7173
YFR019W 60 1286
YFR020W 5 23
YFR021W 23 1163
YFR022W 41 2602
YFR023W 12 317
YFR024C-A 15 1095
YFR025C 27 1373
YFR026C 7 47
YFR027W 15 287
YFR028C 12 167
YFR029W 35 1085
YFR030W 18 703
YFR031C 19 323
YFR031C-A 9 222
YFR032C 14 200
YFR032C-A 1 45
YFR032C-B 11 976
YFR033C 16 557
YFR034C 49 7958
YFR034W-A 21 8694
YFR035C 21 8317
YFR036W 12 230
YFR036W-A 8 415
YFR037C 19 522
YFR038W 25 674
YFR039C 13 167
YFR040W 19 811
YFR041C 13 504
YFR042W 3 18
YFR043C 9 623
YFR044C 25 912
YFR045W 7 402
YFR046C 15 352
YFR047C 11 626
YFR048W 40 1467
YFR049W 6 45
YFR050C 11 390
YFR051C 28 1896
YFR052W 10 89
YFR052C-A 12 153
YFR053C 41 1442
YFR054C 3 15
YFR056C 16 1104
YFR055W 21 834
YFR057W 3 58
YGL263W 18 625
YGL262W 8 60
YGL261C 5 287
YGL260W 0 0
YGL259W 4 393
YGL258W-A 0 0
YGL258W 0 0
YGL257C 12 649
YGL256W 13 288
YGL255W 26 775
YGL254W 29 903
YGL253W 22 329
YGL252C 27 393
YGL251C 43 3481
YGL250W 11 937
YGL249W 50 1168
YGL248W 12 133
YGL247W 8 255
YGL246C 16 873
YGL245W 22 696
YGL244W 11 134
YGL243W 11 318
YGL242C 10 276
YGL241W 28 570
YGL240W 10 149
YGL239C 5 100
YGL238W 18 507
YGL237C 11 148
YGL236C 36 1882
YGL235W 15 1421
YGL234W 27 1145
YGL233W 11 82
YGL232W 10 324
YGL231C 2 45
YGL230C 0 0
YGL229C 35 2258
YGL228W 18 342
YGL227W 32 732
YGL226C-A 1 1
YGL226W 4 282
YGL225W 17 349
YGL224C 15 373
YGL223C 14 867
YGL222C 2 33
YGL221C 10 227
YGL220W 4 390
YGL219C 14 876
YGL218W 9 829
YGL217C 6 15
YGL216W 45 918
YGL215W 11 145
YGL214W 4 17
YGL213C 11 210
YGL212W 13 55
YGL211W 12 259
YGL210W 10 202
YGL209W 11 59
YGL208W 39 813
YGL207W 25 534
YGL206C 56 1404
YGL205W 41 1130
YGL204C 2 42
YGL203C 36 607
YGL202W 26 364
YGL201C 31 919
YGL200C 11 137
YGL199C 11 54
YGL198W 15 323
YGL197W 27 344
YGL196W 21 410
YGL195W 85 1902
YGL194C-A 3 5
YGL194C 14 195
YGL193C 7 467
YGL192W 28 524
YGL191W 15 1084
YGL190C 25 666
YGL189C 11 175
YGL188C-A 3 35
YGL188C 8 1945
YGL187C 22 743
YGL186C 16 495
YGL185C 27 815
YGL184C 24 553
YGL183C 12 314
YGL182C 6 59
YGL181W 14 264
YGL180W 39 1221
YGL179C 16 290
YGL178W 73 4290
YGL177W 25 1572
YGL176C 12 395
YGL175C 3 104
YGL174W 21 988
YGL173C 60 1547
YGL172W 7 73
YGL171W 14 247
YGL170C 5 221
YGL169W 18 325
YGL168W 3 28
YGL167C 29 613
YGL166W 23 503
YGL165C 33 2863
YGL164C 16 437
YGL163C 33 6780
YGL162W 16 403
YGL161C 19 406
YGL160W 19 290
YGL159W 8 101
YGL158W 28 1625
YGL157W 19 835
YGL156W 45 746
YGL155W 12 381
YGL154C 12 510
YGL153W 14 384
YGL152C 12 4195
YGL151W 15 219
YGL150C 33 538
YGL149W 19 756
YGL148W 23 1250
YGL147C 11 528
YGL146C 15 552
YGL145W 21 270
YGL144C 21 588
YGL143C 16 361
YGL142C 7 97
YGL141W 31 508
YGL140C 16 333
YGL139W 24 308
YGL138C 11 392
YGL137W 25 587
YGL136C 10 843
YGL135W 9 40
YGL134W 19 420
YGL133W 40 4342
YGL132W 0 0
YGL131C 31 2602
YGL130W 11 160
YGL129C 5 58
YGL128C 2 146
YGL127C 6 242
YGL126W 89 10983
YGL125W 45 6266
YGL124C 19 587
YGL123W 8 59
YGL123C-A 3 6
YGL122C 18 357
YGL121C 12 49279
YGL120C 20 584
YGL119W 15 329
YGL118C 15 511
YGL117W 20 568
YGL116W 33 487
YGL115W 15 564
YGL114W 24 270
YGL113W 9 44
YGL112C 7 19
YGL111W 10 202
YGL110C 23 546
YGL109W 10 145
YGL108C 5 31
YGL107C 17 130
YGL106W 2 9
YGL105W 10 223
YGL104C 23 416
YGL103W 27 382
YGL102C 18 335
YGL101W 7 59
YGL100W 10 174
YGL099W 12 298
YGL098W 3 3
YGL097W 26 376
YGL096W 13 268
YGL095C 18 349
YGL094C 34 810
YGL093W 22 527
YGL092W 22 251
YGL091C 15 661
YGL090W 10 337
YGL089C 4 40
YGL088W 7 94
YGL087C 15 1128
YGL086W 26 979
YGL085W 17 946
YGL084C 11 139
YGL083W 25 521
YGL082W 27 482
YGL081W 6 52
YGL080W 3 43
YGL079W 7 140
YGL078C 11 397
YGL077C 21 899
YGL076C 3 107
YGL075C 11 156
YGL074C 18 346
YGL073W 63 1387
YGL072C 21 1093
YGL071W 31 800
YGL070C 7 69
YGL069C 4 56
YGL068W 4 56
YGL067W 12 298
YGL066W 27 415
YGL065C 9 130
YGL064C 30 425
YGL063W 99 3689
YGL063C-A 17 595
YGL062W 71 1411
YGL061C 12 313
YGL060W 25 408
YGL059W 19 831
YGL058W 9 138
YGL057C 10 348
YGL056C 27 821
YGL055W 29 986
YGL054C 9 239
YGL053W 3 10
YGL052W 4 263
YGL051W 8 113
YGL050W 16 178
YGL049C 21 951
YGL048C 9 160
YGL047W 11 624
YGL045W 27 3918
YGL044C 5 56
YGL043W 14 261
YGL042C 3 22
YGL041C-B 8 34
YGL041W-A 9 99
YGL041C 7 88
YGL040C 16 480
YGL039W 10 457
YGL038C 24 485
YGL037C 11 255
YGL036W 26 699
YGL035C 17 206
YGL034C 5 86
YGL033W 5 64
YGL032C 1 1
YGL031C 3 59
YGL030W 1 2
YGL029W 4 7
YGL028C 6 38
YGL027C 23 529
YGL026C 20 350
YGL025C 8 108
YGL024W 5 136
YGL023C 21 307
YGL022W 38 1608
YGL021W 24 494
YGL020C 4 57
YGL019W 6 90
YGL018C 9 80
YGL017W 14 210
YGL016W 20 310
YGL015C 7 101
YGL014W 16 634
YGL014C-A 1 63
YGL013C 30 1133
YGL012W 23 390
YGL011C 4 138
YGL010W 10 302
YGL009C 42 660
YGL008C 44 1966
YGL007C-A 1 7
YGL007W 14 8501
YGL006W-A 3 18
YGL006W 32 506
YGL005C 16 262
YGL004C 49 2677
YGL003C 32 1097
YGL002W 25 706
YGL001C 39 1885
YGR001C 16 600
YGR002C 27 739
YGR003W 28 1374
YGR004W 14 506
YGR005C 9 128
YGR006W 12 760
YGR007W 21 1283
YGR008C 10 65
YGR009C 16 245
YGR010W 17 380
YGR011W 3 77
YGR012W 11 120
YGR013W 41 2762
YGR014W 24 805
YGR015C 19 233
YGR016W 13 289
YGR017W 7 106
YGR018C 2 21
YGR019W 35 1716
YGR020C 0 0
YGR021W 19 480
YGR022C 3 5
YGR023W 18 600
YGR024C 3 21
YGR025W 14 811
YGR026W 16 454
YGR027C 7 100
YGR028W 9 131
YGR029W 10 177
YGR030C 10 727
YGR031W 67 5621
YGR031C-A 26 637
YGR032W 97 2272
YGR033C 4 65
YGR034W 3 51
YGR035C 4 62
YGR035W-A 13 444
YGR036C 14 225
YGR037C 1 3
YGR038W 12 161
YGR039W 13 192
YGR040W 19 393
YGR041W 35 1133
YGR042W 7 72
YGR043C 18 973
YGR044C 13 341
YGR045C 17 428
YGR046W 7 88
YGR047C 25 781
YGR048W 9 255
YGR049W 20 515
YGR050C 19 622
YGR051C 21 911
YGR052W 19 654
YGR053C 5 27
YGR054W 21 741
YGR055W 14 419
YGR056W 27 1054
YGR057C 5 132
YGR058W 16 275
YGR059W 8 207
YGR060W 14 186
YGR061C 46 1870
YGR062C 9 186
YGR063C 8 47
YGR064W 10 335
YGR065C 13 170
YGR066C 9 164
YGR067C 29 686
YGR068C 80 5557
YGR068W-A 3 17
YGR069W 17 578
YGR070W 48 1469
YGR071C 20 8576
YGR072W 4 67
YGR073C 5 182
YGR074W 4 181
YGR075C 0 0
YGR076C 8 181
YGR077C 17 368
YGR078C 0 0
YGR079W 27 1502
YGR080W 17 462
YGR081C 5 157
YGR082W 7 274
YGR083C 15 352
YGR084C 9 32708
YGR085C 5 25
YGR086C 20 275
YGR087C 55 2185
YGR088W 19 1027
YGR089W 26 594
YGR090W 17 210
YGR091W 11 208
YGR092W 14 512
YGR093W 35 931
YGR094W 27 1250
YGR095C 7 23
YGR096W 23 4360
YGR097W 39 1104
YGR098C 8 27
YGR099W 16 307
YGR100W 30 455
YGR101W 10 391
YGR102C 5 196
YGR103W 11 270
YGR104C 5 127
YGR105W 1 3
YGR106C 6 52
YGR107W 34 1539
YGR108W 7 275
YGR109C 17 400
YGR110W 4 195
YGR111W 16 287
YGR112W 12 139
YGR113W 13 1284
YGR114C 0 0
YGR115C 3 7
YGR116W 27 579
YGR117C 6 3160
YGR118W 3 303
YGR119C 12 236
YGR120C 3 25
YGR121C 47 1818
YGR121W-A 16 908
YGR122W 23 2009
YGR122C-A 0 0
YGR123C 19 554
YGR124W 23 572
YGR125W 28 284
YGR126W 7 103
YGR127W 19 892
YGR128C 6 22
YGR129W 11 772
YGR130C 44 1676
YGR131W 8 211
YGR132C 13 562
YGR133W 5 182
YGR134W 36 906
YGR135W 3 17
YGR136W 6 277
YGR137W 2 198
YGR138C 22 411
YGR139W 5 33
YGR140W 35 748
YGR141W 32 616
YGR142W 11 155
YGR143W 23 605
YGR144W 19 334
YGR145W 13 442
YGR146C 9 52
YGR146C-A 11 342
YGR147C 16 159
YGR148C 9 136
YGR149W 12 144
YGR150C 25 2580
YGR151C 1 20
YGR152C 3 46
YGR153W 13 137
YGR154C 10 475
YGR155W 17 268
YGR156W 17 243
YGR157W 16 716
YGR158C 16 631
YGR159C 17 426
YGR160W 2 19
YGR161C 24 507
YGR161W-C 11 260
YGR162W 18 407
YGR163W 10 145
YGR164W 16 548
YGR165W 7 246
YGR166W 16 153
YGR167W 12 333
YGR168C 11 172
YGR169C 19 619
YGR169C-A 0 0
YGR170W 35 3106
YGR171C 16 313
YGR172C 4 203
YGR173W 15 241
YGR174C 6 84
YGR174W-A 0 0
YGR175C 19 580
YGR176W 18 903
YGR177C 42 3356
YGR178C 32 1116
YGR179C 15 713
YGR180C 20 274
YGR181W 9 93
YGR182C 12 171
YGR183C 8 88
YGR184C 68 2198
YGR185C 17 560
YGR186W 11 174
YGR187C 8 51
YGR188C 21 361
YGR189C 15 628
YGR190C 4 1083
YGR191W 14 396
YGR192C 18 348
YGR193C 18 294
YGR194C 21 521
YGR195W 20 486
YGR196C 25 626
YGR197C 30 1264
YGR198W 26 436
YGR199W 38 1160
YGR200C 21 540
YGR201C 19 2712
YGR202C 27 260
YGR203W 36 1497
YGR204W 67 2818
YGR204C-A 0 0
YGR205W 10 222
YGR206W 5 129
YGR207C 5 22
YGR208W 24 755
YGR209C 7 168
YGR210C 44 1317
YGR211W 23 587
YGR212W 15 381
YGR213C 15 251
YGR214W 10 92
YGR215W 3 66
YGR216C 17 359
YGR217W 54 821
YGR218W 16 296
YGR219W 4 134
YGR220C 10 333
YGR221C 19 549
YGR222W 15 94
YGR223C 18 303
YGR224W 17 218
YGR225W 17 315
YGR226C 1 15
YGR227W 10 75
YGR228W 3 86
YGR229C 21 852
YGR230W 14 212
YGR231C 15 125
YGR232W 8 102
YGR233C 27 620
YGR234W 10 182
YGR235C 16 326
YGR236C 18 909
YGR237C 32 702
YGR238C 38 1240
YGR239C 25 1305
YGR240C 40 561
YGR240C-A 17 1368
YGR241C 21 899
YGR242W 2 88
YGR243W 5 11
YGR244C 56 4814
YGR245C 33 2663
YGR246C 9 139
YGR247W 15 267
YGR248W 15 915
YGR249W 14 318
YGR250C 35 1257
YGR251W 14 142
YGR252W 17 280
YGR253C 11 178
YGR254W 17 331
YGR255C 21 273
YGR256W 24 379
YGR257C 22 271
YGR258C 49 7879
YGR259C 6 38
YGR260W 24 5980
YGR261C 18 511
YGR262C 12 708
YGR263C 9 283
YGR264C 17 317
YGR265W 8 35
YGR266W 29 538
YGR267C 10 118
YGR268C 20 407
YGR269W 30 2881
YGR270W 48 1668
YGR270C-A 3 336
YGR271W 82 1981
YGR271C-A 2 118
YGR273C 0 0
YGR274C 13 82
YGR275W 0 0
YGR276C 17 248
YGR277C 10 214
YGR278W 8 76
YGR279C 20 569
YGR280C 15 390
YGR281W 60 1061
YGR282C 11 931
YGR283C 15 299
YGR284C 9 144
YGR285C 12 242
YGR286C 22 693
YGR287C 44 1073
YGR288W 20 231
YGR289C 18 391
YGR290W 0 0
YGR291C 5 155
YGR292W 2 147
YGR293C 0 0
YGR294W 1 1
YGR295C 10 100
YGR296W 0 0
YGR296C-A 0 0
YGR296C-B 0 0
YHL050C 2 17
YHL050W-A 2 17
YHL049C 0 0
YHL048C-A 2 7
YHL048W 11 85
YHL047C 16 331
YHL046W-A 2 5
YHL046C 3 6
YHL045W 12 3734
YHL044W 6 275
YHL043W 1 6
YHL042W 13 2193
YHL041W 23 858
YHL040C 34 1023
YHL039W 10 85
YHL038C 13 145
YHL037C 20 1636
YHL036W 37 826
YHL035C 36 998
YHL034W-A 5 50
YHL034C 7 55
YHL033C 3 95
YHL032C 50 27232
YHL031C 25 775
YHL030W-A 17 579
YHL030W 54 1463
YHL029C 41 1326
YHL028W 29 371
YHL027W 47 1445
YHL026C 26 1382
YHL025W 63 4528
YHL024W 57 1620
YHL023C 24 436
YHL022C 7 331
YHL021C 23 388
YHL020C 27 657
YHL019W-A 9 101
YHL019C 17 335
YHL018W 6 2455
YHL017W 18 221
YHL016C 33 1572
YHL015W-A 4 235
YHL015W 0 0
YHL014C 15 430
YHL013C 9 97
YHL012W 18 967
YHL011C 9 338
YHL010C 33 449
YHL009C 7 2708
YHL008C 13 117
YHL007C 42 2169
YHL006W-A 13 814
YHL006C 32 1718
YHL005C 29 3582
YHL004W 20 740
YHL003C 19 558
YHL002C-A 13 505
YHL002W 36 1164
YHL001W 9 102
YHR001W 48 1227
YHR001W-A 25 2027
YHR002W 39 635
YHR003C 27 1047
YHR004C 23 644
YHR005C 14 219
YHR005C-A 5 17
YHR006W 25 740
YHR007C 14 319
YHR007C-A 15 5235
YHR008C 10 376
YHR009C 18 276
YHR010W 1 1
YHR011W 11 265
YHR012W 7 148
YHR013C 7 41
YHR014W 3 9
YHR015W 12 184
YHR016C 16 357
YHR017W 13 1327
YHR018C 10 216
YHR019C 24 429
YHR020W 19 307
YHR021C 5 28
YHR021W-A 2 45
YHR022C 11 591
YHR022C-A 4 106
YHR023W 43 1308
YHR024C 12 142
YHR025W 14 426
YHR026W 8 110
YHR027C 19 277
YHR028C 30 1535
YHR028W-A 9 229
YHR029C 18 512
YHR030C 10 68
YHR031C 38 24459
YHR032W 65 2883
YHR032W-A 8 38
YHR032C-A 6 28
YHR033W 64 5209
YHR034C 25 1490
YHR035W 34 919
YHR036W 16 297
YHR037W 11 576
YHR038W 1 22
YHR039C 22 503
YHR039C-A 4 13
YHR040W 21 320
YHR041C 9 195
YHR042W 24 261
YHR043C 8 164
YHR044C 9 68
YHR045W 20 554
YHR046C 15 425
YHR047C 39 940
YHR048W 33 815
YHR049W 16 403
YHR049C-A 2 19
YHR050W 40 2498
YHR050W-A 3 29
YHR051W 5 13
YHR052W 8 144
YHR052W-A 0 0
YHR053C 0 0
YHR054C 0 0
YHR054W-A 0 0
YHR055C 0 0
YHR056C 34 3148
YHR056W-A 12 2436
YHR057C 24 532
YHR058C 13 346
YHR059W 3 42
YHR060W 2 22
YHR061C 16 1283
YHR062C 14 327
YHR063C 9 372
YHR063W-A 4 362
YHR064C 6 84
YHR065C 13 183
YHR066W 10 751
YHR067W 10 454
YHR068W 13 388
YHR069C 14 288
YHR069C-A 5 51
YHR070W 40 4484
YHR070C-A 32 4439
YHR071W 22 1415
YHR071C-A 10 190
YHR072W 39 610
YHR072W-A 1 1
YHR073W 32 682
YHR073W-A 3 80
YHR073C-B 2 136
YHR074W 13 307
YHR075C 15 543
YHR076W 5 189
YHR077C 24 266
YHR078W 14 717
YHR079C 21 480
YHR079C-A 2 7
YHR080C 67 3313
YHR081W 3 52
YHR082C 35 898
YHR083W 20 509
YHR084W 17 1045
YHR085W 10 180
YHR086W 18 466
YHR086W-A 11 299
YHR087W 16 638
YHR088W 0 0
YHR089C 6 669
YHR090C 7 254
YHR091C 22 311
YHR092C 26 562
YHR093W 4 95
YHR094C 23 498
YHR095W 11 150
YHR096C 33 652
YHR097C 25 492
YHR098C 33 1270
YHR099W 83 1795
YHR100C 6 51
YHR101C 15 423
YHR102W 16 257
YHR103W 16 377
YHR104W 4 41
YHR105W 2 26
YHR106W 7 147
YHR107C 6 410
YHR108W 19 564
YHR109W 14 177
YHR110W 3 14
YHR111W 4 131
YHR112C 16 740
YHR113W 17 787
YHR114W 19 404
YHR115C 19 2149
YHR116W 17 953
YHR117W 27 909
YHR118C 16 380
YHR119W 31 545
YHR120W 20 203
YHR121W 6 353
YHR122W 6 146
YHR123W 16 229
YHR124W 18 409
YHR125W 1 12
YHR126C 18 421
YHR127W 9 294
YHR128W 9 556
YHR129C 10 108
YHR130C 1 1
YHR131C 27 451
YHR131W-A 7 141
YHR132C 24 840
YHR132W-A 7 152
YHR133C 8 126
YHR134W 10 46
YHR135C 38 3208
YHR136C 16 979
YHR137W 8 121
YHR137C-A 6 108
YHR138C 5 118
YHR139C 8 229
YHR139C-A 8 102
YHR140W 14 151
YHR141C 0 0
YHR142W 13 186
YHR143W 6 492
YHR143W-A 0 0
YHR144C 8 227
YHR145C 5 12
YHR146W 10 253
YHR147C 4 188
YHR148W 6 518
YHR149C 24 553
YHR150W 26 453
YHR151C 18 443
YHR152W 10 839
YHR153C 9 150
YHR154W 40 866
YHR155W 17 398
YHR156C 27 984
YHR157W 7 47
YHR158C 36 1136
YHR159W 29 1791
YHR160C 7 682
YHR161C 37 2548
YHR162W 0 0
YHR163W 5 95
YHR164C 31 795
YHR165C 65 1088
YHR165W-A 4 9
YHR166C 29 3433
YHR167W 11 248
YHR168W 20 1481
YHR169W 16 396
YHR170W 13 261
YHR171W 10 68
YHR172W 25 3694
YHR173C 27 676
YHR174W 24 557
YHR175W 15 916
YHR175W-A 2 11
YHR176W 16 302
YHR177W 18 431
YHR178W 37 763
YHR179W 16 260
YHR180W 11 134
YHR180W-A 3 281
YHR180C-B 0 0
YHR181W 5 571
YHR182W 25 633
YHR182C-A 14 283
YHR183W 38 700
YHR184W 11 202
YHR185C 5 74
YHR186C 45 1060
YHR187W 9 207
YHR188C 21 464
YHR189W 7 154
YHR190W 16 221
YHR191C 2 43
YHR192W 13 182
YHR193C 7 299
YHR193C-A 4 33
YHR194W 45 1020
YHR195W 13 330
YHR196W 12 378
YHR197W 2 15
YHR198C 14 310
YHR199C 18 583
YHR199C-A 3 31
YHR200W 15 476
YHR201C 4 33
YHR202W 25 926
YHR203C 4 37
YHR204W 38 1192
YHR205W 19 211
YHR206W 10 319
YHR207C 19 388
YHR208W 11 118
YHR209W 7 39
YHR210C 9 189
YHR211W 21 427
YHR212C 0 0
YHR212W-A 0 0
YHR213W 0 0
YHR213W-A 0 0
YHR213W-B 8 607
YHR214W 1 6
YHR214W-A 0 0
YHR214C-D 0 0
YHR214C-E 0 0
YHR215W 2 15
YHR216W 16 394
YHR217C 7 91
YHR218W 0 0
YHR218W-A 0 0
YHR219W 0 0
YHR219C-A 0 0
YIL177C 0 0
YIL177W-A 0 0
YIL176C 0 0
YIL173W 1 3
YIL172C 0 0
YIL171W-A 0 0
YIL169C 11 126
YIL166C 15 423
YIL165C 3 89
YIL164C 17 387
YIL163C 22 1545
YIL162W 38 2164
YIL161W 7 183
YIL160C 14 510
YIL159W 46 1121
YIL158W 11 474
YIL157C 7 81
YIL156W-A 7 94
YIL156W-B 6 157
YIL156W 40 1471
YIL155C 61 2394
YIL154C 67 2267
YIL153W 27 564
YIL152W 18 317
YIL151C 26 527
YIL150C 23 1787
YIL149C 34 1178
YIL148W 3 8
YIL147C 20 417
YIL146C 6 349
YIL145C 16 127
YIL144W 15 558
YIL143C 39 1943
YIL142C-A 4 10
YIL142W 30 646
YIL141W 4 13
YIL140W 24 638
YIL139C 12 317
YIL138C 5 58
YIL137C 49 1673
YIL136W 18 486
YIL135C 14 391
YIL134C-A 6 57
YIL134W 14 330
YIL133C 8 120
YIL132C 17 4093
YIL131C 29 727
YIL130W 24 353
YIL129C 47 816
YIL128W 30 1819
YIL127C 3 31
YIL126W 27 1363
YIL125W 64 1437
YIL124W 7 82
YIL123W 41 2302
YIL122W 12 135
YIL121W 23 992
YIL120W 40 2678
YIL119C 8 95
YIL118W 14 392
YIL117C 9 237
YIL116W 8 79
YIL115W-A 2 31
YIL115C 35 785
YIL114C 6 103
YIL113W 25 2175
YIL112W 27 2852
YIL111W 7 71
YIL110W 9 414
YIL109C 38 829
YIL108W 29 840
YIL107C 25 1013
YIL106W 13 562
YIL105C 34 944
YIL105W-A 3 36
YIL104C 24 702
YIL103W 9 144
YIL102C-A 7 93
YIL102C 1 1
YIL101C 37 2871
YIL100C-A 26 2249
YIL100W 28 2266
YIL099W 30 391
YIL098C 5 108
YIL097W 13 703
YIL096C 16 34271
YIL095W 28 399
YIL094C 15 3677
YIL093C 16 252
YIL092W 28 929
YIL091C 27 731
YIL090W 12 221
YIL089W 11 168
YIL088C 16 248
YIL087C 3 191
YIL086C 17 467
YIL085C 27 834
YIL084C 14 123
YIL083C 5 123
YIL082W 9 132
YIL079C 8 242
YIL078W 24 859
YIL077C 34 2220
YIL076W 4 58
YIL075C 30 354
YIL074C 37 507
YIL073C 24 599
YIL072W 13 265
YIL071W-A 1 19
YIL071C 13 153
YIL070C 6 46
YIL069C 5 114
YIL068W-A 10 100
YIL068C 22 443
YIL067C 21 523
YIL066W-A 5 24
YIL066C 25 832
YIL065C 19 746
YIL064W 22 523
YIL063C 18 1011
YIL062C 5 52
YIL061C 8 57
YIL060W 2 33
YIL059C 3 37
YIL058W 7 56
YIL057C 13 15240
YIL056W 32 850
YIL055C 35 892
YIL054W 20 1032
YIL053W 15 530
YIL052C 1 2
YIL051C 17 1216
YIL050W 9 238
YIL049W 16 414
YIL048W 25 567
YIL047C-A 7 58
YIL047C 42 893
YIL046W-A 24 3436
YIL046W 49 980
YIL045W 20 596
YIL044C 12 94
YIL043C 20 305
YIL042C 18 201
YIL041W 16 480
YIL040W 4 70
YIL039W 13 551
YIL038C 16 183
YIL037C 18 394
YIL036W 19 5575
YIL035C 16 332
YIL034C 19 410
YIL033C 25 649
YIL032C 6 488
YIL031W 22 544
YIL030W-A 2 326
YIL030C 37 6134
YIL029W-A 5 359
YIL029C 3 786
YIL028W 2 7
YIL027C 5 72
YIL026C 25 801
YIL025C 2 46
YIL024C 8 74
YIL023C 20 482
YIL022W 16 344
YIL021W 13 242
YIL021C-A 2 36
YIL020C-A 6 94
YIL020C 9 323
YIL019W 10 220
YIL018W 2 5
YIL017C 37 610
YIL016W 1 62
YIL015W 25 744
YIL014C-A 2 6
YIL014W 12 186
YIL013C 38 404
YIL012W 13 1213
YIL011W 9 368
YIL010W 13 322
YIL009C-A 14 458
YIL009W 37 10358
YIL008W 5 81
YIL007C 18 362
YIL006W 14 469
YIL005W 25 2351
YIL004C 12 334
YIL003W 25 638
YIL002W-A 3 12
YIL002C 54 2702
YIL001W 62 4935
YIR001C 30 908
YIR002C 64 2404
YIR003W 30 1418
YIR004W 6 88
YIR005W 12 176
YIR006C 44 1544
YIR007W 22 803
YIR008C 3 84
YIR009W 1 10
YIR010W 17 511
YIR011C 8 33
YIR012W 12 92
YIR013C 5 248
YIR014W 13 114
YIR015W 12 5478
YIR016W 20 894
YIR017C 32 1322
YIR017W-A 35 1606
YIR018W 14 557
YIR018C-A 11 289
YIR019C 26 1915
YIR020C 6 72
YIR020W-A 10 782
YIR020C-B 9 99
YIR021W 14 168
YIR021W-A 8 1643
YIR022W 3 7
YIR023W 17 316
YIR023C-A 2 5
YIR024C 5 90
YIR025W 10 217
YIR026C 9 341
YIR027C 11 598
YIR028W 36 5262
YIR029W 9 228
YIR030C 7 76
YIR030W-A 5 56
YIR031C 15 425
YIR032C 9 159
YIR033W 22 304
YIR034C 22 1703
YIR035C 13 330
YIR036C 7 63
YIR036W-A 7 87
YIR037W 2 89
YIR038C 9 229
YIR039C 6 96
YIR040C 2 83
YIR041W 0 0
YIR042C 4 252
YJL225C 0 0
YJL225W-A 0 0
YJL223C 0 0
YJL222W-B 0 0
YJL222W-A 0 0
YJL222W 2 40
YJL221C 0 0
YJL220W 0 0
YJL219W 9 535
YJL218W 5 433
YJL217W 8 462
YJL216C 28 834
YJL215C 9 43
YJL214W 15 252
YJL213W 15 7139
YJL212C 42 1241
YJL211C 31 2678
YJL210W 38 1201
YJL209W 32 686
YJL208C 21 457
YJL207C 52 2197
YJL206C 28 612
YJL205C 7 166
YJL204C 11 260
YJL203W 3 85
YJL202C 7 1932
YJL201W 28 695
YJL200C 39 2003
YJL199C 5 162
YJL198W 31 723
YJL197W 47 1042
YJL197C-A 0 0
YJL196C 19 409
YJL195C 8 52
YJL194W 24 536
YJL193W 4 64
YJL192C 7 118
YJL191W 26 3524
YJL190C 4 120
YJL189W 5 187
YJL188C 3 131
YJL187C 28 530
YJL186W 25 404
YJL185C 11 52
YJL184W 9 175
YJL183W 27 840
YJL182C 10 146
YJL181W 26 2542
YJL180C 8 61
YJL179W 3 44
YJL178C 6 293
YJL177W 3 86
YJL176C 9 87
YJL175W 4 24
YJL174W 5 126
YJL173C 1 2
YJL172W 26 6231
YJL171C 11 390
YJL170C 13 887
YJL169W 4 24
YJL168C 21 346
YJL167W 9 144
YJL166W 4 110
YJL165C 34 617
YJL164C 15 300
YJL163C 31 767
YJL162C 23 708
YJL161W 16 1393
YJL160C 9 194
YJL159W 4 17
YJL158C 18 189
YJL157C 78 3075
YJL156W-A 18 1638
YJL156C 42 1241
YJL155C 24 1773
YJL154C 40 886
YJL153C 26 1365
YJL152W 39 2481
YJL151C 29 997
YJL150W 28 4233
YJL149W 20 899
YJL148W 8 181
YJL147C 7 38
YJL146W 23 342
YJL145W 11 112
YJL144W 7 96
YJL143W 6 38
YJL142C 3 21
YJL141C 32 1125
YJL140W 8 126
YJL139C 15 302
YJL138C 1 358
YJL137C 20 541
YJL136W-A 2 4
YJL136C 5 29
YJL135W 12 1767
YJL134W 12 121
YJL133C-A 11 218
YJL133W 21 1191
YJL132W 27 311
YJL131C 6 44
YJL130C 91 1745
YJL129C 30 525
YJL128C 23 12087
YJL127W-A 5 455
YJL127C-B 4 37
YJL127C 33 931
YJL126W 15 202
YJL125C 20 587
YJL124C 3 40
YJL123C 18 434
YJL122W 5 84
YJL121C 7 20
YJL120W 4 44
YJL119C 14 774
YJL118W 18 268
YJL117W 8 83
YJL116C 23 1048
YJL115W 9 236
YJL112W 30 2188
YJL111W 9 76
YJL110C 7 512
YJL109C 34 778
YJL108C 10 101
YJL107C 24 613
YJL106W 19 468
YJL105W 13 60
YJL104W 5 140
YJL103C 20 202
YJL102W 29 341
YJL101C 25 539
YJL100W 28 499
YJL099W 36 611
YJL098W 41 1252
YJL097W 9 132
YJL096W 2 13
YJL095W 35 555
YJL094C 35 20387
YJL093C 21 203
YJL092W 28 371
YJL091C 3 65
YJL090C 17 697
YJL089W 23 2842
YJL088W 17 602
YJL087C 11 331
YJL086C 4 46
YJL085W 21 363
YJL084C 25 349
YJL083W 29 1297
YJL082W 35 394
YJL081C 3 9
YJL080C 34 796
YJL079C 5 446
YJL078C 77 9149
YJL077W-B 3 110
YJL077C 22 7545
YJL077W-A 6 158
YJL076W 27 696
YJL075C 2 10
YJL074C 15 410
YJL073W 17 467
YJL072C 1 1
YJL071W 14 455
YJL070C 19 391
YJL069C 13 312
YJL068C 15 186
YJL067W 8 140
YJL066C 19 1373
YJL065C 12 184
YJL064W 10 122
YJL063C 6 204
YJL062W-A 12 660
YJL062W 33 1627
YJL061W 8 156
YJL060W 14 172
YJL059W 17 327
YJL058C 21 418
YJL057C 16 344
YJL056C 41 677
YJL055W 1 7
YJL054W 15 246
YJL053W 15 178
YJL052C-A 21 2724
YJL052W 22 363
YJL051W 39 570
YJL050W 31 499
YJL049W 3 47
YJL048C 13 154
YJL047C-A 5 77
YJL047C 18 659
YJL046W 6 433
YJL045W 27 1452
YJL044C 16 330
YJL043W 42 1572
YJL042W 44 899
YJL041W 7 123
YJL039C 25 380
YJL038C 0 0
YJL037W 10 271
YJL036W 14 472
YJL035C 17 238
YJL034W 25 652
YJL033W 17 123
YJL032W 0 0
YJL031C 3 15
YJL030W 10 298
YJL029C 28 721
YJL028W 15 661
YJL027C 28 16478
YJL026W 19 295
YJL026C-A 2 10
YJL025W 22 578
YJL024C 6 84
YJL023C 8 236
YJL022W 5 150
YJL020C 35 9706
YJL020W-A 2 8
YJL019W 33 800
YJL016W 19 248
YJL015C 4 318
YJL014W 6 82
YJL013C 5 49
YJL012C 32 711
YJL011C 8 213
YJL010C 5 227
YJL009W 2 73
YJL008C 6 167
YJL007C 9 753
YJL006C 12 362
YJL005W 43 468
YJL004C 23 477
YJL003W 2 98
YJL002C 28 1288
YJL001W 40 1450
YJR001W 77 10905
YJR002W 25 364
YJR003C 25 857
YJR004C 32 983
YJR005W 21 434
YJR005C-A 3 96
YJR006W 18 457
YJR007W 2 5
YJR008W 32 4224
YJR009C 18 1048
YJR010W 29 3199
YJR010C-A 3 129
YJR011C 15 426
YJR012C 8 214
YJR013W 13 802
YJR014W 3 9
YJR015W 19 761
YJR016C 15 180
YJR017C 6 182
YJR018W 5 48
YJR019C 19 1396
YJR020W 7 246
YJR021C 24 615
YJR022W 1 46
YJR023C 1 46
YJR024C 14 351
YJR025C 3 28
YJR030C 31 916
YJR031C 27 537
YJR032W 8 167
YJR033C 31 509
YJR034W 3 13
YJR035W 31 720
YJR036C 20 829
YJR037W 0 0
YJR038C 5 28
YJR039W 33 896
YJR040W 8 172
YJR041C 9 132
YJR042W 12 168
YJR043C 10 581
YJR044C 5 96
YJR045C 12 250
YJR046W 17 162
YJR047C 8 288
YJR048W 10 181
YJR049C 17 421
YJR050W 7 495
YJR051W 25 1042
YJR052W 15 224
YJR053W 20 587
YJR054W 13 150
YJR055W 3 40
YJR056C 5 16
YJR057W 4 136
YJR058C 11 769
YJR059W 31 1393
YJR060W 9 105
YJR061W 34 1059
YJR062C 11 103
YJR063W 3 70
YJR064W 30 882
YJR065C 23 443
YJR066W 68 1654
YJR067C 4 69
YJR068W 13 132
YJR069C 10 330
YJR070C 9 101
YJR071W 8 144
YJR072C 19 327
YJR073C 16 441
YJR074W 24 564
YJR075W 20 358
YJR076C 21 605
YJR077C 26 545
YJR078W 36 1674
YJR079W 17 711
YJR080C 16 621
YJR082C 9 98
YJR083C 6 70
YJR084W 12 560
YJR085C 6 121
YJR086W 3 77
YJR087W 3 950
YJR088C 9 1254
YJR089W 28 232
YJR090C 23 359
YJR091C 25 580
YJR092W 41 607
YJR093C 19 321
YJR094C 21 566
YJR094W-A 9 42
YJR095W 14 158
YJR096W 16 238
YJR097W 1 4
YJR098C 14 163
YJR099W 2 103
YJR100C 15 798
YJR101W 5 45
YJR102C 8 100
YJR103W 58 2947
YJR104C 8 227
YJR105W 18 220
YJR106W 11 336
YJR107W 10 319
YJR108W 19 1877
YJR109C 48 855
YJR110W 32 492
YJR111C 22 490
YJR112W 11 255
YJR112W-A 12 447
YJR113C 23 890
YJR114W 14 690
YJR115W 54 1276
YJR116W 27 599
YJR117W 21 439
YJR118C 8 112
YJR119C 47 1234
YJR120W 20 931
YJR121W 22 303
YJR122W 24 764
YJR123W 1 2
YJR124C 20 422
YJR125C 10 335
YJR126C 21 663
YJR127C 71 2956
YJR128W 12 2182
YJR129C 47 3968
YJR130C 25 557
YJR131W 27 597
YJR132W 22 711
YJR133W 8 165
YJR134C 12 286
YJR135C 12 157
YJR135W-A 1 1
YJR136C 5 143
YJR137C 62 3451
YJR138W 45 1644
YJR139C 15 456
YJR140C 34 725
YJR140W-A 0 0
YJR141W 1 110
YJR142W 26 1349
YJR143C 17 274
YJR144W 17 396
YJR145C 1 27
YJR146W 16 383
YJR147W 13 533
YJR148W 26 2960
YJR149W 13 308
YJR150C 9 39
YJR151C 14 290
YJR151W-A 0 0
YJR152W 14 399
YJR153W 12 757
YJR154W 10 517
YJR155W 17 547
YJR156C 5 147
YJR157W 0 0
YJR158W 0 0
YJR159W 1 11
YJR160C 1 10
YJR161C 2 4
YJR162C 1 7
YKL225W 4 16
YKL224C 0 0
YKL223W 4 42
YKL222C 19 256
YKL221W 24 719
YKL220C 27 293
YKL219W 5 88
YKL218C 24 884
YKL217W 42 2080
YKL216W 5 41
YKL215C 52 1876
YKL214C 9 66
YKL213C 16 325
YKL212W 21 588
YKL211C 14 143
YKL210W 22 414
YKL209C 39 1234
YKL208W 12 169
YKL207W 12 143
YKL206C 14 452
YKL205W 30 624
YKL204W 13 97
YKL203C 59 1422
YKL202W 2 16
YKL201C 42 3550
YKL198C 212 51797
YKL197C 47 915
YKL196C 7 82
YKL195W 5 54
YKL194C 16 983
YKL193C 17 314
YKL192C 3 28
YKL191W 20 275
YKL190W 1 162
YKL189W 11 99
YKL188C 30 764
YKL187C 53 1331
YKL186C 26 1367
YKL185W 44 1580
YKL184W 16 386
YKL183C-A 16 1425
YKL183W 36 4344
YKL182W 94 1848
YKL181W 11 227
YKL180W 2 16
YKL179C 9 313
YKL178C 27 623
YKL177W 4 25
YKL176C 26 609
YKL175W 50 1187
YKL174C 15 291
YKL173W 21 203
YKL172W 1 2
YKL171W 38 11390
YKL170W 9 109
YKL169C 6 103
YKL168C 30 1107
YKL167C 4 139
YKL166C 13 538
YKL165C-A 7 75
YKL165C 32 803
YKL164C 6 25
YKL163W 6 76
YKL162C-A 5 76
YKL162C 16 362
YKL161C 13 262
YKL160W 1 1
YKL159C 9 140
YKL157W 52 7356
YKL156W 4 22
YKL156C-A 1 2
YKL155C 21 365
YKL154W 13 615
YKL153W 10 210
YKL152C 12 228
YKL151C 43 1855
YKL150W 32 8948
YKL149C 14 222
YKL148C 80 2766
YKL147C 29 928
YKL146W 41 1377
YKL145W 15 543
YKL145W-A 0 0
YKL144C 5 66
YKL143W 11 254
YKL142W 4 67
YKL141W 3 8
YKL140W 14 286
YKL139W 6 802
YKL138C-A 2 118
YKL138C 6 41
YKL137W 4 78
YKL136W 4 85
YKL135C 17 591
YKL134C 25 489
YKL133C 7 270
YKL132C 16 430
YKL131W 2 86
YKL130C 6 40
YKL129C 45 829
YKL128C 27 1110
YKL127W 28 929
YKL126W 13 168
YKL125W 16 191
YKL124W 17 199
YKL123W 4 138
YKL122C 9 1371
YKL121W 17 299
YKL120W 18 441
YKL119C 11 869
YKL118W 5 82
YKL117W 6 177
YKL116C 15 1104
YKL115C 2 179
YKL114C 16 351
YKL113C 11 88
YKL112W 22 671
YKL111C 1 3
YKL110C 27 711
YKL109W 39 585
YKL108W 7 46
YKL107W 11 153
YKL106C-A 4 522
YKL106W 14 429
YKL105C 33 489
YKL104C 30 804
YKL103C 34 1451
YKL102C 15 744
YKL101W 48 698
YKL100C 16 149
YKL100W-A 1 1
YKL099C 6 236
YKL098W 10 572
YKL097C 23 2263
YKL096C-B 0 0
YKL096W-A 0 0
YKL096W 21 324
YKL095W 14 445
YKL094W 35 762
YKL093W 11 301
YKL092C 14 141
YKL091C 9 168
YKL090W 29 781
YKL089W 6 93
YKL088W 12 207
YKL087C 14 301
YKL086W 27 846
YKL085W 23 447
YKL084W 17 701
YKL083W 2 29
YKL082C 3 103
YKL081W 13 301
YKL080W 9 206
YKL079W 26 1426
YKL078W 7 16
YKL077W 16 123
YKL076C 2 7
YKL075C 10 389
YKL074C 19 208
YKL073W 15 624
YKL072W 35 1164
YKL071W 6 175
YKL070W 2 2
YKL069W 8 152
YKL068W-A 3 6
YKL068W 18 163
YKL067W 6 40
YKL066W 14 225
YKL065W-A 1 29
YKL065C 7 156
YKL064W 22 540
YKL063C 5 157
YKL062W 17 268
YKL061W 4 51
YKL060C 25 668
YKL059C 22 951
YKL058W 3 18
YKL057C 28 998
YKL056C 9 124
YKL055C 10 96
YKL054C 12 113
YKL053C-A 6 20
YKL053W 10 401
YKL052C 25 326
YKL051W 18 414
YKL050C 28 493
YKL049C 6 91
YKL048C 4 114
YKL047W 25 407
YKL046C 22 987
YKL045W 25 741
YKL044W 9 133
YKL043W 11 276
YKL042W 5 11
YKL041W 3 68
YKL040C 7 134
YKL039W 32 437
YKL038W 56 13507
YKL037W 23 531
YKL036C 15 293
YKL035W 18 388
YKL034W 43 1404
YKL033W-A 5 68
YKL033W 26 531
YKL032C 28 325
YKL031W 15 409
YKL030W 30 537
YKL029C 70 1612
YKL028W 6 64
YKL027W 21 313
YKL026C 10 1386
YKL025C 25 432
YKL024C 12 374
YKL023C-A 4 138
YKL023W 8 159
YKL022C 39 1022
YKL021C 14 611
YKL020C 33 695
YKL019W 9 215
YKL018C-A 6 137
YKL018W 13 90
YKL017C 15 445
YKL016C 4 112
YKL015W 27 468
YKL014C 28 250
YKL013C 1 9
YKL012W 10 230
YKL011C 11 461
YKL010C 48 660
YKL009W 4 20
YKL008C 21 1123
YKL007W 18 488
YKL006C-A 15 498
YKL006W 0 0
YKL005C 36 1200
YKL004W 23 298
YKL003C 11 410
YKL002W 16 225
YKL001C 13 2132
YKR001C 31 955
YKR002W 13 679
YKR003W 51 1568
YKR004C 19 150
YKR005C 32 12776
YKR006C 6 12
YKR007W 3 61
YKR008W 14 227
YKR009C 43 868
YKR010C 24 563
YKR011C 13 2045
YKR012C 12 677
YKR013W 11 324
YKR014C 0 0
YKR015C 16 144
YKR016W 19 430
YKR017C 12 872
YKR018C 17 803
YKR019C 23 1412
YKR020W 0 0
YKR021W 26 747
YKR022C 6 43
YKR023W 17 710
YKR024C 19 492
YKR025W 8 132
YKR026C 11 589
YKR027W 28 920
YKR028W 34 667
YKR029C 8 75
YKR030W 9 101
YKR031C 41 624
YKR032W 12 1169
YKR033C 4 20
YKR034W 7 249
YKR035C 1 102
YKR035W-A 1 102
YKR036C 34 2307
YKR037C 9 112
YKR038C 10 133
YKR039W 15 209
YKR040C 37 3456
YKR041W 52 6185
YKR042W 12 452
YKR043C 16 783
YKR044W 29 474
YKR045C 14 266
YKR046C 13 1196
YKR047W 5 58
YKR048C 30 789
YKR049C 13 500
YKR050W 27 430
YKR051W 18 2373
YKR052C 9 118
YKR053C 24 975
YKR054C 99 3768
YKR055W 12 203
YKR056W 23 355
YKR057W 4 11
YKR058W 15 275
YKR059W 2 39
YKR060W 6 328
YKR061W 30 1390
YKR062W 4 96
YKR063C 16 389
YKR064W 25 837
YKR065C 3 8
YKR066C 23 501
YKR067W 37 1408
YKR068C 15 447
YKR069W 24 344
YKR070W 13 192
YKR071C 8 286
YKR072C 18 399
YKR073C 13 521
YKR074W 9 161
YKR075C 19 365
YKR075W-A 12 215
YKR076W 30 724
YKR077W 6 49
YKR078W 17 476
YKR079C 32 1175
YKR080W 18 453
YKR081C 5 60
YKR082W 33 994
YKR083C 5 63
YKR084C 13 135
YKR085C 7 255
YKR086W 24 391
YKR087C 7 57
YKR088C 18 911
YKR089C 22 982
YKR090W 24 741
YKR091W 10 92
YKR092C 11 715
YKR093W 42 1204
YKR094C 9 218
YKR095W 28 885
YKR095W-A 10 98
YKR096W 46 1748
YKR097W 48 1555
YKR098C 28 640
YKR099W 24 1138
YKR100C 9 99
YKR101W 25 586
YKR102W 24 411
YKR103W 28 515
YKR104W 3 87
YKR105C 2 3
YKR106W 3 111
YLL067C 0 0
YLL067W-A 0 0
YLL066W-B 5 14
YLL066C 0 0
YLL066W-A 0 0
YLL065W 5 1156
YLL064C 0 0
YLL063C 23 666
YLL062C 12 46
YLL061W 24 671
YLL060C 14 24904
YLL059C 28 1474
YLL058W 11 230
YLL057C 26 534
YLL056C 12 1367
YLL055W 10 272
YLL054C 22 366
YLL053C 7 182
YLL052C 7 205
YLL051C 36 837
YLL050C 7 94
YLL049W 9 194
YLL048C 56 1294
YLL047W 3 26
YLL046C 4 32
YLL045C 12 261
YLL044W 10 85
YLL043W 11 140
YLL042C 4 16
YLL041C 21 1297
YLL040C 96 1847
YLL039C 25 531
YLL038C 12 241
YLL037W 4 111
YLL036C 3 27
YLL035W 12 190
YLL034C 13 160
YLL033W 4 125
YLL032C 19 1038
YLL031C 18 188
YLL030C 9 396
YLL029W 66 9898
YLL028W 47 2416
YLL027W 11 209
YLL026W 43 1339
YLL025W 6 2325
YLL024C 19 600
YLL023C 17 590
YLL022C 26 577
YLL021W 41 1354
YLL020C 4 19
YLL019C 12 94
YLL019W-A 0 0
YLL018C-A 5 148
YLL018C 12 172
YLL015W 43 864
YLL014W 4 119
YLL013C 38 1178
YLL012W 39 907
YLL011W 9 289
YLL010C 30 18371
YLL009C 1 7
YLL008W 12 359
YLL007C 4 33
YLL006W-A 7 97
YLL006W 8 115
YLL005C 20 341
YLL004W 16 323
YLL003W 22 541
YLL002W 30 1093
YLL001W 55 1168
YLR001C 70 5993
YLR002C 8 330
YLR003C 3 30
YLR004C 30 1893
YLR005W 24 582
YLR006C 30 1670
YLR007W 14 231
YLR008C 3 41
YLR009W 1 12
YLR010C 1 1
YLR011W 8 296
YLR012C 2 4
YLR013W 3 24
YLR014C 28 755
YLR015W 20 340
YLR016C 11 562
YLR017W 7 139
YLR018C 7 207
YLR019W 25 452
YLR020C 12 86
YLR021W 11 222
YLR022C 11 109
YLR023C 23 368
YLR024C 97 4426
YLR025W 9 205
YLR026C 5 53
YLR027C 15 424
YLR028C 47 2798
YLR029C 4 110
YLR030W 12 73
YLR031W 2 607
YLR032W 20 400
YLR033W 5 199
YLR034C 20 319
YLR035C 15 200
YLR036C 1 15
YLR037C 6 144
YLR038C 7 122
YLR039C 34 600
YLR040C 7 227
YLR041W 2 11
YLR042C 8 738
YLR043C 1 77
YLR044C 41 2038
YLR045C 40 1040
YLR046C 6 61
YLR047C 19 498
YLR048W 6 50
YLR049C 9 589
YLR050C 6 192
YLR051C 7 303
YLR052W 1 1
YLR053C 2 10
YLR054C 21 914
YLR055C 25 413
YLR056W 18 3432
YLR057W 40 890
YLR058C 22 607
YLR059C 40 3235
YLR060W 19 321
YLR061W 2 46
YLR062C 2 46
YLR063W 6 27
YLR064W 3 133
YLR065C 0 0
YLR066W 5 61
YLR067C 29 497
YLR068W 2 129
YLR069C 34 795
YLR070C 22 572
YLR071C 18 444
YLR072W 9 62
YLR073C 20 380
YLR074C 17 1851
YLR075W 4 33
YLR076C 1 5
YLR077W 29 1220
YLR078C 13 207
YLR079W 11 242
YLR080W 38 1232
YLR081W 67 22984
YLR082C 8 181
YLR083C 19 249
YLR084C 53 1346
YLR085C 27 743
YLR086W 28 448
YLR087C 85 1752
YLR088W 17 219
YLR089C 7 148
YLR090W 16 569
YLR091W 21 590
YLR092W 56 30949
YLR093C 5 112
YLR094C 48 1040
YLR095C 33 1044
YLR096W 24 377
YLR097C 10 114
YLR098C 21 757
YLR099C 23 457
YLR099W-A 18 520
YLR100W 21 398
YLR101C 8 203
YLR102C 8 126
YLR103C 10 69
YLR104W 2 20
YLR105C 13 185
YLR106C 89 2216
YLR107W 17 628
YLR108C 16 271
YLR109W 10 76
YLR110C 4 12
YLR111W 7 95
YLR112W 26 1195
YLR113W 35 737
YLR114C 23 529
YLR115W 13 153
YLR116W 17 388
YLR117C 17 546
YLR118C 3 22
YLR119W 8 227
YLR120C 36 624
YLR120W-A 5 1717
YLR121C 16 176
YLR122C 2 56
YLR123C 2 56
YLR124W 2 10
YLR125W 2 13
YLR126C 4 50
YLR127C 24 406
YLR128W 7 25
YLR129W 11 235
YLR130C 27 1201
YLR131C 36 723
YLR132C 9 112
YLR133W 16 304
YLR134W 21 303
YLR135W 16 607
YLR136C 3 49
YLR137W 32 787
YLR138W 28 704
YLR139C 6 98
YLR140W 7 147
YLR141W 54 5813
YLR142W 19 321
YLR143W 13 313
YLR144C 23 544
YLR145W 2 28
YLR146C 17 511
YLR146W-A 2 192
YLR147C 2 24
YLR148W 32 1127
YLR149C 14 359
YLR149C-A 4 22
YLR150W 2 98
YLR151C 8 33
YLR152C 10 62
YLR153C 35 668
YLR154C 8 74
YLR154W-A 0 0
YLR154W-B 0 0
YLR154W-C 0 0
YLR154W-E 0 0
YLR154W-F 0 0
YLR154C-G 0 0
YLR154C-H 0 0
YLR155C 0 0
YLR156W 0 0
YLR156C-A 0 0
YLR157C 0 0
YLR157W-D 0 0
YLR157W-E 0 0
YLR157C-C 0 0
YLR158C 0 0
YLR159W 0 0
YLR159C-A 0 0
YLR160C 0 0
YLR161W 0 0
YLR162W 0 0
YLR162W-A 3 55
YLR163C 16 93
YLR163W-A 0 0
YLR164W 3 25
YLR165C 2 3
YLR166C 9 214
YLR167W 6 120
YLR168C 13 221
YLR169W 17 2080
YLR170C 12 456
YLR171W 8 263
YLR172C 15 450
YLR173W 32 1001
YLR174W 29 727
YLR175W 30 557
YLR176C 23 194
YLR177W 20 495
YLR178C 16 264
YLR179C 17 1041
YLR180W 26 345
YLR181C 20 420
YLR182W 12 195
YLR183C 21 771
YLR184W 9 258
YLR185W 8 94
YLR186W 13 166
YLR187W 27 485
YLR188W 32 3464
YLR189C 43 1189
YLR190W 15 510
YLR191W 10 182
YLR192C 1 1
YLR193C 7 114
YLR194C 21 346
YLR195C 11 211
YLR196W 32 658
YLR197W 7 201
YLR198C 1 4
YLR199C 9 374
YLR200W 0 0
YLR201C 9 86
YLR202C 9 161
YLR203C 22 426
YLR204W 5 7
YLR205C 33 685
YLR206W 16 649
YLR207W 41 412646
YLR208W 10 137
YLR209C 15 745
YLR210W 12 124
YLR211C 1 2
YLR212C 11 139
YLR213C 58 2233
YLR214W 21 757
YLR215C 6 157
YLR216C 16 556
YLR217W 9 446
YLR218C 19 1349
YLR219W 20 184
YLR220W 12 216
YLR221C 4 41
YLR222C 15 296
YLR222C-A 0 0
YLR223C 22 547
YLR224W 19 489
YLR225C 14 260
YLR226W 11 226
YLR227C 18 428
YLR228C 21 778
YLR229C 4 16
YLR230W 2 29
YLR231C 17 431
YLR232W 4 56
YLR233C 28 875
YLR234W 53 2127
YLR235C 26 504
YLR236C 31 1175
YLR237W 36 556
YLR238W 8 140
YLR239C 5 107
YLR240W 17 333
YLR241W 16 472
YLR242C 9 108
YLR243W 4 62
YLR244C 18 489
YLR245C 6 226
YLR246W 19 185
YLR247C 56 1282
YLR248W 26 433
YLR249W 29 238
YLR250W 12 466
YLR251W 10 258
YLR252W 1 14
YLR253W 30 347
YLR254C 13 225
YLR255C 30 980
YLR256W 83 1470
YLR257W 21 286
YLR258W 50 1512
YLR259C 24 865
YLR260W 28 645
YLR261C 4 30
YLR262C 10 191
YLR262C-A 1 4
YLR263W 21 529
YLR264W 1 1
YLR264C-A 0 0
YLR265C 5 63
YLR266C 26 566
YLR267W 24 8713
YLR268W 10 129
YLR269C 23 1202
YLR270W 10 182
YLR271W 11 189
YLR272C 34 690
YLR273C 16 240
YLR274W 21 484
YLR275W 2 25
YLR276C 7 29
YLR277C 20 266
YLR278C 34 1025
YLR279W 32 2283
YLR280C 14 1259
YLR281C 14 1272
YLR282C 8 141
YLR283W 9 223
YLR284C 4 125
YLR285W 3 215
YLR285C-A 3 36
YLR286C 5 204
YLR286W-A 0 0
YLR287C 7 4985
YLR287C-A 2 74
YLR288C 25 683
YLR289W 20 329
YLR290C 6 115
YLR291C 11 248
YLR292C 10 202
YLR293C 4 5
YLR294C 6 105
YLR295C 6 89
YLR296W 21 3091
YLR297W 12 871
YLR298C 20 1204
YLR299W 71 3291
YLR299C-A 6 55
YLR300W 26 1014
YLR301W 7 161
YLR302C 22 2218
YLR303W 16 201
YLR304C 73 1463
YLR305C 56 1010
YLR306W 11 934
YLR307W 5 148
YLR307C-A 2 10
YLR308W 5 169
YLR309C 23 572
YLR310C 30 431
YLR311C 5 34
YLR312C 13 283
YLR312W-A 14 163
YLR313C 13 756
YLR314C 20 547
YLR315W 5 42
YLR316C 18 523
YLR317W 5 73
YLR318W 32 721
YLR319C 15 251
YLR320W 34 1675
YLR321C 15 557
YLR322W 8 195
YLR323C 6 53
YLR324W 15 167
YLR325C 1 4
YLR326W 24 794
YLR327C 7 70
YLR328W 31 801
YLR329W 4 32
YLR330W 33 1011
YLR331C 2 9
YLR332W 5 51
YLR333C 20 325
YLR334C 8 139
YLR335W 8 1512
YLR336C 26 631
YLR337C 16 177
YLR338W 4 14
YLR339C 2 25
YLR340W 3 86
YLR341W 9 206
YLR342W 50 560
YLR342W-A 2 7
YLR343W 26 682
YLR344W 5 46
YLR345W 25 1649
YLR346C 5 61
YLR347C 32 508
YLR347W-A 0 0
YLR348C 42 10457
YLR349W 19 3517
YLR350W 11 353
YLR351C 19 548
YLR352W 29 6095
YLR353W 21 270
YLR354C 22 684
YLR355C 38 1027
YLR356W 6 77
YLR357W 41 1200
YLR358C 8 303
YLR359W 8 70
YLR360W 18 234
YLR361C 37 1031
YLR361C-A 6 20
YLR362W 22 495
YLR363C 4 32
YLR363W-A 0 0
YLR364W 3 168
YLR365W 8 420
YLR364C-A 2 6
YLR366W 23 805
YLR367W 23 1121
YLR368W 18 224
YLR369W 15 526
YLR370C 11 325
YLR371W 43 1419
YLR372W 5 34
YLR373C 24 552
YLR374C 12 835
YLR375W 25 865
YLR376C 15 556
YLR377C 39 901
YLR378C 32 1056
YLR379W 6 137
YLR380W 30 885
YLR381W 14 231
YLR382C 31 502
YLR383W 25 473
YLR384C 34 719
YLR385C 5 146
YLR386W 22 351
YLR387C 16 302
YLR388W 8 140
YLR389C 61 2679
YLR390W 5 22
YLR390W-A 5 133
YLR392C 17 215
YLR393W 4 40
YLR394W 9 115
YLR395C 6 119
YLR396C 37 980
YLR397C 19 321
YLR398C 42 659
YLR399C 24 298
YLR399W-A 0 0
YLR400W 24 10667
YLR401C 40 548
YLR402W 1 7
YLR403W 23 410
YLR404W 18 751
YLR405W 18 1698
YLR406C 7 111
YLR406C-A 4 81
YLR407W 5 29
YLR408C 9 179
YLR409C 31 1199
YLR410W 72 2411
YLR411W 19 199
YLR412W 10 180
YLR412C-A 1 2
YLR413W 20 832
YLR414C 28 689
YLR415C 37 1455
YLR416C 24 3292
YLR417W 30 1130
YLR418C 7 73
YLR419W 34 741
YLR420W 12 1747
YLR421C 5 592
YLR422W 44 1022
YLR423C 2 26
YLR424W 17 211
YLR425W 39 1072
YLR426W 12 94
YLR427W 18 314
YLR428C 14 1782
YLR429W 44 974
YLR430W 40 763
YLR431C 23 554
YLR432W 21 1177
YLR433C 19 127
YLR434C 4 43
YLR435W 3 25
YLR436C 68 2086
YLR437C 13 244
YLR437C-A 5 96
YLR438W 54 2542
YLR438C-A 5 36
YLR439W 12 134
YLR440C 15 371
YLR441C 11 479
YLR442C 21 785
YLR443W 17 213
YLR444C 2 4
YLR445W 4 42
YLR446W 16 178
YLR447C 15 498
YLR448W 11 163
YLR449W 8 403
YLR450W 50 1612
YLR451W 19 341
YLR452C 23 456
YLR453C 22 296
YLR454W 76 2322
YLR455W 10 237
YLR456W 7 134
YLR457C 9 202
YLR458W 5 141
YLR459W 6 69
YLR460C 6 189
YLR461W 1 3
YLR462W 0 0
YLR463C 0 0
YLR464W 0 0
YLR465C 0 0
YLR466W 1 2
YLR466C-A 0 0
YLR466C-B 1 1
YLR467W 0 0
YLR467C-A 0 0
YML133C 0 0
YML133W-B 0 0
YML133W-A 0 0
YML132W 0 0
YML131W 17 502
YML130C 20 390
YML129C 3 45
YML128C 24 347
YML127W 28 782
YML126C 34 1068
YML125C 21 693
YML124C 21 662
YML123C 20 545
YML122C 29 2818
YML121W 9 371
YML120C 22 537
YML119W 11 204
YML118W 25 844
YML117W 40 1395
YML116W-A 3 45
YML116W 22 691
YML115C 19 715
YML114C 19 651
YML113W 13 534
YML112W 10 848
YML111W 35 694
YML110C 12 117
YML109W 30 1795
YML108W 4 12
YML107C 10 232
YML106W 7 338
YML105C 7 200
YML104C 23 720
YML103C 47 1570
YML102W 31 818
YML101C-A 11 452
YML101C 35 1603
YML100W-A 13 473
YML100W 96 7033
YML099W-A 5 245
YML099C 27 970
YML098W 3 107
YML097C 12 251
YML096W 20 541
YML095C 5 72
YML094C-A 9 35
YML094W 9 26
YML093W 19 496
YML092C 7 35
YML091C 51 645
YML090W 11 427
YML089C 20 1530
YML088W 19 258
YML087C 17 897
YML086C 21 594
YML085C 14 310
YML084W 17 665
YML083C 33 916
YML082W 35 785
YML081C-A 5 153
YML081W 31 574
YML080W 12 277
YML079W 20 369
YML078W 10 185
YML077W 6 65
YML076C 38 1121
YML075C 37 950
YML074C 3 21
YML073C 5 70
YML072C 72 1562
YML071C 24 1217
YML070W 19 443
YML069W 3 23
YML068W 14 349
YML067C 13 412
YML066C 15 211
YML065W 15 382
YML064C 6 90
YML063W 4 43
YML062C 11 256
YML061C 18 510
YML060W 11 717
YML059C 29 604
YML058W-A 1 2
YML058W 10 642
YML057C-A 4 60
YML057W 22 196
YML056C 27 681
YML055W 6 89
YML054C 47 1067
YML054C-A 17 1932
YML053C 11 1392
YML052W 25 1265
YML051W 36 1361
YML050W 8 89
YML049C 41 3403
YML048W 4 49
YML047W-A 1 49
YML047C 5 124
YML046W 16 271
YML043C 4 173
YML042W 33 6822
YML041C 9 191
YML038C 6 161
YML037C 4 38
YML036W 6 145
YML035C 34 1609
YML034C-A 11 211
YML034W 30 404
YML032C 15 419
YML031C-A 1 42
YML031W 17 272
YML030W 12 567
YML029W 36 1547
YML028W 14 1459
YML027W 18 339
YML026C 7 172
YML025C 12 534
YML024W 2 13
YML023C 17 460
YML022W 4 43
YML021C 24 220
YML020W 30 883
YML019W 7 1187
YML018C 27 519
YML017W 28 626
YML016C 31 762
YML015C 7 59
YML014W 20 752
YML013W 14 637
YML012C-A 9 367
YML012W 9 148
YML011C 8 175
YML010W 13 76
YML009W-B 6 21
YML009C-A 3 12
YML009C 0 0
YML008C 13 236
YML007C-A 7 784
YML007W 16 191
YML006C 23 513
YML005W 25 876
YML004C 41 1308
YML003W 19 323
YML002W 31 2796
YML001W 12 231
YMR001C 45 3131
YMR001C-A 9 572
YMR002W 15 666
YMR003W 9 103
YMR004W 20 4381
YMR005W 9 83
YMR006C 28 1152
YMR007W 24 26909
YMR008C 12 463
YMR009W 8 194
YMR010W 15 173
YMR011W 30 550
YMR012W 24 408
YMR013C 10 108
YMR013C-A 1 46
YMR013W-A 1 1
YMR014W 10 200
YMR015C 33 1305
YMR016C 13 303
YMR017W 8 121
YMR018W 25 1062
YMR019W 42 957
YMR020W 15 408
YMR021C 12 666
YMR022W 7 2048
YMR023C 27 680
YMR024W 5 54
YMR025W 7 53
YMR026C 4 40
YMR027W 16 1622
YMR028W 6 141
YMR029C 8 202
YMR030W 13 194
YMR031C 14 387
YMR031W-A 12 334
YMR032W 15 1059
YMR030W-A 10 180
YMR033W 6 430
YMR034C 21 279
YMR035W 7 2290
YMR036C 15 350
YMR037C 16 268
YMR038C 18 1143
YMR039C 16 234
YMR040W 19 1043
YMR041C 5 66
YMR042W 45 10324
YMR043W 18 520
YMR044W 13 142
YMR046W-A 0 0
YMR047C 21 347
YMR048W 12 343
YMR049C 17 426
YMR052W 2 15
YMR052C-A 5 61
YMR053C 32 1042
YMR054W 42 1296
YMR055C 23 958
YMR056C 39 1002
YMR057C 34 8861
YMR058W 39 1222
YMR059W 1 1
YMR060C 9 143
YMR061W 12 493
YMR062C 18 834
YMR063W 8 311
YMR064W 24 542
YMR065W 22 5050
YMR066W 16 403
YMR067C 14 474
YMR068W 3 38
YMR069W 78 3667
YMR070W 14 205
YMR071C 11 346
YMR072W 5 121
YMR073C 6 305
YMR074C 5 44
YMR075W 12 93
YMR075C-A 1 30
YMR076C 26 16991
YMR077C 11 340
YMR078C 22 266
YMR079W 14 168
YMR080C 22 591
YMR081C 12 380
YMR082C 11 383
YMR083W 15 267
YMR084W 20 555
YMR085W 10 134
YMR086W 31 560
YMR086C-A 8 5257
YMR087W 22 1095
YMR088C 21 1905
YMR089C 15 120
YMR090W 12 167
YMR091C 16 284
YMR092C 28 298
YMR093W 13 251
YMR094W 6 123
YMR095C 16 279
YMR096W 8 120
YMR097C 11 195
YMR098C 13 431
YMR099C 4 15
YMR100W 27 629
YMR101C 10 350
YMR102C 24 510
YMR103C 29 1238
YMR104C 39 1398
YMR105C 7 64
YMR105W-A 12 695
YMR106C 47 1418
YMR107W 9 167
YMR108W 24 538
YMR109W 43 1069
YMR110C 23 306
YMR111C 19 540
YMR112C 2 20
YMR113W 16 210
YMR114C 8 246
YMR115W 9 555
YMR116C 16 371
YMR117C 5 32
YMR118C 12 156
YMR119W 19 223
YMR119W-A 8 719
YMR120C 24 1488
YMR121C 10 170
YMR122C 31 2310
YMR122W-A 6 34
YMR123W 0 0
YMR124W 18 345
YMR125W 21 403
YMR126C 4 46
YMR127C 13 323
YMR128W 26 895
YMR129W 46 927
YMR130W 16 324
YMR131C 13 768
YMR132C 6 120
YMR133W 9 845
YMR134W 11 158
YMR135C 24 1334
YMR135W-A 46 2834
YMR136W 46 1795
YMR137C 32 1395
YMR138W 4 164
YMR139W 12 354
YMR140W 10 105
YMR141C 2 21
YMR142C 0 0
YMR141W-A 0 0
YMR143W 7 104
YMR144W 13 185
YMR145C 60 1438
YMR146C 20 729
YMR147W 9 149
YMR148W 15 402
YMR149W 17 287
YMR150C 15 356
YMR151W 14 79
YMR152W 15 483
YMR153W 13 369
YMR153C-A 0 0
YMR154C 26 811
YMR155W 11 167
YMR156C 9 375
YMR157C 14 248
YMR158W 6 113
YMR158C-A 0 0
YMR158W-B 6 143
YMR159C 8 263
YMR160W 28 253
YMR161W 10 287
YMR162C 59 2165
YMR163C 9 272
YMR164C 14 237
YMR165C 45 924
YMR166C 7 563
YMR167W 17 348
YMR168C 18 308
YMR169C 22 344
YMR170C 19 1113
YMR171C 20 386
YMR172W 19 273
YMR172C-A 4 106
YMR173W 9 123
YMR173W-A 7 117
YMR174C 1 873
YMR175W 7 101
YMR175W-A 3 58
YMR176W 48 999
YMR177W 14 447
YMR178W 14 131
YMR179W 19 274
YMR180C 25 729
YMR181C 10 330
YMR182C 3 9
YMR182W-A 4 42
YMR183C 12 187
YMR184W 13 207
YMR185W 20 279
YMR186W 12 185
YMR187C 19 11314
YMR188C 9 572
YMR189W 33 1238
YMR190C 43 1554
YMR191W 10 111
YMR192W 20 478
YMR193W 1 4
YMR193C-A 9 73
YMR194W 9 127
YMR194C-B 21 1206
YMR194C-A 18 10610
YMR195W 12 659
YMR196W 49 1085
YMR197C 12 292
YMR198W 27 1337
YMR199W 24 352
YMR200W 10 208
YMR201C 15 233
YMR202W 27 564
YMR203W 9 170
YMR204C 2 30
YMR205C 25 266
YMR206W 29 1225
YMR207C 64 1636
YMR208W 20 291
YMR209C 17 1675
YMR210W 19 629
YMR211W 7 95
YMR212C 33 831
YMR213W 16 658
YMR214W 12 450
YMR215W 13 87
YMR216C 34 563
YMR217W 9 438
YMR218C 14 228
YMR219W 58 1989
YMR220W 16 267
YMR221C 18 825
YMR222C 8 246
YMR223W 16 241
YMR224C 29 281
YMR225C 11 315
YMR226C 8 201
YMR227C 10 123
YMR228W 16 542
YMR229C 36 540
YMR230W 8 91
YMR230W-A 11 508
YMR231W 28 739
YMR232W 19 486
YMR233W 11 273
YMR234W 12 172
YMR235C 12 157
YMR236W 7 51
YMR237W 18 460
YMR238W 24 3472
YMR239C 15 743
YMR240C 16 258
YMR241W 21 546
YMR242C 10 328
YMR242W-A 1 8
YMR243C 24 2956
YMR244W 24 1046
YMR244C-A 12 66
YMR245W 40 3754
YMR246W 77 3729
YMR247C 41 879
YMR247W-A 3 18
YMR250W 24 411
YMR251W 66 4585
YMR251W-A 0 0
YMR252C 12 579
YMR253C 20 731
YMR254C 7 33
YMR255W 2 23
YMR256C 3 317
YMR257C 19 527
YMR258C 15 164
YMR259C 21 153
YMR260C 2 5
YMR261C 23 371
YMR262W 20 180
YMR263W 5 48
YMR264W 7 289
YMR265C 20 673
YMR266W 29 1439
YMR267W 11 308
YMR268C 2 46
YMR269W 3 30
YMR270C 9 110
YMR271C 8 69
YMR272C 15 148
YMR272W-A 3 44
YMR272W-B 1 14
YMR273C 25 470
YMR274C 11 69
YMR275C 14 174
YMR276W 22 2315
YMR277W 25 394
YMR278W 21 201
YMR279C 15 734
YMR280C 49 941
YMR281W 14 121
YMR282C 12 394
YMR283C 19 832
YMR284W 16 335
YMR285C 25 871
YMR286W 3 98
YMR287C 29 581
YMR288W 22 316
YMR289W 19 1280
YMR290C 8 277
YMR290W-A 3 7
YMR291W 28 1204
YMR292W 13 531
YMR293C 23 439
YMR294W 12 104
YMR294W-A 1 1
YMR295C 11 82
YMR296C 25 736
YMR297W 34 882
YMR298W 5 105
YMR299C 10 367
YMR300C 20 186
YMR301C 19 347
YMR302C 24 546
YMR303C 11 209
YMR304W 41 1333
YMR304C-A 12 213
YMR305C 9 230
YMR306W 58 1425
YMR306C-A 12 98
YMR307W 28 751
YMR307C-A 1 1
YMR308C 24 741
YMR309C 19 919
YMR310C 13 280
YMR311C 7 111
YMR312W 4 72
YMR313C 16 181
YMR314W 6 127
YMR315W 25 1244
YMR315W-A 4 183
YMR316W 21 487
YMR316C-A 6 64
YMR316C-B 1 25
YMR317W 18 831
YMR318C 31 758
YMR319C 37 1242
YMR320W 4 64
YMR321C 0 0
YMR322C 0 0
YMR323W 3 136
YMR324C 6 194
YMR325W 1 1
YMR326C 3 110
YNL339C 0 0
YNL339W-B 0 0
YNL339W-A 0 0
YNL338W 4 36
YNL337W 4 24
YNL336W 0 0
YNL335W 1 1
YNL334C 6 179
YNL333W 2 130
YNL332W 7 122
YNL331C 18 323
YNL330C 25 640
YNL329C 34 398
YNL328C 9 67
YNL327W 19 239
YNL326C 15 322
YNL325C 32 503
YNL324W 8 186
YNL323W 12 510
YNL322C 2 19
YNL321W 32 2878
YNL320W 15 295
YNL319W 5 186
YNL318C 15 372
YNL317W 14 267
YNL316C 11 438
YNL315C 5 50
YNL314W 22 369
YNL313C 18 308
YNL312W 4 36
YNL311C 23 721
YNL310C 12 370
YNL309W 27 1289
YNL308C 10 104
YNL307C 13 160
YNL306W 6 18
YNL305C 13 206
YNL304W 29 1342
YNL303W 9 292
YNL302C 2 13
YNL301C 18 348
YNL300W 6 366
YNL299W 22 9543
YNL298W 27 469
YNL297C 22 542
YNL296W 2 124
YNL295W 13 261
YNL294C 23 1411
YNL293W 38 738
YNL292W 6 36
YNL291C 20 568
YNL290W 19 453
YNL289W 21 590
YNL288W 15 290
YNL287W 19 377
YNL286W 14 529
YNL285W 21 1575
YNL284C 12 225
YNL283C 25 666
YNL282W 10 414
YNL281W 4 34
YNL280C 18 919
YNL279W 41 1036
YNL278W 60 3426
YNL277W-A 11 3093
YNL277W 30 1533
YNL276C 10 635
YNL275W 21 5520
YNL274C 14 141
YNL273W 16 1216
YNL272C 11 148
YNL271C 17 582
YNL270C 14 84
YNL269W 24 718
YNL268W 30 1139
YNL267W 24 294
YNL266W 4 28
YNL265C 13 231
YNL264C 25 307
YNL263C 8 229
YNL262W 49 1464
YNL261W 12 253
YNL260C 2 47
YNL259C 4 49
YNL258C 8 96
YNL257C 22 664
YNL256W 21 1206
YNL255C 2 51
YNL254C 15 485
YNL253W 15 373
YNL252C 8 170
YNL251C 42 1271
YNL250W 30 1281
YNL249C 20 401
YNL248C 3 38
YNL247W 23 495
YNL246W 11 260
YNL245C 9 103
YNL244C 6 179
YNL243W 52 1513
YNL242W 55 1373
YNL241C 51 961
YNL240C 56 2408
YNL239W 19 358
YNL238W 20 531
YNL237W 17 554
YNL236W 26 619
YNL235C 11 286
YNL234W 20 558
YNL233W 22 349
YNL232W 17 393
YNL231C 35 1439
YNL230C 28 707
YNL229C 7 117
YNL228W 19 1141
YNL227C 18 1125
YNL226W 10 449
YNL225C 11 1622
YNL224C 22 1136
YNL223W 14 415
YNL222W 9 305
YNL221C 22 446
YNL220W 16 698
YNL219C 18 500
YNL218W 27 622
YNL217W 29 2679
YNL216W 30 604
YNL215W 4 65
YNL214W 9 273
YNL213C 6 48
YNL212W 24 730
YNL211C 5 51
YNL210W 3 62
YNL209W 14 242
YNL208W 15 318
YNL207W 5 22
YNL206C 13 262
YNL205C 9 561
YNL204C 5 42
YNL203C 7 56
YNL202W 23 2265
YNL201C 24 456
YNL200C 4 101
YNL199C 17 312
YNL198C 5 49
YNL197C 8 34
YNL196C 15 200
YNL195C 17 767
YNL194C 14 272
YNL193W 15 225
YNL192W 41 1636
YNL191W 32 5631
YNL190W 2 6
YNL189W 7 95
YNL188W 8 124
YNL187W 27 651
YNL186W 28 639
YNL185C 3 28
YNL184C 1 1
YNL183C 22 640
YNL182C 21 311
YNL181W 9 129
YNL180C 7 119
YNL179C 15 336
YNL178W 0 0
YNL177C 7 114
YNL176C 25 1091
YNL175C 17 219
YNL174W 3 18
YNL173C 16 595
YNL172W 44 630
YNL171C 4 16
YNL170W 4 37
YNL169C 26 216
YNL168C 14 1112
YNL167C 18 126
YNL166C 11 138
YNL165W 16 1712
YNL164C 12 486
YNL163C 33 861
YNL162W-A 1 2
YNL162W 2 3
YNL161W 19 223
YNL160W 9 457
YNL159C 3 95
YNL158W 14 292
YNL157W 7 581
YNL156C 5 123
YNL155W 10 550
YNL154C 29 2486
YNL153C 13 1755
YNL152W 6 48
YNL151C 17 241
YNL150W 5 77
YNL149C 6 34
YNL148C 49 8193
YNL147W 6 200
YNL146C-A 4 490
YNL146W 9 132
YNL145W 3 42
YNL144C 53 1559
YNL144W-A 1 14
YNL143C 7 77
YNL142W 33 1169
YNL141W 11 582
YNL140C 7 39
YNL139C 30 572
YNL138W-A 10 345
YNL138W 13 485
YNL137C 13 212
YNL136W 17 220
YNL135C 4 66
YNL134C 19 279
YNL133C 8 64
YNL132W 12 149
YNL131W 0 0
YNL130C 7 201
YNL130C-A 4 44
YNL129W 8 169
YNL128W 22 609
YNL127W 20 1231
YNL126W 24 574
YNL125C 26 398
YNL124W 19 357
YNL123W 32 1215
YNL122C 7 50
YNL121C 8 123
YNL120C 2 67
YNL119W 13 527
YNL118C 18 191
YNL117W 29 798
YNL116W 22 474
YNL115C 24 354
YNL114C 3 243
YNL113W 2 54
YNL112W 35 806
YNL111C 3 18
YNL110C 8 269
YNL109W 3 10
YNL108C 10 212
YNL107W 11 198
YNL106C 45 2322
YNL105W 8 245
YNL104C 49 4330
YNL103W-A 2 12
YNL103W 21 253
YNL102W 32 845
YNL101W 27 815
YNL100W 9 150
YNL099C 14 162
YNL098C 7 97
YNL097C-B 8 59
YNL097C 22 1449
YNL097W-A 4 14
YNL096C 17 937
YNL095C 22 334
YNL094W 10 218
YNL093W 8 204
YNL092W 37 543
YNL091W 26 595
YNL090W 3 147
YNL089C 3 147
YNL088W 25 834
YNL087W 40 1935
YNL086W 6 32
YNL085W 25 473
YNL084C 7 180
YNL083W 14 365
YNL082W 19 244
YNL081C 1 13
YNL080C 24 417
YNL079C 11 569
YNL078W 15 644
YNL077W 26 335
YNL076W 23 226
YNL075W 8 96
YNL074C 14 294
YNL073W 24 359
YNL072W 20 402
YNL071W 9 97
YNL070W 3 225
YNL069C 6 187
YNL068C 31 2319
YNL067W-A 4 54
YNL067W-B 4 111
YNL067W 18 1090
YNL066W 38 1914
YNL065W 27 594
YNL064C 15 575
YNL063W 9 159
YNL062C 11 256
YNL061W 23 446
YNL059C 16 306
YNL058C 8 134
YNL057W 1 2
YNL056W 4 32
YNL055C 19 187
YNL054W 22 217
YNL053W 43 1631
YNL052W 14 341
YNL051W 18 267
YNL050C 6 150
YNL049C 23 567
YNL048W 17 572
YNL047C 17 545
YNL046W 14 1431
YNL045W 22 455
YNL044W 9 98
YNL043C 4 39
YNL042W-B 10 115
YNL042W 23 606
YNL041C 21 1183
YNL040W 10 402
YNL039W 12 194
YNL038W 8 767
YNL037C 34 525
YNL036W 11 63
YNL035C 21 370
YNL034W 6 83
YNL033W 0 0
YNL032W 8 156
YNL031C 7 235
YNL030W 6 231
YNL029C 29 659
YNL028W 15 642
YNL027W 14 673
YNL026W 10 89
YNL025C 13 179
YNL024C-A 7 56
YNL024C 22 508
YNL023C 32 421
YNL022C 13 2889
YNL021W 23 323
YNL020C 21 386
YNL019C 1 1
YNL018C 15 322
YNL017C 17 7229
YNL016W 19 382
YNL015W 0 0
YNL014W 29 6514
YNL013C 0 0
YNL012W 30 1031
YNL011C 12 373
YNL010W 18 868
YNL009W 20 809
YNL008C 36 586
YNL007C 8 188
YNL006W 11 80
YNL005C 15 390
YNL004W 62 2674
YNL003C 19 534
YNL002C 7 156
YNL001W 32 516
YNR001C 43 1159
YNR001W-A 9 313
YNR002C 56 2723
YNR003C 35 1551
YNR003W-A 7 99
YNR004W 6 49
YNR005C 4 76
YNR006W 15 205
YNR007C 7 103
YNR008W 33 1024
YNR009W 7 402
YNR010W 7 230
YNR011C 33 681
YNR012W 10 204
YNR013C 44 708
YNR014W 20 447
YNR015W 34 5048
YNR016C 122 2924
YNR017W 13 216
YNR018W 21 1344
YNR019W 21 15459
YNR020C 11 125
YNR021W 16 417
YNR022C 4 69
YNR023W 4 124
YNR024W 0 0
YNR025C 1 18
YNR026C 12 175
YNR027W 16 576
YNR028W 17 253
YNR029C 16 332
YNR030W 11 185
YNR031C 71 3679
YNR032W 23 695
YNR032C-A 5 73
YNR033W 29 4560
YNR034W 23 570
YNR034W-A 6 51
YNR035C 4 401
YNR036C 9 176
YNR037C 0 0
YNR038W 11 591
YNR039C 25 1131
YNR040W 15 250
YNR041C 19 488
YNR042W 5 87
YNR043W 8 87
YNR044W 22 914
YNR045W 16 152
YNR046W 5 85
YNR047W 47 1214
YNR048W 10 879
YNR049C 10 107
YNR050C 24 558
YNR051C 8 103
YNR052C 16 250
YNR053C 15 182
YNR054C 17 662
YNR055C 31 1518
YNR056C 27 469
YNR057C 31 1392
YNR058W 25 1171
YNR059W 25 360
YNR060W 27 762
YNR061C 6 40
YNR062C 4 12
YNR063W 13 152
YNR064C 15 389
YNR065C 18 399
YNR066C 18 336
YNR067C 27 904
YNR068C 3 15
YNR069C 16 214
YNR070W 41 505
YNR071C 23 520
YNR072W 10 110
YNR073C 16 632
YNR074C 7 760
YNR075W 22 513
YNR075C-A 6 230
YNR076W 0 0
YNR077C 0 0
YOL166W-A 4 99
YOL166C 4 177
YOL165C 4 538
YOL164W-A 0 0
YOL164W 20 2567
YOL163W 9 57
YOL162W 3 23
YOL161C 3 10
YOL160W 6 33
YOL159C-A 4 43
YOL159C 7 112
YOL158C 34 1609
YOL157C 17 213
YOL156W 4 10
YOL155W-A 0 0
YOL155C 22 400
YOL154W 8 214
YOL152W 32 1247
YOL151W 5 42
YOL150C 1 3
YOL149W 4 91
YOL148C 10 288
YOL147C 7 70
YOL146W 4 68
YOL145C 23 711
YOL144W 9 224
YOL143C 10 437
YOL142W 16 704
YOL141W 36 848
YOL140W 25 665
YOL139C 2 31
YOL138C 34 637
YOL137W 19 577
YOL136C 5 37
YOL135C 10 135
YOL134C 2 17
YOL133W 2 26
YOL132W 17 2050
YOL131W 6 34
YOL130W 27 363
YOL129W 10 965
YOL128C 12 396
YOL127W 0 0
YOL126C 22 1131
YOL125W 18 753
YOL124C 27 922
YOL123W 21 923
YOL122C 30 1294
YOL121C 7 59
YOL120C 9 268
YOL119C 17 218
YOL118C 13 1575
YOL117W 16 539
YOL116W 17 598
YOL115W 31 803
YOL114C 9 164
YOL113W 20 458
YOL112W 27 1410
YOL111C 18 255
YOL110W 59 11643
YOL109W 1 12
YOL108C 5 50
YOL107W 17 1406
YOL106W 6 36
YOL105C 10 225
YOL104C 7 56
YOL103W 11 287
YOL102C 7 250
YOL101C 3 83
YOL100W 18 1720
YOL099C 4 108
YOL098C 49 1769
YOL097W-A 10 246
YOL097C 18 429
YOL096C 15 171
YOL095C 21 458
YOL094C 6 42
YOL093W 6 71
YOL092W 12 224
YOL091W 10 56
YOL090W 28 662
YOL089C 24 344
YOL088C 4 17
YOL087C 24 355
YOL086W-A 6 256
YOL086C 20 185
YOL085W-A 8 972
YOL085C 18 1210
YOL084W 42 1210
YOL083W 9 134
YOL083C-A 0 0
YOL082W 11 287
YOL081W 72 2054
YOL080C 3 28
YOL079W 0 0
YOL078W 35 531
YOL077W-A 6 221
YOL077C 12 324
YOL076W 8 79
YOL075C 36 1087
YOL073C 17 317
YOL072W 10 334
YOL071W 3 13
YOL070C 23 487
YOL069W 19 241
YOL068C 25 185
YOL067C 3 299
YOL066C 22 214
YOL065C 15 287
YOL064C 7 121
YOL063C 29 1938
YOL062C 6 71
YOL061W 23 442
YOL060C 44 1771
YOL059W 24 719
YOL058W 30 1108
YOL057W 24 365
YOL056W 14 556
YOL055C 17 716
YOL054W 8 81
YOL053W 25 435
YOL052C-A 0 0
YOL052C 29 909
YOL051W 22 2030
YOL050C 4 1190
YOL049W 15 227
YOL048C 6 95
YOL047C 6 200
YOL046C 7 121
YOL045W 24 463
YOL044W 6 108
YOL043C 11 298
YOL042W 18 395
YOL041C 17 467
YOL040C 0 0
YOL039W 2 5
YOL038C-A 2 56
YOL038W 9 96
YOL037C 4 53
YOL036W 24 351
YOL035C 4 29
YOL034W 38 1361
YOL033W 11 757
YOL032W 7 153
YOL031C 20 370
YOL030W 20 352
YOL029C 12 179
YOL028C 14 676
YOL027C 21 321
YOL026C 14 209
YOL025W 18 497
YOL024W 4 76
YOL023W 24 613
YOL022C 12 225
YOL021C 31 627
YOL020W 28 985
YOL019W-A 15 192
YOL019W 16 523
YOL018C 14 452
YOL017W 31 742
YOL016C 11 199
YOL015W 13 241
YOL014W 2 27
YOL013W-B 1 6
YOL013W-A 8 188
YOL013C 15 596
YOL012C 5 90
YOL011W 27 417
YOL010W 10 151
YOL009C 12 220
YOL008W 7 75
YOL007C 23 7491
YOL006C 22 548
YOL005C 9 896
YOL004W 30 318
YOL003C 31 1427
YOL002C 32 33106
YOL001W 36 1932
YOR001W 46 2684
YOR002W 35 1325
YOR003W 41 1446
YOR004W 13 393
YOR005C 54 1387
YOR006C 8 46
YOR007C 17 148
YOR008C 3 16
YOR008C-A 1 13
YOR008W-B 5 371
YOR009W 6 88
YOR010C 6 47
YOR011W 30 509
YOR011W-A 1 52
YOR012W 4 47
YOR013W 11 224
YOR014W 18 524
YOR015W 1 10
YOR016C 5 387
YOR017W 19 468
YOR018W 28 894
YOR019W 21 432
YOR020C 1 6
YOR020W-A 2 11
YOR021C 2 46
YOR022C 25 1103
YOR023C 23 288
YOR024W 19 639
YOR025W 21 516
YOR026W 28 1196
YOR027W 25 757
YOR028C 14 278
YOR029W 14 549
YOR030W 20 526
YOR031W 10 167
YOR032C 9 164
YOR032W-A 12 319
YOR033C 21 443
YOR034C 30 662
YOR034C-A 8 299
YOR035C 16 369
YOR036W 5 51
YOR037W 19 337
YOR038C 27 544
YOR039W 5 50
YOR040W 21 1406
YOR041C 10 440
YOR042W 25 593
YOR043W 10 449
YOR044W 10 200
YOR045W 2 5
YOR046C 24 395
YOR047C 3 24
YOR048C 14 106
YOR049C 12 80
YOR050C 11 488
YOR051C 9 69
YOR052C 5 72
YOR053W 4 41
YOR054C 29 292
YOR055W 11 166
YOR056C 14 235
YOR057W 14 198
YOR058C 30 446
YOR059C 19 171
YOR060C 18 831
YOR061W 13 336
YOR062C 14 4674
YOR063W 4 21
YOR064C 12 637
YOR065W 12 211
YOR066W 14 785
YOR067C 13 283
YOR069W 19 277
YOR068C 3 56
YOR070C 21 542
YOR071C 27 416
YOR072W 14 634
YOR072W-A 10 182
YOR072W-B 3 21
YOR073W 15 739
YOR074C 9 171
YOR073W-A 0 0
YOR075W 8 107
YOR076C 28 2771
YOR077W 16 568
YOR078W 8 205
YOR079C 11 91
YOR080W 14 252
YOR081C 33 980
YOR082C 5 48
YOR083W 40 2376
YOR084W 42 1114
YOR085W 18 10048
YOR086C 38 1371
YOR087W 26 2005
YOR089C 9 208
YOR090C 28 1162
YOR091W 42 3018
YOR092W 22 408
YOR093C 41 1436
YOR094W 2 13
YOR095C 12 118
YOR096W 4 89
YOR097C 9 267
YOR098C 27 383
YOR099W 26 528
YOR100C 17 553
YOR101W 9 311
YOR102W 0 0
YOR103C 1 1
YOR104W 7 87
YOR105W 0 0
YOR106W 12 64
YOR107W 20 466
YOR108W 27 503
YOR108C-A 4 47
YOR109W 22 355
YOR110W 14 923
YOR111W 8 80
YOR112W 16 156
YOR113W 19 127
YOR114W 14 7887
YOR115C 5 189
YOR116C 22 385
YOR117W 18 268
YOR118W 24 352
YOR119C 23 506
YOR120W 28 902
YOR121C 6 313
YOR122C 9 297
YOR123C 18 512
YOR124C 37 1101
YOR125C 8 601
YOR126C 9 635
YOR127W 32 436
YOR128C 16 167
YOR129C 21 374
YOR130C 5 191
YOR131C 10 282
YOR132W 15 368
YOR133W 1 2
YOR134W 32 8777
YOR135C 6 142
YOR136W 15 494
YOR137C 20 718
YOR138C 69 2168
YOR139C 1 3
YOR140W 32 576
YOR141C 26 535
YOR142W 24 887
YOR143C 13 404
YOR144C 22 1776
YOR145C 11 306
YOR146W 3 161
YOR147W 16 341
YOR148C 13 71
YOR149C 21 408
YOR150W 4 71
YOR151C 39 527
YOR152C 2 12
YOR153W 57 1793
YOR154W 9 488
YOR155C 12 485
YOR156C 13 138
YOR157C 20 399
YOR158W 13 314
YOR159C 3 24
YOR160W 19 233
YOR161C 14 355
YOR161W-A 0 0
YOR161W-B 2 43
YOR161C-C 15 979
YOR162C 35 1284
YOR163W 6 20
YOR164C 16 1408
YOR165W 24 1056
YOR166C 14 1173
YOR167C 4 36
YOR168W 23 627
YOR169C 4 57
YOR170W 4 55
YOR171C 11 97
YOR172W 16 244
YOR173W 26 2128
YOR174W 10 381
YOR175C 32 270
YOR176W 21 279
YOR177C 10 56
YOR178C 27 684
YOR179C 25 913
YOR180C 3 86
YOR181W 15 303
YOR182C 8 172
YOR183W 16 543
YOR184W 6 84
YOR185C 6 24
YOR186W 22 2705
YOR186C-A 12 2461
YOR187W 23 474
YOR188W 35 452
YOR189W 5 20
YOR190W 14 571
YOR191W 31 1495
YOR192C 15 143
YOR192C-C 0 0
YOR193W 8 448
YOR194C 5 84
YOR195W 18 372
YOR196C 9 172
YOR197W 23 457
YOR198C 13 340
YOR199W 16 442
YOR200W 5 146
YOR201C 10 148
YOR202W 12 219
YOR203W 20 1471
YOR204W 26 440
YOR205C 29 1119
YOR206W 12 278
YOR207C 31 531
YOR208W 8 169
YOR209C 18 284
YOR210W 1 2
YOR211C 41 1009
YOR212W 18 424
YOR213C 16 588
YOR214C 7 97
YOR215C 10 75
YOR216C 26 1056
YOR217W 23 456
YOR218C 3 30
YOR219C 40 640
YOR220W 5 48
YOR221C 14 248
YOR222W 56 16196
YOR223W 17 182
YOR224C 10 226
YOR225W 7 82
YOR226C 6 165
YOR227W 47 956
YOR228C 12 590
YOR229W 31 1727
YOR230W 18 259
YOR231W 19 970
YOR231C-A 4 40
YOR232W 4 34
YOR233W 32 683
YOR234C 12 234
YOR235W 11 335
YOR236W 17 532
YOR237W 10 302
YOR238W 12 332
YOR239W 14 228
YOR241W 21 369
YOR242C 21 205
YOR243C 16 371
YOR244W 16 282
YOR245C 6 36
YOR246C 12 249
YOR247W 5 208
YOR248W 4 180
YOR249C 14 224
YOR250C 15 281
YOR251C 18 964
YOR252W 7 99
YOR253W 5 1632
YOR254C 17 342
YOR255W 5 1238
YOR256C 16 381
YOR257W 1 9
YOR258W 3 46
YOR259C 11 236
YOR260W 20 462
YOR261C 9 54
YOR262W 9 116
YOR263C 2 8
YOR264W 14 280
YOR265W 6 360
YOR266W 15 797
YOR267C 37 1164
YOR268C 38 2217
YOR269W 24 451
YOR270C 39 2353
YOR271C 15 183
YOR272W 7 112
YOR273C 36 1206
YOR274W 30 593
YOR275C 22 9263
YOR276W 8 237
YOR277C 4 102
YOR278W 6 261
YOR279C 5 239
YOR280C 13 310
YOR281C 8 99
YOR282W 13 940
YOR283W 15 242
YOR284W 8 167
YOR285W 10 122
YOR286W 2 63
YOR287C 4 35
YOR288C 5 62
YOR289W 25 1914
YOR290C 21 291
YOR291W 36 847
YOR292C 16 455
YOR293W 10 82
YOR293C-A 1 20
YOR294W 3 46
YOR295W 14 229
YOR296W 41 710
YOR297C 6 69
YOR298W 34 2637
YOR298C-A 18 627
YOR299W 32 1941
YOR300W 12 1847
YOR301W 48 3206
YOR302W 4 34
YOR303W 35 1104
YOR304W 33 1239
YOR304C-A 3 4
YOR305W 6 35
YOR306C 19 373
YOR307C 19 497
YOR308C 13 165
YOR309C 1 5
YOR310C 10 237
YOR311C 10 163
YOR312C 3 53
YOR313C 8 95
YOR314W 3 4
YOR314W-A 6 150
YOR315W 8 203
YOR316C 31 967
YOR316C-A 27 3251
YOR317W 33 2890
YOR318C 37 1557
YOR319W 4 55
YOR320C 10 470
YOR321W 23 286
YOR322C 38 978
YOR323C 17 455
YOR324C 13 273
YOR325W 8 131
YOR326W 46 721
YOR327C 9 206
YOR328W 70 5958
YOR329C 20 381
YOR329W-A 5 128
YOR330C 21 287
YOR331C 5 53
YOR332W 9 73
YOR333C 7 311
YOR334W 14 356
YOR335C 38 1045
YOR335W-A 1 46
YOR336W 35 993
YOR337W 42 1069
YOR338W 24 538
YOR339C 3 68
YOR340C 6 147
YOR341W 18 263
YOR342C 10 104
YOR343C 30 1250
YOR344C 9 188
YOR345C 3 16
YOR346W 32 662
YOR347C 14 87
YOR348C 206 46791
YOR349W 54 1576
YOR350C 24 614
YOR351C 25 578
YOR352W 15 387
YOR353C 16 437
YOR354C 28 782
YOR355W 14 271
YOR356W 23 509
YOR357C 8 232
YOR358W 20 841
YOR359W 12 243
YOR360C 16 12841
YOR361C 26 757
YOR362C 9 138
YOR363C 35 2192
YOR364W 12 278
YOR365C 29 979
YOR366W 4 15
YOR367W 5 165
YOR368W 17 1280
YOR369C 15 145
YOR370C 22 763
YOR371C 52 1860
YOR372C 10 374
YOR373W 34 1610
YOR374W 26 995
YOR375C 33 4962
YOR376W 16 2633
YOR376W-A 0 0
YOR377W 34 956
YOR378W 19 683
YOR379C 14 678
YOR380W 20 350
YOR381W 18 1609
YOR381W-A 3 88
YOR382W 2 6
YOR383C 5 67
YOR384W 21 432
YOR385W 16 356
YOR386W 7 47
YOR387C 2 102
YOR388C 4 23
YOR389W 16 667
YOR390W 5 147
YOR391C 2 91
YOR392W 3 20
YOR393W 0 0
YOR394W 0 0
YOR394C-A 0 0
YOR396W 0 0
YOR396C-A 0 0
YPL283C 0 0
YPL283W-B 0 0
YPL283W-A 0 0
YPL282C 0 0
YPL281C 0 0
YPL280W 0 0
YPL279C 3 16
YPL278C 0 0
YPL277C 16 15445
YPL274W 41 1779
YPL273W 8 247
YPL272C 5 252
YPL271W 3 205
YPL270W 35 551
YPL269W 26 620
YPL268W 18 347
YPL267W 6 48
YPL266W 9 963
YPL265W 44 1634
YPL264C 10 398
YPL263C 27 650
YPL262W 27 879
YPL261C 8 187
YPL260W 16 116
YPL259C 20 636
YPL258C 38 1791
YPL257W 3 27
YPL256C 24 404
YPL255W 10 232
YPL254W 11 308
YPL253C 20 661
YPL252C 7 137
YPL251W 2 28
YPL250C 11 350
YPL249C-A 4 35
YPL250W-A 4 35
YPL249C 29 772
YPL248C 19 361
YPL247C 40 1135
YPL246C 15 420
YPL245W 21 7823
YPL244C 23 700
YPL243W 10 285
YPL242C 40 1953
YPL241C 6 41
YPL240C 21 220
YPL239W 7 129
YPL238C 0 0
YPL237W 1 7
YPL236C 15 505
YPL235W 7 305
YPL234C 4 205
YPL233W 14 597
YPL232W 17 351
YPL231W 104 5475
YPL230W 23 583
YPL229W 6 113
YPL228W 10 157
YPL227C 13 404
YPL226W 27 259
YPL225W 0 0
YPL224C 26 1712
YPL223C 14 268
YPL222W 38 1179
YPL222C-A 2 16
YPL221W 41 6553
YPL220W 4 86
YPL219W 21 300
YPL218W 7 89
YPL217C 28 348
YPL216W 31 780
YPL215W 9 84
YPL214C 29 1104
YPL213W 7 245
YPL212C 20 868
YPL211W 8 140
YPL210C 19 260
YPL209C 8 80
YPL208W 27 550
YPL207W 37 1390
YPL206C 12 664
YPL205C 8 438
YPL204W 22 281
YPL203W 22 1400
YPL202C 18 433
YPL201C 16 203
YPL200W 3 29
YPL199C 9 159
YPL198W 20 722
YPL197C 4 166
YPL196W 10 423
YPL195W 20 1557
YPL194W 13 201
YPL193W 14 419
YPL192C 0 0
YPL191C 9 558
YPL190C 16 441
YPL189C-A 2 22
YPL189W 26 383
YPL188W 12 2108
YPL187W 1 2
YPL186C 28 1447
YPL185W 23 4345
YPL184C 18 555
YPL183W-A 8 127
YPL183C 32 902
YPL182C 7 213
YPL181W 17 322
YPL180W 17 258
YPL179W 21 948
YPL178W 5 106
YPL177C 7 64
YPL176C 25 619
YPL175W 19 278
YPL174C 6 64
YPL173W 6 59
YPL172C 13 406
YPL171C 30 898
YPL170W 15 87
YPL169C 9 257
YPL168W 17 311
YPL167C 30 660
YPL166W 5 90
YPL165C 3 15
YPL164C 29 551
YPL163C 5 14
YPL162C 9 164
YPL161C 15 225
YPL160W 18 370
YPL159C 6 54
YPL158C 23 208
YPL157W 15 289
YPL156C 25 1055
YPL155C 35 3605
YPL154C 11 392
YPL153C 30 944
YPL152W-A 0 0
YPL152W 8 214
YPL151C 23 622
YPL150W 13 113
YPL149W 3 108
YPL148C 1 1
YPL147W 17 300
YPL146C 3 49
YPL145C 0 0
YPL144W 19 668
YPL143W 5 215
YPL142C 1 4
YPL141C 34 497
YPL140C 16 185
YPL139C 13 330
YPL138C 4 65
YPL137C 56 1099
YPL136W 5 279
YPL135W 13 230
YPL135C-A 2 10
YPL134C 22 486
YPL133C 37 1883
YPL132W 9 111
YPL131W 7 144
YPL130W 2 23
YPL129W 2 2
YPL128C 10 337
YPL127C 13 220
YPL126W 17 343
YPL125W 29 636
YPL124W 15 117
YPL123C 7 179
YPL122C 10 255
YPL121C 6 133
YPL120W 12 110
YPL119C-A 3 34
YPL119C 19 861
YPL118W 9 270
YPL117C 9 115
YPL116W 16 196
YPL115C 22 578
YPL114W 4 20
YPL113C 10 51
YPL112C 10 102
YPL111W 58 2110
YPL110C 39 3949
YPL109C 34 1181
YPL108W 10 239
YPL107W 12 468
YPL106C 26 869
YPL105C 30 825
YPL104W 21 556
YPL103C 22 780
YPL102C 7 233
YPL101W 9 152
YPL100W 11 247
YPL099C 1 16
YPL098C 8 64
YPL097W 11 370
YPL096C-A 1 5
YPL096W 19 569
YPL095C 19 5042
YPL094C 16 366
YPL093W 16 211
YPL092W 27 919
YPL091W 17 133
YPL090C 2 7
YPL089C 28 598
YPL088W 21 290
YPL087W 8 82
YPL086C 13 244
YPL085W 40 469
YPL084W 13 579
YPL083C 13 229
YPL082C 43 600
YPL081W 24 607
YPL080C 11 220
YPL079W 5 30
YPL078C 1 67
YPL077C 16 304
YPL076W 7 52
YPL075W 21 408
YPL074W 26 653
YPL073C 2 47
YPL072W 14 234
YPL071C 8 351
YPL070W 6 241
YPL069C 11 443
YPL068C 10 201
YPL067C 41 2126
YPL066W 31 2804
YPL065W 12 329
YPL064C 15 929
YPL063W 19 607
YPL062W 29 1782
YPL061W 38 747
YPL060W 16 329
YPL059W 7 124
YPL058C 57 3318
YPL057C 18 570
YPL056C 19 883
YPL055C 26 867
YPL054W 14 244
YPL053C 20 500
YPL052W 7 341
YPL051W 12 595
YPL050C 5 58
YPL049C 26 312
YPL048W 15 288
YPL047W 7 110
YPL046C 2 114
YPL045W 23 1528
YPL044C 3 88
YPL043W 11 180
YPL042C 22 485
YPL041C 15 386
YPL040C 22 398
YPL039W 7 145
YPL038W-A 4 37
YPL038W 11 435
YPL037C 0 0
YPL036W 19 984
YPL035C 2 18
YPL034W 5 141
YPL033C 8 92
YPL032C 24 470
YPL031C 19 556
YPL030W 13 295
YPL029W 25 609
YPL028W 15 186
YPL027W 8 3140
YPL026C 11 124
YPL025C 13 550
YPL024W 20 579
YPL023C 5 11
YPL022W 16 265
YPL021W 8 166
YPL020C 11 174
YPL019C 24 376
YPL018W 14 193
YPL017C 26 525
YPL016W 32 851
YPL015C 38 1749
YPL014W 23 609
YPL013C 8 92
YPL012W 27 638
YPL011C 15 321
YPL010W 2 21
YPL009C 12 170
YPL008W 13 188
YPL007C 5 57
YPL006W 47 939
YPL005W 18 163
YPL004C 30 490
YPL003W 47 2689
YPL002C 18 1072
YPL001W 42 1372
YPR001W 77 4061
YPR002W 55 7352
YPR002C-A 2 44
YPR003C 23 630
YPR004C 6 63
YPR005C 6 74
YPR006C 25 665
YPR007C 22 433
YPR008W 35 859
YPR009W 9 270
YPR010C 13 321
YPR010C-A 2 695
YPR011C 24 562
YPR012W 6 20
YPR013C 10 231
YPR014C 10 131
YPR015C 15 326
YPR016C 3 62
YPR016W-A 7 57
YPR017C 7 233
YPR018W 14 259
YPR019W 29 564
YPR020W 4 52
YPR021C 22 270
YPR022C 41 1183
YPR023C 24 639
YPR024W 17 192
YPR025C 6 188
YPR026W 50 920
YPR027C 2 6
YPR028W 5 37
YPR029C 12 599
YPR030W 31 1399
YPR031W 28 952
YPR032W 11 390
YPR033C 14 652
YPR034W 12 229
YPR035W 18 819
YPR036W 43 2184
YPR036W-A 6 113
YPR037C 19 901
YPR038W 15 374
YPR039W 14 178
YPR040W 24 481
YPR041W 11 294
YPR042C 28 1061
YPR043W 0 0
YPR044C 0 0
YPR045C 13 179
YPR046W 6 104
YPR047W 23 766
YPR048W 10 274
YPR049C 35 1689
YPR050C 16 1501
YPR051W 23 2573
YPR052C 2 70
YPR053C 7 4543
YPR054W 21 405
YPR055W 12 432
YPR056W 11 267
YPR057W 9 65
YPR058W 5 194
YPR059C 0 0
YPR060C 8 196
YPR061C 13 124
YPR062W 13 347
YPR063C 9 344
YPR064W 18 849
YPR065W 10 99
YPR066W 15 401
YPR067W 10 204
YPR068C 21 336
YPR069C 5 47
YPR070W 18 330
YPR071W 9 148
YPR072W 15 636
YPR073C 13 1176
YPR074C 34 805
YPR074W-A 9 117
YPR075C 5 12
YPR076W 0 0
YPR077C 11 957
YPR078C 23 1108
YPR079W 22 385
YPR080W 4 112
YPR081C 31 996
YPR082C 7 112
YPR083W 30 573
YPR084W 11 337
YPR085C 7 125
YPR086W 14 245
YPR087W 12 176
YPR088C 13 87
YPR089W 18 629
YPR091C 22 615
YPR092W 13 2794
YPR093C 19 369
YPR094W 9 242
YPR095C 37 1109
YPR096C 7 21
YPR097W 32 1037
YPR098C 10 202
YPR099C 6 38
YPR100W 7 62
YPR101W 6 152
YPR102C 1 13
YPR103W 5 132
YPR104C 14 229
YPR105C 24 811
YPR106W 16 446
YPR107C 18 848
YPR108W 6 34
YPR108W-A 8 1334
YPR109W 13 441
YPR110C 7 114
YPR111W 21 684
YPR112C 20 252
YPR113W 11 133
YPR114W 23 397
YPR115W 25 766
YPR116W 8 99
YPR117W 88 2421
YPR118W 10 187
YPR119W 15 192
YPR120C 15 483
YPR121W 23 592
YPR122W 64 3754
YPR123C 7 132
YPR124W 20 393
YPR125W 13 407
YPR126C 3 41
YPR127W 13 458
YPR128C 8 715
YPR129W 5 165
YPR130C 5 27
YPR131C 14 436
YPR132W 2 31
YPR133C 8 247
YPR133W-A 0 0
YPR134W 10 410
YPR135W 20 500
YPR136C 5 245
YPR137W 7 353
YPR138C 32 759
YPR139C 5 90
YPR140W 20 848
YPR141C 22 462
YPR142C 9 451
YPR143W 2 8
YPR144C 13 194
YPR145W 47 3515
YPR145C-A 12 366
YPR146C 9 151
YPR147C 24 2550
YPR148C 16 2070
YPR149W 18 444
YPR150W 28 2168
YPR151C 32 2405
YPR152C 30 652
YPR153W 19 319
YPR154W 3 46
YPR155C 25 643
YPR156C 24 761
YPR157W 33 1567
YPR158W 15 178
YPR159W 27 953
YPR159C-A 2 4
YPR160W 62 9374
YPR160W-A 2 10
YPR160C-A 7 325
YPR161C 17 331
YPR162C 13 175
YPR163C 11 415
YPR164W 37 562
YPR165W 7 41
YPR166C 3 21
YPR167C 15 698
YPR168W 12 427
YPR169W 17 461
YPR170C 11 266
YPR169W-A 3 74
YPR170W-B 8 352
YPR170W-A 4 83
YPR171W 12 735
YPR172W 13 569
YPR173C 4 1022
YPR174C 15 543
YPR175W 17 288
YPR176C 8 79
YPR177C 5 237
YPR178W 20 813
YPR179C 26 1027
YPR180W 5 146
YPR181C 14 380
YPR182W 4 89
YPR183W 22 972
YPR184W 75 2168
YPR185W 25 481
YPR186C 17 311
YPR187W 5 48
YPR188C 2 97
YPR189W 29 615
YPR190C 21 280
YPR191W 10 148
YPR192W 35 3070
YPR193C 13 242
YPR194C 31 624
YPR195C 29 639
YPR196W 24 576
YPR197C 6 102
YPR198W 15 271
YPR199C 13 310
YPR200C 1 1
YPR201W 24 1004
YPR202W 1 1
YPR203W 0 0
YPR204W 0 0
YPR204C-A 0 0
