YAL069W 7 483
YAL068W-A 10 6777
YAL068C 0 0
YAL067W-A 5 1360
YAL067C 3 28
YAL066W 2 25
YAL065C 1 1
YAL064W-B 1 1
YAL064C-A 1 1
YAL064W 1 1
YAL063C-A 0 0
YAL063C 3 46
YAL062W 9 1431
YAL061W 4 16
YAL060W 3 108
YAL059C-A 1 10
YAL059W 3 5889
YAL058W 3 77
YAL056C-A 9 736
YAL056W 7 131
YAL055W 1 8
YAL054C 8 170
YAL053W 1 1
YAL051W 2 2
YAL049C 4 143
YAL048C 3 75
YAL047W-A 3 28
YAL047C 5 291
YAL046C 3 298
YAL045C 3 162
YAL044W-A 4 340
YAL044C 3 5306
YAL043C 10 1135
YAL042C-A 3 7
YAL042W 14 994
YAL041W 1 3
YAL040C 2 2
YAL039C 6 467
YAL038W 2 21
YAL037C-B 2 32
YAL037C-A 4 41
YAL037W 1 1
YAL036C 0 0
YAL035W 2 7
YAL034C-B 3 186
YAL034W-A 5 42
YAL034C 8 259
YAL033W 1 1
YAL032C 3 102
YAL031W-A 3 101
YAL031C 4 58
YAL030W 4 5166
YAL029C 0 0
YAL028W 1 3
YAL027W 1 1
YAL026C-A 0 0
YAL026C 0 0
YAL025C 5 302
YAL024C 2 3
YAL023C 1 1
YAL022C 0 0
YAL021C 3 429
YAL020C 7 70
YAL019W-A 3 1350
YAL019W 2 147
YAL018C 0 0
YAL017W 0 0
YAL016C-B 2 4
YAL016C-A 1 98
YAL016W 3 69
YAL015C 5 541
YAL014C 3 524
YAL013W 6 108
YAL012W 8 352
YAL011W 7 361
YAL010C 0 0
YAL009W 2 149
YAL008W 3 47
YAL007C 3 5
YAL005C 1 34
YAL004W 0 0
YAL003W 5 557
YAL002W 3 352
YAL001C 4 320
YAR002W 7 1019
YAR002C-A 9 589
YAR003W 2 19
YAR007C 2 347
YAR008W 0 0
YAR014C 5 34053
YAR015W 3 27
YAR018C 6 78
YAR019C 2 9
YAR019W-A 0 0
YAR020C 0 0
YAR023C 0 0
YAR027W 1 32
YAR028W 4 174
YAR029W 2 136
YAR030C 3 117
YAR031W 1 29
YAR033W 2 24
YAR035W 11 3186
YAR035C-A 11 308189
YAR042W 0 0
YAR047C 0 0
YAR050W 0 0
YAR053W 0 0
YAR060C 0 0
YAR064W 0 0
YAR066W 0 0
YAR068W 0 0
YAR069C 0 0
YAR070C 0 0
YAR071W 0 0
YAR073W 0 0
YAR075W 3 12
YBL113C 0 0
YBL113W-A 0 0
YBL112C 0 0
YBL111C 0 0
YBL109W 0 0
YBL108C-A 0 0
YBL108W 0 0
YBL107W-A 0 0
YBL107C 10 111
YBL106C 1 14
YBL105C 0 0
YBL104C 8 622
YBL103C 1 1
YBL102W 1 2
YBL101C 12 102
YBL100W-C 12 151
YBL100C 1 6
YBL099W 1 2
YBL098W 0 0
YBL097W 1 20
YBL096C 0 0
YBL095W 5 123
YBL094C 1 2
YBL093C 2 13
YBL092W 0 0
YBL091C-A 1 48
YBL091C 5 64
YBL090W 1 1
YBL089W 4 236
YBL088C 2 105
YBL087C 1 1
YBL086C 2 283
YBL085W 0 0
YBL084C 1 3
YBL083C 3 205
YBL082C 7 455
YBL081W 0 0
YBL080C 1 20
YBL079W 0 0
YBL078C 2 9
YBL077W 7 405
YBL076C 0 0
YBL075C 4 86
YBL074C 5 104
YBL073W 5 228
YBL072C 1 6
YBL071C-B 1 8
YBL071W-A 10 5274
YBL071C 5 123
YBL070C 1 1
YBL069W 2 23
YBL068W-A 2 54
YBL068W 0 0
YBL067C 1 38
YBL066C 7 266
YBL065W 1 105
YBL064C 3 51
YBL063W 3 107
YBL062W 4 117
YBL061C 1 17
YBL060W 4 273
YBL059C-A 1 1
YBL059W 1 1
YBL058W 8 205
YBL057C 3 18
YBL056W 1 1
YBL055C 4 38
YBL054W 0 0
YBL053W 6 930
YBL052C 2 20
YBL051C 0 0
YBL050W 1 3
YBL049W 1 6
YBL048W 0 0
YBL047C 3 161
YBL046W 4 144
YBL045C 0 0
YBL044W 7 592
YBL043W 3 29
YBL042C 0 0
YBL041W 3 10
YBL040C 4 56
YBL039W-B 0 0
YBL039C 0 0
YBL039C-A 0 0
YBL038W 1 22
YBL037W 2 9
YBL036C 11 2029
YBL035C 1 5
YBL034C 1 26
YBL033C 2 6
YBL032W 2 76
YBL031W 2 209
YBL030C 2 21
YBL029C-A 7 87
YBL029W 2 58
YBL028C 6 727
YBL027W 1 3
YBL026W 1 1
YBL025W 1 10
YBL024W 4 135
YBL023C 1 2
YBL022C 1 1
YBL021C 10 824
YBL020W 0 0
YBL019W 4 875
YBL018C 0 0
YBL017C 2 143
YBL016W 3 41
YBL015W 7 66
YBL014C 3 7
YBL013W 5 2069
YBL012C 0 0
YBL011W 1 5
YBL010C 8 118
YBL009W 2 17
YBL008W-A 1 87
YBL008W 1 29
YBL007C 6 287
YBL006C 10 173
YBL006W-A 0 0
YBL005W 0 0
YBL004W 1 37
YBL003C 5 69
YBL002W 5 180
YBL001C 9 259
YBR001C 2 30
YBR002C 4 23
YBR003W 3 72
YBR004C 6 33
YBR005W 1 39
YBR006W 1 1
YBR007C 6 190
YBR008C 1 1
YBR009C 6 138
YBR010W 1 31
YBR011C 2 42
YBR012C 0 0
YBR013C 1 1
YBR014C 0 0
YBR015C 1 1
YBR016W 0 0
YBR017C 4 19
YBR018C 2 16
YBR019C 0 0
YBR020W 2 25
YBR021W 0 0
YBR022W 1 1
YBR023C 1 11
YBR024W 1 13
YBR025C 2 6
YBR026C 4 77
YBR027C 0 0
YBR028C 2 230
YBR029C 0 0
YBR030W 2 271
YBR031W 5 23
YBR032W 3 362
YBR033W 5 25
YBR034C 3 505
YBR035C 2 53
YBR036C 4 211
YBR037C 5 164
YBR038W 2 3
YBR039W 1 2
YBR040W 0 0
YBR041W 0 0
YBR042C 1 1
YBR043C 0 0
YBR044C 0 0
YBR045C 0 0
YBR046C 5 87
YBR047W 5 181
YBR048W 2 29
YBR049C 5 792
YBR050C 1 3
YBR051W 0 0
YBR052C 5 138
YBR053C 8 576
YBR054W 0 0
YBR055C 5 132
YBR056W 1 22
YBR056W-A 3 49
YBR056C-B 2 3
YBR057C 1 17
YBR058C 5 192
YBR058C-A 2 26
YBR059C 1 2
YBR060C 1 36
YBR061C 8 432
YBR062C 4 67
YBR063C 0 0
YBR064W 0 0
YBR065C 0 0
YBR066C 0 0
YBR067C 5 304
YBR068C 4 30
YBR069C 3 168
YBR070C 7 151
YBR071W 6 142
YBR072W 3 114
YBR072C-A 2 26
YBR073W 4 33
YBR074W 2 24
YBR076W 0 0
YBR076C-A 6 224
YBR077C 1 2
YBR078W 6 21023
YBR079C 7 932
YBR080C 0 0
YBR081C 2 15
YBR082C 4 28
YBR083W 2 67
YBR084W 3 1120
YBR084C-A 2 6
YBR085W 0 0
YBR085C-A 2 19
YBR086C 0 0
YBR087W 3 21
YBR088C 0 0
YBR089W 1 4
YBR089C-A 6 116
YBR090C 5 8715
YBR091C 4 994
YBR092C 0 0
YBR093C 2 23
YBR094W 1 6
YBR095C 6 295
YBR096W 1 14
YBR097W 2 31
YBR098W 11 736
YBR099C 2 79
YBR101C 5 92
YBR102C 0 0
YBR103W 2 68
YBR103C-A 6 1164
YBR104W 3 45
YBR105C 2 33
YBR106W 6 394
YBR107C 7 281
YBR108W 4 1511
YBR109C 1 3
YBR109W-A 1 6
YBR110W 1 1
YBR111C 2 43
YBR111W-A 4 9
YBR112C 0 0
YBR113W 0 0
YBR114W 2 61
YBR115C 2 5
YBR116C 7 263
YBR117C 2 6
YBR118W 6 75
YBR119W 4 114
YBR120C 2 534
YBR121C 0 0
YBR121C-A 0 0
YBR122C 4 416
YBR123C 2 13
YBR124W 2 2
YBR125C 3 44
YBR126C 1 6
YBR126W-A 11 555
YBR126W-B 8 101
YBR127C 5 150
YBR128C 2 15
YBR129C 7 262
YBR130C 4 49
YBR131W 1 3
YBR131C-A 0 0
YBR132C 0 0
YBR133C 7 32
YBR134W 0 0
YBR135W 0 0
YBR136W 4 22
YBR137W 0 0
YBR138C 0 0
YBR139W 7 918
YBR140C 2 52
YBR141C 1 8
YBR141W-A 4 124
YBR142W 1 4
YBR143C 3 39
YBR144C 11 261
YBR145W 5 98
YBR146W 0 0
YBR147W 4 113
YBR148W 1 108
YBR149W 5 20
YBR150C 7 65
YBR151W 1 23
YBR152W 2 21
YBR153W 3 72
YBR154C 1 53
YBR155W 2 32
YBR156C 2 22
YBR157C 3 110
YBR158W 1 13
YBR159W 1 50
YBR160W 0 0
YBR161W 0 0
YBR162C 2 299
YBR162W-A 7 182
YBR163W 1 14
YBR164C 2 34
YBR165W 0 0
YBR166C 1 89
YBR167C 3 103
YBR168W 2 73
YBR169C 0 0
YBR170C 3 53
YBR171W 3 91
YBR172C 3 25
YBR173C 7 86
YBR174C 4 222
YBR175W 7 1763
YBR176W 0 0
YBR177C 1 34
YBR178W 1 3
YBR179C 1 5
YBR180W 0 0
YBR181C 3 14
YBR182C 3 386
YBR182C-A 8 1725
YBR183W 4 134
YBR184W 0 0
YBR185C 1 1
YBR186W 0 0
YBR187W 4 36
YBR188C 0 0
YBR189W 1 6
YBR190W 4 447
YBR191W 0 0
YBR191W-A 0 0
YBR192W 1 13
YBR193C 4 43
YBR194W 0 0
YBR195C 1 4
YBR196C 0 0
YBR196C-A 2 567
YBR196C-B 3 18
YBR197C 3 77
YBR198C 1 20
YBR199W 2 8
YBR200W 0 0
YBR200W-A 1 1
YBR201W 0 0
YBR201C-A 2 46
YBR202W 0 0
YBR203W 5 1655
YBR204C 7 255
YBR205W 3 109
YBR206W 4 76
YBR207W 2 53
YBR208C 1 1
YBR209W 2 56
YBR210W 2 134
YBR211C 0 0
YBR212W 4 68
YBR213W 4 51
YBR214W 2 2
YBR215W 3 741
YBR216C 3 311
YBR217W 4 84
YBR218C 0 0
YBR219C 1 2
YBR220C 1 119
YBR221C 0 0
YBR221W-A 6 193
YBR222C 7 213
YBR223C 4 8
YBR223W-A 6 310
YBR224W 0 0
YBR225W 0 0
YBR226C 1 10
YBR227C 3 73
YBR228W 7 233
YBR229C 4 12
YBR230C 5 699
YBR230W-A 9 290
YBR231C 3 7
YBR232C 1 13
YBR233W 2 2
YBR233W-A 10 191
YBR234C 3 228
YBR235W 1 1
YBR236C 1 7
YBR237W 1 45
YBR238C 5 64
YBR239C 1 3
YBR240C 9 829
YBR241C 0 0
YBR242W 2 5
YBR243C 4 1004
YBR244W 0 0
YBR245C 3 77
YBR246W 6 174
YBR247C 0 0
YBR248C 3 104
YBR249C 1 4
YBR250W 1 2
YBR251W 6 425
YBR252W 1 9
YBR253W 4 12
YBR254C 9 672
YBR255W 5 238
YBR255C-A 7 183
YBR256C 4 15
YBR257W 2 30
YBR258C 4 111
YBR259W 4 18
YBR260C 6 181
YBR261C 7 106
YBR262C 3 165
YBR263W 7 375
YBR264C 3 32
YBR265W 2 22
YBR267W 2 60
YBR266C 4 86
YBR268W 5 150
YBR269C 6 824
YBR270C 2 5
YBR271W 0 0
YBR272C 4 1075
YBR273C 3 222
YBR274W 2 3
YBR275C 1 10
YBR276C 0 0
YBR277C 2 24
YBR278W 5 51
YBR279W 2 3
YBR280C 1 8
YBR281C 9 479
YBR282W 2 236
YBR283C 1 2
YBR284W 8 2967
YBR285W 3 27
YBR286W 3 11
YBR287W 2 187
YBR288C 3 30
YBR289W 3 151
YBR290W 5 879
YBR291C 0 0
YBR292C 1 5
YBR293W 3 86
YBR294W 0 0
YBR295W 7 112
YBR296C 4 67
YBR296C-A 3 14
YBR297W 4 180
YBR298C 2 11
YBR298C-A 1 6
YBR299W 1 6
YBR300C 0 0
YBR301W 0 0
YBR302C 0 0
YCL076W 1 4
YCL073C 0 0
YCL069W 0 0
YCL068C 0 0
YCL067C 0 0
YCL066W 0 0
YCL065W 0 0
YCL064C 4 314
YCL063W 7 567
YCL061C 1 335
YCL059C 2 21
YCL058C 7 8946
YCL058W-A 2 23
YCL057C-A 6 4116
YCL057W 2 48
YCL056C 1 383
YCL055W 2 94
YCL054W 0 0
YCL052C 0 0
YCL051W 1 2
YCL050C 3 61
YCL049C 11 2454
YCL048W-A 0 0
YCL048W 1 16
YCL047C 5 52
YCL045C 6 97
YCL046W 0 0
YCL044C 5 196
YCL043C 1 9
YCL041C 7 3026
YCL042W 1 1
YCL040W 7 464
YCL039W 8 136
YCL038C 3 648
YCL037C 4 197
YCL036W 13 329
YCL035C 7 654
YCL034W 6 457
YCL033C 1 10
YCL032W 0 0
YCL031C 3 16
YCL030C 9 2946
YCL029C 5 197
YCL028W 6 136
YCL027W 1 27
YCL026C-B 2 76
YCL026C-A 5 219
YCL025C 5 704
YCL023C 0 0
YCL024W 4 61
YCL022C 1 15
YCL021W-A 0 0
YCL018W 6 682
YCL017C 0 0
YCL016C 6 96
YCL014W 1 10
YCL012C 1 29
YCL011C 3 406
YCL010C 11 771
YCL009C 7 130
YCL008C 5 63
YCL007C 4 27
YCL005W-A 4 44
YCL005W 6 176
YCL004W 4 74
YCL002C 5 304
YCL001W 5 328
YCL001W-A 1 29
YCL001W-B 1 1
YCR001W 3 44
YCR002C 6 172
YCR003W 7 568
YCR004C 0 0
YCR005C 6 742
YCR006C 6 108
YCR007C 2 13
YCR008W 0 0
YCR009C 5 31
YCR010C 4 8
YCR011C 0 0
YCR012W 3 28
YCR013C 3 66
YCR014C 3 44
YCR015C 5 117
YCR016W 2 12
YCR017C 5 1532
YCR018C 0 0
YCR018C-A 4 60
YCR019W 2 11
YCR020C 2 10
YCR020C-A 6 1079
YCR020W-B 4 30
YCR021C 2 104
YCR022C 10 591
YCR023C 0 0
YCR024C 2 34
YCR024C-B 3 4
YCR024C-A 2 3
YCR025C 14 2484
YCR026C 3 67
YCR027C 2 95
YCR028C 0 0
YCR028C-A 1 73
YCR030C 4 46
YCR031C 1 32
YCR032W 2 12
YCR033W 1 3
YCR034W 1 32
YCR035C 9 130
YCR036W 5 101
YCR037C 4 7951
YCR038C 0 0
YCR038W-A 0 0
YCR039C 0 0
YCR040W 0 0
YCR041W 0 0
YCR042C 4 22
YCR043C 3 500
YCR044C 2 5
YCR045C 1 1
YCR045W-A 0 0
YCR046C 4 308
YCR047C 0 0
YCR047W-A 1 5
YCR049C 3 386
YCR048W 3 58
YCR050C 0 0
YCR051W 1 1
YCR052W 4 113
YCR053W 4 413
YCR054C 1 1
YCR057C 1 13
YCR059C 14 1301
YCR060W 17 477
YCR061W 15 499
YCR064C 6 275
YCR063W 3 116
YCR065W 2 8
YCR066W 5 43
YCR067C 1 1
YCR068W 4 183
YCR069W 2 2
YCR071C 3 56
YCR072C 6 156
YCR073C 0 0
YCR073W-A 6 193
YCR075C 2 196
YCR075W-A 4 320
YCR076C 4 18
YCR077C 5 1239
YCR079W 7 620
YCR081W 1 26
YCR081C-A 10 431
YCR082W 4 73
YCR083W 11 146
YCR084C 1 8
YCR085W 0 0
YCR086W 1 20
YCR087W 0 0
YCR087C-A 5 366
YCR088W 4 1099
YCR089W 0 0
YCR090C 6 132
YCR091W 5 174
YCR092C 3 18
YCR093W 5 69
YCR094W 3 5
YCR095C 2 38
YCR095W-A 1 1
YCR096C 0 0
YCR097W 1 2
YCR097W-A 0 0
YCR098C 2 6
YCR099C 2 83
YCR100C 2 5
YCR101C 2 8
YCR102C 3 34
YCR102W-A 0 0
YCR104W 0 0
YCR105W 0 0
YCR106W 8 295
YCR107W 4 68
YCR108C 12 689
YDL248W 1 1
YDL247W-A 0 0
YDL247W 0 0
YDL246C 0 0
YDL245C 0 0
YDL244W 0 0
YDL243C 1 2
YDL242W 3 22
YDL241W 3 16
YDL240C-A 1 24
YDL240W 2 122
YDL239C 1 49
YDL238C 2 2
YDL237W 3 970
YDL236W 2 325
YDL235C 0 0
YDL234C 2 16
YDL233W 1 26
YDL232W 6 466
YDL231C 2 22
YDL230W 2 8
YDL229W 6 272
YDL228C 7 41
YDL227C 5 113
YDL226C 4 322
YDL225W 6 939
YDL224C 0 0
YDL223C 1 36
YDL222C 2 131
YDL221W 6 105
YDL220C 5 218
YDL219W 3 85
YDL218W 1 6
YDL217C 3 37
YDL216C 5 52
YDL215C 2 113
YDL214C 1 77
YDL213C 6 92
YDL212W 7 229
YDL211C 1 5
YDL210W 1 5
YDL209C 4 246
YDL208W 6 151
YDL207W 3 561
YDL206W 1 55
YDL205C 4 22
YDL204W 4 247
YDL203C 2 141
YDL202W 2 30
YDL201W 0 0
YDL200C 7 250
YDL199C 4 542
YDL198C 2 14
YDL197C 2 15
YDL196W 9 384
YDL195W 1 4
YDL194W 1 1
YDL193W 0 0
YDL192W 0 0
YDL191W 2 7
YDL190C 2 40
YDL189W 0 0
YDL188C 4 73
YDL187C 1 81
YDL186W 3 34
YDL185C-A 1 4
YDL185W 1 21
YDL184C 14 791
YDL183C 2 4
YDL182W 5 32
YDL181W 1 21
YDL180W 5 235
YDL179W 2 10
YDL178W 1 6
YDL177C 4 33
YDL176W 0 0
YDL175C 5 168
YDL174C 13 335
YDL173W 8 82
YDL172C 0 0
YDL171C 1 21
YDL170W 8 512
YDL169C 5 317
YDL168W 2 6
YDL167C 3 133
YDL166C 3 8
YDL165W 1 1
YDL164C 4 129
YDL163W 2 12
YDL162C 3 77
YDL161W 2 15
YDL160C-A 0 0
YDL160C 0 0
YDL159W-A 0 0
YDL159W 8 575
YDL159C-B 0 0
YDL158C 1 104
YDL157C 8 3118
YDL156W 2 7
YDL155W 1 2
YDL154W 1 3
YDL153C 1 2
YDL152W 0 0
YDL151C 0 0
YDL150W 0 0
YDL149W 4 175
YDL148C 3 55
YDL147W 4 38
YDL146W 0 0
YDL145C 0 0
YDL144C 6 1066
YDL143W 4 237
YDL142C 3 348
YDL141W 1 21
YDL140C 1 2
YDL139C 9 2178
YDL138W 5 449
YDL137W 5 244
YDL136W 5 49
YDL135C 3 13
YDL134C 2 10
YDL133C-A 4 49
YDL133W 1 21
YDL132W 2 2
YDL131W 1 69
YDL130W-A 5 330
YDL130W 0 0
YDL129W 3 55
YDL128W 2 17
YDL127W 1 20
YDL126C 5 279
YDL125C 8 114
YDL124W 15 4566
YDL123W 7 7640
YDL122W 2 28
YDL121C 8 172
YDL120W 1 2
YDL119C 1 6
YDL118W 1 9
YDL117W 0 0
YDL116W 2 7
YDL115C 0 0
YDL114W-A 2 25
YDL114W 0 0
YDL113C 3 6
YDL112W 0 0
YDL111C 6 179
YDL110C 4 280
YDL109C 0 0
YDL108W 4 60
YDL107W 1 118
YDL106C 2 17
YDL105W 2 249
YDL104C 2 89
YDL103C 4 80
YDL102W 4 70
YDL101C 2 44
YDL100C 11 1633
YDL099W 1 50
YDL098C 2 80
YDL097C 2 155
YDL096C 1 4
YDL095W 5 107
YDL094C 2 72
YDL093W 3 204
YDL092W 4 453
YDL091C 2 3
YDL090C 3 891
YDL089W 0 0
YDL088C 2 130
YDL087C 8 323
YDL086W 5 197
YDL086C-A 1 6
YDL085C-A 5 163
YDL085W 3 23
YDL084W 0 0
YDL083C 1 39
YDL082W 4 75
YDL081C 0 0
YDL080C 2 288
YDL079C 6 137
YDL078C 4 309
YDL077C 1 70
YDL076C 1 15
YDL075W 0 0
YDL074C 0 0
YDL073W 6 67
YDL072C 2 3
YDL071C 0 0
YDL070W 4 47
YDL069C 1 177
YDL068W 0 0
YDL067C 1 9
YDL066W 7 161
YDL065C 5 86
YDL064W 4 209
YDL063C 2 80
YDL062W 4 23
YDL061C 8 50
YDL060W 2 83
YDL059C 1 1
YDL058W 4 1472
YDL057W 2 69
YDL056W 2 5
YDL055C 0 0
YDL054C 0 0
YDL053C 0 0
YDL052C 6 242
YDL051W 1 1
YDL050C 2 3
YDL049C 5 100
YDL048C 6 157
YDL047W 1 3
YDL046W 0 0
YDL045W-A 5 71
YDL045C 0 0
YDL044C 5 147
YDL043C 1 14
YDL042C 6 2119
YDL041W 2 142
YDL040C 4 32975
YDL039C 3 253
YDL037C 3 302
YDL036C 3 47
YDL035C 1 48
YDL034W 1 1
YDL033C 0 0
YDL032W 3 19
YDL031W 0 0
YDL030W 2 30
YDL029W 2 620
YDL028C 2 180
YDL027C 1 5
YDL026W 1 4
YDL025C 1 1
YDL025W-A 0 0
YDL024C 2 257
YDL022C-A 2 6
YDL023C 3 113
YDL022W 5 490
YDL021W 3 189
YDL020C 1 13
YDL019C 1 2
YDL018C 1 1
YDL017W 2 128
YDL016C 3 64
YDL015C 3 26
YDL014W 0 0
YDL013W 0 0
YDL012C 9 550
YDL011C 0 0
YDL010W 6 97
YDL009C 0 0
YDL008W 7 161
YDL007C-A 3 14
YDL007W 1 3
YDL006W 0 0
YDL005C 1 23
YDL004W 0 0
YDL003W 0 0
YDL002C 3 69
YDL001W 2 18
YDR001C 3 24
YDR002W 1 25
YDR003W 6 304
YDR003W-A 1 3
YDR004W 6 88
YDR005C 1 1
YDR006C 1 4
YDR007W 6 35
YDR008C 2 14
YDR009W 3 145
YDR010C 4 36
YDR011W 0 0
YDR012W 0 0
YDR013W 1 1
YDR014W 4 400
YDR014W-A 4 43
YDR015C 1 79
YDR016C 4 44
YDR017C 1 14
YDR018C 8 167
YDR019C 6 124
YDR020C 2 9
YDR021W 0 0
YDR022C 2 129
YDR023W 4 42
YDR024W 1 2
YDR025W 0 0
YDR026C 1 14
YDR027C 0 0
YDR028C 0 0
YDR029W 0 0
YDR030C 5 84
YDR031W 7 162
YDR032C 0 0
YDR033W 0 0
YDR034C 3 293
YDR034C-A 3 42
YDR034W-B 2 23
YDR035W 7 305
YDR036C 6 30
YDR037W 1 13
YDR038C 0 0
YDR039C 0 0
YDR040C 1 4
YDR041W 2 7
YDR042C 1 4
YDR043C 0 0
YDR044W 4 21
YDR045C 4 37
YDR046C 3 33
YDR047W 0 0
YDR048C 2 145
YDR049W 5 46
YDR050C 2 13
YDR051C 4 110
YDR052C 1 2
YDR053W 0 0
YDR054C 2 4
YDR055W 4 375
YDR056C 3 26
YDR057W 1 16
YDR058C 9 98
YDR059C 2 44
YDR060W 2 93
YDR061W 3 24
YDR062W 1 8
YDR063W 2 11
YDR064W 1 6
YDR065W 2 3
YDR066C 1 6
YDR067C 5 37
YDR068W 2 61
YDR069C 4 387
YDR070C 3 32
YDR071C 3 58
YDR072C 3 78
YDR073W 2 28
YDR074W 3 64
YDR075W 3 5
YDR076W 1 2
YDR077W 3 16
YDR078C 2 6
YDR079W 1 6
YDR079C-A 1 7
YDR080W 5 59
YDR081C 1 11
YDR082W 1 33
YDR083W 3 146
YDR084C 1 21
YDR085C 3 15
YDR086C 0 0
YDR087C 4 60
YDR088C 0 0
YDR089W 7 300
YDR090C 3 23
YDR091C 2 268
YDR092W 1 44
YDR093W 3 17
YDR094W 13 829
YDR095C 5 97
YDR096W 0 0
YDR097C 0 0
YDR098C 10 457
YDR099W 2 34
YDR100W 7 730
YDR101C 3 17
YDR102C 1 7
YDR103W 1 4
YDR104C 1 5
YDR105C 0 0
YDR106W 2 58
YDR107C 1 5
YDR108W 3 47
YDR109C 11 1993
YDR110W 2 112
YDR111C 1 2
YDR112W 3 46
YDR113C 0 0
YDR114C 1 9
YDR115W 6 156
YDR116C 1 14
YDR117C 2 4
YDR118W 3 137
YDR118W-A 1 89
YDR119W 0 0
YDR119W-A 2 53
YDR120C 7 167
YDR121W 0 0
YDR122W 2 32
YDR123C 1 1
YDR124W 6 626
YDR125C 4 75
YDR126W 4 163
YDR127W 1 1
YDR128W 3 97
YDR129C 1 13
YDR130C 6 58
YDR131C 2 19
YDR132C 4 130
YDR133C 2 68
YDR135C 6 443
YDR136C 0 0
YDR137W 0 0
YDR138W 1 22
YDR139C 4 12
YDR140W 8 557
YDR141C 3 47
YDR142C 6 84
YDR143C 0 0
YDR144C 0 0
YDR145W 4 35
YDR146C 0 0
YDR147W 3 145
YDR148C 1 4
YDR149C 0 0
YDR150W 2 44
YDR151C 3 52
YDR152W 5 31
YDR153C 5 80
YDR154C 1 6
YDR155C 1 9
YDR156W 2 16
YDR157W 4 226
YDR158W 4 294
YDR159W 0 0
YDR160W 0 0
YDR161W 1 1
YDR162C 0 0
YDR163W 2 23
YDR164C 2 14
YDR165W 2 11
YDR166C 2 10
YDR167W 1 1
YDR168W 7 353
YDR169C 1 1
YDR169C-A 3 29
YDR170C 1 31
YDR171W 2 15
YDR172W 2 1020
YDR173C 1 39
YDR174W 9 1473
YDR175C 4 73
YDR176W 4 11
YDR177W 2 28
YDR178W 7 157
YDR179C 4 113
YDR179W-A 0 0
YDR180W 0 0
YDR181C 2 51
YDR182W 6 53
YDR182W-A 4 650
YDR183W 4 87
YDR183C-A 0 0
YDR184C 3 113
YDR185C 1 10
YDR186C 6 4651
YDR187C 1 23
YDR188W 9 708
YDR189W 2 105
YDR190C 0 0
YDR191W 2 47
YDR192C 3 49
YDR193W 0 0
YDR194C 0 0
YDR194W-A 0 0
YDR195W 1 2
YDR196C 4 272
YDR197W 3 14
YDR198C 9 3362
YDR199W 5 128
YDR200C 3 72
YDR201W 10 691
YDR202C 2 118
YDR203W 1 1
YDR204W 2 193
YDR205W 8 545
YDR206W 0 0
YDR207C 1 2
YDR208W 2 29
YDR209C 2 20
YDR210W 2 38
YDR211W 2 15
YDR212W 0 0
YDR213W 0 0
YDR214W 0 0
YDR215C 4 29
YDR216W 1 2
YDR217C 5 94
YDR218C 3 31
YDR219C 0 0
YDR220C 0 0
YDR221W 1 182
YDR222W 1 1
YDR223W 0 0
YDR224C 4 220
YDR225W 6 14
YDR226W 1 139
YDR227W 0 0
YDR228C 0 0
YDR229W 2 2
YDR230W 0 0
YDR231C 22 4020
YDR232W 1 2
YDR233C 9 439
YDR234W 3 23
YDR235W 0 0
YDR236C 4 142
YDR237W 2 6
YDR238C 2 70
YDR239C 1 5
YDR240C 6 594
YDR241W 0 0
YDR242W 1 13
YDR243C 3 101
YDR244W 6 285
YDR245W 0 0
YDR246W 0 0
YDR246W-A 12 425
YDR247W 0 0
YDR248C 0 0
YDR249C 3 38
YDR250C 1 28
YDR251W 2 36
YDR252W 7 272
YDR253C 1 9
YDR254W 1 18
YDR255C 3 21
YDR256C 0 0
YDR257C 5 25
YDR258C 10 531
YDR259C 0 0
YDR260C 8 344
YDR261C 0 0
YDR262W 4 128
YDR263C 1 100
YDR264C 3 63
YDR265W 3 151
YDR266C 0 0
YDR267C 1 47
YDR268W 2 63
YDR269C 0 0
YDR270W 2 141
YDR271C 3 95
YDR272W 1 3
YDR273W 0 0
YDR274C 11 257
YDR275W 11 2915
YDR276C 4 13
YDR277C 4 708
YDR278C 7 51
YDR279W 0 0
YDR280W 1 3
YDR281C 0 0
YDR282C 12 885
YDR283C 2 69
YDR284C 1 15
YDR285W 0 0
YDR286C 2 145
YDR287W 2 6
YDR288W 3 120
YDR289C 3 26
YDR290W 0 0
YDR291W 1 8
YDR292C 0 0
YDR293C 1 1
YDR294C 2 1173
YDR295C 0 0
YDR296W 3 27
YDR297W 0 0
YDR298C 0 0
YDR299W 4 196
YDR300C 2 31
YDR301W 2 42
YDR302W 3 14
YDR303C 0 0
YDR304C 4 47
YDR305C 4 278
YDR306C 4 63
YDR307W 3 34
YDR308C 1 2
YDR309C 6 101
YDR310C 0 0
YDR311W 5 16
YDR312W 3 1072
YDR313C 3 42
YDR314C 3 5
YDR315C 10 647
YDR316W 4 58
YDR317W 4 23
YDR318W 2 10
YDR319C 2 24
YDR320C 1 2
YDR320C-A 2 38
YDR320W-B 0 0
YDR321W 5 38
YDR322W 4 29
YDR322C-A 8 193
YDR323C 4 22
YDR324C 4 46
YDR325W 10 372
YDR326C 2 89
YDR327W 9 1297
YDR328C 5 31
YDR329C 15 1167
YDR330W 4 58
YDR331W 9 538
YDR332W 3 53
YDR333C 9 262
YDR334W 1 13
YDR335W 0 0
YDR336W 4 5916
YDR337W 2 9
YDR338C 2 12
YDR339C 2 84
YDR340W 1 2
YDR341C 1 1
YDR342C 0 0
YDR343C 0 0
YDR344C 2 14
YDR345C 0 0
YDR346C 2 7
YDR347W 1 8
YDR348C 0 0
YDR349C 4 65
YDR350C 3 61
YDR351W 1 1
YDR352W 2 28
YDR353W 3 14
YDR354W 1 2
YDR354C-A 0 0
YDR355C 0 0
YDR356W 11 244
YDR357C 1 6
YDR358W 1 61
YDR359C 1 7
YDR360W 1 1
YDR361C 4 226
YDR362C 1 32
YDR363W 2 104
YDR363W-A 5 176
YDR364C 2 63
YDR365C 4 42
YDR366C 0 0
YDR367W 3 57
YDR368W 3 79
YDR369C 5 34
YDR370C 3 473
YDR371W 2 20
YDR371C-A 2 11
YDR372C 0 0
YDR373W 0 0
YDR374C 1 3
YDR374W-A 10 327
YDR375C 11 901
YDR376W 0 0
YDR377W 1 3
YDR378C 3 15
YDR379W 1 11
YDR379C-A 5 257
YDR380W 5 61
YDR381W 0 0
YDR381C-A 1 4
YDR382W 2 81
YDR383C 7 272
YDR384C 1 1
YDR385W 6 152
YDR386W 12 1563
YDR387C 2 16
YDR388W 8 1537
YDR389W 0 0
YDR390C 8 408
YDR391C 7 141
YDR392W 5 26
YDR393W 5 51
YDR394W 1 1
YDR395W 0 0
YDR396W 4 78
YDR397C 11 1486
YDR398W 5 31
YDR399W 7 300
YDR400W 1 7
YDR401W 5 25
YDR402C 0 0
YDR403W 0 0
YDR404C 0 0
YDR405W 7 26
YDR406W 10 360
YDR406W-A 2 7
YDR407C 1 1
YDR408C 1 1
YDR409W 1 8
YDR410C 2 11
YDR411C 4 459
YDR412W 1 1
YDR413C 1 461
YDR414C 0 0
YDR415C 2 81
YDR416W 1 2
YDR417C 0 0
YDR418W 0 0
YDR419W 4 1287
YDR420W 0 0
YDR421W 3 59
YDR422C 4 57
YDR423C 7 89
YDR424C 4 1084
YDR425W 3 77
YDR426C 8 208
YDR427W 5 50
YDR428C 2 36
YDR429C 5 143
YDR430C 3 19
YDR431W 2 9
YDR432W 0 0
YDR433W 1 2
YDR434W 0 0
YDR435C 2 16
YDR436W 1 9
YDR437W 0 0
YDR438W 6 259
YDR439W 0 0
YDR440W 0 0
YDR441C 7 5300
YDR442W 4 2522
YDR443C 4 77
YDR444W 2 136
YDR445C 2 94
YDR446W 4 317
YDR447C 0 0
YDR448W 0 0
YDR449C 2 90
YDR450W 1 7
YDR451C 2 139
YDR452W 2 3
YDR453C 3 31
YDR454C 0 0
YDR455C 4 89
YDR456W 4 72
YDR457W 1 5
YDR458C 3 7
YDR459C 0 0
YDR460W 3 30
YDR461W 8 416
YDR461C-A 4 94
YDR462W 3 24
YDR463W 9 412
YDR464W 0 0
YDR464C-A 2 77
YDR465C 4 192
YDR466W 0 0
YDR467C 1 33
YDR468C 1 1
YDR469W 3 70
YDR470C 0 0
YDR471W 3 394
YDR472W 0 0
YDR473C 1 2
YDR475C 3 21
YDR476C 19 3478
YDR477W 1 1
YDR478W 4 46
YDR479C 5 130
YDR480W 0 0
YDR481C 7 292
YDR482C 1 7
YDR483W 5 287
YDR484W 0 0
YDR485C 1 2
YDR486C 3 21
YDR487C 4 51
YDR488C 0 0
YDR489W 1 1
YDR490C 3 32
YDR491C 0 0
YDR492W 2 31
YDR493W 3 26
YDR494W 1 72
YDR495C 3 138
YDR496C 2 5
YDR497C 2 44
YDR498C 6 57
YDR499W 2 12
YDR500C 6 36
YDR501W 0 0
YDR502C 3 75
YDR503C 2 182
YDR504C 1 20
YDR505C 3 43
YDR506C 3 65
YDR507C 2 92
YDR508C 5 22
YDR509W 3 8
YDR510W 6 51
YDR510C-A 9 88
YDR511W 1 18
YDR512C 3 183
YDR513W 5 66
YDR514C 2 217
YDR515W 1 1
YDR516C 7 111
YDR517W 1 1
YDR518W 2 4
YDR519W 6 339
YDR520C 1 17
YDR521W 2 197
YDR522C 12 20896
YDR523C 0 0
YDR524C 1 110
YDR524W-C 1 20
YDR524C-B 1 24
YDR524C-A 5 80
YDR525W 1 24
YDR525W-A 9 937
YDR526C 2 90
YDR527W 7 102
YDR528W 0 0
YDR529C 10 50
YDR530C 5 113
YDR531W 3 38
YDR532C 2 3
YDR533C 3 61
YDR534C 1 1
YDR535C 10 4190
YDR536W 2 7
YDR537C 4 37
YDR538W 0 0
YDR539W 0 0
YDR540C 0 0
YDR541C 3 62
YDR542W 0 0
YDR543C 8 32
YDR544C 0 0
YDR545W 0 0
YDR545C-A 0 0
YEL077C 1 1
YEL077W-A 1 2
YEL076C-A 0 0
YEL076C 0 0
YEL075W-A 0 0
YEL075C 0 0
YEL074W 2 6
YEL073C 1 6
YEL072W 2 6
YEL071W 0 0
YEL070W 1 168
YEL069C 0 0
YEL068C 6 191
YEL067C 4 152
YEL066W 16 2987
YEL065W 4 330
YEL064C 2 47
YEL063C 2 5
YEL062W 2 3
YEL061C 0 0
YEL060C 4 21
YEL059C-A 7 77
YEL059W 2 9
YEL058W 4 284
YEL057C 0 0
YEL056W 1 2
YEL055C 0 0
YEL054C 2 8
YEL053W-A 1 1
YEL053C 0 0
YEL052W 3 42
YEL051W 3 84
YEL050W-A 3 89
YEL050C 4 175
YEL049W 3 23
YEL048C 0 0
YEL047C 4 156
YEL046C 5 72
YEL045C 3 22
YEL044W 2 34
YEL043W 5 102
YEL042W 2 49
YEL041W 0 0
YEL040W 5 206
YEL039C 2 41
YEL038W 13 410
YEL037C 3 98
YEL036C 3 57
YEL035C 3 20
YEL034C-A 2 13
YEL034W 5 22
YEL033W 0 0
YEL032W 1 7
YEL032C-A 1 1
YEL031W 5 87
YEL030C-A 1 1
YEL030W 1 36
YEL029C 0 0
YEL028W 1 10
YEL027W 1 4
YEL026W 0 0
YEL025C 10 567
YEL024W 1 1
YEL023C 0 0
YEL022W 1 1
YEL021W 5 149
YEL020C-B 2 24
YEL020W-A 2 82
YEL020C 2 1857
YEL019C 0 0
YEL018C-A 0 0
YEL018W 1 18
YEL017C-A 4 63
YEL017W 9 228
YEL016C 3 98
YEL015W 0 0
YEL014C 0 0
YEL013W 0 0
YEL012W 0 0
YEL011W 1 59
YEL010W 5 150
YEL009C-A 1 11
YEL009C 2 30
YEL008W 5 126
YEL008C-A 11 452
YEL007W 8 139
YEL006W 1 5
YEL005C 4 72
YEL004W 3 32
YEL003W 8 526
YEL002C 6 2495
YEL001C 9 411
YER001W 2 240
YER002W 3 87
YER003C 5 455
YER004W 3 400
YER005W 1 120
YER006W 3 90
YER006C-A 0 0
YER007W 3 114
YER007C-A 0 0
YER008C 0 0
YER009W 1 2
YER010C 3 148
YER011W 0 0
YER012W 1 115
YER013W 3 786
YER014W 2 42
YER014C-A 1 13
YER015W 4 1568
YER016W 4 24
YER017C 1 29
YER018C 2 16
YER019W 3 1611
YER019C-A 5 208
YER020W 3 19
YER021W 3 150
YER022W 2 4
YER023W 3 214
YER023C-A 3 20
YER024W 3 59
YER025W 2 26
YER026C 0 0
YER027C 1 2
YER028C 1 34
YER029C 1 1
YER030W 1 12
YER031C 3 62
YER032W 3 729
YER033C 9 427
YER034W 5 450
YER035W 7 1273
YER036C 0 0
YER037W 10 330
YER038C 5 271
YER038W-A 1 22
YER039C 4 73
YER039C-A 5 141
YER040W 1 6
YER041W 0 0
YER042W 5 49
YER043C 5 13
YER044C 4 24
YER044C-A 0 0
YER045C 6 340
YER046W 7 84
YER046W-A 2 18
YER047C 0 0
YER048C 2 33
YER048W-A 0 0
YER049W 3 32
YER050C 5 140
YER051W 3 19
YER052C 1 15
YER053C 2 34
YER053C-A 4 28
YER054C 1 217
YER055C 1 20
YER056C 2 36
YER056C-A 1 1
YER057C 1 12
YER058W 4 130
YER059W 0 0
YER060W 0 0
YER060W-A 2 7
YER061C 2 5
YER062C 0 0
YER063W 0 0
YER064C 2 55
YER065C 3 33
YER066W 1 19
YER066C-A 3 27
YER067W 3 71
YER067C-A 4 191
YER068W 0 0
YER068C-A 3 33
YER069W 6 2634
YER070W 3 19
YER071C 1 8
YER072W 6 324
YER073W 3 126
YER074W 1 2
YER074W-A 8 66
YER075C 5 27
YER076C 1 24
YER076W-A 0 0
YER077C 4 36
YER078C 1 2
YER078W-A 3 141
YER079W 0 0
YER079C-A 1 75
YER080W 4 438
YER081W 1 66
YER082C 2 685
YER083C 6 276
YER084W 2 4
YER084W-A 1 1
YER085C 3 38
YER086W 0 0
YER087W 0 0
YER087C-A 3 12
YER087C-B 4 134
YER088C 10 446
YER088C-A 4 27
YER088W-B 16 2052
YER089C 3 102
YER090W 0 0
YER090C-A 0 0
YER091C 0 0
YER091C-A 1 68
YER092W 6 378
YER093C 2 12
YER093C-A 4 87
YER094C 1 2
YER095W 4 26
YER096W 2 3
YER097W 7 968
YER098W 0 0
YER099C 2 7
YER100W 0 0
YER101C 2 228
YER102W 0 0
YER103W 1 2
YER104W 2 12
YER105C 0 0
YER106W 1 59
YER107C 6 60
YER107W-A 1 23
YER109C 4 155
YER110C 4 36
YER111C 0 0
YER112W 1 9
YER113C 1 34
YER114C 1 1
YER115C 1 578
YER116C 0 0
YER117W 0 0
YER118C 2 49
YER119C 9 839
YER119C-A 1 112
YER120W 3 22
YER121W 4 195
YER122C 1 10
YER123W 2 165
YER124C 0 0
YER125W 1 23
YER126C 2 83
YER127W 6 24
YER128W 5 95
YER129W 0 0
YER130C 4 82
YER131W 0 0
YER132C 2 64
YER133W 2 6
YER133W-A 0 0
YER134C 5 71
YER135C 1 14
YER136W 1 50
YER137C 6 103
YER137W-A 3 58
YER138W-A 0 0
YER139C 1 28
YER140W 6 348
YER141W 5 47
YER142C 2 70
YER143W 4 94
YER144C 12 526
YER145C 10 726
YER145C-A 7 1626
YER146W 5 106
YER147C 2 12
YER147C-A 0 0
YER148W 0 0
YER148W-A 0 0
YER149C 6 145
YER150W 3 77
YER151C 1 1
YER152C 3 112
YER152W-A 5 307
YER153C 9 455
YER154W 7 529
YER155C 2 3
YER156C 13 2944
YER157W 3 7
YER158C 3 116
YER158W-A 8 1799
YER159C 10 204
YER161C 2 31
YER162C 6 644
YER163C 3 214
YER164W 0 0
YER165W 0 0
YER165C-A 0 0
YER166W 0 0
YER167W 2 38
YER168C 3 28
YER169W 1 57
YER170W 9 268
YER171W 0 0
YER172C 0 0
YER172C-A 4 259
YER173W 2 12
YER174C 4 91
YER175C 7 130
YER175W-A 0 0
YER176W 5 312
YER177W 2 52
YER178W 6 216
YER179W 1 24
YER180C 2 19
YER180C-A 6 114
YER181C 0 0
YER182W 5 112
YER183C 2 3
YER184C 1 17
YER185W 1 511
YER186C 3 156
YER187W 4 84
YER188W 0 0
YER188C-A 5 1749
YER189W 0 0
YER190W 0 0
YER190C-A 0 0
YER190C-B 0 0
YFL068W 0 0
YFL067W 0 0
YFL066C 0 0
YFL065C 0 0
YFL064C 0 0
YFL063W 3 346
YFL062W 0 0
YFL061W 0 0
YFL060C 0 0
YFL059W 3 181
YFL058W 1 2
YFL057C 1 15
YFL056C 0 0
YFL055W 3 238
YFL054C 1 1
YFL053W 2 6
YFL052W 5 31
YFL051C 2 155
YFL050C 1 52
YFL049W 2 2
YFL048C 6 717
YFL047W 8 1208
YFL046W 3 124
YFL045C 1 4
YFL044C 0 0
YFL042C 7 171
YFL041W-A 0 0
YFL041W 5 1410
YFL040W 1 3
YFL039C 2 70
YFL038C 5 113
YFL037W 2 10
YFL036W 2 83
YFL034C-B 3 81
YFL034C-A 1 12
YFL034W 0 0
YFL033C 2 30
YFL032W 0 0
YFL031W 2 331
YFL031C-A 1 4
YFL030W 0 0
YFL029C 0 0
YFL028C 7 1030
YFL027C 1 1
YFL026W 0 0
YFL025C 0 0
YFL024C 6 118
YFL023W 2 33
YFL022C 7 39
YFL021C-A 2 11
YFL021W 5 58
YFL020C 0 0
YFL019C 0 0
YFL018C 8 91
YFL017W-A 6 78
YFL017C 10 807
YFL016C 3 6
YFL015W-A 11 375
YFL015C 6 147
YFL014W 1 10
YFL013W-A 3 27
YFL013C 4 26
YFL012W-A 0 0
YFL012W 0 0
YFL011W 0 0
YFL010W-A 0 0
YFL010C 1 21
YFL009W 0 0
YFL008W 3 8
YFL007W 1 27
YFL005W 4 81
YFL004W 0 0
YFL003C 3 71
YFL002C 8 737
YFL001W 6 230
YFR001W 2 76
YFR002W 2 9
YFR003C 4 230
YFR004W 3 109
YFR005C 1 41
YFR006W 8 3039
YFR007W 1 2
YFR008W 0 0
YFR009W 0 0
YFR009W-A 2 31
YFR010W 1 4
YFR010W-A 4 78
YFR011C 4 60
YFR012W 0 0
YFR012W-A 3 21
YFR013W 4 64
YFR014C 0 0
YFR015C 5 274
YFR016C 2 23
YFR017C 6 286
YFR018C 1 14
YFR019W 3 48
YFR020W 0 0
YFR021W 1 17
YFR022W 3 33
YFR023W 1 84
YFR024C-A 7 684
YFR025C 1 1
YFR026C 4 108
YFR027W 9 648
YFR028C 2 12
YFR029W 4 103
YFR030W 4 164
YFR031C 3 194
YFR031C-A 1 5
YFR032C 3 560
YFR032C-A 1 3
YFR032C-B 4 38
YFR033C 9 1304
YFR034C 7 98
YFR034W-A 3 23
YFR035C 9 170
YFR036W 4 21
YFR036W-A 7 956
YFR037C 4 16
YFR038W 3 20
YFR039C 1 5
YFR040W 1 1
YFR041C 1 6
YFR042W 2 60
YFR043C 1 86
YFR044C 7 283
YFR045W 1 3
YFR046C 4 30
YFR047C 6 103
YFR048W 4 244
YFR049W 0 0
YFR050C 3 309
YFR051C 5 13897
YFR052W 2 213
YFR052C-A 3 54
YFR053C 0 0
YFR054C 1 11
YFR056C 1 2
YFR055W 1 45
YFR057W 0 0
YGL263W 3 48
YGL262W 1 32
YGL261C 0 0
YGL260W 0 0
YGL259W 3 16
YGL258W-A 0 0
YGL258W 0 0
YGL257C 0 0
YGL256W 0 0
YGL255W 0 0
YGL254W 7 1625
YGL253W 6 241
YGL252C 4 16
YGL251C 2 3
YGL250W 5 89
YGL249W 2 58
YGL248W 1 1
YGL247W 0 0
YGL246C 5 123
YGL245W 4 63
YGL244W 1 3
YGL243W 0 0
YGL242C 1 3
YGL241W 6 3243
YGL240W 2 93
YGL239C 1 81
YGL238W 4 53
YGL237C 2 431
YGL236C 1 126
YGL235W 2 83
YGL234W 1 2
YGL233W 1 4
YGL232W 2 44
YGL231C 2 50
YGL230C 1 30
YGL229C 0 0
YGL228W 4 124
YGL227W 0 0
YGL226C-A 5 236
YGL226W 3 225
YGL225W 5 41
YGL224C 2 8
YGL223C 4 20
YGL222C 5 146
YGL221C 4 304
YGL220W 4 304
YGL219C 2 9
YGL218W 1 11
YGL217C 4 98
YGL216W 0 0
YGL215W 0 0
YGL214W 1 7
YGL213C 0 0
YGL212W 1 2
YGL211W 9 2831
YGL210W 1 7
YGL209W 2 47
YGL208W 8 734
YGL207W 2 6
YGL206C 4 84
YGL205W 1 1
YGL204C 4 69
YGL203C 2 7
YGL202W 5 443
YGL201C 0 0
YGL200C 3 57
YGL199C 0 0
YGL198W 3 58
YGL197W 5 39
YGL196W 1 19
YGL195W 0 0
YGL194C-A 3 191
YGL194C 1 1
YGL193C 3 94
YGL192W 2 16
YGL191W 6 69
YGL190C 3 17
YGL189C 4 63
YGL188C-A 4 63
YGL188C 3 70
YGL187C 3 16
YGL186C 5 147
YGL185C 3 44
YGL184C 3 55
YGL183C 3 63
YGL182C 5 271
YGL181W 1 17
YGL180W 3 73
YGL179C 1 21
YGL178W 0 0
YGL177W 8 150
YGL176C 1 32
YGL175C 2 18
YGL174W 4 18
YGL173C 2 48
YGL172W 2 17
YGL171W 4 449
YGL170C 2 15
YGL169W 0 0
YGL168W 2 36
YGL167C 0 0
YGL166W 9 1813
YGL165C 1 2
YGL164C 2 2
YGL163C 0 0
YGL162W 3 187
YGL161C 5 52
YGL160W 3 20
YGL159W 4 45
YGL158W 1 17
YGL157W 2 10
YGL156W 1 5
YGL155W 4 81
YGL154C 4 120
YGL153W 2 102
YGL152C 8 264
YGL151W 4 73
YGL150C 4 68
YGL149W 0 0
YGL148W 1 3
YGL147C 9 135
YGL146C 2 37
YGL145W 0 0
YGL144C 4 29
YGL143C 2 1640
YGL142C 1 23
YGL141W 0 0
YGL140C 0 0
YGL139W 2 28
YGL138C 1 1
YGL137W 4 59
YGL136C 12 241
YGL135W 1 11
YGL134W 4 94
YGL133W 0 0
YGL132W 0 0
YGL131C 0 0
YGL130W 0 0
YGL129C 6 352
YGL128C 1 10
YGL127C 3 36
YGL126W 2 55
YGL125W 2 6
YGL124C 8 11120
YGL123W 2 4
YGL123C-A 1 3
YGL122C 1 17
YGL121C 6 221
YGL120C 3 50
YGL119W 1 13
YGL118C 1 3
YGL117W 3 5
YGL116W 1 24
YGL115W 0 0
YGL114W 2 13
YGL113W 1 13
YGL112C 1 17
YGL111W 5 22
YGL110C 3 193
YGL109W 3 193
YGL108C 7 452
YGL107C 6 156
YGL106W 2 144
YGL105W 1 1
YGL104C 4 61
YGL103W 0 0
YGL102C 5 409
YGL101W 7 207
YGL100W 8 654
YGL099W 4 76
YGL098W 2 157
YGL097W 3 215
YGL096W 2 2
YGL095C 1 14
YGL094C 2 3
YGL093W 9 1226
YGL092W 0 0
YGL091C 1 32
YGL090W 3 29
YGL089C 3 100
YGL088W 10 1255
YGL087C 5 99
YGL086W 6 47
YGL085W 1 1
YGL084C 2 105
YGL083W 3 69
YGL082W 1 264
YGL081W 1 19
YGL080W 0 0
YGL079W 2 144
YGL078C 2 15
YGL077C 0 0
YGL076C 1 78
YGL075C 3 14
YGL074C 3 41
YGL073W 1 243
YGL072C 7 762
YGL071W 1 1
YGL070C 3 230
YGL069C 0 0
YGL068W 3 16
YGL067W 0 0
YGL066W 6 454
YGL065C 7 73
YGL064C 1 5
YGL063W 6 93
YGL063C-A 9 55
YGL062W 3 1038
YGL061C 0 0
YGL060W 0 0
YGL059W 7 675
YGL058W 4 149
YGL057C 7 229
YGL056C 3 30
YGL055W 6 14
YGL054C 6 127
YGL053W 2 4
YGL052W 2 5
YGL051W 2 238
YGL050W 7 2623
YGL049C 2 9
YGL048C 5 25
YGL047W 0 0
YGL045W 3 13
YGL044C 0 0
YGL043W 9 575
YGL042C 0 0
YGL041C-B 1 2
YGL041W-A 4 34
YGL041C 2 64
YGL040C 4 189
YGL039W 1 12
YGL038C 1 1
YGL037C 0 0
YGL036W 7 260
YGL035C 0 0
YGL034C 2 51
YGL033W 0 0
YGL032C 0 0
YGL031C 5 33
YGL030W 1 4
YGL029W 0 0
YGL028C 1 1
YGL027C 3 175
YGL026C 4 1444
YGL025C 3 102
YGL024W 2 28
YGL023C 4 87
YGL022W 3 25
YGL021W 2 25
YGL020C 3 393
YGL019W 2 36
YGL018C 0 0
YGL017W 1 176
YGL016W 0 0
YGL015C 0 0
YGL014W 0 0
YGL014C-A 2 27
YGL013C 1 1
YGL012W 6 117
YGL011C 5 34
YGL010W 3 6
YGL009C 0 0
YGL008C 0 0
YGL007C-A 8 1451
YGL007W 6 159
YGL006W-A 8 161
YGL006W 3 101
YGL005C 5 1023
YGL004C 5 239
YGL003C 1 11
YGL002W 6 3433
YGL001C 7 268
YGR001C 2 38
YGR002C 9 362
YGR003W 6 855
YGR004W 2 37
YGR005C 1 38
YGR006W 6 105
YGR007W 10 242
YGR008C 3 64
YGR009C 2 11
YGR010W 1 6
YGR011W 2 19
YGR012W 4 947
YGR013W 3 77
YGR014W 0 0
YGR015C 5 95
YGR016W 4 261
YGR017W 1 1
YGR018C 9 140
YGR019W 0 0
YGR020C 1 9
YGR021W 10 2545
YGR022C 0 0
YGR023W 1 130
YGR024C 7 536
YGR025W 1 6
YGR026W 3 86
YGR027C 2 81
YGR028W 7 743
YGR029W 2 18
YGR030C 2 123
YGR031W 5 7334
YGR031C-A 10 4173
YGR032W 1 13
YGR033C 0 0
YGR034W 1 2
YGR035C 3 11
YGR035W-A 4 475
YGR036C 3 60
YGR037C 4 538
YGR038W 1 31
YGR039W 3 55
YGR040W 0 0
YGR041W 3 96
YGR042W 7 119
YGR043C 1 1
YGR044C 4 35
YGR045C 10 185
YGR046W 1 6
YGR047C 3 29
YGR048W 1 2
YGR049W 1 1
YGR050C 5 336
YGR051C 4 43
YGR052W 1 26
YGR053C 2 20
YGR054W 0 0
YGR055W 2 10
YGR056W 6 29
YGR057C 3 24
YGR058W 9 47
YGR059W 1 1
YGR060W 4 18
YGR061C 0 0
YGR062C 3 22
YGR063C 7 236
YGR064W 2 3
YGR065C 0 0
YGR066C 2 187
YGR067C 4 99
YGR068C 4 31
YGR068W-A 5 170
YGR069W 3 23
YGR070W 2 16
YGR071C 1 12
YGR072W 3 47
YGR073C 0 0
YGR074W 2 14
YGR075C 1 9
YGR076C 1 66
YGR077C 5 129
YGR078C 2 63
YGR079W 10 6538
YGR080W 1 6
YGR081C 2 186
YGR082W 5 106
YGR083C 0 0
YGR084C 4 663
YGR085C 1 2
YGR086C 1 3
YGR087C 3 18
YGR088W 2 8
YGR089W 0 0
YGR090W 1 3
YGR091W 2 9
YGR092W 1 36
YGR093W 1 6
YGR094W 14 318
YGR095C 2 10
YGR096W 5 399
YGR097W 2 9
YGR098C 0 0
YGR099W 0 0
YGR100W 0 0
YGR101W 5 84
YGR102C 6 433
YGR103W 4 63
YGR104C 2 31
YGR105W 9 129
YGR106C 1 2
YGR107W 3 79
YGR108W 3 86
YGR109C 0 0
YGR110W 0 0
YGR111W 5 138
YGR112W 1 1
YGR113W 0 0
YGR114C 0 0
YGR115C 1 11
YGR116W 0 0
YGR117C 4 19
YGR118W 3 75
YGR119C 3 19
YGR120C 0 0
YGR121C 0 0
YGR121W-A 5 40
YGR122W 4 45
YGR122C-A 0 0
YGR123C 1 46
YGR124W 3 48
YGR125W 3 87
YGR126W 0 0
YGR127W 5 288
YGR128C 0 0
YGR129W 1 4
YGR130C 5 116
YGR131W 0 0
YGR132C 1 15
YGR133W 11 1069
YGR134W 3 44
YGR135W 1 3
YGR136W 6 155
YGR137W 1 2
YGR138C 0 0
YGR139W 0 0
YGR140W 6 57
YGR141W 7 299
YGR142W 2 10
YGR143W 1 6
YGR144W 0 0
YGR145W 3 27
YGR146C 1 11
YGR146C-A 10 1064
YGR147C 0 0
YGR148C 3 56
YGR149W 4 325
YGR150C 3 258
YGR151C 0 0
YGR152C 4 38
YGR153W 3 33
YGR154C 2 9
YGR155W 1 53
YGR156W 0 0
YGR157W 4 64
YGR158C 3 18
YGR159C 0 0
YGR160W 1 12
YGR161C 5 199
YGR161W-C 14 5847
YGR162W 1 1
YGR163W 1 14
YGR164W 2 23
YGR165W 1 2
YGR166W 1 2
YGR167W 0 0
YGR168C 2 21
YGR169C 1 15
YGR169C-A 2 25
YGR170W 1 31
YGR171C 0 0
YGR172C 1 5
YGR173W 1 6
YGR174C 5 202
YGR174W-A 3 4
YGR175C 2 5
YGR176W 6 962
YGR177C 4 281
YGR178C 0 0
YGR179C 5 74
YGR180C 5 46
YGR181W 3 107
YGR182C 1 1
YGR183C 1 130
YGR184C 1 2
YGR185C 3 53
YGR186W 4 1244
YGR187C 0 0
YGR188C 3 744
YGR189C 2 26
YGR190C 0 0
YGR191W 4 1086
YGR192C 3 24
YGR193C 0 0
YGR194C 8 31
YGR195W 2 17
YGR196C 4 114
YGR197C 1 9
YGR198W 9 154
YGR199W 1 1
YGR200C 2 7
YGR201C 6 82
YGR202C 2 49
YGR203W 12 1951
YGR204W 4 143
YGR204C-A 0 0
YGR205W 0 0
YGR206W 6 114
YGR207C 2 155
YGR208W 3 24
YGR209C 4 51
YGR210C 0 0
YGR211W 2 24
YGR212W 8 1339
YGR213C 1 36
YGR214W 0 0
YGR215W 1 15
YGR216C 0 0
YGR217W 2 159
YGR218W 0 0
YGR219W 1 13
YGR220C 3 221
YGR221C 3 46
YGR222W 5 26
YGR223C 7 263
YGR224W 5 713
YGR225W 0 0
YGR226C 2 6
YGR227W 1 2
YGR228W 1 55
YGR229C 4 105
YGR230W 4 232
YGR231C 2 3
YGR232W 5 123
YGR233C 1 1
YGR234W 1 8
YGR235C 0 0
YGR236C 2 56
YGR237C 2 5
YGR238C 3 35
YGR239C 5 54
YGR240C 0 0
YGR240C-A 2 2
YGR241C 0 0
YGR242W 1 1
YGR243W 0 0
YGR244C 2 13
YGR245C 1 1
YGR246C 5 54
YGR247W 2 26
YGR248W 3 11
YGR249W 5 39
YGR250C 1 4
YGR251W 2 37
YGR252W 1 5
YGR253C 1 6
YGR254W 5 39
YGR255C 0 0
YGR256W 5 29
YGR257C 2 3
YGR258C 2 5
YGR259C 3 2115
YGR260W 6 283
YGR261C 2 8
YGR262C 1 1
YGR263C 5 34
YGR264C 6 52
YGR265W 0 0
YGR266W 6 79
YGR267C 6 110
YGR268C 4 77
YGR269W 2 5
YGR270W 4 173
YGR270C-A 1 10
YGR271W 5 79
YGR271C-A 0 0
YGR273C 0 0
YGR274C 3 25
YGR275W 3 7
YGR276C 3 157
YGR277C 5 50
YGR278W 4 49
YGR279C 2 225
YGR280C 9 865
YGR281W 4 23
YGR282C 0 0
YGR283C 6 1492
YGR284C 5 79
YGR285C 1 1
YGR286C 4 89
YGR287C 2 14
YGR288W 5 118
YGR289C 0 0
YGR290W 2 3
YGR291C 0 0
YGR292W 0 0
YGR293C 0 0
YGR294W 0 0
YGR295C 7 87
YGR296W 0 0
YGR296C-A 0 0
YGR296C-B 0 0
YHL050C 0 0
YHL050W-A 0 0
YHL049C 0 0
YHL048C-A 2 168
YHL048W 0 0
YHL047C 2 8
YHL046W-A 2 60
YHL046C 0 0
YHL045W 1 2
YHL044W 4 32
YHL043W 2 4
YHL042W 2 12
YHL041W 2 29
YHL040C 7 8744
YHL039W 2 109
YHL038C 3 24
YHL037C 2 47
YHL036W 4 193
YHL035C 5 102
YHL034W-A 6 741
YHL034C 0 0
YHL033C 8 229
YHL032C 5 35
YHL031C 2 37
YHL030W-A 5 85
YHL030W 7 146
YHL029C 6 265
YHL028W 3 310
YHL027W 2 5
YHL026C 10 853
YHL025W 5 77
YHL024W 2 4
YHL023C 4 393
YHL022C 2 35
YHL021C 2 22
YHL020C 2 74
YHL019W-A 5 392
YHL019C 4 21
YHL018W 6 580
YHL017W 3 320
YHL016C 2 139
YHL015W-A 5 54
YHL015W 0 0
YHL014C 2 3
YHL013C 4 584
YHL012W 3 134
YHL011C 4 152
YHL010C 0 0
YHL009C 1 6
YHL008C 0 0
YHL007C 4 60
YHL006W-A 7 441
YHL006C 4 12
YHL005C 4 16
YHL004W 3 190
YHL003C 5 152
YHL002C-A 2 26
YHL002W 6 68
YHL001W 4 118
YHR001W 2 9
YHR001W-A 4 590
YHR002W 4 782
YHR003C 0 0
YHR004C 4 736
YHR005C 0 0
YHR005C-A 0 0
YHR006W 3 33
YHR007C 0 0
YHR007C-A 5 193
YHR008C 4 55
YHR009C 1 137
YHR010W 1 62
YHR011W 1 1
YHR012W 1 85
YHR013C 6 606
YHR014W 0 0
YHR015W 4 8
YHR016C 3 10
YHR017W 4 332
YHR018C 2 30
YHR019C 2 16
YHR020W 3 126
YHR021C 2 5
YHR021W-A 9 962
YHR022C 1 255
YHR022C-A 9 1726
YHR023W 1 54
YHR024C 1 5
YHR025W 2 6
YHR026W 0 0
YHR027C 0 0
YHR028C 7 25537
YHR028W-A 2 103
YHR029C 0 0
YHR030C 3 249
YHR031C 4 154
YHR032W 0 0
YHR032W-A 9 283
YHR032C-A 13 3337
YHR033W 10 2844
YHR034C 2 15
YHR035W 4 188
YHR036W 1 21
YHR037W 3 110
YHR038W 5 55
YHR039C 0 0
YHR039C-A 2 27
YHR040W 4 95
YHR041C 10 464
YHR042W 6 199
YHR043C 3 7
YHR044C 1 28
YHR045W 0 0
YHR046C 3 6
YHR047C 2 22
YHR048W 4 281
YHR049W 2 3
YHR049C-A 4 10
YHR050W 3 4
YHR050W-A 5 1244
YHR051W 4 65
YHR052W 0 0
YHR052W-A 0 0
YHR053C 0 0
YHR054C 2 18
YHR054W-A 0 0
YHR055C 0 0
YHR056C 1 4
YHR056W-A 1 1
YHR057C 6 18003
YHR058C 4 261
YHR059W 0 0
YHR060W 6 107
YHR061C 3 618
YHR062C 2 28
YHR063C 4 175
YHR063W-A 4 120
YHR064C 2 5
YHR065C 4 92
YHR066W 2 52
YHR067W 1 3
YHR068W 0 0
YHR069C 3 24
YHR069C-A 0 0
YHR070W 3 9
YHR070C-A 6 407
YHR071W 2 17
YHR071C-A 2 23
YHR072W 0 0
YHR072W-A 1 2
YHR073W 1 83
YHR073W-A 1 2
YHR073C-B 2 2
YHR074W 4 287
YHR075C 2 8
YHR076W 5 134
YHR077C 5 143
YHR078W 4 145
YHR079C 2 34
YHR079C-A 1 2
YHR080C 3 420
YHR081W 5 39
YHR082C 0 0
YHR083W 13 3995
YHR084W 2 25
YHR085W 4 57
YHR086W 5 511
YHR086W-A 6 54
YHR087W 0 0
YHR088W 3 78
YHR089C 5 106
YHR090C 3 52
YHR091C 2 2
YHR092C 3 54
YHR093W 3 33
YHR094C 0 0
YHR095W 0 0
YHR096C 0 0
YHR097C 1 15
YHR098C 2 6
YHR099W 4 126
YHR100C 6 81
YHR101C 2 10
YHR102W 1 24
YHR103W 0 0
YHR104W 0 0
YHR105W 0 0
YHR106W 1 4
YHR107C 2 11
YHR108W 2 6
YHR109W 3 52
YHR110W 3 262
YHR111W 2 19
YHR112C 1 14
YHR113W 5 64
YHR114W 2 118
YHR115C 1 1
YHR116W 8 1303
YHR117W 6 251
YHR118C 2 6
YHR119W 3 28
YHR120W 7 131
YHR121W 4 43
YHR122W 5 92
YHR123W 5 153
YHR124W 1 21
YHR125W 2 13
YHR126C 0 0
YHR127W 6 578
YHR128W 2 5
YHR129C 0 0
YHR130C 0 0
YHR131C 2 74
YHR131W-A 0 0
YHR132C 5 868
YHR132W-A 8 1324
YHR133C 3 839
YHR134W 3 25
YHR135C 2 25
YHR136C 11 92
YHR137W 2 23
YHR137C-A 0 0
YHR138C 3 34
YHR139C 4 23
YHR139C-A 8 728
YHR140W 2 29
YHR141C 1 72
YHR142W 2 56
YHR143W 0 0
YHR143W-A 2 177
YHR144C 7 3736
YHR145C 0 0
YHR146W 2 2
YHR147C 5 32
YHR148W 2 27
YHR149C 0 0
YHR150W 2 40
YHR151C 6 406
YHR152W 4 36
YHR153C 5 57
YHR154W 2 89
YHR155W 2 2
YHR156C 3 288
YHR157W 1 3
YHR158C 0 0
YHR159W 2 19
YHR160C 4 18
YHR161C 1 5
YHR162W 2 4
YHR163W 2 104
YHR164C 0 0
YHR165C 0 0
YHR165W-A 1 1
YHR166C 2 40
YHR167W 3 42
YHR168W 5 1626
YHR169W 3 9
YHR170W 0 0
YHR171W 5 371
YHR172W 1 108
YHR173C 5 46
YHR174W 4 84
YHR175W 5 69
YHR175W-A 0 0
YHR176W 0 0
YHR177W 1 2
YHR178W 6 153
YHR179W 1 1
YHR180W 0 0
YHR180W-A 1 3
YHR180C-B 4 131
YHR181W 4 131
YHR182W 0 0
YHR182C-A 2 4
YHR183W 2 5
YHR184W 1 381
YHR185C 2 62
YHR186C 1 36
YHR187W 0 0
YHR188C 1 8
YHR189W 2 57
YHR190W 3 15
YHR191C 0 0
YHR192W 0 0
YHR193C 1 12
YHR193C-A 3 36
YHR194W 1 1
YHR195W 2 28
YHR196W 4 980
YHR197W 1 28
YHR198C 8 186
YHR199C 5 239
YHR199C-A 5 72
YHR200W 7 72
YHR201C 1 6
YHR202W 2 8
YHR203C 2 7
YHR204W 2 5
YHR205W 0 0
YHR206W 1 1
YHR207C 8 565
YHR208W 6 58
YHR209W 0 0
YHR210C 1 74
YHR211W 1 5
YHR212C 0 0
YHR212W-A 0 0
YHR213W 0 0
YHR213W-A 0 0
YHR213W-B 0 0
YHR214W 0 0
YHR214W-A 0 0
YHR214C-D 0 0
YHR214C-E 0 0
YHR215W 0 0
YHR216W 0 0
YHR217C 0 0
YHR218W 0 0
YHR218W-A 0 0
YHR219W 0 0
YHR219C-A 0 0
YIL177C 0 0
YIL177W-A 0 0
YIL176C 0 0
YIL173W 0 0
YIL172C 0 0
YIL171W-A 0 0
YIL169C 3 59
YIL166C 0 0
YIL165C 1 9
YIL164C 3 10
YIL163C 1 4
YIL162W 3 22
YIL161W 0 0
YIL160C 3 30
YIL159W 5 307
YIL158W 3 175
YIL157C 9 326
YIL156W-A 3 28
YIL156W-B 9 160
YIL156W 2 19
YIL155C 5 231
YIL154C 6 413
YIL153W 4 69
YIL152W 6 126
YIL151C 4 46
YIL150C 3 49
YIL149C 1 1
YIL148W 4 6
YIL147C 0 0
YIL146C 2 18
YIL145C 6 247
YIL144W 0 0
YIL143C 2 6
YIL142C-A 5 110
YIL142W 3 7
YIL141W 1 1
YIL140W 1 6
YIL139C 2 6
YIL138C 4 659
YIL137C 9 158
YIL136W 3 60
YIL135C 1 4
YIL134C-A 8 364
YIL134W 6 47
YIL133C 5 80
YIL132C 4 59
YIL131C 4 55
YIL130W 5 69
YIL129C 0 0
YIL128W 1 84
YIL127C 0 0
YIL126W 1 1
YIL125W 0 0
YIL124W 3 145
YIL123W 4 152
YIL122W 1 6
YIL121W 0 0
YIL120W 1 4
YIL119C 0 0
YIL118W 2 49
YIL117C 0 0
YIL116W 0 0
YIL115W-A 3 14
YIL115C 2 2
YIL114C 0 0
YIL113W 4 56
YIL112W 2 108
YIL111W 2 5
YIL110W 1 2
YIL109C 2 7
YIL108W 4 202
YIL107C 0 0
YIL106W 1 9
YIL105C 2 106
YIL105W-A 2 11
YIL104C 5 43
YIL103W 5 341
YIL102C-A 5 492
YIL102C 1 4
YIL101C 3 98
YIL100C-A 8 207
YIL100W 6 109
YIL099W 5 406
YIL098C 2 68
YIL097W 5 53
YIL096C 2 14
YIL095W 1 13
YIL094C 1 2
YIL093C 2 76
YIL092W 3 244
YIL091C 4 86
YIL090W 1 1
YIL089W 1 9
YIL088C 1 1
YIL087C 3 8
YIL086C 5 86
YIL085C 3 844
YIL084C 1 16
YIL083C 2 42
YIL082W 0 0
YIL079C 3 20
YIL078W 0 0
YIL077C 8 270
YIL076W 11 338
YIL075C 1 3
YIL074C 0 0
YIL073C 1 49
YIL072W 1 33
YIL071W-A 0 0
YIL071C 5 460
YIL070C 2 48
YIL069C 6 145
YIL068W-A 4 200
YIL068C 8 259
YIL067C 1 5
YIL066W-A 0 0
YIL066C 0 0
YIL065C 9 111
YIL064W 13 224
YIL063C 6 944
YIL062C 3 39
YIL061C 3 5
YIL060W 0 0
YIL059C 6 112
YIL058W 1 3
YIL057C 4 9
YIL056W 5 157
YIL055C 0 0
YIL054W 9 1139
YIL053W 2 2
YIL052C 0 0
YIL051C 7 1064
YIL050W 1 15
YIL049W 5 45
YIL048W 0 0
YIL047C-A 3 131
YIL047C 2 19
YIL046W-A 10 268
YIL046W 6 247
YIL045W 1 1
YIL044C 4 20
YIL043C 5 34
YIL042C 3 487
YIL041W 6 43
YIL040W 1 1
YIL039W 0 0
YIL038C 1 33
YIL037C 0 0
YIL036W 1 2
YIL035C 4 102
YIL034C 2 376
YIL033C 2 20
YIL032C 2 9
YIL031W 2 43
YIL030W-A 0 0
YIL030C 1 1
YIL029W-A 1 3
YIL029C 1 2
YIL028W 0 0
YIL027C 2 16
YIL026C 1 9
YIL025C 2 23
YIL024C 5 308
YIL023C 1 17
YIL022W 0 0
YIL021W 2 32
YIL021C-A 3 27
YIL020C-A 2 3
YIL020C 4 139
YIL019W 3 12
YIL018W 0 0
YIL017C 3 82
YIL016W 3 178
YIL015W 3 513
YIL014C-A 0 0
YIL014W 4 47
YIL013C 1 2
YIL012W 3 68
YIL011W 1 2
YIL010W 2 12
YIL009C-A 8 442
YIL009W 3 12
YIL008W 2 68
YIL007C 4 248
YIL006W 5 194
YIL005W 1 22
YIL004C 10 658
YIL003W 1 6
YIL002W-A 3 154
YIL002C 0 0
YIL001W 1 181
YIR001C 1 10
YIR002C 0 0
YIR003W 4 178
YIR004W 4 25
YIR005W 9 495
YIR006C 3 39
YIR007W 3 56
YIR008C 0 0
YIR009W 4 62
YIR010W 1 2
YIR011C 4 390
YIR012W 5 70
YIR013C 1 5
YIR014W 7 750
YIR015W 9 207
YIR016W 8 1864
YIR017C 9 892
YIR017W-A 2 47
YIR018W 10 5873
YIR018C-A 2 15
YIR019C 3 147
YIR020C 2 32
YIR020W-A 2 15
YIR020C-B 3 16
YIR021W 1 5
YIR021W-A 0 0
YIR022W 6 32
YIR023W 4 621
YIR023C-A 1 2
YIR024C 7 216
YIR025W 5 199
YIR026C 2 12
YIR027C 1 3
YIR028W 1 2
YIR029W 3 87
YIR030C 3 42
YIR030W-A 3 42
YIR031C 5 103
YIR032C 4 149
YIR033W 4 310
YIR034C 0 0
YIR035C 1 1
YIR036C 5 65
YIR036W-A 0 0
YIR037W 4 114
YIR038C 3 271
YIR039C 0 0
YIR040C 0 0
YIR041W 0 0
YIR042C 1 9
YJL225C 0 0
YJL225W-A 0 0
YJL223C 0 0
YJL222W-B 0 0
YJL222W-A 0 0
YJL222W 0 0
YJL221C 0 0
YJL220W 0 0
YJL219W 0 0
YJL218W 2 22
YJL217W 3 26
YJL216C 1 10
YJL215C 0 0
YJL214W 0 0
YJL213W 6 87
YJL212C 4 117
YJL211C 3 6
YJL210W 6 132
YJL209W 2 159
YJL208C 4 80
YJL207C 2 12
YJL206C 8 344
YJL205C 8 2034
YJL204C 3 26
YJL203W 4 30
YJL202C 3 40
YJL201W 4 42
YJL200C 2 16
YJL199C 16 874
YJL198W 6 86
YJL197W 5 45
YJL197C-A 1 6
YJL196C 4 20
YJL195C 1 4
YJL194W 1 25
YJL193W 1 3
YJL192C 8 190
YJL191W 5 745
YJL190C 2 19
YJL189W 1 10
YJL188C 3 12
YJL187C 0 0
YJL186W 3 14
YJL185C 8 156
YJL184W 1 3
YJL183W 2 38
YJL182C 2 26
YJL181W 3 43
YJL180C 2 185
YJL179W 1 25
YJL178C 12 329
YJL177W 1 6
YJL176C 4 14
YJL175W 2 13
YJL174W 0 0
YJL173C 12 407
YJL172W 1 2
YJL171C 4 136
YJL170C 2 40
YJL169W 2 55
YJL168C 3 53
YJL167W 1 33
YJL166W 1 30
YJL165C 2 49
YJL164C 1 1
YJL163C 8 371
YJL162C 7 277
YJL161W 5 295
YJL160C 2 8
YJL159W 5 97
YJL158C 4 213
YJL157C 3 37
YJL156W-A 12 3263
YJL156C 7 42
YJL155C 1 10
YJL154C 1 8
YJL153C 1 22
YJL152W 1 1
YJL151C 5 159
YJL150W 5 124
YJL149W 5 143
YJL148W 1 160
YJL147C 1 9
YJL146W 0 0
YJL145W 2 64
YJL144W 4 44
YJL143W 6 76
YJL142C 0 0
YJL141C 0 0
YJL140W 2 5
YJL139C 1 36
YJL138C 4 138
YJL137C 5 48
YJL136W-A 2 185
YJL136C 0 0
YJL135W 6 447
YJL134W 4 108
YJL133C-A 5 1108
YJL133W 6 75
YJL132W 2 240
YJL131C 5 45
YJL130C 2 10
YJL129C 0 0
YJL128C 5 68
YJL127W-A 3 27
YJL127C-B 5 425
YJL127C 3 39
YJL126W 3 20
YJL125C 3 16
YJL124C 0 0
YJL123C 3 66
YJL122W 12 525
YJL121C 3 146
YJL120W 2 4
YJL119C 3 235
YJL118W 11 688
YJL117W 0 0
YJL116C 1 1
YJL115W 1 3
YJL112W 1 1
YJL111W 2 15
YJL110C 1 2
YJL109C 3 59
YJL108C 2 47
YJL107C 2 46
YJL106W 2 290
YJL105W 0 0
YJL104W 2 31
YJL103C 2 160
YJL102W 3 32
YJL101C 6 325
YJL100W 3 75
YJL099W 1 54
YJL098W 0 0
YJL097W 2 21
YJL096W 3 126
YJL095W 0 0
YJL094C 1 10
YJL093C 9 181
YJL092W 0 0
YJL091C 6 191
YJL090C 0 0
YJL089W 2 43
YJL088W 7 2514
YJL087C 0 0
YJL086C 0 0
YJL085W 0 0
YJL084C 1 39
YJL083W 0 0
YJL082W 1 46
YJL081C 2 5
YJL080C 3 11
YJL079C 4 27
YJL078C 4 88
YJL077W-B 2 4
YJL077C 6 374
YJL077W-A 6 152
YJL076W 2 53
YJL075C 0 0
YJL074C 1 761
YJL073W 0 0
YJL072C 3 147
YJL071W 2 192
YJL070C 2 24
YJL069C 2 49
YJL068C 8 176
YJL067W 14 1052
YJL066C 3 67
YJL065C 4 162
YJL064W 3 31
YJL063C 8 219
YJL062W-A 7 847
YJL062W 5 142
YJL061W 0 0
YJL060W 0 0
YJL059W 1 10
YJL058C 0 0
YJL057C 3 50
YJL056C 3 48
YJL055W 1 46
YJL054W 7 491
YJL053W 8 308
YJL052C-A 6 200
YJL052W 2 11
YJL051W 1 19
YJL050W 5 175
YJL049W 4 381
YJL048C 5 407
YJL047C-A 2 2
YJL047C 1 13
YJL046W 5 182
YJL045W 0 0
YJL044C 3 3
YJL043W 2 10
YJL042W 0 0
YJL041W 2 13
YJL039C 0 0
YJL038C 0 0
YJL037W 1 1
YJL036W 3 60
YJL035C 4 1090
YJL034W 2 28
YJL033W 6 44
YJL032W 0 0
YJL031C 2 99
YJL030W 4 94
YJL029C 4 1161
YJL028W 5 179
YJL027C 2 9
YJL026W 1 7
YJL026C-A 1 22
YJL025W 2 123
YJL024C 3 27
YJL023C 5 31
YJL022W 1 1
YJL020C 1 56
YJL020W-A 0 0
YJL019W 0 0
YJL016W 0 0
YJL015C 3 320
YJL014W 3 320
YJL013C 10 5795
YJL012C 2 54
YJL011C 1 24
YJL010C 1 2
YJL009W 0 0
YJL008C 4 26
YJL007C 8 311
YJL006C 5 789
YJL005W 2 407
YJL004C 7 147
YJL003W 2 5
YJL002C 4 343
YJL001W 6 34
YJR001W 7 206
YJR002W 7 648
YJR003C 3 70
YJR004C 5 158
YJR005W 6 464
YJR005C-A 5 56
YJR006W 1 4
YJR007W 0 0
YJR008W 2 53
YJR009C 8 974
YJR010W 1 10
YJR010C-A 1 46
YJR011C 2 18
YJR012C 0 0
YJR013W 6 244
YJR014W 3 44
YJR015W 4 195
YJR016C 2 7
YJR017C 2 18
YJR018W 0 0
YJR019C 4 182
YJR020W 2 95
YJR021C 6 58
YJR022W 4 745
YJR023C 0 0
YJR024C 5 174
YJR025C 0 0
YJR030C 1 12
YJR031C 1 1
YJR032W 6 21
YJR033C 6 277
YJR034W 3 29
YJR035W 3 20
YJR036C 0 0
YJR037W 2 3
YJR038C 2 114
YJR039W 2 17
YJR040W 5 134
YJR041C 0 0
YJR042W 7 241
YJR043C 7 485
YJR044C 15 780
YJR045C 2 304
YJR046W 2 10
YJR047C 2 35
YJR048W 10 456
YJR049C 5 142
YJR050W 7 66
YJR051W 8 38
YJR052W 4 1294
YJR053W 3 24
YJR054W 0 0
YJR055W 3 414
YJR056C 0 0
YJR057W 6 404
YJR058C 4 26
YJR059W 2 10
YJR060W 0 0
YJR061W 0 0
YJR062C 4 69
YJR063W 3 36
YJR064W 5 82
YJR065C 3 42
YJR066W 4 55
YJR067C 3 41
YJR068W 6 85
YJR069C 2 121
YJR070C 5 65
YJR071W 0 0
YJR072C 2 25
YJR073C 6 99
YJR074W 13 636
YJR075W 2 30
YJR076C 6 180
YJR077C 7 222
YJR078W 3 33
YJR079W 1 11
YJR080C 3 500
YJR082C 1 3
YJR083C 5 223
YJR084W 9 325
YJR085C 10 209
YJR086W 6 77
YJR087W 2 12
YJR088C 3 93
YJR089W 2 501
YJR090C 0 0
YJR091C 5 122
YJR092W 4 41
YJR093C 2 28
YJR094C 2 22
YJR094W-A 4 52
YJR095W 0 0
YJR096W 4 99
YJR097W 1 1
YJR098C 1 13
YJR099W 2 35
YJR100C 4 411
YJR101W 2 7
YJR102C 1 15
YJR103W 5 65
YJR104C 1 2
YJR105W 7 109
YJR106W 3 21
YJR107W 0 0
YJR108W 2 51
YJR109C 6 55
YJR110W 0 0
YJR111C 3 59
YJR112W 2 19
YJR112W-A 3 9
YJR113C 12 1836
YJR114W 1 26
YJR115W 6 54
YJR116W 2 11
YJR117W 2 52
YJR118C 2 82
YJR119C 5 42
YJR120W 5 659
YJR121W 1 3
YJR122W 1 1
YJR123W 0 0
YJR124C 3 19
YJR125C 5 260
YJR126C 5 45
YJR127C 5 276
YJR128W 4 33
YJR129C 0 0
YJR130C 4 171
YJR131W 2 26
YJR132W 0 0
YJR133W 0 0
YJR134C 2 6
YJR135C 2 23
YJR135W-A 4 1027
YJR136C 2 18
YJR137C 5 452
YJR138W 1 1
YJR139C 1 54
YJR140C 3 12
YJR140W-A 3 16
YJR141W 4 233
YJR142W 2 18
YJR143C 4 95
YJR144W 5 692
YJR145C 3 63
YJR146W 4 306
YJR147W 3 43
YJR148W 3 53
YJR149W 10 978
YJR150C 6 4481
YJR151C 2 11
YJR151W-A 3 22
YJR152W 2 18
YJR153W 2 44
YJR154W 1 2
YJR155W 0 0
YJR156C 0 0
YJR157W 0 0
YJR158W 0 0
YJR159W 0 0
YJR160C 0 0
YJR161C 0 0
YJR162C 5 103
YKL225W 3 15
YKL224C 0 0
YKL223W 0 0
YKL222C 3 36
YKL221W 3 5
YKL220C 1 4
YKL219W 5 355
YKL218C 0 0
YKL217W 10 274
YKL216W 5 75
YKL215C 1 3
YKL214C 0 0
YKL213C 4 45
YKL212W 0 0
YKL211C 5 51
YKL210W 2 5
YKL209C 4 41
YKL208W 1 3
YKL207W 4 505
YKL206C 1 9
YKL205W 1 21
YKL204W 2 17
YKL203C 0 0
YKL202W 0 0
YKL201C 4 252
YKL198C 2 6
YKL197C 6 370
YKL196C 2 11
YKL195W 3 8
YKL194C 3 452
YKL193C 6 336
YKL192C 5 141
YKL191W 2 85
YKL190W 9 749
YKL189W 1 6
YKL188C 1 3
YKL187C 4 71
YKL186C 7 577
YKL185W 1 7
YKL184W 0 0
YKL183C-A 1 13
YKL183W 1 13
YKL182W 1 4
YKL181W 1 2
YKL180W 0 0
YKL179C 2 15
YKL178C 2 319
YKL177W 1 1
YKL176C 2 9
YKL175W 2 238
YKL174C 0 0
YKL173W 5 202
YKL172W 1 2
YKL171W 2 25
YKL170W 4 152
YKL169C 0 0
YKL168C 2 26
YKL167C 5 62
YKL166C 2 9
YKL165C-A 7 235
YKL165C 3 31
YKL164C 1 2
YKL163W 0 0
YKL162C-A 0 0
YKL162C 0 0
YKL161C 2 2
YKL160W 4 11
YKL159C 6 176
YKL157W 4 562
YKL156W 6 2167
YKL156C-A 1 3
YKL155C 1 1
YKL154W 4 66
YKL153W 3 318
YKL152C 4 47
YKL151C 9 206
YKL150W 10 1483
YKL149C 3 25
YKL148C 1 46
YKL147C 3 17
YKL146W 8 390
YKL145W 2 43
YKL145W-A 1 1
YKL144C 2 10
YKL143W 7 875
YKL142W 4 59
YKL141W 2 57
YKL140W 0 0
YKL139W 0 0
YKL138C-A 7 112
YKL138C 1 6
YKL137W 3 43
YKL136W 1 2
YKL135C 2 3
YKL134C 3 69
YKL133C 2 4
YKL132C 0 0
YKL131W 0 0
YKL130C 1 3
YKL129C 0 0
YKL128C 0 0
YKL127W 4 667
YKL126W 3 74
YKL125W 1 1
YKL124W 2 59
YKL123W 2 4
YKL122C 0 0
YKL121W 1 3
YKL120W 0 0
YKL119C 2 41
YKL118W 2 31
YKL117W 8 1836
YKL116C 0 0
YKL115C 1 5
YKL114C 3 3065
YKL113C 2 26
YKL112W 1 16
YKL111C 0 0
YKL110C 5 1390
YKL109W 2 7
YKL108W 4 209
YKL107W 0 0
YKL106C-A 2 4
YKL106W 0 0
YKL105C 0 0
YKL104C 1 7
YKL103C 1 1
YKL102C 4 93
YKL101W 1 41
YKL100C 11 204
YKL100W-A 1 10
YKL099C 2 25
YKL098W 5 322
YKL097C 4 103
YKL096C-B 0 0
YKL096W-A 0 0
YKL096W 2 24
YKL095W 1 24
YKL094W 9 417
YKL093W 1 4
YKL092C 0 0
YKL091C 0 0
YKL090W 6 126
YKL089W 2 183
YKL088W 5 112
YKL087C 1 25
YKL086W 8 1315
YKL085W 1 1
YKL084W 4 61
YKL083W 2 6
YKL082C 0 0
YKL081W 6 758
YKL080W 0 0
YKL079W 1 12
YKL078W 3 21
YKL077W 2 23
YKL076C 0 0
YKL075C 3 77
YKL074C 6 75
YKL073W 5 110
YKL072W 1 3
YKL071W 0 0
YKL070W 0 0
YKL069W 8 276
YKL068W-A 4 153
YKL068W 1 4
YKL067W 0 0
YKL066W 0 0
YKL065W-A 4 18
YKL065C 3 18
YKL064W 2 75
YKL063C 3 27
YKL062W 0 0
YKL061W 1 15
YKL060C 9 256
YKL059C 1 2
YKL058W 6 32
YKL057C 2 14
YKL056C 2 29
YKL055C 2 36
YKL054C 4 88
YKL053C-A 0 0
YKL053W 2 6
YKL052C 11 470
YKL051W 2 33
YKL050C 1 1
YKL049C 0 0
YKL048C 3 17
YKL047W 3 14
YKL046C 2 48
YKL045W 3 592
YKL044W 5 119
YKL043W 0 0
YKL042W 0 0
YKL041W 0 0
YKL040C 2 10
YKL039W 3 63
YKL038W 1 518
YKL037W 4 43
YKL036C 0 0
YKL035W 3 17
YKL034W 0 0
YKL033W-A 1 34
YKL033W 3 95
YKL032C 0 0
YKL031W 1 1
YKL030W 6 123
YKL029C 4 84
YKL028W 4 21
YKL027W 0 0
YKL026C 9 143
YKL025C 4 15
YKL024C 0 0
YKL023C-A 3 62
YKL023W 9 1087
YKL022C 4 204
YKL021C 1 9
YKL020C 1 2
YKL019W 1 1
YKL018C-A 4 76
YKL018W 4 147
YKL017C 3 68
YKL016C 2 42
YKL015W 2 36
YKL014C 0 0
YKL013C 0 0
YKL012W 0 0
YKL011C 1 1
YKL010C 0 0
YKL009W 3 10
YKL008C 4 88
YKL007W 10 369
YKL006C-A 2 25
YKL006W 1 25
YKL005C 2 52
YKL004W 3 32
YKL003C 1 242
YKL002W 2 13
YKL001C 2 13
YKR001C 0 0
YKR002W 0 0
YKR003W 2 25
YKR004C 3 51
YKR005C 1 20
YKR006C 5 69
YKR007W 5 362
YKR008W 5 42
YKR009C 3 224
YKR010C 1 11
YKR011C 0 0
YKR012C 4 1771
YKR013W 2 8
YKR014C 1 4
YKR015C 2 14
YKR016W 2 26
YKR017C 1 13
YKR018C 6 233
YKR019C 0 0
YKR020W 6 34
YKR021W 2 4
YKR022C 0 0
YKR023W 1 50
YKR024C 0 0
YKR025W 3 11
YKR026C 0 0
YKR027W 2 37
YKR028W 1 1
YKR029C 8 228
YKR030W 4 112
YKR031C 4 29
YKR032W 3 28
YKR033C 1 3
YKR034W 1 4
YKR035C 1 7
YKR035W-A 3 227
YKR036C 3 27
YKR037C 5 44
YKR038C 6 172
YKR039W 3 4
YKR040C 5 2521
YKR041W 10 125
YKR042W 3 45
YKR043C 2 105
YKR044W 0 0
YKR045C 2 259
YKR046C 8 24
YKR047W 5 72
YKR048C 8 209
YKR049C 3 52
YKR050W 5 3965
YKR051W 0 0
YKR052C 1 370
YKR053C 1 2
YKR054C 2 43
YKR055W 5 968
YKR056W 4 141
YKR057W 5 332
YKR058W 3 473
YKR059W 0 0
YKR060W 0 0
YKR061W 2 36
YKR062W 2 22
YKR063C 4 63
YKR064W 1 1
YKR065C 6 144
YKR066C 5 983
YKR067W 3 80
YKR068C 6 125
YKR069W 1 2
YKR070W 3 14
YKR071C 1 1
YKR072C 6 115
YKR073C 1 2
YKR074W 4 884
YKR075C 2 645
YKR075W-A 1 6
YKR076W 0 0
YKR077W 1 29
YKR078W 7 209
YKR079C 2 38
YKR080W 0 0
YKR081C 1 11
YKR082W 1 263
YKR083C 2 122
YKR084C 2 82
YKR085C 0 0
YKR086W 2 398
YKR087C 4 95
YKR088C 6 65
YKR089C 1 1
YKR090W 1 2
YKR091W 0 0
YKR092C 1 4
YKR093W 3 13
YKR094C 1 6
YKR095W 0 0
YKR095W-A 5 60
YKR096W 1 7
YKR097W 1 6
YKR098C 1 41
YKR099W 1 37
YKR100C 1 14
YKR101W 9 247
YKR102W 2 6
YKR103W 2 3
YKR104W 1 2
YKR105C 1 7
YKR106W 0 0
YLL067C 0 0
YLL067W-A 0 0
YLL066W-B 0 0
YLL066C 0 0
YLL066W-A 0 0
YLL065W 2 6
YLL064C 0 0
YLL063C 13 2659
YLL062C 0 0
YLL061W 10 567
YLL060C 10 108
YLL059C 4 12
YLL058W 1 23
YLL057C 1 8
YLL056C 0 0
YLL055W 1 10
YLL054C 0 0
YLL053C 2 18
YLL052C 0 0
YLL051C 5 236
YLL050C 4 1156
YLL049W 4 1058
YLL048C 0 0
YLL047W 1 55
YLL046C 0 0
YLL045C 6 84
YLL044W 0 0
YLL043W 1 20
YLL042C 1 9
YLL041C 10 89
YLL040C 0 0
YLL039C 2 10
YLL038C 2 37
YLL037W 0 0
YLL036C 3 40
YLL035W 1 48
YLL034C 1 5
YLL033W 11 960
YLL032C 4 23
YLL031C 3 22
YLL030C 0 0
YLL029W 1 1
YLL028W 4 71
YLL027W 1 6
YLL026W 2 15
YLL025W 0 0
YLL024C 3 27
YLL023C 3 887
YLL022C 2 16
YLL021W 1 1
YLL020C 1 2
YLL019C 0 0
YLL019W-A 1 6
YLL018C-A 5 71
YLL018C 3 74
YLL015W 1 11
YLL014W 3 3256
YLL013C 0 0
YLL012W 2 6
YLL011W 3 204
YLL010C 1 3
YLL009C 6 1019
YLL008W 1 1
YLL007C 3 27
YLL006W-A 2 6
YLL006W 5 186
YLL005C 2 61
YLL004W 4 144
YLL003W 3 256
YLL002W 0 0
YLL001W 4 66
YLR001C 7 72
YLR002C 4 26
YLR003C 3 33
YLR004C 6 402
YLR005W 8 575
YLR006C 1 2
YLR007W 5 309
YLR008C 1 114
YLR009W 2 12
YLR010C 2 21
YLR011W 1 12
YLR012C 1 24
YLR013W 0 0
YLR014C 2 3
YLR015W 2 40
YLR016C 5 16
YLR017W 1 225
YLR018C 0 0
YLR019W 1 15
YLR020C 7 104
YLR021W 6 45
YLR022C 2 68
YLR023C 3 9
YLR024C 0 0
YLR025W 3 48
YLR026C 1 4
YLR027C 9 789
YLR028C 3 90
YLR029C 2 64
YLR030W 2 47
YLR031W 0 0
YLR032W 3 10
YLR033W 1 1
YLR034C 2 2
YLR035C 5 153
YLR036C 8 1103
YLR037C 2 140
YLR038C 10 331
YLR039C 1 114
YLR040C 1 3
YLR041W 3 8
YLR042C 0 0
YLR043C 6 526
YLR044C 3 14
YLR045C 3 4
YLR046C 3 41
YLR047C 1 457
YLR048W 0 0
YLR049C 4 34
YLR050C 5 393
YLR051C 0 0
YLR052W 3 10
YLR053C 0 0
YLR054C 0 0
YLR055C 4 130
YLR056W 1 76
YLR057W 2 75
YLR058C 2 41
YLR059C 7 748
YLR060W 3 10
YLR061W 3 117
YLR062C 3 46
YLR063W 9 2861
YLR064W 4 62
YLR065C 1 1
YLR066W 3 72
YLR067C 1 17
YLR068W 1 2
YLR069C 4 28
YLR070C 9 492
YLR071C 5 597
YLR072W 3 96
YLR073C 4 12
YLR074C 5 30
YLR075W 1 1
YLR076C 1 28
YLR077W 3 10
YLR078C 4 75
YLR079W 4 22
YLR080W 0 0
YLR081W 5 4477
YLR082C 1 3
YLR083C 0 0
YLR084C 1 4
YLR085C 2 88
YLR086W 2 37
YLR087C 1 6
YLR088W 1 9
YLR089C 2 16
YLR090W 4 103
YLR091W 4 531
YLR092W 7 140
YLR093C 1 2
YLR094C 6 108
YLR095C 5 330
YLR096W 1 2
YLR097C 0 0
YLR098C 1 157
YLR099C 3 64
YLR099W-A 9 381
YLR100W 1 34
YLR101C 3 7
YLR102C 4 238
YLR103C 1 56
YLR104W 6 989
YLR105C 2 3
YLR106C 0 0
YLR107W 3 28
YLR108C 2 26
YLR109W 3 16
YLR110C 3 78
YLR111W 9 440
YLR112W 11 2821
YLR113W 4 85
YLR114C 1 1
YLR115W 3 68
YLR116W 1 1
YLR117C 6 89
YLR118C 3 95
YLR119W 3 95
YLR120C 3 185
YLR120W-A 4 28
YLR121C 4 155
YLR122C 1 2
YLR123C 1 2
YLR124W 1 4
YLR125W 0 0
YLR126C 2 8
YLR127C 0 0
YLR128W 6 149
YLR129W 2 5
YLR130C 0 0
YLR131C 0 0
YLR132C 1 2
YLR133W 2 50
YLR134W 0 0
YLR135W 1 1
YLR136C 7 54
YLR137W 4 63
YLR138W 0 0
YLR139C 6 462
YLR140W 1 41
YLR141W 4 42
YLR142W 7 58
YLR143W 2 3
YLR144C 3 8
YLR145W 5 62
YLR146C 0 0
YLR146W-A 2 41
YLR147C 3 51
YLR148W 3 16
YLR149C 1 16
YLR149C-A 1 96
YLR150W 2 7
YLR151C 7 43
YLR152C 0 0
YLR153C 5 128
YLR154C 9 179
YLR154W-A 0 0
YLR154W-B 0 0
YLR154W-C 0 0
YLR154W-E 0 0
YLR154W-F 0 0
YLR154C-G 0 0
YLR154C-H 0 0
YLR155C 0 0
YLR156W 0 0
YLR156C-A 0 0
YLR157C 0 0
YLR157W-D 0 0
YLR157W-E 0 0
YLR157C-C 0 0
YLR158C 0 0
YLR159W 0 0
YLR159C-A 0 0
YLR160C 0 0
YLR161W 0 0
YLR162W 1 2
YLR162W-A 0 0
YLR163C 3 65
YLR163W-A 3 39
YLR164W 3 16
YLR165C 2 245
YLR166C 5 1497
YLR167W 4 17
YLR168C 3 1267
YLR169W 1 27
YLR170C 6 72
YLR171W 1 1
YLR172C 7 137
YLR173W 2 65
YLR174W 3 139
YLR175W 4 50
YLR176C 4 157
YLR177W 3 16
YLR178C 5 16
YLR179C 8 209
YLR180W 5 26
YLR181C 1 44
YLR182W 5 119
YLR183C 0 0
YLR184W 1 10
YLR185W 2 25
YLR186W 3 21
YLR187W 0 0
YLR188W 0 0
YLR189C 4 38
YLR190W 2 17
YLR191W 4 5
YLR192C 1 17
YLR193C 1 21
YLR194C 1 14
YLR195C 5 293
YLR196W 3 27
YLR197W 1 1
YLR198C 1 5
YLR199C 1 4
YLR200W 0 0
YLR201C 3 415
YLR202C 1 9
YLR203C 3 101
YLR204W 8 4244
YLR205C 8 3352
YLR206W 5 87
YLR207W 0 0
YLR208W 1 1
YLR209C 0 0
YLR210W 0 0
YLR211C 3 102
YLR212C 2 2
YLR213C 1 2
YLR214W 3 23
YLR215C 2 96
YLR216C 3 53
YLR217W 3 193
YLR218C 5 83
YLR219W 2 24
YLR220W 2 13
YLR221C 1 17
YLR222C 4 24
YLR222C-A 0 0
YLR223C 2 5
YLR224W 1 10
YLR225C 3 30
YLR226W 2 28
YLR227C 4 31
YLR228C 2 32
YLR229C 0 0
YLR230W 1 7
YLR231C 1 4
YLR232W 1 31
YLR233C 3 20
YLR234W 6 117
YLR235C 17 5214
YLR236C 4 2741
YLR237W 4 427
YLR238W 1 4
YLR239C 2 18
YLR240W 2 13
YLR241W 7 300
YLR242C 0 0
YLR243W 0 0
YLR244C 5 12
YLR245C 7 51
YLR246W 3 24
YLR247C 4 19
YLR248W 2 24
YLR249W 2 29
YLR250W 4 33
YLR251W 1 1
YLR252W 0 0
YLR253W 2 28
YLR254C 1 7
YLR255C 4 75
YLR256W 1 1
YLR257W 2 24
YLR258W 1 4
YLR259C 5 91
YLR260W 1 1
YLR261C 1 14
YLR262C 1 965
YLR262C-A 0 0
YLR263W 1 3
YLR264W 5 45
YLR264C-A 6 214
YLR265C 10 511
YLR266C 9 621
YLR267W 0 0
YLR268W 2 180
YLR269C 1 39
YLR270W 2 28
YLR271W 6 121
YLR272C 0 0
YLR273C 1 1
YLR274W 3 182
YLR275W 4 88
YLR276C 1 2
YLR277C 5 132
YLR278C 4 102
YLR279W 4 83
YLR280C 2 39
YLR281C 8 175
YLR282C 2 71
YLR283W 4 30
YLR284C 0 0
YLR285W 1 1
YLR285C-A 9 348
YLR286C 0 0
YLR286W-A 4 718
YLR287C 0 0
YLR287C-A 4 98
YLR288C 3 7
YLR289W 2 83
YLR290C 2 64
YLR291C 2 3
YLR292C 1 214
YLR293C 0 0
YLR294C 4 39
YLR295C 4 22
YLR296W 9 305
YLR297W 2 57
YLR298C 8 318
YLR299W 2 6
YLR299C-A 7 67
YLR300W 0 0
YLR301W 6 89
YLR302C 1 1
YLR303W 7 322
YLR304C 7 121
YLR305C 3 50
YLR306W 2 67
YLR307W 0 0
YLR307C-A 0 0
YLR308W 0 0
YLR309C 0 0
YLR310C 0 0
YLR311C 3 177
YLR312C 3 7
YLR312W-A 10 1086
YLR313C 2 3
YLR314C 7 139
YLR315W 2 25
YLR316C 8 165
YLR317W 3 38
YLR318W 5 136
YLR319C 0 0
YLR320W 0 0
YLR321C 4 11
YLR322W 2 312
YLR323C 2 325
YLR324W 6 184
YLR325C 0 0
YLR326W 7 200
YLR327C 0 0
YLR328W 0 0
YLR329W 1 1
YLR330W 4 59
YLR331C 0 0
YLR332W 1 5
YLR333C 5 173
YLR334C 5 29
YLR335W 2 5
YLR336C 1 4
YLR337C 0 0
YLR338W 3 33
YLR339C 0 0
YLR340W 2 2
YLR341W 1 35
YLR342W 0 0
YLR342W-A 1 4
YLR343W 0 0
YLR344W 1 18
YLR345W 4 99
YLR346C 3 33
YLR347C 0 0
YLR347W-A 1 2
YLR348C 9 163
YLR349W 7 439
YLR350W 2 35
YLR351C 8 136
YLR352W 5 14
YLR353W 1 9
YLR354C 5 477
YLR355C 2 275
YLR356W 1 6
YLR357W 8 250
YLR358C 2 134
YLR359W 2 27
YLR360W 1 1
YLR361C 7 128
YLR361C-A 2 9
YLR362W 3 118
YLR363C 0 0
YLR363W-A 2 26
YLR364W 4 2302
YLR365W 3 23
YLR364C-A 5 189
YLR366W 1 1
YLR367W 6 129
YLR368W 5 133
YLR369W 1 3
YLR370C 3 125
YLR371W 3 281
YLR372W 0 0
YLR373C 6 140
YLR374C 1 4
YLR375W 1 6
YLR376C 6 426
YLR377C 2 10
YLR378C 0 0
YLR379W 4 30
YLR380W 1 1
YLR381W 0 0
YLR382C 3 26
YLR383W 0 0
YLR384C 8 508
YLR385C 4 106
YLR386W 5 467
YLR387C 2 338
YLR388W 1 573
YLR389C 5 103
YLR390W 3 8
YLR390W-A 8 295
YLR392C 2 102
YLR393W 2 29
YLR394W 1 11
YLR395C 6 82
YLR396C 0 0
YLR397C 5 23
YLR398C 4 233
YLR399C 8 149
YLR399W-A 0 0
YLR400W 0 0
YLR401C 5 44
YLR402W 2 69
YLR403W 1 1
YLR404W 4 96
YLR405W 4 17
YLR406C 3 34
YLR406C-A 5 63
YLR407W 2 120
YLR408C 10 508
YLR409C 5 972
YLR410W 4 789
YLR411W 2 9
YLR412W 8 594
YLR412C-A 1 44
YLR413W 1 7
YLR414C 2 5
YLR415C 3 17
YLR416C 8 375
YLR417W 5 298
YLR418C 0 0
YLR419W 1 1
YLR420W 3 41
YLR421C 4 782
YLR422W 0 0
YLR423C 2 15
YLR424W 2 136
YLR425W 5 332
YLR426W 3 47
YLR427W 0 0
YLR428C 4 50
YLR429W 6 347
YLR430W 0 0
YLR431C 1 2
YLR432W 2 6
YLR433C 0 0
YLR434C 2 49
YLR435W 1 6
YLR436C 5 365
YLR437C 5 128
YLR437C-A 4 24
YLR438W 6 434
YLR438C-A 1 1
YLR439W 1 17
YLR440C 0 0
YLR441C 3 165
YLR442C 2 2
YLR443W 0 0
YLR444C 3 53
YLR445W 1 18
YLR446W 3 104
YLR447C 2 157
YLR448W 0 0
YLR449W 1 24
YLR450W 2 6
YLR451W 0 0
YLR452C 5 277
YLR453C 9 91
YLR454W 2 57
YLR455W 0 0
YLR456W 4 107
YLR457C 5 1209
YLR458W 3 111
YLR459W 7 405
YLR460C 6 3743
YLR461W 0 0
YLR462W 0 0
YLR463C 0 0
YLR464W 0 0
YLR465C 0 0
YLR466W 0 0
YLR466C-A 0 0
YLR466C-B 0 0
YLR467W 0 0
YLR467C-A 0 0
YML133C 0 0
YML133W-B 0 0
YML133W-A 0 0
YML132W 0 0
YML131W 6 581
YML130C 4 28
YML129C 9 201
YML128C 4 23
YML127W 1 114
YML126C 5 113
YML125C 1 1
YML124C 2 40
YML123C 4 87
YML122C 7 25
YML121W 1 17
YML120C 7 1448
YML119W 2 21
YML118W 0 0
YML117W 3 118
YML116W-A 1 14
YML116W 1 12
YML115C 2 63
YML114C 3 12
YML113W 3 71
YML112W 3 31
YML111W 0 0
YML110C 5 279
YML109W 3 8
YML108W 4 264
YML107C 4 75
YML106W 0 0
YML105C 2 16
YML104C 0 0
YML103C 6 555
YML102W 2 29
YML101C-A 11 238
YML101C 8 277
YML100W-A 9 471
YML100W 7 298
YML099W-A 3 7
YML099C 4 164
YML098W 2 60
YML097C 7 943
YML096W 2 504
YML095C 1 12
YML094C-A 1 9
YML094W 2 22
YML093W 3 7
YML092C 0 0
YML091C 2 215
YML090W 2 17
YML089C 6 230
YML088W 8 267
YML087C 5 1186
YML086C 1 8
YML085C 3 42
YML084W 3 42
YML083C 0 0
YML082W 5 207
YML081C-A 5 75
YML081W 0 0
YML080W 2 14
YML079W 4 30
YML078W 1 58
YML077W 3 309
YML076C 10 439
YML075C 3 170
YML074C 4 158
YML073C 1 4
YML072C 4 92
YML071C 2 790
YML070W 2 4
YML069W 2 179
YML068W 1 1
YML067C 1 4
YML066C 1 26
YML065W 0 0
YML064C 0 0
YML063W 0 0
YML062C 0 0
YML061C 1 46
YML060W 3 46
YML059C 0 0
YML058W-A 0 0
YML058W 9 353
YML057C-A 0 0
YML057W 0 0
YML056C 0 0
YML055W 4 17
YML054C 6 68
YML054C-A 8 193
YML053C 2 51
YML052W 7 309
YML051W 7 401
YML050W 9 362
YML049C 3 29
YML048W 3 30
YML047W-A 0 0
YML047C 0 0
YML046W 0 0
YML043C 3 54
YML042W 6 256
YML041C 4 60
YML038C 3 87
YML037C 2 7
YML036W 1 6
YML035C 1 5
YML034C-A 4 84
YML034W 1 6
YML032C 1 2
YML031C-A 1 9
YML031W 0 0
YML030W 4 60
YML029W 2 15
YML028W 5 213
YML027W 4 67
YML026C 3 117
YML025C 3 24
YML024W 8 205
YML023C 3 170
YML022W 5 68
YML021C 12 2698
YML020W 4 17
YML019W 4 138
YML018C 1 8
YML017W 2 22
YML016C 1 8
YML015C 3 193
YML014W 6 69
YML013W 10 856
YML012C-A 3 77
YML012W 5 118
YML011C 6 443
YML010W 3 11
YML009W-B 0 0
YML009C-A 6 418
YML009C 9 572
YML008C 1 1
YML007C-A 10 398
YML007W 1 2
YML006C 0 0
YML005W 6 537
YML004C 4 1147
YML003W 0 0
YML002W 2 253
YML001W 3 19
YMR001C 0 0
YMR001C-A 8 251
YMR002W 8 2629
YMR003W 4 361
YMR004W 3 783
YMR005W 2 43
YMR006C 0 0
YMR007W 3 46
YMR008C 0 0
YMR009W 1 63
YMR010W 3 49
YMR011W 2 3
YMR012W 0 0
YMR013C 2 488
YMR013C-A 0 0
YMR013W-A 0 0
YMR014W 8 207
YMR015C 1 101
YMR016C 0 0
YMR017W 2 41
YMR018W 3 56
YMR019W 6 47
YMR020W 0 0
YMR021C 2 21
YMR022W 3 128
YMR023C 2 33
YMR024W 6 14
YMR025W 1 2
YMR026C 0 0
YMR027W 1 89
YMR028W 3 38
YMR029C 3 564
YMR030W 1 1
YMR031C 1 8
YMR031W-A 1 6
YMR032W 0 0
YMR030W-A 2 124
YMR033W 1 2
YMR034C 4 304
YMR035W 5 58
YMR036C 2 2
YMR037C 1 1
YMR038C 1 29
YMR039C 7 209
YMR040W 2 169
YMR041C 8 161
YMR042W 2 234
YMR043W 6 1761
YMR044W 3 97
YMR046W-A 0 0
YMR047C 1 7
YMR048W 3 52
YMR049C 4 211
YMR052W 3 359
YMR052C-A 3 46
YMR053C 2 10
YMR054W 3 942
YMR055C 4 92
YMR056C 9 214
YMR057C 3 14
YMR058W 4 15
YMR059W 3 28
YMR060C 4 60
YMR061W 5 43
YMR062C 2 4
YMR063W 6 2715
YMR064W 5 504
YMR065W 3 21
YMR066W 6 311
YMR067C 7 70
YMR068W 4 168
YMR069W 6 132
YMR070W 2 38
YMR071C 3 39
YMR072W 5 58
YMR073C 6 77
YMR074C 5 315
YMR075W 5 124
YMR075C-A 5 248
YMR076C 0 0
YMR077C 4 109
YMR078C 6 193
YMR079W 7 59
YMR080C 0 0
YMR081C 1 7
YMR082C 2 5
YMR083W 2 3
YMR084W 1 2
YMR085W 2 62
YMR086W 4 146
YMR086C-A 5 63
YMR087W 3 48
YMR088C 0 0
YMR089C 0 0
YMR090W 2 9
YMR091C 2 11
YMR092C 1 16
YMR093W 1 4
YMR094W 2 29
YMR095C 2 36
YMR096W 2 42
YMR097C 2 5
YMR098C 0 0
YMR099C 1 1
YMR100W 0 0
YMR101C 1 2
YMR102C 0 0
YMR103C 12 952
YMR104C 2 32
YMR105C 1 8
YMR105W-A 8 669
YMR106C 6 202
YMR107W 3 11
YMR108W 1 24
YMR109W 4 115
YMR110C 7 1168
YMR111C 1 18
YMR112C 4 74
YMR113W 0 0
YMR114C 2 145
YMR115W 3 137
YMR116C 3 14
YMR117C 8 527
YMR118C 3 21
YMR119W 0 0
YMR119W-A 0 0
YMR120C 5 99
YMR121C 9 116
YMR122C 7 149
YMR122W-A 4 31
YMR123W 5 57
YMR124W 2 11
YMR125W 1 3
YMR126C 0 0
YMR127C 0 0
YMR128W 2 9
YMR129W 2 53
YMR130W 1 37
YMR131C 2 44
YMR132C 4 271
YMR133W 0 0
YMR134W 1 97
YMR135C 11 944
YMR135W-A 2 1045
YMR136W 4 81
YMR137C 5 97
YMR138W 1 7
YMR139W 6 458
YMR140W 1 1
YMR141C 3 44
YMR142C 1 5
YMR141W-A 0 0
YMR143W 2 11
YMR144W 0 0
YMR145C 2 38
YMR146C 3 116
YMR147W 1 1
YMR148W 0 0
YMR149W 2 24
YMR150C 1 2
YMR151W 3 492
YMR152W 0 0
YMR153W 4 14
YMR153C-A 3 48
YMR154C 3 251
YMR155W 11 957
YMR156C 1 4
YMR157C 5 287
YMR158W 4 107
YMR158C-A 2 24
YMR158W-B 2 29
YMR159C 5 107
YMR160W 1 1
YMR161W 8 139
YMR162C 1 3
YMR163C 2 18
YMR164C 0 0
YMR165C 2 47
YMR166C 1 1
YMR167W 6 232
YMR168C 5 32
YMR169C 2 13
YMR170C 1 46
YMR171C 2 46
YMR172W 0 0
YMR172C-A 1 20
YMR173W 1 153
YMR173W-A 1 2
YMR174C 2 24
YMR175W 5 80
YMR175W-A 2 51
YMR176W 1 16
YMR177W 3 35
YMR178W 6 176
YMR179W 2 33
YMR180C 6 156
YMR181C 0 0
YMR182C 1 12
YMR182W-A 7 183
YMR183C 3 46
YMR184W 4 975
YMR185W 6 224
YMR186W 3 5
YMR187C 6 66
YMR188C 3 56
YMR189W 2 66
YMR190C 1 8
YMR191W 7 74
YMR192W 5 97
YMR193W 0 0
YMR193C-A 2 3
YMR194W 5 83
YMR194C-B 7 619
YMR194C-A 10 7495
YMR195W 5 125
YMR196W 4 70
YMR197C 5 176
YMR198W 0 0
YMR199W 1 63
YMR200W 4 360
YMR201C 2 97
YMR202W 5 577
YMR203W 4 64
YMR204C 0 0
YMR205C 0 0
YMR206W 6 96
YMR207C 3 26
YMR208W 3 26
YMR209C 5 82
YMR210W 2 56
YMR211W 2 14
YMR212C 1 1
YMR213W 4 623
YMR214W 4 216
YMR215W 2 76
YMR216C 3 269
YMR217W 2 44
YMR218C 2 42
YMR219W 3 43
YMR220W 1 34
YMR221C 7 646
YMR222C 2 21
YMR223W 0 0
YMR224C 5 43
YMR225C 7 271
YMR226C 5 68
YMR227C 0 0
YMR228W 1 12
YMR229C 0 0
YMR230W 13 686
YMR230W-A 0 0
YMR231W 3 34
YMR232W 2 10
YMR233W 2 17
YMR234W 2 19
YMR235C 0 0
YMR236W 3 50
YMR237W 1 24
YMR238W 2 10
YMR239C 1 11
YMR240C 6 101
YMR241W 6 271
YMR242C 0 0
YMR242W-A 0 0
YMR243C 1 2
YMR244W 0 0
YMR244C-A 12 860
YMR245W 1 1
YMR246W 4 223
YMR247C 5 41
YMR247W-A 1 3
YMR250W 1 8
YMR251W 1 4
YMR251W-A 0 0
YMR252C 11 263
YMR253C 5 107
YMR254C 0 0
YMR255W 2 56
YMR256C 2 73
YMR257C 4 39
YMR258C 0 0
YMR259C 1 2
YMR260C 4 57
YMR261C 3 9
YMR262W 5 74
YMR263W 2 721
YMR264W 8 270
YMR265C 10 226
YMR266W 1 42
YMR267W 0 0
YMR268C 2 10
YMR269W 1 67
YMR270C 1 2
YMR271C 2 36
YMR272C 3 21
YMR272W-A 2 580
YMR272W-B 3 27
YMR273C 1 2
YMR274C 2 2
YMR275C 2 6
YMR276W 1 32
YMR277W 1 5
YMR278W 4 25
YMR279C 1 36
YMR280C 3 14
YMR281W 3 20
YMR282C 1 5
YMR283C 7 81
YMR284W 5 91
YMR285C 2 9
YMR286W 2 3
YMR287C 0 0
YMR288W 5 16
YMR289W 2 112
YMR290C 5 287
YMR290W-A 1 72
YMR291W 1 29
YMR292W 6 359
YMR293C 5 278
YMR294W 2 3
YMR294W-A 5 67
YMR295C 1 29
YMR296C 1 3
YMR297W 0 0
YMR298W 1 1
YMR299C 2 127
YMR300C 2 73
YMR301C 4 70
YMR302C 4 243
YMR303C 4 43
YMR304W 1 13
YMR304C-A 1 11
YMR305C 0 0
YMR306W 1 1
YMR306C-A 1 8
YMR307W 0 0
YMR307C-A 2 176
YMR308C 2 22
YMR309C 0 0
YMR310C 4 35
YMR311C 6 41
YMR312W 1 8
YMR313C 9 177
YMR314W 3 87
YMR315W 2 2
YMR315W-A 4 264
YMR316W 1 20
YMR316C-A 4 347
YMR316C-B 2 8
YMR317W 0 0
YMR318C 5 672
YMR319C 0 0
YMR320W 2 229
YMR321C 1 2
YMR322C 0 0
YMR323W 0 0
YMR324C 1 2
YMR325W 0 0
YMR326C 11 367
YNL339C 0 0
YNL339W-B 0 0
YNL339W-A 0 0
YNL338W 0 0
YNL337W 14 608
YNL336W 0 0
YNL335W 0 0
YNL334C 1 8
YNL333W 3 28
YNL332W 0 0
YNL331C 2 6
YNL330C 2 57
YNL329C 3 10
YNL328C 9 317
YNL327W 1 1
YNL326C 4 34
YNL325C 4 217
YNL324W 0 0
YNL323W 0 0
YNL322C 6 87
YNL321W 5 265
YNL320W 3 24
YNL319W 0 0
YNL318C 0 0
YNL317W 10 567
YNL316C 0 0
YNL315C 4 376
YNL314W 0 0
YNL313C 1 1
YNL312W 1 4
YNL311C 11 435
YNL310C 2 36
YNL309W 2 140
YNL308C 3 203
YNL307C 3 24
YNL306W 3 25
YNL305C 1 1
YNL304W 4 597
YNL303W 0 0
YNL302C 1 8
YNL301C 3 35
YNL300W 1 4
YNL299W 1 6
YNL298W 1 264
YNL297C 8 615
YNL296W 1 31
YNL295W 0 0
YNL294C 2 1240
YNL293W 1 65
YNL292W 4 54
YNL291C 1 1
YNL290W 3 75
YNL289W 0 0
YNL288W 2 141
YNL287W 1 3
YNL286W 2 35
YNL285W 4 21
YNL284C 2 31
YNL283C 0 0
YNL282W 11 228
YNL281W 4 58
YNL280C 2 12
YNL279W 1 1
YNL278W 1 12
YNL277W-A 5 28
YNL277W 2 60
YNL276C 1 1
YNL275W 4 245
YNL274C 0 0
YNL273W 2 8
YNL272C 0 0
YNL271C 0 0
YNL270C 4 248
YNL269W 0 0
YNL268W 2 25
YNL267W 1 7
YNL266W 0 0
YNL265C 5 43
YNL264C 0 0
YNL263C 1 4
YNL262W 3 24
YNL261W 2 15
YNL260C 5 87
YNL259C 3 172
YNL258C 3 410
YNL257C 1 8
YNL256W 0 0
YNL255C 3 372
YNL254C 4 768
YNL253W 5 183
YNL252C 1 4
YNL251C 4 13
YNL250W 8 66
YNL249C 3 5
YNL248C 3 49
YNL247W 8 93
YNL246W 4 122
YNL245C 6 228
YNL244C 6 42
YNL243W 5 391
YNL242W 0 0
YNL241C 5 209
YNL240C 4 82
YNL239W 4 142
YNL238W 0 0
YNL237W 0 0
YNL236W 1 20
YNL235C 3 58
YNL234W 9 114
YNL233W 4 72
YNL232W 2 34
YNL231C 1 3
YNL230C 1 4
YNL229C 2 36
YNL228W 7 1903
YNL227C 0 0
YNL226W 1 19
YNL225C 5 425
YNL224C 1 1
YNL223W 6 384
YNL222W 4 49
YNL221C 0 0
YNL220W 3 7
YNL219C 0 0
YNL218W 5 508
YNL217W 1 15
YNL216W 1 1
YNL215W 1 246
YNL214W 3 196
YNL213C 6 42
YNL212W 2 17
YNL211C 3 36
YNL210W 2 8
YNL209W 6 405
YNL208W 3 45
YNL207W 2 24
YNL206C 3 77
YNL205C 1 1
YNL204C 1 1
YNL203C 2 68
YNL202W 1 13
YNL201C 0 0
YNL200C 1 2
YNL199C 0 0
YNL198C 0 0
YNL197C 2 8
YNL196C 3 11
YNL195C 0 0
YNL194C 3 30
YNL193W 3 848
YNL192W 3 29
YNL191W 3 6
YNL190W 1 13
YNL189W 0 0
YNL188W 0 0
YNL187W 4 56
YNL186W 0 0
YNL185C 0 0
YNL184C 3 27
YNL183C 5 38
YNL182C 2 6
YNL181W 1 3
YNL180C 1 12
YNL179C 4 408
YNL178W 2 68
YNL177C 7 103
YNL176C 2 8
YNL175C 3 128
YNL174W 0 0
YNL173C 0 0
YNL172W 1 4
YNL171C 0 0
YNL170W 3 23
YNL169C 2 133
YNL168C 1 1
YNL167C 1 7
YNL166C 3 29
YNL165W 1 3
YNL164C 4 14
YNL163C 1 9
YNL162W-A 3 11
YNL162W 3 162
YNL161W 4 61
YNL160W 3 25
YNL159C 5 249
YNL158W 6 109
YNL157W 4 14
YNL156C 3 29
YNL155W 1 3
YNL154C 4 398
YNL153C 11 656
YNL152W 3 79
YNL151C 7 80
YNL150W 1 14
YNL149C 10 969
YNL148C 3 83
YNL147W 1 3
YNL146C-A 4 183
YNL146W 1 159
YNL145W 3 13
YNL144C 4 60
YNL144W-A 1 3
YNL143C 2 21
YNL142W 0 0
YNL141W 2 3
YNL140C 2 9
YNL139C 1 1
YNL138W-A 6 22
YNL138W 2 109
YNL137C 1 3
YNL136W 3 84
YNL135C 1 1
YNL134C 7 194
YNL133C 6 115
YNL132W 1 3
YNL131W 0 0
YNL130C 4 39
YNL130C-A 2 5
YNL129W 2 5
YNL128W 0 0
YNL127W 0 0
YNL126W 2 7
YNL125C 2 9
YNL124W 7 1326
YNL123W 8 632
YNL122C 8 19392
YNL121C 2 245
YNL120C 0 0
YNL119W 0 0
YNL118C 1 15
YNL117W 2 47
YNL116W 2 14
YNL115C 6 40
YNL114C 0 0
YNL113W 2 2
YNL112W 1 25
YNL111C 2 9
YNL110C 1 1
YNL109W 1 4
YNL108C 2 4
YNL107W 6 34
YNL106C 2 58
YNL105W 3 67
YNL104C 7 1229
YNL103W-A 6 191
YNL103W 4 242
YNL102W 1 7
YNL101W 5 149
YNL100W 6 44
YNL099C 2 45
YNL098C 2 23
YNL097C-B 4 166
YNL097C 4 495
YNL097W-A 4 148
YNL096C 2 21
YNL095C 0 0
YNL094W 1 6
YNL093W 2 20
YNL092W 2 26
YNL091W 0 0
YNL090W 0 0
YNL089C 0 0
YNL088W 4 59
YNL087W 0 0
YNL086W 1 4
YNL085W 0 0
YNL084C 3 29
YNL083W 2 39
YNL082W 1 16
YNL081C 6 151
YNL080C 0 0
YNL079C 8 759
YNL078W 5 52
YNL077W 1 1
YNL076W 0 0
YNL075W 1 1
YNL074C 6 345
YNL073W 7 444
YNL072W 3 35
YNL071W 4 312
YNL070W 3 117
YNL069C 0 0
YNL068C 4 715
YNL067W-A 2 19
YNL067W-B 7 228
YNL067W 5 63
YNL066W 1 4
YNL065W 1 1
YNL064C 1 11
YNL063W 7 233
YNL062C 0 0
YNL061W 3 29
YNL059C 5 37
YNL058C 0 0
YNL057W 2 28
YNL056W 4 172
YNL055C 5 66
YNL054W 2 8
YNL053W 1 2
YNL052W 10 318
YNL051W 4 658
YNL050C 1 29
YNL049C 2 7
YNL048W 6 450
YNL047C 5 49
YNL046W 1 17
YNL045W 9 234
YNL044W 2 7
YNL043C 0 0
YNL042W-B 2 31
YNL042W 0 0
YNL041C 1 2
YNL040W 8 287
YNL039W 1 1
YNL038W 7 218
YNL037C 4 22
YNL036W 5 74
YNL035C 6 240
YNL034W 0 0
YNL033W 0 0
YNL032W 0 0
YNL031C 3 155
YNL030W 1 2
YNL029C 9 232
YNL028W 2 35
YNL027W 0 0
YNL026W 0 0
YNL025C 4 47
YNL024C-A 2 33
YNL024C 2 78
YNL023C 3 421
YNL022C 2 6
YNL021W 0 0
YNL020C 2 8
YNL019C 0 0
YNL018C 0 0
YNL017C 6 220
YNL016W 2 4
YNL015W 0 0
YNL014W 1 124
YNL013C 0 0
YNL012W 0 0
YNL011C 5 69
YNL010W 2 72
YNL009W 2 44
YNL008C 9 2925
YNL007C 3 170
YNL006W 2 4
YNL005C 1 1
YNL004W 6 171
YNL003C 5 206
YNL002C 1 14
YNL001W 1 14
YNR001C 2 11
YNR001W-A 3 84
YNR002C 6 262
YNR003C 2 193
YNR003W-A 9 480
YNR004W 2 13
YNR005C 1 19
YNR006W 0 0
YNR007C 0 0
YNR008W 3 36
YNR009W 4 94
YNR010W 3 36
YNR011C 8 330
YNR012W 5 12
YNR013C 0 0
YNR014W 7 514
YNR015W 4 32
YNR016C 1 66
YNR017W 6 24
YNR018W 7 781
YNR019W 2 20
YNR020C 5 246
YNR021W 5 240
YNR022C 2 30
YNR023W 1 19
YNR024W 0 0
YNR025C 0 0
YNR026C 4 31
YNR027W 4 252
YNR028W 3 132
YNR029C 3 50
YNR030W 0 0
YNR031C 1 1
YNR032W 1 9
YNR032C-A 7 104
YNR033W 3 54
YNR034W 0 0
YNR034W-A 1 48
YNR035C 4 554
YNR036C 3 71
YNR037C 5 123
YNR038W 4 840
YNR039C 1 15
YNR040W 3 19
YNR041C 0 0
YNR042W 0 0
YNR043W 0 0
YNR044W 0 0
YNR045W 1 3
YNR046W 8 153
YNR047W 4 550
YNR048W 4 45
YNR049C 3 34
YNR050C 2 14
YNR051C 0 0
YNR052C 1 8
YNR053C 0 0
YNR054C 4 32
YNR055C 0 0
YNR056C 2 60
YNR057C 2 14
YNR058W 4 40
YNR059W 1 1
YNR060W 1 1
YNR061C 3 13
YNR062C 5 38
YNR063W 0 0
YNR064C 3 244
YNR065C 4 46
YNR066C 5 699
YNR067C 0 0
YNR068C 1 139
YNR069C 2 11
YNR070W 0 0
YNR071C 0 0
YNR072W 0 0
YNR073C 2 4
YNR074C 0 0
YNR075W 7 884
YNR075C-A 3 129
YNR076W 0 0
YNR077C 1 14
YOL166W-A 6 43
YOL166C 2 12
YOL165C 0 0
YOL164W-A 1 3
YOL164W 0 0
YOL163W 4 167
YOL162W 0 0
YOL161C 0 0
YOL160W 0 0
YOL159C-A 1 5
YOL159C 0 0
YOL158C 6 289
YOL157C 1 59
YOL156W 0 0
YOL155W-A 0 0
YOL155C 1 29
YOL154W 0 0
YOL152W 3 148
YOL151W 1 1
YOL150C 4 50
YOL149W 1 2
YOL148C 1 9
YOL147C 0 0
YOL146W 0 0
YOL145C 2 242
YOL144W 1 1
YOL143C 4 26
YOL142W 8 202
YOL141W 1 48
YOL140W 4 187
YOL139C 6 154
YOL138C 2 14
YOL137W 3 56
YOL136C 0 0
YOL135C 6 801
YOL134C 0 0
YOL133W 3 56
YOL132W 2 250
YOL131W 1 9
YOL130W 0 0
YOL129W 8 682
YOL128C 5 1331
YOL127W 0 0
YOL126C 3 16
YOL125W 5 240
YOL124C 10 3312
YOL123W 2 144
YOL122C 0 0
YOL121C 8 197
YOL120C 0 0
YOL119C 2 16
YOL118C 4 1105
YOL117W 5 36
YOL116W 0 0
YOL115W 2 3
YOL114C 7 169
YOL113W 3 77
YOL112W 2 37
YOL111C 2 3
YOL110W 7 482
YOL109W 4 31
YOL108C 8 105
YOL107W 4 121
YOL106W 1 5
YOL105C 1 2
YOL104C 5 319
YOL103W 0 0
YOL102C 7 174
YOL101C 3 64
YOL100W 0 0
YOL099C 2 21
YOL098C 1 18
YOL097W-A 2 135
YOL097C 4 103
YOL096C 5 106
YOL095C 0 0
YOL094C 5 20
YOL093W 0 0
YOL092W 5 917
YOL091W 2 5
YOL090W 1 12
YOL089C 4 52
YOL088C 1 3
YOL087C 0 0
YOL086W-A 10 110
YOL086C 6 100
YOL085W-A 1 24
YOL085C 5 124
YOL084W 0 0
YOL083W 2 60
YOL083C-A 1 4
YOL082W 2 187
YOL081W 4 641
YOL080C 3 40
YOL079W 0 0
YOL078W 2 3
YOL077W-A 5 202
YOL077C 2 65
YOL076W 3 6
YOL075C 1 1
YOL073C 6 153
YOL072W 7 790
YOL071W 3 306
YOL070C 5 21
YOL069W 1 1
YOL068C 0 0
YOL067C 6 179
YOL066C 0 0
YOL065C 2 29
YOL064C 4 26
YOL063C 1 49
YOL062C 8 1414
YOL061W 5 23
YOL060C 1 14
YOL059W 7 108
YOL058W 10 360
YOL057W 10 300
YOL056W 1 31
YOL055C 0 0
YOL054W 1 46
YOL053W 4 16
YOL052C-A 1 2
YOL052C 6 143
YOL051W 2 4
YOL050C 4 1044
YOL049W 9 3966
YOL048C 2 13
YOL047C 0 0
YOL046C 0 0
YOL045W 0 0
YOL044W 1 16
YOL043C 0 0
YOL042W 1 4
YOL041C 4 166
YOL040C 1 37
YOL039W 7 171
YOL038C-A 2 21
YOL038W 4 75
YOL037C 1 2
YOL036W 1 13
YOL035C 1 16
YOL034W 6 171
YOL033W 2 7
YOL032W 0 0
YOL031C 2 152
YOL030W 1 4
YOL029C 2 11
YOL028C 1 44
YOL027C 3 141
YOL026C 4 56
YOL025W 2 44
YOL024W 1 1
YOL023W 1 3
YOL022C 2 2
YOL021C 6 78
YOL020W 3 13
YOL019W-A 6 173
YOL019W 0 0
YOL018C 3 48
YOL017W 0 0
YOL016C 2 41
YOL015W 0 0
YOL014W 0 0
YOL013W-B 0 0
YOL013W-A 2 12
YOL013C 0 0
YOL012C 0 0
YOL011W 5 49
YOL010W 6 61
YOL009C 0 0
YOL008W 1 70
YOL007C 1 6
YOL006C 1 17
YOL005C 5 33
YOL004W 0 0
YOL003C 14 710
YOL002C 2 34
YOL001W 3 45
YOR001W 8 643
YOR002W 1 2
YOR003W 1 137
YOR004W 8 133
YOR005C 4 175
YOR006C 0 0
YOR007C 1 7
YOR008C 0 0
YOR008C-A 1 9
YOR008W-B 5 87
YOR009W 0 0
YOR010C 0 0
YOR011W 1 2
YOR011W-A 0 0
YOR012W 2 3
YOR013W 2 127
YOR014W 2 51
YOR015W 1 2
YOR016C 2 14
YOR017W 2 19
YOR018W 2 5
YOR019W 3 11
YOR020C 1 1
YOR020W-A 2 18
YOR021C 4 19
YOR022C 2 5
YOR023C 7 95
YOR024W 8 84
YOR025W 3 36
YOR026W 4 25
YOR027W 2 96
YOR028C 0 0
YOR029W 5 250
YOR030W 0 0
YOR031W 4 75
YOR032C 2 9
YOR032W-A 3 11
YOR033C 4 39
YOR034C 1 15
YOR034C-A 2 65
YOR035C 7 206
YOR036W 4 29
YOR037W 3 37
YOR038C 3 18
YOR039W 0 0
YOR040W 2 83
YOR041C 6 165
YOR042W 6 257
YOR043W 1 66
YOR044W 3 104
YOR045W 2 33
YOR046C 0 0
YOR047C 1 4
YOR048C 2 20
YOR049C 0 0
YOR050C 5 211
YOR051C 0 0
YOR052C 2 37
YOR053W 7 86
YOR054C 0 0
YOR055W 2 150
YOR056C 2 69
YOR057W 1 19
YOR058C 2 46
YOR059C 4 473
YOR060C 6 180
YOR061W 0 0
YOR062C 1 16
YOR063W 5 148
YOR064C 8 3807
YOR065W 0 0
YOR066W 3 124
YOR067C 3 100
YOR069W 0 0
YOR068C 1 81
YOR070C 3 17
YOR071C 2 19
YOR072W 6 116
YOR072W-A 5 306
YOR072W-B 1 2
YOR073W 3 155
YOR074C 3 38
YOR073W-A 5 169
YOR075W 9 491
YOR076C 6 119
YOR077W 1 1
YOR078W 4 123
YOR079C 0 0
YOR080W 0 0
YOR081C 2 24
YOR082C 1 1
YOR083W 5 255
YOR084W 9 189
YOR085W 2 47
YOR086C 2 13
YOR087W 2 22
YOR089C 0 0
YOR090C 1 1
YOR091W 1 3
YOR092W 0 0
YOR093C 3 3
YOR094W 0 0
YOR095C 8 66
YOR096W 3 63
YOR097C 4 129
YOR098C 5 251
YOR099W 2 3
YOR100C 4 59
YOR101W 2 27
YOR102W 5 1256
YOR103C 5 143
YOR104W 1 10
YOR105W 0 0
YOR106W 0 0
YOR107W 0 0
YOR108W 2 41
YOR108C-A 0 0
YOR109W 2 5
YOR110W 2 15
YOR111W 1 68
YOR112W 1 2
YOR113W 1 17
YOR114W 2 6
YOR115C 6 107
YOR116C 0 0
YOR117W 1 19
YOR118W 1 28
YOR119C 5 239
YOR120W 2 302
YOR121C 4 18
YOR122C 5 579
YOR123C 0 0
YOR124C 1 1
YOR125C 0 0
YOR126C 7 3260
YOR127W 1 1
YOR128C 1 25
YOR129C 0 0
YOR130C 2 30
YOR131C 1 109
YOR132W 1 2
YOR133W 5 263
YOR134W 1 1
YOR135C 1 45
YOR136W 0 0
YOR137C 1 33
YOR138C 2 241
YOR139C 0 0
YOR140W 1 9
YOR141C 0 0
YOR142W 2 16
YOR143C 1 1
YOR144C 1 4
YOR145C 2 42
YOR146W 1 1
YOR147W 5 501
YOR148C 6 289
YOR149C 3 23
YOR150W 6 123
YOR151C 0 0
YOR152C 1 3
YOR153W 2 29
YOR154W 1 852
YOR155C 2 124
YOR156C 0 0
YOR157C 1 25
YOR158W 2 26
YOR159C 5 104
YOR160W 2 74
YOR161C 8 7916
YOR161W-A 0 0
YOR161W-B 3 38
YOR161C-C 9 228
YOR162C 3 194
YOR163W 4 349
YOR164C 7 788
YOR165W 8 385
YOR166C 4 92
YOR167C 2 7
YOR168W 3 63
YOR169C 0 0
YOR170W 2 34
YOR171C 3 51
YOR172W 10 225
YOR173W 7 483
YOR174W 2 41
YOR175C 1 28
YOR176W 2 5
YOR177C 2 5
YOR178C 2 36
YOR179C 3 13
YOR180C 1 6
YOR181W 7 190
YOR182C 2 152
YOR183W 0 0
YOR184W 0 0
YOR185C 1 2
YOR186W 3 9
YOR186C-A 3 52
YOR187W 2 2
YOR188W 2 458
YOR189W 1 24
YOR190W 1 1
YOR191W 0 0
YOR192C 0 0
YOR192C-C 0 0
YOR193W 1 2
YOR194C 1 1
YOR195W 0 0
YOR196C 7 91
YOR197W 7 750
YOR198C 0 0
YOR199W 1 2
YOR200W 6 402
YOR201C 6 40
YOR202W 4 448
YOR203W 3 30
YOR204W 3 15
YOR205C 9 170
YOR206W 5 74
YOR207C 4 109
YOR208W 3 14
YOR209C 0 0
YOR210W 1 34
YOR211C 1 1
YOR212W 4 219
YOR213C 0 0
YOR214C 1 2
YOR215C 4 24
YOR216C 2 66
YOR217W 1 2
YOR218C 1 3
YOR219C 1 17
YOR220W 2 14
YOR221C 8 65
YOR222W 0 0
YOR223W 6 316
YOR224C 2 4
YOR225W 2 4
YOR226C 9 1789
YOR227W 0 0
YOR228C 2 12
YOR229W 2 150
YOR230W 0 0
YOR231W 1 27
YOR231C-A 1 214
YOR232W 2 17
YOR233W 1 2
YOR234C 2 4
YOR235W 1 4
YOR236W 3 137
YOR237W 3 27
YOR238W 3 509
YOR239W 2 6
YOR241W 2 22
YOR242C 0 0
YOR243C 4 41
YOR244W 1 1
YOR245C 8 282
YOR246C 1 2
YOR247W 1 1
YOR248W 2 1050
YOR249C 4 78
YOR250C 1 10
YOR251C 9 878
YOR252W 3 29
YOR253W 2 5
YOR254C 3 49
YOR255W 4 89
YOR256C 2 41
YOR257W 1 1
YOR258W 1 3
YOR259C 3 214
YOR260W 3 52
YOR261C 0 0
YOR262W 4 23
YOR263C 0 0
YOR264W 1 4
YOR265W 11 1348
YOR266W 3 80
YOR267C 2 10
YOR268C 7 162
YOR269W 6 1283
YOR270C 0 0
YOR271C 6 239
YOR272W 2 181
YOR273C 8 260
YOR274W 7 439
YOR275C 11 389
YOR276W 7 704
YOR277C 1 4
YOR278W 3 84
YOR279C 1 1
YOR280C 3 433
YOR281C 2 57
YOR282W 0 0
YOR283W 3 22
YOR284W 1 19
YOR285W 6 486
YOR286W 6 66
YOR287C 1 53
YOR288C 1 44
YOR289W 4 45
YOR290C 0 0
YOR291W 3 65
YOR292C 7 1181
YOR293W 0 0
YOR293C-A 4 244
YOR294W 2 57
YOR295W 2 84
YOR296W 1 34
YOR297C 8 446
YOR298W 2 38
YOR298C-A 3 77
YOR299W 1 90
YOR300W 0 0
YOR301W 3 448
YOR302W 7 374
YOR303W 1 2
YOR304W 0 0
YOR304C-A 2 5
YOR305W 0 0
YOR306C 3 71
YOR307C 0 0
YOR308C 0 0
YOR309C 0 0
YOR310C 1 3
YOR311C 5 67
YOR312C 0 0
YOR313C 2 63
YOR314W 0 0
YOR314W-A 12 3450
YOR315W 2 5
YOR316C 2 23
YOR316C-A 6 134
YOR317W 3 96
YOR318C 0 0
YOR319W 2 4
YOR320C 1 10
YOR321W 2 1368
YOR322C 0 0
YOR323C 3 177
YOR324C 5 109
YOR325W 0 0
YOR326W 0 0
YOR327C 3 4
YOR328W 1 1
YOR329C 0 0
YOR329W-A 0 0
YOR330C 10 233
YOR331C 0 0
YOR332W 3 64
YOR333C 0 0
YOR334W 4 122
YOR335C 1 14
YOR335W-A 0 0
YOR336W 2 176
YOR337W 4 209
YOR338W 0 0
YOR339C 1 3
YOR340C 2 9
YOR341W 0 0
YOR342C 2 27
YOR343C 15 2599
YOR344C 2 9
YOR345C 3 33
YOR346W 1 7
YOR347C 0 0
YOR348C 6 320
YOR349W 11 21737
YOR350C 2 3
YOR351C 0 0
YOR352W 2 38
YOR353C 7 74
YOR354C 10 357
YOR355W 0 0
YOR356W 5 537
YOR357C 10 5186
YOR358W 2 53
YOR359W 1 3
YOR360C 4 88
YOR361C 6 175
YOR362C 2 9
YOR363C 3 127
YOR364W 4 110
YOR365C 1 1
YOR366W 0 0
YOR367W 8 336
YOR368W 5 109
YOR369C 2 8
YOR370C 0 0
YOR371C 5 176
YOR372C 2 42
YOR373W 2 219
YOR374W 2 341
YOR375C 0 0
YOR376W 3 14
YOR376W-A 2 4164
YOR377W 2 13
YOR378W 0 0
YOR379C 7 157
YOR380W 3 37
YOR381W 1 1
YOR381W-A 1 1
YOR382W 1 8
YOR383C 2 3
YOR384W 1 6
YOR385W 2 2
YOR386W 6 447
YOR387C 0 0
YOR388C 1 12
YOR389W 1 5
YOR390W 4 71
YOR391C 0 0
YOR392W 1 8
YOR393W 0 0
YOR394W 0 0
YOR394C-A 0 0
YOR396W 0 0
YOR396C-A 0 0
YPL283C 0 0
YPL283W-B 0 0
YPL283W-A 0 0
YPL282C 0 0
YPL281C 0 0
YPL280W 0 0
YPL279C 2 67
YPL278C 0 0
YPL277C 2 52
YPL274W 1 26
YPL273W 0 0
YPL272C 0 0
YPL271W 3 46
YPL270W 7 748
YPL269W 7 82
YPL268W 7 7171
YPL267W 4 77
YPL266W 1 39
YPL265W 1 11
YPL264C 1 2
YPL263C 4 92
YPL262W 1 10
YPL261C 4 80
YPL260W 0 0
YPL259C 4 447
YPL258C 4 50
YPL257W 1 58
YPL256C 1 1
YPL255W 2 39
YPL254W 0 0
YPL253C 6 181
YPL252C 8 622
YPL251W 1 3
YPL250C 4 35
YPL249C-A 0 0
YPL250W-A 0 0
YPL249C 4 18
YPL248C 4 77
YPL247C 1 2
YPL246C 2 219
YPL245W 4 124
YPL244C 3 88
YPL243W 1 1
YPL242C 1 6
YPL241C 5 115
YPL240C 4 55
YPL239W 1 18
YPL238C 0 0
YPL237W 0 0
YPL236C 1 34
YPL235W 0 0
YPL234C 0 0
YPL233W 0 0
YPL232W 0 0
YPL231W 3 104
YPL230W 3 70
YPL229W 4 13
YPL228W 4 97
YPL227C 0 0
YPL226W 3 136
YPL225W 2 198
YPL224C 10 1641
YPL223C 7 2389
YPL222W 2 74
YPL222C-A 2 6
YPL221W 6 166
YPL220W 8 758
YPL219W 0 0
YPL218W 2 49
YPL217C 4 57
YPL216W 0 0
YPL215W 2 10
YPL214C 2 6
YPL213W 6 1008
YPL212C 2 19
YPL211W 4 61
YPL210C 1 42
YPL209C 6 249
YPL208W 3 52
YPL207W 2 6
YPL206C 2 70
YPL205C 0 0
YPL204W 1 1
YPL203W 3 64
YPL202C 11 303
YPL201C 6 66
YPL200W 0 0
YPL199C 4 24
YPL198W 8 1412
YPL197C 1 14
YPL196W 0 0
YPL195W 4 502
YPL194W 1 1
YPL193W 0 0
YPL192C 2 20
YPL191C 4 534
YPL190C 1 3
YPL189C-A 1 95
YPL189W 0 0
YPL188W 0 0
YPL187W 2 28
YPL186C 10 366
YPL185W 5 165
YPL184C 0 0
YPL183W-A 3 169
YPL183C 3 193
YPL182C 0 0
YPL181W 4 161
YPL180W 0 0
YPL179W 0 0
YPL178W 3 185
YPL177C 4 105
YPL176C 4 44
YPL175W 3 6
YPL174C 1 2
YPL173W 4 397
YPL172C 1 63
YPL171C 2 13
YPL170W 2 3
YPL169C 3 247
YPL168W 2 93
YPL167C 4 97
YPL166W 6 326
YPL165C 0 0
YPL164C 1 120
YPL163C 1 14
YPL162C 3 56
YPL161C 0 0
YPL160W 2 5
YPL159C 0 0
YPL158C 1 4
YPL157W 5 137
YPL156C 2 23
YPL155C 2 282
YPL154C 0 0
YPL153C 3 187
YPL152W-A 5 24
YPL152W 1 5
YPL151C 3 462
YPL150W 3 6
YPL149W 1 10
YPL148C 0 0
YPL147W 2 56
YPL146C 2 3584
YPL145C 0 0
YPL144W 6 1305
YPL143W 1 15
YPL142C 0 0
YPL141C 1 1
YPL140C 2 16
YPL139C 1 7
YPL138C 1 4
YPL137C 1 75
YPL136W 3 6
YPL135W 7 385
YPL135C-A 5 52
YPL134C 7 99
YPL133C 1 1
YPL132W 0 0
YPL131W 0 0
YPL130W 1 7
YPL129W 1 5
YPL128C 1 8
YPL127C 4 177
YPL126W 5 243
YPL125W 0 0
YPL124W 4 81
YPL123C 2 160
YPL122C 4 621
YPL121C 0 0
YPL120W 6 287
YPL119C-A 0 0
YPL119C 1 2
YPL118W 0 0
YPL117C 5 657
YPL116W 6 75
YPL115C 3 52
YPL114W 2 10
YPL113C 1 83
YPL112C 2 55
YPL111W 4 327
YPL110C 0 0
YPL109C 1 1
YPL108W 6 83
YPL107W 3 81
YPL106C 0 0
YPL105C 7 441
YPL104W 1 2
YPL103C 2 114
YPL102C 0 0
YPL101W 5 216
YPL100W 1 21
YPL099C 1 3
YPL098C 0 0
YPL097W 4 109
YPL096C-A 5 23
YPL096W 6 158
YPL095C 1 1
YPL094C 4 75
YPL093W 0 0
YPL092W 1 1
YPL091W 2 84
YPL090C 0 0
YPL089C 7 3504
YPL088W 0 0
YPL087W 0 0
YPL086C 4 31
YPL085W 1 52
YPL084W 3 79
YPL083C 0 0
YPL082C 4 48
YPL081W 2 40
YPL080C 6 310
YPL079W 2 152
YPL078C 4 172
YPL077C 3 121
YPL076W 2 16
YPL075W 4 45
YPL074W 7 129
YPL073C 3 70
YPL072W 1 6
YPL071C 1 2
YPL070W 0 0
YPL069C 6 132
YPL068C 7 286
YPL067C 2 27
YPL066W 3 205
YPL065W 3 25
YPL064C 1 29
YPL063W 0 0
YPL062W 21 2824
YPL061W 5 21
YPL060W 4 141
YPL059W 1 1
YPL058C 1 8
YPL057C 3 18
YPL056C 14 6247
YPL055C 6 915
YPL054W 3 26
YPL053C 1 3
YPL052W 2 198
YPL051W 4 85
YPL050C 0 0
YPL049C 2 62
YPL048W 4 53
YPL047W 1 18
YPL046C 1 19
YPL045W 1 4
YPL044C 1 4
YPL043W 2 40
YPL042C 0 0
YPL041C 9 1126
YPL040C 4 114
YPL039W 3 94
YPL038W-A 1 64
YPL038W 3 11
YPL037C 5 789
YPL036W 3 103
YPL035C 3 69
YPL034W 1 2
YPL033C 4 15
YPL032C 3 32
YPL031C 0 0
YPL030W 1 123
YPL029W 1 2
YPL028W 0 0
YPL027W 0 0
YPL026C 1 11
YPL025C 10 622
YPL024W 9 274
YPL023C 0 0
YPL022W 0 0
YPL021W 0 0
YPL020C 0 0
YPL019C 4 185
YPL018W 5 32
YPL017C 2 9
YPL016W 0 0
YPL015C 14 1305
YPL014W 1 7
YPL013C 5 1154
YPL012W 0 0
YPL011C 4 267
YPL010W 5 963
YPL009C 0 0
YPL008W 1 70
YPL007C 0 0
YPL006W 0 0
YPL005W 1 1
YPL004C 0 0
YPL003W 7 61
YPL002C 5 73
YPL001W 4 233
YPR001W 8 693
YPR002W 4 133
YPR002C-A 2 84
YPR003C 3 16
YPR004C 1 4
YPR005C 1 13
YPR006C 4 10
YPR007C 0 0
YPR008W 1 3
YPR009W 2 5
YPR010C 0 0
YPR010C-A 3 226
YPR011C 0 0
YPR012W 5 70
YPR013C 2 18
YPR014C 2 6
YPR015C 1 22
YPR016C 0 0
YPR016W-A 0 0
YPR017C 8 127
YPR018W 0 0
YPR019W 2 21
YPR020W 4 647
YPR021C 0 0
YPR022C 3 45
YPR023C 2 97
YPR024W 1 4
YPR025C 4 73
YPR026W 4 26
YPR027C 0 0
YPR028W 2 32
YPR029C 0 0
YPR030W 9 2307
YPR031W 4 173
YPR032W 3 16
YPR033C 3 18
YPR034W 0 0
YPR035W 1 5
YPR036W 3 7
YPR036W-A 7 48
YPR037C 3 10
YPR038W 3 423
YPR039W 5 137
YPR040W 9 92
YPR041W 3 100
YPR042C 2 5
YPR043W 2 20
YPR044C 1 4
YPR045C 3 49
YPR046W 9 6263
YPR047W 0 0
YPR048W 4 58
YPR049C 0 0
YPR050C 6 142
YPR051W 3 307
YPR052C 3 67
YPR053C 0 0
YPR054W 1 10
YPR055W 0 0
YPR056W 8 315
YPR057W 8 249
YPR058W 1 9
YPR059C 3 19
YPR060C 1 7
YPR061C 6 278
YPR062W 7 4662
YPR063C 5 96
YPR064W 4 59
YPR065W 1 1
YPR066W 0 0
YPR067W 10 167
YPR068C 5 192
YPR069C 2 19
YPR070W 4 136
YPR071W 0 0
YPR072W 0 0
YPR073C 5 180
YPR074C 4 7
YPR074W-A 10 194
YPR075C 2 20
YPR076W 1 8
YPR077C 1 1
YPR078C 2 9
YPR079W 2 18
YPR080W 1 146
YPR081C 4 51
YPR082C 15 536
YPR083W 4 157
YPR084W 0 0
YPR085C 2 4
YPR086W 2 31
YPR087W 1 2
YPR088C 0 0
YPR089W 3 858
YPR091C 7 677
YPR092W 2 60
YPR093C 4 208
YPR094W 3 92
YPR095C 0 0
YPR096C 1 49
YPR097W 1 7
YPR098C 7 606
YPR099C 2 35
YPR100W 7 136
YPR101W 4 105
YPR102C 1 14
YPR103W 1 1
YPR104C 0 0
YPR105C 5 107
YPR106W 1 15
YPR107C 0 0
YPR108W 3 52
YPR108W-A 1 79
YPR109W 1 27
YPR110C 2 9
YPR111W 6 116
YPR112C 2 3
YPR113W 2 11
YPR114W 1 3
YPR115W 0 0
YPR116W 1 2
YPR117W 1 1
YPR118W 5 197
YPR119W 1 16
YPR120C 0 0
YPR121W 2 26
YPR122W 3 24
YPR123C 2 16
YPR124W 0 0
YPR125W 0 0
YPR126C 6 184
YPR127W 5 1273
YPR128C 4 26
YPR129W 3 38
YPR130C 3 78
YPR131C 6 42
YPR132W 4 24
YPR133C 0 0
YPR133W-A 3 42
YPR134W 1 20
YPR135W 1 10
YPR136C 0 0
YPR137W 1 10
YPR138C 1 1
YPR139C 0 0
YPR140W 0 0
YPR141C 1 1
YPR142C 0 0
YPR143W 3 248
YPR144C 1 9
YPR145W 5 129
YPR145C-A 4 112
YPR146C 0 0
YPR147C 4 93
YPR148C 5 85
YPR149W 2 22
YPR150W 3 61
YPR151C 12 1018
YPR152C 6 816
YPR153W 5 96
YPR154W 8 916
YPR155C 3 8
YPR156C 2 4
YPR157W 3 37
YPR158W 3 33
YPR159W 2 82
YPR159C-A 9 9603
YPR160W 2 329
YPR160W-A 4 50
YPR160C-A 3 11
YPR161C 0 0
YPR162C 2 26
YPR163C 3 25
YPR164W 3 8
YPR165W 0 0
YPR166C 2 12
YPR167C 1 48
YPR168W 3 113
YPR169W 4 275
YPR170C 2 45
YPR169W-A 10 331
YPR170W-B 10 331
YPR170W-A 1 13
YPR171W 5 56
YPR172W 2 4
YPR173C 2 8
YPR174C 2 10
YPR175W 1 1
YPR176C 6 270
YPR177C 0 0
YPR178W 4 131
YPR179C 3 37
YPR180W 3 224
YPR181C 1 18
YPR182W 2 73
YPR183W 5 776
YPR184W 1 186
YPR185W 1 24
YPR186C 5 23
YPR187W 4 89
YPR188C 7 144
YPR189W 1 1
YPR190C 4 39
YPR191W 5 42
YPR192W 4 95
YPR193C 2 17
YPR194C 1 31
YPR195C 6 75
YPR196W 8 170
YPR197C 0 0
YPR198W 1 20
YPR199C 5 1944
YPR200C 0 0
YPR201W 0 0
YPR202W 0 0
YPR203W 0 0
YPR204W 0 0
YPR204C-A 0 0
