YAL069W 6 83
YAL068W-A 6 83
YAL068C 0 0
YAL067W-A 10 1490
YAL067C 3 15
YAL066W 6 18800
YAL065C 3 59
YAL064W-B 3 59
YAL064C-A 1 9
YAL064W 4 92
YAL063C-A 0 0
YAL063C 2 3
YAL062W 10 762
YAL061W 2 14
YAL060W 5 132
YAL059C-A 4 98
YAL059W 4 265
YAL058W 6 125
YAL056C-A 13 11681
YAL056W 8 496
YAL055W 2 31
YAL054C 4 86
YAL053W 1 1
YAL051W 2 65
YAL049C 5 68
YAL048C 3 14
YAL047W-A 3 17
YAL047C 4 58
YAL046C 10 878
YAL045C 4 211
YAL044W-A 10 878
YAL044C 7 913
YAL043C 10 841
YAL042C-A 2 3
YAL042W 9 881
YAL041W 2 194
YAL040C 1 12
YAL039C 7 4026
YAL038W 3 9
YAL037C-B 3 37
YAL037C-A 3 29
YAL037W 0 0
YAL036C 2 42
YAL035W 1 2
YAL034C-B 1 61
YAL034W-A 4 31
YAL034C 7 1118
YAL033W 0 0
YAL032C 5 131
YAL031W-A 6 161
YAL031C 1 34
YAL030W 2 38
YAL029C 0 0
YAL028W 0 0
YAL027W 0 0
YAL026C-A 0 0
YAL026C 0 0
YAL025C 10 1952
YAL024C 1 1
YAL023C 3 47
YAL022C 0 0
YAL021C 4 102
YAL020C 6 194
YAL019W-A 1 5
YAL019W 0 0
YAL018C 0 0
YAL017W 1 15
YAL016C-B 7 92
YAL016C-A 2 99
YAL016W 4 113
YAL015C 2 39
YAL014C 3 30
YAL013W 5 88
YAL012W 7 177
YAL011W 5 550
YAL010C 0 0
YAL009W 2 52
YAL008W 5 53
YAL007C 4 214
YAL005C 2 13
YAL004W 0 0
YAL003W 2 79
YAL002W 7 1329
YAL001C 7 439
YAR002W 8 1143
YAR002C-A 8 435
YAR003W 3 70
YAR007C 3 266
YAR008W 2 116
YAR014C 8 95
YAR015W 3 25
YAR018C 10 176
YAR019C 4 22
YAR019W-A 0 0
YAR020C 0 0
YAR023C 1 6
YAR027W 2 106
YAR028W 6 136
YAR029W 0 0
YAR030C 4 153
YAR031W 2 54
YAR033W 1 1
YAR035W 16 3701
YAR035C-A 8 345
YAR042W 4 399
YAR047C 0 0
YAR050W 1 5
YAR053W 0 0
YAR060C 0 0
YAR064W 0 0
YAR066W 0 0
YAR068W 0 0
YAR069C 0 0
YAR070C 0 0
YAR071W 0 0
YAR073W 0 0
YAR075W 1 7
YBL113C 0 0
YBL113W-A 0 0
YBL112C 0 0
YBL111C 0 0
YBL109W 0 0
YBL108C-A 0 0
YBL108W 0 0
YBL107W-A 0 0
YBL107C 13 376
YBL106C 1 5
YBL105C 0 0
YBL104C 6 925
YBL103C 1 1
YBL102W 4 252
YBL101C 5 122
YBL100W-C 6 64
YBL100C 1 43
YBL099W 0 0
YBL098W 2 159
YBL097W 1 5
YBL096C 2 34
YBL095W 6 149
YBL094C 2 33
YBL093C 1 4
YBL092W 0 0
YBL091C-A 4 308
YBL091C 5 104
YBL090W 0 0
YBL089W 6 62
YBL088C 1 5
YBL087C 3 17
YBL086C 2 18
YBL085W 2 23
YBL084C 2 10
YBL083C 3 93
YBL082C 7 144
YBL081W 2 183
YBL080C 1 12
YBL079W 2 8
YBL078C 3 69
YBL077W 9 68
YBL076C 0 0
YBL075C 4 28
YBL074C 4 345
YBL073W 3 108
YBL072C 1 1
YBL071C-B 2 8
YBL071W-A 10 3449
YBL071C 5 120
YBL070C 5 133
YBL069W 3 12
YBL068W-A 4 299
YBL068W 4 17
YBL067C 3 58
YBL066C 6 271
YBL065W 2 107
YBL064C 4 83
YBL063W 5 111
YBL062W 5 302
YBL061C 1 312
YBL060W 9 562
YBL059C-A 3 33
YBL059W 2 4
YBL058W 9 190
YBL057C 5 134
YBL056W 2 20
YBL055C 9 7598
YBL054W 1 6
YBL053W 7 913
YBL052C 2 12
YBL051C 0 0
YBL050W 1 4
YBL049W 2 10
YBL048W 0 0
YBL047C 1 41
YBL046W 6 150
YBL045C 1 95
YBL044W 6 604
YBL043W 4 33
YBL042C 1 15
YBL041W 2 8
YBL040C 1 20
YBL039W-B 0 0
YBL039C 2 10
YBL039C-A 0 0
YBL038W 1 22
YBL037W 1 2
YBL036C 12 1618
YBL035C 0 0
YBL034C 1 3
YBL033C 3 20
YBL032W 3 4
YBL031W 8 563
YBL030C 2 9
YBL029C-A 5 79
YBL029W 1 57
YBL028C 5 2945
YBL027W 1 6
YBL026W 1 1
YBL025W 2 19
YBL024W 4 74
YBL023C 1 2
YBL022C 2 26
YBL021C 9 1019
YBL020W 0 0
YBL019W 3 877
YBL018C 1 21
YBL017C 3 173
YBL016W 3 224
YBL015W 5 14
YBL014C 3 15
YBL013W 8 196
YBL012C 1 1
YBL011W 2 30
YBL010C 7 47
YBL009W 3 12
YBL008W-A 1 87
YBL008W 0 0
YBL007C 10 2682
YBL006C 11 1056
YBL006W-A 2 23
YBL005W 2 9
YBL004W 1 59
YBL003C 6 23
YBL002W 6 195
YBL001C 6 181
YBR001C 6 1672
YBR002C 3 7
YBR003W 3 14
YBR004C 7 34
YBR005W 3 7
YBR006W 3 11
YBR007C 6 115
YBR008C 3 17
YBR009C 5 67
YBR010W 4 88
YBR011C 6 232
YBR012C 0 0
YBR013C 1 29
YBR014C 1 1
YBR015C 2 39
YBR016W 0 0
YBR017C 4 28
YBR018C 2 3
YBR019C 0 0
YBR020W 3 20
YBR021W 0 0
YBR022W 0 0
YBR023C 3 120
YBR024W 2 28
YBR025C 4 53
YBR026C 4 58
YBR027C 0 0
YBR028C 1 2
YBR029C 4 49
YBR030W 5 509
YBR031W 5 18
YBR032W 5 98
YBR033W 4 22
YBR034C 4 88
YBR035C 6 96
YBR036C 6 213
YBR037C 13 571
YBR038W 2 4
YBR039W 1 2
YBR040W 0 0
YBR041W 1 78
YBR042C 1 10
YBR043C 1 1
YBR044C 0 0
YBR045C 0 0
YBR046C 8 260
YBR047W 5 197
YBR048W 0 0
YBR049C 11 1617
YBR050C 2 1265
YBR051W 0 0
YBR052C 4 16
YBR053C 11 771
YBR054W 0 0
YBR055C 2 9
YBR056W 4 32
YBR056W-A 4 52
YBR056C-B 3 364
YBR057C 3 21
YBR058C 3 84
YBR058C-A 4 29
YBR059C 1 2
YBR060C 1 36
YBR061C 10 839
YBR062C 3 20
YBR063C 2 6
YBR064W 0 0
YBR065C 1 3
YBR066C 0 0
YBR067C 2 3
YBR068C 2 6
YBR069C 3 32
YBR070C 3 103
YBR071W 8 258
YBR072W 1 4
YBR072C-A 2 16
YBR073W 3 14
YBR074W 4 504
YBR076W 0 0
YBR076C-A 10 334
YBR077C 0 0
YBR078W 2 8
YBR079C 5 158
YBR080C 0 0
YBR081C 3 93
YBR082C 8 215
YBR083W 4 61
YBR084W 1 2
YBR084C-A 4 70
YBR085W 1 2
YBR085C-A 5 53
YBR086C 4 259
YBR087W 5 54
YBR088C 0 0
YBR089W 1 57
YBR089C-A 6 15
YBR090C 7 2823
YBR091C 6 1024
YBR092C 0 0
YBR093C 2 25
YBR094W 3 49
YBR095C 12 204
YBR096W 0 0
YBR097W 4 158
YBR098W 7 1820
YBR099C 4 71
YBR101C 7 194
YBR102C 1 404
YBR103W 1 1
YBR103C-A 6 1056
YBR104W 0 0
YBR105C 2 20
YBR106W 6 381
YBR107C 4 209
YBR108W 8 9901
YBR109C 4 74
YBR109W-A 2 26
YBR110W 1 2
YBR111C 2 10
YBR111W-A 6 136
YBR112C 0 0
YBR113W 0 0
YBR114W 3 132
YBR115C 1 2
YBR116C 4 49
YBR117C 1 4
YBR118W 6 120
YBR119W 1 61
YBR120C 3 537
YBR121C 1 8
YBR121C-A 0 0
YBR122C 6 259
YBR123C 6 124
YBR124W 2 3
YBR125C 0 0
YBR126C 6 399
YBR126W-A 15 1853
YBR126W-B 8 305
YBR127C 2 60
YBR128C 8 616
YBR129C 4 64
YBR130C 2 39
YBR131W 3 104
YBR131C-A 0 0
YBR132C 3 38
YBR133C 4 15
YBR134W 0 0
YBR135W 1 288
YBR136W 3 20
YBR137W 0 0
YBR138C 1 8
YBR139W 6 443
YBR140C 1 12
YBR141C 4 130
YBR141W-A 1 51
YBR142W 1 33
YBR143C 5 35
YBR144C 13 477
YBR145W 9 95
YBR146W 0 0
YBR147W 4 105
YBR148W 0 0
YBR149W 11 773
YBR150C 8 71
YBR151W 1 16
YBR152W 0 0
YBR153W 3 24
YBR154C 2 61
YBR155W 1 74
YBR156C 1 53
YBR157C 2 8
YBR158W 1 13
YBR159W 0 0
YBR160W 0 0
YBR161W 0 0
YBR162C 5 318
YBR162W-A 9 2871
YBR163W 2 91
YBR164C 3 106
YBR165W 0 0
YBR166C 4 115
YBR167C 2 50
YBR168W 1 5
YBR169C 1 1
YBR170C 3 39
YBR171W 4 68
YBR172C 3 30
YBR173C 7 97
YBR174C 4 496
YBR175W 10 805
YBR176W 0 0
YBR177C 2 40
YBR178W 3 12
YBR179C 4 45
YBR180W 1 1
YBR181C 2 18
YBR182C 4 931
YBR182C-A 12 2064
YBR183W 4 37
YBR184W 4 116
YBR185C 0 0
YBR186W 5 96
YBR187W 5 115
YBR188C 1 192
YBR189W 0 0
YBR190W 3 156
YBR191W 0 0
YBR191W-A 0 0
YBR192W 1 1
YBR193C 5 55
YBR194W 0 0
YBR195C 1 4
YBR196C 0 0
YBR196C-A 3 569
YBR196C-B 4 76
YBR197C 4 155
YBR198C 2 21
YBR199W 2 20
YBR200W 0 0
YBR200W-A 2 2
YBR201W 1 431
YBR201C-A 1 8
YBR202W 1 2
YBR203W 4 793
YBR204C 5 464
YBR205W 8 61
YBR206W 1 3
YBR207W 1 3
YBR208C 0 0
YBR209W 0 0
YBR210W 4 147
YBR211C 1 2
YBR212W 2 23
YBR213W 6 46
YBR214W 4 123
YBR215W 5 294
YBR216C 3 94
YBR217W 5 95
YBR218C 2 40
YBR219C 3 19
YBR220C 4 68
YBR221C 2 7
YBR221W-A 10 285
YBR222C 5 140
YBR223C 2 3
YBR223W-A 1 3
YBR224W 0 0
YBR225W 0 0
YBR226C 2 23
YBR227C 2 31
YBR228W 2 31
YBR229C 6 75
YBR230C 5 632
YBR230W-A 10 51
YBR231C 5 43
YBR232C 0 0
YBR233W 1 1
YBR233W-A 5 89
YBR234C 4 154
YBR235W 1 1
YBR236C 2 13
YBR237W 5 106
YBR238C 2 97
YBR239C 0 0
YBR240C 5 892
YBR241C 2 3
YBR242W 4 38
YBR243C 5 89
YBR244W 0 0
YBR245C 0 0
YBR246W 0 0
YBR247C 1 180
YBR248C 2 41
YBR249C 2 17
YBR250W 0 0
YBR251W 5 285
YBR252W 0 0
YBR253W 6 24
YBR254C 4 368
YBR255W 4 90
YBR255C-A 8 165
YBR256C 7 195
YBR257W 1 1
YBR258C 7 474
YBR259W 3 45
YBR260C 12 1054
YBR261C 7 122
YBR262C 3 24
YBR263W 10 271
YBR264C 4 41
YBR265W 4 66
YBR267W 2 19
YBR266C 1 6
YBR268W 12 321
YBR269C 7 96
YBR270C 3 7
YBR271W 1 1
YBR272C 4 426
YBR273C 6 450
YBR274W 2 3
YBR275C 0 0
YBR276C 0 0
YBR277C 3 79
YBR278W 4 27
YBR279W 2 21
YBR280C 4 29
YBR281C 7 2182
YBR282W 2 84
YBR283C 2 21
YBR284W 7 390
YBR285W 4 43
YBR286W 3 5
YBR287W 1 11
YBR288C 3 91
YBR289W 1 4
YBR290W 3 6
YBR291C 0 0
YBR292C 1 2
YBR293W 4 50
YBR294W 1 40
YBR295W 3 240
YBR296C 1 64
YBR296C-A 4 44
YBR297W 9 65
YBR298C 2 3
YBR298C-A 0 0
YBR299W 0 0
YBR300C 0 0
YBR301W 0 0
YBR302C 0 0
YCL076W 2 5
YCL073C 0 0
YCL069W 0 0
YCL068C 0 0
YCL067C 0 0
YCL066W 0 0
YCL065W 0 0
YCL064C 2 58
YCL063W 5 39
YCL061C 1 2
YCL059C 1 1
YCL058C 12 358
YCL058W-A 1 6
YCL057C-A 10 4141
YCL057W 3 67
YCL056C 2 23
YCL055W 2 19
YCL054W 3 91
YCL052C 3 44
YCL051W 1 14
YCL050C 2 29
YCL049C 5 1970
YCL048W-A 1 26
YCL048W 1 92
YCL047C 7 113
YCL045C 3 52
YCL046W 0 0
YCL044C 4 32
YCL043C 2 4
YCL041C 8 2858
YCL042W 1 1
YCL040W 7 607
YCL039W 3 11
YCL038C 3 60
YCL037C 4 168
YCL036W 12 134
YCL035C 7 637
YCL034W 6 490
YCL033C 2 43
YCL032W 0 0
YCL031C 1 36
YCL030C 6 298
YCL029C 8 465
YCL028W 7 524
YCL027W 0 0
YCL026C-B 4 183
YCL026C-A 3 290
YCL025C 4 82
YCL023C 0 0
YCL024W 4 23
YCL022C 1 17
YCL021W-A 0 0
YCL018W 6 72
YCL017C 0 0
YCL016C 5 80
YCL014W 1 1
YCL012C 4 97
YCL011C 3 254
YCL010C 11 2153
YCL009C 9 1256
YCL008C 2 54
YCL007C 3 18
YCL005W-A 4 96
YCL005W 3 1709
YCL004W 7 127
YCL002C 5 276
YCL001W 4 161
YCL001W-A 1 21
YCL001W-B 1 158
YCR001W 3 46
YCR002C 2 74
YCR003W 13 658
YCR004C 0 0
YCR005C 6 329
YCR006C 12 436
YCR007C 2 228
YCR008W 0 0
YCR009C 2 8
YCR010C 4 30
YCR011C 1 106
YCR012W 5 102
YCR013C 5 163
YCR014C 6 914
YCR015C 1 35
YCR016W 4 20
YCR017C 4 401
YCR018C 0 0
YCR018C-A 4 67
YCR019W 0 0
YCR020C 0 0
YCR020C-A 7 805
YCR020W-B 3 19
YCR021C 0 0
YCR022C 7 494
YCR023C 1 20
YCR024C 2 18
YCR024C-B 3 21
YCR024C-A 2 4
YCR025C 17 1081
YCR026C 4 238
YCR027C 2 2
YCR028C 0 0
YCR028C-A 1 82
YCR030C 2 38
YCR031C 3 38
YCR032W 1 27
YCR033W 2 6
YCR034W 0 0
YCR035C 7 347
YCR036W 4 207
YCR037C 2 7948
YCR038C 0 0
YCR038W-A 0 0
YCR039C 0 0
YCR040W 0 0
YCR041W 0 0
YCR042C 1 1
YCR043C 3 517
YCR044C 4 1159
YCR045C 3 367
YCR045W-A 0 0
YCR046C 2 6
YCR047C 0 0
YCR047W-A 1 3
YCR049C 2 307
YCR048W 3 52
YCR050C 0 0
YCR051W 1 2
YCR052W 2 8
YCR053W 2 49
YCR054C 1 1
YCR057C 4 316
YCR059C 12 4403
YCR060W 10 4070
YCR061W 12 308
YCR064C 3 345
YCR063W 5 21
YCR065W 0 0
YCR066W 6 36
YCR067C 0 0
YCR068W 5 133
YCR069W 1 1
YCR071C 1 63
YCR072C 6 86
YCR073C 0 0
YCR073W-A 12 5013
YCR075C 6 345
YCR075W-A 4 163
YCR076C 7 146
YCR077C 9 1930
YCR079W 2 101
YCR081W 0 0
YCR081C-A 10 257
YCR082W 0 0
YCR083W 7 336
YCR084C 2 80
YCR085W 0 0
YCR086W 1 6
YCR087W 1 7
YCR087C-A 6 907
YCR088W 6 1231
YCR089W 2 15
YCR090C 5 79
YCR091W 4 145
YCR092C 5 207
YCR093W 5 46
YCR094W 2 3
YCR095C 1 45
YCR095W-A 1 1
YCR096C 0 0
YCR097W 0 0
YCR097W-A 1 12
YCR098C 1 3
YCR099C 2 2
YCR100C 1 1
YCR101C 3 84
YCR102C 2 49
YCR102W-A 0 0
YCR104W 0 0
YCR105W 0 0
YCR106W 10 494
YCR107W 3 21
YCR108C 8 385
YDL248W 3 426
YDL247W-A 0 0
YDL247W 0 0
YDL246C 0 0
YDL245C 0 0
YDL244W 0 0
YDL243C 2 18
YDL242W 4 57
YDL241W 1 1
YDL240C-A 3 38
YDL240W 4 261
YDL239C 0 0
YDL238C 1 1
YDL237W 3 32
YDL236W 4 363
YDL235C 1 1
YDL234C 3 214
YDL233W 0 0
YDL232W 6 41
YDL231C 1 2
YDL230W 2 58
YDL229W 3 51
YDL228C 5 92
YDL227C 1 82
YDL226C 8 354
YDL225W 6 432
YDL224C 1 60
YDL223C 1 36
YDL222C 2 134
YDL221W 4 62
YDL220C 3 147
YDL219W 2 42
YDL218W 2 16
YDL217C 4 70
YDL216C 2 19
YDL215C 5 206
YDL214C 1 16
YDL213C 3 36
YDL212W 3 145
YDL211C 1 5
YDL210W 1 1
YDL209C 6 687
YDL208W 8 113
YDL207W 4 9
YDL206W 0 0
YDL205C 1 22
YDL204W 9 350
YDL203C 4 156
YDL202W 1 10
YDL201W 0 0
YDL200C 8 431
YDL199C 7 50
YDL198C 5 241
YDL197C 5 90
YDL196W 12 724
YDL195W 2 27
YDL194W 0 0
YDL193W 0 0
YDL192W 2 24
YDL191W 1 1
YDL190C 0 0
YDL189W 0 0
YDL188C 2 38
YDL187C 2 82
YDL186W 1 13
YDL185C-A 1 4
YDL185W 1 21
YDL184C 9 285
YDL183C 3 11
YDL182W 4 24
YDL181W 1 21
YDL180W 5 29
YDL179W 0 0
YDL178W 1 96
YDL177C 4 124
YDL176W 2 7
YDL175C 8 212
YDL174C 12 284
YDL173W 7 59
YDL172C 1 32
YDL171C 1 70
YDL170W 7 468
YDL169C 6 538
YDL168W 5 2554
YDL167C 2 99
YDL166C 2 4
YDL165W 3 83
YDL164C 5 157
YDL163W 1 5
YDL162C 4 190
YDL161W 2 13
YDL160C-A 3 21
YDL160C 0 0
YDL159W-A 0 0
YDL159W 10 341
YDL159C-B 1 10
YDL158C 0 0
YDL157C 9 1501
YDL156W 1 5
YDL155W 0 0
YDL154W 1 3
YDL153C 2 7
YDL152W 0 0
YDL151C 0 0
YDL150W 0 0
YDL149W 5 63
YDL148C 3 16
YDL147W 5 76
YDL146W 0 0
YDL145C 1 2
YDL144C 3 869
YDL143W 2 43
YDL142C 3 14
YDL141W 4 25
YDL140C 0 0
YDL139C 7 1450
YDL138W 6 457
YDL137W 4 109
YDL136W 5 1133
YDL135C 3 26
YDL134C 1 6
YDL133C-A 4 56
YDL133W 3 299
YDL132W 0 0
YDL131W 2 14
YDL130W-A 9 261
YDL130W 0 0
YDL129W 2 377
YDL128W 2 13
YDL127W 4 88
YDL126C 2 58
YDL125C 7 722
YDL124W 16 3448
YDL123W 9 8125
YDL122W 2 34
YDL121C 6 230
YDL120W 0 0
YDL119C 2 11
YDL118W 1 9
YDL117W 2 14
YDL116W 1 4
YDL115C 2 10
YDL114W-A 1 56
YDL114W 0 0
YDL113C 5 39
YDL112W 0 0
YDL111C 4 232
YDL110C 6 283
YDL109C 4 264
YDL108W 3 59
YDL107W 0 0
YDL106C 5 469
YDL105W 3 80
YDL104C 3 14
YDL103C 5 57
YDL102W 4 77
YDL101C 4 147
YDL100C 8 317
YDL099W 3 74
YDL098C 2 17
YDL097C 0 0
YDL096C 0 0
YDL095W 3 75
YDL094C 1 53
YDL093W 3 42
YDL092W 7 407
YDL091C 1 1
YDL090C 7 64
YDL089W 1 42
YDL088C 5 1609
YDL087C 4 24
YDL086W 4 284
YDL086C-A 0 0
YDL085C-A 3 85
YDL085W 4 28
YDL084W 0 0
YDL083C 2 41
YDL082W 3 22
YDL081C 0 0
YDL080C 3 352
YDL079C 2 50
YDL078C 4 166
YDL077C 1 70
YDL076C 0 0
YDL075W 1 4
YDL074C 2 6
YDL073W 3 66
YDL072C 8 1420
YDL071C 0 0
YDL070W 2 8
YDL069C 0 0
YDL068W 1 72
YDL067C 5 107
YDL066W 7 110
YDL065C 6 153
YDL064W 3 68
YDL063C 1 74
YDL062W 2 34
YDL061C 3 31
YDL060W 2 9
YDL059C 3 37
YDL058W 4 2652
YDL057W 3 69
YDL056W 0 0
YDL055C 0 0
YDL054C 0 0
YDL053C 4 39
YDL052C 2 141
YDL051W 1 14
YDL050C 2 121
YDL049C 3 25
YDL048C 3 28
YDL047W 1 3
YDL046W 3 75
YDL045W-A 4 62
YDL045C 0 0
YDL044C 4 181
YDL043C 3 57
YDL042C 10 1595
YDL041W 3 33
YDL040C 2 160
YDL039C 5 142
YDL037C 2 9
YDL036C 2 26
YDL035C 1 48
YDL034W 4 231
YDL033C 0 0
YDL032W 3 162
YDL031W 2 31
YDL030W 1 76
YDL029W 2 620
YDL028C 4 69
YDL027C 3 31
YDL026W 0 0
YDL025C 0 0
YDL025W-A 0 0
YDL024C 5 214
YDL022C-A 1 5
YDL023C 2 86
YDL022W 2 18
YDL021W 4 169
YDL020C 1 13
YDL019C 2 8
YDL018C 7 44
YDL017W 1 1
YDL016C 3 64
YDL015C 0 0
YDL014W 0 0
YDL013W 1 10
YDL012C 9 885
YDL011C 2 74
YDL010W 5 82
YDL009C 1 11
YDL008W 7 727
YDL007C-A 4 73
YDL007W 2 391
YDL006W 2 7
YDL005C 2 83
YDL004W 3 11
YDL003W 0 0
YDL002C 3 25
YDL001W 2 10
YDR001C 3 208
YDR002W 0 0
YDR003W 6 365
YDR003W-A 1 1
YDR004W 5 199
YDR005C 1 164
YDR006C 3 30
YDR007W 10 221
YDR008C 4 45
YDR009W 5 1684
YDR010C 7 71
YDR011W 1 46
YDR012W 5 45
YDR013W 5 23
YDR014W 1 135
YDR014W-A 2 19
YDR015C 0 0
YDR016C 5 64
YDR017C 1 14
YDR018C 9 634
YDR019C 5 7712
YDR020C 0 0
YDR021W 0 0
YDR022C 16 2831
YDR023W 2 29
YDR024W 0 0
YDR025W 1 2
YDR026C 5 54
YDR027C 0 0
YDR028C 0 0
YDR029W 0 0
YDR030C 9 114
YDR031W 9 207
YDR032C 0 0
YDR033W 2 5
YDR034C 1 18
YDR034C-A 6 238
YDR034W-B 0 0
YDR035W 8 205
YDR036C 4 90
YDR037W 2 38
YDR038C 0 0
YDR039C 0 0
YDR040C 1 4
YDR041W 4 54
YDR042C 1 1
YDR043C 1 14
YDR044W 2 25
YDR045C 4 68
YDR046C 1 9
YDR047W 1 13
YDR048C 7 98
YDR049W 5 617
YDR050C 4 53
YDR051C 7 355
YDR052C 1 2
YDR053W 1 7
YDR054C 2 6
YDR055W 5 100
YDR056C 4 39
YDR057W 5 384
YDR058C 6 55
YDR059C 6 691
YDR060W 4 108
YDR061W 1 3
YDR062W 1 3
YDR063W 2 16
YDR064W 2 7
YDR065W 2 10
YDR066C 1 13
YDR067C 5 498
YDR068W 1 13
YDR069C 3 58
YDR070C 2 21
YDR071C 4 90
YDR072C 3 77
YDR073W 4 247
YDR074W 2 4
YDR075W 2 254
YDR076W 2 68
YDR077W 2 8
YDR078C 4 45
YDR079W 2 18
YDR079C-A 4 94
YDR080W 6 467
YDR081C 1 6
YDR082W 0 0
YDR083W 4 88
YDR084C 5 150
YDR085C 3 13
YDR086C 1 3
YDR087C 5 80
YDR088C 1 4
YDR089W 4 95
YDR090C 2 20
YDR091C 2 268
YDR092W 2 6
YDR093W 0 0
YDR094W 15 414
YDR095C 3 19
YDR096W 1 1
YDR097C 0 0
YDR098C 12 471
YDR099W 2 70
YDR100W 7 681
YDR101C 1 2
YDR102C 2 42
YDR103W 1 102
YDR104C 4 33
YDR105C 0 0
YDR106W 2 4
YDR107C 3 6
YDR108W 2 24
YDR109C 12 1225
YDR110W 4 189
YDR111C 2 22
YDR112W 1 37
YDR113C 0 0
YDR114C 3 67
YDR115W 8 229
YDR116C 0 0
YDR117C 0 0
YDR118W 4 198
YDR118W-A 0 0
YDR119W 0 0
YDR119W-A 8 802
YDR120C 13 895
YDR121W 2 12
YDR122W 1 10
YDR123C 3 9
YDR124W 11 3722
YDR125C 3 34
YDR126W 5 198
YDR127W 4 26
YDR128W 1 4
YDR129C 1 6
YDR130C 4 23
YDR131C 1 10
YDR132C 2 31
YDR133C 1 53
YDR135C 4 481
YDR136C 0 0
YDR137W 4 74
YDR138W 4 73
YDR139C 3 17
YDR140W 8 504
YDR141C 2 65
YDR142C 9 147
YDR143C 0 0
YDR144C 0 0
YDR145W 5 235
YDR146C 0 0
YDR147W 0 0
YDR148C 2 309
YDR149C 1 1
YDR150W 4 63
YDR151C 4 23
YDR152W 3 91
YDR153C 6 240
YDR154C 1 6
YDR155C 2 16
YDR156W 5 280
YDR157W 2 41
YDR158W 3 166
YDR159W 0 0
YDR160W 0 0
YDR161W 3 46
YDR162C 0 0
YDR163W 1 2
YDR164C 1 1
YDR165W 0 0
YDR166C 1 23
YDR167W 1 1
YDR168W 4 50
YDR169C 0 0
YDR169C-A 7 257
YDR170C 1 31
YDR171W 4 246
YDR172W 4 249
YDR173C 5 115
YDR174W 12 420
YDR175C 3 80
YDR176W 3 9
YDR177W 1 18
YDR178W 7 188
YDR179C 4 157
YDR179W-A 1 1
YDR180W 1 1
YDR181C 6 407
YDR182W 5 83
YDR182W-A 5 677
YDR183W 5 137
YDR183C-A 1 2
YDR184C 1 19
YDR185C 0 0
YDR186C 9 4543
YDR187C 4 153
YDR188W 6 359
YDR189W 1 104
YDR190C 1 15
YDR191W 3 52
YDR192C 2 3
YDR193W 0 0
YDR194C 0 0
YDR194W-A 1 4
YDR195W 1 45
YDR196C 4 85
YDR197W 2 2
YDR198C 9 3291
YDR199W 5 217
YDR200C 5 90
YDR201W 11 468
YDR202C 3 436
YDR203W 2 110
YDR204W 3 424
YDR205W 4 39
YDR206W 0 0
YDR207C 3 8
YDR208W 2 6
YDR209C 1 6
YDR210W 2 5
YDR211W 2 329
YDR212W 0 0
YDR213W 0 0
YDR214W 1 1
YDR215C 8 44
YDR216W 0 0
YDR217C 6 147
YDR218C 2 42
YDR219C 0 0
YDR220C 0 0
YDR221W 0 0
YDR222W 0 0
YDR223W 0 0
YDR224C 2 211
YDR225W 4 128
YDR226W 1 97
YDR227W 0 0
YDR228C 1 16
YDR229W 1 487
YDR230W 0 0
YDR231C 20 1019
YDR232W 4 41
YDR233C 7 278
YDR234W 3 85
YDR235W 2 2
YDR236C 8 462
YDR237W 1 5
YDR238C 0 0
YDR239C 1 5
YDR240C 3 68
YDR241W 0 0
YDR242W 1 37
YDR243C 4 21
YDR244W 5 41
YDR245W 0 0
YDR246W 0 0
YDR246W-A 13 382
YDR247W 0 0
YDR248C 1 55
YDR249C 2 10
YDR250C 3 36
YDR251W 1 16
YDR252W 7 143
YDR253C 1 9
YDR254W 3 62
YDR255C 4 9
YDR256C 1 125
YDR257C 5 77
YDR258C 7 602
YDR259C 0 0
YDR260C 7 104
YDR261C 0 0
YDR262W 7 104
YDR263C 2 9
YDR264C 4 117
YDR265W 5 683
YDR266C 0 0
YDR267C 2 17
YDR268W 2 61
YDR269C 1 96
YDR270W 1 17
YDR271C 11 418
YDR272W 2 73
YDR273W 2 29
YDR274C 11 1488
YDR275W 16 699
YDR276C 5 78
YDR277C 6 1156
YDR278C 3 18
YDR279W 1 2
YDR280W 1 1
YDR281C 0 0
YDR282C 10 2215
YDR283C 1 59
YDR284C 2 31
YDR285W 0 0
YDR286C 1 143
YDR287W 4 24
YDR288W 4 339
YDR289C 3 26
YDR290W 1 2
YDR291W 2 115
YDR292C 0 0
YDR293C 1 95
YDR294C 7 1462
YDR295C 0 0
YDR296W 3 16
YDR297W 2 3
YDR298C 2 3
YDR299W 6 441
YDR300C 2 27
YDR301W 0 0
YDR302W 4 42
YDR303C 5 69
YDR304C 3 43
YDR305C 10 484
YDR306C 9 1173
YDR307W 1 2
YDR308C 1 2
YDR309C 4 118
YDR310C 0 0
YDR311W 2 8
YDR312W 4 1067
YDR313C 6 191
YDR314C 3 38
YDR315C 8 421
YDR316W 5 22
YDR317W 3 12
YDR318W 2 64
YDR319C 1 120
YDR320C 3 17
YDR320C-A 2 21
YDR320W-B 1 27
YDR321W 6 826
YDR322W 3 212
YDR322C-A 6 156
YDR323C 3 481
YDR324C 4 68
YDR325W 9 470
YDR326C 2 49
YDR327W 14 1984
YDR328C 5 37
YDR329C 8 274
YDR330W 3 22
YDR331W 9 1374
YDR332W 3 209
YDR333C 7 236
YDR334W 0 0
YDR335W 0 0
YDR336W 4 337
YDR337W 4 43
YDR338C 3 72
YDR339C 4 19
YDR340W 0 0
YDR341C 3 5
YDR342C 1 14
YDR343C 0 0
YDR344C 4 80
YDR345C 0 0
YDR346C 2 4
YDR347W 3 35
YDR348C 0 0
YDR349C 2 35
YDR350C 5 55
YDR351W 0 0
YDR352W 2 45
YDR353W 1 1
YDR354W 2 4
YDR354C-A 0 0
YDR355C 0 0
YDR356W 6 618
YDR357C 4 194
YDR358W 4 18
YDR359C 1 6
YDR360W 1 1
YDR361C 0 0
YDR362C 0 0
YDR363W 5 165
YDR363W-A 14 3014
YDR364C 0 0
YDR365C 5 110
YDR366C 1 2
YDR367W 1 22
YDR368W 5 34
YDR369C 4 293
YDR370C 7 456
YDR371W 7 113
YDR371C-A 1 198
YDR372C 0 0
YDR373W 2 71
YDR374C 2 4
YDR374W-A 9 3568
YDR375C 15 1132
YDR376W 1 1
YDR377W 1 29
YDR378C 5 38
YDR379W 1 2
YDR379C-A 4 251
YDR380W 2 61
YDR381W 0 0
YDR381C-A 4 39
YDR382W 1 25
YDR383C 4 56
YDR384C 1 1
YDR385W 4 166
YDR386W 13 571
YDR387C 1 10
YDR388W 9 55
YDR389W 2 10
YDR390C 11 1024
YDR391C 3 41
YDR392W 2 33
YDR393W 3 112
YDR394W 2 30
YDR395W 0 0
YDR396W 4 9
YDR397C 12 383
YDR398W 3 1735
YDR399W 6 117
YDR400W 2 16
YDR401W 6 36
YDR402C 0 0
YDR403W 0 0
YDR404C 2 10
YDR405W 4 14
YDR406W 10 128
YDR406W-A 0 0
YDR407C 3 6
YDR408C 0 0
YDR409W 1 21
YDR410C 0 0
YDR411C 5 114
YDR412W 4 74
YDR413C 1 13
YDR414C 1 19
YDR415C 1 9
YDR416W 2 10
YDR417C 0 0
YDR418W 1 32
YDR419W 6 63
YDR420W 1 17
YDR421W 3 60
YDR422C 4 19
YDR423C 9 286
YDR424C 4 978
YDR425W 6 418
YDR426C 5 29
YDR427W 4 44
YDR428C 4 97
YDR429C 5 147
YDR430C 2 16
YDR431W 2 77
YDR432W 1 5
YDR433W 2 4
YDR434W 0 0
YDR435C 1 5
YDR436W 2 27
YDR437W 0 0
YDR438W 7 157
YDR439W 0 0
YDR440W 0 0
YDR441C 8 103
YDR442W 3 3027
YDR443C 3 33
YDR444W 2 93
YDR445C 0 0
YDR446W 2 12
YDR447C 2 22
YDR448W 1 20
YDR449C 8 131
YDR450W 1 1
YDR451C 3 12
YDR452W 4 152
YDR453C 1 3
YDR454C 0 0
YDR455C 3 62
YDR456W 6 200
YDR457W 3 12
YDR458C 1 18
YDR459C 0 0
YDR460W 2 26
YDR461W 5 36
YDR461C-A 5 136
YDR462W 4 82
YDR463W 6 648
YDR464W 1 24
YDR464C-A 3 92
YDR465C 7 198
YDR466W 3 358
YDR467C 5 331
YDR468C 2 149
YDR469W 4 439
YDR470C 0 0
YDR471W 7 641
YDR472W 2 87
YDR473C 1 2
YDR475C 0 0
YDR476C 16 1093
YDR477W 0 0
YDR478W 2 59
YDR479C 8 171
YDR480W 1 1
YDR481C 5 201
YDR482C 5 66
YDR483W 4 291
YDR484W 1 22
YDR485C 3 10
YDR486C 6 53
YDR487C 7 228
YDR488C 1 14
YDR489W 1 1
YDR490C 2 13
YDR491C 1 5
YDR492W 2 35
YDR493W 0 0
YDR494W 2 57
YDR495C 6 242
YDR496C 2 8
YDR497C 3 48
YDR498C 6 166
YDR499W 2 9
YDR500C 4 120
YDR501W 1 2
YDR502C 5 225
YDR503C 4 39
YDR504C 1 20
YDR505C 4 82
YDR506C 5 58
YDR507C 1 1
YDR508C 4 6
YDR509W 2 7
YDR510W 2 68
YDR510C-A 1 7
YDR511W 0 0
YDR512C 4 205
YDR513W 4 218
YDR514C 0 0
YDR515W 2 21
YDR516C 11 364
YDR517W 2 3
YDR518W 3 22
YDR519W 4 220
YDR520C 1 54
YDR521W 1 82
YDR522C 10 20795
YDR523C 0 0
YDR524C 8 508
YDR524W-C 5 29
YDR524C-B 7 85
YDR524C-A 4 351
YDR525W 7 85
YDR525W-A 17 551
YDR526C 5 310
YDR527W 2 14
YDR528W 1 1
YDR529C 6 97
YDR530C 4 44
YDR531W 2 42
YDR532C 1 9
YDR533C 1 2
YDR534C 1 1
YDR535C 11 2725
YDR536W 4 12
YDR537C 3 35
YDR538W 0 0
YDR539W 3 12
YDR540C 1 15
YDR541C 1 57
YDR542W 1 1
YDR543C 5 46
YDR544C 0 0
YDR545W 0 0
YDR545C-A 0 0
YEL077C 0 0
YEL077W-A 3 29
YEL076C-A 0 0
YEL076C 0 0
YEL075W-A 0 0
YEL075C 0 0
YEL074W 1 3
YEL073C 3 116
YEL072W 0 0
YEL071W 2 26
YEL070W 1 168
YEL069C 2 78
YEL068C 8 715
YEL067C 3 109
YEL066W 18 1051
YEL065W 7 246
YEL064C 2 229
YEL063C 0 0
YEL062W 4 228
YEL061C 0 0
YEL060C 3 233
YEL059C-A 5 335
YEL059W 3 8
YEL058W 7 213
YEL057C 3 86
YEL056W 3 103
YEL055C 1 6
YEL054C 1 2
YEL053W-A 1 1
YEL053C 1 1
YEL052W 4 188
YEL051W 3 102
YEL050W-A 2 23
YEL050C 5 205
YEL049W 4 49
YEL048C 1 3
YEL047C 4 58
YEL046C 6 211
YEL045C 3 19
YEL044W 6 46
YEL043W 6 70
YEL042W 0 0
YEL041W 2 80
YEL040W 3 36
YEL039C 4 49
YEL038W 8 143
YEL037C 3 132
YEL036C 0 0
YEL035C 6 138
YEL034C-A 4 22
YEL034W 8 141
YEL033W 3 55
YEL032W 2 41
YEL032C-A 1 2
YEL031W 10 266
YEL030C-A 0 0
YEL030W 0 0
YEL029C 1 1
YEL028W 0 0
YEL027W 1 4
YEL026W 0 0
YEL025C 7 430
YEL024W 1 1
YEL023C 3 23
YEL022W 1 3
YEL021W 5 31
YEL020C-B 2 30
YEL020W-A 4 396
YEL020C 3 163
YEL019C 3 14
YEL018C-A 2 2
YEL018W 2 21
YEL017C-A 3 59
YEL017W 7 426
YEL016C 3 57
YEL015W 1 1
YEL014C 0 0
YEL013W 0 0
YEL012W 0 0
YEL011W 2 33
YEL010W 3 23
YEL009C-A 1 11
YEL009C 1 5
YEL008W 5 155
YEL008C-A 16 411
YEL007W 7 49
YEL006W 3 7
YEL005C 7 63
YEL004W 4 57
YEL003W 7 444
YEL002C 5 1726
YEL001C 9 371
YER001W 5 168
YER002W 4 90
YER003C 5 1765
YER004W 5 270
YER005W 1 120
YER006W 7 85
YER006C-A 2 104
YER007W 4 68
YER007C-A 2 13
YER008C 0 0
YER009W 4 103
YER010C 8 63
YER011W 0 0
YER012W 2 116
YER013W 2 97
YER014W 1 1
YER014C-A 0 0
YER015W 2 1565
YER016W 3 12
YER017C 1 55
YER018C 2 4
YER019W 3 47
YER019C-A 12 381
YER020W 5 30
YER021W 5 59
YER022W 2 4
YER023W 6 127
YER023C-A 2 23
YER024W 2 44
YER025W 3 27
YER026C 1 1
YER027C 1 2
YER028C 2 9
YER029C 3 3
YER030W 6 306
YER031C 4 95
YER032W 3 12
YER033C 4 329
YER034W 7 543
YER035W 9 1513
YER036C 1 12
YER037W 14 382
YER038C 5 418
YER038W-A 0 0
YER039C 1 1
YER039C-A 10 369
YER040W 1 11
YER041W 1 21
YER042W 0 0
YER043C 2 2
YER044C 4 24
YER044C-A 0 0
YER045C 6 350
YER046W 1 19
YER046W-A 1 17
YER047C 0 0
YER048C 0 0
YER048W-A 0 0
YER049W 2 55
YER050C 2 9
YER051W 3 219
YER052C 1 15
YER053C 4 158
YER053C-A 5 37
YER054C 2 219
YER055C 0 0
YER056C 3 53
YER056C-A 2 15
YER057C 2 13
YER058W 9 552
YER059W 0 0
YER060W 0 0
YER060W-A 1 15
YER061C 8 214
YER062C 2 251
YER063W 0 0
YER064C 1 10
YER065C 1 4
YER066W 3 22
YER066C-A 6 107
YER067W 2 70
YER067C-A 4 41
YER068W 0 0
YER068C-A 1 11
YER069W 9 260
YER070W 3 21
YER071C 2 9
YER072W 5 97
YER073W 3 68
YER074W 3 37
YER074W-A 5 93
YER075C 8 95
YER076C 0 0
YER076W-A 1 6
YER077C 4 96
YER078C 1 2
YER078W-A 3 508
YER079W 1 6
YER079C-A 1 42
YER080W 6 745
YER081W 3 81
YER082C 3 41
YER083C 7 259
YER084W 2 5
YER084W-A 2 40
YER085C 4 101
YER086W 0 0
YER087W 1 6
YER087C-A 5 47
YER087C-B 3 65
YER088C 7 315
YER088C-A 8 122
YER088W-B 18 2490
YER089C 3 437
YER090W 0 0
YER090C-A 1 1
YER091C 0 0
YER091C-A 6 472
YER092W 9 3276
YER093C 1 9
YER093C-A 4 103
YER094C 0 0
YER095W 2 23
YER096W 1 6
YER097W 11 1825
YER098W 3 119
YER099C 5 42
YER100W 1 5
YER101C 5 361
YER102W 1 18
YER103W 2 3
YER104W 1 10
YER105C 1 22
YER106W 1 59
YER107C 6 78
YER107W-A 4 146
YER109C 2 17
YER110C 0 0
YER111C 0 0
YER112W 1 5
YER113C 5 63
YER114C 0 0
YER115C 0 0
YER116C 0 0
YER117W 0 0
YER118C 2 45
YER119C 5 1126
YER119C-A 0 0
YER120W 6 61
YER121W 1 2
YER122C 4 25
YER123W 4 200
YER124C 2 10
YER125W 1 5
YER126C 4 96
YER127W 4 13
YER128W 8 151
YER129W 0 0
YER130C 4 9
YER131W 1 5
YER132C 0 0
YER133W 2 6
YER133W-A 0 0
YER134C 5 321
YER135C 0 0
YER136W 2 7
YER137C 6 3180
YER137W-A 4 63
YER138W-A 0 0
YER139C 1 28
YER140W 5 462
YER141W 3 84
YER142C 2 21
YER143W 4 33
YER144C 12 334
YER145C 10 210
YER145C-A 7 165
YER146W 7 612
YER147C 6 452
YER147C-A 1 3
YER148W 1 1
YER148W-A 0 0
YER149C 3 106
YER150W 5 35
YER151C 2 2
YER152C 2 65
YER152W-A 3 93
YER153C 8 138
YER154W 9 359
YER155C 3 16
YER156C 8 289
YER157W 5 46
YER158C 6 163
YER158W-A 17 3257
YER159C 7 907
YER161C 2 25
YER162C 9 2464
YER163C 1 1
YER164W 0 0
YER165W 0 0
YER165C-A 3 39
YER166W 1 1
YER167W 1 2
YER168C 3 53
YER169W 3 60
YER170W 7 89
YER171W 0 0
YER172C 0 0
YER172C-A 3 141
YER173W 3 24
YER174C 0 0
YER175C 3 67
YER175W-A 2 144
YER176W 12 810
YER177W 1 50
YER178W 7 132
YER179W 0 0
YER180C 2 14
YER180C-A 8 148
YER181C 0 0
YER182W 4 110
YER183C 3 7
YER184C 0 0
YER185W 1 511
YER186C 6 313
YER187W 4 43
YER188W 0 0
YER188C-A 8 1811
YER189W 0 0
YER190W 0 0
YER190C-A 0 0
YER190C-B 0 0
YFL068W 0 0
YFL067W 0 0
YFL066C 0 0
YFL065C 0 0
YFL064C 0 0
YFL063W 1 40
YFL062W 0 0
YFL061W 0 0
YFL060C 0 0
YFL059W 4 25
YFL058W 0 0
YFL057C 1 8
YFL056C 0 0
YFL055W 2 4
YFL054C 8 146
YFL053W 3 12
YFL052W 4 116
YFL051C 4 135
YFL050C 1 52
YFL049W 5 106
YFL048C 7 79
YFL047W 4 966
YFL046W 2 46
YFL045C 0 0
YFL044C 1 10
YFL042C 9 131
YFL041W-A 2 66
YFL041W 6 1119
YFL040W 1 3
YFL039C 4 135
YFL038C 7 202
YFL037W 5 141
YFL036W 6 153
YFL034C-B 3 125
YFL034C-A 2 68
YFL034W 0 0
YFL033C 2 84
YFL032W 0 0
YFL031W 3 337
YFL031C-A 0 0
YFL030W 0 0
YFL029C 0 0
YFL028C 7 1030
YFL027C 1 1
YFL026W 1 44
YFL025C 0 0
YFL024C 5 118
YFL023W 7 124
YFL022C 4 10
YFL021C-A 2 6
YFL021W 8 82
YFL020C 0 0
YFL019C 2 8
YFL018C 12 247
YFL017W-A 6 98
YFL017C 6 82
YFL016C 0 0
YFL015W-A 12 337
YFL015C 6 268
YFL014W 2 27
YFL013W-A 1 1
YFL013C 4 69
YFL012W-A 0 0
YFL012W 0 0
YFL011W 1 4
YFL010W-A 0 0
YFL010C 5 92
YFL009W 0 0
YFL008W 6 174
YFL007W 0 0
YFL005W 4 16
YFL004W 1 1
YFL003C 2 4
YFL002C 7 406
YFL001W 9 599
YFR001W 0 0
YFR002W 2 109
YFR003C 3 32
YFR004W 2 75
YFR005C 1 41
YFR006W 8 3085
YFR007W 4 86
YFR008W 0 0
YFR009W 1 1
YFR009W-A 3 39
YFR010W 3 9
YFR010W-A 4 59
YFR011C 5 39
YFR012W 1 1
YFR012W-A 3 24
YFR013W 1 5
YFR014C 4 26
YFR015C 3 33
YFR016C 4 26
YFR017C 8 66
YFR018C 5 151
YFR019W 5 477
YFR020W 0 0
YFR021W 1 17
YFR022W 0 0
YFR023W 0 0
YFR024C-A 6 753
YFR025C 2 4
YFR026C 3 117
YFR027W 4 45
YFR028C 3 90
YFR029W 7 674
YFR030W 4 151
YFR031C 8 184
YFR031C-A 1 66
YFR032C 4 136
YFR032C-A 4 150
YFR032C-B 2 25
YFR033C 9 290
YFR034C 3 69
YFR034W-A 2 13
YFR035C 14 859
YFR036W 6 200
YFR036W-A 6 1985
YFR037C 4 22
YFR038W 6 305
YFR039C 0 0
YFR040W 1 5
YFR041C 1 141
YFR042W 0 0
YFR043C 2 63
YFR044C 7 976
YFR045W 1 19
YFR046C 5 278
YFR047C 5 96
YFR048W 6 213
YFR049W 2 7
YFR050C 4 595
YFR051C 8 15674
YFR052W 5 345
YFR052C-A 4 83
YFR053C 0 0
YFR054C 1 2
YFR056C 1 2
YFR055W 0 0
YFR057W 1 104
YGL263W 3 229
YGL262W 1 2
YGL261C 0 0
YGL260W 2 63
YGL259W 4 82
YGL258W-A 1 4
YGL258W 0 0
YGL257C 0 0
YGL256W 0 0
YGL255W 0 0
YGL254W 9 1192
YGL253W 4 41
YGL252C 1 455
YGL251C 2 44
YGL250W 6 2101
YGL249W 1 56
YGL248W 2 2
YGL247W 0 0
YGL246C 7 127
YGL245W 4 42
YGL244W 4 71
YGL243W 1 150
YGL242C 3 298
YGL241W 12 3821
YGL240W 4 169
YGL239C 2 3
YGL238W 4 24
YGL237C 2 431
YGL236C 4 144
YGL235W 0 0
YGL234W 0 0
YGL233W 2 5
YGL232W 5 33
YGL231C 2 45
YGL230C 1 30
YGL229C 0 0
YGL228W 2 142
YGL227W 1 7
YGL226C-A 6 463
YGL226W 8 313
YGL225W 5 178
YGL224C 2 2
YGL223C 3 907
YGL222C 7 78
YGL221C 8 1244
YGL220W 8 1244
YGL219C 3 24
YGL218W 1 11
YGL217C 1 4
YGL216W 2 12
YGL215W 0 0
YGL214W 1 160
YGL213C 0 0
YGL212W 3 88
YGL211W 5 1057
YGL210W 2 8
YGL209W 1 5
YGL208W 7 1437
YGL207W 1 2
YGL206C 0 0
YGL205W 1 4
YGL204C 3 20
YGL203C 3 97
YGL202W 3 95
YGL201C 0 0
YGL200C 1 19
YGL199C 2 225
YGL198W 4 589
YGL197W 3 32
YGL196W 0 0
YGL195W 1 1
YGL194C-A 5 204
YGL194C 1 21
YGL193C 2 113
YGL192W 1 14
YGL191W 8 237
YGL190C 2 5
YGL189C 2 4
YGL188C-A 2 4
YGL188C 2 11
YGL187C 7 127
YGL186C 4 360
YGL185C 3 421
YGL184C 4 25
YGL183C 4 75
YGL182C 5 645
YGL181W 3 21
YGL180W 3 71
YGL179C 1 21
YGL178W 0 0
YGL177W 10 399
YGL176C 0 0
YGL175C 5 506
YGL174W 3 38
YGL173C 2 265
YGL172W 4 25
YGL171W 4 35
YGL170C 2 85
YGL169W 1 5
YGL168W 1 4
YGL167C 1 11
YGL166W 6 669
YGL165C 1 2
YGL164C 4 18
YGL163C 3 42
YGL162W 3 57
YGL161C 5 38
YGL160W 2 64
YGL159W 2 12
YGL158W 2 90
YGL157W 2 75
YGL156W 2 8
YGL155W 3 66
YGL154C 4 21
YGL153W 4 18
YGL152C 4 226
YGL151W 3 164
YGL150C 1 3
YGL149W 1 17
YGL148W 0 0
YGL147C 5 52
YGL146C 0 0
YGL145W 1 9
YGL144C 7 68
YGL143C 6 973
YGL142C 1 1
YGL141W 3 40
YGL140C 1 2
YGL139W 5 271
YGL138C 1 1
YGL137W 5 73
YGL136C 13 164
YGL135W 4 33
YGL134W 4 151
YGL133W 1 1
YGL132W 2 5
YGL131C 0 0
YGL130W 0 0
YGL129C 4 331
YGL128C 2 14
YGL127C 1 4
YGL126W 3 34
YGL125W 1 2
YGL124C 4 275
YGL123W 1 2
YGL123C-A 1 44
YGL122C 5 95
YGL121C 3 96
YGL120C 3 51
YGL119W 0 0
YGL118C 4 136
YGL117W 4 83
YGL116W 1 24
YGL115W 0 0
YGL114W 5 138
YGL113W 4 712
YGL112C 2 47
YGL111W 4 23
YGL110C 2 34
YGL109W 2 34
YGL108C 8 516
YGL107C 5 193
YGL106W 3 157
YGL105W 1 6
YGL104C 2 99
YGL103W 1 2
YGL102C 4 321
YGL101W 3 404
YGL100W 7 429
YGL099W 1 5
YGL098W 2 3
YGL097W 5 272
YGL096W 1 3
YGL095C 1 9
YGL094C 2 22
YGL093W 5 99
YGL092W 1 9
YGL091C 0 0
YGL090W 2 4
YGL089C 4 245
YGL088W 16 4025
YGL087C 4 172
YGL086W 1 22
YGL085W 2 3
YGL084C 1 1
YGL083W 4 46
YGL082W 1 4
YGL081W 0 0
YGL080W 1 4
YGL079W 2 74
YGL078C 0 0
YGL077C 1 1
YGL076C 6 104
YGL075C 7 140
YGL074C 3 17
YGL073W 7 198
YGL072C 13 949
YGL071W 1 1
YGL070C 3 180
YGL069C 0 0
YGL068W 1 3
YGL067W 0 0
YGL066W 4 315
YGL065C 5 63
YGL064C 5 113
YGL063W 8 70
YGL063C-A 11 968
YGL062W 7 1311
YGL061C 0 0
YGL060W 0 0
YGL059W 9 291
YGL058W 5 25
YGL057C 7 224
YGL056C 2 6
YGL055W 7 218
YGL054C 3 37
YGL053W 5 16
YGL052W 1 1
YGL051W 3 87
YGL050W 8 1687
YGL049C 3 163
YGL048C 0 0
YGL047W 0 0
YGL045W 3 12
YGL044C 0 0
YGL043W 6 928
YGL042C 0 0
YGL041C-B 3 144
YGL041W-A 3 27
YGL041C 2 59
YGL040C 4 107
YGL039W 2 6
YGL038C 1 1
YGL037C 0 0
YGL036W 3 153
YGL035C 2 22
YGL034C 6 141
YGL033W 1 8
YGL032C 0 0
YGL031C 6 84
YGL030W 1 4
YGL029W 1 3
YGL028C 1 1
YGL027C 3 42
YGL026C 5 300
YGL025C 2 3
YGL024W 3 32
YGL023C 6 147
YGL022W 1 1
YGL021W 1 10
YGL020C 2 392
YGL019W 2 35
YGL018C 0 0
YGL017W 6 122
YGL016W 1 95
YGL015C 0 0
YGL014W 0 0
YGL014C-A 2 79
YGL013C 1 6
YGL012W 9 175
YGL011C 6 54
YGL010W 5 238
YGL009C 0 0
YGL008C 0 0
YGL007C-A 7 1291
YGL007W 3 383
YGL006W-A 4 98
YGL006W 5 60
YGL005C 2 17
YGL004C 1 10
YGL003C 3 127
YGL002W 5 37
YGL001C 1 13
YGR001C 7 116
YGR002C 10 619
YGR003W 14 2426
YGR004W 1 10
YGR005C 3 90
YGR006W 6 108
YGR007W 8 122
YGR008C 7 180
YGR009C 1 6
YGR010W 1 6
YGR011W 2 33
YGR012W 8 1373
YGR013W 8 104
YGR014W 0 0
YGR015C 5 101
YGR016W 6 163
YGR017W 2 6
YGR018C 6 622
YGR019W 0 0
YGR020C 3 85
YGR021W 11 1302
YGR022C 1 1
YGR023W 2 43
YGR024C 7 549
YGR025W 4 30
YGR026W 1 44
YGR027C 4 103
YGR028W 4 194
YGR029W 3 38
YGR030C 2 2
YGR031W 4 243
YGR031C-A 9 1948
YGR032W 3 110
YGR033C 0 0
YGR034W 2 31
YGR035C 7 183
YGR035W-A 6 265
YGR036C 2 96
YGR037C 3 443
YGR038W 3 87
YGR039W 2 40
YGR040W 0 0
YGR041W 2 47
YGR042W 11 1820
YGR043C 4 330
YGR044C 5 105
YGR045C 10 1703
YGR046W 1 6
YGR047C 4 96
YGR048W 1 3
YGR049W 2 9
YGR050C 5 327
YGR051C 5 166
YGR052W 7 154
YGR053C 1 18
YGR054W 1 1
YGR055W 1 306
YGR056W 4 13
YGR057C 1 8
YGR058W 10 188
YGR059W 0 0
YGR060W 1 4
YGR061C 1 2
YGR062C 1 6
YGR063C 3 66
YGR064W 3 19
YGR065C 2 37
YGR066C 3 31
YGR067C 6 616
YGR068C 6 285
YGR068W-A 8 158
YGR069W 0 0
YGR070W 5 136
YGR071C 7 420
YGR072W 2 6
YGR073C 0 0
YGR074W 1 1
YGR075C 1 2
YGR076C 5 166
YGR077C 3 33
YGR078C 2 335
YGR079W 8 6371
YGR080W 4 92
YGR081C 2 5
YGR082W 4 52
YGR083C 0 0
YGR084C 9 4116
YGR085C 3 5
YGR086C 4 128
YGR087C 2 15
YGR088W 2 6
YGR089W 0 0
YGR090W 1 41
YGR091W 0 0
YGR092W 3 223
YGR093W 2 212
YGR094W 16 589
YGR095C 3 10
YGR096W 6 268
YGR097W 0 0
YGR098C 0 0
YGR099W 3 351
YGR100W 1 5
YGR101W 5 82
YGR102C 6 1327
YGR103W 6 1149
YGR104C 3 38
YGR105W 6 35
YGR106C 0 0
YGR107W 3 77
YGR108W 3 21
YGR109C 1 1
YGR110W 0 0
YGR111W 7 318
YGR112W 1 27
YGR113W 0 0
YGR114C 1 2
YGR115C 2 172
YGR116W 0 0
YGR117C 4 20
YGR118W 2 2
YGR119C 1 14
YGR120C 2 15
YGR121C 1 2
YGR121W-A 11 199
YGR122W 8 229
YGR122C-A 0 0
YGR123C 6 254
YGR124W 5 29
YGR125W 0 0
YGR126W 0 0
YGR127W 4 232
YGR128C 0 0
YGR129W 1 4
YGR130C 4 53
YGR131W 0 0
YGR132C 3 294
YGR133W 16 1079
YGR134W 3 390
YGR135W 0 0
YGR136W 7 203
YGR137W 1 19
YGR138C 0 0
YGR139W 0 0
YGR140W 3 528
YGR141W 1 23
YGR142W 4 77
YGR143W 1 2
YGR144W 0 0
YGR145W 3 109
YGR146C 0 0
YGR146C-A 8 148
YGR147C 1 19
YGR148C 2 51
YGR149W 2 127
YGR150C 4 265
YGR151C 0 0
YGR152C 3 9
YGR153W 0 0
YGR154C 3 20
YGR155W 1 53
YGR156W 0 0
YGR157W 3 36
YGR158C 2 16
YGR159C 2 5
YGR160W 3 14
YGR161C 5 823
YGR161W-C 13 429
YGR162W 0 0
YGR163W 1 2
YGR164W 2 23
YGR165W 1 2
YGR166W 1 1
YGR167W 1 8
YGR168C 8 70
YGR169C 1 15
YGR169C-A 2 38
YGR170W 2 66
YGR171C 2 3
YGR172C 2 3
YGR173W 1 6
YGR174C 2 823
YGR174W-A 3 12
YGR175C 3 55
YGR176W 7 73
YGR177C 3 111
YGR178C 0 0
YGR179C 4 106
YGR180C 9 148
YGR181W 2 14
YGR182C 4 73
YGR183C 4 208
YGR184C 2 87
YGR185C 4 55
YGR186W 4 78
YGR187C 0 0
YGR188C 3 731
YGR189C 7 86
YGR190C 2 46
YGR191W 2 20
YGR192C 6 58
YGR193C 0 0
YGR194C 13 677
YGR195W 3 19
YGR196C 3 389
YGR197C 2 15
YGR198W 14 1235
YGR199W 1 1
YGR200C 5 39
YGR201C 9 68
YGR202C 2 7
YGR203W 21 2670
YGR204W 6 814
YGR204C-A 0 0
YGR205W 0 0
YGR206W 4 1099
YGR207C 6 363
YGR208W 4 59
YGR209C 5 142
YGR210C 1 2
YGR211W 5 198
YGR212W 8 1332
YGR213C 2 43
YGR214W 3 46
YGR215W 4 18
YGR216C 1 12
YGR217W 2 190
YGR218W 2 24
YGR219W 2 9
YGR220C 2 56
YGR221C 6 56
YGR222W 12 860
YGR223C 7 1634
YGR224W 6 946
YGR225W 0 0
YGR226C 3 14
YGR227W 1 2
YGR228W 0 0
YGR229C 3 64
YGR230W 5 174
YGR231C 1 6
YGR232W 6 113
YGR233C 0 0
YGR234W 1 14
YGR235C 1 13
YGR236C 6 302
YGR237C 2 5
YGR238C 5 77
YGR239C 4 52
YGR240C 1 1
YGR240C-A 2 46
YGR241C 0 0
YGR242W 0 0
YGR243W 0 0
YGR244C 2 13
YGR245C 0 0
YGR246C 6 70
YGR247W 2 14
YGR248W 3 18
YGR249W 3 121
YGR250C 3 42
YGR251W 1 3
YGR252W 2 6
YGR253C 3 13
YGR254W 2 9
YGR255C 0 0
YGR256W 5 47
YGR257C 2 4
YGR258C 3 9
YGR259C 3 20
YGR260W 5 416
YGR261C 1 6
YGR262C 3 12
YGR263C 3 15
YGR264C 7 154
YGR265W 3 42
YGR266W 6 95
YGR267C 1 1
YGR268C 10 821
YGR269W 0 0
YGR270W 1 27
YGR270C-A 2 72
YGR271W 7 84
YGR271C-A 0 0
YGR273C 0 0
YGR274C 2 6
YGR275W 3 24
YGR276C 4 65
YGR277C 5 68
YGR278W 6 63
YGR279C 0 0
YGR280C 8 160
YGR281W 5 87
YGR282C 1 2
YGR283C 7 1082
YGR284C 7 51
YGR285C 5 178
YGR286C 4 103
YGR287C 3 41
YGR288W 3 145
YGR289C 0 0
YGR290W 5 21
YGR291C 1 2
YGR292W 1 2
YGR293C 1 1
YGR294W 0 0
YGR295C 5 52
YGR296W 0 0
YGR296C-A 0 0
YGR296C-B 0 0
YHL050C 0 0
YHL050W-A 0 0
YHL049C 0 0
YHL048C-A 2 162
YHL048W 0 0
YHL047C 3 7
YHL046W-A 3 152
YHL046C 0 0
YHL045W 0 0
YHL044W 3 24
YHL043W 2 401
YHL042W 0 0
YHL041W 3 67
YHL040C 5 465
YHL039W 7 267
YHL038C 4 57
YHL037C 0 0
YHL036W 3 187
YHL035C 4 36
YHL034W-A 5 1184
YHL034C 0 0
YHL033C 8 345
YHL032C 6 52
YHL031C 1 33
YHL030W-A 3 67
YHL030W 5 432
YHL029C 6 460
YHL028W 5 644
YHL027W 2 4
YHL026C 10 1327
YHL025W 4 413
YHL024W 4 147
YHL023C 5 28
YHL022C 1 4
YHL021C 5 94
YHL020C 0 0
YHL019W-A 7 1023
YHL019C 4 95
YHL018W 7 236
YHL017W 5 450
YHL016C 3 5
YHL015W-A 8 146
YHL015W 0 0
YHL014C 6 7
YHL013C 7 2037
YHL012W 2 13
YHL011C 2 11
YHL010C 0 0
YHL009C 0 0
YHL008C 0 0
YHL007C 4 108
YHL006W-A 7 149
YHL006C 6 227
YHL005C 5 28
YHL004W 3 228
YHL003C 2 24
YHL002C-A 1 25
YHL002W 5 149
YHL001W 5 2669
YHR001W 1 4
YHR001W-A 8 372
YHR002W 4 80
YHR003C 2 25
YHR004C 9 1049
YHR005C 1 10
YHR005C-A 0 0
YHR006W 8 55
YHR007C 0 0
YHR007C-A 9 4288
YHR008C 6 51
YHR009C 3 181
YHR010W 0 0
YHR011W 1 1
YHR012W 1 136
YHR013C 6 342
YHR014W 0 0
YHR015W 5 337
YHR016C 2 55
YHR017W 5 369
YHR018C 2 25
YHR019C 2 47
YHR020W 4 194
YHR021C 0 0
YHR021W-A 8 189
YHR022C 4 265
YHR022C-A 11 222
YHR023W 1 4
YHR024C 6 60
YHR025W 5 186
YHR026W 0 0
YHR027C 0 0
YHR028C 4 34
YHR028W-A 4 533
YHR029C 1 33
YHR030C 1 47
YHR031C 6 4342
YHR032W 0 0
YHR032W-A 16 1520
YHR032C-A 7 492
YHR033W 3 47
YHR034C 2 17
YHR035W 3 43
YHR036W 0 0
YHR037W 3 35
YHR038W 2 42
YHR039C 0 0
YHR039C-A 2 11
YHR040W 7 76
YHR041C 9 534
YHR042W 2 144
YHR043C 3 30
YHR044C 3 27
YHR045W 0 0
YHR046C 3 6
YHR047C 2 21
YHR048W 4 231
YHR049W 3 139
YHR049C-A 8 246
YHR050W 7 240
YHR050W-A 10 7336
YHR051W 4 71
YHR052W 1 3
YHR052W-A 0 0
YHR053C 0 0
YHR054C 0 0
YHR054W-A 0 0
YHR055C 0 0
YHR056C 0 0
YHR056W-A 3 26
YHR057C 3 68
YHR058C 6 1193
YHR059W 1 7
YHR060W 8 200
YHR061C 3 103
YHR062C 1 5
YHR063C 7 265
YHR063W-A 5 54
YHR064C 6 112
YHR065C 5 45
YHR066W 5 233
YHR067W 4 31
YHR068W 0 0
YHR069C 2 5
YHR069C-A 0 0
YHR070W 6 127
YHR070C-A 6 152
YHR071W 2 16
YHR071C-A 0 0
YHR072W 2 17
YHR072W-A 0 0
YHR073W 2 11
YHR073W-A 2 9
YHR073C-B 3 4
YHR074W 6 785
YHR075C 1 1
YHR076W 3 97
YHR077C 3 32
YHR078W 5 388
YHR079C 1 12
YHR079C-A 1 2
YHR080C 6 78
YHR081W 5 127
YHR082C 0 0
YHR083W 17 4754
YHR084W 1 1
YHR085W 9 393
YHR086W 8 724
YHR086W-A 6 147
YHR087W 3 11
YHR088W 5 94
YHR089C 8 555
YHR090C 4 94
YHR091C 4 59
YHR092C 2 53
YHR093W 2 4
YHR094C 0 0
YHR095W 1 12
YHR096C 0 0
YHR097C 2 21
YHR098C 0 0
YHR099W 2 60
YHR100C 5 53
YHR101C 4 52
YHR102W 1 14
YHR103W 0 0
YHR104W 1 2
YHR105W 0 0
YHR106W 2 6
YHR107C 5 35
YHR108W 6 125
YHR109W 4 79
YHR110W 1 17
YHR111W 3 36
YHR112C 2 72
YHR113W 5 66
YHR114W 2 54
YHR115C 6 134
YHR116W 5 48
YHR117W 1 67
YHR118C 0 0
YHR119W 4 44
YHR120W 1 19
YHR121W 3 23
YHR122W 4 91
YHR123W 5 335
YHR124W 0 0
YHR125W 3 47
YHR126C 0 0
YHR127W 6 178
YHR128W 2 9
YHR129C 0 0
YHR130C 0 0
YHR131C 2 59
YHR131W-A 0 0
YHR132C 5 868
YHR132W-A 5 191
YHR133C 3 10
YHR134W 3 46
YHR135C 3 13
YHR136C 8 350
YHR137W 3 15
YHR137C-A 1 2
YHR138C 1 6
YHR139C 5 131
YHR139C-A 2 161
YHR140W 1 1
YHR141C 1 198
YHR142W 2 105
YHR143W 0 0
YHR143W-A 1 2
YHR144C 9 3280
YHR145C 0 0
YHR146W 3 462
YHR147C 6 156
YHR148W 2 42
YHR149C 0 0
YHR150W 3 39
YHR151C 8 495
YHR152W 2 22
YHR153C 3 140
YHR154W 4 714
YHR155W 0 0
YHR156C 2 43
YHR157W 0 0
YHR158C 0 0
YHR159W 0 0
YHR160C 3 12
YHR161C 0 0
YHR162W 0 0
YHR163W 2 26
YHR164C 0 0
YHR165C 1 1
YHR165W-A 1 4
YHR166C 5 605
YHR167W 5 59
YHR168W 5 1379
YHR169W 5 424
YHR170W 0 0
YHR171W 6 628
YHR172W 2 29
YHR173C 6 185
YHR174W 4 31
YHR175W 8 1914
YHR175W-A 3 47
YHR176W 0 0
YHR177W 0 0
YHR178W 3 110
YHR179W 0 0
YHR180W 1 2
YHR180W-A 3 3
YHR180C-B 4 91
YHR181W 6 127
YHR182W 0 0
YHR182C-A 1 2
YHR183W 3 43
YHR184W 1 381
YHR185C 2 6
YHR186C 3 72
YHR187W 2 127
YHR188C 5 160
YHR189W 8 220
YHR190W 3 40
YHR191C 2 135
YHR192W 3 17
YHR193C 3 14
YHR193C-A 2 33
YHR194W 2 7
YHR195W 1 11
YHR196W 4 106
YHR197W 2 30
YHR198C 8 303
YHR199C 10 308
YHR199C-A 8 442
YHR200W 7 150
YHR201C 1 140
YHR202W 3 39
YHR203C 2 22
YHR204W 3 22
YHR205W 2 28
YHR206W 2 53
YHR207C 10 156
YHR208W 9 68
YHR209W 1 2
YHR210C 0 0
YHR211W 0 0
YHR212C 0 0
YHR212W-A 0 0
YHR213W 0 0
YHR213W-A 0 0
YHR213W-B 0 0
YHR214W 0 0
YHR214W-A 0 0
YHR214C-D 0 0
YHR214C-E 0 0
YHR215W 0 0
YHR216W 0 0
YHR217C 0 0
YHR218W 0 0
YHR218W-A 0 0
YHR219W 0 0
YHR219C-A 0 0
YIL177C 0 0
YIL177W-A 0 0
YIL176C 0 0
YIL173W 0 0
YIL172C 0 0
YIL171W-A 0 0
YIL169C 4 137
YIL166C 1 17
YIL165C 4 173
YIL164C 4 69
YIL163C 4 11
YIL162W 5 60
YIL161W 0 0
YIL160C 3 14
YIL159W 5 192
YIL158W 4 19
YIL157C 6 95
YIL156W-A 8 672
YIL156W-B 6 110
YIL156W 4 23
YIL155C 5 81
YIL154C 1 38
YIL153W 4 74
YIL152W 5 171
YIL151C 2 150
YIL150C 2 64
YIL149C 1 17
YIL148W 4 77
YIL147C 1 58
YIL146C 2 107
YIL145C 4 279
YIL144W 0 0
YIL143C 5 171
YIL142C-A 5 165
YIL142W 5 154
YIL141W 6 1370
YIL140W 0 0
YIL139C 1 2
YIL138C 3 85
YIL137C 6 141
YIL136W 5 164
YIL135C 3 7
YIL134C-A 8 1690
YIL134W 3 6
YIL133C 3 75
YIL132C 5 38
YIL131C 3 113
YIL130W 6 265
YIL129C 2 5
YIL128W 1 84
YIL127C 0 0
YIL126W 0 0
YIL125W 3 28
YIL124W 2 9
YIL123W 3 202
YIL122W 0 0
YIL121W 0 0
YIL120W 0 0
YIL119C 1 72
YIL118W 1 32
YIL117C 2 7
YIL116W 2 40
YIL115W-A 2 13
YIL115C 2 6
YIL114C 1 2
YIL113W 4 195
YIL112W 10 204
YIL111W 1 5
YIL110W 1 4
YIL109C 1 1
YIL108W 4 35
YIL107C 2 22
YIL106W 2 118
YIL105C 1 40
YIL105W-A 3 39
YIL104C 5 36
YIL103W 2 166
YIL102C-A 6 44
YIL102C 2 309
YIL101C 4 67
YIL100C-A 8 204
YIL100W 6 75
YIL099W 7 358
YIL098C 4 59
YIL097W 6 144
YIL096C 1 2
YIL095W 0 0
YIL094C 2 3
YIL093C 2 56
YIL092W 2 240
YIL091C 7 95
YIL090W 2 12
YIL089W 0 0
YIL088C 1 26
YIL087C 2 4
YIL086C 3 16
YIL085C 4 3711
YIL084C 0 0
YIL083C 1 26
YIL082W 0 0
YIL079C 2 9
YIL078W 0 0
YIL077C 17 5731
YIL076W 8 112
YIL075C 3 36
YIL074C 1 2
YIL073C 1 49
YIL072W 0 0
YIL071W-A 0 0
YIL071C 4 268
YIL070C 1 2
YIL069C 2 3
YIL068W-A 1 12
YIL068C 2 99
YIL067C 1 1
YIL066W-A 1 1
YIL066C 1 65
YIL065C 10 155
YIL064W 13 269
YIL063C 2 866
YIL062C 1 2
YIL061C 10 328
YIL060W 0 0
YIL059C 6 114
YIL058W 1 3
YIL057C 5 95
YIL056W 4 113
YIL055C 0 0
YIL054W 11 365
YIL053W 2 2
YIL052C 2 13
YIL051C 7 1246
YIL050W 4 59
YIL049W 2 27
YIL048W 2 8
YIL047C-A 4 172
YIL047C 2 12
YIL046W-A 7 372
YIL046W 6 100
YIL045W 0 0
YIL044C 3 38
YIL043C 5 471
YIL042C 5 477
YIL041W 7 1972
YIL040W 1 1
YIL039W 1 1
YIL038C 2 27
YIL037C 0 0
YIL036W 0 0
YIL035C 3 87
YIL034C 9 304
YIL033C 0 0
YIL032C 1 127
YIL031W 4 40
YIL030W-A 0 0
YIL030C 1 7
YIL029W-A 0 0
YIL029C 0 0
YIL028W 2 38
YIL027C 6 219
YIL026C 2 18
YIL025C 0 0
YIL024C 9 239
YIL023C 2 52
YIL022W 1 1
YIL021W 1 3
YIL021C-A 2 33
YIL020C-A 6 102
YIL020C 3 25
YIL019W 6 1024
YIL018W 1 6
YIL017C 1 2
YIL016W 5 716
YIL015W 2 3
YIL014C-A 0 0
YIL014W 2 23
YIL013C 0 0
YIL012W 4 77
YIL011W 1 2
YIL010W 1 8
YIL009C-A 8 264
YIL009W 3 46
YIL008W 0 0
YIL007C 3 19
YIL006W 6 721
YIL005W 0 0
YIL004C 5 46
YIL003W 7 153
YIL002W-A 2 29
YIL002C 1 2
YIL001W 1 146
YIR001C 5 294
YIR002C 1 1
YIR003W 4 50
YIR004W 6 500
YIR005W 6 165
YIR006C 7 493
YIR007W 2 36
YIR008C 0 0
YIR009W 2 67
YIR010W 2 44
YIR011C 7 362
YIR012W 3 3
YIR013C 1 6
YIR014W 4 2104
YIR015W 11 499
YIR016W 9 664
YIR017C 7 645
YIR017W-A 9 1819
YIR018W 15 9767
YIR018C-A 4 19
YIR019C 4 157
YIR020C 4 177
YIR020W-A 6 81
YIR020C-B 3 108
YIR021W 1 4
YIR021W-A 1 1
YIR022W 5 323
YIR023W 4 518
YIR023C-A 2 16
YIR024C 5 185
YIR025W 5 188
YIR026C 3 14
YIR027C 0 0
YIR028W 0 0
YIR029W 5 84
YIR030C 3 114
YIR030W-A 3 114
YIR031C 4 35
YIR032C 2 25
YIR033W 3 35
YIR034C 0 0
YIR035C 2 34
YIR036C 4 14
YIR036W-A 4 24
YIR037W 2 91
YIR038C 4 528
YIR039C 0 0
YIR040C 0 0
YIR041W 0 0
YIR042C 0 0
YJL225C 0 0
YJL225W-A 0 0
YJL223C 0 0
YJL222W-B 0 0
YJL222W-A 0 0
YJL222W 0 0
YJL221C 0 0
YJL220W 0 0
YJL219W 0 0
YJL218W 0 0
YJL217W 4 131
YJL216C 3 31
YJL215C 0 0
YJL214W 0 0
YJL213W 7 360
YJL212C 4 431
YJL211C 2 4
YJL210W 10 1562
YJL209W 5 195
YJL208C 3 56
YJL207C 3 25
YJL206C 8 336
YJL205C 4 28
YJL204C 4 313
YJL203W 1 7
YJL202C 5 82
YJL201W 5 62
YJL200C 0 0
YJL199C 17 5704
YJL198W 7 166
YJL197W 5 75
YJL197C-A 0 0
YJL196C 6 213
YJL195C 3 43
YJL194W 1 13
YJL193W 4 89
YJL192C 9 181
YJL191W 7 1655
YJL190C 3 44
YJL189W 1 17
YJL188C 3 30
YJL187C 0 0
YJL186W 4 74
YJL185C 6 244
YJL184W 2 13
YJL183W 1 14
YJL182C 1 2
YJL181W 6 144
YJL180C 1 2
YJL179W 0 0
YJL178C 12 4447
YJL177W 2 15
YJL176C 3 81
YJL175W 1 1
YJL174W 2 2
YJL173C 9 271
YJL172W 7 299
YJL171C 7 157
YJL170C 1 38
YJL169W 0 0
YJL168C 2 15
YJL167W 0 0
YJL166W 1 21
YJL165C 1 14
YJL164C 1 2
YJL163C 7 291
YJL162C 4 202
YJL161W 6 336
YJL160C 1 7
YJL159W 5 54
YJL158C 8 308
YJL157C 4 104
YJL156W-A 8 701
YJL156C 9 257
YJL155C 0 0
YJL154C 2 207
YJL153C 1 22
YJL152W 2 39
YJL151C 11 356
YJL150W 4 80
YJL149W 4 52
YJL148W 3 126
YJL147C 2 13
YJL146W 0 0
YJL145W 3 36
YJL144W 5 621
YJL143W 4 93
YJL142C 1 20
YJL141C 0 0
YJL140W 0 0
YJL139C 0 0
YJL138C 4 33
YJL137C 5 54
YJL136W-A 4 126
YJL136C 0 0
YJL135W 4 405
YJL134W 5 154
YJL133C-A 8 574
YJL133W 1 27
YJL132W 6 287
YJL131C 7 269
YJL130C 1 8
YJL129C 0 0
YJL128C 4 83
YJL127W-A 4 83
YJL127C-B 11 5835
YJL127C 1 11
YJL126W 3 8
YJL125C 4 28
YJL124C 1 1
YJL123C 4 117
YJL122W 7 427
YJL121C 2 5
YJL120W 4 109
YJL119C 5 240
YJL118W 10 1950
YJL117W 0 0
YJL116C 3 291
YJL115W 2 84
YJL112W 0 0
YJL111W 2 8
YJL110C 1 11
YJL109C 4 61
YJL108C 2 86
YJL107C 3 52
YJL106W 1 18
YJL105W 0 0
YJL104W 5 119
YJL103C 4 128
YJL102W 3 158
YJL101C 8 137
YJL100W 3 174
YJL099W 2 58
YJL098W 2 14
YJL097W 2 51
YJL096W 6 221
YJL095W 0 0
YJL094C 0 0
YJL093C 5 99
YJL092W 2 37
YJL091C 6 136
YJL090C 0 0
YJL089W 1 1
YJL088W 5 202
YJL087C 2 8
YJL086C 0 0
YJL085W 2 28
YJL084C 0 0
YJL083W 1 6
YJL082W 2 128
YJL081C 2 37
YJL080C 2 7
YJL079C 2 9
YJL078C 5 74
YJL077W-B 3 61
YJL077C 5 351
YJL077W-A 6 80
YJL076W 3 61
YJL075C 0 0
YJL074C 3 860
YJL073W 0 0
YJL072C 5 155
YJL071W 1 177
YJL070C 1 24
YJL069C 4 60
YJL068C 8 179
YJL067W 14 958
YJL066C 3 43
YJL065C 4 71
YJL064W 3 27
YJL063C 5 130
YJL062W-A 7 155
YJL062W 2 3
YJL061W 0 0
YJL060W 2 81
YJL059W 3 38
YJL058C 1 8
YJL057C 3 31
YJL056C 2 131
YJL055W 7 171
YJL054W 14 279
YJL053W 7 473
YJL052C-A 13 317
YJL052W 1 1
YJL051W 5 57
YJL050W 5 42
YJL049W 3 259
YJL048C 5 78
YJL047C-A 2 9
YJL047C 1 2
YJL046W 3 261
YJL045W 4 28
YJL044C 4 9
YJL043W 0 0
YJL042W 3 62
YJL041W 1 8
YJL039C 0 0
YJL038C 0 0
YJL037W 2 19
YJL036W 1 1
YJL035C 1 3
YJL034W 5 538
YJL033W 4 71
YJL032W 1 2
YJL031C 2 125
YJL030W 4 58
YJL029C 0 0
YJL028W 7 692
YJL027C 3 5
YJL026W 4 153
YJL026C-A 2 63
YJL025W 4 312
YJL024C 7 126
YJL023C 2 21
YJL022W 1 1
YJL020C 1 56
YJL020W-A 0 0
YJL019W 0 0
YJL016W 0 0
YJL015C 2 18
YJL014W 1 12
YJL013C 14 7447
YJL012C 2 7
YJL011C 2 25
YJL010C 2 3
YJL009W 2 9
YJL008C 3 20
YJL007C 6 583
YJL006C 6 496
YJL005W 2 16
YJL004C 12 233
YJL003W 5 93
YJL002C 5 63
YJL001W 6 35
YJR001W 9 1132
YJR002W 7 704
YJR003C 4 25
YJR004C 6 229
YJR005W 4 444
YJR005C-A 5 78
YJR006W 1 4
YJR007W 0 0
YJR008W 2 22
YJR009C 7 463
YJR010W 1 10
YJR010C-A 1 48
YJR011C 2 18
YJR012C 1 1
YJR013W 4 118
YJR014W 2 40
YJR015W 7 1215
YJR016C 1 4
YJR017C 7 26
YJR018W 1 30
YJR019C 5 74
YJR020W 4 107
YJR021C 7 136
YJR022W 6 756
YJR023C 0 0
YJR024C 7 182
YJR025C 0 0
YJR030C 0 0
YJR031C 0 0
YJR032W 3 43
YJR033C 2 58
YJR034W 2 115
YJR035W 3 6
YJR036C 0 0
YJR037W 2 40
YJR038C 1 6
YJR039W 3 5
YJR040W 4 95
YJR041C 1 4
YJR042W 7 113
YJR043C 5 490
YJR044C 14 1010
YJR045C 2 6
YJR046W 2 113
YJR047C 2 113
YJR048W 6 31
YJR049C 7 279
YJR050W 8 287
YJR051W 5 24
YJR052W 3 40
YJR053W 3 79
YJR054W 0 0
YJR055W 5 568
YJR056C 0 0
YJR057W 6 115
YJR058C 2 12
YJR059W 2 3
YJR060W 1 24
YJR061W 0 0
YJR062C 9 13429
YJR063W 1 1
YJR064W 5 33
YJR065C 5 82
YJR066W 5 425
YJR067C 3 60
YJR068W 5 35
YJR069C 1 15
YJR070C 5 129
YJR071W 0 0
YJR072C 2 10
YJR073C 7 96
YJR074W 13 621
YJR075W 5 93
YJR076C 11 2614
YJR077C 10 309
YJR078W 8 143
YJR079W 3 46
YJR080C 4 618
YJR082C 2 50
YJR083C 10 757
YJR084W 6 513
YJR085C 5 171
YJR086W 5 294
YJR087W 0 0
YJR088C 5 426
YJR089W 3 58
YJR090C 0 0
YJR091C 4 158
YJR092W 3 838
YJR093C 1 6
YJR094C 1 3
YJR094W-A 7 50
YJR095W 0 0
YJR096W 2 156
YJR097W 0 0
YJR098C 0 0
YJR099W 1 19
YJR100C 7 144
YJR101W 1 3
YJR102C 1 15
YJR103W 6 64
YJR104C 8 572
YJR105W 13 229
YJR106W 2 16
YJR107W 1 41
YJR108W 3 52
YJR109C 7 77
YJR110W 0 0
YJR111C 1 6
YJR112W 5 151
YJR112W-A 7 142
YJR113C 12 2283
YJR114W 3 69
YJR115W 11 842
YJR116W 1 5
YJR117W 1 2
YJR118C 4 108
YJR119C 2 20
YJR120W 9 729
YJR121W 1 3
YJR122W 0 0
YJR123W 0 0
YJR124C 1 1
YJR125C 8 1898
YJR126C 7 338
YJR127C 7 713
YJR128W 3 18
YJR129C 0 0
YJR130C 7 1475
YJR131W 1 1
YJR132W 1 6
YJR133W 2 82
YJR134C 8 142
YJR135C 0 0
YJR135W-A 2 13
YJR136C 0 0
YJR137C 9 711
YJR138W 2 2
YJR139C 4 96
YJR140C 3 74
YJR140W-A 3 95
YJR141W 4 349
YJR142W 1 14
YJR143C 4 62
YJR144W 7 51
YJR145C 4 66
YJR146W 7 126
YJR147W 1 1
YJR148W 1 2
YJR149W 13 1048
YJR150C 7 40
YJR151C 5 20
YJR151W-A 2 20
YJR152W 1 10
YJR153W 1 11
YJR154W 1 22
YJR155W 2 145
YJR156C 0 0
YJR157W 0 0
YJR158W 0 0
YJR159W 0 0
YJR160C 0 0
YJR161C 1 126
YJR162C 7 72
YKL225W 2 7
YKL224C 0 0
YKL223W 0 0
YKL222C 3 52
YKL221W 1 55
YKL220C 1 4
YKL219W 10 770
YKL218C 0 0
YKL217W 4 146
YKL216W 4 46
YKL215C 4 98
YKL214C 2 74
YKL213C 5 55
YKL212W 0 0
YKL211C 3 37
YKL210W 2 281
YKL209C 3 17
YKL208W 3 40
YKL207W 8 204
YKL206C 2 3
YKL205W 4 183
YKL204W 2 25
YKL203C 2 126
YKL202W 0 0
YKL201C 4 100
YKL198C 1 1
YKL197C 8 6966
YKL196C 2 75
YKL195W 5 169
YKL194C 3 14
YKL193C 5 189
YKL192C 8 1010
YKL191W 5 205
YKL190W 5 288
YKL189W 0 0
YKL188C 0 0
YKL187C 6 346
YKL186C 13 4469
YKL185W 1 4
YKL184W 0 0
YKL183C-A 1 10
YKL183W 0 0
YKL182W 0 0
YKL181W 1 9
YKL180W 0 0
YKL179C 7 1032
YKL178C 3 466
YKL177W 2 31
YKL176C 1 4
YKL175W 3 173
YKL174C 1 123
YKL173W 5 202
YKL172W 1 2
YKL171W 4 15
YKL170W 2 47
YKL169C 1 3
YKL168C 2 47
YKL167C 3 18
YKL166C 3 14
YKL165C-A 6 174
YKL165C 5 42
YKL164C 2 79
YKL163W 2 23
YKL162C-A 2 41
YKL162C 0 0
YKL161C 2 2
YKL160W 3 98
YKL159C 6 186
YKL157W 3 4
YKL156W 9 420
YKL156C-A 0 0
YKL155C 1 1
YKL154W 3 47
YKL153W 4 313
YKL152C 2 9
YKL151C 6 894
YKL150W 6 2389
YKL149C 4 32
YKL148C 5 91
YKL147C 4 15
YKL146W 6 478
YKL145W 2 532
YKL145W-A 1 3
YKL144C 0 0
YKL143W 11 764
YKL142W 2 48
YKL141W 0 0
YKL140W 3 94
YKL139W 0 0
YKL138C-A 6 76
YKL138C 1 8
YKL137W 4 44
YKL136W 1 8
YKL135C 2 11
YKL134C 3 44
YKL133C 2 4
YKL132C 1 4
YKL131W 0 0
YKL130C 0 0
YKL129C 2 21
YKL128C 3 235
YKL127W 6 629
YKL126W 3 74
YKL125W 1 1
YKL124W 1 1
YKL123W 2 9
YKL122C 1 1
YKL121W 1 3
YKL120W 1 1
YKL119C 1 4
YKL118W 2 57
YKL117W 9 192
YKL116C 1 1
YKL115C 0 0
YKL114C 6 1336
YKL113C 1 8
YKL112W 2 18
YKL111C 0 0
YKL110C 5 1118
YKL109W 1 79
YKL108W 1 4
YKL107W 1 15
YKL106C-A 3 494
YKL106W 0 0
YKL105C 0 0
YKL104C 1 7
YKL103C 2 6
YKL102C 10 497
YKL101W 2 9
YKL100C 6 132
YKL100W-A 2 28
YKL099C 2 14
YKL098W 2 718
YKL097C 3 144
YKL096C-B 0 0
YKL096W-A 0 0
YKL096W 2 10
YKL095W 0 0
YKL094W 12 476
YKL093W 3 7
YKL092C 0 0
YKL091C 2 136
YKL090W 11 733
YKL089W 0 0
YKL088W 5 207
YKL087C 3 160
YKL086W 7 1044
YKL085W 0 0
YKL084W 6 78
YKL083W 3 8
YKL082C 0 0
YKL081W 8 811
YKL080W 1 3
YKL079W 1 12
YKL078W 7 63
YKL077W 2 23
YKL076C 0 0
YKL075C 3 43
YKL074C 4 1146
YKL073W 5 61
YKL072W 0 0
YKL071W 0 0
YKL070W 1 2
YKL069W 8 314
YKL068W-A 4 96
YKL068W 0 0
YKL067W 1 1
YKL066W 0 0
YKL065W-A 4 24
YKL065C 4 21
YKL064W 5 223
YKL063C 1 1
YKL062W 0 0
YKL061W 1 2
YKL060C 8 291
YKL059C 2 72
YKL058W 3 77
YKL057C 2 21
YKL056C 2 8
YKL055C 1 35
YKL054C 3 87
YKL053C-A 1 2
YKL053W 3 8
YKL052C 11 507
YKL051W 4 23
YKL050C 1 1
YKL049C 0 0
YKL048C 2 12
YKL047W 2 11
YKL046C 5 141
YKL045W 3 637
YKL044W 4 51
YKL043W 4 24
YKL042W 1 2
YKL041W 1 97
YKL040C 1 3
YKL039W 1 2
YKL038W 0 0
YKL037W 15 600
YKL036C 0 0
YKL035W 6 84
YKL034W 0 0
YKL033W-A 0 0
YKL033W 4 176
YKL032C 2 2
YKL031W 0 0
YKL030W 7 109
YKL029C 3 83
YKL028W 4 32
YKL027W 0 0
YKL026C 3 45
YKL025C 3 28
YKL024C 0 0
YKL023C-A 6 343
YKL023W 15 1185
YKL022C 0 0
YKL021C 0 0
YKL020C 1 4
YKL019W 5 2390
YKL018C-A 8 726
YKL018W 3 28
YKL017C 5 139
YKL016C 1 14
YKL015W 1 27
YKL014C 0 0
YKL013C 0 0
YKL012W 0 0
YKL011C 2 16
YKL010C 1 1
YKL009W 4 27
YKL008C 4 50
YKL007W 10 415
YKL006C-A 7 82
YKL006W 2 34
YKL005C 1 39
YKL004W 4 65
YKL003C 2 244
YKL002W 3 23
YKL001C 5 1642
YKR001C 1 3
YKR002W 0 0
YKR003W 1 6
YKR004C 4 64
YKR005C 1 4
YKR006C 1 25
YKR007W 7 468
YKR008W 4 34
YKR009C 3 12
YKR010C 0 0
YKR011C 0 0
YKR012C 2 3
YKR013W 4 110
YKR014C 0 0
YKR015C 1 2
YKR016W 2 19
YKR017C 1 12
YKR018C 3 211
YKR019C 1 1
YKR020W 10 106
YKR021W 2 5
YKR022C 0 0
YKR023W 5 72
YKR024C 1 8
YKR025W 1 2
YKR026C 0 0
YKR027W 4 72
YKR028W 2 2
YKR029C 13 550
YKR030W 1 1
YKR031C 2 36
YKR032W 1 4
YKR033C 2 10
YKR034W 1 3
YKR035C 2 20
YKR035W-A 2 39
YKR036C 3 122
YKR037C 4 68
YKR038C 10 1405
YKR039W 2 20
YKR040C 6 3100
YKR041W 6 139
YKR042W 0 0
YKR043C 3 104
YKR044W 0 0
YKR045C 2 59
YKR046C 12 206
YKR047W 7 54
YKR048C 4 115
YKR049C 3 8573
YKR050W 10 552
YKR051W 0 0
YKR052C 2 384
YKR053C 1 6
YKR054C 1 544
YKR055W 4 299
YKR056W 2 116
YKR057W 3 38
YKR058W 2 310
YKR059W 3 5
YKR060W 1 506
YKR061W 5 157
YKR062W 3 27
YKR063C 3 456
YKR064W 4 63
YKR065C 1 5
YKR066C 19 2044
YKR067W 3 70
YKR068C 5 126
YKR069W 2 26
YKR070W 8 203
YKR071C 0 0
YKR072C 3 72
YKR073C 4 119
YKR074W 1 120
YKR075C 4 657
YKR075W-A 0 0
YKR076W 0 0
YKR077W 3 47
YKR078W 5 154
YKR079C 0 0
YKR080W 2 38
YKR081C 3 118
YKR082W 3 268
YKR083C 1 106
YKR084C 3 13
YKR085C 1 43
YKR086W 2 51
YKR087C 0 0
YKR088C 5 119
YKR089C 4 43
YKR090W 1 2
YKR091W 1 18
YKR092C 5 114
YKR093W 2 9
YKR094C 4 305
YKR095W 3 44
YKR095W-A 7 55
YKR096W 0 0
YKR097W 0 0
YKR098C 4 44
YKR099W 0 0
YKR100C 4 31
YKR101W 7 89
YKR102W 2 1255
YKR103W 0 0
YKR104W 2 8
YKR105C 1 7
YKR106W 0 0
YLL067C 0 0
YLL067W-A 0 0
YLL066W-B 0 0
YLL066C 0 0
YLL066W-A 0 0
YLL065W 3 172
YLL064C 0 0
YLL063C 12 2290
YLL062C 0 0
YLL061W 8 393
YLL060C 7 32
YLL059C 3 124
YLL058W 2 22
YLL057C 1 8
YLL056C 2 119
YLL055W 3 4
YLL054C 1 170
YLL053C 2 7
YLL052C 3 57
YLL051C 4 73
YLL050C 3 536
YLL049W 9 949
YLL048C 0 0
YLL047W 6 92
YLL046C 0 0
YLL045C 9 1500
YLL044W 0 0
YLL043W 0 0
YLL042C 6 246
YLL041C 6 242
YLL040C 0 0
YLL039C 4 63
YLL038C 4 45
YLL037W 2 8
YLL036C 0 0
YLL035W 1 1
YLL034C 7 293
YLL033W 8 819
YLL032C 0 0
YLL031C 4 11
YLL030C 1 1
YLL029W 0 0
YLL028W 1 3
YLL027W 2 10
YLL026W 6 111
YLL025W 0 0
YLL024C 2 4
YLL023C 3 860
YLL022C 3 254
YLL021W 1 1
YLL020C 1 55
YLL019C 2 12
YLL019W-A 1 6
YLL018C-A 6 317
YLL018C 3 74
YLL015W 0 0
YLL014W 5 98
YLL013C 0 0
YLL012W 2 5
YLL011W 4 79
YLL010C 1 18
YLL009C 6 531
YLL008W 2 5
YLL007C 3 9
YLL006W-A 1 5
YLL006W 4 207
YLL005C 2 32
YLL004W 6 97
YLL003W 8 226
YLL002W 6 213
YLL001W 2 12
YLR001C 6 145
YLR002C 0 0
YLR003C 3 16
YLR004C 5 208
YLR005W 7 442
YLR006C 0 0
YLR007W 10 1622
YLR008C 1 173
YLR009W 3 31
YLR010C 4 30
YLR011W 2 14
YLR012C 1 1
YLR013W 0 0
YLR014C 2 34
YLR015W 3 20
YLR016C 2 21
YLR017W 3 228
YLR018C 1 2
YLR019W 2 42
YLR020C 5 95
YLR021W 4 8
YLR022C 3 56
YLR023C 3 28
YLR024C 1 2
YLR025W 3 64
YLR026C 4 15
YLR027C 11 196
YLR028C 9 551
YLR029C 5 197
YLR030W 1 4
YLR031W 0 0
YLR032W 4 38
YLR033W 4 45
YLR034C 4 121
YLR035C 5 301
YLR036C 7 610
YLR037C 1 6
YLR038C 10 232
YLR039C 0 0
YLR040C 3 254
YLR041W 1 2
YLR042C 2 2
YLR043C 6 186
YLR044C 4 9
YLR045C 1 1
YLR046C 3 61
YLR047C 0 0
YLR048W 1 1
YLR049C 5 24
YLR050C 4 139
YLR051C 2 14
YLR052W 4 196
YLR053C 1 31
YLR054C 0 0
YLR055C 3 7
YLR056W 0 0
YLR057W 2 44
YLR058C 3 28
YLR059C 2 200
YLR060W 2 8
YLR061W 7 743
YLR062C 0 0
YLR063W 8 606
YLR064W 6 96
YLR065C 1 86
YLR066W 1 1
YLR067C 2 19
YLR068W 1 6
YLR069C 4 76
YLR070C 4 694
YLR071C 1 40
YLR072W 6 49
YLR073C 3 9
YLR074C 4 183
YLR075W 6 845
YLR076C 2 37
YLR077W 3 11
YLR078C 6 33
YLR079W 4 25
YLR080W 1 3
YLR081W 3 117
YLR082C 1 28
YLR083C 0 0
YLR084C 0 0
YLR085C 4 226
YLR086W 2 31
YLR087C 1 3
YLR088W 2 2
YLR089C 1 15
YLR090W 5 113
YLR091W 3 50
YLR092W 6 106
YLR093C 1 2
YLR094C 7 144
YLR095C 4 311
YLR096W 1 2
YLR097C 0 0
YLR098C 1 111
YLR099C 4 75
YLR099W-A 8 126
YLR100W 2 7
YLR101C 5 211
YLR102C 6 192
YLR103C 1 26
YLR104W 2 193
YLR105C 1 142
YLR106C 0 0
YLR107W 3 37
YLR108C 4 36
YLR109W 4 52
YLR110C 3 58
YLR111W 11 875
YLR112W 11 1723
YLR113W 3 77
YLR114C 1 5
YLR115W 0 0
YLR116W 2 6
YLR117C 7 292
YLR118C 2 1253
YLR119W 5 1384
YLR120C 2 109
YLR120W-A 9 130
YLR121C 5 115
YLR122C 0 0
YLR123C 1 5
YLR124W 0 0
YLR125W 0 0
YLR126C 1 3
YLR127C 0 0
YLR128W 4 107
YLR129W 1 48
YLR130C 3 56
YLR131C 0 0
YLR132C 3 25
YLR133W 4 25
YLR134W 0 0
YLR135W 3 4
YLR136C 4 54
YLR137W 4 72
YLR138W 2 11
YLR139C 8 493
YLR140W 0 0
YLR141W 9 175
YLR142W 7 321
YLR143W 3 13
YLR144C 4 57
YLR145W 6 65
YLR146C 2 3
YLR146W-A 3 37
YLR147C 4 156
YLR148W 5 91
YLR149C 4 12
YLR149C-A 1 96
YLR150W 3 44
YLR151C 6 24
YLR152C 0 0
YLR153C 2 23
YLR154C 11 347
YLR154W-A 0 0
YLR154W-B 0 0
YLR154W-C 0 0
YLR154W-E 0 0
YLR154W-F 0 0
YLR154C-G 0 0
YLR154C-H 0 0
YLR155C 0 0
YLR156W 0 0
YLR156C-A 0 0
YLR157C 0 0
YLR157W-D 0 0
YLR157W-E 0 0
YLR157C-C 0 0
YLR158C 0 0
YLR159W 0 0
YLR159C-A 0 0
YLR160C 0 0
YLR161W 0 0
YLR162W 2 5
YLR162W-A 0 0
YLR163C 8 213
YLR163W-A 3 49
YLR164W 3 18
YLR165C 4 290
YLR166C 4 174
YLR167W 2 2
YLR168C 5 757
YLR169W 0 0
YLR170C 3 29
YLR171W 1 85
YLR172C 6 635
YLR173W 2 43
YLR174W 7 361
YLR175W 5 41
YLR176C 4 59
YLR177W 2 48
YLR178C 6 91
YLR179C 10 190
YLR180W 4 18
YLR181C 0 0
YLR182W 1 87
YLR183C 0 0
YLR184W 1 10
YLR185W 3 35
YLR186W 1 13
YLR187W 0 0
YLR188W 1 1
YLR189C 1 4
YLR190W 3 18
YLR191W 1 1
YLR192C 4 66
YLR193C 0 0
YLR194C 1 13
YLR195C 6 267
YLR196W 1 10
YLR197W 2 8
YLR198C 0 0
YLR199C 1 7
YLR200W 0 0
YLR201C 7 768
YLR202C 2 10
YLR203C 2 5
YLR204W 14 184
YLR205C 6 1701
YLR206W 6 155
YLR207W 1 4
YLR208W 2 2
YLR209C 3 27
YLR210W 0 0
YLR211C 1 1
YLR212C 3 35
YLR213C 1 6
YLR214W 4 33
YLR215C 1 3
YLR216C 3 1137
YLR217W 1 47
YLR218C 5 185
YLR219W 4 34
YLR220W 3 436
YLR221C 2 38
YLR222C 3 21
YLR222C-A 1 6
YLR223C 0 0
YLR224W 0 0
YLR225C 3 28
YLR226W 1 12
YLR227C 5 41
YLR228C 5 163
YLR229C 0 0
YLR230W 2 34
YLR231C 2 51
YLR232W 0 0
YLR233C 6 209
YLR234W 7 209
YLR235C 15 4606
YLR236C 5 2800
YLR237W 6 140
YLR238W 0 0
YLR239C 8 252
YLR240W 0 0
YLR241W 3 127
YLR242C 0 0
YLR243W 3 159
YLR244C 5 125
YLR245C 5 48
YLR246W 5 34
YLR247C 2 9
YLR248W 2 129
YLR249W 1 11
YLR250W 5 39
YLR251W 1 1
YLR252W 0 0
YLR253W 1 28
YLR254C 2 13
YLR255C 3 39
YLR256W 0 0
YLR257W 2 24
YLR258W 2 2
YLR259C 3 22
YLR260W 1 1
YLR261C 0 0
YLR262C 0 0
YLR262C-A 3 59
YLR263W 0 0
YLR264W 5 694
YLR264C-A 6 280
YLR265C 6 83
YLR266C 9 132
YLR267W 0 0
YLR268W 1 1
YLR269C 2 18
YLR270W 2 25
YLR271W 6 116
YLR272C 2 13
YLR273C 1 1
YLR274W 4 90
YLR275W 3 100
YLR276C 1 2
YLR277C 4 71
YLR278C 3 96
YLR279W 9 2601
YLR280C 1 36
YLR281C 14 1141
YLR282C 1 2
YLR283W 4 65
YLR284C 0 0
YLR285W 1 1
YLR285C-A 6 137
YLR286C 0 0
YLR286W-A 3 194
YLR287C 0 0
YLR287C-A 2 6
YLR288C 5 104
YLR289W 4 129
YLR290C 3 91
YLR291C 3 74
YLR292C 3 13
YLR293C 2 19
YLR294C 0 0
YLR295C 4 20
YLR296W 6 187
YLR297W 2 11
YLR298C 9 203
YLR299W 1 2
YLR299C-A 6 714
YLR300W 2 24
YLR301W 2 62
YLR302C 0 0
YLR303W 7 147
YLR304C 5 98
YLR305C 4 26
YLR306W 3 17
YLR307W 0 0
YLR307C-A 1 13
YLR308W 2 85
YLR309C 1 1
YLR310C 1 43
YLR311C 2 3
YLR312C 4 49
YLR312W-A 10 270
YLR313C 2 3
YLR314C 4 144
YLR315W 3 26
YLR316C 2 89
YLR317W 2 21
YLR318W 4 69
YLR319C 2 7
YLR320W 0 0
YLR321C 2 7
YLR322W 2 17
YLR323C 4 332
YLR324W 2 6
YLR325C 2 50
YLR326W 8 186
YLR327C 2 6
YLR328W 4 359
YLR329W 0 0
YLR330W 6 831
YLR331C 0 0
YLR332W 1 5
YLR333C 9 722
YLR334C 4 268
YLR335W 5 110
YLR336C 1 4
YLR337C 0 0
YLR338W 4 34
YLR339C 0 0
YLR340W 1 1
YLR341W 2 43
YLR342W 1 4
YLR342W-A 0 0
YLR343W 0 0
YLR344W 1 3
YLR345W 7 51
YLR346C 3 107
YLR347C 0 0
YLR347W-A 1 2
YLR348C 10 2444
YLR349W 6 513
YLR350W 3 29
YLR351C 4 50
YLR352W 3 12
YLR353W 3 28
YLR354C 7 194
YLR355C 3 66
YLR356W 3 44
YLR357W 7 158
YLR358C 10 180
YLR359W 2 16
YLR360W 0 0
YLR361C 7 190
YLR361C-A 2 6
YLR362W 4 85
YLR363C 0 0
YLR363W-A 1 22
YLR364W 2 13
YLR365W 4 515
YLR364C-A 10 443
YLR366W 1 7
YLR367W 8 283
YLR368W 6 364
YLR369W 1 2
YLR370C 1 8
YLR371W 2 56
YLR372W 3 12
YLR373C 8 197
YLR374C 1 8
YLR375W 3 532
YLR376C 11 1227
YLR377C 4 24
YLR378C 0 0
YLR379W 3 47
YLR380W 2 49
YLR381W 1 8
YLR382C 3 56
YLR383W 1 2
YLR384C 6 94
YLR385C 1 73
YLR386W 1 1
YLR387C 4 501
YLR388W 2 11
YLR389C 4 28
YLR390W 7 587
YLR390W-A 8 157
YLR392C 2 17
YLR393W 3 120
YLR394W 1 11
YLR395C 4 32
YLR396C 2 12
YLR397C 1 6
YLR398C 3 83
YLR399C 6 536
YLR399W-A 0 0
YLR400W 0 0
YLR401C 3 209
YLR402W 2 49
YLR403W 1 1
YLR404W 5 100
YLR405W 7 1252
YLR406C 3 29
YLR406C-A 8 179
YLR407W 2 12
YLR408C 8 515
YLR409C 2 545
YLR410W 8 635
YLR411W 6 151
YLR412W 3 13
YLR412C-A 0 0
YLR413W 1 7
YLR414C 3 9
YLR415C 1 2
YLR416C 5 37
YLR417W 3 33
YLR418C 0 0
YLR419W 0 0
YLR420W 2 37
YLR421C 5 177
YLR422W 0 0
YLR423C 1 1
YLR424W 2 136
YLR425W 7 398
YLR426W 2 2
YLR427W 2 16
YLR428C 8 107
YLR429W 4 71
YLR430W 0 0
YLR431C 2 190
YLR432W 0 0
YLR433C 0 0
YLR434C 1 21
YLR435W 2 7
YLR436C 5 361
YLR437C 8 194
YLR437C-A 4 36
YLR438W 4 295
YLR438C-A 0 0
YLR439W 1 3
YLR440C 0 0
YLR441C 3 161
YLR442C 5 23
YLR443W 1 1
YLR444C 0 0
YLR445W 5 89
YLR446W 8 1550
YLR447C 2 56
YLR448W 2 5
YLR449W 2 26
YLR450W 1 5
YLR451W 2 3
YLR452C 4 389
YLR453C 9 753
YLR454W 3 13
YLR455W 0 0
YLR456W 7 405
YLR457C 3 250
YLR458W 2 79
YLR459W 4 297
YLR460C 4 19
YLR461W 0 0
YLR462W 0 0
YLR463C 0 0
YLR464W 0 0
YLR465C 0 0
YLR466W 0 0
YLR466C-A 0 0
YLR466C-B 0 0
YLR467W 0 0
YLR467C-A 0 0
YML133C 0 0
YML133W-B 0 0
YML133W-A 0 0
YML132W 0 0
YML131W 4 232
YML130C 0 0
YML129C 5 403
YML128C 5 52
YML127W 1 215
YML126C 7 199
YML125C 5 63
YML124C 6 111
YML123C 5 107
YML122C 8 86
YML121W 2 23
YML120C 9 489
YML119W 3 32
YML118W 0 0
YML117W 1 56
YML116W-A 1 82
YML116W 0 0
YML115C 4 60
YML114C 3 6
YML113W 3 30
YML112W 5 33
YML111W 0 0
YML110C 12 567
YML109W 2 9
YML108W 4 381
YML107C 5 120
YML106W 0 0
YML105C 4 204
YML104C 2 14
YML103C 4 46
YML102W 1 26
YML101C-A 11 450
YML101C 10 192
YML100W-A 8 206
YML100W 3 136
YML099W-A 2 29
YML099C 9 1150
YML098W 1 53
YML097C 9 1032
YML096W 4 559
YML095C 1 28
YML094C-A 1 6
YML094W 1 10
YML093W 7 871
YML092C 0 0
YML091C 1 1
YML090W 3 4
YML089C 7 423
YML088W 11 538
YML087C 6 67
YML086C 0 0
YML085C 1 2
YML084W 1 2
YML083C 0 0
YML082W 5 642
YML081C-A 8 326
YML081W 1 1
YML080W 2 17
YML079W 5 172
YML078W 1 8
YML077W 2 34
YML076C 8 907
YML075C 2 11
YML074C 2 176
YML073C 2 6
YML072C 3 79
YML071C 4 25
YML070W 3 48
YML069W 2 180
YML068W 1 3
YML067C 2 13
YML066C 2 29
YML065W 0 0
YML064C 0 0
YML063W 4 216
YML062C 0 0
YML061C 1 46
YML060W 7 210
YML059C 1 7
YML058W-A 3 71
YML058W 12 274
YML057C-A 1 14
YML057W 0 0
YML056C 0 0
YML055W 6 31
YML054C 6 102
YML054C-A 9 2828
YML053C 2 67
YML052W 5 78
YML051W 10 1025
YML050W 6 36
YML049C 3 37
YML048W 2 33
YML047W-A 0 0
YML047C 0 0
YML046W 1 130
YML043C 2 26
YML042W 6 36
YML041C 7 113
YML038C 4 136
YML037C 3 9
YML036W 5 52
YML035C 0 0
YML034C-A 2 25
YML034W 2 13
YML032C 0 0
YML031C-A 1 9
YML031W 1 1
YML030W 3 38
YML029W 5 51
YML028W 4 289
YML027W 3 62
YML026C 1 17
YML025C 9 303
YML024W 4 94
YML023C 4 77
YML022W 3 50
YML021C 14 3361
YML020W 1 4
YML019W 4 19
YML018C 1 2
YML017W 0 0
YML016C 0 0
YML015C 4 144
YML014W 3 64
YML013W 8 422
YML012C-A 7 1605
YML012W 8 155
YML011C 5 312
YML010W 6 125
YML009W-B 0 0
YML009C-A 4 345
YML009C 14 1242
YML008C 2 19
YML007C-A 8 460
YML007W 3 84
YML006C 0 0
YML005W 9 440
YML004C 4 1337
YML003W 5 27
YML002W 1 166
YML001W 3 69
YMR001C 0 0
YMR001C-A 9 264
YMR002W 6 160
YMR003W 5 94
YMR004W 6 1168
YMR005W 7 447
YMR006C 1 12
YMR007W 4 101
YMR008C 1 55
YMR009W 4 843
YMR010W 0 0
YMR011W 1 5
YMR012W 0 0
YMR013C 1 1
YMR013C-A 0 0
YMR013W-A 1 191
YMR014W 9 638
YMR015C 1 8
YMR016C 2 6
YMR017W 3 73
YMR018W 5 56
YMR019W 8 177
YMR020W 2 38
YMR021C 1 1
YMR022W 2 79
YMR023C 5 107
YMR024W 6 487
YMR025W 6 148
YMR026C 1 4
YMR027W 0 0
YMR028W 3 124
YMR029C 6 307
YMR030W 2 123
YMR031C 3 27
YMR031W-A 2 2
YMR032W 1 2
YMR030W-A 2 10
YMR033W 2 146
YMR034C 2 278
YMR035W 6 110
YMR036C 0 0
YMR037C 3 87
YMR038C 2 220
YMR039C 4 241
YMR040W 3 42
YMR041C 6 105
YMR042W 7 318
YMR043W 5 116
YMR044W 4 100
YMR046W-A 0 0
YMR047C 2 14
YMR048W 5 145
YMR049C 8 445
YMR052W 2 77
YMR052C-A 4 9
YMR053C 2 5
YMR054W 3 427
YMR055C 1 4
YMR056C 7 256
YMR057C 5 88
YMR058W 6 89
YMR059W 4 105
YMR060C 6 280
YMR061W 2 14
YMR062C 1 1
YMR063W 7 1687
YMR064W 5 246
YMR065W 1 18
YMR066W 5 266
YMR067C 3 66
YMR068W 4 72
YMR069W 4 497
YMR070W 2 98
YMR071C 6 76
YMR072W 9 144
YMR073C 4 16
YMR074C 4 26
YMR075W 3 144
YMR075C-A 5 190
YMR076C 2 61
YMR077C 6 64
YMR078C 4 392
YMR079W 7 530
YMR080C 0 0
YMR081C 2 3
YMR082C 5 17
YMR083W 4 102
YMR084W 1 39
YMR085W 2 6
YMR086W 12 285
YMR086C-A 10 247
YMR087W 6 178
YMR088C 1 40
YMR089C 0 0
YMR090W 0 0
YMR091C 1 4
YMR092C 3 34
YMR093W 3 40
YMR094W 2 30
YMR095C 2 34
YMR096W 4 21
YMR097C 2 93
YMR098C 2 22
YMR099C 5 142
YMR100W 3 57
YMR101C 0 0
YMR102C 3 63
YMR103C 16 1851
YMR104C 5 59
YMR105C 1 46
YMR105W-A 7 258
YMR106C 4 143
YMR107W 6 85
YMR108W 1 24
YMR109W 5 276
YMR110C 8 2345
YMR111C 4 65
YMR112C 3 58
YMR113W 2 20
YMR114C 3 31
YMR115W 5 170
YMR116C 5 38
YMR117C 5 56
YMR118C 4 121
YMR119W 0 0
YMR119W-A 0 0
YMR120C 3 68
YMR121C 3 13
YMR122C 7 116
YMR122W-A 8 57
YMR123W 3 107
YMR124W 4 34
YMR125W 1 10
YMR126C 0 0
YMR127C 1 3
YMR128W 4 67
YMR129W 2 35
YMR130W 1 33
YMR131C 1 37
YMR132C 4 232
YMR133W 2 5
YMR134W 1 1
YMR135C 12 495
YMR135W-A 1 417
YMR136W 3 70
YMR137C 4 32
YMR138W 1 24
YMR139W 4 28
YMR140W 1 1
YMR141C 8 47
YMR142C 2 22
YMR141W-A 0 0
YMR143W 1 9
YMR144W 0 0
YMR145C 3 30
YMR146C 4 50
YMR147W 4 33
YMR148W 0 0
YMR149W 6 297
YMR150C 4 18
YMR151W 6 292
YMR152W 3 38
YMR153W 3 26
YMR153C-A 1 20
YMR154C 6 2370
YMR155W 9 448
YMR156C 0 0
YMR157C 7 404
YMR158W 6 96
YMR158C-A 3 19
YMR158W-B 3 5
YMR159C 5 115
YMR160W 1 1
YMR161W 3 596
YMR162C 6 49
YMR163C 1 4
YMR164C 2 9
YMR165C 2 11
YMR166C 2 127
YMR167W 6 63
YMR168C 8 383
YMR169C 1 1
YMR170C 2 26
YMR171C 1 25
YMR172W 0 0
YMR172C-A 1 20
YMR173W 1 153
YMR173W-A 1 2
YMR174C 2 66
YMR175W 9 683
YMR175W-A 0 0
YMR176W 3 107
YMR177W 3 35
YMR178W 13 689
YMR179W 2 6
YMR180C 7 159
YMR181C 3 32
YMR182C 1 12
YMR182W-A 7 302
YMR183C 0 0
YMR184W 5 940
YMR185W 2 8
YMR186W 1 2
YMR187C 7 77
YMR188C 4 106
YMR189W 5 2216
YMR190C 2 6
YMR191W 10 1299
YMR192W 3 70
YMR193W 2 34
YMR193C-A 0 0
YMR194W 5 23
YMR194C-B 6 720
YMR194C-A 5 164
YMR195W 4 64
YMR196W 3 59
YMR197C 3 111
YMR198W 0 0
YMR199W 4 152
YMR200W 3 324
YMR201C 7 365
YMR202W 8 227
YMR203W 3 27
YMR204C 1 2
YMR205C 2 2
YMR206W 7 257
YMR207C 0 0
YMR208W 2 2
YMR209C 4 43
YMR210W 5 55
YMR211W 1 7
YMR212C 0 0
YMR213W 4 9
YMR214W 9 288
YMR215W 1 116
YMR216C 7 2528
YMR217W 1 2
YMR218C 5 79
YMR219W 7 107
YMR220W 2 394
YMR221C 8 366
YMR222C 1 22
YMR223W 1 10
YMR224C 8 417
YMR225C 10 552
YMR226C 4 16
YMR227C 0 0
YMR228W 0 0
YMR229C 2 12
YMR230W 11 212
YMR230W-A 0 0
YMR231W 2 28
YMR232W 0 0
YMR233W 0 0
YMR234W 4 45
YMR235C 4 40
YMR236W 1 16
YMR237W 1 81
YMR238W 1 19
YMR239C 3 244
YMR240C 7 85
YMR241W 5 127
YMR242C 0 0
YMR242W-A 0 0
YMR243C 1 2
YMR244W 0 0
YMR244C-A 9 2861
YMR245W 0 0
YMR246W 6 130
YMR247C 5 105
YMR247W-A 0 0
YMR250W 1 38
YMR251W 3 86
YMR251W-A 0 0
YMR252C 9 453
YMR253C 4 33
YMR254C 2 22
YMR255W 5 583
YMR256C 5 46
YMR257C 2 33
YMR258C 1 83
YMR259C 4 219
YMR260C 2 38
YMR261C 1 2
YMR262W 3 40
YMR263W 4 27
YMR264W 7 169
YMR265C 11 533
YMR266W 2 12
YMR267W 1 13
YMR268C 3 28
YMR269W 3 122
YMR270C 1 2
YMR271C 5 49
YMR272C 2 238
YMR272W-A 3 592
YMR272W-B 3 92
YMR273C 0 0
YMR274C 1 38
YMR275C 2 8
YMR276W 6 274
YMR277W 1 2
YMR278W 2 56
YMR279C 2 61
YMR280C 4 29
YMR281W 2 14
YMR282C 0 0
YMR283C 3 13
YMR284W 7 197
YMR285C 3 235
YMR286W 4 9
YMR287C 3 43
YMR288W 4 37
YMR289W 4 39
YMR290C 4 181
YMR290W-A 1 72
YMR291W 2 206
YMR292W 9 232
YMR293C 4 228
YMR294W 3 4
YMR294W-A 4 539
YMR295C 2 35
YMR296C 4 27
YMR297W 0 0
YMR298W 1 1
YMR299C 3 118
YMR300C 1 1
YMR301C 2 18
YMR302C 6 49
YMR303C 4 56
YMR304W 2 18
YMR304C-A 0 0
YMR305C 1 1
YMR306W 0 0
YMR306C-A 2 38
YMR307W 3 88
YMR307C-A 3 156
YMR308C 3 23
YMR309C 0 0
YMR310C 3 906
YMR311C 1 5
YMR312W 3 17
YMR313C 9 177
YMR314W 6 80
YMR315W 2 9
YMR315W-A 3 11
YMR316W 1 1
YMR316C-A 8 453
YMR316C-B 1 2
YMR317W 0 0
YMR318C 1 35
YMR319C 0 0
YMR320W 3 309
YMR321C 1 11
YMR322C 0 0
YMR323W 0 0
YMR324C 1 2
YMR325W 0 0
YMR326C 11 149
YNL339C 0 0
YNL339W-B 0 0
YNL339W-A 0 0
YNL338W 0 0
YNL337W 9 292
YNL336W 0 0
YNL335W 2 49
YNL334C 2 9
YNL333W 3 28
YNL332W 0 0
YNL331C 2 6
YNL330C 4 129
YNL329C 5 2422
YNL328C 9 226
YNL327W 2 16
YNL326C 6 73
YNL325C 2 78
YNL324W 0 0
YNL323W 0 0
YNL322C 4 135
YNL321W 7 219
YNL320W 5 1370
YNL319W 0 0
YNL318C 0 0
YNL317W 7 1137
YNL316C 0 0
YNL315C 2 20
YNL314W 0 0
YNL313C 2 3
YNL312W 2 9
YNL311C 8 599
YNL310C 3 79
YNL309W 3 254
YNL308C 5 217
YNL307C 1 22
YNL306W 3 52
YNL305C 2 9
YNL304W 8 276
YNL303W 4 75
YNL302C 2 13
YNL301C 3 35
YNL300W 1 14
YNL299W 1 4
YNL298W 1 264
YNL297C 8 334
YNL296W 1 31
YNL295W 3 94
YNL294C 3 1272
YNL293W 5 73
YNL292W 6 34
YNL291C 0 0
YNL290W 6 111
YNL289W 1 31
YNL288W 3 25
YNL287W 2 9
YNL286W 3 117
YNL285W 5 166
YNL284C 4 50
YNL283C 1 2
YNL282W 10 379
YNL281W 3 40
YNL280C 1 10
YNL279W 2 60
YNL278W 3 15
YNL277W-A 5 77
YNL277W 0 0
YNL276C 1 4
YNL275W 5 308
YNL274C 0 0
YNL273W 0 0
YNL272C 1 2
YNL271C 0 0
YNL270C 4 20
YNL269W 0 0
YNL268W 7 109
YNL267W 2 12
YNL266W 3 14
YNL265C 6 334
YNL264C 1 1
YNL263C 1 17
YNL262W 2 26
YNL261W 1 12
YNL260C 2 18
YNL259C 2 26
YNL258C 4 50
YNL257C 2 7
YNL256W 0 0
YNL255C 4 216
YNL254C 6 799
YNL253W 5 182
YNL252C 2 14
YNL251C 4 12
YNL250W 6 2435
YNL249C 1 2
YNL248C 1 9
YNL247W 4 81
YNL246W 4 247
YNL245C 6 4732
YNL244C 2 33
YNL243W 7 120
YNL242W 1 66
YNL241C 1 2
YNL240C 4 20
YNL239W 0 0
YNL238W 0 0
YNL237W 4 35
YNL236W 6 300
YNL235C 3 62
YNL234W 7 49
YNL233W 3 71
YNL232W 2 13
YNL231C 2 5
YNL230C 2 14
YNL229C 5 70
YNL228W 7 743
YNL227C 2 11
YNL226W 0 0
YNL225C 4 564
YNL224C 0 0
YNL223W 3 90
YNL222W 3 18
YNL221C 3 72
YNL220W 3 37
YNL219C 1 1
YNL218W 6 451
YNL217W 4 346
YNL216W 4 166
YNL215W 1 1
YNL214W 2 185
YNL213C 3 95
YNL212W 3 18
YNL211C 4 38
YNL210W 1 2
YNL209W 7 2877
YNL208W 4 214
YNL207W 3 45
YNL206C 6 489
YNL205C 0 0
YNL204C 2 21
YNL203C 4 81
YNL202W 1 1
YNL201C 0 0
YNL200C 1 2
YNL199C 0 0
YNL198C 0 0
YNL197C 0 0
YNL196C 3 8
YNL195C 0 0
YNL194C 1 5
YNL193W 9 1148
YNL192W 2 15
YNL191W 3 12
YNL190W 1 1
YNL189W 0 0
YNL188W 0 0
YNL187W 3 52
YNL186W 1 51
YNL185C 0 0
YNL184C 4 45
YNL183C 1 173
YNL182C 6 95
YNL181W 0 0
YNL180C 4 162
YNL179C 5 114
YNL178W 3 31
YNL177C 6 103
YNL176C 3 25
YNL175C 5 113
YNL174W 1 25
YNL173C 1 1
YNL172W 0 0
YNL171C 0 0
YNL170W 2 11
YNL169C 3 194
YNL168C 3 25
YNL167C 3 44
YNL166C 2 15
YNL165W 0 0
YNL164C 4 14
YNL163C 1 43
YNL162W-A 4 13
YNL162W 3 227
YNL161W 5 84
YNL160W 1 9
YNL159C 8 325
YNL158W 9 490
YNL157W 6 78
YNL156C 5 46
YNL155W 3 15
YNL154C 3 9
YNL153C 7 123
YNL152W 4 72
YNL151C 4 250
YNL150W 3 58
YNL149C 6 19
YNL148C 5 87
YNL147W 3 492
YNL146C-A 5 184
YNL146W 2 163
YNL145W 1 5
YNL144C 5 80
YNL144W-A 1 6
YNL143C 0 0
YNL142W 6 81
YNL141W 1 1
YNL140C 3 39
YNL139C 0 0
YNL138W-A 9 133
YNL138W 1 100
YNL137C 1 3
YNL136W 3 8
YNL135C 1 10
YNL134C 5 136
YNL133C 9 1825
YNL132W 0 0
YNL131W 0 0
YNL130C 5 41
YNL130C-A 2 2
YNL129W 2 2
YNL128W 0 0
YNL127W 0 0
YNL126W 2 18
YNL125C 6 83
YNL124W 7 1875
YNL123W 6 525
YNL122C 7 1008
YNL121C 3 286
YNL120C 0 0
YNL119W 1 97
YNL118C 2 27
YNL117W 4 61
YNL116W 6 280
YNL115C 8 352
YNL114C 0 0
YNL113W 2 3
YNL112W 1 1
YNL111C 1 8
YNL110C 1 48
YNL109W 0 0
YNL108C 2 5
YNL107W 10 892
YNL106C 1 50
YNL105W 1 9
YNL104C 9 176
YNL103W-A 1 4
YNL103W 3 187
YNL102W 1 25
YNL101W 3 88
YNL100W 6 47
YNL099C 5 274
YNL098C 2 23
YNL097C-B 6 229
YNL097C 2 33
YNL097W-A 3 76
YNL096C 4 28
YNL095C 1 10
YNL094W 1 30
YNL093W 2 14
YNL092W 3 22
YNL091W 0 0
YNL090W 3 260
YNL089C 0 0
YNL088W 4 33
YNL087W 1 14
YNL086W 0 0
YNL085W 0 0
YNL084C 3 5
YNL083W 0 0
YNL082W 3 39
YNL081C 7 126
YNL080C 0 0
YNL079C 14 2415
YNL078W 3 29
YNL077W 0 0
YNL076W 0 0
YNL075W 2 319
YNL074C 4 208
YNL073W 8 480
YNL072W 4 16
YNL071W 4 8
YNL070W 4 85
YNL069C 0 0
YNL068C 9 146
YNL067W-A 2 62
YNL067W-B 4 231
YNL067W 5 37
YNL066W 0 0
YNL065W 1 5
YNL064C 1 11
YNL063W 5 84
YNL062C 3 13
YNL061W 4 36
YNL059C 3 23
YNL058C 3 28
YNL057W 1 6
YNL056W 8 281
YNL055C 13 96
YNL054W 4 56
YNL053W 1 2
YNL052W 9 2086
YNL051W 2 3
YNL050C 2 53
YNL049C 2 7
YNL048W 5 71
YNL047C 7 178
YNL046W 1 3
YNL045W 5 177
YNL044W 1 5
YNL043C 1 30
YNL042W-B 3 85
YNL042W 0 0
YNL041C 3 175
YNL040W 4 92
YNL039W 1 3
YNL038W 8 213
YNL037C 4 264
YNL036W 3 62
YNL035C 7 785
YNL034W 0 0
YNL033W 0 0
YNL032W 1 10
YNL031C 5 158
YNL030W 2 27
YNL029C 7 80
YNL028W 2 32
YNL027W 2 228
YNL026W 4 625
YNL025C 10 3418
YNL024C-A 3 64
YNL024C 2 78
YNL023C 2 110
YNL022C 0 0
YNL021W 0 0
YNL020C 1 7
YNL019C 0 0
YNL018C 0 0
YNL017C 7 450
YNL016W 4 24
YNL015W 0 0
YNL014W 0 0
YNL013C 0 0
YNL012W 0 0
YNL011C 4 19
YNL010W 4 209
YNL009W 2 9
YNL008C 4 106
YNL007C 2 179
YNL006W 6 125
YNL005C 6 242
YNL004W 3 157
YNL003C 6 133
YNL002C 2 2
YNL001W 1 3
YNR001C 2 6
YNR001W-A 5 46
YNR002C 6 70
YNR003C 0 0
YNR003W-A 15 1977
YNR004W 3 42
YNR005C 0 0
YNR006W 2 100
YNR007C 2 183
YNR008W 5 149
YNR009W 4 101
YNR010W 4 50
YNR011C 6 169
YNR012W 2 3
YNR013C 2 125
YNR014W 14 9651
YNR015W 11 3134
YNR016C 4 66
YNR017W 5 23
YNR018W 11 1599
YNR019W 8 373
YNR020C 8 864
YNR021W 8 387
YNR022C 5 196
YNR023W 2 90
YNR024W 2 511
YNR025C 0 0
YNR026C 6 166
YNR027W 8 319
YNR028W 0 0
YNR029C 2 48
YNR030W 0 0
YNR031C 0 0
YNR032W 1 2
YNR032C-A 6 88697
YNR033W 4 75
YNR034W 1 3
YNR034W-A 5 129
YNR035C 7 520
YNR036C 4 105
YNR037C 5 148
YNR038W 4 175
YNR039C 2 28
YNR040W 4 22
YNR041C 0 0
YNR042W 0 0
YNR043W 0 0
YNR044W 1 2
YNR045W 3 10
YNR046W 5 138
YNR047W 9 158
YNR048W 2 21
YNR049C 1 5
YNR050C 4 206
YNR051C 0 0
YNR052C 2 16
YNR053C 2 26
YNR054C 8 381
YNR055C 0 0
YNR056C 1 1
YNR057C 1 12
YNR058W 5 411
YNR059W 1 1
YNR060W 1 1
YNR061C 1 3
YNR062C 5 233
YNR063W 0 0
YNR064C 2 368
YNR065C 4 26
YNR066C 9 743
YNR067C 0 0
YNR068C 1 2
YNR069C 1 7
YNR070W 1 18
YNR071C 2 11
YNR072W 0 0
YNR073C 3 18
YNR074C 0 0
YNR075W 6 158
YNR075C-A 5 957
YNR076W 0 0
YNR077C 5 163
YOL166W-A 6 84
YOL166C 1 8
YOL165C 0 0
YOL164W-A 1 1
YOL164W 1 8
YOL163W 1 124
YOL162W 1 20
YOL161C 0 0
YOL160W 0 0
YOL159C-A 2 9
YOL159C 1 2
YOL158C 7 393
YOL157C 0 0
YOL156W 0 0
YOL155W-A 0 0
YOL155C 0 0
YOL154W 1 1
YOL152W 0 0
YOL151W 1 1
YOL150C 7 527
YOL149W 0 0
YOL148C 2 22
YOL147C 1 9
YOL146W 4 48
YOL145C 1 192
YOL144W 3 33
YOL143C 3 16
YOL142W 5 261
YOL141W 2 14
YOL140W 6 435
YOL139C 3 137
YOL138C 2 117
YOL137W 1 12
YOL136C 0 0
YOL135C 6 322
YOL134C 3 22
YOL133W 4 177
YOL132W 0 0
YOL131W 1 37
YOL130W 0 0
YOL129W 8 584
YOL128C 7 369
YOL127W 0 0
YOL126C 7 90
YOL125W 6 22
YOL124C 6 237
YOL123W 3 153
YOL122C 4 44
YOL121C 7 369
YOL120C 0 0
YOL119C 3 42
YOL118C 6 42
YOL117W 6 123
YOL116W 1 9
YOL115W 2 3
YOL114C 11 231
YOL113W 3 34
YOL112W 4 33
YOL111C 7 50
YOL110W 8 477
YOL109W 3 15
YOL108C 8 675
YOL107W 7 786
YOL106W 3 70
YOL105C 0 0
YOL104C 5 197
YOL103W 0 0
YOL102C 4 87
YOL101C 3 16
YOL100W 0 0
YOL099C 2 42
YOL098C 1 1
YOL097W-A 2 53
YOL097C 1 13
YOL096C 3 39
YOL095C 2 10
YOL094C 4 95
YOL093W 2 44
YOL092W 6 37
YOL091W 2 21
YOL090W 0 0
YOL089C 1 27
YOL088C 2 165
YOL087C 0 0
YOL086W-A 11 100
YOL086C 1 67
YOL085W-A 1 3
YOL085C 4 320
YOL084W 0 0
YOL083W 3 208
YOL083C-A 2 19
YOL082W 4 40
YOL081W 3 316
YOL080C 1 1
YOL079W 1 84
YOL078W 4 19
YOL077W-A 9 492
YOL077C 1 2
YOL076W 1 1
YOL075C 3 102
YOL073C 3 45
YOL072W 5 308
YOL071W 5 553
YOL070C 8 259
YOL069W 3 56
YOL068C 5 2562
YOL067C 10 389
YOL066C 0 0
YOL065C 4 162
YOL064C 1 3
YOL063C 3 21
YOL062C 10 2031
YOL061W 7 64
YOL060C 2 2
YOL059W 7 281
YOL058W 10 740
YOL057W 7 120
YOL056W 1 1
YOL055C 1 2
YOL054W 4 106
YOL053W 2 32
YOL052C-A 0 0
YOL052C 5 129
YOL051W 3 131
YOL050C 4 1027
YOL049W 6 21
YOL048C 7 988
YOL047C 2 81
YOL046C 0 0
YOL045W 1 7
YOL044W 2 21
YOL043C 4 36
YOL042W 2 265
YOL041C 3 207
YOL040C 0 0
YOL039W 4 100
YOL038C-A 1 1
YOL038W 1 3
YOL037C 1 2
YOL036W 0 0
YOL035C 5 42
YOL034W 4 272
YOL033W 3 99
YOL032W 0 0
YOL031C 1 7
YOL030W 4 37
YOL029C 2 11
YOL028C 2 16
YOL027C 4 77
YOL026C 8 45
YOL025W 2 10
YOL024W 4 27
YOL023W 4 210
YOL022C 2 22
YOL021C 11 1337
YOL020W 5 36
YOL019W-A 8 72
YOL019W 3 13
YOL018C 5 55
YOL017W 0 0
YOL016C 1 4
YOL015W 0 0
YOL014W 0 0
YOL013W-B 0 0
YOL013W-A 3 18
YOL013C 0 0
YOL012C 1 5
YOL011W 2 3
YOL010W 3 123
YOL009C 3 32
YOL008W 4 125
YOL007C 1 6
YOL006C 2 5
YOL005C 8 71
YOL004W 0 0
YOL003C 10 1472
YOL002C 6 88
YOL001W 3 73
YOR001W 7 548
YOR002W 1 103
YOR003W 0 0
YOR004W 7 57
YOR005C 3 141
YOR006C 3 16
YOR007C 3 17
YOR008C 0 0
YOR008C-A 2 11
YOR008W-B 4 91
YOR009W 0 0
YOR010C 1 9
YOR011W 0 0
YOR011W-A 0 0
YOR012W 1 4
YOR013W 0 0
YOR014W 0 0
YOR015W 1 2
YOR016C 1 6
YOR017W 2 4
YOR018W 0 0
YOR019W 2 9
YOR020C 4 110
YOR020W-A 2 24
YOR021C 4 72
YOR022C 3 10
YOR023C 7 105
YOR024W 9 170
YOR025W 7 209
YOR026W 8 1007
YOR027W 4 10
YOR028C 0 0
YOR029W 5 232
YOR030W 0 0
YOR031W 8 36
YOR032C 5 235
YOR032W-A 3 35
YOR033C 2 100
YOR034C 1 15
YOR034C-A 3 27
YOR035C 3 36
YOR036W 5 13
YOR037W 1 2
YOR038C 4 72
YOR039W 1 3
YOR040W 1 62
YOR041C 3 142
YOR042W 5 150
YOR043W 0 0
YOR044W 2 121
YOR045W 2 50
YOR046C 1 2
YOR047C 0 0
YOR048C 2 22
YOR049C 2 27
YOR050C 4 36
YOR051C 0 0
YOR052C 1 27
YOR053W 3 69
YOR054C 3 195
YOR055W 3 165
YOR056C 0 0
YOR057W 2 21
YOR058C 0 0
YOR059C 3 9
YOR060C 5 88
YOR061W 0 0
YOR062C 0 0
YOR063W 8 1053
YOR064C 19 4544
YOR065W 1 1
YOR066W 2 43
YOR067C 2 56
YOR069W 2 57
YOR068C 2 41
YOR070C 3 43
YOR071C 1 12
YOR072W 2 44
YOR072W-A 9 373
YOR072W-B 2 42
YOR073W 4 205
YOR074C 2 37
YOR073W-A 5 52
YOR075W 14 1884
YOR076C 7 2409
YOR077W 3 307
YOR078W 9 197
YOR079C 1 1
YOR080W 1 4
YOR081C 1 2
YOR082C 4 75
YOR083W 2 144
YOR084W 9 186
YOR085W 1 5
YOR086C 4 173
YOR087W 3 46
YOR089C 1 2
YOR090C 2 8
YOR091W 1 21
YOR092W 0 0
YOR093C 2 37
YOR094W 0 0
YOR095C 7 48
YOR096W 3 63
YOR097C 4 136
YOR098C 7 929
YOR099W 4 49
YOR100C 2 61
YOR101W 0 0
YOR102W 10 1000
YOR103C 11 647
YOR104W 2 25
YOR105W 0 0
YOR106W 1 30
YOR107W 3 27
YOR108W 2 62
YOR108C-A 1 2
YOR109W 1 2
YOR110W 0 0
YOR111W 1 2
YOR112W 1 1
YOR113W 1 17
YOR114W 4 49
YOR115C 6 1536
YOR116C 0 0
YOR117W 2 46
YOR118W 1 6
YOR119C 5 190
YOR120W 3 96
YOR121C 4 102
YOR122C 10 292
YOR123C 1 32
YOR124C 1 1
YOR125C 0 0
YOR126C 12 361
YOR127W 1 1
YOR128C 0 0
YOR129C 4 176
YOR130C 3 26
YOR131C 3 79
YOR132W 0 0
YOR133W 3 338
YOR134W 3 15
YOR135C 0 0
YOR136W 2 34
YOR137C 1 14
YOR138C 4 299
YOR139C 0 0
YOR140W 1 9
YOR141C 6 182
YOR142W 4 32
YOR143C 0 0
YOR144C 2 25
YOR145C 2 19
YOR146W 2 15
YOR147W 7 1166
YOR148C 8 390
YOR149C 3 26
YOR150W 7 169
YOR151C 0 0
YOR152C 0 0
YOR153W 2 33
YOR154W 1 21
YOR155C 3 11
YOR156C 1 14
YOR157C 0 0
YOR158W 4 296
YOR159C 3 43
YOR160W 5 163
YOR161C 8 1918
YOR161W-A 2 63
YOR161W-B 4 42
YOR161C-C 8 400
YOR162C 4 352
YOR163W 6 111
YOR164C 3 62
YOR165W 4 114
YOR166C 3 100
YOR167C 1 2
YOR168W 4 140
YOR169C 2 31
YOR170W 4 64
YOR171C 2 25
YOR172W 10 366
YOR173W 1 164
YOR174W 1 2
YOR175C 3 64
YOR176W 2 9
YOR177C 2 5
YOR178C 6 109
YOR179C 3 14
YOR180C 1 10
YOR181W 4 52
YOR182C 2 166
YOR183W 0 0
YOR184W 0 0
YOR185C 3 5
YOR186W 3 220
YOR186C-A 2 51
YOR187W 4 214
YOR188W 3 462
YOR189W 2 69
YOR190W 1 2
YOR191W 0 0
YOR192C 1 11
YOR192C-C 0 0
YOR193W 1 2
YOR194C 2 34
YOR195W 1 13
YOR196C 8 141
YOR197W 6 396
YOR198C 2 7
YOR199W 3 9
YOR200W 9 3513
YOR201C 6 53
YOR202W 2 2
YOR203W 3 22
YOR204W 6 89
YOR205C 9 183
YOR206W 5 123
YOR207C 4 116
YOR208W 4 150
YOR209C 0 0
YOR210W 1 15
YOR211C 0 0
YOR212W 4 28
YOR213C 6 43
YOR214C 0 0
YOR215C 5 68
YOR216C 5 99
YOR217W 2 34
YOR218C 0 0
YOR219C 6 135
YOR220W 7 1346
YOR221C 5 95
YOR222W 1 1
YOR223W 9 356
YOR224C 0 0
YOR225W 0 0
YOR226C 7 247
YOR227W 1 21
YOR228C 2 11
YOR229W 4 226
YOR230W 3 74
YOR231W 2 6
YOR231C-A 3 253
YOR232W 0 0
YOR233W 0 0
YOR234C 1 83
YOR235W 0 0
YOR236W 6 161
YOR237W 0 0
YOR238W 0 0
YOR239W 4 16
YOR241W 3 74
YOR242C 0 0
YOR243C 2 97
YOR244W 1 1
YOR245C 10 192
YOR246C 3 14
YOR247W 0 0
YOR248W 3 1052
YOR249C 4 26
YOR250C 2 26
YOR251C 12 595
YOR252W 6 94
YOR253W 3 65
YOR254C 7 65
YOR255W 3 77
YOR256C 1 9
YOR257W 2 64
YOR258W 4 10
YOR259C 6 140
YOR260W 3 99
YOR261C 0 0
YOR262W 4 71
YOR263C 0 0
YOR264W 2 30
YOR265W 11 1171
YOR266W 2 11
YOR267C 1 22
YOR268C 6 231
YOR269W 5 582
YOR270C 0 0
YOR271C 6 414
YOR272W 4 190
YOR273C 5 271
YOR274W 5 109
YOR275C 14 756
YOR276W 7 181
YOR277C 0 0
YOR278W 4 36
YOR279C 1 8
YOR280C 5 463
YOR281C 5 113
YOR282W 0 0
YOR283W 3 239
YOR284W 8 1271
YOR285W 6 67
YOR286W 7 768
YOR287C 1 121
YOR288C 1 44
YOR289W 3 41
YOR290C 0 0
YOR291W 1 57
YOR292C 9 246
YOR293W 0 0
YOR293C-A 3 28
YOR294W 2 15
YOR295W 1 37
YOR296W 1 148
YOR297C 12 1902
YOR298W 4 999
YOR298C-A 5 129
YOR299W 0 0
YOR300W 0 0
YOR301W 2 43
YOR302W 6 115
YOR303W 2 10
YOR304W 1 50
YOR304C-A 4 12
YOR305W 0 0
YOR306C 1 14
YOR307C 4 14
YOR308C 0 0
YOR309C 0 0
YOR310C 1 187
YOR311C 6 48
YOR312C 0 0
YOR313C 1 62
YOR314W 0 0
YOR314W-A 12 2426
YOR315W 2 7
YOR316C 1 3
YOR316C-A 4 53
YOR317W 4 46
YOR318C 3 77
YOR319W 1 2
YOR320C 0 0
YOR321W 2 205
YOR322C 2 36
YOR323C 5 55
YOR324C 2 95
YOR325W 3 123
YOR326W 1 2
YOR327C 2 5
YOR328W 2 2
YOR329C 2 42
YOR329W-A 4 182
YOR330C 7 5870
YOR331C 0 0
YOR332W 3 260
YOR333C 2 14
YOR334W 5 115
YOR335C 1 26
YOR335W-A 0 0
YOR336W 11 2116
YOR337W 6 129
YOR338W 1 41
YOR339C 2 4
YOR340C 1 8
YOR341W 0 0
YOR342C 2 46
YOR343C 16 2276
YOR344C 2 45
YOR345C 4 70
YOR346W 1 21
YOR347C 0 0
YOR348C 3 37
YOR349W 7 21416
YOR350C 0 0
YOR351C 0 0
YOR352W 4 5
YOR353C 5 51
YOR354C 11 3364
YOR355W 0 0
YOR356W 4 241
YOR357C 12 451
YOR358W 4 86
YOR359W 4 7
YOR360C 3 113
YOR361C 13 1231
YOR362C 3 9
YOR363C 1 84
YOR364W 4 441
YOR365C 2 71
YOR366W 0 0
YOR367W 7 289
YOR368W 5 255
YOR369C 1 7
YOR370C 0 0
YOR371C 3 56
YOR372C 1 3
YOR373W 1 33
YOR374W 3 55
YOR375C 1 4
YOR376W 3 17
YOR376W-A 2 27
YOR377W 4 29
YOR378W 0 0
YOR379C 3 45
YOR380W 3 32
YOR381W 1 1
YOR381W-A 6 76
YOR382W 3 13
YOR383C 2 5
YOR384W 2 73
YOR385W 4 250
YOR386W 5 77
YOR387C 0 0
YOR388C 0 0
YOR389W 0 0
YOR390W 1 2
YOR391C 1 1
YOR392W 2 9
YOR393W 0 0
YOR394W 0 0
YOR394C-A 0 0
YOR396W 0 0
YOR396C-A 0 0
YPL283C 0 0
YPL283W-B 0 0
YPL283W-A 0 0
YPL282C 0 0
YPL281C 0 0
YPL280W 0 0
YPL279C 4 181
YPL278C 0 0
YPL277C 1 67
YPL274W 2 27
YPL273W 1 5
YPL272C 0 0
YPL271W 7 181
YPL270W 6 172
YPL269W 8 405
YPL268W 5 621
YPL267W 6 156
YPL266W 1 2
YPL265W 1 14
YPL264C 3 252
YPL263C 3 52
YPL262W 2 11
YPL261C 3 79
YPL260W 0 0
YPL259C 5 105
YPL258C 4 52
YPL257W 1 2
YPL256C 2 8
YPL255W 1 24
YPL254W 0 0
YPL253C 4 61
YPL252C 9 638
YPL251W 4 33
YPL250C 4 30
YPL249C-A 0 0
YPL250W-A 0 0
YPL249C 2 38
YPL248C 4 49
YPL247C 2 8
YPL246C 3 52
YPL245W 6 164
YPL244C 2 20
YPL243W 1 55
YPL242C 1 6
YPL241C 7 409
YPL240C 5 223
YPL239W 2 23
YPL238C 0 0
YPL237W 0 0
YPL236C 3 89
YPL235W 0 0
YPL234C 2 12
YPL233W 5 54
YPL232W 2 19
YPL231W 6 19
YPL230W 3 66
YPL229W 3 7
YPL228W 1 2
YPL227C 0 0
YPL226W 4 236
YPL225W 1 3
YPL224C 9 5447
YPL223C 6 4392
YPL222W 4 350
YPL222C-A 0 0
YPL221W 4 18
YPL220W 8 619
YPL219W 3 21
YPL218W 3 50
YPL217C 3 5
YPL216W 0 0
YPL215W 5 73
YPL214C 3 10
YPL213W 6 40
YPL212C 2 36
YPL211W 4 48
YPL210C 1 42
YPL209C 2 78
YPL208W 4 79
YPL207W 3 11
YPL206C 5 253
YPL205C 1 4
YPL204W 0 0
YPL203W 7 100
YPL202C 2 2
YPL201C 4 68
YPL200W 1 1
YPL199C 4 35
YPL198W 13 1690
YPL197C 2 34
YPL196W 0 0
YPL195W 6 4466
YPL194W 1 3
YPL193W 1 21
YPL192C 3 29
YPL191C 4 534
YPL190C 2 5
YPL189C-A 3 887
YPL189W 2 20
YPL188W 2 51
YPL187W 3 19
YPL186C 12 277
YPL185W 2 148
YPL184C 1 2
YPL183W-A 0 0
YPL183C 6 789
YPL182C 3 164
YPL181W 1 40
YPL180W 0 0
YPL179W 1 6
YPL178W 4 133
YPL177C 1 141
YPL176C 2 16
YPL175W 1 4
YPL174C 1 1
YPL173W 6 536
YPL172C 1 63
YPL171C 4 99
YPL170W 2 4
YPL169C 7 253
YPL168W 1 4
YPL167C 6 184
YPL166W 7 317
YPL165C 2 11
YPL164C 4 582
YPL163C 0 0
YPL162C 4 7
YPL161C 0 0
YPL160W 0 0
YPL159C 0 0
YPL158C 1 4
YPL157W 4 72
YPL156C 2 32
YPL155C 1 24
YPL154C 0 0
YPL153C 0 0
YPL152W-A 4 23
YPL152W 0 0
YPL151C 1 92
YPL150W 4 19
YPL149W 6 40
YPL148C 2 49
YPL147W 4 168
YPL146C 6 4085
YPL145C 0 0
YPL144W 9 251
YPL143W 0 0
YPL142C 1 15
YPL141C 1 2
YPL140C 1 7
YPL139C 0 0
YPL138C 2 23
YPL137C 3 25
YPL136W 1 23
YPL135W 8 856
YPL135C-A 1 24
YPL134C 7 108
YPL133C 3 8
YPL132W 0 0
YPL131W 1 4
YPL130W 0 0
YPL129W 3 11
YPL128C 0 0
YPL127C 4 66
YPL126W 6 301
YPL125W 0 0
YPL124W 5 68
YPL123C 2 175
YPL122C 7 756
YPL121C 0 0
YPL120W 6 299
YPL119C-A 0 0
YPL119C 0 0
YPL118W 0 0
YPL117C 4 145
YPL116W 6 44
YPL115C 0 0
YPL114W 7 498
YPL113C 1 7
YPL112C 3 30
YPL111W 2 83
YPL110C 0 0
YPL109C 0 0
YPL108W 6 85
YPL107W 6 112
YPL106C 0 0
YPL105C 6 136
YPL104W 4 9
YPL103C 3 43
YPL102C 0 0
YPL101W 2 81
YPL100W 0 0
YPL099C 1 1
YPL098C 1 1
YPL097W 3 101
YPL096C-A 2 3
YPL096W 9 286
YPL095C 1 55
YPL094C 10 874
YPL093W 3 18
YPL092W 3 84
YPL091W 3 115
YPL090C 2 3
YPL089C 6 555
YPL088W 0 0
YPL087W 0 0
YPL086C 2 8
YPL085W 3 67
YPL084W 0 0
YPL083C 2 6
YPL082C 2 31
YPL081W 4 406
YPL080C 10 615
YPL079W 4 163
YPL078C 7 83
YPL077C 3 109
YPL076W 1 6
YPL075W 5 312
YPL074W 5 132
YPL073C 2 50
YPL072W 4 47
YPL071C 1 1
YPL070W 1 1
YPL069C 6 626
YPL068C 9 136
YPL067C 5 26
YPL066W 3 131
YPL065W 4 230
YPL064C 2 23
YPL063W 0 0
YPL062W 14 1213
YPL061W 1 7
YPL060W 5 128
YPL059W 1 12
YPL058C 0 0
YPL057C 4 46
YPL056C 16 3621
YPL055C 8 433
YPL054W 0 0
YPL053C 3 22
YPL052W 5 30
YPL051W 7 179
YPL050C 0 0
YPL049C 9 327
YPL048W 3 17
YPL047W 1 18
YPL046C 1 19
YPL045W 1 1
YPL044C 1 19
YPL043W 2 40
YPL042C 0 0
YPL041C 7 1164
YPL040C 5 48
YPL039W 4 178
YPL038W-A 1 64
YPL038W 6 31
YPL037C 3 39
YPL036W 6 770
YPL035C 0 0
YPL034W 1 3
YPL033C 4 52
YPL032C 3 12
YPL031C 1 5
YPL030W 1 123
YPL029W 3 7
YPL028W 1 1
YPL027W 0 0
YPL026C 0 0
YPL025C 10 178
YPL024W 8 163
YPL023C 0 0
YPL022W 0 0
YPL021W 0 0
YPL020C 0 0
YPL019C 5 260
YPL018W 4 371
YPL017C 3 36
YPL016W 0 0
YPL015C 9 1110
YPL014W 1 4
YPL013C 5 1172
YPL012W 0 0
YPL011C 8 241
YPL010W 3 966
YPL009C 0 0
YPL008W 1 5
YPL007C 0 0
YPL006W 2 99
YPL005W 2 41
YPL004C 0 0
YPL003W 6 61
YPL002C 5 111
YPL001W 4 289
YPR001W 7 203
YPR002W 12 773
YPR002C-A 3 50
YPR003C 3 18
YPR004C 1 4
YPR005C 2 19
YPR006C 1 52
YPR007C 1 2
YPR008W 2 4
YPR009W 2 157
YPR010C 0 0
YPR010C-A 6 178
YPR011C 1 19
YPR012W 3 54
YPR013C 3 36
YPR014C 2 6
YPR015C 2 61
YPR016C 0 0
YPR016W-A 0 0
YPR017C 6 1997
YPR018W 0 0
YPR019W 4 27
YPR020W 5 24
YPR021C 0 0
YPR022C 6 285
YPR023C 2 42
YPR024W 3 8
YPR025C 6 99
YPR026W 4 47
YPR027C 0 0
YPR028W 1 1
YPR029C 0 0
YPR030W 7 2310
YPR031W 1 123
YPR032W 2 4
YPR033C 4 24
YPR034W 1 15
YPR035W 1 5
YPR036W 7 645
YPR036W-A 4 57
YPR037C 3 139
YPR038W 4 433
YPR039W 3 23
YPR040W 10 681
YPR041W 3 105
YPR042C 1 3
YPR043W 3 24
YPR044C 1 4
YPR045C 5 256
YPR046W 14 8885
YPR047W 1 2
YPR048W 3 32
YPR049C 1 9
YPR050C 5 150
YPR051W 5 320
YPR052C 2 34
YPR053C 1 22
YPR054W 2 24
YPR055W 1 122
YPR056W 6 79
YPR057W 10 201
YPR058W 0 0
YPR059C 2 138
YPR060C 3 62
YPR061C 6 75
YPR062W 4 246
YPR063C 4 120
YPR064W 5 126
YPR065W 0 0
YPR066W 0 0
YPR067W 6 51
YPR068C 6 105
YPR069C 2 64
YPR070W 2 249
YPR071W 2 83
YPR072W 0 0
YPR073C 2 5
YPR074C 7 198
YPR074W-A 12 1462
YPR075C 5 128
YPR076W 0 0
YPR077C 2 3
YPR078C 0 0
YPR079W 1 3
YPR080W 3 181
YPR081C 4 51
YPR082C 18 2012
YPR083W 6 321
YPR084W 0 0
YPR085C 4 46
YPR086W 4 36
YPR087W 1 1
YPR088C 0 0
YPR089W 2 25
YPR091C 11 656
YPR092W 1 7
YPR093C 3 131
YPR094W 3 150
YPR095C 0 0
YPR096C 0 0
YPR097W 2 33
YPR098C 4 581
YPR099C 1 1
YPR100W 5 38
YPR101W 7 106
YPR102C 0 0
YPR103W 1 1
YPR104C 0 0
YPR105C 4 314
YPR106W 1 15
YPR107C 0 0
YPR108W 1 1
YPR108W-A 0 0
YPR109W 0 0
YPR110C 1 2
YPR111W 3 61
YPR112C 4 106
YPR113W 3 479
YPR114W 1 3
YPR115W 0 0
YPR116W 4 7
YPR117W 1 8
YPR118W 8 272
YPR119W 2 161
YPR120C 0 0
YPR121W 0 0
YPR122W 7 12932
YPR123C 2 16
YPR124W 0 0
YPR125W 0 0
YPR126C 2 7
YPR127W 3 564
YPR128C 4 28
YPR129W 4 49
YPR130C 3 90
YPR131C 8 1050
YPR132W 4 18
YPR133C 0 0
YPR133W-A 4 78
YPR134W 1 20
YPR135W 1 1
YPR136C 0 0
YPR137W 2 51
YPR138C 1 1
YPR139C 0 0
YPR140W 0 0
YPR141C 0 0
YPR142C 0 0
YPR143W 5 393
YPR144C 2 19
YPR145W 7 124
YPR145C-A 6 197
YPR146C 2 113
YPR147C 4 267
YPR148C 7 193
YPR149W 2 317
YPR150W 6 152
YPR151C 21 1791
YPR152C 8 142
YPR153W 7 199
YPR154W 7 1045
YPR155C 2 99
YPR156C 1 15
YPR157W 0 0
YPR158W 3 23
YPR159W 2 74
YPR159C-A 14 11571
YPR160W 2 7
YPR160W-A 4 70
YPR160C-A 0 0
YPR161C 0 0
YPR162C 3 62
YPR163C 5 64
YPR164W 3 66
YPR165W 0 0
YPR166C 4 377
YPR167C 2 54
YPR168W 4 107
YPR169W 8 720
YPR170C 3 71
YPR169W-A 8 680
YPR170W-B 8 680
YPR170W-A 1 37
YPR171W 4 52
YPR172W 1 29
YPR173C 3 12
YPR174C 3 67
YPR175W 2 12
YPR176C 5 75
YPR177C 5 365
YPR178W 0 0
YPR179C 1 4
YPR180W 2 97
YPR181C 3 37
YPR182W 2 3
YPR183W 2 277
YPR184W 6 203
YPR185W 2 41
YPR186C 5 19
YPR187W 8 145
YPR188C 10 388
YPR189W 4 115
YPR190C 4 60
YPR191W 5 107
YPR192W 3 16
YPR193C 3 119
YPR194C 0 0
YPR195C 4 59
YPR196W 10 541
YPR197C 0 0
YPR198W 2 103
YPR199C 7 605
YPR200C 0 0
YPR201W 0 0
YPR202W 0 0
YPR203W 0 0
YPR204W 0 0
YPR204C-A 0 0
