YAL069W 16 1114
YAL068W-A 16 11126
YAL068C 6 403
YAL067W-A 0 0
YAL067C 34 8812
YAL066W 2 4
YAL065C 8 155
YAL064W-B 0 0
YAL064C-A 1 8
YAL064W 2 19
YAL063C-A 1 3
YAL063C 23 3737
YAL062W 78 2328
YAL061W 62 4753
YAL060W 38 2532
YAL059C-A 5 197
YAL059W 8 344
YAL058W 49 5318
YAL056C-A 11 244
YAL056W 69 4409
YAL055W 12 347
YAL054C 55 2011
YAL053W 52 2614
YAL051W 56 1710
YAL049C 18 376
YAL048C 40 513
YAL047W-A 5 60
YAL047C 19 488
YAL046C 8 62
YAL045C 6 82
YAL044W-A 9 283
YAL044C 18 477
YAL043C 51 3106
YAL042C-A 13 182
YAL042W 39 1365
YAL041W 36 929
YAL040C 26 517
YAL039C 67 2766
YAL038W 31 1258
YAL037C-B 18 537
YAL037C-A 4 84
YAL037W 12 374
YAL036C 25 232
YAL035W 29 639
YAL034C-B 13 411
YAL034W-A 10 436
YAL034C 35 1925
YAL033W 4 356
YAL032C 25 725
YAL031W-A 3 74
YAL031C 23 1281
YAL030W 12 1061
YAL029C 49 1903
YAL028W 18 973
YAL027W 15 330
YAL026C-A 4 20
YAL026C 31 1630
YAL025C 5 110
YAL024C 35 718
YAL023C 46 2104
YAL022C 23 467
YAL021C 39 710
YAL020C 29 1713
YAL019W-A 21 1300
YAL019W 32 636
YAL018C 9 68
YAL017W 47 1846
YAL016C-B 9 101
YAL016C-A 9 322
YAL016W 13 234
YAL015C 36 1701
YAL014C 13 451
YAL013W 8 254
YAL012W 29 1488
YAL011W 18 474
YAL010C 14 241
YAL009W 7 85
YAL008W 15 294
YAL007C 12 181
YAL005C 38 2489
YAL004W 12 1550
YAL003W 9 329
YAL002W 68 7853
YAL001C 123 5480
YAR002W 68 2723
YAR002C-A 25 2038
YAR003W 49 2631
YAR007C 16 58
YAR008W 15 313
YAR014C 17 302
YAR015W 11 378
YAR018C 13 297
YAR019C 26 1340
YAR019W-A 10 177
YAR020C 1 12
YAR023C 15 384
YAR027W 15 585
YAR028W 25 1068
YAR029W 2 26
YAR030C 3 56
YAR031W 18 482
YAR033W 3 21
YAR035W 137 5854
YAR035C-A 2 14
YAR042W 64 2028
YAR047C 0 0
YAR050W 18 192
YAR053W 0 0
YAR060C 0 0
YAR064W 3 117
YAR066W 0 0
YAR068W 1 8
YAR069C 0 0
YAR070C 0 0
YAR071W 3 38
YAR073W 5 346
YAR075W 1 3
YBL113C 0 0
YBL113W-A 0 0
YBL112C 0 0
YBL111C 0 0
YBL109W 16 3906
YBL108C-A 0 0
YBL108W 15 3478
YBL107W-A 0 0
YBL107C 16 223
YBL106C 27 2641
YBL105C 36 1214
YBL104C 78 2928
YBL103C 21 601
YBL102W 3 66
YBL101C 68 2475
YBL100W-C 8 167
YBL100C 4 20
YBL099W 25 657
YBL098W 34 983
YBL097W 24 555
YBL096C 9 179
YBL095W 12 165
YBL094C 1 2
YBL093C 11 337
YBL092W 1 9
YBL091C-A 18 373
YBL091C 26 1659
YBL090W 11 142
YBL089W 18 114
YBL088C 111 3952
YBL087C 17 321
YBL086C 7 638
YBL085W 24 2231
YBL084C 23 628
YBL083C 3 161
YBL082C 23 675
YBL081W 16 213
YBL080C 45 1377
YBL079W 51 1673
YBL078C 0 0
YBL077W 9 180
YBL076C 42 1192
YBL075C 31 765
YBL074C 29 558
YBL073W 22 6171
YBL072C 4 55
YBL071C-B 1 1
YBL071W-A 4 11
YBL071C 10 339
YBL070C 11 556
YBL069W 31 1174
YBL068W-A 2 5
YBL068W 11 717
YBL067C 21 16707
YBL066C 55 1957
YBL065W 15 372
YBL064C 20 3572
YBL063W 54 4852
YBL062W 9 295
YBL061C 37 999
YBL060W 30 852
YBL059C-A 1 98
YBL059W 11 245
YBL058W 29 669
YBL057C 15 295
YBL056W 21 449
YBL055C 30 782
YBL054W 34 453
YBL053W 6 104
YBL052C 27 1198
YBL051C 18 652
YBL050W 13 255
YBL049W 3 235
YBL048W 4 39
YBL047C 54 1330
YBL046W 22 622
YBL045C 24 663
YBL044W 36 9462
YBL043W 12 237
YBL042C 46 940
YBL041W 6 102
YBL040C 8 553
YBL039W-B 2 5
YBL039C 14 172
YBL039C-A 0 0
YBL038W 11 360
YBL037W 44 1232
YBL036C 18 290
YBL035C 42 1679
YBL034C 42 1288
YBL033C 21 439
YBL032W 19 351
YBL031W 31 535
YBL030C 28 732
YBL029C-A 6 217
YBL029W 21 509
YBL028C 5 485
YBL027W 6 80
YBL026W 2 34
YBL025W 9 524
YBL024W 23 5066
YBL023C 38 1256
YBL022C 24 733
YBL021C 11 932
YBL020W 22 305
YBL019W 22 456
YBL018C 11 302
YBL017C 90 4728
YBL016W 36 1482
YBL015W 67 8986
YBL014C 31 915
YBL013W 65 1976
YBL012C 13 166
YBL011W 29 619
YBL010C 8 148
YBL009W 34 1630
YBL008W-A 3 80
YBL008W 24 739
YBL007C 43 986
YBL006C 12 314
YBL006W-A 7 251
YBL005W 42 662
YBL004W 44 1059
YBL003C 6 13
YBL002W 26 583
YBL001C 29 3483
YBR001C 119 7905
YBR002C 22 619
YBR003W 25 2562
YBR004C 22 416
YBR005W 16 2205
YBR006W 62 3511
YBR007C 35 856
YBR008C 56 1355
YBR009C 1 11
YBR010W 6 36
YBR011C 12 266
YBR012C 2 70
YBR013C 2 44
YBR014C 10 134
YBR015C 25 552
YBR016W 5 386
YBR017C 29 745
YBR018C 21 834
YBR019C 51 1141
YBR020W 51 1203
YBR021W 30 113839
YBR022W 16 592
YBR023C 52 3278
YBR024W 13 359
YBR025C 25 222
YBR026C 15 204
YBR027C 26 409
YBR028C 11 365
YBR029C 19 240
YBR030W 5 30
YBR031W 4 189
YBR032W 29 7780
YBR033W 53 1308
YBR034C 32 1302
YBR035C 20 312
YBR036C 22 656
YBR037C 23 502
YBR038W 50 868
YBR039W 13 234
YBR040W 7 32
YBR041W 13 354
YBR042C 10 322
YBR043C 29 1687
YBR044C 14 214
YBR045C 16 317
YBR046C 17 364
YBR047W 14 601
YBR048W 8 261
YBR049C 42 847
YBR050C 19 642
YBR051W 6 1485
YBR052C 9 157
YBR053C 24 684
YBR054W 26 8040
YBR055C 32 933
YBR056W 20 302
YBR056W-A 4 366
YBR056C-B 2 203
YBR057C 13 296
YBR058C 24 512
YBR058C-A 1 8
YBR059C 34 717
YBR060C 20 574
YBR061C 23 731
YBR062C 5 301
YBR063C 7 150
YBR064W 2 47
YBR065C 12 191
YBR066C 14 192
YBR067C 3 11
YBR068C 49 4702
YBR069C 36 1400
YBR070C 18 465
YBR071W 15 483
YBR072W 13 825
YBR072C-A 11 195
YBR073W 23 396
YBR074W 53 1557
YBR076W 16 1244
YBR076C-A 15 860
YBR077C 8 283
YBR078W 48 4116
YBR079C 36 677
YBR080C 17 242
YBR081C 32 697
YBR082C 13 104
YBR083W 29 1544
YBR084W 35 1964
YBR084C-A 5 203
YBR085W 10 123
YBR085C-A 4 100
YBR086C 47 903
YBR087W 15 1023
YBR088C 14 222
YBR089W 11 126
YBR089C-A 21 2206
YBR090C 28 2340
YBR091C 4 25
YBR092C 20 599
YBR093C 23 569
YBR094W 34 2046
YBR095C 16 197
YBR096W 8 16
YBR097W 36 1450
YBR098W 32 622
YBR099C 4 30
YBR101C 4 46
YBR102C 35 604
YBR103W 15 252
YBR103C-A 17 1969
YBR104W 15 687
YBR105C 17 587
YBR106W 12 289
YBR107C 6 109
YBR108W 32 1121
YBR109C 1 1
YBR109W-A 7 56
YBR110W 6 124
YBR111C 17 1019
YBR111W-A 3 163
YBR112C 22 596
YBR113W 8 160
YBR114W 42 2018
YBR115C 60 2553
YBR116C 16 2177
YBR117C 59 1932
YBR118W 2 54
YBR119W 12 489
YBR120C 3 29
YBR121C 4 18
YBR121C-A 0 0
YBR122C 3 76
YBR123C 12 99
YBR124W 15 207
YBR125C 20 5962
YBR126C 33 686
YBR126W-A 14 1501
YBR126W-B 11 1244
YBR127C 21 700
YBR128C 27 661
YBR129C 4 6
YBR130C 5 62
YBR131W 28 546
YBR131C-A 0 0
YBR132C 47 6352
YBR133C 51 847
YBR134W 19 4929
YBR135W 8 100
YBR136W 67 2196
YBR137W 11 172
YBR138C 32 728
YBR139W 36 790
YBR140C 103 8366
YBR141C 13 593
YBR141W-A 0 0
YBR142W 46 1108
YBR143C 13 289
YBR144C 15 837
YBR145W 17 255
YBR146W 15 632
YBR147W 8 365
YBR148W 32 1728
YBR149W 23 1078
YBR150C 41 695
YBR151W 27 667
YBR152W 21 533
YBR153W 15 1029
YBR154C 1 4
YBR155W 5 97
YBR156C 12 218
YBR157C 17 1375
YBR158W 17 867
YBR159W 21 315
YBR160W 19 830
YBR161W 7 27
YBR162C 25 666
YBR162W-A 5 60
YBR163W 18 283
YBR164C 10 595
YBR165W 4 64
YBR166C 25 677
YBR167C 5 136
YBR168W 13 424
YBR169C 38 11847
YBR170C 32 850
YBR171W 7 49
YBR172C 25 492
YBR173C 5 35
YBR174C 13 617
YBR175W 19 911
YBR176W 12 413
YBR177C 25 1136
YBR178W 19 867
YBR179C 38 826
YBR180W 24 623
YBR181C 5 215
YBR182C 21 778
YBR182C-A 1 7
YBR183W 20 522
YBR184W 16 754
YBR185C 10 458
YBR186W 36 2156
YBR187W 11 144
YBR188C 7 117
YBR189W 12 96
YBR190W 0 0
YBR191W 0 0
YBR191W-A 0 0
YBR192W 12 195
YBR193C 8 239
YBR194W 5 137
YBR195C 16 424
YBR196C 25 666
YBR196C-A 11 1482
YBR196C-B 4 26
YBR197C 30 3682
YBR198C 18 417
YBR199W 28 1492
YBR200W 7 42
YBR200W-A 1 4
YBR201W 2 14
YBR201C-A 11 350
YBR202W 47 943
YBR203W 52 1152
YBR204C 17 468
YBR205W 20 1849
YBR206W 6 160
YBR207W 20 1193
YBR208C 86 2008
YBR209W 19 417
YBR210W 4 39
YBR211C 10 248
YBR212W 34 911
YBR213W 26 528
YBR214W 42 1686
YBR215W 19 343
YBR216C 14 541
YBR217W 4 74
YBR218C 43 1329
YBR219C 31 2355
YBR220C 34 1058
YBR221C 22 1428
YBR221W-A 9 302
YBR222C 46 1007
YBR223C 19 447
YBR223W-A 3 167
YBR224W 5 98
YBR225W 18 188
YBR226C 3 11
YBR227C 7 88
YBR228W 22 1016
YBR229C 54 923
YBR230C 5 53
YBR230W-A 21 470
YBR231C 13 121
YBR232C 4 121
YBR233W 12 343
YBR233W-A 3 68
YBR234C 18 484
YBR235W 77 2463
YBR236C 14 271
YBR237W 19 292
YBR238C 20 438
YBR239C 64 3636
YBR240C 23 466
YBR241C 53 1292
YBR242W 25 2226
YBR243C 9 126
YBR244W 3 11
YBR245C 35 1059
YBR246W 20 470
YBR247C 6 16
YBR248C 38 1029
YBR249C 14 87
YBR250W 22 987
YBR251W 12 523
YBR252W 7 263
YBR253W 4 21
YBR254C 4 79
YBR255W 33 791
YBR255C-A 4 242
YBR256C 12 287
YBR257W 16 165
YBR258C 7 34
YBR259W 27 440
YBR260C 36 569
YBR261C 17 739
YBR262C 9 169
YBR263W 18 266
YBR264C 11 176
YBR265W 13 134
YBR267W 11 139
YBR266C 3 53
YBR268W 5 79
YBR269C 7 167
YBR270C 18 1943
YBR271W 27 550
YBR272C 10 143
YBR273C 12 319
YBR274W 14 657
YBR275C 75 2161
YBR276C 31 997
YBR277C 7 57
YBR278W 13 245
YBR279W 13 588
YBR280C 39 1695
YBR281C 36 1677
YBR282W 6 32
YBR283C 24 480
YBR284W 44 1622
YBR285W 1 1
YBR286W 44 2389
YBR287W 17 227
YBR288C 22 1351
YBR289W 21 639
YBR290W 17 369
YBR291C 25 611
YBR292C 4 75
YBR293W 20 371
YBR294W 34 1278
YBR295W 62 2726
YBR296C 38 1315
YBR296C-A 12 2217
YBR297W 25 754
YBR298C 54 1088
YBR298C-A 14 926
YBR299W 16 402
YBR300C 5 40
YBR301W 4 211
YBR302C 0 0
YCL076W 15 196
YCL073C 9 247
YCL069W 3 226
YCL068C 0 0
YCL067C 0 0
YCL066W 0 0
YCL065W 1 32
YCL064C 16 166
YCL063W 17 368
YCL061C 21 311
YCL059C 10 292
YCL058C 9 220
YCL058W-A 6 193
YCL057C-A 19 670
YCL057W 36 1376
YCL056C 1 1
YCL055W 11 539
YCL054W 17 629
YCL052C 14 735
YCL051W 20 562
YCL050C 15 381
YCL049C 9 641
YCL048W-A 0 0
YCL048W 17 308
YCL047C 14 392
YCL045C 35 526
YCL046W 3 4
YCL044C 15 246
YCL043C 49 1473
YCL041C 16 259
YCL042W 21 4010
YCL040W 113 10397
YCL039W 53 1313
YCL038C 16 360
YCL037C 14 223
YCL036W 33 632
YCL035C 10 323
YCL034W 30 484
YCL033C 6 90
YCL032W 13 209
YCL031C 9 360
YCL030C 34 741
YCL029C 31 3113
YCL028W 17 375
YCL027W 26 326
YCL026C-B 2 24
YCL026C-A 10 181
YCL025C 72 3279
YCL023C 10 79
YCL024W 47 1162
YCL022C 8 275
YCL021W-A 11 180
YCL018W 13 653
YCL017C 19 539
YCL016C 22 602
YCL014W 49 1320
YCL012C 8 134
YCL011C 27 597
YCL010C 22 581
YCL009C 21 272
YCL008C 26 1441
YCL007C 12 301
YCL005W-A 10 227
YCL005W 13 227
YCL004W 28 1780
YCL002C 21 616
YCL001W 8 42
YCL001W-A 0 0
YCL001W-B 6 424
YCR001W 13 755
YCR002C 12 78
YCR003W 15 781
YCR004C 8 687
YCR005C 48 6301
YCR006C 42 11780
YCR007C 11 1097
YCR008W 31 911
YCR009C 7 786
YCR010C 25 377
YCR011C 72 1604
YCR012W 14 292
YCR013C 6 65
YCR014C 18 407
YCR015C 23 702
YCR016W 9 397
YCR017C 43 2426
YCR018C 10 176
YCR018C-A 5 16
YCR019W 28 652
YCR020C 11 292
YCR020C-A 2 51
YCR020W-B 0 0
YCR021C 32 2208
YCR022C 24 707
YCR023C 40 1463
YCR024C 17 196
YCR024C-B 17 1462
YCR024C-A 1 16
YCR025C 16 1614
YCR026C 58 2225
YCR027C 3 11
YCR028C 20 450
YCR028C-A 2 4
YCR030C 22 410
YCR031C 14 138
YCR032W 71 2470
YCR033W 55 1591
YCR034W 8 139
YCR035C 2 69
YCR036W 26 1034
YCR037C 13 238
YCR038C 7 57
YCR038W-A 0 0
YCR039C 0 0
YCR040W 0 0
YCR041W 2 60
YCR042C 51 3305
YCR043C 13 1345
YCR044C 11 244
YCR045C 20 419
YCR045W-A 5 9
YCR046C 13 115
YCR047C 14 350
YCR047W-A 4 60
YCR049C 19 505
YCR048W 48 1618
YCR050C 1 12
YCR051W 11 225
YCR052W 14 251
YCR053W 18 820
YCR054C 16 789
YCR057C 32 797
YCR059C 30 2300
YCR060W 12 496
YCR061W 67 6356
YCR064C 19 5066
YCR063W 30 1597
YCR065W 41 1920
YCR066W 11 437
YCR067C 44 679
YCR068W 31 728
YCR069W 22 502
YCR071C 13 391
YCR072C 24 390
YCR073C 54 1040
YCR073W-A 20 2675
YCR075C 11 188
YCR075W-A 2 68
YCR076C 13 317
YCR077C 30 520
YCR079W 25 491
YCR081W 52 887
YCR081C-A 5 67
YCR082W 7 211
YCR083W 9 403
YCR084C 31 940
YCR085W 4 60
YCR086W 10 127
YCR087W 11 612
YCR087C-A 7 59
YCR088W 31 776
YCR089W 36 10040
YCR090C 9 139
YCR091W 51 4106
YCR092C 26 552
YCR093W 54 1264
YCR094W 9 202
YCR095C 4 28
YCR095W-A 2 26
YCR096C 0 0
YCR097W 2 129
YCR097W-A 1 1
YCR098C 21 347
YCR099C 8 231
YCR100C 20 382
YCR101C 8 355
YCR102C 37 955
YCR102W-A 0 0
YCR104W 0 0
YCR105W 39 1908
YCR106W 44 761
YCR107W 15 1442
YCR108C 8 1250
YDL248W 1 6
YDL247W-A 0 0
YDL247W 0 0
YDL246C 0 0
YDL245C 1 4
YDL244W 14 480
YDL243C 14 412
YDL242W 27 1798
YDL241W 4 228
YDL240C-A 18 758
YDL240W 36 1690
YDL239C 19 543
YDL238C 29 1537
YDL237W 14 244
YDL236W 10 3683
YDL235C 2 14
YDL234C 29 1181
YDL233W 15 376
YDL232W 4 45
YDL231C 82 2193
YDL230W 21 344
YDL229W 20 566
YDL228C 4 237
YDL227C 14 1838
YDL226C 14 191
YDL225W 17 424
YDL224C 19 161
YDL223C 62 1907
YDL222C 31 793
YDL221W 43 4016
YDL220C 95 3906
YDL219W 4 119
YDL218W 27 519
YDL217C 6 93
YDL216C 19 420
YDL215C 69 10647
YDL214C 54 1050
YDL213C 16 200
YDL212W 4 135
YDL211C 7 94
YDL210W 19 199
YDL209C 16 318
YDL208W 5 60
YDL207W 11 80
YDL206W 27 394
YDL205C 23 674
YDL204W 34 746
YDL203C 18 478
YDL202W 4 99
YDL201W 13 402
YDL200C 9 102
YDL199C 15 462
YDL198C 20 334
YDL197C 44 2689
YDL196W 18 395
YDL195W 21 583
YDL194W 19 409
YDL193W 10 378
YDL192W 14 358
YDL191W 5 204
YDL190C 43 867
YDL189W 12 945
YDL188C 24 1329
YDL187C 4 46
YDL186W 14 676
YDL185C-A 3 508
YDL185W 30 435
YDL184C 3 65
YDL183C 17 530
YDL182W 39 1826
YDL181W 9 380
YDL180W 21 715
YDL179W 3 30
YDL178W 41 1647
YDL177C 11 153
YDL176W 23 762
YDL175C 17 283
YDL174C 50 1034
YDL173W 17 611
YDL172C 4 36
YDL171C 112 11674
YDL170W 32 394
YDL169C 13 223
YDL168W 24 510
YDL167C 14 301
YDL166C 6 38
YDL165W 7 102
YDL164C 37 944
YDL163W 7 55
YDL162C 12 610
YDL161W 18 349
YDL160C-A 8 293
YDL160C 21 252
YDL159W-A 8 174
YDL159W 27 544
YDL159C-B 2 19
YDL158C 5 36
YDL157C 2 6
YDL156W 37 1471
YDL155W 24 576
YDL154W 30 728
YDL153C 2 38
YDL152W 2 7
YDL151C 3 77
YDL150W 12 357
YDL149W 26 761
YDL148C 35 667
YDL147W 6 149
YDL146W 13 1092
YDL145C 39 753
YDL144C 23 297
YDL143W 20 231
YDL142C 18 1964
YDL141W 27 685
YDL140C 76 1380
YDL139C 9 74
YDL138W 37 1313
YDL137W 26 1546
YDL136W 7 36
YDL135C 17 396
YDL134C 18 228
YDL133C-A 1 18
YDL133W 20 799
YDL132W 38 597
YDL131W 45 2695
YDL130W-A 3 18
YDL130W 5 166
YDL129W 10 103
YDL128W 25 445
YDL127W 42 1631
YDL126C 38 794
YDL125C 26 1353
YDL124W 21 3220
YDL123W 9 23
YDL122W 45 1671
YDL121C 8 325
YDL120W 3 20
YDL119C 16 344
YDL118W 10 140
YDL117W 28 2499
YDL116W 19 631
YDL115C 25 604
YDL114W-A 4 220
YDL114W 7 175
YDL113C 32 361
YDL112W 54 733
YDL111C 13 524
YDL110C 15 266
YDL109C 26 3320
YDL108W 23 375
YDL107W 29 926
YDL106C 34 1232
YDL105W 15 158
YDL104C 21 833
YDL103C 12 132
YDL102W 36 701
YDL101C 15 372
YDL100C 20 320
YDL099W 9 178
YDL098C 10 168
YDL097C 24 460
YDL096C 4 88
YDL095W 36 977
YDL094C 19 1547
YDL093W 38 518
YDL092W 12 363
YDL091C 19 493
YDL090C 8 45
YDL089W 38 747
YDL088C 15 358
YDL087C 11 158
YDL086W 32 141275
YDL086C-A 25 141231
YDL085C-A 4 173
YDL085W 49 1119
YDL084W 12 128
YDL083C 3 7
YDL082W 1 1
YDL081C 0 0
YDL080C 26 1354
YDL079C 48 1759
YDL078C 15 700
YDL077C 35 519
YDL076C 13 448
YDL075W 1 1
YDL074C 25 809
YDL073W 19 263
YDL072C 15 319
YDL071C 12 181
YDL070W 19 299
YDL069C 14 366
YDL068W 8 88
YDL067C 6 165
YDL066W 30 1163
YDL065C 21 516
YDL064W 11 422
YDL063C 22 416
YDL062W 5 104
YDL061C 2 14
YDL060W 21 438
YDL059C 5 60
YDL058W 43 860
YDL057W 20 313
YDL056W 37 1069
YDL055C 20 228
YDL054C 57 1134
YDL053C 5 70
YDL052C 20 258
YDL051W 15 547
YDL050C 6 243
YDL049C 38 2070
YDL048C 52 1292
YDL047W 16 568
YDL046W 8 263
YDL045W-A 5 53
YDL045C 10 234
YDL044C 12 250
YDL043C 7 192
YDL042C 39 1940
YDL041W 20 778
YDL040C 22 684
YDL039C 40 792
YDL037C 10 342
YDL036C 24 423
YDL035C 29 1038
YDL034W 4 141
YDL033C 30 2447
YDL032W 4 1819
YDL031W 21 326
YDL030W 14 306
YDL029W 12 77
YDL028C 30 528
YDL027C 13 656
YDL026W 4 32
YDL025C 20 320
YDL025W-A 1 3
YDL024C 26 624
YDL022C-A 5 214
YDL023C 9 126
YDL022W 34 798
YDL021W 17 318
YDL020C 16 1310
YDL019C 56 2053
YDL018C 6 108
YDL017W 25 706
YDL016C 0 0
YDL015C 7 55
YDL014W 16 201
YDL013W 15 5521
YDL012C 2 26
YDL011C 4 80
YDL010W 7 159
YDL009C 0 0
YDL008W 6 174
YDL007C-A 1 2
YDL007W 15 173
YDL006W 15 223
YDL005C 10 253
YDL004W 2 4
YDL003W 23 893
YDL002C 21 366
YDL001W 47 1346
YDR001C 106 4577
YDR002W 7 543
YDR003W 14 270
YDR003W-A 7 493
YDR004W 24 1412
YDR005C 16 489
YDR006C 25 589
YDR007W 11 1268
YDR008C 16 1296
YDR009W 46 1677
YDR010C 33 1423
YDR011W 104 3731
YDR012W 0 0
YDR013W 3 8
YDR014W 11 72
YDR014W-A 9 136
YDR015C 3 25
YDR016C 4 20
YDR017C 29 1775
YDR018C 23 598
YDR019C 21 461
YDR020C 19 362
YDR021W 4 140
YDR022C 11 238
YDR023W 9 169
YDR024W 12 93
YDR025W 5 78
YDR026C 21 471
YDR027C 20 195
YDR028C 34 480
YDR029W 4 74
YDR030C 28 695
YDR031W 2 29
YDR032C 12 269
YDR033W 29 677
YDR034C 28 952
YDR034C-A 1 1
YDR034W-B 0 0
YDR035W 15 2237
YDR036C 11 184
YDR037W 37 545
YDR038C 4 11
YDR039C 0 0
YDR040C 3 25
YDR041W 11 465
YDR042C 1 2
YDR043C 16 300
YDR044W 15 116
YDR045C 13 229
YDR046C 21 663
YDR047W 23 1039
YDR048C 15 1097
YDR049W 30 666
YDR050C 4 89
YDR051C 23 760
YDR052C 11 118
YDR053W 2 22
YDR054C 16 176
YDR055W 15 253
YDR056C 10 175
YDR057W 25 750
YDR058C 7 146
YDR059C 17 301
YDR060W 25 407
YDR061W 28 902
YDR062W 25 294
YDR063W 8 194
YDR064W 7 235
YDR065W 12 315
YDR066C 12 5653
YDR067C 12 295
YDR068W 4 12
YDR069C 34 694
YDR070C 4 110
YDR071C 13 166
YDR072C 38 690
YDR073W 16 130
YDR074W 50 984
YDR075W 16 310
YDR076W 73 2302
YDR077W 24 382
YDR078C 12 251
YDR079W 8 224
YDR079C-A 5 105
YDR080W 36 875
YDR081C 15 244
YDR082W 25 631
YDR083W 10 245
YDR084C 8 36
YDR085C 27 389
YDR086C 0 0
YDR087C 11 89
YDR088C 13 231
YDR089W 38 639
YDR090C 17 254
YDR091C 21 355
YDR092W 9 452
YDR093W 165 10299
YDR094W 41 6953
YDR095C 33 2809
YDR096W 24 12208
YDR097C 31 559
YDR098C 25 655
YDR099W 28 318
YDR100W 10 478
YDR101C 19 234
YDR102C 8 125
YDR103W 17 635
YDR104C 54 1125
YDR105C 19 323
YDR106W 17 132
YDR107C 27 717
YDR108W 29 448
YDR109C 29 719
YDR110W 21 338
YDR111C 19 420
YDR112W 3 52
YDR113C 18 676
YDR114C 22 575
YDR115W 4 119
YDR116C 13 325
YDR117C 24 535
YDR118W 18 700
YDR118W-A 3 5
YDR119W 41 2696
YDR119W-A 9 1776
YDR120C 24 1041
YDR121W 5 191
YDR122W 23 371
YDR123C 14 188
YDR124W 19 396
YDR125C 7 346
YDR126W 33 1041
YDR127W 62 2197
YDR128W 47 2214
YDR129C 24 499
YDR130C 9 214
YDR131C 18 551
YDR132C 33 1134
YDR133C 0 0
YDR135C 65 1432
YDR136C 38 1395
YDR137W 27 595
YDR138W 31 1439
YDR139C 5 193
YDR140W 9 94
YDR141C 31 672
YDR142C 18 924
YDR143C 18 820
YDR144C 29 422
YDR145W 7 261
YDR146C 17 190
YDR147W 23 872
YDR148C 16 184
YDR149C 6 41
YDR150W 96 3039
YDR151C 18 477
YDR152W 7 103
YDR153C 13 280
YDR154C 6 215
YDR155C 9 177
YDR156W 11 119
YDR157W 25 695
YDR158W 11 215
YDR159W 35 874
YDR160W 25 273
YDR161W 2 3
YDR162C 2 31
YDR163W 8 768
YDR164C 22 293
YDR165W 10 69
YDR166C 30 1191
YDR167W 9 249
YDR168W 18 386
YDR169C 9 142
YDR169C-A 7 587
YDR170C 52 709
YDR171W 10 122
YDR172W 36 1372
YDR173C 13 209
YDR174W 22 959
YDR175C 15 236
YDR176W 19 185
YDR177W 16 280
YDR178W 15 77
YDR179C 7 25
YDR179W-A 12 215
YDR180W 39 1613
YDR181C 19 393
YDR182W 21 639
YDR182W-A 3 22
YDR183W 12 145
YDR183C-A 3 38
YDR184C 6 67
YDR185C 13 191
YDR186C 49 1735
YDR187C 21 743
YDR188W 32 989
YDR189W 30 541
YDR190C 15 328
YDR191W 31 531
YDR192C 12 1514
YDR193W 7 1432
YDR194C 12 89
YDR194W-A 1 11
YDR195W 19 376
YDR196C 12 146
YDR197W 18 232
YDR198C 18 398
YDR199W 2 50
YDR200C 20 451
YDR201W 6 19
YDR202C 8 327
YDR203W 2 68
YDR204W 22 328
YDR205W 39 1398
YDR206W 26 476
YDR207C 45 577
YDR208W 48 1372
YDR209C 9 60
YDR210W 6 44
YDR211W 32 725
YDR212W 17 377
YDR213W 32 458
YDR214W 51 1530
YDR215C 45 4235
YDR216W 58 780
YDR217C 54 2214
YDR218C 13 262
YDR219C 11 200
YDR220C 11 1428
YDR221W 28 704
YDR222W 14 171
YDR223W 19 546
YDR224C 3 4
YDR225W 6 130
YDR226W 17 191
YDR227W 23 1003
YDR228C 15 467
YDR229W 27 883
YDR230W 10 110
YDR231C 14 196
YDR232W 35 423
YDR233C 17 261
YDR234W 59 2519
YDR235W 5 262
YDR236C 12 395
YDR237W 7 119
YDR238C 24 2744
YDR239C 25 330
YDR240C 14 456
YDR241W 10 384
YDR242W 29 1728
YDR243C 20 737
YDR244W 27 712
YDR245W 11 164
YDR246W 20 523
YDR246W-A 22 11472
YDR247W 25 669
YDR248C 5 31
YDR249C 12 318
YDR250C 19 1196
YDR251W 32 765
YDR252W 3 87
YDR253C 17 300
YDR254W 31 357
YDR255C 12 88
YDR256C 44 924
YDR257C 13 224
YDR258C 48 2588
YDR259C 16 451
YDR260C 41 1940
YDR261C 39 927
YDR262W 6 163
YDR263C 13 264
YDR264C 36 849
YDR265W 4 25
YDR266C 28 345
YDR267C 17 269
YDR268W 19 247
YDR269C 5 127
YDR270W 31 807
YDR271C 8 203
YDR272W 8 163
YDR273W 11 101
YDR274C 58 14351
YDR275W 27 507
YDR276C 6 1122
YDR277C 47 1543
YDR278C 17 275
YDR279W 13 258
YDR280W 12 160
YDR281C 0 0
YDR282C 21 494
YDR283C 86 1749
YDR284C 12 234
YDR285W 20 326
YDR286C 9 139
YDR287W 5 107
YDR288W 9 55
YDR289C 9 149
YDR290W 6 146
YDR291W 51 3214
YDR292C 24 757
YDR293C 56 867
YDR294C 31 796
YDR295C 11 1152
YDR296W 9 254
YDR297W 22 527
YDR298C 6 84
YDR299W 17 286
YDR300C 26 659
YDR301W 42 819
YDR302W 5 38
YDR303C 22 746
YDR304C 25 927
YDR305C 18 791
YDR306C 14 163
YDR307W 21 620
YDR308C 1 4
YDR309C 16 280
YDR310C 44 4571
YDR311W 22 655
YDR312W 17 292
YDR313C 19 311
YDR314C 26 355
YDR315C 7 188
YDR316W 17 582
YDR317W 18 780
YDR318W 12 557
YDR319C 10 263
YDR320C 25 515
YDR320C-A 2 64
YDR320W-B 3 23
YDR321W 11 237
YDR322W 27 848
YDR322C-A 2 21
YDR323C 45 948
YDR324C 18 197
YDR325W 32 632
YDR326C 70 2119
YDR327W 6 153
YDR328C 17 344
YDR329C 27 456
YDR330W 29 479
YDR331W 11 103
YDR332W 17 612
YDR333C 35 1077
YDR334W 65 1399
YDR335W 45 695
YDR336W 24 725
YDR337W 9 598
YDR338C 28 1223
YDR339C 3 25
YDR340W 8 138
YDR341C 19 383
YDR342C 6 145
YDR343C 0 0
YDR344C 26 3623
YDR345C 51 2564
YDR346C 31 1261
YDR347W 16 143
YDR348C 30 968
YDR349C 23 442
YDR350C 16 246
YDR351W 34 492
YDR352W 13 259
YDR353W 24 1915
YDR354W 14 281
YDR354C-A 1 36
YDR355C 0 0
YDR356W 17 484
YDR357C 14 1062
YDR358W 26 655
YDR359C 18 408
YDR360W 3 27
YDR361C 16 1237
YDR362C 32 771
YDR363W 19 274
YDR363W-A 1 125
YDR364C 27 751
YDR365C 13 189
YDR366C 13 183
YDR367W 5 56
YDR368W 14 224
YDR369C 23 457
YDR370C 16 171
YDR371W 31 608
YDR371C-A 2 4
YDR372C 8 495
YDR373W 9 204
YDR374C 12 218
YDR374W-A 2 5
YDR375C 18 436
YDR376W 39 1300
YDR377W 8 499
YDR378C 1 20
YDR379W 64 20840
YDR379C-A 4 40
YDR380W 29 635
YDR381W 19 707
YDR381C-A 2 18
YDR382W 3 3
YDR383C 12 339
YDR384C 33 1704
YDR385W 9 94
YDR386W 28 2309
YDR387C 27 830
YDR388W 19 435
YDR389W 29 352
YDR390C 20 760
YDR391C 14 264
YDR392W 13 151
YDR393W 25 451
YDR394W 24 822
YDR395W 43 1200
YDR396W 23 1673
YDR397C 24 1674
YDR398W 24 469
YDR399W 15 548
YDR400W 24 555
YDR401W 9 217
YDR402C 21 531
YDR403W 30 697
YDR404C 4 45
YDR405W 36 844
YDR406W 125 63851
YDR406W-A 1 6
YDR407C 52 1774
YDR408C 10 82
YDR409W 32 1111
YDR410C 21 473
YDR411C 19 993
YDR412W 0 0
YDR413C 0 0
YDR414C 23 486
YDR415C 21 2438
YDR416W 34 701
YDR417C 2 79
YDR418W 2 79
YDR419W 33 942
YDR420W 43 878
YDR421W 41 1048
YDR422C 40 889
YDR423C 40 1589
YDR424C 2 30
YDR425W 27 378
YDR426C 14 482
YDR427W 16 290
YDR428C 13 441
YDR429C 7 79
YDR430C 64 1332
YDR431W 8 64
YDR432W 33 692
YDR433W 17 390
YDR434W 11 166
YDR435C 19 538
YDR436W 38 1549
YDR437W 8 250
YDR438W 14 357
YDR439W 2 32
YDR440W 27 416
YDR441C 15 392
YDR442W 9 666
YDR443C 60 2620
YDR444W 34 1020
YDR445C 19 759
YDR446W 15 254
YDR447C 5 22
YDR448W 16 130
YDR449C 11 208
YDR450W 9 75
YDR451C 20 4373
YDR452W 41 1092
YDR453C 26 99804
YDR454C 4 213
YDR455C 13 256
YDR456W 30 892
YDR457W 129 2843
YDR458C 15 603
YDR459C 29 789
YDR460W 11 215
YDR461W 2 44
YDR461C-A 8 41
YDR462W 8 498
YDR463W 47 2006
YDR464W 24 320
YDR464C-A 0 0
YDR465C 9 215
YDR466W 34 3447
YDR467C 10 524
YDR468C 10 589
YDR469W 8 61
YDR470C 20 1152
YDR471W 13 212
YDR472W 19 417
YDR473C 20 269
YDR475C 64 1593
YDR476C 46 2665
YDR477W 25 492
YDR478W 16 297
YDR479C 22 1908
YDR480W 25 539
YDR481C 46 1215
YDR482C 29 696
YDR483W 20 547
YDR484W 14 149
YDR485C 20 456
YDR486C 20 892
YDR487C 10 66
YDR488C 56 3052
YDR489W 16 227
YDR490C 48 5580
YDR491C 24 1397
YDR492W 18 460
YDR493W 11 205
YDR494W 10 287
YDR495C 18 230
YDR496C 24 949
YDR497C 46 1824
YDR498C 6 115
YDR499W 19 355
YDR500C 5 24
YDR501W 12 100
YDR502C 30 597
YDR503C 12 333
YDR504C 5 7
YDR505C 17 260
YDR506C 53 8592
YDR507C 53 1139
YDR508C 43 709
YDR509W 8 220
YDR510W 6 69
YDR510C-A 1 5
YDR511W 10 785
YDR512C 29 919
YDR513W 9 245
YDR514C 15 1400
YDR515W 6 94
YDR516C 34 2355
YDR517W 31 882
YDR518W 28 647
YDR519W 5 196
YDR520C 22 492
YDR521W 5 83
YDR522C 20 551
YDR523C 33 1210
YDR524C 27 842
YDR524W-C 1 20
YDR524C-B 8 123
YDR524C-A 11 318
YDR525W 19 785
YDR525W-A 18 2674
YDR526C 15 1594
YDR527W 41 5772
YDR528W 22 835
YDR529C 13 372
YDR530C 45 1007
YDR531W 24 659
YDR532C 6 127
YDR533C 8 98
YDR534C 18 662
YDR535C 44 1689
YDR536W 36 1736
YDR537C 2 12
YDR538W 8 57
YDR539W 19 835
YDR540C 4 93
YDR541C 25 1425
YDR542W 2 92
YDR543C 9 3735
YDR544C 13 2557
YDR545W 0 0
YDR545C-A 0 0
YEL077C 13 167
YEL077W-A 0 0
YEL076C-A 0 0
YEL076C 0 0
YEL075W-A 0 0
YEL075C 0 0
YEL074W 11 886
YEL073C 4 214
YEL072W 22 703
YEL071W 33 766
YEL070W 16 645
YEL069C 43 1365
YEL068C 6 225
YEL067C 39 2154
YEL066W 25 8220
YEL065W 47 1071
YEL064C 25 2320
YEL063C 17 597
YEL062W 22 438
YEL061C 25 672
YEL060C 45 1254
YEL059C-A 7 150
YEL059W 31 4449
YEL058W 33 632
YEL057C 16 586
YEL056W 27 1424
YEL055C 28 593
YEL054C 5 122
YEL053W-A 4 121
YEL053C 17 174
YEL052W 21 645
YEL051W 4 26
YEL050W-A 5 504
YEL050C 20 430
YEL049W 7 96
YEL048C 1 1
YEL047C 28 879
YEL046C 23 756
YEL045C 31 1399
YEL044W 14 825
YEL043W 40 2690
YEL042W 23 608
YEL041W 31 677
YEL040W 38 1654
YEL039C 20 305
YEL038W 31 526
YEL037C 27 1234
YEL036C 21 434
YEL035C 36 3523
YEL034C-A 14 369
YEL034W 11 324
YEL033W 39 1528
YEL032W 57 2588
YEL032C-A 1 37
YEL031W 53 1056
YEL030C-A 2 8
YEL030W 13 245
YEL029C 9 425
YEL028W 7 204
YEL027W 2 5
YEL026W 1 10
YEL025C 42 991
YEL024W 17 917
YEL023C 38 5473
YEL022W 58 1397
YEL021W 55 2692
YEL020C-B 5 32
YEL020W-A 5 30
YEL020C 32 1140
YEL019C 10 239
YEL018C-A 10 237
YEL018W 17 389
YEL017C-A 3 140
YEL017W 16 257
YEL016C 28 577
YEL015W 38 797
YEL014C 18 245
YEL013W 20 497
YEL012W 20 943
YEL011W 69 5711
YEL010W 12 88
YEL009C-A 15 131
YEL009C 17 297
YEL008W 55 12477
YEL008C-A 14 475
YEL007W 16 217
YEL006W 24 455
YEL005C 20 615
YEL004W 30 912
YEL003W 12 271
YEL002C 51 2779
YEL001C 30 604
YER001W 69 47414
YER002W 2 11
YER003C 32 1036
YER004W 21 441
YER005W 59 2583
YER006W 21 282
YER006C-A 12 259
YER007W 22 332
YER007C-A 14 732
YER008C 30 435
YER009W 2 46
YER010C 22 810
YER011W 5 99
YER012W 2 7
YER013W 30 524
YER014W 9 127
YER014C-A 18 2765
YER015W 27 706
YER016W 23 564
YER017C 44 720
YER018C 25 1284
YER019W 44 1451
YER019C-A 3 20
YER020W 36 855
YER021W 15 377
YER022W 23 505
YER023W 5 79
YER023C-A 1 49
YER024W 57 1620
YER025W 1 6
YER026C 10 109
YER027C 15 204
YER028C 25 4710
YER029C 6 93
YER030W 2 10
YER031C 13 198
YER032W 30 999
YER033C 37 649
YER034W 29 2316
YER035W 20 246
YER036C 34 886
YER037W 16 158
YER038C 13 220
YER038W-A 5 51
YER039C 17 280
YER039C-A 8 1891
YER040W 23 239
YER041W 32 786
YER042W 7 570
YER043C 33 701
YER044C 16 760
YER044C-A 24 275
YER045C 21 409
YER046W 16 271
YER046W-A 5 27
YER047C 25 669
YER048C 14 261
YER048W-A 3 7
YER049W 20 249
YER050C 7 45
YER051W 22 363
YER052C 11 155
YER053C 24 315
YER053C-A 2 13
YER054C 46 2791
YER055C 15 162
YER056C 32 895
YER056C-A 8 60
YER057C 5 112
YER058W 8 94
YER059W 9 147
YER060W 27 727
YER060W-A 24 586
YER061C 16 266
YER062C 12 141
YER063W 11 156
YER064C 19 190
YER065C 72 4631
YER066W 11 632
YER066C-A 14 323
YER067W 17 227
YER067C-A 12 110
YER068W 9 2674
YER068C-A 21 1349
YER069W 58 2339
YER070W 51 1447
YER071C 2 34
YER072W 12 352
YER073W 22 482
YER074W 2 8
YER074W-A 5 43
YER075C 24 556
YER076C 11 31
YER076W-A 3 65
YER077C 19 231
YER078C 34 1182
YER078W-A 10 792
YER079W 19 553
YER079C-A 4 178
YER080W 27 786
YER081W 53 2388
YER082C 16 204
YER083C 14 604
YER084W 19 427
YER084W-A 5 90
YER085C 5 90
YER086W 28 510
YER087W 26 653
YER087C-A 8 243
YER087C-B 1 13
YER088C 54 4329
YER088C-A 45 18280
YER088W-B 13 472
YER089C 66 3222
YER090W 14 112
YER090C-A 0 0
YER091C 22 556
YER091C-A 19 8298
YER092W 12 481
YER093C 38 1299
YER093C-A 9 136
YER094C 8 46
YER095W 17 188
YER096W 12 485
YER097W 12 235
YER098W 26 715
YER099C 17 123
YER100W 8 117
YER101C 16 524
YER102W 4 47
YER103W 27 691
YER104W 15 187
YER105C 44 5092
YER106W 4 35
YER107C 17 352
YER107W-A 9 109
YER109C 29 532
YER110C 33 683
YER111C 42 1028
YER112W 0 0
YER113C 32 731
YER114C 47 1066
YER115C 10 259
YER116C 6 11
YER117W 1 2
YER118C 19 286
YER119C 36 1727
YER119C-A 21 1724
YER120W 10 179
YER121W 8 745
YER122C 12 232
YER123W 27 1048
YER124C 20 210
YER125W 25 566
YER126C 10 124
YER127W 5 36
YER128W 15 430
YER129W 64 1496
YER130C 34 1275
YER131W 6 82
YER132C 98 4456
YER133W 14 55
YER133W-A 3 59
YER134C 7 244
YER135C 6 102
YER136W 20 392
YER137C 16 734
YER137W-A 13 624
YER138W-A 0 0
YER139C 10 97
YER140W 33 555
YER141W 19 369
YER142C 16 701
YER143W 28 14814
YER144C 47 9346
YER145C 72 3303
YER145C-A 12 657
YER146W 4 45
YER147C 80 2976
YER147C-A 3 135
YER148W 5 161
YER148W-A 14 503
YER149C 24 755
YER150W 6 278
YER151C 32 1020
YER152C 31 428
YER152W-A 7 44
YER153C 30 686
YER154W 24 690
YER155C 83 10507
YER156C 25 1163
YER157W 30 464
YER158C 33 807
YER158W-A 12 507
YER159C 19 571
YER161C 13 395
YER162C 16 772
YER163C 20 342
YER164W 46 1138
YER165W 10 187
YER165C-A 4 13
YER166W 88 2281
YER167W 43 2008
YER168C 19 727
YER169W 47 1377
YER170W 13 430
YER171W 25 640
YER172C 55 1035
YER172C-A 6 138
YER173W 24 405
YER174C 8 264
YER175C 27 2294
YER175W-A 4 44
YER176W 114 7312
YER177W 16 164
YER178W 36 5171
YER179W 25 750
YER180C 6 89
YER180C-A 5 89
YER181C 4 65
YER182W 11 140
YER183C 23 1101
YER184C 17 491
YER185W 18 532
YER186C 17 226
YER187W 10 197
YER188W 6 78
YER188C-A 12 907
YER189W 0 0
YER190W 4 111
YER190C-A 0 0
YER190C-B 0 0
YFL068W 0 0
YFL067W 0 0
YFL066C 0 0
YFL065C 0 0
YFL064C 0 0
YFL063W 8 125
YFL062W 3 27
YFL061W 0 0
YFL060C 5 89
YFL059W 7 227
YFL058W 4 356
YFL057C 1 3
YFL056C 8 92
YFL055W 33 1247
YFL054C 27 1171
YFL053W 28 768
YFL052W 35 1374
YFL051C 11 131
YFL050C 37 1344
YFL049W 13 486
YFL048C 21 447
YFL047W 36 1226
YFL046W 11 423
YFL045C 1 2
YFL044C 19 683
YFL042C 38 1306
YFL041W-A 4 257
YFL041W 36 506
YFL040W 31 1331
YFL039C 13 237
YFL038C 23 1048
YFL037W 31 743
YFL036W 36 779
YFL034C-B 11 402
YFL034C-A 18 474
YFL034W 43 734
YFL033C 102 3830
YFL032W 13 1758
YFL031W 18 1058
YFL031C-A 1 1
YFL030W 34 1645
YFL029C 12 380
YFL028C 18 719
YFL027C 16 126
YFL026W 15 289
YFL025C 23 439
YFL024C 43 1899
YFL023W 22 534
YFL022C 13 358
YFL021C-A 49 1652
YFL021W 35 1486
YFL020C 4 333
YFL019C 1 4
YFL018C 19 309
YFL017W-A 7 103
YFL017C 8 253
YFL016C 46 436
YFL015W-A 15 135
YFL015C 36 1666
YFL014W 5 90
YFL013W-A 27 566
YFL013C 43 1027
YFL012W-A 25 512
YFL012W 5 112
YFL011W 19 476
YFL010W-A 1 4
YFL010C 9 50
YFL009W 18 247
YFL008W 24 346
YFL007W 90 1728
YFL005W 9 95
YFL004W 39 3203
YFL003C 77 2388
YFL002C 30 452
YFL001W 66 4032
YFR001W 3 25
YFR002W 35 873
YFR003C 11 300
YFR004W 8 145
YFR005C 16 451
YFR006W 50 878
YFR007W 27 3838
YFR008W 7 159
YFR009W 28 725
YFR009W-A 1 3
YFR010W 29 650
YFR010W-A 1 1
YFR011C 5 58
YFR012W 7 241
YFR012W-A 1 20
YFR013W 32 864
YFR014C 21 619
YFR015C 45 1291
YFR016C 51 1192
YFR017C 36 1043
YFR018C 76 4935
YFR019W 78 2369
YFR020W 6 138
YFR021W 35 1588
YFR022W 31 2243
YFR023W 15 228
YFR024C-A 22 1192
YFR025C 41 2062
YFR026C 2 23
YFR027W 13 275
YFR028C 12 169
YFR029W 42 1304
YFR030W 22 799
YFR031C 26 932
YFR031C-A 5 190
YFR032C 12 116
YFR032C-A 4 82
YFR032C-B 14 1439
YFR033C 22 616
YFR034C 72 9037
YFR034W-A 24 6434
YFR035C 27 12691
YFR036W 14 236
YFR036W-A 9 250
YFR037C 19 704
YFR038W 30 1133
YFR039C 11 176
YFR040W 32 713
YFR041C 15 1654
YFR042W 7 38
YFR043C 15 774
YFR044C 33 652
YFR045W 12 175
YFR046C 12 219
YFR047C 17 389
YFR048W 59 2044
YFR049W 8 557
YFR050C 16 519
YFR051C 36 1249
YFR052W 6 20
YFR052C-A 10 223
YFR053C 41 4228
YFR054C 6 56
YFR056C 15 835
YFR055W 25 623
YFR057W 4 11
YGL263W 23 551
YGL262W 12 127
YGL261C 2 3
YGL260W 5 17
YGL259W 3 5
YGL258W-A 1 11
YGL258W 5 188
YGL257C 22 368
YGL256W 15 866
YGL255W 29 923
YGL254W 40 1726
YGL253W 29 742
YGL252C 42 2466
YGL251C 46 3539
YGL250W 10 168
YGL249W 49 1992
YGL248W 19 300
YGL247W 12 94
YGL246C 18 1220
YGL245W 28 392
YGL244W 24 757
YGL243W 14 678
YGL242C 13 338
YGL241W 39 786
YGL240W 9 133
YGL239C 6 77
YGL238W 34 1122
YGL237C 11 98
YGL236C 53 2132
YGL235W 21 1505
YGL234W 34 990
YGL233W 13 127
YGL232W 12 464
YGL231C 9 84
YGL230C 1 6
YGL229C 36 1145
YGL228W 18 384
YGL227W 43 1271
YGL226C-A 2 6
YGL226W 8 211
YGL225W 18 349
YGL224C 20 448
YGL223C 23 698
YGL222C 4 28
YGL221C 14 546
YGL220W 3 14
YGL219C 21 1476
YGL218W 13 1237
YGL217C 8 49
YGL216W 53 828
YGL215W 15 283
YGL214W 9 78
YGL213C 13 160
YGL212W 19 229
YGL211W 15 418
YGL210W 13 124
YGL209W 16 230
YGL208W 46 5176
YGL207W 39 894
YGL206C 60 1379
YGL205W 46 1138
YGL204C 4 2136
YGL203C 48 1569
YGL202W 24 386
YGL201C 47 1180
YGL200C 20 401
YGL199C 18 272
YGL198W 25 564
YGL197W 38 413
YGL196W 22 517
YGL195W 98 2123
YGL194C-A 5 70
YGL194C 16 216
YGL193C 12 459
YGL192W 47 698
YGL191W 14 735
YGL190C 33 894
YGL189C 13 179
YGL188C-A 2 26
YGL188C 6 1416
YGL187C 26 403
YGL186C 28 403
YGL185C 27 642
YGL184C 33 759
YGL183C 10 215
YGL182C 7 111
YGL181W 15 328
YGL180W 41 1305
YGL179C 28 376
YGL178W 79 4499
YGL177W 21 588
YGL176C 12 869
YGL175C 5 497
YGL174W 10 219
YGL173C 48 1514
YGL172W 12 254
YGL171W 16 347
YGL170C 10 336
YGL169W 14 329
YGL168W 9 207
YGL167C 29 367
YGL166W 27 545
YGL165C 42 3667
YGL164C 15 275
YGL163C 35 1074
YGL162W 16 523
YGL161C 20 503
YGL160W 29 868
YGL159W 7 255
YGL158W 38 1553
YGL157W 23 835
YGL156W 58 1276
YGL155W 19 563
YGL154C 6 287
YGL153W 11 346
YGL152C 14 2134
YGL151W 32 763
YGL150C 43 722
YGL149W 22 709
YGL148W 34 1673
YGL147C 19 548
YGL146C 22 455
YGL145W 23 574
YGL144C 23 436
YGL143C 16 335
YGL142C 11 154
YGL141W 40 1046
YGL140C 20 726
YGL139W 33 3218
YGL138C 13 352
YGL137W 29 583
YGL136C 18 286
YGL135W 6 100
YGL134W 31 551
YGL133W 38 562
YGL132W 1 10
YGL131C 35 1072
YGL130W 7 111
YGL129C 6 96
YGL128C 4 123
YGL127C 5 218
YGL126W 112 45541
YGL125W 83 3498
YGL124C 21 13899
YGL123W 8 372
YGL123C-A 2 312
YGL122C 20 227
YGL121C 9 2369
YGL120C 41 1288
YGL119W 14 177
YGL118C 20 529
YGL117W 22 816
YGL116W 36 739
YGL115W 20 512
YGL114W 21 578
YGL113W 15 793
YGL112C 3 11
YGL111W 14 389
YGL110C 35 644
YGL109W 10 156
YGL108C 6 49
YGL107C 22 417
YGL106W 5 15
YGL105W 24 381
YGL104C 23 307
YGL103W 21 220
YGL102C 12 178
YGL101W 7 104
YGL100W 11 239
YGL099W 12 189
YGL098W 3 44
YGL097W 40 1071
YGL096W 11 460
YGL095C 26 371
YGL094C 43 1288
YGL093W 28 606
YGL092W 23 265
YGL091C 14 621
YGL090W 14 538
YGL089C 3 111
YGL088W 16 331
YGL087C 26 2837
YGL086W 26 428
YGL085W 19 514
YGL084C 19 374
YGL083W 33 293
YGL082W 38 573
YGL081W 16 845
YGL080W 9 184
YGL079W 6 46
YGL078C 11 257
YGL077C 23 696
YGL076C 5 109
YGL075C 12 1119
YGL074C 24 589
YGL073W 71 1758
YGL072C 28 837
YGL071W 37 701
YGL070C 10 329
YGL069C 6 88
YGL068W 6 88
YGL067W 15 419
YGL066W 33 479
YGL065C 11 310
YGL064C 31 386
YGL063W 121 19670
YGL063C-A 21 11665
YGL062W 68 1546
YGL061C 11 329
YGL060W 29 292
YGL059W 13 734
YGL058W 13 263
YGL057C 18 429
YGL056C 32 1095
YGL055W 46 1660
YGL054C 14 521
YGL053W 4 17
YGL052W 5 91
YGL051W 5 85
YGL050W 15 19658
YGL049C 32 813
YGL048C 10 102
YGL047W 12 553
YGL045W 50 2122
YGL044C 10 96
YGL043W 18 367
YGL042C 10 124
YGL041C-B 6 523
YGL041W-A 11 274
YGL041C 4 37
YGL040C 17 463
YGL039W 13 135
YGL038C 28 491
YGL037C 12 366
YGL036W 32 737
YGL035C 16 365
YGL034C 6 93
YGL033W 11 110
YGL032C 0 0
YGL031C 3 39
YGL030W 2 5
YGL029W 6 44
YGL028C 8 71
YGL027C 28 901
YGL026C 28 545
YGL025C 9 114
YGL024W 4 34
YGL023C 31 838
YGL022W 47 738
YGL021W 27 1166
YGL020C 1 3
YGL019W 5 79
YGL018C 9 149
YGL017W 14 323
YGL016W 28 392
YGL015C 7 98
YGL014W 31 678
YGL014C-A 5 73
YGL013C 43 1776
YGL012W 32 941
YGL011C 6 181
YGL010W 12 459
YGL009C 44 1773
YGL008C 49 1379
YGL007C-A 1 27
YGL007W 23 639
YGL006W-A 3 26
YGL006W 56 1413
YGL005C 20 400
YGL004C 55 3104
YGL003C 53 2238
YGL002W 35 1196
YGL001C 42 1984
YGR001C 25 2735
YGR002C 21 1035
YGR003W 34 1501
YGR004W 25 781
YGR005C 13 276
YGR006W 22 969
YGR007W 23 1812
YGR008C 13 277
YGR009C 16 238
YGR010W 16 407
YGR011W 4 15
YGR012W 23 487
YGR013W 52 1248
YGR014W 29 1077
YGR015C 32 574
YGR016W 12 234
YGR017W 9 69
YGR018C 2 2
YGR019W 57 2605
YGR020C 3 12
YGR021W 30 782
YGR022C 2 14
YGR023W 12 212
YGR024C 2 20
YGR025W 19 2984
YGR026W 16 1198
YGR027C 8 91
YGR028W 27 433
YGR029W 13 245
YGR030C 14 499
YGR031W 67 3746
YGR031C-A 25 629
YGR032W 103 2948
YGR033C 8 82
YGR034W 1 16
YGR035C 5 165
YGR035W-A 11 2125
YGR036C 23 598
YGR037C 1 9
YGR038W 19 1114
YGR039W 18 179
YGR040W 32 895
YGR041W 54 1937
YGR042W 9 91
YGR043C 25 2361
YGR044C 13 170
YGR045C 36 3319
YGR046W 11 1155
YGR047C 28 586
YGR048W 20 459
YGR049W 21 772
YGR050C 23 1505
YGR051C 28 3900
YGR052W 33 1191
YGR053C 16 58
YGR054W 24 585
YGR055W 20 687
YGR056W 40 1098
YGR057C 5 177
YGR058W 17 331
YGR059W 9 103
YGR060W 27 458
YGR061C 40 653
YGR062C 8 100
YGR063C 7 85
YGR064W 9 148
YGR065C 18 194
YGR066C 6 175
YGR067C 39 1251
YGR068C 107 3995
YGR068W-A 3 51
YGR069W 20 1059
YGR070W 56 1860
YGR071C 30 9182
YGR072W 3 28
YGR073C 7 73
YGR074W 6 72
YGR075C 3 44
YGR076C 8 927
YGR077C 31 1727
YGR078C 3 20
YGR079W 37 810
YGR080W 19 567
YGR081C 9 290
YGR082W 2 47
YGR083C 27 594
YGR084C 5 91
YGR085C 6 98
YGR086C 20 209
YGR087C 69 4149
YGR088W 29 817
YGR089W 25 543
YGR090W 29 768
YGR091W 13 127
YGR092W 12 277
YGR093W 29 435
YGR094W 44 1751
YGR095C 13 120
YGR096W 31 4108
YGR097W 53 1435
YGR098C 18 247
YGR099W 22 534
YGR100W 44 1302
YGR101W 18 315
YGR102C 3 110
YGR103W 14 542
YGR104C 10 183
YGR105W 1 1
YGR106C 8 82
YGR107W 43 1618
YGR108W 17 154
YGR109C 20 448
YGR110W 7 102
YGR111W 16 1333
YGR112W 9 106
YGR113W 16 433
YGR114C 2 10
YGR115C 5 105
YGR116W 31 891
YGR117C 2 17
YGR118W 5 15
YGR119C 13 320
YGR120C 7 117
YGR121C 55 1227
YGR121W-A 31 9522
YGR122W 24 856
YGR122C-A 1 36
YGR123C 23 853
YGR124W 37 2213
YGR125W 40 1224
YGR126W 12 212
YGR127W 18 417
YGR128C 5 19
YGR129W 9 98
YGR130C 42 4799
YGR131W 7 49
YGR132C 14 243
YGR133W 15 270
YGR134W 48 1175
YGR135W 4 124
YGR136W 17 446
YGR137W 4 243
YGR138C 22 420
YGR139W 8 104
YGR140W 27 502
YGR141W 38 749
YGR142W 9 62
YGR143W 48 1687
YGR144W 25 342
YGR145W 18 1339
YGR146C 11 224
YGR146C-A 11 280
YGR147C 23 538
YGR148C 12 191
YGR149W 25 350
YGR150C 22 256
YGR151C 1 20
YGR152C 6 54
YGR153W 14 197
YGR154C 11 140
YGR155W 18 267
YGR156W 22 865
YGR157W 27 1144
YGR158C 10 63
YGR159C 17 205
YGR160W 1 2
YGR161C 26 672
YGR161W-C 6 107
YGR162W 22 416
YGR163W 13 67
YGR164W 16 786
YGR165W 9 305
YGR166W 17 716
YGR167W 9 514
YGR168C 25 343
YGR169C 26 822
YGR169C-A 1 14
YGR170W 41 1484
YGR171C 20 292
YGR172C 7 303
YGR173W 15 141
YGR174C 9 183
YGR174W-A 2 8
YGR175C 29 899
YGR176W 28 826
YGR177C 66 2224
YGR178C 38 1397
YGR179C 21 760
YGR180C 19 912
YGR181W 17 822
YGR182C 20 239
YGR183C 6 93
YGR184C 83 2006
YGR185C 19 1059
YGR186W 17 399
YGR187C 12 123
YGR188C 26 376
YGR189C 6 66
YGR190C 5 33
YGR191W 19 520
YGR192C 23 760
YGR193C 15 269
YGR194C 20 473
YGR195W 19 403
YGR196C 27 65913
YGR197C 50 1638
YGR198W 21 284
YGR199W 35 1024
YGR200C 30 635
YGR201C 23 3225
YGR202C 27 734
YGR203W 53 2270
YGR204W 86 2874
YGR204C-A 1 1
YGR205W 10 538
YGR206W 2 35
YGR207C 12 825
YGR208W 18 336
YGR209C 7 3166
YGR210C 72 1805
YGR211W 28 593
YGR212W 19 370
YGR213C 15 200
YGR214W 9 55
YGR215W 6 175
YGR216C 18 407
YGR217W 58 1411
YGR218W 26 495
YGR219W 3 109
YGR220C 13 330
YGR221C 34 908
YGR222W 13 129
YGR223C 16 236
YGR224W 27 949
YGR225W 17 235
YGR226C 2 28
YGR227W 9 475
YGR228W 5 19
YGR229C 22 523
YGR230W 21 508
YGR231C 15 312
YGR232W 16 920
YGR233C 48 726
YGR234W 13 88
YGR235C 6 183
YGR236C 23 404
YGR237C 40 848
YGR238C 52 1356
YGR239C 44 4923
YGR240C 43 700
YGR240C-A 19 2297
YGR241C 25 1338
YGR242W 5 58
YGR243W 6 38
YGR244C 64 4339
YGR245C 36 2290
YGR246C 15 195
YGR247W 11 121
YGR248W 21 9101
YGR249W 18 1467
YGR250C 33 689
YGR251W 10 360
YGR252W 21 518
YGR253C 11 407
YGR254W 28 598
YGR255C 31 622
YGR256W 29 675
YGR257C 28 890
YGR258C 57 8403
YGR259C 10 144
YGR260W 35 564
YGR261C 33 827
YGR262C 12 761
YGR263C 24 508
YGR264C 24 695
YGR265W 17 413
YGR266W 45 1304
YGR267C 18 2385
YGR268C 30 1294
YGR269W 25 2275
YGR270W 49 1058
YGR270C-A 7 205
YGR271W 98 2547
YGR271C-A 1 114
YGR273C 2 17
YGR274C 17 556
YGR275W 6 32
YGR276C 13 625
YGR277C 9 106
YGR278W 15 261
YGR279C 19 1133
YGR280C 14 229
YGR281W 81 2145
YGR282C 13 818
YGR283C 23 519
YGR284C 16 381
YGR285C 16 210
YGR286C 24 720
YGR287C 41 1321
YGR288W 20 219
YGR289C 27 458
YGR290W 2 70
YGR291C 9 249
YGR292W 2 148
YGR293C 0 0
YGR294W 1 1
YGR295C 17 245
YGR296W 0 0
YGR296C-A 0 0
YGR296C-B 0 0
YHL050C 1 3
YHL050W-A 1 3
YHL049C 0 0
YHL048C-A 6 78
YHL048W 6 42
YHL047C 22 576
YHL046W-A 5 29
YHL046C 1 2
YHL045W 12 1579
YHL044W 15 516
YHL043W 6 139
YHL042W 24 551
YHL041W 24 1339
YHL040C 37 1028
YHL039W 16 589
YHL038C 17 294
YHL037C 25 746
YHL036W 51 1877
YHL035C 61 2232
YHL034W-A 3 17
YHL034C 6 66
YHL033C 10 349
YHL032C 59 1318
YHL031C 22 521
YHL030W-A 13 190
YHL030W 66 1659
YHL029C 40 1003
YHL028W 36 1107
YHL027W 55 1714
YHL026C 29 845
YHL025W 67 3322
YHL024W 68 1442
YHL023C 34 945
YHL022C 10 130
YHL021C 27 1069
YHL020C 33 1302
YHL019W-A 13 1318
YHL019C 21 1048
YHL018W 10 3009
YHL017W 22 265
YHL016C 49 1787
YHL015W-A 7 872
YHL015W 0 0
YHL014C 22 413
YHL013C 8 69
YHL012W 29 1492
YHL011C 15 452
YHL010C 49 1623
YHL009C 13 3177
YHL008C 14 202
YHL007C 45 1065
YHL006W-A 14 379
YHL006C 44 2565
YHL005C 30 2882
YHL004W 26 402
YHL003C 16 489
YHL002C-A 20 947
YHL002W 50 2367
YHL001W 12 183
YHR001W 71 3965
YHR001W-A 18 773
YHR002W 43 1116
YHR003C 42 894
YHR004C 25 971
YHR005C 12 362
YHR005C-A 11 141
YHR006W 26 354
YHR007C 14 316
YHR007C-A 22 3135
YHR008C 17 199
YHR009C 27 643
YHR010W 0 0
YHR011W 14 305
YHR012W 4 19
YHR013C 6 46
YHR014W 3 82
YHR015W 7 295
YHR016C 22 705
YHR017W 12 1215
YHR018C 17 314
YHR019C 21 549
YHR020W 17 344
YHR021C 7 79
YHR021W-A 5 19
YHR022C 22 720
YHR022C-A 6 553
YHR023W 58 1642
YHR024C 17 179
YHR025W 11 117
YHR026W 8 113
YHR027C 32 307
YHR028C 41 1489
YHR028W-A 17 410
YHR029C 21 475
YHR030C 20 170
YHR031C 45 1564
YHR032W 73 2753
YHR032W-A 8 1465
YHR032C-A 7 1452
YHR033W 70 2782
YHR034C 35 688
YHR035W 30 346
YHR036W 11 265
YHR037W 24 1140
YHR038W 4 174
YHR039C 23 877
YHR039C-A 6 38
YHR040W 30 747
YHR041C 14 175
YHR042W 33 596
YHR043C 21 314
YHR044C 15 359
YHR045W 23 253
YHR046C 17 864
YHR047C 35 804
YHR048W 41 1128
YHR049W 19 645
YHR049C-A 11 578
YHR050W 52 2876
YHR050W-A 7 128
YHR051W 5 99
YHR052W 9 156
YHR052W-A 0 0
YHR053C 0 0
YHR054C 0 0
YHR054W-A 0 0
YHR055C 0 0
YHR056C 27 1087
YHR056W-A 11 717
YHR057C 21 616
YHR058C 10 297
YHR059W 4 48
YHR060W 4 69
YHR061C 17 606
YHR062C 17 420
YHR063C 14 337
YHR063W-A 4 317
YHR064C 7 104
YHR065C 29 908
YHR066W 12 646
YHR067W 26 680
YHR068W 18 527
YHR069C 8 588
YHR069C-A 6 61
YHR070W 52 2962
YHR070C-A 41 3429
YHR071W 23 313
YHR071C-A 16 564
YHR072W 37 720
YHR072W-A 1 14
YHR073W 45 1012
YHR073W-A 2 89
YHR073C-B 1 97
YHR074W 27 698
YHR075C 20 346
YHR076W 9 226
YHR077C 42 861
YHR078W 14 590
YHR079C 44 655
YHR079C-A 2 13
YHR080C 84 2294
YHR081W 2 17
YHR082C 43 497
YHR083W 24 484
YHR084W 22 421
YHR085W 9 127
YHR086W 31 791
YHR086W-A 6 29
YHR087W 20 467
YHR088W 7 32
YHR089C 10 715
YHR090C 2 164
YHR091C 25 166
YHR092C 26 492
YHR093W 5 815
YHR094C 28 2117
YHR095W 12 205
YHR096C 37 579
YHR097C 28 730
YHR098C 35 600
YHR099W 110 2309
YHR100C 6 150
YHR101C 11 224
YHR102W 22 304
YHR103W 36 449
YHR104W 10 1161
YHR105W 2 51
YHR106W 7 141
YHR107C 7 45
YHR108W 25 540
YHR109W 18 238
YHR110W 5 21
YHR111W 9 95
YHR112C 27 895
YHR113W 20 280
YHR114W 36 487
YHR115C 32 2836
YHR116W 21 2235
YHR117W 27 605
YHR118C 16 223
YHR119W 44 826
YHR120W 20 274
YHR121W 7 75
YHR122W 14 1630
YHR123W 20 594
YHR124W 37 831
YHR125W 1 12
YHR126C 17 1045
YHR127W 10 308
YHR128W 9 198
YHR129C 15 173
YHR130C 2 8
YHR131C 23 546
YHR131W-A 5 148
YHR132C 36 4363
YHR132W-A 10 319
YHR133C 7 84
YHR134W 10 140
YHR135C 54 3273
YHR136C 14 1218
YHR137W 14 161
YHR137C-A 11 155
YHR138C 11 250
YHR139C 11 91
YHR139C-A 14 321
YHR140W 19 388
YHR141C 4 32
YHR142W 24 825
YHR143W 10 179
YHR143W-A 0 0
YHR144C 9 332
YHR145C 1 1
YHR146W 13 664
YHR147C 1 22
YHR148W 14 319
YHR149C 25 752
YHR150W 31 760
YHR151C 18 951
YHR152W 12 65
YHR153C 13 389
YHR154W 50 1201
YHR155W 27 906
YHR156C 39 948
YHR157W 9 119
YHR158C 26 33828
YHR159W 30 2119
YHR160C 8 48
YHR161C 62 2819
YHR162W 0 0
YHR163W 4 223
YHR164C 43 730
YHR165C 76 1222
YHR165W-A 2 7
YHR166C 32 567
YHR167W 14 327
YHR168W 22 682
YHR169W 26 437
YHR170W 18 242
YHR171W 16 6154
YHR172W 36 1959
YHR173C 37 1555
YHR174W 31 2907
YHR175W 17 1153
YHR175W-A 3 14
YHR176W 39 666
YHR177W 29 603
YHR178W 51 1269
YHR179W 11 250
YHR180W 9 35
YHR180W-A 2 35
YHR180C-B 2 35
YHR181W 11 238
YHR182W 40 893
YHR182C-A 10 84
YHR183W 31 626
YHR184W 12 159
YHR185C 4 82
YHR186C 66 1185
YHR187W 7 560
YHR188C 30 867
YHR189W 18 328
YHR190W 26 477
YHR191C 6 86
YHR192W 11 468
YHR193C 8 468
YHR193C-A 5 15
YHR194W 55 1089
YHR195W 16 368
YHR196W 23 530
YHR197W 9 162
YHR198C 13 339
YHR199C 21 754
YHR199C-A 6 157
YHR200W 18 346
YHR201C 7 267
YHR202W 26 645
YHR203C 5 152
YHR204W 40 1527
YHR205W 14 287
YHR206W 19 472
YHR207C 30 326
YHR208W 18 236
YHR209W 15 316
YHR210C 14 413
YHR211W 29 349
YHR212C 0 0
YHR212W-A 0 0
YHR213W 0 0
YHR213W-A 0 0
YHR213W-B 9 252
YHR214W 0 0
YHR214W-A 0 0
YHR214C-D 0 0
YHR214C-E 2 39
YHR215W 1 13
YHR216W 24 8977
YHR217C 10 29
YHR218W 0 0
YHR218W-A 0 0
YHR219W 0 0
YHR219C-A 0 0
YIL177C 0 0
YIL177W-A 0 0
YIL176C 0 0
YIL173W 0 0
YIL172C 0 0
YIL171W-A 0 0
YIL169C 18 200
YIL166C 18 773
YIL165C 8 115
YIL164C 18 413
YIL163C 19 1186
YIL162W 57 2535
YIL161W 7 37
YIL160C 18 463
YIL159W 63 2131
YIL158W 18 2184
YIL157C 17 785
YIL156W-A 13 197
YIL156W-B 10 353
YIL156W 62 1483
YIL155C 58 1142
YIL154C 80 2577
YIL153W 31 946
YIL152W 24 928
YIL151C 37 724
YIL150C 30 777
YIL149C 53 2057
YIL148W 4 30
YIL147C 10 247
YIL146C 12 435
YIL145C 12 96
YIL144W 23 636
YIL143C 34 891
YIL142C-A 4 11
YIL142W 31 891
YIL141W 6 515
YIL140W 31 670
YIL139C 14 468
YIL138C 8 190
YIL137C 42 1049
YIL136W 20 450
YIL135C 30 930
YIL134C-A 13 244
YIL134W 14 381
YIL133C 7 53
YIL132C 26 1313
YIL131C 40 1732
YIL130W 43 672
YIL129C 68 938
YIL128W 31 1479
YIL127C 6 135
YIL126W 34 2235
YIL125W 81 1970
YIL124W 11 184
YIL123W 45 1667
YIL122W 18 668
YIL121W 35 1451
YIL120W 50 2649
YIL119C 10 102
YIL118W 11 244
YIL117C 13 327
YIL116W 13 415
YIL115W-A 1 10
YIL115C 44 843
YIL114C 5 487
YIL113W 25 1219
YIL112W 35 1211
YIL111W 10 425
YIL110W 9 208
YIL109C 46 935
YIL108W 46 760
YIL107C 32 1021
YIL106W 14 699
YIL105C 42 1059
YIL105W-A 4 6
YIL104C 25 713
YIL103W 24 508
YIL102C-A 4 59
YIL102C 2 232
YIL101C 51 2552
YIL100C-A 46 2951
YIL100W 46 3067
YIL099W 34 654
YIL098C 7 168
YIL097W 14 492
YIL096C 15 231
YIL095W 33 658
YIL094C 13 321
YIL093C 19 785
YIL092W 36 1195
YIL091C 23 692
YIL090W 15 119
YIL089W 13 667
YIL088C 32 628
YIL087C 4 49
YIL086C 13 156
YIL085C 44 662
YIL084C 15 175
YIL083C 9 275
YIL082W 11 259
YIL079C 16 383
YIL078W 29 573
YIL077C 49 1898
YIL076W 4 84
YIL075C 37 418
YIL074C 48 1111
YIL073C 27 497
YIL072W 12 162
YIL071W-A 2 194
YIL071C 9 2040
YIL070C 7 38
YIL069C 5 83
YIL068W-A 7 183
YIL068C 28 683
YIL067C 41 1186
YIL066W-A 8 251
YIL066C 36 809
YIL065C 18 484
YIL064W 28 3686
YIL063C 22 922
YIL062C 8 101
YIL061C 11 111
YIL060W 2 24
YIL059C 2 24
YIL058W 19 1017
YIL057C 19 18207
YIL056W 42 977
YIL055C 42 542
YIL054W 26 2636
YIL053W 19 574
YIL052C 0 0
YIL051C 20 553
YIL050W 5 98
YIL049W 19 464
YIL048W 34 424
YIL047C-A 12 434
YIL047C 75 1835
YIL046W-A 26 4657
YIL046W 45 706
YIL045W 28 539
YIL044C 9 127
YIL043C 29 821
YIL042C 28 517
YIL041W 13 152
YIL040W 3 80
YIL039W 17 310
YIL038C 10 108
YIL037C 18 558
YIL036W 32 868
YIL035C 26 741
YIL034C 31 795
YIL033C 23 525
YIL032C 8 571
YIL031W 23 384
YIL030W-A 3 28
YIL030C 44 5438
YIL029W-A 13 375
YIL029C 4 27
YIL028W 4 34
YIL027C 11 257
YIL026C 30 763
YIL025C 2 37
YIL024C 8 94
YIL023C 24 820
YIL022W 17 191
YIL021W 16 511
YIL021C-A 2 66
YIL020C-A 5 277
YIL020C 14 174
YIL019W 11 291
YIL018W 3 6
YIL017C 48 1168
YIL016W 5 71
YIL015W 32 1164
YIL014C-A 3 15
YIL014W 13 173
YIL013C 41 802
YIL012W 23 1826
YIL011W 5 87
YIL010W 19 455
YIL009C-A 13 404
YIL009W 44 10708
YIL008W 3 76
YIL007C 21 1677
YIL006W 22 652
YIL005W 40 4727
YIL004C 19 556
YIL003W 30 755
YIL002W-A 2 18
YIL002C 79 7681
YIL001W 82 6411
YIR001C 34 1683
YIR002C 66 1542
YIR003W 36 878
YIR004W 12 156
YIR005W 14 89
YIR006C 60 1851
YIR007W 25 536
YIR008C 5 81
YIR009W 0 0
YIR010W 17 1043
YIR011C 1 6
YIR012W 18 548
YIR013C 5 257
YIR014W 11 177
YIR015W 33 3575
YIR016W 27 591
YIR017C 26 1101
YIR017W-A 30 1618
YIR018W 17 547
YIR018C-A 5 278
YIR019C 31 2992
YIR020C 8 511
YIR020W-A 15 1587
YIR020C-B 14 168
YIR021W 20 288
YIR021W-A 11 438
YIR022W 4 25
YIR023W 27 769
YIR023C-A 0 0
YIR024C 4 64
YIR025W 8 74
YIR026C 13 474
YIR027C 16 498
YIR028W 38 2378
YIR029W 11 117
YIR030C 7 6914
YIR030W-A 5 121
YIR031C 30 684
YIR032C 14 643
YIR033W 23 523
YIR034C 34 751
YIR035C 14 417
YIR036C 16 452
YIR036W-A 8 368
YIR037W 3 17
YIR038C 15 629
YIR039C 12 116
YIR040C 3 143
YIR041W 3 14
YIR042C 5 64
YJL225C 0 0
YJL225W-A 0 0
YJL223C 0 0
YJL222W-B 0 0
YJL222W-A 0 0
YJL222W 5 124
YJL221C 0 0
YJL220W 0 0
YJL219W 13 328
YJL218W 9 78
YJL217W 7 124
YJL216C 27 788
YJL215C 12 183
YJL214W 25 318
YJL213W 14 6962
YJL212C 54 1101
YJL211C 38 3097
YJL210W 38 1673
YJL209W 34 994
YJL208C 15 274
YJL207C 83 3289
YJL206C 33 650
YJL205C 16 416
YJL204C 21 517
YJL203W 4 14
YJL202C 9 1825
YJL201W 24 624
YJL200C 54 1872
YJL199C 6 179
YJL198W 28 555
YJL197W 54 4303
YJL197C-A 3 479
YJL196C 21 669
YJL195C 9 157
YJL194W 26 639
YJL193W 7 102
YJL192C 13 2398
YJL191W 44 3714
YJL190C 8 248
YJL189W 6 175
YJL188C 3 92
YJL187C 38 1310
YJL186W 29 468
YJL185C 20 410
YJL184W 9 170
YJL183W 31 1292
YJL182C 12 243
YJL181W 22 542
YJL180C 10 179
YJL179W 4 72
YJL178C 14 525
YJL177W 3 39
YJL176C 15 371
YJL175W 3 14
YJL174W 8 84
YJL173C 1 2
YJL172W 40 871
YJL171C 11 205
YJL170C 19 868
YJL169W 6 21
YJL168C 24 1450
YJL167W 17 139
YJL166W 6 167
YJL165C 41 1895
YJL164C 21 309
YJL163C 36 811
YJL162C 26 1665
YJL161W 12 433
YJL160C 14 381
YJL159W 4 32
YJL158C 24 452
YJL157C 78 3708
YJL156W-A 22 2034
YJL156C 49 1971
YJL155C 25 728
YJL154C 43 1458
YJL153C 40 2007
YJL152W 33 2412
YJL151C 25 1823
YJL150W 18 3956
YJL149W 29 753
YJL148W 10 837
YJL147C 13 287
YJL146W 20 365
YJL145W 15 488
YJL144W 5 33
YJL143W 8 88
YJL142C 4 14
YJL141C 42 842
YJL140W 10 348
YJL139C 23 809
YJL138C 4 85
YJL137C 19 365
YJL136W-A 5 53
YJL136C 7 67
YJL135W 19 1278
YJL134W 16 377
YJL133C-A 16 153
YJL133W 31 732
YJL132W 42 1974
YJL131C 7 64
YJL130C 115 3040
YJL129C 44 1390
YJL128C 34 1340
YJL127W-A 3 27
YJL127C-B 2 12
YJL127C 52 1185
YJL126W 19 330
YJL125C 22 634
YJL124C 6 349
YJL123C 24 719
YJL122W 5 158
YJL121C 7 115
YJL120W 8 232
YJL119C 14 461
YJL118W 28 1301
YJL117W 17 166
YJL116C 22 507
YJL115W 8 201
YJL112W 41 1691
YJL111W 15 93
YJL110C 13 718
YJL109C 43 855
YJL108C 16 132
YJL107C 29 1010
YJL106W 31 690
YJL105W 20 171
YJL104W 4 94
YJL103C 33 311
YJL102W 38 1060
YJL101C 46 1130
YJL100W 38 759
YJL099W 36 1190
YJL098W 43 891
YJL097W 13 222
YJL096W 5 20
YJL095W 39 1371
YJL094C 40 588
YJL093C 25 226
YJL092W 35 406
YJL091C 6 144
YJL090C 28 745
YJL089W 26 523
YJL088W 24 439
YJL087C 16 445
YJL086C 11 216
YJL085W 20 358
YJL084C 24 695
YJL083W 34 1573
YJL082W 42 1184
YJL081C 6 172
YJL080C 49 1402
YJL079C 14 191
YJL078C 82 11548
YJL077W-B 4 106
YJL077C 37 7232
YJL077W-A 5 95
YJL076W 43 831
YJL075C 4 70
YJL074C 23 479
YJL073W 29 1074
YJL072C 10 287
YJL071W 22 412
YJL070C 23 777
YJL069C 14 290
YJL068C 19 248
YJL067W 10 490
YJL066C 25 1643
YJL065C 15 309
YJL064W 11 263
YJL063C 9 205
YJL062W-A 17 465
YJL062W 36 1172
YJL061W 8 180
YJL060W 9 157
YJL059W 18 376
YJL058C 31 457
YJL057C 18 9593
YJL056C 49 1087
YJL055W 7 380
YJL054W 21 571
YJL053W 11 268
YJL052C-A 22 10330
YJL052W 36 906
YJL051W 33 777
YJL050W 31 448
YJL049W 5 74
YJL048C 21 231
YJL047C-A 2 111
YJL047C 23 424
YJL046W 13 494
YJL045W 19 722
YJL044C 21 441
YJL043W 33 1742
YJL042W 55 1429
YJL041W 9 191
YJL039C 29 1138
YJL038C 0 0
YJL037W 12 189
YJL036W 15 342
YJL035C 15 285
YJL034W 21 303
YJL033W 13 202
YJL032W 2 7
YJL031C 3 16
YJL030W 12 300
YJL029C 26 805
YJL028W 21 1994
YJL027C 48 16868
YJL026W 15 520
YJL026C-A 3 255
YJL025W 30 445
YJL024C 9 76
YJL023C 13 317
YJL022W 4 28
YJL020C 51 10214
YJL020W-A 0 0
YJL019W 45 1112
YJL016W 27 491
YJL015C 14 2457
YJL014W 11 250
YJL013C 6 181
YJL012C 42 651
YJL011C 2 149
YJL010C 8 281
YJL009W 5 57
YJL008C 13 255
YJL007C 16 2769
YJL006C 7 191
YJL005W 61 906
YJL004C 26 645
YJL003W 5 236
YJL002C 35 1793
YJL001W 33 702
YJR001W 100 9726
YJR002W 32 295
YJR003C 36 851
YJR004C 48 1879
YJR005W 34 850
YJR005C-A 2 8
YJR006W 12 171
YJR007W 2 17
YJR008W 34 1586
YJR009C 18 1255
YJR010W 43 6235
YJR010C-A 4 61
YJR011C 13 379
YJR012C 17 365
YJR013W 17 595
YJR014W 7 151
YJR015W 20 168
YJR016C 19 413
YJR017C 9 120
YJR018W 12 55
YJR019C 32 1545
YJR020W 13 436
YJR021C 22 234
YJR022W 1 8
YJR023C 1 8
YJR024C 22 850
YJR025C 3 69
YJR030C 38 1694
YJR031C 32 759
YJR032W 5 131
YJR033C 43 3049
YJR034W 9 116
YJR035W 39 989
YJR036C 21 395
YJR037W 2 33
YJR038C 11 130
YJR039W 40 985
YJR040W 12 237
YJR041C 10 92
YJR042W 18 479
YJR043C 11 204
YJR044C 8 193
YJR045C 10 145
YJR046W 27 235
YJR047C 9 465
YJR048W 19 577
YJR049C 27 315
YJR050W 7 95
YJR051W 27 664
YJR052W 19 372
YJR053W 28 1313
YJR054W 14 239
YJR055W 6 142
YJR056C 6 123
YJR057W 6 539
YJR058C 15 1159
YJR059W 36 672
YJR060W 12 258
YJR061W 47 1214
YJR062C 14 137
YJR063W 3 56
YJR064W 34 934
YJR065C 29 491
YJR066W 81 3801
YJR067C 3 118
YJR068W 9 260
YJR069C 4 131
YJR070C 6 106
YJR071W 10 267
YJR072C 36 580
YJR073C 19 406
YJR074W 28 561
YJR075W 21 1198
YJR076C 20 562
YJR077C 28 711
YJR078W 51 2675
YJR079W 21 743
YJR080C 19 636
YJR082C 6 287
YJR083C 13 99
YJR084W 28 1100
YJR085C 9 1368
YJR086W 4 63
YJR087W 8 985
YJR088C 20 1342
YJR089W 34 776
YJR090C 24 419
YJR091C 41 1033
YJR092W 54 1262
YJR093C 20 365
YJR094C 22 455
YJR094W-A 6 168
YJR095W 21 270
YJR096W 23 447
YJR097W 3 29
YJR098C 23 545
YJR099W 4 8
YJR100C 21 837
YJR101W 9 489
YJR102C 11 557
YJR103W 63 2125
YJR104C 26 1058
YJR105W 23 685
YJR106W 20 320
YJR107W 19 279
YJR108W 21 323
YJR109C 51 2189
YJR110W 36 861
YJR111C 37 852
YJR112W 11 324
YJR112W-A 9 4038
YJR113C 23 497
YJR114W 17 376
YJR115W 48 1977
YJR116W 23 507
YJR117W 18 1062
YJR118C 4 22
YJR119C 51 1141
YJR120W 19 796
YJR121W 31 598
YJR122W 23 440
YJR123W 1 2
YJR124C 41 944
YJR125C 16 416
YJR126C 35 729
YJR127C 90 3255
YJR128W 25 1875
YJR129C 42 3664
YJR130C 19 476
YJR131W 39 1023
YJR132W 32 499
YJR133W 10 234
YJR134C 17 555
YJR135C 20 797
YJR135W-A 1 3
YJR136C 3 36
YJR137C 60 2720
YJR138W 53 1271
YJR139C 15 618
YJR140C 40 1048
YJR140W-A 2 10
YJR141W 1 1
YJR142W 27 1509
YJR143C 21 338
YJR144W 25 605
YJR145C 5 159
YJR146W 15 352
YJR147W 23 2120
YJR148W 47 1623
YJR149W 16 502
YJR150C 9 41
YJR151C 19 542
YJR151W-A 3 15
YJR152W 25 420
YJR153W 6 91
YJR154W 21 517
YJR155W 16 497
YJR156C 4 39
YJR157W 0 0
YJR158W 0 0
YJR159W 2 118
YJR160C 1 3
YJR161C 0 0
YJR162C 5 415
YKL225W 4 77
YKL224C 2 3
YKL223W 6 67
YKL222C 22 642
YKL221W 25 266
YKL220C 28 799
YKL219W 13 296
YKL218C 40 1469
YKL217W 47 796
YKL216W 8 306
YKL215C 84 2844
YKL214C 8 158
YKL213C 34 462
YKL212W 19 506
YKL211C 17 149
YKL210W 39 1159
YKL209C 56 3110
YKL208W 13 253
YKL207W 18 228
YKL206C 13 362
YKL205W 33 1940
YKL204W 18 167
YKL203C 81 1812
YKL202W 4 7276
YKL201C 50 1711
YKL198C 224 36651
YKL197C 57 1198
YKL196C 12 266
YKL195W 13 199
YKL194C 26 1551
YKL193C 20 294
YKL192C 6 214
YKL191W 28 361
YKL190W 2 163
YKL189W 11 176
YKL188C 34 597
YKL187C 60 2478
YKL186C 29 1951
YKL185W 47 2377
YKL184W 18 623
YKL183C-A 16 10420
YKL183W 49 4620
YKL182W 125 2964
YKL181W 20 799
YKL180W 3 144
YKL179C 11 193
YKL178C 30 1763
YKL177W 7 89
YKL176C 27 477
YKL175W 48 1399
YKL174C 10 122
YKL173W 18 284
YKL172W 5 42
YKL171W 48 1706
YKL170W 5 96
YKL169C 4 12
YKL168C 36 5725
YKL167C 3 91
YKL166C 14 208
YKL165C-A 6 91
YKL165C 30 753
YKL164C 8 133
YKL163W 8 82
YKL162C-A 4 75
YKL162C 16 496
YKL161C 14 127
YKL160W 3 38
YKL159C 9 573
YKL157W 66 2215
YKL156W 4 150
YKL156C-A 0 0
YKL155C 24 499
YKL154W 14 478
YKL153W 9 96
YKL152C 16 205
YKL151C 35 1379
YKL150W 30 747
YKL149C 17 374
YKL148C 100 3349
YKL147C 31 2025
YKL146W 46 3170
YKL145W 18 985
YKL145W-A 0 0
YKL144C 5 87
YKL143W 19 241
YKL142W 5 41
YKL141W 8 84
YKL140W 14 330
YKL139W 6 12
YKL138C-A 4 127
YKL138C 8 45
YKL137W 5 97
YKL136W 4 37
YKL135C 26 750
YKL134C 22 644
YKL133C 24 2035
YKL132C 12 224
YKL131W 4 74
YKL130C 4 49
YKL129C 52 1398
YKL128C 29 819
YKL127W 35 908
YKL126W 11 230
YKL125W 25 392
YKL124W 15 310
YKL123W 3 16
YKL122C 5 51
YKL121W 35 10582
YKL120W 20 438
YKL119C 15 618
YKL118W 8 2257
YKL117W 12 313
YKL116C 21 579
YKL115C 7 64
YKL114C 20 627
YKL113C 11 121
YKL112W 34 826
YKL111C 4 34
YKL110C 30 1070
YKL109W 53 1722
YKL108W 21 915
YKL107W 13 330
YKL106C-A 2 58
YKL106W 17 463
YKL105C 43 935
YKL104C 36 1310
YKL103C 39 1071
YKL102C 18 640
YKL101W 65 1133
YKL100C 35 697
YKL100W-A 1 1
YKL099C 12 338
YKL098W 21 704
YKL097C 25 1075
YKL096C-B 0 0
YKL096W-A 0 0
YKL096W 27 903
YKL095W 17 242
YKL094W 37 1663
YKL093W 10 162
YKL092C 24 363
YKL091C 8 197
YKL090W 25 726
YKL089W 13 129
YKL088W 15 211
YKL087C 20 228
YKL086W 43 4312
YKL085W 19 571
YKL084W 26 3273
YKL083W 3 165
YKL082C 3 76
YKL081W 19 806
YKL080W 12 210
YKL079W 30 898
YKL078W 9 161
YKL077W 15 150
YKL076C 5 148
YKL075C 18 600
YKL074C 30 691
YKL073W 15 357
YKL072W 40 816
YKL071W 9 371
YKL070W 4 14
YKL069W 10 152
YKL068W-A 2 5
YKL068W 34 596
YKL067W 8 87
YKL066W 20 1142
YKL065W-A 1 19
YKL065C 13 84
YKL064W 41 800
YKL063C 5 516
YKL062W 16 316
YKL061W 3 68
YKL060C 26 1435
YKL059C 19 619
YKL058W 2 6
YKL057C 26 684
YKL056C 10 383
YKL055C 19 186
YKL054C 7 64
YKL053C-A 4 15
YKL053W 17 753
YKL052C 27 633
YKL051W 31 959
YKL050C 39 802
YKL049C 8 85
YKL048C 2 60
YKL047W 29 566
YKL046C 27 773
YKL045W 30 2490
YKL044W 9 156
YKL043W 15 155
YKL042W 8 108
YKL041W 2 67
YKL040C 8 411
YKL039W 48 1319
YKL038W 74 7689
YKL037W 32 672
YKL036C 22 515
YKL035W 25 640
YKL034W 41 1015
YKL033W-A 16 357
YKL033W 25 439
YKL032C 21 1087
YKL031W 18 1359
YKL030W 40 468
YKL029C 104 4581
YKL028W 10 162
YKL027W 27 917
YKL026C 7 76
YKL025C 24 729
YKL024C 13 333
YKL023C-A 5 69
YKL023W 14 275
YKL022C 45 966
YKL021C 21 431
YKL020C 34 521
YKL019W 9 1415
YKL018C-A 5 170
YKL018W 15 239
YKL017C 23 491
YKL016C 7 145
YKL015W 40 4772
YKL014C 38 463
YKL013C 2 4
YKL012W 18 491
YKL011C 21 2344
YKL010C 61 1576
YKL009W 10 100
YKL008C 29 504
YKL007W 25 405
YKL006C-A 13 524
YKL006W 3 57
YKL005C 37 2688
YKL004W 28 1308
YKL003C 11 157
YKL002W 20 913
YKL001C 14 205
YKR001C 34 1153
YKR002W 27 791
YKR003W 61 1349
YKR004C 31 457
YKR005C 41 13706
YKR006C 7 213
YKR007W 5 86
YKR008W 21 346
YKR009C 53 2198
YKR010C 23 623
YKR011C 17 223
YKR012C 20 298
YKR013W 21 114
YKR014C 1 16
YKR015C 22 542
YKR016W 22 448
YKR017C 12 112
YKR018C 24 556
YKR019C 29 648
YKR020W 3 181
YKR021W 42 1010
YKR022C 11 278
YKR023W 19 218
YKR024C 18 869
YKR025W 9 425
YKR026C 8 360
YKR027W 30 541
YKR028W 44 712
YKR029C 20 351
YKR030W 10 109
YKR031C 54 1796
YKR032W 19 848
YKR033C 1 28
YKR034W 10 225
YKR035C 4 13
YKR035W-A 4 13
YKR036C 35 628
YKR037C 17 233
YKR038C 18 88
YKR039W 24 383
YKR040C 36 1813
YKR041W 68 8508
YKR042W 21 391
YKR043C 28 1066
YKR044W 41 1230
YKR045C 16 427
YKR046C 14 524
YKR047W 8 255
YKR048C 32 668
YKR049C 14 394
YKR050W 33 77047
YKR051W 26 556
YKR052C 9 162
YKR053C 34 1340
YKR054C 131 4171
YKR055W 15 511
YKR056W 20 418
YKR057W 10 94
YKR058W 13 142
YKR059W 5 32
YKR060W 12 513
YKR061W 48 1184
YKR062W 5 10
YKR063C 20 449
YKR064W 23 655
YKR065C 2 12
YKR066C 26 899
YKR067W 50 1475
YKR068C 14 481
YKR069W 41 1397
YKR070W 14 1423
YKR071C 11 433
YKR072C 30 618
YKR073C 21 1041
YKR074W 20 494
YKR075C 23 1095
YKR075W-A 11 995
YKR076W 40 1046
YKR077W 8 221
YKR078W 17 289
YKR079C 33 903
YKR080W 26 499
YKR081C 10 154
YKR082W 35 989
YKR083C 5 117
YKR084C 18 248
YKR085C 17 345
YKR086W 37 566
YKR087C 13 367
YKR088C 20 441
YKR089C 35 544
YKR090W 35 1281
YKR091W 14 171
YKR092C 14 148
YKR093W 60 1691
YKR094C 5 57
YKR095W 38 634
YKR095W-A 11 195
YKR096W 64 2238
YKR097W 66 3055
YKR098C 31 830
YKR099W 27 894
YKR100C 12 162
YKR101W 37 616
YKR102W 38 1251
YKR103W 33 585
YKR104W 10 265
YKR105C 7 21
YKR106W 5 21
YLL067C 0 0
YLL067W-A 0 0
YLL066W-B 6 24
YLL066C 0 0
YLL066W-A 0 0
YLL065W 5 150
YLL064C 0 0
YLL063C 31 2573
YLL062C 12 89
YLL061W 24 1021
YLL060C 19 95
YLL059C 38 1619
YLL058W 16 345
YLL057C 27 909
YLL056C 18 1722
YLL055W 9 261
YLL054C 16 534
YLL053C 9 178
YLL052C 7 26
YLL051C 42 1247
YLL050C 8 87
YLL049W 14 308
YLL048C 67 1788
YLL047W 6 351
YLL046C 9 355
YLL045C 12 308
YLL044W 11 141
YLL043W 17 336
YLL042C 12 143
YLL041C 26 1473
YLL040C 128 4110
YLL039C 37 499
YLL038C 18 219
YLL037W 2 37
YLL036C 10 244
YLL035W 17 247
YLL034C 11 76
YLL033W 6 66
YLL032C 18 449
YLL031C 34 535
YLL030C 11 223
YLL029W 81 17312
YLL028W 62 3705
YLL027W 9 125
YLL026W 74 1910
YLL025W 4 60
YLL024C 24 1117
YLL023C 20 538
YLL022C 25 853
YLL021W 51 1011
YLL020C 2 6
YLL019C 20 355
YLL019W-A 0 0
YLL018C-A 2 36
YLL018C 18 482
YLL015W 41 1111
YLL014W 5 20
YLL013C 58 2032
YLL012W 53 990
YLL011W 22 472
YLL010C 43 18843
YLL009C 1 7
YLL008W 14 515
YLL007C 10 143
YLL006W-A 10 498
YLL006W 5 76
YLL005C 20 274
YLL004W 20 372
YLL003W 23 367
YLL002W 33 923
YLL001W 68 1555
YLR001C 77 7180
YLR002C 18 584
YLR003C 7 181
YLR004C 50 923
YLR005W 21 420
YLR006C 36 3779
YLR007W 19 361
YLR008C 4 57
YLR009W 1 2
YLR010C 1 30
YLR011W 12 308
YLR012C 4 104
YLR013W 2 121
YLR014C 35 1037
YLR015W 23 284
YLR016C 13 186
YLR017W 13 141
YLR018C 11 275
YLR019W 37 2249
YLR020C 18 911
YLR021W 15 286
YLR022C 14 337
YLR023C 26 2436
YLR024C 114 9053
YLR025W 9 63
YLR026C 5 127
YLR027C 24 672
YLR028C 60 2293
YLR029C 7 160
YLR030W 11 171
YLR031W 5 36
YLR032W 26 813
YLR033W 7 301
YLR034C 21 3007
YLR035C 28 444
YLR036C 9 53
YLR037C 9 148
YLR038C 6 105
YLR039C 35 1134
YLR040C 9 326
YLR041W 5 282
YLR042C 5 103
YLR043C 1 24
YLR044C 44 1304
YLR045C 36 636
YLR046C 6 114
YLR047C 35 990
YLR048W 7 36
YLR049C 12 230
YLR050C 16 346
YLR051C 11 170
YLR052W 2 44
YLR053C 3 11
YLR054C 35 1410
YLR055C 32 427
YLR056W 25 1119
YLR057W 62 1545
YLR058C 28 1569
YLR059C 52 5913
YLR060W 34 798
YLR061W 7 104
YLR062C 4 77
YLR063W 9 223
YLR064W 6 400
YLR065C 1 15
YLR066W 10 119
YLR067C 30 319
YLR068W 13 601
YLR069C 46 1116
YLR070C 25 316
YLR071C 27 539
YLR072W 23 1274
YLR073C 21 508
YLR074C 17 1492
YLR075W 4 24
YLR076C 3 22
YLR077W 46 1468
YLR078C 11 222
YLR079W 12 287
YLR080W 39 1352
YLR081W 84 14810
YLR082C 17 254
YLR083C 21 324
YLR084C 58 4673
YLR085C 34 2464
YLR086W 30 386
YLR087C 119 3307
YLR088W 18 264
YLR089C 9 89
YLR090W 24 833
YLR091W 33 739
YLR092W 52 2041
YLR093C 15 299
YLR094C 55 1436
YLR095C 39 1109
YLR096W 27 299
YLR097C 15 132
YLR098C 19 525
YLR099C 31 868
YLR099W-A 17 309
YLR100W 24 309
YLR101C 14 840
YLR102C 14 310
YLR103C 24 515
YLR104W 7 65
YLR105C 15 237
YLR106C 105 1448
YLR107W 23 2226
YLR108C 25 1449
YLR109W 12 186
YLR110C 3 58
YLR111W 10 481
YLR112W 28 739
YLR113W 46 1482
YLR114C 26 427
YLR115W 25 601
YLR116W 18 469
YLR117C 31 621
YLR118C 4 85
YLR119W 15 373
YLR120C 37 768
YLR120W-A 9 2193
YLR121C 20 1014
YLR122C 5 36
YLR123C 4 34
YLR124W 2 12
YLR125W 2 13
YLR126C 8 35
YLR127C 21 310
YLR128W 8 70
YLR129W 23 283
YLR130C 29 393
YLR131C 41 828
YLR132C 12 76
YLR133W 9 97
YLR134W 24 428
YLR135W 26 1297
YLR136C 7 201
YLR137W 42 855
YLR138W 34 1077
YLR139C 15 230
YLR140W 18 675
YLR141W 82 2655
YLR142W 32 327
YLR143W 12 161
YLR144C 25 405
YLR145W 2 28
YLR146C 18 476
YLR146W-A 4 250
YLR147C 3 34
YLR148W 38 529
YLR149C 21 305
YLR149C-A 3 44
YLR150W 5 141
YLR151C 18 2466
YLR152C 17 110
YLR153C 43 1070
YLR154C 11 176
YLR154W-A 0 0
YLR154W-B 0 0
YLR154W-C 0 0
YLR154W-E 0 0
YLR154W-F 0 0
YLR154C-G 0 0
YLR154C-H 0 0
YLR155C 0 0
YLR156W 0 0
YLR156C-A 0 0
YLR157C 0 0
YLR157W-D 0 0
YLR157W-E 0 0
YLR157C-C 0 0
YLR158C 0 0
YLR159W 0 0
YLR159C-A 0 0
YLR160C 0 0
YLR161W 0 0
YLR162W 0 0
YLR162W-A 4 191
YLR163C 22 252
YLR163W-A 2 34
YLR164W 5 67
YLR165C 6 9
YLR166C 18 369
YLR167W 8 123
YLR168C 24 418
YLR169W 29 2527
YLR170C 19 388
YLR171W 10 232
YLR172C 29 652
YLR173W 47 12076
YLR174W 31 460
YLR175W 17 314
YLR176C 36 400
YLR177W 37 748
YLR178C 22 306
YLR179C 23 783
YLR180W 25 333
YLR181C 31 719
YLR182W 12 163
YLR183C 25 602
YLR184W 3 138
YLR185W 7 147
YLR186W 21 581
YLR187W 34 681
YLR188W 42 3568
YLR189C 57 1426
YLR190W 32 679
YLR191W 14 405
YLR192C 7 27
YLR193C 10 56
YLR194C 20 237
YLR195C 16 250
YLR196W 28 362
YLR197W 3 6
YLR198C 0 0
YLR199C 15 229
YLR200W 1 4
YLR201C 16 329
YLR202C 15 1047
YLR203C 30 661
YLR204W 5 55
YLR205C 27 1070
YLR206W 18 206
YLR207W 64 2799
YLR208W 11 137
YLR209C 22 2790
YLR210W 15 211
YLR211C 4 10
YLR212C 14 101
YLR213C 46 2210
YLR214W 34 829
YLR215C 11 65
YLR216C 15 305
YLR217W 8 265
YLR218C 19 800
YLR219W 20 537
YLR220W 12 633
YLR221C 7 44
YLR222C 24 701
YLR222C-A 0 0
YLR223C 17 263
YLR224W 21 292
YLR225C 13 153
YLR226W 8 129
YLR227C 27 408
YLR228C 22 743
YLR229C 10 487
YLR230W 3 31
YLR231C 23 958
YLR232W 4 25
YLR233C 31 693
YLR234W 80 1705
YLR235C 39 1420
YLR236C 38 5410
YLR237W 52 1429
YLR238W 21 558
YLR239C 8 173
YLR240W 24 598
YLR241W 27 834
YLR242C 11 212
YLR243W 6 46
YLR244C 27 897
YLR245C 11 121
YLR246W 27 426
YLR247C 64 1213
YLR248W 34 1236
YLR249W 39 627
YLR250W 13 446
YLR251W 6 53
YLR252W 3 55
YLR253W 36 603
YLR254C 17 276
YLR255C 31 3359
YLR256W 105 3659
YLR257W 34 552
YLR258W 61 1676
YLR259C 35 994
YLR260W 43 1322
YLR261C 2 2
YLR262C 12 303
YLR262C-A 1 2
YLR263W 33 460
YLR264W 1 12
YLR264C-A 0 0
YLR265C 10 74
YLR266C 32 868
YLR267W 26 8707
YLR268W 11 164
YLR269C 20 629
YLR270W 14 219
YLR271W 12 105
YLR272C 25 584
YLR273C 29 649
YLR274W 23 341
YLR275W 4 40
YLR276C 9 189
YLR277C 26 394
YLR278C 48 1226
YLR279W 32 1373
YLR280C 15 753
YLR281C 16 789
YLR282C 8 654
YLR283W 17 834
YLR284C 3 170
YLR285W 4 221
YLR285C-A 7 230
YLR286C 8 593
YLR286W-A 1 367
YLR287C 9 59
YLR287C-A 4 126
YLR288C 31 912
YLR289W 25 272
YLR290C 6 82
YLR291C 8 136
YLR292C 12 342
YLR293C 7 18
YLR294C 10 63
YLR295C 4 59
YLR296W 21 3535
YLR297W 19 978
YLR298C 23 1875
YLR299W 89 3901
YLR299C-A 4 176
YLR300W 24 487
YLR301W 10 187
YLR302C 33 1107
YLR303W 17 262
YLR304C 90 2513
YLR305C 67 2052
YLR306W 14 981
YLR307W 12 294
YLR307C-A 3 23
YLR308W 11 248
YLR309C 23 432
YLR310C 37 1979
YLR311C 10 282
YLR312C 16 203
YLR312W-A 17 337
YLR313C 29 1329
YLR314C 13 141
YLR315W 7 32
YLR316C 28 937
YLR317W 8 205
YLR318W 46 2121
YLR319C 22 321
YLR320W 25 709
YLR321C 23 972
YLR322W 9 169
YLR323C 10 66
YLR324W 16 97
YLR325C 6 99
YLR326W 27 821
YLR327C 6 333
YLR328W 27 579
YLR329W 8 55
YLR330W 35 1793
YLR331C 1 23
YLR332W 9 215
YLR333C 19 172
YLR334C 10 425
YLR335W 12 1950
YLR336C 36 1361
YLR337C 22 182
YLR338W 6 19
YLR339C 5 131
YLR340W 6 136
YLR341W 13 334
YLR342W 71 1019
YLR342W-A 1 2
YLR343W 28 816
YLR344W 6 120
YLR345W 28 1096
YLR346C 5 35
YLR347C 35 510
YLR347W-A 0 0
YLR348C 65 6505
YLR349W 35 6537
YLR350W 9 491
YLR351C 15 413
YLR352W 43 1313
YLR353W 30 451
YLR354C 17 635
YLR355C 45 1838
YLR356W 11 44
YLR357W 66 1486
YLR358C 19 383
YLR359W 11 172
YLR360W 23 663
YLR361C 49 1800
YLR361C-A 4 35
YLR362W 26 900
YLR363C 3 25
YLR363W-A 1 32
YLR364W 4 86
YLR365W 8 420
YLR364C-A 6 187
YLR366W 24 922
YLR367W 29 578
YLR368W 27 573
YLR369W 16 840
YLR370C 11 252
YLR371W 48 1138
YLR372W 8 59
YLR373C 25 775
YLR374C 20 3729
YLR375W 30 3158
YLR376C 19 304
YLR377C 48 2503
YLR378C 46 1099
YLR379W 10 353
YLR380W 32 698
YLR381W 26 557
YLR382C 28 412
YLR383W 30 1527
YLR384C 43 811
YLR385C 10 343
YLR386W 23 513
YLR387C 22 266
YLR388W 11 250
YLR389C 76 2024
YLR390W 12 183
YLR390W-A 2 60
YLR392C 24 369
YLR393W 3 30
YLR394W 11 177
YLR395C 8 67
YLR396C 56 1482
YLR397C 26 312
YLR398C 44 457
YLR399C 27 287
YLR399W-A 0 0
YLR400W 30 1116
YLR401C 49 3206
YLR402W 5 99
YLR403W 23 366
YLR404W 20 840
YLR405W 27 447
YLR406C 15 553
YLR406C-A 2 1975
YLR407W 4 14
YLR408C 6 141
YLR409C 45 1070
YLR410W 65 923
YLR411W 19 493
YLR412W 13 183
YLR412C-A 1 2
YLR413W 37 279
YLR414C 38 866
YLR415C 38 2569
YLR416C 31 5674
YLR417W 37 987
YLR418C 15 157
YLR419W 36 1442
YLR420W 14 1772
YLR421C 5 145
YLR422W 54 1429
YLR423C 4 240
YLR424W 21 232
YLR425W 47 1162
YLR426W 15 51
YLR427W 22 383
YLR428C 13 201
YLR429W 51 788
YLR430W 56 1112
YLR431C 21 587
YLR432W 21 628
YLR433C 21 556
YLR434C 4 16
YLR435W 3 25
YLR436C 57 1749
YLR437C 20 403
YLR437C-A 9 119
YLR438W 63 7127
YLR438C-A 5 21
YLR439W 21 242
YLR440C 18 173
YLR441C 13 505
YLR442C 33 709
YLR443W 13 229
YLR444C 1 17
YLR445W 13 163
YLR446W 13 144
YLR447C 21 708
YLR448W 19 368
YLR449W 12 100
YLR450W 66 4654
YLR451W 20 645
YLR452C 29 812
YLR453C 24 775
YLR454W 86 2087
YLR455W 13 533
YLR456W 17 355
YLR457C 16 305
YLR458W 9 118
YLR459W 9 128
YLR460C 15 216
YLR461W 1 7
YLR462W 1 3
YLR463C 1 3
YLR464W 0 0
YLR465C 0 0
YLR466W 1 1
YLR466C-A 0 0
YLR466C-B 1 44
YLR467W 0 0
YLR467C-A 0 0
YML133C 0 0
YML133W-B 0 0
YML133W-A 0 0
YML132W 0 0
YML131W 15 368
YML130C 17 666
YML129C 7 872
YML128C 35 1117
YML127W 30 763
YML126C 35 979
YML125C 23 340
YML124C 14 434
YML123C 34 960
YML122C 36 1440
YML121W 10 117
YML120C 30 773
YML119W 16 563
YML118W 28 2134
YML117W 59 1928
YML116W-A 11 168
YML116W 31 812
YML115C 19 1159
YML114C 14 618
YML113W 15 370
YML112W 14 972
YML111W 41 870
YML110C 17 118
YML109W 30 1721
YML108W 2 6
YML107C 14 414
YML106W 12 266
YML105C 6 173
YML104C 25 600
YML103C 59 1390
YML102W 38 1575
YML101C-A 14 1030
YML101C 45 1954
YML100W-A 10 198
YML100W 117 7991
YML099W-A 4 175
YML099C 31 900
YML098W 1 83
YML097C 15 511
YML096W 11 327
YML095C 6 186
YML094C-A 6 35
YML094W 8 35
YML093W 31 938
YML092C 5 45
YML091C 52 1085
YML090W 12 80
YML089C 23 1666
YML088W 22 346
YML087C 17 2930
YML086C 35 607
YML085C 17 278
YML084W 17 553
YML083C 39 1101
YML082W 43 1253
YML081C-A 4 176
YML081W 32 556
YML080W 11 556
YML079W 22 727
YML078W 9 195
YML077W 11 119
YML076C 43 1025
YML075C 65 1764
YML074C 5 28
YML073C 7 79
YML072C 87 1767
YML071C 31 317
YML070W 30 1251
YML069W 4 20
YML068W 25 352
YML067C 14 433
YML066C 14 256
YML065W 21 446
YML064C 13 226
YML063W 3 13
YML062C 19 573
YML061C 15 568
YML060W 16 413
YML059C 60 2149
YML058W-A 0 0
YML058W 13 1794
YML057C-A 8 48
YML057W 26 461
YML056C 37 873
YML055W 8 169
YML054C 55 2220
YML054C-A 19 1269
YML053C 10 441
YML052W 24 1107
YML051W 41 2100
YML050W 12 676
YML049C 51 3305
YML048W 7 124
YML047W-A 3 63
YML047C 9 126
YML046W 19 456
YML043C 9 308
YML042W 46 805
YML041C 15 313
YML038C 2 20
YML037C 7 172
YML036W 10 413
YML035C 33 958
YML034C-A 14 405
YML034W 49 1313
YML032C 9 252
YML031C-A 5 111
YML031W 30 1686
YML030W 10 235
YML029W 42 1321
YML028W 24 3859
YML027W 21 558
YML026C 8 70
YML025C 10 254
YML024W 5 82
YML023C 22 209
YML022W 10 408
YML021C 21 745
YML020W 46 1429
YML019W 13 391
YML018C 33 1136
YML017W 34 502
YML016C 35 1037
YML015C 8 88
YML014W 20 420
YML013W 33 861
YML012C-A 19 577
YML012W 10 144
YML011C 8 52
YML010W 21 275
YML009W-B 6 34
YML009C-A 2 11
YML009C 3 11
YML008C 8 158
YML007C-A 6 246
YML007W 24 502
YML006C 36 632
YML005W 30 524
YML004C 36 1494
YML003W 24 664
YML002W 49 5035
YML001W 19 508
YMR001C 52 3457
YMR001C-A 10 408
YMR002W 22 3110
YMR003W 13 350
YMR004W 35 4967
YMR005W 13 188
YMR006C 38 1195
YMR007W 27 27411
YMR008C 18 494
YMR009W 10 147
YMR010W 12 163
YMR011W 34 383
YMR012W 41 705
YMR013C 7 26
YMR013C-A 0 0
YMR013W-A 1 2
YMR014W 8 101
YMR015C 53 2606
YMR016C 16 328
YMR017W 14 103
YMR018W 23 565
YMR019W 32 1060
YMR020W 27 867
YMR021C 15 539
YMR022W 17 2626
YMR023C 38 1234
YMR024W 12 231
YMR025W 5 195
YMR026C 9 174
YMR027W 23 323
YMR028W 9 213
YMR029C 11 208
YMR030W 15 416
YMR031C 20 327
YMR031W-A 16 142
YMR032W 22 522
YMR030W-A 4 51
YMR033W 3 128
YMR034C 15 257
YMR035W 5 168
YMR036C 20 2092
YMR037C 21 475
YMR038C 17 1188
YMR039C 14 297
YMR040W 18 1024
YMR041C 8 59
YMR042W 51 2049
YMR043W 14 560
YMR044W 18 553
YMR046W-A 0 0
YMR047C 26 1448
YMR048W 15 291
YMR049C 14 312
YMR052W 6 39
YMR052C-A 8 139
YMR053C 38 1160
YMR054W 49 4637
YMR055C 25 770
YMR056C 45 767
YMR057C 40 10033
YMR058W 63 2526
YMR059W 2 4
YMR060C 9 172
YMR061W 15 373
YMR062C 21 228
YMR063W 16 644
YMR064W 24 470
YMR065W 33 624
YMR066W 29 577
YMR067C 19 468
YMR068W 10 151
YMR069W 78 5972
YMR070W 17 159
YMR071C 10 395
YMR072W 5 111
YMR073C 6 187
YMR074C 6 220
YMR075W 19 217
YMR075C-A 4 20
YMR076C 38 17430
YMR077C 10 415
YMR078C 29 769
YMR079W 16 363
YMR080C 28 743
YMR081C 7 249
YMR082C 24 618
YMR083W 12 225
YMR084W 21 380
YMR085W 9 126
YMR086W 38 1048
YMR086C-A 15 5018
YMR087W 23 1835
YMR088C 21 389
YMR089C 20 203
YMR090W 17 670
YMR091C 32 782
YMR092C 26 517
YMR093W 20 262
YMR094W 10 440
YMR095C 18 458
YMR096W 3 41
YMR097C 10 425
YMR098C 13 249
YMR099C 2 17
YMR100W 29 533
YMR101C 7 538
YMR102C 33 847
YMR103C 34 2260
YMR104C 56 2068
YMR105C 15 153
YMR105W-A 12 649
YMR106C 54 3039
YMR107W 22 2594
YMR108W 44 3302
YMR109W 66 1383
YMR110C 28 868
YMR111C 30 1340
YMR112C 5 24
YMR113W 14 261
YMR114C 15 243
YMR115W 11 247
YMR116C 28 466
YMR117C 5 54
YMR118C 14 233
YMR119W 16 436
YMR119W-A 11 840
YMR120C 24 1697
YMR121C 13 270
YMR122C 44 1788
YMR122W-A 5 134
YMR123W 1 6
YMR124W 35 735
YMR125W 20 354
YMR126C 9 62
YMR127C 18 297
YMR128W 32 812
YMR129W 52 2083
YMR130W 20 521
YMR131C 22 330
YMR132C 12 407
YMR133W 11 157
YMR134W 12 374
YMR135C 24 1140
YMR135W-A 44 1336
YMR136W 52 929
YMR137C 28 1101
YMR138W 3 51
YMR139W 14 375
YMR140W 13 447
YMR141C 2 14
YMR142C 0 0
YMR141W-A 0 0
YMR143W 10 116
YMR144W 20 207
YMR145C 67 2637
YMR146C 29 564
YMR147W 14 172
YMR148W 19 307
YMR149W 19 627
YMR150C 25 715
YMR151W 23 729
YMR152W 23 532
YMR153W 24 1160
YMR153C-A 0 0
YMR154C 32 1060
YMR155W 20 423
YMR156C 12 869
YMR157C 13 17826
YMR158W 9 156
YMR158C-A 3 4
YMR158W-B 8 673
YMR159C 11 778
YMR160W 29 448
YMR161W 15 460
YMR162C 72 5040
YMR163C 10 227
YMR164C 22 563
YMR165C 44 739
YMR166C 6 78
YMR167W 29 704
YMR168C 20 976
YMR169C 26 432
YMR170C 20 935
YMR171C 16 587
YMR172W 25 207
YMR172C-A 5 15
YMR173W 5 56
YMR173W-A 5 56
YMR174C 2 8
YMR175W 10 371
YMR175W-A 17 785
YMR176W 68 2156
YMR177W 16 624
YMR178W 14 206
YMR179W 20 450
YMR180C 44 1740
YMR181C 8 127
YMR182C 7 17
YMR182W-A 5 31
YMR183C 12 148
YMR184W 13 312
YMR185W 34 1003
YMR186W 18 444
YMR187C 32 1379
YMR188C 19 963
YMR189W 50 1656
YMR190C 51 1394
YMR191W 17 267
YMR192W 17 373
YMR193W 5 52
YMR193C-A 7 56
YMR194W 9 181
YMR194C-B 18 442
YMR194C-A 27 14904
YMR195W 16 397
YMR196W 68 2027
YMR197C 17 133
YMR198W 38 1708
YMR199W 20 189
YMR200W 21 502
YMR201C 21 516
YMR202W 33 428
YMR203W 18 358
YMR204C 3 78
YMR205C 39 384
YMR206W 41 1057
YMR207C 69 1584
YMR208W 28 621
YMR209C 24 953
YMR210W 24 671
YMR211W 12 317
YMR212C 28 753
YMR213W 19 1082
YMR214W 13 100
YMR215W 25 446
YMR216C 35 964
YMR217W 18 647
YMR218C 16 301
YMR219W 64 1304
YMR220W 33 665
YMR221C 21 640
YMR222C 5 101
YMR223W 18 280
YMR224C 44 563
YMR225C 21 431
YMR226C 14 344
YMR227C 17 284
YMR228W 12 138
YMR229C 39 851
YMR230W 10 581
YMR230W-A 19 680
YMR231W 45 910
YMR232W 24 398
YMR233W 13 238
YMR234W 15 252
YMR235C 15 226
YMR236W 8 80
YMR237W 26 787
YMR238W 24 569
YMR239C 20 775
YMR240C 24 1119
YMR241W 32 1359
YMR242C 11 310
YMR242W-A 1 1
YMR243C 25 912
YMR244W 33 1036
YMR244C-A 10 200
YMR245W 43 4546
YMR246W 85 4723
YMR247C 47 1181
YMR247W-A 2 5
YMR250W 29 1642
YMR251W 68 4336
YMR251W-A 0 0
YMR252C 20 487
YMR253C 24 341
YMR254C 15 1027
YMR255W 2 24
YMR256C 2 44
YMR257C 23 517
YMR258C 24 336
YMR259C 18 219
YMR260C 1 2
YMR261C 32 660
YMR262W 16 202
YMR263W 5 33
YMR264W 13 760
YMR265C 32 456
YMR266W 33 427
YMR267W 26 708
YMR268C 4 48
YMR269W 5 37
YMR270C 14 161
YMR271C 17 1350
YMR272C 18 951
YMR272W-A 1 15
YMR272W-B 2 15
YMR273C 31 602
YMR274C 16 123
YMR275C 29 544
YMR276W 25 2730
YMR277W 22 380
YMR278W 25 300
YMR279C 19 593
YMR280C 64 1136
YMR281W 15 426
YMR282C 13 1083
YMR283C 21 439
YMR284W 28 683
YMR285C 28 2280
YMR286W 1 1
YMR287C 28 517
YMR288W 32 401
YMR289W 26 834
YMR290C 8 231
YMR290W-A 4 181
YMR291W 31 5339
YMR292W 9 217
YMR293C 26 476
YMR294W 16 178
YMR294W-A 4 23
YMR295C 13 119
YMR296C 53 4649
YMR297W 33 1236
YMR298W 7 206
YMR299C 8 365
YMR300C 26 141
YMR301C 32 1506
YMR302C 28 377
YMR303C 17 12862
YMR304W 51 951
YMR304C-A 5 127
YMR305C 9 271
YMR306W 70 8050
YMR306C-A 13 2098
YMR307W 24 842
YMR307C-A 2 5
YMR308C 27 726
YMR309C 19 387
YMR310C 15 1066
YMR311C 10 121
YMR312W 1 6
YMR313C 20 512
YMR314W 6 111
YMR315W 22 425
YMR315W-A 9 143
YMR316W 22 457
YMR316C-A 8 58
YMR316C-B 0 0
YMR317W 19 1604
YMR318C 35 1333
YMR319C 42 2356
YMR320W 10 280
YMR321C 1 28
YMR322C 0 0
YMR323W 7 210
YMR324C 4 15
YMR325W 2 9
YMR326C 6 1476
YNL339C 0 0
YNL339W-B 0 0
YNL339W-A 0 0
YNL338W 3 5
YNL337W 4 86
YNL336W 3 74
YNL335W 1 4
YNL334C 1 57
YNL333W 1 14
YNL332W 2 7
YNL331C 15 810
YNL330C 26 719
YNL329C 45 857
YNL328C 9 212
YNL327W 25 371
YNL326C 20 231
YNL325C 37 985
YNL324W 5 132
YNL323W 13 187
YNL322C 5 275
YNL321W 47 2210
YNL320W 17 256
YNL319W 1 1
YNL318C 15 206
YNL317W 21 887
YNL316C 12 345
YNL315C 7 422
YNL314W 29 459
YNL313C 26 526
YNL312W 4 68
YNL311C 34 873
YNL310C 10 362
YNL309W 38 864
YNL308C 15 287
YNL307C 13 245
YNL306W 4 49
YNL305C 17 298
YNL304W 38 1760
YNL303W 15 308
YNL302C 1 4
YNL301C 32 648
YNL300W 4 340
YNL299W 26 2306
YNL298W 24 1659
YNL297C 28 871
YNL296W 1 3
YNL295W 18 329
YNL294C 18 444
YNL293W 35 693
YNL292W 15 279
YNL291C 21 279
YNL290W 21 214
YNL289W 29 406
YNL288W 19 455
YNL287W 24 706
YNL286W 20 604
YNL285W 21 3173
YNL284C 16 230
YNL283C 34 920
YNL282W 17 939
YNL281W 13 544
YNL280C 22 1097
YNL279W 49 2635
YNL278W 72 3908
YNL277W-A 16 1511
YNL277W 41 1873
YNL276C 16 1279
YNL275W 20 366
YNL274C 20 162
YNL273W 25 584
YNL272C 17 333
YNL271C 29 894
YNL270C 25 355
YNL269W 32 3064
YNL268W 33 1116
YNL267W 38 794
YNL266W 3 3
YNL265C 20 376
YNL264C 25 1719
YNL263C 10 199
YNL262W 82 2017
YNL261W 12 296
YNL260C 3 7
YNL259C 11 193
YNL258C 17 167
YNL257C 49 1428
YNL256W 22 997
YNL255C 6 74
YNL254C 22 690
YNL253W 18 754
YNL252C 9 360
YNL251C 47 1578
YNL250W 29 1157
YNL249C 29 448
YNL248C 8 71
YNL247W 17 296
YNL246W 19 194
YNL245C 9 88
YNL244C 13 540
YNL243W 60 1878
YNL242W 74 2365
YNL241C 49 1381
YNL240C 71 3219
YNL239W 23 266
YNL238W 36 838
YNL237W 19 321
YNL236W 32 1041
YNL235C 11 825
YNL234W 24 676
YNL233W 27 481
YNL232W 24 380
YNL231C 40 2008
YNL230C 48 2016
YNL229C 16 381
YNL228W 17 1385
YNL227C 20 1411
YNL226W 10 523
YNL225C 17 477
YNL224C 36 1726
YNL223W 14 337
YNL222W 11 326
YNL221C 37 1163
YNL220W 20 674
YNL219C 26 1195
YNL218W 34 872
YNL217W 34 1810
YNL216W 45 892
YNL215W 4 90
YNL214W 10 107
YNL213C 8 453
YNL212W 27 672
YNL211C 7 143
YNL210W 3 18
YNL209W 15 11169
YNL208W 19 205
YNL207W 6 125
YNL206C 13 268
YNL205C 10 1607
YNL204C 6 81
YNL203C 10 213
YNL202W 21 2312
YNL201C 20 378
YNL200C 10 252
YNL199C 18 553
YNL198C 8 399
YNL197C 14 407
YNL196C 24 569
YNL195C 21 639
YNL194C 18 148
YNL193W 18 244
YNL192W 44 1054
YNL191W 34 1771
YNL190W 17 237
YNL189W 8 301
YNL188W 13 229
YNL187W 28 313
YNL186W 33 389
YNL185C 7 67
YNL184C 3 3
YNL183C 27 753
YNL182C 20 378
YNL181W 12 265
YNL180C 13 274
YNL179C 19 370
YNL178W 0 0
YNL177C 4 7
YNL176C 27 426
YNL175C 13 157
YNL174W 1 16
YNL173C 20 803
YNL172W 48 1202
YNL171C 7 33
YNL170W 2 87
YNL169C 18 304
YNL168C 21 1558
YNL167C 16 94
YNL166C 19 584
YNL165W 13 561
YNL164C 17 779
YNL163C 43 981
YNL162W-A 2 338
YNL162W 4 18
YNL161W 20 273
YNL160W 19 743
YNL159C 9 68
YNL158W 20 401
YNL157W 7 87
YNL156C 16 275
YNL155W 12 62
YNL154C 40 2637
YNL153C 17 2304
YNL152W 8 58
YNL151C 17 372
YNL150W 4 734
YNL149C 6 113
YNL148C 68 8581
YNL147W 6 172
YNL146C-A 9 764
YNL146W 10 1530
YNL145W 5 134
YNL144C 57 1673
YNL144W-A 3 25
YNL143C 10 94
YNL142W 40 597
YNL141W 22 395
YNL140C 14 127
YNL139C 52 967
YNL138W-A 7 254
YNL138W 12 473
YNL137C 16 222
YNL136W 23 303
YNL135C 4 22
YNL134C 22 391
YNL133C 8 140
YNL132W 16 234
YNL131W 0 0
YNL130C 12 156
YNL130C-A 2 57
YNL129W 4 84
YNL128W 23 5783
YNL127W 29 930
YNL126W 33 535
YNL125C 44 1992
YNL124W 20 352
YNL123W 35 634
YNL122C 10 188
YNL121C 13 416
YNL120C 7 53
YNL119W 23 397
YNL118C 17 279
YNL117W 42 1162
YNL116W 29 817
YNL115C 37 404
YNL114C 4 117
YNL113W 4 121
YNL112W 52 1086
YNL111C 4 111
YNL110C 11 313
YNL109W 3 14
YNL108C 13 883
YNL107W 7 44
YNL106C 55 2067
YNL105W 9 940
YNL104C 45 2041
YNL103W-A 4 99
YNL103W 20 397
YNL102W 45 1038
YNL101W 36 717
YNL100W 18 300
YNL099C 15 376
YNL098C 10 100
YNL097C-B 7 1604
YNL097C 23 1249
YNL097W-A 7 28
YNL096C 12 355
YNL095C 24 352
YNL094W 19 309
YNL093W 11 216
YNL092W 33 1816
YNL091W 36 484
YNL090W 3 170
YNL089C 3 170
YNL088W 34 683
YNL087W 57 5139
YNL086W 5 35
YNL085W 23 590
YNL084C 12 1041
YNL083W 21 674
YNL082W 18 562
YNL081C 7 42
YNL080C 18 305
YNL079C 10 448
YNL078W 29 909
YNL077W 27 296
YNL076W 22 265
YNL075W 9 191
YNL074C 29 671
YNL073W 28 701
YNL072W 29 1346
YNL071W 18 347
YNL070W 2 3
YNL069C 6 185
YNL068C 38 1148
YNL067W-A 7 94
YNL067W-B 4 116
YNL067W 20 1046
YNL066W 52 3102
YNL065W 23 457
YNL064C 28 488
YNL063W 11 316
YNL062C 14 677
YNL061W 19 659
YNL059C 16 225
YNL058C 8 77
YNL057W 1 3
YNL056W 10 996
YNL055C 27 1419
YNL054W 32 425
YNL053W 48 2017
YNL052W 19 303
YNL051W 17 320
YNL050C 14 523
YNL049C 23 419
YNL048W 20 469
YNL047C 21 282
YNL046W 12 219
YNL045W 22 203
YNL044W 5 59
YNL043C 3 65
YNL042W-B 15 209
YNL042W 23 800
YNL041C 18 889
YNL040W 19 288
YNL039W 23 893
YNL038W 8 129
YNL037C 40 652
YNL036W 35 870
YNL035C 19 206
YNL034W 12 31
YNL033W 0 0
YNL032W 13 192
YNL031C 7 127
YNL030W 8 145
YNL029C 25 518
YNL028W 22 607
YNL027W 19 692
YNL026W 10 166
YNL025C 15 177
YNL024C-A 5 37
YNL024C 38 1616
YNL023C 47 1177
YNL022C 23 366
YNL021W 18 200
YNL020C 40 942
YNL019C 0 0
YNL018C 14 2097
YNL017C 10 204
YNL016W 23 374
YNL015W 0 0
YNL014W 34 6409
YNL013C 0 0
YNL012W 40 1668
YNL011C 9 93
YNL010W 15 498
YNL009W 24 755
YNL008C 44 1860
YNL007C 12 181
YNL006W 19 249
YNL005C 19 539
YNL004W 76 4715
YNL003C 18 1095
YNL002C 11 572
YNL001W 41 1122
YNR001C 68 4444
YNR001W-A 6 356
YNR002C 72 6861
YNR003C 31 1255
YNR003W-A 5 11
YNR004W 7 159
YNR005C 5 111
YNR006W 23 429
YNR007C 14 280
YNR008W 51 1699
YNR009W 16 601
YNR010W 8 96
YNR011C 31 780
YNR012W 14 181
YNR013C 59 1022
YNR014W 22 398
YNR015W 49 6801
YNR016C 140 3778
YNR017W 33 1190
YNR018W 41 1144
YNR019W 50 17890
YNR020C 17 304
YNR021W 17 494
YNR022C 6 147
YNR023W 9 346
YNR024W 2 16
YNR025C 3 23
YNR026C 14 129
YNR027W 16 836
YNR028W 18 515
YNR029C 22 704
YNR030W 10 162
YNR031C 83 2985
YNR032W 29 1693
YNR032C-A 4 82
YNR033W 43 5552
YNR034W 23 1960
YNR034W-A 7 19
YNR035C 6 411
YNR036C 15 337
YNR037C 6 176
YNR038W 14 453
YNR039C 28 723
YNR040W 24 533
YNR041C 15 478
YNR042W 4 82
YNR043W 9 246
YNR044W 27 559
YNR045W 18 204
YNR046W 8 145
YNR047W 42 1197
YNR048W 16 520
YNR049C 15 284
YNR050C 26 463
YNR051C 17 247
YNR052C 30 1059
YNR053C 15 209
YNR054C 22 1142
YNR055C 43 1743
YNR056C 32 565
YNR057C 40 7571
YNR058W 33 1054
YNR059W 24 501
YNR060W 32 883
YNR061C 7 177
YNR062C 6 53
YNR063W 15 200
YNR064C 22 562
YNR065C 20 989
YNR066C 28 859
YNR067C 31 679
YNR068C 4 35
YNR069C 21 361
YNR070W 37 412
YNR071C 27 1587
YNR072W 25 228
YNR073C 14 519
YNR074C 13 107
YNR075W 16 259
YNR075C-A 10 562
YNR076W 0 0
YNR077C 0 0
YOL166W-A 7 2749
YOL166C 5 77
YOL165C 6 62
YOL164W-A 2 8
YOL164W 30 809
YOL163W 9 291
YOL162W 3 53
YOL161C 3 9
YOL160W 6 280
YOL159C-A 5 515
YOL159C 11 370
YOL158C 37 1540
YOL157C 22 836
YOL156W 8 937
YOL155W-A 0 0
YOL155C 23 199
YOL154W 5 41
YOL152W 39 1260
YOL151W 11 88
YOL150C 1 3
YOL149W 6 70
YOL148C 15 192
YOL147C 16 388
YOL146W 10 233
YOL145C 26 641
YOL144W 11 54
YOL143C 12 414
YOL142W 12 445
YOL141W 47 1601
YOL140W 22 425
YOL139C 4 18
YOL138C 53 1166
YOL137W 26 1351
YOL136C 10 168
YOL135C 9 320
YOL134C 10 347
YOL133W 4 60
YOL132W 18 294
YOL131W 6 28
YOL130W 26 615
YOL129W 15 714
YOL128C 14 300
YOL127W 0 0
YOL126C 42 1296
YOL125W 28 4025
YOL124C 27 444
YOL123W 29 710
YOL122C 31 1249
YOL121C 9 123
YOL120C 16 341
YOL119C 20 204
YOL118C 22 1454
YOL117W 30 2515
YOL116W 20 354
YOL115W 34 655
YOL114C 7 122
YOL113W 27 415
YOL112W 30 1113
YOL111C 23 308
YOL110W 63 18561
YOL109W 1 13
YOL108C 10 66
YOL107W 18 281
YOL106W 9 260
YOL105C 12 169
YOL104C 8 296
YOL103W 13 240
YOL102C 8 272
YOL101C 7 117
YOL100W 18 638
YOL099C 3 93
YOL098C 59 1608
YOL097W-A 9 166
YOL097C 22 1279
YOL096C 24 566
YOL095C 24 488
YOL094C 15 510
YOL093W 6 93
YOL092W 15 323
YOL091W 11 70
YOL090W 28 630
YOL089C 38 868
YOL088C 4 57
YOL087C 30 669
YOL086W-A 13 279
YOL086C 32 467
YOL085W-A 14 980
YOL085C 30 1514
YOL084W 68 1158
YOL083W 8 142
YOL083C-A 2 4
YOL082W 26 529
YOL081W 100 2648
YOL080C 6 105
YOL079W 2 9
YOL078W 48 829
YOL077W-A 5 82
YOL077C 9 409
YOL076W 14 166
YOL075C 40 1074
YOL073C 17 409
YOL072W 16 452
YOL071W 3 6
YOL070C 19 335
YOL069W 18 418
YOL068C 34 613
YOL067C 6 257
YOL066C 23 250
YOL065C 13 186
YOL064C 11 405
YOL063C 28 656
YOL062C 11 64
YOL061W 23 471
YOL060C 56 2152
YOL059W 42 850
YOL058W 42 1660
YOL057W 23 315
YOL056W 12 106
YOL055C 25 484
YOL054W 25 543
YOL053W 36 2631
YOL052C-A 2 103
YOL052C 34 661
YOL051W 28 1350
YOL050C 3 120
YOL049W 21 424
YOL048C 8 87
YOL047C 9 330
YOL046C 7 1064
YOL045W 24 1366
YOL044W 8 60
YOL043C 12 2308
YOL042W 18 320
YOL041C 21 311
YOL040C 1 1
YOL039W 1 1
YOL038C-A 3 59
YOL038W 15 190
YOL037C 7 48
YOL036W 27 509
YOL035C 3 119
YOL034W 36 939
YOL033W 16 841
YOL032W 10 53
YOL031C 24 1033
YOL030W 25 3354
YOL029C 13 314
YOL028C 15 254
YOL027C 18 350
YOL026C 21 459
YOL025W 21 534
YOL024W 6 161
YOL023W 19 348
YOL022C 11 329
YOL021C 44 1375
YOL020W 38 965
YOL019W-A 13 1279
YOL019W 18 682
YOL018C 15 270
YOL017W 35 1461
YOL016C 25 452
YOL015W 17 415
YOL014W 2 27
YOL013W-B 2 16
YOL013W-A 14 339
YOL013C 22 276
YOL012C 8 137
YOL011W 42 978
YOL010W 16 306
YOL009C 20 628
YOL008W 9 863
YOL007C 32 7307
YOL006C 22 768
YOL005C 7 799
YOL004W 59 1297
YOL003C 35 2754
YOL002C 48 35620
YOL001W 35 2072
YOR001W 57 2174
YOR002W 44 2036
YOR003W 49 915
YOR004W 17 383
YOR005C 59 1465
YOR006C 17 236
YOR007C 11 195
YOR008C 4 19
YOR008C-A 6 84
YOR008W-B 3 65
YOR009W 3 150
YOR010C 4 158
YOR011W 44 1178
YOR011W-A 5 104
YOR012W 7 86
YOR013W 17 331
YOR014W 25 739
YOR015W 3 25
YOR016C 7 53
YOR017W 26 453
YOR018W 36 805
YOR019W 26 2031
YOR020C 3 16
YOR020W-A 3 24
YOR021C 7 348
YOR022C 38 1078
YOR023C 23 585
YOR024W 19 455
YOR025W 18 448
YOR026W 40 1580
YOR027W 43 1138
YOR028C 22 769
YOR029W 22 1301
YOR030W 27 823
YOR031W 11 137
YOR032C 11 119
YOR032W-A 16 390
YOR033C 21 898
YOR034C 41 796
YOR034C-A 14 250
YOR035C 18 389
YOR036W 5 19
YOR037W 28 781
YOR038C 31 717
YOR039W 11 331
YOR040W 26 1187
YOR041C 9 339
YOR042W 25 679
YOR043W 17 478
YOR044W 15 408
YOR045W 0 0
YOR046C 27 926
YOR047C 3 35
YOR048C 19 202
YOR049C 21 1241
YOR050C 15 359
YOR051C 17 332
YOR052C 11 127
YOR053W 5 78
YOR054C 32 925
YOR055W 10 247
YOR056C 17 279
YOR057W 17 640
YOR058C 25 945
YOR059C 22 2551
YOR060C 15 616
YOR061W 18 405
YOR062C 28 697
YOR063W 7 165
YOR064C 14 145
YOR065W 16 352
YOR066W 27 1011
YOR067C 14 202
YOR069W 21 844
YOR068C 1 54
YOR070C 21 189
YOR071C 32 577
YOR072W 24 978
YOR072W-A 16 735
YOR072W-B 6 32
YOR073W 13 92
YOR074C 13 246
YOR073W-A 1 59
YOR075W 7 102
YOR076C 41 3654
YOR077W 19 2444
YOR078W 5 33
YOR079C 17 856
YOR080W 18 365
YOR081C 42 751
YOR082C 12 245
YOR083W 41 1595
YOR084W 38 698
YOR085W 29 800
YOR086C 35 745
YOR087W 26 406
YOR089C 9 277
YOR090C 38 1127
YOR091W 33 1481
YOR092W 29 800
YOR093C 47 1409
YOR094W 4 64
YOR095C 19 287
YOR096W 10 525
YOR097C 10 270
YOR098C 32 527
YOR099W 31 509
YOR100C 22 619
YOR101W 11 819
YOR102W 1 4
YOR103C 1 4
YOR104W 16 262
YOR105W 5 127
YOR106W 9 52
YOR107W 18 525
YOR108W 33 477
YOR108C-A 1 4
YOR109W 33 681
YOR110W 15 309
YOR111W 7 123
YOR112W 17 468
YOR113W 25 264
YOR114W 20 1109
YOR115C 7 118
YOR116C 30 591
YOR117W 18 211
YOR118W 25 753
YOR119C 15 559
YOR120W 30 1347
YOR121C 6 62
YOR122C 7 39
YOR123C 18 390
YOR124C 45 1187
YOR125C 6 20
YOR126C 15 1010
YOR127W 31 643
YOR128C 14 351
YOR129C 17 476
YOR130C 15 13857
YOR131C 13 239
YOR132W 22 470
YOR133W 5 22
YOR134W 45 4070
YOR135C 7 105
YOR136W 13 419
YOR137C 22 721
YOR138C 63 911
YOR139C 3 94
YOR140W 37 419
YOR141C 34 873
YOR142W 21 729
YOR143C 14 326
YOR144C 31 406
YOR145C 7 230
YOR146W 2 89
YOR147W 12 95
YOR148C 16 263
YOR149C 25 379
YOR150W 5 37
YOR151C 47 827
YOR152C 1 1
YOR153W 74 1779
YOR154W 16 545
YOR155C 17 402
YOR156C 12 289
YOR157C 13 299
YOR158W 15 354
YOR159C 8 115
YOR160W 27 360
YOR161C 37 848
YOR161W-A 0 0
YOR161W-B 6 169
YOR161C-C 16 682
YOR162C 58 2465
YOR163W 8 74
YOR164C 11 193
YOR165W 34 776
YOR166C 21 281
YOR167C 3 23
YOR168W 27 596
YOR169C 7 232
YOR170W 5 46
YOR171C 17 350
YOR172W 28 806
YOR173W 22 401
YOR174W 14 578
YOR175C 32 355
YOR176W 31 397
YOR177C 23 476
YOR178C 25 608
YOR179C 28 1078
YOR180C 5 80
YOR181W 14 195
YOR182C 6 59
YOR183W 25 589
YOR184W 10 169
YOR185C 5 349
YOR186W 24 1960
YOR186C-A 15 1759
YOR187W 30 525
YOR188W 29 314
YOR189W 5 61
YOR190W 15 777
YOR191W 39 984
YOR192C 21 324
YOR192C-C 0 0
YOR193W 9 201
YOR194C 1 2
YOR195W 19 516
YOR196C 12 395
YOR197W 27 729
YOR198C 15 514
YOR199W 19 3991
YOR200W 3 96
YOR201C 10 466
YOR202W 29 1137
YOR203W 23 674
YOR204W 31 415
YOR205C 43 1257
YOR206W 9 241
YOR207C 32 1015
YOR208W 6 1325
YOR209C 22 287
YOR210W 4 71
YOR211C 45 1102
YOR212W 27 1104
YOR213C 21 684
YOR214C 9 511
YOR215C 6 19
YOR216C 33 1106
YOR217W 26 463
YOR218C 4 36
YOR219C 38 950
YOR220W 12 168
YOR221C 22 690
YOR222W 63 6099
YOR223W 20 316
YOR224C 6 74
YOR225W 9 195
YOR226C 10 422
YOR227W 62 1328
YOR228C 19 529
YOR229W 42 1791
YOR230W 32 965
YOR231W 33 1122
YOR231C-A 6 109
YOR232W 6 28
YOR233W 34 656
YOR234C 13 187
YOR235W 12 276
YOR236W 13 276
YOR237W 9 406
YOR238W 23 342
YOR239W 21 472
YOR241W 21 476
YOR242C 26 596
YOR243C 17 403
YOR244W 16 199
YOR245C 11 142
YOR246C 13 198
YOR247W 9 1212
YOR248W 7 180
YOR249C 24 253
YOR250C 19 311
YOR251C 14 4065
YOR252W 9 182
YOR253W 14 426
YOR254C 30 624
YOR255W 9 272
YOR256C 26 451
YOR257W 1 9
YOR258W 4 52
YOR259C 17 449
YOR260W 20 405
YOR261C 12 86
YOR262W 14 145
YOR263C 4 38
YOR264W 15 238
YOR265W 7 1706
YOR266W 14 570
YOR267C 32 2238
YOR268C 45 3131
YOR269W 26 608
YOR270C 63 3076
YOR271C 20 665
YOR272W 9 564
YOR273C 43 1122
YOR274W 40 1971
YOR275C 32 803
YOR276W 15 392
YOR277C 9 262
YOR278W 9 266
YOR279C 24 795
YOR280C 11 261
YOR281C 12 140
YOR282W 18 1808
YOR283W 19 458
YOR284W 9 162
YOR285W 12 274
YOR286W 6 371
YOR287C 6 60
YOR288C 10 253
YOR289W 31 5404
YOR290C 28 346
YOR291W 57 1773
YOR292C 17 363
YOR293W 12 176
YOR293C-A 6 89
YOR294W 4 146
YOR295W 18 427
YOR296W 62 11485
YOR297C 8 120
YOR298W 32 1034
YOR298C-A 13 500
YOR299W 39 2223
YOR300W 18 3337
YOR301W 59 9346
YOR302W 3 13
YOR303W 41 10602
YOR304W 45 1267
YOR304C-A 2 3
YOR305W 4 32
YOR306C 31 574
YOR307C 23 10373
YOR308C 13 573
YOR309C 1 5
YOR310C 10 185
YOR311C 8 403
YOR312C 3 64
YOR313C 9 75
YOR314W 4 143
YOR314W-A 8 4620
YOR315W 17 375
YOR316C 42 903
YOR316C-A 41 15970
YOR317W 43 1489
YOR318C 58 8716
YOR319W 3 282
YOR320C 14 231
YOR321W 40 998
YOR322C 40 803
YOR323C 10 132
YOR324C 32 747
YOR325W 16 377
YOR326W 43 1553
YOR327C 10 149
YOR328W 83 3418
YOR329C 32 844
YOR329W-A 5 178
YOR330C 30 496
YOR331C 10 130
YOR332W 12 88
YOR333C 7 136
YOR334W 15 301
YOR335C 41 896
YOR335W-A 0 0
YOR336W 52 1252
YOR337W 41 1480
YOR338W 27 601
YOR339C 4 59
YOR340C 12 214
YOR341W 32 477
YOR342C 20 1095
YOR343C 35 2365
YOR344C 21 920
YOR345C 4 17
YOR346W 41 735
YOR347C 18 222
YOR348C 255 62045
YOR349W 69 2251
YOR350C 41 3367
YOR351C 21 475
YOR352W 13 314
YOR353C 24 305
YOR354C 30 786
YOR355W 20 329
YOR356W 31 451
YOR357C 17 3404
YOR358W 24 358
YOR359W 16 536
YOR360C 18 12875
YOR361C 38 1537
YOR362C 11 93
YOR363C 49 3213
YOR364W 29 1343
YOR365C 42 1198
YOR366W 4 27
YOR367W 7 92
YOR368W 26 1416
YOR369C 9 85
YOR370C 25 453
YOR371C 76 4306
YOR372C 15 308
YOR373W 37 858
YOR374W 43 2328
YOR375C 36 719
YOR376W 19 739
YOR376W-A 0 0
YOR377W 33 1895
YOR378W 29 1540
YOR379C 19 1514
YOR380W 37 1736
YOR381W 31 1755
YOR381W-A 6 73
YOR382W 3 6
YOR383C 9 58
YOR384W 24 556
YOR385W 19 279
YOR386W 8 448
YOR387C 4 15
YOR388C 3 19
YOR389W 12 661
YOR390W 3 62
YOR391C 7 107
YOR392W 8 51
YOR393W 0 0
YOR394W 0 0
YOR394C-A 1 1
YOR396W 0 0
YOR396C-A 0 0
YPL283C 0 0
YPL283W-B 0 0
YPL283W-A 0 0
YPL282C 0 0
YPL281C 1 1
YPL280W 0 0
YPL279C 2 27
YPL278C 0 0
YPL277C 22 275
YPL274W 50 3169
YPL273W 8 163
YPL272C 7 110
YPL271W 3 221
YPL270W 39 1037
YPL269W 33 1252
YPL268W 26 1157
YPL267W 4 28
YPL266W 19 1201
YPL265W 66 1930
YPL264C 13 1906
YPL263C 39 1531
YPL262W 32 719
YPL261C 11 357
YPL260W 16 243
YPL259C 21 485
YPL258C 29 1824
YPL257W 7 41
YPL256C 30 550
YPL255W 14 425
YPL254W 16 372
YPL253C 24 1160
YPL252C 11 123
YPL251W 5 40
YPL250C 22 899
YPL249C-A 5 87
YPL250W-A 4 51
YPL249C 32 868
YPL248C 32 252
YPL247C 42 796
YPL246C 20 420
YPL245W 35 2011
YPL244C 35 1638
YPL243W 11 220
YPL242C 56 1803
YPL241C 7 115
YPL240C 38 1930
YPL239W 11 251
YPL238C 1 21
YPL237W 2 70
YPL236C 13 191
YPL235W 7 78
YPL234C 7 24
YPL233W 10 561
YPL232W 18 206
YPL231W 110 2984
YPL230W 25 614
YPL229W 17 391
YPL228W 15 326
YPL227C 21 424
YPL226W 35 367
YPL225W 1 54
YPL224C 38 2609
YPL223C 12 288
YPL222W 32 890
YPL222C-A 1 3
YPL221W 76 4821
YPL220W 4 19
YPL219W 33 2572
YPL218W 17 193
YPL217C 41 805
YPL216W 33 708
YPL215W 13 254
YPL214C 41 1092
YPL213W 13 177
YPL212C 25 539
YPL211W 12 85
YPL210C 22 909
YPL209C 10 62
YPL208W 30 474
YPL207W 30 682
YPL206C 26 494
YPL205C 13 252
YPL204W 23 527
YPL203W 25 1929
YPL202C 28 269
YPL201C 20 430
YPL200W 4 76
YPL199C 10 223
YPL198W 36 725
YPL197C 4 47
YPL196W 12 331
YPL195W 17 299
YPL194W 16 150
YPL193W 15 401
YPL192C 1 7
YPL191C 17 659
YPL190C 27 248
YPL189C-A 3 16
YPL189W 29 1364
YPL188W 25 2212
YPL187W 2 7
YPL186C 36 1429
YPL185W 39 5489
YPL184C 25 846
YPL183W-A 7 44
YPL183C 31 835
YPL182C 10 171
YPL181W 22 450
YPL180W 34 337
YPL179W 34 1319
YPL178W 8 77
YPL177C 13 3815
YPL176C 40 967
YPL175W 25 440
YPL174C 15 460
YPL173W 7 21
YPL172C 12 97
YPL171C 38 807
YPL170W 27 1751
YPL169C 9 150
YPL168W 20 385
YPL167C 31 14651
YPL166W 12 133
YPL165C 6 47
YPL164C 30 1150
YPL163C 8 70
YPL162C 14 78
YPL161C 19 514
YPL160W 41 780
YPL159C 7 60
YPL158C 30 296
YPL157W 27 535
YPL156C 23 1212
YPL155C 67 5100
YPL154C 16 907
YPL153C 38 1852
YPL152W-A 0 0
YPL152W 9 79
YPL151C 36 739
YPL150W 20 307
YPL149W 5 122
YPL148C 4 41
YPL147W 27 1234
YPL146C 9 87
YPL145C 5 88
YPL144W 26 763
YPL143W 6 208
YPL142C 0 0
YPL141C 46 1350
YPL140C 16 190
YPL139C 9 198
YPL138C 11 115
YPL137C 62 1443
YPL136W 3 101
YPL135W 17 374
YPL135C-A 8 234
YPL134C 27 681
YPL133C 43 1679
YPL132W 12 228
YPL131W 8 294
YPL130W 2 98
YPL129W 1 1
YPL128C 12 266
YPL127C 14 221
YPL126W 13 292
YPL125W 31 715
YPL124W 23 507
YPL123C 8 662
YPL122C 15 256
YPL121C 9 423
YPL120W 17 256
YPL119C-A 3 10
YPL119C 30 633
YPL118W 11 164
YPL117C 10 232
YPL116W 25 204
YPL115C 31 1155
YPL114W 15 131
YPL113C 30 1248
YPL112C 8 120
YPL111W 82 38696
YPL110C 59 2868
YPL109C 40 840
YPL108W 22 1055
YPL107W 27 1092
YPL106C 22 365
YPL105C 33 717
YPL104W 19 1129
YPL103C 27 1217
YPL102C 8 299
YPL101W 22 514
YPL100W 15 229
YPL099C 4 96
YPL098C 2 7
YPL097W 21 584
YPL096C-A 5 168
YPL096W 20 438
YPL095C 26 3568
YPL094C 21 414
YPL093W 23 223
YPL092W 42 2965
YPL091W 21 195
YPL090C 3 50
YPL089C 32 635
YPL088W 19 761
YPL087W 6 300
YPL086C 18 543
YPL085W 56 956
YPL084W 15 316
YPL083C 15 307
YPL082C 68 2430
YPL081W 26 506
YPL080C 16 1079
YPL079W 6 24
YPL078C 7 51
YPL077C 16 564
YPL076W 4 34
YPL075W 34 551
YPL074W 20 755
YPL073C 4 40
YPL072W 17 717
YPL071C 8 63
YPL070W 20 308
YPL069C 20 435
YPL068C 16 266
YPL067C 47 2429
YPL066W 30 675
YPL065W 10 212
YPL064C 14 185
YPL063W 21 472
YPL062W 36 2855
YPL061W 50 3889
YPL060W 21 252
YPL059W 10 226
YPL058C 56 1539
YPL057C 27 1064
YPL056C 23 2701
YPL055C 34 944
YPL054W 16 231
YPL053C 28 1354
YPL052W 8 132
YPL051W 10 73
YPL050C 6 35
YPL049C 25 373
YPL048W 19 359
YPL047W 5 98
YPL046C 4 128
YPL045W 32 1289
YPL044C 7 256
YPL043W 21 572
YPL042C 26 262
YPL041C 14 238
YPL040C 27 503
YPL039W 14 243
YPL038W-A 5 52
YPL038W 14 558
YPL037C 0 0
YPL036W 32 818
YPL035C 1 3
YPL034W 6 111
YPL033C 8 258
YPL032C 24 376
YPL031C 33 746
YPL030W 25 444
YPL029W 24 483
YPL028W 14 473
YPL027W 10 141
YPL026C 24 762
YPL025C 20 1122
YPL024W 24 335
YPL023C 9 2459
YPL022W 34 647
YPL021W 9 178
YPL020C 24 357
YPL019C 33 320
YPL018W 24 761
YPL017C 36 1034
YPL016W 41 1026
YPL015C 47 1943
YPL014W 38 1650
YPL013C 11 103
YPL012W 34 954
YPL011C 14 436
YPL010W 7 87
YPL009C 23 960
YPL008W 18 233
YPL007C 8 134
YPL006W 61 973
YPL005W 22 242
YPL004C 36 646
YPL003W 53 2898
YPL002C 31 1000
YPL001W 41 932
YPR001W 100 13386
YPR002W 81 8033
YPR002C-A 4 18
YPR003C 23 795
YPR004C 16 146
YPR005C 16 350
YPR006C 53 1644
YPR007C 25 491
YPR008W 54 1334
YPR009W 10 341
YPR010C 21 233
YPR010C-A 3 106
YPR011C 41 1291
YPR012W 5 19527
YPR013C 17 383
YPR014C 5 169
YPR015C 12 144
YPR016C 7 121
YPR016W-A 4 64
YPR017C 7 301
YPR018W 20 655
YPR019W 43 1245
YPR020W 8 26
YPR021C 22 391
YPR022C 51 1841
YPR023C 29 798
YPR024W 9 90
YPR025C 7 70
YPR026W 59 112158
YPR027C 6 137
YPR028W 4 12
YPR029C 20 839
YPR030W 39 609
YPR031W 29 1119
YPR032W 18 196
YPR033C 26 636
YPR034W 15 234
YPR035W 26 1054
YPR036W 57 2849
YPR036W-A 5 285
YPR037C 23 1032
YPR038W 14 608
YPR039W 16 902
YPR040W 36 7390
YPR041W 19 563
YPR042C 28 379
YPR043W 3 59
YPR044C 3 59
YPR045C 14 255
YPR046W 7 100
YPR047W 28 660
YPR048W 20 407
YPR049C 32 627
YPR050C 18 960
YPR051W 25 1109
YPR052C 3 84
YPR053C 12 251
YPR054W 24 595
YPR055W 29 459
YPR056W 14 326
YPR057W 13 228
YPR058W 5 328
YPR059C 2 10
YPR060C 8 118
YPR061C 23 494
YPR062W 23 2703
YPR063C 10 235
YPR064W 31 323
YPR065W 11 223
YPR066W 26 1510
YPR067W 16 646
YPR068C 27 676
YPR069C 16 723
YPR070W 19 516
YPR071W 11 163
YPR072W 13 641
YPR073C 17 193
YPR074C 52 1162
YPR074W-A 12 541
YPR075C 5 59
YPR076W 0 0
YPR077C 14 1790
YPR078C 21 1838
YPR079W 28 496
YPR080W 6 148
YPR081C 23 972
YPR082C 12 171
YPR083W 36 589
YPR084W 14 234
YPR085C 6 30
YPR086W 17 384
YPR087W 11 1566
YPR088C 16 1555
YPR089W 28 386
YPR091C 23 642
YPR092W 19 820
YPR093C 33 2623
YPR094W 11 165
YPR095C 35 604
YPR096C 12 220
YPR097W 55 1098
YPR098C 15 240
YPR099C 10 257
YPR100W 9 254
YPR101W 5 122
YPR102C 1 13
YPR103W 9 222
YPR104C 23 331
YPR105C 22 671
YPR106W 23 476
YPR107C 18 683
YPR108W 10 218
YPR108W-A 9 1610
YPR109W 18 664
YPR110C 5 54
YPR111W 26 750
YPR112C 13 423
YPR113W 16 395
YPR114W 18 284
YPR115W 36 877
YPR116W 7 57
YPR117W 89 2920
YPR118W 8 104
YPR119W 22 425
YPR120C 22 494
YPR121W 29 1281
YPR122W 77 3224
YPR123C 10 166
YPR124W 31 707
YPR125W 15 307
YPR126C 5 79
YPR127W 23 1330
YPR128C 7 565
YPR129W 4 223
YPR130C 4 1043
YPR131C 11 475
YPR132W 1 24
YPR133C 16 4269
YPR133W-A 0 0
YPR134W 10 1318
YPR135W 36 563
YPR136C 3 183
YPR137W 5 208
YPR138C 46 1590
YPR139C 4 60
YPR140W 19 568
YPR141C 23 373
YPR142C 13 534
YPR143W 1 7
YPR144C 17 278
YPR145W 61 4593
YPR145C-A 7 272
YPR146C 14 329
YPR147C 16 308
YPR148C 23 1154
YPR149W 10 590
YPR150W 28 1009
YPR151C 28 956
YPR152C 47 2204
YPR153W 20 287
YPR154W 3 53
YPR155C 23 610
YPR156C 24 489
YPR157W 44 917
YPR158W 16 337
YPR159W 38 972
YPR159C-A 7 59
YPR160W 74 9697
YPR160W-A 1 4
YPR160C-A 12 400
YPR161C 26 621
YPR162C 20 403
YPR163C 7 216
YPR164W 38 614
YPR165W 6 21
YPR166C 3 40
YPR167C 11 142
YPR168W 12 464
YPR169W 26 648
YPR170C 18 1163
YPR169W-A 3 71
YPR170W-B 8 1079
YPR170W-A 6 933
YPR171W 22 663
YPR172W 14 398
YPR173C 10 285
YPR174C 3 82
YPR175W 20 306
YPR176C 7 153
YPR177C 8 287
YPR178W 37 1270
YPR179C 34 698
YPR180W 9 198
YPR181C 19 479
YPR182W 1 1
YPR183W 25 1135
YPR184W 98 6257
YPR185W 31 1556
YPR186C 13 184
YPR187W 4 12
YPR188C 6 172
YPR189W 39 881
YPR190C 27 496
YPR191W 15 507
YPR192W 48 3863
YPR193C 15 313
YPR194C 49 7177
YPR195C 29 3588
YPR196W 34 1441
YPR197C 7 145
YPR198W 13 189
YPR199C 16 1412
YPR200C 2 33
YPR201W 15 288
YPR202W 0 0
YPR203W 0 0
YPR204W 0 0
YPR204C-A 0 0
