YAL069W 23 7593
YAL068W-A 12 8926
YAL068C 1 6
YAL067W-A 1 7
YAL067C 16 352
YAL066W 3 33
YAL065C 9 6966
YAL064W-B 1 2
YAL064C-A 0 0
YAL064W 0 0
YAL063C-A 0 0
YAL063C 12 632
YAL062W 75 2984
YAL061W 63 13151
YAL060W 43 1820
YAL059C-A 6 411
YAL059W 10 677
YAL058W 41 1601
YAL056C-A 10 657
YAL056W 64 4993
YAL055W 8 445
YAL054C 56 4477
YAL053W 45 2864
YAL051W 48 1639
YAL049C 13 211
YAL048C 38 1494
YAL047W-A 7 475
YAL047C 20 2240
YAL046C 10 98
YAL045C 8 177
YAL044W-A 13 738
YAL044C 19 306
YAL043C 38 1053
YAL042C-A 17 1916
YAL042W 34 2823
YAL041W 20 369
YAL040C 21 649
YAL039C 65 3224
YAL038W 30 1504
YAL037C-B 14 867
YAL037C-A 1 2
YAL037W 20 402
YAL036C 26 68131
YAL035W 27 564
YAL034C-B 16 411
YAL034W-A 9 334
YAL034C 30 1772
YAL033W 3 31
YAL032C 20 687
YAL031W-A 2 52
YAL031C 21 793
YAL030W 15 1559
YAL029C 48 2031
YAL028W 17 717
YAL027W 16 2554
YAL026C-A 5 2233
YAL026C 33 1123
YAL025C 7 128
YAL024C 39 913
YAL023C 50 897
YAL022C 22 344
YAL021C 45 1642
YAL020C 26 2296
YAL019W-A 14 413
YAL019W 26 988
YAL018C 11 205
YAL017W 56 3709
YAL016C-B 9 364
YAL016C-A 8 1348
YAL016W 13 216
YAL015C 36 1500
YAL014C 14 344
YAL013W 9 181
YAL012W 32 1512
YAL011W 16 122
YAL010C 15 153
YAL009W 5 99
YAL008W 11 79
YAL007C 13 191
YAL005C 45 1706
YAL004W 10 239
YAL003W 10 298
YAL002W 69 47319
YAL001C 116 7723
YAR002W 57 3487
YAR002C-A 23 645
YAR003W 56 308885
YAR007C 16 156
YAR008W 23 463
YAR014C 28 835
YAR015W 14 235
YAR018C 16 878
YAR019C 33 12976
YAR019W-A 5 18
YAR020C 1 3
YAR023C 11 345
YAR027W 12 237
YAR028W 21 1106
YAR029W 1 22
YAR030C 5 46
YAR031W 12 384
YAR033W 7 268
YAR035W 118 5841
YAR035C-A 3 22
YAR042W 67 2446
YAR047C 0 0
YAR050W 21 696
YAR053W 0 0
YAR060C 0 0
YAR064W 2 16
YAR066W 0 0
YAR068W 1 1
YAR069C 0 0
YAR070C 0 0
YAR071W 0 0
YAR073W 9 35
YAR075W 2 4
YBL113C 2 9
YBL113W-A 1 8
YBL112C 0 0
YBL111C 0 0
YBL109W 17 1422
YBL108C-A 0 0
YBL108W 10 1365
YBL107W-A 0 0
YBL107C 21 778
YBL106C 32 738
YBL105C 33 1086
YBL104C 58 2786
YBL103C 23 962
YBL102W 5 602
YBL101C 73 1757
YBL100W-C 8 670
YBL100C 4 6
YBL099W 26 376
YBL098W 33 544
YBL097W 34 972
YBL096C 11 157
YBL095W 14 452
YBL094C 1 178
YBL093C 20 37364
YBL092W 3 61
YBL091C-A 11 205
YBL091C 31 1818
YBL090W 9 203
YBL089W 19 309
YBL088C 111 2941
YBL087C 14 150
YBL086C 5 36
YBL085W 26 2457
YBL084C 24 445
YBL083C 3 29
YBL082C 28 794
YBL081W 21 495
YBL080C 30 1038
YBL079W 40 1271
YBL078C 0 0
YBL077W 13 504
YBL076C 29 886
YBL075C 39 1022
YBL074C 21 426
YBL073W 21 970
YBL072C 7 105
YBL071C-B 1 1
YBL071W-A 3 20
YBL071C 6 174
YBL070C 7 609
YBL069W 36 1898
YBL068W-A 1 5
YBL068W 12 299
YBL067C 12 263
YBL066C 45 1382
YBL065W 10 97
YBL064C 17 4137
YBL063W 51 2267
YBL062W 4 60
YBL061C 24 351
YBL060W 34 985
YBL059C-A 1 5
YBL059W 9 328
YBL058W 25 657
YBL057C 20 400
YBL056W 21 392
YBL055C 28 548
YBL054W 28 757
YBL053W 2 78
YBL052C 24 914
YBL051C 18 1132
YBL050W 13 404
YBL049W 7 148
YBL048W 2 31
YBL047C 54 1809
YBL046W 22 815
YBL045C 13 90
YBL044W 39 8997
YBL043W 13 142
YBL042C 32 647
YBL041W 8 177
YBL040C 14 464
YBL039W-B 1 1
YBL039C 16 455
YBL039C-A 0 0
YBL038W 17 708
YBL037W 47 1490
YBL036C 10 168
YBL035C 23 381
YBL034C 33 528
YBL033C 20 695
YBL032W 27 407
YBL031W 28 632
YBL030C 21 788
YBL029C-A 8 506
YBL029W 27 717
YBL028C 4 15
YBL027W 3 14
YBL026W 7 105
YBL025W 4 27
YBL024W 20 8547
YBL023C 34 681
YBL022C 29 655
YBL021C 9 189
YBL020W 22 348
YBL019W 22 500
YBL018C 11 356
YBL017C 71 2321
YBL016W 32 1211
YBL015W 65 2195
YBL014C 29 901
YBL013W 66 3213
YBL012C 13 347
YBL011W 30 700
YBL010C 8 129
YBL009W 33 814
YBL008W-A 1 44
YBL008W 33 1052
YBL007C 33 808
YBL006C 10 288
YBL006W-A 3 187
YBL005W 37 440
YBL004W 34 573
YBL003C 9 306
YBL002W 17 1151
YBL001C 25 24439
YBR001C 109 9169
YBR002C 21 299
YBR003W 23 1082
YBR004C 30 485
YBR005W 17 1929
YBR006W 55 4661
YBR007C 36 1444
YBR008C 50 1221
YBR009C 3 33
YBR010W 7 284
YBR011C 10 92
YBR012C 2 24
YBR013C 7 90
YBR014C 6 49
YBR015C 20 234
YBR016W 9 100
YBR017C 22 341
YBR018C 18 502
YBR019C 48 1443
YBR020W 54 1207
YBR021W 24 113899
YBR022W 13 215
YBR023C 43 2138
YBR024W 17 232
YBR025C 19 502
YBR026C 16 541
YBR027C 21 437
YBR028C 5 163
YBR029C 26 366
YBR030W 17 107
YBR031W 3 147
YBR032W 37 4608
YBR033W 51 1942
YBR034C 32 1140
YBR035C 14 463
YBR036C 22 1091
YBR037C 20 328
YBR038W 47 1478
YBR039W 10 156
YBR040W 6 29
YBR041W 11 179
YBR042C 16 271
YBR043C 28 2061
YBR044C 15 1465
YBR045C 20 434
YBR046C 6 136
YBR047W 20 993
YBR048W 6 58
YBR049C 51 1096
YBR050C 20 610
YBR051W 8 351
YBR052C 11 206
YBR053C 21 969
YBR054W 28 2041
YBR055C 37 1141
YBR056W 19 485
YBR056W-A 4 434
YBR056C-B 3 294
YBR057C 12 370
YBR058C 21 347
YBR058C-A 1 1
YBR059C 27 727
YBR060C 25 342
YBR061C 22 470
YBR062C 9 335
YBR063C 7 44
YBR064W 1 1
YBR065C 12 172
YBR066C 12 156
YBR067C 3 56
YBR068C 46 1159
YBR069C 22 536
YBR070C 29 1704
YBR071W 15 368
YBR072W 13 752
YBR072C-A 8 325
YBR073W 25 542
YBR074W 40 1859
YBR076W 16 706
YBR076C-A 9 227
YBR077C 5 142
YBR078W 35 1558
YBR079C 37 767
YBR080C 26 307
YBR081C 40 882
YBR082C 21 1037
YBR083W 32 497
YBR084W 22 1341
YBR084C-A 9 99
YBR085W 13 329
YBR085C-A 6 51
YBR086C 38 1107
YBR087W 12 896
YBR088C 15 239
YBR089W 10 137
YBR089C-A 18 697
YBR090C 28 1102
YBR091C 7 181
YBR092C 18 668
YBR093C 24 557
YBR094W 39 1388
YBR095C 16 269
YBR096W 7 33
YBR097W 28 540
YBR098W 27 823
YBR099C 3 45
YBR101C 5 47
YBR102C 38 564
YBR103W 13 195
YBR103C-A 12 893
YBR104W 21 682
YBR105C 20 537
YBR106W 13 335
YBR107C 10 707
YBR108W 34 863
YBR109C 4 12
YBR109W-A 5 24
YBR110W 9 74
YBR111C 16 590
YBR111W-A 5 95
YBR112C 28 763
YBR113W 4 11
YBR114W 40 2173
YBR115C 68 2024
YBR116C 21 1969
YBR117C 42 2084
YBR118W 3 60
YBR119W 12 549
YBR120C 4 13
YBR121C 3 18
YBR121C-A 0 0
YBR122C 6 145
YBR123C 16 184
YBR124W 15 164
YBR125C 19 577
YBR126C 46 1435
YBR126W-A 9 432
YBR126W-B 8 410
YBR127C 19 157
YBR128C 17 347
YBR129C 7 204
YBR130C 9 181
YBR131W 22 395
YBR131C-A 0 0
YBR132C 29 6191
YBR133C 48 981
YBR134W 24 5058
YBR135W 3 352
YBR136W 57 2297
YBR137W 12 414
YBR138C 25 837
YBR139W 26 505
YBR140C 107 10452
YBR141C 14 371
YBR141W-A 0 0
YBR142W 34 1114
YBR143C 9 168
YBR144C 14 354
YBR145W 25 243
YBR146W 7 281
YBR147W 12 666
YBR148W 30 471
YBR149W 19 676
YBR150C 39 627
YBR151W 25 728
YBR152W 10 217
YBR153W 15 660
YBR154C 1 4
YBR155W 8 82
YBR156C 21 704
YBR157C 17 252
YBR158W 26 1868
YBR159W 18 500
YBR160W 14 669
YBR161W 5 18
YBR162C 22 452
YBR162W-A 4 215
YBR163W 21 334
YBR164C 10 592
YBR165W 6 135
YBR166C 15 460
YBR167C 6 122
YBR168W 7 306
YBR169C 31 928
YBR170C 28 611
YBR171W 8 118
YBR172C 24 1113
YBR173C 2 4
YBR174C 8 158
YBR175W 24 934
YBR176W 8 392
YBR177C 24 780
YBR178W 17 1860
YBR179C 33 461
YBR180W 20 707
YBR181C 6 239
YBR182C 21 622
YBR182C-A 2 10
YBR183W 22 394
YBR184W 16 686
YBR185C 5 42
YBR186W 38 924
YBR187W 6 51
YBR188C 6 79
YBR189W 8 59
YBR190W 1 1
YBR191W 2 11
YBR191W-A 0 0
YBR192W 5 21
YBR193C 12 201
YBR194W 8 210
YBR195C 12 300
YBR196C 26 589
YBR196C-A 12 493
YBR196C-B 5 428
YBR197C 23 1945
YBR198C 17 261
YBR199W 25 593
YBR200W 12 96
YBR200W-A 0 0
YBR201W 5 65
YBR201C-A 6 99
YBR202W 35 1143
YBR203W 47 1362
YBR204C 23 421
YBR205W 20 451
YBR206W 7 113
YBR207W 24 1003
YBR208C 83 2036
YBR209W 18 840
YBR210W 5 65
YBR211C 13 235
YBR212W 21 885
YBR213W 23 1479
YBR214W 33 2860
YBR215W 8 156
YBR216C 22 639
YBR217W 5 26
YBR218C 55 1958
YBR219C 28 2207
YBR220C 33 1872
YBR221C 18 580
YBR221W-A 9 239
YBR222C 32 362
YBR223C 21 428
YBR223W-A 4 171
YBR224W 4 19
YBR225W 16 127
YBR226C 1 2
YBR227C 8 95
YBR228W 16 232
YBR229C 41 780
YBR230C 5 106
YBR230W-A 18 1699
YBR231C 16 284
YBR232C 7 160
YBR233W 21 311
YBR233W-A 2 28
YBR234C 17 309
YBR235W 69 2140
YBR236C 14 281
YBR237W 22 433
YBR238C 20 484
YBR239C 53 3129
YBR240C 21 267
YBR241C 49 11341
YBR242W 17 950
YBR243C 15 185
YBR244W 6 77
YBR245C 36 1449
YBR246W 17 603
YBR247C 4 19
YBR248C 34 1435
YBR249C 14 128
YBR250W 26 1091
YBR251W 13 559
YBR252W 8 295
YBR253W 4 32
YBR254C 8 261
YBR255W 29 843
YBR255C-A 11 1213
YBR256C 10 300
YBR257W 13 192
YBR258C 13 131
YBR259W 17 215
YBR260C 28 653
YBR261C 14 615
YBR262C 9 206
YBR263W 21 352
YBR264C 11 232
YBR265W 9 194
YBR267W 11 100
YBR266C 1 16
YBR268W 7 110
YBR269C 12 198
YBR270C 10 118
YBR271W 31 490
YBR272C 17 966
YBR273C 14 427
YBR274W 17 616
YBR275C 55 1373
YBR276C 40 1253
YBR277C 9 439
YBR278W 16 589
YBR279W 12 366
YBR280C 28 1827
YBR281C 20 408
YBR282W 6 26
YBR283C 18 601
YBR284W 37 767
YBR285W 0 0
YBR286W 56 1314
YBR287W 9 146
YBR288C 22 1729
YBR289W 25 1518
YBR290W 8 54
YBR291C 29 1106
YBR292C 5 86
YBR293W 20 740
YBR294W 43 1250
YBR295W 56 2454
YBR296C 41 965
YBR296C-A 7 1051
YBR297W 15 295
YBR298C 50 945
YBR298C-A 10 638
YBR299W 10 647
YBR300C 3 113
YBR301W 4 126
YBR302C 0 0
YCL076W 13 524
YCL073C 7 157
YCL069W 3 123
YCL068C 0 0
YCL067C 0 0
YCL066W 0 0
YCL065W 2 33
YCL064C 24 1030
YCL063W 12 248
YCL061C 23 335
YCL059C 6 60
YCL058C 14 288
YCL058W-A 10 264
YCL057C-A 9 168
YCL057W 31 1344
YCL056C 0 0
YCL055W 6 52
YCL054W 25 1012
YCL052C 14 483
YCL051W 21 994
YCL050C 16 249
YCL049C 6 39
YCL048W-A 1 50
YCL048W 24 635
YCL047C 8 183
YCL045C 31 632
YCL046W 0 0
YCL044C 16 427
YCL043C 34 578
YCL041C 16 213
YCL042W 20 1544
YCL040W 91 9371
YCL039W 49 1238
YCL038C 19 343
YCL037C 17 392
YCL036W 41 1818
YCL035C 7 145
YCL034W 26 477
YCL033C 2 12
YCL032W 18 221
YCL031C 16 428
YCL030C 44 2770
YCL029C 30 1502
YCL028W 14 278
YCL027W 22 295
YCL026C-B 4 47
YCL026C-A 12 2312
YCL025C 45 1486
YCL023C 8 406
YCL024W 47 2178
YCL022C 3 18
YCL021W-A 13 132
YCL018W 12 911
YCL017C 25 708
YCL016C 12 163
YCL014W 51 1195
YCL012C 11 284
YCL011C 28 613
YCL010C 35 1147
YCL009C 28 466
YCL008C 30 1720
YCL007C 11 156
YCL005W-A 9 91
YCL005W 16 2405
YCL004W 21 700
YCL002C 18 1010
YCL001W 3 9
YCL001W-A 2 52
YCL001W-B 7 406
YCR001W 11 333
YCR002C 11 131
YCR003W 14 447
YCR004C 12 777
YCR005C 49 2722
YCR006C 48 3142
YCR007C 12 699
YCR008W 33 569
YCR009C 7 285
YCR010C 17 184
YCR011C 76 3218
YCR012W 16 473
YCR013C 11 382
YCR014C 19 238
YCR015C 14 360
YCR016W 10 401
YCR017C 43 1383
YCR018C 10 108
YCR018C-A 4 16
YCR019W 20 642
YCR020C 7 304
YCR020C-A 5 118
YCR020W-B 1 6
YCR021C 27 1610
YCR022C 32 1193
YCR023C 43 1922
YCR024C 19 548
YCR024C-B 14 245
YCR024C-A 3 26
YCR025C 22 4064
YCR026C 40 854
YCR027C 3 10
YCR028C 27 441
YCR028C-A 4 56
YCR030C 29 39596
YCR031C 10 162
YCR032W 69 1828
YCR033W 40 875
YCR034W 4 48
YCR035C 5 66
YCR036W 24 1156
YCR037C 21 206
YCR038C 6 102
YCR038W-A 0 0
YCR039C 0 0
YCR040W 0 0
YCR041W 2 17
YCR042C 58 924
YCR043C 16 2368
YCR044C 8 136
YCR045C 26 702
YCR045W-A 8 417
YCR046C 9 134
YCR047C 12 188
YCR047W-A 4 54
YCR049C 20 714
YCR048W 46 2246
YCR050C 1 10
YCR051W 12 149
YCR052W 15 377
YCR053W 11 403
YCR054C 15 316
YCR057C 30 573
YCR059C 31 2266
YCR060W 8 187
YCR061W 58 1591
YCR064C 23 2164
YCR063W 32 2344
YCR065W 25 888
YCR066W 10 525
YCR067C 41 809
YCR068W 35 2122
YCR069W 19 308
YCR071C 12 667
YCR072C 19 370
YCR073C 45 739
YCR073W-A 22 397
YCR075C 11 294
YCR075W-A 0 0
YCR076C 15 225
YCR077C 33 717
YCR079W 27 651
YCR081W 56 1631
YCR081C-A 6 134
YCR082W 13 359
YCR083W 6 232
YCR084C 32 660
YCR085W 5 20
YCR086W 11 114
YCR087W 17 255
YCR087C-A 14 249
YCR088W 26 842
YCR089W 36 11462
YCR090C 15 227
YCR091W 42 1704
YCR092C 19 248
YCR093W 53 1451
YCR094W 11 89
YCR095C 7 151
YCR095W-A 1 10
YCR096C 0 0
YCR097W 3 119
YCR097W-A 0 0
YCR098C 14 294
YCR099C 7 171
YCR100C 15 379
YCR101C 6 40
YCR102C 23 283
YCR102W-A 0 0
YCR104W 4 27
YCR105W 29 998
YCR106W 30 645
YCR107W 13 253
YCR108C 7 128
YDL248W 2 126
YDL247W-A 0 0
YDL247W 0 0
YDL246C 0 0
YDL245C 1 7
YDL244W 11 225
YDL243C 12 474
YDL242W 12 518
YDL241W 5 267
YDL240C-A 9 2600
YDL240W 37 864
YDL239C 13 532
YDL238C 32 954
YDL237W 18 411
YDL236W 13 174
YDL235C 1 7
YDL234C 39 823
YDL233W 11 305
YDL232W 1 1
YDL231C 66 2719
YDL230W 25 530
YDL229W 14 572
YDL228C 3 259
YDL227C 10 1463
YDL226C 7 149
YDL225W 11 220
YDL224C 22 245
YDL223C 54 1958
YDL222C 37 556
YDL221W 45 1460
YDL220C 87 2555
YDL219W 5 119
YDL218W 24 647
YDL217C 4 23
YDL216C 20 571
YDL215C 64 4015
YDL214C 41 525
YDL213C 15 204
YDL212W 1 107
YDL211C 5 66
YDL210W 22 617
YDL209C 12 277
YDL208W 1 41
YDL207W 10 219
YDL206W 26 467
YDL205C 18 556
YDL204W 36 1546
YDL203C 13 348
YDL202W 5 95
YDL201W 20 621
YDL200C 7 45
YDL199C 23 184
YDL198C 14 350
YDL197C 34 1439
YDL196W 9 132
YDL195W 19 382
YDL194W 22 565
YDL193W 8 153
YDL192W 15 187
YDL191W 4 95
YDL190C 46 1207
YDL189W 13 986
YDL188C 22 445
YDL187C 4 38
YDL186W 14 961
YDL185C-A 1 31
YDL185W 19 307
YDL184C 2 7
YDL183C 17 188
YDL182W 34 1559
YDL181W 6 627
YDL180W 17 370
YDL179W 4 34
YDL178W 35 3707
YDL177C 11 486
YDL176W 25 883
YDL175C 11 105
YDL174C 39 768
YDL173W 21 437
YDL172C 7 217
YDL171C 110 6135
YDL170W 34 416
YDL169C 15 822
YDL168W 28 1161
YDL167C 18 579
YDL166C 6 54
YDL165W 9 204
YDL164C 28 815
YDL163W 3 26
YDL162C 17 1901
YDL161W 18 338
YDL160C-A 7 177
YDL160C 23 298
YDL159W-A 5 157
YDL159W 25 850
YDL159C-B 0 0
YDL158C 6 102
YDL157C 5 2855
YDL156W 47 3477
YDL155W 20 457
YDL154W 28 455
YDL153C 8 175
YDL152W 3 33
YDL151C 4 71
YDL150W 12 327
YDL149W 17 273
YDL148C 27 667
YDL147W 7 149
YDL146W 8 1149
YDL145C 36 564
YDL144C 27 769
YDL143W 15 273
YDL142C 24 2464
YDL141W 19 298
YDL140C 54 957
YDL139C 11 46
YDL138W 37 1116
YDL137W 35 3241
YDL136W 9 65
YDL135C 18 746
YDL134C 12 194
YDL133C-A 0 0
YDL133W 16 1012
YDL132W 24 624
YDL131W 35 1517
YDL130W-A 7 137
YDL130W 10 264
YDL129W 10 378
YDL128W 17 221
YDL127W 39 6231
YDL126C 38 775
YDL125C 16 600
YDL124W 25 3436
YDL123W 12 116
YDL122W 30 1313
YDL121C 10 2544
YDL120W 7 130
YDL119C 18 349
YDL118W 4 35
YDL117W 30 370
YDL116W 16 235
YDL115C 20 329
YDL114W-A 2 25
YDL114W 8 420
YDL113C 25 685
YDL112W 57 1021
YDL111C 14 483
YDL110C 15 174
YDL109C 26 445
YDL108W 16 191
YDL107W 17 487
YDL106C 21 420
YDL105W 19 122
YDL104C 26 877
YDL103C 9 221
YDL102W 28 566
YDL101C 11 168
YDL100C 22 432
YDL099W 8 194
YDL098C 11 193
YDL097C 17 304
YDL096C 6 205
YDL095W 40 824
YDL094C 17 1215
YDL093W 27 3573
YDL092W 12 539
YDL091C 9 265
YDL090C 6 86
YDL089W 27 461
YDL088C 21 321
YDL087C 6 39
YDL086W 36 141490
YDL086C-A 28 141314
YDL085C-A 7 278
YDL085W 28 333
YDL084W 8 61
YDL083C 4 131
YDL082W 6 120
YDL081C 0 0
YDL080C 24 2625
YDL079C 39 1076
YDL078C 18 570
YDL077C 37 367
YDL076C 15 381
YDL075W 0 0
YDL074C 23 481
YDL073W 20 1311
YDL072C 9 117
YDL071C 5 94
YDL070W 17 159
YDL069C 9 332
YDL068W 4 16
YDL067C 5 16
YDL066W 26 1007
YDL065C 15 554
YDL064W 8 405
YDL063C 27 592
YDL062W 9 152
YDL061C 0 0
YDL060W 24 564
YDL059C 8 93
YDL058W 39 891
YDL057W 19 517
YDL056W 43 1494
YDL055C 13 67
YDL054C 41 2441
YDL053C 3 109
YDL052C 16 164
YDL051W 7 12
YDL050C 2 2
YDL049C 29 1335
YDL048C 54 2018
YDL047W 19 850
YDL046W 6 80
YDL045W-A 5 20
YDL045C 8 147
YDL044C 15 126
YDL043C 10 225
YDL042C 39 1928
YDL041W 13 273
YDL040C 27 635
YDL039C 31 1070
YDL037C 10 348
YDL036C 27 18618
YDL035C 21 433
YDL034W 4 6
YDL033C 25 571
YDL032W 3 174
YDL031W 17 295
YDL030W 12 270
YDL029W 10 117
YDL028C 24 532
YDL027C 13 892
YDL026W 4 52
YDL025C 18 154
YDL025W-A 1 2
YDL024C 22 542
YDL022C-A 3 10
YDL023C 6 183
YDL022W 26 903
YDL021W 18 153
YDL020C 15 1308
YDL019C 43 7058
YDL018C 7 118
YDL017W 20 535
YDL016C 3 10
YDL015C 7 37
YDL014W 15 89
YDL013W 12 5396
YDL012C 7 41
YDL011C 3 39
YDL010W 4 40
YDL009C 1 1
YDL008W 5 55
YDL007C-A 2 17
YDL007W 20 244
YDL006W 14 296
YDL005C 9 235
YDL004W 2 10
YDL003W 28 1602
YDL002C 16 289
YDL001W 59 9292
YDR001C 93 3633
YDR002W 9 196
YDR003W 17 367
YDR003W-A 9 755
YDR004W 22 661
YDR005C 18 5103
YDR006C 20 289
YDR007W 13 684
YDR008C 14 411
YDR009W 42 1047
YDR010C 22 953
YDR011W 99 3360
YDR012W 5 73
YDR013W 1 1
YDR014W 12 115
YDR014W-A 7 126
YDR015C 4 33
YDR016C 4 41
YDR017C 35 1924
YDR018C 24 816
YDR019C 26 349
YDR020C 26 845
YDR021W 5 57
YDR022C 16 276
YDR023W 8 86
YDR024W 6 60
YDR025W 1 13
YDR026C 15 284
YDR027C 17 294
YDR028C 37 1054
YDR029W 0 0
YDR030C 30 1675
YDR031W 1 24
YDR032C 9 68
YDR033W 23 1130
YDR034C 26 3122
YDR034C-A 2 36
YDR034W-B 0 0
YDR035W 16 2390
YDR036C 8 57
YDR037W 34 555
YDR038C 4 34
YDR039C 0 0
YDR040C 4 22
YDR041W 7 212
YDR042C 2 10
YDR043C 16 354
YDR044W 12 318
YDR045C 8 94
YDR046C 28 938
YDR047W 28 704
YDR048C 18 891
YDR049W 17 369
YDR050C 7 130
YDR051C 24 838
YDR052C 8 271
YDR053W 2 100
YDR054C 13 248
YDR055W 16 174
YDR056C 12 130
YDR057W 26 580
YDR058C 10 145
YDR059C 13 180
YDR060W 21 305
YDR061W 22 651
YDR062W 19 269
YDR063W 8 131
YDR064W 1 43
YDR065W 8 106
YDR066C 11 532
YDR067C 9 470
YDR068W 5 64
YDR069C 35 680
YDR070C 5 39
YDR071C 17 342
YDR072C 43 1280
YDR073W 10 171
YDR074W 60 1019
YDR075W 16 1216
YDR076W 56 1901
YDR077W 17 534
YDR078C 18 362
YDR079W 11 239
YDR079C-A 3 25
YDR080W 39 889
YDR081C 19 263
YDR082W 16 341
YDR083W 12 156
YDR084C 7 42
YDR085C 22 324
YDR086C 0 0
YDR087C 8 21
YDR088C 10 398
YDR089W 47 551
YDR090C 13 199
YDR091C 18 628
YDR092W 9 210
YDR093W 146 11602
YDR094W 31 3234
YDR095C 39 4741
YDR096W 26 2132
YDR097C 28 402
YDR098C 17 589
YDR099W 20 276
YDR100W 9 1617
YDR101C 11 194
YDR102C 10 578
YDR103W 20 432
YDR104C 40 1096
YDR105C 14 329
YDR106W 16 205
YDR107C 17 161
YDR108W 23 254
YDR109C 22 3245
YDR110W 28 783
YDR111C 22 352
YDR112W 7 117
YDR113C 11 335
YDR114C 9 115
YDR115W 4 75
YDR116C 16 362
YDR117C 18 527
YDR118W 20 948
YDR118W-A 1 2
YDR119W 37 2715
YDR119W-A 7 75
YDR120C 23 1173
YDR121W 5 205
YDR122W 24 328
YDR123C 14 319
YDR124W 17 168
YDR125C 10 284
YDR126W 26 429
YDR127W 49 1147
YDR128W 53 2493
YDR129C 32 590
YDR130C 5 16
YDR131C 18 504
YDR132C 26 683
YDR133C 1 3
YDR135C 63 2176
YDR136C 38 1191
YDR137W 35 633
YDR138W 25 303
YDR139C 3 152
YDR140W 9 129
YDR141C 28 558
YDR142C 17 255
YDR143C 18 686
YDR144C 25 416
YDR145W 11 302
YDR146C 15 223
YDR147W 16 368
YDR148C 19 264
YDR149C 5 35
YDR150W 83 22777
YDR151C 11 309
YDR152W 8 76
YDR153C 19 242
YDR154C 6 759
YDR155C 9 152
YDR156W 8 197
YDR157W 20 2670
YDR158W 7 178
YDR159W 32 664
YDR160W 20 512
YDR161W 6 14
YDR162C 2 15
YDR163W 11 1524
YDR164C 23 544
YDR165W 11 86
YDR166C 25 457
YDR167W 6 196
YDR168W 16 319
YDR169C 7 188
YDR169C-A 1 2
YDR170C 48 787
YDR171W 11 242
YDR172W 41 1421
YDR173C 13 140
YDR174W 18 446
YDR175C 10 164
YDR176W 26 427
YDR177W 31 1870
YDR178W 20 1818
YDR179C 5 33
YDR179W-A 14 254
YDR180W 46 1695
YDR181C 15 157
YDR182W 22 594
YDR182W-A 4 28
YDR183W 9 418
YDR183C-A 6 99
YDR184C 12 205
YDR185C 16 332
YDR186C 49 1060
YDR187C 15 751
YDR188W 31 553
YDR189W 24 541
YDR190C 15 340
YDR191W 23 429
YDR192C 9 1626
YDR193W 7 1610
YDR194C 9 86
YDR194W-A 0 0
YDR195W 21 297
YDR196C 3 32
YDR197W 10 141
YDR198C 21 895
YDR199W 3 83
YDR200C 23 577
YDR201W 9 186
YDR202C 5 309
YDR203W 2 128
YDR204W 14 176
YDR205W 30 1361
YDR206W 17 236
YDR207C 47 685
YDR208W 37 574
YDR209C 4 21
YDR210W 3 20
YDR211W 20 323
YDR212W 18 315
YDR213W 26 610
YDR214W 44 3772
YDR215C 39 5380
YDR216W 50 995
YDR217C 39 623
YDR218C 7 180
YDR219C 6 51
YDR220C 13 1799
YDR221W 37 1426
YDR222W 10 147
YDR223W 19 2359
YDR224C 3 8
YDR225W 8 56
YDR226W 8 185
YDR227W 22 823
YDR228C 7 58
YDR229W 29 1056
YDR230W 5 173
YDR231C 15 234
YDR232W 30 492
YDR233C 16 160
YDR234W 52 1966
YDR235W 2 23
YDR236C 14 342
YDR237W 11 153
YDR238C 21 2579
YDR239C 26 715
YDR240C 7 99
YDR241W 10 204
YDR242W 28 1714
YDR243C 19 547
YDR244W 31 577
YDR245W 7 71
YDR246W 22 381
YDR246W-A 20 3607
YDR247W 28 890
YDR248C 4 23
YDR249C 17 383
YDR250C 14 888
YDR251W 27 717
YDR252W 3 109
YDR253C 11 133
YDR254W 19 242
YDR255C 15 536
YDR256C 40 1543
YDR257C 12 207
YDR258C 51 2787
YDR259C 11 161
YDR260C 39 9633
YDR261C 38 1339
YDR262W 7 111
YDR263C 23 789
YDR264C 33 855
YDR265W 5 50
YDR266C 21 240
YDR267C 10 224
YDR268W 19 604
YDR269C 3 40
YDR270W 36 548
YDR271C 13 147
YDR272W 15 214
YDR273W 12 59
YDR274C 50 3842
YDR275W 22 419
YDR276C 7 349
YDR277C 53 4215
YDR278C 13 441
YDR279W 10 51
YDR280W 6 67
YDR281C 0 0
YDR282C 27 630
YDR283C 50 718
YDR284C 13 307
YDR285W 15 353
YDR286C 3 48
YDR287W 5 141
YDR288W 5 159
YDR289C 11 171
YDR290W 5 77
YDR291W 53 1415
YDR292C 27 587
YDR293C 56 739
YDR294C 23 475
YDR295C 7 998
YDR296W 9 133
YDR297W 15 462
YDR298C 4 29
YDR299W 13 366
YDR300C 18 402
YDR301W 33 786
YDR302W 4 61
YDR303C 24 501
YDR304C 15 436
YDR305C 16 463
YDR306C 18 376
YDR307W 18 330
YDR308C 2 6
YDR309C 11 218
YDR310C 34 614
YDR311W 12 107
YDR312W 24 494
YDR313C 14 806
YDR314C 21 311
YDR315C 8 165
YDR316W 16 1163
YDR317W 17 666
YDR318W 15 358
YDR319C 13 191
YDR320C 23 288
YDR320C-A 2 184
YDR320W-B 5 105
YDR321W 15 252
YDR322W 24 575
YDR322C-A 5 52
YDR323C 24 536
YDR324C 15 207
YDR325W 28 935
YDR326C 51 859
YDR327W 5 115
YDR328C 11 56
YDR329C 20 211
YDR330W 32 517
YDR331W 18 258
YDR332W 19 642
YDR333C 25 523
YDR334W 45 910
YDR335W 26 562
YDR336W 26 604
YDR337W 6 180
YDR338C 34 1263
YDR339C 6 100
YDR340W 5 114
YDR341C 20 568
YDR342C 4 69
YDR343C 2 12
YDR344C 20 2968
YDR345C 38 962
YDR346C 17 1200
YDR347W 9 147
YDR348C 30 681
YDR349C 24 353
YDR350C 12 205
YDR351W 26 316
YDR352W 12 137
YDR353W 19 325
YDR354W 14 174
YDR354C-A 2 2
YDR355C 3 8
YDR356W 18 348
YDR357C 15 191
YDR358W 29 690
YDR359C 22 429
YDR360W 2 12
YDR361C 16 2161
YDR362C 31 598
YDR363W 23 306
YDR363W-A 1 3
YDR364C 20 437
YDR365C 16 179
YDR366C 13 265
YDR367W 6 119
YDR368W 15 373
YDR369C 29 405
YDR370C 24 2267
YDR371W 24 272
YDR371C-A 1 3
YDR372C 11 673
YDR373W 6 87
YDR374C 10 177
YDR374W-A 1 5
YDR375C 22 477
YDR376W 34 737
YDR377W 10 111
YDR378C 1 10
YDR379W 49 20484
YDR379C-A 1 8
YDR380W 30 579
YDR381W 14 297
YDR381C-A 0 0
YDR382W 2 2
YDR383C 16 375
YDR384C 24 806
YDR385W 4 80
YDR386W 27 1004
YDR387C 21 504
YDR388W 21 397
YDR389W 23 220
YDR390C 16 686
YDR391C 14 370
YDR392W 16 298
YDR393W 21 355
YDR394W 15 556
YDR395W 36 689
YDR396W 17 372
YDR397C 15 358
YDR398W 21 704
YDR399W 19 827
YDR400W 22 478
YDR401W 12 302
YDR402C 25 488
YDR403W 34 803
YDR404C 5 74
YDR405W 40 799
YDR406W 143 25529
YDR406W-A 0 0
YDR407C 38 692
YDR408C 11 270
YDR409W 35 681
YDR410C 24 625
YDR411C 16 348
YDR412W 1 1
YDR413C 0 0
YDR414C 26 1088
YDR415C 30 3052
YDR416W 29 347
YDR417C 0 0
YDR418W 0 0
YDR419W 28 719
YDR420W 48 702
YDR421W 37 907
YDR422C 41 1376
YDR423C 43 2789
YDR424C 10 129
YDR425W 20 564
YDR426C 5 398
YDR427W 13 100
YDR428C 14 782
YDR429C 3 94
YDR430C 55 1555
YDR431W 8 82
YDR432W 28 579
YDR433W 13 253
YDR434W 18 544
YDR435C 16 227
YDR436W 48 1046
YDR437W 10 1413
YDR438W 14 199
YDR439W 4 20
YDR440W 26 615
YDR441C 12 255
YDR442W 6 302
YDR443C 57 2109
YDR444W 21 373
YDR445C 15 1097
YDR446W 14 243
YDR447C 11 289
YDR448W 14 439
YDR449C 11 246
YDR450W 8 92
YDR451C 26 1647
YDR452W 47 947
YDR453C 25 1008
YDR454C 1 6
YDR455C 10 301
YDR456W 32 757
YDR457W 121 21869
YDR458C 16 387
YDR459C 22 530
YDR460W 15 343
YDR461W 3 62
YDR461C-A 9 96
YDR462W 10 641
YDR463W 26 1031
YDR464W 23 264
YDR464C-A 0 0
YDR465C 18 408
YDR466W 26 578
YDR467C 9 392
YDR468C 11 279
YDR469W 4 48
YDR470C 25 809
YDR471W 8 293
YDR472W 17 345
YDR473C 15 427
YDR475C 44 1415
YDR476C 49 1275
YDR477W 32 547
YDR478W 11 319
YDR479C 21 2052
YDR480W 30 624
YDR481C 36 982
YDR482C 22 2221
YDR483W 15 355
YDR484W 11 196
YDR485C 19 215
YDR486C 9 84
YDR487C 8 63
YDR488C 61 8449
YDR489W 15 696
YDR490C 55 4766
YDR491C 29 1494
YDR492W 17 446
YDR493W 7 83
YDR494W 8 196
YDR495C 19 337
YDR496C 23 889
YDR497C 39 2133
YDR498C 5 66
YDR499W 23 363
YDR500C 8 79
YDR501W 11 155
YDR502C 31 1132
YDR503C 10 284
YDR504C 4 50
YDR505C 12 362
YDR506C 59 3129
YDR507C 60 1633
YDR508C 48 721
YDR509W 12 133
YDR510W 7 52
YDR510C-A 3 30
YDR511W 7 340
YDR512C 31 755
YDR513W 4 141
YDR514C 14 3271
YDR515W 10 71
YDR516C 33 609
YDR517W 21 330
YDR518W 27 578
YDR519W 5 171
YDR520C 17 336
YDR521W 3 40
YDR522C 10 510
YDR523C 29 442
YDR524C 26 765
YDR524W-C 2 22
YDR524C-B 6 132
YDR524C-A 10 295
YDR525W 24 1586
YDR525W-A 13 655
YDR526C 9 224
YDR527W 28 4759
YDR528W 20 265
YDR529C 7 205
YDR530C 35 1314
YDR531W 19 334
YDR532C 4 43
YDR533C 7 326
YDR534C 10 151
YDR535C 50 2568
YDR536W 37 1640
YDR537C 8 54
YDR538W 12 61
YDR539W 18 351
YDR540C 5 140
YDR541C 26 988
YDR542W 2 92
YDR543C 13 2885
YDR544C 14 1411
YDR545W 0 0
YDR545C-A 0 0
YEL077C 8 842
YEL077W-A 0 0
YEL076C-A 0 0
YEL076C 0 0
YEL075W-A 0 0
YEL075C 0 0
YEL074W 10 671
YEL073C 6 40
YEL072W 24 729
YEL071W 26 1094
YEL070W 14 732
YEL069C 40 1390
YEL068C 3 69
YEL067C 34 2558
YEL066W 23 2413
YEL065W 43 1425
YEL064C 31 779
YEL063C 16 138
YEL062W 28 645
YEL061C 38 1094
YEL060C 48 974
YEL059C-A 8 37
YEL059W 26 1931
YEL058W 22 784
YEL057C 7 227
YEL056W 30 810
YEL055C 21 549
YEL054C 3 185
YEL053W-A 3 185
YEL053C 17 356
YEL052W 10 534
YEL051W 4 29
YEL050W-A 3 6
YEL050C 20 493
YEL049W 9 209
YEL048C 1 1
YEL047C 25 644
YEL046C 19 496
YEL045C 24 607
YEL044W 13 878
YEL043W 33 1909
YEL042W 22 965
YEL041W 30 644
YEL040W 38 906
YEL039C 11 351
YEL038W 21 632
YEL037C 13 739
YEL036C 25 1078
YEL035C 35 634
YEL034C-A 18 318
YEL034W 13 255
YEL033W 34 1786
YEL032W 54 1238
YEL032C-A 6 70
YEL031W 41 958
YEL030C-A 3 10
YEL030W 11 113
YEL029C 11 432
YEL028W 2 6
YEL027W 4 69
YEL026W 0 0
YEL025C 44 975
YEL024W 15 403
YEL023C 36 461
YEL022W 44 757
YEL021W 56 2410
YEL020C-B 5 17
YEL020W-A 7 39
YEL020C 37 833
YEL019C 10 163
YEL018C-A 5 197
YEL018W 11 385
YEL017C-A 4 123
YEL017W 12 247
YEL016C 26 976
YEL015W 33 894
YEL014C 8 88
YEL013W 11 152
YEL012W 27 1472
YEL011W 61 18687
YEL010W 9 66
YEL009C-A 10 146
YEL009C 17 861
YEL008W 40 5376
YEL008C-A 12 923
YEL007W 20 1904
YEL006W 35 1975
YEL005C 13 435
YEL004W 21 553
YEL003W 12 276
YEL002C 36 2392
YEL001C 21 1393
YER001W 59 1905
YER002W 0 0
YER003C 17 510
YER004W 22 666
YER005W 59 1325
YER006W 20 528
YER006C-A 10 209
YER007W 13 272
YER007C-A 12 661
YER008C 26 458
YER009W 3 133
YER010C 21 516
YER011W 4 79
YER012W 4 29
YER013W 31 448
YER014W 7 132
YER014C-A 25 2252
YER015W 34 981
YER016W 15 245
YER017C 35 509
YER018C 23 913
YER019W 41 1321
YER019C-A 5 47
YER020W 29 813
YER021W 10 77
YER022W 20 338
YER023W 12 363
YER023C-A 6 284
YER024W 66 30378
YER025W 3 62
YER026C 8 190
YER027C 7 56
YER028C 32 905
YER029C 4 72
YER030W 1 2
YER031C 15 255
YER032W 18 183
YER033C 32 944
YER034W 23 1661
YER035W 25 359
YER036C 35 755
YER037W 21 336
YER038C 10 216
YER038W-A 5 43
YER039C 15 367
YER039C-A 2 238
YER040W 16 452
YER041W 36 1480
YER042W 12 1060
YER043C 28 590
YER044C 12 320
YER044C-A 22 303
YER045C 15 330
YER046W 3 44
YER046W-A 8 192
YER047C 33 562
YER048C 13 155
YER048W-A 3 31
YER049W 20 407
YER050C 6 26
YER051W 26 551
YER052C 15 103
YER053C 26 889
YER053C-A 2 13
YER054C 50 2871
YER055C 21 327
YER056C 36 869
YER056C-A 5 71
YER057C 5 477
YER058W 8 85
YER059W 10 49
YER060W 25 589
YER060W-A 19 322
YER061C 21 286
YER062C 15 243
YER063W 10 194
YER064C 13 184
YER065C 71 4079
YER066W 14 514
YER066C-A 16 460
YER067W 10 96
YER067C-A 7 38
YER068W 20 641
YER068C-A 20 3405
YER069W 64 2411
YER070W 35 568
YER071C 2 18
YER072W 8 193
YER073W 27 621
YER074W 1 3
YER074W-A 6 53
YER075C 32 728
YER076C 7 117
YER076W-A 2 64
YER077C 18 481
YER078C 18 330
YER078W-A 11 352
YER079W 21 2716
YER079C-A 8 279
YER080W 30 811
YER081W 55 2982
YER082C 12 147
YER083C 18 715
YER084W 16 448
YER084W-A 5 120
YER085C 5 120
YER086W 19 284
YER087W 29 900
YER087C-A 12 395
YER087C-B 3 37
YER088C 63 5773
YER088C-A 42 4252
YER088W-B 10 369
YER089C 52 3096
YER090W 17 147
YER090C-A 0 0
YER091C 22 529
YER091C-A 23 1976
YER092W 11 396
YER093C 30 3381
YER093C-A 9 160
YER094C 9 107
YER095W 16 313
YER096W 15 158
YER097W 9 315
YER098W 25 733
YER099C 14 177
YER100W 10 260
YER101C 24 784
YER102W 3 11
YER103W 18 490
YER104W 15 242
YER105C 58 1177
YER106W 1 11
YER107C 10 149
YER107W-A 3 25
YER109C 12 143
YER110C 30 421
YER111C 39 830
YER112W 0 0
YER113C 29 678
YER114C 41 888
YER115C 7 147
YER116C 10 454
YER117W 3 21
YER118C 16 225
YER119C 42 2284
YER119C-A 15 247
YER120W 10 246
YER121W 12 1605
YER122C 8 199
YER123W 26 854
YER124C 17 76
YER125W 31 763
YER126C 4 80
YER127W 0 0
YER128W 12 161
YER129W 63 1451
YER130C 35 1541
YER131W 2 48
YER132C 77 1835
YER133W 8 43
YER133W-A 3 43
YER134C 8 155
YER135C 5 47
YER136W 21 217
YER137C 12 324
YER137W-A 11 280
YER138W-A 0 0
YER139C 8 132
YER140W 36 622
YER141W 17 199
YER142C 15 560
YER143W 18 14482
YER144C 50 9887
YER145C 64 11111
YER145C-A 13 601
YER146W 10 80
YER147C 69 2096
YER147C-A 6 138
YER148W 6 139
YER148W-A 17 281
YER149C 28 391
YER150W 7 105
YER151C 35 753
YER152C 46 1160
YER152W-A 10 261
YER153C 23 737
YER154W 21 626
YER155C 73 11031
YER156C 15 376
YER157W 35 1650
YER158C 21 372
YER158W-A 2 14
YER159C 7 88
YER161C 8 486
YER162C 13 414
YER163C 24 568
YER164W 38 1451
YER165W 9 198
YER165C-A 3 143
YER166W 81 2149
YER167W 52 2426
YER168C 20 566
YER169W 41 1229
YER170W 9 133
YER171W 30 514
YER172C 42 1269
YER172C-A 6 75
YER173W 26 745
YER174C 11 483
YER175C 35 2132
YER175W-A 2 10
YER176W 110 7468
YER177W 15 208
YER178W 31 882
YER179W 19 441
YER180C 4 48
YER180C-A 5 4892
YER181C 2 32
YER182W 9 113
YER183C 13 4034
YER184C 16 1108
YER185W 21 505
YER186C 15 444
YER187W 8 127
YER188W 8 142
YER188C-A 15 1598
YER189W 0 0
YER190W 2 3
YER190C-A 0 0
YER190C-B 0 0
YFL068W 0 0
YFL067W 1 1
YFL066C 0 0
YFL065C 0 0
YFL064C 0 0
YFL063W 6 292
YFL062W 3 15
YFL061W 0 0
YFL060C 4 92
YFL059W 5 85
YFL058W 2 118
YFL057C 3 109
YFL056C 6 61
YFL055W 34 1011
YFL054C 27 778
YFL053W 24 561
YFL052W 22 922
YFL051C 13 497
YFL050C 31 1080
YFL049W 17 2499
YFL048C 23 401
YFL047W 23 449
YFL046W 17 557
YFL045C 1 2
YFL044C 21 1578
YFL042C 30 2817
YFL041W-A 2 123
YFL041W 22 445
YFL040W 34 3953
YFL039C 15 322
YFL038C 30 1151
YFL037W 28 1345
YFL036W 37 1287
YFL034C-B 11 373
YFL034C-A 11 181
YFL034W 29 573
YFL033C 94 3407
YFL032W 12 73
YFL031W 14 664
YFL031C-A 1 1
YFL030W 33 1130
YFL029C 13 391
YFL028C 17 1246
YFL027C 13 176
YFL026W 11 895
YFL025C 27 340
YFL024C 61 1674
YFL023W 25 1443
YFL022C 14 494
YFL021C-A 54 1977
YFL021W 39 1490
YFL020C 4 227
YFL019C 2 6
YFL018C 21 344
YFL017W-A 6 19
YFL017C 11 150
YFL016C 41 766
YFL015W-A 15 303
YFL015C 30 1770
YFL014W 8 58
YFL013W-A 28 668
YFL013C 39 833
YFL012W-A 33 1489
YFL012W 4 136
YFL011W 16 291
YFL010W-A 0 0
YFL010C 5 22
YFL009W 12 212
YFL008W 34 577
YFL007W 93 1890
YFL005W 10 191
YFL004W 27 477
YFL003C 68 2221
YFL002C 42 840
YFL001W 59 1186
YFR001W 2 14
YFR002W 30 772
YFR003C 10 390
YFR004W 11 61
YFR005C 21 629
YFR006W 41 930
YFR007W 26 2547
YFR008W 6 181
YFR009W 27 1337
YFR009W-A 0 0
YFR010W 28 2800
YFR010W-A 4 40
YFR011C 9 119
YFR012W 12 271
YFR012W-A 0 0
YFR013W 31 516
YFR014C 21 875
YFR015C 46 1122
YFR016C 47 1496
YFR017C 35 2203
YFR018C 78 8857
YFR019W 70 1899
YFR020W 5 127
YFR021W 35 1559
YFR022W 43 1003
YFR023W 12 205
YFR024C-A 23 518
YFR025C 34 4470
YFR026C 8 175
YFR027W 11 102
YFR028C 18 588
YFR029W 34 2720
YFR030W 25 723
YFR031C 33 811
YFR031C-A 7 93
YFR032C 14 145
YFR032C-A 2 43
YFR032C-B 11 883
YFR033C 31 3019
YFR034C 54 10689
YFR034W-A 32 17972
YFR035C 34 18234
YFR036W 11 881
YFR036W-A 11 291
YFR037C 23 449
YFR038W 28 353
YFR039C 15 270
YFR040W 26 968
YFR041C 14 195
YFR042W 5 13
YFR043C 13 682
YFR044C 27 760
YFR045W 12 424
YFR046C 16 298
YFR047C 15 893
YFR048W 35 1726
YFR049W 8 67
YFR050C 15 203
YFR051C 41 798
YFR052W 13 128
YFR052C-A 10 256
YFR053C 40 4469
YFR054C 2 21
YFR056C 17 1645
YFR055W 21 812
YFR057W 3 8
YGL263W 19 221
YGL262W 13 144
YGL261C 4 98
YGL260W 2 3
YGL259W 5 458
YGL258W-A 0 0
YGL258W 3 92
YGL257C 23 1001
YGL256W 20 946
YGL255W 28 855
YGL254W 33 1194
YGL253W 39 789
YGL252C 23 2272
YGL251C 49 1063
YGL250W 11 231
YGL249W 52 1460
YGL248W 22 407
YGL247W 7 157
YGL246C 22 1421
YGL245W 11 117
YGL244W 13 216
YGL243W 11 230
YGL242C 9 311
YGL241W 29 2692
YGL240W 10 198
YGL239C 3 384
YGL238W 31 810
YGL237C 15 277
YGL236C 49 3372
YGL235W 16 1390
YGL234W 37 1325
YGL233W 19 97
YGL232W 16 208
YGL231C 6 89
YGL230C 0 0
YGL229C 36 1414
YGL228W 16 160
YGL227W 40 1086
YGL226C-A 5 19
YGL226W 10 1720
YGL225W 19 820
YGL224C 23 476
YGL223C 18 574
YGL222C 4 37
YGL221C 8 218
YGL220W 4 118
YGL219C 25 999
YGL218W 14 907
YGL217C 5 29
YGL216W 47 1263
YGL215W 16 256
YGL214W 8 90
YGL213C 20 331
YGL212W 11 188
YGL211W 16 378
YGL210W 8 157
YGL209W 19 309
YGL208W 43 4419
YGL207W 31 841
YGL206C 63 1628
YGL205W 51 2654
YGL204C 1 8
YGL203C 39 780
YGL202W 34 683
YGL201C 39 1095
YGL200C 14 340
YGL199C 7 250
YGL198W 11 483
YGL197W 24 230
YGL196W 21 435
YGL195W 94 2371
YGL194C-A 2 10
YGL194C 17 213
YGL193C 14 486
YGL192W 39 607
YGL191W 15 125
YGL190C 28 747
YGL189C 14 242
YGL188C-A 2 11
YGL188C 6 1979
YGL187C 23 471
YGL186C 25 543
YGL185C 30 724
YGL184C 33 882
YGL183C 12 218
YGL182C 4 23
YGL181W 16 298
YGL180W 48 2173
YGL179C 21 637
YGL178W 72 7264
YGL177W 25 4045
YGL176C 20 1193
YGL175C 8 176
YGL174W 15 884
YGL173C 48 1186
YGL172W 12 91
YGL171W 21 326
YGL170C 8 126
YGL169W 17 574
YGL168W 7 154
YGL167C 30 676
YGL166W 24 324
YGL165C 34 2931
YGL164C 19 589
YGL163C 42 1205
YGL162W 16 332
YGL161C 14 553
YGL160W 30 941
YGL159W 9 254
YGL158W 24 647
YGL157W 19 3551
YGL156W 57 1783
YGL155W 12 675
YGL154C 6 155
YGL153W 19 307
YGL152C 19 683
YGL151W 24 415
YGL150C 45 897
YGL149W 13 925
YGL148W 32 1787
YGL147C 15 481
YGL146C 26 343
YGL145W 24 753
YGL144C 22 327
YGL143C 18 402
YGL142C 14 307
YGL141W 35 1363
YGL140C 22 677
YGL139W 26 3368
YGL138C 6 68
YGL137W 26 1313
YGL136C 15 413
YGL135W 6 17
YGL134W 27 477
YGL133W 44 516
YGL132W 3 12
YGL131C 47 4530
YGL130W 7 40
YGL129C 5 63
YGL128C 4 126
YGL127C 10 255
YGL126W 111 12223
YGL125W 84 7651
YGL124C 22 13367
YGL123W 11 104
YGL123C-A 3 22
YGL122C 19 246
YGL121C 13 51140
YGL120C 35 1048
YGL119W 17 331
YGL118C 14 1588
YGL117W 27 654
YGL116W 28 734
YGL115W 16 453
YGL114W 16 253
YGL113W 11 899
YGL112C 4 12
YGL111W 10 172
YGL110C 29 557
YGL109W 15 210
YGL108C 5 34
YGL107C 20 234
YGL106W 6 23
YGL105W 18 342
YGL104C 19 242
YGL103W 21 447
YGL102C 13 392
YGL101W 3 23
YGL100W 9 171
YGL099W 9 155
YGL098W 7 94
YGL097W 26 680
YGL096W 14 410
YGL095C 19 242
YGL094C 45 956
YGL093W 24 424
YGL092W 19 300
YGL091C 16 367
YGL090W 9 270
YGL089C 2 8
YGL088W 13 420
YGL087C 17 1773
YGL086W 29 716
YGL085W 22 805
YGL084C 17 394
YGL083W 28 319
YGL082W 26 445
YGL081W 14 192
YGL080W 6 151
YGL079W 4 64
YGL078C 16 426
YGL077C 30 521
YGL076C 4 144
YGL075C 8 83
YGL074C 12 245
YGL073W 67 1143
YGL072C 25 385
YGL071W 31 509
YGL070C 9 104
YGL069C 8 90
YGL068W 8 90
YGL067W 12 202
YGL066W 24 458
YGL065C 11 231
YGL064C 27 556
YGL063W 100 10387
YGL063C-A 14 152
YGL062W 73 1671
YGL061C 9 133
YGL060W 25 593
YGL059W 20 417
YGL058W 7 135
YGL057C 19 584
YGL056C 25 1755
YGL055W 50 2238
YGL054C 9 220
YGL053W 4 11
YGL052W 4 122
YGL051W 12 391
YGL050W 18 605
YGL049C 21 665
YGL048C 6 78
YGL047W 12 749
YGL045W 39 5402
YGL044C 10 129
YGL043W 16 415
YGL042C 6 22
YGL041C-B 8 645
YGL041W-A 12 209
YGL041C 7 69
YGL040C 12 174
YGL039W 9 146
YGL038C 25 452
YGL037C 9 139
YGL036W 28 768
YGL035C 21 200
YGL034C 12 243
YGL033W 7 117
YGL032C 1 4
YGL031C 4 70
YGL030W 2 5
YGL029W 5 11
YGL028C 8 44
YGL027C 24 529
YGL026C 25 453
YGL025C 15 263
YGL024W 5 44
YGL023C 25 765
YGL022W 52 1568
YGL021W 31 1566
YGL020C 3 7
YGL019W 6 29
YGL018C 12 375
YGL017W 10 338
YGL016W 21 447
YGL015C 5 72
YGL014W 25 313
YGL014C-A 3 9
YGL013C 34 1423
YGL012W 24 593
YGL011C 9 67
YGL010W 13 428
YGL009C 49 1711
YGL008C 44 2244
YGL007C-A 0 0
YGL007W 24 6602
YGL006W-A 4 39
YGL006W 39 410
YGL005C 19 311
YGL004C 54 3212
YGL003C 48 2100
YGL002W 27 1218
YGL001C 51 2999
YGR001C 24 851
YGR002C 29 1178
YGR003W 39 1586
YGR004W 23 980
YGR005C 12 445
YGR006W 19 333
YGR007W 24 470
YGR008C 11 1506
YGR009C 12 107
YGR010W 23 726
YGR011W 6 105
YGR012W 19 529
YGR013W 41 2523
YGR014W 36 896
YGR015C 27 416
YGR016W 15 412
YGR017W 11 129
YGR018C 4 32
YGR019W 46 2489
YGR020C 1 1
YGR021W 36 1032
YGR022C 6 135
YGR023W 18 1747
YGR024C 1 1
YGR025W 14 134
YGR026W 17 189
YGR027C 4 32
YGR028W 20 620
YGR029W 11 187
YGR030C 13 454
YGR031W 65 4606
YGR031C-A 30 1137
YGR032W 97 2289
YGR033C 7 135
YGR034W 4 31
YGR035C 6 159
YGR035W-A 10 88
YGR036C 19 588
YGR037C 0 0
YGR038W 14 212
YGR039W 15 294
YGR040W 28 495
YGR041W 35 882
YGR042W 9 98
YGR043C 27 1603
YGR044C 9 202
YGR045C 26 1835
YGR046W 11 190
YGR047C 38 1441
YGR048W 13 425
YGR049W 19 401
YGR050C 22 1574
YGR051C 26 1741
YGR052W 28 516
YGR053C 8 277
YGR054W 28 764
YGR055W 18 518
YGR056W 33 1073
YGR057C 5 120
YGR058W 7 124
YGR059W 13 298
YGR060W 11 219
YGR061C 48 1703
YGR062C 8 81
YGR063C 4 25
YGR064W 7 113
YGR065C 13 139
YGR066C 11 386
YGR067C 28 1200
YGR068C 114 4170
YGR068W-A 3 25
YGR069W 16 290
YGR070W 57 2152
YGR071C 14 9013
YGR072W 4 59
YGR073C 5 82
YGR074W 3 68
YGR075C 0 0
YGR076C 8 774
YGR077C 21 1276
YGR078C 5 26
YGR079W 32 1027
YGR080W 20 342
YGR081C 9 176
YGR082W 5 59
YGR083C 20 461
YGR084C 18 461
YGR085C 5 27
YGR086C 21 499
YGR087C 63 1474
YGR088W 20 826
YGR089W 22 872
YGR090W 32 502
YGR091W 13 143
YGR092W 21 418
YGR093W 36 1408
YGR094W 44 1409
YGR095C 9 105
YGR096W 29 5357
YGR097W 49 2248
YGR098C 17 122
YGR099W 17 699
YGR100W 48 1075
YGR101W 16 664
YGR102C 3 38
YGR103W 9 239
YGR104C 16 209
YGR105W 2 32
YGR106C 11 88
YGR107W 45 3438
YGR108W 19 289
YGR109C 16 355
YGR110W 7 169
YGR111W 18 213
YGR112W 9 257
YGR113W 20 1633
YGR114C 1 2
YGR115C 0 0
YGR116W 22 590
YGR117C 9 3036
YGR118W 4 25
YGR119C 13 267
YGR120C 7 95
YGR121C 48 1837
YGR121W-A 21 4886
YGR122W 20 773
YGR122C-A 1 42
YGR123C 18 485
YGR124W 32 2303
YGR125W 44 1171
YGR126W 9 130
YGR127W 23 1197
YGR128C 4 30
YGR129W 14 406
YGR130C 47 4568
YGR131W 10 572
YGR132C 12 487
YGR133W 14 866
YGR134W 43 894
YGR135W 4 315
YGR136W 10 196
YGR137W 3 46
YGR138C 26 363
YGR139W 10 124
YGR140W 34 569
YGR141W 30 852
YGR142W 11 245
YGR143W 32 584
YGR144W 25 515
YGR145W 19 983
YGR146C 7 1643
YGR146C-A 12 174
YGR147C 11 217
YGR148C 16 375
YGR149W 15 197
YGR150C 23 1557
YGR151C 2 99
YGR152C 11 227
YGR153W 15 1308
YGR154C 13 128
YGR155W 10 223
YGR156W 23 258
YGR157W 21 7817
YGR158C 15 220
YGR159C 22 427
YGR160W 2 19
YGR161C 20 240
YGR161W-C 8 76
YGR162W 19 386
YGR163W 12 156
YGR164W 17 1457
YGR165W 8 313
YGR166W 15 223
YGR167W 16 658
YGR168C 21 1122
YGR169C 36 685
YGR169C-A 0 0
YGR170W 49 1393
YGR171C 21 408
YGR172C 6 294
YGR173W 14 371
YGR174C 16 243
YGR174W-A 1 1
YGR175C 27 673
YGR176W 32 1178
YGR177C 63 4019
YGR178C 36 1040
YGR179C 22 458
YGR180C 23 706
YGR181W 13 612
YGR182C 17 195
YGR183C 5 158
YGR184C 87 2437
YGR185C 13 741
YGR186W 16 216
YGR187C 5 14
YGR188C 27 658
YGR189C 11 315
YGR190C 7 95
YGR191W 18 346
YGR192C 23 278
YGR193C 12 303
YGR194C 17 196
YGR195W 14 69
YGR196C 17 280
YGR197C 40 4418
YGR198W 39 562
YGR199W 32 1020
YGR200C 39 685
YGR201C 19 501
YGR202C 25 435
YGR203W 49 3475
YGR204W 86 3569
YGR204C-A 1 1
YGR205W 14 783
YGR206W 2 123
YGR207C 4 54
YGR208W 16 1035
YGR209C 4 208
YGR210C 58 1311
YGR211W 27 803
YGR212W 15 450
YGR213C 14 230
YGR214W 16 72
YGR215W 4 42
YGR216C 17 497
YGR217W 74 2016
YGR218W 15 296
YGR219W 6 68
YGR220C 14 249
YGR221C 26 531
YGR222W 16 106
YGR223C 15 338
YGR224W 28 1000
YGR225W 17 213
YGR226C 2 17
YGR227W 13 458
YGR228W 9 145
YGR229C 23 299
YGR230W 17 2339
YGR231C 13 354
YGR232W 21 110
YGR233C 40 589
YGR234W 16 124
YGR235C 16 385
YGR236C 23 711
YGR237C 33 723
YGR238C 49 3380
YGR239C 43 2511
YGR240C 39 633
YGR240C-A 23 4479
YGR241C 29 1583
YGR242W 3 52
YGR243W 6 36
YGR244C 61 4076
YGR245C 33 555
YGR246C 15 250
YGR247W 19 350
YGR248W 15 529
YGR249W 11 1207
YGR250C 41 968
YGR251W 10 586
YGR252W 21 815
YGR253C 14 602
YGR254W 30 1621
YGR255C 27 503
YGR256W 30 602
YGR257C 20 666
YGR258C 50 903
YGR259C 4 19
YGR260W 26 2535
YGR261C 35 955
YGR262C 11 112
YGR263C 18 306
YGR264C 17 246
YGR265W 7 177
YGR266W 32 921
YGR267C 18 1480
YGR268C 24 2918
YGR269W 18 2082
YGR270W 46 1736
YGR270C-A 6 409
YGR271W 95 2431
YGR271C-A 3 10
YGR273C 1 3
YGR274C 20 788
YGR275W 7 357
YGR276C 13 644
YGR277C 12 186
YGR278W 16 208
YGR279C 15 1297
YGR280C 17 273
YGR281W 76 1606
YGR282C 14 1191
YGR283C 13 457
YGR284C 15 460
YGR285C 15 413
YGR286C 35 1721
YGR287C 35 1225
YGR288W 36 477
YGR289C 22 556
YGR290W 0 0
YGR291C 5 169
YGR292W 4 80
YGR293C 0 0
YGR294W 0 0
YGR295C 10 240
YGR296W 0 0
YGR296C-A 0 0
YGR296C-B 0 0
YHL050C 0 0
YHL050W-A 0 0
YHL049C 0 0
YHL048C-A 2 54
YHL048W 7 112
YHL047C 26 509
YHL046W-A 4 20
YHL046C 1 2
YHL045W 15 1438
YHL044W 14 319
YHL043W 4 109
YHL042W 18 453
YHL041W 14 828
YHL040C 32 634
YHL039W 19 805
YHL038C 16 252
YHL037C 34 3031
YHL036W 38 1611
YHL035C 50 1127
YHL034W-A 6 24
YHL034C 9 70
YHL033C 9 180
YHL032C 47 1661
YHL031C 30 605
YHL030W-A 16 309
YHL030W 66 1942
YHL029C 34 638
YHL028W 36 2428
YHL027W 54 1771
YHL026C 26 1250
YHL025W 70 2981
YHL024W 69 2328
YHL023C 35 828
YHL022C 8 102
YHL021C 30 1043
YHL020C 26 453
YHL019W-A 15 1087
YHL019C 23 1325
YHL018W 11 560
YHL017W 19 170
YHL016C 30 781
YHL015W-A 5 667
YHL015W 0 0
YHL014C 24 712
YHL013C 9 88
YHL012W 21 823
YHL011C 9 289
YHL010C 38 905
YHL009C 16 379
YHL008C 12 131
YHL007C 53 2909
YHL006W-A 19 607
YHL006C 45 14686
YHL005C 36 7612
YHL004W 20 400
YHL003C 15 246
YHL002C-A 11 622
YHL002W 38 1592
YHL001W 11 221
YHR001W 61 31782
YHR001W-A 17 1240
YHR002W 57 1575
YHR003C 36 579
YHR004C 19 534
YHR005C 10 165
YHR005C-A 11 113
YHR006W 21 471
YHR007C 14 184
YHR007C-A 22 2127
YHR008C 15 519
YHR009C 21 454
YHR010W 0 0
YHR011W 17 366
YHR012W 5 53
YHR013C 12 158
YHR014W 4 7
YHR015W 14 127
YHR016C 20 608
YHR017W 16 280
YHR018C 14 192
YHR019C 18 308
YHR020W 16 219
YHR021C 7 83
YHR021W-A 5 69
YHR022C 19 745
YHR022C-A 4 14
YHR023W 68 1464
YHR024C 11 133
YHR025W 17 342
YHR026W 10 194
YHR027C 24 223
YHR028C 43 1297
YHR028W-A 13 25612
YHR029C 21 680
YHR030C 16 353
YHR031C 51 2046
YHR032W 62 3416
YHR032W-A 9 1552
YHR032C-A 10 1648
YHR033W 74 2878
YHR034C 38 535
YHR035W 29 903
YHR036W 17 185
YHR037W 25 2482
YHR038W 3 52
YHR039C 20 539
YHR039C-A 3 7
YHR040W 19 354
YHR041C 22 489
YHR042W 25 591
YHR043C 11 182
YHR044C 10 197
YHR045W 16 312
YHR046C 16 653
YHR047C 36 685
YHR048W 37 688
YHR049W 24 697
YHR049C-A 10 3044
YHR050W 40 2848
YHR050W-A 5 86
YHR051W 2 16
YHR052W 13 411
YHR052W-A 0 0
YHR053C 0 0
YHR054C 0 0
YHR054W-A 0 0
YHR055C 0 0
YHR056C 33 1202
YHR056W-A 18 898
YHR057C 20 5052
YHR058C 8 43
YHR059W 5 537
YHR060W 9 149
YHR061C 19 367
YHR062C 10 239
YHR063C 10 107
YHR063W-A 6 378
YHR064C 8 145
YHR065C 26 790
YHR066W 13 1119
YHR067W 14 582
YHR068W 18 554
YHR069C 10 212
YHR069C-A 5 67
YHR070W 49 3401
YHR070C-A 40 3091
YHR071W 23 540
YHR071C-A 14 588
YHR072W 45 968
YHR072W-A 0 0
YHR073W 43 1090
YHR073W-A 5 291
YHR073C-B 1 6
YHR074W 24 597
YHR075C 21 475
YHR076W 8 180
YHR077C 27 541
YHR078W 19 815
YHR079C 41 612
YHR079C-A 2 12
YHR080C 72 3476
YHR081W 8 132
YHR082C 39 936
YHR083W 24 501
YHR084W 35 1606
YHR085W 8 321
YHR086W 25 1364
YHR086W-A 9 549
YHR087W 14 435
YHR088W 2 10
YHR089C 5 48
YHR090C 3 11
YHR091C 28 517
YHR092C 26 574
YHR093W 3 760
YHR094C 20 564
YHR095W 9 858
YHR096C 50 1246
YHR097C 24 577
YHR098C 26 399
YHR099W 94 2024
YHR100C 8 164
YHR101C 10 338
YHR102W 22 514
YHR103W 30 536
YHR104W 9 81
YHR105W 2 99
YHR106W 11 143
YHR107C 10 434
YHR108W 25 881
YHR109W 11 251
YHR110W 5 39
YHR111W 8 353
YHR112C 25 1151
YHR113W 32 931
YHR114W 32 489
YHR115C 28 2441
YHR116W 15 129
YHR117W 24 589
YHR118C 16 254
YHR119W 42 896
YHR120W 19 193
YHR121W 8 66
YHR122W 13 914
YHR123W 13 300
YHR124W 43 1805
YHR125W 2 110
YHR126C 18 595
YHR127W 4 59
YHR128W 9 488
YHR129C 11 123
YHR130C 3 219
YHR131C 37 747
YHR131W-A 7 220
YHR132C 25 4140
YHR132W-A 6 134
YHR133C 8 40
YHR134W 16 179
YHR135C 49 3314
YHR136C 12 253
YHR137W 10 98
YHR137C-A 4 44
YHR138C 12 194
YHR139C 13 197
YHR139C-A 11 356
YHR140W 19 565
YHR141C 1 1
YHR142W 22 946
YHR143W 12 1462
YHR143W-A 0 0
YHR144C 15 439
YHR145C 3 9
YHR146W 6 210
YHR147C 6 237
YHR148W 15 710
YHR149C 31 628
YHR150W 32 1207
YHR151C 19 147
YHR152W 11 567
YHR153C 10 173
YHR154W 47 1218
YHR155W 25 809
YHR156C 36 1480
YHR157W 12 345
YHR158C 46 34323
YHR159W 27 1306
YHR160C 6 344
YHR161C 40 704
YHR162W 0 0
YHR163W 4 223
YHR164C 32 671
YHR165C 68 1233
YHR165W-A 6 16
YHR166C 28 1003
YHR167W 18 496
YHR168W 22 362
YHR169W 20 528
YHR170W 17 533
YHR171W 16 6253
YHR172W 30 2294
YHR173C 32 1750
YHR174W 26 1128
YHR175W 18 1001
YHR175W-A 4 26
YHR176W 25 515
YHR177W 22 382
YHR178W 49 1306
YHR179W 12 101
YHR180W 13 211
YHR180W-A 3 215
YHR180C-B 1 10
YHR181W 10 482
YHR182W 31 762
YHR182C-A 5 33
YHR183W 24 768
YHR184W 18 716
YHR185C 5 75
YHR186C 54 1144
YHR187W 8 99
YHR188C 26 591
YHR189W 14 147
YHR190W 14 242
YHR191C 2 47
YHR192W 19 275
YHR193C 9 243
YHR193C-A 4 24
YHR194W 47 1410
YHR195W 16 469
YHR196W 18 370
YHR197W 8 99
YHR198C 18 222
YHR199C 17 449
YHR199C-A 8 241
YHR200W 17 409
YHR201C 10 256
YHR202W 22 714
YHR203C 10 328
YHR204W 41 713
YHR205W 22 242
YHR206W 19 292
YHR207C 23 266
YHR208W 19 591
YHR209W 8 1362
YHR210C 18 756
YHR211W 29 536
YHR212C 0 0
YHR212W-A 0 0
YHR213W 0 0
YHR213W-A 0 0
YHR213W-B 13 861
YHR214W 0 0
YHR214W-A 0 0
YHR214C-D 0 0
YHR214C-E 1 24
YHR215W 1 1
YHR216W 24 789
YHR217C 7 58
YHR218W 0 0
YHR218W-A 0 0
YHR219W 0 0
YHR219C-A 0 0
YIL177C 0 0
YIL177W-A 0 0
YIL176C 0 0
YIL173W 1 3
YIL172C 0 0
YIL171W-A 0 0
YIL169C 20 377
YIL166C 28 737
YIL165C 8 315
YIL164C 20 427
YIL163C 21 687
YIL162W 49 3135
YIL161W 10 166
YIL160C 18 431
YIL159W 60 1662
YIL158W 12 1461
YIL157C 10 727
YIL156W-A 6 157
YIL156W-B 4 326
YIL156W 44 1271
YIL155C 72 2237
YIL154C 83 3122
YIL153W 27 395
YIL152W 21 669
YIL151C 28 455
YIL150C 19 414
YIL149C 39 773
YIL148W 4 70
YIL147C 21 485
YIL146C 10 444
YIL145C 15 309
YIL144W 10 241
YIL143C 36 1435
YIL142C-A 7 206
YIL142W 34 679
YIL141W 9 251
YIL140W 28 427
YIL139C 22 301
YIL138C 6 285
YIL137C 45 1376
YIL136W 21 574
YIL135C 20 590
YIL134C-A 15 431
YIL134W 12 152
YIL133C 7 21
YIL132C 24 4042
YIL131C 41 1551
YIL130W 32 1103
YIL129C 63 818
YIL128W 21 1061
YIL127C 7 161
YIL126W 40 982
YIL125W 62 1497
YIL124W 10 172
YIL123W 45 2838
YIL122W 20 162
YIL121W 33 1543
YIL120W 51 2694
YIL119C 18 427
YIL118W 10 282
YIL117C 11 201
YIL116W 11 66
YIL115W-A 4 14
YIL115C 46 877
YIL114C 4 48
YIL113W 29 1223
YIL112W 38 2648
YIL111W 6 283
YIL110W 9 328
YIL109C 45 999
YIL108W 38 856
YIL107C 32 2540
YIL106W 15 614
YIL105C 44 1357
YIL105W-A 3 3
YIL104C 15 487
YIL103W 17 241
YIL102C-A 6 36
YIL102C 2 37
YIL101C 44 2703
YIL100C-A 31 1863
YIL100W 32 1996
YIL099W 40 561
YIL098C 2 33
YIL097W 15 585
YIL096C 12 207
YIL095W 28 766
YIL094C 15 176
YIL093C 19 332
YIL092W 27 1030
YIL091C 26 756
YIL090W 17 313
YIL089W 9 155
YIL088C 27 603
YIL087C 8 232
YIL086C 17 219
YIL085C 36 824
YIL084C 19 425
YIL083C 6 192
YIL082W 5 86
YIL079C 13 908
YIL078W 22 675
YIL077C 31 1532
YIL076W 11 202
YIL075C 30 1456
YIL074C 45 1748
YIL073C 30 1087
YIL072W 9 174
YIL071W-A 2 106
YIL071C 11 1079
YIL070C 6 65
YIL069C 7 248
YIL068W-A 13 235
YIL068C 36 928
YIL067C 32 670
YIL066W-A 7 136
YIL066C 28 389
YIL065C 17 368
YIL064W 28 663
YIL063C 12 373
YIL062C 5 114
YIL061C 15 131
YIL060W 1 11
YIL059C 1 11
YIL058W 9 750
YIL057C 22 17755
YIL056W 33 841
YIL055C 49 1015
YIL054W 17 1037
YIL053W 13 247
YIL052C 0 0
YIL051C 13 285
YIL050W 7 203
YIL049W 10 326
YIL048W 27 281
YIL047C-A 8 110
YIL047C 54 1275
YIL046W-A 31 1968
YIL046W 50 1315
YIL045W 22 852
YIL044C 6 88
YIL043C 20 673
YIL042C 26 375
YIL041W 16 165
YIL040W 3 83
YIL039W 20 451
YIL038C 8 114
YIL037C 20 208
YIL036W 33 741
YIL035C 19 409
YIL034C 31 661
YIL033C 24 547
YIL032C 8 62
YIL031W 31 618
YIL030W-A 4 10
YIL030C 41 6062
YIL029W-A 11 437
YIL029C 4 777
YIL028W 3 145
YIL027C 5 20
YIL026C 28 839
YIL025C 1 6
YIL024C 8 71
YIL023C 26 1074
YIL022W 14 194
YIL021W 13 266
YIL021C-A 3 39
YIL020C-A 6 123
YIL020C 16 472
YIL019W 6 115
YIL018W 3 6
YIL017C 39 969
YIL016W 5 132
YIL015W 24 958
YIL014C-A 1 4
YIL014W 13 201
YIL013C 44 936
YIL012W 24 3118
YIL011W 12 394
YIL010W 14 274
YIL009C-A 14 621
YIL009W 40 1153
YIL008W 6 71
YIL007C 19 409
YIL006W 17 644
YIL005W 32 3609
YIL004C 7 140
YIL003W 40 902
YIL002W-A 8 104
YIL002C 82 3622
YIL001W 77 4856
YIR001C 25 745
YIR002C 69 2834
YIR003W 31 797
YIR004W 13 191
YIR005W 15 217
YIR006C 53 1341
YIR007W 26 486
YIR008C 8 166
YIR009W 4 69
YIR010W 23 929
YIR011C 5 45
YIR012W 16 458
YIR013C 11 158
YIR014W 11 238
YIR015W 19 2180
YIR016W 18 393
YIR017C 29 894
YIR017W-A 32 1612
YIR018W 12 637
YIR018C-A 7 284
YIR019C 26 1518
YIR020C 7 58
YIR020W-A 10 1238
YIR020C-B 18 313
YIR021W 23 547
YIR021W-A 10 1081
YIR022W 7 60
YIR023W 24 753
YIR023C-A 2 5
YIR024C 5 139
YIR025W 16 162
YIR026C 16 496
YIR027C 12 347
YIR028W 25 748
YIR029W 11 301
YIR030C 7 6874
YIR030W-A 6 265
YIR031C 17 572
YIR032C 13 307
YIR033W 25 387
YIR034C 22 3911
YIR035C 9 166
YIR036C 19 524
YIR036W-A 8 405
YIR037W 2 84
YIR038C 16 348
YIR039C 8 132
YIR040C 1 83
YIR041W 1 6
YIR042C 8 843
YJL225C 0 0
YJL225W-A 0 0
YJL223C 0 0
YJL222W-B 0 0
YJL222W-A 0 0
YJL222W 1 2
YJL221C 0 0
YJL220W 0 0
YJL219W 11 985
YJL218W 9 175
YJL217W 12 622
YJL216C 31 962
YJL215C 12 233
YJL214W 29 456
YJL213W 15 517
YJL212C 41 611
YJL211C 24 2575
YJL210W 22 1108
YJL209W 33 728
YJL208C 27 754
YJL207C 65 2843
YJL206C 44 977
YJL205C 6 355
YJL204C 14 377
YJL203W 7 92
YJL202C 11 290
YJL201W 26 674
YJL200C 60 2034
YJL199C 8 625
YJL198W 28 698
YJL197W 44 2979
YJL197C-A 3 479
YJL196C 20 1778
YJL195C 6 172
YJL194W 20 592
YJL193W 5 275
YJL192C 13 1143
YJL191W 35 2180
YJL190C 4 57
YJL189W 2 56
YJL188C 1 4
YJL187C 33 839
YJL186W 29 425
YJL185C 18 265
YJL184W 8 105
YJL183W 31 710
YJL182C 12 113
YJL181W 24 774
YJL180C 6 101
YJL179W 5 59
YJL178C 7 315
YJL177W 8 121
YJL176C 12 357
YJL175W 3 133
YJL174W 6 97
YJL173C 0 0
YJL172W 31 1058
YJL171C 15 546
YJL170C 11 70
YJL169W 7 78
YJL168C 33 932
YJL167W 15 197
YJL166W 12 355
YJL165C 34 1141
YJL164C 18 1587
YJL163C 25 492
YJL162C 26 554
YJL161W 13 296
YJL160C 7 99
YJL159W 3 8
YJL158C 18 332
YJL157C 87 2621
YJL156W-A 20 2663
YJL156C 63 3381
YJL155C 25 586
YJL154C 36 821
YJL153C 26 367
YJL152W 34 2050
YJL151C 31 1770
YJL150W 24 3743
YJL149W 34 1262
YJL148W 3 627
YJL147C 18 500
YJL146W 17 667
YJL145W 16 285
YJL144W 7 74
YJL143W 10 70
YJL142C 1 3
YJL141C 42 1065
YJL140W 8 136
YJL139C 16 356
YJL138C 3 91
YJL137C 16 502
YJL136W-A 7 95
YJL136C 4 30
YJL135W 8 581
YJL134W 15 298
YJL133C-A 12 326
YJL133W 26 1303
YJL132W 35 1723
YJL131C 11 242
YJL130C 109 4351
YJL129C 37 1205
YJL128C 31 1049
YJL127W-A 5 320
YJL127C-B 6 49
YJL127C 35 810
YJL126W 20 614
YJL125C 11 97
YJL124C 6 691
YJL123C 17 429
YJL122W 8 233
YJL121C 13 126
YJL120W 9 371
YJL119C 10 215
YJL118W 16 317
YJL117W 18 348
YJL116C 30 1427
YJL115W 9 222
YJL112W 45 2028
YJL111W 12 130
YJL110C 9 174
YJL109C 36 838
YJL108C 5 72
YJL107C 25 655
YJL106W 24 488
YJL105W 15 191
YJL104W 5 205
YJL103C 26 946
YJL102W 33 507
YJL101C 32 1478
YJL100W 35 554
YJL099W 41 2385
YJL098W 32 368
YJL097W 11 312
YJL096W 0 0
YJL095W 36 912
YJL094C 37 20330
YJL093C 19 353
YJL092W 24 313
YJL091C 6 28
YJL090C 15 216
YJL089W 27 2988
YJL088W 26 571
YJL087C 13 295
YJL086C 11 293
YJL085W 17 311
YJL084C 27 804
YJL083W 33 1464
YJL082W 28 448
YJL081C 7 172
YJL080C 38 940
YJL079C 14 3074
YJL078C 74 15498
YJL077W-B 2 38
YJL077C 28 2685
YJL077W-A 4 169
YJL076W 32 683
YJL075C 2 19
YJL074C 22 321
YJL073W 32 1677
YJL072C 7 258
YJL071W 21 299
YJL070C 23 289
YJL069C 19 310
YJL068C 19 280
YJL067W 9 460
YJL066C 24 1770
YJL065C 11 486
YJL064W 8 414
YJL063C 13 433
YJL062W-A 19 516
YJL062W 24 727
YJL061W 10 192
YJL060W 11 193
YJL059W 24 387
YJL058C 38 432
YJL057C 22 9586
YJL056C 36 457
YJL055W 9 418
YJL054W 17 416
YJL053W 15 358
YJL052C-A 13 3455
YJL052W 25 699
YJL051W 49 821
YJL050W 29 282
YJL049W 4 22
YJL048C 18 271
YJL047C-A 4 57
YJL047C 26 708
YJL046W 10 370
YJL045W 22 593
YJL044C 14 329
YJL043W 42 19309
YJL042W 70 1310
YJL041W 9 125
YJL039C 36 1184
YJL038C 0 0
YJL037W 12 530
YJL036W 15 370
YJL035C 17 445
YJL034W 25 395
YJL033W 20 194
YJL032W 2 6
YJL031C 4 35
YJL030W 12 930
YJL029C 28 648
YJL028W 26 79795
YJL027C 41 14524
YJL026W 15 387
YJL026C-A 3 213
YJL025W 22 566
YJL024C 6 21
YJL023C 8 182
YJL022W 5 198
YJL020C 38 608
YJL020W-A 1 7
YJL019W 35 983
YJL016W 23 372
YJL015C 19 1290
YJL014W 12 278
YJL013C 7 37
YJL012C 33 741
YJL011C 4 18
YJL010C 12 422
YJL009W 6 59
YJL008C 15 204
YJL007C 9 610
YJL006C 10 230
YJL005W 61 1036
YJL004C 23 292
YJL003W 6 316
YJL002C 30 946
YJL001W 21 271
YJR001W 87 7886
YJR002W 27 556
YJR003C 33 1203
YJR004C 42 1943
YJR005W 26 552
YJR005C-A 1 7
YJR006W 12 237
YJR007W 3 15
YJR008W 29 393
YJR009C 23 455
YJR010W 34 3460
YJR010C-A 8 195
YJR011C 16 304
YJR012C 16 269
YJR013W 11 250
YJR014W 4 34
YJR015W 31 451
YJR016C 14 302
YJR017C 10 291
YJR018W 7 95
YJR019C 21 429
YJR020W 7 74
YJR021C 20 860
YJR022W 3 60
YJR023C 5 294
YJR024C 10 323
YJR025C 2 42
YJR030C 40 1520
YJR031C 34 996
YJR032W 13 241
YJR033C 35 589
YJR034W 6 100
YJR035W 32 1018
YJR036C 27 537
YJR037W 3 107
YJR038C 6 109
YJR039W 36 1233
YJR040W 14 139
YJR041C 13 191
YJR042W 16 412
YJR043C 13 227
YJR044C 7 181
YJR045C 20 432
YJR046W 19 304
YJR047C 8 296
YJR048W 10 157
YJR049C 22 511
YJR050W 15 658
YJR051W 31 627
YJR052W 25 647
YJR053W 28 1443
YJR054W 15 225
YJR055W 6 154
YJR056C 7 153
YJR057W 7 513
YJR058C 17 615
YJR059W 41 2001
YJR060W 16 367
YJR061W 41 1075
YJR062C 12 169
YJR063W 4 99
YJR064W 26 709
YJR065C 25 278
YJR066W 88 2561
YJR067C 4 203
YJR068W 13 297
YJR069C 8 278
YJR070C 7 203
YJR071W 9 166
YJR072C 18 252
YJR073C 22 619
YJR074W 19 486
YJR075W 24 576
YJR076C 19 472
YJR077C 15 364
YJR078W 50 1283
YJR079W 24 881
YJR080C 20 657
YJR082C 3 135
YJR083C 15 224
YJR084W 16 228
YJR085C 6 93
YJR086W 2 11
YJR087W 6 77
YJR088C 25 998
YJR089W 32 416
YJR090C 20 735
YJR091C 45 1016
YJR092W 48 1086
YJR093C 15 262
YJR094C 12 183
YJR094W-A 11 1254
YJR095W 17 191
YJR096W 27 572
YJR097W 1 30
YJR098C 20 297
YJR099W 4 117
YJR100C 17 425
YJR101W 7 92
YJR102C 6 76
YJR103W 63 6170
YJR104C 21 804
YJR105W 27 609
YJR106W 22 612
YJR107W 14 218
YJR108W 16 2589
YJR109C 37 1532
YJR110W 41 2327
YJR111C 30 387
YJR112W 10 149
YJR112W-A 9 265
YJR113C 21 621
YJR114W 16 595
YJR115W 46 971
YJR116W 21 992
YJR117W 25 1482
YJR118C 4 170
YJR119C 39 671
YJR120W 24 4103
YJR121W 24 562
YJR122W 24 448
YJR123W 2 3
YJR124C 31 785
YJR125C 20 315
YJR126C 33 343
YJR127C 83 2759
YJR128W 24 1974
YJR129C 43 2469
YJR130C 18 709
YJR131W 37 584
YJR132W 26 498
YJR133W 7 144
YJR134C 15 459
YJR135C 17 362
YJR135W-A 2 5
YJR136C 4 68
YJR137C 59 1842
YJR138W 48 1382
YJR139C 22 399
YJR140C 23 871
YJR140W-A 2 6
YJR141W 3 5
YJR142W 21 1231
YJR143C 21 361
YJR144W 14 621
YJR145C 4 15
YJR146W 19 335
YJR147W 18 278
YJR148W 37 606
YJR149W 20 515
YJR150C 12 98
YJR151C 19 328
YJR151W-A 1 2
YJR152W 16 183
YJR153W 8 299
YJR154W 19 398
YJR155W 13 193
YJR156C 3 135
YJR157W 0 0
YJR158W 0 0
YJR159W 0 0
YJR160C 0 0
YJR161C 1 3
YJR162C 2 13
YKL225W 8 22
YKL224C 0 0
YKL223W 2 32
YKL222C 22 552
YKL221W 25 767
YKL220C 24 1624
YKL219W 9 95
YKL218C 34 988
YKL217W 48 719
YKL216W 6 76
YKL215C 62 1923
YKL214C 7 58
YKL213C 29 445
YKL212W 21 975
YKL211C 18 173
YKL210W 24 428
YKL209C 42 2602
YKL208W 21 230
YKL207W 16 510
YKL206C 14 300
YKL205W 30 596
YKL204W 9 106
YKL203C 83 1671
YKL202W 4 7286
YKL201C 52 3198
YKL198C 196 35172
YKL197C 59 1159
YKL196C 8 23
YKL195W 10 351
YKL194C 20 1071
YKL193C 14 179
YKL192C 7 61
YKL191W 25 335
YKL190W 3 193
YKL189W 9 201
YKL188C 32 531
YKL187C 52 1137
YKL186C 39 2108
YKL185W 31 456
YKL184W 18 851
YKL183C-A 13 7116
YKL183W 51 3098
YKL182W 123 4075
YKL181W 16 712
YKL180W 3 148
YKL179C 13 384
YKL178C 26 1282
YKL177W 5 21
YKL176C 33 579
YKL175W 39 951
YKL174C 14 310
YKL173W 15 149
YKL172W 4 12
YKL171W 41 10904
YKL170W 8 103
YKL169C 6 98
YKL168C 24 935
YKL167C 4 131
YKL166C 17 104
YKL165C-A 5 105
YKL165C 45 942
YKL164C 7 30
YKL163W 10 175
YKL162C-A 4 39
YKL162C 20 582
YKL161C 9 116
YKL160W 4 52
YKL159C 11 535
YKL157W 52 2437
YKL156W 4 65
YKL156C-A 0 0
YKL155C 31 880
YKL154W 14 526
YKL153W 8 94
YKL152C 12 160
YKL151C 44 1435
YKL150W 28 10657
YKL149C 12 252
YKL148C 90 4450
YKL147C 38 1736
YKL146W 46 1444
YKL145W 17 488
YKL145W-A 1 14
YKL144C 9 130
YKL143W 16 538
YKL142W 7 103
YKL141W 13 118
YKL140W 14 147
YKL139W 12 318
YKL138C-A 2 3
YKL138C 10 49
YKL137W 3 5
YKL136W 5 37
YKL135C 24 322
YKL134C 25 609
YKL133C 15 213
YKL132C 21 414
YKL131W 4 26
YKL130C 3 39
YKL129C 43 1564
YKL128C 22 619
YKL127W 32 876
YKL126W 13 135
YKL125W 19 281
YKL124W 18 369
YKL123W 3 69
YKL122C 7 85
YKL121W 30 10478
YKL120W 13 236
YKL119C 11 404
YKL118W 9 2236
YKL117W 3 139
YKL116C 21 420
YKL115C 7 210
YKL114C 16 383
YKL113C 6 102
YKL112W 25 565
YKL111C 4 63
YKL110C 29 1268
YKL109W 51 1567
YKL108W 12 431
YKL107W 11 244
YKL106C-A 3 144
YKL106W 14 331
YKL105C 39 766
YKL104C 31 634
YKL103C 30 626
YKL102C 15 426
YKL101W 60 849
YKL100C 27 487
YKL100W-A 4 24
YKL099C 11 526
YKL098W 19 303
YKL097C 32 4841
YKL096C-B 0 0
YKL096W-A 0 0
YKL096W 24 774
YKL095W 12 162
YKL094W 34 1143
YKL093W 11 224
YKL092C 19 354
YKL091C 23 4575
YKL090W 35 1452
YKL089W 11 60
YKL088W 15 346
YKL087C 20 1841
YKL086W 43 1679
YKL085W 27 550
YKL084W 16 529
YKL083W 1 6
YKL082C 4 130
YKL081W 17 786
YKL080W 10 125
YKL079W 30 781
YKL078W 8 40
YKL077W 9 57
YKL076C 5 65
YKL075C 16 320
YKL074C 26 488
YKL073W 17 540
YKL072W 24 417
YKL071W 11 494
YKL070W 4 30
YKL069W 9 152
YKL068W-A 2 15
YKL068W 29 472
YKL067W 8 129
YKL066W 16 709
YKL065W-A 2 52
YKL065C 7 44
YKL064W 42 967
YKL063C 8 214
YKL062W 26 490
YKL061W 3 30
YKL060C 28 1715
YKL059C 21 506
YKL058W 2 15
YKL057C 27 646
YKL056C 12 420
YKL055C 11 172
YKL054C 15 233
YKL053C-A 6 17
YKL053W 16 383
YKL052C 31 380
YKL051W 25 2500
YKL050C 38 616
YKL049C 6 68
YKL048C 4 27
YKL047W 29 565
YKL046C 25 1375
YKL045W 29 638
YKL044W 7 549
YKL043W 17 408
YKL042W 10 136
YKL041W 2 67
YKL040C 7 117
YKL039W 42 1051
YKL038W 73 6047
YKL037W 33 1329
YKL036C 25 977
YKL035W 23 1014
YKL034W 31 715
YKL033W-A 15 258
YKL033W 23 399
YKL032C 25 1267
YKL031W 26 1177
YKL030W 41 1205
YKL029C 104 3097
YKL028W 10 150
YKL027W 30 530
YKL026C 10 1026
YKL025C 30 407
YKL024C 18 435
YKL023C-A 5 262
YKL023W 8 134
YKL022C 46 1520
YKL021C 19 866
YKL020C 29 756
YKL019W 14 1621
YKL018C-A 8 205
YKL018W 14 184
YKL017C 21 409
YKL016C 8 337
YKL015W 37 544
YKL014C 40 480
YKL013C 2 9
YKL012W 14 266
YKL011C 21 342
YKL010C 52 1874
YKL009W 7 128
YKL008C 16 365
YKL007W 28 754
YKL006C-A 10 145
YKL006W 2 55
YKL005C 48 2313
YKL004W 23 408
YKL003C 12 81
YKL002W 11 41
YKL001C 12 418
YKR001C 38 700
YKR002W 18 1003
YKR003W 64 871
YKR004C 26 283
YKR005C 47 13694
YKR006C 6 319
YKR007W 1 38
YKR008W 18 411
YKR009C 46 849
YKR010C 26 594
YKR011C 11 141
YKR012C 16 545
YKR013W 20 408
YKR014C 0 0
YKR015C 21 310
YKR016W 18 373
YKR017C 7 60
YKR018C 23 509
YKR019C 32 647
YKR020W 3 159
YKR021W 35 704
YKR022C 10 322
YKR023W 16 417
YKR024C 18 315
YKR025W 9 116
YKR026C 8 129
YKR027W 42 4380
YKR028W 45 824
YKR029C 7 128
YKR030W 8 73
YKR031C 55 1084
YKR032W 15 1576
YKR033C 1 2
YKR034W 6 105
YKR035C 2 8
YKR035W-A 2 8
YKR036C 35 1020
YKR037C 15 589
YKR038C 16 664
YKR039W 15 342
YKR040C 31 2421
YKR041W 54 3157
YKR042W 18 515
YKR043C 27 1068
YKR044W 39 972
YKR045C 22 784
YKR046C 22 341
YKR047W 13 314
YKR048C 25 756
YKR049C 13 492
YKR050W 30 688
YKR051W 29 677
YKR052C 11 51
YKR053C 33 820
YKR054C 106 2109
YKR055W 11 296
YKR056W 30 480
YKR057W 6 59
YKR058W 26 531
YKR059W 3 259
YKR060W 19 2104
YKR061W 37 2304
YKR062W 5 107
YKR063C 15 385
YKR064W 28 544
YKR065C 6 49
YKR066C 19 440
YKR067W 55 1517
YKR068C 9 87
YKR069W 27 386
YKR070W 15 1461
YKR071C 9 418
YKR072C 26 521
YKR073C 19 451
YKR074W 15 582
YKR075C 21 1188
YKR075W-A 13 1097
YKR076W 32 707
YKR077W 8 931
YKR078W 27 536
YKR079C 27 456
YKR080W 19 332
YKR081C 9 217
YKR082W 23 820
YKR083C 3 62
YKR084C 21 567
YKR085C 13 213
YKR086W 31 667
YKR087C 13 486
YKR088C 19 1012
YKR089C 30 739
YKR090W 31 3299
YKR091W 8 168
YKR092C 12 172
YKR093W 51 1123
YKR094C 5 168
YKR095W 33 507
YKR095W-A 9 201
YKR096W 42 497
YKR097W 56 1419
YKR098C 35 875
YKR099W 24 1066
YKR100C 14 408
YKR101W 27 548
YKR102W 25 581
YKR103W 38 507
YKR104W 10 321
YKR105C 2 3
YKR106W 5 29
YLL067C 0 0
YLL067W-A 0 0
YLL066W-B 3 6
YLL066C 0 0
YLL066W-A 0 0
YLL065W 6 111
YLL064C 0 0
YLL063C 28 605
YLL062C 14 173
YLL061W 26 961
YLL060C 20 25451
YLL059C 28 1302
YLL058W 10 436
YLL057C 22 567
YLL056C 18 1500
YLL055W 22 450
YLL054C 23 499
YLL053C 15 403
YLL052C 11 428
YLL051C 42 5593
YLL050C 7 103
YLL049W 7 131
YLL048C 46 1559
YLL047W 5 297
YLL046C 7 448
YLL045C 12 403
YLL044W 11 167
YLL043W 15 535
YLL042C 5 51
YLL041C 26 411
YLL040C 122 3913
YLL039C 28 567
YLL038C 16 329
YLL037W 1 14
YLL036C 11 316
YLL035W 17 133
YLL034C 10 139
YLL033W 5 31
YLL032C 27 456
YLL031C 25 542
YLL030C 10 561
YLL029W 70 4184
YLL028W 54 6935
YLL027W 9 81
YLL026W 50 2663
YLL025W 6 67
YLL024C 21 728
YLL023C 23 835
YLL022C 24 681
YLL021W 43 1126
YLL020C 5 99
YLL019C 21 234
YLL019W-A 1 4
YLL018C-A 1 27
YLL018C 22 529
YLL015W 40 946
YLL014W 6 846
YLL013C 53 1332
YLL012W 43 1133
YLL011W 21 259
YLL010C 36 17945
YLL009C 1 28
YLL008W 14 362
YLL007C 7 71
YLL006W-A 15 314
YLL006W 9 116
YLL005C 29 345
YLL004W 19 272
YLL003W 23 629
YLL002W 30 573
YLL001W 74 2123
YLR001C 91 7560
YLR002C 19 341
YLR003C 5 87
YLR004C 48 2663
YLR005W 27 650
YLR006C 42 4785
YLR007W 22 628
YLR008C 5 26
YLR009W 1 8
YLR010C 1 4
YLR011W 20 570
YLR012C 2 4
YLR013W 1 2
YLR014C 34 855
YLR015W 23 840
YLR016C 9 435
YLR017W 8 183
YLR018C 5 40
YLR019W 31 1704
YLR020C 16 890
YLR021W 8 154
YLR022C 14 327
YLR023C 34 1215
YLR024C 93 9213
YLR025W 5 28
YLR026C 3 55
YLR027C 23 717
YLR028C 53 1836
YLR029C 5 142
YLR030W 13 80
YLR031W 5 30
YLR032W 30 1194
YLR033W 10 379
YLR034C 18 6837
YLR035C 24 632
YLR036C 8 216
YLR037C 7 169
YLR038C 3 33
YLR039C 23 489
YLR040C 14 361
YLR041W 12 344
YLR042C 8 685
YLR043C 2 78
YLR044C 56 2939
YLR045C 47 1241
YLR046C 8 35
YLR047C 26 428
YLR048W 4 43
YLR049C 5 44
YLR050C 10 269
YLR051C 6 309
YLR052W 5 126
YLR053C 1 4
YLR054C 22 877
YLR055C 35 840
YLR056W 17 163
YLR057W 63 1855
YLR058C 23 668
YLR059C 42 7735
YLR060W 34 798
YLR061W 3 33
YLR062C 2 27
YLR063W 10 123
YLR064W 6 371
YLR065C 2 46
YLR066W 10 112
YLR067C 29 390
YLR068W 2 57
YLR069C 37 558
YLR070C 30 588
YLR071C 30 552
YLR072W 26 504
YLR073C 15 617
YLR074C 20 1493
YLR075W 6 47
YLR076C 4 17
YLR077W 40 1627
YLR078C 13 347
YLR079W 10 172
YLR080W 43 1667
YLR081W 65 9474
YLR082C 13 163
YLR083C 28 494
YLR084C 68 7619
YLR085C 36 835
YLR086W 34 789
YLR087C 104 1877
YLR088W 14 156
YLR089C 11 139
YLR090W 28 473
YLR091W 32 1076
YLR092W 56 2327
YLR093C 14 262
YLR094C 52 813
YLR095C 41 994
YLR096W 29 712
YLR097C 13 198
YLR098C 16 926
YLR099C 25 823
YLR099W-A 13 520
YLR100W 25 463
YLR101C 16 278
YLR102C 10 149
YLR103C 12 178
YLR104W 6 40
YLR105C 13 215
YLR106C 103 1954
YLR107W 18 552
YLR108C 20 1195
YLR109W 16 266
YLR110C 3 32
YLR111W 9 1172
YLR112W 23 708
YLR113W 55 1449
YLR114C 24 417
YLR115W 21 573
YLR116W 17 287
YLR117C 26 786
YLR118C 6 92
YLR119W 14 349
YLR120C 29 657
YLR120W-A 5 174
YLR121C 19 318
YLR122C 5 60
YLR123C 4 58
YLR124W 5 100
YLR125W 2 11
YLR126C 6 62
YLR127C 18 447
YLR128W 7 30
YLR129W 24 230
YLR130C 31 437
YLR131C 51 1239
YLR132C 11 125
YLR133W 13 149
YLR134W 28 543
YLR135W 26 1268
YLR136C 7 141
YLR137W 34 987
YLR138W 35 823
YLR139C 19 285
YLR140W 14 317
YLR141W 68 2202
YLR142W 32 381
YLR143W 19 353
YLR144C 22 815
YLR145W 4 35
YLR146C 8 170
YLR146W-A 2 7
YLR147C 2 3
YLR148W 21 289
YLR149C 17 361
YLR149C-A 4 18
YLR150W 7 36
YLR151C 11 3510
YLR152C 19 215
YLR153C 38 799
YLR154C 7 59
YLR154W-A 0 0
YLR154W-B 0 0
YLR154W-C 0 0
YLR154W-E 0 0
YLR154W-F 0 0
YLR154C-G 0 0
YLR154C-H 0 0
YLR155C 0 0
YLR156W 0 0
YLR156C-A 0 0
YLR157C 0 0
YLR157W-D 0 0
YLR157W-E 0 0
YLR157C-C 0 0
YLR158C 0 0
YLR159W 0 0
YLR159C-A 0 0
YLR160C 0 0
YLR161W 0 0
YLR162W 0 0
YLR162W-A 1 107
YLR163C 26 407
YLR163W-A 0 0
YLR164W 5 87
YLR165C 6 14
YLR166C 17 248
YLR167W 6 127
YLR168C 14 437
YLR169W 22 1406
YLR170C 16 276
YLR171W 11 96
YLR172C 23 298
YLR173W 51 12148
YLR174W 35 820
YLR175W 24 598
YLR176C 35 614
YLR177W 24 426
YLR178C 17 318
YLR179C 16 1188
YLR180W 27 506
YLR181C 19 461
YLR182W 14 115
YLR183C 22 287
YLR184W 4 94
YLR185W 7 100
YLR186W 11 167
YLR187W 36 862
YLR188W 27 625
YLR189C 43 904
YLR190W 26 2493
YLR191W 15 411
YLR192C 7 58
YLR193C 12 177
YLR194C 21 399
YLR195C 19 205
YLR196W 26 490
YLR197W 5 35
YLR198C 0 0
YLR199C 14 1200
YLR200W 0 0
YLR201C 15 174
YLR202C 16 422
YLR203C 18 352
YLR204W 8 96
YLR205C 31 3811
YLR206W 23 708
YLR207W 42 1062
YLR208W 12 402
YLR209C 20 589
YLR210W 17 410
YLR211C 6 25
YLR212C 18 116
YLR213C 48 2138
YLR214W 28 951
YLR215C 10 78
YLR216C 23 428
YLR217W 17 532
YLR218C 15 286
YLR219W 22 346
YLR220W 14 700
YLR221C 4 50
YLR222C 19 662
YLR222C-A 0 0
YLR223C 33 562
YLR224W 13 190
YLR225C 13 160
YLR226W 12 108
YLR227C 18 338
YLR228C 24 586
YLR229C 7 91
YLR230W 3 79
YLR231C 26 1621
YLR232W 7 99
YLR233C 32 409
YLR234W 73 1714
YLR235C 31 842
YLR236C 35 5405
YLR237W 61 1571
YLR238W 15 263
YLR239C 6 163
YLR240W 26 491
YLR241W 26 662
YLR242C 11 181
YLR243W 7 38
YLR244C 25 1048
YLR245C 12 99
YLR246W 19 298
YLR247C 59 794
YLR248W 31 1237
YLR249W 34 474
YLR250W 8 69
YLR251W 13 192
YLR252W 3 17
YLR253W 35 765
YLR254C 9 214
YLR255C 22 786
YLR256W 81 1470
YLR257W 28 531
YLR258W 54 1963
YLR259C 22 583
YLR260W 36 1330
YLR261C 3 26
YLR262C 8 160
YLR262C-A 3 15
YLR263W 28 705
YLR264W 1 1
YLR264C-A 1 1
YLR265C 6 23
YLR266C 29 1394
YLR267W 21 388
YLR268W 11 116
YLR269C 18 371
YLR270W 12 168
YLR271W 15 103
YLR272C 29 661
YLR273C 13 126
YLR274W 24 467
YLR275W 5 62
YLR276C 8 23
YLR277C 16 267
YLR278C 45 1472
YLR279W 25 687
YLR280C 7 64
YLR281C 9 103
YLR282C 14 743
YLR283W 19 840
YLR284C 2 63
YLR285W 5 38
YLR285C-A 3 65
YLR286C 5 63
YLR286W-A 1 1
YLR287C 5 14
YLR287C-A 4 92
YLR288C 17 435
YLR289W 22 249
YLR290C 7 165
YLR291C 12 84
YLR292C 15 562
YLR293C 5 24
YLR294C 11 347
YLR295C 7 61
YLR296W 17 995
YLR297W 14 961
YLR298C 16 1401
YLR299W 86 7082
YLR299C-A 3 67
YLR300W 38 1260
YLR301W 14 857
YLR302C 26 1587
YLR303W 18 148
YLR304C 74 2476
YLR305C 71 1532
YLR306W 15 552
YLR307W 13 261
YLR307C-A 2 24
YLR308W 17 376
YLR309C 28 655
YLR310C 28 477
YLR311C 8 47
YLR312C 22 413
YLR312W-A 24 438
YLR313C 24 1238
YLR314C 24 751
YLR315W 8 91
YLR316C 28 1229
YLR317W 9 380
YLR318W 41 818
YLR319C 21 411
YLR320W 27 974
YLR321C 28 725
YLR322W 11 211
YLR323C 5 21
YLR324W 16 289
YLR325C 7 98
YLR326W 24 719
YLR327C 5 63
YLR328W 25 514
YLR329W 11 245
YLR330W 30 1374
YLR331C 2 165
YLR332W 8 516
YLR333C 20 407
YLR334C 12 603
YLR335W 13 427
YLR336C 35 900
YLR337C 22 222
YLR338W 6 32
YLR339C 2 3
YLR340W 3 12
YLR341W 10 270
YLR342W 60 779
YLR342W-A 2 5
YLR343W 26 1014
YLR344W 5 1007
YLR345W 31 1104
YLR346C 5 37
YLR347C 33 587
YLR347W-A 1 75
YLR348C 53 9018
YLR349W 33 5970
YLR350W 10 237
YLR351C 23 828
YLR352W 43 1376
YLR353W 28 349
YLR354C 20 308
YLR355C 43 1534
YLR356W 10 62
YLR357W 67 1703
YLR358C 25 442
YLR359W 11 90
YLR360W 19 501
YLR361C 31 1627
YLR361C-A 3 23
YLR362W 29 685
YLR363C 7 111
YLR363W-A 2 96
YLR364W 4 59
YLR365W 6 172
YLR364C-A 10 314
YLR366W 24 1061
YLR367W 28 1323
YLR368W 26 703
YLR369W 11 163
YLR370C 12 186
YLR371W 37 849
YLR372W 11 112
YLR373C 26 523
YLR374C 13 3039
YLR375W 20 2780
YLR376C 18 663
YLR377C 35 1249
YLR378C 37 937
YLR379W 11 182
YLR380W 33 740
YLR381W 25 417
YLR382C 36 773
YLR383W 24 501
YLR384C 31 635
YLR385C 8 340
YLR386W 18 275
YLR387C 23 332
YLR388W 5 197
YLR389C 69 1508
YLR390W 12 832
YLR390W-A 5 14
YLR392C 36 860
YLR393W 7 69
YLR394W 9 172
YLR395C 4 135
YLR396C 40 1319
YLR397C 27 323
YLR398C 60 583
YLR399C 30 396
YLR399W-A 0 0
YLR400W 23 7893
YLR401C 54 2392
YLR402W 2 8
YLR403W 25 578
YLR404W 15 790
YLR405W 22 438
YLR406C 12 389
YLR406C-A 5 55
YLR407W 5 31
YLR408C 11 483
YLR409C 33 1008
YLR410W 74 2370
YLR411W 24 920
YLR412W 13 587
YLR412C-A 2 3
YLR413W 30 1358
YLR414C 38 1241
YLR415C 41 3429
YLR416C 32 1535
YLR417W 47 1051
YLR418C 10 126
YLR419W 33 779
YLR420W 12 642
YLR421C 10 189
YLR422W 44 1045
YLR423C 6 205
YLR424W 23 309
YLR425W 41 6053
YLR426W 10 75
YLR427W 30 909
YLR428C 9 298
YLR429W 40 716
YLR430W 43 653
YLR431C 18 370
YLR432W 24 1209
YLR433C 20 247
YLR434C 4 7
YLR435W 5 46
YLR436C 79 1970
YLR437C 17 363
YLR437C-A 8 95
YLR438W 54 5258
YLR438C-A 5 32
YLR439W 16 159
YLR440C 16 187
YLR441C 7 390
YLR442C 34 739
YLR443W 19 239
YLR444C 2 26
YLR445W 13 491
YLR446W 15 239
YLR447C 15 403
YLR448W 15 269
YLR449W 15 425
YLR450W 55 4264
YLR451W 15 379
YLR452C 32 900
YLR453C 26 338
YLR454W 69 1930
YLR455W 14 255
YLR456W 11 467
YLR457C 14 345
YLR458W 12 160
YLR459W 4 46
YLR460C 16 488
YLR461W 4 80
YLR462W 0 0
YLR463C 0 0
YLR464W 0 0
YLR465C 0 0
YLR466W 2 3
YLR466C-A 0 0
YLR466C-B 2 45
YLR467W 0 0
YLR467C-A 0 0
YML133C 0 0
YML133W-B 0 0
YML133W-A 0 0
YML132W 0 0
YML131W 23 545
YML130C 18 664
YML129C 8 885
YML128C 37 730
YML127W 23 1028
YML126C 41 1093
YML125C 28 676
YML124C 26 1185
YML123C 36 933
YML122C 31 2906
YML121W 8 79
YML120C 35 1349
YML119W 14 391
YML118W 28 573
YML117W 53 2054
YML116W-A 9 65
YML116W 26 325
YML115C 18 1125
YML114C 19 821
YML113W 17 584
YML112W 10 305
YML111W 35 759
YML110C 17 707
YML109W 32 2394
YML108W 4 22
YML107C 9 231
YML106W 9 310
YML105C 8 95
YML104C 33 516
YML103C 41 1011
YML102W 34 1539
YML101C-A 9 307
YML101C 50 4224
YML100W-A 12 267
YML100W 117 4101
YML099W-A 8 241
YML099C 30 1122
YML098W 1 1
YML097C 17 411
YML096W 19 832
YML095C 6 155
YML094C-A 4 26
YML094W 5 15
YML093W 35 1106
YML092C 4 36
YML091C 46 1962
YML090W 12 424
YML089C 22 1565
YML088W 21 476
YML087C 13 291
YML086C 20 409
YML085C 13 499
YML084W 13 642
YML083C 44 1097
YML082W 37 878
YML081C-A 3 29
YML081W 29 805
YML080W 10 237
YML079W 21 3280
YML078W 11 421
YML077W 12 131
YML076C 46 1057
YML075C 53 1893
YML074C 3 20
YML073C 8 56
YML072C 88 2536
YML071C 26 612
YML070W 28 1032
YML069W 2 8
YML068W 26 345
YML067C 19 267
YML066C 14 227
YML065W 14 279
YML064C 8 172
YML063W 6 133
YML062C 14 584
YML061C 13 292
YML060W 13 759
YML059C 49 689
YML058W-A 4 7
YML058W 13 705
YML057C-A 7 26
YML057W 31 284
YML056C 40 682
YML055W 11 233
YML054C 56 4098
YML054C-A 20 16815
YML053C 16 1189
YML052W 24 1228
YML051W 41 1404
YML050W 12 286
YML049C 63 2113
YML048W 6 46
YML047W-A 3 63
YML047C 9 139
YML046W 16 305
YML043C 3 21
YML042W 35 1102
YML041C 14 204
YML038C 4 12
YML037C 6 38
YML036W 8 412
YML035C 29 751
YML034C-A 9 164
YML034W 39 768
YML032C 16 298
YML031C-A 4 223
YML031W 24 645
YML030W 6 361
YML029W 36 1217
YML028W 28 955
YML027W 15 11953
YML026C 7 43
YML025C 11 239
YML024W 2 35
YML023C 26 534
YML022W 9 214
YML021C 24 803
YML020W 33 835
YML019W 14 519
YML018C 39 621
YML017W 42 539
YML016C 31 629
YML015C 10 180
YML014W 16 542
YML013W 28 694
YML012C-A 12 197
YML012W 10 175
YML011C 14 238
YML010W 18 368
YML009W-B 7 57
YML009C-A 3 44
YML009C 3 4
YML008C 10 158
YML007C-A 6 2645
YML007W 30 469
YML006C 28 618
YML005W 28 741
YML004C 38 1957
YML003W 24 487
YML002W 42 4034
YML001W 19 696
YMR001C 52 2986
YMR001C-A 7 105
YMR002W 19 879
YMR003W 18 430
YMR004W 28 1903
YMR005W 14 259
YMR006C 32 460
YMR007W 27 27844
YMR008C 14 193
YMR009W 8 182
YMR010W 13 195
YMR011W 30 365
YMR012W 43 1762
YMR013C 15 235
YMR013C-A 3 51
YMR013W-A 2 9
YMR014W 8 133
YMR015C 43 2460
YMR016C 17 219
YMR017W 18 378
YMR018W 21 943
YMR019W 41 979
YMR020W 28 576
YMR021C 13 298
YMR022W 12 333
YMR023C 26 1414
YMR024W 12 172
YMR025W 7 158
YMR026C 8 192
YMR027W 17 433
YMR028W 7 203
YMR029C 20 701
YMR030W 12 681
YMR031C 21 445
YMR031W-A 10 325
YMR032W 16 217
YMR030W-A 1 1
YMR033W 8 172
YMR034C 18 244
YMR035W 8 2542
YMR036C 14 248
YMR037C 28 495
YMR038C 16 256
YMR039C 18 254
YMR040W 12 670
YMR041C 11 114
YMR042W 47 4695
YMR043W 13 875
YMR044W 25 458
YMR046W-A 0 0
YMR047C 23 801
YMR048W 9 317
YMR049C 11 392
YMR052W 7 63
YMR052C-A 7 71
YMR053C 41 3359
YMR054W 53 1942
YMR055C 27 1028
YMR056C 41 9230
YMR057C 36 9436
YMR058W 62 2704
YMR059W 6 31
YMR060C 8 169
YMR061W 22 390
YMR062C 30 648
YMR063W 19 490
YMR064W 20 372
YMR065W 32 1853
YMR066W 20 547
YMR067C 16 740
YMR068W 7 72
YMR069W 65 4096
YMR070W 15 735
YMR071C 8 297
YMR072W 4 36
YMR073C 6 153
YMR074C 7 60
YMR075W 15 217
YMR075C-A 2 97
YMR076C 37 1062
YMR077C 12 249
YMR078C 23 431
YMR079W 13 185
YMR080C 31 675
YMR081C 9 155
YMR082C 15 978
YMR083W 23 682
YMR084W 24 448
YMR085W 16 132
YMR086W 36 595
YMR086C-A 10 178
YMR087W 18 781
YMR088C 24 855
YMR089C 26 466
YMR090W 16 183
YMR091C 26 498
YMR092C 23 1346
YMR093W 17 215
YMR094W 7 113
YMR095C 18 563
YMR096W 5 60
YMR097C 13 239
YMR098C 25 969
YMR099C 6 97
YMR100W 31 453
YMR101C 6 319
YMR102C 35 1099
YMR103C 25 2056
YMR104C 32 1100
YMR105C 13 125
YMR105W-A 11 177
YMR106C 62 1971
YMR107W 17 1457
YMR108W 26 888
YMR109W 37 1202
YMR110C 29 375
YMR111C 28 729
YMR112C 7 28
YMR113W 15 171
YMR114C 16 278
YMR115W 12 1599
YMR116C 21 952
YMR117C 6 42
YMR118C 11 65
YMR119W 13 221
YMR119W-A 5 705
YMR120C 24 986
YMR121C 7 153
YMR122C 52 10347
YMR122W-A 6 56
YMR123W 1 31
YMR124W 37 1884
YMR125W 21 369
YMR126C 7 183
YMR127C 13 251
YMR128W 38 799
YMR129W 52 1582
YMR130W 20 444
YMR131C 21 976
YMR132C 9 240
YMR133W 9 99
YMR134W 11 204
YMR135C 33 699
YMR135W-A 45 8127
YMR136W 55 15186
YMR137C 41 2262
YMR138W 4 167
YMR139W 15 337
YMR140W 16 307
YMR141C 4 21
YMR142C 0 0
YMR141W-A 0 0
YMR143W 6 36
YMR144W 19 206
YMR145C 61 2692
YMR146C 26 1104
YMR147W 17 183
YMR148W 24 524
YMR149W 20 232
YMR150C 26 758
YMR151W 17 244
YMR152W 14 338
YMR153W 23 1497
YMR153C-A 0 0
YMR154C 28 749
YMR155W 23 838
YMR156C 10 408
YMR157C 13 259
YMR158W 6 185
YMR158C-A 4 13
YMR158W-B 8 440
YMR159C 12 546
YMR160W 32 350
YMR161W 12 253
YMR162C 80 2340
YMR163C 11 202
YMR164C 15 405
YMR165C 46 911
YMR166C 11 184
YMR167W 27 559
YMR168C 20 463
YMR169C 21 350
YMR170C 20 5034
YMR171C 20 488
YMR172W 26 265
YMR172C-A 6 23
YMR173W 8 104
YMR173W-A 9 102
YMR174C 2 19
YMR175W 6 99
YMR175W-A 12 946
YMR176W 59 1859
YMR177W 15 348
YMR178W 20 201
YMR179W 19 522
YMR180C 40 1642
YMR181C 6 71
YMR182C 7 20
YMR182W-A 4 3155
YMR183C 16 958
YMR184W 15 505
YMR185W 38 1131
YMR186W 18 588
YMR187C 25 12150
YMR188C 14 266
YMR189W 41 1355
YMR190C 36 1488
YMR191W 10 85
YMR192W 15 217
YMR193W 7 71
YMR193C-A 8 107
YMR194W 12 263
YMR194C-B 26 947
YMR194C-A 20 6098
YMR195W 14 272
YMR196W 52 1904
YMR197C 11 137
YMR198W 39 598
YMR199W 21 313
YMR200W 14 239
YMR201C 30 2450
YMR202W 24 517
YMR203W 14 294
YMR204C 2 47
YMR205C 38 394
YMR206W 29 900
YMR207C 73 1378
YMR208W 29 518
YMR209C 23 968
YMR210W 24 894
YMR211W 11 159
YMR212C 28 536
YMR213W 23 1311
YMR214W 13 408
YMR215W 21 256
YMR216C 40 1402
YMR217W 14 615
YMR218C 18 113
YMR219W 69 2461
YMR220W 22 540
YMR221C 19 481
YMR222C 6 235
YMR223W 22 345
YMR224C 30 281
YMR225C 13 383
YMR226C 15 373
YMR227C 16 492
YMR228W 13 421
YMR229C 35 590
YMR230W 10 539
YMR230W-A 16 424
YMR231W 37 1018
YMR232W 24 458
YMR233W 11 198
YMR234W 9 230
YMR235C 9 372
YMR236W 7 84
YMR237W 26 1301
YMR238W 21 987
YMR239C 18 686
YMR240C 14 409
YMR241W 23 1643
YMR242C 9 127
YMR242W-A 1 2
YMR243C 25 1641
YMR244W 29 529
YMR244C-A 11 166
YMR245W 50 5237
YMR246W 96 5764
YMR247C 42 2244
YMR247W-A 2 12
YMR250W 31 782
YMR251W 61 2332
YMR251W-A 0 0
YMR252C 17 234
YMR253C 27 1038
YMR254C 17 1035
YMR255W 3 10
YMR256C 1 6
YMR257C 31 660
YMR258C 15 1054
YMR259C 17 831
YMR260C 3 14
YMR261C 27 851
YMR262W 20 252
YMR263W 6 18
YMR264W 9 403
YMR265C 31 743
YMR266W 34 1035
YMR267W 12 296
YMR268C 6 77
YMR269W 4 17
YMR270C 16 180
YMR271C 11 247
YMR272C 15 848
YMR272W-A 2 8
YMR272W-B 3 10
YMR273C 28 566
YMR274C 10 45
YMR275C 17 322
YMR276W 19 2262
YMR277W 16 102
YMR278W 22 482
YMR279C 17 653
YMR280C 57 1200
YMR281W 10 113
YMR282C 17 1284
YMR283C 27 1353
YMR284W 21 372
YMR285C 32 2651
YMR286W 3 283
YMR287C 31 509
YMR288W 22 242
YMR289W 27 457
YMR290C 7 211
YMR290W-A 4 302
YMR291W 28 6461
YMR292W 17 568
YMR293C 22 426
YMR294W 18 218
YMR294W-A 1 1
YMR295C 4 52
YMR296C 37 1110
YMR297W 31 1286
YMR298W 4 26
YMR299C 9 465
YMR300C 24 812
YMR301C 30 1279
YMR302C 17 369
YMR303C 17 902
YMR304W 45 1070
YMR304C-A 11 188
YMR305C 14 167
YMR306W 68 7075
YMR306C-A 9 1502
YMR307W 19 318
YMR307C-A 3 8
YMR308C 18 379
YMR309C 18 610
YMR310C 14 1055
YMR311C 8 53
YMR312W 6 93
YMR313C 18 857
YMR314W 7 54
YMR315W 20 708
YMR315W-A 5 69
YMR316W 21 590
YMR316C-A 6 66
YMR316C-B 2 27
YMR317W 14 954
YMR318C 33 1071
YMR319C 40 761
YMR320W 8 236
YMR321C 2 9
YMR322C 0 0
YMR323W 5 178
YMR324C 7 179
YMR325W 1 8
YMR326C 4 1387
YNL339C 0 0
YNL339W-B 0 0
YNL339W-A 0 0
YNL338W 3 5
YNL337W 4 18
YNL336W 0 0
YNL335W 1 1
YNL334C 4 63
YNL333W 3 132
YNL332W 3 81
YNL331C 11 227
YNL330C 30 895
YNL329C 36 1232
YNL328C 10 100
YNL327W 16 272
YNL326C 19 430
YNL325C 32 984
YNL324W 6 147
YNL323W 18 333
YNL322C 4 52
YNL321W 29 1681
YNL320W 21 436
YNL319W 8 241
YNL318C 20 324
YNL317W 21 441
YNL316C 16 2229
YNL315C 0 0
YNL314W 28 448
YNL313C 19 314
YNL312W 4 40
YNL311C 34 1201
YNL310C 11 464
YNL309W 26 738
YNL308C 15 261
YNL307C 11 287
YNL306W 8 171
YNL305C 9 160
YNL304W 27 626
YNL303W 10 440
YNL302C 2 4
YNL301C 20 494
YNL300W 5 351
YNL299W 22 607
YNL298W 26 581
YNL297C 36 1124
YNL296W 3 126
YNL295W 15 169
YNL294C 27 1234
YNL293W 34 736
YNL292W 10 55
YNL291C 19 392
YNL290W 23 527
YNL289W 21 1159
YNL288W 22 331
YNL287W 18 246
YNL286W 12 169
YNL285W 20 928
YNL284C 9 171
YNL283C 26 414
YNL282W 15 369
YNL281W 8 407
YNL280C 20 835
YNL279W 41 1107
YNL278W 71 1638
YNL277W-A 21 2824
YNL277W 37 10445
YNL276C 9 44
YNL275W 26 506
YNL274C 14 105
YNL273W 26 1566
YNL272C 17 305
YNL271C 21 306
YNL270C 23 309
YNL269W 24 2183
YNL268W 28 909
YNL267W 36 713
YNL266W 3 11
YNL265C 18 222
YNL264C 22 627
YNL263C 8 218
YNL262W 54 1620
YNL261W 16 456
YNL260C 2 133
YNL259C 5 93
YNL258C 17 128
YNL257C 40 1370
YNL256W 25 1286
YNL255C 6 24
YNL254C 16 605
YNL253W 22 844
YNL252C 6 223
YNL251C 34 1223
YNL250W 21 365
YNL249C 19 392
YNL248C 7 32
YNL247W 19 642
YNL246W 15 342
YNL245C 11 123
YNL244C 8 198
YNL243W 48 1338
YNL242W 68 2289
YNL241C 42 1395
YNL240C 57 2744
YNL239W 16 273
YNL238W 31 758
YNL237W 25 540
YNL236W 29 569
YNL235C 13 463
YNL234W 20 1177
YNL233W 37 653
YNL232W 18 488
YNL231C 34 1086
YNL230C 46 1791
YNL229C 17 505
YNL228W 17 343
YNL227C 18 332
YNL226W 13 136
YNL225C 20 1525
YNL224C 28 970
YNL223W 14 378
YNL222W 12 872
YNL221C 32 956
YNL220W 12 278
YNL219C 22 529
YNL218W 39 947
YNL217W 39 2220
YNL216W 48 801
YNL215W 6 153
YNL214W 10 123
YNL213C 8 374
YNL212W 19 582
YNL211C 4 154
YNL210W 6 73
YNL209W 18 1690
YNL208W 15 293
YNL207W 7 90
YNL206C 12 114
YNL205C 10 898
YNL204C 10 119
YNL203C 8 212
YNL202W 21 844
YNL201C 13 299
YNL200C 10 86
YNL199C 10 141
YNL198C 5 547
YNL197C 8 313
YNL196C 23 417
YNL195C 20 354
YNL194C 16 236
YNL193W 18 253
YNL192W 42 947
YNL191W 30 1010
YNL190W 10 57
YNL189W 12 145
YNL188W 12 218
YNL187W 22 1243
YNL186W 25 470
YNL185C 4 14
YNL184C 4 9
YNL183C 28 714
YNL182C 23 418
YNL181W 9 86
YNL180C 15 544
YNL179C 18 283
YNL178W 1 4
YNL177C 1 2
YNL176C 24 599
YNL175C 13 131
YNL174W 3 15
YNL173C 27 822
YNL172W 50 1413
YNL171C 4 7
YNL170W 3 29
YNL169C 13 168
YNL168C 15 628
YNL167C 17 110
YNL166C 16 345
YNL165W 18 696
YNL164C 19 1582
YNL163C 54 1649
YNL162W-A 1 336
YNL162W 5 14
YNL161W 12 100
YNL160W 11 507
YNL159C 4 146
YNL158W 17 176
YNL157W 5 204
YNL156C 12 186
YNL155W 13 294
YNL154C 19 456
YNL153C 15 187
YNL152W 7 50
YNL151C 9 135
YNL150W 4 90
YNL149C 8 113
YNL148C 65 8107
YNL147W 5 177
YNL146C-A 12 148
YNL146W 9 1517
YNL145W 3 51
YNL144C 49 1185
YNL144W-A 2 19
YNL143C 5 34
YNL142W 28 909
YNL141W 13 376
YNL140C 11 157
YNL139C 39 800
YNL138W-A 15 283
YNL138W 13 310
YNL137C 24 431
YNL136W 20 198
YNL135C 2 13
YNL134C 24 331
YNL133C 13 213
YNL132W 18 285
YNL131W 1 4
YNL130C 10 251
YNL130C-A 3 198
YNL129W 11 322
YNL128W 27 5547
YNL127W 24 267
YNL126W 34 685
YNL125C 34 466
YNL124W 13 376
YNL123W 39 1339
YNL122C 8 173
YNL121C 9 116
YNL120C 5 84
YNL119W 20 519
YNL118C 22 273
YNL117W 37 985
YNL116W 20 316
YNL115C 27 745
YNL114C 2 190
YNL113W 2 7
YNL112W 27 399
YNL111C 4 121
YNL110C 7 149
YNL109W 7 808
YNL108C 14 2734
YNL107W 11 178
YNL106C 49 2129
YNL105W 6 785
YNL104C 55 5102
YNL103W-A 5 164
YNL103W 17 330
YNL102W 47 852
YNL101W 25 628
YNL100W 11 209
YNL099C 18 497
YNL098C 14 202
YNL097C-B 11 2303
YNL097C 27 1983
YNL097W-A 5 16
YNL096C 15 514
YNL095C 19 316
YNL094W 20 517
YNL093W 10 231
YNL092W 30 1656
YNL091W 30 689
YNL090W 1 23
YNL089C 1 23
YNL088W 29 677
YNL087W 53 3629
YNL086W 2 35
YNL085W 24 520
YNL084C 8 329
YNL083W 22 856
YNL082W 21 368
YNL081C 4 18
YNL080C 23 733
YNL079C 10 350
YNL078W 25 349
YNL077W 30 568
YNL076W 18 228
YNL075W 8 130
YNL074C 22 735
YNL073W 27 901
YNL072W 31 825
YNL071W 11 237
YNL070W 4 227
YNL069C 5 259
YNL068C 34 854
YNL067W-A 7 174
YNL067W-B 5 45
YNL067W 19 1021
YNL066W 51 4535
YNL065W 33 788
YNL064C 22 361
YNL063W 11 419
YNL062C 14 941
YNL061W 25 496
YNL059C 11 100
YNL058C 7 159
YNL057W 0 0
YNL056W 7 957
YNL055C 28 1403
YNL054W 34 567
YNL053W 50 3442
YNL052W 13 289
YNL051W 15 210
YNL050C 12 300
YNL049C 29 353
YNL048W 15 259
YNL047C 20 758
YNL046W 12 379
YNL045W 33 831
YNL044W 8 20
YNL043C 3 18
YNL042W-B 16 371
YNL042W 13 586
YNL041C 28 1245
YNL040W 13 142
YNL039W 19 640
YNL038W 13 835
YNL037C 34 479
YNL036W 19 331
YNL035C 18 230
YNL034W 8 26
YNL033W 0 0
YNL032W 15 224
YNL031C 10 392
YNL030W 8 272
YNL029C 21 547
YNL028W 11 650
YNL027W 19 427
YNL026W 12 166
YNL025C 16 253
YNL024C-A 10 83
YNL024C 34 1564
YNL023C 46 1042
YNL022C 17 154
YNL021W 17 180
YNL020C 32 792
YNL019C 1 13
YNL018C 17 2091
YNL017C 17 6950
YNL016W 14 232
YNL015W 0 0
YNL014W 29 6581
YNL013C 0 0
YNL012W 38 954
YNL011C 12 227
YNL010W 17 846
YNL009W 31 930
YNL008C 31 997
YNL007C 11 239
YNL006W 17 825
YNL005C 15 472
YNL004W 68 3886
YNL003C 23 433
YNL002C 2 12
YNL001W 32 723
YNR001C 56 3260
YNR001W-A 8 440
YNR002C 68 4121
YNR003C 33 795
YNR003W-A 5 37
YNR004W 9 133
YNR005C 7 151
YNR006W 23 350
YNR007C 12 802
YNR008W 39 652
YNR009W 9 153
YNR010W 4 110
YNR011C 33 593
YNR012W 15 180
YNR013C 55 1062
YNR014W 22 402
YNR015W 49 2796
YNR016C 147 4672
YNR017W 17 675
YNR018W 31 622
YNR019W 44 4810
YNR020C 12 300
YNR021W 16 227
YNR022C 1 63
YNR023W 8 631
YNR024W 2 16
YNR025C 1 2
YNR026C 17 316
YNR027W 15 804
YNR028W 20 558
YNR029C 23 730
YNR030W 15 159
YNR031C 96 2202
YNR032W 27 1544
YNR032C-A 5 80
YNR033W 34 1616
YNR034W 18 600
YNR034W-A 8 53
YNR035C 5 498
YNR036C 12 154
YNR037C 4 22
YNR038W 10 88
YNR039C 24 439
YNR040W 16 249
YNR041C 16 263
YNR042W 3 24
YNR043W 6 59
YNR044W 29 766
YNR045W 14 143
YNR046W 9 627
YNR047W 33 1030
YNR048W 14 594
YNR049C 12 237
YNR050C 24 368
YNR051C 11 202
YNR052C 14 509
YNR053C 21 278
YNR054C 21 970
YNR055C 35 1701
YNR056C 40 761
YNR057C 29 2371
YNR058W 25 428
YNR059W 31 394
YNR060W 37 1459
YNR061C 13 106
YNR062C 6 42
YNR063W 21 284
YNR064C 18 541
YNR065C 21 429
YNR066C 34 451
YNR067C 33 1741
YNR068C 4 24
YNR069C 16 360
YNR070W 46 2544
YNR071C 20 771
YNR072W 29 285
YNR073C 14 522
YNR074C 13 836
YNR075W 14 308
YNR075C-A 9 759
YNR076W 0 0
YNR077C 1 33
YOL166W-A 4 2649
YOL166C 4 177
YOL165C 7 628
YOL164W-A 1 6
YOL164W 29 2698
YOL163W 8 117
YOL162W 3 16
YOL161C 5 18
YOL160W 6 274
YOL159C-A 5 444
YOL159C 12 232
YOL158C 33 1803
YOL157C 21 951
YOL156W 7 762
YOL155W-A 0 0
YOL155C 22 4832
YOL154W 6 26
YOL152W 33 814
YOL151W 9 184
YOL150C 0 0
YOL149W 6 59
YOL148C 10 214
YOL147C 12 335
YOL146W 10 353
YOL145C 22 439
YOL144W 9 63
YOL143C 10 589
YOL142W 14 321
YOL141W 39 904
YOL140W 22 337
YOL139C 1 20
YOL138C 48 784
YOL137W 24 616
YOL136C 9 82
YOL135C 14 395
YOL134C 10 285
YOL133W 4 41
YOL132W 17 375
YOL131W 7 36
YOL130W 26 541
YOL129W 7 1269
YOL128C 14 270
YOL127W 0 0
YOL126C 28 812
YOL125W 27 1213
YOL124C 25 558
YOL123W 36 776
YOL122C 21 1267
YOL121C 8 48
YOL120C 17 376
YOL119C 13 228
YOL118C 21 2158
YOL117W 15 78
YOL116W 16 636
YOL115W 28 600
YOL114C 8 144
YOL113W 22 253
YOL112W 26 973
YOL111C 22 389
YOL110W 69 11009
YOL109W 1 13
YOL108C 5 12
YOL107W 20 1345
YOL106W 7 200
YOL105C 9 1096
YOL104C 9 89
YOL103W 20 4432
YOL102C 4 27
YOL101C 3 12
YOL100W 22 583
YOL099C 5 131
YOL098C 42 858
YOL097W-A 9 237
YOL097C 20 639
YOL096C 26 551
YOL095C 22 604
YOL094C 16 539
YOL093W 5 53
YOL092W 18 293
YOL091W 9 76
YOL090W 27 427
YOL089C 32 548
YOL088C 5 42
YOL087C 31 1567
YOL086W-A 14 527
YOL086C 20 278
YOL085W-A 15 3823
YOL085C 29 4052
YOL084W 59 3131
YOL083W 11 50
YOL083C-A 1 2
YOL082W 13 398
YOL081W 84 2220
YOL080C 5 98
YOL079W 1 2
YOL078W 36 647
YOL077W-A 5 233
YOL077C 7 205
YOL076W 11 110
YOL075C 33 1098
YOL073C 15 447
YOL072W 19 522
YOL071W 4 66
YOL070C 27 714
YOL069W 20 323
YOL068C 37 599
YOL067C 8 273
YOL066C 26 415
YOL065C 14 2015
YOL064C 8 72
YOL063C 23 673
YOL062C 4 20
YOL061W 24 868
YOL060C 36 1831
YOL059W 38 17386
YOL058W 36 1223
YOL057W 19 329
YOL056W 17 541
YOL055C 26 1189
YOL054W 20 627
YOL053W 22 1088
YOL052C-A 3 133
YOL052C 32 3423
YOL051W 27 1519
YOL050C 3 111
YOL049W 19 288
YOL048C 8 138
YOL047C 6 161
YOL046C 13 199
YOL045W 30 469
YOL044W 13 200
YOL043C 16 2471
YOL042W 21 397
YOL041C 18 1025
YOL040C 2 94
YOL039W 2 37
YOL038C-A 4 76
YOL038W 12 451
YOL037C 3 46
YOL036W 25 358
YOL035C 7 58
YOL034W 51 1493
YOL033W 12 696
YOL032W 14 125
YOL031C 24 793
YOL030W 19 4456
YOL029C 11 200
YOL028C 12 536
YOL027C 21 384
YOL026C 15 378
YOL025W 16 586
YOL024W 3 91
YOL023W 20 493
YOL022C 15 423
YOL021C 49 1838
YOL020W 42 1763
YOL019W-A 19 670
YOL019W 21 379
YOL018C 21 894
YOL017W 42 611
YOL016C 23 428
YOL015W 15 221
YOL014W 1 4
YOL013W-B 1 10
YOL013W-A 8 376
YOL013C 17 311
YOL012C 10 198
YOL011W 31 768
YOL010W 18 257
YOL009C 21 666
YOL008W 6 66
YOL007C 32 752
YOL006C 23 573
YOL005C 10 879
YOL004W 51 663
YOL003C 46 1137
YOL002C 29 2258
YOL001W 38 1131
YOR001W 55 2010
YOR002W 47 1312
YOR003W 50 1282
YOR004W 15 361
YOR005C 57 1993
YOR006C 13 191
YOR007C 11 560
YOR008C 3 7
YOR008C-A 8 109
YOR008W-B 4 365
YOR009W 7 121
YOR010C 3 228
YOR011W 37 812
YOR011W-A 3 72
YOR012W 4 25
YOR013W 15 119
YOR014W 19 649
YOR015W 4 34
YOR016C 12 309
YOR017W 17 568
YOR018W 33 991
YOR019W 32 1285
YOR020C 3 18
YOR020W-A 1 3
YOR021C 4 129
YOR022C 26 850
YOR023C 10 203
YOR024W 26 817
YOR025W 23 291
YOR026W 31 896
YOR027W 32 596
YOR028C 26 885
YOR029W 25 1686
YOR030W 22 273
YOR031W 5 89
YOR032C 13 196
YOR032W-A 13 380
YOR033C 30 978
YOR034C 33 573
YOR034C-A 14 341
YOR035C 15 398
YOR036W 6 61
YOR037W 26 962
YOR038C 29 488
YOR039W 11 137
YOR040W 21 862
YOR041C 8 266
YOR042W 33 880
YOR043W 12 156
YOR044W 10 196
YOR045W 1 14
YOR046C 28 938
YOR047C 3 36
YOR048C 14 171
YOR049C 19 440
YOR050C 14 465
YOR051C 11 405
YOR052C 8 139
YOR053W 6 46
YOR054C 25 272
YOR055W 3 69
YOR056C 15 176
YOR057W 20 581
YOR058C 24 441
YOR059C 22 1423
YOR060C 21 480
YOR061W 14 304
YOR062C 23 1530
YOR063W 12 175
YOR064C 11 528
YOR065W 19 416
YOR066W 26 865
YOR067C 21 441
YOR069W 19 284
YOR068C 0 0
YOR070C 13 246
YOR071C 27 588
YOR072W 18 623
YOR072W-A 19 1206
YOR072W-B 3 25
YOR073W 14 245
YOR074C 13 309
YOR073W-A 1 59
YOR075W 1 18
YOR076C 29 1795
YOR077W 21 571
YOR078W 8 104
YOR079C 19 788
YOR080W 24 426
YOR081C 34 634
YOR082C 10 78
YOR083W 40 1096
YOR084W 36 1403
YOR085W 27 9429
YOR086C 36 904
YOR087W 35 7926
YOR089C 6 199
YOR090C 33 1221
YOR091W 31 2076
YOR092W 25 721
YOR093C 50 2004
YOR094W 5 24
YOR095C 8 88
YOR096W 5 177
YOR097C 8 421
YOR098C 32 457
YOR099W 33 1270
YOR100C 15 396
YOR101W 14 799
YOR102W 1 9
YOR103C 2 10
YOR104W 14 359
YOR105W 5 137
YOR106W 17 117
YOR107W 22 416
YOR108W 33 491
YOR108C-A 3 41
YOR109W 34 584
YOR110W 17 1672
YOR111W 7 98
YOR112W 22 436
YOR113W 23 264
YOR114W 12 992
YOR115C 5 133
YOR116C 26 451
YOR117W 14 235
YOR118W 27 892
YOR119C 22 410
YOR120W 20 943
YOR121C 6 72
YOR122C 8 95
YOR123C 14 220
YOR124C 40 894
YOR125C 9 618
YOR126C 11 666
YOR127W 29 787
YOR128C 14 379
YOR129C 16 538
YOR130C 11 151
YOR131C 10 156
YOR132W 14 3491
YOR133W 4 23
YOR134W 34 9037
YOR135C 7 80
YOR136W 18 598
YOR137C 34 843
YOR138C 64 5034
YOR139C 1 47
YOR140W 29 2536
YOR141C 32 861
YOR142W 23 652
YOR143C 13 266
YOR144C 28 2063
YOR145C 14 196
YOR146W 2 19
YOR147W 14 201
YOR148C 11 96
YOR149C 17 246
YOR150W 4 37
YOR151C 36 767
YOR152C 1 18
YOR153W 86 2277
YOR154W 14 497
YOR155C 13 262
YOR156C 23 452
YOR157C 12 231
YOR158W 12 80
YOR159C 8 72
YOR160W 24 453
YOR161C 30 688
YOR161W-A 0 0
YOR161W-B 6 54
YOR161C-C 11 145
YOR162C 46 1661
YOR163W 13 181
YOR164C 15 465
YOR165W 38 1801
YOR166C 11 80
YOR167C 2 16
YOR168W 25 645
YOR169C 3 243
YOR170W 0 0
YOR171C 13 320
YOR172W 27 381
YOR173W 29 372
YOR174W 15 660
YOR175C 29 433
YOR176W 29 476
YOR177C 14 228
YOR178C 24 554
YOR179C 24 1075
YOR180C 3 66
YOR181W 17 182
YOR182C 5 130
YOR183W 24 998
YOR184W 13 309
YOR185C 5 15
YOR186W 20 478
YOR186C-A 13 374
YOR187W 24 884
YOR188W 44 930
YOR189W 4 25
YOR190W 11 187
YOR191W 45 771
YOR192C 18 132
YOR192C-C 0 0
YOR193W 7 559
YOR194C 8 281
YOR195W 17 689
YOR196C 14 398
YOR197W 23 588
YOR198C 13 144
YOR199W 15 667
YOR200W 3 111
YOR201C 9 162
YOR202W 23 507
YOR203W 25 2836
YOR204W 34 366
YOR205C 46 1388
YOR206W 11 170
YOR207C 33 846
YOR208W 8 147
YOR209C 23 257
YOR210W 2 18
YOR211C 46 1270
YOR212W 23 730
YOR213C 18 1138
YOR214C 9 92
YOR215C 9 274
YOR216C 28 1126
YOR217W 26 535
YOR218C 4 44
YOR219C 40 961
YOR220W 12 178
YOR221C 17 453
YOR222W 54 5429
YOR223W 24 479
YOR224C 11 163
YOR225W 13 264
YOR226C 11 540
YOR227W 49 925
YOR228C 12 129
YOR229W 54 3032
YOR230W 27 722
YOR231W 31 864
YOR231C-A 8 280
YOR232W 3 26
YOR233W 32 414
YOR234C 16 124
YOR235W 14 390
YOR236W 13 221
YOR237W 10 186
YOR238W 21 438
YOR239W 16 289
YOR241W 17 316
YOR242C 23 368
YOR243C 24 603
YOR244W 16 172
YOR245C 12 96
YOR246C 15 212
YOR247W 7 255
YOR248W 4 217
YOR249C 18 122
YOR250C 16 422
YOR251C 19 1166
YOR252W 15 300
YOR253W 11 1773
YOR254C 25 423
YOR255W 8 1505
YOR256C 24 726
YOR257W 0 0
YOR258W 3 6
YOR259C 15 243
YOR260W 23 534
YOR261C 15 107
YOR262W 12 104
YOR263C 5 40
YOR264W 13 174
YOR265W 4 266
YOR266W 15 306
YOR267C 38 2446
YOR268C 34 3919
YOR269W 29 1027
YOR270C 48 1693
YOR271C 24 179
YOR272W 6 70
YOR273C 35 447
YOR274W 24 909
YOR275C 24 825
YOR276W 10 265
YOR277C 7 168
YOR278W 11 465
YOR279C 18 449
YOR280C 16 308
YOR281C 9 146
YOR282W 10 465
YOR283W 10 324
YOR284W 10 217
YOR285W 10 286
YOR286W 12 542
YOR287C 7 118
YOR288C 7 6308
YOR289W 32 1839
YOR290C 20 188
YOR291W 43 1120
YOR292C 17 379
YOR293W 11 78
YOR293C-A 4 137
YOR294W 4 130
YOR295W 16 1605
YOR296W 59 1041
YOR297C 6 199
YOR298W 27 579
YOR298C-A 15 251
YOR299W 30 1514
YOR300W 10 3770
YOR301W 59 4292
YOR302W 5 42
YOR303W 33 926
YOR304W 49 2868
YOR304C-A 7 122
YOR305W 6 54
YOR306C 25 324
YOR307C 25 36229
YOR308C 16 330
YOR309C 1 5
YOR310C 13 200
YOR311C 18 642
YOR312C 4 100
YOR313C 8 83
YOR314W 2 6
YOR314W-A 5 4545
YOR315W 15 458
YOR316C 30 624
YOR316C-A 29 2578
YOR317W 49 2277
YOR318C 47 5081
YOR319W 9 184
YOR320C 11 401
YOR321W 40 709
YOR322C 41 1355
YOR323C 8 79
YOR324C 30 699
YOR325W 17 230
YOR326W 42 543
YOR327C 7 161
YOR328W 75 5730
YOR329C 28 492
YOR329W-A 4 70
YOR330C 31 602
YOR331C 7 74
YOR332W 7 34
YOR333C 6 111
YOR334W 14 185
YOR335C 47 1243
YOR335W-A 1 46
YOR336W 33 746
YOR337W 44 1273
YOR338W 27 1088
YOR339C 4 46
YOR340C 10 209
YOR341W 22 339
YOR342C 18 209
YOR343C 30 3185
YOR344C 23 4701
YOR345C 3 17
YOR346W 44 855
YOR347C 14 188
YOR348C 235 150142
YOR349W 69 2586
YOR350C 29 1157
YOR351C 32 1707
YOR352W 11 163
YOR353C 24 452
YOR354C 37 1420
YOR355W 11 155
YOR356W 36 1114
YOR357C 16 1917
YOR358W 30 978
YOR359W 17 561
YOR360C 23 13062
YOR361C 33 1539
YOR362C 9 129
YOR363C 30 638
YOR364W 22 561
YOR365C 36 1074
YOR366W 3 23
YOR367W 7 55
YOR368W 28 1723
YOR369C 16 270
YOR370C 31 831
YOR371C 64 15672
YOR372C 15 479
YOR373W 31 1553
YOR374W 33 805
YOR375C 38 560
YOR376W 14 388
YOR376W-A 1 1
YOR377W 30 1648
YOR378W 15 722
YOR379C 11 686
YOR380W 39 1258
YOR381W 20 298
YOR381W-A 2 16
YOR382W 4 10
YOR383C 3 26
YOR384W 29 383
YOR385W 18 592
YOR386W 8 306
YOR387C 4 21
YOR388C 3 23
YOR389W 13 522
YOR390W 2 88
YOR391C 6 33
YOR392W 3 20
YOR393W 0 0
YOR394W 0 0
YOR394C-A 0 0
YOR396W 0 0
YOR396C-A 0 0
YPL283C 0 0
YPL283W-B 0 0
YPL283W-A 0 0
YPL282C 0 0
YPL281C 0 0
YPL280W 0 0
YPL279C 8 77
YPL278C 0 0
YPL277C 12 267
YPL274W 44 694
YPL273W 13 183
YPL272C 9 379
YPL271W 0 0
YPL270W 41 656
YPL269W 29 1152
YPL268W 26 437
YPL267W 8 56
YPL266W 17 412
YPL265W 59 1810
YPL264C 16 581
YPL263C 32 1577
YPL262W 29 566
YPL261C 10 280
YPL260W 7 138
YPL259C 21 909
YPL258C 41 1442
YPL257W 7 118
YPL256C 31 727
YPL255W 17 336
YPL254W 15 344
YPL253C 27 797
YPL252C 7 129
YPL251W 5 67
YPL250C 7 571
YPL249C-A 3 32
YPL250W-A 3 32
YPL249C 37 479
YPL248C 22 445
YPL247C 40 10102
YPL246C 14 1440
YPL245W 28 564
YPL244C 35 1373
YPL243W 6 176
YPL242C 52 2797
YPL241C 6 9
YPL240C 32 572
YPL239W 9 158
YPL238C 1 1
YPL237W 4 108
YPL236C 10 179
YPL235W 10 318
YPL234C 13 298
YPL233W 11 486
YPL232W 27 675
YPL231W 106 2737
YPL230W 34 1759
YPL229W 13 762
YPL228W 20 244
YPL227C 14 260
YPL226W 29 555
YPL225W 1 2
YPL224C 39 1975
YPL223C 15 145
YPL222W 45 827
YPL222C-A 5 19
YPL221W 63 6406
YPL220W 4 90
YPL219W 40 2282
YPL218W 16 123
YPL217C 33 723
YPL216W 31 761
YPL215W 10 33
YPL214C 28 1753
YPL213W 17 298
YPL212C 19 601
YPL211W 8 93
YPL210C 18 368
YPL209C 6 48
YPL208W 30 516
YPL207W 38 1888
YPL206C 17 401
YPL205C 11 508
YPL204W 19 1624
YPL203W 19 1733
YPL202C 20 1592
YPL201C 13 104
YPL200W 2 16
YPL199C 11 157
YPL198W 35 1435
YPL197C 5 191
YPL196W 14 469
YPL195W 19 1495
YPL194W 20 377
YPL193W 17 276
YPL192C 0 0
YPL191C 13 140
YPL190C 25 450
YPL189C-A 4 20
YPL189W 31 806
YPL188W 17 274
YPL187W 1 5
YPL186C 37 1047
YPL185W 25 4354
YPL184C 23 616
YPL183W-A 8 51
YPL183C 44 1108
YPL182C 5 246
YPL181W 17 486
YPL180W 34 595
YPL179W 25 748
YPL178W 7 56
YPL177C 11 1564
YPL176C 34 722
YPL175W 28 465
YPL174C 11 58
YPL173W 7 72
YPL172C 11 404
YPL171C 33 767
YPL170W 14 144
YPL169C 11 216
YPL168W 19 1617
YPL167C 34 1137
YPL166W 10 194
YPL165C 5 79
YPL164C 35 1645
YPL163C 7 26
YPL162C 20 264
YPL161C 19 461
YPL160W 39 760
YPL159C 7 150
YPL158C 37 514
YPL157W 17 365
YPL156C 33 2036
YPL155C 53 7175
YPL154C 18 534
YPL153C 38 1665
YPL152W-A 1 3
YPL152W 9 130
YPL151C 27 655
YPL150W 20 248
YPL149W 4 38
YPL148C 3 42
YPL147W 19 564
YPL146C 7 201
YPL145C 3 51
YPL144W 20 865
YPL143W 7 164
YPL142C 1 21
YPL141C 58 927
YPL140C 23 350
YPL139C 12 235
YPL138C 9 123
YPL137C 61 1705
YPL136W 5 171
YPL135W 22 369
YPL135C-A 12 175
YPL134C 27 642
YPL133C 44 2134
YPL132W 15 375
YPL131W 7 51
YPL130W 3 25
YPL129W 2 4
YPL128C 10 206
YPL127C 14 298
YPL126W 17 482
YPL125W 35 912
YPL124W 21 308
YPL123C 11 844
YPL122C 15 175
YPL121C 8 309
YPL120W 18 120
YPL119C-A 6 140
YPL119C 15 217
YPL118W 12 138
YPL117C 11 136
YPL116W 23 646
YPL115C 30 2793
YPL114W 5 47
YPL113C 18 457
YPL112C 10 138
YPL111W 74 3495
YPL110C 45 1993
YPL109C 33 4044
YPL108W 16 370
YPL107W 12 188
YPL106C 18 120
YPL105C 29 1854
YPL104W 28 1009
YPL103C 25 929
YPL102C 10 194
YPL101W 14 370
YPL100W 12 136
YPL099C 5 134
YPL098C 6 572
YPL097W 18 398
YPL096C-A 4 137
YPL096W 26 510
YPL095C 28 1048
YPL094C 29 708
YPL093W 22 705
YPL092W 33 3260
YPL091W 17 201
YPL090C 4 12
YPL089C 41 679
YPL088W 20 487
YPL087W 3 241
YPL086C 19 317
YPL085W 50 780
YPL084W 16 363
YPL083C 8 163
YPL082C 57 2222
YPL081W 28 942
YPL080C 14 743
YPL079W 11 121
YPL078C 9 65
YPL077C 22 665
YPL076W 5 108
YPL075W 27 401
YPL074W 22 746
YPL073C 1 23
YPL072W 17 839
YPL071C 5 426
YPL070W 14 831
YPL069C 15 391
YPL068C 17 539
YPL067C 46 18755
YPL066W 26 3021
YPL065W 7 217
YPL064C 7 58
YPL063W 28 871
YPL062W 34 2756
YPL061W 43 2655
YPL060W 27 582
YPL059W 10 156
YPL058C 62 2465
YPL057C 21 1549
YPL056C 25 3418
YPL055C 22 464
YPL054W 14 639
YPL053C 21 299
YPL052W 11 157
YPL051W 4 205
YPL050C 7 117
YPL049C 36 1198
YPL048W 21 429
YPL047W 4 31
YPL046C 4 14
YPL045W 28 1498
YPL044C 11 313
YPL043W 19 399
YPL042C 22 276
YPL041C 16 241
YPL040C 29 449
YPL039W 14 283
YPL038W-A 5 51
YPL038W 8 319
YPL037C 0 0
YPL036W 24 895
YPL035C 2 3
YPL034W 2 66
YPL033C 8 175
YPL032C 21 221
YPL031C 27 385
YPL030W 22 502
YPL029W 26 477
YPL028W 13 187
YPL027W 14 3445
YPL026C 21 470
YPL025C 9 368
YPL024W 19 235
YPL023C 8 84
YPL022W 33 710
YPL021W 10 370
YPL020C 13 124
YPL019C 31 1347
YPL018W 23 599
YPL017C 33 23784
YPL016W 23 477
YPL015C 33 981
YPL014W 35 1273
YPL013C 10 120
YPL012W 30 710
YPL011C 15 315
YPL010W 5 54
YPL009C 17 314
YPL008W 16 373
YPL007C 3 58
YPL006W 59 1368
YPL005W 16 182
YPL004C 17 212
YPL003W 42 1631
YPL002C 32 1302
YPL001W 33 1146
YPR001W 74 6018
YPR002W 63 1449
YPR002C-A 4 88
YPR003C 29 1027
YPR004C 14 87
YPR005C 11 252
YPR006C 46 1335
YPR007C 31 546
YPR008W 51 1722
YPR009W 8 321
YPR010C 21 303
YPR010C-A 0 0
YPR011C 41 975
YPR012W 7 19541
YPR013C 12 269
YPR014C 13 172
YPR015C 21 352
YPR016C 5 93
YPR016W-A 8 149
YPR017C 4 9
YPR018W 11 141
YPR019W 39 1211
YPR020W 1 4
YPR021C 25 344
YPR022C 50 1023
YPR023C 19 320
YPR024W 18 167
YPR025C 2 61
YPR026W 62 1354
YPR027C 4 125
YPR028W 7 53
YPR029C 15 369
YPR030W 41 575
YPR031W 26 11036
YPR032W 16 247
YPR033C 21 414
YPR034W 17 283
YPR035W 24 601
YPR036W 57 1448
YPR036W-A 8 327
YPR037C 25 1362
YPR038W 11 292
YPR039W 14 414
YPR040W 31 489
YPR041W 13 327
YPR042C 23 230
YPR043W 4 60
YPR044C 3 59
YPR045C 6 193
YPR046W 4 101
YPR047W 24 493
YPR048W 12 394
YPR049C 35 511
YPR050C 10 1176
YPR051W 13 1195
YPR052C 4 42
YPR053C 11 363
YPR054W 32 6300
YPR055W 20 363
YPR056W 7 118
YPR057W 10 59
YPR058W 7 79
YPR059C 4 36
YPR060C 11 346
YPR061C 14 423
YPR062W 25 2843
YPR063C 8 252
YPR064W 26 797
YPR065W 9 133
YPR066W 19 337
YPR067W 15 408
YPR068C 23 520
YPR069C 11 259
YPR070W 14 360
YPR071W 10 191
YPR072W 17 669
YPR073C 12 1222
YPR074C 46 1540
YPR074W-A 15 560
YPR075C 8 36
YPR076W 0 0
YPR077C 14 2307
YPR078C 24 2446
YPR079W 21 347
YPR080W 4 129
YPR081C 29 753
YPR082C 6 90
YPR083W 23 547
YPR084W 9 168
YPR085C 7 275
YPR086W 18 349
YPR087W 10 1007
YPR088C 18 1602
YPR089W 25 1335
YPR091C 26 593
YPR092W 22 3073
YPR093C 25 2247
YPR094W 8 107
YPR095C 33 883
YPR096C 9 252
YPR097W 60 2109
YPR098C 12 230
YPR099C 6 237
YPR100W 7 399
YPR101W 10 247
YPR102C 1 7
YPR103W 14 267
YPR104C 13 257
YPR105C 24 367
YPR106W 21 262
YPR107C 10 434
YPR108W 10 180
YPR108W-A 7 154
YPR109W 20 554
YPR110C 9 63
YPR111W 30 2737
YPR112C 20 830
YPR113W 6 76
YPR114W 19 348
YPR115W 44 1063
YPR116W 5 62
YPR117W 100 2496
YPR118W 17 397
YPR119W 19 504
YPR120C 24 591
YPR121W 28 691
YPR122W 64 2788
YPR123C 9 91
YPR124W 30 552
YPR125W 11 453
YPR126C 2 40
YPR127W 13 907
YPR128C 14 931
YPR129W 4 25
YPR130C 6 59
YPR131C 11 138
YPR132W 2 25
YPR133C 12 220
YPR133W-A 0 0
YPR134W 11 1706
YPR135W 28 374
YPR136C 3 90
YPR137W 10 154
YPR138C 31 998
YPR139C 5 73
YPR140W 22 537
YPR141C 27 448
YPR142C 11 531
YPR143W 5 64
YPR144C 15 396
YPR145W 70 4214
YPR145C-A 10 390
YPR146C 13 347
YPR147C 19 597
YPR148C 19 1013
YPR149W 20 711
YPR150W 32 594
YPR151C 32 584
YPR152C 47 1433
YPR153W 16 337
YPR154W 0 0
YPR155C 28 718
YPR156C 31 581
YPR157W 30 682
YPR158W 19 299
YPR159W 36 676
YPR159C-A 3 8
YPR160W 71 1947
YPR160W-A 1 26
YPR160C-A 11 564
YPR161C 19 358
YPR162C 15 329
YPR163C 17 537
YPR164W 51 1633
YPR165W 9 57
YPR166C 4 60
YPR167C 12 468
YPR168W 13 4269
YPR169W 24 480
YPR170C 20 1210
YPR169W-A 7 74
YPR170W-B 13 468
YPR170W-A 6 124
YPR171W 14 634
YPR172W 14 308
YPR173C 9 1344
YPR174C 6 93
YPR175W 20 445
YPR176C 12 391
YPR177C 11 369
YPR178W 24 590
YPR179C 28 1031
YPR180W 8 58
YPR181C 21 469
YPR182W 4 49
YPR183W 25 1115
YPR184W 89 2851
YPR185W 35 2484
YPR186C 14 152
YPR187W 5 5
YPR188C 1 1
YPR189W 36 1454
YPR190C 26 559
YPR191W 10 440
YPR192W 45 972
YPR193C 14 1235
YPR194C 40 1077
YPR195C 27 1413
YPR196W 29 1217
YPR197C 5 307
YPR198W 16 569
YPR199C 14 318
YPR200C 2 2
YPR201W 21 434
YPR202W 0 0
YPR203W 0 0
YPR204W 0 0
YPR204C-A 0 0
