YAL069W 3 8
YAL068W-A 7 7337
YAL068C 0 0
YAL067W-A 5 145
YAL067C 3 12
YAL066W 1 16
YAL065C 0 0
YAL064W-B 0 0
YAL064C-A 1 9
YAL064W 3 56
YAL063C-A 0 0
YAL063C 2 3
YAL062W 13 1417
YAL061W 2 3
YAL060W 3 102
YAL059C-A 3 88
YAL059W 5 61
YAL058W 4 184
YAL056C-A 13 4152
YAL056W 5 28
YAL055W 4 80
YAL054C 10 118
YAL053W 1 1
YAL051W 3 324
YAL049C 3 32
YAL048C 2 21
YAL047W-A 4 43
YAL047C 2 112
YAL046C 6 430
YAL045C 2 108
YAL044W-A 7 449
YAL044C 12 6408
YAL043C 7 162
YAL042C-A 2 31
YAL042W 8 4562
YAL041W 1 155
YAL040C 2 13
YAL039C 6 3383
YAL038W 2 4
YAL037C-B 1 2
YAL037C-A 0 0
YAL037W 0 0
YAL036C 0 0
YAL035W 1 1
YAL034C-B 2 38
YAL034W-A 5 58
YAL034C 5 873
YAL033W 0 0
YAL032C 3 114
YAL031W-A 2 103
YAL031C 4 151
YAL030W 5 4919
YAL029C 0 0
YAL028W 0 0
YAL027W 3 23
YAL026C-A 0 0
YAL026C 0 0
YAL025C 4 302
YAL024C 1 2
YAL023C 2 46
YAL022C 0 0
YAL021C 5 964
YAL020C 5 52
YAL019W-A 5 126
YAL019W 2 12
YAL018C 0 0
YAL017W 0 0
YAL016C-B 4 25
YAL016C-A 1 1
YAL016W 1 22
YAL015C 8 322
YAL014C 4 475
YAL013W 4 98
YAL012W 8 442
YAL011W 4 295
YAL010C 0 0
YAL009W 3 87
YAL008W 1 1
YAL007C 4 581
YAL005C 3 861
YAL004W 0 0
YAL003W 2 71
YAL002W 3 961
YAL001C 7 306
YAR002W 9 226
YAR002C-A 8 22218
YAR003W 0 0
YAR007C 1 97
YAR008W 1 29
YAR014C 4 38
YAR015W 4 38
YAR018C 4 146
YAR019C 4 22
YAR019W-A 0 0
YAR020C 1 2
YAR023C 1 16
YAR027W 3 108
YAR028W 7 458
YAR029W 1 36
YAR030C 1 20
YAR031W 2 27
YAR033W 0 0
YAR035W 9 1411
YAR035C-A 8 208345
YAR042W 2 407
YAR047C 0 0
YAR050W 0 0
YAR053W 0 0
YAR060C 0 0
YAR064W 0 0
YAR066W 0 0
YAR068W 0 0
YAR069C 0 0
YAR070C 0 0
YAR071W 0 0
YAR073W 0 0
YAR075W 2 13
YBL113C 0 0
YBL113W-A 0 0
YBL112C 0 0
YBL111C 0 0
YBL109W 0 0
YBL108C-A 0 0
YBL108W 0 0
YBL107W-A 0 0
YBL107C 7 98
YBL106C 0 0
YBL105C 1 2
YBL104C 9 98
YBL103C 1 1
YBL102W 3 36
YBL101C 5 171
YBL100W-C 6 70
YBL100C 1 6
YBL099W 0 0
YBL098W 2 159
YBL097W 1 20
YBL096C 0 0
YBL095W 5 72
YBL094C 1 78
YBL093C 3 14
YBL092W 0 0
YBL091C-A 3 369
YBL091C 1 1
YBL090W 1 1
YBL089W 6 663
YBL088C 1 100
YBL087C 2 79
YBL086C 1 17
YBL085W 1 6
YBL084C 1 3
YBL083C 2 170
YBL082C 9 490
YBL081W 2 4
YBL080C 0 0
YBL079W 3 51
YBL078C 1 16
YBL077W 3 263
YBL076C 3 24
YBL075C 3 9
YBL074C 7 183
YBL073W 2 107
YBL072C 2 7
YBL071C-B 2 11
YBL071W-A 10 933
YBL071C 4 68
YBL070C 4 207
YBL069W 5 8125
YBL068W-A 3 98
YBL068W 3 13
YBL067C 2 20
YBL066C 5 276
YBL065W 0 0
YBL064C 6 242
YBL063W 4 90
YBL062W 2 68
YBL061C 0 0
YBL060W 7 664
YBL059C-A 2 41
YBL059W 1 12
YBL058W 8 135
YBL057C 5 357
YBL056W 1 5
YBL055C 5 224
YBL054W 3 249
YBL053W 6 71
YBL052C 2 12
YBL051C 0 0
YBL050W 1 3
YBL049W 0 0
YBL048W 1 14
YBL047C 1 20
YBL046W 5 114
YBL045C 0 0
YBL044W 5 256
YBL043W 2 28
YBL042C 0 0
YBL041W 2 2
YBL040C 5 42
YBL039W-B 1 3
YBL039C 0 0
YBL039C-A 0 0
YBL038W 2 30
YBL037W 1 2
YBL036C 8 173
YBL035C 0 0
YBL034C 1 26
YBL033C 5 45
YBL032W 2 28
YBL031W 4 48
YBL030C 4 54
YBL029C-A 4 114
YBL029W 2 113
YBL028C 5 1647
YBL027W 2 9
YBL026W 0 0
YBL025W 0 0
YBL024W 2 25
YBL023C 0 0
YBL022C 1 1
YBL021C 10 1148
YBL020W 1 34
YBL019W 4 878
YBL018C 1 146
YBL017C 2 54
YBL016W 4 290
YBL015W 8 880
YBL014C 2 3
YBL013W 6 16
YBL012C 1 4
YBL011W 1 3
YBL010C 5 167
YBL009W 3 197
YBL008W-A 0 0
YBL008W 1 29
YBL007C 5 641
YBL006C 7 1065
YBL006W-A 0 0
YBL005W 0 0
YBL004W 1 37
YBL003C 1 3
YBL002W 5 971
YBL001C 2 66
YBR001C 4 392
YBR002C 3 150
YBR003W 3 117
YBR004C 5 22
YBR005W 1 39
YBR006W 4 14
YBR007C 4 75
YBR008C 1 19
YBR009C 4 65
YBR010W 5 72
YBR011C 2 10
YBR012C 0 0
YBR013C 1 29
YBR014C 1 13
YBR015C 0 0
YBR016W 1 22
YBR017C 0 0
YBR018C 2 69
YBR019C 1 2
YBR020W 4 68
YBR021W 0 0
YBR022W 2 2
YBR023C 3 108
YBR024W 1 15
YBR025C 0 0
YBR026C 2 45
YBR027C 0 0
YBR028C 1 2
YBR029C 2 49
YBR030W 3 240
YBR031W 1 5
YBR032W 9 480
YBR033W 4 35
YBR034C 6 1010
YBR035C 3 47
YBR036C 4 178
YBR037C 11 476
YBR038W 2 3
YBR039W 0 0
YBR040W 1 93
YBR041W 0 0
YBR042C 1 10
YBR043C 1 1
YBR044C 0 0
YBR045C 0 0
YBR046C 7 252
YBR047W 4 82
YBR048W 1 27
YBR049C 4 752
YBR050C 1 1
YBR051W 0 0
YBR052C 1 8
YBR053C 10 192075
YBR054W 0 0
YBR055C 3 26
YBR056W 3 7
YBR056W-A 1 31
YBR056C-B 4 457
YBR057C 3 27
YBR058C 1 1
YBR058C-A 1 1
YBR059C 0 0
YBR060C 2 50
YBR061C 6 369
YBR062C 4 72
YBR063C 1 2
YBR064W 1 1
YBR065C 3 17
YBR066C 0 0
YBR067C 3 301
YBR068C 7 271
YBR069C 4 35
YBR070C 3 74
YBR071W 8 3547
YBR072W 3 95
YBR072C-A 2 16
YBR073W 4 1585
YBR074W 2 85
YBR076W 0 0
YBR076C-A 5 95
YBR077C 1 1
YBR078W 3 78
YBR079C 3 55
YBR080C 0 0
YBR081C 4 49
YBR082C 3 28
YBR083W 3 51
YBR084W 0 0
YBR084C-A 1 4
YBR085W 1 1
YBR085C-A 2 36
YBR086C 1 29
YBR087W 2 5
YBR088C 0 0
YBR089W 0 0
YBR089C-A 4 148
YBR090C 7 9253
YBR091C 5 65
YBR092C 0 0
YBR093C 1 7
YBR094W 4 52
YBR095C 7 29
YBR096W 0 0
YBR097W 1 7
YBR098W 5 473
YBR099C 3 59
YBR101C 4 117
YBR102C 1 75
YBR103W 5 152
YBR103C-A 4 191
YBR104W 0 0
YBR105C 2 17
YBR106W 6 43
YBR107C 8 140
YBR108W 5 4550
YBR109C 0 0
YBR109W-A 3 35
YBR110W 0 0
YBR111C 5 81
YBR111W-A 5 78
YBR112C 0 0
YBR113W 0 0
YBR114W 1 7
YBR115C 3 23
YBR116C 7 833
YBR117C 2 33
YBR118W 5 30
YBR119W 7 234
YBR120C 2 4
YBR121C 0 0
YBR121C-A 0 0
YBR122C 5 144
YBR123C 2 19
YBR124W 0 0
YBR125C 2 3
YBR126C 3 85
YBR126W-A 8 614
YBR126W-B 6 742
YBR127C 2 58
YBR128C 3 103
YBR129C 2 9
YBR130C 3 43
YBR131W 1 40
YBR131C-A 0 0
YBR132C 3 168
YBR133C 2 2
YBR134W 1 48
YBR135W 1 288
YBR136W 3 13
YBR137W 0 0
YBR138C 1 2
YBR139W 3 46
YBR140C 3 77
YBR141C 2 23
YBR141W-A 4 99
YBR142W 1 33
YBR143C 4 654
YBR144C 11 376
YBR145W 6 91
YBR146W 0 0
YBR147W 1 12
YBR148W 3 111
YBR149W 8 356
YBR150C 6 80
YBR151W 2 37
YBR152W 2 22
YBR153W 3 101
YBR154C 1 58
YBR155W 2 2
YBR156C 4 202
YBR157C 2 8
YBR158W 0 0
YBR159W 2 86
YBR160W 0 0
YBR161W 0 0
YBR162C 3 49
YBR162W-A 7 96
YBR163W 4 41
YBR164C 2 75
YBR165W 0 0
YBR166C 2 109
YBR167C 2 61
YBR168W 1 67
YBR169C 1 1
YBR170C 4 39
YBR171W 3 66
YBR172C 3 21
YBR173C 4 51
YBR174C 5 480
YBR175W 9 1498
YBR176W 0 0
YBR177C 1 6
YBR178W 3 12
YBR179C 2 47
YBR180W 4 119
YBR181C 4 129
YBR182C 3 392
YBR182C-A 8 788
YBR183W 4 111
YBR184W 3 115
YBR185C 2 112
YBR186W 2 3
YBR187W 3 80
YBR188C 1 192
YBR189W 1 6
YBR190W 5 530
YBR191W 0 0
YBR191W-A 0 0
YBR192W 3 59
YBR193C 1 12
YBR194W 0 0
YBR195C 1 4
YBR196C 0 0
YBR196C-A 4 770
YBR196C-B 6 268
YBR197C 3 260
YBR198C 0 0
YBR199W 3 10
YBR200W 0 0
YBR200W-A 2 2
YBR201W 2 15
YBR201C-A 4 96
YBR202W 0 0
YBR203W 4 70
YBR204C 4 316
YBR205W 5 27
YBR206W 1 1
YBR207W 0 0
YBR208C 0 0
YBR209W 3 82
YBR210W 1 1
YBR211C 1 2
YBR212W 2 23
YBR213W 5 26
YBR214W 1 1
YBR215W 5 2474
YBR216C 3 59
YBR217W 7 127
YBR218C 3 55
YBR219C 0 0
YBR220C 3 79
YBR221C 2 5
YBR221W-A 3 77
YBR222C 5 144
YBR223C 5 9
YBR223W-A 3 268
YBR224W 0 0
YBR225W 1 6
YBR226C 2 14
YBR227C 0 0
YBR228W 0 0
YBR229C 5 17
YBR230C 2 42
YBR230W-A 12 108
YBR231C 4 19
YBR232C 1 6
YBR233W 2 40
YBR233W-A 3 70
YBR234C 3 199
YBR235W 0 0
YBR236C 1 6
YBR237W 1 45
YBR238C 4 91
YBR239C 1 4
YBR240C 5 851
YBR241C 2 3
YBR242W 2 32
YBR243C 2 11
YBR244W 1 132
YBR245C 3 120
YBR246W 5 380
YBR247C 1 180
YBR248C 4 105
YBR249C 1 9
YBR250W 0 0
YBR251W 4 186
YBR252W 1 9
YBR253W 6 1032
YBR254C 3 496
YBR255W 2 59
YBR255C-A 11 477
YBR256C 5 154
YBR257W 5 681
YBR258C 8 534
YBR259W 2 20
YBR260C 4 91
YBR261C 7 49
YBR262C 4 277
YBR263W 8 1349
YBR264C 0 0
YBR265W 1 36
YBR267W 2 60
YBR266C 1 62
YBR268W 3 34
YBR269C 8 852
YBR270C 0 0
YBR271W 3 88
YBR272C 8 11171
YBR273C 5 213
YBR274W 1 1
YBR275C 1 10
YBR276C 0 0
YBR277C 3 79
YBR278W 2 22
YBR279W 1 20
YBR280C 0 0
YBR281C 6 2142
YBR282W 0 0
YBR283C 1 17
YBR284W 8 1563
YBR285W 1 1
YBR286W 3 14
YBR287W 2 59
YBR288C 1 3
YBR289W 0 0
YBR290W 5 57
YBR291C 0 0
YBR292C 2 7
YBR293W 4 16
YBR294W 1 40
YBR295W 2 44
YBR296C 2 10
YBR296C-A 4 226
YBR297W 6 121
YBR298C 2 2906
YBR298C-A 0 0
YBR299W 1 6
YBR300C 0 0
YBR301W 0 0
YBR302C 0 0
YCL076W 2 5
YCL073C 1 1
YCL069W 0 0
YCL068C 0 0
YCL067C 0 0
YCL066W 0 0
YCL065W 0 0
YCL064C 7 218
YCL063W 3 551
YCL061C 1 1
YCL059C 3 63
YCL058C 3 8695
YCL058W-A 5 135
YCL057C-A 8 160
YCL057W 5 918
YCL056C 2 166
YCL055W 0 0
YCL054W 3 91
YCL052C 1 28
YCL051W 1 2
YCL050C 1 28
YCL049C 3 438
YCL048W-A 1 4
YCL048W 2 68
YCL047C 2 56
YCL045C 4 32
YCL046W 0 0
YCL044C 5 222
YCL043C 1 13
YCL041C 3 16
YCL042W 0 0
YCL040W 6 376
YCL039W 6 75
YCL038C 1 1
YCL037C 4 66
YCL036W 11 257
YCL035C 2 42
YCL034W 8 257
YCL033C 2 111
YCL032W 0 0
YCL031C 3 172
YCL030C 3 11
YCL029C 6 188
YCL028W 7 115
YCL027W 0 0
YCL026C-B 0 0
YCL026C-A 0 0
YCL025C 2 29
YCL023C 1 2
YCL024W 2 20
YCL022C 1 15
YCL021W-A 0 0
YCL018W 4 9554
YCL017C 1 2
YCL016C 3 55
YCL014W 3 134
YCL012C 3 110
YCL011C 3 242
YCL010C 12 2481
YCL009C 5 199
YCL008C 5 284
YCL007C 4 52
YCL005W-A 7 99
YCL005W 5 54
YCL004W 3 214
YCL002C 3 36
YCL001W 5 589
YCL001W-A 1 29
YCL001W-B 2 167
YCR001W 2 7
YCR002C 6 86
YCR003W 7 28
YCR004C 0 0
YCR005C 4 224
YCR006C 9 578
YCR007C 5 502
YCR008W 0 0
YCR009C 3 16
YCR010C 2 26
YCR011C 1 106
YCR012W 5 139
YCR013C 7 1006
YCR014C 2 856
YCR015C 2 113
YCR016W 4 406
YCR017C 4 45
YCR018C 0 0
YCR018C-A 5 67
YCR019W 1 3
YCR020C 1 6
YCR020C-A 4 64
YCR020W-B 3 30
YCR021C 0 0
YCR022C 8 446
YCR023C 1 29
YCR024C 6 114
YCR024C-B 2 23
YCR024C-A 0 0
YCR025C 8 1069
YCR026C 5 1010
YCR027C 3 98
YCR028C 0 0
YCR028C-A 2 143
YCR030C 1 1
YCR031C 2 32
YCR032W 0 0
YCR033W 1 3
YCR034W 3 208
YCR035C 6 88
YCR036W 4 964
YCR037C 1 18
YCR038C 0 0
YCR038W-A 0 0
YCR039C 0 0
YCR040W 0 0
YCR041W 0 0
YCR042C 0 0
YCR043C 5 584
YCR044C 5 1290
YCR045C 2 267
YCR045W-A 0 0
YCR046C 7 650
YCR047C 0 0
YCR047W-A 1 3
YCR049C 5 898
YCR048W 3 52
YCR050C 0 0
YCR051W 4 81
YCR052W 3 105
YCR053W 5 347
YCR054C 3 47
YCR057C 1 3
YCR059C 10 1059
YCR060W 6 165
YCR061W 14 331
YCR064C 6 183
YCR063W 6 1077
YCR065W 1 5
YCR066W 3 200
YCR067C 0 0
YCR068W 1 9
YCR069W 2 52
YCR071C 4 167
YCR072C 7 167
YCR073C 1 71
YCR073W-A 7 229
YCR075C 3 136
YCR075W-A 3 207
YCR076C 9 261
YCR077C 3 26
YCR079W 6 769
YCR081W 2 30
YCR081C-A 7 490
YCR082W 6 286
YCR083W 6 38
YCR084C 1 72
YCR085W 0 0
YCR086W 2 21
YCR087W 0 0
YCR087C-A 3 51
YCR088W 6 1150
YCR089W 0 0
YCR090C 3 65
YCR091W 1 3
YCR092C 1 4
YCR093W 2 136
YCR094W 1 1
YCR095C 3 37
YCR095W-A 0 0
YCR096C 0 0
YCR097W 1 2
YCR097W-A 0 0
YCR098C 2 6
YCR099C 1 82
YCR100C 0 0
YCR101C 0 0
YCR102C 2 5
YCR102W-A 0 0
YCR104W 0 0
YCR105W 1 3
YCR106W 7 326
YCR107W 4 81
YCR108C 9 160
YDL248W 0 0
YDL247W-A 0 0
YDL247W 0 0
YDL246C 0 0
YDL245C 0 0
YDL244W 0 0
YDL243C 2 55
YDL242W 2 71
YDL241W 3 24
YDL240C-A 3 41
YDL240W 3 256
YDL239C 2 52
YDL238C 2 231
YDL237W 3 32
YDL236W 6 370
YDL235C 0 0
YDL234C 3 214
YDL233W 1 26
YDL232W 5 85
YDL231C 3 33
YDL230W 0 0
YDL229W 6 574
YDL228C 6 26
YDL227C 0 0
YDL226C 6 141
YDL225W 6 216
YDL224C 2 14
YDL223C 0 0
YDL222C 3 136
YDL221W 5 75
YDL220C 3 28
YDL219W 2 5
YDL218W 2 5
YDL217C 4 51
YDL216C 2 18
YDL215C 4 299
YDL214C 0 0
YDL213C 3 78
YDL212W 4 46
YDL211C 0 0
YDL210W 0 0
YDL209C 4 523
YDL208W 5 56
YDL207W 5 642
YDL206W 1 78
YDL205C 2 28
YDL204W 5 111
YDL203C 0 0
YDL202W 2 30
YDL201W 0 0
YDL200C 11 1041
YDL199C 4 232
YDL198C 4 44
YDL197C 6 173
YDL196W 7 128
YDL195W 1 4
YDL194W 0 0
YDL193W 1 1
YDL192W 2 24
YDL191W 2 7
YDL190C 4 54
YDL189W 0 0
YDL188C 3 40
YDL187C 2 11
YDL186W 1 1
YDL185C-A 0 0
YDL185W 0 0
YDL184C 9 1031
YDL183C 0 0
YDL182W 5 86
YDL181W 2 29
YDL180W 3 148
YDL179W 0 0
YDL178W 1 96
YDL177C 2 11
YDL176W 2 2
YDL175C 7 658
YDL174C 8 153
YDL173W 6 96
YDL172C 1 16
YDL171C 0 0
YDL170W 3 13
YDL169C 3 18
YDL168W 6 2476
YDL167C 3 42
YDL166C 0 0
YDL165W 1 20
YDL164C 2 7
YDL163W 1 4
YDL162C 1 45
YDL161W 1 2
YDL160C-A 3 9
YDL160C 0 0
YDL159W-A 0 0
YDL159W 5 213
YDL159C-B 1 10
YDL158C 0 0
YDL157C 5 1426
YDL156W 1 2
YDL155W 1 2
YDL154W 1 13
YDL153C 1 2
YDL152W 0 0
YDL151C 2 25
YDL150W 0 0
YDL149W 5 46
YDL148C 7 59
YDL147W 3 43
YDL146W 0 0
YDL145C 2 4
YDL144C 4 909
YDL143W 1 14
YDL142C 5 343
YDL141W 1 14
YDL140C 0 0
YDL139C 6 1766
YDL138W 1 5
YDL137W 3 231
YDL136W 9 285
YDL135C 1 4
YDL134C 3 9
YDL133C-A 3 19
YDL133W 0 0
YDL132W 1 7
YDL131W 2 71
YDL130W-A 5 68
YDL130W 0 0
YDL129W 2 51
YDL128W 2 11
YDL127W 2 13
YDL126C 2 48
YDL125C 13 149
YDL124W 16 1753
YDL123W 8 2720
YDL122W 2 34
YDL121C 11 334
YDL120W 1 2
YDL119C 1 5
YDL118W 1 2
YDL117W 0 0
YDL116W 0 0
YDL115C 1 1
YDL114W-A 0 0
YDL114W 1 2
YDL113C 2 2
YDL112W 1 8
YDL111C 2 73
YDL110C 3 298
YDL109C 3 254
YDL108W 1 13
YDL107W 0 0
YDL106C 2 91
YDL105W 7 108
YDL104C 0 0
YDL103C 3 21
YDL102W 4 53
YDL101C 2 16
YDL100C 6 246
YDL099W 1 50
YDL098C 2 17
YDL097C 1 33
YDL096C 1 4
YDL095W 2 29
YDL094C 2 24
YDL093W 5 125
YDL092W 7 1076
YDL091C 0 0
YDL090C 3 25
YDL089W 1 42
YDL088C 4 279
YDL087C 9 471
YDL086W 5 98
YDL086C-A 0 0
YDL085C-A 3 115
YDL085W 5 44
YDL084W 0 0
YDL083C 3 49
YDL082W 2 46
YDL081C 0 0
YDL080C 1 14
YDL079C 5 83
YDL078C 1 60
YDL077C 1 18
YDL076C 1 15
YDL075W 0 0
YDL074C 2 5
YDL073W 5 69
YDL072C 5 88
YDL071C 0 0
YDL070W 4 41
YDL069C 0 0
YDL068W 0 0
YDL067C 4 41
YDL066W 6 148
YDL065C 6 78
YDL064W 4 87
YDL063C 1 29
YDL062W 1 13
YDL061C 7 130
YDL060W 5 457
YDL059C 1 78
YDL058W 3 1642
YDL057W 4 71
YDL056W 1 4
YDL055C 0 0
YDL054C 2 5
YDL053C 1 79
YDL052C 6 161
YDL051W 3 19
YDL050C 2 41
YDL049C 4 36
YDL048C 8 255
YDL047W 4 91
YDL046W 3 87
YDL045W-A 1 7
YDL045C 0 0
YDL044C 6 313
YDL043C 2 21
YDL042C 8 2127
YDL041W 1 1
YDL040C 1 249
YDL039C 2 21
YDL037C 3 282
YDL036C 5 35
YDL035C 0 0
YDL034W 4 242
YDL033C 1 1
YDL032W 3 133
YDL031W 0 0
YDL030W 5 43
YDL029W 4 632
YDL028C 2 39
YDL027C 1 19
YDL026W 0 0
YDL025C 1 3
YDL025W-A 0 0
YDL024C 3 198
YDL022C-A 1 37
YDL023C 4 59
YDL022W 3 40
YDL021W 6 24186
YDL020C 3 65
YDL019C 2 8
YDL018C 1 77
YDL017W 3 165
YDL016C 0 0
YDL015C 0 0
YDL014W 0 0
YDL013W 0 0
YDL012C 13 864
YDL011C 0 0
YDL010W 6 124
YDL009C 1 83
YDL008W 6 785
YDL007C-A 1 2
YDL007W 2 391
YDL006W 2 14
YDL005C 1 42
YDL004W 4 17
YDL003W 0 0
YDL002C 4 48
YDL001W 4 52
YDR001C 2 6
YDR002W 2 13
YDR003W 4 62
YDR003W-A 1 3
YDR004W 3 21
YDR005C 1 4
YDR006C 0 0
YDR007W 8 40
YDR008C 3 33
YDR009W 3 1668
YDR010C 3 19
YDR011W 1 46
YDR012W 3 388
YDR013W 2 2
YDR014W 0 0
YDR014W-A 3 20
YDR015C 1 79
YDR016C 4 33
YDR017C 2 4
YDR018C 8 401
YDR019C 8 7787
YDR020C 1 8
YDR021W 0 0
YDR022C 9 2388
YDR023W 2 39
YDR024W 0 0
YDR025W 2 4
YDR026C 2 2
YDR027C 1 3
YDR028C 0 0
YDR029W 0 0
YDR030C 6 94
YDR031W 7 106
YDR032C 0 0
YDR033W 0 0
YDR034C 1 48
YDR034C-A 3 27
YDR034W-B 0 0
YDR035W 8 237
YDR036C 4 20
YDR037W 0 0
YDR038C 0 0
YDR039C 0 0
YDR040C 2 9
YDR041W 3 56
YDR042C 1 9
YDR043C 0 0
YDR044W 3 18
YDR045C 4 85
YDR046C 3 11
YDR047W 1 6
YDR048C 4 107
YDR049W 7 366
YDR050C 4 86
YDR051C 1 15
YDR052C 1 3
YDR053W 1 1
YDR054C 2 4
YDR055W 4 401
YDR056C 3 553
YDR057W 2 115
YDR058C 5 2951
YDR059C 4 418
YDR060W 3 13
YDR061W 1 18
YDR062W 0 0
YDR063W 2 65
YDR064W 0 0
YDR065W 4 13
YDR066C 1 6
YDR067C 3 536
YDR068W 1 46
YDR069C 3 112
YDR070C 3 20
YDR071C 2 15
YDR072C 3 42
YDR073W 4 243
YDR074W 0 0
YDR075W 2 48
YDR076W 1 2
YDR077W 1 42
YDR078C 3 4
YDR079W 2 13
YDR079C-A 2 18
YDR080W 4 58
YDR081C 0 0
YDR082W 0 0
YDR083W 4 129
YDR084C 3 51
YDR085C 1 6
YDR086C 2 4
YDR087C 5 128
YDR088C 1 1
YDR089W 6 114
YDR090C 2 15
YDR091C 0 0
YDR092W 2 56
YDR093W 0 0
YDR094W 17 1640
YDR095C 5 34
YDR096W 0 0
YDR097C 0 0
YDR098C 13 231
YDR099W 2 24
YDR100W 7 440
YDR101C 3 16
YDR102C 2 11
YDR103W 2 104
YDR104C 4 29
YDR105C 2 2190
YDR106W 4 45
YDR107C 2 11
YDR108W 4 82
YDR109C 11 1885
YDR110W 2 108
YDR111C 4 32
YDR112W 0 0
YDR113C 0 0
YDR114C 0 0
YDR115W 3 112
YDR116C 0 0
YDR117C 3 4
YDR118W 4 91
YDR118W-A 1 89
YDR119W 0 0
YDR119W-A 3 65
YDR120C 10 115
YDR121W 0 0
YDR122W 0 0
YDR123C 3 5
YDR124W 4 4992
YDR125C 3 37
YDR126W 3 117
YDR127W 1 4
YDR128W 3 7
YDR129C 2 43
YDR130C 2 55
YDR131C 2 10
YDR132C 2 122
YDR133C 0 0
YDR135C 3 29
YDR136C 0 0
YDR137W 2 19
YDR138W 5 65
YDR139C 2 12
YDR140W 9 436
YDR141C 4 36
YDR142C 6 84
YDR143C 0 0
YDR144C 0 0
YDR145W 2 109
YDR146C 1 9
YDR147W 2 198
YDR148C 5 168
YDR149C 1 36
YDR150W 2 16
YDR151C 2 16
YDR152W 4 27
YDR153C 8 354
YDR154C 0 0
YDR155C 2 10
YDR156W 4 71
YDR157W 5 261
YDR158W 2 5
YDR159W 0 0
YDR160W 0 0
YDR161W 1 1
YDR162C 0 0
YDR163W 0 0
YDR164C 1 14
YDR165W 0 0
YDR166C 0 0
YDR167W 1 1
YDR168W 4 355
YDR169C 1 54
YDR169C-A 2 94
YDR170C 0 0
YDR171W 2 188
YDR172W 4 34
YDR173C 5 96
YDR174W 5 120
YDR175C 3 41
YDR176W 4 143
YDR177W 3 62
YDR178W 7 166
YDR179C 4 106
YDR179W-A 0 0
YDR180W 0 0
YDR181C 4 413
YDR182W 3 27
YDR182W-A 3 28
YDR183W 2 8
YDR183C-A 1 2
YDR184C 3 102
YDR185C 1 34
YDR186C 4 4607
YDR187C 4 106
YDR188W 7 1092
YDR189W 4 113
YDR190C 2 46
YDR191W 3 22
YDR192C 2 39
YDR193W 1 1
YDR194C 2 211
YDR194W-A 3 215
YDR195W 1 45
YDR196C 4 23
YDR197W 7 129
YDR198C 7 3008
YDR199W 2 4
YDR200C 5 21
YDR201W 5 117
YDR202C 3 538
YDR203W 2 110
YDR204W 4 693
YDR205W 8 276
YDR206W 0 0
YDR207C 3 18
YDR208W 1 16
YDR209C 1 6
YDR210W 1 10
YDR211W 2 248
YDR212W 0 0
YDR213W 1 103
YDR214W 1 60
YDR215C 5 40
YDR216W 0 0
YDR217C 1 65
YDR218C 2 2
YDR219C 0 0
YDR220C 0 0
YDR221W 2 318
YDR222W 1 1
YDR223W 0 0
YDR224C 3 30
YDR225W 5 27
YDR226W 0 0
YDR227W 1 5
YDR228C 2 19
YDR229W 5 98
YDR230W 0 0
YDR231C 8 929
YDR232W 7 133
YDR233C 5 133
YDR234W 3 19
YDR235W 0 0
YDR236C 6 149
YDR237W 1 5
YDR238C 1 8
YDR239C 0 0
YDR240C 2 17
YDR241W 0 0
YDR242W 2 31
YDR243C 8 478
YDR244W 5 42
YDR245W 0 0
YDR246W 0 0
YDR246W-A 11 222
YDR247W 0 0
YDR248C 0 0
YDR249C 1 28
YDR250C 5 62
YDR251W 3 45
YDR252W 7 229
YDR253C 0 0
YDR254W 2 61
YDR255C 5 21
YDR256C 1 15
YDR257C 6 396
YDR258C 6 385
YDR259C 0 0
YDR260C 4 19
YDR261C 0 0
YDR262W 3 58
YDR263C 1 1
YDR264C 2 57
YDR265W 4 41
YDR266C 0 0
YDR267C 1 14
YDR268W 1 12
YDR269C 0 0
YDR270W 0 0
YDR271C 5 311
YDR272W 3 76
YDR273W 2 29
YDR274C 22 1831
YDR275W 8 2664
YDR276C 5 35
YDR277C 4 488
YDR278C 4 30
YDR279W 1 2
YDR280W 0 0
YDR281C 0 0
YDR282C 9 802
YDR283C 1 10
YDR284C 0 0
YDR285W 0 0
YDR286C 4 689
YDR287W 3 6
YDR288W 5 380
YDR289C 2 13
YDR290W 1 2
YDR291W 3 118
YDR292C 0 0
YDR293C 2 97
YDR294C 3 138
YDR295C 0 0
YDR296W 1 1
YDR297W 1 1
YDR298C 2 8
YDR299W 6 173
YDR300C 1 21
YDR301W 1 3
YDR302W 5 43
YDR303C 1 49
YDR304C 5 23
YDR305C 6 208
YDR306C 7 1264
YDR307W 2 21
YDR308C 0 0
YDR309C 4 15
YDR310C 0 0
YDR311W 2 12
YDR312W 3 23
YDR313C 3 193
YDR314C 4 152
YDR315C 12 269
YDR316W 5 129
YDR317W 0 0
YDR318W 2 68
YDR319C 3 27
YDR320C 0 0
YDR320C-A 6 138
YDR320W-B 2 184
YDR321W 5 50
YDR322W 2 23
YDR322C-A 9 292
YDR323C 2 16
YDR324C 1 6
YDR325W 5 99
YDR326C 0 0
YDR327W 9 390
YDR328C 4 17
YDR329C 11 991
YDR330W 3 60
YDR331W 11 197
YDR332W 1 9
YDR333C 8 209
YDR334W 1 8
YDR335W 0 0
YDR336W 5 6244
YDR337W 6 121
YDR338C 2 11
YDR339C 2 3
YDR340W 2 60
YDR341C 2 26
YDR342C 0 0
YDR343C 0 0
YDR344C 4 94
YDR345C 0 0
YDR346C 2 7
YDR347W 1 8
YDR348C 0 0
YDR349C 1 1
YDR350C 4 111
YDR351W 0 0
YDR352W 1 18
YDR353W 3 99
YDR354W 2 7
YDR354C-A 0 0
YDR355C 0 0
YDR356W 7 210
YDR357C 5 197
YDR358W 2 67
YDR359C 2 13
YDR360W 0 0
YDR361C 1 11
YDR362C 2 24
YDR363W 2 12
YDR363W-A 8 2704
YDR364C 3 27
YDR365C 1 29
YDR366C 2 11
YDR367W 4 45
YDR368W 1 16
YDR369C 2 8
YDR370C 6 266
YDR371W 0 0
YDR371C-A 1 198
YDR372C 1 86
YDR373W 1 2
YDR374C 1 1
YDR374W-A 7 88
YDR375C 11 646
YDR376W 0 0
YDR377W 1 1
YDR378C 6 29
YDR379W 0 0
YDR379C-A 4 143
YDR380W 3 64
YDR381W 0 0
YDR381C-A 3 50
YDR382W 0 0
YDR383C 4 223
YDR384C 1 1
YDR385W 6 213
YDR386W 8 113
YDR387C 2 11
YDR388W 6 105
YDR389W 3 13
YDR390C 5 183
YDR391C 5 256
YDR392W 8 197
YDR393W 4 114
YDR394W 1 29
YDR395W 1 3
YDR396W 2 9
YDR397C 15 695
YDR398W 5 1039
YDR399W 2 33
YDR400W 0 0
YDR401W 4 22
YDR402C 0 0
YDR403W 0 0
YDR404C 0 0
YDR405W 8 58
YDR406W 8 56
YDR406W-A 2 7
YDR407C 1 2
YDR408C 1 1
YDR409W 2 29
YDR410C 2 11
YDR411C 5 220
YDR412W 1 17
YDR413C 1 4
YDR414C 1 19
YDR415C 0 0
YDR416W 2 7
YDR417C 0 0
YDR418W 2 10
YDR419W 5 30
YDR420W 1 26
YDR421W 2 43
YDR422C 2 9
YDR423C 8 169
YDR424C 8 1525
YDR425W 1 412
YDR426C 9 4165
YDR427W 6 118
YDR428C 4 119
YDR429C 5 166
YDR430C 1 4
YDR431W 1 75
YDR432W 0 0
YDR433W 1 2
YDR434W 0 0
YDR435C 3 8
YDR436W 1 9
YDR437W 1 1
YDR438W 4 190
YDR439W 0 0
YDR440W 0 0
YDR441C 7 86
YDR442W 3 849
YDR443C 2 25
YDR444W 1 24
YDR445C 2 6
YDR446W 1 7
YDR447C 2 32
YDR448W 0 0
YDR449C 3 33
YDR450W 1 1
YDR451C 1 4
YDR452W 0 0
YDR453C 1 22
YDR454C 0 0
YDR455C 2 81
YDR456W 4 20
YDR457W 1 5
YDR458C 3 7
YDR459C 3 96
YDR460W 2 29
YDR461W 5 98
YDR461C-A 7 39
YDR462W 6 21
YDR463W 9 938
YDR464W 2 50
YDR464C-A 0 0
YDR465C 8 213
YDR466W 0 0
YDR467C 2 7
YDR468C 2 14
YDR469W 3 31
YDR470C 0 0
YDR471W 3 191
YDR472W 4 117
YDR473C 1 1
YDR475C 1 1
YDR476C 9 298
YDR477W 0 0
YDR478W 1 44
YDR479C 5 145
YDR480W 2 5
YDR481C 4 153
YDR482C 5 501
YDR483W 2 14
YDR484W 0 0
YDR485C 2 105
YDR486C 5 39
YDR487C 3 175
YDR488C 2 16
YDR489W 0 0
YDR490C 1 1
YDR491C 0 0
YDR492W 4 63
YDR493W 1 1
YDR494W 3 129
YDR495C 6 246
YDR496C 0 0
YDR497C 4 67
YDR498C 4 171
YDR499W 2 13
YDR500C 4 236
YDR501W 1 2
YDR502C 3 199
YDR503C 4 27
YDR504C 0 0
YDR505C 3 18
YDR506C 1 1
YDR507C 3 88
YDR508C 2 66
YDR509W 2 5
YDR510W 1 22
YDR510C-A 7 33
YDR511W 2 20
YDR512C 4 210
YDR513W 2 12
YDR514C 0 0
YDR515W 1 1
YDR516C 6 279
YDR517W 3 7
YDR518W 4 17
YDR519W 6 300
YDR520C 2 205
YDR521W 0 0
YDR522C 8 706
YDR523C 1 1
YDR524C 4 646
YDR524W-C 1 41
YDR524C-B 4 37
YDR524C-A 8 312
YDR525W 4 37
YDR525W-A 11 873
YDR526C 3 91
YDR527W 3 64
YDR528W 0 0
YDR529C 5 42
YDR530C 3 56
YDR531W 1 2
YDR532C 1 128
YDR533C 1 73
YDR534C 0 0
YDR535C 9 670
YDR536W 4 24
YDR537C 1 25
YDR538W 0 0
YDR539W 4 84
YDR540C 1 1
YDR541C 4 26
YDR542W 1 1
YDR543C 3 8
YDR544C 0 0
YDR545W 0 0
YDR545C-A 0 0
YEL077C 0 0
YEL077W-A 2 6
YEL076C-A 0 0
YEL076C 0 0
YEL075W-A 0 0
YEL075C 0 0
YEL074W 1 1
YEL073C 0 0
YEL072W 1 5
YEL071W 1 2
YEL070W 1 24
YEL069C 0 0
YEL068C 11 784
YEL067C 4 68
YEL066W 13 3603
YEL065W 3 44
YEL064C 1 188
YEL063C 1 1
YEL062W 6 184
YEL061C 0 0
YEL060C 5 62
YEL059C-A 3 330
YEL059W 3 11
YEL058W 5 33
YEL057C 2 51
YEL056W 2 5
YEL055C 0 0
YEL054C 2 31
YEL053W-A 1 1
YEL053C 0 0
YEL052W 4 75
YEL051W 6 73
YEL050W-A 3 502
YEL050C 3 206
YEL049W 1 12
YEL048C 0 0
YEL047C 4 216
YEL046C 5 153
YEL045C 6 365
YEL044W 2 59
YEL043W 4 60
YEL042W 0 0
YEL041W 1 30
YEL040W 2 131
YEL039C 3 41
YEL038W 10 296
YEL037C 1 15
YEL036C 1 12
YEL035C 4 10
YEL034C-A 0 0
YEL034W 3 18
YEL033W 5 123
YEL032W 3 18
YEL032C-A 1 1
YEL031W 8 1835
YEL030C-A 0 0
YEL030W 0 0
YEL029C 0 0
YEL028W 3 164
YEL027W 0 0
YEL026W 0 0
YEL025C 8 309
YEL024W 0 0
YEL023C 1 3
YEL022W 1 3
YEL021W 5 49
YEL020C-B 1 5
YEL020W-A 5 203
YEL020C 2 63
YEL019C 2 13
YEL018C-A 1 1
YEL018W 1 8
YEL017C-A 2 58
YEL017W 8 425
YEL016C 1 67
YEL015W 1 1
YEL014C 1 44
YEL013W 0 0
YEL012W 1 1
YEL011W 4 10
YEL010W 3 67
YEL009C-A 0 0
YEL009C 0 0
YEL008W 2 153
YEL008C-A 11 502
YEL007W 4 18
YEL006W 4 21
YEL005C 5 1113
YEL004W 5 591
YEL003W 4 277
YEL002C 6 20
YEL001C 7 113
YER001W 4 261
YER002W 3 87
YER003C 5 297
YER004W 8 236
YER005W 2 174
YER006W 3 123
YER006C-A 3 84
YER007W 2 4
YER007C-A 0 0
YER008C 0 0
YER009W 1 28
YER010C 2 38
YER011W 0 0
YER012W 0 0
YER013W 3 790
YER014W 1 7
YER014C-A 0 0
YER015W 0 0
YER016W 3 22
YER017C 1 1
YER018C 2 15
YER019W 2 39
YER019C-A 8 278
YER020W 4 3196
YER021W 4 183
YER022W 0 0
YER023W 5 232
YER023C-A 2 36
YER024W 1 40
YER025W 1 1
YER026C 1 1
YER027C 2 418
YER028C 2 7
YER029C 1 1
YER030W 5 85
YER031C 2 5
YER032W 5 769
YER033C 7 188
YER034W 5 6221
YER035W 13 2119
YER036C 2 129
YER037W 6 159
YER038C 2 401
YER038W-A 0 0
YER039C 3 61
YER039C-A 12 2311
YER040W 1 11
YER041W 0 0
YER042W 2 10
YER043C 2 12
YER044C 1 2
YER044C-A 0 0
YER045C 3 16
YER046W 5 44
YER046W-A 1 1
YER047C 0 0
YER048C 0 0
YER048W-A 0 0
YER049W 2 65
YER050C 2 129
YER051W 2 2
YER052C 1 15
YER053C 4 156
YER053C-A 6 231
YER054C 0 0
YER055C 0 0
YER056C 1 20
YER056C-A 0 0
YER057C 1 1
YER058W 5 218
YER059W 0 0
YER060W 0 0
YER060W-A 3 22
YER061C 2 37
YER062C 1 242
YER063W 1 14
YER064C 1 2
YER065C 0 0
YER066W 1 4
YER066C-A 2 16
YER067W 1 101
YER067C-A 3 29
YER068W 0 0
YER068C-A 3 29
YER069W 12 873
YER070W 1 1
YER071C 0 0
YER072W 3 106
YER073W 5 68
YER074W 1 1
YER074W-A 3 36
YER075C 4 34
YER076C 1 24
YER076W-A 0 0
YER077C 5 17
YER078C 1 2
YER078W-A 4 509
YER079W 4 31
YER079C-A 1 75
YER080W 7 261
YER081W 0 0
YER082C 3 38
YER083C 5 464
YER084W 1 3
YER084W-A 1 2
YER085C 4 15
YER086W 0 0
YER087W 1 6
YER087C-A 5 85
YER087C-B 6 414
YER088C 3 100
YER088C-A 5 37
YER088W-B 14 2051
YER089C 3 39
YER090W 2 33
YER090C-A 0 0
YER091C 2 2
YER091C-A 2 366
YER092W 4 309
YER093C 0 0
YER093C-A 5 100
YER094C 1 7
YER095W 2 19
YER096W 1 2
YER097W 4 676
YER098W 1 11
YER099C 2 2
YER100W 1 5
YER101C 1 18
YER102W 2 53
YER103W 1 4
YER104W 1 2
YER105C 1 22
YER106W 1 16
YER107C 2 27
YER107W-A 1 5
YER109C 5 152
YER110C 1 7
YER111C 1 1
YER112W 0 0
YER113C 2 7
YER114C 0 0
YER115C 0 0
YER116C 0 0
YER117W 0 0
YER118C 1 10
YER119C 6 167
YER119C-A 0 0
YER120W 4 60
YER121W 1 98
YER122C 1 5
YER123W 2 44
YER124C 3 19
YER125W 1 5
YER126C 4 177
YER127W 2 10
YER128W 4 35
YER129W 1 2
YER130C 3 4
YER131W 1 5
YER132C 1 62
YER133W 1 3
YER133W-A 0 0
YER134C 3 309
YER135C 2 27
YER136W 1 2
YER137C 7 94
YER137W-A 4 72
YER138W-A 0 0
YER139C 1 28
YER140W 4 24
YER141W 3 10
YER142C 1 19
YER143W 3 34
YER144C 6 295
YER145C 9 546
YER145C-A 5 17
YER146W 11 720
YER147C 3 52
YER147C-A 1 3
YER148W 1 3
YER148W-A 0 0
YER149C 2 115
YER150W 2 13
YER151C 3 5
YER152C 4 91
YER152W-A 5 242
YER153C 7 121
YER154W 4 56
YER155C 5 37
YER156C 9 1188
YER157W 4 8
YER158C 3 89
YER158W-A 8 1612
YER159C 8 1057
YER161C 2 5
YER162C 1 2
YER163C 4 209
YER164W 0 0
YER165W 0 0
YER165C-A 4 86
YER166W 0 0
YER167W 1 29
YER168C 1 26
YER169W 2 59
YER170W 8 208
YER171W 0 0
YER172C 2 32
YER172C-A 3 257
YER173W 3 15
YER174C 2 81
YER175C 4 30
YER175W-A 0 0
YER176W 7 96
YER177W 2 7
YER178W 5 28
YER179W 1 24
YER180C 2 51
YER180C-A 5 179
YER181C 0 0
YER182W 2 10
YER183C 3 106
YER184C 1 1
YER185W 1 4
YER186C 3 82
YER187W 4 44
YER188W 1 1
YER188C-A 8 347
YER189W 0 0
YER190W 0 0
YER190C-A 0 0
YER190C-B 0 0
YFL068W 0 0
YFL067W 0 0
YFL066C 0 0
YFL065C 0 0
YFL064C 0 0
YFL063W 0 0
YFL062W 0 0
YFL061W 0 0
YFL060C 0 0
YFL059W 4 21
YFL058W 0 0
YFL057C 1 15
YFL056C 0 0
YFL055W 2 4
YFL054C 3 244
YFL053W 2 10
YFL052W 5 22
YFL051C 2 33
YFL050C 1 5
YFL049W 5 951
YFL048C 6 267
YFL047W 11 4336
YFL046W 2 115
YFL045C 0 0
YFL044C 3 86
YFL042C 11 229
YFL041W-A 3 334
YFL041W 5 2298
YFL040W 0 0
YFL039C 7 200
YFL038C 6 257
YFL037W 2 95
YFL036W 4 72
YFL034C-B 3 30
YFL034C-A 1 12
YFL034W 2 2
YFL033C 0 0
YFL032W 1 6
YFL031W 3 344
YFL031C-A 2 15
YFL030W 1 2
YFL029C 0 0
YFL028C 5 1637
YFL027C 1 1
YFL026W 0 0
YFL025C 0 0
YFL024C 5 94
YFL023W 5 59
YFL022C 6 39
YFL021C-A 1 4
YFL021W 7 88
YFL020C 0 0
YFL019C 1 4
YFL018C 5 40
YFL017W-A 8 211
YFL017C 7 156
YFL016C 4 183
YFL015W-A 11 3225
YFL015C 8 171
YFL014W 1 10
YFL013W-A 2 2
YFL013C 3 30
YFL012W-A 0 0
YFL012W 0 0
YFL011W 1 4
YFL010W-A 0 0
YFL010C 2 40794
YFL009W 0 0
YFL008W 3 74
YFL007W 0 0
YFL005W 4 40
YFL004W 3 174
YFL003C 1 39
YFL002C 6 369
YFL001W 2 9
YFR001W 1 16
YFR002W 1 44
YFR003C 5 60
YFR004W 1 64
YFR005C 3 138
YFR006W 4 183
YFR007W 6 115
YFR008W 0 0
YFR009W 1 8
YFR009W-A 1 8
YFR010W 3 49
YFR010W-A 5 122
YFR011C 8 2031
YFR012W 1 5
YFR012W-A 1 8
YFR013W 4 47
YFR014C 0 0
YFR015C 1 41
YFR016C 4 41
YFR017C 9 158
YFR018C 5 71
YFR019W 5 210
YFR020W 0 0
YFR021W 0 0
YFR022W 1 5
YFR023W 0 0
YFR024C-A 9 1013
YFR025C 2 4
YFR026C 3 27
YFR027W 6 284
YFR028C 3 87
YFR029W 4 143
YFR030W 4 221
YFR031C 6 97
YFR031C-A 2 10
YFR032C 1 51
YFR032C-A 4 206
YFR032C-B 1 3
YFR033C 6 47
YFR034C 5 80
YFR034W-A 1 12
YFR035C 7 202
YFR036W 2 1085
YFR036W-A 3 1291
YFR037C 3 21
YFR038W 3 8
YFR039C 1 5
YFR040W 0 0
YFR041C 0 0
YFR042W 2 3
YFR043C 3 120
YFR044C 5 70
YFR045W 1 19
YFR046C 3 30
YFR047C 5 371
YFR048W 4 199
YFR049W 2 29
YFR050C 6 1311
YFR051C 2 1681
YFR052W 5 72
YFR052C-A 3 81
YFR053C 0 0
YFR054C 2 13
YFR056C 0 0
YFR055W 2 54
YFR057W 1 38
YGL263W 3 11
YGL262W 2 34
YGL261C 0 0
YGL260W 1 1
YGL259W 4 23
YGL258W-A 0 0
YGL258W 0 0
YGL257C 0 0
YGL256W 0 0
YGL255W 2 13
YGL254W 7 843
YGL253W 9 1394
YGL252C 8 757
YGL251C 2 34
YGL250W 3 53
YGL249W 2 58
YGL248W 3 22
YGL247W 0 0
YGL246C 7 559
YGL245W 4 32
YGL244W 1 3
YGL243W 2 101
YGL242C 2 7
YGL241W 10 7673
YGL240W 1 70
YGL239C 3 187
YGL238W 2 72
YGL237C 2 449
YGL236C 1 12
YGL235W 2 22
YGL234W 0 0
YGL233W 0 0
YGL232W 1 8
YGL231C 1 2
YGL230C 1 30
YGL229C 0 0
YGL228W 4 64
YGL227W 1 7
YGL226C-A 4 737
YGL226W 7 91
YGL225W 5 101
YGL224C 1 20
YGL223C 6 233
YGL222C 2 5
YGL221C 8 2832
YGL220W 7 2830
YGL219C 3 175
YGL218W 0 0
YGL217C 3 165
YGL216W 2 12
YGL215W 0 0
YGL214W 0 0
YGL213C 0 0
YGL212W 0 0
YGL211W 6 241
YGL210W 0 0
YGL209W 0 0
YGL208W 6 2661
YGL207W 0 0
YGL206C 0 0
YGL205W 2 47
YGL204C 1 1
YGL203C 1 3
YGL202W 3 23
YGL201C 0 0
YGL200C 2 36
YGL199C 1 223
YGL198W 3 358
YGL197W 0 0
YGL196W 0 0
YGL195W 1 1
YGL194C-A 1 1
YGL194C 6 111
YGL193C 2 22
YGL192W 0 0
YGL191W 2 108
YGL190C 0 0
YGL189C 2 5
YGL188C-A 2 5
YGL188C 5 176
YGL187C 5 53
YGL186C 5 64
YGL185C 1 413
YGL184C 3 64
YGL183C 1 50
YGL182C 4 105
YGL181W 3 21
YGL180W 4 74
YGL179C 2 32
YGL178W 1 30
YGL177W 10 121
YGL176C 0 0
YGL175C 6 544
YGL174W 0 0
YGL173C 4 288
YGL172W 3 130
YGL171W 2 3
YGL170C 2 344
YGL169W 0 0
YGL168W 3 8
YGL167C 0 0
YGL166W 7 145
YGL165C 1 2
YGL164C 2 47
YGL163C 1 22
YGL162W 3 156
YGL161C 4 120
YGL160W 1 6
YGL159W 3 116
YGL158W 3 107
YGL157W 5 111
YGL156W 1 12
YGL155W 2 87
YGL154C 4 25
YGL153W 4 14
YGL152C 2 80
YGL151W 2 4
YGL150C 0 0
YGL149W 1 17
YGL148W 4 45
YGL147C 6 116
YGL146C 1 3
YGL145W 1 1
YGL144C 5 63
YGL143C 5 38
YGL142C 4 444
YGL141W 2 63
YGL140C 1 4
YGL139W 2 238
YGL138C 0 0
YGL137W 2 15
YGL136C 8 240
YGL135W 1 2
YGL134W 3 108
YGL133W 0 0
YGL132W 1 1
YGL131C 2 7
YGL130W 1 1
YGL129C 10 507
YGL128C 1 10
YGL127C 0 0
YGL126W 3 57
YGL125W 3 7
YGL124C 6 261
YGL123W 1 13
YGL123C-A 3 25
YGL122C 4 87
YGL121C 8 355
YGL120C 2 49
YGL119W 1 2
YGL118C 5 68
YGL117W 3 12
YGL116W 1 24
YGL115W 1 1
YGL114W 6 167
YGL113W 2 9
YGL112C 1 30
YGL111W 7 44
YGL110C 2 89
YGL109W 2 89
YGL108C 4 335
YGL107C 6 186
YGL106W 0 0
YGL105W 4 295
YGL104C 3 134
YGL103W 0 0
YGL102C 4 366
YGL101W 3 169
YGL100W 6 36
YGL099W 2 28
YGL098W 1 55
YGL097W 4 69
YGL096W 2 32
YGL095C 1 9
YGL094C 1 56
YGL093W 6 970
YGL092W 1 9
YGL091C 0 0
YGL090W 1 1
YGL089C 2 59
YGL088W 13 2367
YGL087C 5 182
YGL086W 3 16
YGL085W 3 13
YGL084C 4 313
YGL083W 2 469
YGL082W 2 266
YGL081W 1 19
YGL080W 2 33
YGL079W 2 172
YGL078C 0 0
YGL077C 1 1
YGL076C 5 121
YGL075C 4 127
YGL074C 4 36
YGL073W 5 137
YGL072C 7 882
YGL071W 0 0
YGL070C 4 205
YGL069C 0 0
YGL068W 5 72
YGL067W 0 0
YGL066W 2 4
YGL065C 1 24
YGL064C 4 27
YGL063W 6 603
YGL063C-A 12 286
YGL062W 5 1072
YGL061C 0 0
YGL060W 1 31
YGL059W 6 2677
YGL058W 3 31
YGL057C 11 893
YGL056C 2 103
YGL055W 5 35
YGL054C 5 166
YGL053W 0 0
YGL052W 1 1
YGL051W 3 87
YGL050W 5 389
YGL049C 3 177
YGL048C 2 6
YGL047W 0 0
YGL045W 3 12
YGL044C 2 33
YGL043W 5 461
YGL042C 0 0
YGL041C-B 1 44
YGL041W-A 5 75
YGL041C 1 8
YGL040C 3 99
YGL039W 1 3
YGL038C 0 0
YGL037C 0 0
YGL036W 5 85
YGL035C 4 19
YGL034C 2 91
YGL033W 0 0
YGL032C 1 3
YGL031C 6 125
YGL030W 0 0
YGL029W 0 0
YGL028C 1 1
YGL027C 3 157
YGL026C 11 1139
YGL025C 3 87
YGL024W 1 4
YGL023C 4 166
YGL022W 1 2
YGL021W 4 37
YGL020C 4 400
YGL019W 5 103
YGL018C 0 0
YGL017W 8 245
YGL016W 0 0
YGL015C 1 5
YGL014W 0 0
YGL014C-A 2 58
YGL013C 1 31
YGL012W 10 264
YGL011C 4 17
YGL010W 4 20
YGL009C 0 0
YGL008C 0 0
YGL007C-A 9 1375
YGL007W 3 33
YGL006W-A 3 1460
YGL006W 4 183
YGL005C 3 550
YGL004C 1 25
YGL003C 1 113
YGL002W 6 37
YGL001C 2 22
YGR001C 6 52
YGR002C 7 588
YGR003W 8 1629
YGR004W 1 7
YGR005C 1 26
YGR006W 5 100
YGR007W 7 884
YGR008C 6 104
YGR009C 2 11
YGR010W 3 29
YGR011W 2 32
YGR012W 6 355
YGR013W 5 152
YGR014W 0 0
YGR015C 3 78
YGR016W 8 491
YGR017W 2 2
YGR018C 5 59
YGR019W 3 22
YGR020C 0 0
YGR021W 11 562
YGR022C 0 0
YGR023W 1 54
YGR024C 6 530
YGR025W 2 5
YGR026W 0 0
YGR027C 2 20
YGR028W 3 17
YGR029W 1 13
YGR030C 6 15
YGR031W 4 272
YGR031C-A 10 397
YGR032W 0 0
YGR033C 0 0
YGR034W 3 70
YGR035C 2 159
YGR035W-A 3 173
YGR036C 3 38
YGR037C 3 17
YGR038W 1 46
YGR039W 3 38
YGR040W 1 22
YGR041W 2 47
YGR042W 6 180
YGR043C 2 72
YGR044C 4 40
YGR045C 6 263
YGR046W 2 7
YGR047C 3 354
YGR048W 2 4
YGR049W 2 12
YGR050C 5 488
YGR051C 3 33
YGR052W 7 156
YGR053C 3 160
YGR054W 2 223
YGR055W 1 306
YGR056W 7 194
YGR057C 0 0
YGR058W 6 142
YGR059W 1 2
YGR060W 1 15
YGR061C 1 2
YGR062C 0 0
YGR063C 5 112
YGR064W 3 184
YGR065C 3 268
YGR066C 1 2
YGR067C 6 691
YGR068C 7 277
YGR068W-A 7 377
YGR069W 1 7
YGR070W 4 56
YGR071C 7 309
YGR072W 2 6
YGR073C 0 0
YGR074W 0 0
YGR075C 0 0
YGR076C 4 415
YGR077C 3 33
YGR078C 5 62
YGR079W 11 6595
YGR080W 3 1355
YGR081C 5 931
YGR082W 4 22
YGR083C 2 13
YGR084C 5 167
YGR085C 2 4
YGR086C 3 55
YGR087C 3 5
YGR088W 2 93
YGR089W 0 0
YGR090W 2 44
YGR091W 0 0
YGR092W 2 198
YGR093W 0 0
YGR094W 8 613
YGR095C 3 13
YGR096W 5 555
YGR097W 2 3
YGR098C 0 0
YGR099W 0 0
YGR100W 1 5
YGR101W 7 109
YGR102C 8 1358
YGR103W 2 240
YGR104C 2 10
YGR105W 5 93
YGR106C 0 0
YGR107W 1 2
YGR108W 3 165
YGR109C 1 33
YGR110W 0 0
YGR111W 6 260
YGR112W 1 27
YGR113W 0 0
YGR114C 1 2
YGR115C 3 204
YGR116W 0 0
YGR117C 3 149
YGR118W 3 61
YGR119C 1 14
YGR120C 4 16
YGR121C 3 50
YGR121W-A 7 132
YGR122W 4 395
YGR122C-A 1 298
YGR123C 2 41
YGR124W 4 19
YGR125W 1 180
YGR126W 0 0
YGR127W 2 4
YGR128C 0 0
YGR129W 0 0
YGR130C 1 51
YGR131W 1 13
YGR132C 4 296
YGR133W 16 1487
YGR134W 4 370
YGR135W 2 21
YGR136W 4 58
YGR137W 1 19
YGR138C 0 0
YGR139W 0 0
YGR140W 5 585
YGR141W 5 315
YGR142W 3 57
YGR143W 4 10
YGR144W 1 13
YGR145W 3 104
YGR146C 0 0
YGR146C-A 11 884
YGR147C 1 5
YGR148C 2 25
YGR149W 2 151
YGR150C 2 277
YGR151C 0 0
YGR152C 3 28
YGR153W 3 87
YGR154C 1 4
YGR155W 0 0
YGR156W 2 56
YGR157W 5 61
YGR158C 3 89
YGR159C 3 23
YGR160W 3 43
YGR161C 9 740
YGR161W-C 9 594
YGR162W 2 52
YGR163W 2 16
YGR164W 3 51
YGR165W 1 2
YGR166W 2 8
YGR167W 0 0
YGR168C 3 21
YGR169C 0 0
YGR169C-A 2 18
YGR170W 1 35
YGR171C 2 16
YGR172C 3 12
YGR173W 0 0
YGR174C 2 4
YGR174W-A 3 4
YGR175C 3 68
YGR176W 8 592
YGR177C 2 43
YGR178C 0 0
YGR179C 3 55
YGR180C 6 87
YGR181W 3 11
YGR182C 1 24
YGR183C 4 242
YGR184C 4 101
YGR185C 3 43
YGR186W 4 248
YGR187C 2 11
YGR188C 4 287
YGR189C 5 90
YGR190C 2 26
YGR191W 2 4
YGR192C 7 1095
YGR193C 1 17
YGR194C 12 815
YGR195W 2 17
YGR196C 6 95
YGR197C 0 0
YGR198W 13 3952
YGR199W 1 17
YGR200C 4 20
YGR201C 7 101
YGR202C 0 0
YGR203W 15 1397
YGR204W 1 30
YGR204C-A 0 0
YGR205W 0 0
YGR206W 3 12
YGR207C 3 85
YGR208W 3 64
YGR209C 7 260
YGR210C 0 0
YGR211W 0 0
YGR212W 4 309
YGR213C 0 0
YGR214W 2 8
YGR215W 4 23
YGR216C 1 4
YGR217W 1 32
YGR218W 0 0
YGR219W 1 6
YGR220C 1 8
YGR221C 2 67
YGR222W 5 744
YGR223C 4 23
YGR224W 5 680
YGR225W 0 0
YGR226C 4 11
YGR227W 1 2
YGR228W 0 0
YGR229C 3 23
YGR230W 4 384
YGR231C 1 5
YGR232W 2 31
YGR233C 2 2
YGR234W 1 66
YGR235C 2 31
YGR236C 6 98
YGR237C 2 10
YGR238C 5 37
YGR239C 3 61
YGR240C 1 1
YGR240C-A 4 49
YGR241C 0 0
YGR242W 2 6
YGR243W 0 0
YGR244C 3 5
YGR245C 0 0
YGR246C 3 6
YGR247W 2 7
YGR248W 3 22
YGR249W 1 3
YGR250C 2 5
YGR251W 1 28
YGR252W 1 5
YGR253C 4 26
YGR254W 8 65
YGR255C 1 14
YGR256W 3 25
YGR257C 2 112
YGR258C 4 127
YGR259C 1 9
YGR260W 3 117
YGR261C 3 33
YGR262C 0 0
YGR263C 3 17
YGR264C 4 12
YGR265W 0 0
YGR266W 5 72
YGR267C 3 63
YGR268C 6 196
YGR269W 2 45
YGR270W 1 27
YGR270C-A 0 0
YGR271W 6 135
YGR271C-A 1 7
YGR273C 0 0
YGR274C 4 80
YGR275W 4 139
YGR276C 4 179
YGR277C 4 107
YGR278W 4 21
YGR279C 2 3
YGR280C 6 995
YGR281W 3 25
YGR282C 2 3
YGR283C 6 1097
YGR284C 6 60
YGR285C 5 272
YGR286C 3 156
YGR287C 3 163
YGR288W 7 157
YGR289C 0 0
YGR290W 5 121
YGR291C 0 0
YGR292W 0 0
YGR293C 0 0
YGR294W 0 0
YGR295C 7 417
YGR296W 0 0
YGR296C-A 0 0
YGR296C-B 0 0
YHL050C 0 0
YHL050W-A 0 0
YHL049C 0 0
YHL048C-A 4 220
YHL048W 0 0
YHL047C 0 0
YHL046W-A 4 116
YHL046C 0 0
YHL045W 0 0
YHL044W 2 23
YHL043W 1 3
YHL042W 0 0
YHL041W 0 0
YHL040C 7 96
YHL039W 5 229
YHL038C 5 500
YHL037C 1 5
YHL036W 6 90
YHL035C 9 122
YHL034W-A 4 714
YHL034C 0 0
YHL033C 10 392
YHL032C 2 3
YHL031C 2 14
YHL030W-A 2 62
YHL030W 2 95
YHL029C 6 500
YHL028W 4 28
YHL027W 3 6
YHL026C 7 393
YHL025W 3 52
YHL024W 1 68
YHL023C 4 357
YHL022C 2 21
YHL021C 8 100
YHL020C 2 10
YHL019W-A 6 739
YHL019C 2 6
YHL018W 6 295
YHL017W 1 5
YHL016C 2 139
YHL015W-A 2 3
YHL015W 0 0
YHL014C 5 323
YHL013C 5 65
YHL012W 4 128
YHL011C 2 9
YHL010C 0 0
YHL009C 1 66
YHL008C 0 0
YHL007C 2 2
YHL006W-A 4 74
YHL006C 2 26
YHL005C 7 30
YHL004W 2 3
YHL003C 3 40
YHL002C-A 0 0
YHL002W 5 140
YHL001W 4 124
YHR001W 2 3
YHR001W-A 6 643
YHR002W 3 90
YHR003C 2 32
YHR004C 6 322
YHR005C 4 65
YHR005C-A 0 0
YHR006W 7 61
YHR007C 0 0
YHR007C-A 11 5024
YHR008C 3 5
YHR009C 2 209
YHR010W 0 0
YHR011W 0 0
YHR012W 2 221
YHR013C 6 301
YHR014W 0 0
YHR015W 4 369
YHR016C 4 127
YHR017W 4 366
YHR018C 3 31
YHR019C 2 17
YHR020W 5 475
YHR021C 2 21
YHR021W-A 9 1034
YHR022C 2 2
YHR022C-A 13 678
YHR023W 2 8
YHR024C 6 312
YHR025W 4 56
YHR026W 0 0
YHR027C 0 0
YHR028C 4 25440
YHR028W-A 4 530
YHR029C 3 52
YHR030C 2 245
YHR031C 5 4283
YHR032W 0 0
YHR032W-A 15 1058
YHR032C-A 17 4442
YHR033W 6 3088
YHR034C 3 40
YHR035W 5 189
YHR036W 2 69
YHR037W 1 2
YHR038W 2 30
YHR039C 0 0
YHR039C-A 2 17
YHR040W 4 309
YHR041C 8 390
YHR042W 6 165
YHR043C 2 9
YHR044C 1 28
YHR045W 0 0
YHR046C 2 2
YHR047C 2 59
YHR048W 4 236
YHR049W 2 4
YHR049C-A 3 7
YHR050W 3 7
YHR050W-A 5 193
YHR051W 1 1
YHR052W 2 27
YHR052W-A 0 0
YHR053C 0 0
YHR054C 3 24
YHR054W-A 0 0
YHR055C 0 0
YHR056C 2 16
YHR056W-A 2 39
YHR057C 3 55
YHR058C 5 178
YHR059W 1 7
YHR060W 7 195
YHR061C 4 889
YHR062C 1 23
YHR063C 4 127
YHR063W-A 4 45
YHR064C 2 20
YHR065C 5 105
YHR066W 2 54
YHR067W 4 39
YHR068W 0 0
YHR069C 4 21
YHR069C-A 0 0
YHR070W 3 15
YHR070C-A 2 305
YHR071W 0 0
YHR071C-A 1 11
YHR072W 2 8
YHR072W-A 2 70
YHR073W 4 125
YHR073W-A 2 51
YHR073C-B 2 12
YHR074W 6 294
YHR075C 1 2
YHR076W 3 98
YHR077C 2 26
YHR078W 2 304
YHR079C 2 38
YHR079C-A 0 0
YHR080C 3 6
YHR081W 5 150
YHR082C 0 0
YHR083W 13 419
YHR084W 2 46
YHR085W 6 47
YHR086W 3 212
YHR086W-A 8 124
YHR087W 3 82
YHR088W 4 76
YHR089C 5 27
YHR090C 2 178
YHR091C 7 193
YHR092C 3 54
YHR093W 2 4
YHR094C 0 0
YHR095W 0 0
YHR096C 1 10
YHR097C 3 17
YHR098C 0 0
YHR099W 1 43
YHR100C 7 64
YHR101C 2 49
YHR102W 1 24
YHR103W 1 17
YHR104W 0 0
YHR105W 0 0
YHR106W 1 4
YHR107C 3 12
YHR108W 5 95
YHR109W 2 25
YHR110W 3 65
YHR111W 2 19
YHR112C 3 112
YHR113W 4 62
YHR114W 1 57
YHR115C 4 25
YHR116W 5 787
YHR117W 3 198
YHR118C 1 22
YHR119W 2 12
YHR120W 2 8
YHR121W 3 22
YHR122W 1 8
YHR123W 6 356
YHR124W 1 3
YHR125W 0 0
YHR126C 0 0
YHR127W 8 10252
YHR128W 3 4
YHR129C 1 1
YHR130C 0 0
YHR131C 2 14
YHR131W-A 1 1
YHR132C 1 1
YHR132W-A 1 1
YHR133C 5 861
YHR134W 5 69
YHR135C 2 6
YHR136C 6 648
YHR137W 4 34
YHR137C-A 1 2
YHR138C 3 30
YHR139C 7 222
YHR139C-A 7 400
YHR140W 5 176
YHR141C 2 74
YHR142W 3 42
YHR143W 1 7
YHR143W-A 3 48
YHR144C 4 217
YHR145C 0 0
YHR146W 3 14
YHR147C 3 76
YHR148W 3 119
YHR149C 1 12
YHR150W 4 57
YHR151C 3 17
YHR152W 4 36
YHR153C 0 0
YHR154W 3 588
YHR155W 3 27
YHR156C 2 30
YHR157W 1 3
YHR158C 0 0
YHR159W 1 15
YHR160C 4 23
YHR161C 0 0
YHR162W 1 3
YHR163W 7 332
YHR164C 0 0
YHR165C 2 2
YHR165W-A 0 0
YHR166C 3 565
YHR167W 3 128
YHR168W 5 158
YHR169W 4 263
YHR170W 0 0
YHR171W 4 570
YHR172W 3 42
YHR173C 8 410
YHR174W 3 13
YHR175W 7 596
YHR175W-A 2 15
YHR176W 0 0
YHR177W 1 28
YHR178W 6 197
YHR179W 2 2
YHR180W 1 3
YHR180W-A 0 0
YHR180C-B 4 213
YHR181W 4 172
YHR182W 1 4
YHR182C-A 2 48
YHR183W 3 27
YHR184W 2 382
YHR185C 2 66
YHR186C 1 36
YHR187W 0 0
YHR188C 3 56
YHR189W 6 1080
YHR190W 2 34
YHR191C 0 0
YHR192W 2 106
YHR193C 6 43
YHR193C-A 5 70
YHR194W 1 6
YHR195W 0 0
YHR196W 5 114
YHR197W 2 30
YHR198C 9 189
YHR199C 4 284
YHR199C-A 8 763
YHR200W 3 5
YHR201C 2 3
YHR202W 2 21
YHR203C 2 5
YHR204W 6 128
YHR205W 1 27
YHR206W 2 53
YHR207C 6 569
YHR208W 8 1516
YHR209W 2 225
YHR210C 1 4
YHR211W 0 0
YHR212C 0 0
YHR212W-A 0 0
YHR213W 0 0
YHR213W-A 0 0
YHR213W-B 0 0
YHR214W 0 0
YHR214W-A 0 0
YHR214C-D 0 0
YHR214C-E 0 0
YHR215W 0 0
YHR216W 0 0
YHR217C 0 0
YHR218W 0 0
YHR218W-A 0 0
YHR219W 0 0
YHR219C-A 0 0
YIL177C 0 0
YIL177W-A 0 0
YIL176C 0 0
YIL173W 0 0
YIL172C 0 0
YIL171W-A 0 0
YIL169C 3 8
YIL166C 0 0
YIL165C 2 166
YIL164C 3 57
YIL163C 2 4
YIL162W 1 2
YIL161W 0 0
YIL160C 2 78
YIL159W 7 309
YIL158W 3 3
YIL157C 6 210
YIL156W-A 2 83
YIL156W-B 5 60
YIL156W 7 172
YIL155C 7 345
YIL154C 1 1
YIL153W 3 117
YIL152W 4 278
YIL151C 3 72
YIL150C 2 44
YIL149C 2 18
YIL148W 2 32
YIL147C 1 103
YIL146C 1 7
YIL145C 4 47
YIL144W 1 5
YIL143C 5 1449
YIL142C-A 4 31
YIL142W 4 16
YIL141W 1 1228
YIL140W 0 0
YIL139C 0 0
YIL138C 6 737
YIL137C 5 110
YIL136W 5 110
YIL135C 1 4
YIL134C-A 10 1725
YIL134W 7 70
YIL133C 2 16
YIL132C 1 8
YIL131C 2 7
YIL130W 6 236
YIL129C 0 0
YIL128W 0 0
YIL127C 0 0
YIL126W 1 1
YIL125W 1 3
YIL124W 4 51
YIL123W 1 2
YIL122W 1 6
YIL121W 0 0
YIL120W 0 0
YIL119C 3 77
YIL118W 4 51
YIL117C 1 6
YIL116W 1 8
YIL115W-A 0 0
YIL115C 0 0
YIL114C 2 17
YIL113W 5 129
YIL112W 1 8
YIL111W 1 1
YIL110W 0 0
YIL109C 0 0
YIL108W 6 77
YIL107C 2 9
YIL106W 3 20
YIL105C 1 10
YIL105W-A 5 94
YIL104C 7 67
YIL103W 1 7
YIL102C-A 5 28
YIL102C 3 127
YIL101C 5 28
YIL100C-A 6 125
YIL100W 6 42
YIL099W 3 35
YIL098C 4 59
YIL097W 5 51
YIL096C 3 83
YIL095W 2 21
YIL094C 4 279
YIL093C 3 66
YIL092W 2 240
YIL091C 2 42
YIL090W 1 12
YIL089W 0 0
YIL088C 3 99
YIL087C 3 22
YIL086C 2 90
YIL085C 5 810
YIL084C 1 71
YIL083C 3 37
YIL082W 0 0
YIL079C 2 157
YIL078W 0 0
YIL077C 8 95
YIL076W 7 91
YIL075C 0 0
YIL074C 2 13
YIL073C 0 0
YIL072W 1 7
YIL071W-A 0 0
YIL071C 3 18
YIL070C 3 237
YIL069C 6 41
YIL068W-A 2 170
YIL068C 4 106
YIL067C 1 5
YIL066W-A 2 10
YIL066C 0 0
YIL065C 8 159
YIL064W 11 391
YIL063C 3 163
YIL062C 2 6
YIL061C 4 54
YIL060W 0 0
YIL059C 4 20
YIL058W 0 0
YIL057C 7 53
YIL056W 6 156
YIL055C 0 0
YIL054W 9 1112
YIL053W 1 1
YIL052C 2 10
YIL051C 5 58
YIL050W 4 44
YIL049W 2 27
YIL048W 1 2
YIL047C-A 1 23
YIL047C 3 13
YIL046W-A 8 99
YIL046W 5 41
YIL045W 1 1
YIL044C 5 43
YIL043C 4 82
YIL042C 3 83
YIL041W 9 310
YIL040W 1 1
YIL039W 0 0
YIL038C 3 40
YIL037C 0 0
YIL036W 2 60
YIL035C 1 1
YIL034C 6 301
YIL033C 0 0
YIL032C 1 10
YIL031W 7 105
YIL030W-A 0 0
YIL030C 1 1
YIL029W-A 0 0
YIL029C 0 0
YIL028W 2 54
YIL027C 6 548
YIL026C 1 16
YIL025C 1 30
YIL024C 6 89
YIL023C 2 52
YIL022W 0 0
YIL021W 3 310
YIL021C-A 3 53
YIL020C-A 4 22
YIL020C 1 72
YIL019W 8 699
YIL018W 0 0
YIL017C 3 113
YIL016W 4 604
YIL015W 1 61
YIL014C-A 0 0
YIL014W 4 24
YIL013C 2 4
YIL012W 2 121
YIL011W 1 31
YIL010W 2 12
YIL009C-A 12 458
YIL009W 1 8
YIL008W 2 5
YIL007C 2 18
YIL006W 9 1120
YIL005W 0 0
YIL004C 5 632
YIL003W 3 69
YIL002W-A 6 75
YIL002C 1 23
YIL001W 1 181
YIR001C 4 50
YIR002C 0 0
YIR003W 3 39
YIR004W 4 493
YIR005W 10 282
YIR006C 4 17
YIR007W 1 26
YIR008C 0 0
YIR009W 1 22
YIR010W 2 3
YIR011C 5 428
YIR012W 4 7
YIR013C 1 5
YIR014W 3 305
YIR015W 12 443
YIR016W 5 80
YIR017C 9 984
YIR017W-A 6 271
YIR018W 11 2511
YIR018C-A 1 2
YIR019C 3 11
YIR020C 1 15
YIR020W-A 2 15
YIR020C-B 4 51
YIR021W 1 24
YIR021W-A 0 0
YIR022W 3 52
YIR023W 5 1683
YIR023C-A 1 2
YIR024C 7 292
YIR025W 10 369
YIR026C 2 2
YIR027C 1 2
YIR028W 1 2
YIR029W 5 70
YIR030C 2 26
YIR030W-A 3 29
YIR031C 1 24
YIR032C 1 17
YIR033W 2 100
YIR034C 0 0
YIR035C 1 27
YIR036C 3 37
YIR036W-A 0 0
YIR037W 2 5
YIR038C 3 657
YIR039C 1 67
YIR040C 0 0
YIR041W 0 0
YIR042C 2 11
YJL225C 0 0
YJL225W-A 0 0
YJL223C 0 0
YJL222W-B 0 0
YJL222W-A 0 0
YJL222W 0 0
YJL221C 0 0
YJL220W 0 0
YJL219W 0 0
YJL218W 3 40
YJL217W 3 120
YJL216C 1 3
YJL215C 0 0
YJL214W 1 2
YJL213W 3 281
YJL212C 5 161
YJL211C 2 4
YJL210W 6 51
YJL209W 1 25
YJL208C 6 118
YJL207C 2 15
YJL206C 8 346
YJL205C 5 100
YJL204C 2 718
YJL203W 3 39
YJL202C 3 10
YJL201W 4 12
YJL200C 1 1
YJL199C 10 1479
YJL198W 2 122
YJL197W 1 8
YJL197C-A 1 6
YJL196C 4 42
YJL195C 2 7
YJL194W 3 22
YJL193W 1 8
YJL192C 6 194
YJL191W 4 328
YJL190C 1 1
YJL189W 0 0
YJL188C 3 23
YJL187C 0 0
YJL186W 0 0
YJL185C 4 238
YJL184W 1 5
YJL183W 1 24
YJL182C 0 0
YJL181W 5 43
YJL180C 3 186
YJL179W 0 0
YJL178C 10 171
YJL177W 2 30
YJL176C 5 15
YJL175W 0 0
YJL174W 1 1
YJL173C 7 196
YJL172W 6 387
YJL171C 6 235
YJL170C 2 5
YJL169W 2 52
YJL168C 2 9
YJL167W 1 87
YJL166W 3 68
YJL165C 2 47
YJL164C 0 0
YJL163C 2 17
YJL162C 4 194
YJL161W 4 27
YJL160C 3 86
YJL159W 2 17
YJL158C 7 3453
YJL157C 4 70
YJL156W-A 14 3997
YJL156C 5 42
YJL155C 0 0
YJL154C 3 208
YJL153C 0 0
YJL152W 1 2
YJL151C 6 694
YJL150W 6 156
YJL149W 6 147
YJL148W 2 167
YJL147C 1 9
YJL146W 0 0
YJL145W 1 25
YJL144W 4 455
YJL143W 3 95
YJL142C 2 27
YJL141C 0 0
YJL140W 1 2
YJL139C 1 36
YJL138C 3 115
YJL137C 4 35
YJL136W-A 5 253
YJL136C 0 0
YJL135W 7 235
YJL134W 1 1
YJL133C-A 6 499
YJL133W 2 46
YJL132W 4 47
YJL131C 3 80
YJL130C 3 18
YJL129C 0 0
YJL128C 1 25
YJL127W-A 0 0
YJL127C-B 6 20
YJL127C 4 40
YJL126W 3 7
YJL125C 2 5
YJL124C 0 0
YJL123C 1 3
YJL122W 6 445
YJL121C 3 166
YJL120W 3 53
YJL119C 3 70
YJL118W 8 564
YJL117W 1 2
YJL116C 2 56
YJL115W 2 92
YJL112W 0 0
YJL111W 1 11
YJL110C 1 7
YJL109C 1 1
YJL108C 2 11
YJL107C 1 6
YJL106W 2 97
YJL105W 1 106
YJL104W 4 156
YJL103C 6 163
YJL102W 4 100
YJL101C 6 322
YJL100W 4 90
YJL099W 1 54
YJL098W 2 41
YJL097W 0 0
YJL096W 6 149
YJL095W 1 4
YJL094C 0 0
YJL093C 8 160
YJL092W 2 9
YJL091C 2 106
YJL090C 2 13
YJL089W 1 9
YJL088W 10 285
YJL087C 0 0
YJL086C 0 0
YJL085W 1 2
YJL084C 0 0
YJL083W 2 23
YJL082W 6 529
YJL081C 0 0
YJL080C 2 5
YJL079C 4 83
YJL078C 2 54
YJL077W-B 4 423
YJL077C 7 113
YJL077W-A 5 42
YJL076W 4 91
YJL075C 0 0
YJL074C 1 2
YJL073W 0 0
YJL072C 2 8
YJL071W 0 0
YJL070C 1 24
YJL069C 2 11
YJL068C 9 248
YJL067W 15 1090
YJL066C 5 98
YJL065C 4 33
YJL064W 4 34
YJL063C 3 103
YJL062W-A 8 1885
YJL062W 2 14
YJL061W 1 8
YJL060W 3 29
YJL059W 3 44
YJL058C 1 8
YJL057C 1 14
YJL056C 1 15
YJL055W 3 27
YJL054W 7 86
YJL053W 6 514
YJL052C-A 11 393
YJL052W 0 0
YJL051W 1 19
YJL050W 5 42
YJL049W 2 122
YJL048C 6 162
YJL047C-A 2 2
YJL047C 1 13
YJL046W 3 187
YJL045W 5 136
YJL044C 6 36
YJL043W 0 0
YJL042W 4 365
YJL041W 1 8
YJL039C 0 0
YJL038C 0 0
YJL037W 3 33
YJL036W 1 1
YJL035C 4 316
YJL034W 1 22
YJL033W 1 22
YJL032W 1 7
YJL031C 4 78
YJL030W 2 38
YJL029C 2 1146
YJL028W 3 41
YJL027C 4 200
YJL026W 4 28
YJL026C-A 0 0
YJL025W 2 123
YJL024C 4 50
YJL023C 4 75
YJL022W 0 0
YJL020C 2 110
YJL020W-A 0 0
YJL019W 0 0
YJL016W 1 2
YJL015C 4 223
YJL014W 4 223
YJL013C 9 864
YJL012C 4 77
YJL011C 3 8
YJL010C 2 2
YJL009W 1 11
YJL008C 3 1602
YJL007C 7 195
YJL006C 6 410
YJL005W 1 392
YJL004C 6 104
YJL003W 6 35
YJL002C 3 182
YJL001W 4 126
YJR001W 8 504
YJR002W 4 564
YJR003C 4 347
YJR004C 3 41
YJR005W 5 528
YJR005C-A 3 25
YJR006W 2 24
YJR007W 0 0
YJR008W 4 153
YJR009C 7 595
YJR010W 1 1
YJR010C-A 4 141
YJR011C 2 14
YJR012C 2 2
YJR013W 3 127
YJR014W 3 52
YJR015W 7 123
YJR016C 1 4
YJR017C 6 49
YJR018W 0 0
YJR019C 3 53
YJR020W 0 0
YJR021C 3 26
YJR022W 6 119
YJR023C 0 0
YJR024C 6 42
YJR025C 1 16
YJR030C 1 12
YJR031C 0 0
YJR032W 2 3
YJR033C 4 51
YJR034W 1 18
YJR035W 2 5
YJR036C 0 0
YJR037W 1 10
YJR038C 1 6
YJR039W 4 17
YJR040W 5 110
YJR041C 2 46
YJR042W 3 22
YJR043C 5 136
YJR044C 5 209
YJR045C 2 305
YJR046W 7 400
YJR047C 1 15
YJR048W 7 525
YJR049C 10 251
YJR050W 5 70
YJR051W 6 185
YJR052W 4 1282
YJR053W 1 15
YJR054W 0 0
YJR055W 4 68
YJR056C 0 0
YJR057W 1 25
YJR058C 4 19
YJR059W 3 100
YJR060W 1 24
YJR061W 0 0
YJR062C 9 66
YJR063W 1 4
YJR064W 5 89
YJR065C 0 0
YJR066W 4 465
YJR067C 4 29
YJR068W 7 127
YJR069C 1 102
YJR070C 4 94
YJR071W 0 0
YJR072C 3 20
YJR073C 4 40
YJR074W 9 246
YJR075W 5 63
YJR076C 11 2475
YJR077C 8 222
YJR078W 5 53
YJR079W 3 62
YJR080C 4 515
YJR082C 4 76
YJR083C 5 60
YJR084W 5 335
YJR085C 3 61
YJR086W 3 177
YJR087W 2 71
YJR088C 0 0
YJR089W 2 130
YJR090C 0 0
YJR091C 6 158
YJR092W 5 871
YJR093C 0 0
YJR094C 0 0
YJR094W-A 7 72
YJR095W 1 9
YJR096W 5 127
YJR097W 0 0
YJR098C 0 0
YJR099W 2 29
YJR100C 6 130
YJR101W 0 0
YJR102C 0 0
YJR103W 5 89
YJR104C 5 159
YJR105W 6 97
YJR106W 1 14
YJR107W 0 0
YJR108W 2 51
YJR109C 3 20
YJR110W 0 0
YJR111C 0 0
YJR112W 7 214
YJR112W-A 2 28
YJR113C 6 745
YJR114W 5 575
YJR115W 8 811
YJR116W 1 7
YJR117W 3 189
YJR118C 2 82
YJR119C 2 9
YJR120W 8 422
YJR121W 1 3
YJR122W 1 1
YJR123W 0 0
YJR124C 3 84
YJR125C 2 62
YJR126C 4 116
YJR127C 5 874
YJR128W 2 293
YJR129C 0 0
YJR130C 12 2071
YJR131W 0 0
YJR132W 1 46
YJR133W 2 82
YJR134C 2 128
YJR135C 4 116
YJR135W-A 5 859
YJR136C 1 2
YJR137C 9 370
YJR138W 2 310
YJR139C 0 0
YJR140C 2 54
YJR140W-A 3 11
YJR141W 1 3
YJR142W 0 0
YJR143C 5 179
YJR144W 6 358
YJR145C 2 3
YJR146W 10 758
YJR147W 4 16
YJR148W 4 54
YJR149W 13 453
YJR150C 4 115
YJR151C 1 4
YJR151W-A 3 27
YJR152W 4 111
YJR153W 0 0
YJR154W 1 2
YJR155W 0 0
YJR156C 0 0
YJR157W 0 0
YJR158W 0 0
YJR159W 0 0
YJR160C 0 0
YJR161C 2 181
YJR162C 4 97
YKL225W 1 1
YKL224C 0 0
YKL223W 0 0
YKL222C 1 2
YKL221W 5 18
YKL220C 0 0
YKL219W 5 286
YKL218C 1 1
YKL217W 6 274
YKL216W 2 50
YKL215C 0 0
YKL214C 3 77
YKL213C 2 56
YKL212W 0 0
YKL211C 3 85
YKL210W 2 50
YKL209C 3 27
YKL208W 2 21
YKL207W 6 116
YKL206C 2 10
YKL205W 1 11
YKL204W 1 8
YKL203C 1 18
YKL202W 0 0
YKL201C 7 223
YKL198C 1 5
YKL197C 7 661
YKL196C 3 61
YKL195W 9 291
YKL194C 4 373
YKL193C 3 72
YKL192C 5 675
YKL191W 4 44
YKL190W 1 60
YKL189W 1 94
YKL188C 2 4
YKL187C 5 82
YKL186C 10 3792
YKL185W 1 7
YKL184W 1 1
YKL183C-A 0 0
YKL183W 0 0
YKL182W 0 0
YKL181W 2 172
YKL180W 0 0
YKL179C 4 28
YKL178C 1 318
YKL177W 1 30
YKL176C 2 7
YKL175W 5 335
YKL174C 2 153
YKL173W 5 197
YKL172W 1 2
YKL171W 3 34
YKL170W 4 90
YKL169C 0 0
YKL168C 2 36
YKL167C 10 230
YKL166C 1 2
YKL165C-A 8 236
YKL165C 3 29
YKL164C 1 2
YKL163W 1 17
YKL162C-A 3 42
YKL162C 0 0
YKL161C 1 1
YKL160W 2 8
YKL159C 7 237
YKL157W 5 534
YKL156W 11 294
YKL156C-A 0 0
YKL155C 1 8
YKL154W 5 101
YKL153W 5 167
YKL152C 4 643
YKL151C 5 43
YKL150W 9 1092
YKL149C 8 154
YKL148C 3 56
YKL147C 3 39
YKL146W 5 404
YKL145W 4 156
YKL145W-A 1 1
YKL144C 1 92
YKL143W 9 1127
YKL142W 3 31
YKL141W 1 51
YKL140W 1 16
YKL139W 0 0
YKL138C-A 7 251
YKL138C 4 182
YKL137W 2 167
YKL136W 2 10
YKL135C 2 3
YKL134C 1 41
YKL133C 1 23
YKL132C 1 72
YKL131W 1 9
YKL130C 2 43
YKL129C 1 32
YKL128C 2 975
YKL127W 3 742
YKL126W 1 41
YKL125W 0 0
YKL124W 0 0
YKL123W 1 2
YKL122C 2 2
YKL121W 0 0
YKL120W 2 83
YKL119C 1 37
YKL118W 1 1
YKL117W 5 1697
YKL116C 0 0
YKL115C 1 5
YKL114C 3 15
YKL113C 4 93
YKL112W 2 78
YKL111C 1 8
YKL110C 10 1254
YKL109W 1 79
YKL108W 2 141
YKL107W 1 8
YKL106C-A 7 118
YKL106W 0 0
YKL105C 1 13
YKL104C 0 0
YKL103C 1 1
YKL102C 7 136
YKL101W 1 1
YKL100C 7 109
YKL100W-A 1 18
YKL099C 3 33
YKL098W 2 181
YKL097C 3 13
YKL096C-B 0 0
YKL096W-A 0 0
YKL096W 1 20
YKL095W 1 24
YKL094W 11 264
YKL093W 1 1
YKL092C 0 0
YKL091C 1 14
YKL090W 5 63
YKL089W 0 0
YKL088W 4 104
YKL087C 1 1
YKL086W 8 1185
YKL085W 0 0
YKL084W 5 44
YKL083W 3 13
YKL082C 0 0
YKL081W 3 9
YKL080W 1 3
YKL079W 0 0
YKL078W 2 70
YKL077W 1 13
YKL076C 0 0
YKL075C 2 12
YKL074C 5 192
YKL073W 7 156
YKL072W 1 2
YKL071W 0 0
YKL070W 0 0
YKL069W 5 43
YKL068W-A 6 332
YKL068W 1 4
YKL067W 1 1
YKL066W 0 0
YKL065W-A 3 31
YKL065C 7 76
YKL064W 4 283
YKL063C 1 14
YKL062W 0 0
YKL061W 0 0
YKL060C 4 34
YKL059C 1 70
YKL058W 4 80
YKL057C 1 13
YKL056C 2 11
YKL055C 0 0
YKL054C 3 77
YKL053C-A 2 40
YKL053W 4 42
YKL052C 10 770
YKL051W 4 41
YKL050C 0 0
YKL049C 1 1
YKL048C 0 0
YKL047W 1 7
YKL046C 3 32
YKL045W 4 649
YKL044W 2 23
YKL043W 2 10
YKL042W 1 1
YKL041W 2 98
YKL040C 2 90
YKL039W 2 20
YKL038W 1 3
YKL037W 9 267
YKL036C 0 0
YKL035W 3 42
YKL034W 0 0
YKL033W-A 1 34
YKL033W 3 141
YKL032C 1 1
YKL031W 2 4
YKL030W 4 131
YKL029C 4 102
YKL028W 4 194
YKL027W 0 0
YKL026C 6 75
YKL025C 3 20
YKL024C 0 0
YKL023C-A 7 167
YKL023W 13 957
YKL022C 3 326
YKL021C 0 0
YKL020C 1 3
YKL019W 6 1162
YKL018C-A 5 687
YKL018W 4 180
YKL017C 6 623
YKL016C 0 0
YKL015W 0 0
YKL014C 1 17
YKL013C 5 78
YKL012W 0 0
YKL011C 3 19
YKL010C 1 301
YKL009W 2 86
YKL008C 2 3
YKL007W 7 494
YKL006C-A 4 65
YKL006W 0 0
YKL005C 3 45
YKL004W 3 43
YKL003C 2 251
YKL002W 2 14
YKL001C 5 1487
YKR001C 0 0
YKR002W 0 0
YKR003W 1 6
YKR004C 4 135
YKR005C 1 20
YKR006C 2 13
YKR007W 4 369
YKR008W 3 4
YKR009C 3 287
YKR010C 1 11
YKR011C 0 0
YKR012C 4 1606
YKR013W 3 109
YKR014C 1 8
YKR015C 0 0
YKR016W 2 43
YKR017C 0 0
YKR018C 4 116
YKR019C 0 0
YKR020W 2 23
YKR021W 1 3
YKR022C 0 0
YKR023W 4 98
YKR024C 0 0
YKR025W 2 8
YKR026C 0 0
YKR027W 1 22
YKR028W 2 2
YKR029C 5 285
YKR030W 3 16
YKR031C 0 0
YKR032W 0 0
YKR033C 1 7
YKR034W 1 3
YKR035C 1 13
YKR035W-A 2 15
YKR036C 2 30
YKR037C 6 89
YKR038C 9 1256
YKR039W 6 27
YKR040C 1 10
YKR041W 6 148
YKR042W 1 4
YKR043C 3 91
YKR044W 0 0
YKR045C 2 28
YKR046C 7 265
YKR047W 8 42
YKR048C 4 90
YKR049C 5 8610
YKR050W 5 560
YKR051W 0 0
YKR052C 2 35
YKR053C 3 10
YKR054C 1 233
YKR055W 5 1221
YKR056W 4 131
YKR057W 3 235
YKR058W 3 6
YKR059W 0 0
YKR060W 2 16
YKR061W 3 696
YKR062W 3 21
YKR063C 4 483
YKR064W 1 46
YKR065C 5 140
YKR066C 14 2385
YKR067W 1 36
YKR068C 7 151
YKR069W 4 34
YKR070W 3 17
YKR071C 1 1
YKR072C 3 59
YKR073C 3 38
YKR074W 2 101
YKR075C 2 9
YKR075W-A 1 6
YKR076W 0 0
YKR077W 1 29
YKR078W 8 222
YKR079C 1 29
YKR080W 3 184
YKR081C 5 154
YKR082W 0 0
YKR083C 1 16
YKR084C 1 135
YKR085C 1 17
YKR086W 3 448
YKR087C 4 94
YKR088C 3 115
YKR089C 3 27
YKR090W 1 2
YKR091W 0 0
YKR092C 6 36
YKR093W 4 19
YKR094C 2 1389
YKR095W 4 22
YKR095W-A 6 59
YKR096W 0 0
YKR097W 2 7
YKR098C 3 76
YKR099W 1 43
YKR100C 1 14
YKR101W 6 167
YKR102W 2 1258
YKR103W 0 0
YKR104W 1 17
YKR105C 2 8
YKR106W 0 0
YLL067C 0 0
YLL067W-A 0 0
YLL066W-B 0 0
YLL066C 0 0
YLL066W-A 0 0
YLL065W 1 4
YLL064C 0 0
YLL063C 9 1102
YLL062C 0 0
YLL061W 10 336
YLL060C 11 423
YLL059C 3 10
YLL058W 2 29
YLL057C 1 27
YLL056C 1 15
YLL055W 2 12
YLL054C 0 0
YLL053C 1 8
YLL052C 1 1
YLL051C 3 28
YLL050C 5 257
YLL049W 6 1934
YLL048C 0 0
YLL047W 4 18
YLL046C 0 0
YLL045C 9 395
YLL044W 0 0
YLL043W 2 22
YLL042C 3 17
YLL041C 9 217
YLL040C 0 0
YLL039C 2 192
YLL038C 6 48
YLL037W 3 9
YLL036C 2 222
YLL035W 2 68
YLL034C 3 82
YLL033W 6 402
YLL032C 4 32
YLL031C 1 23
YLL030C 0 0
YLL029W 0 0
YLL028W 3 53
YLL027W 2 21
YLL026W 4 46
YLL025W 0 0
YLL024C 4 30
YLL023C 3 459
YLL022C 3 349
YLL021W 0 0
YLL020C 0 0
YLL019C 1 28
YLL019W-A 0 0
YLL018C-A 6 124
YLL018C 2 67
YLL015W 3 21
YLL014W 5 108
YLL013C 0 0
YLL012W 1 3
YLL011W 4 208
YLL010C 0 0
YLL009C 1 543
YLL008W 2 6
YLL007C 2 25
YLL006W-A 1 5
YLL006W 5 113
YLL005C 2 62
YLL004W 2 91
YLL003W 2 23
YLL002W 2 79
YLL001W 4 39
YLR001C 4 149
YLR002C 2 98
YLR003C 4 567
YLR004C 6 347
YLR005W 5 348
YLR006C 1 2
YLR007W 7 79
YLR008C 1 114
YLR009W 2 3
YLR010C 2 12
YLR011W 1 160
YLR012C 1 18
YLR013W 0 0
YLR014C 4 44
YLR015W 2 4
YLR016C 4 33
YLR017W 3 2323
YLR018C 1 2
YLR019W 1 27
YLR020C 4 50
YLR021W 6 701
YLR022C 2 40
YLR023C 1 4
YLR024C 1 2
YLR025W 1 17
YLR026C 0 0
YLR027C 13 515
YLR028C 3 53
YLR029C 4 42
YLR030W 2 38
YLR031W 2 31
YLR032W 2 16
YLR033W 5 173
YLR034C 3 45
YLR035C 3 16
YLR036C 7 131
YLR037C 4 62
YLR038C 8 177
YLR039C 2 234
YLR040C 4 189
YLR041W 3 8
YLR042C 0 0
YLR043C 7 684
YLR044C 5 33
YLR045C 5 135
YLR046C 3 28
YLR047C 0 0
YLR048W 1 1
YLR049C 2 9
YLR050C 1 93
YLR051C 2 9
YLR052W 1 2
YLR053C 0 0
YLR054C 0 0
YLR055C 5 61
YLR056W 1 76
YLR057W 1 20
YLR058C 2 13
YLR059C 1 33
YLR060W 2 20
YLR061W 6 562
YLR062C 2 9
YLR063W 4 242
YLR064W 1 6
YLR065C 2 92
YLR066W 3 30
YLR067C 1 18
YLR068W 2 15
YLR069C 4 50
YLR070C 6 498
YLR071C 1 13
YLR072W 2 20
YLR073C 4 12
YLR074C 4 187
YLR075W 3 83
YLR076C 1 28
YLR077W 2 4
YLR078C 4 28
YLR079W 3 4
YLR080W 1 3
YLR081W 4 4863
YLR082C 2 30
YLR083C 0 0
YLR084C 1 4
YLR085C 3 125
YLR086W 1 15
YLR087C 0 0
YLR088W 1 9
YLR089C 0 0
YLR090W 3 8
YLR091W 3 21
YLR092W 11 245
YLR093C 1 2
YLR094C 5 32
YLR095C 3 100
YLR096W 1 6
YLR097C 0 0
YLR098C 5 385
YLR099C 4 13
YLR099W-A 6 121
YLR100W 1 2
YLR101C 2 194
YLR102C 7 273
YLR103C 2 82
YLR104W 1 3
YLR105C 3 20
YLR106C 0 0
YLR107W 3 63
YLR108C 4 91
YLR109W 5 22
YLR110C 3 129
YLR111W 7 49
YLR112W 10 1874
YLR113W 4 83
YLR114C 3 17
YLR115W 5 65
YLR116W 2 3
YLR117C 4 139
YLR118C 3 1257
YLR119W 4 1369
YLR120C 0 0
YLR120W-A 5 138
YLR121C 5 156
YLR122C 0 0
YLR123C 1 39
YLR124W 1 4
YLR125W 0 0
YLR126C 0 0
YLR127C 0 0
YLR128W 3 40
YLR129W 4 64
YLR130C 1 3
YLR131C 0 0
YLR132C 4 291
YLR133W 0 0
YLR134W 0 0
YLR135W 4 15
YLR136C 1 2
YLR137W 5 108
YLR138W 0 0
YLR139C 5 14
YLR140W 1 41
YLR141W 7 200
YLR142W 6 11
YLR143W 3 29
YLR144C 5 52
YLR145W 5 41
YLR146C 1 4
YLR146W-A 5 20
YLR147C 2 76
YLR148W 4 18
YLR149C 2 42
YLR149C-A 2 98
YLR150W 2 13
YLR151C 5 196
YLR152C 0 0
YLR153C 5 111
YLR154C 10 749
YLR154W-A 0 0
YLR154W-B 0 0
YLR154W-C 0 0
YLR154W-E 0 0
YLR154W-F 0 0
YLR154C-G 0 0
YLR154C-H 0 0
YLR155C 0 0
YLR156W 0 0
YLR156C-A 0 0
YLR157C 0 0
YLR157W-D 0 0
YLR157W-E 1 23
YLR157C-C 0 0
YLR158C 0 0
YLR159W 0 0
YLR159C-A 0 0
YLR160C 0 0
YLR161W 0 0
YLR162W 2 4
YLR162W-A 0 0
YLR163C 5 118
YLR163W-A 1 2
YLR164W 0 0
YLR165C 5 89
YLR166C 2 82
YLR167W 4 39
YLR168C 3 734
YLR169W 1 1
YLR170C 3 171
YLR171W 0 0
YLR172C 4 44
YLR173W 3 124
YLR174W 6 352
YLR175W 7 92
YLR176C 3 87
YLR177W 2 10
YLR178C 2 4
YLR179C 5 81
YLR180W 3 21
YLR181C 0 0
YLR182W 1 1
YLR183C 0 0
YLR184W 1 10
YLR185W 3 51
YLR186W 1 3
YLR187W 0 0
YLR188W 0 0
YLR189C 0 0
YLR190W 1 1
YLR191W 0 0
YLR192C 4 97
YLR193C 1 39
YLR194C 3 81
YLR195C 3 30
YLR196W 2 9
YLR197W 1 1
YLR198C 1 2
YLR199C 1 44
YLR200W 0 0
YLR201C 4 38
YLR202C 2 28
YLR203C 4 182
YLR204W 12 3784
YLR205C 7 1378
YLR206W 5 132
YLR207W 1 4
YLR208W 1 16
YLR209C 3 13
YLR210W 0 0
YLR211C 2 14
YLR212C 1 12
YLR213C 1 6
YLR214W 6 133
YLR215C 3 5
YLR216C 8 165
YLR217W 2 76
YLR218C 2 44
YLR219W 3 45
YLR220W 3 312
YLR221C 5 93
YLR222C 6 25
YLR222C-A 2 29
YLR223C 0 0
YLR224W 0 0
YLR225C 4 165
YLR226W 2 5
YLR227C 5 81
YLR228C 2 32
YLR229C 0 0
YLR230W 3 9
YLR231C 5 151
YLR232W 1 31
YLR233C 5 93
YLR234W 4 124
YLR235C 17 539
YLR236C 4 14
YLR237W 6 137
YLR238W 0 0
YLR239C 2 33
YLR240W 2 12
YLR241W 6 123
YLR242C 0 0
YLR243W 1 1
YLR244C 5 41
YLR245C 11 143
YLR246W 6 22
YLR247C 3 38
YLR248W 5 1274
YLR249W 1 11
YLR250W 2 12
YLR251W 0 0
YLR252W 1 16
YLR253W 1 289
YLR254C 1 7
YLR255C 3 15
YLR256W 0 0
YLR257W 0 0
YLR258W 0 0
YLR259C 3 95
YLR260W 0 0
YLR261C 0 0
YLR262C 0 0
YLR262C-A 2 26
YLR263W 1 3
YLR264W 4 83
YLR264C-A 8 149
YLR265C 9 102
YLR266C 8 777
YLR267W 2 87
YLR268W 3 55
YLR269C 4 58
YLR270W 2 23
YLR271W 7 369
YLR272C 1 8
YLR273C 1 1
YLR274W 3 27
YLR275W 3 449
YLR276C 0 0
YLR277C 2 26
YLR278C 2 7
YLR279W 9 682
YLR280C 2 39
YLR281C 16 1379
YLR282C 0 0
YLR283W 3 19
YLR284C 0 0
YLR285W 1 1
YLR285C-A 12 531
YLR286C 0 0
YLR286W-A 2 192
YLR287C 0 0
YLR287C-A 5 87
YLR288C 4 230
YLR289W 3 48
YLR290C 1 62
YLR291C 3 4
YLR292C 4 221
YLR293C 1 12
YLR294C 1 7
YLR295C 4 15
YLR296W 7 72
YLR297W 2 4
YLR298C 9 95
YLR299W 1 1
YLR299C-A 10 752
YLR300W 1 23
YLR301W 5 39
YLR302C 1 2
YLR303W 8 312
YLR304C 2 9
YLR305C 4 32
YLR306W 3 28
YLR307W 0 0
YLR307C-A 1 13
YLR308W 1 57
YLR309C 3 93
YLR310C 0 0
YLR311C 3 189
YLR312C 3 5
YLR312W-A 7 769
YLR313C 3 13
YLR314C 5 173
YLR315W 3 15
YLR316C 7 525
YLR317W 2 38
YLR318W 5 110
YLR319C 0 0
YLR320W 1 9
YLR321C 5 27
YLR322W 4 63
YLR323C 4 505
YLR324W 6 127
YLR325C 1 6
YLR326W 4 132
YLR327C 2 14
YLR328W 3 79
YLR329W 1 1
YLR330W 8 712
YLR331C 0 0
YLR332W 1 3
YLR333C 4 35
YLR334C 2 255
YLR335W 5 238
YLR336C 0 0
YLR337C 0 0
YLR338W 4 34
YLR339C 0 0
YLR340W 1 1
YLR341W 1 7
YLR342W 0 0
YLR342W-A 0 0
YLR343W 0 0
YLR344W 1 24
YLR345W 4 51
YLR346C 2 28
YLR347C 0 0
YLR347W-A 0 0
YLR348C 15 2544
YLR349W 1 14
YLR350W 3 46
YLR351C 5 59
YLR352W 3 66
YLR353W 3 20
YLR354C 5 60
YLR355C 2 45
YLR356W 2 18
YLR357W 7 192
YLR358C 2 19
YLR359W 1 15
YLR360W 0 0
YLR361C 9 118
YLR361C-A 2 2
YLR362W 2 45
YLR363C 0 0
YLR363W-A 3 7
YLR364W 1 7
YLR365W 2 50
YLR364C-A 6 195
YLR366W 0 0
YLR367W 7 153
YLR368W 3 18
YLR369W 0 0
YLR370C 3 108
YLR371W 0 0
YLR372W 0 0
YLR373C 5 160
YLR374C 2 12
YLR375W 3 508
YLR376C 6 50
YLR377C 4 34
YLR378C 1 1
YLR379W 2 27
YLR380W 2 223
YLR381W 0 0
YLR382C 3 40
YLR383W 0 0
YLR384C 14 530
YLR385C 4 36
YLR386W 4 286
YLR387C 2 163
YLR388W 3 23
YLR389C 4 31
YLR390W 7 671
YLR390W-A 7 387
YLR392C 2 102
YLR393W 5 176
YLR394W 1 11
YLR395C 2 12
YLR396C 1 10
YLR397C 6 632
YLR398C 5 125
YLR399C 8 661
YLR399W-A 0 0
YLR400W 0 0
YLR401C 6 899
YLR402W 4 104
YLR403W 0 0
YLR404W 4 33
YLR405W 6 264
YLR406C 5 17
YLR406C-A 3 61
YLR407W 3 97
YLR408C 10 860
YLR409C 6 624
YLR410W 0 0
YLR411W 5 90
YLR412W 4 17
YLR412C-A 1 44
YLR413W 1 2
YLR414C 3 302
YLR415C 6 112
YLR416C 3 283
YLR417W 2 248
YLR418C 0 0
YLR419W 0 0
YLR420W 3 75
YLR421C 7 834
YLR422W 0 0
YLR423C 1 1
YLR424W 1 120
YLR425W 3 203
YLR426W 3 245
YLR427W 0 0
YLR428C 4 85
YLR429W 7 922
YLR430W 1 16
YLR431C 2 127
YLR432W 1 1
YLR433C 0 0
YLR434C 3 48
YLR435W 1 1
YLR436C 3 8
YLR437C 5 69
YLR437C-A 1 20
YLR438W 8 331
YLR438C-A 1 218
YLR439W 1 17
YLR440C 2 175
YLR441C 2 160
YLR442C 5 173
YLR443W 2 23
YLR444C 0 0
YLR445W 6 118
YLR446W 1 1280
YLR447C 5 157
YLR448W 1 1
YLR449W 2 5
YLR450W 2 7
YLR451W 2 14
YLR452C 4 300
YLR453C 7 151
YLR454W 3 26
YLR455W 1 1
YLR456W 1 24
YLR457C 10 573
YLR458W 3 117
YLR459W 6 112
YLR460C 3 3481
YLR461W 0 0
YLR462W 1 1
YLR463C 0 0
YLR464W 0 0
YLR465C 0 0
YLR466W 0 0
YLR466C-A 0 0
YLR466C-B 0 0
YLR467W 0 0
YLR467C-A 0 0
YML133C 0 0
YML133W-B 0 0
YML133W-A 0 0
YML132W 0 0
YML131W 5 241
YML130C 0 0
YML129C 4 48
YML128C 6 37
YML127W 2 146
YML126C 4 33
YML125C 4 50
YML124C 1 63
YML123C 4 148
YML122C 7 69
YML121W 1 17
YML120C 8 738
YML119W 1 4
YML118W 0 0
YML117W 2 86
YML116W-A 1 82
YML116W 2 26
YML115C 2 55
YML114C 2 8
YML113W 3 162
YML112W 1 1
YML111W 0 0
YML110C 9 302
YML109W 3 161
YML108W 6 123
YML107C 3 65
YML106W 0 0
YML105C 4 205
YML104C 3 30
YML103C 7 400
YML102W 2 37
YML101C-A 7 217
YML101C 11 169
YML100W-A 6 403
YML100W 5 284
YML099W-A 2 6
YML099C 8 686
YML098W 1 53
YML097C 4 472
YML096W 2 504
YML095C 0 0
YML094C-A 0 0
YML094W 3 25
YML093W 3 13
YML092C 0 0
YML091C 1 214
YML090W 2 17
YML089C 9 1018
YML088W 4 381
YML087C 2 4
YML086C 0 0
YML085C 4 38
YML084W 4 38
YML083C 0 0
YML082W 3 113
YML081C-A 7 285
YML081W 0 0
YML080W 1 34
YML079W 1 49
YML078W 4 333
YML077W 3 845
YML076C 7 140
YML075C 2 12
YML074C 5 57
YML073C 0 0
YML072C 2 86
YML071C 4 134
YML070W 2 3
YML069W 1 3
YML068W 1 3
YML067C 0 0
YML066C 2 29
YML065W 2 25
YML064C 0 0
YML063W 2 12
YML062C 0 0
YML061C 1 46
YML060W 7 210
YML059C 1 10
YML058W-A 2 58
YML058W 10 303
YML057C-A 1 9
YML057W 0 0
YML056C 0 0
YML055W 5 112
YML054C 5 342
YML054C-A 8 87
YML053C 6 169
YML052W 7 326
YML051W 6 705
YML050W 1 46
YML049C 5 47
YML048W 4 40
YML047W-A 0 0
YML047C 0 0
YML046W 2 163
YML043C 2 63
YML042W 6 260
YML041C 6 36
YML038C 2 73
YML037C 1 2
YML036W 2 28
YML035C 0 0
YML034C-A 4 57
YML034W 1 7
YML032C 1 2
YML031C-A 1 9
YML031W 0 0
YML030W 5 214
YML029W 1 1
YML028W 6 347
YML027W 3 71
YML026C 2 57
YML025C 5 57
YML024W 6 102
YML023C 5 172
YML022W 2 18
YML021C 11 3709
YML020W 3 17
YML019W 4 19
YML018C 2 10
YML017W 1 10
YML016C 0 0
YML015C 3 147
YML014W 4 509
YML013W 8 759
YML012C-A 6 1631
YML012W 8 160
YML011C 13 5437
YML010W 6 129
YML009W-B 0 0
YML009C-A 7 399
YML009C 10 17303
YML008C 1 1
YML007C-A 10 207
YML007W 4 90
YML006C 0 0
YML005W 7 388
YML004C 5 965
YML003W 3 26
YML002W 2 110
YML001W 1 4
YMR001C 0 0
YMR001C-A 8 281
YMR002W 7 2383
YMR003W 6 392
YMR004W 1 249
YMR005W 3 294
YMR006C 0 0
YMR007W 8 478
YMR008C 1 44
YMR009W 2 45
YMR010W 0 0
YMR011W 2 2
YMR012W 0 0
YMR013C 1 8
YMR013C-A 0 0
YMR013W-A 2 37
YMR014W 10 679
YMR015C 3 116
YMR016C 1 5
YMR017W 3 28
YMR018W 3 44
YMR019W 3 12
YMR020W 3 40
YMR021C 5 267
YMR022W 5 169
YMR023C 3 71
YMR024W 4 489
YMR025W 0 0
YMR026C 2 5
YMR027W 1 89
YMR028W 2 135
YMR029C 3 90
YMR030W 1 93
YMR031C 1 5
YMR031W-A 2 91
YMR032W 0 0
YMR030W-A 2 19
YMR033W 0 0
YMR034C 2 219
YMR035W 3 22
YMR036C 1 1
YMR037C 4 168
YMR038C 5 244
YMR039C 6 268
YMR040W 2 227
YMR041C 7 123
YMR042W 4 103
YMR043W 4 139
YMR044W 2 40
YMR046W-A 0 0
YMR047C 3 61
YMR048W 7 715
YMR049C 10 412
YMR052W 0 0
YMR052C-A 3 44
YMR053C 3 19
YMR054W 1 32
YMR055C 0 0
YMR056C 10 204
YMR057C 3 8
YMR058W 3 8
YMR059W 1 11
YMR060C 1 113
YMR061W 4 67
YMR062C 0 0
YMR063W 5 223
YMR064W 4 59
YMR065W 2 6
YMR066W 6 290
YMR067C 2 2
YMR068W 6 145
YMR069W 3 16
YMR070W 1 62
YMR071C 5 52
YMR072W 5 92
YMR073C 3 19
YMR074C 3 270
YMR075W 4 130
YMR075C-A 2 14
YMR076C 1 22
YMR077C 4 25
YMR078C 6 657
YMR079W 5 496
YMR080C 0 0
YMR081C 0 0
YMR082C 1 4
YMR083W 2 135
YMR084W 1 2
YMR085W 1 9
YMR086W 7 218
YMR086C-A 8 45
YMR087W 6 30
YMR088C 1 40
YMR089C 0 0
YMR090W 0 0
YMR091C 0 0
YMR092C 0 0
YMR093W 0 0
YMR094W 1 31
YMR095C 1 33
YMR096W 2 8
YMR097C 1 90
YMR098C 1 11
YMR099C 4 330
YMR100W 2 19
YMR101C 0 0
YMR102C 4 71
YMR103C 7 1220
YMR104C 5 65
YMR105C 2 54
YMR105W-A 7 505
YMR106C 4 129
YMR107W 5 28
YMR108W 1 24
YMR109W 3 270
YMR110C 2 37
YMR111C 0 0
YMR112C 1 36
YMR113W 1 22
YMR114C 3 35
YMR115W 3 124
YMR116C 4 58
YMR117C 7 1112
YMR118C 6 273
YMR119W 0 0
YMR119W-A 3 121
YMR120C 5 220
YMR121C 11 114
YMR122C 7 169
YMR122W-A 5 494
YMR123W 3 104
YMR124W 5 36
YMR125W 0 0
YMR126C 0 0
YMR127C 0 0
YMR128W 4 63
YMR129W 2 21
YMR130W 2 79
YMR131C 1 7
YMR132C 2 29
YMR133W 2 63
YMR134W 0 0
YMR135C 11 387
YMR135W-A 1 28
YMR136W 5 48
YMR137C 3 27
YMR138W 0 0
YMR139W 6 399
YMR140W 0 0
YMR141C 7 69
YMR142C 0 0
YMR141W-A 0 0
YMR143W 1 9
YMR144W 0 0
YMR145C 4 67
YMR146C 2 5
YMR147W 2 13
YMR148W 0 0
YMR149W 8 1126
YMR150C 3 22
YMR151W 6 514
YMR152W 3 13
YMR153W 6 122
YMR153C-A 2 28
YMR154C 5 25
YMR155W 8 351
YMR156C 1 4
YMR157C 7 962
YMR158W 6 119
YMR158C-A 3 67
YMR158W-B 5 524
YMR159C 6 217
YMR160W 3 113
YMR161W 2 661
YMR162C 5 57
YMR163C 3 55
YMR164C 1 3
YMR165C 1 1
YMR166C 1 12
YMR167W 2 20
YMR168C 11 417
YMR169C 2 19
YMR170C 1 2
YMR171C 0 0
YMR172W 0 0
YMR172C-A 0 0
YMR173W 3 168
YMR173W-A 0 0
YMR174C 3 160
YMR175W 10 353
YMR175W-A 2 12
YMR176W 1 9
YMR177W 2 13
YMR178W 7 136
YMR179W 1 27
YMR180C 4 36
YMR181C 0 0
YMR182C 0 0
YMR182W-A 9 338
YMR183C 0 0
YMR184W 10 1040
YMR185W 4 22
YMR186W 1 2
YMR187C 4 1235
YMR188C 1 66
YMR189W 3 95
YMR190C 5 34
YMR191W 7 1114
YMR192W 3 5
YMR193W 5 78
YMR193C-A 1 2
YMR194W 3 65
YMR194C-B 5 1573
YMR194C-A 8 2364
YMR195W 7 49
YMR196W 4 84
YMR197C 3 86
YMR198W 1 8
YMR199W 0 0
YMR200W 1 38
YMR201C 4 206
YMR202W 4 45
YMR203W 3 25
YMR204C 3 189
YMR205C 1 2
YMR206W 5 293
YMR207C 0 0
YMR208W 2 2
YMR209C 5 368
YMR210W 4 260
YMR211W 0 0
YMR212C 0 0
YMR213W 3 8
YMR214W 8 4542
YMR215W 2 41
YMR216C 8 529
YMR217W 5 92
YMR218C 4 36
YMR219W 3 104
YMR220W 2 51
YMR221C 6 484
YMR222C 2 17
YMR223W 1 10
YMR224C 6 51
YMR225C 6 116
YMR226C 2 3
YMR227C 0 0
YMR228W 0 0
YMR229C 1 3
YMR230W 8 166
YMR230W-A 1 8
YMR231W 1 7
YMR232W 1 9
YMR233W 2 17
YMR234W 0 0
YMR235C 1 1
YMR236W 6 132
YMR237W 3 92
YMR238W 1 20
YMR239C 1 181
YMR240C 9 786
YMR241W 7 272
YMR242C 0 0
YMR242W-A 0 0
YMR243C 2 5
YMR244W 0 0
YMR244C-A 8 2046
YMR245W 1 1
YMR246W 5 174
YMR247C 2 271
YMR247W-A 0 0
YMR250W 1 9
YMR251W 0 0
YMR251W-A 0 0
YMR252C 10 2151
YMR253C 3 12
YMR254C 1 1
YMR255W 5 347
YMR256C 4 49
YMR257C 2 4
YMR258C 3 89
YMR259C 7 525
YMR260C 4 58
YMR261C 1 35
YMR262W 6 35
YMR263W 3 722
YMR264W 6 616
YMR265C 11 121
YMR266W 1 1
YMR267W 1 13
YMR268C 1 4
YMR269W 2 93
YMR270C 1 1
YMR271C 1 2
YMR272C 5 66
YMR272W-A 3 695
YMR272W-B 3 154
YMR273C 0 0
YMR274C 2 39
YMR275C 4 14
YMR276W 3 95
YMR277W 2 7
YMR278W 3 58
YMR279C 2 9
YMR280C 1 1
YMR281W 3 20
YMR282C 0 0
YMR283C 8 41
YMR284W 6 168
YMR285C 2 12
YMR286W 2 14
YMR287C 2 120
YMR288W 0 0
YMR289W 3 185
YMR290C 4 101
YMR290W-A 0 0
YMR291W 2 26
YMR292W 8 309
YMR293C 4 136
YMR294W 1 2
YMR294W-A 2 186
YMR295C 2 62
YMR296C 1 22
YMR297W 0 0
YMR298W 0 0
YMR299C 2 168
YMR300C 2 2
YMR301C 2 4
YMR302C 7 213
YMR303C 4 45
YMR304W 3 66
YMR304C-A 1 11
YMR305C 0 0
YMR306W 1 1
YMR306C-A 3 25
YMR307W 1 50
YMR307C-A 2 5
YMR308C 4 11
YMR309C 2 4
YMR310C 2 26
YMR311C 5 131
YMR312W 1 8
YMR313C 7 1261
YMR314W 4 105
YMR315W 1 29
YMR315W-A 2 86
YMR316W 1 1
YMR316C-A 6 275
YMR316C-B 0 0
YMR317W 1 25
YMR318C 1 2
YMR319C 0 0
YMR320W 2 233
YMR321C 0 0
YMR322C 0 0
YMR323W 0 0
YMR324C 0 0
YMR325W 0 0
YMR326C 11 189
YNL339C 0 0
YNL339W-B 0 0
YNL339W-A 0 0
YNL338W 0 0
YNL337W 9 598
YNL336W 0 0
YNL335W 1 39
YNL334C 4 79
YNL333W 4 30
YNL332W 0 0
YNL331C 2 16
YNL330C 1 70
YNL329C 3 8
YNL328C 10 149
YNL327W 1 15
YNL326C 3 88
YNL325C 3 83
YNL324W 0 0
YNL323W 0 0
YNL322C 8 720
YNL321W 3 6
YNL320W 1 6
YNL319W 0 0
YNL318C 0 0
YNL317W 6 215
YNL316C 1 12
YNL315C 2 3
YNL314W 1 10
YNL313C 1 1
YNL312W 1 4
YNL311C 11 611
YNL310C 3 10
YNL309W 3 8
YNL308C 2 13
YNL307C 1 1
YNL306W 2 70
YNL305C 4 45
YNL304W 8 736
YNL303W 3 32
YNL302C 2 6
YNL301C 1 23
YNL300W 2 8
YNL299W 0 0
YNL298W 0 0
YNL297C 8 322
YNL296W 1 31
YNL295W 1 39
YNL294C 2 1238
YNL293W 4 108
YNL292W 9 113
YNL291C 0 0
YNL290W 6 45
YNL289W 0 0
YNL288W 1 1
YNL287W 2 9
YNL286W 1 82
YNL285W 5 339
YNL284C 9 143
YNL283C 1 2
YNL282W 7 468
YNL281W 3 65
YNL280C 0 0
YNL279W 2 11
YNL278W 4 511
YNL277W-A 6 264
YNL277W 0 0
YNL276C 3 10
YNL275W 5 323
YNL274C 0 0
YNL273W 1 7
YNL272C 1 25
YNL271C 0 0
YNL270C 4 25
YNL269W 1 2
YNL268W 1 11
YNL267W 1 5
YNL266W 1 6
YNL265C 4 301
YNL264C 3 181
YNL263C 1 2
YNL262W 3 22
YNL261W 1 13
YNL260C 6 54
YNL259C 3 138
YNL258C 2 407
YNL257C 3 65
YNL256W 0 0
YNL255C 8 865
YNL254C 3 30
YNL253W 6 115
YNL252C 1 10
YNL251C 1 78
YNL250W 5 52
YNL249C 2 5
YNL248C 4 65
YNL247W 6 130
YNL246W 2 127
YNL245C 9 6492
YNL244C 3 41
YNL243W 6 567
YNL242W 0 0
YNL241C 5 201
YNL240C 5 89
YNL239W 3 51
YNL238W 0 0
YNL237W 3 28
YNL236W 2 12
YNL235C 3 36
YNL234W 6 29
YNL233W 4 91
YNL232W 3 50
YNL231C 0 0
YNL230C 1 4
YNL229C 4 42
YNL228W 8 2222
YNL227C 1 2
YNL226W 1 19
YNL225C 4 225
YNL224C 1 1
YNL223W 3 26
YNL222W 2 8
YNL221C 0 0
YNL220W 2 4
YNL219C 1 1
YNL218W 6 166
YNL217W 5 498
YNL216W 4 156
YNL215W 1 4
YNL214W 2 31
YNL213C 3 4
YNL212W 3 57
YNL211C 3 54
YNL210W 2 5
YNL209W 7 134
YNL208W 7 176
YNL207W 3 29
YNL206C 5 448
YNL205C 0 0
YNL204C 0 0
YNL203C 3 110
YNL202W 2 23
YNL201C 0 0
YNL200C 1 2
YNL199C 0 0
YNL198C 0 0
YNL197C 3 36
YNL196C 3 21
YNL195C 0 0
YNL194C 1 30
YNL193W 6 1752
YNL192W 5 26
YNL191W 2 5
YNL190W 1 1
YNL189W 0 0
YNL188W 0 0
YNL187W 2 8
YNL186W 0 0
YNL185C 0 0
YNL184C 1 10
YNL183C 3 192
YNL182C 3 20
YNL181W 0 0
YNL180C 3 157
YNL179C 5 474
YNL178W 1 18
YNL177C 3 20
YNL176C 4 35
YNL175C 6 220
YNL174W 0 0
YNL173C 2 2
YNL172W 0 0
YNL171C 1 5
YNL170W 1 1
YNL169C 0 0
YNL168C 1 385
YNL167C 4 64
YNL166C 1 13
YNL165W 1 23
YNL164C 1 11
YNL163C 2 10
YNL162W-A 3 20
YNL162W 3 27
YNL161W 2 459
YNL160W 3 16
YNL159C 3 252
YNL158W 7 167
YNL157W 6 36
YNL156C 2 2
YNL155W 2 5
YNL154C 1 95
YNL153C 11 153
YNL152W 2 48
YNL151C 6 228
YNL150W 2 44
YNL149C 5 920
YNL148C 3 7
YNL147W 1 2
YNL146C-A 4 22
YNL146W 3 8
YNL145W 4 14
YNL144C 4 80
YNL144W-A 0 0
YNL143C 2 13
YNL142W 0 0
YNL141W 2 2
YNL140C 2 32
YNL139C 1 1
YNL138W-A 4 82
YNL138W 2 200
YNL137C 1 3
YNL136W 5 120
YNL135C 3 48
YNL134C 4 49
YNL133C 10 2830
YNL132W 1 50
YNL131W 0 0
YNL130C 6 413
YNL130C-A 1 121
YNL129W 1 121
YNL128W 0 0
YNL127W 0 0
YNL126W 3 63
YNL125C 6 73
YNL124W 5 1294
YNL123W 4 203
YNL122C 7 1307
YNL121C 2 249
YNL120C 0 0
YNL119W 3 16
YNL118C 2 26
YNL117W 1 8
YNL116W 3 129
YNL115C 4 210
YNL114C 0 0
YNL113W 3 3
YNL112W 0 0
YNL111C 0 0
YNL110C 1 55
YNL109W 3 10
YNL108C 5 20
YNL107W 6 23
YNL106C 2 58
YNL105W 1 2
YNL104C 10 2057
YNL103W-A 1 4
YNL103W 2 9
YNL102W 0 0
YNL101W 4 141
YNL100W 3 18
YNL099C 3 56
YNL098C 0 0
YNL097C-B 7 143
YNL097C 3 31
YNL097W-A 2 15
YNL096C 3 6
YNL095C 0 0
YNL094W 1 30
YNL093W 0 0
YNL092W 7 68
YNL091W 1 10
YNL090W 2 8
YNL089C 0 0
YNL088W 3 15
YNL087W 0 0
YNL086W 1 4
YNL085W 0 0
YNL084C 3 34
YNL083W 2 39
YNL082W 4 44
YNL081C 5 135
YNL080C 1 8
YNL079C 9 3428
YNL078W 1 41
YNL077W 0 0
YNL076W 0 0
YNL075W 2 238
YNL074C 7 84
YNL073W 6 132
YNL072W 3 24
YNL071W 2 6
YNL070W 3 30
YNL069C 0 0
YNL068C 6 762
YNL067W-A 3 61
YNL067W-B 10 202
YNL067W 5 84
YNL066W 0 0
YNL065W 1 5
YNL064C 0 0
YNL063W 6 70
YNL062C 1 4
YNL061W 3 15
YNL059C 4 273
YNL058C 2 62
YNL057W 1 22
YNL056W 4 214
YNL055C 7 383
YNL054W 1 9
YNL053W 0 0
YNL052W 10 2127
YNL051W 6 48
YNL050C 1 106
YNL049C 2 9
YNL048W 1 9
YNL047C 5 67
YNL046W 0 0
YNL045W 6 105
YNL044W 1 2
YNL043C 1 30
YNL042W-B 3 17
YNL042W 0 0
YNL041C 1 2
YNL040W 4 36
YNL039W 2 157
YNL038W 8 126
YNL037C 4 260
YNL036W 3 104
YNL035C 7 300
YNL034W 0 0
YNL033W 0 0
YNL032W 0 0
YNL031C 3 109
YNL030W 0 0
YNL029C 4 27
YNL028W 2 6
YNL027W 2 104
YNL026W 5 836
YNL025C 3 31
YNL024C-A 0 0
YNL024C 1 517
YNL023C 3 428
YNL022C 2 14
YNL021W 0 0
YNL020C 0 0
YNL019C 0 0
YNL018C 0 0
YNL017C 7 655
YNL016W 2 7
YNL015W 0 0
YNL014W 0 0
YNL013C 0 0
YNL012W 0 0
YNL011C 5 37
YNL010W 3 139
YNL009W 3 45
YNL008C 9 295
YNL007C 2 41
YNL006W 4 27
YNL005C 0 0
YNL004W 2 9
YNL003C 5 280
YNL002C 1 34
YNL001W 1 28
YNR001C 1 5
YNR001W-A 5 82
YNR002C 8 84
YNR003C 1 22
YNR003W-A 8 451
YNR004W 4 65
YNR005C 1 19
YNR006W 4 122
YNR007C 2 263
YNR008W 2 19
YNR009W 4 134
YNR010W 3 42
YNR011C 8 352
YNR012W 2 7
YNR013C 0 0
YNR014W 9 302
YNR015W 7 120
YNR016C 2 13
YNR017W 5 207
YNR018W 6 487
YNR019W 3 77
YNR020C 10 2044
YNR021W 8 394
YNR022C 0 0
YNR023W 2 69
YNR024W 0 0
YNR025C 0 0
YNR026C 2 6
YNR027W 4 249
YNR028W 3 185
YNR029C 4 57
YNR030W 1 6
YNR031C 0 0
YNR032W 1 88
YNR032C-A 5 73
YNR033W 4 61
YNR034W 0 0
YNR034W-A 3 6
YNR035C 6 542
YNR036C 5 92
YNR037C 4 303
YNR038W 5 186
YNR039C 3 234
YNR040W 6 90
YNR041C 0 0
YNR042W 0 0
YNR043W 0 0
YNR044W 1 2
YNR045W 0 0
YNR046W 10 676
YNR047W 10 819
YNR048W 3 19
YNR049C 1 5
YNR050C 1 3
YNR051C 0 0
YNR052C 0 0
YNR053C 3 95
YNR054C 6 460
YNR055C 1 15
YNR056C 0 0
YNR057C 1 2
YNR058W 2 92
YNR059W 1 1
YNR060W 0 0
YNR061C 2 81
YNR062C 5 146
YNR063W 1 4
YNR064C 3 224
YNR065C 0 0
YNR066C 1 21
YNR067C 0 0
YNR068C 0 0
YNR069C 1 5
YNR070W 2 27
YNR071C 3 7
YNR072W 0 0
YNR073C 0 0
YNR074C 0 0
YNR075W 6 185
YNR075C-A 4 24
YNR076W 0 0
YNR077C 8 191
YOL166W-A 7 2688
YOL166C 2 28
YOL165C 0 0
YOL164W-A 2 4
YOL164W 2 48
YOL163W 1 1
YOL162W 2 62
YOL161C 0 0
YOL160W 0 0
YOL159C-A 1 2
YOL159C 3 189
YOL158C 4 194
YOL157C 0 0
YOL156W 0 0
YOL155W-A 0 0
YOL155C 1 29
YOL154W 2 8
YOL152W 3 38
YOL151W 2 3
YOL150C 6 364
YOL149W 1 68
YOL148C 1 20
YOL147C 1 9
YOL146W 3 15
YOL145C 3 197
YOL144W 2 3
YOL143C 4 27
YOL142W 6 185
YOL141W 2 14
YOL140W 10 285
YOL139C 3 232
YOL138C 5 122
YOL137W 2 4
YOL136C 0 0
YOL135C 5 731
YOL134C 1 31
YOL133W 6 237
YOL132W 0 0
YOL131W 0 0
YOL130W 0 0
YOL129W 5 270
YOL128C 2 8
YOL127W 0 0
YOL126C 3 5
YOL125W 4 43
YOL124C 4 463
YOL123W 0 0
YOL122C 2 23
YOL121C 11 216
YOL120C 0 0
YOL119C 1 38
YOL118C 5 128
YOL117W 4 314
YOL116W 2 53
YOL115W 1 1
YOL114C 5 113
YOL113W 1 52
YOL112W 1 7
YOL111C 4 40
YOL110W 5 433
YOL109W 4 21
YOL108C 13 478
YOL107W 4 396
YOL106W 1 5
YOL105C 0 0
YOL104C 5 86
YOL103W 0 0
YOL102C 2 6
YOL101C 2 1745
YOL100W 1 20
YOL099C 5 27
YOL098C 3 23
YOL097W-A 2 63
YOL097C 4 106
YOL096C 4 75
YOL095C 1 1
YOL094C 2 2
YOL093W 2 47
YOL092W 3 900
YOL091W 0 0
YOL090W 2 30
YOL089C 4 37
YOL088C 3 65
YOL087C 0 0
YOL086W-A 6 103
YOL086C 4 66
YOL085W-A 0 0
YOL085C 4 146
YOL084W 0 0
YOL083W 2 172
YOL083C-A 1 8
YOL082W 2 173
YOL081W 2 2
YOL080C 1 5
YOL079W 0 0
YOL078W 1 2
YOL077W-A 3 124
YOL077C 2 97
YOL076W 2 11
YOL075C 4 86
YOL073C 3 32
YOL072W 3 385
YOL071W 4 43
YOL070C 11 1129
YOL069W 1 1
YOL068C 4 122
YOL067C 4 118
YOL066C 0 0
YOL065C 3 70
YOL064C 2 3
YOL063C 3 76
YOL062C 5 1321
YOL061W 2 34
YOL060C 1 3
YOL059W 6 224
YOL058W 4 274
YOL057W 7 126
YOL056W 4 58
YOL055C 1 25
YOL054W 4 175
YOL053W 4 21
YOL052C-A 0 0
YOL052C 2 12
YOL051W 2 58
YOL050C 0 0
YOL049W 13 401
YOL048C 4 845
YOL047C 0 0
YOL046C 0 0
YOL045W 1 7
YOL044W 3 38
YOL043C 4 79
YOL042W 2 45
YOL041C 0 0
YOL040C 1 37
YOL039W 4 53
YOL038C-A 2 21
YOL038W 4 191
YOL037C 0 0
YOL036W 0 0
YOL035C 2 15
YOL034W 3 55
YOL033W 2 7
YOL032W 0 0
YOL031C 2 15
YOL030W 1 1
YOL029C 1 2
YOL028C 1 6
YOL027C 2 5
YOL026C 2 58
YOL025W 1 44
YOL024W 2 24
YOL023W 1 43
YOL022C 0 0
YOL021C 6 1014
YOL020W 4 12
YOL019W-A 1 81
YOL019W 1 3
YOL018C 3 59
YOL017W 0 0
YOL016C 1 10
YOL015W 0 0
YOL014W 0 0
YOL013W-B 0 0
YOL013W-A 1 6
YOL013C 0 0
YOL012C 0 0
YOL011W 1 35
YOL010W 3 4
YOL009C 2 18
YOL008W 1 26
YOL007C 1 6
YOL006C 1 4
YOL005C 6 133
YOL004W 0 0
YOL003C 13 236
YOL002C 2 45
YOL001W 3 110
YOR001W 8 479
YOR002W 2 5
YOR003W 1 7
YOR004W 7 64
YOR005C 6 269
YOR006C 0 0
YOR007C 4 357
YOR008C 0 0
YOR008C-A 0 0
YOR008W-B 2 16
YOR009W 0 0
YOR010C 1 19
YOR011W 2 8
YOR011W-A 0 0
YOR012W 0 0
YOR013W 2 127
YOR014W 1 18
YOR015W 1 2
YOR016C 3 22
YOR017W 3 30
YOR018W 0 0
YOR019W 2 14
YOR020C 3 49
YOR020W-A 3 35
YOR021C 5 52
YOR022C 2 6
YOR023C 9 132
YOR024W 9 79
YOR025W 5 172
YOR026W 4 272
YOR027W 5 105
YOR028C 0 0
YOR029W 5 452
YOR030W 1 1
YOR031W 3 61
YOR032C 5 7
YOR032W-A 5 252
YOR033C 3 35
YOR034C 1 15
YOR034C-A 2 73
YOR035C 4 81
YOR036W 3 5
YOR037W 1 5
YOR038C 4 54
YOR039W 2 5
YOR040W 0 0
YOR041C 5 101
YOR042W 3 146
YOR043W 0 0
YOR044W 3 43
YOR045W 3 72
YOR046C 3 14
YOR047C 1 4
YOR048C 1 17
YOR049C 0 0
YOR050C 2 32
YOR051C 2 39
YOR052C 3 39
YOR053W 6 98
YOR054C 4 37
YOR055W 0 0
YOR056C 1 40
YOR057W 1 2
YOR058C 0 0
YOR059C 1 1
YOR060C 5 109
YOR061W 1 26
YOR062C 1 144
YOR063W 7 191
YOR064C 12 1728
YOR065W 0 0
YOR066W 7 393
YOR067C 2 90
YOR069W 0 0
YOR068C 3 122
YOR070C 2 8
YOR071C 1 12
YOR072W 3 6
YOR072W-A 3 34
YOR072W-B 1 62
YOR073W 5 155
YOR074C 1 23
YOR073W-A 3 5
YOR075W 10 1004
YOR076C 9 4897
YOR077W 0 0
YOR078W 8 141
YOR079C 1 1
YOR080W 2 27
YOR081C 3 25
YOR082C 2 10
YOR083W 0 0
YOR084W 5 154
YOR085W 1 1
YOR086C 3 15
YOR087W 2 56
YOR089C 1 2
YOR090C 1 9
YOR091W 1 21
YOR092W 0 0
YOR093C 1 1
YOR094W 0 0
YOR095C 8 88
YOR096W 1 2
YOR097C 1 5
YOR098C 4 577
YOR099W 4 409
YOR100C 2 34
YOR101W 1 1
YOR102W 7 611
YOR103C 2 53
YOR104W 1 15
YOR105W 0 0
YOR106W 4 59
YOR107W 1 2
YOR108W 2 3
YOR108C-A 1 22
YOR109W 1 1
YOR110W 0 0
YOR111W 7 97
YOR112W 0 0
YOR113W 1 17
YOR114W 5 18
YOR115C 6 591
YOR116C 0 0
YOR117W 1 19
YOR118W 2 34
YOR119C 5 81
YOR120W 2 28
YOR121C 4 312
YOR122C 5 382
YOR123C 1 7
YOR124C 0 0
YOR125C 0 0
YOR126C 9 509
YOR127W 1 1
YOR128C 1 25
YOR129C 0 0
YOR130C 1 5
YOR131C 3 79
YOR132W 1 2
YOR133W 2 5
YOR134W 2 12
YOR135C 0 0
YOR136W 2 34
YOR137C 0 0
YOR138C 1 1
YOR139C 0 0
YOR140W 0 0
YOR141C 6 188
YOR142W 4 15
YOR143C 0 0
YOR144C 1 24
YOR145C 3 44
YOR146W 0 0
YOR147W 5 135
YOR148C 5 80
YOR149C 2 19
YOR150W 6 277
YOR151C 0 0
YOR152C 2 14
YOR153W 1 3
YOR154W 2 14
YOR155C 5 380
YOR156C 1 4
YOR157C 3 72
YOR158W 8 245
YOR159C 3 52
YOR160W 3 62
YOR161C 11 215
YOR161W-A 2 63
YOR161W-B 4 38
YOR161C-C 10 2025
YOR162C 3 40
YOR163W 6 420
YOR164C 1 31
YOR165W 3 11
YOR166C 5 109
YOR167C 4 103
YOR168W 4 217
YOR169C 0 0
YOR170W 1 2
YOR171C 1 26
YOR172W 10 189
YOR173W 2 170
YOR174W 1 30
YOR175C 3 100
YOR176W 2 2
YOR177C 2 2
YOR178C 5 124
YOR179C 4 29
YOR180C 0 0
YOR181W 3 25
YOR182C 3 50
YOR183W 1 7
YOR184W 0 0
YOR185C 0 0
YOR186W 4 81
YOR186C-A 1 41
YOR187W 1 1
YOR188W 0 0
YOR189W 1 2
YOR190W 1 1
YOR191W 1 2
YOR192C 1 19
YOR192C-C 0 0
YOR193W 0 0
YOR194C 2 10
YOR195W 0 0
YOR196C 9 868
YOR197W 3 36
YOR198C 1 3
YOR199W 2 5
YOR200W 8 3838
YOR201C 9 95
YOR202W 1 1
YOR203W 3 46
YOR204W 9 435
YOR205C 9 370
YOR206W 7 95
YOR207C 4 114
YOR208W 3 123
YOR209C 1 23
YOR210W 0 0
YOR211C 2 86
YOR212W 5 1616
YOR213C 5 34
YOR214C 1 2
YOR215C 3 22
YOR216C 1 20
YOR217W 3 95
YOR218C 0 0
YOR219C 5 179
YOR220W 2 44
YOR221C 7 59
YOR222W 3 4
YOR223W 7 277
YOR224C 0 0
YOR225W 0 0
YOR226C 8 1738
YOR227W 0 0
YOR228C 0 0
YOR229W 2 276
YOR230W 2 134
YOR231W 3 50
YOR231C-A 1 34
YOR232W 2 15
YOR233W 1 2
YOR234C 2 3
YOR235W 1 4
YOR236W 2 18
YOR237W 1 3
YOR238W 2 13
YOR239W 3 73
YOR241W 2 73
YOR242C 0 0
YOR243C 3 636
YOR244W 1 169
YOR245C 6 77
YOR246C 0 0
YOR247W 1 1
YOR248W 1 5
YOR249C 3 54
YOR250C 1 10
YOR251C 11 1145
YOR252W 3 57
YOR253W 4 68
YOR254C 5 53
YOR255W 1 42
YOR256C 2 41
YOR257W 2 95
YOR258W 2 6
YOR259C 6 294
YOR260W 5 49
YOR261C 0 0
YOR262W 4 33
YOR263C 0 0
YOR264W 1 26
YOR265W 12 1092
YOR266W 2 10
YOR267C 3 31
YOR268C 7 124
YOR269W 6 805
YOR270C 0 0
YOR271C 4 394
YOR272W 0 0
YOR273C 9 508
YOR274W 6 287
YOR275C 13 789
YOR276W 5 94
YOR277C 1 7
YOR278W 6 106
YOR279C 2 9
YOR280C 3 433
YOR281C 6 87
YOR282W 0 0
YOR283W 2 137
YOR284W 6 285
YOR285W 8 153
YOR286W 4 26
YOR287C 3 124
YOR288C 3 80
YOR289W 6 65
YOR290C 0 0
YOR291W 3 44
YOR292C 6 459
YOR293W 0 0
YOR293C-A 4 272
YOR294W 2 15
YOR295W 1 4
YOR296W 2 42
YOR297C 9 3276
YOR298W 0 0
YOR298C-A 6 155
YOR299W 0 0
YOR300W 2 8
YOR301W 4 379
YOR302W 5 311
YOR303W 5 27
YOR304W 1 2
YOR304C-A 2 23
YOR305W 0 0
YOR306C 4 29
YOR307C 0 0
YOR308C 0 0
YOR309C 0 0
YOR310C 2 169
YOR311C 4 73
YOR312C 0 0
YOR313C 1 1
YOR314W 0 0
YOR314W-A 11 2224
YOR315W 6 40
YOR316C 3 35
YOR316C-A 8 136
YOR317W 2 184
YOR318C 2 6
YOR319W 2 6
YOR320C 1 13
YOR321W 3 1403
YOR322C 2 31
YOR323C 4 306
YOR324C 0 0
YOR325W 2 51
YOR326W 2 14
YOR327C 2 84
YOR328W 0 0
YOR329C 0 0
YOR329W-A 1 15
YOR330C 6 5767
YOR331C 0 0
YOR332W 2 2
YOR333C 1 9
YOR334W 7 73
YOR335C 2 93
YOR335W-A 0 0
YOR336W 3 188
YOR337W 6 160
YOR338W 0 0
YOR339C 0 0
YOR340C 2 2
YOR341W 0 0
YOR342C 3 32
YOR343C 15 3490
YOR344C 2 41
YOR345C 1 19
YOR346W 2 25
YOR347C 0 0
YOR348C 3 70
YOR349W 8 21709
YOR350C 2 71
YOR351C 0 0
YOR352W 1 1
YOR353C 1 2
YOR354C 6 4128
YOR355W 0 0
YOR356W 7 319
YOR357C 12 2162
YOR358W 1 1
YOR359W 1 1
YOR360C 1 2
YOR361C 11 738
YOR362C 6 38
YOR363C 0 0
YOR364W 1 43
YOR365C 0 0
YOR366W 0 0
YOR367W 7 806
YOR368W 2 167
YOR369C 1 1
YOR370C 0 0
YOR371C 4 63
YOR372C 0 0
YOR373W 1 2
YOR374W 5 346
YOR375C 1 4
YOR376W 2 5
YOR376W-A 1 4
YOR377W 4 69
YOR378W 0 0
YOR379C 3 132
YOR380W 3 34
YOR381W 1 1
YOR381W-A 4 22
YOR382W 3 115
YOR383C 1 2
YOR384W 1 67
YOR385W 3 12
YOR386W 4 55
YOR387C 0 0
YOR388C 0 0
YOR389W 1 134
YOR390W 1 37
YOR391C 1 1
YOR392W 2 9
YOR393W 0 0
YOR394W 0 0
YOR394C-A 0 0
YOR396W 0 0
YOR396C-A 0 0
YPL283C 0 0
YPL283W-B 0 0
YPL283W-A 0 0
YPL282C 0 0
YPL281C 0 0
YPL280W 0 0
YPL279C 5 133
YPL278C 0 0
YPL277C 2 68
YPL274W 1 3
YPL273W 0 0
YPL272C 1 1
YPL271W 8 55
YPL270W 5 480
YPL269W 8 206
YPL268W 5 2089
YPL267W 2 49
YPL266W 2 3
YPL265W 0 0
YPL264C 0 0
YPL263C 2 18
YPL262W 2 69
YPL261C 3 75
YPL260W 0 0
YPL259C 9 450
YPL258C 4 80
YPL257W 1 2
YPL256C 1 7
YPL255W 2 103
YPL254W 2 10
YPL253C 4 195
YPL252C 10 645
YPL251W 5 83
YPL250C 1 2
YPL249C-A 0 0
YPL250W-A 0 0
YPL249C 4 44
YPL248C 5 43
YPL247C 0 0
YPL246C 1 2
YPL245W 3 54
YPL244C 1 16
YPL243W 2 64
YPL242C 1 6
YPL241C 4 5
YPL240C 3 24
YPL239W 0 0
YPL238C 0 0
YPL237W 0 0
YPL236C 0 0
YPL235W 0 0
YPL234C 0 0
YPL233W 3 41
YPL232W 0 0
YPL231W 1 7
YPL230W 1 12
YPL229W 2 8
YPL228W 3 82
YPL227C 1 129
YPL226W 1 106
YPL225W 0 0
YPL224C 8 4184
YPL223C 5 52
YPL222W 5 194
YPL222C-A 0 0
YPL221W 2 12
YPL220W 8 207
YPL219W 2 33
YPL218W 4 63
YPL217C 1 52
YPL216W 0 0
YPL215W 3 14
YPL214C 1 4
YPL213W 3 8
YPL212C 4 69
YPL211W 1 4
YPL210C 1 1
YPL209C 1 52
YPL208W 3 57
YPL207W 0 0
YPL206C 2 181
YPL205C 1 4
YPL204W 1 1
YPL203W 4 124
YPL202C 6 445
YPL201C 5 34
YPL200W 1 6
YPL199C 3 21
YPL198W 7 218
YPL197C 1 23
YPL196W 1 17
YPL195W 7 768
YPL194W 1 1
YPL193W 0 0
YPL192C 0 0
YPL191C 1 515
YPL190C 1 2
YPL189C-A 5 900
YPL189W 2 6
YPL188W 3 52
YPL187W 1 95
YPL186C 10 258
YPL185W 5 231
YPL184C 0 0
YPL183W-A 0 0
YPL183C 4 8
YPL182C 1 80
YPL181W 2 62
YPL180W 0 0
YPL179W 1 6
YPL178W 3 58
YPL177C 5 191
YPL176C 6 30
YPL175W 4 13
YPL174C 0 0
YPL173W 2 675
YPL172C 0 0
YPL171C 5 240
YPL170W 5 36
YPL169C 3 16
YPL168W 1 89
YPL167C 5 392
YPL166W 3 502
YPL165C 3 45
YPL164C 1 5
YPL163C 2 39
YPL162C 1 6
YPL161C 0 0
YPL160W 1 1
YPL159C 0 0
YPL158C 1 4
YPL157W 4 99
YPL156C 3 13
YPL155C 1 7
YPL154C 0 0
YPL153C 3 6
YPL152W-A 6 78
YPL152W 1 5
YPL151C 4 140
YPL150W 1 7
YPL149W 6 28
YPL148C 2 49
YPL147W 2 148
YPL146C 1 13
YPL145C 0 0
YPL144W 8 363
YPL143W 0 0
YPL142C 0 0
YPL141C 1 3
YPL140C 0 0
YPL139C 0 0
YPL138C 1 4
YPL137C 0 0
YPL136W 3 34
YPL135W 7 355
YPL135C-A 3 30
YPL134C 6 117
YPL133C 0 0
YPL132W 1 29
YPL131W 0 0
YPL130W 0 0
YPL129W 3 14
YPL128C 1 8
YPL127C 3 203
YPL126W 2 210
YPL125W 1 43
YPL124W 7 47
YPL123C 1 146
YPL122C 5 86
YPL121C 0 0
YPL120W 7 681
YPL119C-A 0 0
YPL119C 1 6
YPL118W 1 10
YPL117C 3 595
YPL116W 2 9
YPL115C 2 21
YPL114W 5 240
YPL113C 3 117
YPL112C 2 41
YPL111W 2 665
YPL110C 0 0
YPL109C 1 15
YPL108W 3 15
YPL107W 6 177
YPL106C 0 0
YPL105C 5 409
YPL104W 1 2
YPL103C 4 117
YPL102C 0 0
YPL101W 5 162
YPL100W 0 0
YPL099C 1 1
YPL098C 1 24
YPL097W 3 100
YPL096C-A 4 18
YPL096W 8 395
YPL095C 0 0
YPL094C 6 87
YPL093W 1 14
YPL092W 2 68
YPL091W 1 1
YPL090C 0 0
YPL089C 8 3397
YPL088W 0 0
YPL087W 2 31
YPL086C 1 19
YPL085W 1 52
YPL084W 0 0
YPL083C 1 2
YPL082C 1 8
YPL081W 3 186
YPL080C 7 492
YPL079W 5 353
YPL078C 2 22
YPL077C 6 420
YPL076W 1 4
YPL075W 7 422
YPL074W 6 179
YPL073C 2 56
YPL072W 3 75
YPL071C 2 3
YPL070W 0 0
YPL069C 7 580
YPL068C 8 186
YPL067C 5 21
YPL066W 4 151
YPL065W 3 16
YPL064C 0 0
YPL063W 0 0
YPL062W 16 6859
YPL061W 1 2
YPL060W 3 33
YPL059W 2 25
YPL058C 0 0
YPL057C 4 98
YPL056C 13 5439
YPL055C 7 209
YPL054W 2 5
YPL053C 5 19
YPL052W 4 26
YPL051W 7 244
YPL050C 1 14
YPL049C 6 228
YPL048W 3 39
YPL047W 1 18
YPL046C 0 0
YPL045W 0 0
YPL044C 1 19
YPL043W 3 83
YPL042C 0 0
YPL041C 6 252
YPL040C 5 95
YPL039W 4 94
YPL038W-A 1 64
YPL038W 5 461
YPL037C 2 4
YPL036W 3 6
YPL035C 0 0
YPL034W 1 16
YPL033C 2 5
YPL032C 5 83
YPL031C 1 5
YPL030W 0 0
YPL029W 1 1
YPL028W 1 1
YPL027W 0 0
YPL026C 1 11
YPL025C 6 422
YPL024W 5 399
YPL023C 1 1
YPL022W 0 0
YPL021W 0 0
YPL020C 0 0
YPL019C 3 817
YPL018W 4 29
YPL017C 5 38
YPL016W 0 0
YPL015C 11 871
YPL014W 1 7
YPL013C 5 302
YPL012W 0 0
YPL011C 4 261
YPL010W 2 2
YPL009C 0 0
YPL008W 0 0
YPL007C 1 2
YPL006W 2 25
YPL005W 1 6
YPL004C 0 0
YPL003W 3 19
YPL002C 4 41
YPL001W 4 125
YPR001W 5 654
YPR002W 7 594
YPR002C-A 3 80
YPR003C 0 0
YPR004C 0 0
YPR005C 1 22
YPR006C 1 24
YPR007C 1 2
YPR008W 1 12
YPR009W 2 180
YPR010C 1 1
YPR010C-A 7 295
YPR011C 0 0
YPR012W 3 84
YPR013C 3 19
YPR014C 2 4
YPR015C 1 7
YPR016C 0 0
YPR016W-A 0 0
YPR017C 4 1835
YPR018W 0 0
YPR019W 2 5
YPR020W 5 49
YPR021C 0 0
YPR022C 3 72
YPR023C 4 57
YPR024W 0 0
YPR025C 7 82
YPR026W 2 48
YPR027C 0 0
YPR028W 3 11
YPR029C 0 0
YPR030W 4 2428
YPR031W 3 157
YPR032W 3 18
YPR033C 4 42
YPR034W 2 43
YPR035W 0 0
YPR036W 4 189
YPR036W-A 7 52
YPR037C 6 135
YPR038W 4 432
YPR039W 4 24
YPR040W 11 416
YPR041W 1 42
YPR042C 2 4
YPR043W 4 25
YPR044C 0 0
YPR045C 4 180
YPR046W 12 490
YPR047W 1 2
YPR048W 6 235
YPR049C 2 5
YPR050C 5 150
YPR051W 2 296
YPR052C 1 18
YPR053C 1 1
YPR054W 2 3
YPR055W 2 43
YPR056W 6 635
YPR057W 5 118
YPR058W 1 74
YPR059C 2 203
YPR060C 1 7
YPR061C 6 198
YPR062W 6 270
YPR063C 6 139
YPR064W 3 24
YPR065W 3 72
YPR066W 0 0
YPR067W 4 77
YPR068C 4 53
YPR069C 1 10
YPR070W 5 21
YPR071W 1 1
YPR072W 0 0
YPR073C 3 14
YPR074C 8 593
YPR074W-A 5 728
YPR075C 6 422
YPR076W 0 0
YPR077C 1 1
YPR078C 0 0
YPR079W 1 41
YPR080W 4 187
YPR081C 2 266
YPR082C 8 260
YPR083W 3 66
YPR084W 0 0
YPR085C 3 43
YPR086W 2 31
YPR087W 0 0
YPR088C 0 0
YPR089W 7 1223
YPR091C 7 2428
YPR092W 3 22
YPR093C 3 124
YPR094W 1 17
YPR095C 0 0
YPR096C 0 0
YPR097W 3 49
YPR098C 0 0
YPR099C 2 152
YPR100W 6 40
YPR101W 4 42
YPR102C 0 0
YPR103W 0 0
YPR104C 0 0
YPR105C 3 203
YPR106W 2 36
YPR107C 1 7
YPR108W 1 1
YPR108W-A 0 0
YPR109W 1 37
YPR110C 2 8
YPR111W 5 79
YPR112C 6 236
YPR113W 2 11
YPR114W 1 3
YPR115W 0 0
YPR116W 3 6
YPR117W 0 0
YPR118W 6 206
YPR119W 2 161
YPR120C 0 0
YPR121W 2 35
YPR122W 5 12926
YPR123C 1 14
YPR124W 1 42
YPR125W 0 0
YPR126C 5 41
YPR127W 6 1352
YPR128C 2 5
YPR129W 2 14
YPR130C 2 6
YPR131C 4 103
YPR132W 5 18
YPR133C 0 0
YPR133W-A 1 39
YPR134W 0 0
YPR135W 0 0
YPR136C 1 2
YPR137W 1 35
YPR138C 1 1
YPR139C 0 0
YPR140W 0 0
YPR141C 0 0
YPR142C 0 0
YPR143W 3 270
YPR144C 3 41
YPR145W 3 29
YPR145C-A 2 46
YPR146C 1 3
YPR147C 4 112
YPR148C 2 37
YPR149W 3 41
YPR150W 3 63
YPR151C 12 743
YPR152C 5 45
YPR153W 1 67
YPR154W 7 398
YPR155C 0 0
YPR156C 1 1
YPR157W 1 19
YPR158W 2 18
YPR159W 1 1
YPR159C-A 9 445
YPR160W 2 410
YPR160W-A 0 0
YPR160C-A 0 0
YPR161C 0 0
YPR162C 2 24
YPR163C 3 49
YPR164W 0 0
YPR165W 0 0
YPR166C 5 131
YPR167C 4 87
YPR168W 2 54
YPR169W 3 12
YPR170C 2 44
YPR169W-A 8 724
YPR170W-B 8 724
YPR170W-A 3 48
YPR171W 5 99
YPR172W 3 10
YPR173C 3 25
YPR174C 4 89
YPR175W 4 317
YPR176C 7 223
YPR177C 0 0
YPR178W 1 133
YPR179C 2 25
YPR180W 5 293
YPR181C 1 7
YPR182W 1 72
YPR183W 3 1729
YPR184W 2 15
YPR185W 3 42
YPR186C 3 5
YPR187W 6 43
YPR188C 3 14
YPR189W 5 83
YPR190C 2 33
YPR191W 5 15
YPR192W 2 8
YPR193C 1 14
YPR194C 0 0
YPR195C 6 87
YPR196W 4 230
YPR197C 0 0
YPR198W 4 288
YPR199C 8 678
YPR200C 0 0
YPR201W 0 0
YPR202W 0 0
YPR203W 0 0
YPR204W 0 0
YPR204C-A 0 0
