YAL069W 25 13216
YAL068W-A 13 14315
YAL068C 3 21
YAL067W-A 6 652
YAL067C 21 9027
YAL066W 3 39
YAL065C 6 163
YAL064W-B 0 0
YAL064C-A 2 109
YAL064W 0 0
YAL063C-A 1 3
YAL063C 18 363
YAL062W 78 4619
YAL061W 60 4473
YAL060W 45 1908
YAL059C-A 3 186
YAL059W 5 197
YAL058W 36 1284
YAL056C-A 5 416
YAL056W 59 2137
YAL055W 9 449
YAL054C 51 4107
YAL053W 47 1880
YAL051W 53 2234
YAL049C 8 525
YAL048C 39 2088
YAL047W-A 9 212
YAL047C 18 735
YAL046C 9 63
YAL045C 6 178
YAL044W-A 10 698
YAL044C 21 264
YAL043C 34 2687
YAL042C-A 11 2317
YAL042W 37 3255
YAL041W 21 336
YAL040C 22 1799
YAL039C 64 3269
YAL038W 40 2280
YAL037C-B 20 1113
YAL037C-A 4 26
YAL037W 14 233
YAL036C 20 67891
YAL035W 25 287
YAL034C-B 14 452
YAL034W-A 8 415
YAL034C 31 1146
YAL033W 8 375
YAL032C 17 748
YAL031W-A 3 123
YAL031C 28 967
YAL030W 10 448
YAL029C 41 1583
YAL028W 20 695
YAL027W 17 565
YAL026C-A 6 91
YAL026C 37 1714
YAL025C 1 5
YAL024C 33 676
YAL023C 42 1713
YAL022C 23 371
YAL021C 38 978
YAL020C 30 3297
YAL019W-A 31 1523
YAL019W 22 901
YAL018C 10 428
YAL017W 52 1630
YAL016C-B 12 263
YAL016C-A 9 1336
YAL016W 18 72
YAL015C 29 946
YAL014C 6 110
YAL013W 11 249
YAL012W 24 585
YAL011W 14 582
YAL010C 14 208
YAL009W 3 28
YAL008W 16 256
YAL007C 10 44342
YAL005C 38 1627
YAL004W 12 291
YAL003W 8 43
YAL002W 67 32050
YAL001C 113 4946
YAR002W 55 3170
YAR002C-A 20 1640
YAR003W 63 2599
YAR007C 11 82
YAR008W 10 556
YAR014C 23 930
YAR015W 13 247
YAR018C 14 763
YAR019C 29 2283
YAR019W-A 10 158
YAR020C 0 0
YAR023C 17 541
YAR027W 13 548
YAR028W 27 1330
YAR029W 1 4
YAR030C 2 75
YAR031W 14 310
YAR033W 1 9
YAR035W 112 6424
YAR035C-A 1 2
YAR042W 51 1882
YAR047C 0 0
YAR050W 17 140
YAR053W 0 0
YAR060C 0 0
YAR064W 1 14
YAR066W 0 0
YAR068W 1 1
YAR069C 0 0
YAR070C 0 0
YAR071W 4 22
YAR073W 5 17
YAR075W 0 0
YBL113C 2 13
YBL113W-A 0 0
YBL112C 0 0
YBL111C 0 0
YBL109W 9 134
YBL108C-A 0 0
YBL108W 9 3571
YBL107W-A 0 0
YBL107C 16 592
YBL106C 37 2892
YBL105C 30 1145
YBL104C 66 2471
YBL103C 18 387
YBL102W 7 673
YBL101C 51 7516
YBL100W-C 2 599
YBL100C 3 12
YBL099W 17 135
YBL098W 28 800
YBL097W 22 591
YBL096C 10 451
YBL095W 14 368
YBL094C 2 3
YBL093C 16 547
YBL092W 2 10
YBL091C-A 12 266
YBL091C 31 1951
YBL090W 8 146
YBL089W 20 125
YBL088C 82 2518
YBL087C 12 333
YBL086C 6 38
YBL085W 16 185
YBL084C 25 598
YBL083C 6 68
YBL082C 29 485
YBL081W 13 270
YBL080C 23 480
YBL079W 50 1724
YBL078C 0 0
YBL077W 19 383
YBL076C 36 826
YBL075C 33 932
YBL074C 22 668
YBL073W 18 5410
YBL072C 2 76
YBL071C-B 2 7
YBL071W-A 3 4
YBL071C 3 81
YBL070C 15 9052
YBL069W 30 1757
YBL068W-A 3 137
YBL068W 10 99
YBL067C 15 16524
YBL066C 42 1916
YBL065W 11 91
YBL064C 16 181
YBL063W 34 700
YBL062W 6 34
YBL061C 24 191
YBL060W 28 696
YBL059C-A 0 0
YBL059W 10 329
YBL058W 22 652
YBL057C 19 430
YBL056W 13 170
YBL055C 28 930
YBL054W 29 549
YBL053W 4 238
YBL052C 18 634
YBL051C 18 1886
YBL050W 7 85
YBL049W 4 91
YBL048W 1 5
YBL047C 58 816
YBL046W 19 506
YBL045C 17 484
YBL044W 44 11735
YBL043W 10 194
YBL042C 35 1081
YBL041W 8 164
YBL040C 10 241
YBL039W-B 0 0
YBL039C 16 635
YBL039C-A 0 0
YBL038W 11 476
YBL037W 53 1500
YBL036C 13 263
YBL035C 32 587
YBL034C 31 467
YBL033C 24 672
YBL032W 19 471
YBL031W 26 1891
YBL030C 20 940
YBL029C-A 5 545
YBL029W 25 918
YBL028C 5 352
YBL027W 2 10
YBL026W 2 12
YBL025W 8 465
YBL024W 24 2932
YBL023C 31 533
YBL022C 26 259
YBL021C 11 449
YBL020W 27 540
YBL019W 21 4847
YBL018C 11 307
YBL017C 68 2211
YBL016W 27 846
YBL015W 64 2027
YBL014C 23 800
YBL013W 67 2914
YBL012C 11 361
YBL011W 26 530
YBL010C 4 88
YBL009W 32 631
YBL008W-A 3 89
YBL008W 23 570
YBL007C 33 514
YBL006C 12 324
YBL006W-A 8 264
YBL005W 33 614
YBL004W 41 1177
YBL003C 6 63
YBL002W 16 561
YBL001C 27 25970
YBR001C 107 5184
YBR002C 20 408
YBR003W 22 470
YBR004C 27 385
YBR005W 14 88
YBR006W 51 1995
YBR007C 34 1002
YBR008C 44 1119
YBR009C 1 11
YBR010W 7 281
YBR011C 6 148
YBR012C 2 14
YBR013C 6 84
YBR014C 4 33
YBR015C 13 156
YBR016W 11 909
YBR017C 23 502
YBR018C 17 437
YBR019C 54 1842
YBR020W 53 1085
YBR021W 16 113783
YBR022W 8 220
YBR023C 45 3056
YBR024W 11 235
YBR025C 21 437
YBR026C 12 244
YBR027C 19 179
YBR028C 15 521
YBR029C 18 246
YBR030W 7 285
YBR031W 5 307
YBR032W 35 30955
YBR033W 47 1441
YBR034C 31 1577
YBR035C 17 459
YBR036C 11 414
YBR037C 21 265
YBR038W 61 1752
YBR039W 13 233
YBR040W 3 31
YBR041W 9 353
YBR042C 8 209
YBR043C 25 1185
YBR044C 18 465
YBR045C 14 523
YBR046C 9 171
YBR047W 11 393
YBR048W 10 251
YBR049C 43 2420
YBR050C 20 615
YBR051W 5 48
YBR052C 10 163
YBR053C 18 887
YBR054W 21 1567
YBR055C 26 530
YBR056W 21 193
YBR056W-A 6 258
YBR056C-B 3 79
YBR057C 10 306
YBR058C 25 610
YBR058C-A 3 20
YBR059C 38 805
YBR060C 21 341
YBR061C 24 511
YBR062C 7 163
YBR063C 7 214
YBR064W 3 146
YBR065C 11 173
YBR066C 11 87
YBR067C 3 37
YBR068C 44 2328
YBR069C 39 818
YBR070C 22 376
YBR071W 11 118
YBR072W 12 304
YBR072C-A 8 76
YBR073W 28 354
YBR074W 45 1291
YBR076W 13 375
YBR076C-A 13 524
YBR077C 6 273
YBR078W 39 3466
YBR079C 29 697
YBR080C 22 382
YBR081C 34 867
YBR082C 15 186
YBR083W 23 552
YBR084W 15 818
YBR084C-A 6 64
YBR085W 9 328
YBR085C-A 7 104
YBR086C 35 1322
YBR087W 10 126
YBR088C 8 116
YBR089W 8 116
YBR089C-A 14 2791
YBR090C 20 2965
YBR091C 5 26
YBR092C 13 339
YBR093C 17 239
YBR094W 37 1628
YBR095C 12 224
YBR096W 6 23
YBR097W 18 223
YBR098W 25 1017
YBR099C 4 461
YBR101C 4 70
YBR102C 25 333
YBR103W 14 86
YBR103C-A 9 688
YBR104W 17 880
YBR105C 15 503
YBR106W 14 316
YBR107C 11 716
YBR108W 32 816
YBR109C 2 9
YBR109W-A 4 31
YBR110W 10 168
YBR111C 14 394
YBR111W-A 2 70
YBR112C 24 493
YBR113W 7 116
YBR114W 42 1029
YBR115C 62 57812
YBR116C 13 1371
YBR117C 44 1258
YBR118W 3 26
YBR119W 11 140
YBR120C 2 18
YBR121C 4 21
YBR121C-A 0 0
YBR122C 6 131
YBR123C 20 192
YBR124W 16 181
YBR125C 21 2713
YBR126C 43 845
YBR126W-A 11 205
YBR126W-B 8 143
YBR127C 12 682
YBR128C 24 732
YBR129C 10 228
YBR130C 7 78
YBR131W 20 215
YBR131C-A 0 0
YBR132C 36 1900
YBR133C 45 1224
YBR134W 20 906
YBR135W 6 75
YBR136W 49 805
YBR137W 11 248
YBR138C 21 455
YBR139W 29 938
YBR140C 101 4720
YBR141C 8 233
YBR141W-A 0 0
YBR142W 44 1249
YBR143C 8 315
YBR144C 11 481
YBR145W 18 397
YBR146W 12 321
YBR147W 13 367
YBR148W 24 428
YBR149W 23 407
YBR150C 40 589
YBR151W 23 714
YBR152W 15 451
YBR153W 12 912
YBR154C 3 7
YBR155W 11 286
YBR156C 18 643
YBR157C 10 2533
YBR158W 18 413
YBR159W 10 176
YBR160W 23 717
YBR161W 2 4
YBR162C 20 317
YBR162W-A 2 7
YBR163W 17 200
YBR164C 9 295
YBR165W 6 137
YBR166C 20 571
YBR167C 7 158
YBR168W 13 298
YBR169C 27 11129
YBR170C 30 451
YBR171W 8 125
YBR172C 26 704
YBR173C 6 82
YBR174C 7 156
YBR175W 19 1049
YBR176W 7 151
YBR177C 24 887
YBR178W 8 177
YBR179C 36 569
YBR180W 18 810
YBR181C 7 286
YBR182C 16 316
YBR182C-A 3 9
YBR183W 16 191
YBR184W 12 9562
YBR185C 4 70
YBR186W 40 1266
YBR187W 9 121
YBR188C 10 273
YBR189W 5 46
YBR190W 1 24
YBR191W 2 14
YBR191W-A 0 0
YBR192W 7 174
YBR193C 10 284
YBR194W 10 116
YBR195C 13 248
YBR196C 18 661
YBR196C-A 11 1143
YBR196C-B 7 1139
YBR197C 24 1416
YBR198C 19 307
YBR199W 23 803
YBR200W 12 153
YBR200W-A 1 4
YBR201W 3 70
YBR201C-A 8 172
YBR202W 43 994
YBR203W 41 977
YBR204C 19 376
YBR205W 15 631
YBR206W 7 189
YBR207W 22 1023
YBR208C 95 1652
YBR209W 17 1657
YBR210W 3 28
YBR211C 10 409
YBR212W 30 818
YBR213W 27 1526
YBR214W 49 1748
YBR215W 26 554
YBR216C 18 730
YBR217W 3 33
YBR218C 56 665
YBR219C 26 2180
YBR220C 29 390
YBR221C 17 515
YBR221W-A 9 295
YBR222C 41 696
YBR223C 23 338
YBR223W-A 6 98
YBR224W 7 159
YBR225W 16 101
YBR226C 3 27
YBR227C 6 80
YBR228W 21 341
YBR229C 47 1138
YBR230C 6 512
YBR230W-A 21 1064
YBR231C 20 948
YBR232C 2 34
YBR233W 10 117
YBR233W-A 7 53
YBR234C 13 397
YBR235W 57 1656
YBR236C 11 101
YBR237W 23 435
YBR238C 13 610
YBR239C 59 1170
YBR240C 28 405
YBR241C 56 1480
YBR242W 22 671
YBR243C 11 257
YBR244W 6 85
YBR245C 29 347
YBR246W 21 604
YBR247C 8 120
YBR248C 30 1742
YBR249C 9 121
YBR250W 21 613
YBR251W 15 415
YBR252W 8 39
YBR253W 6 57
YBR254C 4 76
YBR255W 35 972
YBR255C-A 6 244
YBR256C 8 163
YBR257W 16 121
YBR258C 9 149
YBR259W 19 376
YBR260C 35 664
YBR261C 21 1611
YBR262C 8 171
YBR263W 23 493
YBR264C 11 205
YBR265W 10 690
YBR267W 17 399
YBR266C 2 241
YBR268W 6 33
YBR269C 2 13
YBR270C 15 1957
YBR271W 22 550
YBR272C 9 73
YBR273C 10 260
YBR274W 13 521
YBR275C 62 2696
YBR276C 34 821
YBR277C 11 490
YBR278W 16 684
YBR279W 12 482
YBR280C 28 496
YBR281C 30 911
YBR282W 8 53
YBR283C 24 833
YBR284W 35 1861
YBR285W 2 7
YBR286W 46 2624
YBR287W 12 254
YBR288C 22 1310
YBR289W 19 1536
YBR290W 11 158
YBR291C 29 826
YBR292C 5 303
YBR293W 20 962
YBR294W 39 871
YBR295W 54 1273
YBR296C 28 1132
YBR296C-A 13 1381
YBR297W 23 1303
YBR298C 49 1802
YBR298C-A 11 1228
YBR299W 8 106
YBR300C 4 128
YBR301W 4 46
YBR302C 0 0
YCL076W 13 180
YCL073C 13 292
YCL069W 2 33
YCL068C 0 0
YCL067C 0 0
YCL066W 0 0
YCL065W 1 1
YCL064C 16 273
YCL063W 11 290
YCL061C 16 225
YCL059C 15 344
YCL058C 11 254
YCL058W-A 4 129
YCL057C-A 9 253
YCL057W 33 1041
YCL056C 3 19
YCL055W 9 259
YCL054W 13 454
YCL052C 8 129
YCL051W 25 456
YCL050C 13 304
YCL049C 11 447
YCL048W-A 3 10
YCL048W 20 714
YCL047C 10 294
YCL045C 40 520
YCL046W 2 3
YCL044C 14 281
YCL043C 38 756
YCL041C 11 143
YCL042W 16 768
YCL040W 95 7970
YCL039W 61 1215
YCL038C 16 101
YCL037C 19 317
YCL036W 25 369
YCL035C 11 311
YCL034W 31 548
YCL033C 3 36
YCL032W 17 1030
YCL031C 11 142
YCL030C 36 3149
YCL029C 28 3196
YCL028W 10 192
YCL027W 27 362
YCL026C-B 3 35
YCL026C-A 6 1112
YCL025C 57 1741
YCL023C 10 224
YCL024W 43 1125
YCL022C 8 192
YCL021W-A 7 231
YCL018W 15 1042
YCL017C 11 387
YCL016C 18 276
YCL014W 50 898
YCL012C 6 39
YCL011C 24 396
YCL010C 27 1059
YCL009C 27 490
YCL008C 29 2432
YCL007C 11 168
YCL005W-A 9 98
YCL005W 17 2136
YCL004W 18 1361
YCL002C 11 667
YCL001W 5 264
YCL001W-A 2 45
YCL001W-B 5 363
YCR001W 10 110
YCR002C 13 336
YCR003W 14 162
YCR004C 7 72
YCR005C 50 2350
YCR006C 39 2208
YCR007C 14 2018
YCR008W 31 634
YCR009C 8 358
YCR010C 14 211
YCR011C 66 1561
YCR012W 14 326
YCR013C 11 375
YCR014C 21 440
YCR015C 15 428
YCR016W 8 380
YCR017C 46 1187
YCR018C 6 291
YCR018C-A 7 46
YCR019W 22 683
YCR020C 15 628
YCR020C-A 1 26
YCR020W-B 1 1
YCR021C 30 789
YCR022C 23 1408
YCR023C 39 1567
YCR024C 19 526
YCR024C-B 12 936
YCR024C-A 2 16
YCR025C 18 3016
YCR026C 45 2064
YCR027C 2 17
YCR028C 18 594
YCR028C-A 4 49
YCR030C 33 39778
YCR031C 15 229
YCR032W 64 1581
YCR033W 37 610
YCR034W 6 67
YCR035C 5 80
YCR036W 25 1045
YCR037C 18 283
YCR038C 6 75
YCR038W-A 0 0
YCR039C 0 0
YCR040W 0 0
YCR041W 4 77
YCR042C 49 3365
YCR043C 13 2417
YCR044C 13 367
YCR045C 18 495
YCR045W-A 2 35
YCR046C 8 137
YCR047C 13 434
YCR047W-A 3 7
YCR049C 17 1055
YCR048W 42 2166
YCR050C 2 271
YCR051W 13 354
YCR052W 14 123
YCR053W 10 368
YCR054C 11 297
YCR057C 28 851
YCR059C 30 484
YCR060W 7 174
YCR061W 61 6787
YCR064C 18 2516
YCR063W 24 1172
YCR065W 38 1853
YCR066W 10 692
YCR067C 35 869
YCR068W 34 2095
YCR069W 19 463
YCR071C 7 573
YCR072C 22 427
YCR073C 45 1318
YCR073W-A 20 1149
YCR075C 14 992
YCR075W-A 1 4
YCR076C 17 417
YCR077C 27 592
YCR079W 22 591
YCR081W 49 1118
YCR081C-A 4 58
YCR082W 8 155
YCR083W 6 450
YCR084C 27 599
YCR085W 4 48
YCR086W 13 231
YCR087W 16 3886
YCR087C-A 9 570
YCR088W 18 464
YCR089W 29 1870
YCR090C 10 234
YCR091W 39 1497
YCR092C 24 393
YCR093W 44 1003
YCR094W 12 144
YCR095C 6 124
YCR095W-A 2 42
YCR096C 0 0
YCR097W 1 4
YCR097W-A 1 1
YCR098C 18 245
YCR099C 8 99
YCR100C 15 384
YCR101C 6 62
YCR102C 23 789
YCR102W-A 1 24
YCR104W 2 41
YCR105W 24 610
YCR106W 27 590
YCR107W 7 1206
YCR108C 9 456
YDL248W 2 13
YDL247W-A 0 0
YDL247W 0 0
YDL246C 0 0
YDL245C 1 7
YDL244W 8 509
YDL243C 12 183
YDL242W 26 1154
YDL241W 3 153
YDL240C-A 12 780
YDL240W 39 1456
YDL239C 13 438
YDL238C 30 532
YDL237W 13 312
YDL236W 9 3233
YDL235C 3 16
YDL234C 25 270
YDL233W 10 313
YDL232W 0 0
YDL231C 76 3429
YDL230W 19 279
YDL229W 14 2495
YDL228C 5 67
YDL227C 9 2141
YDL226C 12 128
YDL225W 14 770
YDL224C 10 66
YDL223C 41 531
YDL222C 32 683
YDL221W 42 1471
YDL220C 89 2803
YDL219W 2 11
YDL218W 26 502
YDL217C 6 286
YDL216C 14 216
YDL215C 70 10675
YDL214C 52 1089
YDL213C 17 615
YDL212W 4 158
YDL211C 4 58
YDL210W 21 672
YDL209C 8 154
YDL208W 4 394
YDL207W 10 259
YDL206W 26 336
YDL205C 17 370
YDL204W 39 1600
YDL203C 13 226
YDL202W 7 528
YDL201W 16 430
YDL200C 10 113
YDL199C 13 338
YDL198C 21 434
YDL197C 30 805
YDL196W 12 247
YDL195W 19 309
YDL194W 13 442
YDL193W 8 286
YDL192W 20 323
YDL191W 4 142
YDL190C 34 723
YDL189W 9 466
YDL188C 22 1910
YDL187C 3 34
YDL186W 13 769
YDL185C-A 1 21
YDL185W 27 437
YDL184C 1 6
YDL183C 14 277
YDL182W 30 1797
YDL181W 6 92
YDL180W 16 578
YDL179W 4 10
YDL178W 31 918
YDL177C 5 72
YDL176W 32 873
YDL175C 10 115
YDL174C 39 575
YDL173W 18 1275
YDL172C 5 102
YDL171C 90 5813
YDL170W 33 334
YDL169C 16 217
YDL168W 14 548
YDL167C 14 336
YDL166C 3 32
YDL165W 9 279
YDL164C 31 846
YDL163W 4 27
YDL162C 3 741
YDL161W 16 371
YDL160C-A 9 438
YDL160C 15 166
YDL159W-A 7 154
YDL159W 24 515
YDL159C-B 0 0
YDL158C 5 115
YDL157C 8 2871
YDL156W 34 842
YDL155W 33 824
YDL154W 21 608
YDL153C 3 17
YDL152W 2 32
YDL151C 2 27
YDL150W 15 176
YDL149W 15 753
YDL148C 26 458
YDL147W 10 204
YDL146W 16 1124
YDL145C 37 726
YDL144C 25 430
YDL143W 19 459
YDL142C 20 1924
YDL141W 18 270
YDL140C 71 1204
YDL139C 7 46
YDL138W 41 1561
YDL137W 32 4074
YDL136W 6 23
YDL135C 16 709
YDL134C 19 590
YDL133C-A 1 21
YDL133W 18 519
YDL132W 30 593
YDL131W 31 1771
YDL130W-A 2 13
YDL130W 10 1079
YDL129W 12 360
YDL128W 17 1037
YDL127W 36 787
YDL126C 27 383
YDL125C 23 821
YDL124W 24 3307
YDL123W 8 57
YDL122W 27 481
YDL121C 9 793
YDL120W 3 110
YDL119C 17 365
YDL118W 4 86
YDL117W 22 422
YDL116W 16 226
YDL115C 16 348
YDL114W-A 4 137
YDL114W 10 270
YDL113C 30 499
YDL112W 53 824
YDL111C 12 122
YDL110C 20 233
YDL109C 26 3310
YDL108W 22 456
YDL107W 20 835
YDL106C 26 1102
YDL105W 17 91
YDL104C 19 696
YDL103C 8 194
YDL102W 29 420
YDL101C 14 219
YDL100C 19 396
YDL099W 11 160
YDL098C 12 216
YDL097C 13 353
YDL096C 7 201
YDL095W 36 754
YDL094C 15 1279
YDL093W 26 260
YDL092W 13 395
YDL091C 15 138
YDL090C 14 418
YDL089W 25 2458
YDL088C 13 152
YDL087C 5 215
YDL086W 38 141543
YDL086C-A 31 141341
YDL085C-A 11 472
YDL085W 43 1490
YDL084W 8 83
YDL083C 2 52
YDL082W 9 411
YDL081C 1 9
YDL080C 21 873
YDL079C 38 1177
YDL078C 16 513
YDL077C 34 455
YDL076C 17 546
YDL075W 2 3
YDL074C 17 394
YDL073W 24 352
YDL072C 8 123
YDL071C 6 30
YDL070W 21 467
YDL069C 12 537
YDL068W 7 37
YDL067C 3 7
YDL066W 26 1073
YDL065C 16 555
YDL064W 9 380
YDL063C 27 615
YDL062W 6 24
YDL061C 3 14
YDL060W 15 322
YDL059C 11 156
YDL058W 34 643
YDL057W 21 327
YDL056W 40 1067
YDL055C 17 161
YDL054C 33 931
YDL053C 6 135
YDL052C 19 344
YDL051W 16 696
YDL050C 4 158
YDL049C 25 452
YDL048C 58 1942
YDL047W 14 512
YDL046W 9 127
YDL045W-A 3 28
YDL045C 8 132
YDL044C 10 221
YDL043C 4 77
YDL042C 40 1144
YDL041W 14 243
YDL040C 23 890
YDL039C 31 716
YDL037C 10 198
YDL036C 19 17627
YDL035C 25 630
YDL034W 7 153
YDL033C 20 403
YDL032W 1 1
YDL031W 16 183
YDL030W 14 177
YDL029W 8 71
YDL028C 19 319
YDL027C 12 172
YDL026W 2 31
YDL025C 13 346
YDL025W-A 0 0
YDL024C 18 603
YDL022C-A 3 116
YDL023C 11 759
YDL022W 35 798
YDL021W 10 49
YDL020C 15 1304
YDL019C 48 1657
YDL018C 6 95
YDL017W 19 431
YDL016C 3 25
YDL015C 5 193
YDL014W 16 391
YDL013W 20 460
YDL012C 10 228
YDL011C 4 93
YDL010W 6 167
YDL009C 1 12
YDL008W 9 99
YDL007C-A 6 52
YDL007W 10 104
YDL006W 17 246
YDL005C 5 193
YDL004W 1 7
YDL003W 28 1356
YDL002C 11 144
YDL001W 42 7646
YDR001C 86 4799
YDR002W 7 465
YDR003W 15 241
YDR003W-A 7 752
YDR004W 19 239
YDR005C 14 808
YDR006C 26 785
YDR007W 17 975
YDR008C 14 1341
YDR009W 32 1113
YDR010C 36 1971
YDR011W 88 3046
YDR012W 2 15
YDR013W 3 21
YDR014W 12 167
YDR014W-A 3 58
YDR015C 2 43
YDR016C 4 38
YDR017C 43 3773
YDR018C 31 828
YDR019C 18 296
YDR020C 25 607
YDR021W 6 129
YDR022C 13 178
YDR023W 10 107
YDR024W 6 83
YDR025W 5 67
YDR026C 24 294
YDR027C 12 191
YDR028C 33 411
YDR029W 2 68
YDR030C 27 888
YDR031W 3 30
YDR032C 8 115
YDR033W 23 824
YDR034C 15 1980
YDR034C-A 1 35
YDR034W-B 0 0
YDR035W 16 192
YDR036C 4 48
YDR037W 31 534
YDR038C 4 36
YDR039C 0 0
YDR040C 6 36
YDR041W 13 137
YDR042C 1 95
YDR043C 19 188
YDR044W 8 68
YDR045C 8 119
YDR046C 29 3130
YDR047W 29 1354
YDR048C 18 1237
YDR049W 20 174
YDR050C 5 39
YDR051C 16 354
YDR052C 8 36
YDR053W 0 0
YDR054C 11 189
YDR055W 17 219
YDR056C 6 51
YDR057W 19 352
YDR058C 7 205
YDR059C 15 200
YDR060W 32 726
YDR061W 22 604
YDR062W 21 199
YDR063W 5 224
YDR064W 10 293
YDR065W 11 272
YDR066C 10 597
YDR067C 7 307
YDR068W 2 16
YDR069C 30 502
YDR070C 5 58
YDR071C 13 234
YDR072C 35 1086
YDR073W 16 125
YDR074W 52 862
YDR075W 12 2198
YDR076W 47 1312
YDR077W 26 1777
YDR078C 11 507
YDR079W 7 41
YDR079C-A 3 65
YDR080W 38 714
YDR081C 13 171
YDR082W 17 369
YDR083W 6 96
YDR084C 6 35
YDR085C 26 1071
YDR086C 1 6
YDR087C 6 26
YDR088C 9 103
YDR089W 41 898
YDR090C 12 337
YDR091C 17 383
YDR092W 5 94
YDR093W 113 6815
YDR094W 21 5884
YDR095C 25 5725
YDR096W 20 2087
YDR097C 22 247
YDR098C 23 572
YDR099W 21 212
YDR100W 4 69
YDR101C 14 130
YDR102C 10 965
YDR103W 17 1171
YDR104C 42 769
YDR105C 11 321
YDR106W 10 503
YDR107C 15 167
YDR108W 23 731
YDR109C 22 1033
YDR110W 24 1387
YDR111C 23 705
YDR112W 8 206
YDR113C 14 531
YDR114C 13 251
YDR115W 4 67
YDR116C 12 330
YDR117C 17 333
YDR118W 16 416
YDR118W-A 1 12
YDR119W 40 1325
YDR119W-A 5 1746
YDR120C 24 682
YDR121W 4 8
YDR122W 26 446
YDR123C 12 168
YDR124W 15 188
YDR125C 6 119
YDR126W 18 1181
YDR127W 61 1074
YDR128W 52 4232
YDR129C 16 243
YDR130C 10 134
YDR131C 14 287
YDR132C 25 627
YDR133C 0 0
YDR135C 55 1155
YDR136C 30 730
YDR137W 31 783
YDR138W 24 501
YDR139C 3 27
YDR140W 10 244
YDR141C 35 667
YDR142C 17 346
YDR143C 21 979
YDR144C 22 215
YDR145W 4 38
YDR146C 22 675
YDR147W 17 453
YDR148C 10 220
YDR149C 4 18
YDR150W 85 1968
YDR151C 17 2725
YDR152W 6 79
YDR153C 17 269
YDR154C 9 551
YDR155C 9 149
YDR156W 9 94
YDR157W 23 1239
YDR158W 11 57
YDR159W 37 738
YDR160W 30 452
YDR161W 8 45
YDR162C 2 65
YDR163W 7 1007
YDR164C 25 616
YDR165W 10 58
YDR166C 25 1142
YDR167W 9 532
YDR168W 15 191
YDR169C 8 50
YDR169C-A 3 149
YDR170C 50 667
YDR171W 9 315
YDR172W 36 1333
YDR173C 9 134
YDR174W 22 571
YDR175C 9 95
YDR176W 29 448
YDR177W 23 401
YDR178W 16 444
YDR179C 4 39
YDR179W-A 16 153
YDR180W 33 583
YDR181C 11 145
YDR182W 19 656
YDR182W-A 3 9
YDR183W 10 205
YDR183C-A 4 91
YDR184C 9 98
YDR185C 17 422
YDR186C 45 1583
YDR187C 22 628
YDR188W 38 1065
YDR189W 25 341
YDR190C 15 357
YDR191W 21 471
YDR192C 11 1781
YDR193W 7 1672
YDR194C 15 305
YDR194W-A 4 43
YDR195W 18 265
YDR196C 4 33
YDR197W 4 36
YDR198C 11 280
YDR199W 5 16
YDR200C 19 226
YDR201W 9 319
YDR202C 6 230
YDR203W 2 111
YDR204W 23 391
YDR205W 30 1484
YDR206W 26 546
YDR207C 39 892
YDR208W 42 805
YDR209C 4 30
YDR210W 1 2
YDR211W 29 907
YDR212W 17 393
YDR213W 26 401
YDR214W 36 2686
YDR215C 41 4215
YDR216W 53 761
YDR217C 36 2617
YDR218C 12 247
YDR219C 8 76
YDR220C 8 1205
YDR221W 34 592
YDR222W 11 183
YDR223W 26 653
YDR224C 1 1
YDR225W 7 31
YDR226W 10 146
YDR227W 22 782
YDR228C 12 432
YDR229W 23 250
YDR230W 14 132
YDR231C 19 207
YDR232W 21 459
YDR233C 18 234
YDR234W 55 2121
YDR235W 4 26
YDR236C 9 58
YDR237W 9 61
YDR238C 22 1649
YDR239C 23 423
YDR240C 9 320
YDR241W 5 154
YDR242W 33 897
YDR243C 19 540
YDR244W 24 399
YDR245W 9 41
YDR246W 21 434
YDR246W-A 22 3275
YDR247W 26 596
YDR248C 9 186
YDR249C 14 394
YDR250C 23 1151
YDR251W 28 638
YDR252W 2 84
YDR253C 5 25
YDR254W 22 364
YDR255C 10 90
YDR256C 35 1228
YDR257C 7 141
YDR258C 47 2021
YDR259C 18 401
YDR260C 33 3794
YDR261C 38 981
YDR262W 11 599
YDR263C 25 367
YDR264C 36 904
YDR265W 7 96
YDR266C 20 228
YDR267C 12 193
YDR268W 21 403
YDR269C 3 124
YDR270W 34 664
YDR271C 10 73
YDR272W 20 238
YDR273W 7 38
YDR274C 45 13690
YDR275W 19 217
YDR276C 6 408
YDR277C 36 3246
YDR278C 13 352
YDR279W 12 217
YDR280W 9 80
YDR281C 0 0
YDR282C 26 536
YDR283C 69 1279
YDR284C 14 526
YDR285W 21 252
YDR286C 4 7
YDR287W 6 112
YDR288W 6 74
YDR289C 7 58
YDR290W 5 414
YDR291W 41 2431
YDR292C 26 861
YDR293C 57 1213
YDR294C 27 822
YDR295C 10 110
YDR296W 8 222
YDR297W 19 811
YDR298C 7 92
YDR299W 18 276
YDR300C 26 887
YDR301W 44 670
YDR302W 3 16
YDR303C 16 405
YDR304C 14 356
YDR305C 16 683
YDR306C 16 366
YDR307W 14 504
YDR308C 2 8
YDR309C 20 459
YDR310C 28 4278
YDR311W 15 136
YDR312W 19 443
YDR313C 15 743
YDR314C 19 260
YDR315C 8 97
YDR316W 16 229
YDR317W 8 99
YDR318W 18 449
YDR319C 9 193
YDR320C 19 328
YDR320C-A 1 37
YDR320W-B 7 168
YDR321W 19 448
YDR322W 21 365
YDR322C-A 2 16
YDR323C 32 924
YDR324C 17 141
YDR325W 29 597
YDR326C 63 1470
YDR327W 4 39
YDR328C 7 140
YDR329C 25 460
YDR330W 22 313
YDR331W 13 222
YDR332W 14 316
YDR333C 35 880
YDR334W 43 711
YDR335W 31 595
YDR336W 14 250
YDR337W 8 328
YDR338C 20 947
YDR339C 7 82
YDR340W 4 161
YDR341C 14 347
YDR342C 3 77
YDR343C 4 255
YDR344C 23 351
YDR345C 42 1409
YDR346C 17 415
YDR347W 8 30
YDR348C 33 740
YDR349C 21 286
YDR350C 10 162
YDR351W 21 134
YDR352W 10 169
YDR353W 14 249
YDR354W 15 525
YDR354C-A 2 37
YDR355C 3 10
YDR356W 20 287
YDR357C 11 542
YDR358W 28 605
YDR359C 20 295
YDR360W 2 27
YDR361C 14 1374
YDR362C 28 309
YDR363W 19 210
YDR363W-A 2 15
YDR364C 18 531
YDR365C 15 521
YDR366C 13 311
YDR367W 7 345
YDR368W 8 69
YDR369C 35 1113
YDR370C 18 421
YDR371W 27 814
YDR371C-A 1 3
YDR372C 9 561
YDR373W 5 146
YDR374C 11 156
YDR374W-A 2 5
YDR375C 17 174
YDR376W 34 909
YDR377W 5 101
YDR378C 2 5
YDR379W 41 820
YDR379C-A 6 96
YDR380W 40 1146
YDR381W 23 818
YDR381C-A 1 26
YDR382W 3 7
YDR383C 10 156
YDR384C 24 1113
YDR385W 3 19
YDR386W 31 2932
YDR387C 18 244
YDR388W 24 439
YDR389W 21 297
YDR390C 16 567
YDR391C 13 229
YDR392W 10 115
YDR393W 27 598
YDR394W 19 424
YDR395W 32 834
YDR396W 19 1629
YDR397C 22 1657
YDR398W 18 235
YDR399W 19 574
YDR400W 25 414
YDR401W 12 1392
YDR402C 22 1444
YDR403W 23 553
YDR404C 5 73
YDR405W 36 503
YDR406W 132 27577
YDR406W-A 0 0
YDR407C 30 617
YDR408C 14 275
YDR409W 43 878
YDR410C 17 414
YDR411C 18 1199
YDR412W 2 2
YDR413C 0 0
YDR414C 25 527
YDR415C 23 666
YDR416W 24 423
YDR417C 1 62
YDR418W 1 62
YDR419W 33 601
YDR420W 27 815
YDR421W 37 626
YDR422C 33 1794
YDR423C 34 1503
YDR424C 4 182
YDR425W 29 651
YDR426C 13 621
YDR427W 6 142
YDR428C 13 230
YDR429C 6 195
YDR430C 50 1127
YDR431W 10 96
YDR432W 32 648
YDR433W 15 273
YDR434W 14 341
YDR435C 15 409
YDR436W 42 1078
YDR437W 14 1491
YDR438W 17 166
YDR439W 2 15
YDR440W 27 447
YDR441C 11 355
YDR442W 9 306
YDR443C 56 1280
YDR444W 28 998
YDR445C 15 5881
YDR446W 16 244
YDR447C 8 101
YDR448W 12 104
YDR449C 18 731
YDR450W 6 68
YDR451C 19 4370
YDR452W 48 1858
YDR453C 24 973
YDR454C 3 212
YDR455C 10 261
YDR456W 25 667
YDR457W 118 20884
YDR458C 13 296
YDR459C 21 450
YDR460W 14 347
YDR461W 1 16
YDR461C-A 6 50
YDR462W 8 134
YDR463W 35 1411
YDR464W 19 389
YDR464C-A 0 0
YDR465C 16 606
YDR466W 21 564
YDR467C 7 179
YDR468C 13 518
YDR469W 6 19
YDR470C 23 982
YDR471W 6 123
YDR472W 16 315
YDR473C 10 107
YDR475C 56 1850
YDR476C 35 1474
YDR477W 28 507
YDR478W 12 257
YDR479C 33 736
YDR480W 23 399
YDR481C 41 811
YDR482C 21 570
YDR483W 17 355
YDR484W 16 329
YDR485C 18 286
YDR486C 10 263
YDR487C 10 75
YDR488C 53 4920
YDR489W 16 299
YDR490C 56 1231
YDR491C 30 1455
YDR492W 17 316
YDR493W 9 96
YDR494W 6 147
YDR495C 19 513
YDR496C 19 349
YDR497C 36 694
YDR498C 4 125
YDR499W 18 436
YDR500C 3 15
YDR501W 8 121
YDR502C 26 1397
YDR503C 16 305
YDR504C 6 36
YDR505C 14 441
YDR506C 64 3248
YDR507C 43 1240
YDR508C 32 446
YDR509W 5 23
YDR510W 6 122
YDR510C-A 4 38
YDR511W 11 546
YDR512C 37 934
YDR513W 4 325
YDR514C 17 174
YDR515W 3 64
YDR516C 25 1728
YDR517W 32 684
YDR518W 28 1431
YDR519W 6 59
YDR520C 22 523
YDR521W 10 236
YDR522C 14 610
YDR523C 24 278
YDR524C 21 763
YDR524W-C 3 18
YDR524C-B 9 146
YDR524C-A 9 320
YDR525W 23 588
YDR525W-A 14 655
YDR526C 11 2012
YDR527W 28 14587
YDR528W 24 545
YDR529C 8 166
YDR530C 28 599
YDR531W 14 333
YDR532C 4 185
YDR533C 6 234
YDR534C 13 118
YDR535C 38 3763
YDR536W 39 1648
YDR537C 8 85
YDR538W 14 192
YDR539W 25 536
YDR540C 1 7
YDR541C 17 457
YDR542W 0 0
YDR543C 11 240
YDR544C 10 471
YDR545W 0 0
YDR545C-A 0 0
YEL077C 13 103
YEL077W-A 0 0
YEL076C-A 0 0
YEL076C 0 0
YEL075W-A 0 0
YEL075C 0 0
YEL074W 6 1184
YEL073C 6 193
YEL072W 14 325
YEL071W 35 1558
YEL070W 20 925
YEL069C 32 908
YEL068C 7 316
YEL067C 34 5477
YEL066W 16 272
YEL065W 55 1607
YEL064C 36 1716
YEL063C 22 304
YEL062W 24 466
YEL061C 28 870
YEL060C 39 726
YEL059C-A 8 150
YEL059W 28 3878
YEL058W 27 713
YEL057C 6 144
YEL056W 26 1481
YEL055C 30 484
YEL054C 3 230
YEL053W-A 3 230
YEL053C 14 140
YEL052W 12 330
YEL051W 2 18
YEL050W-A 3 353
YEL050C 14 429
YEL049W 2 27
YEL048C 1 1
YEL047C 29 717
YEL046C 21 289
YEL045C 29 2038
YEL044W 8 642
YEL043W 32 2181
YEL042W 19 897
YEL041W 30 1042
YEL040W 37 1532
YEL039C 15 97
YEL038W 19 388
YEL037C 20 306
YEL036C 24 930
YEL035C 30 3637
YEL034C-A 16 218
YEL034W 13 161
YEL033W 28 1401
YEL032W 51 1042
YEL032C-A 3 18
YEL031W 45 973
YEL030C-A 2 8
YEL030W 9 138
YEL029C 6 92
YEL028W 4 136
YEL027W 2 5
YEL026W 1 2
YEL025C 51 1111
YEL024W 16 441
YEL023C 33 1133
YEL022W 45 865
YEL021W 57 2165
YEL020C-B 7 25
YEL020W-A 9 49
YEL020C 28 682
YEL019C 5 218
YEL018C-A 9 274
YEL018W 14 572
YEL017C-A 3 44
YEL017W 8 116
YEL016C 18 4937
YEL015W 34 684
YEL014C 13 251
YEL013W 17 214
YEL012W 26 1000
YEL011W 50 23818
YEL010W 7 83
YEL009C-A 7 79
YEL009C 14 612
YEL008W 57 13619
YEL008C-A 12 3465
YEL007W 16 353
YEL006W 36 631
YEL005C 15 2269
YEL004W 22 903
YEL003W 10 163
YEL002C 42 2062
YEL001C 20 493
YER001W 58 2085
YER002W 1 90
YER003C 21 621
YER004W 23 1811
YER005W 54 8253
YER006W 15 246
YER006C-A 9 158
YER007W 13 176
YER007C-A 10 583
YER008C 19 282
YER009W 2 4
YER010C 16 625
YER011W 3 15
YER012W 1 1
YER013W 19 218
YER014W 6 85
YER014C-A 17 1019
YER015W 23 639
YER016W 12 117
YER017C 40 722
YER018C 21 617
YER019W 45 1010
YER019C-A 1 2
YER020W 31 420
YER021W 8 119
YER022W 14 297
YER023W 9 606
YER023C-A 3 61
YER024W 63 1100
YER025W 5 71
YER026C 6 127
YER027C 12 453
YER028C 23 313
YER029C 4 60
YER030W 1 1
YER031C 9 146
YER032W 40 703
YER033C 25 893
YER034W 34 987
YER035W 20 410
YER036C 36 542
YER037W 23 798
YER038C 11 234
YER038W-A 3 15
YER039C 10 155
YER039C-A 3 2017
YER040W 15 442
YER041W 22 903
YER042W 12 502
YER043C 22 513
YER044C 12 480
YER044C-A 25 446
YER045C 19 292
YER046W 8 165
YER046W-A 6 177
YER047C 20 193
YER048C 18 411
YER048W-A 1 4
YER049W 17 269
YER050C 4 32
YER051W 22 311
YER052C 12 76
YER053C 24 954
YER053C-A 1 11
YER054C 44 1611
YER055C 16 224
YER056C 30 545
YER056C-A 3 8
YER057C 7 735
YER058W 4 15
YER059W 11 161
YER060W 17 352
YER060W-A 25 295
YER061C 15 250
YER062C 12 132
YER063W 7 303
YER064C 11 214
YER065C 57 1376
YER066W 6 153
YER066C-A 14 460
YER067W 7 45
YER067C-A 5 29
YER068W 26 2743
YER068C-A 21 1964
YER069W 61 3297
YER070W 31 644
YER071C 1 8
YER072W 13 378
YER073W 22 856
YER074W 4 249
YER074W-A 4 10
YER075C 21 795
YER076C 9 94
YER076W-A 5 74
YER077C 22 362
YER078C 24 378
YER078W-A 9 213
YER079W 19 2582
YER079C-A 7 189
YER080W 33 1175
YER081W 41 1007
YER082C 13 263
YER083C 10 372
YER084W 17 502
YER084W-A 5 33
YER085C 5 33
YER086W 20 420
YER087W 27 1043
YER087C-A 5 220
YER087C-B 1 4
YER088C 48 2393
YER088C-A 32 2277
YER088W-B 10 141
YER089C 48 2279
YER090W 16 134
YER090C-A 0 0
YER091C 18 288
YER091C-A 16 917
YER092W 12 281
YER093C 33 879
YER093C-A 12 184
YER094C 8 236
YER095W 14 224
YER096W 12 171
YER097W 4 32
YER098W 26 869
YER099C 18 130
YER100W 8 218
YER101C 24 621
YER102W 4 7
YER103W 29 639
YER104W 9 78
YER105C 42 866
YER106W 4 69
YER107C 5 67
YER107W-A 2 23
YER109C 18 287
YER110C 22 374
YER111C 35 596
YER112W 0 0
YER113C 23 523
YER114C 45 925
YER115C 3 25
YER116C 8 96
YER117W 3 23
YER118C 14 245
YER119C 32 786
YER119C-A 17 1740
YER120W 7 279
YER121W 12 1792
YER122C 3 113
YER123W 27 1497
YER124C 9 183
YER125W 31 628
YER126C 8 184
YER127W 4 9
YER128W 13 328
YER129W 60 1714
YER130C 26 1811
YER131W 5 62
YER132C 83 1678
YER133W 8 74
YER133W-A 1 2
YER134C 8 184
YER135C 7 148
YER136W 20 278
YER137C 14 400
YER137W-A 9 230
YER138W-A 0 0
YER139C 10 182
YER140W 30 242
YER141W 18 151
YER142C 10 311
YER143W 20 14635
YER144C 49 3537
YER145C 52 2763
YER145C-A 18 295
YER146W 12 116
YER147C 65 1588
YER147C-A 2 127
YER148W 5 147
YER148W-A 10 372
YER149C 19 640
YER150W 11 308
YER151C 37 864
YER152C 29 1416
YER152W-A 11 261
YER153C 26 557
YER154W 23 382
YER155C 59 1765
YER156C 23 543
YER157W 25 481
YER158C 27 558
YER158W-A 5 286
YER159C 12 444
YER161C 7 368
YER162C 12 446
YER163C 28 483
YER164W 35 1106
YER165W 4 143
YER165C-A 4 4
YER166W 85 2103
YER167W 38 1184
YER168C 16 528
YER169W 45 1592
YER170W 14 481
YER171W 22 729
YER172C 39 976
YER172C-A 5 91
YER173W 19 379
YER174C 14 828
YER175C 31 1740
YER175W-A 4 52
YER176W 102 7547
YER177W 12 84
YER178W 33 664
YER179W 20 575
YER180C 7 218
YER180C-A 7 4912
YER181C 3 24
YER182W 5 62
YER183C 13 226
YER184C 19 317
YER185W 12 296
YER186C 17 728
YER187W 8 185
YER188W 7 147
YER188C-A 9 172
YER189W 0 0
YER190W 1 6
YER190C-A 0 0
YER190C-B 0 0
YFL068W 0 0
YFL067W 0 0
YFL066C 0 0
YFL065C 0 0
YFL064C 0 0
YFL063W 11 500
YFL062W 1 8
YFL061W 0 0
YFL060C 3 56
YFL059W 8 485
YFL058W 0 0
YFL057C 0 0
YFL056C 6 76
YFL055W 24 461
YFL054C 28 464
YFL053W 26 1075
YFL052W 34 1567
YFL051C 14 536
YFL050C 33 1562
YFL049W 13 224
YFL048C 25 538
YFL047W 24 853
YFL046W 20 522
YFL045C 1 1
YFL044C 12 433
YFL042C 36 1125
YFL041W-A 4 91
YFL041W 29 486
YFL040W 21 866
YFL039C 14 243
YFL038C 25 925
YFL037W 31 1587
YFL036W 44 1170
YFL034C-B 10 399
YFL034C-A 10 261
YFL034W 45 1428
YFL033C 102 3680
YFL032W 11 132
YFL031W 15 719
YFL031C-A 1 7
YFL030W 33 820
YFL029C 16 296
YFL028C 13 1241
YFL027C 12 219
YFL026W 14 210
YFL025C 25 412
YFL024C 41 899
YFL023W 16 362
YFL022C 14 512
YFL021C-A 54 1278
YFL021W 37 702
YFL020C 5 236
YFL019C 2 6
YFL018C 17 213
YFL017W-A 1 2
YFL017C 17 320
YFL016C 36 793
YFL015W-A 18 252
YFL015C 30 489
YFL014W 10 940
YFL013W-A 21 629
YFL013C 32 776
YFL012W-A 22 958
YFL012W 7 158
YFL011W 14 288
YFL010W-A 0 0
YFL010C 5 31
YFL009W 12 215
YFL008W 32 943
YFL007W 101 1543
YFL005W 7 114
YFL004W 19 461
YFL003C 67 4807
YFL002C 43 1065
YFL001W 56 2771
YFR001W 3 277
YFR002W 25 779
YFR003C 17 648
YFR004W 9 36
YFR005C 10 119
YFR006W 41 1936
YFR007W 23 2523
YFR008W 6 26
YFR009W 31 916
YFR009W-A 1 3
YFR010W 25 895
YFR010W-A 1 2
YFR011C 14 231
YFR012W 3 133
YFR012W-A 0 0
YFR013W 27 713
YFR014C 20 1040
YFR015C 38 1617
YFR016C 42 5282
YFR017C 32 1428
YFR018C 69 5880
YFR019W 69 1554
YFR020W 10 241
YFR021W 28 502
YFR022W 33 796
YFR023W 14 1421
YFR024C-A 21 478
YFR025C 33 3078
YFR026C 8 95
YFR027W 8 202
YFR028C 17 363
YFR029W 34 485
YFR030W 18 508
YFR031C 35 1077
YFR031C-A 9 240
YFR032C 11 122
YFR032C-A 7 118
YFR032C-B 16 1766
YFR033C 25 1114
YFR034C 56 14690
YFR034W-A 22 2112
YFR035C 31 2122
YFR036W 7 760
YFR036W-A 6 101
YFR037C 15 580
YFR038W 25 1732
YFR039C 18 344
YFR040W 26 689
YFR041C 13 822
YFR042W 3 6
YFR043C 16 745
YFR044C 27 957
YFR045W 13 212
YFR046C 13 195
YFR047C 14 246
YFR048W 34 629
YFR049W 11 121
YFR050C 14 290
YFR051C 31 930
YFR052W 10 44
YFR052C-A 3 6
YFR053C 39 1411
YFR054C 3 15
YFR056C 15 1590
YFR055W 26 706
YFR057W 3 20
YGL263W 24 292
YGL262W 11 112
YGL261C 5 287
YGL260W 1 1
YGL259W 4 425
YGL258W-A 2 15
YGL258W 5 152
YGL257C 22 421
YGL256W 11 360
YGL255W 21 1749
YGL254W 26 1027
YGL253W 35 946
YGL252C 26 847
YGL251C 40 948
YGL250W 11 920
YGL249W 47 1165
YGL248W 24 448
YGL247W 9 79
YGL246C 19 610
YGL245W 31 559
YGL244W 16 569
YGL243W 11 648
YGL242C 11 270
YGL241W 38 2707
YGL240W 10 60
YGL239C 5 260
YGL238W 34 1171
YGL237C 13 218
YGL236C 49 1248
YGL235W 16 401
YGL234W 27 807
YGL233W 20 153
YGL232W 13 278
YGL231C 3 48
YGL230C 0 0
YGL229C 45 3078
YGL228W 16 368
YGL227W 28 706
YGL226C-A 6 96
YGL226W 10 1747
YGL225W 17 406
YGL224C 16 139
YGL223C 12 143
YGL222C 2 26
YGL221C 11 418
YGL220W 5 198
YGL219C 21 584
YGL218W 10 417
YGL217C 9 86
YGL216W 49 1818
YGL215W 11 140
YGL214W 3 29
YGL213C 9 76
YGL212W 13 165
YGL211W 9 192
YGL210W 3 44
YGL209W 15 136
YGL208W 46 1905
YGL207W 26 884
YGL206C 49 1251
YGL205W 46 1073
YGL204C 4 17
YGL203C 38 1016
YGL202W 19 476
YGL201C 36 1748
YGL200C 16 240
YGL199C 11 194
YGL198W 13 203
YGL197W 36 368
YGL196W 21 1305
YGL195W 86 5761
YGL194C-A 5 74
YGL194C 15 184
YGL193C 10 310
YGL192W 23 466
YGL191W 9 35
YGL190C 23 649
YGL189C 8 129
YGL188C-A 1 2
YGL188C 6 664
YGL187C 18 370
YGL186C 32 659
YGL185C 21 570
YGL184C 29 1155
YGL183C 11 334
YGL182C 7 75
YGL181W 14 316
YGL180W 42 1843
YGL179C 27 484
YGL178W 72 6078
YGL177W 28 4023
YGL176C 14 578
YGL175C 8 655
YGL174W 14 224
YGL173C 48 1745
YGL172W 11 334
YGL171W 13 345
YGL170C 8 277
YGL169W 26 645
YGL168W 5 69
YGL167C 36 475
YGL166W 20 349
YGL165C 26 31112
YGL164C 15 399
YGL163C 41 601
YGL162W 17 348
YGL161C 21 990
YGL160W 21 331
YGL159W 5 21
YGL158W 22 520
YGL157W 17 224
YGL156W 42 1417
YGL155W 12 279
YGL154C 10 244
YGL153W 5 102
YGL152C 13 4308
YGL151W 19 3300
YGL150C 43 695
YGL149W 14 512
YGL148W 22 1048
YGL147C 9 294
YGL146C 27 580
YGL145W 17 705
YGL144C 26 593
YGL143C 17 230
YGL142C 15 270
YGL141W 40 863
YGL140C 31 541
YGL139W 27 789
YGL138C 8 269
YGL137W 27 1234
YGL136C 16 307
YGL135W 5 26
YGL134W 28 392
YGL133W 48 884
YGL132W 4 160
YGL131C 44 2906
YGL130W 9 152
YGL129C 7 56
YGL128C 2 119
YGL127C 8 89
YGL126W 108 38220
YGL125W 78 3499
YGL124C 17 13464
YGL123W 8 330
YGL123C-A 2 312
YGL122C 13 287
YGL121C 10 51215
YGL120C 28 382
YGL119W 11 108
YGL118C 18 917
YGL117W 25 1111
YGL116W 42 804
YGL115W 14 515
YGL114W 20 469
YGL113W 15 215
YGL112C 3 9
YGL111W 20 215
YGL110C 28 509
YGL109W 6 684
YGL108C 9 38
YGL107C 19 412
YGL106W 4 4
YGL105W 14 221
YGL104C 17 327
YGL103W 27 480
YGL102C 16 383
YGL101W 4 42
YGL100W 16 329
YGL099W 12 291
YGL098W 5 57
YGL097W 40 1118
YGL096W 9 305
YGL095C 24 304
YGL094C 43 870
YGL093W 27 1849
YGL092W 18 451
YGL091C 13 589
YGL090W 12 484
YGL089C 1 14
YGL088W 13 363
YGL087C 13 1672
YGL086W 31 853
YGL085W 13 486
YGL084C 21 183
YGL083W 38 465
YGL082W 16 385
YGL081W 23 1638
YGL080W 11 225
YGL079W 9 105
YGL078C 10 401
YGL077C 24 890
YGL076C 3 94
YGL075C 9 1071
YGL074C 10 420
YGL073W 58 2588
YGL072C 22 712
YGL071W 35 981
YGL070C 8 217
YGL069C 5 135
YGL068W 5 135
YGL067W 14 208
YGL066W 21 509
YGL065C 14 423
YGL064C 30 348
YGL063W 121 9845
YGL063C-A 16 357
YGL062W 77 1611
YGL061C 10 376
YGL060W 19 280
YGL059W 17 498
YGL058W 6 103
YGL057C 10 195
YGL056C 24 332
YGL055W 48 1428
YGL054C 7 103
YGL053W 2 3
YGL052W 3 59
YGL051W 5 175
YGL050W 14 483
YGL049C 22 690
YGL048C 7 50
YGL047W 10 574
YGL045W 36 976
YGL044C 8 75
YGL043W 21 1184
YGL042C 8 69
YGL041C-B 1 1
YGL041W-A 14 381
YGL041C 8 148
YGL040C 13 187
YGL039W 13 170
YGL038C 18 418
YGL037C 9 94
YGL036W 29 637
YGL035C 26 635
YGL034C 7 54
YGL033W 9 104
YGL032C 2 5
YGL031C 5 36
YGL030W 2 5
YGL029W 4 49
YGL028C 12 86
YGL027C 30 482
YGL026C 28 1589
YGL025C 10 92
YGL024W 6 188
YGL023C 25 361
YGL022W 42 1501
YGL021W 21 339
YGL020C 4 10
YGL019W 5 36
YGL018C 8 271
YGL017W 14 280
YGL016W 28 476
YGL015C 5 90
YGL014W 22 699
YGL014C-A 3 69
YGL013C 39 1642
YGL012W 33 968
YGL011C 4 45
YGL010W 8 208
YGL009C 45 1198
YGL008C 65 1702
YGL007C-A 2 8
YGL007W 22 10649
YGL006W-A 2 4
YGL006W 36 1078
YGL005C 16 173
YGL004C 38 1804
YGL003C 55 2550
YGL002W 30 2066
YGL001C 51 3042
YGR001C 17 300
YGR002C 35 1727
YGR003W 36 493
YGR004W 25 958
YGR005C 11 309
YGR006W 20 639
YGR007W 23 1730
YGR008C 13 184
YGR009C 14 301
YGR010W 17 304
YGR011W 5 102
YGR012W 22 482
YGR013W 50 1651
YGR014W 30 925
YGR015C 23 267
YGR016W 22 449
YGR017W 4 34
YGR018C 1 1
YGR019W 39 1332
YGR020C 2 10
YGR021W 20 322
YGR022C 5 150
YGR023W 16 492
YGR024C 3 5
YGR025W 19 5776
YGR026W 13 863
YGR027C 8 40
YGR028W 15 387
YGR029W 5 79
YGR030C 10 399
YGR031W 60 2014
YGR031C-A 26 1337
YGR032W 95 1980
YGR033C 6 120
YGR034W 2 21
YGR035C 5 212
YGR035W-A 11 473
YGR036C 16 607
YGR037C 4 24
YGR038W 11 116
YGR039W 11 101
YGR040W 23 1251
YGR041W 40 1625
YGR042W 15 154
YGR043C 27 2234
YGR044C 14 122
YGR045C 36 2532
YGR046W 5 100
YGR047C 33 897
YGR048W 14 463
YGR049W 27 599
YGR050C 24 1149
YGR051C 18 3517
YGR052W 27 764
YGR053C 7 16
YGR054W 25 1152
YGR055W 14 167
YGR056W 26 993
YGR057C 8 113
YGR058W 9 130
YGR059W 9 80
YGR060W 22 478
YGR061C 42 1805
YGR062C 9 106
YGR063C 6 66
YGR064W 12 322
YGR065C 11 171
YGR066C 9 66
YGR067C 38 1426
YGR068C 104 3749
YGR068W-A 4 23
YGR069W 14 630
YGR070W 47 798
YGR071C 31 8937
YGR072W 3 13
YGR073C 4 18
YGR074W 2 4
YGR075C 2 13
YGR076C 7 166
YGR077C 23 340
YGR078C 4 64
YGR079W 29 852
YGR080W 14 481
YGR081C 7 753
YGR082W 4 95
YGR083C 20 476
YGR084C 19 33063
YGR085C 3 65
YGR086C 14 227
YGR087C 68 1577
YGR088W 24 677
YGR089W 26 742
YGR090W 34 558
YGR091W 12 187
YGR092W 14 432
YGR093W 31 617
YGR094W 39 1153
YGR095C 14 162
YGR096W 43 9234
YGR097W 32 952
YGR098C 19 165
YGR099W 19 611
YGR100W 49 1004
YGR101W 16 412
YGR102C 3 120
YGR103W 17 488
YGR104C 8 126
YGR105W 1 3
YGR106C 14 274
YGR107W 42 2475
YGR108W 10 200
YGR109C 13 415
YGR110W 9 358
YGR111W 14 214
YGR112W 7 78
YGR113W 16 261
YGR114C 1 4
YGR115C 4 10
YGR116W 20 448
YGR117C 11 290
YGR118W 4 16
YGR119C 11 303
YGR120C 2 5
YGR121C 51 2212
YGR121W-A 25 8696
YGR122W 18 678
YGR122C-A 0 0
YGR123C 22 563
YGR124W 32 1345
YGR125W 37 1058
YGR126W 9 210
YGR127W 21 975
YGR128C 4 21
YGR129W 10 577
YGR130C 40 1271
YGR131W 9 613
YGR132C 13 101
YGR133W 16 324
YGR134W 42 1182
YGR135W 7 160
YGR136W 6 79
YGR137W 0 0
YGR138C 14 80
YGR139W 6 83
YGR140W 35 646
YGR141W 29 448
YGR142W 6 81
YGR143W 35 1236
YGR144W 18 101
YGR145W 15 182
YGR146C 10 1711
YGR146C-A 9 208
YGR147C 14 413
YGR148C 14 218
YGR149W 16 345
YGR150C 15 1576
YGR151C 2 105
YGR152C 7 186
YGR153W 15 215
YGR154C 12 503
YGR155W 17 241
YGR156W 25 600
YGR157W 27 950
YGR158C 16 620
YGR159C 14 360
YGR160W 2 23
YGR161C 24 591
YGR161W-C 11 365
YGR162W 25 523
YGR163W 6 332
YGR164W 15 19318
YGR165W 7 367
YGR166W 13 90
YGR167W 12 283
YGR168C 10 165
YGR169C 22 455
YGR169C-A 1 1
YGR170W 53 1255
YGR171C 9 154
YGR172C 8 83
YGR173W 18 813
YGR174C 11 126
YGR174W-A 1 1
YGR175C 22 987
YGR176W 33 1281
YGR177C 65 4030
YGR178C 27 2500
YGR179C 22 860
YGR180C 18 844
YGR181W 12 322
YGR182C 14 668
YGR183C 5 98
YGR184C 90 2331
YGR185C 17 1324
YGR186W 15 224
YGR187C 1 35
YGR188C 18 234
YGR189C 17 434
YGR190C 7 76
YGR191W 19 646
YGR192C 21 423
YGR193C 13 2471
YGR194C 20 332
YGR195W 14 385
YGR196C 17 601
YGR197C 46 3496
YGR198W 22 251
YGR199W 39 1520
YGR200C 34 657
YGR201C 17 2632
YGR202C 20 430
YGR203W 46 1679
YGR204W 65 2105
YGR204C-A 1 1
YGR205W 13 278
YGR206W 2 37
YGR207C 6 74
YGR208W 22 1238
YGR209C 6 213
YGR210C 60 1249
YGR211W 31 835
YGR212W 12 402
YGR213C 23 903
YGR214W 11 197
YGR215W 5 149
YGR216C 13 269
YGR217W 65 1984
YGR218W 23 354
YGR219W 4 15
YGR220C 13 747
YGR221C 32 830
YGR222W 12 189
YGR223C 20 321
YGR224W 31 981
YGR225W 16 236
YGR226C 1 15
YGR227W 11 571
YGR228W 5 52
YGR229C 28 603
YGR230W 22 2233
YGR231C 16 164
YGR232W 15 427
YGR233C 40 720
YGR234W 10 248
YGR235C 12 314
YGR236C 18 239
YGR237C 33 510
YGR238C 43 1130
YGR239C 35 4301
YGR240C 48 606
YGR240C-A 16 5564
YGR241C 25 567
YGR242W 5 58
YGR243W 9 50
YGR244C 42 4227
YGR245C 34 2046
YGR246C 15 340
YGR247W 19 261
YGR248W 18 9030
YGR249W 16 1318
YGR250C 41 1417
YGR251W 9 178
YGR252W 21 414
YGR253C 10 119
YGR254W 24 372
YGR255C 29 592
YGR256W 36 1589
YGR257C 23 563
YGR258C 56 2370
YGR259C 4 5241
YGR260W 28 5774
YGR261C 20 467
YGR262C 11 580
YGR263C 24 569
YGR264C 23 551
YGR265W 12 270
YGR266W 38 1202
YGR267C 16 1907
YGR268C 25 1535
YGR269W 12 1005
YGR270W 51 1509
YGR270C-A 11 627
YGR271W 87 2087
YGR271C-A 4 78
YGR273C 0 0
YGR274C 20 611
YGR275W 8 365
YGR276C 14 828
YGR277C 9 1538
YGR278W 10 106
YGR279C 17 1168
YGR280C 23 761
YGR281W 63 1677
YGR282C 16 773
YGR283C 16 491
YGR284C 10 180
YGR285C 14 343
YGR286C 18 296
YGR287C 37 953
YGR288W 20 389
YGR289C 17 374
YGR290W 2 16
YGR291C 6 104
YGR292W 5 165
YGR293C 0 0
YGR294W 1 1
YGR295C 13 329
YGR296W 0 0
YGR296C-A 0 0
YGR296C-B 0 0
YHL050C 0 0
YHL050W-A 0 0
YHL049C 0 0
YHL048C-A 3 9
YHL048W 9 100
YHL047C 19 214
YHL046W-A 3 25
YHL046C 2 3
YHL045W 6 109
YHL044W 13 359
YHL043W 5 157
YHL042W 27 3113
YHL041W 19 612
YHL040C 30 1136
YHL039W 15 765
YHL038C 20 320
YHL037C 29 3368
YHL036W 47 3594
YHL035C 47 1187
YHL034W-A 3 10
YHL034C 5 13
YHL033C 11 133
YHL032C 51 26008
YHL031C 26 1480
YHL030W-A 15 482
YHL030W 60 2173
YHL029C 33 746
YHL028W 30 785
YHL027W 51 2425
YHL026C 32 1670
YHL025W 71 3889
YHL024W 49 1788
YHL023C 29 480
YHL022C 7 100
YHL021C 33 838
YHL020C 31 871
YHL019W-A 10 1002
YHL019C 22 1326
YHL018W 12 2501
YHL017W 11 1131
YHL016C 29 574
YHL015W-A 3 33
YHL015W 0 0
YHL014C 15 339
YHL013C 10 64
YHL012W 25 1215
YHL011C 9 362
YHL010C 27 442
YHL009C 9 548
YHL008C 13 136
YHL007C 54 1545
YHL006W-A 13 846
YHL006C 40 21495
YHL005C 29 2864
YHL004W 23 364
YHL003C 16 526
YHL002C-A 12 337
YHL002W 34 1011
YHL001W 17 694
YHR001W 63 31568
YHR001W-A 20 1858
YHR002W 46 1495
YHR003C 34 615
YHR004C 22 796
YHR005C 8 175
YHR005C-A 9 56
YHR006W 20 228
YHR007C 18 437
YHR007C-A 21 1137
YHR008C 10 271
YHR009C 30 1029
YHR010W 3 11
YHR011W 12 322
YHR012W 5 61
YHR013C 6 377
YHR014W 5 58
YHR015W 7 100
YHR016C 15 495
YHR017W 16 1344
YHR018C 18 322
YHR019C 20 197
YHR020W 18 237
YHR021C 8 154
YHR021W-A 4 58
YHR022C 10 816
YHR022C-A 3 103
YHR023W 54 1413
YHR024C 17 247
YHR025W 10 144
YHR026W 7 119
YHR027C 22 328
YHR028C 32 2217
YHR028W-A 12 25576
YHR029C 15 321
YHR030C 20 535
YHR031C 49 1804
YHR032W 66 2512
YHR032W-A 10 2047
YHR032C-A 10 234
YHR033W 80 6558
YHR034C 38 1773
YHR035W 35 825
YHR036W 21 2452
YHR037W 20 712
YHR038W 3 27
YHR039C 21 494
YHR039C-A 0 0
YHR040W 22 350
YHR041C 13 163
YHR042W 20 275
YHR043C 15 271
YHR044C 13 245
YHR045W 20 177
YHR046C 18 548
YHR047C 32 806
YHR048W 34 672
YHR049W 24 765
YHR049C-A 12 2749
YHR050W 48 2075
YHR050W-A 8 150
YHR051W 9 122
YHR052W 9 192
YHR052W-A 0 0
YHR053C 0 0
YHR054C 0 0
YHR054W-A 0 0
YHR055C 0 0
YHR056C 34 2899
YHR056W-A 12 2271
YHR057C 18 212
YHR058C 17 420
YHR059W 5 91
YHR060W 2 7
YHR061C 13 339
YHR062C 13 263
YHR063C 9 44
YHR063W-A 7 366
YHR064C 9 241
YHR065C 27 834
YHR066W 11 499
YHR067W 16 407
YHR068W 16 386
YHR069C 11 251
YHR069C-A 6 234
YHR070W 48 7344
YHR070C-A 39 7266
YHR071W 29 974
YHR071C-A 14 321
YHR072W 40 1050
YHR072W-A 0 0
YHR073W 36 801
YHR073W-A 5 226
YHR073C-B 1 6
YHR074W 26 844
YHR075C 18 509
YHR076W 8 391
YHR077C 24 177
YHR078W 17 416
YHR079C 41 677
YHR079C-A 2 13
YHR080C 73 3143
YHR081W 4 35
YHR082C 45 2001
YHR083W 21 451
YHR084W 21 668
YHR085W 6 347
YHR086W 25 640
YHR086W-A 9 266
YHR087W 20 507
YHR088W 2 16
YHR089C 4 81
YHR090C 3 136
YHR091C 28 363
YHR092C 21 556
YHR093W 7 237
YHR094C 18 403
YHR095W 10 210
YHR096C 36 950
YHR097C 17 464
YHR098C 23 686
YHR099W 87 1897
YHR100C 6 72
YHR101C 9 225
YHR102W 17 167
YHR103W 27 313
YHR104W 5 75
YHR105W 3 66
YHR106W 7 29
YHR107C 6 479
YHR108W 26 532
YHR109W 14 415
YHR110W 4 94
YHR111W 11 261
YHR112C 23 1841
YHR113W 17 490
YHR114W 34 447
YHR115C 28 454
YHR116W 12 338
YHR117W 32 900
YHR118C 11 220
YHR119W 30 763
YHR120W 21 428
YHR121W 7 223
YHR122W 13 199
YHR123W 15 542
YHR124W 26 2575
YHR125W 3 122
YHR126C 14 630
YHR127W 4 32
YHR128W 5 654
YHR129C 11 196
YHR130C 2 4
YHR131C 26 487
YHR131W-A 5 172
YHR132C 27 344
YHR132W-A 5 193
YHR133C 9 51
YHR134W 8 66
YHR135C 42 1852
YHR136C 11 127
YHR137W 13 212
YHR137C-A 8 203
YHR138C 8 99
YHR139C 19 339
YHR139C-A 14 693
YHR140W 23 949
YHR141C 1 1
YHR142W 14 148
YHR143W 5 572
YHR143W-A 0 0
YHR144C 8 198
YHR145C 4 8
YHR146W 9 273
YHR147C 5 38
YHR148W 8 299
YHR149C 24 526
YHR150W 27 826
YHR151C 20 172
YHR152W 12 1354
YHR153C 8 124
YHR154W 44 1308
YHR155W 27 485
YHR156C 29 1134
YHR157W 7 109
YHR158C 27 649
YHR159W 27 2088
YHR160C 9 284
YHR161C 42 1664
YHR162W 0 0
YHR163W 6 217
YHR164C 35 462
YHR165C 62 1068
YHR165W-A 5 88
YHR166C 25 988
YHR167W 10 213
YHR168W 22 690
YHR169W 23 725
YHR170W 11 440
YHR171W 17 247
YHR172W 34 5330
YHR173C 29 2139
YHR174W 22 219
YHR175W 14 648
YHR175W-A 3 25
YHR176W 24 508
YHR177W 21 823
YHR178W 43 1134
YHR179W 23 117
YHR180W 10 101
YHR180W-A 3 120
YHR180C-B 1 8
YHR181W 8 296
YHR182W 47 1152
YHR182C-A 11 311
YHR183W 30 753
YHR184W 14 136
YHR185C 6 97
YHR186C 44 1456
YHR187W 5 20
YHR188C 23 542
YHR189W 13 252
YHR190W 23 505
YHR191C 1 24
YHR192W 12 660
YHR193C 5 80
YHR193C-A 5 38
YHR194W 38 694
YHR195W 13 241
YHR196W 16 284
YHR197W 8 121
YHR198C 16 355
YHR199C 20 1302
YHR199C-A 7 101
YHR200W 15 144
YHR201C 8 258
YHR202W 24 483
YHR203C 7 117
YHR204W 44 2434
YHR205W 10 155
YHR206W 22 701
YHR207C 29 479
YHR208W 20 398
YHR209W 9 41
YHR210C 12 488
YHR211W 32 446
YHR212C 0 0
YHR212W-A 0 0
YHR213W 0 0
YHR213W-A 0 0
YHR213W-B 15 427
YHR214W 0 0
YHR214W-A 0 0
YHR214C-D 0 0
YHR214C-E 1 24
YHR215W 2 3
YHR216W 22 9591
YHR217C 13 49
YHR218W 0 0
YHR218W-A 0 0
YHR219W 0 0
YHR219C-A 0 0
YIL177C 0 0
YIL177W-A 0 0
YIL176C 0 0
YIL173W 0 0
YIL172C 0 0
YIL171W-A 0 0
YIL169C 11 134
YIL166C 21 535
YIL165C 12 340
YIL164C 22 384
YIL163C 17 1042
YIL162W 56 3437
YIL161W 5 25
YIL160C 20 244
YIL159W 50 1675
YIL158W 8 702
YIL157C 14 310
YIL156W-A 10 267
YIL156W-B 6 199
YIL156W 48 3656
YIL155C 79 3591
YIL154C 85 2971
YIL153W 22 279
YIL152W 26 829
YIL151C 25 470
YIL150C 16 1572
YIL149C 44 1157
YIL148W 3 47
YIL147C 25 410
YIL146C 7 434
YIL145C 14 157
YIL144W 16 498
YIL143C 25 1139
YIL142C-A 5 195
YIL142W 34 921
YIL141W 8 671
YIL140W 24 461
YIL139C 18 327
YIL138C 8 415
YIL137C 38 1061
YIL136W 21 300
YIL135C 31 1033
YIL134C-A 13 230
YIL134W 16 450
YIL133C 5 60
YIL132C 18 1135
YIL131C 40 1112
YIL130W 32 256681
YIL129C 61 1017
YIL128W 30 1138
YIL127C 6 112
YIL126W 27 493
YIL125W 70 2475
YIL124W 10 69
YIL123W 44 1350
YIL122W 20 191
YIL121W 31 1158
YIL120W 38 2470
YIL119C 13 348
YIL118W 16 351
YIL117C 16 325
YIL116W 10 280
YIL115W-A 3 4
YIL115C 47 1005
YIL114C 4 483
YIL113W 22 1138
YIL112W 31 418
YIL111W 9 399
YIL110W 14 343
YIL109C 53 1334
YIL108W 40 1069
YIL107C 36 993
YIL106W 12 569
YIL105C 41 1003
YIL105W-A 3 40
YIL104C 23 586
YIL103W 11 213
YIL102C-A 7 90
YIL102C 1 36
YIL101C 36 3146
YIL100C-A 32 1791
YIL100W 32 1791
YIL099W 31 1217
YIL098C 4 69
YIL097W 19 400
YIL096C 17 434
YIL095W 22 485
YIL094C 16 353
YIL093C 19 270
YIL092W 31 535
YIL091C 30 1062
YIL090W 16 291
YIL089W 8 84
YIL088C 24 565
YIL087C 2 185
YIL086C 15 201
YIL085C 35 1461
YIL084C 20 345
YIL083C 6 168
YIL082W 10 234
YIL079C 15 368
YIL078W 30 1265
YIL077C 36 1402
YIL076W 9 174
YIL075C 28 396
YIL074C 57 1297
YIL073C 18 953
YIL072W 10 109
YIL071W-A 2 31
YIL071C 13 1868
YIL070C 6 30
YIL069C 9 179
YIL068W-A 8 209
YIL068C 18 479
YIL067C 37 666
YIL066W-A 6 158
YIL066C 28 367
YIL065C 12 311
YIL064W 31 3485
YIL063C 19 802
YIL062C 8 227
YIL061C 12 122
YIL060W 5 143
YIL059C 6 147
YIL058W 15 1036
YIL057C 20 16724
YIL056W 37 1138
YIL055C 33 489
YIL054W 26 775
YIL053W 17 692
YIL052C 0 0
YIL051C 18 1086
YIL050W 8 281
YIL049W 15 369
YIL048W 31 556
YIL047C-A 9 223
YIL047C 47 1127
YIL046W-A 32 4396
YIL046W 45 1001
YIL045W 24 1821
YIL044C 7 250
YIL043C 21 344
YIL042C 14 107
YIL041W 11 493
YIL040W 4 75
YIL039W 18 318
YIL038C 16 221
YIL037C 7 58
YIL036W 30 6069
YIL035C 14 451
YIL034C 34 604
YIL033C 24 1064
YIL032C 12 434
YIL031W 23 373
YIL030W-A 4 115
YIL030C 36 910
YIL029W-A 7 228
YIL029C 8 65
YIL028W 2 143
YIL027C 8 137
YIL026C 35 1445
YIL025C 1 60
YIL024C 7 43
YIL023C 24 825
YIL022W 9 121
YIL021W 16 368
YIL021C-A 1 32
YIL020C-A 6 140
YIL020C 11 367
YIL019W 14 471
YIL018W 1 1
YIL017C 40 608
YIL016W 1 1
YIL015W 13 263
YIL014C-A 1 2
YIL014W 12 193
YIL013C 39 677
YIL012W 17 2718
YIL011W 8 333
YIL010W 15 277
YIL009C-A 12 770
YIL009W 33 1501
YIL008W 8 87
YIL007C 16 269
YIL006W 17 698
YIL005W 36 3088
YIL004C 11 183
YIL003W 38 935
YIL002W-A 9 191
YIL002C 76 9624
YIL001W 82 6119
YIR001C 29 2302
YIR002C 68 2391
YIR003W 31 1113
YIR004W 14 157
YIR005W 8 144
YIR006C 45 2391
YIR007W 15 424
YIR008C 6 177
YIR009W 4 25
YIR010W 22 344
YIR011C 3 21
YIR012W 14 495
YIR013C 9 421
YIR014W 16 405
YIR015W 22 6188
YIR016W 26 1012
YIR017C 26 953
YIR017W-A 32 1479
YIR018W 19 550
YIR018C-A 8 245
YIR019C 26 349
YIR020C 3 247
YIR020W-A 10 916
YIR020C-B 10 269
YIR021W 16 400
YIR021W-A 12 1270
YIR022W 5 71
YIR023W 36 1074
YIR023C-A 4 52
YIR024C 8 186
YIR025W 10 158
YIR026C 10 283
YIR027C 10 431
YIR028W 31 598
YIR029W 16 296
YIR030C 6 32
YIR030W-A 7 136
YIR031C 25 643
YIR032C 9 513
YIR033W 32 555
YIR034C 28 4333
YIR035C 14 348
YIR036C 11 137
YIR036W-A 5 103
YIR037W 4 88
YIR038C 11 108
YIR039C 6 65
YIR040C 1 1
YIR041W 1 23
YIR042C 2 47
YJL225C 0 0
YJL225W-A 0 0
YJL223C 0 0
YJL222W-B 0 0
YJL222W-A 0 0
YJL222W 2 33
YJL221C 0 0
YJL220W 0 0
YJL219W 10 1029
YJL218W 8 70
YJL217W 13 388
YJL216C 26 879
YJL215C 14 289
YJL214W 22 988
YJL213W 18 465
YJL212C 38 1192
YJL211C 32 3335
YJL210W 35 1524
YJL209W 27 669
YJL208C 18 452
YJL207C 66 2257
YJL206C 34 955
YJL205C 6 181
YJL204C 12 229
YJL203W 3 62
YJL202C 9 235
YJL201W 26 591
YJL200C 55 1634
YJL199C 7 119
YJL198W 29 728
YJL197W 44 3175
YJL197C-A 3 478
YJL196C 19 456
YJL195C 11 227
YJL194W 18 478
YJL193W 7 107
YJL192C 15 1144
YJL191W 33 2848
YJL190C 7 164
YJL189W 4 201
YJL188C 3 160
YJL187C 35 871
YJL186W 27 532
YJL185C 14 262
YJL184W 8 149
YJL183W 38 2364
YJL182C 16 278
YJL181W 20 2853
YJL180C 6 177
YJL179W 4 76
YJL178C 13 245
YJL177W 3 39
YJL176C 12 228
YJL175W 3 109
YJL174W 6 139
YJL173C 1 2
YJL172W 28 554
YJL171C 10 380
YJL170C 18 1654
YJL169W 3 13
YJL168C 28 686
YJL167W 9 148
YJL166W 8 101
YJL165C 36 1213
YJL164C 13 480
YJL163C 33 647
YJL162C 22 1509
YJL161W 9 231
YJL160C 6 143
YJL159W 6 33
YJL158C 17 207
YJL157C 84 2356
YJL156W-A 19 2088
YJL156C 47 1470
YJL155C 21 939
YJL154C 38 1073
YJL153C 22 791
YJL152W 35 2573
YJL151C 23 841
YJL150W 20 1036
YJL149W 30 1358
YJL148W 6 876
YJL147C 12 91
YJL146W 22 265
YJL145W 10 129
YJL144W 8 200
YJL143W 8 101
YJL142C 3 43
YJL141C 38 1167
YJL140W 7 63
YJL139C 18 778
YJL138C 2 9
YJL137C 26 1000
YJL136W-A 4 49
YJL136C 3 4
YJL135W 13 1347
YJL134W 16 253
YJL133C-A 11 388
YJL133W 22 1612
YJL132W 35 773
YJL131C 7 82
YJL130C 99 3654
YJL129C 45 870
YJL128C 30 1395
YJL127W-A 9 691
YJL127C-B 2 29
YJL127C 40 2023
YJL126W 22 567
YJL125C 17 217
YJL124C 4 329
YJL123C 15 569
YJL122W 6 98
YJL121C 13 159
YJL120W 9 169
YJL119C 16 909
YJL118W 16 993
YJL117W 19 475
YJL116C 26 632
YJL115W 8 308
YJL112W 31 784
YJL111W 13 95
YJL110C 6 71
YJL109C 47 1110
YJL108C 10 332
YJL107C 27 858
YJL106W 30 722
YJL105W 10 47
YJL104W 2 67
YJL103C 27 859
YJL102W 27 284
YJL101C 33 706
YJL100W 34 446
YJL099W 44 2384
YJL098W 41 1300
YJL097W 7 127
YJL096W 6 29
YJL095W 35 398
YJL094C 35 458
YJL093C 16 421
YJL092W 32 344
YJL091C 14 101
YJL090C 19 227
YJL089W 22 380
YJL088W 25 391
YJL087C 17 563
YJL086C 9 203
YJL085W 16 284
YJL084C 24 333
YJL083W 41 2038
YJL082W 35 888
YJL081C 7 244
YJL080C 35 786
YJL079C 16 3287
YJL078C 63 10748
YJL077W-B 9 218
YJL077C 33 8177
YJL077W-A 7 773
YJL076W 41 610
YJL075C 2 25
YJL074C 20 338
YJL073W 24 482
YJL072C 8 294
YJL071W 17 616
YJL070C 21 464
YJL069C 12 322
YJL068C 9 129
YJL067W 6 178
YJL066C 18 1203
YJL065C 14 251
YJL064W 11 130
YJL063C 12 399
YJL062W-A 14 260
YJL062W 16 320
YJL061W 5 119
YJL060W 10 295
YJL059W 19 478
YJL058C 21 405
YJL057C 12 195
YJL056C 40 729
YJL055W 11 143
YJL054W 15 323
YJL053W 12 145
YJL052C-A 16 9504
YJL052W 19 895
YJL051W 37 656
YJL050W 27 541
YJL049W 9 129
YJL048C 22 281
YJL047C-A 4 165
YJL047C 22 702
YJL046W 8 205
YJL045W 23 1382
YJL044C 12 189
YJL043W 47 19862
YJL042W 51 1305
YJL041W 10 197
YJL039C 29 476
YJL038C 1 9
YJL037W 16 487
YJL036W 14 392
YJL035C 19 457
YJL034W 27 516
YJL033W 21 167
YJL032W 5 36
YJL031C 7 96
YJL030W 16 937
YJL029C 23 702
YJL028W 25 80290
YJL027C 43 14930
YJL026W 12 389
YJL026C-A 1 2
YJL025W 21 542
YJL024C 6 26
YJL023C 13 343
YJL022W 7 64
YJL020C 40 1466
YJL020W-A 0 0
YJL019W 43 889
YJL016W 25 511
YJL015C 13 623
YJL014W 10 307
YJL013C 8 248
YJL012C 31 606
YJL011C 1 25
YJL010C 4 184
YJL009W 3 106
YJL008C 12 126
YJL007C 14 445
YJL006C 4 61
YJL005W 65 1132
YJL004C 26 820
YJL003W 9 268
YJL002C 33 1103
YJL001W 29 1048
YJR001W 97 8752
YJR002W 22 413
YJR003C 32 576
YJR004C 47 1774
YJR005W 31 501
YJR005C-A 0 0
YJR006W 11 153
YJR007W 1 12
YJR008W 31 1113
YJR009C 18 1039
YJR010W 33 1774
YJR010C-A 7 70
YJR011C 12 192
YJR012C 16 926
YJR013W 11 300
YJR014W 8 50
YJR015W 18 317
YJR016C 14 434
YJR017C 12 197
YJR018W 12 153
YJR019C 27 945
YJR020W 14 319
YJR021C 27 427
YJR022W 1 6
YJR023C 2 7
YJR024C 5 63
YJR025C 3 42
YJR030C 33 721
YJR031C 40 640
YJR032W 8 178
YJR033C 36 630
YJR034W 9 43
YJR035W 27 533
YJR036C 24 527
YJR037W 3 38
YJR038C 9 64
YJR039W 40 693
YJR040W 15 157
YJR041C 11 132
YJR042W 12 139
YJR043C 10 215
YJR044C 9 204
YJR045C 16 482
YJR046W 22 515
YJR047C 7 259
YJR048W 12 377
YJR049C 25 684
YJR050W 12 564
YJR051W 37 1587
YJR052W 21 791
YJR053W 30 1201
YJR054W 14 191
YJR055W 9 237
YJR056C 5 97
YJR057W 4 426
YJR058C 11 652
YJR059W 25 854
YJR060W 15 359
YJR061W 47 1028
YJR062C 12 140
YJR063W 4 26
YJR064W 27 845
YJR065C 21 396
YJR066W 77 1594
YJR067C 8 219
YJR068W 12 254
YJR069C 10 285
YJR070C 12 200
YJR071W 9 266
YJR072C 24 664
YJR073C 15 351
YJR074W 20 390
YJR075W 18 438
YJR076C 13 244
YJR077C 24 676
YJR078W 37 1409
YJR079W 15 617
YJR080C 15 516
YJR082C 4 95
YJR083C 5 45
YJR084W 15 276
YJR085C 2 45
YJR086W 6 118
YJR087W 5 58
YJR088C 18 626
YJR089W 25 401
YJR090C 20 633
YJR091C 46 1697
YJR092W 44 924
YJR093C 24 493
YJR094C 14 350
YJR094W-A 13 86
YJR095W 13 159
YJR096W 17 804
YJR097W 4 50
YJR098C 20 315
YJR099W 8 166
YJR100C 19 666
YJR101W 6 418
YJR102C 15 233
YJR103W 57 3520
YJR104C 16 654
YJR105W 24 521
YJR106W 18 293
YJR107W 15 475
YJR108W 22 1264
YJR109C 50 1342
YJR110W 46 1095
YJR111C 22 312
YJR112W 15 636
YJR112W-A 14 115
YJR113C 20 565
YJR114W 14 817
YJR115W 51 1242
YJR116W 22 679
YJR117W 20 457
YJR118C 6 177
YJR119C 52 1563
YJR120W 21 1354
YJR121W 24 392
YJR122W 34 1111
YJR123W 2 3
YJR124C 25 852
YJR125C 14 267
YJR126C 35 590
YJR127C 67 1789
YJR128W 19 1074
YJR129C 49 4943
YJR130C 21 364
YJR131W 33 626
YJR132W 29 585
YJR133W 6 162
YJR134C 12 401
YJR135C 14 677
YJR135W-A 3 6
YJR136C 6 49
YJR137C 51 1592
YJR138W 63 1271
YJR139C 18 168
YJR140C 31 1023
YJR140W-A 2 6
YJR141W 3 195
YJR142W 19 1015
YJR143C 19 289
YJR144W 18 439
YJR145C 4 16
YJR146W 15 246
YJR147W 19 2164
YJR148W 45 1184
YJR149W 18 929
YJR150C 8 40
YJR151C 13 324
YJR151W-A 0 0
YJR152W 14 371
YJR153W 12 885
YJR154W 16 226
YJR155W 17 403
YJR156C 3 138
YJR157W 0 0
YJR158W 0 0
YJR159W 1 11
YJR160C 1 6
YJR161C 0 0
YJR162C 3 9
YKL225W 5 21
YKL224C 3 12
YKL223W 8 208
YKL222C 25 775
YKL221W 23 681
YKL220C 18 1395
YKL219W 9 187
YKL218C 39 986
YKL217W 49 1581
YKL216W 3 4
YKL215C 48 917
YKL214C 11 294
YKL213C 31 847
YKL212W 17 341
YKL211C 25 447
YKL210W 36 786
YKL209C 54 1998
YKL208W 13 271
YKL207W 8 90
YKL206C 12 126
YKL205W 40 2366
YKL204W 18 175
YKL203C 74 1689
YKL202W 1 2
YKL201C 43 1650
YKL198C 216 53049
YKL197C 58 2141
YKL196C 8 55
YKL195W 16 403
YKL194C 22 1250
YKL193C 18 773
YKL192C 7 148
YKL191W 26 373
YKL190W 1 117
YKL189W 11 118
YKL188C 29 609
YKL187C 66 2857
YKL186C 27 1613
YKL185W 31 1673
YKL184W 14 471
YKL183C-A 16 2014
YKL183W 41 3977
YKL182W 100 3504
YKL181W 15 355
YKL180W 2 83
YKL179C 22 483
YKL178C 18 476
YKL177W 5 358
YKL176C 26 336
YKL175W 39 1557
YKL174C 16 259
YKL173W 20 391
YKL172W 7 52
YKL171W 25 1842
YKL170W 5 117
YKL169C 3 32
YKL168C 32 5554
YKL167C 5 24
YKL166C 8 223
YKL165C-A 6 55
YKL165C 36 718
YKL164C 6 43
YKL163W 8 171
YKL162C-A 6 42
YKL162C 16 224
YKL161C 12 152
YKL160W 1 1
YKL159C 8 71
YKL157W 48 1638
YKL156W 7 151
YKL156C-A 0 0
YKL155C 18 299
YKL154W 13 232
YKL153W 13 247
YKL152C 19 300
YKL151C 41 1340
YKL150W 33 803
YKL149C 17 288
YKL148C 79 2868
YKL147C 34 3400
YKL146W 47 1679
YKL145W 12 179
YKL145W-A 0 0
YKL144C 5 103
YKL143W 16 549
YKL142W 2 7
YKL141W 7 17
YKL140W 17 354
YKL139W 11 56
YKL138C-A 5 27
YKL138C 5 23
YKL137W 1 16
YKL136W 3 70
YKL135C 20 544
YKL134C 21 591
YKL133C 16 350
YKL132C 18 409
YKL131W 3 32
YKL130C 2 14
YKL129C 34 1321
YKL128C 34 1015
YKL127W 27 639
YKL126W 14 198
YKL125W 24 311
YKL124W 17 280
YKL123W 5 27
YKL122C 5 217
YKL121W 31 10384
YKL120W 18 510
YKL119C 6 145
YKL118W 7 98
YKL117W 9 150
YKL116C 22 1298
YKL115C 5 86
YKL114C 17 372
YKL113C 13 196
YKL112W 31 2828
YKL111C 3 34
YKL110C 18 778
YKL109W 49 754
YKL108W 12 168
YKL107W 8 45
YKL106C-A 3 41
YKL106W 16 358
YKL105C 43 651
YKL104C 37 765
YKL103C 32 1070
YKL102C 15 2707
YKL101W 46 1392
YKL100C 27 524
YKL100W-A 2 4
YKL099C 5 261
YKL098W 19 337
YKL097C 36 4298
YKL096C-B 0 0
YKL096W-A 0 0
YKL096W 27 1152
YKL095W 12 116
YKL094W 26 542
YKL093W 17 250
YKL092C 16 326
YKL091C 11 4115
YKL090W 33 1161
YKL089W 7 40
YKL088W 14 277
YKL087C 21 269
YKL086W 41 3301
YKL085W 18 354
YKL084W 19 2218
YKL083W 2 36
YKL082C 3 152
YKL081W 21 962
YKL080W 4 95
YKL079W 28 649
YKL078W 8 171
YKL077W 14 236
YKL076C 6 162
YKL075C 19 473
YKL074C 21 620
YKL073W 17 481
YKL072W 36 578
YKL071W 13 402
YKL070W 2 6
YKL069W 8 76
YKL068W-A 3 72
YKL068W 24 423
YKL067W 12 163
YKL066W 16 206
YKL065W-A 3 31
YKL065C 9 35
YKL064W 41 1104
YKL063C 8 73
YKL062W 14 312
YKL061W 1 5
YKL060C 28 1724
YKL059C 19 505
YKL058W 1 31
YKL057C 23 731
YKL056C 5 248
YKL055C 13 350
YKL054C 11 136
YKL053C-A 6 17
YKL053W 11 602
YKL052C 19 416
YKL051W 25 2081
YKL050C 38 874
YKL049C 4 42
YKL048C 6 88
YKL047W 32 676
YKL046C 21 260
YKL045W 26 691
YKL044W 10 72
YKL043W 23 488
YKL042W 7 50
YKL041W 2 3
YKL040C 9 390
YKL039W 34 1369
YKL038W 69 13115
YKL037W 25 737
YKL036C 16 387
YKL035W 30 1685
YKL034W 38 863
YKL033W-A 14 307
YKL033W 31 561
YKL032C 24 354
YKL031W 13 1910
YKL030W 48 1975
YKL029C 112 4342
YKL028W 8 173
YKL027W 27 427
YKL026C 8 336
YKL025C 30 1170
YKL024C 12 218
YKL023C-A 5 250
YKL023W 13 145
YKL022C 28 799
YKL021C 22 565
YKL020C 34 1026
YKL019W 13 279
YKL018C-A 6 140
YKL018W 7 107
YKL017C 18 418
YKL016C 4 128
YKL015W 42 993
YKL014C 37 413
YKL013C 3 11
YKL012W 13 314
YKL011C 19 295
YKL010C 50 1716
YKL009W 2 12
YKL008C 24 924
YKL007W 26 616
YKL006C-A 14 552
YKL006W 3 44
YKL005C 41 826
YKL004W 26 1087
YKL003C 9 282
YKL002W 19 221
YKL001C 10 566
YKR001C 35 1701
YKR002W 21 476
YKR003W 57 1107
YKR004C 29 422
YKR005C 37 1497
YKR006C 7 139
YKR007W 2 2
YKR008W 21 593
YKR009C 48 1262
YKR010C 30 541
YKR011C 14 177
YKR012C 11 68
YKR013W 15 1699
YKR014C 1 10
YKR015C 21 316
YKR016W 15 248
YKR017C 13 142
YKR018C 14 756
YKR019C 40 1341
YKR020W 3 36
YKR021W 26 614
YKR022C 8 69
YKR023W 21 849
YKR024C 20 682
YKR025W 7 120
YKR026C 10 271
YKR027W 41 937
YKR028W 38 526
YKR029C 9 155
YKR030W 7 93
YKR031C 46 826
YKR032W 8 459
YKR033C 3 58
YKR034W 10 292
YKR035C 2 84
YKR035W-A 2 84
YKR036C 28 1999
YKR037C 20 543
YKR038C 17 228
YKR039W 22 518
YKR040C 27 2920
YKR041W 45 6288
YKR042W 21 588
YKR043C 26 576
YKR044W 20 981
YKR045C 21 609
YKR046C 24 788
YKR047W 7 34
YKR048C 22 480
YKR049C 8 77
YKR050W 29 76763
YKR051W 22 504
YKR052C 12 240
YKR053C 28 1132
YKR054C 111 4319
YKR055W 10 243
YKR056W 30 792
YKR057W 11 93
YKR058W 22 399
YKR059W 4 90
YKR060W 15 1738
YKR061W 41 3432
YKR062W 8 131
YKR063C 16 512
YKR064W 27 1091
YKR065C 4 7
YKR066C 20 538
YKR067W 49 1213
YKR068C 12 356
YKR069W 38 1102
YKR070W 18 1514
YKR071C 8 194
YKR072C 19 411
YKR073C 18 935
YKR074W 8 419
YKR075C 14 575
YKR075W-A 10 545
YKR076W 24 439
YKR077W 7 218
YKR078W 21 354
YKR079C 24 873
YKR080W 18 346
YKR081C 7 180
YKR082W 18 491
YKR083C 6 79
YKR084C 27 457
YKR085C 13 603
YKR086W 30 688
YKR087C 12 378
YKR088C 17 364
YKR089C 32 524
YKR090W 24 2054
YKR091W 8 134
YKR092C 7 720
YKR093W 52 1406
YKR094C 9 303
YKR095W 37 1714
YKR095W-A 5 42
YKR096W 55 1520
YKR097W 41 1187
YKR098C 46 1019
YKR099W 28 766
YKR100C 9 117
YKR101W 34 717
YKR102W 18 306
YKR103W 33 479
YKR104W 8 122
YKR105C 3 12
YKR106W 5 131
YLL067C 0 0
YLL067W-A 0 0
YLL066W-B 4 7
YLL066C 0 0
YLL066W-A 0 0
YLL065W 3 85
YLL064C 0 0
YLL063C 25 486
YLL062C 12 53
YLL061W 24 645
YLL060C 13 334
YLL059C 33 2067
YLL058W 13 194
YLL057C 25 720
YLL056C 12 1503
YLL055W 11 206
YLL054C 19 271
YLL053C 11 179
YLL052C 7 403
YLL051C 41 5074
YLL050C 8 87
YLL049W 6 85
YLL048C 62 1850
YLL047W 5 365
YLL046C 8 371
YLL045C 11 352
YLL044W 13 386
YLL043W 17 199
YLL042C 6 20
YLL041C 30 503
YLL040C 108 3433
YLL039C 21 638
YLL038C 18 379
YLL037W 1 13
YLL036C 8 320
YLL035W 11 170
YLL034C 12 239
YLL033W 8 109
YLL032C 21 991
YLL031C 21 341
YLL030C 8 779
YLL029W 83 3413
YLL028W 58 3263
YLL027W 8 93
YLL026W 62 2145
YLL025W 6 85
YLL024C 20 316
YLL023C 19 155
YLL022C 18 341
YLL021W 38 806
YLL020C 6 103
YLL019C 19 203
YLL019W-A 1 4
YLL018C-A 3 37
YLL018C 18 435
YLL015W 37 1057
YLL014W 5 34
YLL013C 39 1459
YLL012W 34 1608
YLL011W 17 275
YLL010C 28 18305
YLL009C 1 2
YLL008W 11 392
YLL007C 19 263
YLL006W-A 4 236
YLL006W 10 132
YLL005C 25 345
YLL004W 19 288
YLL003W 27 341
YLL002W 33 1476
YLL001W 65 1498
YLR001C 86 6228
YLR002C 19 485
YLR003C 8 213
YLR004C 37 899
YLR005W 27 709
YLR006C 39 2797
YLR007W 16 374
YLR008C 5 58
YLR009W 4 23
YLR010C 2 25
YLR011W 12 380
YLR012C 3 40
YLR013W 3 73
YLR014C 39 1429
YLR015W 26 685
YLR016C 18 320
YLR017W 18 636
YLR018C 10 136
YLR019W 28 1620
YLR020C 19 984
YLR021W 6 96
YLR022C 11 197
YLR023C 24 759
YLR024C 94 4073
YLR025W 4 170
YLR026C 3 20
YLR027C 23 706
YLR028C 57 2626
YLR029C 2 3
YLR030W 13 75
YLR031W 5 49
YLR032W 21 332
YLR033W 7 171
YLR034C 15 219
YLR035C 26 487
YLR036C 4 41
YLR037C 2 72
YLR038C 8 123
YLR039C 29 1129
YLR040C 11 172
YLR041W 8 161
YLR042C 9 706
YLR043C 2 17
YLR044C 57 2340
YLR045C 39 994
YLR046C 8 141
YLR047C 28 526
YLR048W 4 30
YLR049C 13 192
YLR050C 9 235
YLR051C 8 332
YLR052W 2 64
YLR053C 1 6
YLR054C 28 1091
YLR055C 32 610
YLR056W 17 1802
YLR057W 43 677
YLR058C 32 1100
YLR059C 54 4795
YLR060W 22 589
YLR061W 4 69
YLR062C 3 67
YLR063W 10 144
YLR064W 5 619
YLR065C 1 4
YLR066W 12 93
YLR067C 30 636
YLR068W 7 554
YLR069C 35 781
YLR070C 30 382
YLR071C 26 357
YLR072W 21 1494
YLR073C 22 723
YLR074C 14 1570
YLR075W 6 31
YLR076C 1 1
YLR077W 37 1402
YLR078C 23 166
YLR079W 11 305
YLR080W 29 1237
YLR081W 68 21152
YLR082C 17 474
YLR083C 25 589
YLR084C 56 2327
YLR085C 29 1102
YLR086W 30 532
YLR087C 91 3112
YLR088W 15 231
YLR089C 8 86
YLR090W 28 668
YLR091W 28 803
YLR092W 49 29948
YLR093C 13 344
YLR094C 40 602
YLR095C 42 605
YLR096W 29 598
YLR097C 8 250
YLR098C 21 654
YLR099C 22 325
YLR099W-A 23 699
YLR100W 25 457
YLR101C 13 876
YLR102C 10 89
YLR103C 11 146
YLR104W 6 126
YLR105C 14 199
YLR106C 96 1916
YLR107W 27 2195
YLR108C 20 246
YLR109W 21 439
YLR110C 3 6
YLR111W 16 2614
YLR112W 35 2094
YLR113W 43 1105
YLR114C 25 322
YLR115W 21 609
YLR116W 13 390
YLR117C 29 864
YLR118C 4 51
YLR119W 15 311
YLR120C 25 378
YLR120W-A 4 561
YLR121C 20 1054
YLR122C 6 74
YLR123C 5 51
YLR124W 3 61
YLR125W 3 47
YLR126C 7 68
YLR127C 22 288
YLR128W 10 82
YLR129W 14 315
YLR130C 27 479
YLR131C 30 843
YLR132C 10 222
YLR133W 12 156
YLR134W 21 1266
YLR135W 26 1205
YLR136C 9 119
YLR137W 39 3701
YLR138W 38 1244
YLR139C 19 244
YLR140W 17 929
YLR141W 69 2272
YLR142W 30 404
YLR143W 18 169
YLR144C 29 675
YLR145W 1 23
YLR146C 19 345
YLR146W-A 2 13
YLR147C 4 14
YLR148W 28 575
YLR149C 20 432
YLR149C-A 3 22
YLR150W 7 136
YLR151C 15 2515
YLR152C 17 181
YLR153C 38 910
YLR154C 12 175
YLR154W-A 0 0
YLR154W-B 0 0
YLR154W-C 0 0
YLR154W-E 0 0
YLR154W-F 0 0
YLR154C-G 0 0
YLR154C-H 0 0
YLR155C 0 0
YLR156W 0 0
YLR156C-A 0 0
YLR157C 0 0
YLR157W-D 0 0
YLR157W-E 0 0
YLR157C-C 0 0
YLR158C 0 0
YLR159W 0 0
YLR159C-A 0 0
YLR160C 0 0
YLR161W 0 0
YLR162W 2 6
YLR162W-A 2 109
YLR163C 24 313
YLR163W-A 0 0
YLR164W 4 110
YLR165C 6 9
YLR166C 17 347
YLR167W 11 130
YLR168C 22 691
YLR169W 23 2349
YLR170C 13 265
YLR171W 12 387
YLR172C 16 558
YLR173W 49 1456
YLR174W 33 800
YLR175W 22 416
YLR176C 35 667
YLR177W 23 600
YLR178C 16 368
YLR179C 22 1407
YLR180W 32 493
YLR181C 16 265
YLR182W 8 71
YLR183C 21 425
YLR184W 6 155
YLR185W 8 83
YLR186W 16 182
YLR187W 26 320
YLR188W 29 368
YLR189C 54 1546
YLR190W 34 2400
YLR191W 16 319
YLR192C 6 55
YLR193C 5 11
YLR194C 16 372
YLR195C 12 103
YLR196W 25 408
YLR197W 7 239
YLR198C 0 0
YLR199C 15 310
YLR200W 0 0
YLR201C 12 47
YLR202C 15 483
YLR203C 20 547
YLR204W 3 17
YLR205C 41 760
YLR206W 13 282
YLR207W 43 1207
YLR208W 13 135
YLR209C 22 961
YLR210W 10 126
YLR211C 6 58
YLR212C 18 113
YLR213C 47 2308
YLR214W 32 602
YLR215C 7 142
YLR216C 33 2802
YLR217W 20 2653
YLR218C 17 855
YLR219W 20 243
YLR220W 9 164
YLR221C 10 142
YLR222C 18 504
YLR222C-A 0 0
YLR223C 29 404
YLR224W 16 275
YLR225C 6 18
YLR226W 13 147
YLR227C 28 1004
YLR228C 30 1543
YLR229C 8 399
YLR230W 6 56
YLR231C 22 815
YLR232W 7 397
YLR233C 27 783
YLR234W 60 1374
YLR235C 28 1119
YLR236C 38 2022
YLR237W 56 1552
YLR238W 17 146
YLR239C 4 44
YLR240W 18 399
YLR241W 25 829
YLR242C 7 147
YLR243W 6 131
YLR244C 27 582
YLR245C 12 133
YLR246W 11 101
YLR247C 45 619
YLR248W 22 819
YLR249W 35 585
YLR250W 7 582
YLR251W 6 64
YLR252W 2 48
YLR253W 31 611
YLR254C 15 856
YLR255C 29 931
YLR256W 90 1925
YLR257W 28 365
YLR258W 46 1110
YLR259C 27 481
YLR260W 37 1451
YLR261C 2 5
YLR262C 7 173
YLR262C-A 2 5
YLR263W 23 367
YLR264W 0 0
YLR264C-A 1 1
YLR265C 5 34
YLR266C 19 370
YLR267W 30 8861
YLR268W 9 101
YLR269C 24 571
YLR270W 8 143
YLR271W 11 121
YLR272C 28 773
YLR273C 23 506
YLR274W 22 379
YLR275W 2 5
YLR276C 3 38
YLR277C 23 384
YLR278C 36 810
YLR279W 25 1390
YLR280C 18 1021
YLR281C 21 1063
YLR282C 13 254
YLR283W 16 554
YLR284C 2 57
YLR285W 3 9
YLR285C-A 8 680
YLR286C 4 334
YLR286W-A 0 0
YLR287C 9 62
YLR287C-A 6 138
YLR288C 18 612
YLR289W 28 246
YLR290C 4 39
YLR291C 16 284
YLR292C 12 311
YLR293C 4 5
YLR294C 7 86
YLR295C 7 154
YLR296W 20 3196
YLR297W 14 947
YLR298C 22 1267
YLR299W 75 3668
YLR299C-A 7 50
YLR300W 28 838
YLR301W 8 132
YLR302C 29 1582
YLR303W 17 236
YLR304C 71 2393
YLR305C 61 1095
YLR306W 8 164
YLR307W 14 305
YLR307C-A 2 31
YLR308W 12 2005
YLR309C 28 657
YLR310C 28 664
YLR311C 7 192
YLR312C 21 362
YLR312W-A 18 343
YLR313C 29 1488
YLR314C 20 471
YLR315W 8 46
YLR316C 31 879
YLR317W 13 239
YLR318W 43 871
YLR319C 14 210
YLR320W 29 927
YLR321C 29 984
YLR322W 12 77
YLR323C 9 40
YLR324W 12 163
YLR325C 4 189
YLR326W 32 762
YLR327C 7 66
YLR328W 28 548
YLR329W 8 156
YLR330W 32 942
YLR331C 1 142
YLR332W 6 178
YLR333C 18 228
YLR334C 8 201
YLR335W 15 1911
YLR336C 38 1120
YLR337C 21 147
YLR338W 5 14
YLR339C 1 1
YLR340W 1 1
YLR341W 13 363
YLR342W 59 421
YLR342W-A 1 12
YLR343W 32 1196
YLR344W 7 134
YLR345W 29 2323
YLR346C 6 146
YLR347C 29 415
YLR347W-A 0 0
YLR348C 57 8531
YLR349W 30 4467
YLR350W 12 327
YLR351C 21 819
YLR352W 35 6078
YLR353W 28 303
YLR354C 13 569
YLR355C 35 2491
YLR356W 6 38
YLR357W 54 1351
YLR358C 10 397
YLR359W 15 168
YLR360W 21 516
YLR361C 37 1004
YLR361C-A 9 64
YLR362W 29 693
YLR363C 6 93
YLR363W-A 2 29
YLR364W 7 113
YLR365W 8 416
YLR364C-A 9 274
YLR366W 24 839
YLR367W 19 1277
YLR368W 24 235
YLR369W 19 440
YLR370C 6 24
YLR371W 63 1605
YLR372W 14 95
YLR373C 22 347
YLR374C 17 3499
YLR375W 26 2538
YLR376C 16 387
YLR377C 47 2951
YLR378C 32 1817
YLR379W 12 1278
YLR380W 24 444
YLR381W 25 542
YLR382C 36 503
YLR383W 25 645
YLR384C 35 750
YLR385C 8 222
YLR386W 26 499
YLR387C 17 332
YLR388W 6 103
YLR389C 71 1415
YLR390W 10 102
YLR390W-A 3 7
YLR392C 18 240
YLR393W 6 42
YLR394W 9 103
YLR395C 3 13
YLR396C 44 939
YLR397C 32 590
YLR398C 42 321
YLR399C 29 596
YLR399W-A 0 0
YLR400W 24 2166
YLR401C 44 2073
YLR402W 2 64
YLR403W 22 230
YLR404W 15 1136
YLR405W 27 1786
YLR406C 13 607
YLR406C-A 2 5
YLR407W 2 11
YLR408C 7 438
YLR409C 42 597
YLR410W 56 1302
YLR411W 16 337
YLR412W 9 241
YLR412C-A 1 2
YLR413W 26 489
YLR414C 32 938
YLR415C 31 805
YLR416C 22 3203
YLR417W 51 1789
YLR418C 5 46
YLR419W 34 842
YLR420W 16 617
YLR421C 8 82
YLR422W 64 1884
YLR423C 7 149
YLR424W 19 214
YLR425W 39 845
YLR426W 7 61
YLR427W 32 831
YLR428C 15 772
YLR429W 48 1299
YLR430W 51 1050
YLR431C 18 465
YLR432W 21 242
YLR433C 19 530
YLR434C 4 74
YLR435W 4 88
YLR436C 61 1231
YLR437C 18 565
YLR437C-A 7 135
YLR438W 48 2423
YLR438C-A 4 27
YLR439W 16 168
YLR440C 10 51
YLR441C 9 168
YLR442C 25 564
YLR443W 16 116
YLR444C 2 9
YLR445W 11 162
YLR446W 17 240
YLR447C 17 448
YLR448W 16 263
YLR449W 10 501
YLR450W 59 1426
YLR451W 14 547
YLR452C 21 684
YLR453C 26 298
YLR454W 73 2542
YLR455W 11 298
YLR456W 14 184
YLR457C 16 301
YLR458W 10 124
YLR459W 6 81
YLR460C 11 614
YLR461W 3 59
YLR462W 1 3
YLR463C 1 3
YLR464W 0 0
YLR465C 0 0
YLR466W 1 2
YLR466C-A 0 0
YLR466C-B 2 240
YLR467W 0 0
YLR467C-A 0 0
YML133C 0 0
YML133W-B 0 0
YML133W-A 0 0
YML132W 0 0
YML131W 16 166
YML130C 18 554
YML129C 9 1120
YML128C 23 823
YML127W 17 343
YML126C 28 1385
YML125C 22 285
YML124C 28 964
YML123C 40 1013
YML122C 22 2684
YML121W 8 509
YML120C 33 1595
YML119W 13 406
YML118W 26 2101
YML117W 42 990
YML116W-A 5 44
YML116W 28 628
YML115C 17 537
YML114C 12 210
YML113W 21 728
YML112W 8 805
YML111W 44 1357
YML110C 16 187
YML109W 31 3242
YML108W 3 21
YML107C 16 304
YML106W 8 141
YML105C 4 16
YML104C 29 1151
YML103C 42 1187
YML102W 45 1691
YML101C-A 13 346
YML101C 46 2511
YML100W-A 19 905
YML100W 101 3355
YML099W-A 2 38
YML099C 26 612
YML098W 0 0
YML097C 14 481
YML096W 22 738
YML095C 4 77
YML094C-A 10 999
YML094W 9 985
YML093W 32 885
YML092C 7 51
YML091C 49 1945
YML090W 16 1948
YML089C 29 2773
YML088W 23 209
YML087C 13 3187
YML086C 24 386
YML085C 18 361
YML084W 11 332
YML083C 43 1556
YML082W 40 1743
YML081C-A 4 47
YML081W 32 753
YML080W 11 269
YML079W 13 2801
YML078W 9 136
YML077W 4 29
YML076C 38 1393
YML075C 60 1401
YML074C 5 27
YML073C 9 97
YML072C 78 2626
YML071C 25 723
YML070W 25 580
YML069W 3 21
YML068W 21 440
YML067C 13 389
YML066C 15 254
YML065W 19 264
YML064C 8 198
YML063W 5 14
YML062C 16 517
YML061C 19 373
YML060W 8 160
YML059C 52 758
YML058W-A 5 85
YML058W 18 1432
YML057C-A 9 175
YML057W 26 455
YML056C 49 1263
YML055W 8 108
YML054C 47 3854
YML054C-A 18 657
YML053C 13 1150
YML052W 27 1214
YML051W 33 1336
YML050W 8 103
YML049C 58 4380
YML048W 5 36
YML047W-A 0 0
YML047C 5 58
YML046W 14 83
YML043C 4 71
YML042W 51 1249
YML041C 11 251
YML038C 2 7
YML037C 6 293
YML036W 8 394
YML035C 29 629
YML034C-A 10 138
YML034W 36 753
YML032C 14 396
YML031C-A 3 51
YML031W 19 341
YML030W 8 303
YML029W 47 2066
YML028W 24 4231
YML027W 24 12180
YML026C 4 45
YML025C 12 232
YML024W 2 30
YML023C 24 386
YML022W 7 170
YML021C 27 1002
YML020W 29 838
YML019W 5 209
YML018C 29 367
YML017W 34 401
YML016C 33 729
YML015C 7 146
YML014W 16 417
YML013W 21 471
YML012C-A 10 206
YML012W 5 42
YML011C 16 1146
YML010W 12 269
YML009W-B 4 43
YML009C-A 2 76
YML009C 2 2
YML008C 15 315
YML007C-A 9 240
YML007W 25 243
YML006C 36 594
YML005W 21 1403
YML004C 39 2089
YML003W 23 406
YML002W 42 4400
YML001W 20 1231
YMR001C 50 3266
YMR001C-A 9 332
YMR002W 19 713
YMR003W 13 257
YMR004W 33 4306
YMR005W 13 273
YMR006C 30 687
YMR007W 30 32176
YMR008C 16 487
YMR009W 3 52
YMR010W 11 318
YMR011W 21 384
YMR012W 38 973
YMR013C 12 188
YMR013C-A 1 46
YMR013W-A 3 8
YMR014W 9 178
YMR015C 45 1214
YMR016C 15 368
YMR017W 18 375
YMR018W 16 287
YMR019W 33 848
YMR020W 22 464
YMR021C 11 175
YMR022W 12 2628
YMR023C 30 801
YMR024W 6 110
YMR025W 6 167
YMR026C 10 288
YMR027W 16 220
YMR028W 5 117
YMR029C 10 237
YMR030W 19 899
YMR031C 19 755
YMR031W-A 11 405
YMR032W 18 401
YMR030W-A 8 157
YMR033W 5 110
YMR034C 13 296
YMR035W 6 189
YMR036C 13 146
YMR037C 23 471
YMR038C 20 1476
YMR039C 20 316
YMR040W 16 791
YMR041C 5 143
YMR042W 44 48279
YMR043W 12 808
YMR044W 20 419
YMR046W-A 0 0
YMR047C 30 1161
YMR048W 12 471
YMR049C 14 559
YMR052W 2 3
YMR052C-A 4 71
YMR053C 36 730
YMR054W 53 4690
YMR055C 29 446
YMR056C 38 13626
YMR057C 35 8515
YMR058W 58 1800
YMR059W 2 10
YMR060C 11 117
YMR061W 11 120
YMR062C 25 422
YMR063W 16 1135
YMR064W 20 269
YMR065W 27 3050
YMR066W 31 691
YMR067C 13 352
YMR068W 5 31
YMR069W 63 3828
YMR070W 22 717
YMR071C 9 105
YMR072W 4 204
YMR073C 10 88
YMR074C 5 19
YMR075W 25 373
YMR075C-A 5 72
YMR076C 34 17256
YMR077C 11 313
YMR078C 10 187
YMR079W 8 127
YMR080C 22 222
YMR081C 13 315
YMR082C 15 349
YMR083W 18 263
YMR084W 22 487
YMR085W 10 62
YMR086W 25 877
YMR086C-A 10 5948
YMR087W 14 573
YMR088C 21 1304
YMR089C 18 325
YMR090W 20 537
YMR091C 20 305
YMR092C 29 1518
YMR093W 23 642
YMR094W 9 379
YMR095C 13 259
YMR096W 10 182
YMR097C 12 288
YMR098C 14 281
YMR099C 7 93
YMR100W 21 383
YMR101C 7 38
YMR102C 29 771
YMR103C 23 1508
YMR104C 42 595
YMR105C 11 99
YMR105W-A 10 686
YMR106C 45 1488
YMR107W 12 1346
YMR108W 28 817
YMR109W 43 4401
YMR110C 24 297
YMR111C 21 710
YMR112C 8 24
YMR113W 22 372
YMR114C 11 951
YMR115W 14 1853
YMR116C 24 361
YMR117C 3 49
YMR118C 15 203
YMR119W 18 289
YMR119W-A 5 54
YMR120C 28 1536
YMR121C 11 151
YMR122C 50 4388
YMR122W-A 9 49
YMR123W 2 37
YMR124W 39 1723
YMR125W 20 280
YMR126C 4 156
YMR127C 19 447
YMR128W 30 557
YMR129W 45 698
YMR130W 19 411
YMR131C 11 79
YMR132C 6 165
YMR133W 9 69
YMR134W 15 493
YMR135C 30 1254
YMR135W-A 37 4744
YMR136W 47 1334
YMR137C 31 1256
YMR138W 9 63
YMR139W 19 442
YMR140W 8 400
YMR141C 3 17
YMR142C 0 0
YMR141W-A 0 0
YMR143W 8 36
YMR144W 22 3543
YMR145C 50 1249
YMR146C 22 1161
YMR147W 19 466
YMR148W 17 342
YMR149W 16 312
YMR150C 24 825
YMR151W 15 1248
YMR152W 18 794
YMR153W 17 1640
YMR153C-A 0 0
YMR154C 26 614
YMR155W 17 165
YMR156C 12 774
YMR157C 15 17767
YMR158W 7 41
YMR158C-A 4 13
YMR158W-B 11 323
YMR159C 14 381
YMR160W 23 669
YMR161W 12 417
YMR162C 68 2685
YMR163C 9 124
YMR164C 20 991
YMR165C 43 790
YMR166C 9 155
YMR167W 28 558
YMR168C 13 218
YMR169C 22 170
YMR170C 15 995
YMR171C 16 274
YMR172W 26 344
YMR172C-A 5 256
YMR173W 10 165
YMR173W-A 7 157
YMR174C 0 0
YMR175W 8 154
YMR175W-A 15 864
YMR176W 62 2247
YMR177W 22 672
YMR178W 8 58
YMR179W 21 357
YMR180C 42 867
YMR181C 5 73
YMR182C 6 174
YMR182W-A 2 18
YMR183C 12 1380
YMR184W 10 190
YMR185W 19 280
YMR186W 23 740
YMR187C 15 1624
YMR188C 10 437
YMR189W 40 1090
YMR190C 37 1205
YMR191W 19 351
YMR192W 20 444
YMR193W 6 34
YMR193C-A 5 61
YMR194W 12 205
YMR194C-B 17 1463
YMR194C-A 29 7932
YMR195W 15 810
YMR196W 61 2222
YMR197C 8 123
YMR198W 31 1297
YMR199W 15 188
YMR200W 16 342
YMR201C 34 2727
YMR202W 29 637
YMR203W 10 586
YMR204C 1 53
YMR205C 40 420
YMR206W 28 1051
YMR207C 77 1753
YMR208W 25 807
YMR209C 24 2247
YMR210W 24 319
YMR211W 12 164
YMR212C 28 619
YMR213W 14 1234
YMR214W 17 461
YMR215W 18 149
YMR216C 26 1106
YMR217W 13 374
YMR218C 24 356
YMR219W 76 2475
YMR220W 18 471
YMR221C 24 518
YMR222C 6 219
YMR223W 10 258
YMR224C 33 554
YMR225C 9 156
YMR226C 12 281
YMR227C 16 290
YMR228W 15 470
YMR229C 39 702
YMR230W 10 168
YMR230W-A 7 181
YMR231W 39 1009
YMR232W 22 928
YMR233W 8 148
YMR234W 11 402
YMR235C 12 144
YMR236W 7 140
YMR237W 21 592
YMR238W 16 374
YMR239C 14 262
YMR240C 23 566
YMR241W 27 668
YMR242C 11 138
YMR242W-A 1 1
YMR243C 35 3070
YMR244W 33 1213
YMR244C-A 9 76
YMR245W 44 3480
YMR246W 104 6866
YMR247C 51 1435
YMR247W-A 1 217
YMR250W 27 553
YMR251W 66 4070
YMR251W-A 0 0
YMR252C 14 938
YMR253C 24 881
YMR254C 16 182
YMR255W 0 0
YMR256C 2 39
YMR257C 20 309
YMR258C 23 998
YMR259C 23 657
YMR260C 2 28
YMR261C 30 1272
YMR262W 15 185
YMR263W 7 39
YMR264W 8 179
YMR265C 18 216
YMR266W 36 1013
YMR267W 16 627
YMR268C 5 203
YMR269W 7 41
YMR270C 10 135
YMR271C 13 298
YMR272C 11 296
YMR272W-A 2 18
YMR272W-B 4 26
YMR273C 31 489
YMR274C 8 155
YMR275C 21 293
YMR276W 21 2373
YMR277W 24 277
YMR278W 18 258
YMR279C 22 782
YMR280C 72 1310
YMR281W 11 99
YMR282C 14 1179
YMR283C 22 740
YMR284W 17 584
YMR285C 34 1148
YMR286W 2 187
YMR287C 27 360
YMR288W 20 285
YMR289W 24 914
YMR290C 8 226
YMR290W-A 5 183
YMR291W 28 5580
YMR292W 11 313
YMR293C 30 414
YMR294W 14 205
YMR294W-A 2 21
YMR295C 9 159
YMR296C 44 2731
YMR297W 33 1370
YMR298W 3 14
YMR299C 7 86
YMR300C 26 820
YMR301C 27 724
YMR302C 23 581
YMR303C 12 13479
YMR304W 41 793
YMR304C-A 13 326
YMR305C 10 261
YMR306W 61 5579
YMR306C-A 16 707
YMR307W 28 680
YMR307C-A 4 47
YMR308C 24 522
YMR309C 23 670
YMR310C 6 202
YMR311C 6 20
YMR312W 4 30
YMR313C 19 1036
YMR314W 9 113
YMR315W 22 8458
YMR315W-A 6 125
YMR316W 25 518
YMR316C-A 8 53
YMR316C-B 1 2
YMR317W 12 178
YMR318C 36 983
YMR319C 36 1170
YMR320W 8 130
YMR321C 2 9
YMR322C 0 0
YMR323W 3 39
YMR324C 6 188
YMR325W 1 8
YMR326C 9 631
YNL339C 0 0
YNL339W-B 0 0
YNL339W-A 0 0
YNL338W 6 43
YNL337W 3 15
YNL336W 2 2
YNL335W 2 5
YNL334C 4 124
YNL333W 2 11
YNL332W 4 117
YNL331C 16 279
YNL330C 31 603
YNL329C 40 1053
YNL328C 15 365
YNL327W 17 278
YNL326C 16 354
YNL325C 35 707
YNL324W 5 80
YNL323W 16 205
YNL322C 6 46
YNL321W 37 740
YNL320W 17 2276
YNL319W 2 4
YNL318C 22 708
YNL317W 15 278
YNL316C 10 280
YNL315C 2 6
YNL314W 17 404
YNL313C 24 329
YNL312W 5 45
YNL311C 43 2163
YNL310C 16 213
YNL309W 23 862
YNL308C 15 185
YNL307C 17 340
YNL306W 11 170
YNL305C 8 139
YNL304W 34 778
YNL303W 13 366
YNL302C 3 15
YNL301C 27 669
YNL300W 4 66
YNL299W 26 9589
YNL298W 23 424
YNL297C 27 1014
YNL296W 1 1
YNL295W 14 193
YNL294C 21 219
YNL293W 37 1741
YNL292W 14 136
YNL291C 15 277
YNL290W 23 541
YNL289W 20 565
YNL288W 12 248
YNL287W 22 438
YNL286W 12 206
YNL285W 26 3413
YNL284C 10 38
YNL283C 23 727
YNL282W 14 496
YNL281W 5 8
YNL280C 20 581
YNL279W 42 1279
YNL278W 63 2253
YNL277W-A 17 1274
YNL277W 32 812
YNL276C 8 101
YNL275W 26 5616
YNL274C 15 347
YNL273W 17 1889
YNL272C 13 264
YNL271C 30 446
YNL270C 23 600
YNL269W 26 2684
YNL268W 30 398
YNL267W 29 878
YNL266W 2 5
YNL265C 20 371
YNL264C 18 1106
YNL263C 13 230
YNL262W 73 2102
YNL261W 11 90
YNL260C 2 93
YNL259C 6 58
YNL258C 14 166
YNL257C 41 987
YNL256W 23 973
YNL255C 5 57
YNL254C 17 129
YNL253W 20 34973
YNL252C 7 76
YNL251C 45 1398
YNL250W 36 935
YNL249C 22 1569
YNL248C 5 78
YNL247W 25 857
YNL246W 16 328
YNL245C 5 19
YNL244C 12 410
YNL243W 60 1822
YNL242W 44 1442
YNL241C 50 971
YNL240C 60 2847
YNL239W 21 269
YNL238W 32 362
YNL237W 20 307
YNL236W 33 778
YNL235C 11 679
YNL234W 27 1459
YNL233W 25 439
YNL232W 13 392
YNL231C 38 2574
YNL230C 33 1883
YNL229C 12 154
YNL228W 21 2020
YNL227C 21 2023
YNL226W 7 377
YNL225C 15 1939
YNL224C 31 2218
YNL223W 9 126
YNL222W 12 416
YNL221C 38 669
YNL220W 16 322
YNL219C 16 1175
YNL218W 30 706
YNL217W 32 1846
YNL216W 40 667
YNL215W 5 120
YNL214W 10 93
YNL213C 5 66
YNL212W 23 777
YNL211C 3 18
YNL210W 9 153
YNL209W 23 472
YNL208W 11 102
YNL207W 9 72
YNL206C 17 742
YNL205C 8 133
YNL204C 3 38
YNL203C 12 198
YNL202W 27 847
YNL201C 13 208
YNL200C 13 296
YNL199C 21 440
YNL198C 6 44
YNL197C 11 101
YNL196C 15 538
YNL195C 24 357
YNL194C 16 279
YNL193W 23 1033
YNL192W 47 1039
YNL191W 25 4331
YNL190W 11 91
YNL189W 6 62
YNL188W 14 226
YNL187W 25 830
YNL186W 23 447
YNL185C 4 43
YNL184C 3 6
YNL183C 19 828
YNL182C 17 170
YNL181W 14 342
YNL180C 8 123
YNL179C 21 241
YNL178W 1 1
YNL177C 5 107
YNL176C 23 645
YNL175C 12 74
YNL174W 3 16
YNL173C 22 834
YNL172W 39 1219
YNL171C 3 13
YNL170W 3 31
YNL169C 21 373
YNL168C 11 137
YNL167C 12 102
YNL166C 14 202
YNL165W 17 1173
YNL164C 13 394
YNL163C 39 613
YNL162W-A 1 336
YNL162W 4 38
YNL161W 14 349
YNL160W 13 380
YNL159C 11 154
YNL158W 16 191
YNL157W 4 115
YNL156C 11 98
YNL155W 19 983
YNL154C 35 821
YNL153C 11 370
YNL152W 9 99
YNL151C 11 212
YNL150W 4 245
YNL149C 3 14
YNL148C 57 101984
YNL147W 2 9
YNL146C-A 9 951
YNL146W 10 1548
YNL145W 2 66
YNL144C 43 1007
YNL144W-A 0 0
YNL143C 10 492
YNL142W 42 1484
YNL141W 16 168
YNL140C 7 125
YNL139C 29 664
YNL138W-A 9 291
YNL138W 13 421
YNL137C 19 355
YNL136W 17 251
YNL135C 5 68
YNL134C 24 315
YNL133C 10 322
YNL132W 16 260
YNL131W 0 0
YNL130C 12 195
YNL130C-A 8 290
YNL129W 10 392
YNL128W 24 505
YNL127W 21 941
YNL126W 24 535
YNL125C 35 865
YNL124W 20 926
YNL123W 38 1451
YNL122C 10 180
YNL121C 10 371
YNL120C 8 152
YNL119W 26 604
YNL118C 19 231
YNL117W 42 1211
YNL116W 27 550
YNL115C 24 511
YNL114C 2 113
YNL113W 2 117
YNL112W 47 839
YNL111C 3 30
YNL110C 7 278
YNL109W 5 140
YNL108C 16 1879
YNL107W 9 156
YNL106C 55 8173
YNL105W 3 5
YNL104C 50 4425
YNL103W-A 4 770
YNL103W 18 215
YNL102W 45 806
YNL101W 20 497
YNL100W 6 121
YNL099C 8 152
YNL098C 8 123
YNL097C-B 6 23
YNL097C 19 1459
YNL097W-A 3 10
YNL096C 7 178
YNL095C 19 395
YNL094W 11 442
YNL093W 12 112
YNL092W 32 1430
YNL091W 36 574
YNL090W 4 44
YNL089C 4 44
YNL088W 33 445
YNL087W 53 2286
YNL086W 5 17
YNL085W 28 479
YNL084C 8 97
YNL083W 22 897
YNL082W 16 639
YNL081C 4 23
YNL080C 23 564
YNL079C 11 201
YNL078W 33 1947
YNL077W 28 450
YNL076W 22 432
YNL075W 12 376
YNL074C 30 1178
YNL073W 26 706
YNL072W 31 1130
YNL071W 14 141
YNL070W 6 245
YNL069C 4 149
YNL068C 29 494
YNL067W-A 8 84
YNL067W-B 4 107
YNL067W 13 845
YNL066W 55 10378
YNL065W 36 983
YNL064C 17 442
YNL063W 7 360
YNL062C 17 302
YNL061W 17 667
YNL059C 15 345
YNL058C 9 107
YNL057W 2 5
YNL056W 6 265
YNL055C 33 472
YNL054W 27 345
YNL053W 50 2481
YNL052W 12 339
YNL051W 15 282
YNL050C 16 286
YNL049C 20 230
YNL048W 18 816
YNL047C 16 313
YNL046W 13 172
YNL045W 25 643
YNL044W 9 82
YNL043C 7 84
YNL042W-B 15 204
YNL042W 18 160
YNL041C 16 669
YNL040W 16 387
YNL039W 10 346
YNL038W 11 860
YNL037C 29 291
YNL036W 26 503
YNL035C 20 252
YNL034W 6 96
YNL033W 0 0
YNL032W 10 189
YNL031C 6 408
YNL030W 4 130
YNL029C 19 352
YNL028W 16 601
YNL027W 22 453
YNL026W 16 180
YNL025C 18 398
YNL024C-A 4 54
YNL024C 30 1521
YNL023C 38 1153
YNL022C 16 3124
YNL021W 14 375
YNL020C 26 729
YNL019C 4 28
YNL018C 15 228
YNL017C 18 437
YNL016W 15 330
YNL015W 0 0
YNL014W 31 6049
YNL013C 0 0
YNL012W 33 802
YNL011C 12 189
YNL010W 17 654
YNL009W 27 634
YNL008C 40 1238
YNL007C 10 915
YNL006W 8 639
YNL005C 21 275
YNL004W 67 5940
YNL003C 20 410
YNL002C 8 555
YNL001W 26 493
YNR001C 64 3105
YNR001W-A 7 118
YNR002C 68 5279
YNR003C 27 1221
YNR003W-A 5 11
YNR004W 14 612
YNR005C 6 54
YNR006W 20 555
YNR007C 10 102
YNR008W 38 1353
YNR009W 13 274
YNR010W 10 320
YNR011C 32 537
YNR012W 16 185
YNR013C 52 4383
YNR014W 20 728
YNR015W 48 5603
YNR016C 124 3479
YNR017W 19 949
YNR018W 31 2217
YNR019W 37 1662
YNR020C 14 654
YNR021W 19 1132
YNR022C 0 0
YNR023W 7 81
YNR024W 0 0
YNR025C 3 157
YNR026C 24 664
YNR027W 17 898
YNR028W 21 643
YNR029C 17 493
YNR030W 12 162
YNR031C 93 4505
YNR032W 29 1223
YNR032C-A 5 68
YNR033W 37 1336
YNR034W 23 901
YNR034W-A 7 108
YNR035C 5 394
YNR036C 12 347
YNR037C 6 191
YNR038W 16 700
YNR039C 27 368
YNR040W 14 218
YNR041C 11 389
YNR042W 3 20
YNR043W 6 57
YNR044W 23 345
YNR045W 13 123
YNR046W 12 678
YNR047W 35 884
YNR048W 15 376
YNR049C 17 234
YNR050C 18 315
YNR051C 13 261
YNR052C 19 216
YNR053C 18 224
YNR054C 24 747
YNR055C 24 1231
YNR056C 25 436
YNR057C 37 1750
YNR058W 22 891
YNR059W 26 786
YNR060W 29 628
YNR061C 6 159
YNR062C 3 23
YNR063W 16 298
YNR064C 14 279
YNR065C 24 363
YNR066C 31 702
YNR067C 24 1501
YNR068C 4 18
YNR069C 19 297
YNR070W 42 718
YNR071C 28 1136
YNR072W 26 204
YNR073C 14 260
YNR074C 12 105
YNR075W 16 402
YNR075C-A 6 45
YNR076W 0 0
YNR077C 1 4
YOL166W-A 4 21
YOL166C 7 247
YOL165C 3 37
YOL164W-A 0 0
YOL164W 35 1104
YOL163W 8 244
YOL162W 3 23
YOL161C 3 6
YOL160W 7 43
YOL159C-A 3 443
YOL159C 13 223
YOL158C 36 1640
YOL157C 16 275
YOL156W 4 758
YOL155W-A 0 0
YOL155C 24 5009
YOL154W 6 81
YOL152W 40 1313
YOL151W 8 145
YOL150C 1 4
YOL149W 6 77
YOL148C 11 354
YOL147C 10 155
YOL146W 8 141
YOL145C 20 726
YOL144W 12 192
YOL143C 9 342
YOL142W 15 453
YOL141W 46 1644
YOL140W 30 1054
YOL139C 1 10
YOL138C 48 999
YOL137W 26 1291
YOL136C 5 45
YOL135C 10 204
YOL134C 7 272
YOL133W 2 32
YOL132W 19 1557
YOL131W 6 56
YOL130W 23 528
YOL129W 9 357
YOL128C 17 564
YOL127W 0 0
YOL126C 23 683
YOL125W 25 761
YOL124C 27 803
YOL123W 30 767
YOL122C 24 1195
YOL121C 7 96
YOL120C 10 275
YOL119C 29 392
YOL118C 15 638
YOL117W 22 2414
YOL116W 14 323
YOL115W 31 922
YOL114C 6 151
YOL113W 27 454
YOL112W 29 1432
YOL111C 19 252
YOL110W 61 4977
YOL109W 2 26
YOL108C 5 59
YOL107W 19 437
YOL106W 14 342
YOL105C 8 220
YOL104C 5 63
YOL103W 17 453
YOL102C 8 100
YOL101C 5 113
YOL100W 19 1169
YOL099C 3 43
YOL098C 48 1038
YOL097W-A 5 226
YOL097C 22 571
YOL096C 18 403
YOL095C 22 601
YOL094C 13 591
YOL093W 7 105
YOL092W 12 135
YOL091W 10 176
YOL090W 24 392
YOL089C 21 290
YOL088C 7 47
YOL087C 25 558
YOL086W-A 10 2271
YOL086C 15 247
YOL085W-A 20 2389
YOL085C 32 3084
YOL084W 49 1227
YOL083W 14 401
YOL083C-A 0 0
YOL082W 21 605
YOL081W 90 2004
YOL080C 11 676
YOL079W 2 9
YOL078W 38 1399
YOL077W-A 6 140
YOL077C 11 319
YOL076W 8 88
YOL075C 40 802
YOL073C 13 477
YOL072W 20 477
YOL071W 3 6
YOL070C 16 1239
YOL069W 20 500
YOL068C 26 635
YOL067C 5 72
YOL066C 18 210
YOL065C 15 2066
YOL064C 10 442
YOL063C 20 1356
YOL062C 12 94
YOL061W 24 557
YOL060C 48 1418
YOL059W 32 700
YOL058W 39 1922
YOL057W 20 219
YOL056W 20 562
YOL055C 20 609
YOL054W 21 423
YOL053W 27 2356
YOL052C-A 2 107
YOL052C 31 2963
YOL051W 26 1091
YOL050C 2 114
YOL049W 13 186
YOL048C 9 165
YOL047C 7 323
YOL046C 16 1277
YOL045W 28 1563
YOL044W 6 125
YOL043C 12 409
YOL042W 21 448
YOL041C 12 124
YOL040C 3 154
YOL039W 3 37
YOL038C-A 3 58
YOL038W 10 372
YOL037C 5 29
YOL036W 33 989
YOL035C 6 160
YOL034W 33 1005
YOL033W 17 548
YOL032W 10 124
YOL031C 27 716
YOL030W 21 3993
YOL029C 9 194
YOL028C 13 556
YOL027C 19 255
YOL026C 9 240
YOL025W 21 643
YOL024W 6 114
YOL023W 18 285
YOL022C 15 361
YOL021C 42 820
YOL020W 31 885
YOL019W-A 14 700
YOL019W 15 122
YOL018C 18 516
YOL017W 32 1259
YOL016C 17 356
YOL015W 15 358
YOL014W 4 2095
YOL013W-B 1 6
YOL013W-A 11 411
YOL013C 18 868
YOL012C 4 79
YOL011W 36 1050
YOL010W 9 110
YOL009C 11 491
YOL008W 7 88
YOL007C 27 7621
YOL006C 18 559
YOL005C 12 924
YOL004W 49 1053
YOL003C 39 2493
YOL002C 42 32947
YOL001W 40 1652
YOR001W 50 1989
YOR002W 47 1761
YOR003W 46 1035
YOR004W 13 397
YOR005C 57 2920
YOR006C 16 247
YOR007C 11 500
YOR008C 5 139
YOR008C-A 5 75
YOR008W-B 3 79
YOR009W 1 3
YOR010C 4 156
YOR011W 38 948
YOR011W-A 7 304
YOR012W 7 145
YOR013W 10 220
YOR014W 15 340
YOR015W 0 0
YOR016C 7 322
YOR017W 16 359
YOR018W 34 687
YOR019W 29 2123
YOR020C 2 362
YOR020W-A 2 20
YOR021C 4 118
YOR022C 24 391
YOR023C 17 891
YOR024W 22 982
YOR025W 24 451
YOR026W 25 512
YOR027W 31 688
YOR028C 11 235
YOR029W 18 5550
YOR030W 27 459
YOR031W 13 259
YOR032C 17 307
YOR032W-A 18 444
YOR033C 21 842
YOR034C 34 587
YOR034C-A 15 425
YOR035C 26 491
YOR036W 2 22
YOR037W 28 816
YOR038C 31 1297
YOR039W 5 109
YOR040W 26 1184
YOR041C 7 86
YOR042W 23 333
YOR043W 8 140
YOR044W 12 453
YOR045W 2 19
YOR046C 24 420
YOR047C 3 36
YOR048C 17 133
YOR049C 11 939
YOR050C 14 143
YOR051C 17 500
YOR052C 7 100
YOR053W 3 22
YOR054C 27 957
YOR055W 7 268
YOR056C 26 369
YOR057W 23 637
YOR058C 30 669
YOR059C 16 2877
YOR060C 15 434
YOR061W 14 301
YOR062C 20 689
YOR063W 8 58
YOR064C 10 117
YOR065W 12 256
YOR066W 30 1322
YOR067C 17 220
YOR069W 21 721
YOR068C 2 55
YOR070C 16 209
YOR071C 27 453
YOR072W 14 1393
YOR072W-A 9 228
YOR072W-B 5 24
YOR073W 13 715
YOR074C 22 390
YOR073W-A 2 27
YOR075W 5 54
YOR076C 29 654
YOR077W 15 321
YOR078W 2 15
YOR079C 17 162
YOR080W 25 456
YOR081C 39 744
YOR082C 10 71
YOR083W 34 2444
YOR084W 37 1270
YOR085W 28 1891
YOR086C 38 948
YOR087W 24 6500
YOR089C 9 112
YOR090C 27 436
YOR091W 41 3306
YOR092W 13 202
YOR093C 48 1565
YOR094W 1 1
YOR095C 15 176
YOR096W 10 572
YOR097C 8 80
YOR098C 32 512
YOR099W 35 1027
YOR100C 19 479
YOR101W 12 577
YOR102W 2 13
YOR103C 3 14
YOR104W 12 259
YOR105W 2 40
YOR106W 11 107
YOR107W 24 876
YOR108W 29 608
YOR108C-A 2 11
YOR109W 25 361
YOR110W 14 1749
YOR111W 10 215
YOR112W 15 381
YOR113W 14 210
YOR114W 15 7867
YOR115C 4 38
YOR116C 24 346
YOR117W 11 112
YOR118W 25 549
YOR119C 20 531
YOR120W 30 1307
YOR121C 11 170
YOR122C 10 131
YOR123C 13 252
YOR124C 43 1918
YOR125C 3 64
YOR126C 16 1192
YOR127W 22 256
YOR128C 9 164
YOR129C 15 335
YOR130C 7 13646
YOR131C 7 210
YOR132W 25 3655
YOR133W 3 29
YOR134W 43 3722
YOR135C 4 34
YOR136W 15 599
YOR137C 27 826
YOR138C 64 5182
YOR139C 0 0
YOR140W 31 2456
YOR141C 36 634
YOR142W 28 1142
YOR143C 12 322
YOR144C 29 1477
YOR145C 8 59
YOR146W 0 0
YOR147W 9 153
YOR148C 16 304
YOR149C 20 433
YOR150W 1 12
YOR151C 41 557
YOR152C 1 11
YOR153W 77 2009
YOR154W 15 261
YOR155C 11 108
YOR156C 16 293
YOR157C 15 255
YOR158W 12 355
YOR159C 6 59
YOR160W 31 809
YOR161C 27 799
YOR161W-A 0 0
YOR161W-B 4 121
YOR161C-C 13 761
YOR162C 59 1953
YOR163W 13 360
YOR164C 14 295
YOR165W 36 1363
YOR166C 12 667
YOR167C 1 18
YOR168W 25 563
YOR169C 3 168
YOR170W 2 52
YOR171C 14 396
YOR172W 20 159
YOR173W 23 797
YOR174W 12 417
YOR175C 26 339
YOR176W 20 218
YOR177C 14 209
YOR178C 27 469
YOR179C 25 913
YOR180C 2 39
YOR181W 6 66
YOR182C 6 25
YOR183W 23 1041
YOR184W 15 331
YOR185C 10 297
YOR186W 21 1120
YOR186C-A 12 1011
YOR187W 28 637
YOR188W 33 746
YOR189W 6 172
YOR190W 15 443
YOR191W 38 1651
YOR192C 20 447
YOR192C-C 0 0
YOR193W 13 185
YOR194C 4 229
YOR195W 20 423
YOR196C 17 313
YOR197W 22 652
YOR198C 15 269
YOR199W 23 618
YOR200W 7 253
YOR201C 9 519
YOR202W 19 766
YOR203W 28 1984
YOR204W 27 701
YOR205C 39 1023
YOR206W 16 278
YOR207C 37 906
YOR208W 6 95
YOR209C 15 246
YOR210W 4 4
YOR211C 43 1008
YOR212W 25 423
YOR213C 21 417
YOR214C 9 77
YOR215C 12 145
YOR216C 25 996
YOR217W 21 320
YOR218C 4 41
YOR219C 40 997
YOR220W 8 296
YOR221C 17 374
YOR222W 51 5126
YOR223W 15 270
YOR224C 5 191
YOR225W 7 93
YOR226C 7 389
YOR227W 50 1015
YOR228C 20 584
YOR229W 44 1993
YOR230W 22 633
YOR231W 24 811
YOR231C-A 6 42
YOR232W 4 178
YOR233W 33 1203
YOR234C 10 201
YOR235W 9 357
YOR236W 9 240
YOR237W 7 108
YOR238W 18 464
YOR239W 15 330
YOR241W 20 378
YOR242C 15 404
YOR243C 19 484
YOR244W 18 259
YOR245C 13 152
YOR246C 14 332
YOR247W 11 32
YOR248W 8 20
YOR249C 14 196
YOR250C 17 487
YOR251C 21 4455
YOR252W 11 216
YOR253W 10 645
YOR254C 18 428
YOR255W 6 112
YOR256C 18 270
YOR257W 0 0
YOR258W 4 59
YOR259C 12 120
YOR260W 17 361
YOR261C 13 220
YOR262W 7 198
YOR263C 1 1
YOR264W 11 502
YOR265W 5 1963
YOR266W 15 688
YOR267C 47 1289
YOR268C 36 2996
YOR269W 24 715
YOR270C 52 2158
YOR271C 24 302
YOR272W 12 234
YOR273C 37 1343
YOR274W 34 1509
YOR275C 27 1201
YOR276W 10 790
YOR277C 9 788
YOR278W 12 538
YOR279C 16 546
YOR280C 10 228
YOR281C 10 96
YOR282W 19 154
YOR283W 11 544
YOR284W 4 90
YOR285W 9 281
YOR286W 10 240
YOR287C 7 175
YOR288C 3 29
YOR289W 19 478
YOR290C 25 289
YOR291W 48 2184
YOR292C 19 410
YOR293W 6 36
YOR293C-A 5 87
YOR294W 4 69
YOR295W 14 1583
YOR296W 49 1151
YOR297C 6 194
YOR298W 37 1257
YOR298C-A 10 304
YOR299W 40 1717
YOR300W 13 3728
YOR301W 62 16496
YOR302W 5 21
YOR303W 41 730
YOR304W 42 2224
YOR304C-A 2 3
YOR305W 4 47
YOR306C 21 814
YOR307C 17 27576
YOR308C 16 117
YOR309C 0 0
YOR310C 9 217
YOR311C 13 310
YOR312C 2 39
YOR313C 14 173
YOR314W 5 173
YOR314W-A 8 332
YOR315W 11 364
YOR316C 47 1293
YOR316C-A 27 16856
YOR317W 56 1200
YOR318C 47 5992
YOR319W 4 410
YOR320C 13 366
YOR321W 38 791
YOR322C 43 1216
YOR323C 9 252
YOR324C 22 592
YOR325W 12 218
YOR326W 47 1382
YOR327C 9 235
YOR328W 69 3273
YOR329C 25 545
YOR329W-A 3 26
YOR330C 29 739
YOR331C 7 52
YOR332W 10 37
YOR333C 5 135
YOR334W 12 261
YOR335C 44 1047
YOR335W-A 0 0
YOR336W 36 852
YOR337W 48 1527
YOR338W 22 354
YOR339C 1 4
YOR340C 9 54
YOR341W 19 265
YOR342C 15 128
YOR343C 32 4930
YOR344C 17 4621
YOR345C 4 17
YOR346W 37 696
YOR347C 15 163
YOR348C 222 140221
YOR349W 75 1123
YOR350C 39 2914
YOR351C 19 1449
YOR352W 8 170
YOR353C 18 400
YOR354C 26 1318
YOR355W 10 129
YOR356W 30 490
YOR357C 14 359
YOR358W 22 707
YOR359W 15 259
YOR360C 20 310
YOR361C 32 891
YOR362C 10 364
YOR363C 35 2630
YOR364W 20 990
YOR365C 28 1118
YOR366W 4 17
YOR367W 6 72
YOR368W 19 1184
YOR369C 12 231
YOR370C 28 1213
YOR371C 60 7607
YOR372C 15 523
YOR373W 34 867
YOR374W 30 1750
YOR375C 41 5038
YOR376W 29 935
YOR376W-A 0 0
YOR377W 24 1501
YOR378W 19 248
YOR379C 8 107
YOR380W 34 783
YOR381W 19 552
YOR381W-A 4 43
YOR382W 2 6
YOR383C 6 33
YOR384W 29 690
YOR385W 19 497
YOR386W 11 80
YOR387C 3 129
YOR388C 3 43
YOR389W 18 665
YOR390W 3 43
YOR391C 4 204
YOR392W 3 11
YOR393W 0 0
YOR394W 0 0
YOR394C-A 0 0
YOR396W 0 0
YOR396C-A 0 0
YPL283C 0 0
YPL283W-B 0 0
YPL283W-A 0 0
YPL282C 0 0
YPL281C 0 0
YPL280W 0 0
YPL279C 1 12
YPL278C 0 0
YPL277C 17 935
YPL274W 55 3087
YPL273W 7 35
YPL272C 4 54
YPL271W 0 0
YPL270W 38 953
YPL269W 19 538
YPL268W 22 289
YPL267W 8 79
YPL266W 16 633
YPL265W 51 1368
YPL264C 16 2200
YPL263C 38 1124
YPL262W 34 962
YPL261C 6 323
YPL260W 14 410
YPL259C 27 678
YPL258C 24 495
YPL257W 8 56
YPL256C 24 358
YPL255W 12 795
YPL254W 15 400
YPL253C 27 469
YPL252C 8 136
YPL251W 2 49
YPL250C 17 326
YPL249C-A 8 91
YPL250W-A 7 55
YPL249C 33 989
YPL248C 22 335
YPL247C 48 772
YPL246C 12 1630
YPL245W 32 528
YPL244C 24 571
YPL243W 7 335
YPL242C 53 2851
YPL241C 5 20
YPL240C 32 1124
YPL239W 4 7
YPL238C 1 21
YPL237W 2 70
YPL236C 18 467
YPL235W 8 223
YPL234C 11 487
YPL233W 15 472
YPL232W 12 208
YPL231W 100 2667
YPL230W 29 466
YPL229W 18 312
YPL228W 19 297
YPL227C 19 521
YPL226W 32 489
YPL225W 2 18
YPL224C 33 1664
YPL223C 13 130
YPL222W 36 1138
YPL222C-A 3 17
YPL221W 69 4653
YPL220W 4 99
YPL219W 32 1240
YPL218W 12 115
YPL217C 26 444
YPL216W 23 436
YPL215W 10 200
YPL214C 24 397
YPL213W 13 285
YPL212C 31 1523
YPL211W 9 144
YPL210C 18 666
YPL209C 6 39
YPL208W 25 499
YPL207W 29 568
YPL206C 22 490
YPL205C 9 143
YPL204W 22 431
YPL203W 18 1183
YPL202C 22 183
YPL201C 23 479
YPL200W 1 42
YPL199C 17 195
YPL198W 29 634
YPL197C 8 244
YPL196W 14 95
YPL195W 23 1553
YPL194W 15 288
YPL193W 12 252
YPL192C 1 7
YPL191C 17 299
YPL190C 20 191
YPL189C-A 4 57
YPL189W 29 602
YPL188W 21 2321
YPL187W 1 1
YPL186C 29 621
YPL185W 33 7850
YPL184C 25 547
YPL183W-A 7 126
YPL183C 35 770
YPL182C 11 164
YPL181W 19 349
YPL180W 30 568
YPL179W 28 500
YPL178W 5 38
YPL177C 13 1579
YPL176C 43 778
YPL175W 22 438
YPL174C 17 186
YPL173W 7 71
YPL172C 9 72
YPL171C 31 752
YPL170W 17 654
YPL169C 13 233
YPL168W 14 278
YPL167C 28 14923
YPL166W 8 162
YPL165C 5 32
YPL164C 32 1573
YPL163C 9 41
YPL162C 13 1295
YPL161C 14 293
YPL160W 31 501
YPL159C 11 149
YPL158C 31 405
YPL157W 30 358
YPL156C 22 414
YPL155C 59 4371
YPL154C 9 855
YPL153C 34 1750
YPL152W-A 0 0
YPL152W 6 209
YPL151C 27 596
YPL150W 16 116
YPL149W 7 150
YPL148C 4 24
YPL147W 14 173
YPL146C 7 166
YPL145C 3 37
YPL144W 17 1718
YPL143W 2 106
YPL142C 1 30
YPL141C 46 598
YPL140C 12 139
YPL139C 10 228
YPL138C 14 211
YPL137C 69 3226
YPL136W 5 193
YPL135W 16 450
YPL135C-A 8 209
YPL134C 28 546
YPL133C 34 2733
YPL132W 15 512
YPL131W 3 113
YPL130W 4 134
YPL129W 1 5
YPL128C 9 78
YPL127C 18 575
YPL126W 15 223
YPL125W 28 936
YPL124W 16 475
YPL123C 6 244
YPL122C 15 213
YPL121C 2 3
YPL120W 13 169
YPL119C-A 4 70
YPL119C 26 1253
YPL118W 12 110
YPL117C 7 49
YPL116W 30 639
YPL115C 35 1390
YPL114W 7 178
YPL113C 22 556
YPL112C 10 186
YPL111W 77 3955
YPL110C 54 2946
YPL109C 41 1079
YPL108W 16 784
YPL107W 19 451
YPL106C 30 472
YPL105C 32 2766
YPL104W 24 1207
YPL103C 22 583
YPL102C 7 50
YPL101W 17 209
YPL100W 12 273
YPL099C 4 268
YPL098C 2 7
YPL097W 15 327
YPL096C-A 1 5
YPL096W 26 549
YPL095C 31 3169
YPL094C 24 596
YPL093W 21 441
YPL092W 37 4003
YPL091W 17 481
YPL090C 0 0
YPL089C 30 637
YPL088W 21 645
YPL087W 8 78
YPL086C 13 192
YPL085W 56 665
YPL084W 16 555
YPL083C 10 302
YPL082C 54 965
YPL081W 26 1078
YPL080C 18 529
YPL079W 8 182
YPL078C 6 117
YPL077C 21 902
YPL076W 10 140
YPL075W 37 932
YPL074W 19 626
YPL073C 4 87
YPL072W 17 410
YPL071C 7 297
YPL070W 17 551
YPL069C 9 82
YPL068C 15 544
YPL067C 43 2392
YPL066W 34 1732
YPL065W 4 80
YPL064C 11 741
YPL063W 24 799
YPL062W 41 2460
YPL061W 38 1299
YPL060W 18 454
YPL059W 8 151
YPL058C 54 1710
YPL057C 27 924
YPL056C 23 4155
YPL055C 34 890
YPL054W 9 222
YPL053C 26 1213
YPL052W 13 96
YPL051W 5 308
YPL050C 9 106
YPL049C 20 300
YPL048W 21 314
YPL047W 8 84
YPL046C 4 131
YPL045W 28 1070
YPL044C 3 29
YPL043W 15 194
YPL042C 23 433
YPL041C 14 260
YPL040C 27 568
YPL039W 12 157
YPL038W-A 3 14
YPL038W 11 491
YPL037C 2 9
YPL036W 34 1058
YPL035C 1 1
YPL034W 3 61
YPL033C 5 78
YPL032C 22 270
YPL031C 20 406
YPL030W 21 402
YPL029W 20 461
YPL028W 18 263
YPL027W 14 3169
YPL026C 22 395
YPL025C 17 408
YPL024W 21 277
YPL023C 8 100
YPL022W 19 407
YPL021W 5 75
YPL020C 18 240
YPL019C 39 795
YPL018W 22 287
YPL017C 34 914
YPL016W 33 912
YPL015C 41 2371
YPL014W 36 1330
YPL013C 9 205
YPL012W 27 619
YPL011C 14 315
YPL010W 7 89
YPL009C 21 607
YPL008W 26 567
YPL007C 10 433
YPL006W 52 942
YPL005W 26 230
YPL004C 32 490
YPL003W 39 1686
YPL002C 31 1258
YPL001W 38 1717
YPR001W 95 13013
YPR002W 60 2748
YPR002C-A 2 13
YPR003C 24 171
YPR004C 12 88
YPR005C 11 400
YPR006C 38 669
YPR007C 22 376
YPR008W 48 1150
YPR009W 10 369
YPR010C 21 401
YPR010C-A 3 788
YPR011C 40 2509
YPR012W 6 43
YPR013C 11 203
YPR014C 10 156
YPR015C 14 308
YPR016C 12 156
YPR016W-A 7 71
YPR017C 7 251
YPR018W 11 134
YPR019W 35 821
YPR020W 4 52
YPR021C 17 325
YPR022C 54 1973
YPR023C 27 471
YPR024W 19 371
YPR025C 6 103
YPR026W 46 1236
YPR027C 3 9
YPR028W 7 29
YPR029C 17 482
YPR030W 40 1517
YPR031W 36 1297
YPR032W 12 310
YPR033C 15 322
YPR034W 17 266
YPR035W 16 543
YPR036W 52 2015
YPR036W-A 6 101
YPR037C 17 426
YPR038W 15 517
YPR039W 23 437
YPR040W 39 937
YPR041W 15 378
YPR042C 14 109
YPR043W 2 9
YPR044C 2 9
YPR045C 20 383
YPR046W 5 100
YPR047W 25 898
YPR048W 19 461
YPR049C 24 1440
YPR050C 10 472
YPR051W 16 632
YPR052C 3 13
YPR053C 10 132
YPR054W 25 837
YPR055W 26 188
YPR056W 10 440
YPR057W 5 58
YPR058W 8 76
YPR059C 5 50
YPR060C 14 365
YPR061C 16 321
YPR062W 17 616
YPR063C 5 223
YPR064W 18 423
YPR065W 13 208
YPR066W 20 434
YPR067W 13 421
YPR068C 25 579
YPR069C 10 202
YPR070W 19 604
YPR071W 15 231
YPR072W 16 368
YPR073C 11 362
YPR074C 33 884
YPR074W-A 10 151
YPR075C 11 88
YPR076W 1 2
YPR077C 12 1102
YPR078C 25 1297
YPR079W 18 322
YPR080W 3 135
YPR081C 26 2302
YPR082C 8 104
YPR083W 36 513
YPR084W 12 230
YPR085C 5 118
YPR086W 12 153
YPR087W 12 978
YPR088C 20 1034
YPR089W 21 792
YPR091C 23 317
YPR092W 11 230
YPR093C 26 446
YPR094W 5 58
YPR095C 35 875
YPR096C 12 141
YPR097W 43 764
YPR098C 15 186
YPR099C 8 141
YPR100W 8 57
YPR101W 6 41
YPR102C 2 20
YPR103W 6 228
YPR104C 23 365
YPR105C 19 761
YPR106W 21 413
YPR107C 17 1225
YPR108W 9 113
YPR108W-A 8 110
YPR109W 20 936
YPR110C 7 45
YPR111W 29 2486
YPR112C 15 538
YPR113W 12 129
YPR114W 15 146
YPR115W 31 858
YPR116W 6 255
YPR117W 97 3090
YPR118W 10 161
YPR119W 18 471
YPR120C 32 1078
YPR121W 29 943
YPR122W 77 10101
YPR123C 11 163
YPR124W 28 708
YPR125W 13 186
YPR126C 5 88
YPR127W 14 1072
YPR128C 9 519
YPR129W 2 8
YPR130C 2 55
YPR131C 15 598
YPR132W 3 41
YPR133C 11 3980
YPR133W-A 1 1
YPR134W 5 193
YPR135W 19 365
YPR136C 1 39
YPR137W 5 75
YPR138C 36 1067
YPR139C 6 19
YPR140W 15 511
YPR141C 28 585
YPR142C 14 788
YPR143W 3 23
YPR144C 14 145
YPR145W 67 2209
YPR145C-A 9 203
YPR146C 14 253
YPR147C 19 434
YPR148C 20 1136
YPR149W 19 752
YPR150W 32 1371
YPR151C 30 1301
YPR152C 42 2366
YPR153W 20 391
YPR154W 1 17
YPR155C 32 884
YPR156C 20 621
YPR157W 42 1596
YPR158W 21 466
YPR159W 39 1145
YPR159C-A 4 24
YPR160W 74 10099
YPR160W-A 3 35
YPR160C-A 8 556
YPR161C 17 460
YPR162C 12 161
YPR163C 12 389
YPR164W 29 576
YPR165W 8 57
YPR166C 8 466
YPR167C 11 350
YPR168W 13 476
YPR169W 27 473
YPR170C 15 1056
YPR169W-A 4 56
YPR170W-B 8 608
YPR170W-A 3 526
YPR171W 17 193
YPR172W 9 195
YPR173C 10 130
YPR174C 7 112
YPR175W 20 297
YPR176C 11 185
YPR177C 8 227
YPR178W 29 912
YPR179C 25 780
YPR180W 5 82
YPR181C 18 494
YPR182W 2 56
YPR183W 18 356
YPR184W 77 5579
YPR185W 29 466
YPR186C 17 230
YPR187W 2 11
YPR188C 2 22
YPR189W 36 1739
YPR190C 31 844
YPR191W 17 256
YPR192W 56 2726
YPR193C 14 203
YPR194C 42 975
YPR195C 35 2848
YPR196W 33 1854
YPR197C 10 239
YPR198W 17 784
YPR199C 20 1216
YPR200C 2 2
YPR201W 29 983
YPR202W 0 0
YPR203W 0 0
YPR204W 0 0
YPR204C-A 0 0
