YAL069W 12 486
YAL068W-A 2 4
YAL068C 0 0
YAL067W-A 2 2
YAL067C 43 2004
YAL066W 5 41
YAL065C 4 383
YAL064W-B 0 0
YAL064C-A 2 3
YAL064W 1 3
YAL063C-A 1 1
YAL063C 31 1083
YAL062W 86 6826
YAL061W 85 4325
YAL060W 48 1860
YAL059C-A 6 106
YAL059W 10 156
YAL058W 32 602
YAL056C-A 11 217
YAL056W 55 728
YAL055W 11 1356
YAL054C 69 1404
YAL053W 52 1462
YAL051W 48 1397
YAL049C 15 540
YAL048C 21 220
YAL047W-A 4 14
YAL047C 11 65
YAL046C 5 42
YAL045C 4 138
YAL044W-A 7 236
YAL044C 9 99
YAL043C 18 144
YAL042C-A 9 161
YAL042W 28 512
YAL041W 13 238
YAL040C 12 149
YAL039C 35 442
YAL038W 18 168
YAL037C-B 8 101
YAL037C-A 2 28
YAL037W 13 83
YAL036C 15 756
YAL035W 11 65
YAL034C-B 7 73
YAL034W-A 7 76
YAL034C 26 647
YAL033W 0 0
YAL032C 16 343
YAL031W-A 8 46
YAL031C 18 182
YAL030W 8 262
YAL029C 40 629
YAL028W 18 474
YAL027W 11 372
YAL026C-A 4 108
YAL026C 20 186
YAL025C 0 0
YAL024C 18 156
YAL023C 30 316
YAL022C 25 455
YAL021C 15 161
YAL020C 14 335
YAL019W-A 15 317
YAL019W 18 437
YAL018C 6 14
YAL017W 56 762
YAL016C-B 7 170
YAL016C-A 4 53
YAL016W 7 20
YAL015C 16 227
YAL014C 12 70
YAL013W 1 9
YAL012W 16 263
YAL011W 6 59
YAL010C 1 2
YAL009W 3 83
YAL008W 6 127
YAL007C 9 103
YAL005C 44 753
YAL004W 20 565
YAL003W 2 45
YAL002W 54 4477
YAL001C 28 304
YAR002W 35 811
YAR002C-A 12 252
YAR003W 36 633
YAR007C 0 0
YAR008W 6 34
YAR014C 14 113
YAR015W 3 11
YAR018C 11 211
YAR019C 24 323
YAR019W-A 0 0
YAR020C 0 0
YAR023C 13 305
YAR027W 8 105
YAR028W 13 193
YAR029W 2 17
YAR030C 8 160
YAR031W 13 97
YAR033W 0 0
YAR035W 134 4194
YAR035C-A 0 0
YAR042W 46 626
YAR047C 0 0
YAR050W 16 146
YAR053W 0 0
YAR060C 0 0
YAR064W 1 3
YAR066W 0 0
YAR068W 2 13
YAR069C 0 0
YAR070C 4 28
YAR071W 0 0
YAR073W 3 12
YAR075W 4 31
YBL113C 1 5
YBL113W-A 0 0
YBL112C 0 0
YBL111C 0 0
YBL109W 34 1642
YBL108C-A 0 0
YBL108W 28 3574
YBL107W-A 0 0
YBL107C 7 13
YBL106C 23 249
YBL105C 18 252
YBL104C 62 1735
YBL103C 14 177
YBL102W 7 81
YBL101C 59 1908
YBL100W-C 8 548
YBL100C 0 0
YBL099W 9 102
YBL098W 29 1163
YBL097W 16 266
YBL096C 14 301
YBL095W 16 241
YBL094C 6 33
YBL093C 6 160
YBL092W 1 3
YBL091C-A 15 433
YBL091C 29 324
YBL090W 5 27
YBL089W 11 217
YBL088C 105 2213
YBL087C 4 8
YBL086C 7 328
YBL085W 20 146
YBL084C 3 47
YBL083C 2 3
YBL082C 25 423
YBL081W 14 952
YBL080C 15 245
YBL079W 23 346
YBL078C 0 0
YBL077W 12 1144
YBL076C 7 63
YBL075C 27 484
YBL074C 12 84
YBL073W 16 180
YBL072C 3 20
YBL071C-B 0 0
YBL071W-A 3 53
YBL071C 6 8
YBL070C 9 408
YBL069W 36 607
YBL068W-A 4 15
YBL068W 13 857
YBL067C 16 1160
YBL066C 45 694
YBL065W 12 186
YBL064C 20 1629
YBL063W 55 3267
YBL062W 4 26
YBL061C 22 392
YBL060W 30 535
YBL059C-A 0 0
YBL059W 6 115
YBL058W 12 177
YBL057C 11 262
YBL056W 18 599
YBL055C 19 248
YBL054W 19 385
YBL053W 7 148
YBL052C 17 347
YBL051C 12 277
YBL050W 6 70
YBL049W 5 30
YBL048W 1 9
YBL047C 40 862
YBL046W 33 794
YBL045C 3 55
YBL044W 54 6273
YBL043W 17 156
YBL042C 30 664
YBL041W 2 38
YBL040C 2 25
YBL039W-B 1 2
YBL039C 15 179
YBL039C-A 0 0
YBL038W 6 118
YBL037W 51 630
YBL036C 12 205
YBL035C 9 42
YBL034C 17 144
YBL033C 9 57
YBL032W 28 959
YBL031W 27 853
YBL030C 7 367
YBL029C-A 13 348
YBL029W 27 701
YBL028C 1 107
YBL027W 2 3
YBL026W 1 5
YBL025W 3 79
YBL024W 17 249
YBL023C 12 179
YBL022C 10 57
YBL021C 8 118
YBL020W 7 87
YBL019W 22 322
YBL018C 4 211
YBL017C 73 1865
YBL016W 33 645
YBL015W 76 1447
YBL014C 26 319
YBL013W 70 1902
YBL012C 7 142
YBL011W 21 253
YBL010C 8 32
YBL009W 24 368
YBL008W-A 4 129
YBL008W 32 266
YBL007C 16 276
YBL006C 14 166
YBL006W-A 8 138
YBL005W 21 251
YBL004W 13 136
YBL003C 8 397
YBL002W 13 718
YBL001C 28 1212
YBR001C 97 1818
YBR002C 4 26
YBR003W 7 36
YBR004C 4 11
YBR005W 16 487
YBR006W 40 1902
YBR007C 24 437
YBR008C 42 380
YBR009C 1 1
YBR010W 3 39
YBR011C 3 46
YBR012C 3 370
YBR013C 6 32
YBR014C 1 1
YBR015C 15 130
YBR016W 8 616
YBR017C 6 60
YBR018C 10 94
YBR019C 13 561
YBR020W 16 139
YBR021W 24 232
YBR022W 13 154
YBR023C 37 1245
YBR024W 17 296
YBR025C 10 150
YBR026C 7 114
YBR027C 5 89
YBR028C 6 74
YBR029C 6 65
YBR030W 11 167
YBR031W 3 129
YBR032W 47 7228
YBR033W 44 1736
YBR034C 39 1014
YBR035C 15 134
YBR036C 14 370
YBR037C 7 20
YBR038W 13 172
YBR039W 5 41
YBR040W 4 13
YBR041W 12 240
YBR042C 13 169
YBR043C 19 463
YBR044C 13 458
YBR045C 21 1306
YBR046C 17 85
YBR047W 20 549
YBR048W 6 63
YBR049C 16 205
YBR050C 19 302
YBR051W 8 209
YBR052C 16 158
YBR053C 23 314
YBR054W 24 409
YBR055C 20 295
YBR056W 16 286
YBR056W-A 6 195
YBR056C-B 5 191
YBR057C 10 298
YBR058C 19 294
YBR058C-A 1 3
YBR059C 38 673
YBR060C 8 83
YBR061C 14 85
YBR062C 5 137
YBR063C 7 68
YBR064W 1 3
YBR065C 11 257
YBR066C 15 121
YBR067C 3 20
YBR068C 45 1944
YBR069C 59 1560
YBR070C 1 8
YBR071W 14 232
YBR072W 14 436
YBR072C-A 10 2027
YBR073W 19 421
YBR074W 54 2442
YBR076W 25 1188
YBR076C-A 13 137
YBR077C 1 10
YBR078W 61 3338
YBR079C 24 378
YBR080C 4 25
YBR081C 30 332
YBR082C 16 79
YBR083W 28 489
YBR084W 29 425
YBR084C-A 2 43
YBR085W 3 21
YBR085C-A 5 86
YBR086C 22 814
YBR087W 4 79
YBR088C 5 84
YBR089W 3 13
YBR089C-A 25 1405
YBR090C 35 1592
YBR091C 0 0
YBR092C 26 576
YBR093C 26 1427
YBR094W 46 710
YBR095C 4 93
YBR096W 4 290
YBR097W 7 32
YBR098W 25 465
YBR099C 0 0
YBR101C 4 55
YBR102C 14 172
YBR103W 12 489
YBR103C-A 11 521
YBR104W 21 378
YBR105C 14 296
YBR106W 13 328
YBR107C 13 478
YBR108W 27 372
YBR109C 0 0
YBR109W-A 3 27
YBR110W 3 5
YBR111C 21 1851
YBR111W-A 2 13
YBR112C 15 192
YBR113W 0 0
YBR114W 42 565
YBR115C 73 1938
YBR116C 24 543
YBR117C 41 1076
YBR118W 1 17
YBR119W 6 100
YBR120C 0 0
YBR121C 1 1
YBR121C-A 0 0
YBR122C 3 62
YBR123C 7 41
YBR124W 7 286
YBR125C 22 1390
YBR126C 12 269
YBR126W-A 18 1634
YBR126W-B 13 894
YBR127C 7 131
YBR128C 35 673
YBR129C 5 661
YBR130C 9 127
YBR131W 7 62
YBR131C-A 0 0
YBR132C 34 2444
YBR133C 42 1397
YBR134W 18 2431
YBR135W 1 6
YBR136W 22 426
YBR137W 10 116
YBR138C 24 2392
YBR139W 26 396
YBR140C 67 1217
YBR141C 14 439
YBR141W-A 1 12
YBR142W 10 83
YBR143C 2 12
YBR144C 24 666
YBR145W 24 368
YBR146W 6 61
YBR147W 19 464
YBR148W 22 635
YBR149W 32 1335
YBR150C 41 655
YBR151W 20 2763
YBR152W 9 239
YBR153W 4 28
YBR154C 0 0
YBR155W 1 6
YBR156C 8 69
YBR157C 13 1072
YBR158W 29 687
YBR159W 6 146
YBR160W 6 73
YBR161W 7 35
YBR162C 14 450
YBR162W-A 3 45
YBR163W 3 5
YBR164C 5 84
YBR165W 10 423
YBR166C 12 178
YBR167C 3 15
YBR168W 4 31
YBR169C 23 525
YBR170C 8 66
YBR171W 6 34
YBR172C 36 925
YBR173C 0 0
YBR174C 8 121
YBR175W 15 481
YBR176W 18 379
YBR177C 24 1000
YBR178W 17 787
YBR179C 17 193
YBR180W 22 137
YBR181C 2 7
YBR182C 25 633
YBR182C-A 2 3
YBR183W 23 257
YBR184W 13 373
YBR185C 4 36
YBR186W 41 705
YBR187W 8 66
YBR188C 6 188
YBR189W 1 9
YBR190W 0 0
YBR191W 1 2
YBR191W-A 0 0
YBR192W 2 19
YBR193C 2 6
YBR194W 2 35
YBR195C 10 164
YBR196C 7 434
YBR196C-A 4 23
YBR196C-B 6 382
YBR197C 47 2547
YBR198C 7 64
YBR199W 18 566
YBR200W 3 5
YBR200W-A 2 119
YBR201W 6 38
YBR201C-A 4 40
YBR202W 20 834
YBR203W 61 2012
YBR204C 19 156
YBR205W 18 374
YBR206W 7 141
YBR207W 19 413
YBR208C 90 2793
YBR209W 20 912
YBR210W 2 5
YBR211C 2 18
YBR212W 25 561
YBR213W 22 412
YBR214W 44 1427
YBR215W 12 154
YBR216C 22 259
YBR217W 7 180
YBR218C 75 4044
YBR219C 31 1399
YBR220C 28 1200
YBR221C 15 122
YBR221W-A 5 54
YBR222C 34 850
YBR223C 22 424
YBR223W-A 8 167
YBR224W 7 92
YBR225W 18 542
YBR226C 6 107
YBR227C 3 12
YBR228W 16 281
YBR229C 33 175
YBR230C 6 203
YBR230W-A 31 455
YBR231C 9 55
YBR232C 4 36
YBR233W 10 71
YBR233W-A 0 0
YBR234C 2 4
YBR235W 65 1597
YBR236C 8 44
YBR237W 9 32
YBR238C 21 1413
YBR239C 53 1081
YBR240C 27 1952
YBR241C 50 809
YBR242W 22 393
YBR243C 0 0
YBR244W 10 69
YBR245C 37 885
YBR246W 18 156
YBR247C 3 8
YBR248C 36 420
YBR249C 14 226
YBR250W 26 693
YBR251W 7 66
YBR252W 4 103
YBR253W 0 0
YBR254C 4 10
YBR255W 36 343
YBR255C-A 13 493
YBR256C 5 69
YBR257W 6 72
YBR258C 2 5
YBR259W 25 539
YBR260C 43 1508
YBR261C 21 1266
YBR262C 12 209
YBR263W 17 520
YBR264C 10 130
YBR265W 1 1
YBR267W 7 73
YBR266C 0 0
YBR268W 1 4
YBR269C 7 99
YBR270C 17 482
YBR271W 19 216
YBR272C 9 121
YBR273C 12 164
YBR274W 19 241
YBR275C 67 946
YBR276C 30 604
YBR277C 10 143
YBR278W 19 267
YBR279W 4 57
YBR280C 31 1611
YBR281C 24 330
YBR282W 4 36
YBR283C 20 258
YBR284W 43 944
YBR285W 5 55
YBR286W 64 1880
YBR287W 21 450
YBR288C 26 1047
YBR289W 19 2529
YBR290W 9 43
YBR291C 33 1532
YBR292C 7 90
YBR293W 23 1321
YBR294W 32 416
YBR295W 59 1126
YBR296C 34 930
YBR296C-A 11 324
YBR297W 28 328
YBR298C 60 5018
YBR298C-A 13 2239
YBR299W 18 102
YBR300C 1 3
YBR301W 0 0
YBR302C 0 0
YCL076W 18 469
YCL073C 9 81
YCL069W 0 0
YCL068C 0 0
YCL067C 0 0
YCL066W 0 0
YCL065W 0 0
YCL064C 23 219
YCL063W 15 430
YCL061C 10 58
YCL059C 1 14
YCL058C 7 69
YCL058W-A 6 66
YCL057C-A 9 54
YCL057W 29 674
YCL056C 2 5
YCL055W 8 153
YCL054W 16 252
YCL052C 7 38
YCL051W 18 379
YCL050C 15 207
YCL049C 6 31
YCL048W-A 1 13
YCL048W 24 416
YCL047C 16 146
YCL045C 27 474
YCL046W 2 5
YCL044C 9 100
YCL043C 14 55
YCL041C 3 163
YCL042W 14 405
YCL040W 134 6339
YCL039W 44 891
YCL038C 13 58
YCL037C 7 48
YCL036W 42 823
YCL035C 8 69
YCL034W 20 140
YCL033C 12 66
YCL032W 26 493
YCL031C 4 7
YCL030C 35 796
YCL029C 42 983
YCL028W 9 121
YCL027W 21 381
YCL026C-B 1 7
YCL026C-A 7 668
YCL025C 64 1368
YCL023C 12 263
YCL024W 51 679
YCL022C 6 40
YCL021W-A 5 52
YCL018W 21 215
YCL017C 10 143
YCL016C 9 40
YCL014W 32 378
YCL012C 6 10
YCL011C 16 187
YCL010C 29 822
YCL009C 16 534
YCL008C 16 305
YCL007C 1 4
YCL005W-A 1 4
YCL005W 8 1129
YCL004W 2 5
YCL002C 10 51
YCL001W 3 26
YCL001W-A 0 0
YCL001W-B 5 106
YCR001W 7 82
YCR002C 5 43
YCR003W 5 57
YCR004C 3 5
YCR005C 45 954
YCR006C 47 1533
YCR007C 6 66
YCR008W 18 137
YCR009C 0 0
YCR010C 9 187
YCR011C 63 1088
YCR012W 6 50
YCR013C 5 32
YCR014C 8 246
YCR015C 15 308
YCR016W 12 123
YCR017C 23 453
YCR018C 10 56
YCR018C-A 7 290
YCR019W 20 158
YCR020C 11 73
YCR020C-A 7 154
YCR020W-B 0 0
YCR021C 24 576
YCR022C 30 359
YCR023C 40 1029
YCR024C 6 22
YCR024C-B 13 359
YCR024C-A 1 29
YCR025C 31 4189
YCR026C 45 2501
YCR027C 1 38
YCR028C 9 216
YCR028C-A 0 0
YCR030C 20 305
YCR031C 3 12
YCR032W 49 671
YCR033W 37 472
YCR034W 1 1
YCR035C 4 30
YCR036W 29 907
YCR037C 23 332
YCR038C 7 30
YCR038W-A 0 0
YCR039C 0 0
YCR040W 0 0
YCR041W 0 0
YCR042C 17 120
YCR043C 15 405
YCR044C 1 14
YCR045C 26 334
YCR045W-A 2 7
YCR046C 7 52
YCR047C 4 36
YCR047W-A 0 0
YCR049C 13 180
YCR048W 43 813
YCR050C 2 17
YCR051W 6 74
YCR052W 1 1
YCR053W 6 132
YCR054C 6 150
YCR057C 8 125
YCR059C 23 280
YCR060W 12 218
YCR061W 54 3002
YCR064C 29 2680
YCR063W 6 330
YCR065W 36 528
YCR066W 10 117
YCR067C 25 184
YCR068W 33 983
YCR069W 22 1013
YCR071C 6 65
YCR072C 5 51
YCR073C 32 841
YCR073W-A 22 465
YCR075C 8 83
YCR075W-A 1 23
YCR076C 15 141
YCR077C 14 132
YCR079W 27 505
YCR081W 22 170
YCR081C-A 1 7
YCR082W 11 261
YCR083W 6 77
YCR084C 15 145
YCR085W 4 44
YCR086W 10 126
YCR087W 13 171
YCR087C-A 9 148
YCR088W 28 404
YCR089W 27 955
YCR090C 10 82
YCR091W 49 867
YCR092C 27 232
YCR093W 28 404
YCR094W 6 29
YCR095C 4 28
YCR095W-A 3 6
YCR096C 0 0
YCR097W 0 0
YCR097W-A 1 9
YCR098C 19 252
YCR099C 5 78
YCR100C 12 87
YCR101C 11 703
YCR102C 29 880
YCR102W-A 0 0
YCR104W 4 15
YCR105W 49 3151
YCR106W 52 2326
YCR107W 7 126
YCR108C 13 220
YDL248W 2 21
YDL247W-A 0 0
YDL247W 0 0
YDL246C 0 0
YDL245C 4 79
YDL244W 17 288
YDL243C 15 191
YDL242W 19 276
YDL241W 5 123
YDL240C-A 30 2755
YDL240W 42 1219
YDL239C 10 176
YDL238C 38 2964
YDL237W 12 78
YDL236W 9 618
YDL235C 0 0
YDL234C 22 227
YDL233W 13 622
YDL232W 0 0
YDL231C 55 1171
YDL230W 25 561
YDL229W 25 387
YDL228C 9 84
YDL227C 13 1024
YDL226C 7 66
YDL225W 9 34
YDL224C 13 225
YDL223C 58 788
YDL222C 27 1216
YDL221W 41 2821
YDL220C 43 1245
YDL219W 2 3
YDL218W 17 268
YDL217C 2 12
YDL216C 16 307
YDL215C 75 8293
YDL214C 48 1861
YDL213C 19 185
YDL212W 6 292
YDL211C 7 118
YDL210W 17 141
YDL209C 0 0
YDL208W 0 0
YDL207W 4 15
YDL206W 21 324
YDL205C 4 10
YDL204W 27 527
YDL203C 12 111
YDL202W 6 57
YDL201W 15 605
YDL200C 4 75
YDL199C 19 118
YDL198C 21 867
YDL197C 39 621
YDL196W 16 261
YDL195W 7 60
YDL194W 19 191
YDL193W 4 17
YDL192W 5 6
YDL191W 1 2
YDL190C 30 563
YDL189W 17 762
YDL188C 20 398
YDL187C 5 257
YDL186W 13 538
YDL185C-A 1 9
YDL185W 14 125
YDL184C 3 12
YDL183C 10 141
YDL182W 48 2921
YDL181W 9 214
YDL180W 17 395
YDL179W 6 19
YDL178W 34 1156
YDL177C 12 187
YDL176W 28 953
YDL175C 11 133
YDL174C 37 660
YDL173W 13 271
YDL172C 6 182
YDL171C 127 6579
YDL170W 30 309
YDL169C 12 219
YDL168W 29 1860
YDL167C 18 323
YDL166C 0 0
YDL165W 4 14
YDL164C 15 600
YDL163W 1 3
YDL162C 21 875
YDL161W 18 540
YDL160C-A 5 357
YDL160C 9 79
YDL159W-A 2 8
YDL159W 22 566
YDL159C-B 0 0
YDL158C 4 84
YDL157C 2 3
YDL156W 32 1189
YDL155W 22 1514
YDL154W 36 803
YDL153C 0 0
YDL152W 0 0
YDL151C 1 8
YDL150W 6 94
YDL149W 18 240
YDL148C 20 145
YDL147W 4 56
YDL146W 9 118
YDL145C 18 255
YDL144C 34 1060
YDL143W 9 39
YDL142C 15 451
YDL141W 9 68
YDL140C 21 761
YDL139C 4 38
YDL138W 42 989
YDL137W 35 708
YDL136W 4 17
YDL135C 17 518
YDL134C 12 78
YDL133C-A 1 6
YDL133W 19 368
YDL132W 10 63
YDL131W 37 1252
YDL130W-A 7 194
YDL130W 2 25
YDL129W 11 251
YDL128W 21 1165
YDL127W 45 1918
YDL126C 19 197
YDL125C 28 695
YDL124W 30 1005
YDL123W 9 44
YDL122W 27 593
YDL121C 12 258
YDL120W 1 2
YDL119C 26 698
YDL118W 10 355
YDL117W 20 394
YDL116W 10 85
YDL115C 17 427
YDL114W-A 0 0
YDL114W 13 245
YDL113C 14 499
YDL112W 65 1046
YDL111C 6 52
YDL110C 10 109
YDL109C 20 190
YDL108W 4 26
YDL107W 7 59
YDL106C 21 223
YDL105W 3 53
YDL104C 19 405
YDL103C 2 3
YDL102W 14 211
YDL101C 7 36
YDL100C 7 62
YDL099W 9 107
YDL098C 4 89
YDL097C 14 139
YDL096C 9 81
YDL095W 26 457
YDL094C 17 611
YDL093W 23 429
YDL092W 9 186
YDL091C 18 175
YDL090C 3 9
YDL089W 25 313
YDL088C 12 256
YDL087C 2 31
YDL086W 49 2171
YDL086C-A 38 2013
YDL085C-A 10 610
YDL085W 31 814
YDL084W 3 545
YDL083C 1 3
YDL082W 5 41
YDL081C 0 0
YDL080C 16 425
YDL079C 44 1117
YDL078C 13 278
YDL077C 14 244
YDL076C 18 491
YDL075W 0 0
YDL074C 14 358
YDL073W 12 129
YDL072C 14 513
YDL071C 5 37
YDL070W 18 324
YDL069C 5 113
YDL068W 0 0
YDL067C 3 14
YDL066W 33 1056
YDL065C 20 236
YDL064W 13 57
YDL063C 14 153
YDL062W 2 12
YDL061C 0 0
YDL060W 7 112
YDL059C 1 15
YDL058W 25 278
YDL057W 22 182
YDL056W 37 1153
YDL055C 5 8
YDL054C 37 496
YDL053C 4 87
YDL052C 18 291
YDL051W 12 385
YDL050C 4 74
YDL049C 35 1043
YDL048C 65 1869
YDL047W 4 23
YDL046W 9 937
YDL045W-A 1 8
YDL045C 0 0
YDL044C 6 32
YDL043C 2 3
YDL042C 49 2643
YDL041W 17 498
YDL040C 14 311
YDL039C 52 1065
YDL037C 11 240
YDL036C 20 425
YDL035C 24 517
YDL034W 5 157
YDL033C 20 391
YDL032W 2 38
YDL031W 5 62
YDL030W 4 21
YDL029W 2 4
YDL028C 16 163
YDL027C 10 277
YDL026W 2 2
YDL025C 22 364
YDL025W-A 0 0
YDL024C 24 866
YDL022C-A 5 27
YDL023C 13 666
YDL022W 37 838
YDL021W 10 431
YDL020C 9 29
YDL019C 49 1522
YDL018C 11 75
YDL017W 8 48
YDL016C 0 0
YDL015C 1 51
YDL014W 2 3
YDL013W 3 47
YDL012C 5 10
YDL011C 3 17
YDL010W 3 17
YDL009C 1 92
YDL008W 9 44
YDL007C-A 3 103
YDL007W 7 36
YDL006W 5 66
YDL005C 3 23
YDL004W 0 0
YDL003W 6 53
YDL002C 14 52
YDL001W 47 1374
YDR001C 69 1475
YDR002W 0 0
YDR003W 5 98
YDR003W-A 4 143
YDR004W 9 105
YDR005C 1 5
YDR006C 29 475
YDR007W 13 271
YDR008C 19 269
YDR009W 51 1594
YDR010C 39 2719
YDR011W 89 2240
YDR012W 1 99
YDR013W 0 0
YDR014W 11 348
YDR014W-A 6 26
YDR015C 4 22
YDR016C 1 18
YDR017C 20 288
YDR018C 24 637
YDR019C 23 319
YDR020C 16 160
YDR021W 0 0
YDR022C 12 191
YDR023W 0 0
YDR024W 6 35
YDR025W 0 0
YDR026C 18 135
YDR027C 10 119
YDR028C 19 163
YDR029W 0 0
YDR030C 24 248
YDR031W 1 3
YDR032C 9 187
YDR033W 23 1137
YDR034C 26 455
YDR034C-A 0 0
YDR034W-B 2 2
YDR035W 16 193
YDR036C 8 20
YDR037W 13 260
YDR038C 5 52
YDR039C 6 25
YDR040C 23 1079
YDR041W 4 30
YDR042C 2 7
YDR043C 10 92
YDR044W 3 73
YDR045C 1 1
YDR046C 40 1056
YDR047W 6 32
YDR048C 14 213
YDR049W 12 153
YDR050C 0 0
YDR051C 22 337
YDR052C 3 3
YDR053W 1 1
YDR054C 7 30
YDR055W 9 52
YDR056C 9 62
YDR057W 16 297
YDR058C 8 156
YDR059C 10 397
YDR060W 8 56
YDR061W 29 654
YDR062W 3 8
YDR063W 6 75
YDR064W 0 0
YDR065W 2 44
YDR066C 23 1656
YDR067C 5 191
YDR068W 4 53
YDR069C 10 54
YDR070C 5 24
YDR071C 7 34
YDR072C 44 1771
YDR073W 14 104
YDR074W 21 159
YDR075W 17 181
YDR076W 46 803
YDR077W 30 625
YDR078C 20 235
YDR079W 4 124
YDR079C-A 1 8
YDR080W 16 98
YDR081C 7 73
YDR082W 7 69
YDR083W 10 134
YDR084C 5 110
YDR085C 22 734
YDR086C 0 0
YDR087C 0 0
YDR088C 4 40
YDR089W 42 902
YDR090C 7 132
YDR091C 6 80
YDR092W 11 156
YDR093W 157 13804
YDR094W 52 9573
YDR095C 48 4755
YDR096W 23 1263
YDR097C 22 264
YDR098C 25 527
YDR099W 16 280
YDR100W 13 278
YDR101C 8 95
YDR102C 14 537
YDR103W 16 173
YDR104C 56 823
YDR105C 19 250
YDR106W 15 415
YDR107C 22 378
YDR108W 10 57
YDR109C 24 547
YDR110W 13 112
YDR111C 21 290
YDR112W 11 97
YDR113C 4 18
YDR114C 12 669
YDR115W 0 0
YDR116C 9 67
YDR117C 15 138
YDR118W 11 186
YDR118W-A 4 17
YDR119W 34 1072
YDR119W-A 16 1967
YDR120C 14 97
YDR121W 3 128
YDR122W 26 329
YDR123C 14 426
YDR124W 12 338
YDR125C 10 115
YDR126W 24 494
YDR127W 23 681
YDR128W 54 2296
YDR129C 9 186
YDR130C 7 93
YDR131C 22 574
YDR132C 19 369
YDR133C 1 1
YDR135C 56 1179
YDR136C 32 1312
YDR137W 16 289
YDR138W 3 6
YDR139C 1 10
YDR140W 2 12
YDR141C 20 262
YDR142C 22 240
YDR143C 31 1943
YDR144C 21 190
YDR145W 4 94
YDR146C 18 214
YDR147W 21 951
YDR148C 10 51
YDR149C 3 50
YDR150W 71 2101
YDR151C 25 1142
YDR152W 15 109
YDR153C 17 574
YDR154C 16 288
YDR155C 16 88
YDR156W 11 172
YDR157W 26 337
YDR158W 3 22
YDR159W 20 115
YDR160W 12 49
YDR161W 0 0
YDR162C 0 0
YDR163W 11 1050
YDR164C 20 100
YDR165W 4 10
YDR166C 20 416
YDR167W 4 106
YDR168W 8 52
YDR169C 6 75
YDR169C-A 4 31
YDR170C 19 212
YDR171W 16 427
YDR172W 9 67
YDR173C 3 31
YDR174W 8 66
YDR175C 6 27
YDR176W 14 229
YDR177W 4 72
YDR178W 14 221
YDR179C 7 67
YDR179W-A 11 90
YDR180W 14 146
YDR181C 6 74
YDR182W 10 115
YDR182W-A 3 339
YDR183W 15 488
YDR183C-A 4 25
YDR184C 6 71
YDR185C 19 657
YDR186C 49 1395
YDR187C 1 1
YDR188W 9 113
YDR189W 8 75
YDR190C 7 44
YDR191W 17 347
YDR192C 9 314
YDR193W 5 200
YDR194C 4 39
YDR194W-A 0 0
YDR195W 4 52
YDR196C 0 0
YDR197W 4 17
YDR198C 15 154
YDR199W 2 3
YDR200C 19 169
YDR201W 2 17
YDR202C 7 30
YDR203W 1 35
YDR204W 8 65
YDR205W 43 1651
YDR206W 19 338
YDR207C 3 8
YDR208W 23 653
YDR209C 2 2
YDR210W 1 1
YDR211W 3 24
YDR212W 4 9
YDR213W 23 496
YDR214W 61 2444
YDR215C 79 7169
YDR216W 64 1588
YDR217C 58 1158
YDR218C 13 94
YDR219C 6 53
YDR220C 14 2549
YDR221W 35 1059
YDR222W 12 56
YDR223W 23 385
YDR224C 0 0
YDR225W 2 9
YDR226W 6 57
YDR227W 13 201
YDR228C 6 31
YDR229W 14 513
YDR230W 8 30
YDR231C 16 93
YDR232W 3 47
YDR233C 12 296
YDR234W 58 2257
YDR235W 0 0
YDR236C 3 6
YDR237W 1 3
YDR238C 6 45
YDR239C 24 332
YDR240C 3 12
YDR241W 4 105
YDR242W 41 904
YDR243C 4 55
YDR244W 20 217
YDR245W 4 65
YDR246W 5 108
YDR246W-A 40 3820
YDR247W 15 144
YDR248C 10 119
YDR249C 10 135
YDR250C 26 1062
YDR251W 22 296
YDR252W 2 8
YDR253C 11 82
YDR254W 6 47
YDR255C 12 473
YDR256C 32 723
YDR257C 13 874
YDR258C 58 1591
YDR259C 20 1178
YDR260C 51 2772
YDR261C 39 1186
YDR262W 13 792
YDR263C 19 1245
YDR264C 23 229
YDR265W 7 91
YDR266C 18 239
YDR267C 6 7
YDR268W 8 70
YDR269C 1 3
YDR270W 11 65
YDR271C 4 25
YDR272W 17 865
YDR273W 7 34
YDR274C 79 5938
YDR275W 20 255
YDR276C 3 7
YDR277C 40 816
YDR278C 10 95
YDR279W 6 68
YDR280W 2 70
YDR281C 1 5
YDR282C 15 114
YDR283C 71 1065
YDR284C 15 315
YDR285W 23 228
YDR286C 3 27
YDR287W 7 84
YDR288W 5 28
YDR289C 4 25
YDR290W 6 54
YDR291W 48 1646
YDR292C 21 131
YDR293C 48 1080
YDR294C 29 280
YDR295C 8 311
YDR296W 10 106
YDR297W 31 5973
YDR298C 0 0
YDR299W 10 172
YDR300C 7 152
YDR301W 8 41
YDR302W 2 3
YDR303C 10 119
YDR304C 17 265
YDR305C 27 789
YDR306C 19 513
YDR307W 16 278
YDR308C 1 2
YDR309C 19 680
YDR310C 31 687
YDR311W 5 56
YDR312W 18 258
YDR313C 18 422
YDR314C 20 686
YDR315C 5 17
YDR316W 16 92
YDR317W 13 500
YDR318W 9 144
YDR319C 14 140
YDR320C 9 145
YDR320C-A 0 0
YDR320W-B 1 5
YDR321W 11 529
YDR322W 10 65
YDR322C-A 0 0
YDR323C 15 163
YDR324C 6 60
YDR325W 18 168
YDR326C 61 1295
YDR327W 4 106
YDR328C 4 103
YDR329C 23 448
YDR330W 26 265
YDR331W 5 20
YDR332W 14 88
YDR333C 16 242
YDR334W 27 365
YDR335W 19 157
YDR336W 18 466
YDR337W 7 40
YDR338C 30 1027
YDR339C 1 1
YDR340W 1 3
YDR341C 8 152
YDR342C 16 315
YDR343C 9 285
YDR344C 27 747
YDR345C 46 1273
YDR346C 25 573
YDR347W 5 18
YDR348C 32 1798
YDR349C 5 50
YDR350C 1 46
YDR351W 29 678
YDR352W 8 66
YDR353W 3 23
YDR354W 16 314
YDR354C-A 1 1
YDR355C 0 0
YDR356W 12 136
YDR357C 13 204
YDR358W 25 415
YDR359C 13 312
YDR360W 0 0
YDR361C 10 54
YDR362C 7 1077
YDR363W 7 59
YDR363W-A 0 0
YDR364C 9 68
YDR365C 6 41
YDR366C 9 91
YDR367W 3 29
YDR368W 15 771
YDR369C 19 383
YDR370C 14 209
YDR371W 24 214
YDR371C-A 2 13
YDR372C 10 237
YDR373W 2 7
YDR374C 11 108
YDR374W-A 2 8
YDR375C 4 171
YDR376W 13 101
YDR377W 1 9
YDR378C 1 3
YDR379W 46 616
YDR379C-A 3 36
YDR380W 31 767
YDR381W 5 49
YDR381C-A 0 0
YDR382W 0 0
YDR383C 8 258
YDR384C 33 2066
YDR385W 1 1
YDR386W 23 569
YDR387C 18 828
YDR388W 6 57
YDR389W 19 184
YDR390C 13 69
YDR391C 19 839
YDR392W 2 4
YDR393W 19 444
YDR394W 9 50
YDR395W 40 559
YDR396W 11 649
YDR397C 9 591
YDR398W 10 229
YDR399W 23 839
YDR400W 13 109
YDR401W 22 822
YDR402C 31 972
YDR403W 36 766
YDR404C 1 5
YDR405W 23 297
YDR406W 184 30574
YDR406W-A 0 0
YDR407C 17 182
YDR408C 8 119
YDR409W 37 510
YDR410C 29 539
YDR411C 16 449
YDR412W 0 0
YDR413C 0 0
YDR414C 15 170
YDR415C 26 783
YDR416W 11 50
YDR417C 2 3
YDR418W 2 3
YDR419W 38 671
YDR420W 51 2024
YDR421W 40 1514
YDR422C 36 633
YDR423C 35 1071
YDR424C 15 326
YDR425W 25 270
YDR426C 12 376
YDR427W 3 22
YDR428C 13 98
YDR429C 3 226
YDR430C 33 340
YDR431W 8 31
YDR432W 13 178
YDR433W 10 151
YDR434W 5 65
YDR435C 29 543
YDR436W 52 1108
YDR437W 9 473
YDR438W 13 132
YDR439W 2 517
YDR440W 20 391
YDR441C 15 2266
YDR442W 5 79
YDR443C 32 383
YDR444W 37 995
YDR445C 24 2922
YDR446W 21 2070
YDR447C 2 20
YDR448W 11 76
YDR449C 5 102
YDR450W 0 0
YDR451C 20 619
YDR452W 46 2048
YDR453C 30 6987
YDR454C 1 2
YDR455C 13 82
YDR456W 20 178
YDR457W 75 1051
YDR458C 18 484
YDR459C 20 216
YDR460W 6 32
YDR461W 1 10
YDR461C-A 6 93
YDR462W 6 66
YDR463W 48 906
YDR464W 5 22
YDR464C-A 0 0
YDR465C 13 471
YDR466W 32 765
YDR467C 15 456
YDR468C 6 66
YDR469W 4 6
YDR470C 4 59
YDR471W 1 13
YDR472W 3 5
YDR473C 8 78
YDR475C 56 2230
YDR476C 76 3039
YDR477W 9 103
YDR478W 3 28
YDR479C 21 313
YDR480W 23 336
YDR481C 53 1024
YDR482C 22 455
YDR483W 13 358
YDR484W 14 373
YDR485C 10 70
YDR486C 13 203
YDR487C 3 20
YDR488C 60 1961
YDR489W 8 117
YDR490C 60 4305
YDR491C 43 1422
YDR492W 18 308
YDR493W 5 110
YDR494W 12 477
YDR495C 14 138
YDR496C 12 135
YDR497C 44 1323
YDR498C 8 966
YDR499W 6 68
YDR500C 4 18
YDR501W 7 76
YDR502C 28 884
YDR503C 11 144
YDR504C 2 8
YDR505C 20 1473
YDR506C 79 4394
YDR507C 43 894
YDR508C 46 855
YDR509W 7 195
YDR510W 3 24
YDR510C-A 0 0
YDR511W 8 74
YDR512C 27 324
YDR513W 2 5
YDR514C 13 1170
YDR515W 4 14
YDR516C 34 1340
YDR517W 31 1289
YDR518W 27 1761
YDR519W 11 158
YDR520C 13 72
YDR521W 6 38
YDR522C 14 314
YDR523C 28 890
YDR524C 20 526
YDR524W-C 0 0
YDR524C-B 5 26
YDR524C-A 8 18
YDR525W 14 281
YDR525W-A 28 773
YDR526C 0 0
YDR527W 20 7059
YDR528W 23 391
YDR529C 1 19
YDR530C 43 778
YDR531W 7 125
YDR532C 1 20
YDR533C 12 1499
YDR534C 20 1701
YDR535C 48 1569
YDR536W 43 2093
YDR537C 7 170
YDR538W 9 173
YDR539W 32 610
YDR540C 5 13
YDR541C 22 980
YDR542W 1 3
YDR543C 7 514
YDR544C 9 216
YDR545W 0 0
YDR545C-A 0 0
YEL077C 8 214
YEL077W-A 0 0
YEL076C-A 0 0
YEL076C 0 0
YEL075W-A 0 0
YEL075C 0 0
YEL074W 13 779
YEL073C 5 50
YEL072W 30 499
YEL071W 44 1265
YEL070W 12 110
YEL069C 20 238
YEL068C 5 23
YEL067C 46 3868
YEL066W 25 1456
YEL065W 55 1069
YEL064C 24 464
YEL063C 19 378
YEL062W 13 160
YEL061C 26 266
YEL060C 37 1532
YEL059C-A 9 251
YEL059W 41 4076
YEL058W 7 55
YEL057C 15 143
YEL056W 24 492
YEL055C 11 64
YEL054C 2 28
YEL053W-A 2 28
YEL053C 10 111
YEL052W 9 359
YEL051W 2 40
YEL050W-A 4 231
YEL050C 11 190
YEL049W 14 957
YEL048C 0 0
YEL047C 28 1440
YEL046C 10 1022
YEL045C 33 887
YEL044W 4 92
YEL043W 37 714
YEL042W 26 632
YEL041W 25 904
YEL040W 53 1901
YEL039C 12 361
YEL038W 25 355
YEL037C 31 814
YEL036C 9 132
YEL035C 42 1893
YEL034C-A 9 34
YEL034W 4 9
YEL033W 38 682
YEL032W 7 82
YEL032C-A 1 4
YEL031W 36 184
YEL030C-A 1 1
YEL030W 10 117
YEL029C 5 90
YEL028W 0 0
YEL027W 0 0
YEL026W 0 0
YEL025C 53 2696
YEL024W 2 9
YEL023C 31 521
YEL022W 41 500
YEL021W 25 59
YEL020C-B 0 0
YEL020W-A 1 2
YEL020C 37 378
YEL019C 5 79
YEL018C-A 3 13
YEL018W 5 33
YEL017C-A 4 515
YEL017W 8 57
YEL016C 32 757
YEL015W 28 388
YEL014C 12 171
YEL013W 11 72
YEL012W 29 1418
YEL011W 52 1197
YEL010W 3 130
YEL009C-A 5 217
YEL009C 25 766
YEL008W 69 8530
YEL008C-A 17 519
YEL007W 13 265
YEL006W 18 391
YEL005C 17 223
YEL004W 16 376
YEL003W 6 68
YEL002C 5 53
YEL001C 27 492
YER001W 61 930
YER002W 2 18
YER003C 6 49
YER004W 23 445
YER005W 64 2022
YER006W 9 72
YER006C-A 7 300
YER007W 10 1186
YER007C-A 2 91
YER008C 12 65
YER009W 0 0
YER010C 22 368
YER011W 5 84
YER012W 0 0
YER013W 12 50
YER014W 8 28
YER014C-A 23 1461
YER015W 26 381
YER016W 14 191
YER017C 13 89
YER018C 4 45
YER019W 17 293
YER019C-A 1 1
YER020W 20 681
YER021W 5 99
YER022W 6 41
YER023W 2 47
YER023C-A 0 0
YER024W 45 1308
YER025W 2 3
YER026C 0 0
YER027C 10 140
YER028C 22 550
YER029C 5 45
YER030W 0 0
YER031C 6 26
YER032W 13 72
YER033C 35 977
YER034W 19 507
YER035W 23 502
YER036C 8 123
YER037W 24 543
YER038C 2 6
YER038W-A 1 4
YER039C 8 92
YER039C-A 7 251
YER040W 5 44
YER041W 23 785
YER042W 24 1575
YER043C 12 294
YER044C 3 20
YER044C-A 24 430
YER045C 19 447
YER046W 10 377
YER046W-A 3 92
YER047C 27 561
YER048C 10 97
YER048W-A 1 2
YER049W 11 101
YER050C 3 5
YER051W 13 124
YER052C 11 106
YER053C 25 443
YER053C-A 0 0
YER054C 46 988
YER055C 17 425
YER056C 29 427
YER056C-A 0 0
YER057C 7 104
YER058W 0 0
YER059W 8 234
YER060W 30 1074
YER060W-A 21 246
YER061C 8 136
YER062C 15 236
YER063W 10 395
YER064C 17 709
YER065C 72 3879
YER066W 9 113
YER066C-A 14 296
YER067W 10 80
YER067C-A 6 42
YER068W 23 4227
YER068C-A 21 1979
YER069W 66 2685
YER070W 11 183
YER071C 4 144
YER072W 7 147
YER073W 18 176
YER074W 1 2
YER074W-A 0 0
YER075C 30 558
YER076C 10 185
YER076W-A 3 39
YER077C 13 163
YER078C 34 789
YER078W-A 10 287
YER079W 10 408
YER079C-A 5 49
YER080W 28 622
YER081W 57 871
YER082C 2 9
YER083C 6 95
YER084W 14 147
YER084W-A 1 67
YER085C 1 67
YER086W 18 247
YER087W 18 108
YER087C-A 9 67
YER087C-B 7 118
YER088C 44 1732
YER088C-A 69 11783
YER088W-B 14 707
YER089C 65 2084
YER090W 11 447
YER090C-A 2 278
YER091C 18 142
YER091C-A 18 726
YER092W 12 269
YER093C 24 609
YER093C-A 4 52
YER094C 2 6
YER095W 13 83
YER096W 13 416
YER097W 10 300
YER098W 36 1079
YER099C 12 83
YER100W 9 191
YER101C 21 521
YER102W 0 0
YER103W 16 435
YER104W 12 594
YER105C 49 952
YER106W 3 15
YER107C 2 12
YER107W-A 5 17
YER109C 20 519
YER110C 10 57
YER111C 27 297
YER112W 0 0
YER113C 19 438
YER114C 38 873
YER115C 7 48
YER116C 4 10
YER117W 0 0
YER118C 7 44
YER119C 40 975
YER119C-A 21 1898
YER120W 5 93
YER121W 14 871
YER122C 2 10
YER123W 20 381
YER124C 7 536
YER125W 8 129
YER126C 7 61
YER127W 1 1
YER128W 11 325
YER129W 61 599
YER130C 34 753
YER131W 0 0
YER132C 83 1517
YER133W 3 31
YER133W-A 2 332
YER134C 9 561
YER135C 8 80
YER136W 6 16
YER137C 12 170
YER137W-A 6 92
YER138W-A 0 0
YER139C 9 509
YER140W 30 285
YER141W 5 51
YER142C 15 556
YER143W 25 394
YER144C 41 1057
YER145C 27 376
YER145C-A 2 6
YER146W 1 18
YER147C 15 174
YER147C-A 2 52
YER148W 2 52
YER148W-A 10 205
YER149C 21 383
YER150W 2 3
YER151C 12 93
YER152C 30 652
YER152W-A 7 30
YER153C 11 79
YER154W 6 42
YER155C 49 557
YER156C 18 352
YER157W 26 607
YER158C 20 245
YER158W-A 5 70
YER159C 4 41
YER161C 8 50
YER162C 15 292
YER163C 26 767
YER164W 38 440
YER165W 2 10
YER165C-A 4 54
YER166W 86 2196
YER167W 43 1309
YER168C 10 124
YER169W 36 966
YER170W 12 143
YER171W 9 80
YER172C 23 167
YER172C-A 2 49
YER173W 16 237
YER174C 15 455
YER175C 41 782
YER175W-A 2 10
YER176W 105 4174
YER177W 31 998
YER178W 29 260
YER179W 20 553
YER180C 6 33
YER180C-A 9 147
YER181C 4 26
YER182W 10 165
YER183C 13 310
YER184C 17 132
YER185W 16 147
YER186C 38 4065
YER187W 8 357
YER188W 13 899
YER188C-A 4 88
YER189W 0 0
YER190W 3 54
YER190C-A 0 0
YER190C-B 0 0
YFL068W 0 0
YFL067W 0 0
YFL066C 0 0
YFL065C 0 0
YFL064C 0 0
YFL063W 12 302
YFL062W 2 29
YFL061W 5 43
YFL060C 2 4
YFL059W 13 232
YFL058W 5 34
YFL057C 2 39
YFL056C 5 16
YFL055W 27 380
YFL054C 40 474
YFL053W 23 680
YFL052W 45 979
YFL051C 10 96
YFL050C 33 354
YFL049W 12 131
YFL048C 14 167
YFL047W 23 253
YFL046W 24 360
YFL045C 0 0
YFL044C 18 298
YFL042C 41 1184
YFL041W-A 4 60
YFL041W 33 704
YFL040W 28 611
YFL039C 6 70
YFL038C 8 52
YFL037W 10 43
YFL036W 23 276
YFL034C-B 2 9
YFL034C-A 11 187
YFL034W 39 284
YFL033C 85 1104
YFL032W 6 362
YFL031W 5 116
YFL031C-A 0 0
YFL030W 31 647
YFL029C 1 1
YFL028C 17 371
YFL027C 12 425
YFL026W 11 161
YFL025C 13 218
YFL024C 19 557
YFL023W 11 102
YFL022C 11 128
YFL021C-A 52 1445
YFL021W 25 679
YFL020C 1 64
YFL019C 0 0
YFL018C 3 17
YFL017W-A 1 2
YFL017C 4 10
YFL016C 16 444
YFL015W-A 16 818
YFL015C 34 1677
YFL014W 6 58
YFL013W-A 23 270
YFL013C 30 320
YFL012W-A 21 423
YFL012W 7 56
YFL011W 13 122
YFL010W-A 1 1
YFL010C 4 52
YFL009W 7 54
YFL008W 7 60
YFL007W 64 821
YFL005W 2 10
YFL004W 21 194
YFL003C 40 856
YFL002C 5 21
YFL001W 10 187
YFR001W 1 1
YFR002W 10 92
YFR003C 6 53
YFR004W 0 0
YFR005C 2 21
YFR006W 33 788
YFR007W 23 997
YFR008W 2 32
YFR009W 30 321
YFR009W-A 0 0
YFR010W 24 217
YFR010W-A 2 9
YFR011C 3 9
YFR012W 9 205
YFR012W-A 2 32
YFR013W 17 212
YFR014C 31 332
YFR015C 33 832
YFR016C 57 1609
YFR017C 47 1223
YFR018C 111 8213
YFR019W 52 989
YFR020W 7 48
YFR021W 29 396
YFR022W 41 578
YFR023W 17 298
YFR024C-A 12 191
YFR025C 45 1844
YFR026C 8 76
YFR027W 3 28
YFR028C 8 88
YFR029W 45 521
YFR030W 18 246
YFR031C 15 91
YFR031C-A 3 12
YFR032C 13 144
YFR032C-A 1 5
YFR032C-B 11 420
YFR033C 32 518
YFR034C 79 5492
YFR034W-A 43 7262
YFR035C 49 11000
YFR036W 16 136
YFR036W-A 6 98
YFR037C 7 106
YFR038W 27 504
YFR039C 10 72
YFR040W 25 280
YFR041C 17 325
YFR042W 0 0
YFR043C 13 134
YFR044C 17 401
YFR045W 12 163
YFR046C 16 194
YFR047C 7 279
YFR048W 49 909
YFR049W 5 80
YFR050C 8 39
YFR051C 23 177
YFR052W 2 22
YFR052C-A 4 168
YFR053C 38 775
YFR054C 4 36
YFR056C 13 792
YFR055W 21 493
YFR057W 2 4
YGL263W 23 554
YGL262W 7 255
YGL261C 0 0
YGL260W 0 0
YGL259W 1 17
YGL258W-A 0 0
YGL258W 4 132
YGL257C 17 356
YGL256W 17 397
YGL255W 27 1192
YGL254W 39 628
YGL253W 27 435
YGL252C 31 481
YGL251C 62 2651
YGL250W 4 50
YGL249W 52 1000
YGL248W 11 309
YGL247W 3 18
YGL246C 11 72
YGL245W 13 78
YGL244W 11 55
YGL243W 10 59
YGL242C 16 99
YGL241W 26 546
YGL240W 2 53
YGL239C 0 0
YGL238W 15 1594
YGL237C 9 367
YGL236C 49 878
YGL235W 16 210
YGL234W 22 219
YGL233W 4 45
YGL232W 5 55
YGL231C 4 37
YGL230C 1 57
YGL229C 35 1753
YGL228W 28 698
YGL227W 44 970
YGL226C-A 2 6
YGL226W 13 457
YGL225W 4 102
YGL224C 14 133
YGL223C 8 85
YGL222C 3 77
YGL221C 7 38
YGL220W 9 326
YGL219C 18 553
YGL218W 4 150
YGL217C 7 53
YGL216W 43 1040
YGL215W 11 193
YGL214W 2 73
YGL213C 7 104
YGL212W 5 159
YGL211W 6 68
YGL210W 13 146
YGL209W 14 334
YGL208W 74 2793
YGL207W 32 535
YGL206C 41 290
YGL205W 61 1906
YGL204C 3 40
YGL203C 33 535
YGL202W 27 546
YGL201C 25 362
YGL200C 4 135
YGL199C 5 125
YGL198W 6 165
YGL197W 11 96
YGL196W 18 172
YGL195W 82 1210
YGL194C-A 7 121
YGL194C 5 27
YGL193C 15 213
YGL192W 29 713
YGL191W 16 385
YGL190C 15 111
YGL189C 4 34
YGL188C-A 0 0
YGL188C 12 645
YGL187C 10 102
YGL186C 9 73
YGL185C 24 1062
YGL184C 39 968
YGL183C 14 466
YGL182C 8 251
YGL181W 15 346
YGL180W 34 733
YGL179C 29 1115
YGL178W 86 5591
YGL177W 25 2989
YGL176C 7 41
YGL175C 6 25
YGL174W 7 31
YGL173C 26 401
YGL172W 1 1
YGL171W 10 155
YGL170C 10 463
YGL169W 6 52
YGL168W 8 41
YGL167C 14 95
YGL166W 17 189
YGL165C 48 1533
YGL164C 20 227
YGL163C 21 182
YGL162W 17 312
YGL161C 31 1103
YGL160W 19 206
YGL159W 6 270
YGL158W 30 669
YGL157W 18 620
YGL156W 47 814
YGL155W 8 38
YGL154C 5 55
YGL153W 17 282
YGL152C 28 3543
YGL151W 20 707
YGL150C 17 104
YGL149W 7 68
YGL148W 14 217
YGL147C 4 36
YGL146C 19 365
YGL145W 12 138
YGL144C 17 180
YGL143C 8 26
YGL142C 7 126
YGL141W 30 455
YGL140C 26 302
YGL139W 34 326
YGL138C 10 256
YGL137W 14 134
YGL136C 19 641
YGL135W 1 3
YGL134W 26 560
YGL133W 50 1399
YGL132W 1 3
YGL131C 41 1089
YGL130W 1 31
YGL129C 2 56
YGL128C 0 0
YGL127C 5 17
YGL126W 179 10278
YGL125W 101 4477
YGL124C 11 264
YGL123W 1 1
YGL123C-A 0 0
YGL122C 7 126
YGL121C 9 370
YGL120C 10 140
YGL119W 2 2
YGL118C 9 124
YGL117W 32 597
YGL116W 16 266
YGL115W 3 13
YGL114W 28 783
YGL113W 3 34
YGL112C 0 0
YGL111W 2 5
YGL110C 20 201
YGL109W 10 281
YGL108C 5 48
YGL107C 8 120
YGL106W 0 0
YGL105W 5 71
YGL104C 14 218
YGL103W 6 52
YGL102C 6 52
YGL101W 3 87
YGL100W 3 21
YGL099W 3 8
YGL098W 0 0
YGL097W 6 24
YGL096W 16 433
YGL095C 5 29
YGL094C 36 935
YGL093W 18 124
YGL092W 16 334
YGL091C 1 23
YGL090W 12 766
YGL089C 2 9
YGL088W 9 148
YGL087C 21 867
YGL086W 22 387
YGL085W 19 663
YGL084C 2 4
YGL083W 21 123
YGL082W 29 953
YGL081W 10 109
YGL080W 4 100
YGL079W 8 130
YGL078C 7 72
YGL077C 38 382
YGL076C 2 34
YGL075C 7 33
YGL074C 0 0
YGL073W 39 1518
YGL072C 39 1517
YGL071W 19 676
YGL070C 8 40
YGL069C 2 10
YGL068W 2 10
YGL067W 8 153
YGL066W 13 155
YGL065C 5 108
YGL064C 8 124
YGL063W 131 12462
YGL063C-A 18 1520
YGL062W 73 772
YGL061C 7 93
YGL060W 13 963
YGL059W 19 295
YGL058W 5 57
YGL057C 6 37
YGL056C 28 1438
YGL055W 14 71
YGL054C 3 9
YGL053W 4 30
YGL052W 1 6
YGL051W 0 0
YGL050W 17 1082
YGL049C 23 677
YGL048C 1 29
YGL047W 2 4
YGL045W 53 942
YGL044C 6 59
YGL043W 16 196
YGL042C 5 156
YGL041C-B 7 186
YGL041W-A 14 246
YGL041C 3 36
YGL040C 3 5
YGL039W 15 183
YGL038C 7 46
YGL037C 7 118
YGL036W 18 154
YGL035C 21 704
YGL034C 5 260
YGL033W 10 87
YGL032C 1 1
YGL031C 1 5
YGL030W 1 1
YGL029W 1 3
YGL028C 5 24
YGL027C 23 225
YGL026C 37 804
YGL025C 6 437
YGL024W 1 55
YGL023C 17 157
YGL022W 20 69
YGL021W 24 223
YGL020C 1 1
YGL019W 2 106
YGL018C 3 26
YGL017W 12 98
YGL016W 21 232
YGL015C 7 312
YGL014W 25 455
YGL014C-A 4 90
YGL013C 36 1396
YGL012W 12 374
YGL011C 0 0
YGL010W 18 302
YGL009C 55 1109
YGL008C 8 1277
YGL007C-A 1 14
YGL007W 26 741
YGL006W-A 3 145
YGL006W 25 447
YGL005C 11 202
YGL004C 41 1602
YGL003C 34 346
YGL002W 19 548
YGL001C 10 60
YGR001C 17 496
YGR002C 16 611
YGR003W 20 216
YGR004W 16 189
YGR005C 3 7
YGR006W 10 454
YGR007W 31 716
YGR008C 14 391
YGR009C 7 33
YGR010W 14 91
YGR011W 2 32
YGR012W 16 256
YGR013W 9 174
YGR014W 39 913
YGR015C 30 509
YGR016W 16 302
YGR017W 1 3
YGR018C 0 0
YGR019W 45 1857
YGR020C 2 12
YGR021W 18 847
YGR022C 2 6
YGR023W 16 303
YGR024C 0 0
YGR025W 21 1362
YGR026W 10 127
YGR027C 1 1
YGR028W 8 141
YGR029W 6 60
YGR030C 2 7
YGR031W 90 5418
YGR031C-A 43 631
YGR032W 101 2066
YGR033C 6 52
YGR034W 4 30
YGR035C 2 8
YGR035W-A 16 549
YGR036C 7 43
YGR037C 1 35
YGR038W 13 163
YGR039W 9 146
YGR040W 18 694
YGR041W 40 1115
YGR042W 7 97
YGR043C 27 1175
YGR044C 8 210
YGR045C 27 1665
YGR046W 3 154
YGR047C 7 102
YGR048W 10 167
YGR049W 25 491
YGR050C 26 1127
YGR051C 34 1651
YGR052W 28 673
YGR053C 7 217
YGR054W 27 709
YGR055W 14 218
YGR056W 17 158
YGR057C 6 51
YGR058W 6 209
YGR059W 12 157
YGR060W 3 8
YGR061C 13 216
YGR062C 2 8
YGR063C 2 10
YGR064W 3 6
YGR065C 18 231
YGR066C 12 748
YGR067C 32 853
YGR068C 105 5312
YGR068W-A 2 10
YGR069W 23 586
YGR070W 57 913
YGR071C 22 1432
YGR072W 1 1
YGR073C 1 2
YGR074W 1 2
YGR075C 0 0
YGR076C 2 9
YGR077C 21 542
YGR078C 6 205
YGR079W 36 625
YGR080W 18 172
YGR081C 4 24
YGR082W 2 26
YGR083C 11 150
YGR084C 15 425
YGR085C 2 21
YGR086C 14 279
YGR087C 67 3652
YGR088W 17 247
YGR089W 19 139
YGR090W 16 211
YGR091W 8 246
YGR092W 5 35
YGR093W 21 481
YGR094W 18 126
YGR095C 1 39
YGR096W 50 3637
YGR097W 37 908
YGR098C 3 4
YGR099W 15 128
YGR100W 33 520
YGR101W 5 9
YGR102C 2 10
YGR103W 3 23
YGR104C 4 55
YGR105W 0 0
YGR106C 6 82
YGR107W 55 3864
YGR108W 10 90
YGR109C 14 131
YGR110W 8 95
YGR111W 20 700
YGR112W 5 53
YGR113W 9 112
YGR114C 0 0
YGR115C 0 0
YGR116W 26 238
YGR117C 10 370
YGR118W 1 1
YGR119C 7 72
YGR120C 3 57
YGR121C 53 2093
YGR121W-A 35 1678
YGR122W 23 284
YGR122C-A 0 0
YGR123C 41 554
YGR124W 42 1537
YGR125W 33 641
YGR126W 9 30
YGR127W 29 662
YGR128C 1 3
YGR129W 21 1433
YGR130C 47 1705
YGR131W 7 327
YGR132C 12 270
YGR133W 15 331
YGR134W 37 407
YGR135W 3 24
YGR136W 12 365
YGR137W 2 78
YGR138C 21 682
YGR139W 6 63
YGR140W 15 140
YGR141W 66 2068
YGR142W 9 107
YGR143W 39 1666
YGR144W 20 806
YGR145W 8 220
YGR146C 11 182
YGR146C-A 12 383
YGR147C 8 135
YGR148C 9 72
YGR149W 16 101
YGR150C 7 60
YGR151C 3 7
YGR152C 9 61
YGR153W 18 293
YGR154C 19 1209
YGR155W 6 71
YGR156W 14 222
YGR157W 21 1286
YGR158C 6 87
YGR159C 8 90
YGR160W 0 0
YGR161C 25 320
YGR161W-C 13 82
YGR162W 8 41
YGR163W 4 32
YGR164W 16 1553
YGR165W 0 0
YGR166W 12 216
YGR167W 7 35
YGR168C 8 682
YGR169C 21 383
YGR169C-A 0 0
YGR170W 48 1032
YGR171C 13 279
YGR172C 0 0
YGR173W 22 268
YGR174C 4 39
YGR174W-A 2 2
YGR175C 3 279
YGR176W 42 3575
YGR177C 86 7463
YGR178C 35 534
YGR179C 13 109
YGR180C 6 26
YGR181W 7 141
YGR182C 21 731
YGR183C 10 263
YGR184C 86 2460
YGR185C 8 90
YGR186W 8 67
YGR187C 1 2
YGR188C 18 134
YGR189C 11 141
YGR190C 10 238
YGR191W 23 590
YGR192C 12 104
YGR193C 17 746
YGR194C 29 721
YGR195W 2 3
YGR196C 16 203
YGR197C 49 1847
YGR198W 10 170
YGR199W 37 1007
YGR200C 11 100
YGR201C 18 750
YGR202C 17 352
YGR203W 73 5386
YGR204W 52 979
YGR204C-A 0 0
YGR205W 19 582
YGR206W 3 27
YGR207C 10 1148
YGR208W 14 298
YGR209C 11 603
YGR210C 74 2072
YGR211W 10 74
YGR212W 21 891
YGR213C 16 160
YGR214W 3 5
YGR215W 0 0
YGR216C 8 62
YGR217W 54 1493
YGR218W 7 57
YGR219W 1 1
YGR220C 5 87
YGR221C 26 1369
YGR222W 7 25
YGR223C 20 221
YGR224W 26 311
YGR225W 23 379
YGR226C 1 6
YGR227W 12 163
YGR228W 5 25
YGR229C 16 174
YGR230W 22 1420
YGR231C 16 179
YGR232W 12 322
YGR233C 47 780
YGR234W 32 469
YGR235C 24 872
YGR236C 10 229
YGR237C 30 507
YGR238C 52 2351
YGR239C 41 4423
YGR240C 10 96
YGR240C-A 30 2363
YGR241C 28 644
YGR242W 1 1
YGR243W 4 34
YGR244C 74 2317
YGR245C 14 669
YGR246C 5 19
YGR247W 13 235
YGR248W 18 982
YGR249W 10 123
YGR250C 42 841
YGR251W 8 50
YGR252W 15 167
YGR253C 5 43
YGR254W 24 667
YGR255C 13 119
YGR256W 37 1231
YGR257C 16 170
YGR258C 40 760
YGR259C 9 777
YGR260W 26 4595
YGR261C 20 753
YGR262C 5 12
YGR263C 27 235
YGR264C 10 85
YGR265W 3 309
YGR266W 44 1100
YGR267C 3 18
YGR268C 45 1883
YGR269W 24 1437
YGR270W 67 672
YGR270C-A 11 196
YGR271W 65 747
YGR271C-A 1 2
YGR273C 0 0
YGR274C 5 262
YGR275W 9 177
YGR276C 9 87
YGR277C 0 0
YGR278W 5 60
YGR279C 21 2893
YGR280C 10 120
YGR281W 99 2779
YGR282C 17 385
YGR283C 15 243
YGR284C 12 370
YGR285C 5 23
YGR286C 26 436
YGR287C 39 1168
YGR288W 22 564
YGR289C 26 459
YGR290W 1 1
YGR291C 3 53
YGR292W 4 308
YGR293C 0 0
YGR294W 0 0
YGR295C 8 131
YGR296W 0 0
YGR296C-A 0 0
YGR296C-B 0 0
YHL050C 0 0
YHL050W-A 0 0
YHL049C 0 0
YHL048C-A 1 1
YHL048W 5 56
YHL047C 19 380
YHL046W-A 2 24
YHL046C 1 4
YHL045W 11 489
YHL044W 10 95
YHL043W 5 35
YHL042W 24 1320
YHL041W 20 1441
YHL040C 27 638
YHL039W 15 108
YHL038C 6 45
YHL037C 27 1040
YHL036W 43 1390
YHL035C 52 1779
YHL034W-A 5 29
YHL034C 7 861
YHL033C 4 83
YHL032C 51 1174
YHL031C 2 44
YHL030W-A 0 0
YHL030W 61 641
YHL029C 23 326
YHL028W 29 751
YHL027W 51 1508
YHL026C 30 818
YHL025W 51 1589
YHL024W 55 1507
YHL023C 36 344
YHL022C 7 117
YHL021C 31 804
YHL020C 15 307
YHL019W-A 10 180
YHL019C 16 200
YHL018W 5 31
YHL017W 16 323
YHL016C 38 928
YHL015W-A 4 205
YHL015W 0 0
YHL014C 28 297
YHL013C 2 5
YHL012W 17 368
YHL011C 9 41
YHL010C 33 1497
YHL009C 12 514
YHL008C 21 257
YHL007C 55 762
YHL006W-A 26 564
YHL006C 55 5361
YHL005C 19 771
YHL004W 14 200
YHL003C 14 373
YHL002C-A 12 132
YHL002W 36 429
YHL001W 7 123
YHR001W 44 1927
YHR001W-A 17 706
YHR002W 19 270
YHR003C 31 445
YHR004C 14 163
YHR005C 6 41
YHR005C-A 0 0
YHR006W 14 304
YHR007C 9 50
YHR007C-A 39 3478
YHR008C 6 88
YHR009C 33 684
YHR010W 0 0
YHR011W 8 39
YHR012W 2 6
YHR013C 6 38
YHR014W 6 36
YHR015W 8 151
YHR016C 15 304
YHR017W 24 400
YHR018C 23 648
YHR019C 2 3
YHR020W 8 24
YHR021C 4 28
YHR021W-A 5 33
YHR022C 11 136
YHR022C-A 5 107
YHR023W 34 384
YHR024C 6 111
YHR025W 4 83
YHR026W 0 0
YHR027C 2 20
YHR028C 27 1558
YHR028W-A 28 2675
YHR029C 17 293
YHR030C 23 374
YHR031C 31 643
YHR032W 71 4071
YHR032W-A 15 411
YHR032C-A 10 118
YHR033W 91 5334
YHR034C 16 186
YHR035W 17 161
YHR036W 15 2286
YHR037W 27 1126
YHR038W 2 4
YHR039C 18 278
YHR039C-A 0 0
YHR040W 10 56
YHR041C 0 0
YHR042W 1 38
YHR043C 12 71
YHR044C 22 654
YHR045W 17 212
YHR046C 19 500
YHR047C 31 560
YHR048W 46 771
YHR049W 21 791
YHR049C-A 18 1683
YHR050W 59 4163
YHR050W-A 1 2
YHR051W 2 21
YHR052W 7 64
YHR052W-A 0 0
YHR053C 0 0
YHR054C 0 0
YHR054W-A 0 0
YHR055C 0 0
YHR056C 23 476
YHR056W-A 9 369
YHR057C 23 585
YHR058C 9 141
YHR059W 7 51
YHR060W 0 0
YHR061C 20 930
YHR062C 3 19
YHR063C 11 176
YHR063W-A 4 32
YHR064C 2 9
YHR065C 9 130
YHR066W 8 150
YHR067W 6 10
YHR068W 13 56
YHR069C 3 3
YHR069C-A 0 0
YHR070W 15 260
YHR070C-A 17 249
YHR071W 21 589
YHR071C-A 2 3
YHR072W 16 266
YHR072W-A 0 0
YHR073W 32 731
YHR073W-A 4 52
YHR073C-B 2 14
YHR074W 7 45
YHR075C 10 314
YHR076W 8 158
YHR077C 16 187
YHR078W 9 99
YHR079C 20 128
YHR079C-A 1 1
YHR080C 61 965
YHR081W 1 2
YHR082C 32 494
YHR083W 5 35
YHR084W 20 638
YHR085W 2 2
YHR086W 15 262
YHR086W-A 9 134
YHR087W 15 384
YHR088W 1 1
YHR089C 2 7
YHR090C 3 32
YHR091C 3 8
YHR092C 23 535
YHR093W 8 110
YHR094C 26 603
YHR095W 12 271
YHR096C 47 1293
YHR097C 27 478
YHR098C 34 992
YHR099W 43 269
YHR100C 1 1
YHR101C 4 62
YHR102W 10 130
YHR103W 30 692
YHR104W 16 154
YHR105W 5 46
YHR106W 7 38
YHR107C 0 0
YHR108W 16 139
YHR109W 10 85
YHR110W 6 21
YHR111W 3 31
YHR112C 22 1310
YHR113W 27 452
YHR114W 24 325
YHR115C 30 609
YHR116W 12 94
YHR117W 26 1232
YHR118C 4 98
YHR119W 26 620
YHR120W 9 134
YHR121W 7 40
YHR122W 5 65
YHR123W 18 533
YHR124W 33 933
YHR125W 3 57
YHR126C 11 344
YHR127W 13 258
YHR128W 14 120
YHR129C 6 35
YHR130C 5 340
YHR131C 27 307
YHR131W-A 8 35
YHR132C 33 851
YHR132W-A 9 122
YHR133C 4 169
YHR134W 5 26
YHR135C 37 1197
YHR136C 23 780
YHR137W 10 317
YHR137C-A 6 130
YHR138C 7 152
YHR139C 12 216
YHR139C-A 19 525
YHR140W 21 788
YHR141C 0 0
YHR142W 15 169
YHR143W 11 308
YHR143W-A 0 0
YHR144C 11 159
YHR145C 4 124
YHR146W 15 164
YHR147C 0 0
YHR148W 6 34
YHR149C 28 1773
YHR150W 28 543
YHR151C 16 235
YHR152W 10 298
YHR153C 9 72
YHR154W 36 337
YHR155W 13 178
YHR156C 27 791
YHR157W 7 389
YHR158C 30 612
YHR159W 31 687
YHR160C 4 37
YHR161C 35 415
YHR162W 1 1
YHR163W 8 186
YHR164C 3 8
YHR165C 29 315
YHR165W-A 0 0
YHR166C 11 240
YHR167W 11 93
YHR168W 9 223
YHR169W 3 44
YHR170W 10 165
YHR171W 21 397
YHR172W 28 2590
YHR173C 21 668
YHR174W 31 519
YHR175W 20 580
YHR175W-A 4 55
YHR176W 26 443
YHR177W 22 235
YHR178W 15 134
YHR179W 13 775
YHR180W 16 110
YHR180W-A 4 158
YHR180C-B 2 18
YHR181W 14 225
YHR182W 40 1454
YHR182C-A 1 22
YHR183W 10 594
YHR184W 14 256
YHR185C 4 13
YHR186C 17 193
YHR187W 4 43
YHR188C 9 45
YHR189W 8 57
YHR190W 8 84
YHR191C 0 0
YHR192W 18 807
YHR193C 7 190
YHR193C-A 3 21
YHR194W 19 137
YHR195W 17 234
YHR196W 17 219
YHR197W 3 53
YHR198C 14 203
YHR199C 30 696
YHR199C-A 1 1
YHR200W 13 293
YHR201C 7 102
YHR202W 44 1074
YHR203C 1 1
YHR204W 63 1625
YHR205W 7 67
YHR206W 9 85
YHR207C 24 392
YHR208W 17 289
YHR209W 6 500
YHR210C 13 227
YHR211W 20 663
YHR212C 0 0
YHR212W-A 0 0
YHR213W 0 0
YHR213W-A 0 0
YHR213W-B 10 107
YHR214W 0 0
YHR214W-A 0 0
YHR214C-D 0 0
YHR214C-E 2 2
YHR215W 2 18
YHR216W 13 292
YHR217C 17 96
YHR218W 0 0
YHR218W-A 0 0
YHR219W 0 0
YHR219C-A 0 0
YIL177C 0 0
YIL177W-A 0 0
YIL176C 0 0
YIL173W 1 9
YIL172C 0 0
YIL171W-A 1 1
YIL169C 5 19
YIL166C 16 265
YIL165C 8 74
YIL164C 14 185
YIL163C 19 723
YIL162W 51 886
YIL161W 5 28
YIL160C 22 137
YIL159W 51 1357
YIL158W 16 261
YIL157C 8 56
YIL156W-A 10 84
YIL156W-B 6 34
YIL156W 42 1394
YIL155C 73 1774
YIL154C 38 189
YIL153W 21 165
YIL152W 27 703
YIL151C 25 579
YIL150C 10 91
YIL149C 39 856
YIL148W 1 8
YIL147C 13 263
YIL146C 11 229
YIL145C 14 160
YIL144W 17 148
YIL143C 12 86
YIL142C-A 0 0
YIL142W 17 249
YIL141W 7 218
YIL140W 18 406
YIL139C 8 180
YIL138C 9 109
YIL137C 26 429
YIL136W 7 141
YIL135C 22 143
YIL134C-A 7 223
YIL134W 3 5
YIL133C 1 1
YIL132C 28 685
YIL131C 44 1090
YIL130W 21 303
YIL129C 40 418
YIL128W 18 254
YIL127C 4 146
YIL126W 27 669
YIL125W 53 1004
YIL124W 7 18
YIL123W 56 2516
YIL122W 10 92
YIL121W 25 763
YIL120W 40 1444
YIL119C 12 137
YIL118W 9 55
YIL117C 13 74
YIL116W 19 517
YIL115W-A 2 18
YIL115C 29 344
YIL114C 5 129
YIL113W 17 670
YIL112W 33 530
YIL111W 7 230
YIL110W 2 6
YIL109C 18 384
YIL108W 40 835
YIL107C 29 544
YIL106W 2 28
YIL105C 44 384
YIL105W-A 2 24
YIL104C 16 273
YIL103W 14 253
YIL102C-A 4 11
YIL102C 1 30
YIL101C 50 1456
YIL100C-A 48 1279
YIL100W 51 1319
YIL099W 33 579
YIL098C 6 312
YIL097W 11 104
YIL096C 15 184
YIL095W 28 578
YIL094C 20 587
YIL093C 9 102
YIL092W 29 638
YIL091C 22 255
YIL090W 11 50
YIL089W 9 166
YIL088C 27 260
YIL087C 8 141
YIL086C 7 102
YIL085C 34 692
YIL084C 4 49
YIL083C 5 11
YIL082W 7 32
YIL079C 20 326
YIL078W 17 364
YIL077C 34 884
YIL076W 3 30
YIL075C 10 162
YIL074C 38 848
YIL073C 33 1190
YIL072W 5 99
YIL071W-A 1 75
YIL071C 10 199
YIL070C 3 20
YIL069C 3 17
YIL068W-A 6 68
YIL068C 15 216
YIL067C 36 3663
YIL066W-A 5 21
YIL066C 26 414
YIL065C 10 282
YIL064W 25 574
YIL063C 2 3
YIL062C 3 120
YIL061C 11 94
YIL060W 6 73
YIL059C 8 123
YIL058W 16 171
YIL057C 22 1397
YIL056W 35 381
YIL055C 43 898
YIL054W 37 2361
YIL053W 18 438
YIL052C 0 0
YIL051C 12 190
YIL050W 8 99
YIL049W 5 42
YIL048W 7 81
YIL047C-A 10 301
YIL047C 69 2342
YIL046W-A 57 7783
YIL046W 9 80
YIL045W 22 414
YIL044C 10 209
YIL043C 29 310
YIL042C 13 140
YIL041W 15 977
YIL040W 1 2
YIL039W 20 156
YIL038C 4 20
YIL037C 11 579
YIL036W 28 570
YIL035C 17 302
YIL034C 16 98
YIL033C 13 308
YIL032C 6 99
YIL031W 28 224
YIL030W-A 9 98
YIL030C 37 655
YIL029W-A 4 51
YIL029C 3 74
YIL028W 1 1
YIL027C 5 57
YIL026C 20 230
YIL025C 5 24
YIL024C 8 80
YIL023C 27 1494
YIL022W 6 22
YIL021W 13 93
YIL021C-A 2 22
YIL020C-A 6 27
YIL020C 11 347
YIL019W 7 111
YIL018W 0 0
YIL017C 20 337
YIL016W 3 11
YIL015W 23 215
YIL014C-A 2 31
YIL014W 15 332
YIL013C 29 601
YIL012W 10 123
YIL011W 6 28
YIL010W 14 330
YIL009C-A 5 46
YIL009W 38 871
YIL008W 2 3
YIL007C 15 74
YIL006W 16 192
YIL005W 23 724
YIL004C 1 1
YIL003W 14 225
YIL002W-A 6 100
YIL002C 63 1657
YIL001W 59 1566
YIR001C 25 587
YIR002C 46 487
YIR003W 23 241
YIR004W 7 122
YIR005W 8 54
YIR006C 21 249
YIR007W 16 448
YIR008C 7 71
YIR009W 1 1
YIR010W 16 180
YIR011C 2 12
YIR012W 3 123
YIR013C 6 116
YIR014W 9 65
YIR015W 3 72
YIR016W 19 649
YIR017C 33 781
YIR017W-A 36 892
YIR018W 18 165
YIR018C-A 10 201
YIR019C 14 350
YIR020C 8 123
YIR020W-A 8 223
YIR020C-B 6 61
YIR021W 12 156
YIR021W-A 4 156
YIR022W 0 0
YIR023W 21 355
YIR023C-A 3 96
YIR024C 5 49
YIR025W 7 87
YIR026C 8 70
YIR027C 17 684
YIR028W 44 1907
YIR029W 12 88
YIR030C 6 17
YIR030W-A 1 2
YIR031C 22 309
YIR032C 16 356
YIR033W 22 151
YIR034C 19 487
YIR035C 13 161
YIR036C 6 78
YIR036W-A 11 157
YIR037W 2 37
YIR038C 11 868
YIR039C 5 91
YIR040C 5 65
YIR041W 1 1
YIR042C 6 89
YJL225C 0 0
YJL225W-A 0 0
YJL223C 0 0
YJL222W-B 0 0
YJL222W-A 0 0
YJL222W 3 301
YJL221C 0 0
YJL220W 0 0
YJL219W 4 64
YJL218W 1 11
YJL217W 4 277
YJL216C 32 743
YJL215C 6 19
YJL214W 15 192
YJL213W 21 372
YJL212C 45 866
YJL211C 29 1026
YJL210W 26 343
YJL209W 16 208
YJL208C 16 274
YJL207C 54 1084
YJL206C 43 731
YJL205C 13 453
YJL204C 12 95
YJL203W 3 22
YJL202C 5 380
YJL201W 22 344
YJL200C 72 2201
YJL199C 10 517
YJL198W 35 651
YJL197W 68 1981
YJL197C-A 2 174
YJL196C 32 580
YJL195C 1 1
YJL194W 5 12
YJL193W 8 372
YJL192C 21 1372
YJL191W 40 1128
YJL190C 3 55
YJL189W 5 76
YJL188C 4 68
YJL187C 25 1227
YJL186W 43 1001
YJL185C 16 201
YJL184W 2 33
YJL183W 16 543
YJL182C 14 244
YJL181W 19 674
YJL180C 0 0
YJL179W 1 5
YJL178C 13 354
YJL177W 1 2
YJL176C 5 41
YJL175W 0 0
YJL174W 0 0
YJL173C 0 0
YJL172W 37 1822
YJL171C 18 1524
YJL170C 10 266
YJL169W 2 8
YJL168C 22 181
YJL167W 2 8
YJL166W 1 1
YJL165C 41 752
YJL164C 20 331
YJL163C 31 1062
YJL162C 26 999
YJL161W 22 1137
YJL160C 16 732
YJL159W 6 49
YJL158C 15 96
YJL157C 105 3253
YJL156W-A 28 1168
YJL156C 69 1464
YJL155C 25 208
YJL154C 39 383
YJL153C 25 369
YJL152W 46 2381
YJL151C 29 716
YJL150W 38 2836
YJL149W 25 448
YJL148W 7 118
YJL147C 14 117
YJL146W 24 361
YJL145W 12 230
YJL144W 12 192
YJL143W 1 5
YJL142C 8 282
YJL141C 41 1512
YJL140W 3 47
YJL139C 16 141
YJL138C 4 759
YJL137C 24 701
YJL136W-A 2 28
YJL136C 0 0
YJL135W 15 2604
YJL134W 19 407
YJL133C-A 24 411
YJL133W 27 510
YJL132W 26 1028
YJL131C 6 28
YJL130C 94 2040
YJL129C 14 85
YJL128C 51 2005
YJL127W-A 11 544
YJL127C-B 3 110
YJL127C 21 781
YJL126W 13 139
YJL125C 11 139
YJL124C 1 88
YJL123C 17 138
YJL122W 9 84
YJL121C 0 0
YJL120W 8 93
YJL119C 16 474
YJL118W 28 749
YJL117W 7 184
YJL116C 24 270
YJL115W 15 513
YJL112W 33 954
YJL111W 1 1
YJL110C 11 56
YJL109C 23 197
YJL108C 9 145
YJL107C 28 638
YJL106W 30 814
YJL105W 20 168
YJL104W 5 64
YJL103C 32 639
YJL102W 11 83
YJL101C 23 267
YJL100W 26 394
YJL099W 33 461
YJL098W 39 858
YJL097W 5 75
YJL096W 1 9
YJL095W 35 681
YJL094C 38 335
YJL093C 23 731
YJL092W 22 351
YJL091C 1 4
YJL090C 13 259
YJL089W 28 410
YJL088W 28 415
YJL087C 2 6
YJL086C 0 0
YJL085W 8 88
YJL084C 30 1950
YJL083W 32 344
YJL082W 28 500
YJL081C 0 0
YJL080C 36 720
YJL079C 12 656
YJL078C 85 4438
YJL077W-B 3 32
YJL077C 55 7121
YJL077W-A 8 105
YJL076W 23 262
YJL075C 2 13
YJL074C 15 244
YJL073W 22 734
YJL072C 3 15
YJL071W 10 75
YJL070C 29 2212
YJL069C 4 6
YJL068C 14 526
YJL067W 10 147
YJL066C 26 378
YJL065C 17 505
YJL064W 11 472
YJL063C 10 63
YJL062W-A 8 61
YJL062W 12 128
YJL061W 0 0
YJL060W 13 271
YJL059W 17 141
YJL058C 22 761
YJL057C 16 954
YJL056C 12 95
YJL055W 4 52
YJL054W 13 156
YJL053W 8 85
YJL052C-A 23 2080
YJL052W 18 422
YJL051W 43 1810
YJL050W 15 155
YJL049W 4 9
YJL048C 18 1850
YJL047C-A 1 25
YJL047C 16 183
YJL046W 9 102
YJL045W 35 861
YJL044C 10 215
YJL043W 53 6126
YJL042W 50 2382
YJL041W 4 18
YJL039C 16 132
YJL038C 1 4
YJL037W 12 1880
YJL036W 16 262
YJL035C 4 22
YJL034W 8 131
YJL033W 6 76
YJL032W 0 0
YJL031C 0 0
YJL030W 10 305
YJL029C 12 100
YJL028W 33 629
YJL027C 64 4362
YJL026W 4 24
YJL026C-A 2 18
YJL025W 16 153
YJL024C 5 13
YJL023C 6 61
YJL022W 4 16
YJL020C 63 1867
YJL020W-A 1 8
YJL019W 13 147
YJL016W 15 205
YJL015C 10 269
YJL014W 6 97
YJL013C 13 225
YJL012C 43 1039
YJL011C 1 48
YJL010C 2 26
YJL009W 1 1
YJL008C 11 81
YJL007C 10 420
YJL006C 7 35
YJL005W 17 187
YJL004C 20 87
YJL003W 2 30
YJL002C 2 78
YJL001W 4 8
YJR001W 76 1582
YJR002W 4 5
YJR003C 29 718
YJR004C 39 622
YJR005W 20 354
YJR005C-A 2 12
YJR006W 2 7
YJR007W 2 2
YJR008W 34 635
YJR009C 14 192
YJR010W 29 1367
YJR010C-A 11 290
YJR011C 14 342
YJR012C 9 218
YJR013W 3 221
YJR014W 6 28
YJR015W 17 602
YJR016C 8 173
YJR017C 6 28
YJR018W 3 14
YJR019C 22 449
YJR020W 8 59
YJR021C 26 305
YJR022W 0 0
YJR023C 0 0
YJR024C 11 165
YJR025C 2 216
YJR030C 38 2516
YJR031C 29 717
YJR032W 4 69
YJR033C 24 231
YJR034W 4 22
YJR035W 33 346
YJR036C 16 176
YJR037W 2 10
YJR038C 7 136
YJR039W 29 232
YJR040W 6 66
YJR041C 1 3
YJR042W 8 101
YJR043C 11 186
YJR044C 8 38
YJR045C 0 0
YJR046W 5 78
YJR047C 9 195
YJR048W 13 118
YJR049C 14 125
YJR050W 2 17
YJR051W 25 350
YJR052W 19 138
YJR053W 22 572
YJR054W 7 19
YJR055W 5 65
YJR056C 3 40
YJR057W 1 18
YJR058C 26 619
YJR059W 33 1084
YJR060W 7 128
YJR061W 52 616
YJR062C 6 180
YJR063W 2 18
YJR064W 22 174
YJR065C 10 89
YJR066W 71 954
YJR067C 2 14
YJR068W 4 28
YJR069C 13 306
YJR070C 6 68
YJR071W 0 0
YJR072C 13 744
YJR073C 14 130
YJR074W 9 77
YJR075W 22 387
YJR076C 13 54
YJR077C 7 36
YJR078W 56 1440
YJR079W 20 222
YJR080C 17 151
YJR082C 7 140
YJR083C 8 161
YJR084W 29 1009
YJR085C 9 73
YJR086W 2 60
YJR087W 6 61
YJR088C 17 171
YJR089W 11 182
YJR090C 9 44
YJR091C 32 491
YJR092W 45 777
YJR093C 11 308
YJR094C 16 373
YJR094W-A 5 94
YJR095W 11 78
YJR096W 21 201
YJR097W 2 6
YJR098C 21 381
YJR099W 2 23
YJR100C 12 215
YJR101W 3 15
YJR102C 4 81
YJR103W 65 1634
YJR104C 13 261
YJR105W 16 251
YJR106W 21 588
YJR107W 18 122
YJR108W 17 233
YJR109C 47 950
YJR110W 44 895
YJR111C 22 376
YJR112W 4 39
YJR112W-A 17 450
YJR113C 11 46
YJR114W 6 54
YJR115W 50 1825
YJR116W 30 910
YJR117W 32 951
YJR118C 4 67
YJR119C 50 1010
YJR120W 13 662
YJR121W 4 63
YJR122W 10 49
YJR123W 0 0
YJR124C 20 379
YJR125C 10 205
YJR126C 47 1155
YJR127C 88 1906
YJR128W 31 1504
YJR129C 62 2737
YJR130C 24 1216
YJR131W 36 922
YJR132W 7 68
YJR133W 10 116
YJR134C 16 148
YJR135C 14 90
YJR135W-A 0 0
YJR136C 0 0
YJR137C 63 1694
YJR138W 56 773
YJR139C 3 27
YJR140C 28 387
YJR140W-A 0 0
YJR141W 0 0
YJR142W 35 854
YJR143C 21 289
YJR144W 15 102
YJR145C 0 0
YJR146W 17 1229
YJR147W 15 543
YJR148W 45 1276
YJR149W 18 499
YJR150C 11 441
YJR151C 20 1196
YJR151W-A 2 11
YJR152W 14 127
YJR153W 9 277
YJR154W 23 1083
YJR155W 22 224
YJR156C 20 2410
YJR157W 1 11
YJR158W 3 35
YJR159W 0 0
YJR160C 1 2
YJR161C 5 9
YJR162C 12 275
YKL225W 13 1205
YKL224C 0 0
YKL223W 3 52
YKL222C 37 591
YKL221W 29 819
YKL220C 20 854
YKL219W 9 90
YKL218C 37 625
YKL217W 54 1515
YKL216W 2 81
YKL215C 61 970
YKL214C 6 145
YKL213C 19 198
YKL212W 12 179
YKL211C 20 314
YKL210W 19 308
YKL209C 53 563
YKL208W 11 109
YKL207W 21 590
YKL206C 11 265
YKL205W 11 174
YKL204W 11 77
YKL203C 44 465
YKL202W 2 12
YKL201C 59 1307
YKL198C 344 40176
YKL197C 48 1640
YKL196C 4 35
YKL195W 7 24
YKL194C 11 121
YKL193C 4 95
YKL192C 3 10
YKL191W 7 81
YKL190W 1 3
YKL189W 3 13
YKL188C 26 1303
YKL187C 56 1838
YKL186C 12 371
YKL185W 40 856
YKL184W 19 467
YKL183C-A 28 7606
YKL183W 79 4771
YKL182W 28 276
YKL181W 7 147
YKL180W 2 30
YKL179C 20 237
YKL178C 23 587
YKL177W 8 82
YKL176C 20 187
YKL175W 38 377
YKL174C 6 186
YKL173W 8 124
YKL172W 2 7
YKL171W 39 851
YKL170W 0 0
YKL169C 0 0
YKL168C 31 475
YKL167C 7 68
YKL166C 10 188
YKL165C-A 3 38
YKL165C 12 159
YKL164C 4 14
YKL163W 7 221
YKL162C-A 4 53
YKL162C 21 233
YKL161C 10 69
YKL160W 3 98
YKL159C 7 100
YKL157W 52 1017
YKL156W 5 122
YKL156C-A 0 0
YKL155C 15 263
YKL154W 5 16
YKL153W 4 20
YKL152C 4 23
YKL151C 44 1804
YKL150W 41 1791
YKL149C 12 139
YKL148C 73 1083
YKL147C 61 4531
YKL146W 56 2269
YKL145W 4 38
YKL145W-A 0 0
YKL144C 2 34
YKL143W 9 132
YKL142W 2 32
YKL141W 4 208
YKL140W 12 303
YKL139W 1 1
YKL138C-A 1 56
YKL138C 5 28
YKL137W 1 2
YKL136W 4 24
YKL135C 20 245
YKL134C 4 11
YKL133C 10 126
YKL132C 16 154
YKL131W 1 2
YKL130C 4 56
YKL129C 38 1825
YKL128C 33 906
YKL127W 26 244
YKL126W 10 31
YKL125W 7 53
YKL124W 16 449
YKL123W 8 150
YKL122C 1 52
YKL121W 39 590
YKL120W 22 887
YKL119C 5 83
YKL118W 3 56
YKL117W 12 82
YKL116C 14 254
YKL115C 2 14
YKL114C 20 286
YKL113C 4 8
YKL112W 10 92
YKL111C 2 22
YKL110C 10 60
YKL109W 53 996
YKL108W 8 97
YKL107W 11 154
YKL106C-A 6 140
YKL106W 3 5
YKL105C 50 660
YKL104C 11 92
YKL103C 26 933
YKL102C 16 295
YKL101W 48 1114
YKL100C 20 173
YKL100W-A 1 7
YKL099C 5 89
YKL098W 12 123
YKL097C 41 3127
YKL096C-B 0 0
YKL096W-A 0 0
YKL096W 47 3616
YKL095W 3 142
YKL094W 23 592
YKL093W 14 492
YKL092C 18 514
YKL091C 14 813
YKL090W 25 557
YKL089W 0 0
YKL088W 9 125
YKL087C 11 67
YKL086W 57 4030
YKL085W 14 300
YKL084W 23 555
YKL083W 4 233
YKL082C 10 30
YKL081W 26 878
YKL080W 0 0
YKL079W 28 1136
YKL078W 2 2
YKL077W 11 112
YKL076C 5 147
YKL075C 8 204
YKL074C 9 125
YKL073W 6 129
YKL072W 28 905
YKL071W 12 295
YKL070W 4 39
YKL069W 13 132
YKL068W-A 1 30
YKL068W 15 207
YKL067W 6 63
YKL066W 22 357
YKL065W-A 3 50
YKL065C 12 234
YKL064W 42 1033
YKL063C 12 111
YKL062W 17 121
YKL061W 5 30
YKL060C 1 1
YKL059C 12 405
YKL058W 0 0
YKL057C 5 14
YKL056C 5 17
YKL055C 5 68
YKL054C 3 9
YKL053C-A 0 0
YKL053W 7 71
YKL052C 14 361
YKL051W 36 644
YKL050C 36 421
YKL049C 4 16
YKL048C 2 26
YKL047W 22 820
YKL046C 40 557
YKL045W 12 761
YKL044W 5 91
YKL043W 13 165
YKL042W 0 0
YKL041W 1 2
YKL040C 9 129
YKL039W 30 911
YKL038W 56 850
YKL037W 30 1434
YKL036C 15 492
YKL035W 16 279
YKL034W 49 1451
YKL033W-A 21 156
YKL033W 16 145
YKL032C 14 261
YKL031W 25 1144
YKL030W 44 3821
YKL029C 99 4937
YKL028W 1 1
YKL027W 28 675
YKL026C 15 927
YKL025C 17 277
YKL024C 4 48
YKL023C-A 1 1
YKL023W 18 1232
YKL022C 13 150
YKL021C 7 92
YKL020C 28 657
YKL019W 8 53
YKL018C-A 6 124
YKL018W 2 12
YKL017C 23 219
YKL016C 3 12
YKL015W 31 632
YKL014C 9 35
YKL013C 0 0
YKL012W 8 49
YKL011C 18 235
YKL010C 40 800
YKL009W 1 3
YKL008C 24 709
YKL007W 10 26
YKL006C-A 4 30
YKL006W 1 8
YKL005C 32 886
YKL004W 10 18
YKL003C 3 45
YKL002W 4 39
YKL001C 18 461
YKR001C 4 29
YKR002W 4 12
YKR003W 42 888
YKR004C 3 41
YKR005C 39 835
YKR006C 5 29
YKR007W 1 49
YKR008W 6 40
YKR009C 34 610
YKR010C 21 1191
YKR011C 7 223
YKR012C 25 251
YKR013W 17 377
YKR014C 1 54
YKR015C 14 165
YKR016W 10 103
YKR017C 8 566
YKR018C 12 118
YKR019C 15 110
YKR020W 1 1
YKR021W 37 864
YKR022C 2 36
YKR023W 15 256
YKR024C 12 176
YKR025W 1 2
YKR026C 12 167
YKR027W 24 545
YKR028W 39 606
YKR029C 13 199
YKR030W 3 13
YKR031C 47 595
YKR032W 14 1017
YKR033C 5 161
YKR034W 8 167
YKR035C 3 31
YKR035W-A 3 31
YKR036C 37 735
YKR037C 8 54
YKR038C 13 53
YKR039W 18 239
YKR040C 47 1436
YKR041W 62 1412
YKR042W 20 285
YKR043C 36 1023
YKR044W 38 992
YKR045C 15 381
YKR046C 22 1552
YKR047W 5 15
YKR048C 25 493
YKR049C 5 346
YKR050W 23 519
YKR051W 27 435
YKR052C 10 106
YKR053C 28 821
YKR054C 78 1343
YKR055W 13 144
YKR056W 21 1891
YKR057W 2 2
YKR058W 22 589
YKR059W 2 41
YKR060W 11 136
YKR061W 44 1304
YKR062W 0 0
YKR063C 5 43
YKR064W 25 696
YKR065C 3 31
YKR066C 26 554
YKR067W 37 1340
YKR068C 5 28
YKR069W 26 677
YKR070W 14 548
YKR071C 9 80
YKR072C 28 466
YKR073C 24 869
YKR074W 9 137
YKR075C 25 1074
YKR075W-A 20 1023
YKR076W 40 705
YKR077W 11 432
YKR078W 31 333
YKR079C 17 141
YKR080W 21 125
YKR081C 0 0
YKR082W 16 101
YKR083C 4 37
YKR084C 13 216
YKR085C 9 117
YKR086W 12 100
YKR087C 18 884
YKR088C 18 322
YKR089C 35 1014
YKR090W 35 533
YKR091W 8 34
YKR092C 13 134
YKR093W 62 1199
YKR094C 3 27
YKR095W 27 189
YKR095W-A 2 18
YKR096W 47 1527
YKR097W 34 603
YKR098C 25 205
YKR099W 19 529
YKR100C 21 147
YKR101W 32 268
YKR102W 39 828
YKR103W 28 557
YKR104W 18 191
YKR105C 1 20
YKR106W 5 50
YLL067C 0 0
YLL067W-A 0 0
YLL066W-B 9 24
YLL066C 0 0
YLL066W-A 0 0
YLL065W 24 3088
YLL064C 0 0
YLL063C 15 229
YLL062C 8 98
YLL061W 44 1099
YLL060C 13 352
YLL059C 44 1498
YLL058W 18 236
YLL057C 31 2033
YLL056C 18 282
YLL055W 15 513
YLL054C 17 165
YLL053C 14 136
YLL052C 10 461
YLL051C 51 1413
YLL050C 3 18
YLL049W 5 48
YLL048C 72 1388
YLL047W 3 33
YLL046C 3 44
YLL045C 7 59
YLL044W 6 47
YLL043W 15 148
YLL042C 5 315
YLL041C 22 115
YLL040C 84 922
YLL039C 39 1394
YLL038C 14 421
YLL037W 0 0
YLL036C 2 18
YLL035W 5 13
YLL034C 4 18
YLL033W 1 23
YLL032C 20 300
YLL031C 7 43
YLL030C 15 672
YLL029W 97 10453
YLL028W 68 3098
YLL027W 3 34
YLL026W 96 2186
YLL025W 6 367
YLL024C 30 794
YLL023C 22 290
YLL022C 20 142
YLL021W 40 698
YLL020C 2 26
YLL019C 15 176
YLL019W-A 0 0
YLL018C-A 2 4
YLL018C 9 57
YLL015W 45 675
YLL014W 6 13
YLL013C 60 983
YLL012W 42 1564
YLL011W 9 163
YLL010C 35 301
YLL009C 0 0
YLL008W 4 46
YLL007C 3 20
YLL006W-A 0 0
YLL006W 3 43
YLL005C 12 422
YLL004W 7 94
YLL003W 10 141
YLL002W 10 77
YLL001W 39 760
YLR001C 70 1192
YLR002C 3 72
YLR003C 8 274
YLR004C 23 685
YLR005W 9 135
YLR006C 38 1196
YLR007W 8 80
YLR008C 0 0
YLR009W 1 8
YLR010C 0 0
YLR011W 17 412
YLR012C 5 136
YLR013W 5 55
YLR014C 41 843
YLR015W 11 145
YLR016C 7 82
YLR017W 11 118
YLR018C 15 227
YLR019W 36 1190
YLR020C 13 153
YLR021W 4 10
YLR022C 10 88
YLR023C 30 464
YLR024C 75 2572
YLR025W 2 13
YLR026C 0 0
YLR027C 6 151
YLR028C 53 965
YLR029C 1 2
YLR030W 8 119
YLR031W 3 114
YLR032W 17 94
YLR033W 1 9
YLR034C 22 594
YLR035C 31 684
YLR036C 4 108
YLR037C 6 316
YLR038C 5 44
YLR039C 16 197
YLR040C 15 365
YLR041W 9 172
YLR042C 12 593
YLR043C 2 29
YLR044C 38 664
YLR045C 20 203
YLR046C 8 135
YLR047C 37 1696
YLR048W 0 0
YLR049C 7 223
YLR050C 8 287
YLR051C 5 16
YLR052W 1 1
YLR053C 1 32
YLR054C 31 963
YLR055C 13 96
YLR056W 11 92
YLR057W 40 1020
YLR058C 15 80
YLR059C 70 5150
YLR060W 13 73
YLR061W 1 6
YLR062C 1 6
YLR063W 10 135
YLR064W 10 203
YLR065C 2 62
YLR066W 5 30
YLR067C 13 134
YLR068W 7 135
YLR069C 23 273
YLR070C 40 661
YLR071C 10 74
YLR072W 15 337
YLR073C 17 280
YLR074C 12 248
YLR075W 0 0
YLR076C 0 0
YLR077W 36 449
YLR078C 3 5
YLR079W 1 98
YLR080W 38 1456
YLR081W 23 190
YLR082C 14 129
YLR083C 17 167
YLR084C 59 3492
YLR085C 23 411
YLR086W 12 148
YLR087C 65 1095
YLR088W 5 66
YLR089C 10 245
YLR090W 15 142
YLR091W 5 206
YLR092W 48 1616
YLR093C 9 207
YLR094C 57 1024
YLR095C 31 610
YLR096W 30 730
YLR097C 18 207
YLR098C 19 244
YLR099C 29 365
YLR099W-A 4 77
YLR100W 4 27
YLR101C 7 140
YLR102C 10 253
YLR103C 2 36
YLR104W 6 120
YLR105C 4 38
YLR106C 44 238
YLR107W 27 1005
YLR108C 19 338
YLR109W 8 194
YLR110C 3 115
YLR111W 17 1132
YLR112W 53 2180
YLR113W 46 1623
YLR114C 22 221
YLR115W 4 43
YLR116W 10 141
YLR117C 15 199
YLR118C 1 5
YLR119W 6 37
YLR120C 30 459
YLR120W-A 11 1475
YLR121C 21 976
YLR122C 7 44
YLR123C 2 3
YLR124W 5 14
YLR125W 4 149
YLR126C 7 340
YLR127C 12 139
YLR128W 17 241
YLR129W 9 312
YLR130C 39 416
YLR131C 36 649
YLR132C 0 0
YLR133W 9 127
YLR134W 20 402
YLR135W 32 1053
YLR136C 9 79
YLR137W 47 1977
YLR138W 38 918
YLR139C 11 192
YLR140W 5 72
YLR141W 19 268
YLR142W 23 272
YLR143W 6 57
YLR144C 31 641
YLR145W 3 16
YLR146C 17 380
YLR146W-A 2 19
YLR147C 1 1
YLR148W 18 164
YLR149C 9 247
YLR149C-A 1 2
YLR150W 2 78
YLR151C 9 317
YLR152C 21 2276
YLR153C 14 415
YLR154C 3 14
YLR154W-A 0 0
YLR154W-B 0 0
YLR154W-C 0 0
YLR154W-E 0 0
YLR154W-F 0 0
YLR154C-G 0 0
YLR154C-H 0 0
YLR155C 0 0
YLR156W 0 0
YLR156C-A 0 0
YLR157C 0 0
YLR157W-D 0 0
YLR157W-E 0 0
YLR157C-C 0 0
YLR158C 0 0
YLR159W 0 0
YLR159C-A 0 0
YLR160C 0 0
YLR161W 0 0
YLR162W 5 21
YLR162W-A 0 0
YLR163C 8 39
YLR163W-A 0 0
YLR164W 2 14
YLR165C 5 58
YLR166C 10 78
YLR167W 4 47
YLR168C 20 129
YLR169W 30 1181
YLR170C 22 636
YLR171W 15 251
YLR172C 21 274
YLR173W 48 2674
YLR174W 36 481
YLR175W 10 48
YLR176C 20 362
YLR177W 32 867
YLR178C 20 379
YLR179C 39 1274
YLR180W 35 980
YLR181C 21 2754
YLR182W 5 50
YLR183C 25 1045
YLR184W 5 30
YLR185W 3 20
YLR186W 6 87
YLR187W 31 468
YLR188W 30 636
YLR189C 46 691
YLR190W 25 689
YLR191W 9 80
YLR192C 2 5
YLR193C 7 62
YLR194C 14 939
YLR195C 2 10
YLR196W 15 97
YLR197W 1 10
YLR198C 0 0
YLR199C 10 100
YLR200W 0 0
YLR201C 6 82
YLR202C 13 840
YLR203C 9 427
YLR204W 2 4
YLR205C 30 1135
YLR206W 14 578
YLR207W 36 746
YLR208W 0 0
YLR209C 23 1245
YLR210W 18 560
YLR211C 4 107
YLR212C 6 61
YLR213C 50 2441
YLR214W 25 576
YLR215C 2 2
YLR216C 11 150
YLR217W 7 122
YLR218C 14 865
YLR219W 30 1037
YLR220W 18 96
YLR221C 5 50
YLR222C 17 141
YLR222C-A 2 21
YLR223C 29 280
YLR224W 10 66
YLR225C 17 622
YLR226W 2 11
YLR227C 15 167
YLR228C 19 361
YLR229C 5 27
YLR230W 1 4
YLR231C 21 496
YLR232W 7 127
YLR233C 30 745
YLR234W 10 144
YLR235C 21 728
YLR236C 49 1765
YLR237W 48 1899
YLR238W 18 386
YLR239C 0 0
YLR240W 16 144
YLR241W 17 111
YLR242C 4 15
YLR243W 1 1
YLR244C 4 102
YLR245C 13 181
YLR246W 15 309
YLR247C 48 636
YLR248W 25 957
YLR249W 6 19
YLR250W 16 348
YLR251W 6 63
YLR252W 5 17
YLR253W 39 617
YLR254C 10 940
YLR255C 25 3739
YLR256W 89 1495
YLR257W 25 179
YLR258W 58 1616
YLR259C 12 107
YLR260W 40 971
YLR261C 0 0
YLR262C 4 28
YLR262C-A 1 1
YLR263W 24 371
YLR264W 0 0
YLR264C-A 0 0
YLR265C 3 19
YLR266C 17 323
YLR267W 20 434
YLR268W 5 28
YLR269C 24 1077
YLR270W 9 44
YLR271W 12 612
YLR272C 15 93
YLR273C 17 336
YLR274W 9 119
YLR275W 2 2
YLR276C 0 0
YLR277C 8 39
YLR278C 45 2128
YLR279W 39 3299
YLR280C 21 1215
YLR281C 22 1217
YLR282C 12 206
YLR283W 19 173
YLR284C 7 122
YLR285W 6 271
YLR285C-A 4 186
YLR286C 6 162
YLR286W-A 1 17
YLR287C 8 353
YLR287C-A 1 95
YLR288C 30 668
YLR289W 26 509
YLR290C 5 39
YLR291C 1 3
YLR292C 13 76
YLR293C 0 0
YLR294C 9 101
YLR295C 1 1
YLR296W 34 2900
YLR297W 22 1057
YLR298C 16 486
YLR299W 95 2714
YLR299C-A 4 14
YLR300W 34 635
YLR301W 15 680
YLR302C 40 1069
YLR303W 19 394
YLR304C 26 337
YLR305C 30 575
YLR306W 24 767
YLR307W 11 140
YLR307C-A 5 18
YLR308W 16 242
YLR309C 21 293
YLR310C 15 91
YLR311C 2 30
YLR312C 32 772
YLR312W-A 6 30
YLR313C 23 670
YLR314C 11 107
YLR315W 9 77
YLR316C 13 59
YLR317W 3 5
YLR318W 45 698
YLR319C 11 131
YLR320W 24 405
YLR321C 8 73
YLR322W 1 3
YLR323C 4 11
YLR324W 14 177
YLR325C 6 41
YLR326W 28 650
YLR327C 10 324
YLR328W 33 1389
YLR329W 4 40
YLR330W 37 774
YLR331C 3 11
YLR332W 8 55
YLR333C 16 278
YLR334C 10 578
YLR335W 10 1027
YLR336C 18 178
YLR337C 11 89
YLR338W 0 0
YLR339C 0 0
YLR340W 0 0
YLR341W 9 121
YLR342W 21 580
YLR342W-A 1 1
YLR343W 28 1225
YLR344W 8 94
YLR345W 30 681
YLR346C 14 270
YLR347C 8 75
YLR347W-A 1 3
YLR348C 85 4911
YLR349W 55 2347
YLR350W 5 31
YLR351C 15 295
YLR352W 60 4330
YLR353W 35 1083
YLR354C 22 350
YLR355C 48 1791
YLR356W 8 307
YLR357W 13 160
YLR358C 8 242
YLR359W 4 14
YLR360W 14 420
YLR361C 42 2273
YLR361C-A 3 17
YLR362W 27 484
YLR363C 1 22
YLR363W-A 2 111
YLR364W 4 157
YLR365W 11 74
YLR364C-A 6 150
YLR366W 23 436
YLR367W 16 204
YLR368W 10 72
YLR369W 4 12
YLR370C 2 28
YLR371W 21 184
YLR372W 0 0
YLR373C 19 298
YLR374C 30 1451
YLR375W 28 1419
YLR376C 20 226
YLR377C 43 1754
YLR378C 20 189
YLR379W 2 33
YLR380W 43 676
YLR381W 18 119
YLR382C 10 96
YLR383W 8 113
YLR384C 18 179
YLR385C 11 204
YLR386W 12 85
YLR387C 23 497
YLR388W 1 8
YLR389C 62 1804
YLR390W 18 734
YLR390W-A 10 131
YLR392C 30 654
YLR393W 2 2
YLR394W 5 101
YLR395C 6 32
YLR396C 16 139
YLR397C 9 41
YLR398C 21 162
YLR399C 7 28
YLR399W-A 0 0
YLR400W 36 2317
YLR401C 61 2119
YLR402W 0 0
YLR403W 8 121
YLR404W 12 352
YLR405W 24 572
YLR406C 11 179
YLR406C-A 4 889
YLR407W 2 12
YLR408C 14 209
YLR409C 14 349
YLR410W 69 1675
YLR411W 23 370
YLR412W 10 129
YLR412C-A 1 2
YLR413W 41 764
YLR414C 32 2185
YLR415C 56 4106
YLR416C 43 3136
YLR417W 20 188
YLR418C 5 25
YLR419W 40 1119
YLR420W 10 203
YLR421C 8 154
YLR422W 62 1444
YLR423C 2 27
YLR424W 12 69
YLR425W 32 806
YLR426W 0 0
YLR427W 23 437
YLR428C 28 2518
YLR429W 44 754
YLR430W 19 386
YLR431C 13 606
YLR432W 17 197
YLR433C 22 398
YLR434C 0 0
YLR435W 0 0
YLR436C 71 4458
YLR437C 23 1684
YLR437C-A 13 451
YLR438W 71 2071
YLR438C-A 1 3
YLR439W 4 81
YLR440C 4 11
YLR441C 4 51
YLR442C 24 251
YLR443W 21 282
YLR444C 2 9
YLR445W 9 447
YLR446W 8 98
YLR447C 7 152
YLR448W 3 9
YLR449W 9 295
YLR450W 65 6131
YLR451W 26 754
YLR452C 22 1863
YLR453C 37 2932
YLR454W 72 1627
YLR455W 9 73
YLR456W 12 453
YLR457C 15 286
YLR458W 3 5
YLR459W 0 0
YLR460C 8 14
YLR461W 5 16
YLR462W 0 0
YLR463C 0 0
YLR464W 1 38
YLR465C 0 0
YLR466W 1 38
YLR466C-A 0 0
YLR466C-B 5 839
YLR467W 0 0
YLR467C-A 0 0
YML133C 0 0
YML133W-B 0 0
YML133W-A 0 0
YML132W 1 30
YML131W 19 137
YML130C 9 55
YML129C 3 7
YML128C 32 4850
YML127W 9 297
YML126C 12 42
YML125C 11 103
YML124C 19 164
YML123C 14 114
YML122C 35 957
YML121W 3 23
YML120C 25 300
YML119W 18 471
YML118W 24 473
YML117W 59 969
YML116W-A 6 38
YML116W 21 614
YML115C 9 115
YML114C 11 164
YML113W 8 47
YML112W 1 1
YML111W 36 955
YML110C 8 160
YML109W 30 979
YML108W 3 41
YML107C 9 80
YML106W 6 49
YML105C 3 31
YML104C 30 349
YML103C 33 491
YML102W 24 326
YML101C-A 10 158
YML101C 64 2103
YML100W-A 17 1371
YML100W 100 2615
YML099W-A 7 65
YML099C 39 1319
YML098W 0 0
YML097C 8 173
YML096W 19 652
YML095C 6 181
YML094C-A 1 5
YML094W 3 7
YML093W 17 145
YML092C 0 0
YML091C 21 199
YML090W 4 54
YML089C 22 1078
YML088W 16 509
YML087C 29 729
YML086C 29 756
YML085C 3 35
YML084W 19 634
YML083C 41 623
YML082W 35 525
YML081C-A 5 30
YML081W 31 418
YML080W 13 260
YML079W 16 355
YML078W 10 133
YML077W 2 30
YML076C 47 813
YML075C 47 1208
YML074C 4 5
YML073C 2 5
YML072C 84 1348
YML071C 11 491
YML070W 22 747
YML069W 1 1
YML068W 21 587
YML067C 10 63
YML066C 21 462
YML065W 5 17
YML064C 4 28
YML063W 0 0
YML062C 14 102
YML061C 8 65
YML060W 8 91
YML059C 56 887
YML058W-A 3 23
YML058W 14 577
YML057C-A 6 85
YML057W 30 1179
YML056C 22 689
YML055W 7 25
YML054C 70 3206
YML054C-A 27 530
YML053C 21 595
YML052W 31 1923
YML051W 42 595
YML050W 14 135
YML049C 23 240
YML048W 1 5
YML047W-A 4 80
YML047C 4 80
YML046W 3 34
YML043C 1 40
YML042W 34 673
YML041C 14 146
YML038C 4 20
YML037C 11 459
YML036W 4 81
YML035C 22 382
YML034C-A 8 77
YML034W 33 303
YML032C 12 392
YML031C-A 6 204
YML031W 30 1257
YML030W 4 29
YML029W 51 1401
YML028W 28 533
YML027W 19 226
YML026C 7 43
YML025C 6 86
YML024W 0 0
YML023C 9 128
YML022W 10 386
YML021C 17 521
YML020W 38 1031
YML019W 14 378
YML018C 23 520
YML017W 24 623
YML016C 37 385
YML015C 5 40
YML014W 9 116
YML013W 7 63
YML012C-A 4 49
YML012W 6 51
YML011C 5 33
YML010W 13 74
YML009W-B 2 4
YML009C-A 1 3
YML009C 4 75
YML008C 2 2
YML007C-A 12 679
YML007W 19 259
YML006C 26 348
YML005W 19 264
YML004C 29 518
YML003W 21 131
YML002W 38 901
YML001W 6 148
YMR001C 6 14
YMR001C-A 0 0
YMR002W 22 825
YMR003W 8 193
YMR004W 33 1318
YMR005W 0 0
YMR006C 24 412
YMR007W 29 2662
YMR008C 11 283
YMR009W 5 42
YMR010W 17 185
YMR011W 25 555
YMR012W 17 136
YMR013C 7 43
YMR013C-A 0 0
YMR013W-A 4 364
YMR014W 3 22
YMR015C 49 637
YMR016C 9 166
YMR017W 7 99
YMR018W 18 182
YMR019W 39 735
YMR020W 18 127
YMR021C 0 0
YMR022W 8 290
YMR023C 29 744
YMR024W 5 25
YMR025W 5 314
YMR026C 8 58
YMR027W 28 1264
YMR028W 4 27
YMR029C 8 168
YMR030W 17 267
YMR031C 21 735
YMR031W-A 14 593
YMR032W 10 353
YMR030W-A 5 135
YMR033W 1 1
YMR034C 20 511
YMR035W 3 33
YMR036C 11 257
YMR037C 15 63
YMR038C 13 374
YMR039C 14 76
YMR040W 15 147
YMR041C 7 110
YMR042W 76 7621
YMR043W 7 117
YMR044W 21 180
YMR046W-A 0 0
YMR047C 16 606
YMR048W 19 320
YMR049C 12 104
YMR052W 4 68
YMR052C-A 10 115
YMR053C 25 564
YMR054W 54 1023
YMR055C 34 430
YMR056C 57 4283
YMR057C 29 4202
YMR058W 40 607
YMR059W 1 4
YMR060C 4 80
YMR061W 4 40
YMR062C 24 381
YMR063W 21 484
YMR064W 7 46
YMR065W 32 1252
YMR066W 10 139
YMR067C 12 141
YMR068W 13 170
YMR069W 89 4450
YMR070W 25 252
YMR071C 13 344
YMR072W 5 29
YMR073C 7 277
YMR074C 6 299
YMR075W 9 44
YMR075C-A 2 2
YMR076C 22 170
YMR077C 9 95
YMR078C 10 63
YMR079W 2 50
YMR080C 28 401
YMR081C 29 824
YMR082C 17 1124
YMR083W 14 150
YMR084W 13 286
YMR085W 5 47
YMR086W 36 767
YMR086C-A 11 362
YMR087W 29 1199
YMR088C 16 767
YMR089C 13 183
YMR090W 16 491
YMR091C 9 51
YMR092C 23 523
YMR093W 6 57
YMR094W 0 0
YMR095C 11 489
YMR096W 9 127
YMR097C 8 113
YMR098C 6 60
YMR099C 4 12
YMR100W 19 214
YMR101C 12 204
YMR102C 31 624
YMR103C 54 2497
YMR104C 38 658
YMR105C 0 0
YMR105W-A 13 4206
YMR106C 55 1283
YMR107W 29 1798
YMR108W 22 644
YMR109W 41 909
YMR110C 26 242
YMR111C 18 378
YMR112C 0 0
YMR113W 5 51
YMR114C 22 1521
YMR115W 8 245
YMR116C 6 77
YMR117C 2 31
YMR118C 9 82
YMR119W 19 530
YMR119W-A 9 40
YMR120C 25 564
YMR121C 8 131
YMR122C 50 3127
YMR122W-A 7 39
YMR123W 0 0
YMR124W 38 824
YMR125W 9 63
YMR126C 10 218
YMR127C 13 71
YMR128W 16 190
YMR129W 48 1797
YMR130W 27 1055
YMR131C 4 33
YMR132C 16 113
YMR133W 7 51
YMR134W 6 247
YMR135C 32 1003
YMR135W-A 53 4159
YMR136W 38 563
YMR137C 45 2622
YMR138W 8 39
YMR139W 19 262
YMR140W 13 67
YMR141C 0 0
YMR142C 1 4
YMR141W-A 1 4
YMR143W 2 21
YMR144W 21 270
YMR145C 49 1228
YMR146C 2 22
YMR147W 13 104
YMR148W 17 350
YMR149W 7 70
YMR150C 12 39
YMR151W 21 1237
YMR152W 25 714
YMR153W 17 82
YMR153C-A 0 0
YMR154C 21 443
YMR155W 21 254
YMR156C 17 399
YMR157C 4 61
YMR158W 9 65
YMR158C-A 0 0
YMR158W-B 9 865
YMR159C 11 901
YMR160W 12 442
YMR161W 18 131
YMR162C 72 1856
YMR163C 13 171
YMR164C 14 217
YMR165C 37 1172
YMR166C 11 185
YMR167W 29 310
YMR168C 6 32
YMR169C 23 842
YMR170C 19 884
YMR171C 23 732
YMR172W 29 511
YMR172C-A 2 7
YMR173W 11 856
YMR173W-A 11 856
YMR174C 4 90
YMR175W 15 306
YMR175W-A 20 407
YMR176W 58 1072
YMR177W 10 74
YMR178W 19 684
YMR179W 5 48
YMR180C 29 1098
YMR181C 11 96
YMR182C 2 20
YMR182W-A 9 57
YMR183C 17 635
YMR184W 13 134
YMR185W 12 107
YMR186W 11 243
YMR187C 23 523
YMR188C 7 58
YMR189W 40 1296
YMR190C 35 617
YMR191W 13 83
YMR192W 20 97
YMR193W 0 0
YMR193C-A 4 42
YMR194W 6 25
YMR194C-B 29 2081
YMR194C-A 43 6501
YMR195W 15 265
YMR196W 80 2663
YMR197C 2 19
YMR198W 18 137
YMR199W 22 473
YMR200W 5 26
YMR201C 26 1175
YMR202W 4 52
YMR203W 4 110
YMR204C 7 45
YMR205C 9 71
YMR206W 24 639
YMR207C 53 496
YMR208W 10 80
YMR209C 22 434
YMR210W 34 426
YMR211W 6 44
YMR212C 8 254
YMR213W 12 635
YMR214W 16 451
YMR215W 23 679
YMR216C 57 2701
YMR217W 7 69
YMR218C 4 18
YMR219W 44 1162
YMR220W 5 19
YMR221C 31 427
YMR222C 3 12
YMR223W 10 92
YMR224C 19 122
YMR225C 7 112
YMR226C 8 76
YMR227C 7 99
YMR228W 10 63
YMR229C 14 187
YMR230W 4 39
YMR230W-A 9 39
YMR231W 18 188
YMR232W 23 165
YMR233W 8 87
YMR234W 11 180
YMR235C 6 51
YMR236W 4 94
YMR237W 25 214
YMR238W 23 344
YMR239C 10 148
YMR240C 14 315
YMR241W 32 799
YMR242C 6 75
YMR242W-A 0 0
YMR243C 33 1031
YMR244W 47 1193
YMR244C-A 5 39
YMR245W 55 2173
YMR246W 104 6719
YMR247C 46 1761
YMR247W-A 3 48
YMR250W 26 769
YMR251W 96 4675
YMR251W-A 0 0
YMR252C 17 885
YMR253C 24 589
YMR254C 18 601
YMR255W 0 0
YMR256C 0 0
YMR257C 11 41
YMR258C 19 194
YMR259C 22 408
YMR260C 0 0
YMR261C 33 934
YMR262W 16 212
YMR263W 2 10
YMR264W 13 112
YMR265C 25 529
YMR266W 35 368
YMR267W 13 207
YMR268C 2 6
YMR269W 0 0
YMR270C 3 3
YMR271C 9 130
YMR272C 16 1146
YMR272W-A 0 0
YMR272W-B 1 4
YMR273C 38 626
YMR274C 14 279
YMR275C 27 513
YMR276W 14 184
YMR277W 2 3
YMR278W 19 500
YMR279C 23 526
YMR280C 75 1879
YMR281W 0 0
YMR282C 5 28
YMR283C 27 408
YMR284W 19 417
YMR285C 28 1323
YMR286W 1 9
YMR287C 13 43
YMR288W 4 30
YMR289W 20 337
YMR290C 8 83
YMR290W-A 0 0
YMR291W 45 1878
YMR292W 11 215
YMR293C 20 538
YMR294W 7 86
YMR294W-A 4 218
YMR295C 15 2347
YMR296C 3 22
YMR297W 42 819
YMR298W 0 0
YMR299C 7 152
YMR300C 7 72
YMR301C 19 526
YMR302C 26 346
YMR303C 5 87
YMR304W 31 649
YMR304C-A 25 326
YMR305C 16 274
YMR306W 61 1653
YMR306C-A 6 81
YMR307W 11 358
YMR307C-A 0 0
YMR308C 10 67
YMR309C 18 163
YMR310C 12 479
YMR311C 6 108
YMR312W 1 11
YMR313C 12 248
YMR314W 3 721
YMR315W 24 423
YMR315W-A 9 238
YMR316W 30 890
YMR316C-A 9 270
YMR316C-B 0 0
YMR317W 21 650
YMR318C 50 1007
YMR319C 43 1190
YMR320W 10 60
YMR321C 0 0
YMR322C 0 0
YMR323W 4 239
YMR324C 5 45
YMR325W 1 2
YMR326C 9 150
YNL339C 0 0
YNL339W-B 0 0
YNL339W-A 0 0
YNL338W 1 1
YNL337W 2 100
YNL336W 1 1
YNL335W 0 0
YNL334C 3 17
YNL333W 1 1
YNL332W 3 37
YNL331C 10 197
YNL330C 11 722
YNL329C 43 760
YNL328C 10 245
YNL327W 19 440
YNL326C 15 363
YNL325C 34 346
YNL324W 5 334
YNL323W 15 206
YNL322C 10 308
YNL321W 33 1482
YNL320W 16 1060
YNL319W 4 37
YNL318C 12 193
YNL317W 11 83
YNL316C 19 457
YNL315C 0 0
YNL314W 15 260
YNL313C 15 232
YNL312W 1 2
YNL311C 19 207
YNL310C 5 46
YNL309W 16 184
YNL308C 5 29
YNL307C 5 31
YNL306W 4 16
YNL305C 17 628
YNL304W 38 2573
YNL303W 20 1266
YNL302C 0 0
YNL301C 27 624
YNL300W 11 327
YNL299W 21 667
YNL298W 13 76
YNL297C 10 42
YNL296W 1 1
YNL295W 10 123
YNL294C 31 367
YNL293W 36 444
YNL292W 7 223
YNL291C 11 174
YNL290W 8 108
YNL289W 20 528
YNL288W 20 379
YNL287W 8 44
YNL286W 23 789
YNL285W 49 9794
YNL284C 3 13
YNL283C 25 311
YNL282W 12 938
YNL281W 14 456
YNL280C 5 190
YNL279W 50 2490
YNL278W 91 2497
YNL277W-A 19 711
YNL277W 43 1440
YNL276C 15 360
YNL275W 23 474
YNL274C 19 207
YNL273W 20 340
YNL272C 7 33
YNL271C 18 275
YNL270C 23 1268
YNL269W 34 1727
YNL268W 35 1254
YNL267W 11 95
YNL266W 6 442
YNL265C 16 504
YNL264C 23 538
YNL263C 12 73
YNL262W 36 401
YNL261W 4 21
YNL260C 3 31
YNL259C 3 14
YNL258C 3 41
YNL257C 32 308
YNL256W 4 35
YNL255C 3 212
YNL254C 16 122
YNL253W 19 554
YNL252C 2 45
YNL251C 15 253
YNL250W 23 323
YNL249C 15 193
YNL248C 0 0
YNL247W 5 20
YNL246W 11 99
YNL245C 0 0
YNL244C 5 30
YNL243W 39 889
YNL242W 67 1850
YNL241C 52 801
YNL240C 23 201
YNL239W 22 191
YNL238W 17 335
YNL237W 21 501
YNL236W 19 484
YNL235C 10 671
YNL234W 28 1684
YNL233W 49 1872
YNL232W 7 40
YNL231C 55 1289
YNL230C 50 1560
YNL229C 2 19
YNL228W 23 555
YNL227C 21 551
YNL226W 4 28
YNL225C 10 35
YNL224C 24 1321
YNL223W 20 318
YNL222W 2 28
YNL221C 16 122
YNL220W 3 50
YNL219C 17 390
YNL218W 31 935
YNL217W 24 2029
YNL216W 21 127
YNL215W 3 44
YNL214W 3 146
YNL213C 6 145
YNL212W 20 214
YNL211C 9 91
YNL210W 4 31
YNL209W 21 1099
YNL208W 14 457
YNL207W 2 3
YNL206C 16 626
YNL205C 7 256
YNL204C 4 38
YNL203C 12 292
YNL202W 35 1313
YNL201C 18 606
YNL200C 11 147
YNL199C 14 75
YNL198C 2 37
YNL197C 6 190
YNL196C 24 626
YNL195C 30 1209
YNL194C 17 600
YNL193W 27 443
YNL192W 21 259
YNL191W 29 1959
YNL190W 12 48
YNL189W 3 42
YNL188W 3 31
YNL187W 21 1033
YNL186W 9 34
YNL185C 2 6
YNL184C 1 3
YNL183C 27 976
YNL182C 5 58
YNL181W 8 106
YNL180C 7 160
YNL179C 25 514
YNL178W 0 0
YNL177C 0 0
YNL176C 23 828
YNL175C 14 310
YNL174W 2 144
YNL173C 35 2482
YNL172W 16 129
YNL171C 2 39
YNL170W 3 22
YNL169C 3 10
YNL168C 16 406
YNL167C 7 44
YNL166C 14 368
YNL165W 21 368
YNL164C 18 383
YNL163C 8 88
YNL162W-A 1 5
YNL162W 0 0
YNL161W 3 3
YNL160W 15 138
YNL159C 5 22
YNL158W 1 1
YNL157W 6 903
YNL156C 16 138
YNL155W 8 503
YNL154C 35 858
YNL153C 9 519
YNL152W 5 192
YNL151C 8 56
YNL150W 4 77
YNL149C 1 2
YNL148C 77 25397
YNL147W 2 36
YNL146C-A 11 683
YNL146W 8 121
YNL145W 4 9
YNL144C 47 662
YNL144W-A 0 0
YNL143C 18 1010
YNL142W 39 700
YNL141W 10 326
YNL140C 4 24
YNL139C 17 204
YNL138W-A 0 0
YNL138W 5 28
YNL137C 14 144
YNL136W 7 87
YNL135C 1 11
YNL134C 22 334
YNL133C 6 90
YNL132W 5 22
YNL131W 0 0
YNL130C 16 240
YNL130C-A 2 8
YNL129W 11 419
YNL128W 34 804
YNL127W 28 419
YNL126W 8 148
YNL125C 42 1422
YNL124W 7 40
YNL123W 27 254
YNL122C 8 129
YNL121C 11 104
YNL120C 4 35
YNL119W 15 279
YNL118C 14 409
YNL117W 41 808
YNL116W 30 166
YNL115C 26 406
YNL114C 1 11
YNL113W 3 28
YNL112W 18 263
YNL111C 5 65
YNL110C 1 1
YNL109W 5 191
YNL108C 15 672
YNL107W 0 0
YNL106C 53 1054
YNL105W 9 168
YNL104C 69 2813
YNL103W-A 4 100
YNL103W 8 71
YNL102W 16 97
YNL101W 35 443
YNL100W 12 107
YNL099C 7 44
YNL098C 1 1
YNL097C-B 6 183
YNL097C 22 814
YNL097W-A 5 385
YNL096C 11 88
YNL095C 20 190
YNL094W 18 171
YNL093W 6 13
YNL092W 30 459
YNL091W 25 214
YNL090W 2 15
YNL089C 2 15
YNL088W 9 64
YNL087W 63 2329
YNL086W 6 29
YNL085W 18 208
YNL084C 5 183
YNL083W 21 241
YNL082W 10 132
YNL081C 1 9
YNL080C 8 46
YNL079C 11 102
YNL078W 22 621
YNL077W 28 329
YNL076W 13 376
YNL075W 4 68
YNL074C 34 1887
YNL073W 15 200
YNL072W 30 938
YNL071W 10 39
YNL070W 5 226
YNL069C 4 9
YNL068C 46 2043
YNL067W-A 4 67
YNL067W-B 1 17
YNL067W 7 149
YNL066W 53 3322
YNL065W 29 273
YNL064C 12 110
YNL063W 12 669
YNL062C 2 54
YNL061W 15 217
YNL059C 7 56
YNL058C 6 29
YNL057W 1 1
YNL056W 6 251
YNL055C 8 110
YNL054W 28 555
YNL053W 49 1068
YNL052W 2 41
YNL051W 19 171
YNL050C 12 83
YNL049C 19 565
YNL048W 7 54
YNL047C 18 542
YNL046W 16 674
YNL045W 18 230
YNL044W 7 63
YNL043C 3 26
YNL042W-B 14 331
YNL042W 15 638
YNL041C 20 247
YNL040W 5 139
YNL039W 14 129
YNL038W 6 137
YNL037C 12 203
YNL036W 8 209
YNL035C 16 166
YNL034W 6 84
YNL033W 1 4
YNL032W 3 43
YNL031C 7 127
YNL030W 5 113
YNL029C 30 503
YNL028W 19 374
YNL027W 27 804
YNL026W 3 20
YNL025C 9 37
YNL024C-A 0 0
YNL024C 30 1506
YNL023C 38 752
YNL022C 12 105
YNL021W 22 482
YNL020C 40 556
YNL019C 3 186
YNL018C 7 76
YNL017C 19 2647
YNL016W 8 48
YNL015W 0 0
YNL014W 29 1095
YNL013C 0 0
YNL012W 29 246
YNL011C 5 54
YNL010W 17 305
YNL009W 21 402
YNL008C 22 783
YNL007C 1 13
YNL006W 3 30
YNL005C 3 46
YNL004W 71 1770
YNL003C 9 181
YNL002C 1 90
YNL001W 10 40
YNR001C 40 1014
YNR001W-A 6 179
YNR002C 69 3217
YNR003C 6 75
YNR003W-A 1 1
YNR004W 10 67
YNR005C 0 0
YNR006W 5 59
YNR007C 7 119
YNR008W 52 1383
YNR009W 10 74
YNR010W 3 23
YNR011C 13 110
YNR012W 12 252
YNR013C 43 586
YNR014W 21 433
YNR015W 52 2320
YNR016C 43 390
YNR017W 5 50
YNR018W 33 781
YNR019W 33 756
YNR020C 7 65
YNR021W 16 147
YNR022C 3 4
YNR023W 4 44
YNR024W 2 23
YNR025C 1 10
YNR026C 8 227
YNR027W 18 537
YNR028W 26 457
YNR029C 13 185
YNR030W 17 221
YNR031C 121 2411
YNR032W 34 1295
YNR032C-A 2 31
YNR033W 39 1091
YNR034W 7 132
YNR034W-A 8 100
YNR035C 1 8
YNR036C 8 173
YNR037C 3 18
YNR038W 4 35
YNR039C 29 769
YNR040W 19 113
YNR041C 4 145
YNR042W 0 0
YNR043W 1 3
YNR044W 24 444
YNR045W 3 44
YNR046W 4 61
YNR047W 49 2458
YNR048W 9 29
YNR049C 12 112
YNR050C 10 196
YNR051C 6 20
YNR052C 8 30
YNR053C 6 54
YNR054C 5 79
YNR055C 38 774
YNR056C 31 858
YNR057C 42 1957
YNR058W 25 654
YNR059W 29 681
YNR060W 36 1725
YNR061C 8 105
YNR062C 4 19
YNR063W 12 260
YNR064C 20 646
YNR065C 16 84
YNR066C 24 1058
YNR067C 32 446
YNR068C 6 151
YNR069C 10 142
YNR070W 31 609
YNR071C 29 550
YNR072W 27 773
YNR073C 7 366
YNR074C 9 98
YNR075W 17 114
YNR075C-A 1 13
YNR076W 1 40
YNR077C 17 668
YOL166W-A 6 384
YOL166C 2 8
YOL165C 1 10
YOL164W-A 1 8
YOL164W 52 2296
YOL163W 17 1596
YOL162W 13 166
YOL161C 3 4
YOL160W 5 30
YOL159C-A 2 10
YOL159C 15 414
YOL158C 28 995
YOL157C 20 368
YOL156W 2 230
YOL155W-A 2 72
YOL155C 32 526
YOL154W 6 395
YOL152W 39 1138
YOL151W 16 207
YOL150C 0 0
YOL149W 0 0
YOL148C 7 41
YOL147C 15 262
YOL146W 3 71
YOL145C 13 100
YOL144W 6 52
YOL143C 4 26
YOL142W 6 35
YOL141W 52 725
YOL140W 41 1159
YOL139C 1 11
YOL138C 23 266
YOL137W 24 660
YOL136C 10 108
YOL135C 3 28
YOL134C 3 20
YOL133W 0 0
YOL132W 23 580
YOL131W 7 157
YOL130W 9 77
YOL129W 13 409
YOL128C 11 288
YOL127W 0 0
YOL126C 42 1103
YOL125W 29 836
YOL124C 28 319
YOL123W 5 30
YOL122C 40 872
YOL121C 3 22
YOL120C 13 172
YOL119C 24 868
YOL118C 22 1190
YOL117W 32 1607
YOL116W 18 362
YOL115W 20 130
YOL114C 10 51
YOL113W 25 203
YOL112W 31 463
YOL111C 23 252
YOL110W 91 12640
YOL109W 0 0
YOL108C 5 13
YOL107W 25 731
YOL106W 7 313
YOL105C 7 77
YOL104C 11 1177
YOL103W 12 155
YOL102C 0 0
YOL101C 3 72
YOL100W 21 855
YOL099C 5 60
YOL098C 31 431
YOL097W-A 4 75
YOL097C 7 92
YOL096C 8 86
YOL095C 10 97
YOL094C 3 38
YOL093W 2 10
YOL092W 12 127
YOL091W 4 21
YOL090W 27 252
YOL089C 27 289
YOL088C 2 13
YOL087C 33 641
YOL086W-A 20 546
YOL086C 4 62
YOL085W-A 17 736
YOL085C 26 954
YOL084W 66 3451
YOL083W 19 215
YOL083C-A 4 18
YOL082W 18 1204
YOL081W 31 476
YOL080C 3 19
YOL079W 1 4
YOL078W 22 157
YOL077W-A 6 272
YOL077C 14 284
YOL076W 7 132
YOL075C 42 625
YOL073C 13 246
YOL072W 5 148
YOL071W 3 12
YOL070C 11 189
YOL069W 6 64
YOL068C 24 354
YOL067C 10 181
YOL066C 6 22
YOL065C 9 158
YOL064C 8 188
YOL063C 22 345
YOL062C 11 261
YOL061W 23 540
YOL060C 48 972
YOL059W 44 1358
YOL058W 56 2094
YOL057W 22 354
YOL056W 15 283
YOL055C 24 702
YOL054W 13 110
YOL053W 30 798
YOL052C-A 3 202
YOL052C 34 853
YOL051W 10 162
YOL050C 7 148
YOL049W 11 271
YOL048C 10 167
YOL047C 18 269
YOL046C 7 35
YOL045W 19 88
YOL044W 5 145
YOL043C 14 362
YOL042W 21 162
YOL041C 7 171
YOL040C 1 20
YOL039W 1 15
YOL038C-A 2 4
YOL038W 3 72
YOL037C 7 191
YOL036W 29 627
YOL035C 4 44
YOL034W 23 160
YOL033W 7 45
YOL032W 9 51
YOL031C 35 1291
YOL030W 23 852
YOL029C 20 410
YOL028C 14 1139
YOL027C 14 142
YOL026C 4 17
YOL025W 18 105
YOL024W 7 114
YOL023W 15 120
YOL022C 5 44
YOL021C 18 143
YOL020W 33 842
YOL019W-A 15 409
YOL019W 23 357
YOL018C 8 59
YOL017W 19 175
YOL016C 16 277
YOL015W 14 258
YOL014W 4 113
YOL013W-B 0 0
YOL013W-A 15 318
YOL013C 20 383
YOL012C 7 57
YOL011W 34 4192
YOL010W 4 22
YOL009C 7 64
YOL008W 1 1
YOL007C 20 415
YOL006C 8 94
YOL005C 0 0
YOL004W 22 154
YOL003C 26 875
YOL002C 39 2004
YOL001W 16 177
YOR001W 18 269
YOR002W 27 613
YOR003W 37 544
YOR004W 4 74
YOR005C 39 813
YOR006C 11 200
YOR007C 12 568
YOR008C 0 0
YOR008C-A 6 27
YOR008W-B 7 30
YOR009W 5 144
YOR010C 1 1
YOR011W 37 373
YOR011W-A 3 34
YOR012W 6 37
YOR013W 12 204
YOR014W 16 101
YOR015W 2 33
YOR016C 13 343
YOR017W 16 1010
YOR018W 27 569
YOR019W 23 574
YOR020C 0 0
YOR020W-A 3 12
YOR021C 0 0
YOR022C 17 184
YOR023C 14 282
YOR024W 32 528
YOR025W 23 1905
YOR026W 19 275
YOR027W 27 255
YOR028C 11 211
YOR029W 25 1256
YOR030W 26 265
YOR031W 7 17
YOR032C 7 48
YOR032W-A 8 154
YOR033C 21 847
YOR034C 25 264
YOR034C-A 12 1254
YOR035C 10 108
YOR036W 2 3
YOR037W 20 251
YOR038C 34 513
YOR039W 7 62
YOR040W 38 1688
YOR041C 10 400
YOR042W 31 1337
YOR043W 17 199
YOR044W 9 113
YOR045W 2 42
YOR046C 12 217
YOR047C 3 12
YOR048C 6 79
YOR049C 19 190
YOR050C 18 956
YOR051C 7 116
YOR052C 6 20
YOR053W 1 5
YOR054C 25 890
YOR055W 10 97
YOR056C 9 96
YOR057W 7 34
YOR058C 21 279
YOR059C 17 202
YOR060C 20 144
YOR061W 12 133
YOR062C 29 6381
YOR063W 3 34
YOR064C 20 289
YOR065W 5 13
YOR066W 25 573
YOR067C 16 214
YOR069W 18 137
YOR068C 2 19
YOR070C 9 132
YOR071C 20 615
YOR072W 19 475
YOR072W-A 22 1106
YOR072W-B 1 1
YOR073W 5 66
YOR074C 9 101
YOR073W-A 2 20
YOR075W 2 21
YOR076C 19 1486
YOR077W 9 319
YOR078W 3 44
YOR079C 22 1109
YOR080W 17 113
YOR081C 33 501
YOR082C 11 291
YOR083W 51 2473
YOR084W 57 1913
YOR085W 27 690
YOR086C 37 973
YOR087W 31 1166
YOR089C 5 128
YOR090C 26 320
YOR091W 42 1856
YOR092W 25 542
YOR093C 43 752
YOR094W 2 11
YOR095C 7 44
YOR096W 8 46
YOR097C 14 1280
YOR098C 12 91
YOR099W 40 1054
YOR100C 13 227
YOR101W 12 177
YOR102W 0 0
YOR103C 0 0
YOR104W 4 19
YOR105W 0 0
YOR106W 5 74
YOR107W 27 330
YOR108W 46 1095
YOR108C-A 3 37
YOR109W 22 152
YOR110W 5 32
YOR111W 9 108
YOR112W 14 188
YOR113W 25 759
YOR114W 20 547
YOR115C 5 76
YOR116C 19 148
YOR117W 5 24
YOR118W 31 859
YOR119C 5 71
YOR120W 33 1802
YOR121C 6 473
YOR122C 0 0
YOR123C 15 125
YOR124C 34 374
YOR125C 1 17
YOR126C 8 55
YOR127W 10 194
YOR128C 3 26
YOR129C 20 304
YOR130C 13 856
YOR131C 12 355
YOR132W 14 212
YOR133W 3 84
YOR134W 64 4775
YOR135C 0 0
YOR136W 5 70
YOR137C 23 373
YOR138C 55 1441
YOR139C 4 81
YOR140W 28 372
YOR141C 19 137
YOR142W 30 1282
YOR143C 8 50
YOR144C 25 436
YOR145C 5 117
YOR146W 2 61
YOR147W 1 3
YOR148C 4 53
YOR149C 3 26
YOR150W 1 4
YOR151C 12 161
YOR152C 0 0
YOR153W 115 3635
YOR154W 9 18
YOR155C 16 414
YOR156C 16 293
YOR157C 8 88
YOR158W 4 26
YOR159C 4 30
YOR160W 8 33
YOR161C 41 1375
YOR161W-A 0 0
YOR161W-B 9 309
YOR161C-C 18 170
YOR162C 38 669
YOR163W 6 213
YOR164C 20 225
YOR165W 40 543
YOR166C 21 446
YOR167C 0 0
YOR168W 20 241
YOR169C 5 152
YOR170W 3 22
YOR171C 12 62
YOR172W 21 226
YOR173W 19 422
YOR174W 5 36
YOR175C 27 426
YOR176W 13 196
YOR177C 27 427
YOR178C 28 994
YOR179C 35 1145
YOR180C 5 185
YOR181W 8 153
YOR182C 1 4
YOR183W 25 1023
YOR184W 6 17
YOR185C 11 732
YOR186W 26 1672
YOR186C-A 20 1527
YOR187W 14 124
YOR188W 38 855
YOR189W 7 42
YOR190W 23 282
YOR191W 37 478
YOR192C 21 419
YOR192C-C 1 6
YOR193W 8 38
YOR194C 0 0
YOR195W 11 146
YOR196C 10 221
YOR197W 22 1333
YOR198C 12 128
YOR199W 26 1079
YOR200W 10 207
YOR201C 5 19
YOR202W 29 1645
YOR203W 26 1848
YOR204W 10 43
YOR205C 26 255
YOR206W 7 33
YOR207C 15 125
YOR208W 12 234
YOR209C 9 86
YOR210W 0 0
YOR211C 18 281
YOR212W 33 687
YOR213C 10 167
YOR214C 6 65
YOR215C 10 165
YOR216C 22 307
YOR217W 9 73
YOR218C 0 0
YOR219C 45 1275
YOR220W 8 572
YOR221C 18 213
YOR222W 69 4071
YOR223W 19 364
YOR224C 8 129
YOR225W 7 201
YOR226C 16 296
YOR227W 49 1221
YOR228C 17 345
YOR229W 57 3430
YOR230W 30 1599
YOR231W 31 1153
YOR231C-A 4 36
YOR232W 3 25
YOR233W 42 1023
YOR234C 5 44
YOR235W 2 2
YOR236W 9 46
YOR237W 15 167
YOR238W 18 273
YOR239W 11 56
YOR241W 5 38
YOR242C 22 170
YOR243C 6 67
YOR244W 2 77
YOR245C 9 163
YOR246C 2 45
YOR247W 11 272
YOR248W 6 108
YOR249C 5 50
YOR250C 10 82
YOR251C 18 395
YOR252W 13 709
YOR253W 10 130
YOR254C 7 26
YOR255W 8 894
YOR256C 17 86
YOR257W 0 0
YOR258W 0 0
YOR259C 10 75
YOR260W 17 147
YOR261C 4 17
YOR262W 3 13
YOR263C 5 75
YOR264W 10 143
YOR265W 7 123
YOR266W 10 449
YOR267C 41 1433
YOR268C 51 2868
YOR269W 30 704
YOR270C 26 935
YOR271C 20 468
YOR272W 6 74
YOR273C 44 776
YOR274W 26 321
YOR275C 26 538
YOR276W 16 265
YOR277C 12 259
YOR278W 5 36
YOR279C 14 210
YOR280C 13 143
YOR281C 6 96
YOR282W 10 471
YOR283W 15 207
YOR284W 11 535
YOR285W 21 245
YOR286W 14 116
YOR287C 3 5
YOR288C 13 665
YOR289W 27 717
YOR290C 13 97
YOR291W 43 1125
YOR292C 20 656
YOR293W 2 2
YOR293C-A 8 82
YOR294W 3 30
YOR295W 6 39
YOR296W 50 1431
YOR297C 5 345
YOR298W 52 2424
YOR298C-A 18 1083
YOR299W 47 1566
YOR300W 13 840
YOR301W 87 10595
YOR302W 3 10
YOR303W 46 2066
YOR304W 39 605
YOR304C-A 3 151
YOR305W 2 4
YOR306C 28 966
YOR307C 22 2612
YOR308C 8 638
YOR309C 0 0
YOR310C 6 20
YOR311C 15 446
YOR312C 1 1
YOR313C 7 253
YOR314W 3 25
YOR314W-A 10 287
YOR315W 15 316
YOR316C 51 767
YOR316C-A 38 9029
YOR317W 56 3507
YOR318C 71 10484
YOR319W 0 0
YOR320C 16 828
YOR321W 42 1205
YOR322C 30 261
YOR323C 4 16
YOR324C 36 2111
YOR325W 20 1762
YOR326W 20 232
YOR327C 9 54
YOR328W 66 2696
YOR329C 11 157
YOR329W-A 1 2
YOR330C 15 160
YOR331C 0 0
YOR332W 1 3
YOR333C 2 16
YOR334W 3 26
YOR335C 13 133
YOR335W-A 0 0
YOR336W 34 245
YOR337W 41 1198
YOR338W 33 677
YOR339C 6 527
YOR340C 4 21
YOR341W 4 13
YOR342C 16 304
YOR343C 57 9102
YOR344C 27 1666
YOR345C 2 7
YOR346W 38 573
YOR347C 19 432
YOR348C 379 50867
YOR349W 90 1594
YOR350C 19 324
YOR351C 28 299
YOR352W 10 157
YOR353C 17 135
YOR354C 23 368
YOR355W 14 107
YOR356W 33 532
YOR357C 15 2547
YOR358W 7 42
YOR359W 20 247
YOR360C 18 179
YOR361C 11 238
YOR362C 6 71
YOR363C 42 1121
YOR364W 25 1483
YOR365C 39 766
YOR366W 1 67
YOR367W 3 6
YOR368W 32 802
YOR369C 5 19
YOR370C 18 238
YOR371C 57 1204
YOR372C 7 50
YOR373W 12 174
YOR374W 46 3419
YOR375C 33 592
YOR376W 28 1229
YOR376W-A 0 0
YOR377W 43 951
YOR378W 43 1621
YOR379C 25 1270
YOR380W 35 609
YOR381W 12 440
YOR381W-A 2 5
YOR382W 0 0
YOR383C 2 13
YOR384W 24 266
YOR385W 9 80
YOR386W 4 25
YOR387C 0 0
YOR388C 3 4
YOR389W 5 111
YOR390W 5 82
YOR391C 5 25
YOR392W 7 119
YOR393W 0 0
YOR394W 1 2
YOR394C-A 11 102
YOR396W 0 0
YOR396C-A 0 0
YPL283C 0 0
YPL283W-B 0 0
YPL283W-A 0 0
YPL282C 1 1
YPL281C 0 0
YPL280W 0 0
YPL279C 8 67
YPL278C 0 0
YPL277C 7 225
YPL274W 67 2254
YPL273W 11 381
YPL272C 5 24
YPL271W 2 32
YPL270W 31 445
YPL269W 22 437
YPL268W 14 238
YPL267W 5 3540
YPL266W 6 34
YPL265W 48 1132
YPL264C 16 320
YPL263C 34 754
YPL262W 11 88
YPL261C 16 296
YPL260W 13 223
YPL259C 16 338
YPL258C 25 532
YPL257W 1 6
YPL256C 31 1283
YPL255W 7 73
YPL254W 3 14
YPL253C 26 343
YPL252C 2 5
YPL251W 1 3
YPL250C 15 870
YPL249C-A 5 52
YPL250W-A 5 52
YPL249C 36 474
YPL248C 6 54
YPL247C 48 1355
YPL246C 8 182
YPL245W 31 2854
YPL244C 30 271
YPL243W 2 29
YPL242C 27 299
YPL241C 9 164
YPL240C 38 1056
YPL239W 2 8
YPL238C 0 0
YPL237W 2 6
YPL236C 19 736
YPL235W 9 147
YPL234C 1 2
YPL233W 5 22
YPL232W 17 291
YPL231W 28 222
YPL230W 51 2300
YPL229W 12 146
YPL228W 4 51
YPL227C 19 888
YPL226W 9 128
YPL225W 0 0
YPL224C 43 1244
YPL223C 12 1010
YPL222W 41 565
YPL222C-A 3 3
YPL221W 71 3085
YPL220W 0 0
YPL219W 29 386
YPL218W 0 0
YPL217C 14 222
YPL216W 29 558
YPL215W 3 19
YPL214C 28 1325
YPL213W 3 51
YPL212C 18 182
YPL211W 1 1
YPL210C 7 89
YPL209C 2 8
YPL208W 32 666
YPL207W 43 1748
YPL206C 20 624
YPL205C 7 153
YPL204W 17 233
YPL203W 24 694
YPL202C 22 336
YPL201C 18 239
YPL200W 7 300
YPL199C 10 547
YPL198W 36 825
YPL197C 5 83
YPL196W 17 1360
YPL195W 20 269
YPL194W 19 583
YPL193W 3 64
YPL192C 0 0
YPL191C 13 53
YPL190C 9 58
YPL189C-A 1 1
YPL189W 36 821
YPL188W 7 45
YPL187W 4 67
YPL186C 34 1222
YPL185W 31 5110
YPL184C 33 980
YPL183W-A 1 1
YPL183C 18 242
YPL182C 8 66
YPL181W 23 811
YPL180W 21 252
YPL179W 24 1182
YPL178W 3 41
YPL177C 11 359
YPL176C 36 583
YPL175W 10 88
YPL174C 6 37
YPL173W 3 11
YPL172C 4 6
YPL171C 47 2151
YPL170W 24 1363
YPL169C 3 25
YPL168W 12 236
YPL167C 30 263
YPL166W 8 35
YPL165C 6 21
YPL164C 35 642
YPL163C 5 28
YPL162C 23 784
YPL161C 10 49
YPL160W 9 111
YPL159C 5 128
YPL158C 21 257
YPL157W 19 523
YPL156C 27 2592
YPL155C 67 3922
YPL154C 21 625
YPL153C 31 877
YPL152W-A 1 1
YPL152W 9 281
YPL151C 8 46
YPL150W 18 345
YPL149W 6 48
YPL148C 2 4
YPL147W 24 606
YPL146C 3 61
YPL145C 2 11
YPL144W 14 85
YPL143W 9 139
YPL142C 3 4
YPL141C 46 760
YPL140C 15 251
YPL139C 4 44
YPL138C 11 392
YPL137C 54 1130
YPL136W 0 0
YPL135W 11 192
YPL135C-A 3 52
YPL134C 17 483
YPL133C 40 2031
YPL132W 5 69
YPL131W 3 13
YPL130W 6 90
YPL129W 0 0
YPL128C 11 94
YPL127C 10 419
YPL126W 7 131
YPL125W 22 246
YPL124W 14 442
YPL123C 10 223
YPL122C 3 10
YPL121C 5 40
YPL120W 3 48
YPL119C-A 5 74
YPL119C 39 1488
YPL118W 1 1
YPL117C 6 177
YPL116W 28 737
YPL115C 31 1761
YPL114W 7 116
YPL113C 15 389
YPL112C 2 180
YPL111W 111 7822
YPL110C 56 1956
YPL109C 49 1075
YPL108W 19 277
YPL107W 21 1664
YPL106C 9 370
YPL105C 28 655
YPL104W 9 58
YPL103C 20 638
YPL102C 6 27
YPL101W 9 164
YPL100W 13 110
YPL099C 4 27
YPL098C 1 1
YPL097W 9 173
YPL096C-A 0 0
YPL096W 20 639
YPL095C 37 2221
YPL094C 8 746
YPL093W 2 5
YPL092W 25 449
YPL091W 27 431
YPL090C 0 0
YPL089C 35 639
YPL088W 22 483
YPL087W 8 194
YPL086C 7 33
YPL085W 16 179
YPL084W 11 61
YPL083C 5 55
YPL082C 23 146
YPL081W 27 698
YPL080C 14 617
YPL079W 5 31
YPL078C 1 9
YPL077C 9 327
YPL076W 7 39
YPL075W 13 332
YPL074W 26 451
YPL073C 6 41
YPL072W 19 178
YPL071C 10 577
YPL070W 12 264
YPL069C 6 113
YPL068C 9 115
YPL067C 42 4012
YPL066W 37 705
YPL065W 6 46
YPL064C 13 161
YPL063W 11 168
YPL062W 42 1830
YPL061W 38 1604
YPL060W 8 101
YPL059W 0 0
YPL058C 44 1095
YPL057C 28 3674
YPL056C 25 1011
YPL055C 23 170
YPL054W 26 718
YPL053C 24 778
YPL052W 8 278
YPL051W 11 269
YPL050C 2 12
YPL049C 31 974
YPL048W 17 204
YPL047W 6 18
YPL046C 3 13
YPL045W 8 122
YPL044C 8 118
YPL043W 17 224
YPL042C 8 166
YPL041C 11 107
YPL040C 10 47
YPL039W 19 320
YPL038W-A 2 9
YPL038W 16 845
YPL037C 3 202
YPL036W 31 382
YPL035C 2 5
YPL034W 5 102
YPL033C 4 98
YPL032C 28 393
YPL031C 1 1
YPL030W 27 426
YPL029W 10 107
YPL028W 2 3
YPL027W 5 146
YPL026C 21 766
YPL025C 26 1271
YPL024W 0 0
YPL023C 10 293
YPL022W 14 105
YPL021W 5 71
YPL020C 9 93
YPL019C 21 277
YPL018W 12 162
YPL017C 31 340
YPL016W 26 251
YPL015C 43 1195
YPL014W 26 323
YPL013C 2 3
YPL012W 17 226
YPL011C 18 166
YPL010W 4 36
YPL009C 18 181
YPL008W 11 142
YPL007C 2 8
YPL006W 39 522
YPL005W 1 3
YPL004C 26 463
YPL003W 37 361
YPL002C 15 186
YPL001W 26 273
YPR001W 95 2678
YPR002W 52 990
YPR002C-A 0 0
YPR003C 19 232
YPR004C 6 89
YPR005C 9 87
YPR006C 32 494
YPR007C 21 436
YPR008W 32 605
YPR009W 6 262
YPR010C 11 82
YPR010C-A 2 39
YPR011C 31 875
YPR012W 2 15
YPR013C 15 188
YPR014C 9 182
YPR015C 31 456
YPR016C 5 194
YPR016W-A 1 2
YPR017C 4 122
YPR018W 6 28
YPR019W 17 304
YPR020W 2 15
YPR021C 19 129
YPR022C 36 3612
YPR023C 11 47
YPR024W 1 3
YPR025C 4 20
YPR026W 43 440
YPR027C 2 16
YPR028W 7 16
YPR029C 17 119
YPR030W 33 813
YPR031W 23 757
YPR032W 12 130
YPR033C 5 33
YPR034W 4 13
YPR035W 12 156
YPR036W 15 254
YPR036W-A 8 136
YPR037C 27 762
YPR038W 15 546
YPR039W 25 1691
YPR040W 32 809
YPR041W 7 124
YPR042C 18 167
YPR043W 1 11
YPR044C 1 11
YPR045C 12 50
YPR046W 1 2
YPR047W 10 92
YPR048W 6 114
YPR049C 43 899
YPR050C 10 125
YPR051W 20 396
YPR052C 3 56
YPR053C 14 407
YPR054W 31 2345
YPR055W 16 79
YPR056W 5 17
YPR057W 3 53
YPR058W 9 300
YPR059C 2 4
YPR060C 7 80
YPR061C 13 283
YPR062W 25 344
YPR063C 9 100
YPR064W 25 1023
YPR065W 17 130
YPR066W 16 215
YPR067W 8 40
YPR068C 24 393
YPR069C 10 384
YPR070W 17 363
YPR071W 8 282
YPR072W 9 233
YPR073C 14 166
YPR074C 12 59
YPR074W-A 16 451
YPR075C 9 592
YPR076W 0 0
YPR077C 16 1180
YPR078C 24 1363
YPR079W 32 477
YPR080W 4 89
YPR081C 34 968
YPR082C 4 21
YPR083W 29 541
YPR084W 12 113
YPR085C 1 1
YPR086W 8 70
YPR087W 12 262
YPR088C 10 230
YPR089W 21 360
YPR091C 25 558
YPR092W 14 656
YPR093C 30 975
YPR094W 3 26
YPR095C 43 997
YPR096C 8 967
YPR097W 52 1376
YPR098C 18 211
YPR099C 5 102
YPR100W 3 99
YPR101W 5 60
YPR102C 0 0
YPR103W 8 133
YPR104C 6 43
YPR105C 9 59
YPR106W 14 81
YPR107C 4 21
YPR108W 6 32
YPR108W-A 11 307
YPR109W 16 352
YPR110C 6 23
YPR111W 27 822
YPR112C 5 22
YPR113W 4 67
YPR114W 21 878
YPR115W 35 513
YPR116W 6 109
YPR117W 91 4341
YPR118W 15 83
YPR119W 15 733
YPR120C 18 346
YPR121W 25 1043
YPR122W 68 2797
YPR123C 13 133
YPR124W 32 578
YPR125W 12 317
YPR126C 4 23
YPR127W 26 1291
YPR128C 10 162
YPR129W 2 130
YPR130C 3 416
YPR131C 9 125
YPR132W 1 20
YPR133C 4 9
YPR133W-A 0 0
YPR134W 5 50
YPR135W 7 29
YPR136C 3 16
YPR137W 6 22
YPR138C 42 1097
YPR139C 2 8
YPR140W 18 330
YPR141C 9 132
YPR142C 2 3
YPR143W 0 0
YPR144C 4 27
YPR145W 82 2956
YPR145C-A 11 144
YPR146C 16 1381
YPR147C 22 1288
YPR148C 15 551
YPR149W 26 614
YPR150W 39 2952
YPR151C 44 2777
YPR152C 35 3350
YPR153W 16 279
YPR154W 2 2
YPR155C 26 824
YPR156C 23 1856
YPR157W 50 960
YPR158W 22 428
YPR159W 11 281
YPR159C-A 2 9
YPR160W 68 1334
YPR160W-A 3 5
YPR160C-A 9 307
YPR161C 16 188
YPR162C 5 26
YPR163C 6 90
YPR164W 26 461
YPR165W 0 0
YPR166C 7 49
YPR167C 8 40
YPR168W 8 553
YPR169W 16 134
YPR170C 18 884
YPR169W-A 4 15
YPR170W-B 8 47
YPR170W-A 5 18
YPR171W 12 526
YPR172W 12 758
YPR173C 5 37
YPR174C 8 126
YPR175W 6 36
YPR176C 4 15
YPR177C 5 21
YPR178W 16 201
YPR179C 29 222
YPR180W 0 0
YPR181C 19 171
YPR182W 1 5
YPR183W 5 62
YPR184W 78 1292
YPR185W 35 1159
YPR186C 4 114
YPR187W 0 0
YPR188C 3 12
YPR189W 23 351
YPR190C 13 86
YPR191W 0 0
YPR192W 49 1585
YPR193C 11 543
YPR194C 48 1203
YPR195C 51 6481
YPR196W 45 2288
YPR197C 8 282
YPR198W 17 832
YPR199C 21 738
YPR200C 4 81
YPR201W 33 995
YPR202W 0 0
YPR203W 0 0
YPR204W 0 0
YPR204C-A 0 0
