YAL069W 3 30
YAL068W-A 8 436
YAL068C 1 4
YAL067W-A 2 93
YAL067C 3 23
YAL066W 10 105
YAL065C 0 0
YAL064W-B 0 0
YAL064C-A 1 31
YAL064W 0 0
YAL063C-A 0 0
YAL063C 0 0
YAL062W 23 845
YAL061W 0 0
YAL060W 0 0
YAL059C-A 1 4
YAL059W 10 875
YAL058W 1 2
YAL056C-A 12 451
YAL056W 9 190
YAL055W 3 9
YAL054C 2 6
YAL053W 1 3
YAL051W 6 98
YAL049C 1 1
YAL048C 2 9
YAL047W-A 1 1
YAL047C 1 10
YAL046C 10 187
YAL045C 2 27
YAL044W-A 11 215
YAL044C 9 667
YAL043C 3 68
YAL042C-A 1 57
YAL042W 5 257
YAL041W 1 1
YAL040C 0 0
YAL039C 7 266
YAL038W 1 3
YAL037C-B 0 0
YAL037C-A 0 0
YAL037W 0 0
YAL036C 2 20
YAL035W 0 0
YAL034C-B 3 55
YAL034W-A 3 13
YAL034C 8 230
YAL033W 0 0
YAL032C 0 0
YAL031W-A 2 41
YAL031C 2 25
YAL030W 8 943
YAL029C 0 0
YAL028W 1 1
YAL027W 0 0
YAL026C-A 1 16
YAL026C 0 0
YAL025C 5 176
YAL024C 0 0
YAL023C 1 7
YAL022C 5 86
YAL021C 5 77
YAL020C 8 65
YAL019W-A 1 1
YAL019W 0 0
YAL018C 0 0
YAL017W 0 0
YAL016C-B 2 6
YAL016C-A 0 0
YAL016W 0 0
YAL015C 11 184
YAL014C 3 25
YAL013W 3 45
YAL012W 2 24
YAL011W 8 254
YAL010C 1 5
YAL009W 2 12
YAL008W 2 48
YAL007C 3 117
YAL005C 3 78
YAL004W 0 0
YAL003W 4 61
YAL002W 0 0
YAL001C 2 22
YAR002W 3 51
YAR002C-A 7 116
YAR003W 3 9
YAR007C 1 5
YAR008W 1 11
YAR014C 3 33
YAR015W 0 0
YAR018C 1 3
YAR019C 0 0
YAR019W-A 0 0
YAR020C 1 2
YAR023C 0 0
YAR027W 0 0
YAR028W 5 25
YAR029W 0 0
YAR030C 1 1
YAR031W 3 141
YAR033W 3 17
YAR035W 24 2853
YAR035C-A 12 419
YAR042W 5 205
YAR047C 0 0
YAR050W 0 0
YAR053W 0 0
YAR060C 0 0
YAR064W 0 0
YAR066W 0 0
YAR068W 0 0
YAR069C 0 0
YAR070C 0 0
YAR071W 0 0
YAR073W 0 0
YAR075W 0 0
YBL113C 0 0
YBL113W-A 0 0
YBL112C 0 0
YBL111C 0 0
YBL109W 0 0
YBL108C-A 0 0
YBL108W 0 0
YBL107W-A 0 0
YBL107C 8 172
YBL106C 1 65
YBL105C 1 1
YBL104C 12 952
YBL103C 0 0
YBL102W 0 0
YBL101C 2 117
YBL100W-C 9 1644
YBL100C 0 0
YBL099W 0 0
YBL098W 3 400
YBL097W 0 0
YBL096C 2 10
YBL095W 9 183
YBL094C 2 25
YBL093C 1 5
YBL092W 0 0
YBL091C-A 5 77
YBL091C 4 65
YBL090W 0 0
YBL089W 5 212
YBL088C 3 104
YBL087C 1 6
YBL086C 3 12
YBL085W 1 2
YBL084C 0 0
YBL083C 3 142
YBL082C 10 422
YBL081W 0 0
YBL080C 0 0
YBL079W 1 4
YBL078C 1 3
YBL077W 2 26
YBL076C 1 1
YBL075C 5 8
YBL074C 1 2
YBL073W 1 1
YBL072C 0 0
YBL071C-B 0 0
YBL071W-A 4 118
YBL071C 4 23
YBL070C 6 92
YBL069W 3 107
YBL068W-A 2 10
YBL068W 4 53
YBL067C 1 15
YBL066C 6 159
YBL065W 4 61
YBL064C 5 44
YBL063W 7 197
YBL062W 3 41
YBL061C 1 249
YBL060W 8 508
YBL059C-A 0 0
YBL059W 0 0
YBL058W 1 1
YBL057C 7 380
YBL056W 2 58
YBL055C 8 546
YBL054W 2 32
YBL053W 6 218
YBL052C 3 17
YBL051C 0 0
YBL050W 0 0
YBL049W 2 36
YBL048W 0 0
YBL047C 4 72
YBL046W 5 24
YBL045C 2 8
YBL044W 9 773
YBL043W 6 202
YBL042C 1 1
YBL041W 0 0
YBL040C 0 0
YBL039W-B 0 0
YBL039C 0 0
YBL039C-A 1 11
YBL038W 0 0
YBL037W 3 30
YBL036C 14 941
YBL035C 0 0
YBL034C 0 0
YBL033C 0 0
YBL032W 3 55
YBL031W 2 58
YBL030C 2 3
YBL029C-A 5 140
YBL029W 2 7
YBL028C 7 1327
YBL027W 0 0
YBL026W 0 0
YBL025W 0 0
YBL024W 2 9
YBL023C 0 0
YBL022C 0 0
YBL021C 2 16
YBL020W 0 0
YBL019W 3 208
YBL018C 0 0
YBL017C 6 134
YBL016W 4 2045
YBL015W 6 154
YBL014C 0 0
YBL013W 6 202
YBL012C 2 7
YBL011W 2 45
YBL010C 9 317
YBL009W 5 196
YBL008W-A 1 4
YBL008W 0 0
YBL007C 7 221
YBL006C 2 39
YBL006W-A 0 0
YBL005W 0 0
YBL004W 1 17
YBL003C 3 51
YBL002W 5 100
YBL001C 4 32
YBR001C 7 263
YBR002C 0 0
YBR003W 1 1
YBR004C 0 0
YBR005W 1 31
YBR006W 1 1
YBR007C 1 20
YBR008C 1 2
YBR009C 1 1
YBR010W 2 12
YBR011C 0 0
YBR012C 0 0
YBR013C 0 0
YBR014C 2 41
YBR015C 0 0
YBR016W 2 13
YBR017C 0 0
YBR018C 0 0
YBR019C 0 0
YBR020W 0 0
YBR021W 0 0
YBR022W 1 3
YBR023C 1 79
YBR024W 2 14
YBR025C 1 1
YBR026C 1 76
YBR027C 0 0
YBR028C 2 68
YBR029C 0 0
YBR030W 5 153
YBR031W 3 127
YBR032W 7 131
YBR033W 3 16
YBR034C 6 378
YBR035C 3 9
YBR036C 5 411
YBR037C 4 28
YBR038W 0 0
YBR039W 0 0
YBR040W 0 0
YBR041W 0 0
YBR042C 1 1
YBR043C 4 46
YBR044C 0 0
YBR045C 1 2
YBR046C 6 70
YBR047W 4 112
YBR048W 2 13
YBR049C 1 15
YBR050C 2 98
YBR051W 0 0
YBR052C 1 5
YBR053C 9 399
YBR054W 0 0
YBR055C 1 30
YBR056W 4 59
YBR056W-A 0 0
YBR056C-B 5 162
YBR057C 3 24
YBR058C 3 207
YBR058C-A 1 16
YBR059C 1 1
YBR060C 2 31
YBR061C 2 44
YBR062C 0 0
YBR063C 1 3
YBR064W 0 0
YBR065C 3 6
YBR066C 1 63
YBR067C 1 132
YBR068C 5 474
YBR069C 4 54
YBR070C 2 50
YBR071W 10 3865
YBR072W 4 81
YBR072C-A 0 0
YBR073W 2 1446
YBR074W 9 237
YBR076W 0 0
YBR076C-A 7 108
YBR077C 0 0
YBR078W 2 21
YBR079C 0 0
YBR080C 0 0
YBR081C 2 8
YBR082C 7 98
YBR083W 5 167
YBR084W 4 115
YBR084C-A 0 0
YBR085W 1 3
YBR085C-A 0 0
YBR086C 2 8
YBR087W 0 0
YBR088C 0 0
YBR089W 2 71
YBR089C-A 7 62
YBR090C 8 1575
YBR091C 1 1
YBR092C 0 0
YBR093C 1 5
YBR094W 2 17
YBR095C 5 44
YBR096W 0 0
YBR097W 0 0
YBR098W 12 723
YBR099C 3 7
YBR101C 1 2
YBR102C 0 0
YBR103W 1 1
YBR103C-A 4 113
YBR104W 0 0
YBR105C 5 37
YBR106W 4 113
YBR107C 8 29
YBR108W 13 1771
YBR109C 0 0
YBR109W-A 0 0
YBR110W 0 0
YBR111C 4 48
YBR111W-A 1 8
YBR112C 0 0
YBR113W 0 0
YBR114W 1 22
YBR115C 1 4
YBR116C 5 195
YBR117C 3 66
YBR118W 4 10
YBR119W 2 40
YBR120C 0 0
YBR121C 0 0
YBR121C-A 0 0
YBR122C 1 4
YBR123C 2 117
YBR124W 0 0
YBR125C 1 76
YBR126C 2 6
YBR126W-A 17 344
YBR126W-B 8 926
YBR127C 0 0
YBR128C 3 60
YBR129C 4 248
YBR130C 2 7
YBR131W 5 181
YBR131C-A 0 0
YBR132C 4 233
YBR133C 1 2
YBR134W 2 200
YBR135W 0 0
YBR136W 0 0
YBR137W 0 0
YBR138C 0 0
YBR139W 8 478
YBR140C 2 8
YBR141C 1 5
YBR141W-A 4 157
YBR142W 0 0
YBR143C 2 27
YBR144C 18 448
YBR145W 5 117
YBR146W 0 0
YBR147W 4 22
YBR148W 1 262
YBR149W 8 46
YBR150C 3 49
YBR151W 2 9
YBR152W 0 0
YBR153W 0 0
YBR154C 1 18
YBR155W 1 8
YBR156C 0 0
YBR157C 3 100
YBR158W 0 0
YBR159W 0 0
YBR160W 0 0
YBR161W 0 0
YBR162C 1 26
YBR162W-A 14 1276
YBR163W 1 1
YBR164C 0 0
YBR165W 0 0
YBR166C 1 13
YBR167C 0 0
YBR168W 2 9
YBR169C 0 0
YBR170C 0 0
YBR171W 1 10
YBR172C 0 0
YBR173C 0 0
YBR174C 4 325
YBR175W 8 577
YBR176W 1 6
YBR177C 2 22
YBR178W 1 35
YBR179C 0 0
YBR180W 4 221
YBR181C 4 22
YBR182C 9 234
YBR182C-A 13 1627
YBR183W 2 94
YBR184W 1 7
YBR185C 0 0
YBR186W 3 4
YBR187W 3 79
YBR188C 1 64
YBR189W 0 0
YBR190W 5 182
YBR191W 0 0
YBR191W-A 0 0
YBR192W 0 0
YBR193C 0 0
YBR194W 0 0
YBR195C 1 1
YBR196C 0 0
YBR196C-A 1 3
YBR196C-B 10 533
YBR197C 9 1000
YBR198C 0 0
YBR199W 3 44
YBR200W 0 0
YBR200W-A 0 0
YBR201W 1 20
YBR201C-A 3 49
YBR202W 0 0
YBR203W 3 83
YBR204C 7 715
YBR205W 1 1
YBR206W 0 0
YBR207W 0 0
YBR208C 1 35
YBR209W 4 72
YBR210W 4 107
YBR211C 0 0
YBR212W 3 54
YBR213W 1 17
YBR214W 1 3
YBR215W 9 558
YBR216C 2 11
YBR217W 1 14
YBR218C 2 7
YBR219C 5 258
YBR220C 6 310
YBR221C 0 0
YBR221W-A 5 80
YBR222C 7 328
YBR223C 1 2
YBR223W-A 0 0
YBR224W 0 0
YBR225W 0 0
YBR226C 1 7
YBR227C 2 177
YBR228W 4 258
YBR229C 3 21
YBR230C 7 182
YBR230W-A 11 1184
YBR231C 1 6
YBR232C 3 5
YBR233W 0 0
YBR233W-A 0 0
YBR234C 0 0
YBR235W 0 0
YBR236C 0 0
YBR237W 1 12
YBR238C 3 10
YBR239C 4 99
YBR240C 5 141
YBR241C 2 3
YBR242W 4 50
YBR243C 1 1
YBR244W 0 0
YBR245C 2 20
YBR246W 7 321
YBR247C 0 0
YBR248C 0 0
YBR249C 0 0
YBR250W 0 0
YBR251W 2 23
YBR252W 0 0
YBR253W 0 0
YBR254C 2 214
YBR255W 3 42
YBR255C-A 10 927
YBR256C 3 65
YBR257W 1 10
YBR258C 5 202
YBR259W 5 295
YBR260C 10 217
YBR261C 5 112
YBR262C 4 79
YBR263W 7 237
YBR264C 3 1062
YBR265W 0 0
YBR267W 0 0
YBR266C 1 3
YBR268W 2 10
YBR269C 6 236
YBR270C 2 45
YBR271W 7 256
YBR272C 6 49
YBR273C 4 415
YBR274W 0 0
YBR275C 0 0
YBR276C 1 1
YBR277C 3 10
YBR278W 6 107
YBR279W 0 0
YBR280C 4 45
YBR281C 4 345
YBR282W 1 56
YBR283C 1 21
YBR284W 11 1012
YBR285W 2 2
YBR286W 1 2
YBR287W 6 60
YBR288C 2 35
YBR289W 0 0
YBR290W 8 498
YBR291C 3 4
YBR292C 0 0
YBR293W 6 74
YBR294W 0 0
YBR295W 3 4
YBR296C 4 94
YBR296C-A 5 228
YBR297W 3 104
YBR298C 1 20
YBR298C-A 1 3
YBR299W 1 3
YBR300C 0 0
YBR301W 0 0
YBR302C 0 0
YCL076W 2 56
YCL073C 0 0
YCL069W 0 0
YCL068C 0 0
YCL067C 0 0
YCL066W 0 0
YCL065W 0 0
YCL064C 5 79
YCL063W 6 53
YCL061C 1 5
YCL059C 0 0
YCL058C 8 63
YCL058W-A 0 0
YCL057C-A 8 658
YCL057W 3 118
YCL056C 3 94
YCL055W 3 46
YCL054W 0 0
YCL052C 0 0
YCL051W 3 17
YCL050C 1 9
YCL049C 4 22
YCL048W-A 0 0
YCL048W 1 2
YCL047C 4 308
YCL045C 8 195
YCL046W 0 0
YCL044C 1 3
YCL043C 0 0
YCL041C 5 105
YCL042W 2 162
YCL040W 5 214
YCL039W 8 102
YCL038C 2 27
YCL037C 3 19
YCL036W 6 90
YCL035C 3 10
YCL034W 9 60
YCL033C 0 0
YCL032W 0 0
YCL031C 2 9
YCL030C 11 597
YCL029C 3 53
YCL028W 8 138
YCL027W 0 0
YCL026C-B 2 40
YCL026C-A 3 336
YCL025C 7 615
YCL023C 0 0
YCL024W 3 12
YCL022C 0 0
YCL021W-A 3 23
YCL018W 8 311
YCL017C 0 0
YCL016C 3 9
YCL014W 2 169
YCL012C 0 0
YCL011C 3 140
YCL010C 17 2039
YCL009C 6 103
YCL008C 0 0
YCL007C 1 11
YCL005W-A 0 0
YCL005W 4 53
YCL004W 1 11
YCL002C 7 487
YCL001W 2 4
YCL001W-A 0 0
YCL001W-B 1 8
YCR001W 0 0
YCR002C 0 0
YCR003W 0 0
YCR004C 0 0
YCR005C 0 0
YCR006C 6 199
YCR007C 2 15
YCR008W 1 4
YCR009C 0 0
YCR010C 1 14
YCR011C 1 15
YCR012W 3 17
YCR013C 6 57
YCR014C 1 5
YCR015C 5 36
YCR016W 2 14
YCR017C 4 106
YCR018C 0 0
YCR018C-A 10 393
YCR019W 1 5
YCR020C 0 0
YCR020C-A 8 67
YCR020W-B 1 61
YCR021C 1 9
YCR022C 13 398
YCR023C 1 36
YCR024C 1 4
YCR024C-B 0 0
YCR024C-A 0 0
YCR025C 15 485
YCR026C 6 338
YCR027C 1 2
YCR028C 0 0
YCR028C-A 2 44
YCR030C 1 2
YCR031C 0 0
YCR032W 0 0
YCR033W 0 0
YCR034W 0 0
YCR035C 0 0
YCR036W 8 129
YCR037C 2 161
YCR038C 0 0
YCR038W-A 0 0
YCR039C 0 0
YCR040W 0 0
YCR041W 0 0
YCR042C 0 0
YCR043C 9 335
YCR044C 3 52
YCR045C 2 41
YCR045W-A 0 0
YCR046C 3 24
YCR047C 0 0
YCR047W-A 0 0
YCR049C 6 263
YCR048W 4 28
YCR050C 2 10
YCR051W 2 2
YCR052W 0 0
YCR053W 1 6
YCR054C 0 0
YCR057C 0 0
YCR059C 29 2242
YCR060W 21 1936
YCR061W 11 355
YCR064C 0 0
YCR063W 3 44
YCR065W 0 0
YCR066W 3 27
YCR067C 0 0
YCR068W 3 27
YCR069W 0 0
YCR071C 1 43
YCR072C 0 0
YCR073C 2 303
YCR073W-A 10 931
YCR075C 4 65
YCR075W-A 3 8
YCR076C 11 276
YCR077C 1 2
YCR079W 7 742
YCR081W 0 0
YCR081C-A 18 1122
YCR082W 8 397
YCR083W 8 145
YCR084C 0 0
YCR085W 0 0
YCR086W 0 0
YCR087W 2 6
YCR087C-A 6 444
YCR088W 6 126
YCR089W 0 0
YCR090C 4 28
YCR091W 3 21
YCR092C 2 117
YCR093W 2 96
YCR094W 0 0
YCR095C 3 40
YCR095W-A 1 58
YCR096C 0 0
YCR097W 0 0
YCR097W-A 0 0
YCR098C 2 110
YCR099C 1 1
YCR100C 2 17
YCR101C 6 57
YCR102C 6 248
YCR102W-A 1 1
YCR104W 0 0
YCR105W 0 0
YCR106W 9 83
YCR107W 2 7
YCR108C 12 601
YDL248W 0 0
YDL247W-A 0 0
YDL247W 0 0
YDL246C 0 0
YDL245C 0 0
YDL244W 0 0
YDL243C 0 0
YDL242W 4 111
YDL241W 3 188
YDL240C-A 0 0
YDL240W 1 171
YDL239C 0 0
YDL238C 1 45
YDL237W 4 9
YDL236W 2 6
YDL235C 0 0
YDL234C 2 5
YDL233W 2 46
YDL232W 1 1
YDL231C 2 8
YDL230W 4 20
YDL229W 3 45
YDL228C 4 39
YDL227C 2 23
YDL226C 0 0
YDL225W 7 108
YDL224C 1 26
YDL223C 0 0
YDL222C 1 4
YDL221W 4 15
YDL220C 0 0
YDL219W 1 58
YDL218W 4 28
YDL217C 2 27
YDL216C 3 16
YDL215C 4 141
YDL214C 3 33
YDL213C 3 32
YDL212W 4 44
YDL211C 1 4
YDL210W 1 2
YDL209C 1 1
YDL208W 1 5
YDL207W 0 0
YDL206W 1 7
YDL205C 0 0
YDL204W 1 28
YDL203C 0 0
YDL202W 0 0
YDL201W 3 20
YDL200C 9 1058
YDL199C 7 502
YDL198C 6 195
YDL197C 4 39
YDL196W 8 48
YDL195W 0 0
YDL194W 1 2
YDL193W 0 0
YDL192W 1 19
YDL191W 0 0
YDL190C 1 1
YDL189W 0 0
YDL188C 5 19
YDL187C 1 25
YDL186W 3 103
YDL185C-A 0 0
YDL185W 0 0
YDL184C 15 835
YDL183C 2 14
YDL182W 6 850
YDL181W 0 0
YDL180W 3 19
YDL179W 0 0
YDL178W 1 7
YDL177C 6 132
YDL176W 2 22
YDL175C 8 224
YDL174C 12 228
YDL173W 2 2
YDL172C 1 1
YDL171C 1 3
YDL170W 11 341
YDL169C 6 359
YDL168W 8 476
YDL167C 3 38
YDL166C 0 0
YDL165W 0 0
YDL164C 0 0
YDL163W 0 0
YDL162C 3 13
YDL161W 6 75
YDL160C-A 6 74
YDL160C 0 0
YDL159W-A 0 0
YDL159W 15 687
YDL159C-B 0 0
YDL158C 0 0
YDL157C 11 937
YDL156W 3 25
YDL155W 0 0
YDL154W 2 283
YDL153C 0 0
YDL152W 0 0
YDL151C 1 2
YDL150W 0 0
YDL149W 2 5
YDL148C 1 11
YDL147W 0 0
YDL146W 0 0
YDL145C 0 0
YDL144C 7 617
YDL143W 0 0
YDL142C 4 60
YDL141W 4 41
YDL140C 0 0
YDL139C 3 36
YDL138W 7 71
YDL137W 6 131
YDL136W 4 21
YDL135C 2 16
YDL134C 0 0
YDL133C-A 3 25
YDL133W 1 44
YDL132W 0 0
YDL131W 2 59
YDL130W-A 4 291
YDL130W 0 0
YDL129W 1 1
YDL128W 3 96
YDL127W 0 0
YDL126C 0 0
YDL125C 15 2159
YDL124W 20 2843
YDL123W 10 3757
YDL122W 1 10
YDL121C 5 31
YDL120W 0 0
YDL119C 2 22
YDL118W 1 1
YDL117W 1 1
YDL116W 0 0
YDL115C 1 3
YDL114W-A 1 22
YDL114W 0 0
YDL113C 1 2
YDL112W 0 0
YDL111C 1 7
YDL110C 4 116
YDL109C 0 0
YDL108W 0 0
YDL107W 0 0
YDL106C 1 11
YDL105W 5 115
YDL104C 1 19
YDL103C 3 11
YDL102W 2 9
YDL101C 4 19
YDL100C 6 201
YDL099W 5 99
YDL098C 0 0
YDL097C 1 2
YDL096C 0 0
YDL095W 5 99
YDL094C 1 2
YDL093W 9 363
YDL092W 1 50
YDL091C 0 0
YDL090C 4 316
YDL089W 1 1
YDL088C 6 1517
YDL087C 0 0
YDL086W 0 0
YDL086C-A 0 0
YDL085C-A 0 0
YDL085W 2 16
YDL084W 0 0
YDL083C 0 0
YDL082W 2 36
YDL081C 0 0
YDL080C 2 35
YDL079C 5 11
YDL078C 7 295
YDL077C 1 19
YDL076C 1 1
YDL075W 0 0
YDL074C 1 2
YDL073W 5 144
YDL072C 5 113
YDL071C 0 0
YDL070W 1 19
YDL069C 0 0
YDL068W 2 25
YDL067C 1 1
YDL066W 7 123
YDL065C 5 133
YDL064W 1 2
YDL063C 1 1
YDL062W 2 44
YDL061C 0 0
YDL060W 0 0
YDL059C 3 65
YDL058W 1 20
YDL057W 4 51
YDL056W 0 0
YDL055C 0 0
YDL054C 1 1
YDL053C 3 85
YDL052C 5 108
YDL051W 0 0
YDL050C 3 20
YDL049C 4 6
YDL048C 2 51
YDL047W 0 0
YDL046W 2 26
YDL045W-A 0 0
YDL045C 0 0
YDL044C 5 73
YDL043C 0 0
YDL042C 17 3488
YDL041W 8 42
YDL040C 5 61
YDL039C 9 194
YDL037C 4 61
YDL036C 3 12
YDL035C 1 1
YDL034W 2 44
YDL033C 1 2
YDL032W 5 207
YDL031W 0 0
YDL030W 4 19
YDL029W 1 16
YDL028C 1 1
YDL027C 2 2
YDL026W 1 2
YDL025C 1 6
YDL025W-A 0 0
YDL024C 4 20
YDL022C-A 1 6
YDL023C 4 70
YDL022W 5 528
YDL021W 1 2
YDL020C 0 0
YDL019C 1 13
YDL018C 1 3
YDL017W 0 0
YDL016C 1 1
YDL015C 0 0
YDL014W 0 0
YDL013W 1 15
YDL012C 15 924
YDL011C 0 0
YDL010W 1 4
YDL009C 0 0
YDL008W 0 0
YDL007C-A 0 0
YDL007W 0 0
YDL006W 0 0
YDL005C 0 0
YDL004W 1 3
YDL003W 0 0
YDL002C 3 28
YDL001W 0 0
YDR001C 4 35
YDR002W 0 0
YDR003W 6 290
YDR003W-A 1 2
YDR004W 3 43
YDR005C 0 0
YDR006C 3 52
YDR007W 2 14
YDR008C 5 376
YDR009W 10 523
YDR010C 10 162
YDR011W 1 1
YDR012W 2 44
YDR013W 0 0
YDR014W 1 79
YDR014W-A 1 5
YDR015C 0 0
YDR016C 0 0
YDR017C 0 0
YDR018C 10 307
YDR019C 8 1342
YDR020C 0 0
YDR021W 0 0
YDR022C 17 2299
YDR023W 0 0
YDR024W 0 0
YDR025W 0 0
YDR026C 1 4
YDR027C 0 0
YDR028C 0 0
YDR029W 0 0
YDR030C 6 469
YDR031W 8 115
YDR032C 0 0
YDR033W 0 0
YDR034C 4 106
YDR034C-A 4 104
YDR034W-B 0 0
YDR035W 8 242
YDR036C 2 59
YDR037W 0 0
YDR038C 0 0
YDR039C 0 0
YDR040C 0 0
YDR041W 2 16
YDR042C 1 13
YDR043C 1 13
YDR044W 0 0
YDR045C 1 1
YDR046C 3 89
YDR047W 0 0
YDR048C 2 35
YDR049W 5 69
YDR050C 0 0
YDR051C 4 20
YDR052C 0 0
YDR053W 0 0
YDR054C 0 0
YDR055W 0 0
YDR056C 2 48
YDR057W 4 17
YDR058C 7 275
YDR059C 6 311
YDR060W 0 0
YDR061W 0 0
YDR062W 0 0
YDR063W 2 4
YDR064W 0 0
YDR065W 1 2
YDR066C 1 72
YDR067C 5 49
YDR068W 3 21
YDR069C 1 1
YDR070C 3 16
YDR071C 2 101
YDR072C 2 105
YDR073W 3 33
YDR074W 0 0
YDR075W 3 90
YDR076W 4 5
YDR077W 3 62
YDR078C 1 12
YDR079W 0 0
YDR079C-A 1 6
YDR080W 1 2
YDR081C 1 1
YDR082W 0 0
YDR083W 2 42
YDR084C 4 178
YDR085C 1 1
YDR086C 0 0
YDR087C 0 0
YDR088C 1 3
YDR089W 4 160
YDR090C 1 1
YDR091C 0 0
YDR092W 1 10
YDR093W 0 0
YDR094W 19 2907
YDR095C 6 164
YDR096W 0 0
YDR097C 0 0
YDR098C 13 239
YDR099W 5 58
YDR100W 13 788
YDR101C 0 0
YDR102C 2 9
YDR103W 1 101
YDR104C 1 48
YDR105C 4 634
YDR106W 3 792
YDR107C 1 7
YDR108W 2 9
YDR109C 20 1854
YDR110W 2 39
YDR111C 3 9
YDR112W 1 1
YDR113C 0 0
YDR114C 0 0
YDR115W 2 2
YDR116C 0 0
YDR117C 0 0
YDR118W 0 0
YDR118W-A 1 10
YDR119W 1 16
YDR119W-A 7 254
YDR120C 6 29
YDR121W 0 0
YDR122W 1 2
YDR123C 5 243
YDR124W 6 114
YDR125C 3 101
YDR126W 5 36
YDR127W 2 21
YDR128W 0 0
YDR129C 0 0
YDR130C 2 17
YDR131C 1 3
YDR132C 4 171
YDR133C 3 44
YDR135C 8 184
YDR136C 0 0
YDR137W 0 0
YDR138W 1 3
YDR139C 1 10
YDR140W 1 43
YDR141C 1 2
YDR142C 3 20
YDR143C 0 0
YDR144C 0 0
YDR145W 0 0
YDR146C 1 7
YDR147W 5 71
YDR148C 3 57
YDR149C 1 11
YDR150W 2 18
YDR151C 5 172
YDR152W 7 329
YDR153C 4 25
YDR154C 4 45
YDR155C 6 139
YDR156W 2 271
YDR157W 7 146
YDR158W 4 28
YDR159W 1 6
YDR160W 0 0
YDR161W 0 0
YDR162C 0 0
YDR163W 1 6
YDR164C 0 0
YDR165W 3 71
YDR166C 0 0
YDR167W 0 0
YDR168W 0 0
YDR169C 3 21
YDR169C-A 2 78
YDR170C 0 0
YDR171W 10 222
YDR172W 1 48
YDR173C 4 21
YDR174W 1 2
YDR175C 3 168
YDR176W 3 74
YDR177W 3 154
YDR178W 3 75
YDR179C 6 143
YDR179W-A 0 0
YDR180W 0 0
YDR181C 2 20
YDR182W 1 18
YDR182W-A 3 9
YDR183W 3 144
YDR183C-A 1 1
YDR184C 3 64
YDR185C 0 0
YDR186C 15 3108
YDR187C 3 18
YDR188W 0 0
YDR189W 0 0
YDR190C 0 0
YDR191W 4 14
YDR192C 2 9
YDR193W 0 0
YDR194C 1 12
YDR194W-A 1 12
YDR195W 0 0
YDR196C 0 0
YDR197W 2 14
YDR198C 13 1248
YDR199W 8 277
YDR200C 2 28
YDR201W 0 0
YDR202C 8 117
YDR203W 0 0
YDR204W 5 76
YDR205W 11 306
YDR206W 0 0
YDR207C 1 1
YDR208W 0 0
YDR209C 4 39
YDR210W 2 4
YDR211W 0 0
YDR212W 0 0
YDR213W 1 113
YDR214W 0 0
YDR215C 7 78
YDR216W 0 0
YDR217C 4 66
YDR218C 3 5
YDR219C 0 0
YDR220C 0 0
YDR221W 4 33
YDR222W 0 0
YDR223W 0 0
YDR224C 1 11
YDR225W 0 0
YDR226W 0 0
YDR227W 1 1
YDR228C 0 0
YDR229W 4 14
YDR230W 2 6
YDR231C 14 870
YDR232W 0 0
YDR233C 11 638
YDR234W 6 31
YDR235W 1 3
YDR236C 2 72
YDR237W 0 0
YDR238C 0 0
YDR239C 2 14
YDR240C 0 0
YDR241W 0 0
YDR242W 3 152
YDR243C 0 0
YDR244W 4 134
YDR245W 0 0
YDR246W 0 0
YDR246W-A 13 634
YDR247W 0 0
YDR248C 0 0
YDR249C 2 8
YDR250C 2 11
YDR251W 0 0
YDR252W 5 22
YDR253C 0 0
YDR254W 1 8
YDR255C 6 221
YDR256C 1 5
YDR257C 5 93
YDR258C 11 1031
YDR259C 3 53
YDR260C 7 98
YDR261C 0 0
YDR262W 9 93
YDR263C 0 0
YDR264C 2 9
YDR265W 9 95
YDR266C 0 0
YDR267C 0 0
YDR268W 2 11
YDR269C 0 0
YDR270W 1 4
YDR271C 5 255
YDR272W 3 12
YDR273W 1 1
YDR274C 12 437
YDR275W 19 2220
YDR276C 0 0
YDR277C 3 195
YDR278C 0 0
YDR279W 2 12
YDR280W 0 0
YDR281C 0 0
YDR282C 11 1055
YDR283C 1 5
YDR284C 0 0
YDR285W 1 1
YDR286C 3 19
YDR287W 1 22
YDR288W 0 0
YDR289C 1 1
YDR290W 0 0
YDR291W 3 43
YDR292C 0 0
YDR293C 1 3
YDR294C 5 140
YDR295C 0 0
YDR296W 0 0
YDR297W 3 62
YDR298C 2 11
YDR299W 2 75
YDR300C 0 0
YDR301W 2 8
YDR302W 0 0
YDR303C 0 0
YDR304C 4 36
YDR305C 9 408
YDR306C 9 648
YDR307W 2 102
YDR308C 0 0
YDR309C 8 171
YDR310C 0 0
YDR311W 1 3
YDR312W 2 17
YDR313C 5 31
YDR314C 4 109
YDR315C 12 152
YDR316W 6 107
YDR317W 4 7
YDR318W 0 0
YDR319C 3 21
YDR320C 3 25
YDR320C-A 0 0
YDR320W-B 0 0
YDR321W 6 234
YDR322W 3 9
YDR322C-A 2 24
YDR323C 4 27
YDR324C 0 0
YDR325W 3 17
YDR326C 0 0
YDR327W 17 987
YDR328C 0 0
YDR329C 11 802
YDR330W 0 0
YDR331W 0 0
YDR332W 3 33
YDR333C 7 370
YDR334W 0 0
YDR335W 0 0
YDR336W 4 1351
YDR337W 0 0
YDR338C 2 13
YDR339C 0 0
YDR340W 0 0
YDR341C 0 0
YDR342C 0 0
YDR343C 0 0
YDR344C 4 73
YDR345C 0 0
YDR346C 2 2
YDR347W 0 0
YDR348C 1 2
YDR349C 2 32
YDR350C 3 8
YDR351W 0 0
YDR352W 3 9
YDR353W 0 0
YDR354W 0 0
YDR354C-A 0 0
YDR355C 0 0
YDR356W 0 0
YDR357C 6 38
YDR358W 3 671
YDR359C 0 0
YDR360W 0 0
YDR361C 2 16
YDR362C 0 0
YDR363W 1 3
YDR363W-A 4 253
YDR364C 1 1
YDR365C 3 4
YDR366C 1 2
YDR367W 2 4
YDR368W 0 0
YDR369C 1 4
YDR370C 7 355
YDR371W 4 20
YDR371C-A 0 0
YDR372C 0 0
YDR373W 0 0
YDR374C 0 0
YDR374W-A 8 410
YDR375C 5 69
YDR376W 0 0
YDR377W 0 0
YDR378C 1 1
YDR379W 0 0
YDR379C-A 8 203
YDR380W 4 57
YDR381W 0 0
YDR381C-A 1 1
YDR382W 1 2
YDR383C 8 195
YDR384C 3 62
YDR385W 5 95
YDR386W 8 233
YDR387C 4 75
YDR388W 1 76
YDR389W 1 1
YDR390C 1 5
YDR391C 4 45
YDR392W 1 2
YDR393W 5 289
YDR394W 0 0
YDR395W 0 0
YDR396W 5 368
YDR397C 0 0
YDR398W 0 0
YDR399W 2 200
YDR400W 0 0
YDR401W 0 0
YDR402C 0 0
YDR403W 0 0
YDR404C 0 0
YDR405W 1 1
YDR406W 9 102
YDR406W-A 1 1
YDR407C 0 0
YDR408C 0 0
YDR409W 0 0
YDR410C 1 2
YDR411C 4 393
YDR412W 0 0
YDR413C 1 1
YDR414C 0 0
YDR415C 0 0
YDR416W 0 0
YDR417C 0 0
YDR418W 0 0
YDR419W 7 2774
YDR420W 1 194
YDR421W 3 31
YDR422C 5 193
YDR423C 7 157
YDR424C 9 1179
YDR425W 4 33
YDR426C 4 292
YDR427W 0 0
YDR428C 2 75
YDR429C 1 8
YDR430C 0 0
YDR431W 0 0
YDR432W 0 0
YDR433W 0 0
YDR434W 1 1
YDR435C 0 0
YDR436W 1 4
YDR437W 0 0
YDR438W 4 556
YDR439W 1 12
YDR440W 0 0
YDR441C 12 11811
YDR442W 3 121
YDR443C 3 37
YDR444W 1 2
YDR445C 2 31
YDR446W 6 654
YDR447C 0 0
YDR448W 1 5
YDR449C 0 0
YDR450W 0 0
YDR451C 3 126
YDR452W 3 4
YDR453C 3 20
YDR454C 0 0
YDR455C 2 2
YDR456W 1 9
YDR457W 0 0
YDR458C 3 70
YDR459C 0 0
YDR460W 0 0
YDR461W 5 79
YDR461C-A 2 4
YDR462W 2 60
YDR463W 9 372
YDR464W 0 0
YDR464C-A 1 5
YDR465C 4 167
YDR466W 4 32
YDR467C 5 169
YDR468C 0 0
YDR469W 2 35
YDR470C 0 0
YDR471W 3 49
YDR472W 0 0
YDR473C 3 7
YDR475C 1 3
YDR476C 29 2924
YDR477W 0 0
YDR478W 2 53
YDR479C 6 23
YDR480W 0 0
YDR481C 7 154
YDR482C 5 79
YDR483W 5 86
YDR484W 0 0
YDR485C 1 1
YDR486C 6 210
YDR487C 1 3
YDR488C 0 0
YDR489W 0 0
YDR490C 3 67
YDR491C 0 0
YDR492W 4 95
YDR493W 1 131
YDR494W 1 8
YDR495C 4 282
YDR496C 1 2
YDR497C 4 9
YDR498C 1 1
YDR499W 0 0
YDR500C 1 2
YDR501W 0 0
YDR502C 3 38
YDR503C 1 6
YDR504C 0 0
YDR505C 2 39
YDR506C 5 47
YDR507C 2 34
YDR508C 2 6
YDR509W 3 14
YDR510W 0 0
YDR510C-A 6 133
YDR511W 1 3
YDR512C 1 4
YDR513W 7 125
YDR514C 1 6
YDR515W 1 2
YDR516C 10 202
YDR517W 1 39
YDR518W 1 25
YDR519W 3 150
YDR520C 0 0
YDR521W 0 0
YDR522C 6 183
YDR523C 0 0
YDR524C 6 591
YDR524W-C 4 45
YDR524C-B 2 5
YDR524C-A 0 0
YDR525W 2 5
YDR525W-A 24 1522
YDR526C 2 29
YDR527W 0 0
YDR528W 1 1
YDR529C 1 4
YDR530C 5 560
YDR531W 0 0
YDR532C 2 3
YDR533C 2 2
YDR534C 3 19
YDR535C 12 408
YDR536W 3 37
YDR537C 2 2
YDR538W 1 2
YDR539W 4 28
YDR540C 0 0
YDR541C 5 125
YDR542W 1 1
YDR543C 10 98
YDR544C 0 0
YDR545W 0 0
YDR545C-A 0 0
YEL077C 0 0
YEL077W-A 0 0
YEL076C-A 0 0
YEL076C 0 0
YEL075W-A 0 0
YEL075C 0 0
YEL074W 0 0
YEL073C 1 12
YEL072W 1 2
YEL071W 0 0
YEL070W 1 81
YEL069C 0 0
YEL068C 4 39
YEL067C 2 36
YEL066W 22 2618
YEL065W 6 66
YEL064C 2 12
YEL063C 1 2
YEL062W 5 174
YEL061C 1 123
YEL060C 10 178
YEL059C-A 0 0
YEL059W 0 0
YEL058W 0 0
YEL057C 1 5
YEL056W 1 11
YEL055C 0 0
YEL054C 0 0
YEL053W-A 0 0
YEL053C 1 1
YEL052W 4 19
YEL051W 0 0
YEL050W-A 7 110
YEL050C 0 0
YEL049W 1 3
YEL048C 1 1
YEL047C 4 327
YEL046C 10 120
YEL045C 4 90
YEL044W 0 0
YEL043W 4 13
YEL042W 3 17
YEL041W 0 0
YEL040W 3 42
YEL039C 2 4
YEL038W 8 117
YEL037C 1 11
YEL036C 0 0
YEL035C 3 17
YEL034C-A 0 0
YEL034W 3 6
YEL033W 3 25
YEL032W 0 0
YEL032C-A 0 0
YEL031W 10 622
YEL030C-A 0 0
YEL030W 0 0
YEL029C 2 22
YEL028W 3 66
YEL027W 1 1
YEL026W 0 0
YEL025C 11 2369
YEL024W 0 0
YEL023C 2 28
YEL022W 0 0
YEL021W 3 57
YEL020C-B 1 2
YEL020W-A 0 0
YEL020C 4 921
YEL019C 0 0
YEL018C-A 0 0
YEL018W 0 0
YEL017C-A 2 78
YEL017W 7 216
YEL016C 3 22
YEL015W 1 3
YEL014C 0 0
YEL013W 0 0
YEL012W 0 0
YEL011W 6 53
YEL010W 2 6
YEL009C-A 1 1
YEL009C 2 22
YEL008W 8 425
YEL008C-A 22 1061
YEL007W 6 74
YEL006W 0 0
YEL005C 4 175
YEL004W 5 418
YEL003W 6 18
YEL002C 0 0
YEL001C 5 151
YER001W 4 59
YER002W 0 0
YER003C 1 5
YER004W 7 134
YER005W 1 19
YER006W 0 0
YER006C-A 2 19
YER007W 3 21
YER007C-A 1 3
YER008C 0 0
YER009W 0 0
YER010C 6 24
YER011W 0 0
YER012W 0 0
YER013W 0 0
YER014W 1 41
YER014C-A 0 0
YER015W 6 820
YER016W 1 36
YER017C 1 1
YER018C 0 0
YER019W 1 160
YER019C-A 10 601
YER020W 1 819
YER021W 1 13
YER022W 0 0
YER023W 1 1
YER023C-A 0 0
YER024W 1 16
YER025W 0 0
YER026C 0 0
YER027C 0 0
YER028C 1 26
YER029C 0 0
YER030W 4 127
YER031C 1 13
YER032W 0 0
YER033C 5 189
YER034W 10 3721
YER035W 11 469
YER036C 0 0
YER037W 12 726
YER038C 2 42
YER038W-A 2 67
YER039C 4 143
YER039C-A 13 187
YER040W 0 0
YER041W 1 1
YER042W 3 43
YER043C 2 6
YER044C 0 0
YER044C-A 1 44
YER045C 3 4
YER046W 0 0
YER046W-A 0 0
YER047C 0 0
YER048C 0 0
YER048W-A 0 0
YER049W 2 12
YER050C 0 0
YER051W 1 3
YER052C 1 4
YER053C 7 264
YER053C-A 2 79
YER054C 2 3
YER055C 1 1
YER056C 3 7
YER056C-A 0 0
YER057C 2 39
YER058W 7 39
YER059W 0 0
YER060W 0 0
YER060W-A 2 3
YER061C 2 14
YER062C 1 1
YER063W 1 42
YER064C 3 156
YER065C 1 18
YER066W 3 26
YER066C-A 5 69
YER067W 6 240
YER067C-A 3 61
YER068W 0 0
YER068C-A 2 6
YER069W 10 460
YER070W 0 0
YER071C 1 22
YER072W 5 76
YER073W 5 31
YER074W 0 0
YER074W-A 0 0
YER075C 3 51
YER076C 0 0
YER076W-A 0 0
YER077C 3 43
YER078C 0 0
YER078W-A 5 118
YER079W 4 34
YER079C-A 4 150
YER080W 10 319
YER081W 2 2
YER082C 0 0
YER083C 3 27
YER084W 0 0
YER084W-A 0 0
YER085C 1 13
YER086W 0 0
YER087W 2 101
YER087C-A 2 28
YER087C-B 8 737
YER088C 12 89
YER088C-A 5 114
YER088W-B 38 1638
YER089C 2 57
YER090W 0 0
YER090C-A 0 0
YER091C 0 0
YER091C-A 4 457
YER092W 10 215
YER093C 0 0
YER093C-A 4 13
YER094C 0 0
YER095W 0 0
YER096W 2 7
YER097W 11 378
YER098W 3 106
YER099C 1 6
YER100W 0 0
YER101C 5 166
YER102W 0 0
YER103W 0 0
YER104W 1 3
YER105C 0 0
YER106W 1 2
YER107C 3 5
YER107W-A 0 0
YER109C 3 288
YER110C 1 8
YER111C 0 0
YER112W 0 0
YER113C 8 381
YER114C 0 0
YER115C 0 0
YER116C 0 0
YER117W 0 0
YER118C 0 0
YER119C 8 1340
YER119C-A 1 15
YER120W 5 126
YER121W 8 194
YER122C 2 5
YER123W 3 49
YER124C 2 114
YER125W 0 0
YER126C 0 0
YER127W 0 0
YER128W 7 64
YER129W 0 0
YER130C 1 96
YER131W 2 25
YER132C 0 0
YER133W 1 1
YER133W-A 0 0
YER134C 5 344
YER135C 1 2
YER136W 1 1
YER137C 3 479
YER137W-A 3 40
YER138W-A 0 0
YER139C 0 0
YER140W 4 13
YER141W 3 7
YER142C 1 6
YER143W 1 148
YER144C 13 374
YER145C 5 34
YER145C-A 3 23
YER146W 1 1
YER147C 0 0
YER147C-A 0 0
YER148W 0 0
YER148W-A 1 1
YER149C 7 95
YER150W 3 16
YER151C 0 0
YER152C 6 52
YER152W-A 2 23
YER153C 8 64
YER154W 6 88
YER155C 4 20
YER156C 11 493
YER157W 1 1
YER158C 2 623
YER158W-A 16 629
YER159C 0 0
YER161C 2 69
YER162C 8 694
YER163C 4 187
YER164W 0 0
YER165W 0 0
YER165C-A 2 2
YER166W 0 0
YER167W 4 21
YER168C 0 0
YER169W 3 24
YER170W 8 251
YER171W 0 0
YER172C 0 0
YER172C-A 3 36
YER173W 1 2
YER174C 2 7
YER175C 5 20
YER175W-A 0 0
YER176W 11 273
YER177W 5 76
YER178W 3 14
YER179W 1 1
YER180C 2 18
YER180C-A 7 51
YER181C 0 0
YER182W 2 23
YER183C 3 19
YER184C 1 20
YER185W 2 69
YER186C 5 34
YER187W 3 13
YER188W 5 626
YER188C-A 7 116
YER189W 0 0
YER190W 0 0
YER190C-A 0 0
YER190C-B 0 0
YFL068W 0 0
YFL067W 0 0
YFL066C 0 0
YFL065C 0 0
YFL064C 0 0
YFL063W 5 7
YFL062W 0 0
YFL061W 0 0
YFL060C 0 0
YFL059W 0 0
YFL058W 0 0
YFL057C 2 6
YFL056C 0 0
YFL055W 0 0
YFL054C 4 98
YFL053W 1 9
YFL052W 9 726
YFL051C 0 0
YFL050C 1 13
YFL049W 4 74
YFL048C 2 47
YFL047W 9 512
YFL046W 4 372
YFL045C 0 0
YFL044C 1 6
YFL042C 3 34
YFL041W-A 2 224
YFL041W 5 453
YFL040W 1 1
YFL039C 3 45
YFL038C 0 0
YFL037W 2 5
YFL036W 4 6
YFL034C-B 1 9
YFL034C-A 3 186
YFL034W 0 0
YFL033C 1 11
YFL032W 0 0
YFL031W 0 0
YFL031C-A 0 0
YFL030W 0 0
YFL029C 0 0
YFL028C 1 4
YFL027C 0 0
YFL026W 2 24
YFL025C 0 0
YFL024C 0 0
YFL023W 3 91
YFL022C 0 0
YFL021C-A 0 0
YFL021W 13 519
YFL020C 0 0
YFL019C 0 0
YFL018C 1 14
YFL017W-A 0 0
YFL017C 1 1
YFL016C 0 0
YFL015W-A 4 519
YFL015C 5 45
YFL014W 1 13
YFL013W-A 4 58
YFL013C 5 56
YFL012W-A 0 0
YFL012W 0 0
YFL011W 0 0
YFL010W-A 0 0
YFL010C 2 27
YFL009W 0 0
YFL008W 0 0
YFL007W 0 0
YFL005W 1 2
YFL004W 4 29
YFL003C 0 0
YFL002C 0 0
YFL001W 3 37
YFR001W 1 1
YFR002W 0 0
YFR003C 0 0
YFR004W 0 0
YFR005C 1 1
YFR006W 11 572
YFR007W 3 81
YFR008W 0 0
YFR009W 0 0
YFR009W-A 0 0
YFR010W 0 0
YFR010W-A 4 61
YFR011C 6 42
YFR012W 0 0
YFR012W-A 1 2
YFR013W 2 6
YFR014C 2 112
YFR015C 3 125
YFR016C 0 0
YFR017C 13 187
YFR018C 3 38
YFR019W 7 152
YFR020W 0 0
YFR021W 0 0
YFR022W 1 3
YFR023W 1 4
YFR024C-A 9 316
YFR025C 2 24
YFR026C 1 3
YFR027W 0 0
YFR028C 0 0
YFR029W 9 172
YFR030W 4 224
YFR031C 1 1
YFR031C-A 0 0
YFR032C 7 232
YFR032C-A 3 13
YFR032C-B 1 5
YFR033C 14 308
YFR034C 2 6
YFR034W-A 1 2
YFR035C 13 94
YFR036W 2 185
YFR036W-A 9 481
YFR037C 0 0
YFR038W 2 20
YFR039C 0 0
YFR040W 0 0
YFR041C 2 72
YFR042W 1 8
YFR043C 3 59
YFR044C 5 131
YFR045W 0 0
YFR046C 5 96
YFR047C 9 161
YFR048W 5 114
YFR049W 0 0
YFR050C 2 6
YFR051C 7 709
YFR052W 0 0
YFR052C-A 4 115
YFR053C 2 10
YFR054C 3 5
YFR056C 0 0
YFR055W 3 32
YFR057W 3 93
YGL263W 6 41
YGL262W 1 11
YGL261C 0 0
YGL260W 0 0
YGL259W 2 136
YGL258W-A 1 1
YGL258W 0 0
YGL257C 0 0
YGL256W 1 2
YGL255W 3 17
YGL254W 13 409
YGL253W 7 114
YGL252C 8 581
YGL251C 2 39
YGL250W 0 0
YGL249W 1 2
YGL248W 0 0
YGL247W 0 0
YGL246C 0 0
YGL245W 0 0
YGL244W 0 0
YGL243W 3 19
YGL242C 4 37
YGL241W 15 1501
YGL240W 1 1
YGL239C 2 2
YGL238W 0 0
YGL237C 0 0
YGL236C 4 35
YGL235W 2 73
YGL234W 0 0
YGL233W 0 0
YGL232W 3 18
YGL231C 1 1
YGL230C 3 13
YGL229C 0 0
YGL228W 3 68
YGL227W 1 4
YGL226C-A 1 63
YGL226W 4 69
YGL225W 1 1
YGL224C 4 33
YGL223C 0 0
YGL222C 9 69
YGL221C 13 2030
YGL220W 12 1775
YGL219C 1 1
YGL218W 2 7
YGL217C 2 17
YGL216W 2 5
YGL215W 0 0
YGL214W 1 32
YGL213C 0 0
YGL212W 1 27
YGL211W 5 3162
YGL210W 0 0
YGL209W 0 0
YGL208W 9 907
YGL207W 0 0
YGL206C 1 20
YGL205W 3 117
YGL204C 1 5
YGL203C 1 5
YGL202W 3 138
YGL201C 0 0
YGL200C 0 0
YGL199C 1 40
YGL198W 5 49
YGL197W 2 21
YGL196W 0 0
YGL195W 2 3
YGL194C-A 0 0
YGL194C 2 28
YGL193C 4 36
YGL192W 3 6
YGL191W 7 197
YGL190C 2 7
YGL189C 0 0
YGL188C-A 0 0
YGL188C 5 70
YGL187C 0 0
YGL186C 2 5
YGL185C 0 0
YGL184C 2 3
YGL183C 4 48
YGL182C 8 619
YGL181W 2 8
YGL180W 4 80
YGL179C 2 22
YGL178W 0 0
YGL177W 13 1332
YGL176C 0 0
YGL175C 2 18
YGL174W 0 0
YGL173C 0 0
YGL172W 1 7
YGL171W 1 5
YGL170C 2 5
YGL169W 0 0
YGL168W 0 0
YGL167C 0 0
YGL166W 14 947
YGL165C 1 2
YGL164C 1 19
YGL163C 2 3
YGL162W 5 541
YGL161C 4 145
YGL160W 0 0
YGL159W 2 7
YGL158W 5 116
YGL157W 2 10
YGL156W 1 1
YGL155W 0 0
YGL154C 8 121
YGL153W 3 10
YGL152C 5 109
YGL151W 3 7
YGL150C 0 0
YGL149W 0 0
YGL148W 2 17
YGL147C 2 7
YGL146C 1 1
YGL145W 0 0
YGL144C 0 0
YGL143C 2 42
YGL142C 1 3
YGL141W 0 0
YGL140C 3 47
YGL139W 2 8
YGL138C 3 17
YGL137W 0 0
YGL136C 9 170
YGL135W 0 0
YGL134W 5 33
YGL133W 0 0
YGL132W 0 0
YGL131C 1 8
YGL130W 0 0
YGL129C 2 7
YGL128C 0 0
YGL127C 0 0
YGL126W 1 3
YGL125W 3 13
YGL124C 4 239
YGL123W 0 0
YGL123C-A 0 0
YGL122C 1 7
YGL121C 4 255
YGL120C 0 0
YGL119W 0 0
YGL118C 4 14
YGL117W 3 9
YGL116W 0 0
YGL115W 0 0
YGL114W 6 27
YGL113W 1 3
YGL112C 0 0
YGL111W 1 5
YGL110C 2 56
YGL109W 2 56
YGL108C 5 33
YGL107C 2 73
YGL106W 1 3
YGL105W 0 0
YGL104C 5 244
YGL103W 0 0
YGL102C 7 45
YGL101W 4 180
YGL100W 1 5
YGL099W 1 2
YGL098W 0 0
YGL097W 4 24
YGL096W 0 0
YGL095C 0 0
YGL094C 3 207
YGL093W 2 5
YGL092W 0 0
YGL091C 1 41
YGL090W 1 10
YGL089C 1 101
YGL088W 20 754
YGL087C 5 51
YGL086W 7 21
YGL085W 2 32
YGL084C 4 40
YGL083W 5 18
YGL082W 3 354
YGL081W 2 2
YGL080W 4 49
YGL079W 3 19
YGL078C 0 0
YGL077C 0 0
YGL076C 1 2
YGL075C 0 0
YGL074C 2 8
YGL073W 0 0
YGL072C 0 0
YGL071W 0 0
YGL070C 0 0
YGL069C 0 0
YGL068W 0 0
YGL067W 1 10
YGL066W 0 0
YGL065C 0 0
YGL064C 0 0
YGL063W 5 99
YGL063C-A 11 1549
YGL062W 14 764
YGL061C 0 0
YGL060W 0 0
YGL059W 10 403
YGL058W 3 40
YGL057C 11 288
YGL056C 3 147
YGL055W 2 14
YGL054C 2 9
YGL053W 0 0
YGL052W 0 0
YGL051W 1 6
YGL050W 19 3492
YGL049C 3 11
YGL048C 0 0
YGL047W 0 0
YGL045W 2 37
YGL044C 0 0
YGL043W 4 96
YGL042C 1 20
YGL041C-B 3 25
YGL041W-A 4 57
YGL041C 4 156
YGL040C 0 0
YGL039W 2 24
YGL038C 0 0
YGL037C 0 0
YGL036W 6 219
YGL035C 3 11
YGL034C 2 35
YGL033W 0 0
YGL032C 0 0
YGL031C 2 2
YGL030W 0 0
YGL029W 0 0
YGL028C 0 0
YGL027C 4 63
YGL026C 5 308
YGL025C 0 0
YGL024W 0 0
YGL023C 8 74
YGL022W 0 0
YGL021W 1 2
YGL020C 2 175
YGL019W 2 17
YGL018C 0 0
YGL017W 1 1
YGL016W 1 7
YGL015C 0 0
YGL014W 0 0
YGL014C-A 2 51
YGL013C 0 0
YGL012W 3 113
YGL011C 0 0
YGL010W 2 4
YGL009C 1 2
YGL008C 0 0
YGL007C-A 1 94
YGL007W 2 34
YGL006W-A 5 124
YGL006W 3 18
YGL005C 3 200
YGL004C 2 107
YGL003C 1 1
YGL002W 2 106
YGL001C 0 0
YGR001C 2 30
YGR002C 1 1
YGR003W 11 746
YGR004W 0 0
YGR005C 0 0
YGR006W 0 0
YGR007W 10 406
YGR008C 3 114
YGR009C 0 0
YGR010W 0 0
YGR011W 3 6
YGR012W 6 158
YGR013W 1 14
YGR014W 0 0
YGR015C 11 466
YGR016W 8 526
YGR017W 3 25
YGR018C 6 32
YGR019W 0 0
YGR020C 0 0
YGR021W 9 1021
YGR022C 1 7
YGR023W 4 46
YGR024C 3 10
YGR025W 1 1
YGR026W 2 8
YGR027C 0 0
YGR028W 3 126
YGR029W 0 0
YGR030C 0 0
YGR031W 5 248
YGR031C-A 18 3131
YGR032W 0 0
YGR033C 1 1
YGR034W 0 0
YGR035C 6 220
YGR035W-A 11 520
YGR036C 2 13
YGR037C 3 117
YGR038W 1 15
YGR039W 6 38
YGR040W 1 1
YGR041W 2 525
YGR042W 13 825
YGR043C 3 35
YGR044C 3 141
YGR045C 7 197
YGR046W 1 1
YGR047C 1 73
YGR048W 0 0
YGR049W 1 1
YGR050C 9 621
YGR051C 2 19
YGR052W 7 216
YGR053C 2 47
YGR054W 4 122
YGR055W 2 55
YGR056W 3 9
YGR057C 0 0
YGR058W 7 331
YGR059W 0 0
YGR060W 0 0
YGR061C 0 0
YGR062C 1 11
YGR063C 2 5
YGR064W 2 10
YGR065C 5 44
YGR066C 2 87
YGR067C 5 36
YGR068C 3 34
YGR068W-A 1 3
YGR069W 0 0
YGR070W 1 1
YGR071C 3 31
YGR072W 2 51
YGR073C 0 0
YGR074W 0 0
YGR075C 0 0
YGR076C 0 0
YGR077C 4 56
YGR078C 3 33
YGR079W 10 268
YGR080W 2 152
YGR081C 3 74
YGR082W 0 0
YGR083C 0 0
YGR084C 12 1327
YGR085C 1 1
YGR086C 1 26
YGR087C 1 4
YGR088W 3 39
YGR089W 0 0
YGR090W 1 2
YGR091W 0 0
YGR092W 1 41
YGR093W 3 66
YGR094W 2 62
YGR095C 0 0
YGR096W 6 80
YGR097W 0 0
YGR098C 0 0
YGR099W 0 0
YGR100W 0 0
YGR101W 5 137
YGR102C 3 50
YGR103W 0 0
YGR104C 0 0
YGR105W 0 0
YGR106C 1 9
YGR107W 3 88
YGR108W 1 4
YGR109C 0 0
YGR110W 0 0
YGR111W 7 233
YGR112W 1 1
YGR113W 0 0
YGR114C 0 0
YGR115C 3 32
YGR116W 0 0
YGR117C 3 36
YGR118W 0 0
YGR119C 0 0
YGR120C 0 0
YGR121C 3 49
YGR121W-A 4 9
YGR122W 6 173
YGR122C-A 1 72
YGR123C 2 14
YGR124W 3 4
YGR125W 2 31
YGR126W 1 5
YGR127W 5 101
YGR128C 0 0
YGR129W 0 0
YGR130C 1 9
YGR131W 0 0
YGR132C 3 224
YGR133W 19 1447
YGR134W 4 56
YGR135W 0 0
YGR136W 7 50
YGR137W 1 4
YGR138C 0 0
YGR139W 0 0
YGR140W 1 2
YGR141W 6 24
YGR142W 5 250
YGR143W 0 0
YGR144W 0 0
YGR145W 0 0
YGR146C 1 1
YGR146C-A 15 191
YGR147C 1 1
YGR148C 0 0
YGR149W 4 46
YGR150C 2 12
YGR151C 1 30
YGR152C 0 0
YGR153W 2 34
YGR154C 0 0
YGR155W 0 0
YGR156W 0 0
YGR157W 2 8
YGR158C 0 0
YGR159C 0 0
YGR160W 1 46
YGR161C 12 1011
YGR161W-C 22 3910
YGR162W 0 0
YGR163W 0 0
YGR164W 8 140
YGR165W 1 52
YGR166W 0 0
YGR167W 1 1
YGR168C 4 65
YGR169C 0 0
YGR169C-A 0 0
YGR170W 2 115
YGR171C 1 29
YGR172C 1 3
YGR173W 2 2
YGR174C 3 35
YGR174W-A 1 2
YGR175C 0 0
YGR176W 15 1342
YGR177C 1 2
YGR178C 0 0
YGR179C 1 2
YGR180C 1 10
YGR181W 6 195
YGR182C 1 19
YGR183C 2 24
YGR184C 2 15
YGR185C 0 0
YGR186W 3 35
YGR187C 1 29
YGR188C 3 18
YGR189C 4 114
YGR190C 1 1
YGR191W 3 20
YGR192C 1 107
YGR193C 2 6
YGR194C 15 1241
YGR195W 0 0
YGR196C 9 436
YGR197C 3 8
YGR198W 2 63
YGR199W 1 17
YGR200C 0 0
YGR201C 7 143
YGR202C 2 10
YGR203W 16 2552
YGR204W 5 12
YGR204C-A 2 3
YGR205W 0 0
YGR206W 2 151
YGR207C 4 82
YGR208W 1 1
YGR209C 3 62
YGR210C 0 0
YGR211W 0 0
YGR212W 10 306
YGR213C 9 59
YGR214W 0 0
YGR215W 0 0
YGR216C 2 7
YGR217W 0 0
YGR218W 0 0
YGR219W 1 2
YGR220C 2 13
YGR221C 3 16
YGR222W 2 40
YGR223C 9 622
YGR224W 8 2437
YGR225W 0 0
YGR226C 1 10
YGR227W 0 0
YGR228W 1 22
YGR229C 0 0
YGR230W 6 85
YGR231C 1 6
YGR232W 3 16
YGR233C 0 0
YGR234W 7 974
YGR235C 3 124
YGR236C 7 231
YGR237C 0 0
YGR238C 6 116
YGR239C 0 0
YGR240C 0 0
YGR240C-A 3 72
YGR241C 0 0
YGR242W 0 0
YGR243W 0 0
YGR244C 1 57
YGR245C 0 0
YGR246C 1 3
YGR247W 1 1
YGR248W 2 8
YGR249W 1 11
YGR250C 1 1
YGR251W 0 0
YGR252W 1 1
YGR253C 0 0
YGR254W 5 50
YGR255C 1 11
YGR256W 5 41
YGR257C 1 31
YGR258C 4 412
YGR259C 4 454
YGR260W 10 127
YGR261C 1 1
YGR262C 0 0
YGR263C 6 872
YGR264C 0 0
YGR265W 0 0
YGR266W 5 165
YGR267C 0 0
YGR268C 9 156
YGR269W 3 21
YGR270W 1 4
YGR270C-A 1 5
YGR271W 13 245
YGR271C-A 0 0
YGR273C 0 0
YGR274C 0 0
YGR275W 1 233
YGR276C 4 35
YGR277C 0 0
YGR278W 1 7
YGR279C 1 33
YGR280C 4 25
YGR281W 1 1
YGR282C 0 0
YGR283C 6 79
YGR284C 6 326
YGR285C 0 0
YGR286C 2 6
YGR287C 5 93
YGR288W 5 35
YGR289C 1 1
YGR290W 3 95
YGR291C 0 0
YGR292W 0 0
YGR293C 0 0
YGR294W 0 0
YGR295C 2 27
YGR296W 0 0
YGR296C-A 0 0
YGR296C-B 0 0
YHL050C 0 0
YHL050W-A 0 0
YHL049C 0 0
YHL048C-A 4 49
YHL048W 0 0
YHL047C 0 0
YHL046W-A 1 16
YHL046C 0 0
YHL045W 0 0
YHL044W 5 54
YHL043W 4 380
YHL042W 0 0
YHL041W 2 37
YHL040C 5 33
YHL039W 6 165
YHL038C 1 5
YHL037C 4 65
YHL036W 11 415
YHL035C 5 136
YHL034W-A 8 144
YHL034C 0 0
YHL033C 1 3
YHL032C 4 74
YHL031C 0 0
YHL030W-A 1 23
YHL030W 7 338
YHL029C 5 57
YHL028W 5 383
YHL027W 0 0
YHL026C 17 601
YHL025W 2 8
YHL024W 4 43
YHL023C 4 136
YHL022C 0 0
YHL021C 7 36
YHL020C 0 0
YHL019W-A 15 855
YHL019C 3 15
YHL018W 5 74
YHL017W 4 72
YHL016C 0 0
YHL015W-A 6 157
YHL015W 0 0
YHL014C 3 37
YHL013C 2 56
YHL012W 1 26
YHL011C 0 0
YHL010C 0 0
YHL009C 1 21
YHL008C 1 3
YHL007C 6 26
YHL006W-A 6 103
YHL006C 1 62
YHL005C 0 0
YHL004W 1 5
YHL003C 2 7
YHL002C-A 0 0
YHL002W 5 41
YHL001W 3 280
YHR001W 0 0
YHR001W-A 2 9
YHR002W 3 59
YHR003C 2 18
YHR004C 2 209
YHR005C 0 0
YHR005C-A 0 0
YHR006W 4 248
YHR007C 0 0
YHR007C-A 14 961
YHR008C 0 0
YHR009C 1 15
YHR010W 0 0
YHR011W 0 0
YHR012W 1 12
YHR013C 2 41
YHR014W 1 17
YHR015W 8 130
YHR016C 5 322
YHR017W 7 378
YHR018C 3 44
YHR019C 0 0
YHR020W 0 0
YHR021C 0 0
YHR021W-A 15 1322
YHR022C 1 1
YHR022C-A 12 514
YHR023W 1 7
YHR024C 2 17
YHR025W 1 5
YHR026W 0 0
YHR027C 0 0
YHR028C 7 1964
YHR028W-A 1 140
YHR029C 3 109
YHR030C 2 5
YHR031C 6 341
YHR032W 1 5
YHR032W-A 21 695
YHR032C-A 28 5647
YHR033W 12 4829
YHR034C 2 50
YHR035W 3 6
YHR036W 1 12
YHR037W 2 4
YHR038W 1 5
YHR039C 1 1
YHR039C-A 0 0
YHR040W 1 29
YHR041C 2 95
YHR042W 2 19
YHR043C 2 43
YHR044C 2 12
YHR045W 0 0
YHR046C 0 0
YHR047C 1 2
YHR048W 6 356
YHR049W 2 91
YHR049C-A 4 182
YHR050W 4 182
YHR050W-A 7 813
YHR051W 0 0
YHR052W 0 0
YHR052W-A 0 0
YHR053C 0 0
YHR054C 3 11
YHR054W-A 0 0
YHR055C 0 0
YHR056C 2 17
YHR056W-A 1 9
YHR057C 12 4786
YHR058C 0 0
YHR059W 3 423
YHR060W 1 17
YHR061C 1 33
YHR062C 0 0
YHR063C 7 134
YHR063W-A 1 4
YHR064C 0 0
YHR065C 0 0
YHR066W 1 25
YHR067W 3 20
YHR068W 0 0
YHR069C 0 0
YHR069C-A 0 0
YHR070W 1 1
YHR070C-A 4 37
YHR071W 1 1
YHR071C-A 1 2
YHR072W 0 0
YHR072W-A 1 1
YHR073W 2 14
YHR073W-A 2 9
YHR073C-B 1 69
YHR074W 0 0
YHR075C 0 0
YHR076W 3 20
YHR077C 4 108
YHR078W 1 1
YHR079C 1 28
YHR079C-A 0 0
YHR080C 10 2095
YHR081W 1 1
YHR082C 0 0
YHR083W 3 45
YHR084W 1 6
YHR085W 0 0
YHR086W 8 166
YHR086W-A 3 20
YHR087W 1 5
YHR088W 0 0
YHR089C 1 15
YHR090C 1 6
YHR091C 2 7
YHR092C 1 2
YHR093W 1 15
YHR094C 1 1
YHR095W 0 0
YHR096C 0 0
YHR097C 1 93
YHR098C 4 42
YHR099W 1 4
YHR100C 1 1
YHR101C 0 0
YHR102W 0 0
YHR103W 5 127
YHR104W 0 0
YHR105W 0 0
YHR106W 5 123
YHR107C 1 1
YHR108W 0 0
YHR109W 1 3
YHR110W 2 34
YHR111W 0 0
YHR112C 5 107
YHR113W 3 60
YHR114W 4 19
YHR115C 6 303
YHR116W 9 208
YHR117W 4 18
YHR118C 0 0
YHR119W 0 0
YHR120W 3 71
YHR121W 3 62
YHR122W 1 19
YHR123W 2 4
YHR124W 0 0
YHR125W 2 16
YHR126C 0 0
YHR127W 9 2106
YHR128W 1 5
YHR129C 0 0
YHR130C 1 3
YHR131C 4 22
YHR131W-A 1 1
YHR132C 7 1019
YHR132W-A 6 144
YHR133C 4 285
YHR134W 6 400
YHR135C 1 25
YHR136C 7 272
YHR137W 3 524
YHR137C-A 1 3
YHR138C 0 0
YHR139C 1 15
YHR139C-A 12 299
YHR140W 4 86
YHR141C 0 0
YHR142W 4 131
YHR143W 0 0
YHR143W-A 0 0
YHR144C 14 1465
YHR145C 0 0
YHR146W 5 354
YHR147C 1 20
YHR148W 1 4
YHR149C 0 0
YHR150W 2 5
YHR151C 3 17
YHR152W 4 63
YHR153C 5 301
YHR154W 5 56
YHR155W 1 1
YHR156C 1 7
YHR157W 0 0
YHR158C 0 0
YHR159W 1 21
YHR160C 1 10
YHR161C 1 84
YHR162W 1 9
YHR163W 6 151
YHR164C 3 6
YHR165C 0 0
YHR165W-A 0 0
YHR166C 1 10
YHR167W 1 2
YHR168W 8 347
YHR169W 0 0
YHR170W 0 0
YHR171W 4 62
YHR172W 1 41
YHR173C 5 42
YHR174W 1 2
YHR175W 10 498
YHR175W-A 5 17
YHR176W 0 0
YHR177W 0 0
YHR178W 0 0
YHR179W 2 7
YHR180W 0 0
YHR180W-A 3 88
YHR180C-B 6 180
YHR181W 4 40
YHR182W 0 0
YHR182C-A 0 0
YHR183W 0 0
YHR184W 0 0
YHR185C 0 0
YHR186C 0 0
YHR187W 0 0
YHR188C 1 10
YHR189W 1 5
YHR190W 0 0
YHR191C 4 25
YHR192W 3 96
YHR193C 2 65
YHR193C-A 1 1
YHR194W 0 0
YHR195W 0 0
YHR196W 0 0
YHR197W 0 0
YHR198C 9 148
YHR199C 3 44
YHR199C-A 0 0
YHR200W 3 31
YHR201C 3 278
YHR202W 3 291
YHR203C 0 0
YHR204W 4 80
YHR205W 0 0
YHR206W 1 36
YHR207C 7 374
YHR208W 7 670
YHR209W 5 334
YHR210C 1 7
YHR211W 2 18
YHR212C 0 0
YHR212W-A 0 0
YHR213W 0 0
YHR213W-A 0 0
YHR213W-B 0 0
YHR214W 0 0
YHR214W-A 0 0
YHR214C-D 0 0
YHR214C-E 0 0
YHR215W 0 0
YHR216W 0 0
YHR217C 0 0
YHR218W 0 0
YHR218W-A 0 0
YHR219W 0 0
YHR219C-A 0 0
YIL177C 0 0
YIL177W-A 0 0
YIL176C 0 0
YIL173W 0 0
YIL172C 0 0
YIL171W-A 0 0
YIL169C 3 37
YIL166C 0 0
YIL165C 2 13
YIL164C 1 72
YIL163C 3 4
YIL162W 0 0
YIL161W 0 0
YIL160C 1 16
YIL159W 9 177
YIL158W 4 20
YIL157C 5 43
YIL156W-A 4 20
YIL156W-B 5 41
YIL156W 6 69
YIL155C 2 19
YIL154C 2 60
YIL153W 4 78
YIL152W 4 22
YIL151C 3 8
YIL150C 1 1
YIL149C 0 0
YIL148W 0 0
YIL147C 1 16
YIL146C 3 1193
YIL145C 3 741
YIL144W 0 0
YIL143C 2 38
YIL142C-A 0 0
YIL142W 0 0
YIL141W 3 215
YIL140W 1 2
YIL139C 0 0
YIL138C 6 197
YIL137C 11 405
YIL136W 4 9
YIL135C 2 126
YIL134C-A 9 307
YIL134W 4 12
YIL133C 1 13
YIL132C 2 16
YIL131C 3 39
YIL130W 3 183
YIL129C 0 0
YIL128W 3 25
YIL127C 0 0
YIL126W 0 0
YIL125W 0 0
YIL124W 4 103
YIL123W 1 1
YIL122W 0 0
YIL121W 1 1
YIL120W 0 0
YIL119C 0 0
YIL118W 5 185
YIL117C 0 0
YIL116W 3 24
YIL115W-A 2 21
YIL115C 0 0
YIL114C 2 57
YIL113W 2 7
YIL112W 6 175
YIL111W 1 89
YIL110W 0 0
YIL109C 0 0
YIL108W 6 35
YIL107C 1 2
YIL106W 0 0
YIL105C 2 17
YIL105W-A 1 4
YIL104C 0 0
YIL103W 3 19
YIL102C-A 1 5
YIL102C 3 34
YIL101C 2 24
YIL100C-A 7 63
YIL100W 4 29
YIL099W 5 157
YIL098C 3 32
YIL097W 4 30
YIL096C 3 13
YIL095W 1 1
YIL094C 4 211
YIL093C 0 0
YIL092W 3 30
YIL091C 0 0
YIL090W 0 0
YIL089W 1 1
YIL088C 3 11
YIL087C 1 2
YIL086C 2 13
YIL085C 9 2199
YIL084C 0 0
YIL083C 0 0
YIL082W 1 22
YIL079C 2 47
YIL078W 0 0
YIL077C 8 1261
YIL076W 15 395
YIL075C 0 0
YIL074C 0 0
YIL073C 0 0
YIL072W 1 1
YIL071W-A 0 0
YIL071C 6 204
YIL070C 2 90
YIL069C 3 9
YIL068W-A 5 73
YIL068C 0 0
YIL067C 0 0
YIL066W-A 0 0
YIL066C 2 89
YIL065C 7 139
YIL064W 11 65
YIL063C 1 18
YIL062C 1 1
YIL061C 1 1
YIL060W 0 0
YIL059C 0 0
YIL058W 2 50
YIL057C 0 0
YIL056W 4 554
YIL055C 0 0
YIL054W 6 224
YIL053W 1 1
YIL052C 0 0
YIL051C 8 162
YIL050W 1 11
YIL049W 2 18
YIL048W 0 0
YIL047C-A 3 26
YIL047C 4 51
YIL046W-A 8 194
YIL046W 0 0
YIL045W 0 0
YIL044C 5 83
YIL043C 2 23
YIL042C 5 228
YIL041W 8 199
YIL040W 0 0
YIL039W 0 0
YIL038C 1 22
YIL037C 0 0
YIL036W 2 38
YIL035C 2 130
YIL034C 2 10
YIL033C 1 41
YIL032C 0 0
YIL031W 4 21
YIL030W-A 1 7
YIL030C 0 0
YIL029W-A 2 7
YIL029C 1 6
YIL028W 0 0
YIL027C 4 588
YIL026C 0 0
YIL025C 3 31
YIL024C 6 81
YIL023C 4 214
YIL022W 0 0
YIL021W 0 0
YIL021C-A 2 6
YIL020C-A 4 17
YIL020C 1 6
YIL019W 1 38
YIL018W 0 0
YIL017C 2 5
YIL016W 3 43
YIL015W 4 122
YIL014C-A 0 0
YIL014W 3 15
YIL013C 0 0
YIL012W 4 343
YIL011W 4 25
YIL010W 3 10
YIL009C-A 14 200
YIL009W 4 182
YIL008W 0 0
YIL007C 1 17
YIL006W 8 84
YIL005W 0 0
YIL004C 0 0
YIL003W 0 0
YIL002W-A 6 140
YIL002C 0 0
YIL001W 2 24
YIR001C 0 0
YIR002C 0 0
YIR003W 1 16
YIR004W 2 22
YIR005W 6 185
YIR006C 2 17
YIR007W 1 46
YIR008C 0 0
YIR009W 0 0
YIR010W 0 0
YIR011C 0 0
YIR012W 0 0
YIR013C 2 14
YIR014W 8 295
YIR015W 2 12
YIR016W 12 307
YIR017C 8 132
YIR017W-A 10 372
YIR018W 27 3794
YIR018C-A 3 81
YIR019C 5 166
YIR020C 1 15
YIR020W-A 2 3
YIR020C-B 4 64
YIR021W 0 0
YIR021W-A 1 1
YIR022W 1 10
YIR023W 3 552
YIR023C-A 0 0
YIR024C 2 78
YIR025W 6 138
YIR026C 0 0
YIR027C 0 0
YIR028W 0 0
YIR029W 6 63
YIR030C 2 32
YIR030W-A 2 32
YIR031C 5 84
YIR032C 1 140
YIR033W 3 43
YIR034C 0 0
YIR035C 3 13
YIR036C 4 21
YIR036W-A 0 0
YIR037W 1 1
YIR038C 5 112
YIR039C 1 1
YIR040C 1 7
YIR041W 0 0
YIR042C 3 34
YJL225C 0 0
YJL225W-A 0 0
YJL223C 0 0
YJL222W-B 0 0
YJL222W-A 0 0
YJL222W 0 0
YJL221C 0 0
YJL220W 0 0
YJL219W 0 0
YJL218W 1 2
YJL217W 2 20
YJL216C 1 4
YJL215C 1 105
YJL214W 1 105
YJL213W 3 58
YJL212C 5 72
YJL211C 0 0
YJL210W 4 409
YJL209W 1 1
YJL208C 2 12
YJL207C 2 13
YJL206C 4 156
YJL205C 9 164
YJL204C 2 5
YJL203W 0 0
YJL202C 11 231
YJL201W 11 487
YJL200C 3 22
YJL199C 9 747
YJL198W 5 142
YJL197W 4 76
YJL197C-A 0 0
YJL196C 5 38
YJL195C 0 0
YJL194W 0 0
YJL193W 6 140
YJL192C 9 179
YJL191W 10 308
YJL190C 0 0
YJL189W 1 3
YJL188C 4 6
YJL187C 0 0
YJL186W 4 31
YJL185C 5 65
YJL184W 0 0
YJL183W 3 20
YJL182C 1 9
YJL181W 5 186
YJL180C 0 0
YJL179W 3 43
YJL178C 15 3417
YJL177W 0 0
YJL176C 0 0
YJL175W 0 0
YJL174W 1 1
YJL173C 0 0
YJL172W 5 119
YJL171C 4 25
YJL170C 2 12
YJL169W 1 9
YJL168C 1 2
YJL167W 0 0
YJL166W 0 0
YJL165C 3 28
YJL164C 0 0
YJL163C 8 173
YJL162C 6 83
YJL161W 1 76
YJL160C 1 6
YJL159W 2 182
YJL158C 11 436
YJL157C 4 34
YJL156W-A 15 779
YJL156C 10 535
YJL155C 1 4
YJL154C 1 2
YJL153C 1 16
YJL152W 0 0
YJL151C 7 258
YJL150W 3 41
YJL149W 8 77
YJL148W 0 0
YJL147C 1 381
YJL146W 1 2
YJL145W 7 641
YJL144W 3 3
YJL143W 1 1
YJL142C 4 314
YJL141C 0 0
YJL140W 0 0
YJL139C 0 0
YJL138C 4 116
YJL137C 1 14
YJL136W-A 1 231
YJL136C 0 0
YJL135W 3 59
YJL134W 6 640
YJL133C-A 11 629
YJL133W 7 185
YJL132W 6 109
YJL131C 3 66
YJL130C 3 226
YJL129C 0 0
YJL128C 5 455
YJL127W-A 5 455
YJL127C-B 6 442
YJL127C 2 52
YJL126W 1 1
YJL125C 0 0
YJL124C 0 0
YJL123C 6 15
YJL122W 9 465
YJL121C 1 1
YJL120W 0 0
YJL119C 4 158
YJL118W 13 1047
YJL117W 0 0
YJL116C 3 48
YJL115W 1 13
YJL112W 0 0
YJL111W 1 1
YJL110C 1 1
YJL109C 0 0
YJL108C 1 17
YJL107C 0 0
YJL106W 5 907
YJL105W 4 215
YJL104W 2 106
YJL103C 4 46
YJL102W 3 62
YJL101C 6 500
YJL100W 4 44
YJL099W 1 4
YJL098W 2 6
YJL097W 0 0
YJL096W 1 8
YJL095W 1 6
YJL094C 0 0
YJL093C 7 54
YJL092W 1 1
YJL091C 1 13
YJL090C 0 0
YJL089W 1 734
YJL088W 6 65
YJL087C 0 0
YJL086C 0 0
YJL085W 0 0
YJL084C 3 5
YJL083W 2 13
YJL082W 3 70
YJL081C 0 0
YJL080C 1 1
YJL079C 4 136
YJL078C 1 9
YJL077W-B 1 70
YJL077C 0 0
YJL077W-A 7 131
YJL076W 1 16
YJL075C 0 0
YJL074C 0 0
YJL073W 0 0
YJL072C 2 23
YJL071W 1 129
YJL070C 1 1
YJL069C 0 0
YJL068C 7 1159
YJL067W 25 1737
YJL066C 3 120
YJL065C 5 172
YJL064W 4 27
YJL063C 3 62
YJL062W-A 3 245
YJL062W 1 22
YJL061W 0 0
YJL060W 1 2
YJL059W 6 75
YJL058C 0 0
YJL057C 4 58
YJL056C 1 5
YJL055W 5 23
YJL054W 2 25
YJL053W 9 122
YJL052C-A 11 172
YJL052W 2 4
YJL051W 2 7
YJL050W 1 14
YJL049W 3 57
YJL048C 7 67
YJL047C-A 0 0
YJL047C 0 0
YJL046W 3 52
YJL045W 0 0
YJL044C 3 18
YJL043W 0 0
YJL042W 2 23
YJL041W 0 0
YJL039C 0 0
YJL038C 0 0
YJL037W 2 15
YJL036W 0 0
YJL035C 0 0
YJL034W 0 0
YJL033W 0 0
YJL032W 1 3
YJL031C 1 10
YJL030W 3 120
YJL029C 1 16
YJL028W 7 102
YJL027C 3 29
YJL026W 0 0
YJL026C-A 0 0
YJL025W 0 0
YJL024C 6 38
YJL023C 4 30
YJL022W 0 0
YJL020C 0 0
YJL020W-A 1 7
YJL019W 0 0
YJL016W 0 0
YJL015C 1 2
YJL014W 1 2
YJL013C 6 1277
YJL012C 0 0
YJL011C 0 0
YJL010C 0 0
YJL009W 2 7
YJL008C 1 7
YJL007C 12 603
YJL006C 1 1
YJL005W 0 0
YJL004C 9 185
YJL003W 1 1
YJL002C 0 0
YJL001W 1 3
YJR001W 8 314
YJR002W 0 0
YJR003C 7 91
YJR004C 2 13
YJR005W 8 107
YJR005C-A 1 10
YJR006W 0 0
YJR007W 0 0
YJR008W 4 35
YJR009C 6 458
YJR010W 1 6
YJR010C-A 2 29
YJR011C 0 0
YJR012C 0 0
YJR013W 3 76
YJR014W 2 41
YJR015W 6 299
YJR016C 0 0
YJR017C 1 1
YJR018W 1 4
YJR019C 2 3
YJR020W 2 2
YJR021C 2 38
YJR022W 3 12
YJR023C 0 0
YJR024C 6 93
YJR025C 0 0
YJR030C 1 5
YJR031C 0 0
YJR032W 1 1
YJR033C 4 63
YJR034W 0 0
YJR035W 1 204
YJR036C 0 0
YJR037W 0 0
YJR038C 1 1
YJR039W 1 5
YJR040W 2 12
YJR041C 0 0
YJR042W 0 0
YJR043C 10 136
YJR044C 15 1048
YJR045C 2 52
YJR046W 1 23
YJR047C 4 80
YJR048W 6 95
YJR049C 0 0
YJR050W 1 3
YJR051W 5 85
YJR052W 7 2427
YJR053W 1 1
YJR054W 0 0
YJR055W 1 12
YJR056C 0 0
YJR057W 0 0
YJR058C 7 642
YJR059W 3 144
YJR060W 0 0
YJR061W 1 9
YJR062C 7 1171
YJR063W 1 1
YJR064W 0 0
YJR065C 2 62
YJR066W 3 20
YJR067C 0 0
YJR068W 1 5
YJR069C 1 2
YJR070C 0 0
YJR071W 0 0
YJR072C 0 0
YJR073C 2 5
YJR074W 7 159
YJR075W 3 29
YJR076C 4 11
YJR077C 2 6
YJR078W 6 150
YJR079W 5 23
YJR080C 6 111
YJR082C 2 88
YJR083C 7 311
YJR084W 5 297
YJR085C 8 330
YJR086W 7 87
YJR087W 1 3
YJR088C 4 77
YJR089W 0 0
YJR090C 0 0
YJR091C 7 815
YJR092W 1 40
YJR093C 0 0
YJR094C 1 36
YJR094W-A 3 6
YJR095W 1 3
YJR096W 7 172
YJR097W 0 0
YJR098C 1 1
YJR099W 2 17
YJR100C 6 111
YJR101W 0 0
YJR102C 0 0
YJR103W 5 70
YJR104C 2 29
YJR105W 7 1076
YJR106W 1 3
YJR107W 0 0
YJR108W 1 1
YJR109C 1 14
YJR110W 0 0
YJR111C 1 4
YJR112W 1 1
YJR112W-A 4 67
YJR113C 5 91
YJR114W 5 26
YJR115W 9 233
YJR116W 2 21
YJR117W 1 94
YJR118C 1 1
YJR119C 3 6
YJR120W 12 400
YJR121W 0 0
YJR122W 0 0
YJR123W 0 0
YJR124C 2 4
YJR125C 10 313
YJR126C 7 325
YJR127C 8 340
YJR128W 4 124
YJR129C 1 32
YJR130C 14 438
YJR131W 0 0
YJR132W 0 0
YJR133W 3 25
YJR134C 4 15
YJR135C 4 46
YJR135W-A 4 197
YJR136C 0 0
YJR137C 5 113
YJR138W 3 10
YJR139C 0 0
YJR140C 2 158
YJR140W-A 2 201
YJR141W 0 0
YJR142W 2 7
YJR143C 2 17
YJR144W 3 53
YJR145C 0 0
YJR146W 12 2199
YJR147W 5 685
YJR148W 2 9
YJR149W 15 912
YJR150C 5 193
YJR151C 1 18
YJR151W-A 0 0
YJR152W 0 0
YJR153W 2 6
YJR154W 2 6
YJR155W 3 8
YJR156C 0 0
YJR157W 0 0
YJR158W 0 0
YJR159W 0 0
YJR160C 0 0
YJR161C 5 919
YJR162C 4 149
YKL225W 3 113
YKL224C 0 0
YKL223W 1 2
YKL222C 3 13
YKL221W 6 136
YKL220C 0 0
YKL219W 6 328
YKL218C 0 0
YKL217W 7 86
YKL216W 3 9
YKL215C 2 32
YKL214C 3 164
YKL213C 3 13
YKL212W 0 0
YKL211C 4 262
YKL210W 1 1
YKL209C 1 46
YKL208W 1 1
YKL207W 3 149
YKL206C 3 4
YKL205W 3 27
YKL204W 1 5
YKL203C 2 80
YKL202W 0 0
YKL201C 5 35
YKL198C 8 379
YKL197C 8 686
YKL196C 0 0
YKL195W 0 0
YKL194C 2 4
YKL193C 0 0
YKL192C 3 13
YKL191W 2 2
YKL190W 8 225
YKL189W 0 0
YKL188C 1 1
YKL187C 6 73
YKL186C 17 2291
YKL185W 5 137
YKL184W 1 13
YKL183C-A 1 44
YKL183W 1 44
YKL182W 0 0
YKL181W 0 0
YKL180W 0 0
YKL179C 7 102
YKL178C 2 185
YKL177W 2 34
YKL176C 1 6
YKL175W 4 665
YKL174C 4 27
YKL173W 0 0
YKL172W 0 0
YKL171W 0 0
YKL170W 1 6
YKL169C 0 0
YKL168C 1 16
YKL167C 4 9
YKL166C 5 112
YKL165C-A 4 10
YKL165C 0 0
YKL164C 1 4
YKL163W 0 0
YKL162C-A 1 6
YKL162C 0 0
YKL161C 0 0
YKL160W 4 21
YKL159C 5 88
YKL157W 3 224
YKL156W 14 162
YKL156C-A 0 0
YKL155C 0 0
YKL154W 2 10
YKL153W 2 6
YKL152C 0 0
YKL151C 12 266
YKL150W 10 2218
YKL149C 2 6
YKL148C 0 0
YKL147C 5 281
YKL146W 13 328
YKL145W 1 13
YKL145W-A 0 0
YKL144C 0 0
YKL143W 0 0
YKL142W 0 0
YKL141W 0 0
YKL140W 4 16
YKL139W 0 0
YKL138C-A 1 3
YKL138C 0 0
YKL137W 0 0
YKL136W 6 221
YKL135C 0 0
YKL134C 0 0
YKL133C 1 2
YKL132C 0 0
YKL131W 0 0
YKL130C 1 47
YKL129C 3 43
YKL128C 4 845
YKL127W 4 139
YKL126W 1 11
YKL125W 1 115
YKL124W 2 17
YKL123W 1 11
YKL122C 0 0
YKL121W 0 0
YKL120W 1 13
YKL119C 0 0
YKL118W 0 0
YKL117W 14 701
YKL116C 0 0
YKL115C 0 0
YKL114C 5 202
YKL113C 1 7
YKL112W 0 0
YKL111C 0 0
YKL110C 2 4
YKL109W 0 0
YKL108W 0 0
YKL107W 0 0
YKL106C-A 4 42
YKL106W 0 0
YKL105C 2 10
YKL104C 0 0
YKL103C 2 3
YKL102C 4 526
YKL101W 1 21
YKL100C 10 645
YKL100W-A 1 5
YKL099C 0 0
YKL098W 2 218
YKL097C 4 71
YKL096C-B 0 0
YKL096W-A 0 0
YKL096W 0 0
YKL095W 0 0
YKL094W 15 741
YKL093W 3 42
YKL092C 0 0
YKL091C 5 103
YKL090W 5 88
YKL089W 0 0
YKL088W 0 0
YKL087C 1 83
YKL086W 10 389
YKL085W 0 0
YKL084W 4 52
YKL083W 3 71
YKL082C 0 0
YKL081W 10 473
YKL080W 0 0
YKL079W 0 0
YKL078W 0 0
YKL077W 3 20
YKL076C 0 0
YKL075C 1 3
YKL074C 6 456
YKL073W 1 3
YKL072W 1 1
YKL071W 0 0
YKL070W 0 0
YKL069W 11 223
YKL068W-A 4 192
YKL068W 0 0
YKL067W 0 0
YKL066W 1 1
YKL065W-A 7 80
YKL065C 1 19
YKL064W 3 48
YKL063C 2 8
YKL062W 0 0
YKL061W 1 4
YKL060C 1 4
YKL059C 0 0
YKL058W 0 0
YKL057C 0 0
YKL056C 0 0
YKL055C 2 26
YKL054C 0 0
YKL053C-A 0 0
YKL053W 0 0
YKL052C 3 64
YKL051W 4 13
YKL050C 0 0
YKL049C 0 0
YKL048C 2 12
YKL047W 1 17
YKL046C 7 1969
YKL045W 0 0
YKL044W 2 78
YKL043W 1 4
YKL042W 0 0
YKL041W 0 0
YKL040C 1 2
YKL039W 2 24
YKL038W 0 0
YKL037W 8 721
YKL036C 0 0
YKL035W 0 0
YKL034W 1 10
YKL033W-A 1 5
YKL033W 0 0
YKL032C 0 0
YKL031W 0 0
YKL030W 8 552
YKL029C 7 95
YKL028W 1 7
YKL027W 0 0
YKL026C 2 14
YKL025C 3 29
YKL024C 0 0
YKL023C-A 4 81
YKL023W 15 527
YKL022C 7 145
YKL021C 1 3
YKL020C 0 0
YKL019W 1 1
YKL018C-A 2 6
YKL018W 0 0
YKL017C 6 139
YKL016C 0 0
YKL015W 1 9
YKL014C 0 0
YKL013C 0 0
YKL012W 0 0
YKL011C 1 1
YKL010C 1 14
YKL009W 0 0
YKL008C 4 46
YKL007W 10 136
YKL006C-A 0 0
YKL006W 0 0
YKL005C 2 17
YKL004W 2 9
YKL003C 2 211
YKL002W 0 0
YKL001C 3 276
YKR001C 0 0
YKR002W 0 0
YKR003W 1 1
YKR004C 0 0
YKR005C 1 1
YKR006C 2 32
YKR007W 0 0
YKR008W 0 0
YKR009C 6 36
YKR010C 0 0
YKR011C 0 0
YKR012C 3 158
YKR013W 3 23
YKR014C 0 0
YKR015C 0 0
YKR016W 0 0
YKR017C 0 0
YKR018C 3 16
YKR019C 1 19
YKR020W 1 11
YKR021W 0 0
YKR022C 0 0
YKR023W 1 9
YKR024C 0 0
YKR025W 0 0
YKR026C 0 0
YKR027W 2 164
YKR028W 1 14
YKR029C 13 415
YKR030W 2 33
YKR031C 0 0
YKR032W 0 0
YKR033C 0 0
YKR034W 1 4
YKR035C 0 0
YKR035W-A 1 20
YKR036C 5 32
YKR037C 0 0
YKR038C 0 0
YKR039W 1 63
YKR040C 7 473
YKR041W 7 925
YKR042W 0 0
YKR043C 1 10
YKR044W 0 0
YKR045C 2 2
YKR046C 9 697
YKR047W 5 166
YKR048C 8 97
YKR049C 5 1156
YKR050W 5 430
YKR051W 1 1
YKR052C 2 11
YKR053C 0 0
YKR054C 3 36
YKR055W 5 114
YKR056W 2 95
YKR057W 1 10
YKR058W 3 223
YKR059W 1 2
YKR060W 1 30
YKR061W 1 83
YKR062W 0 0
YKR063C 0 0
YKR064W 2 50
YKR065C 4 112
YKR066C 16 2375
YKR067W 3 23
YKR068C 3 11
YKR069W 0 0
YKR070W 1 31
YKR071C 0 0
YKR072C 1 23
YKR073C 2 13
YKR074W 3 38
YKR075C 4 273
YKR075W-A 1 3
YKR076W 0 0
YKR077W 1 5
YKR078W 5 32
YKR079C 0 0
YKR080W 1 5
YKR081C 1 6
YKR082W 0 0
YKR083C 0 0
YKR084C 3 22
YKR085C 0 0
YKR086W 0 0
YKR087C 4 99
YKR088C 1 1
YKR089C 0 0
YKR090W 0 0
YKR091W 0 0
YKR092C 1 6
YKR093W 2 16
YKR094C 2 86
YKR095W 0 0
YKR095W-A 2 8
YKR096W 0 0
YKR097W 0 0
YKR098C 2 21
YKR099W 1 23
YKR100C 0 0
YKR101W 5 128
YKR102W 2 60
YKR103W 0 0
YKR104W 0 0
YKR105C 0 0
YKR106W 0 0
YLL067C 0 0
YLL067W-A 0 0
YLL066W-B 0 0
YLL066C 0 0
YLL066W-A 0 0
YLL065W 2 3
YLL064C 0 0
YLL063C 10 215
YLL062C 1 9
YLL061W 14 158
YLL060C 7 106
YLL059C 1 12
YLL058W 1 6
YLL057C 2 21
YLL056C 3 48
YLL055W 0 0
YLL054C 0 0
YLL053C 2 37
YLL052C 4 75
YLL051C 4 71
YLL050C 1 16
YLL049W 10 344
YLL048C 1 2
YLL047W 1 21
YLL046C 0 0
YLL045C 4 36
YLL044W 0 0
YLL043W 3 31
YLL042C 4 32
YLL041C 5 108
YLL040C 0 0
YLL039C 8 66
YLL038C 0 0
YLL037W 0 0
YLL036C 0 0
YLL035W 1 6
YLL034C 2 5
YLL033W 3 14
YLL032C 1 4
YLL031C 1 1
YLL030C 0 0
YLL029W 1 12
YLL028W 2 6
YLL027W 0 0
YLL026W 1 7
YLL025W 2 7
YLL024C 2 3
YLL023C 10 1468
YLL022C 3 65
YLL021W 0 0
YLL020C 1 19
YLL019C 1 81
YLL019W-A 0 0
YLL018C-A 1 1
YLL018C 0 0
YLL015W 0 0
YLL014W 6 459
YLL013C 1 3
YLL012W 1 18
YLL011W 0 0
YLL010C 0 0
YLL009C 5 271
YLL008W 0 0
YLL007C 0 0
YLL006W-A 0 0
YLL006W 0 0
YLL005C 1 1
YLL004W 0 0
YLL003W 0 0
YLL002W 2 30
YLL001W 1 2
YLR001C 3 12
YLR002C 1 2
YLR003C 2 5
YLR004C 4 131
YLR005W 2 250
YLR006C 0 0
YLR007W 4 21
YLR008C 0 0
YLR009W 1 2
YLR010C 1 1
YLR011W 2 111
YLR012C 0 0
YLR013W 1 1
YLR014C 1 3
YLR015W 4 80
YLR016C 7 18
YLR017W 4 298
YLR018C 0 0
YLR019W 0 0
YLR020C 3 30
YLR021W 1 53
YLR022C 0 0
YLR023C 1 121
YLR024C 0 0
YLR025W 0 0
YLR026C 0 0
YLR027C 3 27
YLR028C 6 20
YLR029C 0 0
YLR030W 4 157
YLR031W 1 7
YLR032W 1 1
YLR033W 1 38
YLR034C 1 145
YLR035C 6 168
YLR036C 8 335
YLR037C 3 17
YLR038C 3 9
YLR039C 0 0
YLR040C 2 85
YLR041W 3 9
YLR042C 0 0
YLR043C 9 555
YLR044C 4 469
YLR045C 2 3
YLR046C 3 11
YLR047C 1 19
YLR048W 0 0
YLR049C 3 20
YLR050C 1 22
YLR051C 0 0
YLR052W 2 21
YLR053C 6 51
YLR054C 0 0
YLR055C 1 1
YLR056W 0 0
YLR057W 3 172
YLR058C 1 1
YLR059C 6 173
YLR060W 2 3
YLR061W 2 2
YLR062C 1 1
YLR063W 6 199
YLR064W 7 72
YLR065C 0 0
YLR066W 0 0
YLR067C 0 0
YLR068W 0 0
YLR069C 0 0
YLR070C 11 340
YLR071C 2 4
YLR072W 3 65
YLR073C 1 3
YLR074C 1 55
YLR075W 2 17
YLR076C 1 22
YLR077W 4 10
YLR078C 0 0
YLR079W 0 0
YLR080W 0 0
YLR081W 0 0
YLR082C 0 0
YLR083C 1 1
YLR084C 0 0
YLR085C 0 0
YLR086W 0 0
YLR087C 0 0
YLR088W 0 0
YLR089C 0 0
YLR090W 3 18
YLR091W 2 795
YLR092W 10 383
YLR093C 0 0
YLR094C 5 288
YLR095C 3 28
YLR096W 1 32
YLR097C 1 2
YLR098C 6 67
YLR099C 5 167
YLR099W-A 7 46
YLR100W 0 0
YLR101C 0 0
YLR102C 3 113
YLR103C 0 0
YLR104W 4 288
YLR105C 0 0
YLR106C 0 0
YLR107W 3 9
YLR108C 1 1
YLR109W 2 2
YLR110C 5 36
YLR111W 13 400
YLR112W 15 1434
YLR113W 6 95
YLR114C 0 0
YLR115W 0 0
YLR116W 0 0
YLR117C 0 0
YLR118C 6 498
YLR119W 6 498
YLR120C 8 292
YLR120W-A 7 49
YLR121C 9 375
YLR122C 0 0
YLR123C 0 0
YLR124W 0 0
YLR125W 0 0
YLR126C 3 83
YLR127C 0 0
YLR128W 0 0
YLR129W 3 22
YLR130C 4 32
YLR131C 0 0
YLR132C 0 0
YLR133W 4 37
YLR134W 0 0
YLR135W 1 3
YLR136C 1 2
YLR137W 8 182
YLR138W 1 8
YLR139C 3 17
YLR140W 0 0
YLR141W 0 0
YLR142W 8 53
YLR143W 2 5
YLR144C 0 0
YLR145W 1 1
YLR146C 1 5
YLR146W-A 5 82
YLR147C 0 0
YLR148W 0 0
YLR149C 3 9
YLR149C-A 1 14
YLR150W 1 2
YLR151C 7 161
YLR152C 1 1
YLR153C 0 0
YLR154C 11 539
YLR154W-A 0 0
YLR154W-B 0 0
YLR154W-C 0 0
YLR154W-E 0 0
YLR154W-F 0 0
YLR154C-G 0 0
YLR154C-H 0 0
YLR155C 0 0
YLR156W 0 0
YLR156C-A 0 0
YLR157C 0 0
YLR157W-D 0 0
YLR157W-E 0 0
YLR157C-C 0 0
YLR158C 0 0
YLR159W 0 0
YLR159C-A 0 0
YLR160C 0 0
YLR161W 0 0
YLR162W 3 91
YLR162W-A 0 0
YLR163C 1 4
YLR163W-A 0 0
YLR164W 2 37
YLR165C 8 175
YLR166C 0 0
YLR167W 0 0
YLR168C 4 143
YLR169W 1 10
YLR170C 7 176
YLR171W 1 5
YLR172C 4 98
YLR173W 4 43
YLR174W 7 118
YLR175W 0 0
YLR176C 7 245
YLR177W 4 31
YLR178C 3 59
YLR179C 17 366
YLR180W 1 2
YLR181C 1 62
YLR182W 1 10
YLR183C 1 2
YLR184W 2 3
YLR185W 0 0
YLR186W 0 0
YLR187W 1 6
YLR188W 3 11
YLR189C 1 1
YLR190W 0 0
YLR191W 4 6
YLR192C 0 0
YLR193C 0 0
YLR194C 5 253
YLR195C 4 55
YLR196W 1 5
YLR197W 1 1
YLR198C 2 2
YLR199C 5 351
YLR200W 0 0
YLR201C 4 195
YLR202C 1 1
YLR203C 0 0
YLR204W 4 226
YLR205C 21 1842
YLR206W 2 16
YLR207W 0 0
YLR208W 1 1
YLR209C 4 38
YLR210W 1 90
YLR211C 1 94
YLR212C 1 2
YLR213C 2 39
YLR214W 7 30
YLR215C 0 0
YLR216C 6 91
YLR217W 2 15
YLR218C 3 23
YLR219W 3 47
YLR220W 3 107
YLR221C 1 5
YLR222C 0 0
YLR222C-A 4 35
YLR223C 0 0
YLR224W 2 19
YLR225C 2 32
YLR226W 2 55
YLR227C 3 11
YLR228C 0 0
YLR229C 0 0
YLR230W 0 0
YLR231C 5 115
YLR232W 0 0
YLR233C 4 32
YLR234W 0 0
YLR235C 25 1068
YLR236C 5 1193
YLR237W 5 43
YLR238W 4 170
YLR239C 3 27
YLR240W 1 1
YLR241W 1 19
YLR242C 1 1
YLR243W 1 12
YLR244C 0 0
YLR245C 5 18
YLR246W 2 8
YLR247C 2 8
YLR248W 7 666
YLR249W 0 0
YLR250W 2 53
YLR251W 2 26
YLR252W 1 7
YLR253W 4 113
YLR254C 2 32
YLR255C 3 269
YLR256W 1 4
YLR257W 1 3
YLR258W 1 21
YLR259C 1 10
YLR260W 0 0
YLR261C 0 0
YLR262C 2 21
YLR262C-A 5 47
YLR263W 0 0
YLR264W 1 16
YLR264C-A 8 443
YLR265C 7 604
YLR266C 12 772
YLR267W 0 0
YLR268W 1 22
YLR269C 0 0
YLR270W 3 27
YLR271W 4 407
YLR272C 0 0
YLR273C 0 0
YLR274W 0 0
YLR275W 1 2
YLR276C 0 0
YLR277C 0 0
YLR278C 7 330
YLR279W 8 1534
YLR280C 1 2
YLR281C 20 1267
YLR282C 1 1
YLR283W 3 77
YLR284C 0 0
YLR285W 1 3
YLR285C-A 6 227
YLR286C 0 0
YLR286W-A 2 33
YLR287C 1 6
YLR287C-A 1 1
YLR288C 6 233
YLR289W 6 91
YLR290C 3 39
YLR291C 1 1
YLR292C 4 136
YLR293C 0 0
YLR294C 0 0
YLR295C 0 0
YLR296W 4 339
YLR297W 5 32
YLR298C 3 22
YLR299W 0 0
YLR299C-A 9 120
YLR300W 3 39
YLR301W 5 53
YLR302C 2 11
YLR303W 9 298
YLR304C 1 42
YLR305C 1 24
YLR306W 1 3
YLR307W 0 0
YLR307C-A 0 0
YLR308W 0 0
YLR309C 0 0
YLR310C 1 3
YLR311C 7 279
YLR312C 6 93
YLR312W-A 4 35
YLR313C 2 3
YLR314C 4 37
YLR315W 0 0
YLR316C 2 22
YLR317W 0 0
YLR318W 3 14
YLR319C 0 0
YLR320W 0 0
YLR321C 0 0
YLR322W 0 0
YLR323C 1 19
YLR324W 4 25
YLR325C 2 161
YLR326W 7 196
YLR327C 1 35
YLR328W 7 344
YLR329W 0 0
YLR330W 5 130
YLR331C 0 0
YLR332W 1 18
YLR333C 2 44
YLR334C 4 414
YLR335W 4 281
YLR336C 0 0
YLR337C 0 0
YLR338W 0 0
YLR339C 0 0
YLR340W 0 0
YLR341W 0 0
YLR342W 0 0
YLR342W-A 0 0
YLR343W 0 0
YLR344W 1 2
YLR345W 5 111
YLR346C 2 31
YLR347C 0 0
YLR347W-A 0 0
YLR348C 14 479
YLR349W 3 105
YLR350W 3 548
YLR351C 5 236
YLR352W 4 1018
YLR353W 0 0
YLR354C 6 133
YLR355C 2 15
YLR356W 2 92
YLR357W 1 11
YLR358C 0 0
YLR359W 0 0
YLR360W 1 5
YLR361C 8 130
YLR361C-A 11 365
YLR362W 5 181
YLR363C 0 0
YLR363W-A 1 2
YLR364W 1 9
YLR365W 4 183
YLR364C-A 12 258
YLR366W 2 2
YLR367W 4 27
YLR368W 7 228
YLR369W 1 1
YLR370C 1 2
YLR371W 0 0
YLR372W 0 0
YLR373C 4 256
YLR374C 2 26
YLR375W 9 343
YLR376C 10 308
YLR377C 4 33
YLR378C 0 0
YLR379W 0 0
YLR380W 5 52
YLR381W 3 62
YLR382C 0 0
YLR383W 0 0
YLR384C 10 432
YLR385C 2 154
YLR386W 3 30
YLR387C 4 283
YLR388W 2 6
YLR389C 3 70
YLR390W 2 6
YLR390W-A 17 607
YLR392C 2 10
YLR393W 0 0
YLR394W 0 0
YLR395C 3 49
YLR396C 0 0
YLR397C 1 65
YLR398C 5 86
YLR399C 0 0
YLR399W-A 0 0
YLR400W 0 0
YLR401C 12 369
YLR402W 3 19
YLR403W 0 0
YLR404W 1 8
YLR405W 8 34
YLR406C 2 4
YLR406C-A 10 3698
YLR407W 5 218
YLR408C 16 801
YLR409C 1 9
YLR410W 4 118
YLR411W 4 29
YLR412W 4 51
YLR412C-A 1 1
YLR413W 2 5
YLR414C 5 102
YLR415C 2 20
YLR416C 4 47
YLR417W 4 47
YLR418C 0 0
YLR419W 0 0
YLR420W 2 28
YLR421C 11 952
YLR422W 0 0
YLR423C 0 0
YLR424W 0 0
YLR425W 7 568
YLR426W 1 32
YLR427W 1 3
YLR428C 4 39
YLR429W 15 1994
YLR430W 0 0
YLR431C 0 0
YLR432W 2 16
YLR433C 0 0
YLR434C 0 0
YLR435W 0 0
YLR436C 3 20
YLR437C 7 148
YLR437C-A 7 155
YLR438W 7 293
YLR438C-A 1 72
YLR439W 0 0
YLR440C 0 0
YLR441C 3 7
YLR442C 2 67
YLR443W 2 105
YLR444C 2 13
YLR445W 0 0
YLR446W 4 175
YLR447C 3 9
YLR448W 1 6
YLR449W 2 15
YLR450W 2 7
YLR451W 0 0
YLR452C 8 207
YLR453C 11 154
YLR454W 10 435
YLR455W 0 0
YLR456W 6 41
YLR457C 3 4
YLR458W 4 34
YLR459W 0 0
YLR460C 2 213
YLR461W 0 0
YLR462W 0 0
YLR463C 0 0
YLR464W 0 0
YLR465C 0 0
YLR466W 0 0
YLR466C-A 0 0
YLR466C-B 0 0
YLR467W 0 0
YLR467C-A 0 0
YML133C 0 0
YML133W-B 0 0
YML133W-A 0 0
YML132W 0 0
YML131W 5 214
YML130C 1 3
YML129C 2 26
YML128C 0 0
YML127W 0 0
YML126C 8 149
YML125C 1 17
YML124C 6 31
YML123C 1 26
YML122C 2 26
YML121W 0 0
YML120C 11 694
YML119W 2 13
YML118W 0 0
YML117W 4 158
YML116W-A 2 9
YML116W 0 0
YML115C 1 4
YML114C 1 2
YML113W 6 127
YML112W 1 28
YML111W 0 0
YML110C 3 29
YML109W 1 9
YML108W 1 43
YML107C 0 0
YML106W 0 0
YML105C 0 0
YML104C 0 0
YML103C 2 35
YML102W 3 65
YML101C-A 18 303
YML101C 16 1249
YML100W-A 16 498
YML100W 5 41
YML099W-A 3 79
YML099C 6 113
YML098W 0 0
YML097C 5 134
YML096W 4 283
YML095C 1 1
YML094C-A 1 1
YML094W 0 0
YML093W 1 6
YML092C 0 0
YML091C 0 0
YML090W 0 0
YML089C 15 1022
YML088W 13 260
YML087C 9 243
YML086C 3 92
YML085C 1 6
YML084W 1 6
YML083C 1 1
YML082W 12 1287
YML081C-A 1 5
YML081W 0 0
YML080W 4 227
YML079W 6 97
YML078W 2 144
YML077W 2 22
YML076C 16 413
YML075C 0 0
YML074C 4 458
YML073C 1 18
YML072C 4 68
YML071C 4 166
YML070W 1 4
YML069W 1 6
YML068W 1 9
YML067C 1 1
YML066C 0 0
YML065W 0 0
YML064C 0 0
YML063W 1 18
YML062C 0 0
YML061C 0 0
YML060W 2 9
YML059C 1 5
YML058W-A 7 209
YML058W 10 284
YML057C-A 1 4
YML057W 1 2
YML056C 0 0
YML055W 4 134
YML054C 4 120
YML054C-A 21 1861
YML053C 2 175
YML052W 4 55
YML051W 8 179
YML050W 11 802
YML049C 0 0
YML048W 0 0
YML047W-A 0 0
YML047C 0 0
YML046W 0 0
YML043C 0 0
YML042W 11 92
YML041C 9 70
YML038C 3 39
YML037C 0 0
YML036W 1 27
YML035C 0 0
YML034C-A 0 0
YML034W 1 1
YML032C 0 0
YML031C-A 0 0
YML031W 2 2
YML030W 2 16
YML029W 1 67
YML028W 11 128
YML027W 7 87
YML026C 1 83
YML025C 4 81
YML024W 1 9
YML023C 0 0
YML022W 0 0
YML021C 16 453
YML020W 1 1
YML019W 1 22
YML018C 1 9
YML017W 1 1
YML016C 0 0
YML015C 0 0
YML014W 3 38
YML013W 6 84
YML012C-A 4 361
YML012W 5 54
YML011C 8 100
YML010W 0 0
YML009W-B 0 0
YML009C-A 10 259
YML009C 12 909
YML008C 1 3
YML007C-A 7 24
YML007W 3 19
YML006C 0 0
YML005W 8 114
YML004C 11 357
YML003W 3 88
YML002W 2 7
YML001W 0 0
YMR001C 1 9
YMR001C-A 3 41
YMR002W 8 153
YMR003W 1 1
YMR004W 4 147
YMR005W 0 0
YMR006C 1 9
YMR007W 5 178
YMR008C 2 27
YMR009W 5 157
YMR010W 0 0
YMR011W 3 333
YMR012W 1 8
YMR013C 0 0
YMR013C-A 1 13
YMR013W-A 1 2
YMR014W 1 13
YMR015C 3 108
YMR016C 1 5
YMR017W 3 233
YMR018W 3 150
YMR019W 7 57
YMR020W 1 1
YMR021C 0 0
YMR022W 5 67
YMR023C 0 0
YMR024W 1 29
YMR025W 1 64
YMR026C 0 0
YMR027W 1 4
YMR028W 0 0
YMR029C 7 81
YMR030W 3 223
YMR031C 0 0
YMR031W-A 1 4
YMR032W 0 0
YMR030W-A 0 0
YMR033W 0 0
YMR034C 1 21
YMR035W 2 37
YMR036C 1 1
YMR037C 4 13
YMR038C 5 31
YMR039C 5 625
YMR040W 2 13
YMR041C 5 92
YMR042W 9 461
YMR043W 0 0
YMR044W 3 258
YMR046W-A 0 0
YMR047C 2 10
YMR048W 4 17
YMR049C 0 0
YMR052W 3 19
YMR052C-A 1 72
YMR053C 1 1
YMR054W 7 375
YMR055C 1 4
YMR056C 7 43
YMR057C 1 22
YMR058W 1 22
YMR059W 0 0
YMR060C 1 1
YMR061W 0 0
YMR062C 2 17
YMR063W 9 1113
YMR064W 1 7
YMR065W 0 0
YMR066W 7 74
YMR067C 1 20
YMR068W 7 172
YMR069W 9 585
YMR070W 1 4
YMR071C 3 21
YMR072W 5 16
YMR073C 2 671
YMR074C 4 139
YMR075W 1 1
YMR075C-A 5 13
YMR076C 0 0
YMR077C 2 4
YMR078C 5 53
YMR079W 1 7
YMR080C 0 0
YMR081C 2 9
YMR082C 2 54
YMR083W 8 113
YMR084W 2 25
YMR085W 0 0
YMR086W 4 53
YMR086C-A 11 1196
YMR087W 8 812
YMR088C 1 5
YMR089C 0 0
YMR090W 0 0
YMR091C 0 0
YMR092C 1 1
YMR093W 0 0
YMR094W 0 0
YMR095C 2 7
YMR096W 2 100
YMR097C 1 9
YMR098C 1 2
YMR099C 8 95
YMR100W 2 18
YMR101C 1 4
YMR102C 0 0
YMR103C 21 4391
YMR104C 0 0
YMR105C 1 27
YMR105W-A 7 203
YMR106C 4 39
YMR107W 4 43
YMR108W 1 6
YMR109W 4 75
YMR110C 11 628
YMR111C 2 88
YMR112C 0 0
YMR113W 1 1
YMR114C 4 31
YMR115W 2 92
YMR116C 1 14
YMR117C 0 0
YMR118C 2 22
YMR119W 0 0
YMR119W-A 1 3
YMR120C 6 144
YMR121C 7 132
YMR122C 8 155
YMR122W-A 6 215
YMR123W 0 0
YMR124W 1 13
YMR125W 0 0
YMR126C 0 0
YMR127C 0 0
YMR128W 1 2
YMR129W 1 31
YMR130W 2 10
YMR131C 0 0
YMR132C 4 68
YMR133W 0 0
YMR134W 0 0
YMR135C 16 1387
YMR135W-A 5 339
YMR136W 5 120
YMR137C 3 58
YMR138W 3 53
YMR139W 10 423
YMR140W 0 0
YMR141C 5 70
YMR142C 0 0
YMR141W-A 0 0
YMR143W 0 0
YMR144W 0 0
YMR145C 0 0
YMR146C 0 0
YMR147W 6 726
YMR148W 3 12
YMR149W 2 3
YMR150C 3 51
YMR151W 1 1
YMR152W 3 9
YMR153W 5 102
YMR153C-A 2 186
YMR154C 8 307
YMR155W 13 301
YMR156C 2 9
YMR157C 3 184
YMR158W 1 2
YMR158C-A 2 9
YMR158W-B 2 11
YMR159C 5 67
YMR160W 3 58
YMR161W 10 204
YMR162C 4 196
YMR163C 1 11
YMR164C 0 0
YMR165C 0 0
YMR166C 0 0
YMR167W 5 43
YMR168C 0 0
YMR169C 1 6
YMR170C 5 43
YMR171C 1 177
YMR172W 0 0
YMR172C-A 1 4
YMR173W 3 105
YMR173W-A 0 0
YMR174C 1 11
YMR175W 6 81
YMR175W-A 2 20
YMR176W 3 40
YMR177W 1 3
YMR178W 4 286
YMR179W 0 0
YMR180C 3 74
YMR181C 0 0
YMR182C 2 8
YMR182W-A 10 668
YMR183C 0 0
YMR184W 4 38
YMR185W 2 18
YMR186W 1 7
YMR187C 6 883
YMR188C 0 0
YMR189W 7 185
YMR190C 3 13
YMR191W 10 425
YMR192W 6 146
YMR193W 1 1
YMR193C-A 2 7
YMR194W 3 34
YMR194C-B 11 900
YMR194C-A 18 1814
YMR195W 4 129
YMR196W 3 4
YMR197C 0 0
YMR198W 1 3
YMR199W 1 4
YMR200W 2 22
YMR201C 6 24
YMR202W 5 26
YMR203W 1 3
YMR204C 1 5
YMR205C 0 0
YMR206W 12 300
YMR207C 1 6
YMR208W 1 1
YMR209C 3 20
YMR210W 5 33
YMR211W 0 0
YMR212C 0 0
YMR213W 1 1
YMR214W 15 707
YMR215W 1 8
YMR216C 10 655
YMR217W 0 0
YMR218C 0 0
YMR219W 3 28
YMR220W 1 8
YMR221C 3 192
YMR222C 1 8
YMR223W 0 0
YMR224C 2 83
YMR225C 9 61
YMR226C 5 72
YMR227C 0 0
YMR228W 0 0
YMR229C 0 0
YMR230W 5 25
YMR230W-A 0 0
YMR231W 3 21
YMR232W 1 23
YMR233W 0 0
YMR234W 1 13
YMR235C 0 0
YMR236W 1 1
YMR237W 4 12
YMR238W 0 0
YMR239C 1 13
YMR240C 2 23
YMR241W 6 187
YMR242C 0 0
YMR242W-A 0 0
YMR243C 0 0
YMR244W 1 77
YMR244C-A 18 680
YMR245W 2 146
YMR246W 7 613
YMR247C 3 28
YMR247W-A 0 0
YMR250W 0 0
YMR251W 0 0
YMR251W-A 0 0
YMR252C 12 912
YMR253C 6 78
YMR254C 3 30
YMR255W 6 237
YMR256C 2 4
YMR257C 1 1
YMR258C 5 142
YMR259C 6 508
YMR260C 0 0
YMR261C 2 5
YMR262W 0 0
YMR263W 1 20
YMR264W 7 100
YMR265C 9 209
YMR266W 4 57
YMR267W 0 0
YMR268C 0 0
YMR269W 2 113
YMR270C 0 0
YMR271C 3 35
YMR272C 5 44
YMR272W-A 4 876
YMR272W-B 1 4
YMR273C 1 8
YMR274C 1 19
YMR275C 1 1
YMR276W 3 68
YMR277W 1 1
YMR278W 2 4
YMR279C 3 154
YMR280C 1 31
YMR281W 0 0
YMR282C 2 13
YMR283C 5 17
YMR284W 6 240
YMR285C 1 25
YMR286W 0 0
YMR287C 1 9
YMR288W 0 0
YMR289W 6 164
YMR290C 0 0
YMR290W-A 0 0
YMR291W 2 111
YMR292W 5 43
YMR293C 6 30
YMR294W 5 23
YMR294W-A 7 415
YMR295C 2 62
YMR296C 2 2
YMR297W 0 0
YMR298W 0 0
YMR299C 2 16
YMR300C 1 1
YMR301C 2 22
YMR302C 3 29
YMR303C 2 22
YMR304W 1 2
YMR304C-A 0 0
YMR305C 1 3
YMR306W 1 9
YMR306C-A 1 3
YMR307W 0 0
YMR307C-A 1 2
YMR308C 1 10
YMR309C 2 29
YMR310C 3 66
YMR311C 5 183
YMR312W 1 17
YMR313C 9 353
YMR314W 1 6
YMR315W 2 40
YMR315W-A 6 44
YMR316W 1 1
YMR316C-A 5 318
YMR316C-B 0 0
YMR317W 1 1
YMR318C 5 476
YMR319C 0 0
YMR320W 4 57
YMR321C 4 132
YMR322C 0 0
YMR323W 0 0
YMR324C 0 0
YMR325W 1 13
YMR326C 14 2034
YNL339C 0 0
YNL339W-B 0 0
YNL339W-A 0 0
YNL338W 0 0
YNL337W 6 47
YNL336W 0 0
YNL335W 0 0
YNL334C 0 0
YNL333W 0 0
YNL332W 0 0
YNL331C 1 1
YNL330C 1 1
YNL329C 10 530
YNL328C 14 492
YNL327W 0 0
YNL326C 4 17
YNL325C 3 255
YNL324W 2 2
YNL323W 0 0
YNL322C 5 182
YNL321W 13 661
YNL320W 6 222
YNL319W 0 0
YNL318C 0 0
YNL317W 0 0
YNL316C 4 24
YNL315C 2 32
YNL314W 1 3
YNL313C 0 0
YNL312W 0 0
YNL311C 8 154
YNL310C 1 4
YNL309W 4 119
YNL308C 0 0
YNL307C 0 0
YNL306W 2 191
YNL305C 1 1
YNL304W 6 200
YNL303W 5 46
YNL302C 0 0
YNL301C 0 0
YNL300W 1 1
YNL299W 2 26
YNL298W 0 0
YNL297C 4 668
YNL296W 0 0
YNL295W 2 13
YNL294C 3 17
YNL293W 7 198
YNL292W 3 513
YNL291C 0 0
YNL290W 0 0
YNL289W 1 15
YNL288W 7 326
YNL287W 0 0
YNL286W 2 6
YNL285W 5 39
YNL284C 1 1
YNL283C 0 0
YNL282W 0 0
YNL281W 1 10
YNL280C 0 0
YNL279W 3 18
YNL278W 3 16
YNL277W-A 8 60
YNL277W 1 2
YNL276C 1 1
YNL275W 6 50
YNL274C 0 0
YNL273W 3 474
YNL272C 0 0
YNL271C 0 0
YNL270C 3 67
YNL269W 0 0
YNL268W 7 135
YNL267W 1 13
YNL266W 1 16
YNL265C 6 491
YNL264C 3 29
YNL263C 1 2
YNL262W 0 0
YNL261W 0 0
YNL260C 4 111
YNL259C 5 128
YNL258C 1 5
YNL257C 0 0
YNL256W 0 0
YNL255C 7 68
YNL254C 7 66
YNL253W 11 161
YNL252C 0 0
YNL251C 1 6
YNL250W 3 5
YNL249C 1 10
YNL248C 0 0
YNL247W 0 0
YNL246W 1 5
YNL245C 2 24
YNL244C 0 0
YNL243W 0 0
YNL242W 0 0
YNL241C 4 21
YNL240C 2 4
YNL239W 6 244
YNL238W 0 0
YNL237W 3 25
YNL236W 0 0
YNL235C 5 134
YNL234W 2 5
YNL233W 1 1
YNL232W 0 0
YNL231C 3 22
YNL230C 1 6
YNL229C 2 4
YNL228W 13 2466
YNL227C 0 0
YNL226W 0 0
YNL225C 0 0
YNL224C 0 0
YNL223W 8 179
YNL222W 1 77
YNL221C 0 0
YNL220W 0 0
YNL219C 0 0
YNL218W 10 482
YNL217W 11 510
YNL216W 0 0
YNL215W 0 0
YNL214W 4 10
YNL213C 1 2
YNL212W 1 1
YNL211C 2 66
YNL210W 1 1
YNL209W 8 520
YNL208W 3 18
YNL207W 0 0
YNL206C 3 14
YNL205C 0 0
YNL204C 0 0
YNL203C 3 261
YNL202W 1 2
YNL201C 0 0
YNL200C 0 0
YNL199C 0 0
YNL198C 2 8
YNL197C 0 0
YNL196C 2 5
YNL195C 0 0
YNL194C 1 1
YNL193W 7 950
YNL192W 2 2
YNL191W 5 38
YNL190W 2 11
YNL189W 0 0
YNL188W 1 2
YNL187W 2 10
YNL186W 1 1
YNL185C 0 0
YNL184C 1 1
YNL183C 2 114
YNL182C 1 1
YNL181W 0 0
YNL180C 4 236
YNL179C 7 128
YNL178W 1 2
YNL177C 4 114
YNL176C 1 1
YNL175C 5 128
YNL174W 0 0
YNL173C 0 0
YNL172W 0 0
YNL171C 2 19
YNL170W 0 0
YNL169C 1 1
YNL168C 2 134
YNL167C 1 27
YNL166C 3 104
YNL165W 0 0
YNL164C 0 0
YNL163C 0 0
YNL162W-A 0 0
YNL162W 2 30
YNL161W 2 5
YNL160W 2 25
YNL159C 4 65
YNL158W 2 5
YNL157W 7 263
YNL156C 1 52
YNL155W 1 1
YNL154C 5 71
YNL153C 7 76
YNL152W 0 0
YNL151C 0 0
YNL150W 1 1
YNL149C 2 3
YNL148C 3 24
YNL147W 3 61
YNL146C-A 4 60
YNL146W 2 11
YNL145W 3 5
YNL144C 3 38
YNL144W-A 0 0
YNL143C 4 20
YNL142W 3 86
YNL141W 3 184
YNL140C 1 26
YNL139C 0 0
YNL138W-A 0 0
YNL138W 0 0
YNL137C 0 0
YNL136W 1 12
YNL135C 4 125
YNL134C 5 290
YNL133C 9 392
YNL132W 0 0
YNL131W 0 0
YNL130C 5 230
YNL130C-A 4 673
YNL129W 4 673
YNL128W 1 14
YNL127W 0 0
YNL126W 1 25
YNL125C 8 468
YNL124W 1 1
YNL123W 9 130
YNL122C 12 312
YNL121C 5 389
YNL120C 0 0
YNL119W 0 0
YNL118C 0 0
YNL117W 0 0
YNL116W 2 19
YNL115C 3 26
YNL114C 0 0
YNL113W 0 0
YNL112W 0 0
YNL111C 0 0
YNL110C 0 0
YNL109W 2 4
YNL108C 2 3
YNL107W 3 84
YNL106C 1 69
YNL105W 2 11
YNL104C 10 401
YNL103W-A 3 15
YNL103W 0 0
YNL102W 0 0
YNL101W 3 4
YNL100W 3 100
YNL099C 1 2
YNL098C 0 0
YNL097C-B 1 6
YNL097C 0 0
YNL097W-A 2 30
YNL096C 0 0
YNL095C 2 34
YNL094W 1 1
YNL093W 1 7
YNL092W 1 6
YNL091W 0 0
YNL090W 3 124
YNL089C 0 0
YNL088W 0 0
YNL087W 0 0
YNL086W 0 0
YNL085W 0 0
YNL084C 1 9
YNL083W 1 5
YNL082W 2 9
YNL081C 0 0
YNL080C 0 0
YNL079C 2 27
YNL078W 2 8
YNL077W 0 0
YNL076W 0 0
YNL075W 1 5
YNL074C 1 45
YNL073W 3 9
YNL072W 4 42
YNL071W 0 0
YNL070W 5 210
YNL069C 1 1
YNL068C 6 88
YNL067W-A 3 23
YNL067W-B 9 181
YNL067W 0 0
YNL066W 3 194
YNL065W 1 21
YNL064C 0 0
YNL063W 5 48
YNL062C 0 0
YNL061W 0 0
YNL059C 0 0
YNL058C 3 138
YNL057W 0 0
YNL056W 6 300
YNL055C 7 108
YNL054W 0 0
YNL053W 1 4
YNL052W 9 145
YNL051W 4 220
YNL050C 1 103
YNL049C 0 0
YNL048W 1 12
YNL047C 6 65
YNL046W 1 28
YNL045W 7 125
YNL044W 0 0
YNL043C 2 38
YNL042W-B 3 369
YNL042W 0 0
YNL041C 3 60
YNL040W 6 317
YNL039W 2 11
YNL038W 4 21
YNL037C 0 0
YNL036W 1 17
YNL035C 6 323
YNL034W 0 0
YNL033W 0 0
YNL032W 0 0
YNL031C 1 39
YNL030W 1 33
YNL029C 6 125
YNL028W 1 4
YNL027W 0 0
YNL026W 1 2
YNL025C 2 100
YNL024C-A 2 9
YNL024C 7 60
YNL023C 1 4
YNL022C 2 6
YNL021W 0 0
YNL020C 1 6
YNL019C 0 0
YNL018C 0 0
YNL017C 8 324
YNL016W 0 0
YNL015W 1 1
YNL014W 0 0
YNL013C 0 0
YNL012W 0 0
YNL011C 0 0
YNL010W 1 24
YNL009W 0 0
YNL008C 7 246
YNL007C 0 0
YNL006W 1 4
YNL005C 0 0
YNL004W 2 29
YNL003C 1 3
YNL002C 0 0
YNL001W 1 4
YNR001C 0 0
YNR001W-A 2 2
YNR002C 5 25
YNR003C 0 0
YNR003W-A 6 451
YNR004W 1 26
YNR005C 0 0
YNR006W 0 0
YNR007C 2 32
YNR008W 1 7
YNR009W 6 132
YNR010W 3 77
YNR011C 2 76
YNR012W 1 1
YNR013C 1 1
YNR014W 19 1392
YNR015W 4 149
YNR016C 0 0
YNR017W 2 52
YNR018W 12 293
YNR019W 5 53
YNR020C 4 195
YNR021W 2 61
YNR022C 0 0
YNR023W 2 11
YNR024W 2 108
YNR025C 0 0
YNR026C 1 5
YNR027W 6 143
YNR028W 1 2
YNR029C 1 2
YNR030W 0 0
YNR031C 1 51
YNR032W 0 0
YNR032C-A 3 17
YNR033W 2 51
YNR034W 0 0
YNR034W-A 5 81
YNR035C 0 0
YNR036C 1 258
YNR037C 3 19
YNR038W 0 0
YNR039C 3 15
YNR040W 4 44
YNR041C 0 0
YNR042W 1 1
YNR043W 0 0
YNR044W 0 0
YNR045W 1 4
YNR046W 1 4
YNR047W 7 187
YNR048W 2 28
YNR049C 2 89
YNR050C 1 3
YNR051C 0 0
YNR052C 0 0
YNR053C 1 33
YNR054C 1 8
YNR055C 1 6
YNR056C 1 2
YNR057C 0 0
YNR058W 4 86
YNR059W 2 16
YNR060W 0 0
YNR061C 2 2
YNR062C 4 22
YNR063W 0 0
YNR064C 4 41
YNR065C 1 1
YNR066C 12 98
YNR067C 0 0
YNR068C 1 5
YNR069C 2 4
YNR070W 2 5
YNR071C 3 23
YNR072W 0 0
YNR073C 1 12
YNR074C 0 0
YNR075W 5 57
YNR075C-A 0 0
YNR076W 0 0
YNR077C 21 1988
YOL166W-A 7 495
YOL166C 0 0
YOL165C 0 0
YOL164W-A 1 1
YOL164W 1 1
YOL163W 3 28
YOL162W 3 119
YOL161C 1 19
YOL160W 0 0
YOL159C-A 3 7
YOL159C 5 120
YOL158C 2 3
YOL157C 0 0
YOL156W 0 0
YOL155W-A 5 15
YOL155C 1 1
YOL154W 1 26
YOL152W 2 11
YOL151W 2 366
YOL150C 0 0
YOL149W 0 0
YOL148C 0 0
YOL147C 3 3
YOL146W 0 0
YOL145C 1 198
YOL144W 0 0
YOL143C 0 0
YOL142W 1 2
YOL141W 2 2
YOL140W 6 277
YOL139C 0 0
YOL138C 3 22
YOL137W 2 2
YOL136C 0 0
YOL135C 2 7
YOL134C 0 0
YOL133W 3 20
YOL132W 3 54
YOL131W 2 6
YOL130W 0 0
YOL129W 8 419
YOL128C 12 1002
YOL127W 0 0
YOL126C 7 96
YOL125W 4 32
YOL124C 18 937
YOL123W 0 0
YOL122C 2 108
YOL121C 4 53
YOL120C 0 0
YOL119C 2 8
YOL118C 6 257
YOL117W 3 185
YOL116W 0 0
YOL115W 0 0
YOL114C 2 2
YOL113W 1 8
YOL112W 1 1
YOL111C 1 31
YOL110W 7 286
YOL109W 4 15
YOL108C 11 516
YOL107W 10 342
YOL106W 2 65
YOL105C 0 0
YOL104C 1 85
YOL103W 0 0
YOL102C 2 15
YOL101C 6 89
YOL100W 0 0
YOL099C 1 1
YOL098C 0 0
YOL097W-A 0 0
YOL097C 0 0
YOL096C 1 6
YOL095C 0 0
YOL094C 1 12
YOL093W 4 60
YOL092W 11 371
YOL091W 1 1
YOL090W 0 0
YOL089C 1 5
YOL088C 3 36
YOL087C 0 0
YOL086W-A 7 132
YOL086C 1 1
YOL085W-A 3 34
YOL085C 6 198
YOL084W 0 0
YOL083W 4 305
YOL083C-A 1 3
YOL082W 1 9
YOL081W 1 33
YOL080C 1 4
YOL079W 1 16
YOL078W 0 0
YOL077W-A 3 149
YOL077C 0 0
YOL076W 0 0
YOL075C 3 13
YOL073C 4 93
YOL072W 1 4
YOL071W 2 16
YOL070C 3 180
YOL069W 1 2
YOL068C 6 90
YOL067C 4 77
YOL066C 0 0
YOL065C 2 16
YOL064C 1 9
YOL063C 2 13
YOL062C 13 1144
YOL061W 3 40
YOL060C 1 5
YOL059W 1 43
YOL058W 9 252
YOL057W 7 537
YOL056W 1 38
YOL055C 1 7
YOL054W 1 12
YOL053W 1 20
YOL052C-A 0 0
YOL052C 4 76
YOL051W 1 3
YOL050C 5 36
YOL049W 9 791
YOL048C 2 56
YOL047C 2 35
YOL046C 0 0
YOL045W 0 0
YOL044W 1 27
YOL043C 2 10
YOL042W 2 160
YOL041C 2 10
YOL040C 1 16
YOL039W 3 36
YOL038C-A 1 2
YOL038W 0 0
YOL037C 0 0
YOL036W 1 6
YOL035C 1 1
YOL034W 0 0
YOL033W 0 0
YOL032W 0 0
YOL031C 0 0
YOL030W 1 3
YOL029C 3 39
YOL028C 4 29
YOL027C 2 27
YOL026C 1 9
YOL025W 4 164
YOL024W 4 36
YOL023W 1 1
YOL022C 0 0
YOL021C 2 78
YOL020W 4 123
YOL019W-A 6 49
YOL019W 0 0
YOL018C 2 12
YOL017W 0 0
YOL016C 1 3
YOL015W 0 0
YOL014W 0 0
YOL013W-B 0 0
YOL013W-A 2 48
YOL013C 0 0
YOL012C 2 5
YOL011W 0 0
YOL010W 0 0
YOL009C 2 3
YOL008W 1 2
YOL007C 0 0
YOL006C 0 0
YOL005C 1 2
YOL004W 0 0
YOL003C 15 1431
YOL002C 2 23
YOL001W 2 9
YOR001W 1 107
YOR002W 0 0
YOR003W 1 4
YOR004W 0 0
YOR005C 5 35
YOR006C 3 64
YOR007C 2 41
YOR008C 0 0
YOR008C-A 2 248
YOR008W-B 2 18
YOR009W 0 0
YOR010C 0 0
YOR011W 4 29
YOR011W-A 0 0
YOR012W 1 102
YOR013W 2 19
YOR014W 2 4
YOR015W 0 0
YOR016C 1 2
YOR017W 4 10
YOR018W 1 1
YOR019W 0 0
YOR020C 0 0
YOR020W-A 1 3
YOR021C 1 8
YOR022C 0 0
YOR023C 5 112
YOR024W 7 101
YOR025W 5 8
YOR026W 3 10
YOR027W 1 127
YOR028C 2 4
YOR029W 4 37
YOR030W 0 0
YOR031W 8 68
YOR032C 4 9
YOR032W-A 6 31
YOR033C 2 259
YOR034C 3 106
YOR034C-A 0 0
YOR035C 2 14
YOR036W 0 0
YOR037W 1 2
YOR038C 0 0
YOR039W 0 0
YOR040W 4 50
YOR041C 4 535
YOR042W 2 59
YOR043W 0 0
YOR044W 1 3
YOR045W 6 86
YOR046C 0 0
YOR047C 1 2
YOR048C 1 1
YOR049C 0 0
YOR050C 4 147
YOR051C 1 48
YOR052C 1 2
YOR053W 1 195
YOR054C 2 6
YOR055W 2 145
YOR056C 1 5
YOR057W 0 0
YOR058C 0 0
YOR059C 6 176
YOR060C 0 0
YOR061W 0 0
YOR062C 3 13
YOR063W 1 3
YOR064C 20 2361
YOR065W 0 0
YOR066W 5 81
YOR067C 1 3
YOR069W 0 0
YOR068C 2 10
YOR070C 1 1
YOR071C 1 13
YOR072W 2 17
YOR072W-A 2 11
YOR072W-B 1 1
YOR073W 2 8
YOR074C 0 0
YOR073W-A 1 7
YOR075W 1 10
YOR076C 5 278
YOR077W 1 28
YOR078W 1 5
YOR079C 0 0
YOR080W 0 0
YOR081C 0 0
YOR082C 3 41
YOR083W 2 34
YOR084W 7 281
YOR085W 2 11
YOR086C 1 40
YOR087W 2 30
YOR089C 0 0
YOR090C 2 2
YOR091W 0 0
YOR092W 3 19
YOR093C 0 0
YOR094W 0 0
YOR095C 1 7
YOR096W 1 1
YOR097C 1 8
YOR098C 0 0
YOR099W 1 2
YOR100C 7 1926
YOR101W 0 0
YOR102W 11 514
YOR103C 0 0
YOR104W 2 3
YOR105W 0 0
YOR106W 1 1
YOR107W 0 0
YOR108W 1 2
YOR108C-A 2 82
YOR109W 0 0
YOR110W 0 0
YOR111W 1 3
YOR112W 2 39
YOR113W 0 0
YOR114W 3 48
YOR115C 4 135
YOR116C 0 0
YOR117W 0 0
YOR118W 0 0
YOR119C 1 2
YOR120W 3 43
YOR121C 4 30
YOR122C 1 19
YOR123C 0 0
YOR124C 1 15
YOR125C 0 0
YOR126C 13 2103
YOR127W 0 0
YOR128C 0 0
YOR129C 2 45
YOR130C 2 5
YOR131C 1 13
YOR132W 1 2
YOR133W 2 73
YOR134W 5 21
YOR135C 1 13
YOR136W 0 0
YOR137C 1 1
YOR138C 5 378
YOR139C 0 0
YOR140W 0 0
YOR141C 1 4
YOR142W 2 36
YOR143C 0 0
YOR144C 3 11
YOR145C 1 2
YOR146W 0 0
YOR147W 4 175
YOR148C 4 37
YOR149C 1 13
YOR150W 1 30
YOR151C 0 0
YOR152C 2 3
YOR153W 1 6
YOR154W 3 62
YOR155C 4 510
YOR156C 0 0
YOR157C 0 0
YOR158W 2 71
YOR159C 0 0
YOR160W 2 94
YOR161C 7 249
YOR161W-A 3 77
YOR161W-B 3 16
YOR161C-C 8 486
YOR162C 6 42
YOR163W 8 154
YOR164C 2 37
YOR165W 2 23
YOR166C 6 151
YOR167C 2 18
YOR168W 1 3
YOR169C 2 19
YOR170W 2 41
YOR171C 0 0
YOR172W 6 522
YOR173W 2 114
YOR174W 0 0
YOR175C 3 10
YOR176W 0 0
YOR177C 2 76
YOR178C 5 112
YOR179C 8 756
YOR180C 1 1
YOR181W 0 0
YOR182C 0 0
YOR183W 0 0
YOR184W 0 0
YOR185C 1 1
YOR186W 4 23
YOR186C-A 4 530
YOR187W 1 65
YOR188W 3 14
YOR189W 0 0
YOR190W 1 7
YOR191W 0 0
YOR192C 0 0
YOR192C-C 0 0
YOR193W 3 10
YOR194C 1 5
YOR195W 0 0
YOR196C 6 35
YOR197W 9 309
YOR198C 3 11
YOR199W 2 7
YOR200W 8 600
YOR201C 2 29
YOR202W 2 96
YOR203W 3 16
YOR204W 1 11
YOR205C 6 55
YOR206W 0 0
YOR207C 1 1
YOR208W 6 87
YOR209C 0 0
YOR210W 0 0
YOR211C 0 0
YOR212W 5 435
YOR213C 2 3
YOR214C 1 10
YOR215C 2 6
YOR216C 4 145
YOR217W 2 15
YOR218C 1 18
YOR219C 1 15
YOR220W 6 423
YOR221C 1 16
YOR222W 1 78
YOR223W 10 146
YOR224C 0 0
YOR225W 0 0
YOR226C 10 422
YOR227W 3 15
YOR228C 1 3
YOR229W 6 257
YOR230W 0 0
YOR231W 2 9
YOR231C-A 2 59
YOR232W 2 7
YOR233W 0 0
YOR234C 2 54
YOR235W 2 21
YOR236W 0 0
YOR237W 2 27
YOR238W 1 9
YOR239W 5 32
YOR241W 1 2
YOR242C 2 3
YOR243C 5 43
YOR244W 0 0
YOR245C 5 445
YOR246C 1 10
YOR247W 0 0
YOR248W 1 38
YOR249C 1 5
YOR250C 0 0
YOR251C 9 510
YOR252W 4 14
YOR253W 2 74
YOR254C 1 101
YOR255W 4 12
YOR256C 2 6
YOR257W 0 0
YOR258W 1 2
YOR259C 0 0
YOR260W 0 0
YOR261C 0 0
YOR262W 0 0
YOR263C 0 0
YOR264W 0 0
YOR265W 7 126
YOR266W 1 1
YOR267C 3 5
YOR268C 4 159
YOR269W 5 415
YOR270C 0 0
YOR271C 11 877
YOR272W 0 0
YOR273C 18 876
YOR274W 7 177
YOR275C 11 506
YOR276W 10 427
YOR277C 4 119
YOR278W 2 36
YOR279C 0 0
YOR280C 10 194
YOR281C 1 1
YOR282W 1 5
YOR283W 3 26
YOR284W 6 268
YOR285W 11 2148
YOR286W 9 284
YOR287C 0 0
YOR288C 3 3
YOR289W 6 104
YOR290C 0 0
YOR291W 1 19
YOR292C 11 532
YOR293W 0 0
YOR293C-A 2 8
YOR294W 0 0
YOR295W 0 0
YOR296W 5 182
YOR297C 15 3000
YOR298W 2 189
YOR298C-A 3 70
YOR299W 0 0
YOR300W 1 9
YOR301W 6 398
YOR302W 7 121
YOR303W 2 117
YOR304W 1 23
YOR304C-A 5 13
YOR305W 1 4
YOR306C 2 5
YOR307C 0 0
YOR308C 0 0
YOR309C 0 0
YOR310C 0 0
YOR311C 8 396
YOR312C 0 0
YOR313C 2 19
YOR314W 2 10
YOR314W-A 20 1330
YOR315W 3 24
YOR316C 1 20
YOR316C-A 8 101
YOR317W 7 149
YOR318C 3 157
YOR319W 1 1
YOR320C 5 18
YOR321W 5 519
YOR322C 0 0
YOR323C 1 7
YOR324C 5 227
YOR325W 5 108
YOR326W 0 0
YOR327C 2 23
YOR328W 1 16
YOR329C 1 2
YOR329W-A 0 0
YOR330C 7 579
YOR331C 0 0
YOR332W 0 0
YOR333C 0 0
YOR334W 2 11
YOR335C 0 0
YOR335W-A 0 0
YOR336W 9 771
YOR337W 8 148
YOR338W 1 12
YOR339C 0 0
YOR340C 0 0
YOR341W 0 0
YOR342C 7 371
YOR343C 26 2024
YOR344C 0 0
YOR345C 3 131
YOR346W 1 3
YOR347C 1 1
YOR348C 7 372
YOR349W 15 287
YOR350C 2 44
YOR351C 0 0
YOR352W 0 0
YOR353C 0 0
YOR354C 13 1063
YOR355W 0 0
YOR356W 6 13
YOR357C 14 876
YOR358W 0 0
YOR359W 2 2
YOR360C 3 25
YOR361C 6 428
YOR362C 0 0
YOR363C 2 7
YOR364W 8 135
YOR365C 1 20
YOR366W 1 1
YOR367W 11 1050
YOR368W 3 24
YOR369C 0 0
YOR370C 0 0
YOR371C 4 278
YOR372C 0 0
YOR373W 0 0
YOR374W 6 75
YOR375C 1 2
YOR376W 2 7
YOR376W-A 3 103
YOR377W 2 21
YOR378W 0 0
YOR379C 8 144
YOR380W 3 10
YOR381W 0 0
YOR381W-A 0 0
YOR382W 0 0
YOR383C 3 269
YOR384W 2 3
YOR385W 1 29
YOR386W 3 11
YOR387C 0 0
YOR388C 0 0
YOR389W 0 0
YOR390W 5 161
YOR391C 1 3
YOR392W 2 17
YOR393W 0 0
YOR394W 0 0
YOR394C-A 0 0
YOR396W 0 0
YOR396C-A 0 0
YPL283C 0 0
YPL283W-B 0 0
YPL283W-A 0 0
YPL282C 0 0
YPL281C 0 0
YPL280W 0 0
YPL279C 6 63
YPL278C 0 0
YPL277C 1 22
YPL274W 2 28
YPL273W 0 0
YPL272C 0 0
YPL271W 1 1
YPL270W 6 376
YPL269W 7 579
YPL268W 3 37
YPL267W 4 109
YPL266W 0 0
YPL265W 3 68
YPL264C 2 190
YPL263C 3 38
YPL262W 2 10
YPL261C 3 106
YPL260W 0 0
YPL259C 6 314
YPL258C 2 16
YPL257W 1 8
YPL256C 1 21
YPL255W 0 0
YPL254W 0 0
YPL253C 9 290
YPL252C 0 0
YPL251W 0 0
YPL250C 6 75
YPL249C-A 0 0
YPL250W-A 0 0
YPL249C 3 265
YPL248C 0 0
YPL247C 4 11
YPL246C 2 48
YPL245W 8 267
YPL244C 1 57
YPL243W 1 1
YPL242C 0 0
YPL241C 8 187
YPL240C 4 91
YPL239W 0 0
YPL238C 0 0
YPL237W 0 0
YPL236C 1 21
YPL235W 0 0
YPL234C 1 1
YPL233W 0 0
YPL232W 1 12
YPL231W 0 0
YPL230W 1 5
YPL229W 2 95
YPL228W 0 0
YPL227C 0 0
YPL226W 3 22
YPL225W 1 42
YPL224C 13 2337
YPL223C 10 1496
YPL222W 6 177
YPL222C-A 3 15
YPL221W 8 56
YPL220W 16 845
YPL219W 3 25
YPL218W 2 7
YPL217C 0 0
YPL216W 0 0
YPL215W 1 1
YPL214C 3 8
YPL213W 1 9
YPL212C 2 73
YPL211W 1 4
YPL210C 0 0
YPL209C 2 33
YPL208W 3 67
YPL207W 2 7
YPL206C 1 127
YPL205C 0 0
YPL204W 0 0
YPL203W 3 280
YPL202C 6 65
YPL201C 6 249
YPL200W 0 0
YPL199C 3 207
YPL198W 14 614
YPL197C 4 18
YPL196W 1 1
YPL195W 15 1584
YPL194W 0 0
YPL193W 0 0
YPL192C 0 0
YPL191C 2 62
YPL190C 0 0
YPL189C-A 3 168
YPL189W 4 239
YPL188W 1 21
YPL187W 1 1
YPL186C 10 773
YPL185W 2 49
YPL184C 0 0
YPL183W-A 2 23
YPL183C 3 58
YPL182C 2 169
YPL181W 1 2
YPL180W 1 9
YPL179W 0 0
YPL178W 4 160
YPL177C 6 237
YPL176C 0 0
YPL175W 0 0
YPL174C 0 0
YPL173W 1 18
YPL172C 0 0
YPL171C 5 1044
YPL170W 5 6
YPL169C 1 1
YPL168W 0 0
YPL167C 5 731
YPL166W 4 1335
YPL165C 0 0
YPL164C 4 105
YPL163C 4 99
YPL162C 4 74
YPL161C 2 4
YPL160W 0 0
YPL159C 0 0
YPL158C 1 11
YPL157W 2 2
YPL156C 3 12
YPL155C 3 625
YPL154C 1 14
YPL153C 2 9
YPL152W-A 3 50
YPL152W 1 2
YPL151C 1 28
YPL150W 1 1
YPL149W 1 2
YPL148C 2 3
YPL147W 5 385
YPL146C 2 40
YPL145C 0 0
YPL144W 6 47
YPL143W 0 0
YPL142C 0 0
YPL141C 1 4
YPL140C 0 0
YPL139C 2 19
YPL138C 0 0
YPL137C 0 0
YPL136W 1 1
YPL135W 6 245
YPL135C-A 1 3
YPL134C 6 55
YPL133C 0 0
YPL132W 0 0
YPL131W 0 0
YPL130W 4 52
YPL129W 0 0
YPL128C 0 0
YPL127C 1 7
YPL126W 2 57
YPL125W 0 0
YPL124W 1 4
YPL123C 1 77
YPL122C 1 2
YPL121C 0 0
YPL120W 10 233
YPL119C-A 1 24
YPL119C 0 0
YPL118W 0 0
YPL117C 1 14
YPL116W 2 31
YPL115C 0 0
YPL114W 7 293
YPL113C 2 21
YPL112C 4 468
YPL111W 5 454
YPL110C 0 0
YPL109C 1 1
YPL108W 5 25
YPL107W 5 124
YPL106C 0 0
YPL105C 1 51
YPL104W 0 0
YPL103C 1 28
YPL102C 0 0
YPL101W 5 16
YPL100W 0 0
YPL099C 2 17
YPL098C 1 1
YPL097W 0 0
YPL096C-A 0 0
YPL096W 3 138
YPL095C 4 107
YPL094C 2 9
YPL093W 0 0
YPL092W 1 42
YPL091W 2 2
YPL090C 0 0
YPL089C 17 6975
YPL088W 0 0
YPL087W 2 91
YPL086C 0 0
YPL085W 0 0
YPL084W 1 27
YPL083C 0 0
YPL082C 2 12
YPL081W 3 335
YPL080C 3 43
YPL079W 1 30
YPL078C 1 1
YPL077C 5 101
YPL076W 0 0
YPL075W 0 0
YPL074W 7 56
YPL073C 3 17
YPL072W 2 18
YPL071C 0 0
YPL070W 0 0
YPL069C 4 32
YPL068C 4 47
YPL067C 4 31
YPL066W 6 335
YPL065W 0 0
YPL064C 3 19
YPL063W 0 0
YPL062W 24 1671
YPL061W 1 2
YPL060W 1 4
YPL059W 0 0
YPL058C 3 21
YPL057C 5 189
YPL056C 17 2172
YPL055C 3 130
YPL054W 2 3
YPL053C 2 15
YPL052W 5 118
YPL051W 6 53
YPL050C 0 0
YPL049C 9 150
YPL048W 10 246
YPL047W 0 0
YPL046C 2 77
YPL045W 0 0
YPL044C 0 0
YPL043W 0 0
YPL042C 0 0
YPL041C 2 67
YPL040C 3 53
YPL039W 2 7
YPL038W-A 0 0
YPL038W 8 116
YPL037C 3 68
YPL036W 3 68
YPL035C 2 66
YPL034W 1 1
YPL033C 2 42
YPL032C 3 48
YPL031C 0 0
YPL030W 1 1
YPL029W 1 7
YPL028W 0 0
YPL027W 1 1
YPL026C 1 26
YPL025C 18 974
YPL024W 0 0
YPL023C 0 0
YPL022W 0 0
YPL021W 1 1
YPL020C 0 0
YPL019C 5 290
YPL018W 2 94
YPL017C 3 25
YPL016W 0 0
YPL015C 11 394
YPL014W 5 38
YPL013C 5 51
YPL012W 0 0
YPL011C 0 0
YPL010W 1 2
YPL009C 1 1
YPL008W 1 6
YPL007C 0 0
YPL006W 1 8
YPL005W 0 0
YPL004C 0 0
YPL003W 1 21
YPL002C 2 3
YPL001W 4 84
YPR001W 5 52
YPR002W 7 283
YPR002C-A 1 4
YPR003C 2 10
YPR004C 1 1
YPR005C 3 19
YPR006C 2 38
YPR007C 0 0
YPR008W 2 17
YPR009W 3 14
YPR010C 0 0
YPR010C-A 7 50
YPR011C 0 0
YPR012W 0 0
YPR013C 3 249
YPR014C 0 0
YPR015C 0 0
YPR016C 0 0
YPR016W-A 0 0
YPR017C 10 594
YPR018W 0 0
YPR019W 0 0
YPR020W 2 12
YPR021C 0 0
YPR022C 3 82
YPR023C 0 0
YPR024W 1 1
YPR025C 1 4
YPR026W 0 0
YPR027C 0 0
YPR028W 2 14
YPR029C 2 3
YPR030W 8 635
YPR031W 1 5
YPR032W 0 0
YPR033C 2 15
YPR034W 2 43
YPR035W 0 0
YPR036W 0 0
YPR036W-A 4 66
YPR037C 1 5
YPR038W 4 262
YPR039W 6 52
YPR040W 19 1323
YPR041W 0 0
YPR042C 1 1
YPR043W 0 0
YPR044C 0 0
YPR045C 8 303
YPR046W 16 673
YPR047W 1 23
YPR048W 1 1
YPR049C 0 0
YPR050C 7 251
YPR051W 3 20
YPR052C 7 332
YPR053C 2 51
YPR054W 3 52
YPR055W 0 0
YPR056W 2 41
YPR057W 4 148
YPR058W 1 20
YPR059C 2 27
YPR060C 1 7
YPR061C 7 33
YPR062W 10 1905
YPR063C 6 608
YPR064W 8 269
YPR065W 2 22
YPR066W 0 0
YPR067W 1 3
YPR068C 6 516
YPR069C 1 1
YPR070W 1 8
YPR071W 0 0
YPR072W 0 0
YPR073C 3 18
YPR074C 3 13
YPR074W-A 8 176
YPR075C 4 57
YPR076W 1 2
YPR077C 0 0
YPR078C 0 0
YPR079W 1 2
YPR080W 2 86
YPR081C 3 40
YPR082C 5 51
YPR083W 3 9
YPR084W 0 0
YPR085C 0 0
YPR086W 0 0
YPR087W 1 13
YPR088C 0 0
YPR089W 3 80
YPR091C 10 632
YPR092W 1 3
YPR093C 3 303
YPR094W 0 0
YPR095C 0 0
YPR096C 1 9
YPR097W 2 2
YPR098C 4 36
YPR099C 1 6
YPR100W 3 9
YPR101W 1 1
YPR102C 0 0
YPR103W 0 0
YPR104C 0 0
YPR105C 0 0
YPR106W 1 18
YPR107C 0 0
YPR108W 0 0
YPR108W-A 0 0
YPR109W 3 249
YPR110C 0 0
YPR111W 12 209
YPR112C 1 2
YPR113W 1 2
YPR114W 0 0
YPR115W 0 0
YPR116W 1 8
YPR117W 0 0
YPR118W 9 103
YPR119W 0 0
YPR120C 0 0
YPR121W 1 1
YPR122W 4 77
YPR123C 4 17
YPR124W 1 16
YPR125W 0 0
YPR126C 2 8
YPR127W 9 973
YPR128C 3 160
YPR129W 2 11
YPR130C 1 1
YPR131C 6 41
YPR132W 0 0
YPR133C 0 0
YPR133W-A 0 0
YPR134W 1 12
YPR135W 0 0
YPR136C 0 0
YPR137W 0 0
YPR138C 1 8
YPR139C 0 0
YPR140W 0 0
YPR141C 2 3
YPR142C 0 0
YPR143W 1 2
YPR144C 0 0
YPR145W 8 444
YPR145C-A 3 16
YPR146C 1 10
YPR147C 1 1
YPR148C 6 261
YPR149W 1 6
YPR150W 2 5
YPR151C 21 974
YPR152C 7 278
YPR153W 2 25
YPR154W 10 1332
YPR155C 2 59
YPR156C 2 5
YPR157W 0 0
YPR158W 3 38
YPR159W 0 0
YPR159C-A 17 6849
YPR160W 2 122
YPR160W-A 1 3
YPR160C-A 0 0
YPR161C 0 0
YPR162C 0 0
YPR163C 2 39
YPR164W 1 42
YPR165W 0 0
YPR166C 1 33
YPR167C 1 7
YPR168W 0 0
YPR169W 0 0
YPR170C 4 15
YPR169W-A 5 330
YPR170W-B 5 330
YPR170W-A 2 8
YPR171W 4 124
YPR172W 6 29
YPR173C 1 2
YPR174C 3 44
YPR175W 0 0
YPR176C 1 7
YPR177C 2 61
YPR178W 1 3
YPR179C 1 1
YPR180W 0 0
YPR181C 2 24
YPR182W 1 1
YPR183W 2 124
YPR184W 1 126
YPR185W 4 14
YPR186C 0 0
YPR187W 0 0
YPR188C 5 59
YPR189W 2 164
YPR190C 3 31
YPR191W 0 0
YPR192W 5 186
YPR193C 3 22
YPR194C 2 10
YPR195C 10 309
YPR196W 11 492
YPR197C 0 0
YPR198W 3 32
YPR199C 13 1050
YPR200C 0 0
YPR201W 0 0
YPR202W 0 0
YPR203W 0 0
YPR204W 0 0
YPR204C-A 0 0
