21,4,5,1557,0.9003021148036254
19,6,16,1409,0.8912386706948641
27,6,13,1230,0.8836858006042296
22,5,6,1565,0.8912386706948641
3,5,9,1195,0.904833836858006
27,6,14,1535,0.8912386706948641
9,4,6,1707,0.8670694864048338
20,4,17,1303,0.8700906344410876
18,5,11,1201,0.8806646525679759
3,4,14,1314,0.8897280966767371
25,6,11,1084,0.9093655589123867
10,4,16,1388,0.8987915407854985
16,6,15,1219,0.8957703927492447
3,6,7,1103,0.8957703927492447
26,5,14,1569,0.8972809667673716
22,6,9,1623,0.8957703927492447
15,5,9,1160,0.8806646525679759
19,5,15,1639,0.9018126888217523
15,4,5,1399,0.8882175226586103
9,6,12,1346,0.8897280966767371
13,4,7,1083,0.8912386706948641
20,6,10,1428,0.8806646525679759
20,5,14,1056,0.8882175226586103
29,5,17,1275,0.8897280966767371
11,6,11,1057,0.8942598187311178
8,4,10,1072,0.9078549848942599
14,4,3,1179,0.7887323943661971
11,5,7,1084,0.778672032193159
7,6,18,1462,0.7665995975855131
25,5,3,1178,0.7847082494969819
5,6,18,1115,0.7947686116700201
18,5,11,1256,0.7746478873239436
3,6,10,1221,0.7907444668008048
15,4,15,1645,0.7867203219315896
19,4,11,1732,0.7927565392354124
18,4,18,1781,0.7847082494969819
25,6,12,1149,0.7464788732394366
19,6,6,1466,0.7847082494969819
16,4,13,1728,0.7967806841046278
12,5,8,1510,0.7847082494969819
25,6,9,1056,0.8148893360160966
17,5,15,1164,0.7826961770623743
18,6,4,1243,0.8289738430583501
16,5,13,1581,0.7927565392354124
17,5,4,1751,0.7967806841046278
13,5,3,1280,0.7826961770623743
24,4,16,1317,0.7887323943661971
7,5,6,1521,0.7947686116700201
8,4,16,1572,0.7927565392354124
19,4,16,1374,0.7987927565392354
10,6,3,1524,0.7847082494969819
21,6,13,1341,0.7987927565392354
12,6,14,1318,0.8048289738430584
15,6,9,1271,0.778672032193159
8,6,9,1078,0.7927565392354124
10,4,5,1141,0.7766599597585513
8,4,10,1125,0.7947686116700201
3,4,17,1384,0.8148893360160966
26,4,4,1396,0.8189134808853119
26,6,12,1669,0.7947686116700201
28,5,14,1249,0.7947686116700201
14,6,8,1199,0.8169014084507042
27,4,10,1727,0.8028169014084507
4,6,15,1004,0.7806841046277666
29,5,4,1454,0.8028169014084507
7,4,16,1718,0.8088531187122736
8,5,19,1183,0.8108651911468813
17,6,15,1700,0.7887323943661971
22,4,7,1384,0.7826961770623743
23,6,10,1758,0.8008048289738431
27,5,11,1517,0.7826961770623743
4,5,17,1304 0.8395168248490078
6,5,7,1316 0.8748921484037964
5,5,7,2978 0.8550474547023296
22,5,9,1129 0.8757549611734253
13,4,6,2521 0.8628127696289906
7,4,12,2174 0.8792062122519413
6,4,7,2553 0.8697152717860225
22,6,7,1513 0.8662640207075065
20,6,12,1759 0.8800690250215704
29,6,14,1398 0.8774805867126834
14,6,8,2646 0.8740293356341674
20,6,9,1346 0.8921484037963762
12,6,4,2692 0.8671268334771355
12,5,15,2712 0.8688524590163934
13,6,3,1367 0.8783433994823123
14,4,4,1478 0.8774805867126834
9,4,9,2083 0.8809318377911993
13,5,17,1606 0.8740293356341674
27,4,6,1819 0.8472821397756687
9,5,17,2910 0.8826574633304572
4,4,12,1828 0.8688524590163934
3,4,8,1719 0.8895599654874892
15,5,3,2753 0.8679896462467644
9,4,7,2579 0.8921484037963762
28,4,16,2698 0.8835202761000863
28,5,19,2158 0.8774805867126834
14,5,15,2736 0.8921484037963762
27,6,10,2935 0.8645383951682485
18,6,3,1918 0.8774805867126834
29,5,14,1929 0.8817946505608283
15,6,7,2773 0.8740293356341674
4,6,15,1705 0.8904227782571182
17,6,8,1330 0.8809318377911993
14,6,16,1427 0.8800690250215704
12,4,8,2568 0.8800690250215704
16,6,7,2284 0.8826574633304572
7,4,12,1741 0.8861087144089732
19,5,18,2479 0.8921484037963762
3,4,15,1942 0.8766177739430544
13,6,7,2489 0.8645383951682485
29,4,17,2834 0.902502157031924
13,4,17,1893 0.8843830888697153
15,5,18,1457 0.8662640207075065
23,5,3,2918 0.8878343399482312
8,5,7,1326 0.8731665228645384
7,6,14,1012 0.8490077653149266
10,5,19,1238 0.8541846419327006
26,5,7,1110 0.8748921484037964
18,4,16,1232 0.8619499568593615
15,6,13,1636 0.8593615185504746
5,6,13,1538 0.8886971527178602
27,5,17,1357 0.8731665228645384
12,4,6,1116 0.8792062122519413
5,4,12,1044 0.8852459016393442
25,4,12,1557 0.8697152717860225
21,6,9,1434 0.8912855910267472
12,5,10,1166 0.8731665228645384
11,4,11,2001 0.8800690250215704
29,6,3,1712 0.8654012079378774
19,5,16,1872 0.8714408973252804
10,5,15,2839 0.8645383951682485
7,5,3,1894 0.8628127696289906
9,4,8,2743 0.8809318377911993
20,6,16,1803 0.8783433994823123
23,6,11,2381 0.8766177739430544
18,6,15,1590 0.8783433994823123
9,4,19,2925 0.8688524590163934
4,5,18,1039 0.8748921484037964
4,4,10,1883 0.8904227782571182
12,4,5,1235 0.8688524590163934
3,6,6,1261 0.8800690250215704
15,6,9,1071 0.8817946505608283
10,6,13,1889 0.8886971527178602
17,5,9,1601 0.8826574633304572
3,5,16,1679 0.8809318377911993
5,6,12,1676 0.8774805867126834
26,6,14,2206 0.8955996548748921
28,4,9,2019 0.8679896462467644
13,5,13,2655 0.8541846419327006
28,6,12,2087 0.8852459016393442
24,4,16,1290 0.8636755823986195
7,4,3,2044 0.8955996548748921
15,4,3,2791 0.8792062122519413
12,5,14,1720 0.8904227782571182
9,6,14,2218 0.8869715271786023
14,6,12,2286 0.8714408973252804
11,5,11,1167 0.8861087144089732
22,6,18,2831 0.8792062122519413
26,6,15,2493 0.8817946505608283
26,6,9,2979 0.8792062122519413
