0.7971014492753623,tree_14_4_3_1179_79
0.7950310559006211,tree_11_5_7_1084_78
0.8126293995859213,tree_7_6_18_1462_77
0.7950310559006211,tree_25_5_3_1178_78
0.7908902691511387,tree_5_6_18_1115_79
0.8022774327122153,tree_18_5_11_1256_77
0.7905452035886819,tree_3_6_10_1221_79
0.8171152518978606,tree_15_4_15_1645_79
0.8077984817115252,tree_19_4_11_1732_79
0.805728088336784,tree_18_4_18_1781_78
0.8046928916494134,tree_25_6_12_1149_75
0.7933057280883368,tree_19_6_6_1466_78
0.8029675638371291,tree_16_4_13_1728_80
0.7912353347135955,tree_12_5_8_1510_78
0.7929606625258799,tree_25_6_9_1056_81
0.7929606625258799,tree_17_5_15_1164_78
0.7981366459627329,tree_18_6_4_1243_83
0.8012422360248447,tree_16_5_13_1581_79
0.7984817115251898,tree_17_5_4_1751_80
0.7888198757763976,tree_13_5_3_1280_78
0.7967563837129055,tree_24_4_16_1317_79
0.7960662525879917,tree_7_5_6_1521_79
0.7995169082125604,tree_8_4_16_1572_79
0.7915804002760525,tree_19_4_16_1374_80
0.7891649413388544,tree_10_6_3_1524_78
0.7905452035886819,tree_21_6_13_1341_80
0.7977915804002761,tree_12_6_14_1318_80
0.7960662525879917,tree_15_6_9_1271_78
0.7912353347135955,tree_8_6_9_1078_79
0.7877846790890269,tree_10_4_5_1141_78
0.7967563837129055,tree_8_4_10_1125_79
0.7960662525879917,tree_3_4_17_1384_81
0.7933057280883368,tree_26_4_4_1396_82
0.7991718426501035,tree_26_6_12_1669_79
0.7977915804002761,tree_28_5_14_1249_79
0.7915804002760525,tree_14_6_8_1199_82
0.7964113181504486,tree_27_4_10_1727_80
0.7998619737750172,tree_4_6_15_1004_78
0.795376121463078,tree_29_5_4_1454_80
0.7998619737750172,tree_7_4_16_1718_81
0.7981366459627329,tree_8_5_19_1183_81
0.7895100069013112,tree_17_6_15_1700_79
0.7957211870255348,tree_22_4_7_1384_78
0.7946859903381642,tree_23_6_10_1758_80
0.7957211870255348,tree_27_5_11_1517_78
0.7974465148378191,tree_14_4_3_1179_79
0.7919254658385093,tree_11_5_7_1084_78
0.7922705314009661,tree_7_6_18_1462_77
0.7922705314009661,tree_25_5_3_1178_78
0.7960662525879917,tree_5_6_18_1115_79
0.7898550724637681,tree_18_5_11_1256_77
0.7950310559006211,tree_3_6_10_1221_79
0.7846790890269151,tree_15_4_15_1645_79
0.7995169082125604,tree_19_4_11_1732_79
0.7732919254658385,tree_18_4_18_1781_78
0.790200138026225,tree_25_6_12_1149_75
0.7943409247757074,tree_19_6_6_1466_78
0.8247066942719117,tree_16_4_13_1728_80
0.8019323671497585,tree_12_5_8_1510_78
0.7950310559006211,tree_25_6_9_1056_81
0.8088336783988958,tree_17_5_15_1164_78
0.7981366459627329,tree_18_6_4_1243_83
0.8043478260869565,tree_16_5_13_1581_79
0.7926155969634231,tree_17_5_4_1751_80
0.7915804002760525,tree_13_5_3_1280_78
0.8102139406487232,tree_24_4_16_1317_79
0.8081435472739821,tree_7_5_6_1521_79
0.8043478260869565,tree_8_4_16_1572_79
0.7960662525879917,tree_19_4_16_1374_80
0.7957211870255348,tree_10_6_3_1524_78
0.7946859903381642,tree_21_6_13_1341_80
0.7950310559006211,tree_12_6_14_1318_80
0.7957211870255348,tree_15_6_9_1271_78
0.795376121463078,tree_8_6_9_1078_79
0.7936507936507936,tree_10_4_5_1141_78
0.7946859903381642,tree_8_4_10_1125_79
0.7960662525879917,tree_3_4_17_1384_81
0.7939958592132506,tree_26_4_4_1396_82
0.8098688750862664,tree_26_6_12_1669_79
0.8050379572118702,tree_28_5_14_1249_79
0.7929606625258799,tree_14_6_8_1199_82
0.8026224982746721,tree_27_4_10_1727_80
0.8105590062111802,tree_4_6_15_1004_78
0.7939958592132506,tree_29_5_4_1454_80
0.8019323671497585,tree_7_4_16_1718_81
0.8071083505866115,tree_8_5_19_1183_81
0.7950310559006211,tree_17_6_15_1700_79
0.8002070393374742,tree_22_4_7_1384_78
0.7912353347135955,tree_23_6_10_1758_80
0.8026224982746721,tree_27_5_11_1517_78
0.7763975155279503,tree_14_4_3_1179_79
0.7670807453416149,tree_11_5_7_1084_78
0.7684610075914424,tree_7_6_18_1462_77
0.7705314009661836,tree_25_5_3_1178_78
0.7629399585921325,tree_5_6_18_1115_79
0.7705314009661836,tree_18_5_11_1256_77
0.7646652864044169,tree_3_6_10_1221_79
0.7663906142167012,tree_15_4_15_1645_79
0.7729468599033816,tree_19_4_11_1732_79
0.7643202208419599,tree_18_4_18_1781_78
0.7715665976535542,tree_25_6_12_1149_75
0.7732919254658385,tree_19_6_6_1466_78
0.7701863354037267,tree_16_4_13_1728_80
0.7684610075914424,tree_12_5_8_1510_78
0.7729468599033816,tree_25_6_9_1056_81
0.7691511387163561,tree_17_5_15_1164_78
0.7732919254658385,tree_18_6_4_1243_83
0.7712215320910973,tree_16_5_13_1581_79
0.7701863354037267,tree_17_5_4_1751_80
0.7657004830917874,tree_13_5_3_1280_78
0.7688060731538993,tree_24_4_16_1317_79
0.7726017943409248,tree_7_5_6_1521_79
0.779848171152519,tree_8_4_16_1572_79
0.7743271221532091,tree_19_4_16_1374_80
0.7677708764665286,tree_10_6_3_1524_78
0.7784679089026915,tree_21_6_13_1341_80
0.7781228433402346,tree_12_6_14_1318_80
0.777432712215321,tree_15_6_9_1271_78
0.7750172532781229,tree_8_6_9_1078_79
0.7743271221532091,tree_10_4_5_1141_78
0.7767425810904072,tree_8_4_10_1125_79
0.7781228433402346,tree_3_4_17_1384_81
0.7732919254658385,tree_26_4_4_1396_82
0.7926155969634231,tree_26_6_12_1669_79
0.779848171152519,tree_28_5_14_1249_79
0.7736369910282954,tree_14_6_8_1199_82
0.7857142857142857,tree_27_4_10_1727_80
0.790200138026225,tree_4_6_15_1004_78
0.7753623188405797,tree_29_5_4_1454_80
0.7788129744651484,tree_7_4_16_1718_81
0.785024154589372,tree_8_5_19_1183_81
0.7746721877156659,tree_17_6_15_1700_79
0.7819185645272602,tree_22_4_7_1384_78
0.7726017943409248,tree_23_6_10_1758_80
0.7801932367149759,tree_27_5_11_1517_78
