YAL069W 20 1353
YAL068W-A 16 2429
YAL068C 2 18
YAL067W-A 2 61
YAL067C 29 9345
YAL066W 5 244
YAL065C 10 146
YAL064W-B 3 47
YAL064C-A 1 78
YAL064W 0 0
YAL063C-A 0 0
YAL063C 19 3560
YAL062W 71 5213
YAL061W 53 4564
YAL060W 35 2151
YAL059C-A 2 7
YAL059W 1 4
YAL058W 45 3851
YAL056C-A 6 493
YAL056W 63 3557
YAL055W 11 337
YAL054C 52 3265
YAL053W 51 1527
YAL051W 53 2347
YAL049C 17 467
YAL048C 33 766
YAL047W-A 4 17
YAL047C 17 915
YAL046C 8 150
YAL045C 6 66
YAL044W-A 8 163
YAL044C 16 324
YAL043C 36 2456
YAL042C-A 9 205
YAL042W 39 826
YAL041W 19 284
YAL040C 13 648
YAL039C 46 1281
YAL038W 38 1254
YAL037C-B 20 504
YAL037C-A 2 23
YAL037W 16 455
YAL036C 17 67633
YAL035W 22 885
YAL034C-B 13 203
YAL034W-A 12 265
YAL034C 21 882
YAL033W 5 166
YAL032C 12 382
YAL031W-A 6 120
YAL031C 30 923
YAL030W 11 665
YAL029C 32 734
YAL028W 20 1816
YAL027W 13 351
YAL026C-A 5 78
YAL026C 28 825
YAL025C 4 9
YAL024C 32 799
YAL023C 39 1340
YAL022C 14 478
YAL021C 34 918
YAL020C 22 823
YAL019W-A 15 344
YAL019W 27 1113
YAL018C 10 377
YAL017W 45 1350
YAL016C-B 7 39
YAL016C-A 7 236
YAL016W 17 411
YAL015C 28 876
YAL014C 14 328
YAL013W 8 128
YAL012W 32 1651
YAL011W 16 592
YAL010C 7 66
YAL009W 3 40
YAL008W 13 2937
YAL007C 9 43777
YAL005C 30 2066
YAL004W 7 133
YAL003W 7 49
YAL002W 58 6380
YAL001C 106 4150
YAR002W 50 2954
YAR002C-A 22 1667
YAR003W 47 2772
YAR007C 14 99
YAR008W 15 424
YAR014C 24 1110
YAR015W 12 137
YAR018C 12 662
YAR019C 31 1446
YAR019W-A 7 166
YAR020C 2 9
YAR023C 12 360
YAR027W 16 595
YAR028W 24 1429
YAR029W 1 4
YAR030C 5 88
YAR031W 15 313
YAR033W 3 23
YAR035W 95 2908
YAR035C-A 4 23
YAR042W 38 1577
YAR047C 0 0
YAR050W 12 271
YAR053W 0 0
YAR060C 0 0
YAR064W 3 4
YAR066W 0 0
YAR068W 2 2
YAR069C 0 0
YAR070C 0 0
YAR071W 4 72
YAR073W 7 352
YAR075W 2 5
YBL113C 1 5
YBL113W-A 0 0
YBL112C 0 0
YBL111C 0 0
YBL109W 21 6776
YBL108C-A 0 0
YBL108W 17 669
YBL107W-A 0 0
YBL107C 17 546
YBL106C 28 813
YBL105C 29 474
YBL104C 72 3078
YBL103C 22 808
YBL102W 5 30
YBL101C 73 8375
YBL100W-C 7 695
YBL100C 4 13
YBL099W 19 277
YBL098W 23 9224
YBL097W 22 440
YBL096C 9 197
YBL095W 15 258
YBL094C 2 3
YBL093C 20 37310
YBL092W 3 28
YBL091C-A 13 205
YBL091C 21 727
YBL090W 10 214
YBL089W 18 167
YBL088C 85 2370
YBL087C 9 131
YBL086C 5 33
YBL085W 27 504
YBL084C 15 304
YBL083C 4 36
YBL082C 16 242
YBL081W 15 197
YBL080C 24 367
YBL079W 45 1974
YBL078C 0 0
YBL077W 11 824
YBL076C 42 1915
YBL075C 31 420
YBL074C 21 471
YBL073W 22 952
YBL072C 4 57
YBL071C-B 2 7
YBL071W-A 5 47
YBL071C 6 130
YBL070C 10 8654
YBL069W 35 1579
YBL068W-A 2 65
YBL068W 12 642
YBL067C 19 714
YBL066C 45 1851
YBL065W 10 93
YBL064C 22 3899
YBL063W 44 2977
YBL062W 7 181
YBL061C 36 885
YBL060W 30 923
YBL059C-A 5 119
YBL059W 6 116
YBL058W 22 548
YBL057C 15 285
YBL056W 18 620
YBL055C 25 602
YBL054W 28 541
YBL053W 3 248
YBL052C 24 756
YBL051C 24 749
YBL050W 9 118
YBL049W 4 7
YBL048W 0 0
YBL047C 47 1193
YBL046W 16 193
YBL045C 17 120
YBL044W 43 5104
YBL043W 9 199
YBL042C 26 292
YBL041W 7 157
YBL040C 13 211
YBL039W-B 1 4
YBL039C 13 190
YBL039C-A 1 16
YBL038W 14 427
YBL037W 38 1558
YBL036C 17 350
YBL035C 24 374
YBL034C 32 781
YBL033C 17 375
YBL032W 16 248
YBL031W 26 360
YBL030C 17 207
YBL029C-A 6 527
YBL029W 24 469
YBL028C 5 248
YBL027W 3 20
YBL026W 3 11
YBL025W 7 411
YBL024W 20 2176
YBL023C 28 786
YBL022C 23 496
YBL021C 15 935
YBL020W 24 392
YBL019W 16 372
YBL018C 5 113
YBL017C 81 3188
YBL016W 33 447
YBL015W 46 8501
YBL014C 27 912
YBL013W 64 1986
YBL012C 10 466
YBL011W 22 765
YBL010C 5 167
YBL009W 18 980
YBL008W-A 0 0
YBL008W 25 885
YBL007C 38 457
YBL006C 8 155
YBL006W-A 6 108
YBL005W 31 820
YBL004W 41 1025
YBL003C 6 247
YBL002W 18 1192
YBL001C 25 23116
YBR001C 95 4083
YBR002C 26 789
YBR003W 26 2168
YBR004C 26 497
YBR005W 17 1855
YBR006W 58 2092
YBR007C 34 1703
YBR008C 47 2254
YBR009C 2 7
YBR010W 7 188
YBR011C 10 53
YBR012C 1 64
YBR013C 7 424
YBR014C 6 151
YBR015C 13 954
YBR016W 6 447
YBR017C 21 672
YBR018C 8 204
YBR019C 50 1784
YBR020W 45 1412
YBR021W 23 491
YBR022W 8 121
YBR023C 43 1580
YBR024W 19 460
YBR025C 17 234
YBR026C 13 417
YBR027C 18 316
YBR028C 11 158
YBR029C 18 177
YBR030W 10 90
YBR031W 1 1
YBR032W 29 32019
YBR033W 47 1409
YBR034C 33 1676
YBR035C 26 554
YBR036C 18 1286
YBR037C 20 279
YBR038W 46 902
YBR039W 9 145
YBR040W 5 42
YBR041W 12 430
YBR042C 5 186
YBR043C 20 418
YBR044C 15 1142
YBR045C 20 325
YBR046C 9 268
YBR047W 10 133
YBR048W 10 186
YBR049C 35 705
YBR050C 21 653
YBR051W 8 1371
YBR052C 12 271
YBR053C 22 380
YBR054W 25 5669
YBR055C 29 1102
YBR056W 20 358
YBR056W-A 6 425
YBR056C-B 3 246
YBR057C 14 4283
YBR058C 20 435
YBR058C-A 1 2
YBR059C 33 541
YBR060C 11 227
YBR061C 24 757
YBR062C 7 427
YBR063C 6 46
YBR064W 1 1
YBR065C 9 203
YBR066C 14 186
YBR067C 3 84
YBR068C 41 4271
YBR069C 35 815
YBR070C 17 280
YBR071W 14 317
YBR072W 13 793
YBR072C-A 6 39
YBR073W 17 272
YBR074W 31 663
YBR076W 21 346
YBR076C-A 7 514
YBR077C 10 297
YBR078W 39 1962
YBR079C 35 977
YBR080C 21 317
YBR081C 42 992
YBR082C 16 227
YBR083W 26 540
YBR084W 27 1018
YBR084C-A 7 287
YBR085W 8 187
YBR085C-A 4 7
YBR086C 29 1136
YBR087W 15 665
YBR088C 9 30
YBR089W 7 24
YBR089C-A 18 584
YBR090C 26 832
YBR091C 6 181
YBR092C 13 552
YBR093C 24 5038
YBR094W 29 518
YBR095C 12 415
YBR096W 6 21
YBR097W 27 287
YBR098W 32 1016
YBR099C 5 39
YBR101C 2 119
YBR102C 34 499
YBR103W 13 165
YBR103C-A 14 938
YBR104W 14 199
YBR105C 15 438
YBR106W 13 215
YBR107C 11 124
YBR108W 25 507
YBR109C 0 0
YBR109W-A 5 146
YBR110W 10 115
YBR111C 19 985
YBR111W-A 4 130
YBR112C 17 440
YBR113W 6 72
YBR114W 36 585
YBR115C 69 2391
YBR116C 12 878
YBR117C 30 517
YBR118W 1 5
YBR119W 13 170
YBR120C 2 142
YBR121C 8 44
YBR121C-A 1 1
YBR122C 5 128
YBR123C 13 136
YBR124W 12 192
YBR125C 23 664
YBR126C 33 806
YBR126W-A 11 208
YBR126W-B 7 167
YBR127C 21 182
YBR128C 23 752
YBR129C 5 75
YBR130C 6 125
YBR131W 17 251
YBR131C-A 0 0
YBR132C 31 5625
YBR133C 40 1480
YBR134W 23 5817
YBR135W 8 248
YBR136W 53 690
YBR137W 10 143
YBR138C 23 697
YBR139W 31 1040
YBR140C 90 4620
YBR141C 13 325
YBR141W-A 1 24
YBR142W 39 1188
YBR143C 11 245
YBR144C 18 674
YBR145W 13 144
YBR146W 11 393
YBR147W 19 1399
YBR148W 30 1684
YBR149W 22 805
YBR150C 35 602
YBR151W 18 1318
YBR152W 7 152
YBR153W 8 46
YBR154C 1 3
YBR155W 8 27
YBR156C 14 352
YBR157C 14 2453
YBR158W 24 1076
YBR159W 16 568
YBR160W 11 416
YBR161W 0 0
YBR162C 22 764
YBR162W-A 3 8
YBR163W 17 274
YBR164C 7 130
YBR165W 6 87
YBR166C 18 152
YBR167C 3 14
YBR168W 6 200
YBR169C 19 571
YBR170C 30 1185
YBR171W 3 6
YBR172C 27 1356
YBR173C 4 30
YBR174C 10 356
YBR175W 26 561
YBR176W 11 436
YBR177C 34 1010
YBR178W 21 1104
YBR179C 37 516
YBR180W 19 690
YBR181C 3 23
YBR182C 14 474
YBR182C-A 1 158
YBR183W 17 356
YBR184W 17 307
YBR185C 9 225
YBR186W 51 2202
YBR187W 12 231
YBR188C 5 92
YBR189W 9 167
YBR190W 1 1
YBR191W 2 14
YBR191W-A 0 0
YBR192W 7 27
YBR193C 3 27
YBR194W 9 193
YBR195C 17 363
YBR196C 17 435
YBR196C-A 8 717
YBR196C-B 6 1097
YBR197C 28 1924
YBR198C 13 222
YBR199W 21 583
YBR200W 5 31
YBR200W-A 0 0
YBR201W 4 12
YBR201C-A 9 197
YBR202W 37 933
YBR203W 44 1220
YBR204C 24 613
YBR205W 27 1929
YBR206W 14 244
YBR207W 21 689
YBR208C 68 1882
YBR209W 22 2080
YBR210W 2 2
YBR211C 12 527
YBR212W 36 1128
YBR213W 24 624
YBR214W 37 3187
YBR215W 27 699
YBR216C 16 364
YBR217W 6 39
YBR218C 57 1491
YBR219C 27 2562
YBR220C 22 1391
YBR221C 17 970
YBR221W-A 5 63
YBR222C 29 667
YBR223C 19 431
YBR223W-A 7 194
YBR224W 6 179
YBR225W 17 184
YBR226C 1 2
YBR227C 6 75
YBR228W 17 581
YBR229C 51 1330
YBR230C 3 66
YBR230W-A 22 860
YBR231C 18 285
YBR232C 3 81
YBR233W 11 289
YBR233W-A 4 136
YBR234C 14 484
YBR235W 66 2062
YBR236C 14 280
YBR237W 19 307
YBR238C 17 278
YBR239C 38 2889
YBR240C 20 190
YBR241C 52 3723
YBR242W 17 2354
YBR243C 9 99
YBR244W 7 97
YBR245C 35 1361
YBR246W 21 353
YBR247C 2 59
YBR248C 30 610
YBR249C 9 26
YBR250W 20 391
YBR251W 13 464
YBR252W 7 261
YBR253W 2 35
YBR254C 8 156
YBR255W 35 682
YBR255C-A 7 652
YBR256C 10 101
YBR257W 12 51
YBR258C 8 114
YBR259W 21 439
YBR260C 26 603
YBR261C 19 308
YBR262C 5 56
YBR263W 15 206
YBR264C 10 106
YBR265W 9 267
YBR267W 22 355
YBR266C 2 37
YBR268W 2 3
YBR269C 6 147
YBR270C 15 866
YBR271W 16 504
YBR272C 9 305
YBR273C 7 319
YBR274W 14 815
YBR275C 60 1567
YBR276C 27 787
YBR277C 13 121
YBR278W 18 376
YBR279W 11 406
YBR280C 37 2128
YBR281C 27 779
YBR282W 7 111
YBR283C 24 875
YBR284W 40 1685
YBR285W 2 58
YBR286W 54 2952
YBR287W 10 125
YBR288C 27 844
YBR289W 14 278
YBR290W 5 266
YBR291C 31 3615
YBR292C 5 60
YBR293W 15 272
YBR294W 41 955
YBR295W 42 1151
YBR296C 29 545
YBR296C-A 8 1868
YBR297W 23 530
YBR298C 39 967
YBR298C-A 16 726
YBR299W 7 15
YBR300C 2 18
YBR301W 4 183
YBR302C 0 0
YCL076W 11 351
YCL073C 9 209
YCL069W 2 103
YCL068C 0 0
YCL067C 0 0
YCL066W 0 0
YCL065W 1 23
YCL064C 14 564
YCL063W 13 230
YCL061C 17 264
YCL059C 5 64
YCL058C 5 173
YCL058W-A 5 173
YCL057C-A 6 188
YCL057W 25 819
YCL056C 2 3
YCL055W 8 321
YCL054W 19 695
YCL052C 10 233
YCL051W 18 401
YCL050C 8 266
YCL049C 6 97
YCL048W-A 1 50
YCL048W 22 648
YCL047C 10 412
YCL045C 24 352
YCL046W 2 3
YCL044C 13 273
YCL043C 34 475
YCL041C 14 164
YCL042W 22 1691
YCL040W 101 6725
YCL039W 50 1222
YCL038C 16 244
YCL037C 13 364
YCL036W 34 1623
YCL035C 5 245
YCL034W 23 255
YCL033C 4 50
YCL032W 13 130
YCL031C 11 324
YCL030C 28 419
YCL029C 33 1510
YCL028W 13 186
YCL027W 26 432
YCL026C-B 2 222
YCL026C-A 9 455
YCL025C 46 2175
YCL023C 7 194
YCL024W 31 865
YCL022C 5 93
YCL021W-A 13 427
YCL018W 15 662
YCL017C 18 497
YCL016C 12 178
YCL014W 39 1493
YCL012C 4 172
YCL011C 22 596
YCL010C 29 1086
YCL009C 27 688
YCL008C 23 1228
YCL007C 8 140
YCL005W-A 7 62
YCL005W 12 439
YCL004W 14 1227
YCL002C 18 1035
YCL001W 0 0
YCL001W-A 0 0
YCL001W-B 11 761
YCR001W 11 330
YCR002C 8 283
YCR003W 12 265
YCR004C 9 990
YCR005C 56 2128
YCR006C 34 2197
YCR007C 13 778
YCR008W 26 737
YCR009C 8 310
YCR010C 19 366
YCR011C 60 2258
YCR012W 9 314
YCR013C 6 275
YCR014C 22 401
YCR015C 13 236
YCR016W 7 243
YCR017C 37 5064
YCR018C 10 306
YCR018C-A 6 46
YCR019W 18 311
YCR020C 10 287
YCR020C-A 1 4
YCR020W-B 0 0
YCR021C 27 719
YCR022C 20 826
YCR023C 31 1501
YCR024C 15 755
YCR024C-B 11 753
YCR024C-A 1 8
YCR025C 16 718
YCR026C 39 1218
YCR027C 5 41
YCR028C 21 447
YCR028C-A 2 3
YCR030C 24 39079
YCR031C 8 121
YCR032W 65 2139
YCR033W 42 933
YCR034W 1 30
YCR035C 2 27
YCR036W 26 750
YCR037C 19 428
YCR038C 5 104
YCR038W-A 0 0
YCR039C 0 0
YCR040W 0 0
YCR041W 5 46
YCR042C 44 615
YCR043C 11 1997
YCR044C 13 283
YCR045C 20 256
YCR045W-A 6 69
YCR046C 12 302
YCR047C 11 204
YCR047W-A 4 43
YCR049C 21 448
YCR048W 38 1262
YCR050C 2 260
YCR051W 15 258
YCR052W 9 87
YCR053W 12 643
YCR054C 11 286
YCR057C 32 986
YCR059C 27 924
YCR060W 6 116
YCR061W 61 1559
YCR064C 17 918
YCR063W 24 1102
YCR065W 34 1387
YCR066W 10 469
YCR067C 32 1062
YCR068W 27 982
YCR069W 23 449
YCR071C 11 273
YCR072C 24 308
YCR073C 35 2056
YCR073W-A 20 2743
YCR075C 6 852
YCR075W-A 2 109
YCR076C 15 225
YCR077C 22 441
YCR079W 33 879
YCR081W 45 1553
YCR081C-A 7 135
YCR082W 8 217
YCR083W 11 477
YCR084C 28 607
YCR085W 3 15
YCR086W 12 146
YCR087W 12 633
YCR087C-A 9 117
YCR088W 30 1030
YCR089W 33 9988
YCR090C 8 83
YCR091W 39 1986
YCR092C 28 655
YCR093W 38 1468
YCR094W 13 191
YCR095C 7 223
YCR095W-A 3 77
YCR096C 0 0
YCR097W 2 78
YCR097W-A 2 4
YCR098C 19 374
YCR099C 6 157
YCR100C 17 490
YCR101C 7 442
YCR102C 23 657
YCR102W-A 1 24
YCR104W 1 12
YCR105W 22 977
YCR106W 40 824
YCR107W 12 92
YCR108C 10 168
YDL248W 4 141
YDL247W-A 0 0
YDL247W 0 0
YDL246C 0 0
YDL245C 1 3
YDL244W 6 115
YDL243C 11 172
YDL242W 22 1378
YDL241W 2 7
YDL240C-A 18 12032
YDL240W 32 704
YDL239C 15 382
YDL238C 33 785
YDL237W 12 209
YDL236W 5 139
YDL235C 1 2
YDL234C 23 797
YDL233W 17 481
YDL232W 3 48
YDL231C 80 2651
YDL230W 23 484
YDL229W 13 245
YDL228C 5 102
YDL227C 14 1947
YDL226C 6 52
YDL225W 14 299
YDL224C 19 192
YDL223C 51 748
YDL222C 28 476
YDL221W 49 2709
YDL220C 86 3594
YDL219W 3 106
YDL218W 17 438
YDL217C 11 273
YDL216C 15 536
YDL215C 57 2617
YDL214C 48 912
YDL213C 15 144
YDL212W 3 112
YDL211C 7 94
YDL210W 18 282
YDL209C 16 131
YDL208W 4 15
YDL207W 5 199
YDL206W 20 302
YDL205C 14 250
YDL204W 18 199
YDL203C 15 320
YDL202W 3 22
YDL201W 17 406
YDL200C 7 22
YDL199C 15 213
YDL198C 16 212
YDL197C 34 798
YDL196W 11 272
YDL195W 26 530
YDL194W 26 395
YDL193W 9 130
YDL192W 7 133
YDL191W 1 24
YDL190C 37 864
YDL189W 13 176
YDL188C 16 1616
YDL187C 1 1
YDL186W 14 210
YDL185C-A 2 108
YDL185W 25 423
YDL184C 0 0
YDL183C 13 202
YDL182W 32 1484
YDL181W 9 184
YDL180W 14 467
YDL179W 6 22
YDL178W 32 1092
YDL177C 13 619
YDL176W 22 705
YDL175C 14 205
YDL174C 45 1296
YDL173W 15 249
YDL172C 7 103
YDL171C 104 10362
YDL170W 33 447
YDL169C 13 234
YDL168W 25 984
YDL167C 20 515
YDL166C 3 27
YDL165W 4 67
YDL164C 31 656
YDL163W 5 45
YDL162C 9 759
YDL161W 15 404
YDL160C-A 6 75
YDL160C 19 257
YDL159W-A 4 36
YDL159W 25 1768
YDL159C-B 0 0
YDL158C 5 106
YDL157C 3 120
YDL156W 35 3770
YDL155W 27 830
YDL154W 25 340
YDL153C 5 33
YDL152W 4 10
YDL151C 0 0
YDL150W 8 64
YDL149W 24 1052
YDL148C 30 688
YDL147W 10 133
YDL146W 10 301
YDL145C 31 740
YDL144C 31 1452
YDL143W 22 642
YDL142C 16 3272
YDL141W 19 181
YDL140C 87 1585
YDL139C 13 49
YDL138W 43 795
YDL137W 33 2586
YDL136W 5 33
YDL135C 17 677
YDL134C 18 106
YDL133C-A 1 18
YDL133W 17 214
YDL132W 25 544
YDL131W 33 2328
YDL130W-A 3 40
YDL130W 5 114
YDL129W 6 855
YDL128W 19 393
YDL127W 33 1620
YDL126C 26 425
YDL125C 16 390
YDL124W 29 307
YDL123W 6 87
YDL122W 21 381
YDL121C 7 690
YDL120W 2 11
YDL119C 18 761
YDL118W 4 556
YDL117W 35 608
YDL116W 21 486
YDL115C 20 595
YDL114W-A 4 158
YDL114W 9 799
YDL113C 22 423
YDL112W 52 868
YDL111C 23 689
YDL110C 9 201
YDL109C 26 3398
YDL108W 9 81
YDL107W 17 996
YDL106C 27 845
YDL105W 16 203
YDL104C 24 526
YDL103C 7 54
YDL102W 27 434
YDL101C 12 307
YDL100C 15 174
YDL099W 7 261
YDL098C 11 315
YDL097C 15 239
YDL096C 3 189
YDL095W 27 706
YDL094C 13 1113
YDL093W 29 476
YDL092W 9 423
YDL091C 14 505
YDL090C 11 141
YDL089W 22 238
YDL088C 15 213
YDL087C 6 79
YDL086W 29 1334
YDL086C-A 26 1326
YDL085C-A 7 100
YDL085W 41 937
YDL084W 4 28
YDL083C 3 14
YDL082W 8 165
YDL081C 1 9
YDL080C 19 2462
YDL079C 40 1292
YDL078C 14 644
YDL077C 30 457
YDL076C 13 400
YDL075W 1 1
YDL074C 19 245
YDL073W 19 165
YDL072C 11 148
YDL071C 7 158
YDL070W 15 82
YDL069C 9 575
YDL068W 3 5
YDL067C 4 33
YDL066W 27 1074
YDL065C 21 706
YDL064W 7 666
YDL063C 27 666
YDL062W 7 112
YDL061C 1 2
YDL060W 20 222
YDL059C 10 176
YDL058W 33 839
YDL057W 18 394
YDL056W 41 665
YDL055C 15 106
YDL054C 36 757
YDL053C 4 98
YDL052C 23 761
YDL051W 13 339
YDL050C 6 195
YDL049C 35 2445
YDL048C 55 3195
YDL047W 12 578
YDL046W 8 218
YDL045W-A 4 47
YDL045C 10 164
YDL044C 7 174
YDL043C 6 120
YDL042C 29 1085
YDL041W 10 308
YDL040C 19 340
YDL039C 35 745
YDL037C 8 214
YDL036C 19 17591
YDL035C 24 486
YDL034W 3 84
YDL033C 22 2118
YDL032W 3 1656
YDL031W 9 221
YDL030W 9 51
YDL029W 11 176
YDL028C 27 540
YDL027C 12 334
YDL026W 4 37
YDL025C 7 157
YDL025W-A 0 0
YDL024C 24 789
YDL022C-A 8 276
YDL023C 9 637
YDL022W 31 704
YDL021W 20 421
YDL020C 19 324
YDL019C 44 1743
YDL018C 3 37
YDL017W 13 461
YDL016C 1 160
YDL015C 6 109
YDL014W 16 263
YDL013W 11 232
YDL012C 2 5
YDL011C 3 68
YDL010W 4 70
YDL009C 1 2
YDL008W 8 86
YDL007C-A 6 48
YDL007W 11 174
YDL006W 19 271
YDL005C 9 36
YDL004W 1 1
YDL003W 24 569
YDL002C 11 150
YDL001W 52 6333
YDR001C 94 3256
YDR002W 4 69
YDR003W 17 252
YDR003W-A 3 71
YDR004W 22 1399
YDR005C 14 757
YDR006C 20 386
YDR007W 8 151
YDR008C 12 209
YDR009W 30 867
YDR010C 28 19571
YDR011W 87 3438
YDR012W 3 53
YDR013W 1 35
YDR014W 11 72
YDR014W-A 6 98
YDR015C 3 47
YDR016C 2 16
YDR017C 33 4163
YDR018C 19 405
YDR019C 19 321
YDR020C 16 457
YDR021W 8 59
YDR022C 11 204
YDR023W 10 83
YDR024W 10 72
YDR025W 4 24
YDR026C 16 469
YDR027C 29 428
YDR028C 34 1074
YDR029W 2 3
YDR030C 26 425
YDR031W 1 1
YDR032C 8 165
YDR033W 20 658
YDR034C 19 276
YDR034C-A 1 35
YDR034W-B 0 0
YDR035W 14 2206
YDR036C 9 83
YDR037W 41 823
YDR038C 3 23
YDR039C 0 0
YDR040C 4 33
YDR041W 8 126
YDR042C 0 0
YDR043C 12 282
YDR044W 16 262
YDR045C 6 196
YDR046C 24 3067
YDR047W 23 834
YDR048C 7 32
YDR049W 14 378
YDR050C 8 147
YDR051C 12 326
YDR052C 8 213
YDR053W 1 25
YDR054C 13 256
YDR055W 15 228
YDR056C 7 95
YDR057W 16 401
YDR058C 4 206
YDR059C 10 227
YDR060W 22 552
YDR061W 20 456
YDR062W 17 105
YDR063W 8 252
YDR064W 9 260
YDR065W 12 273
YDR066C 9 5645
YDR067C 11 141
YDR068W 4 73
YDR069C 22 587
YDR070C 6 86
YDR071C 15 389
YDR072C 38 1275
YDR073W 15 199
YDR074W 45 795
YDR075W 14 1069
YDR076W 50 823
YDR077W 19 665
YDR078C 12 178
YDR079W 4 476
YDR079C-A 2 19
YDR080W 27 756
YDR081C 18 263
YDR082W 17 276
YDR083W 12 137
YDR084C 6 36
YDR085C 26 460
YDR086C 1 6
YDR087C 7 77
YDR088C 11 242
YDR089W 43 603
YDR090C 16 218
YDR091C 19 364
YDR092W 12 200
YDR093W 131 20959
YDR094W 32 5139
YDR095C 30 2258
YDR096W 25 2258
YDR097C 30 650
YDR098C 18 379
YDR099W 24 244
YDR100W 6 1455
YDR101C 8 36
YDR102C 12 9998
YDR103W 18 169
YDR104C 42 1117
YDR105C 15 412
YDR106W 15 363
YDR107C 26 564
YDR108W 22 358
YDR109C 18 620
YDR110W 24 625
YDR111C 17 417
YDR112W 8 119
YDR113C 12 338
YDR114C 16 251
YDR115W 2 58
YDR116C 10 263
YDR117C 29 582
YDR118W 22 462
YDR118W-A 2 3
YDR119W 33 572
YDR119W-A 12 713
YDR120C 26 565
YDR121W 3 24
YDR122W 28 299
YDR123C 17 179
YDR124W 16 588
YDR125C 10 130
YDR126W 31 1206
YDR127W 58 1143
YDR128W 44 1174
YDR129C 25 743
YDR130C 8 164
YDR131C 13 363
YDR132C 25 914
YDR133C 1 3
YDR135C 52 1006
YDR136C 26 833
YDR137W 23 484
YDR138W 26 1233
YDR139C 2 103
YDR140W 8 163
YDR141C 35 618
YDR142C 15 215
YDR143C 22 986
YDR144C 22 346
YDR145W 4 136
YDR146C 14 231
YDR147W 15 811
YDR148C 16 125
YDR149C 4 31
YDR150W 82 23136
YDR151C 10 862
YDR152W 10 148
YDR153C 10 190
YDR154C 8 436
YDR155C 8 197
YDR156W 10 315
YDR157W 16 721
YDR158W 9 102
YDR159W 26 569
YDR160W 22 512
YDR161W 3 12
YDR162C 3 43
YDR163W 6 1387
YDR164C 20 581
YDR165W 12 98
YDR166C 24 528
YDR167W 6 638
YDR168W 14 184
YDR169C 10 133
YDR169C-A 2 11
YDR170C 37 558
YDR171W 7 125
YDR172W 30 1348
YDR173C 8 109
YDR174W 15 73
YDR175C 10 319
YDR176W 26 451
YDR177W 14 352
YDR178W 17 1275
YDR179C 7 49
YDR179W-A 9 107
YDR180W 34 1521
YDR181C 8 300
YDR182W 22 569
YDR182W-A 4 19
YDR183W 11 1297
YDR183C-A 3 88
YDR184C 7 101
YDR185C 15 240
YDR186C 55 1191
YDR187C 22 1654
YDR188W 28 946
YDR189W 25 577
YDR190C 18 313
YDR191W 25 424
YDR192C 13 1620
YDR193W 9 1532
YDR194C 12 79
YDR194W-A 2 24
YDR195W 12 191
YDR196C 10 92
YDR197W 9 98
YDR198C 16 304
YDR199W 1 1
YDR200C 23 369
YDR201W 9 345
YDR202C 9 397
YDR203W 1 2
YDR204W 20 363
YDR205W 39 1320
YDR206W 18 335
YDR207C 34 623
YDR208W 37 723
YDR209C 3 18
YDR210W 1 15
YDR211W 22 666
YDR212W 9 141
YDR213W 30 1692
YDR214W 46 2990
YDR215C 41 4691
YDR216W 50 987
YDR217C 33 513
YDR218C 14 108
YDR219C 7 53
YDR220C 9 2174
YDR221W 33 964
YDR222W 5 33
YDR223W 13 131
YDR224C 5 39
YDR225W 13 140
YDR226W 10 108
YDR227W 15 486
YDR228C 9 219
YDR229W 25 219
YDR230W 5 124
YDR231C 18 332
YDR232W 36 370
YDR233C 15 264
YDR234W 55 2326
YDR235W 3 13
YDR236C 13 155
YDR237W 8 120
YDR238C 25 794
YDR239C 18 618
YDR240C 7 130
YDR241W 16 594
YDR242W 26 824
YDR243C 19 656
YDR244W 28 521
YDR245W 7 151
YDR246W 26 497
YDR246W-A 17 861
YDR247W 24 655
YDR248C 10 217
YDR249C 14 1571
YDR250C 18 583
YDR251W 24 439
YDR252W 1 2
YDR253C 13 179
YDR254W 21 359
YDR255C 8 41
YDR256C 40 1695
YDR257C 9 92
YDR258C 41 843
YDR259C 12 101
YDR260C 45 9874
YDR261C 38 3433
YDR262W 6 98
YDR263C 18 749
YDR264C 33 842
YDR265W 7 146
YDR266C 26 462
YDR267C 17 416
YDR268W 18 219
YDR269C 2 89
YDR270W 29 475
YDR271C 9 142
YDR272W 11 124
YDR273W 7 30
YDR274C 49 6419
YDR275W 21 408
YDR276C 11 1598
YDR277C 36 742
YDR278C 7 257
YDR279W 16 194
YDR280W 9 172
YDR281C 0 0
YDR282C 20 460
YDR283C 57 1543
YDR284C 23 549
YDR285W 20 674
YDR286C 6 58
YDR287W 4 68
YDR288W 13 241
YDR289C 10 39
YDR290W 3 11
YDR291W 51 1241
YDR292C 16 417
YDR293C 48 1030
YDR294C 28 963
YDR295C 14 1216
YDR296W 6 229
YDR297W 19 399
YDR298C 8 34
YDR299W 14 89
YDR300C 25 539
YDR301W 31 537
YDR302W 6 17
YDR303C 24 632
YDR304C 18 631
YDR305C 16 1306
YDR306C 18 472
YDR307W 14 386
YDR308C 0 0
YDR309C 13 384
YDR310C 34 844
YDR311W 14 601
YDR312W 17 299
YDR313C 15 807
YDR314C 20 278
YDR315C 10 195
YDR316W 16 746
YDR317W 16 820
YDR318W 9 183
YDR319C 6 84
YDR320C 20 450
YDR320C-A 1 27
YDR320W-B 6 66
YDR321W 10 192
YDR322W 22 616
YDR322C-A 2 16
YDR323C 34 751
YDR324C 15 241
YDR325W 29 555
YDR326C 55 994
YDR327W 4 90
YDR328C 10 105
YDR329C 14 378
YDR330W 29 495
YDR331W 16 173
YDR332W 17 419
YDR333C 28 619
YDR334W 46 734
YDR335W 31 595
YDR336W 13 319
YDR337W 4 255
YDR338C 30 1181
YDR339C 6 126
YDR340W 8 138
YDR341C 13 266
YDR342C 4 1384
YDR343C 1 5
YDR344C 21 1033
YDR345C 47 3033
YDR346C 25 651
YDR347W 7 109
YDR348C 28 590
YDR349C 20 494
YDR350C 8 57
YDR351W 23 231
YDR352W 11 192
YDR353W 19 645
YDR354W 9 187
YDR354C-A 0 0
YDR355C 1 4
YDR356W 17 291
YDR357C 16 644
YDR358W 30 831
YDR359C 15 95
YDR360W 5 39
YDR361C 10 629
YDR362C 31 538
YDR363W 20 288
YDR363W-A 4 139
YDR364C 22 530
YDR365C 7 143
YDR366C 10 201
YDR367W 9 97
YDR368W 10 254
YDR369C 28 626
YDR370C 19 610
YDR371W 33 503
YDR371C-A 1 3
YDR372C 8 190
YDR373W 5 46
YDR374C 12 136
YDR374W-A 2 5
YDR375C 15 206
YDR376W 32 823
YDR377W 5 320
YDR378C 2 14
YDR379W 45 20366
YDR379C-A 6 125
YDR380W 31 726
YDR381W 22 740
YDR381C-A 1 26
YDR382W 5 15
YDR383C 9 347
YDR384C 19 680
YDR385W 6 131
YDR386W 20 1770
YDR387C 18 923
YDR388W 15 183
YDR389W 23 279
YDR390C 22 974
YDR391C 17 261
YDR392W 7 201
YDR393W 24 405
YDR394W 15 287
YDR395W 33 590
YDR396W 20 1253
YDR397C 22 1257
YDR398W 22 319
YDR399W 14 6353
YDR400W 25 660
YDR401W 9 1063
YDR402C 18 1215
YDR403W 38 894
YDR404C 4 58
YDR405W 35 960
YDR406W 136 21941
YDR406W-A 0 0
YDR407C 34 746
YDR408C 12 135
YDR409W 37 1533
YDR410C 15 479
YDR411C 12 192
YDR412W 1 2
YDR413C 0 0
YDR414C 26 4320
YDR415C 20 263
YDR416W 26 762
YDR417C 1 62
YDR418W 1 62
YDR419W 26 611
YDR420W 31 465
YDR421W 33 1401
YDR422C 38 3988
YDR423C 40 2521
YDR424C 5 50
YDR425W 28 533
YDR426C 9 173
YDR427W 4 296
YDR428C 16 593
YDR429C 3 167
YDR430C 63 1521
YDR431W 8 18
YDR432W 29 897
YDR433W 13 594
YDR434W 14 336
YDR435C 16 370
YDR436W 35 720
YDR437W 11 164
YDR438W 16 231
YDR439W 3 60
YDR440W 23 396
YDR441C 13 2624
YDR442W 10 245
YDR443C 57 1482
YDR444W 26 523
YDR445C 9 135
YDR446W 16 467
YDR447C 11 86
YDR448W 15 121
YDR449C 17 704
YDR450W 5 274
YDR451C 17 3132
YDR452W 42 1480
YDR453C 21 2044
YDR454C 1 1
YDR455C 13 317
YDR456W 33 828
YDR457W 120 2799
YDR458C 14 417
YDR459C 19 246
YDR460W 15 226
YDR461W 0 0
YDR461C-A 5 32
YDR462W 5 143
YDR463W 31 1344
YDR464W 17 160
YDR464C-A 0 0
YDR465C 18 422
YDR466W 25 3363
YDR467C 7 480
YDR468C 8 230
YDR469W 5 195
YDR470C 21 662
YDR471W 10 107
YDR472W 17 219
YDR473C 20 713
YDR475C 43 1317
YDR476C 29 1022
YDR477W 27 616
YDR478W 8 179
YDR479C 25 804
YDR480W 25 464
YDR481C 35 602
YDR482C 19 1149
YDR483W 17 631
YDR484W 14 206
YDR485C 22 454
YDR486C 15 931
YDR487C 6 30
YDR488C 47 3004
YDR489W 13 126
YDR490C 58 1720
YDR491C 21 1158
YDR492W 13 186
YDR493W 12 261
YDR494W 11 418
YDR495C 16 205
YDR496C 25 316
YDR497C 48 1523
YDR498C 6 55
YDR499W 20 334
YDR500C 7 93
YDR501W 8 86
YDR502C 31 846
YDR503C 12 268
YDR504C 4 5
YDR505C 12 171
YDR506C 38 2390
YDR507C 50 1107
YDR508C 44 1785
YDR509W 9 222
YDR510W 2 43
YDR510C-A 1 1
YDR511W 8 529
YDR512C 40 1313
YDR513W 5 146
YDR514C 21 1560
YDR515W 3 53
YDR516C 27 1899
YDR517W 30 489
YDR518W 30 506
YDR519W 3 8
YDR520C 16 377
YDR521W 7 84
YDR522C 18 476
YDR523C 30 1098
YDR524C 17 584
YDR524W-C 2 10
YDR524C-B 6 46
YDR524C-A 4 218
YDR525W 16 507
YDR525W-A 15 442
YDR526C 15 2143
YDR527W 32 14748
YDR528W 20 425
YDR529C 10 352
YDR530C 47 1632
YDR531W 17 442
YDR532C 8 206
YDR533C 7 157
YDR534C 16 652
YDR535C 33 2245
YDR536W 37 1777
YDR537C 7 56
YDR538W 8 58
YDR539W 17 879
YDR540C 4 87
YDR541C 30 866
YDR542W 1 8
YDR543C 8 1822
YDR544C 13 1182
YDR545W 0 0
YDR545C-A 0 0
YEL077C 6 110
YEL077W-A 0 0
YEL076C-A 0 0
YEL076C 0 0
YEL075W-A 0 0
YEL075C 0 0
YEL074W 9 83
YEL073C 4 96
YEL072W 21 363
YEL071W 29 1582
YEL070W 8 747
YEL069C 29 643
YEL068C 2 23
YEL067C 36 5621
YEL066W 22 997
YEL065W 46 1752
YEL064C 23 1365
YEL063C 16 262
YEL062W 25 475
YEL061C 29 596
YEL060C 47 906
YEL059C-A 8 65
YEL059W 22 2102
YEL058W 25 661
YEL057C 15 208
YEL056W 25 1035
YEL055C 27 365
YEL054C 3 13
YEL053W-A 1 10
YEL053C 13 381
YEL052W 11 373
YEL051W 7 56
YEL050W-A 3 152
YEL050C 14 530
YEL049W 1 12
YEL048C 1 7
YEL047C 20 627
YEL046C 30 2031
YEL045C 21 842
YEL044W 10 678
YEL043W 32 692
YEL042W 20 939
YEL041W 32 1074
YEL040W 46 1494
YEL039C 12 390
YEL038W 19 478
YEL037C 15 411
YEL036C 19 284
YEL035C 26 11338
YEL034C-A 15 248
YEL034W 10 212
YEL033W 30 1635
YEL032W 49 520
YEL032C-A 5 74
YEL031W 42 1029
YEL030C-A 2 2
YEL030W 13 99
YEL029C 10 644
YEL028W 1 1
YEL027W 2 29
YEL026W 0 0
YEL025C 56 1136
YEL024W 11 289
YEL023C 34 4973
YEL022W 41 1030
YEL021W 59 1783
YEL020C-B 5 24
YEL020W-A 5 24
YEL020C 34 861
YEL019C 7 293
YEL018C-A 10 207
YEL018W 13 342
YEL017C-A 2 31
YEL017W 11 126
YEL016C 30 5367
YEL015W 25 793
YEL014C 10 224
YEL013W 12 287
YEL012W 27 1222
YEL011W 57 6232
YEL010W 4 20
YEL009C-A 7 71
YEL009C 21 338
YEL008W 40 4689
YEL008C-A 10 701
YEL007W 13 272
YEL006W 31 2703
YEL005C 10 383
YEL004W 23 665
YEL003W 10 218
YEL002C 36 1593
YEL001C 28 1565
YER001W 56 1373
YER002W 1 10
YER003C 25 653
YER004W 26 458
YER005W 47 2342
YER006W 17 804
YER006C-A 11 226
YER007W 18 289
YER007C-A 12 360
YER008C 21 387
YER009W 1 1
YER010C 15 761
YER011W 6 109
YER012W 4 21
YER013W 33 510
YER014W 11 134
YER014C-A 19 1937
YER015W 28 530
YER016W 16 343
YER017C 36 557
YER018C 22 461
YER019W 37 1251
YER019C-A 3 25
YER020W 27 803
YER021W 13 341
YER022W 18 418
YER023W 6 130
YER023C-A 2 61
YER024W 52 29771
YER025W 3 62
YER026C 8 65
YER027C 20 463
YER028C 25 663
YER029C 1 442
YER030W 0 0
YER031C 5 87
YER032W 24 174
YER033C 29 1201
YER034W 21 789
YER035W 18 199
YER036C 34 668
YER037W 15 616
YER038C 13 164
YER038W-A 4 26
YER039C 12 192
YER039C-A 1 6
YER040W 13 471
YER041W 29 717
YER042W 13 1364
YER043C 27 791
YER044C 11 479
YER044C-A 27 556
YER045C 13 220
YER046W 7 188
YER046W-A 7 33
YER047C 30 376
YER048C 15 296
YER048W-A 0 0
YER049W 16 365
YER050C 6 19
YER051W 26 486
YER052C 9 62
YER053C 11 230
YER053C-A 1 2
YER054C 45 1509
YER055C 15 226
YER056C 28 674
YER056C-A 9 60
YER057C 9 694
YER058W 9 39
YER059W 8 250
YER060W 22 779
YER060W-A 22 561
YER061C 11 176
YER062C 10 127
YER063W 11 908
YER064C 15 259
YER065C 62 4070
YER066W 5 106
YER066C-A 14 335
YER067W 14 248
YER067C-A 10 166
YER068W 27 1992
YER068C-A 17 1915
YER069W 55 1254
YER070W 48 1576
YER071C 1 10
YER072W 11 252
YER073W 21 283
YER074W 3 5
YER074W-A 4 26
YER075C 26 394
YER076C 13 143
YER076W-A 3 20
YER077C 21 332
YER078C 23 574
YER078W-A 7 452
YER079W 15 2601
YER079C-A 1 1
YER080W 18 646
YER081W 55 1727
YER082C 19 321
YER083C 14 573
YER084W 14 287
YER084W-A 6 36
YER085C 6 36
YER086W 17 332
YER087W 32 1089
YER087C-A 14 341
YER087C-B 1 9
YER088C 47 2444
YER088C-A 37 2542
YER088W-B 10 371
YER089C 47 1942
YER090W 14 195
YER090C-A 0 0
YER091C 17 384
YER091C-A 22 1254
YER092W 10 835
YER093C 33 3874
YER093C-A 12 165
YER094C 6 124
YER095W 11 248
YER096W 9 219
YER097W 8 200
YER098W 18 355
YER099C 10 64
YER100W 6 159
YER101C 14 1155
YER102W 7 50
YER103W 20 575
YER104W 14 138
YER105C 40 858
YER106W 7 69
YER107C 8 266
YER107W-A 4 57
YER109C 18 288
YER110C 19 290
YER111C 31 1206
YER112W 0 0
YER113C 23 627
YER114C 42 1109
YER115C 6 106
YER116C 5 12
YER117W 7 30
YER118C 9 91
YER119C 43 986
YER119C-A 19 1164
YER120W 7 62
YER121W 10 1464
YER122C 14 815
YER123W 20 1156
YER124C 10 213
YER125W 29 507
YER126C 6 205
YER127W 5 48
YER128W 16 432
YER129W 57 1967
YER130C 35 1687
YER131W 2 6
YER132C 73 4253
YER133W 7 64
YER133W-A 2 46
YER134C 10 284
YER135C 8 336
YER136W 17 186
YER137C 8 369
YER137W-A 6 348
YER138W-A 0 0
YER139C 4 32
YER140W 26 5700
YER141W 14 357
YER142C 11 175
YER143W 20 527
YER144C 44 1029
YER145C 66 3403
YER145C-A 9 308
YER146W 4 24
YER147C 70 2296
YER147C-A 5 219
YER148W 6 226
YER148W-A 12 175
YER149C 20 374
YER150W 6 258
YER151C 33 582
YER152C 32 700
YER152W-A 8 161
YER153C 27 351
YER154W 23 529
YER155C 75 1320
YER156C 9 140
YER157W 22 535
YER158C 22 471
YER158W-A 6 19
YER159C 10 50
YER161C 8 357
YER162C 13 141
YER163C 19 619
YER164W 30 712
YER165W 5 50
YER165C-A 2 2
YER166W 94 2320
YER167W 40 1889
YER168C 21 904
YER169W 30 1117
YER170W 6 253
YER171W 30 742
YER172C 55 958
YER172C-A 6 109
YER173W 24 684
YER174C 11 530
YER175C 21 643
YER175W-A 7 229
YER176W 89 9124
YER177W 15 123
YER178W 27 4923
YER179W 16 405
YER180C 9 205
YER180C-A 5 4953
YER181C 4 69
YER182W 10 96
YER183C 20 576
YER184C 16 334
YER185W 22 550
YER186C 20 693
YER187W 14 324
YER188W 9 119
YER188C-A 5 648
YER189W 0 0
YER190W 4 74
YER190C-A 0 0
YER190C-B 0 0
YFL068W 0 0
YFL067W 1 4
YFL066C 0 0
YFL065C 0 0
YFL064C 0 0
YFL063W 7 413
YFL062W 2 32
YFL061W 1 22
YFL060C 2 26
YFL059W 5 372
YFL058W 1 2
YFL057C 1 3
YFL056C 4 58
YFL055W 22 588
YFL054C 26 911
YFL053W 23 578
YFL052W 30 2571
YFL051C 10 458
YFL050C 26 978
YFL049W 8 119
YFL048C 23 422
YFL047W 32 1186
YFL046W 16 500
YFL045C 3 38
YFL044C 14 418
YFL042C 25 530
YFL041W-A 2 178
YFL041W 29 537
YFL040W 26 954
YFL039C 13 286
YFL038C 23 696
YFL037W 21 780
YFL036W 29 752
YFL034C-B 11 226
YFL034C-A 10 233
YFL034W 31 691
YFL033C 82 3138
YFL032W 18 2404
YFL031W 13 564
YFL031C-A 1 1
YFL030W 29 372
YFL029C 13 583
YFL028C 22 1042
YFL027C 14 369
YFL026W 15 118
YFL025C 21 487
YFL024C 44 1138
YFL023W 28 503
YFL022C 9 297
YFL021C-A 53 2925
YFL021W 35 1251
YFL020C 1 2
YFL019C 1 4
YFL018C 16 196
YFL017W-A 6 29
YFL017C 11 321
YFL016C 41 570
YFL015W-A 12 312
YFL015C 25 691
YFL014W 8 984
YFL013W-A 22 905
YFL013C 27 895
YFL012W-A 19 1254
YFL012W 8 163
YFL011W 19 571
YFL010W-A 1 4
YFL010C 6 272
YFL009W 14 577
YFL008W 22 290
YFL007W 67 1681
YFL005W 5 61
YFL004W 27 2682
YFL003C 67 4997
YFL002C 31 440
YFL001W 47 760
YFR001W 5 155
YFR002W 31 900
YFR003C 8 214
YFR004W 12 72
YFR005C 15 289
YFR006W 34 2024
YFR007W 32 1364
YFR008W 5 25
YFR009W 22 1173
YFR009W-A 0 0
YFR010W 27 496
YFR010W-A 1 1
YFR011C 12 231
YFR012W 8 84
YFR012W-A 0 0
YFR013W 25 495
YFR014C 20 673
YFR015C 40 739
YFR016C 43 5281
YFR017C 40 1290
YFR018C 69 2816
YFR019W 70 1773
YFR020W 8 261
YFR021W 21 419
YFR022W 36 895
YFR023W 16 229
YFR024C-A 21 424
YFR025C 31 1548
YFR026C 10 81
YFR027W 13 270
YFR028C 9 277
YFR029W 32 2189
YFR030W 14 268
YFR031C 28 782
YFR031C-A 6 132
YFR032C 17 232
YFR032C-A 3 53
YFR032C-B 11 1022
YFR033C 16 492
YFR034C 57 4896
YFR034W-A 27 4862
YFR035C 34 5275
YFR036W 12 164
YFR036W-A 10 289
YFR037C 18 564
YFR038W 22 772
YFR039C 7 207
YFR040W 27 802
YFR041C 16 536
YFR042W 1 2
YFR043C 12 191
YFR044C 22 386
YFR045W 11 530
YFR046C 15 332
YFR047C 11 605
YFR048W 47 989
YFR049W 6 72
YFR050C 10 202
YFR051C 30 1759
YFR052W 10 52
YFR052C-A 9 180
YFR053C 38 4083
YFR054C 3 6
YFR056C 12 614
YFR055W 20 307
YFR057W 1 1
YGL263W 23 704
YGL262W 11 113
YGL261C 4 209
YGL260W 0 0
YGL259W 0 0
YGL258W-A 1 11
YGL258W 0 0
YGL257C 17 392
YGL256W 15 414
YGL255W 21 1064
YGL254W 35 928
YGL253W 22 923
YGL252C 22 656
YGL251C 38 781
YGL250W 13 257
YGL249W 41 1738
YGL248W 17 376
YGL247W 6 138
YGL246C 22 713
YGL245W 28 508
YGL244W 15 209
YGL243W 9 365
YGL242C 11 121
YGL241W 26 550
YGL240W 6 31
YGL239C 6 163
YGL238W 31 1311
YGL237C 10 164
YGL236C 47 3429
YGL235W 14 1320
YGL234W 43 1385
YGL233W 16 206
YGL232W 13 396
YGL231C 7 70
YGL230C 1 6
YGL229C 32 719
YGL228W 17 368
YGL227W 33 984
YGL226C-A 4 154
YGL226W 8 303
YGL225W 15 264
YGL224C 15 159
YGL223C 15 1205
YGL222C 3 44
YGL221C 12 400
YGL220W 5 326
YGL219C 20 937
YGL218W 10 797
YGL217C 7 47
YGL216W 44 1677
YGL215W 11 111
YGL214W 6 46
YGL213C 15 141
YGL212W 12 198
YGL211W 13 343
YGL210W 11 171
YGL209W 18 323
YGL208W 64 5702
YGL207W 29 507
YGL206C 48 1299
YGL205W 43 1799
YGL204C 4 40
YGL203C 46 1416
YGL202W 26 677
YGL201C 51 1415
YGL200C 12 121
YGL199C 10 73
YGL198W 12 80
YGL197W 25 263
YGL196W 22 612
YGL195W 79 1806
YGL194C-A 4 51
YGL194C 15 169
YGL193C 8 254
YGL192W 33 516
YGL191W 17 1049
YGL190C 19 401
YGL189C 15 274
YGL188C-A 4 37
YGL188C 8 2485
YGL187C 20 334
YGL186C 19 400
YGL185C 29 688
YGL184C 19 282
YGL183C 10 152
YGL182C 7 88
YGL181W 17 289
YGL180W 34 444
YGL179C 27 390
YGL178W 60 7612
YGL177W 21 4573
YGL176C 16 1251
YGL175C 13 669
YGL174W 12 787
YGL173C 58 2285
YGL172W 12 158
YGL171W 13 241
YGL170C 6 121
YGL169W 20 702
YGL168W 3 11
YGL167C 35 394
YGL166W 18 238
YGL165C 25 3583
YGL164C 13 350
YGL163C 42 760
YGL162W 12 2144
YGL161C 17 488
YGL160W 24 511
YGL159W 8 28
YGL158W 30 1334
YGL157W 18 2954
YGL156W 51 1829
YGL155W 16 486
YGL154C 8 112
YGL153W 16 242
YGL152C 17 4068
YGL151W 26 3466
YGL150C 41 832
YGL149W 23 1206
YGL148W 23 963
YGL147C 10 442
YGL146C 26 762
YGL145W 21 812
YGL144C 21 476
YGL143C 14 266
YGL142C 11 336
YGL141W 37 1173
YGL140C 29 818
YGL139W 35 2979
YGL138C 11 376
YGL137W 32 691
YGL136C 18 999
YGL135W 9 238
YGL134W 15 169
YGL133W 50 1291
YGL132W 2 11
YGL131C 41 2656
YGL130W 9 217
YGL129C 4 67
YGL128C 1 5
YGL127C 6 108
YGL126W 100 8455
YGL125W 87 9003
YGL124C 14 383
YGL123W 3 319
YGL123C-A 1 311
YGL122C 18 4675
YGL121C 10 320
YGL120C 26 580
YGL119W 17 313
YGL118C 13 697
YGL117W 17 615
YGL116W 30 606
YGL115W 12 426
YGL114W 26 519
YGL113W 14 336
YGL112C 4 7
YGL111W 12 318
YGL110C 22 545
YGL109W 5 112
YGL108C 5 32
YGL107C 19 435
YGL106W 2 9
YGL105W 15 355
YGL104C 16 202
YGL103W 21 491
YGL102C 14 461
YGL101W 6 118
YGL100W 7 252
YGL099W 8 140
YGL098W 6 35
YGL097W 36 699
YGL096W 12 405
YGL095C 19 297
YGL094C 44 1091
YGL093W 19 1014
YGL092W 20 374
YGL091C 14 88
YGL090W 11 716
YGL089C 3 90
YGL088W 10 158
YGL087C 16 1115
YGL086W 30 1124
YGL085W 16 805
YGL084C 19 649
YGL083W 40 521
YGL082W 22 417
YGL081W 13 720
YGL080W 5 126
YGL079W 3 70
YGL078C 9 310
YGL077C 21 283
YGL076C 7 327
YGL075C 11 36
YGL074C 17 379
YGL073W 60 1445
YGL072C 23 954
YGL071W 35 1332
YGL070C 5 53
YGL069C 3 73
YGL068W 3 73
YGL067W 10 171
YGL066W 17 195
YGL065C 14 435
YGL064C 22 471
YGL063W 99 19036
YGL063C-A 18 11524
YGL062W 63 1196
YGL061C 10 220
YGL060W 17 244
YGL059W 19 358
YGL058W 5 46
YGL057C 11 268
YGL056C 26 366
YGL055W 39 872
YGL054C 11 158
YGL053W 3 13
YGL052W 3 119
YGL051W 9 279
YGL050W 15 687
YGL049C 28 624
YGL048C 7 27
YGL047W 9 1137
YGL045W 33 2223
YGL044C 7 94
YGL043W 15 192
YGL042C 5 17
YGL041C-B 2 490
YGL041W-A 9 266
YGL041C 5 106
YGL040C 9 154
YGL039W 10 397
YGL038C 23 400
YGL037C 9 311
YGL036W 30 574
YGL035C 21 461
YGL034C 7 128
YGL033W 10 189
YGL032C 1 4
YGL031C 1 36
YGL030W 1 2
YGL029W 3 14
YGL028C 6 64
YGL027C 22 479
YGL026C 25 1437
YGL025C 9 93
YGL024W 5 152
YGL023C 16 263
YGL022W 42 1150
YGL021W 26 584
YGL020C 2 5
YGL019W 10 116
YGL018C 13 323
YGL017W 9 458
YGL016W 20 435
YGL015C 6 51
YGL014W 26 787
YGL014C-A 1 9
YGL013C 30 965
YGL012W 20 492
YGL011C 10 136
YGL010W 9 150
YGL009C 43 1699
YGL008C 47 2092
YGL007C-A 2 28
YGL007W 18 7165
YGL006W-A 5 53
YGL006W 34 678
YGL005C 23 460
YGL004C 48 1945
YGL003C 52 2960
YGL002W 21 704
YGL001C 43 3458
YGR001C 22 1623
YGR002C 27 1433
YGR003W 40 1357
YGR004W 25 1316
YGR005C 11 203
YGR006W 22 1120
YGR007W 16 464
YGR008C 13 1556
YGR009C 12 245
YGR010W 16 190
YGR011W 2 27
YGR012W 21 1118
YGR013W 51 1552
YGR014W 30 550
YGR015C 26 373
YGR016W 13 540
YGR017W 10 56
YGR018C 3 12
YGR019W 47 1449
YGR020C 0 0
YGR021W 21 391
YGR022C 5 134
YGR023W 17 315
YGR024C 2 12
YGR025W 19 4138
YGR026W 11 1078
YGR027C 7 112
YGR028W 17 449
YGR029W 10 252
YGR030C 10 292
YGR031W 83 4802
YGR031C-A 38 1032
YGR032W 89 1470
YGR033C 9 250
YGR034W 4 30
YGR035C 6 180
YGR035W-A 10 909
YGR036C 12 232
YGR037C 2 13
YGR038W 16 767
YGR039W 9 176
YGR040W 28 1258
YGR041W 49 1204
YGR042W 11 74
YGR043C 28 1711
YGR044C 6 199
YGR045C 23 2328
YGR046W 11 330
YGR047C 24 557
YGR048W 16 592
YGR049W 19 987
YGR050C 15 551
YGR051C 27 3315
YGR052W 38 683
YGR053C 14 257
YGR054W 38 1305
YGR055W 17 287
YGR056W 30 650
YGR057C 7 74
YGR058W 11 276
YGR059W 9 161
YGR060W 15 159
YGR061C 42 1949
YGR062C 9 107
YGR063C 5 65
YGR064W 14 295
YGR065C 12 625
YGR066C 4 18
YGR067C 38 1194
YGR068C 89 5489
YGR068W-A 3 68
YGR069W 16 623
YGR070W 56 1902
YGR071C 26 1261
YGR072W 6 75
YGR073C 6 82
YGR074W 4 68
YGR075C 1 30
YGR076C 5 152
YGR077C 15 327
YGR078C 5 55
YGR079W 26 1423
YGR080W 18 593
YGR081C 10 761
YGR082W 7 467
YGR083C 19 376
YGR084C 12 174
YGR085C 4 80
YGR086C 16 400
YGR087C 55 652
YGR088W 16 630
YGR089W 22 387
YGR090W 12 211
YGR091W 10 45
YGR092W 16 493
YGR093W 26 1398
YGR094W 32 1027
YGR095C 5 76
YGR096W 28 2338
YGR097W 38 492
YGR098C 17 110
YGR099W 18 263
YGR100W 43 553
YGR101W 11 487
YGR102C 3 87
YGR103W 9 467
YGR104C 10 215
YGR105W 4 25
YGR106C 6 36
YGR107W 35 2819
YGR108W 13 124
YGR109C 12 130
YGR110W 7 109
YGR111W 13 1344
YGR112W 13 215
YGR113W 15 291
YGR114C 1 2
YGR115C 3 45
YGR116W 24 491
YGR117C 11 216
YGR118W 6 19
YGR119C 19 568
YGR120C 7 113
YGR121C 50 1292
YGR121W-A 25 3533
YGR122W 21 857
YGR122C-A 0 0
YGR123C 31 959
YGR124W 29 849
YGR125W 32 1218
YGR126W 10 147
YGR127W 15 1372
YGR128C 6 31
YGR129W 17 960
YGR130C 45 1952
YGR131W 7 661
YGR132C 14 479
YGR133W 12 254
YGR134W 38 680
YGR135W 5 41
YGR136W 11 392
YGR137W 1 168
YGR138C 21 134
YGR139W 8 110
YGR140W 33 365
YGR141W 42 998
YGR142W 8 75
YGR143W 37 997
YGR144W 18 274
YGR145W 14 509
YGR146C 4 110
YGR146C-A 9 191
YGR147C 15 227
YGR148C 16 312
YGR149W 15 290
YGR150C 21 232
YGR151C 3 106
YGR152C 4 126
YGR153W 13 171
YGR154C 15 429
YGR155W 22 523
YGR156W 21 640
YGR157W 31 7757
YGR158C 11 210
YGR159C 19 207
YGR160W 0 0
YGR161C 20 293
YGR161W-C 8 166
YGR162W 19 485
YGR163W 10 152
YGR164W 14 413
YGR165W 5 58
YGR166W 14 158
YGR167W 10 169
YGR168C 13 90
YGR169C 25 387
YGR169C-A 2 2
YGR170W 47 1705
YGR171C 15 221
YGR172C 8 307
YGR173W 16 718
YGR174C 9 138
YGR174W-A 1 1
YGR175C 29 934
YGR176W 25 941
YGR177C 54 1571
YGR178C 37 1313
YGR179C 18 668
YGR180C 24 780
YGR181W 8 211
YGR182C 18 365
YGR183C 4 60
YGR184C 81 1946
YGR185C 10 393
YGR186W 12 195
YGR187C 7 51
YGR188C 12 187
YGR189C 12 222
YGR190C 9 88
YGR191W 14 171
YGR192C 16 654
YGR193C 11 240
YGR194C 17 244
YGR195W 15 310
YGR196C 21 561
YGR197C 35 2450
YGR198W 24 378
YGR199W 41 1092
YGR200C 27 433
YGR201C 15 371
YGR202C 29 741
YGR203W 51 2542
YGR204W 66 3300
YGR204C-A 1 1
YGR205W 8 720
YGR206W 3 154
YGR207C 7 122
YGR208W 20 860
YGR209C 9 3356
YGR210C 60 1466
YGR211W 24 216
YGR212W 17 146
YGR213C 17 239
YGR214W 10 131
YGR215W 8 260
YGR216C 12 258
YGR217W 65 1659
YGR218W 19 245
YGR219W 4 29
YGR220C 18 448
YGR221C 19 317
YGR222W 10 175
YGR223C 14 169
YGR224W 18 245
YGR225W 16 298
YGR226C 2 28
YGR227W 6 26
YGR228W 3 32
YGR229C 17 604
YGR230W 18 763
YGR231C 13 121
YGR232W 17 217
YGR233C 43 835
YGR234W 13 173
YGR235C 9 104
YGR236C 18 365
YGR237C 33 694
YGR238C 39 1436
YGR239C 29 3086
YGR240C 29 522
YGR240C-A 22 1761
YGR241C 35 1022
YGR242W 4 94
YGR243W 5 26
YGR244C 54 2434
YGR245C 30 372
YGR246C 16 227
YGR247W 11 220
YGR248W 18 427
YGR249W 14 1482
YGR250C 33 1223
YGR251W 10 511
YGR252W 20 799
YGR253C 7 128
YGR254W 13 194
YGR255C 30 631
YGR256W 29 1317
YGR257C 23 483
YGR258C 52 2394
YGR259C 6 5251
YGR260W 33 5921
YGR261C 36 968
YGR262C 11 325
YGR263C 22 374
YGR264C 17 253
YGR265W 16 1352
YGR266W 28 700
YGR267C 18 2008
YGR268C 18 3241
YGR269W 15 653
YGR270W 54 1253
YGR270C-A 8 301
YGR271W 79 1731
YGR271C-A 2 180
YGR273C 1 1
YGR274C 19 507
YGR275W 5 427
YGR276C 12 90
YGR277C 7 163
YGR278W 12 80
YGR279C 19 1816
YGR280C 20 349
YGR281W 79 1530
YGR282C 16 1063
YGR283C 15 661
YGR284C 13 281
YGR285C 11 299
YGR286C 24 1072
YGR287C 30 1012
YGR288W 20 238
YGR289C 16 221
YGR290W 1 1
YGR291C 7 47
YGR292W 2 2
YGR293C 0 0
YGR294W 1 2
YGR295C 10 119
YGR296W 0 0
YGR296C-A 0 0
YGR296C-B 0 0
YHL050C 3 24
YHL050W-A 2 18
YHL049C 0 0
YHL048C-A 2 4
YHL048W 8 99
YHL047C 22 501
YHL046W-A 2 3
YHL046C 1 3
YHL045W 9 157
YHL044W 15 2035
YHL043W 4 15
YHL042W 29 3536
YHL041W 16 968
YHL040C 23 513
YHL039W 18 956
YHL038C 18 183
YHL037C 20 3167
YHL036W 36 1307
YHL035C 53 1277
YHL034W-A 3 47
YHL034C 3 39
YHL033C 14 362
YHL032C 51 1309
YHL031C 21 1349
YHL030W-A 10 234
YHL030W 48 1335
YHL029C 33 906
YHL028W 39 2793
YHL027W 37 1552
YHL026C 19 247
YHL025W 52 4098
YHL024W 52 1379
YHL023C 44 883
YHL022C 9 70
YHL021C 25 617
YHL020C 28 539
YHL019W-A 16 1489
YHL019C 22 1210
YHL018W 7 494
YHL017W 18 438
YHL016C 40 833
YHL015W-A 2 4
YHL015W 0 0
YHL014C 26 727
YHL013C 8 95
YHL012W 21 1525
YHL011C 7 198
YHL010C 37 1027
YHL009C 10 478
YHL008C 9 96
YHL007C 60 4118
YHL006W-A 14 530
YHL006C 32 1880
YHL005C 21 5546
YHL004W 27 492
YHL003C 12 783
YHL002C-A 10 393
YHL002W 32 1240
YHL001W 5 171
YHR001W 65 3033
YHR001W-A 14 2184
YHR002W 40 1194
YHR003C 35 937
YHR004C 28 552
YHR005C 11 287
YHR005C-A 6 50
YHR006W 23 344
YHR007C 18 465
YHR007C-A 22 3784
YHR008C 16 576
YHR009C 25 506
YHR010W 1 1
YHR011W 13 297
YHR012W 8 44
YHR013C 6 182
YHR014W 3 9
YHR015W 14 215
YHR016C 20 542
YHR017W 18 1342
YHR018C 21 636
YHR019C 18 300
YHR020W 15 252
YHR021C 3 20
YHR021W-A 5 136
YHR022C 13 672
YHR022C-A 5 79
YHR023W 50 1130
YHR024C 14 138
YHR025W 9 263
YHR026W 10 156
YHR027C 25 216
YHR028C 40 1370
YHR028W-A 15 25838
YHR029C 15 645
YHR030C 22 271
YHR031C 44 3437
YHR032W 68 2588
YHR032W-A 8 1574
YHR032C-A 6 1502
YHR033W 64 1984
YHR034C 32 1893
YHR035W 37 1247
YHR036W 19 2289
YHR037W 20 608
YHR038W 5 113
YHR039C 25 570
YHR039C-A 6 33
YHR040W 23 671
YHR041C 13 227
YHR042W 22 234
YHR043C 17 217
YHR044C 16 403
YHR045W 23 488
YHR046C 16 829
YHR047C 30 829
YHR048W 26 1291
YHR049W 22 501
YHR049C-A 6 588
YHR050W 54 6589
YHR050W-A 6 81
YHR051W 5 19
YHR052W 10 68
YHR052W-A 0 0
YHR053C 0 0
YHR054C 0 0
YHR054W-A 0 0
YHR055C 0 0
YHR056C 23 5773
YHR056W-A 8 2320
YHR057C 19 170
YHR058C 10 541
YHR059W 3 473
YHR060W 5 80
YHR061C 15 321
YHR062C 17 393
YHR063C 17 504
YHR063W-A 8 336
YHR064C 9 373
YHR065C 24 671
YHR066W 12 233
YHR067W 21 477
YHR068W 16 512
YHR069C 11 477
YHR069C-A 8 54
YHR070W 43 3659
YHR070C-A 38 3503
YHR071W 26 895
YHR071C-A 8 224
YHR072W 33 687
YHR072W-A 1 14
YHR073W 40 795
YHR073W-A 6 333
YHR073C-B 1 39
YHR074W 22 371
YHR075C 13 375
YHR076W 8 231
YHR077C 27 543
YHR078W 15 317
YHR079C 36 625
YHR079C-A 1 4
YHR080C 75 4015
YHR081W 3 73
YHR082C 40 1010
YHR083W 18 326
YHR084W 25 376
YHR085W 4 16
YHR086W 20 1358
YHR086W-A 15 422
YHR087W 15 565
YHR088W 4 11
YHR089C 6 93
YHR090C 4 24
YHR091C 29 592
YHR092C 20 464
YHR093W 6 70
YHR094C 25 943
YHR095W 15 1069
YHR096C 35 732
YHR097C 29 549
YHR098C 32 707
YHR099W 92 2052
YHR100C 6 181
YHR101C 9 335
YHR102W 22 366
YHR103W 22 331
YHR104W 13 233
YHR105W 1 18
YHR106W 11 79
YHR107C 5 448
YHR108W 21 612
YHR109W 9 180
YHR110W 6 354
YHR111W 10 144
YHR112C 26 1019
YHR113W 27 1055
YHR114W 24 539
YHR115C 28 2361
YHR116W 12 380
YHR117W 21 651
YHR118C 14 151
YHR119W 31 436
YHR120W 18 128
YHR121W 9 127
YHR122W 11 285
YHR123W 16 184
YHR124W 33 2620
YHR125W 6 197
YHR126C 16 931
YHR127W 4 137
YHR128W 13 683
YHR129C 19 274
YHR130C 5 4912
YHR131C 21 386
YHR131W-A 4 48
YHR132C 23 456
YHR132W-A 8 404
YHR133C 11 128
YHR134W 8 250
YHR135C 48 1702
YHR136C 17 968
YHR137W 4 25
YHR137C-A 2 2
YHR138C 10 234
YHR139C 7 123
YHR139C-A 11 460
YHR140W 20 572
YHR141C 3 24
YHR142W 15 155
YHR143W 6 137
YHR143W-A 0 0
YHR144C 13 346
YHR145C 6 17
YHR146W 8 299
YHR147C 2 120
YHR148W 12 583
YHR149C 19 402
YHR150W 23 250
YHR151C 20 583
YHR152W 9 93
YHR153C 12 248
YHR154W 31 656
YHR155W 25 564
YHR156C 24 732
YHR157W 13 292
YHR158C 31 822
YHR159W 18 363
YHR160C 9 300
YHR161C 45 2296
YHR162W 0 0
YHR163W 4 41
YHR164C 28 562
YHR165C 69 1252
YHR165W-A 5 14
YHR166C 34 3210
YHR167W 6 206
YHR168W 20 492
YHR169W 22 611
YHR170W 11 340
YHR171W 21 323
YHR172W 27 1211
YHR173C 22 810
YHR174W 33 1229
YHR175W 15 855
YHR175W-A 4 18
YHR176W 28 597
YHR177W 24 389
YHR178W 35 1114
YHR179W 12 92
YHR180W 12 190
YHR180W-A 0 0
YHR180C-B 0 0
YHR181W 8 74
YHR182W 45 1143
YHR182C-A 9 102
YHR183W 21 308
YHR184W 14 248
YHR185C 1 3
YHR186C 42 757
YHR187W 9 199
YHR188C 26 611
YHR189W 15 282
YHR190W 27 498
YHR191C 2 57
YHR192W 16 842
YHR193C 5 350
YHR193C-A 9 158
YHR194W 39 1091
YHR195W 17 506
YHR196W 17 520
YHR197W 7 95
YHR198C 16 219
YHR199C 21 1146
YHR199C-A 6 73
YHR200W 15 515
YHR201C 6 83
YHR202W 19 379
YHR203C 2 10
YHR204W 38 1357
YHR205W 12 227
YHR206W 18 383
YHR207C 20 384
YHR208W 19 345
YHR209W 8 1404
YHR210C 11 381
YHR211W 26 632
YHR212C 0 0
YHR212W-A 0 0
YHR213W 0 0
YHR213W-A 0 0
YHR213W-B 7 445
YHR214W 1 6
YHR214W-A 0 0
YHR214C-D 0 0
YHR214C-E 1 15
YHR215W 2 15
YHR216W 20 1001
YHR217C 8 46
YHR218W 0 0
YHR218W-A 0 0
YHR219W 0 0
YHR219C-A 0 0
YIL177C 0 0
YIL177W-A 0 0
YIL176C 0 0
YIL173W 1 3
YIL172C 0 0
YIL171W-A 0 0
YIL169C 10 204
YIL166C 22 492
YIL165C 9 166
YIL164C 20 278
YIL163C 17 1752
YIL162W 44 3620
YIL161W 2 60
YIL160C 20 364
YIL159W 52 897
YIL158W 12 264
YIL157C 8 722
YIL156W-A 7 158
YIL156W-B 9 253
YIL156W 38 3906
YIL155C 60 1787
YIL154C 70 2779
YIL153W 24 364
YIL152W 18 750
YIL151C 30 334
YIL150C 21 508
YIL149C 50 1058
YIL148W 0 0
YIL147C 19 225
YIL146C 6 255
YIL145C 10 55
YIL144W 17 615
YIL143C 33 675
YIL142C-A 3 59
YIL142W 27 580
YIL141W 3 111
YIL140W 27 434
YIL139C 18 446
YIL138C 6 353
YIL137C 51 1058
YIL136W 23 532
YIL135C 26 587
YIL134C-A 10 319
YIL134W 7 99
YIL133C 6 77
YIL132C 28 4865
YIL131C 28 1149
YIL130W 35 1055
YIL129C 66 1218
YIL128W 31 838
YIL127C 6 62
YIL126W 35 1172
YIL125W 65 1510
YIL124W 9 164
YIL123W 39 1250
YIL122W 15 122
YIL121W 31 1021
YIL120W 40 2278
YIL119C 9 225
YIL118W 14 400
YIL117C 9 125
YIL116W 17 366
YIL115W-A 4 31
YIL115C 36 778
YIL114C 5 60
YIL113W 15 881
YIL112W 42 1123
YIL111W 7 459
YIL110W 8 145
YIL109C 41 1038
YIL108W 51 3401
YIL107C 25 677
YIL106W 12 579
YIL105C 47 1468
YIL105W-A 4 38
YIL104C 23 702
YIL103W 18 321
YIL102C-A 7 154
YIL102C 2 265
YIL101C 45 3537
YIL100C-A 30 1774
YIL100W 30 1812
YIL099W 34 787
YIL098C 6 90
YIL097W 13 698
YIL096C 16 319
YIL095W 27 604
YIL094C 12 339
YIL093C 10 114
YIL092W 24 671
YIL091C 34 940
YIL090W 10 208
YIL089W 10 618
YIL088C 25 452
YIL087C 5 210
YIL086C 7 347
YIL085C 33 1190
YIL084C 15 263
YIL083C 8 178
YIL082W 4 83
YIL079C 16 431
YIL078W 27 694
YIL077C 41 1563
YIL076W 8 173
YIL075C 27 1362
YIL074C 31 871
YIL073C 30 630
YIL072W 18 306
YIL071W-A 2 105
YIL071C 10 1047
YIL070C 3 19
YIL069C 4 50
YIL068W-A 12 277
YIL068C 28 646
YIL067C 29 1136
YIL066W-A 3 39
YIL066C 31 907
YIL065C 16 383
YIL064W 25 827
YIL063C 12 213
YIL062C 4 169
YIL061C 11 146
YIL060W 4 191
YIL059C 5 195
YIL058W 14 1023
YIL057C 11 87
YIL056W 26 1412
YIL055C 30 1125
YIL054W 23 671
YIL053W 15 393
YIL052C 0 0
YIL051C 14 655
YIL050W 9 181
YIL049W 15 373
YIL048W 23 164
YIL047C-A 9 190
YIL047C 61 1344
YIL046W-A 21 722
YIL046W 47 1208
YIL045W 24 1593
YIL044C 11 355
YIL043C 28 821
YIL042C 17 238
YIL041W 15 819
YIL040W 0 0
YIL039W 16 246
YIL038C 14 110
YIL037C 20 672
YIL036W 32 857
YIL035C 17 486
YIL034C 23 421
YIL033C 31 1021
YIL032C 8 147
YIL031W 29 677
YIL030W-A 3 428
YIL030C 37 1231
YIL029W-A 10 332
YIL029C 7 843
YIL028W 0 0
YIL027C 8 144
YIL026C 24 661
YIL025C 4 38
YIL024C 8 122
YIL023C 22 1042
YIL022W 18 274
YIL021W 18 413
YIL021C-A 3 97
YIL020C-A 6 116
YIL020C 12 73
YIL019W 15 436
YIL018W 1 4
YIL017C 29 673
YIL016W 3 11
YIL015W 23 683
YIL014C-A 4 99
YIL014W 17 315
YIL013C 39 615
YIL012W 14 1051
YIL011W 9 393
YIL010W 9 96
YIL009C-A 6 440
YIL009W 37 10953
YIL008W 2 20
YIL007C 13 266
YIL006W 17 196
YIL005W 30 2708
YIL004C 7 122
YIL003W 34 683
YIL002W-A 4 13
YIL002C 70 4531
YIL001W 69 4781
YIR001C 27 1298
YIR002C 68 2583
YIR003W 36 1317
YIR004W 9 302
YIR005W 16 140
YIR006C 40 1739
YIR007W 15 614
YIR008C 7 157
YIR009W 3 5
YIR010W 10 230
YIR011C 1 2
YIR012W 14 368
YIR013C 13 546
YIR014W 10 181
YIR015W 25 365
YIR016W 10 219
YIR017C 22 654
YIR017W-A 24 771
YIR018W 17 352
YIR018C-A 9 238
YIR019C 27 988
YIR020C 9 98
YIR020W-A 7 140
YIR020C-B 14 312
YIR021W 17 509
YIR021W-A 8 1213
YIR022W 4 59
YIR023W 25 488
YIR023C-A 0 0
YIR024C 7 166
YIR025W 13 445
YIR026C 9 332
YIR027C 13 92
YIR028W 34 875
YIR029W 11 139
YIR030C 5 49
YIR030W-A 4 115
YIR031C 20 532
YIR032C 13 204
YIR033W 21 571
YIR034C 22 881
YIR035C 19 708
YIR036C 16 488
YIR036W-A 8 501
YIR037W 4 71
YIR038C 13 1833
YIR039C 9 128
YIR040C 0 0
YIR041W 2 8
YIR042C 6 24
YJL225C 0 0
YJL225W-A 0 0
YJL223C 0 0
YJL222W-B 0 0
YJL222W-A 0 0
YJL222W 5 400
YJL221C 0 0
YJL220W 0 0
YJL219W 5 813
YJL218W 4 90
YJL217W 6 92
YJL216C 25 598
YJL215C 14 230
YJL214W 20 284
YJL213W 24 588
YJL212C 40 924
YJL211C 35 3184
YJL210W 38 1750
YJL209W 36 1084
YJL208C 20 324
YJL207C 72 3809
YJL206C 28 566
YJL205C 11 329
YJL204C 18 380
YJL203W 5 69
YJL202C 8 138
YJL201W 27 698
YJL200C 40 941
YJL199C 5 190
YJL198W 31 514
YJL197W 49 3423
YJL197C-A 2 3
YJL196C 20 598
YJL195C 11 219
YJL194W 18 479
YJL193W 5 74
YJL192C 12 1547
YJL191W 31 2918
YJL190C 8 229
YJL189W 3 117
YJL188C 2 88
YJL187C 37 910
YJL186W 27 1191
YJL185C 14 295
YJL184W 11 112
YJL183W 29 1534
YJL182C 16 271
YJL181W 26 3071
YJL180C 8 178
YJL179W 3 32
YJL178C 14 405
YJL177W 5 57
YJL176C 12 266
YJL175W 3 133
YJL174W 3 41
YJL173C 0 0
YJL172W 29 6558
YJL171C 12 238
YJL170C 18 168
YJL169W 4 132
YJL168C 26 1104
YJL167W 16 58
YJL166W 7 191
YJL165C 42 2163
YJL164C 13 1314
YJL163C 22 430
YJL162C 22 493
YJL161W 15 1322
YJL160C 11 244
YJL159W 5 46
YJL158C 21 345
YJL157C 78 3538
YJL156W-A 19 1541
YJL156C 38 1199
YJL155C 18 297
YJL154C 32 774
YJL153C 21 724
YJL152W 28 1823
YJL151C 20 875
YJL150W 23 5220
YJL149W 34 573
YJL148W 4 120
YJL147C 9 161
YJL146W 14 270
YJL145W 7 44
YJL144W 5 108
YJL143W 8 87
YJL142C 3 216
YJL141C 35 747
YJL140W 7 121
YJL139C 23 472
YJL138C 2 3
YJL137C 24 550
YJL136W-A 7 102
YJL136C 1 1
YJL135W 13 659
YJL134W 14 286
YJL133C-A 13 339
YJL133W 24 1187
YJL132W 33 839
YJL131C 8 221
YJL130C 107 2045
YJL129C 39 840
YJL128C 27 1613
YJL127W-A 6 269
YJL127C-B 2 17
YJL127C 37 734
YJL126W 14 245
YJL125C 22 608
YJL124C 3 31
YJL123C 18 697
YJL122W 8 113
YJL121C 8 115
YJL120W 7 336
YJL119C 17 901
YJL118W 23 1305
YJL117W 14 165
YJL116C 20 448
YJL115W 8 164
YJL112W 30 1202
YJL111W 9 96
YJL110C 15 176
YJL109C 39 740
YJL108C 8 151
YJL107C 22 537
YJL106W 20 482
YJL105W 9 38
YJL104W 5 281
YJL103C 21 1174
YJL102W 42 550
YJL101C 32 778
YJL100W 27 358
YJL099W 31 1168
YJL098W 38 922
YJL097W 11 275
YJL096W 2 15
YJL095W 30 1247
YJL094C 30 354
YJL093C 19 388
YJL092W 26 416
YJL091C 8 80
YJL090C 15 543
YJL089W 19 2857
YJL088W 15 413
YJL087C 14 253
YJL086C 9 102
YJL085W 16 132
YJL084C 22 1053
YJL083W 39 1818
YJL082W 30 438
YJL081C 8 52
YJL080C 29 566
YJL079C 12 3379
YJL078C 70 9336
YJL077W-B 6 180
YJL077C 27 4910
YJL077W-A 5 77
YJL076W 37 714
YJL075C 3 46
YJL074C 25 425
YJL073W 17 1084
YJL072C 6 123
YJL071W 22 747
YJL070C 27 589
YJL069C 16 81
YJL068C 14 169
YJL067W 9 483
YJL066C 21 1579
YJL065C 14 376
YJL064W 9 307
YJL063C 9 276
YJL062W-A 16 247
YJL062W 23 1050
YJL061W 5 161
YJL060W 14 238
YJL059W 20 374
YJL058C 23 357
YJL057C 16 451
YJL056C 40 818
YJL055W 7 206
YJL054W 19 476
YJL053W 10 129
YJL052C-A 18 2879
YJL052W 19 511
YJL051W 35 721
YJL050W 29 737
YJL049W 4 62
YJL048C 16 237
YJL047C-A 2 3
YJL047C 26 826
YJL046W 9 456
YJL045W 29 881
YJL044C 19 360
YJL043W 42 16546
YJL042W 52 1069
YJL041W 6 34
YJL039C 20 403
YJL038C 0 0
YJL037W 14 299
YJL036W 16 521
YJL035C 18 813
YJL034W 31 453
YJL033W 11 79
YJL032W 1 3
YJL031C 4 27
YJL030W 10 461
YJL029C 25 310
YJL028W 27 1669
YJL027C 41 1822
YJL026W 20 244
YJL026C-A 3 22
YJL025W 23 363
YJL024C 5 39
YJL023C 12 458
YJL022W 4 112
YJL020C 36 1445
YJL020W-A 1 7
YJL019W 42 600
YJL016W 19 449
YJL015C 12 744
YJL014W 7 390
YJL013C 8 56
YJL012C 35 807
YJL011C 2 9
YJL010C 8 414
YJL009W 1 6
YJL008C 16 258
YJL007C 19 644
YJL006C 10 261
YJL005W 51 2228
YJL004C 28 1074
YJL003W 4 194
YJL002C 30 865
YJL001W 31 1038
YJR001W 81 8301
YJR002W 26 318
YJR003C 36 1313
YJR004C 41 1212
YJR005W 24 688
YJR005C-A 3 10
YJR006W 9 195
YJR007W 4 10
YJR008W 34 508
YJR009C 18 1064
YJR010W 31 6360
YJR010C-A 5 147
YJR011C 11 199
YJR012C 15 796
YJR013W 13 387
YJR014W 6 162
YJR015W 27 630
YJR016C 18 438
YJR017C 12 277
YJR018W 12 90
YJR019C 23 419
YJR020W 5 64
YJR021C 26 1117
YJR022W 1 6
YJR023C 2 7
YJR024C 11 474
YJR025C 2 28
YJR030C 44 1564
YJR031C 26 488
YJR032W 7 166
YJR033C 31 3055
YJR034W 12 299
YJR035W 35 926
YJR036C 17 1104
YJR037W 2 102
YJR038C 5 123
YJR039W 40 1029
YJR040W 11 112
YJR041C 4 28
YJR042W 11 243
YJR043C 14 706
YJR044C 7 179
YJR045C 10 286
YJR046W 13 232
YJR047C 6 434
YJR048W 11 97
YJR049C 24 755
YJR050W 8 48
YJR051W 20 823
YJR052W 17 289
YJR053W 25 1296
YJR054W 11 175
YJR055W 4 79
YJR056C 10 184
YJR057W 9 143
YJR058C 12 416
YJR059W 35 1712
YJR060W 13 221
YJR061W 35 926
YJR062C 13 201
YJR063W 0 0
YJR064W 26 531
YJR065C 21 382
YJR066W 81 2366
YJR067C 5 155
YJR068W 8 152
YJR069C 7 199
YJR070C 7 217
YJR071W 7 228
YJR072C 32 530
YJR073C 18 336
YJR074W 15 518
YJR075W 17 325
YJR076C 8 164
YJR077C 26 633
YJR078W 34 2994
YJR079W 14 369
YJR080C 10 311
YJR082C 7 288
YJR083C 8 110
YJR084W 18 670
YJR085C 6 1283
YJR086W 4 104
YJR087W 6 120
YJR088C 15 574
YJR089W 23 332
YJR090C 18 356
YJR091C 32 826
YJR092W 40 900
YJR093C 15 224
YJR094C 20 266
YJR094W-A 11 1253
YJR095W 21 305
YJR096W 19 354
YJR097W 1 30
YJR098C 20 401
YJR099W 2 103
YJR100C 13 583
YJR101W 10 87
YJR102C 11 1022
YJR103W 50 1533
YJR104C 16 905
YJR105W 21 357
YJR106W 18 285
YJR107W 12 288
YJR108W 18 1174
YJR109C 40 539
YJR110W 40 2781
YJR111C 22 322
YJR112W 14 527
YJR112W-A 12 456
YJR113C 14 331
YJR114W 10 318
YJR115W 35 1267
YJR116W 25 2169
YJR117W 30 1607
YJR118C 4 151
YJR119C 41 1187
YJR120W 17 388
YJR121W 28 1146
YJR122W 27 630
YJR123W 1 1
YJR124C 30 824
YJR125C 17 447
YJR126C 29 363
YJR127C 79 2451
YJR128W 22 904
YJR129C 35 1408
YJR130C 18 208
YJR131W 32 602
YJR132W 22 1105
YJR133W 5 60
YJR134C 12 336
YJR135C 13 140
YJR135W-A 2 3
YJR136C 3 27
YJR137C 54 2497
YJR138W 54 2021
YJR139C 14 414
YJR140C 24 709
YJR140W-A 0 0
YJR141W 4 116
YJR142W 27 1489
YJR143C 25 643
YJR144W 16 265
YJR145C 2 143
YJR146W 18 321
YJR147W 22 210
YJR148W 46 974
YJR149W 17 632
YJR150C 5 43
YJR151C 17 164
YJR151W-A 3 15
YJR152W 22 644
YJR153W 8 56
YJR154W 17 548
YJR155W 19 379
YJR156C 2 6
YJR157W 0 0
YJR158W 0 0
YJR159W 0 0
YJR160C 0 0
YJR161C 0 0
YJR162C 3 24
YKL225W 8 86
YKL224C 1 1
YKL223W 5 174
YKL222C 22 580
YKL221W 26 1042
YKL220C 18 666
YKL219W 12 152
YKL218C 34 864
YKL217W 51 1519
YKL216W 8 113
YKL215C 64 2215
YKL214C 9 277
YKL213C 27 408
YKL212W 19 783
YKL211C 21 226
YKL210W 18 274
YKL209C 45 2225
YKL208W 11 157
YKL207W 14 157
YKL206C 13 493
YKL205W 32 1573
YKL204W 8 267
YKL203C 72 1482
YKL202W 0 0
YKL201C 44 3598
YKL198C 197 44082
YKL197C 54 1228
YKL196C 11 146
YKL195W 5 90
YKL194C 18 843
YKL193C 16 658
YKL192C 1 11
YKL191W 22 282
YKL190W 2 237
YKL189W 8 73
YKL188C 24 302
YKL187C 66 2433
YKL186C 27 1501
YKL185W 41 1649
YKL184W 19 561
YKL183C-A 18 2035
YKL183W 37 8785
YKL182W 103 2818
YKL181W 20 285
YKL180W 2 101
YKL179C 13 129
YKL178C 18 414
YKL177W 3 20
YKL176C 30 564
YKL175W 39 1215
YKL174C 9 264
YKL173W 15 167
YKL172W 3 97
YKL171W 39 2224
YKL170W 5 92
YKL169C 5 92
YKL168C 28 977
YKL167C 3 107
YKL166C 14 193
YKL165C-A 4 42
YKL165C 42 961
YKL164C 1 10
YKL163W 5 52
YKL162C-A 3 12
YKL162C 17 494
YKL161C 11 131
YKL160W 2 2
YKL159C 7 96
YKL157W 47 7706
YKL156W 4 22
YKL156C-A 1 2
YKL155C 15 129
YKL154W 13 488
YKL153W 10 112
YKL152C 11 118
YKL151C 37 1646
YKL150W 36 694
YKL149C 11 143
YKL148C 80 3008
YKL147C 29 1194
YKL146W 35 3149
YKL145W 13 601
YKL145W-A 0 0
YKL144C 6 92
YKL143W 18 384
YKL142W 4 49
YKL141W 6 33
YKL140W 9 161
YKL139W 13 155
YKL138C-A 3 19
YKL138C 8 725
YKL137W 1 1
YKL136W 6 80
YKL135C 25 572
YKL134C 14 129
YKL133C 15 366
YKL132C 13 510
YKL131W 2 21
YKL130C 4 12
YKL129C 39 1297
YKL128C 35 737
YKL127W 25 1144
YKL126W 17 290
YKL125W 17 249
YKL124W 18 283
YKL123W 1 6
YKL122C 8 1493
YKL121W 25 10273
YKL120W 17 201
YKL119C 9 512
YKL118W 7 170
YKL117W 8 296
YKL116C 16 338
YKL115C 6 68
YKL114C 19 332
YKL113C 11 282
YKL112W 25 1124
YKL111C 2 17
YKL110C 29 1419
YKL109W 49 889
YKL108W 13 141
YKL107W 12 362
YKL106C-A 2 39
YKL106W 16 275
YKL105C 38 901
YKL104C 30 589
YKL103C 36 928
YKL102C 14 277
YKL101W 46 1266
YKL100C 25 403
YKL100W-A 1 1
YKL099C 8 240
YKL098W 20 356
YKL097C 29 3166
YKL096C-B 0 0
YKL096W-A 0 0
YKL096W 31 871
YKL095W 13 453
YKL094W 34 1062
YKL093W 21 515
YKL092C 27 601
YKL091C 15 4298
YKL090W 30 1436
YKL089W 10 118
YKL088W 10 301
YKL087C 32 616
YKL086W 33 995
YKL085W 18 470
YKL084W 18 2265
YKL083W 2 34
YKL082C 6 190
YKL081W 19 898
YKL080W 10 245
YKL079W 31 967
YKL078W 8 163
YKL077W 12 248
YKL076C 4 37
YKL075C 12 324
YKL074C 19 349
YKL073W 15 428
YKL072W 33 909
YKL071W 9 351
YKL070W 5 30
YKL069W 5 104
YKL068W-A 4 29
YKL068W 22 466
YKL067W 8 102
YKL066W 13 149
YKL065W-A 3 26
YKL065C 3 9
YKL064W 40 3535
YKL063C 10 464
YKL062W 11 117
YKL061W 3 32
YKL060C 25 1526
YKL059C 20 396
YKL058W 1 3
YKL057C 24 856
YKL056C 10 680
YKL055C 10 207
YKL054C 12 154
YKL053C-A 10 38
YKL053W 12 491
YKL052C 27 482
YKL051W 15 204
YKL050C 40 794
YKL049C 6 74
YKL048C 7 99
YKL047W 30 552
YKL046C 25 319
YKL045W 27 2421
YKL044W 8 32
YKL043W 18 374
YKL042W 9 109
YKL041W 1 59
YKL040C 9 277
YKL039W 33 992
YKL038W 58 9094
YKL037W 30 721
YKL036C 22 320
YKL035W 26 953
YKL034W 38 1233
YKL033W-A 13 161
YKL033W 28 554
YKL032C 16 158
YKL031W 19 1623
YKL030W 42 1376
YKL029C 114 4275
YKL028W 10 98
YKL027W 26 400
YKL026C 8 1364
YKL025C 22 612
YKL024C 8 216
YKL023C-A 2 17
YKL023W 7 171
YKL022C 30 899
YKL021C 21 387
YKL020C 28 638
YKL019W 11 394
YKL018C-A 6 47
YKL018W 12 129
YKL017C 15 320
YKL016C 4 20
YKL015W 31 841
YKL014C 32 497
YKL013C 1 2
YKL012W 12 170
YKL011C 15 2562
YKL010C 41 826
YKL009W 6 30
YKL008C 28 776
YKL007W 16 261
YKL006C-A 10 463
YKL006W 1 2
YKL005C 33 1259
YKL004W 27 1324
YKL003C 10 453
YKL002W 15 99
YKL001C 11 2498
YKR001C 30 858
YKR002W 18 516
YKR003W 44 1290
YKR004C 27 307
YKR005C 43 13727
YKR006C 8 32
YKR007W 5 30
YKR008W 16 182
YKR009C 44 1105
YKR010C 27 584
YKR011C 7 29
YKR012C 8 55
YKR013W 12 66
YKR014C 1 10
YKR015C 17 156
YKR016W 20 275
YKR017C 10 65
YKR018C 26 567
YKR019C 28 1185
YKR020W 1 10
YKR021W 32 872
YKR022C 12 114
YKR023W 12 171
YKR024C 21 886
YKR025W 6 83
YKR026C 6 56
YKR027W 32 812
YKR028W 39 929
YKR029C 9 60
YKR030W 11 119
YKR031C 48 1908
YKR032W 17 2846
YKR033C 1 1
YKR034W 2 5
YKR035C 4 24
YKR035W-A 4 24
YKR036C 30 2015
YKR037C 13 193
YKR038C 17 460
YKR039W 20 469
YKR040C 36 2508
YKR041W 52 6267
YKR042W 18 261
YKR043C 26 1314
YKR044W 38 900
YKR045C 12 454
YKR046C 15 668
YKR047W 8 32
YKR048C 15 367
YKR049C 12 358
YKR050W 26 76933
YKR051W 23 2404
YKR052C 10 97
YKR053C 24 943
YKR054C 110 2832
YKR055W 12 440
YKR056W 17 379
YKR057W 7 42
YKR058W 19 242
YKR059W 1 2
YKR060W 12 151
YKR061W 38 2157
YKR062W 4 81
YKR063C 14 409
YKR064W 22 655
YKR065C 5 44
YKR066C 19 360
YKR067W 36 1343
YKR068C 8 258
YKR069W 21 610
YKR070W 16 1113
YKR071C 9 267
YKR072C 20 492
YKR073C 15 764
YKR074W 11 628
YKR075C 24 686
YKR075W-A 14 571
YKR076W 29 483
YKR077W 7 131
YKR078W 20 375
YKR079C 23 646
YKR080W 23 362
YKR081C 6 219
YKR082W 28 706
YKR083C 8 125
YKR084C 24 489
YKR085C 12 187
YKR086W 37 663
YKR087C 13 302
YKR088C 18 516
YKR089C 31 699
YKR090W 24 1962
YKR091W 7 76
YKR092C 8 85
YKR093W 59 1680
YKR094C 5 205
YKR095W 22 325
YKR095W-A 10 153
YKR096W 55 1556
YKR097W 44 1020
YKR098C 29 561
YKR099W 18 820
YKR100C 15 295
YKR101W 27 393
YKR102W 27 676
YKR103W 28 591
YKR104W 4 72
YKR105C 5 26
YKR106W 5 9
YLL067C 0 0
YLL067W-A 0 0
YLL066W-B 3 6
YLL066C 0 0
YLL066W-A 0 0
YLL065W 4 52
YLL064C 0 0
YLL063C 23 1436
YLL062C 11 73
YLL061W 24 474
YLL060C 11 116
YLL059C 29 1288
YLL058W 12 126
YLL057C 26 979
YLL056C 17 507
YLL055W 13 337
YLL054C 23 577
YLL053C 14 360
YLL052C 8 245
YLL051C 32 856
YLL050C 6 37
YLL049W 8 265
YLL048C 54 875
YLL047W 5 12
YLL046C 6 15
YLL045C 11 338
YLL044W 10 236
YLL043W 14 236
YLL042C 4 385
YLL041C 27 355
YLL040C 114 3999
YLL039C 31 789
YLL038C 14 175
YLL037W 3 10
YLL036C 9 236
YLL035W 16 505
YLL034C 11 76
YLL033W 4 59
YLL032C 21 1046
YLL031C 21 367
YLL030C 13 2159
YLL029W 71 15013
YLL028W 51 2251
YLL027W 11 211
YLL026W 53 1752
YLL025W 7 241
YLL024C 24 5835
YLL023C 20 393
YLL022C 29 1122
YLL021W 35 966
YLL020C 5 186
YLL019C 20 469
YLL019W-A 0 0
YLL018C-A 4 175
YLL018C 20 550
YLL015W 40 656
YLL014W 7 86
YLL013C 46 2461
YLL012W 39 1362
YLL011W 22 216
YLL010C 31 17760
YLL009C 2 35
YLL008W 15 549
YLL007C 11 220
YLL006W-A 10 340
YLL006W 5 76
YLL005C 29 321
YLL004W 15 310
YLL003W 13 283
YLL002W 28 1010
YLL001W 73 2189
YLR001C 80 6362
YLR002C 23 683
YLR003C 5 59
YLR004C 40 1876
YLR005W 22 589
YLR006C 37 4033
YLR007W 27 531
YLR008C 5 55
YLR009W 2 19
YLR010C 0 0
YLR011W 9 347
YLR012C 5 71
YLR013W 5 129
YLR014C 26 527
YLR015W 18 820
YLR016C 11 215
YLR017W 11 155
YLR018C 9 113
YLR019W 35 1751
YLR020C 12 173
YLR021W 11 156
YLR022C 7 86
YLR023C 16 813
YLR024C 106 6078
YLR025W 3 12
YLR026C 7 144
YLR027C 25 1076
YLR028C 46 2075
YLR029C 4 164
YLR030W 9 149
YLR031W 4 34
YLR032W 31 1056
YLR033W 5 192
YLR034C 17 258
YLR035C 16 465
YLR036C 6 19
YLR037C 7 134
YLR038C 6 174
YLR039C 29 622
YLR040C 9 187
YLR041W 8 404
YLR042C 4 75
YLR043C 1 77
YLR044C 36 1319
YLR045C 46 1178
YLR046C 3 9
YLR047C 28 499
YLR048W 7 84
YLR049C 11 478
YLR050C 8 109
YLR051C 5 117
YLR052W 1 18
YLR053C 2 9
YLR054C 32 1471
YLR055C 27 690
YLR056W 23 2914
YLR057W 44 825
YLR058C 19 1209
YLR059C 35 4426
YLR060W 28 595
YLR061W 6 89
YLR062C 4 77
YLR063W 8 88
YLR064W 5 32
YLR065C 1 15
YLR066W 11 110
YLR067C 26 437
YLR068W 12 368
YLR069C 30 687
YLR070C 29 653
YLR071C 28 538
YLR072W 16 189
YLR073C 17 458
YLR074C 24 1545
YLR075W 3 9
YLR076C 2 11
YLR077W 35 660
YLR078C 10 242
YLR079W 12 164
YLR080W 36 1619
YLR081W 67 23014
YLR082C 13 75
YLR083C 18 398
YLR084C 55 7557
YLR085C 35 1021
YLR086W 28 555
YLR087C 108 2558
YLR088W 19 218
YLR089C 11 111
YLR090W 22 502
YLR091W 24 809
YLR092W 58 2418
YLR093C 11 156
YLR094C 47 3008
YLR095C 40 828
YLR096W 32 889
YLR097C 9 244
YLR098C 17 504
YLR099C 29 771
YLR099W-A 20 133
YLR100W 19 342
YLR101C 14 123
YLR102C 14 226
YLR103C 18 435
YLR104W 2 12
YLR105C 7 155
YLR106C 101 2502
YLR107W 14 547
YLR108C 30 401
YLR109W 16 335
YLR110C 4 12
YLR111W 6 1585
YLR112W 41 2006
YLR113W 41 1513
YLR114C 28 372
YLR115W 18 504
YLR116W 24 614
YLR117C 32 1257
YLR118C 3 40
YLR119W 10 224
YLR120C 32 779
YLR120W-A 5 1870
YLR121C 20 810
YLR122C 2 27
YLR123C 2 27
YLR124W 4 113
YLR125W 1 1
YLR126C 5 970
YLR127C 17 409
YLR128W 9 73
YLR129W 26 373
YLR130C 34 1119
YLR131C 39 1276
YLR132C 9 200
YLR133W 6 89
YLR134W 20 331
YLR135W 28 959
YLR136C 9 331
YLR137W 38 906
YLR138W 33 793
YLR139C 20 414
YLR140W 12 601
YLR141W 56 2694
YLR142W 18 245
YLR143W 12 198
YLR144C 23 476
YLR145W 3 57
YLR146C 19 407
YLR146W-A 4 26
YLR147C 2 12
YLR148W 27 909
YLR149C 13 277
YLR149C-A 4 61
YLR150W 5 111
YLR151C 9 63
YLR152C 14 81
YLR153C 34 717
YLR154C 12 132
YLR154W-A 0 0
YLR154W-B 0 0
YLR154W-C 0 0
YLR154W-E 0 0
YLR154W-F 0 0
YLR154C-G 0 0
YLR154C-H 0 0
YLR155C 0 0
YLR156W 0 0
YLR156C-A 0 0
YLR157C 0 0
YLR157W-D 0 0
YLR157W-E 0 0
YLR157C-C 0 0
YLR158C 0 0
YLR159W 0 0
YLR159C-A 0 0
YLR160C 0 0
YLR161W 0 0
YLR162W 1 2
YLR162W-A 1 52
YLR163C 21 143
YLR163W-A 0 0
YLR164W 5 257
YLR165C 5 9
YLR166C 11 151
YLR167W 11 274
YLR168C 14 154
YLR169W 20 1361
YLR170C 18 346
YLR171W 14 324
YLR172C 17 501
YLR173W 41 11891
YLR174W 35 771
YLR175W 21 472
YLR176C 20 534
YLR177W 27 1129
YLR178C 18 377
YLR179C 18 2380
YLR180W 23 445
YLR181C 21 474
YLR182W 10 74
YLR183C 14 471
YLR184W 4 68
YLR185W 8 160
YLR186W 20 132
YLR187W 31 555
YLR188W 28 604
YLR189C 40 1364
YLR190W 18 548
YLR191W 11 95
YLR192C 5 19
YLR193C 8 119
YLR194C 19 259
YLR195C 14 310
YLR196W 25 440
YLR197W 7 139
YLR198C 0 0
YLR199C 16 305
YLR200W 0 0
YLR201C 12 154
YLR202C 15 546
YLR203C 29 578
YLR204W 5 29
YLR205C 25 283
YLR206W 14 462
YLR207W 46 1632
YLR208W 10 361
YLR209C 19 960
YLR210W 13 190
YLR211C 2 4
YLR212C 14 217
YLR213C 41 1517
YLR214W 29 943
YLR215C 10 82
YLR216C 26 487
YLR217W 16 325
YLR218C 16 1088
YLR219W 30 403
YLR220W 10 122
YLR221C 7 21
YLR222C 22 417
YLR222C-A 1 2
YLR223C 16 279
YLR224W 16 349
YLR225C 10 244
YLR226W 10 73
YLR227C 11 195
YLR228C 27 1649
YLR229C 9 429
YLR230W 5 63
YLR231C 21 554
YLR232W 6 336
YLR233C 26 968
YLR234W 54 1154
YLR235C 34 1275
YLR236C 34 6231
YLR237W 47 841
YLR238W 14 349
YLR239C 4 59
YLR240W 22 291
YLR241W 26 742
YLR242C 10 192
YLR243W 3 83
YLR244C 25 754
YLR245C 15 374
YLR246W 18 250
YLR247C 53 1271
YLR248W 26 584
YLR249W 31 357
YLR250W 12 315
YLR251W 5 85
YLR252W 3 56
YLR253W 34 2145
YLR254C 12 752
YLR255C 25 3415
YLR256W 77 3114
YLR257W 26 315
YLR258W 51 1245
YLR259C 23 618
YLR260W 34 933
YLR261C 3 108
YLR262C 7 262
YLR262C-A 3 15
YLR263W 24 696
YLR264W 3 15
YLR264C-A 1 1
YLR265C 4 22
YLR266C 31 1033
YLR267W 20 8689
YLR268W 12 162
YLR269C 24 1067
YLR270W 12 523
YLR271W 8 110
YLR272C 34 907
YLR273C 27 611
YLR274W 25 412
YLR275W 5 28
YLR276C 6 61
YLR277C 26 280
YLR278C 29 500
YLR279W 29 863
YLR280C 17 186
YLR281C 17 181
YLR282C 6 61
YLR283W 12 324
YLR284C 5 214
YLR285W 3 28
YLR285C-A 6 336
YLR286C 4 57
YLR286W-A 0 0
YLR287C 10 126
YLR287C-A 3 51
YLR288C 16 699
YLR289W 21 183
YLR290C 6 68
YLR291C 9 203
YLR292C 17 477
YLR293C 6 10
YLR294C 14 319
YLR295C 7 137
YLR296W 22 2083
YLR297W 14 503
YLR298C 20 552
YLR299W 75 4322
YLR299C-A 9 184
YLR300W 32 1177
YLR301W 14 601
YLR302C 26 1206
YLR303W 17 330
YLR304C 69 3170
YLR305C 71 2134
YLR306W 10 323
YLR307W 7 71
YLR307C-A 3 87
YLR308W 14 289
YLR309C 20 471
YLR310C 29 1864
YLR311C 11 288
YLR312C 19 338
YLR312W-A 16 293
YLR313C 26 933
YLR314C 24 699
YLR315W 9 70
YLR316C 31 1138
YLR317W 12 391
YLR318W 34 948
YLR319C 17 312
YLR320W 37 1593
YLR321C 21 350
YLR322W 6 168
YLR323C 12 74
YLR324W 18 334
YLR325C 7 124
YLR326W 27 692
YLR327C 6 75
YLR328W 22 531
YLR329W 10 193
YLR330W 38 1355
YLR331C 3 153
YLR332W 11 373
YLR333C 16 199
YLR334C 9 144
YLR335W 12 1880
YLR336C 30 816
YLR337C 24 247
YLR338W 6 22
YLR339C 5 132
YLR340W 5 140
YLR341W 18 638
YLR342W 44 871
YLR342W-A 0 0
YLR343W 18 532
YLR344W 7 42
YLR345W 29 1503
YLR346C 3 21
YLR347C 37 907
YLR347W-A 0 0
YLR348C 53 2452
YLR349W 30 3892
YLR350W 12 251
YLR351C 17 254
YLR352W 43 6753
YLR353W 18 228
YLR354C 21 228
YLR355C 40 1465
YLR356W 11 105
YLR357W 64 1534
YLR358C 18 716
YLR359W 11 91
YLR360W 21 821
YLR361C 39 702
YLR361C-A 5 60
YLR362W 27 631
YLR363C 7 19
YLR363W-A 3 38
YLR364W 4 17
YLR365W 6 159
YLR364C-A 9 190
YLR366W 23 1094
YLR367W 20 792
YLR368W 23 646
YLR369W 15 364
YLR370C 9 247
YLR371W 42 1072
YLR372W 8 32
YLR373C 23 487
YLR374C 17 2213
YLR375W 26 575
YLR376C 15 222
YLR377C 36 1196
YLR378C 41 1757
YLR379W 12 1046
YLR380W 35 748
YLR381W 20 450
YLR382C 28 414
YLR383W 23 889
YLR384C 32 808
YLR385C 5 237
YLR386W 16 260
YLR387C 18 311
YLR388W 5 190
YLR389C 60 2613
YLR390W 7 179
YLR390W-A 6 32
YLR392C 21 307
YLR393W 4 24
YLR394W 13 139
YLR395C 3 9
YLR396C 41 1061
YLR397C 34 909
YLR398C 44 513
YLR399C 20 337
YLR399W-A 0 0
YLR400W 26 7323
YLR401C 42 2214
YLR402W 2 5
YLR403W 27 444
YLR404W 13 865
YLR405W 21 1722
YLR406C 11 183
YLR406C-A 6 105
YLR407W 3 9
YLR408C 9 146
YLR409C 34 761
YLR410W 54 1344
YLR411W 14 596
YLR412W 7 52
YLR412C-A 0 0
YLR413W 31 1265
YLR414C 29 1174
YLR415C 32 681
YLR416C 31 660
YLR417W 40 998
YLR418C 7 33
YLR419W 39 612
YLR420W 9 148
YLR421C 6 119
YLR422W 57 1185
YLR423C 6 232
YLR424W 17 234
YLR425W 41 1085
YLR426W 14 80
YLR427W 20 543
YLR428C 11 264
YLR429W 37 1010
YLR430W 48 973
YLR431C 22 589
YLR432W 18 156
YLR433C 22 596
YLR434C 4 37
YLR435W 5 66
YLR436C 69 3787
YLR437C 22 612
YLR437C-A 3 81
YLR438W 54 1287
YLR438C-A 4 21
YLR439W 14 87
YLR440C 12 145
YLR441C 11 217
YLR442C 25 318
YLR443W 15 263
YLR444C 1 17
YLR445W 11 228
YLR446W 13 157
YLR447C 21 572
YLR448W 13 192
YLR449W 12 209
YLR450W 55 2006
YLR451W 18 730
YLR452C 28 581
YLR453C 25 531
YLR454W 72 1942
YLR455W 10 297
YLR456W 13 236
YLR457C 18 427
YLR458W 12 203
YLR459W 6 94
YLR460C 17 289
YLR461W 1 51
YLR462W 0 0
YLR463C 0 0
YLR464W 0 0
YLR465C 0 0
YLR466W 1 2
YLR466C-A 0 0
YLR466C-B 1 14
YLR467W 0 0
YLR467C-A 0 0
YML133C 0 0
YML133W-B 0 0
YML133W-A 0 0
YML132W 0 0
YML131W 14 579
YML130C 13 196
YML129C 7 66
YML128C 30 1064
YML127W 20 535
YML126C 42 2094
YML125C 27 739
YML124C 14 475
YML123C 28 767
YML122C 35 1695
YML121W 11 356
YML120C 30 1138
YML119W 8 215
YML118W 22 2107
YML117W 45 1299
YML116W-A 6 58
YML116W 23 393
YML115C 18 1077
YML114C 15 488
YML113W 7 112
YML112W 10 199
YML111W 38 632
YML110C 14 131
YML109W 27 4620
YML108W 3 21
YML107C 11 256
YML106W 9 318
YML105C 10 267
YML104C 22 632
YML103C 36 1178
YML102W 33 1686
YML101C-A 13 798
YML101C 40 1676
YML100W-A 8 251
YML100W 103 2686
YML099W-A 5 201
YML099C 25 869
YML098W 2 24
YML097C 9 84
YML096W 18 394
YML095C 2 54
YML094C-A 1 1
YML094W 3 5
YML093W 28 761
YML092C 3 28
YML091C 49 488
YML090W 12 1178
YML089C 22 2536
YML088W 23 511
YML087C 13 631
YML086C 25 567
YML085C 14 220
YML084W 14 642
YML083C 45 2356
YML082W 35 843
YML081C-A 2 86
YML081W 39 970
YML080W 5 83
YML079W 17 3054
YML078W 10 141
YML077W 9 396
YML076C 44 1418
YML075C 41 1302
YML074C 3 59
YML073C 4 52
YML072C 82 3028
YML071C 19 489
YML070W 33 546
YML069W 3 27
YML068W 21 1572
YML067C 13 255
YML066C 17 242
YML065W 22 644
YML064C 15 278
YML063W 1 60
YML062C 19 765
YML061C 14 109
YML060W 6 89
YML059C 40 1839
YML058W-A 3 51
YML058W 12 1793
YML057C-A 8 176
YML057W 27 418
YML056C 27 675
YML055W 8 199
YML054C 40 1232
YML054C-A 18 621
YML053C 14 299
YML052W 31 1181
YML051W 38 1192
YML050W 8 435
YML049C 40 3406
YML048W 7 62
YML047W-A 4 48
YML047C 8 85
YML046W 12 218
YML043C 2 18
YML042W 40 862
YML041C 15 420
YML038C 8 206
YML037C 5 157
YML036W 9 245
YML035C 39 1890
YML034C-A 10 113
YML034W 29 502
YML032C 16 313
YML031C-A 4 139
YML031W 27 759
YML030W 10 309
YML029W 45 1241
YML028W 22 716
YML027W 21 821
YML026C 3 13
YML025C 9 140
YML024W 2 14
YML023C 20 447
YML022W 6 123
YML021C 23 810
YML020W 27 497
YML019W 6 350
YML018C 29 400
YML017W 34 1089
YML016C 27 540
YML015C 11 163
YML014W 13 102
YML013W 20 363
YML012C-A 10 194
YML012W 10 98
YML011C 9 530
YML010W 14 274
YML009W-B 6 35
YML009C-A 4 26
YML009C 1 15
YML008C 10 147
YML007C-A 4 142
YML007W 19 816
YML006C 27 317
YML005W 31 1622
YML004C 30 867
YML003W 19 403
YML002W 42 1575
YML001W 17 292
YMR001C 41 1254
YMR001C-A 13 1043
YMR002W 23 41616
YMR003W 9 281
YMR004W 31 1238
YMR005W 12 177
YMR006C 30 417
YMR007W 27 27393
YMR008C 21 402
YMR009W 7 128
YMR010W 17 542
YMR011W 28 433
YMR012W 35 682
YMR013C 14 319
YMR013C-A 2 159
YMR013W-A 2 10
YMR014W 6 25
YMR015C 51 2018
YMR016C 14 354
YMR017W 17 362
YMR018W 18 609
YMR019W 28 655
YMR020W 24 467
YMR021C 12 118
YMR022W 12 2787
YMR023C 35 1135
YMR024W 7 86
YMR025W 5 210
YMR026C 9 188
YMR027W 16 239
YMR028W 7 88
YMR029C 16 206
YMR030W 14 467
YMR031C 20 442
YMR031W-A 12 232
YMR032W 14 219
YMR030W-A 5 275
YMR033W 4 223
YMR034C 12 60
YMR035W 9 374
YMR036C 18 2499
YMR037C 16 212
YMR038C 11 755
YMR039C 12 315
YMR040W 11 540
YMR041C 10 188
YMR042W 51 52093
YMR043W 14 877
YMR044W 25 419
YMR046W-A 0 0
YMR047C 18 814
YMR048W 11 164
YMR049C 12 436
YMR052W 4 52
YMR052C-A 5 93
YMR053C 41 810
YMR054W 36 4760
YMR055C 31 1177
YMR056C 38 6154
YMR057C 33 13741
YMR058W 52 1545
YMR059W 2 9
YMR060C 7 154
YMR061W 14 399
YMR062C 32 1385
YMR063W 18 918
YMR064W 19 255
YMR065W 31 3881
YMR066W 20 425
YMR067C 14 231
YMR068W 13 76
YMR069W 79 3598
YMR070W 24 299
YMR071C 8 276
YMR072W 4 227
YMR073C 4 129
YMR074C 7 99
YMR075W 15 372
YMR075C-A 3 190
YMR076C 37 837
YMR077C 10 182
YMR078C 22 359
YMR079W 14 215
YMR080C 23 240
YMR081C 14 144
YMR082C 16 403
YMR083W 17 278
YMR084W 16 313
YMR085W 13 400
YMR086W 31 518
YMR086C-A 13 822
YMR087W 15 931
YMR088C 21 410
YMR089C 13 225
YMR090W 15 501
YMR091C 27 431
YMR092C 26 375
YMR093W 14 184
YMR094W 13 521
YMR095C 15 590
YMR096W 11 103
YMR097C 10 373
YMR098C 17 311
YMR099C 5 88
YMR100W 20 270
YMR101C 11 109
YMR102C 35 699
YMR103C 21 1127
YMR104C 44 626
YMR105C 8 71
YMR105W-A 10 171
YMR106C 52 1831
YMR107W 16 1426
YMR108W 36 2278
YMR109W 37 1094
YMR110C 26 571
YMR111C 29 1078
YMR112C 8 43
YMR113W 14 160
YMR114C 6 165
YMR115W 9 151
YMR116C 32 620
YMR117C 3 6
YMR118C 13 150
YMR119W 11 113
YMR119W-A 6 714
YMR120C 27 1676
YMR121C 14 233
YMR122C 45 2334
YMR122W-A 10 168
YMR123W 1 6
YMR124W 29 546
YMR125W 23 261
YMR126C 7 68
YMR127C 12 155
YMR128W 29 1261
YMR129W 59 2221
YMR130W 14 335
YMR131C 18 234
YMR132C 4 22
YMR133W 13 307
YMR134W 13 337
YMR135C 28 800
YMR135W-A 49 4143
YMR136W 40 14223
YMR137C 26 1057
YMR138W 4 25
YMR139W 13 322
YMR140W 15 386
YMR141C 1 11
YMR142C 0 0
YMR141W-A 0 0
YMR143W 5 96
YMR144W 17 152
YMR145C 49 1146
YMR146C 18 523
YMR147W 9 98
YMR148W 10 94
YMR149W 14 282
YMR150C 18 498
YMR151W 16 292
YMR152W 20 423
YMR153W 20 1300
YMR153C-A 0 0
YMR154C 27 688
YMR155W 11 307
YMR156C 9 320
YMR157C 15 17923
YMR158W 14 221
YMR158C-A 1 2
YMR158W-B 5 186
YMR159C 7 243
YMR160W 21 432
YMR161W 13 357
YMR162C 60 4839
YMR163C 13 243
YMR164C 26 1222
YMR165C 40 786
YMR166C 7 354
YMR167W 24 478
YMR168C 20 386
YMR169C 24 273
YMR170C 13 807
YMR171C 18 517
YMR172W 23 404
YMR172C-A 5 115
YMR173W 8 120
YMR173W-A 8 121
YMR174C 2 876
YMR175W 6 22
YMR175W-A 15 704
YMR176W 59 1338
YMR177W 13 336
YMR178W 12 241
YMR179W 23 466
YMR180C 32 1177
YMR181C 9 117
YMR182C 8 70
YMR182W-A 2 16
YMR183C 18 672
YMR184W 12 548
YMR185W 26 369
YMR186W 20 715
YMR187C 17 252
YMR188C 11 446
YMR189W 24 818
YMR190C 35 794
YMR191W 15 174
YMR192W 18 293
YMR193W 5 32
YMR193C-A 7 203
YMR194W 13 252
YMR194C-B 27 4392
YMR194C-A 19 9994
YMR195W 8 347
YMR196W 58 1959
YMR197C 11 104
YMR198W 25 451
YMR199W 16 229
YMR200W 13 274
YMR201C 24 2101
YMR202W 25 433
YMR203W 12 360
YMR204C 3 60
YMR205C 27 228
YMR206W 28 1724
YMR207C 63 1529
YMR208W 15 234
YMR209C 18 1215
YMR210W 17 559
YMR211W 12 202
YMR212C 28 866
YMR213W 12 364
YMR214W 12 449
YMR215W 21 452
YMR216C 32 748
YMR217W 16 1055
YMR218C 14 147
YMR219W 54 1096
YMR220W 24 455
YMR221C 25 758
YMR222C 7 275
YMR223W 14 149
YMR224C 42 582
YMR225C 11 274
YMR226C 9 153
YMR227C 11 118
YMR228W 17 452
YMR229C 35 396
YMR230W 11 615
YMR230W-A 16 498
YMR231W 44 933
YMR232W 19 744
YMR233W 12 418
YMR234W 7 35
YMR235C 9 161
YMR236W 6 42
YMR237W 18 302
YMR238W 20 3453
YMR239C 14 617
YMR240C 16 607
YMR241W 15 501
YMR242C 11 172
YMR242W-A 0 0
YMR243C 34 8279
YMR244W 32 856
YMR244C-A 9 112
YMR245W 46 4335
YMR246W 87 4238
YMR247C 41 656
YMR247W-A 2 14
YMR250W 30 575
YMR251W 71 3278
YMR251W-A 0 0
YMR252C 11 228
YMR253C 23 558
YMR254C 16 1202
YMR255W 2 11
YMR256C 1 2
YMR257C 24 755
YMR258C 18 425
YMR259C 22 295
YMR260C 1 25
YMR261C 30 1043
YMR262W 20 187
YMR263W 5 82
YMR264W 7 173
YMR265C 24 604
YMR266W 30 588
YMR267W 19 190
YMR268C 4 49
YMR269W 4 44
YMR270C 4 74
YMR271C 14 142
YMR272C 13 308
YMR272W-A 1 15
YMR272W-B 1 4
YMR273C 32 604
YMR274C 6 23
YMR275C 17 624
YMR276W 14 187
YMR277W 27 469
YMR278W 17 442
YMR279C 27 560
YMR280C 60 1250
YMR281W 16 357
YMR282C 13 737
YMR283C 18 816
YMR284W 22 799
YMR285C 24 1322
YMR286W 1 186
YMR287C 21 548
YMR288W 22 247
YMR289W 23 1254
YMR290C 7 237
YMR290W-A 2 100
YMR291W 29 2947
YMR292W 11 218
YMR293C 18 347
YMR294W 11 226
YMR294W-A 2 14
YMR295C 10 163
YMR296C 42 4439
YMR297W 29 809
YMR298W 3 105
YMR299C 11 630
YMR300C 17 188
YMR301C 38 1377
YMR302C 22 387
YMR303C 11 728
YMR304W 42 1109
YMR304C-A 11 208
YMR305C 8 247
YMR306W 62 7480
YMR306C-A 10 653
YMR307W 17 536
YMR307C-A 2 26
YMR308C 16 409
YMR309C 19 531
YMR310C 6 932
YMR311C 10 222
YMR312W 0 0
YMR313C 16 227
YMR314W 6 120
YMR315W 18 310
YMR315W-A 1 2
YMR316W 19 490
YMR316C-A 5 54
YMR316C-B 1 25
YMR317W 13 302
YMR318C 26 790
YMR319C 27 1466
YMR320W 6 127
YMR321C 2 36
YMR322C 0 0
YMR323W 5 255
YMR324C 2 16
YMR325W 1 1
YMR326C 3 174
YNL339C 0 0
YNL339W-B 0 0
YNL339W-A 0 0
YNL338W 2 27
YNL337W 5 96
YNL336W 4 75
YNL335W 0 0
YNL334C 2 46
YNL333W 2 167
YNL332W 5 82
YNL331C 15 679
YNL330C 19 413
YNL329C 42 1084
YNL328C 8 190
YNL327W 20 110
YNL326C 20 695
YNL325C 26 502
YNL324W 4 209
YNL323W 15 514
YNL322C 7 61
YNL321W 36 2557
YNL320W 16 2294
YNL319W 7 213
YNL318C 18 555
YNL317W 14 459
YNL316C 22 483
YNL315C 5 404
YNL314W 25 634
YNL313C 21 388
YNL312W 3 14
YNL311C 32 1302
YNL310C 9 337
YNL309W 24 755
YNL308C 12 257
YNL307C 9 98
YNL306W 10 55
YNL305C 8 127
YNL304W 29 1710
YNL303W 15 409
YNL302C 0 0
YNL301C 16 460
YNL300W 4 76
YNL299W 33 10055
YNL298W 19 463
YNL297C 24 596
YNL296W 2 5
YNL295W 13 489
YNL294C 25 604
YNL293W 37 3050
YNL292W 11 54
YNL291C 19 260
YNL290W 20 691
YNL289W 16 846
YNL288W 19 294
YNL287W 19 865
YNL286W 14 494
YNL285W 21 1432
YNL284C 8 108
YNL283C 23 743
YNL282W 20 494
YNL281W 6 74
YNL280C 22 470
YNL279W 36 2608
YNL278W 63 4495
YNL277W-A 21 1502
YNL277W 30 410
YNL276C 9 79
YNL275W 22 1140
YNL274C 14 198
YNL273W 15 218
YNL272C 8 45
YNL271C 25 1055
YNL270C 25 520
YNL269W 26 1700
YNL268W 31 388
YNL267W 26 575
YNL266W 5 61
YNL265C 22 295
YNL264C 22 553
YNL263C 14 286
YNL262W 69 2009
YNL261W 16 366
YNL260C 3 49
YNL259C 6 153
YNL258C 9 93
YNL257C 35 1196
YNL256W 24 614
YNL255C 3 48
YNL254C 20 485
YNL253W 20 298
YNL252C 5 52
YNL251C 39 1391
YNL250W 35 1263
YNL249C 20 1505
YNL248C 6 46
YNL247W 21 642
YNL246W 17 464
YNL245C 9 153
YNL244C 12 387
YNL243W 52 991
YNL242W 63 2503
YNL241C 45 968
YNL240C 61 2734
YNL239W 22 305
YNL238W 28 599
YNL237W 16 594
YNL236W 25 449
YNL235C 10 242
YNL234W 26 1251
YNL233W 20 490
YNL232W 19 436
YNL231C 33 1340
YNL230C 37 880
YNL229C 7 58
YNL228W 20 580
YNL227C 22 583
YNL226W 8 121
YNL225C 9 1498
YNL224C 29 1867
YNL223W 14 242
YNL222W 10 1267
YNL221C 29 586
YNL220W 10 301
YNL219C 22 840
YNL218W 26 990
YNL217W 26 1664
YNL216W 40 783
YNL215W 5 118
YNL214W 8 282
YNL213C 7 507
YNL212W 18 636
YNL211C 6 221
YNL210W 7 46
YNL209W 15 183
YNL208W 14 302
YNL207W 10 94
YNL206C 14 90
YNL205C 8 527
YNL204C 9 32
YNL203C 15 404
YNL202W 27 2369
YNL201C 14 310
YNL200C 9 128
YNL199C 15 370
YNL198C 4 357
YNL197C 8 50
YNL196C 29 838
YNL195C 24 588
YNL194C 14 261
YNL193W 29 402
YNL192W 42 1978
YNL191W 27 1008
YNL190W 11 2631
YNL189W 7 332
YNL188W 13 175
YNL187W 21 1423
YNL186W 29 647
YNL185C 3 59
YNL184C 3 8
YNL183C 24 1108
YNL182C 22 253
YNL181W 12 167
YNL180C 14 263
YNL179C 20 1546
YNL178W 1 4
YNL177C 4 8
YNL176C 21 630
YNL175C 13 183
YNL174W 2 13
YNL173C 17 314
YNL172W 39 596
YNL171C 3 22
YNL170W 2 34
YNL169C 21 272
YNL168C 17 661
YNL167C 14 30
YNL166C 14 388
YNL165W 11 793
YNL164C 12 473
YNL163C 47 926
YNL162W-A 3 383
YNL162W 3 14
YNL161W 18 363
YNL160W 12 282
YNL159C 11 136
YNL158W 17 482
YNL157W 5 110
YNL156C 10 172
YNL155W 9 956
YNL154C 35 2678
YNL153C 14 142
YNL152W 8 64
YNL151C 14 317
YNL150W 6 118
YNL149C 9 92
YNL148C 60 94542
YNL147W 9 393
YNL146C-A 12 1313
YNL146W 7 97
YNL145W 3 74
YNL144C 43 1435
YNL144W-A 1 14
YNL143C 3 347
YNL142W 38 620
YNL141W 14 165
YNL140C 2 12
YNL139C 30 503
YNL138W-A 8 170
YNL138W 12 504
YNL137C 18 382
YNL136W 21 611
YNL135C 2 13
YNL134C 18 380
YNL133C 10 280
YNL132W 13 161
YNL131W 0 0
YNL130C 14 337
YNL130C-A 8 145
YNL129W 11 319
YNL128W 18 430
YNL127W 34 558
YNL126W 20 344
YNL125C 31 282
YNL124W 19 755
YNL123W 35 1389
YNL122C 5 77
YNL121C 13 300
YNL120C 5 85
YNL119W 19 465
YNL118C 20 516
YNL117W 33 854
YNL116W 24 687
YNL115C 26 323
YNL114C 2 190
YNL113W 1 1
YNL112W 29 489
YNL111C 5 260
YNL110C 9 172
YNL109W 4 29
YNL108C 17 1802
YNL107W 11 133
YNL106C 49 7688
YNL105W 6 162
YNL104C 49 2492
YNL103W-A 2 53
YNL103W 17 223
YNL102W 31 940
YNL101W 27 803
YNL100W 11 468
YNL099C 11 262
YNL098C 11 106
YNL097C-B 8 593
YNL097C 25 1317
YNL097W-A 4 94
YNL096C 18 709
YNL095C 22 470
YNL094W 20 684
YNL093W 7 59
YNL092W 24 1916
YNL091W 34 380
YNL090W 2 159
YNL089C 2 159
YNL088W 27 1624
YNL087W 45 4587
YNL086W 3 28
YNL085W 22 428
YNL084C 7 189
YNL083W 23 549
YNL082W 24 487
YNL081C 1 1
YNL080C 23 355
YNL079C 11 289
YNL078W 23 1394
YNL077W 27 510
YNL076W 23 417
YNL075W 12 293
YNL074C 19 452
YNL073W 16 436
YNL072W 31 1841
YNL071W 17 108
YNL070W 1 1
YNL069C 7 326
YNL068C 33 1196
YNL067W-A 5 50
YNL067W-B 4 237
YNL067W 10 144
YNL066W 41 10953
YNL065W 24 370
YNL064C 20 320
YNL063W 13 463
YNL062C 13 383
YNL061W 19 331
YNL059C 15 170
YNL058C 14 147
YNL057W 1 6
YNL056W 7 1611
YNL055C 24 1100
YNL054W 24 279
YNL053W 50 6023
YNL052W 12 172
YNL051W 17 391
YNL050C 10 304
YNL049C 21 575
YNL048W 9 583
YNL047C 16 605
YNL046W 13 460
YNL045W 24 714
YNL044W 11 109
YNL043C 8 78
YNL042W-B 17 186
YNL042W 21 398
YNL041C 19 307
YNL040W 13 518
YNL039W 11 548
YNL038W 16 848
YNL037C 31 439
YNL036W 24 483
YNL035C 14 299
YNL034W 10 58
YNL033W 0 0
YNL032W 5 58
YNL031C 11 446
YNL030W 5 111
YNL029C 24 852
YNL028W 20 247
YNL027W 20 562
YNL026W 15 177
YNL025C 14 275
YNL024C-A 8 80
YNL024C 25 312
YNL023C 39 1270
YNL022C 18 2863
YNL021W 21 350
YNL020C 33 683
YNL019C 2 14
YNL018C 18 314
YNL017C 14 297
YNL016W 21 375
YNL015W 0 0
YNL014W 28 716
YNL013C 0 0
YNL012W 31 1133
YNL011C 7 209
YNL010W 9 87
YNL009W 25 508
YNL008C 32 2764
YNL007C 13 1049
YNL006W 11 193
YNL005C 13 220
YNL004W 60 2242
YNL003C 23 871
YNL002C 7 122
YNL001W 28 709
YNR001C 59 5194
YNR001W-A 11 1466
YNR002C 65 8730
YNR003C 29 1111
YNR003W-A 7 101
YNR004W 9 384
YNR005C 2 128
YNR006W 17 536
YNR007C 10 220
YNR008W 39 1345
YNR009W 9 138
YNR010W 5 31
YNR011C 37 822
YNR012W 16 155
YNR013C 46 969
YNR014W 27 3820
YNR015W 53 6713
YNR016C 114 1906
YNR017W 25 805
YNR018W 22 268
YNR019W 28 471
YNR020C 9 146
YNR021W 18 749
YNR022C 3 18
YNR023W 7 669
YNR024W 2 111
YNR025C 1 2
YNR026C 15 289
YNR027W 15 604
YNR028W 14 66
YNR029C 23 571
YNR030W 13 424
YNR031C 82 2346
YNR032W 22 1561
YNR032C-A 6 41
YNR033W 38 1521
YNR034W 16 1162
YNR034W-A 8 77
YNR035C 6 31
YNR036C 8 278
YNR037C 6 124
YNR038W 16 450
YNR039C 22 493
YNR040W 15 301
YNR041C 11 252
YNR042W 2 11
YNR043W 9 74
YNR044W 30 604
YNR045W 15 154
YNR046W 10 195
YNR047W 42 1376
YNR048W 9 338
YNR049C 15 283
YNR050C 24 448
YNR051C 10 630
YNR052C 24 999
YNR053C 22 345
YNR054C 19 563
YNR055C 31 650
YNR056C 31 546
YNR057C 35 6288
YNR058W 22 1203
YNR059W 23 393
YNR060W 31 1244
YNR061C 8 93
YNR062C 6 46
YNR063W 13 66
YNR064C 22 12909
YNR065C 24 812
YNR066C 29 747
YNR067C 43 1756
YNR068C 4 42
YNR069C 19 338
YNR070W 45 3051
YNR071C 20 1446
YNR072W 17 388
YNR073C 14 396
YNR074C 15 201
YNR075W 16 363
YNR075C-A 9 481
YNR076W 0 0
YNR077C 0 0
YOL166W-A 6 2542
YOL166C 4 12
YOL165C 5 109
YOL164W-A 2 7
YOL164W 23 866
YOL163W 11 358
YOL162W 4 36
YOL161C 6 64
YOL160W 4 34
YOL159C-A 6 38
YOL159C 9 98
YOL158C 34 1316
YOL157C 11 171
YOL156W 6 67
YOL155W-A 0 0
YOL155C 23 5043
YOL154W 8 71
YOL152W 38 1226
YOL151W 9 205
YOL150C 1 3
YOL149W 4 74
YOL148C 12 242
YOL147C 8 132
YOL146W 7 107
YOL145C 22 752
YOL144W 10 72
YOL143C 9 141
YOL142W 12 487
YOL141W 30 844
YOL140W 26 438
YOL139C 2 14
YOL138C 48 877
YOL137W 21 906
YOL136C 14 227
YOL135C 11 201
YOL134C 5 169
YOL133W 3 71
YOL132W 11 1556
YOL131W 4 107
YOL130W 29 646
YOL129W 4 32
YOL128C 19 591
YOL127W 0 0
YOL126C 31 681
YOL125W 22 4097
YOL124C 20 489
YOL123W 33 451
YOL122C 21 1101
YOL121C 8 56
YOL120C 18 506
YOL119C 13 178
YOL118C 17 1462
YOL117W 17 605
YOL116W 20 775
YOL115W 30 605
YOL114C 4 51
YOL113W 32 484
YOL112W 20 682
YOL111C 14 247
YOL110W 60 10784
YOL109W 2 26
YOL108C 5 18
YOL107W 19 1403
YOL106W 7 136
YOL105C 11 194
YOL104C 9 170
YOL103W 15 332
YOL102C 12 173
YOL101C 2 3
YOL100W 26 2125
YOL099C 4 92
YOL098C 37 1225
YOL097W-A 4 18
YOL097C 16 1046
YOL096C 23 512
YOL095C 22 540
YOL094C 11 507
YOL093W 4 89
YOL092W 15 230
YOL091W 12 223
YOL090W 19 543
YOL089C 26 402
YOL088C 5 95
YOL087C 27 1460
YOL086W-A 8 183
YOL086C 24 1288
YOL085W-A 11 1145
YOL085C 21 1527
YOL084W 46 1431
YOL083W 16 548
YOL083C-A 0 0
YOL082W 18 603
YOL081W 84 2968
YOL080C 3 10
YOL079W 2 9
YOL078W 32 674
YOL077W-A 7 258
YOL077C 10 319
YOL076W 6 33
YOL075C 39 1142
YOL073C 12 391
YOL072W 20 510
YOL071W 6 25
YOL070C 21 1350
YOL069W 16 413
YOL068C 31 799
YOL067C 3 37
YOL066C 22 228
YOL065C 15 152
YOL064C 12 376
YOL063C 26 382
YOL062C 7 264
YOL061W 29 1081
YOL060C 43 969
YOL059W 39 750
YOL058W 31 1834
YOL057W 19 410
YOL056W 18 518
YOL055C 24 444
YOL054W 25 553
YOL053W 23 2390
YOL052C-A 2 128
YOL052C 35 1642
YOL051W 23 1526
YOL050C 6 1188
YOL049W 16 246
YOL048C 10 200
YOL047C 4 71
YOL046C 9 1235
YOL045W 23 1522
YOL044W 8 155
YOL043C 10 2507
YOL042W 19 255
YOL041C 17 1125
YOL040C 1 1
YOL039W 2 5
YOL038C-A 3 5
YOL038W 10 326
YOL037C 2 17
YOL036W 21 257
YOL035C 4 51
YOL034W 50 1257
YOL033W 12 221
YOL032W 8 102
YOL031C 25 1126
YOL030W 16 3268
YOL029C 7 225
YOL028C 10 669
YOL027C 15 243
YOL026C 10 303
YOL025W 16 407
YOL024W 7 36
YOL023W 17 376
YOL022C 12 238
YOL021C 42 1651
YOL020W 37 1124
YOL019W-A 8 1219
YOL019W 24 244
YOL018C 17 1316
YOL017W 24 501
YOL016C 19 323
YOL015W 15 284
YOL014W 2 9
YOL013W-B 0 0
YOL013W-A 9 268
YOL013C 11 679
YOL012C 7 176
YOL011W 35 998
YOL010W 14 115
YOL009C 13 266
YOL008W 9 2063
YOL007C 20 987
YOL006C 23 874
YOL005C 7 28
YOL004W 40 554
YOL003C 37 1125
YOL002C 31 33928
YOL001W 39 1688
YOR001W 59 2471
YOR002W 40 1569
YOR003W 55 1161
YOR004W 13 648
YOR005C 53 2405
YOR006C 13 148
YOR007C 11 306
YOR008C 1 3
YOR008C-A 3 58
YOR008W-B 0 0
YOR009W 2 121
YOR010C 5 243
YOR011W 40 1031
YOR011W-A 6 257
YOR012W 12 373
YOR013W 19 405
YOR014W 21 798
YOR015W 0 0
YOR016C 10 287
YOR017W 26 711
YOR018W 35 972
YOR019W 26 500
YOR020C 3 25
YOR020W-A 1 56
YOR021C 2 36
YOR022C 32 1028
YOR023C 15 506
YOR024W 24 1804
YOR025W 23 287
YOR026W 25 460
YOR027W 33 876
YOR028C 15 491
YOR029W 18 5646
YOR030W 25 954
YOR031W 10 204
YOR032C 11 139
YOR032W-A 11 370
YOR033C 23 403
YOR034C 33 687
YOR034C-A 10 345
YOR035C 32 781
YOR036W 2 18
YOR037W 25 748
YOR038C 29 494
YOR039W 7 96
YOR040W 26 1821
YOR041C 10 345
YOR042W 31 909
YOR043W 10 342
YOR044W 10 302
YOR045W 2 26
YOR046C 18 242
YOR047C 5 52
YOR048C 18 395
YOR049C 9 245
YOR050C 13 542
YOR051C 19 230
YOR052C 8 128
YOR053W 6 24
YOR054C 32 885
YOR055W 13 303
YOR056C 19 157
YOR057W 24 330
YOR058C 29 380
YOR059C 17 241
YOR060C 24 620
YOR061W 12 180
YOR062C 24 5675
YOR063W 12 415
YOR064C 23 572
YOR065W 16 269
YOR066W 19 508
YOR067C 12 249
YOR069W 20 663
YOR068C 0 0
YOR070C 8 200
YOR071C 27 630
YOR072W 15 283
YOR072W-A 11 172
YOR072W-B 5 12
YOR073W 10 231
YOR074C 11 225
YOR073W-A 0 0
YOR075W 8 117
YOR076C 29 3390
YOR077W 20 1899
YOR078W 7 196
YOR079C 17 355
YOR080W 21 281
YOR081C 35 515
YOR082C 15 354
YOR083W 40 2534
YOR084W 42 1136
YOR085W 20 1071
YOR086C 33 648
YOR087W 32 6571
YOR089C 7 264
YOR090C 29 777
YOR091W 35 4818
YOR092W 25 203
YOR093C 54 1448
YOR094W 5 102
YOR095C 9 202
YOR096W 3 40
YOR097C 12 369
YOR098C 22 515
YOR099W 32 811
YOR100C 15 1033
YOR101W 6 168
YOR102W 1 9
YOR103C 1 9
YOR104W 8 84
YOR105W 4 30
YOR106W 10 28
YOR107W 24 511
YOR108W 29 438
YOR108C-A 0 0
YOR109W 29 358
YOR110W 17 717
YOR111W 11 120
YOR112W 14 291
YOR113W 11 123
YOR114W 15 7957
YOR115C 9 261
YOR116C 26 603
YOR117W 10 181
YOR118W 24 380
YOR119C 20 607
YOR120W 22 1044
YOR121C 11 327
YOR122C 11 329
YOR123C 14 1135
YOR124C 42 1396
YOR125C 5 586
YOR126C 7 819
YOR127W 22 392
YOR128C 14 234
YOR129C 23 492
YOR130C 17 424
YOR131C 8 144
YOR132W 19 250
YOR133W 3 21
YOR134W 42 9022
YOR135C 6 132
YOR136W 13 446
YOR137C 26 639
YOR138C 59 1528
YOR139C 1 7
YOR140W 28 439
YOR141C 26 486
YOR142W 19 804
YOR143C 8 263
YOR144C 27 400
YOR145C 9 378
YOR146W 1 80
YOR147W 17 238
YOR148C 9 63
YOR149C 18 172
YOR150W 8 93
YOR151C 35 917
YOR152C 3 30
YOR153W 72 2948
YOR154W 11 106
YOR155C 10 407
YOR156C 13 329
YOR157C 13 222
YOR158W 12 97
YOR159C 5 80
YOR160W 22 293
YOR161C 28 635
YOR161W-A 0 0
YOR161W-B 7 61
YOR161C-C 8 212
YOR162C 56 1190
YOR163W 6 22
YOR164C 9 222
YOR165W 32 1415
YOR166C 13 781
YOR167C 4 20
YOR168W 20 572
YOR169C 7 107
YOR170W 2 14
YOR171C 19 364
YOR172W 29 296
YOR173W 29 2601
YOR174W 7 67
YOR175C 23 763
YOR176W 19 419
YOR177C 12 215
YOR178C 17 257
YOR179C 26 871
YOR180C 1 1
YOR181W 10 207
YOR182C 5 130
YOR183W 28 681
YOR184W 11 218
YOR185C 12 299
YOR186W 25 752
YOR186C-A 14 577
YOR187W 22 401
YOR188W 36 895
YOR189W 5 18
YOR190W 12 169
YOR191W 38 928
YOR192C 23 352
YOR192C-C 0 0
YOR193W 7 43
YOR194C 6 96
YOR195W 13 197
YOR196C 16 395
YOR197W 23 327
YOR198C 7 321
YOR199W 20 974
YOR200W 3 96
YOR201C 9 435
YOR202W 16 148
YOR203W 27 3656
YOR204W 30 371
YOR205C 36 925
YOR206W 14 218
YOR207C 34 618
YOR208W 5 107
YOR209C 21 278
YOR210W 4 56
YOR211C 40 646
YOR212W 21 921
YOR213C 17 359
YOR214C 3 392
YOR215C 14 165
YOR216C 26 1095
YOR217W 34 451
YOR218C 3 17
YOR219C 36 920
YOR220W 13 121
YOR221C 14 255
YOR222W 48 6365
YOR223W 17 299
YOR224C 10 103
YOR225W 5 46
YOR226C 8 159
YOR227W 46 702
YOR228C 11 239
YOR229W 35 1481
YOR230W 23 250
YOR231W 31 926
YOR231C-A 8 263
YOR232W 3 138
YOR233W 38 687
YOR234C 11 95
YOR235W 9 265
YOR236W 11 348
YOR237W 5 327
YOR238W 25 599
YOR239W 7 98
YOR241W 21 509
YOR242C 22 460
YOR243C 20 505
YOR244W 25 357
YOR245C 8 75
YOR246C 12 116
YOR247W 5 75
YOR248W 5 75
YOR249C 16 162
YOR250C 22 386
YOR251C 16 566
YOR252W 9 170
YOR253W 9 76
YOR254C 22 356
YOR255W 9 203
YOR256C 25 704
YOR257W 1 2
YOR258W 5 24
YOR259C 10 211
YOR260W 19 514
YOR261C 10 64
YOR262W 10 63
YOR263C 3 33
YOR264W 12 163
YOR265W 5 1926
YOR266W 8 503
YOR267C 29 2086
YOR268C 41 3002
YOR269W 28 1031
YOR270C 49 1443
YOR271C 26 299
YOR272W 7 139
YOR273C 41 1398
YOR274W 39 1567
YOR275C 36 9525
YOR276W 11 767
YOR277C 8 735
YOR278W 13 375
YOR279C 15 221
YOR280C 15 480
YOR281C 11 216
YOR282W 15 880
YOR283W 16 566
YOR284W 10 154
YOR285W 14 363
YOR286W 11 432
YOR287C 8 68
YOR288C 7 174
YOR289W 23 289
YOR290C 26 278
YOR291W 56 1470
YOR292C 14 175
YOR293W 10 58
YOR293C-A 6 106
YOR294W 2 38
YOR295W 16 1583
YOR296W 46 701
YOR297C 7 80
YOR298W 33 588
YOR298C-A 14 358
YOR299W 29 1497
YOR300W 7 574
YOR301W 60 4935
YOR302W 4 36
YOR303W 33 10248
YOR304W 34 2092
YOR304C-A 3 19
YOR305W 3 27
YOR306C 21 564
YOR307C 18 8445
YOR308C 16 269
YOR309C 0 0
YOR310C 14 316
YOR311C 9 63
YOR312C 3 47
YOR313C 9 51
YOR314W 4 21
YOR314W-A 4 177
YOR315W 15 745
YOR316C 38 1218
YOR316C-A 22 14554
YOR317W 40 3204
YOR318C 49 14841
YOR319W 6 175
YOR320C 16 683
YOR321W 34 598
YOR322C 32 946
YOR323C 8 304
YOR324C 26 674
YOR325W 9 123
YOR326W 39 761
YOR327C 4 95
YOR328W 63 1599
YOR329C 29 490
YOR329W-A 4 150
YOR330C 35 509
YOR331C 5 97
YOR332W 4 18
YOR333C 8 197
YOR334W 16 294
YOR335C 48 937
YOR335W-A 1 46
YOR336W 43 1141
YOR337W 37 1158
YOR338W 20 855
YOR339C 3 28
YOR340C 8 82
YOR341W 19 118
YOR342C 13 149
YOR343C 15 4374
YOR344C 15 635
YOR345C 3 19
YOR346W 39 539
YOR347C 18 324
YOR348C 238 33932
YOR349W 79 2584
YOR350C 35 2227
YOR351C 26 511
YOR352W 15 251
YOR353C 22 317
YOR354C 33 612
YOR355W 16 186
YOR356W 36 960
YOR357C 12 263
YOR358W 19 552
YOR359W 13 377
YOR360C 20 812
YOR361C 33 1103
YOR362C 9 232
YOR363C 32 2233
YOR364W 27 869
YOR365C 31 1280
YOR366W 1 3
YOR367W 6 38
YOR368W 25 410
YOR369C 13 224
YOR370C 23 403
YOR371C 59 4312
YOR372C 15 250
YOR373W 36 879
YOR374W 30 1913
YOR375C 30 924
YOR376W 18 1167
YOR376W-A 0 0
YOR377W 38 1017
YOR378W 25 938
YOR379C 16 721
YOR380W 29 1804
YOR381W 25 1228
YOR381W-A 1 4
YOR382W 2 3
YOR383C 4 21
YOR384W 18 452
YOR385W 20 362
YOR386W 12 219
YOR387C 3 5
YOR388C 2 19
YOR389W 18 810
YOR390W 4 103
YOR391C 1 2
YOR392W 4 13
YOR393W 0 0
YOR394W 0 0
YOR394C-A 0 0
YOR396W 0 0
YOR396C-A 0 0
YPL283C 0 0
YPL283W-B 0 0
YPL283W-A 0 0
YPL282C 0 0
YPL281C 0 0
YPL280W 0 0
YPL279C 3 31
YPL278C 0 0
YPL277C 16 230
YPL274W 56 1465
YPL273W 9 42
YPL272C 7 146
YPL271W 2 93
YPL270W 36 679
YPL269W 18 465
YPL268W 18 417
YPL267W 6 66
YPL266W 15 195
YPL265W 63 1917
YPL264C 12 1832
YPL263C 34 1225
YPL262W 32 896
YPL261C 9 673
YPL260W 9 215
YPL259C 14 286
YPL258C 34 991
YPL257W 7 96
YPL256C 29 758
YPL255W 13 466
YPL254W 10 289
YPL253C 26 630
YPL252C 3 43
YPL251W 2 39
YPL250C 16 712
YPL249C-A 6 78
YPL250W-A 6 78
YPL249C 30 766
YPL248C 22 253
YPL247C 39 10024
YPL246C 16 1621
YPL245W 28 7653
YPL244C 34 1528
YPL243W 7 206
YPL242C 45 1235
YPL241C 6 117
YPL240C 26 525
YPL239W 3 50
YPL238C 1 21
YPL237W 3 79
YPL236C 16 442
YPL235W 11 495
YPL234C 3 61
YPL233W 15 791
YPL232W 22 674
YPL231W 96 2712
YPL230W 27 1583
YPL229W 17 1005
YPL228W 14 216
YPL227C 9 209
YPL226W 32 456
YPL225W 2 18
YPL224C 33 2083
YPL223C 8 114
YPL222W 35 795
YPL222C-A 2 17
YPL221W 73 6690
YPL220W 3 6
YPL219W 29 2172
YPL218W 11 96
YPL217C 31 562
YPL216W 23 348
YPL215W 12 152
YPL214C 27 879
YPL213W 17 414
YPL212C 22 696
YPL211W 13 134
YPL210C 17 466
YPL209C 8 112
YPL208W 28 1240
YPL207W 29 1006
YPL206C 18 632
YPL205C 7 490
YPL204W 20 580
YPL203W 21 579
YPL202C 21 1536
YPL201C 22 508
YPL200W 3 10
YPL199C 12 181
YPL198W 31 281
YPL197C 5 23
YPL196W 7 278
YPL195W 21 1651
YPL194W 11 222
YPL193W 12 313
YPL192C 0 0
YPL191C 16 260
YPL190C 25 409
YPL189C-A 1 2
YPL189W 25 421
YPL188W 21 464
YPL187W 2 7
YPL186C 29 604
YPL185W 31 4177
YPL184C 17 385
YPL183W-A 5 120
YPL183C 28 590
YPL182C 10 555
YPL181W 15 317
YPL180W 23 492
YPL179W 25 1176
YPL178W 6 48
YPL177C 14 3873
YPL176C 44 886
YPL175W 25 574
YPL174C 13 91
YPL173W 4 26
YPL172C 10 77
YPL171C 32 625
YPL170W 21 365
YPL169C 7 86
YPL168W 17 320
YPL167C 31 724
YPL166W 9 170
YPL165C 4 45
YPL164C 33 930
YPL163C 12 408
YPL162C 17 201
YPL161C 20 354
YPL160W 17 312
YPL159C 5 64
YPL158C 32 504
YPL157W 34 890
YPL156C 24 980
YPL155C 55 6598
YPL154C 13 152
YPL153C 29 569
YPL152W-A 0 0
YPL152W 8 140
YPL151C 25 555
YPL150W 21 284
YPL149W 10 322
YPL148C 6 124
YPL147W 23 305
YPL146C 3 13
YPL145C 3 54
YPL144W 20 599
YPL143W 5 54
YPL142C 1 4
YPL141C 50 1020
YPL140C 16 253
YPL139C 11 310
YPL138C 9 127
YPL137C 61 2795
YPL136W 3 207
YPL135W 16 323
YPL135C-A 8 152
YPL134C 28 673
YPL133C 41 3127
YPL132W 8 276
YPL131W 7 138
YPL130W 4 59
YPL129W 4 46
YPL128C 12 219
YPL127C 11 121
YPL126W 13 217
YPL125W 34 1162
YPL124W 17 208
YPL123C 10 654
YPL122C 20 361
YPL121C 6 313
YPL120W 10 71
YPL119C-A 4 21
YPL119C 38 2148
YPL118W 9 230
YPL117C 14 260
YPL116W 24 726
YPL115C 25 2450
YPL114W 9 173
YPL113C 17 295
YPL112C 8 101
YPL111W 60 1749
YPL110C 49 5401
YPL109C 32 849
YPL108W 19 558
YPL107W 18 542
YPL106C 21 822
YPL105C 30 652
YPL104W 17 984
YPL103C 19 702
YPL102C 7 102
YPL101W 11 330
YPL100W 15 295
YPL099C 6 248
YPL098C 6 60
YPL097W 17 362
YPL096C-A 6 82
YPL096W 16 549
YPL095C 29 2272
YPL094C 19 461
YPL093W 17 541
YPL092W 34 2781
YPL091W 18 321
YPL090C 2 7
YPL089C 20 681
YPL088W 19 230
YPL087W 6 316
YPL086C 15 468
YPL085W 45 863
YPL084W 18 355
YPL083C 9 250
YPL082C 49 2136
YPL081W 26 1027
YPL080C 14 3473
YPL079W 8 211
YPL078C 4 11
YPL077C 23 693
YPL076W 7 188
YPL075W 29 890
YPL074W 24 1314
YPL073C 6 130
YPL072W 19 418
YPL071C 8 500
YPL070W 22 536
YPL069C 13 311
YPL068C 13 284
YPL067C 53 18467
YPL066W 36 2579
YPL065W 11 191
YPL064C 15 353
YPL063W 14 364
YPL062W 43 3050
YPL061W 39 2318
YPL060W 18 294
YPL059W 5 55
YPL058C 49 3061
YPL057C 20 2397
YPL056C 19 2140
YPL055C 30 852
YPL054W 14 629
YPL053C 18 352
YPL052W 2 26
YPL051W 6 151
YPL050C 4 84
YPL049C 30 743
YPL048W 21 424
YPL047W 7 111
YPL046C 2 3
YPL045W 33 2353
YPL044C 7 131
YPL043W 18 343
YPL042C 19 414
YPL041C 12 140
YPL040C 29 552
YPL039W 14 235
YPL038W-A 5 28
YPL038W 11 532
YPL037C 0 0
YPL036W 28 1012
YPL035C 0 0
YPL034W 4 113
YPL033C 4 178
YPL032C 23 446
YPL031C 21 269
YPL030W 26 1011
YPL029W 22 379
YPL028W 18 186
YPL027W 14 3690
YPL026C 17 328
YPL025C 12 1226
YPL024W 14 282
YPL023C 6 27
YPL022W 24 724
YPL021W 7 125
YPL020C 12 159
YPL019C 32 700
YPL018W 27 671
YPL017C 40 1099
YPL016W 34 1097
YPL015C 39 954
YPL014W 29 733
YPL013C 9 78
YPL012W 25 587
YPL011C 12 264
YPL010W 8 211
YPL009C 28 955
YPL008W 17 298
YPL007C 5 133
YPL006W 44 743
YPL005W 23 187
YPL004C 24 435
YPL003W 53 2115
YPL002C 27 884
YPL001W 46 1197
YPR001W 99 15102
YPR002W 57 3299
YPR002C-A 1 1
YPR003C 28 905
YPR004C 6 44
YPR005C 10 109
YPR006C 37 554
YPR007C 22 302
YPR008W 38 920
YPR009W 6 15
YPR010C 22 441
YPR010C-A 1 2
YPR011C 28 2170
YPR012W 6 28
YPR013C 17 337
YPR014C 7 93
YPR015C 15 368
YPR016C 6 43
YPR016W-A 6 70
YPR017C 6 22
YPR018W 16 269
YPR019W 41 1214
YPR020W 3 49
YPR021C 15 239
YPR022C 55 1193
YPR023C 23 735
YPR024W 25 566
YPR025C 5 55
YPR026W 43 991
YPR027C 5 64
YPR028W 6 114
YPR029C 16 397
YPR030W 38 1391
YPR031W 30 2328
YPR032W 10 227
YPR033C 20 711
YPR034W 11 126
YPR035W 27 1505
YPR036W 61 3683
YPR036W-A 7 107
YPR037C 19 975
YPR038W 12 337
YPR039W 19 1194
YPR040W 24 686
YPR041W 13 314
YPR042C 20 437
YPR043W 4 75
YPR044C 3 57
YPR045C 11 218
YPR046W 5 13
YPR047W 21 614
YPR048W 11 314
YPR049C 19 299
YPR050C 10 1078
YPR051W 16 2101
YPR052C 3 20
YPR053C 11 182
YPR054W 22 430
YPR055W 22 336
YPR056W 8 201
YPR057W 9 145
YPR058W 9 396
YPR059C 2 18
YPR060C 8 204
YPR061C 22 550
YPR062W 20 578
YPR063C 6 337
YPR064W 22 705
YPR065W 8 102
YPR066W 17 1093
YPR067W 9 509
YPR068C 27 590
YPR069C 10 69
YPR070W 19 381
YPR071W 10 145
YPR072W 14 800
YPR073C 13 558
YPR074C 41 860
YPR074W-A 11 125
YPR075C 5 21
YPR076W 0 0
YPR077C 10 51
YPR078C 21 141
YPR079W 22 600
YPR080W 5 193
YPR081C 22 369
YPR082C 5 86
YPR083W 25 494
YPR084W 13 336
YPR085C 10 169
YPR086W 13 161
YPR087W 9 929
YPR088C 19 991
YPR089W 18 403
YPR091C 24 281
YPR092W 17 2454
YPR093C 20 605
YPR094W 8 174
YPR095C 38 855
YPR096C 8 1061
YPR097W 44 1911
YPR098C 11 121
YPR099C 5 77
YPR100W 8 258
YPR101W 8 241
YPR102C 0 0
YPR103W 11 339
YPR104C 15 347
YPR105C 18 537
YPR106W 14 176
YPR107C 19 1013
YPR108W 16 274
YPR108W-A 11 117
YPR109W 17 952
YPR110C 7 155
YPR111W 29 580
YPR112C 19 226
YPR113W 12 262
YPR114W 20 2221
YPR115W 42 820
YPR116W 9 284
YPR117W 83 2076
YPR118W 12 186
YPR119W 15 464
YPR120C 25 648
YPR121W 34 1548
YPR122W 77 10940
YPR123C 5 41
YPR124W 27 830
YPR125W 13 214
YPR126C 5 80
YPR127W 18 830
YPR128C 14 1304
YPR129W 4 88
YPR130C 2 2
YPR131C 13 378
YPR132W 2 11
YPR133C 11 4028
YPR133W-A 0 0
YPR134W 7 417
YPR135W 20 504
YPR136C 2 150
YPR137W 8 182
YPR138C 33 803
YPR139C 8 140
YPR140W 19 163
YPR141C 21 442
YPR142C 9 232
YPR143W 2 49
YPR144C 16 361
YPR145W 51 3842
YPR145C-A 3 295
YPR146C 11 431
YPR147C 14 351
YPR148C 14 1058
YPR149W 19 686
YPR150W 16 1458
YPR151C 17 1644
YPR152C 35 509
YPR153W 13 357
YPR154W 3 33
YPR155C 26 782
YPR156C 26 614
YPR157W 37 746
YPR158W 22 450
YPR159W 29 874
YPR159C-A 3 18
YPR160W 64 946
YPR160W-A 4 93
YPR160C-A 11 186
YPR161C 26 759
YPR162C 17 208
YPR163C 11 474
YPR164W 42 1389
YPR165W 10 71
YPR166C 3 84
YPR167C 13 215
YPR168W 15 170
YPR169W 32 966
YPR170C 13 321
YPR169W-A 2 16
YPR170W-B 10 576
YPR170W-A 6 533
YPR171W 16 862
YPR172W 12 428
YPR173C 6 58
YPR174C 8 447
YPR175W 14 346
YPR176C 12 377
YPR177C 6 270
YPR178W 26 1156
YPR179C 21 689
YPR180W 9 225
YPR181C 22 697
YPR182W 1 8
YPR183W 17 184
YPR184W 96 5856
YPR185W 29 1454
YPR186C 17 378
YPR187W 5 81
YPR188C 3 19
YPR189W 28 692
YPR190C 20 383
YPR191W 12 438
YPR192W 51 2463
YPR193C 22 1357
YPR194C 39 7525
YPR195C 23 1703
YPR196W 28 1882
YPR197C 6 29
YPR198W 15 381
YPR199C 21 1055
YPR200C 2 2
YPR201W 31 621
YPR202W 0 0
YPR203W 0 0
YPR204W 0 0
YPR204C-A 0 0
