YAL069W 3 165
YAL068W-A 2 163
YAL068C 1 3
YAL067W-A 1 2
YAL067C 0 0
YAL066W 0 0
YAL065C 0 0
YAL064W-B 0 0
YAL064C-A 0 0
YAL064W 0 0
YAL063C-A 0 0
YAL063C 15 639
YAL062W 79 1494
YAL061W 80 3187
YAL060W 37 1259
YAL059C-A 3 3
YAL059W 7 39
YAL058W 20 126
YAL056C-A 4 15
YAL056W 42 441
YAL055W 9 92
YAL054C 53 959
YAL053W 43 415
YAL051W 60 690
YAL049C 16 196
YAL048C 17 35
YAL047W-A 3 9
YAL047C 12 63
YAL046C 6 22
YAL045C 8 66
YAL044W-A 15 163
YAL044C 5 28
YAL043C 18 49
YAL042C-A 7 60
YAL042W 39 345
YAL041W 13 49
YAL040C 14 231
YAL039C 24 174
YAL038W 8 46
YAL037C-B 2 17
YAL037C-A 5 168
YAL037W 16 239
YAL036C 17 215
YAL035W 12 34
YAL034C-B 3 13
YAL034W-A 12 87
YAL034C 25 425
YAL033W 0 0
YAL032C 21 121
YAL031W-A 5 22
YAL031C 33 156
YAL030W 4 241
YAL029C 43 611
YAL028W 22 212
YAL027W 18 254
YAL026C-A 5 135
YAL026C 17 75
YAL025C 1 1
YAL024C 22 88
YAL023C 20 63
YAL022C 14 106
YAL021C 20 147
YAL020C 21 120
YAL019W-A 15 134
YAL019W 17 110
YAL018C 12 38
YAL017W 54 505
YAL016C-B 5 42
YAL016C-A 1 1
YAL016W 5 18
YAL015C 27 185
YAL014C 6 28
YAL013W 6 28
YAL012W 9 52
YAL011W 7 37
YAL010C 0 0
YAL009W 6 67
YAL008W 12 143
YAL007C 8 88
YAL005C 38 257
YAL004W 20 161
YAL003W 1 1
YAL002W 50 4777
YAL001C 11 54
YAR002W 51 962
YAR002C-A 5 33
YAR003W 29 222
YAR007C 0 0
YAR008W 6 32
YAR014C 17 116
YAR015W 9 32
YAR018C 5 37
YAR019C 19 61
YAR019W-A 3 13
YAR020C 0 0
YAR023C 8 105
YAR027W 13 142
YAR028W 17 347
YAR029W 3 24
YAR030C 3 8
YAR031W 15 122
YAR033W 1 35
YAR035W 191 5490
YAR035C-A 3 20
YAR042W 51 493
YAR047C 0 0
YAR050W 7 13
YAR053W 1 1
YAR060C 0 0
YAR064W 6 74
YAR066W 1 8
YAR068W 0 0
YAR069C 0 0
YAR070C 4 97
YAR071W 5 51
YAR073W 1 1
YAR075W 3 37
YBL113C 29 319
YBL113W-A 0 0
YBL112C 0 0
YBL111C 0 0
YBL109W 6 18
YBL108C-A 1 1
YBL108W 35 1351
YBL107W-A 0 0
YBL107C 17 102
YBL106C 23 147
YBL105C 20 66
YBL104C 64 660
YBL103C 13 43
YBL102W 11 112
YBL101C 53 802
YBL100W-C 6 97
YBL100C 0 0
YBL099W 10 27
YBL098W 31 352
YBL097W 18 142
YBL096C 14 67
YBL095W 12 106
YBL094C 3 49
YBL093C 10 36
YBL092W 2 5
YBL091C-A 9 65
YBL091C 16 102
YBL090W 8 23
YBL089W 16 90
YBL088C 100 721
YBL087C 3 5
YBL086C 6 34
YBL085W 25 201
YBL084C 11 49
YBL083C 1 2
YBL082C 14 102
YBL081W 12 92
YBL080C 10 29
YBL079W 27 114
YBL078C 0 0
YBL077W 16 286
YBL076C 5 27
YBL075C 29 251
YBL074C 18 112
YBL073W 16 264
YBL072C 3 11
YBL071C-B 0 0
YBL071W-A 1 3
YBL071C 7 17
YBL070C 7 142
YBL069W 34 389
YBL068W-A 1 12
YBL068W 7 53
YBL067C 7 43
YBL066C 34 228
YBL065W 8 19
YBL064C 28 501
YBL063W 45 582
YBL062W 5 319
YBL061C 21 446
YBL060W 23 168
YBL059C-A 0 0
YBL059W 4 16
YBL058W 9 23
YBL057C 7 88
YBL056W 27 484
YBL055C 21 218
YBL054W 26 465
YBL053W 4 18
YBL052C 15 101
YBL051C 9 65
YBL050W 4 8
YBL049W 7 29
YBL048W 7 61
YBL047C 50 318
YBL046W 40 569
YBL045C 1 1
YBL044W 40 2592
YBL043W 11 83
YBL042C 44 501
YBL041W 2 2
YBL040C 9 34
YBL039W-B 1 16
YBL039C 13 36
YBL039C-A 0 0
YBL038W 4 8
YBL037W 49 297
YBL036C 3 68
YBL035C 13 18
YBL034C 15 45
YBL033C 7 44
YBL032W 30 179
YBL031W 19 99
YBL030C 7 38
YBL029C-A 15 369
YBL029W 35 430
YBL028C 4 164
YBL027W 0 0
YBL026W 0 0
YBL025W 0 0
YBL024W 27 131
YBL023C 19 63
YBL022C 10 85
YBL021C 4 18
YBL020W 14 33
YBL019W 25 378
YBL018C 2 21
YBL017C 76 474
YBL016W 53 780
YBL015W 92 1321
YBL014C 26 138
YBL013W 59 508
YBL012C 8 54
YBL011W 27 162
YBL010C 7 139
YBL009W 21 174
YBL008W-A 5 27
YBL008W 32 171
YBL007C 10 42
YBL006C 9 80
YBL006W-A 6 69
YBL005W 34 345
YBL004W 14 82
YBL003C 8 125
YBL002W 25 223
YBL001C 30 1291
YBR001C 119 2280
YBR002C 10 66
YBR003W 1 2
YBR004C 4 11
YBR005W 10 248
YBR006W 60 1116
YBR007C 37 612
YBR008C 58 655
YBR009C 2 2
YBR010W 6 51
YBR011C 3 9
YBR012C 4 111
YBR013C 3 40
YBR014C 5 18
YBR015C 26 163
YBR016W 12 236
YBR017C 12 21
YBR018C 9 43
YBR019C 16 114
YBR020W 12 57
YBR021W 26 346
YBR022W 9 41
YBR023C 23 111
YBR024W 20 196
YBR025C 9 40
YBR026C 6 24
YBR027C 10 39
YBR028C 5 39
YBR029C 4 25
YBR030W 10 86
YBR031W 4 14
YBR032W 52 1599
YBR033W 47 847
YBR034C 34 370
YBR035C 9 43
YBR036C 18 87
YBR037C 3 3
YBR038W 19 65
YBR039W 7 14
YBR040W 3 12
YBR041W 11 97
YBR042C 16 68
YBR043C 20 170
YBR044C 6 17
YBR045C 19 354
YBR046C 12 67
YBR047W 15 249
YBR048W 4 12
YBR049C 20 63
YBR050C 26 235
YBR051W 16 171
YBR052C 24 239
YBR053C 20 178
YBR054W 24 443
YBR055C 15 50
YBR056W 13 359
YBR056W-A 6 74
YBR056C-B 3 41
YBR057C 6 42
YBR058C 16 70
YBR058C-A 0 0
YBR059C 28 179
YBR060C 5 13
YBR061C 18 54
YBR062C 11 140
YBR063C 12 96
YBR064W 3 23
YBR065C 10 49
YBR066C 17 195
YBR067C 5 21
YBR068C 59 865
YBR069C 41 699
YBR070C 1 1
YBR071W 9 62
YBR072W 18 341
YBR072C-A 10 110
YBR073W 21 90
YBR074W 42 445
YBR076W 25 457
YBR076C-A 10 69
YBR077C 10 69
YBR078W 21 73
YBR079C 28 87
YBR080C 3 9
YBR081C 28 139
YBR082C 13 52
YBR083W 29 456
YBR084W 27 545
YBR084C-A 4 6
YBR085W 10 147
YBR085C-A 3 62
YBR086C 35 331
YBR087W 6 20
YBR088C 5 11
YBR089W 4 8
YBR089C-A 24 622
YBR090C 54 986
YBR091C 5 10
YBR092C 26 433
YBR093C 17 145
YBR094W 40 233
YBR095C 10 24
YBR096W 8 71
YBR097W 5 39
YBR098W 28 90
YBR099C 1 1
YBR101C 6 22
YBR102C 15 64
YBR103W 6 40
YBR103C-A 14 241
YBR104W 20 217
YBR105C 27 413
YBR106W 3 11
YBR107C 7 88
YBR108W 20 276
YBR109C 0 0
YBR109W-A 1 13
YBR110W 2 4
YBR111C 24 597
YBR111W-A 3 21
YBR112C 6 14
YBR113W 0 0
YBR114W 24 300
YBR115C 61 704
YBR116C 26 498
YBR117C 46 759
YBR118W 1 3
YBR119W 5 33
YBR120C 0 0
YBR121C 1 1
YBR121C-A 0 0
YBR122C 3 8
YBR123C 9 25
YBR124W 5 10
YBR125C 18 213
YBR126C 19 76
YBR126W-A 10 502
YBR126W-B 9 377
YBR127C 4 60
YBR128C 22 304
YBR129C 2 8
YBR130C 7 46
YBR131W 14 56
YBR131C-A 0 0
YBR132C 24 1067
YBR133C 50 453
YBR134W 25 254
YBR135W 2 6
YBR136W 18 68
YBR137W 6 71
YBR138C 16 128
YBR139W 26 165
YBR140C 39 128
YBR141C 17 143
YBR141W-A 0 0
YBR142W 12 34
YBR143C 3 13
YBR144C 19 328
YBR145W 20 181
YBR146W 6 34
YBR147W 9 40
YBR148W 17 197
YBR149W 29 471
YBR150C 40 303
YBR151W 14 109
YBR152W 8 62
YBR153W 1 1
YBR154C 2 2
YBR155W 2 8
YBR156C 5 19
YBR157C 18 510
YBR158W 29 410
YBR159W 8 13
YBR160W 5 14
YBR161W 3 8
YBR162C 14 142
YBR162W-A 2 5
YBR163W 11 30
YBR164C 6 34
YBR165W 6 95
YBR166C 8 36
YBR167C 4 7
YBR168W 6 23
YBR169C 41 391
YBR170C 13 57
YBR171W 5 12
YBR172C 28 279
YBR173C 2 2
YBR174C 7 42
YBR175W 16 55
YBR176W 6 37
YBR177C 25 296
YBR178W 17 743
YBR179C 18 65
YBR180W 25 229
YBR181C 1 2
YBR182C 18 103
YBR182C-A 5 32
YBR183W 17 130
YBR184W 8 49
YBR185C 4 11
YBR186W 41 378
YBR187W 3 8
YBR188C 10 47
YBR189W 2 2
YBR190W 0 0
YBR191W 0 0
YBR191W-A 0 0
YBR192W 0 0
YBR193C 1 1
YBR194W 2 4
YBR195C 6 26
YBR196C 6 21
YBR196C-A 2 8
YBR196C-B 4 59
YBR197C 34 1650
YBR198C 17 40
YBR199W 25 147
YBR200W 3 5
YBR200W-A 0 0
YBR201W 5 60
YBR201C-A 4 40
YBR202W 20 249
YBR203W 50 358
YBR204C 11 142
YBR205W 16 209
YBR206W 5 31
YBR207W 12 115
YBR208C 80 800
YBR209W 31 785
YBR210W 2 4
YBR211C 7 14
YBR212W 25 288
YBR213W 20 175
YBR214W 41 434
YBR215W 16 67
YBR216C 22 141
YBR217W 4 27
YBR218C 47 640
YBR219C 38 871
YBR220C 21 597
YBR221C 17 59
YBR221W-A 12 106
YBR222C 38 479
YBR223C 25 347
YBR223W-A 7 160
YBR224W 9 126
YBR225W 18 118
YBR226C 2 2
YBR227C 8 60
YBR228W 15 187
YBR229C 29 114
YBR230C 12 241
YBR230W-A 33 884
YBR231C 7 15
YBR232C 2 2
YBR233W 15 96
YBR233W-A 1 3
YBR234C 1 1
YBR235W 48 530
YBR236C 6 34
YBR237W 10 33
YBR238C 12 70
YBR239C 41 550
YBR240C 17 125
YBR241C 60 534
YBR242W 23 268
YBR243C 1 3
YBR244W 4 13
YBR245C 39 255
YBR246W 16 94
YBR247C 3 12
YBR248C 31 314
YBR249C 14 74
YBR250W 18 342
YBR251W 6 20
YBR252W 2 13
YBR253W 1 1
YBR254C 1 1
YBR255W 35 872
YBR255C-A 7 79
YBR256C 6 13
YBR257W 6 29
YBR258C 5 39
YBR259W 23 214
YBR260C 31 276
YBR261C 19 338
YBR262C 8 20
YBR263W 13 114
YBR264C 4 30
YBR265W 1 1
YBR267W 8 28
YBR266C 0 0
YBR268W 2 12
YBR269C 6 20
YBR270C 10 126
YBR271W 15 94
YBR272C 12 59
YBR273C 7 27
YBR274W 14 125
YBR275C 50 421
YBR276C 34 282
YBR277C 2 18
YBR278W 14 168
YBR279W 9 55
YBR280C 29 324
YBR281C 22 106
YBR282W 1 46
YBR283C 10 25
YBR284W 35 753
YBR285W 1 1
YBR286W 48 555
YBR287W 18 111
YBR288C 23 119
YBR289W 20 109
YBR290W 5 228
YBR291C 28 514
YBR292C 5 6
YBR293W 23 330
YBR294W 31 407
YBR295W 60 470
YBR296C 32 464
YBR296C-A 15 226
YBR297W 31 274
YBR298C 49 594
YBR298C-A 2 63
YBR299W 17 196
YBR300C 7 89
YBR301W 4 28
YBR302C 0 0
YCL076W 25 602
YCL073C 11 84
YCL069W 0 0
YCL068C 0 0
YCL067C 0 0
YCL066W 0 0
YCL065W 4 50
YCL064C 21 225
YCL063W 16 114
YCL061C 17 53
YCL059C 2 3
YCL058C 10 53
YCL058W-A 8 49
YCL057C-A 4 22
YCL057W 28 262
YCL056C 0 0
YCL055W 12 170
YCL054W 24 81
YCL052C 8 34
YCL051W 15 114
YCL050C 10 38
YCL049C 6 30
YCL048W-A 2 7
YCL048W 26 154
YCL047C 8 34
YCL045C 31 169
YCL046W 2 4
YCL044C 4 13
YCL043C 18 66
YCL041C 3 7
YCL042W 25 570
YCL040W 130 6266
YCL039W 45 487
YCL038C 13 65
YCL037C 15 70
YCL036W 46 594
YCL035C 9 218
YCL034W 29 327
YCL033C 8 71
YCL032W 20 228
YCL031C 2 4
YCL030C 36 565
YCL029C 47 525
YCL028W 11 135
YCL027W 27 290
YCL026C-B 6 71
YCL026C-A 15 526
YCL025C 67 1262
YCL023C 17 286
YCL024W 58 387
YCL022C 3 12
YCL021W-A 6 73
YCL018W 19 400
YCL017C 8 55
YCL016C 14 72
YCL014W 46 342
YCL012C 9 51
YCL011C 22 232
YCL010C 26 198
YCL009C 17 153
YCL008C 31 298
YCL007C 0 0
YCL005W-A 2 3
YCL005W 18 217
YCL004W 6 30
YCL002C 29 479
YCL001W 3 8
YCL001W-A 4 5
YCL001W-B 16 298
YCR001W 9 127
YCR002C 4 12
YCR003W 0 0
YCR004C 16 280
YCR005C 67 737
YCR006C 74 2224
YCR007C 21 1205
YCR008W 30 189
YCR009C 3 5
YCR010C 13 224
YCR011C 66 642
YCR012W 3 8
YCR013C 3 13
YCR014C 17 371
YCR015C 12 69
YCR016W 15 61
YCR017C 31 324
YCR018C 13 187
YCR018C-A 9 140
YCR019W 20 288
YCR020C 12 192
YCR020C-A 5 21
YCR020W-B 0 0
YCR021C 31 784
YCR022C 32 650
YCR023C 33 420
YCR024C 5 19
YCR024C-B 11 157
YCR024C-A 1 3
YCR025C 34 1434
YCR026C 47 1257
YCR027C 1 8
YCR028C 6 32
YCR028C-A 1 5
YCR030C 34 301
YCR031C 4 5
YCR032W 65 451
YCR033W 33 202
YCR034W 1 16
YCR035C 3 13
YCR036W 25 266
YCR037C 26 209
YCR038C 7 76
YCR038W-A 0 0
YCR039C 0 0
YCR040W 0 0
YCR041W 3 32
YCR042C 19 52
YCR043C 18 429
YCR044C 1 1
YCR045C 23 605
YCR045W-A 3 69
YCR046C 7 31
YCR047C 3 6
YCR047W-A 0 0
YCR049C 18 111
YCR048W 47 618
YCR050C 4 111
YCR051W 5 15
YCR052W 1 3
YCR053W 3 9
YCR054C 9 31
YCR057C 16 65
YCR059C 19 130
YCR060W 9 147
YCR061W 81 1840
YCR064C 17 816
YCR063W 9 791
YCR065W 38 427
YCR066W 7 26
YCR067C 31 328
YCR068W 33 539
YCR069W 18 118
YCR071C 6 14
YCR072C 10 30
YCR073C 35 342
YCR073W-A 15 132
YCR075C 10 127
YCR075W-A 1 2
YCR076C 9 70
YCR077C 14 52
YCR079W 27 155
YCR081W 34 91
YCR081C-A 1 2
YCR082W 9 44
YCR083W 7 116
YCR084C 21 116
YCR085W 5 18
YCR086W 5 23
YCR087W 12 293
YCR087C-A 8 85
YCR088W 32 196
YCR089W 24 315
YCR090C 4 31
YCR091W 46 531
YCR092C 26 108
YCR093W 29 88
YCR094W 8 28
YCR095C 4 22
YCR095W-A 3 113
YCR096C 0 0
YCR097W 1 2
YCR097W-A 1 2
YCR098C 16 124
YCR099C 8 48
YCR100C 20 107
YCR101C 5 136
YCR102C 29 391
YCR102W-A 2 4
YCR104W 6 25
YCR105W 52 962
YCR106W 47 517
YCR107W 18 150
YCR108C 10 748
YDL248W 0 0
YDL247W-A 0 0
YDL247W 0 0
YDL246C 0 0
YDL245C 0 0
YDL244W 14 151
YDL243C 12 159
YDL242W 23 323
YDL241W 6 85
YDL240C-A 22 325
YDL240W 15 45
YDL239C 6 48
YDL238C 37 241
YDL237W 12 68
YDL236W 8 47
YDL235C 0 0
YDL234C 25 303
YDL233W 10 124
YDL232W 0 0
YDL231C 44 314
YDL230W 16 115
YDL229W 10 89
YDL228C 5 72
YDL227C 15 205
YDL226C 5 19
YDL225W 11 36
YDL224C 18 99
YDL223C 76 638
YDL222C 40 723
YDL221W 42 767
YDL220C 42 709
YDL219W 3 50
YDL218W 13 105
YDL217C 2 4
YDL216C 14 72
YDL215C 61 1526
YDL214C 47 521
YDL213C 15 86
YDL212W 3 6
YDL211C 10 105
YDL210W 20 291
YDL209C 2 11
YDL208W 0 0
YDL207W 1 3
YDL206W 16 205
YDL205C 12 29
YDL204W 25 438
YDL203C 9 24
YDL202W 3 58
YDL201W 23 113
YDL200C 6 68
YDL199C 14 158
YDL198C 28 255
YDL197C 18 144
YDL196W 9 72
YDL195W 5 17
YDL194W 22 103
YDL193W 2 3
YDL192W 4 14
YDL191W 3 17
YDL190C 43 232
YDL189W 17 142
YDL188C 14 71
YDL187C 6 28
YDL186W 12 111
YDL185C-A 0 0
YDL185W 11 25
YDL184C 1 2
YDL183C 7 94
YDL182W 44 611
YDL181W 4 10
YDL180W 16 91
YDL179W 7 37
YDL178W 33 557
YDL177C 6 31
YDL176W 27 461
YDL175C 13 52
YDL174C 42 345
YDL173W 19 194
YDL172C 8 52
YDL171C 92 2169
YDL170W 16 126
YDL169C 12 65
YDL168W 29 160
YDL167C 23 122
YDL166C 0 0
YDL165W 4 15
YDL164C 12 36
YDL163W 1 1
YDL162C 21 358
YDL161W 8 36
YDL160C-A 5 23
YDL160C 5 11
YDL159W-A 2 8
YDL159W 24 223
YDL159C-B 0 0
YDL158C 6 77
YDL157C 0 0
YDL156W 31 766
YDL155W 22 237
YDL154W 22 160
YDL153C 1 4
YDL152W 0 0
YDL151C 2 4
YDL150W 6 17
YDL149W 19 140
YDL148C 27 71
YDL147W 6 21
YDL146W 2 6
YDL145C 17 91
YDL144C 26 224
YDL143W 6 18
YDL142C 12 212
YDL141W 9 24
YDL140C 28 88
YDL139C 2 2
YDL138W 30 248
YDL137W 31 782
YDL136W 3 4
YDL135C 18 191
YDL134C 15 108
YDL133C-A 1 5
YDL133W 20 184
YDL132W 15 55
YDL131W 37 685
YDL130W-A 9 96
YDL130W 4 95
YDL129W 8 121
YDL128W 21 165
YDL127W 40 464
YDL126C 17 90
YDL125C 16 114
YDL124W 18 348
YDL123W 6 26
YDL122W 32 152
YDL121C 11 202
YDL120W 3 8
YDL119C 21 300
YDL118W 8 180
YDL117W 21 70
YDL116W 9 24
YDL115C 23 95
YDL114W-A 0 0
YDL114W 7 64
YDL113C 22 144
YDL112W 49 320
YDL111C 4 13
YDL110C 9 143
YDL109C 19 215
YDL108W 8 23
YDL107W 2 5
YDL106C 18 59
YDL105W 3 16
YDL104C 18 136
YDL103C 3 7
YDL102W 13 50
YDL101C 3 39
YDL100C 11 14
YDL099W 16 47
YDL098C 4 16
YDL097C 16 70
YDL096C 2 6
YDL095W 13 89
YDL094C 20 395
YDL093W 17 237
YDL092W 11 114
YDL091C 15 117
YDL090C 2 14
YDL089W 21 96
YDL088C 7 132
YDL087C 6 13
YDL086W 40 348
YDL086C-A 33 298
YDL085C-A 10 185
YDL085W 35 372
YDL084W 2 9
YDL083C 1 1
YDL082W 4 28
YDL081C 0 0
YDL080C 18 60
YDL079C 40 502
YDL078C 14 121
YDL077C 12 53
YDL076C 8 49
YDL075W 0 0
YDL074C 14 48
YDL073W 7 31
YDL072C 6 60
YDL071C 11 54
YDL070W 21 185
YDL069C 4 14
YDL068W 0 0
YDL067C 0 0
YDL066W 15 227
YDL065C 19 109
YDL064W 8 26
YDL063C 16 67
YDL062W 2 13
YDL061C 0 0
YDL060W 5 11
YDL059C 3 10
YDL058W 22 82
YDL057W 17 286
YDL056W 33 225
YDL055C 3 11
YDL054C 30 170
YDL053C 6 21
YDL052C 26 201
YDL051W 18 205
YDL050C 2 17
YDL049C 44 669
YDL048C 75 925
YDL047W 6 16
YDL046W 10 41
YDL045W-A 1 1
YDL045C 4 11
YDL044C 6 20
YDL043C 2 7
YDL042C 33 197
YDL041W 14 74
YDL040C 16 52
YDL039C 30 103
YDL037C 12 78
YDL036C 17 216
YDL035C 20 81
YDL034W 4 7
YDL033C 9 25
YDL032W 1 2
YDL031W 7 29
YDL030W 6 14
YDL029W 1 2
YDL028C 12 37
YDL027C 9 102
YDL026W 5 37
YDL025C 14 426
YDL025W-A 0 0
YDL024C 21 436
YDL022C-A 3 36
YDL023C 12 159
YDL022W 36 384
YDL021W 17 123
YDL020C 9 33
YDL019C 47 459
YDL018C 8 29
YDL017W 13 42
YDL016C 7 25
YDL015C 2 5
YDL014W 2 4
YDL013W 3 3
YDL012C 5 17
YDL011C 3 105
YDL010W 4 107
YDL009C 0 0
YDL008W 5 8
YDL007C-A 1 5
YDL007W 2 4
YDL006W 5 20
YDL005C 3 13
YDL004W 1 1
YDL003W 3 42
YDL002C 17 67
YDL001W 67 1694
YDR001C 114 1786
YDR002W 1 1
YDR003W 24 167
YDR003W-A 10 328
YDR004W 16 205
YDR005C 9 103
YDR006C 20 70
YDR007W 22 315
YDR008C 24 366
YDR009W 50 526
YDR010C 51 1508
YDR011W 86 679
YDR012W 2 10
YDR013W 1 1
YDR014W 11 104
YDR014W-A 11 126
YDR015C 4 15
YDR016C 1 1
YDR017C 16 182
YDR018C 26 168
YDR019C 20 84
YDR020C 22 158
YDR021W 0 0
YDR022C 18 236
YDR023W 0 0
YDR024W 6 59
YDR025W 0 0
YDR026C 18 111
YDR027C 11 31
YDR028C 27 371
YDR029W 1 3
YDR030C 26 268
YDR031W 0 0
YDR032C 14 146
YDR033W 17 162
YDR034C 22 263
YDR034C-A 1 2
YDR034W-B 5 13
YDR035W 15 214
YDR036C 17 97
YDR037W 20 63
YDR038C 10 59
YDR039C 0 0
YDR040C 1 8
YDR041W 3 12
YDR042C 3 5
YDR043C 19 147
YDR044W 5 15
YDR045C 1 3
YDR046C 33 507
YDR047W 7 21
YDR048C 13 130
YDR049W 8 11
YDR050C 0 0
YDR051C 20 124
YDR052C 2 3
YDR053W 1 1
YDR054C 10 83
YDR055W 16 53
YDR056C 6 20
YDR057W 15 211
YDR058C 5 56
YDR059C 10 54
YDR060W 9 20
YDR061W 25 368
YDR062W 4 11
YDR063W 7 33
YDR064W 4 34
YDR065W 0 0
YDR066C 20 260
YDR067C 7 24
YDR068W 1 3
YDR069C 19 84
YDR070C 8 48
YDR071C 17 76
YDR072C 36 609
YDR073W 15 74
YDR074W 12 117
YDR075W 10 162
YDR076W 57 407
YDR077W 31 460
YDR078C 15 163
YDR079W 6 77
YDR079C-A 4 20
YDR080W 22 74
YDR081C 5 17
YDR082W 8 42
YDR083W 7 32
YDR084C 2 6
YDR085C 12 58
YDR086C 0 0
YDR087C 0 0
YDR088C 7 28
YDR089W 31 141
YDR090C 14 71
YDR091C 3 3
YDR092W 18 79
YDR093W 176 5237
YDR094W 68 5518
YDR095C 66 4471
YDR096W 17 147
YDR097C 25 259
YDR098C 10 132
YDR099W 19 117
YDR100W 17 246
YDR101C 5 92
YDR102C 8 197
YDR103W 11 33
YDR104C 47 372
YDR105C 7 53
YDR106W 13 146
YDR107C 27 217
YDR108W 12 64
YDR109C 21 201
YDR110W 19 157
YDR111C 17 341
YDR112W 10 289
YDR113C 4 31
YDR114C 7 56
YDR115W 0 0
YDR116C 8 19
YDR117C 19 102
YDR118W 14 273
YDR118W-A 2 24
YDR119W 36 585
YDR119W-A 8 362
YDR120C 7 51
YDR121W 1 1
YDR122W 19 183
YDR123C 9 38
YDR124W 14 57
YDR125C 10 104
YDR126W 19 209
YDR127W 14 31
YDR128W 29 607
YDR129C 13 49
YDR130C 4 22
YDR131C 18 174
YDR132C 27 306
YDR133C 1 2
YDR135C 44 346
YDR136C 34 628
YDR137W 18 171
YDR138W 10 34
YDR139C 1 2
YDR140W 0 0
YDR141C 21 109
YDR142C 10 32
YDR143C 19 211
YDR144C 17 113
YDR145W 6 18
YDR146C 17 77
YDR147W 21 85
YDR148C 1 35
YDR149C 0 0
YDR150W 41 422
YDR151C 23 344
YDR152W 8 114
YDR153C 8 43
YDR154C 11 95
YDR155C 14 168
YDR156W 11 65
YDR157W 38 926
YDR158W 2 5
YDR159W 12 32
YDR160W 11 76
YDR161W 1 1
YDR162C 0 0
YDR163W 10 324
YDR164C 14 55
YDR165W 4 19
YDR166C 14 57
YDR167W 3 12
YDR168W 9 30
YDR169C 13 66
YDR169C-A 5 54
YDR170C 19 63
YDR171W 10 88
YDR172W 6 17
YDR173C 2 12
YDR174W 7 38
YDR175C 1 3
YDR176W 13 57
YDR177W 9 36
YDR178W 9 95
YDR179C 5 72
YDR179W-A 9 52
YDR180W 14 50
YDR181C 6 102
YDR182W 17 49
YDR182W-A 6 44
YDR183W 4 21
YDR183C-A 2 19
YDR184C 4 9
YDR185C 11 86
YDR186C 51 289
YDR187C 1 1
YDR188W 10 32
YDR189W 10 29
YDR190C 7 25
YDR191W 12 120
YDR192C 9 245
YDR193W 8 243
YDR194C 8 21
YDR194W-A 0 0
YDR195W 8 24
YDR196C 4 19
YDR197W 2 3
YDR198C 13 95
YDR199W 3 23
YDR200C 15 77
YDR201W 1 1
YDR202C 8 74
YDR203W 1 6
YDR204W 8 32
YDR205W 24 183
YDR206W 18 50
YDR207C 8 22
YDR208W 14 139
YDR209C 2 4
YDR210W 2 4
YDR211W 11 35
YDR212W 7 30
YDR213W 29 195
YDR214W 54 920
YDR215C 62 2190
YDR216W 46 313
YDR217C 47 444
YDR218C 19 133
YDR219C 5 60
YDR220C 14 1173
YDR221W 41 590
YDR222W 7 29
YDR223W 15 227
YDR224C 0 0
YDR225W 2 3
YDR226W 7 10
YDR227W 14 120
YDR228C 7 28
YDR229W 26 206
YDR230W 7 98
YDR231C 11 104
YDR232W 3 5
YDR233C 14 79
YDR234W 58 683
YDR235W 1 1
YDR236C 2 14
YDR237W 2 6
YDR238C 5 17
YDR239C 16 49
YDR240C 4 24
YDR241W 5 66
YDR242W 26 152
YDR243C 6 19
YDR244W 20 88
YDR245W 4 16
YDR246W 8 238
YDR246W-A 45 1245
YDR247W 25 336
YDR248C 7 51
YDR249C 24 218
YDR250C 21 350
YDR251W 24 173
YDR252W 5 6
YDR253C 16 322
YDR254W 13 99
YDR255C 8 76
YDR256C 34 310
YDR257C 5 17
YDR258C 40 225
YDR259C 15 152
YDR260C 45 877
YDR261C 38 678
YDR262W 6 77
YDR263C 22 104
YDR264C 24 65
YDR265W 5 13
YDR266C 27 247
YDR267C 5 13
YDR268W 4 17
YDR269C 1 2
YDR270W 4 10
YDR271C 2 6
YDR272W 6 37
YDR273W 12 36
YDR274C 50 1815
YDR275W 21 134
YDR276C 8 66
YDR277C 36 431
YDR278C 11 57
YDR279W 13 48
YDR280W 5 14
YDR281C 0 0
YDR282C 13 116
YDR283C 59 352
YDR284C 13 137
YDR285W 15 92
YDR286C 5 28
YDR287W 7 32
YDR288W 3 9
YDR289C 1 1
YDR290W 3 16
YDR291W 32 425
YDR292C 21 71
YDR293C 24 89
YDR294C 27 307
YDR295C 9 87
YDR296W 3 14
YDR297W 18 326
YDR298C 0 0
YDR299W 9 26
YDR300C 6 15
YDR301W 11 14
YDR302W 5 9
YDR303C 15 25
YDR304C 18 111
YDR305C 19 362
YDR306C 12 81
YDR307W 19 133
YDR308C 0 0
YDR309C 19 419
YDR310C 21 129
YDR311W 3 6
YDR312W 22 138
YDR313C 16 93
YDR314C 20 200
YDR315C 3 8
YDR316W 12 63
YDR317W 18 74
YDR318W 5 30
YDR319C 12 83
YDR320C 8 23
YDR320C-A 0 0
YDR320W-B 0 0
YDR321W 9 78
YDR322W 10 23
YDR322C-A 0 0
YDR323C 21 73
YDR324C 5 18
YDR325W 24 84
YDR326C 48 386
YDR327W 1 4
YDR328C 2 5
YDR329C 23 80
YDR330W 21 93
YDR331W 5 13
YDR332W 15 66
YDR333C 22 81
YDR334W 41 148
YDR335W 23 97
YDR336W 23 223
YDR337W 2 3
YDR338C 13 146
YDR339C 0 0
YDR340W 0 0
YDR341C 6 22
YDR342C 0 0
YDR343C 1 1
YDR344C 26 290
YDR345C 39 429
YDR346C 24 223
YDR347W 1 2
YDR348C 21 326
YDR349C 9 46
YDR350C 1 1
YDR351W 22 191
YDR352W 6 19
YDR353W 13 44
YDR354W 17 103
YDR354C-A 0 0
YDR355C 0 0
YDR356W 7 28
YDR357C 20 88
YDR358W 31 156
YDR359C 4 12
YDR360W 0 0
YDR361C 11 22
YDR362C 8 29
YDR363W 10 31
YDR363W-A 0 0
YDR364C 8 29
YDR365C 5 19
YDR366C 6 9
YDR367W 3 59
YDR368W 12 110
YDR369C 20 154
YDR370C 6 121
YDR371W 19 99
YDR371C-A 2 4
YDR372C 9 32
YDR373W 2 11
YDR374C 12 96
YDR374W-A 2 7
YDR375C 5 29
YDR376W 11 91
YDR377W 0 0
YDR378C 1 4
YDR379W 48 425
YDR379C-A 9 50
YDR380W 25 224
YDR381W 5 19
YDR381C-A 0 0
YDR382W 0 0
YDR383C 9 165
YDR384C 29 465
YDR385W 0 0
YDR386W 19 277
YDR387C 17 98
YDR388W 8 53
YDR389W 27 112
YDR390C 8 50
YDR391C 10 162
YDR392W 2 3
YDR393W 19 174
YDR394W 8 16
YDR395W 24 118
YDR396W 9 76
YDR397C 9 76
YDR398W 6 13
YDR399W 14 92
YDR400W 21 141
YDR401W 15 480
YDR402C 22 519
YDR403W 38 542
YDR404C 0 0
YDR405W 15 68
YDR406W 147 11756
YDR406W-A 0 0
YDR407C 21 62
YDR408C 3 5
YDR409W 19 86
YDR410C 15 326
YDR411C 23 320
YDR412W 2 8
YDR413C 2 8
YDR414C 15 71
YDR415C 17 177
YDR416W 13 33
YDR417C 4 10
YDR418W 4 10
YDR419W 27 206
YDR420W 30 322
YDR421W 33 343
YDR422C 27 187
YDR423C 30 204
YDR424C 3 8
YDR425W 19 150
YDR426C 14 155
YDR427W 6 17
YDR428C 18 111
YDR429C 3 15
YDR430C 40 301
YDR431W 6 62
YDR432W 8 35
YDR433W 5 23
YDR434W 4 22
YDR435C 20 95
YDR436W 36 360
YDR437W 6 49
YDR438W 13 51
YDR439W 0 0
YDR440W 14 77
YDR441C 13 284
YDR442W 5 67
YDR443C 32 155
YDR444W 26 198
YDR445C 15 178
YDR446W 11 47
YDR447C 3 10
YDR448W 1 1
YDR449C 4 22
YDR450W 0 0
YDR451C 16 104
YDR452W 33 499
YDR453C 23 354
YDR454C 0 0
YDR455C 6 48
YDR456W 20 83
YDR457W 99 620
YDR458C 11 54
YDR459C 14 152
YDR460W 5 12
YDR461W 1 11
YDR461C-A 3 24
YDR462W 5 11
YDR463W 38 276
YDR464W 8 44
YDR464C-A 0 0
YDR465C 7 125
YDR466W 17 87
YDR467C 6 38
YDR468C 6 18
YDR469W 2 4
YDR470C 4 11
YDR471W 3 8
YDR472W 1 1
YDR473C 8 9
YDR475C 41 454
YDR476C 62 1308
YDR477W 14 45
YDR478W 3 16
YDR479C 24 249
YDR480W 26 214
YDR481C 37 540
YDR482C 29 684
YDR483W 8 28
YDR484W 14 116
YDR485C 10 39
YDR486C 12 89
YDR487C 2 3
YDR488C 25 143
YDR489W 5 69
YDR490C 42 429
YDR491C 42 971
YDR492W 16 220
YDR493W 7 55
YDR494W 3 9
YDR495C 13 36
YDR496C 16 78
YDR497C 36 690
YDR498C 10 288
YDR499W 11 26
YDR500C 0 0
YDR501W 11 80
YDR502C 26 232
YDR503C 14 107
YDR504C 1 22
YDR505C 11 154
YDR506C 70 2198
YDR507C 53 226
YDR508C 31 271
YDR509W 2 10
YDR510W 2 10
YDR510C-A 1 2
YDR511W 12 54
YDR512C 23 219
YDR513W 1 2
YDR514C 13 148
YDR515W 6 35
YDR516C 26 409
YDR517W 30 426
YDR518W 26 448
YDR519W 8 92
YDR520C 14 56
YDR521W 5 19
YDR522C 9 163
YDR523C 28 204
YDR524C 20 97
YDR524W-C 1 1
YDR524C-B 8 36
YDR524C-A 12 169
YDR525W 25 336
YDR525W-A 25 1030
YDR526C 1 3
YDR527W 19 2867
YDR528W 15 155
YDR529C 4 13
YDR530C 33 193
YDR531W 7 19
YDR532C 2 2
YDR533C 12 41
YDR534C 12 313
YDR535C 56 1787
YDR536W 31 253
YDR537C 3 52
YDR538W 5 62
YDR539W 18 316
YDR540C 1 7
YDR541C 23 245
YDR542W 0 0
YDR543C 3 17
YDR544C 3 7
YDR545W 0 0
YDR545C-A 0 0
YEL077C 39 1095
YEL077W-A 15 666
YEL076C-A 0 0
YEL076C 0 0
YEL075W-A 0 0
YEL075C 0 0
YEL074W 0 0
YEL073C 4 9
YEL072W 27 312
YEL071W 50 698
YEL070W 8 109
YEL069C 5 68
YEL068C 9 92
YEL067C 41 2175
YEL066W 33 753
YEL065W 50 384
YEL064C 14 101
YEL063C 26 309
YEL062W 16 73
YEL061C 21 110
YEL060C 44 843
YEL059C-A 2 35
YEL059W 36 2064
YEL058W 4 11
YEL057C 16 258
YEL056W 23 200
YEL055C 7 23
YEL054C 4 10
YEL053W-A 4 10
YEL053C 5 14
YEL052W 14 200
YEL051W 1 3
YEL050W-A 2 17
YEL050C 5 9
YEL049W 11 479
YEL048C 1 38
YEL047C 22 296
YEL046C 18 222
YEL045C 41 500
YEL044W 6 22
YEL043W 22 112
YEL042W 15 145
YEL041W 16 164
YEL040W 35 307
YEL039C 8 109
YEL038W 33 303
YEL037C 25 184
YEL036C 13 53
YEL035C 43 1005
YEL034C-A 4 5
YEL034W 2 2
YEL033W 48 1121
YEL032W 10 35
YEL032C-A 2 2
YEL031W 31 100
YEL030C-A 4 76
YEL030W 11 22
YEL029C 5 11
YEL028W 1 9
YEL027W 0 0
YEL026W 0 0
YEL025C 53 872
YEL024W 0 0
YEL023C 31 272
YEL022W 42 331
YEL021W 29 164
YEL020C-B 0 0
YEL020W-A 1 4
YEL020C 33 791
YEL019C 5 16
YEL018C-A 7 21
YEL018W 10 89
YEL017C-A 4 67
YEL017W 16 96
YEL016C 36 266
YEL015W 34 282
YEL014C 9 120
YEL013W 10 38
YEL012W 29 337
YEL011W 68 1110
YEL010W 11 59
YEL009C-A 17 148
YEL009C 30 426
YEL008W 75 4911
YEL008C-A 19 495
YEL007W 15 185
YEL006W 23 209
YEL005C 12 337
YEL004W 18 159
YEL003W 5 54
YEL002C 4 15
YEL001C 35 252
YER001W 72 837
YER002W 0 0
YER003C 6 30
YER004W 27 252
YER005W 51 549
YER006W 19 69
YER006C-A 16 234
YER007W 10 57
YER007C-A 10 68
YER008C 8 24
YER009W 0 0
YER010C 15 114
YER011W 4 8
YER012W 1 2
YER013W 17 70
YER014W 7 20
YER014C-A 25 1299
YER015W 26 150
YER016W 7 27
YER017C 14 56
YER018C 2 3
YER019W 54 467
YER019C-A 5 33
YER020W 21 90
YER021W 5 33
YER022W 7 22
YER023W 1 5
YER023C-A 0 0
YER024W 76 740
YER025W 1 8
YER026C 0 0
YER027C 8 51
YER028C 31 243
YER029C 4 33
YER030W 0 0
YER031C 10 30
YER032W 23 246
YER033C 27 257
YER034W 34 409
YER035W 28 546
YER036C 11 34
YER037W 14 232
YER038C 7 22
YER038W-A 4 13
YER039C 12 54
YER039C-A 3 25
YER040W 5 25
YER041W 17 128
YER042W 14 434
YER043C 18 75
YER044C 2 7
YER044C-A 27 211
YER045C 16 246
YER046W 9 102
YER046W-A 4 98
YER047C 20 121
YER048C 15 224
YER048W-A 1 1
YER049W 14 104
YER050C 0 0
YER051W 22 174
YER052C 1 8
YER053C 23 253
YER053C-A 0 0
YER054C 38 521
YER055C 11 232
YER056C 30 371
YER056C-A 1 5
YER057C 6 23
YER058W 2 5
YER059W 10 52
YER060W 20 240
YER060W-A 13 188
YER061C 4 8
YER062C 16 124
YER063W 12 172
YER064C 23 100
YER065C 65 1047
YER066W 13 68
YER066C-A 33 416
YER067W 8 105
YER067C-A 3 53
YER068W 22 166
YER068C-A 21 401
YER069W 57 702
YER070W 11 22
YER071C 2 10
YER072W 9 98
YER073W 18 333
YER074W 1 3
YER074W-A 1 1
YER075C 32 189
YER076C 5 120
YER076W-A 7 125
YER077C 11 59
YER078C 25 220
YER078W-A 27 245
YER079W 13 103
YER079C-A 5 121
YER080W 34 427
YER081W 42 379
YER082C 4 9
YER083C 4 5
YER084W 10 104
YER084W-A 5 116
YER085C 5 116
YER086W 13 62
YER087W 12 64
YER087C-A 1 20
YER087C-B 2 4
YER088C 55 820
YER088C-A 77 3982
YER088W-B 15 394
YER089C 57 1039
YER090W 16 194
YER090C-A 0 0
YER091C 24 131
YER091C-A 33 630
YER092W 15 710
YER093C 25 129
YER093C-A 5 13
YER094C 4 20
YER095W 8 42
YER096W 10 175
YER097W 14 199
YER098W 35 163
YER099C 12 157
YER100W 3 10
YER101C 21 422
YER102W 1 1
YER103W 18 99
YER104W 10 49
YER105C 53 388
YER106W 10 85
YER107C 1 1
YER107W-A 3 6
YER109C 17 73
YER110C 19 56
YER111C 21 84
YER112W 1 1
YER113C 26 396
YER114C 31 252
YER115C 9 49
YER116C 3 5
YER117W 0 0
YER118C 8 27
YER119C 42 333
YER119C-A 25 676
YER120W 6 38
YER121W 9 319
YER122C 0 0
YER123W 31 323
YER124C 12 68
YER125W 10 58
YER126C 5 7
YER127W 2 2
YER128W 17 228
YER129W 39 297
YER130C 34 500
YER131W 1 2
YER132C 64 467
YER133W 3 6
YER133W-A 1 4
YER134C 6 81
YER135C 12 408
YER136W 1 12
YER137C 10 79
YER137W-A 8 75
YER138W-A 0 0
YER139C 8 78
YER140W 34 273
YER141W 5 14
YER142C 13 79
YER143W 13 72
YER144C 39 358
YER145C 19 68
YER145C-A 1 1
YER146W 2 7
YER147C 20 92
YER147C-A 2 12
YER148W 2 12
YER148W-A 15 118
YER149C 25 159
YER150W 1 1
YER151C 13 37
YER152C 28 300
YER152W-A 8 111
YER153C 1 6
YER154W 6 32
YER155C 30 70
YER156C 14 60
YER157W 19 101
YER158C 28 176
YER158W-A 3 19
YER159C 3 8
YER161C 13 64
YER162C 19 73
YER163C 20 158
YER164W 32 216
YER165W 1 31
YER165C-A 3 28
YER166W 68 656
YER167W 46 175
YER168C 10 60
YER169W 34 192
YER170W 8 47
YER171W 12 32
YER172C 24 89
YER172C-A 1 6
YER173W 21 152
YER174C 8 126
YER175C 25 740
YER175W-A 3 9
YER176W 110 2828
YER177W 7 13
YER178W 27 165
YER179W 22 211
YER180C 5 33
YER180C-A 4 28
YER181C 6 22
YER182W 8 44
YER183C 15 286
YER184C 25 384
YER185W 14 226
YER186C 41 2163
YER187W 7 173
YER188W 12 78
YER188C-A 6 352
YER189W 0 0
YER190W 0 0
YER190C-A 0 0
YER190C-B 0 0
YFL068W 0 0
YFL067W 0 0
YFL066C 0 0
YFL065C 0 0
YFL064C 0 0
YFL063W 7 1311
YFL062W 2 3
YFL061W 4 16
YFL060C 0 0
YFL059W 6 145
YFL058W 0 0
YFL057C 0 0
YFL056C 0 0
YFL055W 16 50
YFL054C 27 279
YFL053W 20 110
YFL052W 22 486
YFL051C 17 128
YFL050C 44 604
YFL049W 11 237
YFL048C 15 67
YFL047W 25 132
YFL046W 20 221
YFL045C 0 0
YFL044C 15 271
YFL042C 44 644
YFL041W-A 2 31
YFL041W 22 157
YFL040W 26 247
YFL039C 7 9
YFL038C 8 22
YFL037W 16 49
YFL036W 30 75
YFL034C-B 4 23
YFL034C-A 8 150
YFL034W 31 376
YFL033C 94 1454
YFL032W 1 2
YFL031W 1 1
YFL031C-A 0 0
YFL030W 24 354
YFL029C 1 1
YFL028C 28 354
YFL027C 11 46
YFL026W 11 77
YFL025C 16 34
YFL024C 26 93
YFL023W 16 121
YFL022C 13 43
YFL021C-A 91 1975
YFL021W 62 926
YFL020C 2 36
YFL019C 0 0
YFL018C 4 6
YFL017W-A 0 0
YFL017C 1 8
YFL016C 18 192
YFL015W-A 13 138
YFL015C 40 1277
YFL014W 11 175
YFL013W-A 37 589
YFL013C 40 411
YFL012W-A 31 524
YFL012W 9 35
YFL011W 20 150
YFL010W-A 2 18
YFL010C 9 55
YFL009W 8 15
YFL008W 16 102
YFL007W 91 441
YFL005W 0 0
YFL004W 30 270
YFL003C 100 1107
YFL002C 2 2
YFL001W 6 15
YFR001W 4 7
YFR002W 11 142
YFR003C 8 27
YFR004W 1 1
YFR005C 5 28
YFR006W 28 322
YFR007W 32 889
YFR008W 3 23
YFR009W 25 361
YFR009W-A 0 0
YFR010W 34 758
YFR010W-A 0 0
YFR011C 3 10
YFR012W 10 218
YFR012W-A 2 3
YFR013W 26 130
YFR014C 26 168
YFR015C 42 1284
YFR016C 52 579
YFR017C 52 1123
YFR018C 103 3408
YFR019W 49 240
YFR020W 6 50
YFR021W 22 219
YFR022W 33 169
YFR023W 24 120
YFR024C-A 22 194
YFR025C 45 1312
YFR026C 2 10
YFR027W 6 29
YFR028C 4 32
YFR029W 27 141
YFR030W 33 248
YFR031C 17 74
YFR031C-A 2 8
YFR032C 10 45
YFR032C-A 3 13
YFR032C-B 8 64
YFR033C 23 278
YFR034C 73 1349
YFR034W-A 45 2876
YFR035C 45 3899
YFR036W 13 72
YFR036W-A 6 12
YFR037C 10 24
YFR038W 21 76
YFR039C 9 46
YFR040W 35 265
YFR041C 15 856
YFR042W 0 0
YFR043C 13 91
YFR044C 32 318
YFR045W 11 231
YFR046C 22 150
YFR047C 9 140
YFR048W 50 400
YFR049W 3 80
YFR050C 11 46
YFR051C 23 176
YFR052W 3 24
YFR052C-A 14 121
YFR053C 41 540
YFR054C 2 24
YFR056C 15 168
YFR055W 21 256
YFR057W 9 95
YGL263W 17 337
YGL262W 10 102
YGL261C 2 119
YGL260W 0 0
YGL259W 0 0
YGL258W-A 2 10
YGL258W 3 6
YGL257C 27 194
YGL256W 9 94
YGL255W 21 171
YGL254W 23 453
YGL253W 22 204
YGL252C 17 113
YGL251C 36 486
YGL250W 0 0
YGL249W 42 528
YGL248W 17 99
YGL247W 6 38
YGL246C 8 28
YGL245W 17 54
YGL244W 8 25
YGL243W 15 73
YGL242C 10 55
YGL241W 24 206
YGL240W 4 19
YGL239C 0 0
YGL238W 16 55
YGL237C 11 50
YGL236C 37 305
YGL235W 14 105
YGL234W 16 38
YGL233W 7 28
YGL232W 7 42
YGL231C 6 68
YGL230C 0 0
YGL229C 35 366
YGL228W 28 128
YGL227W 39 439
YGL226C-A 0 0
YGL226W 10 38
YGL225W 4 11
YGL224C 14 269
YGL223C 10 54
YGL222C 7 40
YGL221C 10 156
YGL220W 3 23
YGL219C 14 37
YGL218W 4 4
YGL217C 1 70
YGL216W 37 265
YGL215W 7 34
YGL214W 0 0
YGL213C 5 12
YGL212W 5 67
YGL211W 4 14
YGL210W 9 82
YGL209W 15 220
YGL208W 78 1698
YGL207W 18 92
YGL206C 41 113
YGL205W 35 291
YGL204C 4 58
YGL203C 45 237
YGL202W 25 223
YGL201C 29 102
YGL200C 2 5
YGL199C 21 194
YGL198W 24 221
YGL197W 16 61
YGL196W 27 214
YGL195W 74 346
YGL194C-A 1 6
YGL194C 10 48
YGL193C 17 157
YGL192W 26 189
YGL191W 8 37
YGL190C 14 39
YGL189C 4 8
YGL188C-A 0 0
YGL188C 13 702
YGL187C 5 19
YGL186C 5 11
YGL185C 28 183
YGL184C 42 550
YGL183C 19 332
YGL182C 6 23
YGL181W 15 95
YGL180W 29 289
YGL179C 20 217
YGL178W 67 942
YGL177W 18 376
YGL176C 8 45
YGL175C 7 37
YGL174W 2 5
YGL173C 29 169
YGL172W 2 2
YGL171W 7 25
YGL170C 11 59
YGL169W 8 67
YGL168W 2 64
YGL167C 11 37
YGL166W 12 101
YGL165C 45 1009
YGL164C 14 77
YGL163C 24 76
YGL162W 10 92
YGL161C 26 207
YGL160W 25 115
YGL159W 3 13
YGL158W 26 385
YGL157W 20 232
YGL156W 41 482
YGL155W 11 22
YGL154C 9 38
YGL153W 13 79
YGL152C 18 1571
YGL151W 15 53
YGL150C 17 82
YGL149W 7 41
YGL148W 6 26
YGL147C 6 24
YGL146C 17 102
YGL145W 19 69
YGL144C 15 86
YGL143C 9 42
YGL142C 9 42
YGL141W 33 119
YGL140C 22 306
YGL139W 32 251
YGL138C 8 99
YGL137W 15 55
YGL136C 19 139
YGL135W 2 20
YGL134W 25 260
YGL133W 40 357
YGL132W 2 32
YGL131C 29 349
YGL130W 1 1
YGL129C 0 0
YGL128C 3 15
YGL127C 7 20
YGL126W 143 4129
YGL125W 67 1085
YGL124C 16 61
YGL123W 0 0
YGL123C-A 0 0
YGL122C 8 24
YGL121C 7 100
YGL120C 14 60
YGL119W 1 1
YGL118C 27 250
YGL117W 29 215
YGL116W 16 122
YGL115W 3 9
YGL114W 22 169
YGL113W 3 6
YGL112C 0 0
YGL111W 8 16
YGL110C 28 192
YGL109W 10 221
YGL108C 2 7
YGL107C 7 16
YGL106W 1 1
YGL105W 8 38
YGL104C 11 166
YGL103W 8 15
YGL102C 8 15
YGL101W 5 76
YGL100W 9 45
YGL099W 2 3
YGL098W 0 0
YGL097W 8 32
YGL096W 17 207
YGL095C 5 28
YGL094C 50 446
YGL093W 13 44
YGL092W 13 103
YGL091C 3 10
YGL090W 15 205
YGL089C 9 59
YGL088W 4 13
YGL087C 19 384
YGL086W 25 160
YGL085W 20 193
YGL084C 1 1
YGL083W 25 206
YGL082W 21 97
YGL081W 4 24
YGL080W 5 32
YGL079W 3 19
YGL078C 6 34
YGL077C 23 491
YGL076C 1 3
YGL075C 5 12
YGL074C 0 0
YGL073W 19 133
YGL072C 23 563
YGL071W 15 53
YGL070C 6 47
YGL069C 3 13
YGL068W 3 13
YGL067W 15 100
YGL066W 13 42
YGL065C 4 15
YGL064C 5 15
YGL063W 120 3748
YGL063C-A 13 106
YGL062W 75 786
YGL061C 5 14
YGL060W 19 132
YGL059W 22 110
YGL058W 9 47
YGL057C 9 24
YGL056C 25 161
YGL055W 9 21
YGL054C 3 9
YGL053W 0 0
YGL052W 0 0
YGL051W 0 0
YGL050W 13 95
YGL049C 23 210
YGL048C 6 10
YGL047W 2 31
YGL045W 76 910
YGL044C 6 16
YGL043W 18 154
YGL042C 5 142
YGL041C-B 14 297
YGL041W-A 8 68
YGL041C 3 9
YGL040C 6 16
YGL039W 15 71
YGL038C 7 24
YGL037C 12 100
YGL036W 25 179
YGL035C 25 314
YGL034C 11 43
YGL033W 14 52
YGL032C 2 4
YGL031C 2 3
YGL030W 0 0
YGL029W 1 1
YGL028C 6 73
YGL027C 19 59
YGL026C 25 186
YGL025C 6 63
YGL024W 1 1
YGL023C 31 123
YGL022W 15 53
YGL021W 28 306
YGL020C 0 0
YGL019W 6 17
YGL018C 7 19
YGL017W 10 128
YGL016W 22 85
YGL015C 6 149
YGL014W 21 122
YGL014C-A 3 6
YGL013C 38 419
YGL012W 18 67
YGL011C 1 7
YGL010W 11 68
YGL009C 52 444
YGL008C 5 13
YGL007C-A 0 0
YGL007W 17 290
YGL006W-A 6 83
YGL006W 27 138
YGL005C 8 60
YGL004C 51 622
YGL003C 21 122
YGL002W 24 255
YGL001C 6 50
YGR001C 22 470
YGR002C 15 134
YGR003W 27 321
YGR004W 26 232
YGR005C 5 15
YGR006W 10 221
YGR007W 33 923
YGR008C 12 250
YGR009C 7 22
YGR010W 21 82
YGR011W 5 85
YGR012W 14 93
YGR013W 22 124
YGR014W 44 518
YGR015C 20 339
YGR016W 17 276
YGR017W 10 83
YGR018C 8 45
YGR019W 63 547
YGR020C 1 3
YGR021W 37 557
YGR022C 3 15
YGR023W 14 97
YGR024C 0 0
YGR025W 24 882
YGR026W 15 115
YGR027C 3 6
YGR028W 10 61
YGR029W 3 7
YGR030C 1 2
YGR031W 83 1890
YGR031C-A 33 484
YGR032W 106 1112
YGR033C 7 49
YGR034W 5 13
YGR035C 3 21
YGR035W-A 21 644
YGR036C 12 44
YGR037C 2 2
YGR038W 11 256
YGR039W 13 209
YGR040W 15 240
YGR041W 53 510
YGR042W 13 47
YGR043C 29 505
YGR044C 20 136
YGR045C 31 980
YGR046W 5 14
YGR047C 16 40
YGR048W 7 26
YGR049W 25 335
YGR050C 35 1150
YGR051C 33 768
YGR052W 33 312
YGR053C 10 102
YGR054W 21 133
YGR055W 18 220
YGR056W 33 127
YGR057C 8 28
YGR058W 10 57
YGR059W 26 142
YGR060W 5 8
YGR061C 10 27
YGR062C 0 0
YGR063C 1 8
YGR064W 1 2
YGR065C 3 14
YGR066C 13 168
YGR067C 25 242
YGR068C 158 2915
YGR068W-A 5 79
YGR069W 19 417
YGR070W 44 262
YGR071C 26 137
YGR072W 4 29
YGR073C 0 0
YGR074W 0 0
YGR075C 0 0
YGR076C 3 20
YGR077C 17 132
YGR078C 3 27
YGR079W 26 460
YGR080W 17 143
YGR081C 3 10
YGR082W 3 4
YGR083C 17 83
YGR084C 12 347
YGR085C 2 5
YGR086C 14 265
YGR087C 79 1576
YGR088W 21 191
YGR089W 16 102
YGR090W 7 24
YGR091W 6 133
YGR092W 10 39
YGR093W 24 206
YGR094W 13 47
YGR095C 3 11
YGR096W 43 1275
YGR097W 38 409
YGR098C 4 37
YGR099W 11 39
YGR100W 32 158
YGR101W 5 27
YGR102C 0 0
YGR103W 6 8
YGR104C 4 9
YGR105W 0 0
YGR106C 9 40
YGR107W 68 1084
YGR108W 9 45
YGR109C 10 54
YGR110W 6 23
YGR111W 10 42
YGR112W 3 6
YGR113W 10 46
YGR114C 0 0
YGR115C 1 1
YGR116W 26 65
YGR117C 7 218
YGR118W 1 2
YGR119C 11 41
YGR120C 5 23
YGR121C 60 789
YGR121W-A 41 1152
YGR122W 19 190
YGR122C-A 4 8
YGR123C 25 231
YGR124W 26 457
YGR125W 31 283
YGR126W 10 132
YGR127W 18 108
YGR128C 2 2
YGR129W 13 164
YGR130C 42 831
YGR131W 8 77
YGR132C 11 189
YGR133W 9 45
YGR134W 40 209
YGR135W 1 3
YGR136W 13 73
YGR137W 3 10
YGR138C 8 38
YGR139W 10 41
YGR140W 9 41
YGR141W 66 1044
YGR142W 9 153
YGR143W 38 544
YGR144W 15 117
YGR145W 11 79
YGR146C 15 138
YGR146C-A 18 596
YGR147C 14 76
YGR148C 10 38
YGR149W 11 67
YGR150C 2 3
YGR151C 1 8
YGR152C 6 39
YGR153W 16 144
YGR154C 18 182
YGR155W 4 16
YGR156W 11 123
YGR157W 21 111
YGR158C 11 47
YGR159C 5 9
YGR160W 0 0
YGR161C 24 209
YGR161W-C 11 201
YGR162W 5 12
YGR163W 7 27
YGR164W 15 385
YGR165W 3 29
YGR166W 14 138
YGR167W 5 35
YGR168C 12 94
YGR169C 19 128
YGR169C-A 0 0
YGR170W 40 494
YGR171C 12 31
YGR172C 1 10
YGR173W 13 74
YGR174C 10 39
YGR174W-A 2 14
YGR175C 0 0
YGR176W 22 567
YGR177C 59 755
YGR178C 20 249
YGR179C 14 67
YGR180C 4 9
YGR181W 11 181
YGR182C 20 194
YGR183C 2 7
YGR184C 64 535
YGR185C 5 26
YGR186W 7 28
YGR187C 0 0
YGR188C 9 25
YGR189C 14 88
YGR190C 3 19
YGR191W 7 42
YGR192C 15 138
YGR193C 11 39
YGR194C 21 168
YGR195W 0 0
YGR196C 15 186
YGR197C 36 532
YGR198W 10 30
YGR199W 41 468
YGR200C 14 50
YGR201C 29 403
YGR202C 17 134
YGR203W 68 1055
YGR204W 22 258
YGR204C-A 1 1
YGR205W 13 147
YGR206W 3 32
YGR207C 6 171
YGR208W 11 34
YGR209C 11 312
YGR210C 58 1002
YGR211W 6 16
YGR212W 11 102
YGR213C 13 77
YGR214W 3 4
YGR215W 2 8
YGR216C 12 49
YGR217W 58 351
YGR218W 11 27
YGR219W 1 7
YGR220C 3 17
YGR221C 15 183
YGR222W 4 11
YGR223C 20 117
YGR224W 19 199
YGR225W 16 55
YGR226C 3 4
YGR227W 7 22
YGR228W 2 7
YGR229C 10 25
YGR230W 26 348
YGR231C 16 263
YGR232W 11 530
YGR233C 44 129
YGR234W 28 272
YGR235C 18 341
YGR236C 15 217
YGR237C 35 292
YGR238C 57 695
YGR239C 44 807
YGR240C 12 22
YGR240C-A 28 981
YGR241C 42 636
YGR242W 4 33
YGR243W 5 14
YGR244C 65 975
YGR245C 16 239
YGR246C 7 30
YGR247W 13 70
YGR248W 16 268
YGR249W 10 75
YGR250C 32 518
YGR251W 10 64
YGR252W 9 34
YGR253C 9 44
YGR254W 19 90
YGR255C 13 45
YGR256W 29 311
YGR257C 17 69
YGR258C 33 631
YGR259C 7 28
YGR260W 22 354
YGR261C 28 83
YGR262C 5 9
YGR263C 26 262
YGR264C 12 38
YGR265W 4 91
YGR266W 24 347
YGR267C 0 0
YGR268C 27 1174
YGR269W 16 309
YGR270W 47 311
YGR270C-A 5 80
YGR271W 69 682
YGR271C-A 3 5
YGR273C 2 7
YGR274C 3 23
YGR275W 7 162
YGR276C 9 106
YGR277C 0 0
YGR278W 5 22
YGR279C 11 57
YGR280C 13 78
YGR281W 63 588
YGR282C 10 102
YGR283C 19 265
YGR284C 11 90
YGR285C 7 10
YGR286C 23 317
YGR287C 15 182
YGR288W 0 0
YGR289C 0 0
YGR290W 0 0
YGR291C 0 0
YGR292W 0 0
YGR293C 0 0
YGR294W 0 0
YGR295C 3 12
YGR296W 0 0
YGR296C-A 0 0
YGR296C-B 0 0
YHL050C 3 15
YHL050W-A 2 14
YHL049C 0 0
YHL048C-A 0 0
YHL048W 15 125
YHL047C 17 254
YHL046W-A 6 181
YHL046C 0 0
YHL045W 11 196
YHL044W 8 133
YHL043W 5 146
YHL042W 20 246
YHL041W 25 378
YHL040C 22 211
YHL039W 21 92
YHL038C 4 12
YHL037C 22 340
YHL036W 25 167
YHL035C 67 553
YHL034W-A 4 26
YHL034C 4 28
YHL033C 2 8
YHL032C 51 466
YHL031C 8 26
YHL030W-A 1 1
YHL030W 74 365
YHL029C 24 86
YHL028W 27 456
YHL027W 51 644
YHL026C 26 653
YHL025W 59 693
YHL024W 45 347
YHL023C 28 140
YHL022C 6 84
YHL021C 28 397
YHL020C 19 141
YHL019W-A 11 105
YHL019C 27 242
YHL018W 8 132
YHL017W 20 136
YHL016C 43 519
YHL015W-A 10 32
YHL015W 0 0
YHL014C 30 299
YHL013C 5 24
YHL012W 17 100
YHL011C 7 17
YHL010C 33 300
YHL009C 16 116
YHL008C 12 97
YHL007C 60 504
YHL006W-A 18 403
YHL006C 67 3169
YHL005C 28 886
YHL004W 4 14
YHL003C 13 172
YHL002C-A 16 97
YHL002W 45 426
YHL001W 5 18
YHR001W 65 916
YHR001W-A 17 365
YHR002W 23 88
YHR003C 50 509
YHR004C 24 164
YHR005C 5 15
YHR005C-A 1 4
YHR006W 25 257
YHR007C 4 6
YHR007C-A 39 3061
YHR008C 4 19
YHR009C 22 278
YHR010W 0 0
YHR011W 2 2
YHR012W 0 0
YHR013C 3 5
YHR014W 5 14
YHR015W 12 92
YHR016C 19 274
YHR017W 20 151
YHR018C 21 238
YHR019C 2 11
YHR020W 8 28
YHR021C 4 5
YHR021W-A 7 22
YHR022C 11 109
YHR022C-A 7 205
YHR023W 33 127
YHR024C 8 22
YHR025W 3 7
YHR026W 0 0
YHR027C 6 12
YHR028C 34 229
YHR028W-A 27 338
YHR029C 14 77
YHR030C 13 253
YHR031C 37 230
YHR032W 71 1929
YHR032W-A 13 391
YHR032C-A 10 172
YHR033W 80 2086
YHR034C 30 134
YHR035W 25 200
YHR036W 11 259
YHR037W 26 229
YHR038W 3 11
YHR039C 20 150
YHR039C-A 0 0
YHR040W 8 37
YHR041C 3 9
YHR042W 6 7
YHR043C 22 282
YHR044C 18 128
YHR045W 11 42
YHR046C 10 93
YHR047C 25 191
YHR048W 39 277
YHR049W 22 170
YHR049C-A 30 485
YHR050W 24 483
YHR050W-A 2 2
YHR051W 0 0
YHR052W 7 23
YHR052W-A 0 0
YHR053C 0 0
YHR054C 0 0
YHR054W-A 0 0
YHR055C 0 0
YHR056C 42 473
YHR056W-A 15 331
YHR057C 23 284
YHR058C 7 52
YHR059W 3 6
YHR060W 0 0
YHR061C 17 307
YHR062C 0 0
YHR063C 11 65
YHR063W-A 5 80
YHR064C 4 21
YHR065C 18 69
YHR066W 11 83
YHR067W 7 14
YHR068W 10 38
YHR069C 6 34
YHR069C-A 0 0
YHR070W 8 31
YHR070C-A 9 30
YHR071W 16 266
YHR071C-A 0 0
YHR072W 6 123
YHR072W-A 0 0
YHR073W 40 267
YHR073W-A 4 10
YHR073C-B 1 25
YHR074W 7 22
YHR075C 13 153
YHR076W 10 57
YHR077C 20 160
YHR078W 11 108
YHR079C 16 31
YHR079C-A 0 0
YHR080C 61 734
YHR081W 0 0
YHR082C 31 190
YHR083W 6 24
YHR084W 24 172
YHR085W 0 0
YHR086W 22 210
YHR086W-A 21 409
YHR087W 9 117
YHR088W 0 0
YHR089C 1 4
YHR090C 5 13
YHR091C 4 10
YHR092C 14 145
YHR093W 6 26
YHR094C 25 560
YHR095W 16 125
YHR096C 57 543
YHR097C 32 447
YHR098C 19 65
YHR099W 48 169
YHR100C 0 0
YHR101C 4 15
YHR102W 12 46
YHR103W 30 241
YHR104W 9 46
YHR105W 3 8
YHR106W 10 40
YHR107C 0 0
YHR108W 14 60
YHR109W 12 58
YHR110W 4 23
YHR111W 6 18
YHR112C 14 159
YHR113W 24 218
YHR114W 20 176
YHR115C 21 177
YHR116W 10 84
YHR117W 26 126
YHR118C 2 10
YHR119W 36 145
YHR120W 5 14
YHR121W 6 71
YHR122W 4 36
YHR123W 15 205
YHR124W 43 405
YHR125W 4 22
YHR126C 13 222
YHR127W 4 67
YHR128W 11 124
YHR129C 4 60
YHR130C 8 94
YHR131C 22 102
YHR131W-A 6 17
YHR132C 22 262
YHR132W-A 9 57
YHR133C 14 128
YHR134W 16 91
YHR135C 52 591
YHR136C 25 410
YHR137W 10 40
YHR137C-A 8 31
YHR138C 12 127
YHR139C 14 208
YHR139C-A 14 248
YHR140W 13 200
YHR141C 0 0
YHR142W 15 131
YHR143W 9 93
YHR143W-A 0 0
YHR144C 6 76
YHR145C 5 27
YHR146W 10 86
YHR147C 0 0
YHR148W 5 20
YHR149C 22 239
YHR150W 23 147
YHR151C 15 250
YHR152W 13 245
YHR153C 7 43
YHR154W 32 419
YHR155W 18 263
YHR156C 27 309
YHR157W 7 28
YHR158C 34 265
YHR159W 27 433
YHR160C 4 21
YHR161C 30 223
YHR162W 1 1
YHR163W 11 320
YHR164C 11 23
YHR165C 34 114
YHR165W-A 0 0
YHR166C 13 101
YHR167W 7 40
YHR168W 12 36
YHR169W 9 24
YHR170W 8 42
YHR171W 19 215
YHR172W 17 480
YHR173C 27 359
YHR174W 20 75
YHR175W 14 206
YHR175W-A 3 93
YHR176W 33 388
YHR177W 23 142
YHR178W 17 55
YHR179W 9 27
YHR180W 7 38
YHR180W-A 4 24
YHR180C-B 1 10
YHR181W 8 70
YHR182W 36 331
YHR182C-A 3 9
YHR183W 8 47
YHR184W 22 244
YHR185C 8 69
YHR186C 26 81
YHR187W 6 18
YHR188C 10 58
YHR189W 6 46
YHR190W 9 25
YHR191C 2 2
YHR192W 9 68
YHR193C 9 70
YHR193C-A 6 91
YHR194W 40 203
YHR195W 17 126
YHR196W 18 88
YHR197W 3 11
YHR198C 14 175
YHR199C 21 245
YHR199C-A 0 0
YHR200W 15 35
YHR201C 5 79
YHR202W 14 122
YHR203C 0 0
YHR204W 43 665
YHR205W 8 23
YHR206W 12 161
YHR207C 17 138
YHR208W 19 121
YHR209W 7 51
YHR210C 7 63
YHR211W 19 203
YHR212C 0 0
YHR212W-A 0 0
YHR213W 0 0
YHR213W-A 0 0
YHR213W-B 10 194
YHR214W 1 1
YHR214W-A 0 0
YHR214C-D 0 0
YHR214C-E 12 100
YHR215W 8 42
YHR216W 38 707
YHR217C 26 173
YHR218W 0 0
YHR218W-A 0 0
YHR219W 1 1
YHR219C-A 0 0
YIL177C 0 0
YIL177W-A 0 0
YIL176C 0 0
YIL173W 0 0
YIL172C 0 0
YIL171W-A 0 0
YIL169C 9 36
YIL166C 15 129
YIL165C 7 34
YIL164C 20 71
YIL163C 24 602
YIL162W 43 291
YIL161W 5 70
YIL160C 22 331
YIL159W 60 326
YIL158W 13 199
YIL157C 12 103
YIL156W-A 11 66
YIL156W-B 1 6
YIL156W 42 492
YIL155C 60 705
YIL154C 24 74
YIL153W 27 173
YIL152W 21 211
YIL151C 23 210
YIL150C 16 72
YIL149C 50 300
YIL148W 1 3
YIL147C 18 61
YIL146C 8 69
YIL145C 13 127
YIL144W 15 41
YIL143C 10 33
YIL142C-A 0 0
YIL142W 16 78
YIL141W 10 57
YIL140W 26 283
YIL139C 21 153
YIL138C 10 61
YIL137C 35 310
YIL136W 15 221
YIL135C 22 250
YIL134C-A 10 153
YIL134W 2 4
YIL133C 2 6
YIL132C 28 592
YIL131C 30 482
YIL130W 31 345
YIL129C 35 191
YIL128W 24 114
YIL127C 1 1
YIL126W 22 483
YIL125W 40 175
YIL124W 11 134
YIL123W 56 895
YIL122W 11 94
YIL121W 30 326
YIL120W 60 897
YIL119C 12 145
YIL118W 9 28
YIL117C 16 252
YIL116W 17 230
YIL115W-A 1 3
YIL115C 29 112
YIL114C 7 112
YIL113W 19 354
YIL112W 26 201
YIL111W 11 161
YIL110W 2 4
YIL109C 26 104
YIL108W 39 703
YIL107C 27 205
YIL106W 2 4
YIL105C 32 211
YIL105W-A 2 77
YIL104C 13 46
YIL103W 13 47
YIL102C-A 4 18
YIL102C 1 1
YIL101C 42 796
YIL100C-A 68 1173
YIL100W 71 1200
YIL099W 30 402
YIL098C 6 77
YIL097W 22 361
YIL096C 18 102
YIL095W 29 345
YIL094C 12 127
YIL093C 6 38
YIL092W 37 685
YIL091C 29 92
YIL090W 7 20
YIL089W 16 72
YIL088C 26 65
YIL087C 5 16
YIL086C 19 168
YIL085C 25 343
YIL084C 11 112
YIL083C 0 0
YIL082W 0 0
YIL079C 17 218
YIL078W 10 20
YIL077C 44 828
YIL076W 4 66
YIL075C 21 105
YIL074C 28 292
YIL073C 17 408
YIL072W 14 65
YIL071W-A 2 11
YIL071C 12 177
YIL070C 10 153
YIL069C 3 9
YIL068W-A 9 56
YIL068C 21 89
YIL067C 36 483
YIL066W-A 5 201
YIL066C 18 109
YIL065C 7 26
YIL064W 30 590
YIL063C 6 31
YIL062C 7 12
YIL061C 14 46
YIL060W 5 146
YIL059C 5 146
YIL058W 7 101
YIL057C 17 197
YIL056W 32 419
YIL055C 33 649
YIL054W 32 688
YIL053W 16 136
YIL052C 0 0
YIL051C 14 204
YIL050W 11 171
YIL049W 8 16
YIL048W 8 39
YIL047C-A 12 282
YIL047C 54 765
YIL046W-A 58 5492
YIL046W 15 45
YIL045W 28 269
YIL044C 7 47
YIL043C 21 243
YIL042C 16 84
YIL041W 6 46
YIL040W 4 61
YIL039W 11 22
YIL038C 10 57
YIL037C 11 196
YIL036W 29 131
YIL035C 23 191
YIL034C 19 113
YIL033C 14 48
YIL032C 13 170
YIL031W 27 315
YIL030W-A 4 18
YIL030C 43 222
YIL029W-A 8 50
YIL029C 1 9
YIL028W 0 0
YIL027C 5 32
YIL026C 17 122
YIL025C 3 14
YIL024C 9 101
YIL023C 21 234
YIL022W 7 25
YIL021W 15 88
YIL021C-A 2 7
YIL020C-A 7 38
YIL020C 13 149
YIL019W 10 38
YIL018W 0 0
YIL017C 22 170
YIL016W 7 82
YIL015W 35 545
YIL014C-A 0 0
YIL014W 11 136
YIL013C 27 197
YIL012W 23 437
YIL011W 7 38
YIL010W 23 170
YIL009C-A 14 85
YIL009W 35 297
YIL008W 2 10
YIL007C 15 171
YIL006W 18 167
YIL005W 35 722
YIL004C 1 3
YIL003W 11 75
YIL002W-A 8 126
YIL002C 82 1294
YIL001W 84 2005
YIR001C 34 441
YIR002C 54 1304
YIR003W 33 314
YIR004W 14 180
YIR005W 8 56
YIR006C 37 244
YIR007W 16 241
YIR008C 5 35
YIR009W 0 0
YIR010W 17 51
YIR011C 1 2
YIR012W 5 24
YIR013C 7 144
YIR014W 24 249
YIR015W 2 19
YIR016W 25 335
YIR017C 45 591
YIR017W-A 52 692
YIR018W 23 255
YIR018C-A 9 109
YIR019C 24 268
YIR020C 4 9
YIR020W-A 14 128
YIR020C-B 8 20
YIR021W 13 32
YIR021W-A 3 118
YIR022W 1 1
YIR023W 19 64
YIR023C-A 1 1
YIR024C 3 29
YIR025W 13 37
YIR026C 13 50
YIR027C 17 234
YIR028W 31 419
YIR029W 11 45
YIR030C 7 104
YIR030W-A 2 48
YIR031C 20 83
YIR032C 13 220
YIR033W 20 218
YIR034C 19 219
YIR035C 17 213
YIR036C 14 96
YIR036W-A 9 59
YIR037W 9 132
YIR038C 7 105
YIR039C 6 15
YIR040C 0 0
YIR041W 0 0
YIR042C 0 0
YJL225C 0 0
YJL225W-A 0 0
YJL223C 0 0
YJL222W-B 0 0
YJL222W-A 0 0
YJL222W 0 0
YJL221C 0 0
YJL220W 0 0
YJL219W 0 0
YJL218W 0 0
YJL217W 0 0
YJL216C 28 431
YJL215C 7 64
YJL214W 12 191
YJL213W 10 115
YJL212C 42 435
YJL211C 35 739
YJL210W 26 208
YJL209W 12 30
YJL208C 15 153
YJL207C 38 293
YJL206C 40 476
YJL205C 17 113
YJL204C 9 35
YJL203W 1 2
YJL202C 2 84
YJL201W 21 115
YJL200C 46 593
YJL199C 9 212
YJL198W 23 112
YJL197W 59 527
YJL197C-A 2 10
YJL196C 13 98
YJL195C 0 0
YJL194W 5 16
YJL193W 6 15
YJL192C 22 130
YJL191W 27 353
YJL190C 3 15
YJL189W 2 10
YJL188C 1 8
YJL187C 30 164
YJL186W 38 342
YJL185C 16 114
YJL184W 2 38
YJL183W 14 115
YJL182C 13 79
YJL181W 23 209
YJL180C 0 0
YJL179W 4 19
YJL178C 8 132
YJL177W 2 2
YJL176C 4 11
YJL175W 0 0
YJL174W 0 0
YJL173C 0 0
YJL172W 27 370
YJL171C 12 111
YJL170C 9 71
YJL169W 5 45
YJL168C 23 168
YJL167W 1 1
YJL166W 2 3
YJL165C 35 346
YJL164C 11 58
YJL163C 28 402
YJL162C 22 178
YJL161W 22 280
YJL160C 13 88
YJL159W 5 18
YJL158C 13 89
YJL157C 121 2399
YJL156W-A 21 786
YJL156C 55 459
YJL155C 27 225
YJL154C 26 103
YJL153C 30 309
YJL152W 55 1686
YJL151C 38 1177
YJL150W 37 1373
YJL149W 25 305
YJL148W 3 24
YJL147C 9 18
YJL146W 29 219
YJL145W 15 210
YJL144W 7 236
YJL143W 2 2
YJL142C 6 27
YJL141C 36 364
YJL140W 1 12
YJL139C 19 65
YJL138C 4 39
YJL137C 24 356
YJL136W-A 7 42
YJL136C 0 0
YJL135W 16 163
YJL134W 11 30
YJL133C-A 16 225
YJL133W 21 336
YJL132W 22 186
YJL131C 6 16
YJL130C 59 381
YJL129C 15 76
YJL128C 28 304
YJL127W-A 6 125
YJL127C-B 4 17
YJL127C 29 425
YJL126W 18 122
YJL125C 12 51
YJL124C 0 0
YJL123C 15 81
YJL122W 14 55
YJL121C 5 15
YJL120W 12 149
YJL119C 15 174
YJL118W 27 396
YJL117W 5 108
YJL116C 25 270
YJL115W 9 30
YJL112W 19 59
YJL111W 3 4
YJL110C 18 93
YJL109C 31 102
YJL108C 10 108
YJL107C 31 232
YJL106W 29 197
YJL105W 11 132
YJL104W 2 54
YJL103C 34 437
YJL102W 19 52
YJL101C 23 91
YJL100W 41 550
YJL099W 19 126
YJL098W 34 332
YJL097W 8 29
YJL096W 1 1
YJL095W 27 106
YJL094C 24 168
YJL093C 18 167
YJL092W 29 334
YJL091C 5 8
YJL090C 15 50
YJL089W 26 212
YJL088W 18 133
YJL087C 1 1
YJL086C 0 0
YJL085W 10 39
YJL084C 28 251
YJL083W 23 204
YJL082W 27 251
YJL081C 2 2
YJL080C 33 261
YJL079C 14 228
YJL078C 86 1193
YJL077W-B 3 43
YJL077C 43 2461
YJL077W-A 3 65
YJL076W 27 72
YJL075C 0 0
YJL074C 19 76
YJL073W 22 207
YJL072C 2 6
YJL071W 13 63
YJL070C 27 147
YJL069C 11 20
YJL068C 14 83
YJL067W 9 93
YJL066C 18 120
YJL065C 14 227
YJL064W 10 163
YJL063C 1 7
YJL062W-A 3 9
YJL062W 19 114
YJL061W 1 2
YJL060W 14 91
YJL059W 12 133
YJL058C 16 66
YJL057C 8 96
YJL056C 20 75
YJL055W 6 11
YJL054W 14 55
YJL053W 8 21
YJL052C-A 26 751
YJL052W 23 205
YJL051W 19 91
YJL050W 14 45
YJL049W 6 39
YJL048C 15 311
YJL047C-A 8 87
YJL047C 20 69
YJL046W 2 6
YJL045W 19 241
YJL044C 22 158
YJL043W 64 3318
YJL042W 49 530
YJL041W 1 1
YJL039C 10 25
YJL038C 2 15
YJL037W 20 219
YJL036W 11 24
YJL035C 2 6
YJL034W 7 67
YJL033W 10 29
YJL032W 1 13
YJL031C 2 14
YJL030W 14 510
YJL029C 14 112
YJL028W 42 1019
YJL027C 54 1614
YJL026W 3 18
YJL026C-A 1 9
YJL025W 12 46
YJL024C 10 37
YJL023C 5 23
YJL022W 2 12
YJL020C 52 667
YJL020W-A 0 0
YJL019W 27 208
YJL016W 24 134
YJL015C 12 293
YJL014W 8 31
YJL013C 8 43
YJL012C 34 240
YJL011C 2 10
YJL010C 1 1
YJL009W 2 44
YJL008C 8 30
YJL007C 10 89
YJL006C 5 35
YJL005W 17 69
YJL004C 20 95
YJL003W 1 1
YJL002C 1 2
YJL001W 5 7
YJR001W 79 1541
YJR002W 5 13
YJR003C 42 355
YJR004C 49 631
YJR005W 19 95
YJR005C-A 3 31
YJR006W 3 3
YJR007W 0 0
YJR008W 34 720
YJR009C 16 139
YJR010W 36 652
YJR010C-A 5 109
YJR011C 15 59
YJR012C 12 244
YJR013W 4 49
YJR014W 5 48
YJR015W 17 177
YJR016C 5 12
YJR017C 6 25
YJR018W 6 18
YJR019C 35 546
YJR020W 12 99
YJR021C 29 454
YJR022W 0 0
YJR023C 0 0
YJR024C 14 69
YJR025C 4 26
YJR030C 41 371
YJR031C 26 150
YJR032W 7 21
YJR033C 25 67
YJR034W 6 13
YJR035W 39 241
YJR036C 21 286
YJR037W 7 84
YJR038C 4 13
YJR039W 38 314
YJR040W 6 22
YJR041C 1 3
YJR042W 10 40
YJR043C 20 135
YJR044C 11 50
YJR045C 0 0
YJR046W 6 7
YJR047C 4 113
YJR048W 14 141
YJR049C 20 260
YJR050W 3 11
YJR051W 23 333
YJR052W 10 35
YJR053W 24 120
YJR054W 9 28
YJR055W 1 4
YJR056C 3 62
YJR057W 3 8
YJR058C 19 397
YJR059W 37 482
YJR060W 10 190
YJR061W 45 449
YJR062C 8 15
YJR063W 6 16
YJR064W 22 65
YJR065C 10 36
YJR066W 74 415
YJR067C 2 2
YJR068W 2 6
YJR069C 13 69
YJR070C 5 17
YJR071W 2 4
YJR072C 18 60
YJR073C 22 345
YJR074W 11 77
YJR075W 10 35
YJR076C 13 78
YJR077C 4 16
YJR078W 76 1981
YJR079W 27 226
YJR080C 14 46
YJR082C 5 58
YJR083C 5 58
YJR084W 20 411
YJR085C 6 36
YJR086W 4 159
YJR087W 7 125
YJR088C 18 205
YJR089W 15 61
YJR090C 11 53
YJR091C 47 369
YJR092W 32 484
YJR093C 6 54
YJR094C 15 190
YJR094W-A 9 72
YJR095W 13 114
YJR096W 34 595
YJR097W 1 5
YJR098C 22 134
YJR099W 3 31
YJR100C 14 109
YJR101W 2 12
YJR102C 2 5
YJR103W 75 1678
YJR104C 17 96
YJR105W 17 74
YJR106W 22 122
YJR107W 17 179
YJR108W 15 322
YJR109C 40 242
YJR110W 46 463
YJR111C 21 249
YJR112W 2 4
YJR112W-A 19 259
YJR113C 5 16
YJR114W 5 16
YJR115W 72 1315
YJR116W 20 317
YJR117W 26 258
YJR118C 2 11
YJR119C 47 467
YJR120W 11 52
YJR121W 6 24
YJR122W 11 24
YJR123W 0 0
YJR124C 18 104
YJR125C 14 52
YJR126C 30 287
YJR127C 81 1253
YJR128W 39 934
YJR129C 49 973
YJR130C 28 390
YJR131W 20 370
YJR132W 9 33
YJR133W 12 64
YJR134C 12 128
YJR135C 18 94
YJR135W-A 1 1
YJR136C 0 0
YJR137C 71 837
YJR138W 53 244
YJR139C 4 7
YJR140C 22 61
YJR140W-A 1 2
YJR141W 2 3
YJR142W 23 244
YJR143C 10 43
YJR144W 14 72
YJR145C 1 3
YJR146W 12 108
YJR147W 23 378
YJR148W 47 835
YJR149W 14 192
YJR150C 6 82
YJR151C 16 93
YJR151W-A 2 46
YJR152W 15 280
YJR153W 7 103
YJR154W 16 191
YJR155W 12 233
YJR156C 8 191
YJR157W 0 0
YJR158W 0 0
YJR159W 0 0
YJR160C 0 0
YJR161C 0 0
YJR162C 14 1164
YKL225W 9 202
YKL224C 0 0
YKL223W 3 175
YKL222C 17 125
YKL221W 14 53
YKL220C 17 257
YKL219W 11 47
YKL218C 23 111
YKL217W 48 534
YKL216W 2 4
YKL215C 47 393
YKL214C 4 22
YKL213C 35 145
YKL212W 6 32
YKL211C 16 82
YKL210W 17 58
YKL209C 32 282
YKL208W 9 19
YKL207W 15 61
YKL206C 5 24
YKL205W 24 112
YKL204W 12 48
YKL203C 46 125
YKL202W 2 23
YKL201C 50 386
YKL198C 298 17581
YKL197C 63 847
YKL196C 3 18
YKL195W 4 74
YKL194C 13 50
YKL193C 7 31
YKL192C 3 28
YKL191W 17 46
YKL190W 3 17
YKL189W 2 32
YKL188C 26 104
YKL187C 52 757
YKL186C 10 38
YKL185W 34 198
YKL184W 14 189
YKL183C-A 17 1186
YKL183W 75 2740
YKL182W 29 109
YKL181W 11 29
YKL180W 2 23
YKL179C 18 169
YKL178C 19 498
YKL177W 5 78
YKL176C 23 96
YKL175W 32 313
YKL174C 11 119
YKL173W 6 14
YKL172W 1 25
YKL171W 31 395
YKL170W 0 0
YKL169C 0 0
YKL168C 21 216
YKL167C 3 4
YKL166C 11 38
YKL165C-A 3 32
YKL165C 20 59
YKL164C 7 93
YKL163W 2 5
YKL162C-A 4 91
YKL162C 19 101
YKL161C 17 114
YKL160W 3 5
YKL159C 7 189
YKL157W 45 539
YKL156W 4 20
YKL156C-A 0 0
YKL155C 11 62
YKL154W 5 20
YKL153W 5 18
YKL152C 6 19
YKL151C 32 461
YKL150W 48 631
YKL149C 9 52
YKL148C 52 241
YKL147C 55 1381
YKL146W 47 645
YKL145W 9 32
YKL145W-A 0 0
YKL144C 2 12
YKL143W 4 9
YKL142W 6 12
YKL141W 3 10
YKL140W 9 104
YKL139W 4 21
YKL138C-A 0 0
YKL138C 1 1
YKL137W 0 0
YKL136W 0 0
YKL135C 13 52
YKL134C 10 48
YKL133C 11 211
YKL132C 20 113
YKL131W 7 89
YKL130C 4 8
YKL129C 32 439
YKL128C 20 161
YKL127W 21 107
YKL126W 8 35
YKL125W 4 22
YKL124W 15 169
YKL123W 3 20
YKL122C 4 38
YKL121W 15 120
YKL120W 16 339
YKL119C 1 1
YKL118W 4 29
YKL117W 8 26
YKL116C 10 59
YKL115C 7 31
YKL114C 19 217
YKL113C 4 24
YKL112W 13 76
YKL111C 5 34
YKL110C 12 34
YKL109W 44 418
YKL108W 4 8
YKL107W 12 104
YKL106C-A 6 216
YKL106W 3 3
YKL105C 39 247
YKL104C 15 34
YKL103C 29 339
YKL102C 19 298
YKL101W 39 309
YKL100C 16 98
YKL100W-A 2 7
YKL099C 7 17
YKL098W 12 220
YKL097C 39 696
YKL096C-B 2 4
YKL096W-A 0 0
YKL096W 35 552
YKL095W 2 6
YKL094W 33 452
YKL093W 19 189
YKL092C 17 109
YKL091C 10 143
YKL090W 32 450
YKL089W 1 1
YKL088W 11 38
YKL087C 4 15
YKL086W 59 1749
YKL085W 14 172
YKL084W 31 736
YKL083W 7 116
YKL082C 7 20
YKL081W 21 244
YKL080W 1 1
YKL079W 23 239
YKL078W 2 3
YKL077W 11 127
YKL076C 5 31
YKL075C 7 44
YKL074C 21 151
YKL073W 5 22
YKL072W 36 291
YKL071W 17 105
YKL070W 1 6
YKL069W 9 102
YKL068W-A 0 0
YKL068W 24 128
YKL067W 8 93
YKL066W 22 340
YKL065W-A 3 63
YKL065C 7 55
YKL064W 28 163
YKL063C 9 45
YKL062W 18 119
YKL061W 4 11
YKL060C 0 0
YKL059C 14 94
YKL058W 0 0
YKL057C 9 18
YKL056C 5 26
YKL055C 0 0
YKL054C 4 19
YKL053C-A 0 0
YKL053W 16 86
YKL052C 20 112
YKL051W 31 493
YKL050C 36 162
YKL049C 2 4
YKL048C 5 31
YKL047W 18 164
YKL046C 12 67
YKL045W 17 162
YKL044W 21 148
YKL043W 11 134
YKL042W 0 0
YKL041W 0 0
YKL040C 6 11
YKL039W 30 261
YKL038W 46 410
YKL037W 32 250
YKL036C 15 135
YKL035W 18 54
YKL034W 32 352
YKL033W-A 7 118
YKL033W 12 24
YKL032C 18 121
YKL031W 18 325
YKL030W 68 1320
YKL029C 216 3934
YKL028W 8 16
YKL027W 38 266
YKL026C 17 390
YKL025C 39 672
YKL024C 7 32
YKL023C-A 0 0
YKL023W 10 70
YKL022C 10 119
YKL021C 9 102
YKL020C 18 72
YKL019W 9 29
YKL018C-A 5 43
YKL018W 6 23
YKL017C 17 195
YKL016C 3 9
YKL015W 27 150
YKL014C 6 11
YKL013C 0 0
YKL012W 9 74
YKL011C 20 376
YKL010C 39 930
YKL009W 1 1
YKL008C 30 444
YKL007W 14 57
YKL006C-A 3 13
YKL006W 1 1
YKL005C 51 634
YKL004W 14 57
YKL003C 2 3
YKL002W 4 11
YKL001C 19 661
YKR001C 4 14
YKR002W 2 3
YKR003W 64 484
YKR004C 4 12
YKR005C 40 507
YKR006C 4 13
YKR007W 1 1
YKR008W 7 23
YKR009C 40 749
YKR010C 26 115
YKR011C 16 112
YKR012C 24 232
YKR013W 23 274
YKR014C 1 10
YKR015C 19 113
YKR016W 7 11
YKR017C 9 239
YKR018C 24 234
YKR019C 16 89
YKR020W 1 1
YKR021W 29 303
YKR022C 4 16
YKR023W 8 101
YKR024C 11 56
YKR025W 2 4
YKR026C 9 39
YKR027W 26 375
YKR028W 34 373
YKR029C 15 56
YKR030W 5 33
YKR031C 39 482
YKR032W 19 610
YKR033C 3 11
YKR034W 8 44
YKR035C 5 30
YKR035W-A 5 30
YKR036C 23 222
YKR037C 5 47
YKR038C 11 41
YKR039W 20 215
YKR040C 42 1022
YKR041W 71 1929
YKR042W 11 51
YKR043C 27 206
YKR044W 40 394
YKR045C 14 41
YKR046C 33 472
YKR047W 10 74
YKR048C 22 119
YKR049C 7 115
YKR050W 21 225
YKR051W 17 126
YKR052C 12 80
YKR053C 36 345
YKR054C 58 228
YKR055W 10 33
YKR056W 27 332
YKR057W 1 2
YKR058W 21 173
YKR059W 4 40
YKR060W 12 51
YKR061W 41 248
YKR062W 0 0
YKR063C 3 14
YKR064W 19 181
YKR065C 3 11
YKR066C 23 456
YKR067W 36 370
YKR068C 6 15
YKR069W 41 327
YKR070W 10 110
YKR071C 6 21
YKR072C 19 193
YKR073C 21 654
YKR074W 13 88
YKR075C 22 454
YKR075W-A 14 410
YKR076W 33 384
YKR077W 9 108
YKR078W 24 169
YKR079C 19 67
YKR080W 17 101
YKR081C 1 1
YKR082W 19 65
YKR083C 5 7
YKR084C 11 67
YKR085C 6 33
YKR086W 16 49
YKR087C 16 251
YKR088C 20 262
YKR089C 32 222
YKR090W 28 420
YKR091W 16 155
YKR092C 6 18
YKR093W 60 702
YKR094C 3 4
YKR095W 26 234
YKR095W-A 1 4
YKR096W 45 699
YKR097W 38 438
YKR098C 28 216
YKR099W 22 82
YKR100C 10 32
YKR101W 30 125
YKR102W 23 124
YKR103W 30 367
YKR104W 9 43
YKR105C 1 2
YKR106W 0 0
YLL067C 0 0
YLL067W-A 0 0
YLL066W-B 5 13
YLL066C 9 537
YLL066W-A 0 0
YLL065W 20 453
YLL064C 0 0
YLL063C 33 601
YLL062C 9 87
YLL061W 43 504
YLL060C 13 166
YLL059C 57 2133
YLL058W 14 91
YLL057C 21 176
YLL056C 18 181
YLL055W 17 186
YLL054C 21 105
YLL053C 10 74
YLL052C 7 90
YLL051C 31 354
YLL050C 3 8
YLL049W 3 16
YLL048C 64 388
YLL047W 9 62
YLL046C 6 151
YLL045C 1 1
YLL044W 1 2
YLL043W 15 52
YLL042C 9 119
YLL041C 19 55
YLL040C 100 535
YLL039C 36 259
YLL038C 26 282
YLL037W 2 5
YLL036C 3 6
YLL035W 8 14
YLL034C 4 13
YLL033W 1 4
YLL032C 22 98
YLL031C 8 30
YLL030C 10 356
YLL029W 90 4311
YLL028W 66 726
YLL027W 1 1
YLL026W 55 530
YLL025W 9 95
YLL024C 26 185
YLL023C 21 144
YLL022C 23 229
YLL021W 41 191
YLL020C 5 19
YLL019C 16 83
YLL019W-A 0 0
YLL018C-A 0 0
YLL018C 9 27
YLL015W 40 358
YLL014W 3 15
YLL013C 52 286
YLL012W 42 593
YLL011W 14 51
YLL010C 13 68
YLL009C 1 2
YLL008W 4 4
YLL007C 7 23
YLL006W-A 1 1
YLL006W 4 8
YLL005C 17 111
YLL004W 6 12
YLL003W 7 75
YLL002W 20 61
YLL001W 20 57
YLR001C 94 1408
YLR002C 6 11
YLR003C 11 214
YLR004C 28 295
YLR005W 9 60
YLR006C 26 388
YLR007W 9 19
YLR008C 0 0
YLR009W 1 1
YLR010C 1 4
YLR011W 16 142
YLR012C 5 36
YLR013W 8 29
YLR014C 34 343
YLR015W 12 92
YLR016C 8 58
YLR017W 13 157
YLR018C 14 128
YLR019W 21 261
YLR020C 17 161
YLR021W 3 11
YLR022C 11 25
YLR023C 30 305
YLR024C 74 752
YLR025W 1 4
YLR026C 0 0
YLR027C 3 10
YLR028C 45 428
YLR029C 2 7
YLR030W 6 15
YLR031W 2 30
YLR032W 21 208
YLR033W 0 0
YLR034C 21 312
YLR035C 27 238
YLR036C 11 30
YLR037C 6 32
YLR038C 11 66
YLR039C 11 30
YLR040C 5 59
YLR041W 7 70
YLR042C 16 192
YLR043C 1 57
YLR044C 41 195
YLR045C 21 94
YLR046C 7 77
YLR047C 29 494
YLR048W 1 1
YLR049C 6 13
YLR050C 4 25
YLR051C 7 80
YLR052W 0 0
YLR053C 3 17
YLR054C 28 527
YLR055C 12 63
YLR056W 7 21
YLR057W 42 408
YLR058C 14 36
YLR059C 51 1248
YLR060W 15 41
YLR061W 3 6
YLR062C 3 6
YLR063W 19 193
YLR064W 10 40
YLR065C 1 2
YLR066W 3 4
YLR067C 8 32
YLR068W 11 62
YLR069C 16 66
YLR070C 24 157
YLR071C 12 36
YLR072W 13 126
YLR073C 29 427
YLR074C 7 22
YLR075W 0 0
YLR076C 0 0
YLR077W 31 185
YLR078C 3 6
YLR079W 0 0
YLR080W 32 532
YLR081W 10 25
YLR082C 5 47
YLR083C 12 93
YLR084C 50 526
YLR085C 29 297
YLR086W 14 33
YLR087C 75 498
YLR088W 8 36
YLR089C 7 21
YLR090W 21 249
YLR091W 7 124
YLR092W 44 413
YLR093C 12 160
YLR094C 47 566
YLR095C 26 133
YLR096W 17 107
YLR097C 9 78
YLR098C 10 53
YLR099C 29 236
YLR099W-A 1 1
YLR100W 3 8
YLR101C 9 60
YLR102C 1 1
YLR103C 3 6
YLR104W 3 18
YLR105C 4 13
YLR106C 38 124
YLR107W 30 449
YLR108C 16 132
YLR109W 14 284
YLR110C 2 3
YLR111W 20 475
YLR112W 35 851
YLR113W 27 306
YLR114C 21 97
YLR115W 8 31
YLR116W 11 101
YLR117C 19 52
YLR118C 7 104
YLR119W 13 50
YLR120C 29 206
YLR120W-A 6 369
YLR121C 25 277
YLR122C 3 5
YLR123C 3 18
YLR124W 10 68
YLR125W 2 4
YLR126C 8 73
YLR127C 10 85
YLR128W 10 194
YLR129W 10 30
YLR130C 33 340
YLR131C 33 431
YLR132C 0 0
YLR133W 12 57
YLR134W 12 80
YLR135W 28 266
YLR136C 13 80
YLR137W 31 1090
YLR138W 39 257
YLR139C 2 4
YLR140W 0 0
YLR141W 5 19
YLR142W 33 328
YLR143W 8 46
YLR144C 18 120
YLR145W 2 4
YLR146C 16 118
YLR146W-A 6 44
YLR147C 0 0
YLR148W 13 44
YLR149C 17 132
YLR149C-A 1 6
YLR150W 0 0
YLR151C 7 118
YLR152C 12 140
YLR153C 12 26
YLR154C 13 122
YLR154W-A 0 0
YLR154W-B 0 0
YLR154W-C 0 0
YLR154W-E 0 0
YLR154W-F 0 0
YLR154C-G 0 0
YLR154C-H 0 0
YLR155C 0 0
YLR156W 0 0
YLR156C-A 0 0
YLR157C 0 0
YLR157W-D 0 0
YLR157W-E 0 0
YLR157C-C 0 0
YLR158C 0 0
YLR159W 0 0
YLR159C-A 0 0
YLR160C 0 0
YLR161W 0 0
YLR162W 0 0
YLR162W-A 1 1
YLR163C 7 18
YLR163W-A 0 0
YLR164W 6 73
YLR165C 5 25
YLR166C 3 17
YLR167W 4 18
YLR168C 21 186
YLR169W 32 950
YLR170C 21 348
YLR171W 10 69
YLR172C 19 55
YLR173W 39 1360
YLR174W 36 259
YLR175W 10 22
YLR176C 15 96
YLR177W 12 120
YLR178C 19 161
YLR179C 43 729
YLR180W 24 170
YLR181C 13 79
YLR182W 2 4
YLR183C 22 232
YLR184W 2 41
YLR185W 3 4
YLR186W 6 16
YLR187W 22 140
YLR188W 20 88
YLR189C 40 235
YLR190W 16 46
YLR191W 12 80
YLR192C 2 2
YLR193C 5 18
YLR194C 24 224
YLR195C 0 0
YLR196W 15 48
YLR197W 1 1
YLR198C 1 1
YLR199C 9 35
YLR200W 0 0
YLR201C 5 21
YLR202C 5 46
YLR203C 9 20
YLR204W 4 11
YLR205C 29 341
YLR206W 17 139
YLR207W 36 174
YLR208W 0 0
YLR209C 17 167
YLR210W 10 76
YLR211C 5 48
YLR212C 4 14
YLR213C 60 985
YLR214W 18 210
YLR215C 1 7
YLR216C 5 35
YLR217W 2 10
YLR218C 16 259
YLR219W 19 195
YLR220W 11 103
YLR221C 7 20
YLR222C 7 22
YLR222C-A 1 1
YLR223C 18 153
YLR224W 11 41
YLR225C 13 108
YLR226W 3 11
YLR227C 14 181
YLR228C 25 194
YLR229C 2 15
YLR230W 1 14
YLR231C 13 88
YLR232W 9 117
YLR233C 25 155
YLR234W 10 86
YLR235C 31 383
YLR236C 56 787
YLR237W 39 539
YLR238W 8 35
YLR239C 3 3
YLR240W 17 70
YLR241W 23 135
YLR242C 2 22
YLR243W 0 0
YLR244C 8 14
YLR245C 9 29
YLR246W 17 110
YLR247C 46 282
YLR248W 24 171
YLR249W 4 17
YLR250W 7 54
YLR251W 9 94
YLR252W 0 0
YLR253W 12 60
YLR254C 14 92
YLR255C 36 800
YLR256W 75 639
YLR257W 26 142
YLR258W 46 648
YLR259C 8 37
YLR260W 30 168
YLR261C 0 0
YLR262C 4 22
YLR262C-A 1 87
YLR263W 13 149
YLR264W 0 0
YLR264C-A 0 0
YLR265C 4 25
YLR266C 43 1102
YLR267W 18 208
YLR268W 1 1
YLR269C 15 304
YLR270W 9 54
YLR271W 10 37
YLR272C 16 49
YLR273C 16 143
YLR274W 13 26
YLR275W 3 12
YLR276C 0 0
YLR277C 5 13
YLR278C 44 320
YLR279W 42 645
YLR280C 18 171
YLR281C 19 173
YLR282C 18 177
YLR283W 10 191
YLR284C 5 24
YLR285W 0 0
YLR285C-A 1 5
YLR286C 4 26
YLR286W-A 0 0
YLR287C 7 183
YLR287C-A 2 14
YLR288C 19 68
YLR289W 21 213
YLR290C 5 18
YLR291C 2 21
YLR292C 8 26
YLR293C 0 0
YLR294C 13 89
YLR295C 2 12
YLR296W 28 487
YLR297W 10 345
YLR298C 21 379
YLR299W 73 1380
YLR299C-A 6 33
YLR300W 25 307
YLR301W 10 51
YLR302C 39 680
YLR303W 16 94
YLR304C 21 85
YLR305C 24 74
YLR306W 14 109
YLR307W 9 72
YLR307C-A 5 40
YLR308W 20 210
YLR309C 14 119
YLR310C 18 60
YLR311C 5 8
YLR312C 19 257
YLR312W-A 6 17
YLR313C 20 170
YLR314C 14 45
YLR315W 4 16
YLR316C 10 29
YLR317W 3 10
YLR318W 38 463
YLR319C 16 66
YLR320W 16 83
YLR321C 4 13
YLR322W 0 0
YLR323C 3 23
YLR324W 7 56
YLR325C 1 4
YLR326W 28 253
YLR327C 6 126
YLR328W 22 335
YLR329W 9 43
YLR330W 38 259
YLR331C 4 92
YLR332W 12 167
YLR333C 13 252
YLR334C 9 68
YLR335W 7 31
YLR336C 8 16
YLR337C 18 75
YLR338W 2 2
YLR339C 0 0
YLR340W 0 0
YLR341W 14 170
YLR342W 14 26
YLR342W-A 4 6
YLR343W 32 245
YLR344W 8 29
YLR345W 20 224
YLR346C 6 31
YLR347C 4 12
YLR347W-A 1 1
YLR348C 65 2106
YLR349W 48 830
YLR350W 1 1
YLR351C 18 148
YLR352W 35 341
YLR353W 34 229
YLR354C 20 153
YLR355C 16 58
YLR356W 20 242
YLR357W 20 159
YLR358C 8 154
YLR359W 1 1
YLR360W 16 61
YLR361C 30 575
YLR361C-A 4 16
YLR362W 34 325
YLR363C 5 38
YLR363W-A 0 0
YLR364W 1 1
YLR365W 3 3
YLR364C-A 2 6
YLR366W 12 58
YLR367W 12 43
YLR368W 12 39
YLR369W 2 5
YLR370C 4 5
YLR371W 14 30
YLR372W 4 25
YLR373C 8 46
YLR374C 26 711
YLR375W 21 474
YLR376C 18 151
YLR377C 29 446
YLR378C 20 72
YLR379W 5 15
YLR380W 30 304
YLR381W 13 86
YLR382C 15 33
YLR383W 8 84
YLR384C 16 66
YLR385C 10 28
YLR386W 3 9
YLR387C 16 92
YLR388W 2 2
YLR389C 66 533
YLR390W 10 191
YLR390W-A 4 25
YLR392C 21 218
YLR393W 1 2
YLR394W 6 20
YLR395C 9 62
YLR396C 15 30
YLR397C 9 26
YLR398C 20 58
YLR399C 6 15
YLR399W-A 0 0
YLR400W 28 908
YLR401C 33 275
YLR402W 2 9
YLR403W 8 41
YLR404W 10 36
YLR405W 24 357
YLR406C 10 61
YLR406C-A 4 79
YLR407W 3 5
YLR408C 11 99
YLR409C 25 83
YLR410W 50 412
YLR411W 23 243
YLR412W 8 23
YLR412C-A 9 21
YLR413W 33 395
YLR414C 27 389
YLR415C 33 840
YLR416C 38 1064
YLR417W 20 79
YLR418C 6 20
YLR419W 25 267
YLR420W 5 99
YLR421C 4 13
YLR422W 35 129
YLR423C 4 21
YLR424W 10 39
YLR425W 37 250
YLR426W 0 0
YLR427W 23 106
YLR428C 17 413
YLR429W 28 233
YLR430W 20 111
YLR431C 10 32
YLR432W 16 115
YLR433C 12 38
YLR434C 0 0
YLR435W 1 1
YLR436C 64 770
YLR437C 15 191
YLR437C-A 14 78
YLR438W 58 483
YLR438C-A 0 0
YLR439W 3 11
YLR440C 3 11
YLR441C 4 18
YLR442C 23 102
YLR443W 10 227
YLR444C 2 134
YLR445W 10 196
YLR446W 10 152
YLR447C 7 19
YLR448W 1 4
YLR449W 8 87
YLR450W 56 585
YLR451W 18 76
YLR452C 16 58
YLR453C 22 306
YLR454W 70 534
YLR455W 12 56
YLR456W 13 273
YLR457C 8 20
YLR458W 0 0
YLR459W 0 0
YLR460C 1 1
YLR461W 0 0
YLR462W 0 0
YLR463C 0 0
YLR464W 0 0
YLR465C 0 0
YLR466W 0 0
YLR466C-A 0 0
YLR466C-B 0 0
YLR467W 0 0
YLR467C-A 0 0
YML133C 0 0
YML133W-B 0 0
YML133W-A 0 0
YML132W 0 0
YML131W 15 99
YML130C 9 48
YML129C 0 0
YML128C 33 325
YML127W 16 75
YML126C 12 37
YML125C 13 46
YML124C 26 289
YML123C 9 24
YML122C 24 415
YML121W 9 19
YML120C 20 143
YML119W 10 71
YML118W 27 237
YML117W 50 611
YML116W-A 4 66
YML116W 19 157
YML115C 9 43
YML114C 9 67
YML113W 18 162
YML112W 1 5
YML111W 27 152
YML110C 2 6
YML109W 23 291
YML108W 1 3
YML107C 6 49
YML106W 5 10
YML105C 2 3
YML104C 24 83
YML103C 47 151
YML102W 33 171
YML101C-A 16 143
YML101C 51 1381
YML100W-A 18 447
YML100W 124 1743
YML099W-A 8 39
YML099C 29 317
YML098W 0 0
YML097C 13 103
YML096W 14 194
YML095C 6 39
YML094C-A 4 26
YML094W 5 101
YML093W 19 60
YML092C 1 3
YML091C 20 81
YML090W 2 10
YML089C 16 468
YML088W 20 179
YML087C 26 381
YML086C 31 388
YML085C 6 23
YML084W 19 172
YML083C 45 769
YML082W 32 409
YML081C-A 2 2
YML081W 40 259
YML080W 8 53
YML079W 14 297
YML078W 8 52
YML077W 2 7
YML076C 24 137
YML075C 55 625
YML074C 6 35
YML073C 0 0
YML072C 104 1149
YML071C 13 50
YML070W 24 221
YML069W 2 6
YML068W 16 122
YML067C 8 34
YML066C 15 82
YML065W 8 40
YML064C 2 3
YML063W 2 4
YML062C 15 114
YML061C 10 46
YML060W 7 64
YML059C 45 574
YML058W-A 5 44
YML058W 15 600
YML057C-A 6 17
YML057W 29 483
YML056C 18 118
YML055W 5 42
YML054C 59 1109
YML054C-A 30 805
YML053C 20 172
YML052W 26 500
YML051W 34 474
YML050W 9 134
YML049C 21 62
YML048W 0 0
YML047W-A 5 14
YML047C 8 30
YML046W 3 15
YML043C 1 1
YML042W 46 241
YML041C 17 80
YML038C 5 18
YML037C 0 0
YML036W 4 16
YML035C 27 194
YML034C-A 19 155
YML034W 51 441
YML032C 22 69
YML031C-A 4 38
YML031W 22 178
YML030W 8 35
YML029W 48 522
YML028W 20 605
YML027W 25 98
YML026C 5 21
YML025C 3 38
YML024W 1 2
YML023C 6 23
YML022W 10 78
YML021C 21 182
YML020W 40 188
YML019W 7 173
YML018C 24 254
YML017W 23 72
YML016C 35 262
YML015C 3 14
YML014W 11 64
YML013W 15 102
YML012C-A 9 87
YML012W 5 17
YML011C 9 67
YML010W 18 78
YML009W-B 3 25
YML009C-A 3 25
YML009C 6 27
YML008C 4 23
YML007C-A 9 138
YML007W 23 400
YML006C 25 161
YML005W 26 199
YML004C 42 537
YML003W 17 131
YML002W 40 635
YML001W 17 54
YMR001C 5 33
YMR001C-A 9 29
YMR002W 25 402
YMR003W 5 43
YMR004W 22 192
YMR005W 0 0
YMR006C 32 279
YMR007W 33 613
YMR008C 20 202
YMR009W 14 209
YMR010W 19 107
YMR011W 29 343
YMR012W 27 92
YMR013C 9 18
YMR013C-A 0 0
YMR013W-A 6 37
YMR014W 6 13
YMR015C 35 250
YMR016C 9 42
YMR017W 16 154
YMR018W 21 222
YMR019W 40 481
YMR020W 24 188
YMR021C 1 1
YMR022W 7 185
YMR023C 30 294
YMR024W 0 0
YMR025W 7 76
YMR026C 5 50
YMR027W 13 276
YMR028W 2 5
YMR029C 11 75
YMR030W 14 108
YMR031C 30 142
YMR031W-A 21 171
YMR032W 9 80
YMR030W-A 7 130
YMR033W 0 0
YMR034C 12 219
YMR035W 2 4
YMR036C 12 137
YMR037C 19 74
YMR038C 31 404
YMR039C 17 74
YMR040W 17 156
YMR041C 8 70
YMR042W 74 5459
YMR043W 7 19
YMR044W 24 242
YMR046W-A 0 0
YMR047C 17 121
YMR048W 12 55
YMR049C 11 47
YMR052W 4 20
YMR052C-A 11 64
YMR053C 28 150
YMR054W 46 463
YMR055C 24 338
YMR056C 39 1023
YMR057C 30 1378
YMR058W 23 90
YMR059W 0 0
YMR060C 6 15
YMR061W 4 22
YMR062C 29 132
YMR063W 15 279
YMR064W 5 14
YMR065W 28 809
YMR066W 13 65
YMR067C 11 32
YMR068W 12 48
YMR069W 95 3137
YMR070W 14 131
YMR071C 11 132
YMR072W 7 19
YMR073C 7 34
YMR074C 9 166
YMR075W 26 165
YMR075C-A 8 138
YMR076C 14 94
YMR077C 11 43
YMR078C 16 67
YMR079W 2 8
YMR080C 16 71
YMR081C 22 151
YMR082C 26 220
YMR083W 16 123
YMR084W 15 52
YMR085W 8 42
YMR086W 27 143
YMR086C-A 12 210
YMR087W 25 477
YMR088C 23 125
YMR089C 11 25
YMR090W 11 118
YMR091C 17 88
YMR092C 17 147
YMR093W 6 9
YMR094W 1 3
YMR095C 18 239
YMR096W 4 16
YMR097C 12 33
YMR098C 4 19
YMR099C 8 33
YMR100W 14 58
YMR101C 13 234
YMR102C 29 214
YMR103C 39 1073
YMR104C 36 408
YMR105C 1 6
YMR105W-A 13 201
YMR106C 57 498
YMR107W 25 862
YMR108W 14 38
YMR109W 35 218
YMR110C 25 315
YMR111C 23 450
YMR112C 1 1
YMR113W 1 7
YMR114C 13 49
YMR115W 7 30
YMR116C 4 11
YMR117C 1 3
YMR118C 4 12
YMR119W 18 144
YMR119W-A 10 35
YMR120C 16 87
YMR121C 15 84
YMR122C 57 1629
YMR122W-A 10 60
YMR123W 0 0
YMR124W 36 325
YMR125W 12 33
YMR126C 6 93
YMR127C 16 93
YMR128W 14 67
YMR129W 46 309
YMR130W 12 44
YMR131C 5 14
YMR132C 9 179
YMR133W 15 58
YMR134W 5 353
YMR135C 28 341
YMR135W-A 57 2172
YMR136W 45 529
YMR137C 32 372
YMR138W 7 34
YMR139W 14 43
YMR140W 14 222
YMR141C 3 7
YMR142C 0 0
YMR141W-A 0 0
YMR143W 3 13
YMR144W 17 277
YMR145C 43 421
YMR146C 3 6
YMR147W 5 81
YMR148W 19 141
YMR149W 9 19
YMR150C 7 30
YMR151W 12 358
YMR152W 12 71
YMR153W 11 48
YMR153C-A 1 13
YMR154C 13 127
YMR155W 30 233
YMR156C 16 195
YMR157C 11 85
YMR158W 4 15
YMR158C-A 1 6
YMR158W-B 8 143
YMR159C 8 143
YMR160W 17 101
YMR161W 16 105
YMR162C 50 415
YMR163C 7 70
YMR164C 14 55
YMR165C 43 357
YMR166C 8 18
YMR167W 20 88
YMR168C 7 25
YMR169C 21 202
YMR170C 14 179
YMR171C 20 207
YMR172W 21 105
YMR172C-A 2 4
YMR173W 8 76
YMR173W-A 9 78
YMR174C 4 152
YMR175W 16 260
YMR175W-A 28 856
YMR176W 56 544
YMR177W 10 35
YMR178W 13 59
YMR179W 10 104
YMR180C 28 250
YMR181C 8 157
YMR182C 8 43
YMR182W-A 6 112
YMR183C 20 172
YMR184W 11 178
YMR185W 15 41
YMR186W 10 34
YMR187C 21 293
YMR188C 3 7
YMR189W 38 221
YMR190C 27 146
YMR191W 16 211
YMR192W 15 127
YMR193W 1 1
YMR193C-A 1 1
YMR194W 6 23
YMR194C-B 18 224
YMR194C-A 45 3540
YMR195W 8 152
YMR196W 70 688
YMR197C 3 11
YMR198W 21 110
YMR199W 18 93
YMR200W 7 28
YMR201C 15 62
YMR202W 5 23
YMR203W 3 9
YMR204C 4 16
YMR205C 8 24
YMR206W 26 547
YMR207C 36 103
YMR208W 13 45
YMR209C 23 292
YMR210W 28 356
YMR211W 4 7
YMR212C 9 26
YMR213W 12 169
YMR214W 20 199
YMR215W 8 81
YMR216C 31 320
YMR217W 3 11
YMR218C 0 0
YMR219W 51 265
YMR220W 10 31
YMR221C 26 553
YMR222C 10 89
YMR223W 12 78
YMR224C 22 77
YMR225C 9 39
YMR226C 15 132
YMR227C 9 35
YMR228W 8 24
YMR229C 9 53
YMR230W 5 14
YMR230W-A 5 55
YMR231W 22 95
YMR232W 24 198
YMR233W 11 66
YMR234W 4 16
YMR235C 5 19
YMR236W 1 54
YMR237W 16 82
YMR238W 21 209
YMR239C 10 25
YMR240C 18 92
YMR241W 24 392
YMR242C 5 19
YMR242W-A 0 0
YMR243C 24 650
YMR244W 42 665
YMR244C-A 6 26
YMR245W 59 1476
YMR246W 100 2183
YMR247C 36 286
YMR247W-A 2 15
YMR250W 24 412
YMR251W 93 2264
YMR251W-A 0 0
YMR252C 16 502
YMR253C 26 229
YMR254C 14 233
YMR255W 2 4
YMR256C 0 0
YMR257C 9 26
YMR258C 17 121
YMR259C 20 115
YMR260C 0 0
YMR261C 22 154
YMR262W 12 173
YMR263W 3 6
YMR264W 5 18
YMR265C 18 164
YMR266W 35 239
YMR267W 12 28
YMR268C 2 6
YMR269W 1 3
YMR270C 1 8
YMR271C 9 39
YMR272C 15 177
YMR272W-A 1 1
YMR272W-B 3 53
YMR273C 27 166
YMR274C 8 70
YMR275C 22 132
YMR276W 13 118
YMR277W 5 34
YMR278W 25 205
YMR279C 13 155
YMR280C 60 935
YMR281W 1 4
YMR282C 1 3
YMR283C 15 87
YMR284W 22 109
YMR285C 19 591
YMR286W 0 0
YMR287C 9 23
YMR288W 6 23
YMR289W 17 193
YMR290C 5 12
YMR290W-A 0 0
YMR291W 23 142
YMR292W 2 38
YMR293C 10 28
YMR294W 5 20
YMR294W-A 3 11
YMR295C 8 39
YMR296C 8 27
YMR297W 34 161
YMR298W 1 1
YMR299C 5 25
YMR300C 0 0
YMR301C 17 187
YMR302C 20 144
YMR303C 10 158
YMR304W 32 223
YMR304C-A 11 78
YMR305C 18 267
YMR306W 68 743
YMR306C-A 15 342
YMR307W 6 29
YMR307C-A 0 0
YMR308C 6 12
YMR309C 20 60
YMR310C 8 72
YMR311C 6 35
YMR312W 2 4
YMR313C 15 113
YMR314W 1 1
YMR315W 19 124
YMR315W-A 9 134
YMR316W 28 365
YMR316C-A 3 12
YMR316C-B 0 0
YMR317W 23 340
YMR318C 23 358
YMR319C 17 240
YMR320W 8 105
YMR321C 2 2
YMR322C 0 0
YMR323W 3 17
YMR324C 0 0
YMR325W 0 0
YMR326C 2 3
YNL339C 0 0
YNL339W-B 0 0
YNL339W-A 0 0
YNL338W 10 159
YNL337W 1 8
YNL336W 0 0
YNL335W 0 0
YNL334C 2 9
YNL333W 2 36
YNL332W 0 0
YNL331C 6 50
YNL330C 24 95
YNL329C 27 160
YNL328C 10 88
YNL327W 18 180
YNL326C 18 91
YNL325C 27 210
YNL324W 6 45
YNL323W 10 56
YNL322C 5 17
YNL321W 25 554
YNL320W 18 143
YNL319W 7 24
YNL318C 21 259
YNL317W 14 36
YNL316C 11 106
YNL315C 1 1
YNL314W 15 149
YNL313C 12 44
YNL312W 0 0
YNL311C 24 144
YNL310C 5 11
YNL309W 16 189
YNL308C 3 5
YNL307C 4 11
YNL306W 1 1
YNL305C 13 146
YNL304W 26 263
YNL303W 15 192
YNL302C 0 0
YNL301C 13 113
YNL300W 4 29
YNL299W 35 233
YNL298W 17 81
YNL297C 15 41
YNL296W 0 0
YNL295W 8 86
YNL294C 25 231
YNL293W 30 271
YNL292W 7 35
YNL291C 13 70
YNL290W 4 13
YNL289W 17 201
YNL288W 14 52
YNL287W 16 84
YNL286W 18 90
YNL285W 38 2322
YNL284C 1 1
YNL283C 23 280
YNL282W 6 88
YNL281W 11 92
YNL280C 3 17
YNL279W 41 828
YNL278W 112 2535
YNL277W-A 21 205
YNL277W 41 507
YNL276C 16 183
YNL275W 19 153
YNL274C 10 69
YNL273W 13 99
YNL272C 6 43
YNL271C 16 90
YNL270C 28 493
YNL269W 31 1080
YNL268W 27 337
YNL267W 11 27
YNL266W 3 39
YNL265C 19 163
YNL264C 20 228
YNL263C 10 43
YNL262W 51 197
YNL261W 0 0
YNL260C 2 19
YNL259C 7 42
YNL258C 1 3
YNL257C 37 175
YNL256W 4 27
YNL255C 2 7
YNL254C 12 107
YNL253W 19 128
YNL252C 7 11
YNL251C 14 68
YNL250W 33 93
YNL249C 8 51
YNL248C 1 1
YNL247W 7 24
YNL246W 20 202
YNL245C 4 11
YNL244C 5 37
YNL243W 27 301
YNL242W 62 488
YNL241C 52 374
YNL240C 18 86
YNL239W 19 271
YNL238W 15 44
YNL237W 23 294
YNL236W 19 131
YNL235C 11 170
YNL234W 21 188
YNL233W 35 209
YNL232W 5 58
YNL231C 56 1659
YNL230C 43 558
YNL229C 3 8
YNL228W 22 160
YNL227C 20 132
YNL226W 2 9
YNL225C 6 22
YNL224C 37 319
YNL223W 13 76
YNL222W 3 11
YNL221C 17 72
YNL220W 2 3
YNL219C 7 44
YNL218W 29 368
YNL217W 37 600
YNL216W 18 48
YNL215W 6 34
YNL214W 11 151
YNL213C 2 13
YNL212W 19 53
YNL211C 4 28
YNL210W 8 94
YNL209W 22 178
YNL208W 7 78
YNL207W 0 0
YNL206C 14 102
YNL205C 9 82
YNL204C 4 66
YNL203C 10 154
YNL202W 26 551
YNL201C 17 160
YNL200C 15 147
YNL199C 9 21
YNL198C 1 11
YNL197C 6 89
YNL196C 16 165
YNL195C 27 499
YNL194C 9 105
YNL193W 39 350
YNL192W 32 142
YNL191W 28 896
YNL190W 9 58
YNL189W 2 4
YNL188W 5 22
YNL187W 16 198
YNL186W 8 183
YNL185C 3 3
YNL184C 0 0
YNL183C 26 90
YNL182C 6 12
YNL181W 6 31
YNL180C 5 17
YNL179C 26 423
YNL178W 0 0
YNL177C 0 0
YNL176C 20 208
YNL175C 7 12
YNL174W 2 2
YNL173C 25 462
YNL172W 21 61
YNL171C 1 3
YNL170W 1 79
YNL169C 4 8
YNL168C 22 450
YNL167C 12 56
YNL166C 14 265
YNL165W 15 179
YNL164C 10 189
YNL163C 16 47
YNL162W-A 0 0
YNL162W 1 1
YNL161W 0 0
YNL160W 13 88
YNL159C 2 29
YNL158W 1 1
YNL157W 4 28
YNL156C 14 165
YNL155W 10 125
YNL154C 26 264
YNL153C 9 163
YNL152W 2 3
YNL151C 6 19
YNL150W 1 6
YNL149C 0 0
YNL148C 72 4712
YNL147W 2 25
YNL146C-A 15 353
YNL146W 6 93
YNL145W 4 17
YNL144C 42 588
YNL144W-A 0 0
YNL143C 16 109
YNL142W 26 377
YNL141W 13 151
YNL140C 4 17
YNL139C 19 66
YNL138W-A 1 3
YNL138W 5 6
YNL137C 13 39
YNL136W 15 172
YNL135C 1 2
YNL134C 27 248
YNL133C 5 17
YNL132W 9 37
YNL131W 1 8
YNL130C 8 135
YNL130C-A 1 15
YNL129W 9 106
YNL128W 27 195
YNL127W 16 84
YNL126W 6 22
YNL125C 33 347
YNL124W 7 20
YNL123W 24 226
YNL122C 6 106
YNL121C 11 85
YNL120C 3 11
YNL119W 9 69
YNL118C 15 77
YNL117W 46 544
YNL116W 16 216
YNL115C 26 398
YNL114C 0 0
YNL113W 0 0
YNL112W 17 90
YNL111C 4 9
YNL110C 0 0
YNL109W 3 55
YNL108C 12 291
YNL107W 3 15
YNL106C 51 444
YNL105W 5 21
YNL104C 62 660
YNL103W-A 4 24
YNL103W 17 102
YNL102W 16 54
YNL101W 29 147
YNL100W 11 69
YNL099C 7 26
YNL098C 3 25
YNL097C-B 9 620
YNL097C 18 342
YNL097W-A 2 2
YNL096C 14 53
YNL095C 18 271
YNL094W 12 206
YNL093W 3 99
YNL092W 41 603
YNL091W 21 49
YNL090W 5 70
YNL089C 5 70
YNL088W 17 59
YNL087W 62 1022
YNL086W 5 30
YNL085W 18 92
YNL084C 0 0
YNL083W 26 132
YNL082W 9 83
YNL081C 2 5
YNL080C 11 52
YNL079C 9 34
YNL078W 18 400
YNL077W 26 266
YNL076W 11 67
YNL075W 2 6
YNL074C 22 273
YNL073W 10 16
YNL072W 43 1353
YNL071W 13 28
YNL070W 0 0
YNL069C 3 9
YNL068C 38 383
YNL067W-A 5 50
YNL067W-B 3 42
YNL067W 7 108
YNL066W 43 882
YNL065W 23 141
YNL064C 9 26
YNL063W 15 160
YNL062C 3 23
YNL061W 17 153
YNL059C 6 24
YNL058C 10 62
YNL057W 4 22
YNL056W 2 17
YNL055C 26 239
YNL054W 17 116
YNL053W 66 836
YNL052W 4 13
YNL051W 13 147
YNL050C 14 90
YNL049C 15 82
YNL048W 7 20
YNL047C 17 280
YNL046W 13 184
YNL045W 27 222
YNL044W 10 96
YNL043C 5 83
YNL042W-B 22 575
YNL042W 22 311
YNL041C 28 109
YNL040W 6 47
YNL039W 16 50
YNL038W 10 26
YNL037C 11 94
YNL036W 1 3
YNL035C 15 155
YNL034W 0 0
YNL033W 0 0
YNL032W 6 11
YNL031C 8 45
YNL030W 3 12
YNL029C 34 835
YNL028W 22 369
YNL027W 28 188
YNL026W 3 11
YNL025C 10 67
YNL024C-A 2 4
YNL024C 39 391
YNL023C 42 338
YNL022C 14 176
YNL021W 20 175
YNL020C 31 281
YNL019C 4 37
YNL018C 0 0
YNL017C 5 124
YNL016W 14 83
YNL015W 0 0
YNL014W 32 178
YNL013C 1 6
YNL012W 43 273
YNL011C 4 11
YNL010W 16 153
YNL009W 27 532
YNL008C 30 289
YNL007C 3 4
YNL006W 1 2
YNL005C 7 29
YNL004W 95 2351
YNL003C 7 27
YNL002C 1 1
YNL001W 19 75
YNR001C 55 584
YNR001W-A 13 396
YNR002C 103 4827
YNR003C 6 32
YNR003W-A 0 0
YNR004W 5 33
YNR005C 0 0
YNR006W 7 25
YNR007C 15 261
YNR008W 57 936
YNR009W 7 33
YNR010W 2 2
YNR011C 19 69
YNR012W 10 31
YNR013C 30 208
YNR014W 22 276
YNR015W 47 681
YNR016C 45 163
YNR017W 4 19
YNR018W 31 232
YNR019W 35 494
YNR020C 8 20
YNR021W 15 68
YNR022C 4 18
YNR023W 6 10
YNR024W 1 2
YNR025C 1 39
YNR026C 11 53
YNR027W 17 124
YNR028W 19 301
YNR029C 18 73
YNR030W 11 36
YNR031C 59 531
YNR032W 19 329
YNR032C-A 2 2
YNR033W 43 578
YNR034W 13 118
YNR034W-A 7 64
YNR035C 0 0
YNR036C 1 1
YNR037C 0 0
YNR038W 8 22
YNR039C 25 282
YNR040W 17 71
YNR041C 3 6
YNR042W 1 1
YNR043W 3 11
YNR044W 21 158
YNR045W 2 6
YNR046W 3 21
YNR047W 34 260
YNR048W 12 225
YNR049C 6 140
YNR050C 16 62
YNR051C 2 3
YNR052C 14 136
YNR053C 7 19
YNR054C 10 22
YNR055C 40 652
YNR056C 21 182
YNR057C 43 1439
YNR058W 28 340
YNR059W 28 182
YNR060W 35 623
YNR061C 14 311
YNR062C 3 36
YNR063W 14 175
YNR064C 24 280
YNR065C 28 216
YNR066C 19 159
YNR067C 24 136
YNR068C 4 21
YNR069C 8 26
YNR070W 38 568
YNR071C 20 255
YNR072W 7 23
YNR073C 16 250
YNR074C 16 142
YNR075W 19 305
YNR075C-A 5 131
YNR076W 0 0
YNR077C 3 88
YOL166W-A 2 66
YOL166C 0 0
YOL165C 1 1
YOL164W-A 0 0
YOL164W 0 0
YOL163W 0 0
YOL162W 0 0
YOL161C 0 0
YOL160W 4 86
YOL159C-A 8 230
YOL159C 24 209
YOL158C 16 206
YOL157C 18 153
YOL156W 0 0
YOL155W-A 3 6
YOL155C 23 326
YOL154W 8 37
YOL152W 25 329
YOL151W 11 168
YOL150C 1 2
YOL149W 0 0
YOL148C 4 52
YOL147C 14 75
YOL146W 3 9
YOL145C 13 47
YOL144W 12 24
YOL143C 4 23
YOL142W 6 32
YOL141W 53 415
YOL140W 27 377
YOL139C 0 0
YOL138C 45 223
YOL137W 15 319
YOL136C 10 68
YOL135C 3 97
YOL134C 0 0
YOL133W 0 0
YOL132W 23 228
YOL131W 7 108
YOL130W 4 14
YOL129W 13 232
YOL128C 13 195
YOL127W 0 0
YOL126C 28 393
YOL125W 29 376
YOL124C 21 157
YOL123W 2 9
YOL122C 30 489
YOL121C 1 3
YOL120C 14 30
YOL119C 22 212
YOL118C 26 657
YOL117W 27 491
YOL116W 17 123
YOL115W 20 133
YOL114C 20 237
YOL113W 23 149
YOL112W 26 352
YOL111C 10 41
YOL110W 101 3313
YOL109W 1 7
YOL108C 3 43
YOL107W 17 116
YOL106W 16 106
YOL105C 8 89
YOL104C 12 69
YOL103W 13 179
YOL102C 2 2
YOL101C 1 5
YOL100W 19 87
YOL099C 5 20
YOL098C 35 322
YOL097W-A 6 81
YOL097C 10 29
YOL096C 10 58
YOL095C 14 64
YOL094C 1 1
YOL093W 3 103
YOL092W 16 179
YOL091W 9 143
YOL090W 16 55
YOL089C 44 392
YOL088C 2 108
YOL087C 18 133
YOL086W-A 14 184
YOL086C 4 12
YOL085W-A 24 1522
YOL085C 39 1868
YOL084W 63 967
YOL083W 7 131
YOL083C-A 0 0
YOL082W 13 185
YOL081W 20 58
YOL080C 1 14
YOL079W 0 0
YOL078W 13 73
YOL077W-A 8 33
YOL077C 10 37
YOL076W 4 9
YOL075C 32 227
YOL073C 12 92
YOL072W 8 40
YOL071W 1 1
YOL070C 17 57
YOL069W 12 33
YOL068C 25 153
YOL067C 4 58
YOL066C 4 9
YOL065C 11 103
YOL064C 11 47
YOL063C 12 84
YOL062C 20 133
YOL061W 29 223
YOL060C 54 593
YOL059W 32 834
YOL058W 36 241
YOL057W 14 137
YOL056W 14 116
YOL055C 25 309
YOL054W 24 150
YOL053W 29 342
YOL052C-A 4 70
YOL052C 42 563
YOL051W 8 84
YOL050C 4 72
YOL049W 17 100
YOL048C 8 77
YOL047C 5 81
YOL046C 8 143
YOL045W 19 230
YOL044W 6 68
YOL043C 13 183
YOL042W 20 267
YOL041C 19 77
YOL040C 2 2
YOL039W 0 0
YOL038C-A 3 31
YOL038W 6 25
YOL037C 3 15
YOL036W 26 112
YOL035C 9 102
YOL034W 24 81
YOL033W 3 4
YOL032W 10 51
YOL031C 26 215
YOL030W 23 311
YOL029C 10 53
YOL028C 10 293
YOL027C 14 77
YOL026C 9 98
YOL025W 24 142
YOL024W 13 116
YOL023W 17 35
YOL022C 2 3
YOL021C 20 51
YOL020W 28 147
YOL019W-A 17 136
YOL019W 18 203
YOL018C 17 65
YOL017W 35 373
YOL016C 11 227
YOL015W 12 73
YOL014W 2 14
YOL013W-B 2 9
YOL013W-A 16 296
YOL013C 14 109
YOL012C 6 15
YOL011W 43 318
YOL010W 3 11
YOL009C 9 45
YOL008W 2 5
YOL007C 25 318
YOL006C 5 11
YOL005C 0 0
YOL004W 48 174
YOL003C 43 752
YOL002C 35 566
YOL001W 12 164
YOR001W 21 118
YOR002W 19 80
YOR003W 57 833
YOR004W 4 10
YOR005C 54 775
YOR006C 10 128
YOR007C 13 58
YOR008C 1 3
YOR008C-A 8 110
YOR008W-B 7 93
YOR009W 8 32
YOR010C 6 39
YOR011W 46 323
YOR011W-A 4 38
YOR012W 5 59
YOR013W 14 133
YOR014W 14 50
YOR015W 3 75
YOR016C 15 156
YOR017W 19 171
YOR018W 34 194
YOR019W 23 165
YOR020C 0 0
YOR020W-A 1 12
YOR021C 2 6
YOR022C 16 62
YOR023C 22 433
YOR024W 33 435
YOR025W 21 162
YOR026W 8 142
YOR027W 20 104
YOR028C 15 55
YOR029W 30 877
YOR030W 23 145
YOR031W 14 107
YOR032C 9 83
YOR032W-A 14 187
YOR033C 20 102
YOR034C 20 95
YOR034C-A 16 207
YOR035C 5 13
YOR036W 3 10
YOR037W 21 104
YOR038C 20 124
YOR039W 8 33
YOR040W 29 506
YOR041C 8 187
YOR042W 30 350
YOR043W 6 39
YOR044W 14 97
YOR045W 2 14
YOR046C 20 79
YOR047C 8 38
YOR048C 3 6
YOR049C 14 55
YOR050C 16 122
YOR051C 10 120
YOR052C 6 40
YOR053W 3 38
YOR054C 33 343
YOR055W 17 221
YOR056C 9 31
YOR057W 5 12
YOR058C 20 125
YOR059C 19 183
YOR060C 19 66
YOR061W 15 41
YOR062C 29 1077
YOR063W 3 12
YOR064C 13 81
YOR065W 2 7
YOR066W 19 284
YOR067C 24 95
YOR069W 15 69
YOR068C 1 11
YOR070C 15 74
YOR071C 26 193
YOR072W 30 979
YOR072W-A 30 1025
YOR072W-B 9 29
YOR073W 10 76
YOR074C 10 31
YOR073W-A 0 0
YOR075W 1 2
YOR076C 24 110
YOR077W 7 34
YOR078W 4 18
YOR079C 17 89
YOR080W 16 66
YOR081C 32 261
YOR082C 14 97
YOR083W 67 902
YOR084W 52 803
YOR085W 20 82
YOR086C 44 300
YOR087W 26 170
YOR089C 0 0
YOR090C 20 242
YOR091W 34 1618
YOR092W 16 107
YOR093C 41 329
YOR094W 3 17
YOR095C 3 14
YOR096W 8 33
YOR097C 11 122
YOR098C 12 90
YOR099W 38 594
YOR100C 19 142
YOR101W 10 65
YOR102W 0 0
YOR103C 0 0
YOR104W 8 80
YOR105W 2 32
YOR106W 6 31
YOR107W 9 52
YOR108W 31 216
YOR108C-A 1 1
YOR109W 23 145
YOR110W 6 15
YOR111W 10 45
YOR112W 16 67
YOR113W 20 74
YOR114W 9 337
YOR115C 5 66
YOR116C 14 53
YOR117W 8 22
YOR118W 23 93
YOR119C 10 31
YOR120W 35 449
YOR121C 2 121
YOR122C 0 0
YOR123C 16 54
YOR124C 37 159
YOR125C 0 0
YOR126C 9 192
YOR127W 18 55
YOR128C 4 10
YOR129C 12 91
YOR130C 11 213
YOR131C 7 92
YOR132W 16 86
YOR133W 0 0
YOR134W 41 931
YOR135C 0 0
YOR136W 4 6
YOR137C 28 216
YOR138C 58 984
YOR139C 1 1
YOR140W 15 168
YOR141C 21 52
YOR142W 25 233
YOR143C 7 41
YOR144C 26 182
YOR145C 1 1
YOR146W 1 1
YOR147W 5 29
YOR148C 1 3
YOR149C 2 12
YOR150W 0 0
YOR151C 9 30
YOR152C 2 4
YOR153W 45 440
YOR154W 8 53
YOR155C 15 110
YOR156C 22 97
YOR157C 11 42
YOR158W 2 2
YOR159C 2 2
YOR160W 13 30
YOR161C 38 593
YOR161W-A 0 0
YOR161W-B 5 148
YOR161C-C 15 169
YOR162C 45 374
YOR163W 11 109
YOR164C 13 65
YOR165W 28 273
YOR166C 14 139
YOR167C 3 5
YOR168W 17 77
YOR169C 3 51
YOR170W 3 40
YOR171C 15 120
YOR172W 18 151
YOR173W 25 427
YOR174W 5 33
YOR175C 16 100
YOR176W 7 16
YOR177C 15 99
YOR178C 21 278
YOR179C 22 246
YOR180C 3 23
YOR181W 3 14
YOR182C 1 10
YOR183W 21 154
YOR184W 3 20
YOR185C 9 61
YOR186W 29 706
YOR186C-A 23 624
YOR187W 8 16
YOR188W 32 302
YOR189W 8 40
YOR190W 9 59
YOR191W 39 249
YOR192C 17 178
YOR192C-C 0 0
YOR193W 6 18
YOR194C 0 0
YOR195W 14 105
YOR196C 10 38
YOR197W 15 114
YOR198C 10 74
YOR199W 25 485
YOR200W 11 163
YOR201C 4 15
YOR202W 29 277
YOR203W 31 1086
YOR204W 12 36
YOR205C 20 57
YOR206W 5 11
YOR207C 19 59
YOR208W 11 60
YOR209C 11 45
YOR210W 1 15
YOR211C 18 73
YOR212W 34 259
YOR213C 11 140
YOR214C 9 60
YOR215C 2 2
YOR216C 19 124
YOR217W 16 47
YOR218C 1 1
YOR219C 33 443
YOR220W 7 67
YOR221C 8 29
YOR222W 47 1587
YOR223W 20 98
YOR224C 5 20
YOR225W 7 91
YOR226C 15 89
YOR227W 42 261
YOR228C 11 87
YOR229W 53 968
YOR230W 31 322
YOR231W 28 375
YOR231C-A 4 24
YOR232W 4 9
YOR233W 31 222
YOR234C 4 5
YOR235W 4 17
YOR236W 9 46
YOR237W 18 223
YOR238W 13 38
YOR239W 22 99
YOR241W 2 4
YOR242C 15 83
YOR243C 11 52
YOR244W 4 11
YOR245C 7 41
YOR246C 5 9
YOR247W 6 19
YOR248W 5 18
YOR249C 7 25
YOR250C 9 26
YOR251C 13 52
YOR252W 10 78
YOR253W 3 26
YOR254C 11 48
YOR255W 10 160
YOR256C 15 28
YOR257W 0 0
YOR258W 3 4
YOR259C 8 12
YOR260W 18 43
YOR261C 0 0
YOR262W 9 35
YOR263C 3 4
YOR264W 13 36
YOR265W 6 20
YOR266W 14 100
YOR267C 33 664
YOR268C 56 1860
YOR269W 13 46
YOR270C 13 21
YOR271C 14 112
YOR272W 3 21
YOR273C 37 323
YOR274W 22 216
YOR275C 23 210
YOR276W 12 248
YOR277C 10 235
YOR278W 2 5
YOR279C 14 53
YOR280C 13 102
YOR281C 0 0
YOR282W 10 196
YOR283W 14 138
YOR284W 14 68
YOR285W 11 119
YOR286W 11 94
YOR287C 4 13
YOR288C 12 105
YOR289W 19 313
YOR290C 12 39
YOR291W 38 288
YOR292C 16 67
YOR293W 1 1
YOR293C-A 6 58
YOR294W 3 12
YOR295W 7 45
YOR296W 41 170
YOR297C 3 19
YOR298W 34 663
YOR298C-A 21 177
YOR299W 37 579
YOR300W 17 307
YOR301W 66 1707
YOR302W 2 10
YOR303W 37 485
YOR304W 34 212
YOR304C-A 0 0
YOR305W 1 6
YOR306C 22 247
YOR307C 21 570
YOR308C 7 42
YOR309C 0 0
YOR310C 7 16
YOR311C 10 79
YOR312C 4 16
YOR313C 5 74
YOR314W 5 21
YOR314W-A 9 53
YOR315W 19 292
YOR316C 38 319
YOR316C-A 40 3575
YOR317W 42 441
YOR318C 69 1711
YOR319W 0 0
YOR320C 15 162
YOR321W 35 292
YOR322C 29 150
YOR323C 4 11
YOR324C 33 145
YOR325W 15 61
YOR326W 17 69
YOR327C 4 6
YOR328W 60 755
YOR329C 14 64
YOR329W-A 1 7
YOR330C 9 23
YOR331C 0 0
YOR332W 0 0
YOR333C 1 1
YOR334W 8 16
YOR335C 13 65
YOR335W-A 0 0
YOR336W 29 119
YOR337W 33 257
YOR338W 24 224
YOR339C 1 4
YOR340C 3 5
YOR341W 8 11
YOR342C 12 50
YOR343C 36 1187
YOR344C 12 146
YOR345C 3 6
YOR346W 35 351
YOR347C 15 170
YOR348C 306 13657
YOR349W 72 843
YOR350C 35 484
YOR351C 29 238
YOR352W 10 49
YOR353C 17 140
YOR354C 23 62
YOR355W 14 71
YOR356W 40 300
YOR357C 10 497
YOR358W 13 60
YOR359W 18 100
YOR360C 9 24
YOR361C 9 41
YOR362C 3 47
YOR363C 30 301
YOR364W 26 267
YOR365C 42 310
YOR366W 2 47
YOR367W 3 3
YOR368W 16 170
YOR369C 10 24
YOR370C 16 140
YOR371C 32 228
YOR372C 10 40
YOR373W 16 115
YOR374W 36 872
YOR375C 28 516
YOR376W 23 411
YOR376W-A 0 0
YOR377W 27 386
YOR378W 26 459
YOR379C 19 380
YOR380W 35 470
YOR381W 14 145
YOR381W-A 3 39
YOR382W 3 5
YOR383C 10 61
YOR384W 36 226
YOR385W 15 127
YOR386W 7 64
YOR387C 1 1
YOR388C 0 0
YOR389W 2 2
YOR390W 5 78
YOR391C 5 93
YOR392W 19 189
YOR393W 0 0
YOR394W 0 0
YOR394C-A 1 5
YOR396W 0 0
YOR396C-A 0 0
YPL283C 0 0
YPL283W-B 0 0
YPL283W-A 0 0
YPL282C 0 0
YPL281C 0 0
YPL280W 0 0
YPL279C 0 0
YPL278C 0 0
YPL277C 13 167
YPL274W 64 1254
YPL273W 5 83
YPL272C 6 44
YPL271W 2 4
YPL270W 33 346
YPL269W 19 219
YPL268W 9 52
YPL267W 5 27
YPL266W 9 35
YPL265W 60 753
YPL264C 14 119
YPL263C 30 371
YPL262W 13 53
YPL261C 14 103
YPL260W 10 52
YPL259C 23 166
YPL258C 25 369
YPL257W 0 0
YPL256C 18 215
YPL255W 9 27
YPL254W 3 11
YPL253C 26 242
YPL252C 2 3
YPL251W 0 0
YPL250C 18 106
YPL249C-A 2 7
YPL250W-A 2 7
YPL249C 40 242
YPL248C 10 129
YPL247C 39 274
YPL246C 10 39
YPL245W 20 231
YPL244C 23 265
YPL243W 2 2
YPL242C 25 89
YPL241C 12 100
YPL240C 34 416
YPL239W 0 0
YPL238C 0 0
YPL237W 1 1
YPL236C 18 95
YPL235W 10 42
YPL234C 0 0
YPL233W 4 4
YPL232W 21 149
YPL231W 21 87
YPL230W 24 254
YPL229W 11 98
YPL228W 10 33
YPL227C 20 157
YPL226W 12 34
YPL225W 0 0
YPL224C 34 471
YPL223C 17 185
YPL222W 42 213
YPL222C-A 2 3
YPL221W 44 872
YPL220W 2 6
YPL219W 23 76
YPL218W 1 3
YPL217C 14 34
YPL216W 35 317
YPL215W 3 3
YPL214C 20 196
YPL213W 7 21
YPL212C 26 235
YPL211W 1 2
YPL210C 9 29
YPL209C 1 5
YPL208W 21 138
YPL207W 36 705
YPL206C 20 145
YPL205C 1 3
YPL204W 16 57
YPL203W 20 335
YPL202C 15 71
YPL201C 19 142
YPL200W 7 95
YPL199C 2 17
YPL198W 22 279
YPL197C 2 14
YPL196W 13 83
YPL195W 18 84
YPL194W 12 219
YPL193W 3 12
YPL192C 1 14
YPL191C 12 236
YPL190C 7 18
YPL189C-A 1 7
YPL189W 18 147
YPL188W 4 8
YPL187W 3 6
YPL186C 43 667
YPL185W 53 2327
YPL184C 22 138
YPL183W-A 0 0
YPL183C 23 91
YPL182C 18 345
YPL181W 29 198
YPL180W 23 156
YPL179W 24 232
YPL178W 2 10
YPL177C 17 259
YPL176C 38 147
YPL175W 15 47
YPL174C 5 9
YPL173W 2 8
YPL172C 1 1
YPL171C 42 592
YPL170W 18 404
YPL169C 2 4
YPL168W 13 238
YPL167C 24 373
YPL166W 12 48
YPL165C 7 42
YPL164C 32 258
YPL163C 7 59
YPL162C 22 235
YPL161C 4 6
YPL160W 8 73
YPL159C 4 19
YPL158C 19 109
YPL157W 28 282
YPL156C 26 254
YPL155C 66 1766
YPL154C 17 192
YPL153C 22 172
YPL152W-A 0 0
YPL152W 6 52
YPL151C 12 36
YPL150W 10 56
YPL149W 5 25
YPL148C 0 0
YPL147W 21 261
YPL146C 4 13
YPL145C 6 56
YPL144W 18 96
YPL143W 4 34
YPL142C 1 12
YPL141C 36 232
YPL140C 13 150
YPL139C 11 92
YPL138C 16 40
YPL137C 49 523
YPL136W 3 3
YPL135W 13 80
YPL135C-A 5 35
YPL134C 26 272
YPL133C 45 1526
YPL132W 4 11
YPL131W 6 7
YPL130W 4 11
YPL129W 1 4
YPL128C 5 17
YPL127C 9 58
YPL126W 7 51
YPL125W 26 240
YPL124W 12 98
YPL123C 7 92
YPL122C 5 12
YPL121C 6 44
YPL120W 10 38
YPL119C-A 1 30
YPL119C 19 488
YPL118W 0 0
YPL117C 7 27
YPL116W 22 371
YPL115C 25 214
YPL114W 6 58
YPL113C 13 167
YPL112C 2 3
YPL111W 94 3056
YPL110C 55 753
YPL109C 37 210
YPL108W 18 124
YPL107W 22 449
YPL106C 6 33
YPL105C 32 234
YPL104W 4 21
YPL103C 14 46
YPL102C 3 7
YPL101W 8 36
YPL100W 13 104
YPL099C 6 20
YPL098C 2 3
YPL097W 9 18
YPL096C-A 1 4
YPL096W 16 96
YPL095C 32 569
YPL094C 9 34
YPL093W 6 17
YPL092W 39 752
YPL091W 17 372
YPL090C 0 0
YPL089C 29 462
YPL088W 18 236
YPL087W 13 226
YPL086C 5 20
YPL085W 16 64
YPL084W 13 59
YPL083C 7 51
YPL082C 36 132
YPL081W 29 239
YPL080C 23 218
YPL079W 5 10
YPL078C 1 1
YPL077C 11 140
YPL076W 10 42
YPL075W 15 39
YPL074W 22 234
YPL073C 7 63
YPL072W 26 179
YPL071C 14 177
YPL070W 18 189
YPL069C 3 15
YPL068C 5 17
YPL067C 44 2910
YPL066W 33 254
YPL065W 4 16
YPL064C 20 143
YPL063W 8 42
YPL062W 47 1449
YPL061W 39 263
YPL060W 16 73
YPL059W 3 28
YPL058C 56 624
YPL057C 19 386
YPL056C 21 321
YPL055C 21 73
YPL054W 19 156
YPL053C 22 785
YPL052W 9 231
YPL051W 7 58
YPL050C 3 13
YPL049C 35 334
YPL048W 22 364
YPL047W 7 33
YPL046C 3 26
YPL045W 9 49
YPL044C 5 12
YPL043W 20 62
YPL042C 10 73
YPL041C 20 326
YPL040C 11 24
YPL039W 7 91
YPL038W-A 1 34
YPL038W 13 535
YPL037C 0 0
YPL036W 47 648
YPL035C 3 84
YPL034W 5 69
YPL033C 1 9
YPL032C 18 199
YPL031C 1 9
YPL030W 27 184
YPL029W 11 54
YPL028W 0 0
YPL027W 8 111
YPL026C 29 320
YPL025C 27 462
YPL024W 2 2
YPL023C 10 97
YPL022W 23 165
YPL021W 9 109
YPL020C 9 29
YPL019C 38 246
YPL018W 15 91
YPL017C 43 684
YPL016W 24 74
YPL015C 71 1048
YPL014W 30 389
YPL013C 2 6
YPL012W 19 61
YPL011C 15 80
YPL010W 6 17
YPL009C 24 206
YPL008W 21 133
YPL007C 1 2
YPL006W 54 643
YPL005W 1 1
YPL004C 19 150
YPL003W 58 880
YPL002C 18 77
YPL001W 45 445
YPR001W 116 2960
YPR002W 72 1267
YPR002C-A 2 4
YPR003C 37 214
YPR004C 10 42
YPR005C 15 270
YPR006C 40 487
YPR007C 38 420
YPR008W 47 501
YPR009W 7 51
YPR010C 14 65
YPR010C-A 5 40
YPR011C 45 616
YPR012W 4 45
YPR013C 11 116
YPR014C 9 101
YPR015C 35 436
YPR016C 3 8
YPR016W-A 4 43
YPR017C 5 57
YPR018W 15 49
YPR019W 26 76
YPR020W 2 7
YPR021C 24 166
YPR022C 41 494
YPR023C 23 101
YPR024W 5 10
YPR025C 4 17
YPR026W 60 525
YPR027C 2 15
YPR028W 7 46
YPR029C 21 117
YPR030W 52 579
YPR031W 33 444
YPR032W 13 77
YPR033C 11 37
YPR034W 7 21
YPR035W 14 35
YPR036W 13 124
YPR036W-A 9 85
YPR037C 25 644
YPR038W 17 331
YPR039W 32 966
YPR040W 30 378
YPR041W 6 23
YPR042C 21 151
YPR043W 2 3
YPR044C 0 0
YPR045C 12 144
YPR046W 5 120
YPR047W 10 25
YPR048W 6 27
YPR049C 29 216
YPR050C 12 68
YPR051W 19 106
YPR052C 6 63
YPR053C 18 384
YPR054W 17 322
YPR055W 15 159
YPR056W 3 4
YPR057W 15 50
YPR058W 10 168
YPR059C 2 27
YPR060C 3 11
YPR061C 16 184
YPR062W 16 201
YPR063C 4 71
YPR064W 24 471
YPR065W 17 203
YPR066W 15 158
YPR067W 7 25
YPR068C 32 298
YPR069C 7 136
YPR070W 13 107
YPR071W 9 91
YPR072W 8 31
YPR073C 13 90
YPR074C 27 101
YPR074W-A 20 324
YPR075C 9 73
YPR076W 1 1
YPR077C 18 407
YPR078C 33 505
YPR079W 29 547
YPR080W 3 12
YPR081C 37 267
YPR082C 7 22
YPR083W 31 276
YPR084W 14 138
YPR085C 0 0
YPR086W 8 31
YPR087W 6 118
YPR088C 6 38
YPR089W 24 118
YPR091C 13 61
YPR092W 17 330
YPR093C 17 177
YPR094W 3 9
YPR095C 29 143
YPR096C 13 171
YPR097W 44 971
YPR098C 14 173
YPR099C 0 0
YPR100W 0 0
YPR101W 1 7
YPR102C 0 0
YPR103W 11 83
YPR104C 7 111
YPR105C 11 26
YPR106W 18 58
YPR107C 3 7
YPR108W 12 52
YPR108W-A 9 712
YPR109W 22 305
YPR110C 4 9
YPR111W 35 445
YPR112C 5 7
YPR113W 0 0
YPR114W 21 295
YPR115W 37 222
YPR116W 5 10
YPR117W 73 566
YPR118W 13 120
YPR119W 11 117
YPR120C 29 268
YPR121W 22 277
YPR122W 85 1826
YPR123C 8 168
YPR124W 26 295
YPR125W 15 146
YPR126C 4 55
YPR127W 20 648
YPR128C 16 372
YPR129W 7 41
YPR130C 5 16
YPR131C 5 18
YPR132W 2 7
YPR133C 7 14
YPR133W-A 0 0
YPR134W 3 25
YPR135W 20 69
YPR136C 4 15
YPR137W 7 23
YPR138C 35 288
YPR139C 2 4
YPR140W 18 170
YPR141C 19 57
YPR142C 0 0
YPR143W 0 0
YPR144C 10 59
YPR145W 66 1309
YPR145C-A 9 71
YPR146C 15 170
YPR147C 16 404
YPR148C 18 330
YPR149W 17 468
YPR150W 28 675
YPR151C 26 574
YPR152C 74 992
YPR153W 22 220
YPR154W 4 15
YPR155C 32 216
YPR156C 21 264
YPR157W 38 451
YPR158W 22 352
YPR159W 10 43
YPR159C-A 3 7
YPR160W 52 612
YPR160W-A 1 28
YPR160C-A 4 55
YPR161C 13 57
YPR162C 5 9
YPR163C 7 27
YPR164W 32 142
YPR165W 0 0
YPR166C 1 1
YPR167C 9 53
YPR168W 8 258
YPR169W 24 131
YPR170C 21 376
YPR169W-A 2 14
YPR170W-B 12 204
YPR170W-A 9 183
YPR171W 19 286
YPR172W 6 41
YPR173C 2 14
YPR174C 10 54
YPR175W 12 39
YPR176C 3 10
YPR177C 6 17
YPR178W 15 62
YPR179C 27 156
YPR180W 2 8
YPR181C 21 74
YPR182W 0 0
YPR183W 6 19
YPR184W 65 495
YPR185W 32 184
YPR186C 6 23
YPR187W 0 0
YPR188C 2 42
YPR189W 27 104
YPR190C 17 57
YPR191W 1 1
YPR192W 52 1155
YPR193C 26 339
YPR194C 33 348
YPR195C 52 1626
YPR196W 19 618
YPR197C 6 25
YPR198W 13 71
YPR199C 17 183
YPR200C 2 12
YPR201W 36 629
YPR202W 3 7
YPR203W 0 0
YPR204W 0 0
YPR204C-A 0 0
