YAL069W 8 294
YAL068W-A 13 923
YAL068C 0 0
YAL067W-A 8 1557
YAL067C 4 26
YAL066W 1 42
YAL065C 2 2
YAL064W-B 2 2
YAL064C-A 4 160
YAL064W 1 6
YAL063C-A 0 0
YAL063C 2 10
YAL062W 17 2327
YAL061W 2 3
YAL060W 1 22
YAL059C-A 2 56
YAL059W 7 311
YAL058W 6 38
YAL056C-A 8 11552
YAL056W 8 223
YAL055W 2 13
YAL054C 4 17
YAL053W 1 1
YAL051W 2 264
YAL049C 1 7
YAL048C 5 43
YAL047W-A 2 16
YAL047C 2 51
YAL046C 5 730
YAL045C 5 244
YAL044W-A 5 753
YAL044C 8 5490
YAL043C 9 1193
YAL042C-A 3 10
YAL042W 8 4508
YAL041W 0 0
YAL040C 1 10
YAL039C 14 2734
YAL038W 2 2
YAL037C-B 1 2
YAL037C-A 2 75
YAL037W 0 0
YAL036C 0 0
YAL035W 2 4
YAL034C-B 3 118
YAL034W-A 6 155
YAL034C 3 100
YAL033W 2 4
YAL032C 5 208
YAL031W-A 1 8
YAL031C 3 84
YAL030W 5 486
YAL029C 0 0
YAL028W 0 0
YAL027W 2 22
YAL026C-A 0 0
YAL026C 0 0
YAL025C 3 767
YAL024C 1 2
YAL023C 0 0
YAL022C 1 4
YAL021C 2 3
YAL020C 9 241
YAL019W-A 4 25
YAL019W 3 148
YAL018C 0 0
YAL017W 2 20
YAL016C-B 4 81
YAL016C-A 2 3
YAL016W 1 46
YAL015C 7 684
YAL014C 7 186
YAL013W 2 31
YAL012W 11 896
YAL011W 9 1042
YAL010C 1 7
YAL009W 4 235
YAL008W 2 45
YAL007C 2 267
YAL005C 4 406
YAL004W 0 0
YAL003W 6 899
YAL002W 6 981
YAL001C 4 103
YAR002W 9 1201
YAR002C-A 7 590
YAR003W 4 167
YAR007C 2 99
YAR008W 1 110
YAR014C 10 34120
YAR015W 4 66
YAR018C 4 67
YAR019C 2 29
YAR019W-A 0 0
YAR020C 0 0
YAR023C 1 6
YAR027W 1 32
YAR028W 6 395
YAR029W 2 136
YAR030C 1 1
YAR031W 2 37
YAR033W 1 16
YAR035W 13 1442
YAR035C-A 11 101769
YAR042W 3 402
YAR047C 0 0
YAR050W 0 0
YAR053W 0 0
YAR060C 0 0
YAR064W 0 0
YAR066W 0 0
YAR068W 0 0
YAR069C 0 0
YAR070C 0 0
YAR071W 0 0
YAR073W 0 0
YAR075W 3 12
YBL113C 0 0
YBL113W-A 0 0
YBL112C 0 0
YBL111C 0 0
YBL109W 0 0
YBL108C-A 0 0
YBL108W 0 0
YBL107W-A 0 0
YBL107C 9 326
YBL106C 4 67
YBL105C 0 0
YBL104C 8 2920
YBL103C 1 1
YBL102W 1 5
YBL101C 8 93
YBL100W-C 8 46
YBL100C 1 6
YBL099W 0 0
YBL098W 1 8
YBL097W 1 20
YBL096C 2 19
YBL095W 6 102
YBL094C 3 43
YBL093C 4 24
YBL092W 0 0
YBL091C-A 5 879
YBL091C 3 6
YBL090W 0 0
YBL089W 2 4
YBL088C 0 0
YBL087C 4 309
YBL086C 0 0
YBL085W 0 0
YBL084C 1 6
YBL083C 2 168
YBL082C 4 76
YBL081W 1 45
YBL080C 1 20
YBL079W 0 0
YBL078C 2 40
YBL077W 4 14
YBL076C 2 25
YBL075C 7 113
YBL074C 4 18
YBL073W 0 0
YBL072C 2 7
YBL071C-B 3 16
YBL071W-A 5 25
YBL071C 6 74
YBL070C 4 149
YBL069W 3 39
YBL068W-A 4 292
YBL068W 1 1
YBL067C 1 38
YBL066C 7 44
YBL065W 0 0
YBL064C 2 84
YBL063W 2 4
YBL062W 2 19
YBL061C 0 0
YBL060W 9 5898
YBL059C-A 3 40
YBL059W 2 11
YBL058W 9 119
YBL057C 7 964
YBL056W 1 3
YBL055C 6 166
YBL054W 3 249
YBL053W 6 86
YBL052C 1 16
YBL051C 0 0
YBL050W 1 3
YBL049W 0 0
YBL048W 0 0
YBL047C 4 257
YBL046W 9 193
YBL045C 1 95
YBL044W 4 99
YBL043W 3 11
YBL042C 3 34
YBL041W 2 8
YBL040C 2 39
YBL039W-B 1 3
YBL039C 1 4
YBL039C-A 0 0
YBL038W 3 25
YBL037W 3 48
YBL036C 8 124
YBL035C 0 0
YBL034C 1 3
YBL033C 3 20
YBL032W 7 138
YBL031W 3 41
YBL030C 2 39
YBL029C-A 1 1
YBL029W 3 120
YBL028C 7 1883
YBL027W 1 6
YBL026W 0 0
YBL025W 1 10
YBL024W 4 91
YBL023C 1 2
YBL022C 1 5
YBL021C 9 2411
YBL020W 1 34
YBL019W 2 7
YBL018C 2 154
YBL017C 1 16
YBL016W 4 258
YBL015W 8 116
YBL014C 2 10
YBL013W 6 242
YBL012C 2 3
YBL011W 0 0
YBL010C 5 27
YBL009W 2 17
YBL008W-A 1 87
YBL008W 0 0
YBL007C 4 116
YBL006C 7 1149
YBL006W-A 1 2
YBL005W 1 1
YBL004W 2 70
YBL003C 4 9
YBL002W 7 969
YBL001C 6 232
YBR001C 4 68
YBR002C 1 20
YBR003W 2 40
YBR004C 5 23
YBR005W 1 39
YBR006W 2 12
YBR007C 5 17
YBR008C 1 41
YBR009C 4 37
YBR010W 4 41
YBR011C 2 68
YBR012C 0 0
YBR013C 0 0
YBR014C 0 0
YBR015C 0 0
YBR016W 1 22
YBR017C 1 3
YBR018C 1 2
YBR019C 0 0
YBR020W 4 22
YBR021W 0 0
YBR022W 1 1
YBR023C 3 28
YBR024W 4 39
YBR025C 3 7
YBR026C 5 86
YBR027C 0 0
YBR028C 0 0
YBR029C 2 20
YBR030W 2 6
YBR031W 3 17
YBR032W 6 39
YBR033W 4 33
YBR034C 5 710
YBR035C 3 39
YBR036C 3 67
YBR037C 7 245
YBR038W 3 5
YBR039W 0 0
YBR040W 0 0
YBR041W 2 133
YBR042C 2 11
YBR043C 0 0
YBR044C 0 0
YBR045C 0 0
YBR046C 2 32
YBR047W 7 214
YBR048W 2 28
YBR049C 10 2587
YBR050C 4 1269
YBR051W 0 0
YBR052C 5 125
YBR053C 11 579
YBR054W 0 0
YBR055C 8 171
YBR056W 3 11
YBR056W-A 1 13
YBR056C-B 2 46
YBR057C 0 0
YBR058C 4 114
YBR058C-A 2 31
YBR059C 0 0
YBR060C 3 63
YBR061C 4 348
YBR062C 6 91
YBR063C 1 42
YBR064W 0 0
YBR065C 2 4
YBR066C 0 0
YBR067C 2 3
YBR068C 2 137
YBR069C 4 183
YBR070C 6 77
YBR071W 7 4011
YBR072W 2 59
YBR072C-A 3 30
YBR073W 5 37
YBR074W 3 90
YBR076W 0 0
YBR076C-A 4 67
YBR077C 0 0
YBR078W 5 186
YBR079C 8 1258
YBR080C 0 0
YBR081C 2 37
YBR082C 4 262
YBR083W 3 16
YBR084W 1 1
YBR084C-A 3 19
YBR085W 1 1
YBR085C-A 6 76
YBR086C 1 10
YBR087W 3 76
YBR088C 0 0
YBR089W 1 57
YBR089C-A 8 140
YBR090C 9 605
YBR091C 3 116
YBR092C 0 0
YBR093C 2 14
YBR094W 1 6
YBR095C 10 243
YBR096W 1 2
YBR097W 2 68
YBR098W 6 1226
YBR099C 4 40
YBR101C 3 57
YBR102C 3 528
YBR103W 3 199
YBR103C-A 6 83
YBR104W 1 1
YBR105C 3 58
YBR106W 4 72
YBR107C 5 299
YBR108W 5 1119
YBR109C 4 111
YBR109W-A 2 7
YBR110W 0 0
YBR111C 3 240
YBR111W-A 4 57
YBR112C 0 0
YBR113W 0 0
YBR114W 5 157
YBR115C 0 0
YBR116C 5 781
YBR117C 4 58
YBR118W 4 34
YBR119W 3 70
YBR120C 2 498
YBR121C 1 8
YBR121C-A 0 0
YBR122C 8 249
YBR123C 3 16
YBR124W 1 1
YBR125C 2 34
YBR126C 5 75
YBR126W-A 9 1588
YBR126W-B 6 325
YBR127C 1 2
YBR128C 5 208
YBR129C 8 90
YBR130C 1 2
YBR131W 2 66
YBR131C-A 0 0
YBR132C 4 152
YBR133C 4 18
YBR134W 1 48
YBR135W 2 67
YBR136W 2 2
YBR137W 0 0
YBR138C 0 0
YBR139W 7 600
YBR140C 3 50
YBR141C 1 2
YBR141W-A 5 168
YBR142W 1 4
YBR143C 4 91
YBR144C 9 391
YBR145W 3 7
YBR146W 0 0
YBR147W 1 7
YBR148W 1 2
YBR149W 13 453
YBR150C 4 107
YBR151W 6 97
YBR152W 2 3
YBR153W 4 26
YBR154C 3 112
YBR155W 2 452
YBR156C 2 30
YBR157C 3 19
YBR158W 0 0
YBR159W 3 89
YBR160W 0 0
YBR161W 0 0
YBR162C 5 285
YBR162W-A 9 280
YBR163W 3 20
YBR164C 0 0
YBR165W 0 0
YBR166C 2 6
YBR167C 3 15
YBR168W 4 148
YBR169C 1 1
YBR170C 3 6
YBR171W 1 83
YBR172C 1 19
YBR173C 8 116
YBR174C 5 537
YBR175W 5 935
YBR176W 1 8
YBR177C 1 34
YBR178W 1 3
YBR179C 2 12
YBR180W 4 28
YBR181C 3 122
YBR182C 1 70
YBR182C-A 6 369
YBR183W 5 60
YBR184W 0 0
YBR185C 0 0
YBR186W 1 2
YBR187W 4 93
YBR188C 1 10
YBR189W 1 6
YBR190W 4 299
YBR191W 0 0
YBR191W-A 0 0
YBR192W 1 2
YBR193C 1 6
YBR194W 0 0
YBR195C 1 17
YBR196C 0 0
YBR196C-A 4 105
YBR196C-B 4 76
YBR197C 6 261
YBR198C 1 20
YBR199W 4 28
YBR200W 0 0
YBR200W-A 2 2
YBR201W 1 11
YBR201C-A 3 132
YBR202W 0 0
YBR203W 5 16
YBR204C 8 453
YBR205W 3 26
YBR206W 3 201
YBR207W 2 26
YBR208C 0 0
YBR209W 2 54
YBR210W 4 527
YBR211C 1 2
YBR212W 2 12
YBR213W 5 44
YBR214W 1 1
YBR215W 9 5570
YBR216C 3 323
YBR217W 6 191
YBR218C 3 72
YBR219C 4 374
YBR220C 3 24
YBR221C 0 0
YBR221W-A 9 229
YBR222C 2 107
YBR223C 3 6
YBR223W-A 3 18
YBR224W 0 0
YBR225W 0 0
YBR226C 2 23
YBR227C 2 72
YBR228W 3 73
YBR229C 5 350
YBR230C 5 248
YBR230W-A 11 124
YBR231C 3 39
YBR232C 2 7
YBR233W 1 1
YBR233W-A 7 144
YBR234C 1 134
YBR235W 1 34
YBR236C 2 11
YBR237W 3 74
YBR238C 2 12
YBR239C 1 4
YBR240C 4 24
YBR241C 0 0
YBR242W 1 1
YBR243C 2 930
YBR244W 0 0
YBR245C 1 97
YBR246W 3 231
YBR247C 1 4
YBR248C 1 1
YBR249C 3 4
YBR250W 0 0
YBR251W 3 319
YBR252W 2 10
YBR253W 5 1001
YBR254C 5 946
YBR255W 6 76
YBR255C-A 16 443
YBR256C 10 185
YBR257W 1 128
YBR258C 7 175
YBR259W 2 209
YBR260C 9 405
YBR261C 7 261
YBR262C 3 99
YBR263W 4 1126
YBR264C 2 7
YBR265W 3 57
YBR267W 2 13
YBR266C 5 73
YBR268W 9 181
YBR269C 9 137
YBR270C 2 8
YBR271W 0 0
YBR272C 6 10148
YBR273C 5 434
YBR274W 0 0
YBR275C 0 0
YBR276C 0 0
YBR277C 3 172
YBR278W 2 9
YBR279W 2 3
YBR280C 2 16
YBR281C 5 104
YBR282W 2 879
YBR283C 2 19
YBR284W 7 648
YBR285W 5 44
YBR286W 3 10
YBR287W 1 6
YBR288C 4 34
YBR289W 1 1
YBR290W 3 7
YBR291C 0 0
YBR292C 2 16
YBR293W 4 71
YBR294W 0 0
YBR295W 6 72
YBR296C 2 65
YBR296C-A 5 24
YBR297W 3 283
YBR298C 1 1
YBR298C-A 0 0
YBR299W 0 0
YBR300C 0 0
YBR301W 0 0
YBR302C 0 0
YCL076W 0 0
YCL073C 0 0
YCL069W 0 0
YCL068C 0 0
YCL067C 0 0
YCL066W 0 0
YCL065W 0 0
YCL064C 6 389
YCL063W 6 109
YCL061C 3 345
YCL059C 5 183
YCL058C 7 297
YCL058W-A 3 112
YCL057C-A 12 4128
YCL057W 5 2523
YCL056C 2 12
YCL055W 3 105
YCL054W 2 90
YCL052C 1 9
YCL051W 1 14
YCL050C 2 29
YCL049C 9 634
YCL048W-A 1 4
YCL048W 0 0
YCL047C 4 34
YCL045C 0 0
YCL046W 0 0
YCL044C 7 236
YCL043C 2 19
YCL041C 4 611
YCL042W 3 4
YCL040W 4 58
YCL039W 2 17
YCL038C 3 137
YCL037C 4 53
YCL036W 10 115
YCL035C 1 10
YCL034W 9 563
YCL033C 1 41
YCL032W 0 0
YCL031C 4 45
YCL030C 6 348
YCL029C 4 114
YCL028W 5 175
YCL027W 0 0
YCL026C-B 3 109
YCL026C-A 1 1
YCL025C 3 221
YCL023C 1 2
YCL024W 4 24
YCL022C 2 18
YCL021W-A 1 33
YCL018W 4 8943
YCL017C 0 0
YCL016C 3 14
YCL014W 3 143
YCL012C 2 80
YCL011C 3 35
YCL010C 13 2791
YCL009C 7 548
YCL008C 8 1106
YCL007C 1 6
YCL005W-A 6 55
YCL005W 7 176
YCL004W 4 430
YCL002C 3 467
YCL001W 6 331
YCL001W-A 0 0
YCL001W-B 0 0
YCR001W 3 38
YCR002C 2 44
YCR003W 11 589
YCR004C 0 0
YCR005C 4 23
YCR006C 8 301
YCR007C 2 283
YCR008W 0 0
YCR009C 0 0
YCR010C 1 1
YCR011C 1 106
YCR012W 6 148
YCR013C 3 853
YCR014C 6 42
YCR015C 1 31
YCR016W 6 89
YCR017C 2 470
YCR018C 0 0
YCR018C-A 8 103
YCR019W 3 49
YCR020C 0 0
YCR020C-A 7 1449
YCR020W-B 5 1201
YCR021C 1 90
YCR022C 9 184
YCR023C 2 31
YCR024C 1 2
YCR024C-B 1 21
YCR024C-A 1 3
YCR025C 10 2251
YCR026C 2 210
YCR027C 4 329
YCR028C 2 22
YCR028C-A 1 82
YCR030C 2 5
YCR031C 4 39
YCR032W 1 1
YCR033W 1 3
YCR034W 1 32
YCR035C 2 192
YCR036W 10 1153
YCR037C 1 38
YCR038C 0 0
YCR038W-A 0 0
YCR039C 0 0
YCR040W 0 0
YCR041W 0 0
YCR042C 1 1
YCR043C 6 579
YCR044C 5 1216
YCR045C 3 243
YCR045W-A 0 0
YCR046C 5 3490
YCR047C 0 0
YCR047W-A 1 3
YCR049C 5 828
YCR048W 2 18
YCR050C 1 1
YCR051W 4 190
YCR052W 9 204
YCR053W 4 319
YCR054C 0 0
YCR057C 0 0
YCR059C 18 4947
YCR060W 14 4386
YCR061W 8 188
YCR064C 6 291
YCR063W 7 1152
YCR065W 0 0
YCR066W 3 200
YCR067C 0 0
YCR068W 3 126
YCR069W 0 0
YCR071C 2 49
YCR072C 5 149
YCR073C 1 71
YCR073W-A 2 28
YCR075C 3 262
YCR075W-A 6 373
YCR076C 7 162
YCR077C 7 1262
YCR079W 3 93
YCR081W 2 30
YCR081C-A 11 9890
YCR082W 4 337
YCR083W 10 122
YCR084C 0 0
YCR085W 0 0
YCR086W 1 1
YCR087W 0 0
YCR087C-A 3 85
YCR088W 9 1656
YCR089W 0 0
YCR090C 1 4
YCR091W 3 131
YCR092C 3 147
YCR093W 6 138
YCR094W 1 2
YCR095C 4 47
YCR095W-A 3 21
YCR096C 0 0
YCR097W 2 3
YCR097W-A 0 0
YCR098C 1 3
YCR099C 0 0
YCR100C 2 5
YCR101C 1 97
YCR102C 3 27
YCR102W-A 0 0
YCR104W 0 0
YCR105W 0 0
YCR106W 9 329
YCR107W 1 27
YCR108C 10 599
YDL248W 2 180
YDL247W-A 0 0
YDL247W 0 0
YDL246C 0 0
YDL245C 0 0
YDL244W 0 0
YDL243C 3 22
YDL242W 4 15
YDL241W 2 3
YDL240C-A 2 37
YDL240W 5 247
YDL239C 1 3
YDL238C 2 2
YDL237W 3 65
YDL236W 1 2
YDL235C 1 1
YDL234C 3 232
YDL233W 1 31
YDL232W 7 371
YDL231C 1 29
YDL230W 3 79
YDL229W 4 186
YDL228C 5 15
YDL227C 2 26
YDL226C 9 145
YDL225W 5 790
YDL224C 1 8
YDL223C 1 36
YDL222C 2 131
YDL221W 3 12
YDL220C 3 6
YDL219W 3 191
YDL218W 2 47
YDL217C 6 114
YDL216C 7 38
YDL215C 4 94
YDL214C 0 0
YDL213C 3 97
YDL212W 2 52
YDL211C 2 8
YDL210W 1 1
YDL209C 6 341
YDL208W 4 171
YDL207W 3 3
YDL206W 2 133
YDL205C 3 37
YDL204W 6 271
YDL203C 1 1
YDL202W 3 124
YDL201W 1 44
YDL200C 11 1604
YDL199C 6 70
YDL198C 4 215
YDL197C 4 175
YDL196W 12 610
YDL195W 2 38
YDL194W 0 0
YDL193W 1 1
YDL192W 3 74
YDL191W 0 0
YDL190C 2 28
YDL189W 0 0
YDL188C 6 50
YDL187C 2 11
YDL186W 1 14
YDL185C-A 0 0
YDL185W 1 21
YDL184C 8 139
YDL183C 1 3
YDL182W 5 190
YDL181W 0 0
YDL180W 1 1
YDL179W 0 0
YDL178W 1 12
YDL177C 3 70
YDL176W 1 1
YDL175C 6 674
YDL174C 11 464
YDL173W 9 120
YDL172C 2 48
YDL171C 1 21
YDL170W 10 453
YDL169C 3 365
YDL168W 3 80
YDL167C 1 9
YDL166C 3 5
YDL165W 2 84
YDL164C 1 2
YDL163W 0 0
YDL162C 1 10
YDL161W 4 90
YDL160C-A 2 2
YDL160C 0 0
YDL159W-A 0 0
YDL159W 6 264
YDL159C-B 0 0
YDL158C 0 0
YDL157C 10 2835
YDL156W 2 9
YDL155W 0 0
YDL154W 0 0
YDL153C 2 4
YDL152W 1 1
YDL151C 0 0
YDL150W 0 0
YDL149W 2 27
YDL148C 3 65
YDL147W 5 43
YDL146W 0 0
YDL145C 1 4
YDL144C 3 133
YDL143W 3 14
YDL142C 3 19
YDL141W 2 36
YDL140C 0 0
YDL139C 3 63
YDL138W 2 49
YDL137W 2 98
YDL136W 7 553
YDL135C 2 17
YDL134C 2 9
YDL133C-A 4 20
YDL133W 1 272
YDL132W 0 0
YDL131W 3 97
YDL130W-A 7 385
YDL130W 0 0
YDL129W 0 0
YDL128W 2 65
YDL127W 2 49
YDL126C 4 291
YDL125C 3 10
YDL124W 12 3051
YDL123W 6 7450
YDL122W 1 27
YDL121C 8 163
YDL120W 0 0
YDL119C 1 20
YDL118W 1 9
YDL117W 2 24
YDL116W 2 16
YDL115C 2 10
YDL114W-A 1 2
YDL114W 1 2
YDL113C 2 2
YDL112W 0 0
YDL111C 4 137
YDL110C 6 452
YDL109C 1 10
YDL108W 1 13
YDL107W 0 0
YDL106C 3 18
YDL105W 3 64
YDL104C 3 46
YDL103C 7 77
YDL102W 3 44
YDL101C 3 124
YDL100C 6 1439
YDL099W 2 122
YDL098C 5 113
YDL097C 1 24
YDL096C 2 156
YDL095W 0 0
YDL094C 1 53
YDL093W 5 990
YDL092W 10 1885
YDL091C 1 1
YDL090C 4 898
YDL089W 1 42
YDL088C 3 140
YDL087C 4 42
YDL086W 5 117
YDL086C-A 0 0
YDL085C-A 4 46
YDL085W 6 37
YDL084W 0 0
YDL083C 3 113
YDL082W 2 39
YDL081C 0 0
YDL080C 3 99
YDL079C 6 95
YDL078C 4 63
YDL077C 2 49
YDL076C 1 29
YDL075W 1 4
YDL074C 4 11
YDL073W 4 111
YDL072C 5 365
YDL071C 0 0
YDL070W 4 51
YDL069C 0 0
YDL068W 0 0
YDL067C 3 80
YDL066W 7 241
YDL065C 6 67
YDL064W 3 50
YDL063C 1 74
YDL062W 2 80
YDL061C 4 18
YDL060W 5 254
YDL059C 0 0
YDL058W 4 1189
YDL057W 5 116
YDL056W 0 0
YDL055C 0 0
YDL054C 2 5
YDL053C 3 35
YDL052C 2 10
YDL051W 2 4
YDL050C 2 3
YDL049C 4 35
YDL048C 8 187
YDL047W 1 3
YDL046W 1 63
YDL045W-A 5 74
YDL045C 0 0
YDL044C 5 306
YDL043C 1 7
YDL042C 12 718
YDL041W 2 36
YDL040C 3 33065
YDL039C 4 157
YDL037C 4 156
YDL036C 2 22
YDL035C 2 55
YDL034W 4 125
YDL033C 1 1
YDL032W 2 60
YDL031W 3 42
YDL030W 1 26
YDL029W 3 146
YDL028C 6 237
YDL027C 3 26
YDL026W 1 4
YDL025C 3 74
YDL025W-A 0 0
YDL024C 2 95
YDL022C-A 1 37
YDL023C 2 3
YDL022W 3 184
YDL021W 2 209
YDL020C 1 13
YDL019C 0 0
YDL018C 2 29
YDL017W 1 5
YDL016C 3 96
YDL015C 1 2
YDL014W 0 0
YDL013W 0 0
YDL012C 10 702
YDL011C 0 0
YDL010W 7 198
YDL009C 0 0
YDL008W 5 125
YDL007C-A 1 9
YDL007W 4 67
YDL006W 0 0
YDL005C 0 0
YDL004W 3 39
YDL003W 0 0
YDL002C 0 0
YDL001W 3 35
YDR001C 3 196
YDR002W 2 13
YDR003W 5 83
YDR003W-A 2 35
YDR004W 3 93
YDR005C 2 5
YDR006C 1 22
YDR007W 6 215
YDR008C 6 240
YDR009W 7 1848
YDR010C 4 12
YDR011W 1 46
YDR012W 1 6
YDR013W 3 14
YDR014W 0 0
YDR014W-A 5 59
YDR015C 0 0
YDR016C 6 135
YDR017C 2 23
YDR018C 7 156
YDR019C 3 1346
YDR020C 0 0
YDR021W 0 0
YDR022C 11 4500
YDR023W 5 78
YDR024W 0 0
YDR025W 1 2
YDR026C 4 70
YDR027C 0 0
YDR028C 0 0
YDR029W 0 0
YDR030C 7 822
YDR031W 7 132
YDR032C 0 0
YDR033W 0 0
YDR034C 1 227
YDR034C-A 4 49
YDR034W-B 1 21
YDR035W 5 158
YDR036C 3 17
YDR037W 0 0
YDR038C 0 0
YDR039C 0 0
YDR040C 2 6
YDR041W 4 31
YDR042C 1 4
YDR043C 0 0
YDR044W 2 3
YDR045C 3 47
YDR046C 2 197
YDR047W 2 23
YDR048C 3 173
YDR049W 9 548
YDR050C 3 18
YDR051C 3 14
YDR052C 1 2
YDR053W 1 1
YDR054C 1 2
YDR055W 3 361
YDR056C 2 6
YDR057W 4 68
YDR058C 4 33
YDR059C 6 473
YDR060W 3 104
YDR061W 0 0
YDR062W 1 8
YDR063W 2 22
YDR064W 1 1
YDR065W 2 18
YDR066C 1 2
YDR067C 4 31
YDR068W 2 66
YDR069C 6 536
YDR070C 4 44
YDR071C 2 2
YDR072C 1 20
YDR073W 2 5
YDR074W 2 42
YDR075W 4 256
YDR076W 3 23
YDR077W 1 8
YDR078C 4 43
YDR079W 1 6
YDR079C-A 6 241
YDR080W 3 101
YDR081C 0 0
YDR082W 3 44
YDR083W 3 55
YDR084C 4 117
YDR085C 2 9
YDR086C 2 4
YDR087C 8 420
YDR088C 1 1
YDR089W 3 12
YDR090C 0 0
YDR091C 1 4
YDR092W 1 5
YDR093W 1 12
YDR094W 14 2752
YDR095C 4 27
YDR096W 0 0
YDR097C 0 0
YDR098C 14 341
YDR099W 5 51
YDR100W 5 420
YDR101C 3 11
YDR102C 1 7
YDR103W 0 0
YDR104C 2 7
YDR105C 1 2176
YDR106W 2 2580
YDR107C 1 4
YDR108W 1 45
YDR109C 9 1009
YDR110W 4 63
YDR111C 6 118
YDR112W 1 1
YDR113C 0 0
YDR114C 4 154
YDR115W 5 71
YDR116C 2 27
YDR117C 1 8
YDR118W 2 22
YDR118W-A 0 0
YDR119W 0 0
YDR119W-A 4 183
YDR120C 9 240
YDR121W 1 1
YDR122W 1 22
YDR123C 5 31
YDR124W 7 4591
YDR125C 2 61
YDR126W 6 137
YDR127W 6 73
YDR128W 1 7
YDR129C 2 31
YDR130C 6 58
YDR131C 1 9
YDR132C 2 120
YDR133C 3 65
YDR135C 3 67
YDR136C 1 4
YDR137W 2 45
YDR138W 3 72
YDR139C 1 6
YDR140W 7 85
YDR141C 9 109
YDR142C 7 69
YDR143C 0 0
YDR144C 0 0
YDR145W 10 281
YDR146C 0 0
YDR147W 5 219
YDR148C 3 8
YDR149C 2 44
YDR150W 2 4
YDR151C 4 40
YDR152W 1 13
YDR153C 4 76
YDR154C 2 10
YDR155C 2 821
YDR156W 3 2863
YDR157W 3 311
YDR158W 4 255
YDR159W 0 0
YDR160W 0 0
YDR161W 2 45
YDR162C 0 0
YDR163W 0 0
YDR164C 2 28
YDR165W 1 4
YDR166C 1 9
YDR167W 0 0
YDR168W 5 440
YDR169C 2 87
YDR169C-A 6 119
YDR170C 0 0
YDR171W 3 18
YDR172W 4 77
YDR173C 4 36
YDR174W 6 100
YDR175C 4 143
YDR176W 5 72
YDR177W 4 52
YDR178W 5 121
YDR179C 3 63
YDR179W-A 0 0
YDR180W 1 1
YDR181C 1 5
YDR182W 5 14
YDR182W-A 3 632
YDR183W 1 8
YDR183C-A 0 0
YDR184C 5 132
YDR185C 0 0
YDR186C 8 664
YDR187C 6 150
YDR188W 6 806
YDR189W 4 107
YDR190C 1 31
YDR191W 2 3
YDR192C 2 39
YDR193W 0 0
YDR194C 3 343
YDR194W-A 4 347
YDR195W 1 2
YDR196C 2 258
YDR197W 1 2
YDR198C 7 1266
YDR199W 6 125
YDR200C 2 14
YDR201W 12 464
YDR202C 5 68
YDR203W 2 110
YDR204W 2 94
YDR205W 5 79
YDR206W 0 0
YDR207C 1 12
YDR208W 5 47
YDR209C 0 0
YDR210W 2 13
YDR211W 4 14
YDR212W 0 0
YDR213W 1 103
YDR214W 1 2
YDR215C 2 35
YDR216W 1 2
YDR217C 5 123
YDR218C 4 26
YDR219C 0 0
YDR220C 0 0
YDR221W 1 1
YDR222W 1 1
YDR223W 0 0
YDR224C 7 400
YDR225W 5 132
YDR226W 1 1
YDR227W 0 0
YDR228C 1 16
YDR229W 5 100
YDR230W 0 0
YDR231C 12 929
YDR232W 6 64
YDR233C 9 307
YDR234W 3 18
YDR235W 0 0
YDR236C 3 268
YDR237W 2 60
YDR238C 1 8
YDR239C 0 0
YDR240C 8 418
YDR241W 0 0
YDR242W 2 50
YDR243C 6 390
YDR244W 9 247
YDR245W 0 0
YDR246W 0 0
YDR246W-A 8 184
YDR247W 0 0
YDR248C 0 0
YDR249C 2 66
YDR250C 2 32
YDR251W 1 1
YDR252W 5 949
YDR253C 1 9
YDR254W 2 39
YDR255C 4 303
YDR256C 2 147
YDR257C 4 32
YDR258C 8 284
YDR259C 1 2
YDR260C 8 215
YDR261C 0 0
YDR262W 6 132
YDR263C 1 100
YDR264C 3 63
YDR265W 3 107
YDR266C 1 1
YDR267C 0 0
YDR268W 3 301
YDR269C 0 0
YDR270W 4 255
YDR271C 5 312
YDR272W 2 18
YDR273W 1 3
YDR274C 12 1438
YDR275W 13 5292
YDR276C 3 13
YDR277C 5 557
YDR278C 4 37
YDR279W 0 0
YDR280W 0 0
YDR281C 0 0
YDR282C 10 396
YDR283C 0 0
YDR284C 3 36
YDR285W 0 0
YDR286C 3 699
YDR287W 2 18
YDR288W 3 334
YDR289C 2 2
YDR290W 0 0
YDR291W 2 236
YDR292C 0 0
YDR293C 2 2
YDR294C 3 1275
YDR295C 0 0
YDR296W 1 10
YDR297W 0 0
YDR298C 1 1
YDR299W 7 479
YDR300C 3 28
YDR301W 3 105
YDR302W 1 12
YDR303C 1 49
YDR304C 5 47
YDR305C 6 611
YDR306C 4 49
YDR307W 0 0
YDR308C 2 40
YDR309C 5 21
YDR310C 0 0
YDR311W 2 8
YDR312W 1 1038
YDR313C 3 110
YDR314C 4 49
YDR315C 9 491
YDR316W 6 53
YDR317W 2 23
YDR318W 4 71
YDR319C 1 8
YDR320C 4 19
YDR320C-A 2 50
YDR320W-B 0 0
YDR321W 5 611
YDR322W 7 41
YDR322C-A 5 369
YDR323C 1 28
YDR324C 3 29
YDR325W 7 463
YDR326C 2 52
YDR327W 15 2056
YDR328C 4 56
YDR329C 8 387
YDR330W 3 24
YDR331W 7 242
YDR332W 4 55
YDR333C 5 10
YDR334W 2 21
YDR335W 0 0
YDR336W 3 212
YDR337W 3 84
YDR338C 2 12
YDR339C 4 88
YDR340W 3 76
YDR341C 1 3
YDR342C 0 0
YDR343C 0 0
YDR344C 4 56
YDR345C 0 0
YDR346C 2 7
YDR347W 0 0
YDR348C 0 0
YDR349C 3 45
YDR350C 5 75
YDR351W 0 0
YDR352W 2 28
YDR353W 4 102
YDR354W 1 2
YDR354C-A 0 0
YDR355C 0 0
YDR356W 6 757
YDR357C 3 159
YDR358W 2 16
YDR359C 2 10
YDR360W 1 1
YDR361C 6 578
YDR362C 1 3
YDR363W 2 11
YDR363W-A 11 2789
YDR364C 1 1
YDR365C 2 38
YDR366C 1 39
YDR367W 2 10
YDR368W 2 17
YDR369C 4 171
YDR370C 6 73
YDR371W 3 61
YDR371C-A 1 6
YDR372C 0 0
YDR373W 0 0
YDR374C 2 143
YDR374W-A 8 97
YDR375C 6 348
YDR376W 2 7
YDR377W 0 0
YDR378C 5 40
YDR379W 1 2
YDR379C-A 5 231
YDR380W 5 59
YDR381W 0 0
YDR381C-A 2 20
YDR382W 0 0
YDR383C 6 320
YDR384C 2 2
YDR385W 8 550
YDR386W 12 1503
YDR387C 3 13
YDR388W 8 298
YDR389W 0 0
YDR390C 7 425
YDR391C 4 164
YDR392W 7 203
YDR393W 1 220
YDR394W 2 30
YDR395W 1 3
YDR396W 4 118
YDR397C 13 1015
YDR398W 2 55
YDR399W 4 184
YDR400W 0 0
YDR401W 3 22
YDR402C 0 0
YDR403W 0 0
YDR404C 2 10
YDR405W 6 52
YDR406W 8 164
YDR406W-A 0 0
YDR407C 4 7
YDR408C 1 16
YDR409W 1 21
YDR410C 2 24
YDR411C 5 428
YDR412W 2 56
YDR413C 4 38
YDR414C 0 0
YDR415C 1 9
YDR416W 1 2
YDR417C 0 0
YDR418W 1 32
YDR419W 5 40
YDR420W 0 0
YDR421W 2 22
YDR422C 3 2444
YDR423C 7 206
YDR424C 4 1451
YDR425W 5 498
YDR426C 1 7
YDR427W 4 72
YDR428C 4 85
YDR429C 3 75
YDR430C 0 0
YDR431W 2 3
YDR432W 0 0
YDR433W 1 3
YDR434W 0 0
YDR435C 5 28
YDR436W 0 0
YDR437W 0 0
YDR438W 3 10
YDR439W 0 0
YDR440W 0 0
YDR441C 11 5453
YDR442W 7 3252
YDR443C 4 76
YDR444W 1 45
YDR445C 1 92
YDR446W 2 151
YDR447C 1 20
YDR448W 2 57
YDR449C 6 118
YDR450W 2 162
YDR451C 2 32
YDR452W 2 3
YDR453C 2 89
YDR454C 0 0
YDR455C 2 8
YDR456W 2 5
YDR457W 2 10
YDR458C 1 1
YDR459C 0 0
YDR460W 1 25
YDR461W 4 384
YDR461C-A 4 68
YDR462W 6 93
YDR463W 11 897
YDR464W 1 10
YDR464C-A 2 94
YDR465C 7 19
YDR466W 3 129
YDR467C 1 7
YDR468C 3 150
YDR469W 3 399
YDR470C 1 1
YDR471W 6 245
YDR472W 1 1
YDR473C 2 30
YDR475C 0 0
YDR476C 15 813
YDR477W 0 0
YDR478W 5 3622
YDR479C 8 263
YDR480W 0 0
YDR481C 7 290
YDR482C 9 446
YDR483W 2 9
YDR484W 1 22
YDR485C 3 12
YDR486C 4 62
YDR487C 4 161
YDR488C 2 141
YDR489W 1 1
YDR490C 3 34
YDR491C 1 3
YDR492W 2 35
YDR493W 2 33
YDR494W 0 0
YDR495C 2 78
YDR496C 0 0
YDR497C 1 37
YDR498C 5 46
YDR499W 2 9
YDR500C 7 191
YDR501W 1 2
YDR502C 5 273
YDR503C 1 28
YDR504C 0 0
YDR505C 3 72
YDR506C 7 68
YDR507C 3 147
YDR508C 3 5
YDR509W 3 40
YDR510W 4 55
YDR510C-A 4 49
YDR511W 1 2
YDR512C 1 70
YDR513W 6 123
YDR514C 1 159
YDR515W 0 0
YDR516C 9 332
YDR517W 1 2
YDR518W 1 1
YDR519W 5 270
YDR520C 0 0
YDR521W 0 0
YDR522C 7 122
YDR523C 1 1
YDR524C 6 689
YDR524W-C 3 25
YDR524C-B 3 48
YDR524C-A 9 312
YDR525W 3 48
YDR525W-A 10 880
YDR526C 2 181
YDR527W 5 113
YDR528W 2 6
YDR529C 4 50
YDR530C 6 155
YDR531W 1 68
YDR532C 1 9
YDR533C 2 10
YDR534C 0 0
YDR535C 9 1553
YDR536W 2 12
YDR537C 6 45
YDR538W 0 0
YDR539W 1 36
YDR540C 1 15
YDR541C 0 0
YDR542W 0 0
YDR543C 4 60
YDR544C 0 0
YDR545W 0 0
YDR545C-A 0 0
YEL077C 0 0
YEL077W-A 1 26
YEL076C-A 0 0
YEL076C 0 0
YEL075W-A 0 0
YEL075C 0 0
YEL074W 1 6
YEL073C 1 31
YEL072W 1 45
YEL071W 1 8
YEL070W 1 2
YEL069C 0 0
YEL068C 11 549
YEL067C 2 15
YEL066W 16 2530
YEL065W 6 799
YEL064C 3 209
YEL063C 2 3
YEL062W 3 76
YEL061C 0 0
YEL060C 6 561
YEL059C-A 6 361
YEL059W 2 5
YEL058W 9 500
YEL057C 0 0
YEL056W 1 2
YEL055C 0 0
YEL054C 2 27
YEL053W-A 0 0
YEL053C 0 0
YEL052W 3 5
YEL051W 4 57
YEL050W-A 6 575
YEL050C 4 49
YEL049W 2 38
YEL048C 1 1
YEL047C 4 46
YEL046C 10 196
YEL045C 6 100
YEL044W 4 84
YEL043W 4 36
YEL042W 1 12
YEL041W 3 56
YEL040W 5 83
YEL039C 3 27
YEL038W 8 261
YEL037C 4 55
YEL036C 2 39
YEL035C 7 75
YEL034C-A 4 45
YEL034W 9 88
YEL033W 7 146
YEL032W 3 46
YEL032C-A 0 0
YEL031W 6 184
YEL030C-A 1 1
YEL030W 1 36
YEL029C 0 0
YEL028W 1 10
YEL027W 1 4
YEL026W 0 0
YEL025C 9 84
YEL024W 0 0
YEL023C 3 66
YEL022W 0 0
YEL021W 8 57
YEL020C-B 1 1
YEL020W-A 3 77
YEL020C 2 1854
YEL019C 3 14
YEL018C-A 1 1
YEL018W 2 8
YEL017C-A 2 20
YEL017W 8 250
YEL016C 5 138
YEL015W 2 5
YEL014C 1 9
YEL013W 0 0
YEL012W 0 0
YEL011W 3 145
YEL010W 2 7
YEL009C-A 2 12
YEL009C 2 30
YEL008W 9 470
YEL008C-A 15 431
YEL007W 6 198
YEL006W 2 18
YEL005C 3 44
YEL004W 5 688
YEL003W 5 161
YEL002C 5 1697
YEL001C 5 87
YER001W 2 42
YER002W 1 7
YER003C 7 2041
YER004W 9 370
YER005W 2 267
YER006W 10 247
YER006C-A 1 15
YER007W 4 49
YER007C-A 2 13
YER008C 0 0
YER009W 3 133
YER010C 7 175
YER011W 0 0
YER012W 0 0
YER013W 3 99
YER014W 3 306
YER014C-A 0 0
YER015W 4 1568
YER016W 3 23
YER017C 0 0
YER018C 1 17
YER019W 2 4
YER019C-A 9 277
YER020W 2 14
YER021W 7 332
YER022W 1 2
YER023W 7 148
YER023C-A 0 0
YER024W 0 0
YER025W 1 25
YER026C 0 0
YER027C 0 0
YER028C 1 4
YER029C 1 1
YER030W 9 52
YER031C 2 19
YER032W 3 729
YER033C 4 29
YER034W 6 218
YER035W 7 607
YER036C 0 0
YER037W 8 317
YER038C 7 626
YER038W-A 1 22
YER039C 3 163
YER039C-A 10 465
YER040W 0 0
YER041W 0 0
YER042W 5 18
YER043C 5 18
YER044C 1 2
YER044C-A 0 0
YER045C 5 281
YER046W 2 31
YER046W-A 3 19
YER047C 0 0
YER048C 1 1
YER048W-A 1 2
YER049W 1 1
YER050C 2 6
YER051W 4 221
YER052C 2 16
YER053C 5 55
YER053C-A 3 48
YER054C 1 2
YER055C 0 0
YER056C 1 32
YER056C-A 1 14
YER057C 0 0
YER058W 3 472
YER059W 0 0
YER060W 0 0
YER060W-A 0 0
YER061C 6 158
YER062C 1 2
YER063W 1 14
YER064C 3 14
YER065C 3 31
YER066W 3 25
YER066C-A 5 95
YER067W 4 316
YER067C-A 5 70
YER068W 0 0
YER068C-A 0 0
YER069W 7 1782
YER070W 0 0
YER071C 0 0
YER072W 4 275
YER073W 3 62
YER074W 0 0
YER074W-A 2 17
YER075C 7 73
YER076C 0 0
YER076W-A 0 0
YER077C 1 49
YER078C 1 4
YER078W-A 4 33
YER079W 0 0
YER079C-A 1 75
YER080W 4 726
YER081W 1 66
YER082C 0 0
YER083C 8 456
YER084W 2 4
YER084W-A 3 74
YER085C 3 91
YER086W 0 0
YER087W 1 6
YER087C-A 4 162
YER087C-B 2 9
YER088C 9 511
YER088C-A 6 69
YER088W-B 15 1468
YER089C 3 508
YER090W 1 23
YER090C-A 2 3
YER091C 0 0
YER091C-A 2 353
YER092W 5 96
YER093C 2 10
YER093C-A 5 20
YER094C 2 18
YER095W 2 28
YER096W 3 9
YER097W 7 485
YER098W 1 4
YER099C 3 40
YER100W 1 5
YER101C 3 105
YER102W 2 2
YER103W 3 4
YER104W 1 2
YER105C 1 22
YER106W 0 0
YER107C 2 27
YER107W-A 2 44
YER109C 3 117
YER110C 2 13
YER111C 1 3
YER112W 1 9
YER113C 3 25
YER114C 1 1
YER115C 0 0
YER116C 0 0
YER117W 0 0
YER118C 2 43
YER119C 6 725
YER119C-A 0 0
YER120W 4 68
YER121W 3 17
YER122C 5 44
YER123W 3 94
YER124C 2 8
YER125W 2 28
YER126C 3 88
YER127W 6 280
YER128W 3 36
YER129W 1 18
YER130C 1 74
YER131W 1 6
YER132C 1 2
YER133W 1 3
YER133W-A 0 0
YER134C 5 323
YER135C 0 0
YER136W 1 2
YER137C 10 3349
YER137W-A 2 59
YER138W-A 0 0
YER139C 1 4
YER140W 2 121
YER141W 3 44
YER142C 2 91
YER143W 5 39
YER144C 11 487
YER145C 11 660
YER145C-A 6 1608
YER146W 5 310
YER147C 7 761
YER147C-A 0 0
YER148W 1 3
YER148W-A 0 0
YER149C 2 237
YER150W 3 142
YER151C 3 5
YER152C 3 8
YER152W-A 1 1
YER153C 4 61
YER154W 4 2217
YER155C 4 36
YER156C 7 439
YER157W 6 60
YER158C 4 38
YER158W-A 11 1751
YER159C 11 774
YER161C 3 780
YER162C 5 495
YER163C 4 1173
YER164W 0 0
YER165W 1 9
YER165C-A 1 27
YER166W 0 0
YER167W 5 118
YER168C 5 34
YER169W 1 2
YER170W 7 93
YER171W 0 0
YER172C 3 30
YER172C-A 3 517
YER173W 5 56
YER174C 1 8
YER175C 5 123
YER175W-A 1 2
YER176W 10 78
YER177W 1 2
YER178W 6 51
YER179W 1 23
YER180C 3 55
YER180C-A 5 49
YER181C 0 0
YER182W 3 147
YER183C 5 30
YER184C 1 4
YER185W 2 513
YER186C 8 194
YER187W 1 13
YER188W 1 1
YER188C-A 7 2038
YER189W 0 0
YER190W 0 0
YER190C-A 0 0
YER190C-B 0 0
YFL068W 0 0
YFL067W 0 0
YFL066C 0 0
YFL065C 0 0
YFL064C 0 0
YFL063W 2 261
YFL062W 1 4
YFL061W 0 0
YFL060C 1 1
YFL059W 4 257
YFL058W 0 0
YFL057C 0 0
YFL056C 0 0
YFL055W 3 6
YFL054C 1 2
YFL053W 1 2
YFL052W 6 124
YFL051C 4 51
YFL050C 0 0
YFL049W 3 288
YFL048C 4 122
YFL047W 6 4069
YFL046W 5 255
YFL045C 1 4
YFL044C 0 0
YFL042C 5 126
YFL041W-A 0 0
YFL041W 3 1308
YFL040W 1 3
YFL039C 4 112
YFL038C 5 55
YFL037W 3 8
YFL036W 4 189
YFL034C-B 1 5
YFL034C-A 4 35
YFL034W 1 1
YFL033C 1 1
YFL032W 1 6
YFL031W 4 38
YFL031C-A 1 11
YFL030W 1 2
YFL029C 0 0
YFL028C 3 756
YFL027C 0 0
YFL026W 2 119
YFL025C 0 0
YFL024C 5 200
YFL023W 4 377
YFL022C 9 44
YFL021C-A 1 7
YFL021W 10 481
YFL020C 0 0
YFL019C 1 4
YFL018C 7 203
YFL017W-A 8 152
YFL017C 9 236
YFL016C 5 222
YFL015W-A 11 617
YFL015C 12 376
YFL014W 1 22
YFL013W-A 1 1
YFL013C 1 19
YFL012W-A 0 0
YFL012W 0 0
YFL011W 1 4
YFL010W-A 0 0
YFL010C 2 33
YFL009W 0 0
YFL008W 3 58
YFL007W 0 0
YFL005W 6 117
YFL004W 1 12
YFL003C 3 107
YFL002C 5 39
YFL001W 3 29
YFR001W 0 0
YFR002W 1 3
YFR003C 4 38
YFR004W 1 79
YFR005C 1 41
YFR006W 4 1962
YFR007W 5 98
YFR008W 0 0
YFR009W 1 1
YFR009W-A 1 8
YFR010W 1 6
YFR010W-A 4 56
YFR011C 5 1831
YFR012W 1 2
YFR012W-A 1 5
YFR013W 2 18
YFR014C 2 9
YFR015C 5 58
YFR016C 0 0
YFR017C 7 112
YFR018C 4 150
YFR019W 3 43
YFR020W 0 0
YFR021W 0 0
YFR022W 4 37
YFR023W 1 5
YFR024C-A 6 189
YFR025C 2 212
YFR026C 1 4
YFR027W 9 769
YFR028C 1 3
YFR029W 7 470
YFR030W 3 143
YFR031C 5 176
YFR031C-A 4 173
YFR032C 5 1452
YFR032C-A 2 43
YFR032C-B 3 18
YFR033C 4 33
YFR034C 5 28
YFR034W-A 4 17
YFR035C 14 778
YFR036W 5 169
YFR036W-A 2 331
YFR037C 5 20
YFR038W 2 7
YFR039C 1 5
YFR040W 0 0
YFR041C 2 143
YFR042W 3 35
YFR043C 1 10
YFR044C 0 0
YFR045W 3 27
YFR046C 6 60
YFR047C 4 91
YFR048W 3 83
YFR049W 1 2
YFR050C 1 158
YFR051C 6 15631
YFR052W 8 295
YFR052C-A 5 129
YFR053C 1 5
YFR054C 0 0
YFR056C 0 0
YFR055W 0 0
YFR057W 2 120
YGL263W 2 23
YGL262W 0 0
YGL261C 0 0
YGL260W 2 63
YGL259W 4 88
YGL258W-A 0 0
YGL258W 0 0
YGL257C 0 0
YGL256W 1 1
YGL255W 2 13
YGL254W 5 23
YGL253W 6 170
YGL252C 5 696
YGL251C 3 28
YGL250W 3 40
YGL249W 3 105
YGL248W 2 15
YGL247W 0 0
YGL246C 2 17
YGL245W 3 35
YGL244W 1 12
YGL243W 1 150
YGL242C 4 46
YGL241W 6 1182
YGL240W 2 91
YGL239C 2 113
YGL238W 2 65
YGL237C 2 431
YGL236C 2 8
YGL235W 0 0
YGL234W 1 2
YGL233W 1 1
YGL232W 3 45
YGL231C 3 14
YGL230C 0 0
YGL229C 0 0
YGL228W 3 189
YGL227W 2 13
YGL226C-A 6 27
YGL226W 5 62
YGL225W 4 573
YGL224C 2 98
YGL223C 3 245
YGL222C 6 35
YGL221C 3 4
YGL220W 3 4
YGL219C 3 23
YGL218W 1 1
YGL217C 2 70
YGL216W 1 7
YGL215W 0 0
YGL214W 1 1
YGL213C 0 0
YGL212W 3 86
YGL211W 9 1259
YGL210W 1 7
YGL209W 0 0
YGL208W 5 257
YGL207W 0 0
YGL206C 4 66
YGL205W 0 0
YGL204C 5 70
YGL203C 2 93
YGL202W 3 80
YGL201C 0 0
YGL200C 1 15
YGL199C 3 228
YGL198W 3 412
YGL197W 1 1
YGL196W 0 0
YGL195W 2 7
YGL194C-A 2 189
YGL194C 7 3760
YGL193C 1 1
YGL192W 0 0
YGL191W 7 94
YGL190C 2 33
YGL189C 4 60
YGL188C-A 4 60
YGL188C 3 14
YGL187C 2 24
YGL186C 2 58
YGL185C 2 416
YGL184C 4 82
YGL183C 4 42
YGL182C 4 103
YGL181W 2 13
YGL180W 3 7
YGL179C 2 15
YGL178W 1 5
YGL177W 14 1202
YGL176C 0 0
YGL175C 1 13
YGL174W 2 4
YGL173C 5 319
YGL172W 4 109
YGL171W 3 274
YGL170C 0 0
YGL169W 0 0
YGL168W 5 35
YGL167C 0 0
YGL166W 10 741
YGL165C 2 15
YGL164C 2 8
YGL163C 1 22
YGL162W 4 59
YGL161C 4 96
YGL160W 3 67
YGL159W 3 53
YGL158W 1 17
YGL157W 4 38
YGL156W 2 17
YGL155W 1 24
YGL154C 6 114
YGL153W 5 113
YGL152C 3 125
YGL151W 2 6
YGL150C 2 57
YGL149W 2 31
YGL148W 6 44
YGL147C 9 217
YGL146C 1 3
YGL145W 1 1
YGL144C 7 68
YGL143C 7 1682
YGL142C 1 1
YGL141W 0 0
YGL140C 3 43
YGL139W 4 255
YGL138C 0 0
YGL137W 6 88
YGL136C 12 227
YGL135W 4 17
YGL134W 5 51
YGL133W 0 0
YGL132W 2 47
YGL131C 1 6
YGL130W 1 16
YGL129C 2 15
YGL128C 2 5
YGL127C 2 5
YGL126W 2 36
YGL125W 3 27
YGL124C 8 11201
YGL123W 3 22
YGL123C-A 1 3
YGL122C 3 47
YGL121C 2 66
YGL120C 2 8
YGL119W 2 15
YGL118C 1 16
YGL117W 4 376
YGL116W 1 24
YGL115W 0 0
YGL114W 6 396
YGL113W 0 0
YGL112C 2 18
YGL111W 3 25
YGL110C 3 139
YGL109W 3 139
YGL108C 4 14
YGL107C 3 130
YGL106W 1 3
YGL105W 2 4
YGL104C 5 157
YGL103W 0 0
YGL102C 4 345
YGL101W 7 299
YGL100W 5 35
YGL099W 2 72
YGL098W 3 203
YGL097W 4 104
YGL096W 2 33
YGL095C 2 18
YGL094C 4 61
YGL093W 6 86
YGL092W 1 9
YGL091C 1 59
YGL090W 2 4
YGL089C 2 39
YGL088W 10 810
YGL087C 0 0
YGL086W 7 66
YGL085W 3 13
YGL084C 4 30
YGL083W 3 448
YGL082W 0 0
YGL081W 0 0
YGL080W 3 52
YGL079W 1 121
YGL078C 3 17
YGL077C 0 0
YGL076C 6 79
YGL075C 2 42
YGL074C 4 21
YGL073W 6 93
YGL072C 8 640
YGL071W 0 0
YGL070C 5 77
YGL069C 0 0
YGL068W 3 5
YGL067W 0 0
YGL066W 4 317
YGL065C 4 45
YGL064C 3 103
YGL063W 6 76
YGL063C-A 13 656
YGL062W 3 810
YGL061C 0 0
YGL060W 0 0
YGL059W 10 2710
YGL058W 5 149
YGL057C 7 490
YGL056C 1 2
YGL055W 11 129
YGL054C 7 277
YGL053W 3 14
YGL052W 2 5
YGL051W 1 237
YGL050W 11 2749
YGL049C 2 8
YGL048C 4 10
YGL047W 0 0
YGL045W 2 9
YGL044C 1 3
YGL043W 4 137
YGL042C 1 7
YGL041C-B 2 46
YGL041W-A 3 12
YGL041C 2 49
YGL040C 2 85
YGL039W 1 12
YGL038C 1 7
YGL037C 0 0
YGL036W 9 290
YGL035C 3 18
YGL034C 4 51
YGL033W 2 37
YGL032C 0 0
YGL031C 2 47
YGL030W 1 4
YGL029W 0 0
YGL028C 1 1
YGL027C 4 53
YGL026C 5 185
YGL025C 4 171
YGL024W 1 4
YGL023C 8 806
YGL022W 2 21
YGL021W 2 8
YGL020C 3 9
YGL019W 1 40
YGL018C 1 1
YGL017W 6 361
YGL016W 0 0
YGL015C 0 0
YGL014W 0 0
YGL014C-A 1 24
YGL013C 1 1
YGL012W 6 234
YGL011C 6 37
YGL010W 2 5
YGL009C 0 0
YGL008C 0 0
YGL007C-A 8 317
YGL007W 9 438
YGL006W-A 4 71
YGL006W 0 0
YGL005C 6 65
YGL004C 3 83
YGL003C 5 74
YGL002W 4 3416
YGL001C 8 88
YGR001C 5 253
YGR002C 7 433
YGR003W 10 1212
YGR004W 1 30
YGR005C 3 8
YGR006W 6 110
YGR007W 9 929
YGR008C 2 5
YGR009C 1 1
YGR010W 0 0
YGR011W 3 51
YGR012W 6 868
YGR013W 1 3
YGR014W 0 0
YGR015C 8 389
YGR016W 5 485
YGR017W 1 3
YGR018C 8 104
YGR019W 0 0
YGR020C 4 20
YGR021W 9 419
YGR022C 0 0
YGR023W 1 1
YGR024C 4 33
YGR025W 1 4
YGR026W 1 44
YGR027C 3 17
YGR028W 2 351
YGR029W 3 33
YGR030C 4 125
YGR031W 4 26
YGR031C-A 11 721
YGR032W 0 0
YGR033C 1 2
YGR034W 2 56
YGR035C 2 9
YGR035W-A 6 1919
YGR036C 3 90
YGR037C 2 429
YGR038W 2 32
YGR039W 6 93
YGR040W 1 6
YGR041W 2 5
YGR042W 8 177
YGR043C 7 814
YGR044C 4 90
YGR045C 4 72
YGR046W 1 6
YGR047C 3 582
YGR048W 2 4
YGR049W 2 5
YGR050C 6 437
YGR051C 3 37
YGR052W 2 23
YGR053C 2 20
YGR054W 2 223
YGR055W 2 315
YGR056W 7 150
YGR057C 0 0
YGR058W 6 43
YGR059W 3 9
YGR060W 1 15
YGR061C 0 0
YGR062C 2 10
YGR063C 5 23
YGR064W 2 2
YGR065C 3 26
YGR066C 3 189
YGR067C 9 226
YGR068C 6 128
YGR068W-A 3 38
YGR069W 3 9
YGR070W 3 109
YGR071C 3 231
YGR072W 3 86
YGR073C 0 0
YGR074W 1 1
YGR075C 0 0
YGR076C 5 130
YGR077C 2 12
YGR078C 1 2
YGR079W 8 284
YGR080W 6 1224
YGR081C 4 385
YGR082W 5 110
YGR083C 2 5
YGR084C 6 4145
YGR085C 2 3
YGR086C 2 4
YGR087C 1 1
YGR088W 3 120
YGR089W 0 0
YGR090W 0 0
YGR091W 1 7
YGR092W 0 0
YGR093W 2 14
YGR094W 11 616
YGR095C 2 14
YGR096W 4 1022
YGR097W 0 0
YGR098C 0 0
YGR099W 0 0
YGR100W 0 0
YGR101W 5 937
YGR102C 5 1106
YGR103W 7 74
YGR104C 4 41
YGR105W 9 180
YGR106C 4 84
YGR107W 2 19
YGR108W 3 95
YGR109C 2 34
YGR110W 0 0
YGR111W 5 256
YGR112W 2 48
YGR113W 1 8
YGR114C 0 0
YGR115C 2 73
YGR116W 0 0
YGR117C 6 129
YGR118W 0 0
YGR119C 0 0
YGR120C 2 4
YGR121C 0 0
YGR121W-A 7 157
YGR122W 3 388
YGR122C-A 0 0
YGR123C 5 140
YGR124W 3 62
YGR125W 1 2
YGR126W 1 1
YGR127W 5 199
YGR128C 0 0
YGR129W 0 0
YGR130C 5 66
YGR131W 2 20
YGR132C 3 18
YGR133W 19 1805
YGR134W 2 42
YGR135W 1 20
YGR136W 5 153
YGR137W 0 0
YGR138C 0 0
YGR139W 0 0
YGR140W 2 525
YGR141W 6 75
YGR142W 5 38
YGR143W 1 1
YGR144W 0 0
YGR145W 3 47
YGR146C 0 0
YGR146C-A 11 585
YGR147C 0 0
YGR148C 3 59
YGR149W 1 1
YGR150C 4 323
YGR151C 0 0
YGR152C 4 31
YGR153W 4 11
YGR154C 0 0
YGR155W 1 95
YGR156W 0 0
YGR157W 4 37
YGR158C 2 9
YGR159C 3 23
YGR160W 1 32
YGR161C 6 597
YGR161W-C 9 3085
YGR162W 1 51
YGR163W 3 64
YGR164W 2 45
YGR165W 1 2
YGR166W 1 2
YGR167W 0 0
YGR168C 2 5
YGR169C 0 0
YGR169C-A 1 24
YGR170W 2 66
YGR171C 2 27
YGR172C 5 20
YGR173W 1 2
YGR174C 2 4
YGR174W-A 4 12
YGR175C 3 95
YGR176W 10 881
YGR177C 3 150
YGR178C 0 0
YGR179C 3 73
YGR180C 2 44
YGR181W 4 143
YGR182C 1 21
YGR183C 4 350
YGR184C 3 58
YGR185C 7 87
YGR186W 7 1339
YGR187C 3 301
YGR188C 2 424
YGR189C 4 70
YGR190C 2 24
YGR191W 1 1030
YGR192C 4 30
YGR193C 1 17
YGR194C 12 2549
YGR195W 1 2
YGR196C 3 59
YGR197C 3 17
YGR198W 12 909
YGR199W 1 1
YGR200C 3 89
YGR201C 4 57
YGR202C 2 51
YGR203W 14 3061
YGR204W 8 212
YGR204C-A 0 0
YGR205W 0 0
YGR206W 2 2
YGR207C 8 302
YGR208W 3 19
YGR209C 6 127
YGR210C 0 0
YGR211W 2 93
YGR212W 9 1235
YGR213C 2 39
YGR214W 0 0
YGR215W 5 42
YGR216C 4 66
YGR217W 2 35
YGR218W 0 0
YGR219W 5 31
YGR220C 3 30
YGR221C 5 142
YGR222W 5 20
YGR223C 4 1526
YGR224W 6 781
YGR225W 0 0
YGR226C 2 10
YGR227W 1 2
YGR228W 1 2
YGR229C 3 133
YGR230W 2 835
YGR231C 2 9
YGR232W 3 37
YGR233C 0 0
YGR234W 2 67
YGR235C 2 31
YGR236C 7 127
YGR237C 1 3
YGR238C 4 53
YGR239C 2 18
YGR240C 1 1
YGR240C-A 5 35
YGR241C 0 0
YGR242W 0 0
YGR243W 0 0
YGR244C 3 38
YGR245C 0 0
YGR246C 6 44
YGR247W 2 10
YGR248W 1 5
YGR249W 3 123
YGR250C 2 7
YGR251W 0 0
YGR252W 2 6
YGR253C 4 37
YGR254W 3 10
YGR255C 1 14
YGR256W 3 12
YGR257C 3 38
YGR258C 5 465
YGR259C 3 192
YGR260W 3 106
YGR261C 1 1
YGR262C 1 6
YGR263C 1 1
YGR264C 2 38
YGR265W 1 16
YGR266W 6 90
YGR267C 2 9
YGR268C 6 155
YGR269W 1 34
YGR270W 1 15
YGR270C-A 2 80
YGR271W 7 710
YGR271C-A 1 7
YGR273C 0 0
YGR274C 3 15
YGR275W 4 130
YGR276C 6 63
YGR277C 4 120
YGR278W 5 64
YGR279C 0 0
YGR280C 7 136
YGR281W 4 77
YGR282C 3 4
YGR283C 8 1443
YGR284C 4 54
YGR285C 3 9
YGR286C 3 17
YGR287C 4 121
YGR288W 4 38
YGR289C 0 0
YGR290W 2 118
YGR291C 0 0
YGR292W 0 0
YGR293C 0 0
YGR294W 0 0
YGR295C 8 447
YGR296W 0 0
YGR296C-A 0 0
YGR296C-B 0 0
YHL050C 0 0
YHL050W-A 0 0
YHL049C 0 0
YHL048C-A 2 9
YHL048W 0 0
YHL047C 0 0
YHL046W-A 1 58
YHL046C 0 0
YHL045W 0 0
YHL044W 6 149
YHL043W 1 1
YHL042W 0 0
YHL041W 2 14
YHL040C 8 489
YHL039W 1 13
YHL038C 2 166
YHL037C 1 15
YHL036W 5 349
YHL035C 3 8
YHL034W-A 7 763
YHL034C 0 0
YHL033C 8 406
YHL032C 5 32
YHL031C 7 85
YHL030W-A 2 27
YHL030W 8 511
YHL029C 4 89
YHL028W 3 639
YHL027W 1 3
YHL026C 12 402
YHL025W 4 418
YHL024W 2 96
YHL023C 3 98
YHL022C 2 24
YHL021C 5 87
YHL020C 2 67
YHL019W-A 5 266
YHL019C 4 147
YHL018W 5 129
YHL017W 2 17
YHL016C 4 142
YHL015W-A 6 55
YHL015W 0 0
YHL014C 3 35
YHL013C 3 198
YHL012W 3 114
YHL011C 3 14
YHL010C 0 0
YHL009C 1 66
YHL008C 0 0
YHL007C 5 38
YHL006W-A 3 259
YHL006C 7 168
YHL005C 4 32
YHL004W 3 43
YHL003C 5 191
YHL002C-A 0 0
YHL002W 6 386
YHL001W 3 614
YHR001W 1 1
YHR001W-A 5 292
YHR002W 6 163
YHR003C 5 36
YHR004C 5 540
YHR005C 4 15
YHR005C-A 2 111
YHR006W 5 35
YHR007C 0 0
YHR007C-A 14 450
YHR008C 2 21
YHR009C 3 181
YHR010W 0 0
YHR011W 0 0
YHR012W 0 0
YHR013C 5 135
YHR014W 0 0
YHR015W 1 31
YHR016C 3 79
YHR017W 4 354
YHR018C 2 4
YHR019C 3 72
YHR020W 3 122
YHR021C 2 23
YHR021W-A 11 370
YHR022C 1 6
YHR022C-A 12 1953
YHR023W 1 4
YHR024C 4 28
YHR025W 1 16
YHR026W 0 0
YHR027C 1 11
YHR028C 3 9
YHR028W-A 4 546
YHR029C 1 12
YHR030C 4 254
YHR031C 4 4255
YHR032W 0 0
YHR032W-A 8 248
YHR032C-A 15 4164
YHR033W 9 3058
YHR034C 9 67
YHR035W 5 223
YHR036W 0 0
YHR037W 0 0
YHR038W 1 26
YHR039C 0 0
YHR039C-A 5 243
YHR040W 5 39
YHR041C 7 395
YHR042W 6 97
YHR043C 1 7
YHR044C 1 30
YHR045W 0 0
YHR046C 3 86
YHR047C 1 20
YHR048W 8 110
YHR049W 1 80
YHR049C-A 2 6
YHR050W 2 6
YHR050W-A 4 1317
YHR051W 3 67
YHR052W 3 30
YHR052W-A 0 0
YHR053C 0 0
YHR054C 1 2
YHR054W-A 0 0
YHR055C 0 0
YHR056C 1 1
YHR056W-A 0 0
YHR057C 6 13022
YHR058C 0 0
YHR059W 1 7
YHR060W 3 67
YHR061C 4 907
YHR062C 1 1
YHR063C 4 169
YHR063W-A 5 82
YHR064C 1 1
YHR065C 1 14
YHR066W 2 67
YHR067W 1 1
YHR068W 0 0
YHR069C 3 58
YHR069C-A 0 0
YHR070W 6 427
YHR070C-A 5 315
YHR071W 0 0
YHR071C-A 1 11
YHR072W 1 15
YHR072W-A 2 3
YHR073W 1 9
YHR073W-A 2 9
YHR073C-B 1 2
YHR074W 4 416
YHR075C 2 9
YHR076W 3 51
YHR077C 2 429
YHR078W 2 296
YHR079C 2 36
YHR079C-A 0 0
YHR080C 8 555
YHR081W 2 34
YHR082C 0 0
YHR083W 11 325
YHR084W 2 3
YHR085W 7 416
YHR086W 5 460
YHR086W-A 7 137
YHR087W 0 0
YHR088W 2 2
YHR089C 7 769
YHR090C 5 168
YHR091C 2 73
YHR092C 0 0
YHR093W 0 0
YHR094C 0 0
YHR095W 1 12
YHR096C 1 10
YHR097C 2 76
YHR098C 4 9
YHR099W 2 56
YHR100C 2 13
YHR101C 4 89
YHR102W 1 2
YHR103W 2 47
YHR104W 0 0
YHR105W 1 1
YHR106W 2 6
YHR107C 2 2
YHR108W 2 12
YHR109W 3 36
YHR110W 7 36
YHR111W 1 4
YHR112C 1 83
YHR113W 2 2
YHR114W 3 172
YHR115C 2 36
YHR116W 6 93
YHR117W 2 90
YHR118C 0 0
YHR119W 1 2
YHR120W 3 4
YHR121W 1 2
YHR122W 6 78
YHR123W 4 170
YHR124W 0 0
YHR125W 1 1
YHR126C 0 0
YHR127W 4 10111
YHR128W 3 5
YHR129C 1 1
YHR130C 0 0
YHR131C 4 32
YHR131W-A 0 0
YHR132C 2 809
YHR132W-A 5 602
YHR133C 3 22
YHR134W 2 6
YHR135C 1 1
YHR136C 4 33
YHR137W 1 1
YHR137C-A 0 0
YHR138C 3 32
YHR139C 8 218
YHR139C-A 11 1591
YHR140W 6 240
YHR141C 1 2
YHR142W 3 144
YHR143W 0 0
YHR143W-A 3 186
YHR144C 7 4174
YHR145C 0 0
YHR146W 3 85
YHR147C 8 153
YHR148W 3 102
YHR149C 1 12
YHR150W 4 113
YHR151C 3 11
YHR152W 6 78
YHR153C 2 17
YHR154W 1 4
YHR155W 1 1
YHR156C 4 409
YHR157W 0 0
YHR158C 0 0
YHR159W 1 4
YHR160C 3 13
YHR161C 0 0
YHR162W 0 0
YHR163W 4 336
YHR164C 0 0
YHR165C 2 2
YHR165W-A 1 4
YHR166C 2 562
YHR167W 4 49
YHR168W 1 1
YHR169W 3 265
YHR170W 0 0
YHR171W 3 114
YHR172W 2 112
YHR173C 6 257
YHR174W 4 20
YHR175W 10 2301
YHR175W-A 0 0
YHR176W 0 0
YHR177W 2 13
YHR178W 7 166
YHR179W 1 1
YHR180W 2 7
YHR180W-A 1 1
YHR180C-B 5 169
YHR181W 5 131
YHR182W 0 0
YHR182C-A 4 16
YHR183W 5 149
YHR184W 1 381
YHR185C 1 1
YHR186C 1 66
YHR187W 1 61
YHR188C 3 41
YHR189W 6 280
YHR190W 2 11
YHR191C 1 113
YHR192W 2 160
YHR193C 2 19
YHR193C-A 3 37
YHR194W 2 39
YHR195W 1 17
YHR196W 4 111
YHR197W 1 11
YHR198C 11 681
YHR199C 7 1065
YHR199C-A 4 394
YHR200W 7 410
YHR201C 2 142
YHR202W 4 27
YHR203C 2 7
YHR204W 2 8
YHR205W 2 28
YHR206W 1 1
YHR207C 6 190
YHR208W 6 51
YHR209W 1 66
YHR210C 1 74
YHR211W 1 7
YHR212C 0 0
YHR212W-A 0 0
YHR213W 0 0
YHR213W-A 0 0
YHR213W-B 0 0
YHR214W 0 0
YHR214W-A 0 0
YHR214C-D 0 0
YHR214C-E 0 0
YHR215W 0 0
YHR216W 0 0
YHR217C 0 0
YHR218W 0 0
YHR218W-A 0 0
YHR219W 0 0
YHR219C-A 0 0
YIL177C 0 0
YIL177W-A 0 0
YIL176C 0 0
YIL173W 0 0
YIL172C 0 0
YIL171W-A 0 0
YIL169C 7 258
YIL166C 1 17
YIL165C 8 413
YIL164C 1 55
YIL163C 2 139
YIL162W 2 37
YIL161W 0 0
YIL160C 3 39
YIL159W 3 41
YIL158W 2 9
YIL157C 3 91
YIL156W-A 6 116
YIL156W-B 5 115
YIL156W 8 139
YIL155C 1 40
YIL154C 3 96
YIL153W 5 139
YIL152W 2 81
YIL151C 1 2
YIL150C 4 80
YIL149C 4 39
YIL148W 3 10
YIL147C 1 103
YIL146C 1 11
YIL145C 3 509
YIL144W 1 5
YIL143C 6 1460
YIL142C-A 3 26
YIL142W 4 18
YIL141W 1 63
YIL140W 0 0
YIL139C 3 7
YIL138C 2 83
YIL137C 6 298
YIL136W 4 67
YIL135C 2 8
YIL134C-A 12 1550
YIL134W 3 49
YIL133C 5 101
YIL132C 3 51
YIL131C 3 116
YIL130W 2 55
YIL129C 1 4
YIL128W 2 163
YIL127C 0 0
YIL126W 0 0
YIL125W 0 0
YIL124W 6 92
YIL123W 1 1
YIL122W 1 116
YIL121W 0 0
YIL120W 0 0
YIL119C 2 76
YIL118W 1 17
YIL117C 3 17
YIL116W 1 32
YIL115W-A 4 63
YIL115C 0 0
YIL114C 1 12
YIL113W 4 192
YIL112W 6 125
YIL111W 2 4
YIL110W 1 1
YIL109C 0 0
YIL108W 3 245
YIL107C 0 0
YIL106W 2 64
YIL105C 2 82
YIL105W-A 2 8
YIL104C 5 45
YIL103W 3 197
YIL102C-A 1 1
YIL102C 6 444
YIL101C 4 103
YIL100C-A 10 208
YIL100W 7 126
YIL099W 4 327
YIL098C 4 10
YIL097W 7 104
YIL096C 2 7
YIL095W 2 29
YIL094C 2 2
YIL093C 1 4
YIL092W 1 177
YIL091C 4 71
YIL090W 1 1
YIL089W 1 26
YIL088C 2 7
YIL087C 1 7
YIL086C 3 54
YIL085C 7 2936
YIL084C 1 5
YIL083C 2 47
YIL082W 0 0
YIL079C 2 133
YIL078W 0 0
YIL077C 12 5162
YIL076W 6 309
YIL075C 3 18
YIL074C 1 2
YIL073C 1 49
YIL072W 0 0
YIL071W-A 0 0
YIL071C 7 423
YIL070C 0 0
YIL069C 3 108
YIL068W-A 1 2
YIL068C 2 144
YIL067C 1 1
YIL066W-A 2 10
YIL066C 0 0
YIL065C 7 161
YIL064W 8 327
YIL063C 4 189
YIL062C 3 91
YIL061C 5 76
YIL060W 0 0
YIL059C 7 241
YIL058W 0 0
YIL057C 7 80
YIL056W 4 127
YIL055C 0 0
YIL054W 11 1362
YIL053W 0 0
YIL052C 1 1
YIL051C 5 57
YIL050W 2 36
YIL049W 4 33
YIL048W 3 47
YIL047C-A 3 43
YIL047C 5 32
YIL046W-A 7 98
YIL046W 5 269
YIL045W 1 1
YIL044C 3 7
YIL043C 5 171
YIL042C 3 14
YIL041W 7 2028
YIL040W 0 0
YIL039W 0 0
YIL038C 1 3
YIL037C 0 0
YIL036W 1 1
YIL035C 1 15
YIL034C 4 388
YIL033C 4 94
YIL032C 0 0
YIL031W 4 45
YIL030W-A 0 0
YIL030C 1 1
YIL029W-A 0 0
YIL029C 0 0
YIL028W 0 0
YIL027C 6 93
YIL026C 1 1
YIL025C 1 17
YIL024C 6 207
YIL023C 2 45
YIL022W 0 0
YIL021W 0 0
YIL021C-A 4 87
YIL020C-A 2 5
YIL020C 4 145
YIL019W 2 342
YIL018W 0 0
YIL017C 3 79
YIL016W 3 187
YIL015W 4 194
YIL014C-A 0 0
YIL014W 3 18
YIL013C 0 0
YIL012W 2 68
YIL011W 1 31
YIL010W 3 21
YIL009C-A 5 250
YIL009W 7 333
YIL008W 1 64
YIL007C 0 0
YIL006W 7 228
YIL005W 0 0
YIL004C 3 49
YIL003W 4 262
YIL002W-A 4 120
YIL002C 2 25
YIL001W 0 0
YIR001C 3 309
YIR002C 0 0
YIR003W 5 170
YIR004W 4 31
YIR005W 10 428
YIR006C 5 70
YIR007W 1 10
YIR008C 0 0
YIR009W 1 23
YIR010W 1 43
YIR011C 4 389
YIR012W 5 70
YIR013C 1 4
YIR014W 7 2440
YIR015W 11 574
YIR016W 2 170
YIR017C 5 425
YIR017W-A 8 1639
YIR018W 12 8297
YIR018C-A 0 0
YIR019C 1 1
YIR020C 1 29
YIR020W-A 2 50
YIR020C-B 3 21
YIR021W 3 40
YIR021W-A 1 1
YIR022W 4 1003
YIR023W 7 71
YIR023C-A 1 2
YIR024C 2 53
YIR025W 5 131
YIR026C 1 11
YIR027C 2 14
YIR028W 0 0
YIR029W 3 34
YIR030C 4 143
YIR030W-A 5 146
YIR031C 0 0
YIR032C 3 58
YIR033W 4 81
YIR034C 0 0
YIR035C 2 122
YIR036C 3 23
YIR036W-A 4 41
YIR037W 4 16
YIR038C 4 1050
YIR039C 2 69
YIR040C 0 0
YIR041W 0 0
YIR042C 4 58
YJL225C 0 0
YJL225W-A 0 0
YJL223C 0 0
YJL222W-B 0 0
YJL222W-A 0 0
YJL222W 0 0
YJL221C 0 0
YJL220W 0 0
YJL219W 0 0
YJL218W 4 42
YJL217W 4 27
YJL216C 1 1
YJL215C 0 0
YJL214W 2 10
YJL213W 4 54
YJL212C 3 15
YJL211C 1 2
YJL210W 7 332
YJL209W 3 160
YJL208C 3 71
YJL207C 2 23
YJL206C 3 50
YJL205C 9 212
YJL204C 4 547
YJL203W 3 36
YJL202C 6 94
YJL201W 6 94
YJL200C 2 16
YJL199C 17 1165
YJL198W 6 77
YJL197W 6 44
YJL197C-A 0 0
YJL196C 4 29
YJL195C 0 0
YJL194W 2 36
YJL193W 2 15
YJL192C 10 217
YJL191W 2 2
YJL190C 3 9
YJL189W 1 10
YJL188C 4 26
YJL187C 0 0
YJL186W 2 45
YJL185C 4 149
YJL184W 1 1
YJL183W 2 71
YJL182C 1 24
YJL181W 4 81
YJL180C 1 182
YJL179W 3 225
YJL178C 10 498
YJL177W 2 30
YJL176C 6 102
YJL175W 0 0
YJL174W 1 1
YJL173C 5 280
YJL172W 3 77
YJL171C 4 116
YJL170C 2 41
YJL169W 2 52
YJL168C 2 6
YJL167W 1 87
YJL166W 5 87
YJL165C 1 12
YJL164C 1 1
YJL163C 5 29
YJL162C 6 98
YJL161W 5 396
YJL160C 2 8
YJL159W 6 52
YJL158C 6 512
YJL157C 2 35
YJL156W-A 9 2707
YJL156C 6 216
YJL155C 0 0
YJL154C 2 204
YJL153C 0 0
YJL152W 2 10
YJL151C 10 296
YJL150W 4 88
YJL149W 7 165
YJL148W 1 1
YJL147C 1 546
YJL146W 0 0
YJL145W 3 168
YJL144W 8 597
YJL143W 4 104
YJL142C 1 11
YJL141C 0 0
YJL140W 1 3
YJL139C 0 0
YJL138C 4 124
YJL137C 5 38
YJL136W-A 6 206
YJL136C 1 2
YJL135W 7 439
YJL134W 4 151
YJL133C-A 8 90
YJL133W 3 21
YJL132W 3 242
YJL131C 6 70
YJL130C 0 0
YJL129C 0 0
YJL128C 2 21
YJL127W-A 1 5
YJL127C-B 8 5835
YJL127C 3 39
YJL126W 3 17
YJL125C 0 0
YJL124C 0 0
YJL123C 2 66
YJL122W 5 190
YJL121C 4 43
YJL120W 3 66
YJL119C 3 70
YJL118W 8 193
YJL117W 0 0
YJL116C 2 15
YJL115W 2 38
YJL112W 0 0
YJL111W 0 0
YJL110C 3 20
YJL109C 1 2
YJL108C 3 60
YJL107C 2 3
YJL106W 2 21
YJL105W 4 372
YJL104W 2 144
YJL103C 3 110
YJL102W 6 127
YJL101C 4 266
YJL100W 2 38
YJL099W 0 0
YJL098W 0 0
YJL097W 3 64
YJL096W 0 0
YJL095W 0 0
YJL094C 0 0
YJL093C 5 104
YJL092W 2 21
YJL091C 6 94
YJL090C 1 9
YJL089W 0 0
YJL088W 9 2639
YJL087C 0 0
YJL086C 2 39
YJL085W 0 0
YJL084C 0 0
YJL083W 2 21
YJL082W 2 14
YJL081C 0 0
YJL080C 1 6
YJL079C 3 24
YJL078C 5 57
YJL077W-B 3 7
YJL077C 6 45
YJL077W-A 3 15
YJL076W 3 56
YJL075C 0 0
YJL074C 0 0
YJL073W 0 0
YJL072C 4 129
YJL071W 1 15
YJL070C 2 44
YJL069C 4 111
YJL068C 6 5200
YJL067W 9 5590
YJL066C 4 106
YJL065C 3 32
YJL064W 4 111
YJL063C 2 70
YJL062W-A 10 279
YJL062W 2 4
YJL061W 1 8
YJL060W 2 8
YJL059W 3 48
YJL058C 0 0
YJL057C 6 64
YJL056C 4 172
YJL055W 2 164
YJL054W 10 579
YJL053W 4 40
YJL052C-A 11 254
YJL052W 2 11
YJL051W 0 0
YJL050W 6 84
YJL049W 4 125
YJL048C 8 1221
YJL047C-A 2 9
YJL047C 2 15
YJL046W 5 564
YJL045W 3 17
YJL044C 4 27
YJL043W 0 0
YJL042W 1 42
YJL041W 3 21
YJL039C 0 0
YJL038C 0 0
YJL037W 2 16
YJL036W 1 1
YJL035C 3 297
YJL034W 1 7
YJL033W 2 25
YJL032W 0 0
YJL031C 2 2
YJL030W 2 91
YJL029C 3 1130
YJL028W 6 596
YJL027C 6 207
YJL026W 3 93
YJL026C-A 1 22
YJL025W 3 259
YJL024C 4 24
YJL023C 4 130
YJL022W 1 11
YJL020C 0 0
YJL020W-A 0 0
YJL019W 0 0
YJL016W 0 0
YJL015C 3 194
YJL014W 3 194
YJL013C 19 7892
YJL012C 4 76
YJL011C 1 3
YJL010C 1 1
YJL009W 2 10
YJL008C 5 599
YJL007C 4 1784
YJL006C 6 427
YJL005W 1 15
YJL004C 10 986
YJL003W 4 38
YJL002C 3 113
YJL001W 6 159
YJR001W 10 112
YJR002W 7 555
YJR003C 6 357
YJR004C 1 10
YJR005W 5 276
YJR005C-A 0 0
YJR006W 0 0
YJR007W 0 0
YJR008W 10 234
YJR009C 8 730
YJR010W 1 10
YJR010C-A 3 50
YJR011C 5 83
YJR012C 2 2
YJR013W 2 125
YJR014W 5 93
YJR015W 5 29
YJR016C 0 0
YJR017C 6 43
YJR018W 2 32
YJR019C 2 78
YJR020W 5 73
YJR021C 4 119
YJR022W 4 157
YJR023C 0 0
YJR024C 9 263
YJR025C 1 8
YJR030C 1 12
YJR031C 1 90
YJR032W 5 27
YJR033C 8 123
YJR034W 5 151
YJR035W 3 61
YJR036C 0 0
YJR037W 5 53
YJR038C 2 133
YJR039W 1 10
YJR040W 3 38
YJR041C 2 46
YJR042W 4 66
YJR043C 6 299
YJR044C 9 642
YJR045C 3 7
YJR046W 5 147
YJR047C 0 0
YJR048W 6 116
YJR049C 6 103
YJR050W 11 262
YJR051W 7 232
YJR052W 4 178
YJR053W 2 76
YJR054W 0 0
YJR055W 2 9
YJR056C 0 0
YJR057W 4 141
YJR058C 6 362
YJR059W 2 30
YJR060W 1 1
YJR061W 0 0
YJR062C 7 100
YJR063W 2 5
YJR064W 3 27
YJR065C 2 23
YJR066W 8 477
YJR067C 3 5
YJR068W 3 98
YJR069C 1 111
YJR070C 5 51
YJR071W 0 0
YJR072C 4 47
YJR073C 4 70
YJR074W 14 296
YJR075W 7 70
YJR076C 9 144
YJR077C 7 122
YJR078W 7 62
YJR079W 2 22
YJR080C 2 111
YJR082C 1 4
YJR083C 3 99
YJR084W 8 312
YJR085C 4 117
YJR086W 9 447
YJR087W 2 10
YJR088C 6 458
YJR089W 3 504
YJR090C 0 0
YJR091C 8 379
YJR092W 1 8
YJR093C 1 97
YJR094C 1 4
YJR094W-A 6 51
YJR095W 1 14
YJR096W 7 247
YJR097W 1 1
YJR098C 0 0
YJR099W 1 25
YJR100C 7 491
YJR101W 0 0
YJR102C 2 19
YJR103W 0 0
YJR104C 5 77
YJR105W 11 842
YJR106W 5 31
YJR107W 1 2
YJR108W 2 147
YJR109C 8 124
YJR110W 0 0
YJR111C 2 18
YJR112W 4 85
YJR112W-A 7 467
YJR113C 13 3224
YJR114W 5 72
YJR115W 4 28
YJR116W 2 9
YJR117W 1 240
YJR118C 3 98
YJR119C 4 70
YJR120W 7 454
YJR121W 1 3
YJR122W 3 16
YJR123W 0 0
YJR124C 3 4
YJR125C 4 1837
YJR126C 4 64
YJR127C 3 261
YJR128W 2 5
YJR129C 0 0
YJR130C 5 190
YJR131W 2 37
YJR132W 0 0
YJR133W 1 55
YJR134C 3 14
YJR135C 2 112
YJR135W-A 3 979
YJR136C 1 2
YJR137C 4 323
YJR138W 3 37
YJR139C 3 40
YJR140C 1 1
YJR140W-A 1 7
YJR141W 2 213
YJR142W 1 14
YJR143C 5 31
YJR144W 6 46
YJR145C 0 0
YJR146W 6 536
YJR147W 6 110
YJR148W 5 91
YJR149W 15 1064
YJR150C 6 4883
YJR151C 3 17
YJR151W-A 1 12
YJR152W 3 28
YJR153W 1 4
YJR154W 1 2
YJR155W 2 145
YJR156C 0 0
YJR157W 0 0
YJR158W 0 0
YJR159W 0 0
YJR160C 0 0
YJR161C 4 73
YJR162C 6 1387
YKL225W 3 72
YKL224C 0 0
YKL223W 0 0
YKL222C 3 46
YKL221W 5 44
YKL220C 2 30
YKL219W 4 332
YKL218C 0 0
YKL217W 3 19
YKL216W 6 136
YKL215C 2 92
YKL214C 2 72
YKL213C 3 26
YKL212W 0 0
YKL211C 5 89
YKL210W 3 51
YKL209C 6 53
YKL208W 2 29
YKL207W 7 201
YKL206C 1 41
YKL205W 0 0
YKL204W 5 35
YKL203C 0 0
YKL202W 0 0
YKL201C 2 88
YKL198C 3 893
YKL197C 5 6966
YKL196C 4 86
YKL195W 5 61
YKL194C 5 114
YKL193C 3 230
YKL192C 4 24
YKL191W 3 71
YKL190W 6 406
YKL189W 1 94
YKL188C 2 4
YKL187C 4 222
YKL186C 13 650
YKL185W 2 9
YKL184W 0 0
YKL183C-A 2 23
YKL183W 1 13
YKL182W 1 4
YKL181W 0 0
YKL180W 0 0
YKL179C 8 880
YKL178C 2 4
YKL177W 2 3
YKL176C 1 4
YKL175W 5 1122
YKL174C 2 57
YKL173W 3 40
YKL172W 0 0
YKL171W 3 37
YKL170W 4 96
YKL169C 1 3
YKL168C 2 8
YKL167C 7 143
YKL166C 3 13
YKL165C-A 7 205
YKL165C 3 19
YKL164C 1 3
YKL163W 1 1
YKL162C-A 0 0
YKL162C 0 0
YKL161C 1 1
YKL160W 3 7
YKL159C 5 94
YKL157W 1 1
YKL156W 9 475
YKL156C-A 1 3
YKL155C 2 9
YKL154W 3 77
YKL153W 5 182
YKL152C 2 128
YKL151C 7 748
YKL150W 9 2091
YKL149C 2 15
YKL148C 1 7
YKL147C 5 46
YKL146W 8 555
YKL145W 2 7
YKL145W-A 0 0
YKL144C 2 5
YKL143W 6 339
YKL142W 3 47
YKL141W 3 57
YKL140W 2 71
YKL139W 0 0
YKL138C-A 3 30
YKL138C 2 175
YKL137W 4 192
YKL136W 3 45
YKL135C 2 5
YKL134C 5 37
YKL133C 2 26
YKL132C 0 0
YKL131W 1 9
YKL130C 2 155
YKL129C 2 33
YKL128C 3 4
YKL127W 3 268
YKL126W 0 0
YKL125W 0 0
YKL124W 0 0
YKL123W 2 9
YKL122C 2 7
YKL121W 0 0
YKL120W 1 1
YKL119C 1 4
YKL118W 2 8
YKL117W 6 73
YKL116C 3 54
YKL115C 1 5
YKL114C 5 70
YKL113C 5 116
YKL112W 2 20
YKL111C 0 0
YKL110C 5 55
YKL109W 4 87
YKL108W 3 142
YKL107W 0 0
YKL106C-A 1 6
YKL106W 0 0
YKL105C 0 0
YKL104C 0 0
YKL103C 3 11
YKL102C 5 96
YKL101W 2 4
YKL100C 9 391
YKL100W-A 0 0
YKL099C 2 14
YKL098W 4 147
YKL097C 2 5
YKL096C-B 0 0
YKL096W-A 0 0
YKL096W 3 30
YKL095W 1 1
YKL094W 9 176
YKL093W 2 11
YKL092C 0 0
YKL091C 5 216
YKL090W 9 395
YKL089W 3 120
YKL088W 4 28
YKL087C 2 5
YKL086W 5 112
YKL085W 1 1
YKL084W 8 102
YKL083W 3 7
YKL082C 0 0
YKL081W 5 27
YKL080W 1 3
YKL079W 0 0
YKL078W 5 162
YKL077W 2 27
YKL076C 1 10
YKL075C 1 8
YKL074C 5 81
YKL073W 5 77
YKL072W 0 0
YKL071W 0 0
YKL070W 1 2
YKL069W 8 339
YKL068W-A 5 337
YKL068W 1 1
YKL067W 0 0
YKL066W 0 0
YKL065W-A 3 28
YKL065C 3 23
YKL064W 1 79
YKL063C 2 16
YKL062W 0 0
YKL061W 1 15
YKL060C 5 125
YKL059C 0 0
YKL058W 6 34
YKL057C 2 14
YKL056C 1 28
YKL055C 0 0
YKL054C 1 66
YKL053C-A 2 3
YKL053W 5 10
YKL052C 12 250
YKL051W 7 110
YKL050C 2 2
YKL049C 0 0
YKL048C 1 8
YKL047W 3 15
YKL046C 5 107
YKL045W 3 304
YKL044W 7 143
YKL043W 0 0
YKL042W 0 0
YKL041W 1 97
YKL040C 0 0
YKL039W 3 40
YKL038W 1 518
YKL037W 11 640
YKL036C 1 1
YKL035W 1 4
YKL034W 0 0
YKL033W-A 1 34
YKL033W 6 113
YKL032C 1 1
YKL031W 1 1
YKL030W 7 193
YKL029C 4 37
YKL028W 3 119
YKL027W 0 0
YKL026C 9 120
YKL025C 4 88
YKL024C 0 0
YKL023C-A 2 89
YKL023W 20 2627
YKL022C 3 334
YKL021C 1 9
YKL020C 4 903
YKL019W 6 172
YKL018C-A 2 23
YKL018W 4 105
YKL017C 4 694
YKL016C 0 0
YKL015W 0 0
YKL014C 1 10
YKL013C 1 14
YKL012W 1 176
YKL011C 3 121
YKL010C 1 301
YKL009W 5 99
YKL008C 4 124
YKL007W 12 680
YKL006C-A 3 44
YKL006W 0 0
YKL005C 2 55
YKL004W 2 32
YKL003C 2 8
YKL002W 3 44
YKL001C 3 37
YKR001C 2 15
YKR002W 1 22
YKR003W 0 0
YKR004C 3 51
YKR005C 3 40
YKR006C 6 57
YKR007W 5 56
YKR008W 3 80
YKR009C 4 9
YKR010C 1 11
YKR011C 0 0
YKR012C 3 1769
YKR013W 5 111
YKR014C 1 4
YKR015C 1 1
YKR016W 2 26
YKR017C 2 25
YKR018C 5 137
YKR019C 0 0
YKR020W 5 124
YKR021W 1 2
YKR022C 1 16
YKR023W 3 160
YKR024C 1 2
YKR025W 3 161
YKR026C 0 0
YKR027W 3 80
YKR028W 1 2
YKR029C 7 710
YKR030W 1 1
YKR031C 2 33
YKR032W 1 1
YKR033C 0 0
YKR034W 1 12
YKR035C 2 14
YKR035W-A 3 227
YKR036C 4 35
YKR037C 4 37
YKR038C 14 647
YKR039W 5 22
YKR040C 6 3018
YKR041W 9 100
YKR042W 2 5
YKR043C 1 1
YKR044W 1 22
YKR045C 2 73
YKR046C 9 169
YKR047W 4 15
YKR048C 4 124
YKR049C 5 75
YKR050W 3 3559
YKR051W 1 176
YKR052C 3 417
YKR053C 1 2
YKR054C 2 545
YKR055W 3 948
YKR056W 2 31
YKR057W 4 94
YKR058W 2 4
YKR059W 1 1
YKR060W 1 1
YKR061W 2 36
YKR062W 1 4
YKR063C 5 121
YKR064W 3 74
YKR065C 5 67
YKR066C 11 530
YKR067W 4 82
YKR068C 6 80
YKR069W 1 2
YKR070W 7 99
YKR071C 1 1
YKR072C 4 70
YKR073C 4 59
YKR074W 5 295
YKR075C 1 281
YKR075W-A 0 0
YKR076W 1 11
YKR077W 2 31
YKR078W 3 108
YKR079C 1 29
YKR080W 0 0
YKR081C 8 123
YKR082W 1 263
YKR083C 1 16
YKR084C 0 0
YKR085C 1 17
YKR086W 3 11
YKR087C 2 25
YKR088C 3 32
YKR089C 4 4
YKR090W 1 2
YKR091W 1 5
YKR092C 6 157
YKR093W 6 26
YKR094C 3 14
YKR095W 3 64
YKR095W-A 5 300
YKR096W 2 8
YKR097W 1 6
YKR098C 3 62
YKR099W 0 0
YKR100C 2 47
YKR101W 8 252
YKR102W 3 11
YKR103W 0 0
YKR104W 1 6
YKR105C 2 8
YKR106W 0 0
YLL067C 0 0
YLL067W-A 0 0
YLL066W-B 0 0
YLL066C 0 0
YLL066W-A 0 0
YLL065W 0 0
YLL064C 0 0
YLL063C 14 2302
YLL062C 0 0
YLL061W 12 656
YLL060C 14 575
YLL059C 3 114
YLL058W 0 0
YLL057C 1 8
YLL056C 3 181
YLL055W 1 1
YLL054C 0 0
YLL053C 2 15
YLL052C 3 11
YLL051C 3 235
YLL050C 1 31
YLL049W 5 189
YLL048C 0 0
YLL047W 2 15
YLL046C 0 0
YLL045C 4 211
YLL044W 1 14
YLL043W 2 68
YLL042C 5 155
YLL041C 7 211
YLL040C 0 0
YLL039C 2 70
YLL038C 2 16
YLL037W 0 0
YLL036C 3 283
YLL035W 3 89
YLL034C 2 170
YLL033W 11 913
YLL032C 4 310
YLL031C 3 63
YLL030C 1 2
YLL029W 0 0
YLL028W 1 3
YLL027W 1 17
YLL026W 3 87
YLL025W 0 0
YLL024C 2 14
YLL023C 4 2256
YLL022C 3 334
YLL021W 1 1
YLL020C 2 58
YLL019C 1 28
YLL019W-A 0 0
YLL018C-A 8 278
YLL018C 1 2
YLL015W 2 13
YLL014W 5 3296
YLL013C 0 0
YLL012W 1 3
YLL011W 4 25
YLL010C 1 2
YLL009C 8 1216
YLL008W 1 1
YLL007C 1 2
YLL006W-A 0 0
YLL006W 3 52
YLL005C 3 65
YLL004W 1 3
YLL003W 2 11
YLL002W 5 70
YLL001W 4 11
YLR001C 4 15
YLR002C 2 99
YLR003C 8 607
YLR004C 4 283
YLR005W 6 434
YLR006C 0 0
YLR007W 3 378
YLR008C 2 183
YLR009W 6 20
YLR010C 4 30
YLR011W 0 0
YLR012C 1 18
YLR013W 0 0
YLR014C 2 24
YLR015W 2 30
YLR016C 3 33
YLR017W 1 225
YLR018C 0 0
YLR019W 1 15
YLR020C 4 32
YLR021W 5 26
YLR022C 1 46
YLR023C 3 32
YLR024C 0 0
YLR025W 1 17
YLR026C 2 7
YLR027C 9 46
YLR028C 8 218
YLR029C 2 6
YLR030W 4 93
YLR031W 1 5
YLR032W 5 180
YLR033W 3 68
YLR034C 4 90
YLR035C 5 152
YLR036C 6 652
YLR037C 2 55
YLR038C 7 65
YLR039C 1 1
YLR040C 1 182
YLR041W 3 16
YLR042C 1 1
YLR043C 6 597
YLR044C 4 26
YLR045C 2 486
YLR046C 1 1
YLR047C 1 457
YLR048W 0 0
YLR049C 4 24
YLR050C 4 397
YLR051C 0 0
YLR052W 1 3
YLR053C 1 59
YLR054C 0 0
YLR055C 4 16
YLR056W 1 35
YLR057W 5 223
YLR058C 4 23
YLR059C 2 521
YLR060W 2 8
YLR061W 4 971
YLR062C 2 51
YLR063W 4 50
YLR064W 3 92
YLR065C 3 88
YLR066W 2 6
YLR067C 1 18
YLR068W 1 6
YLR069C 1 2
YLR070C 7 867
YLR071C 2 53
YLR072W 4 139
YLR073C 3 15
YLR074C 3 186
YLR075W 2 71
YLR076C 0 0
YLR077W 3 11
YLR078C 5 21
YLR079W 4 40
YLR080W 0 0
YLR081W 4 4800
YLR082C 2 5
YLR083C 0 0
YLR084C 3 8
YLR085C 2 164
YLR086W 0 0
YLR087C 3 12
YLR088W 2 4
YLR089C 0 0
YLR090W 3 35
YLR091W 5 154
YLR092W 7 360
YLR093C 2 4
YLR094C 7 57
YLR095C 4 79
YLR096W 2 35
YLR097C 2 2
YLR098C 5 365
YLR099C 6 149
YLR099W-A 5 234
YLR100W 1 2
YLR101C 2 4
YLR102C 6 257
YLR103C 0 0
YLR104W 5 228
YLR105C 2 144
YLR106C 0 0
YLR107W 3 69
YLR108C 5 101
YLR109W 3 169
YLR110C 2 106
YLR111W 13 948
YLR112W 9 164
YLR113W 4 153
YLR114C 0 0
YLR115W 5 90
YLR116W 2 3
YLR117C 3 34
YLR118C 6 2175
YLR119W 7 2195
YLR120C 3 108
YLR120W-A 4 37
YLR121C 4 41
YLR122C 0 0
YLR123C 2 40
YLR124W 0 0
YLR125W 0 0
YLR126C 2 7
YLR127C 0 0
YLR128W 2 21
YLR129W 3 564
YLR130C 1 38
YLR131C 0 0
YLR132C 2 25
YLR133W 3 80
YLR134W 0 0
YLR135W 2 23
YLR136C 2 29
YLR137W 9 171
YLR138W 0 0
YLR139C 6 582
YLR140W 0 0
YLR141W 6 44
YLR142W 7 326
YLR143W 3 14
YLR144C 3 10
YLR145W 6 72
YLR146C 1 2
YLR146W-A 4 101
YLR147C 3 90
YLR148W 5 95
YLR149C 6 55
YLR149C-A 2 97
YLR150W 2 43
YLR151C 2 5
YLR152C 1 26
YLR153C 2 17
YLR154C 11 1494
YLR154W-A 0 0
YLR154W-B 0 0
YLR154W-C 0 0
YLR154W-E 0 0
YLR154W-F 0 0
YLR154C-G 0 0
YLR154C-H 0 0
YLR155C 0 0
YLR156W 0 0
YLR156C-A 0 0
YLR157C 0 0
YLR157W-D 0 0
YLR157W-E 0 0
YLR157C-C 0 0
YLR158C 0 0
YLR159W 0 0
YLR159C-A 0 0
YLR160C 0 0
YLR161W 0 0
YLR162W 2 4
YLR162W-A 0 0
YLR163C 2 46
YLR163W-A 5 115
YLR164W 1 1
YLR165C 7 637
YLR166C 4 1592
YLR167W 2 6
YLR168C 3 567
YLR169W 1 1
YLR170C 8 230
YLR171W 2 2
YLR172C 6 47
YLR173W 3 124
YLR174W 7 301
YLR175W 7 70
YLR176C 6 102
YLR177W 2 10
YLR178C 3 33
YLR179C 4 70
YLR180W 2 15
YLR181C 0 0
YLR182W 4 93
YLR183C 0 0
YLR184W 1 10
YLR185W 3 45
YLR186W 1 13
YLR187W 0 0
YLR188W 0 0
YLR189C 3 13
YLR190W 1 8
YLR191W 4 45
YLR192C 2 24
YLR193C 1 39
YLR194C 5 103
YLR195C 3 224
YLR196W 2 5
YLR197W 1 4
YLR198C 0 0
YLR199C 2 210
YLR200W 0 0
YLR201C 6 342
YLR202C 0 0
YLR203C 5 183
YLR204W 7 772
YLR205C 9 279
YLR206W 5 165
YLR207W 1 4
YLR208W 1 1
YLR209C 2 46
YLR210W 0 0
YLR211C 3 39
YLR212C 1 40
YLR213C 1 6
YLR214W 4 98
YLR215C 3 6
YLR216C 4 1237
YLR217W 1 1
YLR218C 3 159
YLR219W 4 85
YLR220W 3 312
YLR221C 2 11
YLR222C 2 9
YLR222C-A 2 34
YLR223C 0 0
YLR224W 1 10
YLR225C 0 0
YLR226W 1 78
YLR227C 0 0
YLR228C 1 30
YLR229C 0 0
YLR230W 3 35
YLR231C 4 7
YLR232W 0 0
YLR233C 3 241
YLR234W 3 67
YLR235C 13 4440
YLR236C 6 241
YLR237W 5 35
YLR238W 1 125
YLR239C 3 57
YLR240W 1 10
YLR241W 7 274
YLR242C 0 0
YLR243W 3 20
YLR244C 4 52
YLR245C 6 52
YLR246W 3 114
YLR247C 2 35
YLR248W 2 33
YLR249W 1 18
YLR250W 2 17
YLR251W 2 33
YLR252W 1 16
YLR253W 0 0
YLR254C 3 24
YLR255C 3 15
YLR256W 1 292
YLR257W 2 5
YLR258W 4 66
YLR259C 3 86
YLR260W 1 1
YLR261C 1 14
YLR262C 1 1
YLR262C-A 1 3
YLR263W 0 0
YLR264W 4 26
YLR264C-A 10 474
YLR265C 5 49
YLR266C 11 487
YLR267W 3 88
YLR268W 3 55
YLR269C 1 1
YLR270W 0 0
YLR271W 2 15
YLR272C 0 0
YLR273C 0 0
YLR274W 2 3
YLR275W 3 86
YLR276C 0 0
YLR277C 3 108
YLR278C 3 66
YLR279W 7 147
YLR280C 0 0
YLR281C 14 5617
YLR282C 1 2
YLR283W 5 83
YLR284C 0 0
YLR285W 0 0
YLR285C-A 5 81
YLR286C 0 0
YLR286W-A 1 2
YLR287C 1 8
YLR287C-A 5 88
YLR288C 4 37
YLR289W 4 63
YLR290C 1 2
YLR291C 1 60
YLR292C 3 220
YLR293C 0 0
YLR294C 7 138
YLR295C 1 10
YLR296W 6 54
YLR297W 3 150
YLR298C 13 690
YLR299W 5 11
YLR299C-A 6 772
YLR300W 0 0
YLR301W 8 96
YLR302C 0 0
YLR303W 7 81
YLR304C 6 145
YLR305C 4 14
YLR306W 3 194
YLR307W 0 0
YLR307C-A 0 0
YLR308W 0 0
YLR309C 1 6
YLR310C 1 43
YLR311C 5 219
YLR312C 3 12
YLR312W-A 12 594
YLR313C 2 22
YLR314C 3 22
YLR315W 3 7
YLR316C 11 1121
YLR317W 4 369
YLR318W 3 118
YLR319C 0 0
YLR320W 2 12
YLR321C 7 26
YLR322W 5 348
YLR323C 4 338
YLR324W 6 44
YLR325C 5 69
YLR326W 5 91
YLR327C 1 5
YLR328W 3 356
YLR329W 0 0
YLR330W 8 251
YLR331C 0 0
YLR332W 2 8
YLR333C 3 31
YLR334C 2 15
YLR335W 5 138
YLR336C 0 0
YLR337C 0 0
YLR338W 6 83
YLR339C 0 0
YLR340W 2 2
YLR341W 3 45
YLR342W 0 0
YLR342W-A 1 4
YLR343W 0 0
YLR344W 2 42
YLR345W 1 95
YLR346C 2 86
YLR347C 0 0
YLR347W-A 1 2
YLR348C 10 158
YLR349W 5 109
YLR350W 0 0
YLR351C 7 70
YLR352W 3 703
YLR353W 2 10
YLR354C 10 809
YLR355C 0 0
YLR356W 3 34
YLR357W 7 321
YLR358C 7 80
YLR359W 1 12
YLR360W 2 8
YLR361C 3 80
YLR361C-A 3 14
YLR362W 4 147
YLR363C 0 0
YLR363W-A 0 0
YLR364W 3 26
YLR365W 4 61
YLR364C-A 5 153
YLR366W 0 0
YLR367W 5 70
YLR368W 6 176
YLR369W 2 5
YLR370C 1 1
YLR371W 2 262
YLR372W 1 1
YLR373C 4 706
YLR374C 3 24
YLR375W 3 554
YLR376C 10 682
YLR377C 0 0
YLR378C 1 15
YLR379W 4 47
YLR380W 4 274
YLR381W 1 8
YLR382C 2 21
YLR383W 1 2
YLR384C 9 182
YLR385C 2 74
YLR386W 4 315
YLR387C 2 397
YLR388W 3 584
YLR389C 2 426
YLR390W 6 586
YLR390W-A 11 268
YLR392C 1 3
YLR393W 2 106
YLR394W 0 0
YLR395C 2 48
YLR396C 1 10
YLR397C 5 994
YLR398C 3 89
YLR399C 5 524
YLR399W-A 0 0
YLR400W 0 0
YLR401C 4 214
YLR402W 3 194
YLR403W 0 0
YLR404W 4 33
YLR405W 3 102
YLR406C 5 33
YLR406C-A 12 2517
YLR407W 1 1
YLR408C 7 172
YLR409C 5 971
YLR410W 3 241
YLR411W 6 150
YLR412W 4 48
YLR412C-A 0 0
YLR413W 1 7
YLR414C 4 210
YLR415C 3 99
YLR416C 4 391
YLR417W 3 318
YLR418C 0 0
YLR419W 0 0
YLR420W 3 12
YLR421C 8 59
YLR422W 0 0
YLR423C 1 4
YLR424W 2 32
YLR425W 5 69
YLR426W 4 332
YLR427W 1 1
YLR428C 7 178
YLR429W 5 237
YLR430W 1 16
YLR431C 1 485
YLR432W 2 2
YLR433C 0 0
YLR434C 3 46
YLR435W 0 0
YLR436C 4 238
YLR437C 3 34
YLR437C-A 1 1
YLR438W 7 313
YLR438C-A 3 4
YLR439W 1 3
YLR440C 0 0
YLR441C 3 164
YLR442C 1 1
YLR443W 2 18
YLR444C 0 0
YLR445W 3 29
YLR446W 3 9
YLR447C 3 77
YLR448W 2 5
YLR449W 2 3
YLR450W 3 351
YLR451W 2 13
YLR452C 6 340
YLR453C 7 767
YLR454W 8 522
YLR455W 0 0
YLR456W 6 327
YLR457C 6 148
YLR458W 4 140
YLR459W 6 375
YLR460C 5 205
YLR461W 0 0
YLR462W 0 0
YLR463C 0 0
YLR464W 0 0
YLR465C 0 0
YLR466W 0 0
YLR466C-A 0 0
YLR466C-B 0 0
YLR467W 0 0
YLR467C-A 0 0
YML133C 0 0
YML133W-B 0 0
YML133W-A 0 0
YML132W 0 0
YML131W 2 497
YML130C 3 13
YML129C 4 443
YML128C 3 22
YML127W 1 32
YML126C 4 39
YML125C 5 104
YML124C 2 20
YML123C 3 137
YML122C 6 24
YML121W 1 1
YML120C 4 2201
YML119W 2 6
YML118W 0 0
YML117W 2 86
YML116W-A 2 96
YML116W 0 0
YML115C 2 4
YML114C 1 4
YML113W 6 166
YML112W 3 5
YML111W 0 0
YML110C 8 286
YML109W 2 9
YML108W 3 73
YML107C 4 109
YML106W 1 127
YML105C 2 5
YML104C 1 9
YML103C 2 43
YML102W 3 298
YML101C-A 15 414
YML101C 9 567
YML100W-A 3 157
YML100W 5 223
YML099W-A 2 68
YML099C 3 5
YML098W 3 62
YML097C 8 1279
YML096W 0 0
YML095C 2 40
YML094C-A 1 9
YML094W 2 22
YML093W 5 57
YML092C 0 0
YML091C 2 29
YML090W 3 73
YML089C 11 925
YML088W 13 696
YML087C 4 45
YML086C 0 0
YML085C 3 66
YML084W 3 66
YML083C 0 0
YML082W 3 233
YML081C-A 6 314
YML081W 0 0
YML080W 2 44
YML079W 6 197
YML078W 1 1
YML077W 3 862
YML076C 7 473
YML075C 1 80
YML074C 3 62
YML073C 4 20
YML072C 4 164
YML071C 3 22
YML070W 5 49
YML069W 2 5
YML068W 1 1
YML067C 1 9
YML066C 0 0
YML065W 1 7
YML064C 0 0
YML063W 5 210
YML062C 1 26
YML061C 0 0
YML060W 2 17
YML059C 1 7
YML058W-A 5 141
YML058W 8 389
YML057C-A 1 9
YML057W 0 0
YML056C 0 0
YML055W 5 40
YML054C 5 110
YML054C-A 5 1165
YML053C 0 0
YML052W 4 82
YML051W 5 239
YML050W 12 988
YML049C 5 43
YML048W 6 51
YML047W-A 0 0
YML047C 0 0
YML046W 1 33
YML043C 2 63
YML042W 5 195
YML041C 6 126
YML038C 5 123
YML037C 1 5
YML036W 1 6
YML035C 1 5
YML034C-A 2 25
YML034W 1 7
YML032C 1 2
YML031C-A 1 9
YML031W 0 0
YML030W 1 101
YML029W 3 20
YML028W 4 280
YML027W 3 48
YML026C 2 50
YML025C 3 26
YML024W 5 97
YML023C 3 103
YML022W 2 18
YML021C 16 6480
YML020W 2 12
YML019W 6 150
YML018C 1 2
YML017W 3 86
YML016C 0 0
YML015C 1 102
YML014W 5 31
YML013W 10 995
YML012C-A 7 1139
YML012W 3 738
YML011C 10 5449
YML010W 5 117
YML009W-B 0 0
YML009C-A 5 219
YML009C 13 478
YML008C 1 18
YML007C-A 12 847
YML007W 0 0
YML006C 0 0
YML005W 4 65
YML004C 7 191
YML003W 4 473
YML002W 0 0
YML001W 2 16
YMR001C 0 0
YMR001C-A 7 267
YMR002W 4 2054
YMR003W 3 64
YMR004W 3 901
YMR005W 3 48
YMR006C 2 11
YMR007W 1 85
YMR008C 1 70
YMR009W 4 152
YMR010W 3 10
YMR011W 1 1
YMR012W 0 0
YMR013C 2 495
YMR013C-A 2 7
YMR013W-A 0 0
YMR014W 12 133
YMR015C 6 344
YMR016C 1 1
YMR017W 2 41
YMR018W 3 59
YMR019W 3 92
YMR020W 1 12
YMR021C 4 307
YMR022W 4 76
YMR023C 6 105
YMR024W 2 249
YMR025W 5 96
YMR026C 0 0
YMR027W 2 137
YMR028W 4 171
YMR029C 3 13
YMR030W 2 95
YMR031C 0 0
YMR031W-A 3 129
YMR032W 1 3
YMR030W-A 1 1
YMR033W 1 2
YMR034C 1 1
YMR035W 4 66
YMR036C 0 0
YMR037C 2 31
YMR038C 2 199
YMR039C 2 45
YMR040W 3 125
YMR041C 7 329
YMR042W 4 99
YMR043W 5 251
YMR044W 3 79
YMR046W-A 0 0
YMR047C 2 29
YMR048W 8 800
YMR049C 8 415
YMR052W 3 70
YMR052C-A 2 8
YMR053C 4 29
YMR054W 3 1001
YMR055C 3 90
YMR056C 6 114
YMR057C 6 126
YMR058W 6 126
YMR059W 3 152
YMR060C 6 343
YMR061W 7 108
YMR062C 3 5
YMR063W 7 252
YMR064W 3 57
YMR065W 2 14
YMR066W 4 11
YMR067C 2 9
YMR068W 3 33
YMR069W 5 692
YMR070W 0 0
YMR071C 8 78
YMR072W 6 37
YMR073C 3 77
YMR074C 5 332
YMR075W 3 51
YMR075C-A 1 1
YMR076C 1 22
YMR077C 3 53
YMR078C 9 628
YMR079W 8 184
YMR080C 0 0
YMR081C 0 0
YMR082C 6 31
YMR083W 3 96
YMR084W 2 36
YMR085W 3 71
YMR086W 6 184
YMR086C-A 5 184
YMR087W 4 177
YMR088C 1 40
YMR089C 0 0
YMR090W 0 0
YMR091C 1 12
YMR092C 2 32
YMR093W 3 148
YMR094W 2 36
YMR095C 2 36
YMR096W 1 7
YMR097C 3 7
YMR098C 1 9
YMR099C 6 60
YMR100W 1 38
YMR101C 0 0
YMR102C 1 1
YMR103C 13 950
YMR104C 4 57
YMR105C 1 46
YMR105W-A 7 369
YMR106C 3 141
YMR107W 4 21
YMR108W 0 0
YMR109W 5 56
YMR110C 8 1075
YMR111C 2 53
YMR112C 4 128
YMR113W 1 11
YMR114C 4 122
YMR115W 3 101
YMR116C 2 36
YMR117C 8 315
YMR118C 4 50
YMR119W 0 0
YMR119W-A 1 23
YMR120C 2 29
YMR121C 6 111
YMR122C 7 36
YMR122W-A 3 21
YMR123W 5 147
YMR124W 1 2
YMR125W 1 10
YMR126C 0 0
YMR127C 0 0
YMR128W 2 60
YMR129W 5 106
YMR130W 0 0
YMR131C 1 37
YMR132C 4 84
YMR133W 1 3
YMR134W 1 8
YMR135C 10 243
YMR135W-A 2 7
YMR136W 3 83
YMR137C 7 117
YMR138W 3 10
YMR139W 8 777
YMR140W 0 0
YMR141C 7 110
YMR142C 2 7
YMR141W-A 0 0
YMR143W 3 15
YMR144W 0 0
YMR145C 4 61
YMR146C 2 28
YMR147W 5 164
YMR148W 0 0
YMR149W 7 1025
YMR150C 4 29
YMR151W 6 505
YMR152W 6 164
YMR153W 4 126
YMR153C-A 2 15
YMR154C 4 81
YMR155W 10 803
YMR156C 1 4
YMR157C 6 1045
YMR158W 6 183
YMR158C-A 1 6
YMR158W-B 1 3
YMR159C 5 154
YMR160W 2 70
YMR161W 4 128
YMR162C 5 35
YMR163C 3 14
YMR164C 0 0
YMR165C 0 0
YMR166C 2 127
YMR167W 2 22
YMR168C 11 411
YMR169C 2 3
YMR170C 1 1
YMR171C 1 21
YMR172W 0 0
YMR172C-A 0 0
YMR173W 1 2
YMR173W-A 3 8
YMR174C 3 67
YMR175W 5 326
YMR175W-A 2 53
YMR176W 3 107
YMR177W 0 0
YMR178W 10 156
YMR179W 1 3
YMR180C 6 180
YMR181C 1 7
YMR182C 1 12
YMR182W-A 7 480
YMR183C 0 0
YMR184W 5 102
YMR185W 5 134
YMR186W 4 14
YMR187C 2 4
YMR188C 2 5
YMR189W 6 158
YMR190C 1 2
YMR191W 10 1089
YMR192W 5 65
YMR193W 4 57
YMR193C-A 2 28
YMR194W 6 106
YMR194C-B 5 1783
YMR194C-A 9 846
YMR195W 7 109
YMR196W 2 21
YMR197C 3 42
YMR198W 1 8
YMR199W 1 63
YMR200W 0 0
YMR201C 3 167
YMR202W 7 377
YMR203W 4 98
YMR204C 1 102
YMR205C 0 0
YMR206W 7 677
YMR207C 3 51
YMR208W 2 25
YMR209C 4 48
YMR210W 6 318
YMR211W 3 13
YMR212C 0 0
YMR213W 4 9
YMR214W 8 2650
YMR215W 2 117
YMR216C 6 69
YMR217W 4 91
YMR218C 5 72
YMR219W 3 119
YMR220W 2 51
YMR221C 7 202
YMR222C 2 26
YMR223W 1 1
YMR224C 6 111
YMR225C 11 561
YMR226C 3 24
YMR227C 1 6
YMR228W 2 13
YMR229C 2 12
YMR230W 11 357
YMR230W-A 2 10
YMR231W 1 4
YMR232W 1 11
YMR233W 0 0
YMR234W 1 9
YMR235C 2 65
YMR236W 0 0
YMR237W 1 4
YMR238W 1 1
YMR239C 3 24
YMR240C 4 30
YMR241W 4 785
YMR242C 0 0
YMR242W-A 0 0
YMR243C 0 0
YMR244W 1 9
YMR244C-A 7 1013
YMR245W 1 1
YMR246W 8 68
YMR247C 3 52
YMR247W-A 0 0
YMR250W 0 0
YMR251W 3 97
YMR251W-A 0 0
YMR252C 7 2332
YMR253C 6 59
YMR254C 1 1
YMR255W 6 347
YMR256C 2 28
YMR257C 2 8
YMR258C 1 83
YMR259C 5 170
YMR260C 2 21
YMR261C 1 3
YMR262W 4 66
YMR263W 5 22
YMR264W 7 726
YMR265C 7 200
YMR266W 2 45
YMR267W 1 5
YMR268C 2 9
YMR269W 3 69
YMR270C 2 3
YMR271C 1 9
YMR272C 4 26
YMR272W-A 0 0
YMR272W-B 3 79
YMR273C 0 0
YMR274C 3 10
YMR275C 0 0
YMR276W 2 141
YMR277W 0 0
YMR278W 1 2
YMR279C 1 21
YMR280C 0 0
YMR281W 3 73
YMR282C 1 5
YMR283C 2 10
YMR284W 8 822
YMR285C 3 32
YMR286W 4 20
YMR287C 1 8
YMR288W 2 37
YMR289W 5 109
YMR290C 2 6
YMR290W-A 1 72
YMR291W 2 53
YMR292W 9 498
YMR293C 10 199
YMR294W 4 29
YMR294W-A 4 188
YMR295C 2 31
YMR296C 4 21
YMR297W 0 0
YMR298W 1 11
YMR299C 0 0
YMR300C 2 74
YMR301C 3 74
YMR302C 5 100
YMR303C 4 51
YMR304W 1 15
YMR304C-A 1 11
YMR305C 0 0
YMR306W 1 8
YMR306C-A 2 11
YMR307W 1 50
YMR307C-A 2 152
YMR308C 4 70
YMR309C 0 0
YMR310C 3 950
YMR311C 6 149
YMR312W 4 11
YMR313C 12 799
YMR314W 5 56
YMR315W 4 196
YMR315W-A 5 309
YMR316W 1 20
YMR316C-A 10 612
YMR316C-B 0 0
YMR317W 0 0
YMR318C 4 463
YMR319C 0 0
YMR320W 7 271
YMR321C 2 13
YMR322C 0 0
YMR323W 0 0
YMR324C 0 0
YMR325W 0 0
YMR326C 12 204
YNL339C 0 0
YNL339W-B 0 0
YNL339W-A 0 0
YNL338W 0 0
YNL337W 11 2103
YNL336W 0 0
YNL335W 0 0
YNL334C 3 96
YNL333W 2 4
YNL332W 0 0
YNL331C 2 15
YNL330C 3 127
YNL329C 3 22
YNL328C 6 328
YNL327W 1 2
YNL326C 3 60
YNL325C 5 68
YNL324W 0 0
YNL323W 0 0
YNL322C 6 822
YNL321W 7 481
YNL320W 3 112
YNL319W 0 0
YNL318C 0 0
YNL317W 7 123
YNL316C 3 14
YNL315C 5 379
YNL314W 0 0
YNL313C 0 0
YNL312W 1 4
YNL311C 9 161
YNL310C 2 76
YNL309W 3 7
YNL308C 2 7
YNL307C 1 22
YNL306W 1 1
YNL305C 4 19
YNL304W 4 215
YNL303W 2 239
YNL302C 0 0
YNL301C 1 10
YNL300W 3 12
YNL299W 0 0
YNL298W 1 264
YNL297C 8 157
YNL296W 1 31
YNL295W 3 94
YNL294C 3 254
YNL293W 7 246
YNL292W 4 28
YNL291C 1 1
YNL290W 5 58
YNL289W 1 6
YNL288W 4 70
YNL287W 2 11
YNL286W 1 33
YNL285W 2 102
YNL284C 4 19
YNL283C 0 0
YNL282W 17 1238
YNL281W 1 6
YNL280C 1 2
YNL279W 0 0
YNL278W 2 48
YNL277W-A 6 180
YNL277W 0 0
YNL276C 3 33
YNL275W 6 57
YNL274C 0 0
YNL273W 1 126
YNL272C 1 25
YNL271C 0 0
YNL270C 3 16
YNL269W 0 0
YNL268W 4 49
YNL267W 0 0
YNL266W 1 4
YNL265C 8 348
YNL264C 2 454
YNL263C 0 0
YNL262W 2 26
YNL261W 1 207
YNL260C 7 115
YNL259C 4 171
YNL258C 3 445
YNL257C 1 2
YNL256W 0 0
YNL255C 4 805
YNL254C 9 1305
YNL253W 7 256
YNL252C 1 4
YNL251C 1 5
YNL250W 2 96
YNL249C 1 3
YNL248C 2 55
YNL247W 5 154
YNL246W 5 303
YNL245C 6 1907
YNL244C 3 6
YNL243W 7 609
YNL242W 0 0
YNL241C 5 316
YNL240C 4 188
YNL239W 4 177
YNL238W 0 0
YNL237W 4 30
YNL236W 4 207
YNL235C 1 39
YNL234W 7 113
YNL233W 2 2
YNL232W 1 13
YNL231C 0 0
YNL230C 3 26
YNL229C 3 146
YNL228W 7 5105
YNL227C 3 15
YNL226W 1 79
YNL225C 5 82
YNL224C 0 0
YNL223W 5 1323
YNL222W 4 39
YNL221C 3 99
YNL220W 5 33
YNL219C 2 2
YNL218W 3 47
YNL217W 6 512
YNL216W 3 139
YNL215W 3 31
YNL214W 2 23
YNL213C 4 39
YNL212W 1 55
YNL211C 3 12
YNL210W 2 7
YNL209W 8 105
YNL208W 9 172
YNL207W 3 25
YNL206C 4 428
YNL205C 1 1
YNL204C 2 38
YNL203C 4 102
YNL202W 0 0
YNL201C 0 0
YNL200C 0 0
YNL199C 0 0
YNL198C 0 0
YNL197C 0 0
YNL196C 1 4
YNL195C 0 0
YNL194C 3 55
YNL193W 4 234
YNL192W 4 18
YNL191W 5 49
YNL190W 0 0
YNL189W 0 0
YNL188W 0 0
YNL187W 2 28
YNL186W 1 4
YNL185C 0 0
YNL184C 3 18
YNL183C 4 187
YNL182C 2 6
YNL181W 0 0
YNL180C 2 162
YNL179C 5 80
YNL178W 1 4
YNL177C 8 145
YNL176C 2 13
YNL175C 7 110
YNL174W 2 33
YNL173C 0 0
YNL172W 1 4
YNL171C 0 0
YNL170W 1 34
YNL169C 1 43
YNL168C 1 3
YNL167C 1 20
YNL166C 2 16
YNL165W 1 2
YNL164C 3 14
YNL163C 1 1
YNL162W-A 1 7
YNL162W 4 28
YNL161W 6 137
YNL160W 4 39
YNL159C 3 41
YNL158W 7 102
YNL157W 7 41
YNL156C 1 16
YNL155W 3 100
YNL154C 4 386
YNL153C 10 869
YNL152W 5 84
YNL151C 5 306
YNL150W 3 41
YNL149C 6 444
YNL148C 3 7
YNL147W 4 118
YNL146C-A 3 9
YNL146W 2 6
YNL145W 0 0
YNL144C 6 80
YNL144W-A 2 9
YNL143C 1 18
YNL142W 2 15
YNL141W 1 1
YNL140C 0 0
YNL139C 0 0
YNL138W-A 5 109
YNL138W 3 147
YNL137C 1 4
YNL136W 5 13
YNL135C 3 32
YNL134C 2 7
YNL133C 4 1224
YNL132W 1 3
YNL131W 0 0
YNL130C 6 647
YNL130C-A 1 2
YNL129W 1 2
YNL128W 1 84
YNL127W 1 1
YNL126W 3 83
YNL125C 6 61
YNL124W 3 452
YNL123W 8 440
YNL122C 10 20567
YNL121C 5 262
YNL120C 0 0
YNL119W 3 212
YNL118C 1 12
YNL117W 2 10
YNL116W 2 38
YNL115C 3 299
YNL114C 0 0
YNL113W 1 1
YNL112W 1 1
YNL111C 1 2
YNL110C 2 106
YNL109W 2 13
YNL108C 1 2
YNL107W 5 22
YNL106C 2 51
YNL105W 0 0
YNL104C 6 178
YNL103W-A 4 141
YNL103W 1 1
YNL102W 0 0
YNL101W 2 29
YNL100W 6 159
YNL099C 3 283
YNL098C 0 0
YNL097C-B 4 55
YNL097C 1 7
YNL097W-A 3 7
YNL096C 3 8
YNL095C 0 0
YNL094W 0 0
YNL093W 1 10
YNL092W 3 34
YNL091W 0 0
YNL090W 2 257
YNL089C 0 0
YNL088W 3 32
YNL087W 1 1
YNL086W 0 0
YNL085W 0 0
YNL084C 2 144
YNL083W 1 25
YNL082W 1 1
YNL081C 5 114
YNL080C 1 8
YNL079C 9 3183
YNL078W 3 78
YNL077W 0 0
YNL076W 0 0
YNL075W 4 536
YNL074C 7 460
YNL073W 7 187
YNL072W 4 183
YNL071W 3 297
YNL070W 4 85
YNL069C 0 0
YNL068C 6 104
YNL067W-A 3 74
YNL067W-B 6 78
YNL067W 6 39
YNL066W 1 791
YNL065W 1 5
YNL064C 1 15
YNL063W 4 81
YNL062C 2 8
YNL061W 0 0
YNL059C 5 260
YNL058C 1 2344
YNL057W 1 7
YNL056W 3 191
YNL055C 10 817
YNL054W 0 0
YNL053W 0 0
YNL052W 5 139
YNL051W 4 657
YNL050C 3 143
YNL049C 1 3
YNL048W 5 49
YNL047C 2 38
YNL046W 0 0
YNL045W 5 32
YNL044W 1 2
YNL043C 0 0
YNL042W-B 3 17
YNL042W 0 0
YNL041C 0 0
YNL040W 3 34
YNL039W 1 3
YNL038W 12 431
YNL037C 7 101
YNL036W 3 15
YNL035C 7 766
YNL034W 0 0
YNL033W 0 0
YNL032W 2 58
YNL031C 3 59
YNL030W 1 12
YNL029C 2 92
YNL028W 2 40
YNL027W 1 128
YNL026W 3 38
YNL025C 4 81
YNL024C-A 3 39
YNL024C 2 602
YNL023C 3 26
YNL022C 1 5
YNL021W 0 0
YNL020C 1 1
YNL019C 0 0
YNL018C 0 0
YNL017C 5 367
YNL016W 3 19
YNL015W 0 0
YNL014W 0 0
YNL013C 0 0
YNL012W 2 177
YNL011C 1 3
YNL010W 0 0
YNL009W 6 110
YNL008C 2 11
YNL007C 0 0
YNL006W 2 34
YNL005C 1 105
YNL004W 2 9
YNL003C 6 210
YNL002C 3 126
YNL001W 0 0
YNR001C 1 5
YNR001W-A 4 39
YNR002C 6 127
YNR003C 2 180
YNR003W-A 7 279
YNR004W 3 50
YNR005C 0 0
YNR006W 1 4
YNR007C 1 7
YNR008W 2 102
YNR009W 3 54
YNR010W 0 0
YNR011C 5 211
YNR012W 3 173
YNR013C 3 133
YNR014W 13 5930
YNR015W 10 3017
YNR016C 1 66
YNR017W 5 216
YNR018W 11 1353
YNR019W 4 66
YNR020C 6 201
YNR021W 4 177
YNR022C 5 207
YNR023W 2 69
YNR024W 1 408
YNR025C 0 0
YNR026C 3 587
YNR027W 4 46
YNR028W 2 121
YNR029C 3 51
YNR030W 0 0
YNR031C 1 1
YNR032W 2 90
YNR032C-A 7 88719
YNR033W 2 3
YNR034W 1 3
YNR034W-A 4 118
YNR035C 5 166
YNR036C 8 145
YNR037C 7 216
YNR038W 6 870
YNR039C 2 28
YNR040W 6 97
YNR041C 0 0
YNR042W 1 10
YNR043W 0 0
YNR044W 0 0
YNR045W 2 8
YNR046W 7 289
YNR047W 7 45
YNR048W 1 26
YNR049C 5 55
YNR050C 1 1
YNR051C 0 0
YNR052C 1 8
YNR053C 1 4
YNR054C 4 141
YNR055C 2 30
YNR056C 3 61
YNR057C 2 14
YNR058W 4 421
YNR059W 1 1
YNR060W 2 37
YNR061C 2 10
YNR062C 3 90
YNR063W 1 4
YNR064C 0 0
YNR065C 2 17
YNR066C 9 103
YNR067C 2 7
YNR068C 0 0
YNR069C 2 12
YNR070W 0 0
YNR071C 1 3
YNR072W 0 0
YNR073C 3 5
YNR074C 1 12
YNR075W 4 215
YNR075C-A 4 830
YNR076W 1 6
YNR077C 6 287
YOL166W-A 2 5
YOL166C 0 0
YOL165C 0 0
YOL164W-A 1 3
YOL164W 0 0
YOL163W 2 47
YOL162W 2 62
YOL161C 0 0
YOL160W 0 0
YOL159C-A 2 25
YOL159C 4 59
YOL158C 6 197
YOL157C 0 0
YOL156W 0 0
YOL155W-A 0 0
YOL155C 1 1
YOL154W 1 1
YOL152W 2 44
YOL151W 4 31
YOL150C 5 108
YOL149W 4 152
YOL148C 2 41
YOL147C 0 0
YOL146W 3 14
YOL145C 4 438
YOL144W 1 1
YOL143C 7 54
YOL142W 5 235
YOL141W 1 2
YOL140W 5 109
YOL139C 3 137
YOL138C 3 45
YOL137W 2 5
YOL136C 0 0
YOL135C 5 719
YOL134C 2 3
YOL133W 5 123
YOL132W 1 10
YOL131W 0 0
YOL130W 0 0
YOL129W 11 828
YOL128C 7 335
YOL127W 0 0
YOL126C 5 162
YOL125W 4 134
YOL124C 8 2550
YOL123W 2 144
YOL122C 1 17
YOL121C 8 230
YOL120C 0 0
YOL119C 4 56
YOL118C 4 1106
YOL117W 4 28
YOL116W 2 58
YOL115W 3 6
YOL114C 4 76
YOL113W 2 53
YOL112W 2 10
YOL111C 3 222
YOL110W 7 415
YOL109W 3 16
YOL108C 7 133
YOL107W 5 402
YOL106W 2 26
YOL105C 1 2
YOL104C 9 415
YOL103W 0 0
YOL102C 6 201
YOL101C 3 25
YOL100W 0 0
YOL099C 3 12
YOL098C 5 28
YOL097W-A 5 206
YOL097C 2 14
YOL096C 3 49
YOL095C 1 1
YOL094C 2 53
YOL093W 1 4
YOL092W 5 81
YOL091W 0 0
YOL090W 1 12
YOL089C 2 13
YOL088C 3 168
YOL087C 0 0
YOL086W-A 9 55
YOL086C 3 131
YOL085W-A 1 24
YOL085C 6 69
YOL084W 1 2
YOL083W 1 149
YOL083C-A 4 8
YOL082W 3 37
YOL081W 0 0
YOL080C 0 0
YOL079W 0 0
YOL078W 1 5
YOL077W-A 9 284
YOL077C 2 51
YOL076W 0 0
YOL075C 2 58
YOL073C 5 240
YOL072W 7 296
YOL071W 4 53
YOL070C 8 319
YOL069W 1 48
YOL068C 1 11
YOL067C 5 298
YOL066C 0 0
YOL065C 2 43
YOL064C 7 1658
YOL063C 3 68
YOL062C 6 597
YOL061W 2 19
YOL060C 2 2
YOL059W 3 259
YOL058W 3 161
YOL057W 7 296
YOL056W 1 1
YOL055C 0 0
YOL054W 3 101
YOL053W 3 8
YOL052C-A 1 2
YOL052C 2 82
YOL051W 2 129
YOL050C 2 125
YOL049W 10 2995
YOL048C 2 13
YOL047C 1 64
YOL046C 0 0
YOL045W 1 7
YOL044W 1 5
YOL043C 2 2
YOL042W 2 57
YOL041C 3 56
YOL040C 1 3
YOL039W 4 185
YOL038C-A 2 29
YOL038W 4 193
YOL037C 0 0
YOL036W 1 5
YOL035C 3 18
YOL034W 5 213
YOL033W 3 102
YOL032W 0 0
YOL031C 3 67
YOL030W 4 37
YOL029C 1 2
YOL028C 0 0
YOL027C 3 139
YOL026C 1 4
YOL025W 2 52
YOL024W 2 17
YOL023W 1 63
YOL022C 1 5
YOL021C 7 138
YOL020W 6 50
YOL019W-A 2 4
YOL019W 2 10
YOL018C 5 58
YOL017W 0 0
YOL016C 1 12
YOL015W 0 0
YOL014W 0 0
YOL013W-B 0 0
YOL013W-A 4 19
YOL013C 0 0
YOL012C 1 5
YOL011W 2 3
YOL010W 0 0
YOL009C 2 38
YOL008W 2 92
YOL007C 0 0
YOL006C 1 17
YOL005C 10 216
YOL004W 0 0
YOL003C 10 1357
YOL002C 6 62
YOL001W 4 138
YOR001W 8 1138
YOR002W 3 303
YOR003W 1 2
YOR004W 2 14
YOR005C 6 146
YOR006C 4 35
YOR007C 2 2
YOR008C 0 0
YOR008C-A 0 0
YOR008W-B 2 16
YOR009W 0 0
YOR010C 1 19
YOR011W 0 0
YOR011W-A 0 0
YOR012W 2 5
YOR013W 0 0
YOR014W 1 33
YOR015W 0 0
YOR016C 0 0
YOR017W 4 9
YOR018W 0 0
YOR019W 1 12
YOR020C 3 70
YOR020W-A 2 12
YOR021C 4 70
YOR022C 7 72
YOR023C 7 101
YOR024W 6 46
YOR025W 7 241
YOR026W 11 1330
YOR027W 2 12
YOR028C 0 0
YOR029W 7 160
YOR030W 0 0
YOR031W 7 152
YOR032C 5 29
YOR032W-A 4 134
YOR033C 3 33
YOR034C 1 15
YOR034C-A 3 143
YOR035C 4 140
YOR036W 4 15
YOR037W 3 29
YOR038C 4 38
YOR039W 2 5
YOR040W 3 118
YOR041C 4 110
YOR042W 4 13
YOR043W 1 66
YOR044W 1 91
YOR045W 6 122
YOR046C 1 199
YOR047C 0 0
YOR048C 1 13
YOR049C 0 0
YOR050C 4 199
YOR051C 2 131
YOR052C 2 29
YOR053W 4 44
YOR054C 1 4
YOR055W 2 54
YOR056C 3 66
YOR057W 0 0
YOR058C 0 0
YOR059C 5 734
YOR060C 5 63
YOR061W 0 0
YOR062C 0 0
YOR063W 11 687
YOR064C 12 1214
YOR065W 0 0
YOR066W 3 197
YOR067C 2 4
YOR069W 0 0
YOR068C 1 2
YOR070C 2 3
YOR071C 3 35
YOR072W 1 43
YOR072W-A 5 344
YOR072W-B 2 53
YOR073W 2 7
YOR074C 2 42
YOR073W-A 4 139
YOR075W 12 1370
YOR076C 5 2914
YOR077W 1 2
YOR078W 6 104
YOR079C 2 34
YOR080W 3 56
YOR081C 2 23
YOR082C 4 85
YOR083W 2 25
YOR084W 10 209
YOR085W 2 47
YOR086C 2 25
YOR087W 2 8
YOR089C 1 2
YOR090C 1 1
YOR091W 0 0
YOR092W 0 0
YOR093C 0 0
YOR094W 0 0
YOR095C 5 39
YOR096W 2 81
YOR097C 3 16
YOR098C 2 163
YOR099W 2 363
YOR100C 4 119
YOR101W 1 20
YOR102W 3 100
YOR103C 6 136
YOR104W 1 10
YOR105W 1 8
YOR106W 1 27
YOR107W 4 36
YOR108W 2 99
YOR108C-A 3 22
YOR109W 3 6
YOR110W 1 1
YOR111W 5 68
YOR112W 2 523
YOR113W 1 2
YOR114W 3 21
YOR115C 3 121
YOR116C 0 0
YOR117W 1 19
YOR118W 0 0
YOR119C 6 57
YOR120W 2 62
YOR121C 4 116
YOR122C 8 99
YOR123C 1 32
YOR124C 0 0
YOR125C 0 0
YOR126C 10 3312
YOR127W 2 2
YOR128C 0 0
YOR129C 0 0
YOR130C 1 28
YOR131C 1 2
YOR132W 0 0
YOR133W 5 430
YOR134W 2 13
YOR135C 1 1
YOR136W 1 3
YOR137C 0 0
YOR138C 5 113
YOR139C 0 0
YOR140W 3 23
YOR141C 3 50
YOR142W 4 55
YOR143C 0 0
YOR144C 1 1
YOR145C 2 28
YOR146W 1 14
YOR147W 7 414
YOR148C 6 843
YOR149C 1 7
YOR150W 6 208
YOR151C 0 0
YOR152C 1 3
YOR153W 2 35
YOR154W 2 23
YOR155C 2 8
YOR156C 0 0
YOR157C 4 222
YOR158W 7 338
YOR159C 6 146
YOR160W 2 61
YOR161C 4 171
YOR161W-A 1 39
YOR161W-B 5 37
YOR161C-C 9 1826
YOR162C 7 84
YOR163W 3 39
YOR164C 2 244
YOR165W 3 26
YOR166C 4 127
YOR167C 0 0
YOR168W 5 240
YOR169C 0 0
YOR170W 3 23
YOR171C 1 24
YOR172W 6 210
YOR173W 3 293
YOR174W 2 41
YOR175C 2 30
YOR176W 5 26
YOR177C 1 1
YOR178C 5 90
YOR179C 3 54
YOR180C 2 19
YOR181W 3 155
YOR182C 5 144
YOR183W 1 7
YOR184W 0 0
YOR185C 2 4
YOR186W 6 512
YOR186C-A 0 0
YOR187W 3 238
YOR188W 2 5
YOR189W 0 0
YOR190W 0 0
YOR191W 1 4
YOR192C 2 30
YOR192C-C 0 0
YOR193W 2 14
YOR194C 1 33
YOR195W 1 13
YOR196C 8 182
YOR197W 8 784
YOR198C 0 0
YOR199W 1 2
YOR200W 6 371
YOR201C 9 227
YOR202W 4 46
YOR203W 3 8
YOR204W 8 101
YOR205C 6 429
YOR206W 6 185
YOR207C 5 117
YOR208W 4 65
YOR209C 1 13
YOR210W 2 35
YOR211C 3 16
YOR212W 2 60
YOR213C 2 10
YOR214C 2 3
YOR215C 4 41
YOR216C 4 56
YOR217W 3 56
YOR218C 0 0
YOR219C 3 123
YOR220W 3 5
YOR221C 8 91
YOR222W 1 1
YOR223W 4 299
YOR224C 1 1
YOR225W 1 1
YOR226C 6 615
YOR227W 1 15
YOR228C 1 1
YOR229W 1 269
YOR230W 0 0
YOR231W 1 1
YOR231C-A 3 253
YOR232W 1 8
YOR233W 0 0
YOR234C 2 85
YOR235W 2 11
YOR236W 7 172
YOR237W 0 0
YOR238W 0 0
YOR239W 4 55
YOR241W 2 22
YOR242C 0 0
YOR243C 2 74
YOR244W 1 3
YOR245C 8 117
YOR246C 2 4
YOR247W 1 1
YOR248W 0 0
YOR249C 2 47
YOR250C 3 30
YOR251C 13 2077
YOR252W 2 19
YOR253W 4 353
YOR254C 3 89
YOR255W 4 98
YOR256C 1 32
YOR257W 1 9
YOR258W 3 5
YOR259C 8 132
YOR260W 3 38
YOR261C 0 0
YOR262W 6 137
YOR263C 0 0
YOR264W 2 6
YOR265W 10 353
YOR266W 1 7
YOR267C 0 0
YOR268C 7 250
YOR269W 9 1373
YOR270C 0 0
YOR271C 5 333
YOR272W 1 2
YOR273C 5 139
YOR274W 5 216
YOR275C 9 682
YOR276W 5 89
YOR277C 0 0
YOR278W 4 12
YOR279C 0 0
YOR280C 7 502
YOR281C 4 93
YOR282W 0 0
YOR283W 2 24
YOR284W 5 145
YOR285W 3 71
YOR286W 5 596
YOR287C 3 131
YOR288C 0 0
YOR289W 5 63
YOR290C 0 0
YOR291W 2 75
YOR292C 9 218
YOR293W 1 7
YOR293C-A 2 8
YOR294W 1 1
YOR295W 3 89
YOR296W 2 9
YOR297C 6 535
YOR298W 1 1
YOR298C-A 2 19
YOR299W 1 90
YOR300W 1 7
YOR301W 2 403
YOR302W 0 0
YOR303W 4 23
YOR304W 1 50
YOR304C-A 3 9
YOR305W 0 0
YOR306C 0 0
YOR307C 1 2
YOR308C 0 0
YOR309C 0 0
YOR310C 5 211
YOR311C 5 35
YOR312C 0 0
YOR313C 1 23
YOR314W 0 0
YOR314W-A 10 1123
YOR315W 2 3
YOR316C 3 26
YOR316C-A 6 223
YOR317W 7 166
YOR318C 4 31
YOR319W 3 7
YOR320C 0 0
YOR321W 1 1344
YOR322C 0 0
YOR323C 5 55
YOR324C 4 145
YOR325W 2 126
YOR326W 1 55
YOR327C 3 7
YOR328W 1 17
YOR329C 0 0
YOR329W-A 1 15
YOR330C 6 136
YOR331C 1 2
YOR332W 4 136
YOR333C 1 5
YOR334W 2 103
YOR335C 0 0
YOR335W-A 0 0
YOR336W 4 247
YOR337W 7 149
YOR338W 0 0
YOR339C 0 0
YOR340C 1 1
YOR341W 0 0
YOR342C 2 37
YOR343C 15 2823
YOR344C 2 7
YOR345C 3 67
YOR346W 1 60
YOR347C 0 0
YOR348C 1 47
YOR349W 5 300
YOR350C 0 0
YOR351C 0 0
YOR352W 4 6
YOR353C 6 51
YOR354C 13 1643
YOR355W 0 0
YOR356W 4 126
YOR357C 11 334
YOR358W 3 54
YOR359W 1 1
YOR360C 5 189
YOR361C 8 146
YOR362C 6 20
YOR363C 1 4
YOR364W 3 111
YOR365C 2 3
YOR366W 0 0
YOR367W 7 149
YOR368W 1 14
YOR369C 1 1
YOR370C 0 0
YOR371C 2 113
YOR372C 0 0
YOR373W 1 2
YOR374W 5 369
YOR375C 0 0
YOR376W 1 5
YOR376W-A 2 27
YOR377W 5 134
YOR378W 0 0
YOR379C 5 127
YOR380W 4 63
YOR381W 1 1
YOR381W-A 4 14
YOR382W 2 9
YOR383C 3 7
YOR384W 2 17
YOR385W 2 48
YOR386W 2 41
YOR387C 0 0
YOR388C 0 0
YOR389W 0 0
YOR390W 2 38
YOR391C 1 1
YOR392W 5 71
YOR393W 0 0
YOR394W 0 0
YOR394C-A 0 0
YOR396W 0 0
YOR396C-A 0 0
YPL283C 0 0
YPL283W-B 0 0
YPL283W-A 0 0
YPL282C 0 0
YPL281C 0 0
YPL280W 0 0
YPL279C 6 45
YPL278C 0 0
YPL277C 1 51
YPL274W 1 32
YPL273W 0 0
YPL272C 1 1
YPL271W 8 208
YPL270W 5 124
YPL269W 8 1045
YPL268W 4 6704
YPL267W 4 166
YPL266W 1 6
YPL265W 2 167
YPL264C 2 250
YPL263C 5 68
YPL262W 2 78
YPL261C 2 8
YPL260W 0 0
YPL259C 4 16
YPL258C 1 2
YPL257W 0 0
YPL256C 1 7
YPL255W 1 15
YPL254W 0 0
YPL253C 6 165
YPL252C 8 799
YPL251W 2 8
YPL250C 2 22
YPL249C-A 0 0
YPL250W-A 0 0
YPL249C 5 75
YPL248C 5 124
YPL247C 0 0
YPL246C 3 220
YPL245W 2 8
YPL244C 3 72
YPL243W 0 0
YPL242C 0 0
YPL241C 5 322
YPL240C 6 39
YPL239W 0 0
YPL238C 0 0
YPL237W 0 0
YPL236C 1 20
YPL235W 0 0
YPL234C 0 0
YPL233W 3 15
YPL232W 1 6
YPL231W 4 228
YPL230W 2 65
YPL229W 2 274
YPL228W 3 42
YPL227C 0 0
YPL226W 4 242
YPL225W 1 2
YPL224C 7 278
YPL223C 4 1656
YPL222W 3 365
YPL222C-A 0 0
YPL221W 9 283
YPL220W 7 431
YPL219W 0 0
YPL218W 4 50
YPL217C 2 4
YPL216W 0 0
YPL215W 3 43
YPL214C 0 0
YPL213W 5 316
YPL212C 4 44
YPL211W 1 4
YPL210C 4 58
YPL209C 3 152
YPL208W 3 39
YPL207W 1 2
YPL206C 3 175
YPL205C 1 4
YPL204W 1 1
YPL203W 7 235
YPL202C 5 84
YPL201C 2 51
YPL200W 0 0
YPL199C 7 132
YPL198W 8 274
YPL197C 0 0
YPL196W 0 0
YPL195W 5 183
YPL194W 0 0
YPL193W 2 13
YPL192C 1 4
YPL191C 2 17
YPL190C 2 4
YPL189C-A 6 1306
YPL189W 3 119
YPL188W 3 78
YPL187W 2 96
YPL186C 11 1608
YPL185W 3 92
YPL184C 1 2
YPL183W-A 1 17
YPL183C 1 8
YPL182C 2 84
YPL181W 0 0
YPL180W 2 50
YPL179W 1 1
YPL178W 2 52
YPL177C 5 73
YPL176C 5 57
YPL175W 1 1
YPL174C 0 0
YPL173W 4 629
YPL172C 1 63
YPL171C 3 140
YPL170W 3 27
YPL169C 2 18
YPL168W 0 0
YPL167C 4 109
YPL166W 2 142
YPL165C 2 8
YPL164C 3 186
YPL163C 1 4
YPL162C 3 41
YPL161C 1 52
YPL160W 0 0
YPL159C 0 0
YPL158C 1 249
YPL157W 1 16
YPL156C 3 22
YPL155C 2 8
YPL154C 1 1
YPL153C 4 235
YPL152W-A 4 20
YPL152W 0 0
YPL151C 3 538
YPL150W 2 6
YPL149W 0 0
YPL148C 1 48
YPL147W 3 213
YPL146C 3 80
YPL145C 0 0
YPL144W 8 1526
YPL143W 0 0
YPL142C 1 15
YPL141C 1 2
YPL140C 2 16
YPL139C 0 0
YPL138C 0 0
YPL137C 2 3
YPL136W 3 12
YPL135W 8 653
YPL135C-A 4 31
YPL134C 4 189
YPL133C 1 5
YPL132W 1 29
YPL131W 0 0
YPL130W 2 41
YPL129W 4 14
YPL128C 0 0
YPL127C 4 15
YPL126W 4 69
YPL125W 0 0
YPL124W 6 55
YPL123C 2 94
YPL122C 5 668
YPL121C 0 0
YPL120W 6 172
YPL119C-A 0 0
YPL119C 1 2
YPL118W 0 0
YPL117C 3 711
YPL116W 4 52
YPL115C 2 40
YPL114W 6 1055
YPL113C 4 91
YPL112C 1 101
YPL111W 3 531
YPL110C 0 0
YPL109C 0 0
YPL108W 4 33
YPL107W 6 213
YPL106C 0 0
YPL105C 4 72
YPL104W 2 604
YPL103C 3 43
YPL102C 0 0
YPL101W 1 12
YPL100W 0 0
YPL099C 1 3
YPL098C 3 32
YPL097W 1 27
YPL096C-A 0 0
YPL096W 9 201
YPL095C 3 68
YPL094C 6 304
YPL093W 4 26
YPL092W 2 5
YPL091W 3 55
YPL090C 1 2
YPL089C 7 2609
YPL088W 0 0
YPL087W 1 12
YPL086C 2 35
YPL085W 1 14
YPL084W 5 33
YPL083C 1 2
YPL082C 2 3
YPL081W 4 194
YPL080C 7 539
YPL079W 4 425
YPL078C 5 79
YPL077C 9 341
YPL076W 0 0
YPL075W 3 14
YPL074W 5 69
YPL073C 4 77
YPL072W 4 47
YPL071C 2 52
YPL070W 1 1
YPL069C 10 386
YPL068C 5 56
YPL067C 8 158
YPL066W 7 268
YPL065W 4 241
YPL064C 0 0
YPL063W 0 0
YPL062W 17 2000
YPL061W 3 11
YPL060W 4 69
YPL059W 1 1
YPL058C 0 0
YPL057C 0 0
YPL056C 13 1355
YPL055C 7 542
YPL054W 0 0
YPL053C 0 0
YPL052W 3 7
YPL051W 7 190
YPL050C 0 0
YPL049C 7 191
YPL048W 5 84
YPL047W 0 0
YPL046C 0 0
YPL045W 1 4
YPL044C 0 0
YPL043W 1 59
YPL042C 0 0
YPL041C 7 131
YPL040C 3 38
YPL039W 1 4
YPL038W-A 0 0
YPL038W 6 28
YPL037C 3 37
YPL036W 5 657
YPL035C 2 45
YPL034W 1 16
YPL033C 4 57
YPL032C 1 36
YPL031C 1 5
YPL030W 1 123
YPL029W 2 12
YPL028W 2 38
YPL027W 0 0
YPL026C 0 0
YPL025C 6 339
YPL024W 4 81
YPL023C 0 0
YPL022W 0 0
YPL021W 0 0
YPL020C 1 12
YPL019C 1 3
YPL018W 4 50
YPL017C 2 29
YPL016W 0 0
YPL015C 11 1092
YPL014W 1 4
YPL013C 8 1435
YPL012W 0 0
YPL011C 4 374
YPL010W 2 957
YPL009C 1 4
YPL008W 1 70
YPL007C 1 21
YPL006W 1 3
YPL005W 1 26
YPL004C 0 0
YPL003W 1 2
YPL002C 8 550
YPL001W 3 175
YPR001W 5 669
YPR002W 5 425
YPR002C-A 4 99
YPR003C 4 26
YPR004C 1 4
YPR005C 3 79
YPR006C 2 4
YPR007C 0 0
YPR008W 3 40
YPR009W 3 83
YPR010C 0 0
YPR010C-A 6 201
YPR011C 3 31
YPR012W 3 73
YPR013C 3 22
YPR014C 1 1
YPR015C 0 0
YPR016C 0 0
YPR016W-A 0 0
YPR017C 5 36
YPR018W 0 0
YPR019W 0 0
YPR020W 4 493
YPR021C 0 0
YPR022C 8 308
YPR023C 2 3
YPR024W 0 0
YPR025C 6 108
YPR026W 5 44
YPR027C 0 0
YPR028W 1 1
YPR029C 0 0
YPR030W 6 2270
YPR031W 1 32
YPR032W 3 32
YPR033C 1 14
YPR034W 3 58
YPR035W 0 0
YPR036W 4 833
YPR036W-A 4 37
YPR037C 2 45
YPR038W 2 562
YPR039W 5 71
YPR040W 12 979
YPR041W 2 58
YPR042C 2 7
YPR043W 5 595
YPR044C 2 3
YPR045C 4 333
YPR046W 10 5323
YPR047W 1 22
YPR048W 2 16
YPR049C 0 0
YPR050C 3 78
YPR051W 3 26
YPR052C 2 102
YPR053C 0 0
YPR054W 1 4
YPR055W 0 0
YPR056W 8 1013
YPR057W 5 28
YPR058W 0 0
YPR059C 2 136
YPR060C 0 0
YPR061C 9 246
YPR062W 5 4676
YPR063C 5 205
YPR064W 4 74
YPR065W 0 0
YPR066W 0 0
YPR067W 8 95
YPR068C 2 1682
YPR069C 1 9
YPR070W 4 137
YPR071W 1 1
YPR072W 0 0
YPR073C 6 1279
YPR074C 4 603
YPR074W-A 6 276
YPR075C 4 17
YPR076W 2 10
YPR077C 3 4
YPR078C 0 0
YPR079W 1 41
YPR080W 3 21
YPR081C 3 58
YPR082C 10 2431
YPR083W 2 72
YPR084W 0 0
YPR085C 2 42
YPR086W 4 62
YPR087W 1 116
YPR088C 0 0
YPR089W 4 259
YPR091C 8 1067
YPR092W 3 79
YPR093C 1 22
YPR094W 3 33
YPR095C 0 0
YPR096C 1 49
YPR097W 1 26
YPR098C 6 82
YPR099C 4 176
YPR100W 3 23
YPR101W 3 10
YPR102C 1 14
YPR103W 1 1
YPR104C 0 0
YPR105C 2 81
YPR106W 0 0
YPR107C 0 0
YPR108W 0 0
YPR108W-A 2 5
YPR109W 0 0
YPR110C 1 2
YPR111W 5 127
YPR112C 2 185
YPR113W 3 474
YPR114W 0 0
YPR115W 0 0
YPR116W 2 2
YPR117W 1 1
YPR118W 7 214
YPR119W 1 8
YPR120C 0 0
YPR121W 0 0
YPR122W 2 8
YPR123C 1 2
YPR124W 1 42
YPR125W 0 0
YPR126C 3 20
YPR127W 7 655
YPR128C 2 12
YPR129W 4 105
YPR130C 2 15
YPR131C 4 105
YPR132W 1 6
YPR133C 0 0
YPR133W-A 1 1
YPR134W 0 0
YPR135W 1 4
YPR136C 0 0
YPR137W 2 80
YPR138C 0 0
YPR139C 1 11
YPR140W 0 0
YPR141C 0 0
YPR142C 1 4
YPR143W 1 38
YPR144C 1 3
YPR145W 5 242
YPR145C-A 4 50
YPR146C 1 26
YPR147C 3 5
YPR148C 6 163
YPR149W 1 129
YPR150W 6 109
YPR151C 18 1922
YPR152C 5 446
YPR153W 3 154
YPR154W 6 419
YPR155C 1 2
YPR156C 1 2
YPR157W 2 25
YPR158W 3 17
YPR159W 0 0
YPR159C-A 14 2335
YPR160W 3 11
YPR160W-A 0 0
YPR160C-A 0 0
YPR161C 0 0
YPR162C 1 38
YPR163C 4 64
YPR164W 0 0
YPR165W 0 0
YPR166C 5 127
YPR167C 4 139
YPR168W 4 103
YPR169W 4 269
YPR170C 4 122
YPR169W-A 5 563
YPR170W-B 5 563
YPR170W-A 3 120
YPR171W 6 276
YPR172W 4 39
YPR173C 2 22
YPR174C 5 137
YPR175W 1 11
YPR176C 4 773
YPR177C 0 0
YPR178W 4 234
YPR179C 2 21
YPR180W 5 230
YPR181C 3 43
YPR182W 0 0
YPR183W 4 1733
YPR184W 2 198
YPR185W 2 19
YPR186C 7 66
YPR187W 5 105
YPR188C 8 351
YPR189W 2 18
YPR190C 4 33
YPR191W 2 73
YPR192W 1 10
YPR193C 0 0
YPR194C 0 0
YPR195C 6 135
YPR196W 5 36
YPR197C 0 0
YPR198W 0 0
YPR199C 5 62
YPR200C 0 0
YPR201W 2 2
YPR202W 0 0
YPR203W 0 0
YPR204W 0 0
YPR204C-A 0 0
