YAL069W 27 1108
YAL068W-A 9 3254
YAL068C 2 16
YAL067W-A 5 899
YAL067C 27 1039
YAL066W 2 207
YAL065C 10 1045
YAL064W-B 0 0
YAL064C-A 2 8
YAL064W 0 0
YAL063C-A 1 35
YAL063C 19 3654
YAL062W 80 4287
YAL061W 63 11961
YAL060W 47 2262
YAL059C-A 7 378
YAL059W 8 483
YAL058W 44 723
YAL056C-A 9 86
YAL056W 50 4246
YAL055W 16 990
YAL054C 51 3476
YAL053W 58 1659
YAL051W 49 2095
YAL049C 13 878
YAL048C 38 561
YAL047W-A 8 78
YAL047C 16 851
YAL046C 4 51
YAL045C 5 166
YAL044W-A 9 399
YAL044C 21 276
YAL043C 37 2412
YAL042C-A 14 847
YAL042W 36 2105
YAL041W 22 578
YAL040C 25 684
YAL039C 65 2135
YAL038W 40 1862
YAL037C-B 25 944
YAL037C-A 4 80
YAL037W 12 306
YAL036C 20 68177
YAL035W 29 965
YAL034C-B 13 539
YAL034W-A 10 387
YAL034C 28 855
YAL033W 3 65
YAL032C 21 714
YAL031W-A 5 230
YAL031C 24 997
YAL030W 9 186
YAL029C 41 2076
YAL028W 18 1763
YAL027W 13 362
YAL026C-A 5 44
YAL026C 32 682
YAL025C 8 116
YAL024C 25 362
YAL023C 34 1453
YAL022C 18 273
YAL021C 41 933
YAL020C 23 643
YAL019W-A 20 510
YAL019W 26 1030
YAL018C 6 91
YAL017W 50 1698
YAL016C-B 10 99
YAL016C-A 8 167
YAL016W 16 353
YAL015C 22 1052
YAL014C 17 528
YAL013W 11 130
YAL012W 29 867
YAL011W 11 261
YAL010C 15 149
YAL009W 2 10
YAL008W 15 854
YAL007C 8 170
YAL005C 28 1846
YAL004W 9 213
YAL003W 6 89
YAL002W 50 2713
YAL001C 116 7646
YAR002W 58 4429
YAR002C-A 15 1365
YAR003W 53 307526
YAR007C 21 180
YAR008W 23 767
YAR014C 21 942
YAR015W 9 200
YAR018C 9 250
YAR019C 27 2066
YAR019W-A 4 31
YAR020C 0 0
YAR023C 6 71
YAR027W 15 264
YAR028W 19 255
YAR029W 0 0
YAR030C 6 154
YAR031W 11 169
YAR033W 3 231
YAR035W 116 5082
YAR035C-A 2 6
YAR042W 50 1619
YAR047C 0 0
YAR050W 18 174
YAR053W 0 0
YAR060C 0 0
YAR064W 1 14
YAR066W 0 0
YAR068W 1 1
YAR069C 0 0
YAR070C 0 0
YAR071W 1 2
YAR073W 7 22
YAR075W 1 2
YBL113C 1 8
YBL113W-A 1 8
YBL112C 0 0
YBL111C 0 0
YBL109W 18 5394
YBL108C-A 0 0
YBL108W 10 235
YBL107W-A 0 0
YBL107C 21 651
YBL106C 36 1207
YBL105C 35 1074
YBL104C 69 3139
YBL103C 20 777
YBL102W 10 652
YBL101C 55 7724
YBL100W-C 7 87
YBL100C 3 31
YBL099W 21 232
YBL098W 29 702
YBL097W 26 582
YBL096C 13 500
YBL095W 16 608
YBL094C 1 2
YBL093C 16 232
YBL092W 1 36
YBL091C-A 14 186
YBL091C 24 1032
YBL090W 11 126
YBL089W 19 301
YBL088C 101 2877
YBL087C 7 136
YBL086C 3 20
YBL085W 19 223
YBL084C 15 562
YBL083C 4 82
YBL082C 27 549
YBL081W 17 483
YBL080C 29 582
YBL079W 52 1654
YBL078C 0 0
YBL077W 13 297
YBL076C 34 1214
YBL075C 35 1131
YBL074C 16 335
YBL073W 15 5477
YBL072C 5 57
YBL071C-B 2 7
YBL071W-A 1 4
YBL071C 8 166
YBL070C 10 213
YBL069W 30 1011
YBL068W-A 1 1
YBL068W 16 154
YBL067C 12 322
YBL066C 53 1462
YBL065W 14 140
YBL064C 17 3734
YBL063W 43 2364
YBL062W 8 180
YBL061C 30 760
YBL060W 29 800
YBL059C-A 3 7
YBL059W 10 435
YBL058W 24 436
YBL057C 17 297
YBL056W 18 436
YBL055C 26 626
YBL054W 24 422
YBL053W 2 77
YBL052C 21 1898
YBL051C 25 1201
YBL050W 8 334
YBL049W 6 317
YBL048W 2 4
YBL047C 64 1593
YBL046W 24 1099
YBL045C 22 547
YBL044W 38 3444
YBL043W 19 491
YBL042C 36 497
YBL041W 10 130
YBL040C 11 301
YBL039W-B 1 4
YBL039C 15 343
YBL039C-A 0 0
YBL038W 16 466
YBL037W 47 1615
YBL036C 14 184
YBL035C 23 1034
YBL034C 38 678
YBL033C 22 467
YBL032W 22 283
YBL031W 32 527
YBL030C 25 768
YBL029C-A 7 268
YBL029W 17 333
YBL028C 4 140
YBL027W 4 30
YBL026W 6 64
YBL025W 5 50
YBL024W 20 1236
YBL023C 37 768
YBL022C 22 357
YBL021C 12 308
YBL020W 26 500
YBL019W 13 163
YBL018C 9 152
YBL017C 73 3828
YBL016W 31 1114
YBL015W 61 2037
YBL014C 30 728
YBL013W 60 1811
YBL012C 13 226
YBL011W 33 730
YBL010C 9 155
YBL009W 26 561
YBL008W-A 3 61
YBL008W 28 1227
YBL007C 35 648
YBL006C 11 1138
YBL006W-A 6 1074
YBL005W 41 795
YBL004W 35 589
YBL003C 7 1939
YBL002W 20 1187
YBL001C 16 1229
YBR001C 101 3170
YBR002C 23 486
YBR003W 24 790
YBR004C 31 497
YBR005W 19 451
YBR006W 52 3977
YBR007C 41 2188
YBR008C 39 1152
YBR009C 2 7
YBR010W 7 118
YBR011C 14 244
YBR012C 0 0
YBR013C 7 50
YBR014C 4 46
YBR015C 21 835
YBR016W 10 413
YBR017C 27 777
YBR018C 19 234
YBR019C 59 2387
YBR020W 40 786
YBR021W 21 347
YBR022W 15 252
YBR023C 46 3202
YBR024W 12 220
YBR025C 22 458
YBR026C 19 622
YBR027C 18 259
YBR028C 10 278
YBR029C 22 428
YBR030W 5 19
YBR031W 5 90
YBR032W 30 6096
YBR033W 44 1036
YBR034C 32 1757
YBR035C 18 264
YBR036C 18 1057
YBR037C 21 273
YBR038W 53 1968
YBR039W 9 188
YBR040W 5 47
YBR041W 10 497
YBR042C 11 208
YBR043C 21 450
YBR044C 19 426
YBR045C 19 373
YBR046C 11 115
YBR047W 18 1070
YBR048W 12 297
YBR049C 38 1870
YBR050C 15 345
YBR051W 8 1277
YBR052C 9 164
YBR053C 18 548
YBR054W 31 4192
YBR055C 34 818
YBR056W 18 305
YBR056W-A 6 360
YBR056C-B 5 336
YBR057C 11 169
YBR058C 23 620
YBR058C-A 3 9
YBR059C 25 713
YBR060C 18 508
YBR061C 24 765
YBR062C 9 469
YBR063C 5 155
YBR064W 1 90
YBR065C 14 179
YBR066C 12 259
YBR067C 0 0
YBR068C 34 1069
YBR069C 31 384
YBR070C 19 321
YBR071W 11 154
YBR072W 10 247
YBR072C-A 11 379
YBR073W 19 167
YBR074W 51 1407
YBR076W 19 757
YBR076C-A 7 108
YBR077C 7 171
YBR078W 46 3670
YBR079C 31 866
YBR080C 19 264
YBR081C 39 924
YBR082C 23 1044
YBR083W 31 749
YBR084W 28 1306
YBR084C-A 7 111
YBR085W 5 98
YBR085C-A 1 1
YBR086C 29 665
YBR087W 17 1046
YBR088C 12 179
YBR089W 10 120
YBR089C-A 17 2501
YBR090C 27 2874
YBR091C 3 6
YBR092C 14 566
YBR093C 24 669
YBR094W 38 1398
YBR095C 9 113
YBR096W 5 19
YBR097W 24 236
YBR098W 29 958
YBR099C 0 0
YBR101C 3 37
YBR102C 31 684
YBR103W 18 326
YBR103C-A 10 1259
YBR104W 18 293
YBR105C 15 362
YBR106W 9 404
YBR107C 13 735
YBR108W 24 524
YBR109C 1 1
YBR109W-A 7 158
YBR110W 7 155
YBR111C 20 1795
YBR111W-A 4 36
YBR112C 24 833
YBR113W 7 160
YBR114W 36 874
YBR115C 66 56323
YBR116C 21 2317
YBR117C 55 2166
YBR118W 4 74
YBR119W 18 592
YBR120C 7 178
YBR121C 3 14
YBR121C-A 0 0
YBR122C 3 125
YBR123C 12 63
YBR124W 10 111
YBR125C 21 2614
YBR126C 37 663
YBR126W-A 10 610
YBR126W-B 9 340
YBR127C 16 176
YBR128C 22 354
YBR129C 10 191
YBR130C 6 90
YBR131W 24 316
YBR131C-A 0 0
YBR132C 34 2461
YBR133C 38 1070
YBR134W 27 1380
YBR135W 10 392
YBR136W 56 1050
YBR137W 11 133
YBR138C 20 441
YBR139W 40 853
YBR140C 85 8244
YBR141C 19 619
YBR141W-A 0 0
YBR142W 38 941
YBR143C 8 222
YBR144C 15 367
YBR145W 17 203
YBR146W 9 400
YBR147W 16 476
YBR148W 36 2173
YBR149W 19 763
YBR150C 33 419
YBR151W 24 281
YBR152W 15 361
YBR153W 15 1268
YBR154C 3 7
YBR155W 11 239
YBR156C 23 531
YBR157C 12 91
YBR158W 23 261
YBR159W 14 256
YBR160W 18 612
YBR161W 8 41
YBR162C 34 522
YBR162W-A 2 5
YBR163W 20 315
YBR164C 9 533
YBR165W 7 268
YBR166C 16 1347
YBR167C 5 106
YBR168W 11 347
YBR169C 25 11180
YBR170C 25 836
YBR171W 9 284
YBR172C 30 847
YBR173C 4 234
YBR174C 9 159
YBR175W 21 690
YBR176W 7 5373
YBR177C 26 426
YBR178W 21 470
YBR179C 34 597
YBR180W 12 298
YBR181C 5 221
YBR182C 21 894
YBR182C-A 3 166
YBR183W 20 439
YBR184W 18 318
YBR185C 9 129
YBR186W 29 692
YBR187W 5 72
YBR188C 6 271
YBR189W 7 85
YBR190W 2 3
YBR191W 1 8
YBR191W-A 0 0
YBR192W 8 61
YBR193C 8 97
YBR194W 10 215
YBR195C 11 261
YBR196C 24 751
YBR196C-A 10 281
YBR196C-B 4 1024
YBR197C 24 1052
YBR198C 11 301
YBR199W 26 662
YBR200W 15 431
YBR200W-A 0 0
YBR201W 4 9
YBR201C-A 6 134
YBR202W 38 1058
YBR203W 46 1283
YBR204C 18 460
YBR205W 21 567
YBR206W 8 136
YBR207W 20 718
YBR208C 75 2219
YBR209W 11 82
YBR210W 3 43
YBR211C 8 119
YBR212W 33 1194
YBR213W 16 1135
YBR214W 30 1159
YBR215W 20 456
YBR216C 22 706
YBR217W 5 27
YBR218C 48 945
YBR219C 23 737
YBR220C 26 1374
YBR221C 22 1115
YBR221W-A 7 72
YBR222C 34 440
YBR223C 18 279
YBR223W-A 6 46
YBR224W 4 9
YBR225W 20 234
YBR226C 3 39
YBR227C 10 243
YBR228W 19 1572
YBR229C 50 1165
YBR230C 8 553
YBR230W-A 19 259
YBR231C 14 236
YBR232C 5 72
YBR233W 12 124
YBR233W-A 4 88
YBR234C 14 424
YBR235W 69 2263
YBR236C 14 217
YBR237W 23 273
YBR238C 22 332
YBR239C 50 1838
YBR240C 26 387
YBR241C 53 3824
YBR242W 16 701
YBR243C 11 183
YBR244W 4 26
YBR245C 36 1105
YBR246W 15 568
YBR247C 4 87
YBR248C 37 5830
YBR249C 14 511
YBR250W 18 478
YBR251W 15 581
YBR252W 7 286
YBR253W 4 72
YBR254C 4 125
YBR255W 33 1038
YBR255C-A 4 464
YBR256C 8 164
YBR257W 11 120
YBR258C 10 83
YBR259W 27 416
YBR260C 32 691
YBR261C 21 1346
YBR262C 9 131
YBR263W 15 250
YBR264C 12 216
YBR265W 5 138
YBR267W 20 288
YBR266C 2 36
YBR268W 5 130
YBR269C 2 50
YBR270C 14 1192
YBR271W 20 446
YBR272C 14 618
YBR273C 13 465
YBR274W 12 254
YBR275C 46 1634
YBR276C 29 593
YBR277C 7 73
YBR278W 13 368
YBR279W 15 538
YBR280C 31 752
YBR281C 26 961
YBR282W 8 28
YBR283C 18 457
YBR284W 40 1262
YBR285W 2 2
YBR286W 55 2862
YBR287W 13 224
YBR288C 26 1071
YBR289W 17 406
YBR290W 7 261
YBR291C 30 974
YBR292C 7 128
YBR293W 20 1096
YBR294W 45 1130
YBR295W 40 1093
YBR296C 37 993
YBR296C-A 8 1310
YBR297W 22 444
YBR298C 45 1625
YBR298C-A 10 998
YBR299W 8 116
YBR300C 3 36
YBR301W 0 0
YBR302C 0 0
YCL076W 12 337
YCL073C 8 158
YCL069W 2 33
YCL068C 0 0
YCL067C 0 0
YCL066W 0 0
YCL065W 2 24
YCL064C 17 277
YCL063W 10 247
YCL061C 14 186
YCL059C 9 195
YCL058C 15 451
YCL058W-A 10 331
YCL057C-A 15 420
YCL057W 27 1431
YCL056C 2 4
YCL055W 12 573
YCL054W 14 469
YCL052C 12 346
YCL051W 23 727
YCL050C 12 282
YCL049C 13 7061
YCL048W-A 0 0
YCL048W 21 620
YCL047C 10 187
YCL045C 45 948
YCL046W 4 6
YCL044C 9 409
YCL043C 36 799
YCL041C 18 524
YCL042W 11 914
YCL040W 93 25505
YCL039W 55 1594
YCL038C 16 308
YCL037C 14 101
YCL036W 34 1317
YCL035C 5 81
YCL034W 20 433
YCL033C 4 31
YCL032W 17 346
YCL031C 8 107
YCL030C 43 2850
YCL029C 29 1656
YCL028W 8 141
YCL027W 20 401
YCL026C-B 1 11
YCL026C-A 11 2355
YCL025C 58 2367
YCL023C 12 187
YCL024W 54 1334
YCL022C 8 133
YCL021W-A 10 143
YCL018W 10 634
YCL017C 15 391
YCL016C 18 278
YCL014W 47 1361
YCL012C 8 133
YCL011C 26 605
YCL010C 36 1137
YCL009C 19 370
YCL008C 26 754
YCL007C 10 93
YCL005W-A 9 71
YCL005W 12 337
YCL004W 19 1663
YCL002C 14 1300
YCL001W 2 251
YCL001W-A 1 1
YCL001W-B 7 29
YCR001W 15 673
YCR002C 10 39
YCR003W 17 548
YCR004C 7 684
YCR005C 49 2031
YCR006C 41 25187
YCR007C 10 516
YCR008W 32 661
YCR009C 7 225
YCR010C 18 306
YCR011C 73 2442
YCR012W 9 181
YCR013C 9 250
YCR014C 14 216
YCR015C 8 356
YCR016W 9 406
YCR017C 48 1505
YCR018C 11 217
YCR018C-A 4 53
YCR019W 22 490
YCR020C 17 495
YCR020C-A 3 29
YCR020W-B 1 1
YCR021C 30 599
YCR022C 29 924
YCR023C 35 1217
YCR024C 13 75
YCR024C-B 15 1245
YCR024C-A 1 8
YCR025C 19 4114
YCR026C 50 1579
YCR027C 3 21
YCR028C 22 431
YCR028C-A 2 11
YCR030C 27 1193
YCR031C 8 676
YCR032W 58 1588
YCR033W 51 887
YCR034W 2 46
YCR035C 1 48
YCR036W 25 1013
YCR037C 18 261
YCR038C 6 26
YCR038W-A 0 0
YCR039C 0 0
YCR040W 0 0
YCR041W 1 5
YCR042C 47 740
YCR043C 15 3346
YCR044C 14 244
YCR045C 18 626
YCR045W-A 8 419
YCR046C 8 145
YCR047C 13 241
YCR047W-A 5 56
YCR049C 26 1192
YCR048W 58 3025
YCR050C 4 278
YCR051W 9 160
YCR052W 15 554
YCR053W 9 180
YCR054C 13 717
YCR057C 27 378
YCR059C 31 939
YCR060W 8 154
YCR061W 56 6613
YCR064C 22 2991
YCR063W 28 1661
YCR065W 33 1294
YCR066W 12 613
YCR067C 33 538
YCR068W 37 2157
YCR069W 18 295
YCR071C 12 377
YCR072C 17 311
YCR073C 42 2100
YCR073W-A 16 827
YCR075C 8 761
YCR075W-A 1 7
YCR076C 10 140
YCR077C 29 565
YCR079W 24 581
YCR081W 37 1892
YCR081C-A 4 195
YCR082W 10 325
YCR083W 8 86
YCR084C 30 666
YCR085W 2 14
YCR086W 11 193
YCR087W 11 3826
YCR087C-A 6 148
YCR088W 25 907
YCR089W 34 2359
YCR090C 10 202
YCR091W 35 3780
YCR092C 22 353
YCR093W 44 863
YCR094W 15 248
YCR095C 5 46
YCR095W-A 1 2
YCR096C 0 0
YCR097W 4 172
YCR097W-A 2 13
YCR098C 19 260
YCR099C 7 237
YCR100C 18 703
YCR101C 5 151
YCR102C 25 877
YCR102W-A 0 0
YCR104W 2 42
YCR105W 37 1322
YCR106W 32 564
YCR107W 13 129
YCR108C 13 818
YDL248W 2 7
YDL247W-A 0 0
YDL247W 0 0
YDL246C 0 0
YDL245C 2 11
YDL244W 11 197
YDL243C 20 503
YDL242W 17 1221
YDL241W 4 236
YDL240C-A 25 1117
YDL240W 31 1518
YDL239C 13 267
YDL238C 28 663
YDL237W 8 194
YDL236W 10 603
YDL235C 2 5
YDL234C 35 892
YDL233W 14 169
YDL232W 1 30
YDL231C 72 1793
YDL230W 15 360
YDL229W 11 2449
YDL228C 1 40
YDL227C 4 116
YDL226C 12 520
YDL225W 14 168
YDL224C 20 201
YDL223C 57 1898
YDL222C 27 580
YDL221W 47 2765
YDL220C 88 3870
YDL219W 1 36
YDL218W 17 239
YDL217C 4 38
YDL216C 11 257
YDL215C 63 10827
YDL214C 51 904
YDL213C 19 460
YDL212W 2 2
YDL211C 7 139
YDL210W 16 591
YDL209C 9 259
YDL208W 5 21
YDL207W 7 92
YDL206W 13 214
YDL205C 18 458
YDL204W 34 480
YDL203C 12 212
YDL202W 5 122
YDL201W 11 203
YDL200C 9 837
YDL199C 22 471
YDL198C 22 334
YDL197C 34 1004
YDL196W 20 279
YDL195W 23 482
YDL194W 15 427
YDL193W 8 84
YDL192W 14 228
YDL191W 2 66
YDL190C 37 745
YDL189W 13 171
YDL188C 24 2377
YDL187C 2 32
YDL186W 14 144
YDL185C-A 3 564
YDL185W 25 415
YDL184C 2 10
YDL183C 10 145
YDL182W 34 1386
YDL181W 9 133
YDL180W 14 505
YDL179W 4 31
YDL178W 32 1523
YDL177C 7 59
YDL176W 33 1234
YDL175C 19 1958
YDL174C 45 1015
YDL173W 15 575
YDL172C 5 117
YDL171C 107 7331
YDL170W 31 467
YDL169C 10 228
YDL168W 22 955
YDL167C 25 1994
YDL166C 6 150
YDL165W 12 219
YDL164C 27 1005
YDL163W 4 31
YDL162C 15 547
YDL161W 14 335
YDL160C-A 8 167
YDL160C 13 171
YDL159W-A 2 117
YDL159W 27 912
YDL159C-B 2 19
YDL158C 2 90
YDL157C 3 2747
YDL156W 30 1085
YDL155W 31 836
YDL154W 34 1049
YDL153C 5 142
YDL152W 3 5
YDL151C 2 51
YDL150W 11 337
YDL149W 23 1137
YDL148C 24 635
YDL147W 9 155
YDL146W 11 996
YDL145C 30 638
YDL144C 20 1044
YDL143W 19 265
YDL142C 24 1341
YDL141W 20 461
YDL140C 58 951
YDL139C 8 36
YDL138W 36 1024
YDL137W 34 1789
YDL136W 5 37
YDL135C 21 599
YDL134C 24 474
YDL133C-A 1 21
YDL133W 20 746
YDL132W 27 419
YDL131W 32 1633
YDL130W-A 3 31
YDL130W 10 412
YDL129W 10 914
YDL128W 16 206
YDL127W 42 1261
YDL126C 27 701
YDL125C 18 819
YDL124W 22 579
YDL123W 9 120
YDL122W 36 412
YDL121C 8 2568
YDL120W 4 106
YDL119C 21 827
YDL118W 9 549
YDL117W 38 613
YDL116W 14 163
YDL115C 24 591
YDL114W-A 2 169
YDL114W 9 868
YDL113C 22 687
YDL112W 51 596
YDL111C 14 192
YDL110C 16 199
YDL109C 23 354
YDL108W 17 230
YDL107W 23 426
YDL106C 29 829
YDL105W 11 112
YDL104C 22 888
YDL103C 9 90
YDL102W 28 330
YDL101C 8 54
YDL100C 20 555
YDL099W 11 185
YDL098C 7 108
YDL097C 17 246
YDL096C 2 86
YDL095W 28 789
YDL094C 24 1304
YDL093W 36 3040
YDL092W 8 357
YDL091C 10 79
YDL090C 9 120
YDL089W 22 583
YDL088C 13 220
YDL087C 8 107
YDL086W 32 142515
YDL086C-A 28 142431
YDL085C-A 6 167
YDL085W 41 941
YDL084W 7 112
YDL083C 4 9
YDL082W 8 175
YDL081C 0 0
YDL080C 25 2496
YDL079C 37 991
YDL078C 18 206
YDL077C 36 616
YDL076C 12 704
YDL075W 0 0
YDL074C 18 536
YDL073W 15 167
YDL072C 10 211
YDL071C 9 64
YDL070W 18 310
YDL069C 8 285
YDL068W 5 232
YDL067C 5 22
YDL066W 27 870
YDL065C 12 460
YDL064W 16 581
YDL063C 19 339
YDL062W 10 133
YDL061C 2 3
YDL060W 19 288
YDL059C 6 147
YDL058W 42 955
YDL057W 13 315
YDL056W 48 972
YDL055C 11 102
YDL054C 34 1819
YDL053C 4 41
YDL052C 15 197
YDL051W 14 442
YDL050C 6 289
YDL049C 37 1895
YDL048C 47 1837
YDL047W 18 745
YDL046W 6 181
YDL045W-A 3 4
YDL045C 9 83
YDL044C 11 219
YDL043C 3 50
YDL042C 36 1228
YDL041W 18 482
YDL040C 19 566
YDL039C 33 1006
YDL037C 10 103
YDL036C 26 5398
YDL035C 20 742
YDL034W 6 101
YDL033C 21 1857
YDL032W 3 1650
YDL031W 24 578
YDL030W 15 288
YDL029W 20 262
YDL028C 27 565
YDL027C 11 758
YDL026W 4 132
YDL025C 16 342
YDL025W-A 0 0
YDL024C 21 257
YDL022C-A 3 101
YDL023C 11 319
YDL022W 28 848
YDL021W 10 172
YDL020C 14 158
YDL019C 55 1581
YDL018C 4 91
YDL017W 24 635
YDL016C 3 169
YDL015C 3 12
YDL014W 17 242
YDL013W 16 5518
YDL012C 3 45
YDL011C 4 39
YDL010W 5 40
YDL009C 2 5
YDL008W 5 56
YDL007C-A 7 80
YDL007W 12 205
YDL006W 12 165
YDL005C 7 90
YDL004W 0 0
YDL003W 28 411
YDL002C 13 247
YDL001W 51 3168
YDR001C 93 4500
YDR002W 6 437
YDR003W 18 424
YDR003W-A 3 137
YDR004W 24 552
YDR005C 13 5008
YDR006C 26 551
YDR007W 12 1274
YDR008C 16 2088
YDR009W 45 1266
YDR010C 37 2367
YDR011W 106 3155
YDR012W 2 36
YDR013W 2 7
YDR014W 16 292
YDR014W-A 5 73
YDR015C 1 1
YDR016C 2 25
YDR017C 39 3212
YDR018C 22 212
YDR019C 20 405
YDR020C 21 832
YDR021W 7 81
YDR022C 20 355
YDR023W 13 150
YDR024W 9 87
YDR025W 0 0
YDR026C 23 385
YDR027C 21 386
YDR028C 39 1078
YDR029W 1 23
YDR030C 35 2200
YDR031W 1 1
YDR032C 8 53
YDR033W 25 1065
YDR034C 21 351
YDR034C-A 0 0
YDR034W-B 0 0
YDR035W 14 174
YDR036C 9 81
YDR037W 36 935
YDR038C 5 39
YDR039C 0 0
YDR040C 3 14
YDR041W 10 99
YDR042C 1 5
YDR043C 12 601
YDR044W 8 678
YDR045C 8 146
YDR046C 32 1580
YDR047W 21 1179
YDR048C 18 921
YDR049W 22 360
YDR050C 6 104
YDR051C 19 461
YDR052C 8 113
YDR053W 1 75
YDR054C 12 174
YDR055W 16 270
YDR056C 11 207
YDR057W 23 155
YDR058C 7 160
YDR059C 8 256
YDR060W 27 466
YDR061W 22 1159
YDR062W 17 239
YDR063W 6 153
YDR064W 4 110
YDR065W 12 194
YDR066C 17 755
YDR067C 10 275
YDR068W 2 12
YDR069C 37 828
YDR070C 5 56
YDR071C 17 443
YDR072C 32 907
YDR073W 12 102
YDR074W 54 1127
YDR075W 12 122
YDR076W 46 1263
YDR077W 22 861
YDR078C 13 92
YDR079W 5 39
YDR079C-A 2 61
YDR080W 30 577
YDR081C 15 264
YDR082W 22 251
YDR083W 15 226
YDR084C 5 16
YDR085C 23 917
YDR086C 0 0
YDR087C 5 21
YDR088C 13 229
YDR089W 39 648
YDR090C 19 376
YDR091C 19 158
YDR092W 8 265
YDR093W 137 16027
YDR094W 24 8793
YDR095C 24 5021
YDR096W 14 1633
YDR097C 26 466
YDR098C 22 391
YDR099W 31 481
YDR100W 8 651
YDR101C 18 292
YDR102C 9 535
YDR103W 18 438
YDR104C 57 1265
YDR105C 21 328
YDR106W 14 544
YDR107C 27 357
YDR108W 24 427
YDR109C 29 3894
YDR110W 19 781
YDR111C 17 392
YDR112W 7 135
YDR113C 11 474
YDR114C 14 358
YDR115W 4 154
YDR116C 7 155
YDR117C 21 397
YDR118W 17 311
YDR118W-A 1 2
YDR119W 41 1081
YDR119W-A 17 2301
YDR120C 16 282
YDR121W 5 186
YDR122W 21 194
YDR123C 16 362
YDR124W 12 309
YDR125C 7 235
YDR126W 27 1100
YDR127W 64 2018
YDR128W 45 1946
YDR129C 25 484
YDR130C 8 124
YDR131C 15 417
YDR132C 33 1103
YDR133C 1 2
YDR135C 67 2328
YDR136C 32 931
YDR137W 24 516
YDR138W 18 471
YDR139C 0 0
YDR140W 10 142
YDR141C 33 705
YDR142C 19 287
YDR143C 26 1211
YDR144C 25 479
YDR145W 6 54
YDR146C 15 533
YDR147W 20 223
YDR148C 20 127
YDR149C 5 20
YDR150W 89 23431
YDR151C 18 2162
YDR152W 9 99
YDR153C 15 340
YDR154C 7 458
YDR155C 9 54
YDR156W 8 363
YDR157W 25 800
YDR158W 4 25
YDR159W 28 527
YDR160W 20 293
YDR161W 8 164
YDR162C 2 15
YDR163W 10 1466
YDR164C 23 608
YDR165W 14 113
YDR166C 25 512
YDR167W 6 183
YDR168W 15 254
YDR169C 7 94
YDR169C-A 4 90
YDR170C 52 1225
YDR171W 14 303
YDR172W 28 1219
YDR173C 13 334
YDR174W 19 321
YDR175C 6 194
YDR176W 31 577
YDR177W 15 314
YDR178W 23 3254
YDR179C 11 106
YDR179W-A 15 282
YDR180W 34 1614
YDR181C 13 197
YDR182W 23 496
YDR182W-A 0 0
YDR183W 10 189
YDR183C-A 4 15
YDR184C 6 153
YDR185C 13 257
YDR186C 48 1328
YDR187C 19 930
YDR188W 36 963
YDR189W 23 417
YDR190C 15 380
YDR191W 20 367
YDR192C 9 223
YDR193W 4 113
YDR194C 18 158
YDR194W-A 2 24
YDR195W 21 250
YDR196C 13 152
YDR197W 14 330
YDR198C 19 249
YDR199W 3 37
YDR200C 16 354
YDR201W 6 221
YDR202C 9 175
YDR203W 2 41
YDR204W 13 131
YDR205W 32 937
YDR206W 25 535
YDR207C 57 1040
YDR208W 42 1264
YDR209C 7 46
YDR210W 5 43
YDR211W 29 972
YDR212W 25 349
YDR213W 29 1994
YDR214W 52 3882
YDR215C 40 8737
YDR216W 41 704
YDR217C 33 911
YDR218C 16 228
YDR219C 9 242
YDR220C 9 8171
YDR221W 39 837
YDR222W 16 183
YDR223W 21 718
YDR224C 4 73
YDR225W 12 223
YDR226W 13 299
YDR227W 25 509
YDR228C 6 202
YDR229W 24 1142
YDR230W 10 109
YDR231C 22 297
YDR232W 29 166
YDR233C 14 275
YDR234W 35 3329
YDR235W 5 262
YDR236C 5 30
YDR237W 10 151
YDR238C 27 528
YDR239C 32 801
YDR240C 8 272
YDR241W 10 431
YDR242W 28 1907
YDR243C 13 493
YDR244W 29 518
YDR245W 9 46
YDR246W 16 665
YDR246W-A 26 1735
YDR247W 24 671
YDR248C 6 50
YDR249C 17 361
YDR250C 19 632
YDR251W 32 744
YDR252W 1 82
YDR253C 9 185
YDR254W 18 270
YDR255C 18 145
YDR256C 39 1558
YDR257C 7 113
YDR258C 43 984
YDR259C 16 482
YDR260C 35 2420
YDR261C 37 574
YDR262W 7 438
YDR263C 22 335
YDR264C 32 1241
YDR265W 5 34
YDR266C 27 489
YDR267C 15 331
YDR268W 16 444
YDR269C 2 5
YDR270W 29 621
YDR271C 6 170
YDR272W 9 307
YDR273W 10 87
YDR274C 46 2954
YDR275W 19 244
YDR276C 8 914
YDR277C 48 4392
YDR278C 14 288
YDR279W 15 223
YDR280W 8 99
YDR281C 0 0
YDR282C 23 623
YDR283C 60 1651
YDR284C 18 369
YDR285W 19 498
YDR286C 6 79
YDR287W 5 162
YDR288W 10 87
YDR289C 7 33
YDR290W 6 256
YDR291W 40 3472
YDR292C 20 348
YDR293C 51 1175
YDR294C 29 782
YDR295C 8 92
YDR296W 11 406
YDR297W 18 435
YDR298C 4 6
YDR299W 14 168
YDR300C 30 1173
YDR301W 32 487
YDR302W 4 79
YDR303C 26 647
YDR304C 19 535
YDR305C 15 1428
YDR306C 22 516
YDR307W 21 556
YDR308C 3 33
YDR309C 16 359
YDR310C 39 4383
YDR311W 17 300
YDR312W 20 291
YDR313C 12 277
YDR314C 21 170
YDR315C 12 305
YDR316W 17 1188
YDR317W 13 212
YDR318W 16 203
YDR319C 9 233
YDR320C 24 384
YDR320C-A 1 37
YDR320W-B 3 52
YDR321W 14 256
YDR322W 25 657
YDR322C-A 5 250
YDR323C 39 794
YDR324C 12 137
YDR325W 25 497
YDR326C 52 1055
YDR327W 5 86
YDR328C 12 163
YDR329C 23 752
YDR330W 24 340
YDR331W 12 120
YDR332W 15 660
YDR333C 21 472
YDR334W 46 1511
YDR335W 27 406
YDR336W 17 802
YDR337W 10 578
YDR338C 27 600
YDR339C 8 80
YDR340W 4 24
YDR341C 14 228
YDR342C 4 29
YDR343C 2 447
YDR344C 24 246
YDR345C 52 1479
YDR346C 20 416
YDR347W 15 162
YDR348C 26 1319
YDR349C 20 346
YDR350C 14 294
YDR351W 26 322
YDR352W 12 168
YDR353W 22 1825
YDR354W 16 472
YDR354C-A 1 1
YDR355C 3 10
YDR356W 18 545
YDR357C 13 1035
YDR358W 27 799
YDR359C 16 245
YDR360W 2 10
YDR361C 11 299
YDR362C 29 570
YDR363W 9 277
YDR363W-A 1 125
YDR364C 23 577
YDR365C 11 149
YDR366C 14 513
YDR367W 7 139
YDR368W 10 296
YDR369C 25 1091
YDR370C 28 2933
YDR371W 27 372
YDR371C-A 1 3
YDR372C 6 330
YDR373W 7 71
YDR374C 12 173
YDR374W-A 1 4
YDR375C 18 1031
YDR376W 30 737
YDR377W 3 238
YDR378C 2 6
YDR379W 48 20644
YDR379C-A 5 169
YDR380W 34 922
YDR381W 17 798
YDR381C-A 2 27
YDR382W 3 9
YDR383C 12 539
YDR384C 28 764
YDR385W 4 10
YDR386W 22 867
YDR387C 19 525
YDR388W 25 493
YDR389W 26 502
YDR390C 22 434
YDR391C 10 135
YDR392W 15 168
YDR393W 24 747
YDR394W 16 242
YDR395W 31 376
YDR396W 15 326
YDR397C 17 331
YDR398W 14 150
YDR399W 20 1261
YDR400W 22 395
YDR401W 8 251
YDR402C 17 380
YDR403W 31 1189
YDR404C 6 78
YDR405W 39 712
YDR406W 138 11168
YDR406W-A 0 0
YDR407C 46 983
YDR408C 14 340
YDR409W 34 1321
YDR410C 16 506
YDR411C 21 331
YDR412W 1 1
YDR413C 0 0
YDR414C 26 590
YDR415C 27 3246
YDR416W 28 433
YDR417C 0 0
YDR418W 0 0
YDR419W 32 704
YDR420W 37 749
YDR421W 40 1246
YDR422C 40 1232
YDR423C 34 2844
YDR424C 5 63
YDR425W 33 1574
YDR426C 16 692
YDR427W 11 517
YDR428C 13 328
YDR429C 8 110
YDR430C 53 1687
YDR431W 6 77
YDR432W 33 1012
YDR433W 18 687
YDR434W 14 328
YDR435C 17 444
YDR436W 42 1892
YDR437W 11 1874
YDR438W 11 238
YDR439W 2 8
YDR440W 24 622
YDR441C 7 105
YDR442W 7 107
YDR443C 44 807
YDR444W 32 1118
YDR445C 19 5987
YDR446W 9 220
YDR447C 14 102
YDR448W 9 151
YDR449C 10 236
YDR450W 6 314
YDR451C 14 159
YDR452W 45 1429
YDR453C 18 95036
YDR454C 0 0
YDR455C 5 60
YDR456W 24 412
YDR457W 113 21381
YDR458C 14 210
YDR459C 25 638
YDR460W 11 223
YDR461W 4 62
YDR461C-A 8 157
YDR462W 3 474
YDR463W 35 1721
YDR464W 21 244
YDR464C-A 0 0
YDR465C 14 351
YDR466W 24 622
YDR467C 11 812
YDR468C 12 516
YDR469W 12 210
YDR470C 23 1031
YDR471W 10 71
YDR472W 21 457
YDR473C 25 550
YDR475C 56 2007
YDR476C 38 1159
YDR477W 26 504
YDR478W 18 353
YDR479C 29 766
YDR480W 25 635
YDR481C 45 1095
YDR482C 18 417
YDR483W 20 504
YDR484W 13 148
YDR485C 16 530
YDR486C 20 360
YDR487C 8 53
YDR488C 52 6439
YDR489W 7 88
YDR490C 46 2932
YDR491C 25 1774
YDR492W 21 529
YDR493W 14 294
YDR494W 8 114
YDR495C 26 595
YDR496C 25 547
YDR497C 45 1368
YDR498C 9 98
YDR499W 18 265
YDR500C 6 21
YDR501W 12 132
YDR502C 33 2920
YDR503C 12 471
YDR504C 7 25
YDR505C 9 332
YDR506C 54 5360
YDR507C 40 585
YDR508C 33 612
YDR509W 5 112
YDR510W 4 50
YDR510C-A 4 44
YDR511W 8 676
YDR512C 31 579
YDR513W 4 128
YDR514C 16 1650
YDR515W 3 64
YDR516C 28 1529
YDR517W 31 836
YDR518W 24 674
YDR519W 4 71
YDR520C 18 471
YDR521W 6 184
YDR522C 13 529
YDR523C 31 845
YDR524C 19 349
YDR524W-C 5 37
YDR524C-B 8 151
YDR524C-A 6 160
YDR525W 25 625
YDR525W-A 11 814
YDR526C 20 742
YDR527W 43 5424
YDR528W 25 673
YDR529C 11 226
YDR530C 38 941
YDR531W 18 433
YDR532C 2 14
YDR533C 11 447
YDR534C 16 304
YDR535C 53 5953
YDR536W 38 1517
YDR537C 9 123
YDR538W 17 180
YDR539W 24 587
YDR540C 3 23
YDR541C 25 393
YDR542W 1 3
YDR543C 10 1631
YDR544C 13 540
YDR545W 0 0
YDR545C-A 0 0
YEL077C 10 1037
YEL077W-A 0 0
YEL076C-A 0 0
YEL076C 0 0
YEL075W-A 0 0
YEL075C 0 0
YEL074W 11 658
YEL073C 4 131
YEL072W 18 401
YEL071W 29 991
YEL070W 11 234
YEL069C 33 512
YEL068C 4 165
YEL067C 36 4502
YEL066W 15 2528
YEL065W 51 1451
YEL064C 21 266
YEL063C 24 397
YEL062W 26 651
YEL061C 29 840
YEL060C 57 1368
YEL059C-A 4 13
YEL059W 26 4653
YEL058W 29 370
YEL057C 11 125
YEL056W 27 1105
YEL055C 25 277
YEL054C 2 259
YEL053W-A 2 259
YEL053C 13 174
YEL052W 15 426
YEL051W 3 32
YEL050W-A 4 359
YEL050C 17 766
YEL049W 5 123
YEL048C 1 1
YEL047C 23 805
YEL046C 20 1507
YEL045C 30 1484
YEL044W 9 614
YEL043W 33 1245
YEL042W 19 2121
YEL041W 24 1045
YEL040W 43 2283
YEL039C 6 67
YEL038W 25 401
YEL037C 25 1168
YEL036C 23 610
YEL035C 28 3502
YEL034C-A 21 388
YEL034W 12 209
YEL033W 25 748
YEL032W 53 2320
YEL032C-A 3 86
YEL031W 52 1533
YEL030C-A 1 2
YEL030W 11 166
YEL029C 9 284
YEL028W 5 9
YEL027W 2 34
YEL026W 0 0
YEL025C 51 1291
YEL024W 14 306
YEL023C 29 457
YEL022W 47 1203
YEL021W 65 2457
YEL020C-B 6 34
YEL020W-A 7 35
YEL020C 38 946
YEL019C 6 209
YEL018C-A 10 112
YEL018W 16 377
YEL017C-A 2 136
YEL017W 13 246
YEL016C 21 5687
YEL015W 21 559
YEL014C 12 119
YEL013W 15 289
YEL012W 21 644
YEL011W 63 15857
YEL010W 7 70
YEL009C-A 9 183
YEL009C 18 450
YEL008W 37 4034
YEL008C-A 11 904
YEL007W 15 2211
YEL006W 25 395
YEL005C 8 609
YEL004W 19 425
YEL003W 12 258
YEL002C 43 2537
YEL001C 28 784
YER001W 58 47407
YER002W 0 0
YER003C 18 722
YER004W 20 620
YER005W 63 907
YER006W 25 327
YER006C-A 10 114
YER007W 14 164
YER007C-A 17 654
YER008C 20 370
YER009W 2 2
YER010C 19 486
YER011W 6 150
YER012W 1 12
YER013W 24 393
YER014W 10 235
YER014C-A 18 1956
YER015W 30 721
YER016W 18 121
YER017C 40 764
YER018C 26 2380
YER019W 46 1395
YER019C-A 3 39
YER020W 25 1131
YER021W 12 370
YER022W 17 278
YER023W 5 98
YER023C-A 3 90
YER024W 62 30714
YER025W 3 19
YER026C 6 103
YER027C 18 468
YER028C 22 4921
YER029C 4 513
YER030W 1 1
YER031C 10 127
YER032W 31 639
YER033C 29 811
YER034W 23 1246
YER035W 25 296
YER036C 30 724
YER037W 13 118
YER038C 20 343
YER038W-A 3 23
YER039C 9 106
YER039C-A 2 212
YER040W 14 468
YER041W 26 861
YER042W 14 459
YER043C 13 292
YER044C 11 204
YER044C-A 25 574
YER045C 12 295
YER046W 12 254
YER046W-A 6 183
YER047C 28 615
YER048C 22 465
YER048W-A 3 6
YER049W 17 364
YER050C 4 21
YER051W 25 809
YER052C 8 116
YER053C 26 1446
YER053C-A 0 0
YER054C 44 2830
YER055C 15 152
YER056C 33 621
YER056C-A 7 38
YER057C 10 680
YER058W 6 26
YER059W 7 191
YER060W 25 620
YER060W-A 19 592
YER061C 20 263
YER062C 9 190
YER063W 13 594
YER064C 10 137
YER065C 64 1154
YER066W 8 158
YER066C-A 17 500
YER067W 14 151
YER067C-A 7 36
YER068W 21 2220
YER068C-A 19 1995
YER069W 56 1454
YER070W 32 1342
YER071C 2 32
YER072W 10 371
YER073W 25 783
YER074W 4 170
YER074W-A 3 29
YER075C 26 363
YER076C 11 325
YER076W-A 6 260
YER077C 22 225
YER078C 26 1008
YER078W-A 11 835
YER079W 10 171
YER079C-A 5 231
YER080W 23 592
YER081W 47 2931
YER082C 17 225
YER083C 14 553
YER084W 19 663
YER084W-A 4 92
YER085C 4 92
YER086W 25 280
YER087W 22 513
YER087C-A 10 279
YER087C-B 1 15
YER088C 50 2539
YER088C-A 41 10050
YER088W-B 14 607
YER089C 60 4266
YER090W 17 119
YER090C-A 0 0
YER091C 21 550
YER091C-A 19 6451
YER092W 14 990
YER093C 25 2966
YER093C-A 10 882
YER094C 8 145
YER095W 12 345
YER096W 11 422
YER097W 7 536
YER098W 23 772
YER099C 14 118
YER100W 9 213
YER101C 11 1255
YER102W 4 20
YER103W 18 534
YER104W 10 58
YER105C 42 4448
YER106W 6 33
YER107C 8 128
YER107W-A 4 62
YER109C 14 226
YER110C 22 281
YER111C 34 823
YER112W 0 0
YER113C 33 835
YER114C 45 885
YER115C 6 144
YER116C 6 55
YER117W 4 26
YER118C 11 224
YER119C 38 898
YER119C-A 16 986
YER120W 7 165
YER121W 11 493
YER122C 14 314
YER123W 20 1926
YER124C 15 247
YER125W 30 503
YER126C 7 152
YER127W 7 49
YER128W 6 73
YER129W 53 1305
YER130C 32 1760
YER131W 1 2
YER132C 67 1465
YER133W 3 29
YER133W-A 1 28
YER134C 5 232
YER135C 8 40
YER136W 19 133
YER137C 10 192
YER137W-A 10 135
YER138W-A 1 23
YER139C 12 168
YER140W 29 427
YER141W 16 315
YER142C 15 377
YER143W 20 773
YER144C 47 1934
YER145C 59 6992
YER145C-A 17 566
YER146W 11 246
YER147C 83 2764
YER147C-A 4 162
YER148W 7 216
YER148W-A 8 104
YER149C 15 343
YER150W 10 84
YER151C 22 366
YER152C 31 1365
YER152W-A 10 193
YER153C 34 612
YER154W 26 780
YER155C 71 10535
YER156C 21 834
YER157W 25 1461
YER158C 26 413
YER158W-A 7 69
YER159C 13 191
YER161C 9 342
YER162C 13 429
YER163C 25 1395
YER164W 40 1255
YER165W 6 51
YER165C-A 4 144
YER166W 71 1866
YER167W 43 1115
YER168C 20 584
YER169W 31 1007
YER170W 6 203
YER171W 30 640
YER172C 42 597
YER172C-A 5 25
YER173W 26 1010
YER174C 5 85
YER175C 27 743
YER175W-A 3 55
YER176W 96 8128
YER177W 11 90
YER178W 37 4774
YER179W 18 483
YER180C 4 86
YER180C-A 6 4973
YER181C 2 13
YER182W 9 80
YER183C 14 429
YER184C 19 578
YER185W 17 442
YER186C 22 872
YER187W 7 42
YER188W 7 50
YER188C-A 9 1483
YER189W 0 0
YER190W 5 65
YER190C-A 0 0
YER190C-B 0 0
YFL068W 0 0
YFL067W 1 1
YFL066C 0 0
YFL065C 0 0
YFL064C 0 0
YFL063W 8 229
YFL062W 2 36
YFL061W 0 0
YFL060C 3 37
YFL059W 5 213
YFL058W 1 235
YFL057C 3 107
YFL056C 7 86
YFL055W 32 663
YFL054C 31 775
YFL053W 25 622
YFL052W 26 1534
YFL051C 10 207
YFL050C 29 1218
YFL049W 15 257
YFL048C 22 363
YFL047W 32 1083
YFL046W 17 323
YFL045C 2 4
YFL044C 9 209
YFL042C 35 783
YFL041W-A 3 136
YFL041W 30 903
YFL040W 35 3075
YFL039C 12 218
YFL038C 24 1172
YFL037W 31 1136
YFL036W 42 1554
YFL034C-B 12 181
YFL034C-A 14 333
YFL034W 40 874
YFL033C 99 3280
YFL032W 16 239
YFL031W 14 722
YFL031C-A 0 0
YFL030W 30 858
YFL029C 12 520
YFL028C 20 751
YFL027C 17 362
YFL026W 18 129
YFL025C 22 358
YFL024C 41 981
YFL023W 21 1217
YFL022C 17 359
YFL021C-A 58 2301
YFL021W 43 1645
YFL020C 5 27
YFL019C 0 0
YFL018C 19 233
YFL017W-A 6 448
YFL017C 13 381
YFL016C 39 549
YFL015W-A 12 342
YFL015C 31 1271
YFL014W 11 317
YFL013W-A 29 650
YFL013C 36 650
YFL012W-A 18 1262
YFL012W 5 96
YFL011W 17 319
YFL010W-A 1 6
YFL010C 6 289
YFL009W 13 283
YFL008W 23 442
YFL007W 87 1828
YFL005W 6 12
YFL004W 27 2754
YFL003C 65 2108
YFL002C 38 1111
YFL001W 58 2049
YFR001W 5 145
YFR002W 19 848
YFR003C 11 390
YFR004W 10 171
YFR005C 16 627
YFR006W 49 2489
YFR007W 28 1588
YFR008W 7 112
YFR009W 25 310
YFR009W-A 1 3
YFR010W 35 961
YFR010W-A 2 45
YFR011C 9 268
YFR012W 9 112
YFR012W-A 0 0
YFR013W 32 861
YFR014C 19 673
YFR015C 36 1167
YFR016C 47 1186
YFR017C 37 1151
YFR018C 81 7000
YFR019W 80 1982
YFR020W 9 167
YFR021W 30 1207
YFR022W 39 2672
YFR023W 16 1349
YFR024C-A 16 388
YFR025C 28 2620
YFR026C 9 97
YFR027W 13 239
YFR028C 16 309
YFR029W 23 2125
YFR030W 26 935
YFR031C 27 689
YFR031C-A 7 170
YFR032C 8 79
YFR032C-A 2 5
YFR032C-B 8 225
YFR033C 19 683
YFR034C 66 7623
YFR034W-A 29 18267
YFR035C 34 18018
YFR036W 10 171
YFR036W-A 12 113
YFR037C 25 305
YFR038W 23 727
YFR039C 16 287
YFR040W 38 1012
YFR041C 15 378
YFR042W 7 40
YFR043C 8 203
YFR044C 25 665
YFR045W 11 130
YFR046C 15 322
YFR047C 16 407
YFR048W 49 1889
YFR049W 4 14
YFR050C 19 424
YFR051C 34 1105
YFR052W 12 148
YFR052C-A 9 155
YFR053C 44 4215
YFR054C 5 15
YFR056C 18 2446
YFR055W 23 596
YFR057W 4 91
YGL263W 22 414
YGL262W 12 132
YGL261C 4 21
YGL260W 1 2
YGL259W 2 30
YGL258W-A 0 0
YGL258W 3 111
YGL257C 25 371
YGL256W 14 362
YGL255W 24 678
YGL254W 29 778
YGL253W 30 1255
YGL252C 25 819
YGL251C 37 3145
YGL250W 14 179
YGL249W 44 836
YGL248W 21 440
YGL247W 10 240
YGL246C 16 1175
YGL245W 21 592
YGL244W 15 474
YGL243W 13 585
YGL242C 13 343
YGL241W 32 2567
YGL240W 14 293
YGL239C 3 69
YGL238W 32 1130
YGL237C 10 184
YGL236C 45 1353
YGL235W 18 532
YGL234W 41 890
YGL233W 22 354
YGL232W 13 576
YGL231C 7 94
YGL230C 0 0
YGL229C 34 1411
YGL228W 16 265
YGL227W 34 986
YGL226C-A 7 243
YGL226W 7 1792
YGL225W 28 979
YGL224C 20 404
YGL223C 13 253
YGL222C 4 36
YGL221C 14 281
YGL220W 10 346
YGL219C 20 1042
YGL218W 12 897
YGL217C 5 53
YGL216W 55 1551
YGL215W 9 631
YGL214W 7 52
YGL213C 13 187
YGL212W 9 226
YGL211W 14 245
YGL210W 16 322
YGL209W 12 248
YGL208W 41 1190
YGL207W 40 722
YGL206C 58 1340
YGL205W 46 1340
YGL204C 4 35
YGL203C 30 626
YGL202W 28 411
YGL201C 43 1745
YGL200C 15 157
YGL199C 5 48
YGL198W 9 279
YGL197W 28 326
YGL196W 23 1077
YGL195W 88 1427
YGL194C-A 7 85
YGL194C 13 142
YGL193C 6 208
YGL192W 31 503
YGL191W 10 763
YGL190C 23 626
YGL189C 10 124
YGL188C-A 1 2
YGL188C 10 2137
YGL187C 28 506
YGL186C 29 782
YGL185C 30 422
YGL184C 32 1147
YGL183C 16 286
YGL182C 8 82
YGL181W 16 436
YGL180W 46 520
YGL179C 22 585
YGL178W 72 6790
YGL177W 25 4347
YGL176C 18 270
YGL175C 5 81
YGL174W 16 198
YGL173C 48 1284
YGL172W 16 383
YGL171W 15 167
YGL170C 7 133
YGL169W 25 656
YGL168W 9 153
YGL167C 40 541
YGL166W 23 584
YGL165C 29 1933
YGL164C 13 198
YGL163C 32 6674
YGL162W 17 2572
YGL161C 20 890
YGL160W 25 921
YGL159W 9 290
YGL158W 28 783
YGL157W 19 1259
YGL156W 47 1050
YGL155W 20 683
YGL154C 15 604
YGL153W 17 258
YGL152C 15 340
YGL151W 21 567
YGL150C 50 1424
YGL149W 14 288
YGL148W 27 1893
YGL147C 15 663
YGL146C 37 848
YGL145W 24 472
YGL144C 23 485
YGL143C 17 332
YGL142C 10 154
YGL141W 30 717
YGL140C 19 502
YGL139W 28 689
YGL138C 9 128
YGL137W 24 871
YGL136C 20 515
YGL135W 11 71
YGL134W 25 494
YGL133W 48 980
YGL132W 2 9
YGL131C 36 2639
YGL130W 12 139
YGL129C 10 133
YGL128C 5 14
YGL127C 14 241
YGL126W 118 36110
YGL125W 73 6524
YGL124C 21 13309
YGL123W 3 7
YGL123C-A 1 1
YGL122C 20 4665
YGL121C 12 144
YGL120C 33 688
YGL119W 12 136
YGL118C 17 1189
YGL117W 24 547
YGL116W 37 515
YGL115W 14 181
YGL114W 28 206
YGL113W 12 55
YGL112C 2 33
YGL111W 8 100
YGL110C 27 428
YGL109W 13 382
YGL108C 7 37
YGL107C 17 206
YGL106W 6 7
YGL105W 15 229
YGL104C 22 210
YGL103W 24 549
YGL102C 17 513
YGL101W 5 40
YGL100W 10 193
YGL099W 11 264
YGL098W 2 10
YGL097W 33 860
YGL096W 11 129
YGL095C 20 293
YGL094C 37 782
YGL093W 30 1088
YGL092W 20 254
YGL091C 12 513
YGL090W 15 1013
YGL089C 5 58
YGL088W 15 257
YGL087C 23 1667
YGL086W 33 1288
YGL085W 20 688
YGL084C 20 465
YGL083W 30 357
YGL082W 22 289
YGL081W 10 252
YGL080W 6 147
YGL079W 9 246
YGL078C 8 217
YGL077C 26 501
YGL076C 6 298
YGL075C 9 1131
YGL074C 21 369
YGL073W 59 2450
YGL072C 27 1210
YGL071W 35 828
YGL070C 7 132
YGL069C 6 38
YGL068W 6 38
YGL067W 14 187
YGL066W 24 648
YGL065C 9 316
YGL064C 36 581
YGL063W 107 10437
YGL063C-A 12 147
YGL062W 70 1669
YGL061C 14 451
YGL060W 23 442
YGL059W 19 413
YGL058W 13 243
YGL057C 11 115
YGL056C 20 285
YGL055W 47 1050
YGL054C 11 216
YGL053W 3 5
YGL052W 2 238
YGL051W 3 15
YGL050W 20 457
YGL049C 23 655
YGL048C 2 5
YGL047W 15 723
YGL045W 41 1481
YGL044C 14 178
YGL043W 18 309
YGL042C 6 57
YGL041C-B 5 502
YGL041W-A 11 152
YGL041C 7 57
YGL040C 14 323
YGL039W 16 516
YGL038C 16 348
YGL037C 6 214
YGL036W 20 522
YGL035C 21 313
YGL034C 8 71
YGL033W 9 144
YGL032C 1 4
YGL031C 3 63
YGL030W 0 0
YGL029W 4 8
YGL028C 8 32
YGL027C 29 570
YGL026C 26 388
YGL025C 12 166
YGL024W 7 196
YGL023C 24 425
YGL022W 53 1536
YGL021W 30 375
YGL020C 4 55
YGL019W 2 22
YGL018C 10 141
YGL017W 17 205
YGL016W 23 288
YGL015C 9 44
YGL014W 24 317
YGL014C-A 4 74
YGL013C 43 1247
YGL012W 31 1035
YGL011C 11 298
YGL010W 14 573
YGL009C 44 2727
YGL008C 52 1613
YGL007C-A 1 3
YGL007W 23 2212
YGL006W-A 5 22
YGL006W 34 801
YGL005C 23 356
YGL004C 37 2597
YGL003C 52 2409
YGL002W 27 1448
YGL001C 48 2539
YGR001C 23 3026
YGR002C 27 448
YGR003W 33 480
YGR004W 21 1217
YGR005C 10 187
YGR006W 21 1095
YGR007W 22 2228
YGR008C 13 91
YGR009C 14 273
YGR010W 15 914
YGR011W 4 105
YGR012W 21 574
YGR013W 52 2386
YGR014W 41 1928
YGR015C 21 282
YGR016W 19 672
YGR017W 7 54
YGR018C 4 32
YGR019W 36 2217
YGR020C 2 7
YGR021W 24 636
YGR022C 5 135
YGR023W 18 2164
YGR024C 4 37
YGR025W 16 445
YGR026W 10 604
YGR027C 6 59
YGR028W 23 528
YGR029W 13 499
YGR030C 12 140
YGR031W 75 4409
YGR031C-A 33 2500
YGR032W 94 2973
YGR033C 7 49
YGR034W 5 53
YGR035C 4 15
YGR035W-A 9 440
YGR036C 12 326
YGR037C 4 38
YGR038W 10 221
YGR039W 17 193
YGR040W 26 864
YGR041W 41 1082
YGR042W 11 103
YGR043C 29 2576
YGR044C 12 373
YGR045C 37 2484
YGR046W 7 1036
YGR047C 24 711
YGR048W 15 507
YGR049W 18 283
YGR050C 24 876
YGR051C 30 10159
YGR052W 35 994
YGR053C 9 589
YGR054W 27 924
YGR055W 19 421
YGR056W 35 551
YGR057C 6 44
YGR058W 15 271
YGR059W 12 147
YGR060W 16 389
YGR061C 44 1057
YGR062C 6 120
YGR063C 3 3
YGR064W 8 252
YGR065C 14 280
YGR066C 10 217
YGR067C 32 6200
YGR068C 99 3885
YGR068W-A 2 29
YGR069W 17 761
YGR070W 48 2035
YGR071C 22 402
YGR072W 3 77
YGR073C 6 203
YGR074W 5 202
YGR075C 1 6
YGR076C 8 518
YGR077C 28 1469
YGR078C 2 19
YGR079W 24 352
YGR080W 13 524
YGR081C 6 73
YGR082W 6 86
YGR083C 22 487
YGR084C 9 32845
YGR085C 2 64
YGR086C 16 333
YGR087C 68 3391
YGR088W 15 949
YGR089W 28 825
YGR090W 30 451
YGR091W 6 91
YGR092W 15 228
YGR093W 29 630
YGR094W 33 758
YGR095C 9 84
YGR096W 28 2180
YGR097W 40 796
YGR098C 15 201
YGR099W 22 571
YGR100W 41 603
YGR101W 11 177
YGR102C 4 45
YGR103W 14 445
YGR104C 10 263
YGR105W 3 50
YGR106C 8 76
YGR107W 49 2310
YGR108W 12 225
YGR109C 18 493
YGR110W 6 190
YGR111W 15 1839
YGR112W 13 142
YGR113W 16 1404
YGR114C 1 4
YGR115C 2 4
YGR116W 27 593
YGR117C 12 374
YGR118W 3 308
YGR119C 18 415
YGR120C 8 169
YGR121C 47 1944
YGR121W-A 29 5862
YGR122W 21 1299
YGR122C-A 0 0
YGR123C 25 756
YGR124W 32 2183
YGR125W 40 677
YGR126W 9 169
YGR127W 25 1224
YGR128C 10 49
YGR129W 13 387
YGR130C 36 4485
YGR131W 6 242
YGR132C 10 483
YGR133W 8 237
YGR134W 38 919
YGR135W 6 350
YGR136W 12 262
YGR137W 1 8
YGR138C 20 261
YGR139W 4 131
YGR140W 30 616
YGR141W 33 270
YGR142W 8 158
YGR143W 34 1360
YGR144W 16 121
YGR145W 18 1536
YGR146C 13 1658
YGR146C-A 12 251
YGR147C 26 387
YGR148C 10 162
YGR149W 18 153
YGR150C 18 1352
YGR151C 2 105
YGR152C 10 244
YGR153W 15 228
YGR154C 13 238
YGR155W 12 95
YGR156W 21 349
YGR157W 27 7531
YGR158C 15 455
YGR159C 15 245
YGR160W 1 2
YGR161C 22 427
YGR161W-C 7 132
YGR162W 26 400
YGR163W 13 293
YGR164W 13 512
YGR165W 3 89
YGR166W 16 231
YGR167W 8 231
YGR168C 18 234
YGR169C 24 562
YGR169C-A 2 2
YGR170W 43 1173
YGR171C 22 463
YGR172C 6 147
YGR173W 19 604
YGR174C 11 264
YGR174W-A 1 7
YGR175C 25 822
YGR176W 29 585
YGR177C 55 2958
YGR178C 41 3152
YGR179C 17 502
YGR180C 20 879
YGR181W 13 582
YGR182C 13 157
YGR183C 8 235
YGR184C 76 1884
YGR185C 15 701
YGR186W 18 365
YGR187C 4 12
YGR188C 23 524
YGR189C 9 349
YGR190C 5 1047
YGR191W 19 372
YGR192C 29 528
YGR193C 11 197
YGR194C 23 463
YGR195W 17 483
YGR196C 19 263
YGR197C 37 2399
YGR198W 20 227
YGR199W 34 510
YGR200C 30 1029
YGR201C 16 2765
YGR202C 26 675
YGR203W 49 1600
YGR204W 75 3065
YGR204C-A 0 0
YGR205W 14 863
YGR206W 6 52
YGR207C 8 810
YGR208W 22 654
YGR209C 11 561
YGR210C 49 1214
YGR211W 28 601
YGR212W 13 167
YGR213C 21 495
YGR214W 11 149
YGR215W 6 142
YGR216C 14 469
YGR217W 68 1396
YGR218W 22 481
YGR219W 5 11
YGR220C 19 502
YGR221C 25 602
YGR222W 15 231
YGR223C 15 263
YGR224W 28 505
YGR225W 19 238
YGR226C 1 15
YGR227W 7 576
YGR228W 3 25
YGR229C 22 423
YGR230W 12 2373
YGR231C 18 387
YGR232W 15 181
YGR233C 47 1208
YGR234W 14 249
YGR235C 9 239
YGR236C 17 397
YGR237C 34 687
YGR238C 53 3662
YGR239C 45 5099
YGR240C 44 837
YGR240C-A 18 1768
YGR241C 26 4593
YGR242W 3 132
YGR243W 6 42
YGR244C 58 4261
YGR245C 36 831
YGR246C 15 173
YGR247W 11 242
YGR248W 15 498
YGR249W 16 243
YGR250C 32 1344
YGR251W 14 354
YGR252W 21 1072
YGR253C 7 162
YGR254W 21 684
YGR255C 25 644
YGR256W 30 505
YGR257C 31 942
YGR258C 48 2440
YGR259C 5 130
YGR260W 29 2812
YGR261C 25 866
YGR262C 10 116
YGR263C 24 586
YGR264C 23 395
YGR265W 12 1220
YGR266W 36 838
YGR267C 19 1738
YGR268C 34 4315
YGR269W 18 927
YGR270W 45 1430
YGR270C-A 8 275
YGR271W 93 2079
YGR271C-A 3 25
YGR273C 1 2
YGR274C 18 730
YGR275W 3 19
YGR276C 10 304
YGR277C 14 154
YGR278W 11 261
YGR279C 27 1348
YGR280C 16 411
YGR281W 67 1529
YGR282C 4 133
YGR283C 22 423
YGR284C 11 216
YGR285C 12 373
YGR286C 33 1318
YGR287C 42 1469
YGR288W 27 138
YGR289C 19 510
YGR290W 0 0
YGR291C 8 243
YGR292W 3 68
YGR293C 0 0
YGR294W 0 0
YGR295C 9 101
YGR296W 0 0
YGR296C-A 0 0
YGR296C-B 0 0
YHL050C 5 25
YHL050W-A 4 19
YHL049C 0 0
YHL048C-A 1 3
YHL048W 6 48
YHL047C 13 293
YHL046W-A 1 27
YHL046C 0 0
YHL045W 9 3451
YHL044W 12 328
YHL043W 5 27
YHL042W 30 3077
YHL041W 15 442
YHL040C 29 855
YHL039W 19 778
YHL038C 14 150
YHL037C 24 1489
YHL036W 45 1119
YHL035C 48 2075
YHL034W-A 4 57
YHL034C 8 107
YHL033C 15 393
YHL032C 57 2540
YHL031C 22 853
YHL030W-A 13 369
YHL030W 68 2021
YHL029C 32 869
YHL028W 30 2636
YHL027W 43 1614
YHL026C 27 3617
YHL025W 67 4617
YHL024W 64 1638
YHL023C 38 1264
YHL022C 10 193
YHL021C 38 1388
YHL020C 19 400
YHL019W-A 12 223
YHL019C 22 432
YHL018W 5 54
YHL017W 23 761
YHL016C 36 852
YHL015W-A 2 25
YHL015W 0 0
YHL014C 21 401
YHL013C 7 90
YHL012W 20 402
YHL011C 9 246
YHL010C 32 869
YHL009C 9 338
YHL008C 9 113
YHL007C 57 1268
YHL006W-A 17 505
YHL006C 36 2348
YHL005C 25 5075
YHL004W 23 878
YHL003C 16 591
YHL002C-A 6 435
YHL002W 27 1313
YHL001W 13 208
YHR001W 64 2438
YHR001W-A 21 1849
YHR002W 42 792
YHR003C 39 1232
YHR004C 25 798
YHR005C 7 177
YHR005C-A 6 27
YHR006W 15 797
YHR007C 15 361
YHR007C-A 18 4068
YHR008C 14 157
YHR009C 29 1012
YHR010W 1 1
YHR011W 15 317
YHR012W 5 183
YHR013C 9 69
YHR014W 3 51
YHR015W 12 206
YHR016C 16 723
YHR017W 19 378
YHR018C 21 936
YHR019C 19 421
YHR020W 19 195
YHR021C 9 162
YHR021W-A 4 174
YHR022C 17 952
YHR022C-A 6 357
YHR023W 46 1462
YHR024C 11 122
YHR025W 13 160
YHR026W 10 64
YHR027C 27 222
YHR028C 43 1270
YHR028W-A 11 160
YHR029C 15 439
YHR030C 24 511
YHR031C 39 2557
YHR032W 66 2284
YHR032W-A 7 4209
YHR032C-A 4 1505
YHR033W 75 2513
YHR034C 35 2015
YHR035W 35 1162
YHR036W 21 2090
YHR037W 26 903
YHR038W 1 2
YHR039C 20 440
YHR039C-A 2 40
YHR040W 21 434
YHR041C 12 235
YHR042W 21 219
YHR043C 13 265
YHR044C 16 176
YHR045W 16 324
YHR046C 19 301
YHR047C 36 677
YHR048W 36 1660
YHR049W 19 660
YHR049C-A 11 571
YHR050W 44 6789
YHR050W-A 4 94
YHR051W 5 65
YHR052W 9 215
YHR052W-A 0 0
YHR053C 0 0
YHR054C 0 0
YHR054W-A 0 0
YHR055C 0 0
YHR056C 40 1243
YHR056W-A 17 573
YHR057C 21 363
YHR058C 9 431
YHR059W 8 497
YHR060W 2 3
YHR061C 20 1240
YHR062C 15 429
YHR063C 12 138
YHR063W-A 3 304
YHR064C 6 100
YHR065C 27 556
YHR066W 7 236
YHR067W 21 595
YHR068W 17 448
YHR069C 9 158
YHR069C-A 4 266
YHR070W 44 4314
YHR070C-A 38 4085
YHR071W 18 275
YHR071C-A 9 605
YHR072W 32 3194
YHR072W-A 1 1
YHR073W 54 960
YHR073W-A 6 303
YHR073C-B 1 6
YHR074W 24 835
YHR075C 8 290
YHR076W 5 179
YHR077C 27 654
YHR078W 14 921
YHR079C 34 407
YHR079C-A 2 12
YHR080C 76 2721
YHR081W 4 79
YHR082C 34 681
YHR083W 25 525
YHR084W 26 1288
YHR085W 11 613
YHR086W 26 1312
YHR086W-A 7 427
YHR087W 14 541
YHR088W 0 0
YHR089C 11 692
YHR090C 2 70
YHR091C 29 511
YHR092C 28 390
YHR093W 7 133
YHR094C 25 510
YHR095W 17 512
YHR096C 24 565
YHR097C 26 1183
YHR098C 38 882
YHR099W 87 1676
YHR100C 7 239
YHR101C 8 236
YHR102W 15 420
YHR103W 29 659
YHR104W 11 1314
YHR105W 3 225
YHR106W 9 100
YHR107C 9 450
YHR108W 25 672
YHR109W 18 299
YHR110W 5 367
YHR111W 8 108
YHR112C 24 1657
YHR113W 28 1000
YHR114W 23 566
YHR115C 25 4220
YHR116W 17 326
YHR117W 29 1013
YHR118C 16 324
YHR119W 39 619
YHR120W 22 209
YHR121W 8 402
YHR122W 13 102
YHR123W 15 322
YHR124W 39 1956
YHR125W 2 20
YHR126C 11 741
YHR127W 5 68
YHR128W 8 349
YHR129C 12 175
YHR130C 2 11
YHR131C 24 544
YHR131W-A 8 189
YHR132C 38 4420
YHR132W-A 11 466
YHR133C 9 83
YHR134W 7 28
YHR135C 35 1616
YHR136C 16 1153
YHR137W 9 412
YHR137C-A 7 377
YHR138C 8 167
YHR139C 12 150
YHR139C-A 11 347
YHR140W 22 933
YHR141C 4 17
YHR142W 22 486
YHR143W 7 714
YHR143W-A 0 0
YHR144C 15 244
YHR145C 5 17
YHR146W 10 575
YHR147C 5 104
YHR148W 11 186
YHR149C 18 274
YHR150W 31 994
YHR151C 24 795
YHR152W 17 555
YHR153C 7 174
YHR154W 44 1324
YHR155W 29 1295
YHR156C 34 904
YHR157W 6 30
YHR158C 36 1362
YHR159W 31 988
YHR160C 9 174
YHR161C 41 1196
YHR162W 0 0
YHR163W 5 203
YHR164C 35 856
YHR165C 59 1115
YHR165W-A 8 92
YHR166C 26 2483
YHR167W 12 310
YHR168W 18 482
YHR169W 23 648
YHR170W 17 713
YHR171W 12 182
YHR172W 38 4247
YHR173C 30 1758
YHR174W 20 905
YHR175W 21 570
YHR175W-A 3 17
YHR176W 27 663
YHR177W 14 314
YHR178W 53 1239
YHR179W 11 116
YHR180W 15 257
YHR180W-A 4 139
YHR180C-B 2 37
YHR181W 7 315
YHR182W 37 757
YHR182C-A 8 220
YHR183W 23 372
YHR184W 14 188
YHR185C 7 116
YHR186C 40 976
YHR187W 9 171
YHR188C 27 283
YHR189W 18 243
YHR190W 27 383
YHR191C 6 149
YHR192W 11 199
YHR193C 9 466
YHR193C-A 8 73
YHR194W 46 1329
YHR195W 18 299
YHR196W 14 466
YHR197W 10 465
YHR198C 17 303
YHR199C 25 1279
YHR199C-A 6 42
YHR200W 13 152
YHR201C 9 231
YHR202W 25 1499
YHR203C 7 229
YHR204W 44 1884
YHR205W 18 116
YHR206W 12 279
YHR207C 26 606
YHR208W 19 310
YHR209W 11 191
YHR210C 13 175
YHR211W 22 586
YHR212C 0 0
YHR212W-A 0 0
YHR213W 0 0
YHR213W-A 0 0
YHR213W-B 8 122
YHR214W 0 0
YHR214W-A 0 0
YHR214C-D 0 0
YHR214C-E 2 21
YHR215W 2 3
YHR216W 23 999
YHR217C 11 93
YHR218W 0 0
YHR218W-A 0 0
YHR219W 0 0
YHR219C-A 0 0
YIL177C 0 0
YIL177W-A 0 0
YIL176C 0 0
YIL173W 0 0
YIL172C 0 0
YIL171W-A 0 0
YIL169C 8 291
YIL166C 20 534
YIL165C 11 258
YIL164C 24 702
YIL163C 26 3101
YIL162W 49 1709
YIL161W 5 68
YIL160C 12 355
YIL159W 52 1436
YIL158W 13 284
YIL157C 11 245
YIL156W-A 7 197
YIL156W-B 5 348
YIL156W 49 1220
YIL155C 57 2718
YIL154C 65 1974
YIL153W 25 865
YIL152W 23 1141
YIL151C 32 331
YIL150C 18 451
YIL149C 46 1065
YIL148W 4 72
YIL147C 25 719
YIL146C 9 540
YIL145C 10 256
YIL144W 14 417
YIL143C 36 1213
YIL142C-A 4 18
YIL142W 30 1154
YIL141W 6 137
YIL140W 22 355
YIL139C 17 393
YIL138C 6 464
YIL137C 39 917
YIL136W 12 53
YIL135C 24 390
YIL134C-A 8 138
YIL134W 11 110
YIL133C 5 15
YIL132C 21 1342
YIL131C 36 1596
YIL130W 38 1697
YIL129C 51 781
YIL128W 25 1037
YIL127C 3 16
YIL126W 31 2213
YIL125W 61 2598
YIL124W 7 53
YIL123W 45 1454
YIL122W 16 242
YIL121W 31 919
YIL120W 40 2006
YIL119C 12 353
YIL118W 15 426
YIL117C 12 95
YIL116W 7 104
YIL115W-A 3 18
YIL115C 42 923
YIL114C 3 28
YIL113W 17 1201
YIL112W 36 2783
YIL111W 10 391
YIL110W 15 304
YIL109C 57 1322
YIL108W 37 2350
YIL107C 30 524
YIL106W 13 523
YIL105C 34 1414
YIL105W-A 4 153
YIL104C 22 437
YIL103W 15 372
YIL102C-A 4 42
YIL102C 4 303
YIL101C 38 2320
YIL100C-A 40 2086
YIL100W 39 2122
YIL099W 27 810
YIL098C 6 265
YIL097W 22 692
YIL096C 16 431
YIL095W 33 429
YIL094C 19 367
YIL093C 18 403
YIL092W 30 682
YIL091C 26 679
YIL090W 12 126
YIL089W 12 736
YIL088C 30 564
YIL087C 6 68
YIL086C 15 410
YIL085C 34 1165
YIL084C 10 207
YIL083C 5 110
YIL082W 9 216
YIL079C 18 662
YIL078W 19 437
YIL077C 37 912
YIL076W 10 238
YIL075C 26 1313
YIL074C 40 1415
YIL073C 31 851
YIL072W 15 314
YIL071W-A 2 268
YIL071C 17 3058
YIL070C 4 74
YIL069C 5 91
YIL068W-A 9 101
YIL068C 19 377
YIL067C 38 905
YIL066W-A 5 172
YIL066C 32 315
YIL065C 13 436
YIL064W 27 859
YIL063C 19 612
YIL062C 4 119
YIL061C 12 79
YIL060W 3 90
YIL059C 3 90
YIL058W 12 403
YIL057C 21 16756
YIL056W 39 1752
YIL055C 29 591
YIL054W 29 1245
YIL053W 21 673
YIL052C 0 0
YIL051C 11 659
YIL050W 13 397
YIL049W 17 480
YIL048W 29 454
YIL047C-A 6 246
YIL047C 58 1165
YIL046W-A 31 3220
YIL046W 41 953
YIL045W 21 1762
YIL044C 11 363
YIL043C 17 562
YIL042C 25 558
YIL041W 7 312
YIL040W 6 97
YIL039W 19 229
YIL038C 11 120
YIL037C 14 153
YIL036W 28 834
YIL035C 16 426
YIL034C 26 464
YIL033C 25 1099
YIL032C 9 234
YIL031W 27 711
YIL030W-A 4 63
YIL030C 39 1118
YIL029W-A 6 413
YIL029C 5 794
YIL028W 4 11
YIL027C 7 83
YIL026C 23 551
YIL025C 0 0
YIL024C 8 81
YIL023C 23 650
YIL022W 15 404
YIL021W 16 327
YIL021C-A 3 46
YIL020C-A 5 105
YIL020C 15 161
YIL019W 7 351
YIL018W 0 0
YIL017C 45 1021
YIL016W 3 65
YIL015W 20 481
YIL014C-A 2 12
YIL014W 20 300
YIL013C 32 1039
YIL012W 19 950
YIL011W 6 81
YIL010W 21 455
YIL009C-A 13 598
YIL009W 36 1461
YIL008W 7 114
YIL007C 16 344
YIL006W 15 768
YIL005W 30 1061
YIL004C 12 138
YIL003W 26 538
YIL002W-A 2 12
YIL002C 65 2499
YIL001W 80 3511
YIR001C 34 1715
YIR002C 69 2612
YIR003W 34 1313
YIR004W 15 178
YIR005W 18 256
YIR006C 42 2500
YIR007W 17 479
YIR008C 5 109
YIR009W 2 12
YIR010W 17 662
YIR011C 7 63
YIR012W 20 546
YIR013C 6 168
YIR014W 12 134
YIR015W 22 1091
YIR016W 11 113
YIR017C 25 1348
YIR017W-A 26 1538
YIR018W 12 615
YIR018C-A 9 280
YIR019C 26 1529
YIR020C 8 127
YIR020W-A 10 753
YIR020C-B 15 303
YIR021W 17 296
YIR021W-A 11 1982
YIR022W 4 69
YIR023W 27 609
YIR023C-A 1 4
YIR024C 3 94
YIR025W 12 409
YIR026C 9 129
YIR027C 11 482
YIR028W 28 1623
YIR029W 10 167
YIR030C 7 6972
YIR030W-A 4 272
YIR031C 22 808
YIR032C 13 514
YIR033W 22 531
YIR034C 19 309
YIR035C 9 114
YIR036C 9 115
YIR036W-A 11 198
YIR037W 9 240
YIR038C 9 270
YIR039C 9 142
YIR040C 2 84
YIR041W 1 2
YIR042C 4 268
YJL225C 0 0
YJL225W-A 0 0
YJL223C 0 0
YJL222W-B 0 0
YJL222W-A 0 0
YJL222W 4 384
YJL221C 0 0
YJL220W 0 0
YJL219W 8 889
YJL218W 2 10
YJL217W 9 377
YJL216C 28 847
YJL215C 15 198
YJL214W 20 298
YJL213W 14 338
YJL212C 45 886
YJL211C 31 1691
YJL210W 40 1313
YJL209W 35 1063
YJL208C 21 359
YJL207C 76 2534
YJL206C 26 751
YJL205C 7 73
YJL204C 18 417
YJL203W 1 1
YJL202C 5 251
YJL201W 29 638
YJL200C 54 1895
YJL199C 6 203
YJL198W 31 394
YJL197W 51 4124
YJL197C-A 1 2
YJL196C 25 894
YJL195C 13 274
YJL194W 23 518
YJL193W 5 281
YJL192C 14 833
YJL191W 28 2456
YJL190C 3 106
YJL189W 4 160
YJL188C 3 147
YJL187C 31 566
YJL186W 24 1335
YJL185C 8 30
YJL184W 6 121
YJL183W 26 1490
YJL182C 11 213
YJL181W 26 668
YJL180C 6 130
YJL179W 2 21
YJL178C 5 204
YJL177W 6 97
YJL176C 20 91
YJL175W 6 36
YJL174W 4 88
YJL173C 0 0
YJL172W 34 6422
YJL171C 8 185
YJL170C 18 782
YJL169W 6 54
YJL168C 31 534
YJL167W 12 62
YJL166W 5 42
YJL165C 32 791
YJL164C 21 1323
YJL163C 31 489
YJL162C 19 969
YJL161W 19 533
YJL160C 12 151
YJL159W 5 21
YJL158C 22 350
YJL157C 74 3714
YJL156W-A 21 3764
YJL156C 53 2523
YJL155C 30 1094
YJL154C 38 899
YJL153C 26 286
YJL152W 32 2583
YJL151C 20 1632
YJL150W 22 3834
YJL149W 34 1578
YJL148W 11 836
YJL147C 9 75
YJL146W 25 426
YJL145W 9 154
YJL144W 5 80
YJL143W 8 53
YJL142C 4 192
YJL141C 51 1461
YJL140W 8 131
YJL139C 22 434
YJL138C 3 15
YJL137C 27 945
YJL136W-A 3 32
YJL136C 4 26
YJL135W 7 221
YJL134W 15 171
YJL133C-A 15 466
YJL133W 27 1563
YJL132W 38 658
YJL131C 10 131
YJL130C 111 3677
YJL129C 32 717
YJL128C 27 11960
YJL127W-A 4 524
YJL127C-B 4 17
YJL127C 46 1049
YJL126W 17 192
YJL125C 20 317
YJL124C 4 41
YJL123C 20 685
YJL122W 6 106
YJL121C 14 294
YJL120W 9 85
YJL119C 15 232
YJL118W 19 350
YJL117W 16 118
YJL116C 24 476
YJL115W 7 188
YJL112W 27 258
YJL111W 17 193
YJL110C 13 663
YJL109C 35 599
YJL108C 10 264
YJL107C 24 392
YJL106W 21 449
YJL105W 14 213
YJL104W 1 52
YJL103C 21 1003
YJL102W 34 427
YJL101C 33 1216
YJL100W 30 834
YJL099W 31 1801
YJL098W 39 565
YJL097W 8 253
YJL096W 6 61
YJL095W 44 1056
YJL094C 48 20403
YJL093C 15 221
YJL092W 33 379
YJL091C 6 46
YJL090C 24 633
YJL089W 20 220
YJL088W 18 591
YJL087C 16 790
YJL086C 6 90
YJL085W 12 213
YJL084C 20 748
YJL083W 27 1382
YJL082W 36 912
YJL081C 10 142
YJL080C 46 1137
YJL079C 17 166
YJL078C 76 1636
YJL077W-B 5 97
YJL077C 28 8831
YJL077W-A 4 614
YJL076W 43 941
YJL075C 4 74
YJL074C 18 322
YJL073W 18 407
YJL072C 6 129
YJL071W 23 539
YJL070C 15 658
YJL069C 15 234
YJL068C 13 237
YJL067W 10 424
YJL066C 21 688
YJL065C 16 318
YJL064W 10 173
YJL063C 9 304
YJL062W-A 13 522
YJL062W 25 681
YJL061W 5 21
YJL060W 17 253
YJL059W 24 716
YJL058C 31 512
YJL057C 18 388
YJL056C 39 715
YJL055W 12 108
YJL054W 17 484
YJL053W 10 149
YJL052C-A 19 3320
YJL052W 25 829
YJL051W 45 1084
YJL050W 30 561
YJL049W 5 174
YJL048C 17 223
YJL047C-A 3 56
YJL047C 30 795
YJL046W 9 367
YJL045W 30 1135
YJL044C 17 348
YJL043W 51 6078
YJL042W 55 1554
YJL041W 4 30
YJL039C 30 462
YJL038C 1 9
YJL037W 16 422
YJL036W 16 474
YJL035C 23 787
YJL034W 24 552
YJL033W 17 197
YJL032W 2 5
YJL031C 5 29
YJL030W 13 1235
YJL029C 31 858
YJL028W 22 1049
YJL027C 45 17135
YJL026W 13 336
YJL026C-A 1 197
YJL025W 24 452
YJL024C 7 80
YJL023C 16 449
YJL022W 6 70
YJL020C 40 1213
YJL020W-A 2 30
YJL019W 34 446
YJL016W 29 400
YJL015C 16 2239
YJL014W 7 114
YJL013C 9 74
YJL012C 46 1120
YJL011C 3 38
YJL010C 5 233
YJL009W 3 101
YJL008C 14 313
YJL007C 17 2745
YJL006C 10 235
YJL005W 57 996
YJL004C 19 673
YJL003W 4 221
YJL002C 31 945
YJL001W 28 670
YJR001W 86 12582
YJR002W 25 333
YJR003C 35 1122
YJR004C 39 1337
YJR005W 25 299
YJR005C-A 3 96
YJR006W 12 203
YJR007W 1 2
YJR008W 30 719
YJR009C 17 1222
YJR010W 38 1575
YJR010C-A 7 111
YJR011C 12 240
YJR012C 12 335
YJR013W 22 657
YJR014W 5 20
YJR015W 21 627
YJR016C 19 633
YJR017C 8 250
YJR018W 9 143
YJR019C 28 1251
YJR020W 10 277
YJR021C 20 712
YJR022W 2 54
YJR023C 3 55
YJR024C 12 142
YJR025C 3 56
YJR030C 26 783
YJR031C 37 910
YJR032W 8 148
YJR033C 44 3109
YJR034W 9 214
YJR035W 37 961
YJR036C 27 1051
YJR037W 2 102
YJR038C 5 31
YJR039W 40 1110
YJR040W 14 321
YJR041C 12 189
YJR042W 18 387
YJR043C 15 285
YJR044C 9 191
YJR045C 18 370
YJR046W 21 537
YJR047C 5 401
YJR048W 19 354
YJR049C 31 496
YJR050W 10 579
YJR051W 36 1603
YJR052W 16 339
YJR053W 22 876
YJR054W 9 216
YJR055W 8 111
YJR056C 8 51
YJR057W 12 716
YJR058C 14 850
YJR059W 35 613
YJR060W 15 305
YJR061W 40 746
YJR062C 12 152
YJR063W 3 56
YJR064W 28 564
YJR065C 21 298
YJR066W 78 3577
YJR067C 1 9
YJR068W 11 320
YJR069C 7 112
YJR070C 6 227
YJR071W 10 172
YJR072C 28 769
YJR073C 15 248
YJR074W 27 548
YJR075W 22 1213
YJR076C 18 472
YJR077C 11 397
YJR078W 41 1994
YJR079W 15 600
YJR080C 15 458
YJR082C 7 324
YJR083C 9 104
YJR084W 23 729
YJR085C 8 1026
YJR086W 5 18
YJR087W 5 107
YJR088C 13 437
YJR089W 31 506
YJR090C 26 625
YJR091C 37 1736
YJR092W 57 1006
YJR093C 16 408
YJR094C 25 499
YJR094W-A 6 33
YJR095W 18 214
YJR096W 15 668
YJR097W 1 19
YJR098C 24 444
YJR099W 8 82
YJR100C 12 456
YJR101W 7 401
YJR102C 14 1198
YJR103W 52 3760
YJR104C 19 517
YJR105W 29 1461
YJR106W 20 472
YJR107W 17 244
YJR108W 12 69
YJR109C 47 971
YJR110W 45 1405
YJR111C 26 545
YJR112W 10 520
YJR112W-A 18 923
YJR113C 19 587
YJR114W 11 884
YJR115W 42 1905
YJR116W 29 1364
YJR117W 33 1652
YJR118C 5 152
YJR119C 44 891
YJR120W 20 3491
YJR121W 25 381
YJR122W 15 301
YJR123W 1 1
YJR124C 32 962
YJR125C 15 214
YJR126C 30 457
YJR127C 71 1533
YJR128W 20 1097
YJR129C 41 3687
YJR130C 19 834
YJR131W 34 893
YJR132W 34 1269
YJR133W 7 285
YJR134C 14 584
YJR135C 19 644
YJR135W-A 1 1
YJR136C 6 158
YJR137C 66 3601
YJR138W 51 1488
YJR139C 15 235
YJR140C 43 886
YJR140W-A 2 6
YJR141W 4 115
YJR142W 22 1020
YJR143C 26 409
YJR144W 20 494
YJR145C 3 15
YJR146W 26 512
YJR147W 13 457
YJR148W 37 760
YJR149W 18 399
YJR150C 7 55
YJR151C 15 190
YJR151W-A 1 10
YJR152W 24 528
YJR153W 9 152
YJR154W 26 647
YJR155W 15 381
YJR156C 10 354
YJR157W 0 0
YJR158W 0 0
YJR159W 1 107
YJR160C 2 13
YJR161C 2 4
YJR162C 7 35
YKL225W 2 16
YKL224C 1 2
YKL223W 4 206
YKL222C 26 773
YKL221W 22 744
YKL220C 24 333
YKL219W 12 147
YKL218C 32 801
YKL217W 57 1385
YKL216W 10 386
YKL215C 62 1644
YKL214C 3 53
YKL213C 39 931
YKL212W 15 604
YKL211C 23 195
YKL210W 22 708
YKL209C 56 1981
YKL208W 21 422
YKL207W 18 323
YKL206C 12 395
YKL205W 35 1298
YKL204W 18 187
YKL203C 74 1831
YKL202W 1 4
YKL201C 37 1017
YKL198C 189 44798
YKL197C 49 832
YKL196C 9 177
YKL195W 9 177
YKL194C 21 1025
YKL193C 15 332
YKL192C 4 115
YKL191W 22 206
YKL190W 0 0
YKL189W 11 198
YKL188C 31 724
YKL187C 63 1940
YKL186C 27 1410
YKL185W 38 798
YKL184W 14 984
YKL183C-A 25 5899
YKL183W 42 2583
YKL182W 131 3583
YKL181W 17 520
YKL180W 2 43
YKL179C 16 408
YKL178C 18 201
YKL177W 6 93
YKL176C 31 588
YKL175W 42 1467
YKL174C 13 239
YKL173W 23 186
YKL172W 8 84
YKL171W 46 11680
YKL170W 2 57
YKL169C 2 57
YKL168C 35 932
YKL167C 8 172
YKL166C 17 333
YKL165C-A 7 96
YKL165C 46 1190
YKL164C 5 100
YKL163W 7 197
YKL162C-A 4 82
YKL162C 22 497
YKL161C 7 102
YKL160W 1 40
YKL159C 9 480
YKL157W 51 9641
YKL156W 7 93
YKL156C-A 1 2
YKL155C 21 133
YKL154W 16 630
YKL153W 12 209
YKL152C 14 243
YKL151C 40 452
YKL150W 34 838
YKL149C 17 295
YKL148C 82 3196
YKL147C 35 2760
YKL146W 39 3118
YKL145W 19 835
YKL145W-A 1 14
YKL144C 9 212
YKL143W 15 244
YKL142W 3 28
YKL141W 12 343
YKL140W 13 176
YKL139W 12 333
YKL138C-A 3 14
YKL138C 8 707
YKL137W 6 95
YKL136W 5 85
YKL135C 26 781
YKL134C 15 645
YKL133C 20 335
YKL132C 23 433
YKL131W 3 6
YKL130C 1 4
YKL129C 42 3514
YKL128C 23 1110
YKL127W 32 1188
YKL126W 19 194
YKL125W 24 249
YKL124W 21 459
YKL123W 4 129
YKL122C 6 72
YKL121W 27 349
YKL120W 18 214
YKL119C 10 618
YKL118W 4 29
YKL117W 8 294
YKL116C 13 541
YKL115C 11 120
YKL114C 14 972
YKL113C 11 226
YKL112W 31 2557
YKL111C 2 4
YKL110C 30 644
YKL109W 53 1449
YKL108W 16 228
YKL107W 14 192
YKL106C-A 4 84
YKL106W 11 293
YKL105C 46 852
YKL104C 18 989
YKL103C 31 1349
YKL102C 13 2535
YKL101W 63 1304
YKL100C 35 773
YKL100W-A 2 7
YKL099C 6 333
YKL098W 15 498
YKL097C 33 1032
YKL096C-B 0 0
YKL096W-A 0 0
YKL096W 20 1110
YKL095W 17 356
YKL094W 37 1373
YKL093W 15 381
YKL092C 12 151
YKL091C 14 459
YKL090W 27 496
YKL089W 7 97
YKL088W 15 164
YKL087C 19 3252
YKL086W 28 2107
YKL085W 20 238
YKL084W 27 3031
YKL083W 4 3956
YKL082C 5 264
YKL081W 16 273
YKL080W 15 422
YKL079W 25 677
YKL078W 6 167
YKL077W 19 420
YKL076C 0 0
YKL075C 8 212
YKL074C 16 162
YKL073W 15 473
YKL072W 27 653
YKL071W 7 63
YKL070W 4 125
YKL069W 14 229
YKL068W-A 2 16
YKL068W 29 461
YKL067W 11 170
YKL066W 18 1185
YKL065W-A 6 150
YKL065C 6 196
YKL064W 45 1166
YKL063C 8 285
YKL062W 19 342
YKL061W 3 34
YKL060C 24 1792
YKL059C 25 1123
YKL058W 2 15
YKL057C 36 810
YKL056C 8 385
YKL055C 10 48
YKL054C 9 135
YKL053C-A 5 23
YKL053W 16 432
YKL052C 30 475
YKL051W 18 2424
YKL050C 37 840
YKL049C 7 95
YKL048C 4 54
YKL047W 25 413
YKL046C 23 603
YKL045W 32 599
YKL044W 12 165
YKL043W 23 310
YKL042W 8 87
YKL041W 1 1
YKL040C 5 216
YKL039W 42 1181
YKL038W 66 8955
YKL037W 30 762
YKL036C 22 544
YKL035W 26 538
YKL034W 34 1249
YKL033W-A 8 252
YKL033W 27 447
YKL032C 30 333
YKL031W 20 604
YKL030W 34 558
YKL029C 105 5096
YKL028W 16 247
YKL027W 23 335
YKL026C 10 811
YKL025C 21 844
YKL024C 11 320
YKL023C-A 5 63
YKL023W 9 259
YKL022C 38 1074
YKL021C 18 424
YKL020C 40 692
YKL019W 12 306
YKL018C-A 5 32
YKL018W 7 125
YKL017C 13 277
YKL016C 2 6
YKL015W 35 910
YKL014C 36 337
YKL013C 3 13
YKL012W 19 308
YKL011C 18 2229
YKL010C 58 1676
YKL009W 5 143
YKL008C 27 1028
YKL007W 28 675
YKL006C-A 10 207
YKL006W 1 1
YKL005C 42 758
YKL004W 28 443
YKL003C 13 169
YKL002W 20 531
YKL001C 11 507
YKR001C 28 1420
YKR002W 17 184
YKR003W 56 1382
YKR004C 25 300
YKR005C 36 1427
YKR006C 6 105
YKR007W 3 65
YKR008W 14 348
YKR009C 49 1956
YKR010C 27 664
YKR011C 19 420
YKR012C 16 479
YKR013W 9 1821
YKR014C 1 10
YKR015C 28 344
YKR016W 15 293
YKR017C 16 1707
YKR018C 21 347
YKR019C 33 733
YKR020W 1 3
YKR021W 39 911
YKR022C 13 85
YKR023W 16 618
YKR024C 17 361
YKR025W 9 150
YKR026C 16 360
YKR027W 49 1319
YKR028W 39 663
YKR029C 15 201
YKR030W 5 53
YKR031C 44 1409
YKR032W 18 1799
YKR033C 4 61
YKR034W 10 412
YKR035C 6 22
YKR035W-A 6 22
YKR036C 32 484
YKR037C 21 576
YKR038C 16 536
YKR039W 19 453
YKR040C 41 2799
YKR041W 55 6426
YKR042W 15 167
YKR043C 27 1138
YKR044W 32 770
YKR045C 16 266
YKR046C 21 330
YKR047W 7 36
YKR048C 31 653
YKR049C 9 81
YKR050W 21 465
YKR051W 24 2650
YKR052C 11 68
YKR053C 30 1117
YKR054C 114 2534
YKR055W 10 173
YKR056W 27 424
YKR057W 6 36
YKR058W 21 271
YKR059W 3 4
YKR060W 9 150
YKR061W 39 937
YKR062W 6 106
YKR063C 19 344
YKR064W 27 506
YKR065C 3 24
YKR066C 22 785
YKR067W 38 1950
YKR068C 13 250
YKR069W 37 946
YKR070W 21 276
YKR071C 9 330
YKR072C 26 610
YKR073C 20 1378
YKR074W 9 344
YKR075C 22 696
YKR075W-A 14 402
YKR076W 37 559
YKR077W 4 60
YKR078W 26 411
YKR079C 25 715
YKR080W 20 476
YKR081C 6 207
YKR082W 24 723
YKR083C 5 71
YKR084C 18 411
YKR085C 17 309
YKR086W 35 608
YKR087C 9 256
YKR088C 18 267
YKR089C 32 697
YKR090W 34 1920
YKR091W 10 144
YKR092C 16 315
YKR093W 57 1192
YKR094C 9 155
YKR095W 36 559
YKR095W-A 12 125
YKR096W 49 17759
YKR097W 44 1771
YKR098C 35 1195
YKR099W 19 572
YKR100C 12 230
YKR101W 35 719
YKR102W 32 1890
YKR103W 38 597
YKR104W 3 63
YKR105C 4 104
YKR106W 3 6
YLL067C 0 0
YLL067W-A 0 0
YLL066W-B 2 5
YLL066C 0 0
YLL066W-A 0 0
YLL065W 3 7
YLL064C 0 0
YLL063C 18 424
YLL062C 14 147
YLL061W 21 765
YLL060C 17 1264
YLL059C 40 6311
YLL058W 16 541
YLL057C 35 636
YLL056C 13 1412
YLL055W 13 279
YLL054C 22 688
YLL053C 7 95
YLL052C 8 565
YLL051C 45 6013
YLL050C 9 68
YLL049W 8 282
YLL048C 76 1597
YLL047W 8 185
YLL046C 10 171
YLL045C 11 153
YLL044W 12 142
YLL043W 17 218
YLL042C 7 34
YLL041C 19 228
YLL040C 108 2306
YLL039C 27 498
YLL038C 19 614
YLL037W 2 16
YLL036C 8 116
YLL035W 17 202
YLL034C 8 63
YLL033W 7 37
YLL032C 22 473
YLL031C 25 516
YLL030C 13 755
YLL029W 81 9787
YLL028W 47 3680
YLL027W 15 495
YLL026W 49 2346
YLL025W 4 82
YLL024C 24 635
YLL023C 23 408
YLL022C 26 547
YLL021W 44 995
YLL020C 3 44
YLL019C 17 170
YLL019W-A 0 0
YLL018C-A 4 118
YLL018C 24 370
YLL015W 47 736
YLL014W 5 63
YLL013C 52 2900
YLL012W 32 866
YLL011W 13 185
YLL010C 35 1401
YLL009C 0 0
YLL008W 8 189
YLL007C 7 102
YLL006W-A 4 8
YLL006W 6 1274
YLL005C 27 382
YLL004W 10 126
YLL003W 22 577
YLL002W 27 983
YLL001W 70 1288
YLR001C 87 5892
YLR002C 18 254
YLR003C 5 184
YLR004C 37 1089
YLR005W 24 698
YLR006C 31 2650
YLR007W 20 600
YLR008C 6 321
YLR009W 2 19
YLR010C 0 0
YLR011W 13 215
YLR012C 1 1
YLR013W 5 149
YLR014C 29 427
YLR015W 19 951
YLR016C 10 162
YLR017W 16 501
YLR018C 10 56
YLR019W 29 770
YLR020C 12 166
YLR021W 11 95
YLR022C 15 234
YLR023C 30 2990
YLR024C 105 4046
YLR025W 3 10
YLR026C 3 93
YLR027C 27 767
YLR028C 52 2291
YLR029C 2 19
YLR030W 7 48
YLR031W 2 12
YLR032W 29 451
YLR033W 6 46
YLR034C 16 221
YLR035C 20 322
YLR036C 8 39
YLR037C 8 138
YLR038C 5 184
YLR039C 29 1213
YLR040C 12 259
YLR041W 6 323
YLR042C 11 917
YLR043C 1 1
YLR044C 45 2251
YLR045C 43 1056
YLR046C 6 77
YLR047C 33 587
YLR048W 4 30
YLR049C 9 215
YLR050C 13 266
YLR051C 10 434
YLR052W 2 106
YLR053C 3 15
YLR054C 27 795
YLR055C 29 523
YLR056W 15 1987
YLR057W 46 810
YLR058C 26 1272
YLR059C 46 5829
YLR060W 31 727
YLR061W 2 36
YLR062C 1 21
YLR063W 8 137
YLR064W 3 106
YLR065C 2 42
YLR066W 6 84
YLR067C 38 741
YLR068W 11 452
YLR069C 41 576
YLR070C 27 769
YLR071C 22 326
YLR072W 20 203
YLR073C 14 195
YLR074C 24 1875
YLR075W 5 18
YLR076C 4 20
YLR077W 39 1329
YLR078C 15 358
YLR079W 12 228
YLR080W 37 1716
YLR081W 82 22129
YLR082C 20 464
YLR083C 20 322
YLR084C 47 1801
YLR085C 28 981
YLR086W 26 486
YLR087C 106 2519
YLR088W 26 239
YLR089C 8 80
YLR090W 26 823
YLR091W 28 799
YLR092W 57 2180
YLR093C 9 195
YLR094C 46 3197
YLR095C 41 1132
YLR096W 32 431
YLR097C 7 97
YLR098C 14 213
YLR099C 22 290
YLR099W-A 19 829
YLR100W 31 876
YLR101C 15 178
YLR102C 10 33
YLR103C 10 77
YLR104W 3 11
YLR105C 15 259
YLR106C 93 2048
YLR107W 18 618
YLR108C 30 602
YLR109W 13 283
YLR110C 1 2
YLR111W 7 89
YLR112W 32 1551
YLR113W 47 1149
YLR114C 25 391
YLR115W 19 635
YLR116W 13 384
YLR117C 29 998
YLR118C 7 105
YLR119W 11 471
YLR120C 33 346
YLR120W-A 8 1546
YLR121C 30 389
YLR122C 5 86
YLR123C 4 63
YLR124W 5 156
YLR125W 1 1
YLR126C 8 125
YLR127C 23 256
YLR128W 10 261
YLR129W 20 439
YLR130C 29 1341
YLR131C 48 1791
YLR132C 11 99
YLR133W 15 160
YLR134W 20 643
YLR135W 19 669
YLR136C 10 229
YLR137W 35 3600
YLR138W 41 964
YLR139C 12 126
YLR140W 15 642
YLR141W 53 5024
YLR142W 22 316
YLR143W 14 144
YLR144C 26 638
YLR145W 5 82
YLR146C 15 339
YLR146W-A 5 75
YLR147C 3 4
YLR148W 28 570
YLR149C 13 215
YLR149C-A 2 43
YLR150W 4 125
YLR151C 12 3559
YLR152C 16 111
YLR153C 45 760
YLR154C 17 231
YLR154W-A 0 0
YLR154W-B 0 0
YLR154W-C 0 0
YLR154W-E 0 0
YLR154W-F 0 0
YLR154C-G 0 0
YLR154C-H 0 0
YLR155C 0 0
YLR156W 0 0
YLR156C-A 0 0
YLR157C 0 0
YLR157W-D 0 0
YLR157W-E 0 0
YLR157C-C 0 0
YLR158C 0 0
YLR159W 0 0
YLR159C-A 0 0
YLR160C 0 0
YLR161W 0 0
YLR162W 1 2
YLR162W-A 3 58
YLR163C 33 429
YLR163W-A 2 34
YLR164W 7 253
YLR165C 5 23
YLR166C 7 167
YLR167W 8 109
YLR168C 18 190
YLR169W 25 1599
YLR170C 13 250
YLR171W 10 124
YLR172C 26 472
YLR173W 43 1092
YLR174W 33 742
YLR175W 16 184
YLR176C 39 853
YLR177W 24 1110
YLR178C 22 194
YLR179C 21 3207
YLR180W 29 456
YLR181C 19 551
YLR182W 10 145
YLR183C 16 702
YLR184W 4 145
YLR185W 10 173
YLR186W 12 622
YLR187W 35 858
YLR188W 31 3531
YLR189C 60 1468
YLR190W 26 730
YLR191W 12 428
YLR192C 3 19
YLR193C 5 41
YLR194C 18 314
YLR195C 16 200
YLR196W 29 700
YLR197W 4 11
YLR198C 0 0
YLR199C 18 307
YLR200W 0 0
YLR201C 14 154
YLR202C 18 794
YLR203C 16 250
YLR204W 7 73
YLR205C 29 3878
YLR206W 16 181
YLR207W 38 1877
YLR208W 5 376
YLR209C 23 3356
YLR210W 17 446
YLR211C 3 18
YLR212C 14 125
YLR213C 51 1156
YLR214W 32 1157
YLR215C 7 62
YLR216C 22 448
YLR217W 14 408
YLR218C 24 1296
YLR219W 28 525
YLR220W 14 199
YLR221C 6 118
YLR222C 22 513
YLR222C-A 0 0
YLR223C 31 484
YLR224W 11 145
YLR225C 11 171
YLR226W 9 233
YLR227C 15 898
YLR228C 24 610
YLR229C 7 121
YLR230W 0 0
YLR231C 33 833
YLR232W 12 332
YLR233C 29 1107
YLR234W 71 1552
YLR235C 31 1250
YLR236C 31 5222
YLR237W 49 889
YLR238W 19 308
YLR239C 10 38
YLR240W 23 503
YLR241W 29 361
YLR242C 9 169
YLR243W 5 34
YLR244C 21 596
YLR245C 12 327
YLR246W 17 244
YLR247C 47 1305
YLR248W 22 820
YLR249W 38 365
YLR250W 14 922
YLR251W 8 149
YLR252W 2 36
YLR253W 30 2223
YLR254C 11 671
YLR255C 25 1307
YLR256W 82 1225
YLR257W 25 235
YLR258W 55 1758
YLR259C 25 432
YLR260W 36 905
YLR261C 4 129
YLR262C 12 267
YLR262C-A 3 12
YLR263W 35 443
YLR264W 0 0
YLR264C-A 2 15
YLR265C 4 47
YLR266C 29 848
YLR267W 20 326
YLR268W 11 179
YLR269C 17 997
YLR270W 9 162
YLR271W 8 59
YLR272C 23 599
YLR273C 24 345
YLR274W 24 281
YLR275W 5 47
YLR276C 13 94
YLR277C 15 166
YLR278C 38 757
YLR279W 29 1595
YLR280C 14 578
YLR281C 15 581
YLR282C 13 260
YLR283W 16 439
YLR284C 4 167
YLR285W 3 147
YLR285C-A 4 174
YLR286C 3 374
YLR286W-A 1 367
YLR287C 11 4991
YLR287C-A 3 46
YLR288C 20 543
YLR289W 26 280
YLR290C 7 107
YLR291C 9 155
YLR292C 10 311
YLR293C 5 8
YLR294C 10 76
YLR295C 11 190
YLR296W 20 467
YLR297W 12 653
YLR298C 16 2253
YLR299W 77 3538
YLR299C-A 8 207
YLR300W 25 821
YLR301W 18 651
YLR302C 26 2132
YLR303W 13 210
YLR304C 65 1534
YLR305C 68 1876
YLR306W 16 469
YLR307W 8 57
YLR307C-A 3 73
YLR308W 10 378
YLR309C 20 558
YLR310C 37 1986
YLR311C 8 261
YLR312C 21 568
YLR312W-A 17 271
YLR313C 23 1059
YLR314C 20 440
YLR315W 10 94
YLR316C 40 1507
YLR317W 16 436
YLR318W 49 1088
YLR319C 11 250
YLR320W 26 428
YLR321C 23 827
YLR322W 9 167
YLR323C 9 103
YLR324W 22 332
YLR325C 5 137
YLR326W 28 1754
YLR327C 6 205
YLR328W 35 960
YLR329W 11 868
YLR330W 41 1446
YLR331C 1 150
YLR332W 10 334
YLR333C 16 129
YLR334C 10 174
YLR335W 10 1542
YLR336C 27 794
YLR337C 28 211
YLR338W 6 32
YLR339C 6 39
YLR340W 5 38
YLR341W 15 400
YLR342W 67 701
YLR342W-A 3 21
YLR343W 28 626
YLR344W 6 710
YLR345W 28 660
YLR346C 8 47
YLR347C 37 638
YLR347W-A 1 46
YLR348C 51 2522
YLR349W 31 1306
YLR350W 10 351
YLR351C 24 542
YLR352W 50 6806
YLR353W 21 389
YLR354C 19 1220
YLR355C 43 850
YLR356W 7 29
YLR357W 55 1799
YLR358C 16 422
YLR359W 10 146
YLR360W 22 497
YLR361C 43 1825
YLR361C-A 6 32
YLR362W 29 997
YLR363C 5 24
YLR363W-A 2 12
YLR364W 7 150
YLR365W 7 42
YLR364C-A 5 71
YLR366W 16 311
YLR367W 26 460
YLR368W 27 484
YLR369W 18 713
YLR370C 8 122
YLR371W 41 1551
YLR372W 8 91
YLR373C 33 851
YLR374C 19 2367
YLR375W 27 655
YLR376C 17 463
YLR377C 32 2459
YLR378C 45 1840
YLR379W 13 1049
YLR380W 27 295
YLR381W 25 474
YLR382C 33 849
YLR383W 22 648
YLR384C 27 872
YLR385C 8 358
YLR386W 22 532
YLR387C 15 286
YLR388W 7 70
YLR389C 79 3032
YLR390W 13 803
YLR390W-A 5 28
YLR392C 30 781
YLR393W 2 10
YLR394W 11 87
YLR395C 3 30
YLR396C 44 1459
YLR397C 30 605
YLR398C 50 520
YLR399C 33 346
YLR399W-A 2 4
YLR400W 25 8495
YLR401C 44 2155
YLR402W 6 48
YLR403W 22 509
YLR404W 18 486
YLR405W 27 1070
YLR406C 11 327
YLR406C-A 1 552
YLR407W 2 3
YLR408C 15 1652
YLR409C 44 996
YLR410W 65 1570
YLR411W 17 584
YLR412W 12 216
YLR412C-A 0 0
YLR413W 26 437
YLR414C 35 429
YLR415C 36 629
YLR416C 26 813
YLR417W 40 1019
YLR418C 9 148
YLR419W 35 1045
YLR420W 10 168
YLR421C 6 136
YLR422W 46 798
YLR423C 4 192
YLR424W 26 370
YLR425W 51 6373
YLR426W 9 42
YLR427W 24 379
YLR428C 13 712
YLR429W 50 1298
YLR430W 53 1235
YLR431C 19 656
YLR432W 26 1016
YLR433C 15 80
YLR434C 5 17
YLR435W 6 55
YLR436C 66 2891
YLR437C 12 303
YLR437C-A 7 186
YLR438W 52 2092
YLR438C-A 5 32
YLR439W 18 198
YLR440C 12 240
YLR441C 5 21
YLR442C 23 793
YLR443W 16 357
YLR444C 3 23
YLR445W 13 158
YLR446W 18 155
YLR447C 18 603
YLR448W 7 182
YLR449W 11 724
YLR450W 48 1395
YLR451W 23 521
YLR452C 33 1350
YLR453C 23 445
YLR454W 65 1948
YLR455W 13 310
YLR456W 11 132
YLR457C 19 637
YLR458W 8 102
YLR459W 6 67
YLR460C 11 474
YLR461W 2 89
YLR462W 0 0
YLR463C 0 0
YLR464W 0 0
YLR465C 0 0
YLR466W 0 0
YLR466C-A 0 0
YLR466C-B 2 58
YLR467W 0 0
YLR467C-A 0 0
YML133C 0 0
YML133W-B 0 0
YML133W-A 0 0
YML132W 0 0
YML131W 20 667
YML130C 17 603
YML129C 7 345
YML128C 27 1243
YML127W 31 624
YML126C 32 1215
YML125C 25 309
YML124C 23 904
YML123C 31 732
YML122C 43 2836
YML121W 11 556
YML120C 22 934
YML119W 11 186
YML118W 28 2091
YML117W 48 1418
YML116W-A 5 43
YML116W 32 602
YML115C 23 1279
YML114C 14 388
YML113W 12 555
YML112W 12 278
YML111W 39 1681
YML110C 12 406
YML109W 33 1774
YML108W 4 22
YML107C 14 427
YML106W 9 147
YML105C 5 54
YML104C 32 894
YML103C 40 1030
YML102W 32 1630
YML101C-A 13 775
YML101C 40 1867
YML100W-A 12 600
YML100W 111 4389
YML099W-A 2 87
YML099C 29 1268
YML098W 2 84
YML097C 10 280
YML096W 20 450
YML095C 3 82
YML094C-A 7 403
YML094W 9 410
YML093W 28 677
YML092C 4 23
YML091C 48 787
YML090W 12 1616
YML089C 27 3584
YML088W 21 128
YML087C 18 1061
YML086C 28 305
YML085C 13 495
YML084W 10 304
YML083C 34 1934
YML082W 34 1057
YML081C-A 2 27
YML081W 35 800
YML080W 11 747
YML079W 15 2793
YML078W 12 377
YML077W 10 312
YML076C 38 1097
YML075C 52 1161
YML074C 2 5
YML073C 6 17
YML072C 84 2809
YML071C 27 860
YML070W 27 1168
YML069W 4 52
YML068W 16 516
YML067C 16 184
YML066C 11 167
YML065W 20 608
YML064C 10 206
YML063W 5 72
YML062C 15 341
YML061C 13 209
YML060W 16 405
YML059C 49 722
YML058W-A 3 76
YML058W 14 339
YML057C-A 4 93
YML057W 25 370
YML056C 40 760
YML055W 8 141
YML054C 62 1297
YML054C-A 25 16310
YML053C 19 464
YML052W 22 1193
YML051W 38 1443
YML050W 8 57
YML049C 51 4186
YML048W 5 27
YML047W-A 3 94
YML047C 5 121
YML046W 10 129
YML043C 7 60
YML042W 35 6884
YML041C 13 291
YML038C 4 54
YML037C 7 180
YML036W 7 184
YML035C 36 1304
YML034C-A 10 158
YML034W 43 695
YML032C 21 539
YML031C-A 5 149
YML031W 23 591
YML030W 6 137
YML029W 41 817
YML028W 22 2890
YML027W 16 634
YML026C 12 156
YML025C 9 431
YML024W 2 24
YML023C 25 583
YML022W 10 513
YML021C 23 1027
YML020W 22 586
YML019W 10 235
YML018C 27 297
YML017W 27 913
YML016C 38 1015
YML015C 3 105
YML014W 17 333
YML013W 20 565
YML012C-A 11 299
YML012W 9 112
YML011C 15 1011
YML010W 15 317
YML009W-B 4 45
YML009C-A 3 42
YML009C 3 18
YML008C 12 231
YML007C-A 7 2209
YML007W 24 1259
YML006C 32 555
YML005W 26 557
YML004C 44 2114
YML003W 20 319
YML002W 33 1484
YML001W 23 422
YMR001C 50 3575
YMR001C-A 9 619
YMR002W 22 2964
YMR003W 13 199
YMR004W 30 4602
YMR005W 20 376
YMR006C 27 603
YMR007W 29 32764
YMR008C 11 120
YMR009W 13 327
YMR010W 15 247
YMR011W 35 479
YMR012W 36 608
YMR013C 9 32
YMR013C-A 1 4
YMR013W-A 2 6
YMR014W 12 115
YMR015C 48 1505
YMR016C 17 399
YMR017W 15 457
YMR018W 24 728
YMR019W 36 985
YMR020W 24 621
YMR021C 15 865
YMR022W 11 553
YMR023C 34 1422
YMR024W 8 105
YMR025W 6 162
YMR026C 9 304
YMR027W 11 120
YMR028W 8 160
YMR029C 11 454
YMR030W 15 810
YMR031C 25 433
YMR031W-A 11 235
YMR032W 13 784
YMR030W-A 7 54
YMR033W 5 117
YMR034C 13 233
YMR035W 5 199
YMR036C 17 672
YMR037C 20 233
YMR038C 15 1453
YMR039C 15 261
YMR040W 15 558
YMR041C 6 47
YMR042W 33 6938
YMR043W 17 306
YMR044W 21 569
YMR046W-A 0 0
YMR047C 19 1153
YMR048W 7 220
YMR049C 22 722
YMR052W 6 66
YMR052C-A 5 50
YMR053C 37 637
YMR054W 55 4877
YMR055C 30 634
YMR056C 38 983
YMR057C 47 21282
YMR058W 55 2108
YMR059W 3 11
YMR060C 7 231
YMR061W 13 384
YMR062C 35 598
YMR063W 15 760
YMR064W 17 358
YMR065W 29 4065
YMR066W 24 511
YMR067C 18 348
YMR068W 14 134
YMR069W 69 2971
YMR070W 20 673
YMR071C 10 444
YMR072W 5 258
YMR073C 10 182
YMR074C 4 251
YMR075W 21 331
YMR075C-A 4 417
YMR076C 33 808
YMR077C 11 430
YMR078C 18 326
YMR079W 9 187
YMR080C 26 516
YMR081C 13 163
YMR082C 9 655
YMR083W 21 373
YMR084W 15 436
YMR085W 9 52
YMR086W 36 1169
YMR086C-A 13 850
YMR087W 14 686
YMR088C 24 1762
YMR089C 14 172
YMR090W 15 539
YMR091C 21 389
YMR092C 20 327
YMR093W 21 556
YMR094W 8 321
YMR095C 16 591
YMR096W 12 308
YMR097C 8 126
YMR098C 13 289
YMR099C 6 163
YMR100W 32 629
YMR101C 4 21
YMR102C 37 1294
YMR103C 24 1328
YMR104C 35 783
YMR105C 8 66
YMR105W-A 12 904
YMR106C 57 2893
YMR107W 14 1511
YMR108W 30 884
YMR109W 44 4311
YMR110C 27 401
YMR111C 27 939
YMR112C 6 22
YMR113W 16 486
YMR114C 11 847
YMR115W 19 312
YMR116C 23 363
YMR117C 7 97
YMR118C 9 89
YMR119W 14 307
YMR119W-A 9 136
YMR120C 21 833
YMR121C 14 212
YMR122C 43 2137
YMR122W-A 9 48
YMR123W 0 0
YMR124W 32 609
YMR125W 15 177
YMR126C 6 170
YMR127C 22 390
YMR128W 35 1097
YMR129W 43 859
YMR130W 17 391
YMR131C 16 349
YMR132C 13 483
YMR133W 11 196
YMR134W 13 367
YMR135C 23 322
YMR135W-A 39 1860
YMR136W 41 14355
YMR137C 28 738
YMR138W 6 132
YMR139W 15 652
YMR140W 16 174
YMR141C 1 8
YMR142C 0 0
YMR141W-A 0 0
YMR143W 6 75
YMR144W 11 162
YMR145C 59 1910
YMR146C 28 1288
YMR147W 11 150
YMR148W 13 332
YMR149W 21 306
YMR150C 24 727
YMR151W 14 548
YMR152W 19 876
YMR153W 22 1987
YMR153C-A 0 0
YMR154C 21 705
YMR155W 13 114
YMR156C 17 982
YMR157C 13 262
YMR158W 12 246
YMR158C-A 3 29
YMR158W-B 10 719
YMR159C 12 793
YMR160W 22 110
YMR161W 14 313
YMR162C 65 5364
YMR163C 9 393
YMR164C 22 733
YMR165C 50 1237
YMR166C 9 144
YMR167W 26 430
YMR168C 17 602
YMR169C 27 448
YMR170C 13 194
YMR171C 15 565
YMR172W 26 303
YMR172C-A 2 245
YMR173W 8 83
YMR173W-A 5 75
YMR174C 3 10
YMR175W 11 322
YMR175W-A 11 455
YMR176W 63 2427
YMR177W 17 634
YMR178W 12 145
YMR179W 26 693
YMR180C 31 1384
YMR181C 11 222
YMR182C 3 61
YMR182W-A 4 77
YMR183C 12 71
YMR184W 12 350
YMR185W 27 781
YMR186W 17 619
YMR187C 28 11629
YMR188C 13 458
YMR189W 43 1452
YMR190C 35 1222
YMR191W 16 459
YMR192W 16 326
YMR193W 7 52
YMR193C-A 5 101
YMR194W 10 120
YMR194C-B 23 1540
YMR194C-A 22 6821
YMR195W 9 204
YMR196W 49 1738
YMR197C 10 142
YMR198W 29 1326
YMR199W 19 340
YMR200W 12 194
YMR201C 31 2410
YMR202W 24 497
YMR203W 11 428
YMR204C 6 136
YMR205C 39 329
YMR206W 30 1014
YMR207C 68 1071
YMR208W 26 656
YMR209C 25 768
YMR210W 22 341
YMR211W 7 78
YMR212C 32 774
YMR213W 25 2343
YMR214W 14 328
YMR215W 19 265
YMR216C 34 216515
YMR217W 9 297
YMR218C 20 282
YMR219W 55 1999
YMR220W 26 677
YMR221C 23 1155
YMR222C 4 63
YMR223W 15 160
YMR224C 30 350
YMR225C 14 502
YMR226C 17 469
YMR227C 13 130
YMR228W 18 578
YMR229C 39 798
YMR230W 13 227
YMR230W-A 10 292
YMR231W 37 735
YMR232W 22 744
YMR233W 10 346
YMR234W 17 248
YMR235C 12 145
YMR236W 6 51
YMR237W 19 374
YMR238W 23 3489
YMR239C 15 933
YMR240C 13 125
YMR241W 23 1610
YMR242C 13 391
YMR242W-A 0 0
YMR243C 36 7102
YMR244W 31 961
YMR244C-A 8 202
YMR245W 38 3043
YMR246W 84 6294
YMR247C 54 18352
YMR247W-A 1 49
YMR250W 27 1529
YMR251W 64 3815
YMR251W-A 0 0
YMR252C 17 1183
YMR253C 25 1009
YMR254C 14 778
YMR255W 3 10
YMR256C 2 39
YMR257C 29 662
YMR258C 20 428
YMR259C 19 322
YMR260C 3 30
YMR261C 29 544
YMR262W 17 200
YMR263W 7 63
YMR264W 12 379
YMR265C 28 967
YMR266W 34 1087
YMR267W 11 223
YMR268C 5 214
YMR269W 4 26
YMR270C 7 56
YMR271C 15 257
YMR272C 10 104
YMR272W-A 3 23
YMR272W-B 3 21
YMR273C 26 253
YMR274C 8 42
YMR275C 11 175
YMR276W 24 557
YMR277W 27 460
YMR278W 13 232
YMR279C 26 879
YMR280C 67 1429
YMR281W 20 527
YMR282C 14 255
YMR283C 29 700
YMR284W 27 474
YMR285C 20 832
YMR286W 2 2
YMR287C 24 656
YMR288W 21 180
YMR289W 27 1027
YMR290C 5 264
YMR290W-A 2 6
YMR291W 26 8492
YMR292W 8 216
YMR293C 26 552
YMR294W 8 101
YMR294W-A 2 9
YMR295C 11 208
YMR296C 44 956
YMR297W 45 1524
YMR298W 7 202
YMR299C 7 115
YMR300C 18 133
YMR301C 26 518
YMR302C 26 322
YMR303C 14 1480
YMR304W 42 1209
YMR304C-A 10 150
YMR305C 7 74
YMR306W 62 3182
YMR306C-A 11 1245
YMR307W 27 1032
YMR307C-A 3 19
YMR308C 35 828
YMR309C 16 414
YMR310C 14 350
YMR311C 9 125
YMR312W 2 14
YMR313C 19 691
YMR314W 15 160
YMR315W 26 8334
YMR315W-A 2 14
YMR316W 20 840
YMR316C-A 2 42
YMR316C-B 0 0
YMR317W 17 235
YMR318C 33 1295
YMR319C 38 2152
YMR320W 8 149
YMR321C 1 1
YMR322C 0 0
YMR323W 4 38
YMR324C 7 237
YMR325W 1 1
YMR326C 1 2
YNL339C 0 0
YNL339W-B 0 0
YNL339W-A 0 0
YNL338W 5 10
YNL337W 5 95
YNL336W 5 86
YNL335W 0 0
YNL334C 3 15
YNL333W 3 13
YNL332W 6 176
YNL331C 12 844
YNL330C 24 483
YNL329C 34 663
YNL328C 15 385
YNL327W 11 93
YNL326C 22 662
YNL325C 38 959
YNL324W 7 114
YNL323W 16 630
YNL322C 10 96
YNL321W 28 1864
YNL320W 17 527
YNL319W 5 44
YNL318C 21 657
YNL317W 19 730
YNL316C 12 1416
YNL315C 5 22
YNL314W 24 532
YNL313C 20 341
YNL312W 7 48
YNL311C 37 1151
YNL310C 17 484
YNL309W 24 617
YNL308C 19 229
YNL307C 13 171
YNL306W 10 94
YNL305C 16 214
YNL304W 27 1854
YNL303W 7 422
YNL302C 3 17
YNL301C 25 627
YNL300W 4 97
YNL299W 27 671
YNL298W 25 577
YNL297C 30 754
YNL296W 1 1
YNL295W 14 288
YNL294C 27 1325
YNL293W 31 1787
YNL292W 10 126
YNL291C 18 422
YNL290W 22 721
YNL289W 18 572
YNL288W 20 462
YNL287W 23 390
YNL286W 18 301
YNL285W 19 2466
YNL284C 13 130
YNL283C 25 883
YNL282W 18 489
YNL281W 9 526
YNL280C 16 967
YNL279W 41 2009
YNL278W 78 2604
YNL277W-A 19 2121
YNL277W 31 9872
YNL276C 9 38
YNL275W 23 606
YNL274C 5 218
YNL273W 22 1371
YNL272C 11 102
YNL271C 23 439
YNL270C 27 649
YNL269W 24 2657
YNL268W 29 1176
YNL267W 40 709
YNL266W 3 6
YNL265C 20 312
YNL264C 33 1008
YNL263C 16 330
YNL262W 74 2411
YNL261W 12 545
YNL260C 4 83
YNL259C 7 178
YNL258C 14 152
YNL257C 45 1549
YNL256W 24 936
YNL255C 6 29
YNL254C 20 822
YNL253W 24 323
YNL252C 9 164
YNL251C 51 1321
YNL250W 43 1409
YNL249C 23 588
YNL248C 4 105
YNL247W 17 335
YNL246W 17 376
YNL245C 3 6
YNL244C 7 263
YNL243W 70 2069
YNL242W 60 2062
YNL241C 56 1550
YNL240C 57 2423
YNL239W 22 331
YNL238W 31 751
YNL237W 22 473
YNL236W 21 376
YNL235C 7 97
YNL234W 25 1807
YNL233W 27 509
YNL232W 23 381
YNL231C 37 1976
YNL230C 42 1084
YNL229C 10 135
YNL228W 16 1280
YNL227C 19 1352
YNL226W 12 157
YNL225C 20 1852
YNL224C 23 868
YNL223W 15 499
YNL222W 9 647
YNL221C 27 702
YNL220W 15 308
YNL219C 26 1227
YNL218W 28 790
YNL217W 35 1193
YNL216W 41 719
YNL215W 6 173
YNL214W 5 85
YNL213C 6 380
YNL212W 21 552
YNL211C 5 118
YNL210W 8 161
YNL209W 16 11160
YNL208W 13 149
YNL207W 6 64
YNL206C 12 305
YNL205C 11 1252
YNL204C 7 49
YNL203C 8 49
YNL202W 26 1439
YNL201C 22 337
YNL200C 9 127
YNL199C 15 295
YNL198C 3 21
YNL197C 17 518
YNL196C 21 1384
YNL195C 22 436
YNL194C 15 177
YNL193W 19 357
YNL192W 46 1741
YNL191W 27 1552
YNL190W 8 45
YNL189W 7 199
YNL188W 10 108
YNL187W 20 538
YNL186W 23 397
YNL185C 3 24
YNL184C 2 2
YNL183C 25 637
YNL182C 21 445
YNL181W 15 324
YNL180C 11 145
YNL179C 25 1645
YNL178W 1 1
YNL177C 6 11
YNL176C 21 402
YNL175C 15 200
YNL174W 3 11
YNL173C 22 533
YNL172W 50 1396
YNL171C 3 36
YNL170W 4 100
YNL169C 22 354
YNL168C 18 368
YNL167C 14 177
YNL166C 15 342
YNL165W 12 93
YNL164C 10 133
YNL163C 37 863
YNL162W-A 1 45
YNL162W 6 22
YNL161W 20 294
YNL160W 16 471
YNL159C 7 290
YNL158W 14 260
YNL157W 7 605
YNL156C 10 146
YNL155W 12 1057
YNL154C 29 944
YNL153C 11 1509
YNL152W 7 75
YNL151C 19 292
YNL150W 7 296
YNL149C 4 70
YNL148C 56 12727
YNL147W 4 355
YNL146C-A 8 1014
YNL146W 11 161
YNL145W 1 26
YNL144C 49 1418
YNL144W-A 0 0
YNL143C 7 133
YNL142W 35 719
YNL141W 19 489
YNL140C 9 151
YNL139C 36 668
YNL138W-A 9 119
YNL138W 12 460
YNL137C 23 336
YNL136W 20 625
YNL135C 4 66
YNL134C 29 793
YNL133C 9 236
YNL132W 15 353
YNL131W 1 4
YNL130C 8 137
YNL130C-A 6 126
YNL129W 12 352
YNL128W 16 345
YNL127W 32 965
YNL126W 29 483
YNL125C 24 242
YNL124W 27 1115
YNL123W 39 760
YNL122C 5 182
YNL121C 13 221
YNL120C 5 149
YNL119W 26 755
YNL118C 21 208
YNL117W 39 1035
YNL116W 31 893
YNL115C 31 756
YNL114C 3 53
YNL113W 2 52
YNL112W 48 864
YNL111C 3 260
YNL110C 6 99
YNL109W 5 179
YNL108C 14 931
YNL107W 6 30
YNL106C 47 7382
YNL105W 7 68
YNL104C 46 1627
YNL103W-A 5 71
YNL103W 23 293
YNL102W 35 549
YNL101W 25 394
YNL100W 10 85
YNL099C 13 154
YNL098C 13 166
YNL097C-B 8 1598
YNL097C 28 559
YNL097W-A 5 60
YNL096C 14 870
YNL095C 18 437
YNL094W 26 359
YNL093W 11 208
YNL092W 27 377
YNL091W 35 779
YNL090W 3 62
YNL089C 3 62
YNL088W 22 252
YNL087W 75 7276
YNL086W 8 75
YNL085W 20 535
YNL084C 8 157
YNL083W 22 758
YNL082W 14 297
YNL081C 3 31
YNL080C 23 641
YNL079C 6 189
YNL078W 28 307
YNL077W 30 504
YNL076W 23 609
YNL075W 10 211
YNL074C 15 1100
YNL073W 25 321
YNL072W 33 1294
YNL071W 9 61
YNL070W 4 281
YNL069C 4 106
YNL068C 44 2618
YNL067W-A 7 174
YNL067W-B 6 154
YNL067W 17 1209
YNL066W 47 2521
YNL065W 25 258
YNL064C 26 703
YNL063W 11 571
YNL062C 21 557
YNL061W 22 401
YNL059C 6 128
YNL058C 6 87
YNL057W 1 3
YNL056W 11 365
YNL055C 20 412
YNL054W 28 311
YNL053W 43 4668
YNL052W 14 245
YNL051W 24 373
YNL050C 11 182
YNL049C 15 277
YNL048W 16 458
YNL047C 25 301
YNL046W 11 1328
YNL045W 29 847
YNL044W 15 139
YNL043C 7 84
YNL042W-B 18 443
YNL042W 22 260
YNL041C 21 794
YNL040W 13 107
YNL039W 12 524
YNL038W 15 973
YNL037C 25 539
YNL036W 26 523
YNL035C 16 243
YNL034W 10 33
YNL033W 0 0
YNL032W 7 160
YNL031C 9 493
YNL030W 6 161
YNL029C 34 505
YNL028W 12 549
YNL027W 14 458
YNL026W 10 78
YNL025C 18 239
YNL024C-A 6 64
YNL024C 20 704
YNL023C 44 1586
YNL022C 19 525
YNL021W 22 410
YNL020C 39 626
YNL019C 1 1
YNL018C 12 257
YNL017C 17 9991
YNL016W 18 238
YNL015W 0 0
YNL014W 33 6393
YNL013C 0 0
YNL012W 33 1175
YNL011C 4 91
YNL010W 12 318
YNL009W 27 1067
YNL008C 42 2867
YNL007C 13 1049
YNL006W 13 162
YNL005C 21 586
YNL004W 75 6452
YNL003C 21 984
YNL002C 8 514
YNL001W 40 1399
YNR001C 45 2618
YNR001W-A 10 289
YNR002C 82 6247
YNR003C 32 1241
YNR003W-A 5 55
YNR004W 10 467
YNR005C 4 90
YNR006W 17 355
YNR007C 13 222
YNR008W 48 1635
YNR009W 5 31
YNR010W 9 152
YNR011C 37 1205
YNR012W 16 212
YNR013C 44 947
YNR014W 25 4010
YNR015W 46 3079
YNR016C 129 3010
YNR017W 20 1062
YNR018W 37 1344
YNR019W 36 986
YNR020C 13 238
YNR021W 17 587
YNR022C 2 34
YNR023W 7 196
YNR024W 2 110
YNR025C 2 4
YNR026C 18 344
YNR027W 20 935
YNR028W 20 372
YNR029C 25 483
YNR030W 12 142
YNR031C 87 2053
YNR032W 31 1357
YNR032C-A 7 128
YNR033W 31 3967
YNR034W 21 368
YNR034W-A 8 329
YNR035C 4 755
YNR036C 13 173
YNR037C 6 108
YNR038W 17 641
YNR039C 30 411
YNR040W 19 266
YNR041C 23 655
YNR042W 5 86
YNR043W 4 111
YNR044W 26 616
YNR045W 15 145
YNR046W 13 920
YNR047W 24 528
YNR048W 8 263
YNR049C 16 288
YNR050C 21 375
YNR051C 15 146
YNR052C 22 626
YNR053C 18 206
YNR054C 18 845
YNR055C 46 2126
YNR056C 28 449
YNR057C 32 1937
YNR058W 23 281
YNR059W 20 814
YNR060W 31 1117
YNR061C 9 78
YNR062C 4 30
YNR063W 14 280
YNR064C 22 12646
YNR065C 19 427
YNR066C 30 494
YNR067C 24 1907
YNR068C 6 38
YNR069C 18 256
YNR070W 40 2234
YNR071C 30 1400
YNR072W 18 455
YNR073C 11 443
YNR074C 11 730
YNR075W 19 568
YNR075C-A 8 598
YNR076W 0 0
YNR077C 1 4
YOL166W-A 5 2427
YOL166C 2 15
YOL165C 5 612
YOL164W-A 2 10
YOL164W 28 371
YOL163W 11 168
YOL162W 2 15
YOL161C 2 33
YOL160W 7 311
YOL159C-A 6 96
YOL159C 12 227
YOL158C 47 1396
YOL157C 23 805
YOL156W 8 862
YOL155W-A 0 0
YOL155C 23 5320
YOL154W 6 22
YOL152W 38 1216
YOL151W 7 74
YOL150C 1 4
YOL149W 9 161
YOL148C 11 360
YOL147C 10 181
YOL146W 6 300
YOL145C 28 1052
YOL144W 11 80
YOL143C 14 565
YOL142W 13 335
YOL141W 40 1190
YOL140W 21 682
YOL139C 0 0
YOL138C 49 680
YOL137W 26 565
YOL136C 10 122
YOL135C 6 86
YOL134C 6 161
YOL133W 3 41
YOL132W 22 262
YOL131W 5 17
YOL130W 27 544
YOL129W 10 1181
YOL128C 21 821
YOL127W 0 0
YOL126C 35 1074
YOL125W 18 567
YOL124C 27 620
YOL123W 32 578
YOL122C 36 1342
YOL121C 6 38
YOL120C 15 561
YOL119C 24 435
YOL118C 14 1081
YOL117W 28 2403
YOL116W 28 1031
YOL115W 36 697
YOL114C 10 232
YOL113W 21 317
YOL112W 34 895
YOL111C 18 337
YOL110W 68 76639
YOL109W 2 27
YOL108C 5 14
YOL107W 19 1421
YOL106W 8 218
YOL105C 14 1243
YOL104C 7 117
YOL103W 15 398
YOL102C 7 241
YOL101C 1 9
YOL100W 23 1760
YOL099C 3 69
YOL098C 44 1004
YOL097W-A 3 199
YOL097C 19 1055
YOL096C 15 412
YOL095C 21 368
YOL094C 10 476
YOL093W 4 88
YOL092W 12 250
YOL091W 11 247
YOL090W 24 190
YOL089C 32 662
YOL088C 6 65
YOL087C 30 1704
YOL086W-A 15 476
YOL086C 20 631
YOL085W-A 10 1325
YOL085C 22 1524
YOL084W 61 1995
YOL083W 10 288
YOL083C-A 0 0
YOL082W 25 438
YOL081W 90 2503
YOL080C 3 95
YOL079W 1 2
YOL078W 44 616
YOL077W-A 6 171
YOL077C 11 486
YOL076W 9 47
YOL075C 42 1220
YOL073C 10 188
YOL072W 13 229
YOL071W 5 28
YOL070C 20 538
YOL069W 20 474
YOL068C 40 951
YOL067C 2 65
YOL066C 25 217
YOL065C 13 218
YOL064C 15 299
YOL063C 19 1390
YOL062C 8 265
YOL061W 20 449
YOL060C 49 1929
YOL059W 38 726
YOL058W 42 2180
YOL057W 32 363
YOL056W 16 460
YOL055C 26 740
YOL054W 15 121
YOL053W 29 2774
YOL052C-A 2 103
YOL052C 30 889
YOL051W 24 1066
YOL050C 4 487
YOL049W 14 247
YOL048C 9 85
YOL047C 5 34
YOL046C 18 586
YOL045W 33 980
YOL044W 7 137
YOL043C 7 183
YOL042W 26 637
YOL041C 17 770
YOL040C 1 60
YOL039W 0 0
YOL038C-A 4 6
YOL038W 9 235
YOL037C 8 85
YOL036W 37 928
YOL035C 7 128
YOL034W 37 1130
YOL033W 19 436
YOL032W 15 189
YOL031C 24 981
YOL030W 18 5323
YOL029C 10 196
YOL028C 8 552
YOL027C 19 332
YOL026C 18 384
YOL025W 14 407
YOL024W 6 69
YOL023W 22 551
YOL022C 13 271
YOL021C 41 847
YOL020W 33 1058
YOL019W-A 11 563
YOL019W 26 854
YOL018C 13 701
YOL017W 28 439
YOL016C 20 636
YOL015W 13 137
YOL014W 0 0
YOL013W-B 1 10
YOL013W-A 13 307
YOL013C 15 897
YOL012C 8 172
YOL011W 23 458
YOL010W 8 41
YOL009C 14 281
YOL008W 10 2118
YOL007C 21 886
YOL006C 23 430
YOL005C 9 941
YOL004W 48 919
YOL003C 33 1358
YOL002C 40 1957
YOL001W 36 1796
YOR001W 50 2534
YOR002W 51 2577
YOR003W 53 1576
YOR004W 11 168
YOR005C 55 1160
YOR006C 13 209
YOR007C 12 263
YOR008C 3 11
YOR008C-A 2 36
YOR008W-B 4 116
YOR009W 3 111
YOR010C 4 267
YOR011W 38 664
YOR011W-A 5 215
YOR012W 9 127
YOR013W 20 337
YOR014W 18 457
YOR015W 1 4
YOR016C 12 737
YOR017W 24 265
YOR018W 37 1136
YOR019W 26 1252
YOR020C 4 20
YOR020W-A 2 27
YOR021C 5 173
YOR022C 21 665
YOR023C 19 375
YOR024W 25 1542
YOR025W 27 332
YOR026W 33 694
YOR027W 32 960
YOR028C 28 618
YOR029W 21 1176
YOR030W 23 780
YOR031W 10 210
YOR032C 10 160
YOR032W-A 10 284
YOR033C 29 1274
YOR034C 32 547
YOR034C-A 8 326
YOR035C 14 159
YOR036W 5 47
YOR037W 23 792
YOR038C 34 843
YOR039W 9 70
YOR040W 28 957
YOR041C 9 71
YOR042W 27 369
YOR043W 13 475
YOR044W 11 407
YOR045W 2 26
YOR046C 20 315
YOR047C 1 12
YOR048C 21 295
YOR049C 15 284
YOR050C 17 718
YOR051C 13 202
YOR052C 8 130
YOR053W 3 30
YOR054C 28 509
YOR055W 12 300
YOR056C 25 316
YOR057W 16 221
YOR058C 22 448
YOR059C 19 352
YOR060C 18 612
YOR061W 20 670
YOR062C 25 1358
YOR063W 12 135
YOR064C 10 231
YOR065W 20 416
YOR066W 19 915
YOR067C 19 425
YOR069W 21 300
YOR068C 3 29
YOR070C 15 316
YOR071C 21 448
YOR072W 13 1198
YOR072W-A 15 274
YOR072W-B 1 4
YOR073W 12 306
YOR074C 13 184
YOR073W-A 1 4
YOR075W 5 34
YOR076C 24 713
YOR077W 17 644
YOR078W 12 215
YOR079C 12 230
YOR080W 23 308
YOR081C 33 551
YOR082C 7 64
YOR083W 47 2247
YOR084W 48 1563
YOR085W 23 8912
YOR086C 34 480
YOR087W 33 1643
YOR089C 8 173
YOR090C 38 795
YOR091W 39 2614
YOR092W 22 359
YOR093C 49 2270
YOR094W 6 75
YOR095C 18 287
YOR096W 4 103
YOR097C 4 208
YOR098C 25 478
YOR099W 31 600
YOR100C 17 398
YOR101W 11 562
YOR102W 1 9
YOR103C 2 10
YOR104W 10 298
YOR105W 3 39
YOR106W 12 91
YOR107W 15 495
YOR108W 30 598
YOR108C-A 2 12
YOR109W 32 508
YOR110W 16 675
YOR111W 5 57
YOR112W 17 761
YOR113W 21 272
YOR114W 18 202
YOR115C 8 99
YOR116C 28 516
YOR117W 12 189
YOR118W 22 703
YOR119C 20 423
YOR120W 24 860
YOR121C 9 221
YOR122C 16 188
YOR123C 16 317
YOR124C 33 818
YOR125C 7 66
YOR126C 10 367
YOR127W 25 555
YOR128C 10 208
YOR129C 15 404
YOR130C 15 199
YOR131C 7 171
YOR132W 20 361
YOR133W 6 53
YOR134W 44 8900
YOR135C 7 149
YOR136W 21 632
YOR137C 27 907
YOR138C 71 4337
YOR139C 3 11
YOR140W 28 683
YOR141C 29 728
YOR142W 25 966
YOR143C 14 182
YOR144C 28 908
YOR145C 8 91
YOR146W 2 71
YOR147W 10 140
YOR148C 12 144
YOR149C 20 379
YOR150W 3 28
YOR151C 36 953
YOR152C 0 0
YOR153W 83 3314
YOR154W 11 145
YOR155C 15 519
YOR156C 15 388
YOR157C 15 234
YOR158W 9 166
YOR159C 3 64
YOR160W 27 338
YOR161C 32 1019
YOR161W-A 1 2
YOR161W-B 6 172
YOR161C-C 14 785
YOR162C 54 1567
YOR163W 10 163
YOR164C 17 322
YOR165W 31 2077
YOR166C 13 546
YOR167C 2 19
YOR168W 21 734
YOR169C 4 139
YOR170W 2 28
YOR171C 14 98
YOR172W 25 437
YOR173W 18 1997
YOR174W 8 432
YOR175C 30 434
YOR176W 27 480
YOR177C 16 319
YOR178C 23 503
YOR179C 22 1261
YOR180C 3 46
YOR181W 18 144
YOR182C 7 21
YOR183W 33 1017
YOR184W 15 328
YOR185C 10 53
YOR186W 15 1075
YOR186C-A 11 1046
YOR187W 28 670
YOR188W 31 449
YOR189W 6 109
YOR190W 11 396
YOR191W 42 796
YOR192C 24 364
YOR192C-C 0 0
YOR193W 10 77
YOR194C 3 255
YOR195W 14 408
YOR196C 10 282
YOR197W 25 795
YOR198C 14 199
YOR199W 17 526
YOR200W 5 131
YOR201C 7 57
YOR202W 22 453
YOR203W 24 2496
YOR204W 24 452
YOR205C 39 1195
YOR206W 15 373
YOR207C 34 467
YOR208W 8 113
YOR209C 20 262
YOR210W 4 70
YOR211C 38 984
YOR212W 24 497
YOR213C 16 804
YOR214C 11 441
YOR215C 12 181
YOR216C 29 818
YOR217W 18 258
YOR218C 2 28
YOR219C 47 1054
YOR220W 7 45
YOR221C 14 253
YOR222W 61 6601
YOR223W 25 457
YOR224C 11 220
YOR225W 11 97
YOR226C 11 284
YOR227W 52 1024
YOR228C 13 217
YOR229W 40 1555
YOR230W 23 622
YOR231W 23 724
YOR231C-A 5 70
YOR232W 5 101
YOR233W 30 806
YOR234C 7 99
YOR235W 9 248
YOR236W 12 176
YOR237W 14 434
YOR238W 12 568
YOR239W 11 95
YOR241W 24 318
YOR242C 24 364
YOR243C 10 201
YOR244W 23 354
YOR245C 9 117
YOR246C 13 105
YOR247W 5 151
YOR248W 5 168
YOR249C 20 294
YOR250C 14 435
YOR251C 14 4024
YOR252W 8 257
YOR253W 13 366
YOR254C 28 994
YOR255W 10 1259
YOR256C 24 715
YOR257W 1 9
YOR258W 4 14
YOR259C 17 537
YOR260W 25 530
YOR261C 6 26
YOR262W 12 161
YOR263C 3 7
YOR264W 13 171
YOR265W 7 194
YOR266W 12 149
YOR267C 40 917
YOR268C 42 2934
YOR269W 18 490
YOR270C 31 935
YOR271C 23 684
YOR272W 7 137
YOR273C 46 1294
YOR274W 28 1281
YOR275C 28 8969
YOR276W 14 385
YOR277C 10 316
YOR278W 11 335
YOR279C 17 469
YOR280C 12 539
YOR281C 11 123
YOR282W 11 1263
YOR283W 13 481
YOR284W 5 121
YOR285W 11 268
YOR286W 10 491
YOR287C 5 49
YOR288C 9 53
YOR289W 29 1989
YOR290C 28 439
YOR291W 45 1143
YOR292C 23 252
YOR293W 6 100
YOR293C-A 6 132
YOR294W 3 59
YOR295W 15 245
YOR296W 27 544
YOR297C 8 88
YOR298W 43 1643
YOR298C-A 15 614
YOR299W 30 1423
YOR300W 7 579
YOR301W 48 4114
YOR302W 7 55
YOR303W 32 847
YOR304W 35 1725
YOR304C-A 4 15
YOR305W 4 28
YOR306C 23 402
YOR307C 23 8525
YOR308C 14 99
YOR309C 1 5
YOR310C 11 246
YOR311C 10 93
YOR312C 3 65
YOR313C 12 40
YOR314W 4 33
YOR314W-A 3 146
YOR315W 15 905
YOR316C 49 1196
YOR316C-A 24 14439
YOR317W 47 1316
YOR318C 48 7860
YOR319W 4 41
YOR320C 16 613
YOR321W 34 699
YOR322C 42 1432
YOR323C 18 433
YOR324C 25 887
YOR325W 14 400
YOR326W 49 548
YOR327C 8 299
YOR328W 68 1742
YOR329C 25 431
YOR329W-A 2 106
YOR330C 35 402
YOR331C 9 74
YOR332W 10 62
YOR333C 7 202
YOR334W 15 241
YOR335C 42 741
YOR335W-A 1 46
YOR336W 42 1031
YOR337W 35 981
YOR338W 21 427
YOR339C 7 92
YOR340C 10 85
YOR341W 20 360
YOR342C 19 214
YOR343C 29 2667
YOR344C 17 4579
YOR345C 3 16
YOR346W 43 863
YOR347C 13 177
YOR348C 205 136622
YOR349W 77 1777
YOR350C 36 1100
YOR351C 25 535
YOR352W 17 350
YOR353C 24 417
YOR354C 26 397
YOR355W 19 298
YOR356W 22 634
YOR357C 9 84
YOR358W 25 721
YOR359W 15 273
YOR360C 18 254
YOR361C 39 1234
YOR362C 7 81
YOR363C 35 2506
YOR364W 21 835
YOR365C 31 770
YOR366W 5 32
YOR367W 8 250
YOR368W 25 1136
YOR369C 14 223
YOR370C 24 715
YOR371C 54 16023
YOR372C 19 271
YOR373W 41 961
YOR374W 29 764
YOR375C 31 635
YOR376W 20 3977
YOR376W-A 0 0
YOR377W 31 1025
YOR378W 24 1169
YOR379C 16 1112
YOR380W 33 1405
YOR381W 25 918
YOR381W-A 4 52
YOR382W 3 12
YOR383C 2 4
YOR384W 33 765
YOR385W 17 187
YOR386W 7 132
YOR387C 5 28
YOR388C 2 9
YOR389W 12 790
YOR390W 6 133
YOR391C 10 167
YOR392W 4 29
YOR393W 0 0
YOR394W 0 0
YOR394C-A 0 0
YOR396W 0 0
YOR396C-A 0 0
YPL283C 0 0
YPL283W-B 0 0
YPL283W-A 0 0
YPL282C 0 0
YPL281C 0 0
YPL280W 0 0
YPL279C 4 71
YPL278C 0 0
YPL277C 20 16040
YPL274W 50 2004
YPL273W 13 447
YPL272C 5 238
YPL271W 1 101
YPL270W 27 411
YPL269W 25 501
YPL268W 29 784
YPL267W 5 76
YPL266W 18 1141
YPL265W 46 1461
YPL264C 11 329
YPL263C 29 1177
YPL262W 41 1020
YPL261C 15 1102
YPL260W 9 177
YPL259C 22 924
YPL258C 35 918
YPL257W 13 161
YPL256C 31 1336
YPL255W 11 286
YPL254W 14 304
YPL253C 25 545
YPL252C 6 47
YPL251W 3 35
YPL250C 20 1242
YPL249C-A 4 24
YPL250W-A 4 24
YPL249C 34 962
YPL248C 25 498
YPL247C 37 1461
YPL246C 12 1666
YPL245W 32 2136
YPL244C 33 1306
YPL243W 9 184
YPL242C 48 1722
YPL241C 5 58
YPL240C 33 1043
YPL239W 13 223
YPL238C 0 0
YPL237W 1 24
YPL236C 20 606
YPL235W 9 199
YPL234C 9 356
YPL233W 12 416
YPL232W 18 496
YPL231W 108 4903
YPL230W 22 461
YPL229W 11 126
YPL228W 17 257
YPL227C 18 366
YPL226W 29 339
YPL225W 1 16
YPL224C 41 2217
YPL223C 10 109
YPL222W 41 1274
YPL222C-A 2 2
YPL221W 73 9801
YPL220W 5 107
YPL219W 32 785
YPL218W 14 97
YPL217C 33 935
YPL216W 26 537
YPL215W 14 260
YPL214C 30 438
YPL213W 14 176
YPL212C 21 1088
YPL211W 13 244
YPL210C 19 519
YPL209C 4 20
YPL208W 28 524
YPL207W 35 1815
YPL206C 17 526
YPL205C 13 288
YPL204W 22 567
YPL203W 16 921
YPL202C 27 590
YPL201C 18 155
YPL200W 3 46
YPL199C 13 269
YPL198W 26 1242
YPL197C 6 35
YPL196W 14 655
YPL195W 22 1748
YPL194W 8 126
YPL193W 9 306
YPL192C 1 2
YPL191C 19 299
YPL190C 24 444
YPL189C-A 2 10
YPL189W 30 824
YPL188W 18 1260
YPL187W 1 2
YPL186C 41 1012
YPL185W 29 1967
YPL184C 24 459
YPL183W-A 3 24
YPL183C 32 709
YPL182C 4 161
YPL181W 18 484
YPL180W 27 691
YPL179W 28 813
YPL178W 10 76
YPL177C 12 116
YPL176C 37 895
YPL175W 29 708
YPL174C 10 202
YPL173W 9 96
YPL172C 9 393
YPL171C 27 407
YPL170W 21 1865
YPL169C 9 115
YPL168W 13 169
YPL167C 27 597
YPL166W 12 108
YPL165C 5 28
YPL164C 27 471
YPL163C 7 41
YPL162C 10 99
YPL161C 19 339
YPL160W 25 587
YPL159C 5 28
YPL158C 32 362
YPL157W 26 894
YPL156C 30 1630
YPL155C 49 6703
YPL154C 17 1486
YPL153C 31 583
YPL152W-A 0 0
YPL152W 6 122
YPL151C 30 689
YPL150W 14 233
YPL149W 4 105
YPL148C 3 6
YPL147W 27 834
YPL146C 6 62
YPL145C 2 36
YPL144W 22 578
YPL143W 4 66
YPL142C 2 25
YPL141C 42 1219
YPL140C 13 474
YPL139C 7 173
YPL138C 7 84
YPL137C 51 975
YPL136W 2 36
YPL135W 18 474
YPL135C-A 3 35
YPL134C 29 646
YPL133C 52 2230
YPL132W 8 301
YPL131W 4 99
YPL130W 5 54
YPL129W 2 4
YPL128C 11 87
YPL127C 9 103
YPL126W 15 355
YPL125W 33 744
YPL124W 22 392
YPL123C 6 150
YPL122C 13 151
YPL121C 3 245
YPL120W 14 107
YPL119C-A 3 43
YPL119C 24 1095
YPL118W 10 162
YPL117C 15 175
YPL116W 33 477
YPL115C 27 824
YPL114W 7 167
YPL113C 21 615
YPL112C 11 230
YPL111W 59 11641
YPL110C 46 4115
YPL109C 29 684
YPL108W 23 712
YPL107W 18 484
YPL106C 24 298
YPL105C 29 1224
YPL104W 22 331
YPL103C 21 472
YPL102C 3 103
YPL101W 10 293
YPL100W 11 201
YPL099C 4 166
YPL098C 6 548
YPL097W 10 262
YPL096C-A 5 165
YPL096W 29 531
YPL095C 24 429
YPL094C 17 468
YPL093W 18 358
YPL092W 32 3223
YPL091W 12 152
YPL090C 3 9
YPL089C 19 689
YPL088W 14 349
YPL087W 8 71
YPL086C 14 190
YPL085W 51 719
YPL084W 17 407
YPL083C 16 344
YPL082C 55 1098
YPL081W 22 921
YPL080C 12 3013
YPL079W 8 109
YPL078C 6 53
YPL077C 19 518
YPL076W 6 90
YPL075W 24 457
YPL074W 17 656
YPL073C 3 66
YPL072W 15 321
YPL071C 11 319
YPL070W 20 988
YPL069C 16 420
YPL068C 7 246
YPL067C 29 4911
YPL066W 27 1600
YPL065W 9 190
YPL064C 14 232
YPL063W 22 655
YPL062W 35 2293
YPL061W 47 1546
YPL060W 20 480
YPL059W 7 93
YPL058C 61 2955
YPL057C 21 1700
YPL056C 13 327
YPL055C 21 682
YPL054W 23 289
YPL053C 19 364
YPL052W 11 78
YPL051W 10 71
YPL050C 4 30
YPL049C 29 851
YPL048W 24 360
YPL047W 6 58
YPL046C 3 10
YPL045W 23 402
YPL044C 9 240
YPL043W 22 659
YPL042C 25 461
YPL041C 9 181
YPL040C 25 385
YPL039W 13 216
YPL038W-A 3 28
YPL038W 10 252
YPL037C 1 14
YPL036W 37 1372
YPL035C 2 17
YPL034W 5 142
YPL033C 6 73
YPL032C 17 310
YPL031C 20 430
YPL030W 20 589
YPL029W 28 566
YPL028W 14 139
YPL027W 14 772
YPL026C 21 355
YPL025C 14 414
YPL024W 21 462
YPL023C 10 2469
YPL022W 24 909
YPL021W 13 241
YPL020C 9 91
YPL019C 35 484
YPL018W 24 703
YPL017C 48 1212
YPL016W 34 860
YPL015C 38 1160
YPL014W 31 445
YPL013C 8 480
YPL012W 29 600
YPL011C 16 353
YPL010W 5 52
YPL009C 23 777
YPL008W 11 254
YPL007C 7 171
YPL006W 49 953
YPL005W 17 95
YPL004C 20 548
YPL003W 51 2740
YPL002C 30 905
YPL001W 46 955
YPR001W 95 7173
YPR002W 63 3087
YPR002C-A 1 1
YPR003C 39 595
YPR004C 10 152
YPR005C 17 278
YPR006C 31 734
YPR007C 35 664
YPR008W 47 1063
YPR009W 12 321
YPR010C 20 490
YPR010C-A 4 15
YPR011C 38 2126
YPR012W 6 19530
YPR013C 11 357
YPR014C 8 35
YPR015C 15 384
YPR016C 5 75
YPR016W-A 9 113
YPR017C 4 211
YPR018W 14 79
YPR019W 41 1084
YPR020W 2 18
YPR021C 25 528
YPR022C 44 3487
YPR023C 16 290
YPR024W 19 431
YPR025C 5 87
YPR026W 60 1083
YPR027C 10 183
YPR028W 4 59
YPR029C 26 963
YPR030W 33 1299
YPR031W 48 11241
YPR032W 7 151
YPR033C 23 590
YPR034W 11 163
YPR035W 23 922
YPR036W 59 2115
YPR036W-A 3 25
YPR037C 28 1248
YPR038W 19 628
YPR039W 23 1284
YPR040W 25 7122
YPR041W 12 309
YPR042C 30 704
YPR043W 4 28
YPR044C 2 9
YPR045C 19 381
YPR046W 2 12
YPR047W 23 477
YPR048W 14 338
YPR049C 32 1499
YPR050C 16 377
YPR051W 19 455
YPR052C 4 101
YPR053C 10 332
YPR054W 23 5860
YPR055W 24 521
YPR056W 14 333
YPR057W 5 35
YPR058W 8 443
YPR059C 2 3
YPR060C 11 218
YPR061C 21 372
YPR062W 18 2863
YPR063C 13 173
YPR064W 22 272
YPR065W 11 184
YPR066W 21 1017
YPR067W 16 786
YPR068C 35 717
YPR069C 7 623
YPR070W 13 428
YPR071W 13 265
YPR072W 14 624
YPR073C 11 177
YPR074C 42 1113
YPR074W-A 16 2036
YPR075C 9 112
YPR076W 0 0
YPR077C 13 164
YPR078C 23 255
YPR079W 17 303
YPR080W 4 78
YPR081C 32 2145
YPR082C 8 154
YPR083W 21 451
YPR084W 14 278
YPR085C 4 28
YPR086W 15 149
YPR087W 12 1038
YPR088C 15 1003
YPR089W 25 554
YPR091C 22 351
YPR092W 12 1091
YPR093C 30 2062
YPR094W 6 162
YPR095C 39 878
YPR096C 11 127
YPR097W 57 2183
YPR098C 15 337
YPR099C 5 65
YPR100W 8 238
YPR101W 6 150
YPR102C 0 0
YPR103W 8 158
YPR104C 14 129
YPR105C 21 566
YPR106W 22 632
YPR107C 12 583
YPR108W 13 257
YPR108W-A 12 1319
YPR109W 16 466
YPR110C 6 51
YPR111W 16 171
YPR112C 13 354
YPR113W 12 347
YPR114W 20 259
YPR115W 43 1057
YPR116W 10 68
YPR117W 85 2050
YPR118W 9 161
YPR119W 24 505
YPR120C 26 725
YPR121W 19 367
YPR122W 77 2402
YPR123C 12 85
YPR124W 29 695
YPR125W 15 362
YPR126C 2 10
YPR127W 15 542
YPR128C 11 134
YPR129W 3 158
YPR130C 2 7
YPR131C 14 567
YPR132W 2 8
YPR133C 11 319
YPR133W-A 0 0
YPR134W 7 313
YPR135W 22 357
YPR136C 1 33
YPR137W 10 198
YPR138C 33 842
YPR139C 8 112
YPR140W 20 315
YPR141C 21 363
YPR142C 9 154
YPR143W 3 6
YPR144C 15 252
YPR145W 61 7091
YPR145C-A 5 183
YPR146C 13 208
YPR147C 17 1204
YPR148C 16 1289
YPR149W 20 345
YPR150W 20 1849
YPR151C 25 1907
YPR152C 38 3344
YPR153W 20 313
YPR154W 3 33
YPR155C 29 741
YPR156C 22 628
YPR157W 31 735
YPR158W 19 341
YPR159W 40 967
YPR159C-A 1 1
YPR160W 69 1676
YPR160W-A 3 65
YPR160C-A 9 272
YPR161C 26 389
YPR162C 16 286
YPR163C 11 143
YPR164W 43 1532
YPR165W 7 26
YPR166C 4 152
YPR167C 11 389
YPR168W 18 4801
YPR169W 32 1367
YPR170C 14 787
YPR169W-A 5 123
YPR170W-B 12 996
YPR170W-A 8 875
YPR171W 13 70
YPR172W 9 374
YPR173C 8 576
YPR174C 5 79
YPR175W 18 324
YPR176C 14 385
YPR177C 6 170
YPR178W 33 773
YPR179C 25 461
YPR180W 7 197
YPR181C 20 398
YPR182W 5 94
YPR183W 19 416
YPR184W 94 3945
YPR185W 38 2576
YPR186C 13 191
YPR187W 6 20
YPR188C 2 83
YPR189W 42 1613
YPR190C 28 877
YPR191W 13 136
YPR192W 42 3034
YPR193C 11 181
YPR194C 45 7041
YPR195C 25 2250
YPR196W 22 1663
YPR197C 6 70
YPR198W 17 412
YPR199C 15 436
YPR200C 2 33
YPR201W 29 572
YPR202W 0 0
YPR203W 0 0
YPR204W 0 0
YPR204C-A 0 0
