YAL069W 9 249
YAL068W-A 13 10022
YAL068C 6 45
YAL067W-A 2 8
YAL067C 14 806
YAL066W 3 208
YAL065C 5 6868
YAL064W-B 1 8
YAL064C-A 2 33
YAL064W 0 0
YAL063C-A 1 35
YAL063C 14 322
YAL062W 76 4553
YAL061W 44 2907
YAL060W 34 1527
YAL059C-A 7 228
YAL059W 11 526
YAL058W 29 1508
YAL056C-A 7 502
YAL056W 43 1562
YAL055W 9 137
YAL054C 34 2522
YAL053W 39 4343
YAL051W 46 1003
YAL049C 12 635
YAL048C 36 1430
YAL047W-A 5 60
YAL047C 18 890
YAL046C 4 95
YAL045C 8 125
YAL044W-A 9 491
YAL044C 16 334
YAL043C 33 1242
YAL042C-A 11 205
YAL042W 27 836
YAL041W 23 368
YAL040C 17 1177
YAL039C 53 3512
YAL038W 26 1834
YAL037C-B 16 1537
YAL037C-A 2 49
YAL037W 12 247
YAL036C 21 457
YAL035W 29 775
YAL034C-B 15 354
YAL034W-A 7 494
YAL034C 26 586
YAL033W 5 16
YAL032C 14 373
YAL031W-A 3 97
YAL031C 20 685
YAL030W 7 1301
YAL029C 27 872
YAL028W 13 864
YAL027W 14 400
YAL026C-A 3 32
YAL026C 30 1119
YAL025C 3 56
YAL024C 22 569
YAL023C 40 1687
YAL022C 13 250
YAL021C 29 951
YAL020C 21 190
YAL019W-A 10 59
YAL019W 20 421
YAL018C 3 63
YAL017W 47 1469
YAL016C-B 3 54
YAL016C-A 8 1323
YAL016W 11 70
YAL015C 25 734
YAL014C 6 66
YAL013W 5 43
YAL012W 20 353
YAL011W 6 28
YAL010C 9 41
YAL009W 3 58
YAL008W 8 2818
YAL007C 10 350
YAL005C 26 2634
YAL004W 9 1537
YAL003W 12 123
YAL002W 57 30945
YAL001C 93 7525
YAR002W 39 2002
YAR002C-A 19 2566
YAR003W 61 4104
YAR007C 12 439
YAR008W 10 295
YAR014C 13 662
YAR015W 10 509
YAR018C 14 955
YAR019C 22 624
YAR019W-A 6 178
YAR020C 0 0
YAR023C 7 114
YAR027W 7 177
YAR028W 16 965
YAR029W 1 22
YAR030C 3 16
YAR031W 16 207
YAR033W 4 27
YAR035W 89 4175
YAR035C-A 3 40
YAR042W 34 985
YAR047C 0 0
YAR050W 12 130
YAR053W 0 0
YAR060C 0 0
YAR064W 0 0
YAR066W 0 0
YAR068W 0 0
YAR069C 0 0
YAR070C 0 0
YAR071W 4 16
YAR073W 3 13
YAR075W 0 0
YBL113C 2 6
YBL113W-A 0 0
YBL112C 0 0
YBL111C 0 0
YBL109W 15 4016
YBL108C-A 1 2
YBL108W 11 3247
YBL107W-A 0 0
YBL107C 10 278
YBL106C 33 710
YBL105C 30 951
YBL104C 44 1278
YBL103C 16 695
YBL102W 8 663
YBL101C 41 1650
YBL100W-C 6 55
YBL100C 1 6
YBL099W 14 195
YBL098W 28 797
YBL097W 26 660
YBL096C 12 2121
YBL095W 11 2093
YBL094C 0 0
YBL093C 11 147
YBL092W 2 19
YBL091C-A 12 252
YBL091C 19 517
YBL090W 9 137
YBL089W 14 122
YBL088C 94 2352
YBL087C 12 346
YBL086C 5 20
YBL085W 23 2421
YBL084C 13 484
YBL083C 3 34
YBL082C 24 389
YBL081W 11 257
YBL080C 17 240
YBL079W 34 1210
YBL078C 0 0
YBL077W 9 172
YBL076C 22 567
YBL075C 28 711
YBL074C 23 298
YBL073W 23 809
YBL072C 3 49
YBL071C-B 2 2
YBL071W-A 2 9
YBL071C 5 125
YBL070C 10 473
YBL069W 28 1220
YBL068W-A 2 9
YBL068W 6 136
YBL067C 13 164
YBL066C 40 1408
YBL065W 5 63
YBL064C 21 945
YBL063W 37 1032
YBL062W 8 273
YBL061C 22 681
YBL060W 23 504
YBL059C-A 1 6
YBL059W 5 390
YBL058W 18 291
YBL057C 10 267
YBL056W 14 417
YBL055C 30 488
YBL054W 24 527
YBL053W 2 15
YBL052C 14 252
YBL051C 14 381
YBL050W 11 137
YBL049W 6 317
YBL048W 5 111
YBL047C 38 1013
YBL046W 16 658
YBL045C 19 260
YBL044W 25 6131
YBL043W 11 125
YBL042C 25 440
YBL041W 4 78
YBL040C 11 361
YBL039W-B 0 0
YBL039C 13 185
YBL039C-A 0 0
YBL038W 13 162
YBL037W 45 1824
YBL036C 12 175
YBL035C 33 1346
YBL034C 29 1059
YBL033C 13 348
YBL032W 18 262
YBL031W 17 1600
YBL030C 25 493
YBL029C-A 6 922
YBL029W 19 780
YBL028C 3 348
YBL027W 6 108
YBL026W 3 44
YBL025W 7 175
YBL024W 23 4582
YBL023C 23 762
YBL022C 13 164
YBL021C 11 228
YBL020W 15 443
YBL019W 10 294
YBL018C 6 125
YBL017C 60 1807
YBL016W 29 918
YBL015W 51 1292
YBL014C 25 819
YBL013W 47 1581
YBL012C 4 145
YBL011W 19 433
YBL010C 7 195
YBL009W 21 1288
YBL008W-A 2 28
YBL008W 22 567
YBL007C 30 604
YBL006C 6 206
YBL006W-A 5 176
YBL005W 37 640
YBL004W 33 1347
YBL003C 13 8516
YBL002W 16 775
YBL001C 23 2507
YBR001C 92 4555
YBR002C 21 495
YBR003W 24 439
YBR004C 30 538
YBR005W 15 121
YBR006W 41 4087
YBR007C 29 800
YBR008C 26 1564
YBR009C 4 34
YBR010W 7 23
YBR011C 7 62
YBR012C 2 70
YBR013C 2 8
YBR014C 7 95
YBR015C 16 402
YBR016W 9 383
YBR017C 10 189
YBR018C 17 325
YBR019C 58 1609
YBR020W 46 1283
YBR021W 25 448
YBR022W 6 87
YBR023C 34 1579
YBR024W 12 482
YBR025C 22 349
YBR026C 10 436
YBR027C 14 265
YBR028C 6 68
YBR029C 17 296
YBR030W 5 120
YBR031W 6 330
YBR032W 25 3156
YBR033W 37 877
YBR034C 15 916
YBR035C 16 342
YBR036C 18 692
YBR037C 20 399
YBR038W 33 554
YBR039W 8 223
YBR040W 6 27
YBR041W 9 402
YBR042C 7 267
YBR043C 24 1457
YBR044C 16 1058
YBR045C 15 266
YBR046C 7 175
YBR047W 9 235
YBR048W 10 139
YBR049C 30 454
YBR050C 8 197
YBR051W 6 1319
YBR052C 7 80
YBR053C 9 612
YBR054W 32 4291
YBR055C 23 312
YBR056W 15 351
YBR056W-A 2 85
YBR056C-B 1 61
YBR057C 8 194
YBR058C 20 434
YBR058C-A 4 16
YBR059C 34 779
YBR060C 10 387
YBR061C 20 722
YBR062C 4 12
YBR063C 8 160
YBR064W 1 5
YBR065C 9 130
YBR066C 13 123
YBR067C 1 1
YBR068C 28 3628
YBR069C 20 639
YBR070C 8 154
YBR071W 7 110
YBR072W 11 1332
YBR072C-A 5 1771
YBR073W 31 343
YBR074W 26 498
YBR076W 15 993
YBR076C-A 10 303
YBR077C 9 354
YBR078W 37 3281
YBR079C 24 402
YBR080C 19 354
YBR081C 29 531
YBR082C 12 195
YBR083W 27 577
YBR084W 18 532
YBR084C-A 8 134
YBR085W 7 81
YBR085C-A 2 7
YBR086C 17 523
YBR087W 11 410
YBR088C 9 153
YBR089W 7 114
YBR089C-A 19 1948
YBR090C 23 2318
YBR091C 5 179
YBR092C 15 527
YBR093C 22 213
YBR094W 26 683
YBR095C 10 221
YBR096W 7 66
YBR097W 27 387
YBR098W 27 497
YBR099C 2 4
YBR101C 3 25
YBR102C 19 241
YBR103W 10 122
YBR103C-A 9 1169
YBR104W 17 739
YBR105C 10 257
YBR106W 15 349
YBR107C 9 414
YBR108W 26 641
YBR109C 1 1
YBR109W-A 11 156
YBR110W 5 60
YBR111C 10 466
YBR111W-A 2 2
YBR112C 18 739
YBR113W 2 28
YBR114W 28 1760
YBR115C 51 1558
YBR116C 12 932
YBR117C 36 829
YBR118W 2 17
YBR119W 7 99
YBR120C 3 144
YBR121C 5 43
YBR121C-A 1 1
YBR122C 2 32
YBR123C 10 155
YBR124W 7 280
YBR125C 14 472
YBR126C 20 720
YBR126W-A 8 1282
YBR126W-B 7 1277
YBR127C 10 193
YBR128C 15 295
YBR129C 7 143
YBR130C 4 142
YBR131W 16 224
YBR131C-A 0 0
YBR132C 25 716
YBR133C 44 1122
YBR134W 21 1255
YBR135W 4 103
YBR136W 46 2294
YBR137W 12 120
YBR138C 16 581
YBR139W 35 538
YBR140C 82 4091
YBR141C 14 358
YBR141W-A 0 0
YBR142W 25 645
YBR143C 6 130
YBR144C 14 555
YBR145W 17 252
YBR146W 5 24
YBR147W 15 1240
YBR148W 23 797
YBR149W 12 165
YBR150C 33 466
YBR151W 16 200
YBR152W 13 414
YBR153W 16 246
YBR154C 1 1
YBR155W 8 164
YBR156C 18 328
YBR157C 4 56
YBR158W 19 882
YBR159W 13 607
YBR160W 18 784
YBR161W 3 11
YBR162C 19 226
YBR162W-A 2 243
YBR163W 16 247
YBR164C 7 155
YBR165W 4 143
YBR166C 14 1333
YBR167C 6 109
YBR168W 10 120
YBR169C 24 3748
YBR170C 23 854
YBR171W 6 107
YBR172C 17 711
YBR173C 4 243
YBR174C 8 317
YBR175W 18 1160
YBR176W 12 5414
YBR177C 27 1290
YBR178W 12 444
YBR179C 31 653
YBR180W 12 578
YBR181C 1 77
YBR182C 19 426
YBR182C-A 1 1
YBR183W 19 355
YBR184W 9 9572
YBR185C 9 446
YBR186W 33 910
YBR187W 7 116
YBR188C 9 170
YBR189W 7 45
YBR190W 0 0
YBR191W 2 14
YBR191W-A 0 0
YBR192W 5 21
YBR193C 9 45
YBR194W 5 83
YBR195C 14 161
YBR196C 16 482
YBR196C-A 9 674
YBR196C-B 2 270
YBR197C 21 3172
YBR198C 11 95
YBR199W 23 986
YBR200W 5 24
YBR200W-A 0 0
YBR201W 5 67
YBR201C-A 6 127
YBR202W 29 1305
YBR203W 40 1058
YBR204C 19 452
YBR205W 13 1367
YBR206W 6 113
YBR207W 17 296
YBR208C 69 1871
YBR209W 19 476
YBR210W 2 7
YBR211C 4 140
YBR212W 21 584
YBR213W 17 387
YBR214W 30 1112
YBR215W 18 210
YBR216C 18 575
YBR217W 5 42
YBR218C 42 923
YBR219C 17 1528
YBR220C 20 254
YBR221C 18 718
YBR221W-A 8 473
YBR222C 28 362
YBR223C 20 289
YBR223W-A 5 30
YBR224W 5 194
YBR225W 12 102
YBR226C 3 37
YBR227C 5 68
YBR228W 15 636
YBR229C 39 978
YBR230C 4 494
YBR230W-A 13 252
YBR231C 16 798
YBR232C 3 146
YBR233W 7 200
YBR233W-A 3 36
YBR234C 8 211
YBR235W 65 1335
YBR236C 11 199
YBR237W 18 254
YBR238C 15 578
YBR239C 27 573
YBR240C 17 253
YBR241C 39 8802
YBR242W 19 730
YBR243C 10 115
YBR244W 2 10
YBR245C 26 945
YBR246W 14 410
YBR247C 6 80
YBR248C 20 853
YBR249C 11 26
YBR250W 17 333
YBR251W 8 207
YBR252W 5 251
YBR253W 2 23
YBR254C 2 24
YBR255W 22 1340
YBR255C-A 4 22
YBR256C 10 254
YBR257W 11 71
YBR258C 7 38
YBR259W 25 338
YBR260C 22 403
YBR261C 18 549
YBR262C 6 90
YBR263W 16 394
YBR264C 7 151
YBR265W 8 187
YBR267W 14 555
YBR266C 3 321
YBR268W 3 81
YBR269C 3 61
YBR270C 10 1231
YBR271W 13 320
YBR272C 13 325
YBR273C 10 163
YBR274W 12 303
YBR275C 44 2462
YBR276C 27 492
YBR277C 10 446
YBR278W 19 666
YBR279W 11 255
YBR280C 25 1106
YBR281C 23 1070
YBR282W 6 21
YBR283C 17 205
YBR284W 26 1465
YBR285W 1 1
YBR286W 27 2290
YBR287W 11 163
YBR288C 13 646
YBR289W 27 1542
YBR290W 6 83
YBR291C 28 982
YBR292C 2 43
YBR293W 16 165
YBR294W 29 1090
YBR295W 37 879
YBR296C 26 816
YBR296C-A 14 3026
YBR297W 15 257
YBR298C 40 873
YBR298C-A 9 81
YBR299W 8 130
YBR300C 3 22
YBR301W 4 211
YBR302C 0 0
YCL076W 11 338
YCL073C 5 69
YCL069W 3 110
YCL068C 0 0
YCL067C 0 0
YCL066W 0 0
YCL065W 2 33
YCL064C 13 231
YCL063W 14 217
YCL061C 11 112
YCL059C 5 166
YCL058C 10 212
YCL058W-A 7 175
YCL057C-A 6 245
YCL057W 24 650
YCL056C 2 18
YCL055W 6 208
YCL054W 17 705
YCL052C 9 212
YCL051W 12 286
YCL050C 7 188
YCL049C 6 6851
YCL048W-A 2 9
YCL048W 20 446
YCL047C 8 314
YCL045C 29 582
YCL046W 0 0
YCL044C 15 503
YCL043C 30 464
YCL041C 18 200
YCL042W 20 1483
YCL040W 79 2514
YCL039W 63 1113
YCL038C 10 79
YCL037C 13 357
YCL036W 24 1028
YCL035C 5 105
YCL034W 25 381
YCL033C 3 66
YCL032W 8 201
YCL031C 10 226
YCL030C 27 244
YCL029C 32 1480
YCL028W 11 200
YCL027W 19 310
YCL026C-B 1 11
YCL026C-A 5 138
YCL025C 48 1919
YCL023C 8 636
YCL024W 31 1555
YCL022C 7 128
YCL021W-A 8 93
YCL018W 15 91
YCL017C 15 600
YCL016C 9 68
YCL014W 24 387
YCL012C 3 68
YCL011C 20 417
YCL010C 24 902
YCL009C 19 412
YCL008C 20 628
YCL007C 9 71
YCL005W-A 8 79
YCL005W 11 376
YCL004W 14 190
YCL002C 16 500
YCL001W 3 5
YCL001W-A 0 0
YCL001W-B 10 266
YCR001W 12 245
YCR002C 4 106
YCR003W 15 378
YCR004C 7 232
YCR005C 40 6082
YCR006C 34 1732
YCR007C 13 307
YCR008W 31 794
YCR009C 6 178
YCR010C 19 338
YCR011C 49 2772
YCR012W 12 149
YCR013C 11 194
YCR014C 17 480
YCR015C 13 396
YCR016W 7 170
YCR017C 35 3916
YCR018C 9 235
YCR018C-A 3 26
YCR019W 15 158
YCR020C 5 213
YCR020C-A 3 411
YCR020W-B 0 0
YCR021C 29 1985
YCR022C 22 803
YCR023C 32 833
YCR024C 10 253
YCR024C-B 7 112
YCR024C-A 2 24
YCR025C 17 4154
YCR026C 36 976
YCR027C 2 7
YCR028C 24 524
YCR028C-A 0 0
YCR030C 20 494
YCR031C 10 180
YCR032W 52 1879
YCR033W 36 1325
YCR034W 4 62
YCR035C 3 69
YCR036W 24 584
YCR037C 19 584
YCR038C 7 134
YCR038W-A 0 0
YCR039C 0 0
YCR040W 0 0
YCR041W 4 81
YCR042C 38 833
YCR043C 9 2179
YCR044C 12 65
YCR045C 14 131
YCR045W-A 3 25
YCR046C 11 192
YCR047C 6 191
YCR047W-A 2 5
YCR049C 14 429
YCR048W 39 2280
YCR050C 2 261
YCR051W 7 136
YCR052W 11 274
YCR053W 11 328
YCR054C 14 358
YCR057C 32 688
YCR059C 27 2043
YCR060W 8 156
YCR061W 46 727
YCR064C 17 408
YCR063W 20 3235
YCR065W 33 1195
YCR066W 9 375
YCR067C 23 345
YCR068W 24 937
YCR069W 14 225
YCR071C 10 116
YCR072C 19 718
YCR073C 42 2101
YCR073W-A 19 1719
YCR075C 10 180
YCR075W-A 1 7
YCR076C 10 145
YCR077C 21 443
YCR079W 26 926
YCR081W 48 1200
YCR081C-A 7 73
YCR082W 11 203
YCR083W 8 137
YCR084C 25 741
YCR085W 1 1
YCR086W 6 63
YCR087W 12 601
YCR087C-A 8 175
YCR088W 21 644
YCR089W 23 1010
YCR090C 9 213
YCR091W 35 1125
YCR092C 16 229
YCR093W 31 861
YCR094W 6 86
YCR095C 4 21
YCR095W-A 2 42
YCR096C 0 0
YCR097W 0 0
YCR097W-A 3 14
YCR098C 15 265
YCR099C 4 116
YCR100C 10 150
YCR101C 9 88
YCR102C 22 363
YCR102W-A 1 24
YCR104W 5 86
YCR105W 36 966
YCR106W 28 959
YCR107W 7 94
YCR108C 12 619
YDL248W 3 14
YDL247W-A 0 0
YDL247W 0 0
YDL246C 0 0
YDL245C 1 4
YDL244W 9 375
YDL243C 6 192
YDL242W 15 1044
YDL241W 0 0
YDL240C-A 18 1424
YDL240W 28 551
YDL239C 11 452
YDL238C 26 979
YDL237W 9 319
YDL236W 8 143
YDL235C 2 9
YDL234C 19 233
YDL233W 18 586
YDL232W 0 0
YDL231C 66 3539
YDL230W 20 227
YDL229W 10 2441
YDL228C 2 8
YDL227C 11 1447
YDL226C 10 178
YDL225W 14 890
YDL224C 16 163
YDL223C 35 1695
YDL222C 17 293
YDL221W 37 1280
YDL220C 73 2426
YDL219W 0 0
YDL218W 14 459
YDL217C 5 34
YDL216C 19 416
YDL215C 55 3764
YDL214C 30 833
YDL213C 11 290
YDL212W 1 107
YDL211C 6 100
YDL210W 12 199
YDL209C 7 68
YDL208W 5 45
YDL207W 4 221
YDL206W 18 233
YDL205C 13 238
YDL204W 30 494
YDL203C 19 275
YDL202W 6 143
YDL201W 16 637
YDL200C 6 793
YDL199C 9 279
YDL198C 14 231
YDL197C 32 747
YDL196W 16 253
YDL195W 16 419
YDL194W 16 215
YDL193W 9 186
YDL192W 10 136
YDL191W 3 118
YDL190C 23 418
YDL189W 13 664
YDL188C 20 2030
YDL187C 3 12
YDL186W 8 261
YDL185C-A 0 0
YDL185W 17 232
YDL184C 3 63
YDL183C 11 123
YDL182W 30 731
YDL181W 6 164
YDL180W 11 456
YDL179W 4 19
YDL178W 32 2167
YDL177C 8 158
YDL176W 19 522
YDL175C 14 1984
YDL174C 40 929
YDL173W 7 109
YDL172C 0 0
YDL171C 80 1795
YDL170W 24 366
YDL169C 14 224
YDL168W 11 623
YDL167C 17 215
YDL166C 3 11
YDL165W 3 82
YDL164C 25 816
YDL163W 1 17
YDL162C 15 1046
YDL161W 11 305
YDL160C-A 5 78
YDL160C 14 241
YDL159W-A 4 50
YDL159W 14 403
YDL159C-B 1 18
YDL158C 2 33
YDL157C 8 2759
YDL156W 26 1242
YDL155W 20 580
YDL154W 30 751
YDL153C 5 72
YDL152W 1 2
YDL151C 2 39
YDL150W 9 204
YDL149W 20 860
YDL148C 23 542
YDL147W 5 123
YDL146W 10 1046
YDL145C 32 675
YDL144C 27 709
YDL143W 15 164
YDL142C 15 1879
YDL141W 20 428
YDL140C 51 832
YDL139C 7 17
YDL138W 33 1480
YDL137W 19 304
YDL136W 2 26
YDL135C 10 623
YDL134C 13 186
YDL133C-A 0 0
YDL133W 20 1271
YDL132W 20 506
YDL131W 25 1269
YDL130W-A 4 53
YDL130W 7 272
YDL129W 8 111
YDL128W 14 542
YDL127W 24 5336
YDL126C 22 992
YDL125C 16 969
YDL124W 15 297
YDL123W 9 86
YDL122W 22 1707
YDL121C 11 2705
YDL120W 4 15
YDL119C 19 1131
YDL118W 9 596
YDL117W 18 2140
YDL116W 15 210
YDL115C 14 227
YDL114W-A 2 6
YDL114W 10 730
YDL113C 23 606
YDL112W 41 982
YDL111C 11 460
YDL110C 15 237
YDL109C 16 231
YDL108W 13 198
YDL107W 14 309
YDL106C 23 527
YDL105W 9 51
YDL104C 19 678
YDL103C 9 233
YDL102W 20 368
YDL101C 5 83
YDL100C 12 436
YDL099W 12 411
YDL098C 7 95
YDL097C 7 164
YDL096C 1 93
YDL095W 24 682
YDL094C 15 341
YDL093W 26 498
YDL092W 7 473
YDL091C 17 215
YDL090C 12 326
YDL089W 19 524
YDL088C 8 247
YDL087C 6 220
YDL086W 23 142027
YDL086C-A 17 141964
YDL085C-A 6 176
YDL085W 34 1214
YDL084W 7 16
YDL083C 3 81
YDL082W 7 425
YDL081C 0 0
YDL080C 22 396
YDL079C 31 1545
YDL078C 3 121
YDL077C 28 442
YDL076C 8 191
YDL075W 1 1
YDL074C 19 352
YDL073W 12 121
YDL072C 8 148
YDL071C 6 36
YDL070W 16 692
YDL069C 11 217
YDL068W 6 26
YDL067C 3 92
YDL066W 27 704
YDL065C 10 278
YDL064W 11 698
YDL063C 17 375
YDL062W 5 95
YDL061C 1 1
YDL060W 11 190
YDL059C 5 32
YDL058W 30 620
YDL057W 16 337
YDL056W 31 931
YDL055C 16 144
YDL054C 26 671
YDL053C 2 66
YDL052C 19 628
YDL051W 14 566
YDL050C 6 129
YDL049C 26 1548
YDL048C 49 1389
YDL047W 17 522
YDL046W 8 143
YDL045W-A 2 44
YDL045C 7 50
YDL044C 8 139
YDL043C 4 108
YDL042C 25 1285
YDL041W 10 281
YDL040C 16 545
YDL039C 29 1100
YDL037C 5 107
YDL036C 21 18192
YDL035C 19 581
YDL034W 6 138
YDL033C 13 472
YDL032W 3 180
YDL031W 16 503
YDL030W 15 126
YDL029W 10 96
YDL028C 10 260
YDL027C 8 681
YDL026W 1 11
YDL025C 14 283
YDL025W-A 0 0
YDL024C 17 279
YDL022C-A 3 22
YDL023C 9 800
YDL022W 23 1000
YDL021W 13 96
YDL020C 14 69
YDL019C 47 823
YDL018C 7 59
YDL017W 12 205
YDL016C 2 20
YDL015C 7 181
YDL014W 11 164
YDL013W 7 81
YDL012C 4 37
YDL011C 1 37
YDL010W 2 103
YDL009C 2 5
YDL008W 4 186
YDL007C-A 4 14
YDL007W 8 68
YDL006W 11 236
YDL005C 6 51
YDL004W 0 0
YDL003W 18 574
YDL002C 16 242
YDL001W 57 5007
YDR001C 67 1488
YDR002W 4 47
YDR003W 15 492
YDR003W-A 2 41
YDR004W 19 446
YDR005C 9 692
YDR006C 18 465
YDR007W 4 57
YDR008C 8 689
YDR009W 26 907
YDR010C 31 3915
YDR011W 74 2384
YDR012W 4 73
YDR013W 2 7
YDR014W 5 99
YDR014W-A 7 117
YDR015C 3 44
YDR016C 1 63
YDR017C 22 592
YDR018C 14 532
YDR019C 18 259
YDR020C 11 392
YDR021W 5 52
YDR022C 10 172
YDR023W 6 87
YDR024W 8 275
YDR025W 2 13
YDR026C 17 211
YDR027C 13 185
YDR028C 28 1087
YDR029W 3 10
YDR030C 27 1900
YDR031W 1 5
YDR032C 8 213
YDR033W 19 1201
YDR034C 15 1865
YDR034C-A 1 35
YDR034W-B 0 0
YDR035W 11 236
YDR036C 7 46
YDR037W 25 425
YDR038C 4 73
YDR039C 0 0
YDR040C 2 19
YDR041W 8 281
YDR042C 1 95
YDR043C 11 239
YDR044W 10 198
YDR045C 8 157
YDR046C 23 3281
YDR047W 19 413
YDR048C 10 1210
YDR049W 14 78
YDR050C 4 10
YDR051C 13 462
YDR052C 15 295
YDR053W 2 96
YDR054C 11 173
YDR055W 16 328
YDR056C 7 68
YDR057W 17 589
YDR058C 3 83
YDR059C 7 61
YDR060W 25 524
YDR061W 19 526
YDR062W 17 390
YDR063W 6 128
YDR064W 6 157
YDR065W 8 100
YDR066C 8 120
YDR067C 7 97
YDR068W 6 252
YDR069C 22 612
YDR070C 4 64
YDR071C 12 270
YDR072C 18 614
YDR073W 10 59
YDR074W 44 742
YDR075W 11 261
YDR076W 37 1083
YDR077W 17 633
YDR078C 8 97
YDR079W 6 732
YDR079C-A 1 1
YDR080W 27 667
YDR081C 12 237
YDR082W 17 506
YDR083W 12 168
YDR084C 3 18
YDR085C 22 521
YDR086C 1 6
YDR087C 2 65
YDR088C 7 84
YDR089W 26 253
YDR090C 9 153
YDR091C 12 390
YDR092W 12 364
YDR093W 107 7823
YDR094W 23 8024
YDR095C 26 6580
YDR096W 19 247
YDR097C 24 410
YDR098C 13 101
YDR099W 17 157
YDR100W 7 173
YDR101C 12 377
YDR102C 5 9928
YDR103W 17 284
YDR104C 41 1014
YDR105C 15 495
YDR106W 12 345
YDR107C 22 348
YDR108W 23 371
YDR109C 26 1053
YDR110W 22 571
YDR111C 19 518
YDR112W 2 50
YDR113C 13 211
YDR114C 12 368
YDR115W 1 52
YDR116C 9 229
YDR117C 15 343
YDR118W 11 580
YDR118W-A 2 28
YDR119W 25 1373
YDR119W-A 10 148
YDR120C 20 301
YDR121W 2 18
YDR122W 25 401
YDR123C 17 279
YDR124W 12 254
YDR125C 8 114
YDR126W 28 1656
YDR127W 39 850
YDR128W 37 637
YDR129C 27 982
YDR130C 6 52
YDR131C 15 168
YDR132C 25 326
YDR133C 0 0
YDR135C 40 887
YDR136C 32 1057
YDR137W 20 630
YDR138W 25 1122
YDR139C 2 103
YDR140W 8 221
YDR141C 25 598
YDR142C 14 970
YDR143C 13 248
YDR144C 21 603
YDR145W 5 250
YDR146C 14 143
YDR147W 13 305
YDR148C 15 324
YDR149C 7 79
YDR150W 69 20623
YDR151C 20 2859
YDR152W 9 127
YDR153C 10 232
YDR154C 9 719
YDR155C 11 291
YDR156W 8 286
YDR157W 12 298
YDR158W 11 347
YDR159W 23 594
YDR160W 15 138
YDR161W 4 24
YDR162C 1 10
YDR163W 8 2044
YDR164C 20 524
YDR165W 8 51
YDR166C 23 1089
YDR167W 4 340
YDR168W 11 245
YDR169C 6 37
YDR169C-A 4 404
YDR170C 50 926
YDR171W 10 140
YDR172W 36 1109
YDR173C 11 258
YDR174W 11 758
YDR175C 11 180
YDR176W 16 133
YDR177W 13 436
YDR178W 11 1337
YDR179C 6 48
YDR179W-A 10 175
YDR180W 24 477
YDR181C 12 158
YDR182W 17 625
YDR182W-A 2 3
YDR183W 10 257
YDR183C-A 2 33
YDR184C 7 153
YDR185C 8 291
YDR186C 34 511
YDR187C 16 154
YDR188W 30 566
YDR189W 26 198
YDR190C 10 196
YDR191W 16 445
YDR192C 6 1570
YDR193W 4 1509
YDR194C 9 74
YDR194W-A 2 7
YDR195W 16 203
YDR196C 6 49
YDR197W 4 36
YDR198C 9 293
YDR199W 3 3
YDR200C 16 298
YDR201W 6 32
YDR202C 3 105
YDR203W 1 62
YDR204W 15 205
YDR205W 29 592
YDR206W 7 232
YDR207C 38 908
YDR208W 34 853
YDR209C 4 35
YDR210W 3 33
YDR211W 19 274
YDR212W 12 248
YDR213W 19 439
YDR214W 31 917
YDR215C 38 5016
YDR216W 37 568
YDR217C 38 1506
YDR218C 11 93
YDR219C 12 137
YDR220C 8 1156
YDR221W 25 508
YDR222W 11 170
YDR223W 16 465
YDR224C 3 8
YDR225W 7 44
YDR226W 10 345
YDR227W 19 539
YDR228C 9 121
YDR229W 19 1411
YDR230W 4 134
YDR231C 16 325
YDR232W 37 580
YDR233C 17 181
YDR234W 33 1564
YDR235W 5 220
YDR236C 8 108
YDR237W 7 22
YDR238C 15 354
YDR239C 28 540
YDR240C 6 105
YDR241W 8 367
YDR242W 29 704
YDR243C 16 379
YDR244W 20 320
YDR245W 8 145
YDR246W 13 292
YDR246W-A 20 8342
YDR247W 21 391
YDR248C 9 220
YDR249C 15 283
YDR250C 13 957
YDR251W 20 306
YDR252W 3 39
YDR253C 10 194
YDR254W 15 232
YDR255C 7 75
YDR256C 28 550
YDR257C 8 109
YDR258C 34 824
YDR259C 13 207
YDR260C 30 13321
YDR261C 27 750
YDR262W 3 67
YDR263C 17 532
YDR264C 41 1162
YDR265W 3 33
YDR266C 26 313
YDR267C 13 368
YDR268W 14 120
YDR269C 1 2
YDR270W 29 890
YDR271C 8 319
YDR272W 8 57
YDR273W 5 55
YDR274C 35 3863
YDR275W 19 385
YDR276C 5 638
YDR277C 27 2614
YDR278C 11 295
YDR279W 10 57
YDR280W 9 53
YDR281C 1 11
YDR282C 20 583
YDR283C 42 768
YDR284C 14 406
YDR285W 12 352
YDR286C 4 27
YDR287W 7 114
YDR288W 2 5
YDR289C 8 62
YDR290W 3 243
YDR291W 35 2634
YDR292C 21 307
YDR293C 47 789
YDR294C 22 313
YDR295C 9 971
YDR296W 9 567
YDR297W 12 267
YDR298C 6 12
YDR299W 12 160
YDR300C 19 507
YDR301W 39 852
YDR302W 4 79
YDR303C 17 373
YDR304C 18 667
YDR305C 20 710
YDR306C 20 555
YDR307W 16 506
YDR308C 1 4
YDR309C 11 295
YDR310C 35 4803
YDR311W 20 182
YDR312W 13 328
YDR313C 12 149
YDR314C 14 319
YDR315C 11 126
YDR316W 11 415
YDR317W 13 368
YDR318W 16 390
YDR319C 10 305
YDR320C 15 272
YDR320C-A 0 0
YDR320W-B 4 25
YDR321W 9 122
YDR322W 20 410
YDR322C-A 6 40
YDR323C 29 950
YDR324C 6 33
YDR325W 19 302
YDR326C 42 1048
YDR327W 5 141
YDR328C 10 150
YDR329C 15 345
YDR330W 12 253
YDR331W 18 249
YDR332W 9 156
YDR333C 16 298
YDR334W 33 800
YDR335W 25 531
YDR336W 18 331
YDR337W 4 237
YDR338C 27 792
YDR339C 2 16
YDR340W 1 1
YDR341C 13 179
YDR342C 5 73
YDR343C 1 199
YDR344C 21 298
YDR345C 41 1153
YDR346C 19 1359
YDR347W 5 57
YDR348C 21 572
YDR349C 12 211
YDR350C 12 231
YDR351W 19 238
YDR352W 9 338
YDR353W 13 1556
YDR354W 13 531
YDR354C-A 2 37
YDR355C 5 14
YDR356W 11 241
YDR357C 5 89
YDR358W 18 605
YDR359C 13 204
YDR360W 2 7
YDR361C 13 342
YDR362C 26 732
YDR363W 19 363
YDR363W-A 1 125
YDR364C 17 419
YDR365C 11 81
YDR366C 8 182
YDR367W 5 319
YDR368W 12 469
YDR369C 28 488
YDR370C 16 810
YDR371W 24 310
YDR371C-A 1 3
YDR372C 10 706
YDR373W 8 192
YDR374C 8 80
YDR374W-A 1 1
YDR375C 17 497
YDR376W 25 321
YDR377W 7 381
YDR378C 4 38
YDR379W 49 1540
YDR379C-A 4 91
YDR380W 28 1353
YDR381W 15 251
YDR381C-A 0 0
YDR382W 2 2
YDR383C 8 162
YDR384C 22 1146
YDR385W 8 32
YDR386W 25 2501
YDR387C 16 474
YDR388W 20 446
YDR389W 20 275
YDR390C 11 108
YDR391C 17 1945
YDR392W 9 95
YDR393W 22 530
YDR394W 10 223
YDR395W 26 546
YDR396W 13 1101
YDR397C 13 1099
YDR398W 18 626
YDR399W 14 5868
YDR400W 28 1905
YDR401W 7 186
YDR402C 18 270
YDR403W 27 468
YDR404C 4 23
YDR405W 23 444
YDR406W 99 11195
YDR406W-A 0 0
YDR407C 34 642
YDR408C 8 31
YDR409W 25 947
YDR410C 19 470
YDR411C 17 642
YDR412W 0 0
YDR413C 0 0
YDR414C 24 642
YDR415C 11 115
YDR416W 22 438
YDR417C 2 68
YDR418W 2 68
YDR419W 28 551
YDR420W 27 878
YDR421W 33 831
YDR422C 34 624
YDR423C 33 1533
YDR424C 4 191
YDR425W 16 225
YDR426C 4 54
YDR427W 6 205
YDR428C 13 505
YDR429C 3 17
YDR430C 41 736
YDR431W 9 51
YDR432W 25 741
YDR433W 12 228
YDR434W 11 358
YDR435C 12 381
YDR436W 37 716
YDR437W 9 1022
YDR438W 6 67
YDR439W 2 54
YDR440W 17 239
YDR441C 8 272
YDR442W 9 452
YDR443C 43 1024
YDR444W 23 412
YDR445C 11 860
YDR446W 12 186
YDR447C 8 259
YDR448W 10 129
YDR449C 16 292
YDR450W 4 42
YDR451C 13 317
YDR452W 32 766
YDR453C 15 1896
YDR454C 0 0
YDR455C 7 336
YDR456W 25 432
YDR457W 105 2602
YDR458C 6 144
YDR459C 14 371
YDR460W 13 287
YDR461W 2 44
YDR461C-A 9 118
YDR462W 5 41
YDR463W 39 1194
YDR464W 14 165
YDR464C-A 0 0
YDR465C 12 333
YDR466W 16 351
YDR467C 6 387
YDR468C 11 581
YDR469W 7 183
YDR470C 13 316
YDR471W 5 190
YDR472W 15 354
YDR473C 16 671
YDR475C 55 1561
YDR476C 27 1202
YDR477W 24 285
YDR478W 10 378
YDR479C 15 188
YDR480W 20 431
YDR481C 20 363
YDR482C 17 1211
YDR483W 14 212
YDR484W 10 291
YDR485C 18 151
YDR486C 12 288
YDR487C 10 91
YDR488C 41 1472
YDR489W 9 147
YDR490C 38 2704
YDR491C 21 1485
YDR492W 10 104
YDR493W 5 18
YDR494W 8 393
YDR495C 13 288
YDR496C 20 306
YDR497C 40 1476
YDR498C 5 156
YDR499W 17 341
YDR500C 6 46
YDR501W 4 64
YDR502C 29 892
YDR503C 20 535
YDR504C 5 9
YDR505C 10 717
YDR506C 38 8044
YDR507C 28 678
YDR508C 37 623
YDR509W 4 64
YDR510W 5 74
YDR510C-A 2 29
YDR511W 5 19
YDR512C 31 646
YDR513W 6 138
YDR514C 15 2032
YDR515W 2 11
YDR516C 27 1137
YDR517W 26 851
YDR518W 23 476
YDR519W 1 1
YDR520C 14 248
YDR521W 3 35
YDR522C 12 473
YDR523C 22 662
YDR524C 16 150
YDR524W-C 1 2
YDR524C-B 6 69
YDR524C-A 5 239
YDR525W 17 443
YDR525W-A 11 1493
YDR526C 8 181
YDR527W 25 5474
YDR528W 17 358
YDR529C 9 79
YDR530C 24 519
YDR531W 13 216
YDR532C 4 41
YDR533C 6 61
YDR534C 10 70
YDR535C 38 1680
YDR536W 29 626
YDR537C 6 82
YDR538W 7 90
YDR539W 17 578
YDR540C 3 40
YDR541C 26 1697
YDR542W 3 100
YDR543C 13 1860
YDR544C 5 368
YDR545W 0 0
YDR545C-A 0 0
YEL077C 6 151
YEL077W-A 0 0
YEL076C-A 0 0
YEL076C 0 0
YEL075W-A 0 0
YEL075C 0 0
YEL074W 5 208
YEL073C 6 73
YEL072W 15 325
YEL071W 25 737
YEL070W 17 475
YEL069C 23 563
YEL068C 4 60
YEL067C 26 1539
YEL066W 17 375
YEL065W 34 762
YEL064C 21 179
YEL063C 9 268
YEL062W 14 330
YEL061C 20 898
YEL060C 38 1524
YEL059C-A 7 80
YEL059W 21 1136
YEL058W 22 561
YEL057C 13 297
YEL056W 25 817
YEL055C 20 443
YEL054C 5 282
YEL053W-A 4 280
YEL053C 10 78
YEL052W 7 357
YEL051W 5 39
YEL050W-A 2 163
YEL050C 10 464
YEL049W 6 442
YEL048C 1 1
YEL047C 17 369
YEL046C 19 1924
YEL045C 20 1660
YEL044W 6 81
YEL043W 31 1662
YEL042W 17 1384
YEL041W 17 995
YEL040W 29 492
YEL039C 13 218
YEL038W 23 741
YEL037C 14 353
YEL036C 19 459
YEL035C 22 3678
YEL034C-A 13 207
YEL034W 9 87
YEL033W 21 909
YEL032W 41 711
YEL032C-A 1 2
YEL031W 38 659
YEL030C-A 0 0
YEL030W 8 190
YEL029C 6 163
YEL028W 3 173
YEL027W 2 33
YEL026W 1 55
YEL025C 38 1319
YEL024W 8 116
YEL023C 20 4822
YEL022W 38 829
YEL021W 44 2355
YEL020C-B 11 41
YEL020W-A 10 38
YEL020C 25 726
YEL019C 11 1701
YEL018C-A 6 166
YEL018W 11 278
YEL017C-A 2 21
YEL017W 9 220
YEL016C 21 388
YEL015W 22 300
YEL014C 9 652
YEL013W 14 302
YEL012W 30 1551
YEL011W 44 7889
YEL010W 2 25
YEL009C-A 3 29
YEL009C 15 362
YEL008W 37 2806
YEL008C-A 7 727
YEL007W 15 163
YEL006W 24 532
YEL005C 12 169
YEL004W 19 220
YEL003W 7 49
YEL002C 34 1709
YEL001C 23 1301
YER001W 46 1437
YER002W 2 18
YER003C 19 498
YER004W 25 816
YER005W 38 1593
YER006W 15 230
YER006C-A 7 199
YER007W 11 198
YER007C-A 8 149
YER008C 17 334
YER009W 2 65
YER010C 10 878
YER011W 3 31
YER012W 1 1
YER013W 17 197
YER014W 3 30
YER014C-A 14 837
YER015W 22 579
YER016W 14 400
YER017C 35 708
YER018C 16 460
YER019W 31 800
YER019C-A 2 19
YER020W 26 830
YER021W 12 260
YER022W 20 461
YER023W 7 255
YER023C-A 3 206
YER024W 43 29934
YER025W 2 56
YER026C 5 27
YER027C 10 199
YER028C 14 4589
YER029C 1 13
YER030W 1 1
YER031C 8 135
YER032W 25 370
YER033C 25 327
YER034W 19 801
YER035W 20 405
YER036C 28 1010
YER037W 14 213
YER038C 11 93
YER038W-A 3 25
YER039C 7 222
YER039C-A 4 20
YER040W 13 193
YER041W 22 516
YER042W 12 2065
YER043C 22 591
YER044C 7 191
YER044C-A 25 435
YER045C 20 492
YER046W 13 231
YER046W-A 3 15
YER047C 24 669
YER048C 10 85
YER048W-A 3 952
YER049W 18 260
YER050C 5 213
YER051W 21 568
YER052C 12 109
YER053C 16 913
YER053C-A 1 11
YER054C 35 1453
YER055C 18 258
YER056C 25 431
YER056C-A 4 56
YER057C 12 1110
YER058W 11 110
YER059W 9 236
YER060W 16 397
YER060W-A 14 445
YER061C 21 334
YER062C 6 266
YER063W 12 847
YER064C 10 218
YER065C 46 3538
YER066W 8 282
YER066C-A 8 201
YER067W 11 59
YER067C-A 9 42
YER068W 16 563
YER068C-A 14 2719
YER069W 46 1180
YER070W 31 1351
YER071C 0 0
YER072W 10 263
YER073W 21 312
YER074W 3 100
YER074W-A 5 26
YER075C 26 614
YER076C 8 372
YER076W-A 6 376
YER077C 9 157
YER078C 22 559
YER078W-A 9 513
YER079W 14 423
YER079C-A 3 35
YER080W 23 634
YER081W 44 2458
YER082C 6 93
YER083C 7 39
YER084W 11 292
YER084W-A 4 132
YER085C 4 132
YER086W 21 482
YER087W 17 263
YER087C-A 7 45
YER087C-B 1 4
YER088C 38 1853
YER088C-A 27 81631
YER088W-B 6 35
YER089C 41 1647
YER090W 13 161
YER090C-A 0 0
YER091C 13 192
YER091C-A 15 1084
YER092W 11 168
YER093C 29 3504
YER093C-A 8 192
YER094C 3 47
YER095W 11 218
YER096W 7 24
YER097W 7 34
YER098W 18 529
YER099C 15 103
YER100W 4 77
YER101C 21 1433
YER102W 3 5
YER103W 15 793
YER104W 15 246
YER105C 28 960
YER106W 4 57
YER107C 10 178
YER107W-A 6 91
YER109C 10 103
YER110C 21 363
YER111C 27 461
YER112W 0 0
YER113C 26 716
YER114C 36 1027
YER115C 6 138
YER116C 10 325
YER117W 1 1
YER118C 8 89
YER119C 34 833
YER119C-A 10 215
YER120W 9 182
YER121W 5 1196
YER122C 11 245
YER123W 21 218
YER124C 10 201
YER125W 26 761
YER126C 4 80
YER127W 6 46
YER128W 8 243
YER129W 52 1892
YER130C 19 1134
YER131W 3 18
YER132C 69 1238
YER133W 8 65
YER133W-A 2 40
YER134C 6 228
YER135C 4 77
YER136W 17 276
YER137C 9 233
YER137W-A 8 165
YER138W-A 0 0
YER139C 5 61
YER140W 26 5773
YER141W 16 409
YER142C 11 115
YER143W 20 675
YER144C 52 9897
YER145C 51 3110
YER145C-A 12 261
YER146W 9 203
YER147C 53 1593
YER147C-A 1 123
YER148W 4 133
YER148W-A 6 87
YER149C 14 270
YER150W 7 208
YER151C 27 639
YER152C 27 1284
YER152W-A 9 228
YER153C 18 517
YER154W 25 579
YER155C 54 1595
YER156C 14 528
YER157W 13 279
YER158C 18 404
YER158W-A 8 493
YER159C 14 573
YER161C 6 138
YER162C 11 84
YER163C 16 374
YER164W 28 974
YER165W 9 107
YER165C-A 1 1
YER166W 69 2197
YER167W 35 1725
YER168C 13 439
YER169W 28 1075
YER170W 9 302
YER171W 23 837
YER172C 40 823
YER172C-A 3 14
YER173W 23 512
YER174C 11 202
YER175C 20 437
YER175W-A 1 1
YER176W 89 4767
YER177W 9 51
YER178W 19 496
YER179W 19 652
YER180C 4 48
YER180C-A 2 53
YER181C 3 53
YER182W 3 46
YER183C 18 3842
YER184C 16 1163
YER185W 8 185
YER186C 22 498
YER187W 6 90
YER188W 12 226
YER188C-A 11 2068
YER189W 0 0
YER190W 1 16
YER190C-A 0 0
YER190C-B 0 0
YFL068W 0 0
YFL067W 0 0
YFL066C 0 0
YFL065C 0 0
YFL064C 0 0
YFL063W 6 80
YFL062W 1 12
YFL061W 1 22
YFL060C 4 31
YFL059W 2 334
YFL058W 2 5
YFL057C 4 110
YFL056C 4 31
YFL055W 23 917
YFL054C 21 2381
YFL053W 21 829
YFL052W 28 2438
YFL051C 9 296
YFL050C 20 352
YFL049W 14 2178
YFL048C 20 403
YFL047W 26 753
YFL046W 16 385
YFL045C 2 3
YFL044C 11 134
YFL042C 26 725
YFL041W-A 2 3
YFL041W 25 695
YFL040W 15 677
YFL039C 11 250
YFL038C 17 500
YFL037W 18 639
YFL036W 21 603
YFL034C-B 13 412
YFL034C-A 15 360
YFL034W 31 798
YFL033C 73 2454
YFL032W 15 474
YFL031W 13 79
YFL031C-A 1 1
YFL030W 28 561
YFL029C 9 274
YFL028C 13 433
YFL027C 9 105
YFL026W 9 69
YFL025C 17 375
YFL024C 46 1299
YFL023W 19 1146
YFL022C 15 395
YFL021C-A 38 1362
YFL021W 32 730
YFL020C 1 222
YFL019C 0 0
YFL018C 8 144
YFL017W-A 4 449
YFL017C 10 124
YFL016C 29 441
YFL015W-A 12 269
YFL015C 26 1085
YFL014W 5 147
YFL013W-A 20 613
YFL013C 26 973
YFL012W-A 18 380
YFL012W 4 70
YFL011W 12 470
YFL010W-A 0 0
YFL010C 2 12
YFL009W 17 362
YFL008W 21 438
YFL007W 74 1558
YFL005W 9 126
YFL004W 20 2451
YFL003C 56 1495
YFL002C 31 650
YFL001W 44 792
YFR001W 3 45
YFR002W 23 707
YFR003C 9 165
YFR004W 5 22
YFR005C 11 360
YFR006W 32 1103
YFR007W 20 853
YFR008W 1 2
YFR009W 20 595
YFR009W-A 0 0
YFR010W 25 1275
YFR010W-A 1 1
YFR011C 5 141
YFR012W 6 145
YFR012W-A 1 21
YFR013W 23 627
YFR014C 20 501
YFR015C 32 692
YFR016C 40 5508
YFR017C 29 1323
YFR018C 62 6089
YFR019W 52 968
YFR020W 4 37
YFR021W 27 771
YFR022W 30 1354
YFR023W 11 160
YFR024C-A 19 987
YFR025C 34 2789
YFR026C 12 123
YFR027W 10 168
YFR028C 13 431
YFR029W 25 859
YFR030W 23 619
YFR031C 22 834
YFR031C-A 5 123
YFR032C 13 180
YFR032C-A 4 47
YFR032C-B 5 211
YFR033C 21 566
YFR034C 51 8287
YFR034W-A 22 13155
YFR035C 26 13397
YFR036W 10 223
YFR036W-A 11 357
YFR037C 19 478
YFR038W 9 638
YFR039C 11 172
YFR040W 27 532
YFR041C 13 986
YFR042W 4 27
YFR043C 10 218
YFR044C 16 649
YFR045W 10 558
YFR046C 7 176
YFR047C 12 402
YFR048W 34 1552
YFR049W 7 62
YFR050C 11 366
YFR051C 31 811
YFR052W 9 111
YFR052C-A 4 7
YFR053C 40 3974
YFR054C 1 35
YFR056C 15 1519
YFR055W 21 542
YFR057W 1 12
YGL263W 12 321
YGL262W 4 42
YGL261C 4 289
YGL260W 2 4
YGL259W 3 26
YGL258W-A 0 0
YGL258W 2 23
YGL257C 15 228
YGL256W 11 263
YGL255W 17 259
YGL254W 24 580
YGL253W 20 537
YGL252C 22 1966
YGL251C 42 1542
YGL250W 9 951
YGL249W 29 1241
YGL248W 18 220
YGL247W 7 52
YGL246C 14 428
YGL245W 28 667
YGL244W 11 525
YGL243W 9 523
YGL242C 10 194
YGL241W 24 535
YGL240W 5 30
YGL239C 7 367
YGL238W 21 624
YGL237C 10 251
YGL236C 35 712
YGL235W 13 242
YGL234W 35 1259
YGL233W 14 199
YGL232W 9 292
YGL231C 7 85
YGL230C 1 6
YGL229C 32 2071
YGL228W 14 317
YGL227W 29 811
YGL226C-A 2 3
YGL226W 5 202
YGL225W 21 895
YGL224C 19 518
YGL223C 15 259
YGL222C 2 19
YGL221C 9 222
YGL220W 8 172
YGL219C 10 648
YGL218W 5 407
YGL217C 5 26
YGL216W 43 1395
YGL215W 7 624
YGL214W 4 37
YGL213C 10 167
YGL212W 7 47
YGL211W 11 318
YGL210W 11 220
YGL209W 19 385
YGL208W 46 2138
YGL207W 27 1848
YGL206C 47 1442
YGL205W 29 588
YGL204C 4 78
YGL203C 35 934
YGL202W 19 901
YGL201C 34 1272
YGL200C 14 525
YGL199C 10 147
YGL198W 14 162
YGL197W 25 425
YGL196W 21 908
YGL195W 66 1211
YGL194C-A 6 81
YGL194C 8 57
YGL193C 8 169
YGL192W 23 311
YGL191W 7 49
YGL190C 28 588
YGL189C 9 130
YGL188C-A 0 0
YGL188C 6 131
YGL187C 19 728
YGL186C 24 425
YGL185C 20 732
YGL184C 20 218
YGL183C 10 338
YGL182C 10 35
YGL181W 11 387
YGL180W 26 1219
YGL179C 12 645
YGL178W 70 5229
YGL177W 25 1249
YGL176C 12 426
YGL175C 6 528
YGL174W 13 850
YGL173C 40 1476
YGL172W 10 116
YGL171W 8 96
YGL170C 3 21
YGL169W 15 407
YGL168W 5 22
YGL167C 20 234
YGL166W 11 90
YGL165C 22 1959
YGL164C 10 250
YGL163C 28 452
YGL162W 15 158
YGL161C 16 530
YGL160W 15 396
YGL159W 5 12
YGL158W 22 1398
YGL157W 17 1272
YGL156W 41 1423
YGL155W 13 575
YGL154C 9 292
YGL153W 10 222
YGL152C 15 2189
YGL151W 23 508
YGL150C 27 743
YGL149W 14 121
YGL148W 33 1357
YGL147C 13 171
YGL146C 19 410
YGL145W 22 477
YGL144C 17 271
YGL143C 15 287
YGL142C 9 128
YGL141W 38 1502
YGL140C 19 438
YGL139W 21 732
YGL138C 8 131
YGL137W 21 351
YGL136C 16 803
YGL135W 1 1
YGL134W 17 249
YGL133W 34 1364
YGL132W 2 149
YGL131C 29 400
YGL130W 7 73
YGL129C 6 56
YGL128C 6 25
YGL127C 9 288
YGL126W 88 39150
YGL125W 56 6903
YGL124C 18 402
YGL123W 4 53
YGL123C-A 0 0
YGL122C 12 177
YGL121C 9 51162
YGL120C 27 647
YGL119W 11 143
YGL118C 15 562
YGL117W 20 517
YGL116W 36 797
YGL115W 16 368
YGL114W 18 435
YGL113W 11 121
YGL112C 5 16
YGL111W 11 305
YGL110C 25 331
YGL109W 9 260
YGL108C 6 43
YGL107C 20 244
YGL106W 4 12
YGL105W 16 311
YGL104C 22 428
YGL103W 15 329
YGL102C 9 257
YGL101W 4 71
YGL100W 8 190
YGL099W 9 214
YGL098W 2 27
YGL097W 20 339
YGL096W 13 492
YGL095C 12 207
YGL094C 39 1248
YGL093W 25 2474
YGL092W 19 280
YGL091C 14 1034
YGL090W 9 408
YGL089C 3 96
YGL088W 14 258
YGL087C 11 539
YGL086W 28 521
YGL085W 16 483
YGL084C 15 319
YGL083W 25 386
YGL082W 19 281
YGL081W 16 864
YGL080W 7 214
YGL079W 8 168
YGL078C 8 304
YGL077C 19 943
YGL076C 2 4
YGL075C 6 1072
YGL074C 12 395
YGL073W 51 1065
YGL072C 23 534
YGL071W 26 426
YGL070C 7 173
YGL069C 4 144
YGL068W 4 144
YGL067W 13 250
YGL066W 17 394
YGL065C 6 116
YGL064C 23 473
YGL063W 78 7574
YGL063C-A 12 440
YGL062W 61 1504
YGL061C 13 127
YGL060W 22 369
YGL059W 19 1049
YGL058W 10 177
YGL057C 15 374
YGL056C 20 105
YGL055W 28 1167
YGL054C 11 227
YGL053W 3 9
YGL052W 3 103
YGL051W 5 117
YGL050W 11 94
YGL049C 21 789
YGL048C 5 63
YGL047W 10 494
YGL045W 34 1540
YGL044C 9 109
YGL043W 15 203
YGL042C 2 17
YGL041C-B 7 198
YGL041W-A 9 210
YGL041C 5 86
YGL040C 8 115
YGL039W 14 178
YGL038C 15 237
YGL037C 4 225
YGL036W 25 355
YGL035C 17 377
YGL034C 6 53
YGL033W 8 64
YGL032C 1 14
YGL031C 3 51
YGL030W 1 2
YGL029W 2 4
YGL028C 9 20
YGL027C 15 335
YGL026C 26 516
YGL025C 12 188
YGL024W 5 29
YGL023C 17 362
YGL022W 37 785
YGL021W 17 462
YGL020C 0 0
YGL019W 4 102
YGL018C 4 152
YGL017W 7 42
YGL016W 22 254
YGL015C 6 25
YGL014W 25 706
YGL014C-A 2 64
YGL013C 21 786
YGL012W 33 1183
YGL011C 6 143
YGL010W 7 245
YGL009C 31 1373
YGL008C 41 1331
YGL007C-A 2 30
YGL007W 14 6711
YGL006W-A 9 661
YGL006W 37 510
YGL005C 18 446
YGL004C 36 1202
YGL003C 44 2267
YGL002W 14 1281
YGL001C 43 2516
YGR001C 16 837
YGR002C 24 950
YGR003W 27 368
YGR004W 21 832
YGR005C 11 263
YGR006W 13 590
YGR007W 20 766
YGR008C 11 337
YGR009C 14 106
YGR010W 16 328
YGR011W 5 35
YGR012W 20 1178
YGR013W 43 1158
YGR014W 29 1463
YGR015C 19 305
YGR016W 12 430
YGR017W 8 111
YGR018C 3 3
YGR019W 44 2104
YGR020C 2 24
YGR021W 16 246
YGR022C 1 47
YGR023W 13 351
YGR024C 3 14
YGR025W 19 4487
YGR026W 15 664
YGR027C 4 13
YGR028W 10 384
YGR029W 9 185
YGR030C 8 238
YGR031W 60 5303
YGR031C-A 29 643
YGR032W 69 1270
YGR033C 9 108
YGR034W 3 361
YGR035C 4 262
YGR035W-A 8 82
YGR036C 13 332
YGR037C 1 9
YGR038W 13 190
YGR039W 9 127
YGR040W 28 297
YGR041W 34 850
YGR042W 6 68
YGR043C 18 421
YGR044C 8 240
YGR045C 21 1903
YGR046W 7 313
YGR047C 25 668
YGR048W 14 267
YGR049W 18 327
YGR050C 23 1141
YGR051C 25 1685
YGR052W 22 667
YGR053C 5 76
YGR054W 12 212
YGR055W 15 418
YGR056W 17 751
YGR057C 4 39
YGR058W 7 165
YGR059W 7 50
YGR060W 16 128
YGR061C 37 1353
YGR062C 5 66
YGR063C 5 229
YGR064W 8 142
YGR065C 14 93
YGR066C 4 177
YGR067C 33 506
YGR068C 88 7018
YGR068W-A 2 6
YGR069W 19 291
YGR070W 39 1786
YGR071C 16 1099
YGR072W 4 79
YGR073C 5 199
YGR074W 5 199
YGR075C 0 0
YGR076C 7 189
YGR077C 18 437
YGR078C 3 19
YGR079W 29 1225
YGR080W 13 501
YGR081C 7 65
YGR082W 5 203
YGR083C 15 372
YGR084C 12 250
YGR085C 2 69
YGR086C 17 270
YGR087C 57 1678
YGR088W 17 667
YGR089W 20 529
YGR090W 19 464
YGR091W 15 161
YGR092W 16 335
YGR093W 21 1159
YGR094W 28 577
YGR095C 8 240
YGR096W 26 1007
YGR097W 41 1624
YGR098C 12 120
YGR099W 19 697
YGR100W 33 618
YGR101W 11 340
YGR102C 2 58
YGR103W 5 373
YGR104C 9 158
YGR105W 2 5
YGR106C 10 267
YGR107W 30 3968
YGR108W 7 61
YGR109C 17 358
YGR110W 8 236
YGR111W 15 342
YGR112W 11 168
YGR113W 7 84
YGR114C 1 2
YGR115C 3 64
YGR116W 28 622
YGR117C 3 54
YGR118W 4 20
YGR119C 14 569
YGR120C 4 38
YGR121C 49 1272
YGR121W-A 21 12717
YGR122W 20 933
YGR122C-A 0 0
YGR123C 18 676
YGR124W 28 1656
YGR125W 27 1153
YGR126W 7 91
YGR127W 17 883
YGR128C 3 9
YGR129W 14 358
YGR130C 24 4746
YGR131W 5 421
YGR132C 8 288
YGR133W 11 161
YGR134W 28 1248
YGR135W 6 263
YGR136W 10 236
YGR137W 1 30
YGR138C 22 353
YGR139W 5 19
YGR140W 27 502
YGR141W 31 481
YGR142W 10 195
YGR143W 26 709
YGR144W 16 439
YGR145W 14 253
YGR146C 8 65
YGR146C-A 7 259
YGR147C 15 266
YGR148C 9 296
YGR149W 11 166
YGR150C 10 101
YGR151C 0 0
YGR152C 7 98
YGR153W 9 171
YGR154C 12 370
YGR155W 12 189
YGR156W 15 679
YGR157W 22 8001
YGR158C 11 70
YGR159C 10 326
YGR160W 1 17
YGR161C 18 621
YGR161W-C 8 227
YGR162W 28 618
YGR163W 7 278
YGR164W 11 1885
YGR165W 4 147
YGR166W 17 150
YGR167W 7 424
YGR168C 15 165
YGR169C 13 224
YGR169C-A 1 1
YGR170W 37 956
YGR171C 14 195
YGR172C 4 213
YGR173W 5 58
YGR174C 10 132
YGR174W-A 2 3
YGR175C 20 883
YGR176W 21 2322
YGR177C 52 5274
YGR178C 35 3113
YGR179C 12 531
YGR180C 18 224
YGR181W 17 343
YGR182C 16 333
YGR183C 5 44
YGR184C 56 1123
YGR185C 12 455
YGR186W 10 197
YGR187C 3 10
YGR188C 18 338
YGR189C 7 65
YGR190C 5 1052
YGR191W 15 440
YGR192C 20 120
YGR193C 7 2358
YGR194C 18 355
YGR195W 10 533
YGR196C 15 285
YGR197C 32 1091
YGR198W 24 518
YGR199W 33 1411
YGR200C 25 441
YGR201C 20 381
YGR202C 18 465
YGR203W 35 1470
YGR204W 58 1870
YGR204C-A 0 0
YGR205W 9 441
YGR206W 4 160
YGR207C 7 141
YGR208W 15 713
YGR209C 6 3449
YGR210C 41 1689
YGR211W 18 243
YGR212W 14 424
YGR213C 12 149
YGR214W 9 165
YGR215W 2 67
YGR216C 14 220
YGR217W 39 939
YGR218W 15 284
YGR219W 6 17
YGR220C 12 351
YGR221C 24 527
YGR222W 16 161
YGR223C 14 280
YGR224W 17 343
YGR225W 15 195
YGR226C 0 0
YGR227W 10 210
YGR228W 3 24
YGR229C 14 224
YGR230W 15 196
YGR231C 7 276
YGR232W 9 51
YGR233C 30 659
YGR234W 7 140
YGR235C 5 60
YGR236C 17 306
YGR237C 29 768
YGR238C 40 3555
YGR239C 28 1282
YGR240C 34 553
YGR240C-A 11 338
YGR241C 19 1198
YGR242W 0 0
YGR243W 6 82
YGR244C 43 1971
YGR245C 31 1246
YGR246C 11 222
YGR247W 9 210
YGR248W 17 678
YGR249W 17 486
YGR250C 33 806
YGR251W 9 136
YGR252W 19 1021
YGR253C 13 523
YGR254W 17 1228
YGR255C 19 240
YGR256W 24 362
YGR257C 22 429
YGR258C 28 536
YGR259C 4 106
YGR260W 18 845
YGR261C 28 875
YGR262C 11 679
YGR263C 19 367
YGR264C 11 127
YGR265W 8 154
YGR266W 24 352
YGR267C 10 1776
YGR268C 17 550
YGR269W 15 1057
YGR270W 42 1074
YGR270C-A 5 403
YGR271W 71 2168
YGR271C-A 4 185
YGR273C 0 0
YGR274C 16 643
YGR275W 5 531
YGR276C 15 153
YGR277C 8 104
YGR278W 16 230
YGR279C 16 644
YGR280C 16 597
YGR281W 53 1286
YGR282C 13 877
YGR283C 7 92
YGR284C 14 421
YGR285C 14 266
YGR286C 26 1138
YGR287C 25 747
YGR288W 12 155
YGR289C 17 167
YGR290W 2 16
YGR291C 8 225
YGR292W 3 198
YGR293C 0 0
YGR294W 0 0
YGR295C 6 52
YGR296W 0 0
YGR296C-A 0 0
YGR296C-B 0 0
YHL050C 3 18
YHL050W-A 3 18
YHL049C 0 0
YHL048C-A 3 19
YHL048W 6 30
YHL047C 18 375
YHL046W-A 2 31
YHL046C 0 0
YHL045W 13 469
YHL044W 13 201
YHL043W 3 127
YHL042W 19 1044
YHL041W 18 1297
YHL040C 26 814
YHL039W 9 310
YHL038C 13 175
YHL037C 16 2688
YHL036W 35 1412
YHL035C 58 1355
YHL034W-A 3 8
YHL034C 6 59
YHL033C 7 192
YHL032C 49 26176
YHL031C 17 434
YHL030W-A 12 298
YHL030W 55 1864
YHL029C 31 611
YHL028W 28 553
YHL027W 39 2615
YHL026C 21 936
YHL025W 48 3106
YHL024W 48 1242
YHL023C 28 372
YHL022C 8 304
YHL021C 32 984
YHL020C 26 5127
YHL019W-A 9 1134
YHL019C 13 815
YHL018W 7 51
YHL017W 16 111
YHL016C 25 479
YHL015W-A 5 262
YHL015W 0 0
YHL014C 25 2159
YHL013C 9 85
YHL012W 17 1252
YHL011C 10 327
YHL010C 28 502
YHL009C 15 3149
YHL008C 9 94
YHL007C 37 1542
YHL006W-A 12 279
YHL006C 30 9730
YHL005C 29 4233
YHL004W 15 362
YHL003C 14 834
YHL002C-A 13 638
YHL002W 39 1166
YHL001W 6 109
YHR001W 51 32679
YHR001W-A 11 1284
YHR002W 32 802
YHR003C 28 667
YHR004C 24 678
YHR005C 10 199
YHR005C-A 5 55
YHR006W 12 500
YHR007C 9 150
YHR007C-A 19 2682
YHR008C 12 387
YHR009C 23 547
YHR010W 3 11
YHR011W 9 156
YHR012W 6 163
YHR013C 6 208
YHR014W 2 77
YHR015W 8 146
YHR016C 15 375
YHR017W 17 1360
YHR018C 13 245
YHR019C 17 329
YHR020W 21 281
YHR021C 5 15
YHR021W-A 2 7
YHR022C 10 523
YHR022C-A 5 324
YHR023W 48 1338
YHR024C 12 122
YHR025W 10 84
YHR026W 6 69
YHR027C 22 126
YHR028C 21 703
YHR028W-A 6 80
YHR029C 14 312
YHR030C 17 637
YHR031C 29 23473
YHR032W 54 1623
YHR032W-A 7 144
YHR032C-A 7 221
YHR033W 50 2905
YHR034C 31 735
YHR035W 26 632
YHR036W 18 368
YHR037W 19 1099
YHR038W 4 52
YHR039C 17 344
YHR039C-A 4 11
YHR040W 20 425
YHR041C 14 245
YHR042W 13 487
YHR043C 8 159
YHR044C 11 202
YHR045W 14 338
YHR046C 20 988
YHR047C 26 933
YHR048W 29 818
YHR049W 17 523
YHR049C-A 11 108
YHR050W 42 5110
YHR050W-A 5 56
YHR051W 2 8
YHR052W 9 106
YHR052W-A 0 0
YHR053C 0 0
YHR054C 0 0
YHR054W-A 0 0
YHR055C 0 0
YHR056C 35 4547
YHR056W-A 19 4151
YHR057C 15 380
YHR058C 7 330
YHR059W 3 140
YHR060W 6 65
YHR061C 14 1165
YHR062C 11 100
YHR063C 10 98
YHR063W-A 0 0
YHR064C 6 228
YHR065C 22 309
YHR066W 9 190
YHR067W 18 535
YHR068W 13 327
YHR069C 12 434
YHR069C-A 3 40
YHR070W 34 3656
YHR070C-A 26 3950
YHR071W 24 641
YHR071C-A 10 398
YHR072W 32 754
YHR072W-A 1 4
YHR073W 28 445
YHR073W-A 2 28
YHR073C-B 0 0
YHR074W 21 656
YHR075C 8 233
YHR076W 9 365
YHR077C 22 607
YHR078W 11 191
YHR079C 28 670
YHR079C-A 0 0
YHR080C 55 606
YHR081W 2 22
YHR082C 37 1175
YHR083W 20 537
YHR084W 26 606
YHR085W 8 431
YHR086W 20 287
YHR086W-A 8 227
YHR087W 17 395
YHR088W 4 22
YHR089C 6 112
YHR090C 6 177
YHR091C 25 330
YHR092C 18 315
YHR093W 4 39
YHR094C 16 258
YHR095W 7 876
YHR096C 28 789
YHR097C 21 589
YHR098C 29 358
YHR099W 74 1894
YHR100C 4 78
YHR101C 6 146
YHR102W 20 376
YHR103W 21 582
YHR104W 7 93
YHR105W 8 265
YHR106W 8 4065
YHR107C 7 156
YHR108W 17 484
YHR109W 14 218
YHR110W 0 0
YHR111W 3 80
YHR112C 16 228
YHR113W 20 674
YHR114W 25 515
YHR115C 27 2280
YHR116W 13 790
YHR117W 25 514
YHR118C 12 185
YHR119W 31 329
YHR120W 20 384
YHR121W 4 279
YHR122W 9 193
YHR123W 14 221
YHR124W 20 2307
YHR125W 2 30
YHR126C 15 470
YHR127W 7 194
YHR128W 13 192
YHR129C 17 181
YHR130C 3 25
YHR131C 28 803
YHR131W-A 4 82
YHR132C 30 700
YHR132W-A 8 172
YHR133C 9 107
YHR134W 8 58
YHR135C 26 2389
YHR136C 13 356
YHR137W 9 377
YHR137C-A 8 356
YHR138C 7 154
YHR139C 8 260
YHR139C-A 12 234
YHR140W 16 576
YHR141C 3 25
YHR142W 15 1002
YHR143W 6 466
YHR143W-A 0 0
YHR144C 8 298
YHR145C 3 5
YHR146W 6 63
YHR147C 5 286
YHR148W 8 488
YHR149C 23 393
YHR150W 23 661
YHR151C 13 386
YHR152W 10 50
YHR153C 5 68
YHR154W 34 523
YHR155W 25 853
YHR156C 29 426
YHR157W 7 56
YHR158C 32 900
YHR159W 18 578
YHR160C 7 372
YHR161C 40 1710
YHR162W 0 0
YHR163W 5 93
YHR164C 30 425
YHR165C 54 999
YHR165W-A 4 84
YHR166C 19 3112
YHR167W 8 174
YHR168W 14 1179
YHR169W 19 470
YHR170W 15 248
YHR171W 18 365
YHR172W 26 1391
YHR173C 14 810
YHR174W 17 812
YHR175W 16 1123
YHR175W-A 3 5
YHR176W 23 1121
YHR177W 18 382
YHR178W 24 585
YHR179W 11 234
YHR180W 10 158
YHR180W-A 4 127
YHR180C-B 3 39
YHR181W 5 29
YHR182W 35 932
YHR182C-A 4 206
YHR183W 18 539
YHR184W 9 149
YHR185C 6 69
YHR186C 37 946
YHR187W 0 0
YHR188C 18 525
YHR189W 11 194
YHR190W 23 499
YHR191C 3 42
YHR192W 7 397
YHR193C 6 380
YHR193C-A 8 1170
YHR194W 32 1432
YHR195W 19 280
YHR196W 14 321
YHR197W 5 18
YHR198C 14 127
YHR199C 12 520
YHR199C-A 5 229
YHR200W 18 352
YHR201C 6 72
YHR202W 23 508
YHR203C 4 245
YHR204W 39 2378
YHR205W 14 241
YHR206W 13 352
YHR207C 24 538
YHR208W 18 217
YHR209W 5 1467
YHR210C 14 618
YHR211W 26 412
YHR212C 0 0
YHR212W-A 0 0
YHR213W 0 0
YHR213W-A 0 0
YHR213W-B 9 162
YHR214W 1 6
YHR214W-A 0 0
YHR214C-D 0 0
YHR214C-E 3 32
YHR215W 2 25
YHR216W 17 789
YHR217C 13 149
YHR218W 0 0
YHR218W-A 0 0
YHR219W 0 0
YHR219C-A 0 0
YIL177C 0 0
YIL177W-A 0 0
YIL176C 0 0
YIL173W 0 0
YIL172C 0 0
YIL171W-A 0 0
YIL169C 12 275
YIL166C 9 562
YIL165C 7 149
YIL164C 14 143
YIL163C 15 325
YIL162W 42 2219
YIL161W 5 64
YIL160C 9 299
YIL159W 51 1145
YIL158W 8 1493
YIL157C 14 336
YIL156W-A 12 368
YIL156W-B 7 145
YIL156W 30 904
YIL155C 56 1738
YIL154C 51 2736
YIL153W 22 345
YIL152W 23 368
YIL151C 26 300
YIL150C 16 155
YIL149C 34 1197
YIL148W 1 4
YIL147C 15 464
YIL146C 6 105
YIL145C 5 188
YIL144W 10 490
YIL143C 25 1113
YIL142C-A 2 3
YIL142W 32 956
YIL141W 2 6
YIL140W 20 397
YIL139C 15 259
YIL138C 5 243
YIL137C 37 823
YIL136W 15 256
YIL135C 19 433
YIL134C-A 8 96
YIL134W 17 341
YIL133C 5 46
YIL132C 17 1099
YIL131C 30 2231
YIL130W 30 548
YIL129C 55 761
YIL128W 17 748
YIL127C 3 10
YIL126W 22 524
YIL125W 52 1866
YIL124W 10 80
YIL123W 30 991
YIL122W 17 634
YIL121W 28 1423
YIL120W 39 1717
YIL119C 8 290
YIL118W 10 255
YIL117C 17 360
YIL116W 10 250
YIL115W-A 3 16
YIL115C 35 786
YIL114C 4 458
YIL113W 13 1119
YIL112W 36 3236
YIL111W 6 307
YIL110W 15 437
YIL109C 35 804
YIL108W 37 890
YIL107C 19 596
YIL106W 13 186
YIL105C 34 663
YIL105W-A 2 89
YIL104C 18 587
YIL103W 10 228
YIL102C-A 7 80
YIL102C 0 0
YIL101C 36 1781
YIL100C-A 24 973
YIL100W 24 1012
YIL099W 24 367
YIL098C 5 282
YIL097W 15 391
YIL096C 9 168
YIL095W 24 309
YIL094C 10 177
YIL093C 17 551
YIL092W 30 1009
YIL091C 28 644
YIL090W 5 172
YIL089W 9 98
YIL088C 19 300
YIL087C 4 177
YIL086C 12 462
YIL085C 23 517
YIL084C 12 235
YIL083C 7 275
YIL082W 8 94
YIL079C 12 282
YIL078W 22 390
YIL077C 34 1158
YIL076W 4 118
YIL075C 27 410
YIL074C 34 884
YIL073C 25 820
YIL072W 13 206
YIL071W-A 2 20
YIL071C 7 1791
YIL070C 3 7
YIL069C 5 38
YIL068W-A 7 106
YIL068C 24 502
YIL067C 31 665
YIL066W-A 6 69
YIL066C 16 161
YIL065C 14 479
YIL064W 16 281
YIL063C 20 460
YIL062C 6 128
YIL061C 11 108
YIL060W 4 191
YIL059C 4 191
YIL058W 7 747
YIL057C 12 281
YIL056W 20 592
YIL055C 30 454
YIL054W 27 2067
YIL053W 18 784
YIL052C 0 0
YIL051C 11 898
YIL050W 8 207
YIL049W 10 310
YIL048W 28 435
YIL047C-A 7 39
YIL047C 50 1065
YIL046W-A 18 1903
YIL046W 36 526
YIL045W 18 312
YIL044C 8 163
YIL043C 16 549
YIL042C 21 293
YIL041W 10 268
YIL040W 3 49
YIL039W 19 355
YIL038C 12 189
YIL037C 15 546
YIL036W 21 387
YIL035C 17 476
YIL034C 13 177
YIL033C 16 725
YIL032C 4 106
YIL031W 18 523
YIL030W-A 3 41
YIL030C 39 1017
YIL029W-A 8 363
YIL029C 4 28
YIL028W 2 8
YIL027C 9 157
YIL026C 22 516
YIL025C 2 46
YIL024C 4 15
YIL023C 16 444
YIL022W 11 150
YIL021W 13 273
YIL021C-A 0 0
YIL020C-A 6 124
YIL020C 10 146
YIL019W 8 315
YIL018W 2 5
YIL017C 33 942
YIL016W 1 8
YIL015W 23 1007
YIL014C-A 2 4
YIL014W 13 268
YIL013C 28 905
YIL012W 17 2781
YIL011W 11 368
YIL010W 6 31
YIL009C-A 9 432
YIL009W 27 10458
YIL008W 2 5
YIL007C 15 416
YIL006W 12 505
YIL005W 23 588
YIL004C 8 70
YIL003W 21 441
YIL002W-A 7 109
YIL002C 58 8078
YIL001W 62 2772
YIR001C 27 1834
YIR002C 55 2377
YIR003W 26 434
YIR004W 8 133
YIR005W 12 203
YIR006C 34 1322
YIR007W 13 144
YIR008C 6 183
YIR009W 1 27
YIR010W 17 447
YIR011C 4 56
YIR012W 17 187
YIR013C 12 424
YIR014W 13 276
YIR015W 21 5798
YIR016W 12 283
YIR017C 29 1974
YIR017W-A 31 2091
YIR018W 11 802
YIR018C-A 5 127
YIR019C 22 978
YIR020C 6 110
YIR020W-A 7 795
YIR020C-B 7 68
YIR021W 12 97
YIR021W-A 10 1898
YIR022W 2 50
YIR023W 21 431
YIR023C-A 1 4
YIR024C 3 48
YIR025W 11 274
YIR026C 12 384
YIR027C 11 168
YIR028W 25 559
YIR029W 7 127
YIR030C 3 38
YIR030W-A 5 183
YIR031C 17 392
YIR032C 6 90
YIR033W 17 202
YIR034C 19 535
YIR035C 11 233
YIR036C 12 97
YIR036W-A 11 205
YIR037W 3 50
YIR038C 8 1257
YIR039C 9 108
YIR040C 3 84
YIR041W 3 14
YIR042C 11 619
YJL225C 0 0
YJL225W-A 0 0
YJL223C 0 0
YJL222W-B 0 0
YJL222W-A 0 0
YJL222W 0 0
YJL221C 0 0
YJL220W 0 0
YJL219W 8 1304
YJL218W 5 45
YJL217W 9 152
YJL216C 20 726
YJL215C 7 44
YJL214W 16 940
YJL213W 11 168
YJL212C 31 696
YJL211C 28 583
YJL210W 30 624
YJL209W 30 1032
YJL208C 14 298
YJL207C 65 3563
YJL206C 27 694
YJL205C 10 393
YJL204C 14 204
YJL203W 2 78
YJL202C 9 221
YJL201W 24 352
YJL200C 39 1301
YJL199C 4 48
YJL198W 21 556
YJL197W 41 2586
YJL197C-A 1 3
YJL196C 19 535
YJL195C 7 139
YJL194W 15 218
YJL193W 5 206
YJL192C 8 346
YJL191W 25 1766
YJL190C 3 166
YJL189W 3 176
YJL188C 3 176
YJL187C 31 1151
YJL186W 28 512
YJL185C 8 151
YJL184W 6 92
YJL183W 33 1293
YJL182C 8 117
YJL181W 23 615
YJL180C 7 99
YJL179W 2 50
YJL178C 5 208
YJL177W 5 51
YJL176C 7 142
YJL175W 2 2
YJL174W 4 51
YJL173C 1 5
YJL172W 19 581
YJL171C 11 377
YJL170C 13 905
YJL169W 2 3
YJL168C 16 1292
YJL167W 10 58
YJL166W 3 5
YJL165C 38 1274
YJL164C 13 173
YJL163C 20 838
YJL162C 19 839
YJL161W 12 1459
YJL160C 14 301
YJL159W 2 7
YJL158C 21 392
YJL157C 77 3479
YJL156W-A 12 1862
YJL156C 42 1706
YJL155C 15 303
YJL154C 26 786
YJL153C 18 353
YJL152W 29 1703
YJL151C 20 920
YJL150W 15 2419
YJL149W 23 507
YJL148W 7 145
YJL147C 9 165
YJL146W 21 793
YJL145W 13 405
YJL144W 2 68
YJL143W 7 47
YJL142C 1 39
YJL141C 32 1064
YJL140W 3 42
YJL139C 9 353
YJL138C 2 12
YJL137C 20 914
YJL136W-A 3 57
YJL136C 5 31
YJL135W 13 889
YJL134W 9 209
YJL133C-A 14 126
YJL133W 24 1082
YJL132W 23 918
YJL131C 7 115
YJL130C 88 5935
YJL129C 31 1175
YJL128C 29 928
YJL127W-A 5 774
YJL127C-B 4 58
YJL127C 35 596
YJL126W 11 383
YJL125C 13 522
YJL124C 5 43
YJL123C 14 364
YJL122W 5 155
YJL121C 14 215
YJL120W 5 16
YJL119C 8 811
YJL118W 12 464
YJL117W 12 164
YJL116C 26 994
YJL115W 7 382
YJL112W 24 1011
YJL111W 8 74
YJL110C 12 735
YJL109C 40 930
YJL108C 9 87
YJL107C 17 517
YJL106W 18 370
YJL105W 6 34
YJL104W 2 11
YJL103C 18 383
YJL102W 25 280
YJL101C 27 716
YJL100W 23 439
YJL099W 29 455
YJL098W 33 427
YJL097W 4 26
YJL096W 2 6
YJL095W 32 526
YJL094C 24 321
YJL093C 14 162
YJL092W 25 269
YJL091C 5 27
YJL090C 15 436
YJL089W 14 369
YJL088W 18 322
YJL087C 8 258
YJL086C 3 43
YJL085W 11 119
YJL084C 25 701
YJL083W 27 1429
YJL082W 31 379
YJL081C 8 205
YJL080C 35 853
YJL079C 11 223
YJL078C 74 4046
YJL077W-B 2 19
YJL077C 29 5921
YJL077W-A 7 211
YJL076W 25 409
YJL075C 3 66
YJL074C 18 288
YJL073W 20 1017
YJL072C 4 97
YJL071W 14 243
YJL070C 16 364
YJL069C 6 212
YJL068C 14 94
YJL067W 5 473
YJL066C 21 1693
YJL065C 9 122
YJL064W 4 62
YJL063C 8 234
YJL062W-A 10 176
YJL062W 24 1324
YJL061W 9 73
YJL060W 12 139
YJL059W 8 254
YJL058C 18 247
YJL057C 14 9485
YJL056C 35 938
YJL055W 5 47
YJL054W 9 210
YJL053W 7 114
YJL052C-A 11 855
YJL052W 21 456
YJL051W 33 884
YJL050W 20 418
YJL049W 4 80
YJL048C 17 216
YJL047C-A 3 154
YJL047C 17 289
YJL046W 6 136
YJL045W 28 1317
YJL044C 17 190
YJL043W 32 693
YJL042W 40 564
YJL041W 7 111
YJL039C 16 691
YJL038C 0 0
YJL037W 13 280
YJL036W 17 588
YJL035C 13 617
YJL034W 24 425
YJL033W 14 196
YJL032W 1 2
YJL031C 3 78
YJL030W 8 75
YJL029C 26 501
YJL028W 18 504
YJL027C 31 1577
YJL026W 13 556
YJL026C-A 3 211
YJL025W 16 715
YJL024C 3 31
YJL023C 8 140
YJL022W 2 80
YJL020C 32 761
YJL020W-A 1 1
YJL019W 28 611
YJL016W 17 345
YJL015C 8 2047
YJL014W 12 321
YJL013C 9 93
YJL012C 24 338
YJL011C 4 119
YJL010C 5 23
YJL009W 1 4
YJL008C 14 221
YJL007C 10 560
YJL006C 9 189
YJL005W 41 1024
YJL004C 20 416
YJL003W 4 281
YJL002C 32 687
YJL001W 25 403
YJR001W 78 6649
YJR002W 26 514
YJR003C 21 453
YJR004C 28 1059
YJR005W 24 702
YJR005C-A 1 6
YJR006W 9 97
YJR007W 2 5
YJR008W 22 419
YJR009C 14 279
YJR010W 30 3432
YJR010C-A 0 0
YJR011C 7 182
YJR012C 14 375
YJR013W 13 445
YJR014W 4 67
YJR015W 20 367
YJR016C 13 214
YJR017C 8 161
YJR018W 5 42
YJR019C 21 618
YJR020W 3 94
YJR021C 16 643
YJR022W 2 14
YJR023C 3 15
YJR024C 7 246
YJR025C 1 2
YJR030C 32 934
YJR031C 32 743
YJR032W 7 138
YJR033C 33 618
YJR034W 8 112
YJR035W 38 983
YJR036C 16 771
YJR037W 1 5
YJR038C 4 27
YJR039W 31 829
YJR040W 14 155
YJR041C 6 20
YJR042W 15 581
YJR043C 11 152
YJR044C 5 125
YJR045C 8 147
YJR046W 14 298
YJR047C 4 28
YJR048W 11 336
YJR049C 20 240
YJR050W 9 92
YJR051W 22 321
YJR052W 17 768
YJR053W 18 596
YJR054W 14 195
YJR055W 2 4
YJR056C 3 23
YJR057W 5 412
YJR058C 12 175
YJR059W 22 316
YJR060W 9 33
YJR061W 29 439
YJR062C 14 176
YJR063W 0 0
YJR064W 28 722
YJR065C 18 285
YJR066W 65 1460
YJR067C 7 199
YJR068W 6 86
YJR069C 6 277
YJR070C 9 263
YJR071W 5 54
YJR072C 20 280
YJR073C 12 268
YJR074W 24 632
YJR075W 15 313
YJR076C 16 291
YJR077C 19 301
YJR078W 31 1219
YJR079W 14 1060
YJR080C 12 502
YJR082C 4 122
YJR083C 4 45
YJR084W 18 632
YJR085C 7 1306
YJR086W 7 111
YJR087W 4 907
YJR088C 15 1085
YJR089W 26 498
YJR090C 24 782
YJR091C 37 1586
YJR092W 41 745
YJR093C 17 308
YJR094C 16 205
YJR094W-A 6 1192
YJR095W 11 130
YJR096W 17 321
YJR097W 2 16
YJR098C 16 373
YJR099W 5 36
YJR100C 11 284
YJR101W 4 78
YJR102C 9 1091
YJR103W 53 4613
YJR104C 14 263
YJR105W 19 729
YJR106W 19 484
YJR107W 11 392
YJR108W 20 300
YJR109C 35 1550
YJR110W 37 1168
YJR111C 19 359
YJR112W 7 89
YJR112W-A 17 256
YJR113C 19 606
YJR114W 11 336
YJR115W 32 778
YJR116W 18 411
YJR117W 18 635
YJR118C 2 17
YJR119C 38 883
YJR120W 12 629
YJR121W 20 394
YJR122W 18 278
YJR123W 1 1
YJR124C 32 770
YJR125C 12 456
YJR126C 22 365
YJR127C 74 2573
YJR128W 12 546
YJR129C 37 1277
YJR130C 18 343
YJR131W 27 1278
YJR132W 20 642
YJR133W 8 156
YJR134C 11 92
YJR135C 10 133
YJR135W-A 0 0
YJR136C 4 130
YJR137C 48 2858
YJR138W 54 1843
YJR139C 15 269
YJR140C 27 598
YJR140W-A 0 0
YJR141W 2 112
YJR142W 15 910
YJR143C 20 320
YJR144W 13 518
YJR145C 2 29
YJR146W 10 183
YJR147W 16 296
YJR148W 34 759
YJR149W 14 283
YJR150C 10 82
YJR151C 16 276
YJR151W-A 1 10
YJR152W 15 603
YJR153W 5 173
YJR154W 17 302
YJR155W 11 257
YJR156C 3 101
YJR157W 0 0
YJR158W 0 0
YJR159W 0 0
YJR160C 0 0
YJR161C 1 3
YJR162C 8 64
YKL225W 6 24
YKL224C 0 0
YKL223W 5 40
YKL222C 18 480
YKL221W 25 1189
YKL220C 11 99
YKL219W 7 66
YKL218C 27 1001
YKL217W 40 518
YKL216W 8 33
YKL215C 38 2127
YKL214C 7 106
YKL213C 19 405
YKL212W 15 662
YKL211C 14 176
YKL210W 31 869
YKL209C 38 683
YKL208W 8 171
YKL207W 17 278
YKL206C 15 204
YKL205W 32 1607
YKL204W 8 119
YKL203C 70 1618
YKL202W 1 2
YKL201C 36 1051
YKL198C 171 39947
YKL197C 43 1626
YKL196C 7 86
YKL195W 14 239
YKL194C 15 1011
YKL193C 14 136
YKL192C 5 157
YKL191W 25 351
YKL190W 0 0
YKL189W 13 242
YKL188C 29 622
YKL187C 56 970
YKL186C 19 316
YKL185W 34 557
YKL184W 11 297
YKL183C-A 10 993
YKL183W 36 7153
YKL182W 102 4641
YKL181W 13 249
YKL180W 1 100
YKL179C 10 99
YKL178C 17 432
YKL177W 4 90
YKL176C 24 357
YKL175W 34 1891
YKL174C 9 109
YKL173W 12 93
YKL172W 12 187
YKL171W 39 11684
YKL170W 7 324
YKL169C 5 239
YKL168C 26 5620
YKL167C 5 145
YKL166C 13 183
YKL165C-A 4 28
YKL165C 41 970
YKL164C 3 104
YKL163W 10 234
YKL162C-A 4 40
YKL162C 9 156
YKL161C 8 117
YKL160W 3 38
YKL159C 8 72
YKL157W 43 2038
YKL156W 3 62
YKL156C-A 0 0
YKL155C 12 431
YKL154W 6 148
YKL153W 10 386
YKL152C 13 428
YKL151C 28 2016
YKL150W 29 1614
YKL149C 14 179
YKL148C 70 3339
YKL147C 25 2399
YKL146W 41 2578
YKL145W 13 561
YKL145W-A 1 14
YKL144C 5 91
YKL143W 11 123
YKL142W 4 80
YKL141W 6 241
YKL140W 9 140
YKL139W 6 128
YKL138C-A 2 6
YKL138C 5 28
YKL137W 2 3
YKL136W 4 82
YKL135C 18 351
YKL134C 25 790
YKL133C 11 111
YKL132C 17 611
YKL131W 6 126
YKL130C 4 46
YKL129C 33 1200
YKL128C 22 428
YKL127W 28 1753
YKL126W 16 220
YKL125W 18 216
YKL124W 21 447
YKL123W 4 82
YKL122C 6 212
YKL121W 23 515
YKL120W 19 677
YKL119C 8 348
YKL118W 4 143
YKL117W 6 189
YKL116C 10 175
YKL115C 3 129
YKL114C 17 639
YKL113C 11 55
YKL112W 25 748
YKL111C 3 20
YKL110C 21 1130
YKL109W 40 1477
YKL108W 16 279
YKL107W 8 115
YKL106C-A 3 498
YKL106W 6 250
YKL105C 31 560
YKL104C 35 1208
YKL103C 28 681
YKL102C 7 134
YKL101W 43 879
YKL100C 24 386
YKL100W-A 4 52
YKL099C 5 113
YKL098W 14 257
YKL097C 22 899
YKL096C-B 0 0
YKL096W-A 0 0
YKL096W 21 939
YKL095W 12 101
YKL094W 25 1190
YKL093W 18 334
YKL092C 19 325
YKL091C 12 552
YKL090W 24 660
YKL089W 8 106
YKL088W 10 167
YKL087C 18 804
YKL086W 33 2392
YKL085W 20 545
YKL084W 19 802
YKL083W 3 153
YKL082C 2 200
YKL081W 18 150
YKL080W 8 224
YKL079W 18 306
YKL078W 6 34
YKL077W 14 288
YKL076C 3 31
YKL075C 6 136
YKL074C 8 71
YKL073W 11 245
YKL072W 18 280
YKL071W 8 140
YKL070W 3 7
YKL069W 8 130
YKL068W-A 3 29
YKL068W 24 628
YKL067W 3 54
YKL066W 12 536
YKL065W-A 1 1
YKL065C 8 36
YKL064W 29 442
YKL063C 6 339
YKL062W 15 254
YKL061W 3 67
YKL060C 21 1209
YKL059C 19 417
YKL058W 1 3
YKL057C 31 749
YKL056C 7 43
YKL055C 18 173
YKL054C 9 170
YKL053C-A 3 20
YKL053W 12 528
YKL052C 23 518
YKL051W 24 914
YKL050C 26 644
YKL049C 4 20
YKL048C 3 53
YKL047W 14 271
YKL046C 24 406
YKL045W 25 360
YKL044W 7 135
YKL043W 12 230
YKL042W 10 98
YKL041W 1 32
YKL040C 11 512
YKL039W 29 995
YKL038W 57 14354
YKL037W 22 815
YKL036C 17 772
YKL035W 16 302
YKL034W 38 885
YKL033W-A 8 119
YKL033W 22 335
YKL032C 21 334
YKL031W 15 1356
YKL030W 37 2311
YKL029C 92 4791
YKL028W 11 103
YKL027W 18 719
YKL026C 4 396
YKL025C 25 591
YKL024C 10 332
YKL023C-A 2 41
YKL023W 10 133
YKL022C 28 768
YKL021C 17 605
YKL020C 23 583
YKL019W 13 345
YKL018C-A 5 115
YKL018W 6 50
YKL017C 17 303
YKL016C 3 7
YKL015W 30 4699
YKL014C 26 554
YKL013C 1 9
YKL012W 16 337
YKL011C 19 1253
YKL010C 34 688
YKL009W 6 179
YKL008C 13 236
YKL007W 18 330
YKL006C-A 8 22
YKL006W 3 43
YKL005C 28 1031
YKL004W 30 491
YKL003C 5 191
YKL002W 11 133
YKL001C 12 84
YKR001C 30 1879
YKR002W 22 595
YKR003W 46 1098
YKR004C 21 371
YKR005C 27 724
YKR006C 7 388
YKR007W 3 78
YKR008W 17 344
YKR009C 44 1558
YKR010C 24 435
YKR011C 10 224
YKR012C 10 78
YKR013W 13 179
YKR014C 0 0
YKR015C 16 300
YKR016W 23 390
YKR017C 10 2355
YKR018C 22 837
YKR019C 20 702
YKR020W 2 26
YKR021W 26 410
YKR022C 11 116
YKR023W 16 263
YKR024C 16 626
YKR025W 4 85
YKR026C 8 259
YKR027W 29 874
YKR028W 24 244
YKR029C 8 153
YKR030W 4 31
YKR031C 31 1418
YKR032W 12 1119
YKR033C 3 16
YKR034W 5 194
YKR035C 1 4
YKR035W-A 1 4
YKR036C 34 1076
YKR037C 17 126
YKR038C 14 193
YKR039W 15 181
YKR040C 29 1332
YKR041W 46 1972
YKR042W 20 745
YKR043C 17 504
YKR044W 26 451
YKR045C 15 205
YKR046C 20 1556
YKR047W 8 80
YKR048C 23 544
YKR049C 13 522
YKR050W 25 368
YKR051W 22 432
YKR052C 10 75
YKR053C 18 855
YKR054C 85 1881
YKR055W 12 285
YKR056W 16 381
YKR057W 5 26
YKR058W 12 314
YKR059W 2 51
YKR060W 7 1693
YKR061W 40 971
YKR062W 5 33
YKR063C 16 151
YKR064W 24 777
YKR065C 2 17
YKR066C 17 285
YKR067W 38 670
YKR068C 5 219
YKR069W 20 479
YKR070W 15 587
YKR071C 9 775
YKR072C 16 151
YKR073C 10 494
YKR074W 7 93
YKR075C 19 992
YKR075W-A 12 828
YKR076W 26 722
YKR077W 10 937
YKR078W 18 287
YKR079C 25 677
YKR080W 10 156
YKR081C 6 166
YKR082W 24 577
YKR083C 2 21
YKR084C 20 452
YKR085C 7 190
YKR086W 23 458
YKR087C 12 2805
YKR088C 15 282
YKR089C 20 744
YKR090W 24 603
YKR091W 8 162
YKR092C 13 789
YKR093W 42 1020
YKR094C 8 112
YKR095W 25 672
YKR095W-A 4 16
YKR096W 35 1939
YKR097W 33 1366
YKR098C 31 1045
YKR099W 18 274
YKR100C 8 146
YKR101W 23 416
YKR102W 25 819
YKR103W 24 539
YKR104W 9 220
YKR105C 3 23
YKR106W 6 132
YLL067C 0 0
YLL067W-A 0 0
YLL066W-B 1 2
YLL066C 0 0
YLL066W-A 0 0
YLL065W 6 1198
YLL064C 0 0
YLL063C 28 1466
YLL062C 10 84
YLL061W 30 794
YLL060C 14 1075
YLL059C 27 5537
YLL058W 9 740
YLL057C 26 837
YLL056C 9 202
YLL055W 15 148
YLL054C 12 405
YLL053C 7 65
YLL052C 6 63
YLL051C 28 476
YLL050C 6 97
YLL049W 9 171
YLL048C 49 1331
YLL047W 3 270
YLL046C 7 434
YLL045C 8 226
YLL044W 9 231
YLL043W 8 366
YLL042C 7 428
YLL041C 21 424
YLL040C 90 2680
YLL039C 21 391
YLL038C 17 501
YLL037W 0 0
YLL036C 7 127
YLL035W 11 213
YLL034C 10 166
YLL033W 5 63
YLL032C 23 1088
YLL031C 16 368
YLL030C 8 331
YLL029W 64 9865
YLL028W 38 3822
YLL027W 10 194
YLL026W 36 1152
YLL025W 3 16
YLL024C 16 5049
YLL023C 21 456
YLL022C 26 778
YLL021W 28 762
YLL020C 3 129
YLL019C 12 148
YLL019W-A 0 0
YLL018C-A 4 41
YLL018C 9 167
YLL015W 25 492
YLL014W 5 144
YLL013C 32 500
YLL012W 37 1012
YLL011W 16 373
YLL010C 35 1393
YLL009C 0 0
YLL008W 9 44
YLL007C 4 34
YLL006W-A 10 564
YLL006W 8 1374
YLL005C 19 402
YLL004W 15 236
YLL003W 23 452
YLL002W 24 845
YLL001W 50 1657
YLR001C 61 2945
YLR002C 11 389
YLR003C 0 0
YLR004C 27 357
YLR005W 25 776
YLR006C 30 1645
YLR007W 14 341
YLR008C 2 21
YLR009W 3 21
YLR010C 3 35
YLR011W 5 90
YLR012C 5 121
YLR013W 4 172
YLR014C 23 523
YLR015W 17 512
YLR016C 12 470
YLR017W 12 443
YLR018C 4 25
YLR019W 29 1176
YLR020C 10 120
YLR021W 10 197
YLR022C 5 45
YLR023C 20 445
YLR024C 80 9273
YLR025W 5 172
YLR026C 2 84
YLR027C 20 693
YLR028C 41 2728
YLR029C 2 20
YLR030W 10 69
YLR031W 2 6
YLR032W 19 598
YLR033W 5 147
YLR034C 11 168
YLR035C 23 406
YLR036C 6 23
YLR037C 6 130
YLR038C 3 40
YLR039C 22 451
YLR040C 8 65
YLR041W 5 50
YLR042C 8 211
YLR043C 4 103
YLR044C 39 1930
YLR045C 50 1193
YLR046C 5 52
YLR047C 19 548
YLR048W 3 61
YLR049C 4 10
YLR050C 7 122
YLR051C 10 272
YLR052W 1 18
YLR053C 2 7
YLR054C 19 1094
YLR055C 26 373
YLR056W 13 958
YLR057W 35 722
YLR058C 16 350
YLR059C 34 3833
YLR060W 27 541
YLR061W 1 6
YLR062C 1 6
YLR063W 9 143
YLR064W 4 432
YLR065C 3 20
YLR066W 10 135
YLR067C 20 444
YLR068W 5 128
YLR069C 26 309
YLR070C 22 268
YLR071C 22 518
YLR072W 18 257
YLR073C 9 104
YLR074C 16 1269
YLR075W 5 35
YLR076C 3 12
YLR077W 30 1365
YLR078C 9 122
YLR079W 7 230
YLR080W 32 2201
YLR081W 55 6583
YLR082C 15 148
YLR083C 18 172
YLR084C 47 3545
YLR085C 22 1969
YLR086W 27 431
YLR087C 85 2365
YLR088W 16 293
YLR089C 10 95
YLR090W 12 473
YLR091W 23 1001
YLR092W 41 30361
YLR093C 10 181
YLR094C 35 5400
YLR095C 27 527
YLR096W 27 985
YLR097C 10 111
YLR098C 13 852
YLR099C 25 697
YLR099W-A 15 276
YLR100W 20 1073
YLR101C 9 845
YLR102C 14 331
YLR103C 12 321
YLR104W 3 22
YLR105C 10 170
YLR106C 83 2233
YLR107W 22 793
YLR108C 27 399
YLR109W 9 153
YLR110C 3 46
YLR111W 8 1541
YLR112W 30 1507
YLR113W 34 919
YLR114C 18 407
YLR115W 15 365
YLR116W 16 426
YLR117C 25 720
YLR118C 1 10
YLR119W 6 339
YLR120C 36 808
YLR120W-A 7 137
YLR121C 18 266
YLR122C 3 79
YLR123C 2 56
YLR124W 3 150
YLR125W 0 0
YLR126C 6 55
YLR127C 11 167
YLR128W 9 71
YLR129W 18 251
YLR130C 21 302
YLR131C 35 990
YLR132C 10 60
YLR133W 10 60
YLR134W 14 85
YLR135W 14 1106
YLR136C 8 221
YLR137W 33 3347
YLR138W 28 675
YLR139C 16 258
YLR140W 14 771
YLR141W 54 5166
YLR142W 16 218
YLR143W 10 31
YLR144C 24 362
YLR145W 2 33
YLR146C 10 376
YLR146W-A 2 9
YLR147C 3 25
YLR148W 23 325
YLR149C 15 373
YLR149C-A 2 7
YLR150W 4 12
YLR151C 5 2302
YLR152C 11 130
YLR153C 31 1034
YLR154C 11 91
YLR154W-A 0 0
YLR154W-B 0 0
YLR154W-C 0 0
YLR154W-E 0 0
YLR154W-F 0 0
YLR154C-G 0 0
YLR154C-H 0 0
YLR155C 0 0
YLR156W 0 0
YLR156C-A 0 0
YLR157C 0 0
YLR157W-D 0 0
YLR157W-E 0 0
YLR157C-C 0 0
YLR158C 0 0
YLR159W 0 0
YLR159C-A 0 0
YLR160C 0 0
YLR161W 0 0
YLR162W 0 0
YLR162W-A 2 137
YLR163C 15 224
YLR163W-A 1 32
YLR164W 2 41
YLR165C 3 10
YLR166C 16 249
YLR167W 9 181
YLR168C 13 211
YLR169W 19 1588
YLR170C 18 305
YLR171W 10 194
YLR172C 13 247
YLR173W 42 1071
YLR174W 22 340
YLR175W 16 290
YLR176C 18 234
YLR177W 23 536
YLR178C 13 128
YLR179C 22 2629
YLR180W 21 348
YLR181C 19 340
YLR182W 14 195
YLR183C 15 276
YLR184W 6 187
YLR185W 4 76
YLR186W 12 191
YLR187W 19 395
YLR188W 20 3279
YLR189C 41 840
YLR190W 22 401
YLR191W 9 208
YLR192C 6 43
YLR193C 6 13
YLR194C 14 325
YLR195C 11 170
YLR196W 26 306
YLR197W 7 190
YLR198C 1 4
YLR199C 11 221
YLR200W 1 4
YLR201C 13 279
YLR202C 10 585
YLR203C 19 411
YLR204W 5 43
YLR205C 33 780
YLR206W 15 440
YLR207W 28 412281
YLR208W 7 65
YLR209C 16 893
YLR210W 18 383
YLR211C 5 30
YLR212C 11 167
YLR213C 43 2372
YLR214W 20 622
YLR215C 3 41
YLR216C 12 311
YLR217W 10 294
YLR218C 9 52
YLR219W 27 367
YLR220W 12 164
YLR221C 7 92
YLR222C 13 315
YLR222C-A 1 2
YLR223C 24 416
YLR224W 10 55
YLR225C 10 236
YLR226W 6 37
YLR227C 18 381
YLR228C 16 222
YLR229C 4 144
YLR230W 3 69
YLR231C 17 318
YLR232W 2 11
YLR233C 33 1097
YLR234W 62 1254
YLR235C 27 504
YLR236C 27 1896
YLR237W 39 844
YLR238W 7 192
YLR239C 7 260
YLR240W 19 239
YLR241W 17 409
YLR242C 9 164
YLR243W 5 113
YLR244C 19 615
YLR245C 15 154
YLR246W 18 355
YLR247C 50 1539
YLR248W 26 400
YLR249W 35 445
YLR250W 12 1065
YLR251W 7 68
YLR252W 0 0
YLR253W 20 391
YLR254C 13 228
YLR255C 21 1096
YLR256W 64 1623
YLR257W 22 471
YLR258W 42 1114
YLR259C 18 550
YLR260W 27 1028
YLR261C 2 2
YLR262C 4 46
YLR262C-A 2 9
YLR263W 24 769
YLR264W 2 3
YLR264C-A 1 1
YLR265C 3 21
YLR266C 19 710
YLR267W 17 185
YLR268W 5 50
YLR269C 19 795
YLR270W 8 46
YLR271W 8 57
YLR272C 28 763
YLR273C 18 296
YLR274W 18 352
YLR275W 3 36
YLR276C 6 141
YLR277C 16 288
YLR278C 23 786
YLR279W 23 1440
YLR280C 10 531
YLR281C 13 586
YLR282C 6 455
YLR283W 13 746
YLR284C 4 130
YLR285W 3 9
YLR285C-A 2 3
YLR286C 4 783
YLR286W-A 0 0
YLR287C 6 41
YLR287C-A 3 15
YLR288C 21 388
YLR289W 18 290
YLR290C 5 54
YLR291C 9 185
YLR292C 10 155
YLR293C 7 27
YLR294C 11 205
YLR295C 5 127
YLR296W 13 3443
YLR297W 17 1126
YLR298C 21 1608
YLR299W 75 2030
YLR299C-A 7 108
YLR300W 26 412
YLR301W 11 396
YLR302C 25 1424
YLR303W 12 645
YLR304C 74 1820
YLR305C 57 2391
YLR306W 9 133
YLR307W 9 222
YLR307C-A 3 6
YLR308W 8 164
YLR309C 23 450
YLR310C 29 550
YLR311C 5 33
YLR312C 14 205
YLR312W-A 13 122
YLR313C 27 694
YLR314C 12 345
YLR315W 7 47
YLR316C 21 522
YLR317W 7 81
YLR318W 38 1039
YLR319C 13 130
YLR320W 20 344
YLR321C 18 813
YLR322W 8 162
YLR323C 6 213
YLR324W 19 331
YLR325C 4 106
YLR326W 18 384
YLR327C 5 213
YLR328W 18 233
YLR329W 4 702
YLR330W 31 1051
YLR331C 2 160
YLR332W 14 449
YLR333C 18 229
YLR334C 6 97
YLR335W 4 73
YLR336C 21 312
YLR337C 20 204
YLR338W 5 29
YLR339C 3 106
YLR340W 4 175
YLR341W 6 313
YLR342W 50 890
YLR342W-A 2 8
YLR343W 20 252
YLR344W 8 135
YLR345W 22 179
YLR346C 2 8
YLR347C 32 625
YLR347W-A 0 0
YLR348C 41 3149
YLR349W 24 366
YLR350W 11 569
YLR351C 23 857
YLR352W 44 6363
YLR353W 17 307
YLR354C 14 744
YLR355C 26 942
YLR356W 5 39
YLR357W 47 829
YLR358C 12 167
YLR359W 5 48
YLR360W 21 338
YLR361C 28 492
YLR361C-A 4 46
YLR362W 30 1028
YLR363C 3 9
YLR363W-A 1 32
YLR364W 3 23
YLR365W 9 225
YLR364C-A 9 114
YLR366W 28 835
YLR367W 16 745
YLR368W 14 260
YLR369W 11 440
YLR370C 5 53
YLR371W 44 1148
YLR372W 8 110
YLR373C 17 662
YLR374C 12 867
YLR375W 18 454
YLR376C 14 503
YLR377C 33 2403
YLR378C 29 825
YLR379W 7 202
YLR380W 16 532
YLR381W 19 367
YLR382C 32 371
YLR383W 18 477
YLR384C 31 1005
YLR385C 2 52
YLR386W 17 479
YLR387C 17 203
YLR388W 5 132
YLR389C 55 1828
YLR390W 4 85
YLR390W-A 7 157
YLR392C 23 430
YLR393W 2 11
YLR394W 10 98
YLR395C 4 27
YLR396C 35 972
YLR397C 21 471
YLR398C 30 507
YLR399C 17 224
YLR399W-A 1 3
YLR400W 24 1254
YLR401C 57 1571
YLR402W 5 70
YLR403W 13 332
YLR404W 11 848
YLR405W 20 1690
YLR406C 9 185
YLR406C-A 3 84
YLR407W 6 72
YLR408C 6 144
YLR409C 30 677
YLR410W 45 1986
YLR411W 18 798
YLR412W 12 505
YLR412C-A 2 3
YLR413W 21 495
YLR414C 30 1839
YLR415C 41 1470
YLR416C 29 5315
YLR417W 41 1348
YLR418C 7 67
YLR419W 25 1064
YLR420W 8 331
YLR421C 5 135
YLR422W 43 697
YLR423C 5 35
YLR424W 23 499
YLR425W 31 5905
YLR426W 6 85
YLR427W 13 308
YLR428C 7 2249
YLR429W 33 530
YLR430W 43 1020
YLR431C 19 366
YLR432W 21 663
YLR433C 17 723
YLR434C 1 6
YLR435W 3 26
YLR436C 43 1148
YLR437C 12 243
YLR437C-A 2 86
YLR438W 45 941
YLR438C-A 1 2
YLR439W 11 154
YLR440C 9 280
YLR441C 11 108
YLR442C 28 1472
YLR443W 12 247
YLR444C 1 8
YLR445W 8 100
YLR446W 10 175
YLR447C 14 308
YLR448W 9 232
YLR449W 14 147
YLR450W 53 1943
YLR451W 17 462
YLR452C 29 638
YLR453C 20 514
YLR454W 67 1372
YLR455W 13 391
YLR456W 11 199
YLR457C 14 307
YLR458W 8 93
YLR459W 7 107
YLR460C 10 170
YLR461W 2 10
YLR462W 0 0
YLR463C 0 0
YLR464W 0 0
YLR465C 0 0
YLR466W 1 2
YLR466C-A 0 0
YLR466C-B 1 239
YLR467W 0 0
YLR467C-A 0 0
YML133C 0 0
YML133W-B 0 0
YML133W-A 0 0
YML132W 0 0
YML131W 11 339
YML130C 17 364
YML129C 5 909
YML128C 23 743
YML127W 20 320
YML126C 32 1394
YML125C 19 350
YML124C 14 428
YML123C 31 1151
YML122C 24 857
YML121W 6 25
YML120C 20 899
YML119W 9 258
YML118W 22 2089
YML117W 34 935
YML116W-A 5 32
YML116W 21 459
YML115C 14 95
YML114C 12 187
YML113W 11 159
YML112W 5 815
YML111W 36 587
YML110C 14 134
YML109W 17 2540
YML108W 0 0
YML107C 12 327
YML106W 6 131
YML105C 3 126
YML104C 23 830
YML103C 33 705
YML102W 18 406
YML101C-A 7 255
YML101C 30 1062
YML100W-A 10 798
YML100W 78 4905
YML099W-A 1 57
YML099C 25 784
YML098W 1 1
YML097C 14 372
YML096W 13 563
YML095C 5 120
YML094C-A 3 15
YML094W 6 30
YML093W 22 548
YML092C 5 32
YML091C 32 385
YML090W 11 1304
YML089C 21 3196
YML088W 24 198
YML087C 15 793
YML086C 20 329
YML085C 13 506
YML084W 13 598
YML083C 33 1122
YML082W 20 1307
YML081C-A 3 44
YML081W 31 541
YML080W 6 223
YML079W 19 2867
YML078W 10 58
YML077W 14 258
YML076C 29 1125
YML075C 42 1361
YML074C 5 17
YML073C 7 86
YML072C 71 1805
YML071C 24 852
YML070W 24 644
YML069W 2 7
YML068W 15 147
YML067C 16 346
YML066C 13 171
YML065W 17 235
YML064C 12 153
YML063W 4 33
YML062C 14 425
YML061C 13 310
YML060W 12 671
YML059C 36 2996
YML058W-A 3 10
YML058W 16 652
YML057C-A 4 33
YML057W 28 325
YML056C 29 339
YML055W 11 125
YML054C 43 985
YML054C-A 26 1937
YML053C 16 1210
YML052W 22 1169
YML051W 33 2115
YML050W 15 270
YML049C 47 4032
YML048W 4 40
YML047W-A 2 3
YML047C 7 48
YML046W 11 256
YML043C 4 18
YML042W 28 7053
YML041C 11 220
YML038C 5 20
YML037C 4 6
YML036W 9 216
YML035C 31 1229
YML034C-A 8 182
YML034W 32 572
YML032C 17 334
YML031C-A 4 229
YML031W 28 690
YML030W 6 472
YML029W 42 1355
YML028W 21 892
YML027W 18 955
YML026C 10 104
YML025C 6 106
YML024W 1 28
YML023C 22 458
YML022W 4 185
YML021C 14 147
YML020W 36 953
YML019W 9 352
YML018C 25 302
YML017W 11 163
YML016C 30 525
YML015C 3 60
YML014W 13 407
YML013W 23 559
YML012C-A 10 238
YML012W 5 146
YML011C 8 46
YML010W 12 290
YML009W-B 3 20
YML009C-A 3 61
YML009C 3 4
YML008C 11 197
YML007C-A 5 78
YML007W 21 710
YML006C 30 708
YML005W 23 357
YML004C 26 512
YML003W 17 249
YML002W 35 1412
YML001W 14 105
YMR001C 32 1263
YMR001C-A 11 158
YMR002W 17 935
YMR003W 10 107
YMR004W 34 4643
YMR005W 12 137
YMR006C 27 858
YMR007W 18 25920
YMR008C 19 449
YMR009W 10 202
YMR010W 14 322
YMR011W 27 447
YMR012W 29 635
YMR013C 14 128
YMR013C-A 2 5
YMR013W-A 0 0
YMR014W 8 102
YMR015C 35 1921
YMR016C 15 188
YMR017W 7 186
YMR018W 15 579
YMR019W 34 716
YMR020W 14 420
YMR021C 13 150
YMR022W 11 217
YMR023C 36 1883
YMR024W 7 77
YMR025W 8 385
YMR026C 8 117
YMR027W 9 187
YMR028W 6 96
YMR029C 9 194
YMR030W 18 884
YMR031C 23 381
YMR031W-A 7 182
YMR032W 13 276
YMR030W-A 2 31
YMR033W 3 154
YMR034C 19 349
YMR035W 4 81
YMR036C 7 570
YMR037C 17 418
YMR038C 9 139
YMR039C 15 214
YMR040W 9 289
YMR041C 5 76
YMR042W 41 48648
YMR043W 11 231
YMR044W 17 370
YMR046W-A 0 0
YMR047C 14 391
YMR048W 10 213
YMR049C 15 290
YMR052W 4 29
YMR052C-A 5 49
YMR053C 33 598
YMR054W 36 1322
YMR055C 28 1530
YMR056C 41 1768
YMR057C 27 837
YMR058W 57 1887
YMR059W 2 13
YMR060C 7 128
YMR061W 12 389
YMR062C 23 905
YMR063W 19 1458
YMR064W 20 334
YMR065W 24 744
YMR066W 14 238
YMR067C 14 351
YMR068W 12 113
YMR069W 55 3231
YMR070W 16 506
YMR071C 7 265
YMR072W 2 6
YMR073C 4 29
YMR074C 5 398
YMR075W 15 276
YMR075C-A 3 83
YMR076C 28 17328
YMR077C 9 109
YMR078C 21 339
YMR079W 8 940
YMR080C 20 547
YMR081C 12 355
YMR082C 12 268
YMR083W 10 235
YMR084W 12 213
YMR085W 8 46
YMR086W 24 866
YMR086C-A 8 987
YMR087W 16 1192
YMR088C 15 930
YMR089C 12 137
YMR090W 18 301
YMR091C 17 466
YMR092C 26 395
YMR093W 19 328
YMR094W 5 383
YMR095C 16 441
YMR096W 3 199
YMR097C 13 403
YMR098C 7 455
YMR099C 3 8
YMR100W 21 405
YMR101C 10 70
YMR102C 24 460
YMR103C 27 1279
YMR104C 20 513
YMR105C 10 103
YMR105W-A 8 665
YMR106C 36 767
YMR107W 18 880
YMR108W 27 2553
YMR109W 40 4403
YMR110C 17 263
YMR111C 19 339
YMR112C 5 17
YMR113W 14 344
YMR114C 12 274
YMR115W 8 80
YMR116C 25 620
YMR117C 3 61
YMR118C 9 127
YMR119W 13 268
YMR119W-A 4 694
YMR120C 16 1118
YMR121C 10 274
YMR122C 27 4685
YMR122W-A 4 149
YMR123W 1 31
YMR124W 19 623
YMR125W 14 216
YMR126C 6 151
YMR127C 18 282
YMR128W 27 515
YMR129W 33 896
YMR130W 12 209
YMR131C 9 94
YMR132C 6 30
YMR133W 14 854
YMR134W 19 439
YMR135C 26 1066
YMR135W-A 43 1634
YMR136W 36 1037
YMR137C 26 512
YMR138W 3 40
YMR139W 11 331
YMR140W 13 140
YMR141C 2 19
YMR142C 0 0
YMR141W-A 0 0
YMR143W 6 65
YMR144W 18 659
YMR145C 44 1566
YMR146C 19 163
YMR147W 6 85
YMR148W 11 131
YMR149W 16 520
YMR150C 11 707
YMR151W 9 1000
YMR152W 16 645
YMR153W 21 344
YMR153C-A 0 0
YMR154C 23 621
YMR155W 13 392
YMR156C 12 258
YMR157C 12 277
YMR158W 6 102
YMR158C-A 1 2
YMR158W-B 7 83
YMR159C 12 261
YMR160W 23 147
YMR161W 17 501
YMR162C 52 2024
YMR163C 10 415
YMR164C 15 286
YMR165C 48 730
YMR166C 8 298
YMR167W 23 695
YMR168C 12 290
YMR169C 24 469
YMR170C 17 578
YMR171C 16 423
YMR172W 18 191
YMR172C-A 3 4
YMR173W 6 26
YMR173W-A 4 23
YMR174C 2 875
YMR175W 6 137
YMR175W-A 11 960
YMR176W 42 1646
YMR177W 10 487
YMR178W 14 157
YMR179W 20 173
YMR180C 30 686
YMR181C 5 63
YMR182C 4 149
YMR182W-A 6 3221
YMR183C 8 119
YMR184W 11 430
YMR185W 24 495
YMR186W 15 257
YMR187C 15 1824
YMR188C 7 132
YMR189W 29 3991
YMR190C 38 597
YMR191W 15 145
YMR192W 13 179
YMR193W 3 42
YMR193C-A 4 171
YMR194W 11 103
YMR194C-B 15 551
YMR194C-A 27 16659
YMR195W 13 247
YMR196W 49 1724
YMR197C 12 228
YMR198W 21 1605
YMR199W 17 254
YMR200W 12 200
YMR201C 13 2120
YMR202W 16 306
YMR203W 8 63
YMR204C 2 28
YMR205C 27 277
YMR206W 27 532
YMR207C 59 1171
YMR208W 19 611
YMR209C 14 296
YMR210W 13 452
YMR211W 14 139
YMR212C 26 924
YMR213W 14 1536
YMR214W 14 201
YMR215W 14 144
YMR216C 31 216078
YMR217W 11 183
YMR218C 20 289
YMR219W 49 1106
YMR220W 19 337
YMR221C 21 334
YMR222C 7 328
YMR223W 12 57
YMR224C 25 368
YMR225C 10 234
YMR226C 10 211
YMR227C 13 194
YMR228W 8 120
YMR229C 41 729
YMR230W 5 48
YMR230W-A 7 139
YMR231W 26 719
YMR232W 21 346
YMR233W 9 231
YMR234W 8 28
YMR235C 6 120
YMR236W 4 11
YMR237W 19 723
YMR238W 16 3352
YMR239C 8 93
YMR240C 14 268
YMR241W 23 602
YMR242C 5 179
YMR242W-A 1 1
YMR243C 23 431
YMR244W 20 880
YMR244C-A 8 95
YMR245W 38 5346
YMR246W 78 4564
YMR247C 35 17088
YMR247W-A 1 49
YMR250W 24 560
YMR251W 53 1896
YMR251W-A 0 0
YMR252C 16 567
YMR253C 22 1006
YMR254C 11 272
YMR255W 2 9
YMR256C 2 19
YMR257C 19 551
YMR258C 14 795
YMR259C 17 563
YMR260C 1 4
YMR261C 26 771
YMR262W 15 302
YMR263W 5 27
YMR264W 16 566
YMR265C 16 553
YMR266W 20 513
YMR267W 19 435
YMR268C 1 24
YMR269W 7 151
YMR270C 6 18
YMR271C 12 85
YMR272C 13 186
YMR272W-A 0 0
YMR272W-B 1 1
YMR273C 25 277
YMR274C 8 149
YMR275C 18 405
YMR276W 23 2329
YMR277W 16 150
YMR278W 17 358
YMR279C 11 408
YMR280C 53 1177
YMR281W 13 469
YMR282C 16 509
YMR283C 21 727
YMR284W 15 802
YMR285C 21 341
YMR286W 1 186
YMR287C 21 387
YMR288W 18 188
YMR289W 15 283
YMR290C 3 11
YMR290W-A 3 85
YMR291W 19 478
YMR292W 6 126
YMR293C 22 330
YMR294W 8 170
YMR294W-A 0 0
YMR295C 9 128
YMR296C 31 1999
YMR297W 31 929
YMR298W 3 89
YMR299C 9 267
YMR300C 17 135
YMR301C 15 446
YMR302C 17 173
YMR303C 9 13470
YMR304W 38 1130
YMR304C-A 7 112
YMR305C 7 77
YMR306W 53 1840
YMR306C-A 15 916
YMR307W 19 563
YMR307C-A 2 27
YMR308C 21 508
YMR309C 18 329
YMR310C 11 52
YMR311C 4 91
YMR312W 4 30
YMR313C 14 215
YMR314W 4 8
YMR315W 13 6580
YMR315W-A 4 127
YMR316W 20 548
YMR316C-A 9 56
YMR316C-B 1 2
YMR317W 10 1611
YMR318C 32 991
YMR319C 30 699
YMR320W 6 157
YMR321C 2 29
YMR322C 0 0
YMR323W 2 16
YMR324C 6 168
YMR325W 1 1
YMR326C 2 152
YNL339C 0 0
YNL339W-B 0 0
YNL339W-A 0 0
YNL338W 5 31
YNL337W 1 11
YNL336W 2 11
YNL335W 0 0
YNL334C 4 93
YNL333W 3 18
YNL332W 3 61
YNL331C 14 193
YNL330C 15 315
YNL329C 36 708
YNL328C 5 175
YNL327W 17 203
YNL326C 16 215
YNL325C 29 707
YNL324W 0 0
YNL323W 12 132
YNL322C 6 49
YNL321W 23 2156
YNL320W 14 320
YNL319W 1 2
YNL318C 19 386
YNL317W 19 734
YNL316C 7 139
YNL315C 8 442
YNL314W 31 373
YNL313C 15 341
YNL312W 3 7
YNL311C 29 1785
YNL310C 8 372
YNL309W 22 1321
YNL308C 13 129
YNL307C 5 44
YNL306W 7 45
YNL305C 12 274
YNL304W 22 848
YNL303W 9 339
YNL302C 1 4
YNL301C 20 365
YNL300W 2 18
YNL299W 22 866
YNL298W 19 327
YNL297C 24 886
YNL296W 0 0
YNL295W 18 379
YNL294C 23 585
YNL293W 26 748
YNL292W 10 31
YNL291C 15 250
YNL290W 18 219
YNL289W 22 378
YNL288W 13 244
YNL287W 19 839
YNL286W 19 400
YNL285W 20 21199
YNL284C 11 230
YNL283C 26 331
YNL282W 7 38
YNL281W 8 107
YNL280C 14 433
YNL279W 22 2174
YNL278W 57 2973
YNL277W-A 11 4449
YNL277W 24 607
YNL276C 10 630
YNL275W 14 655
YNL274C 14 255
YNL273W 18 1508
YNL272C 12 216
YNL271C 18 208
YNL270C 23 439
YNL269W 15 1599
YNL268W 22 387
YNL267W 32 252
YNL266W 4 49
YNL265C 22 377
YNL264C 14 179
YNL263C 10 418
YNL262W 52 1160
YNL261W 10 226
YNL260C 4 108
YNL259C 7 228
YNL258C 10 87
YNL257C 28 616
YNL256W 16 791
YNL255C 2 13
YNL254C 13 496
YNL253W 19 426
YNL252C 7 280
YNL251C 32 1289
YNL250W 23 985
YNL249C 15 313
YNL248C 4 31
YNL247W 16 571
YNL246W 13 256
YNL245C 6 40
YNL244C 10 329
YNL243W 43 779
YNL242W 47 1934
YNL241C 42 1472
YNL240C 48 2072
YNL239W 20 476
YNL238W 26 386
YNL237W 17 391
YNL236W 29 649
YNL235C 10 47
YNL234W 23 509
YNL233W 25 636
YNL232W 17 279
YNL231C 32 1416
YNL230C 38 1202
YNL229C 5 91
YNL228W 15 237
YNL227C 14 220
YNL226W 7 34
YNL225C 18 1742
YNL224C 24 1433
YNL223W 19 532
YNL222W 9 429
YNL221C 26 616
YNL220W 17 343
YNL219C 17 764
YNL218W 28 768
YNL217W 26 1218
YNL216W 23 339
YNL215W 4 97
YNL214W 8 91
YNL213C 7 418
YNL212W 23 454
YNL211C 8 188
YNL210W 5 34
YNL209W 19 1466
YNL208W 6 58
YNL207W 11 85
YNL206C 9 41
YNL205C 9 512
YNL204C 6 45
YNL203C 7 172
YNL202W 17 505
YNL201C 13 253
YNL200C 9 254
YNL199C 15 295
YNL198C 3 22
YNL197C 8 114
YNL196C 18 212
YNL195C 26 344
YNL194C 13 177
YNL193W 14 271
YNL192W 35 543
YNL191W 26 630
YNL190W 4 21
YNL189W 8 261
YNL188W 9 77
YNL187W 23 500
YNL186W 22 246
YNL185C 5 48
YNL184C 4 6
YNL183C 17 592
YNL182C 17 293
YNL181W 5 73
YNL180C 5 59
YNL179C 16 1329
YNL178W 0 0
YNL177C 4 106
YNL176C 20 400
YNL175C 7 69
YNL174W 1 1
YNL173C 12 661
YNL172W 37 1271
YNL171C 2 5
YNL170W 2 17
YNL169C 18 179
YNL168C 14 251
YNL167C 15 228
YNL166C 16 543
YNL165W 15 1531
YNL164C 9 1100
YNL163C 33 703
YNL162W-A 1 336
YNL162W 6 23
YNL161W 9 174
YNL160W 12 304
YNL159C 9 76
YNL158W 17 310
YNL157W 5 574
YNL156C 12 151
YNL155W 7 83
YNL154C 31 2510
YNL153C 13 1530
YNL152W 3 19
YNL151C 9 166
YNL150W 5 83
YNL149C 5 74
YNL148C 45 4725
YNL147W 4 29
YNL146C-A 10 218
YNL146W 4 31
YNL145W 1 26
YNL144C 40 738
YNL144W-A 2 21
YNL143C 10 495
YNL142W 35 890
YNL141W 10 73
YNL140C 9 136
YNL139C 32 888
YNL138W-A 7 216
YNL138W 14 228
YNL137C 21 247
YNL136W 17 288
YNL135C 3 57
YNL134C 18 292
YNL133C 6 229
YNL132W 15 196
YNL131W 1 4
YNL130C 12 543
YNL130C-A 5 28
YNL129W 6 189
YNL128W 15 272
YNL127W 19 366
YNL126W 21 235
YNL125C 30 676
YNL124W 9 658
YNL123W 30 801
YNL122C 8 65
YNL121C 12 407
YNL120C 3 6
YNL119W 14 365
YNL118C 17 253
YNL117W 33 2191
YNL116W 19 464
YNL115C 25 466
YNL114C 2 54
YNL113W 2 54
YNL112W 29 867
YNL111C 3 269
YNL110C 3 9
YNL109W 2 11
YNL108C 11 612
YNL107W 9 169
YNL106C 45 1142
YNL105W 4 28
YNL104C 41 1160
YNL103W-A 5 21
YNL103W 17 236
YNL102W 29 620
YNL101W 24 383
YNL100W 11 496
YNL099C 13 237
YNL098C 9 86
YNL097C-B 6 582
YNL097C 23 1427
YNL097W-A 3 12
YNL096C 15 375
YNL095C 17 376
YNL094W 16 240
YNL093W 10 90
YNL092W 22 474
YNL091W 32 713
YNL090W 4 66
YNL089C 4 66
YNL088W 25 291
YNL087W 38 1151
YNL086W 2 6
YNL085W 23 381
YNL084C 7 1001
YNL083W 18 468
YNL082W 13 257
YNL081C 4 23
YNL080C 17 476
YNL079C 8 84
YNL078W 15 1110
YNL077W 23 365
YNL076W 14 1082
YNL075W 6 183
YNL074C 12 781
YNL073W 30 1009
YNL072W 17 1368
YNL071W 12 65
YNL070W 3 27
YNL069C 2 101
YNL068C 27 464
YNL067W-A 2 65
YNL067W-B 4 79
YNL067W 12 878
YNL066W 34 2763
YNL065W 29 380
YNL064C 16 250
YNL063W 14 616
YNL062C 11 619
YNL061W 22 360
YNL059C 14 183
YNL058C 3 16
YNL057W 1 6
YNL056W 3 43
YNL055C 14 556
YNL054W 17 514
YNL053W 36 1151
YNL052W 9 125
YNL051W 11 172
YNL050C 7 244
YNL049C 17 219
YNL048W 10 312
YNL047C 12 246
YNL046W 13 1180
YNL045W 21 567
YNL044W 6 38
YNL043C 3 30
YNL042W-B 17 429
YNL042W 14 108
YNL041C 22 416
YNL040W 14 403
YNL039W 16 535
YNL038W 9 204
YNL037C 19 278
YNL036W 19 413
YNL035C 12 275
YNL034W 8 27
YNL033W 0 0
YNL032W 10 236
YNL031C 6 151
YNL030W 3 114
YNL029C 26 841
YNL028W 15 1301
YNL027W 18 576
YNL026W 8 81
YNL025C 13 192
YNL024C-A 5 67
YNL024C 20 245
YNL023C 27 461
YNL022C 10 442
YNL021W 15 66
YNL020C 36 806
YNL019C 1 1
YNL018C 10 168
YNL017C 14 281
YNL016W 11 140
YNL015W 0 0
YNL014W 25 550
YNL013C 0 0
YNL012W 27 785
YNL011C 11 291
YNL010W 11 476
YNL009W 19 703
YNL008C 34 3393
YNL007C 6 90
YNL006W 14 875
YNL005C 13 218
YNL004W 47 1802
YNL003C 14 311
YNL002C 9 513
YNL001W 32 1047
YNR001C 47 2145
YNR001W-A 8 64
YNR002C 56 3912
YNR003C 20 375
YNR003W-A 4 50
YNR004W 7 133
YNR005C 4 54
YNR006W 19 375
YNR007C 14 971
YNR008W 36 1921
YNR009W 11 170
YNR010W 6 69
YNR011C 31 586
YNR012W 12 260
YNR013C 34 623
YNR014W 16 294
YNR015W 24 522
YNR016C 107 2084
YNR017W 15 481
YNR018W 31 1896
YNR019W 34 701
YNR020C 11 276
YNR021W 12 469
YNR022C 3 97
YNR023W 3 86
YNR024W 2 18
YNR025C 1 18
YNR026C 16 319
YNR027W 19 625
YNR028W 7 66
YNR029C 18 295
YNR030W 10 134
YNR031C 79 1769
YNR032W 18 1231
YNR032C-A 6 43
YNR033W 21 1226
YNR034W 11 322
YNR034W-A 5 108
YNR035C 6 64
YNR036C 7 81
YNR037C 6 172
YNR038W 11 279
YNR039C 17 281
YNR040W 14 196
YNR041C 9 126
YNR042W 1 9
YNR043W 9 126
YNR044W 11 781
YNR045W 13 80
YNR046W 13 906
YNR047W 32 998
YNR048W 9 313
YNR049C 14 150
YNR050C 17 574
YNR051C 12 593
YNR052C 17 514
YNR053C 18 350
YNR054C 15 1116
YNR055C 25 738
YNR056C 29 602
YNR057C 27 1363
YNR058W 32 1143
YNR059W 25 630
YNR060W 21 882
YNR061C 3 13
YNR062C 4 11
YNR063W 17 249
YNR064C 19 12597
YNR065C 18 649
YNR066C 23 380
YNR067C 20 875
YNR068C 6 26
YNR069C 17 355
YNR070W 36 535
YNR071C 16 1127
YNR072W 18 107
YNR073C 15 504
YNR074C 11 715
YNR075W 20 418
YNR075C-A 11 782
YNR076W 0 0
YNR077C 1 33
YOL166W-A 3 117
YOL166C 2 4
YOL165C 2 2
YOL164W-A 1 7
YOL164W 23 442
YOL163W 7 83
YOL162W 4 27
YOL161C 4 31
YOL160W 8 268
YOL159C-A 2 7
YOL159C 8 65
YOL158C 24 1333
YOL157C 21 1066
YOL156W 8 809
YOL155W-A 0 0
YOL155C 13 228
YOL154W 3 29
YOL152W 34 792
YOL151W 10 56
YOL150C 0 0
YOL149W 6 106
YOL148C 13 105
YOL147C 10 352
YOL146W 3 5
YOL145C 16 643
YOL144W 7 151
YOL143C 7 140
YOL142W 7 243
YOL141W 38 1333
YOL140W 18 343
YOL139C 4 36
YOL138C 31 667
YOL137W 20 1017
YOL136C 6 52
YOL135C 10 132
YOL134C 7 151
YOL133W 2 39
YOL132W 20 247
YOL131W 5 126
YOL130W 24 418
YOL129W 6 358
YOL128C 14 299
YOL127W 0 0
YOL126C 21 323
YOL125W 22 560
YOL124C 19 193
YOL123W 28 683
YOL122C 23 549
YOL121C 7 45
YOL120C 8 164
YOL119C 23 322
YOL118C 16 820
YOL117W 23 228
YOL116W 13 321
YOL115W 29 498
YOL114C 11 188
YOL113W 19 328
YOL112W 24 1714
YOL111C 14 211
YOL110W 37 2866
YOL109W 1 12
YOL108C 6 73
YOL107W 17 1401
YOL106W 9 197
YOL105C 5 87
YOL104C 7 74
YOL103W 13 330
YOL102C 3 277
YOL101C 0 0
YOL100W 10 781
YOL099C 2 63
YOL098C 37 824
YOL097W-A 9 214
YOL097C 10 313
YOL096C 12 317
YOL095C 10 95
YOL094C 11 318
YOL093W 4 64
YOL092W 11 147
YOL091W 7 182
YOL090W 22 405
YOL089C 32 790
YOL088C 6 99
YOL087C 17 294
YOL086W-A 10 298
YOL086C 16 661
YOL085W-A 12 216
YOL085C 23 592
YOL084W 48 3296
YOL083W 8 329
YOL083C-A 1 2
YOL082W 12 197
YOL081W 66 2045
YOL080C 4 375
YOL079W 0 0
YOL078W 31 720
YOL077W-A 8 199
YOL077C 6 120
YOL076W 8 77
YOL075C 28 775
YOL073C 10 256
YOL072W 15 332
YOL071W 1 55
YOL070C 13 295
YOL069W 14 275
YOL068C 26 348
YOL067C 3 162
YOL066C 19 430
YOL065C 14 195
YOL064C 13 499
YOL063C 20 1586
YOL062C 8 245
YOL061W 20 412
YOL060C 38 815
YOL059W 40 814
YOL058W 31 1390
YOL057W 21 259
YOL056W 11 267
YOL055C 24 402
YOL054W 12 311
YOL053W 26 589
YOL052C-A 1 3
YOL052C 34 4075
YOL051W 21 1699
YOL050C 4 1161
YOL049W 17 281
YOL048C 5 236
YOL047C 7 389
YOL046C 10 286
YOL045W 24 542
YOL044W 5 99
YOL043C 5 88
YOL042W 16 225
YOL041C 13 848
YOL040C 0 0
YOL039W 1 1
YOL038C-A 3 5
YOL038W 10 116
YOL037C 6 83
YOL036W 28 502
YOL035C 4 117
YOL034W 34 1322
YOL033W 10 575
YOL032W 11 146
YOL031C 13 723
YOL030W 13 113
YOL029C 9 189
YOL028C 12 471
YOL027C 12 190
YOL026C 11 219
YOL025W 9 292
YOL024W 5 56
YOL023W 16 268
YOL022C 9 143
YOL021C 34 717
YOL020W 32 496
YOL019W-A 9 1261
YOL019W 15 105
YOL018C 13 354
YOL017W 24 990
YOL016C 13 167
YOL015W 13 230
YOL014W 0 0
YOL013W-B 1 6
YOL013W-A 8 416
YOL013C 17 575
YOL012C 5 46
YOL011W 28 678
YOL010W 16 330
YOL009C 18 570
YOL008W 7 75
YOL007C 20 329
YOL006C 19 1005
YOL005C 6 20
YOL004W 41 703
YOL003C 26 1168
YOL002C 36 33635
YOL001W 24 557
YOR001W 45 1254
YOR002W 45 1485
YOR003W 46 1587
YOR004W 13 185
YOR005C 39 2109
YOR006C 10 126
YOR007C 10 467
YOR008C 3 18
YOR008C-A 4 18
YOR008W-B 2 9
YOR009W 1 9
YOR010C 2 145
YOR011W 30 621
YOR011W-A 3 62
YOR012W 4 12
YOR013W 8 115
YOR014W 15 477
YOR015W 2 23
YOR016C 14 520
YOR017W 19 363
YOR018W 30 987
YOR019W 25 1178
YOR020C 6 33
YOR020W-A 1 9
YOR021C 4 250
YOR022C 25 1351
YOR023C 20 327
YOR024W 17 1111
YOR025W 22 394
YOR026W 22 651
YOR027W 23 577
YOR028C 18 519
YOR029W 17 5581
YOR030W 20 536
YOR031W 4 65
YOR032C 13 147
YOR032W-A 10 181
YOR033C 22 951
YOR034C 35 713
YOR034C-A 9 421
YOR035C 24 550
YOR036W 2 11
YOR037W 26 839
YOR038C 25 778
YOR039W 9 244
YOR040W 25 627
YOR041C 11 404
YOR042W 24 606
YOR043W 12 525
YOR044W 11 399
YOR045W 2 19
YOR046C 18 370
YOR047C 3 35
YOR048C 13 197
YOR049C 12 250
YOR050C 6 138
YOR051C 7 112
YOR052C 4 49
YOR053W 4 64
YOR054C 21 563
YOR055W 6 155
YOR056C 13 245
YOR057W 13 496
YOR058C 18 250
YOR059C 11 309
YOR060C 14 520
YOR061W 16 557
YOR062C 15 126
YOR063W 13 288
YOR064C 9 96
YOR065W 16 162
YOR066W 18 1188
YOR067C 14 337
YOR069W 17 274
YOR068C 2 3
YOR070C 12 999
YOR071C 20 282
YOR072W 14 557
YOR072W-A 16 233
YOR072W-B 3 27
YOR073W 5 38
YOR074C 11 390
YOR073W-A 2 68
YOR075W 2 21
YOR076C 28 2340
YOR077W 15 275
YOR078W 6 203
YOR079C 11 744
YOR080W 16 257
YOR081C 31 503
YOR082C 8 197
YOR083W 33 1303
YOR084W 34 2012
YOR085W 13 9538
YOR086C 32 708
YOR087W 31 351
YOR089C 4 133
YOR090C 29 1178
YOR091W 34 1341
YOR092W 25 493
YOR093C 43 1616
YOR094W 2 13
YOR095C 6 117
YOR096W 3 42
YOR097C 8 85
YOR098C 26 527
YOR099W 22 789
YOR100C 13 111
YOR101W 13 392
YOR102W 0 0
YOR103C 0 0
YOR104W 6 200
YOR105W 2 7
YOR106W 9 30
YOR107W 13 304
YOR108W 22 478
YOR108C-A 1 1
YOR109W 28 495
YOR110W 12 64
YOR111W 5 89
YOR112W 15 145
YOR113W 16 230
YOR114W 17 1316
YOR115C 2 87
YOR116C 22 583
YOR117W 8 164
YOR118W 26 694
YOR119C 16 297
YOR120W 30 1054
YOR121C 8 383
YOR122C 9 397
YOR123C 13 308
YOR124C 42 1199
YOR125C 7 265
YOR126C 12 402
YOR127W 23 401
YOR128C 11 329
YOR129C 15 440
YOR130C 9 318
YOR131C 7 22
YOR132W 18 3563
YOR133W 1 13
YOR134W 38 4358
YOR135C 4 52
YOR136W 13 799
YOR137C 14 285
YOR138C 60 1803
YOR139C 1 1
YOR140W 32 991
YOR141C 29 636
YOR142W 22 450
YOR143C 5 127
YOR144C 24 996
YOR145C 8 197
YOR146W 3 33
YOR147W 12 127
YOR148C 10 172
YOR149C 18 458
YOR150W 3 17
YOR151C 30 951
YOR152C 1 1
YOR153W 56 1623
YOR154W 7 57
YOR155C 5 34
YOR156C 14 109
YOR157C 14 256
YOR158W 10 28
YOR159C 3 5
YOR160W 16 397
YOR161C 17 594
YOR161W-A 0 0
YOR161W-B 2 301
YOR161C-C 12 360
YOR162C 55 2012
YOR163W 3 43
YOR164C 12 177
YOR165W 21 299
YOR166C 12 226
YOR167C 1 4
YOR168W 18 313
YOR169C 3 28
YOR170W 2 22
YOR171C 10 89
YOR172W 19 661
YOR173W 16 2378
YOR174W 10 415
YOR175C 22 265
YOR176W 20 157
YOR177C 14 363
YOR178C 21 408
YOR179C 14 544
YOR180C 3 51
YOR181W 14 271
YOR182C 5 43
YOR183W 22 1143
YOR184W 12 177
YOR185C 5 255
YOR186W 13 419
YOR186C-A 8 349
YOR187W 30 578
YOR188W 28 570
YOR189W 3 38
YOR190W 17 398
YOR191W 33 1380
YOR192C 20 437
YOR192C-C 0 0
YOR193W 8 133
YOR194C 2 79
YOR195W 15 314
YOR196C 8 375
YOR197W 20 183
YOR198C 10 94
YOR199W 22 4061
YOR200W 4 214
YOR201C 6 398
YOR202W 21 531
YOR203W 20 1362
YOR204W 23 367
YOR205C 33 1111
YOR206W 8 180
YOR207C 26 665
YOR208W 10 147
YOR209C 14 164
YOR210W 5 57
YOR211C 34 900
YOR212W 23 1131
YOR213C 15 879
YOR214C 10 469
YOR215C 7 79
YOR216C 26 921
YOR217W 19 240
YOR218C 3 25
YOR219C 28 629
YOR220W 8 69
YOR221C 13 525
YOR222W 43 5680
YOR223W 17 166
YOR224C 8 224
YOR225W 4 218
YOR226C 9 109
YOR227W 45 4018
YOR228C 9 20
YOR229W 37 2108
YOR230W 26 306
YOR231W 24 1139
YOR231C-A 3 179
YOR232W 3 135
YOR233W 29 430
YOR234C 12 126
YOR235W 5 117
YOR236W 6 171
YOR237W 7 177
YOR238W 16 460
YOR239W 6 103
YOR241W 19 614
YOR242C 14 239
YOR243C 14 273
YOR244W 19 317
YOR245C 10 122
YOR246C 10 256
YOR247W 3 1048
YOR248W 1 1
YOR249C 18 160
YOR250C 14 351
YOR251C 13 4424
YOR252W 8 194
YOR253W 13 398
YOR254C 24 574
YOR255W 6 129
YOR256C 20 835
YOR257W 1 2
YOR258W 0 0
YOR259C 11 296
YOR260W 11 320
YOR261C 6 21
YOR262W 12 66
YOR263C 2 3
YOR264W 10 688
YOR265W 7 483
YOR266W 13 148
YOR267C 39 586
YOR268C 30 2088
YOR269W 17 370
YOR270C 45 1300
YOR271C 23 211
YOR272W 10 526
YOR273C 29 475
YOR274W 26 802
YOR275C 24 823
YOR276W 8 702
YOR277C 4 593
YOR278W 6 237
YOR279C 13 502
YOR280C 11 259
YOR281C 3 63
YOR282W 9 600
YOR283W 16 623
YOR284W 10 145
YOR285W 11 390
YOR286W 5 61
YOR287C 5 63
YOR288C 6 30
YOR289W 29 888
YOR290C 22 335
YOR291W 45 590
YOR292C 14 420
YOR293W 9 65
YOR293C-A 3 75
YOR294W 5 119
YOR295W 10 303
YOR296W 36 10635
YOR297C 11 221
YOR298W 19 635
YOR298C-A 7 432
YOR299W 23 381
YOR300W 11 249
YOR301W 59 7690
YOR302W 4 36
YOR303W 33 1054
YOR304W 23 376
YOR304C-A 3 105
YOR305W 1 1
YOR306C 19 286
YOR307C 14 8437
YOR308C 9 135
YOR309C 0 0
YOR310C 11 260
YOR311C 6 391
YOR312C 4 51
YOR313C 8 30
YOR314W 3 112
YOR314W-A 3 197
YOR315W 13 561
YOR316C 36 1151
YOR316C-A 22 2908
YOR317W 33 1029
YOR318C 41 2396
YOR319W 5 68
YOR320C 12 259
YOR321W 26 599
YOR322C 30 1010
YOR323C 7 250
YOR324C 18 370
YOR325W 10 184
YOR326W 34 1223
YOR327C 8 226
YOR328W 60 6421
YOR329C 21 343
YOR329W-A 5 135
YOR330C 21 513
YOR331C 3 54
YOR332W 5 63
YOR333C 4 125
YOR334W 6 147
YOR335C 39 1093
YOR335W-A 0 0
YOR336W 35 762
YOR337W 28 830
YOR338W 17 779
YOR339C 3 7
YOR340C 9 261
YOR341W 17 297
YOR342C 12 94
YOR343C 27 2876
YOR344C 12 315
YOR345C 3 18
YOR346W 40 1035
YOR347C 16 237
YOR348C 187 27474
YOR349W 52 800
YOR350C 28 516
YOR351C 18 261
YOR352W 10 286
YOR353C 11 283
YOR354C 31 463
YOR355W 12 115
YOR356W 24 963
YOR357C 9 165
YOR358W 19 240
YOR359W 15 378
YOR360C 20 344
YOR361C 25 538
YOR362C 13 516
YOR363C 33 4152
YOR364W 17 390
YOR365C 26 727
YOR366W 2 6
YOR367W 4 118
YOR368W 26 1477
YOR369C 11 235
YOR370C 14 342
YOR371C 65 8406
YOR372C 10 153
YOR373W 32 630
YOR374W 24 1751
YOR375C 35 832
YOR376W 13 2250
YOR376W-A 1 1
YOR377W 25 1542
YOR378W 14 147
YOR379C 9 98
YOR380W 30 1346
YOR381W 15 336
YOR381W-A 2 10
YOR382W 4 8
YOR383C 2 4
YOR384W 21 250
YOR385W 12 284
YOR386W 13 381
YOR387C 0 0
YOR388C 1 2
YOR389W 11 126
YOR390W 1 2
YOR391C 4 46
YOR392W 3 12
YOR393W 0 0
YOR394W 0 0
YOR394C-A 1 1
YOR396W 0 0
YOR396C-A 0 0
YPL283C 0 0
YPL283W-B 0 0
YPL283W-A 0 0
YPL282C 0 0
YPL281C 0 0
YPL280W 0 0
YPL279C 3 50
YPL278C 0 0
YPL277C 14 125
YPL274W 34 1042
YPL273W 8 390
YPL272C 5 29
YPL271W 0 0
YPL270W 15 236
YPL269W 27 522
YPL268W 20 342
YPL267W 3 28
YPL266W 10 1197
YPL265W 44 1824
YPL264C 8 453
YPL263C 27 967
YPL262W 25 673
YPL261C 11 520
YPL260W 9 240
YPL259C 14 288
YPL258C 29 392
YPL257W 7 64
YPL256C 28 420
YPL255W 15 580
YPL254W 10 300
YPL253C 15 252
YPL252C 1 5
YPL251W 1 5
YPL250C 10 109
YPL249C-A 3 12
YPL250W-A 3 12
YPL249C 30 531
YPL248C 13 168
YPL247C 29 1566
YPL246C 11 1362
YPL245W 27 1798
YPL244C 21 249
YPL243W 8 305
YPL242C 37 2406
YPL241C 6 147
YPL240C 20 1960
YPL239W 6 102
YPL238C 1 21
YPL237W 5 117
YPL236C 10 231
YPL235W 9 359
YPL234C 12 369
YPL233W 11 356
YPL232W 15 559
YPL231W 80 3656
YPL230W 21 279
YPL229W 13 357
YPL228W 9 214
YPL227C 12 228
YPL226W 18 331
YPL225W 0 0
YPL224C 34 2226
YPL223C 18 308
YPL222W 33 658
YPL222C-A 2 4
YPL221W 69 3841
YPL220W 2 71
YPL219W 19 1426
YPL218W 11 92
YPL217C 30 427
YPL216W 24 341
YPL215W 9 152
YPL214C 16 418
YPL213W 13 177
YPL212C 18 791
YPL211W 9 153
YPL210C 17 359
YPL209C 9 91
YPL208W 22 931
YPL207W 23 1077
YPL206C 16 197
YPL205C 7 308
YPL204W 19 470
YPL203W 15 779
YPL202C 12 138
YPL201C 15 148
YPL200W 1 1
YPL199C 15 354
YPL198W 26 352
YPL197C 2 20
YPL196W 7 242
YPL195W 17 1679
YPL194W 19 225
YPL193W 15 309
YPL192C 1 2
YPL191C 9 107
YPL190C 23 401
YPL189C-A 1 2
YPL189W 23 440
YPL188W 18 811
YPL187W 1 2
YPL186C 25 600
YPL185W 27 1338
YPL184C 19 343
YPL183W-A 6 35
YPL183C 38 1063
YPL182C 4 7
YPL181W 20 364
YPL180W 18 372
YPL179W 29 1150
YPL178W 6 185
YPL177C 9 3642
YPL176C 27 671
YPL175W 18 517
YPL174C 9 317
YPL173W 4 7
YPL172C 9 402
YPL171C 28 8882
YPL170W 13 492
YPL169C 8 216
YPL168W 13 254
YPL167C 30 14789
YPL166W 6 104
YPL165C 6 82
YPL164C 27 641
YPL163C 11 463
YPL162C 15 320
YPL161C 16 327
YPL160W 22 387
YPL159C 5 47
YPL158C 25 343
YPL157W 22 714
YPL156C 19 1914
YPL155C 48 3140
YPL154C 9 171
YPL153C 31 747
YPL152W-A 1 3
YPL152W 5 18
YPL151C 18 250
YPL150W 15 248
YPL149W 4 48
YPL148C 3 12
YPL147W 14 520
YPL146C 6 101
YPL145C 5 88
YPL144W 20 750
YPL143W 4 147
YPL142C 0 0
YPL141C 41 1023
YPL140C 21 473
YPL139C 9 319
YPL138C 5 15
YPL137C 59 1321
YPL136W 3 61
YPL135W 19 450
YPL135C-A 6 249
YPL134C 20 239
YPL133C 40 2259
YPL132W 8 134
YPL131W 5 178
YPL130W 2 87
YPL129W 1 5
YPL128C 11 208
YPL127C 16 293
YPL126W 10 82
YPL125W 27 675
YPL124W 11 118
YPL123C 12 407
YPL122C 12 188
YPL121C 5 103
YPL120W 8 69
YPL119C-A 2 41
YPL119C 19 1055
YPL118W 7 161
YPL117C 13 227
YPL116W 24 533
YPL115C 26 977
YPL114W 4 69
YPL113C 11 103
YPL112C 9 181
YPL111W 61 6933
YPL110C 40 2510
YPL109C 26 597
YPL108W 19 563
YPL107W 24 961
YPL106C 22 787
YPL105C 22 773
YPL104W 18 708
YPL103C 25 547
YPL102C 10 306
YPL101W 17 479
YPL100W 11 319
YPL099C 2 12
YPL098C 3 22
YPL097W 14 240
YPL096C-A 2 11
YPL096W 20 450
YPL095C 23 1841
YPL094C 21 570
YPL093W 14 242
YPL092W 34 3214
YPL091W 15 292
YPL090C 3 10
YPL089C 19 343
YPL088W 13 407
YPL087W 5 36
YPL086C 13 218
YPL085W 39 516
YPL084W 18 458
YPL083C 9 569
YPL082C 34 687
YPL081W 22 964
YPL080C 8 1495
YPL079W 8 59
YPL078C 3 36
YPL077C 14 486
YPL076W 6 164
YPL075W 17 292
YPL074W 20 1191
YPL073C 2 30
YPL072W 9 141
YPL071C 6 176
YPL070W 19 640
YPL069C 12 176
YPL068C 13 247
YPL067C 31 597
YPL066W 28 1806
YPL065W 9 171
YPL064C 12 237
YPL063W 16 303
YPL062W 34 2429
YPL061W 34 2350
YPL060W 17 447
YPL059W 5 134
YPL058C 38 854
YPL057C 19 1614
YPL056C 18 2280
YPL055C 14 370
YPL054W 17 389
YPL053C 14 231
YPL052W 7 337
YPL051W 8 118
YPL050C 5 80
YPL049C 21 435
YPL048W 13 163
YPL047W 4 48
YPL046C 4 131
YPL045W 22 1391
YPL044C 4 92
YPL043W 11 185
YPL042C 26 487
YPL041C 9 470
YPL040C 18 322
YPL039W 12 126
YPL038W-A 0 0
YPL038W 6 413
YPL037C 0 0
YPL036W 22 615
YPL035C 4 40
YPL034W 5 158
YPL033C 7 167
YPL032C 15 322
YPL031C 20 665
YPL030W 18 231
YPL029W 19 374
YPL028W 12 312
YPL027W 6 86
YPL026C 22 488
YPL025C 13 438
YPL024W 18 256
YPL023C 7 2565
YPL022W 16 425
YPL021W 5 39
YPL020C 16 185
YPL019C 27 1137
YPL018W 21 537
YPL017C 28 23794
YPL016W 40 955
YPL015C 35 2083
YPL014W 28 707
YPL013C 10 561
YPL012W 21 491
YPL011C 15 390
YPL010W 3 43
YPL009C 18 365
YPL008W 11 163
YPL007C 3 181
YPL006W 39 884
YPL005W 16 235
YPL004C 27 221
YPL003W 37 2167
YPL002C 32 1518
YPL001W 31 524
YPR001W 72 12786
YPR002W 49 1930
YPR002C-A 1 1
YPR003C 22 1020
YPR004C 5 46
YPR005C 4 30
YPR006C 33 751
YPR007C 24 565
YPR008W 33 1263
YPR009W 6 92
YPR010C 12 190
YPR010C-A 1 1
YPR011C 38 2414
YPR012W 4 40
YPR013C 11 246
YPR014C 10 135
YPR015C 20 396
YPR016C 3 101
YPR016W-A 2 3
YPR017C 5 209
YPR018W 13 309
YPR019W 22 574
YPR020W 4 17
YPR021C 25 519
YPR022C 45 2558
YPR023C 15 196
YPR024W 14 266
YPR025C 8 278
YPR026W 45 862
YPR027C 3 102
YPR028W 8 122
YPR029C 18 895
YPR030W 30 1974
YPR031W 19 1315
YPR032W 11 345
YPR033C 18 556
YPR034W 5 119
YPR035W 26 754
YPR036W 50 2317
YPR036W-A 4 41
YPR037C 22 808
YPR038W 10 283
YPR039W 17 1532
YPR040W 24 7014
YPR041W 7 104
YPR042C 19 349
YPR043W 0 0
YPR044C 0 0
YPR045C 4 40
YPR046W 4 12
YPR047W 20 282
YPR048W 6 221
YPR049C 26 791
YPR050C 12 1134
YPR051W 14 1151
YPR052C 2 130
YPR053C 9 701
YPR054W 16 577
YPR055W 22 352
YPR056W 12 348
YPR057W 5 52
YPR058W 7 130
YPR059C 1 9
YPR060C 3 30
YPR061C 17 182
YPR062W 10 247
YPR063C 6 99
YPR064W 24 339
YPR065W 12 214
YPR066W 12 272
YPR067W 16 323
YPR068C 20 260
YPR069C 10 167
YPR070W 13 202
YPR071W 12 236
YPR072W 16 754
YPR073C 11 196
YPR074C 30 1247
YPR074W-A 8 515
YPR075C 3 50
YPR076W 0 0
YPR077C 9 373
YPR078C 16 472
YPR079W 19 332
YPR080W 4 120
YPR081C 35 2454
YPR082C 7 65
YPR083W 20 344
YPR084W 9 114
YPR085C 6 149
YPR086W 13 183
YPR087W 9 55
YPR088C 18 595
YPR089W 18 380
YPR091C 17 134
YPR092W 12 2677
YPR093C 15 748
YPR094W 4 149
YPR095C 27 391
YPR096C 8 1298
YPR097W 34 840
YPR098C 7 206
YPR099C 4 12
YPR100W 5 13
YPR101W 7 130
YPR102C 0 0
YPR103W 7 178
YPR104C 15 220
YPR105C 15 284
YPR106W 18 391
YPR107C 13 664
YPR108W 9 155
YPR108W-A 8 68
YPR109W 17 538
YPR110C 5 92
YPR111W 24 528
YPR112C 17 385
YPR113W 14 378
YPR114W 12 154
YPR115W 34 1331
YPR116W 6 281
YPR117W 69 1956
YPR118W 7 132
YPR119W 12 297
YPR120C 23 472
YPR121W 17 1423
YPR122W 65 9263
YPR123C 7 66
YPR124W 23 213
YPR125W 6 108
YPR126C 3 83
YPR127W 17 279
YPR128C 8 547
YPR129W 7 34
YPR130C 4 77
YPR131C 12 245
YPR132W 2 2
YPR133C 10 147
YPR133W-A 0 0
YPR134W 5 428
YPR135W 17 253
YPR136C 2 34
YPR137W 7 68
YPR138C 29 631
YPR139C 1 3
YPR140W 15 364
YPR141C 16 262
YPR142C 13 489
YPR143W 2 10
YPR144C 13 461
YPR145W 48 3338
YPR145C-A 5 226
YPR146C 9 303
YPR147C 16 269
YPR148C 16 1142
YPR149W 10 383
YPR150W 24 822
YPR151C 30 1039
YPR152C 25 1614
YPR153W 16 167
YPR154W 2 31
YPR155C 23 434
YPR156C 22 404
YPR157W 20 442
YPR158W 8 41
YPR159W 32 829
YPR159C-A 4 36
YPR160W 61 8968
YPR160W-A 1 16
YPR160C-A 9 169
YPR161C 20 840
YPR162C 11 87
YPR163C 7 197
YPR164W 26 1369
YPR165W 4 21
YPR166C 2 34
YPR167C 9 1052
YPR168W 9 522
YPR169W 29 1144
YPR170C 11 479
YPR169W-A 2 4
YPR170W-B 7 270
YPR170W-A 5 73
YPR171W 10 61
YPR172W 7 180
YPR173C 7 52
YPR174C 5 139
YPR175W 18 198
YPR176C 7 222
YPR177C 4 140
YPR178W 26 870
YPR179C 23 631
YPR180W 5 102
YPR181C 15 261
YPR182W 5 86
YPR183W 13 745
YPR184W 62 2557
YPR185W 26 711
YPR186C 11 192
YPR187W 5 41
YPR188C 4 121
YPR189W 37 1284
YPR190C 19 491
YPR191W 1 4
YPR192W 35 1131
YPR193C 13 199
YPR194C 33 899
YPR195C 31 2509
YPR196W 18 517
YPR197C 5 192
YPR198W 12 260
YPR199C 18 1235
YPR200C 1 1
YPR201W 19 452
YPR202W 0 0
YPR203W 0 0
YPR204W 0 0
YPR204C-A 0 0
