YAL069W 26 7719
YAL068W-A 16 597
YAL068C 8 513
YAL067W-A 5 100
YAL067C 33 8944
YAL066W 4 36
YAL065C 7 179
YAL064W-B 2 16
YAL064C-A 1 78
YAL064W 1 5
YAL063C-A 1 35
YAL063C 19 843
YAL062W 106 7324
YAL061W 80 2850
YAL060W 68 5323
YAL059C-A 5 222
YAL059W 7 501
YAL058W 51 2392
YAL056C-A 9 611
YAL056W 74 3614
YAL055W 9 127
YAL054C 80 3479
YAL053W 59 4027
YAL051W 57 1628
YAL049C 27 458
YAL048C 52 2756
YAL047W-A 8 465
YAL047C 25 993
YAL046C 13 186
YAL045C 6 51
YAL044W-A 10 249
YAL044C 24 499
YAL043C 62 2930
YAL042C-A 17 1141
YAL042W 48 2122
YAL041W 37 525
YAL040C 29 403
YAL039C 69 3759
YAL038W 45 2797
YAL037C-B 23 1543
YAL037C-A 5 383
YAL037W 18 533
YAL036C 21 67951
YAL035W 35 1107
YAL034C-B 20 583
YAL034W-A 12 385
YAL034C 39 1152
YAL033W 2 15
YAL032C 27 1338
YAL031W-A 6 107
YAL031C 36 1063
YAL030W 9 1026
YAL029C 70 2664
YAL028W 26 2152
YAL027W 16 2369
YAL026C-A 9 2336
YAL026C 40 1548
YAL025C 7 119
YAL024C 43 1029
YAL023C 61 1883
YAL022C 23 305
YAL021C 54 1161
YAL020C 38 2867
YAL019W-A 27 1040
YAL019W 37 1883
YAL018C 15 284
YAL017W 69 3623
YAL016C-B 12 297
YAL016C-A 9 201
YAL016W 26 455
YAL015C 33 1311
YAL014C 15 283
YAL013W 13 286
YAL012W 35 1362
YAL011W 22 526
YAL010C 13 99
YAL009W 5 66
YAL008W 16 407
YAL007C 16 43888
YAL005C 52 4151
YAL004W 20 1785
YAL003W 14 466
YAL002W 86 8063
YAL001C 155 10400
YAR002W 78 4273
YAR002C-A 26 4335
YAR003W 72 309314
YAR007C 18 544
YAR008W 24 829
YAR014C 33 881
YAR015W 9 168
YAR018C 22 877
YAR019C 38 1331
YAR019W-A 7 74
YAR020C 3 80
YAR023C 15 562
YAR027W 19 2291
YAR028W 28 1383
YAR029W 0 0
YAR030C 7 58
YAR031W 22 373
YAR033W 7 336
YAR035W 141 6529
YAR035C-A 3 8
YAR042W 64 2945
YAR047C 0 0
YAR050W 25 869
YAR053W 0 0
YAR060C 0 0
YAR064W 2 3
YAR066W 0 0
YAR068W 3 15
YAR069C 0 0
YAR070C 0 0
YAR071W 3 32
YAR073W 3 11
YAR075W 2 6
YBL113C 1 1
YBL113W-A 0 0
YBL112C 0 0
YBL111C 0 0
YBL109W 22 1909
YBL108C-A 1 2
YBL108W 27 4606
YBL107W-A 0 0
YBL107C 19 433
YBL106C 37 1071
YBL105C 41 1117
YBL104C 83 3219
YBL103C 23 202
YBL102W 15 800
YBL101C 98 2915
YBL100W-C 10 740
YBL100C 4 32
YBL099W 28 460
YBL098W 39 862
YBL097W 30 949
YBL096C 18 2446
YBL095W 24 2526
YBL094C 5 193
YBL093C 26 37353
YBL092W 1 36
YBL091C-A 15 259
YBL091C 29 1970
YBL090W 10 97
YBL089W 24 386
YBL088C 132 3465
YBL087C 16 481
YBL086C 8 657
YBL085W 29 402
YBL084C 29 829
YBL083C 6 85
YBL082C 38 908
YBL081W 17 294
YBL080C 36 586
YBL079W 55 2169
YBL078C 0 0
YBL077W 16 317
YBL076C 54 1473
YBL075C 45 1009
YBL074C 29 900
YBL073W 26 5921
YBL072C 6 106
YBL071C-B 2 2
YBL071W-A 6 29
YBL071C 6 89
YBL070C 14 875
YBL069W 42 1260
YBL068W-A 3 82
YBL068W 17 254
YBL067C 23 17084
YBL066C 71 1575
YBL065W 13 333
YBL064C 29 1108
YBL063W 56 3642
YBL062W 8 268
YBL061C 42 1134
YBL060W 42 1322
YBL059C-A 3 104
YBL059W 10 186
YBL058W 32 800
YBL057C 16 275
YBL056W 26 435
YBL055C 31 660
YBL054W 39 1047
YBL053W 7 351
YBL052C 30 2782
YBL051C 30 1999
YBL050W 15 594
YBL049W 10 300
YBL048W 4 11
YBL047C 63 2546
YBL046W 20 409
YBL045C 24 333
YBL044W 48 13204
YBL043W 18 313
YBL042C 50 1037
YBL041W 13 268
YBL040C 19 456
YBL039W-B 2 6
YBL039C 27 450
YBL039C-A 1 16
YBL038W 18 407
YBL037W 67 1600
YBL036C 27 338
YBL035C 45 1591
YBL034C 55 857
YBL033C 27 691
YBL032W 26 461
YBL031W 36 1901
YBL030C 33 570
YBL029C-A 7 214
YBL029W 37 1118
YBL028C 5 451
YBL027W 7 85
YBL026W 3 53
YBL025W 10 107
YBL024W 31 6595
YBL023C 42 1232
YBL022C 36 562
YBL021C 11 334
YBL020W 24 465
YBL019W 25 393
YBL018C 15 332
YBL017C 104 9145
YBL016W 36 1289
YBL015W 81 2991
YBL014C 46 1425
YBL013W 82 3266
YBL012C 14 392
YBL011W 35 715
YBL010C 12 260
YBL009W 39 1338
YBL008W-A 1 1
YBL008W 40 1342
YBL007C 51 935
YBL006C 5 361
YBL006W-A 4 348
YBL005W 51 1187
YBL004W 55 1600
YBL003C 9 8067
YBL002W 28 2034
YBL001C 42 1754
YBR001C 146 8676
YBR002C 34 859
YBR003W 41 2930
YBR004C 35 508
YBR005W 16 324
YBR006W 74 3030
YBR007C 50 2151
YBR008C 59 2188
YBR009C 3 17
YBR010W 13 394
YBR011C 10 281
YBR012C 0 0
YBR013C 9 402
YBR014C 6 79
YBR015C 25 284
YBR016W 8 394
YBR017C 35 500
YBR018C 26 671
YBR019C 81 2442
YBR020W 58 1558
YBR021W 37 114314
YBR022W 19 626
YBR023C 57 3881
YBR024W 15 471
YBR025C 29 552
YBR026C 21 637
YBR027C 13 301
YBR028C 12 183
YBR029C 32 576
YBR030W 12 299
YBR031W 4 269
YBR032W 37 31381
YBR033W 59 2161
YBR034C 41 2007
YBR035C 21 565
YBR036C 24 972
YBR037C 24 541
YBR038W 63 1198
YBR039W 12 332
YBR040W 7 23
YBR041W 15 496
YBR042C 16 326
YBR043C 33 760
YBR044C 18 1174
YBR045C 31 782
YBR046C 16 322
YBR047W 23 832
YBR048W 5 242
YBR049C 53 2111
YBR050C 30 2196
YBR051W 12 1738
YBR052C 15 290
YBR053C 21 1540
YBR054W 39 4453
YBR055C 51 1113
YBR056W 20 290
YBR056W-A 6 353
YBR056C-B 4 314
YBR057C 17 277
YBR058C 30 1333
YBR058C-A 4 22
YBR059C 44 818
YBR060C 25 570
YBR061C 27 966
YBR062C 10 209
YBR063C 9 171
YBR064W 2 94
YBR065C 17 270
YBR066C 13 158
YBR067C 2 7
YBR068C 57 5070
YBR069C 40 1488
YBR070C 26 641
YBR071W 18 346
YBR072W 14 340
YBR072C-A 15 374
YBR073W 33 395
YBR074W 57 1866
YBR076W 23 434
YBR076C-A 10 500
YBR077C 10 280
YBR078W 56 4829
YBR079C 49 1426
YBR080C 33 418
YBR081C 35 714
YBR082C 24 313
YBR083W 44 1782
YBR084W 30 1286
YBR084C-A 11 296
YBR085W 12 272
YBR085C-A 6 97
YBR086C 43 1323
YBR087W 15 610
YBR088C 15 216
YBR089W 11 118
YBR089C-A 21 213
YBR090C 35 425
YBR091C 6 68
YBR092C 18 362
YBR093C 33 307
YBR094W 50 2025
YBR095C 15 376
YBR096W 6 34
YBR097W 40 1164
YBR098W 39 1109
YBR099C 4 30
YBR101C 8 159
YBR102C 42 945
YBR103W 25 348
YBR103C-A 15 1032
YBR104W 26 1559
YBR105C 14 387
YBR106W 14 535
YBR107C 12 747
YBR108W 43 1234
YBR109C 1 1
YBR109W-A 11 163
YBR110W 10 105
YBR111C 17 695
YBR111W-A 6 60
YBR112C 28 537
YBR113W 12 274
YBR114W 54 1146
YBR115C 85 4449
YBR116C 18 1713
YBR117C 65 2211
YBR118W 5 77
YBR119W 15 154
YBR120C 5 35
YBR121C 3 40
YBR121C-A 0 0
YBR122C 4 70
YBR123C 22 284
YBR124W 18 449
YBR125C 29 4155
YBR126C 38 1337
YBR126W-A 14 1529
YBR126W-B 12 1558
YBR127C 27 847
YBR128C 29 751
YBR129C 9 222
YBR130C 9 165
YBR131W 21 223
YBR131C-A 0 0
YBR132C 49 3007
YBR133C 58 1565
YBR134W 31 1340
YBR135W 10 179
YBR136W 73 1297
YBR137W 19 250
YBR138C 29 762
YBR139W 46 979
YBR140C 136 8408
YBR141C 14 393
YBR141W-A 0 0
YBR142W 48 1069
YBR143C 15 369
YBR144C 20 418
YBR145W 23 417
YBR146W 20 352
YBR147W 17 1614
YBR148W 36 1784
YBR149W 24 894
YBR150C 49 900
YBR151W 27 793
YBR152W 17 438
YBR153W 16 433
YBR154C 3 8
YBR155W 8 60
YBR156C 24 389
YBR157C 23 879
YBR158W 23 708
YBR159W 17 338
YBR160W 18 563
YBR161W 8 34
YBR162C 42 646
YBR162W-A 3 57
YBR163W 30 427
YBR164C 10 190
YBR165W 9 155
YBR166C 21 564
YBR167C 5 125
YBR168W 11 228
YBR169C 41 11656
YBR170C 40 933
YBR171W 7 85
YBR172C 41 1166
YBR173C 10 282
YBR174C 18 716
YBR175W 38 1347
YBR176W 12 5452
YBR177C 35 1360
YBR178W 22 539
YBR179C 41 829
YBR180W 25 893
YBR181C 8 100
YBR182C 21 631
YBR182C-A 1 158
YBR183W 25 294
YBR184W 18 439
YBR185C 16 672
YBR186W 51 1313
YBR187W 12 183
YBR188C 11 335
YBR189W 9 33
YBR190W 1 2
YBR191W 2 11
YBR191W-A 0 0
YBR192W 12 203
YBR193C 9 396
YBR194W 10 278
YBR195C 18 115
YBR196C 36 1190
YBR196C-A 14 1682
YBR196C-B 9 387
YBR197C 36 1928
YBR198C 20 199
YBR199W 33 1171
YBR200W 9 409
YBR200W-A 1 4
YBR201W 4 24
YBR201C-A 4 138
YBR202W 45 2869
YBR203W 68 1757
YBR204C 18 255
YBR205W 33 912
YBR206W 14 184
YBR207W 35 860
YBR208C 115 3298
YBR209W 30 2166
YBR210W 3 33
YBR211C 15 334
YBR212W 37 1067
YBR213W 35 1023
YBR214W 56 3471
YBR215W 21 421
YBR216C 26 667
YBR217W 7 25
YBR218C 76 2031
YBR219C 43 2903
YBR220C 32 1321
YBR221C 27 1555
YBR221W-A 9 714
YBR222C 43 585
YBR223C 28 660
YBR223W-A 9 315
YBR224W 14 288
YBR225W 22 281
YBR226C 4 57
YBR227C 8 275
YBR228W 23 1933
YBR229C 65 1290
YBR230C 8 266
YBR230W-A 21 1840
YBR231C 16 770
YBR232C 8 244
YBR233W 21 456
YBR233W-A 3 32
YBR234C 23 614
YBR235W 91 3015
YBR236C 17 262
YBR237W 26 382
YBR238C 17 372
YBR239C 70 2720
YBR240C 26 402
YBR241C 66 9534
YBR242W 26 2199
YBR243C 14 200
YBR244W 6 129
YBR245C 49 1539
YBR246W 27 369
YBR247C 6 116
YBR248C 39 7169
YBR249C 17 508
YBR250W 28 1205
YBR251W 20 553
YBR252W 9 586
YBR253W 8 118
YBR254C 7 121
YBR255W 41 1900
YBR255C-A 10 762
YBR256C 15 439
YBR257W 15 145
YBR258C 9 47
YBR259W 25 399
YBR260C 48 882
YBR261C 26 520
YBR262C 11 188
YBR263W 32 770
YBR264C 13 201
YBR265W 14 266
YBR267W 24 781
YBR266C 6 349
YBR268W 4 9
YBR269C 9 112
YBR270C 16 303
YBR271W 30 744
YBR272C 12 451
YBR273C 17 454
YBR274W 17 527
YBR275C 88 3505
YBR276C 45 858
YBR277C 9 70
YBR278W 17 272
YBR279W 18 675
YBR280C 45 1498
YBR281C 31 1127
YBR282W 11 57
YBR283C 28 813
YBR284W 57 1927
YBR285W 5 66
YBR286W 64 2758
YBR287W 12 144
YBR288C 21 1464
YBR289W 29 676
YBR290W 11 364
YBR291C 45 1425
YBR292C 6 114
YBR293W 28 1470
YBR294W 46 1315
YBR295W 73 1856
YBR296C 49 1232
YBR296C-A 17 1078
YBR297W 27 1406
YBR298C 62 2058
YBR298C-A 16 582
YBR299W 10 245
YBR300C 3 113
YBR301W 4 249
YBR302C 0 0
YCL076W 20 746
YCL073C 16 315
YCL069W 2 21
YCL068C 0 0
YCL067C 0 0
YCL066W 0 0
YCL065W 1 32
YCL064C 29 512
YCL063W 18 394
YCL061C 34 630
YCL059C 12 241
YCL058C 16 410
YCL058W-A 9 273
YCL057C-A 14 425
YCL057W 41 1713
YCL056C 3 19
YCL055W 9 93
YCL054W 17 1009
YCL052C 17 701
YCL051W 23 548
YCL050C 20 408
YCL049C 12 7449
YCL048W-A 3 59
YCL048W 23 729
YCL047C 10 239
YCL045C 43 942
YCL046W 2 12
YCL044C 14 616
YCL043C 52 1158
YCL041C 23 503
YCL042W 29 4324
YCL040W 130 29607
YCL039W 78 1366
YCL038C 18 203
YCL037C 22 581
YCL036W 38 781
YCL035C 5 283
YCL034W 40 662
YCL033C 7 121
YCL032W 22 290
YCL031C 12 356
YCL030C 39 1117
YCL029C 47 2553
YCL028W 23 629
YCL027W 27 532
YCL026C-B 2 22
YCL026C-A 17 1453
YCL025C 80 2815
YCL023C 11 432
YCL024W 65 2152
YCL022C 8 227
YCL021W-A 13 244
YCL018W 23 951
YCL017C 21 690
YCL016C 24 800
YCL014W 64 1261
YCL012C 6 111
YCL011C 31 649
YCL010C 35 1040
YCL009C 26 654
YCL008C 33 2278
YCL007C 9 106
YCL005W-A 13 125
YCL005W 9 66
YCL004W 29 1611
YCL002C 22 1561
YCL001W 6 56
YCL001W-A 1 1
YCL001W-B 10 162
YCR001W 16 206
YCR002C 17 442
YCR003W 17 491
YCR004C 12 665
YCR005C 63 2888
YCR006C 52 3912
YCR007C 14 1010
YCR008W 45 1200
YCR009C 8 354
YCR010C 22 205
YCR011C 98 2814
YCR012W 19 476
YCR013C 10 183
YCR014C 32 1272
YCR015C 27 947
YCR016W 8 282
YCR017C 50 5202
YCR018C 14 112
YCR018C-A 5 78
YCR019W 32 791
YCR020C 11 314
YCR020C-A 7 442
YCR020W-B 2 12
YCR021C 43 1460
YCR022C 33 1264
YCR023C 52 1511
YCR024C 23 465
YCR024C-B 18 1118
YCR024C-A 3 16
YCR025C 30 4517
YCR026C 55 1950
YCR027C 3 10
YCR028C 23 393
YCR028C-A 2 2
YCR030C 38 39985
YCR031C 18 280
YCR032W 85 2631
YCR033W 53 1449
YCR034W 3 66
YCR035C 5 85
YCR036W 37 1339
YCR037C 23 638
YCR038C 9 87
YCR038W-A 0 0
YCR039C 0 0
YCR040W 0 0
YCR041W 3 61
YCR042C 71 1872
YCR043C 21 2885
YCR044C 18 458
YCR045C 32 703
YCR045W-A 11 430
YCR046C 17 404
YCR047C 18 383
YCR047W-A 6 87
YCR049C 20 648
YCR048W 52 2096
YCR050C 5 317
YCR051W 21 204
YCR052W 19 423
YCR053W 15 491
YCR054C 24 952
YCR057C 33 776
YCR059C 42 576
YCR060W 11 308
YCR061W 69 6614
YCR064C 26 3361
YCR063W 40 4892
YCR065W 52 1783
YCR066W 16 857
YCR067C 50 1228
YCR068W 46 1633
YCR069W 22 514
YCR071C 11 681
YCR072C 28 512
YCR073C 71 1553
YCR073W-A 23 3330
YCR075C 14 1015
YCR075W-A 2 11
YCR076C 18 471
YCR077C 36 856
YCR079W 40 1032
YCR081W 63 1757
YCR081C-A 8 209
YCR082W 16 338
YCR083W 7 294
YCR084C 42 831
YCR085W 1 34
YCR086W 14 160
YCR087W 17 352
YCR087C-A 12 228
YCR088W 37 953
YCR089W 43 1621
YCR090C 12 387
YCR091W 50 3990
YCR092C 34 670
YCR093W 73 1930
YCR094W 18 299
YCR095C 7 228
YCR095W-A 3 38
YCR096C 0 0
YCR097W 4 141
YCR097W-A 2 6
YCR098C 26 373
YCR099C 8 321
YCR100C 22 618
YCR101C 14 632
YCR102C 45 694
YCR102W-A 0 0
YCR104W 3 49
YCR105W 36 867
YCR106W 44 1446
YCR107W 15 1255
YCR108C 12 1060
YDL248W 3 13
YDL247W-A 0 0
YDL247W 0 0
YDL246C 0 0
YDL245C 1 7
YDL244W 13 415
YDL243C 18 505
YDL242W 31 1076
YDL241W 5 88
YDL240C-A 26 5297
YDL240W 42 1901
YDL239C 17 217
YDL238C 45 2009
YDL237W 16 304
YDL236W 7 147
YDL235C 2 10
YDL234C 45 1438
YDL233W 11 306
YDL232W 1 1
YDL231C 109 3995
YDL230W 25 382
YDL229W 17 410
YDL228C 2 44
YDL227C 12 2277
YDL226C 23 379
YDL225W 23 449
YDL224C 25 331
YDL223C 83 1442
YDL222C 35 1075
YDL221W 63 4879
YDL220C 120 4164
YDL219W 6 118
YDL218W 35 831
YDL217C 10 320
YDL216C 18 592
YDL215C 92 4102
YDL214C 63 1024
YDL213C 22 508
YDL212W 4 52
YDL211C 10 93
YDL210W 19 320
YDL209C 12 382
YDL208W 7 443
YDL207W 14 239
YDL206W 29 376
YDL205C 24 338
YDL204W 50 1139
YDL203C 18 373
YDL202W 5 25
YDL201W 24 701
YDL200C 8 40
YDL199C 19 570
YDL198C 25 467
YDL197C 47 719
YDL196W 18 346
YDL195W 22 254
YDL194W 28 725
YDL193W 17 358
YDL192W 15 144
YDL191W 2 26
YDL190C 44 873
YDL189W 13 984
YDL188C 27 2401
YDL187C 6 117
YDL186W 17 701
YDL185C-A 2 108
YDL185W 42 650
YDL184C 2 93
YDL183C 22 344
YDL182W 43 1602
YDL181W 8 92
YDL180W 25 717
YDL179W 8 58
YDL178W 51 1050
YDL177C 16 525
YDL176W 27 1016
YDL175C 23 324
YDL174C 57 1579
YDL173W 22 387
YDL172C 8 170
YDL171C 144 4044
YDL170W 37 534
YDL169C 19 339
YDL168W 30 915
YDL167C 29 726
YDL166C 4 41
YDL165W 7 125
YDL164C 55 1247
YDL163W 8 61
YDL162C 17 224
YDL161W 25 824
YDL160C-A 10 463
YDL160C 26 423
YDL159W-A 6 177
YDL159W 39 839
YDL159C-B 1 18
YDL158C 7 108
YDL157C 6 2769
YDL156W 56 3708
YDL155W 30 844
YDL154W 35 455
YDL153C 6 74
YDL152W 3 5
YDL151C 5 65
YDL150W 18 439
YDL149W 36 1146
YDL148C 40 929
YDL147W 13 191
YDL146W 7 66
YDL145C 52 1007
YDL144C 36 1005
YDL143W 23 625
YDL142C 27 2201
YDL141W 24 357
YDL140C 74 1344
YDL139C 14 101
YDL138W 55 987
YDL137W 39 1341
YDL136W 9 73
YDL135C 19 898
YDL134C 25 382
YDL133C-A 0 0
YDL133W 20 1194
YDL132W 44 918
YDL131W 43 1372
YDL130W-A 5 103
YDL130W 13 1240
YDL129W 17 422
YDL128W 22 683
YDL127W 39 1158
YDL126C 41 954
YDL125C 31 1483
YDL124W 31 3583
YDL123W 10 98
YDL122W 31 569
YDL121C 15 2837
YDL120W 5 122
YDL119C 19 877
YDL118W 4 554
YDL117W 29 599
YDL116W 23 497
YDL115C 22 830
YDL114W-A 5 370
YDL114W 11 154
YDL113C 40 850
YDL112W 70 1343
YDL111C 16 196
YDL110C 21 187
YDL109C 30 3625
YDL108W 23 429
YDL107W 29 814
YDL106C 36 1120
YDL105W 16 93
YDL104C 35 1060
YDL103C 14 255
YDL102W 42 736
YDL101C 22 293
YDL100C 23 585
YDL099W 11 186
YDL098C 15 324
YDL097C 25 328
YDL096C 4 131
YDL095W 34 762
YDL094C 22 422
YDL093W 38 2931
YDL092W 16 717
YDL091C 18 317
YDL090C 14 328
YDL089W 46 797
YDL088C 20 405
YDL087C 10 119
YDL086W 46 141899
YDL086C-A 36 141756
YDL085C-A 12 538
YDL085W 47 959
YDL084W 11 139
YDL083C 3 6
YDL082W 13 551
YDL081C 0 0
YDL080C 32 2801
YDL079C 58 1785
YDL078C 15 662
YDL077C 58 999
YDL076C 19 415
YDL075W 1 1
YDL074C 21 484
YDL073W 22 161
YDL072C 15 131
YDL071C 7 163
YDL070W 27 537
YDL069C 16 605
YDL068W 8 241
YDL067C 7 50
YDL066W 32 1159
YDL065C 24 840
YDL064W 21 1272
YDL063C 30 511
YDL062W 10 180
YDL061C 5 18
YDL060W 28 758
YDL059C 13 186
YDL058W 53 1386
YDL057W 34 793
YDL056W 58 2086
YDL055C 24 259
YDL054C 47 809
YDL053C 5 54
YDL052C 29 435
YDL051W 19 946
YDL050C 4 300
YDL049C 47 3620
YDL048C 65 3104
YDL047W 24 1136
YDL046W 9 155
YDL045W-A 7 85
YDL045C 12 181
YDL044C 17 327
YDL043C 9 176
YDL042C 50 3013
YDL041W 24 1429
YDL040C 35 780
YDL039C 49 1360
YDL037C 13 387
YDL036C 25 786
YDL035C 33 707
YDL034W 6 36
YDL033C 32 644
YDL032W 2 6
YDL031W 29 326
YDL030W 13 152
YDL029W 15 203
YDL028C 29 589
YDL027C 15 476
YDL026W 7 149
YDL025C 20 752
YDL025W-A 1 2
YDL024C 38 1098
YDL022C-A 7 216
YDL023C 14 641
YDL022W 51 1236
YDL021W 19 436
YDL020C 23 264
YDL019C 71 7789
YDL018C 6 92
YDL017W 22 438
YDL016C 2 31
YDL015C 10 140
YDL014W 18 610
YDL013W 19 348
YDL012C 10 173
YDL011C 1 8
YDL010W 3 76
YDL009C 3 18
YDL008W 12 231
YDL007C-A 6 43
YDL007W 20 240
YDL006W 17 265
YDL005C 18 334
YDL004W 1 1
YDL003W 34 729
YDL002C 15 242
YDL001W 60 8876
YDR001C 129 5096
YDR002W 10 225
YDR003W 26 328
YDR003W-A 6 180
YDR004W 28 662
YDR005C 20 777
YDR006C 28 523
YDR007W 17 1217
YDR008C 18 1198
YDR009W 55 1929
YDR010C 52 2701
YDR011W 123 4872
YDR012W 4 53
YDR013W 0 0
YDR014W 17 401
YDR014W-A 8 114
YDR015C 4 48
YDR016C 5 24
YDR017C 49 4631
YDR018C 34 629
YDR019C 33 503
YDR020C 22 457
YDR021W 7 71
YDR022C 19 396
YDR023W 9 79
YDR024W 15 162
YDR025W 3 61
YDR026C 31 405
YDR027C 24 236
YDR028C 52 1372
YDR029W 6 102
YDR030C 44 2545
YDR031W 1 1
YDR032C 14 167
YDR033W 32 1229
YDR034C 30 1440
YDR034C-A 1 1
YDR034W-B 0 0
YDR035W 23 2583
YDR036C 10 63
YDR037W 54 834
YDR038C 9 138
YDR039C 0 0
YDR040C 2 19
YDR041W 14 521
YDR042C 3 12
YDR043C 15 207
YDR044W 19 483
YDR045C 13 430
YDR046C 39 689
YDR047W 29 1018
YDR048C 21 1741
YDR049W 24 471
YDR050C 8 221
YDR051C 23 617
YDR052C 17 191
YDR053W 3 97
YDR054C 14 340
YDR055W 20 392
YDR056C 15 247
YDR057W 24 371
YDR058C 8 223
YDR059C 13 84
YDR060W 33 667
YDR061W 39 1271
YDR062W 22 259
YDR063W 8 209
YDR064W 7 259
YDR065W 15 295
YDR066C 18 794
YDR067C 14 301
YDR068W 6 226
YDR069C 42 811
YDR070C 12 166
YDR071C 19 414
YDR072C 55 2041
YDR073W 25 319
YDR074W 58 946
YDR075W 13 305
YDR076W 70 2107
YDR077W 26 670
YDR078C 16 708
YDR079W 8 524
YDR079C-A 5 60
YDR080W 48 1017
YDR081C 15 274
YDR082W 24 590
YDR083W 16 184
YDR084C 6 35
YDR085C 40 1422
YDR086C 1 6
YDR087C 11 141
YDR088C 16 304
YDR089W 49 607
YDR090C 15 338
YDR091C 20 306
YDR092W 10 371
YDR093W 190 23596
YDR094W 47 13409
YDR095C 41 4659
YDR096W 40 2070
YDR097C 20 371
YDR098C 29 789
YDR099W 31 351
YDR100W 9 803
YDR101C 20 584
YDR102C 10 963
YDR103W 26 1249
YDR104C 61 1533
YDR105C 19 466
YDR106W 24 787
YDR107C 23 696
YDR108W 29 434
YDR109C 41 4588
YDR110W 25 1685
YDR111C 26 540
YDR112W 9 142
YDR113C 15 394
YDR114C 19 368
YDR115W 6 207
YDR116C 13 148
YDR117C 29 737
YDR118W 21 522
YDR118W-A 3 30
YDR119W 41 1724
YDR119W-A 11 72
YDR120C 40 2593
YDR121W 3 19
YDR122W 30 274
YDR123C 18 429
YDR124W 20 402
YDR125C 13 250
YDR126W 40 1767
YDR127W 68 1558
YDR128W 57 2317
YDR129C 36 1146
YDR130C 15 244
YDR131C 30 779
YDR132C 30 1369
YDR133C 0 0
YDR135C 75 2783
YDR136C 39 959
YDR137W 30 678
YDR138W 33 1277
YDR139C 4 100
YDR140W 14 169
YDR141C 41 891
YDR142C 32 1254
YDR143C 32 1283
YDR144C 26 454
YDR145W 7 183
YDR146C 21 517
YDR147W 22 777
YDR148C 29 275
YDR149C 5 39
YDR150W 114 3906
YDR151C 14 267
YDR152W 14 113
YDR153C 21 283
YDR154C 13 1211
YDR155C 20 379
YDR156W 13 481
YDR157W 34 1090
YDR158W 10 160
YDR159W 42 1264
YDR160W 19 331
YDR161W 12 187
YDR162C 3 32
YDR163W 7 356
YDR164C 32 636
YDR165W 16 290
YDR166C 42 1751
YDR167W 9 694
YDR168W 28 490
YDR169C 16 300
YDR169C-A 3 42
YDR170C 68 1017
YDR171W 15 447
YDR172W 57 813
YDR173C 17 635
YDR174W 31 974
YDR175C 21 439
YDR176W 34 699
YDR177W 27 504
YDR178W 20 1009
YDR179C 9 138
YDR179W-A 16 248
YDR180W 39 1744
YDR181C 18 342
YDR182W 21 417
YDR182W-A 5 18
YDR183W 23 1600
YDR183C-A 4 39
YDR184C 11 148
YDR185C 15 466
YDR186C 66 1610
YDR187C 21 1496
YDR188W 42 1657
YDR189W 32 449
YDR190C 20 364
YDR191W 27 352
YDR192C 13 419
YDR193W 5 263
YDR194C 19 200
YDR194W-A 5 42
YDR195W 25 515
YDR196C 12 193
YDR197W 22 399
YDR198C 22 670
YDR199W 3 52
YDR200C 27 476
YDR201W 8 142
YDR202C 12 642
YDR203W 5 178
YDR204W 33 524
YDR205W 45 1097
YDR206W 30 556
YDR207C 55 1268
YDR208W 49 931
YDR209C 4 35
YDR210W 4 35
YDR211W 28 392
YDR212W 22 301
YDR213W 32 481
YDR214W 59 4365
YDR215C 68 5781
YDR216W 65 1040
YDR217C 63 2100
YDR218C 15 382
YDR219C 10 203
YDR220C 10 7039
YDR221W 51 847
YDR222W 15 253
YDR223W 23 760
YDR224C 4 6
YDR225W 12 203
YDR226W 13 350
YDR227W 32 652
YDR228C 17 233
YDR229W 24 364
YDR230W 16 220
YDR231C 33 427
YDR232W 41 578
YDR233C 20 188
YDR234W 68 4823
YDR235W 5 209
YDR236C 14 658
YDR237W 9 48
YDR238C 30 1486
YDR239C 36 576
YDR240C 13 388
YDR241W 15 1226
YDR242W 46 1128
YDR243C 29 535
YDR244W 34 670
YDR245W 13 258
YDR246W 31 894
YDR246W-A 22 8408
YDR247W 42 870
YDR248C 9 72
YDR249C 17 368
YDR250C 21 1451
YDR251W 29 582
YDR252W 5 51
YDR253C 15 468
YDR254W 23 286
YDR255C 18 525
YDR256C 60 2593
YDR257C 16 6777
YDR258C 60 894
YDR259C 16 418
YDR260C 57 23888
YDR261C 35 2870
YDR262W 16 677
YDR263C 23 655
YDR264C 48 1614
YDR265W 10 118
YDR266C 33 522
YDR267C 25 494
YDR268W 26 427
YDR269C 5 12
YDR270W 40 784
YDR271C 9 249
YDR272W 18 236
YDR273W 12 127
YDR274C 52 13004
YDR275W 28 453
YDR276C 11 1218
YDR277C 57 2076
YDR278C 18 674
YDR279W 11 95
YDR280W 16 219
YDR281C 0 0
YDR282C 31 560
YDR283C 102 2307
YDR284C 29 462
YDR285W 22 462
YDR286C 9 93
YDR287W 9 125
YDR288W 14 376
YDR289C 8 612
YDR290W 4 15
YDR291W 60 1650
YDR292C 33 888
YDR293C 61 1059
YDR294C 38 958
YDR295C 16 1221
YDR296W 17 412
YDR297W 30 788
YDR298C 7 49
YDR299W 23 356
YDR300C 35 898
YDR301W 49 779
YDR302W 8 98
YDR303C 35 960
YDR304C 20 450
YDR305C 20 1314
YDR306C 25 578
YDR307W 28 711
YDR308C 4 19
YDR309C 20 440
YDR310C 46 4632
YDR311W 23 632
YDR312W 28 691
YDR313C 19 226
YDR314C 22 286
YDR315C 14 277
YDR316W 19 348
YDR317W 22 922
YDR318W 15 347
YDR319C 18 311
YDR320C 27 382
YDR320C-A 1 37
YDR320W-B 4 102
YDR321W 22 509
YDR322W 26 556
YDR322C-A 8 67
YDR323C 46 856
YDR324C 25 332
YDR325W 38 769
YDR326C 78 2019
YDR327W 7 146
YDR328C 14 283
YDR329C 22 593
YDR330W 38 506
YDR331W 26 326
YDR332W 28 911
YDR333C 36 1150
YDR334W 63 1307
YDR335W 50 820
YDR336W 33 1437
YDR337W 7 103
YDR338C 45 1128
YDR339C 10 244
YDR340W 6 171
YDR341C 21 557
YDR342C 7 1399
YDR343C 2 447
YDR344C 28 3831
YDR345C 57 3306
YDR346C 33 1099
YDR347W 16 392
YDR348C 42 2381
YDR349C 34 508
YDR350C 12 94
YDR351W 31 289
YDR352W 13 220
YDR353W 28 383
YDR354W 18 282
YDR354C-A 2 37
YDR355C 5 14
YDR356W 21 536
YDR357C 19 755
YDR358W 23 590
YDR359C 26 327
YDR360W 3 31
YDR361C 23 458
YDR362C 24 325
YDR363W 21 308
YDR363W-A 3 167
YDR364C 32 556
YDR365C 16 547
YDR366C 20 657
YDR367W 5 307
YDR368W 14 137
YDR369C 35 1419
YDR370C 24 2121
YDR371W 41 733
YDR371C-A 2 4
YDR372C 10 344
YDR373W 9 62
YDR374C 16 287
YDR374W-A 2 6
YDR375C 37 977
YDR376W 48 849
YDR377W 8 565
YDR378C 3 18
YDR379W 72 1756
YDR379C-A 4 130
YDR380W 44 994
YDR381W 22 809
YDR381C-A 0 0
YDR382W 4 7
YDR383C 17 576
YDR384C 46 2021
YDR385W 9 167
YDR386W 41 2282
YDR387C 19 543
YDR388W 26 744
YDR389W 34 348
YDR390C 20 520
YDR391C 17 196
YDR392W 19 323
YDR393W 29 568
YDR394W 29 713
YDR395W 47 979
YDR396W 27 464
YDR397C 27 462
YDR398W 30 950
YDR399W 29 2068
YDR400W 33 1740
YDR401W 18 1322
YDR402C 36 1618
YDR403W 43 1063
YDR404C 9 128
YDR405W 49 873
YDR406W 179 59721
YDR406W-A 1 6
YDR407C 56 1220
YDR408C 13 169
YDR409W 52 1726
YDR410C 28 614
YDR411C 21 338
YDR412W 3 4
YDR413C 0 0
YDR414C 34 4742
YDR415C 34 1007
YDR416W 40 1002
YDR417C 3 38
YDR418W 3 38
YDR419W 47 1266
YDR420W 52 1042
YDR421W 49 1223
YDR422C 40 1955
YDR423C 51 2032
YDR424C 7 249
YDR425W 37 1600
YDR426C 17 795
YDR427W 19 246
YDR428C 18 867
YDR429C 8 154
YDR430C 69 1500
YDR431W 6 23
YDR432W 45 740
YDR433W 24 436
YDR434W 20 496
YDR435C 27 758
YDR436W 62 2217
YDR437W 15 665
YDR438W 18 329
YDR439W 3 22
YDR440W 39 961
YDR441C 12 193
YDR442W 15 911
YDR443C 76 2789
YDR444W 39 767
YDR445C 15 7707
YDR446W 27 488
YDR447C 16 107
YDR448W 11 448
YDR449C 14 307
YDR450W 10 214
YDR451C 25 4709
YDR452W 45 2108
YDR453C 32 95619
YDR454C 2 41
YDR455C 12 392
YDR456W 38 1055
YDR457W 146 22268
YDR458C 22 488
YDR459C 38 932
YDR460W 23 360
YDR461W 2 18
YDR461C-A 11 81
YDR462W 8 534
YDR463W 49 1567
YDR464W 30 479
YDR464C-A 0 0
YDR465C 17 544
YDR466W 40 871
YDR467C 14 825
YDR468C 12 649
YDR469W 10 309
YDR470C 29 702
YDR471W 17 258
YDR472W 24 444
YDR473C 32 700
YDR475C 63 2539
YDR476C 59 3777
YDR477W 38 442
YDR478W 18 600
YDR479C 49 5732
YDR480W 28 718
YDR481C 56 1307
YDR482C 37 1172
YDR483W 24 385
YDR484W 16 217
YDR485C 27 452
YDR486C 18 507
YDR487C 10 142
YDR488C 74 7464
YDR489W 17 828
YDR490C 55 4281
YDR491C 39 2691
YDR492W 24 669
YDR493W 11 224
YDR494W 11 382
YDR495C 27 531
YDR496C 38 852
YDR497C 54 2226
YDR498C 10 222
YDR499W 21 398
YDR500C 8 104
YDR501W 12 93
YDR502C 34 1657
YDR503C 21 466
YDR504C 5 21
YDR505C 18 683
YDR506C 70 10563
YDR507C 65 1598
YDR508C 51 931
YDR509W 9 175
YDR510W 7 156
YDR510C-A 4 16
YDR511W 11 819
YDR512C 42 1063
YDR513W 9 354
YDR514C 22 3314
YDR515W 2 28
YDR516C 38 1044
YDR517W 39 656
YDR518W 40 2406
YDR519W 3 8
YDR520C 26 427
YDR521W 7 109
YDR522C 17 405
YDR523C 40 849
YDR524C 31 906
YDR524W-C 2 4
YDR524C-B 10 207
YDR524C-A 10 546
YDR525W 30 1214
YDR525W-A 21 2143
YDR526C 15 287
YDR527W 46 7598
YDR528W 24 618
YDR529C 12 266
YDR530C 48 1536
YDR531W 26 503
YDR532C 8 143
YDR533C 8 440
YDR534C 19 606
YDR535C 59 3238
YDR536W 41 1472
YDR537C 10 297
YDR538W 16 308
YDR539W 32 923
YDR540C 6 58
YDR541C 35 903
YDR542W 2 4
YDR543C 19 1005
YDR544C 19 3191
YDR545W 0 0
YDR545C-A 0 0
YEL077C 14 91
YEL077W-A 0 0
YEL076C-A 0 0
YEL076C 0 0
YEL075W-A 0 0
YEL075C 0 0
YEL074W 19 1252
YEL073C 8 213
YEL072W 34 1048
YEL071W 49 1275
YEL070W 23 752
YEL069C 39 1208
YEL068C 6 354
YEL067C 46 5378
YEL066W 31 8010
YEL065W 61 2383
YEL064C 35 1811
YEL063C 21 610
YEL062W 23 520
YEL061C 27 678
YEL060C 59 1940
YEL059C-A 7 376
YEL059W 36 9604
YEL058W 35 531
YEL057C 16 844
YEL056W 37 844
YEL055C 40 536
YEL054C 3 209
YEL053W-A 2 207
YEL053C 16 377
YEL052W 17 660
YEL051W 6 115
YEL050W-A 5 396
YEL050C 16 514
YEL049W 9 102
YEL048C 2 9
YEL047C 28 524
YEL046C 33 494
YEL045C 35 1004
YEL044W 11 367
YEL043W 45 1427
YEL042W 26 2083
YEL041W 38 1380
YEL040W 53 1341
YEL039C 15 491
YEL038W 28 708
YEL037C 27 878
YEL036C 30 597
YEL035C 44 3224
YEL034C-A 25 413
YEL034W 20 348
YEL033W 38 2515
YEL032W 61 1061
YEL032C-A 3 28
YEL031W 57 1565
YEL030C-A 3 9
YEL030W 13 277
YEL029C 14 560
YEL028W 8 44
YEL027W 8 69
YEL026W 1 10
YEL025C 63 2024
YEL024W 20 1010
YEL023C 39 5024
YEL022W 53 1377
YEL021W 83 3515
YEL020C-B 5 21
YEL020W-A 4 18
YEL020C 38 1034
YEL019C 9 46
YEL018C-A 9 249
YEL018W 17 569
YEL017C-A 2 19
YEL017W 19 298
YEL016C 31 5405
YEL015W 42 1023
YEL014C 19 447
YEL013W 16 151
YEL012W 30 1522
YEL011W 81 28360
YEL010W 9 129
YEL009C-A 13 246
YEL009C 23 756
YEL008W 53 11148
YEL008C-A 13 1584
YEL007W 27 778
YEL006W 32 1598
YEL005C 23 928
YEL004W 34 1190
YEL003W 17 378
YEL002C 47 2269
YEL001C 44 2937
YER001W 92 47884
YER002W 3 117
YER003C 27 1114
YER004W 27 367
YER005W 78 10417
YER006W 24 867
YER006C-A 11 258
YER007W 19 313
YER007C-A 19 765
YER008C 29 623
YER009W 5 164
YER010C 26 1042
YER011W 4 81
YER012W 7 34
YER013W 37 785
YER014W 12 213
YER014C-A 23 1236
YER015W 32 804
YER016W 24 607
YER017C 52 953
YER018C 34 1513
YER019W 64 1493
YER019C-A 5 24
YER020W 41 1447
YER021W 13 258
YER022W 40 915
YER023W 13 372
YER023C-A 9 346
YER024W 78 3098
YER025W 3 73
YER026C 14 162
YER027C 23 300
YER028C 32 5167
YER029C 6 509
YER030W 3 12
YER031C 7 128
YER032W 35 749
YER033C 35 465
YER034W 28 1671
YER035W 33 586
YER036C 50 1364
YER037W 26 782
YER038C 15 327
YER038W-A 4 45
YER039C 16 252
YER039C-A 3 1814
YER040W 22 227
YER041W 34 1026
YER042W 14 753
YER043C 29 325
YER044C 16 795
YER044C-A 38 846
YER045C 25 436
YER046W 10 133
YER046W-A 8 191
YER047C 29 774
YER048C 23 318
YER048W-A 3 149
YER049W 17 176
YER050C 8 247
YER051W 28 540
YER052C 20 211
YER053C 28 873
YER053C-A 1 2
YER054C 46 3100
YER055C 28 441
YER056C 34 783
YER056C-A 10 66
YER057C 7 19
YER058W 6 49
YER059W 15 184
YER060W 38 1250
YER060W-A 28 836
YER061C 29 537
YER062C 19 261
YER063W 13 585
YER064C 18 186
YER065C 80 4968
YER066W 15 418
YER066C-A 19 520
YER067W 15 186
YER067C-A 10 121
YER068W 24 830
YER068C-A 25 1394
YER069W 84 3591
YER070W 58 2102
YER071C 4 57
YER072W 17 398
YER073W 45 1233
YER074W 2 4
YER074W-A 7 42
YER075C 34 836
YER076C 17 317
YER076W-A 8 241
YER077C 28 577
YER078C 39 1367
YER078W-A 17 1132
YER079W 11 149
YER079C-A 3 23
YER080W 33 812
YER081W 66 2391
YER082C 17 295
YER083C 22 839
YER084W 23 1041
YER084W-A 3 44
YER085C 3 44
YER086W 29 564
YER087W 33 738
YER087C-A 16 411
YER087C-B 2 17
YER088C 68 2880
YER088C-A 59 3673
YER088W-B 16 478
YER089C 72 2165
YER090W 22 226
YER090C-A 0 0
YER091C 26 370
YER091C-A 27 1896
YER092W 13 382
YER093C 43 3760
YER093C-A 19 988
YER094C 8 241
YER095W 19 489
YER096W 18 336
YER097W 14 867
YER098W 37 1232
YER099C 23 139
YER100W 12 232
YER101C 24 630
YER102W 4 15
YER103W 24 438
YER104W 15 176
YER105C 58 1666
YER106W 9 59
YER107C 9 74
YER107W-A 4 40
YER109C 20 297
YER110C 34 733
YER111C 49 1047
YER112W 0 0
YER113C 40 1013
YER114C 59 1962
YER115C 8 169
YER116C 16 575
YER117W 2 6
YER118C 22 352
YER119C 50 1146
YER119C-A 18 364
YER120W 14 701
YER121W 15 1548
YER122C 22 675
YER123W 32 1934
YER124C 17 272
YER125W 36 826
YER126C 8 238
YER127W 8 46
YER128W 17 368
YER129W 77 2168
YER130C 38 1705
YER131W 3 26
YER132C 105 5649
YER133W 10 30
YER133W-A 2 15
YER134C 7 72
YER135C 7 291
YER136W 24 396
YER137C 21 944
YER137W-A 14 779
YER138W-A 0 0
YER139C 8 86
YER140W 43 6028
YER141W 19 466
YER142C 19 825
YER143W 30 15230
YER144C 64 3484
YER145C 96 3977
YER145C-A 22 653
YER146W 11 113
YER147C 89 2569
YER147C-A 7 258
YER148W 12 323
YER148W-A 18 504
YER149C 31 887
YER150W 12 244
YER151C 43 1125
YER152C 50 1073
YER152W-A 12 310
YER153C 38 633
YER154W 31 819
YER155C 97 1955
YER156C 23 531
YER157W 34 622
YER158C 27 412
YER158W-A 9 41
YER159C 14 103
YER161C 8 239
YER162C 19 215
YER163C 33 1608
YER164W 50 1282
YER165W 8 84
YER165C-A 5 8
YER166W 114 2652
YER167W 67 2745
YER168C 24 768
YER169W 68 1750
YER170W 13 256
YER171W 31 789
YER172C 59 1454
YER172C-A 5 96
YER173W 33 865
YER174C 18 836
YER175C 44 2646
YER175W-A 7 216
YER176W 131 10896
YER177W 17 246
YER178W 51 5680
YER179W 30 871
YER180C 12 210
YER180C-A 7 4969
YER181C 4 43
YER182W 6 57
YER183C 27 4443
YER184C 25 1438
YER185W 26 532
YER186C 29 868
YER187W 15 319
YER188W 11 205
YER188C-A 11 1402
YER189W 0 0
YER190W 5 108
YER190C-A 0 0
YER190C-B 0 0
YFL068W 0 0
YFL067W 1 1
YFL066C 0 0
YFL065C 0 0
YFL064C 0 0
YFL063W 9 532
YFL062W 2 3
YFL061W 1 22
YFL060C 3 73
YFL059W 9 975
YFL058W 3 125
YFL057C 2 3
YFL056C 11 140
YFL055W 41 1724
YFL054C 37 1237
YFL053W 28 1025
YFL052W 36 2563
YFL051C 19 499
YFL050C 41 1546
YFL049W 21 633
YFL048C 21 348
YFL047W 38 1084
YFL046W 27 688
YFL045C 1 2
YFL044C 19 552
YFL042C 40 1013
YFL041W-A 7 194
YFL041W 34 351
YFL040W 36 3035
YFL039C 17 283
YFL038C 28 926
YFL037W 39 1508
YFL036W 54 1747
YFL034C-B 12 415
YFL034C-A 11 290
YFL034W 50 887
YFL033C 117 4303
YFL032W 18 2359
YFL031W 26 803
YFL031C-A 1 23
YFL030W 47 2076
YFL029C 14 358
YFL028C 30 1032
YFL027C 16 347
YFL026W 17 846
YFL025C 35 545
YFL024C 51 1275
YFL023W 36 777
YFL022C 19 513
YFL021C-A 67 3473
YFL021W 49 2070
YFL020C 4 14
YFL019C 1 2
YFL018C 16 335
YFL017W-A 7 115
YFL017C 17 243
YFL016C 57 1211
YFL015W-A 15 393
YFL015C 35 1698
YFL014W 15 330
YFL013W-A 37 1133
YFL013C 54 1619
YFL012W-A 23 600
YFL012W 6 99
YFL011W 22 507
YFL010W-A 2 10
YFL010C 7 40
YFL009W 26 775
YFL008W 36 1074
YFL007W 112 2285
YFL005W 15 203
YFL004W 28 707
YFL003C 112 2961
YFL002C 43 1600
YFL001W 66 1938
YFR001W 4 162
YFR002W 32 658
YFR003C 12 400
YFR004W 13 92
YFR005C 20 711
YFR006W 58 7060
YFR007W 37 4522
YFR008W 9 70
YFR009W 37 854
YFR009W-A 0 0
YFR010W 44 3926
YFR010W-A 2 33
YFR011C 16 338
YFR012W 10 235
YFR012W-A 2 41
YFR013W 40 833
YFR014C 27 2564
YFR015C 44 1688
YFR016C 66 1840
YFR017C 51 1485
YFR018C 105 8737
YFR019W 93 2331
YFR020W 7 108
YFR021W 38 1571
YFR022W 67 3744
YFR023W 16 315
YFR024C-A 29 736
YFR025C 44 2399
YFR026C 9 175
YFR027W 17 443
YFR028C 24 546
YFR029W 46 2500
YFR030W 29 536
YFR031C 34 631
YFR031C-A 10 156
YFR032C 16 192
YFR032C-A 6 114
YFR032C-B 12 1489
YFR033C 29 1879
YFR034C 87 14551
YFR034W-A 38 17481
YFR035C 41 17958
YFR036W 12 905
YFR036W-A 12 459
YFR037C 27 687
YFR038W 33 1889
YFR039C 13 231
YFR040W 46 1684
YFR041C 16 830
YFR042W 8 40
YFR043C 16 382
YFR044C 31 714
YFR045W 21 554
YFR046C 26 449
YFR047C 13 357
YFR048W 58 1375
YFR049W 10 70
YFR050C 25 641
YFR051C 55 2749
YFR052W 17 134
YFR052C-A 7 81
YFR053C 46 3939
YFR054C 7 77
YFR056C 20 743
YFR055W 32 831
YFR057W 10 110
YGL263W 27 904
YGL262W 10 126
YGL261C 4 299
YGL260W 1 10
YGL259W 4 31
YGL258W-A 1 11
YGL258W 6 192
YGL257C 36 415
YGL256W 21 1015
YGL255W 42 1629
YGL254W 53 2258
YGL253W 30 667
YGL252C 42 1233
YGL251C 57 4023
YGL250W 13 102
YGL249W 59 1611
YGL248W 29 721
YGL247W 10 306
YGL246C 23 1481
YGL245W 39 765
YGL244W 21 612
YGL243W 16 590
YGL242C 15 421
YGL241W 50 3024
YGL240W 12 158
YGL239C 4 116
YGL238W 48 2047
YGL237C 18 361
YGL236C 47 1572
YGL235W 17 863
YGL234W 60 1903
YGL233W 24 285
YGL232W 16 322
YGL231C 9 37
YGL230C 0 0
YGL229C 54 3219
YGL228W 18 335
YGL227W 55 1481
YGL226C-A 8 161
YGL226W 10 153
YGL225W 28 523
YGL224C 24 362
YGL223C 26 1588
YGL222C 5 45
YGL221C 12 254
YGL220W 8 449
YGL219C 31 1849
YGL218W 21 1567
YGL217C 9 56
YGL216W 72 2032
YGL215W 13 137
YGL214W 6 58
YGL213C 15 232
YGL212W 13 139
YGL211W 20 634
YGL210W 17 396
YGL209W 23 406
YGL208W 87 5994
YGL207W 41 938
YGL206C 83 2304
YGL205W 49 1274
YGL204C 5 19
YGL203C 61 1407
YGL202W 37 949
YGL201C 63 2237
YGL200C 17 408
YGL199C 20 223
YGL198W 27 514
YGL197W 48 560
YGL196W 27 720
YGL195W 122 2986
YGL194C-A 3 31
YGL194C 21 255
YGL193C 10 428
YGL192W 52 911
YGL191W 19 1024
YGL190C 33 877
YGL189C 12 104
YGL188C-A 2 4
YGL188C 9 685
YGL187C 37 880
YGL186C 28 444
YGL185C 36 1004
YGL184C 47 1823
YGL183C 18 220
YGL182C 9 72
YGL181W 16 529
YGL180W 49 2381
YGL179C 33 1974
YGL178W 108 8951
YGL177W 34 5697
YGL176C 21 1115
YGL175C 10 651
YGL174W 21 399
YGL173C 78 2453
YGL172W 17 339
YGL171W 17 386
YGL170C 10 173
YGL169W 24 546
YGL168W 9 82
YGL167C 45 573
YGL166W 32 665
YGL165C 42 34132
YGL164C 15 512
YGL163C 54 986
YGL162W 25 716
YGL161C 31 1006
YGL160W 41 1121
YGL159W 6 50
YGL158W 42 1347
YGL157W 25 4227
YGL156W 78 2627
YGL155W 11 380
YGL154C 13 381
YGL153W 23 374
YGL152C 26 1121
YGL151W 37 503
YGL150C 57 1261
YGL149W 24 859
YGL148W 38 1093
YGL147C 18 488
YGL146C 36 1157
YGL145W 31 630
YGL144C 25 414
YGL143C 22 501
YGL142C 20 283
YGL141W 46 1251
YGL140C 32 989
YGL139W 43 3183
YGL138C 11 289
YGL137W 45 1243
YGL136C 23 1074
YGL135W 9 155
YGL134W 41 893
YGL133W 55 1270
YGL132W 3 10
YGL131C 49 985
YGL130W 13 252
YGL129C 10 134
YGL128C 5 46
YGL127C 13 331
YGL126W 139 23255
YGL125W 99 10645
YGL124C 30 959
YGL123W 9 38
YGL123C-A 4 7
YGL122C 29 407
YGL121C 11 2432
YGL120C 43 919
YGL119W 21 226
YGL118C 17 1472
YGL117W 33 1036
YGL116W 36 519
YGL115W 22 594
YGL114W 29 1473
YGL113W 23 726
YGL112C 5 12
YGL111W 17 209
YGL110C 32 633
YGL109W 12 1096
YGL108C 7 40
YGL107C 26 398
YGL106W 4 14
YGL105W 25 706
YGL104C 25 306
YGL103W 23 434
YGL102C 14 382
YGL101W 9 87
YGL100W 18 458
YGL099W 12 282
YGL098W 6 34
YGL097W 47 995
YGL096W 16 354
YGL095C 23 503
YGL094C 49 1049
YGL093W 33 594
YGL092W 31 584
YGL091C 19 455
YGL090W 14 615
YGL089C 4 119
YGL088W 21 433
YGL087C 24 674
YGL086W 44 1777
YGL085W 27 1129
YGL084C 25 340
YGL083W 38 629
YGL082W 29 385
YGL081W 24 1434
YGL080W 6 58
YGL079W 10 169
YGL078C 15 430
YGL077C 37 1945
YGL076C 7 243
YGL075C 15 203
YGL074C 22 232
YGL073W 96 2984
YGL072C 36 1423
YGL071W 61 967
YGL070C 8 77
YGL069C 7 186
YGL068W 7 186
YGL067W 13 189
YGL066W 30 523
YGL065C 16 550
YGL064C 35 932
YGL063W 134 5561
YGL063C-A 19 401
YGL062W 86 1507
YGL061C 17 655
YGL060W 32 588
YGL059W 26 806
YGL058W 10 200
YGL057C 11 271
YGL056C 43 759
YGL055W 69 2797
YGL054C 8 194
YGL053W 6 22
YGL052W 4 261
YGL051W 10 174
YGL050W 29 558
YGL049C 26 635
YGL048C 10 139
YGL047W 12 1143
YGL045W 64 6422
YGL044C 13 136
YGL043W 18 589
YGL042C 7 69
YGL041C-B 10 563
YGL041W-A 13 309
YGL041C 7 95
YGL040C 18 442
YGL039W 20 175
YGL038C 32 565
YGL037C 12 246
YGL036W 43 983
YGL035C 31 451
YGL034C 10 76
YGL033W 13 248
YGL032C 2 8
YGL031C 5 79
YGL030W 2 5
YGL029W 5 9
YGL028C 15 76
YGL027C 33 819
YGL026C 29 1511
YGL025C 15 304
YGL024W 5 140
YGL023C 32 1086
YGL022W 52 1465
YGL021W 34 1381
YGL020C 5 58
YGL019W 5 48
YGL018C 13 260
YGL017W 18 749
YGL016W 37 740
YGL015C 9 99
YGL014W 37 1108
YGL014C-A 4 10
YGL013C 48 2172
YGL012W 50 1493
YGL011C 8 147
YGL010W 15 528
YGL009C 59 2549
YGL008C 77 2912
YGL007C-A 1 1
YGL007W 32 1550
YGL006W-A 8 655
YGL006W 65 1345
YGL005C 18 426
YGL004C 59 2062
YGL003C 69 3195
YGL002W 39 1286
YGL001C 63 2945
YGR001C 31 2713
YGR002C 39 1552
YGR003W 47 1466
YGR004W 32 1580
YGR005C 14 378
YGR006W 25 873
YGR007W 44 3887
YGR008C 16 335
YGR009C 25 434
YGR010W 21 881
YGR011W 3 22
YGR012W 26 654
YGR013W 61 3382
YGR014W 44 1670
YGR015C 31 527
YGR016W 18 479
YGR017W 9 154
YGR018C 0 0
YGR019W 59 3463
YGR020C 3 12
YGR021W 27 657
YGR022C 6 150
YGR023W 27 2463
YGR024C 2 20
YGR025W 29 2280
YGR026W 22 1528
YGR027C 10 206
YGR028W 14 291
YGR029W 13 125
YGR030C 16 287
YGR031W 92 7164
YGR031C-A 40 860
YGR032W 125 2889
YGR033C 13 138
YGR034W 10 143
YGR035C 10 309
YGR035W-A 21 2793
YGR036C 22 534
YGR037C 2 23
YGR038W 15 196
YGR039W 12 171
YGR040W 39 1527
YGR041W 51 1991
YGR042W 12 79
YGR043C 41 4042
YGR044C 17 485
YGR045C 48 3030
YGR046W 15 1225
YGR047C 48 1823
YGR048W 22 393
YGR049W 27 1014
YGR050C 29 1423
YGR051C 38 3736
YGR052W 46 1191
YGR053C 12 231
YGR054W 39 897
YGR055W 20 352
YGR056W 41 878
YGR057C 8 164
YGR058W 12 159
YGR059W 13 195
YGR060W 13 187
YGR061C 53 2491
YGR062C 8 107
YGR063C 6 42
YGR064W 12 478
YGR065C 21 807
YGR066C 16 270
YGR067C 51 6294
YGR068C 139 7251
YGR068W-A 5 87
YGR069W 26 859
YGR070W 64 1751
YGR071C 28 1268
YGR072W 5 60
YGR073C 5 17
YGR074W 4 16
YGR075C 2 13
YGR076C 8 502
YGR077C 31 747
YGR078C 3 36
YGR079W 42 1356
YGR080W 21 584
YGR081C 10 727
YGR082W 6 153
YGR083C 22 535
YGR084C 18 301
YGR085C 6 75
YGR086C 19 413
YGR087C 78 4653
YGR088W 31 1031
YGR089W 36 766
YGR090W 32 910
YGR091W 19 277
YGR092W 23 797
YGR093W 35 829
YGR094W 51 1587
YGR095C 10 88
YGR096W 42 8697
YGR097W 62 2205
YGR098C 18 211
YGR099W 27 434
YGR100W 50 761
YGR101W 18 510
YGR102C 6 225
YGR103W 15 285
YGR104C 20 320
YGR105W 3 35
YGR106C 12 250
YGR107W 58 3688
YGR108W 14 249
YGR109C 20 508
YGR110W 11 401
YGR111W 25 2287
YGR112W 14 189
YGR113W 17 1573
YGR114C 2 5
YGR115C 1 2
YGR116W 27 499
YGR117C 16 3385
YGR118W 3 15
YGR119C 24 532
YGR120C 7 55
YGR121C 72 1919
YGR121W-A 41 14694
YGR122W 27 645
YGR122C-A 1 42
YGR123C 31 924
YGR124W 58 2283
YGR125W 55 1229
YGR126W 15 155
YGR127W 25 1194
YGR128C 10 49
YGR129W 13 254
YGR130C 48 1398
YGR131W 13 673
YGR132C 13 551
YGR133W 12 417
YGR134W 64 1447
YGR135W 6 428
YGR136W 9 395
YGR137W 2 198
YGR138C 29 266
YGR139W 8 39
YGR140W 46 806
YGR141W 44 960
YGR142W 13 247
YGR143W 48 1038
YGR144W 22 405
YGR145W 25 1399
YGR146C 10 110
YGR146C-A 10 121
YGR147C 24 394
YGR148C 14 262
YGR149W 22 314
YGR150C 25 1825
YGR151C 2 46
YGR152C 9 182
YGR153W 16 355
YGR154C 20 561
YGR155W 27 452
YGR156W 20 825
YGR157W 37 1294
YGR158C 17 578
YGR159C 27 528
YGR160W 3 25
YGR161C 29 665
YGR161W-C 11 123
YGR162W 21 304
YGR163W 15 340
YGR164W 27 21160
YGR165W 8 363
YGR166W 27 668
YGR167W 14 492
YGR168C 16 185
YGR169C 27 852
YGR169C-A 1 1
YGR170W 61 4041
YGR171C 14 276
YGR172C 11 240
YGR173W 22 548
YGR174C 12 166
YGR174W-A 1 2
YGR175C 34 1025
YGR176W 41 2936
YGR177C 72 3689
YGR178C 39 2920
YGR179C 24 988
YGR180C 32 839
YGR181W 14 264
YGR182C 22 593
YGR183C 13 315
YGR184C 109 2358
YGR185C 17 468
YGR186W 16 173
YGR187C 7 36
YGR188C 27 447
YGR189C 13 289
YGR190C 12 1141
YGR191W 25 485
YGR192C 31 1304
YGR193C 18 2747
YGR194C 33 450
YGR195W 16 725
YGR196C 27 543
YGR197C 53 2450
YGR198W 39 881
YGR199W 55 2582
YGR200C 47 1443
YGR201C 25 3016
YGR202C 30 546
YGR203W 78 2945
YGR204W 92 4556
YGR204C-A 0 0
YGR205W 15 427
YGR206W 5 12
YGR207C 6 134
YGR208W 22 1294
YGR209C 9 2871
YGR210C 77 2300
YGR211W 41 1313
YGR212W 22 440
YGR213C 18 401
YGR214W 15 68
YGR215W 6 95
YGR216C 19 245
YGR217W 92 2285
YGR218W 40 758
YGR219W 7 123
YGR220C 21 843
YGR221C 42 1499
YGR222W 17 207
YGR223C 26 506
YGR224W 36 718
YGR225W 20 272
YGR226C 0 0
YGR227W 11 475
YGR228W 3 10
YGR229C 24 492
YGR230W 25 2137
YGR231C 20 445
YGR232W 24 304
YGR233C 56 1273
YGR234W 20 169
YGR235C 15 268
YGR236C 29 765
YGR237C 38 760
YGR238C 47 1355
YGR239C 52 2311
YGR240C 51 489
YGR240C-A 21 3865
YGR241C 46 1701
YGR242W 3 8
YGR243W 9 55
YGR244C 83 6418
YGR245C 50 2522
YGR246C 19 397
YGR247W 26 537
YGR248W 26 748
YGR249W 18 214
YGR250C 46 1217
YGR251W 13 215
YGR252W 32 923
YGR253C 18 708
YGR254W 30 1487
YGR255C 33 559
YGR256W 41 789
YGR257C 33 997
YGR258C 53 1496
YGR259C 11 5342
YGR260W 44 11897
YGR261C 34 1116
YGR262C 10 381
YGR263C 27 560
YGR264C 24 538
YGR265W 13 326
YGR266W 54 1607
YGR267C 25 3337
YGR268C 30 1322
YGR269W 27 1910
YGR270W 80 2700
YGR270C-A 10 394
YGR271W 126 3694
YGR271C-A 3 118
YGR273C 1 15
YGR274C 30 625
YGR275W 7 357
YGR276C 22 732
YGR277C 20 1752
YGR278W 19 180
YGR279C 25 1296
YGR280C 21 372
YGR281W 97 2237
YGR282C 21 1875
YGR283C 24 308
YGR284C 17 377
YGR285C 19 443
YGR286C 37 801
YGR287C 44 1518
YGR288W 40 419
YGR289C 28 504
YGR290W 1 1
YGR291C 9 170
YGR292W 2 190
YGR293C 0 0
YGR294W 4 54
YGR295C 13 244
YGR296W 0 0
YGR296C-A 0 0
YGR296C-B 0 0
YHL050C 3 35
YHL050W-A 2 29
YHL049C 0 0
YHL048C-A 3 8
YHL048W 17 179
YHL047C 35 803
YHL046W-A 9 108
YHL046C 2 3
YHL045W 18 4812
YHL044W 15 422
YHL043W 6 13
YHL042W 38 2168
YHL041W 28 26359
YHL040C 46 1265
YHL039W 21 900
YHL038C 18 189
YHL037C 31 3483
YHL036W 46 3236
YHL035C 70 1475
YHL034W-A 7 59
YHL034C 14 87
YHL033C 14 413
YHL032C 74 2804
YHL031C 38 1874
YHL030W-A 22 308
YHL030W 80 2449
YHL029C 40 931
YHL028W 54 932
YHL027W 67 3458
YHL026C 29 2634
YHL025W 74 3172
YHL024W 72 2437
YHL023C 49 1268
YHL022C 11 146
YHL021C 47 1686
YHL020C 37 1132
YHL019W-A 20 1089
YHL019C 35 1502
YHL018W 9 50
YHL017W 23 835
YHL016C 63 1739
YHL015W-A 6 871
YHL015W 0 0
YHL014C 32 1457
YHL013C 16 189
YHL012W 27 1120
YHL011C 9 245
YHL010C 53 1457
YHL009C 17 3212
YHL008C 18 230
YHL007C 77 2822
YHL006W-A 19 449
YHL006C 50 23959
YHL005C 37 7172
YHL004W 36 814
YHL003C 27 1318
YHL002C-A 17 614
YHL002W 45 1469
YHL001W 15 719
YHR001W 84 31807
YHR001W-A 20 1760
YHR002W 65 1592
YHR003C 45 1085
YHR004C 25 705
YHR005C 18 442
YHR005C-A 13 153
YHR006W 31 1230
YHR007C 17 306
YHR007C-A 27 3598
YHR008C 19 731
YHR009C 40 934
YHR010W 1 6
YHR011W 16 252
YHR012W 7 160
YHR013C 15 454
YHR014W 4 54
YHR015W 13 386
YHR016C 28 1369
YHR017W 23 1731
YHR018C 24 989
YHR019C 28 551
YHR020W 25 290
YHR021C 6 70
YHR021W-A 8 190
YHR022C 25 1402
YHR022C-A 4 10
YHR023W 71 1857
YHR024C 10 93
YHR025W 17 172
YHR026W 13 138
YHR027C 41 390
YHR028C 43 3107
YHR028W-A 22 25804
YHR029C 22 809
YHR030C 23 694
YHR031C 63 27228
YHR032W 88 3253
YHR032W-A 15 985
YHR032C-A 13 227
YHR033W 111 7370
YHR034C 52 1406
YHR035W 43 1300
YHR036W 23 4095
YHR037W 35 3327
YHR038W 3 4
YHR039C 24 596
YHR039C-A 7 65
YHR040W 25 562
YHR041C 22 281
YHR042W 25 837
YHR043C 14 141
YHR044C 18 188
YHR045W 29 689
YHR046C 20 214
YHR047C 49 1494
YHR048W 42 1188
YHR049W 32 823
YHR049C-A 18 507
YHR050W 65 5318
YHR050W-A 9 131
YHR051W 3 24
YHR052W 9 288
YHR052W-A 0 0
YHR053C 0 0
YHR054C 0 0
YHR054W-A 0 0
YHR055C 0 0
YHR056C 45 3763
YHR056W-A 19 2886
YHR057C 27 440
YHR058C 8 173
YHR059W 3 440
YHR060W 4 43
YHR061C 24 620
YHR062C 12 285
YHR063C 7 200
YHR063W-A 5 314
YHR064C 8 181
YHR065C 29 594
YHR066W 14 749
YHR067W 28 570
YHR068W 21 505
YHR069C 18 354
YHR069C-A 6 34
YHR070W 59 5919
YHR070C-A 52 6073
YHR071W 22 704
YHR071C-A 22 521
YHR072W 63 3979
YHR072W-A 4 23
YHR073W 49 956
YHR073W-A 3 107
YHR073C-B 3 142
YHR074W 36 845
YHR075C 16 239
YHR076W 7 96
YHR077C 28 267
YHR078W 18 554
YHR079C 47 772
YHR079C-A 4 20
YHR080C 106 5446
YHR081W 5 78
YHR082C 54 1007
YHR083W 27 639
YHR084W 43 866
YHR085W 10 192
YHR086W 32 1693
YHR086W-A 9 215
YHR087W 24 735
YHR088W 6 23
YHR089C 7 677
YHR090C 10 278
YHR091C 43 675
YHR092C 32 677
YHR093W 7 828
YHR094C 37 2120
YHR095W 15 539
YHR096C 46 991
YHR097C 41 1343
YHR098C 50 1045
YHR099W 118 2489
YHR100C 5 145
YHR101C 18 385
YHR102W 26 420
YHR103W 37 649
YHR104W 6 100
YHR105W 5 252
YHR106W 13 4163
YHR107C 10 512
YHR108W 30 668
YHR109W 18 234
YHR110W 3 92
YHR111W 10 241
YHR112C 30 936
YHR113W 31 885
YHR114W 42 620
YHR115C 39 2866
YHR116W 27 2034
YHR117W 28 691
YHR118C 23 413
YHR119W 50 1157
YHR120W 27 306
YHR121W 8 178
YHR122W 19 1675
YHR123W 17 642
YHR124W 41 2773
YHR125W 5 103
YHR126C 19 929
YHR127W 14 240
YHR128W 16 578
YHR129C 20 169
YHR130C 9 5128
YHR131C 44 904
YHR131W-A 9 167
YHR132C 43 1051
YHR132W-A 13 397
YHR133C 13 139
YHR134W 13 344
YHR135C 62 4732
YHR136C 20 1107
YHR137W 14 242
YHR137C-A 9 188
YHR138C 9 141
YHR139C 20 233
YHR139C-A 16 809
YHR140W 30 830
YHR141C 4 32
YHR142W 20 848
YHR143W 12 917
YHR143W-A 0 0
YHR144C 14 390
YHR145C 3 5
YHR146W 16 317
YHR147C 8 357
YHR148W 15 389
YHR149C 34 876
YHR150W 35 844
YHR151C 20 1193
YHR152W 14 702
YHR153C 8 186
YHR154W 55 1079
YHR155W 29 929
YHR156C 42 1003
YHR157W 12 181
YHR158C 40 829
YHR159W 43 1963
YHR160C 11 368
YHR161C 65 2914
YHR162W 0 0
YHR163W 5 385
YHR164C 46 574
YHR165C 102 1971
YHR165W-A 7 96
YHR166C 44 3316
YHR167W 13 303
YHR168W 33 1546
YHR169W 36 876
YHR170W 23 704
YHR171W 19 412
YHR172W 34 2300
YHR173C 31 1052
YHR174W 35 704
YHR175W 23 1043
YHR175W-A 3 19
YHR176W 35 571
YHR177W 30 694
YHR178W 54 1286
YHR179W 20 124
YHR180W 20 280
YHR180W-A 7 210
YHR180C-B 4 60
YHR181W 14 718
YHR182W 53 1333
YHR182C-A 11 166
YHR183W 37 880
YHR184W 24 385
YHR185C 7 81
YHR186C 63 1255
YHR187W 11 211
YHR188C 39 930
YHR189W 23 342
YHR190W 32 801
YHR191C 2 24
YHR192W 22 1504
YHR193C 14 633
YHR193C-A 11 1290
YHR194W 57 2696
YHR195W 19 532
YHR196W 32 660
YHR197W 5 72
YHR198C 22 391
YHR199C 24 1082
YHR199C-A 6 111
YHR200W 22 431
YHR201C 13 311
YHR202W 30 681
YHR203C 5 213
YHR204W 55 2366
YHR205W 19 237
YHR206W 18 398
YHR207C 36 809
YHR208W 23 481
YHR209W 11 1526
YHR210C 21 919
YHR211W 44 905
YHR212C 0 0
YHR212W-A 0 0
YHR213W 0 0
YHR213W-A 0 0
YHR213W-B 15 586
YHR214W 0 0
YHR214W-A 0 0
YHR214C-D 0 0
YHR214C-E 2 8
YHR215W 4 40
YHR216W 35 9514
YHR217C 16 188
YHR218W 0 0
YHR218W-A 0 0
YHR219W 0 0
YHR219C-A 0 0
YIL177C 0 0
YIL177W-A 0 0
YIL176C 0 0
YIL173W 0 0
YIL172C 0 0
YIL171W-A 0 0
YIL169C 22 277
YIL166C 30 915
YIL165C 12 308
YIL164C 20 442
YIL163C 28 1985
YIL162W 61 5567
YIL161W 5 102
YIL160C 30 484
YIL159W 70 1777
YIL158W 12 342
YIL157C 12 235
YIL156W-A 15 353
YIL156W-B 9 364
YIL156W 66 1494
YIL155C 90 5586
YIL154C 115 4502
YIL153W 36 1207
YIL152W 26 951
YIL151C 35 566
YIL150C 23 566
YIL149C 58 1675
YIL148W 3 107
YIL147C 37 721
YIL146C 13 476
YIL145C 21 231
YIL144W 27 870
YIL143C 57 1314
YIL142C-A 5 70
YIL142W 40 1278
YIL141W 8 42
YIL140W 32 704
YIL139C 26 635
YIL138C 8 277
YIL137C 60 1397
YIL136W 30 488
YIL135C 30 808
YIL134C-A 17 366
YIL134W 20 259
YIL133C 10 78
YIL132C 25 949
YIL131C 43 1598
YIL130W 46 884
YIL129C 84 1492
YIL128W 34 1596
YIL127C 7 57
YIL126W 43 2777
YIL125W 99 2782
YIL124W 12 133
YIL123W 65 2627
YIL122W 19 218
YIL121W 47 1551
YIL120W 64 3364
YIL119C 18 598
YIL118W 18 488
YIL117C 22 471
YIL116W 22 575
YIL115W-A 5 43
YIL115C 50 988
YIL114C 5 80
YIL113W 27 509
YIL112W 47 863
YIL111W 19 799
YIL110W 13 242
YIL109C 59 1251
YIL108W 51 3418
YIL107C 44 3010
YIL106W 17 578
YIL105C 60 1930
YIL105W-A 5 95
YIL104C 28 649
YIL103W 26 569
YIL102C-A 7 111
YIL102C 2 37
YIL101C 64 5151
YIL100C-A 49 2882
YIL100W 53 3288
YIL099W 47 1642
YIL098C 7 271
YIL097W 21 717
YIL096C 18 34298
YIL095W 45 1043
YIL094C 23 3959
YIL093C 28 554
YIL092W 39 1237
YIL091C 44 1210
YIL090W 15 206
YIL089W 15 667
YIL088C 32 593
YIL087C 2 50
YIL086C 13 176
YIL085C 47 1490
YIL084C 23 463
YIL083C 10 375
YIL082W 12 116
YIL079C 25 1303
YIL078W 36 1085
YIL077C 53 1957
YIL076W 9 174
YIL075C 43 1511
YIL074C 56 2192
YIL073C 40 1350
YIL072W 12 145
YIL071W-A 1 90
YIL071C 13 2060
YIL070C 7 86
YIL069C 7 113
YIL068W-A 11 67
YIL068C 30 517
YIL067C 48 1436
YIL066W-A 10 380
YIL066C 45 1088
YIL065C 23 656
YIL064W 40 1222
YIL063C 22 589
YIL062C 8 153
YIL061C 13 135
YIL060W 4 158
YIL059C 4 158
YIL058W 16 299
YIL057C 24 2493
YIL056W 47 2127
YIL055C 55 1315
YIL054W 33 11852
YIL053W 21 437
YIL052C 1 2
YIL051C 29 1592
YIL050W 14 358
YIL049W 20 552
YIL048W 35 362
YIL047C-A 8 210
YIL047C 73 1751
YIL046W-A 38 6771
YIL046W 64 1773
YIL045W 31 1634
YIL044C 14 386
YIL043C 32 812
YIL042C 31 525
YIL041W 15 248
YIL040W 5 116
YIL039W 28 878
YIL038C 19 275
YIL037C 20 20249
YIL036W 40 1086
YIL035C 32 837
YIL034C 32 809
YIL033C 20 955
YIL032C 15 429
YIL031W 34 909
YIL030W-A 7 361
YIL030C 57 1214
YIL029W-A 12 247
YIL029C 6 52
YIL028W 3 163
YIL027C 11 157
YIL026C 42 1489
YIL025C 5 44
YIL024C 15 151
YIL023C 33 1259
YIL022W 21 674
YIL021W 21 409
YIL021C-A 1 32
YIL020C-A 10 112
YIL020C 18 504
YIL019W 15 392
YIL018W 2 5
YIL017C 58 936
YIL016W 5 135
YIL015W 34 1108
YIL014C-A 4 98
YIL014W 21 371
YIL013C 48 1065
YIL012W 28 3420
YIL011W 15 511
YIL010W 13 192
YIL009C-A 12 291
YIL009W 53 1701
YIL008W 4 37
YIL007C 28 1621
YIL006W 27 1166
YIL005W 34 2793
YIL004C 19 484
YIL003W 47 1193
YIL002W-A 8 152
YIL002C 93 11331
YIL001W 113 4885
YIR001C 36 1925
YIR002C 81 3406
YIR003W 51 1682
YIR004W 17 308
YIR005W 19 186
YIR006C 55 1628
YIR007W 20 611
YIR008C 10 174
YIR009W 2 22
YIR010W 25 539
YIR011C 3 7
YIR012W 19 730
YIR013C 11 399
YIR014W 21 421
YIR015W 26 2922
YIR016W 30 607
YIR017C 34 2107
YIR017W-A 37 2630
YIR018W 18 330
YIR018C-A 7 213
YIR019C 34 1681
YIR020C 9 372
YIR020W-A 17 257
YIR020C-B 19 276
YIR021W 25 488
YIR021W-A 13 2650
YIR022W 7 79
YIR023W 42 1209
YIR023C-A 2 47
YIR024C 4 55
YIR025W 15 335
YIR026C 13 287
YIR027C 21 725
YIR028W 51 6395
YIR029W 18 300
YIR030C 9 6938
YIR030W-A 9 386
YIR031C 25 824
YIR032C 24 683
YIR033W 31 596
YIR034C 36 4211
YIR035C 20 544
YIR036C 18 244
YIR036W-A 15 268
YIR037W 4 91
YIR038C 21 1912
YIR039C 11 170
YIR040C 2 24
YIR041W 1 6
YIR042C 5 435
YJL225C 0 0
YJL225W-A 0 0
YJL223C 0 0
YJL222W-B 0 0
YJL222W-A 0 0
YJL222W 2 40
YJL221C 0 0
YJL220W 0 0
YJL219W 17 1439
YJL218W 13 566
YJL217W 15 598
YJL216C 35 1189
YJL215C 17 359
YJL214W 26 942
YJL213W 24 580
YJL212C 60 1575
YJL211C 47 4519
YJL210W 55 2740
YJL209W 42 735
YJL208C 25 812
YJL207C 99 4060
YJL206C 38 866
YJL205C 14 555
YJL204C 21 666
YJL203W 6 146
YJL202C 7 1889
YJL201W 40 866
YJL200C 68 1887
YJL199C 13 836
YJL198W 47 1218
YJL197W 60 1271
YJL197C-A 2 4
YJL196C 21 490
YJL195C 15 261
YJL194W 24 560
YJL193W 7 83
YJL192C 19 711
YJL191W 52 2820
YJL190C 8 261
YJL189W 3 146
YJL188C 3 109
YJL187C 49 1547
YJL186W 49 1352
YJL185C 22 338
YJL184W 7 134
YJL183W 55 2301
YJL182C 23 365
YJL181W 38 841
YJL180C 17 357
YJL179W 8 152
YJL178C 14 438
YJL177W 6 127
YJL176C 23 770
YJL175W 9 271
YJL174W 8 121
YJL173C 1 2
YJL172W 47 6877
YJL171C 18 306
YJL170C 16 238
YJL169W 7 148
YJL168C 35 2036
YJL167W 19 266
YJL166W 10 369
YJL165C 52 1926
YJL164C 27 664
YJL163C 46 1006
YJL162C 31 2034
YJL161W 21 726
YJL160C 12 231
YJL159W 4 24
YJL158C 30 232
YJL157C 124 5132
YJL156W-A 26 740
YJL156C 72 2447
YJL155C 34 1082
YJL154C 51 1349
YJL153C 31 815
YJL152W 37 2428
YJL151C 30 1051
YJL150W 35 6193
YJL149W 36 927
YJL148W 9 729
YJL147C 16 464
YJL146W 25 787
YJL145W 16 125
YJL144W 6 80
YJL143W 11 98
YJL142C 5 60
YJL141C 66 1134
YJL140W 11 146
YJL139C 30 978
YJL138C 5 93
YJL137C 30 1316
YJL136W-A 8 164
YJL136C 7 53
YJL135W 18 1049
YJL134W 26 449
YJL133C-A 21 567
YJL133W 37 1468
YJL132W 39 972
YJL131C 7 83
YJL130C 169 9220
YJL129C 42 997
YJL128C 52 1659
YJL127W-A 5 70
YJL127C-B 6 71
YJL127C 59 3068
YJL126W 23 624
YJL125C 26 372
YJL124C 7 351
YJL123C 31 827
YJL122W 9 192
YJL121C 18 166
YJL120W 5 44
YJL119C 17 429
YJL118W 22 951
YJL117W 19 468
YJL116C 30 918
YJL115W 13 449
YJL112W 45 1657
YJL111W 21 1023
YJL110C 16 702
YJL109C 50 1372
YJL108C 12 300
YJL107C 26 418
YJL106W 33 822
YJL105W 21 163
YJL104W 5 51
YJL103C 43 1171
YJL102W 35 843
YJL101C 40 745
YJL100W 46 964
YJL099W 56 1213
YJL098W 63 1503
YJL097W 16 299
YJL096W 5 27
YJL095W 47 1120
YJL094C 45 20453
YJL093C 28 494
YJL092W 34 540
YJL091C 10 168
YJL090C 29 571
YJL089W 30 3113
YJL088W 31 579
YJL087C 26 867
YJL086C 7 216
YJL085W 20 339
YJL084C 37 857
YJL083W 53 1532
YJL082W 43 712
YJL081C 13 223
YJL080C 46 1192
YJL079C 17 3488
YJL078C 102 10195
YJL077W-B 5 131
YJL077C 42 7562
YJL077W-A 11 766
YJL076W 51 1124
YJL075C 4 81
YJL074C 32 580
YJL073W 28 1976
YJL072C 9 285
YJL071W 17 542
YJL070C 27 673
YJL069C 19 405
YJL068C 17 523
YJL067W 17 609
YJL066C 36 1184
YJL065C 15 285
YJL064W 11 223
YJL063C 14 505
YJL062W-A 17 158
YJL062W 30 585
YJL061W 10 188
YJL060W 13 245
YJL059W 23 704
YJL058C 36 577
YJL057C 22 375
YJL056C 54 1207
YJL055W 8 48
YJL054W 22 484
YJL053W 15 209
YJL052C-A 28 12917
YJL052W 36 882
YJL051W 63 1193
YJL050W 45 603
YJL049W 9 124
YJL048C 27 1133
YJL047C-A 5 125
YJL047C 32 1208
YJL046W 14 671
YJL045W 37 2068
YJL044C 25 278
YJL043W 58 17806
YJL042W 80 1644
YJL041W 5 90
YJL039C 32 597
YJL038C 0 0
YJL037W 17 446
YJL036W 19 629
YJL035C 32 531
YJL034W 36 664
YJL033W 22 213
YJL032W 1 2
YJL031C 7 44
YJL030W 16 959
YJL029C 34 945
YJL028W 32 1039
YJL027C 59 5997
YJL026W 20 659
YJL026C-A 4 236
YJL025W 28 510
YJL024C 5 40
YJL023C 15 433
YJL022W 9 306
YJL020C 52 809
YJL020W-A 1 29
YJL019W 56 1240
YJL016W 30 330
YJL015C 18 2618
YJL014W 14 204
YJL013C 8 78
YJL012C 53 1116
YJL011C 4 143
YJL010C 12 402
YJL009W 5 125
YJL008C 15 304
YJL007C 21 3010
YJL006C 16 378
YJL005W 84 1290
YJL004C 37 1602
YJL003W 8 427
YJL002C 42 1043
YJL001W 39 953
YJR001W 124 13033
YJR002W 36 670
YJR003C 50 1645
YJR004C 59 2275
YJR005W 36 963
YJR005C-A 2 9
YJR006W 16 363
YJR007W 4 19
YJR008W 46 4366
YJR009C 23 776
YJR010W 42 5880
YJR010C-A 8 84
YJR011C 18 404
YJR012C 17 399
YJR013W 23 647
YJR014W 12 218
YJR015W 25 260
YJR016C 21 491
YJR017C 16 425
YJR018W 14 160
YJR019C 40 1743
YJR020W 12 283
YJR021C 33 1163
YJR022W 2 14
YJR023C 5 249
YJR024C 17 538
YJR025C 6 83
YJR030C 59 2097
YJR031C 52 1029
YJR032W 13 288
YJR033C 41 3205
YJR034W 16 393
YJR035W 47 1343
YJR036C 24 397
YJR037W 2 102
YJR038C 7 128
YJR039W 51 1426
YJR040W 12 309
YJR041C 15 270
YJR042W 26 688
YJR043C 19 692
YJR044C 13 455
YJR045C 23 583
YJR046W 25 431
YJR047C 10 225
YJR048W 18 522
YJR049C 37 714
YJR050W 14 202
YJR051W 48 1296
YJR052W 26 629
YJR053W 26 1334
YJR054W 15 195
YJR055W 6 211
YJR056C 7 113
YJR057W 6 518
YJR058C 21 760
YJR059W 59 2421
YJR060W 20 333
YJR061W 54 1197
YJR062C 17 193
YJR063W 5 100
YJR064W 50 923
YJR065C 33 452
YJR066W 106 2937
YJR067C 6 166
YJR068W 12 173
YJR069C 11 262
YJR070C 11 242
YJR071W 14 247
YJR072C 39 930
YJR073C 27 616
YJR074W 34 920
YJR075W 24 496
YJR076C 24 519
YJR077C 29 717
YJR078W 70 4349
YJR079W 22 748
YJR080C 19 618
YJR082C 11 331
YJR083C 14 232
YJR084W 27 433
YJR085C 8 399
YJR086W 6 116
YJR087W 4 58
YJR088C 23 827
YJR089W 39 524
YJR090C 32 490
YJR091C 45 1713
YJR092W 59 1070
YJR093C 15 193
YJR094C 27 594
YJR094W-A 14 1399
YJR095W 16 289
YJR096W 26 310
YJR097W 3 12
YJR098C 31 532
YJR099W 6 70
YJR100C 21 1533
YJR101W 13 128
YJR102C 15 610
YJR103W 92 5641
YJR104C 19 658
YJR105W 32 1248
YJR106W 31 649
YJR107W 15 368
YJR108W 29 1454
YJR109C 72 2565
YJR110W 64 2885
YJR111C 40 630
YJR112W 13 349
YJR112W-A 25 4510
YJR113C 22 936
YJR114W 15 630
YJR115W 56 2142
YJR116W 33 1832
YJR117W 41 2858
YJR118C 4 144
YJR119C 58 2805
YJR120W 36 1569
YJR121W 37 804
YJR122W 35 1055
YJR123W 1 2
YJR124C 41 1033
YJR125C 25 538
YJR126C 37 573
YJR127C 106 5664
YJR128W 30 4174
YJR129C 58 4755
YJR130C 26 1046
YJR131W 45 1253
YJR132W 34 586
YJR133W 11 155
YJR134C 20 662
YJR135C 14 600
YJR135W-A 3 6
YJR136C 4 138
YJR137C 102 3645
YJR138W 78 2814
YJR139C 24 506
YJR140C 47 639
YJR140W-A 1 5
YJR141W 3 86
YJR142W 40 2244
YJR143C 37 706
YJR144W 26 849
YJR145C 5 19
YJR146W 20 334
YJR147W 30 775
YJR148W 64 4014
YJR149W 22 470
YJR150C 9 51
YJR151C 28 595
YJR151W-A 0 0
YJR152W 28 980
YJR153W 12 802
YJR154W 25 543
YJR155W 21 412
YJR156C 6 157
YJR157W 0 0
YJR158W 0 0
YJR159W 1 11
YJR160C 2 13
YJR161C 1 1
YJR162C 6 46
YKL225W 12 112
YKL224C 3 12
YKL223W 9 227
YKL222C 23 670
YKL221W 41 1452
YKL220C 32 1680
YKL219W 14 223
YKL218C 40 1296
YKL217W 75 3991
YKL216W 11 121
YKL215C 92 3388
YKL214C 15 304
YKL213C 45 917
YKL212W 20 809
YKL211C 36 462
YKL210W 41 1157
YKL209C 74 4483
YKL208W 20 490
YKL207W 15 551
YKL206C 20 712
YKL205W 55 1536
YKL204W 25 325
YKL203C 102 2300
YKL202W 2 7271
YKL201C 54 1610
YKL198C 265 84095
YKL197C 84 2707
YKL196C 9 154
YKL195W 13 192
YKL194C 25 1009
YKL193C 26 813
YKL192C 9 232
YKL191W 37 487
YKL190W 2 86
YKL189W 13 57
YKL188C 37 859
YKL187C 85 3120
YKL186C 45 6091
YKL185W 50 1347
YKL184W 22 1864
YKL183C-A 33 12334
YKL183W 62 9102
YKL182W 173 6175
YKL181W 26 410
YKL180W 3 90
YKL179C 18 437
YKL178C 28 898
YKL177W 10 483
YKL176C 39 670
YKL175W 55 1713
YKL174C 20 334
YKL173W 24 301
YKL172W 12 271
YKL171W 61 12309
YKL170W 8 131
YKL169C 6 43
YKL168C 40 1341
YKL167C 6 169
YKL166C 18 426
YKL165C-A 8 121
YKL165C 50 1332
YKL164C 9 152
YKL163W 9 80
YKL162C-A 5 72
YKL162C 21 614
YKL161C 10 138
YKL160W 1 1
YKL159C 11 285
YKL157W 74 9950
YKL156W 10 83
YKL156C-A 1 2
YKL155C 31 353
YKL154W 17 275
YKL153W 12 287
YKL152C 18 395
YKL151C 62 2190
YKL150W 48 10227
YKL149C 22 460
YKL148C 124 5729
YKL147C 49 3867
YKL146W 59 1532
YKL145W 21 555
YKL145W-A 1 14
YKL144C 10 144
YKL143W 28 477
YKL142W 8 118
YKL141W 11 132
YKL140W 17 261
YKL139W 14 74
YKL138C-A 2 20
YKL138C 6 32
YKL137W 6 28
YKL136W 6 31
YKL135C 26 923
YKL134C 26 765
YKL133C 23 712
YKL132C 28 902
YKL131W 7 132
YKL130C 7 30
YKL129C 55 4044
YKL128C 34 1148
YKL127W 52 1593
YKL126W 19 253
YKL125W 30 377
YKL124W 29 436
YKL123W 4 80
YKL122C 10 203
YKL121W 45 979
YKL120W 29 650
YKL119C 13 816
YKL118W 10 2334
YKL117W 10 340
YKL116C 21 658
YKL115C 7 15
YKL114C 18 996
YKL113C 14 169
YKL112W 41 3233
YKL111C 6 81
YKL110C 34 1436
YKL109W 75 2064
YKL108W 21 556
YKL107W 12 164
YKL106C-A 5 100
YKL106W 13 407
YKL105C 61 1508
YKL104C 48 1440
YKL103C 45 1264
YKL102C 18 618
YKL101W 78 1515
YKL100C 35 654
YKL100W-A 4 24
YKL099C 15 319
YKL098W 19 572
YKL097C 40 2893
YKL096C-B 0 0
YKL096W-A 0 0
YKL096W 36 1487
YKL095W 20 733
YKL094W 51 2041
YKL093W 31 517
YKL092C 28 412
YKL091C 21 4608
YKL090W 39 1031
YKL089W 11 88
YKL088W 16 264
YKL087C 25 1271
YKL086W 57 2051
YKL085W 29 639
YKL084W 28 963
YKL083W 6 3955
YKL082C 9 402
YKL081W 30 1258
YKL080W 16 313
YKL079W 44 1068
YKL078W 10 49
YKL077W 21 472
YKL076C 6 157
YKL075C 19 477
YKL074C 31 381
YKL073W 14 538
YKL072W 46 814
YKL071W 20 767
YKL070W 6 150
YKL069W 20 318
YKL068W-A 3 18
YKL068W 44 758
YKL067W 9 162
YKL066W 31 1120
YKL065W-A 6 168
YKL065C 11 215
YKL064W 49 1255
YKL063C 11 516
YKL062W 25 224
YKL061W 3 27
YKL060C 27 823
YKL059C 24 366
YKL058W 3 36
YKL057C 36 645
YKL056C 13 481
YKL055C 14 55
YKL054C 15 63
YKL053C-A 7 36
YKL053W 16 429
YKL052C 27 506
YKL051W 30 2999
YKL050C 46 687
YKL049C 9 90
YKL048C 8 99
YKL047W 41 735
YKL046C 30 468
YKL045W 47 835
YKL044W 16 622
YKL043W 22 419
YKL042W 9 128
YKL041W 4 98
YKL040C 4 346
YKL039W 50 571
YKL038W 85 15100
YKL037W 45 1906
YKL036C 31 1180
YKL035W 37 2189
YKL034W 44 1378
YKL033W-A 18 304
YKL033W 41 751
YKL032C 32 1206
YKL031W 23 1386
YKL030W 50 972
YKL029C 142 4113
YKL028W 9 82
YKL027W 33 430
YKL026C 14 739
YKL025C 39 1114
YKL024C 20 463
YKL023C-A 4 246
YKL023W 17 300
YKL022C 48 815
YKL021C 24 757
YKL020C 50 967
YKL019W 20 415
YKL018C-A 12 378
YKL018W 17 170
YKL017C 22 452
YKL016C 5 217
YKL015W 50 1115
YKL014C 48 522
YKL013C 4 20
YKL012W 15 192
YKL011C 28 1319
YKL010C 65 1833
YKL009W 10 98
YKL008C 28 1237
YKL007W 24 504
YKL006C-A 13 551
YKL006W 3 56
YKL005C 54 2576
YKL004W 39 585
YKL003C 18 428
YKL002W 23 862
YKL001C 19 854
YKR001C 40 717
YKR002W 34 1337
YKR003W 75 2022
YKR004C 39 512
YKR005C 57 14127
YKR006C 2 98
YKR007W 3 5
YKR008W 16 419
YKR009C 62 1905
YKR010C 32 1001
YKR011C 26 859
YKR012C 18 415
YKR013W 19 443
YKR014C 2 26
YKR015C 28 479
YKR016W 32 511
YKR017C 15 1620
YKR018C 34 1119
YKR019C 42 1455
YKR020W 4 191
YKR021W 40 1035
YKR022C 15 145
YKR023W 20 478
YKR024C 29 1023
YKR025W 8 122
YKR026C 11 455
YKR027W 54 4680
YKR028W 48 942
YKR029C 14 296
YKR030W 9 135
YKR031C 69 2141
YKR032W 16 1232
YKR033C 7 105
YKR034W 16 249
YKR035C 7 200
YKR035W-A 7 200
YKR036C 46 2178
YKR037C 17 319
YKR038C 19 200
YKR039W 26 607
YKR040C 47 1913
YKR041W 67 2621
YKR042W 25 615
YKR043C 31 783
YKR044W 42 824
YKR045C 23 381
YKR046C 31 940
YKR047W 14 157
YKR048C 32 960
YKR049C 18 598
YKR050W 40 1029
YKR051W 30 494
YKR052C 15 93
YKR053C 39 1450
YKR054C 161 4206
YKR055W 16 366
YKR056W 32 1053
YKR057W 11 91
YKR058W 32 579
YKR059W 3 272
YKR060W 16 320
YKR061W 50 1447
YKR062W 11 58
YKR063C 22 422
YKR064W 42 949
YKR065C 5 41
YKR066C 26 708
YKR067W 65 2572
YKR068C 18 354
YKR069W 43 1096
YKR070W 21 253
YKR071C 11 292
YKR072C 30 653
YKR073C 18 1632
YKR074W 19 878
YKR075C 30 1232
YKR075W-A 18 1167
YKR076W 41 1086
YKR077W 8 150
YKR078W 31 799
YKR079C 42 955
YKR080W 27 511
YKR081C 7 206
YKR082W 31 543
YKR083C 10 203
YKR084C 24 426
YKR085C 15 438
YKR086W 48 831
YKR087C 10 2861
YKR088C 27 1128
YKR089C 38 1420
YKR090W 33 2359
YKR091W 16 301
YKR092C 19 831
YKR093W 91 2391
YKR094C 16 246
YKR095W 43 2383
YKR095W-A 14 166
YKR096W 70 1677
YKR097W 61 2055
YKR098C 44 909
YKR099W 32 898
YKR100C 21 354
YKR101W 43 1223
YKR102W 44 990
YKR103W 52 886
YKR104W 14 340
YKR105C 3 15
YKR106W 8 175
YLL067C 0 0
YLL067W-A 0 0
YLL066W-B 5 19
YLL066C 0 0
YLL066W-A 0 0
YLL065W 6 94
YLL064C 0 0
YLL063C 39 1791
YLL062C 17 211
YLL061W 36 952
YLL060C 19 619
YLL059C 45 6669
YLL058W 18 573
YLL057C 37 918
YLL056C 23 574
YLL055W 11 120
YLL054C 26 679
YLL053C 14 291
YLL052C 10 628
YLL051C 62 6331
YLL050C 12 174
YLL049W 16 451
YLL048C 71 2174
YLL047W 4 72
YLL046C 4 73
YLL045C 16 467
YLL044W 17 380
YLL043W 21 622
YLL042C 7 126
YLL041C 39 560
YLL040C 161 5254
YLL039C 38 887
YLL038C 28 551
YLL037W 4 33
YLL036C 9 69
YLL035W 20 414
YLL034C 17 195
YLL033W 9 97
YLL032C 26 1234
YLL031C 29 457
YLL030C 13 872
YLL029W 98 22786
YLL028W 61 2587
YLL027W 17 236
YLL026W 71 2292
YLL025W 7 87
YLL024C 33 6021
YLL023C 33 665
YLL022C 38 1189
YLL021W 54 1398
YLL020C 5 128
YLL019C 31 600
YLL019W-A 0 0
YLL018C-A 4 117
YLL018C 20 297
YLL015W 57 1277
YLL014W 9 905
YLL013C 62 1800
YLL012W 49 1572
YLL011W 32 683
YLL010C 40 18598
YLL009C 1 2
YLL008W 16 636
YLL007C 13 275
YLL006W-A 15 438
YLL006W 12 1395
YLL005C 26 365
YLL004W 21 433
YLL003W 27 456
YLL002W 35 1641
YLL001W 88 2690
YLR001C 114 9922
YLR002C 22 784
YLR003C 6 158
YLR004C 56 1963
YLR005W 43 1099
YLR006C 51 3239
YLR007W 27 566
YLR008C 6 277
YLR009W 3 15
YLR010C 0 0
YLR011W 16 213
YLR012C 5 157
YLR013W 7 187
YLR014C 51 1695
YLR015W 23 867
YLR016C 15 200
YLR017W 17 392
YLR018C 20 201
YLR019W 45 827
YLR020C 15 237
YLR021W 19 199
YLR022C 19 479
YLR023C 33 1162
YLR024C 142 7258
YLR025W 11 126
YLR026C 7 132
YLR027C 31 1047
YLR028C 67 3018
YLR029C 3 11
YLR030W 17 122
YLR031W 2 23
YLR032W 35 1071
YLR033W 8 47
YLR034C 21 6678
YLR035C 32 710
YLR036C 11 73
YLR037C 8 183
YLR038C 10 390
YLR039C 32 777
YLR040C 12 410
YLR041W 6 303
YLR042C 13 851
YLR043C 5 96
YLR044C 69 3386
YLR045C 61 1726
YLR046C 8 82
YLR047C 38 820
YLR048W 5 56
YLR049C 12 186
YLR050C 8 140
YLR051C 14 614
YLR052W 2 19
YLR053C 3 12
YLR054C 38 1688
YLR055C 39 1087
YLR056W 26 1858
YLR057W 57 981
YLR058C 30 1296
YLR059C 58 3468
YLR060W 38 887
YLR061W 6 77
YLR062C 3 52
YLR063W 7 85
YLR064W 9 958
YLR065C 4 103
YLR066W 14 150
YLR067C 38 668
YLR068W 14 374
YLR069C 48 1219
YLR070C 33 588
YLR071C 33 542
YLR072W 33 778
YLR073C 24 425
YLR074C 25 968
YLR075W 10 36
YLR076C 3 14
YLR077W 49 2030
YLR078C 24 337
YLR079W 15 519
YLR080W 58 2481
YLR081W 94 30750
YLR082C 18 367
YLR083C 28 395
YLR084C 79 4410
YLR085C 46 3168
YLR086W 37 830
YLR087C 141 3388
YLR088W 26 431
YLR089C 13 232
YLR090W 31 1233
YLR091W 32 1123
YLR092W 69 3008
YLR093C 16 324
YLR094C 48 3593
YLR095C 57 1451
YLR096W 41 601
YLR097C 14 89
YLR098C 34 608
YLR099C 36 736
YLR099W-A 25 347
YLR100W 35 1074
YLR101C 17 1011
YLR102C 15 481
YLR103C 23 570
YLR104W 5 25
YLR105C 16 524
YLR106C 138 2283
YLR107W 29 2414
YLR108C 30 400
YLR109W 22 424
YLR110C 5 22
YLR111W 7 2222
YLR112W 43 1949
YLR113W 58 1794
YLR114C 36 619
YLR115W 32 614
YLR116W 18 450
YLR117C 37 1218
YLR118C 4 70
YLR119W 15 600
YLR120C 45 924
YLR120W-A 8 500
YLR121C 26 264
YLR122C 6 82
YLR123C 5 59
YLR124W 8 71
YLR125W 4 40
YLR126C 12 116
YLR127C 23 392
YLR128W 13 131
YLR129W 26 202
YLR130C 49 1493
YLR131C 56 1941
YLR132C 11 108
YLR133W 21 221
YLR134W 31 796
YLR135W 29 1606
YLR136C 12 261
YLR137W 54 1386
YLR138W 47 1148
YLR139C 16 186
YLR140W 16 168
YLR141W 92 8104
YLR142W 32 384
YLR143W 18 223
YLR144C 34 859
YLR145W 4 91
YLR146C 21 380
YLR146W-A 3 20
YLR147C 4 26
YLR148W 41 708
YLR149C 17 489
YLR149C-A 3 13
YLR150W 3 15
YLR151C 12 3505
YLR152C 25 228
YLR153C 49 1225
YLR154C 13 97
YLR154W-A 0 0
YLR154W-B 0 0
YLR154W-C 0 0
YLR154W-E 0 0
YLR154W-F 0 0
YLR154C-G 0 0
YLR154C-H 0 0
YLR155C 0 0
YLR156W 0 0
YLR156C-A 0 0
YLR157C 0 0
YLR157W-D 0 0
YLR157W-E 0 0
YLR157C-C 0 0
YLR158C 0 0
YLR159W 0 0
YLR159C-A 0 0
YLR160C 0 0
YLR161W 0 0
YLR162W 0 0
YLR162W-A 4 191
YLR163C 29 432
YLR163W-A 0 0
YLR164W 7 276
YLR165C 5 7
YLR166C 23 596
YLR167W 15 187
YLR168C 21 344
YLR169W 22 1716
YLR170C 15 974
YLR171W 10 158
YLR172C 34 777
YLR173W 62 1564
YLR174W 47 950
YLR175W 29 453
YLR176C 38 739
YLR177W 38 975
YLR178C 28 439
YLR179C 30 2420
YLR180W 33 448
YLR181C 27 626
YLR182W 18 247
YLR183C 32 664
YLR184W 9 513
YLR185W 12 167
YLR186W 18 214
YLR187W 37 964
YLR188W 40 3695
YLR189C 74 1903
YLR190W 38 765
YLR191W 19 475
YLR192C 4 20
YLR193C 15 194
YLR194C 29 323
YLR195C 22 420
YLR196W 47 1032
YLR197W 5 52
YLR198C 0 0
YLR199C 18 392
YLR200W 0 0
YLR201C 16 298
YLR202C 25 1747
YLR203C 29 649
YLR204W 10 96
YLR205C 46 760
YLR206W 23 370
YLR207W 69 1625
YLR208W 17 537
YLR209C 29 3581
YLR210W 19 276
YLR211C 4 19
YLR212C 20 264
YLR213C 59 3434
YLR214W 38 1111
YLR215C 11 70
YLR216C 24 2481
YLR217W 14 2531
YLR218C 20 1060
YLR219W 30 678
YLR220W 20 753
YLR221C 9 88
YLR222C 31 786
YLR222C-A 0 0
YLR223C 32 637
YLR224W 21 379
YLR225C 16 379
YLR226W 16 273
YLR227C 27 494
YLR228C 40 875
YLR229C 13 542
YLR230W 6 113
YLR231C 46 2181
YLR232W 11 326
YLR233C 43 1153
YLR234W 92 2204
YLR235C 38 543
YLR236C 39 1473
YLR237W 55 1597
YLR238W 20 467
YLR239C 12 280
YLR240W 31 672
YLR241W 33 578
YLR242C 17 182
YLR243W 7 38
YLR244C 35 941
YLR245C 17 324
YLR246W 20 243
YLR247C 79 1483
YLR248W 33 1084
YLR249W 64 837
YLR250W 22 1142
YLR251W 7 93
YLR252W 2 54
YLR253W 45 709
YLR254C 10 122
YLR255C 39 3086
YLR256W 117 2298
YLR257W 30 461
YLR258W 69 2248
YLR259C 30 604
YLR260W 46 948
YLR261C 4 117
YLR262C 10 286
YLR262C-A 0 0
YLR263W 29 532
YLR264W 2 3
YLR264C-A 1 14
YLR265C 9 40
YLR266C 28 767
YLR267W 35 9112
YLR268W 11 202
YLR269C 26 1638
YLR270W 16 497
YLR271W 15 136
YLR272C 43 1114
YLR273C 30 503
YLR274W 39 735
YLR275W 2 8
YLR276C 16 225
YLR277C 34 566
YLR278C 56 1806
YLR279W 41 3427
YLR280C 15 721
YLR281C 16 739
YLR282C 19 963
YLR283W 21 1052
YLR284C 4 134
YLR285W 5 220
YLR285C-A 9 849
YLR286C 12 712
YLR286W-A 1 1
YLR287C 10 53
YLR287C-A 5 59
YLR288C 34 1128
YLR289W 35 625
YLR290C 9 176
YLR291C 15 168
YLR292C 11 190
YLR293C 5 8
YLR294C 17 315
YLR295C 11 135
YLR296W 24 1937
YLR297W 23 2369
YLR298C 23 1439
YLR299W 102 4399
YLR299C-A 9 183
YLR300W 44 1327
YLR301W 13 294
YLR302C 30 2870
YLR303W 28 859
YLR304C 94 3941
YLR305C 101 3399
YLR306W 19 928
YLR307W 15 289
YLR307C-A 6 63
YLR308W 11 466
YLR309C 34 472
YLR310C 41 2237
YLR311C 13 136
YLR312C 29 674
YLR312W-A 14 279
YLR313C 34 1602
YLR314C 25 595
YLR315W 7 30
YLR316C 44 1434
YLR317W 14 445
YLR318W 59 1489
YLR319C 24 356
YLR320W 40 1148
YLR321C 30 1057
YLR322W 6 169
YLR323C 10 218
YLR324W 32 362
YLR325C 8 112
YLR326W 39 865
YLR327C 10 515
YLR328W 34 998
YLR329W 13 782
YLR330W 52 2034
YLR331C 2 160
YLR332W 9 205
YLR333C 20 286
YLR334C 11 392
YLR335W 14 188
YLR336C 42 1390
YLR337C 32 333
YLR338W 7 40
YLR339C 2 3
YLR340W 2 7
YLR341W 15 410
YLR342W 76 994
YLR342W-A 1 12
YLR343W 29 597
YLR344W 7 761
YLR345W 40 2411
YLR346C 8 141
YLR347C 40 740
YLR347W-A 1 75
YLR348C 70 11791
YLR349W 43 4857
YLR350W 11 291
YLR351C 35 1195
YLR352W 64 2412
YLR353W 38 749
YLR354C 23 725
YLR355C 45 1090
YLR356W 11 77
YLR357W 73 2453
YLR358C 23 1038
YLR359W 19 209
YLR360W 28 630
YLR361C 52 1557
YLR361C-A 8 91
YLR362W 42 1106
YLR363C 5 102
YLR363W-A 2 90
YLR364W 5 81
YLR365W 9 339
YLR364C-A 10 266
YLR366W 24 867
YLR367W 35 1203
YLR368W 35 610
YLR369W 24 788
YLR370C 17 410
YLR371W 71 1870
YLR372W 10 134
YLR373C 32 764
YLR374C 26 2311
YLR375W 33 2666
YLR376C 19 481
YLR377C 46 1230
YLR378C 50 2309
YLR379W 12 1036
YLR380W 40 692
YLR381W 25 401
YLR382C 48 657
YLR383W 34 367
YLR384C 50 992
YLR385C 18 524
YLR386W 34 686
YLR387C 30 393
YLR388W 11 257
YLR389C 89 2290
YLR390W 15 873
YLR390W-A 9 140
YLR392C 26 448
YLR393W 6 51
YLR394W 16 195
YLR395C 6 39
YLR396C 63 1450
YLR397C 34 477
YLR398C 60 816
YLR399C 37 461
YLR399W-A 1 1
YLR400W 42 7582
YLR401C 80 2365
YLR402W 3 25
YLR403W 34 842
YLR404W 23 515
YLR405W 31 2032
YLR406C 13 642
YLR406C-A 7 2570
YLR407W 4 48
YLR408C 9 210
YLR409C 44 1123
YLR410W 98 4764
YLR411W 18 1008
YLR412W 14 289
YLR412C-A 0 0
YLR413W 36 1695
YLR414C 41 926
YLR415C 50 4107
YLR416C 46 3955
YLR417W 55 1538
YLR418C 8 79
YLR419W 45 1011
YLR420W 18 138
YLR421C 11 836
YLR422W 72 2353
YLR423C 8 61
YLR424W 30 446
YLR425W 56 6393
YLR426W 11 84
YLR427W 33 499
YLR428C 18 2923
YLR429W 68 1173
YLR430W 70 970
YLR431C 30 686
YLR432W 31 1194
YLR433C 27 620
YLR434C 4 11
YLR435W 4 76
YLR436C 96 2820
YLR437C 19 317
YLR437C-A 4 48
YLR438W 72 3615
YLR438C-A 6 31
YLR439W 18 233
YLR440C 16 353
YLR441C 15 255
YLR442C 37 963
YLR443W 27 488
YLR444C 6 55
YLR445W 18 426
YLR446W 20 287
YLR447C 26 674
YLR448W 16 265
YLR449W 13 401
YLR450W 74 3426
YLR451W 21 424
YLR452C 37 2083
YLR453C 26 346
YLR454W 96 3175
YLR455W 19 501
YLR456W 20 233
YLR457C 14 233
YLR458W 7 44
YLR459W 2 2
YLR460C 18 755
YLR461W 4 51
YLR462W 0 0
YLR463C 0 0
YLR464W 0 0
YLR465C 0 0
YLR466W 0 0
YLR466C-A 0 0
YLR466C-B 2 58
YLR467W 0 0
YLR467C-A 0 0
YML133C 0 0
YML133W-B 0 0
YML133W-A 0 0
YML132W 0 0
YML131W 23 796
YML130C 28 987
YML129C 10 177
YML128C 45 1216
YML127W 37 955
YML126C 46 1585
YML125C 29 786
YML124C 24 646
YML123C 45 1141
YML122C 48 1695
YML121W 10 215
YML120C 39 1369
YML119W 12 469
YML118W 34 936
YML117W 69 1813
YML116W-A 10 144
YML116W 36 667
YML115C 29 1223
YML114C 21 691
YML113W 17 552
YML112W 12 312
YML111W 61 1880
YML110C 18 141
YML109W 44 1702
YML108W 2 5
YML107C 18 378
YML106W 13 287
YML105C 7 149
YML104C 44 941
YML103C 56 1381
YML102W 48 1496
YML101C-A 16 548
YML101C 62 3635
YML100W-A 22 571
YML100W 139 7988
YML099W-A 6 309
YML099C 35 1720
YML098W 0 0
YML097C 19 548
YML096W 25 865
YML095C 8 139
YML094C-A 12 1003
YML094W 14 1007
YML093W 48 1408
YML092C 7 46
YML091C 67 1132
YML090W 19 597
YML089C 34 3444
YML088W 22 361
YML087C 25 3904
YML086C 40 1076
YML085C 14 185
YML084W 20 694
YML083C 50 2707
YML082W 61 2514
YML081C-A 4 102
YML081W 44 1002
YML080W 15 568
YML079W 29 824
YML078W 17 673
YML077W 16 698
YML076C 67 2565
YML075C 63 1734
YML074C 8 44
YML073C 14 175
YML072C 117 3526
YML071C 37 930
YML070W 39 1519
YML069W 8 94
YML068W 27 703
YML067C 21 565
YML066C 17 320
YML065W 22 209
YML064C 13 256
YML063W 8 133
YML062C 25 820
YML061C 27 612
YML060W 20 904
YML059C 66 967
YML058W-A 7 89
YML058W 13 1357
YML057C-A 7 94
YML057W 47 760
YML056C 47 8378
YML055W 15 231
YML054C 79 2470
YML054C-A 30 1703
YML053C 29 1896
YML052W 28 1385
YML051W 53 1174
YML050W 12 206
YML049C 67 1923
YML048W 7 61
YML047W-A 4 19
YML047C 10 96
YML046W 19 343
YML043C 4 247
YML042W 59 1719
YML041C 9 137
YML038C 8 71
YML037C 9 191
YML036W 11 403
YML035C 48 1821
YML034C-A 16 359
YML034W 48 682
YML032C 26 587
YML031C-A 4 103
YML031W 34 720
YML030W 14 427
YML029W 56 2461
YML028W 35 3344
YML027W 20 751
YML026C 7 91
YML025C 17 524
YML024W 6 118
YML023C 28 534
YML022W 11 560
YML021C 32 931
YML020W 42 1236
YML019W 14 374
YML018C 37 838
YML017W 49 1301
YML016C 50 1539
YML015C 10 124
YML014W 22 781
YML013W 31 531
YML012C-A 16 154
YML012W 16 272
YML011C 13 311
YML010W 32 680
YML009W-B 9 82
YML009C-A 5 103
YML009C 4 25
YML008C 14 344
YML007C-A 11 2332
YML007W 36 1136
YML006C 34 582
YML005W 31 916
YML004C 50 1295
YML003W 26 609
YML002W 59 4848
YML001W 23 302
YMR001C 60 4473
YMR001C-A 16 721
YMR002W 34 44099
YMR003W 16 329
YMR004W 51 4794
YMR005W 19 148
YMR006C 39 1147
YMR007W 36 8507
YMR008C 20 428
YMR009W 15 254
YMR010W 19 353
YMR011W 43 781
YMR012W 49 1812
YMR013C 17 174
YMR013C-A 2 30
YMR013W-A 3 354
YMR014W 10 177
YMR015C 65 2909
YMR016C 27 590
YMR017W 26 608
YMR018W 27 822
YMR019W 42 1306
YMR020W 34 1142
YMR021C 21 1010
YMR022W 15 2688
YMR023C 43 1110
YMR024W 13 151
YMR025W 6 17
YMR026C 13 174
YMR027W 27 364
YMR028W 9 51
YMR029C 18 315
YMR030W 24 1149
YMR031C 22 356
YMR031W-A 11 260
YMR032W 27 1136
YMR030W-A 11 335
YMR033W 16 525
YMR034C 32 576
YMR035W 11 206
YMR036C 25 2697
YMR037C 30 333
YMR038C 14 242
YMR039C 21 324
YMR040W 19 588
YMR041C 12 278
YMR042W 62 3502
YMR043W 18 1099
YMR044W 28 575
YMR046W-A 0 0
YMR047C 36 963
YMR048W 14 421
YMR049C 24 616
YMR052W 7 50
YMR052C-A 9 93
YMR053C 37 2470
YMR054W 60 1756
YMR055C 34 572
YMR056C 59 1712
YMR057C 45 1519
YMR058W 88 2723
YMR059W 1 1
YMR060C 13 257
YMR061W 19 426
YMR062C 34 540
YMR063W 27 2142
YMR064W 30 458
YMR065W 37 1689
YMR066W 26 571
YMR067C 20 433
YMR068W 14 178
YMR069W 92 6445
YMR070W 29 967
YMR071C 12 678
YMR072W 8 115
YMR073C 8 202
YMR074C 9 461
YMR075W 29 341
YMR075C-A 5 137
YMR076C 46 1202
YMR077C 12 463
YMR078C 28 622
YMR079W 19 1127
YMR080C 24 594
YMR081C 15 637
YMR082C 21 866
YMR083W 30 587
YMR084W 25 432
YMR085W 15 80
YMR086W 37 1454
YMR086C-A 14 5342
YMR087W 28 2213
YMR088C 32 1284
YMR089C 24 347
YMR090W 20 671
YMR091C 37 732
YMR092C 30 786
YMR093W 20 328
YMR094W 10 161
YMR095C 19 527
YMR096W 12 307
YMR097C 19 339
YMR098C 23 636
YMR099C 10 161
YMR100W 26 464
YMR101C 15 412
YMR102C 50 1168
YMR103C 55 3666
YMR104C 55 1918
YMR105C 18 90
YMR105W-A 13 732
YMR106C 74 2256
YMR107W 25 1911
YMR108W 40 3993
YMR109W 66 1294
YMR110C 36 782
YMR111C 33 575
YMR112C 8 42
YMR113W 28 390
YMR114C 15 1032
YMR115W 17 1708
YMR116C 41 1119
YMR117C 6 57
YMR118C 15 205
YMR119W 20 363
YMR119W-A 12 240
YMR120C 37 1208
YMR121C 19 353
YMR122C 70 7109
YMR122W-A 11 192
YMR123W 1 31
YMR124W 37 2051
YMR125W 32 556
YMR126C 11 385
YMR127C 23 468
YMR128W 44 1099
YMR129W 57 1534
YMR130W 22 642
YMR131C 17 389
YMR132C 16 566
YMR133W 16 310
YMR134W 16 278
YMR135C 39 1960
YMR135W-A 72 7490
YMR136W 64 1990
YMR137C 43 1471
YMR138W 9 190
YMR139W 16 361
YMR140W 13 337
YMR141C 4 23
YMR142C 0 0
YMR141W-A 0 0
YMR143W 9 132
YMR144W 21 898
YMR145C 70 1878
YMR146C 37 863
YMR147W 18 301
YMR148W 24 671
YMR149W 20 456
YMR150C 31 1329
YMR151W 20 1213
YMR152W 25 867
YMR153W 31 1923
YMR153C-A 0 0
YMR154C 34 759
YMR155W 25 519
YMR156C 18 949
YMR157C 20 17751
YMR158W 9 119
YMR158C-A 3 33
YMR158W-B 9 383
YMR159C 13 448
YMR160W 33 1102
YMR161W 17 398
YMR162C 94 6198
YMR163C 16 430
YMR164C 21 273
YMR165C 79 1416
YMR166C 13 554
YMR167W 40 767
YMR168C 26 1160
YMR169C 38 551
YMR170C 22 1172
YMR171C 24 387
YMR172W 27 379
YMR172C-A 3 13
YMR173W 12 167
YMR173W-A 11 162
YMR174C 6 892
YMR175W 13 329
YMR175W-A 17 808
YMR176W 92 2614
YMR177W 22 614
YMR178W 28 321
YMR179W 34 727
YMR180C 49 2094
YMR181C 15 264
YMR182C 5 11
YMR182W-A 5 59
YMR183C 23 1144
YMR184W 14 678
YMR185W 30 430
YMR186W 28 923
YMR187C 28 1109
YMR188C 16 785
YMR189W 48 1394
YMR190C 60 1952
YMR191W 17 147
YMR192W 20 377
YMR193W 5 50
YMR193C-A 7 110
YMR194W 15 208
YMR194C-B 20 1841
YMR194C-A 28 18888
YMR195W 17 724
YMR196W 70 1372
YMR197C 12 133
YMR198W 37 791
YMR199W 26 537
YMR200W 23 548
YMR201C 28 3013
YMR202W 31 615
YMR203W 13 241
YMR204C 5 110
YMR205C 52 646
YMR206W 34 1038
YMR207C 106 2142
YMR208W 27 744
YMR209C 26 1049
YMR210W 33 1153
YMR211W 15 222
YMR212C 32 1165
YMR213W 27 1413
YMR214W 23 523
YMR215W 25 261
YMR216C 53 1352
YMR217W 19 986
YMR218C 25 316
YMR219W 89 2851
YMR220W 31 748
YMR221C 27 1725
YMR222C 4 39
YMR223W 28 354
YMR224C 39 643
YMR225C 22 615
YMR226C 24 597
YMR227C 11 112
YMR228W 19 498
YMR229C 58 1148
YMR230W 12 179
YMR230W-A 18 501
YMR231W 47 1225
YMR232W 21 254
YMR233W 12 361
YMR234W 12 175
YMR235C 13 430
YMR236W 9 98
YMR237W 32 1049
YMR238W 35 4180
YMR239C 19 765
YMR240C 31 601
YMR241W 34 1130
YMR242C 11 221
YMR242W-A 1 1
YMR243C 43 7241
YMR244W 44 1863
YMR244C-A 15 213
YMR245W 63 6312
YMR246W 119 7908
YMR247C 58 18422
YMR247W-A 3 54
YMR250W 38 1118
YMR251W 93 3014
YMR251W-A 0 0
YMR252C 19 1304
YMR253C 32 962
YMR254C 19 762
YMR255W 4 27
YMR256C 4 355
YMR257C 22 409
YMR258C 26 300
YMR259C 27 630
YMR260C 3 14
YMR261C 42 813
YMR262W 22 277
YMR263W 9 169
YMR264W 14 610
YMR265C 29 451
YMR266W 46 1896
YMR267W 23 626
YMR268C 6 198
YMR269W 6 158
YMR270C 12 65
YMR271C 21 1417
YMR272C 20 318
YMR272W-A 2 30
YMR272W-B 0 0
YMR273C 36 909
YMR274C 16 234
YMR275C 34 832
YMR276W 38 2737
YMR277W 38 545
YMR278W 31 588
YMR279C 32 458
YMR280C 84 1877
YMR281W 19 519
YMR282C 17 1303
YMR283C 27 593
YMR284W 24 967
YMR285C 43 998
YMR286W 1 1
YMR287C 37 635
YMR288W 36 436
YMR289W 26 937
YMR290C 11 339
YMR290W-A 2 3
YMR291W 41 6499
YMR292W 14 210
YMR293C 33 501
YMR294W 19 340
YMR294W-A 4 23
YMR295C 14 133
YMR296C 59 989
YMR297W 49 1434
YMR298W 7 53
YMR299C 14 431
YMR300C 21 787
YMR301C 38 1329
YMR302C 29 490
YMR303C 21 857
YMR304W 61 1528
YMR304C-A 15 195
YMR305C 9 138
YMR306W 84 5458
YMR306C-A 17 2129
YMR307W 30 706
YMR307C-A 4 45
YMR308C 34 625
YMR309C 23 870
YMR310C 17 479
YMR311C 10 245
YMR312W 4 69
YMR313C 21 807
YMR314W 13 129
YMR315W 22 1888
YMR315W-A 7 165
YMR316W 33 1096
YMR316C-A 12 116
YMR316C-B 2 27
YMR317W 15 832
YMR318C 44 1133
YMR319C 53 1931
YMR320W 14 322
YMR321C 0 0
YMR322C 0 0
YMR323W 6 126
YMR324C 6 87
YMR325W 1 8
YMR326C 7 198
YNL339C 0 0
YNL339W-B 0 0
YNL339W-A 0 0
YNL338W 6 31
YNL337W 4 91
YNL336W 4 15
YNL335W 1 4
YNL334C 6 77
YNL333W 5 297
YNL332W 7 111
YNL331C 22 814
YNL330C 30 834
YNL329C 57 1166
YNL328C 15 355
YNL327W 30 383
YNL326C 28 646
YNL325C 43 1114
YNL324W 7 184
YNL323W 26 741
YNL322C 7 159
YNL321W 49 2573
YNL320W 23 2370
YNL319W 7 194
YNL318C 29 504
YNL317W 23 517
YNL316C 18 1688
YNL315C 5 60
YNL314W 29 726
YNL313C 30 353
YNL312W 7 40
YNL311C 40 1709
YNL310C 10 142
YNL309W 36 1700
YNL308C 19 330
YNL307C 17 206
YNL306W 12 119
YNL305C 19 322
YNL304W 45 1580
YNL303W 18 733
YNL302C 1 2
YNL301C 25 439
YNL300W 5 360
YNL299W 34 9443
YNL298W 34 824
YNL297C 31 871
YNL296W 0 0
YNL295W 27 554
YNL294C 36 1932
YNL293W 60 1634
YNL292W 18 228
YNL291C 24 590
YNL290W 33 938
YNL289W 27 956
YNL288W 24 408
YNL287W 25 1270
YNL286W 25 656
YNL285W 25 943
YNL284C 15 225
YNL283C 38 1185
YNL282W 19 903
YNL281W 10 381
YNL280C 29 1451
YNL279W 54 3740
YNL278W 85 4464
YNL277W-A 21 3105
YNL277W 43 1211
YNL276C 12 704
YNL275W 30 1172
YNL274C 22 341
YNL273W 31 1290
YNL272C 16 299
YNL271C 32 1101
YNL270C 37 648
YNL269W 28 1162
YNL268W 44 1492
YNL267W 49 1148
YNL266W 5 53
YNL265C 21 420
YNL264C 42 2605
YNL263C 17 580
YNL262W 96 3154
YNL261W 17 108
YNL260C 3 66
YNL259C 10 207
YNL258C 20 179
YNL257C 56 1456
YNL256W 34 1652
YNL255C 3 26
YNL254C 18 239
YNL253W 31 35682
YNL252C 10 128
YNL251C 57 1349
YNL250W 42 1176
YNL249C 26 578
YNL248C 6 22
YNL247W 25 549
YNL246W 26 317
YNL245C 12 77
YNL244C 14 432
YNL243W 84 2030
YNL242W 84 1995
YNL241C 66 1546
YNL240C 83 2677
YNL239W 28 394
YNL238W 42 1233
YNL237W 27 560
YNL236W 29 580
YNL235C 12 552
YNL234W 31 967
YNL233W 29 568
YNL232W 20 305
YNL231C 43 2987
YNL230C 54 1519
YNL229C 13 364
YNL228W 29 603
YNL227C 32 601
YNL226W 17 229
YNL225C 21 585
YNL224C 29 1747
YNL223W 20 746
YNL222W 19 1468
YNL221C 41 956
YNL220W 25 606
YNL219C 30 631
YNL218W 36 787
YNL217W 40 3215
YNL216W 59 1381
YNL215W 5 139
YNL214W 15 118
YNL213C 13 273
YNL212W 25 865
YNL211C 8 247
YNL210W 8 141
YNL209W 26 640
YNL208W 19 490
YNL207W 9 45
YNL206C 26 506
YNL205C 12 193
YNL204C 9 133
YNL203C 13 190
YNL202W 30 3071
YNL201C 18 382
YNL200C 14 325
YNL199C 23 469
YNL198C 7 518
YNL197C 21 489
YNL196C 37 752
YNL195C 26 571
YNL194C 20 134
YNL193W 26 318
YNL192W 57 2261
YNL191W 36 4855
YNL190W 10 2671
YNL189W 8 273
YNL188W 17 303
YNL187W 37 1155
YNL186W 36 809
YNL185C 6 64
YNL184C 6 19
YNL183C 30 970
YNL182C 21 296
YNL181W 12 176
YNL180C 15 175
YNL179C 24 1326
YNL178W 1 1
YNL177C 6 14
YNL176C 28 803
YNL175C 21 378
YNL174W 1 1
YNL173C 37 1575
YNL172W 60 1430
YNL171C 5 51
YNL170W 8 126
YNL169C 28 301
YNL168C 18 623
YNL167C 20 180
YNL166C 22 645
YNL165W 20 1214
YNL164C 18 410
YNL163C 49 1272
YNL162W-A 2 381
YNL162W 5 19
YNL161W 22 303
YNL160W 21 565
YNL159C 13 251
YNL158W 24 333
YNL157W 11 481
YNL156C 18 310
YNL155W 16 694
YNL154C 39 1010
YNL153C 20 461
YNL152W 12 61
YNL151C 15 259
YNL150W 12 704
YNL149C 10 49
YNL148C 75 109283
YNL147W 6 211
YNL146C-A 14 1135
YNL146W 13 146
YNL145W 4 133
YNL144C 78 1687
YNL144W-A 2 11
YNL143C 13 91
YNL142W 45 1890
YNL141W 22 679
YNL140C 12 152
YNL139C 52 1033
YNL138W-A 15 185
YNL138W 11 520
YNL137C 29 535
YNL136W 24 616
YNL135C 5 68
YNL134C 28 312
YNL133C 13 274
YNL132W 21 319
YNL131W 0 0
YNL130C 16 355
YNL130C-A 5 193
YNL129W 12 320
YNL128W 30 701
YNL127W 31 1397
YNL126W 36 710
YNL125C 37 1220
YNL124W 26 498
YNL123W 41 1443
YNL122C 11 282
YNL121C 15 521
YNL120C 7 73
YNL119W 35 812
YNL118C 23 639
YNL117W 48 2335
YNL116W 38 912
YNL115C 39 837
YNL114C 3 115
YNL113W 4 121
YNL112W 58 960
YNL111C 5 331
YNL110C 13 162
YNL109W 8 756
YNL108C 21 1033
YNL107W 13 319
YNL106C 66 3160
YNL105W 10 956
YNL104C 72 5748
YNL103W-A 7 810
YNL103W 32 450
YNL102W 52 1176
YNL101W 43 940
YNL100W 13 528
YNL099C 21 551
YNL098C 20 239
YNL097C-B 12 618
YNL097C 31 409
YNL097W-A 10 115
YNL096C 22 972
YNL095C 25 429
YNL094W 27 520
YNL093W 17 144
YNL092W 37 737
YNL091W 47 773
YNL090W 3 160
YNL089C 3 160
YNL088W 41 1804
YNL087W 75 6403
YNL086W 6 78
YNL085W 40 975
YNL084C 15 1012
YNL083W 28 1174
YNL082W 29 728
YNL081C 5 48
YNL080C 25 736
YNL079C 22 559
YNL078W 32 2027
YNL077W 38 941
YNL076W 28 729
YNL075W 13 288
YNL074C 34 1278
YNL073W 26 346
YNL072W 44 1897
YNL071W 19 262
YNL070W 6 279
YNL069C 6 223
YNL068C 42 1602
YNL067W-A 7 144
YNL067W-B 5 175
YNL067W 26 1112
YNL066W 68 6238
YNL065W 42 1035
YNL064C 21 529
YNL063W 19 628
YNL062C 18 414
YNL061W 33 575
YNL059C 22 442
YNL058C 13 141
YNL057W 1 2
YNL056W 15 2408
YNL055C 43 1506
YNL054W 38 613
YNL053W 65 5897
YNL052W 19 292
YNL051W 19 379
YNL050C 14 314
YNL049C 22 537
YNL048W 22 617
YNL047C 28 529
YNL046W 21 1645
YNL045W 25 733
YNL044W 11 132
YNL043C 7 87
YNL042W-B 20 724
YNL042W 28 590
YNL041C 31 752
YNL040W 19 398
YNL039W 23 818
YNL038W 19 987
YNL037C 41 459
YNL036W 33 651
YNL035C 24 525
YNL034W 15 64
YNL033W 0 0
YNL032W 17 237
YNL031C 16 837
YNL030W 9 228
YNL029C 29 1645
YNL028W 18 1056
YNL027W 27 634
YNL026W 16 247
YNL025C 18 204
YNL024C-A 10 98
YNL024C 38 1287
YNL023C 49 1721
YNL022C 26 3273
YNL021W 22 161
YNL020C 40 817
YNL019C 4 28
YNL018C 20 2290
YNL017C 22 2634
YNL016W 23 469
YNL015W 0 0
YNL014W 33 810
YNL013C 0 0
YNL012W 47 1172
YNL011C 12 318
YNL010W 25 1377
YNL009W 35 878
YNL008C 37 4239
YNL007C 21 1404
YNL006W 21 1006
YNL005C 15 375
YNL004W 107 12459
YNL003C 29 1065
YNL002C 12 196
YNL001W 55 1290
YNR001C 80 3725
YNR001W-A 13 617
YNR002C 99 11189
YNR003C 36 1707
YNR003W-A 8 138
YNR004W 8 118
YNR005C 7 214
YNR006W 34 921
YNR007C 18 908
YNR008W 58 2034
YNR009W 11 266
YNR010W 13 547
YNR011C 50 730
YNR012W 14 190
YNR013C 70 5805
YNR014W 31 4342
YNR015W 61 3467
YNR016C 198 5905
YNR017W 25 484
YNR018W 44 1440
YNR019W 56 18205
YNR020C 25 702
YNR021W 24 418
YNR022C 3 18
YNR023W 10 206
YNR024W 6 36
YNR025C 2 3
YNR026C 20 455
YNR027W 23 805
YNR028W 21 395
YNR029C 26 692
YNR030W 19 531
YNR031C 117 5636
YNR032W 43 2064
YNR032C-A 8 154
YNR033W 42 1524
YNR034W 27 1715
YNR034W-A 11 337
YNR035C 10 454
YNR036C 17 301
YNR037C 7 195
YNR038W 17 371
YNR039C 38 1698
YNR040W 27 546
YNR041C 20 649
YNR042W 5 78
YNR043W 13 148
YNR044W 32 1037
YNR045W 29 379
YNR046W 9 653
YNR047W 54 1603
YNR048W 21 960
YNR049C 23 308
YNR050C 36 695
YNR051C 21 738
YNR052C 34 1268
YNR053C 27 355
YNR054C 27 1178
YNR055C 39 1650
YNR056C 45 684
YNR057C 41 3014
YNR058W 37 1503
YNR059W 38 618
YNR060W 36 997
YNR061C 8 79
YNR062C 5 33
YNR063W 19 248
YNR064C 28 12735
YNR065C 28 1295
YNR066C 37 533
YNR067C 51 2366
YNR068C 12 71
YNR069C 25 414
YNR070W 55 893
YNR071C 41 1557
YNR072W 35 811
YNR073C 20 820
YNR074C 16 1011
YNR075W 20 384
YNR075C-A 5 64
YNR076W 0 0
YNR077C 0 0
YOL166W-A 8 529
YOL166C 6 188
YOL165C 4 445
YOL164W-A 1 1
YOL164W 35 3254
YOL163W 13 410
YOL162W 6 492
YOL161C 3 9
YOL160W 7 51
YOL159C-A 8 129
YOL159C 19 307
YOL158C 47 1798
YOL157C 24 1453
YOL156W 9 105
YOL155W-A 0 0
YOL155C 25 352
YOL154W 5 239
YOL152W 48 1401
YOL151W 12 183
YOL150C 1 4
YOL149W 7 125
YOL148C 15 330
YOL147C 14 214
YOL146W 10 200
YOL145C 26 721
YOL144W 18 329
YOL143C 15 601
YOL142W 21 777
YOL141W 63 1871
YOL140W 33 919
YOL139C 4 28
YOL138C 71 1339
YOL137W 28 509
YOL136C 15 239
YOL135C 26 514
YOL134C 13 522
YOL133W 3 51
YOL132W 26 637
YOL131W 8 143
YOL130W 41 910
YOL129W 16 649
YOL128C 20 693
YOL127W 0 0
YOL126C 44 1542
YOL125W 37 5070
YOL124C 33 887
YOL123W 40 990
YOL122C 34 1842
YOL121C 14 158
YOL120C 20 560
YOL119C 26 443
YOL118C 25 2182
YOL117W 34 2266
YOL116W 24 1154
YOL115W 50 1019
YOL114C 7 111
YOL113W 36 695
YOL112W 42 1610
YOL111C 22 442
YOL110W 92 82246
YOL109W 5 52
YOL108C 12 95
YOL107W 19 527
YOL106W 14 332
YOL105C 20 306
YOL104C 6 103
YOL103W 18 3682
YOL102C 5 152
YOL101C 5 95
YOL100W 25 899
YOL099C 2 66
YOL098C 55 1157
YOL097W-A 8 233
YOL097C 26 1249
YOL096C 26 542
YOL095C 27 692
YOL094C 16 478
YOL093W 11 113
YOL092W 18 276
YOL091W 12 177
YOL090W 42 512
YOL089C 43 729
YOL088C 10 126
YOL087C 34 1557
YOL086W-A 14 469
YOL086C 28 325
YOL085W-A 23 3770
YOL085C 34 4326
YOL084W 86 3446
YOL083W 18 390
YOL083C-A 1 2
YOL082W 23 467
YOL081W 116 4101
YOL080C 9 355
YOL079W 1 7
YOL078W 58 1757
YOL077W-A 7 298
YOL077C 17 545
YOL076W 15 76
YOL075C 48 1571
YOL073C 18 513
YOL072W 23 477
YOL071W 5 21
YOL070C 26 1496
YOL069W 24 561
YOL068C 43 911
YOL067C 7 442
YOL066C 33 565
YOL065C 21 364
YOL064C 13 409
YOL063C 29 407
YOL062C 7 46
YOL061W 37 926
YOL060C 63 2033
YOL059W 46 873
YOL058W 62 2334
YOL057W 39 580
YOL056W 23 622
YOL055C 30 1436
YOL054W 16 228
YOL053W 29 1192
YOL052C-A 3 129
YOL052C 58 1615
YOL051W 35 1865
YOL050C 4 603
YOL049W 27 366
YOL048C 9 354
YOL047C 11 406
YOL046C 18 532
YOL045W 45 1084
YOL044W 12 171
YOL043C 11 339
YOL042W 29 410
YOL041C 17 583
YOL040C 0 0
YOL039W 3 6
YOL038C-A 2 71
YOL038W 12 255
YOL037C 7 123
YOL036W 45 752
YOL035C 8 131
YOL034W 58 1971
YOL033W 19 1056
YOL032W 18 254
YOL031C 37 1055
YOL030W 36 1538
YOL029C 21 481
YOL028C 11 935
YOL027C 20 397
YOL026C 21 328
YOL025W 26 548
YOL024W 7 90
YOL023W 27 553
YOL022C 14 328
YOL021C 52 1828
YOL020W 36 976
YOL019W-A 13 862
YOL019W 30 827
YOL018C 21 1881
YOL017W 32 449
YOL016C 20 399
YOL015W 29 536
YOL014W 3 2090
YOL013W-B 0 0
YOL013W-A 8 76
YOL013C 24 1083
YOL012C 6 107
YOL011W 52 829
YOL010W 18 345
YOL009C 26 571
YOL008W 7 1349
YOL007C 33 1448
YOL006C 28 1190
YOL005C 10 244
YOL004W 70 1176
YOL003C 43 1973
YOL002C 53 2593
YOL001W 50 2002
YOR001W 78 4140
YOR002W 62 2483
YOR003W 45 1184
YOR004W 19 641
YOR005C 70 3710
YOR006C 20 198
YOR007C 14 571
YOR008C 3 54
YOR008C-A 2 28
YOR008W-B 5 88
YOR009W 7 122
YOR010C 3 33
YOR011W 49 934
YOR011W-A 7 303
YOR012W 8 54
YOR013W 13 214
YOR014W 32 705
YOR015W 2 22
YOR016C 14 461
YOR017W 32 650
YOR018W 38 621
YOR019W 37 649
YOR020C 5 42
YOR020W-A 3 83
YOR021C 3 49
YOR022C 29 798
YOR023C 31 752
YOR024W 36 1962
YOR025W 31 426
YOR026W 35 1426
YOR027W 52 1091
YOR028C 29 825
YOR029W 30 6928
YOR030W 30 690
YOR031W 20 322
YOR032C 16 260
YOR032W-A 17 433
YOR033C 35 937
YOR034C 47 587
YOR034C-A 13 454
YOR035C 33 817
YOR036W 8 92
YOR037W 32 747
YOR038C 45 1503
YOR039W 13 333
YOR040W 36 890
YOR041C 15 515
YOR042W 46 1306
YOR043W 16 294
YOR044W 14 519
YOR045W 2 16
YOR046C 32 554
YOR047C 5 35
YOR048C 23 311
YOR049C 19 548
YOR050C 15 446
YOR051C 11 157
YOR052C 8 83
YOR053W 7 55
YOR054C 40 1083
YOR055W 17 643
YOR056C 34 593
YOR057W 19 596
YOR058C 34 539
YOR059C 33 3889
YOR060C 22 850
YOR061W 23 562
YOR062C 31 5255
YOR063W 10 280
YOR064C 15 439
YOR065W 19 320
YOR066W 33 1414
YOR067C 29 566
YOR069W 28 246
YOR068C 3 3
YOR070C 22 461
YOR071C 39 927
YOR072W 24 631
YOR072W-A 19 1257
YOR072W-B 5 47
YOR073W 19 853
YOR074C 20 719
YOR073W-A 2 10
YOR075W 8 155
YOR076C 49 2225
YOR077W 28 1427
YOR078W 8 242
YOR079C 24 1141
YOR080W 24 619
YOR081C 51 755
YOR082C 13 436
YOR083W 46 3378
YOR084W 61 2808
YOR085W 35 1190
YOR086C 45 1529
YOR087W 35 1595
YOR089C 15 469
YOR090C 46 895
YOR091W 64 4241
YOR092W 28 610
YOR093C 63 2554
YOR094W 6 94
YOR095C 16 111
YOR096W 8 368
YOR097C 11 417
YOR098C 44 557
YOR099W 35 659
YOR100C 25 1340
YOR101W 13 599
YOR102W 1 9
YOR103C 1 9
YOR104W 12 211
YOR105W 3 130
YOR106W 16 123
YOR107W 28 1016
YOR108W 41 725
YOR108C-A 5 50
YOR109W 41 709
YOR110W 23 2002
YOR111W 8 101
YOR112W 20 213
YOR113W 32 512
YOR114W 24 1467
YOR115C 11 97
YOR116C 42 1034
YOR117W 13 209
YOR118W 34 949
YOR119C 30 992
YOR120W 36 1275
YOR121C 11 473
YOR122C 14 147
YOR123C 21 1201
YOR124C 61 2292
YOR125C 10 278
YOR126C 8 351
YOR127W 38 681
YOR128C 23 404
YOR129C 27 698
YOR130C 15 321
YOR131C 14 275
YOR132W 35 3841
YOR133W 3 21
YOR134W 56 4927
YOR135C 6 54
YOR136W 23 848
YOR137C 36 1107
YOR138C 80 3087
YOR139C 1 3
YOR140W 38 430
YOR141C 42 1036
YOR142W 35 1678
YOR143C 17 579
YOR144C 45 1741
YOR145C 17 240
YOR146W 5 95
YOR147W 20 333
YOR148C 17 312
YOR149C 18 364
YOR150W 6 84
YOR151C 52 911
YOR152C 2 12
YOR153W 106 3085
YOR154W 11 171
YOR155C 24 476
YOR156C 15 177
YOR157C 28 560
YOR158W 17 261
YOR159C 10 98
YOR160W 33 867
YOR161C 39 1348
YOR161W-A 1 2
YOR161W-B 6 358
YOR161C-C 11 883
YOR162C 70 1053
YOR163W 7 340
YOR164C 28 754
YOR165W 51 829
YOR166C 26 842
YOR167C 0 0
YOR168W 31 749
YOR169C 5 45
YOR170W 4 86
YOR171C 24 613
YOR172W 28 231
YOR173W 27 663
YOR174W 16 492
YOR175C 34 913
YOR176W 31 470
YOR177C 27 372
YOR178C 34 975
YOR179C 40 1410
YOR180C 3 72
YOR181W 17 305
YOR182C 6 59
YOR183W 32 512
YOR184W 15 316
YOR185C 10 539
YOR186W 37 2489
YOR186C-A 22 2272
YOR187W 35 1008
YOR188W 34 632
YOR189W 8 163
YOR190W 18 393
YOR191W 50 1799
YOR192C 23 282
YOR192C-C 0 0
YOR193W 14 634
YOR194C 2 145
YOR195W 18 610
YOR196C 20 359
YOR197W 32 535
YOR198C 16 295
YOR199W 24 629
YOR200W 7 170
YOR201C 12 192
YOR202W 27 802
YOR203W 31 1670
YOR204W 27 658
YOR205C 57 1076
YOR206W 13 156
YOR207C 49 898
YOR208W 12 1524
YOR209C 22 301
YOR210W 5 57
YOR211C 52 978
YOR212W 45 1417
YOR213C 17 1156
YOR214C 12 447
YOR215C 16 205
YOR216C 47 1422
YOR217W 35 460
YOR218C 9 54
YOR219C 59 1127
YOR220W 16 337
YOR221C 20 223
YOR222W 80 9693
YOR223W 28 385
YOR224C 9 144
YOR225W 9 177
YOR226C 13 377
YOR227W 73 1309
YOR228C 13 209
YOR229W 63 2110
YOR230W 41 881
YOR231W 36 1140
YOR231C-A 7 219
YOR232W 6 165
YOR233W 45 1113
YOR234C 18 255
YOR235W 13 367
YOR236W 20 476
YOR237W 19 509
YOR238W 24 717
YOR239W 23 432
YOR241W 28 602
YOR242C 24 205
YOR243C 19 258
YOR244W 24 428
YOR245C 19 267
YOR246C 23 333
YOR247W 8 116
YOR248W 4 63
YOR249C 28 220
YOR250C 23 256
YOR251C 21 4310
YOR252W 17 440
YOR253W 16 2160
YOR254C 34 743
YOR255W 9 311
YOR256C 28 966
YOR257W 3 20
YOR258W 5 56
YOR259C 13 225
YOR260W 29 598
YOR261C 13 223
YOR262W 18 398
YOR263C 3 6
YOR264W 24 805
YOR265W 9 177
YOR266W 21 918
YOR267C 58 2707
YOR268C 58 3466
YOR269W 36 669
YOR270C 71 2914
YOR271C 32 353
YOR272W 12 547
YOR273C 47 897
YOR274W 43 2164
YOR275C 35 927
YOR276W 12 357
YOR277C 10 329
YOR278W 14 344
YOR279C 18 576
YOR280C 12 337
YOR281C 7 118
YOR282W 17 1445
YOR283W 21 488
YOR284W 8 118
YOR285W 15 443
YOR286W 4 89
YOR287C 8 104
YOR288C 13 6360
YOR289W 39 1925
YOR290C 43 537
YOR291W 76 989
YOR292C 26 493
YOR293W 20 183
YOR293C-A 6 88
YOR294W 5 99
YOR295W 16 360
YOR296W 61 1093
YOR297C 9 133
YOR298W 53 1054
YOR298C-A 18 727
YOR299W 38 1693
YOR300W 18 1547
YOR301W 80 6241
YOR302W 8 47
YOR303W 46 1466
YOR304W 62 1666
YOR304C-A 2 102
YOR305W 8 77
YOR306C 45 1075
YOR307C 31 8983
YOR308C 21 259
YOR309C 0 0
YOR310C 13 296
YOR311C 16 459
YOR312C 5 81
YOR313C 13 123
YOR314W 4 8
YOR314W-A 6 36
YOR315W 20 575
YOR316C 58 1746
YOR316C-A 46 17411
YOR317W 61 3160
YOR318C 69 7517
YOR319W 10 529
YOR320C 29 1032
YOR321W 35 887
YOR322C 63 1829
YOR323C 16 338
YOR324C 34 1009
YOR325W 14 318
YOR326W 66 1185
YOR327C 11 167
YOR328W 81 4063
YOR329C 35 576
YOR329W-A 4 53
YOR330C 39 1049
YOR331C 6 55
YOR332W 11 37
YOR333C 9 109
YOR334W 18 273
YOR335C 61 1319
YOR335W-A 1 46
YOR336W 55 1668
YOR337W 50 2084
YOR338W 38 783
YOR339C 3 22
YOR340C 12 55
YOR341W 26 430
YOR342C 19 313
YOR343C 40 8190
YOR344C 27 918
YOR345C 5 31
YOR346W 49 1048
YOR347C 22 302
YOR348C 324 160510
YOR349W 98 3079
YOR350C 41 803
YOR351C 35 587
YOR352W 21 408
YOR353C 32 489
YOR354C 27 207
YOR355W 12 258
YOR356W 40 1259
YOR357C 19 3409
YOR358W 31 490
YOR359W 22 642
YOR360C 29 558
YOR361C 51 1840
YOR362C 19 611
YOR363C 55 3237
YOR364W 34 750
YOR365C 49 1344
YOR366W 5 33
YOR367W 10 223
YOR368W 34 1488
YOR369C 20 340
YOR370C 29 871
YOR371C 92 18916
YOR372C 22 366
YOR373W 44 838
YOR374W 34 1170
YOR375C 51 1179
YOR376W 29 853
YOR376W-A 1 1
YOR377W 39 1968
YOR378W 26 708
YOR379C 15 638
YOR380W 43 2052
YOR381W 35 813
YOR381W-A 5 39
YOR382W 3 7
YOR383C 4 11
YOR384W 28 265
YOR385W 20 665
YOR386W 17 480
YOR387C 7 117
YOR388C 6 59
YOR389W 18 786
YOR390W 2 17
YOR391C 4 101
YOR392W 3 7
YOR393W 0 0
YOR394W 0 0
YOR394C-A 1 1
YOR396W 0 0
YOR396C-A 0 0
YPL283C 0 0
YPL283W-B 0 0
YPL283W-A 0 0
YPL282C 0 0
YPL281C 0 0
YPL280W 0 0
YPL279C 6 66
YPL278C 0 0
YPL277C 23 15613
YPL274W 58 2911
YPL273W 16 390
YPL272C 8 339
YPL271W 2 193
YPL270W 41 1036
YPL269W 31 1154
YPL268W 39 1079
YPL267W 8 74
YPL266W 21 1213
YPL265W 72 2457
YPL264C 16 506
YPL263C 48 779
YPL262W 44 859
YPL261C 14 517
YPL260W 11 134
YPL259C 22 646
YPL258C 50 2450
YPL257W 13 135
YPL256C 44 1385
YPL255W 23 847
YPL254W 22 410
YPL253C 37 868
YPL252C 8 133
YPL251W 7 79
YPL250C 18 689
YPL249C-A 5 69
YPL250W-A 5 69
YPL249C 47 829
YPL248C 36 650
YPL247C 49 9317
YPL246C 23 1916
YPL245W 36 9954
YPL244C 43 1672
YPL243W 12 182
YPL242C 68 2288
YPL241C 7 120
YPL240C 38 1339
YPL239W 8 129
YPL238C 3 14
YPL237W 3 14
YPL236C 23 617
YPL235W 12 343
YPL234C 12 233
YPL233W 18 730
YPL232W 26 791
YPL231W 136 4433
YPL230W 22 230
YPL229W 18 1102
YPL228W 21 269
YPL227C 27 575
YPL226W 38 394
YPL225W 0 0
YPL224C 56 1450
YPL223C 18 431
YPL222W 56 1173
YPL222C-A 0 0
YPL221W 83 7830
YPL220W 3 7
YPL219W 44 2102
YPL218W 20 248
YPL217C 44 845
YPL216W 35 816
YPL215W 16 189
YPL214C 36 742
YPL213W 23 420
YPL212C 30 1642
YPL211W 14 214
YPL210C 27 535
YPL209C 12 152
YPL208W 41 1194
YPL207W 48 1773
YPL206C 21 809
YPL205C 11 300
YPL204W 25 403
YPL203W 33 1780
YPL202C 29 264
YPL201C 30 376
YPL200W 4 32
YPL199C 14 155
YPL198W 46 857
YPL197C 5 277
YPL196W 20 175
YPL195W 29 420
YPL194W 25 344
YPL193W 16 435
YPL192C 1 7
YPL191C 20 729
YPL190C 43 964
YPL189C-A 4 26
YPL189W 37 898
YPL188W 24 2709
YPL187W 3 5
YPL186C 48 1775
YPL185W 48 6513
YPL184C 27 710
YPL183W-A 14 160
YPL183C 46 773
YPL182C 15 610
YPL181W 26 556
YPL180W 38 583
YPL179W 41 1337
YPL178W 10 157
YPL177C 20 5458
YPL176C 50 818
YPL175W 32 659
YPL174C 20 529
YPL173W 13 81
YPL172C 15 438
YPL171C 49 8768
YPL170W 26 206
YPL169C 8 84
YPL168W 15 233
YPL167C 42 14655
YPL166W 13 135
YPL165C 6 58
YPL164C 41 1934
YPL163C 10 344
YPL162C 21 360
YPL161C 26 525
YPL160W 39 652
YPL159C 11 140
YPL158C 37 382
YPL157W 39 1037
YPL156C 35 936
YPL155C 80 4788
YPL154C 19 428
YPL153C 50 1232
YPL152W-A 1 3
YPL152W 8 233
YPL151C 34 571
YPL150W 23 344
YPL149W 12 87
YPL148C 5 28
YPL147W 28 1186
YPL146C 11 183
YPL145C 5 47
YPL144W 27 712
YPL143W 4 76
YPL142C 1 4
YPL141C 48 1317
YPL140C 22 353
YPL139C 14 344
YPL138C 13 229
YPL137C 89 2912
YPL136W 5 65
YPL135W 28 555
YPL135C-A 11 200
YPL134C 37 629
YPL133C 57 3058
YPL132W 15 351
YPL131W 9 149
YPL130W 3 82
YPL129W 3 5
YPL128C 17 419
YPL127C 20 610
YPL126W 23 348
YPL125W 35 952
YPL124W 26 635
YPL123C 10 365
YPL122C 17 287
YPL121C 8 219
YPL120W 21 206
YPL119C-A 5 104
YPL119C 28 1141
YPL118W 15 282
YPL117C 14 265
YPL116W 41 882
YPL115C 41 3110
YPL114W 15 176
YPL113C 33 1397
YPL112C 9 140
YPL111W 108 40860
YPL110C 65 5514
YPL109C 57 2137
YPL108W 29 885
YPL107W 21 910
YPL106C 30 872
YPL105C 36 1765
YPL104W 28 643
YPL103C 29 699
YPL102C 13 407
YPL101W 23 727
YPL100W 16 374
YPL099C 6 164
YPL098C 8 585
YPL097W 17 377
YPL096C-A 5 76
YPL096W 26 450
YPL095C 36 6899
YPL094C 24 497
YPL093W 28 574
YPL092W 41 1076
YPL091W 17 207
YPL090C 4 8
YPL089C 34 785
YPL088W 16 685
YPL087W 12 306
YPL086C 13 439
YPL085W 76 1118
YPL084W 19 444
YPL083C 25 850
YPL082C 74 1676
YPL081W 23 906
YPL080C 16 950
YPL079W 5 141
YPL078C 11 132
YPL077C 24 826
YPL076W 8 166
YPL075W 32 366
YPL074W 38 1421
YPL073C 4 42
YPL072W 20 469
YPL071C 9 403
YPL070W 28 677
YPL069C 17 393
YPL068C 16 241
YPL067C 58 4913
YPL066W 40 1422
YPL065W 15 235
YPL064C 23 432
YPL063W 26 876
YPL062W 51 4540
YPL061W 57 2839
YPL060W 28 641
YPL059W 13 276
YPL058C 81 3264
YPL057C 25 3007
YPL056C 34 3673
YPL055C 37 695
YPL054W 29 720
YPL053C 31 1162
YPL052W 13 216
YPL051W 9 157
YPL050C 11 85
YPL049C 38 858
YPL048W 21 374
YPL047W 7 84
YPL046C 2 5
YPL045W 45 1891
YPL044C 11 416
YPL043W 28 781
YPL042C 25 652
YPL041C 19 211
YPL040C 37 540
YPL039W 16 307
YPL038W-A 3 15
YPL038W 17 395
YPL037C 1 8
YPL036W 44 912
YPL035C 2 3
YPL034W 11 171
YPL033C 9 64
YPL032C 37 528
YPL031C 29 823
YPL030W 35 782
YPL029W 28 378
YPL028W 27 342
YPL027W 13 100
YPL026C 31 967
YPL025C 18 462
YPL024W 32 543
YPL023C 10 2476
YPL022W 32 758
YPL021W 8 293
YPL020C 24 540
YPL019C 40 826
YPL018W 28 551
YPL017C 44 1046
YPL016W 34 781
YPL015C 59 1672
YPL014W 31 1135
YPL013C 10 152
YPL012W 35 984
YPL011C 15 268
YPL010W 4 49
YPL009C 35 936
YPL008W 25 427
YPL007C 9 148
YPL006W 76 1510
YPL005W 23 339
YPL004C 34 741
YPL003W 50 1521
YPL002C 37 1487
YPL001W 49 1053
YPR001W 112 6244
YPR002W 84 9329
YPR002C-A 5 48
YPR003C 39 753
YPR004C 10 177
YPR005C 16 414
YPR006C 58 1474
YPR007C 42 1135
YPR008W 64 1947
YPR009W 11 496
YPR010C 27 331
YPR010C-A 5 712
YPR011C 50 1418
YPR012W 9 123
YPR013C 17 456
YPR014C 11 135
YPR015C 26 611
YPR016C 8 114
YPR016W-A 8 41
YPR017C 8 78
YPR018W 23 630
YPR019W 60 1731
YPR020W 4 25
YPR021C 22 414
YPR022C 65 2077
YPR023C 20 402
YPR024W 19 246
YPR025C 11 167
YPR026W 67 3465
YPR027C 8 167
YPR028W 10 141
YPR029C 22 790
YPR030W 54 2107
YPR031W 44 11625
YPR032W 27 531
YPR033C 28 773
YPR034W 21 506
YPR035W 24 747
YPR036W 63 3554
YPR036W-A 12 441
YPR037C 33 1529
YPR038W 23 716
YPR039W 24 647
YPR040W 37 968
YPR041W 22 608
YPR042C 36 1020
YPR043W 5 76
YPR044C 3 57
YPR045C 17 250
YPR046W 9 49
YPR047W 32 691
YPR048W 17 251
YPR049C 46 1978
YPR050C 21 977
YPR051W 27 1031
YPR052C 3 685
YPR053C 12 4932
YPR054W 30 1336
YPR055W 28 466
YPR056W 13 396
YPR057W 7 107
YPR058W 10 487
YPR059C 1 11
YPR060C 11 302
YPR061C 24 465
YPR062W 25 652
YPR063C 14 563
YPR064W 28 1677
YPR065W 17 285
YPR066W 22 882
YPR067W 18 563
YPR068C 39 1268
YPR069C 12 458
YPR070W 21 293
YPR071W 17 275
YPR072W 26 755
YPR073C 15 1230
YPR074C 54 1106
YPR074W-A 21 1985
YPR075C 9 344
YPR076W 0 0
YPR077C 13 1011
YPR078C 30 1146
YPR079W 32 586
YPR080W 5 171
YPR081C 48 1455
YPR082C 10 147
YPR083W 48 885
YPR084W 13 233
YPR085C 12 205
YPR086W 27 416
YPR087W 6 27
YPR088C 22 181
YPR089W 30 803
YPR091C 30 318
YPR092W 22 3506
YPR093C 31 1545
YPR094W 8 250
YPR095C 58 1386
YPR096C 13 217
YPR097W 63 2067
YPR098C 16 315
YPR099C 14 348
YPR100W 14 347
YPR101W 8 159
YPR102C 0 0
YPR103W 16 326
YPR104C 23 382
YPR105C 21 839
YPR106W 26 495
YPR107C 18 545
YPR108W 13 250
YPR108W-A 10 764
YPR109W 25 1246
YPR110C 12 141
YPR111W 42 966
YPR112C 30 655
YPR113W 17 489
YPR114W 30 389
YPR115W 41 1126
YPR116W 5 47
YPR117W 114 3692
YPR118W 17 405
YPR119W 31 900
YPR120C 35 1083
YPR121W 27 1274
YPR122W 96 10938
YPR123C 15 286
YPR124W 40 917
YPR125W 21 398
YPR126C 10 133
YPR127W 22 548
YPR128C 13 1415
YPR129W 6 167
YPR130C 7 27
YPR131C 18 454
YPR132W 3 10
YPR133C 18 4395
YPR133W-A 2 7
YPR134W 7 1344
YPR135W 30 455
YPR136C 2 99
YPR137W 12 182
YPR138C 46 1656
YPR139C 7 77
YPR140W 23 428
YPR141C 27 661
YPR142C 20 936
YPR143W 4 24
YPR144C 24 492
YPR145W 86 4892
YPR145C-A 13 471
YPR146C 13 129
YPR147C 23 584
YPR148C 28 2012
YPR149W 26 1151
YPR150W 35 1014
YPR151C 33 1036
YPR152C 64 2589
YPR153W 27 565
YPR154W 4 70
YPR155C 40 846
YPR156C 28 667
YPR157W 44 1018
YPR158W 23 278
YPR159W 50 1023
YPR159C-A 5 32
YPR160W 88 9770
YPR160W-A 3 25
YPR160C-A 11 510
YPR161C 32 912
YPR162C 19 347
YPR163C 10 216
YPR164W 45 849
YPR165W 8 48
YPR166C 7 454
YPR167C 17 960
YPR168W 14 2852
YPR169W 39 1018
YPR170C 18 497
YPR169W-A 5 107
YPR170W-B 10 210
YPR170W-A 8 138
YPR171W 19 277
YPR172W 16 423
YPR173C 13 1611
YPR174C 6 44
YPR175W 30 575
YPR176C 14 189
YPR177C 8 408
YPR178W 39 1223
YPR179C 45 1338
YPR180W 5 60
YPR181C 26 713
YPR182W 2 10
YPR183W 29 1228
YPR184W 109 4379
YPR185W 38 890
YPR186C 17 291
YPR187W 10 114
YPR188C 8 143
YPR189W 42 759
YPR190C 33 916
YPR191W 21 621
YPR192W 61 3744
YPR193C 20 1000
YPR194C 54 1097
YPR195C 38 1002
YPR196W 33 758
YPR197C 7 112
YPR198W 20 632
YPR199C 20 845
YPR200C 4 35
YPR201W 46 1244
YPR202W 0 0
YPR203W 0 0
YPR204W 0 0
YPR204C-A 0 0
