YAL069W 7 723
YAL068W-A 14 7572
YAL068C 0 0
YAL067W-A 9 2161
YAL067C 8 80
YAL066W 6 373
YAL065C 5 61
YAL064W-B 5 61
YAL064C-A 1 1
YAL064W 2 85
YAL063C-A 0 0
YAL063C 2 45
YAL062W 18 1561
YAL061W 4 17
YAL060W 3 25
YAL059C-A 2 12
YAL059W 5 5663
YAL058W 4 113
YAL056C-A 12 4546
YAL056W 9 406
YAL055W 1 33
YAL054C 4 105
YAL053W 1 1
YAL051W 3 394
YAL049C 7 109
YAL048C 4 48
YAL047W-A 4 110
YAL047C 7 178
YAL046C 6 370
YAL045C 5 208
YAL044W-A 6 422
YAL044C 11 149
YAL043C 6 172
YAL042C-A 6 74
YAL042W 9 4650
YAL041W 1 3
YAL040C 4 16
YAL039C 11 1185
YAL038W 1 5
YAL037C-B 4 39
YAL037C-A 6 128
YAL037W 1 1
YAL036C 0 0
YAL035W 4 8
YAL034C-B 1 34
YAL034W-A 7 30
YAL034C 13 2075
YAL033W 3 13
YAL032C 4 48
YAL031W-A 6 174
YAL031C 4 69
YAL030W 3 259
YAL029C 1 29
YAL028W 2 9
YAL027W 3 26
YAL026C-A 0 0
YAL026C 0 0
YAL025C 10 329
YAL024C 2 4
YAL023C 1 1
YAL022C 1 4
YAL021C 5 623
YAL020C 11 394
YAL019W-A 5 1420
YAL019W 1 47
YAL018C 0 0
YAL017W 0 0
YAL016C-B 6 134
YAL016C-A 3 101
YAL016W 2 107
YAL015C 4 66
YAL014C 9 138
YAL013W 7 179
YAL012W 7 528
YAL011W 12 1209
YAL010C 2 8
YAL009W 6 482
YAL008W 5 50
YAL007C 2 81
YAL005C 7 1240
YAL004W 1 274
YAL003W 8 454
YAL002W 9 1329
YAL001C 9 751
YAR002W 9 225
YAR002C-A 6 371
YAR003W 7 175
YAR007C 4 363
YAR008W 3 144
YAR014C 8 34100
YAR015W 2 45
YAR018C 3 131
YAR019C 2 9
YAR019W-A 0 0
YAR020C 0 0
YAR023C 3 29
YAR027W 1 32
YAR028W 8 426
YAR029W 2 136
YAR030C 6 155
YAR031W 1 2
YAR033W 2 49
YAR035W 15 2176
YAR035C-A 13 210244
YAR042W 2 15
YAR047C 0 0
YAR050W 2 3
YAR053W 0 0
YAR060C 0 0
YAR064W 0 0
YAR066W 0 0
YAR068W 0 0
YAR069C 0 0
YAR070C 0 0
YAR071W 0 0
YAR073W 0 0
YAR075W 0 0
YBL113C 0 0
YBL113W-A 0 0
YBL112C 0 0
YBL111C 0 0
YBL109W 0 0
YBL108C-A 0 0
YBL108W 0 0
YBL107W-A 0 0
YBL107C 12 999
YBL106C 4 67
YBL105C 1 2
YBL104C 12 1050
YBL103C 0 0
YBL102W 3 144
YBL101C 9 249
YBL100W-C 11 252
YBL100C 0 0
YBL099W 0 0
YBL098W 1 8
YBL097W 1 20
YBL096C 2 19
YBL095W 8 190
YBL094C 1 16
YBL093C 2 14
YBL092W 0 0
YBL091C-A 6 579
YBL091C 6 101
YBL090W 1 1
YBL089W 10 945
YBL088C 0 0
YBL087C 5 95
YBL086C 4 297
YBL085W 1 17
YBL084C 3 10
YBL083C 6 282
YBL082C 4 103
YBL081W 3 245
YBL080C 0 0
YBL079W 2 8
YBL078C 3 69
YBL077W 5 25
YBL076C 1 15
YBL075C 6 49
YBL074C 7 366
YBL073W 3 178
YBL072C 2 2
YBL071C-B 2 48
YBL071W-A 14 2224
YBL071C 6 18
YBL070C 7 227
YBL069W 6 220
YBL068W-A 4 28
YBL068W 1 3
YBL067C 2 39
YBL066C 3 233
YBL065W 0 0
YBL064C 7 813
YBL063W 6 37
YBL062W 3 74
YBL061C 2 18
YBL060W 13 766
YBL059C-A 2 32
YBL059W 1 3
YBL058W 12 278
YBL057C 6 410
YBL056W 2 4
YBL055C 6 1454
YBL054W 1 1
YBL053W 9 953
YBL052C 4 81
YBL051C 0 0
YBL050W 0 0
YBL049W 0 0
YBL048W 0 0
YBL047C 4 202
YBL046W 5 89
YBL045C 2 102
YBL044W 5 242
YBL043W 3 32
YBL042C 0 0
YBL041W 2 15
YBL040C 1 14
YBL039W-B 2 6
YBL039C 1 4
YBL039C-A 0 0
YBL038W 1 22
YBL037W 3 23
YBL036C 14 2780
YBL035C 1 14
YBL034C 2 4
YBL033C 5 50
YBL032W 5 220
YBL031W 8 418
YBL030C 5 61
YBL029C-A 9 170
YBL029W 2 86
YBL028C 5 87
YBL027W 2 9
YBL026W 0 0
YBL025W 1 9
YBL024W 6 189
YBL023C 0 0
YBL022C 3 31
YBL021C 11 1962
YBL020W 1 34
YBL019W 2 58
YBL018C 2 167
YBL017C 5 162
YBL016W 6 270
YBL015W 8 67
YBL014C 5 36
YBL013W 5 283
YBL012C 0 0
YBL011W 3 42
YBL010C 7 244
YBL009W 4 38
YBL008W-A 0 0
YBL008W 0 0
YBL007C 5 729
YBL006C 14 1212
YBL006W-A 0 0
YBL005W 3 10
YBL004W 2 48
YBL003C 6 66
YBL002W 10 1018
YBL001C 6 232
YBR001C 8 672
YBR002C 5 156
YBR003W 5 125
YBR004C 7 45
YBR005W 2 4
YBR006W 3 11
YBR007C 3 134
YBR008C 4 36
YBR009C 4 34
YBR010W 10 113
YBR011C 2 163
YBR012C 0 0
YBR013C 2 2
YBR014C 1 55
YBR015C 1 38
YBR016W 0 0
YBR017C 3 51
YBR018C 3 4
YBR019C 2 4
YBR020W 5 54
YBR021W 1 4
YBR022W 0 0
YBR023C 3 118
YBR024W 3 33
YBR025C 4 51
YBR026C 7 140
YBR027C 0 0
YBR028C 1 229
YBR029C 3 31
YBR030W 2 482
YBR031W 7 681
YBR032W 6 252
YBR033W 2 28
YBR034C 8 777
YBR035C 3 30
YBR036C 4 75
YBR037C 16 266
YBR038W 1 1
YBR039W 0 0
YBR040W 2 97
YBR041W 1 23
YBR042C 2 11
YBR043C 1 1
YBR044C 0 0
YBR045C 0 0
YBR046C 7 239
YBR047W 11 3619
YBR048W 2 28
YBR049C 6 1042
YBR050C 3 1458
YBR051W 0 0
YBR052C 6 224
YBR053C 9 191136
YBR054W 0 0
YBR055C 5 121
YBR056W 0 0
YBR056W-A 5 35
YBR056C-B 3 707
YBR057C 3 100
YBR058C 4 50
YBR058C-A 4 33
YBR059C 1 2
YBR060C 2 27
YBR061C 7 445
YBR062C 5 40
YBR063C 1 42
YBR064W 1 1
YBR065C 1 3
YBR066C 0 0
YBR067C 3 5
YBR068C 2 143
YBR069C 4 338
YBR070C 4 111
YBR071W 7 692
YBR072W 4 154
YBR072C-A 1 1
YBR073W 3 11
YBR074W 8 573
YBR076W 0 0
YBR076C-A 9 345
YBR077C 1 2
YBR078W 4 21026
YBR079C 9 743
YBR080C 2 58
YBR081C 6 105
YBR082C 8 352
YBR083W 4 69
YBR084W 2 28
YBR084C-A 3 61
YBR085W 0 0
YBR085C-A 5 84
YBR086C 4 253
YBR087W 6 83
YBR088C 1 1
YBR089W 3 94
YBR089C-A 9 67
YBR090C 8 8744
YBR091C 9 254
YBR092C 0 0
YBR093C 3 38
YBR094W 2 13
YBR095C 11 377
YBR096W 1 14
YBR097W 2 127
YBR098W 17 1380
YBR099C 6 96
YBR101C 10 229
YBR102C 2 124
YBR103W 5 202
YBR103C-A 12 299
YBR104W 0 0
YBR105C 2 55
YBR106W 6 430
YBR107C 5 130
YBR108W 7 1124
YBR109C 5 114
YBR109W-A 2 32
YBR110W 3 8
YBR111C 9 244
YBR111W-A 6 33
YBR112C 0 0
YBR113W 0 0
YBR114W 6 178
YBR115C 2 20
YBR116C 7 125
YBR117C 3 18
YBR118W 5 56
YBR119W 4 76
YBR120C 1 1
YBR121C 0 0
YBR121C-A 0 0
YBR122C 5 174
YBR123C 2 24
YBR124W 2 2
YBR125C 0 0
YBR126C 5 65
YBR126W-A 17 1904
YBR126W-B 7 60
YBR127C 3 7
YBR128C 2 6
YBR129C 6 261
YBR130C 3 53
YBR131W 2 61
YBR131C-A 0 0
YBR132C 3 22
YBR133C 7 42
YBR134W 0 0
YBR135W 2 33
YBR136W 5 85
YBR137W 0 0
YBR138C 1 2
YBR139W 9 826
YBR140C 2 42
YBR141C 3 100
YBR141W-A 1 5
YBR142W 1 4
YBR143C 10 813
YBR144C 14 549
YBR145W 9 123
YBR146W 1 3
YBR147W 4 103
YBR148W 3 144
YBR149W 17 319
YBR150C 13 124
YBR151W 4 66
YBR152W 2 22
YBR153W 3 8
YBR154C 1 8
YBR155W 2 3
YBR156C 4 42
YBR157C 1 1
YBR158W 0 0
YBR159W 1 3
YBR160W 0 0
YBR161W 0 0
YBR162C 6 280
YBR162W-A 17 3108
YBR163W 3 94
YBR164C 1 72
YBR165W 0 0
YBR166C 4 38
YBR167C 3 89
YBR168W 4 95
YBR169C 1 1
YBR170C 4 101
YBR171W 5 94
YBR172C 1 5
YBR173C 11 181
YBR174C 4 81
YBR175W 8 1473
YBR176W 0 0
YBR177C 2 10
YBR178W 1 3
YBR179C 3 38
YBR180W 3 32
YBR181C 3 133
YBR182C 6 940
YBR182C-A 11 3990
YBR183W 6 62
YBR184W 3 115
YBR185C 3 122
YBR186W 4 91
YBR187W 5 75
YBR188C 0 0
YBR189W 1 6
YBR190W 3 426
YBR191W 0 0
YBR191W-A 1 3
YBR192W 0 0
YBR193C 4 43
YBR194W 0 0
YBR195C 2 320
YBR196C 0 0
YBR196C-A 3 274
YBR196C-B 5 265
YBR197C 8 249
YBR198C 0 0
YBR199W 3 26
YBR200W 1 2
YBR200W-A 2 2
YBR201W 2 15
YBR201C-A 3 67
YBR202W 0 0
YBR203W 3 49
YBR204C 12 714
YBR205W 6 41
YBR206W 2 7
YBR207W 0 0
YBR208C 1 1
YBR209W 2 4
YBR210W 6 660
YBR211C 1 2
YBR212W 2 12
YBR213W 3 37
YBR214W 2 2
YBR215W 9 3470
YBR216C 2 54
YBR217W 5 63
YBR218C 2 51
YBR219C 5 478
YBR220C 5 90
YBR221C 1 4
YBR221W-A 10 294
YBR222C 4 119
YBR223C 3 6
YBR223W-A 4 42
YBR224W 0 0
YBR225W 1 6
YBR226C 0 0
YBR227C 4 37
YBR228W 5 67
YBR229C 7 380
YBR230C 7 438
YBR230W-A 16 380
YBR231C 3 42
YBR232C 4 58
YBR233W 2 40
YBR233W-A 11 269
YBR234C 3 95
YBR235W 2 44
YBR236C 3 63
YBR237W 3 18
YBR238C 7 151
YBR239C 2 231
YBR240C 8 978
YBR241C 4 37
YBR242W 2 35
YBR243C 3 99
YBR244W 0 0
YBR245C 3 85
YBR246W 6 177
YBR247C 1 180
YBR248C 2 17
YBR249C 4 39
YBR250W 1 2
YBR251W 7 250
YBR252W 2 10
YBR253W 7 94
YBR254C 8 465
YBR255W 8 751
YBR255C-A 12 1082
YBR256C 13 345
YBR257W 5 694
YBR258C 7 158
YBR259W 5 243
YBR260C 11 966
YBR261C 9 195
YBR262C 6 283
YBR263W 9 1475
YBR264C 2 3
YBR265W 2 45
YBR267W 2 55
YBR266C 5 92
YBR268W 6 159
YBR269C 4 753
YBR270C 1 1
YBR271W 3 70
YBR272C 8 10659
YBR273C 6 339
YBR274W 2 12
YBR275C 0 0
YBR276C 0 0
YBR277C 3 93
YBR278W 2 14
YBR279W 1 1
YBR280C 0 0
YBR281C 8 2180
YBR282W 5 1125
YBR283C 2 6
YBR284W 10 2079
YBR285W 2 2
YBR286W 3 9
YBR287W 5 53
YBR288C 6 112
YBR289W 3 160
YBR290W 10 913
YBR291C 1 8
YBR292C 4 35
YBR293W 6 53
YBR294W 1 40
YBR295W 5 261
YBR296C 4 66
YBR296C-A 5 34
YBR297W 9 728
YBR298C 4 13
YBR298C-A 0 0
YBR299W 0 0
YBR300C 0 0
YBR301W 0 0
YBR302C 0 0
YCL076W 2 2
YCL073C 0 0
YCL069W 0 0
YCL068C 0 0
YCL067C 0 0
YCL066W 0 0
YCL065W 0 0
YCL064C 7 293
YCL063W 10 538
YCL061C 2 77
YCL059C 5 42
YCL058C 6 8815
YCL058W-A 4 137
YCL057C-A 13 6167
YCL057W 3 13
YCL056C 2 33
YCL055W 2 94
YCL054W 4 164
YCL052C 2 35
YCL051W 4 95
YCL050C 2 60
YCL049C 10 2116
YCL048W-A 1 4
YCL048W 2 68
YCL047C 3 60
YCL045C 6 147
YCL046W 0 0
YCL044C 6 252
YCL043C 4 26
YCL041C 8 3016
YCL042W 3 6
YCL040W 9 527
YCL039W 4 487
YCL038C 5 121
YCL037C 3 75
YCL036W 9 141
YCL035C 6 61
YCL034W 9 449
YCL033C 6 139
YCL032W 1 27
YCL031C 3 270
YCL030C 5 257
YCL029C 5 445
YCL028W 11 1273
YCL027W 0 0
YCL026C-B 4 177
YCL026C-A 1 287
YCL025C 5 112
YCL023C 0 0
YCL024W 2 4
YCL022C 2 18
YCL021W-A 2 37
YCL018W 3 46
YCL017C 0 0
YCL016C 6 133
YCL014W 6 157
YCL012C 4 111
YCL011C 5 664
YCL010C 17 2310
YCL009C 6 490
YCL008C 7 858
YCL007C 8 45
YCL005W-A 4 38
YCL005W 8 1935
YCL004W 5 86
YCL002C 6 337
YCL001W 2 121
YCL001W-A 1 21
YCL001W-B 1 3
YCR001W 6 93
YCR002C 4 80
YCR003W 10 667
YCR004C 0 0
YCR005C 8 989
YCR006C 11 806
YCR007C 3 327
YCR008W 0 0
YCR009C 5 108
YCR010C 5 64
YCR011C 1 106
YCR012W 7 227
YCR013C 3 160
YCR014C 8 925
YCR015C 2 110
YCR016W 3 107
YCR017C 4 1507
YCR018C 0 0
YCR018C-A 7 252
YCR019W 2 11
YCR020C 0 0
YCR020C-A 12 1574
YCR020W-B 7 1201
YCR021C 2 104
YCR022C 13 493
YCR023C 2 271
YCR024C 5 70
YCR024C-B 1 4
YCR024C-A 2 5
YCR025C 18 2918
YCR026C 5 232
YCR027C 4 100
YCR028C 4 61
YCR028C-A 2 134
YCR030C 2 51
YCR031C 4 41
YCR032W 2 38
YCR033W 1 3
YCR034W 2 33
YCR035C 12 307
YCR036W 5 714
YCR037C 4 154
YCR038C 0 0
YCR038W-A 0 0
YCR039C 0 0
YCR040W 0 0
YCR041W 0 0
YCR042C 3 491
YCR043C 5 525
YCR044C 7 1302
YCR045C 4 343
YCR045W-A 0 0
YCR046C 6 1050
YCR047C 0 0
YCR047W-A 1 3
YCR049C 5 395
YCR048W 4 48
YCR050C 1 1
YCR051W 3 156
YCR052W 5 54
YCR053W 4 161
YCR054C 1 45
YCR057C 5 318
YCR059C 21 1699
YCR060W 16 503
YCR061W 19 1347
YCR064C 6 197
YCR063W 5 969
YCR065W 3 61
YCR066W 3 27
YCR067C 0 0
YCR068W 2 11
YCR069W 2 2
YCR071C 3 85
YCR072C 9 255
YCR073C 0 0
YCR073W-A 12 3926
YCR075C 9 501
YCR075W-A 7 249
YCR076C 11 423
YCR077C 8 1915
YCR079W 6 514
YCR081W 1 26
YCR081C-A 15 1628
YCR082W 9 564
YCR083W 13 345
YCR084C 2 18
YCR085W 0 0
YCR086W 2 21
YCR087W 1 7
YCR087C-A 5 776
YCR088W 5 2294
YCR089W 1 4
YCR090C 7 122
YCR091W 1 143
YCR092C 1 10
YCR093W 6 212
YCR094W 1 1
YCR095C 1 1
YCR095W-A 3 21
YCR096C 0 0
YCR097W 1 1
YCR097W-A 0 0
YCR098C 1 3
YCR099C 3 46
YCR100C 2 219
YCR101C 2 15
YCR102C 7 243
YCR102W-A 1 41
YCR104W 0 0
YCR105W 0 0
YCR106W 14 625
YCR107W 6 70
YCR108C 7 567
YDL248W 4 234
YDL247W-A 0 0
YDL247W 0 0
YDL246C 0 0
YDL245C 0 0
YDL244W 0 0
YDL243C 2 69
YDL242W 7 1244
YDL241W 2 4
YDL240C-A 2 14
YDL240W 3 230
YDL239C 1 49
YDL238C 0 0
YDL237W 5 126
YDL236W 5 342
YDL235C 1 1
YDL234C 2 206
YDL233W 1 5
YDL232W 6 447
YDL231C 0 0
YDL230W 1 56
YDL229W 2 160
YDL228C 7 58
YDL227C 2 86
YDL226C 8 641
YDL225W 3 68
YDL224C 1 8
YDL223C 1 36
YDL222C 1 129
YDL221W 5 24
YDL220C 7 101
YDL219W 3 78
YDL218W 2 7
YDL217C 4 80
YDL216C 4 8
YDL215C 5 196
YDL214C 1 16
YDL213C 4 128
YDL212W 7 369
YDL211C 2 8
YDL210W 2 6
YDL209C 4 519
YDL208W 4 139
YDL207W 6 1015
YDL206W 1 55
YDL205C 4 10
YDL204W 6 256
YDL203C 2 15
YDL202W 1 102
YDL201W 1 13
YDL200C 13 1403
YDL199C 7 205
YDL198C 4 243
YDL197C 11 592
YDL196W 12 436
YDL195W 1 2
YDL194W 0 0
YDL193W 0 0
YDL192W 1 11
YDL191W 2 45
YDL190C 3 30
YDL189W 1 2
YDL188C 3 9
YDL187C 3 92
YDL186W 2 8
YDL185C-A 1 4
YDL185W 1 21
YDL184C 18 1092
YDL183C 3 11
YDL182W 7 47
YDL181W 1 8
YDL180W 5 272
YDL179W 2 10
YDL178W 2 18
YDL177C 6 79
YDL176W 1 34
YDL175C 11 331
YDL174C 13 291
YDL173W 3 30
YDL172C 1 16
YDL171C 2 91
YDL170W 12 521
YDL169C 9 408
YDL168W 8 465
YDL167C 3 29
YDL166C 0 0
YDL165W 2 82
YDL164C 5 150
YDL163W 1 5
YDL162C 3 154
YDL161W 7 81
YDL160C-A 6 155
YDL160C 0 0
YDL159W-A 0 0
YDL159W 11 650
YDL159C-B 1 10
YDL158C 0 0
YDL157C 11 659
YDL156W 3 11
YDL155W 1 2
YDL154W 1 13
YDL153C 1 2
YDL152W 0 0
YDL151C 2 231
YDL150W 0 0
YDL149W 4 42
YDL148C 6 48
YDL147W 3 32
YDL146W 0 0
YDL145C 2 4
YDL144C 7 882
YDL143W 7 257
YDL142C 3 335
YDL141W 2 23
YDL140C 1 2
YDL139C 7 1497
YDL138W 5 424
YDL137W 5 316
YDL136W 7 671
YDL135C 3 13
YDL134C 3 13
YDL133C-A 6 54
YDL133W 1 1
YDL132W 1 7
YDL131W 4 108
YDL130W-A 7 142
YDL130W 0 0
YDL129W 3 56
YDL128W 1 5
YDL127W 4 55
YDL126C 3 9
YDL125C 11 166
YDL124W 15 2054
YDL123W 14 3184
YDL122W 2 34
YDL121C 11 273
YDL120W 1 2
YDL119C 0 0
YDL118W 1 9
YDL117W 1 10
YDL116W 3 22
YDL115C 4 37
YDL114W-A 0 0
YDL114W 0 0
YDL113C 5 48
YDL112W 1 1
YDL111C 5 145
YDL110C 5 225
YDL109C 1 10
YDL108W 2 15
YDL107W 0 0
YDL106C 4 378
YDL105W 7 406
YDL104C 2 66
YDL103C 6 123
YDL102W 5 68
YDL101C 3 119
YDL100C 9 269
YDL099W 1 86
YDL098C 2 17
YDL097C 3 219
YDL096C 0 0
YDL095W 3 89
YDL094C 0 0
YDL093W 5 106
YDL092W 4 878
YDL091C 1 2
YDL090C 7 925
YDL089W 0 0
YDL088C 5 1621
YDL087C 8 203
YDL086W 5 120
YDL086C-A 2 12
YDL085C-A 5 121
YDL085W 5 22
YDL084W 0 0
YDL083C 3 151
YDL082W 7 131
YDL081C 0 0
YDL080C 2 338
YDL079C 7 148
YDL078C 3 186
YDL077C 0 0
YDL076C 1 15
YDL075W 1 4
YDL074C 2 106
YDL073W 7 197
YDL072C 5 239
YDL071C 0 0
YDL070W 3 11
YDL069C 0 0
YDL068W 1 83
YDL067C 7 118
YDL066W 8 174
YDL065C 8 156
YDL064W 4 69
YDL063C 1 74
YDL062W 3 17
YDL061C 6 111
YDL060W 6 442
YDL059C 2 79
YDL058W 6 1647
YDL057W 1 1
YDL056W 1 4
YDL055C 0 0
YDL054C 1 67
YDL053C 5 101
YDL052C 4 232
YDL051W 3 19
YDL050C 3 123
YDL049C 5 94
YDL048C 9 306
YDL047W 2 5
YDL046W 3 86
YDL045W-A 4 105
YDL045C 0 0
YDL044C 4 177
YDL043C 5 41
YDL042C 13 976
YDL041W 4 140
YDL040C 6 33191
YDL039C 4 167
YDL037C 4 286
YDL036C 6 41
YDL035C 3 25
YDL034W 2 99
YDL033C 1 5
YDL032W 7 270
YDL031W 2 3
YDL030W 5 45
YDL029W 4 426
YDL028C 4 211
YDL027C 2 25
YDL026W 0 0
YDL025C 0 0
YDL025W-A 0 0
YDL024C 6 210
YDL022C-A 0 0
YDL023C 6 140
YDL022W 6 527
YDL021W 7 358
YDL020C 1 17
YDL019C 4 10
YDL018C 2 2
YDL017W 2 21
YDL016C 0 0
YDL015C 1 1
YDL014W 0 0
YDL013W 0 0
YDL012C 14 741
YDL011C 1 66
YDL010W 7 187
YDL009C 2 85
YDL008W 6 145
YDL007C-A 1 60
YDL007W 4 67
YDL006W 2 7
YDL005C 1 23
YDL004W 3 11
YDL003W 0 0
YDL002C 5 121
YDL001W 3 23
YDR001C 3 19
YDR002W 1 7
YDR003W 5 63
YDR003W-A 1 3
YDR004W 6 11
YDR005C 1 4
YDR006C 0 0
YDR007W 8 33
YDR008C 7 96
YDR009W 9 1857
YDR010C 7 66
YDR011W 1 46
YDR012W 2 7
YDR013W 6 22
YDR014W 6 174
YDR014W-A 3 6
YDR015C 1 15
YDR016C 7 146
YDR017C 3 25
YDR018C 7 275
YDR019C 3 36
YDR020C 1 8
YDR021W 0 0
YDR022C 16 3499
YDR023W 2 22
YDR024W 0 0
YDR025W 2 4
YDR026C 6 73
YDR027C 1 3
YDR028C 0 0
YDR029W 0 0
YDR030C 15 348
YDR031W 11 307
YDR032C 1 3
YDR033W 1 3
YDR034C 4 346
YDR034C-A 6 119
YDR034W-B 0 0
YDR035W 9 315
YDR036C 7 218
YDR037W 1 25
YDR038C 0 0
YDR039C 0 0
YDR040C 1 4
YDR041W 2 83
YDR042C 1 2
YDR043C 1 1
YDR044W 5 53
YDR045C 2 42
YDR046C 2 7
YDR047W 3 28
YDR048C 5 162
YDR049W 7 430
YDR050C 3 76
YDR051C 9 174
YDR052C 0 0
YDR053W 1 7
YDR054C 2 6
YDR055W 4 65
YDR056C 4 558
YDR057W 7 180
YDR058C 13 3106
YDR059C 8 1218
YDR060W 5 122
YDR061W 2 21
YDR062W 2 35
YDR063W 3 72
YDR064W 2 7
YDR065W 4 27
YDR066C 2 19
YDR067C 9 502
YDR068W 7 194
YDR069C 6 1010
YDR070C 2 15
YDR071C 4 40
YDR072C 4 127
YDR073W 4 44
YDR074W 2 63
YDR075W 0 0
YDR076W 4 72
YDR077W 2 8
YDR078C 2 40
YDR079W 1 16
YDR079C-A 7 239
YDR080W 6 459
YDR081C 0 0
YDR082W 1 38
YDR083W 4 125
YDR084C 2 23
YDR085C 4 49
YDR086C 1 1
YDR087C 5 84
YDR088C 2 2
YDR089W 7 319
YDR090C 4 99
YDR091C 2 268
YDR092W 2 40
YDR093W 0 0
YDR094W 22 2145
YDR095C 6 113
YDR096W 0 0
YDR097C 0 0
YDR098C 17 504
YDR099W 3 57
YDR100W 11 724
YDR101C 5 14
YDR102C 1 7
YDR103W 2 107
YDR104C 3 12
YDR105C 3 2204
YDR106W 7 2649
YDR107C 5 21
YDR108W 4 101
YDR109C 9 119
YDR110W 7 93
YDR111C 5 19
YDR112W 2 3
YDR113C 1 7
YDR114C 5 155
YDR115W 6 147
YDR116C 1 14
YDR117C 2 4
YDR118W 6 168
YDR118W-A 1 22
YDR119W 0 0
YDR119W-A 5 363
YDR120C 13 874
YDR121W 1 11
YDR122W 0 0
YDR123C 5 169
YDR124W 9 5148
YDR125C 3 34
YDR126W 6 205
YDR127W 4 9
YDR128W 5 38
YDR129C 3 32
YDR130C 5 57
YDR131C 2 19
YDR132C 1 3
YDR133C 2 12
YDR135C 6 254
YDR136C 1 4
YDR137W 0 0
YDR138W 4 35
YDR139C 2 9
YDR140W 8 95
YDR141C 5 44
YDR142C 4 11
YDR143C 0 0
YDR144C 0 0
YDR145W 5 28
YDR146C 1 9
YDR147W 4 158
YDR148C 4 314
YDR149C 1 36
YDR150W 3 37
YDR151C 4 412
YDR152W 7 104
YDR153C 8 175
YDR154C 5 161
YDR155C 4 860
YDR156W 6 284
YDR157W 6 416
YDR158W 5 128
YDR159W 0 0
YDR160W 0 0
YDR161W 1 1
YDR162C 0 0
YDR163W 0 0
YDR164C 4 30
YDR165W 1 4
YDR166C 1 1
YDR167W 2 62
YDR168W 7 364
YDR169C 1 86
YDR169C-A 3 90
YDR170C 0 0
YDR171W 0 0
YDR172W 3 1022
YDR173C 8 208
YDR174W 12 1102
YDR175C 3 72
YDR176W 5 16
YDR177W 3 60
YDR178W 7 94
YDR179C 6 169
YDR179W-A 1 6
YDR180W 0 0
YDR181C 4 433
YDR182W 6 77
YDR182W-A 6 675
YDR183W 2 30
YDR183C-A 2 2
YDR184C 4 126
YDR185C 2 44
YDR186C 11 944
YDR187C 5 113
YDR188W 8 616
YDR189W 4 113
YDR190C 1 15
YDR191W 5 105
YDR192C 1 38
YDR193W 0 0
YDR194C 1 89
YDR194W-A 1 89
YDR195W 2 47
YDR196C 5 632
YDR197W 5 258
YDR198C 8 2591
YDR199W 4 231
YDR200C 3 30
YDR201W 11 532
YDR202C 6 416
YDR203W 2 110
YDR204W 3 425
YDR205W 12 623
YDR206W 0 0
YDR207C 2 4
YDR208W 1 16
YDR209C 1 6
YDR210W 2 5
YDR211W 4 143
YDR212W 0 0
YDR213W 1 1
YDR214W 1 104
YDR215C 10 70
YDR216W 0 0
YDR217C 7 128
YDR218C 3 25
YDR219C 0 0
YDR220C 0 0
YDR221W 4 320
YDR222W 0 0
YDR223W 0 0
YDR224C 3 273
YDR225W 5 10
YDR226W 2 44
YDR227W 1 5
YDR228C 1 16
YDR229W 3 62
YDR230W 0 0
YDR231C 16 3282
YDR232W 10 264
YDR233C 13 576
YDR234W 6 158
YDR235W 3 7
YDR236C 5 292
YDR237W 3 65
YDR238C 1 62
YDR239C 0 0
YDR240C 5 660
YDR241W 0 0
YDR242W 3 32
YDR243C 4 270
YDR244W 5 355
YDR245W 0 0
YDR246W 0 0
YDR246W-A 16 425
YDR247W 0 0
YDR248C 0 0
YDR249C 3 48
YDR250C 1 29
YDR251W 2 21
YDR252W 8 127
YDR253C 1 9
YDR254W 1 2
YDR255C 7 70
YDR256C 3 226
YDR257C 4 33
YDR258C 5 400
YDR259C 1 2
YDR260C 11 176
YDR261C 0 0
YDR262W 4 133
YDR263C 2 108
YDR264C 3 66
YDR265W 3 653
YDR266C 0 0
YDR267C 1 14
YDR268W 3 75
YDR269C 0 0
YDR270W 5 146
YDR271C 7 395
YDR272W 2 4
YDR273W 0 0
YDR274C 22 645
YDR275W 14 3503
YDR276C 7 89
YDR277C 7 798
YDR278C 6 44
YDR279W 0 0
YDR280W 2 28
YDR281C 0 0
YDR282C 16 2010
YDR283C 1 20
YDR284C 2 28
YDR285W 1 35
YDR286C 5 712
YDR287W 1 2
YDR288W 6 373
YDR289C 2 11
YDR290W 0 0
YDR291W 1 3
YDR292C 0 0
YDR293C 2 97
YDR294C 4 1350
YDR295C 0 0
YDR296W 2 16
YDR297W 2 5
YDR298C 1 6
YDR299W 11 1216
YDR300C 2 31
YDR301W 3 102
YDR302W 6 25
YDR303C 1 2
YDR304C 4 40
YDR305C 9 205
YDR306C 11 325
YDR307W 3 1201
YDR308C 2 40
YDR309C 10 155
YDR310C 0 0
YDR311W 2 8
YDR312W 2 34
YDR313C 6 127
YDR314C 4 186
YDR315C 12 272
YDR316W 10 159
YDR317W 2 33
YDR318W 2 7
YDR319C 1 4
YDR320C 2 5
YDR320C-A 4 102
YDR320W-B 0 0
YDR321W 4 25
YDR322W 3 225
YDR322C-A 11 936
YDR323C 3 13
YDR324C 2 166
YDR325W 8 476
YDR326C 1 88
YDR327W 10 693
YDR328C 6 58
YDR329C 9 758
YDR330W 4 36
YDR331W 11 1454
YDR332W 3 12
YDR333C 10 404
YDR334W 0 0
YDR335W 0 0
YDR336W 6 5942
YDR337W 3 10
YDR338C 4 29
YDR339C 2 71
YDR340W 5 28
YDR341C 4 32
YDR342C 0 0
YDR343C 0 0
YDR344C 6 83
YDR345C 0 0
YDR346C 3 11
YDR347W 3 32
YDR348C 0 0
YDR349C 3 26
YDR350C 5 44
YDR351W 1 1
YDR352W 5 50
YDR353W 6 110
YDR354W 0 0
YDR354C-A 0 0
YDR355C 0 0
YDR356W 11 765
YDR357C 4 207
YDR358W 3 63
YDR359C 2 11
YDR360W 0 0
YDR361C 5 120
YDR362C 2 35
YDR363W 2 52
YDR363W-A 13 2128
YDR364C 3 50
YDR365C 3 50
YDR366C 2 7
YDR367W 4 49
YDR368W 2 2
YDR369C 4 398
YDR370C 7 614
YDR371W 11 266
YDR371C-A 2 18
YDR372C 1 19
YDR373W 3 70
YDR374C 3 6
YDR374W-A 10 3641
YDR375C 10 843
YDR376W 2 4
YDR377W 2 30
YDR378C 6 11
YDR379W 2 10
YDR379C-A 7 297
YDR380W 4 54
YDR381W 0 0
YDR381C-A 4 57
YDR382W 1 56
YDR383C 7 333
YDR384C 2 2
YDR385W 10 338
YDR386W 13 1523
YDR387C 2 12
YDR388W 9 313
YDR389W 2 12
YDR390C 11 920
YDR391C 6 176
YDR392W 7 128
YDR393W 8 623
YDR394W 1 1
YDR395W 0 0
YDR396W 4 14
YDR397C 15 617
YDR398W 8 813
YDR399W 5 112
YDR400W 0 0
YDR401W 3 17
YDR402C 0 0
YDR403W 0 0
YDR404C 1 9
YDR405W 9 47
YDR406W 10 131
YDR406W-A 2 7
YDR407C 5 8
YDR408C 2 17
YDR409W 3 128
YDR410C 2 18
YDR411C 6 305
YDR412W 4 74
YDR413C 6 539
YDR414C 1 19
YDR415C 0 0
YDR416W 3 91
YDR417C 0 0
YDR418W 1 32
YDR419W 8 1304
YDR420W 2 344
YDR421W 3 63
YDR422C 5 22
YDR423C 5 175
YDR424C 6 842
YDR425W 6 500
YDR426C 10 4316
YDR427W 5 104
YDR428C 2 18
YDR429C 5 121
YDR430C 3 17
YDR431W 1 7
YDR432W 2 3
YDR433W 6 62
YDR434W 0 0
YDR435C 5 28
YDR436W 2 27
YDR437W 0 0
YDR438W 8 284
YDR439W 1 51
YDR440W 0 0
YDR441C 10 5391
YDR442W 4 181
YDR443C 5 34
YDR444W 2 93
YDR445C 0 0
YDR446W 4 83
YDR447C 3 30
YDR448W 2 57
YDR449C 7 130
YDR450W 2 168
YDR451C 5 314
YDR452W 5 110
YDR453C 4 33
YDR454C 0 0
YDR455C 2 50
YDR456W 4 98
YDR457W 3 11
YDR458C 4 26
YDR459C 2 2
YDR460W 2 8
YDR461W 7 408
YDR461C-A 7 104
YDR462W 6 87
YDR463W 10 153
YDR464W 3 60
YDR464C-A 3 92
YDR465C 4 209
YDR466W 3 351
YDR467C 3 324
YDR468C 5 101
YDR469W 3 22
YDR470C 0 0
YDR471W 7 346
YDR472W 3 89
YDR473C 6 143
YDR475C 1 8
YDR476C 18 2853
YDR477W 0 0
YDR478W 4 3603
YDR479C 11 173
YDR480W 1 5
YDR481C 6 82
YDR482C 7 171
YDR483W 2 5
YDR484W 1 22
YDR485C 2 8
YDR486C 5 387
YDR487C 7 245
YDR488C 2 150
YDR489W 0 0
YDR490C 3 23
YDR491C 1 3
YDR492W 5 48
YDR493W 2 34
YDR494W 1 72
YDR495C 5 109
YDR496C 0 0
YDR497C 2 31
YDR498C 9 208
YDR499W 2 25
YDR500C 15 402
YDR501W 0 0
YDR502C 7 294
YDR503C 3 185
YDR504C 0 0
YDR505C 6 95
YDR506C 5 416
YDR507C 1 85
YDR508C 4 8
YDR509W 4 12
YDR510W 5 59
YDR510C-A 6 54
YDR511W 1 18
YDR512C 2 82
YDR513W 9 211
YDR514C 2 64
YDR515W 1 20
YDR516C 7 103
YDR517W 1 2
YDR518W 3 67
YDR519W 7 387
YDR520C 1 151
YDR521W 0 0
YDR522C 12 729
YDR523C 1 1
YDR524C 7 167
YDR524W-C 3 155
YDR524C-B 4 16
YDR524C-A 10 435
YDR525W 4 16
YDR525W-A 18 538
YDR526C 3 129
YDR527W 4 25
YDR528W 2 6
YDR529C 7 41
YDR530C 9 79
YDR531W 4 125
YDR532C 1 128
YDR533C 4 94
YDR534C 1 25
YDR535C 16 1815
YDR536W 4 20
YDR537C 5 18
YDR538W 1 15
YDR539W 6 138
YDR540C 2 16
YDR541C 7 168
YDR542W 0 0
YDR543C 7 79
YDR544C 0 0
YDR545W 0 0
YDR545C-A 0 0
YEL077C 0 0
YEL077W-A 1 34
YEL076C-A 0 0
YEL076C 0 0
YEL075W-A 0 0
YEL075C 0 0
YEL074W 2 4
YEL073C 1 31
YEL072W 2 75
YEL071W 3 33
YEL070W 1 2
YEL069C 0 0
YEL068C 10 1001
YEL067C 7 256
YEL066W 18 3340
YEL065W 9 540
YEL064C 2 54
YEL063C 2 5
YEL062W 8 166
YEL061C 0 0
YEL060C 10 291
YEL059C-A 7 433
YEL059W 1 4
YEL058W 8 471
YEL057C 2 51
YEL056W 2 6
YEL055C 2 22
YEL054C 2 31
YEL053W-A 0 0
YEL053C 1 1
YEL052W 5 167
YEL051W 2 18
YEL050W-A 6 610
YEL050C 5 221
YEL049W 3 40
YEL048C 2 4
YEL047C 5 57
YEL046C 9 284
YEL045C 8 486
YEL044W 4 51
YEL043W 7 185
YEL042W 2 13
YEL041W 2 80
YEL040W 6 234
YEL039C 4 49
YEL038W 12 346
YEL037C 2 40
YEL036C 0 0
YEL035C 6 1552
YEL034C-A 4 41
YEL034W 6 32
YEL033W 8 114
YEL032W 3 47
YEL032C-A 1 2
YEL031W 5 1447
YEL030C-A 0 0
YEL030W 1 1
YEL029C 3 31
YEL028W 3 164
YEL027W 0 0
YEL026W 0 0
YEL025C 12 347
YEL024W 0 0
YEL023C 3 59
YEL022W 1 1
YEL021W 9 25
YEL020C-B 1 29
YEL020W-A 5 397
YEL020C 2 1857
YEL019C 4 25
YEL018C-A 0 0
YEL018W 4 38
YEL017C-A 4 24
YEL017W 11 234
YEL016C 3 85
YEL015W 2 5
YEL014C 0 0
YEL013W 0 0
YEL012W 0 0
YEL011W 1 1
YEL010W 3 68
YEL009C-A 0 0
YEL009C 2 30
YEL008W 9 313
YEL008C-A 21 1616
YEL007W 10 948
YEL006W 7 55
YEL005C 3 13
YEL004W 4 675
YEL003W 6 263
YEL002C 5 4116
YEL001C 11 887
YER001W 1 3
YER002W 3 6
YER003C 8 107
YER004W 9 148
YER005W 2 201
YER006W 9 196
YER006C-A 2 12
YER007W 3 69
YER007C-A 3 90
YER008C 0 0
YER009W 3 133
YER010C 7 45
YER011W 0 0
YER012W 2 116
YER013W 3 871
YER014W 4 307
YER014C-A 2 70
YER015W 4 13
YER016W 3 4
YER017C 2 56
YER018C 2 20
YER019W 5 1651
YER019C-A 9 400
YER020W 4 9
YER021W 7 180
YER022W 0 0
YER023W 8 694
YER023C-A 2 21
YER024W 2 19
YER025W 2 2
YER026C 0 0
YER027C 3 290
YER028C 3 41
YER029C 3 29
YER030W 7 451
YER031C 2 19
YER032W 3 721
YER033C 14 226
YER034W 10 3553
YER035W 9 764
YER036C 2 127
YER037W 17 408
YER038C 3 68
YER038W-A 3 68
YER039C 2 132
YER039C-A 11 306
YER040W 1 6
YER041W 2 30
YER042W 6 90
YER043C 4 32
YER044C 1 2
YER044C-A 0 0
YER045C 6 55
YER046W 7 81
YER046W-A 0 0
YER047C 0 0
YER048C 0 0
YER048W-A 0 0
YER049W 4 61
YER050C 2 10
YER051W 4 20
YER052C 1 1
YER053C 5 96
YER053C-A 7 462
YER054C 1 6
YER055C 0 0
YER056C 4 71
YER056C-A 2 3
YER057C 1 12
YER058W 2 21
YER059W 0 0
YER060W 0 0
YER060W-A 1 15
YER061C 9 281
YER062C 2 251
YER063W 1 14
YER064C 2 55
YER065C 3 29
YER066W 4 26
YER066C-A 5 74
YER067W 5 173
YER067C-A 4 35
YER068W 0 0
YER068C-A 2 30
YER069W 10 214
YER070W 1 1
YER071C 0 0
YER072W 6 192
YER073W 4 76
YER074W 3 37
YER074W-A 10 158
YER075C 6 68
YER076C 1 24
YER076W-A 0 0
YER077C 3 28
YER078C 0 0
YER078W-A 7 104
YER079W 2 8
YER079C-A 1 42
YER080W 7 616
YER081W 2 80
YER082C 3 693
YER083C 10 751
YER084W 3 5
YER084W-A 2 40
YER085C 7 146
YER086W 0 0
YER087W 2 10
YER087C-A 4 75
YER087C-B 4 361
YER088C 7 331
YER088C-A 6 52
YER088W-B 24 2244
YER089C 3 445
YER090W 2 12
YER090C-A 1 2
YER091C 3 21
YER091C-A 8 606
YER092W 9 89
YER093C 1 9
YER093C-A 2 630
YER094C 2 18
YER095W 2 19
YER096W 1 6
YER097W 11 554
YER098W 5 264
YER099C 2 34
YER100W 0 0
YER101C 2 90
YER102W 3 54
YER103W 1 2
YER104W 2 12
YER105C 3 53
YER106W 1 16
YER107C 3 16
YER107W-A 1 23
YER109C 4 123
YER110C 3 9
YER111C 1 3
YER112W 1 5
YER113C 4 207
YER114C 1 8
YER115C 1 578
YER116C 2 10
YER117W 0 0
YER118C 1 10
YER119C 5 123
YER119C-A 1 112
YER120W 7 63
YER121W 3 264
YER122C 4 27
YER123W 3 141
YER124C 3 14
YER125W 0 0
YER126C 4 177
YER127W 4 273
YER128W 6 37
YER129W 1 2
YER130C 1 70
YER131W 2 11
YER132C 2 63
YER133W 2 54
YER133W-A 0 0
YER134C 5 57
YER135C 2 15
YER136W 2 8
YER137C 13 3348
YER137W-A 5 75
YER138W-A 0 0
YER139C 0 0
YER140W 2 10
YER141W 5 52
YER142C 4 125
YER143W 2 64
YER144C 14 1009
YER145C 10 294
YER145C-A 6 76
YER146W 11 542
YER147C 4 24
YER147C-A 0 0
YER148W 1 1
YER148W-A 0 0
YER149C 4 211
YER150W 8 238
YER151C 2 2
YER152C 2 3
YER152W-A 5 260
YER153C 12 121
YER154W 13 2653
YER155C 4 18
YER156C 11 2053
YER157W 9 76
YER158C 8 157
YER158W-A 12 3303
YER159C 11 891
YER161C 2 24
YER162C 5 810
YER163C 6 45
YER164W 0 0
YER165W 0 0
YER165C-A 5 118
YER166W 0 0
YER167W 1 19
YER168C 4 50
YER169W 3 174
YER170W 10 102
YER171W 1 53
YER172C 4 38
YER172C-A 3 141
YER173W 3 10
YER174C 3 90
YER175C 7 89
YER175W-A 3 146
YER176W 8 476
YER177W 1 5
YER178W 9 251
YER179W 1 23
YER180C 4 100
YER180C-A 8 319
YER181C 0 0
YER182W 2 242
YER183C 4 32
YER184C 1 4
YER185W 4 539
YER186C 6 98
YER187W 4 42
YER188W 0 0
YER188C-A 5 2020
YER189W 0 0
YER190W 0 0
YER190C-A 0 0
YER190C-B 0 0
YFL068W 0 0
YFL067W 0 0
YFL066C 0 0
YFL065C 0 0
YFL064C 0 0
YFL063W 4 376
YFL062W 0 0
YFL061W 0 0
YFL060C 0 0
YFL059W 7 278
YFL058W 0 0
YFL057C 2 23
YFL056C 0 0
YFL055W 2 5
YFL054C 4 116
YFL053W 0 0
YFL052W 8 230
YFL051C 2 4
YFL050C 2 57
YFL049W 2 92
YFL048C 8 303
YFL047W 11 337
YFL046W 3 101
YFL045C 2 5
YFL044C 2 76
YFL042C 5 70
YFL041W-A 3 341
YFL041W 6 2416
YFL040W 0 0
YFL039C 6 149
YFL038C 5 116
YFL037W 3 82
YFL036W 2 130
YFL034C-B 3 48
YFL034C-A 3 50
YFL034W 2 2
YFL033C 4 90
YFL032W 0 0
YFL031W 5 368
YFL031C-A 0 0
YFL030W 0 0
YFL029C 0 0
YFL028C 4 1633
YFL027C 0 0
YFL026W 1 118
YFL025C 0 0
YFL024C 6 157
YFL023W 6 141
YFL022C 8 44
YFL021C-A 2 18
YFL021W 11 1199
YFL020C 0 0
YFL019C 0 0
YFL018C 11 217
YFL017W-A 9 208
YFL017C 7 99
YFL016C 2 10
YFL015W-A 12 367
YFL015C 8 362
YFL014W 4 38
YFL013W-A 4 272
YFL013C 4 32
YFL012W-A 2 19
YFL012W 0 0
YFL011W 1 4
YFL010W-A 0 0
YFL010C 3 25
YFL009W 0 0
YFL008W 4 65
YFL007W 0 0
YFL005W 5 24
YFL004W 2 155
YFL003C 1 39
YFL002C 8 788
YFL001W 8 422
YFR001W 2 43
YFR002W 3 115
YFR003C 6 81
YFR004W 1 20
YFR005C 2 137
YFR006W 4 26
YFR007W 6 97
YFR008W 0 0
YFR009W 3 48
YFR009W-A 1 22
YFR010W 3 12
YFR010W-A 8 120
YFR011C 5 52
YFR012W 1 2
YFR012W-A 2 15
YFR013W 3 31
YFR014C 2 15
YFR015C 4 52
YFR016C 2 7
YFR017C 6 170
YFR018C 6 220
YFR019W 7 520
YFR020W 0 0
YFR021W 0 0
YFR022W 3 30
YFR023W 1 5
YFR024C-A 12 2317
YFR025C 3 22
YFR026C 4 95
YFR027W 6 28
YFR028C 1 129
YFR029W 6 254
YFR030W 3 166
YFR031C 8 315
YFR031C-A 2 48
YFR032C 5 53
YFR032C-A 4 108
YFR032C-B 2 4
YFR033C 8 176
YFR034C 5 98
YFR034W-A 2 38
YFR035C 16 451
YFR036W 7 49
YFR036W-A 7 421
YFR037C 8 34
YFR038W 5 324
YFR039C 1 1
YFR040W 0 0
YFR041C 1 6
YFR042W 3 13
YFR043C 4 270
YFR044C 6 163
YFR045W 4 28
YFR046C 7 134
YFR047C 6 77
YFR048W 8 272
YFR049W 1 24
YFR050C 4 836
YFR051C 5 85
YFR052W 5 219
YFR052C-A 3 81
YFR053C 2 33
YFR054C 0 0
YFR056C 1 2
YFR055W 4 66
YFR057W 4 66
YGL263W 6 221
YGL262W 2 92
YGL261C 0 0
YGL260W 1 1
YGL259W 4 28
YGL258W-A 0 0
YGL258W 0 0
YGL257C 0 0
YGL256W 1 1
YGL255W 2 13
YGL254W 10 710
YGL253W 8 247
YGL252C 4 44
YGL251C 6 107
YGL250W 4 1955
YGL249W 1 2
YGL248W 2 2
YGL247W 0 0
YGL246C 8 733
YGL245W 1 14
YGL244W 4 26
YGL243W 2 159
YGL242C 6 485
YGL241W 13 3953
YGL240W 7 228
YGL239C 2 106
YGL238W 1 14
YGL237C 1 1
YGL236C 4 129
YGL235W 2 47
YGL234W 0 0
YGL233W 2 5
YGL232W 3 124
YGL231C 3 4
YGL230C 1 30
YGL229C 0 0
YGL228W 2 142
YGL227W 2 13
YGL226C-A 6 254
YGL226W 5 84
YGL225W 5 34
YGL224C 3 47
YGL223C 8 1135
YGL222C 7 206
YGL221C 8 2957
YGL220W 8 2957
YGL219C 4 201
YGL218W 0 0
YGL217C 5 227
YGL216W 3 35
YGL215W 0 0
YGL214W 2 8
YGL213C 0 0
YGL212W 3 88
YGL211W 6 2909
YGL210W 0 0
YGL209W 1 42
YGL208W 9 1779
YGL207W 1 2
YGL206C 0 0
YGL205W 2 262
YGL204C 1 1
YGL203C 1 3
YGL202W 1 5
YGL201C 0 0
YGL200C 3 60
YGL199C 3 229
YGL198W 3 30
YGL197W 4 28
YGL196W 1 43
YGL195W 0 0
YGL194C-A 5 183
YGL194C 7 3765
YGL193C 2 77
YGL192W 0 0
YGL191W 5 108
YGL190C 2 33
YGL189C 3 6
YGL188C-A 3 6
YGL188C 3 63
YGL187C 6 56
YGL186C 6 364
YGL185C 3 81
YGL184C 5 84
YGL183C 0 0
YGL182C 8 175
YGL181W 5 52
YGL180W 4 75
YGL179C 1 11
YGL178W 1 5
YGL177W 18 1352
YGL176C 1 84
YGL175C 5 501
YGL174W 4 41
YGL173C 3 40
YGL172W 1 4
YGL171W 5 885
YGL170C 1 335
YGL169W 1 5
YGL168W 5 8
YGL167C 2 13
YGL166W 6 442
YGL165C 2 4
YGL164C 4 59
YGL163C 4 135
YGL162W 7 157
YGL161C 6 142
YGL160W 2 22
YGL159W 5 127
YGL158W 2 42
YGL157W 1 8
YGL156W 1 3
YGL155W 3 97
YGL154C 8 105
YGL153W 6 57
YGL152C 7 372
YGL151W 4 171
YGL150C 3 50
YGL149W 1 14
YGL148W 3 25
YGL147C 7 123
YGL146C 0 0
YGL145W 2 10
YGL144C 3 22
YGL143C 7 995
YGL142C 4 446
YGL141W 2 4
YGL140C 1 4
YGL139W 4 25
YGL138C 2 233
YGL137W 8 210
YGL136C 11 510
YGL135W 3 27
YGL134W 6 110
YGL133W 1 1
YGL132W 1 4
YGL131C 1 1
YGL130W 1 2
YGL129C 10 357
YGL128C 0 0
YGL127C 4 40
YGL126W 5 168
YGL125W 4 9
YGL124C 8 11220
YGL123W 3 17
YGL123C-A 1 20
YGL122C 1 14
YGL121C 5 148
YGL120C 1 7
YGL119W 2 6
YGL118C 6 138
YGL117W 4 93
YGL116W 1 24
YGL115W 1 1
YGL114W 6 139
YGL113W 2 15
YGL112C 2 18
YGL111W 5 159
YGL110C 5 166
YGL109W 5 166
YGL108C 8 256
YGL107C 8 164
YGL106W 1 16
YGL105W 4 16
YGL104C 7 399
YGL103W 1 2
YGL102C 11 782
YGL101W 5 472
YGL100W 5 42
YGL099W 1 3
YGL098W 2 73
YGL097W 6 558
YGL096W 3 34
YGL095C 2 9
YGL094C 3 31
YGL093W 5 937
YGL092W 1 9
YGL091C 0 0
YGL090W 3 31
YGL089C 5 379
YGL088W 16 1979
YGL087C 4 54
YGL086W 6 92
YGL085W 2 8
YGL084C 6 436
YGL083W 2 66
YGL082W 2 72
YGL081W 0 0
YGL080W 4 56
YGL079W 2 172
YGL078C 1 11
YGL077C 1 23
YGL076C 6 61
YGL075C 5 138
YGL074C 10 42
YGL073W 4 20
YGL072C 11 877
YGL071W 0 0
YGL070C 5 110
YGL069C 0 0
YGL068W 7 27
YGL067W 0 0
YGL066W 3 19
YGL065C 6 26
YGL064C 6 136
YGL063W 9 720
YGL063C-A 13 519
YGL062W 9 109
YGL061C 0 0
YGL060W 0 0
YGL059W 10 2931
YGL058W 7 261
YGL057C 14 1017
YGL056C 3 83
YGL055W 7 70
YGL054C 9 77
YGL053W 5 16
YGL052W 1 4
YGL051W 1 237
YGL050W 10 20419
YGL049C 4 66
YGL048C 1 1
YGL047W 0 0
YGL045W 2 11
YGL044C 3 105
YGL043W 7 1079
YGL042C 1 7
YGL041C-B 1 98
YGL041W-A 7 68
YGL041C 5 84
YGL040C 5 123
YGL039W 3 18
YGL038C 2 8
YGL037C 0 0
YGL036W 4 51
YGL035C 4 38
YGL034C 6 62
YGL033W 1 3
YGL032C 2 9
YGL031C 5 113
YGL030W 0 0
YGL029W 2 12
YGL028C 1 1
YGL027C 1 6
YGL026C 6 874
YGL025C 3 102
YGL024W 1 4
YGL023C 14 387
YGL022W 2 52
YGL021W 2 25
YGL020C 5 405
YGL019W 4 86
YGL018C 2 3
YGL017W 5 44
YGL016W 4 127
YGL015C 0 0
YGL014W 0 0
YGL014C-A 2 302
YGL013C 3 38
YGL012W 12 282
YGL011C 2 5
YGL010W 2 2
YGL009C 0 0
YGL008C 0 0
YGL007C-A 7 1152
YGL007W 6 176
YGL006W-A 4 535
YGL006W 3 91
YGL005C 5 71
YGL004C 4 187
YGL003C 0 0
YGL002W 5 1623
YGL001C 5 87
YGR001C 2 54
YGR002C 11 883
YGR003W 11 1021
YGR004W 4 106
YGR005C 4 35
YGR006W 7 59
YGR007W 11 544
YGR008C 7 107
YGR009C 2 6
YGR010W 0 0
YGR011W 3 35
YGR012W 9 1002
YGR013W 9 222
YGR014W 0 0
YGR015C 10 914
YGR016W 6 526
YGR017W 2 4
YGR018C 8 528
YGR019W 3 47
YGR020C 3 18
YGR021W 8 982
YGR022C 1 1
YGR023W 2 56
YGR024C 5 26
YGR025W 1 6
YGR026W 3 56
YGR027C 4 134
YGR028W 3 355
YGR029W 4 30
YGR030C 5 7
YGR031W 3 269
YGR031C-A 14 2207
YGR032W 3 110
YGR033C 0 0
YGR034W 3 16
YGR035C 5 174
YGR035W-A 7 287
YGR036C 2 40
YGR037C 1 1
YGR038W 2 77
YGR039W 2 30
YGR040W 1 22
YGR041W 1 1
YGR042W 11 235
YGR043C 5 271
YGR044C 6 44
YGR045C 13 397
YGR046W 0 0
YGR047C 4 639
YGR048W 2 4
YGR049W 2 9
YGR050C 7 568
YGR051C 6 169
YGR052W 6 141
YGR053C 2 22
YGR054W 2 225
YGR055W 2 3
YGR056W 9 90
YGR057C 2 9
YGR058W 11 623
YGR059W 3 9
YGR060W 4 17
YGR061C 1 2
YGR062C 3 15
YGR063C 4 190
YGR064W 2 3
YGR065C 4 34
YGR066C 2 162
YGR067C 8 243
YGR068C 11 406
YGR068W-A 7 177
YGR069W 2 11
YGR070W 4 123
YGR071C 10 492
YGR072W 2 9
YGR073C 0 0
YGR074W 1 1
YGR075C 2 11
YGR076C 7 137
YGR077C 4 106
YGR078C 4 333
YGR079W 12 6685
YGR080W 5 170
YGR081C 5 224
YGR082W 7 155
YGR083C 3 16
YGR084C 11 4207
YGR085C 6 33
YGR086C 3 21
YGR087C 5 20
YGR088W 5 111
YGR089W 0 0
YGR090W 3 84
YGR091W 0 0
YGR092W 1 18
YGR093W 2 14
YGR094W 16 571
YGR095C 3 8
YGR096W 5 267
YGR097W 1 2
YGR098C 0 0
YGR099W 4 335
YGR100W 1 5
YGR101W 6 91
YGR102C 8 322
YGR103W 3 29
YGR104C 4 40
YGR105W 8 68
YGR106C 2 5
YGR107W 3 97
YGR108W 4 42
YGR109C 2 11
YGR110W 0 0
YGR111W 8 363
YGR112W 1 2
YGR113W 0 0
YGR114C 1 2
YGR115C 2 36
YGR116W 0 0
YGR117C 7 131
YGR118W 2 20
YGR119C 2 31
YGR120C 4 17
YGR121C 3 49
YGR121W-A 9 117
YGR122W 4 40
YGR122C-A 1 298
YGR123C 4 208
YGR124W 5 278
YGR125W 3 87
YGR126W 2 181
YGR127W 7 395
YGR128C 0 0
YGR129W 1 4
YGR130C 6 136
YGR131W 1 8
YGR132C 4 65
YGR133W 21 2331
YGR134W 5 418
YGR135W 3 63
YGR136W 6 184
YGR137W 1 19
YGR138C 1 29
YGR139W 1 29
YGR140W 6 1116
YGR141W 6 193
YGR142W 2 21
YGR143W 0 0
YGR144W 1 13
YGR145W 6 86
YGR146C 1 2
YGR146C-A 12 1067
YGR147C 1 5
YGR148C 6 107
YGR149W 4 311
YGR150C 5 265
YGR151C 0 0
YGR152C 1 5
YGR153W 5 118
YGR154C 2 13
YGR155W 1 95
YGR156W 2 56
YGR157W 8 200
YGR158C 4 60
YGR159C 3 23
YGR160W 2 11
YGR161C 8 510
YGR161W-C 15 2764
YGR162W 0 0
YGR163W 1 14
YGR164W 5 460
YGR165W 1 8
YGR166W 0 0
YGR167W 1 8
YGR168C 2 13
YGR169C 0 0
YGR169C-A 3 42
YGR170W 3 142
YGR171C 4 109
YGR172C 3 37
YGR173W 0 0
YGR174C 6 95
YGR174W-A 1 3
YGR175C 4 69
YGR176W 11 942
YGR177C 4 153
YGR178C 2 8
YGR179C 5 2212
YGR180C 8 185
YGR181W 3 110
YGR182C 2 51
YGR183C 6 261
YGR184C 3 19
YGR185C 6 148
YGR186W 5 1152
YGR187C 0 0
YGR188C 8 1139
YGR189C 3 50
YGR190C 1 22
YGR191W 6 1103
YGR192C 8 68
YGR193C 1 17
YGR194C 12 2736
YGR195W 0 0
YGR196C 6 136
YGR197C 3 32
YGR198W 14 3625
YGR199W 2 18
YGR200C 6 84
YGR201C 9 134
YGR202C 5 77
YGR203W 23 3318
YGR204W 9 251
YGR204C-A 0 0
YGR205W 0 0
YGR206W 5 1097
YGR207C 5 84
YGR208W 2 4
YGR209C 8 254
YGR210C 0 0
YGR211W 3 174
YGR212W 10 378
YGR213C 4 67
YGR214W 2 8
YGR215W 7 45
YGR216C 3 12
YGR217W 2 161
YGR218W 0 0
YGR219W 3 22
YGR220C 6 785
YGR221C 3 80
YGR222W 9 261
YGR223C 11 228
YGR224W 6 620
YGR225W 0 0
YGR226C 4 17
YGR227W 0 0
YGR228W 1 2
YGR229C 3 69
YGR230W 7 1031
YGR231C 4 16
YGR232W 7 163
YGR233C 0 0
YGR234W 2 79
YGR235C 3 42
YGR236C 7 315
YGR237C 0 0
YGR238C 6 22
YGR239C 3 9
YGR240C 2 2
YGR240C-A 7 75
YGR241C 0 0
YGR242W 2 6
YGR243W 0 0
YGR244C 3 14
YGR245C 0 0
YGR246C 10 78
YGR247W 4 31
YGR248W 3 21
YGR249W 3 146
YGR250C 0 0
YGR251W 4 223
YGR252W 4 9
YGR253C 3 32
YGR254W 8 38
YGR255C 0 0
YGR256W 3 31
YGR257C 2 112
YGR258C 7 418
YGR259C 5 2053
YGR260W 3 478
YGR261C 2 32
YGR262C 2 6
YGR263C 1 2
YGR264C 6 51
YGR265W 0 0
YGR266W 6 78
YGR267C 6 71
YGR268C 6 129
YGR269W 3 152
YGR270W 2 42
YGR270C-A 3 90
YGR271W 5 108
YGR271C-A 1 7
YGR273C 0 0
YGR274C 3 63
YGR275W 3 56
YGR276C 4 162
YGR277C 5 45
YGR278W 5 54
YGR279C 1 224
YGR280C 10 1583
YGR281W 5 19
YGR282C 0 0
YGR283C 7 728
YGR284C 9 156
YGR285C 9 75
YGR286C 9 209
YGR287C 7 268
YGR288W 8 148
YGR289C 0 0
YGR290W 3 18
YGR291C 1 2
YGR292W 1 2
YGR293C 2 50
YGR294W 0 0
YGR295C 9 534
YGR296W 0 0
YGR296C-A 0 0
YGR296C-B 0 0
YHL050C 0 0
YHL050W-A 0 0
YHL049C 0 0
YHL048C-A 6 83
YHL048W 0 0
YHL047C 4 38
YHL046W-A 4 148
YHL046C 0 0
YHL045W 1 2
YHL044W 6 154
YHL043W 3 23
YHL042W 0 0
YHL041W 4 82
YHL040C 7 138
YHL039W 3 35
YHL038C 5 232
YHL037C 4 92
YHL036W 7 430
YHL035C 12 67
YHL034W-A 7 222
YHL034C 0 0
YHL033C 6 204
YHL032C 7 192
YHL031C 6 153
YHL030W-A 3 18
YHL030W 11 515
YHL029C 4 91
YHL028W 5 261
YHL027W 2 3
YHL026C 11 980
YHL025W 5 31
YHL024W 1 68
YHL023C 7 449
YHL022C 2 24
YHL021C 7 115
YHL020C 1 9
YHL019W-A 5 2527
YHL019C 3 55
YHL018W 10 814
YHL017W 6 455
YHL016C 1 138
YHL015W-A 8 119
YHL015W 0 0
YHL014C 7 368
YHL013C 5 76
YHL012W 2 102
YHL011C 4 75
YHL010C 0 0
YHL009C 4 77
YHL008C 0 0
YHL007C 4 49
YHL006W-A 8 127
YHL006C 2 20
YHL005C 7 154
YHL004W 5 508
YHL003C 4 149
YHL002C-A 1 25
YHL002W 7 232
YHL001W 7 3317
YHR001W 2 12
YHR001W-A 7 447
YHR002W 7 178
YHR003C 5 162
YHR004C 6 752
YHR005C 4 39
YHR005C-A 2 15
YHR006W 4 51
YHR007C 0 0
YHR007C-A 15 1057
YHR008C 4 434
YHR009C 4 253
YHR010W 0 0
YHR011W 0 0
YHR012W 1 136
YHR013C 7 204
YHR014W 0 0
YHR015W 7 311
YHR016C 4 113
YHR017W 3 55
YHR018C 2 28
YHR019C 5 86
YHR020W 5 478
YHR021C 3 47
YHR021W-A 7 964
YHR022C 3 35
YHR022C-A 15 1650
YHR023W 3 71
YHR024C 5 140
YHR025W 3 38
YHR026W 0 0
YHR027C 0 0
YHR028C 8 25471
YHR028W-A 2 17
YHR029C 2 45
YHR030C 4 251
YHR031C 8 317
YHR032W 0 0
YHR032W-A 10 1366
YHR032C-A 21 2860
YHR033W 8 1055
YHR034C 4 42
YHR035W 6 48
YHR036W 1 48
YHR037W 4 141
YHR038W 5 70
YHR039C 0 0
YHR039C-A 9 470
YHR040W 7 779
YHR041C 11 217
YHR042W 6 129
YHR043C 3 8
YHR044C 3 89
YHR045W 0 0
YHR046C 1 1
YHR047C 0 0
YHR048W 11 830
YHR049W 4 85
YHR049C-A 1 2
YHR050W 1 2
YHR050W-A 12 7284
YHR051W 3 64
YHR052W 3 30
YHR052W-A 0 0
YHR053C 0 0
YHR054C 1 4
YHR054W-A 0 0
YHR055C 0 0
YHR056C 4 21
YHR056W-A 2 25
YHR057C 5 50
YHR058C 6 123
YHR059W 1 18
YHR060W 8 237
YHR061C 3 834
YHR062C 2 24
YHR063C 6 94
YHR063W-A 4 128
YHR064C 5 33
YHR065C 2 16
YHR066W 4 166
YHR067W 3 19
YHR068W 1 9
YHR069C 4 10
YHR069C-A 0 0
YHR070W 4 338
YHR070C-A 8 481
YHR071W 1 1
YHR071C-A 4 50
YHR072W 3 23
YHR072W-A 0 0
YHR073W 3 42
YHR073W-A 4 59
YHR073C-B 3 4
YHR074W 8 1033
YHR075C 1 2
YHR076W 6 70
YHR077C 4 568
YHR078W 2 46
YHR079C 1 10
YHR079C-A 1 2
YHR080C 7 559
YHR081W 6 178
YHR082C 0 0
YHR083W 14 746
YHR084W 1 24
YHR085W 6 187
YHR086W 4 272
YHR086W-A 6 28
YHR087W 2 24
YHR088W 5 69
YHR089C 6 316
YHR090C 5 163
YHR091C 8 218
YHR092C 1 33
YHR093W 3 42
YHR094C 1 3
YHR095W 0 0
YHR096C 0 0
YHR097C 2 22
YHR098C 2 2
YHR099W 2 23
YHR100C 9 77
YHR101C 4 25
YHR102W 2 26
YHR103W 3 64
YHR104W 1 2
YHR105W 0 0
YHR106W 1 4
YHR107C 3 32
YHR108W 1 44
YHR109W 3 32
YHR110W 6 678
YHR111W 2 34
YHR112C 4 74
YHR113W 4 27
YHR114W 3 121
YHR115C 2 9
YHR116W 10 1327
YHR117W 6 255
YHR118C 1 3
YHR119W 2 12
YHR120W 7 130
YHR121W 3 7
YHR122W 3 74
YHR123W 6 409
YHR124W 0 0
YHR125W 3 9
YHR126C 0 0
YHR127W 6 10579
YHR128W 2 4
YHR129C 0 0
YHR130C 0 0
YHR131C 4 105
YHR131W-A 1 1
YHR132C 8 2486
YHR132W-A 7 1074
YHR133C 4 11
YHR134W 4 29
YHR135C 3 24
YHR136C 13 263
YHR137W 3 41
YHR137C-A 1 2
YHR138C 3 41
YHR139C 8 143
YHR139C-A 6 742
YHR140W 1 1
YHR141C 1 198
YHR142W 7 569
YHR143W 0 0
YHR143W-A 6 227
YHR144C 12 3578
YHR145C 0 0
YHR146W 2 543
YHR147C 4 21
YHR148W 2 64
YHR149C 2 41
YHR150W 2 18
YHR151C 3 470
YHR152W 4 18
YHR153C 3 40
YHR154W 4 121
YHR155W 3 36
YHR156C 6 172
YHR157W 0 0
YHR158C 0 0
YHR159W 2 19
YHR160C 5 27
YHR161C 1 4
YHR162W 2 27
YHR163W 1 4
YHR164C 0 0
YHR165C 0 0
YHR165W-A 0 0
YHR166C 2 4
YHR167W 6 172
YHR168W 7 1408
YHR169W 5 277
YHR170W 0 0
YHR171W 4 597
YHR172W 5 80
YHR173C 11 388
YHR174W 5 50
YHR175W 14 392
YHR175W-A 3 53
YHR176W 1 112
YHR177W 3 41
YHR178W 7 285
YHR179W 0 0
YHR180W 2 7
YHR180W-A 2 4
YHR180C-B 6 301
YHR181W 6 217
YHR182W 1 4
YHR182C-A 3 7
YHR183W 6 118
YHR184W 0 0
YHR185C 1 61
YHR186C 1 5
YHR187W 3 188
YHR188C 7 139
YHR189W 8 309
YHR190W 1 6
YHR191C 3 138
YHR192W 6 140
YHR193C 9 74
YHR193C-A 4 40
YHR194W 2 7
YHR195W 0 0
YHR196W 4 103
YHR197W 1 11
YHR198C 11 502
YHR199C 10 625
YHR199C-A 10 568
YHR200W 4 116
YHR201C 1 2
YHR202W 3 54
YHR203C 2 4
YHR204W 5 84
YHR205W 1 27
YHR206W 2 2
YHR207C 8 216
YHR208W 6 406
YHR209W 5 75
YHR210C 2 78
YHR211W 1 7
YHR212C 0 0
YHR212W-A 0 0
YHR213W 0 0
YHR213W-A 0 0
YHR213W-B 0 0
YHR214W 0 0
YHR214W-A 0 0
YHR214C-D 0 0
YHR214C-E 0 0
YHR215W 0 0
YHR216W 0 0
YHR217C 0 0
YHR218W 0 0
YHR218W-A 0 0
YHR219W 0 0
YHR219C-A 0 0
YIL177C 0 0
YIL177W-A 0 0
YIL176C 0 0
YIL173W 0 0
YIL172C 0 0
YIL171W-A 0 0
YIL169C 6 93
YIL166C 0 0
YIL165C 2 37
YIL164C 5 29
YIL163C 2 4
YIL162W 1 2
YIL161W 0 0
YIL160C 7 104
YIL159W 9 226
YIL158W 4 45
YIL157C 10 222
YIL156W-A 6 99
YIL156W-B 9 218
YIL156W 5 146
YIL155C 3 185
YIL154C 2 79
YIL153W 7 219
YIL152W 9 420
YIL151C 3 13
YIL150C 2 3
YIL149C 1 5
YIL148W 4 76
YIL147C 1 58
YIL146C 3 263
YIL145C 7 443
YIL144W 0 0
YIL143C 10 199
YIL142C-A 4 103
YIL142W 4 16
YIL141W 5 123
YIL140W 1 4
YIL139C 3 8
YIL138C 10 869
YIL137C 11 5816
YIL136W 4 112
YIL135C 1 2
YIL134C-A 10 1579
YIL134W 9 85
YIL133C 5 129
YIL132C 5 2423
YIL131C 3 28
YIL130W 4 183
YIL129C 0 0
YIL128W 1 2
YIL127C 0 0
YIL126W 2 18
YIL125W 2 2
YIL124W 4 615
YIL123W 3 202
YIL122W 3 124
YIL121W 0 0
YIL120W 0 0
YIL119C 2 73
YIL118W 3 31
YIL117C 2 10
YIL116W 2 40
YIL115W-A 2 60
YIL115C 2 6
YIL114C 1 2
YIL113W 5 156
YIL112W 4 76
YIL111W 1 2
YIL110W 2 6
YIL109C 1 1
YIL108W 7 280
YIL107C 2 8
YIL106W 2 11
YIL105C 3 90
YIL105W-A 4 94
YIL104C 6 145
YIL103W 3 190
YIL102C-A 4 5
YIL102C 5 436
YIL101C 8 153
YIL100C-A 7 427
YIL100W 7 163
YIL099W 4 80
YIL098C 11 270
YIL097W 9 165
YIL096C 4 59
YIL095W 3 45
YIL094C 2 277
YIL093C 3 48
YIL092W 1 177
YIL091C 4 67
YIL090W 3 18
YIL089W 2 31
YIL088C 7 116
YIL087C 1 5
YIL086C 3 52
YIL085C 8 5783
YIL084C 2 21
YIL083C 3 27
YIL082W 0 0
YIL079C 4 27
YIL078W 0 0
YIL077C 18 5257
YIL076W 13 331
YIL075C 3 25
YIL074C 3 13
YIL073C 1 49
YIL072W 1 7
YIL071W-A 0 0
YIL071C 6 429
YIL070C 3 255
YIL069C 9 153
YIL068W-A 1 158
YIL068C 2 10
YIL067C 0 0
YIL066W-A 1 9
YIL066C 1 65
YIL065C 11 138
YIL064W 14 269
YIL063C 7 1085
YIL062C 1 33
YIL061C 11 416
YIL060W 0 0
YIL059C 7 106
YIL058W 0 0
YIL057C 7 79
YIL056W 12 1235
YIL055C 0 0
YIL054W 10 985
YIL053W 2 2
YIL052C 1 1
YIL051C 9 295
YIL050W 5 61
YIL049W 5 57
YIL048W 0 0
YIL047C-A 4 181
YIL047C 5 336
YIL046W-A 10 445
YIL046W 7 309
YIL045W 1 1
YIL044C 9 172
YIL043C 3 145
YIL042C 5 368
YIL041W 9 231
YIL040W 0 0
YIL039W 0 0
YIL038C 3 38
YIL037C 0 0
YIL036W 3 66
YIL035C 2 16
YIL034C 8 576
YIL033C 2 25
YIL032C 2 13
YIL031W 6 77
YIL030W-A 0 0
YIL030C 2 8
YIL029W-A 0 0
YIL029C 2 9
YIL028W 2 49
YIL027C 7 554
YIL026C 4 40
YIL025C 3 53
YIL024C 9 213
YIL023C 3 39
YIL022W 1 1
YIL021W 4 74
YIL021C-A 5 89
YIL020C-A 4 90
YIL020C 5 211
YIL019W 9 1725
YIL018W 1 6
YIL017C 2 14
YIL016W 2 185
YIL015W 2 131
YIL014C-A 0 0
YIL014W 3 38
YIL013C 1 2
YIL012W 3 302
YIL011W 2 32
YIL010W 3 20
YIL009C-A 15 676
YIL009W 10 443
YIL008W 1 2
YIL007C 3 244
YIL006W 10 432
YIL005W 1 22
YIL004C 10 162
YIL003W 4 47
YIL002W-A 3 46
YIL002C 0 0
YIL001W 2 183
YIR001C 7 318
YIR002C 1 1
YIR003W 2 18
YIR004W 8 533
YIR005W 9 478
YIR006C 8 502
YIR007W 4 42
YIR008C 1 1
YIR009W 3 111
YIR010W 3 45
YIR011C 5 398
YIR012W 2 9
YIR013C 3 11
YIR014W 10 2016
YIR015W 9 231
YIR016W 7 262
YIR017C 9 573
YIR017W-A 8 795
YIR018W 13 11145
YIR018C-A 3 14
YIR019C 7 174
YIR020C 2 18
YIR020W-A 6 52
YIR020C-B 4 35
YIR021W 3 31
YIR021W-A 1 1
YIR022W 5 1005
YIR023W 6 1099
YIR023C-A 2 16
YIR024C 7 179
YIR025W 11 421
YIR026C 3 38
YIR027C 1 7
YIR028W 0 0
YIR029W 4 75
YIR030C 2 18
YIR030W-A 3 21
YIR031C 5 121
YIR032C 2 124
YIR033W 1 20
YIR034C 0 0
YIR035C 5 329
YIR036C 8 89
YIR036W-A 3 33
YIR037W 3 21
YIR038C 3 138
YIR039C 4 96
YIR040C 0 0
YIR041W 0 0
YIR042C 2 76
YJL225C 0 0
YJL225W-A 0 0
YJL223C 0 0
YJL222W-B 0 0
YJL222W-A 0 0
YJL222W 0 0
YJL221C 0 0
YJL220W 0 0
YJL219W 0 0
YJL218W 3 23
YJL217W 3 29
YJL216C 3 31
YJL215C 1 29
YJL214W 2 31
YJL213W 7 600
YJL212C 4 55
YJL211C 6 58
YJL210W 6 1497
YJL209W 2 26
YJL208C 5 86
YJL207C 1 2
YJL206C 7 36
YJL205C 15 1066
YJL204C 4 281
YJL203W 2 15
YJL202C 5 90
YJL201W 5 90
YJL200C 2 16
YJL199C 14 1323
YJL198W 6 40
YJL197W 5 39
YJL197C-A 0 0
YJL196C 6 227
YJL195C 1 2
YJL194W 5 86
YJL193W 1 13
YJL192C 7 176
YJL191W 6 535
YJL190C 4 48
YJL189W 2 58
YJL188C 5 89
YJL187C 0 0
YJL186W 4 68
YJL185C 5 117
YJL184W 2 6
YJL183W 1 69
YJL182C 2 26
YJL181W 8 141
YJL180C 0 0
YJL179W 2 200
YJL178C 15 2689
YJL177W 2 7
YJL176C 4 29
YJL175W 1 1
YJL174W 1 1
YJL173C 8 177
YJL172W 4 28
YJL171C 5 209
YJL170C 0 0
YJL169W 2 52
YJL168C 1 24
YJL167W 0 0
YJL166W 5 136
YJL165C 3 53
YJL164C 2 9
YJL163C 7 290
YJL162C 9 302
YJL161W 6 745
YJL160C 4 93
YJL159W 5 84
YJL158C 13 1447
YJL157C 6 132
YJL156W-A 11 415
YJL156C 10 369
YJL155C 1 10
YJL154C 2 69
YJL153C 0 0
YJL152W 4 57
YJL151C 13 673
YJL150W 7 56
YJL149W 9 390
YJL148W 3 241
YJL147C 0 0
YJL146W 0 0
YJL145W 4 810
YJL144W 8 55
YJL143W 4 71
YJL142C 4 58
YJL141C 0 0
YJL140W 2 4
YJL139C 1 36
YJL138C 6 39
YJL137C 8 130
YJL136W-A 4 153
YJL136C 0 0
YJL135W 5 152
YJL134W 5 269
YJL133C-A 6 420
YJL133W 5 173
YJL132W 7 379
YJL131C 7 274
YJL130C 2 75
YJL129C 0 0
YJL128C 3 70
YJL127W-A 3 70
YJL127C-B 8 146
YJL127C 2 6
YJL126W 3 5
YJL125C 3 13
YJL124C 1 1
YJL123C 5 177
YJL122W 13 1112
YJL121C 2 2
YJL120W 5 76
YJL119C 3 66
YJL118W 14 780
YJL117W 1 2
YJL116C 5 276
YJL115W 4 311
YJL112W 1 2
YJL111W 3 75
YJL110C 4 26
YJL109C 1 1
YJL108C 2 23
YJL107C 3 9
YJL106W 5 313
YJL105W 1 36
YJL104W 3 33
YJL103C 10 354
YJL102W 4 161
YJL101C 6 88
YJL100W 8 185
YJL099W 4 224
YJL098W 0 0
YJL097W 1 13
YJL096W 6 107
YJL095W 1 11
YJL094C 0 0
YJL093C 4 91
YJL092W 4 46
YJL091C 7 235
YJL090C 1 4
YJL089W 2 13
YJL088W 11 599
YJL087C 0 0
YJL086C 0 0
YJL085W 1 8
YJL084C 1 39
YJL083W 1 17
YJL082W 3 355
YJL081C 4 130
YJL080C 3 14
YJL079C 3 78
YJL078C 3 20
YJL077W-B 3 11
YJL077C 10 426
YJL077W-A 4 111
YJL076W 3 127
YJL075C 0 0
YJL074C 3 764
YJL073W 0 0
YJL072C 4 149
YJL071W 1 17
YJL070C 1 24
YJL069C 4 80
YJL068C 10 5196
YJL067W 19 6244
YJL066C 3 65
YJL065C 6 131
YJL064W 3 43
YJL063C 8 180
YJL062W-A 12 274
YJL062W 3 24
YJL061W 1 8
YJL060W 3 86
YJL059W 4 58
YJL058C 1 8
YJL057C 4 44
YJL056C 4 75
YJL055W 5 88
YJL054W 10 818
YJL053W 6 188
YJL052C-A 14 572
YJL052W 2 2
YJL051W 2 28
YJL050W 3 38
YJL049W 3 121
YJL048C 8 1067
YJL047C-A 2 2
YJL047C 1 11
YJL046W 5 34
YJL045W 2 109
YJL044C 2 4
YJL043W 0 0
YJL042W 4 75
YJL041W 2 16
YJL039C 0 0
YJL038C 0 0
YJL037W 2 18
YJL036W 1 1
YJL035C 5 346
YJL034W 4 318
YJL033W 4 33
YJL032W 2 13
YJL031C 2 94
YJL030W 2 2
YJL029C 5 1163
YJL028W 6 795
YJL027C 5 42
YJL026W 6 167
YJL026C-A 2 83
YJL025W 2 140
YJL024C 7 143
YJL023C 6 84
YJL022W 1 1
YJL020C 2 110
YJL020W-A 0 0
YJL019W 0 0
YJL016W 1 2
YJL015C 6 291
YJL014W 6 291
YJL013C 14 1014
YJL012C 3 56
YJL011C 1 6
YJL010C 1 2
YJL009W 5 34
YJL008C 3 182
YJL007C 9 778
YJL006C 9 650
YJL005W 1 392
YJL004C 10 289
YJL003W 8 61
YJL002C 5 171
YJL001W 8 56
YJR001W 8 532
YJR002W 10 663
YJR003C 7 430
YJR004C 4 93
YJR005W 6 514
YJR005C-A 4 52
YJR006W 2 24
YJR007W 0 0
YJR008W 5 43
YJR009C 6 544
YJR010W 1 10
YJR010C-A 1 1
YJR011C 4 39
YJR012C 1 1
YJR013W 4 274
YJR014W 5 133
YJR015W 9 489
YJR016C 0 0
YJR017C 9 61
YJR018W 2 3
YJR019C 2 5
YJR020W 5 63
YJR021C 9 146
YJR022W 8 187
YJR023C 0 0
YJR024C 8 340
YJR025C 0 0
YJR030C 0 0
YJR031C 1 1
YJR032W 5 86
YJR033C 6 226
YJR034W 3 123
YJR035W 6 80
YJR036C 0 0
YJR037W 1 2
YJR038C 1 6
YJR039W 4 38
YJR040W 1 4
YJR041C 1 42
YJR042W 7 188
YJR043C 10 593
YJR044C 13 936
YJR045C 3 7
YJR046W 9 594
YJR047C 3 128
YJR048W 12 409
YJR049C 12 283
YJR050W 9 191
YJR051W 9 292
YJR052W 8 1369
YJR053W 3 24
YJR054W 0 0
YJR055W 9 313
YJR056C 0 0
YJR057W 8 391
YJR058C 3 211
YJR059W 5 57
YJR060W 1 24
YJR061W 0 0
YJR062C 8 13563
YJR063W 3 35
YJR064W 7 86
YJR065C 2 41
YJR066W 3 13
YJR067C 6 44
YJR068W 5 64
YJR069C 2 117
YJR070C 7 116
YJR071W 0 0
YJR072C 5 76
YJR073C 4 59
YJR074W 12 586
YJR075W 5 88
YJR076C 12 231
YJR077C 6 172
YJR078W 5 92
YJR079W 3 16
YJR080C 6 54
YJR082C 1 4
YJR083C 9 461
YJR084W 7 321
YJR085C 10 303
YJR086W 9 662
YJR087W 4 109
YJR088C 3 375
YJR089W 2 130
YJR090C 0 0
YJR091C 5 472
YJR092W 4 904
YJR093C 2 126
YJR094C 2 424
YJR094W-A 6 89
YJR095W 1 9
YJR096W 7 137
YJR097W 0 0
YJR098C 0 0
YJR099W 1 25
YJR100C 8 445
YJR101W 1 1
YJR102C 1 4
YJR103W 3 80
YJR104C 5 585
YJR105W 13 1035
YJR106W 2 10
YJR107W 1 2
YJR108W 2 147
YJR109C 6 69
YJR110W 0 0
YJR111C 2 13
YJR112W 8 323
YJR112W-A 5 285
YJR113C 8 1332
YJR114W 4 500
YJR115W 12 328
YJR116W 1 4
YJR117W 3 63
YJR118C 1 10
YJR119C 6 69
YJR120W 9 90
YJR121W 0 0
YJR122W 1 14
YJR123W 0 0
YJR124C 2 81
YJR125C 8 210
YJR126C 7 315
YJR127C 9 722
YJR128W 6 312
YJR129C 0 0
YJR130C 7 696
YJR131W 1 30
YJR132W 2 17
YJR133W 3 137
YJR134C 5 115
YJR135C 4 61
YJR135W-A 4 797
YJR136C 1 16
YJR137C 9 388
YJR138W 3 313
YJR139C 2 36
YJR140C 3 45
YJR140W-A 2 3
YJR141W 3 362
YJR142W 0 0
YJR143C 8 429
YJR144W 6 400
YJR145C 2 4
YJR146W 10 1679
YJR147W 3 41
YJR148W 6 93
YJR149W 16 1404
YJR150C 8 578
YJR151C 3 26
YJR151W-A 4 29
YJR152W 2 16
YJR153W 3 59
YJR154W 1 22
YJR155W 2 145
YJR156C 0 0
YJR157W 0 0
YJR158W 0 0
YJR159W 0 0
YJR160C 0 0
YJR161C 4 80
YJR162C 10 163
YKL225W 2 66
YKL224C 0 0
YKL223W 0 0
YKL222C 5 42
YKL221W 7 75
YKL220C 0 0
YKL219W 7 558
YKL218C 0 0
YKL217W 5 226
YKL216W 4 56
YKL215C 2 6
YKL214C 1 5
YKL213C 5 67
YKL212W 0 0
YKL211C 8 72
YKL210W 4 325
YKL209C 4 44
YKL208W 1 3
YKL207W 9 210
YKL206C 4 92
YKL205W 4 77
YKL204W 6 51
YKL203C 0 0
YKL202W 0 0
YKL201C 3 66
YKL198C 1 1
YKL197C 8 747
YKL196C 5 142
YKL195W 8 78
YKL194C 4 374
YKL193C 5 448
YKL192C 6 590
YKL191W 5 156
YKL190W 13 1678
YKL189W 1 6
YKL188C 1 1
YKL187C 8 434
YKL186C 13 1850
YKL185W 3 13
YKL184W 0 0
YKL183C-A 2 88
YKL183W 1 78
YKL182W 2 13
YKL181W 1 9
YKL180W 0 0
YKL179C 7 292
YKL178C 4 494
YKL177W 1 2
YKL176C 1 5
YKL175W 3 24
YKL174C 3 87
YKL173W 7 229
YKL172W 0 0
YKL171W 2 25
YKL170W 2 83
YKL169C 0 0
YKL168C 7 119
YKL167C 8 615
YKL166C 2 12
YKL165C-A 13 269
YKL165C 4 25
YKL164C 2 54
YKL163W 2 18
YKL162C-A 0 0
YKL162C 0 0
YKL161C 1 1
YKL160W 3 99
YKL159C 4 119
YKL157W 7 709
YKL156W 12 187
YKL156C-A 1 14
YKL155C 2 57
YKL154W 3 76
YKL153W 4 172
YKL152C 10 718
YKL151C 12 175
YKL150W 10 1431
YKL149C 5 63
YKL148C 2 37
YKL147C 6 98
YKL146W 12 1158
YKL145W 2 530
YKL145W-A 2 4
YKL144C 6 112
YKL143W 10 1028
YKL142W 3 53
YKL141W 2 55
YKL140W 2 17
YKL139W 0 0
YKL138C-A 8 240
YKL138C 0 0
YKL137W 2 184
YKL136W 2 43
YKL135C 2 12
YKL134C 4 85
YKL133C 4 33
YKL132C 2 73
YKL131W 0 0
YKL130C 1 4
YKL129C 3 187
YKL128C 7 1211
YKL127W 6 292
YKL126W 2 73
YKL125W 1 1
YKL124W 1 58
YKL123W 2 22
YKL122C 1 2
YKL121W 1 2
YKL120W 1 74
YKL119C 1 37
YKL118W 1 8
YKL117W 10 1907
YKL116C 2 5
YKL115C 0 0
YKL114C 5 4373
YKL113C 6 91
YKL112W 3 34
YKL111C 0 0
YKL110C 9 1223
YKL109W 2 64
YKL108W 1 1
YKL107W 0 0
YKL106C-A 7 490
YKL106W 0 0
YKL105C 0 0
YKL104C 0 0
YKL103C 1 1
YKL102C 5 383
YKL101W 0 0
YKL100C 7 69
YKL100W-A 2 28
YKL099C 3 45
YKL098W 4 176
YKL097C 2 50
YKL096C-B 0 0
YKL096W-A 0 0
YKL096W 1 20
YKL095W 1 3
YKL094W 13 630
YKL093W 3 20
YKL092C 1 2
YKL091C 4 70
YKL090W 9 646
YKL089W 4 194
YKL088W 3 108
YKL087C 3 6
YKL086W 6 474
YKL085W 2 9
YKL084W 8 78
YKL083W 4 11
YKL082C 0 0
YKL081W 6 303
YKL080W 2 22
YKL079W 1 12
YKL078W 6 340
YKL077W 1 7
YKL076C 0 0
YKL075C 5 82
YKL074C 6 447
YKL073W 8 154
YKL072W 2 8
YKL071W 0 0
YKL070W 1 2
YKL069W 13 455
YKL068W-A 4 324
YKL068W 1 4
YKL067W 1 245
YKL066W 0 0
YKL065W-A 3 23
YKL065C 7 65
YKL064W 4 297
YKL063C 1 14
YKL062W 0 0
YKL061W 4 22
YKL060C 6 216
YKL059C 1 1
YKL058W 9 96
YKL057C 2 231
YKL056C 4 13
YKL055C 0 0
YKL054C 4 78
YKL053C-A 3 4
YKL053W 7 12
YKL052C 12 323
YKL051W 5 43
YKL050C 2 2
YKL049C 2 32
YKL048C 2 12
YKL047W 3 14
YKL046C 4 83
YKL045W 1 130
YKL044W 10 294
YKL043W 2 11
YKL042W 1 1
YKL041W 0 0
YKL040C 1 83
YKL039W 3 30
YKL038W 4 54
YKL037W 11 593
YKL036C 1 1
YKL035W 5 81
YKL034W 0 0
YKL033W-A 2 44
YKL033W 7 285
YKL032C 2 2
YKL031W 3 7
YKL030W 7 208
YKL029C 6 143
YKL028W 7 298
YKL027W 0 0
YKL026C 9 143
YKL025C 4 24
YKL024C 0 0
YKL023C-A 11 684
YKL023W 18 2210
YKL022C 5 221
YKL021C 1 9
YKL020C 3 923
YKL019W 7 180
YKL018C-A 5 358
YKL018W 4 21
YKL017C 8 285
YKL016C 1 14
YKL015W 2 36
YKL014C 1 17
YKL013C 4 147
YKL012W 0 0
YKL011C 5 13
YKL010C 0 0
YKL009W 4 29
YKL008C 5 409
YKL007W 7 217
YKL006C-A 7 111
YKL006W 1 9
YKL005C 2 41
YKL004W 5 80
YKL003C 6 626
YKL002W 3 52
YKL001C 9 1756
YKR001C 3 119
YKR002W 1 22
YKR003W 1 24
YKR004C 6 70
YKR005C 3 29
YKR006C 5 58
YKR007W 6 528
YKR008W 4 38
YKR009C 7 23
YKR010C 0 0
YKR011C 0 0
YKR012C 3 4
YKR013W 4 33
YKR014C 2 12
YKR015C 2 14
YKR016W 0 0
YKR017C 2 25
YKR018C 7 319
YKR019C 0 0
YKR020W 8 60
YKR021W 3 26
YKR022C 1 16
YKR023W 6 133
YKR024C 0 0
YKR025W 1 59
YKR026C 0 0
YKR027W 4 24
YKR028W 4 5
YKR029C 12 1045
YKR030W 3 22
YKR031C 4 37
YKR032W 2 28
YKR033C 1 3
YKR034W 2 16
YKR035C 2 14
YKR035W-A 2 21
YKR036C 3 38
YKR037C 3 26
YKR038C 11 384
YKR039W 7 44
YKR040C 5 95
YKR041W 9 111
YKR042W 3 48
YKR043C 8 144
YKR044W 0 0
YKR045C 3 80
YKR046C 16 309
YKR047W 11 119
YKR048C 3 75
YKR049C 6 8633
YKR050W 6 3575
YKR051W 0 0
YKR052C 6 102
YKR053C 0 0
YKR054C 4 894
YKR055W 4 42
YKR056W 1 30
YKR057W 7 269
YKR058W 1 2
YKR059W 2 3
YKR060W 2 15
YKR061W 2 690
YKR062W 3 78
YKR063C 0 0
YKR064W 4 61
YKR065C 8 177
YKR066C 13 435
YKR067W 3 63
YKR068C 7 113
YKR069W 1 24
YKR070W 7 167
YKR071C 1 1
YKR072C 7 145
YKR073C 2 117
YKR074W 7 1192
YKR075C 6 337
YKR075W-A 2 12
YKR076W 0 0
YKR077W 3 47
YKR078W 7 280
YKR079C 0 0
YKR080W 1 120
YKR081C 4 110
YKR082W 5 371
YKR083C 1 106
YKR084C 3 88
YKR085C 4 105
YKR086W 3 60
YKR087C 6 134
YKR088C 3 109
YKR089C 3 27
YKR090W 0 0
YKR091W 0 0
YKR092C 7 135
YKR093W 6 31
YKR094C 4 271
YKR095W 3 63
YKR095W-A 8 337
YKR096W 1 6
YKR097W 1 1
YKR098C 2 24
YKR099W 0 0
YKR100C 1 33
YKR101W 12 415
YKR102W 3 15
YKR103W 2 3
YKR104W 3 78
YKR105C 2 3
YKR106W 0 0
YLL067C 0 0
YLL067W-A 0 0
YLL066W-B 0 0
YLL066C 0 0
YLL066W-A 0 0
YLL065W 1 4
YLL064C 0 0
YLL063C 11 1711
YLL062C 1 44
YLL061W 12 676
YLL060C 11 537
YLL059C 6 202
YLL058W 4 34
YLL057C 1 27
YLL056C 2 134
YLL055W 2 11
YLL054C 0 0
YLL053C 1 1
YLL052C 3 6
YLL051C 5 262
YLL050C 6 1269
YLL049W 11 1354
YLL048C 0 0
YLL047W 4 14
YLL046C 0 0
YLL045C 5 245
YLL044W 0 0
YLL043W 2 68
YLL042C 3 25
YLL041C 12 396
YLL040C 0 0
YLL039C 3 180
YLL038C 4 21
YLL037W 1 1
YLL036C 3 4
YLL035W 1 20
YLL034C 4 102
YLL033W 10 585
YLL032C 2 4
YLL031C 2 47
YLL030C 1 4
YLL029W 1 1
YLL028W 3 68
YLL027W 1 17
YLL026W 6 161
YLL025W 0 0
YLL024C 3 22
YLL023C 6 248
YLL022C 6 369
YLL021W 1 1
YLL020C 2 5
YLL019C 1 28
YLL019W-A 1 6
YLL018C-A 6 247
YLL018C 4 75
YLL015W 2 2
YLL014W 4 70
YLL013C 0 0
YLL012W 2 31
YLL011W 2 146
YLL010C 3 23
YLL009C 8 1117
YLL008W 1 1
YLL007C 2 4
YLL006W-A 0 0
YLL006W 5 167
YLL005C 2 7
YLL004W 6 176
YLL003W 5 186
YLL002W 6 261
YLL001W 4 160
YLR001C 10 76
YLR002C 6 57
YLR003C 5 69
YLR004C 8 426
YLR005W 6 141
YLR006C 1 2
YLR007W 11 2929
YLR008C 2 5
YLR009W 4 15
YLR010C 0 0
YLR011W 2 14
YLR012C 0 0
YLR013W 0 0
YLR014C 3 38
YLR015W 2 7
YLR016C 7 44
YLR017W 4 232
YLR018C 0 0
YLR019W 1 27
YLR020C 5 48
YLR021W 10 990
YLR022C 2 28
YLR023C 3 17
YLR024C 1 2
YLR025W 1 17
YLR026C 0 0
YLR027C 17 666
YLR028C 10 267
YLR029C 7 51
YLR030W 4 111
YLR031W 1 5
YLR032W 6 114
YLR033W 6 218
YLR034C 3 17
YLR035C 4 389
YLR036C 12 1025
YLR037C 4 168
YLR038C 12 153
YLR039C 1 4
YLR040C 2 184
YLR041W 1 4
YLR042C 1 1
YLR043C 6 116
YLR044C 5 345
YLR045C 4 98
YLR046C 5 66
YLR047C 1 2
YLR048W 2 2
YLR049C 5 13
YLR050C 6 136
YLR051C 2 9
YLR052W 5 89
YLR053C 1 31
YLR054C 0 0
YLR055C 10 210
YLR056W 1 35
YLR057W 5 71
YLR058C 5 52
YLR059C 3 118
YLR060W 8 97
YLR061W 6 276
YLR062C 1 1
YLR063W 9 2879
YLR064W 6 153
YLR065C 0 0
YLR066W 3 43
YLR067C 1 2
YLR068W 1 50
YLR069C 5 99
YLR070C 6 272
YLR071C 2 34
YLR072W 4 137
YLR073C 5 22
YLR074C 7 343
YLR075W 2 74
YLR076C 2 37
YLR077W 4 16
YLR078C 4 73
YLR079W 5 26
YLR080W 1 3
YLR081W 9 891
YLR082C 3 33
YLR083C 0 0
YLR084C 2 10
YLR085C 4 309
YLR086W 1 30
YLR087C 3 14
YLR088W 3 15
YLR089C 0 0
YLR090W 5 29
YLR091W 6 694
YLR092W 10 175
YLR093C 3 6
YLR094C 8 70
YLR095C 5 110
YLR096W 1 29
YLR097C 2 2
YLR098C 4 237
YLR099C 1 1
YLR099W-A 9 199
YLR100W 4 39
YLR101C 4 207
YLR102C 7 266
YLR103C 3 84
YLR104W 4 740
YLR105C 3 160
YLR106C 0 0
YLR107W 3 43
YLR108C 3 21
YLR109W 8 250
YLR110C 3 28
YLR111W 16 616
YLR112W 12 1833
YLR113W 5 285
YLR114C 2 6
YLR115W 1 3
YLR116W 2 2
YLR117C 6 301
YLR118C 5 3292
YLR119W 10 3460
YLR120C 3 96
YLR120W-A 8 55
YLR121C 7 275
YLR122C 1 2
YLR123C 3 8
YLR124W 1 4
YLR125W 0 0
YLR126C 3 19
YLR127C 0 0
YLR128W 3 51
YLR129W 3 677
YLR130C 5 94
YLR131C 0 0
YLR132C 2 9
YLR133W 2 59
YLR134W 0 0
YLR135W 3 13
YLR136C 6 79
YLR137W 7 214
YLR138W 1 4
YLR139C 4 30
YLR140W 0 0
YLR141W 10 118
YLR142W 8 347
YLR143W 5 49
YLR144C 5 49
YLR145W 7 90
YLR146C 2 3
YLR146W-A 5 80
YLR147C 6 137
YLR148W 3 17
YLR149C 5 76
YLR149C-A 1 1
YLR150W 3 13
YLR151C 11 194
YLR152C 0 0
YLR153C 4 68
YLR154C 12 3203
YLR154W-A 0 0
YLR154W-B 0 0
YLR154W-C 0 0
YLR154W-E 0 0
YLR154W-F 0 0
YLR154C-G 0 0
YLR154C-H 0 0
YLR155C 0 0
YLR156W 0 0
YLR156C-A 0 0
YLR157C 0 0
YLR157W-D 0 0
YLR157W-E 0 0
YLR157C-C 0 0
YLR158C 0 0
YLR159W 0 0
YLR159C-A 0 0
YLR160C 0 0
YLR161W 0 0
YLR162W 2 5
YLR162W-A 0 0
YLR163C 9 239
YLR163W-A 3 14
YLR164W 3 10
YLR165C 10 675
YLR166C 2 25
YLR167W 3 7
YLR168C 4 20
YLR169W 1 1
YLR170C 7 178
YLR171W 2 88
YLR172C 10 217
YLR173W 4 125
YLR174W 12 465
YLR175W 4 55
YLR176C 5 141
YLR177W 6 87
YLR178C 6 72
YLR179C 6 227
YLR180W 4 22
YLR181C 1 44
YLR182W 2 3
YLR183C 0 0
YLR184W 0 0
YLR185W 2 29
YLR186W 4 37
YLR187W 1 90
YLR188W 1 1
YLR189C 1 4
YLR190W 1 9
YLR191W 2 41
YLR192C 2 42
YLR193C 3 217
YLR194C 5 44
YLR195C 9 536
YLR196W 2 9
YLR197W 1 4
YLR198C 1 5
YLR199C 2 83
YLR200W 1 3
YLR201C 6 437
YLR202C 2 34
YLR203C 1 1
YLR204W 11 127
YLR205C 12 4970
YLR206W 8 244
YLR207W 2 8
YLR208W 1 16
YLR209C 1 134
YLR210W 0 0
YLR211C 1 86
YLR212C 5 42
YLR213C 1 2
YLR214W 8 102
YLR215C 2 4
YLR216C 6 158
YLR217W 2 2
YLR218C 6 52
YLR219W 6 94
YLR220W 4 437
YLR221C 3 32
YLR222C 5 24
YLR222C-A 2 27
YLR223C 2 5
YLR224W 1 10
YLR225C 2 19
YLR226W 3 96
YLR227C 5 81
YLR228C 1 30
YLR229C 2 35
YLR230W 5 45
YLR231C 5 24
YLR232W 0 0
YLR233C 5 563
YLR234W 4 119
YLR235C 16 781
YLR236C 5 16
YLR237W 3 10
YLR238W 1 4
YLR239C 7 211
YLR240W 2 7
YLR241W 6 136
YLR242C 0 0
YLR243W 1 1
YLR244C 9 168
YLR245C 7 200
YLR246W 3 11
YLR247C 6 46
YLR248W 1 32
YLR249W 3 30
YLR250W 2 7
YLR251W 2 33
YLR252W 1 16
YLR253W 2 317
YLR254C 6 25
YLR255C 3 123
YLR256W 2 32
YLR257W 1 2
YLR258W 4 16
YLR259C 7 325
YLR260W 1 1
YLR261C 0 0
YLR262C 1 965
YLR262C-A 4 38
YLR263W 0 0
YLR264W 7 772
YLR264C-A 10 246
YLR265C 10 79
YLR266C 12 666
YLR267W 6 110
YLR268W 3 5
YLR269C 2 3
YLR270W 2 30
YLR271W 5 43
YLR272C 2 13
YLR273C 0 0
YLR274W 3 158
YLR275W 4 62
YLR276C 1 2
YLR277C 9 198
YLR278C 7 357
YLR279W 8 3019
YLR280C 0 0
YLR281C 17 5795
YLR282C 1 69
YLR283W 9 411
YLR284C 0 0
YLR285W 0 0
YLR285C-A 7 207
YLR286C 0 0
YLR286W-A 4 531
YLR287C 0 0
YLR287C-A 11 379
YLR288C 7 262
YLR289W 3 76
YLR290C 4 92
YLR291C 2 61
YLR292C 2 22
YLR293C 2 19
YLR294C 5 67
YLR295C 3 9
YLR296W 7 154
YLR297W 3 105
YLR298C 11 1184
YLR299W 2 3
YLR299C-A 11 1115
YLR300W 1 9
YLR301W 6 120
YLR302C 1 1
YLR303W 8 362
YLR304C 4 43
YLR305C 8 110
YLR306W 2 138
YLR307W 0 0
YLR307C-A 1 13
YLR308W 2 85
YLR309C 2 56
YLR310C 0 0
YLR311C 7 501
YLR312C 7 89
YLR312W-A 16 736
YLR313C 2 12
YLR314C 4 133
YLR315W 4 15
YLR316C 11 791
YLR317W 3 22
YLR318W 5 101
YLR319C 1 5
YLR320W 2 12
YLR321C 3 11
YLR322W 7 378
YLR323C 6 507
YLR324W 5 157
YLR325C 4 45
YLR326W 9 217
YLR327C 2 10
YLR328W 3 358
YLR329W 0 0
YLR330W 8 61
YLR331C 0 0
YLR332W 1 3
YLR333C 5 39
YLR334C 5 81
YLR335W 6 138
YLR336C 1 4
YLR337C 0 0
YLR338W 8 153
YLR339C 0 0
YLR340W 1 1
YLR341W 1 2
YLR342W 1 3
YLR342W-A 0 0
YLR343W 1 2
YLR344W 3 32
YLR345W 3 12
YLR346C 4 30
YLR347C 0 0
YLR347W-A 0 0
YLR348C 13 365
YLR349W 6 116
YLR350W 4 8074
YLR351C 6 234
YLR352W 10 801
YLR353W 3 32
YLR354C 6 143
YLR355C 2 289
YLR356W 4 215
YLR357W 10 495
YLR358C 6 67
YLR359W 3 28
YLR360W 1 7
YLR361C 8 138
YLR361C-A 7 329
YLR362W 1 22
YLR363C 0 0
YLR363W-A 1 22
YLR364W 0 0
YLR365W 4 494
YLR364C-A 8 341
YLR366W 1 7
YLR367W 6 260
YLR368W 7 470
YLR369W 4 35
YLR370C 6 285
YLR371W 0 0
YLR372W 3 12
YLR373C 7 139
YLR374C 2 69
YLR375W 5 676
YLR376C 9 883
YLR377C 5 32
YLR378C 1 1
YLR379W 4 44
YLR380W 2 312
YLR381W 2 9
YLR382C 2 25
YLR383W 0 0
YLR384C 15 1511
YLR385C 5 127
YLR386W 8 454
YLR387C 5 582
YLR388W 4 592
YLR389C 7 450
YLR390W 10 689
YLR390W-A 12 662
YLR392C 1 1
YLR393W 3 133
YLR394W 1 11
YLR395C 8 950
YLR396C 1 6
YLR397C 6 421
YLR398C 3 88
YLR399C 7 534
YLR399W-A 0 0
YLR400W 0 0
YLR401C 6 881
YLR402W 6 208
YLR403W 1 1
YLR404W 3 4
YLR405W 10 442
YLR406C 5 25
YLR406C-A 12 3386
YLR407W 2 65
YLR408C 17 943
YLR409C 7 645
YLR410W 4 620
YLR411W 7 113
YLR412W 7 189
YLR412C-A 0 0
YLR413W 1 7
YLR414C 5 19
YLR415C 6 31
YLR416C 7 171
YLR417W 6 170
YLR418C 0 0
YLR419W 0 0
YLR420W 6 147
YLR421C 6 846
YLR422W 1 1
YLR423C 1 1
YLR424W 3 176
YLR425W 8 597
YLR426W 8 557
YLR427W 2 2
YLR428C 9 138
YLR429W 10 2783
YLR430W 0 0
YLR431C 1 65
YLR432W 4 34
YLR433C 0 0
YLR434C 2 34
YLR435W 1 1
YLR436C 6 31
YLR437C 6 136
YLR437C-A 4 8
YLR438W 8 402
YLR438C-A 3 234
YLR439W 0 0
YLR440C 2 193
YLR441C 7 181
YLR442C 4 22
YLR443W 1 21
YLR444C 0 0
YLR445W 5 45
YLR446W 3 15
YLR447C 4 294
YLR448W 2 5
YLR449W 3 29
YLR450W 2 17
YLR451W 1 1
YLR452C 5 273
YLR453C 9 708
YLR454W 5 142
YLR455W 0 0
YLR456W 5 136
YLR457C 10 598
YLR458W 3 86
YLR459W 6 140
YLR460C 5 279
YLR461W 0 0
YLR462W 1 1
YLR463C 0 0
YLR464W 0 0
YLR465C 0 0
YLR466W 0 0
YLR466C-A 0 0
YLR466C-B 0 0
YLR467W 0 0
YLR467C-A 0 0
YML133C 0 0
YML133W-B 0 0
YML133W-A 0 0
YML132W 0 0
YML131W 6 689
YML130C 2 18
YML129C 6 52
YML128C 8 50
YML127W 1 32
YML126C 9 166
YML125C 5 59
YML124C 7 228
YML123C 4 92
YML122C 9 33
YML121W 1 17
YML120C 9 2993
YML119W 1 2
YML118W 0 0
YML117W 4 139
YML116W-A 1 82
YML116W 2 17
YML115C 1 34
YML114C 2 8
YML113W 7 303
YML112W 2 28
YML111W 0 0
YML110C 11 521
YML109W 2 156
YML108W 5 291
YML107C 3 108
YML106W 0 0
YML105C 3 16
YML104C 3 23
YML103C 5 266
YML102W 4 292
YML101C-A 15 345
YML101C 14 390
YML100W-A 12 589
YML100W 6 193
YML099W-A 3 96
YML099C 9 790
YML098W 3 34
YML097C 11 1007
YML096W 2 55
YML095C 1 12
YML094C-A 0 0
YML094W 2 22
YML093W 7 902
YML092C 0 0
YML091C 4 244
YML090W 2 16
YML089C 15 5715
YML088W 11 665
YML087C 6 1155
YML086C 0 0
YML085C 4 28
YML084W 4 28
YML083C 1 16
YML082W 10 990
YML081C-A 4 445
YML081W 1 1
YML080W 1 3
YML079W 4 75
YML078W 1 8
YML077W 4 33
YML076C 15 1449
YML075C 1 84
YML074C 8 5548
YML073C 5 43
YML072C 6 93
YML071C 6 918
YML070W 4 64
YML069W 5 175
YML068W 2 4
YML067C 3 110
YML066C 0 0
YML065W 1 3
YML064C 0 0
YML063W 6 236
YML062C 1 26
YML061C 0 0
YML060W 3 23
YML059C 2 17
YML058W-A 6 471
YML058W 11 259
YML057C-A 2 18
YML057W 0 0
YML056C 0 0
YML055W 5 100
YML054C 7 78
YML054C-A 15 3653
YML053C 3 13
YML052W 5 294
YML051W 10 309
YML050W 12 1005
YML049C 4 44
YML048W 5 52
YML047W-A 0 0
YML047C 0 0
YML046W 1 33
YML043C 0 0
YML042W 13 189
YML041C 5 88
YML038C 4 78
YML037C 2 7
YML036W 4 36
YML035C 1 5
YML034C-A 4 45
YML034W 0 0
YML032C 0 0
YML031C-A 0 0
YML031W 0 0
YML030W 4 198
YML029W 2 15
YML028W 5 121
YML027W 4 61
YML026C 4 172
YML025C 11 1304
YML024W 4 47
YML023C 4 57
YML022W 1 6
YML021C 16 6768
YML020W 1 6
YML019W 3 122
YML018C 3 17
YML017W 1 12
YML016C 1 8
YML015C 5 220
YML014W 6 503
YML013W 14 1024
YML012C-A 8 1621
YML012W 11 867
YML011C 8 5334
YML010W 8 23
YML009W-B 0 0
YML009C-A 10 492
YML009C 15 17512
YML008C 2 24
YML007C-A 8 787
YML007W 3 22
YML006C 0 0
YML005W 11 668
YML004C 11 2022
YML003W 5 473
YML002W 1 23
YML001W 2 15
YMR001C 1 51
YMR001C-A 8 220
YMR002W 7 651
YMR003W 6 96
YMR004W 3 276
YMR005W 2 13
YMR006C 4 39
YMR007W 6 265
YMR008C 3 126
YMR009W 3 316
YMR010W 2 5
YMR011W 2 3
YMR012W 0 0
YMR013C 4 494
YMR013C-A 1 2
YMR013W-A 4 81
YMR014W 10 1010
YMR015C 2 16
YMR016C 1 5
YMR017W 1 39
YMR018W 7 115
YMR019W 7 170
YMR020W 1 14
YMR021C 3 231
YMR022W 4 55
YMR023C 5 125
YMR024W 6 256
YMR025W 5 111
YMR026C 0 0
YMR027W 0 0
YMR028W 5 258
YMR029C 1 29
YMR030W 5 606
YMR031C 3 27
YMR031W-A 1 1
YMR032W 0 0
YMR030W-A 2 124
YMR033W 0 0
YMR034C 2 77
YMR035W 10 119
YMR036C 3 42
YMR037C 3 32
YMR038C 4 53
YMR039C 6 231
YMR040W 4 258
YMR041C 5 12
YMR042W 8 366
YMR043W 9 187
YMR044W 4 175
YMR046W-A 0 0
YMR047C 4 68
YMR048W 5 45
YMR049C 5 131
YMR052W 1 65
YMR052C-A 4 2161
YMR053C 2 2
YMR054W 7 1414
YMR055C 0 0
YMR056C 8 193
YMR057C 5 59
YMR058W 7 124
YMR059W 8 193
YMR060C 6 328
YMR061W 6 131
YMR062C 1 1
YMR063W 11 1441
YMR064W 8 496
YMR065W 3 29
YMR066W 8 141
YMR067C 1 64
YMR068W 8 144
YMR069W 7 305
YMR070W 2 64
YMR071C 2 27
YMR072W 6 68
YMR073C 9 109
YMR074C 7 348
YMR075W 5 133
YMR075C-A 2 14
YMR076C 1 20
YMR077C 4 54
YMR078C 8 395
YMR079W 6 31
YMR080C 0 0
YMR081C 4 11
YMR082C 3 14
YMR083W 2 96
YMR084W 0 0
YMR085W 2 13
YMR086W 8 222
YMR086C-A 11 1810
YMR087W 9 1794
YMR088C 0 0
YMR089C 0 0
YMR090W 1 1
YMR091C 2 16
YMR092C 2 27
YMR093W 2 133
YMR094W 3 61
YMR095C 3 39
YMR096W 2 11
YMR097C 1 3
YMR098C 1 9
YMR099C 9 266
YMR100W 2 67
YMR101C 1 2
YMR102C 5 79
YMR103C 16 1923
YMR104C 5 74
YMR105C 1 46
YMR105W-A 15 968
YMR106C 5 17
YMR107W 8 62
YMR108W 0 0
YMR109W 7 302
YMR110C 8 1614
YMR111C 4 82
YMR112C 4 44
YMR113W 4 43
YMR114C 4 84
YMR115W 5 160
YMR116C 5 76
YMR117C 7 498
YMR118C 7 310
YMR119W 0 0
YMR119W-A 0 0
YMR120C 5 60
YMR121C 10 49
YMR122C 9 232
YMR122W-A 4 516
YMR123W 7 169
YMR124W 3 237
YMR125W 0 0
YMR126C 0 0
YMR127C 0 0
YMR128W 5 443
YMR129W 1 19
YMR130W 2 37
YMR131C 3 76
YMR132C 5 238
YMR133W 3 66
YMR134W 0 0
YMR135C 18 2222
YMR135W-A 4 1074
YMR136W 6 22
YMR137C 5 41
YMR138W 4 96
YMR139W 6 717
YMR140W 1 1
YMR141C 8 51
YMR142C 1 5
YMR141W-A 0 0
YMR143W 1 9
YMR144W 0 0
YMR145C 7 62
YMR146C 4 123
YMR147W 8 155
YMR148W 0 0
YMR149W 7 1624
YMR150C 3 25
YMR151W 5 500
YMR152W 6 151
YMR153W 7 119
YMR153C-A 4 173
YMR154C 8 2631
YMR155W 10 963
YMR156C 2 3
YMR157C 4 150
YMR158W 6 146
YMR158C-A 2 13
YMR158W-B 5 498
YMR159C 6 266
YMR160W 4 207
YMR161W 5 48
YMR162C 5 36
YMR163C 1 2
YMR164C 1 6
YMR165C 2 38
YMR166C 2 13
YMR167W 7 76
YMR168C 11 625
YMR169C 3 15
YMR170C 3 83
YMR171C 0 0
YMR172W 1 2
YMR172C-A 1 20
YMR173W 1 2
YMR173W-A 2 7
YMR174C 4 166
YMR175W 12 267
YMR175W-A 5 67
YMR176W 6 147
YMR177W 2 23
YMR178W 9 536
YMR179W 2 6
YMR180C 5 18
YMR181C 2 30
YMR182C 1 12
YMR182W-A 10 723
YMR183C 2 37
YMR184W 6 93
YMR185W 6 133
YMR186W 5 71
YMR187C 6 208
YMR188C 5 100
YMR189W 8 115
YMR190C 3 20
YMR191W 11 247
YMR192W 5 29
YMR193W 2 11
YMR193C-A 2 29
YMR194W 6 109
YMR194C-B 9 672
YMR194C-A 14 5139
YMR195W 4 34
YMR196W 6 136
YMR197C 7 329
YMR198W 1 8
YMR199W 1 1
YMR200W 2 102
YMR201C 4 186
YMR202W 8 1061
YMR203W 10 249
YMR204C 1 2
YMR205C 2 11
YMR206W 8 539
YMR207C 2 7
YMR208W 1 24
YMR209C 4 52
YMR210W 7 36
YMR211W 1 7
YMR212C 2 4
YMR213W 3 622
YMR214W 11 186
YMR215W 0 0
YMR216C 4 13
YMR217W 5 137
YMR218C 4 41
YMR219W 3 107
YMR220W 2 377
YMR221C 11 306
YMR222C 4 38
YMR223W 2 13
YMR224C 8 440
YMR225C 13 796
YMR226C 5 85
YMR227C 0 0
YMR228W 2 20
YMR229C 2 27
YMR230W 12 495
YMR230W-A 1 2
YMR231W 6 278
YMR232W 3 21
YMR233W 3 21
YMR234W 2 14
YMR235C 3 64
YMR236W 2 96
YMR237W 4 24
YMR238W 0 0
YMR239C 2 182
YMR240C 4 94
YMR241W 7 184
YMR242C 0 0
YMR242W-A 0 0
YMR243C 1 2
YMR244W 0 0
YMR244C-A 17 4274
YMR245W 1 3
YMR246W 6 207
YMR247C 4 291
YMR247W-A 0 0
YMR250W 3 52
YMR251W 2 8
YMR251W-A 0 0
YMR252C 10 2316
YMR253C 6 102
YMR254C 2 22
YMR255W 6 88
YMR256C 4 111
YMR257C 3 39
YMR258C 2 85
YMR259C 7 445
YMR260C 2 31
YMR261C 5 16
YMR262W 5 75
YMR263W 6 754
YMR264W 11 215
YMR265C 15 240
YMR266W 3 48
YMR267W 2 18
YMR268C 2 5
YMR269W 3 184
YMR270C 0 0
YMR271C 2 20
YMR272C 5 262
YMR272W-A 2 20
YMR272W-B 2 5
YMR273C 1 2
YMR274C 3 48
YMR275C 3 9
YMR276W 3 105
YMR277W 2 6
YMR278W 5 72
YMR279C 4 56
YMR280C 2 27
YMR281W 4 91
YMR282C 1 5
YMR283C 8 811
YMR284W 12 747
YMR285C 2 9
YMR286W 5 22
YMR287C 4 159
YMR288W 5 15
YMR289W 4 83
YMR290C 2 3
YMR290W-A 1 72
YMR291W 2 206
YMR292W 11 1025
YMR293C 6 107
YMR294W 5 122
YMR294W-A 4 17
YMR295C 1 33
YMR296C 2 8
YMR297W 0 0
YMR298W 1 11
YMR299C 1 126
YMR300C 2 3
YMR301C 4 84
YMR302C 4 32
YMR303C 4 35
YMR304W 1 3
YMR304C-A 0 0
YMR305C 1 28
YMR306W 1 1
YMR306C-A 2 21
YMR307W 3 105
YMR307C-A 1 4
YMR308C 4 52
YMR309C 2 6
YMR310C 4 10
YMR311C 11 325
YMR312W 5 13
YMR313C 12 288
YMR314W 8 136
YMR315W 6 208
YMR315W-A 5 109
YMR316W 1 20
YMR316C-A 8 77
YMR316C-B 1 2
YMR317W 2 27
YMR318C 5 57
YMR319C 0 0
YMR320W 5 523
YMR321C 0 0
YMR322C 0 0
YMR323W 0 0
YMR324C 1 2
YMR325W 0 0
YMR326C 20 1342
YNL339C 0 0
YNL339W-B 0 0
YNL339W-A 0 0
YNL338W 0 0
YNL337W 13 1829
YNL336W 0 0
YNL335W 1 39
YNL334C 6 115
YNL333W 2 6
YNL332W 0 0
YNL331C 2 13
YNL330C 1 12
YNL329C 4 2436
YNL328C 17 489
YNL327W 1 15
YNL326C 7 76
YNL325C 2 37
YNL324W 1 12
YNL323W 0 0
YNL322C 7 358
YNL321W 6 156
YNL320W 6 1460
YNL319W 0 0
YNL318C 0 0
YNL317W 8 1244
YNL316C 4 75
YNL315C 5 24
YNL314W 1 10
YNL313C 2 3
YNL312W 2 59
YNL311C 13 659
YNL310C 4 115
YNL309W 6 397
YNL308C 7 239
YNL307C 1 1
YNL306W 4 52
YNL305C 4 12
YNL304W 6 111
YNL303W 6 268
YNL302C 2 13
YNL301C 3 13
YNL300W 2 11
YNL299W 1 4
YNL298W 0 0
YNL297C 9 337
YNL296W 0 0
YNL295W 3 48
YNL294C 2 225
YNL293W 7 265
YNL292W 6 98
YNL291C 1 1
YNL290W 6 106
YNL289W 1 6
YNL288W 5 162
YNL287W 1 1
YNL286W 2 115
YNL285W 8 214
YNL284C 5 40
YNL283C 0 0
YNL282W 17 2092
YNL281W 3 52
YNL280C 0 0
YNL279W 2 19
YNL278W 3 474
YNL277W-A 9 99
YNL277W 1 4
YNL276C 4 7
YNL275W 5 234
YNL274C 1 1
YNL273W 4 3964
YNL272C 1 25
YNL271C 0 0
YNL270C 6 258
YNL269W 0 0
YNL268W 5 62
YNL267W 2 6
YNL266W 1 7
YNL265C 8 335
YNL264C 3 181
YNL263C 4 16
YNL262W 5 38
YNL261W 2 6
YNL260C 7 48
YNL259C 4 28
YNL258C 3 127
YNL257C 2 37
YNL256W 0 0
YNL255C 7 466
YNL254C 10 1307
YNL253W 4 168
YNL252C 2 5
YNL251C 5 125
YNL250W 8 3489
YNL249C 2 3
YNL248C 3 42
YNL247W 11 379
YNL246W 5 81
YNL245C 10 472
YNL244C 8 82
YNL243W 8 419
YNL242W 1 66
YNL241C 8 248
YNL240C 6 91
YNL239W 7 249
YNL238W 0 0
YNL237W 4 52
YNL236W 3 151
YNL235C 1 16
YNL234W 7 125
YNL233W 4 143
YNL232W 6 46
YNL231C 0 0
YNL230C 1 10
YNL229C 1 17
YNL228W 10 1997
YNL227C 5 22
YNL226W 0 0
YNL225C 4 245
YNL224C 0 0
YNL223W 7 1374
YNL222W 3 35
YNL221C 2 8
YNL220W 8 51
YNL219C 3 4
YNL218W 6 552
YNL217W 10 5548
YNL216W 6 171
YNL215W 3 26
YNL214W 4 214
YNL213C 6 111
YNL212W 1 16
YNL211C 3 28
YNL210W 3 13
YNL209W 12 2953
YNL208W 7 174
YNL207W 5 48
YNL206C 6 95
YNL205C 1 2
YNL204C 3 4
YNL203C 4 173
YNL202W 5 82
YNL201C 0 0
YNL200C 0 0
YNL199C 0 0
YNL198C 0 0
YNL197C 0 0
YNL196C 2 6
YNL195C 0 0
YNL194C 2 40
YNL193W 11 1344
YNL192W 3 47
YNL191W 4 13
YNL190W 1 13
YNL189W 0 0
YNL188W 0 0
YNL187W 3 17
YNL186W 0 0
YNL185C 0 0
YNL184C 3 35
YNL183C 2 9
YNL182C 3 24
YNL181W 1 3
YNL180C 2 8
YNL179C 12 543
YNL178W 1 50
YNL177C 8 67
YNL176C 1 15
YNL175C 8 336
YNL174W 3 43
YNL173C 1 1
YNL172W 1 4
YNL171C 1 5
YNL170W 2 44
YNL169C 1 11
YNL168C 2 5
YNL167C 2 30
YNL166C 1 2
YNL165W 2 4
YNL164C 3 3
YNL163C 1 1
YNL162W-A 2 11
YNL162W 3 1104
YNL161W 4 548
YNL160W 3 9
YNL159C 7 329
YNL158W 8 223
YNL157W 6 85
YNL156C 3 28
YNL155W 1 10
YNL154C 2 37
YNL153C 17 2067
YNL152W 3 23
YNL151C 4 183
YNL150W 5 63
YNL149C 8 1401
YNL148C 4 8
YNL147W 5 561
YNL146C-A 6 30
YNL146W 1 3
YNL145W 3 8
YNL144C 9 185
YNL144W-A 1 3
YNL143C 6 88
YNL142W 3 62
YNL141W 4 110
YNL140C 2 37
YNL139C 1 1
YNL138W-A 7 106
YNL138W 4 151
YNL137C 2 7
YNL136W 5 53
YNL135C 4 50
YNL134C 5 317
YNL133C 15 540
YNL132W 0 0
YNL131W 1 1
YNL130C 3 380
YNL130C-A 1 121
YNL129W 1 121
YNL128W 0 0
YNL127W 0 0
YNL126W 5 44
YNL125C 9 101
YNL124W 11 1660
YNL123W 11 506
YNL122C 8 19308
YNL121C 2 12
YNL120C 0 0
YNL119W 2 102
YNL118C 3 41
YNL117W 2 10
YNL116W 8 318
YNL115C 9 87
YNL114C 0 0
YNL113W 3 8
YNL112W 1 1
YNL111C 0 0
YNL110C 1 55
YNL109W 4 20
YNL108C 4 17
YNL107W 8 429
YNL106C 1 1
YNL105W 0 0
YNL104C 9 921
YNL103W-A 5 84
YNL103W 6 265
YNL102W 1 25
YNL101W 6 123
YNL100W 10 168
YNL099C 5 328
YNL098C 1 15
YNL097C-B 6 238
YNL097C 4 484
YNL097W-A 4 66
YNL096C 4 19
YNL095C 3 92
YNL094W 1 2
YNL093W 4 34
YNL092W 6 55
YNL091W 1 10
YNL090W 1 6
YNL089C 0 0
YNL088W 4 36
YNL087W 2 15
YNL086W 0 0
YNL085W 0 0
YNL084C 3 33
YNL083W 1 3
YNL082W 3 18
YNL081C 4 48
YNL080C 2 6
YNL079C 12 1418
YNL078W 4 34
YNL077W 0 0
YNL076W 0 0
YNL075W 1 2
YNL074C 10 155
YNL073W 7 58
YNL072W 3 22
YNL071W 0 0
YNL070W 7 131
YNL069C 0 0
YNL068C 5 71
YNL067W-A 2 49
YNL067W-B 14 610
YNL067W 7 177
YNL066W 3 802
YNL065W 1 1
YNL064C 1 7
YNL063W 9 268
YNL062C 2 5
YNL061W 3 69
YNL059C 6 269
YNL058C 4 87
YNL057W 4 47
YNL056W 10 531
YNL055C 6 68
YNL054W 4 22
YNL053W 1 2
YNL052W 12 2200
YNL051W 5 20
YNL050C 3 60
YNL049C 2 7
YNL048W 6 326
YNL047C 5 25
YNL046W 0 0
YNL045W 9 260
YNL044W 2 7
YNL043C 1 30
YNL042W-B 4 93
YNL042W 0 0
YNL041C 1 172
YNL040W 6 270
YNL039W 2 7
YNL038W 9 344
YNL037C 7 258
YNL036W 4 13
YNL035C 9 398
YNL034W 0 0
YNL033W 0 0
YNL032W 0 0
YNL031C 4 53
YNL030W 0 0
YNL029C 3 116
YNL028W 3 104
YNL027W 1 128
YNL026W 7 1406
YNL025C 8 3373
YNL024C-A 2 58
YNL024C 2 86
YNL023C 4 430
YNL022C 2 6
YNL021W 1 61
YNL020C 2 8
YNL019C 0 0
YNL018C 0 0
YNL017C 7 97
YNL016W 3 23
YNL015W 0 0
YNL014W 0 0
YNL013C 1 11
YNL012W 3 188
YNL011C 6 96
YNL010W 5 92
YNL009W 5 92
YNL008C 9 3020
YNL007C 3 185
YNL006W 6 116
YNL005C 1 1
YNL004W 6 201
YNL003C 10 240
YNL002C 5 92
YNL001W 2 21
YNR001C 2 10
YNR001W-A 6 100
YNR002C 12 650
YNR003C 3 202
YNR003W-A 11 1813
YNR004W 2 39
YNR005C 0 0
YNR006W 3 101
YNR007C 2 183
YNR008W 1 35
YNR009W 3 59
YNR010W 1 20
YNR011C 11 657
YNR012W 5 27
YNR013C 2 23
YNR014W 16 915
YNR015W 9 136
YNR016C 7 1567
YNR017W 8 318
YNR018W 11 1541
YNR019W 5 90
YNR020C 8 311
YNR021W 5 274
YNR022C 3 162
YNR023W 1 50
YNR024W 1 103
YNR025C 0 0
YNR026C 6 598
YNR027W 5 252
YNR028W 1 62
YNR029C 2 2
YNR030W 1 6
YNR031C 1 1
YNR032W 1 9
YNR032C-A 8 149
YNR033W 8 291
YNR034W 1 3
YNR034W-A 4 127
YNR035C 10 344
YNR036C 4 57
YNR037C 8 175
YNR038W 6 182
YNR039C 3 74
YNR040W 4 32
YNR041C 0 0
YNR042W 0 0
YNR043W 0 0
YNR044W 2 8
YNR045W 2 8
YNR046W 10 591
YNR047W 9 737
YNR048W 2 9
YNR049C 4 24
YNR050C 2 231
YNR051C 0 0
YNR052C 1 8
YNR053C 3 170
YNR054C 4 141
YNR055C 2 30
YNR056C 2 36
YNR057C 0 0
YNR058W 3 79
YNR059W 0 0
YNR060W 3 38
YNR061C 3 106
YNR062C 3 17
YNR063W 1 4
YNR064C 4 391
YNR065C 2 8
YNR066C 9 497
YNR067C 2 3
YNR068C 0 0
YNR069C 2 12
YNR070W 0 0
YNR071C 2 29
YNR072W 0 0
YNR073C 2 16
YNR074C 1 12
YNR075W 6 178
YNR075C-A 5 153
YNR076W 0 0
YNR077C 13 368
YOL166W-A 7 34
YOL166C 2 28
YOL165C 0 0
YOL164W-A 1 3
YOL164W 1 8
YOL163W 6 106
YOL162W 3 82
YOL161C 0 0
YOL160W 0 0
YOL159C-A 3 43
YOL159C 1 32
YOL158C 5 217
YOL157C 1 6
YOL156W 0 0
YOL155W-A 0 0
YOL155C 1 1
YOL154W 2 2
YOL152W 6 165
YOL151W 4 40
YOL150C 8 383
YOL149W 7 331
YOL148C 4 33
YOL147C 1 9
YOL146W 3 5
YOL145C 4 256
YOL144W 2 2
YOL143C 4 21
YOL142W 12 217
YOL141W 4 17
YOL140W 14 328
YOL139C 3 17
YOL138C 5 110
YOL137W 3 8
YOL136C 0 0
YOL135C 4 18
YOL134C 3 51
YOL133W 11 511
YOL132W 4 261
YOL131W 1 9
YOL130W 0 0
YOL129W 8 430
YOL128C 7 366
YOL127W 0 0
YOL126C 7 655
YOL125W 11 368
YOL124C 12 1346
YOL123W 2 93
YOL122C 2 8
YOL121C 9 219
YOL120C 0 0
YOL119C 4 55
YOL118C 8 1120
YOL117W 10 117
YOL116W 2 13
YOL115W 3 6
YOL114C 10 220
YOL113W 2 93
YOL112W 5 54
YOL111C 8 113
YOL110W 7 668
YOL109W 7 65
YOL108C 10 670
YOL107W 9 797
YOL106W 2 10
YOL105C 0 0
YOL104C 6 258
YOL103W 0 0
YOL102C 7 285
YOL101C 4 56
YOL100W 1 20
YOL099C 4 33
YOL098C 5 45
YOL097W-A 5 265
YOL097C 4 140
YOL096C 5 104
YOL095C 1 9
YOL094C 5 147
YOL093W 2 47
YOL092W 4 42
YOL091W 1 17
YOL090W 0 0
YOL089C 2 13
YOL088C 1 3
YOL087C 0 0
YOL086W-A 7 66
YOL086C 4 143
YOL085W-A 2 79
YOL085C 4 200
YOL084W 1 6
YOL083W 2 152
YOL083C-A 5 30
YOL082W 4 39
YOL081W 3 69
YOL080C 5 42
YOL079W 1 84
YOL078W 3 18
YOL077W-A 7 254
YOL077C 2 97
YOL076W 1 5
YOL075C 3 263
YOL073C 6 322
YOL072W 5 464
YOL071W 5 564
YOL070C 8 1083
YOL069W 3 13
YOL068C 2 41
YOL067C 11 223
YOL066C 0 0
YOL065C 2 5
YOL064C 8 405
YOL063C 2 57
YOL062C 5 3042
YOL061W 6 64
YOL060C 6 47
YOL059W 5 233
YOL058W 8 285
YOL057W 6 88
YOL056W 1 1
YOL055C 1 25
YOL054W 6 199
YOL053W 5 46
YOL052C-A 1 2
YOL052C 7 201
YOL051W 5 190
YOL050C 4 340
YOL049W 18 3405
YOL048C 7 984
YOL047C 4 116
YOL046C 0 0
YOL045W 1 7
YOL044W 2 33
YOL043C 4 64
YOL042W 3 130
YOL041C 3 62
YOL040C 1 37
YOL039W 6 149
YOL038C-A 0 0
YOL038W 3 73
YOL037C 0 0
YOL036W 2 18
YOL035C 2 11
YOL034W 9 100
YOL033W 4 101
YOL032W 0 0
YOL031C 1 144
YOL030W 2 29
YOL029C 1 10
YOL028C 3 135
YOL027C 6 212
YOL026C 7 64
YOL025W 4 145
YOL024W 2 14
YOL023W 3 67
YOL022C 3 27
YOL021C 6 1035
YOL020W 1 5
YOL019W-A 9 355
YOL019W 2 9
YOL018C 4 30
YOL017W 0 0
YOL016C 2 23
YOL015W 0 0
YOL014W 0 0
YOL013W-B 0 0
YOL013W-A 3 10
YOL013C 0 0
YOL012C 2 14
YOL011W 1 35
YOL010W 3 57
YOL009C 6 59
YOL008W 1 7
YOL007C 0 0
YOL006C 2 21
YOL005C 10 227
YOL004W 1 5
YOL003C 11 2166
YOL002C 5 73
YOL001W 5 79
YOR001W 12 515
YOR002W 3 282
YOR003W 0 0
YOR004W 11 275
YOR005C 5 49
YOR006C 3 78
YOR007C 6 278
YOR008C 0 0
YOR008C-A 0 0
YOR008W-B 6 152
YOR009W 0 0
YOR010C 2 41
YOR011W 2 18
YOR011W-A 0 0
YOR012W 1 4
YOR013W 1 8
YOR014W 1 33
YOR015W 1 2
YOR016C 2 14
YOR017W 3 14
YOR018W 1 4
YOR019W 0 0
YOR020C 5 62
YOR020W-A 2 24
YOR021C 3 121
YOR022C 4 14
YOR023C 8 167
YOR024W 9 190
YOR025W 11 190
YOR026W 10 1051
YOR027W 5 32
YOR028C 0 0
YOR029W 2 412
YOR030W 0 0
YOR031W 6 467
YOR032C 7 104
YOR032W-A 3 83
YOR033C 3 25
YOR034C 1 15
YOR034C-A 3 172
YOR035C 9 223
YOR036W 7 152
YOR037W 3 17
YOR038C 5 51
YOR039W 1 8
YOR040W 2 97
YOR041C 7 142
YOR042W 6 231
YOR043W 0 0
YOR044W 5 169
YOR045W 7 280
YOR046C 4 16
YOR047C 1 4
YOR048C 2 18
YOR049C 0 0
YOR050C 4 35
YOR051C 2 162
YOR052C 3 41
YOR053W 8 98
YOR054C 4 203
YOR055W 1 39
YOR056C 2 76
YOR057W 2 21
YOR058C 0 0
YOR059C 5 285
YOR060C 7 160
YOR061W 0 0
YOR062C 0 0
YOR063W 11 1085
YOR064C 19 6215
YOR065W 2 2
YOR066W 5 131
YOR067C 3 93
YOR069W 1 2
YOR068C 1 19
YOR070C 3 44
YOR071C 2 16
YOR072W 3 68
YOR072W-A 9 338
YOR072W-B 3 44
YOR073W 5 239
YOR074C 4 57
YOR073W-A 6 351
YOR075W 13 1927
YOR076C 6 606
YOR077W 3 41
YOR078W 2 12
YOR079C 4 44
YOR080W 1 42
YOR081C 0 0
YOR082C 3 54
YOR083W 4 362
YOR084W 7 568
YOR085W 2 49
YOR086C 4 162
YOR087W 3 48
YOR089C 0 0
YOR090C 2 10
YOR091W 1 21
YOR092W 0 0
YOR093C 1 1
YOR094W 0 0
YOR095C 11 93
YOR096W 3 83
YOR097C 3 12
YOR098C 7 1331
YOR099W 3 18
YOR100C 4 249
YOR101W 0 0
YOR102W 10 853
YOR103C 8 145
YOR104W 2 12
YOR105W 0 0
YOR106W 3 32
YOR107W 2 41
YOR108W 2 2
YOR108C-A 4 43
YOR109W 1 1
YOR110W 1 1
YOR111W 6 34
YOR112W 3 535
YOR113W 1 17
YOR114W 3 15
YOR115C 6 1100
YOR116C 0 0
YOR117W 2 46
YOR118W 2 34
YOR119C 5 205
YOR120W 6 149
YOR121C 5 239
YOR122C 15 840
YOR123C 4 53
YOR124C 1 1
YOR125C 2 46
YOR126C 19 565
YOR127W 2 2
YOR128C 1 25
YOR129C 2 34
YOR130C 2 33
YOR131C 2 5
YOR132W 1 2
YOR133W 4 10
YOR134W 3 13
YOR135C 1 45
YOR136W 2 39
YOR137C 1 14
YOR138C 5 845
YOR139C 0 0
YOR140W 3 23
YOR141C 10 274
YOR142W 4 31
YOR143C 0 0
YOR144C 2 28
YOR145C 2 31
YOR146W 1 1
YOR147W 5 368
YOR148C 8 885
YOR149C 3 31
YOR150W 8 141
YOR151C 0 0
YOR152C 1 3
YOR153W 2 8
YOR154W 4 887
YOR155C 5 106
YOR156C 2 18
YOR157C 3 715
YOR158W 11 392
YOR159C 8 110
YOR160W 4 149
YOR161C 7 206
YOR161W-A 1 2
YOR161W-B 6 164
YOR161C-C 11 650
YOR162C 7 544
YOR163W 7 449
YOR164C 3 33
YOR165W 7 140
YOR166C 7 397
YOR167C 1 2
YOR168W 8 351
YOR169C 3 66
YOR170W 5 45
YOR171C 2 9
YOR172W 13 362
YOR173W 5 469
YOR174W 3 38
YOR175C 3 47
YOR176W 4 11
YOR177C 1 12
YOR178C 6 146
YOR179C 4 28
YOR180C 2 23
YOR181W 3 70
YOR182C 4 176
YOR183W 2 25
YOR184W 0 0
YOR185C 1 2
YOR186W 4 161
YOR186C-A 4 52
YOR187W 3 28
YOR188W 1 1
YOR189W 2 108
YOR190W 2 3
YOR191W 0 0
YOR192C 0 0
YOR192C-C 0 0
YOR193W 2 26
YOR194C 0 0
YOR195W 1 23
YOR196C 10 907
YOR197W 6 605
YOR198C 2 10
YOR199W 4 14
YOR200W 8 298
YOR201C 8 39
YOR202W 5 491
YOR203W 4 44
YOR204W 11 153
YOR205C 7 347
YOR206W 6 106
YOR207C 4 265
YOR208W 3 33
YOR209C 1 23
YOR210W 3 69
YOR211C 4 33
YOR212W 5 330
YOR213C 5 34
YOR214C 1 8
YOR215C 4 12
YOR216C 2 44
YOR217W 4 60
YOR218C 0 0
YOR219C 3 111
YOR220W 7 611
YOR221C 6 71
YOR222W 1 2
YOR223W 9 173
YOR224C 0 0
YOR225W 0 0
YOR226C 10 1612
YOR227W 0 0
YOR228C 0 0
YOR229W 4 95
YOR230W 2 134
YOR231W 2 28
YOR231C-A 2 219
YOR232W 0 0
YOR233W 1 22
YOR234C 4 1336
YOR235W 1 9
YOR236W 6 176
YOR237W 3 43
YOR238W 2 505
YOR239W 3 17
YOR241W 4 96
YOR242C 2 26
YOR243C 4 120
YOR244W 2 14
YOR245C 9 530
YOR246C 2 12
YOR247W 0 0
YOR248W 0 0
YOR249C 4 67
YOR250C 1 1
YOR251C 11 872
YOR252W 3 66
YOR253W 6 455
YOR254C 8 107
YOR255W 5 73
YOR256C 1 21
YOR257W 3 66
YOR258W 3 5
YOR259C 7 299
YOR260W 7 92
YOR261C 0 0
YOR262W 7 159
YOR263C 0 0
YOR264W 1 4
YOR265W 13 1328
YOR266W 4 21
YOR267C 4 40
YOR268C 10 186
YOR269W 7 698
YOR270C 0 0
YOR271C 8 361
YOR272W 4 190
YOR273C 14 532
YOR274W 8 456
YOR275C 15 437
YOR276W 10 195
YOR277C 1 7
YOR278W 4 25
YOR279C 3 29
YOR280C 9 704
YOR281C 5 77
YOR282W 0 0
YOR283W 3 352
YOR284W 8 1237
YOR285W 8 131
YOR286W 6 619
YOR287C 7 340
YOR288C 2 54
YOR289W 5 71
YOR290C 0 0
YOR291W 1 57
YOR292C 13 232
YOR293W 1 7
YOR293C-A 7 303
YOR294W 2 61
YOR295W 2 38
YOR296W 1 34
YOR297C 12 3588
YOR298W 3 39
YOR298C-A 5 143
YOR299W 0 0
YOR300W 0 0
YOR301W 4 558
YOR302W 5 110
YOR303W 4 7
YOR304W 0 0
YOR304C-A 3 4
YOR305W 0 0
YOR306C 1 14
YOR307C 2 4
YOR308C 0 0
YOR309C 0 0
YOR310C 2 20
YOR311C 11 137
YOR312C 0 0
YOR313C 2 63
YOR314W 1 2
YOR314W-A 13 1551
YOR315W 5 105
YOR316C 4 79
YOR316C-A 9 192
YOR317W 9 353
YOR318C 3 74
YOR319W 1 11
YOR320C 2 23
YOR321W 2 8
YOR322C 2 31
YOR323C 4 481
YOR324C 6 185
YOR325W 5 308
YOR326W 1 2
YOR327C 2 49
YOR328W 0 0
YOR329C 2 28
YOR329W-A 3 158
YOR330C 6 67
YOR331C 1 2
YOR332W 2 34
YOR333C 2 44
YOR334W 6 157
YOR335C 0 0
YOR335W-A 0 0
YOR336W 7 1406
YOR337W 9 279
YOR338W 1 41
YOR339C 0 0
YOR340C 4 33
YOR341W 0 0
YOR342C 5 218
YOR343C 21 4730
YOR344C 2 8
YOR345C 3 57
YOR346W 1 2
YOR347C 0 0
YOR348C 7 450
YOR349W 12 21708
YOR350C 3 68
YOR351C 0 0
YOR352W 2 39
YOR353C 6 70
YOR354C 12 1937
YOR355W 0 0
YOR356W 5 106
YOR357C 17 5444
YOR358W 3 57
YOR359W 4 7
YOR360C 4 72
YOR361C 11 1138
YOR362C 5 18
YOR363C 4 230
YOR364W 6 521
YOR365C 0 0
YOR366W 0 0
YOR367W 6 1998
YOR368W 3 27
YOR369C 1 1
YOR370C 0 0
YOR371C 4 250
YOR372C 2 54
YOR373W 2 219
YOR374W 10 407
YOR375C 1 4
YOR376W 3 13
YOR376W-A 3 4168
YOR377W 5 66
YOR378W 0 0
YOR379C 7 182
YOR380W 4 57
YOR381W 1 1
YOR381W-A 4 45
YOR382W 5 120
YOR383C 2 276
YOR384W 2 73
YOR385W 7 732
YOR386W 8 477
YOR387C 0 0
YOR388C 1 41
YOR389W 1 5
YOR390W 4 61
YOR391C 0 0
YOR392W 2 22
YOR393W 0 0
YOR394W 0 0
YOR394C-A 0 0
YOR396W 0 0
YOR396C-A 0 0
YPL283C 0 0
YPL283W-B 0 0
YPL283W-A 0 0
YPL282C 0 0
YPL281C 0 0
YPL280W 0 0
YPL279C 8 135
YPL278C 0 0
YPL277C 2 52
YPL274W 2 7
YPL273W 1 5
YPL272C 1 1
YPL271W 8 127
YPL270W 11 759
YPL269W 11 496
YPL268W 10 7086
YPL267W 3 45
YPL266W 1 2
YPL265W 1 156
YPL264C 2 6
YPL263C 3 4
YPL262W 4 35
YPL261C 3 74
YPL260W 0 0
YPL259C 6 459
YPL258C 4 48
YPL257W 3 61
YPL256C 2 10
YPL255W 2 34
YPL254W 3 12
YPL253C 5 151
YPL252C 10 886
YPL251W 2 52
YPL250C 5 79
YPL249C-A 0 0
YPL250W-A 0 0
YPL249C 4 380
YPL248C 9 191
YPL247C 2 22
YPL246C 1 1
YPL245W 7 150
YPL244C 6 122
YPL243W 0 0
YPL242C 2 11
YPL241C 6 99
YPL240C 4 228
YPL239W 1 5
YPL238C 0 0
YPL237W 0 0
YPL236C 2 102
YPL235W 0 0
YPL234C 1 11
YPL233W 8 174
YPL232W 2 37
YPL231W 4 226
YPL230W 2 28
YPL229W 5 284
YPL228W 4 83
YPL227C 0 0
YPL226W 3 131
YPL225W 2 5
YPL224C 17 5728
YPL223C 12 2855
YPL222W 4 154
YPL222C-A 3 37
YPL221W 11 659
YPL220W 16 1483
YPL219W 3 71
YPL218W 4 57
YPL217C 3 56
YPL216W 0 0
YPL215W 1 2
YPL214C 3 10
YPL213W 8 614
YPL212C 5 247
YPL211W 6 139
YPL210C 2 9
YPL209C 3 82
YPL208W 5 80
YPL207W 1 2
YPL206C 3 183
YPL205C 0 0
YPL204W 1 1
YPL203W 4 1256
YPL202C 6 153
YPL201C 5 64
YPL200W 2 7
YPL199C 5 107
YPL198W 12 819
YPL197C 1 14
YPL196W 2 5
YPL195W 6 3710
YPL194W 2 10
YPL193W 4 82
YPL192C 1 4
YPL191C 2 7
YPL190C 1 2
YPL189C-A 5 891
YPL189W 4 191
YPL188W 2 88
YPL187W 2 18
YPL186C 16 932
YPL185W 8 216
YPL184C 0 0
YPL183W-A 2 109
YPL183C 9 831
YPL182C 5 167
YPL181W 3 25
YPL180W 3 52
YPL179W 1 6
YPL178W 4 191
YPL177C 3 39
YPL176C 5 34
YPL175W 3 41
YPL174C 1 1
YPL173W 8 100
YPL172C 0 0
YPL171C 7 210
YPL170W 5 42
YPL169C 2 22
YPL168W 4 106
YPL167C 4 128
YPL166W 8 565
YPL165C 3 49
YPL164C 5 474
YPL163C 2 39
YPL162C 4 59
YPL161C 1 52
YPL160W 1 1
YPL159C 0 0
YPL158C 1 4
YPL157W 3 62
YPL156C 2 17
YPL155C 3 283
YPL154C 0 0
YPL153C 2 120
YPL152W-A 7 179
YPL152W 0 0
YPL151C 5 544
YPL150W 3 12
YPL149W 0 0
YPL148C 1 15
YPL147W 4 123
YPL146C 5 4026
YPL145C 0 0
YPL144W 8 1321
YPL143W 0 0
YPL142C 2 18
YPL141C 1 2
YPL140C 1 7
YPL139C 1 7
YPL138C 3 66
YPL137C 3 85
YPL136W 2 5
YPL135W 8 633
YPL135C-A 4 70
YPL134C 8 177
YPL133C 2 6
YPL132W 1 29
YPL131W 2 16
YPL130W 1 11
YPL129W 5 26
YPL128C 1 8
YPL127C 9 251
YPL126W 5 149
YPL125W 1 43
YPL124W 6 81
YPL123C 3 123
YPL122C 2 11
YPL121C 0 0
YPL120W 13 932
YPL119C-A 0 0
YPL119C 2 8
YPL118W 0 0
YPL117C 4 595
YPL116W 9 145
YPL115C 2 21
YPL114W 11 1148
YPL113C 4 104
YPL112C 4 63
YPL111W 6 108
YPL110C 0 0
YPL109C 1 1
YPL108W 6 30
YPL107W 2 6
YPL106C 0 0
YPL105C 6 475
YPL104W 4 607
YPL103C 4 99
YPL102C 0 0
YPL101W 7 205
YPL100W 2 26
YPL099C 2 98
YPL098C 1 1
YPL097W 4 149
YPL096C-A 3 8
YPL096W 12 604
YPL095C 2 56
YPL094C 9 378
YPL093W 2 10
YPL092W 1 16
YPL091W 2 138
YPL090C 1 2
YPL089C 14 994
YPL088W 0 0
YPL087W 2 31
YPL086C 3 27
YPL085W 3 67
YPL084W 3 81
YPL083C 2 6
YPL082C 4 18
YPL081W 4 565
YPL080C 10 777
YPL079W 4 370
YPL078C 9 207
YPL077C 8 534
YPL076W 2 16
YPL075W 6 410
YPL074W 6 97
YPL073C 5 143
YPL072W 0 0
YPL071C 2 52
YPL070W 0 0
YPL069C 6 200
YPL068C 14 553
YPL067C 5 63
YPL066W 4 43
YPL065W 5 31
YPL064C 2 42
YPL063W 0 0
YPL062W 17 1211
YPL061W 3 19
YPL060W 4 80
YPL059W 2 25
YPL058C 1 8
YPL057C 2 6
YPL056C 8 3437
YPL055C 8 1038
YPL054W 2 23
YPL053C 4 19
YPL052W 8 386
YPL051W 8 437
YPL050C 0 0
YPL049C 10 236
YPL048W 6 18
YPL047W 0 0
YPL046C 1 2
YPL045W 1 1
YPL044C 1 4
YPL043W 2 80
YPL042C 0 0
YPL041C 12 1972
YPL040C 9 186
YPL039W 6 144
YPL038W-A 1 64
YPL038W 6 20
YPL037C 6 68
YPL036W 5 117
YPL035C 4 50
YPL034W 1 2
YPL033C 1 1
YPL032C 7 188
YPL031C 0 0
YPL030W 1 123
YPL029W 4 26
YPL028W 2 38
YPL027W 1 5
YPL026C 3 57
YPL025C 16 958
YPL024W 11 1246
YPL023C 1 1
YPL022W 0 0
YPL021W 0 0
YPL020C 0 0
YPL019C 5 189
YPL018W 5 53
YPL017C 6 202
YPL016W 0 0
YPL015C 8 644
YPL014W 1 8
YPL013C 4 233
YPL012W 0 0
YPL011C 7 428
YPL010W 5 968
YPL009C 3 16
YPL008W 1 5
YPL007C 0 0
YPL006W 4 61
YPL005W 2 7
YPL004C 0 0
YPL003W 7 43
YPL002C 11 326
YPL001W 6 1109
YPR001W 8 703
YPR002W 14 611
YPR002C-A 4 43
YPR003C 2 4
YPR004C 0 0
YPR005C 3 25
YPR006C 5 55
YPR007C 1 2
YPR008W 1 35
YPR009W 4 327
YPR010C 0 0
YPR010C-A 10 336
YPR011C 3 24
YPR012W 4 127
YPR013C 2 2
YPR014C 2 6
YPR015C 6 98
YPR016C 0 0
YPR016W-A 0 0
YPR017C 7 1917
YPR018W 0 0
YPR019W 2 3
YPR020W 5 46
YPR021C 0 0
YPR022C 7 337
YPR023C 4 15
YPR024W 2 7
YPR025C 7 95
YPR026W 4 81
YPR027C 0 0
YPR028W 3 11
YPR029C 0 0
YPR030W 7 219
YPR031W 0 0
YPR032W 0 0
YPR033C 4 42
YPR034W 2 43
YPR035W 0 0
YPR036W 8 2095
YPR036W-A 7 87
YPR037C 6 39
YPR038W 3 563
YPR039W 4 106
YPR040W 9 411
YPR041W 4 124
YPR042C 2 4
YPR043W 2 12
YPR044C 1 1
YPR045C 7 3621
YPR046W 10 10465
YPR047W 1 22
YPR048W 4 193
YPR049C 3 11
YPR050C 6 128
YPR051W 6 147
YPR052C 4 4468
YPR053C 1 22
YPR054W 3 28
YPR055W 1 41
YPR056W 7 213
YPR057W 5 74
YPR058W 2 12
YPR059C 4 350
YPR060C 2 54
YPR061C 10 296
YPR062W 8 4639
YPR063C 6 187
YPR064W 6 21
YPR065W 2 11
YPR066W 0 0
YPR067W 6 60
YPR068C 5 1711
YPR069C 2 65
YPR070W 2 11
YPR071W 1 82
YPR072W 0 0
YPR073C 5 349
YPR074C 10 259
YPR074W-A 8 206
YPR075C 5 22
YPR076W 1 8
YPR077C 1 1
YPR078C 0 0
YPR079W 2 56
YPR080W 3 186
YPR081C 3 12
YPR082C 20 845
YPR083W 4 149
YPR084W 0 0
YPR085C 4 53
YPR086W 5 142
YPR087W 1 1
YPR088C 0 0
YPR089W 3 974
YPR091C 13 3223
YPR092W 3 25
YPR093C 6 234
YPR094W 4 51
YPR095C 0 0
YPR096C 2 88
YPR097W 1 16
YPR098C 6 126
YPR099C 4 28
YPR100W 10 70
YPR101W 7 60
YPR102C 1 14
YPR103W 1 2
YPR104C 0 0
YPR105C 3 311
YPR106W 5 368
YPR107C 0 0
YPR108W 4 53
YPR108W-A 2 5
YPR109W 1 27
YPR110C 2 9
YPR111W 6 88
YPR112C 8 342
YPR113W 5 69
YPR114W 0 0
YPR115W 0 0
YPR116W 5 26
YPR117W 2 9
YPR118W 9 336
YPR119W 1 8
YPR120C 1 4
YPR121W 2 26
YPR122W 7 12353
YPR123C 1 3
YPR124W 1 1
YPR125W 0 0
YPR126C 8 243
YPR127W 10 1912
YPR128C 4 54
YPR129W 8 188
YPR130C 2 64
YPR131C 6 1261
YPR132W 4 17
YPR133C 0 0
YPR133W-A 6 114
YPR134W 0 0
YPR135W 2 5
YPR136C 0 0
YPR137W 3 157
YPR138C 3 13
YPR139C 0 0
YPR140W 0 0
YPR141C 1 1
YPR142C 0 0
YPR143W 7 541
YPR144C 3 36
YPR145W 12 329
YPR145C-A 6 158
YPR146C 2 140
YPR147C 4 97
YPR148C 7 242
YPR149W 2 39
YPR150W 6 155
YPR151C 17 582
YPR152C 7 29
YPR153W 4 112
YPR154W 5 57
YPR155C 1 2
YPR156C 2 3
YPR157W 0 0
YPR158W 4 39
YPR159W 0 0
YPR159C-A 16 898
YPR160W 2 330
YPR160W-A 4 10
YPR160C-A 1 3
YPR161C 0 0
YPR162C 5 89
YPR163C 4 43
YPR164W 2 52
YPR165W 0 0
YPR166C 2 4
YPR167C 3 97
YPR168W 2 20
YPR169W 4 18
YPR170C 3 104
YPR169W-A 7 329
YPR170W-B 7 329
YPR170W-A 2 72
YPR171W 8 147
YPR172W 2 37
YPR173C 2 8
YPR174C 7 198
YPR175W 5 98
YPR176C 9 823
YPR177C 3 206
YPR178W 5 264
YPR179C 3 27
YPR180W 3 1233
YPR181C 2 25
YPR182W 3 4
YPR183W 5 1758
YPR184W 2 6
YPR185W 2 41
YPR186C 6 55
YPR187W 7 188
YPR188C 9 1541
YPR189W 6 243
YPR190C 4 43
YPR191W 1 29
YPR192W 4 90
YPR193C 5 55
YPR194C 1 31
YPR195C 8 164
YPR196W 6 109
YPR197C 0 0
YPR198W 1 83
YPR199C 10 949
YPR200C 0 0
YPR201W 0 0
YPR202W 0 0
YPR203W 0 0
YPR204W 0 0
YPR204C-A 0 0
