YAL069W 13 1357
YAL068W-A 9 331
YAL068C 0 0
YAL067W-A 8 316
YAL067C 3 22
YAL066W 5 37
YAL065C 0 0
YAL064W-B 0 0
YAL064C-A 4 57
YAL064W 0 0
YAL063C-A 1 14
YAL063C 0 0
YAL062W 27 393
YAL061W 0 0
YAL060W 2 64
YAL059C-A 2 16
YAL059W 3 91
YAL058W 5 97
YAL056C-A 17 2166
YAL056W 12 1416
YAL055W 3 27
YAL054C 5 106
YAL053W 1 1
YAL051W 5 189
YAL049C 6 56
YAL048C 2 11
YAL047W-A 1 4
YAL047C 1 1
YAL046C 8 311
YAL045C 4 89
YAL044W-A 11 361
YAL044C 9 1150
YAL043C 3 28
YAL042C-A 0 0
YAL042W 4 40
YAL041W 0 0
YAL040C 0 0
YAL039C 13 892
YAL038W 0 0
YAL037C-B 2 19
YAL037C-A 1 5
YAL037W 2 23
YAL036C 0 0
YAL035W 0 0
YAL034C-B 2 3
YAL034W-A 0 0
YAL034C 12 682
YAL033W 1 13
YAL032C 0 0
YAL031W-A 3 48
YAL031C 7 71
YAL030W 8 1678
YAL029C 2 35
YAL028W 0 0
YAL027W 2 3
YAL026C-A 1 35
YAL026C 0 0
YAL025C 1 7
YAL024C 1 14
YAL023C 0 0
YAL022C 3 17
YAL021C 1 7
YAL020C 3 17
YAL019W-A 3 150
YAL019W 3 12
YAL018C 0 0
YAL017W 1 13
YAL016C-B 3 41
YAL016C-A 0 0
YAL016W 0 0
YAL015C 9 216
YAL014C 4 15
YAL013W 1 2
YAL012W 0 0
YAL011W 5 55
YAL010C 0 0
YAL009W 1 3
YAL008W 3 55
YAL007C 3 117
YAL005C 3 75
YAL004W 0 0
YAL003W 2 14
YAL002W 2 4
YAL001C 2 14
YAR002W 7 87
YAR002C-A 9 3191
YAR003W 4 92
YAR007C 1 10
YAR008W 2 6
YAR014C 5 4883
YAR015W 0 0
YAR018C 1 47
YAR019C 0 0
YAR019W-A 0 0
YAR020C 0 0
YAR023C 1 103
YAR027W 1 9
YAR028W 5 42
YAR029W 2 53
YAR030C 5 16
YAR031W 3 51
YAR033W 3 12
YAR035W 20 1639
YAR035C-A 9 131
YAR042W 2 27
YAR047C 0 0
YAR050W 0 0
YAR053W 0 0
YAR060C 0 0
YAR064W 0 0
YAR066W 0 0
YAR068W 0 0
YAR069C 0 0
YAR070C 0 0
YAR071W 0 0
YAR073W 0 0
YAR075W 0 0
YBL113C 0 0
YBL113W-A 0 0
YBL112C 0 0
YBL111C 0 0
YBL109W 0 0
YBL108C-A 1 7
YBL108W 0 0
YBL107W-A 0 0
YBL107C 10 371
YBL106C 1 15
YBL105C 0 0
YBL104C 9 430
YBL103C 0 0
YBL102W 2 10
YBL101C 5 19
YBL100W-C 10 173
YBL100C 1 5
YBL099W 0 0
YBL098W 3 94
YBL097W 0 0
YBL096C 1 2
YBL095W 9 90
YBL094C 3 152
YBL093C 2 5
YBL092W 0 0
YBL091C-A 3 107
YBL091C 5 12
YBL090W 1 1
YBL089W 7 235
YBL088C 2 17
YBL087C 1 11
YBL086C 2 29
YBL085W 2 96
YBL084C 0 0
YBL083C 4 22
YBL082C 4 114
YBL081W 0 0
YBL080C 0 0
YBL079W 2 9
YBL078C 4 10
YBL077W 6 107
YBL076C 0 0
YBL075C 5 64
YBL074C 0 0
YBL073W 2 7
YBL072C 0 0
YBL071C-B 0 0
YBL071W-A 4 87
YBL071C 7 70
YBL070C 6 41
YBL069W 3 1038
YBL068W-A 3 25
YBL068W 1 8
YBL067C 1 15
YBL066C 2 44
YBL065W 3 59
YBL064C 3 156
YBL063W 3 175
YBL062W 5 83
YBL061C 2 37
YBL060W 8 201
YBL059C-A 1 9
YBL059W 0 0
YBL058W 0 0
YBL057C 7 358
YBL056W 0 0
YBL055C 9 250
YBL054W 2 62
YBL053W 5 35
YBL052C 2 15
YBL051C 0 0
YBL050W 0 0
YBL049W 1 5
YBL048W 1 3
YBL047C 5 27
YBL046W 6 25
YBL045C 0 0
YBL044W 3 176
YBL043W 5 35
YBL042C 1 19
YBL041W 0 0
YBL040C 0 0
YBL039W-B 1 25
YBL039C 0 0
YBL039C-A 0 0
YBL038W 0 0
YBL037W 0 0
YBL036C 10 586
YBL035C 0 0
YBL034C 0 0
YBL033C 0 0
YBL032W 4 33
YBL031W 3 20
YBL030C 1 6
YBL029C-A 3 113
YBL029W 4 33
YBL028C 6 671
YBL027W 0 0
YBL026W 0 0
YBL025W 0 0
YBL024W 1 12
YBL023C 0 0
YBL022C 1 4
YBL021C 4 156
YBL020W 0 0
YBL019W 1 20
YBL018C 0 0
YBL017C 4 111
YBL016W 5 164
YBL015W 12 184
YBL014C 0 0
YBL013W 8 105
YBL012C 0 0
YBL011W 4 48
YBL010C 8 96
YBL009W 4 206
YBL008W-A 1 11
YBL008W 1 19
YBL007C 6 143
YBL006C 6 55
YBL006W-A 1 2
YBL005W 1 17
YBL004W 1 2
YBL003C 2 13
YBL002W 3 42
YBL001C 3 8
YBR001C 10 1368
YBR002C 0 0
YBR003W 2 6
YBR004C 0 0
YBR005W 3 78
YBR006W 2 2
YBR007C 7 32
YBR008C 5 213
YBR009C 3 16
YBR010W 5 19
YBR011C 1 2
YBR012C 0 0
YBR013C 1 3
YBR014C 0 0
YBR015C 0 0
YBR016W 0 0
YBR017C 1 7
YBR018C 0 0
YBR019C 0 0
YBR020W 2 3
YBR021W 0 0
YBR022W 0 0
YBR023C 1 6
YBR024W 1 11
YBR025C 2 9
YBR026C 3 22
YBR027C 0 0
YBR028C 2 33
YBR029C 1 3
YBR030W 1 42
YBR031W 1 4
YBR032W 4 61
YBR033W 8 76
YBR034C 7 235
YBR035C 2 19
YBR036C 5 287
YBR037C 8 82
YBR038W 0 0
YBR039W 0 0
YBR040W 2 16
YBR041W 0 0
YBR042C 0 0
YBR043C 0 0
YBR044C 0 0
YBR045C 0 0
YBR046C 6 126
YBR047W 14 288
YBR048W 0 0
YBR049C 2 47
YBR050C 3 63
YBR051W 0 0
YBR052C 2 9
YBR053C 12 27289
YBR054W 0 0
YBR055C 0 0
YBR056W 2 20
YBR056W-A 1 1
YBR056C-B 7 225
YBR057C 1 2
YBR058C 2 23
YBR058C-A 0 0
YBR059C 0 0
YBR060C 2 9
YBR061C 0 0
YBR062C 5 78
YBR063C 0 0
YBR064W 0 0
YBR065C 4 14
YBR066C 0 0
YBR067C 1 19
YBR068C 6 39
YBR069C 5 63
YBR070C 2 37
YBR071W 6 1200
YBR072W 2 10
YBR072C-A 4 21
YBR073W 4 21
YBR074W 4 121
YBR076W 0 0
YBR076C-A 9 55
YBR077C 0 0
YBR078W 0 0
YBR079C 1 3
YBR080C 0 0
YBR081C 1 7
YBR082C 5 119
YBR083W 4 53
YBR084W 4 225
YBR084C-A 0 0
YBR085W 1 3
YBR085C-A 5 15
YBR086C 2 41
YBR087W 0 0
YBR088C 0 0
YBR089W 2 11
YBR089C-A 2 16
YBR090C 7 399
YBR091C 1 18
YBR092C 0 0
YBR093C 1 1
YBR094W 4 14
YBR095C 5 30
YBR096W 0 0
YBR097W 0 0
YBR098W 8 318
YBR099C 5 30
YBR101C 3 21
YBR102C 0 0
YBR103W 2 3
YBR103C-A 6 54
YBR104W 0 0
YBR105C 1 1
YBR106W 6 39
YBR107C 7 69
YBR108W 13 1183
YBR109C 0 0
YBR109W-A 1 1
YBR110W 0 0
YBR111C 3 21
YBR111W-A 1 2
YBR112C 0 0
YBR113W 0 0
YBR114W 0 0
YBR115C 1 40
YBR116C 8 164
YBR117C 3 27
YBR118W 3 5
YBR119W 1 7
YBR120C 3 50
YBR121C 0 0
YBR121C-A 0 0
YBR122C 2 2
YBR123C 0 0
YBR124W 0 0
YBR125C 1 1
YBR126C 0 0
YBR126W-A 11 280
YBR126W-B 6 213
YBR127C 1 3
YBR128C 6 104
YBR129C 5 358
YBR130C 0 0
YBR131W 2 80
YBR131C-A 0 0
YBR132C 5 63
YBR133C 3 9
YBR134W 0 0
YBR135W 1 4
YBR136W 1 2
YBR137W 1 2
YBR138C 0 0
YBR139W 5 110
YBR140C 1 3
YBR141C 1 6
YBR141W-A 5 28
YBR142W 0 0
YBR143C 0 0
YBR144C 14 263
YBR145W 5 75
YBR146W 0 0
YBR147W 3 10
YBR148W 2 65
YBR149W 13 359
YBR150C 5 52
YBR151W 0 0
YBR152W 1 5
YBR153W 0 0
YBR154C 2 19
YBR155W 0 0
YBR156C 0 0
YBR157C 2 416
YBR158W 1 1
YBR159W 0 0
YBR160W 0 0
YBR161W 0 0
YBR162C 5 41
YBR162W-A 9 282
YBR163W 0 0
YBR164C 1 2
YBR165W 0 0
YBR166C 1 1
YBR167C 0 0
YBR168W 0 0
YBR169C 0 0
YBR170C 0 0
YBR171W 1 6
YBR172C 2 28
YBR173C 4 8
YBR174C 4 138
YBR175W 11 599
YBR176W 1 2
YBR177C 0 0
YBR178W 0 0
YBR179C 0 0
YBR180W 2 9
YBR181C 0 0
YBR182C 9 185
YBR182C-A 10 419
YBR183W 3 23
YBR184W 2 13
YBR185C 3 9
YBR186W 2 17
YBR187W 3 78
YBR188C 1 5
YBR189W 0 0
YBR190W 5 37
YBR191W 0 0
YBR191W-A 0 0
YBR192W 0 0
YBR193C 0 0
YBR194W 0 0
YBR195C 4 34
YBR196C 0 0
YBR196C-A 2 7
YBR196C-B 1 75
YBR197C 7 163
YBR198C 0 0
YBR199W 0 0
YBR200W 0 0
YBR200W-A 0 0
YBR201W 1 84
YBR201C-A 3 36
YBR202W 0 0
YBR203W 5 177
YBR204C 7 134
YBR205W 5 130
YBR206W 1 1
YBR207W 0 0
YBR208C 0 0
YBR209W 1 29
YBR210W 4 14
YBR211C 0 0
YBR212W 0 0
YBR213W 6 29
YBR214W 1 2
YBR215W 3 578
YBR216C 3 23
YBR217W 2 13
YBR218C 2 132
YBR219C 3 146
YBR220C 3 90
YBR221C 1 11
YBR221W-A 5 61
YBR222C 6 231
YBR223C 2 9
YBR223W-A 4 36
YBR224W 0 0
YBR225W 1 11
YBR226C 1 34
YBR227C 3 146
YBR228W 6 119
YBR229C 5 17
YBR230C 11 550
YBR230W-A 10 95
YBR231C 2 16
YBR232C 2 9
YBR233W 2 30
YBR233W-A 0 0
YBR234C 0 0
YBR235W 0 0
YBR236C 0 0
YBR237W 0 0
YBR238C 2 12
YBR239C 2 20
YBR240C 7 32
YBR241C 3 13
YBR242W 4 31
YBR243C 2 13
YBR244W 0 0
YBR245C 1 2
YBR246W 4 54
YBR247C 0 0
YBR248C 1 1
YBR249C 0 0
YBR250W 2 6
YBR251W 1 11
YBR252W 0 0
YBR253W 0 0
YBR254C 1 6
YBR255W 6 31
YBR255C-A 12 322
YBR256C 3 15
YBR257W 0 0
YBR258C 6 220
YBR259W 3 51
YBR260C 9 237
YBR261C 6 173
YBR262C 4 33
YBR263W 8 150
YBR264C 2 22
YBR265W 0 0
YBR267W 0 0
YBR266C 1 4
YBR268W 2 30
YBR269C 8 320
YBR270C 4 33
YBR271W 2 69
YBR272C 7 139
YBR273C 5 96
YBR274W 0 0
YBR275C 0 0
YBR276C 0 0
YBR277C 2 6
YBR278W 5 33
YBR279W 0 0
YBR280C 3 22
YBR281C 3 265
YBR282W 2 19
YBR283C 1 2
YBR284W 15 1126
YBR285W 2 2
YBR286W 0 0
YBR287W 4 104
YBR288C 4 63
YBR289W 1 13
YBR290W 8 280
YBR291C 0 0
YBR292C 1 19
YBR293W 7 51
YBR294W 0 0
YBR295W 8 195
YBR296C 3 148
YBR296C-A 4 69
YBR297W 13 548
YBR298C 0 0
YBR298C-A 0 0
YBR299W 0 0
YBR300C 0 0
YBR301W 0 0
YBR302C 0 0
YCL076W 1 2
YCL073C 0 0
YCL069W 0 0
YCL068C 0 0
YCL067C 0 0
YCL066W 0 0
YCL065W 0 0
YCL064C 9 112
YCL063W 10 43
YCL061C 2 11
YCL059C 0 0
YCL058C 10 129
YCL058W-A 0 0
YCL057C-A 13 1423
YCL057W 3 50
YCL056C 5 120
YCL055W 4 61
YCL054W 0 0
YCL052C 2 9
YCL051W 1 2
YCL050C 1 20
YCL049C 7 294
YCL048W-A 1 12
YCL048W 0 0
YCL047C 2 33
YCL045C 9 311
YCL046W 0 0
YCL044C 4 48
YCL043C 0 0
YCL041C 15 1322
YCL042W 3 4
YCL040W 6 244
YCL039W 5 31
YCL038C 4 140
YCL037C 6 58
YCL036W 9 115
YCL035C 6 48
YCL034W 11 156
YCL033C 4 74
YCL032W 2 12
YCL031C 2 8
YCL030C 7 318
YCL029C 4 131
YCL028W 10 279
YCL027W 1 1
YCL026C-B 3 13
YCL026C-A 2 52
YCL025C 4 269
YCL023C 1 17
YCL024W 2 42
YCL022C 2 5
YCL021W-A 1 48
YCL018W 6 53
YCL017C 0 0
YCL016C 3 43
YCL014W 1 17
YCL012C 2 43
YCL011C 5 41
YCL010C 18 1051
YCL009C 11 605
YCL008C 5 16
YCL007C 5 20
YCL005W-A 0 0
YCL005W 2 48
YCL004W 6 51
YCL002C 11 278
YCL001W 6 67
YCL001W-A 0 0
YCL001W-B 1 28
YCR001W 4 48
YCR002C 0 0
YCR003W 4 35
YCR004C 1 1
YCR005C 10 594
YCR006C 11 120
YCR007C 4 189
YCR008W 1 2
YCR009C 1 4
YCR010C 3 13
YCR011C 0 0
YCR012W 2 13
YCR013C 7 104
YCR014C 1 15
YCR015C 6 153
YCR016W 3 88
YCR017C 1 166
YCR018C 2 2
YCR018C-A 5 315
YCR019W 0 0
YCR020C 0 0
YCR020C-A 7 246
YCR020W-B 3 11
YCR021C 1 24
YCR022C 11 146
YCR023C 6 78
YCR024C 2 6
YCR024C-B 0 0
YCR024C-A 1 2
YCR025C 18 1043
YCR026C 5 120
YCR027C 5 227
YCR028C 2 7
YCR028C-A 2 13
YCR030C 1 2
YCR031C 0 0
YCR032W 1 20
YCR033W 1 2
YCR034W 0 0
YCR035C 0 0
YCR036W 8 235
YCR037C 6 459
YCR038C 0 0
YCR038W-A 0 0
YCR039C 0 0
YCR040W 0 0
YCR041W 0 0
YCR042C 0 0
YCR043C 4 55
YCR044C 2 18
YCR045C 3 50
YCR045W-A 1 1
YCR046C 2 15
YCR047C 0 0
YCR047W-A 0 0
YCR049C 10 318
YCR048W 5 96
YCR050C 0 0
YCR051W 0 0
YCR052W 0 0
YCR053W 0 0
YCR054C 1 4
YCR057C 1 6
YCR059C 22 1686
YCR060W 19 919
YCR061W 17 566
YCR064C 0 0
YCR063W 0 0
YCR065W 3 54
YCR066W 3 33
YCR067C 0 0
YCR068W 3 12
YCR069W 1 1
YCR071C 3 8
YCR072C 0 0
YCR073C 0 0
YCR073W-A 14 1219
YCR075C 7 87
YCR075W-A 5 76
YCR076C 16 294
YCR077C 2 19
YCR079W 3 83
YCR081W 1 1
YCR081C-A 11 652
YCR082W 9 72
YCR083W 5 43
YCR084C 0 0
YCR085W 0 0
YCR086W 0 0
YCR087W 1 2
YCR087C-A 8 368
YCR088W 5 210
YCR089W 0 0
YCR090C 6 113
YCR091W 2 7
YCR092C 2 9
YCR093W 1 2
YCR094W 0 0
YCR095C 0 0
YCR095W-A 0 0
YCR096C 0 0
YCR097W 0 0
YCR097W-A 0 0
YCR098C 1 1
YCR099C 4 16
YCR100C 0 0
YCR101C 3 17
YCR102C 3 44
YCR102W-A 0 0
YCR104W 0 0
YCR105W 1 3
YCR106W 10 121
YCR107W 1 16
YCR108C 11 388
YDL248W 2 22
YDL247W-A 0 0
YDL247W 0 0
YDL246C 0 0
YDL245C 0 0
YDL244W 0 0
YDL243C 3 70
YDL242W 9 208
YDL241W 3 32
YDL240C-A 0 0
YDL240W 1 1
YDL239C 2 26
YDL238C 1 98
YDL237W 5 139
YDL236W 0 0
YDL235C 0 0
YDL234C 2 3
YDL233W 3 18
YDL232W 5 47
YDL231C 1 39
YDL230W 1 8
YDL229W 4 22
YDL228C 5 26
YDL227C 1 28
YDL226C 1 6
YDL225W 7 164
YDL224C 1 7
YDL223C 0 0
YDL222C 0 0
YDL221W 4 13
YDL220C 2 17
YDL219W 4 35
YDL218W 1 33
YDL217C 2 2
YDL216C 7 44
YDL215C 3 49
YDL214C 2 11
YDL213C 4 13
YDL212W 5 207
YDL211C 0 0
YDL210W 1 30
YDL209C 1 6
YDL208W 2 6
YDL207W 1 6
YDL206W 2 26
YDL205C 1 3
YDL204W 4 36
YDL203C 1 5
YDL202W 1 5
YDL201W 0 0
YDL200C 4 53
YDL199C 5 400
YDL198C 2 40
YDL197C 6 64
YDL196W 8 126
YDL195W 0 0
YDL194W 1 2
YDL193W 0 0
YDL192W 0 0
YDL191W 0 0
YDL190C 2 8
YDL189W 1 22
YDL188C 1 5
YDL187C 2 5
YDL186W 2 5
YDL185C-A 0 0
YDL185W 0 0
YDL184C 13 283
YDL183C 3 113
YDL182W 2 8
YDL181W 1 9
YDL180W 1 8
YDL179W 0 0
YDL178W 1 38
YDL177C 1 10
YDL176W 2 5
YDL175C 14 314
YDL174C 15 153
YDL173W 6 25
YDL172C 0 0
YDL171C 1 13
YDL170W 5 43
YDL169C 15 283
YDL168W 3 53
YDL167C 1 28
YDL166C 0 0
YDL165W 0 0
YDL164C 0 0
YDL163W 0 0
YDL162C 3 15
YDL161W 7 129
YDL160C-A 1 1
YDL160C 0 0
YDL159W-A 0 0
YDL159W 11 157
YDL159C-B 0 0
YDL158C 0 0
YDL157C 11 815
YDL156W 2 28
YDL155W 0 0
YDL154W 2 170
YDL153C 0 0
YDL152W 0 0
YDL151C 0 0
YDL150W 0 0
YDL149W 3 110
YDL148C 1 1
YDL147W 0 0
YDL146W 1 1
YDL145C 0 0
YDL144C 5 363
YDL143W 0 0
YDL142C 3 160
YDL141W 2 14
YDL140C 0 0
YDL139C 1 15
YDL138W 7 113
YDL137W 3 19
YDL136W 2 13
YDL135C 2 13
YDL134C 0 0
YDL133C-A 2 15
YDL133W 1 21
YDL132W 0 0
YDL131W 6 44
YDL130W-A 10 89
YDL130W 0 0
YDL129W 0 0
YDL128W 1 21
YDL127W 5 247
YDL126C 0 0
YDL125C 15 421
YDL124W 22 1992
YDL123W 8 270
YDL122W 2 12
YDL121C 7 74
YDL120W 0 0
YDL119C 1 6
YDL118W 2 48
YDL117W 1 8
YDL116W 0 0
YDL115C 0 0
YDL114W-A 0 0
YDL114W 0 0
YDL113C 1 3
YDL112W 0 0
YDL111C 0 0
YDL110C 3 186
YDL109C 3 16
YDL108W 0 0
YDL107W 0 0
YDL106C 1 8
YDL105W 1 32
YDL104C 6 59
YDL103C 3 57
YDL102W 2 6
YDL101C 4 35
YDL100C 7 229
YDL099W 2 10
YDL098C 0 0
YDL097C 2 14
YDL096C 2 14
YDL095W 2 3
YDL094C 1 79
YDL093W 7 214
YDL092W 0 0
YDL091C 0 0
YDL090C 2 56
YDL089W 2 8
YDL088C 3 56
YDL087C 0 0
YDL086W 1 21
YDL086C-A 1 11
YDL085C-A 4 14
YDL085W 7 42
YDL084W 0 0
YDL083C 1 21
YDL082W 0 0
YDL081C 0 0
YDL080C 1 40
YDL079C 4 18
YDL078C 2 144
YDL077C 1 4
YDL076C 0 0
YDL075W 0 0
YDL074C 2 2
YDL073W 6 21
YDL072C 2 56
YDL071C 1 1
YDL070W 4 52
YDL069C 0 0
YDL068W 2 7
YDL067C 3 11
YDL066W 9 80
YDL065C 4 14
YDL064W 1 13
YDL063C 0 0
YDL062W 3 47
YDL061C 0 0
YDL060W 0 0
YDL059C 1 1
YDL058W 0 0
YDL057W 1 4
YDL056W 0 0
YDL055C 0 0
YDL054C 2 12
YDL053C 1 20
YDL052C 1 4
YDL051W 3 30
YDL050C 2 20
YDL049C 5 45
YDL048C 7 210
YDL047W 0 0
YDL046W 2 7
YDL045W-A 6 38
YDL045C 0 0
YDL044C 4 53
YDL043C 0 0
YDL042C 14 900
YDL041W 4 63
YDL040C 5 91
YDL039C 4 31
YDL037C 1 2
YDL036C 4 81
YDL035C 1 6
YDL034W 2 3
YDL033C 1 2
YDL032W 3 123
YDL031W 0 0
YDL030W 1 4
YDL029W 0 0
YDL028C 2 15
YDL027C 3 8
YDL026W 2 8
YDL025C 0 0
YDL025W-A 0 0
YDL024C 0 0
YDL022C-A 2 16
YDL023C 4 35
YDL022W 5 73
YDL021W 6 2361
YDL020C 1 2
YDL019C 0 0
YDL018C 3 56
YDL017W 1 7
YDL016C 1 25
YDL015C 0 0
YDL014W 0 0
YDL013W 0 0
YDL012C 14 306
YDL011C 0 0
YDL010W 4 31
YDL009C 1 2
YDL008W 3 54
YDL007C-A 4 13
YDL007W 0 0
YDL006W 0 0
YDL005C 1 1
YDL004W 0 0
YDL003W 1 4
YDL002C 1 1
YDL001W 3 11
YDR001C 6 41
YDR002W 0 0
YDR003W 4 70
YDR003W-A 1 17
YDR004W 9 132
YDR005C 0 0
YDR006C 2 17
YDR007W 8 31
YDR008C 6 212
YDR009W 10 792
YDR010C 6 66
YDR011W 0 0
YDR012W 3 111
YDR013W 0 0
YDR014W 0 0
YDR014W-A 2 13
YDR015C 1 9
YDR016C 0 0
YDR017C 0 0
YDR018C 7 69
YDR019C 4 297
YDR020C 1 2
YDR021W 0 0
YDR022C 15 777
YDR023W 1 6
YDR024W 0 0
YDR025W 0 0
YDR026C 0 0
YDR027C 0 0
YDR028C 0 0
YDR029W 0 0
YDR030C 6 221
YDR031W 6 61
YDR032C 1 6
YDR033W 0 0
YDR034C 4 15
YDR034C-A 0 0
YDR034W-B 0 0
YDR035W 6 214
YDR036C 0 0
YDR037W 0 0
YDR038C 0 0
YDR039C 0 0
YDR040C 5 36
YDR041W 1 3
YDR042C 1 4
YDR043C 1 4
YDR044W 1 1
YDR045C 0 0
YDR046C 2 22
YDR047W 0 0
YDR048C 4 34
YDR049W 5 132
YDR050C 0 0
YDR051C 4 19
YDR052C 0 0
YDR053W 0 0
YDR054C 0 0
YDR055W 2 5
YDR056C 3 11
YDR057W 8 140
YDR058C 9 374
YDR059C 1 121
YDR060W 0 0
YDR061W 0 0
YDR062W 0 0
YDR063W 4 73
YDR064W 0 0
YDR065W 4 15
YDR066C 0 0
YDR067C 7 122
YDR068W 3 48
YDR069C 4 26
YDR070C 1 1
YDR071C 3 35
YDR072C 3 36
YDR073W 3 50
YDR074W 0 0
YDR075W 2 24
YDR076W 2 7
YDR077W 6 48
YDR078C 4 17
YDR079W 2 2
YDR079C-A 0 0
YDR080W 0 0
YDR081C 0 0
YDR082W 0 0
YDR083W 1 1
YDR084C 5 105
YDR085C 2 19
YDR086C 0 0
YDR087C 0 0
YDR088C 0 0
YDR089W 3 10
YDR090C 2 16
YDR091C 0 0
YDR092W 0 0
YDR093W 1 4
YDR094W 26 1034
YDR095C 3 7
YDR096W 0 0
YDR097C 0 0
YDR098C 17 175
YDR099W 3 23
YDR100W 9 96
YDR101C 0 0
YDR102C 3 6
YDR103W 4 68
YDR104C 1 9
YDR105C 0 0
YDR106W 4 711
YDR107C 1 12
YDR108W 1 2
YDR109C 11 509
YDR110W 2 11
YDR111C 6 42
YDR112W 2 13
YDR113C 0 0
YDR114C 0 0
YDR115W 1 1
YDR116C 0 0
YDR117C 0 0
YDR118W 1 2
YDR118W-A 1 9
YDR119W 1 2
YDR119W-A 6 89
YDR120C 2 6
YDR121W 0 0
YDR122W 0 0
YDR123C 1 2
YDR124W 6 87
YDR125C 3 17
YDR126W 2 16
YDR127W 1 2
YDR128W 2 35
YDR129C 0 0
YDR130C 6 77
YDR131C 1 3
YDR132C 3 55
YDR133C 1 11
YDR135C 2 63
YDR136C 1 12
YDR137W 0 0
YDR138W 1 1
YDR139C 1 1
YDR140W 0 0
YDR141C 0 0
YDR142C 8 51
YDR143C 0 0
YDR144C 0 0
YDR145W 0 0
YDR146C 2 6
YDR147W 2 32
YDR148C 3 20
YDR149C 3 17
YDR150W 1 1
YDR151C 3 17
YDR152W 4 59
YDR153C 4 46
YDR154C 5 47
YDR155C 3 90
YDR156W 0 0
YDR157W 5 117
YDR158W 0 0
YDR159W 0 0
YDR160W 0 0
YDR161W 0 0
YDR162C 0 0
YDR163W 2 15
YDR164C 0 0
YDR165W 1 1
YDR166C 0 0
YDR167W 0 0
YDR168W 1 7
YDR169C 1 12
YDR169C-A 3 81
YDR170C 0 0
YDR171W 7 30
YDR172W 0 0
YDR173C 4 24
YDR174W 2 7
YDR175C 2 5
YDR176W 2 9
YDR177W 3 5
YDR178W 4 41
YDR179C 7 123
YDR179W-A 0 0
YDR180W 0 0
YDR181C 2 2
YDR182W 0 0
YDR182W-A 1 15
YDR183W 5 101
YDR183C-A 0 0
YDR184C 1 2
YDR185C 1 1
YDR186C 12 1393
YDR187C 7 43
YDR188W 1 1
YDR189W 0 0
YDR190C 0 0
YDR191W 3 14
YDR192C 2 24
YDR193W 1 1
YDR194C 1 5
YDR194W-A 1 5
YDR195W 0 0
YDR196C 0 0
YDR197W 2 10
YDR198C 8 694
YDR199W 6 165
YDR200C 0 0
YDR201W 4 32
YDR202C 7 70
YDR203W 1 16
YDR204W 4 44
YDR205W 15 146
YDR206W 0 0
YDR207C 0 0
YDR208W 0 0
YDR209C 0 0
YDR210W 4 108
YDR211W 2 17
YDR212W 0 0
YDR213W 3 13
YDR214W 1 56
YDR215C 3 10
YDR216W 3 11
YDR217C 4 59
YDR218C 1 1
YDR219C 0 0
YDR220C 0 0
YDR221W 4 73
YDR222W 2 32
YDR223W 0 0
YDR224C 2 20
YDR225W 0 0
YDR226W 0 0
YDR227W 1 12
YDR228C 0 0
YDR229W 1 1
YDR230W 0 0
YDR231C 18 1042
YDR232W 0 0
YDR233C 13 257
YDR234W 5 14
YDR235W 0 0
YDR236C 1 1
YDR237W 0 0
YDR238C 0 0
YDR239C 1 5
YDR240C 4 43
YDR241W 0 0
YDR242W 1 11
YDR243C 1 8
YDR244W 4 16
YDR245W 0 0
YDR246W 0 0
YDR246W-A 15 218
YDR247W 0 0
YDR248C 1 49
YDR249C 4 63
YDR250C 2 19
YDR251W 0 0
YDR252W 5 81
YDR253C 0 0
YDR254W 0 0
YDR255C 3 65
YDR256C 3 54
YDR257C 2 13
YDR258C 14 174
YDR259C 0 0
YDR260C 9 113
YDR261C 0 0
YDR262W 6 50
YDR263C 1 1
YDR264C 4 30
YDR265W 4 270
YDR266C 1 2
YDR267C 0 0
YDR268W 0 0
YDR269C 1 9
YDR270W 1 3
YDR271C 4 115
YDR272W 1 1
YDR273W 1 3
YDR274C 21 415
YDR275W 13 544
YDR276C 0 0
YDR277C 6 265
YDR278C 2 6
YDR279W 2 5
YDR280W 0 0
YDR281C 0 0
YDR282C 13 606
YDR283C 1 1
YDR284C 0 0
YDR285W 1 1
YDR286C 2 14
YDR287W 0 0
YDR288W 0 0
YDR289C 2 11
YDR290W 0 0
YDR291W 0 0
YDR292C 0 0
YDR293C 2 26
YDR294C 2 23
YDR295C 0 0
YDR296W 0 0
YDR297W 2 107
YDR298C 0 0
YDR299W 0 0
YDR300C 0 0
YDR301W 1 3
YDR302W 0 0
YDR303C 0 0
YDR304C 4 55
YDR305C 10 294
YDR306C 9 502
YDR307W 3 62
YDR308C 0 0
YDR309C 3 35
YDR310C 0 0
YDR311W 1 1
YDR312W 4 311
YDR313C 4 97
YDR314C 1 4
YDR315C 8 65
YDR316W 9 47
YDR317W 2 2
YDR318W 0 0
YDR319C 1 17
YDR320C 1 23
YDR320C-A 1 3
YDR320W-B 1 1
YDR321W 5 117
YDR322W 2 4
YDR322C-A 5 41
YDR323C 1 1
YDR324C 0 0
YDR325W 3 20
YDR326C 2 56
YDR327W 13 561
YDR328C 0 0
YDR329C 6 50
YDR330W 0 0
YDR331W 1 3
YDR332W 6 122
YDR333C 5 488
YDR334W 0 0
YDR335W 0 0
YDR336W 4 399
YDR337W 0 0
YDR338C 3 27
YDR339C 3 25
YDR340W 4 41
YDR341C 0 0
YDR342C 0 0
YDR343C 0 0
YDR344C 4 11
YDR345C 0 0
YDR346C 0 0
YDR347W 0 0
YDR348C 1 7
YDR349C 0 0
YDR350C 3 12
YDR351W 0 0
YDR352W 1 2
YDR353W 1 4
YDR354W 0 0
YDR354C-A 0 0
YDR355C 0 0
YDR356W 2 5
YDR357C 2 11
YDR358W 1 19
YDR359C 0 0
YDR360W 0 0
YDR361C 1 1
YDR362C 0 0
YDR363W 0 0
YDR363W-A 5 77
YDR364C 0 0
YDR365C 2 7
YDR366C 0 0
YDR367W 1 1
YDR368W 0 0
YDR369C 3 37
YDR370C 4 141
YDR371W 2 25
YDR371C-A 2 14
YDR372C 1 12
YDR373W 0 0
YDR374C 2 11
YDR374W-A 8 319
YDR375C 12 132
YDR376W 0 0
YDR377W 0 0
YDR378C 0 0
YDR379W 0 0
YDR379C-A 9 123
YDR380W 4 32
YDR381W 0 0
YDR381C-A 1 1
YDR382W 2 6
YDR383C 7 303
YDR384C 0 0
YDR385W 4 71
YDR386W 10 88
YDR387C 2 13
YDR388W 2 15
YDR389W 0 0
YDR390C 3 12
YDR391C 3 70
YDR392W 3 15
YDR393W 7 90
YDR394W 0 0
YDR395W 0 0
YDR396W 3 25
YDR397C 0 0
YDR398W 2 27
YDR399W 8 75
YDR400W 1 2
YDR401W 1 4
YDR402C 0 0
YDR403W 0 0
YDR404C 0 0
YDR405W 1 6
YDR406W 16 176
YDR406W-A 0 0
YDR407C 0 0
YDR408C 0 0
YDR409W 1 26
YDR410C 0 0
YDR411C 8 359
YDR412W 1 7
YDR413C 4 55
YDR414C 0 0
YDR415C 0 0
YDR416W 0 0
YDR417C 0 0
YDR418W 0 0
YDR419W 3 241
YDR420W 1 4
YDR421W 1 3
YDR422C 1 5
YDR423C 7 134
YDR424C 5 526
YDR425W 2 6
YDR426C 6 457
YDR427W 0 0
YDR428C 2 19
YDR429C 2 9
YDR430C 1 10
YDR431W 1 1
YDR432W 0 0
YDR433W 0 0
YDR434W 0 0
YDR435C 4 51
YDR436W 0 0
YDR437W 0 0
YDR438W 4 55
YDR439W 0 0
YDR440W 2 3
YDR441C 4 118
YDR442W 2 80
YDR443C 0 0
YDR444W 2 10
YDR445C 0 0
YDR446W 3 32
YDR447C 0 0
YDR448W 0 0
YDR449C 0 0
YDR450W 0 0
YDR451C 1 33
YDR452W 1 2
YDR453C 2 4
YDR454C 0 0
YDR455C 2 9
YDR456W 2 15
YDR457W 0 0
YDR458C 1 13
YDR459C 0 0
YDR460W 0 0
YDR461W 6 118
YDR461C-A 8 187
YDR462W 0 0
YDR463W 15 738
YDR464W 0 0
YDR464C-A 0 0
YDR465C 6 116
YDR466W 2 285
YDR467C 0 0
YDR468C 2 6
YDR469W 3 13
YDR470C 0 0
YDR471W 3 19
YDR472W 0 0
YDR473C 2 5
YDR475C 1 21
YDR476C 18 1749
YDR477W 0 0
YDR478W 2 64
YDR479C 6 38
YDR480W 0 0
YDR481C 5 84
YDR482C 7 103
YDR483W 1 29
YDR484W 0 0
YDR485C 0 0
YDR486C 6 146
YDR487C 0 0
YDR488C 0 0
YDR489W 0 0
YDR490C 0 0
YDR491C 0 0
YDR492W 5 75
YDR493W 0 0
YDR494W 3 65
YDR495C 1 4
YDR496C 1 1
YDR497C 5 228
YDR498C 0 0
YDR499W 0 0
YDR500C 3 34
YDR501W 2 59
YDR502C 7 79
YDR503C 1 1
YDR504C 1 3
YDR505C 3 84
YDR506C 3 188
YDR507C 4 32
YDR508C 0 0
YDR509W 2 55
YDR510W 0 0
YDR510C-A 7 146
YDR511W 0 0
YDR512C 0 0
YDR513W 5 65
YDR514C 2 53
YDR515W 1 19
YDR516C 13 380
YDR517W 0 0
YDR518W 1 33
YDR519W 4 53
YDR520C 0 0
YDR521W 0 0
YDR522C 9 156
YDR523C 0 0
YDR524C 4 92
YDR524W-C 3 47
YDR524C-B 2 9
YDR524C-A 3 14
YDR525W 2 9
YDR525W-A 23 1775
YDR526C 3 4
YDR527W 0 0
YDR528W 0 0
YDR529C 2 9
YDR530C 3 18
YDR531W 2 20
YDR532C 1 19
YDR533C 5 76
YDR534C 0 0
YDR535C 11 396
YDR536W 7 67
YDR537C 4 93
YDR538W 0 0
YDR539W 2 31
YDR540C 0 0
YDR541C 3 60
YDR542W 1 15
YDR543C 2 7
YDR544C 0 0
YDR545W 0 0
YDR545C-A 0 0
YEL077C 0 0
YEL077W-A 0 0
YEL076C-A 0 0
YEL076C 0 0
YEL075W-A 0 0
YEL075C 0 0
YEL074W 0 0
YEL073C 1 7
YEL072W 2 22
YEL071W 0 0
YEL070W 0 0
YEL069C 1 17
YEL068C 7 200
YEL067C 3 109
YEL066W 14 1342
YEL065W 8 139
YEL064C 4 175
YEL063C 1 2
YEL062W 5 165
YEL061C 0 0
YEL060C 6 50
YEL059C-A 4 81
YEL059W 1 2
YEL058W 0 0
YEL057C 2 17
YEL056W 1 31
YEL055C 0 0
YEL054C 0 0
YEL053W-A 0 0
YEL053C 0 0
YEL052W 3 34
YEL051W 0 0
YEL050W-A 7 142
YEL050C 2 10
YEL049W 3 7
YEL048C 1 2
YEL047C 4 64
YEL046C 3 21
YEL045C 11 225
YEL044W 0 0
YEL043W 4 34
YEL042W 3 288
YEL041W 0 0
YEL040W 2 26
YEL039C 4 14
YEL038W 9 73
YEL037C 3 12
YEL036C 0 0
YEL035C 2 19
YEL034C-A 5 98
YEL034W 2 19
YEL033W 1 1
YEL032W 0 0
YEL032C-A 0 0
YEL031W 6 80
YEL030C-A 0 0
YEL030W 1 14
YEL029C 0 0
YEL028W 2 16
YEL027W 0 0
YEL026W 0 0
YEL025C 9 135
YEL024W 0 0
YEL023C 4 24
YEL022W 0 0
YEL021W 7 38
YEL020C-B 1 3
YEL020W-A 0 0
YEL020C 5 430
YEL019C 2 19
YEL018C-A 0 0
YEL018W 4 26
YEL017C-A 5 97
YEL017W 13 384
YEL016C 1 3
YEL015W 1 17
YEL014C 1 3
YEL013W 0 0
YEL012W 0 0
YEL011W 5 40
YEL010W 2 10
YEL009C-A 0 0
YEL009C 0 0
YEL008W 4 122
YEL008C-A 13 882
YEL007W 8 309
YEL006W 4 69
YEL005C 14 283
YEL004W 7 411
YEL003W 10 46
YEL002C 2 17
YEL001C 10 434
YER001W 5 22
YER002W 1 1
YER003C 1 5
YER004W 9 76
YER005W 2 3
YER006W 0 0
YER006C-A 4 24
YER007W 4 24
YER007C-A 0 0
YER008C 0 0
YER009W 0 0
YER010C 4 44
YER011W 0 0
YER012W 0 0
YER013W 0 0
YER014W 1 1
YER014C-A 0 0
YER015W 3 5
YER016W 1 17
YER017C 0 0
YER018C 0 0
YER019W 2 66
YER019C-A 13 118
YER020W 3 278
YER021W 0 0
YER022W 0 0
YER023W 0 0
YER023C-A 0 0
YER024W 1 6
YER025W 0 0
YER026C 0 0
YER027C 7 919
YER028C 2 30
YER029C 0 0
YER030W 6 110
YER031C 0 0
YER032W 4 26
YER033C 13 530
YER034W 10 811
YER035W 11 615
YER036C 0 0
YER037W 8 219
YER038C 2 60
YER038W-A 1 26
YER039C 2 16
YER039C-A 10 206
YER040W 0 0
YER041W 2 7
YER042W 3 114
YER043C 1 1
YER044C 0 0
YER044C-A 1 8
YER045C 4 30
YER046W 0 0
YER046W-A 2 12
YER047C 0 0
YER048C 1 5
YER048W-A 0 0
YER049W 1 48
YER050C 0 0
YER051W 2 19
YER052C 0 0
YER053C 7 244
YER053C-A 6 163
YER054C 2 26
YER055C 0 0
YER056C 1 2
YER056C-A 0 0
YER057C 3 6
YER058W 7 41
YER059W 0 0
YER060W 0 0
YER060W-A 2 16
YER061C 3 37
YER062C 2 136
YER063W 1 6
YER064C 2 89
YER065C 1 6
YER066W 0 0
YER066C-A 4 45
YER067W 1 19
YER067C-A 3 39
YER068W 0 0
YER068C-A 1 14
YER069W 8 74
YER070W 0 0
YER071C 0 0
YER072W 8 142
YER073W 4 19
YER074W 0 0
YER074W-A 0 0
YER075C 2 2
YER076C 2 77
YER076W-A 0 0
YER077C 1 25
YER078C 1 42
YER078W-A 5 89
YER079W 3 33
YER079C-A 2 39
YER080W 9 283
YER081W 1 11
YER082C 1 11
YER083C 7 58
YER084W 1 6
YER084W-A 0 0
YER085C 1 2
YER086W 0 0
YER087W 2 14
YER087C-A 4 76
YER087C-B 7 87
YER088C 9 182
YER088C-A 6 36
YER088W-B 32 1878
YER089C 1 30
YER090W 1 12
YER090C-A 1 10
YER091C 0 0
YER091C-A 8 115
YER092W 6 81
YER093C 0 0
YER093C-A 7 66
YER094C 0 0
YER095W 1 4
YER096W 0 0
YER097W 10 696
YER098W 4 75
YER099C 2 12
YER100W 0 0
YER101C 5 61
YER102W 0 0
YER103W 0 0
YER104W 1 6
YER105C 1 1
YER106W 3 14
YER107C 1 1
YER107W-A 0 0
YER109C 2 9
YER110C 2 9
YER111C 0 0
YER112W 0 0
YER113C 2 14
YER114C 0 0
YER115C 1 18
YER116C 0 0
YER117W 0 0
YER118C 1 3
YER119C 7 154
YER119C-A 1 23
YER120W 1 1
YER121W 7 140
YER122C 0 0
YER123W 3 30
YER124C 2 27
YER125W 0 0
YER126C 0 0
YER127W 0 0
YER128W 4 12
YER129W 0 0
YER130C 1 1
YER131W 2 23
YER132C 1 45
YER133W 0 0
YER133W-A 0 0
YER134C 4 67
YER135C 0 0
YER136W 0 0
YER137C 3 10
YER137W-A 2 15
YER138W-A 0 0
YER139C 0 0
YER140W 4 41
YER141W 1 4
YER142C 2 20
YER143W 2 4
YER144C 11 320
YER145C 6 77
YER145C-A 4 8
YER146W 2 8
YER147C 5 28
YER147C-A 0 0
YER148W 0 0
YER148W-A 0 0
YER149C 3 47
YER150W 2 31
YER151C 1 1
YER152C 0 0
YER152W-A 4 115
YER153C 6 22
YER154W 6 77
YER155C 5 20
YER156C 11 311
YER157W 0 0
YER158C 2 9
YER158W-A 16 522
YER159C 1 7
YER161C 1 26
YER162C 11 98
YER163C 1 150
YER164W 0 0
YER165W 0 0
YER165C-A 1 2
YER166W 0 0
YER167W 1 10
YER168C 0 0
YER169W 4 27
YER170W 9 56
YER171W 0 0
YER172C 1 2
YER172C-A 4 125
YER173W 1 2
YER174C 3 17
YER175C 6 58
YER175W-A 2 97
YER176W 9 249
YER177W 1 1
YER178W 8 78
YER179W 1 16
YER180C 3 31
YER180C-A 5 86
YER181C 0 0
YER182W 2 101
YER183C 3 58
YER184C 0 0
YER185W 2 29
YER186C 7 116
YER187W 5 13
YER188W 0 0
YER188C-A 0 0
YER189W 0 0
YER190W 0 0
YER190C-A 0 0
YER190C-B 0 0
YFL068W 0 0
YFL067W 0 0
YFL066C 0 0
YFL065C 0 0
YFL064C 0 0
YFL063W 1 2
YFL062W 1 1
YFL061W 0 0
YFL060C 1 3
YFL059W 1 1
YFL058W 0 0
YFL057C 0 0
YFL056C 1 1
YFL055W 2 35
YFL054C 1 9
YFL053W 0 0
YFL052W 4 30
YFL051C 2 16
YFL050C 0 0
YFL049W 3 122
YFL048C 8 151
YFL047W 8 542
YFL046W 2 28
YFL045C 0 0
YFL044C 1 29
YFL042C 4 56
YFL041W-A 3 27
YFL041W 4 265
YFL040W 0 0
YFL039C 2 2
YFL038C 0 0
YFL037W 1 6
YFL036W 2 12
YFL034C-B 3 20
YFL034C-A 3 11
YFL034W 0 0
YFL033C 5 144
YFL032W 0 0
YFL031W 1 9
YFL031C-A 1 1
YFL030W 0 0
YFL029C 0 0
YFL028C 7 286
YFL027C 0 0
YFL026W 0 0
YFL025C 0 0
YFL024C 0 0
YFL023W 1 1
YFL022C 0 0
YFL021C-A 2 35
YFL021W 17 659
YFL020C 0 0
YFL019C 0 0
YFL018C 3 6
YFL017W-A 0 0
YFL017C 2 4
YFL016C 1 1
YFL015W-A 9 624
YFL015C 2 23
YFL014W 0 0
YFL013W-A 3 47
YFL013C 4 34
YFL012W-A 1 18
YFL012W 0 0
YFL011W 0 0
YFL010W-A 0 0
YFL010C 3 9
YFL009W 0 0
YFL008W 0 0
YFL007W 0 0
YFL005W 0 0
YFL004W 3 48
YFL003C 2 6
YFL002C 1 7
YFL001W 2 25
YFR001W 0 0
YFR002W 0 0
YFR003C 0 0
YFR004W 0 0
YFR005C 0 0
YFR006W 7 167
YFR007W 4 48
YFR008W 0 0
YFR009W 1 2
YFR009W-A 2 74
YFR010W 3 25
YFR010W-A 4 57
YFR011C 9 358
YFR012W 1 1
YFR012W-A 5 20
YFR013W 0 0
YFR014C 1 15
YFR015C 5 47
YFR016C 1 1
YFR017C 9 80
YFR018C 3 12
YFR019W 5 171
YFR020W 0 0
YFR021W 0 0
YFR022W 1 7
YFR023W 1 12
YFR024C-A 9 397
YFR025C 3 55
YFR026C 0 0
YFR027W 1 3
YFR028C 0 0
YFR029W 18 1065
YFR030W 4 61
YFR031C 2 27
YFR031C-A 2 17
YFR032C 6 179
YFR032C-A 1 3
YFR032C-B 1 1
YFR033C 11 630
YFR034C 4 50
YFR034W-A 1 19
YFR035C 14 190
YFR036W 5 96
YFR036W-A 11 309
YFR037C 0 0
YFR038W 4 115
YFR039C 0 0
YFR040W 1 5
YFR041C 0 0
YFR042W 0 0
YFR043C 2 3
YFR044C 1 7
YFR045W 1 2
YFR046C 1 1
YFR047C 4 147
YFR048W 6 215
YFR049W 2 40
YFR050C 1 2
YFR051C 3 341
YFR052W 1 1
YFR052C-A 3 35
YFR053C 3 49
YFR054C 3 11
YFR056C 2 10
YFR055W 0 0
YFR057W 0 0
YGL263W 11 159
YGL262W 1 1
YGL261C 0 0
YGL260W 1 7
YGL259W 4 48
YGL258W-A 0 0
YGL258W 0 0
YGL257C 0 0
YGL256W 0 0
YGL255W 0 0
YGL254W 7 324
YGL253W 4 60
YGL252C 9 515
YGL251C 3 26
YGL250W 1 40
YGL249W 0 0
YGL248W 2 56
YGL247W 0 0
YGL246C 1 8
YGL245W 0 0
YGL244W 0 0
YGL243W 5 92
YGL242C 3 41
YGL241W 14 1284
YGL240W 4 55
YGL239C 3 48
YGL238W 0 0
YGL237C 1 1
YGL236C 5 111
YGL235W 3 6
YGL234W 0 0
YGL233W 0 0
YGL232W 1 16
YGL231C 1 3
YGL230C 0 0
YGL229C 0 0
YGL228W 3 59
YGL227W 1 4
YGL226C-A 3 57
YGL226W 3 17
YGL225W 6 109
YGL224C 2 16
YGL223C 1 11
YGL222C 3 36
YGL221C 7 279
YGL220W 6 278
YGL219C 0 0
YGL218W 1 3
YGL217C 5 26
YGL216W 1 2
YGL215W 0 0
YGL214W 1 37
YGL213C 0 0
YGL212W 1 13
YGL211W 3 37
YGL210W 2 7
YGL209W 0 0
YGL208W 11 609
YGL207W 0 0
YGL206C 2 9
YGL205W 3 54
YGL204C 0 0
YGL203C 1 33
YGL202W 2 8
YGL201C 0 0
YGL200C 1 6
YGL199C 0 0
YGL198W 4 97
YGL197W 0 0
YGL196W 0 0
YGL195W 0 0
YGL194C-A 1 37
YGL194C 2 14
YGL193C 3 24
YGL192W 0 0
YGL191W 5 37
YGL190C 1 1
YGL189C 0 0
YGL188C-A 0 0
YGL188C 7 42
YGL187C 1 1
YGL186C 3 16
YGL185C 3 27
YGL184C 5 43
YGL183C 4 24
YGL182C 6 89
YGL181W 2 2
YGL180W 0 0
YGL179C 1 26
YGL178W 1 5
YGL177W 10 144
YGL176C 3 53
YGL175C 1 56
YGL174W 0 0
YGL173C 0 0
YGL172W 0 0
YGL171W 1 3
YGL170C 3 55
YGL169W 0 0
YGL168W 3 5
YGL167C 0 0
YGL166W 12 328
YGL165C 0 0
YGL164C 1 45
YGL163C 2 5
YGL162W 6 162
YGL161C 2 8
YGL160W 0 0
YGL159W 5 67
YGL158W 3 50
YGL157W 2 13
YGL156W 2 16
YGL155W 0 0
YGL154C 5 20
YGL153W 5 36
YGL152C 3 21
YGL151W 1 5
YGL150C 0 0
YGL149W 0 0
YGL148W 0 0
YGL147C 0 0
YGL146C 1 15
YGL145W 0 0
YGL144C 7 68
YGL143C 5 107
YGL142C 0 0
YGL141W 2 5
YGL140C 3 14
YGL139W 4 32
YGL138C 2 31
YGL137W 0 0
YGL136C 8 90
YGL135W 0 0
YGL134W 2 24
YGL133W 0 0
YGL132W 1 8
YGL131C 0 0
YGL130W 0 0
YGL129C 3 39
YGL128C 0 0
YGL127C 0 0
YGL126W 5 36
YGL125W 2 4
YGL124C 3 24
YGL123W 0 0
YGL123C-A 0 0
YGL122C 1 2
YGL121C 9 138
YGL120C 0 0
YGL119W 0 0
YGL118C 4 33
YGL117W 4 21
YGL116W 0 0
YGL115W 0 0
YGL114W 3 53
YGL113W 1 3
YGL112C 0 0
YGL111W 2 16
YGL110C 7 119
YGL109W 7 119
YGL108C 13 110
YGL107C 0 0
YGL106W 0 0
YGL105W 0 0
YGL104C 4 211
YGL103W 0 0
YGL102C 8 46
YGL101W 10 242
YGL100W 1 14
YGL099W 0 0
YGL098W 0 0
YGL097W 3 18
YGL096W 1 1
YGL095C 0 0
YGL094C 2 7
YGL093W 7 178
YGL092W 0 0
YGL091C 0 0
YGL090W 2 11
YGL089C 2 77
YGL088W 25 802
YGL087C 5 18
YGL086W 6 24
YGL085W 2 6
YGL084C 0 0
YGL083W 2 19
YGL082W 4 128
YGL081W 5 53
YGL080W 2 21
YGL079W 5 36
YGL078C 0 0
YGL077C 1 8
YGL076C 1 3
YGL075C 0 0
YGL074C 4 27
YGL073W 1 7
YGL072C 7 43
YGL071W 0 0
YGL070C 0 0
YGL069C 0 0
YGL068W 2 9
YGL067W 0 0
YGL066W 1 9
YGL065C 0 0
YGL064C 4 22
YGL063W 8 522
YGL063C-A 17 737
YGL062W 14 837
YGL061C 0 0
YGL060W 0 0
YGL059W 10 617
YGL058W 1 3
YGL057C 11 328
YGL056C 3 19
YGL055W 0 0
YGL054C 2 25
YGL053W 3 10
YGL052W 2 4
YGL051W 0 0
YGL050W 13 2061
YGL049C 1 22
YGL048C 0 0
YGL047W 0 0
YGL045W 3 41
YGL044C 0 0
YGL043W 3 43
YGL042C 3 8
YGL041C-B 0 0
YGL041W-A 5 97
YGL041C 1 8
YGL040C 0 0
YGL039W 2 7
YGL038C 0 0
YGL037C 0 0
YGL036W 8 62
YGL035C 5 48
YGL034C 4 93
YGL033W 0 0
YGL032C 1 1
YGL031C 0 0
YGL030W 0 0
YGL029W 0 0
YGL028C 0 0
YGL027C 4 18
YGL026C 6 326
YGL025C 1 13
YGL024W 1 5
YGL023C 6 22
YGL022W 0 0
YGL021W 4 26
YGL020C 4 410
YGL019W 1 5
YGL018C 0 0
YGL017W 7 105
YGL016W 1 15
YGL015C 0 0
YGL014W 0 0
YGL014C-A 1 22
YGL013C 0 0
YGL012W 1 1
YGL011C 1 5
YGL010W 2 8
YGL009C 0 0
YGL008C 0 0
YGL007C-A 2 17
YGL007W 2 14
YGL006W-A 7 526
YGL006W 2 41
YGL005C 9 589
YGL004C 10 57
YGL003C 2 19
YGL002W 6 632
YGL001C 0 0
YGR001C 5 54
YGR002C 0 0
YGR003W 14 1401
YGR004W 3 12
YGR005C 1 3
YGR006W 0 0
YGR007W 9 331
YGR008C 4 15
YGR009C 0 0
YGR010W 0 0
YGR011W 2 13
YGR012W 4 170
YGR013W 3 7
YGR014W 0 0
YGR015C 9 633
YGR016W 9 288
YGR017W 1 1
YGR018C 9 104
YGR019W 0 0
YGR020C 0 0
YGR021W 13 692
YGR022C 1 29
YGR023W 7 123
YGR024C 1 8
YGR025W 0 0
YGR026W 1 2
YGR027C 1 2
YGR028W 6 171
YGR029W 0 0
YGR030C 1 1
YGR031W 4 88
YGR031C-A 13 1810
YGR032W 1 6
YGR033C 0 0
YGR034W 2 13
YGR035C 5 196
YGR035W-A 13 540
YGR036C 2 3
YGR037C 2 30
YGR038W 1 1
YGR039W 6 64
YGR040W 3 43
YGR041W 0 0
YGR042W 10 154
YGR043C 8 143
YGR044C 5 29
YGR045C 16 2617
YGR046W 1 1
YGR047C 2 4
YGR048W 0 0
YGR049W 2 13
YGR050C 8 346
YGR051C 9 86
YGR052W 2 135
YGR053C 2 83
YGR054W 2 11
YGR055W 1 4
YGR056W 2 14
YGR057C 0 0
YGR058W 4 265
YGR059W 0 0
YGR060W 0 0
YGR061C 0 0
YGR062C 1 9
YGR063C 3 26
YGR064W 2 33
YGR065C 2 17
YGR066C 1 36
YGR067C 3 13
YGR068C 6 98
YGR068W-A 6 326
YGR069W 0 0
YGR070W 0 0
YGR071C 9 221
YGR072W 1 6
YGR073C 0 0
YGR074W 0 0
YGR075C 0 0
YGR076C 1 1
YGR077C 3 28
YGR078C 1 2
YGR079W 9 458
YGR080W 4 232
YGR081C 1 5
YGR082W 1 13
YGR083C 0 0
YGR084C 7 1067
YGR085C 0 0
YGR086C 4 37
YGR087C 0 0
YGR088W 5 38
YGR089W 0 0
YGR090W 0 0
YGR091W 1 2
YGR092W 1 12
YGR093W 2 46
YGR094W 0 0
YGR095C 0 0
YGR096W 7 171
YGR097W 0 0
YGR098C 0 0
YGR099W 2 32
YGR100W 0 0
YGR101W 1 30
YGR102C 3 8
YGR103W 0 0
YGR104C 0 0
YGR105W 0 0
YGR106C 5 45
YGR107W 3 48
YGR108W 2 6
YGR109C 0 0
YGR110W 0 0
YGR111W 6 37
YGR112W 1 2
YGR113W 0 0
YGR114C 0 0
YGR115C 4 41
YGR116W 0 0
YGR117C 3 29
YGR118W 0 0
YGR119C 1 1
YGR120C 0 0
YGR121C 2 13
YGR121W-A 7 128
YGR122W 5 173
YGR122C-A 3 179
YGR123C 0 0
YGR124W 6 59
YGR125W 3 26
YGR126W 0 0
YGR127W 4 96
YGR128C 0 0
YGR129W 1 1
YGR130C 5 43
YGR131W 1 29
YGR132C 3 80
YGR133W 11 662
YGR134W 5 60
YGR135W 0 0
YGR136W 5 35
YGR137W 1 6
YGR138C 0 0
YGR139W 0 0
YGR140W 2 2
YGR141W 7 93
YGR142W 2 6
YGR143W 0 0
YGR144W 0 0
YGR145W 0 0
YGR146C 2 3
YGR146C-A 14 398
YGR147C 0 0
YGR148C 2 6
YGR149W 2 5
YGR150C 1 11
YGR151C 0 0
YGR152C 0 0
YGR153W 4 36
YGR154C 4 30
YGR155W 0 0
YGR156W 0 0
YGR157W 4 81
YGR158C 0 0
YGR159C 0 0
YGR160W 2 2
YGR161C 3 58
YGR161W-C 16 599
YGR162W 0 0
YGR163W 1 2
YGR164W 4 86
YGR165W 0 0
YGR166W 0 0
YGR167W 0 0
YGR168C 6 24
YGR169C 1 6
YGR169C-A 2 12
YGR170W 2 39
YGR171C 4 24
YGR172C 0 0
YGR173W 2 3
YGR174C 5 66
YGR174W-A 0 0
YGR175C 1 2
YGR176W 12 216
YGR177C 4 37
YGR178C 0 0
YGR179C 1 1
YGR180C 0 0
YGR181W 1 5
YGR182C 1 4
YGR183C 4 61
YGR184C 4 55
YGR185C 0 0
YGR186W 1 14
YGR187C 3 19
YGR188C 1 2
YGR189C 3 28
YGR190C 1 4
YGR191W 4 29
YGR192C 4 60
YGR193C 0 0
YGR194C 10 368
YGR195W 0 0
YGR196C 5 163
YGR197C 2 4
YGR198W 2 20
YGR199W 1 54
YGR200C 1 4
YGR201C 11 208
YGR202C 5 80
YGR203W 18 1750
YGR204W 2 12
YGR204C-A 1 1
YGR205W 0 0
YGR206W 5 353
YGR207C 5 30
YGR208W 0 0
YGR209C 3 26
YGR210C 0 0
YGR211W 1 10
YGR212W 10 502
YGR213C 5 61
YGR214W 0 0
YGR215W 0 0
YGR216C 0 0
YGR217W 0 0
YGR218W 0 0
YGR219W 3 40
YGR220C 2 6
YGR221C 0 0
YGR222W 4 62
YGR223C 7 109
YGR224W 5 99
YGR225W 0 0
YGR226C 0 0
YGR227W 0 0
YGR228W 2 130
YGR229C 0 0
YGR230W 6 236
YGR231C 1 27
YGR232W 3 41
YGR233C 0 0
YGR234W 2 2
YGR235C 2 18
YGR236C 8 152
YGR237C 1 18
YGR238C 7 78
YGR239C 1 1
YGR240C 0 0
YGR240C-A 1 27
YGR241C 0 0
YGR242W 1 11
YGR243W 0 0
YGR244C 2 8
YGR245C 0 0
YGR246C 1 2
YGR247W 0 0
YGR248W 3 17
YGR249W 1 3
YGR250C 6 61
YGR251W 0 0
YGR252W 0 0
YGR253C 0 0
YGR254W 2 14
YGR255C 1 1
YGR256W 7 69
YGR257C 0 0
YGR258C 7 274
YGR259C 4 214
YGR260W 7 91
YGR261C 2 10
YGR262C 0 0
YGR263C 2 38
YGR264C 0 0
YGR265W 0 0
YGR266W 6 49
YGR267C 0 0
YGR268C 3 155
YGR269W 3 44
YGR270W 2 31
YGR270C-A 1 3
YGR271W 8 289
YGR271C-A 0 0
YGR273C 0 0
YGR274C 0 0
YGR275W 1 1
YGR276C 5 68
YGR277C 0 0
YGR278W 0 0
YGR279C 3 19
YGR280C 2 11
YGR281W 2 36
YGR282C 0 0
YGR283C 6 136
YGR284C 6 45
YGR285C 0 0
YGR286C 1 6
YGR287C 9 135
YGR288W 6 151
YGR289C 0 0
YGR290W 1 55
YGR291C 0 0
YGR292W 0 0
YGR293C 0 0
YGR294W 0 0
YGR295C 5 47
YGR296W 0 0
YGR296C-A 0 0
YGR296C-B 0 0
YHL050C 0 0
YHL050W-A 0 0
YHL049C 0 0
YHL048C-A 6 208
YHL048W 2 4
YHL047C 4 12
YHL046W-A 3 108
YHL046C 0 0
YHL045W 0 0
YHL044W 6 220
YHL043W 4 167
YHL042W 1 1
YHL041W 5 31
YHL040C 5 397
YHL039W 5 30
YHL038C 6 71
YHL037C 1 52
YHL036W 6 74
YHL035C 4 56
YHL034W-A 5 186
YHL034C 0 0
YHL033C 1 20
YHL032C 10 91
YHL031C 1 6
YHL030W-A 3 16
YHL030W 9 66
YHL029C 4 94
YHL028W 6 190
YHL027W 0 0
YHL026C 13 795
YHL025W 1 15
YHL024W 3 40
YHL023C 4 53
YHL022C 2 32
YHL021C 3 16
YHL020C 0 0
YHL019W-A 9 732
YHL019C 5 40
YHL018W 12 307
YHL017W 1 53
YHL016C 0 0
YHL015W-A 6 49
YHL015W 0 0
YHL014C 6 73
YHL013C 3 46
YHL012W 3 58
YHL011C 0 0
YHL010C 1 18
YHL009C 2 26
YHL008C 0 0
YHL007C 4 102
YHL006W-A 5 27
YHL006C 6 98
YHL005C 1 1
YHL004W 0 0
YHL003C 0 0
YHL002C-A 2 2
YHL002W 7 85
YHL001W 5 229
YHR001W 0 0
YHR001W-A 8 214
YHR002W 1 3
YHR003C 2 7
YHR004C 4 114
YHR005C 0 0
YHR005C-A 0 0
YHR006W 6 129
YHR007C 0 0
YHR007C-A 20 1154
YHR008C 2 9
YHR009C 3 242
YHR010W 0 0
YHR011W 0 0
YHR012W 3 16
YHR013C 8 327
YHR014W 0 0
YHR015W 7 157
YHR016C 6 206
YHR017W 3 204
YHR018C 0 0
YHR019C 0 0
YHR020W 0 0
YHR021C 0 0
YHR021W-A 10 261
YHR022C 1 2
YHR022C-A 17 885
YHR023W 2 10
YHR024C 0 0
YHR025W 0 0
YHR026W 0 0
YHR027C 0 0
YHR028C 4 58
YHR028W-A 0 0
YHR029C 2 9
YHR030C 6 59
YHR031C 10 122
YHR032W 0 0
YHR032W-A 17 852
YHR032C-A 16 751
YHR033W 8 304
YHR034C 1 2
YHR035W 6 106
YHR036W 0 0
YHR037W 3 6
YHR038W 4 55
YHR039C 0 0
YHR039C-A 0 0
YHR040W 1 2
YHR041C 11 81
YHR042W 2 7
YHR043C 2 48
YHR044C 1 5
YHR045W 0 0
YHR046C 1 7
YHR047C 2 10
YHR048W 5 123
YHR049W 1 1
YHR049C-A 2 4
YHR050W 2 4
YHR050W-A 10 208
YHR051W 1 3
YHR052W 0 0
YHR052W-A 0 0
YHR053C 0 0
YHR054C 0 0
YHR054W-A 0 0
YHR055C 0 0
YHR056C 1 3
YHR056W-A 2 14
YHR057C 9 2994
YHR058C 0 0
YHR059W 1 7
YHR060W 2 6
YHR061C 0 0
YHR062C 0 0
YHR063C 10 1599
YHR063W-A 1 1
YHR064C 0 0
YHR065C 1 1
YHR066W 0 0
YHR067W 3 12
YHR068W 0 0
YHR069C 0 0
YHR069C-A 0 0
YHR070W 1 3
YHR070C-A 7 40
YHR071W 1 7
YHR071C-A 0 0
YHR072W 0 0
YHR072W-A 0 0
YHR073W 1 1
YHR073W-A 4 108
YHR073C-B 1 32
YHR074W 3 12
YHR075C 0 0
YHR076W 3 133
YHR077C 3 43
YHR078W 5 47
YHR079C 1 3
YHR079C-A 1 6
YHR080C 6 109
YHR081W 0 0
YHR082C 0 0
YHR083W 1 1
YHR084W 0 0
YHR085W 2 7
YHR086W 3 141
YHR086W-A 11 184
YHR087W 3 58
YHR088W 1 1
YHR089C 2 36
YHR090C 2 7
YHR091C 3 9
YHR092C 3 24
YHR093W 3 24
YHR094C 3 25
YHR095W 0 0
YHR096C 3 27
YHR097C 2 24
YHR098C 3 14
YHR099W 2 7
YHR100C 0 0
YHR101C 0 0
YHR102W 0 0
YHR103W 3 13
YHR104W 2 7
YHR105W 0 0
YHR106W 0 0
YHR107C 1 1
YHR108W 2 9
YHR109W 2 13
YHR110W 5 56
YHR111W 0 0
YHR112C 2 9
YHR113W 3 15
YHR114W 0 0
YHR115C 2 11
YHR116W 8 135
YHR117W 2 12
YHR118C 0 0
YHR119W 3 25
YHR120W 2 9
YHR121W 2 43
YHR122W 2 7
YHR123W 1 11
YHR124W 0 0
YHR125W 0 0
YHR126C 2 10
YHR127W 6 3012
YHR128W 0 0
YHR129C 0 0
YHR130C 0 0
YHR131C 3 10
YHR131W-A 0 0
YHR132C 3 345
YHR132W-A 10 320
YHR133C 2 9
YHR134W 5 31
YHR135C 2 2
YHR136C 9 233
YHR137W 1 3
YHR137C-A 0 0
YHR138C 4 16
YHR139C 3 9
YHR139C-A 16 1058
YHR140W 8 376
YHR141C 0 0
YHR142W 3 199
YHR143W 0 0
YHR143W-A 0 0
YHR144C 8 718
YHR145C 0 0
YHR146W 4 306
YHR147C 0 0
YHR148W 0 0
YHR149C 2 10
YHR150W 6 81
YHR151C 3 36
YHR152W 5 31
YHR153C 2 28
YHR154W 8 160
YHR155W 1 2
YHR156C 3 65
YHR157W 3 30
YHR158C 0 0
YHR159W 0 0
YHR160C 6 23
YHR161C 2 25
YHR162W 0 0
YHR163W 4 116
YHR164C 1 4
YHR165C 0 0
YHR165W-A 0 0
YHR166C 1 2
YHR167W 1 3
YHR168W 7 95
YHR169W 0 0
YHR170W 0 0
YHR171W 5 92
YHR172W 1 8
YHR173C 3 10
YHR174W 1 1
YHR175W 10 727
YHR175W-A 3 59
YHR176W 0 0
YHR177W 1 4
YHR178W 0 0
YHR179W 0 0
YHR180W 2 26
YHR180W-A 0 0
YHR180C-B 5 102
YHR181W 4 63
YHR182W 0 0
YHR182C-A 1 2
YHR183W 1 8
YHR184W 0 0
YHR185C 0 0
YHR186C 2 12
YHR187W 1 1
YHR188C 2 9
YHR189W 6 52
YHR190W 0 0
YHR191C 4 80
YHR192W 3 56
YHR193C 3 19
YHR193C-A 2 6
YHR194W 0 0
YHR195W 3 14
YHR196W 0 0
YHR197W 0 0
YHR198C 6 170
YHR199C 4 44
YHR199C-A 1 13
YHR200W 3 22
YHR201C 3 215
YHR202W 4 63
YHR203C 0 0
YHR204W 4 91
YHR205W 0 0
YHR206W 0 0
YHR207C 14 302
YHR208W 7 41
YHR209W 3 37
YHR210C 1 11
YHR211W 1 3
YHR212C 0 0
YHR212W-A 0 0
YHR213W 0 0
YHR213W-A 2 301
YHR213W-B 0 0
YHR214W 0 0
YHR214W-A 0 0
YHR214C-D 0 0
YHR214C-E 0 0
YHR215W 0 0
YHR216W 0 0
YHR217C 0 0
YHR218W 0 0
YHR218W-A 0 0
YHR219W 0 0
YHR219C-A 0 0
YIL177C 0 0
YIL177W-A 0 0
YIL176C 0 0
YIL173W 0 0
YIL172C 2 8
YIL171W-A 0 0
YIL169C 5 35
YIL166C 0 0
YIL165C 2 20
YIL164C 3 14
YIL163C 1 1
YIL162W 1 3
YIL161W 0 0
YIL160C 4 26
YIL159W 13 218
YIL158W 4 54
YIL157C 5 28
YIL156W-A 6 133
YIL156W-B 5 17
YIL156W 5 84
YIL155C 9 126
YIL154C 4 15
YIL153W 5 26
YIL152W 6 36
YIL151C 3 7
YIL150C 0 0
YIL149C 1 26
YIL148W 0 0
YIL147C 1 11
YIL146C 5 81
YIL145C 6 144
YIL144W 0 0
YIL143C 2 30
YIL142C-A 2 4
YIL142W 0 0
YIL141W 3 47
YIL140W 1 10
YIL139C 0 0
YIL138C 7 237
YIL137C 9 101
YIL136W 5 95
YIL135C 1 14
YIL134C-A 4 46
YIL134W 2 23
YIL133C 0 0
YIL132C 7 240
YIL131C 4 170
YIL130W 3 18
YIL129C 0 0
YIL128W 1 20
YIL127C 0 0
YIL126W 0 0
YIL125W 0 0
YIL124W 4 198
YIL123W 3 24
YIL122W 1 3
YIL121W 0 0
YIL120W 2 15
YIL119C 1 15
YIL118W 0 0
YIL117C 0 0
YIL116W 3 13
YIL115W-A 3 22
YIL115C 0 0
YIL114C 1 10
YIL113W 1 9
YIL112W 7 69
YIL111W 3 57
YIL110W 0 0
YIL109C 0 0
YIL108W 6 45
YIL107C 0 0
YIL106W 1 5
YIL105C 4 38
YIL105W-A 5 36
YIL104C 0 0
YIL103W 1 5
YIL102C-A 2 5
YIL102C 3 8
YIL101C 3 25
YIL100C-A 9 140
YIL100W 6 55
YIL099W 5 170
YIL098C 8 354
YIL097W 3 197
YIL096C 0 0
YIL095W 4 17
YIL094C 2 7
YIL093C 3 93
YIL092W 2 111
YIL091C 0 0
YIL090W 0 0
YIL089W 0 0
YIL088C 2 43
YIL087C 1 9
YIL086C 3 82
YIL085C 4 1000
YIL084C 0 0
YIL083C 0 0
YIL082W 3 452
YIL079C 2 2
YIL078W 0 0
YIL077C 9 1051
YIL076W 9 68
YIL075C 0 0
YIL074C 0 0
YIL073C 1 2
YIL072W 0 0
YIL071W-A 0 0
YIL071C 9 295
YIL070C 3 45
YIL069C 3 13
YIL068W-A 1 2
YIL068C 1 1
YIL067C 0 0
YIL066W-A 1 3
YIL066C 0 0
YIL065C 10 146
YIL064W 10 92
YIL063C 1 4
YIL062C 0 0
YIL061C 1 13
YIL060W 0 0
YIL059C 5 54
YIL058W 0 0
YIL057C 7 113
YIL056W 3 238
YIL055C 1 1
YIL054W 9 254
YIL053W 0 0
YIL052C 1 4
YIL051C 7 222
YIL050W 1 3
YIL049W 1 5
YIL048W 0 0
YIL047C-A 2 24
YIL047C 5 173
YIL046W-A 7 172
YIL046W 0 0
YIL045W 2 21
YIL044C 5 32
YIL043C 5 107
YIL042C 9 165
YIL041W 9 686
YIL040W 0 0
YIL039W 1 3
YIL038C 1 1
YIL037C 0 0
YIL036W 0 0
YIL035C 1 8
YIL034C 3 64
YIL033C 2 20
YIL032C 0 0
YIL031W 6 40
YIL030W-A 0 0
YIL030C 0 0
YIL029W-A 1 1
YIL029C 0 0
YIL028W 2 17
YIL027C 3 183
YIL026C 0 0
YIL025C 3 25
YIL024C 4 37
YIL023C 0 0
YIL022W 0 0
YIL021W 0 0
YIL021C-A 2 7
YIL020C-A 3 130
YIL020C 3 27
YIL019W 5 70
YIL018W 0 0
YIL017C 2 11
YIL016W 4 50
YIL015W 2 125
YIL014C-A 0 0
YIL014W 3 29
YIL013C 1 6
YIL012W 8 253
YIL011W 5 41
YIL010W 6 46
YIL009C-A 8 401
YIL009W 10 216
YIL008W 0 0
YIL007C 2 11
YIL006W 10 325
YIL005W 2 2
YIL004C 0 0
YIL003W 0 0
YIL002W-A 3 21
YIL002C 0 0
YIL001W 3 142
YIR001C 6 180
YIR002C 0 0
YIR003W 2 39
YIR004W 2 28
YIR005W 6 73
YIR006C 0 0
YIR007W 1 7
YIR008C 0 0
YIR009W 0 0
YIR010W 0 0
YIR011C 0 0
YIR012W 1 2
YIR013C 1 2
YIR014W 4 120
YIR015W 1 4
YIR016W 9 261
YIR017C 14 340
YIR017W-A 8 149
YIR018W 20 1581
YIR018C-A 4 19
YIR019C 0 0
YIR020C 1 12
YIR020W-A 1 4
YIR020C-B 2 10
YIR021W 2 5
YIR021W-A 0 0
YIR022W 0 0
YIR023W 5 410
YIR023C-A 0 0
YIR024C 7 80
YIR025W 6 59
YIR026C 0 0
YIR027C 0 0
YIR028W 1 3
YIR029W 5 20
YIR030C 4 33
YIR030W-A 5 43
YIR031C 4 24
YIR032C 1 4
YIR033W 6 59
YIR034C 0 0
YIR035C 3 78
YIR036C 3 92
YIR036W-A 0 0
YIR037W 2 2
YIR038C 6 203
YIR039C 0 0
YIR040C 0 0
YIR041W 0 0
YIR042C 5 71
YJL225C 0 0
YJL225W-A 0 0
YJL223C 0 0
YJL222W-B 0 0
YJL222W-A 0 0
YJL222W 0 0
YJL221C 0 0
YJL220W 0 0
YJL219W 0 0
YJL218W 0 0
YJL217W 2 11
YJL216C 2 26
YJL215C 1 2
YJL214W 1 2
YJL213W 3 44
YJL212C 6 157
YJL211C 0 0
YJL210W 8 557
YJL209W 4 30
YJL208C 0 0
YJL207C 2 27
YJL206C 6 211
YJL205C 12 390
YJL204C 1 7
YJL203W 0 0
YJL202C 7 101
YJL201W 7 103
YJL200C 1 1
YJL199C 18 1416
YJL198W 0 0
YJL197W 3 66
YJL197C-A 0 0
YJL196C 6 91
YJL195C 0 0
YJL194W 0 0
YJL193W 5 121
YJL192C 5 43
YJL191W 10 181
YJL190C 1 1
YJL189W 0 0
YJL188C 2 6
YJL187C 0 0
YJL186W 3 27
YJL185C 3 13
YJL184W 0 0
YJL183W 1 6
YJL182C 2 145
YJL181W 4 12
YJL180C 0 0
YJL179W 0 0
YJL178C 10 338
YJL177W 0 0
YJL176C 1 10
YJL175W 0 0
YJL174W 0 0
YJL173C 1 15
YJL172W 6 54
YJL171C 6 42
YJL170C 1 18
YJL169W 2 60
YJL168C 0 0
YJL167W 2 18
YJL166W 0 0
YJL165C 1 2
YJL164C 1 3
YJL163C 6 75
YJL162C 2 9
YJL161W 5 527
YJL160C 2 17
YJL159W 2 8
YJL158C 9 378
YJL157C 1 2
YJL156W-A 16 1161
YJL156C 12 575
YJL155C 1 16
YJL154C 1 1
YJL153C 0 0
YJL152W 1 3
YJL151C 10 297
YJL150W 6 36
YJL149W 9 139
YJL148W 0 0
YJL147C 1 97
YJL146W 0 0
YJL145W 7 181
YJL144W 4 116
YJL143W 0 0
YJL142C 1 2
YJL141C 2 23
YJL140W 0 0
YJL139C 0 0
YJL138C 1 7
YJL137C 4 37
YJL136W-A 4 12
YJL136C 0 0
YJL135W 5 144
YJL134W 2 88
YJL133C-A 5 119
YJL133W 5 45
YJL132W 5 21
YJL131C 5 50
YJL130C 0 0
YJL129C 0 0
YJL128C 6 83
YJL127W-A 5 19
YJL127C-B 12 154
YJL127C 2 15
YJL126W 2 7
YJL125C 0 0
YJL124C 0 0
YJL123C 2 5
YJL122W 12 164
YJL121C 3 18
YJL120W 0 0
YJL119C 1 36
YJL118W 10 674
YJL117W 0 0
YJL116C 3 24
YJL115W 5 22
YJL112W 3 8
YJL111W 0 0
YJL110C 2 43
YJL109C 0 0
YJL108C 3 45
YJL107C 3 49
YJL106W 2 19
YJL105W 2 58
YJL104W 2 3
YJL103C 4 76
YJL102W 8 66
YJL101C 8 660
YJL100W 2 7
YJL099W 2 13
YJL098W 1 2
YJL097W 0 0
YJL096W 0 0
YJL095W 0 0
YJL094C 5 66
YJL093C 8 142
YJL092W 1 1
YJL091C 2 72
YJL090C 0 0
YJL089W 1 11
YJL088W 9 205
YJL087C 0 0
YJL086C 0 0
YJL085W 0 0
YJL084C 1 9
YJL083W 6 63
YJL082W 3 37
YJL081C 0 0
YJL080C 2 14
YJL079C 4 46
YJL078C 6 179
YJL077W-B 7 208
YJL077C 1 1
YJL077W-A 4 24
YJL076W 3 13
YJL075C 0 0
YJL074C 0 0
YJL073W 0 0
YJL072C 1 11
YJL071W 2 46
YJL070C 2 29
YJL069C 2 3
YJL068C 12 2366
YJL067W 24 2972
YJL066C 6 45
YJL065C 2 26
YJL064W 3 11
YJL063C 0 0
YJL062W-A 4 142
YJL062W 3 10
YJL061W 0 0
YJL060W 1 36
YJL059W 6 166
YJL058C 1 3
YJL057C 3 22
YJL056C 1 1
YJL055W 5 23
YJL054W 5 46
YJL053W 1 1
YJL052C-A 15 159
YJL052W 1 4
YJL051W 1 2
YJL050W 0 0
YJL049W 3 78
YJL048C 11 297
YJL047C-A 2 5
YJL047C 0 0
YJL046W 4 218
YJL045W 2 89
YJL044C 6 175
YJL043W 2 38
YJL042W 6 101
YJL041W 0 0
YJL039C 0 0
YJL038C 0 0
YJL037W 2 4
YJL036W 0 0
YJL035C 2 37
YJL034W 0 0
YJL033W 0 0
YJL032W 1 1
YJL031C 0 0
YJL030W 4 110
YJL029C 1 8
YJL028W 7 604
YJL027C 1 2
YJL026W 1 2
YJL026C-A 0 0
YJL025W 0 0
YJL024C 3 15
YJL023C 2 13
YJL022W 0 0
YJL020C 1 1
YJL020W-A 1 1
YJL019W 0 0
YJL016W 0 0
YJL015C 3 22
YJL014W 3 22
YJL013C 14 290
YJL012C 1 3
YJL011C 0 0
YJL010C 0 0
YJL009W 1 4
YJL008C 0 0
YJL007C 14 457
YJL006C 0 0
YJL005W 1 11
YJL004C 13 281
YJL003W 2 33
YJL002C 0 0
YJL001W 1 3
YJR001W 12 488
YJR002W 1 1
YJR003C 6 403
YJR004C 7 186
YJR005W 3 98
YJR005C-A 2 12
YJR006W 0 0
YJR007W 0 0
YJR008W 8 82
YJR009C 11 433
YJR010W 0 0
YJR010C-A 5 75
YJR011C 2 28
YJR012C 0 0
YJR013W 2 10
YJR014W 1 6
YJR015W 14 2232
YJR016C 0 0
YJR017C 4 9
YJR018W 0 0
YJR019C 4 167
YJR020W 3 3
YJR021C 3 56
YJR022W 1 3
YJR023C 0 0
YJR024C 4 20
YJR025C 1 1
YJR030C 0 0
YJR031C 1 13
YJR032W 3 9
YJR033C 7 121
YJR034W 2 29
YJR035W 5 135
YJR036C 0 0
YJR037W 0 0
YJR038C 0 0
YJR039W 3 18
YJR040W 4 51
YJR041C 0 0
YJR042W 0 0
YJR043C 9 135
YJR044C 6 167
YJR045C 0 0
YJR046W 1 2
YJR047C 3 38
YJR048W 11 316
YJR049C 2 15
YJR050W 1 25
YJR051W 9 207
YJR052W 3 66
YJR053W 3 17
YJR054W 1 4
YJR055W 1 14
YJR056C 0 0
YJR057W 2 9
YJR058C 6 97
YJR059W 7 352
YJR060W 0 0
YJR061W 0 0
YJR062C 8 98
YJR063W 0 0
YJR064W 1 2
YJR065C 0 0
YJR066W 4 20
YJR067C 0 0
YJR068W 0 0
YJR069C 0 0
YJR070C 1 3
YJR071W 0 0
YJR072C 0 0
YJR073C 6 28
YJR074W 13 157
YJR075W 2 4
YJR076C 2 44
YJR077C 7 32
YJR078W 6 217
YJR079W 3 30
YJR080C 6 137
YJR082C 2 12
YJR083C 5 91
YJR084W 10 180
YJR085C 5 44
YJR086W 9 306
YJR087W 4 40
YJR088C 6 146
YJR089W 0 0
YJR090C 0 0
YJR091C 7 251
YJR092W 3 13
YJR093C 0 0
YJR094C 2 4
YJR094W-A 0 0
YJR095W 0 0
YJR096W 8 82
YJR097W 0 0
YJR098C 2 11
YJR099W 2 29
YJR100C 8 83
YJR101W 0 0
YJR102C 3 13
YJR103W 5 60
YJR104C 8 159
YJR105W 7 117
YJR106W 4 29
YJR107W 3 24
YJR108W 0 0
YJR109C 3 29
YJR110W 0 0
YJR111C 2 16
YJR112W 1 4
YJR112W-A 6 117
YJR113C 8 62
YJR114W 3 9
YJR115W 6 71
YJR116W 1 4
YJR117W 3 130
YJR118C 1 6
YJR119C 8 52
YJR120W 18 479
YJR121W 0 0
YJR122W 1 2
YJR123W 0 0
YJR124C 5 89
YJR125C 6 195
YJR126C 7 38
YJR127C 6 127
YJR128W 4 125
YJR129C 0 0
YJR130C 8 672
YJR131W 3 98
YJR132W 0 0
YJR133W 1 1
YJR134C 2 30
YJR135C 2 12
YJR135W-A 5 79
YJR136C 0 0
YJR137C 10 148
YJR138W 4 5
YJR139C 0 0
YJR140C 3 31
YJR140W-A 2 18
YJR141W 0 0
YJR142W 3 24
YJR143C 2 21
YJR144W 0 0
YJR145C 0 0
YJR146W 6 77
YJR147W 6 85
YJR148W 3 42
YJR149W 10 711
YJR150C 5 40
YJR151C 4 63
YJR151W-A 1 1
YJR152W 3 4
YJR153W 0 0
YJR154W 2 2
YJR155W 2 14
YJR156C 0 0
YJR157W 0 0
YJR158W 0 0
YJR159W 0 0
YJR160C 0 0
YJR161C 1 1
YJR162C 8 117
YKL225W 2 448
YKL224C 0 0
YKL223W 0 0
YKL222C 1 11
YKL221W 4 48
YKL220C 0 0
YKL219W 6 133
YKL218C 2 9
YKL217W 4 34
YKL216W 2 7
YKL215C 2 20
YKL214C 2 19
YKL213C 5 19
YKL212W 0 0
YKL211C 2 27
YKL210W 1 4
YKL209C 1 5
YKL208W 1 1
YKL207W 5 446
YKL206C 1 1
YKL205W 2 9
YKL204W 1 9
YKL203C 1 13
YKL202W 1 3
YKL201C 2 7
YKL198C 5 208
YKL197C 10 926
YKL196C 0 0
YKL195W 0 0
YKL194C 4 37
YKL193C 0 0
YKL192C 4 22
YKL191W 6 71
YKL190W 9 177
YKL189W 0 0
YKL188C 1 3
YKL187C 7 163
YKL186C 12 711
YKL185W 3 7
YKL184W 0 0
YKL183C-A 1 10
YKL183W 1 10
YKL182W 0 0
YKL181W 1 2
YKL180W 0 0
YKL179C 10 364
YKL178C 3 124
YKL177W 3 6
YKL176C 1 3
YKL175W 3 16
YKL174C 0 0
YKL173W 0 0
YKL172W 0 0
YKL171W 2 9
YKL170W 2 8
YKL169C 1 6
YKL168C 4 60
YKL167C 7 237
YKL166C 1 7
YKL165C-A 7 49
YKL165C 0 0
YKL164C 3 42
YKL163W 0 0
YKL162C-A 1 5
YKL162C 1 5
YKL161C 0 0
YKL160W 1 5
YKL159C 6 49
YKL157W 5 110
YKL156W 7 110
YKL156C-A 0 0
YKL155C 0 0
YKL154W 1 2
YKL153W 7 40
YKL152C 2 4
YKL151C 10 33
YKL150W 5 218
YKL149C 1 6
YKL148C 3 21
YKL147C 3 259
YKL146W 8 357
YKL145W 1 26
YKL145W-A 0 0
YKL144C 0 0
YKL143W 2 17
YKL142W 2 26
YKL141W 1 4
YKL140W 1 1
YKL139W 0 0
YKL138C-A 2 7
YKL138C 1 19
YKL137W 0 0
YKL136W 4 33
YKL135C 0 0
YKL134C 0 0
YKL133C 1 5
YKL132C 0 0
YKL131W 0 0
YKL130C 2 50
YKL129C 1 10
YKL128C 4 195
YKL127W 9 289
YKL126W 1 3
YKL125W 0 0
YKL124W 2 28
YKL123W 3 6
YKL122C 0 0
YKL121W 0 0
YKL120W 1 6
YKL119C 0 0
YKL118W 0 0
YKL117W 6 591
YKL116C 2 2
YKL115C 0 0
YKL114C 6 48
YKL113C 0 0
YKL112W 2 13
YKL111C 0 0
YKL110C 3 80
YKL109W 0 0
YKL108W 0 0
YKL107W 0 0
YKL106C-A 6 62
YKL106W 1 3
YKL105C 1 2
YKL104C 0 0
YKL103C 1 4
YKL102C 12 229
YKL101W 0 0
YKL100C 9 154
YKL100W-A 0 0
YKL099C 0 0
YKL098W 5 158
YKL097C 5 269
YKL096C-B 0 0
YKL096W-A 0 0
YKL096W 0 0
YKL095W 0 0
YKL094W 12 318
YKL093W 3 4
YKL092C 0 0
YKL091C 6 50
YKL090W 9 86
YKL089W 1 7
YKL088W 2 18
YKL087C 1 1
YKL086W 9 250
YKL085W 1 1
YKL084W 8 83
YKL083W 0 0
YKL082C 0 0
YKL081W 4 355
YKL080W 0 0
YKL079W 1 3
YKL078W 1 3
YKL077W 1 10
YKL076C 0 0
YKL075C 2 10
YKL074C 9 529
YKL073W 1 1
YKL072W 0 0
YKL071W 0 0
YKL070W 0 0
YKL069W 8 43
YKL068W-A 6 245
YKL068W 1 35
YKL067W 0 0
YKL066W 0 0
YKL065W-A 5 126
YKL065C 7 99
YKL064W 5 225
YKL063C 1 3
YKL062W 2 27
YKL061W 1 1
YKL060C 0 0
YKL059C 0 0
YKL058W 0 0
YKL057C 0 0
YKL056C 0 0
YKL055C 0 0
YKL054C 0 0
YKL053C-A 0 0
YKL053W 0 0
YKL052C 3 10
YKL051W 8 52
YKL050C 0 0
YKL049C 0 0
YKL048C 0 0
YKL047W 0 0
YKL046C 3 89
YKL045W 0 0
YKL044W 9 155
YKL043W 2 20
YKL042W 0 0
YKL041W 1 1
YKL040C 1 24
YKL039W 1 6
YKL038W 1 77
YKL037W 10 157
YKL036C 0 0
YKL035W 1 4
YKL034W 0 0
YKL033W-A 2 177
YKL033W 1 3
YKL032C 0 0
YKL031W 0 0
YKL030W 4 28
YKL029C 3 12
YKL028W 0 0
YKL027W 0 0
YKL026C 12 147
YKL025C 6 66
YKL024C 0 0
YKL023C-A 3 163
YKL023W 16 665
YKL022C 8 270
YKL021C 0 0
YKL020C 0 0
YKL019W 0 0
YKL018C-A 3 58
YKL018W 1 4
YKL017C 6 289
YKL016C 0 0
YKL015W 0 0
YKL014C 0 0
YKL013C 0 0
YKL012W 0 0
YKL011C 4 9
YKL010C 0 0
YKL009W 0 0
YKL008C 5 108
YKL007W 4 46
YKL006C-A 1 13
YKL006W 0 0
YKL005C 1 1
YKL004W 1 10
YKL003C 1 1
YKL002W 0 0
YKL001C 5 291
YKR001C 0 0
YKR002W 0 0
YKR003W 0 0
YKR004C 3 7
YKR005C 2 3
YKR006C 0 0
YKR007W 2 39
YKR008W 0 0
YKR009C 6 162
YKR010C 1 3
YKR011C 1 1
YKR012C 6 192
YKR013W 7 99
YKR014C 0 0
YKR015C 2 38
YKR016W 3 9
YKR017C 1 33
YKR018C 3 369
YKR019C 0 0
YKR020W 3 41
YKR021W 1 2
YKR022C 0 0
YKR023W 2 13
YKR024C 0 0
YKR025W 0 0
YKR026C 0 0
YKR027W 2 39
YKR028W 0 0
YKR029C 12 153
YKR030W 1 23
YKR031C 0 0
YKR032W 0 0
YKR033C 1 2
YKR034W 0 0
YKR035C 2 9
YKR035W-A 2 47
YKR036C 3 59
YKR037C 2 4
YKR038C 2 7
YKR039W 2 8
YKR040C 5 90
YKR041W 1 9
YKR042W 1 4
YKR043C 4 10
YKR044W 1 1
YKR045C 2 29
YKR046C 7 59
YKR047W 5 16
YKR048C 8 38
YKR049C 7 1906
YKR050W 6 763
YKR051W 2 16
YKR052C 4 71
YKR053C 0 0
YKR054C 2 83
YKR055W 5 280
YKR056W 2 13
YKR057W 1 6
YKR058W 3 243
YKR059W 0 0
YKR060W 3 34
YKR061W 5 79
YKR062W 0 0
YKR063C 2 20
YKR064W 1 2
YKR065C 5 72
YKR066C 12 812
YKR067W 1 6
YKR068C 1 2
YKR069W 1 3
YKR070W 4 44
YKR071C 0 0
YKR072C 0 0
YKR073C 1 13
YKR074W 4 39
YKR075C 5 89
YKR075W-A 0 0
YKR076W 2 17
YKR077W 0 0
YKR078W 6 63
YKR079C 0 0
YKR080W 2 35
YKR081C 0 0
YKR082W 1 1
YKR083C 0 0
YKR084C 4 100
YKR085C 0 0
YKR086W 0 0
YKR087C 7 138
YKR088C 4 69
YKR089C 0 0
YKR090W 0 0
YKR091W 1 26
YKR092C 0 0
YKR093W 6 57
YKR094C 1 8
YKR095W 3 104
YKR095W-A 3 7
YKR096W 0 0
YKR097W 2 11
YKR098C 2 23
YKR099W 1 6
YKR100C 1 2
YKR101W 7 56
YKR102W 1 18
YKR103W 0 0
YKR104W 0 0
YKR105C 0 0
YKR106W 0 0
YLL067C 0 0
YLL067W-A 0 0
YLL066W-B 0 0
YLL066C 0 0
YLL066W-A 0 0
YLL065W 10 118
YLL064C 0 0
YLL063C 7 148
YLL062C 0 0
YLL061W 14 238
YLL060C 9 64
YLL059C 0 0
YLL058W 2 26
YLL057C 2 34
YLL056C 0 0
YLL055W 1 4
YLL054C 0 0
YLL053C 0 0
YLL052C 2 34
YLL051C 2 56
YLL050C 0 0
YLL049W 7 52
YLL048C 1 3
YLL047W 5 47
YLL046C 0 0
YLL045C 2 24
YLL044W 0 0
YLL043W 0 0
YLL042C 3 39
YLL041C 9 78
YLL040C 0 0
YLL039C 1 1
YLL038C 0 0
YLL037W 0 0
YLL036C 0 0
YLL035W 1 1
YLL034C 1 1
YLL033W 4 13
YLL032C 3 38
YLL031C 1 4
YLL030C 0 0
YLL029W 2 3
YLL028W 2 4
YLL027W 0 0
YLL026W 5 27
YLL025W 1 2
YLL024C 2 5
YLL023C 9 218
YLL022C 6 44
YLL021W 0 0
YLL020C 0 0
YLL019C 1 2
YLL019W-A 2 23
YLL018C-A 5 12
YLL018C 1 4
YLL015W 1 12
YLL014W 9 1475
YLL013C 1 1
YLL012W 3 6
YLL011W 0 0
YLL010C 0 0
YLL009C 6 115
YLL008W 0 0
YLL007C 0 0
YLL006W-A 0 0
YLL006W 2 4
YLL005C 5 57
YLL004W 1 5
YLL003W 2 5
YLL002W 5 102
YLL001W 3 27
YLR001C 9 132
YLR002C 1 5
YLR003C 4 90
YLR004C 6 70
YLR005W 1 3
YLR006C 0 0
YLR007W 5 68
YLR008C 0 0
YLR009W 0 0
YLR010C 0 0
YLR011W 2 81
YLR012C 0 0
YLR013W 0 0
YLR014C 1 2
YLR015W 5 204
YLR016C 3 18
YLR017W 5 419
YLR018C 0 0
YLR019W 1 14
YLR020C 6 23
YLR021W 1 69
YLR022C 0 0
YLR023C 1 3
YLR024C 0 0
YLR025W 1 1
YLR026C 0 0
YLR027C 2 22
YLR028C 10 233
YLR029C 1 5
YLR030W 6 67
YLR031W 0 0
YLR032W 3 23
YLR033W 0 0
YLR034C 3 35
YLR035C 4 45
YLR036C 12 388
YLR037C 1 4
YLR038C 9 169
YLR039C 0 0
YLR040C 3 18
YLR041W 1 3
YLR042C 0 0
YLR043C 6 134
YLR044C 1 12
YLR045C 1 1
YLR046C 7 66
YLR047C 1 3
YLR048W 0 0
YLR049C 2 4
YLR050C 1 26
YLR051C 0 0
YLR052W 1 10
YLR053C 3 115
YLR054C 0 0
YLR055C 2 25
YLR056W 0 0
YLR057W 2 2
YLR058C 0 0
YLR059C 6 299
YLR060W 2 17
YLR061W 1 8
YLR062C 3 8
YLR063W 9 140
YLR064W 6 132
YLR065C 0 0
YLR066W 0 0
YLR067C 0 0
YLR068W 0 0
YLR069C 1 1
YLR070C 7 81
YLR071C 0 0
YLR072W 1 36
YLR073C 0 0
YLR074C 0 0
YLR075W 0 0
YLR076C 1 10
YLR077W 1 3
YLR078C 3 19
YLR079W 1 1
YLR080W 1 1
YLR081W 6 583
YLR082C 2 57
YLR083C 1 5
YLR084C 0 0
YLR085C 0 0
YLR086W 0 0
YLR087C 1 5
YLR088W 0 0
YLR089C 1 11
YLR090W 1 29
YLR091W 3 142
YLR092W 7 66
YLR093C 1 1
YLR094C 10 130
YLR095C 4 108
YLR096W 1 1
YLR097C 1 1
YLR098C 4 109
YLR099C 3 17
YLR099W-A 5 25
YLR100W 0 0
YLR101C 1 10
YLR102C 4 47
YLR103C 0 0
YLR104W 6 186
YLR105C 0 0
YLR106C 0 0
YLR107W 4 37
YLR108C 1 12
YLR109W 5 67
YLR110C 2 12
YLR111W 10 268
YLR112W 13 385
YLR113W 5 309
YLR114C 0 0
YLR115W 1 4
YLR116W 0 0
YLR117C 1 1
YLR118C 8 290
YLR119W 9 298
YLR120C 2 21
YLR120W-A 5 55
YLR121C 5 129
YLR122C 0 0
YLR123C 2 14
YLR124W 0 0
YLR125W 1 22
YLR126C 2 43
YLR127C 0 0
YLR128W 1 20
YLR129W 0 0
YLR130C 4 14
YLR131C 0 0
YLR132C 1 5
YLR133W 1 14
YLR134W 1 1
YLR135W 0 0
YLR136C 6 75
YLR137W 7 99
YLR138W 1 20
YLR139C 2 20
YLR140W 0 0
YLR141W 1 4
YLR142W 4 17
YLR143W 4 28
YLR144C 0 0
YLR145W 0 0
YLR146C 2 32
YLR146W-A 5 44
YLR147C 0 0
YLR148W 0 0
YLR149C 2 42
YLR149C-A 1 7
YLR150W 1 2
YLR151C 13 159
YLR152C 3 74
YLR153C 0 0
YLR154C 16 657
YLR154W-A 0 0
YLR154W-B 0 0
YLR154W-C 0 0
YLR154W-E 0 0
YLR154W-F 0 0
YLR154C-G 0 0
YLR154C-H 0 0
YLR155C 0 0
YLR156W 0 0
YLR156C-A 0 0
YLR157C 0 0
YLR157W-D 0 0
YLR157W-E 0 0
YLR157C-C 0 0
YLR158C 0 0
YLR159W 0 0
YLR159C-A 0 0
YLR160C 0 0
YLR161W 0 0
YLR162W 3 4
YLR162W-A 0 0
YLR163C 2 10
YLR163W-A 0 0
YLR164W 4 4
YLR165C 4 586
YLR166C 0 0
YLR167W 0 0
YLR168C 5 199
YLR169W 1 1
YLR170C 3 26
YLR171W 2 29
YLR172C 5 7
YLR173W 7 38
YLR174W 6 214
YLR175W 0 0
YLR176C 0 0
YLR177W 3 6
YLR178C 5 54
YLR179C 7 24
YLR180W 2 15
YLR181C 1 4
YLR182W 0 0
YLR183C 0 0
YLR184W 0 0
YLR185W 0 0
YLR186W 0 0
YLR187W 2 10
YLR188W 0 0
YLR189C 2 22
YLR190W 1 3
YLR191W 1 1
YLR192C 1 22
YLR193C 0 0
YLR194C 4 17
YLR195C 2 15
YLR196W 0 0
YLR197W 0 0
YLR198C 0 0
YLR199C 2 21
YLR200W 0 0
YLR201C 5 17
YLR202C 1 5
YLR203C 2 11
YLR204W 19 724
YLR205C 10 914
YLR206W 3 27
YLR207W 1 1
YLR208W 0 0
YLR209C 7 31
YLR210W 0 0
YLR211C 2 8
YLR212C 0 0
YLR213C 1 4
YLR214W 5 28
YLR215C 0 0
YLR216C 6 54
YLR217W 2 18
YLR218C 5 20
YLR219W 5 8
YLR220W 3 102
YLR221C 1 5
YLR222C 1 2
YLR222C-A 1 17
YLR223C 0 0
YLR224W 2 16
YLR225C 0 0
YLR226W 1 17
YLR227C 4 36
YLR228C 4 27
YLR229C 1 3
YLR230W 0 0
YLR231C 5 235
YLR232W 0 0
YLR233C 3 17
YLR234W 0 0
YLR235C 20 197
YLR236C 4 555
YLR237W 4 116
YLR238W 0 0
YLR239C 3 9
YLR240W 2 18
YLR241W 6 48
YLR242C 0 0
YLR243W 0 0
YLR244C 1 1
YLR245C 5 26
YLR246W 0 0
YLR247C 1 13
YLR248W 3 25
YLR249W 0 0
YLR250W 4 27
YLR251W 1 1
YLR252W 0 0
YLR253W 0 0
YLR254C 2 4
YLR255C 2 10
YLR256W 2 31
YLR257W 1 71
YLR258W 2 4
YLR259C 1 1
YLR260W 0 0
YLR261C 0 0
YLR262C 1 13
YLR262C-A 6 28
YLR263W 0 0
YLR264W 2 17
YLR264C-A 6 118
YLR265C 10 282
YLR266C 13 322
YLR267W 1 1
YLR268W 0 0
YLR269C 0 0
YLR270W 1 6
YLR271W 5 141
YLR272C 0 0
YLR273C 0 0
YLR274W 0 0
YLR275W 2 13
YLR276C 0 0
YLR277C 0 0
YLR278C 4 28
YLR279W 6 38
YLR280C 1 1
YLR281C 14 1664
YLR282C 3 40
YLR283W 7 94
YLR284C 0 0
YLR285W 0 0
YLR285C-A 8 86
YLR286C 0 0
YLR286W-A 2 121
YLR287C 1 17
YLR287C-A 5 12
YLR288C 4 91
YLR289W 3 59
YLR290C 9 67
YLR291C 1 8
YLR292C 1 18
YLR293C 0 0
YLR294C 1 4
YLR295C 0 0
YLR296W 7 140
YLR297W 2 31
YLR298C 0 0
YLR299W 3 14
YLR299C-A 12 255
YLR300W 0 0
YLR301W 5 102
YLR302C 0 0
YLR303W 5 24
YLR304C 1 3
YLR305C 1 4
YLR306W 1 1
YLR307W 0 0
YLR307C-A 0 0
YLR308W 2 2
YLR309C 2 26
YLR310C 0 0
YLR311C 6 65
YLR312C 8 41
YLR312W-A 4 12
YLR313C 2 6
YLR314C 3 7
YLR315W 3 33
YLR316C 1 2
YLR317W 0 0
YLR318W 0 0
YLR319C 0 0
YLR320W 0 0
YLR321C 0 0
YLR322W 0 0
YLR323C 0 0
YLR324W 4 22
YLR325C 1 1
YLR326W 6 124
YLR327C 0 0
YLR328W 0 0
YLR329W 0 0
YLR330W 8 85
YLR331C 0 0
YLR332W 1 14
YLR333C 6 315
YLR334C 4 79
YLR335W 1 19
YLR336C 0 0
YLR337C 0 0
YLR338W 1 7
YLR339C 0 0
YLR340W 0 0
YLR341W 0 0
YLR342W 0 0
YLR342W-A 0 0
YLR343W 0 0
YLR344W 0 0
YLR345W 1 9
YLR346C 6 82
YLR347C 0 0
YLR347W-A 0 0
YLR348C 15 546
YLR349W 3 38
YLR350W 0 0
YLR351C 5 90
YLR352W 4 275
YLR353W 0 0
YLR354C 2 37
YLR355C 1 1
YLR356W 1 68
YLR357W 4 14
YLR358C 1 2
YLR359W 0 0
YLR360W 0 0
YLR361C 5 231
YLR361C-A 5 571
YLR362W 6 96
YLR363C 0 0
YLR363W-A 0 0
YLR364W 1 4
YLR365W 3 59
YLR364C-A 10 174
YLR366W 0 0
YLR367W 6 38
YLR368W 4 49
YLR369W 1 2
YLR370C 1 8
YLR371W 0 0
YLR372W 0 0
YLR373C 5 66
YLR374C 2 8
YLR375W 5 114
YLR376C 15 388
YLR377C 7 39
YLR378C 0 0
YLR379W 2 36
YLR380W 2 19
YLR381W 3 12
YLR382C 0 0
YLR383W 0 0
YLR384C 8 33
YLR385C 3 14
YLR386W 2 20
YLR387C 3 86
YLR388W 1 25
YLR389C 3 21
YLR390W 4 52
YLR390W-A 7 73
YLR392C 3 24
YLR393W 2 4
YLR394W 1 2
YLR395C 3 242
YLR396C 0 0
YLR397C 1 16
YLR398C 1 2
YLR399C 0 0
YLR399W-A 0 0
YLR400W 0 0
YLR401C 3 54
YLR402W 2 7
YLR403W 0 0
YLR404W 4 17
YLR405W 7 153
YLR406C 1 2
YLR406C-A 7 1237
YLR407W 3 53
YLR408C 14 784
YLR409C 0 0
YLR410W 3 35
YLR411W 7 83
YLR412W 2 30
YLR412C-A 0 0
YLR413W 0 0
YLR414C 3 53
YLR415C 3 17
YLR416C 8 82
YLR417W 7 47
YLR418C 0 0
YLR419W 0 0
YLR420W 1 2
YLR421C 1 9
YLR422W 0 0
YLR423C 0 0
YLR424W 0 0
YLR425W 6 90
YLR426W 1 22
YLR427W 0 0
YLR428C 8 30
YLR429W 9 451
YLR430W 0 0
YLR431C 1 34
YLR432W 4 42
YLR433C 0 0
YLR434C 0 0
YLR435W 0 0
YLR436C 2 4
YLR437C 7 86
YLR437C-A 6 73
YLR438W 8 226
YLR438C-A 0 0
YLR439W 0 0
YLR440C 1 18
YLR441C 3 17
YLR442C 3 9
YLR443W 0 0
YLR444C 1 8
YLR445W 3 77
YLR446W 5 142
YLR447C 1 2
YLR448W 0 0
YLR449W 1 1
YLR450W 1 61
YLR451W 0 0
YLR452C 2 54
YLR453C 16 310
YLR454W 6 431
YLR455W 0 0
YLR456W 4 15
YLR457C 3 16
YLR458W 1 5
YLR459W 1 4
YLR460C 7 62
YLR461W 0 0
YLR462W 0 0
YLR463C 0 0
YLR464W 0 0
YLR465C 0 0
YLR466W 0 0
YLR466C-A 0 0
YLR466C-B 0 0
YLR467W 0 0
YLR467C-A 0 0
YML133C 0 0
YML133W-B 0 0
YML133W-A 0 0
YML132W 0 0
YML131W 2 27
YML130C 0 0
YML129C 5 60
YML128C 3 29
YML127W 0 0
YML126C 9 169
YML125C 1 2
YML124C 3 5
YML123C 1 4
YML122C 3 33
YML121W 0 0
YML120C 9 281
YML119W 1 45
YML118W 0 0
YML117W 2 4
YML116W-A 0 0
YML116W 1 4
YML115C 0 0
YML114C 0 0
YML113W 3 45
YML112W 0 0
YML111W 0 0
YML110C 12 221
YML109W 2 13
YML108W 2 46
YML107C 1 3
YML106W 0 0
YML105C 1 1
YML104C 1 59
YML103C 1 2
YML102W 0 0
YML101C-A 14 136
YML101C 9 165
YML100W-A 12 295
YML100W 5 18
YML099W-A 4 23
YML099C 5 211
YML098W 0 0
YML097C 7 116
YML096W 7 289
YML095C 1 1
YML094C-A 0 0
YML094W 2 2
YML093W 1 8
YML092C 0 0
YML091C 0 0
YML090W 1 5
YML089C 15 1868
YML088W 13 223
YML087C 6 136
YML086C 1 3
YML085C 1 1
YML084W 1 1
YML083C 1 11
YML082W 12 258
YML081C-A 4 55
YML081W 0 0
YML080W 0 0
YML079W 7 167
YML078W 2 47
YML077W 2 4
YML076C 12 895
YML075C 2 15
YML074C 9 570
YML073C 0 0
YML072C 4 232
YML071C 3 213
YML070W 0 0
YML069W 1 3
YML068W 2 12
YML067C 0 0
YML066C 0 0
YML065W 0 0
YML064C 0 0
YML063W 2 18
YML062C 0 0
YML061C 0 0
YML060W 1 86
YML059C 0 0
YML058W-A 8 169
YML058W 6 116
YML057C-A 1 3
YML057W 0 0
YML056C 3 45
YML055W 3 54
YML054C 2 2
YML054C-A 16 513
YML053C 5 133
YML052W 4 79
YML051W 9 82
YML050W 12 410
YML049C 1 1
YML048W 1 1
YML047W-A 0 0
YML047C 0 0
YML046W 0 0
YML043C 0 0
YML042W 7 32
YML041C 4 14
YML038C 1 3
YML037C 0 0
YML036W 0 0
YML035C 0 0
YML034C-A 3 32
YML034W 1 4
YML032C 0 0
YML031C-A 0 0
YML031W 0 0
YML030W 11 108
YML029W 1 3
YML028W 10 144
YML027W 3 6
YML026C 0 0
YML025C 3 8
YML024W 0 0
YML023C 0 0
YML022W 1 2
YML021C 16 1132
YML020W 1 24
YML019W 2 16
YML018C 1 2
YML017W 1 1
YML016C 1 18
YML015C 0 0
YML014W 2 33
YML013W 2 5
YML012C-A 4 337
YML012W 7 165
YML011C 10 1072
YML010W 0 0
YML009W-B 0 0
YML009C-A 5 55
YML009C 17 1817
YML008C 0 0
YML007C-A 3 12
YML007W 1 15
YML006C 1 3
YML005W 11 324
YML004C 15 547
YML003W 5 74
YML002W 3 45
YML001W 1 3
YMR001C 3 9
YMR001C-A 5 25
YMR002W 11 383
YMR003W 4 54
YMR004W 4 466
YMR005W 0 0
YMR006C 0 0
YMR007W 6 282
YMR008C 1 2
YMR009W 4 75
YMR010W 2 16
YMR011W 0 0
YMR012W 1 3
YMR013C 0 0
YMR013C-A 0 0
YMR013W-A 4 26
YMR014W 3 19
YMR015C 2 11
YMR016C 0 0
YMR017W 2 44
YMR018W 6 15
YMR019W 9 87
YMR020W 0 0
YMR021C 3 44
YMR022W 3 52
YMR023C 4 57
YMR024W 2 56
YMR025W 2 11
YMR026C 2 3
YMR027W 1 50
YMR028W 2 2
YMR029C 4 53
YMR030W 8 371
YMR031C 1 1
YMR031W-A 6 42
YMR032W 0 0
YMR030W-A 1 18
YMR033W 0 0
YMR034C 3 59
YMR035W 5 25
YMR036C 2 11
YMR037C 2 5
YMR038C 3 40
YMR039C 3 25
YMR040W 4 42
YMR041C 6 67
YMR042W 8 274
YMR043W 1 30
YMR044W 4 72
YMR046W-A 0 0
YMR047C 2 6
YMR048W 3 33
YMR049C 0 0
YMR052W 5 52
YMR052C-A 2 11
YMR053C 1 18
YMR054W 4 163
YMR055C 1 1
YMR056C 4 49
YMR057C 3 28
YMR058W 3 28
YMR059W 0 0
YMR060C 0 0
YMR061W 0 0
YMR062C 0 0
YMR063W 8 1414
YMR064W 6 74
YMR065W 2 20
YMR066W 4 13
YMR067C 1 1
YMR068W 6 138
YMR069W 5 88
YMR070W 3 107
YMR071C 4 38
YMR072W 2 5
YMR073C 3 121
YMR074C 3 85
YMR075W 3 13
YMR075C-A 6 54
YMR076C 0 0
YMR077C 6 24
YMR078C 4 34
YMR079W 1 1
YMR080C 0 0
YMR081C 1 15
YMR082C 0 0
YMR083W 1 3
YMR084W 2 3
YMR085W 2 5
YMR086W 5 64
YMR086C-A 11 154
YMR087W 7 129
YMR088C 1 11
YMR089C 0 0
YMR090W 1 5
YMR091C 0 0
YMR092C 2 13
YMR093W 2 7
YMR094W 0 0
YMR095C 1 10
YMR096W 2 12
YMR097C 0 0
YMR098C 1 3
YMR099C 4 128
YMR100W 1 10
YMR101C 0 0
YMR102C 1 17
YMR103C 16 284
YMR104C 2 17
YMR105C 2 22
YMR105W-A 11 371
YMR106C 4 87
YMR107W 1 2
YMR108W 0 0
YMR109W 8 135
YMR110C 12 1125
YMR111C 2 9
YMR112C 3 8
YMR113W 1 14
YMR114C 6 89
YMR115W 8 120
YMR116C 0 0
YMR117C 0 0
YMR118C 7 225
YMR119W 0 0
YMR119W-A 2 5
YMR120C 5 38
YMR121C 7 61
YMR122C 2 64
YMR122W-A 5 217
YMR123W 5 25
YMR124W 6 47
YMR125W 0 0
YMR126C 0 0
YMR127C 0 0
YMR128W 1 7
YMR129W 2 8
YMR130W 4 40
YMR131C 1 30
YMR132C 5 78
YMR133W 0 0
YMR134W 0 0
YMR135C 12 302
YMR135W-A 3 152
YMR136W 1 14
YMR137C 6 19
YMR138W 1 19
YMR139W 7 84
YMR140W 0 0
YMR141C 8 42
YMR142C 0 0
YMR141W-A 0 0
YMR143W 0 0
YMR144W 3 13
YMR145C 4 48
YMR146C 0 0
YMR147W 6 136
YMR148W 0 0
YMR149W 2 7
YMR150C 1 31
YMR151W 6 94
YMR152W 3 167
YMR153W 4 60
YMR153C-A 2 44
YMR154C 10 258
YMR155W 13 199
YMR156C 1 11
YMR157C 4 172
YMR158W 3 12
YMR158C-A 4 53
YMR158W-B 2 113
YMR159C 4 31
YMR160W 3 25
YMR161W 4 36
YMR162C 5 26
YMR163C 0 0
YMR164C 1 28
YMR165C 1 4
YMR166C 0 0
YMR167W 3 10
YMR168C 1 4
YMR169C 1 9
YMR170C 3 13
YMR171C 3 33
YMR172W 0 0
YMR172C-A 0 0
YMR173W 2 13
YMR173W-A 3 16
YMR174C 4 11
YMR175W 14 362
YMR175W-A 1 7
YMR176W 5 158
YMR177W 1 29
YMR178W 8 135
YMR179W 0 0
YMR180C 7 122
YMR181C 1 15
YMR182C 1 3
YMR182W-A 8 119
YMR183C 1 3
YMR184W 4 66
YMR185W 1 10
YMR186W 0 0
YMR187C 5 274
YMR188C 2 16
YMR189W 8 170
YMR190C 1 1
YMR191W 7 57
YMR192W 1 7
YMR193W 1 2
YMR193C-A 1 4
YMR194W 0 0
YMR194C-B 10 556
YMR194C-A 18 1675
YMR195W 6 60
YMR196W 4 22
YMR197C 0 0
YMR198W 0 0
YMR199W 1 3
YMR200W 1 1
YMR201C 1 19
YMR202W 0 0
YMR203W 0 0
YMR204C 1 11
YMR205C 0 0
YMR206W 7 52
YMR207C 0 0
YMR208W 0 0
YMR209C 4 142
YMR210W 1 2
YMR211W 0 0
YMR212C 0 0
YMR213W 0 0
YMR214W 7 175
YMR215W 2 14
YMR216C 7 702
YMR217W 1 2
YMR218C 1 3
YMR219W 3 94
YMR220W 0 0
YMR221C 8 390
YMR222C 2 5
YMR223W 0 0
YMR224C 1 25
YMR225C 12 208
YMR226C 0 0
YMR227C 0 0
YMR228W 0 0
YMR229C 0 0
YMR230W 3 12
YMR230W-A 0 0
YMR231W 0 0
YMR232W 0 0
YMR233W 1 24
YMR234W 1 3
YMR235C 0 0
YMR236W 0 0
YMR237W 1 31
YMR238W 0 0
YMR239C 1 1
YMR240C 0 0
YMR241W 9 391
YMR242C 0 0
YMR242W-A 0 0
YMR243C 1 30
YMR244W 0 0
YMR244C-A 19 1216
YMR245W 1 2
YMR246W 2 67
YMR247C 4 44
YMR247W-A 0 0
YMR250W 3 36
YMR251W 2 7
YMR251W-A 0 0
YMR252C 4 52
YMR253C 3 20
YMR254C 4 37
YMR255W 8 314
YMR256C 2 12
YMR257C 2 8
YMR258C 3 15
YMR259C 7 166
YMR260C 1 3
YMR261C 2 2
YMR262W 2 11
YMR263W 2 27
YMR264W 6 67
YMR265C 7 154
YMR266W 5 51
YMR267W 0 0
YMR268C 0 0
YMR269W 1 1
YMR270C 0 0
YMR271C 7 168
YMR272C 5 45
YMR272W-A 4 69
YMR272W-B 2 18
YMR273C 1 1
YMR274C 1 4
YMR275C 1 4
YMR276W 7 37
YMR277W 0 0
YMR278W 4 24
YMR279C 3 21
YMR280C 2 8
YMR281W 0 0
YMR282C 0 0
YMR283C 4 18
YMR284W 7 200
YMR285C 2 9
YMR286W 0 0
YMR287C 2 8
YMR288W 0 0
YMR289W 2 38
YMR290C 1 2
YMR290W-A 0 0
YMR291W 4 128
YMR292W 5 303
YMR293C 0 0
YMR294W 1 1
YMR294W-A 4 29
YMR295C 0 0
YMR296C 0 0
YMR297W 0 0
YMR298W 1 2
YMR299C 2 85
YMR300C 0 0
YMR301C 1 1
YMR302C 1 2
YMR303C 2 13
YMR304W 2 6
YMR304C-A 0 0
YMR305C 1 24
YMR306W 0 0
YMR306C-A 2 15
YMR307W 0 0
YMR307C-A 0 0
YMR308C 1 2
YMR309C 0 0
YMR310C 2 20
YMR311C 3 16
YMR312W 1 3
YMR313C 10 419
YMR314W 1 2
YMR315W 4 79
YMR315W-A 5 51
YMR316W 0 0
YMR316C-A 6 136
YMR316C-B 0 0
YMR317W 0 0
YMR318C 5 255
YMR319C 0 0
YMR320W 4 81
YMR321C 0 0
YMR322C 0 0
YMR323W 0 0
YMR324C 0 0
YMR325W 0 0
YMR326C 11 211
YNL339C 0 0
YNL339W-B 0 0
YNL339W-A 0 0
YNL338W 0 0
YNL337W 8 205
YNL336W 0 0
YNL335W 0 0
YNL334C 1 2
YNL333W 1 2
YNL332W 0 0
YNL331C 0 0
YNL330C 0 0
YNL329C 4 243
YNL328C 12 268
YNL327W 1 33
YNL326C 2 25
YNL325C 4 125
YNL324W 2 34
YNL323W 0 0
YNL322C 3 37
YNL321W 4 305
YNL320W 2 58
YNL319W 2 45
YNL318C 0 0
YNL317W 1 5
YNL316C 4 32
YNL315C 5 53
YNL314W 0 0
YNL313C 0 0
YNL312W 0 0
YNL311C 6 151
YNL310C 2 5
YNL309W 0 0
YNL308C 1 31
YNL307C 2 18
YNL306W 0 0
YNL305C 3 3
YNL304W 5 125
YNL303W 2 34
YNL302C 0 0
YNL301C 2 12
YNL300W 2 7
YNL299W 1 3
YNL298W 0 0
YNL297C 0 0
YNL296W 0 0
YNL295W 2 12
YNL294C 2 90
YNL293W 6 72
YNL292W 4 46
YNL291C 0 0
YNL290W 0 0
YNL289W 0 0
YNL288W 3 11
YNL287W 0 0
YNL286W 2 6
YNL285W 8 149
YNL284C 3 9
YNL283C 0 0
YNL282W 0 0
YNL281W 1 3
YNL280C 0 0
YNL279W 5 63
YNL278W 2 4
YNL277W-A 6 73
YNL277W 2 24
YNL276C 0 0
YNL275W 8 58
YNL274C 0 0
YNL273W 3 212
YNL272C 0 0
YNL271C 0 0
YNL270C 1 15
YNL269W 0 0
YNL268W 7 93
YNL267W 0 0
YNL266W 1 2
YNL265C 9 110
YNL264C 4 113
YNL263C 1 10
YNL262W 0 0
YNL261W 0 0
YNL260C 0 0
YNL259C 3 48
YNL258C 0 0
YNL257C 1 1
YNL256W 0 0
YNL255C 6 250
YNL254C 11 303
YNL253W 6 54
YNL252C 0 0
YNL251C 0 0
YNL250W 8 246
YNL249C 1 3
YNL248C 0 0
YNL247W 0 0
YNL246W 3 19
YNL245C 2 11
YNL244C 0 0
YNL243W 0 0
YNL242W 0 0
YNL241C 4 47
YNL240C 1 1
YNL239W 6 58
YNL238W 0 0
YNL237W 3 32
YNL236W 1 1
YNL235C 4 88
YNL234W 4 48
YNL233W 2 4
YNL232W 0 0
YNL231C 2 42
YNL230C 2 6
YNL229C 0 0
YNL228W 13 2472
YNL227C 0 0
YNL226W 0 0
YNL225C 1 8
YNL224C 1 3
YNL223W 8 115
YNL222W 0 0
YNL221C 0 0
YNL220W 0 0
YNL219C 0 0
YNL218W 12 299
YNL217W 5 115
YNL216W 0 0
YNL215W 0 0
YNL214W 5 63
YNL213C 2 3
YNL212W 0 0
YNL211C 3 20
YNL210W 1 4
YNL209W 9 934
YNL208W 9 139
YNL207W 0 0
YNL206C 4 49
YNL205C 0 0
YNL204C 1 7
YNL203C 9 171
YNL202W 5 16
YNL201C 0 0
YNL200C 0 0
YNL199C 0 0
YNL198C 0 0
YNL197C 1 1
YNL196C 0 0
YNL195C 0 0
YNL194C 1 7
YNL193W 11 275
YNL192W 1 3
YNL191W 5 25
YNL190W 2 4
YNL189W 0 0
YNL188W 0 0
YNL187W 2 2
YNL186W 0 0
YNL185C 0 0
YNL184C 0 0
YNL183C 1 8
YNL182C 1 2
YNL181W 0 0
YNL180C 0 0
YNL179C 6 160
YNL178W 1 1
YNL177C 1 23
YNL176C 0 0
YNL175C 3 27
YNL174W 1 1
YNL173C 0 0
YNL172W 0 0
YNL171C 1 19
YNL170W 0 0
YNL169C 0 0
YNL168C 1 119
YNL167C 0 0
YNL166C 2 12
YNL165W 0 0
YNL164C 0 0
YNL163C 0 0
YNL162W-A 0 0
YNL162W 0 0
YNL161W 1 1
YNL160W 3 58
YNL159C 8 163
YNL158W 2 27
YNL157W 4 59
YNL156C 0 0
YNL155W 3 41
YNL154C 5 280
YNL153C 8 59
YNL152W 1 3
YNL151C 0 0
YNL150W 0 0
YNL149C 2 6
YNL148C 3 39
YNL147W 2 8
YNL146C-A 4 46
YNL146W 1 4
YNL145W 2 4
YNL144C 10 83
YNL144W-A 0 0
YNL143C 3 29
YNL142W 2 19
YNL141W 1 29
YNL140C 1 4
YNL139C 0 0
YNL138W-A 1 1
YNL138W 0 0
YNL137C 0 0
YNL136W 0 0
YNL135C 3 8
YNL134C 6 65
YNL133C 11 135
YNL132W 1 2
YNL131W 0 0
YNL130C 6 109
YNL130C-A 1 12
YNL129W 1 12
YNL128W 0 0
YNL127W 0 0
YNL126W 0 0
YNL125C 6 105
YNL124W 3 9
YNL123W 8 255
YNL122C 12 530
YNL121C 3 27
YNL120C 0 0
YNL119W 0 0
YNL118C 0 0
YNL117W 5 50
YNL116W 6 116
YNL115C 6 110
YNL114C 0 0
YNL113W 0 0
YNL112W 0 0
YNL111C 0 0
YNL110C 0 0
YNL109W 1 3
YNL108C 2 46
YNL107W 3 17
YNL106C 2 21
YNL105W 3 17
YNL104C 9 624
YNL103W-A 4 79
YNL103W 1 3
YNL102W 1 6
YNL101W 4 41
YNL100W 3 48
YNL099C 2 55
YNL098C 0 0
YNL097C-B 1 2
YNL097C 0 0
YNL097W-A 4 37
YNL096C 2 10
YNL095C 2 22
YNL094W 2 27
YNL093W 1 1
YNL092W 5 23
YNL091W 0 0
YNL090W 2 59
YNL089C 0 0
YNL088W 0 0
YNL087W 1 32
YNL086W 1 3
YNL085W 1 1
YNL084C 3 7
YNL083W 1 2
YNL082W 1 28
YNL081C 3 20
YNL080C 0 0
YNL079C 2 10
YNL078W 3 41
YNL077W 0 0
YNL076W 0 0
YNL075W 0 0
YNL074C 3 38
YNL073W 0 0
YNL072W 4 34
YNL071W 5 18
YNL070W 6 44
YNL069C 0 0
YNL068C 6 16
YNL067W-A 3 3
YNL067W-B 13 271
YNL067W 0 0
YNL066W 4 222
YNL065W 1 8
YNL064C 0 0
YNL063W 5 84
YNL062C 0 0
YNL061W 0 0
YNL059C 1 2
YNL058C 1 6
YNL057W 0 0
YNL056W 6 98
YNL055C 10 208
YNL054W 0 0
YNL053W 0 0
YNL052W 9 261
YNL051W 5 175
YNL050C 0 0
YNL049C 0 0
YNL048W 1 2
YNL047C 4 131
YNL046W 4 9
YNL045W 8 83
YNL044W 1 1
YNL043C 4 38
YNL042W-B 1 1
YNL042W 0 0
YNL041C 0 0
YNL040W 3 88
YNL039W 0 0
YNL038W 4 15
YNL037C 0 0
YNL036W 0 0
YNL035C 9 111
YNL034W 0 0
YNL033W 0 0
YNL032W 3 16
YNL031C 5 20
YNL030W 1 1
YNL029C 10 635
YNL028W 1 2
YNL027W 1 26
YNL026W 1 3
YNL025C 3 47
YNL024C-A 1 5
YNL024C 4 44
YNL023C 4 44
YNL022C 3 16
YNL021W 1 21
YNL020C 2 2
YNL019C 0 0
YNL018C 0 0
YNL017C 6 74
YNL016W 0 0
YNL015W 1 1
YNL014W 2 47
YNL013C 0 0
YNL012W 2 13
YNL011C 1 4
YNL010W 2 14
YNL009W 11 77
YNL008C 8 1332
YNL007C 0 0
YNL006W 2 6
YNL005C 0 0
YNL004W 6 107
YNL003C 6 58
YNL002C 0 0
YNL001W 1 5
YNR001C 2 34
YNR001W-A 8 38
YNR002C 10 228
YNR003C 2 27
YNR003W-A 14 917
YNR004W 2 17
YNR005C 1 8
YNR006W 1 2
YNR007C 2 75
YNR008W 5 67
YNR009W 4 28
YNR010W 1 6
YNR011C 0 0
YNR012W 4 37
YNR013C 0 0
YNR014W 20 332
YNR015W 5 373
YNR016C 1 6
YNR017W 1 14
YNR018W 19 1613
YNR019W 4 207
YNR020C 11 501
YNR021W 9 242
YNR022C 0 0
YNR023W 1 6
YNR024W 4 67
YNR025C 0 0
YNR026C 0 0
YNR027W 3 32
YNR028W 4 43
YNR029C 0 0
YNR030W 0 0
YNR031C 0 0
YNR032W 2 4
YNR032C-A 8 2696
YNR033W 7 143
YNR034W 0 0
YNR034W-A 1 8
YNR035C 0 0
YNR036C 2 10
YNR037C 2 3
YNR038W 0 0
YNR039C 3 53
YNR040W 8 40
YNR041C 0 0
YNR042W 0 0
YNR043W 0 0
YNR044W 2 15
YNR045W 0 0
YNR046W 1 18
YNR047W 6 167
YNR048W 1 2
YNR049C 4 19
YNR050C 4 11
YNR051C 0 0
YNR052C 0 0
YNR053C 0 0
YNR054C 1 2
YNR055C 1 3
YNR056C 2 6
YNR057C 2 16
YNR058W 3 24
YNR059W 3 25
YNR060W 0 0
YNR061C 1 10
YNR062C 7 155
YNR063W 0 0
YNR064C 7 127
YNR065C 0 0
YNR066C 14 633
YNR067C 0 0
YNR068C 1 9
YNR069C 2 57
YNR070W 2 2
YNR071C 4 17
YNR072W 0 0
YNR073C 1 5
YNR074C 1 54
YNR075W 9 762
YNR075C-A 3 1057
YNR076W 0 0
YNR077C 3 55
YOL166W-A 9 3789
YOL166C 0 0
YOL165C 0 0
YOL164W-A 0 0
YOL164W 0 0
YOL163W 1 4
YOL162W 0 0
YOL161C 0 0
YOL160W 0 0
YOL159C-A 5 25
YOL159C 8 115
YOL158C 7 63
YOL157C 0 0
YOL156W 0 0
YOL155W-A 0 0
YOL155C 0 0
YOL154W 1 5
YOL152W 1 1
YOL151W 1 6
YOL150C 2 4
YOL149W 1 21
YOL148C 0 0
YOL147C 0 0
YOL146W 0 0
YOL145C 1 1
YOL144W 0 0
YOL143C 0 0
YOL142W 0 0
YOL141W 4 45
YOL140W 10 286
YOL139C 0 0
YOL138C 4 27
YOL137W 3 13
YOL136C 0 0
YOL135C 1 2
YOL134C 0 0
YOL133W 1 4
YOL132W 4 163
YOL131W 0 0
YOL130W 0 0
YOL129W 6 27
YOL128C 8 64
YOL127W 0 0
YOL126C 5 46
YOL125W 10 522
YOL124C 4 14
YOL123W 0 0
YOL122C 1 1
YOL121C 4 21
YOL120C 0 0
YOL119C 2 8
YOL118C 5 446
YOL117W 5 99
YOL116W 2 9
YOL115W 0 0
YOL114C 8 91
YOL113W 4 44
YOL112W 2 19
YOL111C 3 21
YOL110W 13 444
YOL109W 3 12
YOL108C 10 164
YOL107W 9 360
YOL106W 0 0
YOL105C 0 0
YOL104C 5 22
YOL103W 0 0
YOL102C 3 22
YOL101C 2 67
YOL100W 1 36
YOL099C 0 0
YOL098C 1 12
YOL097W-A 1 13
YOL097C 2 20
YOL096C 4 20
YOL095C 0 0
YOL094C 0 0
YOL093W 0 0
YOL092W 3 90
YOL091W 0 0
YOL090W 0 0
YOL089C 3 28
YOL088C 3 58
YOL087C 0 0
YOL086W-A 8 37
YOL086C 0 0
YOL085W-A 5 47
YOL085C 8 277
YOL084W 2 19
YOL083W 1 35
YOL083C-A 2 18
YOL082W 2 34
YOL081W 2 34
YOL080C 2 3
YOL079W 1 1
YOL078W 0 0
YOL077W-A 7 119
YOL077C 0 0
YOL076W 0 0
YOL075C 3 7
YOL073C 3 126
YOL072W 0 0
YOL071W 5 172
YOL070C 5 14
YOL069W 0 0
YOL068C 5 93
YOL067C 8 42
YOL066C 0 0
YOL065C 3 97
YOL064C 0 0
YOL063C 3 18
YOL062C 10 157
YOL061W 1 11
YOL060C 2 4
YOL059W 4 38
YOL058W 12 169
YOL057W 7 75
YOL056W 2 7
YOL055C 1 4
YOL054W 1 2
YOL053W 5 10
YOL052C-A 4 23
YOL052C 4 85
YOL051W 1 10
YOL050C 4 434
YOL049W 10 473
YOL048C 3 140
YOL047C 1 4
YOL046C 0 0
YOL045W 4 21
YOL044W 1 9
YOL043C 2 6
YOL042W 3 41
YOL041C 2 30
YOL040C 1 2
YOL039W 3 37
YOL038C-A 0 0
YOL038W 0 0
YOL037C 0 0
YOL036W 0 0
YOL035C 2 7
YOL034W 1 14
YOL033W 1 6
YOL032W 0 0
YOL031C 1 12
YOL030W 1 11
YOL029C 1 53
YOL028C 2 7
YOL027C 3 22
YOL026C 1 1
YOL025W 2 32
YOL024W 1 3
YOL023W 3 32
YOL022C 0 0
YOL021C 1 3
YOL020W 4 28
YOL019W-A 11 97
YOL019W 0 0
YOL018C 2 5
YOL017W 0 0
YOL016C 4 18
YOL015W 0 0
YOL014W 0 0
YOL013W-B 0 0
YOL013W-A 1 3
YOL013C 0 0
YOL012C 0 0
YOL011W 0 0
YOL010W 0 0
YOL009C 4 44
YOL008W 3 33
YOL007C 0 0
YOL006C 0 0
YOL005C 1 1
YOL004W 0 0
YOL003C 16 1071
YOL002C 3 38
YOL001W 0 0
YOR001W 1 28
YOR002W 2 18
YOR003W 3 9
YOR004W 0 0
YOR005C 3 47
YOR006C 2 9
YOR007C 3 61
YOR008C 0 0
YOR008C-A 0 0
YOR008W-B 5 15
YOR009W 0 0
YOR010C 0 0
YOR011W 1 8
YOR011W-A 0 0
YOR012W 0 0
YOR013W 1 3
YOR014W 0 0
YOR015W 0 0
YOR016C 1 11
YOR017W 1 7
YOR018W 0 0
YOR019W 1 38
YOR020C 2 3
YOR020W-A 4 19
YOR021C 5 91
YOR022C 3 62
YOR023C 5 76
YOR024W 6 113
YOR025W 5 18
YOR026W 4 21
YOR027W 2 20
YOR028C 2 48
YOR029W 3 76
YOR030W 2 5
YOR031W 13 75
YOR032C 3 17
YOR032W-A 5 71
YOR033C 2 26
YOR034C 1 2
YOR034C-A 1 7
YOR035C 4 17
YOR036W 0 0
YOR037W 2 17
YOR038C 4 13
YOR039W 0 0
YOR040W 2 61
YOR041C 6 128
YOR042W 7 72
YOR043W 1 5
YOR044W 2 2
YOR045W 4 37
YOR046C 0 0
YOR047C 0 0
YOR048C 0 0
YOR049C 0 0
YOR050C 5 57
YOR051C 2 24
YOR052C 0 0
YOR053W 2 33
YOR054C 3 247
YOR055W 2 22
YOR056C 0 0
YOR057W 0 0
YOR058C 1 13
YOR059C 5 169
YOR060C 0 0
YOR061W 0 0
YOR062C 0 0
YOR063W 0 0
YOR064C 29 3880
YOR065W 1 29
YOR066W 3 30
YOR067C 3 30
YOR069W 1 3
YOR068C 3 10
YOR070C 3 48
YOR071C 3 20
YOR072W 2 6
YOR072W-A 2 43
YOR072W-B 4 15
YOR073W 2 26
YOR074C 0 0
YOR073W-A 0 0
YOR075W 5 48
YOR076C 5 459
YOR077W 0 0
YOR078W 0 0
YOR079C 1 6
YOR080W 2 20
YOR081C 1 1
YOR082C 2 6
YOR083W 3 29
YOR084W 9 155
YOR085W 2 6
YOR086C 2 49
YOR087W 2 10
YOR089C 0 0
YOR090C 0 0
YOR091W 0 0
YOR092W 0 0
YOR093C 2 3
YOR094W 0 0
YOR095C 0 0
YOR096W 0 0
YOR097C 1 35
YOR098C 1 10
YOR099W 1 1
YOR100C 2 83
YOR101W 0 0
YOR102W 10 368
YOR103C 0 0
YOR104W 5 83
YOR105W 0 0
YOR106W 1 1
YOR107W 6 135
YOR108W 2 17
YOR108C-A 2 4
YOR109W 1 2
YOR110W 0 0
YOR111W 4 63
YOR112W 1 13
YOR113W 0 0
YOR114W 3 48
YOR115C 3 319
YOR116C 0 0
YOR117W 0 0
YOR118W 1 9
YOR119C 0 0
YOR120W 5 93
YOR121C 4 53
YOR122C 5 22
YOR123C 0 0
YOR124C 0 0
YOR125C 1 14
YOR126C 8 687
YOR127W 0 0
YOR128C 1 2
YOR129C 1 4
YOR130C 2 43
YOR131C 0 0
YOR132W 2 8
YOR133W 4 92
YOR134W 0 0
YOR135C 2 9
YOR136W 0 0
YOR137C 1 1
YOR138C 2 115
YOR139C 0 0
YOR140W 1 1
YOR141C 1 2
YOR142W 2 33
YOR143C 0 0
YOR144C 2 14
YOR145C 0 0
YOR146W 0 0
YOR147W 7 194
YOR148C 2 9
YOR149C 0 0
YOR150W 0 0
YOR151C 0 0
YOR152C 0 0
YOR153W 1 1
YOR154W 1 156
YOR155C 2 40
YOR156C 0 0
YOR157C 0 0
YOR158W 2 19
YOR159C 0 0
YOR160W 2 4
YOR161C 9 1721
YOR161W-A 0 0
YOR161W-B 1 3
YOR161C-C 11 230
YOR162C 4 139
YOR163W 7 49
YOR164C 5 72
YOR165W 2 87
YOR166C 1 48
YOR167C 0 0
YOR168W 0 0
YOR169C 2 67
YOR170W 1 1
YOR171C 1 10
YOR172W 8 60
YOR173W 7 90
YOR174W 0 0
YOR175C 2 5
YOR176W 0 0
YOR177C 1 5
YOR178C 6 131
YOR179C 5 252
YOR180C 2 4
YOR181W 1 1
YOR182C 1 1
YOR183W 0 0
YOR184W 0 0
YOR185C 0 0
YOR186W 6 207
YOR186C-A 2 6
YOR187W 0 0
YOR188W 0 0
YOR189W 2 64
YOR190W 1 3
YOR191W 1 34
YOR192C 0 0
YOR192C-C 0 0
YOR193W 0 0
YOR194C 0 0
YOR195W 0 0
YOR196C 8 144
YOR197W 7 147
YOR198C 3 18
YOR199W 4 36
YOR200W 10 614
YOR201C 5 13
YOR202W 3 38
YOR203W 2 2
YOR204W 0 0
YOR205C 5 108
YOR206W 0 0
YOR207C 1 6
YOR208W 5 28
YOR209C 1 6
YOR210W 0 0
YOR211C 1 7
YOR212W 7 633
YOR213C 1 12
YOR214C 0 0
YOR215C 4 10
YOR216C 4 16
YOR217W 1 1
YOR218C 1 5
YOR219C 3 12
YOR220W 4 148
YOR221C 2 42
YOR222W 2 58
YOR223W 8 77
YOR224C 0 0
YOR225W 0 0
YOR226C 7 404
YOR227W 2 17
YOR228C 2 2
YOR229W 1 89
YOR230W 4 96
YOR231W 1 2
YOR231C-A 2 42
YOR232W 0 0
YOR233W 1 7
YOR234C 1 3
YOR235W 0 0
YOR236W 0 0
YOR237W 3 18
YOR238W 4 181
YOR239W 5 34
YOR241W 3 48
YOR242C 3 19
YOR243C 1 5
YOR244W 0 0
YOR245C 9 96
YOR246C 1 26
YOR247W 0 0
YOR248W 1 1
YOR249C 0 0
YOR250C 0 0
YOR251C 8 175
YOR252W 2 18
YOR253W 4 31
YOR254C 0 0
YOR255W 6 69
YOR256C 1 8
YOR257W 1 6
YOR258W 1 5
YOR259C 0 0
YOR260W 0 0
YOR261C 0 0
YOR262W 0 0
YOR263C 0 0
YOR264W 1 3
YOR265W 7 202
YOR266W 1 24
YOR267C 1 2
YOR268C 4 28
YOR269W 7 360
YOR270C 0 0
YOR271C 6 315
YOR272W 0 0
YOR273C 15 206
YOR274W 10 78
YOR275C 14 1143
YOR276W 7 90
YOR277C 1 9
YOR278W 1 1
YOR279C 2 8
YOR280C 5 179
YOR281C 3 7
YOR282W 0 0
YOR283W 3 39
YOR284W 8 174
YOR285W 2 83
YOR286W 6 77
YOR287C 0 0
YOR288C 0 0
YOR289W 5 38
YOR290C 0 0
YOR291W 4 49
YOR292C 12 563
YOR293W 0 0
YOR293C-A 2 8
YOR294W 0 0
YOR295W 1 2
YOR296W 2 17
YOR297C 8 96
YOR298W 2 201
YOR298C-A 4 16
YOR299W 3 73
YOR300W 0 0
YOR301W 3 178
YOR302W 8 152
YOR303W 4 52
YOR304W 3 13
YOR304C-A 2 10
YOR305W 0 0
YOR306C 2 11
YOR307C 1 1
YOR308C 0 0
YOR309C 1 2
YOR310C 0 0
YOR311C 6 61
YOR312C 0 0
YOR313C 1 15
YOR314W 0 0
YOR314W-A 10 72
YOR315W 3 38
YOR316C 3 11
YOR316C-A 8 99
YOR317W 7 78
YOR318C 4 52
YOR319W 0 0
YOR320C 0 0
YOR321W 5 339
YOR322C 1 2
YOR323C 1 49
YOR324C 5 42
YOR325W 3 16
YOR326W 0 0
YOR327C 0 0
YOR328W 1 4
YOR329C 0 0
YOR329W-A 0 0
YOR330C 3 177
YOR331C 0 0
YOR332W 0 0
YOR333C 0 0
YOR334W 5 12
YOR335C 0 0
YOR335W-A 0 0
YOR336W 3 257
YOR337W 8 43
YOR338W 3 44
YOR339C 0 0
YOR340C 0 0
YOR341W 0 0
YOR342C 6 63
YOR343C 21 844
YOR344C 2 2
YOR345C 2 5
YOR346W 2 11
YOR347C 0 0
YOR348C 9 302
YOR349W 9 204
YOR350C 1 6
YOR351C 0 0
YOR352W 3 35
YOR353C 1 1
YOR354C 14 178
YOR355W 0 0
YOR356W 2 62
YOR357C 17 901
YOR358W 1 6
YOR359W 0 0
YOR360C 4 76
YOR361C 8 250
YOR362C 0 0
YOR363C 2 33
YOR364W 6 185
YOR365C 1 1
YOR366W 0 0
YOR367W 6 69
YOR368W 6 87
YOR369C 0 0
YOR370C 0 0
YOR371C 1 1
YOR372C 1 2
YOR373W 0 0
YOR374W 2 7
YOR375C 0 0
YOR376W 2 2
YOR376W-A 0 0
YOR377W 1 1
YOR378W 0 0
YOR379C 6 54
YOR380W 3 9
YOR381W 0 0
YOR381W-A 1 8
YOR382W 1 8
YOR383C 1 37
YOR384W 0 0
YOR385W 5 64
YOR386W 6 83
YOR387C 5 37
YOR388C 0 0
YOR389W 1 9
YOR390W 1 1
YOR391C 0 0
YOR392W 4 77
YOR393W 0 0
YOR394W 0 0
YOR394C-A 0 0
YOR396W 0 0
YOR396C-A 0 0
YPL283C 0 0
YPL283W-B 0 0
YPL283W-A 0 0
YPL282C 0 0
YPL281C 0 0
YPL280W 0 0
YPL279C 2 73
YPL278C 0 0
YPL277C 0 0
YPL274W 1 1
YPL273W 0 0
YPL272C 3 19
YPL271W 1 8
YPL270W 8 249
YPL269W 9 222
YPL268W 4 153
YPL267W 4 62
YPL266W 0 0
YPL265W 2 51
YPL264C 4 68
YPL263C 1 6
YPL262W 1 5
YPL261C 4 102
YPL260W 0 0
YPL259C 8 115
YPL258C 4 5
YPL257W 0 0
YPL256C 1 8
YPL255W 0 0
YPL254W 0 0
YPL253C 8 375
YPL252C 6 45
YPL251W 2 9
YPL250C 4 53
YPL249C-A 0 0
YPL250W-A 0 0
YPL249C 6 32
YPL248C 1 11
YPL247C 2 13
YPL246C 2 62
YPL245W 4 8
YPL244C 2 99
YPL243W 1 1
YPL242C 0 0
YPL241C 5 82
YPL240C 3 62
YPL239W 0 0
YPL238C 0 0
YPL237W 0 0
YPL236C 2 14
YPL235W 0 0
YPL234C 0 0
YPL233W 1 8
YPL232W 2 39
YPL231W 1 10
YPL230W 1 10
YPL229W 6 239
YPL228W 1 2
YPL227C 1 2
YPL226W 3 3
YPL225W 0 0
YPL224C 12 1100
YPL223C 10 1474
YPL222W 6 396
YPL222C-A 0 0
YPL221W 8 165
YPL220W 16 297
YPL219W 2 5
YPL218W 2 10
YPL217C 0 0
YPL216W 0 0
YPL215W 4 15
YPL214C 0 0
YPL213W 0 0
YPL212C 4 29
YPL211W 2 29
YPL210C 0 0
YPL209C 3 18
YPL208W 2 42
YPL207W 0 0
YPL206C 3 3
YPL205C 0 0
YPL204W 0 0
YPL203W 6 211
YPL202C 11 132
YPL201C 6 53
YPL200W 0 0
YPL199C 4 38
YPL198W 9 239
YPL197C 0 0
YPL196W 0 0
YPL195W 10 483
YPL194W 0 0
YPL193W 0 0
YPL192C 0 0
YPL191C 2 50
YPL190C 0 0
YPL189C-A 5 174
YPL189W 4 54
YPL188W 1 5
YPL187W 4 163
YPL186C 22 1900
YPL185W 5 113
YPL184C 0 0
YPL183W-A 4 31
YPL183C 1 10
YPL182C 1 11
YPL181W 0 0
YPL180W 1 1
YPL179W 0 0
YPL178W 0 0
YPL177C 4 25
YPL176C 2 3
YPL175W 0 0
YPL174C 0 0
YPL173W 1 2
YPL172C 0 0
YPL171C 4 30
YPL170W 2 36
YPL169C 1 1
YPL168W 0 0
YPL167C 1 37
YPL166W 4 63
YPL165C 0 0
YPL164C 5 609
YPL163C 0 0
YPL162C 1 2
YPL161C 0 0
YPL160W 0 0
YPL159C 0 0
YPL158C 0 0
YPL157W 1 6
YPL156C 2 24
YPL155C 5 62
YPL154C 0 0
YPL153C 0 0
YPL152W-A 1 7
YPL152W 0 0
YPL151C 0 0
YPL150W 0 0
YPL149W 0 0
YPL148C 0 0
YPL147W 5 103
YPL146C 2 29
YPL145C 0 0
YPL144W 3 15
YPL143W 0 0
YPL142C 0 0
YPL141C 0 0
YPL140C 1 8
YPL139C 0 0
YPL138C 3 16
YPL137C 3 16
YPL136W 1 1
YPL135W 4 199
YPL135C-A 2 39
YPL134C 8 96
YPL133C 0 0
YPL132W 2 29
YPL131W 0 0
YPL130W 2 41
YPL129W 0 0
YPL128C 0 0
YPL127C 5 59
YPL126W 0 0
YPL125W 0 0
YPL124W 1 11
YPL123C 2 28
YPL122C 2 12
YPL121C 0 0
YPL120W 12 188
YPL119C-A 0 0
YPL119C 3 76
YPL118W 0 0
YPL117C 0 0
YPL116W 2 9
YPL115C 0 0
YPL114W 6 327
YPL113C 3 17
YPL112C 5 126
YPL111W 1 1
YPL110C 0 0
YPL109C 4 20
YPL108W 5 41
YPL107W 5 28
YPL106C 0 0
YPL105C 4 25
YPL104W 2 5
YPL103C 0 0
YPL102C 0 0
YPL101W 3 12
YPL100W 3 29
YPL099C 2 3
YPL098C 1 4
YPL097W 1 2
YPL096C-A 0 0
YPL096W 8 83
YPL095C 2 6
YPL094C 2 4
YPL093W 0 0
YPL092W 2 43
YPL091W 2 9
YPL090C 0 0
YPL089C 12 1016
YPL088W 0 0
YPL087W 1 3
YPL086C 0 0
YPL085W 0 0
YPL084W 4 30
YPL083C 1 2
YPL082C 3 6
YPL081W 4 193
YPL080C 2 9
YPL079W 2 9
YPL078C 4 18
YPL077C 3 75
YPL076W 0 0
YPL075W 0 0
YPL074W 6 50
YPL073C 4 38
YPL072W 1 1
YPL071C 0 0
YPL070W 0 0
YPL069C 4 24
YPL068C 8 59
YPL067C 4 41
YPL066W 4 25
YPL065W 5 36
YPL064C 2 31
YPL063W 0 0
YPL062W 19 2760
YPL061W 2 5
YPL060W 5 175
YPL059W 2 5
YPL058C 1 14
YPL057C 3 13
YPL056C 19 1989
YPL055C 3 12
YPL054W 1 3
YPL053C 1 1
YPL052W 5 101
YPL051W 3 49
YPL050C 0 0
YPL049C 6 164
YPL048W 10 263
YPL047W 1 1
YPL046C 4 16
YPL045W 0 0
YPL044C 0 0
YPL043W 0 0
YPL042C 0 0
YPL041C 9 106
YPL040C 3 12
YPL039W 5 28
YPL038W-A 0 0
YPL038W 15 236
YPL037C 4 186
YPL036W 3 65
YPL035C 3 25
YPL034W 1 2
YPL033C 2 14
YPL032C 5 57
YPL031C 0 0
YPL030W 1 9
YPL029W 1 3
YPL028W 0 0
YPL027W 1 2
YPL026C 0 0
YPL025C 14 630
YPL024W 0 0
YPL023C 1 2
YPL022W 0 0
YPL021W 1 5
YPL020C 0 0
YPL019C 4 120
YPL018W 4 53
YPL017C 2 222
YPL016W 0 0
YPL015C 17 212
YPL014W 3 57
YPL013C 1 9
YPL012W 0 0
YPL011C 0 0
YPL010W 1 16
YPL009C 2 66
YPL008W 1 45
YPL007C 0 0
YPL006W 4 79
YPL005W 1 2
YPL004C 0 0
YPL003W 4 46
YPL002C 11 320
YPL001W 6 145
YPR001W 7 187
YPR002W 16 419
YPR002C-A 4 31
YPR003C 4 12
YPR004C 0 0
YPR005C 4 43
YPR006C 2 8
YPR007C 1 1
YPR008W 2 69
YPR009W 2 33
YPR010C 0 0
YPR010C-A 11 440
YPR011C 1 9
YPR012W 5 22
YPR013C 0 0
YPR014C 0 0
YPR015C 3 33
YPR016C 0 0
YPR016W-A 0 0
YPR017C 5 720
YPR018W 1 1
YPR019W 0 0
YPR020W 5 51
YPR021C 0 0
YPR022C 6 144
YPR023C 6 112
YPR024W 2 42
YPR025C 1 5
YPR026W 2 5
YPR027C 2 46
YPR028W 4 34
YPR029C 0 0
YPR030W 7 372
YPR031W 3 30
YPR032W 0 0
YPR033C 1 2
YPR034W 0 0
YPR035W 0 0
YPR036W 0 0
YPR036W-A 2 23
YPR037C 3 15
YPR038W 2 160
YPR039W 4 47
YPR040W 12 518
YPR041W 0 0
YPR042C 0 0
YPR043W 0 0
YPR044C 0 0
YPR045C 4 193
YPR046W 16 546
YPR047W 1 1
YPR048W 3 63
YPR049C 2 45
YPR050C 6 149
YPR051W 1 47
YPR052C 5 402
YPR053C 1 13
YPR054W 3 21
YPR055W 0 0
YPR056W 0 0
YPR057W 6 19
YPR058W 0 0
YPR059C 5 66
YPR060C 0 0
YPR061C 14 388
YPR062W 5 114
YPR063C 4 40
YPR064W 7 92
YPR065W 0 0
YPR066W 0 0
YPR067W 2 3
YPR068C 7 195
YPR069C 2 27
YPR070W 2 86
YPR071W 1 1
YPR072W 0 0
YPR073C 4 146
YPR074C 1 4
YPR074W-A 3 129
YPR075C 10 295
YPR076W 1 8
YPR077C 0 0
YPR078C 0 0
YPR079W 4 82
YPR080W 1 2
YPR081C 1 20
YPR082C 5 66
YPR083W 3 7
YPR084W 0 0
YPR085C 1 2
YPR086W 1 9
YPR087W 0 0
YPR088C 0 0
YPR089W 3 41
YPR091C 9 425
YPR092W 4 14
YPR093C 3 122
YPR094W 3 28
YPR095C 0 0
YPR096C 2 17
YPR097W 0 0
YPR098C 3 173
YPR099C 2 21
YPR100W 3 9
YPR101W 0 0
YPR102C 0 0
YPR103W 0 0
YPR104C 0 0
YPR105C 0 0
YPR106W 2 21
YPR107C 0 0
YPR108W 0 0
YPR108W-A 1 3
YPR109W 2 67
YPR110C 0 0
YPR111W 6 18
YPR112C 0 0
YPR113W 1 10
YPR114W 0 0
YPR115W 0 0
YPR116W 1 7
YPR117W 2 8
YPR118W 4 52
YPR119W 1 7
YPR120C 0 0
YPR121W 1 1
YPR122W 3 1761
YPR123C 1 2
YPR124W 0 0
YPR125W 0 0
YPR126C 8 98
YPR127W 7 349
YPR128C 3 71
YPR129W 3 5
YPR130C 1 73
YPR131C 6 48
YPR132W 1 12
YPR133C 0 0
YPR133W-A 3 29
YPR134W 1 8
YPR135W 0 0
YPR136C 0 0
YPR137W 0 0
YPR138C 0 0
YPR139C 0 0
YPR140W 0 0
YPR141C 0 0
YPR142C 0 0
YPR143W 3 8
YPR144C 0 0
YPR145W 10 351
YPR145C-A 5 70
YPR146C 1 1
YPR147C 0 0
YPR148C 5 34
YPR149W 1 12
YPR150W 5 32
YPR151C 22 788
YPR152C 9 177
YPR153W 3 29
YPR154W 8 180
YPR155C 1 52
YPR156C 1 1
YPR157W 2 38
YPR158W 0 0
YPR159W 1 2
YPR159C-A 16 1403
YPR160W 2 11
YPR160W-A 1 2
YPR160C-A 0 0
YPR161C 0 0
YPR162C 0 0
YPR163C 3 11
YPR164W 0 0
YPR165W 0 0
YPR166C 3 41
YPR167C 5 48
YPR168W 2 9
YPR169W 0 0
YPR170C 3 18
YPR169W-A 6 133
YPR170W-B 6 133
YPR170W-A 1 2
YPR171W 6 25
YPR172W 4 48
YPR173C 0 0
YPR174C 1 7
YPR175W 0 0
YPR176C 1 5
YPR177C 3 26
YPR178W 2 16
YPR179C 3 25
YPR180W 0 0
YPR181C 3 60
YPR182W 0 0
YPR183W 5 74
YPR184W 2 2
YPR185W 1 32
YPR186C 0 0
YPR187W 1 3
YPR188C 5 131
YPR189W 2 8
YPR190C 1 4
YPR191W 0 0
YPR192W 2 18
YPR193C 5 69
YPR194C 0 0
YPR195C 7 39
YPR196W 5 313
YPR197C 0 0
YPR198W 1 60
YPR199C 8 1085
YPR200C 0 0
YPR201W 0 0
YPR202W 0 0
YPR203W 0 0
YPR204W 0 0
YPR204C-A 0 0
