YAL069W 24 7312
YAL068W-A 16 12142
YAL068C 5 103
YAL067W-A 2 613
YAL067C 29 8506
YAL066W 3 236
YAL065C 7 851
YAL064W-B 0 0
YAL064C-A 2 107
YAL064W 1 14
YAL063C-A 0 0
YAL063C 19 333
YAL062W 66 2283
YAL061W 55 5691
YAL060W 41 1915
YAL059C-A 5 225
YAL059W 9 367
YAL058W 42 1443
YAL056C-A 6 136
YAL056W 57 3445
YAL055W 13 369
YAL054C 61 3810
YAL053W 38 1779
YAL051W 48 1822
YAL049C 13 264
YAL048C 41 1527
YAL047W-A 7 176
YAL047C 15 572
YAL046C 7 59
YAL045C 6 60
YAL044W-A 9 159
YAL044C 18 227
YAL043C 50 2896
YAL042C-A 14 827
YAL042W 37 2353
YAL041W 19 309
YAL040C 17 483
YAL039C 60 3500
YAL038W 32 2122
YAL037C-B 22 1715
YAL037C-A 1 6
YAL037W 18 522
YAL036C 14 67598
YAL035W 33 1140
YAL034C-B 18 523
YAL034W-A 8 130
YAL034C 22 745
YAL033W 5 167
YAL032C 21 748
YAL031W-A 2 97
YAL031C 20 942
YAL030W 11 1072
YAL029C 39 643
YAL028W 22 1541
YAL027W 14 182
YAL026C-A 5 121
YAL026C 26 988
YAL025C 2 2
YAL024C 32 716
YAL023C 33 998
YAL022C 25 480
YAL021C 44 819
YAL020C 25 638
YAL019W-A 16 500
YAL019W 26 840
YAL018C 9 290
YAL017W 47 3417
YAL016C-B 9 98
YAL016C-A 6 1285
YAL016W 13 250
YAL015C 28 1257
YAL014C 11 345
YAL013W 8 221
YAL012W 21 819
YAL011W 14 441
YAL010C 14 192
YAL009W 4 12
YAL008W 11 107
YAL007C 10 148
YAL005C 32 2443
YAL004W 10 1583
YAL003W 8 324
YAL002W 70 33448
YAL001C 111 7641
YAR002W 51 1823
YAR002C-A 19 3197
YAR003W 49 2864
YAR007C 16 142
YAR008W 13 273
YAR014C 24 924
YAR015W 8 89
YAR018C 19 1017
YAR019C 24 11357
YAR019W-A 5 183
YAR020C 2 77
YAR023C 9 477
YAR027W 11 2604
YAR028W 16 951
YAR029W 0 0
YAR030C 4 83
YAR031W 6 138
YAR033W 3 162
YAR035W 119 6201
YAR035C-A 1 2
YAR042W 55 2036
YAR047C 0 0
YAR050W 20 710
YAR053W 0 0
YAR060C 0 0
YAR064W 1 14
YAR066W 0 0
YAR068W 0 0
YAR069C 0 0
YAR070C 0 0
YAR071W 2 9
YAR073W 5 18
YAR075W 1 3
YBL113C 0 0
YBL113W-A 0 0
YBL112C 0 0
YBL111C 0 0
YBL109W 17 245
YBL108C-A 0 0
YBL108W 18 950
YBL107W-A 0 0
YBL107C 12 313
YBL106C 23 682
YBL105C 36 874
YBL104C 62 1854
YBL103C 16 206
YBL102W 5 103
YBL101C 46 7465
YBL100W-C 6 87
YBL100C 0 0
YBL099W 19 332
YBL098W 29 696
YBL097W 35 498
YBL096C 12 321
YBL095W 12 421
YBL094C 2 188
YBL093C 15 165
YBL092W 1 36
YBL091C-A 12 186
YBL091C 20 377
YBL090W 9 208
YBL089W 15 195
YBL088C 108 2704
YBL087C 10 291
YBL086C 2 10
YBL085W 23 1812
YBL084C 27 1068
YBL083C 4 51
YBL082C 30 644
YBL081W 11 398
YBL080C 29 1064
YBL079W 32 805
YBL078C 0 0
YBL077W 13 557
YBL076C 33 745
YBL075C 30 977
YBL074C 21 703
YBL073W 20 1117
YBL072C 4 58
YBL071C-B 3 8
YBL071W-A 2 17
YBL071C 6 219
YBL070C 5 299
YBL069W 26 1038
YBL068W-A 3 83
YBL068W 11 202
YBL067C 20 17025
YBL066C 49 1163
YBL065W 7 25
YBL064C 19 254
YBL063W 38 1539
YBL062W 3 28
YBL061C 21 288
YBL060W 23 711
YBL059C-A 1 5
YBL059W 5 109
YBL058W 30 635
YBL057C 19 514
YBL056W 21 556
YBL055C 19 240
YBL054W 23 817
YBL053W 4 6
YBL052C 18 360
YBL051C 20 660
YBL050W 15 321
YBL049W 2 73
YBL048W 2 7
YBL047C 53 1727
YBL046W 26 470
YBL045C 15 216
YBL044W 34 7436
YBL043W 6 115
YBL042C 40 766
YBL041W 5 337
YBL040C 7 231
YBL039W-B 1 1
YBL039C 15 226
YBL039C-A 0 0
YBL038W 10 385
YBL037W 46 1282
YBL036C 17 219
YBL035C 29 538
YBL034C 33 725
YBL033C 20 304
YBL032W 20 305
YBL031W 35 1900
YBL030C 19 1103
YBL029C-A 7 253
YBL029W 16 340
YBL028C 3 111
YBL027W 3 66
YBL026W 5 58
YBL025W 3 154
YBL024W 20 2094
YBL023C 31 995
YBL022C 19 163
YBL021C 14 835
YBL020W 20 415
YBL019W 18 4739
YBL018C 9 237
YBL017C 69 2349
YBL016W 24 337
YBL015W 62 2229
YBL014C 29 947
YBL013W 66 3217
YBL012C 10 77
YBL011W 29 558
YBL010C 8 234
YBL009W 30 670
YBL008W-A 3 57
YBL008W 31 1123
YBL007C 33 754
YBL006C 5 98
YBL006W-A 4 93
YBL005W 39 632
YBL004W 38 1373
YBL003C 6 690
YBL002W 19 1854
YBL001C 26 2166
YBR001C 111 7243
YBR002C 24 397
YBR003W 29 2098
YBR004C 19 509
YBR005W 12 97
YBR006W 53 2913
YBR007C 39 3067
YBR008C 39 1942
YBR009C 3 17
YBR010W 7 223
YBR011C 11 241
YBR012C 1 8
YBR013C 5 310
YBR014C 4 21
YBR015C 30 795
YBR016W 6 140
YBR017C 23 416
YBR018C 17 819
YBR019C 54 1209
YBR020W 47 783
YBR021W 22 345
YBR022W 17 275
YBR023C 40 4545
YBR024W 10 303
YBR025C 26 370
YBR026C 16 329
YBR027C 16 295
YBR028C 7 106
YBR029C 17 325
YBR030W 7 27
YBR031W 7 396
YBR032W 36 31340
YBR033W 48 1256
YBR034C 30 914
YBR035C 20 409
YBR036C 14 1401
YBR037C 20 259
YBR038W 33 525
YBR039W 5 57
YBR040W 5 44
YBR041W 10 170
YBR042C 9 252
YBR043C 27 570
YBR044C 11 317
YBR045C 16 455
YBR046C 12 254
YBR047W 16 696
YBR048W 5 177
YBR049C 31 861
YBR050C 23 741
YBR051W 5 1469
YBR052C 10 219
YBR053C 15 1039
YBR054W 22 1097
YBR055C 30 1143
YBR056W 18 272
YBR056W-A 6 219
YBR056C-B 2 37
YBR057C 8 166
YBR058C 20 693
YBR058C-A 1 12
YBR059C 36 758
YBR060C 17 301
YBR061C 19 623
YBR062C 3 53
YBR063C 8 102
YBR064W 0 0
YBR065C 10 139
YBR066C 8 33
YBR067C 2 33
YBR068C 41 4281
YBR069C 25 251
YBR070C 20 330
YBR071W 11 97
YBR072W 19 1222
YBR072C-A 7 469
YBR073W 22 309
YBR074W 46 1432
YBR076W 12 343
YBR076C-A 13 792
YBR077C 11 348
YBR078W 42 3459
YBR079C 31 614
YBR080C 21 314
YBR081C 40 785
YBR082C 13 238
YBR083W 27 577
YBR084W 19 1024
YBR084C-A 6 180
YBR085W 10 279
YBR085C-A 5 99
YBR086C 29 463
YBR087W 10 842
YBR088C 14 192
YBR089W 10 116
YBR089C-A 19 248
YBR090C 26 669
YBR091C 5 30
YBR092C 14 766
YBR093C 24 5133
YBR094W 28 1266
YBR095C 6 232
YBR096W 6 53
YBR097W 19 130
YBR098W 31 811
YBR099C 5 8
YBR101C 4 31
YBR102C 35 552
YBR103W 13 318
YBR103C-A 6 573
YBR104W 15 355
YBR105C 14 233
YBR106W 12 280
YBR107C 10 745
YBR108W 29 751
YBR109C 2 9
YBR109W-A 8 106
YBR110W 11 166
YBR111C 17 718
YBR111W-A 5 53
YBR112C 22 677
YBR113W 7 150
YBR114W 36 728
YBR115C 52 2062
YBR116C 15 1487
YBR117C 46 1746
YBR118W 2 30
YBR119W 11 484
YBR120C 3 152
YBR121C 6 21
YBR121C-A 0 0
YBR122C 6 78
YBR123C 19 294
YBR124W 11 360
YBR125C 17 306
YBR126C 41 703
YBR126W-A 11 1405
YBR126W-B 8 1336
YBR127C 15 647
YBR128C 18 453
YBR129C 4 99
YBR130C 7 110
YBR131W 13 128
YBR131C-A 0 0
YBR132C 34 7430
YBR133C 44 1001
YBR134W 16 233
YBR135W 11 681
YBR136W 44 722
YBR137W 12 90
YBR138C 24 642
YBR139W 27 341
YBR140C 96 6301
YBR141C 8 310
YBR141W-A 1 24
YBR142W 33 808
YBR143C 12 267
YBR144C 18 681
YBR145W 18 240
YBR146W 10 403
YBR147W 17 1352
YBR148W 26 801
YBR149W 21 1028
YBR150C 37 600
YBR151W 16 547
YBR152W 11 308
YBR153W 13 679
YBR154C 0 0
YBR155W 10 202
YBR156C 17 286
YBR157C 12 2990
YBR158W 20 1310
YBR159W 14 280
YBR160W 18 541
YBR161W 5 25
YBR162C 22 916
YBR162W-A 4 262
YBR163W 13 147
YBR164C 6 229
YBR165W 6 73
YBR166C 14 195
YBR167C 7 168
YBR168W 8 287
YBR169C 35 11516
YBR170C 23 738
YBR171W 4 24
YBR172C 31 1512
YBR173C 7 270
YBR174C 6 67
YBR175W 18 819
YBR176W 12 152
YBR177C 16 393
YBR178W 18 1226
YBR179C 30 505
YBR180W 19 701
YBR181C 3 11
YBR182C 24 582
YBR182C-A 2 159
YBR183W 27 455
YBR184W 9 9541
YBR185C 10 498
YBR186W 42 1467
YBR187W 6 110
YBR188C 6 244
YBR189W 6 34
YBR190W 0 0
YBR191W 2 5
YBR191W-A 0 0
YBR192W 3 159
YBR193C 5 388
YBR194W 5 109
YBR195C 10 214
YBR196C 23 626
YBR196C-A 12 294
YBR196C-B 4 163
YBR197C 23 2970
YBR198C 14 224
YBR199W 22 832
YBR200W 9 67
YBR200W-A 0 0
YBR201W 6 28
YBR201C-A 8 231
YBR202W 27 629
YBR203W 53 1433
YBR204C 16 235
YBR205W 26 396
YBR206W 9 149
YBR207W 17 525
YBR208C 88 2348
YBR209W 18 778
YBR210W 3 33
YBR211C 11 372
YBR212W 23 564
YBR213W 32 1487
YBR214W 35 1361
YBR215W 28 853
YBR216C 15 364
YBR217W 7 56
YBR218C 49 889
YBR219C 23 1429
YBR220C 21 2061
YBR221C 17 1260
YBR221W-A 8 156
YBR222C 36 646
YBR223C 29 560
YBR223W-A 7 143
YBR224W 8 172
YBR225W 16 211
YBR226C 2 9
YBR227C 5 69
YBR228W 23 724
YBR229C 56 1072
YBR230C 7 644
YBR230W-A 15 1606
YBR231C 20 378
YBR232C 2 95
YBR233W 12 162
YBR233W-A 3 92
YBR234C 16 148
YBR235W 57 940
YBR236C 14 202
YBR237W 27 357
YBR238C 11 571
YBR239C 52 2370
YBR240C 16 152
YBR241C 50 1331
YBR242W 18 642
YBR243C 8 117
YBR244W 5 143
YBR245C 43 1956
YBR246W 14 439
YBR247C 5 64
YBR248C 29 994
YBR249C 13 236
YBR250W 17 406
YBR251W 21 478
YBR252W 6 265
YBR253W 6 100
YBR254C 2 72
YBR255W 28 824
YBR255C-A 9 562
YBR256C 12 246
YBR257W 10 96
YBR258C 8 56
YBR259W 27 381
YBR260C 33 607
YBR261C 24 607
YBR262C 9 243
YBR263W 18 690
YBR264C 7 103
YBR265W 8 656
YBR267W 9 291
YBR266C 1 62
YBR268W 4 17
YBR269C 7 189
YBR270C 9 91
YBR271W 19 504
YBR272C 11 240
YBR273C 17 485
YBR274W 17 619
YBR275C 56 1037
YBR276C 37 1200
YBR277C 7 77
YBR278W 16 367
YBR279W 7 162
YBR280C 32 339
YBR281C 35 1291
YBR282W 8 112
YBR283C 24 509
YBR284W 45 1486
YBR285W 2 2
YBR286W 39 1092
YBR287W 14 342
YBR288C 27 880
YBR289W 22 1459
YBR290W 10 121
YBR291C 25 3206
YBR292C 6 99
YBR293W 18 376
YBR294W 36 744
YBR295W 46 2152
YBR296C 40 1593
YBR296C-A 8 504
YBR297W 25 1175
YBR298C 50 1302
YBR298C-A 6 866
YBR299W 17 165
YBR300C 1 3
YBR301W 1 92
YBR302C 0 0
YCL076W 14 401
YCL073C 11 281
YCL069W 1 71
YCL068C 0 0
YCL067C 0 0
YCL066W 0 0
YCL065W 3 61
YCL064C 15 376
YCL063W 10 185
YCL061C 21 572
YCL059C 7 134
YCL058C 10 225
YCL058W-A 8 220
YCL057C-A 9 201
YCL057W 39 1150
YCL056C 1 2
YCL055W 6 403
YCL054W 20 1026
YCL052C 15 457
YCL051W 17 266
YCL050C 9 154
YCL049C 15 1011
YCL048W-A 2 57
YCL048W 23 955
YCL047C 7 300
YCL045C 30 369
YCL046W 4 14
YCL044C 10 276
YCL043C 34 703
YCL041C 15 175
YCL042W 19 1178
YCL040W 89 3856
YCL039W 54 817
YCL038C 19 316
YCL037C 16 406
YCL036W 31 560
YCL035C 3 11
YCL034W 21 472
YCL033C 3 24
YCL032W 9 953
YCL031C 3 71
YCL030C 22 334
YCL029C 33 4323
YCL028W 8 34
YCL027W 24 318
YCL026C-B 3 239
YCL026C-A 9 2118
YCL025C 46 1596
YCL023C 7 75
YCL024W 47 1676
YCL022C 5 196
YCL021W-A 5 41
YCL018W 9 77
YCL017C 13 391
YCL016C 15 243
YCL014W 45 1658
YCL012C 5 21
YCL011C 28 519
YCL010C 34 1565
YCL009C 14 141
YCL008C 22 572
YCL007C 5 210
YCL005W-A 6 161
YCL005W 19 2247
YCL004W 18 330
YCL002C 17 1714
YCL001W 6 62
YCL001W-A 1 44
YCL001W-B 10 448
YCR001W 12 631
YCR002C 11 200
YCR003W 13 380
YCR004C 9 431
YCR005C 41 5794
YCR006C 42 3146
YCR007C 13 196
YCR008W 24 563
YCR009C 5 79
YCR010C 20 330
YCR011C 63 1548
YCR012W 15 373
YCR013C 9 219
YCR014C 16 836
YCR015C 14 355
YCR016W 6 249
YCR017C 40 502
YCR018C 10 338
YCR018C-A 7 150
YCR019W 13 472
YCR020C 7 358
YCR020C-A 4 64
YCR020W-B 0 0
YCR021C 29 870
YCR022C 24 680
YCR023C 28 1442
YCR024C 14 479
YCR024C-B 15 686
YCR024C-A 0 0
YCR025C 11 1367
YCR026C 43 1024
YCR027C 3 37
YCR028C 24 349
YCR028C-A 3 54
YCR030C 18 1652
YCR031C 11 132
YCR032W 66 2039
YCR033W 37 408
YCR034W 7 96
YCR035C 2 53
YCR036W 24 229
YCR037C 15 364
YCR038C 7 88
YCR038W-A 1 1
YCR039C 0 0
YCR040W 0 0
YCR041W 2 28
YCR042C 48 755
YCR043C 8 712
YCR044C 12 208
YCR045C 13 590
YCR045W-A 5 390
YCR046C 7 148
YCR047C 11 169
YCR047W-A 4 19
YCR049C 21 536
YCR048W 40 1200
YCR050C 1 5
YCR051W 11 125
YCR052W 17 506
YCR053W 10 357
YCR054C 9 276
YCR057C 36 717
YCR059C 34 768
YCR060W 5 152
YCR061W 50 1036
YCR064C 16 625
YCR063W 14 1195
YCR065W 34 1412
YCR066W 12 454
YCR067C 31 1200
YCR068W 30 2056
YCR069W 17 288
YCR071C 14 595
YCR072C 21 435
YCR073C 49 1851
YCR073W-A 21 1156
YCR075C 12 243
YCR075W-A 0 0
YCR076C 15 297
YCR077C 28 541
YCR079W 23 446
YCR081W 45 2092
YCR081C-A 7 141
YCR082W 9 255
YCR083W 7 185
YCR084C 33 900
YCR085W 2 44
YCR086W 8 92
YCR087W 9 207
YCR087C-A 6 88
YCR088W 27 669
YCR089W 18 447
YCR090C 12 291
YCR091W 39 1097
YCR092C 17 410
YCR093W 39 827
YCR094W 12 250
YCR095C 2 3
YCR095W-A 3 77
YCR096C 0 0
YCR097W 2 23
YCR097W-A 4 15
YCR098C 15 234
YCR099C 3 62
YCR100C 19 410
YCR101C 8 359
YCR102C 19 589
YCR102W-A 0 0
YCR104W 7 103
YCR105W 28 975
YCR106W 27 1114
YCR107W 11 181
YCR108C 10 267
YDL248W 4 136
YDL247W-A 0 0
YDL247W 0 0
YDL246C 0 0
YDL245C 2 10
YDL244W 11 351
YDL243C 16 263
YDL242W 16 912
YDL241W 0 0
YDL240C-A 23 16440
YDL240W 29 1573
YDL239C 15 395
YDL238C 33 1024
YDL237W 14 386
YDL236W 11 88
YDL235C 1 7
YDL234C 25 646
YDL233W 11 110
YDL232W 3 44
YDL231C 61 2487
YDL230W 18 250
YDL229W 18 619
YDL228C 4 234
YDL227C 7 239
YDL226C 8 148
YDL225W 9 100
YDL224C 14 154
YDL223C 46 870
YDL222C 32 429
YDL221W 45 1577
YDL220C 87 2764
YDL219W 3 83
YDL218W 22 416
YDL217C 5 86
YDL216C 15 138
YDL215C 64 4006
YDL214C 45 1023
YDL213C 16 376
YDL212W 3 48
YDL211C 9 110
YDL210W 12 246
YDL209C 8 239
YDL208W 8 438
YDL207W 7 102
YDL206W 23 382
YDL205C 16 309
YDL204W 29 610
YDL203C 13 383
YDL202W 4 88
YDL201W 18 775
YDL200C 6 24
YDL199C 13 197
YDL198C 22 234
YDL197C 29 1506
YDL196W 14 287
YDL195W 13 442
YDL194W 22 497
YDL193W 6 131
YDL192W 12 100
YDL191W 3 118
YDL190C 39 1044
YDL189W 8 587
YDL188C 16 219
YDL187C 6 49
YDL186W 11 505
YDL185C-A 0 0
YDL185W 20 195
YDL184C 2 59
YDL183C 24 508
YDL182W 42 2044
YDL181W 3 47
YDL180W 20 232
YDL179W 8 68
YDL178W 32 2806
YDL177C 11 196
YDL176W 23 539
YDL175C 13 160
YDL174C 37 693
YDL173W 19 580
YDL172C 6 108
YDL171C 85 5320
YDL170W 30 344
YDL169C 10 208
YDL168W 16 488
YDL167C 17 457
YDL166C 5 105
YDL165W 8 90
YDL164C 34 945
YDL163W 5 48
YDL162C 13 1008
YDL161W 9 226
YDL160C-A 7 74
YDL160C 15 236
YDL159W-A 6 197
YDL159W 23 753
YDL159C-B 1 1
YDL158C 3 43
YDL157C 2 5
YDL156W 40 2024
YDL155W 23 547
YDL154W 32 412
YDL153C 4 63
YDL152W 3 50
YDL151C 3 43
YDL150W 9 146
YDL149W 17 233
YDL148C 26 502
YDL147W 7 96
YDL146W 6 120
YDL145C 34 666
YDL144C 25 1127
YDL143W 17 224
YDL142C 19 3271
YDL141W 24 355
YDL140C 64 1045
YDL139C 7 64
YDL138W 39 1303
YDL137W 32 2585
YDL136W 6 16
YDL135C 12 566
YDL134C 13 202
YDL133C-A 1 21
YDL133W 19 1327
YDL132W 29 670
YDL131W 33 2342
YDL130W-A 2 35
YDL130W 8 136
YDL129W 8 114
YDL128W 15 976
YDL127W 43 1734
YDL126C 26 522
YDL125C 18 762
YDL124W 19 470
YDL123W 9 128
YDL122W 30 565
YDL121C 4 410
YDL120W 3 33
YDL119C 17 419
YDL118W 6 93
YDL117W 35 461
YDL116W 16 304
YDL115C 18 349
YDL114W-A 4 182
YDL114W 7 248
YDL113C 28 523
YDL112W 46 948
YDL111C 10 1208
YDL110C 19 154
YDL109C 32 416
YDL108W 14 319
YDL107W 15 347
YDL106C 29 740
YDL105W 12 120
YDL104C 29 1024
YDL103C 9 179
YDL102W 26 287
YDL101C 10 84
YDL100C 24 613
YDL099W 12 225
YDL098C 7 116
YDL097C 19 511
YDL096C 4 70
YDL095W 31 840
YDL094C 15 1364
YDL093W 33 1292
YDL092W 12 175
YDL091C 12 193
YDL090C 13 124
YDL089W 34 833
YDL088C 9 172
YDL087C 9 186
YDL086W 31 1691
YDL086C-A 25 1624
YDL085C-A 6 281
YDL085W 44 1196
YDL084W 4 72
YDL083C 3 5
YDL082W 9 210
YDL081C 0 0
YDL080C 28 380
YDL079C 42 499
YDL078C 9 127
YDL077C 39 595
YDL076C 12 191
YDL075W 0 0
YDL074C 16 394
YDL073W 18 266
YDL072C 11 158
YDL071C 7 137
YDL070W 18 279
YDL069C 6 501
YDL068W 4 81
YDL067C 6 48
YDL066W 28 609
YDL065C 20 666
YDL064W 9 261
YDL063C 22 315
YDL062W 6 149
YDL061C 1 1
YDL060W 23 287
YDL059C 11 157
YDL058W 36 797
YDL057W 22 444
YDL056W 36 1458
YDL055C 14 158
YDL054C 39 804
YDL053C 3 70
YDL052C 22 284
YDL051W 12 717
YDL050C 3 207
YDL049C 33 3538
YDL048C 49 3421
YDL047W 16 1054
YDL046W 3 11
YDL045W-A 7 48
YDL045C 7 55
YDL044C 13 138
YDL043C 8 195
YDL042C 36 1813
YDL041W 13 233
YDL040C 17 439
YDL039C 33 847
YDL037C 13 337
YDL036C 14 204
YDL035C 21 939
YDL034W 2 80
YDL033C 22 507
YDL032W 3 182
YDL031W 15 508
YDL030W 13 155
YDL029W 8 85
YDL028C 13 159
YDL027C 15 879
YDL026W 3 23
YDL025C 16 373
YDL025W-A 1 2
YDL024C 23 679
YDL022C-A 2 12
YDL023C 16 1002
YDL022W 39 1783
YDL021W 9 153
YDL020C 14 1356
YDL019C 63 1668
YDL018C 5 68
YDL017W 15 258
YDL016C 3 39
YDL015C 3 24
YDL014W 11 250
YDL013W 14 280
YDL012C 4 45
YDL011C 4 18
YDL010W 4 18
YDL009C 0 0
YDL008W 3 26
YDL007C-A 7 55
YDL007W 20 257
YDL006W 12 217
YDL005C 6 55
YDL004W 1 3
YDL003W 23 371
YDL002C 16 269
YDL001W 48 7180
YDR001C 94 4133
YDR002W 7 253
YDR003W 13 423
YDR003W-A 4 76
YDR004W 19 383
YDR005C 17 5091
YDR006C 22 350
YDR007W 15 1404
YDR008C 16 1446
YDR009W 36 1373
YDR010C 21 582
YDR011W 85 2776
YDR012W 3 24
YDR013W 2 19
YDR014W 9 120
YDR014W-A 5 120
YDR015C 1 10
YDR016C 4 86
YDR017C 40 2144
YDR018C 29 660
YDR019C 26 451
YDR020C 19 607
YDR021W 8 47
YDR022C 6 183
YDR023W 5 19
YDR024W 9 282
YDR025W 1 13
YDR026C 18 2323
YDR027C 24 357
YDR028C 28 404
YDR029W 1 23
YDR030C 37 987
YDR031W 1 24
YDR032C 7 272
YDR033W 19 592
YDR034C 27 1117
YDR034C-A 0 0
YDR034W-B 0 0
YDR035W 14 317
YDR036C 7 31
YDR037W 31 505
YDR038C 1 1
YDR039C 0 0
YDR040C 1 12
YDR041W 13 364
YDR042C 2 97
YDR043C 12 307
YDR044W 11 609
YDR045C 10 174
YDR046C 28 1070
YDR047W 19 601
YDR048C 14 525
YDR049W 15 273
YDR050C 8 255
YDR051C 22 414
YDR052C 6 177
YDR053W 0 0
YDR054C 13 214
YDR055W 19 412
YDR056C 7 79
YDR057W 21 389
YDR058C 6 123
YDR059C 15 232
YDR060W 22 614
YDR061W 21 1100
YDR062W 21 447
YDR063W 4 122
YDR064W 9 273
YDR065W 8 150
YDR066C 17 908
YDR067C 5 278
YDR068W 5 233
YDR069C 23 514
YDR070C 2 5
YDR071C 16 265
YDR072C 45 1516
YDR073W 11 251
YDR074W 53 903
YDR075W 14 1888
YDR076W 49 888
YDR077W 26 1671
YDR078C 11 92
YDR079W 5 43
YDR079C-A 5 79
YDR080W 31 371
YDR081C 9 128
YDR082W 19 268
YDR083W 14 349
YDR084C 8 22
YDR085C 22 824
YDR086C 1 6
YDR087C 8 72
YDR088C 15 531
YDR089W 40 621
YDR090C 9 274
YDR091C 16 391
YDR092W 11 187
YDR093W 126 20380
YDR094W 29 5126
YDR095C 33 1916
YDR096W 24 919
YDR097C 27 527
YDR098C 17 563
YDR099W 19 283
YDR100W 9 257
YDR101C 10 224
YDR102C 5 9917
YDR103W 16 470
YDR104C 46 1302
YDR105C 18 441
YDR106W 16 560
YDR107C 24 621
YDR108W 25 742
YDR109C 25 4035
YDR110W 13 553
YDR111C 13 191
YDR112W 5 24
YDR113C 14 389
YDR114C 11 395
YDR115W 1 1
YDR116C 8 129
YDR117C 25 816
YDR118W 19 479
YDR118W-A 3 16
YDR119W 24 2134
YDR119W-A 9 546
YDR120C 25 610
YDR121W 3 184
YDR122W 22 232
YDR123C 14 173
YDR124W 19 426
YDR125C 5 372
YDR126W 25 357
YDR127W 50 1008
YDR128W 48 17419
YDR129C 23 645
YDR130C 3 32
YDR131C 22 661
YDR132C 23 545
YDR133C 1 2
YDR135C 64 2280
YDR136C 37 1191
YDR137W 30 641
YDR138W 14 795
YDR139C 2 39
YDR140W 6 94
YDR141C 41 715
YDR142C 14 822
YDR143C 21 491
YDR144C 26 555
YDR145W 5 216
YDR146C 19 231
YDR147W 20 510
YDR148C 13 193
YDR149C 4 28
YDR150W 92 3303
YDR151C 18 513
YDR152W 5 37
YDR153C 13 296
YDR154C 6 637
YDR155C 9 257
YDR156W 9 415
YDR157W 31 1418
YDR158W 11 335
YDR159W 34 594
YDR160W 24 318
YDR161W 5 140
YDR162C 3 88
YDR163W 10 1242
YDR164C 24 436
YDR165W 9 175
YDR166C 24 402
YDR167W 6 548
YDR168W 19 362
YDR169C 8 120
YDR169C-A 7 234
YDR170C 48 900
YDR171W 13 253
YDR172W 32 549
YDR173C 13 640
YDR174W 17 246
YDR175C 11 215
YDR176W 30 298
YDR177W 16 1528
YDR178W 14 1170
YDR179C 5 102
YDR179W-A 19 244
YDR180W 31 420
YDR181C 15 181
YDR182W 22 716
YDR182W-A 3 13
YDR183W 8 425
YDR183C-A 5 95
YDR184C 5 141
YDR185C 17 326
YDR186C 50 889
YDR187C 24 1302
YDR188W 25 954
YDR189W 16 267
YDR190C 12 237
YDR191W 26 586
YDR192C 13 1565
YDR193W 9 1522
YDR194C 13 192
YDR194W-A 3 31
YDR195W 18 312
YDR196C 9 108
YDR197W 8 179
YDR198C 18 364
YDR199W 4 5
YDR200C 27 402
YDR201W 6 115
YDR202C 9 341
YDR203W 3 48
YDR204W 21 335
YDR205W 29 1665
YDR206W 13 173
YDR207C 44 842
YDR208W 36 938
YDR209C 5 37
YDR210W 4 35
YDR211W 25 701
YDR212W 10 220
YDR213W 26 486
YDR214W 41 1786
YDR215C 53 3419
YDR216W 49 767
YDR217C 45 1354
YDR218C 12 199
YDR219C 12 223
YDR220C 12 7826
YDR221W 41 898
YDR222W 9 119
YDR223W 23 706
YDR224C 1 12
YDR225W 10 233
YDR226W 7 138
YDR227W 21 706
YDR228C 11 393
YDR229W 22 1052
YDR230W 10 214
YDR231C 22 303
YDR232W 30 394
YDR233C 15 373
YDR234W 53 1819
YDR235W 2 69
YDR236C 11 388
YDR237W 7 125
YDR238C 20 524
YDR239C 18 501
YDR240C 8 102
YDR241W 8 652
YDR242W 22 771
YDR243C 17 275
YDR244W 27 401
YDR245W 6 66
YDR246W 20 529
YDR246W-A 17 1983
YDR247W 31 722
YDR248C 7 93
YDR249C 20 423
YDR250C 17 362
YDR251W 23 487
YDR252W 2 22
YDR253C 8 117
YDR254W 19 187
YDR255C 6 98
YDR256C 31 891
YDR257C 10 6609
YDR258C 50 2179
YDR259C 17 231
YDR260C 33 15434
YDR261C 29 1079
YDR262W 10 538
YDR263C 21 730
YDR264C 33 1028
YDR265W 6 118
YDR266C 31 356
YDR267C 15 408
YDR268W 12 207
YDR269C 4 42
YDR270W 34 619
YDR271C 9 65
YDR272W 11 330
YDR273W 7 254
YDR274C 40 11439
YDR275W 22 280
YDR276C 6 220
YDR277C 37 2477
YDR278C 9 355
YDR279W 8 164
YDR280W 5 73
YDR281C 0 0
YDR282C 20 364
YDR283C 47 871
YDR284C 13 125
YDR285W 15 459
YDR286C 4 50
YDR287W 1 1
YDR288W 8 121
YDR289C 11 642
YDR290W 3 38
YDR291W 41 1667
YDR292C 15 361
YDR293C 54 700
YDR294C 16 457
YDR295C 10 143
YDR296W 12 98
YDR297W 16 379
YDR298C 5 26
YDR299W 12 238
YDR300C 18 802
YDR301W 43 816
YDR302W 7 84
YDR303C 19 538
YDR304C 17 422
YDR305C 19 466
YDR306C 14 274
YDR307W 24 182
YDR308C 2 29
YDR309C 11 360
YDR310C 28 479
YDR311W 26 685
YDR312W 18 317
YDR313C 11 205
YDR314C 20 416
YDR315C 6 126
YDR316W 13 296
YDR317W 9 409
YDR318W 13 233
YDR319C 8 182
YDR320C 22 499
YDR320C-A 2 184
YDR320W-B 4 63
YDR321W 14 358
YDR322W 28 563
YDR322C-A 3 34
YDR323C 29 782
YDR324C 10 126
YDR325W 26 1323
YDR326C 55 1391
YDR327W 7 89
YDR328C 16 295
YDR329C 16 212
YDR330W 24 376
YDR331W 11 123
YDR332W 19 471
YDR333C 21 698
YDR334W 32 637
YDR335W 29 297
YDR336W 23 916
YDR337W 6 292
YDR338C 38 1435
YDR339C 2 52
YDR340W 3 7
YDR341C 15 308
YDR342C 3 126
YDR343C 5 503
YDR344C 21 832
YDR345C 42 943
YDR346C 22 1303
YDR347W 16 185
YDR348C 24 674
YDR349C 17 384
YDR350C 9 145
YDR351W 25 244
YDR352W 10 116
YDR353W 27 975
YDR354W 25 698
YDR354C-A 3 3
YDR355C 2 7
YDR356W 13 182
YDR357C 10 121
YDR358W 26 853
YDR359C 23 533
YDR360W 2 10
YDR361C 10 250
YDR362C 27 757
YDR363W 14 175
YDR363W-A 3 136
YDR364C 21 470
YDR365C 15 238
YDR366C 19 545
YDR367W 3 10
YDR368W 8 114
YDR369C 25 199
YDR370C 13 2573
YDR371W 22 205
YDR371C-A 0 0
YDR372C 10 615
YDR373W 5 63
YDR374C 9 114
YDR374W-A 3 6
YDR375C 19 464
YDR376W 40 1127
YDR377W 5 32
YDR378C 0 0
YDR379W 37 20452
YDR379C-A 6 118
YDR380W 39 763
YDR381W 16 326
YDR381C-A 0 0
YDR382W 2 8
YDR383C 12 376
YDR384C 29 903
YDR385W 5 88
YDR386W 23 2468
YDR387C 26 1310
YDR388W 24 440
YDR389W 20 378
YDR390C 18 1021
YDR391C 13 2014
YDR392W 9 88
YDR393W 20 227
YDR394W 14 363
YDR395W 34 876
YDR396W 13 208
YDR397C 11 194
YDR398W 8 576
YDR399W 12 5847
YDR400W 17 243
YDR401W 9 277
YDR402C 19 347
YDR403W 27 558
YDR404C 2 10
YDR405W 36 956
YDR406W 135 116692
YDR406W-A 1 13
YDR407C 41 1074
YDR408C 11 67
YDR409W 26 915
YDR410C 23 715
YDR411C 16 225
YDR412W 1 1
YDR413C 0 0
YDR414C 27 916
YDR415C 19 1291
YDR416W 31 596
YDR417C 3 32
YDR418W 3 32
YDR419W 37 1204
YDR420W 43 751
YDR421W 32 909
YDR422C 35 1874
YDR423C 39 3105
YDR424C 7 235
YDR425W 27 1523
YDR426C 9 651
YDR427W 10 181
YDR428C 13 202
YDR429C 4 121
YDR430C 43 825
YDR431W 7 35
YDR432W 22 819
YDR433W 13 605
YDR434W 17 317
YDR435C 15 452
YDR436W 44 1153
YDR437W 10 615
YDR438W 15 335
YDR439W 0 0
YDR440W 20 139
YDR441C 5 121
YDR442W 10 285
YDR443C 58 1256
YDR444W 30 481
YDR445C 17 524
YDR446W 19 309
YDR447C 12 302
YDR448W 13 382
YDR449C 9 96
YDR450W 6 403
YDR451C 23 4560
YDR452W 39 838
YDR453C 19 5567
YDR454C 2 7
YDR455C 9 112
YDR456W 31 730
YDR457W 122 3093
YDR458C 14 316
YDR459C 24 793
YDR460W 10 88
YDR461W 1 41
YDR461C-A 10 94
YDR462W 8 238
YDR463W 34 1663
YDR464W 22 279
YDR464C-A 0 0
YDR465C 9 173
YDR466W 23 433
YDR467C 9 515
YDR468C 10 328
YDR469W 2 9
YDR470C 16 1004
YDR471W 8 334
YDR472W 12 364
YDR473C 13 181
YDR475C 47 987
YDR476C 28 1355
YDR477W 28 219
YDR478W 10 157
YDR479C 26 2268
YDR480W 23 512
YDR481C 40 1022
YDR482C 27 1899
YDR483W 25 483
YDR484W 14 108
YDR485C 20 564
YDR486C 16 282
YDR487C 7 31
YDR488C 52 2647
YDR489W 18 307
YDR490C 45 858
YDR491C 15 1822
YDR492W 17 262
YDR493W 5 109
YDR494W 8 96
YDR495C 17 257
YDR496C 23 704
YDR497C 40 1379
YDR498C 5 36
YDR499W 15 198
YDR500C 6 29
YDR501W 6 112
YDR502C 20 2252
YDR503C 10 335
YDR504C 3 16
YDR505C 15 424
YDR506C 53 1208
YDR507C 44 1002
YDR508C 41 706
YDR509W 12 107
YDR510W 1 28
YDR510C-A 4 48
YDR511W 4 117
YDR512C 34 891
YDR513W 7 255
YDR514C 24 1412
YDR515W 4 32
YDR516C 30 1938
YDR517W 23 1261
YDR518W 26 1409
YDR519W 5 117
YDR520C 22 438
YDR521W 6 167
YDR522C 15 518
YDR523C 38 450
YDR524C 16 298
YDR524W-C 4 45
YDR524C-B 6 118
YDR524C-A 9 382
YDR525W 16 398
YDR525W-A 16 1792
YDR526C 7 410
YDR527W 30 8534
YDR528W 25 872
YDR529C 10 80
YDR530C 39 766
YDR531W 22 288
YDR532C 2 22
YDR533C 10 281
YDR534C 17 123
YDR535C 37 743
YDR536W 32 733
YDR537C 10 306
YDR538W 14 327
YDR539W 23 611
YDR540C 2 5
YDR541C 28 1125
YDR542W 0 0
YDR543C 14 481
YDR544C 9 2220
YDR545W 0 0
YDR545C-A 0 0
YEL077C 11 198
YEL077W-A 0 0
YEL076C-A 0 0
YEL076C 0 0
YEL075W-A 0 0
YEL075C 0 0
YEL074W 11 972
YEL073C 5 109
YEL072W 18 548
YEL071W 26 454
YEL070W 23 640
YEL069C 34 730
YEL068C 5 107
YEL067C 35 995
YEL066W 17 720
YEL065W 42 1697
YEL064C 24 1866
YEL063C 13 525
YEL062W 23 454
YEL061C 24 575
YEL060C 32 467
YEL059C-A 9 303
YEL059W 27 9816
YEL058W 20 308
YEL057C 17 523
YEL056W 25 816
YEL055C 30 640
YEL054C 1 12
YEL053W-A 1 12
YEL053C 12 149
YEL052W 11 199
YEL051W 5 127
YEL050W-A 4 490
YEL050C 9 297
YEL049W 2 28
YEL048C 1 2
YEL047C 30 737
YEL046C 23 202
YEL045C 26 800
YEL044W 9 122
YEL043W 39 2294
YEL042W 16 1207
YEL041W 22 528
YEL040W 34 863
YEL039C 9 93
YEL038W 19 589
YEL037C 20 830
YEL036C 28 764
YEL035C 39 12485
YEL034C-A 11 140
YEL034W 8 86
YEL033W 27 1023
YEL032W 56 1047
YEL032C-A 4 88
YEL031W 47 1203
YEL030C-A 3 10
YEL030W 9 104
YEL029C 14 580
YEL028W 7 23
YEL027W 2 31
YEL026W 0 0
YEL025C 47 1076
YEL024W 15 406
YEL023C 32 1001
YEL022W 43 730
YEL021W 53 1187
YEL020C-B 3 6
YEL020W-A 4 7
YEL020C 25 470
YEL019C 12 240
YEL018C-A 6 90
YEL018W 13 224
YEL017C-A 2 28
YEL017W 10 232
YEL016C 26 904
YEL015W 34 725
YEL014C 12 438
YEL013W 7 99
YEL012W 22 1553
YEL011W 59 15589
YEL010W 9 67
YEL009C-A 11 173
YEL009C 12 249
YEL008W 35 10760
YEL008C-A 6 96
YEL007W 21 2345
YEL006W 24 394
YEL005C 12 480
YEL004W 21 638
YEL003W 11 75
YEL002C 40 1768
YEL001C 28 1374
YER001W 57 2384
YER002W 2 11
YER003C 21 673
YER004W 22 1606
YER005W 45 2323
YER006W 23 665
YER006C-A 6 117
YER007W 17 224
YER007C-A 10 609
YER008C 27 509
YER009W 0 0
YER010C 16 701
YER011W 6 147
YER012W 4 30
YER013W 26 543
YER014W 8 107
YER014C-A 17 847
YER015W 24 455
YER016W 16 838
YER017C 39 564
YER018C 22 592
YER019W 33 1032
YER019C-A 3 12
YER020W 30 884
YER021W 15 211
YER022W 27 741
YER023W 8 35
YER023C-A 3 6
YER024W 61 1470
YER025W 3 12
YER026C 13 161
YER027C 14 107
YER028C 22 830
YER029C 3 88
YER030W 2 3
YER031C 7 171
YER032W 22 235
YER033C 20 149
YER034W 24 2346
YER035W 25 169
YER036C 19 463
YER037W 22 789
YER038C 12 220
YER038W-A 5 49
YER039C 17 294
YER039C-A 2 9
YER040W 14 575
YER041W 25 844
YER042W 15 1360
YER043C 26 500
YER044C 7 335
YER044C-A 21 569
YER045C 12 245
YER046W 8 89
YER046W-A 4 174
YER047C 33 700
YER048C 12 320
YER048W-A 2 5
YER049W 14 175
YER050C 5 210
YER051W 22 538
YER052C 11 119
YER053C 19 1203
YER053C-A 0 0
YER054C 35 2877
YER055C 13 222
YER056C 33 610
YER056C-A 3 49
YER057C 8 831
YER058W 9 65
YER059W 5 30
YER060W 16 480
YER060W-A 19 336
YER061C 22 492
YER062C 12 450
YER063W 4 50
YER064C 13 169
YER065C 50 1289
YER066W 11 319
YER066C-A 8 97
YER067W 9 88
YER067C-A 7 39
YER068W 22 949
YER068C-A 16 1237
YER069W 53 1358
YER070W 38 1050
YER071C 2 20
YER072W 13 195
YER073W 21 488
YER074W 1 151
YER074W-A 3 16
YER075C 31 574
YER076C 9 49
YER076W-A 6 69
YER077C 22 354
YER078C 35 1021
YER078W-A 8 102
YER079W 11 260
YER079C-A 6 264
YER080W 26 638
YER081W 49 1316
YER082C 12 192
YER083C 10 677
YER084W 21 625
YER084W-A 3 46
YER085C 3 46
YER086W 16 249
YER087W 24 874
YER087C-A 8 145
YER087C-B 2 28
YER088C 36 3327
YER088C-A 29 6907
YER088W-B 14 302
YER089C 53 2020
YER090W 14 153
YER090C-A 0 0
YER091C 19 381
YER091C-A 16 3692
YER092W 14 1136
YER093C 32 829
YER093C-A 10 219
YER094C 11 156
YER095W 15 191
YER096W 11 635
YER097W 11 227
YER098W 20 748
YER099C 11 78
YER100W 9 198
YER101C 19 267
YER102W 3 4
YER103W 24 677
YER104W 12 104
YER105C 40 1128
YER106W 2 8
YER107C 4 33
YER107W-A 4 24
YER109C 18 225
YER110C 22 244
YER111C 33 896
YER112W 0 0
YER113C 27 733
YER114C 41 1156
YER115C 8 228
YER116C 6 163
YER117W 1 1
YER118C 10 141
YER119C 40 2113
YER119C-A 15 1588
YER120W 7 438
YER121W 9 1290
YER122C 12 638
YER123W 28 1473
YER124C 17 223
YER125W 23 554
YER126C 6 223
YER127W 4 27
YER128W 9 177
YER129W 53 1579
YER130C 31 549
YER131W 4 70
YER132C 74 3621
YER133W 4 8
YER133W-A 4 115
YER134C 12 396
YER135C 4 60
YER136W 16 190
YER137C 13 989
YER137W-A 9 892
YER138W-A 0 0
YER139C 6 75
YER140W 36 5951
YER141W 18 438
YER142C 13 576
YER143W 20 15323
YER144C 46 1250
YER145C 64 2019
YER145C-A 11 300
YER146W 8 203
YER147C 56 2205
YER147C-A 5 252
YER148W 5 252
YER148W-A 4 34
YER149C 10 157
YER150W 12 305
YER151C 28 741
YER152C 27 584
YER152W-A 10 177
YER153C 23 462
YER154W 28 841
YER155C 64 10022
YER156C 19 459
YER157W 16 333
YER158C 28 876
YER158W-A 6 180
YER159C 11 240
YER161C 11 140
YER162C 14 290
YER163C 21 656
YER164W 38 790
YER165W 4 13
YER165C-A 0 0
YER166W 66 1474
YER167W 44 1341
YER168C 13 432
YER169W 39 1055
YER170W 7 221
YER171W 26 821
YER172C 44 704
YER172C-A 6 135
YER173W 25 999
YER174C 12 922
YER175C 31 3157
YER175W-A 4 49
YER176W 115 10174
YER177W 12 152
YER178W 28 4326
YER179W 21 397
YER180C 11 247
YER180C-A 7 230
YER181C 2 33
YER182W 9 2496
YER183C 16 479
YER184C 27 1498
YER185W 14 425
YER186C 17 248
YER187W 7 90
YER188W 9 201
YER188C-A 7 148
YER189W 0 0
YER190W 4 42
YER190C-A 0 0
YER190C-B 0 0
YFL068W 0 0
YFL067W 1 1
YFL066C 0 0
YFL065C 0 0
YFL064C 0 0
YFL063W 12 518
YFL062W 4 44
YFL061W 0 0
YFL060C 4 104
YFL059W 7 868
YFL058W 1 235
YFL057C 4 110
YFL056C 6 54
YFL055W 21 1122
YFL054C 26 764
YFL053W 24 635
YFL052W 29 1392
YFL051C 15 250
YFL050C 25 541
YFL049W 17 549
YFL048C 18 389
YFL047W 24 721
YFL046W 18 397
YFL045C 2 3
YFL044C 13 603
YFL042C 30 1058
YFL041W-A 3 135
YFL041W 31 956
YFL040W 19 793
YFL039C 8 72
YFL038C 20 555
YFL037W 20 482
YFL036W 35 1678
YFL034C-B 7 210
YFL034C-A 16 393
YFL034W 30 886
YFL033C 90 3175
YFL032W 10 314
YFL031W 11 307
YFL031C-A 1 23
YFL030W 28 1542
YFL029C 10 535
YFL028C 18 481
YFL027C 17 199
YFL026W 17 150
YFL025C 28 727
YFL024C 42 944
YFL023W 22 1341
YFL022C 13 365
YFL021C-A 60 1646
YFL021W 40 549
YFL020C 8 592
YFL019C 0 0
YFL018C 16 214
YFL017W-A 5 105
YFL017C 14 436
YFL016C 37 639
YFL015W-A 5 97
YFL015C 22 699
YFL014W 10 162
YFL013W-A 29 797
YFL013C 41 1248
YFL012W-A 19 1103
YFL012W 5 18
YFL011W 18 419
YFL010W-A 1 4
YFL010C 4 21
YFL009W 15 316
YFL008W 16 215
YFL007W 93 1951
YFL005W 6 121
YFL004W 23 2646
YFL003C 61 2643
YFL002C 33 1472
YFL001W 51 2102
YFR001W 3 44
YFR002W 25 413
YFR003C 7 133
YFR004W 9 108
YFR005C 14 390
YFR006W 40 5592
YFR007W 24 1103
YFR008W 8 48
YFR009W 26 784
YFR009W-A 0 0
YFR010W 25 1118
YFR010W-A 1 1
YFR011C 7 89
YFR012W 8 139
YFR012W-A 1 20
YFR013W 17 386
YFR014C 27 587
YFR015C 35 1356
YFR016C 31 929
YFR017C 35 1562
YFR018C 63 3380
YFR019W 63 1725
YFR020W 7 47
YFR021W 27 512
YFR022W 42 1593
YFR023W 17 217
YFR024C-A 22 1167
YFR025C 33 1517
YFR026C 6 130
YFR027W 7 340
YFR028C 14 225
YFR029W 39 2239
YFR030W 18 280
YFR031C 23 430
YFR031C-A 6 98
YFR032C 6 146
YFR032C-A 3 19
YFR032C-B 10 1274
YFR033C 20 2021
YFR034C 63 7113
YFR034W-A 30 8393
YFR035C 33 8551
YFR036W 12 909
YFR036W-A 15 238
YFR037C 28 669
YFR038W 25 840
YFR039C 8 121
YFR040W 30 451
YFR041C 14 1706
YFR042W 5 28
YFR043C 14 280
YFR044C 28 699
YFR045W 16 710
YFR046C 13 366
YFR047C 15 159
YFR048W 48 1434
YFR049W 7 578
YFR050C 21 444
YFR051C 27 1216
YFR052W 8 102
YFR052C-A 7 66
YFR053C 45 4904
YFR054C 5 28
YFR056C 16 432
YFR055W 19 375
YFR057W 6 30
YGL263W 17 248
YGL262W 14 165
YGL261C 4 11
YGL260W 1 10
YGL259W 4 31
YGL258W-A 0 0
YGL258W 5 204
YGL257C 24 844
YGL256W 17 412
YGL255W 28 30341
YGL254W 30 820
YGL253W 29 798
YGL252C 30 3449
YGL251C 46 3735
YGL250W 9 831
YGL249W 36 1077
YGL248W 15 437
YGL247W 7 280
YGL246C 18 1263
YGL245W 24 592
YGL244W 19 399
YGL243W 9 381
YGL242C 10 250
YGL241W 26 638
YGL240W 7 55
YGL239C 6 238
YGL238W 33 1334
YGL237C 6 162
YGL236C 41 3602
YGL235W 15 1750
YGL234W 34 837
YGL233W 20 318
YGL232W 10 328
YGL231C 8 62
YGL230C 1 4
YGL229C 36 574
YGL228W 16 435
YGL227W 42 1620
YGL226C-A 3 228
YGL226W 9 283
YGL225W 20 829
YGL224C 17 287
YGL223C 19 577
YGL222C 0 0
YGL221C 8 207
YGL220W 5 350
YGL219C 15 652
YGL218W 9 544
YGL217C 6 55
YGL216W 53 1635
YGL215W 14 206
YGL214W 5 41
YGL213C 11 238
YGL212W 15 122
YGL211W 20 641
YGL210W 9 54
YGL209W 19 368
YGL208W 49 4773
YGL207W 33 904
YGL206C 57 1114
YGL205W 41 957
YGL204C 3 16
YGL203C 37 1155
YGL202W 22 335
YGL201C 44 1052
YGL200C 13 395
YGL199C 12 101
YGL198W 14 335
YGL197W 32 382
YGL196W 20 504
YGL195W 76 2266
YGL194C-A 1 31
YGL194C 17 197
YGL193C 7 155
YGL192W 37 608
YGL191W 15 1425
YGL190C 37 719
YGL189C 8 132
YGL188C-A 0 0
YGL188C 7 273
YGL187C 24 902
YGL186C 25 505
YGL185C 26 528
YGL184C 37 1106
YGL183C 10 121
YGL182C 7 97
YGL181W 19 349
YGL180W 45 1787
YGL179C 23 800
YGL178W 72 2440
YGL177W 19 259
YGL176C 14 1237
YGL175C 6 106
YGL174W 9 148
YGL173C 57 952
YGL172W 22 203
YGL171W 17 223
YGL170C 7 178
YGL169W 20 644
YGL168W 7 31
YGL167C 27 337
YGL166W 11 154
YGL165C 23 34044
YGL164C 15 523
YGL163C 31 617
YGL162W 15 683
YGL161C 23 534
YGL160W 22 365
YGL159W 4 257
YGL158W 27 360
YGL157W 17 1772
YGL156W 43 1216
YGL155W 23 490
YGL154C 12 353
YGL153W 16 270
YGL152C 22 6176
YGL151W 29 331
YGL150C 40 658
YGL149W 16 533
YGL148W 29 828
YGL147C 7 420
YGL146C 22 180
YGL145W 24 945
YGL144C 23 560
YGL143C 13 229
YGL142C 13 300
YGL141W 40 1349
YGL140C 28 1009
YGL139W 22 390
YGL138C 10 108
YGL137W 32 2006
YGL136C 22 869
YGL135W 6 94
YGL134W 26 593
YGL133W 38 1439
YGL132W 1 1
YGL131C 30 512
YGL130W 11 211
YGL129C 8 86
YGL128C 3 6
YGL127C 10 136
YGL126W 100 18126
YGL125W 84 9367
YGL124C 25 969
YGL123W 5 6
YGL123C-A 2 2
YGL122C 21 339
YGL121C 7 49367
YGL120C 34 549
YGL119W 10 222
YGL118C 14 1386
YGL117W 15 320
YGL116W 30 392
YGL115W 13 225
YGL114W 26 728
YGL113W 15 837
YGL112C 4 10
YGL111W 14 89
YGL110C 22 337
YGL109W 10 128
YGL108C 5 14
YGL107C 22 356
YGL106W 3 13
YGL105W 16 396
YGL104C 19 123
YGL103W 26 521
YGL102C 19 469
YGL101W 4 75
YGL100W 10 184
YGL099W 14 264
YGL098W 4 41
YGL097W 32 1060
YGL096W 15 509
YGL095C 24 480
YGL094C 35 598
YGL093W 21 938
YGL092W 21 443
YGL091C 13 742
YGL090W 15 785
YGL089C 6 151
YGL088W 13 277
YGL087C 15 2476
YGL086W 27 582
YGL085W 20 707
YGL084C 23 310
YGL083W 29 476
YGL082W 22 393
YGL081W 16 728
YGL080W 7 110
YGL079W 6 50
YGL078C 11 359
YGL077C 25 249
YGL076C 1 1
YGL075C 12 167
YGL074C 12 148
YGL073W 63 1110
YGL072C 29 915
YGL071W 31 666
YGL070C 6 77
YGL069C 5 88
YGL068W 5 88
YGL067W 17 262
YGL066W 30 530
YGL065C 14 293
YGL064C 30 525
YGL063W 111 10951
YGL063C-A 19 572
YGL062W 59 1358
YGL061C 11 261
YGL060W 23 536
YGL059W 13 594
YGL058W 8 77
YGL057C 11 209
YGL056C 22 282
YGL055W 41 595
YGL054C 7 140
YGL053W 2 4
YGL052W 4 331
YGL051W 8 196
YGL050W 8 19492
YGL049C 19 795
YGL048C 10 156
YGL047W 8 79
YGL045W 38 3585
YGL044C 10 107
YGL043W 24 379
YGL042C 4 21
YGL041C-B 4 39
YGL041W-A 8 115
YGL041C 6 102
YGL040C 17 294
YGL039W 14 469
YGL038C 17 115
YGL037C 10 298
YGL036W 21 514
YGL035C 23 317
YGL034C 6 44
YGL033W 11 205
YGL032C 1 4
YGL031C 2 48
YGL030W 0 0
YGL029W 5 50
YGL028C 10 87
YGL027C 26 733
YGL026C 29 545
YGL025C 12 208
YGL024W 5 49
YGL023C 30 925
YGL022W 36 874
YGL021W 21 1177
YGL020C 2 5
YGL019W 2 19
YGL018C 9 151
YGL017W 16 716
YGL016W 27 594
YGL015C 8 59
YGL014W 29 810
YGL014C-A 3 7
YGL013C 28 593
YGL012W 22 846
YGL011C 5 31
YGL010W 10 316
YGL009C 44 1476
YGL008C 49 2300
YGL007C-A 1 3
YGL007W 18 3355
YGL006W-A 8 51
YGL006W 38 1028
YGL005C 17 450
YGL004C 54 2008
YGL003C 51 2286
YGL002W 27 649
YGL001C 48 1492
YGR001C 21 1117
YGR002C 28 3801
YGR003W 32 439
YGR004W 16 252
YGR005C 13 355
YGR006W 15 331
YGR007W 28 1700
YGR008C 10 132
YGR009C 17 163
YGR010W 18 435
YGR011W 4 12
YGR012W 15 628
YGR013W 44 2060
YGR014W 32 744
YGR015C 22 396
YGR016W 15 324
YGR017W 6 21
YGR018C 2 2
YGR019W 42 1502
YGR020C 2 6
YGR021W 18 860
YGR022C 3 66
YGR023W 11 174
YGR024C 3 23
YGR025W 19 3701
YGR026W 10 117
YGR027C 8 81
YGR028W 13 421
YGR029W 15 313
YGR030C 17 722
YGR031W 50 4958
YGR031C-A 22 2183
YGR032W 74 1754
YGR033C 7 51
YGR034W 9 98
YGR035C 5 71
YGR035W-A 13 92
YGR036C 14 496
YGR037C 0 0
YGR038W 12 842
YGR039W 15 277
YGR040W 32 419
YGR041W 41 759
YGR042W 9 81
YGR043C 25 3061
YGR044C 12 175
YGR045C 28 1343
YGR046W 9 197
YGR047C 36 1541
YGR048W 17 375
YGR049W 15 617
YGR050C 27 1310
YGR051C 22 1288
YGR052W 34 738
YGR053C 9 320
YGR054W 26 1037
YGR055W 15 279
YGR056W 35 838
YGR057C 6 74
YGR058W 10 176
YGR059W 3 43
YGR060W 17 184
YGR061C 43 460
YGR062C 6 115
YGR063C 8 250
YGR064W 8 320
YGR065C 14 144
YGR066C 11 218
YGR067C 22 441
YGR068C 98 4953
YGR068W-A 2 7
YGR069W 17 742
YGR070W 56 1004
YGR071C 22 8620
YGR072W 1 11
YGR073C 6 76
YGR074W 5 75
YGR075C 3 43
YGR076C 6 441
YGR077C 17 1276
YGR078C 3 43
YGR079W 34 2332
YGR080W 13 196
YGR081C 12 781
YGR082W 4 108
YGR083C 17 544
YGR084C 10 169
YGR085C 5 77
YGR086C 18 238
YGR087C 67 3301
YGR088W 19 629
YGR089W 21 347
YGR090W 26 413
YGR091W 14 241
YGR092W 15 289
YGR093W 40 728
YGR094W 40 1143
YGR095C 10 107
YGR096W 36 6907
YGR097W 38 1504
YGR098C 16 221
YGR099W 22 515
YGR100W 39 1306
YGR101W 13 470
YGR102C 4 86
YGR103W 11 261
YGR104C 14 244
YGR105W 2 6
YGR106C 8 86
YGR107W 45 2152
YGR108W 16 165
YGR109C 19 583
YGR110W 5 35
YGR111W 16 1973
YGR112W 10 163
YGR113W 16 324
YGR114C 0 0
YGR115C 3 6
YGR116W 19 289
YGR117C 12 226
YGR118W 6 19
YGR119C 17 436
YGR120C 3 7
YGR121C 50 973
YGR121W-A 27 7935
YGR122W 16 953
YGR122C-A 1 42
YGR123C 23 408
YGR124W 28 2455
YGR125W 40 728
YGR126W 5 145
YGR127W 18 562
YGR128C 5 15
YGR129W 13 264
YGR130C 37 1495
YGR131W 8 49
YGR132C 13 190
YGR133W 12 626
YGR134W 34 993
YGR135W 3 120
YGR136W 9 355
YGR137W 1 168
YGR138C 17 246
YGR139W 7 29
YGR140W 33 506
YGR141W 31 903
YGR142W 8 235
YGR143W 26 648
YGR144W 25 329
YGR145W 13 1287
YGR146C 7 67
YGR146C-A 12 268
YGR147C 20 342
YGR148C 9 98
YGR149W 16 278
YGR150C 26 1697
YGR151C 2 21
YGR152C 7 105
YGR153W 17 288
YGR154C 17 490
YGR155W 21 271
YGR156W 18 314
YGR157W 23 244
YGR158C 14 418
YGR159C 14 326
YGR160W 0 0
YGR161C 22 315
YGR161W-C 9 326
YGR162W 19 276
YGR163W 7 122
YGR164W 13 16199
YGR165W 11 291
YGR166W 14 156
YGR167W 10 287
YGR168C 11 135
YGR169C 34 789
YGR169C-A 1 1
YGR170W 54 1800
YGR171C 16 292
YGR172C 5 26
YGR173W 16 317
YGR174C 10 123
YGR174W-A 0 0
YGR175C 21 453
YGR176W 32 2680
YGR177C 68 6162
YGR178C 35 2925
YGR179C 16 329
YGR180C 21 432
YGR181W 11 268
YGR182C 15 421
YGR183C 5 51
YGR184C 72 1936
YGR185C 10 678
YGR186W 20 298
YGR187C 5 67
YGR188C 23 436
YGR189C 10 197
YGR190C 7 1118
YGR191W 26 844
YGR192C 16 408
YGR193C 11 231
YGR194C 24 244
YGR195W 15 414
YGR196C 18 65731
YGR197C 40 4326
YGR198W 22 370
YGR199W 29 815
YGR200C 34 981
YGR201C 17 371
YGR202C 34 989
YGR203W 34 3451
YGR204W 72 1698
YGR204C-A 0 0
YGR205W 11 383
YGR206W 5 134
YGR207C 7 126
YGR208W 17 778
YGR209C 9 190
YGR210C 57 2686
YGR211W 30 882
YGR212W 13 646
YGR213C 12 273
YGR214W 9 85
YGR215W 5 172
YGR216C 16 441
YGR217W 56 1592
YGR218W 19 280
YGR219W 2 216
YGR220C 10 295
YGR221C 29 856
YGR222W 13 95
YGR223C 17 442
YGR224W 31 1008
YGR225W 23 198
YGR226C 2 17
YGR227W 13 196
YGR228W 7 70
YGR229C 24 504
YGR230W 21 3119
YGR231C 12 172
YGR232W 19 210
YGR233C 36 799
YGR234W 8 121
YGR235C 12 179
YGR236C 10 659
YGR237C 31 454
YGR238C 38 592
YGR239C 33 1798
YGR240C 35 396
YGR240C-A 9 1770
YGR241C 26 4914
YGR242W 3 7
YGR243W 7 31
YGR244C 58 1214
YGR245C 36 572
YGR246C 17 173
YGR247W 13 199
YGR248W 22 9065
YGR249W 13 306
YGR250C 42 1536
YGR251W 6 493
YGR252W 27 908
YGR253C 11 326
YGR254W 26 1705
YGR255C 32 653
YGR256W 17 1101
YGR257C 26 563
YGR258C 42 8410
YGR259C 4 88
YGR260W 19 2400
YGR261C 32 1488
YGR262C 12 679
YGR263C 23 360
YGR264C 18 687
YGR265W 12 243
YGR266W 33 774
YGR267C 20 763
YGR268C 21 3219
YGR269W 27 1564
YGR270W 54 1517
YGR270C-A 10 677
YGR271W 104 3071
YGR271C-A 4 78
YGR273C 1 1
YGR274C 10 588
YGR275W 5 296
YGR276C 18 217
YGR277C 8 70
YGR278W 13 166
YGR279C 28 1908
YGR280C 18 267
YGR281W 71 1253
YGR282C 11 221
YGR283C 13 272
YGR284C 12 301
YGR285C 13 425
YGR286C 28 630
YGR287C 28 878
YGR288W 24 269
YGR289C 21 475
YGR290W 1 1
YGR291C 7 52
YGR292W 2 45
YGR293C 0 0
YGR294W 2 50
YGR295C 4 99
YGR296W 0 0
YGR296C-A 0 0
YGR296C-B 0 0
YHL050C 1 1
YHL050W-A 1 1
YHL049C 0 0
YHL048C-A 1 53
YHL048W 8 41
YHL047C 14 250
YHL046W-A 5 32
YHL046C 0 0
YHL045W 9 68
YHL044W 12 584
YHL043W 8 122
YHL042W 25 1678
YHL041W 22 1153
YHL040C 23 1073
YHL039W 17 291
YHL038C 17 245
YHL037C 18 3570
YHL036W 36 1272
YHL035C 50 1449
YHL034W-A 2 24
YHL034C 3 27
YHL033C 10 226
YHL032C 46 25830
YHL031C 21 476
YHL030W-A 11 294
YHL030W 58 1478
YHL029C 30 946
YHL028W 39 2953
YHL027W 50 2185
YHL026C 24 2511
YHL025W 52 3185
YHL024W 53 2614
YHL023C 32 755
YHL022C 8 197
YHL021C 34 1010
YHL020C 24 599
YHL019W-A 15 1028
YHL019C 21 1210
YHL018W 4 43
YHL017W 21 555
YHL016C 36 584
YHL015W-A 5 856
YHL015W 0 0
YHL014C 16 466
YHL013C 9 115
YHL012W 22 738
YHL011C 9 262
YHL010C 33 685
YHL009C 8 125
YHL008C 16 135
YHL007C 48 3539
YHL006W-A 20 298
YHL006C 41 4253
YHL005C 25 1002
YHL004W 25 992
YHL003C 25 1017
YHL002C-A 14 487
YHL002W 36 1620
YHL001W 14 225
YHR001W 66 1652
YHR001W-A 15 692
YHR002W 49 1033
YHR003C 38 1208
YHR004C 22 697
YHR005C 11 347
YHR005C-A 5 29
YHR006W 24 868
YHR007C 13 233
YHR007C-A 18 2382
YHR008C 12 338
YHR009C 28 623
YHR010W 1 6
YHR011W 12 189
YHR012W 4 133
YHR013C 9 260
YHR014W 8 179
YHR015W 10 226
YHR016C 15 944
YHR017W 11 269
YHR018C 13 993
YHR019C 16 227
YHR020W 18 252
YHR021C 4 27
YHR021W-A 6 53
YHR022C 10 640
YHR022C-A 3 233
YHR023W 60 1780
YHR024C 9 113
YHR025W 12 268
YHR026W 8 71
YHR027C 27 261
YHR028C 32 3523
YHR028W-A 10 161
YHR029C 16 692
YHR030C 18 226
YHR031C 33 2989
YHR032W 55 2049
YHR032W-A 9 954
YHR032C-A 7 189
YHR033W 70 6380
YHR034C 35 775
YHR035W 37 789
YHR036W 25 513
YHR037W 18 2515
YHR038W 2 48
YHR039C 22 485
YHR039C-A 6 74
YHR040W 12 225
YHR041C 16 408
YHR042W 20 602
YHR043C 15 270
YHR044C 11 219
YHR045W 19 489
YHR046C 18 1104
YHR047C 40 885
YHR048W 41 868
YHR049W 16 455
YHR049C-A 11 2825
YHR050W 40 5509
YHR050W-A 9 93
YHR051W 5 20
YHR052W 6 174
YHR052W-A 0 0
YHR053C 0 0
YHR054C 0 0
YHR054W-A 0 0
YHR055C 0 0
YHR056C 30 2955
YHR056W-A 10 2374
YHR057C 26 5052
YHR058C 11 366
YHR059W 5 108
YHR060W 3 58
YHR061C 15 327
YHR062C 10 236
YHR063C 9 305
YHR063W-A 8 208
YHR064C 9 177
YHR065C 24 546
YHR066W 14 802
YHR067W 20 756
YHR068W 16 347
YHR069C 7 300
YHR069C-A 5 107
YHR070W 44 2554
YHR070C-A 33 2314
YHR071W 26 1764
YHR071C-A 13 310
YHR072W 34 613
YHR072W-A 1 4
YHR073W 41 939
YHR073W-A 4 135
YHR073C-B 1 39
YHR074W 21 340
YHR075C 9 374
YHR076W 4 231
YHR077C 30 633
YHR078W 17 423
YHR079C 25 424
YHR079C-A 2 13
YHR080C 56 2165
YHR081W 3 25
YHR082C 40 875
YHR083W 25 412
YHR084W 27 553
YHR085W 7 264
YHR086W 24 1372
YHR086W-A 6 262
YHR087W 11 297
YHR088W 2 6
YHR089C 6 113
YHR090C 9 272
YHR091C 29 397
YHR092C 15 293
YHR093W 8 199
YHR094C 19 1551
YHR095W 5 131
YHR096C 34 757
YHR097C 29 1226
YHR098C 27 293
YHR099W 98 2406
YHR100C 1 14
YHR101C 9 249
YHR102W 24 367
YHR103W 34 977
YHR104W 12 767
YHR105W 4 245
YHR106W 9 93
YHR107C 5 72
YHR108W 28 725
YHR109W 12 226
YHR110W 4 356
YHR111W 11 382
YHR112C 21 841
YHR113W 28 393
YHR114W 26 419
YHR115C 23 709
YHR116W 20 656
YHR117W 21 578
YHR118C 12 305
YHR119W 37 785
YHR120W 21 197
YHR121W 10 492
YHR122W 17 310
YHR123W 13 288
YHR124W 25 1471
YHR125W 2 45
YHR126C 20 1010
YHR127W 4 66
YHR128W 10 227
YHR129C 9 113
YHR130C 3 4896
YHR131C 18 323
YHR131W-A 2 18
YHR132C 29 1257
YHR132W-A 12 267
YHR133C 11 185
YHR134W 11 81
YHR135C 44 3071
YHR136C 12 134
YHR137W 13 238
YHR137C-A 7 186
YHR138C 4 126
YHR139C 14 251
YHR139C-A 9 368
YHR140W 21 742
YHR141C 5 27
YHR142W 18 125
YHR143W 5 1797
YHR143W-A 0 0
YHR144C 11 309
YHR145C 1 2
YHR146W 8 469
YHR147C 2 85
YHR148W 9 238
YHR149C 19 211
YHR150W 28 729
YHR151C 17 463
YHR152W 11 532
YHR153C 11 245
YHR154W 49 1325
YHR155W 21 489
YHR156C 21 922
YHR157W 10 225
YHR158C 30 33510
YHR159W 29 851
YHR160C 8 340
YHR161C 38 3512
YHR162W 0 0
YHR163W 5 283
YHR164C 34 711
YHR165C 54 774
YHR165W-A 4 9
YHR166C 20 375
YHR167W 10 281
YHR168W 27 567
YHR169W 25 717
YHR170W 15 580
YHR171W 17 269
YHR172W 24 3887
YHR173C 22 504
YHR174W 24 374
YHR175W 14 962
YHR175W-A 2 12
YHR176W 23 475
YHR177W 19 894
YHR178W 40 1012
YHR179W 17 104
YHR180W 12 173
YHR180W-A 3 203
YHR180C-B 1 8
YHR181W 6 583
YHR182W 39 913
YHR182C-A 9 125
YHR183W 26 531
YHR184W 12 169
YHR185C 4 64
YHR186C 52 1254
YHR187W 10 559
YHR188C 24 393
YHR189W 12 1080
YHR190W 25 806
YHR191C 2 67
YHR192W 13 365
YHR193C 5 33
YHR193C-A 10 491
YHR194W 44 1429
YHR195W 6 63
YHR196W 16 404
YHR197W 7 109
YHR198C 14 176
YHR199C 18 782
YHR199C-A 4 80
YHR200W 17 561
YHR201C 11 161
YHR202W 22 626
YHR203C 6 250
YHR204W 38 1054
YHR205W 18 198
YHR206W 15 253
YHR207C 31 683
YHR208W 17 368
YHR209W 7 64
YHR210C 9 67
YHR211W 25 341
YHR212C 0 0
YHR212W-A 0 0
YHR213W 0 0
YHR213W-A 0 0
YHR213W-B 12 196
YHR214W 1 6
YHR214W-A 0 0
YHR214C-D 0 0
YHR214C-E 1 6
YHR215W 3 40
YHR216W 22 8908
YHR217C 11 51
YHR218W 0 0
YHR218W-A 0 0
YHR219W 0 0
YHR219C-A 0 0
YIL177C 0 0
YIL177W-A 0 0
YIL176C 0 0
YIL173W 1 3
YIL172C 0 0
YIL171W-A 0 0
YIL169C 11 93
YIL166C 28 875
YIL165C 9 174
YIL164C 24 753
YIL163C 21 1838
YIL162W 49 2936
YIL161W 7 163
YIL160C 11 274
YIL159W 53 1306
YIL158W 13 256
YIL157C 11 256
YIL156W-A 6 113
YIL156W-B 4 142
YIL156W 43 1240
YIL155C 67 1017
YIL154C 83 2949
YIL153W 34 1087
YIL152W 14 341
YIL151C 33 560
YIL150C 25 1519
YIL149C 40 1748
YIL148W 0 0
YIL147C 27 383
YIL146C 11 469
YIL145C 16 225
YIL144W 18 499
YIL143C 45 1681
YIL142C-A 3 186
YIL142W 33 985
YIL141W 8 100
YIL140W 20 569
YIL139C 15 359
YIL138C 6 276
YIL137C 32 716
YIL136W 20 200
YIL135C 30 708
YIL134C-A 13 399
YIL134W 14 372
YIL133C 6 48
YIL132C 16 539
YIL131C 32 2550
YIL130W 31 389
YIL129C 47 695
YIL128W 20 634
YIL127C 5 45
YIL126W 28 622
YIL125W 63 1536
YIL124W 13 193
YIL123W 41 762
YIL122W 20 700
YIL121W 28 1125
YIL120W 35 1971
YIL119C 15 338
YIL118W 7 192
YIL117C 13 162
YIL116W 13 425
YIL115W-A 2 19
YIL115C 34 700
YIL114C 1 2
YIL113W 18 509
YIL112W 25 2518
YIL111W 7 490
YIL110W 10 413
YIL109C 39 846
YIL108W 36 2895
YIL107C 30 642
YIL106W 6 241
YIL105C 46 992
YIL105W-A 4 8
YIL104C 19 369
YIL103W 17 318
YIL102C-A 4 40
YIL102C 1 36
YIL101C 37 4097
YIL100C-A 36 1979
YIL100W 37 2164
YIL099W 30 1385
YIL098C 2 3
YIL097W 16 1066
YIL096C 12 260
YIL095W 29 638
YIL094C 15 3750
YIL093C 18 777
YIL092W 34 1171
YIL091C 27 928
YIL090W 11 176
YIL089W 11 624
YIL088C 28 630
YIL087C 7 75
YIL086C 15 139
YIL085C 32 1164
YIL084C 13 228
YIL083C 7 103
YIL082W 10 137
YIL079C 13 293
YIL078W 23 592
YIL077C 34 973
YIL076W 7 74
YIL075C 30 397
YIL074C 39 1703
YIL073C 24 761
YIL072W 14 221
YIL071W-A 2 105
YIL071C 13 208
YIL070C 3 38
YIL069C 7 159
YIL068W-A 12 78
YIL068C 28 412
YIL067C 40 1423
YIL066W-A 4 139
YIL066C 35 819
YIL065C 15 419
YIL064W 30 1229
YIL063C 17 571
YIL062C 6 190
YIL061C 9 77
YIL060W 3 144
YIL059C 3 144
YIL058W 11 214
YIL057C 14 1282
YIL056W 29 513
YIL055C 29 1120
YIL054W 21 9622
YIL053W 17 540
YIL052C 0 0
YIL051C 18 335
YIL050W 11 217
YIL049W 20 454
YIL048W 25 471
YIL047C-A 6 221
YIL047C 53 1403
YIL046W-A 32 4471
YIL046W 38 1023
YIL045W 31 890
YIL044C 5 35
YIL043C 26 777
YIL042C 21 263
YIL041W 13 225
YIL040W 5 129
YIL039W 16 302
YIL038C 14 122
YIL037C 10 90
YIL036W 22 6092
YIL035C 27 852
YIL034C 12 266
YIL033C 19 469
YIL032C 8 446
YIL031W 29 642
YIL030W-A 6 387
YIL030C 35 893
YIL029W-A 7 282
YIL029C 4 25
YIL028W 2 26
YIL027C 8 78
YIL026C 30 1034
YIL025C 3 15
YIL024C 7 12
YIL023C 22 774
YIL022W 9 106
YIL021W 16 287
YIL021C-A 1 25
YIL020C-A 6 118
YIL020C 10 147
YIL019W 12 237
YIL018W 1 1
YIL017C 33 566
YIL016W 2 12
YIL015W 27 831
YIL014C-A 1 2
YIL014W 17 257
YIL013C 36 802
YIL012W 26 2217
YIL011W 11 519
YIL010W 11 272
YIL009C-A 10 225
YIL009W 37 11127
YIL008W 3 64
YIL007C 21 583
YIL006W 17 326
YIL005W 32 1809
YIL004C 12 181
YIL003W 40 1102
YIL002W-A 6 68
YIL002C 73 8721
YIL001W 77 3452
YIR001C 27 1120
YIR002C 61 848
YIR003W 22 868
YIR004W 6 142
YIR005W 14 146
YIR006C 41 2602
YIR007W 23 647
YIR008C 5 65
YIR009W 3 14
YIR010W 25 523
YIR011C 2 37
YIR012W 13 115
YIR013C 7 192
YIR014W 12 297
YIR015W 23 2113
YIR016W 24 582
YIR017C 29 546
YIR017W-A 31 848
YIR018W 14 326
YIR018C-A 3 13
YIR019C 30 2734
YIR020C 5 256
YIR020W-A 8 253
YIR020C-B 10 208
YIR021W 17 433
YIR021W-A 8 1399
YIR022W 2 3
YIR023W 20 675
YIR023C-A 0 0
YIR024C 3 58
YIR025W 10 320
YIR026C 8 235
YIR027C 15 201
YIR028W 23 1764
YIR029W 14 318
YIR030C 10 6947
YIR030W-A 4 312
YIR031C 14 396
YIR032C 13 375
YIR033W 21 248
YIR034C 23 1734
YIR035C 18 448
YIR036C 7 389
YIR036W-A 8 421
YIR037W 6 176
YIR038C 12 1479
YIR039C 13 137
YIR040C 2 80
YIR041W 1 23
YIR042C 5 34
YJL225C 0 0
YJL225W-A 0 0
YJL223C 0 0
YJL222W-B 0 0
YJL222W-A 0 0
YJL222W 6 108
YJL221C 0 0
YJL220W 0 0
YJL219W 8 1252
YJL218W 8 437
YJL217W 11 426
YJL216C 30 462
YJL215C 7 256
YJL214W 17 285
YJL213W 16 7039
YJL212C 41 708
YJL211C 34 1744
YJL210W 37 1386
YJL209W 25 783
YJL208C 16 300
YJL207C 78 1742
YJL206C 30 881
YJL205C 11 356
YJL204C 13 292
YJL203W 4 9
YJL202C 3 24
YJL201W 24 497
YJL200C 45 2087
YJL199C 11 855
YJL198W 23 513
YJL197W 40 3450
YJL197C-A 2 478
YJL196C 16 535
YJL195C 11 104
YJL194W 25 423
YJL193W 8 113
YJL192C 13 1178
YJL191W 35 1758
YJL190C 1 4
YJL189W 5 184
YJL188C 5 159
YJL187C 30 652
YJL186W 33 770
YJL185C 15 279
YJL184W 8 150
YJL183W 26 972
YJL182C 8 127
YJL181W 24 3118
YJL180C 7 67
YJL179W 5 57
YJL178C 8 558
YJL177W 0 0
YJL176C 14 167
YJL175W 4 18
YJL174W 7 171
YJL173C 1 5
YJL172W 31 855
YJL171C 12 332
YJL170C 14 149
YJL169W 4 25
YJL168C 26 518
YJL167W 11 124
YJL166W 5 151
YJL165C 37 1464
YJL164C 16 217
YJL163C 25 533
YJL162C 21 1098
YJL161W 18 1487
YJL160C 13 394
YJL159W 4 25
YJL158C 16 178
YJL157C 76 4280
YJL156W-A 24 786
YJL156C 58 2173
YJL155C 26 2223
YJL154C 31 729
YJL153C 15 340
YJL152W 35 1875
YJL151C 18 788
YJL150W 26 5885
YJL149W 26 1034
YJL148W 4 219
YJL147C 11 69
YJL146W 19 342
YJL145W 12 203
YJL144W 5 77
YJL143W 7 52
YJL142C 4 28
YJL141C 50 1150
YJL140W 6 123
YJL139C 17 1053
YJL138C 3 88
YJL137C 21 532
YJL136W-A 6 123
YJL136C 6 28
YJL135W 11 1306
YJL134W 17 309
YJL133C-A 11 285
YJL133W 25 1431
YJL132W 27 326
YJL131C 5 65
YJL130C 106 5509
YJL129C 38 1039
YJL128C 28 12457
YJL127W-A 6 665
YJL127C-B 4 21
YJL127C 36 1141
YJL126W 16 560
YJL125C 16 228
YJL124C 4 26
YJL123C 19 523
YJL122W 11 260
YJL121C 9 188
YJL120W 8 208
YJL119C 17 617
YJL118W 28 1365
YJL117W 13 358
YJL116C 28 694
YJL115W 10 301
YJL112W 31 1060
YJL111W 20 1023
YJL110C 9 240
YJL109C 52 979
YJL108C 7 140
YJL107C 22 338
YJL106W 21 319
YJL105W 14 163
YJL104W 2 102
YJL103C 32 559
YJL102W 28 591
YJL101C 25 967
YJL100W 25 598
YJL099W 41 3311
YJL098W 36 895
YJL097W 16 279
YJL096W 6 22
YJL095W 34 480
YJL094C 38 538
YJL093C 16 353
YJL092W 30 497
YJL091C 12 63
YJL090C 14 105
YJL089W 20 413
YJL088W 21 424
YJL087C 16 202
YJL086C 8 217
YJL085W 11 113
YJL084C 27 654
YJL083W 35 1745
YJL082W 25 690
YJL081C 6 33
YJL080C 32 788
YJL079C 7 296
YJL078C 73 2877
YJL077W-B 4 111
YJL077C 27 908
YJL077W-A 6 159
YJL076W 36 596
YJL075C 0 0
YJL074C 24 536
YJL073W 20 767
YJL072C 3 96
YJL071W 20 247
YJL070C 20 420
YJL069C 8 251
YJL068C 13 340
YJL067W 8 145
YJL066C 20 1170
YJL065C 10 179
YJL064W 6 99
YJL063C 9 195
YJL062W-A 13 378
YJL062W 24 674
YJL061W 13 187
YJL060W 7 120
YJL059W 23 574
YJL058C 20 232
YJL057C 20 702
YJL056C 33 727
YJL055W 6 36
YJL054W 11 296
YJL053W 10 236
YJL052C-A 17 1229
YJL052W 29 1183
YJL051W 33 648
YJL050W 17 367
YJL049W 7 145
YJL048C 22 1181
YJL047C-A 5 105
YJL047C 24 727
YJL046W 9 545
YJL045W 32 1942
YJL044C 13 196
YJL043W 40 3932
YJL042W 65 1435
YJL041W 6 116
YJL039C 25 430
YJL038C 2 13
YJL037W 16 471
YJL036W 11 406
YJL035C 23 967
YJL034W 35 799
YJL033W 12 85
YJL032W 1 4
YJL031C 6 87
YJL030W 9 592
YJL029C 17 196
YJL028W 23 1163
YJL027C 32 1827
YJL026W 12 114
YJL026C-A 4 36
YJL025W 19 703
YJL024C 7 42
YJL023C 16 694
YJL022W 8 286
YJL020C 43 10260
YJL020W-A 1 29
YJL019W 36 884
YJL016W 19 371
YJL015C 9 773
YJL014W 9 335
YJL013C 9 91
YJL012C 39 773
YJL011C 3 42
YJL010C 8 64
YJL009W 3 81
YJL008C 12 176
YJL007C 9 303
YJL006C 6 60
YJL005W 49 2006
YJL004C 18 569
YJL003W 2 32
YJL002C 29 1178
YJL001W 24 978
YJR001W 104 10368
YJR002W 28 413
YJR003C 31 896
YJR004C 39 747
YJR005W 19 705
YJR005C-A 2 7
YJR006W 3 35
YJR007W 1 12
YJR008W 26 3816
YJR009C 11 341
YJR010W 29 1589
YJR010C-A 5 147
YJR011C 10 242
YJR012C 13 312
YJR013W 16 379
YJR014W 6 155
YJR015W 29 439
YJR016C 11 103
YJR017C 9 222
YJR018W 7 73
YJR019C 22 1203
YJR020W 7 47
YJR021C 23 746
YJR022W 1 8
YJR023C 2 9
YJR024C 10 306
YJR025C 4 54
YJR030C 40 1087
YJR031C 29 505
YJR032W 6 126
YJR033C 27 465
YJR034W 7 84
YJR035W 29 589
YJR036C 21 374
YJR037W 1 5
YJR038C 5 96
YJR039W 46 923
YJR040W 16 358
YJR041C 15 157
YJR042W 15 300
YJR043C 15 268
YJR044C 5 101
YJR045C 17 267
YJR046W 16 229
YJR047C 8 245
YJR048W 18 643
YJR049C 20 356
YJR050W 5 491
YJR051W 26 562
YJR052W 20 576
YJR053W 16 455
YJR054W 10 216
YJR055W 5 96
YJR056C 6 101
YJR057W 12 256
YJR058C 11 1218
YJR059W 32 2329
YJR060W 18 447
YJR061W 36 802
YJR062C 5 54
YJR063W 2 81
YJR064W 35 879
YJR065C 18 189
YJR066W 79 3719
YJR067C 4 101
YJR068W 10 244
YJR069C 9 253
YJR070C 15 354
YJR071W 13 336
YJR072C 27 447
YJR073C 14 289
YJR074W 26 667
YJR075W 22 388
YJR076C 16 212
YJR077C 18 204
YJR078W 50 1774
YJR079W 15 524
YJR080C 12 488
YJR082C 4 38
YJR083C 9 117
YJR084W 9 793
YJR085C 6 64
YJR086W 3 57
YJR087W 7 55
YJR088C 13 134
YJR089W 27 384
YJR090C 25 554
YJR091C 28 1688
YJR092W 39 842
YJR093C 18 258
YJR094C 21 678
YJR094W-A 9 100
YJR095W 18 372
YJR096W 21 876
YJR097W 2 36
YJR098C 24 453
YJR099W 1 1
YJR100C 18 550
YJR101W 8 455
YJR102C 12 1100
YJR103W 55 3960
YJR104C 13 139
YJR105W 24 870
YJR106W 20 518
YJR107W 16 335
YJR108W 19 227
YJR109C 54 1585
YJR110W 41 930
YJR111C 22 277
YJR112W 8 351
YJR112W-A 16 4226
YJR113C 16 300
YJR114W 9 583
YJR115W 40 734
YJR116W 25 1260
YJR117W 32 2324
YJR118C 4 18
YJR119C 46 1280
YJR120W 22 818
YJR121W 23 1347
YJR122W 19 451
YJR123W 1 2
YJR124C 30 756
YJR125C 19 263
YJR126C 25 327
YJR127C 78 3726
YJR128W 17 2152
YJR129C 45 2602
YJR130C 20 386
YJR131W 34 692
YJR132W 23 517
YJR133W 7 305
YJR134C 15 424
YJR135C 18 233
YJR135W-A 0 0
YJR136C 5 124
YJR137C 53 1431
YJR138W 54 1933
YJR139C 13 193
YJR140C 28 674
YJR140W-A 2 10
YJR141W 3 5
YJR142W 21 1353
YJR143C 19 186
YJR144W 16 324
YJR145C 3 144
YJR146W 16 168
YJR147W 15 2118
YJR148W 33 1419
YJR149W 17 324
YJR150C 9 47
YJR151C 19 224
YJR151W-A 2 13
YJR152W 15 518
YJR153W 9 884
YJR154W 16 335
YJR155W 15 302
YJR156C 2 7
YJR157W 0 0
YJR158W 0 0
YJR159W 0 0
YJR160C 1 3
YJR161C 2 4
YJR162C 3 25
YKL225W 5 89
YKL224C 1 9
YKL223W 3 25
YKL222C 16 379
YKL221W 26 732
YKL220C 24 1780
YKL219W 12 94
YKL218C 30 1359
YKL217W 42 1112
YKL216W 8 54
YKL215C 56 1929
YKL214C 10 248
YKL213C 32 598
YKL212W 14 672
YKL211C 20 322
YKL210W 26 495
YKL209C 67 2099
YKL208W 13 303
YKL207W 13 211
YKL206C 9 108
YKL205W 30 1004
YKL204W 12 365
YKL203C 82 2057
YKL202W 1 15
YKL201C 47 1265
YKL198C 219 65698
YKL197C 50 1864
YKL196C 7 88
YKL195W 11 404
YKL194C 22 1109
YKL193C 8 625
YKL192C 4 109
YKL191W 19 312
YKL190W 2 12
YKL189W 8 73
YKL188C 22 511
YKL187C 63 1962
YKL186C 32 1570
YKL185W 31 696
YKL184W 11 1215
YKL183C-A 18 8218
YKL183W 50 9671
YKL182W 123 3025
YKL181W 16 677
YKL180W 1 1
YKL179C 13 238
YKL178C 25 551
YKL177W 7 390
YKL176C 27 426
YKL175W 38 1270
YKL174C 11 133
YKL173W 23 245
YKL172W 2 10
YKL171W 34 11642
YKL170W 2 4
YKL169C 2 4
YKL168C 30 5822
YKL167C 3 20
YKL166C 11 483
YKL165C-A 4 55
YKL165C 46 1129
YKL164C 3 11
YKL163W 11 301
YKL162C-A 5 15
YKL162C 14 124
YKL161C 8 122
YKL160W 4 1001
YKL159C 5 21
YKL157W 47 1364
YKL156W 6 119
YKL156C-A 0 0
YKL155C 26 241
YKL154W 7 465
YKL153W 16 230
YKL152C 19 309
YKL151C 39 1124
YKL150W 27 8784
YKL149C 15 198
YKL148C 86 4257
YKL147C 41 1760
YKL146W 39 1873
YKL145W 17 395
YKL145W-A 0 0
YKL144C 5 40
YKL143W 19 330
YKL142W 4 83
YKL141W 8 138
YKL140W 10 382
YKL139W 8 610
YKL138C-A 1 1
YKL138C 4 19
YKL137W 2 23
YKL136W 4 67
YKL135C 28 726
YKL134C 12 424
YKL133C 17 484
YKL132C 18 284
YKL131W 6 170
YKL130C 4 42
YKL129C 36 1235
YKL128C 29 878
YKL127W 33 932
YKL126W 21 333
YKL125W 16 198
YKL124W 19 439
YKL123W 9 124
YKL122C 4 1414
YKL121W 32 753
YKL120W 19 340
YKL119C 12 288
YKL118W 8 2132
YKL117W 6 53
YKL116C 21 1297
YKL115C 4 62
YKL114C 15 729
YKL113C 13 203
YKL112W 28 2576
YKL111C 5 51
YKL110C 23 436
YKL109W 58 875
YKL108W 17 164
YKL107W 11 334
YKL106C-A 4 95
YKL106W 11 449
YKL105C 37 464
YKL104C 26 1408
YKL103C 23 640
YKL102C 12 234
YKL101W 48 656
YKL100C 20 344
YKL100W-A 0 0
YKL099C 6 373
YKL098W 19 271
YKL097C 35 2598
YKL096C-B 0 0
YKL096W-A 0 0
YKL096W 24 864
YKL095W 15 529
YKL094W 31 968
YKL093W 17 218
YKL092C 23 324
YKL091C 10 537
YKL090W 23 772
YKL089W 8 75
YKL088W 8 66
YKL087C 25 1922
YKL086W 33 2730
YKL085W 18 128
YKL084W 21 689
YKL083W 4 3815
YKL082C 7 244
YKL081W 14 222
YKL080W 6 94
YKL079W 47 2343
YKL078W 8 43
YKL077W 13 381
YKL076C 1 8
YKL075C 10 255
YKL074C 19 440
YKL073W 9 97
YKL072W 31 483
YKL071W 12 312
YKL070W 3 28
YKL069W 7 97
YKL068W-A 4 32
YKL068W 21 287
YKL067W 6 100
YKL066W 24 982
YKL065W-A 4 118
YKL065C 8 66
YKL064W 35 871
YKL063C 7 141
YKL062W 16 423
YKL061W 1 24
YKL060C 15 569
YKL059C 26 1098
YKL058W 1 3
YKL057C 26 691
YKL056C 7 166
YKL055C 9 302
YKL054C 12 107
YKL053C-A 5 22
YKL053W 12 577
YKL052C 26 501
YKL051W 29 2949
YKL050C 38 655
YKL049C 4 22
YKL048C 6 57
YKL047W 19 281
YKL046C 19 582
YKL045W 35 1058
YKL044W 8 532
YKL043W 15 258
YKL042W 10 120
YKL041W 3 89
YKL040C 5 227
YKL039W 36 1150
YKL038W 67 4164
YKL037W 32 774
YKL036C 21 658
YKL035W 17 432
YKL034W 25 858
YKL033W-A 7 117
YKL033W 27 354
YKL032C 29 432
YKL031W 11 196
YKL030W 32 2207
YKL029C 99 6075
YKL028W 7 84
YKL027W 27 481
YKL026C 8 314
YKL025C 23 383
YKL024C 12 409
YKL023C-A 2 21
YKL023W 6 99
YKL022C 35 1194
YKL021C 20 616
YKL020C 27 708
YKL019W 14 1467
YKL018C-A 4 23
YKL018W 14 207
YKL017C 17 283
YKL016C 5 325
YKL015W 29 796
YKL014C 34 480
YKL013C 0 0
YKL012W 14 341
YKL011C 23 416
YKL010C 44 1209
YKL009W 7 68
YKL008C 26 1657
YKL007W 25 647
YKL006C-A 12 68
YKL006W 2 15
YKL005C 34 1304
YKL004W 26 491
YKL003C 12 504
YKL002W 12 271
YKL001C 18 926
YKR001C 35 437
YKR002W 23 1255
YKR003W 59 1032
YKR004C 25 463
YKR005C 35 1396
YKR006C 8 563
YKR007W 2 39
YKR008W 15 488
YKR009C 43 1308
YKR010C 30 712
YKR011C 15 378
YKR012C 13 386
YKR013W 5 537
YKR014C 0 0
YKR015C 22 494
YKR016W 15 322
YKR017C 11 965
YKR018C 37 914
YKR019C 33 1232
YKR020W 2 180
YKR021W 31 570
YKR022C 8 248
YKR023W 16 498
YKR024C 20 598
YKR025W 7 39
YKR026C 13 708
YKR027W 27 429
YKR028W 41 836
YKR029C 14 229
YKR030W 7 152
YKR031C 49 1290
YKR032W 13 979
YKR033C 3 23
YKR034W 8 284
YKR035C 2 6
YKR035W-A 2 6
YKR036C 37 1118
YKR037C 20 483
YKR038C 17 400
YKR039W 14 362
YKR040C 37 1930
YKR041W 56 2812
YKR042W 26 934
YKR043C 24 466
YKR044W 33 851
YKR045C 16 180
YKR046C 16 556
YKR047W 7 69
YKR048C 30 677
YKR049C 12 265
YKR050W 24 468
YKR051W 20 482
YKR052C 11 42
YKR053C 21 873
YKR054C 117 3012
YKR055W 14 357
YKR056W 26 480
YKR057W 8 71
YKR058W 13 202
YKR059W 2 39
YKR060W 19 1678
YKR061W 40 1788
YKR062W 5 66
YKR063C 19 426
YKR064W 22 874
YKR065C 6 62
YKR066C 18 629
YKR067W 46 1214
YKR068C 11 222
YKR069W 26 746
YKR070W 11 376
YKR071C 13 537
YKR072C 22 413
YKR073C 13 379
YKR074W 14 270
YKR075C 20 962
YKR075W-A 11 874
YKR076W 29 644
YKR077W 9 136
YKR078W 24 648
YKR079C 26 612
YKR080W 23 448
YKR081C 5 140
YKR082W 29 653
YKR083C 1 14
YKR084C 18 167
YKR085C 11 177
YKR086W 30 542
YKR087C 7 154
YKR088C 26 672
YKR089C 33 919
YKR090W 23 1204
YKR091W 6 117
YKR092C 9 707
YKR093W 46 1379
YKR094C 4 40
YKR095W 30 821
YKR095W-A 8 165
YKR096W 46 17579
YKR097W 39 1938
YKR098C 33 827
YKR099W 27 1138
YKR100C 12 117
YKR101W 17 251
YKR102W 31 852
YKR103W 36 583
YKR104W 5 214
YKR105C 4 96
YKR106W 6 149
YLL067C 0 0
YLL067W-A 0 0
YLL066W-B 5 24
YLL066C 0 0
YLL066W-A 0 0
YLL065W 7 1296
YLL064C 0 0
YLL063C 28 1599
YLL062C 8 70
YLL061W 21 969
YLL060C 16 846
YLL059C 23 983
YLL058W 8 179
YLL057C 25 1251
YLL056C 16 1525
YLL055W 16 350
YLL054C 13 254
YLL053C 12 217
YLL052C 8 413
YLL051C 30 629
YLL050C 1 13
YLL049W 8 120
YLL048C 64 1584
YLL047W 7 62
YLL046C 8 216
YLL045C 16 280
YLL044W 15 234
YLL043W 14 434
YLL042C 5 15
YLL041C 28 558
YLL040C 116 2604
YLL039C 18 541
YLL038C 21 574
YLL037W 5 68
YLL036C 4 144
YLL035W 11 111
YLL034C 15 200
YLL033W 4 20
YLL032C 28 1325
YLL031C 26 422
YLL030C 7 1457
YLL029W 82 6387
YLL028W 53 4140
YLL027W 14 221
YLL026W 57 1501
YLL025W 8 2240
YLL024C 18 440
YLL023C 20 638
YLL022C 29 819
YLL021W 39 909
YLL020C 6 149
YLL019C 11 184
YLL019W-A 0 0
YLL018C-A 3 43
YLL018C 18 175
YLL015W 37 948
YLL014W 6 860
YLL013C 43 1453
YLL012W 34 840
YLL011W 14 209
YLL010C 35 18724
YLL009C 0 0
YLL008W 10 187
YLL007C 11 249
YLL006W-A 6 53
YLL006W 9 108
YLL005C 25 316
YLL004W 25 341
YLL003W 22 327
YLL002W 23 881
YLL001W 62 1418
YLR001C 84 6155
YLR002C 18 474
YLR003C 7 58
YLR004C 33 1274
YLR005W 29 726
YLR006C 36 3143
YLR007W 25 497
YLR008C 6 282
YLR009W 3 26
YLR010C 3 29
YLR011W 10 275
YLR012C 1 9
YLR013W 5 158
YLR014C 31 508
YLR015W 18 955
YLR016C 10 467
YLR017W 11 527
YLR018C 11 123
YLR019W 29 1238
YLR020C 12 788
YLR021W 11 92
YLR022C 15 307
YLR023C 24 378
YLR024C 108 5467
YLR025W 9 212
YLR026C 1 9
YLR027C 20 1030
YLR028C 56 2328
YLR029C 4 78
YLR030W 7 40
YLR031W 1 4
YLR032W 27 635
YLR033W 5 159
YLR034C 14 6824
YLR035C 25 549
YLR036C 4 31
YLR037C 10 230
YLR038C 2 73
YLR039C 25 593
YLR040C 9 213
YLR041W 8 269
YLR042C 9 247
YLR043C 2 93
YLR044C 41 2779
YLR045C 49 1065
YLR046C 7 98
YLR047C 30 647
YLR048W 2 25
YLR049C 13 240
YLR050C 8 82
YLR051C 10 322
YLR052W 2 2
YLR053C 2 7
YLR054C 24 1336
YLR055C 21 633
YLR056W 18 2518
YLR057W 41 1244
YLR058C 28 1329
YLR059C 51 4678
YLR060W 24 344
YLR061W 3 48
YLR062C 3 48
YLR063W 9 64
YLR064W 5 228
YLR065C 3 20
YLR066W 7 98
YLR067C 27 467
YLR068W 8 346
YLR069C 37 679
YLR070C 30 560
YLR071C 30 363
YLR072W 24 436
YLR073C 16 480
YLR074C 20 653
YLR075W 8 21
YLR076C 3 12
YLR077W 32 648
YLR078C 14 319
YLR079W 10 124
YLR080W 35 1118
YLR081W 57 6503
YLR082C 15 117
YLR083C 16 339
YLR084C 50 8330
YLR085C 32 992
YLR086W 36 721
YLR087C 109 2827
YLR088W 17 307
YLR089C 8 47
YLR090W 23 1268
YLR091W 31 777
YLR092W 40 1101
YLR093C 12 336
YLR094C 41 3473
YLR095C 39 718
YLR096W 28 507
YLR097C 6 103
YLR098C 21 844
YLR099C 27 411
YLR099W-A 17 612
YLR100W 21 301
YLR101C 11 151
YLR102C 12 412
YLR103C 21 458
YLR104W 4 52
YLR105C 16 424
YLR106C 96 1813
YLR107W 19 688
YLR108C 26 471
YLR109W 10 216
YLR110C 3 9
YLR111W 11 947
YLR112W 32 1696
YLR113W 29 528
YLR114C 22 416
YLR115W 22 393
YLR116W 11 330
YLR117C 21 744
YLR118C 3 16
YLR119W 14 402
YLR120C 39 690
YLR120W-A 3 88
YLR121C 17 781
YLR122C 4 51
YLR123C 4 51
YLR124W 4 13
YLR125W 3 40
YLR126C 4 77
YLR127C 16 141
YLR128W 6 176
YLR129W 18 385
YLR130C 29 395
YLR131C 32 671
YLR132C 13 388
YLR133W 11 181
YLR134W 19 528
YLR135W 22 1058
YLR136C 8 241
YLR137W 47 1062
YLR138W 34 841
YLR139C 11 152
YLR140W 11 298
YLR141W 56 4159
YLR142W 26 304
YLR143W 11 248
YLR144C 18 386
YLR145W 3 50
YLR146C 17 252
YLR146W-A 2 16
YLR147C 4 15
YLR148W 24 530
YLR149C 16 345
YLR149C-A 3 17
YLR150W 2 20
YLR151C 13 205
YLR152C 17 201
YLR153C 34 611
YLR154C 8 78
YLR154W-A 0 0
YLR154W-B 0 0
YLR154W-C 0 0
YLR154W-E 0 0
YLR154W-F 0 0
YLR154C-G 0 0
YLR154C-H 0 0
YLR155C 0 0
YLR156W 0 0
YLR156C-A 0 0
YLR157C 0 0
YLR157W-D 0 0
YLR157W-E 0 0
YLR157C-C 0 0
YLR158C 0 0
YLR159W 0 0
YLR159C-A 0 0
YLR160C 0 0
YLR161W 0 0
YLR162W 3 5
YLR162W-A 2 54
YLR163C 19 351
YLR163W-A 2 34
YLR164W 5 82
YLR165C 7 26
YLR166C 23 506
YLR167W 8 35
YLR168C 20 787
YLR169W 24 2221
YLR170C 21 261
YLR171W 14 158
YLR172C 19 515
YLR173W 36 752
YLR174W 29 618
YLR175W 17 387
YLR176C 29 447
YLR177W 26 1154
YLR178C 22 469
YLR179C 23 2571
YLR180W 27 729
YLR181C 16 326
YLR182W 11 75
YLR183C 18 658
YLR184W 4 307
YLR185W 12 143
YLR186W 18 86
YLR187W 37 1208
YLR188W 34 562
YLR189C 51 934
YLR190W 24 814
YLR191W 10 238
YLR192C 3 18
YLR193C 6 89
YLR194C 15 103
YLR195C 12 236
YLR196W 29 510
YLR197W 6 108
YLR198C 0 0
YLR199C 17 246
YLR200W 0 0
YLR201C 9 120
YLR202C 14 437
YLR203C 18 369
YLR204W 6 45
YLR205C 41 688
YLR206W 20 982
YLR207W 39 1059
YLR208W 10 466
YLR209C 23 685
YLR210W 11 134
YLR211C 3 6
YLR212C 13 85
YLR213C 38 1609
YLR214W 30 653
YLR215C 2 4
YLR216C 16 2291
YLR217W 9 2213
YLR218C 17 251
YLR219W 26 399
YLR220W 12 168
YLR221C 8 84
YLR222C 24 442
YLR222C-A 1 2
YLR223C 33 461
YLR224W 14 111
YLR225C 10 223
YLR226W 10 84
YLR227C 14 706
YLR228C 22 707
YLR229C 7 358
YLR230W 1 1
YLR231C 29 1369
YLR232W 9 370
YLR233C 24 515
YLR234W 61 1570
YLR235C 20 574
YLR236C 27 5117
YLR237W 31 500
YLR238W 16 153
YLR239C 8 169
YLR240W 22 323
YLR241W 19 451
YLR242C 11 170
YLR243W 4 143
YLR244C 18 731
YLR245C 12 299
YLR246W 14 182
YLR247C 60 1628
YLR248W 30 927
YLR249W 34 273
YLR250W 15 139
YLR251W 5 66
YLR252W 2 35
YLR253W 36 2282
YLR254C 18 656
YLR255C 35 810
YLR256W 89 3118
YLR257W 22 242
YLR258W 41 1091
YLR259C 29 1445
YLR260W 26 436
YLR261C 1 1
YLR262C 7 133
YLR262C-A 0 0
YLR263W 26 519
YLR264W 1 12
YLR264C-A 1 1
YLR265C 4 44
YLR266C 28 924
YLR267W 22 338
YLR268W 6 92
YLR269C 22 817
YLR270W 5 88
YLR271W 13 57
YLR272C 28 637
YLR273C 18 303
YLR274W 25 383
YLR275W 2 14
YLR276C 10 180
YLR277C 26 720
YLR278C 40 1069
YLR279W 20 1514
YLR280C 10 571
YLR281C 11 607
YLR282C 10 294
YLR283W 14 625
YLR284C 4 92
YLR285W 2 6
YLR285C-A 3 467
YLR286C 6 385
YLR286W-A 1 367
YLR287C 11 4971
YLR287C-A 2 9
YLR288C 21 639
YLR289W 33 367
YLR290C 3 7
YLR291C 9 94
YLR292C 12 200
YLR293C 6 14
YLR294C 15 142
YLR295C 6 60
YLR296W 23 3078
YLR297W 13 1647
YLR298C 21 1591
YLR299W 68 3899
YLR299C-A 6 185
YLR300W 35 579
YLR301W 12 268
YLR302C 24 1727
YLR303W 13 189
YLR304C 70 2438
YLR305C 61 1045
YLR306W 21 623
YLR307W 12 225
YLR307C-A 1 18
YLR308W 9 209
YLR309C 25 455
YLR310C 25 571
YLR311C 6 269
YLR312C 24 277
YLR312W-A 16 359
YLR313C 30 1408
YLR314C 15 499
YLR315W 5 54
YLR316C 31 970
YLR317W 12 357
YLR318W 36 824
YLR319C 9 324
YLR320W 32 1045
YLR321C 23 774
YLR322W 5 160
YLR323C 8 75
YLR324W 20 277
YLR325C 6 138
YLR326W 34 1961
YLR327C 8 108
YLR328W 24 548
YLR329W 7 21
YLR330W 50 1830
YLR331C 0 0
YLR332W 7 124
YLR333C 19 293
YLR334C 10 318
YLR335W 13 486
YLR336C 28 880
YLR337C 33 417
YLR338W 8 26
YLR339C 3 106
YLR340W 5 172
YLR341W 10 110
YLR342W 54 566
YLR342W-A 1 1
YLR343W 20 430
YLR344W 8 1013
YLR345W 31 2105
YLR346C 9 64
YLR347C 34 533
YLR347W-A 0 0
YLR348C 50 6882
YLR349W 30 1856
YLR350W 8 106
YLR351C 13 596
YLR352W 38 1466
YLR353W 28 627
YLR354C 15 171
YLR355C 40 1501
YLR356W 12 137
YLR357W 60 1526
YLR358C 16 413
YLR359W 5 60
YLR360W 14 286
YLR361C 33 475
YLR361C-A 1 6
YLR362W 31 827
YLR363C 6 96
YLR363W-A 3 99
YLR364W 6 220
YLR365W 8 213
YLR364C-A 6 135
YLR366W 20 730
YLR367W 16 188
YLR368W 20 543
YLR369W 21 851
YLR370C 8 125
YLR371W 47 1097
YLR372W 5 63
YLR373C 23 375
YLR374C 14 361
YLR375W 24 774
YLR376C 12 112
YLR377C 39 2675
YLR378C 31 2148
YLR379W 14 1318
YLR380W 35 736
YLR381W 23 375
YLR382C 40 514
YLR383W 24 459
YLR384C 27 766
YLR385C 6 296
YLR386W 17 259
YLR387C 17 325
YLR388W 3 5
YLR389C 66 2490
YLR390W 6 133
YLR390W-A 3 79
YLR392C 25 596
YLR393W 4 22
YLR394W 10 137
YLR395C 7 76
YLR396C 32 526
YLR397C 29 536
YLR398C 52 657
YLR399C 27 514
YLR399W-A 0 0
YLR400W 20 2432
YLR401C 42 953
YLR402W 5 26
YLR403W 23 404
YLR404W 18 1381
YLR405W 24 1268
YLR406C 14 329
YLR406C-A 2 560
YLR407W 4 35
YLR408C 11 1395
YLR409C 36 786
YLR410W 62 1764
YLR411W 18 527
YLR412W 13 150
YLR412C-A 0 0
YLR413W 25 465
YLR414C 35 1131
YLR415C 29 1352
YLR416C 22 1155
YLR417W 47 1018
YLR418C 10 47
YLR419W 36 741
YLR420W 10 1769
YLR421C 9 620
YLR422W 46 1016
YLR423C 5 19
YLR424W 21 308
YLR425W 45 1000
YLR426W 11 80
YLR427W 20 687
YLR428C 17 1296
YLR429W 45 873
YLR430W 44 838
YLR431C 26 652
YLR432W 15 380
YLR433C 20 531
YLR434C 2 32
YLR435W 3 50
YLR436C 64 2414
YLR437C 18 248
YLR437C-A 7 263
YLR438W 64 2651
YLR438C-A 5 9
YLR439W 19 126
YLR440C 12 389
YLR441C 11 604
YLR442C 29 786
YLR443W 19 301
YLR444C 3 32
YLR445W 11 553
YLR446W 15 139
YLR447C 13 394
YLR448W 9 210
YLR449W 16 486
YLR450W 65 1824
YLR451W 27 627
YLR452C 22 402
YLR453C 22 534
YLR454W 78 1942
YLR455W 16 336
YLR456W 12 282
YLR457C 14 230
YLR458W 9 104
YLR459W 4 57
YLR460C 10 372
YLR461W 3 96
YLR462W 0 0
YLR463C 0 0
YLR464W 0 0
YLR465C 0 0
YLR466W 1 1
YLR466C-A 0 0
YLR466C-B 2 253
YLR467W 0 0
YLR467C-A 0 0
YML133C 0 0
YML133W-B 0 0
YML133W-A 0 0
YML132W 0 0
YML131W 17 577
YML130C 17 297
YML129C 4 60
YML128C 29 521
YML127W 24 576
YML126C 35 1374
YML125C 23 521
YML124C 21 411
YML123C 27 762
YML122C 34 2530
YML121W 9 228
YML120C 32 1033
YML119W 10 440
YML118W 26 617
YML117W 47 1512
YML116W-A 4 89
YML116W 25 345
YML115C 20 417
YML114C 20 879
YML113W 21 509
YML112W 10 185
YML111W 35 1053
YML110C 13 119
YML109W 28 2848
YML108W 3 21
YML107C 15 485
YML106W 6 370
YML105C 5 234
YML104C 25 579
YML103C 37 1128
YML102W 32 1040
YML101C-A 12 284
YML101C 39 2369
YML100W-A 21 769
YML100W 92 4595
YML099W-A 3 135
YML099C 33 1157
YML098W 2 84
YML097C 17 498
YML096W 14 206
YML095C 6 129
YML094C-A 5 75
YML094W 5 57
YML093W 25 881
YML092C 4 23
YML091C 53 612
YML090W 12 188
YML089C 20 1456
YML088W 22 538
YML087C 19 3202
YML086C 26 446
YML085C 12 644
YML084W 9 307
YML083C 33 2061
YML082W 30 535
YML081C-A 1 48
YML081W 32 671
YML080W 4 27
YML079W 17 104
YML078W 9 140
YML077W 9 296
YML076C 43 1416
YML075C 50 1274
YML074C 5 37
YML073C 8 93
YML072C 81 4190
YML071C 27 1011
YML070W 30 622
YML069W 3 20
YML068W 25 474
YML067C 6 130
YML066C 10 329
YML065W 21 357
YML064C 13 217
YML063W 6 88
YML062C 14 431
YML061C 12 285
YML060W 11 260
YML059C 49 1790
YML058W-A 3 75
YML058W 14 1568
YML057C-A 4 76
YML057W 30 487
YML056C 35 614
YML055W 5 154
YML054C 44 3127
YML054C-A 26 1011
YML053C 16 597
YML052W 21 1721
YML051W 36 1105
YML050W 11 330
YML049C 48 1555
YML048W 6 81
YML047W-A 4 42
YML047C 5 43
YML046W 13 382
YML043C 6 292
YML042W 38 888
YML041C 13 219
YML038C 6 111
YML037C 3 5
YML036W 10 465
YML035C 33 834
YML034C-A 14 275
YML034W 36 865
YML032C 16 276
YML031C-A 4 16
YML031W 26 420
YML030W 7 129
YML029W 38 1230
YML028W 21 1670
YML027W 18 506
YML026C 8 84
YML025C 6 94
YML024W 2 30
YML023C 29 592
YML022W 10 354
YML021C 23 1070
YML020W 33 969
YML019W 8 589
YML018C 27 543
YML017W 28 457
YML016C 26 531
YML015C 11 161
YML014W 15 404
YML013W 22 490
YML012C-A 11 289
YML012W 3 77
YML011C 6 197
YML010W 11 261
YML009W-B 2 12
YML009C-A 2 7
YML009C 2 2
YML008C 13 191
YML007C-A 8 2290
YML007W 21 675
YML006C 27 669
YML005W 24 1400
YML004C 33 1335
YML003W 28 521
YML002W 51 3468
YML001W 19 537
YMR001C 41 2595
YMR001C-A 14 676
YMR002W 18 2848
YMR003W 12 232
YMR004W 40 1858
YMR005W 15 238
YMR006C 25 705
YMR007W 31 2846
YMR008C 10 131
YMR009W 7 62
YMR010W 10 294
YMR011W 27 405
YMR012W 40 640
YMR013C 12 104
YMR013C-A 2 50
YMR013W-A 4 408
YMR014W 6 141
YMR015C 44 1168
YMR016C 18 325
YMR017W 13 190
YMR018W 14 424
YMR019W 29 909
YMR020W 21 511
YMR021C 23 538
YMR022W 7 110
YMR023C 35 1049
YMR024W 6 92
YMR025W 4 158
YMR026C 10 72
YMR027W 15 177
YMR028W 4 80
YMR029C 10 564
YMR030W 24 1367
YMR031C 21 469
YMR031W-A 10 68
YMR032W 15 194
YMR030W-A 5 147
YMR033W 5 267
YMR034C 17 258
YMR035W 7 268
YMR036C 18 400
YMR037C 20 421
YMR038C 22 1772
YMR039C 15 182
YMR040W 13 502
YMR041C 6 90
YMR042W 41 2571
YMR043W 10 776
YMR044W 19 297
YMR046W-A 0 0
YMR047C 23 900
YMR048W 12 328
YMR049C 20 455
YMR052W 9 143
YMR052C-A 5 27
YMR053C 36 536
YMR054W 48 958
YMR055C 25 717
YMR056C 43 10793
YMR057C 30 22594
YMR058W 47 1250
YMR059W 2 12
YMR060C 6 103
YMR061W 7 47
YMR062C 23 732
YMR063W 20 601
YMR064W 19 480
YMR065W 21 2670
YMR066W 22 392
YMR067C 10 523
YMR068W 10 106
YMR069W 65 6580
YMR070W 24 330
YMR071C 5 273
YMR072W 2 14
YMR073C 7 82
YMR074C 7 463
YMR075W 16 212
YMR075C-A 7 393
YMR076C 41 982
YMR077C 13 265
YMR078C 17 376
YMR079W 14 1042
YMR080C 21 294
YMR081C 14 251
YMR082C 12 250
YMR083W 15 302
YMR084W 22 384
YMR085W 15 180
YMR086W 27 1165
YMR086C-A 8 1317
YMR087W 10 135
YMR088C 15 333
YMR089C 19 331
YMR090W 13 118
YMR091C 19 291
YMR092C 22 590
YMR093W 18 319
YMR094W 9 325
YMR095C 17 383
YMR096W 9 279
YMR097C 11 173
YMR098C 18 537
YMR099C 6 76
YMR100W 26 508
YMR101C 12 154
YMR102C 38 824
YMR103C 33 1220
YMR104C 38 799
YMR105C 8 50
YMR105W-A 7 582
YMR106C 45 1755
YMR107W 21 2478
YMR108W 28 672
YMR109W 45 899
YMR110C 25 474
YMR111C 21 2032
YMR112C 7 42
YMR113W 19 598
YMR114C 9 134
YMR115W 16 1740
YMR116C 21 490
YMR117C 5 18
YMR118C 9 99
YMR119W 17 289
YMR119W-A 6 717
YMR120C 28 1080
YMR121C 18 416
YMR122C 41 3360
YMR122W-A 8 127
YMR123W 1 6
YMR124W 28 694
YMR125W 15 355
YMR126C 11 294
YMR127C 16 285
YMR128W 26 605
YMR129W 51 1741
YMR130W 16 482
YMR131C 14 291
YMR132C 4 33
YMR133W 10 779
YMR134W 9 177
YMR135C 29 1155
YMR135W-A 46 1669
YMR136W 47 14450
YMR137C 25 1232
YMR138W 6 65
YMR139W 15 596
YMR140W 10 96
YMR141C 1 14
YMR142C 0 0
YMR141W-A 0 0
YMR143W 5 63
YMR144W 17 613
YMR145C 57 2327
YMR146C 30 1404
YMR147W 13 209
YMR148W 10 110
YMR149W 19 464
YMR150C 23 522
YMR151W 16 386
YMR152W 20 579
YMR153W 12 166
YMR153C-A 0 0
YMR154C 22 644
YMR155W 17 486
YMR156C 11 267
YMR157C 7 17541
YMR158W 13 150
YMR158C-A 2 25
YMR158W-B 5 468
YMR159C 8 479
YMR160W 24 671
YMR161W 13 361
YMR162C 58 2192
YMR163C 17 467
YMR164C 25 1067
YMR165C 55 1114
YMR166C 10 362
YMR167W 20 373
YMR168C 15 261
YMR169C 28 374
YMR170C 18 867
YMR171C 15 324
YMR172W 13 254
YMR172C-A 2 346
YMR173W 8 165
YMR173W-A 8 166
YMR174C 5 24
YMR175W 6 52
YMR175W-A 16 192
YMR176W 67 1551
YMR177W 19 477
YMR178W 14 193
YMR179W 20 365
YMR180C 40 1523
YMR181C 9 204
YMR182C 4 61
YMR182W-A 2 30
YMR183C 11 279
YMR184W 16 238
YMR185W 28 454
YMR186W 26 422
YMR187C 20 12063
YMR188C 11 608
YMR189W 32 1023
YMR190C 36 1237
YMR191W 17 423
YMR192W 13 237
YMR193W 3 38
YMR193C-A 5 81
YMR194W 8 128
YMR194C-B 15 436
YMR194C-A 26 6568
YMR195W 11 679
YMR196W 44 1649
YMR197C 8 71
YMR198W 29 837
YMR199W 18 224
YMR200W 16 457
YMR201C 25 1258
YMR202W 22 261
YMR203W 7 116
YMR204C 1 27
YMR205C 39 399
YMR206W 29 1028
YMR207C 56 1140
YMR208W 21 609
YMR209C 15 1479
YMR210W 20 614
YMR211W 11 319
YMR212C 24 1138
YMR213W 17 666
YMR214W 19 260
YMR215W 19 420
YMR216C 26 925
YMR217W 19 661
YMR218C 18 245
YMR219W 53 2068
YMR220W 19 302
YMR221C 24 681
YMR222C 5 65
YMR223W 14 241
YMR224C 35 532
YMR225C 12 241
YMR226C 16 525
YMR227C 16 283
YMR228W 12 379
YMR229C 28 529
YMR230W 9 575
YMR230W-A 11 293
YMR231W 37 1083
YMR232W 26 685
YMR233W 14 749
YMR234W 11 168
YMR235C 13 520
YMR236W 7 180
YMR237W 25 876
YMR238W 18 420
YMR239C 11 341
YMR240C 21 1350
YMR241W 20 482
YMR242C 11 235
YMR242W-A 0 0
YMR243C 25 6149
YMR244W 26 793
YMR244C-A 7 27
YMR245W 38 1452
YMR246W 80 6380
YMR247C 25 16305
YMR247W-A 1 3
YMR250W 28 540
YMR251W 59 1630
YMR251W-A 0 0
YMR252C 15 944
YMR253C 18 969
YMR254C 10 44
YMR255W 0 0
YMR256C 4 354
YMR257C 21 328
YMR258C 18 395
YMR259C 16 597
YMR260C 2 9
YMR261C 33 487
YMR262W 14 195
YMR263W 6 27
YMR264W 7 312
YMR265C 24 574
YMR266W 30 667
YMR267W 12 383
YMR268C 3 6
YMR269W 4 27
YMR270C 9 56
YMR271C 14 167
YMR272C 14 159
YMR272W-A 2 30
YMR272W-B 3 20
YMR273C 34 511
YMR274C 4 15
YMR275C 21 718
YMR276W 22 440
YMR277W 19 313
YMR278W 22 437
YMR279C 19 582
YMR280C 64 2348
YMR281W 9 401
YMR282C 13 165
YMR283C 22 616
YMR284W 18 466
YMR285C 23 1857
YMR286W 0 0
YMR287C 26 514
YMR288W 29 365
YMR289W 24 771
YMR290C 6 172
YMR290W-A 4 9
YMR291W 32 686
YMR292W 9 319
YMR293C 24 512
YMR294W 12 158
YMR294W-A 1 8
YMR295C 8 121
YMR296C 34 2174
YMR297W 32 880
YMR298W 5 177
YMR299C 5 345
YMR300C 18 728
YMR301C 26 912
YMR302C 18 305
YMR303C 14 926
YMR304W 40 906
YMR304C-A 12 293
YMR305C 10 182
YMR306W 62 7751
YMR306C-A 10 1281
YMR307W 20 605
YMR307C-A 0 0
YMR308C 26 795
YMR309C 23 881
YMR310C 9 113
YMR311C 6 102
YMR312W 0 0
YMR313C 17 882
YMR314W 13 228
YMR315W 22 742
YMR315W-A 4 133
YMR316W 16 371
YMR316C-A 7 109
YMR316C-B 0 0
YMR317W 15 960
YMR318C 29 789
YMR319C 42 2894
YMR320W 8 266
YMR321C 1 8
YMR322C 0 0
YMR323W 5 77
YMR324C 8 169
YMR325W 0 0
YMR326C 8 132
YNL339C 0 0
YNL339W-B 0 0
YNL339W-A 0 0
YNL338W 5 20
YNL337W 3 19
YNL336W 4 75
YNL335W 1 4
YNL334C 1 118
YNL333W 2 16
YNL332W 2 18
YNL331C 14 200
YNL330C 27 971
YNL329C 34 465
YNL328C 6 315
YNL327W 13 210
YNL326C 21 536
YNL325C 32 978
YNL324W 4 128
YNL323W 16 1011
YNL322C 8 186
YNL321W 31 2124
YNL320W 16 323
YNL319W 6 39
YNL318C 21 401
YNL317W 19 768
YNL316C 16 1050
YNL315C 4 37
YNL314W 28 842
YNL313C 19 398
YNL312W 6 100
YNL311C 39 1079
YNL310C 12 224
YNL309W 29 1137
YNL308C 5 81
YNL307C 14 148
YNL306W 4 22
YNL305C 9 103
YNL304W 20 672
YNL303W 13 676
YNL302C 0 0
YNL301C 20 283
YNL300W 7 98
YNL299W 22 398
YNL298W 19 275
YNL297C 23 630
YNL296W 0 0
YNL295W 20 368
YNL294C 20 425
YNL293W 42 749
YNL292W 12 184
YNL291C 15 352
YNL290W 22 603
YNL289W 21 229
YNL288W 20 513
YNL287W 20 1235
YNL286W 20 537
YNL285W 22 4281
YNL284C 9 137
YNL283C 16 571
YNL282W 18 489
YNL281W 7 83
YNL280C 21 618
YNL279W 36 2756
YNL278W 62 2103
YNL277W-A 18 1508
YNL277W 35 10591
YNL276C 8 53
YNL275W 16 5074
YNL274C 12 92
YNL273W 21 1964
YNL272C 9 206
YNL271C 26 236
YNL270C 29 648
YNL269W 26 1015
YNL268W 30 1038
YNL267W 24 295
YNL266W 2 5
YNL265C 17 288
YNL264C 14 219
YNL263C 13 211
YNL262W 63 1934
YNL261W 16 298
YNL260C 3 33
YNL259C 8 274
YNL258C 20 213
YNL257C 44 1221
YNL256W 20 993
YNL255C 4 61
YNL254C 13 461
YNL253W 23 35129
YNL252C 8 263
YNL251C 41 1055
YNL250W 19 580
YNL249C 26 473
YNL248C 4 20
YNL247W 15 205
YNL246W 16 144
YNL245C 8 101
YNL244C 11 274
YNL243W 64 1481
YNL242W 55 7497
YNL241C 34 1071
YNL240C 55 2340
YNL239W 25 449
YNL238W 25 361
YNL237W 20 366
YNL236W 28 581
YNL235C 10 721
YNL234W 24 1117
YNL233W 28 520
YNL232W 16 266
YNL231C 31 1896
YNL230C 49 2284
YNL229C 9 76
YNL228W 18 383
YNL227C 20 406
YNL226W 9 397
YNL225C 17 341
YNL224C 31 1827
YNL223W 15 321
YNL222W 9 270
YNL221C 25 512
YNL220W 14 117
YNL219C 13 177
YNL218W 25 785
YNL217W 26 864
YNL216W 39 817
YNL215W 3 74
YNL214W 6 216
YNL213C 7 206
YNL212W 24 591
YNL211C 5 160
YNL210W 6 43
YNL209W 15 1243
YNL208W 22 498
YNL207W 5 23
YNL206C 19 255
YNL205C 6 100
YNL204C 8 53
YNL203C 7 101
YNL202W 16 743
YNL201C 20 407
YNL200C 10 114
YNL199C 10 218
YNL198C 2 492
YNL197C 9 76
YNL196C 29 1270
YNL195C 19 713
YNL194C 16 280
YNL193W 18 279
YNL192W 41 625
YNL191W 33 1412
YNL190W 7 2597
YNL189W 4 131
YNL188W 16 245
YNL187W 21 509
YNL186W 27 259
YNL185C 4 60
YNL184C 2 2
YNL183C 30 1012
YNL182C 11 121
YNL181W 9 99
YNL180C 9 289
YNL179C 11 1053
YNL178W 2 5
YNL177C 4 8
YNL176C 23 583
YNL175C 17 193
YNL174W 2 8
YNL173C 19 530
YNL172W 43 749
YNL171C 3 45
YNL170W 3 15
YNL169C 12 237
YNL168C 16 827
YNL167C 15 121
YNL166C 16 246
YNL165W 15 1031
YNL164C 15 540
YNL163C 37 664
YNL162W-A 3 26
YNL162W 3 14
YNL161W 17 215
YNL160W 16 403
YNL159C 3 26
YNL158W 19 290
YNL157W 8 106
YNL156C 11 189
YNL155W 8 554
YNL154C 30 2624
YNL153C 11 1893
YNL152W 6 73
YNL151C 12 176
YNL150W 7 153
YNL149C 7 98
YNL148C 59 92227
YNL147W 6 219
YNL146C-A 12 495
YNL146W 10 172
YNL145W 2 50
YNL144C 49 1142
YNL144W-A 2 19
YNL143C 11 147
YNL142W 39 1255
YNL141W 14 469
YNL140C 5 27
YNL139C 28 712
YNL138W-A 6 173
YNL138W 17 618
YNL137C 14 292
YNL136W 20 390
YNL135C 2 57
YNL134C 28 508
YNL133C 9 143
YNL132W 15 216
YNL131W 1 4
YNL130C 14 317
YNL130C-A 6 49
YNL129W 11 204
YNL128W 20 845
YNL127W 23 404
YNL126W 24 418
YNL125C 24 1195
YNL124W 15 594
YNL123W 25 433
YNL122C 5 142
YNL121C 7 224
YNL120C 3 38
YNL119W 19 400
YNL118C 18 582
YNL117W 35 1705
YNL116W 28 526
YNL115C 29 748
YNL114C 3 242
YNL113W 2 57
YNL112W 37 658
YNL111C 2 5
YNL110C 5 65
YNL109W 4 122
YNL108C 8 1757
YNL107W 9 115
YNL106C 47 1390
YNL105W 3 22
YNL104C 45 1769
YNL103W-A 2 54
YNL103W 21 253
YNL102W 46 1014
YNL101W 27 700
YNL100W 16 468
YNL099C 15 382
YNL098C 7 84
YNL097C-B 6 35
YNL097C 19 507
YNL097W-A 5 60
YNL096C 19 1071
YNL095C 20 378
YNL094W 16 324
YNL093W 7 172
YNL092W 26 1699
YNL091W 32 905
YNL090W 2 6
YNL089C 2 6
YNL088W 21 757
YNL087W 51 4193
YNL086W 4 76
YNL085W 37 814
YNL084C 7 135
YNL083W 24 1600
YNL082W 16 690
YNL081C 2 21
YNL080C 23 658
YNL079C 12 340
YNL078W 23 787
YNL077W 22 458
YNL076W 24 491
YNL075W 9 119
YNL074C 20 800
YNL073W 29 438
YNL072W 28 2442
YNL071W 18 146
YNL070W 3 5
YNL069C 8 234
YNL068C 25 831
YNL067W-A 5 58
YNL067W-B 8 173
YNL067W 17 233
YNL066W 40 3037
YNL065W 29 647
YNL064C 22 222
YNL063W 13 529
YNL062C 21 720
YNL061W 24 1017
YNL059C 16 181
YNL058C 4 31
YNL057W 2 8
YNL056W 11 403
YNL055C 23 456
YNL054W 22 481
YNL053W 49 2010
YNL052W 9 112
YNL051W 16 309
YNL050C 9 231
YNL049C 20 427
YNL048W 18 378
YNL047C 19 222
YNL046W 12 1277
YNL045W 23 547
YNL044W 8 43
YNL043C 6 67
YNL042W-B 13 273
YNL042W 16 185
YNL041C 18 461
YNL040W 21 517
YNL039W 12 289
YNL038W 13 849
YNL037C 30 299
YNL036W 21 317
YNL035C 16 264
YNL034W 9 107
YNL033W 0 0
YNL032W 11 222
YNL031C 9 328
YNL030W 6 188
YNL029C 16 418
YNL028W 19 1189
YNL027W 13 299
YNL026W 12 93
YNL025C 15 362
YNL024C-A 5 42
YNL024C 31 956
YNL023C 34 746
YNL022C 19 368
YNL021W 15 276
YNL020C 29 596
YNL019C 1 1
YNL018C 15 273
YNL017C 19 3166
YNL016W 20 251
YNL015W 0 0
YNL014W 20 369
YNL013C 0 0
YNL012W 35 1262
YNL011C 10 79
YNL010W 22 459
YNL009W 24 1218
YNL008C 35 2227
YNL007C 9 264
YNL006W 17 873
YNL005C 14 226
YNL004W 73 4126
YNL003C 13 416
YNL002C 8 177
YNL001W 38 1079
YNR001C 59 1973
YNR001W-A 8 132
YNR002C 63 5630
YNR003C 26 736
YNR003W-A 4 67
YNR004W 6 402
YNR005C 8 195
YNR006W 20 545
YNR007C 12 815
YNR008W 34 763
YNR009W 12 450
YNR010W 12 224
YNR011C 39 1122
YNR012W 13 172
YNR013C 47 1855
YNR014W 22 520
YNR015W 48 2792
YNR016C 134 3739
YNR017W 29 355
YNR018W 24 277
YNR019W 36 975
YNR020C 16 335
YNR021W 19 715
YNR022C 3 47
YNR023W 8 210
YNR024W 2 24
YNR025C 1 2
YNR026C 12 300
YNR027W 14 657
YNR028W 21 596
YNR029C 23 633
YNR030W 17 539
YNR031C 80 2414
YNR032W 31 2991
YNR032C-A 3 11
YNR033W 28 1195
YNR034W 20 683
YNR034W-A 7 351
YNR035C 6 155
YNR036C 12 384
YNR037C 7 105
YNR038W 14 616
YNR039C 19 460
YNR040W 14 202
YNR041C 22 542
YNR042W 4 18
YNR043W 11 148
YNR044W 19 440
YNR045W 18 188
YNR046W 9 692
YNR047W 32 1125
YNR048W 14 744
YNR049C 11 124
YNR050C 25 451
YNR051C 12 157
YNR052C 30 1291
YNR053C 20 362
YNR054C 18 267
YNR055C 29 1422
YNR056C 23 329
YNR057C 29 2602
YNR058W 31 859
YNR059W 19 509
YNR060W 28 489
YNR061C 5 37
YNR062C 1 2
YNR063W 20 270
YNR064C 23 12590
YNR065C 20 555
YNR066C 33 745
YNR067C 23 1419
YNR068C 4 9
YNR069C 22 351
YNR070W 41 662
YNR071C 16 464
YNR072W 20 560
YNR073C 14 402
YNR074C 14 183
YNR075W 22 911
YNR075C-A 9 426
YNR076W 0 0
YNR077C 1 4
YOL166W-A 3 7
YOL166C 4 57
YOL165C 7 600
YOL164W-A 0 0
YOL164W 22 903
YOL163W 7 326
YOL162W 5 469
YOL161C 4 77
YOL160W 7 28
YOL159C-A 6 30
YOL159C 11 146
YOL158C 32 2053
YOL157C 28 995
YOL156W 7 89
YOL155W-A 0 0
YOL155C 20 214
YOL154W 6 230
YOL152W 28 1118
YOL151W 6 47
YOL150C 1 3
YOL149W 4 26
YOL148C 17 169
YOL147C 13 366
YOL146W 7 76
YOL145C 17 548
YOL144W 8 53
YOL143C 8 521
YOL142W 13 431
YOL141W 42 992
YOL140W 22 316
YOL139C 4 44
YOL138C 37 681
YOL137W 30 722
YOL136C 11 191
YOL135C 10 159
YOL134C 7 184
YOL133W 2 20
YOL132W 18 1831
YOL131W 8 180
YOL130W 27 339
YOL129W 10 369
YOL128C 21 578
YOL127W 0 0
YOL126C 32 707
YOL125W 25 628
YOL124C 23 444
YOL123W 30 502
YOL122C 25 1826
YOL121C 7 32
YOL120C 11 270
YOL119C 27 248
YOL118C 19 926
YOL117W 29 1587
YOL116W 20 960
YOL115W 31 948
YOL114C 10 137
YOL113W 22 299
YOL112W 30 914
YOL111C 17 238
YOL110W 57 13068
YOL109W 1 4
YOL108C 7 108
YOL107W 10 177
YOL106W 7 213
YOL105C 8 103
YOL104C 7 208
YOL103W 15 3649
YOL102C 10 54
YOL101C 3 12
YOL100W 16 266
YOL099C 2 28
YOL098C 39 566
YOL097W-A 8 157
YOL097C 20 585
YOL096C 18 273
YOL095C 22 473
YOL094C 13 527
YOL093W 3 61
YOL092W 14 219
YOL091W 5 190
YOL090W 22 355
YOL089C 20 399
YOL088C 7 86
YOL087C 24 545
YOL086W-A 12 592
YOL086C 22 793
YOL085W-A 9 968
YOL085C 19 1183
YOL084W 54 4759
YOL083W 11 323
YOL083C-A 0 0
YOL082W 13 247
YOL081W 73 1933
YOL080C 3 7
YOL079W 1 2
YOL078W 36 1010
YOL077W-A 4 190
YOL077C 11 316
YOL076W 5 44
YOL075C 40 771
YOL073C 9 216
YOL072W 12 220
YOL071W 2 11
YOL070C 20 650
YOL069W 16 464
YOL068C 29 680
YOL067C 4 269
YOL066C 22 428
YOL065C 15 387
YOL064C 7 97
YOL063C 22 701
YOL062C 8 352
YOL061W 34 952
YOL060C 38 1490
YOL059W 34 620
YOL058W 36 1588
YOL057W 24 414
YOL056W 11 430
YOL055C 25 1015
YOL054W 18 448
YOL053W 28 982
YOL052C-A 1 3
YOL052C 29 638
YOL051W 29 2106
YOL050C 3 1169
YOL049W 17 225
YOL048C 7 189
YOL047C 8 63
YOL046C 6 310
YOL045W 20 521
YOL044W 11 184
YOL043C 10 2321
YOL042W 13 284
YOL041C 13 630
YOL040C 0 0
YOL039W 3 40
YOL038C-A 1 4
YOL038W 10 288
YOL037C 5 83
YOL036W 30 468
YOL035C 5 204
YOL034W 42 1598
YOL033W 9 378
YOL032W 6 126
YOL031C 24 336
YOL030W 19 1365
YOL029C 13 225
YOL028C 12 509
YOL027C 19 240
YOL026C 19 427
YOL025W 17 616
YOL024W 7 185
YOL023W 18 518
YOL022C 13 147
YOL021C 38 1398
YOL020W 32 640
YOL019W-A 11 181
YOL019W 24 746
YOL018C 11 844
YOL017W 33 754
YOL016C 18 278
YOL015W 19 422
YOL014W 4 2113
YOL013W-B 0 0
YOL013W-A 10 446
YOL013C 16 232
YOL012C 5 98
YOL011W 39 528
YOL010W 10 155
YOL009C 11 371
YOL008W 6 264
YOL007C 29 6920
YOL006C 23 708
YOL005C 5 868
YOL004W 43 817
YOL003C 38 1215
YOL002C 42 33920
YOL001W 36 724
YOR001W 51 1718
YOR002W 48 1687
YOR003W 44 1067
YOR004W 16 652
YOR005C 45 1295
YOR006C 10 187
YOR007C 15 235
YOR008C 1 124
YOR008C-A 4 59
YOR008W-B 2 4
YOR009W 6 111
YOR010C 5 22
YOR011W 37 819
YOR011W-A 5 60
YOR012W 6 101
YOR013W 10 130
YOR014W 24 515
YOR015W 1 13
YOR016C 14 505
YOR017W 22 506
YOR018W 44 1274
YOR019W 26 1230
YOR020C 6 51
YOR020W-A 1 9
YOR021C 3 109
YOR022C 15 433
YOR023C 23 860
YOR024W 31 1781
YOR025W 18 269
YOR026W 34 769
YOR027W 28 846
YOR028C 16 351
YOR029W 15 1497
YOR030W 20 361
YOR031W 7 55
YOR032C 12 245
YOR032W-A 18 515
YOR033C 27 1175
YOR034C 31 544
YOR034C-A 7 49
YOR035C 21 454
YOR036W 7 66
YOR037W 23 574
YOR038C 28 430
YOR039W 6 137
YOR040W 23 726
YOR041C 11 159
YOR042W 26 639
YOR043W 8 386
YOR044W 14 489
YOR045W 2 18
YOR046C 19 229
YOR047C 1 11
YOR048C 11 173
YOR049C 15 971
YOR050C 14 491
YOR051C 10 88
YOR052C 4 69
YOR053W 4 19
YOR054C 35 905
YOR055W 11 283
YOR056C 19 332
YOR057W 14 172
YOR058C 29 721
YOR059C 23 1242
YOR060C 20 572
YOR061W 12 400
YOR062C 11 4557
YOR063W 9 243
YOR064C 13 324
YOR065W 13 320
YOR066W 25 498
YOR067C 21 354
YOR069W 27 693
YOR068C 2 2
YOR070C 10 891
YOR071C 23 435
YOR072W 16 588
YOR072W-A 11 145
YOR072W-B 1 3
YOR073W 11 1114
YOR074C 20 525
YOR073W-A 3 72
YOR075W 2 21
YOR076C 34 1782
YOR077W 15 363
YOR078W 9 159
YOR079C 24 377
YOR080W 20 245
YOR081C 25 521
YOR082C 13 244
YOR083W 41 3107
YOR084W 36 1281
YOR085W 21 1001
YOR086C 31 1329
YOR087W 33 356
YOR089C 4 170
YOR090C 36 955
YOR091W 35 3825
YOR092W 19 480
YOR093C 44 1264
YOR094W 3 89
YOR095C 8 146
YOR096W 6 409
YOR097C 8 273
YOR098C 28 527
YOR099W 30 798
YOR100C 10 181
YOR101W 8 319
YOR102W 0 0
YOR103C 0 0
YOR104W 7 257
YOR105W 1 13
YOR106W 15 112
YOR107W 19 692
YOR108W 30 452
YOR108C-A 1 2
YOR109W 25 353
YOR110W 19 2156
YOR111W 8 81
YOR112W 8 95
YOR113W 19 415
YOR114W 16 1346
YOR115C 7 74
YOR116C 18 314
YOR117W 13 153
YOR118W 12 350
YOR119C 14 492
YOR120W 28 758
YOR121C 10 170
YOR122C 12 103
YOR123C 18 527
YOR124C 40 883
YOR125C 7 281
YOR126C 13 674
YOR127W 28 326
YOR128C 16 334
YOR129C 15 209
YOR130C 14 13994
YOR131C 13 95
YOR132W 15 164
YOR133W 2 21
YOR134W 39 8125
YOR135C 4 98
YOR136W 14 652
YOR137C 22 417
YOR138C 65 2557
YOR139C 4 99
YOR140W 35 569
YOR141C 29 481
YOR142W 22 630
YOR143C 12 208
YOR144C 31 1502
YOR145C 7 265
YOR146W 4 75
YOR147W 13 205
YOR148C 13 189
YOR149C 21 485
YOR150W 8 92
YOR151C 49 903
YOR152C 2 19
YOR153W 84 2227
YOR154W 11 104
YOR155C 11 538
YOR156C 11 274
YOR157C 13 242
YOR158W 10 70
YOR159C 5 60
YOR160W 25 703
YOR161C 36 733
YOR161W-A 0 0
YOR161W-B 4 124
YOR161C-C 12 760
YOR162C 57 747
YOR163W 5 37
YOR164C 15 1372
YOR165W 35 875
YOR166C 19 752
YOR167C 1 13
YOR168W 19 675
YOR169C 4 81
YOR170W 3 39
YOR171C 14 209
YOR172W 26 243
YOR173W 18 409
YOR174W 8 542
YOR175C 24 527
YOR176W 27 504
YOR177C 13 194
YOR178C 26 497
YOR179C 20 382
YOR180C 3 56
YOR181W 16 309
YOR182C 5 61
YOR183W 26 1222
YOR184W 10 90
YOR185C 11 621
YOR186W 26 750
YOR186C-A 16 603
YOR187W 21 441
YOR188W 34 685
YOR189W 5 69
YOR190W 21 617
YOR191W 46 1059
YOR192C 18 227
YOR192C-C 0 0
YOR193W 9 76
YOR194C 5 25
YOR195W 16 527
YOR196C 18 661
YOR197W 17 255
YOR198C 16 252
YOR199W 16 224
YOR200W 3 22
YOR201C 9 498
YOR202W 19 484
YOR203W 21 1522
YOR204W 25 338
YOR205C 41 1280
YOR206W 14 412
YOR207C 31 912
YOR208W 10 129
YOR209C 15 232
YOR210W 3 19
YOR211C 36 765
YOR212W 17 598
YOR213C 14 360
YOR214C 8 107
YOR215C 8 90
YOR216C 30 952
YOR217W 31 420
YOR218C 4 38
YOR219C 31 1124
YOR220W 7 27
YOR221C 21 308
YOR222W 44 12392
YOR223W 21 406
YOR224C 4 107
YOR225W 7 163
YOR226C 8 32
YOR227W 52 4482
YOR228C 17 336
YOR229W 50 1591
YOR230W 24 483
YOR231W 21 402
YOR231C-A 2 25
YOR232W 7 77
YOR233W 29 618
YOR234C 15 151
YOR235W 10 193
YOR236W 16 332
YOR237W 8 319
YOR238W 20 703
YOR239W 20 352
YOR241W 20 653
YOR242C 22 302
YOR243C 20 403
YOR244W 15 173
YOR245C 10 34
YOR246C 11 99
YOR247W 6 47
YOR248W 4 12
YOR249C 15 83
YOR250C 19 448
YOR251C 16 661
YOR252W 9 154
YOR253W 5 219
YOR254C 25 380
YOR255W 8 156
YOR256C 17 395
YOR257W 0 0
YOR258W 5 54
YOR259C 13 508
YOR260W 23 696
YOR261C 10 59
YOR262W 9 80
YOR263C 4 13
YOR264W 11 209
YOR265W 3 42
YOR266W 12 330
YOR267C 44 1646
YOR268C 39 2104
YOR269W 26 660
YOR270C 41 1362
YOR271C 21 697
YOR272W 10 114
YOR273C 35 1422
YOR274W 36 2519
YOR275C 25 617
YOR276W 12 420
YOR277C 9 406
YOR278W 9 340
YOR279C 12 301
YOR280C 13 354
YOR281C 6 72
YOR282W 8 865
YOR283W 7 202
YOR284W 10 139
YOR285W 11 295
YOR286W 8 207
YOR287C 8 136
YOR288C 11 6355
YOR289W 24 699
YOR290C 28 312
YOR291W 48 1051
YOR292C 18 329
YOR293W 10 127
YOR293C-A 4 91
YOR294W 3 76
YOR295W 9 1578
YOR296W 36 522
YOR297C 8 165
YOR298W 38 3049
YOR298C-A 10 393
YOR299W 40 1271
YOR300W 10 2117
YOR301W 62 19716
YOR302W 4 19
YOR303W 31 832
YOR304W 39 2206
YOR304C-A 2 108
YOR305W 4 50
YOR306C 16 373
YOR307C 27 29502
YOR308C 13 185
YOR309C 0 0
YOR310C 11 210
YOR311C 11 126
YOR312C 3 16
YOR313C 12 120
YOR314W 6 171
YOR314W-A 9 133
YOR315W 11 186
YOR316C 47 1850
YOR316C-A 23 14735
YOR317W 34 1044
YOR318C 56 7313
YOR319W 2 138
YOR320C 19 554
YOR321W 32 564
YOR322C 39 1266
YOR323C 9 225
YOR324C 20 489
YOR325W 8 211
YOR326W 44 963
YOR327C 9 315
YOR328W 59 4910
YOR329C 21 336
YOR329W-A 4 168
YOR330C 27 314
YOR331C 5 69
YOR332W 3 14
YOR333C 9 241
YOR334W 12 289
YOR335C 41 1415
YOR335W-A 0 0
YOR336W 36 974
YOR337W 39 1948
YOR338W 36 617
YOR339C 3 21
YOR340C 9 135
YOR341W 21 221
YOR342C 12 1045
YOR343C 36 2431
YOR344C 18 545
YOR345C 0 0
YOR346W 39 1212
YOR347C 17 393
YOR348C 207 28322
YOR349W 69 1605
YOR350C 27 853
YOR351C 23 1655
YOR352W 13 393
YOR353C 27 531
YOR354C 25 1011
YOR355W 17 330
YOR356W 33 861
YOR357C 9 3581
YOR358W 20 751
YOR359W 10 89
YOR360C 17 13090
YOR361C 33 1669
YOR362C 9 202
YOR363C 35 1166
YOR364W 24 725
YOR365C 32 609
YOR366W 3 26
YOR367W 4 21
YOR368W 22 819
YOR369C 18 214
YOR370C 22 559
YOR371C 54 5238
YOR372C 17 233
YOR373W 38 707
YOR374W 28 1472
YOR375C 32 4642
YOR376W 19 1067
YOR376W-A 1 1
YOR377W 28 1375
YOR378W 24 1238
YOR379C 16 1148
YOR380W 31 553
YOR381W 21 377
YOR381W-A 1 7
YOR382W 3 6
YOR383C 5 50
YOR384W 19 368
YOR385W 14 472
YOR386W 15 411
YOR387C 3 25
YOR388C 3 19
YOR389W 23 617
YOR390W 5 24
YOR391C 8 208
YOR392W 4 30
YOR393W 0 0
YOR394W 0 0
YOR394C-A 0 0
YOR396W 0 0
YOR396C-A 0 0
YPL283C 0 0
YPL283W-B 0 0
YPL283W-A 0 0
YPL282C 0 0
YPL281C 0 0
YPL280W 0 0
YPL279C 1 18
YPL278C 0 0
YPL277C 24 880
YPL274W 34 2690
YPL273W 7 96
YPL272C 5 6
YPL271W 4 206
YPL270W 28 666
YPL269W 30 505
YPL268W 21 500
YPL267W 9 45
YPL266W 16 441
YPL265W 48 1166
YPL264C 12 558
YPL263C 29 730
YPL262W 24 493
YPL261C 12 708
YPL260W 10 85
YPL259C 16 470
YPL258C 34 1046
YPL257W 9 42
YPL256C 22 587
YPL255W 16 780
YPL254W 13 298
YPL253C 19 1003
YPL252C 4 83
YPL251W 3 57
YPL250C 15 1053
YPL249C-A 7 66
YPL250W-A 7 66
YPL249C 29 802
YPL248C 26 773
YPL247C 40 1272
YPL246C 14 156
YPL245W 21 630
YPL244C 33 955
YPL243W 8 307
YPL242C 46 1633
YPL241C 5 96
YPL240C 24 435
YPL239W 6 110
YPL238C 3 32
YPL237W 5 105
YPL236C 14 261
YPL235W 12 358
YPL234C 3 148
YPL233W 15 874
YPL232W 18 658
YPL231W 94 2301
YPL230W 26 365
YPL229W 11 147
YPL228W 13 191
YPL227C 11 175
YPL226W 27 437
YPL225W 0 0
YPL224C 37 1724
YPL223C 10 270
YPL222W 42 1010
YPL222C-A 3 32
YPL221W 55 1774
YPL220W 0 0
YPL219W 32 653
YPL218W 13 120
YPL217C 37 733
YPL216W 32 793
YPL215W 12 191
YPL214C 21 491
YPL213W 12 158
YPL212C 30 544
YPL211W 4 116
YPL210C 25 1143
YPL209C 6 26
YPL208W 28 952
YPL207W 39 906
YPL206C 20 591
YPL205C 12 265
YPL204W 20 275
YPL203W 19 789
YPL202C 24 170
YPL201C 18 268
YPL200W 4 32
YPL199C 11 201
YPL198W 27 1373
YPL197C 1 16
YPL196W 11 398
YPL195W 22 424
YPL194W 18 158
YPL193W 11 283
YPL192C 0 0
YPL191C 11 204
YPL190C 21 374
YPL189C-A 1 7
YPL189W 30 368
YPL188W 19 766
YPL187W 1 2
YPL186C 38 1706
YPL185W 30 3678
YPL184C 24 548
YPL183W-A 4 40
YPL183C 33 390
YPL182C 9 287
YPL181W 13 338
YPL180W 20 347
YPL179W 28 1004
YPL178W 12 147
YPL177C 18 495
YPL176C 33 806
YPL175W 20 355
YPL174C 18 507
YPL173W 7 70
YPL172C 5 46
YPL171C 32 8156
YPL170W 25 812
YPL169C 10 112
YPL168W 17 1498
YPL167C 31 14820
YPL166W 11 81
YPL165C 4 20
YPL164C 33 694
YPL163C 9 318
YPL162C 16 269
YPL161C 20 361
YPL160W 27 674
YPL159C 7 72
YPL158C 32 401
YPL157W 24 568
YPL156C 22 1205
YPL155C 51 1423
YPL154C 13 301
YPL153C 37 847
YPL152W-A 0 0
YPL152W 12 308
YPL151C 34 740
YPL150W 16 262
YPL149W 3 13
YPL148C 3 59
YPL147W 18 600
YPL146C 2 49
YPL145C 2 21
YPL144W 23 2310
YPL143W 7 289
YPL142C 1 30
YPL141C 42 722
YPL140C 15 318
YPL139C 11 266
YPL138C 11 101
YPL137C 63 1434
YPL136W 3 75
YPL135W 17 386
YPL135C-A 5 141
YPL134C 27 687
YPL133C 41 2474
YPL132W 10 201
YPL131W 9 243
YPL130W 6 56
YPL129W 1 5
YPL128C 11 202
YPL127C 15 493
YPL126W 13 303
YPL125W 31 703
YPL124W 10 174
YPL123C 9 261
YPL122C 8 111
YPL121C 4 76
YPL120W 14 130
YPL119C-A 5 122
YPL119C 33 1969
YPL118W 9 153
YPL117C 7 139
YPL116W 24 371
YPL115C 24 540
YPL114W 5 53
YPL113C 13 82
YPL112C 8 182
YPL111W 69 7768
YPL110C 39 58290
YPL109C 42 4819
YPL108W 13 258
YPL107W 14 385
YPL106C 20 901
YPL105C 35 2858
YPL104W 16 490
YPL103C 23 4938
YPL102C 7 280
YPL101W 21 549
YPL100W 10 109
YPL099C 3 29
YPL098C 4 563
YPL097W 14 547
YPL096C-A 6 212
YPL096W 22 510
YPL095C 21 4582
YPL094C 21 578
YPL093W 19 544
YPL092W 31 2652
YPL091W 20 281
YPL090C 2 6
YPL089C 16 298
YPL088W 24 1001
YPL087W 11 313
YPL086C 20 556
YPL085W 49 867
YPL084W 13 286
YPL083C 16 440
YPL082C 42 860
YPL081W 22 1124
YPL080C 15 369
YPL079W 4 73
YPL078C 8 63
YPL077C 12 289
YPL076W 11 225
YPL075W 32 603
YPL074W 26 1371
YPL073C 5 119
YPL072W 12 276
YPL071C 9 85
YPL070W 17 721
YPL069C 17 513
YPL068C 12 173
YPL067C 34 21037
YPL066W 31 1143
YPL065W 11 128
YPL064C 13 152
YPL063W 14 320
YPL062W 35 3507
YPL061W 38 2509
YPL060W 21 509
YPL059W 4 109
YPL058C 55 2095
YPL057C 15 338
YPL056C 20 2509
YPL055C 29 756
YPL054W 9 150
YPL053C 27 1503
YPL052W 9 57
YPL051W 8 142
YPL050C 10 201
YPL049C 14 372
YPL048W 20 243
YPL047W 7 81
YPL046C 2 19
YPL045W 15 1405
YPL044C 10 321
YPL043W 22 506
YPL042C 20 331
YPL041C 8 169
YPL040C 22 400
YPL039W 16 238
YPL038W-A 1 11
YPL038W 12 554
YPL037C 3 23
YPL036W 40 1138
YPL035C 2 5
YPL034W 7 96
YPL033C 9 223
YPL032C 21 457
YPL031C 24 682
YPL030W 21 946
YPL029W 25 528
YPL028W 15 670
YPL027W 10 3559
YPL026C 17 294
YPL025C 13 962
YPL024W 19 296
YPL023C 11 190
YPL022W 22 879
YPL021W 12 193
YPL020C 13 180
YPL019C 35 1408
YPL018W 23 418
YPL017C 37 23715
YPL016W 29 824
YPL015C 45 1461
YPL014W 18 221
YPL013C 8 90
YPL012W 30 550
YPL011C 12 369
YPL010W 3 43
YPL009C 22 377
YPL008W 16 154
YPL007C 10 102
YPL006W 55 1103
YPL005W 19 191
YPL004C 29 420
YPL003W 47 1424
YPL002C 24 1205
YPL001W 28 446
YPR001W 87 3778
YPR002W 68 2632
YPR002C-A 3 92
YPR003C 31 1116
YPR004C 13 98
YPR005C 10 112
YPR006C 35 562
YPR007C 18 253
YPR008W 38 973
YPR009W 7 105
YPR010C 17 269
YPR010C-A 5 714
YPR011C 28 2061
YPR012W 4 76
YPR013C 17 370
YPR014C 9 201
YPR015C 16 360
YPR016C 6 12
YPR016W-A 10 140
YPR017C 3 18
YPR018W 10 551
YPR019W 33 641
YPR020W 4 11
YPR021C 24 339
YPR022C 52 843
YPR023C 27 697
YPR024W 18 142
YPR025C 5 140
YPR026W 52 3418
YPR027C 3 71
YPR028W 4 53
YPR029C 16 674
YPR030W 33 2229
YPR031W 25 2261
YPR032W 13 146
YPR033C 21 630
YPR034W 21 501
YPR035W 28 719
YPR036W 50 1590
YPR036W-A 7 98
YPR037C 21 892
YPR038W 16 271
YPR039W 21 1415
YPR040W 28 461
YPR041W 17 385
YPR042C 21 460
YPR043W 2 21
YPR044C 1 3
YPR045C 15 193
YPR046W 10 106
YPR047W 20 601
YPR048W 13 260
YPR049C 36 800
YPR050C 10 234
YPR051W 15 481
YPR052C 2 633
YPR053C 9 535
YPR054W 26 662
YPR055W 18 225
YPR056W 18 429
YPR057W 8 100
YPR058W 7 51
YPR059C 3 33
YPR060C 9 229
YPR061C 16 230
YPR062W 16 500
YPR063C 5 17
YPR064W 32 778
YPR065W 7 90
YPR066W 15 415
YPR067W 11 315
YPR068C 30 810
YPR069C 3 45
YPR070W 16 173
YPR071W 8 84
YPR072W 16 718
YPR073C 6 321
YPR074C 44 1327
YPR074W-A 10 198
YPR075C 10 340
YPR076W 1 2
YPR077C 10 1536
YPR078C 19 1614
YPR079W 21 240
YPR080W 5 235
YPR081C 32 938
YPR082C 9 123
YPR083W 32 695
YPR084W 8 86
YPR085C 4 7
YPR086W 11 165
YPR087W 10 125
YPR088C 12 143
YPR089W 24 774
YPR091C 25 642
YPR092W 17 2441
YPR093C 29 2812
YPR094W 4 73
YPR095C 46 842
YPR096C 5 1117
YPR097W 49 944
YPR098C 7 132
YPR099C 7 287
YPR100W 7 427
YPR101W 7 144
YPR102C 2 20
YPR103W 8 333
YPR104C 16 356
YPR105C 19 773
YPR106W 17 585
YPR107C 12 591
YPR108W 10 213
YPR108W-A 9 1001
YPR109W 24 635
YPR110C 5 46
YPR111W 27 755
YPR112C 14 237
YPR113W 13 510
YPR114W 17 218
YPR115W 29 828
YPR116W 8 297
YPR117W 81 2448
YPR118W 11 365
YPR119W 14 544
YPR120C 17 393
YPR121W 28 1147
YPR122W 78 4343
YPR123C 12 116
YPR124W 34 422
YPR125W 6 154
YPR126C 2 6
YPR127W 15 143
YPR128C 12 1006
YPR129W 6 49
YPR130C 8 1067
YPR131C 14 428
YPR132W 2 11
YPR133C 14 4373
YPR133W-A 0 0
YPR134W 4 1153
YPR135W 31 743
YPR136C 1 10
YPR137W 6 49
YPR138C 24 784
YPR139C 5 98
YPR140W 15 529
YPR141C 16 347
YPR142C 10 129
YPR143W 6 71
YPR144C 15 375
YPR145W 59 3958
YPR145C-A 5 137
YPR146C 13 466
YPR147C 15 446
YPR148C 14 1706
YPR149W 15 277
YPR150W 30 1833
YPR151C 27 1963
YPR152C 37 1122
YPR153W 15 217
YPR154W 4 73
YPR155C 32 1195
YPR156C 20 314
YPR157W 32 685
YPR158W 11 157
YPR159W 33 1027
YPR159C-A 5 17
YPR160W 64 9874
YPR160W-A 2 38
YPR160C-A 12 812
YPR161C 25 505
YPR162C 9 118
YPR163C 13 516
YPR164W 51 1199
YPR165W 4 20
YPR166C 7 439
YPR167C 8 152
YPR168W 8 3077
YPR169W 34 1051
YPR170C 15 807
YPR169W-A 5 39
YPR170W-B 7 47
YPR170W-A 2 8
YPR171W 15 57
YPR172W 5 56
YPR173C 10 1141
YPR174C 7 93
YPR175W 19 195
YPR176C 11 248
YPR177C 6 157
YPR178W 24 1015
YPR179C 22 385
YPR180W 2 2
YPR181C 16 254
YPR182W 3 102
YPR183W 20 556
YPR184W 89 2989
YPR185W 22 652
YPR186C 15 219
YPR187W 4 13
YPR188C 2 7
YPR189W 37 1519
YPR190C 26 787
YPR191W 9 408
YPR192W 27 997
YPR193C 15 1111
YPR194C 32 641
YPR195C 29 2376
YPR196W 24 655
YPR197C 6 103
YPR198W 14 163
YPR199C 15 943
YPR200C 3 34
YPR201W 18 404
YPR202W 0 0
YPR203W 0 0
YPR204W 0 0
YPR204C-A 0 0
